<?xml version="1.0" encoding="UTF-8"?>
<testsuite xmlns:xsi="http://www.w3.org/2001/XMLSchema-instance" xsi:noNamespaceSchemaLocation="https://maven.apache.org/surefire/maven-surefire-plugin/xsd/surefire-test-report-3.0.xsd" version="3.0" name="org.apache.hadoop.fs.ozone.TestOzoneFileSystem" time="278.116" tests="168" errors="0" skipped="0" failures="1">
  <properties>
    <property name="awt.toolkit" value="sun.awt.X11.XToolkit"/>
    <property name="file.encoding.pkg" value="sun.io"/>
    <property name="java.specification.version" value="1.8"/>
    <property name="sun.cpu.isalist" value=""/>
    <property name="sun.jnu.encoding" value="UTF-8"/>
    <property name="java.class.path" value="/home/runner/work/ozone/ozone/hadoop-ozone/integration-test/target/test-classes:/home/runner/work/ozone/ozone/hadoop-ozone/integration-test/target/classes:/home/runner/.m2/repository/org/apache/ozone/ozone-common/1.4.0-SNAPSHOT/ozone-common-1.4.0-SNAPSHOT.jar:/home/runner/.m2/repository/io/grpc/grpc-netty/1.51.1/grpc-netty-1.51.1.jar:/home/runner/.m2/repository/io/grpc/grpc-core/1.51.1/grpc-core-1.51.1.jar:/home/runner/.m2/repository/com/google/android/annotations/4.1.1.4/annotations-4.1.1.4.jar:/home/runner/.m2/repository/org/codehaus/mojo/animal-sniffer-annotations/1.21/animal-sniffer-annotations-1.21.jar:/home/runner/.m2/repository/com/google/errorprone/error_prone_annotations/2.2.0/error_prone_annotations-2.2.0.jar:/home/runner/.m2/repository/io/perfmark/perfmark-api/0.25.0/perfmark-api-0.25.0.jar:/home/runner/.m2/repository/io/netty/netty-codec-http2/4.1.86.Final/netty-codec-http2-4.1.86.Final.jar:/home/runner/.m2/repository/io/netty/netty-common/4.1.86.Final/netty-common-4.1.86.Final.jar:/home/runner/.m2/repository/io/netty/netty-buffer/4.1.86.Final/netty-buffer-4.1.86.Final.jar:/home/runner/.m2/repository/io/netty/netty-codec-http/4.1.86.Final/netty-codec-http-4.1.86.Final.jar:/home/runner/.m2/repository/io/netty/netty-handler-proxy/4.1.86.Final/netty-handler-proxy-4.1.86.Final.jar:/home/runner/.m2/repository/io/netty/netty-codec-socks/4.1.86.Final/netty-codec-socks-4.1.86.Final.jar:/home/runner/.m2/repository/io/netty/netty-tcnative-boringssl-static/2.0.54.Final/netty-tcnative-boringssl-static-2.0.54.Final.jar:/home/runner/.m2/repository/io/netty/netty-tcnative-classes/2.0.54.Final/netty-tcnative-classes-2.0.54.Final.jar:/home/runner/.m2/repository/io/netty/netty-tcnative-boringssl-static/2.0.54.Final/netty-tcnative-boringssl-static-2.0.54.Final-linux-x86_64.jar:/home/runner/.m2/repository/io/netty/netty-tcnative-boringssl-static/2.0.54.Final/netty-tcnative-boringssl-static-2.0.54.Final-linux-aarch_64.jar:/home/runner/.m2/repository/io/netty/netty-tcnative-boringssl-static/2.0.54.Final/netty-tcnative-boringssl-static-2.0.54.Final-osx-x86_64.jar:/home/runner/.m2/repository/io/netty/netty-tcnative-boringssl-static/2.0.54.Final/netty-tcnative-boringssl-static-2.0.54.Final-osx-aarch_64.jar:/home/runner/.m2/repository/io/netty/netty-tcnative-boringssl-static/2.0.54.Final/netty-tcnative-boringssl-static-2.0.54.Final-windows-x86_64.jar:/home/runner/.m2/repository/org/apache/commons/commons-compress/1.21/commons-compress-1.21.jar:/home/runner/.m2/repository/org/apache/ozone/hdds-common/1.4.0-SNAPSHOT/hdds-common-1.4.0-SNAPSHOT.jar:/home/runner/.m2/repository/org/apache/ozone/hdds-client/1.4.0-SNAPSHOT/hdds-client-1.4.0-SNAPSHOT.jar:/home/runner/.m2/repository/org/apache/ozone/ozone-interface-client/1.4.0-SNAPSHOT/ozone-interface-client-1.4.0-SNAPSHOT.jar:/home/runner/.m2/repository/org/apache/ozone/hdds-test-utils/1.4.0-SNAPSHOT/hdds-test-utils-1.4.0-SNAPSHOT.jar:/home/runner/.m2/repository/com/google/guava/guava/31.1-jre/guava-31.1-jre.jar:/home/runner/.m2/repository/com/google/guava/failureaccess/1.0.1/failureaccess-1.0.1.jar:/home/runner/.m2/repository/com/google/guava/listenablefuture/9999.0-empty-to-avoid-conflict-with-guava/listenablefuture-9999.0-empty-to-avoid-conflict-with-guava.jar:/home/runner/.m2/repository/com/google/code/findbugs/jsr305/3.0.0/jsr305-3.0.0.jar:/home/runner/.m2/repository/org/checkerframework/checker-qual/3.12.0/checker-qual-3.12.0.jar:/home/runner/.m2/repository/com/google/j2objc/j2objc-annotations/1.3/j2objc-annotations-1.3.jar:/home/runner/.m2/repository/commons-io/commons-io/2.11.0/commons-io-2.11.0.jar:/home/runner/.m2/repository/commons-logging/commons-logging/1.2/commons-logging-1.2.jar:/home/runner/.m2/repository/ch/qos/reload4j/reload4j/1.2.22/reload4j-1.2.22.jar:/home/runner/.m2/repository/org/slf4j/slf4j-api/1.7.36/slf4j-api-1.7.36.jar:/home/runner/.m2/repository/org/apache/ozone/hdds-server-scm/1.4.0-SNAPSHOT/hdds-server-scm-1.4.0-SNAPSHOT.jar:/home/runner/.m2/repository/org/apache/ozone/hdds-container-service/1.4.0-SNAPSHOT/hdds-container-service-1.4.0-SNAPSHOT.jar:/home/runner/.m2/repository/org/apache/ozone/hdds-hadoop-dependency-server/1.4.0-SNAPSHOT/hdds-hadoop-dependency-server-1.4.0-SNAPSHOT.jar:/home/runner/.m2/repository/org/apache/hadoop/hadoop-hdfs/3.3.4/hadoop-hdfs-3.3.4.jar:/home/runner/.m2/repository/org/eclipse/jetty/jetty-util-ajax/9.4.49.v20220914/jetty-util-ajax-9.4.49.v20220914.jar:/home/runner/.m2/repository/commons-daemon/commons-daemon/1.0.13/commons-daemon-1.0.13.jar:/home/runner/.m2/repository/org/apache/ozone/hdds-server-framework/1.4.0-SNAPSHOT/hdds-server-framework-1.4.0-SNAPSHOT.jar:/home/runner/.m2/repository/org/apache/ozone/hdds-interface-server/1.4.0-SNAPSHOT/hdds-interface-server-1.4.0-SNAPSHOT.jar:/home/runner/.m2/repository/org/apache/commons/commons-configuration2/2.1.1/commons-configuration2-2.1.1.jar:/home/runner/.m2/repository/org/apache/logging/log4j/log4j-core/2.17.1/log4j-core-2.17.1.jar:/home/runner/.m2/repository/com/lmax/disruptor/3.4.2/disruptor-3.4.2.jar:/home/runner/.m2/repository/org/eclipse/jetty/jetty-servlet/9.4.49.v20220914/jetty-servlet-9.4.49.v20220914.jar:/home/runner/.m2/repository/org/eclipse/jetty/jetty-security/9.4.49.v20220914/jetty-security-9.4.49.v20220914.jar:/home/runner/.m2/repository/org/rocksdb/rocksdbjni/7.7.3/rocksdbjni-7.7.3.jar:/home/runner/.m2/repository/io/prometheus/simpleclient_dropwizard/0.7.0/simpleclient_dropwizard-0.7.0.jar:/home/runner/.m2/repository/io/prometheus/simpleclient/0.7.0/simpleclient-0.7.0.jar:/home/runner/.m2/repository/io/prometheus/simpleclient_common/0.7.0/simpleclient_common-0.7.0.jar:/home/runner/.m2/repository/com/github/spotbugs/spotbugs-annotations/3.1.12/spotbugs-annotations-3.1.12.jar:/home/runner/.m2/repository/org/awaitility/awaitility/4.2.0/awaitility-4.2.0.jar:/home/runner/.m2/repository/org/hamcrest/hamcrest/2.1/hamcrest-2.1.jar:/home/runner/.m2/repository/io/dropwizard/metrics/metrics-core/3.2.4/metrics-core-3.2.4.jar:/home/runner/.m2/repository/org/apache/commons/commons-text/1.4/commons-text-1.4.jar:/home/runner/.m2/repository/org/apache/hadoop/hadoop-hdfs-client/3.3.4/hadoop-hdfs-client-3.3.4.jar:/home/runner/.m2/repository/com/squareup/okhttp3/okhttp/4.9.3/okhttp-4.9.3.jar:/home/runner/.m2/repository/com/squareup/okio/okio/2.8.0/okio-2.8.0.jar:/home/runner/.m2/repository/org/jetbrains/kotlin/kotlin-stdlib-common/1.6.21/kotlin-stdlib-common-1.6.21.jar:/home/runner/.m2/repository/org/bouncycastle/bcprov-jdk15on/1.67/bcprov-jdk15on-1.67.jar:/home/runner/.m2/repository/com/google/protobuf/protobuf-java/2.5.0/protobuf-java-2.5.0.jar:/home/runner/.m2/repository/org/apache/ozone/ozone-manager/1.4.0-SNAPSHOT/ozone-manager-1.4.0-SNAPSHOT.jar:/home/runner/.m2/repository/org/aspectj/aspectjrt/1.9.7/aspectjrt-1.9.7.jar:/home/runner/.m2/repository/org/aspectj/aspectjweaver/1.9.7/aspectjweaver-1.9.7.jar:/home/runner/.m2/repository/org/apache/ozone/hdds-interface-client/1.4.0-SNAPSHOT/hdds-interface-client-1.4.0-SNAPSHOT.jar:/home/runner/.m2/repository/org/apache/hadoop/thirdparty/hadoop-shaded-protobuf_3_7/1.1.1/hadoop-shaded-protobuf_3_7-1.1.1.jar:/home/runner/.m2/repository/org/apache/ratis/ratis-thirdparty-misc/1.0.3/ratis-thirdparty-misc-1.0.3.jar:/home/runner/.m2/repository/org/apache/ozone/ozone-interface-storage/1.4.0-SNAPSHOT/ozone-interface-storage-1.4.0-SNAPSHOT.jar:/home/runner/.m2/repository/org/apache/ozone/rocksdb-checkpoint-differ/1.4.0-SNAPSHOT/rocksdb-checkpoint-differ-1.4.0-SNAPSHOT.jar:/home/runner/.m2/repository/org/reflections/reflections/0.9.11/reflections-0.9.11.jar:/home/runner/.m2/repository/com/sun/jersey/jersey-client/1.19/jersey-client-1.19.jar:/home/runner/.m2/repository/org/apache/ranger/ranger-intg/2.3.0/ranger-intg-2.3.0.jar:/home/runner/.m2/repository/org/apache/ranger/ranger-plugins-common/2.3.0/ranger-plugins-common-2.3.0.jar:/home/runner/.m2/repository/commons-lang/commons-lang/2.6/commons-lang-2.6.jar:/home/runner/.m2/repository/org/apache/ranger/ranger-plugins-cred/2.3.0/ranger-plugins-cred-2.3.0.jar:/home/runner/.m2/repository/org/apache/ranger/ranger-plugins-audit/2.3.0/ranger-plugins-audit-2.3.0.jar:/home/runner/.m2/repository/org/eclipse/jetty/jetty-client/9.4.49.v20220914/jetty-client-9.4.49.v20220914.jar:/home/runner/.m2/repository/org/apache/httpcomponents/httpmime/4.5.6/httpmime-4.5.6.jar:/home/runner/.m2/repository/org/apache/httpcomponents/httpcore-nio/4.4.13/httpcore-nio-4.4.13.jar:/home/runner/.m2/repository/org/apache/httpcomponents/httpasyncclient/4.1.3/httpasyncclient-4.1.3.jar:/home/runner/.m2/repository/com/carrotsearch/hppc/0.8.0/hppc-0.8.0.jar:/home/runner/.m2/repository/org/apache/orc/orc-core/1.5.8/orc-core-1.5.8.jar:/home/runner/.m2/repository/net/java/dev/jna/jna/5.2.0/jna-5.2.0.jar:/home/runner/.m2/repository/net/java/dev/jna/jna-platform/5.2.0/jna-platform-5.2.0.jar:/home/runner/.m2/repository/com/kstruct/gethostname4j/0.0.2/gethostname4j-0.0.2.jar:/home/runner/.m2/repository/org/apache/ranger/ranger-plugin-classloader/2.3.0/ranger-plugin-classloader-2.3.0.jar:/home/runner/.m2/repository/org/apache/hadoop/hadoop-minikdc/3.3.4/hadoop-minikdc-3.3.4.jar:/home/runner/.m2/repository/org/apache/kerby/kerb-simplekdc/1.0.1/kerb-simplekdc-1.0.1.jar:/home/runner/.m2/repository/org/apache/kerby/kerb-client/1.0.1/kerb-client-1.0.1.jar:/home/runner/.m2/repository/org/apache/kerby/kerby-config/1.0.1/kerby-config-1.0.1.jar:/home/runner/.m2/repository/org/apache/kerby/kerb-common/1.0.1/kerb-common-1.0.1.jar:/home/runner/.m2/repository/org/apache/kerby/kerb-crypto/1.0.1/kerb-crypto-1.0.1.jar:/home/runner/.m2/repository/org/apache/kerby/kerb-util/1.0.1/kerb-util-1.0.1.jar:/home/runner/.m2/repository/org/apache/kerby/token-provider/1.0.1/token-provider-1.0.1.jar:/home/runner/.m2/repository/org/apache/kerby/kerb-admin/1.0.1/kerb-admin-1.0.1.jar:/home/runner/.m2/repository/org/apache/kerby/kerb-server/1.0.1/kerb-server-1.0.1.jar:/home/runner/.m2/repository/org/apache/kerby/kerb-identity/1.0.1/kerb-identity-1.0.1.jar:/home/runner/.m2/repository/org/apache/kerby/kerby-xdr/1.0.1/kerby-xdr-1.0.1.jar:/home/runner/.m2/repository/org/apache/ozone/ozone-s3gateway/1.4.0-SNAPSHOT/ozone-s3gateway-1.4.0-SNAPSHOT.jar:/home/runner/.m2/repository/org/javassist/javassist/3.21.0-GA/javassist-3.21.0-GA.jar:/home/runner/.m2/repository/org/jboss/weld/servlet/weld-servlet/2.4.7.Final/weld-servlet-2.4.7.Final.jar:/home/runner/.m2/repository/org/glassfish/jersey/containers/jersey-container-servlet-core/2.34/jersey-container-servlet-core-2.34.jar:/home/runner/.m2/repository/org/glassfish/hk2/external/jakarta.inject/2.6.1/jakarta.inject-2.6.1.jar:/home/runner/.m2/repository/org/glassfish/jersey/core/jersey-common/2.34/jersey-common-2.34.jar:/home/runner/.m2/repository/jakarta/ws/rs/jakarta.ws.rs-api/2.1.6/jakarta.ws.rs-api-2.1.6.jar:/home/runner/.m2/repository/org/glassfish/jersey/ext/cdi/jersey-cdi1x/2.34/jersey-cdi1x-2.34.jar:/home/runner/.m2/repository/org/glassfish/jersey/inject/jersey-hk2/2.34/jersey-hk2-2.34.jar:/home/runner/.m2/repository/org/glassfish/hk2/hk2-locator/2.6.1/hk2-locator-2.6.1.jar:/home/runner/.m2/repository/org/glassfish/jersey/media/jersey-media-jaxb/2.34/jersey-media-jaxb-2.34.jar:/home/runner/.m2/repository/org/glassfish/hk2/osgi-resource-locator/1.0.3/osgi-resource-locator-1.0.3.jar:/home/runner/.m2/repository/org/glassfish/hk2/hk2-api/2.5.0/hk2-api-2.5.0.jar:/home/runner/.m2/repository/org/glassfish/hk2/hk2-utils/2.5.0/hk2-utils-2.5.0.jar:/home/runner/.m2/repository/org/glassfish/hk2/external/aopalliance-repackaged/2.5.0/aopalliance-repackaged-2.5.0.jar:/home/runner/.m2/repository/com/fasterxml/jackson/dataformat/jackson-dataformat-xml/2.13.4/jackson-dataformat-xml-2.13.4.jar:/home/runner/.m2/repository/com/fasterxml/jackson/core/jackson-core/2.13.4/jackson-core-2.13.4.jar:/home/runner/.m2/repository/org/codehaus/woodstox/stax2-api/4.2.1/stax2-api-4.2.1.jar:/home/runner/.m2/repository/com/fasterxml/woodstox/woodstox-core/5.4.0/woodstox-core-5.4.0.jar:/home/runner/.m2/repository/com/fasterxml/jackson/module/jackson-module-jaxb-annotations/2.13.4/jackson-module-jaxb-annotations-2.13.4.jar:/home/runner/.m2/repository/jakarta/xml/bind/jakarta.xml.bind-api/2.3.3/jakarta.xml.bind-api-2.3.3.jar:/home/runner/.m2/repository/jakarta/activation/jakarta.activation-api/1.2.2/jakarta.activation-api-1.2.2.jar:/home/runner/.m2/repository/javax/enterprise/cdi-api/1.2/cdi-api-1.2.jar:/home/runner/.m2/repository/javax/el/javax.el-api/3.0.0/javax.el-api-3.0.0.jar:/home/runner/.m2/repository/javax/interceptor/javax.interceptor-api/1.2/javax.interceptor-api-1.2.jar:/home/runner/.m2/repository/javax/inject/javax.inject/1/javax.inject-1.jar:/home/runner/.m2/repository/javax/xml/bind/jaxb-api/2.3.0/jaxb-api-2.3.0.jar:/home/runner/.m2/repository/org/glassfish/jaxb/jaxb-runtime/2.3.0.1/jaxb-runtime-2.3.0.1.jar:/home/runner/.m2/repository/org/glassfish/jaxb/jaxb-core/2.3.0.1/jaxb-core-2.3.0.1.jar:/home/runner/.m2/repository/org/glassfish/jaxb/txw2/2.3.0.1/txw2-2.3.0.1.jar:/home/runner/.m2/repository/com/sun/istack/istack-commons-runtime/3.0.5/istack-commons-runtime-3.0.5.jar:/home/runner/.m2/repository/org/jvnet/staxex/stax-ex/1.7.8/stax-ex-1.7.8.jar:/home/runner/.m2/repository/com/sun/xml/fastinfoset/FastInfoset/1.2.13/FastInfoset-1.2.13.jar:/home/runner/.m2/repository/javax/activation/activation/1.1.1/activation-1.1.1.jar:/home/runner/.m2/repository/io/grpc/grpc-protobuf/1.51.1/grpc-protobuf-1.51.1.jar:/home/runner/.m2/repository/io/grpc/grpc-api/1.51.1/grpc-api-1.51.1.jar:/home/runner/.m2/repository/io/grpc/grpc-context/1.51.1/grpc-context-1.51.1.jar:/home/runner/.m2/repository/com/google/api/grpc/proto-google-common-protos/2.9.0/proto-google-common-protos-2.9.0.jar:/home/runner/.m2/repository/io/grpc/grpc-protobuf-lite/1.51.1/grpc-protobuf-lite-1.51.1.jar:/home/runner/.m2/repository/io/grpc/grpc-stub/1.51.1/grpc-stub-1.51.1.jar:/home/runner/.m2/repository/io/netty/netty-transport/4.1.86.Final/netty-transport-4.1.86.Final.jar:/home/runner/.m2/repository/io/netty/netty-resolver/4.1.86.Final/netty-resolver-4.1.86.Final.jar:/home/runner/.m2/repository/org/apache/ozone/ozone-csi/1.4.0-SNAPSHOT/ozone-csi-1.4.0-SNAPSHOT.jar:/home/runner/.m2/repository/com/google/protobuf/protobuf-java-util/3.19.6/protobuf-java-util-3.19.6.jar:/home/runner/.m2/repository/com/google/code/gson/gson/2.9.0/gson-2.9.0.jar:/home/runner/.m2/repository/org/apache/ozone/hdds-config/1.4.0-SNAPSHOT/hdds-config-1.4.0-SNAPSHOT.jar:/home/runner/.m2/repository/io/netty/netty-transport-native-epoll/4.1.86.Final/netty-transport-native-epoll-4.1.86.Final-linux-x86_64.jar:/home/runner/.m2/repository/io/netty/netty-transport-classes-epoll/4.1.86.Final/netty-transport-classes-epoll-4.1.86.Final.jar:/home/runner/.m2/repository/io/netty/netty-transport-native-unix-common/4.1.86.Final/netty-transport-native-unix-common-4.1.86.Final.jar:/home/runner/.m2/repository/org/slf4j/slf4j-reload4j/1.7.36/slf4j-reload4j-1.7.36.jar:/home/runner/.m2/repository/org/apache/ozone/ozone-recon/1.4.0-SNAPSHOT/ozone-recon-1.4.0-SNAPSHOT.jar:/home/runner/.m2/repository/org/apache/ozone/ozone-reconcodegen/1.4.0-SNAPSHOT/ozone-reconcodegen-1.4.0-SNAPSHOT.jar:/home/runner/.m2/repository/com/google/inject/extensions/guice-multibindings/4.0/guice-multibindings-4.0.jar:/home/runner/.m2/repository/com/google/inject/guice/4.0/guice-4.0.jar:/home/runner/.m2/repository/aopalliance/aopalliance/1.0/aopalliance-1.0.jar:/home/runner/.m2/repository/com/google/inject/extensions/guice-assistedinject/4.0/guice-assistedinject-4.0.jar:/home/runner/.m2/repository/com/google/inject/extensions/guice-servlet/4.0/guice-servlet-4.0.jar:/home/runner/.m2/repository/org/glassfish/jersey/containers/jersey-container-servlet/2.34/jersey-container-servlet-2.34.jar:/home/runner/.m2/repository/org/glassfish/hk2/guice-bridge/2.5.0/guice-bridge-2.5.0.jar:/home/runner/.m2/repository/org/glassfish/jersey/core/jersey-server/2.34/jersey-server-2.34.jar:/home/runner/.m2/repository/org/glassfish/jersey/core/jersey-client/2.34/jersey-client-2.34.jar:/home/runner/.m2/repository/jakarta/annotation/jakarta.annotation-api/1.3.5/jakarta.annotation-api-1.3.5.jar:/home/runner/.m2/repository/jakarta/validation/jakarta.validation-api/2.0.2/jakarta.validation-api-2.0.2.jar:/home/runner/.m2/repository/org/glassfish/jersey/media/jersey-media-json-jackson/2.34/jersey-media-json-jackson-2.34.jar:/home/runner/.m2/repository/org/glassfish/jersey/ext/jersey-entity-filtering/2.34/jersey-entity-filtering-2.34.jar:/home/runner/.m2/repository/org/jooq/jooq/3.11.10/jooq-3.11.10.jar:/home/runner/.m2/repository/org/jooq/jooq-meta/3.11.10/jooq-meta-3.11.10.jar:/home/runner/.m2/repository/org/jooq/jooq-codegen/3.11.10/jooq-codegen-3.11.10.jar:/home/runner/.m2/repository/com/jolbox/bonecp/0.8.0.RELEASE/bonecp-0.8.0.RELEASE.jar:/home/runner/.m2/repository/org/apache/derby/derby/10.14.2.0/derby-10.14.2.0.jar:/home/runner/.m2/repository/org/xerial/sqlite-jdbc/3.25.2/sqlite-jdbc-3.25.2.jar:/home/runner/.m2/repository/org/springframework/spring-jdbc/5.3.23/spring-jdbc-5.3.23.jar:/home/runner/.m2/repository/org/springframework/spring-beans/5.3.23/spring-beans-5.3.23.jar:/home/runner/.m2/repository/org/springframework/spring-core/5.3.23/spring-core-5.3.23.jar:/home/runner/.m2/repository/org/springframework/spring-jcl/5.3.23/spring-jcl-5.3.23.jar:/home/runner/.m2/repository/org/springframework/spring-tx/5.3.23/spring-tx-5.3.23.jar:/home/runner/.m2/repository/org/apache/ozone/ozone-client/1.4.0-SNAPSHOT/ozone-client-1.4.0-SNAPSHOT.jar:/home/runner/.m2/repository/org/apache/ozone/hdds-erasurecode/1.4.0-SNAPSHOT/hdds-erasurecode-1.4.0-SNAPSHOT.jar:/home/runner/.m2/repository/org/apache/ozone/ozone-filesystem/1.4.0-SNAPSHOT/ozone-filesystem-1.4.0-SNAPSHOT.jar:/home/runner/.m2/repository/org/apache/ozone/ozone-filesystem-common/1.4.0-SNAPSHOT/ozone-filesystem-common-1.4.0-SNAPSHOT.jar:/home/runner/.m2/repository/org/apache/ozone/ozone-tools/1.4.0-SNAPSHOT/ozone-tools-1.4.0-SNAPSHOT.jar:/home/runner/.m2/repository/com/amazonaws/aws-java-sdk-core/1.12.261/aws-java-sdk-core-1.12.261.jar:/home/runner/.m2/repository/org/apache/httpcomponents/httpclient/4.5.13/httpclient-4.5.13.jar:/home/runner/.m2/repository/org/apache/httpcomponents/httpcore/4.4.13/httpcore-4.4.13.jar:/home/runner/.m2/repository/software/amazon/ion/ion-java/1.0.2/ion-java-1.0.2.jar:/home/runner/.m2/repository/com/fasterxml/jackson/dataformat/jackson-dataformat-cbor/2.13.4/jackson-dataformat-cbor-2.13.4.jar:/home/runner/.m2/repository/joda-time/joda-time/2.10.6/joda-time-2.10.6.jar:/home/runner/.m2/repository/com/amazonaws/aws-java-sdk-s3/1.12.261/aws-java-sdk-s3-1.12.261.jar:/home/runner/.m2/repository/com/amazonaws/aws-java-sdk-kms/1.12.261/aws-java-sdk-kms-1.12.261.jar:/home/runner/.m2/repository/com/amazonaws/jmespath-java/1.12.261/jmespath-java-1.12.261.jar:/home/runner/.m2/repository/org/kohsuke/metainf-services/metainf-services/1.8/metainf-services-1.8.jar:/home/runner/.m2/repository/org/apache/ozone/hdds-tools/1.4.0-SNAPSHOT/hdds-tools-1.4.0-SNAPSHOT.jar:/home/runner/.m2/repository/org/apache/ratis/ratis-tools/2.4.2-8b8bdda-SNAPSHOT/ratis-tools-2.4.2-8b8bdda-SNAPSHOT.jar:/home/runner/.m2/repository/org/apache/ratis/ratis-proto/2.4.2-8b8bdda-SNAPSHOT/ratis-proto-2.4.2-8b8bdda-SNAPSHOT.jar:/home/runner/.m2/repository/org/apache/ratis/ratis-common/2.4.2-8b8bdda-SNAPSHOT/ratis-common-2.4.2-8b8bdda-SNAPSHOT.jar:/home/runner/.m2/repository/commons-cli/commons-cli/1.2/commons-cli-1.2.jar:/home/runner/.m2/repository/org/apache/commons/commons-lang3/3.7/commons-lang3-3.7.jar:/home/runner/.m2/repository/org/apache/ozone/ozone-manager/1.4.0-SNAPSHOT/ozone-manager-1.4.0-SNAPSHOT-tests.jar:/home/runner/.m2/repository/org/apache/ozone/hdds-common/1.4.0-SNAPSHOT/hdds-common-1.4.0-SNAPSHOT-tests.jar:/home/runner/.m2/repository/org/apache/ozone/hdds-hadoop-dependency-client/1.4.0-SNAPSHOT/hdds-hadoop-dependency-client-1.4.0-SNAPSHOT.jar:/home/runner/.m2/repository/info/picocli/picocli/4.6.1/picocli-4.6.1.jar:/home/runner/.m2/repository/com/fasterxml/jackson/core/jackson-annotations/2.13.4/jackson-annotations-2.13.4.jar:/home/runner/.m2/repository/com/fasterxml/jackson/datatype/jackson-datatype-jsr310/2.13.4/jackson-datatype-jsr310-2.13.4.jar:/home/runner/.m2/repository/org/apache/ozone/hdds-annotation-processing/1.4.0-SNAPSHOT/hdds-annotation-processing-1.4.0-SNAPSHOT.jar:/home/runner/.m2/repository/javax/annotation/javax.annotation-api/1.2/javax.annotation-api-1.2.jar:/home/runner/.m2/repository/org/apache/ratis/ratis-server/2.4.2-8b8bdda-SNAPSHOT/ratis-server-2.4.2-8b8bdda-SNAPSHOT.jar:/home/runner/.m2/repository/org/apache/ratis/ratis-client/2.4.2-8b8bdda-SNAPSHOT/ratis-client-2.4.2-8b8bdda-SNAPSHOT.jar:/home/runner/.m2/repository/org/apache/ratis/ratis-server-api/2.4.2-8b8bdda-SNAPSHOT/ratis-server-api-2.4.2-8b8bdda-SNAPSHOT.jar:/home/runner/.m2/repository/org/apache/ratis/ratis-metrics/2.4.2-8b8bdda-SNAPSHOT/ratis-metrics-2.4.2-8b8bdda-SNAPSHOT.jar:/home/runner/.m2/repository/org/apache/ratis/ratis-netty/2.4.2-8b8bdda-SNAPSHOT/ratis-netty-2.4.2-8b8bdda-SNAPSHOT.jar:/home/runner/.m2/repository/org/apache/ratis/ratis-grpc/2.4.2-8b8bdda-SNAPSHOT/ratis-grpc-2.4.2-8b8bdda-SNAPSHOT.jar:/home/runner/.m2/repository/org/apache/logging/log4j/log4j-api/2.17.1/log4j-api-2.17.1.jar:/home/runner/.m2/repository/org/apache/commons/commons-pool2/2.6.0/commons-pool2-2.6.0.jar:/home/runner/.m2/repository/org/bouncycastle/bcpkix-jdk15on/1.67/bcpkix-jdk15on-1.67.jar:/home/runner/.m2/repository/commons-validator/commons-validator/1.6/commons-validator-1.6.jar:/home/runner/.m2/repository/commons-beanutils/commons-beanutils/1.9.4/commons-beanutils-1.9.4.jar:/home/runner/.m2/repository/commons-digester/commons-digester/1.8.1/commons-digester-1.8.1.jar:/home/runner/.m2/repository/commons-collections/commons-collections/3.2.2/commons-collections-3.2.2.jar:/home/runner/.m2/repository/io/jaegertracing/jaeger-client/1.6.0/jaeger-client-1.6.0.jar:/home/runner/.m2/repository/io/jaegertracing/jaeger-thrift/1.6.0/jaeger-thrift-1.6.0.jar:/home/runner/.m2/repository/org/apache/thrift/libthrift/0.14.1/libthrift-0.14.1.jar:/home/runner/.m2/repository/io/jaegertracing/jaeger-core/1.6.0/jaeger-core-1.6.0.jar:/home/runner/.m2/repository/io/jaegertracing/jaeger-tracerresolver/1.6.0/jaeger-tracerresolver-1.6.0.jar:/home/runner/.m2/repository/io/opentracing/contrib/opentracing-tracerresolver/0.1.8/opentracing-tracerresolver-0.1.8.jar:/home/runner/.m2/repository/org/jetbrains/kotlin/kotlin-stdlib/1.6.21/kotlin-stdlib-1.6.21.jar:/home/runner/.m2/repository/org/jetbrains/annotations/13.0/annotations-13.0.jar:/home/runner/.m2/repository/io/opentracing/opentracing-util/0.33.0/opentracing-util-0.33.0.jar:/home/runner/.m2/repository/io/opentracing/opentracing-api/0.33.0/opentracing-api-0.33.0.jar:/home/runner/.m2/repository/io/opentracing/opentracing-noop/0.33.0/opentracing-noop-0.33.0.jar:/home/runner/.m2/repository/org/yaml/snakeyaml/1.33/snakeyaml-1.33.jar:/home/runner/.m2/repository/org/apache/ozone/hdds-interface-admin/1.4.0-SNAPSHOT/hdds-interface-admin-1.4.0-SNAPSHOT.jar:/home/runner/.m2/repository/junit/junit/4.13.1/junit-4.13.1.jar:/home/runner/.m2/repository/org/hamcrest/hamcrest-core/1.3/hamcrest-core-1.3.jar:/home/runner/.m2/repository/org/junit/jupiter/junit-jupiter-api/5.8.2/junit-jupiter-api-5.8.2.jar:/home/runner/.m2/repository/org/opentest4j/opentest4j/1.2.0/opentest4j-1.2.0.jar:/home/runner/.m2/repository/org/junit/platform/junit-platform-commons/1.8.2/junit-platform-commons-1.8.2.jar:/home/runner/.m2/repository/org/apiguardian/apiguardian-api/1.1.2/apiguardian-api-1.1.2.jar:/home/runner/.m2/repository/org/junit/jupiter/junit-jupiter-params/5.8.2/junit-jupiter-params-5.8.2.jar:/home/runner/.m2/repository/org/junit/jupiter/junit-jupiter-migrationsupport/5.8.2/junit-jupiter-migrationsupport-5.8.2.jar:/home/runner/.m2/repository/org/junit/jupiter/junit-jupiter-engine/5.8.2/junit-jupiter-engine-5.8.2.jar:/home/runner/.m2/repository/org/junit/platform/junit-platform-engine/1.8.2/junit-platform-engine-1.8.2.jar:/home/runner/.m2/repository/org/junit/vintage/junit-vintage-engine/5.8.2/junit-vintage-engine-5.8.2.jar:/home/runner/.m2/repository/org/junit/platform/junit-platform-launcher/1.8.2/junit-platform-launcher-1.8.2.jar:/home/runner/.m2/repository/org/mockito/mockito-core/2.28.2/mockito-core-2.28.2.jar:/home/runner/.m2/repository/net/bytebuddy/byte-buddy/1.9.10/byte-buddy-1.9.10.jar:/home/runner/.m2/repository/net/bytebuddy/byte-buddy-agent/1.9.10/byte-buddy-agent-1.9.10.jar:/home/runner/.m2/repository/org/objenesis/objenesis/1.0/objenesis-1.0.jar:/home/runner/.m2/repository/org/apache/hadoop/hadoop-kms/3.3.4/hadoop-kms-3.3.4.jar:/home/runner/.m2/repository/org/apache/hadoop/hadoop-auth/3.3.4/hadoop-auth-3.3.4.jar:/home/runner/.m2/repository/com/nimbusds/nimbus-jose-jwt/9.8.1/nimbus-jose-jwt-9.8.1.jar:/home/runner/.m2/repository/com/github/stephenc/jcip/jcip-annotations/1.0-1/jcip-annotations-1.0-1.jar:/home/runner/.m2/repository/net/minidev/json-smart/2.4.7/json-smart-2.4.7.jar:/home/runner/.m2/repository/net/minidev/accessors-smart/2.4.7/accessors-smart-2.4.7.jar:/home/runner/.m2/repository/org/ow2/asm/asm/5.0.4/asm-5.0.4.jar:/home/runner/.m2/repository/org/apache/zookeeper/zookeeper/3.5.6/zookeeper-3.5.6.jar:/home/runner/.m2/repository/org/apache/zookeeper/zookeeper-jute/3.5.6/zookeeper-jute-3.5.6.jar:/home/runner/.m2/repository/org/apache/yetus/audience-annotations/0.5.0/audience-annotations-0.5.0.jar:/home/runner/.m2/repository/org/apache/curator/curator-framework/4.2.0/curator-framework-4.2.0.jar:/home/runner/.m2/repository/org/apache/hadoop/thirdparty/hadoop-shaded-guava/1.1.1/hadoop-shaded-guava-1.1.1.jar:/home/runner/.m2/repository/com/sun/jersey/jersey-core/1.19/jersey-core-1.19.jar:/home/runner/.m2/repository/javax/ws/rs/jsr311-api/1.1.1/jsr311-api-1.1.1.jar:/home/runner/.m2/repository/com/sun/jersey/jersey-server/1.19/jersey-server-1.19.jar:/home/runner/.m2/repository/javax/servlet/javax.servlet-api/3.1.0/javax.servlet-api-3.1.0.jar:/home/runner/.m2/repository/org/eclipse/jetty/jetty-server/9.4.49.v20220914/jetty-server-9.4.49.v20220914.jar:/home/runner/.m2/repository/org/eclipse/jetty/jetty-http/9.4.49.v20220914/jetty-http-9.4.49.v20220914.jar:/home/runner/.m2/repository/org/eclipse/jetty/jetty-io/9.4.49.v20220914/jetty-io-9.4.49.v20220914.jar:/home/runner/.m2/repository/org/eclipse/jetty/jetty-webapp/9.4.49.v20220914/jetty-webapp-9.4.49.v20220914.jar:/home/runner/.m2/repository/org/eclipse/jetty/jetty-xml/9.4.49.v20220914/jetty-xml-9.4.49.v20220914.jar:/home/runner/.m2/repository/org/apache/hadoop/hadoop-common/3.3.4/hadoop-common-3.3.4.jar:/home/runner/.m2/repository/org/apache/commons/commons-math3/3.1.1/commons-math3-3.1.1.jar:/home/runner/.m2/repository/commons-net/commons-net/3.9.0/commons-net-3.9.0.jar:/home/runner/.m2/repository/com/sun/jersey/jersey-servlet/1.19/jersey-servlet-1.19.jar:/home/runner/.m2/repository/com/sun/jersey/jersey-json/1.19/jersey-json-1.19.jar:/home/runner/.m2/repository/org/codehaus/jettison/jettison/1.1/jettison-1.1.jar:/home/runner/.m2/repository/com/sun/xml/bind/jaxb-impl/2.2.3-1/jaxb-impl-2.2.3-1.jar:/home/runner/.m2/repository/org/codehaus/jackson/jackson-jaxrs/1.9.2/jackson-jaxrs-1.9.2.jar:/home/runner/.m2/repository/org/codehaus/jackson/jackson-xc/1.9.2/jackson-xc-1.9.2.jar:/home/runner/.m2/repository/com/google/re2j/re2j/1.1/re2j-1.1.jar:/home/runner/.m2/repository/com/jcraft/jsch/0.1.54/jsch-0.1.54.jar:/home/runner/.m2/repository/org/apache/curator/curator-client/4.2.0/curator-client-4.2.0.jar:/home/runner/.m2/repository/org/apache/curator/curator-recipes/4.2.0/curator-recipes-4.2.0.jar:/home/runner/.m2/repository/org/apache/kerby/kerb-core/1.0.1/kerb-core-1.0.1.jar:/home/runner/.m2/repository/org/apache/kerby/kerby-pkix/1.0.1/kerby-pkix-1.0.1.jar:/home/runner/.m2/repository/org/apache/kerby/kerby-asn1/1.0.1/kerby-asn1-1.0.1.jar:/home/runner/.m2/repository/org/apache/kerby/kerby-util/1.0.1/kerby-util-1.0.1.jar:/home/runner/.m2/repository/dnsjava/dnsjava/2.1.7/dnsjava-2.1.7.jar:/home/runner/.m2/repository/org/xerial/snappy/snappy-java/1.1.8.2/snappy-java-1.1.8.2.jar:/home/runner/.m2/repository/org/eclipse/jetty/jetty-util/9.4.49.v20220914/jetty-util-9.4.49.v20220914.jar:/home/runner/.m2/repository/com/fasterxml/jackson/core/jackson-databind/2.13.4.2/jackson-databind-2.13.4.2.jar:/home/runner/.m2/repository/org/apache/hadoop/hadoop-kms/3.3.4/hadoop-kms-3.3.4-tests.jar:/home/runner/.m2/repository/org/apache/ozone/hdds-server-scm/1.4.0-SNAPSHOT/hdds-server-scm-1.4.0-SNAPSHOT-tests.jar:/home/runner/.m2/repository/org/apache/ozone/hdds-container-service/1.4.0-SNAPSHOT/hdds-container-service-1.4.0-SNAPSHOT-tests.jar:/home/runner/.m2/repository/com/github/luben/zstd-jni/1.5.2-5/zstd-jni-1.5.2-5.jar:/home/runner/.m2/repository/commons-codec/commons-codec/1.15/commons-codec-1.15.jar:/home/runner/.m2/repository/io/netty/netty-codec/4.1.86.Final/netty-codec-4.1.86.Final.jar:/home/runner/.m2/repository/io/netty/netty-handler/4.1.86.Final/netty-handler-4.1.86.Final.jar:/home/runner/.m2/repository/org/apache/ozone/hdds-hadoop-dependency-test/1.4.0-SNAPSHOT/hdds-hadoop-dependency-test-1.4.0-SNAPSHOT.jar:/home/runner/.m2/repository/org/apache/hadoop/hadoop-common/3.3.4/hadoop-common-3.3.4-tests.jar:/home/runner/.m2/repository/org/apache/hadoop/hadoop-hdfs/3.3.4/hadoop-hdfs-3.3.4-tests.jar:/home/runner/.m2/repository/org/assertj/assertj-core/3.12.2/assertj-core-3.12.2.jar:/home/runner/.m2/repository/org/apache/hadoop/hadoop-distcp/3.3.4/hadoop-distcp-3.3.4.jar:/home/runner/.m2/repository/org/apache/hadoop/hadoop-mapreduce-client-jobclient/3.3.4/hadoop-mapreduce-client-jobclient-3.3.4.jar:/home/runner/.m2/repository/org/apache/hadoop/hadoop-mapreduce-client-common/3.3.4/hadoop-mapreduce-client-common-3.3.4.jar:/home/runner/.m2/repository/org/apache/hadoop/hadoop-yarn-common/3.3.4/hadoop-yarn-common-3.3.4.jar:/home/runner/.m2/repository/org/apache/hadoop/hadoop-yarn-api/3.3.4/hadoop-yarn-api-3.3.4.jar:/home/runner/.m2/repository/com/sun/jersey/contribs/jersey-guice/1.19/jersey-guice-1.19.jar:/home/runner/.m2/repository/com/fasterxml/jackson/jaxrs/jackson-jaxrs-json-provider/2.13.4/jackson-jaxrs-json-provider-2.13.4.jar:/home/runner/.m2/repository/com/fasterxml/jackson/jaxrs/jackson-jaxrs-base/2.13.4/jackson-jaxrs-base-2.13.4.jar:/home/runner/.m2/repository/org/apache/hadoop/hadoop-yarn-client/3.3.4/hadoop-yarn-client-3.3.4.jar:/home/runner/.m2/repository/org/eclipse/jetty/websocket/websocket-client/9.4.43.v20210629/websocket-client-9.4.43.v20210629.jar:/home/runner/.m2/repository/org/eclipse/jetty/websocket/websocket-common/9.4.43.v20210629/websocket-common-9.4.43.v20210629.jar:/home/runner/.m2/repository/org/eclipse/jetty/websocket/websocket-api/9.4.43.v20210629/websocket-api-9.4.43.v20210629.jar:/home/runner/.m2/repository/org/jline/jline/3.9.0/jline-3.9.0.jar:/home/runner/.m2/repository/org/apache/hadoop/hadoop-mapreduce-client-core/3.3.4/hadoop-mapreduce-client-core-3.3.4.jar:/home/runner/.m2/repository/org/apache/avro/avro/1.7.7/avro-1.7.7.jar:/home/runner/.m2/repository/org/codehaus/jackson/jackson-core-asl/1.9.13/jackson-core-asl-1.9.13.jar:/home/runner/.m2/repository/org/codehaus/jackson/jackson-mapper-asl/1.9.13/jackson-mapper-asl-1.9.13.jar:/home/runner/.m2/repository/com/thoughtworks/paranamer/paranamer/2.3/paranamer-2.3.jar:/home/runner/.m2/repository/org/apache/hadoop/hadoop-annotations/3.3.4/hadoop-annotations-3.3.4.jar:/usr/lib/jvm/temurin-8-jdk-amd64/jre/../lib/tools.jar:/home/runner/.m2/repository/io/netty/netty/3.10.6.Final/netty-3.10.6.Final.jar:/home/runner/.m2/repository/org/apache/hadoop/hadoop-distcp/3.3.4/hadoop-distcp-3.3.4-tests.jar:/home/runner/.m2/repository/org/slf4j/jul-to-slf4j/1.7.36/jul-to-slf4j-1.7.36.jar:"/>
    <property name="java.vm.vendor" value="Temurin"/>
    <property name="sun.arch.data.model" value="64"/>
    <property name="test.build.dir" value="/home/runner/work/ozone/ozone/hadoop-ozone/integration-test/target/test-dir"/>
    <property name="test.cache.data" value=""/>
    <property name="java.vendor.url" value="https://adoptium.net/"/>
    <property name="user.timezone" value="Etc/UTC"/>
    <property name="java.vm.specification.version" value="1.8"/>
    <property name="os.name" value="Linux"/>
    <property name="test.build.data" value="/home/runner/work/ozone/ozone/hadoop-ozone/integration-test/target/test-dir"/>
    <property name="sun.java.launcher" value="SUN_STANDARD"/>
    <property name="sun.boot.library.path" value="/usr/lib/jvm/temurin-8-jdk-amd64/jre/lib/amd64"/>
    <property name="sun.java.command" value="/home/runner/work/ozone/ozone/hadoop-ozone/integration-test/target/surefire/surefirebooter3606492353966433862.jar /home/runner/work/ozone/ozone/hadoop-ozone/integration-test/target/surefire 2023-02-21T13-24-56_000-jvmRun1 surefire2841365648890654838tmp surefire_63258867690979345065tmp"/>
    <property name="surefire.test.class.path" value="/home/runner/work/ozone/ozone/hadoop-ozone/integration-test/target/test-classes:/home/runner/work/ozone/ozone/hadoop-ozone/integration-test/target/classes:/home/runner/.m2/repository/org/apache/ozone/ozone-common/1.4.0-SNAPSHOT/ozone-common-1.4.0-SNAPSHOT.jar:/home/runner/.m2/repository/io/grpc/grpc-netty/1.51.1/grpc-netty-1.51.1.jar:/home/runner/.m2/repository/io/grpc/grpc-core/1.51.1/grpc-core-1.51.1.jar:/home/runner/.m2/repository/com/google/android/annotations/4.1.1.4/annotations-4.1.1.4.jar:/home/runner/.m2/repository/org/codehaus/mojo/animal-sniffer-annotations/1.21/animal-sniffer-annotations-1.21.jar:/home/runner/.m2/repository/com/google/errorprone/error_prone_annotations/2.2.0/error_prone_annotations-2.2.0.jar:/home/runner/.m2/repository/io/perfmark/perfmark-api/0.25.0/perfmark-api-0.25.0.jar:/home/runner/.m2/repository/io/netty/netty-codec-http2/4.1.86.Final/netty-codec-http2-4.1.86.Final.jar:/home/runner/.m2/repository/io/netty/netty-common/4.1.86.Final/netty-common-4.1.86.Final.jar:/home/runner/.m2/repository/io/netty/netty-buffer/4.1.86.Final/netty-buffer-4.1.86.Final.jar:/home/runner/.m2/repository/io/netty/netty-codec-http/4.1.86.Final/netty-codec-http-4.1.86.Final.jar:/home/runner/.m2/repository/io/netty/netty-handler-proxy/4.1.86.Final/netty-handler-proxy-4.1.86.Final.jar:/home/runner/.m2/repository/io/netty/netty-codec-socks/4.1.86.Final/netty-codec-socks-4.1.86.Final.jar:/home/runner/.m2/repository/io/netty/netty-tcnative-boringssl-static/2.0.54.Final/netty-tcnative-boringssl-static-2.0.54.Final.jar:/home/runner/.m2/repository/io/netty/netty-tcnative-classes/2.0.54.Final/netty-tcnative-classes-2.0.54.Final.jar:/home/runner/.m2/repository/io/netty/netty-tcnative-boringssl-static/2.0.54.Final/netty-tcnative-boringssl-static-2.0.54.Final-linux-x86_64.jar:/home/runner/.m2/repository/io/netty/netty-tcnative-boringssl-static/2.0.54.Final/netty-tcnative-boringssl-static-2.0.54.Final-linux-aarch_64.jar:/home/runner/.m2/repository/io/netty/netty-tcnative-boringssl-static/2.0.54.Final/netty-tcnative-boringssl-static-2.0.54.Final-osx-x86_64.jar:/home/runner/.m2/repository/io/netty/netty-tcnative-boringssl-static/2.0.54.Final/netty-tcnative-boringssl-static-2.0.54.Final-osx-aarch_64.jar:/home/runner/.m2/repository/io/netty/netty-tcnative-boringssl-static/2.0.54.Final/netty-tcnative-boringssl-static-2.0.54.Final-windows-x86_64.jar:/home/runner/.m2/repository/org/apache/commons/commons-compress/1.21/commons-compress-1.21.jar:/home/runner/.m2/repository/org/apache/ozone/hdds-common/1.4.0-SNAPSHOT/hdds-common-1.4.0-SNAPSHOT.jar:/home/runner/.m2/repository/org/apache/ozone/hdds-client/1.4.0-SNAPSHOT/hdds-client-1.4.0-SNAPSHOT.jar:/home/runner/.m2/repository/org/apache/ozone/ozone-interface-client/1.4.0-SNAPSHOT/ozone-interface-client-1.4.0-SNAPSHOT.jar:/home/runner/.m2/repository/org/apache/ozone/hdds-test-utils/1.4.0-SNAPSHOT/hdds-test-utils-1.4.0-SNAPSHOT.jar:/home/runner/.m2/repository/com/google/guava/guava/31.1-jre/guava-31.1-jre.jar:/home/runner/.m2/repository/com/google/guava/failureaccess/1.0.1/failureaccess-1.0.1.jar:/home/runner/.m2/repository/com/google/guava/listenablefuture/9999.0-empty-to-avoid-conflict-with-guava/listenablefuture-9999.0-empty-to-avoid-conflict-with-guava.jar:/home/runner/.m2/repository/com/google/code/findbugs/jsr305/3.0.0/jsr305-3.0.0.jar:/home/runner/.m2/repository/org/checkerframework/checker-qual/3.12.0/checker-qual-3.12.0.jar:/home/runner/.m2/repository/com/google/j2objc/j2objc-annotations/1.3/j2objc-annotations-1.3.jar:/home/runner/.m2/repository/commons-io/commons-io/2.11.0/commons-io-2.11.0.jar:/home/runner/.m2/repository/commons-logging/commons-logging/1.2/commons-logging-1.2.jar:/home/runner/.m2/repository/ch/qos/reload4j/reload4j/1.2.22/reload4j-1.2.22.jar:/home/runner/.m2/repository/org/slf4j/slf4j-api/1.7.36/slf4j-api-1.7.36.jar:/home/runner/.m2/repository/org/apache/ozone/hdds-server-scm/1.4.0-SNAPSHOT/hdds-server-scm-1.4.0-SNAPSHOT.jar:/home/runner/.m2/repository/org/apache/ozone/hdds-container-service/1.4.0-SNAPSHOT/hdds-container-service-1.4.0-SNAPSHOT.jar:/home/runner/.m2/repository/org/apache/ozone/hdds-hadoop-dependency-server/1.4.0-SNAPSHOT/hdds-hadoop-dependency-server-1.4.0-SNAPSHOT.jar:/home/runner/.m2/repository/org/apache/hadoop/hadoop-hdfs/3.3.4/hadoop-hdfs-3.3.4.jar:/home/runner/.m2/repository/org/eclipse/jetty/jetty-util-ajax/9.4.49.v20220914/jetty-util-ajax-9.4.49.v20220914.jar:/home/runner/.m2/repository/commons-daemon/commons-daemon/1.0.13/commons-daemon-1.0.13.jar:/home/runner/.m2/repository/org/apache/ozone/hdds-server-framework/1.4.0-SNAPSHOT/hdds-server-framework-1.4.0-SNAPSHOT.jar:/home/runner/.m2/repository/org/apache/ozone/hdds-interface-server/1.4.0-SNAPSHOT/hdds-interface-server-1.4.0-SNAPSHOT.jar:/home/runner/.m2/repository/org/apache/commons/commons-configuration2/2.1.1/commons-configuration2-2.1.1.jar:/home/runner/.m2/repository/org/apache/logging/log4j/log4j-core/2.17.1/log4j-core-2.17.1.jar:/home/runner/.m2/repository/com/lmax/disruptor/3.4.2/disruptor-3.4.2.jar:/home/runner/.m2/repository/org/eclipse/jetty/jetty-servlet/9.4.49.v20220914/jetty-servlet-9.4.49.v20220914.jar:/home/runner/.m2/repository/org/eclipse/jetty/jetty-security/9.4.49.v20220914/jetty-security-9.4.49.v20220914.jar:/home/runner/.m2/repository/org/rocksdb/rocksdbjni/7.7.3/rocksdbjni-7.7.3.jar:/home/runner/.m2/repository/io/prometheus/simpleclient_dropwizard/0.7.0/simpleclient_dropwizard-0.7.0.jar:/home/runner/.m2/repository/io/prometheus/simpleclient/0.7.0/simpleclient-0.7.0.jar:/home/runner/.m2/repository/io/prometheus/simpleclient_common/0.7.0/simpleclient_common-0.7.0.jar:/home/runner/.m2/repository/com/github/spotbugs/spotbugs-annotations/3.1.12/spotbugs-annotations-3.1.12.jar:/home/runner/.m2/repository/org/awaitility/awaitility/4.2.0/awaitility-4.2.0.jar:/home/runner/.m2/repository/org/hamcrest/hamcrest/2.1/hamcrest-2.1.jar:/home/runner/.m2/repository/io/dropwizard/metrics/metrics-core/3.2.4/metrics-core-3.2.4.jar:/home/runner/.m2/repository/org/apache/commons/commons-text/1.4/commons-text-1.4.jar:/home/runner/.m2/repository/org/apache/hadoop/hadoop-hdfs-client/3.3.4/hadoop-hdfs-client-3.3.4.jar:/home/runner/.m2/repository/com/squareup/okhttp3/okhttp/4.9.3/okhttp-4.9.3.jar:/home/runner/.m2/repository/com/squareup/okio/okio/2.8.0/okio-2.8.0.jar:/home/runner/.m2/repository/org/jetbrains/kotlin/kotlin-stdlib-common/1.6.21/kotlin-stdlib-common-1.6.21.jar:/home/runner/.m2/repository/org/bouncycastle/bcprov-jdk15on/1.67/bcprov-jdk15on-1.67.jar:/home/runner/.m2/repository/com/google/protobuf/protobuf-java/2.5.0/protobuf-java-2.5.0.jar:/home/runner/.m2/repository/org/apache/ozone/ozone-manager/1.4.0-SNAPSHOT/ozone-manager-1.4.0-SNAPSHOT.jar:/home/runner/.m2/repository/org/aspectj/aspectjrt/1.9.7/aspectjrt-1.9.7.jar:/home/runner/.m2/repository/org/aspectj/aspectjweaver/1.9.7/aspectjweaver-1.9.7.jar:/home/runner/.m2/repository/org/apache/ozone/hdds-interface-client/1.4.0-SNAPSHOT/hdds-interface-client-1.4.0-SNAPSHOT.jar:/home/runner/.m2/repository/org/apache/hadoop/thirdparty/hadoop-shaded-protobuf_3_7/1.1.1/hadoop-shaded-protobuf_3_7-1.1.1.jar:/home/runner/.m2/repository/org/apache/ratis/ratis-thirdparty-misc/1.0.3/ratis-thirdparty-misc-1.0.3.jar:/home/runner/.m2/repository/org/apache/ozone/ozone-interface-storage/1.4.0-SNAPSHOT/ozone-interface-storage-1.4.0-SNAPSHOT.jar:/home/runner/.m2/repository/org/apache/ozone/rocksdb-checkpoint-differ/1.4.0-SNAPSHOT/rocksdb-checkpoint-differ-1.4.0-SNAPSHOT.jar:/home/runner/.m2/repository/org/reflections/reflections/0.9.11/reflections-0.9.11.jar:/home/runner/.m2/repository/com/sun/jersey/jersey-client/1.19/jersey-client-1.19.jar:/home/runner/.m2/repository/org/apache/ranger/ranger-intg/2.3.0/ranger-intg-2.3.0.jar:/home/runner/.m2/repository/org/apache/ranger/ranger-plugins-common/2.3.0/ranger-plugins-common-2.3.0.jar:/home/runner/.m2/repository/commons-lang/commons-lang/2.6/commons-lang-2.6.jar:/home/runner/.m2/repository/org/apache/ranger/ranger-plugins-cred/2.3.0/ranger-plugins-cred-2.3.0.jar:/home/runner/.m2/repository/org/apache/ranger/ranger-plugins-audit/2.3.0/ranger-plugins-audit-2.3.0.jar:/home/runner/.m2/repository/org/eclipse/jetty/jetty-client/9.4.49.v20220914/jetty-client-9.4.49.v20220914.jar:/home/runner/.m2/repository/org/apache/httpcomponents/httpmime/4.5.6/httpmime-4.5.6.jar:/home/runner/.m2/repository/org/apache/httpcomponents/httpcore-nio/4.4.13/httpcore-nio-4.4.13.jar:/home/runner/.m2/repository/org/apache/httpcomponents/httpasyncclient/4.1.3/httpasyncclient-4.1.3.jar:/home/runner/.m2/repository/com/carrotsearch/hppc/0.8.0/hppc-0.8.0.jar:/home/runner/.m2/repository/org/apache/orc/orc-core/1.5.8/orc-core-1.5.8.jar:/home/runner/.m2/repository/net/java/dev/jna/jna/5.2.0/jna-5.2.0.jar:/home/runner/.m2/repository/net/java/dev/jna/jna-platform/5.2.0/jna-platform-5.2.0.jar:/home/runner/.m2/repository/com/kstruct/gethostname4j/0.0.2/gethostname4j-0.0.2.jar:/home/runner/.m2/repository/org/apache/ranger/ranger-plugin-classloader/2.3.0/ranger-plugin-classloader-2.3.0.jar:/home/runner/.m2/repository/org/apache/hadoop/hadoop-minikdc/3.3.4/hadoop-minikdc-3.3.4.jar:/home/runner/.m2/repository/org/apache/kerby/kerb-simplekdc/1.0.1/kerb-simplekdc-1.0.1.jar:/home/runner/.m2/repository/org/apache/kerby/kerb-client/1.0.1/kerb-client-1.0.1.jar:/home/runner/.m2/repository/org/apache/kerby/kerby-config/1.0.1/kerby-config-1.0.1.jar:/home/runner/.m2/repository/org/apache/kerby/kerb-common/1.0.1/kerb-common-1.0.1.jar:/home/runner/.m2/repository/org/apache/kerby/kerb-crypto/1.0.1/kerb-crypto-1.0.1.jar:/home/runner/.m2/repository/org/apache/kerby/kerb-util/1.0.1/kerb-util-1.0.1.jar:/home/runner/.m2/repository/org/apache/kerby/token-provider/1.0.1/token-provider-1.0.1.jar:/home/runner/.m2/repository/org/apache/kerby/kerb-admin/1.0.1/kerb-admin-1.0.1.jar:/home/runner/.m2/repository/org/apache/kerby/kerb-server/1.0.1/kerb-server-1.0.1.jar:/home/runner/.m2/repository/org/apache/kerby/kerb-identity/1.0.1/kerb-identity-1.0.1.jar:/home/runner/.m2/repository/org/apache/kerby/kerby-xdr/1.0.1/kerby-xdr-1.0.1.jar:/home/runner/.m2/repository/org/apache/ozone/ozone-s3gateway/1.4.0-SNAPSHOT/ozone-s3gateway-1.4.0-SNAPSHOT.jar:/home/runner/.m2/repository/org/javassist/javassist/3.21.0-GA/javassist-3.21.0-GA.jar:/home/runner/.m2/repository/org/jboss/weld/servlet/weld-servlet/2.4.7.Final/weld-servlet-2.4.7.Final.jar:/home/runner/.m2/repository/org/glassfish/jersey/containers/jersey-container-servlet-core/2.34/jersey-container-servlet-core-2.34.jar:/home/runner/.m2/repository/org/glassfish/hk2/external/jakarta.inject/2.6.1/jakarta.inject-2.6.1.jar:/home/runner/.m2/repository/org/glassfish/jersey/core/jersey-common/2.34/jersey-common-2.34.jar:/home/runner/.m2/repository/jakarta/ws/rs/jakarta.ws.rs-api/2.1.6/jakarta.ws.rs-api-2.1.6.jar:/home/runner/.m2/repository/org/glassfish/jersey/ext/cdi/jersey-cdi1x/2.34/jersey-cdi1x-2.34.jar:/home/runner/.m2/repository/org/glassfish/jersey/inject/jersey-hk2/2.34/jersey-hk2-2.34.jar:/home/runner/.m2/repository/org/glassfish/hk2/hk2-locator/2.6.1/hk2-locator-2.6.1.jar:/home/runner/.m2/repository/org/glassfish/jersey/media/jersey-media-jaxb/2.34/jersey-media-jaxb-2.34.jar:/home/runner/.m2/repository/org/glassfish/hk2/osgi-resource-locator/1.0.3/osgi-resource-locator-1.0.3.jar:/home/runner/.m2/repository/org/glassfish/hk2/hk2-api/2.5.0/hk2-api-2.5.0.jar:/home/runner/.m2/repository/org/glassfish/hk2/hk2-utils/2.5.0/hk2-utils-2.5.0.jar:/home/runner/.m2/repository/org/glassfish/hk2/external/aopalliance-repackaged/2.5.0/aopalliance-repackaged-2.5.0.jar:/home/runner/.m2/repository/com/fasterxml/jackson/dataformat/jackson-dataformat-xml/2.13.4/jackson-dataformat-xml-2.13.4.jar:/home/runner/.m2/repository/com/fasterxml/jackson/core/jackson-core/2.13.4/jackson-core-2.13.4.jar:/home/runner/.m2/repository/org/codehaus/woodstox/stax2-api/4.2.1/stax2-api-4.2.1.jar:/home/runner/.m2/repository/com/fasterxml/woodstox/woodstox-core/5.4.0/woodstox-core-5.4.0.jar:/home/runner/.m2/repository/com/fasterxml/jackson/module/jackson-module-jaxb-annotations/2.13.4/jackson-module-jaxb-annotations-2.13.4.jar:/home/runner/.m2/repository/jakarta/xml/bind/jakarta.xml.bind-api/2.3.3/jakarta.xml.bind-api-2.3.3.jar:/home/runner/.m2/repository/jakarta/activation/jakarta.activation-api/1.2.2/jakarta.activation-api-1.2.2.jar:/home/runner/.m2/repository/javax/enterprise/cdi-api/1.2/cdi-api-1.2.jar:/home/runner/.m2/repository/javax/el/javax.el-api/3.0.0/javax.el-api-3.0.0.jar:/home/runner/.m2/repository/javax/interceptor/javax.interceptor-api/1.2/javax.interceptor-api-1.2.jar:/home/runner/.m2/repository/javax/inject/javax.inject/1/javax.inject-1.jar:/home/runner/.m2/repository/javax/xml/bind/jaxb-api/2.3.0/jaxb-api-2.3.0.jar:/home/runner/.m2/repository/org/glassfish/jaxb/jaxb-runtime/2.3.0.1/jaxb-runtime-2.3.0.1.jar:/home/runner/.m2/repository/org/glassfish/jaxb/jaxb-core/2.3.0.1/jaxb-core-2.3.0.1.jar:/home/runner/.m2/repository/org/glassfish/jaxb/txw2/2.3.0.1/txw2-2.3.0.1.jar:/home/runner/.m2/repository/com/sun/istack/istack-commons-runtime/3.0.5/istack-commons-runtime-3.0.5.jar:/home/runner/.m2/repository/org/jvnet/staxex/stax-ex/1.7.8/stax-ex-1.7.8.jar:/home/runner/.m2/repository/com/sun/xml/fastinfoset/FastInfoset/1.2.13/FastInfoset-1.2.13.jar:/home/runner/.m2/repository/javax/activation/activation/1.1.1/activation-1.1.1.jar:/home/runner/.m2/repository/io/grpc/grpc-protobuf/1.51.1/grpc-protobuf-1.51.1.jar:/home/runner/.m2/repository/io/grpc/grpc-api/1.51.1/grpc-api-1.51.1.jar:/home/runner/.m2/repository/io/grpc/grpc-context/1.51.1/grpc-context-1.51.1.jar:/home/runner/.m2/repository/com/google/api/grpc/proto-google-common-protos/2.9.0/proto-google-common-protos-2.9.0.jar:/home/runner/.m2/repository/io/grpc/grpc-protobuf-lite/1.51.1/grpc-protobuf-lite-1.51.1.jar:/home/runner/.m2/repository/io/grpc/grpc-stub/1.51.1/grpc-stub-1.51.1.jar:/home/runner/.m2/repository/io/netty/netty-transport/4.1.86.Final/netty-transport-4.1.86.Final.jar:/home/runner/.m2/repository/io/netty/netty-resolver/4.1.86.Final/netty-resolver-4.1.86.Final.jar:/home/runner/.m2/repository/org/apache/ozone/ozone-csi/1.4.0-SNAPSHOT/ozone-csi-1.4.0-SNAPSHOT.jar:/home/runner/.m2/repository/com/google/protobuf/protobuf-java-util/3.19.6/protobuf-java-util-3.19.6.jar:/home/runner/.m2/repository/com/google/code/gson/gson/2.9.0/gson-2.9.0.jar:/home/runner/.m2/repository/org/apache/ozone/hdds-config/1.4.0-SNAPSHOT/hdds-config-1.4.0-SNAPSHOT.jar:/home/runner/.m2/repository/io/netty/netty-transport-native-epoll/4.1.86.Final/netty-transport-native-epoll-4.1.86.Final-linux-x86_64.jar:/home/runner/.m2/repository/io/netty/netty-transport-classes-epoll/4.1.86.Final/netty-transport-classes-epoll-4.1.86.Final.jar:/home/runner/.m2/repository/io/netty/netty-transport-native-unix-common/4.1.86.Final/netty-transport-native-unix-common-4.1.86.Final.jar:/home/runner/.m2/repository/org/slf4j/slf4j-reload4j/1.7.36/slf4j-reload4j-1.7.36.jar:/home/runner/.m2/repository/org/apache/ozone/ozone-recon/1.4.0-SNAPSHOT/ozone-recon-1.4.0-SNAPSHOT.jar:/home/runner/.m2/repository/org/apache/ozone/ozone-reconcodegen/1.4.0-SNAPSHOT/ozone-reconcodegen-1.4.0-SNAPSHOT.jar:/home/runner/.m2/repository/com/google/inject/extensions/guice-multibindings/4.0/guice-multibindings-4.0.jar:/home/runner/.m2/repository/com/google/inject/guice/4.0/guice-4.0.jar:/home/runner/.m2/repository/aopalliance/aopalliance/1.0/aopalliance-1.0.jar:/home/runner/.m2/repository/com/google/inject/extensions/guice-assistedinject/4.0/guice-assistedinject-4.0.jar:/home/runner/.m2/repository/com/google/inject/extensions/guice-servlet/4.0/guice-servlet-4.0.jar:/home/runner/.m2/repository/org/glassfish/jersey/containers/jersey-container-servlet/2.34/jersey-container-servlet-2.34.jar:/home/runner/.m2/repository/org/glassfish/hk2/guice-bridge/2.5.0/guice-bridge-2.5.0.jar:/home/runner/.m2/repository/org/glassfish/jersey/core/jersey-server/2.34/jersey-server-2.34.jar:/home/runner/.m2/repository/org/glassfish/jersey/core/jersey-client/2.34/jersey-client-2.34.jar:/home/runner/.m2/repository/jakarta/annotation/jakarta.annotation-api/1.3.5/jakarta.annotation-api-1.3.5.jar:/home/runner/.m2/repository/jakarta/validation/jakarta.validation-api/2.0.2/jakarta.validation-api-2.0.2.jar:/home/runner/.m2/repository/org/glassfish/jersey/media/jersey-media-json-jackson/2.34/jersey-media-json-jackson-2.34.jar:/home/runner/.m2/repository/org/glassfish/jersey/ext/jersey-entity-filtering/2.34/jersey-entity-filtering-2.34.jar:/home/runner/.m2/repository/org/jooq/jooq/3.11.10/jooq-3.11.10.jar:/home/runner/.m2/repository/org/jooq/jooq-meta/3.11.10/jooq-meta-3.11.10.jar:/home/runner/.m2/repository/org/jooq/jooq-codegen/3.11.10/jooq-codegen-3.11.10.jar:/home/runner/.m2/repository/com/jolbox/bonecp/0.8.0.RELEASE/bonecp-0.8.0.RELEASE.jar:/home/runner/.m2/repository/org/apache/derby/derby/10.14.2.0/derby-10.14.2.0.jar:/home/runner/.m2/repository/org/xerial/sqlite-jdbc/3.25.2/sqlite-jdbc-3.25.2.jar:/home/runner/.m2/repository/org/springframework/spring-jdbc/5.3.23/spring-jdbc-5.3.23.jar:/home/runner/.m2/repository/org/springframework/spring-beans/5.3.23/spring-beans-5.3.23.jar:/home/runner/.m2/repository/org/springframework/spring-core/5.3.23/spring-core-5.3.23.jar:/home/runner/.m2/repository/org/springframework/spring-jcl/5.3.23/spring-jcl-5.3.23.jar:/home/runner/.m2/repository/org/springframework/spring-tx/5.3.23/spring-tx-5.3.23.jar:/home/runner/.m2/repository/org/apache/ozone/ozone-client/1.4.0-SNAPSHOT/ozone-client-1.4.0-SNAPSHOT.jar:/home/runner/.m2/repository/org/apache/ozone/hdds-erasurecode/1.4.0-SNAPSHOT/hdds-erasurecode-1.4.0-SNAPSHOT.jar:/home/runner/.m2/repository/org/apache/ozone/ozone-filesystem/1.4.0-SNAPSHOT/ozone-filesystem-1.4.0-SNAPSHOT.jar:/home/runner/.m2/repository/org/apache/ozone/ozone-filesystem-common/1.4.0-SNAPSHOT/ozone-filesystem-common-1.4.0-SNAPSHOT.jar:/home/runner/.m2/repository/org/apache/ozone/ozone-tools/1.4.0-SNAPSHOT/ozone-tools-1.4.0-SNAPSHOT.jar:/home/runner/.m2/repository/com/amazonaws/aws-java-sdk-core/1.12.261/aws-java-sdk-core-1.12.261.jar:/home/runner/.m2/repository/org/apache/httpcomponents/httpclient/4.5.13/httpclient-4.5.13.jar:/home/runner/.m2/repository/org/apache/httpcomponents/httpcore/4.4.13/httpcore-4.4.13.jar:/home/runner/.m2/repository/software/amazon/ion/ion-java/1.0.2/ion-java-1.0.2.jar:/home/runner/.m2/repository/com/fasterxml/jackson/dataformat/jackson-dataformat-cbor/2.13.4/jackson-dataformat-cbor-2.13.4.jar:/home/runner/.m2/repository/joda-time/joda-time/2.10.6/joda-time-2.10.6.jar:/home/runner/.m2/repository/com/amazonaws/aws-java-sdk-s3/1.12.261/aws-java-sdk-s3-1.12.261.jar:/home/runner/.m2/repository/com/amazonaws/aws-java-sdk-kms/1.12.261/aws-java-sdk-kms-1.12.261.jar:/home/runner/.m2/repository/com/amazonaws/jmespath-java/1.12.261/jmespath-java-1.12.261.jar:/home/runner/.m2/repository/org/kohsuke/metainf-services/metainf-services/1.8/metainf-services-1.8.jar:/home/runner/.m2/repository/org/apache/ozone/hdds-tools/1.4.0-SNAPSHOT/hdds-tools-1.4.0-SNAPSHOT.jar:/home/runner/.m2/repository/org/apache/ratis/ratis-tools/2.4.2-8b8bdda-SNAPSHOT/ratis-tools-2.4.2-8b8bdda-SNAPSHOT.jar:/home/runner/.m2/repository/org/apache/ratis/ratis-proto/2.4.2-8b8bdda-SNAPSHOT/ratis-proto-2.4.2-8b8bdda-SNAPSHOT.jar:/home/runner/.m2/repository/org/apache/ratis/ratis-common/2.4.2-8b8bdda-SNAPSHOT/ratis-common-2.4.2-8b8bdda-SNAPSHOT.jar:/home/runner/.m2/repository/commons-cli/commons-cli/1.2/commons-cli-1.2.jar:/home/runner/.m2/repository/org/apache/commons/commons-lang3/3.7/commons-lang3-3.7.jar:/home/runner/.m2/repository/org/apache/ozone/ozone-manager/1.4.0-SNAPSHOT/ozone-manager-1.4.0-SNAPSHOT-tests.jar:/home/runner/.m2/repository/org/apache/ozone/hdds-common/1.4.0-SNAPSHOT/hdds-common-1.4.0-SNAPSHOT-tests.jar:/home/runner/.m2/repository/org/apache/ozone/hdds-hadoop-dependency-client/1.4.0-SNAPSHOT/hdds-hadoop-dependency-client-1.4.0-SNAPSHOT.jar:/home/runner/.m2/repository/info/picocli/picocli/4.6.1/picocli-4.6.1.jar:/home/runner/.m2/repository/com/fasterxml/jackson/core/jackson-annotations/2.13.4/jackson-annotations-2.13.4.jar:/home/runner/.m2/repository/com/fasterxml/jackson/datatype/jackson-datatype-jsr310/2.13.4/jackson-datatype-jsr310-2.13.4.jar:/home/runner/.m2/repository/org/apache/ozone/hdds-annotation-processing/1.4.0-SNAPSHOT/hdds-annotation-processing-1.4.0-SNAPSHOT.jar:/home/runner/.m2/repository/javax/annotation/javax.annotation-api/1.2/javax.annotation-api-1.2.jar:/home/runner/.m2/repository/org/apache/ratis/ratis-server/2.4.2-8b8bdda-SNAPSHOT/ratis-server-2.4.2-8b8bdda-SNAPSHOT.jar:/home/runner/.m2/repository/org/apache/ratis/ratis-client/2.4.2-8b8bdda-SNAPSHOT/ratis-client-2.4.2-8b8bdda-SNAPSHOT.jar:/home/runner/.m2/repository/org/apache/ratis/ratis-server-api/2.4.2-8b8bdda-SNAPSHOT/ratis-server-api-2.4.2-8b8bdda-SNAPSHOT.jar:/home/runner/.m2/repository/org/apache/ratis/ratis-metrics/2.4.2-8b8bdda-SNAPSHOT/ratis-metrics-2.4.2-8b8bdda-SNAPSHOT.jar:/home/runner/.m2/repository/org/apache/ratis/ratis-netty/2.4.2-8b8bdda-SNAPSHOT/ratis-netty-2.4.2-8b8bdda-SNAPSHOT.jar:/home/runner/.m2/repository/org/apache/ratis/ratis-grpc/2.4.2-8b8bdda-SNAPSHOT/ratis-grpc-2.4.2-8b8bdda-SNAPSHOT.jar:/home/runner/.m2/repository/org/apache/logging/log4j/log4j-api/2.17.1/log4j-api-2.17.1.jar:/home/runner/.m2/repository/org/apache/commons/commons-pool2/2.6.0/commons-pool2-2.6.0.jar:/home/runner/.m2/repository/org/bouncycastle/bcpkix-jdk15on/1.67/bcpkix-jdk15on-1.67.jar:/home/runner/.m2/repository/commons-validator/commons-validator/1.6/commons-validator-1.6.jar:/home/runner/.m2/repository/commons-beanutils/commons-beanutils/1.9.4/commons-beanutils-1.9.4.jar:/home/runner/.m2/repository/commons-digester/commons-digester/1.8.1/commons-digester-1.8.1.jar:/home/runner/.m2/repository/commons-collections/commons-collections/3.2.2/commons-collections-3.2.2.jar:/home/runner/.m2/repository/io/jaegertracing/jaeger-client/1.6.0/jaeger-client-1.6.0.jar:/home/runner/.m2/repository/io/jaegertracing/jaeger-thrift/1.6.0/jaeger-thrift-1.6.0.jar:/home/runner/.m2/repository/org/apache/thrift/libthrift/0.14.1/libthrift-0.14.1.jar:/home/runner/.m2/repository/io/jaegertracing/jaeger-core/1.6.0/jaeger-core-1.6.0.jar:/home/runner/.m2/repository/io/jaegertracing/jaeger-tracerresolver/1.6.0/jaeger-tracerresolver-1.6.0.jar:/home/runner/.m2/repository/io/opentracing/contrib/opentracing-tracerresolver/0.1.8/opentracing-tracerresolver-0.1.8.jar:/home/runner/.m2/repository/org/jetbrains/kotlin/kotlin-stdlib/1.6.21/kotlin-stdlib-1.6.21.jar:/home/runner/.m2/repository/org/jetbrains/annotations/13.0/annotations-13.0.jar:/home/runner/.m2/repository/io/opentracing/opentracing-util/0.33.0/opentracing-util-0.33.0.jar:/home/runner/.m2/repository/io/opentracing/opentracing-api/0.33.0/opentracing-api-0.33.0.jar:/home/runner/.m2/repository/io/opentracing/opentracing-noop/0.33.0/opentracing-noop-0.33.0.jar:/home/runner/.m2/repository/org/yaml/snakeyaml/1.33/snakeyaml-1.33.jar:/home/runner/.m2/repository/org/apache/ozone/hdds-interface-admin/1.4.0-SNAPSHOT/hdds-interface-admin-1.4.0-SNAPSHOT.jar:/home/runner/.m2/repository/junit/junit/4.13.1/junit-4.13.1.jar:/home/runner/.m2/repository/org/hamcrest/hamcrest-core/1.3/hamcrest-core-1.3.jar:/home/runner/.m2/repository/org/junit/jupiter/junit-jupiter-api/5.8.2/junit-jupiter-api-5.8.2.jar:/home/runner/.m2/repository/org/opentest4j/opentest4j/1.2.0/opentest4j-1.2.0.jar:/home/runner/.m2/repository/org/junit/platform/junit-platform-commons/1.8.2/junit-platform-commons-1.8.2.jar:/home/runner/.m2/repository/org/apiguardian/apiguardian-api/1.1.2/apiguardian-api-1.1.2.jar:/home/runner/.m2/repository/org/junit/jupiter/junit-jupiter-params/5.8.2/junit-jupiter-params-5.8.2.jar:/home/runner/.m2/repository/org/junit/jupiter/junit-jupiter-migrationsupport/5.8.2/junit-jupiter-migrationsupport-5.8.2.jar:/home/runner/.m2/repository/org/junit/jupiter/junit-jupiter-engine/5.8.2/junit-jupiter-engine-5.8.2.jar:/home/runner/.m2/repository/org/junit/platform/junit-platform-engine/1.8.2/junit-platform-engine-1.8.2.jar:/home/runner/.m2/repository/org/junit/vintage/junit-vintage-engine/5.8.2/junit-vintage-engine-5.8.2.jar:/home/runner/.m2/repository/org/junit/platform/junit-platform-launcher/1.8.2/junit-platform-launcher-1.8.2.jar:/home/runner/.m2/repository/org/mockito/mockito-core/2.28.2/mockito-core-2.28.2.jar:/home/runner/.m2/repository/net/bytebuddy/byte-buddy/1.9.10/byte-buddy-1.9.10.jar:/home/runner/.m2/repository/net/bytebuddy/byte-buddy-agent/1.9.10/byte-buddy-agent-1.9.10.jar:/home/runner/.m2/repository/org/objenesis/objenesis/1.0/objenesis-1.0.jar:/home/runner/.m2/repository/org/apache/hadoop/hadoop-kms/3.3.4/hadoop-kms-3.3.4.jar:/home/runner/.m2/repository/org/apache/hadoop/hadoop-auth/3.3.4/hadoop-auth-3.3.4.jar:/home/runner/.m2/repository/com/nimbusds/nimbus-jose-jwt/9.8.1/nimbus-jose-jwt-9.8.1.jar:/home/runner/.m2/repository/com/github/stephenc/jcip/jcip-annotations/1.0-1/jcip-annotations-1.0-1.jar:/home/runner/.m2/repository/net/minidev/json-smart/2.4.7/json-smart-2.4.7.jar:/home/runner/.m2/repository/net/minidev/accessors-smart/2.4.7/accessors-smart-2.4.7.jar:/home/runner/.m2/repository/org/ow2/asm/asm/5.0.4/asm-5.0.4.jar:/home/runner/.m2/repository/org/apache/zookeeper/zookeeper/3.5.6/zookeeper-3.5.6.jar:/home/runner/.m2/repository/org/apache/zookeeper/zookeeper-jute/3.5.6/zookeeper-jute-3.5.6.jar:/home/runner/.m2/repository/org/apache/yetus/audience-annotations/0.5.0/audience-annotations-0.5.0.jar:/home/runner/.m2/repository/org/apache/curator/curator-framework/4.2.0/curator-framework-4.2.0.jar:/home/runner/.m2/repository/org/apache/hadoop/thirdparty/hadoop-shaded-guava/1.1.1/hadoop-shaded-guava-1.1.1.jar:/home/runner/.m2/repository/com/sun/jersey/jersey-core/1.19/jersey-core-1.19.jar:/home/runner/.m2/repository/javax/ws/rs/jsr311-api/1.1.1/jsr311-api-1.1.1.jar:/home/runner/.m2/repository/com/sun/jersey/jersey-server/1.19/jersey-server-1.19.jar:/home/runner/.m2/repository/javax/servlet/javax.servlet-api/3.1.0/javax.servlet-api-3.1.0.jar:/home/runner/.m2/repository/org/eclipse/jetty/jetty-server/9.4.49.v20220914/jetty-server-9.4.49.v20220914.jar:/home/runner/.m2/repository/org/eclipse/jetty/jetty-http/9.4.49.v20220914/jetty-http-9.4.49.v20220914.jar:/home/runner/.m2/repository/org/eclipse/jetty/jetty-io/9.4.49.v20220914/jetty-io-9.4.49.v20220914.jar:/home/runner/.m2/repository/org/eclipse/jetty/jetty-webapp/9.4.49.v20220914/jetty-webapp-9.4.49.v20220914.jar:/home/runner/.m2/repository/org/eclipse/jetty/jetty-xml/9.4.49.v20220914/jetty-xml-9.4.49.v20220914.jar:/home/runner/.m2/repository/org/apache/hadoop/hadoop-common/3.3.4/hadoop-common-3.3.4.jar:/home/runner/.m2/repository/org/apache/commons/commons-math3/3.1.1/commons-math3-3.1.1.jar:/home/runner/.m2/repository/commons-net/commons-net/3.9.0/commons-net-3.9.0.jar:/home/runner/.m2/repository/com/sun/jersey/jersey-servlet/1.19/jersey-servlet-1.19.jar:/home/runner/.m2/repository/com/sun/jersey/jersey-json/1.19/jersey-json-1.19.jar:/home/runner/.m2/repository/org/codehaus/jettison/jettison/1.1/jettison-1.1.jar:/home/runner/.m2/repository/com/sun/xml/bind/jaxb-impl/2.2.3-1/jaxb-impl-2.2.3-1.jar:/home/runner/.m2/repository/org/codehaus/jackson/jackson-jaxrs/1.9.2/jackson-jaxrs-1.9.2.jar:/home/runner/.m2/repository/org/codehaus/jackson/jackson-xc/1.9.2/jackson-xc-1.9.2.jar:/home/runner/.m2/repository/com/google/re2j/re2j/1.1/re2j-1.1.jar:/home/runner/.m2/repository/com/jcraft/jsch/0.1.54/jsch-0.1.54.jar:/home/runner/.m2/repository/org/apache/curator/curator-client/4.2.0/curator-client-4.2.0.jar:/home/runner/.m2/repository/org/apache/curator/curator-recipes/4.2.0/curator-recipes-4.2.0.jar:/home/runner/.m2/repository/org/apache/kerby/kerb-core/1.0.1/kerb-core-1.0.1.jar:/home/runner/.m2/repository/org/apache/kerby/kerby-pkix/1.0.1/kerby-pkix-1.0.1.jar:/home/runner/.m2/repository/org/apache/kerby/kerby-asn1/1.0.1/kerby-asn1-1.0.1.jar:/home/runner/.m2/repository/org/apache/kerby/kerby-util/1.0.1/kerby-util-1.0.1.jar:/home/runner/.m2/repository/dnsjava/dnsjava/2.1.7/dnsjava-2.1.7.jar:/home/runner/.m2/repository/org/xerial/snappy/snappy-java/1.1.8.2/snappy-java-1.1.8.2.jar:/home/runner/.m2/repository/org/eclipse/jetty/jetty-util/9.4.49.v20220914/jetty-util-9.4.49.v20220914.jar:/home/runner/.m2/repository/com/fasterxml/jackson/core/jackson-databind/2.13.4.2/jackson-databind-2.13.4.2.jar:/home/runner/.m2/repository/org/apache/hadoop/hadoop-kms/3.3.4/hadoop-kms-3.3.4-tests.jar:/home/runner/.m2/repository/org/apache/ozone/hdds-server-scm/1.4.0-SNAPSHOT/hdds-server-scm-1.4.0-SNAPSHOT-tests.jar:/home/runner/.m2/repository/org/apache/ozone/hdds-container-service/1.4.0-SNAPSHOT/hdds-container-service-1.4.0-SNAPSHOT-tests.jar:/home/runner/.m2/repository/com/github/luben/zstd-jni/1.5.2-5/zstd-jni-1.5.2-5.jar:/home/runner/.m2/repository/commons-codec/commons-codec/1.15/commons-codec-1.15.jar:/home/runner/.m2/repository/io/netty/netty-codec/4.1.86.Final/netty-codec-4.1.86.Final.jar:/home/runner/.m2/repository/io/netty/netty-handler/4.1.86.Final/netty-handler-4.1.86.Final.jar:/home/runner/.m2/repository/org/apache/ozone/hdds-hadoop-dependency-test/1.4.0-SNAPSHOT/hdds-hadoop-dependency-test-1.4.0-SNAPSHOT.jar:/home/runner/.m2/repository/org/apache/hadoop/hadoop-common/3.3.4/hadoop-common-3.3.4-tests.jar:/home/runner/.m2/repository/org/apache/hadoop/hadoop-hdfs/3.3.4/hadoop-hdfs-3.3.4-tests.jar:/home/runner/.m2/repository/org/assertj/assertj-core/3.12.2/assertj-core-3.12.2.jar:/home/runner/.m2/repository/org/apache/hadoop/hadoop-distcp/3.3.4/hadoop-distcp-3.3.4.jar:/home/runner/.m2/repository/org/apache/hadoop/hadoop-mapreduce-client-jobclient/3.3.4/hadoop-mapreduce-client-jobclient-3.3.4.jar:/home/runner/.m2/repository/org/apache/hadoop/hadoop-mapreduce-client-common/3.3.4/hadoop-mapreduce-client-common-3.3.4.jar:/home/runner/.m2/repository/org/apache/hadoop/hadoop-yarn-common/3.3.4/hadoop-yarn-common-3.3.4.jar:/home/runner/.m2/repository/org/apache/hadoop/hadoop-yarn-api/3.3.4/hadoop-yarn-api-3.3.4.jar:/home/runner/.m2/repository/com/sun/jersey/contribs/jersey-guice/1.19/jersey-guice-1.19.jar:/home/runner/.m2/repository/com/fasterxml/jackson/jaxrs/jackson-jaxrs-json-provider/2.13.4/jackson-jaxrs-json-provider-2.13.4.jar:/home/runner/.m2/repository/com/fasterxml/jackson/jaxrs/jackson-jaxrs-base/2.13.4/jackson-jaxrs-base-2.13.4.jar:/home/runner/.m2/repository/org/apache/hadoop/hadoop-yarn-client/3.3.4/hadoop-yarn-client-3.3.4.jar:/home/runner/.m2/repository/org/eclipse/jetty/websocket/websocket-client/9.4.43.v20210629/websocket-client-9.4.43.v20210629.jar:/home/runner/.m2/repository/org/eclipse/jetty/websocket/websocket-common/9.4.43.v20210629/websocket-common-9.4.43.v20210629.jar:/home/runner/.m2/repository/org/eclipse/jetty/websocket/websocket-api/9.4.43.v20210629/websocket-api-9.4.43.v20210629.jar:/home/runner/.m2/repository/org/jline/jline/3.9.0/jline-3.9.0.jar:/home/runner/.m2/repository/org/apache/hadoop/hadoop-mapreduce-client-core/3.3.4/hadoop-mapreduce-client-core-3.3.4.jar:/home/runner/.m2/repository/org/apache/avro/avro/1.7.7/avro-1.7.7.jar:/home/runner/.m2/repository/org/codehaus/jackson/jackson-core-asl/1.9.13/jackson-core-asl-1.9.13.jar:/home/runner/.m2/repository/org/codehaus/jackson/jackson-mapper-asl/1.9.13/jackson-mapper-asl-1.9.13.jar:/home/runner/.m2/repository/com/thoughtworks/paranamer/paranamer/2.3/paranamer-2.3.jar:/home/runner/.m2/repository/org/apache/hadoop/hadoop-annotations/3.3.4/hadoop-annotations-3.3.4.jar:/usr/lib/jvm/temurin-8-jdk-amd64/jre/../lib/tools.jar:/home/runner/.m2/repository/io/netty/netty/3.10.6.Final/netty-3.10.6.Final.jar:/home/runner/.m2/repository/org/apache/hadoop/hadoop-distcp/3.3.4/hadoop-distcp-3.3.4-tests.jar:/home/runner/.m2/repository/org/slf4j/jul-to-slf4j/1.7.36/jul-to-slf4j-1.7.36.jar:"/>
    <property name="sun.cpu.endian" value="little"/>
    <property name="user.home" value="/home/runner"/>
    <property name="user.language" value="en"/>
    <property name="java.specification.vendor" value="Oracle Corporation"/>
    <property name="java.home" value="/usr/lib/jvm/temurin-8-jdk-amd64/jre"/>
    <property name="java.security.krb5.conf" value="/home/runner/work/ozone/ozone/hadoop-ozone/integration-test/target/test-classes/krb5.conf"/>
    <property name="basedir" value="/home/runner/work/ozone/ozone/hadoop-ozone/integration-test"/>
    <property name="file.separator" value="/"/>
    <property name="line.separator" value="&#10;"/>
    <property name="java.vm.specification.vendor" value="Oracle Corporation"/>
    <property name="java.specification.name" value="Java Platform API Specification"/>
    <property name="java.awt.graphicsenv" value="sun.awt.X11GraphicsEnvironment"/>
    <property name="skip.installnpx" value="true"/>
    <property name="surefire.real.class.path" value="/home/runner/work/ozone/ozone/hadoop-ozone/integration-test/target/surefire/surefirebooter3606492353966433862.jar:/home/runner/.m2/repository/org/jacoco/org.jacoco.agent/0.8.5/org.jacoco.agent-0.8.5-runtime.jar"/>
    <property name="hadoop.log.dir" value="/home/runner/work/ozone/ozone/hadoop-ozone/integration-test/target/log"/>
    <property name="sun.boot.class.path" value="/usr/lib/jvm/temurin-8-jdk-amd64/jre/lib/resources.jar:/usr/lib/jvm/temurin-8-jdk-amd64/jre/lib/rt.jar:/usr/lib/jvm/temurin-8-jdk-amd64/jre/lib/sunrsasign.jar:/usr/lib/jvm/temurin-8-jdk-amd64/jre/lib/jsse.jar:/usr/lib/jvm/temurin-8-jdk-amd64/jre/lib/jce.jar:/usr/lib/jvm/temurin-8-jdk-amd64/jre/lib/charsets.jar:/usr/lib/jvm/temurin-8-jdk-amd64/jre/lib/jfr.jar:/usr/lib/jvm/temurin-8-jdk-amd64/jre/classes"/>
    <property name="sun.management.compiler" value="HotSpot 64-Bit Tiered Compilers"/>
    <property name="skip.npx" value="true"/>
    <property name="java.runtime.version" value="1.8.0_362-b09"/>
    <property name="java.net.preferIPv4Stack" value="true"/>
    <property name="user.name" value="runner"/>
    <property name="path.separator" value=":"/>
    <property name="java.security.egd" value="file:///dev/urandom"/>
    <property name="os.version" value="5.15.0-1033-azure"/>
    <property name="java.endorsed.dirs" value="/usr/lib/jvm/temurin-8-jdk-amd64/jre/lib/endorsed"/>
    <property name="java.runtime.name" value="OpenJDK Runtime Environment"/>
    <property name="file.encoding" value="UTF-8"/>
    <property name="java.vm.name" value="OpenJDK 64-Bit Server VM"/>
    <property name="test.build.webapps" value=""/>
    <property name="localRepository" value="/home/runner/.m2/repository"/>
    <property name="jetty.git.hash" value="4231a3b2e4cb8548a412a789936d640a97b1aa0a"/>
    <property name="java.vendor.url.bug" value="https://github.com/adoptium/adoptium-support/issues"/>
    <property name="java.io.tmpdir" value="/tmp"/>
    <property name="require.test.libhadoop" value=""/>
    <property name="java.version" value="1.8.0_362"/>
    <property name="user.dir" value="/home/runner/work/ozone/ozone/hadoop-ozone/integration-test"/>
    <property name="os.arch" value="amd64"/>
    <property name="java.vm.specification.name" value="Java Virtual Machine Specification"/>
    <property name="test.build.classes" value="/home/runner/work/ozone/ozone/hadoop-ozone/integration-test/target/test-classes"/>
    <property name="java.awt.printerjob" value="sun.print.PSPrinterJob"/>
    <property name="sun.os.patch.level" value="unknown"/>
    <property name="org.apache.ratis.thirdparty.io.netty.allocator.useCacheForAllThreads" value="false"/>
    <property name="hadoop.tmp.dir" value="/home/runner/work/ozone/ozone/hadoop-ozone/integration-test/target/tmp"/>
    <property name="java.library.path" value="/usr/java/packages/lib/amd64:/usr/lib64:/lib64:/lib:/usr/lib"/>
    <property name="java.vm.info" value="mixed mode"/>
    <property name="java.vendor" value="Temurin"/>
    <property name="java.vm.version" value="25.362-b09"/>
    <property name="java.specification.maintenance.version" value="4"/>
    <property name="java.ext.dirs" value="/usr/lib/jvm/temurin-8-jdk-amd64/jre/lib/ext:/usr/java/packages/lib/ext"/>
    <property name="sun.io.unicode.encoding" value="UnicodeLittle"/>
    <property name="java.class.version" value="52.0"/>
  </properties>
  <testcase name="testGetTrashRoot" classname="TestOzoneFileSystem" time="22.524">
    <system-out><![CDATA[2023-02-21 13:37:33,046 [main] WARN  server.ServerUtils (ServerUtils.java:getScmDbDir(148)) - ozone.scm.db.dirs is not configured. We recommend adding this setting. Falling back to ozone.metadata.dirs instead.
2023-02-21 13:37:33,123 [main] WARN  server.ServerUtils (ServerUtils.java:getScmDbDir(148)) - ozone.scm.db.dirs is not configured. We recommend adding this setting. Falling back to ozone.metadata.dirs instead.
2023-02-21 13:37:33,126 [main] INFO  ha.SCMHANodeDetails (SCMHANodeDetails.java:loadSCMHAConfig(209)) - ServiceID for StorageContainerManager is null
2023-02-21 13:37:33,143 [main] WARN  ha.SCMHANodeDetails (SCMHANodeDetails.java:validateSCMHAConfig(182)) - Invalid config ozone.scm.ratis.enable. The config was not specified, but the default value true conflicts with the expected config value false. Falling back to the expected value. Current State of SCM: SCM is running in Non-HA without Ratis Ratis SCM -> Non Ratis SCM or Non HA SCM -> HA SCM is not supported
2023-02-21 13:37:33,143 [main] INFO  ha.SCMHANodeDetails (SCMHANodeDetails.java:loadSCMHAConfig(214)) - ozone.scm.default.service.id is not defined, falling back to ozone.scm.service.ids to find serviceID for StorageContainerManager if it is HA enabled cluster
2023-02-21 13:37:33,660 [main] WARN  utils.HAUtils (HAUtils.java:getMetaDir(342)) - ozone.scm.db.dirs is not configured. We recommend adding this setting. Falling back to ozone.metadata.dirs instead.
2023-02-21 13:37:33,893 [main] WARN  db.DBStoreBuilder (DBStoreBuilder.java:applyDBDefinition(172)) - ozone.scm.db.dirs is not configured. We recommend adding this setting. Falling back to ozone.metadata.dirs instead.
2023-02-21 13:37:34,142 [main] INFO  net.NodeSchemaLoader (NodeSchemaLoader.java:loadSchemaFromFile(129)) - Loading schema from [jar:file:/home/runner/.m2/repository/org/apache/ozone/hdds-common/1.4.0-SNAPSHOT/hdds-common-1.4.0-SNAPSHOT.jar!/network-topology-default.xml]
2023-02-21 13:37:34,144 [main] INFO  net.NodeSchemaLoader (NodeSchemaLoader.java:loadSchema(176)) - Loading network topology layer schema file
2023-02-21 13:37:34,192 [main] INFO  metrics.MetricRegistries (MetricRegistriesLoader.java:load(64)) - Loaded MetricRegistries class org.apache.ratis.metrics.impl.MetricRegistriesImpl
2023-02-21 13:37:34,198 [main] INFO  upgrade.AbstractLayoutVersionManager (AbstractLayoutVersionManager.java:init(83)) - Initializing Layout version manager with metadata layout = DATANODE_SCHEMA_V3 (version = 4), software layout = DATANODE_SCHEMA_V3 (version = 4)
2023-02-21 13:37:34,481 [main] INFO  reflections.Reflections (Reflections.java:scan(232)) - Reflections took 192 ms to scan 7 urls, producing 150 keys and 362 values 
2023-02-21 13:37:34,620 [main] INFO  ha.SequenceIdGenerator (SequenceIdGenerator.java:upgradeToSequenceId(349)) - upgrade localId to 111677748019200000
2023-02-21 13:37:34,620 [main] INFO  ha.SequenceIdGenerator (SequenceIdGenerator.java:upgradeToSequenceId(359)) - upgrade delTxnId to 0
2023-02-21 13:37:34,627 [main] INFO  ha.SequenceIdGenerator (SequenceIdGenerator.java:upgradeToSequenceId(376)) - upgrade containerId to 0
2023-02-21 13:37:34,629 [main] INFO  ha.SequenceIdGenerator (SequenceIdGenerator.java:<init>(220)) - Init the HA SequenceIdGenerator.
2023-02-21 13:37:34,708 [main] WARN  server.ServerUtils (ServerUtils.java:sanitizeUserArgs(73)) - ozone.scm.stale.node.interval value = 300000 is larger than max = 100000 based on the key value of ozone.scm.heartbeat.thread.interval, reset to the max value 100000.
2023-02-21 13:37:34,708 [main] WARN  server.ServerUtils (ServerUtils.java:sanitizeUserArgs(73)) - ozone.scm.stale.node.interval value = 300000 is larger than max = 100000 based on the key value of ozone.scm.heartbeat.thread.interval, reset to the max value 100000.
2023-02-21 13:37:34,715 [main] INFO  node.SCMNodeManager (SCMNodeManager.java:<init>(149)) - Entering startup safe mode.
2023-02-21 13:37:34,793 [main] INFO  algorithms.ContainerPlacementPolicyFactory (ContainerPlacementPolicyFactory.java:getPolicyInternal(86)) - Create container placement policy of type org.apache.hadoop.hdds.scm.container.placement.algorithms.SCMContainerPlacementRandom
2023-02-21 13:37:34,796 [main] INFO  algorithms.ContainerPlacementPolicyFactory (ContainerPlacementPolicyFactory.java:getPolicyInternal(86)) - Create container placement policy of type org.apache.hadoop.hdds.scm.container.placement.algorithms.SCMContainerPlacementRackScatter
2023-02-21 13:37:34,807 [main] INFO  pipeline.PipelineStateManagerImpl (PipelineStateManagerImpl.java:initialize(78)) - No pipeline exists in current db
2023-02-21 13:37:34,852 [main] INFO  algorithms.LeaderChoosePolicyFactory (LeaderChoosePolicyFactory.java:getPolicy(57)) - Create leader choose policy of type org.apache.hadoop.hdds.scm.pipeline.leader.choose.algorithms.MinLeaderCountChoosePolicy
2023-02-21 13:37:34,852 [main] INFO  algorithms.ContainerPlacementPolicyFactory (ContainerPlacementPolicyFactory.java:getPolicyInternal(86)) - Create container placement policy of type org.apache.hadoop.hdds.scm.container.placement.algorithms.SCMContainerPlacementRackScatter
2023-02-21 13:37:34,859 [main] INFO  ha.SCMServiceManager (SCMServiceManager.java:register(42)) - Registering service BackgroundPipelineCreator.
2023-02-21 13:37:34,860 [main] INFO  pipeline.BackgroundPipelineCreator (BackgroundPipelineCreator.java:start(124)) - Starting RatisPipelineUtilsThread.
2023-02-21 13:37:34,864 [main] INFO  BackgroundPipelineScrubber (BackgroundSCMService.java:start(68)) - Starting BackgroundPipelineScrubber Service.
2023-02-21 13:37:34,865 [main] INFO  ha.SCMServiceManager (SCMServiceManager.java:register(42)) - Registering service BackgroundPipelineScrubber.
2023-02-21 13:37:34,873 [main] INFO  ExpiredContainerReplicaOpScrubber (BackgroundSCMService.java:start(68)) - Starting ExpiredContainerReplicaOpScrubber Service.
2023-02-21 13:37:34,874 [main] INFO  ha.SCMServiceManager (SCMServiceManager.java:register(42)) - Registering service ExpiredContainerReplicaOpScrubber.
2023-02-21 13:37:34,923 [main] INFO  algorithms.PipelineChoosePolicyFactory (PipelineChoosePolicyFactory.java:createPipelineChoosePolicyFromClass(73)) - Create pipeline choose policy of type org.apache.hadoop.hdds.scm.pipeline.choose.algorithms.RandomPipelineChoosePolicy
2023-02-21 13:37:34,953 [main] INFO  ha.SCMServiceManager (SCMServiceManager.java:register(42)) - Registering service SCMBlockDeletingService.
2023-02-21 13:37:35,038 [main] INFO  replication.ReplicationManager (ReplicationManager.java:start(266)) - Starting Replication Monitor Thread.
2023-02-21 13:37:35,048 [main] INFO  ha.SCMServiceManager (SCMServiceManager.java:register(42)) - Registering service ReplicationManager.
2023-02-21 13:37:35,051 [ReplicationMonitor] INFO  replication.ReplicationManager (ReplicationManager.java:processAll(341)) - Replication Manager is not ready to run until 3000ms after safemode exit
2023-02-21 13:37:35,066 [main] INFO  safemode.ContainerSafeModeRule (ContainerSafeModeRule.java:<init>(89)) - containers with one replica threshold count 0
2023-02-21 13:37:35,073 [main] INFO  safemode.HealthyPipelineSafeModeRule (HealthyPipelineSafeModeRule.java:initializeRule(169)) - Total pipeline count is 0, healthy pipeline threshold count is 1
2023-02-21 13:37:35,076 [main] INFO  safemode.OneReplicaPipelineSafeModeRule (OneReplicaPipelineSafeModeRule.java:initializeRule(180)) - Total pipeline count is 0, pipeline's with at least one datanode reported threshold count is 0
2023-02-21 13:37:35,442 [main] INFO  audit.AuditLogger (AuditLogger.java:refreshDebugCmdSet(126)) - Refresh DebugCmdSet for SCMAudit to [].
2023-02-21 13:37:35,478 [main] INFO  ipc.CallQueueManager (CallQueueManager.java:<init>(90)) - Using callQueue: class java.util.concurrent.LinkedBlockingQueue, queueCapacity: 2000, scheduler: class org.apache.hadoop.ipc.DefaultRpcScheduler, ipcBackoff: false.
2023-02-21 13:37:35,523 [Socket Reader #1 for port 0] INFO  ipc.Server (Server.java:run(1273)) - Starting Socket Reader #1 for port 0
2023-02-21 13:37:35,591 [Listener at 0.0.0.0/44027] INFO  audit.AuditLogger (AuditLogger.java:refreshDebugCmdSet(126)) - Refresh DebugCmdSet for SCMAudit to [].
2023-02-21 13:37:35,597 [Listener at 0.0.0.0/44027] INFO  ipc.CallQueueManager (CallQueueManager.java:<init>(90)) - Using callQueue: class java.util.concurrent.LinkedBlockingQueue, queueCapacity: 2000, scheduler: class org.apache.hadoop.ipc.DefaultRpcScheduler, ipcBackoff: false.
2023-02-21 13:37:35,598 [Socket Reader #1 for port 0] INFO  ipc.Server (Server.java:run(1273)) - Starting Socket Reader #1 for port 0
2023-02-21 13:37:35,632 [Listener at 0.0.0.0/36255] INFO  audit.AuditLogger (AuditLogger.java:refreshDebugCmdSet(126)) - Refresh DebugCmdSet for SCMAudit to [].
2023-02-21 13:37:35,643 [Listener at 0.0.0.0/36255] INFO  ipc.CallQueueManager (CallQueueManager.java:<init>(90)) - Using callQueue: class java.util.concurrent.LinkedBlockingQueue, queueCapacity: 2000, scheduler: class org.apache.hadoop.ipc.DefaultRpcScheduler, ipcBackoff: false.
2023-02-21 13:37:35,648 [Socket Reader #1 for port 0] INFO  ipc.Server (Server.java:run(1273)) - Starting Socket Reader #1 for port 0
2023-02-21 13:37:35,780 [Listener at 0.0.0.0/37649] INFO  ha.SCMServiceManager (SCMServiceManager.java:register(42)) - Registering service ContainerBalancer.
2023-02-21 13:37:35,782 [Listener at 0.0.0.0/37649] INFO  server.StorageContainerManager (StorageContainerManager.java:<init>(402)) - 
Container Balancer status:
Key                            Value
Running                        true
Container Balancer Configuration values:
Key                                                Value
Threshold                                          10
Max Datanodes to Involve per Iteration(percent)    20
Max Size to Move per Iteration                     500GB
Max Size Entering Target per Iteration             26GB
Max Size Leaving Source per Iteration              26GB

2023-02-21 13:37:35,783 [Listener at 0.0.0.0/37649] INFO  ha.SCMContext (SCMContext.java:updateSafeModeStatus(228)) - Update SafeModeStatus from SafeModeStatus{safeModeStatus=true, preCheckPassed=false} to SafeModeStatus{safeModeStatus=true, preCheckPassed=false}.
2023-02-21 13:37:35,792 [Listener at 0.0.0.0/37649] INFO  server.StorageContainerManager (StorageContainerManager.java:start(1436)) - StorageContainerLocationProtocol RPC server is listening at /0.0.0.0:37649
2023-02-21 13:37:35,865 [Listener at 0.0.0.0/37649] WARN  impl.MetricsConfig (MetricsConfig.java:loadFirst(136)) - Cannot locate configuration: tried hadoop-metrics2-storagecontainermanager.properties,hadoop-metrics2.properties
2023-02-21 13:37:35,880 [Listener at 0.0.0.0/37649] INFO  impl.MetricsSystemImpl (MetricsSystemImpl.java:startTimer(378)) - Scheduled Metric snapshot period at 10 second(s).
2023-02-21 13:37:35,880 [Listener at 0.0.0.0/37649] INFO  impl.MetricsSystemImpl (MetricsSystemImpl.java:start(191)) - StorageContainerManager metrics system started
2023-02-21 13:37:36,204 [Listener at 0.0.0.0/37649] INFO  server.SCMClientProtocolServer (SCMClientProtocolServer.java:start(176)) - RPC server for Client  is listening at /0.0.0.0:37649
2023-02-21 13:37:36,208 [IPC Server Responder] INFO  ipc.Server (Server.java:run(1512)) - IPC Server Responder: starting
2023-02-21 13:37:36,214 [Listener at 0.0.0.0/37649] INFO  server.StorageContainerManager (StorageContainerManager.java:start(1450)) - ScmBlockLocationProtocol RPC server is listening at /0.0.0.0:36255
2023-02-21 13:37:36,219 [Listener at 0.0.0.0/37649] INFO  server.SCMBlockProtocolServer (SCMBlockProtocolServer.java:start(152)) - RPC server for Block Protocol is listening at /0.0.0.0:36255
2023-02-21 13:37:36,210 [IPC Server listener on 0] INFO  ipc.Server (Server.java:run(1352)) - IPC Server listener on 0: starting
2023-02-21 13:37:36,219 [IPC Server Responder] INFO  ipc.Server (Server.java:run(1512)) - IPC Server Responder: starting
2023-02-21 13:37:36,220 [IPC Server listener on 0] INFO  ipc.Server (Server.java:run(1352)) - IPC Server listener on 0: starting
2023-02-21 13:37:36,223 [Listener at 0.0.0.0/37649] INFO  server.SCMDatanodeProtocolServer (SCMDatanodeProtocolServer.java:start(193)) - ScmDatanodeProtocol RPC server for DataNodes is listening at /0.0.0.0:44027
2023-02-21 13:37:36,223 [IPC Server Responder] INFO  ipc.Server (Server.java:run(1512)) - IPC Server Responder: starting
2023-02-21 13:37:36,224 [IPC Server listener on 0] INFO  ipc.Server (Server.java:run(1352)) - IPC Server listener on 0: starting
2023-02-21 13:37:36,237 [org.apache.hadoop.util.JvmPauseMonitor$Monitor@762db992] INFO  util.JvmPauseMonitor (JvmPauseMonitor.java:run(188)) - Starting JVM pause monitor
2023-02-21 13:37:36,253 [Listener at 0.0.0.0/37649] INFO  http.BaseHttpServer (BaseHttpServer.java:newHttpServer2BuilderForOzone(213)) - Starting Web-server for scm at: http://0.0.0.0:0
2023-02-21 13:37:36,253 [Listener at 0.0.0.0/37649] INFO  http.BaseHttpServer (BaseHttpServer.java:<init>(108)) - Hadoop Security Enabled: false Ozone Security Enabled: false Ozone HTTP Security Enabled: false 
2023-02-21 13:37:36,288 [Listener at 0.0.0.0/37649] INFO  util.log (Log.java:initialized(170)) - Logging initialized @5002ms to org.eclipse.jetty.util.log.Slf4jLog
2023-02-21 13:37:36,410 [Listener at 0.0.0.0/37649] WARN  server.AuthenticationFilter (AuthenticationFilter.java:constructSecretProvider(240)) - Unable to initialize FileSignerSecretProvider, falling back to use random secrets. Reason: Could not read signature secret file: /home/runner/hadoop-http-auth-signature-secret
2023-02-21 13:37:36,418 [Listener at 0.0.0.0/37649] WARN  http.HttpRequestLog (HttpRequestLog.java:getRequestLog(103)) - Jetty request log can only be enabled using Log4j
2023-02-21 13:37:36,427 [Listener at 0.0.0.0/37649] INFO  http.HttpServer2 (HttpServer2.java:addGlobalFilter(1031)) - Added global filter 'safety' (class=org.apache.hadoop.hdds.server.http.HttpServer2$QuotingInputFilter)
2023-02-21 13:37:36,430 [Listener at 0.0.0.0/37649] INFO  http.HttpServer2 (HttpServer2.java:addFilter(1007)) - Added filter static_user_filter (class=org.apache.hadoop.http.lib.StaticUserWebFilter$StaticUserFilter) to context scm
2023-02-21 13:37:36,430 [Listener at 0.0.0.0/37649] INFO  http.HttpServer2 (HttpServer2.java:addFilter(1015)) - Added filter static_user_filter (class=org.apache.hadoop.http.lib.StaticUserWebFilter$StaticUserFilter) to context static
2023-02-21 13:37:36,430 [Listener at 0.0.0.0/37649] INFO  http.HttpServer2 (HttpServer2.java:addFilter(1015)) - Added filter static_user_filter (class=org.apache.hadoop.http.lib.StaticUserWebFilter$StaticUserFilter) to context logs
2023-02-21 13:37:36,502 [Listener at 0.0.0.0/37649] INFO  http.HttpServer2 (HttpServer2.java:bindListener(1250)) - Jetty bound to port 43149
2023-02-21 13:37:36,504 [Listener at 0.0.0.0/37649] INFO  server.Server (Server.java:doStart(375)) - jetty-9.4.49.v20220914; built: 2022-09-14T01:07:36.601Z; git: 4231a3b2e4cb8548a412a789936d640a97b1aa0a; jvm 1.8.0_362-b09
2023-02-21 13:37:36,542 [Listener at 0.0.0.0/37649] INFO  server.session (DefaultSessionIdManager.java:doStart(334)) - DefaultSessionIdManager workerName=node0
2023-02-21 13:37:36,542 [Listener at 0.0.0.0/37649] INFO  server.session (DefaultSessionIdManager.java:doStart(339)) - No SessionScavenger set, using defaults
2023-02-21 13:37:36,545 [Listener at 0.0.0.0/37649] INFO  server.session (HouseKeeper.java:startScavenging(132)) - node0 Scavenging every 600000ms
2023-02-21 13:37:36,575 [Listener at 0.0.0.0/37649] INFO  handler.ContextHandler (ContextHandler.java:doStart(921)) - Started o.e.j.s.ServletContextHandler@20dc763b{logs,/logs,file:///home/runner/work/ozone/ozone/hadoop-ozone/integration-test/target/log,AVAILABLE}
2023-02-21 13:37:36,576 [Listener at 0.0.0.0/37649] INFO  handler.ContextHandler (ContextHandler.java:doStart(921)) - Started o.e.j.s.ServletContextHandler@294b045b{static,/static,file:///home/runner/work/ozone/ozone/hadoop-ozone/integration-test/target/test-classes/webapps/static,AVAILABLE}
2023-02-21 13:37:36,637 [Listener at 0.0.0.0/37649] INFO  handler.ContextHandler (ContextHandler.java:doStart(921)) - Started o.e.j.w.WebAppContext@15ade272{scm,/,file:///home/runner/work/ozone/ozone/hadoop-ozone/integration-test/target/test-classes/webapps/scm/,AVAILABLE}{file:/home/runner/work/ozone/ozone/hadoop-ozone/integration-test/target/test-classes/webapps/scm}
2023-02-21 13:37:36,650 [Listener at 0.0.0.0/37649] INFO  server.AbstractConnector (AbstractConnector.java:doStart(333)) - Started ServerConnector@8b71052{HTTP/1.1, (http/1.1)}{0.0.0.0:43149}
2023-02-21 13:37:36,650 [Listener at 0.0.0.0/37649] INFO  server.Server (Server.java:doStart(415)) - Started @5364ms
2023-02-21 13:37:36,653 [Listener at 0.0.0.0/37649] INFO  impl.MetricsSinkAdapter (MetricsSinkAdapter.java:start(204)) - Sink prometheus started
2023-02-21 13:37:36,653 [Listener at 0.0.0.0/37649] INFO  impl.MetricsSystemImpl (MetricsSystemImpl.java:registerSink(305)) - Registered sink prometheus
2023-02-21 13:37:36,655 [Listener at 0.0.0.0/37649] INFO  http.BaseHttpServer (BaseHttpServer.java:updateConnectorAddress(333)) - HTTP server of scm listening at http://0.0.0.0:43149
2023-02-21 13:37:36,657 [Listener at 0.0.0.0/37649] WARN  server.ServerUtils (ServerUtils.java:getDBPath(225)) - ozone.om.db.dirs is not configured. We recommend adding this setting. Falling back to ozone.metadata.dirs instead.
2023-02-21 13:37:36,720 [Listener at 0.0.0.0/37649] INFO  audit.AuditLogger (AuditLogger.java:refreshDebugCmdSet(126)) - Refresh DebugCmdSet for OMAudit to [].
2023-02-21 13:37:36,817 [Listener at 0.0.0.0/37649] INFO  ha.OMHANodeDetails (OMHANodeDetails.java:loadOMHAConfig(115)) - ozone.om.internal.service.id is not defined, falling back to ozone.om.service.ids to find serviceID for OzoneManager if it is HA enabled cluster
2023-02-21 13:37:36,820 [Listener at 0.0.0.0/37649] INFO  ha.OMHANodeDetails (OMHANodeDetails.java:loadOMHAConfig(226)) - Configuration does not have ozone.om.address set. Falling back to the default OM address /127.0.0.1:0
2023-02-21 13:37:36,821 [Listener at 0.0.0.0/37649] INFO  ha.OMHANodeDetails (OMHANodeDetails.java:getOMNodeDetailsForNonHA(254)) - OM Service ID is not set. Setting it to the default ID: omServiceIdDefault
2023-02-21 13:37:36,821 [Listener at 0.0.0.0/37649] INFO  ha.OMHANodeDetails (OMHANodeDetails.java:getOMNodeDetailsForNonHA(261)) - OM Node ID is not set. Setting it to the default ID: om1
2023-02-21 13:37:36,825 [Listener at 0.0.0.0/37649] WARN  server.ServerUtils (ServerUtils.java:getDBPath(225)) - ozone.om.db.dirs is not configured. We recommend adding this setting. Falling back to ozone.metadata.dirs instead.
2023-02-21 13:37:36,828 [Listener at 0.0.0.0/37649] INFO  upgrade.AbstractLayoutVersionManager (AbstractLayoutVersionManager.java:init(83)) - Initializing Layout version manager with metadata layout = MULTITENANCY_SCHEMA (version = 3), software layout = MULTITENANCY_SCHEMA (version = 3)
2023-02-21 13:37:36,920 [Listener at 0.0.0.0/37649] INFO  reflections.Reflections (Reflections.java:scan(232)) - Reflections took 86 ms to scan 2 urls, producing 166 keys and 457 values [using 2 cores]
2023-02-21 13:37:36,926 [Listener at 0.0.0.0/37649] INFO  upgrade.OMLayoutVersionManager (OMLayoutVersionManager.java:lambda$0(115)) - Skipping Upgrade Action MockOmUpgradeAction since it has been finalized.
2023-02-21 13:37:36,927 [Listener at 0.0.0.0/37649] WARN  server.ServerUtils (ServerUtils.java:getDBPath(225)) - ozone.om.db.dirs is not configured. We recommend adding this setting. Falling back to ozone.metadata.dirs instead.
2023-02-21 13:37:37,104 [Listener at 0.0.0.0/37649] INFO  proxy.SCMBlockLocationFailoverProxyProvider (SCMBlockLocationFailoverProxyProvider.java:<init>(114)) - Created block location fail-over proxy with 1 nodes: [nodeId=scmNodeId,nodeAddress=/0.0.0.0:36255]
2023-02-21 13:37:37,146 [Listener at 0.0.0.0/37649] INFO  proxy.SCMBlockLocationFailoverProxyProvider (SCMBlockLocationFailoverProxyProvider.java:<init>(114)) - Created block location fail-over proxy with 1 nodes: [nodeId=scmNodeId,nodeAddress=/0.0.0.0:36255]
2023-02-21 13:37:37,397 [Listener at 0.0.0.0/37649] INFO  om.OzoneManager (OzoneManager.java:<init>(615)) - OM start with adminUsers: [runner]
2023-02-21 13:37:37,410 [Listener at 0.0.0.0/37649] WARN  server.ServerUtils (ServerUtils.java:getDBPath(225)) - ozone.om.db.dirs is not configured. We recommend adding this setting. Falling back to ozone.metadata.dirs instead.
2023-02-21 13:37:37,417 [Listener at 0.0.0.0/37649] INFO  codec.OmKeyInfoCodec (OmKeyInfoCodec.java:<init>(49)) - OmKeyInfoCodec ignorePipeline = true
2023-02-21 13:37:37,418 [Listener at 0.0.0.0/37649] INFO  codec.RepeatedOmKeyInfoCodec (RepeatedOmKeyInfoCodec.java:<init>(41)) - RepeatedOmKeyInfoCodec ignorePipeline = true
2023-02-21 13:37:37,683 [Listener at 0.0.0.0/37649] INFO  om.OzoneManager (OzoneManager.java:instantiateServices(745)) - S3 Multi-Tenancy is disabled
2023-02-21 13:37:37,714 [Listener at 0.0.0.0/37649] WARN  server.ServerUtils (ServerUtils.java:getDBPath(225)) - ozone.om.snapshot.diff.db.dir is not configured. We recommend adding this setting. Falling back to ozone.metadata.dirs instead.
2023-02-21 13:37:37,809 [Listener at 0.0.0.0/37649] INFO  om.OzoneManager (OzoneManager.java:addS3GVolumeToDB(4177)) - Created Volume s3v With Owner runner required for S3Gateway operations.
2023-02-21 13:37:37,886 [Listener at 0.0.0.0/37649] WARN  server.ServerUtils (ServerUtils.java:getDefaultRatisDirectory(237)) - Storage directory for Ratis is not configured. It is a good idea to map this to an SSD disk. Falling back to ozone.metadata.dirs
2023-02-21 13:37:37,887 [Listener at 0.0.0.0/37649] WARN  utils.OzoneManagerRatisUtils (OzoneManagerRatisUtils.java:getOMRatisSnapshotDirectory(436)) - ozone.om.ratis.snapshot.dir is not configured. Falling back to ozone.metadata.dirs config
2023-02-21 13:37:37,910 [Listener at 0.0.0.0/37649] WARN  server.ServerUtils (ServerUtils.java:getDefaultRatisDirectory(237)) - Storage directory for Ratis is not configured. It is a good idea to map this to an SSD disk. Falling back to ozone.metadata.dirs
2023-02-21 13:37:37,950 [Listener at 0.0.0.0/37649] INFO  ratis.OzoneManagerRatisServer (OzoneManagerRatisServer.java:<init>(160)) - Instantiating OM Ratis server with groupID: omServiceIdDefault and peers: localhost:9872
2023-02-21 13:37:37,961 [Listener at 0.0.0.0/37649] INFO  ratis.OzoneManagerStateMachine (OzoneManagerStateMachine.java:loadSnapshotInfoFromDB(636)) - LastAppliedIndex is set from TransactionInfo from OM DB as (t:0, i:~)
2023-02-21 13:37:38,030 [Listener at 0.0.0.0/37649] INFO  server.RaftServer (ConfUtils.java:logGet(46)) - raft.rpc.type = GRPC (default)
2023-02-21 13:37:38,122 [Listener at 0.0.0.0/37649] INFO  grpc.GrpcConfigKeys (ConfUtils.java:logFallback(53)) - raft.grpc.admin.host = null (fallback to raft.grpc.server.host)
2023-02-21 13:37:38,125 [Listener at 0.0.0.0/37649] INFO  grpc.GrpcConfigKeys (ConfUtils.java:logFallback(53)) - raft.grpc.admin.port = 9872 (fallback to raft.grpc.server.port)
2023-02-21 13:37:38,126 [Listener at 0.0.0.0/37649] INFO  grpc.GrpcConfigKeys (ConfUtils.java:logFallback(53)) - raft.grpc.client.host = null (fallback to raft.grpc.server.host)
2023-02-21 13:37:38,127 [Listener at 0.0.0.0/37649] INFO  grpc.GrpcConfigKeys (ConfUtils.java:logFallback(53)) - raft.grpc.client.port = 9872 (fallback to raft.grpc.server.port)
2023-02-21 13:37:38,127 [Listener at 0.0.0.0/37649] INFO  grpc.GrpcConfigKeys (ConfUtils.java:logGet(46)) - raft.grpc.server.host = null (default)
2023-02-21 13:37:38,127 [Listener at 0.0.0.0/37649] INFO  grpc.GrpcConfigKeys (ConfUtils.java:logGet(46)) - raft.grpc.server.port = 9872 (custom)
2023-02-21 13:37:38,129 [Listener at 0.0.0.0/37649] INFO  server.GrpcService (ConfUtils.java:logGet(46)) - raft.grpc.message.size.max = 33554432 (custom)
2023-02-21 13:37:38,130 [Listener at 0.0.0.0/37649] INFO  server.RaftServerConfigKeys (ConfUtils.java:logGet(46)) - raft.server.log.appender.buffer.byte-limit = 33554432 (custom)
2023-02-21 13:37:38,131 [Listener at 0.0.0.0/37649] INFO  server.GrpcService (ConfUtils.java:logGet(46)) - raft.grpc.flow.control.window = 1MB (=1048576) (default)
2023-02-21 13:37:38,132 [Listener at 0.0.0.0/37649] INFO  server.RaftServerConfigKeys (ConfUtils.java:logGet(46)) - raft.server.rpc.request.timeout = 3000ms (default)
2023-02-21 13:37:38,146 [Listener at 0.0.0.0/37649] INFO  grpc.GrpcConfigKeys (ConfUtils.java:logGet(46)) - raft.grpc.server.heartbeat.channel = true (default)
2023-02-21 13:37:38,153 [Listener at 0.0.0.0/37649] INFO  grpc.GrpcConfigKeys (ConfUtils.java:logGet(46)) - raft.grpc.server.async.request.thread.pool.cached = true (default)
2023-02-21 13:37:38,153 [Listener at 0.0.0.0/37649] INFO  grpc.GrpcConfigKeys (ConfUtils.java:logGet(46)) - raft.grpc.server.async.request.thread.pool.size = 32 (default)
2023-02-21 13:37:38,410 [Listener at 0.0.0.0/37649] INFO  impl.DataStreamServerImpl (ConfUtils.java:logGet(46)) - raft.datastream.type = DISABLED (default)
2023-02-21 13:37:38,413 [Listener at 0.0.0.0/37649] INFO  server.RaftServerConfigKeys (ConfUtils.java:logGet(46)) - raft.server.threadpool.proxy.cached = true (default)
2023-02-21 13:37:38,416 [Listener at 0.0.0.0/37649] INFO  server.RaftServerConfigKeys (ConfUtils.java:logGet(46)) - raft.server.threadpool.proxy.size = 0 (default)
2023-02-21 13:37:38,416 [Listener at 0.0.0.0/37649] INFO  server.RaftServerConfigKeys (ConfUtils.java:logGet(46)) - raft.server.rpc.slowness.timeout = 120s (custom)
2023-02-21 13:37:38,416 [Listener at 0.0.0.0/37649] INFO  server.RaftServerConfigKeys (ConfUtils.java:logGet(46)) - raft.server.leaderelection.leader.step-down.wait-time = 10s (default)
2023-02-21 13:37:38,425 [Listener at 0.0.0.0/37649] INFO  server.RaftServerConfigKeys (ConfUtils.java:logGet(46)) - raft.server.storage.dir = [/home/runner/work/ozone/ozone/hadoop-ozone/integration-test/target/test-dir/MiniOzoneClusterImpl-af67ded0-52d4-4e8d-8917-e8c7ba660466/ozone-meta/ratis] (custom)
2023-02-21 13:37:38,443 [Listener at 0.0.0.0/37649] INFO  server.RaftServer (RaftServerProxy.java:addNew(96)) - om1: addNew group-C5BA1605619E:[om1|rpc:localhost:9872|priority:0|startupRole:FOLLOWER] returns group-C5BA1605619E:java.util.concurrent.CompletableFuture@7e36c60b[Not completed]
2023-02-21 13:37:38,443 [Listener at 0.0.0.0/37649] INFO  om.OzoneManager (OzoneManager.java:initializeRatisServer(2080)) - OzoneManager Ratis server initialized at port 9872
2023-02-21 13:37:38,447 [Listener at 0.0.0.0/37649] INFO  om.OzoneManager (OzoneManager.java:getRpcServer(1128)) - Creating RPC Server
2023-02-21 13:37:38,496 [pool-56-thread-1] INFO  server.RaftServer$Division (RaftServerImpl.java:<init>(195)) - om1: new RaftServerImpl for group-C5BA1605619E:[om1|rpc:localhost:9872|priority:0|startupRole:FOLLOWER] with OzoneManagerStateMachine:uninitialized
2023-02-21 13:37:38,499 [pool-56-thread-1] INFO  server.RaftServerConfigKeys (ConfUtils.java:logGet(46)) - raft.server.rpc.timeout.min = 1s (custom)
2023-02-21 13:37:38,500 [pool-56-thread-1] INFO  server.RaftServerConfigKeys (ConfUtils.java:logGet(46)) - raft.server.rpc.timeout.max = 1200ms (custom)
2023-02-21 13:37:38,500 [pool-56-thread-1] INFO  server.RaftServerConfigKeys (ConfUtils.java:logGet(46)) - raft.server.rpc.sleep.time = 25ms (default)
2023-02-21 13:37:38,500 [pool-56-thread-1] INFO  server.RaftServerConfigKeys (ConfUtils.java:logGet(46)) - raft.server.rpc.slowness.timeout = 120s (custom)
2023-02-21 13:37:38,500 [pool-56-thread-1] INFO  server.RaftServerConfigKeys (ConfUtils.java:logGet(46)) - raft.server.leaderelection.leader.step-down.wait-time = 10s (default)
2023-02-21 13:37:38,501 [pool-56-thread-1] INFO  server.RaftServerConfigKeys (ConfUtils.java:logGet(46)) - raft.server.sleep.deviation.threshold = 300ms (default)
2023-02-21 13:37:38,578 [pool-56-thread-1] INFO  server.RaftServer$Division (ServerState.java:<init>(118)) - om1@group-C5BA1605619E: ConfigurationManager, init=-1: peers:[om1|rpc:localhost:9872|priority:0|startupRole:FOLLOWER]|listeners:[], old=null, confs=<EMPTY_MAP>
2023-02-21 13:37:38,580 [pool-56-thread-1] INFO  server.RaftServerConfigKeys (ConfUtils.java:logGet(46)) - raft.server.storage.dir = [/home/runner/work/ozone/ozone/hadoop-ozone/integration-test/target/test-dir/MiniOzoneClusterImpl-af67ded0-52d4-4e8d-8917-e8c7ba660466/ozone-meta/ratis] (custom)
2023-02-21 13:37:38,599 [pool-56-thread-1] INFO  server.RaftServerConfigKeys (ConfUtils.java:logGet(46)) - raft.server.log.corruption.policy = EXCEPTION (default)
2023-02-21 13:37:38,600 [pool-56-thread-1] INFO  server.RaftServerConfigKeys (ConfUtils.java:logGet(46)) - raft.server.storage.free-space.min = 0MB (=0) (default)
2023-02-21 13:37:38,621 [pool-56-thread-1] INFO  server.RaftServerConfigKeys (ConfUtils.java:logGet(46)) - raft.server.notification.no-leader.timeout = 120s (custom)
2023-02-21 13:37:38,641 [pool-56-thread-1] INFO  server.RaftServerConfigKeys (ConfUtils.java:logGet(46)) - raft.server.retrycache.expirytime = 300s (custom)
2023-02-21 13:37:38,641 [pool-56-thread-1] INFO  server.RaftServerConfigKeys (ConfUtils.java:logGet(46)) - raft.server.retrycache.statistics.expirytime = 100μs (default)
2023-02-21 13:37:38,818 [pool-56-thread-1] INFO  server.RaftServerConfigKeys (ConfUtils.java:logGet(46)) - raft.server.log.appender.install.snapshot.enabled = false (custom)
2023-02-21 13:37:38,819 [pool-56-thread-1] INFO  server.RaftServerConfigKeys (ConfUtils.java:logGet(46)) - raft.server.threadpool.server.cached = true (default)
2023-02-21 13:37:38,822 [pool-56-thread-1] INFO  server.RaftServerConfigKeys (ConfUtils.java:logGet(46)) - raft.server.threadpool.server.size = 0 (default)
2023-02-21 13:37:38,823 [pool-56-thread-1] INFO  server.RaftServerConfigKeys (ConfUtils.java:logGet(46)) - raft.server.threadpool.client.cached = true (default)
2023-02-21 13:37:38,825 [pool-56-thread-1] INFO  server.RaftServerConfigKeys (ConfUtils.java:logGet(46)) - raft.server.threadpool.client.size = 0 (default)
2023-02-21 13:37:39,459 [Listener at 0.0.0.0/37649] INFO  reflections.Reflections (Reflections.java:scan(232)) - Reflections took 934 ms to scan 19 urls, producing 69 keys and 4830 values [using 2 cores]
2023-02-21 13:37:39,834 [Listener at 0.0.0.0/37649] INFO  ipc.CallQueueManager (CallQueueManager.java:<init>(90)) - Using callQueue: class java.util.concurrent.LinkedBlockingQueue, queueCapacity: 2000, scheduler: class org.apache.hadoop.ipc.DefaultRpcScheduler, ipcBackoff: false.
2023-02-21 13:37:39,838 [Socket Reader #1 for port 0] INFO  ipc.Server (Server.java:run(1273)) - Starting Socket Reader #1 for port 0
2023-02-21 13:37:39,877 [Listener at 127.0.0.1/35721] INFO  impl.MetricsSystemImpl (MetricsSystemImpl.java:init(158)) - OzoneManager metrics system started (again)
2023-02-21 13:37:39,891 [Listener at 127.0.0.1/35721] INFO  om.OzoneManager (OzoneManager.java:start(1548)) - OzoneManager RPC server is listening at localhost/127.0.0.1:35721
2023-02-21 13:37:39,891 [Listener at 127.0.0.1/35721] INFO  ratis.OzoneManagerRatisServer (OzoneManagerRatisServer.java:start(555)) - Starting OzoneManagerRatisServer om1 at port 9872
2023-02-21 13:37:39,896 [om1-impl-thread1] INFO  storage.RaftStorageDirectory (RaftStorageDirectoryImpl.java:analyzeStorage(137)) - The storage directory /home/runner/work/ozone/ozone/hadoop-ozone/integration-test/target/test-dir/MiniOzoneClusterImpl-af67ded0-52d4-4e8d-8917-e8c7ba660466/ozone-meta/ratis/bf265839-605b-3f16-9796-c5ba1605619e does not exist. Creating ...
2023-02-21 13:37:39,901 [om1-impl-thread1] INFO  storage.RaftStorageDirectory (RaftStorageDirectoryImpl.java:tryLock(231)) - Lock on /home/runner/work/ozone/ozone/hadoop-ozone/integration-test/target/test-dir/MiniOzoneClusterImpl-af67ded0-52d4-4e8d-8917-e8c7ba660466/ozone-meta/ratis/bf265839-605b-3f16-9796-c5ba1605619e/in_use.lock acquired by nodename 15258@fv-az318-260
2023-02-21 13:37:39,908 [om1-impl-thread1] INFO  storage.RaftStorage (RaftStorageImpl.java:format(96)) - Storage directory /home/runner/work/ozone/ozone/hadoop-ozone/integration-test/target/test-dir/MiniOzoneClusterImpl-af67ded0-52d4-4e8d-8917-e8c7ba660466/ozone-meta/ratis/bf265839-605b-3f16-9796-c5ba1605619e has been successfully formatted.
2023-02-21 13:37:39,911 [om1-impl-thread1] INFO  server.RaftServerConfigKeys (ConfUtils.java:logGet(46)) - raft.server.log.use.memory = false (default)
2023-02-21 13:37:39,919 [om1-impl-thread1] INFO  server.RaftServerConfigKeys (ConfUtils.java:logGet(46)) - raft.server.log.purge.gap = 1000000 (custom)
2023-02-21 13:37:39,920 [om1-impl-thread1] INFO  server.RaftServerConfigKeys (ConfUtils.java:logGet(46)) - raft.server.log.appender.buffer.byte-limit = 33554432 (custom)
2023-02-21 13:37:39,924 [om1-impl-thread1] INFO  server.RaftServerConfigKeys (ConfUtils.java:logGet(46)) - raft.server.log.statemachine.data.read.timeout = 1000ms (default)
2023-02-21 13:37:39,925 [om1-impl-thread1] INFO  server.RaftServerConfigKeys (ConfUtils.java:logGet(46)) - raft.server.log.purge.preservation.log.num = 0 (default)
2023-02-21 13:37:39,927 [om1-impl-thread1] INFO  server.RaftServerConfigKeys (ConfUtils.java:logGet(46)) - raft.server.log.segment.size.max = 4194304 (custom)
2023-02-21 13:37:39,933 [om1-impl-thread1] INFO  server.RaftServerConfigKeys (ConfUtils.java:logGet(46)) - raft.server.log.segment.cache.num.max = 2 (custom)
2023-02-21 13:37:39,934 [om1-impl-thread1] INFO  server.RaftServerConfigKeys (ConfUtils.java:logGet(46)) - raft.server.log.segment.cache.size.max = 200MB (=209715200) (default)
2023-02-21 13:37:39,940 [om1-impl-thread1] INFO  segmented.SegmentedRaftLogWorker (SegmentedRaftLogWorker.java:<init>(189)) - new om1@group-C5BA1605619E-SegmentedRaftLogWorker for RaftStorageImpl:Storage Directory /home/runner/work/ozone/ozone/hadoop-ozone/integration-test/target/test-dir/MiniOzoneClusterImpl-af67ded0-52d4-4e8d-8917-e8c7ba660466/ozone-meta/ratis/bf265839-605b-3f16-9796-c5ba1605619e
2023-02-21 13:37:39,940 [om1-impl-thread1] INFO  server.RaftServerConfigKeys (ConfUtils.java:logGet(46)) - raft.server.log.queue.byte-limit = 64MB (=67108864) (default)
2023-02-21 13:37:39,941 [om1-impl-thread1] INFO  server.RaftServerConfigKeys (ConfUtils.java:logGet(46)) - raft.server.log.queue.element-limit = 4096 (default)
2023-02-21 13:37:39,943 [om1-impl-thread1] INFO  server.RaftServerConfigKeys (ConfUtils.java:logGet(46)) - raft.server.log.segment.size.max = 4194304 (custom)
2023-02-21 13:37:39,943 [om1-impl-thread1] INFO  server.RaftServerConfigKeys (ConfUtils.java:logGet(46)) - raft.server.log.preallocated.size = 4194304 (custom)
2023-02-21 13:37:39,944 [om1-impl-thread1] INFO  server.RaftServerConfigKeys (ConfUtils.java:logGet(46)) - raft.server.log.force.sync.num = 128 (default)
2023-02-21 13:37:39,945 [om1-impl-thread1] INFO  server.RaftServerConfigKeys (ConfUtils.java:logGet(46)) - raft.server.log.statemachine.data.sync = true (default)
2023-02-21 13:37:39,945 [om1-impl-thread1] INFO  server.RaftServerConfigKeys (ConfUtils.java:logGet(46)) - raft.server.log.statemachine.data.sync.timeout = 10s (default)
2023-02-21 13:37:39,945 [om1-impl-thread1] INFO  server.RaftServerConfigKeys (ConfUtils.java:logGet(46)) - raft.server.log.statemachine.data.sync.timeout.retry = -1 (default)
2023-02-21 13:37:39,958 [om1-impl-thread1] INFO  server.RaftServerConfigKeys (ConfUtils.java:logGet(46)) - raft.server.log.write.buffer.size = 64KB (=65536) (default)
2023-02-21 13:37:39,958 [om1-impl-thread1] INFO  server.RaftServerConfigKeys (ConfUtils.java:logGet(46)) - raft.server.log.appender.buffer.byte-limit = 33554432 (custom)
2023-02-21 13:37:39,964 [om1-impl-thread1] INFO  server.RaftServerConfigKeys (ConfUtils.java:logGet(46)) - raft.server.log.unsafe-flush.enabled = false (default)
2023-02-21 13:37:39,964 [om1-impl-thread1] INFO  server.RaftServerConfigKeys (ConfUtils.java:logGet(46)) - raft.server.log.async-flush.enabled = false (default)
2023-02-21 13:37:39,965 [om1-impl-thread1] INFO  server.RaftServerConfigKeys (ConfUtils.java:logGet(46)) - raft.server.log.statemachine.data.caching.enabled = false (default)
2023-02-21 13:37:39,974 [om1-impl-thread1] INFO  segmented.SegmentedRaftLogWorker (SegmentedRaftLogWorker.java:lambda$new$0(135)) - om1@group-C5BA1605619E-SegmentedRaftLogWorker: flushIndex: setUnconditionally 0 -> -1
2023-02-21 13:37:39,974 [om1-impl-thread1] INFO  segmented.SegmentedRaftLogWorker (SegmentedRaftLogWorker.java:lambda$new$0(135)) - om1@group-C5BA1605619E-SegmentedRaftLogWorker: safeCacheEvictIndex: setUnconditionally 0 -> -1
2023-02-21 13:37:39,976 [om1-impl-thread1] INFO  server.RaftServer$Division (RaftServerImpl.java:start(334)) - om1@group-C5BA1605619E: start as a follower, conf=-1: peers:[om1|rpc:localhost:9872|priority:0|startupRole:FOLLOWER]|listeners:[], old=null
2023-02-21 13:37:39,977 [om1-impl-thread1] INFO  server.RaftServer$Division (RaftServerImpl.java:setRole(321)) - om1@group-C5BA1605619E: changes role from      null to FOLLOWER at term 0 for startAsFollower
2023-02-21 13:37:39,979 [om1-impl-thread1] INFO  impl.RoleInfo (RoleInfo.java:updateAndGet(139)) - om1: start om1@group-C5BA1605619E-FollowerState
2023-02-21 13:37:39,985 [om1-impl-thread1] INFO  util.JmxRegister (JmxRegister.java:tryRegister(44)) - Successfully registered JMX Bean with object name Ratis:service=RaftServer,group=group-C5BA1605619E,id=om1
2023-02-21 13:37:39,987 [om1-impl-thread1] INFO  server.RaftServerConfigKeys (ConfUtils.java:logGet(46)) - raft.server.snapshot.auto.trigger.enabled = true (custom)
2023-02-21 13:37:39,987 [om1-impl-thread1] INFO  server.RaftServerConfigKeys (ConfUtils.java:logGet(46)) - raft.server.snapshot.auto.trigger.threshold = 400000 (default)
2023-02-21 13:37:39,988 [om1-impl-thread1] INFO  server.RaftServerConfigKeys (ConfUtils.java:logGet(46)) - raft.server.snapshot.retention.file.num = -1 (default)
2023-02-21 13:37:39,989 [om1-impl-thread1] INFO  server.RaftServerConfigKeys (ConfUtils.java:logGet(46)) - raft.server.log.purge.upto.snapshot.index = true (custom)
2023-02-21 13:37:39,990 [om1@group-C5BA1605619E-FollowerState] INFO  server.RaftServerConfigKeys (ConfUtils.java:logFallback(53)) - raft.server.rpc.first-election.timeout.min = 1s (fallback to raft.server.rpc.timeout.min)
2023-02-21 13:37:39,991 [om1@group-C5BA1605619E-FollowerState] INFO  server.RaftServerConfigKeys (ConfUtils.java:logFallback(53)) - raft.server.rpc.first-election.timeout.max = 1200ms (fallback to raft.server.rpc.timeout.max)
2023-02-21 13:37:39,993 [Listener at 127.0.0.1/35721] INFO  server.RaftServer (RaftServerProxy.java:startImpl(393)) - om1: start RPC server
2023-02-21 13:37:40,047 [Listener at 127.0.0.1/35721] INFO  server.GrpcService (GrpcService.java:startImpl(262)) - om1: GrpcService started, listening on 9872
2023-02-21 13:37:40,051 [Listener at 127.0.0.1/35721] INFO  om.OzoneManager (OzoneManager.java:start(1564)) - Version File has different layout version (3) than OM DB (null). That is expected if this OM has never been finalized to a newer layout version.
2023-02-21 13:37:40,053 [JvmPauseMonitor0] INFO  util.JvmPauseMonitor (JvmPauseMonitor.java:run(105)) - JvmPauseMonitor-om1: Started
2023-02-21 13:37:40,073 [Listener at 127.0.0.1/35721] INFO  http.BaseHttpServer (BaseHttpServer.java:newHttpServer2BuilderForOzone(213)) - Starting Web-server for ozoneManager at: http://0.0.0.0:0
2023-02-21 13:37:40,073 [Listener at 127.0.0.1/35721] INFO  http.BaseHttpServer (BaseHttpServer.java:<init>(108)) - Hadoop Security Enabled: false Ozone Security Enabled: false Ozone HTTP Security Enabled: false 
2023-02-21 13:37:40,075 [Listener at 127.0.0.1/35721] WARN  server.AuthenticationFilter (AuthenticationFilter.java:constructSecretProvider(240)) - Unable to initialize FileSignerSecretProvider, falling back to use random secrets. Reason: Could not read signature secret file: /home/runner/hadoop-http-auth-signature-secret
2023-02-21 13:37:40,081 [Listener at 127.0.0.1/35721] WARN  http.HttpRequestLog (HttpRequestLog.java:getRequestLog(103)) - Jetty request log can only be enabled using Log4j
2023-02-21 13:37:40,083 [Listener at 127.0.0.1/35721] INFO  http.HttpServer2 (HttpServer2.java:addGlobalFilter(1031)) - Added global filter 'safety' (class=org.apache.hadoop.hdds.server.http.HttpServer2$QuotingInputFilter)
2023-02-21 13:37:40,085 [Listener at 127.0.0.1/35721] INFO  http.HttpServer2 (HttpServer2.java:addFilter(1007)) - Added filter static_user_filter (class=org.apache.hadoop.http.lib.StaticUserWebFilter$StaticUserFilter) to context ozoneManager
2023-02-21 13:37:40,085 [Listener at 127.0.0.1/35721] INFO  http.HttpServer2 (HttpServer2.java:addFilter(1015)) - Added filter static_user_filter (class=org.apache.hadoop.http.lib.StaticUserWebFilter$StaticUserFilter) to context logs
2023-02-21 13:37:40,085 [Listener at 127.0.0.1/35721] INFO  http.HttpServer2 (HttpServer2.java:addFilter(1015)) - Added filter static_user_filter (class=org.apache.hadoop.http.lib.StaticUserWebFilter$StaticUserFilter) to context static
2023-02-21 13:37:40,088 [Listener at 127.0.0.1/35721] INFO  http.HttpServer2 (HttpServer2.java:bindListener(1250)) - Jetty bound to port 33357
2023-02-21 13:37:40,088 [Listener at 127.0.0.1/35721] INFO  server.Server (Server.java:doStart(375)) - jetty-9.4.49.v20220914; built: 2022-09-14T01:07:36.601Z; git: 4231a3b2e4cb8548a412a789936d640a97b1aa0a; jvm 1.8.0_362-b09
2023-02-21 13:37:40,095 [Listener at 127.0.0.1/35721] INFO  server.session (DefaultSessionIdManager.java:doStart(334)) - DefaultSessionIdManager workerName=node0
2023-02-21 13:37:40,095 [Listener at 127.0.0.1/35721] INFO  server.session (DefaultSessionIdManager.java:doStart(339)) - No SessionScavenger set, using defaults
2023-02-21 13:37:40,096 [Listener at 127.0.0.1/35721] INFO  server.session (HouseKeeper.java:startScavenging(132)) - node0 Scavenging every 660000ms
2023-02-21 13:37:40,096 [Listener at 127.0.0.1/35721] INFO  handler.ContextHandler (ContextHandler.java:doStart(921)) - Started o.e.j.s.ServletContextHandler@2f308931{logs,/logs,file:///home/runner/work/ozone/ozone/hadoop-ozone/integration-test/target/log,AVAILABLE}
2023-02-21 13:37:40,097 [Listener at 127.0.0.1/35721] INFO  handler.ContextHandler (ContextHandler.java:doStart(921)) - Started o.e.j.s.ServletContextHandler@60c2071d{static,/static,file:///home/runner/work/ozone/ozone/hadoop-ozone/integration-test/target/test-classes/webapps/static,AVAILABLE}
2023-02-21 13:37:40,102 [Listener at 127.0.0.1/35721] INFO  handler.ContextHandler (ContextHandler.java:doStart(921)) - Started o.e.j.w.WebAppContext@6c35001b{ozoneManager,/,file:///home/runner/work/ozone/ozone/hadoop-ozone/integration-test/target/test-classes/webapps/ozoneManager/,AVAILABLE}{file:/home/runner/work/ozone/ozone/hadoop-ozone/integration-test/target/test-classes/webapps/ozoneManager}
2023-02-21 13:37:40,104 [Listener at 127.0.0.1/35721] INFO  server.AbstractConnector (AbstractConnector.java:doStart(333)) - Started ServerConnector@5be09e9e{HTTP/1.1, (http/1.1)}{0.0.0.0:33357}
2023-02-21 13:37:40,104 [Listener at 127.0.0.1/35721] INFO  server.Server (Server.java:doStart(415)) - Started @8819ms
2023-02-21 13:37:40,105 [Listener at 127.0.0.1/35721] WARN  impl.MetricsSystemImpl (MetricsSystemImpl.java:register(279)) - Sink prometheus already exists!
2023-02-21 13:37:40,105 [Listener at 127.0.0.1/35721] INFO  http.BaseHttpServer (BaseHttpServer.java:updateConnectorAddress(333)) - HTTP server of ozoneManager listening at http://0.0.0.0:33357
2023-02-21 13:37:40,106 [IPC Server Responder] INFO  ipc.Server (Server.java:run(1512)) - IPC Server Responder: starting
2023-02-21 13:37:40,106 [IPC Server listener on 0] INFO  ipc.Server (Server.java:run(1352)) - IPC Server listener on 0: starting
2023-02-21 13:37:40,166 [Listener at 127.0.0.1/35721] INFO  om.TrashPolicyOzone (TrashPolicyOzone.java:<init>(277)) - Ozone Manager trash configuration: Deletion interval = 0 minutes, Emptier interval = 0 minutes.
2023-02-21 13:37:40,177 [org.apache.hadoop.util.JvmPauseMonitor$Monitor@514b8ddc] INFO  util.JvmPauseMonitor (JvmPauseMonitor.java:run(188)) - Starting JVM pause monitor
2023-02-21 13:37:40,344 [Listener at 127.0.0.1/35721] WARN  impl.MetricRegistriesImpl (MetricRegistriesImpl.java:addReporterRegistration(111)) - New reporters are added after registries were created. Some metrics will be missing from the reporter. Please add reporter before adding any new registry.
2023-02-21 13:37:40,344 [Listener at 127.0.0.1/35721] WARN  impl.MetricRegistriesImpl (MetricRegistriesImpl.java:addReporterRegistration(111)) - New reporters are added after registries were created. Some metrics will be missing from the reporter. Please add reporter before adding any new registry.
2023-02-21 13:37:40,345 [Listener at 127.0.0.1/35721] INFO  impl.MetricsSystemImpl (MetricsSystemImpl.java:init(158)) - HddsDatanode metrics system started (again)
2023-02-21 13:37:40,365 [Listener at 127.0.0.1/35721] INFO  ozone.HddsDatanodeService (HddsDatanodeService.java:start(228)) - HddsDatanodeService host:fv-az318-260.ewvrrcgabbbubjc05i3n4a3pph.dx.internal.cloudapp.net ip:10.1.0.81
2023-02-21 13:37:40,410 [Listener at 127.0.0.1/35721] INFO  upgrade.AbstractLayoutVersionManager (AbstractLayoutVersionManager.java:init(83)) - Initializing Layout version manager with metadata layout = DATANODE_SCHEMA_V3 (version = 4), software layout = DATANODE_SCHEMA_V3 (version = 4)
2023-02-21 13:37:40,489 [Listener at 127.0.0.1/35721] INFO  reflections.Reflections (Reflections.java:scan(232)) - Reflections took 74 ms to scan 7 urls, producing 150 keys and 362 values 
2023-02-21 13:37:40,500 [Listener at 127.0.0.1/35721] INFO  statemachine.DatanodeStateMachine (DatanodeStateMachine.java:getEndPointTaskThreadPoolSize(260)) - Datanode State Machine Task Thread Pool size 2
2023-02-21 13:37:40,590 [Listener at 127.0.0.1/35721] INFO  volume.HddsVolume (HddsVolume.java:<init>(122)) - Creating HddsVolume: /home/runner/work/ozone/ozone/hadoop-ozone/integration-test/target/test-dir/MiniOzoneClusterImpl-af67ded0-52d4-4e8d-8917-e8c7ba660466/datanode-0/data-0/containers/hdds of storage type : DISK capacity : 9223372036854775807
2023-02-21 13:37:40,593 [Listener at 127.0.0.1/35721] INFO  volume.MutableVolumeSet (MutableVolumeSet.java:initializeVolumeSet(174)) - Added Volume : /home/runner/work/ozone/ozone/hadoop-ozone/integration-test/target/test-dir/MiniOzoneClusterImpl-af67ded0-52d4-4e8d-8917-e8c7ba660466/datanode-0/data-0/containers/hdds to VolumeSet
2023-02-21 13:37:40,594 [Listener at 127.0.0.1/35721] INFO  volume.ThrottledAsyncChecker (ThrottledAsyncChecker.java:schedule(141)) - Scheduling a check for /home/runner/work/ozone/ozone/hadoop-ozone/integration-test/target/test-dir/MiniOzoneClusterImpl-af67ded0-52d4-4e8d-8917-e8c7ba660466/datanode-0/data-0/containers/hdds
2023-02-21 13:37:40,626 [Listener at 127.0.0.1/35721] INFO  volume.StorageVolumeChecker (StorageVolumeChecker.java:checkAllVolumes(202)) - Scheduled health check for volume /home/runner/work/ozone/ozone/hadoop-ozone/integration-test/target/test-dir/MiniOzoneClusterImpl-af67ded0-52d4-4e8d-8917-e8c7ba660466/datanode-0/data-0/containers/hdds
2023-02-21 13:37:40,648 [Listener at 127.0.0.1/35721] INFO  volume.MutableVolumeSet (MutableVolumeSet.java:initializeVolumeSet(174)) - Added Volume : /home/runner/work/ozone/ozone/hadoop-ozone/integration-test/target/test-dir/MiniOzoneClusterImpl-af67ded0-52d4-4e8d-8917-e8c7ba660466/datanode-0/data/ratis to VolumeSet
2023-02-21 13:37:40,649 [Listener at 127.0.0.1/35721] INFO  volume.ThrottledAsyncChecker (ThrottledAsyncChecker.java:schedule(141)) - Scheduling a check for /home/runner/work/ozone/ozone/hadoop-ozone/integration-test/target/test-dir/MiniOzoneClusterImpl-af67ded0-52d4-4e8d-8917-e8c7ba660466/datanode-0/data/ratis
2023-02-21 13:37:40,650 [Listener at 127.0.0.1/35721] INFO  volume.StorageVolumeChecker (StorageVolumeChecker.java:checkAllVolumes(202)) - Scheduled health check for volume /home/runner/work/ozone/ozone/hadoop-ozone/integration-test/target/test-dir/MiniOzoneClusterImpl-af67ded0-52d4-4e8d-8917-e8c7ba660466/datanode-0/data/ratis
2023-02-21 13:37:40,682 [Thread-136] INFO  ozoneimpl.ContainerReader (ContainerReader.java:readVolume(175)) - Finish verifying containers on volume /home/runner/work/ozone/ozone/hadoop-ozone/integration-test/target/test-dir/MiniOzoneClusterImpl-af67ded0-52d4-4e8d-8917-e8c7ba660466/datanode-0/data-0/containers/hdds
2023-02-21 13:37:40,682 [Listener at 127.0.0.1/35721] INFO  ozoneimpl.OzoneContainer (OzoneContainer.java:buildContainerSet(304)) - Build ContainerSet costs 0s
2023-02-21 13:37:40,735 [Listener at 127.0.0.1/35721] INFO  audit.AuditLogger (AuditLogger.java:refreshDebugCmdSet(126)) - Refresh DebugCmdSet for DNAudit to [].
2023-02-21 13:37:40,766 [Listener at 127.0.0.1/35721] INFO  server.RaftServer (ConfUtils.java:logGet(46)) - raft.rpc.type = GRPC (default)
2023-02-21 13:37:40,767 [Listener at 127.0.0.1/35721] INFO  grpc.GrpcConfigKeys (ConfUtils.java:logFallback(53)) - raft.grpc.admin.host = null (fallback to raft.grpc.server.host)
2023-02-21 13:37:40,768 [Listener at 127.0.0.1/35721] INFO  grpc.GrpcConfigKeys (ConfUtils.java:logGet(46)) - raft.grpc.admin.port = 0 (custom)
2023-02-21 13:37:40,768 [Listener at 127.0.0.1/35721] INFO  grpc.GrpcConfigKeys (ConfUtils.java:logFallback(53)) - raft.grpc.client.host = null (fallback to raft.grpc.server.host)
2023-02-21 13:37:40,768 [Listener at 127.0.0.1/35721] INFO  grpc.GrpcConfigKeys (ConfUtils.java:logGet(46)) - raft.grpc.client.port = 0 (custom)
2023-02-21 13:37:40,768 [Listener at 127.0.0.1/35721] INFO  grpc.GrpcConfigKeys (ConfUtils.java:logGet(46)) - raft.grpc.server.host = null (default)
2023-02-21 13:37:40,769 [Listener at 127.0.0.1/35721] INFO  grpc.GrpcConfigKeys (ConfUtils.java:logGet(46)) - raft.grpc.server.port = 0 (default)
2023-02-21 13:37:40,769 [Listener at 127.0.0.1/35721] INFO  server.GrpcService (ConfUtils.java:logGet(46)) - raft.grpc.message.size.max = 32MB (=33554432) (custom)
2023-02-21 13:37:40,769 [Listener at 127.0.0.1/35721] INFO  server.RaftServerConfigKeys (ConfUtils.java:logGet(46)) - raft.server.log.appender.buffer.byte-limit = 33554432 (custom)
2023-02-21 13:37:40,769 [Listener at 127.0.0.1/35721] INFO  server.GrpcService (ConfUtils.java:logGet(46)) - raft.grpc.flow.control.window = 5MB (=5242880) (custom)
2023-02-21 13:37:40,770 [Listener at 127.0.0.1/35721] INFO  server.RaftServerConfigKeys (ConfUtils.java:logGet(46)) - raft.server.rpc.request.timeout = 60s (custom)
2023-02-21 13:37:40,770 [Listener at 127.0.0.1/35721] INFO  grpc.GrpcConfigKeys (ConfUtils.java:logGet(46)) - raft.grpc.server.heartbeat.channel = true (default)
2023-02-21 13:37:40,770 [Listener at 127.0.0.1/35721] INFO  grpc.GrpcConfigKeys (ConfUtils.java:logGet(46)) - raft.grpc.server.async.request.thread.pool.cached = true (default)
2023-02-21 13:37:40,770 [Listener at 127.0.0.1/35721] INFO  grpc.GrpcConfigKeys (ConfUtils.java:logGet(46)) - raft.grpc.server.async.request.thread.pool.size = 32 (default)
2023-02-21 13:37:40,772 [Listener at 127.0.0.1/35721] INFO  impl.DataStreamServerImpl (ConfUtils.java:logGet(46)) - raft.datastream.type = NETTY (custom)
2023-02-21 13:37:40,781 [Listener at 127.0.0.1/35721] INFO  server.RaftServerConfigKeys (ConfUtils.java:logGet(46)) - raft.server.data-stream.async.request.thread.pool.cached = false (default)
2023-02-21 13:37:40,782 [Listener at 127.0.0.1/35721] INFO  server.RaftServerConfigKeys (ConfUtils.java:logGet(46)) - raft.server.data-stream.async.request.thread.pool.size = 20 (custom)
2023-02-21 13:37:40,782 [Listener at 127.0.0.1/35721] INFO  server.RaftServerConfigKeys (ConfUtils.java:logGet(46)) - raft.server.data-stream.async.write.thread.pool.size = 16 (default)
2023-02-21 13:37:40,783 [Listener at 127.0.0.1/35721] INFO  server.RaftServerConfigKeys (ConfUtils.java:logGet(46)) - raft.server.data-stream.client.pool.size = 10 (default)
2023-02-21 13:37:40,787 [Listener at 127.0.0.1/35721] INFO  netty.NettyConfigKeys$DataStream (ConfUtils.java:logGet(46)) - raft.netty.dataStream.server.use-epoll = false (default)
2023-02-21 13:37:40,787 [Listener at 127.0.0.1/35721] INFO  netty.NettyConfigKeys$DataStream (ConfUtils.java:logGet(46)) - raft.netty.dataStream.server.boss-group.size = 0 (default)
2023-02-21 13:37:40,793 [Listener at 127.0.0.1/35721] INFO  netty.NettyConfigKeys$DataStream (ConfUtils.java:logGet(46)) - raft.netty.dataStream.server.worker-group.size = 0 (default)
2023-02-21 13:37:40,796 [Listener at 127.0.0.1/35721] INFO  netty.NettyConfigKeys$DataStream (ConfUtils.java:logGet(46)) - raft.netty.dataStream.server.tls.conf = null (default)
2023-02-21 13:37:40,797 [Listener at 127.0.0.1/35721] INFO  netty.NettyConfigKeys$DataStream (ConfUtils.java:logGet(46)) - raft.netty.dataStream.host = null (default)
2023-02-21 13:37:40,798 [Listener at 127.0.0.1/35721] INFO  netty.NettyConfigKeys$DataStream (ConfUtils.java:logGet(46)) - raft.netty.dataStream.port = 0 (default)
2023-02-21 13:37:40,807 [Listener at 127.0.0.1/35721] INFO  server.RaftServerConfigKeys (ConfUtils.java:logGet(46)) - raft.server.threadpool.proxy.cached = true (default)
2023-02-21 13:37:40,807 [Listener at 127.0.0.1/35721] INFO  server.RaftServerConfigKeys (ConfUtils.java:logGet(46)) - raft.server.threadpool.proxy.size = 0 (default)
2023-02-21 13:37:40,807 [Listener at 127.0.0.1/35721] INFO  server.RaftServerConfigKeys (ConfUtils.java:logGet(46)) - raft.server.rpc.slowness.timeout = 300s (custom)
2023-02-21 13:37:40,808 [Listener at 127.0.0.1/35721] INFO  server.RaftServerConfigKeys (ConfUtils.java:logGet(46)) - raft.server.leaderelection.leader.step-down.wait-time = 10s (default)
2023-02-21 13:37:40,808 [Listener at 127.0.0.1/35721] INFO  server.RaftServerConfigKeys (ConfUtils.java:logGet(46)) - raft.server.storage.dir = [/home/runner/work/ozone/ozone/hadoop-ozone/integration-test/target/test-dir/MiniOzoneClusterImpl-af67ded0-52d4-4e8d-8917-e8c7ba660466/datanode-0/data/ratis] (custom)
2023-02-21 13:37:40,834 [55112d89-11b5-415b-b3d0-c3d2a8542f19-NettyServerStreamRpc-bossGroup--thread1] INFO  logging.LoggingHandler (AbstractInternalLogger.java:log(148)) - [id: 0x13f9f70a] REGISTERED
2023-02-21 13:37:40,834 [55112d89-11b5-415b-b3d0-c3d2a8542f19-NettyServerStreamRpc-bossGroup--thread1] INFO  logging.LoggingHandler (AbstractInternalLogger.java:log(148)) - [id: 0x13f9f70a] BIND: 0.0.0.0/0.0.0.0:0
2023-02-21 13:37:40,835 [55112d89-11b5-415b-b3d0-c3d2a8542f19-NettyServerStreamRpc-bossGroup--thread1] INFO  logging.LoggingHandler (AbstractInternalLogger.java:log(148)) - [id: 0x13f9f70a, L:/0:0:0:0:0:0:0:0:34785] ACTIVE
2023-02-21 13:37:40,849 [Listener at 127.0.0.1/35721] INFO  server.XceiverServerGrpc (XceiverServerGrpc.java:<init>(132)) - GrpcServer channel type EpollServerSocketChannel
2023-02-21 13:37:40,932 [Listener at 127.0.0.1/35721] INFO  http.BaseHttpServer (BaseHttpServer.java:newHttpServer2BuilderForOzone(213)) - Starting Web-server for hddsDatanode at: http://0.0.0.0:0
2023-02-21 13:37:40,932 [Listener at 127.0.0.1/35721] INFO  http.BaseHttpServer (BaseHttpServer.java:<init>(108)) - Hadoop Security Enabled: false Ozone Security Enabled: false Ozone HTTP Security Enabled: false 
2023-02-21 13:37:40,934 [Listener at 127.0.0.1/35721] WARN  server.AuthenticationFilter (AuthenticationFilter.java:constructSecretProvider(240)) - Unable to initialize FileSignerSecretProvider, falling back to use random secrets. Reason: Could not read signature secret file: /home/runner/hadoop-http-auth-signature-secret
2023-02-21 13:37:40,935 [Listener at 127.0.0.1/35721] WARN  http.HttpRequestLog (HttpRequestLog.java:getRequestLog(103)) - Jetty request log can only be enabled using Log4j
2023-02-21 13:37:40,936 [Listener at 127.0.0.1/35721] INFO  http.HttpServer2 (HttpServer2.java:addGlobalFilter(1031)) - Added global filter 'safety' (class=org.apache.hadoop.hdds.server.http.HttpServer2$QuotingInputFilter)
2023-02-21 13:37:40,937 [Listener at 127.0.0.1/35721] INFO  http.HttpServer2 (HttpServer2.java:addFilter(1007)) - Added filter static_user_filter (class=org.apache.hadoop.http.lib.StaticUserWebFilter$StaticUserFilter) to context hddsDatanode
2023-02-21 13:37:40,937 [Listener at 127.0.0.1/35721] INFO  http.HttpServer2 (HttpServer2.java:addFilter(1015)) - Added filter static_user_filter (class=org.apache.hadoop.http.lib.StaticUserWebFilter$StaticUserFilter) to context logs
2023-02-21 13:37:40,938 [Listener at 127.0.0.1/35721] INFO  http.HttpServer2 (HttpServer2.java:addFilter(1015)) - Added filter static_user_filter (class=org.apache.hadoop.http.lib.StaticUserWebFilter$StaticUserFilter) to context static
2023-02-21 13:37:40,940 [Listener at 127.0.0.1/35721] INFO  http.HttpServer2 (HttpServer2.java:bindListener(1250)) - Jetty bound to port 34133
2023-02-21 13:37:40,942 [Listener at 127.0.0.1/35721] INFO  server.Server (Server.java:doStart(375)) - jetty-9.4.49.v20220914; built: 2022-09-14T01:07:36.601Z; git: 4231a3b2e4cb8548a412a789936d640a97b1aa0a; jvm 1.8.0_362-b09
2023-02-21 13:37:40,944 [Listener at 127.0.0.1/35721] INFO  server.session (DefaultSessionIdManager.java:doStart(334)) - DefaultSessionIdManager workerName=node0
2023-02-21 13:37:40,944 [Listener at 127.0.0.1/35721] INFO  server.session (DefaultSessionIdManager.java:doStart(339)) - No SessionScavenger set, using defaults
2023-02-21 13:37:40,945 [Listener at 127.0.0.1/35721] INFO  server.session (HouseKeeper.java:startScavenging(132)) - node0 Scavenging every 600000ms
2023-02-21 13:37:40,946 [Listener at 127.0.0.1/35721] INFO  handler.ContextHandler (ContextHandler.java:doStart(921)) - Started o.e.j.s.ServletContextHandler@74ec23fc{logs,/logs,file:///home/runner/work/ozone/ozone/hadoop-ozone/integration-test/target/log,AVAILABLE}
2023-02-21 13:37:40,947 [Listener at 127.0.0.1/35721] INFO  handler.ContextHandler (ContextHandler.java:doStart(921)) - Started o.e.j.s.ServletContextHandler@16ec0065{static,/static,jar:file:/home/runner/.m2/repository/org/apache/ozone/hdds-container-service/1.4.0-SNAPSHOT/hdds-container-service-1.4.0-SNAPSHOT.jar!/webapps/static,AVAILABLE}
2023-02-21 13:37:41,105 [om1@group-C5BA1605619E-FollowerState] INFO  impl.FollowerState (FollowerState.java:run(143)) - om1@group-C5BA1605619E-FollowerState: change to CANDIDATE, lastRpcElapsedTime:1126590522ns, electionTimeout:1113ms
2023-02-21 13:37:41,106 [om1@group-C5BA1605619E-FollowerState] INFO  impl.RoleInfo (RoleInfo.java:shutdownFollowerState(110)) - om1: shutdown om1@group-C5BA1605619E-FollowerState
2023-02-21 13:37:41,107 [om1@group-C5BA1605619E-FollowerState] INFO  server.RaftServer$Division (RaftServerImpl.java:setRole(321)) - om1@group-C5BA1605619E: changes role from  FOLLOWER to CANDIDATE at term 0 for changeToCandidate
2023-02-21 13:37:41,110 [om1@group-C5BA1605619E-FollowerState] INFO  server.RaftServerConfigKeys (ConfUtils.java:logGet(46)) - raft.server.leaderelection.pre-vote = true (default)
2023-02-21 13:37:41,110 [om1@group-C5BA1605619E-FollowerState] INFO  impl.RoleInfo (RoleInfo.java:updateAndGet(139)) - om1: start om1@group-C5BA1605619E-LeaderElection1
2023-02-21 13:37:41,115 [om1@group-C5BA1605619E-LeaderElection1] INFO  impl.LeaderElection (LeaderElection.java:askForVotes(312)) - om1@group-C5BA1605619E-LeaderElection1 PRE_VOTE round 0: submit vote requests at term 0 for -1: peers:[om1|rpc:localhost:9872|priority:0|startupRole:FOLLOWER]|listeners:[], old=null
2023-02-21 13:37:41,116 [om1@group-C5BA1605619E-LeaderElection1] INFO  impl.LeaderElection (LeaderElection.java:askForVotes(314)) - om1@group-C5BA1605619E-LeaderElection1 PRE_VOTE round 0: result PASSED (term=0)
2023-02-21 13:37:41,120 [om1@group-C5BA1605619E-LeaderElection1] INFO  impl.LeaderElection (LeaderElection.java:askForVotes(312)) - om1@group-C5BA1605619E-LeaderElection1 ELECTION round 0: submit vote requests at term 1 for -1: peers:[om1|rpc:localhost:9872|priority:0|startupRole:FOLLOWER]|listeners:[], old=null
2023-02-21 13:37:41,120 [om1@group-C5BA1605619E-LeaderElection1] INFO  impl.LeaderElection (LeaderElection.java:askForVotes(314)) - om1@group-C5BA1605619E-LeaderElection1 ELECTION round 0: result PASSED (term=1)
2023-02-21 13:37:41,120 [om1@group-C5BA1605619E-LeaderElection1] INFO  impl.RoleInfo (RoleInfo.java:shutdownLeaderElection(130)) - om1: shutdown om1@group-C5BA1605619E-LeaderElection1
2023-02-21 13:37:41,120 [om1@group-C5BA1605619E-LeaderElection1] INFO  server.RaftServer$Division (RaftServerImpl.java:setRole(321)) - om1@group-C5BA1605619E: changes role from CANDIDATE to LEADER at term 1 for changeToLeader
2023-02-21 13:37:41,121 [om1@group-C5BA1605619E-LeaderElection1] INFO  server.RaftServer$Division (ServerState.java:setLeader(313)) - om1@group-C5BA1605619E: change Leader from null to om1 at term 1 for becomeLeader, leader elected after 2499ms
2023-02-21 13:37:41,133 [om1@group-C5BA1605619E-LeaderElection1] INFO  server.RaftServerConfigKeys (ConfUtils.java:logGet(46)) - raft.server.staging.catchup.gap = 1000 (default)
2023-02-21 13:37:41,144 [om1@group-C5BA1605619E-LeaderElection1] INFO  server.RaftServerConfigKeys (ConfUtils.java:logGet(46)) - raft.server.write.element-limit = 4096 (default)
2023-02-21 13:37:41,146 [om1@group-C5BA1605619E-LeaderElection1] INFO  server.RaftServerConfigKeys (ConfUtils.java:logGet(46)) - raft.server.write.byte-limit = 64MB (=67108864) (default)
2023-02-21 13:37:41,160 [om1@group-C5BA1605619E-LeaderElection1] INFO  server.RaftServerConfigKeys (ConfUtils.java:logGet(46)) - raft.server.watch.timeout = 10s (default)
2023-02-21 13:37:41,160 [om1@group-C5BA1605619E-LeaderElection1] INFO  server.RaftServerConfigKeys (ConfUtils.java:logGet(46)) - raft.server.watch.timeout.denomination = 1s (default)
2023-02-21 13:37:41,163 [om1@group-C5BA1605619E-LeaderElection1] INFO  server.RaftServerConfigKeys (ConfUtils.java:logGet(46)) - raft.server.watch.element-limit = 65536 (default)
2023-02-21 13:37:41,172 [om1@group-C5BA1605619E-LeaderElection1] INFO  server.RaftServerConfigKeys (ConfUtils.java:logGet(46)) - raft.server.write.element-limit = 4096 (default)
2023-02-21 13:37:41,178 [om1@group-C5BA1605619E-LeaderElection1] INFO  server.RaftServerConfigKeys (ConfUtils.java:logGet(46)) - raft.server.write.follower.gap.ratio.max = -1.0 (default)
2023-02-21 13:37:41,191 [om1@group-C5BA1605619E-LeaderElection1] INFO  impl.RoleInfo (RoleInfo.java:updateAndGet(139)) - om1: start om1@group-C5BA1605619E-LeaderStateImpl
2023-02-21 13:37:41,231 [om1@group-C5BA1605619E-LeaderElection1] INFO  segmented.SegmentedRaftLogWorker (SegmentedRaftLogWorker.java:startLogSegment(452)) - om1@group-C5BA1605619E-SegmentedRaftLogWorker: Starting segment from index:0
2023-02-21 13:37:41,279 [Listener at 127.0.0.1/35721] INFO  handler.ContextHandler (ContextHandler.java:doStart(921)) - Started o.e.j.w.WebAppContext@5b0e558a{hddsDatanode,/,file:///tmp/jetty-0_0_0_0-34133-hdds-container-service-1_4_0-SNAPSHOT_jar-_-any-594588816273910565/webapp/,AVAILABLE}{jar:file:/home/runner/.m2/repository/org/apache/ozone/hdds-container-service/1.4.0-SNAPSHOT/hdds-container-service-1.4.0-SNAPSHOT.jar!/webapps/hddsDatanode}
2023-02-21 13:37:41,280 [Listener at 127.0.0.1/35721] INFO  server.AbstractConnector (AbstractConnector.java:doStart(333)) - Started ServerConnector@1d5ba943{HTTP/1.1, (http/1.1)}{0.0.0.0:34133}
2023-02-21 13:37:41,280 [Listener at 127.0.0.1/35721] INFO  server.Server (Server.java:doStart(415)) - Started @9995ms
2023-02-21 13:37:41,280 [Listener at 127.0.0.1/35721] WARN  impl.MetricsSystemImpl (MetricsSystemImpl.java:register(279)) - Sink prometheus already exists!
2023-02-21 13:37:41,295 [Listener at 127.0.0.1/35721] INFO  http.BaseHttpServer (BaseHttpServer.java:updateConnectorAddress(333)) - HTTP server of hddsDatanode listening at http://0.0.0.0:34133
2023-02-21 13:37:41,299 [Listener at 127.0.0.1/35721] WARN  impl.MetricRegistriesImpl (MetricRegistriesImpl.java:addReporterRegistration(111)) - New reporters are added after registries were created. Some metrics will be missing from the reporter. Please add reporter before adding any new registry.
2023-02-21 13:37:41,299 [Listener at 127.0.0.1/35721] WARN  impl.MetricRegistriesImpl (MetricRegistriesImpl.java:addReporterRegistration(111)) - New reporters are added after registries were created. Some metrics will be missing from the reporter. Please add reporter before adding any new registry.
2023-02-21 13:37:41,299 [Listener at 127.0.0.1/35721] INFO  impl.MetricsSystemImpl (MetricsSystemImpl.java:init(158)) - HddsDatanode metrics system started (again)
2023-02-21 13:37:41,304 [Datanode State Machine Daemon Thread] INFO  statemachine.DatanodeStateMachine (DatanodeStateMachine.java:lambda$startDaemon$0(516)) - Ozone container server started.
2023-02-21 13:37:41,332 [om1@group-C5BA1605619E-LeaderElection1] INFO  server.RaftServer$Division (ServerState.java:setRaftConf(430)) - om1@group-C5BA1605619E: set configuration 0: peers:[om1|rpc:localhost:9872|admin:|client:|dataStream:|priority:0|startupRole:FOLLOWER]|listeners:[], old=null
2023-02-21 13:37:41,334 [org.apache.hadoop.util.JvmPauseMonitor$Monitor@d141ac3] INFO  util.JvmPauseMonitor (JvmPauseMonitor.java:run(188)) - Starting JVM pause monitor
2023-02-21 13:37:41,346 [Listener at 127.0.0.1/35721] INFO  ozone.HddsDatanodeService (HddsDatanodeService.java:start(228)) - HddsDatanodeService host:fv-az318-260.ewvrrcgabbbubjc05i3n4a3pph.dx.internal.cloudapp.net ip:10.1.0.81
2023-02-21 13:37:41,391 [Listener at 127.0.0.1/35721] INFO  upgrade.AbstractLayoutVersionManager (AbstractLayoutVersionManager.java:init(83)) - Initializing Layout version manager with metadata layout = DATANODE_SCHEMA_V3 (version = 4), software layout = DATANODE_SCHEMA_V3 (version = 4)
2023-02-21 13:37:41,440 [om1@group-C5BA1605619E-SegmentedRaftLogWorker] INFO  segmented.SegmentedRaftLogWorker (SegmentedRaftLogWorker.java:execute(656)) - om1@group-C5BA1605619E-SegmentedRaftLogWorker: created new log segment /home/runner/work/ozone/ozone/hadoop-ozone/integration-test/target/test-dir/MiniOzoneClusterImpl-af67ded0-52d4-4e8d-8917-e8c7ba660466/ozone-meta/ratis/bf265839-605b-3f16-9796-c5ba1605619e/current/log_inprogress_0
2023-02-21 13:37:41,574 [Listener at 127.0.0.1/35721] INFO  reflections.Reflections (Reflections.java:scan(232)) - Reflections took 159 ms to scan 7 urls, producing 150 keys and 362 values 
2023-02-21 13:37:41,579 [Datanode State Machine Task Thread - 0] INFO  datanode.InitDatanodeState (InitDatanodeState.java:persistContainerDatanodeDetails(138)) - DatanodeDetails is persisted to /home/runner/work/ozone/ozone/hadoop-ozone/integration-test/target/test-dir/MiniOzoneClusterImpl-af67ded0-52d4-4e8d-8917-e8c7ba660466/datanode-0/meta/datanode.id
2023-02-21 13:37:41,582 [Listener at 127.0.0.1/35721] INFO  statemachine.DatanodeStateMachine (DatanodeStateMachine.java:getEndPointTaskThreadPoolSize(260)) - Datanode State Machine Task Thread Pool size 2
2023-02-21 13:37:41,592 [Listener at 127.0.0.1/35721] INFO  volume.HddsVolume (HddsVolume.java:<init>(122)) - Creating HddsVolume: /home/runner/work/ozone/ozone/hadoop-ozone/integration-test/target/test-dir/MiniOzoneClusterImpl-af67ded0-52d4-4e8d-8917-e8c7ba660466/datanode-1/data-0/containers/hdds of storage type : DISK capacity : 9223372036854775807
2023-02-21 13:37:41,592 [Listener at 127.0.0.1/35721] INFO  volume.MutableVolumeSet (MutableVolumeSet.java:initializeVolumeSet(174)) - Added Volume : /home/runner/work/ozone/ozone/hadoop-ozone/integration-test/target/test-dir/MiniOzoneClusterImpl-af67ded0-52d4-4e8d-8917-e8c7ba660466/datanode-1/data-0/containers/hdds to VolumeSet
2023-02-21 13:37:41,593 [Listener at 127.0.0.1/35721] INFO  volume.ThrottledAsyncChecker (ThrottledAsyncChecker.java:schedule(141)) - Scheduling a check for /home/runner/work/ozone/ozone/hadoop-ozone/integration-test/target/test-dir/MiniOzoneClusterImpl-af67ded0-52d4-4e8d-8917-e8c7ba660466/datanode-1/data-0/containers/hdds
2023-02-21 13:37:41,601 [Listener at 127.0.0.1/35721] INFO  volume.StorageVolumeChecker (StorageVolumeChecker.java:checkAllVolumes(202)) - Scheduled health check for volume /home/runner/work/ozone/ozone/hadoop-ozone/integration-test/target/test-dir/MiniOzoneClusterImpl-af67ded0-52d4-4e8d-8917-e8c7ba660466/datanode-1/data-0/containers/hdds
2023-02-21 13:37:41,617 [om1@group-C5BA1605619E-StateMachineUpdater] INFO  ratis.OzoneManagerStateMachine (OzoneManagerStateMachine.java:notifyConfigurationChanged(192)) - Received Configuration change notification from Ratis. New Peer list:
[id: "om1"
address: "localhost:9872"
startupRole: FOLLOWER
]
2023-02-21 13:37:41,625 [Listener at 127.0.0.1/35721] INFO  volume.MutableVolumeSet (MutableVolumeSet.java:initializeVolumeSet(174)) - Added Volume : /home/runner/work/ozone/ozone/hadoop-ozone/integration-test/target/test-dir/MiniOzoneClusterImpl-af67ded0-52d4-4e8d-8917-e8c7ba660466/datanode-1/data/ratis to VolumeSet
2023-02-21 13:37:41,625 [Listener at 127.0.0.1/35721] INFO  volume.ThrottledAsyncChecker (ThrottledAsyncChecker.java:schedule(141)) - Scheduling a check for /home/runner/work/ozone/ozone/hadoop-ozone/integration-test/target/test-dir/MiniOzoneClusterImpl-af67ded0-52d4-4e8d-8917-e8c7ba660466/datanode-1/data/ratis
2023-02-21 13:37:41,625 [Listener at 127.0.0.1/35721] INFO  volume.StorageVolumeChecker (StorageVolumeChecker.java:checkAllVolumes(202)) - Scheduled health check for volume /home/runner/work/ozone/ozone/hadoop-ozone/integration-test/target/test-dir/MiniOzoneClusterImpl-af67ded0-52d4-4e8d-8917-e8c7ba660466/datanode-1/data/ratis
2023-02-21 13:37:41,644 [Thread-152] INFO  ozoneimpl.ContainerReader (ContainerReader.java:readVolume(175)) - Finish verifying containers on volume /home/runner/work/ozone/ozone/hadoop-ozone/integration-test/target/test-dir/MiniOzoneClusterImpl-af67ded0-52d4-4e8d-8917-e8c7ba660466/datanode-1/data-0/containers/hdds
2023-02-21 13:37:41,645 [Listener at 127.0.0.1/35721] INFO  ozoneimpl.OzoneContainer (OzoneContainer.java:buildContainerSet(304)) - Build ContainerSet costs 0s
2023-02-21 13:37:41,651 [Listener at 127.0.0.1/35721] INFO  server.RaftServer (ConfUtils.java:logGet(46)) - raft.rpc.type = GRPC (default)
2023-02-21 13:37:41,651 [Listener at 127.0.0.1/35721] INFO  grpc.GrpcConfigKeys (ConfUtils.java:logFallback(53)) - raft.grpc.admin.host = null (fallback to raft.grpc.server.host)
2023-02-21 13:37:41,651 [Listener at 127.0.0.1/35721] INFO  grpc.GrpcConfigKeys (ConfUtils.java:logGet(46)) - raft.grpc.admin.port = 0 (custom)
2023-02-21 13:37:41,652 [Listener at 127.0.0.1/35721] INFO  grpc.GrpcConfigKeys (ConfUtils.java:logFallback(53)) - raft.grpc.client.host = null (fallback to raft.grpc.server.host)
2023-02-21 13:37:41,652 [Listener at 127.0.0.1/35721] INFO  grpc.GrpcConfigKeys (ConfUtils.java:logGet(46)) - raft.grpc.client.port = 0 (custom)
2023-02-21 13:37:41,652 [Listener at 127.0.0.1/35721] INFO  grpc.GrpcConfigKeys (ConfUtils.java:logGet(46)) - raft.grpc.server.host = null (default)
2023-02-21 13:37:41,652 [Listener at 127.0.0.1/35721] INFO  grpc.GrpcConfigKeys (ConfUtils.java:logGet(46)) - raft.grpc.server.port = 0 (default)
2023-02-21 13:37:41,653 [Listener at 127.0.0.1/35721] INFO  server.GrpcService (ConfUtils.java:logGet(46)) - raft.grpc.message.size.max = 32MB (=33554432) (custom)
2023-02-21 13:37:41,653 [Listener at 127.0.0.1/35721] INFO  server.RaftServerConfigKeys (ConfUtils.java:logGet(46)) - raft.server.log.appender.buffer.byte-limit = 33554432 (custom)
2023-02-21 13:37:41,653 [Listener at 127.0.0.1/35721] INFO  server.GrpcService (ConfUtils.java:logGet(46)) - raft.grpc.flow.control.window = 5MB (=5242880) (custom)
2023-02-21 13:37:41,654 [Listener at 127.0.0.1/35721] INFO  server.RaftServerConfigKeys (ConfUtils.java:logGet(46)) - raft.server.rpc.request.timeout = 60s (custom)
2023-02-21 13:37:41,654 [Listener at 127.0.0.1/35721] INFO  grpc.GrpcConfigKeys (ConfUtils.java:logGet(46)) - raft.grpc.server.heartbeat.channel = true (default)
2023-02-21 13:37:41,654 [Listener at 127.0.0.1/35721] INFO  grpc.GrpcConfigKeys (ConfUtils.java:logGet(46)) - raft.grpc.server.async.request.thread.pool.cached = true (default)
2023-02-21 13:37:41,654 [Listener at 127.0.0.1/35721] INFO  grpc.GrpcConfigKeys (ConfUtils.java:logGet(46)) - raft.grpc.server.async.request.thread.pool.size = 32 (default)
2023-02-21 13:37:41,656 [Listener at 127.0.0.1/35721] INFO  impl.DataStreamServerImpl (ConfUtils.java:logGet(46)) - raft.datastream.type = NETTY (custom)
2023-02-21 13:37:41,657 [Listener at 127.0.0.1/35721] INFO  server.RaftServerConfigKeys (ConfUtils.java:logGet(46)) - raft.server.data-stream.async.request.thread.pool.cached = false (default)
2023-02-21 13:37:41,657 [Listener at 127.0.0.1/35721] INFO  server.RaftServerConfigKeys (ConfUtils.java:logGet(46)) - raft.server.data-stream.async.request.thread.pool.size = 20 (custom)
2023-02-21 13:37:41,657 [Listener at 127.0.0.1/35721] INFO  server.RaftServerConfigKeys (ConfUtils.java:logGet(46)) - raft.server.data-stream.async.write.thread.pool.size = 16 (default)
2023-02-21 13:37:41,657 [Listener at 127.0.0.1/35721] INFO  server.RaftServerConfigKeys (ConfUtils.java:logGet(46)) - raft.server.data-stream.client.pool.size = 10 (default)
2023-02-21 13:37:41,657 [Listener at 127.0.0.1/35721] INFO  netty.NettyConfigKeys$DataStream (ConfUtils.java:logGet(46)) - raft.netty.dataStream.server.use-epoll = false (default)
2023-02-21 13:37:41,658 [Listener at 127.0.0.1/35721] INFO  netty.NettyConfigKeys$DataStream (ConfUtils.java:logGet(46)) - raft.netty.dataStream.server.boss-group.size = 0 (default)
2023-02-21 13:37:41,658 [Listener at 127.0.0.1/35721] INFO  netty.NettyConfigKeys$DataStream (ConfUtils.java:logGet(46)) - raft.netty.dataStream.server.worker-group.size = 0 (default)
2023-02-21 13:37:41,659 [Listener at 127.0.0.1/35721] INFO  netty.NettyConfigKeys$DataStream (ConfUtils.java:logGet(46)) - raft.netty.dataStream.server.tls.conf = null (default)
2023-02-21 13:37:41,659 [Listener at 127.0.0.1/35721] INFO  netty.NettyConfigKeys$DataStream (ConfUtils.java:logGet(46)) - raft.netty.dataStream.host = null (default)
2023-02-21 13:37:41,660 [Listener at 127.0.0.1/35721] INFO  netty.NettyConfigKeys$DataStream (ConfUtils.java:logGet(46)) - raft.netty.dataStream.port = 0 (default)
2023-02-21 13:37:41,660 [Listener at 127.0.0.1/35721] INFO  server.RaftServerConfigKeys (ConfUtils.java:logGet(46)) - raft.server.threadpool.proxy.cached = true (default)
2023-02-21 13:37:41,661 [Listener at 127.0.0.1/35721] INFO  server.RaftServerConfigKeys (ConfUtils.java:logGet(46)) - raft.server.threadpool.proxy.size = 0 (default)
2023-02-21 13:37:41,661 [Listener at 127.0.0.1/35721] INFO  server.RaftServerConfigKeys (ConfUtils.java:logGet(46)) - raft.server.rpc.slowness.timeout = 300s (custom)
2023-02-21 13:37:41,661 [Listener at 127.0.0.1/35721] INFO  server.RaftServerConfigKeys (ConfUtils.java:logGet(46)) - raft.server.leaderelection.leader.step-down.wait-time = 10s (default)
2023-02-21 13:37:41,661 [Listener at 127.0.0.1/35721] INFO  server.RaftServerConfigKeys (ConfUtils.java:logGet(46)) - raft.server.storage.dir = [/home/runner/work/ozone/ozone/hadoop-ozone/integration-test/target/test-dir/MiniOzoneClusterImpl-af67ded0-52d4-4e8d-8917-e8c7ba660466/datanode-1/data/ratis] (custom)
2023-02-21 13:37:41,666 [49687013-9189-4ed6-aa07-d793b1b94e57-NettyServerStreamRpc-bossGroup--thread1] INFO  logging.LoggingHandler (AbstractInternalLogger.java:log(148)) - [id: 0x28f441df] REGISTERED
2023-02-21 13:37:41,666 [49687013-9189-4ed6-aa07-d793b1b94e57-NettyServerStreamRpc-bossGroup--thread1] INFO  logging.LoggingHandler (AbstractInternalLogger.java:log(148)) - [id: 0x28f441df] BIND: 0.0.0.0/0.0.0.0:0
2023-02-21 13:37:41,667 [49687013-9189-4ed6-aa07-d793b1b94e57-NettyServerStreamRpc-bossGroup--thread1] INFO  logging.LoggingHandler (AbstractInternalLogger.java:log(148)) - [id: 0x28f441df, L:/0:0:0:0:0:0:0:0:34179] ACTIVE
2023-02-21 13:37:41,668 [Listener at 127.0.0.1/35721] INFO  server.XceiverServerGrpc (XceiverServerGrpc.java:<init>(132)) - GrpcServer channel type EpollServerSocketChannel
2023-02-21 13:37:41,680 [Listener at 127.0.0.1/35721] INFO  http.BaseHttpServer (BaseHttpServer.java:newHttpServer2BuilderForOzone(213)) - Starting Web-server for hddsDatanode at: http://0.0.0.0:0
2023-02-21 13:37:41,680 [Listener at 127.0.0.1/35721] INFO  http.BaseHttpServer (BaseHttpServer.java:<init>(108)) - Hadoop Security Enabled: false Ozone Security Enabled: false Ozone HTTP Security Enabled: false 
2023-02-21 13:37:41,683 [Listener at 127.0.0.1/35721] WARN  server.AuthenticationFilter (AuthenticationFilter.java:constructSecretProvider(240)) - Unable to initialize FileSignerSecretProvider, falling back to use random secrets. Reason: Could not read signature secret file: /home/runner/hadoop-http-auth-signature-secret
2023-02-21 13:37:41,686 [Listener at 127.0.0.1/35721] WARN  http.HttpRequestLog (HttpRequestLog.java:getRequestLog(103)) - Jetty request log can only be enabled using Log4j
2023-02-21 13:37:41,689 [Listener at 127.0.0.1/35721] INFO  http.HttpServer2 (HttpServer2.java:addGlobalFilter(1031)) - Added global filter 'safety' (class=org.apache.hadoop.hdds.server.http.HttpServer2$QuotingInputFilter)
2023-02-21 13:37:41,691 [Listener at 127.0.0.1/35721] INFO  http.HttpServer2 (HttpServer2.java:addFilter(1007)) - Added filter static_user_filter (class=org.apache.hadoop.http.lib.StaticUserWebFilter$StaticUserFilter) to context hddsDatanode
2023-02-21 13:37:41,691 [Listener at 127.0.0.1/35721] INFO  http.HttpServer2 (HttpServer2.java:addFilter(1015)) - Added filter static_user_filter (class=org.apache.hadoop.http.lib.StaticUserWebFilter$StaticUserFilter) to context static
2023-02-21 13:37:41,691 [Listener at 127.0.0.1/35721] INFO  http.HttpServer2 (HttpServer2.java:addFilter(1015)) - Added filter static_user_filter (class=org.apache.hadoop.http.lib.StaticUserWebFilter$StaticUserFilter) to context logs
2023-02-21 13:37:41,696 [Listener at 127.0.0.1/35721] INFO  http.HttpServer2 (HttpServer2.java:bindListener(1250)) - Jetty bound to port 42003
2023-02-21 13:37:41,697 [Listener at 127.0.0.1/35721] INFO  server.Server (Server.java:doStart(375)) - jetty-9.4.49.v20220914; built: 2022-09-14T01:07:36.601Z; git: 4231a3b2e4cb8548a412a789936d640a97b1aa0a; jvm 1.8.0_362-b09
2023-02-21 13:37:41,702 [Listener at 127.0.0.1/35721] INFO  server.session (DefaultSessionIdManager.java:doStart(334)) - DefaultSessionIdManager workerName=node0
2023-02-21 13:37:41,703 [Listener at 127.0.0.1/35721] INFO  server.session (DefaultSessionIdManager.java:doStart(339)) - No SessionScavenger set, using defaults
2023-02-21 13:37:41,703 [Listener at 127.0.0.1/35721] INFO  server.session (HouseKeeper.java:startScavenging(132)) - node0 Scavenging every 600000ms
2023-02-21 13:37:41,705 [Listener at 127.0.0.1/35721] INFO  handler.ContextHandler (ContextHandler.java:doStart(921)) - Started o.e.j.s.ServletContextHandler@73484926{logs,/logs,file:///home/runner/work/ozone/ozone/hadoop-ozone/integration-test/target/log,AVAILABLE}
2023-02-21 13:37:41,705 [Listener at 127.0.0.1/35721] INFO  handler.ContextHandler (ContextHandler.java:doStart(921)) - Started o.e.j.s.ServletContextHandler@425531c9{static,/static,jar:file:/home/runner/.m2/repository/org/apache/ozone/hdds-container-service/1.4.0-SNAPSHOT/hdds-container-service-1.4.0-SNAPSHOT.jar!/webapps/static,AVAILABLE}
2023-02-21 13:37:41,925 [Listener at 127.0.0.1/35721] INFO  handler.ContextHandler (ContextHandler.java:doStart(921)) - Started o.e.j.w.WebAppContext@598bc41e{hddsDatanode,/,file:///tmp/jetty-0_0_0_0-42003-hdds-container-service-1_4_0-SNAPSHOT_jar-_-any-8468801054460154194/webapp/,AVAILABLE}{jar:file:/home/runner/.m2/repository/org/apache/ozone/hdds-container-service/1.4.0-SNAPSHOT/hdds-container-service-1.4.0-SNAPSHOT.jar!/webapps/hddsDatanode}
2023-02-21 13:37:41,926 [Listener at 127.0.0.1/35721] INFO  server.AbstractConnector (AbstractConnector.java:doStart(333)) - Started ServerConnector@1838cb5b{HTTP/1.1, (http/1.1)}{0.0.0.0:42003}
2023-02-21 13:37:41,926 [Listener at 127.0.0.1/35721] INFO  server.Server (Server.java:doStart(415)) - Started @10641ms
2023-02-21 13:37:41,926 [Listener at 127.0.0.1/35721] WARN  impl.MetricsSystemImpl (MetricsSystemImpl.java:register(279)) - Sink prometheus already exists!
2023-02-21 13:37:41,927 [Listener at 127.0.0.1/35721] INFO  http.BaseHttpServer (BaseHttpServer.java:updateConnectorAddress(333)) - HTTP server of hddsDatanode listening at http://0.0.0.0:42003
2023-02-21 13:37:41,928 [Datanode State Machine Daemon Thread] INFO  statemachine.DatanodeStateMachine (DatanodeStateMachine.java:lambda$startDaemon$0(516)) - Ozone container server started.
2023-02-21 13:37:41,928 [Listener at 127.0.0.1/35721] WARN  impl.MetricRegistriesImpl (MetricRegistriesImpl.java:addReporterRegistration(111)) - New reporters are added after registries were created. Some metrics will be missing from the reporter. Please add reporter before adding any new registry.
2023-02-21 13:37:41,928 [Listener at 127.0.0.1/35721] WARN  impl.MetricRegistriesImpl (MetricRegistriesImpl.java:addReporterRegistration(111)) - New reporters are added after registries were created. Some metrics will be missing from the reporter. Please add reporter before adding any new registry.
2023-02-21 13:37:41,931 [Listener at 127.0.0.1/35721] INFO  impl.MetricsSystemImpl (MetricsSystemImpl.java:init(158)) - HddsDatanode metrics system started (again)
2023-02-21 13:37:41,945 [Listener at 127.0.0.1/35721] INFO  ozone.HddsDatanodeService (HddsDatanodeService.java:start(228)) - HddsDatanodeService host:fv-az318-260.ewvrrcgabbbubjc05i3n4a3pph.dx.internal.cloudapp.net ip:10.1.0.81
2023-02-21 13:37:41,949 [org.apache.hadoop.util.JvmPauseMonitor$Monitor@1ab329f4] INFO  util.JvmPauseMonitor (JvmPauseMonitor.java:run(188)) - Starting JVM pause monitor
2023-02-21 13:37:41,964 [Datanode State Machine Task Thread - 0] INFO  datanode.InitDatanodeState (InitDatanodeState.java:persistContainerDatanodeDetails(138)) - DatanodeDetails is persisted to /home/runner/work/ozone/ozone/hadoop-ozone/integration-test/target/test-dir/MiniOzoneClusterImpl-af67ded0-52d4-4e8d-8917-e8c7ba660466/datanode-1/meta/datanode.id
2023-02-21 13:37:41,981 [Listener at 127.0.0.1/35721] INFO  upgrade.AbstractLayoutVersionManager (AbstractLayoutVersionManager.java:init(83)) - Initializing Layout version manager with metadata layout = DATANODE_SCHEMA_V3 (version = 4), software layout = DATANODE_SCHEMA_V3 (version = 4)
2023-02-21 13:37:42,049 [Listener at 127.0.0.1/35721] INFO  reflections.Reflections (Reflections.java:scan(232)) - Reflections took 67 ms to scan 7 urls, producing 150 keys and 362 values 
2023-02-21 13:37:42,052 [Listener at 127.0.0.1/35721] INFO  statemachine.DatanodeStateMachine (DatanodeStateMachine.java:getEndPointTaskThreadPoolSize(260)) - Datanode State Machine Task Thread Pool size 2
2023-02-21 13:37:42,054 [Listener at 127.0.0.1/35721] INFO  volume.HddsVolume (HddsVolume.java:<init>(122)) - Creating HddsVolume: /home/runner/work/ozone/ozone/hadoop-ozone/integration-test/target/test-dir/MiniOzoneClusterImpl-af67ded0-52d4-4e8d-8917-e8c7ba660466/datanode-2/data-0/containers/hdds of storage type : DISK capacity : 9223372036854775807
2023-02-21 13:37:42,055 [Listener at 127.0.0.1/35721] INFO  volume.MutableVolumeSet (MutableVolumeSet.java:initializeVolumeSet(174)) - Added Volume : /home/runner/work/ozone/ozone/hadoop-ozone/integration-test/target/test-dir/MiniOzoneClusterImpl-af67ded0-52d4-4e8d-8917-e8c7ba660466/datanode-2/data-0/containers/hdds to VolumeSet
2023-02-21 13:37:42,055 [Listener at 127.0.0.1/35721] INFO  volume.ThrottledAsyncChecker (ThrottledAsyncChecker.java:schedule(141)) - Scheduling a check for /home/runner/work/ozone/ozone/hadoop-ozone/integration-test/target/test-dir/MiniOzoneClusterImpl-af67ded0-52d4-4e8d-8917-e8c7ba660466/datanode-2/data-0/containers/hdds
2023-02-21 13:37:42,060 [Listener at 127.0.0.1/35721] INFO  volume.StorageVolumeChecker (StorageVolumeChecker.java:checkAllVolumes(202)) - Scheduled health check for volume /home/runner/work/ozone/ozone/hadoop-ozone/integration-test/target/test-dir/MiniOzoneClusterImpl-af67ded0-52d4-4e8d-8917-e8c7ba660466/datanode-2/data-0/containers/hdds
2023-02-21 13:37:42,073 [Listener at 127.0.0.1/35721] INFO  volume.MutableVolumeSet (MutableVolumeSet.java:initializeVolumeSet(174)) - Added Volume : /home/runner/work/ozone/ozone/hadoop-ozone/integration-test/target/test-dir/MiniOzoneClusterImpl-af67ded0-52d4-4e8d-8917-e8c7ba660466/datanode-2/data/ratis to VolumeSet
2023-02-21 13:37:42,073 [Listener at 127.0.0.1/35721] INFO  volume.ThrottledAsyncChecker (ThrottledAsyncChecker.java:schedule(141)) - Scheduling a check for /home/runner/work/ozone/ozone/hadoop-ozone/integration-test/target/test-dir/MiniOzoneClusterImpl-af67ded0-52d4-4e8d-8917-e8c7ba660466/datanode-2/data/ratis
2023-02-21 13:37:42,074 [Listener at 127.0.0.1/35721] INFO  volume.StorageVolumeChecker (StorageVolumeChecker.java:checkAllVolumes(202)) - Scheduled health check for volume /home/runner/work/ozone/ozone/hadoop-ozone/integration-test/target/test-dir/MiniOzoneClusterImpl-af67ded0-52d4-4e8d-8917-e8c7ba660466/datanode-2/data/ratis
2023-02-21 13:37:42,087 [Thread-166] INFO  ozoneimpl.ContainerReader (ContainerReader.java:readVolume(175)) - Finish verifying containers on volume /home/runner/work/ozone/ozone/hadoop-ozone/integration-test/target/test-dir/MiniOzoneClusterImpl-af67ded0-52d4-4e8d-8917-e8c7ba660466/datanode-2/data-0/containers/hdds
2023-02-21 13:37:42,087 [Listener at 127.0.0.1/35721] INFO  ozoneimpl.OzoneContainer (OzoneContainer.java:buildContainerSet(304)) - Build ContainerSet costs 0s
2023-02-21 13:37:42,092 [Listener at 127.0.0.1/35721] INFO  server.RaftServer (ConfUtils.java:logGet(46)) - raft.rpc.type = GRPC (default)
2023-02-21 13:37:42,092 [Listener at 127.0.0.1/35721] INFO  grpc.GrpcConfigKeys (ConfUtils.java:logFallback(53)) - raft.grpc.admin.host = null (fallback to raft.grpc.server.host)
2023-02-21 13:37:42,092 [Listener at 127.0.0.1/35721] INFO  grpc.GrpcConfigKeys (ConfUtils.java:logGet(46)) - raft.grpc.admin.port = 0 (custom)
2023-02-21 13:37:42,093 [Listener at 127.0.0.1/35721] INFO  grpc.GrpcConfigKeys (ConfUtils.java:logFallback(53)) - raft.grpc.client.host = null (fallback to raft.grpc.server.host)
2023-02-21 13:37:42,093 [Listener at 127.0.0.1/35721] INFO  grpc.GrpcConfigKeys (ConfUtils.java:logGet(46)) - raft.grpc.client.port = 0 (custom)
2023-02-21 13:37:42,093 [Listener at 127.0.0.1/35721] INFO  grpc.GrpcConfigKeys (ConfUtils.java:logGet(46)) - raft.grpc.server.host = null (default)
2023-02-21 13:37:42,093 [Listener at 127.0.0.1/35721] INFO  grpc.GrpcConfigKeys (ConfUtils.java:logGet(46)) - raft.grpc.server.port = 0 (default)
2023-02-21 13:37:42,094 [Listener at 127.0.0.1/35721] INFO  server.GrpcService (ConfUtils.java:logGet(46)) - raft.grpc.message.size.max = 32MB (=33554432) (custom)
2023-02-21 13:37:42,094 [Listener at 127.0.0.1/35721] INFO  server.RaftServerConfigKeys (ConfUtils.java:logGet(46)) - raft.server.log.appender.buffer.byte-limit = 33554432 (custom)
2023-02-21 13:37:42,094 [Listener at 127.0.0.1/35721] INFO  server.GrpcService (ConfUtils.java:logGet(46)) - raft.grpc.flow.control.window = 5MB (=5242880) (custom)
2023-02-21 13:37:42,094 [Listener at 127.0.0.1/35721] INFO  server.RaftServerConfigKeys (ConfUtils.java:logGet(46)) - raft.server.rpc.request.timeout = 60s (custom)
2023-02-21 13:37:42,094 [Listener at 127.0.0.1/35721] INFO  grpc.GrpcConfigKeys (ConfUtils.java:logGet(46)) - raft.grpc.server.heartbeat.channel = true (default)
2023-02-21 13:37:42,095 [Listener at 127.0.0.1/35721] INFO  grpc.GrpcConfigKeys (ConfUtils.java:logGet(46)) - raft.grpc.server.async.request.thread.pool.cached = true (default)
2023-02-21 13:37:42,095 [Listener at 127.0.0.1/35721] INFO  grpc.GrpcConfigKeys (ConfUtils.java:logGet(46)) - raft.grpc.server.async.request.thread.pool.size = 32 (default)
2023-02-21 13:37:42,096 [Listener at 127.0.0.1/35721] INFO  impl.DataStreamServerImpl (ConfUtils.java:logGet(46)) - raft.datastream.type = NETTY (custom)
2023-02-21 13:37:42,097 [Listener at 127.0.0.1/35721] INFO  server.RaftServerConfigKeys (ConfUtils.java:logGet(46)) - raft.server.data-stream.async.request.thread.pool.cached = false (default)
2023-02-21 13:37:42,097 [Listener at 127.0.0.1/35721] INFO  server.RaftServerConfigKeys (ConfUtils.java:logGet(46)) - raft.server.data-stream.async.request.thread.pool.size = 20 (custom)
2023-02-21 13:37:42,097 [Listener at 127.0.0.1/35721] INFO  server.RaftServerConfigKeys (ConfUtils.java:logGet(46)) - raft.server.data-stream.async.write.thread.pool.size = 16 (default)
2023-02-21 13:37:42,097 [Listener at 127.0.0.1/35721] INFO  server.RaftServerConfigKeys (ConfUtils.java:logGet(46)) - raft.server.data-stream.client.pool.size = 10 (default)
2023-02-21 13:37:42,098 [Listener at 127.0.0.1/35721] INFO  netty.NettyConfigKeys$DataStream (ConfUtils.java:logGet(46)) - raft.netty.dataStream.server.use-epoll = false (default)
2023-02-21 13:37:42,098 [Listener at 127.0.0.1/35721] INFO  netty.NettyConfigKeys$DataStream (ConfUtils.java:logGet(46)) - raft.netty.dataStream.server.boss-group.size = 0 (default)
2023-02-21 13:37:42,099 [Listener at 127.0.0.1/35721] INFO  netty.NettyConfigKeys$DataStream (ConfUtils.java:logGet(46)) - raft.netty.dataStream.server.worker-group.size = 0 (default)
2023-02-21 13:37:42,100 [Listener at 127.0.0.1/35721] INFO  netty.NettyConfigKeys$DataStream (ConfUtils.java:logGet(46)) - raft.netty.dataStream.server.tls.conf = null (default)
2023-02-21 13:37:42,100 [Listener at 127.0.0.1/35721] INFO  netty.NettyConfigKeys$DataStream (ConfUtils.java:logGet(46)) - raft.netty.dataStream.host = null (default)
2023-02-21 13:37:42,101 [Listener at 127.0.0.1/35721] INFO  netty.NettyConfigKeys$DataStream (ConfUtils.java:logGet(46)) - raft.netty.dataStream.port = 0 (default)
2023-02-21 13:37:42,101 [Listener at 127.0.0.1/35721] INFO  server.RaftServerConfigKeys (ConfUtils.java:logGet(46)) - raft.server.threadpool.proxy.cached = true (default)
2023-02-21 13:37:42,101 [Listener at 127.0.0.1/35721] INFO  server.RaftServerConfigKeys (ConfUtils.java:logGet(46)) - raft.server.threadpool.proxy.size = 0 (default)
2023-02-21 13:37:42,102 [Listener at 127.0.0.1/35721] INFO  server.RaftServerConfigKeys (ConfUtils.java:logGet(46)) - raft.server.rpc.slowness.timeout = 300s (custom)
2023-02-21 13:37:42,102 [Listener at 127.0.0.1/35721] INFO  server.RaftServerConfigKeys (ConfUtils.java:logGet(46)) - raft.server.leaderelection.leader.step-down.wait-time = 10s (default)
2023-02-21 13:37:42,102 [Listener at 127.0.0.1/35721] INFO  server.RaftServerConfigKeys (ConfUtils.java:logGet(46)) - raft.server.storage.dir = [/home/runner/work/ozone/ozone/hadoop-ozone/integration-test/target/test-dir/MiniOzoneClusterImpl-af67ded0-52d4-4e8d-8917-e8c7ba660466/datanode-2/data/ratis] (custom)
2023-02-21 13:37:42,104 [16e51c86-b54f-4418-8274-5609a4b0e8e9-NettyServerStreamRpc-bossGroup--thread1] INFO  logging.LoggingHandler (AbstractInternalLogger.java:log(148)) - [id: 0xdfd241b4] REGISTERED
2023-02-21 13:37:42,104 [16e51c86-b54f-4418-8274-5609a4b0e8e9-NettyServerStreamRpc-bossGroup--thread1] INFO  logging.LoggingHandler (AbstractInternalLogger.java:log(148)) - [id: 0xdfd241b4] BIND: 0.0.0.0/0.0.0.0:0
2023-02-21 13:37:42,104 [16e51c86-b54f-4418-8274-5609a4b0e8e9-NettyServerStreamRpc-bossGroup--thread1] INFO  logging.LoggingHandler (AbstractInternalLogger.java:log(148)) - [id: 0xdfd241b4, L:/0:0:0:0:0:0:0:0:44455] ACTIVE
2023-02-21 13:37:42,106 [Listener at 127.0.0.1/35721] INFO  server.XceiverServerGrpc (XceiverServerGrpc.java:<init>(132)) - GrpcServer channel type EpollServerSocketChannel
2023-02-21 13:37:42,113 [Listener at 127.0.0.1/35721] INFO  http.BaseHttpServer (BaseHttpServer.java:newHttpServer2BuilderForOzone(213)) - Starting Web-server for hddsDatanode at: http://0.0.0.0:0
2023-02-21 13:37:42,114 [Listener at 127.0.0.1/35721] INFO  http.BaseHttpServer (BaseHttpServer.java:<init>(108)) - Hadoop Security Enabled: false Ozone Security Enabled: false Ozone HTTP Security Enabled: false 
2023-02-21 13:37:42,116 [Listener at 127.0.0.1/35721] WARN  server.AuthenticationFilter (AuthenticationFilter.java:constructSecretProvider(240)) - Unable to initialize FileSignerSecretProvider, falling back to use random secrets. Reason: Could not read signature secret file: /home/runner/hadoop-http-auth-signature-secret
2023-02-21 13:37:42,118 [Listener at 127.0.0.1/35721] WARN  http.HttpRequestLog (HttpRequestLog.java:getRequestLog(103)) - Jetty request log can only be enabled using Log4j
2023-02-21 13:37:42,121 [Listener at 127.0.0.1/35721] INFO  http.HttpServer2 (HttpServer2.java:addGlobalFilter(1031)) - Added global filter 'safety' (class=org.apache.hadoop.hdds.server.http.HttpServer2$QuotingInputFilter)
2023-02-21 13:37:42,122 [Listener at 127.0.0.1/35721] INFO  http.HttpServer2 (HttpServer2.java:addFilter(1007)) - Added filter static_user_filter (class=org.apache.hadoop.http.lib.StaticUserWebFilter$StaticUserFilter) to context hddsDatanode
2023-02-21 13:37:42,122 [Listener at 127.0.0.1/35721] INFO  http.HttpServer2 (HttpServer2.java:addFilter(1015)) - Added filter static_user_filter (class=org.apache.hadoop.http.lib.StaticUserWebFilter$StaticUserFilter) to context logs
2023-02-21 13:37:42,122 [Listener at 127.0.0.1/35721] INFO  http.HttpServer2 (HttpServer2.java:addFilter(1015)) - Added filter static_user_filter (class=org.apache.hadoop.http.lib.StaticUserWebFilter$StaticUserFilter) to context static
2023-02-21 13:37:42,124 [Listener at 127.0.0.1/35721] INFO  http.HttpServer2 (HttpServer2.java:bindListener(1250)) - Jetty bound to port 35999
2023-02-21 13:37:42,124 [Listener at 127.0.0.1/35721] INFO  server.Server (Server.java:doStart(375)) - jetty-9.4.49.v20220914; built: 2022-09-14T01:07:36.601Z; git: 4231a3b2e4cb8548a412a789936d640a97b1aa0a; jvm 1.8.0_362-b09
2023-02-21 13:37:42,129 [Listener at 127.0.0.1/35721] INFO  server.session (DefaultSessionIdManager.java:doStart(334)) - DefaultSessionIdManager workerName=node0
2023-02-21 13:37:42,129 [Listener at 127.0.0.1/35721] INFO  server.session (DefaultSessionIdManager.java:doStart(339)) - No SessionScavenger set, using defaults
2023-02-21 13:37:42,129 [Listener at 127.0.0.1/35721] INFO  server.session (HouseKeeper.java:startScavenging(132)) - node0 Scavenging every 600000ms
2023-02-21 13:37:42,130 [Listener at 127.0.0.1/35721] INFO  handler.ContextHandler (ContextHandler.java:doStart(921)) - Started o.e.j.s.ServletContextHandler@4d05150f{logs,/logs,file:///home/runner/work/ozone/ozone/hadoop-ozone/integration-test/target/log,AVAILABLE}
2023-02-21 13:37:42,131 [Listener at 127.0.0.1/35721] INFO  handler.ContextHandler (ContextHandler.java:doStart(921)) - Started o.e.j.s.ServletContextHandler@5230426b{static,/static,jar:file:/home/runner/.m2/repository/org/apache/ozone/hdds-container-service/1.4.0-SNAPSHOT/hdds-container-service-1.4.0-SNAPSHOT.jar!/webapps/static,AVAILABLE}
2023-02-21 13:37:42,351 [Listener at 127.0.0.1/35721] INFO  handler.ContextHandler (ContextHandler.java:doStart(921)) - Started o.e.j.w.WebAppContext@175c25dd{hddsDatanode,/,file:///tmp/jetty-0_0_0_0-35999-hdds-container-service-1_4_0-SNAPSHOT_jar-_-any-9149452610566043426/webapp/,AVAILABLE}{jar:file:/home/runner/.m2/repository/org/apache/ozone/hdds-container-service/1.4.0-SNAPSHOT/hdds-container-service-1.4.0-SNAPSHOT.jar!/webapps/hddsDatanode}
2023-02-21 13:37:42,352 [Listener at 127.0.0.1/35721] INFO  server.AbstractConnector (AbstractConnector.java:doStart(333)) - Started ServerConnector@5d4f3b82{HTTP/1.1, (http/1.1)}{0.0.0.0:35999}
2023-02-21 13:37:42,352 [Listener at 127.0.0.1/35721] INFO  server.Server (Server.java:doStart(415)) - Started @11067ms
2023-02-21 13:37:42,353 [Listener at 127.0.0.1/35721] WARN  impl.MetricsSystemImpl (MetricsSystemImpl.java:register(279)) - Sink prometheus already exists!
2023-02-21 13:37:42,353 [Listener at 127.0.0.1/35721] INFO  http.BaseHttpServer (BaseHttpServer.java:updateConnectorAddress(333)) - HTTP server of hddsDatanode listening at http://0.0.0.0:35999
2023-02-21 13:37:42,354 [Listener at 127.0.0.1/35721] WARN  impl.MetricRegistriesImpl (MetricRegistriesImpl.java:addReporterRegistration(111)) - New reporters are added after registries were created. Some metrics will be missing from the reporter. Please add reporter before adding any new registry.
2023-02-21 13:37:42,354 [Listener at 127.0.0.1/35721] WARN  impl.MetricRegistriesImpl (MetricRegistriesImpl.java:addReporterRegistration(111)) - New reporters are added after registries were created. Some metrics will be missing from the reporter. Please add reporter before adding any new registry.
2023-02-21 13:37:42,354 [Listener at 127.0.0.1/35721] INFO  impl.MetricsSystemImpl (MetricsSystemImpl.java:init(158)) - HddsDatanode metrics system started (again)
2023-02-21 13:37:42,359 [Datanode State Machine Daemon Thread] INFO  statemachine.DatanodeStateMachine (DatanodeStateMachine.java:lambda$startDaemon$0(516)) - Ozone container server started.
2023-02-21 13:37:42,378 [org.apache.hadoop.util.JvmPauseMonitor$Monitor@4dd83f0e] INFO  util.JvmPauseMonitor (JvmPauseMonitor.java:run(188)) - Starting JVM pause monitor
2023-02-21 13:37:42,382 [Listener at 127.0.0.1/35721] INFO  ozone.HddsDatanodeService (HddsDatanodeService.java:start(228)) - HddsDatanodeService host:fv-az318-260.ewvrrcgabbbubjc05i3n4a3pph.dx.internal.cloudapp.net ip:10.1.0.81
2023-02-21 13:37:42,383 [Datanode State Machine Task Thread - 0] INFO  datanode.InitDatanodeState (InitDatanodeState.java:persistContainerDatanodeDetails(138)) - DatanodeDetails is persisted to /home/runner/work/ozone/ozone/hadoop-ozone/integration-test/target/test-dir/MiniOzoneClusterImpl-af67ded0-52d4-4e8d-8917-e8c7ba660466/datanode-2/meta/datanode.id
2023-02-21 13:37:42,409 [Listener at 127.0.0.1/35721] INFO  upgrade.AbstractLayoutVersionManager (AbstractLayoutVersionManager.java:init(83)) - Initializing Layout version manager with metadata layout = DATANODE_SCHEMA_V3 (version = 4), software layout = DATANODE_SCHEMA_V3 (version = 4)
2023-02-21 13:37:42,469 [Listener at 127.0.0.1/35721] INFO  reflections.Reflections (Reflections.java:scan(232)) - Reflections took 55 ms to scan 7 urls, producing 150 keys and 362 values 
2023-02-21 13:37:42,471 [Listener at 127.0.0.1/35721] INFO  statemachine.DatanodeStateMachine (DatanodeStateMachine.java:getEndPointTaskThreadPoolSize(260)) - Datanode State Machine Task Thread Pool size 2
2023-02-21 13:37:42,473 [Listener at 127.0.0.1/35721] INFO  volume.HddsVolume (HddsVolume.java:<init>(122)) - Creating HddsVolume: /home/runner/work/ozone/ozone/hadoop-ozone/integration-test/target/test-dir/MiniOzoneClusterImpl-af67ded0-52d4-4e8d-8917-e8c7ba660466/datanode-3/data-0/containers/hdds of storage type : DISK capacity : 9223372036854775807
2023-02-21 13:37:42,474 [Listener at 127.0.0.1/35721] INFO  volume.MutableVolumeSet (MutableVolumeSet.java:initializeVolumeSet(174)) - Added Volume : /home/runner/work/ozone/ozone/hadoop-ozone/integration-test/target/test-dir/MiniOzoneClusterImpl-af67ded0-52d4-4e8d-8917-e8c7ba660466/datanode-3/data-0/containers/hdds to VolumeSet
2023-02-21 13:37:42,474 [Listener at 127.0.0.1/35721] INFO  volume.ThrottledAsyncChecker (ThrottledAsyncChecker.java:schedule(141)) - Scheduling a check for /home/runner/work/ozone/ozone/hadoop-ozone/integration-test/target/test-dir/MiniOzoneClusterImpl-af67ded0-52d4-4e8d-8917-e8c7ba660466/datanode-3/data-0/containers/hdds
2023-02-21 13:37:42,479 [Listener at 127.0.0.1/35721] INFO  volume.StorageVolumeChecker (StorageVolumeChecker.java:checkAllVolumes(202)) - Scheduled health check for volume /home/runner/work/ozone/ozone/hadoop-ozone/integration-test/target/test-dir/MiniOzoneClusterImpl-af67ded0-52d4-4e8d-8917-e8c7ba660466/datanode-3/data-0/containers/hdds
2023-02-21 13:37:42,491 [Listener at 127.0.0.1/35721] INFO  volume.MutableVolumeSet (MutableVolumeSet.java:initializeVolumeSet(174)) - Added Volume : /home/runner/work/ozone/ozone/hadoop-ozone/integration-test/target/test-dir/MiniOzoneClusterImpl-af67ded0-52d4-4e8d-8917-e8c7ba660466/datanode-3/data/ratis to VolumeSet
2023-02-21 13:37:42,491 [Listener at 127.0.0.1/35721] INFO  volume.ThrottledAsyncChecker (ThrottledAsyncChecker.java:schedule(141)) - Scheduling a check for /home/runner/work/ozone/ozone/hadoop-ozone/integration-test/target/test-dir/MiniOzoneClusterImpl-af67ded0-52d4-4e8d-8917-e8c7ba660466/datanode-3/data/ratis
2023-02-21 13:37:42,491 [Listener at 127.0.0.1/35721] INFO  volume.StorageVolumeChecker (StorageVolumeChecker.java:checkAllVolumes(202)) - Scheduled health check for volume /home/runner/work/ozone/ozone/hadoop-ozone/integration-test/target/test-dir/MiniOzoneClusterImpl-af67ded0-52d4-4e8d-8917-e8c7ba660466/datanode-3/data/ratis
2023-02-21 13:37:42,502 [Thread-180] INFO  ozoneimpl.ContainerReader (ContainerReader.java:readVolume(175)) - Finish verifying containers on volume /home/runner/work/ozone/ozone/hadoop-ozone/integration-test/target/test-dir/MiniOzoneClusterImpl-af67ded0-52d4-4e8d-8917-e8c7ba660466/datanode-3/data-0/containers/hdds
2023-02-21 13:37:42,502 [Listener at 127.0.0.1/35721] INFO  ozoneimpl.OzoneContainer (OzoneContainer.java:buildContainerSet(304)) - Build ContainerSet costs 0s
2023-02-21 13:37:42,506 [Listener at 127.0.0.1/35721] INFO  server.RaftServer (ConfUtils.java:logGet(46)) - raft.rpc.type = GRPC (default)
2023-02-21 13:37:42,506 [Listener at 127.0.0.1/35721] INFO  grpc.GrpcConfigKeys (ConfUtils.java:logFallback(53)) - raft.grpc.admin.host = null (fallback to raft.grpc.server.host)
2023-02-21 13:37:42,507 [Listener at 127.0.0.1/35721] INFO  grpc.GrpcConfigKeys (ConfUtils.java:logGet(46)) - raft.grpc.admin.port = 0 (custom)
2023-02-21 13:37:42,508 [Listener at 127.0.0.1/35721] INFO  grpc.GrpcConfigKeys (ConfUtils.java:logFallback(53)) - raft.grpc.client.host = null (fallback to raft.grpc.server.host)
2023-02-21 13:37:42,508 [Listener at 127.0.0.1/35721] INFO  grpc.GrpcConfigKeys (ConfUtils.java:logGet(46)) - raft.grpc.client.port = 0 (custom)
2023-02-21 13:37:42,508 [Listener at 127.0.0.1/35721] INFO  grpc.GrpcConfigKeys (ConfUtils.java:logGet(46)) - raft.grpc.server.host = null (default)
2023-02-21 13:37:42,508 [Listener at 127.0.0.1/35721] INFO  grpc.GrpcConfigKeys (ConfUtils.java:logGet(46)) - raft.grpc.server.port = 0 (default)
2023-02-21 13:37:42,509 [Listener at 127.0.0.1/35721] INFO  server.GrpcService (ConfUtils.java:logGet(46)) - raft.grpc.message.size.max = 32MB (=33554432) (custom)
2023-02-21 13:37:42,509 [Listener at 127.0.0.1/35721] INFO  server.RaftServerConfigKeys (ConfUtils.java:logGet(46)) - raft.server.log.appender.buffer.byte-limit = 33554432 (custom)
2023-02-21 13:37:42,509 [Listener at 127.0.0.1/35721] INFO  server.GrpcService (ConfUtils.java:logGet(46)) - raft.grpc.flow.control.window = 5MB (=5242880) (custom)
2023-02-21 13:37:42,509 [Listener at 127.0.0.1/35721] INFO  server.RaftServerConfigKeys (ConfUtils.java:logGet(46)) - raft.server.rpc.request.timeout = 60s (custom)
2023-02-21 13:37:42,509 [Listener at 127.0.0.1/35721] INFO  grpc.GrpcConfigKeys (ConfUtils.java:logGet(46)) - raft.grpc.server.heartbeat.channel = true (default)
2023-02-21 13:37:42,510 [Listener at 127.0.0.1/35721] INFO  grpc.GrpcConfigKeys (ConfUtils.java:logGet(46)) - raft.grpc.server.async.request.thread.pool.cached = true (default)
2023-02-21 13:37:42,510 [Listener at 127.0.0.1/35721] INFO  grpc.GrpcConfigKeys (ConfUtils.java:logGet(46)) - raft.grpc.server.async.request.thread.pool.size = 32 (default)
2023-02-21 13:37:42,511 [Listener at 127.0.0.1/35721] INFO  impl.DataStreamServerImpl (ConfUtils.java:logGet(46)) - raft.datastream.type = NETTY (custom)
2023-02-21 13:37:42,512 [Listener at 127.0.0.1/35721] INFO  server.RaftServerConfigKeys (ConfUtils.java:logGet(46)) - raft.server.data-stream.async.request.thread.pool.cached = false (default)
2023-02-21 13:37:42,512 [Listener at 127.0.0.1/35721] INFO  server.RaftServerConfigKeys (ConfUtils.java:logGet(46)) - raft.server.data-stream.async.request.thread.pool.size = 20 (custom)
2023-02-21 13:37:42,512 [Listener at 127.0.0.1/35721] INFO  server.RaftServerConfigKeys (ConfUtils.java:logGet(46)) - raft.server.data-stream.async.write.thread.pool.size = 16 (default)
2023-02-21 13:37:42,512 [Listener at 127.0.0.1/35721] INFO  server.RaftServerConfigKeys (ConfUtils.java:logGet(46)) - raft.server.data-stream.client.pool.size = 10 (default)
2023-02-21 13:37:42,512 [Listener at 127.0.0.1/35721] INFO  netty.NettyConfigKeys$DataStream (ConfUtils.java:logGet(46)) - raft.netty.dataStream.server.use-epoll = false (default)
2023-02-21 13:37:42,513 [Listener at 127.0.0.1/35721] INFO  netty.NettyConfigKeys$DataStream (ConfUtils.java:logGet(46)) - raft.netty.dataStream.server.boss-group.size = 0 (default)
2023-02-21 13:37:42,513 [Listener at 127.0.0.1/35721] INFO  netty.NettyConfigKeys$DataStream (ConfUtils.java:logGet(46)) - raft.netty.dataStream.server.worker-group.size = 0 (default)
2023-02-21 13:37:42,514 [Listener at 127.0.0.1/35721] INFO  netty.NettyConfigKeys$DataStream (ConfUtils.java:logGet(46)) - raft.netty.dataStream.server.tls.conf = null (default)
2023-02-21 13:37:42,514 [Listener at 127.0.0.1/35721] INFO  netty.NettyConfigKeys$DataStream (ConfUtils.java:logGet(46)) - raft.netty.dataStream.host = null (default)
2023-02-21 13:37:42,514 [Listener at 127.0.0.1/35721] INFO  netty.NettyConfigKeys$DataStream (ConfUtils.java:logGet(46)) - raft.netty.dataStream.port = 0 (default)
2023-02-21 13:37:42,515 [Listener at 127.0.0.1/35721] INFO  server.RaftServerConfigKeys (ConfUtils.java:logGet(46)) - raft.server.threadpool.proxy.cached = true (default)
2023-02-21 13:37:42,515 [Listener at 127.0.0.1/35721] INFO  server.RaftServerConfigKeys (ConfUtils.java:logGet(46)) - raft.server.threadpool.proxy.size = 0 (default)
2023-02-21 13:37:42,515 [Listener at 127.0.0.1/35721] INFO  server.RaftServerConfigKeys (ConfUtils.java:logGet(46)) - raft.server.rpc.slowness.timeout = 300s (custom)
2023-02-21 13:37:42,515 [Listener at 127.0.0.1/35721] INFO  server.RaftServerConfigKeys (ConfUtils.java:logGet(46)) - raft.server.leaderelection.leader.step-down.wait-time = 10s (default)
2023-02-21 13:37:42,516 [Listener at 127.0.0.1/35721] INFO  server.RaftServerConfigKeys (ConfUtils.java:logGet(46)) - raft.server.storage.dir = [/home/runner/work/ozone/ozone/hadoop-ozone/integration-test/target/test-dir/MiniOzoneClusterImpl-af67ded0-52d4-4e8d-8917-e8c7ba660466/datanode-3/data/ratis] (custom)
2023-02-21 13:37:42,519 [a9e05f5c-46cf-4b5a-96e6-bc07cdc5b6c0-NettyServerStreamRpc-bossGroup--thread1] INFO  logging.LoggingHandler (AbstractInternalLogger.java:log(148)) - [id: 0x79508ada] REGISTERED
2023-02-21 13:37:42,519 [a9e05f5c-46cf-4b5a-96e6-bc07cdc5b6c0-NettyServerStreamRpc-bossGroup--thread1] INFO  logging.LoggingHandler (AbstractInternalLogger.java:log(148)) - [id: 0x79508ada] BIND: 0.0.0.0/0.0.0.0:0
2023-02-21 13:37:42,519 [a9e05f5c-46cf-4b5a-96e6-bc07cdc5b6c0-NettyServerStreamRpc-bossGroup--thread1] INFO  logging.LoggingHandler (AbstractInternalLogger.java:log(148)) - [id: 0x79508ada, L:/0:0:0:0:0:0:0:0:40053] ACTIVE
2023-02-21 13:37:42,522 [Listener at 127.0.0.1/35721] INFO  server.XceiverServerGrpc (XceiverServerGrpc.java:<init>(132)) - GrpcServer channel type EpollServerSocketChannel
2023-02-21 13:37:42,526 [Listener at 127.0.0.1/35721] INFO  http.BaseHttpServer (BaseHttpServer.java:newHttpServer2BuilderForOzone(213)) - Starting Web-server for hddsDatanode at: http://0.0.0.0:0
2023-02-21 13:37:42,526 [Listener at 127.0.0.1/35721] INFO  http.BaseHttpServer (BaseHttpServer.java:<init>(108)) - Hadoop Security Enabled: false Ozone Security Enabled: false Ozone HTTP Security Enabled: false 
2023-02-21 13:37:42,528 [Listener at 127.0.0.1/35721] WARN  server.AuthenticationFilter (AuthenticationFilter.java:constructSecretProvider(240)) - Unable to initialize FileSignerSecretProvider, falling back to use random secrets. Reason: Could not read signature secret file: /home/runner/hadoop-http-auth-signature-secret
2023-02-21 13:37:42,528 [Listener at 127.0.0.1/35721] WARN  http.HttpRequestLog (HttpRequestLog.java:getRequestLog(103)) - Jetty request log can only be enabled using Log4j
2023-02-21 13:37:42,530 [Listener at 127.0.0.1/35721] INFO  http.HttpServer2 (HttpServer2.java:addGlobalFilter(1031)) - Added global filter 'safety' (class=org.apache.hadoop.hdds.server.http.HttpServer2$QuotingInputFilter)
2023-02-21 13:37:42,531 [Listener at 127.0.0.1/35721] INFO  http.HttpServer2 (HttpServer2.java:addFilter(1007)) - Added filter static_user_filter (class=org.apache.hadoop.http.lib.StaticUserWebFilter$StaticUserFilter) to context hddsDatanode
2023-02-21 13:37:42,531 [Listener at 127.0.0.1/35721] INFO  http.HttpServer2 (HttpServer2.java:addFilter(1015)) - Added filter static_user_filter (class=org.apache.hadoop.http.lib.StaticUserWebFilter$StaticUserFilter) to context logs
2023-02-21 13:37:42,531 [Listener at 127.0.0.1/35721] INFO  http.HttpServer2 (HttpServer2.java:addFilter(1015)) - Added filter static_user_filter (class=org.apache.hadoop.http.lib.StaticUserWebFilter$StaticUserFilter) to context static
2023-02-21 13:37:42,532 [Listener at 127.0.0.1/35721] INFO  http.HttpServer2 (HttpServer2.java:bindListener(1250)) - Jetty bound to port 35415
2023-02-21 13:37:42,532 [Listener at 127.0.0.1/35721] INFO  server.Server (Server.java:doStart(375)) - jetty-9.4.49.v20220914; built: 2022-09-14T01:07:36.601Z; git: 4231a3b2e4cb8548a412a789936d640a97b1aa0a; jvm 1.8.0_362-b09
2023-02-21 13:37:42,537 [Listener at 127.0.0.1/35721] INFO  server.session (DefaultSessionIdManager.java:doStart(334)) - DefaultSessionIdManager workerName=node0
2023-02-21 13:37:42,537 [Listener at 127.0.0.1/35721] INFO  server.session (DefaultSessionIdManager.java:doStart(339)) - No SessionScavenger set, using defaults
2023-02-21 13:37:42,538 [Listener at 127.0.0.1/35721] INFO  server.session (HouseKeeper.java:startScavenging(132)) - node0 Scavenging every 660000ms
2023-02-21 13:37:42,539 [Listener at 127.0.0.1/35721] INFO  handler.ContextHandler (ContextHandler.java:doStart(921)) - Started o.e.j.s.ServletContextHandler@45384c1{logs,/logs,file:///home/runner/work/ozone/ozone/hadoop-ozone/integration-test/target/log,AVAILABLE}
2023-02-21 13:37:42,539 [Listener at 127.0.0.1/35721] INFO  handler.ContextHandler (ContextHandler.java:doStart(921)) - Started o.e.j.s.ServletContextHandler@a35b137{static,/static,jar:file:/home/runner/.m2/repository/org/apache/ozone/hdds-container-service/1.4.0-SNAPSHOT/hdds-container-service-1.4.0-SNAPSHOT.jar!/webapps/static,AVAILABLE}
2023-02-21 13:37:42,765 [Listener at 127.0.0.1/35721] INFO  handler.ContextHandler (ContextHandler.java:doStart(921)) - Started o.e.j.w.WebAppContext@7cd1d235{hddsDatanode,/,file:///tmp/jetty-0_0_0_0-35415-hdds-container-service-1_4_0-SNAPSHOT_jar-_-any-5178724371432703202/webapp/,AVAILABLE}{jar:file:/home/runner/.m2/repository/org/apache/ozone/hdds-container-service/1.4.0-SNAPSHOT/hdds-container-service-1.4.0-SNAPSHOT.jar!/webapps/hddsDatanode}
2023-02-21 13:37:42,767 [Listener at 127.0.0.1/35721] INFO  server.AbstractConnector (AbstractConnector.java:doStart(333)) - Started ServerConnector@465f0b6c{HTTP/1.1, (http/1.1)}{0.0.0.0:35415}
2023-02-21 13:37:42,767 [Listener at 127.0.0.1/35721] INFO  server.Server (Server.java:doStart(415)) - Started @11481ms
2023-02-21 13:37:42,767 [Listener at 127.0.0.1/35721] WARN  impl.MetricsSystemImpl (MetricsSystemImpl.java:register(279)) - Sink prometheus already exists!
2023-02-21 13:37:42,768 [Listener at 127.0.0.1/35721] INFO  http.BaseHttpServer (BaseHttpServer.java:updateConnectorAddress(333)) - HTTP server of hddsDatanode listening at http://0.0.0.0:35415
2023-02-21 13:37:42,768 [Datanode State Machine Daemon Thread] INFO  statemachine.DatanodeStateMachine (DatanodeStateMachine.java:lambda$startDaemon$0(516)) - Ozone container server started.
2023-02-21 13:37:42,770 [Listener at 127.0.0.1/35721] WARN  impl.MetricRegistriesImpl (MetricRegistriesImpl.java:addReporterRegistration(111)) - New reporters are added after registries were created. Some metrics will be missing from the reporter. Please add reporter before adding any new registry.
2023-02-21 13:37:42,771 [Listener at 127.0.0.1/35721] WARN  impl.MetricRegistriesImpl (MetricRegistriesImpl.java:addReporterRegistration(111)) - New reporters are added after registries were created. Some metrics will be missing from the reporter. Please add reporter before adding any new registry.
2023-02-21 13:37:42,771 [Listener at 127.0.0.1/35721] INFO  impl.MetricsSystemImpl (MetricsSystemImpl.java:init(158)) - HddsDatanode metrics system started (again)
2023-02-21 13:37:42,782 [org.apache.hadoop.util.JvmPauseMonitor$Monitor@3a1b0422] INFO  util.JvmPauseMonitor (JvmPauseMonitor.java:run(188)) - Starting JVM pause monitor
2023-02-21 13:37:42,784 [Listener at 127.0.0.1/35721] INFO  ozone.HddsDatanodeService (HddsDatanodeService.java:start(228)) - HddsDatanodeService host:fv-az318-260.ewvrrcgabbbubjc05i3n4a3pph.dx.internal.cloudapp.net ip:10.1.0.81
2023-02-21 13:37:42,791 [Datanode State Machine Task Thread - 0] INFO  datanode.InitDatanodeState (InitDatanodeState.java:persistContainerDatanodeDetails(138)) - DatanodeDetails is persisted to /home/runner/work/ozone/ozone/hadoop-ozone/integration-test/target/test-dir/MiniOzoneClusterImpl-af67ded0-52d4-4e8d-8917-e8c7ba660466/datanode-3/meta/datanode.id
2023-02-21 13:37:42,812 [Listener at 127.0.0.1/35721] INFO  upgrade.AbstractLayoutVersionManager (AbstractLayoutVersionManager.java:init(83)) - Initializing Layout version manager with metadata layout = DATANODE_SCHEMA_V3 (version = 4), software layout = DATANODE_SCHEMA_V3 (version = 4)
2023-02-21 13:37:42,876 [Listener at 127.0.0.1/35721] INFO  reflections.Reflections (Reflections.java:scan(232)) - Reflections took 61 ms to scan 7 urls, producing 150 keys and 362 values 
2023-02-21 13:37:42,880 [Listener at 127.0.0.1/35721] INFO  statemachine.DatanodeStateMachine (DatanodeStateMachine.java:getEndPointTaskThreadPoolSize(260)) - Datanode State Machine Task Thread Pool size 2
2023-02-21 13:37:42,884 [Listener at 127.0.0.1/35721] INFO  volume.HddsVolume (HddsVolume.java:<init>(122)) - Creating HddsVolume: /home/runner/work/ozone/ozone/hadoop-ozone/integration-test/target/test-dir/MiniOzoneClusterImpl-af67ded0-52d4-4e8d-8917-e8c7ba660466/datanode-4/data-0/containers/hdds of storage type : DISK capacity : 9223372036854775807
2023-02-21 13:37:42,884 [Listener at 127.0.0.1/35721] INFO  volume.MutableVolumeSet (MutableVolumeSet.java:initializeVolumeSet(174)) - Added Volume : /home/runner/work/ozone/ozone/hadoop-ozone/integration-test/target/test-dir/MiniOzoneClusterImpl-af67ded0-52d4-4e8d-8917-e8c7ba660466/datanode-4/data-0/containers/hdds to VolumeSet
2023-02-21 13:37:42,884 [Listener at 127.0.0.1/35721] INFO  volume.ThrottledAsyncChecker (ThrottledAsyncChecker.java:schedule(141)) - Scheduling a check for /home/runner/work/ozone/ozone/hadoop-ozone/integration-test/target/test-dir/MiniOzoneClusterImpl-af67ded0-52d4-4e8d-8917-e8c7ba660466/datanode-4/data-0/containers/hdds
2023-02-21 13:37:42,887 [Listener at 127.0.0.1/35721] INFO  volume.StorageVolumeChecker (StorageVolumeChecker.java:checkAllVolumes(202)) - Scheduled health check for volume /home/runner/work/ozone/ozone/hadoop-ozone/integration-test/target/test-dir/MiniOzoneClusterImpl-af67ded0-52d4-4e8d-8917-e8c7ba660466/datanode-4/data-0/containers/hdds
2023-02-21 13:37:42,901 [Listener at 127.0.0.1/35721] INFO  volume.MutableVolumeSet (MutableVolumeSet.java:initializeVolumeSet(174)) - Added Volume : /home/runner/work/ozone/ozone/hadoop-ozone/integration-test/target/test-dir/MiniOzoneClusterImpl-af67ded0-52d4-4e8d-8917-e8c7ba660466/datanode-4/data/ratis to VolumeSet
2023-02-21 13:37:42,901 [Listener at 127.0.0.1/35721] INFO  volume.ThrottledAsyncChecker (ThrottledAsyncChecker.java:schedule(141)) - Scheduling a check for /home/runner/work/ozone/ozone/hadoop-ozone/integration-test/target/test-dir/MiniOzoneClusterImpl-af67ded0-52d4-4e8d-8917-e8c7ba660466/datanode-4/data/ratis
2023-02-21 13:37:42,901 [Listener at 127.0.0.1/35721] INFO  volume.StorageVolumeChecker (StorageVolumeChecker.java:checkAllVolumes(202)) - Scheduled health check for volume /home/runner/work/ozone/ozone/hadoop-ozone/integration-test/target/test-dir/MiniOzoneClusterImpl-af67ded0-52d4-4e8d-8917-e8c7ba660466/datanode-4/data/ratis
2023-02-21 13:37:42,917 [Thread-194] INFO  ozoneimpl.ContainerReader (ContainerReader.java:readVolume(175)) - Finish verifying containers on volume /home/runner/work/ozone/ozone/hadoop-ozone/integration-test/target/test-dir/MiniOzoneClusterImpl-af67ded0-52d4-4e8d-8917-e8c7ba660466/datanode-4/data-0/containers/hdds
2023-02-21 13:37:42,918 [Listener at 127.0.0.1/35721] INFO  ozoneimpl.OzoneContainer (OzoneContainer.java:buildContainerSet(304)) - Build ContainerSet costs 0s
2023-02-21 13:37:42,928 [Listener at 127.0.0.1/35721] INFO  server.RaftServer (ConfUtils.java:logGet(46)) - raft.rpc.type = GRPC (default)
2023-02-21 13:37:42,928 [Listener at 127.0.0.1/35721] INFO  grpc.GrpcConfigKeys (ConfUtils.java:logFallback(53)) - raft.grpc.admin.host = null (fallback to raft.grpc.server.host)
2023-02-21 13:37:42,929 [Listener at 127.0.0.1/35721] INFO  grpc.GrpcConfigKeys (ConfUtils.java:logGet(46)) - raft.grpc.admin.port = 0 (custom)
2023-02-21 13:37:42,929 [Listener at 127.0.0.1/35721] INFO  grpc.GrpcConfigKeys (ConfUtils.java:logFallback(53)) - raft.grpc.client.host = null (fallback to raft.grpc.server.host)
2023-02-21 13:37:42,929 [Listener at 127.0.0.1/35721] INFO  grpc.GrpcConfigKeys (ConfUtils.java:logGet(46)) - raft.grpc.client.port = 0 (custom)
2023-02-21 13:37:42,929 [Listener at 127.0.0.1/35721] INFO  grpc.GrpcConfigKeys (ConfUtils.java:logGet(46)) - raft.grpc.server.host = null (default)
2023-02-21 13:37:42,930 [Listener at 127.0.0.1/35721] INFO  grpc.GrpcConfigKeys (ConfUtils.java:logGet(46)) - raft.grpc.server.port = 0 (default)
2023-02-21 13:37:42,930 [Listener at 127.0.0.1/35721] INFO  server.GrpcService (ConfUtils.java:logGet(46)) - raft.grpc.message.size.max = 32MB (=33554432) (custom)
2023-02-21 13:37:42,931 [Listener at 127.0.0.1/35721] INFO  server.RaftServerConfigKeys (ConfUtils.java:logGet(46)) - raft.server.log.appender.buffer.byte-limit = 33554432 (custom)
2023-02-21 13:37:42,931 [Listener at 127.0.0.1/35721] INFO  server.GrpcService (ConfUtils.java:logGet(46)) - raft.grpc.flow.control.window = 5MB (=5242880) (custom)
2023-02-21 13:37:42,931 [Listener at 127.0.0.1/35721] INFO  server.RaftServerConfigKeys (ConfUtils.java:logGet(46)) - raft.server.rpc.request.timeout = 60s (custom)
2023-02-21 13:37:42,931 [Listener at 127.0.0.1/35721] INFO  grpc.GrpcConfigKeys (ConfUtils.java:logGet(46)) - raft.grpc.server.heartbeat.channel = true (default)
2023-02-21 13:37:42,931 [Listener at 127.0.0.1/35721] INFO  grpc.GrpcConfigKeys (ConfUtils.java:logGet(46)) - raft.grpc.server.async.request.thread.pool.cached = true (default)
2023-02-21 13:37:42,932 [Listener at 127.0.0.1/35721] INFO  grpc.GrpcConfigKeys (ConfUtils.java:logGet(46)) - raft.grpc.server.async.request.thread.pool.size = 32 (default)
2023-02-21 13:37:42,933 [Listener at 127.0.0.1/35721] INFO  impl.DataStreamServerImpl (ConfUtils.java:logGet(46)) - raft.datastream.type = NETTY (custom)
2023-02-21 13:37:42,934 [Listener at 127.0.0.1/35721] INFO  server.RaftServerConfigKeys (ConfUtils.java:logGet(46)) - raft.server.data-stream.async.request.thread.pool.cached = false (default)
2023-02-21 13:37:42,934 [Listener at 127.0.0.1/35721] INFO  server.RaftServerConfigKeys (ConfUtils.java:logGet(46)) - raft.server.data-stream.async.request.thread.pool.size = 20 (custom)
2023-02-21 13:37:42,934 [Listener at 127.0.0.1/35721] INFO  server.RaftServerConfigKeys (ConfUtils.java:logGet(46)) - raft.server.data-stream.async.write.thread.pool.size = 16 (default)
2023-02-21 13:37:42,934 [Listener at 127.0.0.1/35721] INFO  server.RaftServerConfigKeys (ConfUtils.java:logGet(46)) - raft.server.data-stream.client.pool.size = 10 (default)
2023-02-21 13:37:42,934 [Listener at 127.0.0.1/35721] INFO  netty.NettyConfigKeys$DataStream (ConfUtils.java:logGet(46)) - raft.netty.dataStream.server.use-epoll = false (default)
2023-02-21 13:37:42,934 [Listener at 127.0.0.1/35721] INFO  netty.NettyConfigKeys$DataStream (ConfUtils.java:logGet(46)) - raft.netty.dataStream.server.boss-group.size = 0 (default)
2023-02-21 13:37:42,935 [Listener at 127.0.0.1/35721] INFO  netty.NettyConfigKeys$DataStream (ConfUtils.java:logGet(46)) - raft.netty.dataStream.server.worker-group.size = 0 (default)
2023-02-21 13:37:42,935 [Listener at 127.0.0.1/35721] INFO  netty.NettyConfigKeys$DataStream (ConfUtils.java:logGet(46)) - raft.netty.dataStream.server.tls.conf = null (default)
2023-02-21 13:37:42,936 [Listener at 127.0.0.1/35721] INFO  netty.NettyConfigKeys$DataStream (ConfUtils.java:logGet(46)) - raft.netty.dataStream.host = null (default)
2023-02-21 13:37:42,936 [Listener at 127.0.0.1/35721] INFO  netty.NettyConfigKeys$DataStream (ConfUtils.java:logGet(46)) - raft.netty.dataStream.port = 0 (default)
2023-02-21 13:37:42,936 [Listener at 127.0.0.1/35721] INFO  server.RaftServerConfigKeys (ConfUtils.java:logGet(46)) - raft.server.threadpool.proxy.cached = true (default)
2023-02-21 13:37:42,940 [Listener at 127.0.0.1/35721] INFO  server.RaftServerConfigKeys (ConfUtils.java:logGet(46)) - raft.server.threadpool.proxy.size = 0 (default)
2023-02-21 13:37:42,940 [Listener at 127.0.0.1/35721] INFO  server.RaftServerConfigKeys (ConfUtils.java:logGet(46)) - raft.server.rpc.slowness.timeout = 300s (custom)
2023-02-21 13:37:42,940 [Listener at 127.0.0.1/35721] INFO  server.RaftServerConfigKeys (ConfUtils.java:logGet(46)) - raft.server.leaderelection.leader.step-down.wait-time = 10s (default)
2023-02-21 13:37:42,940 [Listener at 127.0.0.1/35721] INFO  server.RaftServerConfigKeys (ConfUtils.java:logGet(46)) - raft.server.storage.dir = [/home/runner/work/ozone/ozone/hadoop-ozone/integration-test/target/test-dir/MiniOzoneClusterImpl-af67ded0-52d4-4e8d-8917-e8c7ba660466/datanode-4/data/ratis] (custom)
2023-02-21 13:37:42,940 [13b316d7-19fe-4f46-8ee4-74122f1e4c34-NettyServerStreamRpc-bossGroup--thread1] INFO  logging.LoggingHandler (AbstractInternalLogger.java:log(148)) - [id: 0x49c7516b] REGISTERED
2023-02-21 13:37:42,941 [13b316d7-19fe-4f46-8ee4-74122f1e4c34-NettyServerStreamRpc-bossGroup--thread1] INFO  logging.LoggingHandler (AbstractInternalLogger.java:log(148)) - [id: 0x49c7516b] BIND: 0.0.0.0/0.0.0.0:0
2023-02-21 13:37:42,941 [13b316d7-19fe-4f46-8ee4-74122f1e4c34-NettyServerStreamRpc-bossGroup--thread1] INFO  logging.LoggingHandler (AbstractInternalLogger.java:log(148)) - [id: 0x49c7516b, L:/0:0:0:0:0:0:0:0:45723] ACTIVE
2023-02-21 13:37:42,944 [Listener at 127.0.0.1/35721] INFO  server.XceiverServerGrpc (XceiverServerGrpc.java:<init>(132)) - GrpcServer channel type EpollServerSocketChannel
2023-02-21 13:37:42,955 [Listener at 127.0.0.1/35721] INFO  http.BaseHttpServer (BaseHttpServer.java:newHttpServer2BuilderForOzone(213)) - Starting Web-server for hddsDatanode at: http://0.0.0.0:0
2023-02-21 13:37:42,955 [Listener at 127.0.0.1/35721] INFO  http.BaseHttpServer (BaseHttpServer.java:<init>(108)) - Hadoop Security Enabled: false Ozone Security Enabled: false Ozone HTTP Security Enabled: false 
2023-02-21 13:37:42,958 [Listener at 127.0.0.1/35721] WARN  server.AuthenticationFilter (AuthenticationFilter.java:constructSecretProvider(240)) - Unable to initialize FileSignerSecretProvider, falling back to use random secrets. Reason: Could not read signature secret file: /home/runner/hadoop-http-auth-signature-secret
2023-02-21 13:37:42,959 [Listener at 127.0.0.1/35721] WARN  http.HttpRequestLog (HttpRequestLog.java:getRequestLog(103)) - Jetty request log can only be enabled using Log4j
2023-02-21 13:37:42,963 [Listener at 127.0.0.1/35721] INFO  http.HttpServer2 (HttpServer2.java:addGlobalFilter(1031)) - Added global filter 'safety' (class=org.apache.hadoop.hdds.server.http.HttpServer2$QuotingInputFilter)
2023-02-21 13:37:42,964 [Listener at 127.0.0.1/35721] INFO  http.HttpServer2 (HttpServer2.java:addFilter(1007)) - Added filter static_user_filter (class=org.apache.hadoop.http.lib.StaticUserWebFilter$StaticUserFilter) to context hddsDatanode
2023-02-21 13:37:42,964 [Listener at 127.0.0.1/35721] INFO  http.HttpServer2 (HttpServer2.java:addFilter(1015)) - Added filter static_user_filter (class=org.apache.hadoop.http.lib.StaticUserWebFilter$StaticUserFilter) to context logs
2023-02-21 13:37:42,964 [Listener at 127.0.0.1/35721] INFO  http.HttpServer2 (HttpServer2.java:addFilter(1015)) - Added filter static_user_filter (class=org.apache.hadoop.http.lib.StaticUserWebFilter$StaticUserFilter) to context static
2023-02-21 13:37:42,965 [Listener at 127.0.0.1/35721] INFO  http.HttpServer2 (HttpServer2.java:bindListener(1250)) - Jetty bound to port 40851
2023-02-21 13:37:42,965 [Listener at 127.0.0.1/35721] INFO  server.Server (Server.java:doStart(375)) - jetty-9.4.49.v20220914; built: 2022-09-14T01:07:36.601Z; git: 4231a3b2e4cb8548a412a789936d640a97b1aa0a; jvm 1.8.0_362-b09
2023-02-21 13:37:42,967 [Listener at 127.0.0.1/35721] INFO  server.session (DefaultSessionIdManager.java:doStart(334)) - DefaultSessionIdManager workerName=node0
2023-02-21 13:37:42,967 [Listener at 127.0.0.1/35721] INFO  server.session (DefaultSessionIdManager.java:doStart(339)) - No SessionScavenger set, using defaults
2023-02-21 13:37:42,967 [Listener at 127.0.0.1/35721] INFO  server.session (HouseKeeper.java:startScavenging(132)) - node0 Scavenging every 600000ms
2023-02-21 13:37:42,968 [Listener at 127.0.0.1/35721] INFO  handler.ContextHandler (ContextHandler.java:doStart(921)) - Started o.e.j.s.ServletContextHandler@7f40fae0{logs,/logs,file:///home/runner/work/ozone/ozone/hadoop-ozone/integration-test/target/log,AVAILABLE}
2023-02-21 13:37:42,969 [Listener at 127.0.0.1/35721] INFO  handler.ContextHandler (ContextHandler.java:doStart(921)) - Started o.e.j.s.ServletContextHandler@7c97fff8{static,/static,jar:file:/home/runner/.m2/repository/org/apache/ozone/hdds-container-service/1.4.0-SNAPSHOT/hdds-container-service-1.4.0-SNAPSHOT.jar!/webapps/static,AVAILABLE}
2023-02-21 13:37:43,187 [Listener at 127.0.0.1/35721] INFO  handler.ContextHandler (ContextHandler.java:doStart(921)) - Started o.e.j.w.WebAppContext@2cd3f1c0{hddsDatanode,/,file:///tmp/jetty-0_0_0_0-40851-hdds-container-service-1_4_0-SNAPSHOT_jar-_-any-6133682688039238686/webapp/,AVAILABLE}{jar:file:/home/runner/.m2/repository/org/apache/ozone/hdds-container-service/1.4.0-SNAPSHOT/hdds-container-service-1.4.0-SNAPSHOT.jar!/webapps/hddsDatanode}
2023-02-21 13:37:43,188 [Listener at 127.0.0.1/35721] INFO  server.AbstractConnector (AbstractConnector.java:doStart(333)) - Started ServerConnector@37d7dda6{HTTP/1.1, (http/1.1)}{0.0.0.0:40851}
2023-02-21 13:37:43,189 [Listener at 127.0.0.1/35721] INFO  server.Server (Server.java:doStart(415)) - Started @11903ms
2023-02-21 13:37:43,189 [Listener at 127.0.0.1/35721] WARN  impl.MetricsSystemImpl (MetricsSystemImpl.java:register(279)) - Sink prometheus already exists!
2023-02-21 13:37:43,189 [Listener at 127.0.0.1/35721] INFO  http.BaseHttpServer (BaseHttpServer.java:updateConnectorAddress(333)) - HTTP server of hddsDatanode listening at http://0.0.0.0:40851
2023-02-21 13:37:43,191 [Datanode State Machine Daemon Thread] INFO  statemachine.DatanodeStateMachine (DatanodeStateMachine.java:lambda$startDaemon$0(516)) - Ozone container server started.
2023-02-21 13:37:43,206 [org.apache.hadoop.util.JvmPauseMonitor$Monitor@74789f36] INFO  util.JvmPauseMonitor (JvmPauseMonitor.java:run(188)) - Starting JVM pause monitor
2023-02-21 13:37:43,210 [Listener at 127.0.0.1/35721] INFO  ozone.MiniOzoneClusterImpl (MiniOzoneClusterImpl.java:lambda$waitForClusterToBeReady$0(218)) - Waiting for nodes to be ready. Got 0 of 5 DN Heartbeats.
2023-02-21 13:37:43,210 [Listener at 127.0.0.1/35721] INFO  ozone.MiniOzoneClusterImpl (MiniOzoneClusterImpl.java:lambda$waitForClusterToBeReady$0(221)) - Waiting for cluster to exit safe mode
2023-02-21 13:37:43,210 [Listener at 127.0.0.1/35721] INFO  ozone.MiniOzoneClusterImpl (MiniOzoneClusterImpl.java:lambda$waitForClusterToBeReady$0(223)) - SCM became leader
2023-02-21 13:37:43,219 [Datanode State Machine Task Thread - 0] INFO  datanode.InitDatanodeState (InitDatanodeState.java:persistContainerDatanodeDetails(138)) - DatanodeDetails is persisted to /home/runner/work/ozone/ozone/hadoop-ozone/integration-test/target/test-dir/MiniOzoneClusterImpl-af67ded0-52d4-4e8d-8917-e8c7ba660466/datanode-4/meta/datanode.id
2023-02-21 13:37:43,446 [EndpointStateMachine task thread for /0.0.0.0:44027 - 0 ] INFO  utils.DatanodeStoreCache (DatanodeStoreCache.java:addDB(58)) - Added db /home/runner/work/ozone/ozone/hadoop-ozone/integration-test/target/test-dir/MiniOzoneClusterImpl-af67ded0-52d4-4e8d-8917-e8c7ba660466/datanode-0/data-0/containers/hdds/af67ded0-52d4-4e8d-8917-e8c7ba660466/DS-f437ab2f-bc5d-432f-b51a-fa450749a05f/container.db to cache
2023-02-21 13:37:43,447 [EndpointStateMachine task thread for /0.0.0.0:44027 - 0 ] INFO  volume.HddsVolume (HddsVolume.java:createDbStore(331)) - SchemaV3 db is created and loaded at /home/runner/work/ozone/ozone/hadoop-ozone/integration-test/target/test-dir/MiniOzoneClusterImpl-af67ded0-52d4-4e8d-8917-e8c7ba660466/datanode-0/data-0/containers/hdds/af67ded0-52d4-4e8d-8917-e8c7ba660466/DS-f437ab2f-bc5d-432f-b51a-fa450749a05f/container.db for volume DS-f437ab2f-bc5d-432f-b51a-fa450749a05f
2023-02-21 13:37:43,448 [EndpointStateMachine task thread for /0.0.0.0:44027 - 0 ] INFO  ozoneimpl.OzoneContainer (OzoneContainer.java:start(398)) - Attempting to start container services.
2023-02-21 13:37:43,452 [EndpointStateMachine task thread for /0.0.0.0:44027 - 0 ] INFO  ozoneimpl.OzoneContainer (OzoneContainer.java:startContainerScrub(315)) - Scheduled background container scanners and the on-demand container scanner have been disabled.
2023-02-21 13:37:43,454 [EndpointStateMachine task thread for /0.0.0.0:44027 - 0 ] INFO  replication.ReplicationServer (ReplicationServer.java:start(109)) - ReplicationServer is started using port 33479
2023-02-21 13:37:43,458 [EndpointStateMachine task thread for /0.0.0.0:44027 - 0 ] INFO  ratis.XceiverServerRatis (XceiverServerRatis.java:start(518)) - Starting XceiverServerRatis 55112d89-11b5-415b-b3d0-c3d2a8542f19
2023-02-21 13:37:43,459 [EndpointStateMachine task thread for /0.0.0.0:44027 - 0 ] INFO  server.RaftServer (RaftServerProxy.java:startImpl(393)) - 55112d89-11b5-415b-b3d0-c3d2a8542f19: start RPC server
2023-02-21 13:37:43,464 [EndpointStateMachine task thread for /0.0.0.0:44027 - 0 ] INFO  server.GrpcService (GrpcService.java:startImpl(262)) - 55112d89-11b5-415b-b3d0-c3d2a8542f19: GrpcService started, listening on 33855
2023-02-21 13:37:43,465 [EndpointStateMachine task thread for /0.0.0.0:44027 - 0 ] INFO  ratis.XceiverServerRatis (XceiverServerRatis.java:getRealPort(544)) - XceiverServerRatis 55112d89-11b5-415b-b3d0-c3d2a8542f19 is started using port 33855 for RATIS
2023-02-21 13:37:43,465 [JvmPauseMonitor1] INFO  util.JvmPauseMonitor (JvmPauseMonitor.java:run(105)) - JvmPauseMonitor-55112d89-11b5-415b-b3d0-c3d2a8542f19: Started
2023-02-21 13:37:43,465 [EndpointStateMachine task thread for /0.0.0.0:44027 - 0 ] INFO  ratis.XceiverServerRatis (XceiverServerRatis.java:getRealPort(544)) - XceiverServerRatis 55112d89-11b5-415b-b3d0-c3d2a8542f19 is started using port 33855 for RATIS_ADMIN
2023-02-21 13:37:43,465 [EndpointStateMachine task thread for /0.0.0.0:44027 - 0 ] INFO  ratis.XceiverServerRatis (XceiverServerRatis.java:getRealPort(544)) - XceiverServerRatis 55112d89-11b5-415b-b3d0-c3d2a8542f19 is started using port 33855 for RATIS_SERVER
2023-02-21 13:37:43,466 [EndpointStateMachine task thread for /0.0.0.0:44027 - 0 ] INFO  ratis.XceiverServerRatis (XceiverServerRatis.java:getRealPort(544)) - XceiverServerRatis 55112d89-11b5-415b-b3d0-c3d2a8542f19 is started using port 34785 for RATIS_DATASTREAM
2023-02-21 13:37:43,469 [EndpointStateMachine task thread for /0.0.0.0:44027 - 0 ] INFO  server.XceiverServerGrpc (XceiverServerGrpc.java:start(180)) - XceiverServerGrpc 55112d89-11b5-415b-b3d0-c3d2a8542f19 is started using port 36051
2023-02-21 13:37:43,989 [EndpointStateMachine task thread for /0.0.0.0:44027 - 0 ] INFO  utils.DatanodeStoreCache (DatanodeStoreCache.java:addDB(58)) - Added db /home/runner/work/ozone/ozone/hadoop-ozone/integration-test/target/test-dir/MiniOzoneClusterImpl-af67ded0-52d4-4e8d-8917-e8c7ba660466/datanode-1/data-0/containers/hdds/af67ded0-52d4-4e8d-8917-e8c7ba660466/DS-a9125206-2d09-4572-9cbe-e874653c6888/container.db to cache
2023-02-21 13:37:43,989 [EndpointStateMachine task thread for /0.0.0.0:44027 - 0 ] INFO  volume.HddsVolume (HddsVolume.java:createDbStore(331)) - SchemaV3 db is created and loaded at /home/runner/work/ozone/ozone/hadoop-ozone/integration-test/target/test-dir/MiniOzoneClusterImpl-af67ded0-52d4-4e8d-8917-e8c7ba660466/datanode-1/data-0/containers/hdds/af67ded0-52d4-4e8d-8917-e8c7ba660466/DS-a9125206-2d09-4572-9cbe-e874653c6888/container.db for volume DS-a9125206-2d09-4572-9cbe-e874653c6888
2023-02-21 13:37:43,990 [EndpointStateMachine task thread for /0.0.0.0:44027 - 0 ] INFO  ozoneimpl.OzoneContainer (OzoneContainer.java:start(398)) - Attempting to start container services.
2023-02-21 13:37:43,990 [EndpointStateMachine task thread for /0.0.0.0:44027 - 0 ] INFO  ozoneimpl.OzoneContainer (OzoneContainer.java:startContainerScrub(315)) - Scheduled background container scanners and the on-demand container scanner have been disabled.
2023-02-21 13:37:43,992 [EndpointStateMachine task thread for /0.0.0.0:44027 - 0 ] INFO  replication.ReplicationServer (ReplicationServer.java:start(109)) - ReplicationServer is started using port 41973
2023-02-21 13:37:43,993 [EndpointStateMachine task thread for /0.0.0.0:44027 - 0 ] INFO  ratis.XceiverServerRatis (XceiverServerRatis.java:start(518)) - Starting XceiverServerRatis 49687013-9189-4ed6-aa07-d793b1b94e57
2023-02-21 13:37:43,994 [EndpointStateMachine task thread for /0.0.0.0:44027 - 0 ] INFO  server.RaftServer (RaftServerProxy.java:startImpl(393)) - 49687013-9189-4ed6-aa07-d793b1b94e57: start RPC server
2023-02-21 13:37:43,999 [EndpointStateMachine task thread for /0.0.0.0:44027 - 0 ] INFO  server.GrpcService (GrpcService.java:startImpl(262)) - 49687013-9189-4ed6-aa07-d793b1b94e57: GrpcService started, listening on 45119
2023-02-21 13:37:43,999 [EndpointStateMachine task thread for /0.0.0.0:44027 - 0 ] INFO  ratis.XceiverServerRatis (XceiverServerRatis.java:getRealPort(544)) - XceiverServerRatis 49687013-9189-4ed6-aa07-d793b1b94e57 is started using port 45119 for RATIS
2023-02-21 13:37:43,999 [JvmPauseMonitor2] INFO  util.JvmPauseMonitor (JvmPauseMonitor.java:run(105)) - JvmPauseMonitor-49687013-9189-4ed6-aa07-d793b1b94e57: Started
2023-02-21 13:37:43,999 [EndpointStateMachine task thread for /0.0.0.0:44027 - 0 ] INFO  ratis.XceiverServerRatis (XceiverServerRatis.java:getRealPort(544)) - XceiverServerRatis 49687013-9189-4ed6-aa07-d793b1b94e57 is started using port 45119 for RATIS_ADMIN
2023-02-21 13:37:43,999 [EndpointStateMachine task thread for /0.0.0.0:44027 - 0 ] INFO  ratis.XceiverServerRatis (XceiverServerRatis.java:getRealPort(544)) - XceiverServerRatis 49687013-9189-4ed6-aa07-d793b1b94e57 is started using port 45119 for RATIS_SERVER
2023-02-21 13:37:43,999 [EndpointStateMachine task thread for /0.0.0.0:44027 - 0 ] INFO  ratis.XceiverServerRatis (XceiverServerRatis.java:getRealPort(544)) - XceiverServerRatis 49687013-9189-4ed6-aa07-d793b1b94e57 is started using port 34179 for RATIS_DATASTREAM
2023-02-21 13:37:44,004 [EndpointStateMachine task thread for /0.0.0.0:44027 - 0 ] INFO  server.XceiverServerGrpc (XceiverServerGrpc.java:start(180)) - XceiverServerGrpc 49687013-9189-4ed6-aa07-d793b1b94e57 is started using port 34559
2023-02-21 13:37:44,211 [Listener at 127.0.0.1/35721] INFO  ozone.MiniOzoneClusterImpl (MiniOzoneClusterImpl.java:lambda$waitForClusterToBeReady$0(218)) - Waiting for nodes to be ready. Got 0 of 5 DN Heartbeats.
2023-02-21 13:37:44,211 [Listener at 127.0.0.1/35721] INFO  ozone.MiniOzoneClusterImpl (MiniOzoneClusterImpl.java:lambda$waitForClusterToBeReady$0(221)) - Waiting for cluster to exit safe mode
2023-02-21 13:37:44,211 [Listener at 127.0.0.1/35721] INFO  ozone.MiniOzoneClusterImpl (MiniOzoneClusterImpl.java:lambda$waitForClusterToBeReady$0(223)) - SCM became leader
2023-02-21 13:37:44,418 [EndpointStateMachine task thread for /0.0.0.0:44027 - 0 ] INFO  utils.DatanodeStoreCache (DatanodeStoreCache.java:addDB(58)) - Added db /home/runner/work/ozone/ozone/hadoop-ozone/integration-test/target/test-dir/MiniOzoneClusterImpl-af67ded0-52d4-4e8d-8917-e8c7ba660466/datanode-2/data-0/containers/hdds/af67ded0-52d4-4e8d-8917-e8c7ba660466/DS-0cf75365-4946-4462-9806-2ce52df41676/container.db to cache
2023-02-21 13:37:44,419 [EndpointStateMachine task thread for /0.0.0.0:44027 - 0 ] INFO  volume.HddsVolume (HddsVolume.java:createDbStore(331)) - SchemaV3 db is created and loaded at /home/runner/work/ozone/ozone/hadoop-ozone/integration-test/target/test-dir/MiniOzoneClusterImpl-af67ded0-52d4-4e8d-8917-e8c7ba660466/datanode-2/data-0/containers/hdds/af67ded0-52d4-4e8d-8917-e8c7ba660466/DS-0cf75365-4946-4462-9806-2ce52df41676/container.db for volume DS-0cf75365-4946-4462-9806-2ce52df41676
2023-02-21 13:37:44,419 [EndpointStateMachine task thread for /0.0.0.0:44027 - 0 ] INFO  ozoneimpl.OzoneContainer (OzoneContainer.java:start(398)) - Attempting to start container services.
2023-02-21 13:37:44,419 [EndpointStateMachine task thread for /0.0.0.0:44027 - 0 ] INFO  ozoneimpl.OzoneContainer (OzoneContainer.java:startContainerScrub(315)) - Scheduled background container scanners and the on-demand container scanner have been disabled.
2023-02-21 13:37:44,421 [EndpointStateMachine task thread for /0.0.0.0:44027 - 0 ] INFO  replication.ReplicationServer (ReplicationServer.java:start(109)) - ReplicationServer is started using port 46811
2023-02-21 13:37:44,422 [EndpointStateMachine task thread for /0.0.0.0:44027 - 0 ] INFO  ratis.XceiverServerRatis (XceiverServerRatis.java:start(518)) - Starting XceiverServerRatis 16e51c86-b54f-4418-8274-5609a4b0e8e9
2023-02-21 13:37:44,423 [EndpointStateMachine task thread for /0.0.0.0:44027 - 0 ] INFO  server.RaftServer (RaftServerProxy.java:startImpl(393)) - 16e51c86-b54f-4418-8274-5609a4b0e8e9: start RPC server
2023-02-21 13:37:44,428 [EndpointStateMachine task thread for /0.0.0.0:44027 - 0 ] INFO  server.GrpcService (GrpcService.java:startImpl(262)) - 16e51c86-b54f-4418-8274-5609a4b0e8e9: GrpcService started, listening on 35385
2023-02-21 13:37:44,429 [EndpointStateMachine task thread for /0.0.0.0:44027 - 0 ] INFO  ratis.XceiverServerRatis (XceiverServerRatis.java:getRealPort(544)) - XceiverServerRatis 16e51c86-b54f-4418-8274-5609a4b0e8e9 is started using port 35385 for RATIS
2023-02-21 13:37:44,429 [JvmPauseMonitor3] INFO  util.JvmPauseMonitor (JvmPauseMonitor.java:run(105)) - JvmPauseMonitor-16e51c86-b54f-4418-8274-5609a4b0e8e9: Started
2023-02-21 13:37:44,429 [EndpointStateMachine task thread for /0.0.0.0:44027 - 0 ] INFO  ratis.XceiverServerRatis (XceiverServerRatis.java:getRealPort(544)) - XceiverServerRatis 16e51c86-b54f-4418-8274-5609a4b0e8e9 is started using port 35385 for RATIS_ADMIN
2023-02-21 13:37:44,429 [EndpointStateMachine task thread for /0.0.0.0:44027 - 0 ] INFO  ratis.XceiverServerRatis (XceiverServerRatis.java:getRealPort(544)) - XceiverServerRatis 16e51c86-b54f-4418-8274-5609a4b0e8e9 is started using port 35385 for RATIS_SERVER
2023-02-21 13:37:44,429 [EndpointStateMachine task thread for /0.0.0.0:44027 - 0 ] INFO  ratis.XceiverServerRatis (XceiverServerRatis.java:getRealPort(544)) - XceiverServerRatis 16e51c86-b54f-4418-8274-5609a4b0e8e9 is started using port 44455 for RATIS_DATASTREAM
2023-02-21 13:37:44,433 [EndpointStateMachine task thread for /0.0.0.0:44027 - 0 ] INFO  server.XceiverServerGrpc (XceiverServerGrpc.java:start(180)) - XceiverServerGrpc 16e51c86-b54f-4418-8274-5609a4b0e8e9 is started using port 39739
2023-02-21 13:37:44,821 [EndpointStateMachine task thread for /0.0.0.0:44027 - 0 ] INFO  utils.DatanodeStoreCache (DatanodeStoreCache.java:addDB(58)) - Added db /home/runner/work/ozone/ozone/hadoop-ozone/integration-test/target/test-dir/MiniOzoneClusterImpl-af67ded0-52d4-4e8d-8917-e8c7ba660466/datanode-3/data-0/containers/hdds/af67ded0-52d4-4e8d-8917-e8c7ba660466/DS-305f2b86-bca8-4d6d-bf5e-04a3aeefe8f7/container.db to cache
2023-02-21 13:37:44,822 [EndpointStateMachine task thread for /0.0.0.0:44027 - 0 ] INFO  volume.HddsVolume (HddsVolume.java:createDbStore(331)) - SchemaV3 db is created and loaded at /home/runner/work/ozone/ozone/hadoop-ozone/integration-test/target/test-dir/MiniOzoneClusterImpl-af67ded0-52d4-4e8d-8917-e8c7ba660466/datanode-3/data-0/containers/hdds/af67ded0-52d4-4e8d-8917-e8c7ba660466/DS-305f2b86-bca8-4d6d-bf5e-04a3aeefe8f7/container.db for volume DS-305f2b86-bca8-4d6d-bf5e-04a3aeefe8f7
2023-02-21 13:37:44,825 [EndpointStateMachine task thread for /0.0.0.0:44027 - 0 ] INFO  ozoneimpl.OzoneContainer (OzoneContainer.java:start(398)) - Attempting to start container services.
2023-02-21 13:37:44,825 [EndpointStateMachine task thread for /0.0.0.0:44027 - 0 ] INFO  ozoneimpl.OzoneContainer (OzoneContainer.java:startContainerScrub(315)) - Scheduled background container scanners and the on-demand container scanner have been disabled.
2023-02-21 13:37:44,828 [EndpointStateMachine task thread for /0.0.0.0:44027 - 0 ] INFO  replication.ReplicationServer (ReplicationServer.java:start(109)) - ReplicationServer is started using port 40677
2023-02-21 13:37:44,829 [EndpointStateMachine task thread for /0.0.0.0:44027 - 0 ] INFO  ratis.XceiverServerRatis (XceiverServerRatis.java:start(518)) - Starting XceiverServerRatis a9e05f5c-46cf-4b5a-96e6-bc07cdc5b6c0
2023-02-21 13:37:44,831 [EndpointStateMachine task thread for /0.0.0.0:44027 - 0 ] INFO  server.RaftServer (RaftServerProxy.java:startImpl(393)) - a9e05f5c-46cf-4b5a-96e6-bc07cdc5b6c0: start RPC server
2023-02-21 13:37:44,833 [EndpointStateMachine task thread for /0.0.0.0:44027 - 0 ] INFO  server.GrpcService (GrpcService.java:startImpl(262)) - a9e05f5c-46cf-4b5a-96e6-bc07cdc5b6c0: GrpcService started, listening on 34323
2023-02-21 13:37:44,833 [EndpointStateMachine task thread for /0.0.0.0:44027 - 0 ] INFO  ratis.XceiverServerRatis (XceiverServerRatis.java:getRealPort(544)) - XceiverServerRatis a9e05f5c-46cf-4b5a-96e6-bc07cdc5b6c0 is started using port 34323 for RATIS
2023-02-21 13:37:44,833 [JvmPauseMonitor4] INFO  util.JvmPauseMonitor (JvmPauseMonitor.java:run(105)) - JvmPauseMonitor-a9e05f5c-46cf-4b5a-96e6-bc07cdc5b6c0: Started
2023-02-21 13:37:44,833 [EndpointStateMachine task thread for /0.0.0.0:44027 - 0 ] INFO  ratis.XceiverServerRatis (XceiverServerRatis.java:getRealPort(544)) - XceiverServerRatis a9e05f5c-46cf-4b5a-96e6-bc07cdc5b6c0 is started using port 34323 for RATIS_ADMIN
2023-02-21 13:37:44,834 [EndpointStateMachine task thread for /0.0.0.0:44027 - 0 ] INFO  ratis.XceiverServerRatis (XceiverServerRatis.java:getRealPort(544)) - XceiverServerRatis a9e05f5c-46cf-4b5a-96e6-bc07cdc5b6c0 is started using port 34323 for RATIS_SERVER
2023-02-21 13:37:44,834 [EndpointStateMachine task thread for /0.0.0.0:44027 - 0 ] INFO  ratis.XceiverServerRatis (XceiverServerRatis.java:getRealPort(544)) - XceiverServerRatis a9e05f5c-46cf-4b5a-96e6-bc07cdc5b6c0 is started using port 40053 for RATIS_DATASTREAM
2023-02-21 13:37:44,837 [EndpointStateMachine task thread for /0.0.0.0:44027 - 0 ] INFO  server.XceiverServerGrpc (XceiverServerGrpc.java:start(180)) - XceiverServerGrpc a9e05f5c-46cf-4b5a-96e6-bc07cdc5b6c0 is started using port 37429
2023-02-21 13:37:45,212 [Listener at 127.0.0.1/35721] INFO  ozone.MiniOzoneClusterImpl (MiniOzoneClusterImpl.java:lambda$waitForClusterToBeReady$0(218)) - Waiting for nodes to be ready. Got 0 of 5 DN Heartbeats.
2023-02-21 13:37:45,212 [Listener at 127.0.0.1/35721] INFO  ozone.MiniOzoneClusterImpl (MiniOzoneClusterImpl.java:lambda$waitForClusterToBeReady$0(221)) - Waiting for cluster to exit safe mode
2023-02-21 13:37:45,212 [Listener at 127.0.0.1/35721] INFO  ozone.MiniOzoneClusterImpl (MiniOzoneClusterImpl.java:lambda$waitForClusterToBeReady$0(223)) - SCM became leader
2023-02-21 13:37:45,250 [EndpointStateMachine task thread for /0.0.0.0:44027 - 0 ] INFO  utils.DatanodeStoreCache (DatanodeStoreCache.java:addDB(58)) - Added db /home/runner/work/ozone/ozone/hadoop-ozone/integration-test/target/test-dir/MiniOzoneClusterImpl-af67ded0-52d4-4e8d-8917-e8c7ba660466/datanode-4/data-0/containers/hdds/af67ded0-52d4-4e8d-8917-e8c7ba660466/DS-d6d94766-98ce-4f48-ae5f-7ca021b16e19/container.db to cache
2023-02-21 13:37:45,251 [EndpointStateMachine task thread for /0.0.0.0:44027 - 0 ] INFO  volume.HddsVolume (HddsVolume.java:createDbStore(331)) - SchemaV3 db is created and loaded at /home/runner/work/ozone/ozone/hadoop-ozone/integration-test/target/test-dir/MiniOzoneClusterImpl-af67ded0-52d4-4e8d-8917-e8c7ba660466/datanode-4/data-0/containers/hdds/af67ded0-52d4-4e8d-8917-e8c7ba660466/DS-d6d94766-98ce-4f48-ae5f-7ca021b16e19/container.db for volume DS-d6d94766-98ce-4f48-ae5f-7ca021b16e19
2023-02-21 13:37:45,251 [EndpointStateMachine task thread for /0.0.0.0:44027 - 0 ] INFO  ozoneimpl.OzoneContainer (OzoneContainer.java:start(398)) - Attempting to start container services.
2023-02-21 13:37:45,251 [EndpointStateMachine task thread for /0.0.0.0:44027 - 0 ] INFO  ozoneimpl.OzoneContainer (OzoneContainer.java:startContainerScrub(315)) - Scheduled background container scanners and the on-demand container scanner have been disabled.
2023-02-21 13:37:45,255 [EndpointStateMachine task thread for /0.0.0.0:44027 - 0 ] INFO  replication.ReplicationServer (ReplicationServer.java:start(109)) - ReplicationServer is started using port 44619
2023-02-21 13:37:45,256 [EndpointStateMachine task thread for /0.0.0.0:44027 - 0 ] INFO  ratis.XceiverServerRatis (XceiverServerRatis.java:start(518)) - Starting XceiverServerRatis 13b316d7-19fe-4f46-8ee4-74122f1e4c34
2023-02-21 13:37:45,256 [EndpointStateMachine task thread for /0.0.0.0:44027 - 0 ] INFO  server.RaftServer (RaftServerProxy.java:startImpl(393)) - 13b316d7-19fe-4f46-8ee4-74122f1e4c34: start RPC server
2023-02-21 13:37:45,258 [EndpointStateMachine task thread for /0.0.0.0:44027 - 0 ] INFO  server.GrpcService (GrpcService.java:startImpl(262)) - 13b316d7-19fe-4f46-8ee4-74122f1e4c34: GrpcService started, listening on 46333
2023-02-21 13:37:45,259 [EndpointStateMachine task thread for /0.0.0.0:44027 - 0 ] INFO  ratis.XceiverServerRatis (XceiverServerRatis.java:getRealPort(544)) - XceiverServerRatis 13b316d7-19fe-4f46-8ee4-74122f1e4c34 is started using port 46333 for RATIS
2023-02-21 13:37:45,259 [JvmPauseMonitor5] INFO  util.JvmPauseMonitor (JvmPauseMonitor.java:run(105)) - JvmPauseMonitor-13b316d7-19fe-4f46-8ee4-74122f1e4c34: Started
2023-02-21 13:37:45,259 [EndpointStateMachine task thread for /0.0.0.0:44027 - 0 ] INFO  ratis.XceiverServerRatis (XceiverServerRatis.java:getRealPort(544)) - XceiverServerRatis 13b316d7-19fe-4f46-8ee4-74122f1e4c34 is started using port 46333 for RATIS_ADMIN
2023-02-21 13:37:45,259 [EndpointStateMachine task thread for /0.0.0.0:44027 - 0 ] INFO  ratis.XceiverServerRatis (XceiverServerRatis.java:getRealPort(544)) - XceiverServerRatis 13b316d7-19fe-4f46-8ee4-74122f1e4c34 is started using port 46333 for RATIS_SERVER
2023-02-21 13:37:45,260 [EndpointStateMachine task thread for /0.0.0.0:44027 - 0 ] INFO  ratis.XceiverServerRatis (XceiverServerRatis.java:getRealPort(544)) - XceiverServerRatis 13b316d7-19fe-4f46-8ee4-74122f1e4c34 is started using port 45723 for RATIS_DATASTREAM
2023-02-21 13:37:45,262 [EndpointStateMachine task thread for /0.0.0.0:44027 - 0 ] INFO  server.XceiverServerGrpc (XceiverServerGrpc.java:start(180)) - XceiverServerGrpc 13b316d7-19fe-4f46-8ee4-74122f1e4c34 is started using port 33795
2023-02-21 13:37:45,365 [IPC Server handler 9 on default port 44027] INFO  net.NetworkTopologyImpl (NetworkTopologyImpl.java:add(112)) - Added a new node: /default-rack/55112d89-11b5-415b-b3d0-c3d2a8542f19
2023-02-21 13:37:45,368 [IPC Server handler 9 on default port 44027] INFO  node.SCMNodeManager (SCMNodeManager.java:register(397)) - Registered Data node : 55112d89-11b5-415b-b3d0-c3d2a8542f19{ip: 10.1.0.81, host: fv-az318-260.ewvrrcgabbbubjc05i3n4a3pph.dx.internal.cloudapp.net, ports: [REPLICATION=33479, RATIS=33855, RATIS_ADMIN=33855, RATIS_SERVER=33855, RATIS_DATASTREAM=34785, STANDALONE=36051], networkLocation: /default-rack, certSerialId: null, persistedOpState: null, persistedOpStateExpiryEpochSec: 0}
2023-02-21 13:37:45,374 [EventQueue-NewNodeForNewNodeHandler] INFO  pipeline.BackgroundPipelineCreator (BackgroundPipelineCreator.java:notifyEventTriggered(276)) - trigger a one-shot run on RatisPipelineUtilsThread.
2023-02-21 13:37:45,375 [EventQueue-NodeRegistrationContainerReportForDataNodeSafeModeRule] INFO  safemode.SCMSafeModeManager (DataNodeSafeModeRule.java:process(71)) - SCM in safe mode. 1 DataNodes registered, 3 required.
2023-02-21 13:37:45,382 [EventQueue-NodeRegistrationContainerReportForContainerSafeModeRule] INFO  safemode.SCMSafeModeManager (SCMSafeModeManager.java:validateSafeModeExitRules(200)) - ContainerSafeModeRule rule is successfully validated
2023-02-21 13:37:45,382 [RatisPipelineUtilsThread - 0] INFO  pipeline.RatisPipelineProvider (RatisPipelineProvider.java:lambda$create$0(206)) - Sending CreatePipelineCommand for pipeline:PipelineID=ac2e8950-bf7f-4434-bda4-ed4250ef6dda to datanode:55112d89-11b5-415b-b3d0-c3d2a8542f19
2023-02-21 13:37:45,388 [EventQueue-PipelineReportForOneReplicaPipelineSafeModeRule] INFO  safemode.SCMSafeModeManager (SCMSafeModeManager.java:validateSafeModeExitRules(200)) - AtleastOneDatanodeReportedRule rule is successfully validated
2023-02-21 13:37:45,401 [RatisPipelineUtilsThread - 0] INFO  pipeline.PipelineStateManagerImpl (PipelineStateManagerImpl.java:addPipeline(103)) - Created pipeline Pipeline[ Id: ac2e8950-bf7f-4434-bda4-ed4250ef6dda, Nodes: 55112d89-11b5-415b-b3d0-c3d2a8542f19(fv-az318-260.ewvrrcgabbbubjc05i3n4a3pph.dx.internal.cloudapp.net/10.1.0.81), ReplicationConfig: RATIS/ONE, State:ALLOCATED, leaderId:, CreationTimestamp2023-02-21T13:37:45.381Z[Etc/UTC]].
2023-02-21 13:37:45,950 [IPC Server handler 13 on default port 44027] INFO  net.NetworkTopologyImpl (NetworkTopologyImpl.java:add(112)) - Added a new node: /default-rack/49687013-9189-4ed6-aa07-d793b1b94e57
2023-02-21 13:37:45,950 [IPC Server handler 13 on default port 44027] INFO  node.SCMNodeManager (SCMNodeManager.java:register(397)) - Registered Data node : 49687013-9189-4ed6-aa07-d793b1b94e57{ip: 10.1.0.81, host: fv-az318-260.ewvrrcgabbbubjc05i3n4a3pph.dx.internal.cloudapp.net, ports: [REPLICATION=41973, RATIS=45119, RATIS_ADMIN=45119, RATIS_SERVER=45119, RATIS_DATASTREAM=34179, STANDALONE=34559], networkLocation: /default-rack, certSerialId: null, persistedOpState: null, persistedOpStateExpiryEpochSec: 0}
2023-02-21 13:37:45,951 [EventQueue-NewNodeForNewNodeHandler] INFO  pipeline.BackgroundPipelineCreator (BackgroundPipelineCreator.java:notifyEventTriggered(276)) - trigger a one-shot run on RatisPipelineUtilsThread.
2023-02-21 13:37:45,951 [EventQueue-NodeRegistrationContainerReportForDataNodeSafeModeRule] INFO  safemode.SCMSafeModeManager (DataNodeSafeModeRule.java:process(71)) - SCM in safe mode. 2 DataNodes registered, 3 required.
2023-02-21 13:37:45,952 [RatisPipelineUtilsThread - 0] INFO  pipeline.RatisPipelineProvider (RatisPipelineProvider.java:lambda$create$0(206)) - Sending CreatePipelineCommand for pipeline:PipelineID=e1323921-9e81-4a82-bb73-66544a672c8e to datanode:49687013-9189-4ed6-aa07-d793b1b94e57
2023-02-21 13:37:45,952 [RatisPipelineUtilsThread - 0] INFO  pipeline.PipelineStateManagerImpl (PipelineStateManagerImpl.java:addPipeline(103)) - Created pipeline Pipeline[ Id: e1323921-9e81-4a82-bb73-66544a672c8e, Nodes: 49687013-9189-4ed6-aa07-d793b1b94e57(fv-az318-260.ewvrrcgabbbubjc05i3n4a3pph.dx.internal.cloudapp.net/10.1.0.81), ReplicationConfig: RATIS/ONE, State:ALLOCATED, leaderId:, CreationTimestamp2023-02-21T13:37:45.952Z[Etc/UTC]].
2023-02-21 13:37:46,212 [Listener at 127.0.0.1/35721] INFO  ozone.MiniOzoneClusterImpl (MiniOzoneClusterImpl.java:lambda$waitForClusterToBeReady$0(218)) - Waiting for nodes to be ready. Got 2 of 5 DN Heartbeats.
2023-02-21 13:37:46,213 [Listener at 127.0.0.1/35721] INFO  ozone.MiniOzoneClusterImpl (MiniOzoneClusterImpl.java:lambda$waitForClusterToBeReady$0(221)) - Waiting for cluster to exit safe mode
2023-02-21 13:37:46,213 [Listener at 127.0.0.1/35721] INFO  ozone.MiniOzoneClusterImpl (MiniOzoneClusterImpl.java:lambda$waitForClusterToBeReady$0(223)) - SCM became leader
2023-02-21 13:37:46,381 [IPC Server handler 9 on default port 44027] INFO  net.NetworkTopologyImpl (NetworkTopologyImpl.java:add(112)) - Added a new node: /default-rack/16e51c86-b54f-4418-8274-5609a4b0e8e9
2023-02-21 13:37:46,381 [IPC Server handler 9 on default port 44027] INFO  node.SCMNodeManager (SCMNodeManager.java:register(397)) - Registered Data node : 16e51c86-b54f-4418-8274-5609a4b0e8e9{ip: 10.1.0.81, host: fv-az318-260.ewvrrcgabbbubjc05i3n4a3pph.dx.internal.cloudapp.net, ports: [REPLICATION=46811, RATIS=35385, RATIS_ADMIN=35385, RATIS_SERVER=35385, RATIS_DATASTREAM=44455, STANDALONE=39739], networkLocation: /default-rack, certSerialId: null, persistedOpState: null, persistedOpStateExpiryEpochSec: 0}
2023-02-21 13:37:46,382 [EventQueue-NewNodeForNewNodeHandler] INFO  pipeline.BackgroundPipelineCreator (BackgroundPipelineCreator.java:notifyEventTriggered(276)) - trigger a one-shot run on RatisPipelineUtilsThread.
2023-02-21 13:37:46,382 [EventQueue-NodeRegistrationContainerReportForDataNodeSafeModeRule] INFO  safemode.SCMSafeModeManager (DataNodeSafeModeRule.java:process(71)) - SCM in safe mode. 3 DataNodes registered, 3 required.
2023-02-21 13:37:46,382 [EventQueue-NodeRegistrationContainerReportForDataNodeSafeModeRule] INFO  safemode.SCMSafeModeManager (SCMSafeModeManager.java:validateSafeModeExitRules(200)) - DataNodeSafeModeRule rule is successfully validated
2023-02-21 13:37:46,382 [EventQueue-NodeRegistrationContainerReportForDataNodeSafeModeRule] INFO  safemode.SCMSafeModeManager (SCMSafeModeManager.java:completePreCheck(229)) - All SCM safe mode pre check rules have passed
2023-02-21 13:37:46,382 [EventQueue-NodeRegistrationContainerReportForDataNodeSafeModeRule] INFO  ha.SCMContext (SCMContext.java:updateSafeModeStatus(228)) - Update SafeModeStatus from SafeModeStatus{safeModeStatus=true, preCheckPassed=false} to SafeModeStatus{safeModeStatus=true, preCheckPassed=true}.
2023-02-21 13:37:46,382 [EventQueue-NodeRegistrationContainerReportForDataNodeSafeModeRule] INFO  pipeline.BackgroundPipelineCreator (BackgroundPipelineCreator.java:notifyEventTriggered(276)) - trigger a one-shot run on RatisPipelineUtilsThread.
2023-02-21 13:37:46,382 [RatisPipelineUtilsThread - 0] INFO  pipeline.RatisPipelineProvider (RatisPipelineProvider.java:lambda$create$0(206)) - Sending CreatePipelineCommand for pipeline:PipelineID=942681f0-d9bf-46b2-bda0-39915c651f39 to datanode:16e51c86-b54f-4418-8274-5609a4b0e8e9
2023-02-21 13:37:46,383 [RatisPipelineUtilsThread - 0] INFO  pipeline.PipelineStateManagerImpl (PipelineStateManagerImpl.java:addPipeline(103)) - Created pipeline Pipeline[ Id: 942681f0-d9bf-46b2-bda0-39915c651f39, Nodes: 16e51c86-b54f-4418-8274-5609a4b0e8e9(fv-az318-260.ewvrrcgabbbubjc05i3n4a3pph.dx.internal.cloudapp.net/10.1.0.81), ReplicationConfig: RATIS/ONE, State:ALLOCATED, leaderId:, CreationTimestamp2023-02-21T13:37:46.382Z[Etc/UTC]].
2023-02-21 13:37:46,388 [RatisPipelineUtilsThread - 0] INFO  pipeline.RatisPipelineProvider (RatisPipelineProvider.java:lambda$create$0(206)) - Sending CreatePipelineCommand for pipeline:PipelineID=46c6d006-6654-477f-ba61-a02c45b6fbbe to datanode:55112d89-11b5-415b-b3d0-c3d2a8542f19
2023-02-21 13:37:46,388 [RatisPipelineUtilsThread - 0] INFO  pipeline.RatisPipelineProvider (RatisPipelineProvider.java:lambda$create$0(206)) - Sending CreatePipelineCommand for pipeline:PipelineID=46c6d006-6654-477f-ba61-a02c45b6fbbe to datanode:16e51c86-b54f-4418-8274-5609a4b0e8e9
2023-02-21 13:37:46,388 [RatisPipelineUtilsThread - 0] INFO  pipeline.RatisPipelineProvider (RatisPipelineProvider.java:lambda$create$0(206)) - Sending CreatePipelineCommand for pipeline:PipelineID=46c6d006-6654-477f-ba61-a02c45b6fbbe to datanode:49687013-9189-4ed6-aa07-d793b1b94e57
2023-02-21 13:37:46,389 [RatisPipelineUtilsThread - 0] INFO  pipeline.PipelineStateManagerImpl (PipelineStateManagerImpl.java:addPipeline(103)) - Created pipeline Pipeline[ Id: 46c6d006-6654-477f-ba61-a02c45b6fbbe, Nodes: 55112d89-11b5-415b-b3d0-c3d2a8542f19(fv-az318-260.ewvrrcgabbbubjc05i3n4a3pph.dx.internal.cloudapp.net/10.1.0.81)16e51c86-b54f-4418-8274-5609a4b0e8e9(fv-az318-260.ewvrrcgabbbubjc05i3n4a3pph.dx.internal.cloudapp.net/10.1.0.81)49687013-9189-4ed6-aa07-d793b1b94e57(fv-az318-260.ewvrrcgabbbubjc05i3n4a3pph.dx.internal.cloudapp.net/10.1.0.81), ReplicationConfig: RATIS/THREE, State:ALLOCATED, leaderId:, CreationTimestamp2023-02-21T13:37:46.388Z[Etc/UTC]].
2023-02-21 13:37:46,391 [RatisPipelineUtilsThread - 0] INFO  pipeline.RatisPipelineProvider (RatisPipelineProvider.java:lambda$create$0(206)) - Sending CreatePipelineCommand for pipeline:PipelineID=40e47288-7291-4d7a-8a49-97ff8a4dcc6a to datanode:16e51c86-b54f-4418-8274-5609a4b0e8e9
2023-02-21 13:37:46,391 [RatisPipelineUtilsThread - 0] INFO  pipeline.RatisPipelineProvider (RatisPipelineProvider.java:lambda$create$0(206)) - Sending CreatePipelineCommand for pipeline:PipelineID=40e47288-7291-4d7a-8a49-97ff8a4dcc6a to datanode:49687013-9189-4ed6-aa07-d793b1b94e57
2023-02-21 13:37:46,391 [RatisPipelineUtilsThread - 0] INFO  pipeline.RatisPipelineProvider (RatisPipelineProvider.java:lambda$create$0(206)) - Sending CreatePipelineCommand for pipeline:PipelineID=40e47288-7291-4d7a-8a49-97ff8a4dcc6a to datanode:55112d89-11b5-415b-b3d0-c3d2a8542f19
2023-02-21 13:37:46,392 [RatisPipelineUtilsThread - 0] INFO  pipeline.PipelineStateManagerImpl (PipelineStateManagerImpl.java:addPipeline(103)) - Created pipeline Pipeline[ Id: 40e47288-7291-4d7a-8a49-97ff8a4dcc6a, Nodes: 16e51c86-b54f-4418-8274-5609a4b0e8e9(fv-az318-260.ewvrrcgabbbubjc05i3n4a3pph.dx.internal.cloudapp.net/10.1.0.81)49687013-9189-4ed6-aa07-d793b1b94e57(fv-az318-260.ewvrrcgabbbubjc05i3n4a3pph.dx.internal.cloudapp.net/10.1.0.81)55112d89-11b5-415b-b3d0-c3d2a8542f19(fv-az318-260.ewvrrcgabbbubjc05i3n4a3pph.dx.internal.cloudapp.net/10.1.0.81), ReplicationConfig: RATIS/THREE, State:ALLOCATED, leaderId:, CreationTimestamp2023-02-21T13:37:46.391Z[Etc/UTC]].
2023-02-21 13:37:46,393 [RatisPipelineUtilsThread - 0] INFO  pipeline.PipelineManagerImpl (PipelineManagerImpl.java:recordMetricsForPipeline(826)) - Pipeline: PipelineID=40e47288-7291-4d7a-8a49-97ff8a4dcc6a contains same datanodes as previous pipelines: PipelineID=46c6d006-6654-477f-ba61-a02c45b6fbbe nodeIds: 16e51c86-b54f-4418-8274-5609a4b0e8e9, 49687013-9189-4ed6-aa07-d793b1b94e57, 55112d89-11b5-415b-b3d0-c3d2a8542f19
2023-02-21 13:37:46,393 [RatisPipelineUtilsThread - 0] WARN  pipeline.PipelinePlacementPolicy (PipelinePlacementPolicy.java:filterViableNodes(158)) - Pipeline creation failed due to no sufficient healthy datanodes. Required 3. Found 0.
2023-02-21 13:37:46,394 [RatisPipelineUtilsThread - 0] WARN  pipeline.PipelinePlacementPolicy (PipelinePlacementPolicy.java:filterViableNodes(158)) - Pipeline creation failed due to no sufficient healthy datanodes. Required 3. Found 0.
2023-02-21 13:37:46,785 [IPC Server handler 12 on default port 44027] INFO  net.NetworkTopologyImpl (NetworkTopologyImpl.java:add(112)) - Added a new node: /default-rack/a9e05f5c-46cf-4b5a-96e6-bc07cdc5b6c0
2023-02-21 13:37:46,786 [IPC Server handler 12 on default port 44027] INFO  node.SCMNodeManager (SCMNodeManager.java:register(397)) - Registered Data node : a9e05f5c-46cf-4b5a-96e6-bc07cdc5b6c0{ip: 10.1.0.81, host: fv-az318-260.ewvrrcgabbbubjc05i3n4a3pph.dx.internal.cloudapp.net, ports: [REPLICATION=40677, RATIS=34323, RATIS_ADMIN=34323, RATIS_SERVER=34323, RATIS_DATASTREAM=40053, STANDALONE=37429], networkLocation: /default-rack, certSerialId: null, persistedOpState: null, persistedOpStateExpiryEpochSec: 0}
2023-02-21 13:37:46,787 [EventQueue-NewNodeForNewNodeHandler] INFO  pipeline.BackgroundPipelineCreator (BackgroundPipelineCreator.java:notifyEventTriggered(276)) - trigger a one-shot run on RatisPipelineUtilsThread.
2023-02-21 13:37:46,788 [RatisPipelineUtilsThread - 0] INFO  pipeline.RatisPipelineProvider (RatisPipelineProvider.java:lambda$create$0(206)) - Sending CreatePipelineCommand for pipeline:PipelineID=080e3f4e-b013-485b-bb76-cbb97518e604 to datanode:a9e05f5c-46cf-4b5a-96e6-bc07cdc5b6c0
2023-02-21 13:37:46,789 [RatisPipelineUtilsThread - 0] INFO  pipeline.PipelineStateManagerImpl (PipelineStateManagerImpl.java:addPipeline(103)) - Created pipeline Pipeline[ Id: 080e3f4e-b013-485b-bb76-cbb97518e604, Nodes: a9e05f5c-46cf-4b5a-96e6-bc07cdc5b6c0(fv-az318-260.ewvrrcgabbbubjc05i3n4a3pph.dx.internal.cloudapp.net/10.1.0.81), ReplicationConfig: RATIS/ONE, State:ALLOCATED, leaderId:, CreationTimestamp2023-02-21T13:37:46.788Z[Etc/UTC]].
2023-02-21 13:37:46,789 [RatisPipelineUtilsThread - 0] WARN  pipeline.PipelinePlacementPolicy (PipelinePlacementPolicy.java:filterViableNodes(158)) - Pipeline creation failed due to no sufficient healthy datanodes. Required 3. Found 1.
2023-02-21 13:37:47,211 [IPC Server handler 7 on default port 44027] INFO  net.NetworkTopologyImpl (NetworkTopologyImpl.java:add(112)) - Added a new node: /default-rack/13b316d7-19fe-4f46-8ee4-74122f1e4c34
2023-02-21 13:37:47,211 [IPC Server handler 7 on default port 44027] INFO  node.SCMNodeManager (SCMNodeManager.java:register(397)) - Registered Data node : 13b316d7-19fe-4f46-8ee4-74122f1e4c34{ip: 10.1.0.81, host: fv-az318-260.ewvrrcgabbbubjc05i3n4a3pph.dx.internal.cloudapp.net, ports: [REPLICATION=44619, RATIS=46333, RATIS_ADMIN=46333, RATIS_SERVER=46333, RATIS_DATASTREAM=45723, STANDALONE=33795], networkLocation: /default-rack, certSerialId: null, persistedOpState: null, persistedOpStateExpiryEpochSec: 0}
2023-02-21 13:37:47,212 [EventQueue-NewNodeForNewNodeHandler] INFO  pipeline.BackgroundPipelineCreator (BackgroundPipelineCreator.java:notifyEventTriggered(276)) - trigger a one-shot run on RatisPipelineUtilsThread.
2023-02-21 13:37:47,213 [Listener at 127.0.0.1/35721] INFO  ozone.MiniOzoneClusterImpl (MiniOzoneClusterImpl.java:lambda$waitForClusterToBeReady$0(218)) - Nodes are ready. Got 5 of 5 DN Heartbeats.
2023-02-21 13:37:47,213 [Listener at 127.0.0.1/35721] INFO  ozone.MiniOzoneClusterImpl (MiniOzoneClusterImpl.java:lambda$waitForClusterToBeReady$0(221)) - Waiting for cluster to exit safe mode
2023-02-21 13:37:47,213 [Listener at 127.0.0.1/35721] INFO  ozone.MiniOzoneClusterImpl (MiniOzoneClusterImpl.java:lambda$waitForClusterToBeReady$0(223)) - SCM became leader
2023-02-21 13:37:47,214 [RatisPipelineUtilsThread - 0] INFO  pipeline.RatisPipelineProvider (RatisPipelineProvider.java:lambda$create$0(206)) - Sending CreatePipelineCommand for pipeline:PipelineID=b4ccf860-f8c5-4500-854a-fc70cb5dccd1 to datanode:13b316d7-19fe-4f46-8ee4-74122f1e4c34
2023-02-21 13:37:47,215 [RatisPipelineUtilsThread - 0] INFO  pipeline.PipelineStateManagerImpl (PipelineStateManagerImpl.java:addPipeline(103)) - Created pipeline Pipeline[ Id: b4ccf860-f8c5-4500-854a-fc70cb5dccd1, Nodes: 13b316d7-19fe-4f46-8ee4-74122f1e4c34(fv-az318-260.ewvrrcgabbbubjc05i3n4a3pph.dx.internal.cloudapp.net/10.1.0.81), ReplicationConfig: RATIS/ONE, State:ALLOCATED, leaderId:, CreationTimestamp2023-02-21T13:37:47.214Z[Etc/UTC]].
2023-02-21 13:37:47,216 [RatisPipelineUtilsThread - 0] WARN  pipeline.PipelinePlacementPolicy (PipelinePlacementPolicy.java:filterViableNodes(158)) - Pipeline creation failed due to no sufficient healthy datanodes. Required 3. Found 2.
2023-02-21 13:37:48,214 [Listener at 127.0.0.1/35721] INFO  ozone.MiniOzoneClusterImpl (MiniOzoneClusterImpl.java:lambda$waitForClusterToBeReady$0(218)) - Nodes are ready. Got 5 of 5 DN Heartbeats.
2023-02-21 13:37:48,214 [Listener at 127.0.0.1/35721] INFO  ozone.MiniOzoneClusterImpl (MiniOzoneClusterImpl.java:lambda$waitForClusterToBeReady$0(221)) - Waiting for cluster to exit safe mode
2023-02-21 13:37:48,214 [Listener at 127.0.0.1/35721] INFO  ozone.MiniOzoneClusterImpl (MiniOzoneClusterImpl.java:lambda$waitForClusterToBeReady$0(223)) - SCM became leader
2023-02-21 13:37:48,349 [Command processor thread] INFO  server.RaftServer (RaftServerProxy.java:addNew(96)) - 55112d89-11b5-415b-b3d0-c3d2a8542f19: addNew group-ED4250EF6DDA:[55112d89-11b5-415b-b3d0-c3d2a8542f19|rpc:10.1.0.81:33855|dataStream:10.1.0.81:34785|priority:1|startupRole:FOLLOWER] returns group-ED4250EF6DDA:java.util.concurrent.CompletableFuture@7e9c76a3[Not completed]
2023-02-21 13:37:48,362 [pool-74-thread-1] INFO  server.RaftServer$Division (RaftServerImpl.java:<init>(195)) - 55112d89-11b5-415b-b3d0-c3d2a8542f19: new RaftServerImpl for group-ED4250EF6DDA:[55112d89-11b5-415b-b3d0-c3d2a8542f19|rpc:10.1.0.81:33855|dataStream:10.1.0.81:34785|priority:1|startupRole:FOLLOWER] with ContainerStateMachine:uninitialized
2023-02-21 13:37:48,362 [pool-74-thread-1] INFO  server.RaftServerConfigKeys (ConfUtils.java:logGet(46)) - raft.server.rpc.timeout.min = 5s (custom)
2023-02-21 13:37:48,362 [pool-74-thread-1] INFO  server.RaftServerConfigKeys (ConfUtils.java:logGet(46)) - raft.server.rpc.timeout.max = 5200ms (custom)
2023-02-21 13:37:48,362 [pool-74-thread-1] INFO  server.RaftServerConfigKeys (ConfUtils.java:logGet(46)) - raft.server.rpc.sleep.time = 25ms (default)
2023-02-21 13:37:48,362 [pool-74-thread-1] INFO  server.RaftServerConfigKeys (ConfUtils.java:logGet(46)) - raft.server.rpc.slowness.timeout = 300s (custom)
2023-02-21 13:37:48,362 [pool-74-thread-1] INFO  server.RaftServerConfigKeys (ConfUtils.java:logGet(46)) - raft.server.leaderelection.leader.step-down.wait-time = 10s (default)
2023-02-21 13:37:48,363 [pool-74-thread-1] INFO  server.RaftServerConfigKeys (ConfUtils.java:logGet(46)) - raft.server.sleep.deviation.threshold = 300ms (default)
2023-02-21 13:37:48,363 [pool-74-thread-1] INFO  server.RaftServer$Division (ServerState.java:<init>(118)) - 55112d89-11b5-415b-b3d0-c3d2a8542f19@group-ED4250EF6DDA: ConfigurationManager, init=-1: peers:[55112d89-11b5-415b-b3d0-c3d2a8542f19|rpc:10.1.0.81:33855|dataStream:10.1.0.81:34785|priority:1|startupRole:FOLLOWER]|listeners:[], old=null, confs=<EMPTY_MAP>
2023-02-21 13:37:48,363 [pool-74-thread-1] INFO  server.RaftServerConfigKeys (ConfUtils.java:logGet(46)) - raft.server.storage.dir = [/home/runner/work/ozone/ozone/hadoop-ozone/integration-test/target/test-dir/MiniOzoneClusterImpl-af67ded0-52d4-4e8d-8917-e8c7ba660466/datanode-0/data/ratis] (custom)
2023-02-21 13:37:48,363 [pool-74-thread-1] INFO  server.RaftServerConfigKeys (ConfUtils.java:logGet(46)) - raft.server.log.corruption.policy = EXCEPTION (default)
2023-02-21 13:37:48,363 [pool-74-thread-1] INFO  server.RaftServerConfigKeys (ConfUtils.java:logGet(46)) - raft.server.storage.free-space.min = 0MB (=0) (default)
2023-02-21 13:37:48,363 [pool-74-thread-1] INFO  server.RaftServerConfigKeys (ConfUtils.java:logGet(46)) - raft.server.notification.no-leader.timeout = 300s (custom)
2023-02-21 13:37:48,363 [pool-74-thread-1] INFO  server.RaftServerConfigKeys (ConfUtils.java:logGet(46)) - raft.server.retrycache.expirytime = 600000ms (custom)
2023-02-21 13:37:48,363 [pool-74-thread-1] INFO  server.RaftServerConfigKeys (ConfUtils.java:logGet(46)) - raft.server.retrycache.statistics.expirytime = 100μs (default)
2023-02-21 13:37:48,366 [pool-74-thread-1] INFO  server.RaftServerConfigKeys (ConfUtils.java:logGet(46)) - raft.server.log.appender.install.snapshot.enabled = false (custom)
2023-02-21 13:37:48,366 [pool-74-thread-1] INFO  server.RaftServerConfigKeys (ConfUtils.java:logGet(46)) - raft.server.threadpool.server.cached = true (default)
2023-02-21 13:37:48,366 [pool-74-thread-1] INFO  server.RaftServerConfigKeys (ConfUtils.java:logGet(46)) - raft.server.threadpool.server.size = 0 (default)
2023-02-21 13:37:48,367 [pool-74-thread-1] INFO  server.RaftServerConfigKeys (ConfUtils.java:logGet(46)) - raft.server.threadpool.client.cached = true (default)
2023-02-21 13:37:48,367 [pool-74-thread-1] INFO  server.RaftServerConfigKeys (ConfUtils.java:logGet(46)) - raft.server.threadpool.client.size = 0 (default)
2023-02-21 13:37:48,367 [pool-74-thread-1] INFO  storage.RaftStorageDirectory (RaftStorageDirectoryImpl.java:analyzeStorage(137)) - The storage directory /home/runner/work/ozone/ozone/hadoop-ozone/integration-test/target/test-dir/MiniOzoneClusterImpl-af67ded0-52d4-4e8d-8917-e8c7ba660466/datanode-0/data/ratis/ac2e8950-bf7f-4434-bda4-ed4250ef6dda does not exist. Creating ...
2023-02-21 13:37:48,370 [pool-74-thread-1] INFO  storage.RaftStorageDirectory (RaftStorageDirectoryImpl.java:tryLock(231)) - Lock on /home/runner/work/ozone/ozone/hadoop-ozone/integration-test/target/test-dir/MiniOzoneClusterImpl-af67ded0-52d4-4e8d-8917-e8c7ba660466/datanode-0/data/ratis/ac2e8950-bf7f-4434-bda4-ed4250ef6dda/in_use.lock acquired by nodename 15258@fv-az318-260
2023-02-21 13:37:48,373 [pool-74-thread-1] INFO  storage.RaftStorage (RaftStorageImpl.java:format(96)) - Storage directory /home/runner/work/ozone/ozone/hadoop-ozone/integration-test/target/test-dir/MiniOzoneClusterImpl-af67ded0-52d4-4e8d-8917-e8c7ba660466/datanode-0/data/ratis/ac2e8950-bf7f-4434-bda4-ed4250ef6dda has been successfully formatted.
2023-02-21 13:37:48,377 [pool-74-thread-1] INFO  ratis.ContainerStateMachine (ContainerStateMachine.java:loadSnapshot(240)) - group-ED4250EF6DDA: The snapshot info is null. Setting the last applied indexto:(t:0, i:~)
2023-02-21 13:37:48,377 [pool-74-thread-1] INFO  server.RaftServerConfigKeys (ConfUtils.java:logGet(46)) - raft.server.log.use.memory = false (default)
2023-02-21 13:37:48,378 [pool-74-thread-1] INFO  server.RaftServerConfigKeys (ConfUtils.java:logGet(46)) - raft.server.log.purge.gap = 1000000 (custom)
2023-02-21 13:37:48,378 [pool-74-thread-1] INFO  server.RaftServerConfigKeys (ConfUtils.java:logGet(46)) - raft.server.log.appender.buffer.byte-limit = 33554432 (custom)
2023-02-21 13:37:48,378 [pool-74-thread-1] INFO  server.RaftServerConfigKeys (ConfUtils.java:logGet(46)) - raft.server.log.statemachine.data.read.timeout = 1000ms (default)
2023-02-21 13:37:48,378 [pool-74-thread-1] INFO  server.RaftServerConfigKeys (ConfUtils.java:logGet(46)) - raft.server.log.purge.preservation.log.num = 0 (default)
2023-02-21 13:37:48,378 [pool-74-thread-1] INFO  server.RaftServerConfigKeys (ConfUtils.java:logGet(46)) - raft.server.log.segment.size.max = 1048576 (custom)
2023-02-21 13:37:48,391 [pool-74-thread-1] INFO  server.RaftServerConfigKeys (ConfUtils.java:logGet(46)) - raft.server.log.segment.cache.num.max = 2 (custom)
2023-02-21 13:37:48,391 [pool-74-thread-1] INFO  server.RaftServerConfigKeys (ConfUtils.java:logGet(46)) - raft.server.log.segment.cache.size.max = 200MB (=209715200) (default)
2023-02-21 13:37:48,391 [pool-74-thread-1] INFO  segmented.SegmentedRaftLogWorker (SegmentedRaftLogWorker.java:<init>(189)) - new 55112d89-11b5-415b-b3d0-c3d2a8542f19@group-ED4250EF6DDA-SegmentedRaftLogWorker for RaftStorageImpl:Storage Directory /home/runner/work/ozone/ozone/hadoop-ozone/integration-test/target/test-dir/MiniOzoneClusterImpl-af67ded0-52d4-4e8d-8917-e8c7ba660466/datanode-0/data/ratis/ac2e8950-bf7f-4434-bda4-ed4250ef6dda
2023-02-21 13:37:48,391 [pool-74-thread-1] INFO  server.RaftServerConfigKeys (ConfUtils.java:logGet(46)) - raft.server.log.queue.byte-limit = 4294967296 (custom)
2023-02-21 13:37:48,391 [pool-74-thread-1] INFO  server.RaftServerConfigKeys (ConfUtils.java:logGet(46)) - raft.server.log.queue.element-limit = 1024 (custom)
2023-02-21 13:37:48,391 [pool-74-thread-1] INFO  server.RaftServerConfigKeys (ConfUtils.java:logGet(46)) - raft.server.log.segment.size.max = 1048576 (custom)
2023-02-21 13:37:48,391 [pool-74-thread-1] INFO  server.RaftServerConfigKeys (ConfUtils.java:logGet(46)) - raft.server.log.preallocated.size = 16384 (custom)
2023-02-21 13:37:48,391 [pool-74-thread-1] INFO  server.RaftServerConfigKeys (ConfUtils.java:logGet(46)) - raft.server.log.force.sync.num = 128 (default)
2023-02-21 13:37:48,391 [pool-74-thread-1] INFO  server.RaftServerConfigKeys (ConfUtils.java:logGet(46)) - raft.server.log.statemachine.data.sync = true (default)
2023-02-21 13:37:48,395 [pool-74-thread-1] INFO  server.RaftServerConfigKeys (ConfUtils.java:logGet(46)) - raft.server.log.statemachine.data.sync.timeout = 10s (default)
2023-02-21 13:37:48,396 [pool-74-thread-1] INFO  server.RaftServerConfigKeys (ConfUtils.java:logGet(46)) - raft.server.log.statemachine.data.sync.timeout.retry = -1 (default)
2023-02-21 13:37:48,402 [pool-74-thread-1] INFO  server.RaftServerConfigKeys (ConfUtils.java:logGet(46)) - raft.server.log.write.buffer.size = 1048576 (custom)
2023-02-21 13:37:48,404 [pool-74-thread-1] INFO  server.RaftServerConfigKeys (ConfUtils.java:logGet(46)) - raft.server.log.appender.buffer.byte-limit = 33554432 (custom)
2023-02-21 13:37:48,412 [pool-74-thread-1] INFO  server.RaftServerConfigKeys (ConfUtils.java:logGet(46)) - raft.server.log.unsafe-flush.enabled = false (default)
2023-02-21 13:37:48,412 [pool-74-thread-1] INFO  server.RaftServerConfigKeys (ConfUtils.java:logGet(46)) - raft.server.log.async-flush.enabled = false (default)
2023-02-21 13:37:48,412 [pool-74-thread-1] INFO  server.RaftServerConfigKeys (ConfUtils.java:logGet(46)) - raft.server.log.statemachine.data.caching.enabled = true (custom)
2023-02-21 13:37:48,413 [EventQueue-PipelineReportForPipelineReportHandler] INFO  pipeline.PipelineManagerImpl (PipelineManagerImpl.java:openPipeline(367)) - Pipeline Pipeline[ Id: ac2e8950-bf7f-4434-bda4-ed4250ef6dda, Nodes: 55112d89-11b5-415b-b3d0-c3d2a8542f19(fv-az318-260.ewvrrcgabbbubjc05i3n4a3pph.dx.internal.cloudapp.net/10.1.0.81), ReplicationConfig: RATIS/ONE, State:ALLOCATED, leaderId:55112d89-11b5-415b-b3d0-c3d2a8542f19, CreationTimestamp2023-02-21T13:37:45.381Z[Etc/UTC]] moved to OPEN state
2023-02-21 13:37:48,414 [pool-74-thread-1] INFO  segmented.SegmentedRaftLogWorker (SegmentedRaftLogWorker.java:lambda$new$0(135)) - 55112d89-11b5-415b-b3d0-c3d2a8542f19@group-ED4250EF6DDA-SegmentedRaftLogWorker: flushIndex: setUnconditionally 0 -> -1
2023-02-21 13:37:48,414 [pool-74-thread-1] INFO  segmented.SegmentedRaftLogWorker (SegmentedRaftLogWorker.java:lambda$new$0(135)) - 55112d89-11b5-415b-b3d0-c3d2a8542f19@group-ED4250EF6DDA-SegmentedRaftLogWorker: safeCacheEvictIndex: setUnconditionally 0 -> -1
2023-02-21 13:37:48,414 [pool-74-thread-1] INFO  server.RaftServer$Division (RaftServerImpl.java:start(334)) - 55112d89-11b5-415b-b3d0-c3d2a8542f19@group-ED4250EF6DDA: start as a follower, conf=-1: peers:[55112d89-11b5-415b-b3d0-c3d2a8542f19|rpc:10.1.0.81:33855|dataStream:10.1.0.81:34785|priority:1|startupRole:FOLLOWER]|listeners:[], old=null
2023-02-21 13:37:48,414 [pool-74-thread-1] INFO  server.RaftServer$Division (RaftServerImpl.java:setRole(321)) - 55112d89-11b5-415b-b3d0-c3d2a8542f19@group-ED4250EF6DDA: changes role from      null to FOLLOWER at term 0 for startAsFollower
2023-02-21 13:37:48,414 [pool-74-thread-1] INFO  impl.RoleInfo (RoleInfo.java:updateAndGet(139)) - 55112d89-11b5-415b-b3d0-c3d2a8542f19: start 55112d89-11b5-415b-b3d0-c3d2a8542f19@group-ED4250EF6DDA-FollowerState
2023-02-21 13:37:48,415 [pool-74-thread-1] INFO  util.JmxRegister (JmxRegister.java:tryRegister(44)) - Successfully registered JMX Bean with object name Ratis:service=RaftServer,group=group-ED4250EF6DDA,id=55112d89-11b5-415b-b3d0-c3d2a8542f19
2023-02-21 13:37:48,415 [pool-74-thread-1] INFO  server.RaftServerConfigKeys (ConfUtils.java:logGet(46)) - raft.server.snapshot.auto.trigger.enabled = true (custom)
2023-02-21 13:37:48,415 [pool-74-thread-1] INFO  server.RaftServerConfigKeys (ConfUtils.java:logGet(46)) - raft.server.snapshot.auto.trigger.threshold = 10000 (custom)
2023-02-21 13:37:48,416 [pool-74-thread-1] INFO  server.RaftServerConfigKeys (ConfUtils.java:logGet(46)) - raft.server.snapshot.retention.file.num = 5 (custom)
2023-02-21 13:37:48,416 [pool-74-thread-1] INFO  server.RaftServerConfigKeys (ConfUtils.java:logGet(46)) - raft.server.log.purge.upto.snapshot.index = false (default)
2023-02-21 13:37:48,416 [EventQueue-OpenPipelineForHealthyPipelineSafeModeRule] INFO  safemode.SCMSafeModeManager (HealthyPipelineSafeModeRule.java:process(137)) - SCM in safe mode. Healthy pipelines reported count is 0, required healthy pipeline reported count is 1
2023-02-21 13:37:48,421 [55112d89-11b5-415b-b3d0-c3d2a8542f19@group-ED4250EF6DDA-FollowerState] INFO  server.RaftServerConfigKeys (ConfUtils.java:logFallback(53)) - raft.server.rpc.first-election.timeout.min = 5s (fallback to raft.server.rpc.timeout.min)
2023-02-21 13:37:48,421 [55112d89-11b5-415b-b3d0-c3d2a8542f19@group-ED4250EF6DDA-FollowerState] INFO  server.RaftServerConfigKeys (ConfUtils.java:logFallback(53)) - raft.server.rpc.first-election.timeout.max = 5200ms (fallback to raft.server.rpc.timeout.max)
2023-02-21 13:37:48,425 [Command processor thread] INFO  ratis.XceiverServerRatis (XceiverServerRatis.java:addGroup(807)) - Created group PipelineID=ac2e8950-bf7f-4434-bda4-ed4250ef6dda
2023-02-21 13:37:48,425 [Command processor thread] INFO  commandhandler.CreatePipelineCommandHandler (CreatePipelineCommandHandler.java:handle(113)) - Created Pipeline RATIS ONE PipelineID=ac2e8950-bf7f-4434-bda4-ed4250ef6dda.
2023-02-21 13:37:48,426 [Command processor thread] INFO  server.RaftServer (RaftServerProxy.java:addNew(96)) - 55112d89-11b5-415b-b3d0-c3d2a8542f19: addNew group-A02C45B6FBBE:[16e51c86-b54f-4418-8274-5609a4b0e8e9|rpc:10.1.0.81:35385|dataStream:10.1.0.81:44455|priority:1|startupRole:FOLLOWER, 49687013-9189-4ed6-aa07-d793b1b94e57|rpc:10.1.0.81:45119|dataStream:10.1.0.81:34179|priority:0|startupRole:FOLLOWER, 55112d89-11b5-415b-b3d0-c3d2a8542f19|rpc:10.1.0.81:33855|dataStream:10.1.0.81:34785|priority:0|startupRole:FOLLOWER] returns group-A02C45B6FBBE:java.util.concurrent.CompletableFuture@d1b168b[Not completed]
2023-02-21 13:37:48,427 [pool-74-thread-1] INFO  server.RaftServer$Division (RaftServerImpl.java:<init>(195)) - 55112d89-11b5-415b-b3d0-c3d2a8542f19: new RaftServerImpl for group-A02C45B6FBBE:[16e51c86-b54f-4418-8274-5609a4b0e8e9|rpc:10.1.0.81:35385|dataStream:10.1.0.81:44455|priority:1|startupRole:FOLLOWER, 49687013-9189-4ed6-aa07-d793b1b94e57|rpc:10.1.0.81:45119|dataStream:10.1.0.81:34179|priority:0|startupRole:FOLLOWER, 55112d89-11b5-415b-b3d0-c3d2a8542f19|rpc:10.1.0.81:33855|dataStream:10.1.0.81:34785|priority:0|startupRole:FOLLOWER] with ContainerStateMachine:uninitialized
2023-02-21 13:37:48,427 [pool-74-thread-1] INFO  server.RaftServerConfigKeys (ConfUtils.java:logGet(46)) - raft.server.rpc.timeout.min = 5s (custom)
2023-02-21 13:37:48,428 [pool-74-thread-1] INFO  server.RaftServerConfigKeys (ConfUtils.java:logGet(46)) - raft.server.rpc.timeout.max = 5200ms (custom)
2023-02-21 13:37:48,428 [pool-74-thread-1] INFO  server.RaftServerConfigKeys (ConfUtils.java:logGet(46)) - raft.server.rpc.sleep.time = 25ms (default)
2023-02-21 13:37:48,428 [pool-74-thread-1] INFO  server.RaftServerConfigKeys (ConfUtils.java:logGet(46)) - raft.server.rpc.slowness.timeout = 300s (custom)
2023-02-21 13:37:48,428 [pool-74-thread-1] INFO  server.RaftServerConfigKeys (ConfUtils.java:logGet(46)) - raft.server.leaderelection.leader.step-down.wait-time = 10s (default)
2023-02-21 13:37:48,428 [pool-74-thread-1] INFO  server.RaftServerConfigKeys (ConfUtils.java:logGet(46)) - raft.server.sleep.deviation.threshold = 300ms (default)
2023-02-21 13:37:48,428 [pool-74-thread-1] INFO  server.RaftServer$Division (ServerState.java:<init>(118)) - 55112d89-11b5-415b-b3d0-c3d2a8542f19@group-A02C45B6FBBE: ConfigurationManager, init=-1: peers:[16e51c86-b54f-4418-8274-5609a4b0e8e9|rpc:10.1.0.81:35385|dataStream:10.1.0.81:44455|priority:1|startupRole:FOLLOWER, 49687013-9189-4ed6-aa07-d793b1b94e57|rpc:10.1.0.81:45119|dataStream:10.1.0.81:34179|priority:0|startupRole:FOLLOWER, 55112d89-11b5-415b-b3d0-c3d2a8542f19|rpc:10.1.0.81:33855|dataStream:10.1.0.81:34785|priority:0|startupRole:FOLLOWER]|listeners:[], old=null, confs=<EMPTY_MAP>
2023-02-21 13:37:48,428 [pool-74-thread-1] INFO  server.RaftServerConfigKeys (ConfUtils.java:logGet(46)) - raft.server.storage.dir = [/home/runner/work/ozone/ozone/hadoop-ozone/integration-test/target/test-dir/MiniOzoneClusterImpl-af67ded0-52d4-4e8d-8917-e8c7ba660466/datanode-0/data/ratis] (custom)
2023-02-21 13:37:48,429 [pool-74-thread-1] INFO  server.RaftServerConfigKeys (ConfUtils.java:logGet(46)) - raft.server.log.corruption.policy = EXCEPTION (default)
2023-02-21 13:37:48,429 [pool-74-thread-1] INFO  server.RaftServerConfigKeys (ConfUtils.java:logGet(46)) - raft.server.storage.free-space.min = 0MB (=0) (default)
2023-02-21 13:37:48,429 [pool-74-thread-1] INFO  server.RaftServerConfigKeys (ConfUtils.java:logGet(46)) - raft.server.notification.no-leader.timeout = 300s (custom)
2023-02-21 13:37:48,429 [pool-74-thread-1] INFO  server.RaftServerConfigKeys (ConfUtils.java:logGet(46)) - raft.server.retrycache.expirytime = 600000ms (custom)
2023-02-21 13:37:48,429 [pool-74-thread-1] INFO  server.RaftServerConfigKeys (ConfUtils.java:logGet(46)) - raft.server.retrycache.statistics.expirytime = 100μs (default)
2023-02-21 13:37:48,431 [pool-74-thread-1] INFO  server.RaftServerConfigKeys (ConfUtils.java:logGet(46)) - raft.server.log.appender.install.snapshot.enabled = false (custom)
2023-02-21 13:37:48,431 [pool-74-thread-1] INFO  server.RaftServerConfigKeys (ConfUtils.java:logGet(46)) - raft.server.threadpool.server.cached = true (default)
2023-02-21 13:37:48,431 [pool-74-thread-1] INFO  server.RaftServerConfigKeys (ConfUtils.java:logGet(46)) - raft.server.threadpool.server.size = 0 (default)
2023-02-21 13:37:48,432 [pool-74-thread-1] INFO  server.RaftServerConfigKeys (ConfUtils.java:logGet(46)) - raft.server.threadpool.client.cached = true (default)
2023-02-21 13:37:48,432 [pool-74-thread-1] INFO  server.RaftServerConfigKeys (ConfUtils.java:logGet(46)) - raft.server.threadpool.client.size = 0 (default)
2023-02-21 13:37:48,432 [pool-74-thread-1] INFO  storage.RaftStorageDirectory (RaftStorageDirectoryImpl.java:analyzeStorage(137)) - The storage directory /home/runner/work/ozone/ozone/hadoop-ozone/integration-test/target/test-dir/MiniOzoneClusterImpl-af67ded0-52d4-4e8d-8917-e8c7ba660466/datanode-0/data/ratis/46c6d006-6654-477f-ba61-a02c45b6fbbe does not exist. Creating ...
2023-02-21 13:37:48,433 [pool-74-thread-1] INFO  storage.RaftStorageDirectory (RaftStorageDirectoryImpl.java:tryLock(231)) - Lock on /home/runner/work/ozone/ozone/hadoop-ozone/integration-test/target/test-dir/MiniOzoneClusterImpl-af67ded0-52d4-4e8d-8917-e8c7ba660466/datanode-0/data/ratis/46c6d006-6654-477f-ba61-a02c45b6fbbe/in_use.lock acquired by nodename 15258@fv-az318-260
2023-02-21 13:37:48,435 [pool-74-thread-1] INFO  storage.RaftStorage (RaftStorageImpl.java:format(96)) - Storage directory /home/runner/work/ozone/ozone/hadoop-ozone/integration-test/target/test-dir/MiniOzoneClusterImpl-af67ded0-52d4-4e8d-8917-e8c7ba660466/datanode-0/data/ratis/46c6d006-6654-477f-ba61-a02c45b6fbbe has been successfully formatted.
2023-02-21 13:37:48,436 [pool-74-thread-1] INFO  ratis.ContainerStateMachine (ContainerStateMachine.java:loadSnapshot(240)) - group-A02C45B6FBBE: The snapshot info is null. Setting the last applied indexto:(t:0, i:~)
2023-02-21 13:37:48,436 [pool-74-thread-1] INFO  server.RaftServerConfigKeys (ConfUtils.java:logGet(46)) - raft.server.log.use.memory = false (default)
2023-02-21 13:37:48,436 [pool-74-thread-1] INFO  server.RaftServerConfigKeys (ConfUtils.java:logGet(46)) - raft.server.log.purge.gap = 1000000 (custom)
2023-02-21 13:37:48,436 [pool-74-thread-1] INFO  server.RaftServerConfigKeys (ConfUtils.java:logGet(46)) - raft.server.log.appender.buffer.byte-limit = 33554432 (custom)
2023-02-21 13:37:48,436 [pool-74-thread-1] INFO  server.RaftServerConfigKeys (ConfUtils.java:logGet(46)) - raft.server.log.statemachine.data.read.timeout = 1000ms (default)
2023-02-21 13:37:48,436 [pool-74-thread-1] INFO  server.RaftServerConfigKeys (ConfUtils.java:logGet(46)) - raft.server.log.purge.preservation.log.num = 0 (default)
2023-02-21 13:37:48,436 [pool-74-thread-1] INFO  server.RaftServerConfigKeys (ConfUtils.java:logGet(46)) - raft.server.log.segment.size.max = 1048576 (custom)
2023-02-21 13:37:48,438 [pool-74-thread-1] INFO  server.RaftServerConfigKeys (ConfUtils.java:logGet(46)) - raft.server.log.segment.cache.num.max = 2 (custom)
2023-02-21 13:37:48,439 [pool-74-thread-1] INFO  server.RaftServerConfigKeys (ConfUtils.java:logGet(46)) - raft.server.log.segment.cache.size.max = 200MB (=209715200) (default)
2023-02-21 13:37:48,439 [pool-74-thread-1] INFO  segmented.SegmentedRaftLogWorker (SegmentedRaftLogWorker.java:<init>(189)) - new 55112d89-11b5-415b-b3d0-c3d2a8542f19@group-A02C45B6FBBE-SegmentedRaftLogWorker for RaftStorageImpl:Storage Directory /home/runner/work/ozone/ozone/hadoop-ozone/integration-test/target/test-dir/MiniOzoneClusterImpl-af67ded0-52d4-4e8d-8917-e8c7ba660466/datanode-0/data/ratis/46c6d006-6654-477f-ba61-a02c45b6fbbe
2023-02-21 13:37:48,439 [pool-74-thread-1] INFO  server.RaftServerConfigKeys (ConfUtils.java:logGet(46)) - raft.server.log.queue.byte-limit = 4294967296 (custom)
2023-02-21 13:37:48,439 [pool-74-thread-1] INFO  server.RaftServerConfigKeys (ConfUtils.java:logGet(46)) - raft.server.log.queue.element-limit = 1024 (custom)
2023-02-21 13:37:48,439 [EventQueue-OpenPipelineForHealthyPipelineSafeModeRule] INFO  safemode.SCMSafeModeManager (HealthyPipelineSafeModeRule.java:process(137)) - SCM in safe mode. Healthy pipelines reported count is 0, required healthy pipeline reported count is 1
2023-02-21 13:37:48,443 [pool-74-thread-1] INFO  server.RaftServerConfigKeys (ConfUtils.java:logGet(46)) - raft.server.log.segment.size.max = 1048576 (custom)
2023-02-21 13:37:48,444 [pool-74-thread-1] INFO  server.RaftServerConfigKeys (ConfUtils.java:logGet(46)) - raft.server.log.preallocated.size = 16384 (custom)
2023-02-21 13:37:48,444 [pool-74-thread-1] INFO  server.RaftServerConfigKeys (ConfUtils.java:logGet(46)) - raft.server.log.force.sync.num = 128 (default)
2023-02-21 13:37:48,444 [pool-74-thread-1] INFO  server.RaftServerConfigKeys (ConfUtils.java:logGet(46)) - raft.server.log.statemachine.data.sync = true (default)
2023-02-21 13:37:48,444 [pool-74-thread-1] INFO  server.RaftServerConfigKeys (ConfUtils.java:logGet(46)) - raft.server.log.statemachine.data.sync.timeout = 10s (default)
2023-02-21 13:37:48,444 [pool-74-thread-1] INFO  server.RaftServerConfigKeys (ConfUtils.java:logGet(46)) - raft.server.log.statemachine.data.sync.timeout.retry = -1 (default)
2023-02-21 13:37:48,446 [pool-74-thread-1] INFO  server.RaftServerConfigKeys (ConfUtils.java:logGet(46)) - raft.server.log.write.buffer.size = 1048576 (custom)
2023-02-21 13:37:48,446 [pool-74-thread-1] INFO  server.RaftServerConfigKeys (ConfUtils.java:logGet(46)) - raft.server.log.appender.buffer.byte-limit = 33554432 (custom)
2023-02-21 13:37:48,451 [pool-74-thread-1] INFO  server.RaftServerConfigKeys (ConfUtils.java:logGet(46)) - raft.server.log.unsafe-flush.enabled = false (default)
2023-02-21 13:37:48,452 [pool-74-thread-1] INFO  server.RaftServerConfigKeys (ConfUtils.java:logGet(46)) - raft.server.log.async-flush.enabled = false (default)
2023-02-21 13:37:48,452 [pool-74-thread-1] INFO  server.RaftServerConfigKeys (ConfUtils.java:logGet(46)) - raft.server.log.statemachine.data.caching.enabled = true (custom)
2023-02-21 13:37:48,452 [pool-74-thread-1] INFO  segmented.SegmentedRaftLogWorker (SegmentedRaftLogWorker.java:lambda$new$0(135)) - 55112d89-11b5-415b-b3d0-c3d2a8542f19@group-A02C45B6FBBE-SegmentedRaftLogWorker: flushIndex: setUnconditionally 0 -> -1
2023-02-21 13:37:48,452 [pool-74-thread-1] INFO  segmented.SegmentedRaftLogWorker (SegmentedRaftLogWorker.java:lambda$new$0(135)) - 55112d89-11b5-415b-b3d0-c3d2a8542f19@group-A02C45B6FBBE-SegmentedRaftLogWorker: safeCacheEvictIndex: setUnconditionally 0 -> -1
2023-02-21 13:37:48,452 [pool-74-thread-1] INFO  server.RaftServer$Division (RaftServerImpl.java:start(334)) - 55112d89-11b5-415b-b3d0-c3d2a8542f19@group-A02C45B6FBBE: start as a follower, conf=-1: peers:[16e51c86-b54f-4418-8274-5609a4b0e8e9|rpc:10.1.0.81:35385|dataStream:10.1.0.81:44455|priority:1|startupRole:FOLLOWER, 49687013-9189-4ed6-aa07-d793b1b94e57|rpc:10.1.0.81:45119|dataStream:10.1.0.81:34179|priority:0|startupRole:FOLLOWER, 55112d89-11b5-415b-b3d0-c3d2a8542f19|rpc:10.1.0.81:33855|dataStream:10.1.0.81:34785|priority:0|startupRole:FOLLOWER]|listeners:[], old=null
2023-02-21 13:37:48,452 [pool-74-thread-1] INFO  server.RaftServer$Division (RaftServerImpl.java:setRole(321)) - 55112d89-11b5-415b-b3d0-c3d2a8542f19@group-A02C45B6FBBE: changes role from      null to FOLLOWER at term 0 for startAsFollower
2023-02-21 13:37:48,453 [pool-74-thread-1] INFO  impl.RoleInfo (RoleInfo.java:updateAndGet(139)) - 55112d89-11b5-415b-b3d0-c3d2a8542f19: start 55112d89-11b5-415b-b3d0-c3d2a8542f19@group-A02C45B6FBBE-FollowerState
2023-02-21 13:37:48,453 [pool-74-thread-1] INFO  util.JmxRegister (JmxRegister.java:tryRegister(44)) - Successfully registered JMX Bean with object name Ratis:service=RaftServer,group=group-A02C45B6FBBE,id=55112d89-11b5-415b-b3d0-c3d2a8542f19
2023-02-21 13:37:48,453 [pool-74-thread-1] INFO  server.RaftServerConfigKeys (ConfUtils.java:logGet(46)) - raft.server.snapshot.auto.trigger.enabled = true (custom)
2023-02-21 13:37:48,453 [pool-74-thread-1] INFO  server.RaftServerConfigKeys (ConfUtils.java:logGet(46)) - raft.server.snapshot.auto.trigger.threshold = 10000 (custom)
2023-02-21 13:37:48,453 [pool-74-thread-1] INFO  server.RaftServerConfigKeys (ConfUtils.java:logGet(46)) - raft.server.snapshot.retention.file.num = 5 (custom)
2023-02-21 13:37:48,454 [pool-74-thread-1] INFO  server.RaftServerConfigKeys (ConfUtils.java:logGet(46)) - raft.server.log.purge.upto.snapshot.index = false (default)
2023-02-21 13:37:48,455 [55112d89-11b5-415b-b3d0-c3d2a8542f19@group-A02C45B6FBBE-FollowerState] INFO  server.RaftServerConfigKeys (ConfUtils.java:logFallback(53)) - raft.server.rpc.first-election.timeout.min = 5s (fallback to raft.server.rpc.timeout.min)
2023-02-21 13:37:48,456 [Command processor thread] INFO  ratis.XceiverServerRatis (XceiverServerRatis.java:addGroup(807)) - Created group PipelineID=46c6d006-6654-477f-ba61-a02c45b6fbbe
2023-02-21 13:37:48,459 [55112d89-11b5-415b-b3d0-c3d2a8542f19@group-A02C45B6FBBE-FollowerState] INFO  server.RaftServerConfigKeys (ConfUtils.java:logFallback(53)) - raft.server.rpc.first-election.timeout.max = 5200ms (fallback to raft.server.rpc.timeout.max)
2023-02-21 13:37:48,864 [grpc-default-executor-0] INFO  server.RaftServer (RaftServerProxy.java:addNew(96)) - 16e51c86-b54f-4418-8274-5609a4b0e8e9: addNew group-A02C45B6FBBE:[16e51c86-b54f-4418-8274-5609a4b0e8e9|rpc:10.1.0.81:35385|dataStream:10.1.0.81:44455|priority:1|startupRole:FOLLOWER, 49687013-9189-4ed6-aa07-d793b1b94e57|rpc:10.1.0.81:45119|dataStream:10.1.0.81:34179|priority:0|startupRole:FOLLOWER, 55112d89-11b5-415b-b3d0-c3d2a8542f19|rpc:10.1.0.81:33855|dataStream:10.1.0.81:34785|priority:0|startupRole:FOLLOWER] returns group-A02C45B6FBBE:java.util.concurrent.CompletableFuture@243be3ff[Not completed]
2023-02-21 13:37:48,865 [pool-118-thread-1] INFO  server.RaftServer$Division (RaftServerImpl.java:<init>(195)) - 16e51c86-b54f-4418-8274-5609a4b0e8e9: new RaftServerImpl for group-A02C45B6FBBE:[16e51c86-b54f-4418-8274-5609a4b0e8e9|rpc:10.1.0.81:35385|dataStream:10.1.0.81:44455|priority:1|startupRole:FOLLOWER, 49687013-9189-4ed6-aa07-d793b1b94e57|rpc:10.1.0.81:45119|dataStream:10.1.0.81:34179|priority:0|startupRole:FOLLOWER, 55112d89-11b5-415b-b3d0-c3d2a8542f19|rpc:10.1.0.81:33855|dataStream:10.1.0.81:34785|priority:0|startupRole:FOLLOWER] with ContainerStateMachine:uninitialized
2023-02-21 13:37:48,866 [pool-118-thread-1] INFO  server.RaftServerConfigKeys (ConfUtils.java:logGet(46)) - raft.server.rpc.timeout.min = 5s (custom)
2023-02-21 13:37:48,866 [pool-118-thread-1] INFO  server.RaftServerConfigKeys (ConfUtils.java:logGet(46)) - raft.server.rpc.timeout.max = 5200ms (custom)
2023-02-21 13:37:48,866 [pool-118-thread-1] INFO  server.RaftServerConfigKeys (ConfUtils.java:logGet(46)) - raft.server.rpc.sleep.time = 25ms (default)
2023-02-21 13:37:48,866 [pool-118-thread-1] INFO  server.RaftServerConfigKeys (ConfUtils.java:logGet(46)) - raft.server.rpc.slowness.timeout = 300s (custom)
2023-02-21 13:37:48,866 [pool-118-thread-1] INFO  server.RaftServerConfigKeys (ConfUtils.java:logGet(46)) - raft.server.leaderelection.leader.step-down.wait-time = 10s (default)
2023-02-21 13:37:48,866 [pool-118-thread-1] INFO  server.RaftServerConfigKeys (ConfUtils.java:logGet(46)) - raft.server.sleep.deviation.threshold = 300ms (default)
2023-02-21 13:37:48,866 [pool-118-thread-1] INFO  server.RaftServer$Division (ServerState.java:<init>(118)) - 16e51c86-b54f-4418-8274-5609a4b0e8e9@group-A02C45B6FBBE: ConfigurationManager, init=-1: peers:[16e51c86-b54f-4418-8274-5609a4b0e8e9|rpc:10.1.0.81:35385|dataStream:10.1.0.81:44455|priority:1|startupRole:FOLLOWER, 49687013-9189-4ed6-aa07-d793b1b94e57|rpc:10.1.0.81:45119|dataStream:10.1.0.81:34179|priority:0|startupRole:FOLLOWER, 55112d89-11b5-415b-b3d0-c3d2a8542f19|rpc:10.1.0.81:33855|dataStream:10.1.0.81:34785|priority:0|startupRole:FOLLOWER]|listeners:[], old=null, confs=<EMPTY_MAP>
2023-02-21 13:37:48,866 [pool-118-thread-1] INFO  server.RaftServerConfigKeys (ConfUtils.java:logGet(46)) - raft.server.storage.dir = [/home/runner/work/ozone/ozone/hadoop-ozone/integration-test/target/test-dir/MiniOzoneClusterImpl-af67ded0-52d4-4e8d-8917-e8c7ba660466/datanode-2/data/ratis] (custom)
2023-02-21 13:37:48,867 [pool-118-thread-1] INFO  server.RaftServerConfigKeys (ConfUtils.java:logGet(46)) - raft.server.log.corruption.policy = EXCEPTION (default)
2023-02-21 13:37:48,867 [pool-118-thread-1] INFO  server.RaftServerConfigKeys (ConfUtils.java:logGet(46)) - raft.server.storage.free-space.min = 0MB (=0) (default)
2023-02-21 13:37:48,867 [pool-118-thread-1] INFO  server.RaftServerConfigKeys (ConfUtils.java:logGet(46)) - raft.server.notification.no-leader.timeout = 300s (custom)
2023-02-21 13:37:48,867 [pool-118-thread-1] INFO  server.RaftServerConfigKeys (ConfUtils.java:logGet(46)) - raft.server.retrycache.expirytime = 600000ms (custom)
2023-02-21 13:37:48,867 [pool-118-thread-1] INFO  server.RaftServerConfigKeys (ConfUtils.java:logGet(46)) - raft.server.retrycache.statistics.expirytime = 100μs (default)
2023-02-21 13:37:48,869 [pool-118-thread-1] INFO  server.RaftServerConfigKeys (ConfUtils.java:logGet(46)) - raft.server.log.appender.install.snapshot.enabled = false (custom)
2023-02-21 13:37:48,869 [pool-118-thread-1] INFO  server.RaftServerConfigKeys (ConfUtils.java:logGet(46)) - raft.server.threadpool.server.cached = true (default)
2023-02-21 13:37:48,869 [pool-118-thread-1] INFO  server.RaftServerConfigKeys (ConfUtils.java:logGet(46)) - raft.server.threadpool.server.size = 0 (default)
2023-02-21 13:37:48,869 [pool-118-thread-1] INFO  server.RaftServerConfigKeys (ConfUtils.java:logGet(46)) - raft.server.threadpool.client.cached = true (default)
2023-02-21 13:37:48,869 [pool-118-thread-1] INFO  server.RaftServerConfigKeys (ConfUtils.java:logGet(46)) - raft.server.threadpool.client.size = 0 (default)
2023-02-21 13:37:48,870 [pool-118-thread-1] INFO  storage.RaftStorageDirectory (RaftStorageDirectoryImpl.java:analyzeStorage(137)) - The storage directory /home/runner/work/ozone/ozone/hadoop-ozone/integration-test/target/test-dir/MiniOzoneClusterImpl-af67ded0-52d4-4e8d-8917-e8c7ba660466/datanode-2/data/ratis/46c6d006-6654-477f-ba61-a02c45b6fbbe does not exist. Creating ...
2023-02-21 13:37:48,872 [pool-118-thread-1] INFO  storage.RaftStorageDirectory (RaftStorageDirectoryImpl.java:tryLock(231)) - Lock on /home/runner/work/ozone/ozone/hadoop-ozone/integration-test/target/test-dir/MiniOzoneClusterImpl-af67ded0-52d4-4e8d-8917-e8c7ba660466/datanode-2/data/ratis/46c6d006-6654-477f-ba61-a02c45b6fbbe/in_use.lock acquired by nodename 15258@fv-az318-260
2023-02-21 13:37:48,873 [pool-118-thread-1] INFO  storage.RaftStorage (RaftStorageImpl.java:format(96)) - Storage directory /home/runner/work/ozone/ozone/hadoop-ozone/integration-test/target/test-dir/MiniOzoneClusterImpl-af67ded0-52d4-4e8d-8917-e8c7ba660466/datanode-2/data/ratis/46c6d006-6654-477f-ba61-a02c45b6fbbe has been successfully formatted.
2023-02-21 13:37:48,875 [pool-118-thread-1] INFO  ratis.ContainerStateMachine (ContainerStateMachine.java:loadSnapshot(240)) - group-A02C45B6FBBE: The snapshot info is null. Setting the last applied indexto:(t:0, i:~)
2023-02-21 13:37:48,876 [pool-118-thread-1] INFO  server.RaftServerConfigKeys (ConfUtils.java:logGet(46)) - raft.server.log.use.memory = false (default)
2023-02-21 13:37:48,880 [pool-118-thread-1] INFO  server.RaftServerConfigKeys (ConfUtils.java:logGet(46)) - raft.server.log.purge.gap = 1000000 (custom)
2023-02-21 13:37:48,880 [pool-118-thread-1] INFO  server.RaftServerConfigKeys (ConfUtils.java:logGet(46)) - raft.server.log.appender.buffer.byte-limit = 33554432 (custom)
2023-02-21 13:37:48,880 [pool-118-thread-1] INFO  server.RaftServerConfigKeys (ConfUtils.java:logGet(46)) - raft.server.log.statemachine.data.read.timeout = 1000ms (default)
2023-02-21 13:37:48,880 [pool-118-thread-1] INFO  server.RaftServerConfigKeys (ConfUtils.java:logGet(46)) - raft.server.log.purge.preservation.log.num = 0 (default)
2023-02-21 13:37:48,880 [pool-118-thread-1] INFO  server.RaftServerConfigKeys (ConfUtils.java:logGet(46)) - raft.server.log.segment.size.max = 1048576 (custom)
2023-02-21 13:37:48,881 [pool-118-thread-1] INFO  server.RaftServerConfigKeys (ConfUtils.java:logGet(46)) - raft.server.log.segment.cache.num.max = 2 (custom)
2023-02-21 13:37:48,881 [pool-118-thread-1] INFO  server.RaftServerConfigKeys (ConfUtils.java:logGet(46)) - raft.server.log.segment.cache.size.max = 200MB (=209715200) (default)
2023-02-21 13:37:48,881 [pool-118-thread-1] INFO  segmented.SegmentedRaftLogWorker (SegmentedRaftLogWorker.java:<init>(189)) - new 16e51c86-b54f-4418-8274-5609a4b0e8e9@group-A02C45B6FBBE-SegmentedRaftLogWorker for RaftStorageImpl:Storage Directory /home/runner/work/ozone/ozone/hadoop-ozone/integration-test/target/test-dir/MiniOzoneClusterImpl-af67ded0-52d4-4e8d-8917-e8c7ba660466/datanode-2/data/ratis/46c6d006-6654-477f-ba61-a02c45b6fbbe
2023-02-21 13:37:48,881 [pool-118-thread-1] INFO  server.RaftServerConfigKeys (ConfUtils.java:logGet(46)) - raft.server.log.queue.byte-limit = 4294967296 (custom)
2023-02-21 13:37:48,881 [pool-118-thread-1] INFO  server.RaftServerConfigKeys (ConfUtils.java:logGet(46)) - raft.server.log.queue.element-limit = 1024 (custom)
2023-02-21 13:37:48,882 [pool-118-thread-1] INFO  server.RaftServerConfigKeys (ConfUtils.java:logGet(46)) - raft.server.log.segment.size.max = 1048576 (custom)
2023-02-21 13:37:48,882 [pool-118-thread-1] INFO  server.RaftServerConfigKeys (ConfUtils.java:logGet(46)) - raft.server.log.preallocated.size = 16384 (custom)
2023-02-21 13:37:48,882 [pool-118-thread-1] INFO  server.RaftServerConfigKeys (ConfUtils.java:logGet(46)) - raft.server.log.force.sync.num = 128 (default)
2023-02-21 13:37:48,882 [pool-118-thread-1] INFO  server.RaftServerConfigKeys (ConfUtils.java:logGet(46)) - raft.server.log.statemachine.data.sync = true (default)
2023-02-21 13:37:48,882 [pool-118-thread-1] INFO  server.RaftServerConfigKeys (ConfUtils.java:logGet(46)) - raft.server.log.statemachine.data.sync.timeout = 10s (default)
2023-02-21 13:37:48,882 [pool-118-thread-1] INFO  server.RaftServerConfigKeys (ConfUtils.java:logGet(46)) - raft.server.log.statemachine.data.sync.timeout.retry = -1 (default)
2023-02-21 13:37:48,884 [pool-118-thread-1] INFO  server.RaftServerConfigKeys (ConfUtils.java:logGet(46)) - raft.server.log.write.buffer.size = 1048576 (custom)
2023-02-21 13:37:48,884 [pool-118-thread-1] INFO  server.RaftServerConfigKeys (ConfUtils.java:logGet(46)) - raft.server.log.appender.buffer.byte-limit = 33554432 (custom)
2023-02-21 13:37:48,889 [pool-118-thread-1] INFO  server.RaftServerConfigKeys (ConfUtils.java:logGet(46)) - raft.server.log.unsafe-flush.enabled = false (default)
2023-02-21 13:37:48,890 [pool-118-thread-1] INFO  server.RaftServerConfigKeys (ConfUtils.java:logGet(46)) - raft.server.log.async-flush.enabled = false (default)
2023-02-21 13:37:48,890 [pool-118-thread-1] INFO  server.RaftServerConfigKeys (ConfUtils.java:logGet(46)) - raft.server.log.statemachine.data.caching.enabled = true (custom)
2023-02-21 13:37:48,890 [pool-118-thread-1] INFO  segmented.SegmentedRaftLogWorker (SegmentedRaftLogWorker.java:lambda$new$0(135)) - 16e51c86-b54f-4418-8274-5609a4b0e8e9@group-A02C45B6FBBE-SegmentedRaftLogWorker: flushIndex: setUnconditionally 0 -> -1
2023-02-21 13:37:48,890 [pool-118-thread-1] INFO  segmented.SegmentedRaftLogWorker (SegmentedRaftLogWorker.java:lambda$new$0(135)) - 16e51c86-b54f-4418-8274-5609a4b0e8e9@group-A02C45B6FBBE-SegmentedRaftLogWorker: safeCacheEvictIndex: setUnconditionally 0 -> -1
2023-02-21 13:37:48,892 [pool-118-thread-1] INFO  server.RaftServer$Division (RaftServerImpl.java:start(334)) - 16e51c86-b54f-4418-8274-5609a4b0e8e9@group-A02C45B6FBBE: start as a follower, conf=-1: peers:[16e51c86-b54f-4418-8274-5609a4b0e8e9|rpc:10.1.0.81:35385|dataStream:10.1.0.81:44455|priority:1|startupRole:FOLLOWER, 49687013-9189-4ed6-aa07-d793b1b94e57|rpc:10.1.0.81:45119|dataStream:10.1.0.81:34179|priority:0|startupRole:FOLLOWER, 55112d89-11b5-415b-b3d0-c3d2a8542f19|rpc:10.1.0.81:33855|dataStream:10.1.0.81:34785|priority:0|startupRole:FOLLOWER]|listeners:[], old=null
2023-02-21 13:37:48,892 [pool-118-thread-1] INFO  server.RaftServer$Division (RaftServerImpl.java:setRole(321)) - 16e51c86-b54f-4418-8274-5609a4b0e8e9@group-A02C45B6FBBE: changes role from      null to FOLLOWER at term 0 for startAsFollower
2023-02-21 13:37:48,892 [pool-118-thread-1] INFO  impl.RoleInfo (RoleInfo.java:updateAndGet(139)) - 16e51c86-b54f-4418-8274-5609a4b0e8e9: start 16e51c86-b54f-4418-8274-5609a4b0e8e9@group-A02C45B6FBBE-FollowerState
2023-02-21 13:37:48,892 [16e51c86-b54f-4418-8274-5609a4b0e8e9@group-A02C45B6FBBE-FollowerState] INFO  server.RaftServerConfigKeys (ConfUtils.java:logFallback(53)) - raft.server.rpc.first-election.timeout.min = 5s (fallback to raft.server.rpc.timeout.min)
2023-02-21 13:37:48,894 [pool-118-thread-1] INFO  util.JmxRegister (JmxRegister.java:tryRegister(44)) - Successfully registered JMX Bean with object name Ratis:service=RaftServer,group=group-A02C45B6FBBE,id=16e51c86-b54f-4418-8274-5609a4b0e8e9
2023-02-21 13:37:48,894 [16e51c86-b54f-4418-8274-5609a4b0e8e9@group-A02C45B6FBBE-FollowerState] INFO  server.RaftServerConfigKeys (ConfUtils.java:logFallback(53)) - raft.server.rpc.first-election.timeout.max = 5200ms (fallback to raft.server.rpc.timeout.max)
2023-02-21 13:37:48,894 [pool-118-thread-1] INFO  server.RaftServerConfigKeys (ConfUtils.java:logGet(46)) - raft.server.snapshot.auto.trigger.enabled = true (custom)
2023-02-21 13:37:48,894 [pool-118-thread-1] INFO  server.RaftServerConfigKeys (ConfUtils.java:logGet(46)) - raft.server.snapshot.auto.trigger.threshold = 10000 (custom)
2023-02-21 13:37:48,895 [pool-118-thread-1] INFO  server.RaftServerConfigKeys (ConfUtils.java:logGet(46)) - raft.server.snapshot.retention.file.num = 5 (custom)
2023-02-21 13:37:48,895 [pool-118-thread-1] INFO  server.RaftServerConfigKeys (ConfUtils.java:logGet(46)) - raft.server.log.purge.upto.snapshot.index = false (default)
2023-02-21 13:37:48,954 [Command processor thread] INFO  server.RaftServer (RaftServerProxy.java:addNew(96)) - 49687013-9189-4ed6-aa07-d793b1b94e57: addNew group-66544A672C8E:[49687013-9189-4ed6-aa07-d793b1b94e57|rpc:10.1.0.81:45119|dataStream:10.1.0.81:34179|priority:1|startupRole:FOLLOWER] returns group-66544A672C8E:java.util.concurrent.CompletableFuture@738ebfcb[Not completed]
2023-02-21 13:37:48,960 [pool-96-thread-1] INFO  server.RaftServer$Division (RaftServerImpl.java:<init>(195)) - 49687013-9189-4ed6-aa07-d793b1b94e57: new RaftServerImpl for group-66544A672C8E:[49687013-9189-4ed6-aa07-d793b1b94e57|rpc:10.1.0.81:45119|dataStream:10.1.0.81:34179|priority:1|startupRole:FOLLOWER] with ContainerStateMachine:uninitialized
2023-02-21 13:37:48,966 [grpc-default-executor-0] INFO  server.RaftServer (RaftServerProxy.java:addNew(96)) - 49687013-9189-4ed6-aa07-d793b1b94e57: addNew group-A02C45B6FBBE:[16e51c86-b54f-4418-8274-5609a4b0e8e9|rpc:10.1.0.81:35385|dataStream:10.1.0.81:44455|priority:1|startupRole:FOLLOWER, 49687013-9189-4ed6-aa07-d793b1b94e57|rpc:10.1.0.81:45119|dataStream:10.1.0.81:34179|priority:0|startupRole:FOLLOWER, 55112d89-11b5-415b-b3d0-c3d2a8542f19|rpc:10.1.0.81:33855|dataStream:10.1.0.81:34785|priority:0|startupRole:FOLLOWER] returns group-A02C45B6FBBE:java.util.concurrent.CompletableFuture@4e4ac34b[Not completed]
2023-02-21 13:37:48,966 [pool-96-thread-1] INFO  server.RaftServerConfigKeys (ConfUtils.java:logGet(46)) - raft.server.rpc.timeout.min = 5s (custom)
2023-02-21 13:37:48,966 [pool-96-thread-1] INFO  server.RaftServerConfigKeys (ConfUtils.java:logGet(46)) - raft.server.rpc.timeout.max = 5200ms (custom)
2023-02-21 13:37:48,967 [pool-96-thread-1] INFO  server.RaftServerConfigKeys (ConfUtils.java:logGet(46)) - raft.server.rpc.sleep.time = 25ms (default)
2023-02-21 13:37:48,968 [pool-96-thread-1] INFO  server.RaftServerConfigKeys (ConfUtils.java:logGet(46)) - raft.server.rpc.slowness.timeout = 300s (custom)
2023-02-21 13:37:48,968 [pool-96-thread-1] INFO  server.RaftServerConfigKeys (ConfUtils.java:logGet(46)) - raft.server.leaderelection.leader.step-down.wait-time = 10s (default)
2023-02-21 13:37:48,968 [pool-96-thread-1] INFO  server.RaftServerConfigKeys (ConfUtils.java:logGet(46)) - raft.server.sleep.deviation.threshold = 300ms (default)
2023-02-21 13:37:48,969 [pool-96-thread-1] INFO  server.RaftServer$Division (ServerState.java:<init>(118)) - 49687013-9189-4ed6-aa07-d793b1b94e57@group-66544A672C8E: ConfigurationManager, init=-1: peers:[49687013-9189-4ed6-aa07-d793b1b94e57|rpc:10.1.0.81:45119|dataStream:10.1.0.81:34179|priority:1|startupRole:FOLLOWER]|listeners:[], old=null, confs=<EMPTY_MAP>
2023-02-21 13:37:48,969 [pool-96-thread-1] INFO  server.RaftServerConfigKeys (ConfUtils.java:logGet(46)) - raft.server.storage.dir = [/home/runner/work/ozone/ozone/hadoop-ozone/integration-test/target/test-dir/MiniOzoneClusterImpl-af67ded0-52d4-4e8d-8917-e8c7ba660466/datanode-1/data/ratis] (custom)
2023-02-21 13:37:48,969 [pool-96-thread-1] INFO  server.RaftServerConfigKeys (ConfUtils.java:logGet(46)) - raft.server.log.corruption.policy = EXCEPTION (default)
2023-02-21 13:37:48,969 [pool-96-thread-1] INFO  server.RaftServerConfigKeys (ConfUtils.java:logGet(46)) - raft.server.storage.free-space.min = 0MB (=0) (default)
2023-02-21 13:37:48,969 [pool-96-thread-1] INFO  server.RaftServerConfigKeys (ConfUtils.java:logGet(46)) - raft.server.notification.no-leader.timeout = 300s (custom)
2023-02-21 13:37:48,969 [pool-96-thread-1] INFO  server.RaftServerConfigKeys (ConfUtils.java:logGet(46)) - raft.server.retrycache.expirytime = 600000ms (custom)
2023-02-21 13:37:48,969 [pool-96-thread-1] INFO  server.RaftServerConfigKeys (ConfUtils.java:logGet(46)) - raft.server.retrycache.statistics.expirytime = 100μs (default)
2023-02-21 13:37:48,977 [pool-96-thread-1] INFO  server.RaftServerConfigKeys (ConfUtils.java:logGet(46)) - raft.server.log.appender.install.snapshot.enabled = false (custom)
2023-02-21 13:37:48,977 [pool-96-thread-1] INFO  server.RaftServerConfigKeys (ConfUtils.java:logGet(46)) - raft.server.threadpool.server.cached = true (default)
2023-02-21 13:37:48,978 [pool-96-thread-1] INFO  server.RaftServerConfigKeys (ConfUtils.java:logGet(46)) - raft.server.threadpool.server.size = 0 (default)
2023-02-21 13:37:48,978 [pool-96-thread-1] INFO  server.RaftServerConfigKeys (ConfUtils.java:logGet(46)) - raft.server.threadpool.client.cached = true (default)
2023-02-21 13:37:48,978 [pool-96-thread-1] INFO  server.RaftServerConfigKeys (ConfUtils.java:logGet(46)) - raft.server.threadpool.client.size = 0 (default)
2023-02-21 13:37:48,981 [pool-96-thread-1] INFO  server.RaftServer$Division (RaftServerImpl.java:<init>(195)) - 49687013-9189-4ed6-aa07-d793b1b94e57: new RaftServerImpl for group-A02C45B6FBBE:[16e51c86-b54f-4418-8274-5609a4b0e8e9|rpc:10.1.0.81:35385|dataStream:10.1.0.81:44455|priority:1|startupRole:FOLLOWER, 49687013-9189-4ed6-aa07-d793b1b94e57|rpc:10.1.0.81:45119|dataStream:10.1.0.81:34179|priority:0|startupRole:FOLLOWER, 55112d89-11b5-415b-b3d0-c3d2a8542f19|rpc:10.1.0.81:33855|dataStream:10.1.0.81:34785|priority:0|startupRole:FOLLOWER] with ContainerStateMachine:uninitialized
2023-02-21 13:37:48,981 [pool-96-thread-1] INFO  server.RaftServerConfigKeys (ConfUtils.java:logGet(46)) - raft.server.rpc.timeout.min = 5s (custom)
2023-02-21 13:37:48,981 [pool-96-thread-1] INFO  server.RaftServerConfigKeys (ConfUtils.java:logGet(46)) - raft.server.rpc.timeout.max = 5200ms (custom)
2023-02-21 13:37:48,981 [pool-96-thread-1] INFO  server.RaftServerConfigKeys (ConfUtils.java:logGet(46)) - raft.server.rpc.sleep.time = 25ms (default)
2023-02-21 13:37:48,981 [pool-96-thread-1] INFO  server.RaftServerConfigKeys (ConfUtils.java:logGet(46)) - raft.server.rpc.slowness.timeout = 300s (custom)
2023-02-21 13:37:48,981 [pool-96-thread-1] INFO  server.RaftServerConfigKeys (ConfUtils.java:logGet(46)) - raft.server.leaderelection.leader.step-down.wait-time = 10s (default)
2023-02-21 13:37:48,981 [pool-96-thread-1] INFO  server.RaftServerConfigKeys (ConfUtils.java:logGet(46)) - raft.server.sleep.deviation.threshold = 300ms (default)
2023-02-21 13:37:48,982 [pool-96-thread-1] INFO  server.RaftServer$Division (ServerState.java:<init>(118)) - 49687013-9189-4ed6-aa07-d793b1b94e57@group-A02C45B6FBBE: ConfigurationManager, init=-1: peers:[16e51c86-b54f-4418-8274-5609a4b0e8e9|rpc:10.1.0.81:35385|dataStream:10.1.0.81:44455|priority:1|startupRole:FOLLOWER, 49687013-9189-4ed6-aa07-d793b1b94e57|rpc:10.1.0.81:45119|dataStream:10.1.0.81:34179|priority:0|startupRole:FOLLOWER, 55112d89-11b5-415b-b3d0-c3d2a8542f19|rpc:10.1.0.81:33855|dataStream:10.1.0.81:34785|priority:0|startupRole:FOLLOWER]|listeners:[], old=null, confs=<EMPTY_MAP>
2023-02-21 13:37:48,983 [pool-96-thread-1] INFO  server.RaftServerConfigKeys (ConfUtils.java:logGet(46)) - raft.server.storage.dir = [/home/runner/work/ozone/ozone/hadoop-ozone/integration-test/target/test-dir/MiniOzoneClusterImpl-af67ded0-52d4-4e8d-8917-e8c7ba660466/datanode-1/data/ratis] (custom)
2023-02-21 13:37:48,983 [pool-96-thread-1] INFO  server.RaftServerConfigKeys (ConfUtils.java:logGet(46)) - raft.server.log.corruption.policy = EXCEPTION (default)
2023-02-21 13:37:48,983 [pool-96-thread-1] INFO  server.RaftServerConfigKeys (ConfUtils.java:logGet(46)) - raft.server.storage.free-space.min = 0MB (=0) (default)
2023-02-21 13:37:48,983 [pool-96-thread-1] INFO  server.RaftServerConfigKeys (ConfUtils.java:logGet(46)) - raft.server.notification.no-leader.timeout = 300s (custom)
2023-02-21 13:37:48,983 [pool-96-thread-1] INFO  server.RaftServerConfigKeys (ConfUtils.java:logGet(46)) - raft.server.retrycache.expirytime = 600000ms (custom)
2023-02-21 13:37:48,983 [pool-96-thread-1] INFO  server.RaftServerConfigKeys (ConfUtils.java:logGet(46)) - raft.server.retrycache.statistics.expirytime = 100μs (default)
2023-02-21 13:37:48,986 [pool-96-thread-1] INFO  server.RaftServerConfigKeys (ConfUtils.java:logGet(46)) - raft.server.log.appender.install.snapshot.enabled = false (custom)
2023-02-21 13:37:48,987 [pool-96-thread-1] INFO  server.RaftServerConfigKeys (ConfUtils.java:logGet(46)) - raft.server.threadpool.server.cached = true (default)
2023-02-21 13:37:48,988 [pool-96-thread-1] INFO  server.RaftServerConfigKeys (ConfUtils.java:logGet(46)) - raft.server.threadpool.server.size = 0 (default)
2023-02-21 13:37:48,988 [pool-96-thread-1] INFO  server.RaftServerConfigKeys (ConfUtils.java:logGet(46)) - raft.server.threadpool.client.cached = true (default)
2023-02-21 13:37:48,988 [pool-96-thread-1] INFO  server.RaftServerConfigKeys (ConfUtils.java:logGet(46)) - raft.server.threadpool.client.size = 0 (default)
2023-02-21 13:37:48,988 [pool-96-thread-1] INFO  storage.RaftStorageDirectory (RaftStorageDirectoryImpl.java:analyzeStorage(137)) - The storage directory /home/runner/work/ozone/ozone/hadoop-ozone/integration-test/target/test-dir/MiniOzoneClusterImpl-af67ded0-52d4-4e8d-8917-e8c7ba660466/datanode-1/data/ratis/e1323921-9e81-4a82-bb73-66544a672c8e does not exist. Creating ...
2023-02-21 13:37:48,990 [pool-96-thread-1] INFO  storage.RaftStorageDirectory (RaftStorageDirectoryImpl.java:tryLock(231)) - Lock on /home/runner/work/ozone/ozone/hadoop-ozone/integration-test/target/test-dir/MiniOzoneClusterImpl-af67ded0-52d4-4e8d-8917-e8c7ba660466/datanode-1/data/ratis/e1323921-9e81-4a82-bb73-66544a672c8e/in_use.lock acquired by nodename 15258@fv-az318-260
2023-02-21 13:37:48,991 [pool-96-thread-1] INFO  storage.RaftStorage (RaftStorageImpl.java:format(96)) - Storage directory /home/runner/work/ozone/ozone/hadoop-ozone/integration-test/target/test-dir/MiniOzoneClusterImpl-af67ded0-52d4-4e8d-8917-e8c7ba660466/datanode-1/data/ratis/e1323921-9e81-4a82-bb73-66544a672c8e has been successfully formatted.
2023-02-21 13:37:48,993 [pool-96-thread-1] INFO  ratis.ContainerStateMachine (ContainerStateMachine.java:loadSnapshot(240)) - group-66544A672C8E: The snapshot info is null. Setting the last applied indexto:(t:0, i:~)
2023-02-21 13:37:48,993 [pool-96-thread-1] INFO  server.RaftServerConfigKeys (ConfUtils.java:logGet(46)) - raft.server.log.use.memory = false (default)
2023-02-21 13:37:48,993 [pool-96-thread-1] INFO  server.RaftServerConfigKeys (ConfUtils.java:logGet(46)) - raft.server.log.purge.gap = 1000000 (custom)
2023-02-21 13:37:48,993 [pool-96-thread-1] INFO  server.RaftServerConfigKeys (ConfUtils.java:logGet(46)) - raft.server.log.appender.buffer.byte-limit = 33554432 (custom)
2023-02-21 13:37:48,995 [pool-96-thread-1] INFO  server.RaftServerConfigKeys (ConfUtils.java:logGet(46)) - raft.server.log.statemachine.data.read.timeout = 1000ms (default)
2023-02-21 13:37:48,995 [EventQueue-PipelineReportForPipelineReportHandler] INFO  pipeline.PipelineManagerImpl (PipelineManagerImpl.java:openPipeline(367)) - Pipeline Pipeline[ Id: e1323921-9e81-4a82-bb73-66544a672c8e, Nodes: 49687013-9189-4ed6-aa07-d793b1b94e57(fv-az318-260.ewvrrcgabbbubjc05i3n4a3pph.dx.internal.cloudapp.net/10.1.0.81), ReplicationConfig: RATIS/ONE, State:ALLOCATED, leaderId:49687013-9189-4ed6-aa07-d793b1b94e57, CreationTimestamp2023-02-21T13:37:45.952Z[Etc/UTC]] moved to OPEN state
2023-02-21 13:37:48,997 [EventQueue-OpenPipelineForHealthyPipelineSafeModeRule] INFO  safemode.SCMSafeModeManager (HealthyPipelineSafeModeRule.java:process(137)) - SCM in safe mode. Healthy pipelines reported count is 0, required healthy pipeline reported count is 1
2023-02-21 13:37:48,999 [pool-96-thread-1] INFO  server.RaftServerConfigKeys (ConfUtils.java:logGet(46)) - raft.server.log.purge.preservation.log.num = 0 (default)
2023-02-21 13:37:48,999 [pool-96-thread-1] INFO  server.RaftServerConfigKeys (ConfUtils.java:logGet(46)) - raft.server.log.segment.size.max = 1048576 (custom)
2023-02-21 13:37:49,000 [pool-96-thread-1] INFO  server.RaftServerConfigKeys (ConfUtils.java:logGet(46)) - raft.server.log.segment.cache.num.max = 2 (custom)
2023-02-21 13:37:49,000 [pool-96-thread-1] INFO  server.RaftServerConfigKeys (ConfUtils.java:logGet(46)) - raft.server.log.segment.cache.size.max = 200MB (=209715200) (default)
2023-02-21 13:37:49,000 [pool-96-thread-1] INFO  segmented.SegmentedRaftLogWorker (SegmentedRaftLogWorker.java:<init>(189)) - new 49687013-9189-4ed6-aa07-d793b1b94e57@group-66544A672C8E-SegmentedRaftLogWorker for RaftStorageImpl:Storage Directory /home/runner/work/ozone/ozone/hadoop-ozone/integration-test/target/test-dir/MiniOzoneClusterImpl-af67ded0-52d4-4e8d-8917-e8c7ba660466/datanode-1/data/ratis/e1323921-9e81-4a82-bb73-66544a672c8e
2023-02-21 13:37:49,000 [pool-96-thread-1] INFO  server.RaftServerConfigKeys (ConfUtils.java:logGet(46)) - raft.server.log.queue.byte-limit = 4294967296 (custom)
2023-02-21 13:37:49,000 [pool-96-thread-1] INFO  server.RaftServerConfigKeys (ConfUtils.java:logGet(46)) - raft.server.log.queue.element-limit = 1024 (custom)
2023-02-21 13:37:49,000 [pool-96-thread-1] INFO  server.RaftServerConfigKeys (ConfUtils.java:logGet(46)) - raft.server.log.segment.size.max = 1048576 (custom)
2023-02-21 13:37:49,002 [pool-96-thread-1] INFO  server.RaftServerConfigKeys (ConfUtils.java:logGet(46)) - raft.server.log.preallocated.size = 16384 (custom)
2023-02-21 13:37:49,003 [pool-96-thread-1] INFO  server.RaftServerConfigKeys (ConfUtils.java:logGet(46)) - raft.server.log.force.sync.num = 128 (default)
2023-02-21 13:37:49,003 [pool-96-thread-1] INFO  server.RaftServerConfigKeys (ConfUtils.java:logGet(46)) - raft.server.log.statemachine.data.sync = true (default)
2023-02-21 13:37:49,003 [pool-96-thread-1] INFO  server.RaftServerConfigKeys (ConfUtils.java:logGet(46)) - raft.server.log.statemachine.data.sync.timeout = 10s (default)
2023-02-21 13:37:49,003 [pool-96-thread-1] INFO  server.RaftServerConfigKeys (ConfUtils.java:logGet(46)) - raft.server.log.statemachine.data.sync.timeout.retry = -1 (default)
2023-02-21 13:37:49,007 [pool-96-thread-1] INFO  server.RaftServerConfigKeys (ConfUtils.java:logGet(46)) - raft.server.log.write.buffer.size = 1048576 (custom)
2023-02-21 13:37:49,008 [pool-96-thread-1] INFO  server.RaftServerConfigKeys (ConfUtils.java:logGet(46)) - raft.server.log.appender.buffer.byte-limit = 33554432 (custom)
2023-02-21 13:37:49,015 [pool-96-thread-1] INFO  server.RaftServerConfigKeys (ConfUtils.java:logGet(46)) - raft.server.log.unsafe-flush.enabled = false (default)
2023-02-21 13:37:49,015 [pool-96-thread-1] INFO  server.RaftServerConfigKeys (ConfUtils.java:logGet(46)) - raft.server.log.async-flush.enabled = false (default)
2023-02-21 13:37:49,015 [pool-96-thread-1] INFO  server.RaftServerConfigKeys (ConfUtils.java:logGet(46)) - raft.server.log.statemachine.data.caching.enabled = true (custom)
2023-02-21 13:37:49,016 [pool-96-thread-1] INFO  segmented.SegmentedRaftLogWorker (SegmentedRaftLogWorker.java:lambda$new$0(135)) - 49687013-9189-4ed6-aa07-d793b1b94e57@group-66544A672C8E-SegmentedRaftLogWorker: flushIndex: setUnconditionally 0 -> -1
2023-02-21 13:37:49,016 [pool-96-thread-1] INFO  segmented.SegmentedRaftLogWorker (SegmentedRaftLogWorker.java:lambda$new$0(135)) - 49687013-9189-4ed6-aa07-d793b1b94e57@group-66544A672C8E-SegmentedRaftLogWorker: safeCacheEvictIndex: setUnconditionally 0 -> -1
2023-02-21 13:37:49,018 [pool-96-thread-1] INFO  server.RaftServer$Division (RaftServerImpl.java:start(334)) - 49687013-9189-4ed6-aa07-d793b1b94e57@group-66544A672C8E: start as a follower, conf=-1: peers:[49687013-9189-4ed6-aa07-d793b1b94e57|rpc:10.1.0.81:45119|dataStream:10.1.0.81:34179|priority:1|startupRole:FOLLOWER]|listeners:[], old=null
2023-02-21 13:37:49,018 [pool-96-thread-1] INFO  server.RaftServer$Division (RaftServerImpl.java:setRole(321)) - 49687013-9189-4ed6-aa07-d793b1b94e57@group-66544A672C8E: changes role from      null to FOLLOWER at term 0 for startAsFollower
2023-02-21 13:37:49,018 [pool-96-thread-1] INFO  impl.RoleInfo (RoleInfo.java:updateAndGet(139)) - 49687013-9189-4ed6-aa07-d793b1b94e57: start 49687013-9189-4ed6-aa07-d793b1b94e57@group-66544A672C8E-FollowerState
2023-02-21 13:37:49,022 [pool-96-thread-1] INFO  util.JmxRegister (JmxRegister.java:tryRegister(44)) - Successfully registered JMX Bean with object name Ratis:service=RaftServer,group=group-66544A672C8E,id=49687013-9189-4ed6-aa07-d793b1b94e57
2023-02-21 13:37:49,022 [pool-96-thread-1] INFO  server.RaftServerConfigKeys (ConfUtils.java:logGet(46)) - raft.server.snapshot.auto.trigger.enabled = true (custom)
2023-02-21 13:37:49,022 [pool-96-thread-1] INFO  server.RaftServerConfigKeys (ConfUtils.java:logGet(46)) - raft.server.snapshot.auto.trigger.threshold = 10000 (custom)
2023-02-21 13:37:49,022 [pool-96-thread-1] INFO  server.RaftServerConfigKeys (ConfUtils.java:logGet(46)) - raft.server.snapshot.retention.file.num = 5 (custom)
2023-02-21 13:37:49,022 [pool-96-thread-1] INFO  server.RaftServerConfigKeys (ConfUtils.java:logGet(46)) - raft.server.log.purge.upto.snapshot.index = false (default)
2023-02-21 13:37:49,023 [49687013-9189-4ed6-aa07-d793b1b94e57@group-66544A672C8E-FollowerState] INFO  server.RaftServerConfigKeys (ConfUtils.java:logFallback(53)) - raft.server.rpc.first-election.timeout.min = 5s (fallback to raft.server.rpc.timeout.min)
2023-02-21 13:37:49,024 [49687013-9189-4ed6-aa07-d793b1b94e57@group-66544A672C8E-FollowerState] INFO  server.RaftServerConfigKeys (ConfUtils.java:logFallback(53)) - raft.server.rpc.first-election.timeout.max = 5200ms (fallback to raft.server.rpc.timeout.max)
2023-02-21 13:37:49,024 [Command processor thread] INFO  ratis.XceiverServerRatis (XceiverServerRatis.java:addGroup(807)) - Created group PipelineID=e1323921-9e81-4a82-bb73-66544a672c8e
2023-02-21 13:37:49,024 [pool-96-thread-1] INFO  storage.RaftStorageDirectory (RaftStorageDirectoryImpl.java:analyzeStorage(137)) - The storage directory /home/runner/work/ozone/ozone/hadoop-ozone/integration-test/target/test-dir/MiniOzoneClusterImpl-af67ded0-52d4-4e8d-8917-e8c7ba660466/datanode-1/data/ratis/46c6d006-6654-477f-ba61-a02c45b6fbbe does not exist. Creating ...
2023-02-21 13:37:49,024 [Command processor thread] INFO  commandhandler.CreatePipelineCommandHandler (CreatePipelineCommandHandler.java:handle(113)) - Created Pipeline RATIS ONE PipelineID=e1323921-9e81-4a82-bb73-66544a672c8e.
2023-02-21 13:37:49,032 [Command processor thread] INFO  server.RaftServer (RaftServerProxy.java:addNew(96)) - 49687013-9189-4ed6-aa07-d793b1b94e57: addNew group-97FF8A4DCC6A:[16e51c86-b54f-4418-8274-5609a4b0e8e9|rpc:10.1.0.81:35385|dataStream:10.1.0.81:44455|priority:0|startupRole:FOLLOWER, 49687013-9189-4ed6-aa07-d793b1b94e57|rpc:10.1.0.81:45119|dataStream:10.1.0.81:34179|priority:0|startupRole:FOLLOWER, 55112d89-11b5-415b-b3d0-c3d2a8542f19|rpc:10.1.0.81:33855|dataStream:10.1.0.81:34785|priority:1|startupRole:FOLLOWER] returns group-97FF8A4DCC6A:java.util.concurrent.CompletableFuture@77b13562[Not completed]
2023-02-21 13:37:49,032 [pool-96-thread-1] INFO  storage.RaftStorageDirectory (RaftStorageDirectoryImpl.java:tryLock(231)) - Lock on /home/runner/work/ozone/ozone/hadoop-ozone/integration-test/target/test-dir/MiniOzoneClusterImpl-af67ded0-52d4-4e8d-8917-e8c7ba660466/datanode-1/data/ratis/46c6d006-6654-477f-ba61-a02c45b6fbbe/in_use.lock acquired by nodename 15258@fv-az318-260
2023-02-21 13:37:49,034 [pool-96-thread-1] INFO  storage.RaftStorage (RaftStorageImpl.java:format(96)) - Storage directory /home/runner/work/ozone/ozone/hadoop-ozone/integration-test/target/test-dir/MiniOzoneClusterImpl-af67ded0-52d4-4e8d-8917-e8c7ba660466/datanode-1/data/ratis/46c6d006-6654-477f-ba61-a02c45b6fbbe has been successfully formatted.
2023-02-21 13:37:49,034 [pool-96-thread-1] INFO  ratis.ContainerStateMachine (ContainerStateMachine.java:loadSnapshot(240)) - group-A02C45B6FBBE: The snapshot info is null. Setting the last applied indexto:(t:0, i:~)
2023-02-21 13:37:49,034 [pool-96-thread-1] INFO  server.RaftServerConfigKeys (ConfUtils.java:logGet(46)) - raft.server.log.use.memory = false (default)
2023-02-21 13:37:49,034 [pool-96-thread-1] INFO  server.RaftServerConfigKeys (ConfUtils.java:logGet(46)) - raft.server.log.purge.gap = 1000000 (custom)
2023-02-21 13:37:49,035 [pool-96-thread-1] INFO  server.RaftServerConfigKeys (ConfUtils.java:logGet(46)) - raft.server.log.appender.buffer.byte-limit = 33554432 (custom)
2023-02-21 13:37:49,035 [pool-96-thread-1] INFO  server.RaftServerConfigKeys (ConfUtils.java:logGet(46)) - raft.server.log.statemachine.data.read.timeout = 1000ms (default)
2023-02-21 13:37:49,035 [pool-96-thread-1] INFO  server.RaftServerConfigKeys (ConfUtils.java:logGet(46)) - raft.server.log.purge.preservation.log.num = 0 (default)
2023-02-21 13:37:49,035 [pool-96-thread-1] INFO  server.RaftServerConfigKeys (ConfUtils.java:logGet(46)) - raft.server.log.segment.size.max = 1048576 (custom)
2023-02-21 13:37:49,036 [pool-96-thread-1] INFO  server.RaftServerConfigKeys (ConfUtils.java:logGet(46)) - raft.server.log.segment.cache.num.max = 2 (custom)
2023-02-21 13:37:49,036 [pool-96-thread-1] INFO  server.RaftServerConfigKeys (ConfUtils.java:logGet(46)) - raft.server.log.segment.cache.size.max = 200MB (=209715200) (default)
2023-02-21 13:37:49,036 [pool-96-thread-1] INFO  segmented.SegmentedRaftLogWorker (SegmentedRaftLogWorker.java:<init>(189)) - new 49687013-9189-4ed6-aa07-d793b1b94e57@group-A02C45B6FBBE-SegmentedRaftLogWorker for RaftStorageImpl:Storage Directory /home/runner/work/ozone/ozone/hadoop-ozone/integration-test/target/test-dir/MiniOzoneClusterImpl-af67ded0-52d4-4e8d-8917-e8c7ba660466/datanode-1/data/ratis/46c6d006-6654-477f-ba61-a02c45b6fbbe
2023-02-21 13:37:49,036 [pool-96-thread-1] INFO  server.RaftServerConfigKeys (ConfUtils.java:logGet(46)) - raft.server.log.queue.byte-limit = 4294967296 (custom)
2023-02-21 13:37:49,036 [pool-96-thread-1] INFO  server.RaftServerConfigKeys (ConfUtils.java:logGet(46)) - raft.server.log.queue.element-limit = 1024 (custom)
2023-02-21 13:37:49,036 [pool-96-thread-1] INFO  server.RaftServerConfigKeys (ConfUtils.java:logGet(46)) - raft.server.log.segment.size.max = 1048576 (custom)
2023-02-21 13:37:49,036 [pool-96-thread-1] INFO  server.RaftServerConfigKeys (ConfUtils.java:logGet(46)) - raft.server.log.preallocated.size = 16384 (custom)
2023-02-21 13:37:49,036 [pool-96-thread-1] INFO  server.RaftServerConfigKeys (ConfUtils.java:logGet(46)) - raft.server.log.force.sync.num = 128 (default)
2023-02-21 13:37:49,036 [pool-96-thread-1] INFO  server.RaftServerConfigKeys (ConfUtils.java:logGet(46)) - raft.server.log.statemachine.data.sync = true (default)
2023-02-21 13:37:49,036 [pool-96-thread-1] INFO  server.RaftServerConfigKeys (ConfUtils.java:logGet(46)) - raft.server.log.statemachine.data.sync.timeout = 10s (default)
2023-02-21 13:37:49,036 [pool-96-thread-1] INFO  server.RaftServerConfigKeys (ConfUtils.java:logGet(46)) - raft.server.log.statemachine.data.sync.timeout.retry = -1 (default)
2023-02-21 13:37:49,038 [pool-96-thread-1] INFO  server.RaftServerConfigKeys (ConfUtils.java:logGet(46)) - raft.server.log.write.buffer.size = 1048576 (custom)
2023-02-21 13:37:49,038 [pool-96-thread-1] INFO  server.RaftServerConfigKeys (ConfUtils.java:logGet(46)) - raft.server.log.appender.buffer.byte-limit = 33554432 (custom)
2023-02-21 13:37:49,043 [pool-96-thread-1] INFO  server.RaftServerConfigKeys (ConfUtils.java:logGet(46)) - raft.server.log.unsafe-flush.enabled = false (default)
2023-02-21 13:37:49,043 [pool-96-thread-1] INFO  server.RaftServerConfigKeys (ConfUtils.java:logGet(46)) - raft.server.log.async-flush.enabled = false (default)
2023-02-21 13:37:49,043 [pool-96-thread-1] INFO  server.RaftServerConfigKeys (ConfUtils.java:logGet(46)) - raft.server.log.statemachine.data.caching.enabled = true (custom)
2023-02-21 13:37:49,044 [pool-96-thread-1] INFO  segmented.SegmentedRaftLogWorker (SegmentedRaftLogWorker.java:lambda$new$0(135)) - 49687013-9189-4ed6-aa07-d793b1b94e57@group-A02C45B6FBBE-SegmentedRaftLogWorker: flushIndex: setUnconditionally 0 -> -1
2023-02-21 13:37:49,044 [pool-96-thread-1] INFO  segmented.SegmentedRaftLogWorker (SegmentedRaftLogWorker.java:lambda$new$0(135)) - 49687013-9189-4ed6-aa07-d793b1b94e57@group-A02C45B6FBBE-SegmentedRaftLogWorker: safeCacheEvictIndex: setUnconditionally 0 -> -1
2023-02-21 13:37:49,055 [pool-96-thread-1] INFO  server.RaftServer$Division (RaftServerImpl.java:start(334)) - 49687013-9189-4ed6-aa07-d793b1b94e57@group-A02C45B6FBBE: start as a follower, conf=-1: peers:[16e51c86-b54f-4418-8274-5609a4b0e8e9|rpc:10.1.0.81:35385|dataStream:10.1.0.81:44455|priority:1|startupRole:FOLLOWER, 49687013-9189-4ed6-aa07-d793b1b94e57|rpc:10.1.0.81:45119|dataStream:10.1.0.81:34179|priority:0|startupRole:FOLLOWER, 55112d89-11b5-415b-b3d0-c3d2a8542f19|rpc:10.1.0.81:33855|dataStream:10.1.0.81:34785|priority:0|startupRole:FOLLOWER]|listeners:[], old=null
2023-02-21 13:37:49,055 [pool-96-thread-1] INFO  server.RaftServer$Division (RaftServerImpl.java:setRole(321)) - 49687013-9189-4ed6-aa07-d793b1b94e57@group-A02C45B6FBBE: changes role from      null to FOLLOWER at term 0 for startAsFollower
2023-02-21 13:37:49,055 [pool-96-thread-1] INFO  impl.RoleInfo (RoleInfo.java:updateAndGet(139)) - 49687013-9189-4ed6-aa07-d793b1b94e57: start 49687013-9189-4ed6-aa07-d793b1b94e57@group-A02C45B6FBBE-FollowerState
2023-02-21 13:37:49,056 [pool-96-thread-1] INFO  util.JmxRegister (JmxRegister.java:tryRegister(44)) - Successfully registered JMX Bean with object name Ratis:service=RaftServer,group=group-A02C45B6FBBE,id=49687013-9189-4ed6-aa07-d793b1b94e57
2023-02-21 13:37:49,056 [pool-96-thread-1] INFO  server.RaftServerConfigKeys (ConfUtils.java:logGet(46)) - raft.server.snapshot.auto.trigger.enabled = true (custom)
2023-02-21 13:37:49,056 [pool-96-thread-1] INFO  server.RaftServerConfigKeys (ConfUtils.java:logGet(46)) - raft.server.snapshot.auto.trigger.threshold = 10000 (custom)
2023-02-21 13:37:49,056 [pool-96-thread-1] INFO  server.RaftServerConfigKeys (ConfUtils.java:logGet(46)) - raft.server.snapshot.retention.file.num = 5 (custom)
2023-02-21 13:37:49,056 [pool-96-thread-1] INFO  server.RaftServerConfigKeys (ConfUtils.java:logGet(46)) - raft.server.log.purge.upto.snapshot.index = false (default)
2023-02-21 13:37:49,058 [EventQueue-OpenPipelineForHealthyPipelineSafeModeRule] INFO  safemode.SCMSafeModeManager (HealthyPipelineSafeModeRule.java:process(137)) - SCM in safe mode. Healthy pipelines reported count is 0, required healthy pipeline reported count is 1
2023-02-21 13:37:49,061 [49687013-9189-4ed6-aa07-d793b1b94e57@group-A02C45B6FBBE-FollowerState] INFO  server.RaftServerConfigKeys (ConfUtils.java:logFallback(53)) - raft.server.rpc.first-election.timeout.min = 5s (fallback to raft.server.rpc.timeout.min)
2023-02-21 13:37:49,061 [49687013-9189-4ed6-aa07-d793b1b94e57@group-A02C45B6FBBE-FollowerState] INFO  server.RaftServerConfigKeys (ConfUtils.java:logFallback(53)) - raft.server.rpc.first-election.timeout.max = 5200ms (fallback to raft.server.rpc.timeout.max)
2023-02-21 13:37:49,061 [pool-96-thread-1] INFO  server.RaftServer$Division (RaftServerImpl.java:<init>(195)) - 49687013-9189-4ed6-aa07-d793b1b94e57: new RaftServerImpl for group-97FF8A4DCC6A:[16e51c86-b54f-4418-8274-5609a4b0e8e9|rpc:10.1.0.81:35385|dataStream:10.1.0.81:44455|priority:0|startupRole:FOLLOWER, 49687013-9189-4ed6-aa07-d793b1b94e57|rpc:10.1.0.81:45119|dataStream:10.1.0.81:34179|priority:0|startupRole:FOLLOWER, 55112d89-11b5-415b-b3d0-c3d2a8542f19|rpc:10.1.0.81:33855|dataStream:10.1.0.81:34785|priority:1|startupRole:FOLLOWER] with ContainerStateMachine:uninitialized
2023-02-21 13:37:49,063 [pool-96-thread-1] INFO  server.RaftServerConfigKeys (ConfUtils.java:logGet(46)) - raft.server.rpc.timeout.min = 5s (custom)
2023-02-21 13:37:49,063 [pool-96-thread-1] INFO  server.RaftServerConfigKeys (ConfUtils.java:logGet(46)) - raft.server.rpc.timeout.max = 5200ms (custom)
2023-02-21 13:37:49,064 [pool-96-thread-1] INFO  server.RaftServerConfigKeys (ConfUtils.java:logGet(46)) - raft.server.rpc.sleep.time = 25ms (default)
2023-02-21 13:37:49,064 [pool-96-thread-1] INFO  server.RaftServerConfigKeys (ConfUtils.java:logGet(46)) - raft.server.rpc.slowness.timeout = 300s (custom)
2023-02-21 13:37:49,064 [pool-96-thread-1] INFO  server.RaftServerConfigKeys (ConfUtils.java:logGet(46)) - raft.server.leaderelection.leader.step-down.wait-time = 10s (default)
2023-02-21 13:37:49,064 [pool-96-thread-1] INFO  server.RaftServerConfigKeys (ConfUtils.java:logGet(46)) - raft.server.sleep.deviation.threshold = 300ms (default)
2023-02-21 13:37:49,064 [pool-96-thread-1] INFO  server.RaftServer$Division (ServerState.java:<init>(118)) - 49687013-9189-4ed6-aa07-d793b1b94e57@group-97FF8A4DCC6A: ConfigurationManager, init=-1: peers:[16e51c86-b54f-4418-8274-5609a4b0e8e9|rpc:10.1.0.81:35385|dataStream:10.1.0.81:44455|priority:0|startupRole:FOLLOWER, 49687013-9189-4ed6-aa07-d793b1b94e57|rpc:10.1.0.81:45119|dataStream:10.1.0.81:34179|priority:0|startupRole:FOLLOWER, 55112d89-11b5-415b-b3d0-c3d2a8542f19|rpc:10.1.0.81:33855|dataStream:10.1.0.81:34785|priority:1|startupRole:FOLLOWER]|listeners:[], old=null, confs=<EMPTY_MAP>
2023-02-21 13:37:49,064 [pool-96-thread-1] INFO  server.RaftServerConfigKeys (ConfUtils.java:logGet(46)) - raft.server.storage.dir = [/home/runner/work/ozone/ozone/hadoop-ozone/integration-test/target/test-dir/MiniOzoneClusterImpl-af67ded0-52d4-4e8d-8917-e8c7ba660466/datanode-1/data/ratis] (custom)
2023-02-21 13:37:49,065 [pool-96-thread-1] INFO  server.RaftServerConfigKeys (ConfUtils.java:logGet(46)) - raft.server.log.corruption.policy = EXCEPTION (default)
2023-02-21 13:37:49,071 [pool-96-thread-1] INFO  server.RaftServerConfigKeys (ConfUtils.java:logGet(46)) - raft.server.storage.free-space.min = 0MB (=0) (default)
2023-02-21 13:37:49,071 [Command processor thread] INFO  commandhandler.CreatePipelineCommandHandler (CreatePipelineCommandHandler.java:handle(113)) - Created Pipeline RATIS THREE PipelineID=46c6d006-6654-477f-ba61-a02c45b6fbbe.
2023-02-21 13:37:49,072 [Command processor thread] INFO  server.RaftServer (RaftServerProxy.java:addNew(96)) - 55112d89-11b5-415b-b3d0-c3d2a8542f19: addNew group-97FF8A4DCC6A:[16e51c86-b54f-4418-8274-5609a4b0e8e9|rpc:10.1.0.81:35385|dataStream:10.1.0.81:44455|priority:0|startupRole:FOLLOWER, 49687013-9189-4ed6-aa07-d793b1b94e57|rpc:10.1.0.81:45119|dataStream:10.1.0.81:34179|priority:0|startupRole:FOLLOWER, 55112d89-11b5-415b-b3d0-c3d2a8542f19|rpc:10.1.0.81:33855|dataStream:10.1.0.81:34785|priority:1|startupRole:FOLLOWER] returns group-97FF8A4DCC6A:java.util.concurrent.CompletableFuture@2bbb2df6[Not completed]
2023-02-21 13:37:49,073 [pool-74-thread-1] INFO  server.RaftServer$Division (RaftServerImpl.java:<init>(195)) - 55112d89-11b5-415b-b3d0-c3d2a8542f19: new RaftServerImpl for group-97FF8A4DCC6A:[16e51c86-b54f-4418-8274-5609a4b0e8e9|rpc:10.1.0.81:35385|dataStream:10.1.0.81:44455|priority:0|startupRole:FOLLOWER, 49687013-9189-4ed6-aa07-d793b1b94e57|rpc:10.1.0.81:45119|dataStream:10.1.0.81:34179|priority:0|startupRole:FOLLOWER, 55112d89-11b5-415b-b3d0-c3d2a8542f19|rpc:10.1.0.81:33855|dataStream:10.1.0.81:34785|priority:1|startupRole:FOLLOWER] with ContainerStateMachine:uninitialized
2023-02-21 13:37:49,073 [pool-74-thread-1] INFO  server.RaftServerConfigKeys (ConfUtils.java:logGet(46)) - raft.server.rpc.timeout.min = 5s (custom)
2023-02-21 13:37:49,074 [pool-74-thread-1] INFO  server.RaftServerConfigKeys (ConfUtils.java:logGet(46)) - raft.server.rpc.timeout.max = 5200ms (custom)
2023-02-21 13:37:49,074 [pool-74-thread-1] INFO  server.RaftServerConfigKeys (ConfUtils.java:logGet(46)) - raft.server.rpc.sleep.time = 25ms (default)
2023-02-21 13:37:49,074 [pool-74-thread-1] INFO  server.RaftServerConfigKeys (ConfUtils.java:logGet(46)) - raft.server.rpc.slowness.timeout = 300s (custom)
2023-02-21 13:37:49,074 [pool-74-thread-1] INFO  server.RaftServerConfigKeys (ConfUtils.java:logGet(46)) - raft.server.leaderelection.leader.step-down.wait-time = 10s (default)
2023-02-21 13:37:49,074 [pool-74-thread-1] INFO  server.RaftServerConfigKeys (ConfUtils.java:logGet(46)) - raft.server.sleep.deviation.threshold = 300ms (default)
2023-02-21 13:37:49,074 [pool-74-thread-1] INFO  server.RaftServer$Division (ServerState.java:<init>(118)) - 55112d89-11b5-415b-b3d0-c3d2a8542f19@group-97FF8A4DCC6A: ConfigurationManager, init=-1: peers:[16e51c86-b54f-4418-8274-5609a4b0e8e9|rpc:10.1.0.81:35385|dataStream:10.1.0.81:44455|priority:0|startupRole:FOLLOWER, 49687013-9189-4ed6-aa07-d793b1b94e57|rpc:10.1.0.81:45119|dataStream:10.1.0.81:34179|priority:0|startupRole:FOLLOWER, 55112d89-11b5-415b-b3d0-c3d2a8542f19|rpc:10.1.0.81:33855|dataStream:10.1.0.81:34785|priority:1|startupRole:FOLLOWER]|listeners:[], old=null, confs=<EMPTY_MAP>
2023-02-21 13:37:49,074 [pool-74-thread-1] INFO  server.RaftServerConfigKeys (ConfUtils.java:logGet(46)) - raft.server.storage.dir = [/home/runner/work/ozone/ozone/hadoop-ozone/integration-test/target/test-dir/MiniOzoneClusterImpl-af67ded0-52d4-4e8d-8917-e8c7ba660466/datanode-0/data/ratis] (custom)
2023-02-21 13:37:49,074 [pool-74-thread-1] INFO  server.RaftServerConfigKeys (ConfUtils.java:logGet(46)) - raft.server.log.corruption.policy = EXCEPTION (default)
2023-02-21 13:37:49,074 [pool-74-thread-1] INFO  server.RaftServerConfigKeys (ConfUtils.java:logGet(46)) - raft.server.storage.free-space.min = 0MB (=0) (default)
2023-02-21 13:37:49,075 [pool-74-thread-1] INFO  server.RaftServerConfigKeys (ConfUtils.java:logGet(46)) - raft.server.notification.no-leader.timeout = 300s (custom)
2023-02-21 13:37:49,075 [pool-74-thread-1] INFO  server.RaftServerConfigKeys (ConfUtils.java:logGet(46)) - raft.server.retrycache.expirytime = 600000ms (custom)
2023-02-21 13:37:49,075 [pool-74-thread-1] INFO  server.RaftServerConfigKeys (ConfUtils.java:logGet(46)) - raft.server.retrycache.statistics.expirytime = 100μs (default)
2023-02-21 13:37:49,076 [pool-74-thread-1] INFO  server.RaftServerConfigKeys (ConfUtils.java:logGet(46)) - raft.server.log.appender.install.snapshot.enabled = false (custom)
2023-02-21 13:37:49,076 [pool-74-thread-1] INFO  server.RaftServerConfigKeys (ConfUtils.java:logGet(46)) - raft.server.threadpool.server.cached = true (default)
2023-02-21 13:37:49,076 [pool-74-thread-1] INFO  server.RaftServerConfigKeys (ConfUtils.java:logGet(46)) - raft.server.threadpool.server.size = 0 (default)
2023-02-21 13:37:49,076 [pool-74-thread-1] INFO  server.RaftServerConfigKeys (ConfUtils.java:logGet(46)) - raft.server.threadpool.client.cached = true (default)
2023-02-21 13:37:49,076 [pool-74-thread-1] INFO  server.RaftServerConfigKeys (ConfUtils.java:logGet(46)) - raft.server.threadpool.client.size = 0 (default)
2023-02-21 13:37:49,077 [pool-74-thread-1] INFO  storage.RaftStorageDirectory (RaftStorageDirectoryImpl.java:analyzeStorage(137)) - The storage directory /home/runner/work/ozone/ozone/hadoop-ozone/integration-test/target/test-dir/MiniOzoneClusterImpl-af67ded0-52d4-4e8d-8917-e8c7ba660466/datanode-0/data/ratis/40e47288-7291-4d7a-8a49-97ff8a4dcc6a does not exist. Creating ...
2023-02-21 13:37:49,077 [pool-96-thread-1] INFO  server.RaftServerConfigKeys (ConfUtils.java:logGet(46)) - raft.server.notification.no-leader.timeout = 300s (custom)
2023-02-21 13:37:49,078 [pool-96-thread-1] INFO  server.RaftServerConfigKeys (ConfUtils.java:logGet(46)) - raft.server.retrycache.expirytime = 600000ms (custom)
2023-02-21 13:37:49,078 [pool-96-thread-1] INFO  server.RaftServerConfigKeys (ConfUtils.java:logGet(46)) - raft.server.retrycache.statistics.expirytime = 100μs (default)
2023-02-21 13:37:49,079 [pool-74-thread-1] INFO  storage.RaftStorageDirectory (RaftStorageDirectoryImpl.java:tryLock(231)) - Lock on /home/runner/work/ozone/ozone/hadoop-ozone/integration-test/target/test-dir/MiniOzoneClusterImpl-af67ded0-52d4-4e8d-8917-e8c7ba660466/datanode-0/data/ratis/40e47288-7291-4d7a-8a49-97ff8a4dcc6a/in_use.lock acquired by nodename 15258@fv-az318-260
2023-02-21 13:37:49,080 [pool-96-thread-1] INFO  server.RaftServerConfigKeys (ConfUtils.java:logGet(46)) - raft.server.log.appender.install.snapshot.enabled = false (custom)
2023-02-21 13:37:49,080 [pool-96-thread-1] INFO  server.RaftServerConfigKeys (ConfUtils.java:logGet(46)) - raft.server.threadpool.server.cached = true (default)
2023-02-21 13:37:49,080 [pool-96-thread-1] INFO  server.RaftServerConfigKeys (ConfUtils.java:logGet(46)) - raft.server.threadpool.server.size = 0 (default)
2023-02-21 13:37:49,080 [pool-96-thread-1] INFO  server.RaftServerConfigKeys (ConfUtils.java:logGet(46)) - raft.server.threadpool.client.cached = true (default)
2023-02-21 13:37:49,080 [pool-96-thread-1] INFO  server.RaftServerConfigKeys (ConfUtils.java:logGet(46)) - raft.server.threadpool.client.size = 0 (default)
2023-02-21 13:37:49,080 [pool-96-thread-1] INFO  storage.RaftStorageDirectory (RaftStorageDirectoryImpl.java:analyzeStorage(137)) - The storage directory /home/runner/work/ozone/ozone/hadoop-ozone/integration-test/target/test-dir/MiniOzoneClusterImpl-af67ded0-52d4-4e8d-8917-e8c7ba660466/datanode-1/data/ratis/40e47288-7291-4d7a-8a49-97ff8a4dcc6a does not exist. Creating ...
2023-02-21 13:37:49,082 [pool-74-thread-1] INFO  storage.RaftStorage (RaftStorageImpl.java:format(96)) - Storage directory /home/runner/work/ozone/ozone/hadoop-ozone/integration-test/target/test-dir/MiniOzoneClusterImpl-af67ded0-52d4-4e8d-8917-e8c7ba660466/datanode-0/data/ratis/40e47288-7291-4d7a-8a49-97ff8a4dcc6a has been successfully formatted.
2023-02-21 13:37:49,083 [pool-96-thread-1] INFO  storage.RaftStorageDirectory (RaftStorageDirectoryImpl.java:tryLock(231)) - Lock on /home/runner/work/ozone/ozone/hadoop-ozone/integration-test/target/test-dir/MiniOzoneClusterImpl-af67ded0-52d4-4e8d-8917-e8c7ba660466/datanode-1/data/ratis/40e47288-7291-4d7a-8a49-97ff8a4dcc6a/in_use.lock acquired by nodename 15258@fv-az318-260
2023-02-21 13:37:49,083 [pool-74-thread-1] INFO  ratis.ContainerStateMachine (ContainerStateMachine.java:loadSnapshot(240)) - group-97FF8A4DCC6A: The snapshot info is null. Setting the last applied indexto:(t:0, i:~)
2023-02-21 13:37:49,083 [pool-74-thread-1] INFO  server.RaftServerConfigKeys (ConfUtils.java:logGet(46)) - raft.server.log.use.memory = false (default)
2023-02-21 13:37:49,083 [pool-74-thread-1] INFO  server.RaftServerConfigKeys (ConfUtils.java:logGet(46)) - raft.server.log.purge.gap = 1000000 (custom)
2023-02-21 13:37:49,083 [pool-74-thread-1] INFO  server.RaftServerConfigKeys (ConfUtils.java:logGet(46)) - raft.server.log.appender.buffer.byte-limit = 33554432 (custom)
2023-02-21 13:37:49,083 [pool-74-thread-1] INFO  server.RaftServerConfigKeys (ConfUtils.java:logGet(46)) - raft.server.log.statemachine.data.read.timeout = 1000ms (default)
2023-02-21 13:37:49,083 [pool-74-thread-1] INFO  server.RaftServerConfigKeys (ConfUtils.java:logGet(46)) - raft.server.log.purge.preservation.log.num = 0 (default)
2023-02-21 13:37:49,084 [pool-74-thread-1] INFO  server.RaftServerConfigKeys (ConfUtils.java:logGet(46)) - raft.server.log.segment.size.max = 1048576 (custom)
2023-02-21 13:37:49,088 [pool-96-thread-1] INFO  storage.RaftStorage (RaftStorageImpl.java:format(96)) - Storage directory /home/runner/work/ozone/ozone/hadoop-ozone/integration-test/target/test-dir/MiniOzoneClusterImpl-af67ded0-52d4-4e8d-8917-e8c7ba660466/datanode-1/data/ratis/40e47288-7291-4d7a-8a49-97ff8a4dcc6a has been successfully formatted.
2023-02-21 13:37:49,089 [pool-96-thread-1] INFO  ratis.ContainerStateMachine (ContainerStateMachine.java:loadSnapshot(240)) - group-97FF8A4DCC6A: The snapshot info is null. Setting the last applied indexto:(t:0, i:~)
2023-02-21 13:37:49,089 [pool-96-thread-1] INFO  server.RaftServerConfigKeys (ConfUtils.java:logGet(46)) - raft.server.log.use.memory = false (default)
2023-02-21 13:37:49,089 [pool-96-thread-1] INFO  server.RaftServerConfigKeys (ConfUtils.java:logGet(46)) - raft.server.log.purge.gap = 1000000 (custom)
2023-02-21 13:37:49,089 [pool-96-thread-1] INFO  server.RaftServerConfigKeys (ConfUtils.java:logGet(46)) - raft.server.log.appender.buffer.byte-limit = 33554432 (custom)
2023-02-21 13:37:49,089 [pool-96-thread-1] INFO  server.RaftServerConfigKeys (ConfUtils.java:logGet(46)) - raft.server.log.statemachine.data.read.timeout = 1000ms (default)
2023-02-21 13:37:49,089 [pool-96-thread-1] INFO  server.RaftServerConfigKeys (ConfUtils.java:logGet(46)) - raft.server.log.purge.preservation.log.num = 0 (default)
2023-02-21 13:37:49,089 [pool-96-thread-1] INFO  server.RaftServerConfigKeys (ConfUtils.java:logGet(46)) - raft.server.log.segment.size.max = 1048576 (custom)
2023-02-21 13:37:49,090 [pool-96-thread-1] INFO  server.RaftServerConfigKeys (ConfUtils.java:logGet(46)) - raft.server.log.segment.cache.num.max = 2 (custom)
2023-02-21 13:37:49,090 [pool-96-thread-1] INFO  server.RaftServerConfigKeys (ConfUtils.java:logGet(46)) - raft.server.log.segment.cache.size.max = 200MB (=209715200) (default)
2023-02-21 13:37:49,090 [pool-96-thread-1] INFO  segmented.SegmentedRaftLogWorker (SegmentedRaftLogWorker.java:<init>(189)) - new 49687013-9189-4ed6-aa07-d793b1b94e57@group-97FF8A4DCC6A-SegmentedRaftLogWorker for RaftStorageImpl:Storage Directory /home/runner/work/ozone/ozone/hadoop-ozone/integration-test/target/test-dir/MiniOzoneClusterImpl-af67ded0-52d4-4e8d-8917-e8c7ba660466/datanode-1/data/ratis/40e47288-7291-4d7a-8a49-97ff8a4dcc6a
2023-02-21 13:37:49,090 [pool-96-thread-1] INFO  server.RaftServerConfigKeys (ConfUtils.java:logGet(46)) - raft.server.log.queue.byte-limit = 4294967296 (custom)
2023-02-21 13:37:49,090 [pool-96-thread-1] INFO  server.RaftServerConfigKeys (ConfUtils.java:logGet(46)) - raft.server.log.queue.element-limit = 1024 (custom)
2023-02-21 13:37:49,090 [pool-96-thread-1] INFO  server.RaftServerConfigKeys (ConfUtils.java:logGet(46)) - raft.server.log.segment.size.max = 1048576 (custom)
2023-02-21 13:37:49,090 [pool-96-thread-1] INFO  server.RaftServerConfigKeys (ConfUtils.java:logGet(46)) - raft.server.log.preallocated.size = 16384 (custom)
2023-02-21 13:37:49,090 [pool-96-thread-1] INFO  server.RaftServerConfigKeys (ConfUtils.java:logGet(46)) - raft.server.log.force.sync.num = 128 (default)
2023-02-21 13:37:49,090 [pool-96-thread-1] INFO  server.RaftServerConfigKeys (ConfUtils.java:logGet(46)) - raft.server.log.statemachine.data.sync = true (default)
2023-02-21 13:37:49,090 [pool-96-thread-1] INFO  server.RaftServerConfigKeys (ConfUtils.java:logGet(46)) - raft.server.log.statemachine.data.sync.timeout = 10s (default)
2023-02-21 13:37:49,091 [pool-96-thread-1] INFO  server.RaftServerConfigKeys (ConfUtils.java:logGet(46)) - raft.server.log.statemachine.data.sync.timeout.retry = -1 (default)
2023-02-21 13:37:49,093 [EventQueue-OpenPipelineForHealthyPipelineSafeModeRule] INFO  safemode.SCMSafeModeManager (HealthyPipelineSafeModeRule.java:process(137)) - SCM in safe mode. Healthy pipelines reported count is 0, required healthy pipeline reported count is 1
2023-02-21 13:37:49,095 [EventQueue-OpenPipelineForHealthyPipelineSafeModeRule] INFO  safemode.SCMSafeModeManager (HealthyPipelineSafeModeRule.java:process(137)) - SCM in safe mode. Healthy pipelines reported count is 0, required healthy pipeline reported count is 1
2023-02-21 13:37:49,096 [pool-96-thread-1] INFO  server.RaftServerConfigKeys (ConfUtils.java:logGet(46)) - raft.server.log.write.buffer.size = 1048576 (custom)
2023-02-21 13:37:49,097 [pool-96-thread-1] INFO  server.RaftServerConfigKeys (ConfUtils.java:logGet(46)) - raft.server.log.appender.buffer.byte-limit = 33554432 (custom)
2023-02-21 13:37:49,097 [pool-74-thread-1] INFO  server.RaftServerConfigKeys (ConfUtils.java:logGet(46)) - raft.server.log.segment.cache.num.max = 2 (custom)
2023-02-21 13:37:49,097 [pool-74-thread-1] INFO  server.RaftServerConfigKeys (ConfUtils.java:logGet(46)) - raft.server.log.segment.cache.size.max = 200MB (=209715200) (default)
2023-02-21 13:37:49,097 [pool-74-thread-1] INFO  segmented.SegmentedRaftLogWorker (SegmentedRaftLogWorker.java:<init>(189)) - new 55112d89-11b5-415b-b3d0-c3d2a8542f19@group-97FF8A4DCC6A-SegmentedRaftLogWorker for RaftStorageImpl:Storage Directory /home/runner/work/ozone/ozone/hadoop-ozone/integration-test/target/test-dir/MiniOzoneClusterImpl-af67ded0-52d4-4e8d-8917-e8c7ba660466/datanode-0/data/ratis/40e47288-7291-4d7a-8a49-97ff8a4dcc6a
2023-02-21 13:37:49,097 [pool-74-thread-1] INFO  server.RaftServerConfigKeys (ConfUtils.java:logGet(46)) - raft.server.log.queue.byte-limit = 4294967296 (custom)
2023-02-21 13:37:49,098 [pool-74-thread-1] INFO  server.RaftServerConfigKeys (ConfUtils.java:logGet(46)) - raft.server.log.queue.element-limit = 1024 (custom)
2023-02-21 13:37:49,098 [pool-74-thread-1] INFO  server.RaftServerConfigKeys (ConfUtils.java:logGet(46)) - raft.server.log.segment.size.max = 1048576 (custom)
2023-02-21 13:37:49,098 [pool-74-thread-1] INFO  server.RaftServerConfigKeys (ConfUtils.java:logGet(46)) - raft.server.log.preallocated.size = 16384 (custom)
2023-02-21 13:37:49,098 [pool-74-thread-1] INFO  server.RaftServerConfigKeys (ConfUtils.java:logGet(46)) - raft.server.log.force.sync.num = 128 (default)
2023-02-21 13:37:49,098 [pool-74-thread-1] INFO  server.RaftServerConfigKeys (ConfUtils.java:logGet(46)) - raft.server.log.statemachine.data.sync = true (default)
2023-02-21 13:37:49,098 [pool-74-thread-1] INFO  server.RaftServerConfigKeys (ConfUtils.java:logGet(46)) - raft.server.log.statemachine.data.sync.timeout = 10s (default)
2023-02-21 13:37:49,098 [pool-74-thread-1] INFO  server.RaftServerConfigKeys (ConfUtils.java:logGet(46)) - raft.server.log.statemachine.data.sync.timeout.retry = -1 (default)
2023-02-21 13:37:49,099 [pool-74-thread-1] INFO  server.RaftServerConfigKeys (ConfUtils.java:logGet(46)) - raft.server.log.write.buffer.size = 1048576 (custom)
2023-02-21 13:37:49,100 [pool-74-thread-1] INFO  server.RaftServerConfigKeys (ConfUtils.java:logGet(46)) - raft.server.log.appender.buffer.byte-limit = 33554432 (custom)
2023-02-21 13:37:49,102 [pool-96-thread-1] INFO  server.RaftServerConfigKeys (ConfUtils.java:logGet(46)) - raft.server.log.unsafe-flush.enabled = false (default)
2023-02-21 13:37:49,106 [pool-96-thread-1] INFO  server.RaftServerConfigKeys (ConfUtils.java:logGet(46)) - raft.server.log.async-flush.enabled = false (default)
2023-02-21 13:37:49,106 [pool-74-thread-1] INFO  server.RaftServerConfigKeys (ConfUtils.java:logGet(46)) - raft.server.log.unsafe-flush.enabled = false (default)
2023-02-21 13:37:49,106 [pool-96-thread-1] INFO  server.RaftServerConfigKeys (ConfUtils.java:logGet(46)) - raft.server.log.statemachine.data.caching.enabled = true (custom)
2023-02-21 13:37:49,106 [pool-74-thread-1] INFO  server.RaftServerConfigKeys (ConfUtils.java:logGet(46)) - raft.server.log.async-flush.enabled = false (default)
2023-02-21 13:37:49,107 [pool-74-thread-1] INFO  server.RaftServerConfigKeys (ConfUtils.java:logGet(46)) - raft.server.log.statemachine.data.caching.enabled = true (custom)
2023-02-21 13:37:49,107 [pool-96-thread-1] INFO  segmented.SegmentedRaftLogWorker (SegmentedRaftLogWorker.java:lambda$new$0(135)) - 49687013-9189-4ed6-aa07-d793b1b94e57@group-97FF8A4DCC6A-SegmentedRaftLogWorker: flushIndex: setUnconditionally 0 -> -1
2023-02-21 13:37:49,107 [pool-74-thread-1] INFO  segmented.SegmentedRaftLogWorker (SegmentedRaftLogWorker.java:lambda$new$0(135)) - 55112d89-11b5-415b-b3d0-c3d2a8542f19@group-97FF8A4DCC6A-SegmentedRaftLogWorker: flushIndex: setUnconditionally 0 -> -1
2023-02-21 13:37:49,107 [pool-96-thread-1] INFO  segmented.SegmentedRaftLogWorker (SegmentedRaftLogWorker.java:lambda$new$0(135)) - 49687013-9189-4ed6-aa07-d793b1b94e57@group-97FF8A4DCC6A-SegmentedRaftLogWorker: safeCacheEvictIndex: setUnconditionally 0 -> -1
2023-02-21 13:37:49,107 [pool-74-thread-1] INFO  segmented.SegmentedRaftLogWorker (SegmentedRaftLogWorker.java:lambda$new$0(135)) - 55112d89-11b5-415b-b3d0-c3d2a8542f19@group-97FF8A4DCC6A-SegmentedRaftLogWorker: safeCacheEvictIndex: setUnconditionally 0 -> -1
2023-02-21 13:37:49,107 [pool-96-thread-1] INFO  server.RaftServer$Division (RaftServerImpl.java:start(334)) - 49687013-9189-4ed6-aa07-d793b1b94e57@group-97FF8A4DCC6A: start as a follower, conf=-1: peers:[16e51c86-b54f-4418-8274-5609a4b0e8e9|rpc:10.1.0.81:35385|dataStream:10.1.0.81:44455|priority:0|startupRole:FOLLOWER, 49687013-9189-4ed6-aa07-d793b1b94e57|rpc:10.1.0.81:45119|dataStream:10.1.0.81:34179|priority:0|startupRole:FOLLOWER, 55112d89-11b5-415b-b3d0-c3d2a8542f19|rpc:10.1.0.81:33855|dataStream:10.1.0.81:34785|priority:1|startupRole:FOLLOWER]|listeners:[], old=null
2023-02-21 13:37:49,107 [pool-74-thread-1] INFO  server.RaftServer$Division (RaftServerImpl.java:start(334)) - 55112d89-11b5-415b-b3d0-c3d2a8542f19@group-97FF8A4DCC6A: start as a follower, conf=-1: peers:[16e51c86-b54f-4418-8274-5609a4b0e8e9|rpc:10.1.0.81:35385|dataStream:10.1.0.81:44455|priority:0|startupRole:FOLLOWER, 49687013-9189-4ed6-aa07-d793b1b94e57|rpc:10.1.0.81:45119|dataStream:10.1.0.81:34179|priority:0|startupRole:FOLLOWER, 55112d89-11b5-415b-b3d0-c3d2a8542f19|rpc:10.1.0.81:33855|dataStream:10.1.0.81:34785|priority:1|startupRole:FOLLOWER]|listeners:[], old=null
2023-02-21 13:37:49,107 [pool-96-thread-1] INFO  server.RaftServer$Division (RaftServerImpl.java:setRole(321)) - 49687013-9189-4ed6-aa07-d793b1b94e57@group-97FF8A4DCC6A: changes role from      null to FOLLOWER at term 0 for startAsFollower
2023-02-21 13:37:49,107 [pool-74-thread-1] INFO  server.RaftServer$Division (RaftServerImpl.java:setRole(321)) - 55112d89-11b5-415b-b3d0-c3d2a8542f19@group-97FF8A4DCC6A: changes role from      null to FOLLOWER at term 0 for startAsFollower
2023-02-21 13:37:49,114 [pool-74-thread-1] INFO  impl.RoleInfo (RoleInfo.java:updateAndGet(139)) - 55112d89-11b5-415b-b3d0-c3d2a8542f19: start 55112d89-11b5-415b-b3d0-c3d2a8542f19@group-97FF8A4DCC6A-FollowerState
2023-02-21 13:37:49,111 [pool-96-thread-1] INFO  impl.RoleInfo (RoleInfo.java:updateAndGet(139)) - 49687013-9189-4ed6-aa07-d793b1b94e57: start 49687013-9189-4ed6-aa07-d793b1b94e57@group-97FF8A4DCC6A-FollowerState
2023-02-21 13:37:49,115 [pool-74-thread-1] INFO  util.JmxRegister (JmxRegister.java:tryRegister(44)) - Successfully registered JMX Bean with object name Ratis:service=RaftServer,group=group-97FF8A4DCC6A,id=55112d89-11b5-415b-b3d0-c3d2a8542f19
2023-02-21 13:37:49,115 [pool-74-thread-1] INFO  server.RaftServerConfigKeys (ConfUtils.java:logGet(46)) - raft.server.snapshot.auto.trigger.enabled = true (custom)
2023-02-21 13:37:49,115 [pool-74-thread-1] INFO  server.RaftServerConfigKeys (ConfUtils.java:logGet(46)) - raft.server.snapshot.auto.trigger.threshold = 10000 (custom)
2023-02-21 13:37:49,115 [pool-74-thread-1] INFO  server.RaftServerConfigKeys (ConfUtils.java:logGet(46)) - raft.server.snapshot.retention.file.num = 5 (custom)
2023-02-21 13:37:49,115 [pool-74-thread-1] INFO  server.RaftServerConfigKeys (ConfUtils.java:logGet(46)) - raft.server.log.purge.upto.snapshot.index = false (default)
2023-02-21 13:37:49,116 [55112d89-11b5-415b-b3d0-c3d2a8542f19@group-97FF8A4DCC6A-FollowerState] INFO  server.RaftServerConfigKeys (ConfUtils.java:logFallback(53)) - raft.server.rpc.first-election.timeout.min = 5s (fallback to raft.server.rpc.timeout.min)
2023-02-21 13:37:49,116 [55112d89-11b5-415b-b3d0-c3d2a8542f19@group-97FF8A4DCC6A-FollowerState] INFO  server.RaftServerConfigKeys (ConfUtils.java:logFallback(53)) - raft.server.rpc.first-election.timeout.max = 5200ms (fallback to raft.server.rpc.timeout.max)
2023-02-21 13:37:49,121 [Command processor thread] INFO  ratis.XceiverServerRatis (XceiverServerRatis.java:addGroup(807)) - Created group PipelineID=40e47288-7291-4d7a-8a49-97ff8a4dcc6a
2023-02-21 13:37:49,126 [pool-96-thread-1] INFO  util.JmxRegister (JmxRegister.java:tryRegister(44)) - Successfully registered JMX Bean with object name Ratis:service=RaftServer,group=group-97FF8A4DCC6A,id=49687013-9189-4ed6-aa07-d793b1b94e57
2023-02-21 13:37:49,126 [pool-96-thread-1] INFO  server.RaftServerConfigKeys (ConfUtils.java:logGet(46)) - raft.server.snapshot.auto.trigger.enabled = true (custom)
2023-02-21 13:37:49,126 [pool-96-thread-1] INFO  server.RaftServerConfigKeys (ConfUtils.java:logGet(46)) - raft.server.snapshot.auto.trigger.threshold = 10000 (custom)
2023-02-21 13:37:49,126 [pool-96-thread-1] INFO  server.RaftServerConfigKeys (ConfUtils.java:logGet(46)) - raft.server.snapshot.retention.file.num = 5 (custom)
2023-02-21 13:37:49,126 [pool-96-thread-1] INFO  server.RaftServerConfigKeys (ConfUtils.java:logGet(46)) - raft.server.log.purge.upto.snapshot.index = false (default)
2023-02-21 13:37:49,127 [49687013-9189-4ed6-aa07-d793b1b94e57@group-97FF8A4DCC6A-FollowerState] INFO  server.RaftServerConfigKeys (ConfUtils.java:logFallback(53)) - raft.server.rpc.first-election.timeout.min = 5s (fallback to raft.server.rpc.timeout.min)
2023-02-21 13:37:49,127 [49687013-9189-4ed6-aa07-d793b1b94e57@group-97FF8A4DCC6A-FollowerState] INFO  server.RaftServerConfigKeys (ConfUtils.java:logFallback(53)) - raft.server.rpc.first-election.timeout.max = 5200ms (fallback to raft.server.rpc.timeout.max)
2023-02-21 13:37:49,138 [Command processor thread] INFO  ratis.XceiverServerRatis (XceiverServerRatis.java:addGroup(807)) - Created group PipelineID=40e47288-7291-4d7a-8a49-97ff8a4dcc6a
2023-02-21 13:37:49,159 [grpc-default-executor-1] INFO  server.RaftServer (RaftServerProxy.java:addNew(96)) - 16e51c86-b54f-4418-8274-5609a4b0e8e9: addNew group-97FF8A4DCC6A:[16e51c86-b54f-4418-8274-5609a4b0e8e9|rpc:10.1.0.81:35385|dataStream:10.1.0.81:44455|priority:0|startupRole:FOLLOWER, 49687013-9189-4ed6-aa07-d793b1b94e57|rpc:10.1.0.81:45119|dataStream:10.1.0.81:34179|priority:0|startupRole:FOLLOWER, 55112d89-11b5-415b-b3d0-c3d2a8542f19|rpc:10.1.0.81:33855|dataStream:10.1.0.81:34785|priority:1|startupRole:FOLLOWER] returns group-97FF8A4DCC6A:java.util.concurrent.CompletableFuture@64124f76[Not completed]
2023-02-21 13:37:49,160 [pool-118-thread-1] INFO  server.RaftServer$Division (RaftServerImpl.java:<init>(195)) - 16e51c86-b54f-4418-8274-5609a4b0e8e9: new RaftServerImpl for group-97FF8A4DCC6A:[16e51c86-b54f-4418-8274-5609a4b0e8e9|rpc:10.1.0.81:35385|dataStream:10.1.0.81:44455|priority:0|startupRole:FOLLOWER, 49687013-9189-4ed6-aa07-d793b1b94e57|rpc:10.1.0.81:45119|dataStream:10.1.0.81:34179|priority:0|startupRole:FOLLOWER, 55112d89-11b5-415b-b3d0-c3d2a8542f19|rpc:10.1.0.81:33855|dataStream:10.1.0.81:34785|priority:1|startupRole:FOLLOWER] with ContainerStateMachine:uninitialized
2023-02-21 13:37:49,160 [pool-118-thread-1] INFO  server.RaftServerConfigKeys (ConfUtils.java:logGet(46)) - raft.server.rpc.timeout.min = 5s (custom)
2023-02-21 13:37:49,160 [pool-118-thread-1] INFO  server.RaftServerConfigKeys (ConfUtils.java:logGet(46)) - raft.server.rpc.timeout.max = 5200ms (custom)
2023-02-21 13:37:49,160 [pool-118-thread-1] INFO  server.RaftServerConfigKeys (ConfUtils.java:logGet(46)) - raft.server.rpc.sleep.time = 25ms (default)
2023-02-21 13:37:49,160 [pool-118-thread-1] INFO  server.RaftServerConfigKeys (ConfUtils.java:logGet(46)) - raft.server.rpc.slowness.timeout = 300s (custom)
2023-02-21 13:37:49,160 [pool-118-thread-1] INFO  server.RaftServerConfigKeys (ConfUtils.java:logGet(46)) - raft.server.leaderelection.leader.step-down.wait-time = 10s (default)
2023-02-21 13:37:49,160 [pool-118-thread-1] INFO  server.RaftServerConfigKeys (ConfUtils.java:logGet(46)) - raft.server.sleep.deviation.threshold = 300ms (default)
2023-02-21 13:37:49,161 [pool-118-thread-1] INFO  server.RaftServer$Division (ServerState.java:<init>(118)) - 16e51c86-b54f-4418-8274-5609a4b0e8e9@group-97FF8A4DCC6A: ConfigurationManager, init=-1: peers:[16e51c86-b54f-4418-8274-5609a4b0e8e9|rpc:10.1.0.81:35385|dataStream:10.1.0.81:44455|priority:0|startupRole:FOLLOWER, 49687013-9189-4ed6-aa07-d793b1b94e57|rpc:10.1.0.81:45119|dataStream:10.1.0.81:34179|priority:0|startupRole:FOLLOWER, 55112d89-11b5-415b-b3d0-c3d2a8542f19|rpc:10.1.0.81:33855|dataStream:10.1.0.81:34785|priority:1|startupRole:FOLLOWER]|listeners:[], old=null, confs=<EMPTY_MAP>
2023-02-21 13:37:49,161 [pool-118-thread-1] INFO  server.RaftServerConfigKeys (ConfUtils.java:logGet(46)) - raft.server.storage.dir = [/home/runner/work/ozone/ozone/hadoop-ozone/integration-test/target/test-dir/MiniOzoneClusterImpl-af67ded0-52d4-4e8d-8917-e8c7ba660466/datanode-2/data/ratis] (custom)
2023-02-21 13:37:49,161 [pool-118-thread-1] INFO  server.RaftServerConfigKeys (ConfUtils.java:logGet(46)) - raft.server.log.corruption.policy = EXCEPTION (default)
2023-02-21 13:37:49,161 [pool-118-thread-1] INFO  server.RaftServerConfigKeys (ConfUtils.java:logGet(46)) - raft.server.storage.free-space.min = 0MB (=0) (default)
2023-02-21 13:37:49,161 [pool-118-thread-1] INFO  server.RaftServerConfigKeys (ConfUtils.java:logGet(46)) - raft.server.notification.no-leader.timeout = 300s (custom)
2023-02-21 13:37:49,161 [pool-118-thread-1] INFO  server.RaftServerConfigKeys (ConfUtils.java:logGet(46)) - raft.server.retrycache.expirytime = 600000ms (custom)
2023-02-21 13:37:49,161 [pool-118-thread-1] INFO  server.RaftServerConfigKeys (ConfUtils.java:logGet(46)) - raft.server.retrycache.statistics.expirytime = 100μs (default)
2023-02-21 13:37:49,163 [pool-118-thread-1] INFO  server.RaftServerConfigKeys (ConfUtils.java:logGet(46)) - raft.server.log.appender.install.snapshot.enabled = false (custom)
2023-02-21 13:37:49,163 [pool-118-thread-1] INFO  server.RaftServerConfigKeys (ConfUtils.java:logGet(46)) - raft.server.threadpool.server.cached = true (default)
2023-02-21 13:37:49,163 [pool-118-thread-1] INFO  server.RaftServerConfigKeys (ConfUtils.java:logGet(46)) - raft.server.threadpool.server.size = 0 (default)
2023-02-21 13:37:49,163 [pool-118-thread-1] INFO  server.RaftServerConfigKeys (ConfUtils.java:logGet(46)) - raft.server.threadpool.client.cached = true (default)
2023-02-21 13:37:49,163 [pool-118-thread-1] INFO  server.RaftServerConfigKeys (ConfUtils.java:logGet(46)) - raft.server.threadpool.client.size = 0 (default)
2023-02-21 13:37:49,163 [pool-118-thread-1] INFO  storage.RaftStorageDirectory (RaftStorageDirectoryImpl.java:analyzeStorage(137)) - The storage directory /home/runner/work/ozone/ozone/hadoop-ozone/integration-test/target/test-dir/MiniOzoneClusterImpl-af67ded0-52d4-4e8d-8917-e8c7ba660466/datanode-2/data/ratis/40e47288-7291-4d7a-8a49-97ff8a4dcc6a does not exist. Creating ...
2023-02-21 13:37:49,166 [pool-118-thread-1] INFO  storage.RaftStorageDirectory (RaftStorageDirectoryImpl.java:tryLock(231)) - Lock on /home/runner/work/ozone/ozone/hadoop-ozone/integration-test/target/test-dir/MiniOzoneClusterImpl-af67ded0-52d4-4e8d-8917-e8c7ba660466/datanode-2/data/ratis/40e47288-7291-4d7a-8a49-97ff8a4dcc6a/in_use.lock acquired by nodename 15258@fv-az318-260
2023-02-21 13:37:49,167 [pool-118-thread-1] INFO  storage.RaftStorage (RaftStorageImpl.java:format(96)) - Storage directory /home/runner/work/ozone/ozone/hadoop-ozone/integration-test/target/test-dir/MiniOzoneClusterImpl-af67ded0-52d4-4e8d-8917-e8c7ba660466/datanode-2/data/ratis/40e47288-7291-4d7a-8a49-97ff8a4dcc6a has been successfully formatted.
2023-02-21 13:37:49,168 [pool-118-thread-1] INFO  ratis.ContainerStateMachine (ContainerStateMachine.java:loadSnapshot(240)) - group-97FF8A4DCC6A: The snapshot info is null. Setting the last applied indexto:(t:0, i:~)
2023-02-21 13:37:49,168 [pool-118-thread-1] INFO  server.RaftServerConfigKeys (ConfUtils.java:logGet(46)) - raft.server.log.use.memory = false (default)
2023-02-21 13:37:49,168 [pool-118-thread-1] INFO  server.RaftServerConfigKeys (ConfUtils.java:logGet(46)) - raft.server.log.purge.gap = 1000000 (custom)
2023-02-21 13:37:49,168 [pool-118-thread-1] INFO  server.RaftServerConfigKeys (ConfUtils.java:logGet(46)) - raft.server.log.appender.buffer.byte-limit = 33554432 (custom)
2023-02-21 13:37:49,168 [pool-118-thread-1] INFO  server.RaftServerConfigKeys (ConfUtils.java:logGet(46)) - raft.server.log.statemachine.data.read.timeout = 1000ms (default)
2023-02-21 13:37:49,168 [pool-118-thread-1] INFO  server.RaftServerConfigKeys (ConfUtils.java:logGet(46)) - raft.server.log.purge.preservation.log.num = 0 (default)
2023-02-21 13:37:49,169 [pool-118-thread-1] INFO  server.RaftServerConfigKeys (ConfUtils.java:logGet(46)) - raft.server.log.segment.size.max = 1048576 (custom)
2023-02-21 13:37:49,169 [pool-118-thread-1] INFO  server.RaftServerConfigKeys (ConfUtils.java:logGet(46)) - raft.server.log.segment.cache.num.max = 2 (custom)
2023-02-21 13:37:49,169 [pool-118-thread-1] INFO  server.RaftServerConfigKeys (ConfUtils.java:logGet(46)) - raft.server.log.segment.cache.size.max = 200MB (=209715200) (default)
2023-02-21 13:37:49,169 [pool-118-thread-1] INFO  segmented.SegmentedRaftLogWorker (SegmentedRaftLogWorker.java:<init>(189)) - new 16e51c86-b54f-4418-8274-5609a4b0e8e9@group-97FF8A4DCC6A-SegmentedRaftLogWorker for RaftStorageImpl:Storage Directory /home/runner/work/ozone/ozone/hadoop-ozone/integration-test/target/test-dir/MiniOzoneClusterImpl-af67ded0-52d4-4e8d-8917-e8c7ba660466/datanode-2/data/ratis/40e47288-7291-4d7a-8a49-97ff8a4dcc6a
2023-02-21 13:37:49,169 [pool-118-thread-1] INFO  server.RaftServerConfigKeys (ConfUtils.java:logGet(46)) - raft.server.log.queue.byte-limit = 4294967296 (custom)
2023-02-21 13:37:49,169 [pool-118-thread-1] INFO  server.RaftServerConfigKeys (ConfUtils.java:logGet(46)) - raft.server.log.queue.element-limit = 1024 (custom)
2023-02-21 13:37:49,169 [pool-118-thread-1] INFO  server.RaftServerConfigKeys (ConfUtils.java:logGet(46)) - raft.server.log.segment.size.max = 1048576 (custom)
2023-02-21 13:37:49,169 [pool-118-thread-1] INFO  server.RaftServerConfigKeys (ConfUtils.java:logGet(46)) - raft.server.log.preallocated.size = 16384 (custom)
2023-02-21 13:37:49,170 [pool-118-thread-1] INFO  server.RaftServerConfigKeys (ConfUtils.java:logGet(46)) - raft.server.log.force.sync.num = 128 (default)
2023-02-21 13:37:49,170 [pool-118-thread-1] INFO  server.RaftServerConfigKeys (ConfUtils.java:logGet(46)) - raft.server.log.statemachine.data.sync = true (default)
2023-02-21 13:37:49,170 [pool-118-thread-1] INFO  server.RaftServerConfigKeys (ConfUtils.java:logGet(46)) - raft.server.log.statemachine.data.sync.timeout = 10s (default)
2023-02-21 13:37:49,170 [pool-118-thread-1] INFO  server.RaftServerConfigKeys (ConfUtils.java:logGet(46)) - raft.server.log.statemachine.data.sync.timeout.retry = -1 (default)
2023-02-21 13:37:49,174 [pool-118-thread-1] INFO  server.RaftServerConfigKeys (ConfUtils.java:logGet(46)) - raft.server.log.write.buffer.size = 1048576 (custom)
2023-02-21 13:37:49,175 [pool-118-thread-1] INFO  server.RaftServerConfigKeys (ConfUtils.java:logGet(46)) - raft.server.log.appender.buffer.byte-limit = 33554432 (custom)
2023-02-21 13:37:49,188 [pool-118-thread-1] INFO  server.RaftServerConfigKeys (ConfUtils.java:logGet(46)) - raft.server.log.unsafe-flush.enabled = false (default)
2023-02-21 13:37:49,188 [pool-118-thread-1] INFO  server.RaftServerConfigKeys (ConfUtils.java:logGet(46)) - raft.server.log.async-flush.enabled = false (default)
2023-02-21 13:37:49,188 [pool-118-thread-1] INFO  server.RaftServerConfigKeys (ConfUtils.java:logGet(46)) - raft.server.log.statemachine.data.caching.enabled = true (custom)
2023-02-21 13:37:49,188 [pool-118-thread-1] INFO  segmented.SegmentedRaftLogWorker (SegmentedRaftLogWorker.java:lambda$new$0(135)) - 16e51c86-b54f-4418-8274-5609a4b0e8e9@group-97FF8A4DCC6A-SegmentedRaftLogWorker: flushIndex: setUnconditionally 0 -> -1
2023-02-21 13:37:49,188 [pool-118-thread-1] INFO  segmented.SegmentedRaftLogWorker (SegmentedRaftLogWorker.java:lambda$new$0(135)) - 16e51c86-b54f-4418-8274-5609a4b0e8e9@group-97FF8A4DCC6A-SegmentedRaftLogWorker: safeCacheEvictIndex: setUnconditionally 0 -> -1
2023-02-21 13:37:49,188 [pool-118-thread-1] INFO  server.RaftServer$Division (RaftServerImpl.java:start(334)) - 16e51c86-b54f-4418-8274-5609a4b0e8e9@group-97FF8A4DCC6A: start as a follower, conf=-1: peers:[16e51c86-b54f-4418-8274-5609a4b0e8e9|rpc:10.1.0.81:35385|dataStream:10.1.0.81:44455|priority:0|startupRole:FOLLOWER, 49687013-9189-4ed6-aa07-d793b1b94e57|rpc:10.1.0.81:45119|dataStream:10.1.0.81:34179|priority:0|startupRole:FOLLOWER, 55112d89-11b5-415b-b3d0-c3d2a8542f19|rpc:10.1.0.81:33855|dataStream:10.1.0.81:34785|priority:1|startupRole:FOLLOWER]|listeners:[], old=null
2023-02-21 13:37:49,189 [pool-118-thread-1] INFO  server.RaftServer$Division (RaftServerImpl.java:setRole(321)) - 16e51c86-b54f-4418-8274-5609a4b0e8e9@group-97FF8A4DCC6A: changes role from      null to FOLLOWER at term 0 for startAsFollower
2023-02-21 13:37:49,189 [pool-118-thread-1] INFO  impl.RoleInfo (RoleInfo.java:updateAndGet(139)) - 16e51c86-b54f-4418-8274-5609a4b0e8e9: start 16e51c86-b54f-4418-8274-5609a4b0e8e9@group-97FF8A4DCC6A-FollowerState
2023-02-21 13:37:49,189 [pool-118-thread-1] INFO  util.JmxRegister (JmxRegister.java:tryRegister(44)) - Successfully registered JMX Bean with object name Ratis:service=RaftServer,group=group-97FF8A4DCC6A,id=16e51c86-b54f-4418-8274-5609a4b0e8e9
2023-02-21 13:37:49,189 [pool-118-thread-1] INFO  server.RaftServerConfigKeys (ConfUtils.java:logGet(46)) - raft.server.snapshot.auto.trigger.enabled = true (custom)
2023-02-21 13:37:49,189 [pool-118-thread-1] INFO  server.RaftServerConfigKeys (ConfUtils.java:logGet(46)) - raft.server.snapshot.auto.trigger.threshold = 10000 (custom)
2023-02-21 13:37:49,189 [pool-118-thread-1] INFO  server.RaftServerConfigKeys (ConfUtils.java:logGet(46)) - raft.server.snapshot.retention.file.num = 5 (custom)
2023-02-21 13:37:49,189 [pool-118-thread-1] INFO  server.RaftServerConfigKeys (ConfUtils.java:logGet(46)) - raft.server.log.purge.upto.snapshot.index = false (default)
2023-02-21 13:37:49,190 [16e51c86-b54f-4418-8274-5609a4b0e8e9@group-97FF8A4DCC6A-FollowerState] INFO  server.RaftServerConfigKeys (ConfUtils.java:logFallback(53)) - raft.server.rpc.first-election.timeout.min = 5s (fallback to raft.server.rpc.timeout.min)
2023-02-21 13:37:49,191 [16e51c86-b54f-4418-8274-5609a4b0e8e9@group-97FF8A4DCC6A-FollowerState] INFO  server.RaftServerConfigKeys (ConfUtils.java:logFallback(53)) - raft.server.rpc.first-election.timeout.max = 5200ms (fallback to raft.server.rpc.timeout.max)
2023-02-21 13:37:49,215 [Listener at 127.0.0.1/35721] INFO  ozone.MiniOzoneClusterImpl (MiniOzoneClusterImpl.java:lambda$waitForClusterToBeReady$0(218)) - Nodes are ready. Got 5 of 5 DN Heartbeats.
2023-02-21 13:37:49,215 [Listener at 127.0.0.1/35721] INFO  ozone.MiniOzoneClusterImpl (MiniOzoneClusterImpl.java:lambda$waitForClusterToBeReady$0(221)) - Waiting for cluster to exit safe mode
2023-02-21 13:37:49,215 [Listener at 127.0.0.1/35721] INFO  ozone.MiniOzoneClusterImpl (MiniOzoneClusterImpl.java:lambda$waitForClusterToBeReady$0(223)) - SCM became leader
2023-02-21 13:37:49,279 [Command processor thread] INFO  commandhandler.CreatePipelineCommandHandler (CreatePipelineCommandHandler.java:handle(113)) - Created Pipeline RATIS THREE PipelineID=40e47288-7291-4d7a-8a49-97ff8a4dcc6a.
2023-02-21 13:37:49,286 [Command processor thread] INFO  commandhandler.CreatePipelineCommandHandler (CreatePipelineCommandHandler.java:handle(113)) - Created Pipeline RATIS THREE PipelineID=40e47288-7291-4d7a-8a49-97ff8a4dcc6a.
2023-02-21 13:37:49,378 [Command processor thread] INFO  server.RaftServer (RaftServerProxy.java:addNew(96)) - 16e51c86-b54f-4418-8274-5609a4b0e8e9: addNew group-39915C651F39:[16e51c86-b54f-4418-8274-5609a4b0e8e9|rpc:10.1.0.81:35385|dataStream:10.1.0.81:44455|priority:1|startupRole:FOLLOWER] returns group-39915C651F39:java.util.concurrent.CompletableFuture@1b175b59[Not completed]
2023-02-21 13:37:49,380 [pool-118-thread-1] INFO  server.RaftServer$Division (RaftServerImpl.java:<init>(195)) - 16e51c86-b54f-4418-8274-5609a4b0e8e9: new RaftServerImpl for group-39915C651F39:[16e51c86-b54f-4418-8274-5609a4b0e8e9|rpc:10.1.0.81:35385|dataStream:10.1.0.81:44455|priority:1|startupRole:FOLLOWER] with ContainerStateMachine:uninitialized
2023-02-21 13:37:49,380 [pool-118-thread-1] INFO  server.RaftServerConfigKeys (ConfUtils.java:logGet(46)) - raft.server.rpc.timeout.min = 5s (custom)
2023-02-21 13:37:49,380 [pool-118-thread-1] INFO  server.RaftServerConfigKeys (ConfUtils.java:logGet(46)) - raft.server.rpc.timeout.max = 5200ms (custom)
2023-02-21 13:37:49,380 [pool-118-thread-1] INFO  server.RaftServerConfigKeys (ConfUtils.java:logGet(46)) - raft.server.rpc.sleep.time = 25ms (default)
2023-02-21 13:37:49,380 [pool-118-thread-1] INFO  server.RaftServerConfigKeys (ConfUtils.java:logGet(46)) - raft.server.rpc.slowness.timeout = 300s (custom)
2023-02-21 13:37:49,380 [pool-118-thread-1] INFO  server.RaftServerConfigKeys (ConfUtils.java:logGet(46)) - raft.server.leaderelection.leader.step-down.wait-time = 10s (default)
2023-02-21 13:37:49,380 [pool-118-thread-1] INFO  server.RaftServerConfigKeys (ConfUtils.java:logGet(46)) - raft.server.sleep.deviation.threshold = 300ms (default)
2023-02-21 13:37:49,380 [pool-118-thread-1] INFO  server.RaftServer$Division (ServerState.java:<init>(118)) - 16e51c86-b54f-4418-8274-5609a4b0e8e9@group-39915C651F39: ConfigurationManager, init=-1: peers:[16e51c86-b54f-4418-8274-5609a4b0e8e9|rpc:10.1.0.81:35385|dataStream:10.1.0.81:44455|priority:1|startupRole:FOLLOWER]|listeners:[], old=null, confs=<EMPTY_MAP>
2023-02-21 13:37:49,380 [pool-118-thread-1] INFO  server.RaftServerConfigKeys (ConfUtils.java:logGet(46)) - raft.server.storage.dir = [/home/runner/work/ozone/ozone/hadoop-ozone/integration-test/target/test-dir/MiniOzoneClusterImpl-af67ded0-52d4-4e8d-8917-e8c7ba660466/datanode-2/data/ratis] (custom)
2023-02-21 13:37:49,381 [pool-118-thread-1] INFO  server.RaftServerConfigKeys (ConfUtils.java:logGet(46)) - raft.server.log.corruption.policy = EXCEPTION (default)
2023-02-21 13:37:49,381 [pool-118-thread-1] INFO  server.RaftServerConfigKeys (ConfUtils.java:logGet(46)) - raft.server.storage.free-space.min = 0MB (=0) (default)
2023-02-21 13:37:49,381 [pool-118-thread-1] INFO  server.RaftServerConfigKeys (ConfUtils.java:logGet(46)) - raft.server.notification.no-leader.timeout = 300s (custom)
2023-02-21 13:37:49,381 [pool-118-thread-1] INFO  server.RaftServerConfigKeys (ConfUtils.java:logGet(46)) - raft.server.retrycache.expirytime = 600000ms (custom)
2023-02-21 13:37:49,381 [pool-118-thread-1] INFO  server.RaftServerConfigKeys (ConfUtils.java:logGet(46)) - raft.server.retrycache.statistics.expirytime = 100μs (default)
2023-02-21 13:37:49,382 [pool-118-thread-1] INFO  server.RaftServerConfigKeys (ConfUtils.java:logGet(46)) - raft.server.log.appender.install.snapshot.enabled = false (custom)
2023-02-21 13:37:49,382 [pool-118-thread-1] INFO  server.RaftServerConfigKeys (ConfUtils.java:logGet(46)) - raft.server.threadpool.server.cached = true (default)
2023-02-21 13:37:49,382 [pool-118-thread-1] INFO  server.RaftServerConfigKeys (ConfUtils.java:logGet(46)) - raft.server.threadpool.server.size = 0 (default)
2023-02-21 13:37:49,382 [pool-118-thread-1] INFO  server.RaftServerConfigKeys (ConfUtils.java:logGet(46)) - raft.server.threadpool.client.cached = true (default)
2023-02-21 13:37:49,382 [pool-118-thread-1] INFO  server.RaftServerConfigKeys (ConfUtils.java:logGet(46)) - raft.server.threadpool.client.size = 0 (default)
2023-02-21 13:37:49,383 [pool-118-thread-1] INFO  storage.RaftStorageDirectory (RaftStorageDirectoryImpl.java:analyzeStorage(137)) - The storage directory /home/runner/work/ozone/ozone/hadoop-ozone/integration-test/target/test-dir/MiniOzoneClusterImpl-af67ded0-52d4-4e8d-8917-e8c7ba660466/datanode-2/data/ratis/942681f0-d9bf-46b2-bda0-39915c651f39 does not exist. Creating ...
2023-02-21 13:37:49,384 [pool-118-thread-1] INFO  storage.RaftStorageDirectory (RaftStorageDirectoryImpl.java:tryLock(231)) - Lock on /home/runner/work/ozone/ozone/hadoop-ozone/integration-test/target/test-dir/MiniOzoneClusterImpl-af67ded0-52d4-4e8d-8917-e8c7ba660466/datanode-2/data/ratis/942681f0-d9bf-46b2-bda0-39915c651f39/in_use.lock acquired by nodename 15258@fv-az318-260
2023-02-21 13:37:49,386 [pool-118-thread-1] INFO  storage.RaftStorage (RaftStorageImpl.java:format(96)) - Storage directory /home/runner/work/ozone/ozone/hadoop-ozone/integration-test/target/test-dir/MiniOzoneClusterImpl-af67ded0-52d4-4e8d-8917-e8c7ba660466/datanode-2/data/ratis/942681f0-d9bf-46b2-bda0-39915c651f39 has been successfully formatted.
2023-02-21 13:37:49,386 [pool-118-thread-1] INFO  ratis.ContainerStateMachine (ContainerStateMachine.java:loadSnapshot(240)) - group-39915C651F39: The snapshot info is null. Setting the last applied indexto:(t:0, i:~)
2023-02-21 13:37:49,386 [pool-118-thread-1] INFO  server.RaftServerConfigKeys (ConfUtils.java:logGet(46)) - raft.server.log.use.memory = false (default)
2023-02-21 13:37:49,388 [pool-118-thread-1] INFO  server.RaftServerConfigKeys (ConfUtils.java:logGet(46)) - raft.server.log.purge.gap = 1000000 (custom)
2023-02-21 13:37:49,388 [pool-118-thread-1] INFO  server.RaftServerConfigKeys (ConfUtils.java:logGet(46)) - raft.server.log.appender.buffer.byte-limit = 33554432 (custom)
2023-02-21 13:37:49,388 [pool-118-thread-1] INFO  server.RaftServerConfigKeys (ConfUtils.java:logGet(46)) - raft.server.log.statemachine.data.read.timeout = 1000ms (default)
2023-02-21 13:37:49,388 [pool-118-thread-1] INFO  server.RaftServerConfigKeys (ConfUtils.java:logGet(46)) - raft.server.log.purge.preservation.log.num = 0 (default)
2023-02-21 13:37:49,389 [EventQueue-PipelineReportForPipelineReportHandler] INFO  pipeline.PipelineManagerImpl (PipelineManagerImpl.java:openPipeline(367)) - Pipeline Pipeline[ Id: 942681f0-d9bf-46b2-bda0-39915c651f39, Nodes: 16e51c86-b54f-4418-8274-5609a4b0e8e9(fv-az318-260.ewvrrcgabbbubjc05i3n4a3pph.dx.internal.cloudapp.net/10.1.0.81), ReplicationConfig: RATIS/ONE, State:ALLOCATED, leaderId:16e51c86-b54f-4418-8274-5609a4b0e8e9, CreationTimestamp2023-02-21T13:37:46.382Z[Etc/UTC]] moved to OPEN state
2023-02-21 13:37:49,389 [EventQueue-OpenPipelineForHealthyPipelineSafeModeRule] INFO  safemode.SCMSafeModeManager (HealthyPipelineSafeModeRule.java:process(137)) - SCM in safe mode. Healthy pipelines reported count is 0, required healthy pipeline reported count is 1
2023-02-21 13:37:49,389 [pool-118-thread-1] INFO  server.RaftServerConfigKeys (ConfUtils.java:logGet(46)) - raft.server.log.segment.size.max = 1048576 (custom)
2023-02-21 13:37:49,390 [pool-118-thread-1] INFO  server.RaftServerConfigKeys (ConfUtils.java:logGet(46)) - raft.server.log.segment.cache.num.max = 2 (custom)
2023-02-21 13:37:49,390 [pool-118-thread-1] INFO  server.RaftServerConfigKeys (ConfUtils.java:logGet(46)) - raft.server.log.segment.cache.size.max = 200MB (=209715200) (default)
2023-02-21 13:37:49,390 [pool-118-thread-1] INFO  segmented.SegmentedRaftLogWorker (SegmentedRaftLogWorker.java:<init>(189)) - new 16e51c86-b54f-4418-8274-5609a4b0e8e9@group-39915C651F39-SegmentedRaftLogWorker for RaftStorageImpl:Storage Directory /home/runner/work/ozone/ozone/hadoop-ozone/integration-test/target/test-dir/MiniOzoneClusterImpl-af67ded0-52d4-4e8d-8917-e8c7ba660466/datanode-2/data/ratis/942681f0-d9bf-46b2-bda0-39915c651f39
2023-02-21 13:37:49,390 [pool-118-thread-1] INFO  server.RaftServerConfigKeys (ConfUtils.java:logGet(46)) - raft.server.log.queue.byte-limit = 4294967296 (custom)
2023-02-21 13:37:49,390 [pool-118-thread-1] INFO  server.RaftServerConfigKeys (ConfUtils.java:logGet(46)) - raft.server.log.queue.element-limit = 1024 (custom)
2023-02-21 13:37:49,391 [pool-118-thread-1] INFO  server.RaftServerConfigKeys (ConfUtils.java:logGet(46)) - raft.server.log.segment.size.max = 1048576 (custom)
2023-02-21 13:37:49,391 [pool-118-thread-1] INFO  server.RaftServerConfigKeys (ConfUtils.java:logGet(46)) - raft.server.log.preallocated.size = 16384 (custom)
2023-02-21 13:37:49,391 [pool-118-thread-1] INFO  server.RaftServerConfigKeys (ConfUtils.java:logGet(46)) - raft.server.log.force.sync.num = 128 (default)
2023-02-21 13:37:49,391 [pool-118-thread-1] INFO  server.RaftServerConfigKeys (ConfUtils.java:logGet(46)) - raft.server.log.statemachine.data.sync = true (default)
2023-02-21 13:37:49,391 [pool-118-thread-1] INFO  server.RaftServerConfigKeys (ConfUtils.java:logGet(46)) - raft.server.log.statemachine.data.sync.timeout = 10s (default)
2023-02-21 13:37:49,391 [pool-118-thread-1] INFO  server.RaftServerConfigKeys (ConfUtils.java:logGet(46)) - raft.server.log.statemachine.data.sync.timeout.retry = -1 (default)
2023-02-21 13:37:49,392 [pool-118-thread-1] INFO  server.RaftServerConfigKeys (ConfUtils.java:logGet(46)) - raft.server.log.write.buffer.size = 1048576 (custom)
2023-02-21 13:37:49,393 [pool-118-thread-1] INFO  server.RaftServerConfigKeys (ConfUtils.java:logGet(46)) - raft.server.log.appender.buffer.byte-limit = 33554432 (custom)
2023-02-21 13:37:49,694 [JvmPauseMonitor2] WARN  util.JvmPauseMonitor (JvmPauseMonitor.java:detectPause(126)) - JvmPauseMonitor-49687013-9189-4ed6-aa07-d793b1b94e57: Detected pause in JVM or host machine (eg GC): pause of approximately 190531396ns.
GC pool 'PS MarkSweep' had collection(s): count=1 time=221ms
GC pool 'PS Scavenge' had collection(s): count=1 time=80ms
2023-02-21 13:37:49,695 [JvmPauseMonitor0] WARN  util.JvmPauseMonitor (JvmPauseMonitor.java:detectPause(126)) - JvmPauseMonitor-om1: Detected pause in JVM or host machine (eg GC): pause of approximately 133353613ns.
GC pool 'PS MarkSweep' had collection(s): count=1 time=221ms
GC pool 'PS Scavenge' had collection(s): count=1 time=80ms
2023-02-21 13:37:49,695 [JvmPauseMonitor3] WARN  util.JvmPauseMonitor (JvmPauseMonitor.java:detectPause(126)) - JvmPauseMonitor-16e51c86-b54f-4418-8274-5609a4b0e8e9: Detected pause in JVM or host machine (eg GC): pause of approximately 263354201ns.
GC pool 'PS MarkSweep' had collection(s): count=1 time=221ms
GC pool 'PS Scavenge' had collection(s): count=1 time=80ms
2023-02-21 13:37:49,694 [JvmPauseMonitor1] WARN  util.JvmPauseMonitor (JvmPauseMonitor.java:detectPause(126)) - JvmPauseMonitor-55112d89-11b5-415b-b3d0-c3d2a8542f19: Detected pause in JVM or host machine (eg GC): pause of approximately 227109248ns.
GC pool 'PS MarkSweep' had collection(s): count=1 time=221ms
GC pool 'PS Scavenge' had collection(s): count=1 time=80ms
2023-02-21 13:37:49,701 [pool-118-thread-1] INFO  server.RaftServerConfigKeys (ConfUtils.java:logGet(46)) - raft.server.log.unsafe-flush.enabled = false (default)
2023-02-21 13:37:49,701 [pool-118-thread-1] INFO  server.RaftServerConfigKeys (ConfUtils.java:logGet(46)) - raft.server.log.async-flush.enabled = false (default)
2023-02-21 13:37:49,701 [pool-118-thread-1] INFO  server.RaftServerConfigKeys (ConfUtils.java:logGet(46)) - raft.server.log.statemachine.data.caching.enabled = true (custom)
2023-02-21 13:37:49,701 [pool-118-thread-1] INFO  segmented.SegmentedRaftLogWorker (SegmentedRaftLogWorker.java:lambda$new$0(135)) - 16e51c86-b54f-4418-8274-5609a4b0e8e9@group-39915C651F39-SegmentedRaftLogWorker: flushIndex: setUnconditionally 0 -> -1
2023-02-21 13:37:49,701 [pool-118-thread-1] INFO  segmented.SegmentedRaftLogWorker (SegmentedRaftLogWorker.java:lambda$new$0(135)) - 16e51c86-b54f-4418-8274-5609a4b0e8e9@group-39915C651F39-SegmentedRaftLogWorker: safeCacheEvictIndex: setUnconditionally 0 -> -1
2023-02-21 13:37:49,706 [pool-118-thread-1] INFO  server.RaftServer$Division (RaftServerImpl.java:start(334)) - 16e51c86-b54f-4418-8274-5609a4b0e8e9@group-39915C651F39: start as a follower, conf=-1: peers:[16e51c86-b54f-4418-8274-5609a4b0e8e9|rpc:10.1.0.81:35385|dataStream:10.1.0.81:44455|priority:1|startupRole:FOLLOWER]|listeners:[], old=null
2023-02-21 13:37:49,706 [pool-118-thread-1] INFO  server.RaftServer$Division (RaftServerImpl.java:setRole(321)) - 16e51c86-b54f-4418-8274-5609a4b0e8e9@group-39915C651F39: changes role from      null to FOLLOWER at term 0 for startAsFollower
2023-02-21 13:37:49,706 [pool-118-thread-1] INFO  impl.RoleInfo (RoleInfo.java:updateAndGet(139)) - 16e51c86-b54f-4418-8274-5609a4b0e8e9: start 16e51c86-b54f-4418-8274-5609a4b0e8e9@group-39915C651F39-FollowerState
2023-02-21 13:37:49,706 [16e51c86-b54f-4418-8274-5609a4b0e8e9@group-39915C651F39-FollowerState] INFO  server.RaftServerConfigKeys (ConfUtils.java:logFallback(53)) - raft.server.rpc.first-election.timeout.min = 5s (fallback to raft.server.rpc.timeout.min)
2023-02-21 13:37:49,706 [pool-118-thread-1] INFO  util.JmxRegister (JmxRegister.java:tryRegister(44)) - Successfully registered JMX Bean with object name Ratis:service=RaftServer,group=group-39915C651F39,id=16e51c86-b54f-4418-8274-5609a4b0e8e9
2023-02-21 13:37:49,707 [16e51c86-b54f-4418-8274-5609a4b0e8e9@group-39915C651F39-FollowerState] INFO  server.RaftServerConfigKeys (ConfUtils.java:logFallback(53)) - raft.server.rpc.first-election.timeout.max = 5200ms (fallback to raft.server.rpc.timeout.max)
2023-02-21 13:37:49,707 [pool-118-thread-1] INFO  server.RaftServerConfigKeys (ConfUtils.java:logGet(46)) - raft.server.snapshot.auto.trigger.enabled = true (custom)
2023-02-21 13:37:49,707 [pool-118-thread-1] INFO  server.RaftServerConfigKeys (ConfUtils.java:logGet(46)) - raft.server.snapshot.auto.trigger.threshold = 10000 (custom)
2023-02-21 13:37:49,707 [pool-118-thread-1] INFO  server.RaftServerConfigKeys (ConfUtils.java:logGet(46)) - raft.server.snapshot.retention.file.num = 5 (custom)
2023-02-21 13:37:49,707 [pool-118-thread-1] INFO  server.RaftServerConfigKeys (ConfUtils.java:logGet(46)) - raft.server.log.purge.upto.snapshot.index = false (default)
2023-02-21 13:37:49,710 [Command processor thread] INFO  ratis.XceiverServerRatis (XceiverServerRatis.java:addGroup(807)) - Created group PipelineID=942681f0-d9bf-46b2-bda0-39915c651f39
2023-02-21 13:37:49,711 [Command processor thread] INFO  commandhandler.CreatePipelineCommandHandler (CreatePipelineCommandHandler.java:handle(113)) - Created Pipeline RATIS ONE PipelineID=942681f0-d9bf-46b2-bda0-39915c651f39.
2023-02-21 13:37:49,783 [Command processor thread] INFO  server.RaftServer (RaftServerProxy.java:addNew(96)) - a9e05f5c-46cf-4b5a-96e6-bc07cdc5b6c0: addNew group-CBB97518E604:[a9e05f5c-46cf-4b5a-96e6-bc07cdc5b6c0|rpc:10.1.0.81:34323|dataStream:10.1.0.81:40053|priority:1|startupRole:FOLLOWER] returns group-CBB97518E604:java.util.concurrent.CompletableFuture@21ea1f4[Not completed]
2023-02-21 13:37:49,788 [pool-140-thread-1] INFO  server.RaftServer$Division (RaftServerImpl.java:<init>(195)) - a9e05f5c-46cf-4b5a-96e6-bc07cdc5b6c0: new RaftServerImpl for group-CBB97518E604:[a9e05f5c-46cf-4b5a-96e6-bc07cdc5b6c0|rpc:10.1.0.81:34323|dataStream:10.1.0.81:40053|priority:1|startupRole:FOLLOWER] with ContainerStateMachine:uninitialized
2023-02-21 13:37:49,788 [pool-140-thread-1] INFO  server.RaftServerConfigKeys (ConfUtils.java:logGet(46)) - raft.server.rpc.timeout.min = 5s (custom)
2023-02-21 13:37:49,788 [pool-140-thread-1] INFO  server.RaftServerConfigKeys (ConfUtils.java:logGet(46)) - raft.server.rpc.timeout.max = 5200ms (custom)
2023-02-21 13:37:49,788 [pool-140-thread-1] INFO  server.RaftServerConfigKeys (ConfUtils.java:logGet(46)) - raft.server.rpc.sleep.time = 25ms (default)
2023-02-21 13:37:49,788 [pool-140-thread-1] INFO  server.RaftServerConfigKeys (ConfUtils.java:logGet(46)) - raft.server.rpc.slowness.timeout = 300s (custom)
2023-02-21 13:37:49,788 [pool-140-thread-1] INFO  server.RaftServerConfigKeys (ConfUtils.java:logGet(46)) - raft.server.leaderelection.leader.step-down.wait-time = 10s (default)
2023-02-21 13:37:49,789 [pool-140-thread-1] INFO  server.RaftServerConfigKeys (ConfUtils.java:logGet(46)) - raft.server.sleep.deviation.threshold = 300ms (default)
2023-02-21 13:37:49,789 [pool-140-thread-1] INFO  server.RaftServer$Division (ServerState.java:<init>(118)) - a9e05f5c-46cf-4b5a-96e6-bc07cdc5b6c0@group-CBB97518E604: ConfigurationManager, init=-1: peers:[a9e05f5c-46cf-4b5a-96e6-bc07cdc5b6c0|rpc:10.1.0.81:34323|dataStream:10.1.0.81:40053|priority:1|startupRole:FOLLOWER]|listeners:[], old=null, confs=<EMPTY_MAP>
2023-02-21 13:37:49,791 [pool-140-thread-1] INFO  server.RaftServerConfigKeys (ConfUtils.java:logGet(46)) - raft.server.storage.dir = [/home/runner/work/ozone/ozone/hadoop-ozone/integration-test/target/test-dir/MiniOzoneClusterImpl-af67ded0-52d4-4e8d-8917-e8c7ba660466/datanode-3/data/ratis] (custom)
2023-02-21 13:37:49,791 [pool-140-thread-1] INFO  server.RaftServerConfigKeys (ConfUtils.java:logGet(46)) - raft.server.log.corruption.policy = EXCEPTION (default)
2023-02-21 13:37:49,791 [pool-140-thread-1] INFO  server.RaftServerConfigKeys (ConfUtils.java:logGet(46)) - raft.server.storage.free-space.min = 0MB (=0) (default)
2023-02-21 13:37:49,791 [pool-140-thread-1] INFO  server.RaftServerConfigKeys (ConfUtils.java:logGet(46)) - raft.server.notification.no-leader.timeout = 300s (custom)
2023-02-21 13:37:49,791 [pool-140-thread-1] INFO  server.RaftServerConfigKeys (ConfUtils.java:logGet(46)) - raft.server.retrycache.expirytime = 600000ms (custom)
2023-02-21 13:37:49,791 [pool-140-thread-1] INFO  server.RaftServerConfigKeys (ConfUtils.java:logGet(46)) - raft.server.retrycache.statistics.expirytime = 100μs (default)
2023-02-21 13:37:49,793 [pool-140-thread-1] INFO  server.RaftServerConfigKeys (ConfUtils.java:logGet(46)) - raft.server.log.appender.install.snapshot.enabled = false (custom)
2023-02-21 13:37:49,793 [pool-140-thread-1] INFO  server.RaftServerConfigKeys (ConfUtils.java:logGet(46)) - raft.server.threadpool.server.cached = true (default)
2023-02-21 13:37:49,793 [pool-140-thread-1] INFO  server.RaftServerConfigKeys (ConfUtils.java:logGet(46)) - raft.server.threadpool.server.size = 0 (default)
2023-02-21 13:37:49,793 [pool-140-thread-1] INFO  server.RaftServerConfigKeys (ConfUtils.java:logGet(46)) - raft.server.threadpool.client.cached = true (default)
2023-02-21 13:37:49,793 [pool-140-thread-1] INFO  server.RaftServerConfigKeys (ConfUtils.java:logGet(46)) - raft.server.threadpool.client.size = 0 (default)
2023-02-21 13:37:49,794 [pool-140-thread-1] INFO  storage.RaftStorageDirectory (RaftStorageDirectoryImpl.java:analyzeStorage(137)) - The storage directory /home/runner/work/ozone/ozone/hadoop-ozone/integration-test/target/test-dir/MiniOzoneClusterImpl-af67ded0-52d4-4e8d-8917-e8c7ba660466/datanode-3/data/ratis/080e3f4e-b013-485b-bb76-cbb97518e604 does not exist. Creating ...
2023-02-21 13:37:49,795 [pool-140-thread-1] INFO  storage.RaftStorageDirectory (RaftStorageDirectoryImpl.java:tryLock(231)) - Lock on /home/runner/work/ozone/ozone/hadoop-ozone/integration-test/target/test-dir/MiniOzoneClusterImpl-af67ded0-52d4-4e8d-8917-e8c7ba660466/datanode-3/data/ratis/080e3f4e-b013-485b-bb76-cbb97518e604/in_use.lock acquired by nodename 15258@fv-az318-260
2023-02-21 13:37:49,797 [pool-140-thread-1] INFO  storage.RaftStorage (RaftStorageImpl.java:format(96)) - Storage directory /home/runner/work/ozone/ozone/hadoop-ozone/integration-test/target/test-dir/MiniOzoneClusterImpl-af67ded0-52d4-4e8d-8917-e8c7ba660466/datanode-3/data/ratis/080e3f4e-b013-485b-bb76-cbb97518e604 has been successfully formatted.
2023-02-21 13:37:49,798 [pool-140-thread-1] INFO  ratis.ContainerStateMachine (ContainerStateMachine.java:loadSnapshot(240)) - group-CBB97518E604: The snapshot info is null. Setting the last applied indexto:(t:0, i:~)
2023-02-21 13:37:49,798 [pool-140-thread-1] INFO  server.RaftServerConfigKeys (ConfUtils.java:logGet(46)) - raft.server.log.use.memory = false (default)
2023-02-21 13:37:49,798 [pool-140-thread-1] INFO  server.RaftServerConfigKeys (ConfUtils.java:logGet(46)) - raft.server.log.purge.gap = 1000000 (custom)
2023-02-21 13:37:49,798 [pool-140-thread-1] INFO  server.RaftServerConfigKeys (ConfUtils.java:logGet(46)) - raft.server.log.appender.buffer.byte-limit = 33554432 (custom)
2023-02-21 13:37:49,798 [pool-140-thread-1] INFO  server.RaftServerConfigKeys (ConfUtils.java:logGet(46)) - raft.server.log.statemachine.data.read.timeout = 1000ms (default)
2023-02-21 13:37:49,798 [pool-140-thread-1] INFO  server.RaftServerConfigKeys (ConfUtils.java:logGet(46)) - raft.server.log.purge.preservation.log.num = 0 (default)
2023-02-21 13:37:49,804 [EventQueue-PipelineReportForPipelineReportHandler] INFO  pipeline.PipelineManagerImpl (PipelineManagerImpl.java:openPipeline(367)) - Pipeline Pipeline[ Id: 080e3f4e-b013-485b-bb76-cbb97518e604, Nodes: a9e05f5c-46cf-4b5a-96e6-bc07cdc5b6c0(fv-az318-260.ewvrrcgabbbubjc05i3n4a3pph.dx.internal.cloudapp.net/10.1.0.81), ReplicationConfig: RATIS/ONE, State:ALLOCATED, leaderId:a9e05f5c-46cf-4b5a-96e6-bc07cdc5b6c0, CreationTimestamp2023-02-21T13:37:46.788Z[Etc/UTC]] moved to OPEN state
2023-02-21 13:37:49,804 [EventQueue-OpenPipelineForHealthyPipelineSafeModeRule] INFO  safemode.SCMSafeModeManager (HealthyPipelineSafeModeRule.java:process(137)) - SCM in safe mode. Healthy pipelines reported count is 0, required healthy pipeline reported count is 1
2023-02-21 13:37:49,806 [pool-140-thread-1] INFO  server.RaftServerConfigKeys (ConfUtils.java:logGet(46)) - raft.server.log.segment.size.max = 1048576 (custom)
2023-02-21 13:37:49,807 [pool-140-thread-1] INFO  server.RaftServerConfigKeys (ConfUtils.java:logGet(46)) - raft.server.log.segment.cache.num.max = 2 (custom)
2023-02-21 13:37:49,807 [pool-140-thread-1] INFO  server.RaftServerConfigKeys (ConfUtils.java:logGet(46)) - raft.server.log.segment.cache.size.max = 200MB (=209715200) (default)
2023-02-21 13:37:49,807 [pool-140-thread-1] INFO  segmented.SegmentedRaftLogWorker (SegmentedRaftLogWorker.java:<init>(189)) - new a9e05f5c-46cf-4b5a-96e6-bc07cdc5b6c0@group-CBB97518E604-SegmentedRaftLogWorker for RaftStorageImpl:Storage Directory /home/runner/work/ozone/ozone/hadoop-ozone/integration-test/target/test-dir/MiniOzoneClusterImpl-af67ded0-52d4-4e8d-8917-e8c7ba660466/datanode-3/data/ratis/080e3f4e-b013-485b-bb76-cbb97518e604
2023-02-21 13:37:49,807 [pool-140-thread-1] INFO  server.RaftServerConfigKeys (ConfUtils.java:logGet(46)) - raft.server.log.queue.byte-limit = 4294967296 (custom)
2023-02-21 13:37:49,808 [pool-140-thread-1] INFO  server.RaftServerConfigKeys (ConfUtils.java:logGet(46)) - raft.server.log.queue.element-limit = 1024 (custom)
2023-02-21 13:37:49,808 [pool-140-thread-1] INFO  server.RaftServerConfigKeys (ConfUtils.java:logGet(46)) - raft.server.log.segment.size.max = 1048576 (custom)
2023-02-21 13:37:49,808 [pool-140-thread-1] INFO  server.RaftServerConfigKeys (ConfUtils.java:logGet(46)) - raft.server.log.preallocated.size = 16384 (custom)
2023-02-21 13:37:49,808 [pool-140-thread-1] INFO  server.RaftServerConfigKeys (ConfUtils.java:logGet(46)) - raft.server.log.force.sync.num = 128 (default)
2023-02-21 13:37:49,809 [pool-140-thread-1] INFO  server.RaftServerConfigKeys (ConfUtils.java:logGet(46)) - raft.server.log.statemachine.data.sync = true (default)
2023-02-21 13:37:49,809 [pool-140-thread-1] INFO  server.RaftServerConfigKeys (ConfUtils.java:logGet(46)) - raft.server.log.statemachine.data.sync.timeout = 10s (default)
2023-02-21 13:37:49,809 [pool-140-thread-1] INFO  server.RaftServerConfigKeys (ConfUtils.java:logGet(46)) - raft.server.log.statemachine.data.sync.timeout.retry = -1 (default)
2023-02-21 13:37:49,810 [pool-140-thread-1] INFO  server.RaftServerConfigKeys (ConfUtils.java:logGet(46)) - raft.server.log.write.buffer.size = 1048576 (custom)
2023-02-21 13:37:49,810 [pool-140-thread-1] INFO  server.RaftServerConfigKeys (ConfUtils.java:logGet(46)) - raft.server.log.appender.buffer.byte-limit = 33554432 (custom)
2023-02-21 13:37:49,816 [pool-140-thread-1] INFO  server.RaftServerConfigKeys (ConfUtils.java:logGet(46)) - raft.server.log.unsafe-flush.enabled = false (default)
2023-02-21 13:37:49,816 [pool-140-thread-1] INFO  server.RaftServerConfigKeys (ConfUtils.java:logGet(46)) - raft.server.log.async-flush.enabled = false (default)
2023-02-21 13:37:49,816 [pool-140-thread-1] INFO  server.RaftServerConfigKeys (ConfUtils.java:logGet(46)) - raft.server.log.statemachine.data.caching.enabled = true (custom)
2023-02-21 13:37:49,817 [pool-140-thread-1] INFO  segmented.SegmentedRaftLogWorker (SegmentedRaftLogWorker.java:lambda$new$0(135)) - a9e05f5c-46cf-4b5a-96e6-bc07cdc5b6c0@group-CBB97518E604-SegmentedRaftLogWorker: flushIndex: setUnconditionally 0 -> -1
2023-02-21 13:37:49,817 [pool-140-thread-1] INFO  segmented.SegmentedRaftLogWorker (SegmentedRaftLogWorker.java:lambda$new$0(135)) - a9e05f5c-46cf-4b5a-96e6-bc07cdc5b6c0@group-CBB97518E604-SegmentedRaftLogWorker: safeCacheEvictIndex: setUnconditionally 0 -> -1
2023-02-21 13:37:49,817 [pool-140-thread-1] INFO  server.RaftServer$Division (RaftServerImpl.java:start(334)) - a9e05f5c-46cf-4b5a-96e6-bc07cdc5b6c0@group-CBB97518E604: start as a follower, conf=-1: peers:[a9e05f5c-46cf-4b5a-96e6-bc07cdc5b6c0|rpc:10.1.0.81:34323|dataStream:10.1.0.81:40053|priority:1|startupRole:FOLLOWER]|listeners:[], old=null
2023-02-21 13:37:49,818 [pool-140-thread-1] INFO  server.RaftServer$Division (RaftServerImpl.java:setRole(321)) - a9e05f5c-46cf-4b5a-96e6-bc07cdc5b6c0@group-CBB97518E604: changes role from      null to FOLLOWER at term 0 for startAsFollower
2023-02-21 13:37:49,818 [pool-140-thread-1] INFO  impl.RoleInfo (RoleInfo.java:updateAndGet(139)) - a9e05f5c-46cf-4b5a-96e6-bc07cdc5b6c0: start a9e05f5c-46cf-4b5a-96e6-bc07cdc5b6c0@group-CBB97518E604-FollowerState
2023-02-21 13:37:49,818 [a9e05f5c-46cf-4b5a-96e6-bc07cdc5b6c0@group-CBB97518E604-FollowerState] INFO  server.RaftServerConfigKeys (ConfUtils.java:logFallback(53)) - raft.server.rpc.first-election.timeout.min = 5s (fallback to raft.server.rpc.timeout.min)
2023-02-21 13:37:49,818 [pool-140-thread-1] INFO  util.JmxRegister (JmxRegister.java:tryRegister(44)) - Successfully registered JMX Bean with object name Ratis:service=RaftServer,group=group-CBB97518E604,id=a9e05f5c-46cf-4b5a-96e6-bc07cdc5b6c0
2023-02-21 13:37:49,818 [a9e05f5c-46cf-4b5a-96e6-bc07cdc5b6c0@group-CBB97518E604-FollowerState] INFO  server.RaftServerConfigKeys (ConfUtils.java:logFallback(53)) - raft.server.rpc.first-election.timeout.max = 5200ms (fallback to raft.server.rpc.timeout.max)
2023-02-21 13:37:49,818 [pool-140-thread-1] INFO  server.RaftServerConfigKeys (ConfUtils.java:logGet(46)) - raft.server.snapshot.auto.trigger.enabled = true (custom)
2023-02-21 13:37:49,819 [pool-140-thread-1] INFO  server.RaftServerConfigKeys (ConfUtils.java:logGet(46)) - raft.server.snapshot.auto.trigger.threshold = 10000 (custom)
2023-02-21 13:37:49,819 [pool-140-thread-1] INFO  server.RaftServerConfigKeys (ConfUtils.java:logGet(46)) - raft.server.snapshot.retention.file.num = 5 (custom)
2023-02-21 13:37:49,819 [pool-140-thread-1] INFO  server.RaftServerConfigKeys (ConfUtils.java:logGet(46)) - raft.server.log.purge.upto.snapshot.index = false (default)
2023-02-21 13:37:49,820 [Command processor thread] INFO  ratis.XceiverServerRatis (XceiverServerRatis.java:addGroup(807)) - Created group PipelineID=080e3f4e-b013-485b-bb76-cbb97518e604
2023-02-21 13:37:49,820 [Command processor thread] INFO  commandhandler.CreatePipelineCommandHandler (CreatePipelineCommandHandler.java:handle(113)) - Created Pipeline RATIS ONE PipelineID=080e3f4e-b013-485b-bb76-cbb97518e604.
2023-02-21 13:37:50,209 [Command processor thread] INFO  server.RaftServer (RaftServerProxy.java:addNew(96)) - 13b316d7-19fe-4f46-8ee4-74122f1e4c34: addNew group-FC70CB5DCCD1:[13b316d7-19fe-4f46-8ee4-74122f1e4c34|rpc:10.1.0.81:46333|dataStream:10.1.0.81:45723|priority:1|startupRole:FOLLOWER] returns group-FC70CB5DCCD1:java.util.concurrent.CompletableFuture@568568ae[Not completed]
2023-02-21 13:37:50,211 [pool-162-thread-1] INFO  server.RaftServer$Division (RaftServerImpl.java:<init>(195)) - 13b316d7-19fe-4f46-8ee4-74122f1e4c34: new RaftServerImpl for group-FC70CB5DCCD1:[13b316d7-19fe-4f46-8ee4-74122f1e4c34|rpc:10.1.0.81:46333|dataStream:10.1.0.81:45723|priority:1|startupRole:FOLLOWER] with ContainerStateMachine:uninitialized
2023-02-21 13:37:50,211 [pool-162-thread-1] INFO  server.RaftServerConfigKeys (ConfUtils.java:logGet(46)) - raft.server.rpc.timeout.min = 5s (custom)
2023-02-21 13:37:50,212 [pool-162-thread-1] INFO  server.RaftServerConfigKeys (ConfUtils.java:logGet(46)) - raft.server.rpc.timeout.max = 5200ms (custom)
2023-02-21 13:37:50,212 [pool-162-thread-1] INFO  server.RaftServerConfigKeys (ConfUtils.java:logGet(46)) - raft.server.rpc.sleep.time = 25ms (default)
2023-02-21 13:37:50,212 [pool-162-thread-1] INFO  server.RaftServerConfigKeys (ConfUtils.java:logGet(46)) - raft.server.rpc.slowness.timeout = 300s (custom)
2023-02-21 13:37:50,212 [pool-162-thread-1] INFO  server.RaftServerConfigKeys (ConfUtils.java:logGet(46)) - raft.server.leaderelection.leader.step-down.wait-time = 10s (default)
2023-02-21 13:37:50,212 [pool-162-thread-1] INFO  server.RaftServerConfigKeys (ConfUtils.java:logGet(46)) - raft.server.sleep.deviation.threshold = 300ms (default)
2023-02-21 13:37:50,212 [pool-162-thread-1] INFO  server.RaftServer$Division (ServerState.java:<init>(118)) - 13b316d7-19fe-4f46-8ee4-74122f1e4c34@group-FC70CB5DCCD1: ConfigurationManager, init=-1: peers:[13b316d7-19fe-4f46-8ee4-74122f1e4c34|rpc:10.1.0.81:46333|dataStream:10.1.0.81:45723|priority:1|startupRole:FOLLOWER]|listeners:[], old=null, confs=<EMPTY_MAP>
2023-02-21 13:37:50,212 [pool-162-thread-1] INFO  server.RaftServerConfigKeys (ConfUtils.java:logGet(46)) - raft.server.storage.dir = [/home/runner/work/ozone/ozone/hadoop-ozone/integration-test/target/test-dir/MiniOzoneClusterImpl-af67ded0-52d4-4e8d-8917-e8c7ba660466/datanode-4/data/ratis] (custom)
2023-02-21 13:37:50,212 [pool-162-thread-1] INFO  server.RaftServerConfigKeys (ConfUtils.java:logGet(46)) - raft.server.log.corruption.policy = EXCEPTION (default)
2023-02-21 13:37:50,212 [pool-162-thread-1] INFO  server.RaftServerConfigKeys (ConfUtils.java:logGet(46)) - raft.server.storage.free-space.min = 0MB (=0) (default)
2023-02-21 13:37:50,213 [pool-162-thread-1] INFO  server.RaftServerConfigKeys (ConfUtils.java:logGet(46)) - raft.server.notification.no-leader.timeout = 300s (custom)
2023-02-21 13:37:50,213 [pool-162-thread-1] INFO  server.RaftServerConfigKeys (ConfUtils.java:logGet(46)) - raft.server.retrycache.expirytime = 600000ms (custom)
2023-02-21 13:37:50,213 [pool-162-thread-1] INFO  server.RaftServerConfigKeys (ConfUtils.java:logGet(46)) - raft.server.retrycache.statistics.expirytime = 100μs (default)
2023-02-21 13:37:50,215 [Listener at 127.0.0.1/35721] INFO  ozone.MiniOzoneClusterImpl (MiniOzoneClusterImpl.java:lambda$waitForClusterToBeReady$0(218)) - Nodes are ready. Got 5 of 5 DN Heartbeats.
2023-02-21 13:37:50,216 [Listener at 127.0.0.1/35721] INFO  ozone.MiniOzoneClusterImpl (MiniOzoneClusterImpl.java:lambda$waitForClusterToBeReady$0(221)) - Waiting for cluster to exit safe mode
2023-02-21 13:37:50,216 [Listener at 127.0.0.1/35721] INFO  ozone.MiniOzoneClusterImpl (MiniOzoneClusterImpl.java:lambda$waitForClusterToBeReady$0(223)) - SCM became leader
2023-02-21 13:37:50,224 [pool-162-thread-1] INFO  server.RaftServerConfigKeys (ConfUtils.java:logGet(46)) - raft.server.log.appender.install.snapshot.enabled = false (custom)
2023-02-21 13:37:50,224 [pool-162-thread-1] INFO  server.RaftServerConfigKeys (ConfUtils.java:logGet(46)) - raft.server.threadpool.server.cached = true (default)
2023-02-21 13:37:50,224 [pool-162-thread-1] INFO  server.RaftServerConfigKeys (ConfUtils.java:logGet(46)) - raft.server.threadpool.server.size = 0 (default)
2023-02-21 13:37:50,224 [pool-162-thread-1] INFO  server.RaftServerConfigKeys (ConfUtils.java:logGet(46)) - raft.server.threadpool.client.cached = true (default)
2023-02-21 13:37:50,224 [pool-162-thread-1] INFO  server.RaftServerConfigKeys (ConfUtils.java:logGet(46)) - raft.server.threadpool.client.size = 0 (default)
2023-02-21 13:37:50,225 [pool-162-thread-1] INFO  storage.RaftStorageDirectory (RaftStorageDirectoryImpl.java:analyzeStorage(137)) - The storage directory /home/runner/work/ozone/ozone/hadoop-ozone/integration-test/target/test-dir/MiniOzoneClusterImpl-af67ded0-52d4-4e8d-8917-e8c7ba660466/datanode-4/data/ratis/b4ccf860-f8c5-4500-854a-fc70cb5dccd1 does not exist. Creating ...
2023-02-21 13:37:50,227 [pool-162-thread-1] INFO  storage.RaftStorageDirectory (RaftStorageDirectoryImpl.java:tryLock(231)) - Lock on /home/runner/work/ozone/ozone/hadoop-ozone/integration-test/target/test-dir/MiniOzoneClusterImpl-af67ded0-52d4-4e8d-8917-e8c7ba660466/datanode-4/data/ratis/b4ccf860-f8c5-4500-854a-fc70cb5dccd1/in_use.lock acquired by nodename 15258@fv-az318-260
2023-02-21 13:37:50,228 [pool-162-thread-1] INFO  storage.RaftStorage (RaftStorageImpl.java:format(96)) - Storage directory /home/runner/work/ozone/ozone/hadoop-ozone/integration-test/target/test-dir/MiniOzoneClusterImpl-af67ded0-52d4-4e8d-8917-e8c7ba660466/datanode-4/data/ratis/b4ccf860-f8c5-4500-854a-fc70cb5dccd1 has been successfully formatted.
2023-02-21 13:37:50,232 [pool-162-thread-1] INFO  ratis.ContainerStateMachine (ContainerStateMachine.java:loadSnapshot(240)) - group-FC70CB5DCCD1: The snapshot info is null. Setting the last applied indexto:(t:0, i:~)
2023-02-21 13:37:50,233 [EventQueue-PipelineReportForPipelineReportHandler] INFO  pipeline.PipelineManagerImpl (PipelineManagerImpl.java:openPipeline(367)) - Pipeline Pipeline[ Id: b4ccf860-f8c5-4500-854a-fc70cb5dccd1, Nodes: 13b316d7-19fe-4f46-8ee4-74122f1e4c34(fv-az318-260.ewvrrcgabbbubjc05i3n4a3pph.dx.internal.cloudapp.net/10.1.0.81), ReplicationConfig: RATIS/ONE, State:ALLOCATED, leaderId:13b316d7-19fe-4f46-8ee4-74122f1e4c34, CreationTimestamp2023-02-21T13:37:47.214Z[Etc/UTC]] moved to OPEN state
2023-02-21 13:37:50,235 [pool-162-thread-1] INFO  server.RaftServerConfigKeys (ConfUtils.java:logGet(46)) - raft.server.log.use.memory = false (default)
2023-02-21 13:37:50,235 [pool-162-thread-1] INFO  server.RaftServerConfigKeys (ConfUtils.java:logGet(46)) - raft.server.log.purge.gap = 1000000 (custom)
2023-02-21 13:37:50,235 [pool-162-thread-1] INFO  server.RaftServerConfigKeys (ConfUtils.java:logGet(46)) - raft.server.log.appender.buffer.byte-limit = 33554432 (custom)
2023-02-21 13:37:50,235 [pool-162-thread-1] INFO  server.RaftServerConfigKeys (ConfUtils.java:logGet(46)) - raft.server.log.statemachine.data.read.timeout = 1000ms (default)
2023-02-21 13:37:50,235 [pool-162-thread-1] INFO  server.RaftServerConfigKeys (ConfUtils.java:logGet(46)) - raft.server.log.purge.preservation.log.num = 0 (default)
2023-02-21 13:37:50,235 [EventQueue-OpenPipelineForHealthyPipelineSafeModeRule] INFO  safemode.SCMSafeModeManager (HealthyPipelineSafeModeRule.java:process(137)) - SCM in safe mode. Healthy pipelines reported count is 0, required healthy pipeline reported count is 1
2023-02-21 13:37:50,235 [pool-162-thread-1] INFO  server.RaftServerConfigKeys (ConfUtils.java:logGet(46)) - raft.server.log.segment.size.max = 1048576 (custom)
2023-02-21 13:37:50,236 [pool-162-thread-1] INFO  server.RaftServerConfigKeys (ConfUtils.java:logGet(46)) - raft.server.log.segment.cache.num.max = 2 (custom)
2023-02-21 13:37:50,236 [pool-162-thread-1] INFO  server.RaftServerConfigKeys (ConfUtils.java:logGet(46)) - raft.server.log.segment.cache.size.max = 200MB (=209715200) (default)
2023-02-21 13:37:50,236 [pool-162-thread-1] INFO  segmented.SegmentedRaftLogWorker (SegmentedRaftLogWorker.java:<init>(189)) - new 13b316d7-19fe-4f46-8ee4-74122f1e4c34@group-FC70CB5DCCD1-SegmentedRaftLogWorker for RaftStorageImpl:Storage Directory /home/runner/work/ozone/ozone/hadoop-ozone/integration-test/target/test-dir/MiniOzoneClusterImpl-af67ded0-52d4-4e8d-8917-e8c7ba660466/datanode-4/data/ratis/b4ccf860-f8c5-4500-854a-fc70cb5dccd1
2023-02-21 13:37:50,236 [pool-162-thread-1] INFO  server.RaftServerConfigKeys (ConfUtils.java:logGet(46)) - raft.server.log.queue.byte-limit = 4294967296 (custom)
2023-02-21 13:37:50,236 [pool-162-thread-1] INFO  server.RaftServerConfigKeys (ConfUtils.java:logGet(46)) - raft.server.log.queue.element-limit = 1024 (custom)
2023-02-21 13:37:50,236 [pool-162-thread-1] INFO  server.RaftServerConfigKeys (ConfUtils.java:logGet(46)) - raft.server.log.segment.size.max = 1048576 (custom)
2023-02-21 13:37:50,236 [pool-162-thread-1] INFO  server.RaftServerConfigKeys (ConfUtils.java:logGet(46)) - raft.server.log.preallocated.size = 16384 (custom)
2023-02-21 13:37:50,237 [pool-162-thread-1] INFO  server.RaftServerConfigKeys (ConfUtils.java:logGet(46)) - raft.server.log.force.sync.num = 128 (default)
2023-02-21 13:37:50,237 [pool-162-thread-1] INFO  server.RaftServerConfigKeys (ConfUtils.java:logGet(46)) - raft.server.log.statemachine.data.sync = true (default)
2023-02-21 13:37:50,237 [pool-162-thread-1] INFO  server.RaftServerConfigKeys (ConfUtils.java:logGet(46)) - raft.server.log.statemachine.data.sync.timeout = 10s (default)
2023-02-21 13:37:50,237 [pool-162-thread-1] INFO  server.RaftServerConfigKeys (ConfUtils.java:logGet(46)) - raft.server.log.statemachine.data.sync.timeout.retry = -1 (default)
2023-02-21 13:37:50,238 [pool-162-thread-1] INFO  server.RaftServerConfigKeys (ConfUtils.java:logGet(46)) - raft.server.log.write.buffer.size = 1048576 (custom)
2023-02-21 13:37:50,238 [pool-162-thread-1] INFO  server.RaftServerConfigKeys (ConfUtils.java:logGet(46)) - raft.server.log.appender.buffer.byte-limit = 33554432 (custom)
2023-02-21 13:37:50,243 [pool-162-thread-1] INFO  server.RaftServerConfigKeys (ConfUtils.java:logGet(46)) - raft.server.log.unsafe-flush.enabled = false (default)
2023-02-21 13:37:50,244 [pool-162-thread-1] INFO  server.RaftServerConfigKeys (ConfUtils.java:logGet(46)) - raft.server.log.async-flush.enabled = false (default)
2023-02-21 13:37:50,244 [pool-162-thread-1] INFO  server.RaftServerConfigKeys (ConfUtils.java:logGet(46)) - raft.server.log.statemachine.data.caching.enabled = true (custom)
2023-02-21 13:37:50,244 [pool-162-thread-1] INFO  segmented.SegmentedRaftLogWorker (SegmentedRaftLogWorker.java:lambda$new$0(135)) - 13b316d7-19fe-4f46-8ee4-74122f1e4c34@group-FC70CB5DCCD1-SegmentedRaftLogWorker: flushIndex: setUnconditionally 0 -> -1
2023-02-21 13:37:50,244 [pool-162-thread-1] INFO  segmented.SegmentedRaftLogWorker (SegmentedRaftLogWorker.java:lambda$new$0(135)) - 13b316d7-19fe-4f46-8ee4-74122f1e4c34@group-FC70CB5DCCD1-SegmentedRaftLogWorker: safeCacheEvictIndex: setUnconditionally 0 -> -1
2023-02-21 13:37:50,249 [pool-162-thread-1] INFO  server.RaftServer$Division (RaftServerImpl.java:start(334)) - 13b316d7-19fe-4f46-8ee4-74122f1e4c34@group-FC70CB5DCCD1: start as a follower, conf=-1: peers:[13b316d7-19fe-4f46-8ee4-74122f1e4c34|rpc:10.1.0.81:46333|dataStream:10.1.0.81:45723|priority:1|startupRole:FOLLOWER]|listeners:[], old=null
2023-02-21 13:37:50,249 [pool-162-thread-1] INFO  server.RaftServer$Division (RaftServerImpl.java:setRole(321)) - 13b316d7-19fe-4f46-8ee4-74122f1e4c34@group-FC70CB5DCCD1: changes role from      null to FOLLOWER at term 0 for startAsFollower
2023-02-21 13:37:50,249 [pool-162-thread-1] INFO  impl.RoleInfo (RoleInfo.java:updateAndGet(139)) - 13b316d7-19fe-4f46-8ee4-74122f1e4c34: start 13b316d7-19fe-4f46-8ee4-74122f1e4c34@group-FC70CB5DCCD1-FollowerState
2023-02-21 13:37:50,249 [pool-162-thread-1] INFO  util.JmxRegister (JmxRegister.java:tryRegister(44)) - Successfully registered JMX Bean with object name Ratis:service=RaftServer,group=group-FC70CB5DCCD1,id=13b316d7-19fe-4f46-8ee4-74122f1e4c34
2023-02-21 13:37:50,249 [13b316d7-19fe-4f46-8ee4-74122f1e4c34@group-FC70CB5DCCD1-FollowerState] INFO  server.RaftServerConfigKeys (ConfUtils.java:logFallback(53)) - raft.server.rpc.first-election.timeout.min = 5s (fallback to raft.server.rpc.timeout.min)
2023-02-21 13:37:50,249 [pool-162-thread-1] INFO  server.RaftServerConfigKeys (ConfUtils.java:logGet(46)) - raft.server.snapshot.auto.trigger.enabled = true (custom)
2023-02-21 13:37:50,250 [13b316d7-19fe-4f46-8ee4-74122f1e4c34@group-FC70CB5DCCD1-FollowerState] INFO  server.RaftServerConfigKeys (ConfUtils.java:logFallback(53)) - raft.server.rpc.first-election.timeout.max = 5200ms (fallback to raft.server.rpc.timeout.max)
2023-02-21 13:37:50,250 [pool-162-thread-1] INFO  server.RaftServerConfigKeys (ConfUtils.java:logGet(46)) - raft.server.snapshot.auto.trigger.threshold = 10000 (custom)
2023-02-21 13:37:50,250 [pool-162-thread-1] INFO  server.RaftServerConfigKeys (ConfUtils.java:logGet(46)) - raft.server.snapshot.retention.file.num = 5 (custom)
2023-02-21 13:37:50,250 [pool-162-thread-1] INFO  server.RaftServerConfigKeys (ConfUtils.java:logGet(46)) - raft.server.log.purge.upto.snapshot.index = false (default)
2023-02-21 13:37:50,251 [Command processor thread] INFO  ratis.XceiverServerRatis (XceiverServerRatis.java:addGroup(807)) - Created group PipelineID=b4ccf860-f8c5-4500-854a-fc70cb5dccd1
2023-02-21 13:37:50,251 [Command processor thread] INFO  commandhandler.CreatePipelineCommandHandler (CreatePipelineCommandHandler.java:handle(113)) - Created Pipeline RATIS ONE PipelineID=b4ccf860-f8c5-4500-854a-fc70cb5dccd1.
2023-02-21 13:37:51,216 [Listener at 127.0.0.1/35721] INFO  ozone.MiniOzoneClusterImpl (MiniOzoneClusterImpl.java:lambda$waitForClusterToBeReady$0(218)) - Nodes are ready. Got 5 of 5 DN Heartbeats.
2023-02-21 13:37:51,216 [Listener at 127.0.0.1/35721] INFO  ozone.MiniOzoneClusterImpl (MiniOzoneClusterImpl.java:lambda$waitForClusterToBeReady$0(221)) - Waiting for cluster to exit safe mode
2023-02-21 13:37:51,216 [Listener at 127.0.0.1/35721] INFO  ozone.MiniOzoneClusterImpl (MiniOzoneClusterImpl.java:lambda$waitForClusterToBeReady$0(223)) - SCM became leader
2023-02-21 13:37:52,217 [Listener at 127.0.0.1/35721] INFO  ozone.MiniOzoneClusterImpl (MiniOzoneClusterImpl.java:lambda$waitForClusterToBeReady$0(218)) - Nodes are ready. Got 5 of 5 DN Heartbeats.
2023-02-21 13:37:52,217 [Listener at 127.0.0.1/35721] INFO  ozone.MiniOzoneClusterImpl (MiniOzoneClusterImpl.java:lambda$waitForClusterToBeReady$0(221)) - Waiting for cluster to exit safe mode
2023-02-21 13:37:52,217 [Listener at 127.0.0.1/35721] INFO  ozone.MiniOzoneClusterImpl (MiniOzoneClusterImpl.java:lambda$waitForClusterToBeReady$0(223)) - SCM became leader
2023-02-21 13:37:53,218 [Listener at 127.0.0.1/35721] INFO  ozone.MiniOzoneClusterImpl (MiniOzoneClusterImpl.java:lambda$waitForClusterToBeReady$0(218)) - Nodes are ready. Got 5 of 5 DN Heartbeats.
2023-02-21 13:37:53,218 [Listener at 127.0.0.1/35721] INFO  ozone.MiniOzoneClusterImpl (MiniOzoneClusterImpl.java:lambda$waitForClusterToBeReady$0(221)) - Waiting for cluster to exit safe mode
2023-02-21 13:37:53,218 [Listener at 127.0.0.1/35721] INFO  ozone.MiniOzoneClusterImpl (MiniOzoneClusterImpl.java:lambda$waitForClusterToBeReady$0(223)) - SCM became leader
2023-02-21 13:37:53,481 [55112d89-11b5-415b-b3d0-c3d2a8542f19@group-A02C45B6FBBE-FollowerState] INFO  impl.FollowerState (FollowerState.java:run(143)) - 55112d89-11b5-415b-b3d0-c3d2a8542f19@group-A02C45B6FBBE-FollowerState: change to CANDIDATE, lastRpcElapsedTime:5028499648ns, electionTimeout:5022ms
2023-02-21 13:37:53,481 [55112d89-11b5-415b-b3d0-c3d2a8542f19@group-A02C45B6FBBE-FollowerState] INFO  impl.RoleInfo (RoleInfo.java:shutdownFollowerState(110)) - 55112d89-11b5-415b-b3d0-c3d2a8542f19: shutdown 55112d89-11b5-415b-b3d0-c3d2a8542f19@group-A02C45B6FBBE-FollowerState
2023-02-21 13:37:53,482 [55112d89-11b5-415b-b3d0-c3d2a8542f19@group-A02C45B6FBBE-FollowerState] INFO  server.RaftServer$Division (RaftServerImpl.java:setRole(321)) - 55112d89-11b5-415b-b3d0-c3d2a8542f19@group-A02C45B6FBBE: changes role from  FOLLOWER to CANDIDATE at term 0 for changeToCandidate
2023-02-21 13:37:53,483 [55112d89-11b5-415b-b3d0-c3d2a8542f19@group-A02C45B6FBBE-FollowerState] INFO  server.RaftServerConfigKeys (ConfUtils.java:logGet(46)) - raft.server.leaderelection.pre-vote = true (default)
2023-02-21 13:37:53,483 [55112d89-11b5-415b-b3d0-c3d2a8542f19@group-A02C45B6FBBE-FollowerState] INFO  impl.RoleInfo (RoleInfo.java:updateAndGet(139)) - 55112d89-11b5-415b-b3d0-c3d2a8542f19: start 55112d89-11b5-415b-b3d0-c3d2a8542f19@group-A02C45B6FBBE-LeaderElection2
2023-02-21 13:37:53,486 [55112d89-11b5-415b-b3d0-c3d2a8542f19@group-A02C45B6FBBE-LeaderElection2] INFO  impl.LeaderElection (LeaderElection.java:askForVotes(312)) - 55112d89-11b5-415b-b3d0-c3d2a8542f19@group-A02C45B6FBBE-LeaderElection2 PRE_VOTE round 0: submit vote requests at term 0 for -1: peers:[16e51c86-b54f-4418-8274-5609a4b0e8e9|rpc:10.1.0.81:35385|dataStream:10.1.0.81:44455|priority:1|startupRole:FOLLOWER, 49687013-9189-4ed6-aa07-d793b1b94e57|rpc:10.1.0.81:45119|dataStream:10.1.0.81:34179|priority:0|startupRole:FOLLOWER, 55112d89-11b5-415b-b3d0-c3d2a8542f19|rpc:10.1.0.81:33855|dataStream:10.1.0.81:34785|priority:0|startupRole:FOLLOWER]|listeners:[], old=null
2023-02-21 13:37:53,491 [55112d89-11b5-415b-b3d0-c3d2a8542f19@group-A02C45B6FBBE-LeaderElection2] INFO  server.RaftServerConfigKeys (ConfUtils.java:logFallback(53)) - raft.server.rpc.first-election.timeout.min = 5s (fallback to raft.server.rpc.timeout.min)
2023-02-21 13:37:53,491 [55112d89-11b5-415b-b3d0-c3d2a8542f19@group-A02C45B6FBBE-LeaderElection2] INFO  server.RaftServerConfigKeys (ConfUtils.java:logFallback(53)) - raft.server.rpc.first-election.timeout.max = 5200ms (fallback to raft.server.rpc.timeout.max)
2023-02-21 13:37:53,492 [55112d89-11b5-415b-b3d0-c3d2a8542f19@group-A02C45B6FBBE-LeaderElection2-1] INFO  server.GrpcServerProtocolClient (GrpcServerProtocolClient.java:<init>(63)) - Build channel for 16e51c86-b54f-4418-8274-5609a4b0e8e9
2023-02-21 13:37:53,494 [55112d89-11b5-415b-b3d0-c3d2a8542f19@group-A02C45B6FBBE-LeaderElection2-2] INFO  server.GrpcServerProtocolClient (GrpcServerProtocolClient.java:<init>(63)) - Build channel for 49687013-9189-4ed6-aa07-d793b1b94e57
2023-02-21 13:37:53,517 [grpc-default-executor-0] INFO  server.RaftServer$Division (RaftServerImpl.java:requestVote(1218)) - 16e51c86-b54f-4418-8274-5609a4b0e8e9@group-A02C45B6FBBE: receive requestVote(PRE_VOTE, 55112d89-11b5-415b-b3d0-c3d2a8542f19, group-A02C45B6FBBE, 0, (t:0, i:0))
2023-02-21 13:37:53,519 [grpc-default-executor-0] INFO  impl.VoteContext (VoteContext.java:log(49)) - 16e51c86-b54f-4418-8274-5609a4b0e8e9@group-A02C45B6FBBE-FOLLOWER: reject PRE_VOTE from 55112d89-11b5-415b-b3d0-c3d2a8542f19: our priority 1 > candidate's priority 0
2023-02-21 13:37:53,521 [grpc-default-executor-0] INFO  server.RaftServer$Division (RaftServerImpl.java:requestVote(1251)) - 16e51c86-b54f-4418-8274-5609a4b0e8e9@group-A02C45B6FBBE replies to PRE_VOTE vote request: 55112d89-11b5-415b-b3d0-c3d2a8542f19<-16e51c86-b54f-4418-8274-5609a4b0e8e9#0:FAIL-t0. Peer's state: 16e51c86-b54f-4418-8274-5609a4b0e8e9@group-A02C45B6FBBE:t0, leader=null, voted=, raftlog=Memoized:16e51c86-b54f-4418-8274-5609a4b0e8e9@group-A02C45B6FBBE-SegmentedRaftLog:OPENED:c-1, conf=-1: peers:[16e51c86-b54f-4418-8274-5609a4b0e8e9|rpc:10.1.0.81:35385|dataStream:10.1.0.81:44455|priority:1|startupRole:FOLLOWER, 49687013-9189-4ed6-aa07-d793b1b94e57|rpc:10.1.0.81:45119|dataStream:10.1.0.81:34179|priority:0|startupRole:FOLLOWER, 55112d89-11b5-415b-b3d0-c3d2a8542f19|rpc:10.1.0.81:33855|dataStream:10.1.0.81:34785|priority:0|startupRole:FOLLOWER]|listeners:[], old=null
2023-02-21 13:37:53,529 [55112d89-11b5-415b-b3d0-c3d2a8542f19@group-A02C45B6FBBE-LeaderElection2] INFO  impl.LeaderElection (LeaderElection.java:logAndReturn(90)) - 55112d89-11b5-415b-b3d0-c3d2a8542f19@group-A02C45B6FBBE-LeaderElection2: PRE_VOTE REJECTED received 1 response(s) and 0 exception(s):
2023-02-21 13:37:53,529 [55112d89-11b5-415b-b3d0-c3d2a8542f19@group-A02C45B6FBBE-LeaderElection2] INFO  impl.LeaderElection (LeaderElection.java:logAndReturn(94)) -   Response 0: 55112d89-11b5-415b-b3d0-c3d2a8542f19<-16e51c86-b54f-4418-8274-5609a4b0e8e9#0:FAIL-t0
2023-02-21 13:37:53,529 [55112d89-11b5-415b-b3d0-c3d2a8542f19@group-A02C45B6FBBE-LeaderElection2] INFO  impl.LeaderElection (LeaderElection.java:askForVotes(314)) - 55112d89-11b5-415b-b3d0-c3d2a8542f19@group-A02C45B6FBBE-LeaderElection2 PRE_VOTE round 0: result REJECTED
2023-02-21 13:37:53,529 [55112d89-11b5-415b-b3d0-c3d2a8542f19@group-A02C45B6FBBE-LeaderElection2] INFO  server.RaftServer$Division (RaftServerImpl.java:setRole(321)) - 55112d89-11b5-415b-b3d0-c3d2a8542f19@group-A02C45B6FBBE: changes role from CANDIDATE to FOLLOWER at term 0 for REJECTED
2023-02-21 13:37:53,529 [55112d89-11b5-415b-b3d0-c3d2a8542f19@group-A02C45B6FBBE-LeaderElection2] INFO  impl.RoleInfo (RoleInfo.java:shutdownLeaderElection(130)) - 55112d89-11b5-415b-b3d0-c3d2a8542f19: shutdown 55112d89-11b5-415b-b3d0-c3d2a8542f19@group-A02C45B6FBBE-LeaderElection2
2023-02-21 13:37:53,529 [55112d89-11b5-415b-b3d0-c3d2a8542f19@group-A02C45B6FBBE-LeaderElection2] INFO  impl.RoleInfo (RoleInfo.java:updateAndGet(139)) - 55112d89-11b5-415b-b3d0-c3d2a8542f19: start 55112d89-11b5-415b-b3d0-c3d2a8542f19@group-A02C45B6FBBE-FollowerState
2023-02-21 13:37:53,530 [55112d89-11b5-415b-b3d0-c3d2a8542f19@group-A02C45B6FBBE-FollowerState] INFO  server.RaftServerConfigKeys (ConfUtils.java:logFallback(53)) - raft.server.rpc.first-election.timeout.min = 5s (fallback to raft.server.rpc.timeout.min)
2023-02-21 13:37:53,531 [grpc-default-executor-0] INFO  server.RaftServer$Division (RaftServerImpl.java:requestVote(1218)) - 49687013-9189-4ed6-aa07-d793b1b94e57@group-A02C45B6FBBE: receive requestVote(PRE_VOTE, 55112d89-11b5-415b-b3d0-c3d2a8542f19, group-A02C45B6FBBE, 0, (t:0, i:0))
2023-02-21 13:37:53,531 [55112d89-11b5-415b-b3d0-c3d2a8542f19@group-A02C45B6FBBE-FollowerState] INFO  server.RaftServerConfigKeys (ConfUtils.java:logFallback(53)) - raft.server.rpc.first-election.timeout.max = 5200ms (fallback to raft.server.rpc.timeout.max)
2023-02-21 13:37:53,532 [grpc-default-executor-0] INFO  impl.VoteContext (VoteContext.java:log(49)) - 49687013-9189-4ed6-aa07-d793b1b94e57@group-A02C45B6FBBE-FOLLOWER: accept PRE_VOTE from 55112d89-11b5-415b-b3d0-c3d2a8542f19: our priority 0 <= candidate's priority 0
2023-02-21 13:37:53,534 [grpc-default-executor-0] INFO  server.RaftServer$Division (RaftServerImpl.java:requestVote(1251)) - 49687013-9189-4ed6-aa07-d793b1b94e57@group-A02C45B6FBBE replies to PRE_VOTE vote request: 55112d89-11b5-415b-b3d0-c3d2a8542f19<-49687013-9189-4ed6-aa07-d793b1b94e57#0:OK-t0. Peer's state: 49687013-9189-4ed6-aa07-d793b1b94e57@group-A02C45B6FBBE:t0, leader=null, voted=, raftlog=Memoized:49687013-9189-4ed6-aa07-d793b1b94e57@group-A02C45B6FBBE-SegmentedRaftLog:OPENED:c-1, conf=-1: peers:[16e51c86-b54f-4418-8274-5609a4b0e8e9|rpc:10.1.0.81:35385|dataStream:10.1.0.81:44455|priority:1|startupRole:FOLLOWER, 49687013-9189-4ed6-aa07-d793b1b94e57|rpc:10.1.0.81:45119|dataStream:10.1.0.81:34179|priority:0|startupRole:FOLLOWER, 55112d89-11b5-415b-b3d0-c3d2a8542f19|rpc:10.1.0.81:33855|dataStream:10.1.0.81:34785|priority:0|startupRole:FOLLOWER]|listeners:[], old=null
2023-02-21 13:37:53,618 [55112d89-11b5-415b-b3d0-c3d2a8542f19@group-ED4250EF6DDA-FollowerState] INFO  impl.FollowerState (FollowerState.java:run(143)) - 55112d89-11b5-415b-b3d0-c3d2a8542f19@group-ED4250EF6DDA-FollowerState: change to CANDIDATE, lastRpcElapsedTime:5203277100ns, electionTimeout:5196ms
2023-02-21 13:37:53,619 [55112d89-11b5-415b-b3d0-c3d2a8542f19@group-ED4250EF6DDA-FollowerState] INFO  impl.RoleInfo (RoleInfo.java:shutdownFollowerState(110)) - 55112d89-11b5-415b-b3d0-c3d2a8542f19: shutdown 55112d89-11b5-415b-b3d0-c3d2a8542f19@group-ED4250EF6DDA-FollowerState
2023-02-21 13:37:53,619 [55112d89-11b5-415b-b3d0-c3d2a8542f19@group-ED4250EF6DDA-FollowerState] INFO  server.RaftServer$Division (RaftServerImpl.java:setRole(321)) - 55112d89-11b5-415b-b3d0-c3d2a8542f19@group-ED4250EF6DDA: changes role from  FOLLOWER to CANDIDATE at term 0 for changeToCandidate
2023-02-21 13:37:53,619 [55112d89-11b5-415b-b3d0-c3d2a8542f19@group-ED4250EF6DDA-FollowerState] INFO  server.RaftServerConfigKeys (ConfUtils.java:logGet(46)) - raft.server.leaderelection.pre-vote = true (default)
2023-02-21 13:37:53,619 [55112d89-11b5-415b-b3d0-c3d2a8542f19@group-ED4250EF6DDA-FollowerState] INFO  impl.RoleInfo (RoleInfo.java:updateAndGet(139)) - 55112d89-11b5-415b-b3d0-c3d2a8542f19: start 55112d89-11b5-415b-b3d0-c3d2a8542f19@group-ED4250EF6DDA-LeaderElection3
2023-02-21 13:37:53,621 [55112d89-11b5-415b-b3d0-c3d2a8542f19@group-ED4250EF6DDA-LeaderElection3] INFO  impl.LeaderElection (LeaderElection.java:askForVotes(312)) - 55112d89-11b5-415b-b3d0-c3d2a8542f19@group-ED4250EF6DDA-LeaderElection3 PRE_VOTE round 0: submit vote requests at term 0 for -1: peers:[55112d89-11b5-415b-b3d0-c3d2a8542f19|rpc:10.1.0.81:33855|dataStream:10.1.0.81:34785|priority:1|startupRole:FOLLOWER]|listeners:[], old=null
2023-02-21 13:37:53,621 [55112d89-11b5-415b-b3d0-c3d2a8542f19@group-ED4250EF6DDA-LeaderElection3] INFO  impl.LeaderElection (LeaderElection.java:askForVotes(314)) - 55112d89-11b5-415b-b3d0-c3d2a8542f19@group-ED4250EF6DDA-LeaderElection3 PRE_VOTE round 0: result PASSED (term=0)
2023-02-21 13:37:53,623 [55112d89-11b5-415b-b3d0-c3d2a8542f19@group-ED4250EF6DDA-LeaderElection3] INFO  impl.LeaderElection (LeaderElection.java:askForVotes(312)) - 55112d89-11b5-415b-b3d0-c3d2a8542f19@group-ED4250EF6DDA-LeaderElection3 ELECTION round 0: submit vote requests at term 1 for -1: peers:[55112d89-11b5-415b-b3d0-c3d2a8542f19|rpc:10.1.0.81:33855|dataStream:10.1.0.81:34785|priority:1|startupRole:FOLLOWER]|listeners:[], old=null
2023-02-21 13:37:53,623 [55112d89-11b5-415b-b3d0-c3d2a8542f19@group-ED4250EF6DDA-LeaderElection3] INFO  impl.LeaderElection (LeaderElection.java:askForVotes(314)) - 55112d89-11b5-415b-b3d0-c3d2a8542f19@group-ED4250EF6DDA-LeaderElection3 ELECTION round 0: result PASSED (term=1)
2023-02-21 13:37:53,623 [55112d89-11b5-415b-b3d0-c3d2a8542f19@group-ED4250EF6DDA-LeaderElection3] INFO  impl.RoleInfo (RoleInfo.java:shutdownLeaderElection(130)) - 55112d89-11b5-415b-b3d0-c3d2a8542f19: shutdown 55112d89-11b5-415b-b3d0-c3d2a8542f19@group-ED4250EF6DDA-LeaderElection3
2023-02-21 13:37:53,623 [55112d89-11b5-415b-b3d0-c3d2a8542f19@group-ED4250EF6DDA-LeaderElection3] INFO  server.RaftServer$Division (RaftServerImpl.java:setRole(321)) - 55112d89-11b5-415b-b3d0-c3d2a8542f19@group-ED4250EF6DDA: changes role from CANDIDATE to LEADER at term 1 for changeToLeader
2023-02-21 13:37:53,623 [55112d89-11b5-415b-b3d0-c3d2a8542f19@group-ED4250EF6DDA-LeaderElection3] INFO  ratis.XceiverServerRatis (XceiverServerRatis.java:handleLeaderChangedNotification(905)) - Leader change notification received for group: group-ED4250EF6DDA with new leaderId: 55112d89-11b5-415b-b3d0-c3d2a8542f19
2023-02-21 13:37:53,624 [55112d89-11b5-415b-b3d0-c3d2a8542f19@group-ED4250EF6DDA-LeaderElection3] INFO  server.RaftServer$Division (ServerState.java:setLeader(313)) - 55112d89-11b5-415b-b3d0-c3d2a8542f19@group-ED4250EF6DDA: change Leader from null to 55112d89-11b5-415b-b3d0-c3d2a8542f19 at term 1 for becomeLeader, leader elected after 5260ms
2023-02-21 13:37:53,624 [55112d89-11b5-415b-b3d0-c3d2a8542f19@group-ED4250EF6DDA-LeaderElection3] INFO  server.RaftServerConfigKeys (ConfUtils.java:logGet(46)) - raft.server.staging.catchup.gap = 1000 (default)
2023-02-21 13:37:53,624 [55112d89-11b5-415b-b3d0-c3d2a8542f19@group-ED4250EF6DDA-LeaderElection3] INFO  server.RaftServerConfigKeys (ConfUtils.java:logGet(46)) - raft.server.write.element-limit = 1024 (custom)
2023-02-21 13:37:53,624 [55112d89-11b5-415b-b3d0-c3d2a8542f19@group-ED4250EF6DDA-LeaderElection3] INFO  server.RaftServerConfigKeys (ConfUtils.java:logGet(46)) - raft.server.write.byte-limit = 1024 M (=1073741824) (custom)
2023-02-21 13:37:53,625 [55112d89-11b5-415b-b3d0-c3d2a8542f19@group-ED4250EF6DDA-LeaderElection3] INFO  server.RaftServerConfigKeys (ConfUtils.java:logGet(46)) - raft.server.watch.timeout = 180s (custom)
2023-02-21 13:37:53,625 [55112d89-11b5-415b-b3d0-c3d2a8542f19@group-ED4250EF6DDA-LeaderElection3] INFO  server.RaftServerConfigKeys (ConfUtils.java:logGet(46)) - raft.server.watch.timeout.denomination = 1s (default)
2023-02-21 13:37:53,625 [55112d89-11b5-415b-b3d0-c3d2a8542f19@group-ED4250EF6DDA-LeaderElection3] INFO  server.RaftServerConfigKeys (ConfUtils.java:logGet(46)) - raft.server.watch.element-limit = 65536 (default)
2023-02-21 13:37:53,625 [55112d89-11b5-415b-b3d0-c3d2a8542f19@group-ED4250EF6DDA-LeaderElection3] INFO  server.RaftServerConfigKeys (ConfUtils.java:logGet(46)) - raft.server.write.element-limit = 1024 (custom)
2023-02-21 13:37:53,625 [55112d89-11b5-415b-b3d0-c3d2a8542f19@group-ED4250EF6DDA-LeaderElection3] INFO  server.RaftServerConfigKeys (ConfUtils.java:logGet(46)) - raft.server.write.follower.gap.ratio.max = -1.0 (default)
2023-02-21 13:37:53,625 [55112d89-11b5-415b-b3d0-c3d2a8542f19@group-ED4250EF6DDA-LeaderElection3] INFO  impl.RoleInfo (RoleInfo.java:updateAndGet(139)) - 55112d89-11b5-415b-b3d0-c3d2a8542f19: start 55112d89-11b5-415b-b3d0-c3d2a8542f19@group-ED4250EF6DDA-LeaderStateImpl
2023-02-21 13:37:53,625 [EventQueue-OpenPipelineForHealthyPipelineSafeModeRule] INFO  safemode.SCMSafeModeManager (HealthyPipelineSafeModeRule.java:process(137)) - SCM in safe mode. Healthy pipelines reported count is 0, required healthy pipeline reported count is 1
2023-02-21 13:37:53,626 [55112d89-11b5-415b-b3d0-c3d2a8542f19@group-ED4250EF6DDA-LeaderElection3] INFO  segmented.SegmentedRaftLogWorker (SegmentedRaftLogWorker.java:startLogSegment(452)) - 55112d89-11b5-415b-b3d0-c3d2a8542f19@group-ED4250EF6DDA-SegmentedRaftLogWorker: Starting segment from index:0
2023-02-21 13:37:53,628 [55112d89-11b5-415b-b3d0-c3d2a8542f19@group-ED4250EF6DDA-SegmentedRaftLogWorker] INFO  segmented.SegmentedRaftLogWorker (SegmentedRaftLogWorker.java:execute(656)) - 55112d89-11b5-415b-b3d0-c3d2a8542f19@group-ED4250EF6DDA-SegmentedRaftLogWorker: created new log segment /home/runner/work/ozone/ozone/hadoop-ozone/integration-test/target/test-dir/MiniOzoneClusterImpl-af67ded0-52d4-4e8d-8917-e8c7ba660466/datanode-0/data/ratis/ac2e8950-bf7f-4434-bda4-ed4250ef6dda/current/log_inprogress_0
2023-02-21 13:37:53,628 [55112d89-11b5-415b-b3d0-c3d2a8542f19@group-ED4250EF6DDA-LeaderElection3] INFO  server.RaftServer$Division (ServerState.java:setRaftConf(430)) - 55112d89-11b5-415b-b3d0-c3d2a8542f19@group-ED4250EF6DDA: set configuration 0: peers:[55112d89-11b5-415b-b3d0-c3d2a8542f19|rpc:10.1.0.81:33855|dataStream:10.1.0.81:34785|priority:1|startupRole:FOLLOWER]|listeners:[], old=null
2023-02-21 13:37:54,010 [16e51c86-b54f-4418-8274-5609a4b0e8e9@group-A02C45B6FBBE-FollowerState] INFO  impl.FollowerState (FollowerState.java:run(143)) - 16e51c86-b54f-4418-8274-5609a4b0e8e9@group-A02C45B6FBBE-FollowerState: change to CANDIDATE, lastRpcElapsedTime:5117426376ns, electionTimeout:5114ms
2023-02-21 13:37:54,010 [16e51c86-b54f-4418-8274-5609a4b0e8e9@group-A02C45B6FBBE-FollowerState] INFO  impl.RoleInfo (RoleInfo.java:shutdownFollowerState(110)) - 16e51c86-b54f-4418-8274-5609a4b0e8e9: shutdown 16e51c86-b54f-4418-8274-5609a4b0e8e9@group-A02C45B6FBBE-FollowerState
2023-02-21 13:37:54,010 [16e51c86-b54f-4418-8274-5609a4b0e8e9@group-A02C45B6FBBE-FollowerState] INFO  server.RaftServer$Division (RaftServerImpl.java:setRole(321)) - 16e51c86-b54f-4418-8274-5609a4b0e8e9@group-A02C45B6FBBE: changes role from  FOLLOWER to CANDIDATE at term 0 for changeToCandidate
2023-02-21 13:37:54,011 [16e51c86-b54f-4418-8274-5609a4b0e8e9@group-A02C45B6FBBE-FollowerState] INFO  server.RaftServerConfigKeys (ConfUtils.java:logGet(46)) - raft.server.leaderelection.pre-vote = true (default)
2023-02-21 13:37:54,011 [16e51c86-b54f-4418-8274-5609a4b0e8e9@group-A02C45B6FBBE-FollowerState] INFO  impl.RoleInfo (RoleInfo.java:updateAndGet(139)) - 16e51c86-b54f-4418-8274-5609a4b0e8e9: start 16e51c86-b54f-4418-8274-5609a4b0e8e9@group-A02C45B6FBBE-LeaderElection4
2023-02-21 13:37:54,012 [16e51c86-b54f-4418-8274-5609a4b0e8e9@group-A02C45B6FBBE-LeaderElection4] INFO  impl.LeaderElection (LeaderElection.java:askForVotes(312)) - 16e51c86-b54f-4418-8274-5609a4b0e8e9@group-A02C45B6FBBE-LeaderElection4 PRE_VOTE round 0: submit vote requests at term 0 for -1: peers:[16e51c86-b54f-4418-8274-5609a4b0e8e9|rpc:10.1.0.81:35385|dataStream:10.1.0.81:44455|priority:1|startupRole:FOLLOWER, 49687013-9189-4ed6-aa07-d793b1b94e57|rpc:10.1.0.81:45119|dataStream:10.1.0.81:34179|priority:0|startupRole:FOLLOWER, 55112d89-11b5-415b-b3d0-c3d2a8542f19|rpc:10.1.0.81:33855|dataStream:10.1.0.81:34785|priority:0|startupRole:FOLLOWER]|listeners:[], old=null
2023-02-21 13:37:54,013 [16e51c86-b54f-4418-8274-5609a4b0e8e9@group-A02C45B6FBBE-LeaderElection4-1] INFO  server.GrpcServerProtocolClient (GrpcServerProtocolClient.java:<init>(63)) - Build channel for 49687013-9189-4ed6-aa07-d793b1b94e57
2023-02-21 13:37:54,014 [16e51c86-b54f-4418-8274-5609a4b0e8e9@group-A02C45B6FBBE-LeaderElection4-2] INFO  server.GrpcServerProtocolClient (GrpcServerProtocolClient.java:<init>(63)) - Build channel for 55112d89-11b5-415b-b3d0-c3d2a8542f19
2023-02-21 13:37:54,013 [16e51c86-b54f-4418-8274-5609a4b0e8e9@group-A02C45B6FBBE-LeaderElection4] INFO  server.RaftServerConfigKeys (ConfUtils.java:logFallback(53)) - raft.server.rpc.first-election.timeout.min = 5s (fallback to raft.server.rpc.timeout.min)
2023-02-21 13:37:54,015 [16e51c86-b54f-4418-8274-5609a4b0e8e9@group-A02C45B6FBBE-LeaderElection4] INFO  server.RaftServerConfigKeys (ConfUtils.java:logFallback(53)) - raft.server.rpc.first-election.timeout.max = 5200ms (fallback to raft.server.rpc.timeout.max)
2023-02-21 13:37:54,047 [grpc-default-executor-1] INFO  server.RaftServer$Division (RaftServerImpl.java:requestVote(1218)) - 49687013-9189-4ed6-aa07-d793b1b94e57@group-A02C45B6FBBE: receive requestVote(PRE_VOTE, 16e51c86-b54f-4418-8274-5609a4b0e8e9, group-A02C45B6FBBE, 0, (t:0, i:0))
2023-02-21 13:37:54,050 [grpc-default-executor-0] INFO  server.RaftServer$Division (RaftServerImpl.java:requestVote(1218)) - 55112d89-11b5-415b-b3d0-c3d2a8542f19@group-A02C45B6FBBE: receive requestVote(PRE_VOTE, 16e51c86-b54f-4418-8274-5609a4b0e8e9, group-A02C45B6FBBE, 0, (t:0, i:0))
2023-02-21 13:37:54,050 [grpc-default-executor-0] INFO  impl.VoteContext (VoteContext.java:log(49)) - 55112d89-11b5-415b-b3d0-c3d2a8542f19@group-A02C45B6FBBE-FOLLOWER: accept PRE_VOTE from 16e51c86-b54f-4418-8274-5609a4b0e8e9: our priority 0 <= candidate's priority 1
2023-02-21 13:37:54,050 [grpc-default-executor-0] INFO  server.RaftServer$Division (RaftServerImpl.java:requestVote(1251)) - 55112d89-11b5-415b-b3d0-c3d2a8542f19@group-A02C45B6FBBE replies to PRE_VOTE vote request: 16e51c86-b54f-4418-8274-5609a4b0e8e9<-55112d89-11b5-415b-b3d0-c3d2a8542f19#0:OK-t0. Peer's state: 55112d89-11b5-415b-b3d0-c3d2a8542f19@group-A02C45B6FBBE:t0, leader=null, voted=, raftlog=Memoized:55112d89-11b5-415b-b3d0-c3d2a8542f19@group-A02C45B6FBBE-SegmentedRaftLog:OPENED:c-1, conf=-1: peers:[16e51c86-b54f-4418-8274-5609a4b0e8e9|rpc:10.1.0.81:35385|dataStream:10.1.0.81:44455|priority:1|startupRole:FOLLOWER, 49687013-9189-4ed6-aa07-d793b1b94e57|rpc:10.1.0.81:45119|dataStream:10.1.0.81:34179|priority:0|startupRole:FOLLOWER, 55112d89-11b5-415b-b3d0-c3d2a8542f19|rpc:10.1.0.81:33855|dataStream:10.1.0.81:34785|priority:0|startupRole:FOLLOWER]|listeners:[], old=null
2023-02-21 13:37:54,051 [grpc-default-executor-1] INFO  impl.VoteContext (VoteContext.java:log(49)) - 49687013-9189-4ed6-aa07-d793b1b94e57@group-A02C45B6FBBE-FOLLOWER: accept PRE_VOTE from 16e51c86-b54f-4418-8274-5609a4b0e8e9: our priority 0 <= candidate's priority 1
2023-02-21 13:37:54,052 [grpc-default-executor-1] INFO  server.RaftServer$Division (RaftServerImpl.java:requestVote(1251)) - 49687013-9189-4ed6-aa07-d793b1b94e57@group-A02C45B6FBBE replies to PRE_VOTE vote request: 16e51c86-b54f-4418-8274-5609a4b0e8e9<-49687013-9189-4ed6-aa07-d793b1b94e57#0:OK-t0. Peer's state: 49687013-9189-4ed6-aa07-d793b1b94e57@group-A02C45B6FBBE:t0, leader=null, voted=, raftlog=Memoized:49687013-9189-4ed6-aa07-d793b1b94e57@group-A02C45B6FBBE-SegmentedRaftLog:OPENED:c-1, conf=-1: peers:[16e51c86-b54f-4418-8274-5609a4b0e8e9|rpc:10.1.0.81:35385|dataStream:10.1.0.81:44455|priority:1|startupRole:FOLLOWER, 49687013-9189-4ed6-aa07-d793b1b94e57|rpc:10.1.0.81:45119|dataStream:10.1.0.81:34179|priority:0|startupRole:FOLLOWER, 55112d89-11b5-415b-b3d0-c3d2a8542f19|rpc:10.1.0.81:33855|dataStream:10.1.0.81:34785|priority:0|startupRole:FOLLOWER]|listeners:[], old=null
2023-02-21 13:37:54,064 [16e51c86-b54f-4418-8274-5609a4b0e8e9@group-A02C45B6FBBE-LeaderElection4] INFO  impl.LeaderElection (LeaderElection.java:logAndReturn(90)) - 16e51c86-b54f-4418-8274-5609a4b0e8e9@group-A02C45B6FBBE-LeaderElection4: PRE_VOTE PASSED received 1 response(s) and 0 exception(s):
2023-02-21 13:37:54,065 [16e51c86-b54f-4418-8274-5609a4b0e8e9@group-A02C45B6FBBE-LeaderElection4] INFO  impl.LeaderElection (LeaderElection.java:logAndReturn(94)) -   Response 0: 16e51c86-b54f-4418-8274-5609a4b0e8e9<-55112d89-11b5-415b-b3d0-c3d2a8542f19#0:OK-t0
2023-02-21 13:37:54,065 [16e51c86-b54f-4418-8274-5609a4b0e8e9@group-A02C45B6FBBE-LeaderElection4] INFO  impl.LeaderElection (LeaderElection.java:askForVotes(314)) - 16e51c86-b54f-4418-8274-5609a4b0e8e9@group-A02C45B6FBBE-LeaderElection4 PRE_VOTE round 0: result PASSED
2023-02-21 13:37:54,069 [16e51c86-b54f-4418-8274-5609a4b0e8e9@group-A02C45B6FBBE-LeaderElection4] INFO  impl.LeaderElection (LeaderElection.java:askForVotes(312)) - 16e51c86-b54f-4418-8274-5609a4b0e8e9@group-A02C45B6FBBE-LeaderElection4 ELECTION round 0: submit vote requests at term 1 for -1: peers:[16e51c86-b54f-4418-8274-5609a4b0e8e9|rpc:10.1.0.81:35385|dataStream:10.1.0.81:44455|priority:1|startupRole:FOLLOWER, 49687013-9189-4ed6-aa07-d793b1b94e57|rpc:10.1.0.81:45119|dataStream:10.1.0.81:34179|priority:0|startupRole:FOLLOWER, 55112d89-11b5-415b-b3d0-c3d2a8542f19|rpc:10.1.0.81:33855|dataStream:10.1.0.81:34785|priority:0|startupRole:FOLLOWER]|listeners:[], old=null
2023-02-21 13:37:54,070 [16e51c86-b54f-4418-8274-5609a4b0e8e9@group-A02C45B6FBBE-LeaderElection4] INFO  server.RaftServerConfigKeys (ConfUtils.java:logFallback(53)) - raft.server.rpc.first-election.timeout.min = 5s (fallback to raft.server.rpc.timeout.min)
2023-02-21 13:37:54,071 [16e51c86-b54f-4418-8274-5609a4b0e8e9@group-A02C45B6FBBE-LeaderElection4] INFO  server.RaftServerConfigKeys (ConfUtils.java:logFallback(53)) - raft.server.rpc.first-election.timeout.max = 5200ms (fallback to raft.server.rpc.timeout.max)
2023-02-21 13:37:54,074 [grpc-default-executor-1] INFO  server.RaftServer$Division (RaftServerImpl.java:requestVote(1218)) - 49687013-9189-4ed6-aa07-d793b1b94e57@group-A02C45B6FBBE: receive requestVote(ELECTION, 16e51c86-b54f-4418-8274-5609a4b0e8e9, group-A02C45B6FBBE, 1, (t:0, i:0))
2023-02-21 13:37:54,075 [grpc-default-executor-1] INFO  impl.VoteContext (VoteContext.java:log(49)) - 49687013-9189-4ed6-aa07-d793b1b94e57@group-A02C45B6FBBE-FOLLOWER: accept ELECTION from 16e51c86-b54f-4418-8274-5609a4b0e8e9: our priority 0 <= candidate's priority 1
2023-02-21 13:37:54,075 [grpc-default-executor-1] INFO  server.RaftServer$Division (RaftServerImpl.java:setRole(321)) - 49687013-9189-4ed6-aa07-d793b1b94e57@group-A02C45B6FBBE: changes role from  FOLLOWER to FOLLOWER at term 1 for candidate:16e51c86-b54f-4418-8274-5609a4b0e8e9
2023-02-21 13:37:54,075 [grpc-default-executor-1] INFO  impl.RoleInfo (RoleInfo.java:shutdownFollowerState(110)) - 49687013-9189-4ed6-aa07-d793b1b94e57: shutdown 49687013-9189-4ed6-aa07-d793b1b94e57@group-A02C45B6FBBE-FollowerState
2023-02-21 13:37:54,075 [49687013-9189-4ed6-aa07-d793b1b94e57@group-A02C45B6FBBE-FollowerState] INFO  impl.FollowerState (FollowerState.java:run(152)) - 49687013-9189-4ed6-aa07-d793b1b94e57@group-A02C45B6FBBE-FollowerState was interrupted
2023-02-21 13:37:54,079 [grpc-default-executor-1] INFO  impl.RoleInfo (RoleInfo.java:updateAndGet(139)) - 49687013-9189-4ed6-aa07-d793b1b94e57: start 49687013-9189-4ed6-aa07-d793b1b94e57@group-A02C45B6FBBE-FollowerState
2023-02-21 13:37:54,079 [grpc-default-executor-0] INFO  server.RaftServer$Division (RaftServerImpl.java:requestVote(1218)) - 55112d89-11b5-415b-b3d0-c3d2a8542f19@group-A02C45B6FBBE: receive requestVote(ELECTION, 16e51c86-b54f-4418-8274-5609a4b0e8e9, group-A02C45B6FBBE, 1, (t:0, i:0))
2023-02-21 13:37:54,079 [grpc-default-executor-0] INFO  impl.VoteContext (VoteContext.java:log(49)) - 55112d89-11b5-415b-b3d0-c3d2a8542f19@group-A02C45B6FBBE-FOLLOWER: accept ELECTION from 16e51c86-b54f-4418-8274-5609a4b0e8e9: our priority 0 <= candidate's priority 1
2023-02-21 13:37:54,079 [grpc-default-executor-0] INFO  server.RaftServer$Division (RaftServerImpl.java:setRole(321)) - 55112d89-11b5-415b-b3d0-c3d2a8542f19@group-A02C45B6FBBE: changes role from  FOLLOWER to FOLLOWER at term 1 for candidate:16e51c86-b54f-4418-8274-5609a4b0e8e9
2023-02-21 13:37:54,079 [grpc-default-executor-0] INFO  impl.RoleInfo (RoleInfo.java:shutdownFollowerState(110)) - 55112d89-11b5-415b-b3d0-c3d2a8542f19: shutdown 55112d89-11b5-415b-b3d0-c3d2a8542f19@group-A02C45B6FBBE-FollowerState
2023-02-21 13:37:54,079 [grpc-default-executor-0] INFO  impl.RoleInfo (RoleInfo.java:updateAndGet(139)) - 55112d89-11b5-415b-b3d0-c3d2a8542f19: start 55112d89-11b5-415b-b3d0-c3d2a8542f19@group-A02C45B6FBBE-FollowerState
2023-02-21 13:37:54,079 [49687013-9189-4ed6-aa07-d793b1b94e57@group-A02C45B6FBBE-FollowerState] INFO  server.RaftServerConfigKeys (ConfUtils.java:logFallback(53)) - raft.server.rpc.first-election.timeout.min = 5s (fallback to raft.server.rpc.timeout.min)
2023-02-21 13:37:54,080 [49687013-9189-4ed6-aa07-d793b1b94e57@group-A02C45B6FBBE-FollowerState] INFO  server.RaftServerConfigKeys (ConfUtils.java:logFallback(53)) - raft.server.rpc.first-election.timeout.max = 5200ms (fallback to raft.server.rpc.timeout.max)
2023-02-21 13:37:54,080 [55112d89-11b5-415b-b3d0-c3d2a8542f19@group-A02C45B6FBBE-FollowerState] INFO  impl.FollowerState (FollowerState.java:run(152)) - 55112d89-11b5-415b-b3d0-c3d2a8542f19@group-A02C45B6FBBE-FollowerState was interrupted
2023-02-21 13:37:54,085 [49687013-9189-4ed6-aa07-d793b1b94e57@group-66544A672C8E-FollowerState] INFO  impl.FollowerState (FollowerState.java:run(143)) - 49687013-9189-4ed6-aa07-d793b1b94e57@group-66544A672C8E-FollowerState: change to CANDIDATE, lastRpcElapsedTime:5066993603ns, electionTimeout:5059ms
2023-02-21 13:37:54,086 [grpc-default-executor-0] INFO  server.RaftServer$Division (RaftServerImpl.java:requestVote(1251)) - 55112d89-11b5-415b-b3d0-c3d2a8542f19@group-A02C45B6FBBE replies to ELECTION vote request: 16e51c86-b54f-4418-8274-5609a4b0e8e9<-55112d89-11b5-415b-b3d0-c3d2a8542f19#0:OK-t1. Peer's state: 55112d89-11b5-415b-b3d0-c3d2a8542f19@group-A02C45B6FBBE:t1, leader=null, voted=16e51c86-b54f-4418-8274-5609a4b0e8e9, raftlog=Memoized:55112d89-11b5-415b-b3d0-c3d2a8542f19@group-A02C45B6FBBE-SegmentedRaftLog:OPENED:c-1, conf=-1: peers:[16e51c86-b54f-4418-8274-5609a4b0e8e9|rpc:10.1.0.81:35385|dataStream:10.1.0.81:44455|priority:1|startupRole:FOLLOWER, 49687013-9189-4ed6-aa07-d793b1b94e57|rpc:10.1.0.81:45119|dataStream:10.1.0.81:34179|priority:0|startupRole:FOLLOWER, 55112d89-11b5-415b-b3d0-c3d2a8542f19|rpc:10.1.0.81:33855|dataStream:10.1.0.81:34785|priority:0|startupRole:FOLLOWER]|listeners:[], old=null
2023-02-21 13:37:54,086 [55112d89-11b5-415b-b3d0-c3d2a8542f19@group-A02C45B6FBBE-FollowerState] INFO  server.RaftServerConfigKeys (ConfUtils.java:logFallback(53)) - raft.server.rpc.first-election.timeout.min = 5s (fallback to raft.server.rpc.timeout.min)
2023-02-21 13:37:54,086 [55112d89-11b5-415b-b3d0-c3d2a8542f19@group-A02C45B6FBBE-FollowerState] INFO  server.RaftServerConfigKeys (ConfUtils.java:logFallback(53)) - raft.server.rpc.first-election.timeout.max = 5200ms (fallback to raft.server.rpc.timeout.max)
2023-02-21 13:37:54,086 [grpc-default-executor-1] INFO  server.RaftServer$Division (RaftServerImpl.java:requestVote(1251)) - 49687013-9189-4ed6-aa07-d793b1b94e57@group-A02C45B6FBBE replies to ELECTION vote request: 16e51c86-b54f-4418-8274-5609a4b0e8e9<-49687013-9189-4ed6-aa07-d793b1b94e57#0:OK-t1. Peer's state: 49687013-9189-4ed6-aa07-d793b1b94e57@group-A02C45B6FBBE:t1, leader=null, voted=16e51c86-b54f-4418-8274-5609a4b0e8e9, raftlog=Memoized:49687013-9189-4ed6-aa07-d793b1b94e57@group-A02C45B6FBBE-SegmentedRaftLog:OPENED:c-1, conf=-1: peers:[16e51c86-b54f-4418-8274-5609a4b0e8e9|rpc:10.1.0.81:35385|dataStream:10.1.0.81:44455|priority:1|startupRole:FOLLOWER, 49687013-9189-4ed6-aa07-d793b1b94e57|rpc:10.1.0.81:45119|dataStream:10.1.0.81:34179|priority:0|startupRole:FOLLOWER, 55112d89-11b5-415b-b3d0-c3d2a8542f19|rpc:10.1.0.81:33855|dataStream:10.1.0.81:34785|priority:0|startupRole:FOLLOWER]|listeners:[], old=null
2023-02-21 13:37:54,087 [49687013-9189-4ed6-aa07-d793b1b94e57@group-66544A672C8E-FollowerState] INFO  impl.RoleInfo (RoleInfo.java:shutdownFollowerState(110)) - 49687013-9189-4ed6-aa07-d793b1b94e57: shutdown 49687013-9189-4ed6-aa07-d793b1b94e57@group-66544A672C8E-FollowerState
2023-02-21 13:37:54,087 [49687013-9189-4ed6-aa07-d793b1b94e57@group-66544A672C8E-FollowerState] INFO  server.RaftServer$Division (RaftServerImpl.java:setRole(321)) - 49687013-9189-4ed6-aa07-d793b1b94e57@group-66544A672C8E: changes role from  FOLLOWER to CANDIDATE at term 0 for changeToCandidate
2023-02-21 13:37:54,088 [16e51c86-b54f-4418-8274-5609a4b0e8e9@group-A02C45B6FBBE-LeaderElection4] INFO  impl.LeaderElection (LeaderElection.java:logAndReturn(90)) - 16e51c86-b54f-4418-8274-5609a4b0e8e9@group-A02C45B6FBBE-LeaderElection4: ELECTION PASSED received 1 response(s) and 0 exception(s):
2023-02-21 13:37:54,093 [16e51c86-b54f-4418-8274-5609a4b0e8e9@group-A02C45B6FBBE-LeaderElection4] INFO  impl.LeaderElection (LeaderElection.java:logAndReturn(94)) -   Response 0: 16e51c86-b54f-4418-8274-5609a4b0e8e9<-49687013-9189-4ed6-aa07-d793b1b94e57#0:OK-t1
2023-02-21 13:37:54,093 [16e51c86-b54f-4418-8274-5609a4b0e8e9@group-A02C45B6FBBE-LeaderElection4] INFO  impl.LeaderElection (LeaderElection.java:askForVotes(314)) - 16e51c86-b54f-4418-8274-5609a4b0e8e9@group-A02C45B6FBBE-LeaderElection4 ELECTION round 0: result PASSED
2023-02-21 13:37:54,093 [16e51c86-b54f-4418-8274-5609a4b0e8e9@group-A02C45B6FBBE-LeaderElection4] INFO  impl.RoleInfo (RoleInfo.java:shutdownLeaderElection(130)) - 16e51c86-b54f-4418-8274-5609a4b0e8e9: shutdown 16e51c86-b54f-4418-8274-5609a4b0e8e9@group-A02C45B6FBBE-LeaderElection4
2023-02-21 13:37:54,093 [16e51c86-b54f-4418-8274-5609a4b0e8e9@group-A02C45B6FBBE-LeaderElection4] INFO  server.RaftServer$Division (RaftServerImpl.java:setRole(321)) - 16e51c86-b54f-4418-8274-5609a4b0e8e9@group-A02C45B6FBBE: changes role from CANDIDATE to LEADER at term 1 for changeToLeader
2023-02-21 13:37:54,093 [16e51c86-b54f-4418-8274-5609a4b0e8e9@group-A02C45B6FBBE-LeaderElection4] INFO  ratis.XceiverServerRatis (XceiverServerRatis.java:handleLeaderChangedNotification(905)) - Leader change notification received for group: group-A02C45B6FBBE with new leaderId: 16e51c86-b54f-4418-8274-5609a4b0e8e9
2023-02-21 13:37:54,093 [16e51c86-b54f-4418-8274-5609a4b0e8e9@group-A02C45B6FBBE-LeaderElection4] INFO  server.RaftServer$Division (ServerState.java:setLeader(313)) - 16e51c86-b54f-4418-8274-5609a4b0e8e9@group-A02C45B6FBBE: change Leader from null to 16e51c86-b54f-4418-8274-5609a4b0e8e9 at term 1 for becomeLeader, leader elected after 5226ms
2023-02-21 13:37:54,093 [16e51c86-b54f-4418-8274-5609a4b0e8e9@group-A02C45B6FBBE-LeaderElection4] INFO  server.RaftServerConfigKeys (ConfUtils.java:logGet(46)) - raft.server.staging.catchup.gap = 1000 (default)
2023-02-21 13:37:54,093 [16e51c86-b54f-4418-8274-5609a4b0e8e9@group-A02C45B6FBBE-LeaderElection4] INFO  server.RaftServerConfigKeys (ConfUtils.java:logGet(46)) - raft.server.write.element-limit = 1024 (custom)
2023-02-21 13:37:54,093 [16e51c86-b54f-4418-8274-5609a4b0e8e9@group-A02C45B6FBBE-LeaderElection4] INFO  server.RaftServerConfigKeys (ConfUtils.java:logGet(46)) - raft.server.write.byte-limit = 1024 M (=1073741824) (custom)
2023-02-21 13:37:54,094 [16e51c86-b54f-4418-8274-5609a4b0e8e9@group-A02C45B6FBBE-LeaderElection4] INFO  server.RaftServerConfigKeys (ConfUtils.java:logGet(46)) - raft.server.watch.timeout = 180s (custom)
2023-02-21 13:37:54,094 [16e51c86-b54f-4418-8274-5609a4b0e8e9@group-A02C45B6FBBE-LeaderElection4] INFO  server.RaftServerConfigKeys (ConfUtils.java:logGet(46)) - raft.server.watch.timeout.denomination = 1s (default)
2023-02-21 13:37:54,094 [16e51c86-b54f-4418-8274-5609a4b0e8e9@group-A02C45B6FBBE-LeaderElection4] INFO  server.RaftServerConfigKeys (ConfUtils.java:logGet(46)) - raft.server.watch.element-limit = 65536 (default)
2023-02-21 13:37:54,097 [16e51c86-b54f-4418-8274-5609a4b0e8e9@group-A02C45B6FBBE-LeaderElection4] INFO  server.RaftServerConfigKeys (ConfUtils.java:logGet(46)) - raft.server.write.element-limit = 1024 (custom)
2023-02-21 13:37:54,097 [16e51c86-b54f-4418-8274-5609a4b0e8e9@group-A02C45B6FBBE-LeaderElection4] INFO  server.RaftServerConfigKeys (ConfUtils.java:logGet(46)) - raft.server.write.follower.gap.ratio.max = -1.0 (default)
2023-02-21 13:37:54,092 [49687013-9189-4ed6-aa07-d793b1b94e57@group-66544A672C8E-FollowerState] INFO  server.RaftServerConfigKeys (ConfUtils.java:logGet(46)) - raft.server.leaderelection.pre-vote = true (default)
2023-02-21 13:37:54,100 [49687013-9189-4ed6-aa07-d793b1b94e57@group-66544A672C8E-FollowerState] INFO  impl.RoleInfo (RoleInfo.java:updateAndGet(139)) - 49687013-9189-4ed6-aa07-d793b1b94e57: start 49687013-9189-4ed6-aa07-d793b1b94e57@group-66544A672C8E-LeaderElection5
2023-02-21 13:37:54,096 [EventQueue-OpenPipelineForHealthyPipelineSafeModeRule] INFO  safemode.SCMSafeModeManager (HealthyPipelineSafeModeRule.java:process(137)) - SCM in safe mode. Healthy pipelines reported count is 0, required healthy pipeline reported count is 1
2023-02-21 13:37:54,096 [EventQueue-PipelineReportForPipelineReportHandler] INFO  pipeline.PipelineManagerImpl (PipelineManagerImpl.java:openPipeline(367)) - Pipeline Pipeline[ Id: 46c6d006-6654-477f-ba61-a02c45b6fbbe, Nodes: 55112d89-11b5-415b-b3d0-c3d2a8542f19(fv-az318-260.ewvrrcgabbbubjc05i3n4a3pph.dx.internal.cloudapp.net/10.1.0.81)16e51c86-b54f-4418-8274-5609a4b0e8e9(fv-az318-260.ewvrrcgabbbubjc05i3n4a3pph.dx.internal.cloudapp.net/10.1.0.81)49687013-9189-4ed6-aa07-d793b1b94e57(fv-az318-260.ewvrrcgabbbubjc05i3n4a3pph.dx.internal.cloudapp.net/10.1.0.81), ReplicationConfig: RATIS/THREE, State:ALLOCATED, leaderId:16e51c86-b54f-4418-8274-5609a4b0e8e9, CreationTimestamp2023-02-21T13:37:46.388Z[Etc/UTC]] moved to OPEN state
2023-02-21 13:37:54,108 [EventQueue-OpenPipelineForHealthyPipelineSafeModeRule] INFO  safemode.SCMSafeModeManager (HealthyPipelineSafeModeRule.java:process(137)) - SCM in safe mode. Healthy pipelines reported count is 1, required healthy pipeline reported count is 1
2023-02-21 13:37:54,108 [EventQueue-OpenPipelineForHealthyPipelineSafeModeRule] INFO  safemode.SCMSafeModeManager (SCMSafeModeManager.java:validateSafeModeExitRules(200)) - HealthyPipelineSafeModeRule rule is successfully validated
2023-02-21 13:37:54,108 [EventQueue-OpenPipelineForHealthyPipelineSafeModeRule] INFO  safemode.SCMSafeModeManager (SCMSafeModeManager.java:validateSafeModeExitRules(215)) - ScmSafeModeManager, all rules are successfully validated
2023-02-21 13:37:54,108 [EventQueue-OpenPipelineForHealthyPipelineSafeModeRule] INFO  safemode.SCMSafeModeManager (SCMSafeModeManager.java:exitSafeMode(244)) - SCM exiting safe mode.
2023-02-21 13:37:54,108 [EventQueue-OpenPipelineForHealthyPipelineSafeModeRule] INFO  ha.SCMContext (SCMContext.java:updateSafeModeStatus(228)) - Update SafeModeStatus from SafeModeStatus{safeModeStatus=true, preCheckPassed=true} to SafeModeStatus{safeModeStatus=false, preCheckPassed=true}.
2023-02-21 13:37:54,108 [EventQueue-OpenPipelineForHealthyPipelineSafeModeRule] INFO  pipeline.BackgroundPipelineCreator (BackgroundPipelineCreator.java:notifyStatusChanged(254)) - Service BackgroundPipelineCreator transitions to RUNNING.
2023-02-21 13:37:54,108 [EventQueue-OpenPipelineForHealthyPipelineSafeModeRule] INFO  BackgroundPipelineScrubber (BackgroundSCMService.java:notifyStatusChanged(82)) - Service BackgroundPipelineScrubber transitions to RUNNING.
2023-02-21 13:37:54,108 [EventQueue-OpenPipelineForHealthyPipelineSafeModeRule] INFO  ExpiredContainerReplicaOpScrubber (BackgroundSCMService.java:notifyStatusChanged(82)) - Service ExpiredContainerReplicaOpScrubber transitions to RUNNING.
2023-02-21 13:37:54,109 [EventQueue-OpenPipelineForHealthyPipelineSafeModeRule] INFO  replication.ReplicationManager (ReplicationManager.java:notifyStatusChanged(1083)) - Service ReplicationManager transitions to RUNNING.
2023-02-21 13:37:54,112 [EventQueue-OpenPipelineForHealthyPipelineSafeModeRule] WARN  balancer.ContainerBalancer (ContainerBalancer.java:shouldRun(131)) - Could not find persisted configuration for ContainerBalancer when checking if ContainerBalancer should run. ContainerBalancer should not run now.
2023-02-21 13:37:54,117 [49687013-9189-4ed6-aa07-d793b1b94e57@group-66544A672C8E-LeaderElection5] INFO  impl.LeaderElection (LeaderElection.java:askForVotes(312)) - 49687013-9189-4ed6-aa07-d793b1b94e57@group-66544A672C8E-LeaderElection5 PRE_VOTE round 0: submit vote requests at term 0 for -1: peers:[49687013-9189-4ed6-aa07-d793b1b94e57|rpc:10.1.0.81:45119|dataStream:10.1.0.81:34179|priority:1|startupRole:FOLLOWER]|listeners:[], old=null
2023-02-21 13:37:54,118 [49687013-9189-4ed6-aa07-d793b1b94e57@group-66544A672C8E-LeaderElection5] INFO  impl.LeaderElection (LeaderElection.java:askForVotes(314)) - 49687013-9189-4ed6-aa07-d793b1b94e57@group-66544A672C8E-LeaderElection5 PRE_VOTE round 0: result PASSED (term=0)
2023-02-21 13:37:54,117 [16e51c86-b54f-4418-8274-5609a4b0e8e9@group-A02C45B6FBBE-LeaderElection4] INFO  server.RaftServerConfigKeys (ConfUtils.java:logGet(46)) - raft.server.log.appender.snapshot.chunk.size.max = 16MB (=16777216) (default)
2023-02-21 13:37:54,119 [16e51c86-b54f-4418-8274-5609a4b0e8e9@group-A02C45B6FBBE-LeaderElection4] INFO  server.RaftServerConfigKeys (ConfUtils.java:logGet(46)) - raft.server.log.appender.buffer.byte-limit = 33554432 (custom)
2023-02-21 13:37:54,119 [16e51c86-b54f-4418-8274-5609a4b0e8e9@group-A02C45B6FBBE-LeaderElection4] INFO  server.RaftServerConfigKeys (ConfUtils.java:logGet(46)) - raft.server.log.appender.buffer.element-limit = 1 (custom)
2023-02-21 13:37:54,120 [49687013-9189-4ed6-aa07-d793b1b94e57@group-66544A672C8E-LeaderElection5] INFO  impl.LeaderElection (LeaderElection.java:askForVotes(312)) - 49687013-9189-4ed6-aa07-d793b1b94e57@group-66544A672C8E-LeaderElection5 ELECTION round 0: submit vote requests at term 1 for -1: peers:[49687013-9189-4ed6-aa07-d793b1b94e57|rpc:10.1.0.81:45119|dataStream:10.1.0.81:34179|priority:1|startupRole:FOLLOWER]|listeners:[], old=null
2023-02-21 13:37:54,120 [49687013-9189-4ed6-aa07-d793b1b94e57@group-66544A672C8E-LeaderElection5] INFO  impl.LeaderElection (LeaderElection.java:askForVotes(314)) - 49687013-9189-4ed6-aa07-d793b1b94e57@group-66544A672C8E-LeaderElection5 ELECTION round 0: result PASSED (term=1)
2023-02-21 13:37:54,121 [49687013-9189-4ed6-aa07-d793b1b94e57@group-66544A672C8E-LeaderElection5] INFO  impl.RoleInfo (RoleInfo.java:shutdownLeaderElection(130)) - 49687013-9189-4ed6-aa07-d793b1b94e57: shutdown 49687013-9189-4ed6-aa07-d793b1b94e57@group-66544A672C8E-LeaderElection5
2023-02-21 13:37:54,121 [49687013-9189-4ed6-aa07-d793b1b94e57@group-66544A672C8E-LeaderElection5] INFO  server.RaftServer$Division (RaftServerImpl.java:setRole(321)) - 49687013-9189-4ed6-aa07-d793b1b94e57@group-66544A672C8E: changes role from CANDIDATE to LEADER at term 1 for changeToLeader
2023-02-21 13:37:54,121 [49687013-9189-4ed6-aa07-d793b1b94e57@group-66544A672C8E-LeaderElection5] INFO  ratis.XceiverServerRatis (XceiverServerRatis.java:handleLeaderChangedNotification(905)) - Leader change notification received for group: group-66544A672C8E with new leaderId: 49687013-9189-4ed6-aa07-d793b1b94e57
2023-02-21 13:37:54,121 [49687013-9189-4ed6-aa07-d793b1b94e57@group-66544A672C8E-LeaderElection5] INFO  server.RaftServer$Division (ServerState.java:setLeader(313)) - 49687013-9189-4ed6-aa07-d793b1b94e57@group-66544A672C8E: change Leader from null to 49687013-9189-4ed6-aa07-d793b1b94e57 at term 1 for becomeLeader, leader elected after 5151ms
2023-02-21 13:37:54,121 [49687013-9189-4ed6-aa07-d793b1b94e57@group-66544A672C8E-LeaderElection5] INFO  server.RaftServerConfigKeys (ConfUtils.java:logGet(46)) - raft.server.staging.catchup.gap = 1000 (default)
2023-02-21 13:37:54,121 [49687013-9189-4ed6-aa07-d793b1b94e57@group-66544A672C8E-LeaderElection5] INFO  server.RaftServerConfigKeys (ConfUtils.java:logGet(46)) - raft.server.write.element-limit = 1024 (custom)
2023-02-21 13:37:54,121 [49687013-9189-4ed6-aa07-d793b1b94e57@group-66544A672C8E-LeaderElection5] INFO  server.RaftServerConfigKeys (ConfUtils.java:logGet(46)) - raft.server.write.byte-limit = 1024 M (=1073741824) (custom)
2023-02-21 13:37:54,122 [49687013-9189-4ed6-aa07-d793b1b94e57@group-66544A672C8E-LeaderElection5] INFO  server.RaftServerConfigKeys (ConfUtils.java:logGet(46)) - raft.server.watch.timeout = 180s (custom)
2023-02-21 13:37:54,122 [49687013-9189-4ed6-aa07-d793b1b94e57@group-66544A672C8E-LeaderElection5] INFO  server.RaftServerConfigKeys (ConfUtils.java:logGet(46)) - raft.server.watch.timeout.denomination = 1s (default)
2023-02-21 13:37:54,122 [49687013-9189-4ed6-aa07-d793b1b94e57@group-66544A672C8E-LeaderElection5] INFO  server.RaftServerConfigKeys (ConfUtils.java:logGet(46)) - raft.server.watch.element-limit = 65536 (default)
2023-02-21 13:37:54,122 [49687013-9189-4ed6-aa07-d793b1b94e57@group-66544A672C8E-LeaderElection5] INFO  server.RaftServerConfigKeys (ConfUtils.java:logGet(46)) - raft.server.write.element-limit = 1024 (custom)
2023-02-21 13:37:54,122 [49687013-9189-4ed6-aa07-d793b1b94e57@group-66544A672C8E-LeaderElection5] INFO  server.RaftServerConfigKeys (ConfUtils.java:logGet(46)) - raft.server.write.follower.gap.ratio.max = -1.0 (default)
2023-02-21 13:37:54,123 [49687013-9189-4ed6-aa07-d793b1b94e57@group-66544A672C8E-LeaderElection5] INFO  impl.RoleInfo (RoleInfo.java:updateAndGet(139)) - 49687013-9189-4ed6-aa07-d793b1b94e57: start 49687013-9189-4ed6-aa07-d793b1b94e57@group-66544A672C8E-LeaderStateImpl
2023-02-21 13:37:54,123 [49687013-9189-4ed6-aa07-d793b1b94e57@group-66544A672C8E-LeaderElection5] INFO  segmented.SegmentedRaftLogWorker (SegmentedRaftLogWorker.java:startLogSegment(452)) - 49687013-9189-4ed6-aa07-d793b1b94e57@group-66544A672C8E-SegmentedRaftLogWorker: Starting segment from index:0
2023-02-21 13:37:54,125 [55112d89-11b5-415b-b3d0-c3d2a8542f19@group-97FF8A4DCC6A-FollowerState] INFO  impl.FollowerState (FollowerState.java:run(143)) - 55112d89-11b5-415b-b3d0-c3d2a8542f19@group-97FF8A4DCC6A-FollowerState: change to CANDIDATE, lastRpcElapsedTime:5010134922ns, electionTimeout:5008ms
2023-02-21 13:37:54,125 [49687013-9189-4ed6-aa07-d793b1b94e57@group-66544A672C8E-SegmentedRaftLogWorker] INFO  segmented.SegmentedRaftLogWorker (SegmentedRaftLogWorker.java:execute(656)) - 49687013-9189-4ed6-aa07-d793b1b94e57@group-66544A672C8E-SegmentedRaftLogWorker: created new log segment /home/runner/work/ozone/ozone/hadoop-ozone/integration-test/target/test-dir/MiniOzoneClusterImpl-af67ded0-52d4-4e8d-8917-e8c7ba660466/datanode-1/data/ratis/e1323921-9e81-4a82-bb73-66544a672c8e/current/log_inprogress_0
2023-02-21 13:37:54,125 [55112d89-11b5-415b-b3d0-c3d2a8542f19@group-97FF8A4DCC6A-FollowerState] INFO  impl.RoleInfo (RoleInfo.java:shutdownFollowerState(110)) - 55112d89-11b5-415b-b3d0-c3d2a8542f19: shutdown 55112d89-11b5-415b-b3d0-c3d2a8542f19@group-97FF8A4DCC6A-FollowerState
2023-02-21 13:37:54,125 [55112d89-11b5-415b-b3d0-c3d2a8542f19@group-97FF8A4DCC6A-FollowerState] INFO  server.RaftServer$Division (RaftServerImpl.java:setRole(321)) - 55112d89-11b5-415b-b3d0-c3d2a8542f19@group-97FF8A4DCC6A: changes role from  FOLLOWER to CANDIDATE at term 0 for changeToCandidate
2023-02-21 13:37:54,128 [55112d89-11b5-415b-b3d0-c3d2a8542f19@group-97FF8A4DCC6A-FollowerState] INFO  server.RaftServerConfigKeys (ConfUtils.java:logGet(46)) - raft.server.leaderelection.pre-vote = true (default)
2023-02-21 13:37:54,128 [55112d89-11b5-415b-b3d0-c3d2a8542f19@group-97FF8A4DCC6A-FollowerState] INFO  impl.RoleInfo (RoleInfo.java:updateAndGet(139)) - 55112d89-11b5-415b-b3d0-c3d2a8542f19: start 55112d89-11b5-415b-b3d0-c3d2a8542f19@group-97FF8A4DCC6A-LeaderElection6
2023-02-21 13:37:54,128 [49687013-9189-4ed6-aa07-d793b1b94e57@group-66544A672C8E-LeaderElection5] INFO  server.RaftServer$Division (ServerState.java:setRaftConf(430)) - 49687013-9189-4ed6-aa07-d793b1b94e57@group-66544A672C8E: set configuration 0: peers:[49687013-9189-4ed6-aa07-d793b1b94e57|rpc:10.1.0.81:45119|dataStream:10.1.0.81:34179|priority:1|startupRole:FOLLOWER]|listeners:[], old=null
2023-02-21 13:37:54,131 [16e51c86-b54f-4418-8274-5609a4b0e8e9@group-A02C45B6FBBE-LeaderElection4] INFO  grpc.GrpcConfigKeys (ConfUtils.java:logGet(46)) - raft.grpc.server.leader.outstanding.appends.max = 128 (default)
2023-02-21 13:37:54,132 [16e51c86-b54f-4418-8274-5609a4b0e8e9@group-A02C45B6FBBE-LeaderElection4] INFO  server.RaftServerConfigKeys (ConfUtils.java:logGet(46)) - raft.server.rpc.request.timeout = 60s (custom)
2023-02-21 13:37:54,132 [16e51c86-b54f-4418-8274-5609a4b0e8e9@group-A02C45B6FBBE-LeaderElection4] INFO  server.RaftServerConfigKeys (ConfUtils.java:logGet(46)) - raft.server.log.appender.install.snapshot.enabled = false (custom)
2023-02-21 13:37:54,132 [16e51c86-b54f-4418-8274-5609a4b0e8e9@group-A02C45B6FBBE-LeaderElection4] INFO  grpc.GrpcConfigKeys (ConfUtils.java:logGet(46)) - raft.grpc.server.heartbeat.channel = true (default)
2023-02-21 13:37:54,132 [16e51c86-b54f-4418-8274-5609a4b0e8e9@group-A02C45B6FBBE-LeaderElection4] INFO  server.RaftServerConfigKeys (ConfUtils.java:logGet(46)) - raft.server.log.appender.wait-time.min = 10ms (default)
2023-02-21 13:37:54,134 [16e51c86-b54f-4418-8274-5609a4b0e8e9@group-A02C45B6FBBE-LeaderElection4] INFO  server.RaftServerConfigKeys (ConfUtils.java:logGet(46)) - raft.server.log.appender.snapshot.chunk.size.max = 16MB (=16777216) (default)
2023-02-21 13:37:54,134 [16e51c86-b54f-4418-8274-5609a4b0e8e9@group-A02C45B6FBBE-LeaderElection4] INFO  server.RaftServerConfigKeys (ConfUtils.java:logGet(46)) - raft.server.log.appender.buffer.byte-limit = 33554432 (custom)
2023-02-21 13:37:54,134 [16e51c86-b54f-4418-8274-5609a4b0e8e9@group-A02C45B6FBBE-LeaderElection4] INFO  server.RaftServerConfigKeys (ConfUtils.java:logGet(46)) - raft.server.log.appender.buffer.element-limit = 1 (custom)
2023-02-21 13:37:54,134 [16e51c86-b54f-4418-8274-5609a4b0e8e9@group-A02C45B6FBBE-LeaderElection4] INFO  grpc.GrpcConfigKeys (ConfUtils.java:logGet(46)) - raft.grpc.server.leader.outstanding.appends.max = 128 (default)
2023-02-21 13:37:54,134 [16e51c86-b54f-4418-8274-5609a4b0e8e9@group-A02C45B6FBBE-LeaderElection4] INFO  server.RaftServerConfigKeys (ConfUtils.java:logGet(46)) - raft.server.rpc.request.timeout = 60s (custom)
2023-02-21 13:37:54,134 [16e51c86-b54f-4418-8274-5609a4b0e8e9@group-A02C45B6FBBE-LeaderElection4] INFO  server.RaftServerConfigKeys (ConfUtils.java:logGet(46)) - raft.server.log.appender.install.snapshot.enabled = false (custom)
2023-02-21 13:37:54,135 [16e51c86-b54f-4418-8274-5609a4b0e8e9@group-A02C45B6FBBE-LeaderElection4] INFO  grpc.GrpcConfigKeys (ConfUtils.java:logGet(46)) - raft.grpc.server.heartbeat.channel = true (default)
2023-02-21 13:37:54,135 [16e51c86-b54f-4418-8274-5609a4b0e8e9@group-A02C45B6FBBE-LeaderElection4] INFO  server.RaftServerConfigKeys (ConfUtils.java:logGet(46)) - raft.server.log.appender.wait-time.min = 10ms (default)
2023-02-21 13:37:54,135 [16e51c86-b54f-4418-8274-5609a4b0e8e9@group-A02C45B6FBBE-LeaderElection4] INFO  impl.RoleInfo (RoleInfo.java:updateAndGet(139)) - 16e51c86-b54f-4418-8274-5609a4b0e8e9: start 16e51c86-b54f-4418-8274-5609a4b0e8e9@group-A02C45B6FBBE-LeaderStateImpl
2023-02-21 13:37:54,136 [16e51c86-b54f-4418-8274-5609a4b0e8e9@group-A02C45B6FBBE-LeaderElection4] INFO  segmented.SegmentedRaftLogWorker (SegmentedRaftLogWorker.java:startLogSegment(452)) - 16e51c86-b54f-4418-8274-5609a4b0e8e9@group-A02C45B6FBBE-SegmentedRaftLogWorker: Starting segment from index:0
2023-02-21 13:37:54,138 [55112d89-11b5-415b-b3d0-c3d2a8542f19@group-97FF8A4DCC6A-LeaderElection6] INFO  impl.LeaderElection (LeaderElection.java:askForVotes(312)) - 55112d89-11b5-415b-b3d0-c3d2a8542f19@group-97FF8A4DCC6A-LeaderElection6 PRE_VOTE round 0: submit vote requests at term 0 for -1: peers:[16e51c86-b54f-4418-8274-5609a4b0e8e9|rpc:10.1.0.81:35385|dataStream:10.1.0.81:44455|priority:0|startupRole:FOLLOWER, 49687013-9189-4ed6-aa07-d793b1b94e57|rpc:10.1.0.81:45119|dataStream:10.1.0.81:34179|priority:0|startupRole:FOLLOWER, 55112d89-11b5-415b-b3d0-c3d2a8542f19|rpc:10.1.0.81:33855|dataStream:10.1.0.81:34785|priority:1|startupRole:FOLLOWER]|listeners:[], old=null
2023-02-21 13:37:54,140 [16e51c86-b54f-4418-8274-5609a4b0e8e9@group-A02C45B6FBBE-SegmentedRaftLogWorker] INFO  segmented.SegmentedRaftLogWorker (SegmentedRaftLogWorker.java:execute(656)) - 16e51c86-b54f-4418-8274-5609a4b0e8e9@group-A02C45B6FBBE-SegmentedRaftLogWorker: created new log segment /home/runner/work/ozone/ozone/hadoop-ozone/integration-test/target/test-dir/MiniOzoneClusterImpl-af67ded0-52d4-4e8d-8917-e8c7ba660466/datanode-2/data/ratis/46c6d006-6654-477f-ba61-a02c45b6fbbe/current/log_inprogress_0
2023-02-21 13:37:54,144 [55112d89-11b5-415b-b3d0-c3d2a8542f19@group-97FF8A4DCC6A-LeaderElection6] INFO  server.RaftServerConfigKeys (ConfUtils.java:logFallback(53)) - raft.server.rpc.first-election.timeout.min = 5s (fallback to raft.server.rpc.timeout.min)
2023-02-21 13:37:54,147 [55112d89-11b5-415b-b3d0-c3d2a8542f19@group-97FF8A4DCC6A-LeaderElection6] INFO  server.RaftServerConfigKeys (ConfUtils.java:logFallback(53)) - raft.server.rpc.first-election.timeout.max = 5200ms (fallback to raft.server.rpc.timeout.max)
2023-02-21 13:37:54,147 [grpc-default-executor-1] INFO  server.RaftServer$Division (RaftServerImpl.java:requestVote(1218)) - 16e51c86-b54f-4418-8274-5609a4b0e8e9@group-97FF8A4DCC6A: receive requestVote(PRE_VOTE, 55112d89-11b5-415b-b3d0-c3d2a8542f19, group-97FF8A4DCC6A, 0, (t:0, i:0))
2023-02-21 13:37:54,147 [grpc-default-executor-1] INFO  impl.VoteContext (VoteContext.java:log(49)) - 16e51c86-b54f-4418-8274-5609a4b0e8e9@group-97FF8A4DCC6A-FOLLOWER: accept PRE_VOTE from 55112d89-11b5-415b-b3d0-c3d2a8542f19: our priority 0 <= candidate's priority 1
2023-02-21 13:37:54,147 [grpc-default-executor-1] INFO  server.RaftServer$Division (RaftServerImpl.java:requestVote(1251)) - 16e51c86-b54f-4418-8274-5609a4b0e8e9@group-97FF8A4DCC6A replies to PRE_VOTE vote request: 55112d89-11b5-415b-b3d0-c3d2a8542f19<-16e51c86-b54f-4418-8274-5609a4b0e8e9#0:OK-t0. Peer's state: 16e51c86-b54f-4418-8274-5609a4b0e8e9@group-97FF8A4DCC6A:t0, leader=null, voted=, raftlog=Memoized:16e51c86-b54f-4418-8274-5609a4b0e8e9@group-97FF8A4DCC6A-SegmentedRaftLog:OPENED:c-1, conf=-1: peers:[16e51c86-b54f-4418-8274-5609a4b0e8e9|rpc:10.1.0.81:35385|dataStream:10.1.0.81:44455|priority:0|startupRole:FOLLOWER, 49687013-9189-4ed6-aa07-d793b1b94e57|rpc:10.1.0.81:45119|dataStream:10.1.0.81:34179|priority:0|startupRole:FOLLOWER, 55112d89-11b5-415b-b3d0-c3d2a8542f19|rpc:10.1.0.81:33855|dataStream:10.1.0.81:34785|priority:1|startupRole:FOLLOWER]|listeners:[], old=null
2023-02-21 13:37:54,151 [16e51c86-b54f-4418-8274-5609a4b0e8e9@group-A02C45B6FBBE-LeaderElection4] INFO  server.RaftServer$Division (ServerState.java:setRaftConf(430)) - 16e51c86-b54f-4418-8274-5609a4b0e8e9@group-A02C45B6FBBE: set configuration 0: peers:[16e51c86-b54f-4418-8274-5609a4b0e8e9|rpc:10.1.0.81:35385|dataStream:10.1.0.81:44455|priority:1|startupRole:FOLLOWER, 49687013-9189-4ed6-aa07-d793b1b94e57|rpc:10.1.0.81:45119|dataStream:10.1.0.81:34179|priority:0|startupRole:FOLLOWER, 55112d89-11b5-415b-b3d0-c3d2a8542f19|rpc:10.1.0.81:33855|dataStream:10.1.0.81:34785|priority:0|startupRole:FOLLOWER]|listeners:[], old=null
2023-02-21 13:37:54,156 [55112d89-11b5-415b-b3d0-c3d2a8542f19@group-97FF8A4DCC6A-LeaderElection6] INFO  impl.LeaderElection (LeaderElection.java:logAndReturn(90)) - 55112d89-11b5-415b-b3d0-c3d2a8542f19@group-97FF8A4DCC6A-LeaderElection6: PRE_VOTE PASSED received 1 response(s) and 0 exception(s):
2023-02-21 13:37:54,159 [55112d89-11b5-415b-b3d0-c3d2a8542f19@group-97FF8A4DCC6A-LeaderElection6] INFO  impl.LeaderElection (LeaderElection.java:logAndReturn(94)) -   Response 0: 55112d89-11b5-415b-b3d0-c3d2a8542f19<-16e51c86-b54f-4418-8274-5609a4b0e8e9#0:OK-t0
2023-02-21 13:37:54,159 [55112d89-11b5-415b-b3d0-c3d2a8542f19@group-97FF8A4DCC6A-LeaderElection6] INFO  impl.LeaderElection (LeaderElection.java:askForVotes(314)) - 55112d89-11b5-415b-b3d0-c3d2a8542f19@group-97FF8A4DCC6A-LeaderElection6 PRE_VOTE round 0: result PASSED
2023-02-21 13:37:54,159 [grpc-default-executor-1] INFO  server.RaftServer$Division (RaftServerImpl.java:requestVote(1218)) - 49687013-9189-4ed6-aa07-d793b1b94e57@group-97FF8A4DCC6A: receive requestVote(PRE_VOTE, 55112d89-11b5-415b-b3d0-c3d2a8542f19, group-97FF8A4DCC6A, 0, (t:0, i:0))
2023-02-21 13:37:54,160 [grpc-default-executor-1] INFO  impl.VoteContext (VoteContext.java:log(49)) - 49687013-9189-4ed6-aa07-d793b1b94e57@group-97FF8A4DCC6A-FOLLOWER: accept PRE_VOTE from 55112d89-11b5-415b-b3d0-c3d2a8542f19: our priority 0 <= candidate's priority 1
2023-02-21 13:37:54,160 [grpc-default-executor-1] INFO  server.RaftServer$Division (RaftServerImpl.java:requestVote(1251)) - 49687013-9189-4ed6-aa07-d793b1b94e57@group-97FF8A4DCC6A replies to PRE_VOTE vote request: 55112d89-11b5-415b-b3d0-c3d2a8542f19<-49687013-9189-4ed6-aa07-d793b1b94e57#0:OK-t0. Peer's state: 49687013-9189-4ed6-aa07-d793b1b94e57@group-97FF8A4DCC6A:t0, leader=null, voted=, raftlog=Memoized:49687013-9189-4ed6-aa07-d793b1b94e57@group-97FF8A4DCC6A-SegmentedRaftLog:OPENED:c-1, conf=-1: peers:[16e51c86-b54f-4418-8274-5609a4b0e8e9|rpc:10.1.0.81:35385|dataStream:10.1.0.81:44455|priority:0|startupRole:FOLLOWER, 49687013-9189-4ed6-aa07-d793b1b94e57|rpc:10.1.0.81:45119|dataStream:10.1.0.81:34179|priority:0|startupRole:FOLLOWER, 55112d89-11b5-415b-b3d0-c3d2a8542f19|rpc:10.1.0.81:33855|dataStream:10.1.0.81:34785|priority:1|startupRole:FOLLOWER]|listeners:[], old=null
2023-02-21 13:37:54,161 [55112d89-11b5-415b-b3d0-c3d2a8542f19@group-97FF8A4DCC6A-LeaderElection6] INFO  impl.LeaderElection (LeaderElection.java:askForVotes(312)) - 55112d89-11b5-415b-b3d0-c3d2a8542f19@group-97FF8A4DCC6A-LeaderElection6 ELECTION round 0: submit vote requests at term 1 for -1: peers:[16e51c86-b54f-4418-8274-5609a4b0e8e9|rpc:10.1.0.81:35385|dataStream:10.1.0.81:44455|priority:0|startupRole:FOLLOWER, 49687013-9189-4ed6-aa07-d793b1b94e57|rpc:10.1.0.81:45119|dataStream:10.1.0.81:34179|priority:0|startupRole:FOLLOWER, 55112d89-11b5-415b-b3d0-c3d2a8542f19|rpc:10.1.0.81:33855|dataStream:10.1.0.81:34785|priority:1|startupRole:FOLLOWER]|listeners:[], old=null
2023-02-21 13:37:54,162 [55112d89-11b5-415b-b3d0-c3d2a8542f19@group-97FF8A4DCC6A-LeaderElection6] INFO  server.RaftServerConfigKeys (ConfUtils.java:logFallback(53)) - raft.server.rpc.first-election.timeout.min = 5s (fallback to raft.server.rpc.timeout.min)
2023-02-21 13:37:54,163 [55112d89-11b5-415b-b3d0-c3d2a8542f19@group-97FF8A4DCC6A-LeaderElection6] INFO  server.RaftServerConfigKeys (ConfUtils.java:logFallback(53)) - raft.server.rpc.first-election.timeout.max = 5200ms (fallback to raft.server.rpc.timeout.max)
2023-02-21 13:37:54,169 [grpc-default-executor-1] INFO  server.RaftServer$Division (RaftServerImpl.java:requestVote(1218)) - 16e51c86-b54f-4418-8274-5609a4b0e8e9@group-97FF8A4DCC6A: receive requestVote(ELECTION, 55112d89-11b5-415b-b3d0-c3d2a8542f19, group-97FF8A4DCC6A, 1, (t:0, i:0))
2023-02-21 13:37:54,170 [grpc-default-executor-1] INFO  impl.VoteContext (VoteContext.java:log(49)) - 16e51c86-b54f-4418-8274-5609a4b0e8e9@group-97FF8A4DCC6A-FOLLOWER: accept ELECTION from 55112d89-11b5-415b-b3d0-c3d2a8542f19: our priority 0 <= candidate's priority 1
2023-02-21 13:37:54,170 [grpc-default-executor-1] INFO  server.RaftServer$Division (RaftServerImpl.java:setRole(321)) - 16e51c86-b54f-4418-8274-5609a4b0e8e9@group-97FF8A4DCC6A: changes role from  FOLLOWER to FOLLOWER at term 1 for candidate:55112d89-11b5-415b-b3d0-c3d2a8542f19
2023-02-21 13:37:54,170 [grpc-default-executor-1] INFO  impl.RoleInfo (RoleInfo.java:shutdownFollowerState(110)) - 16e51c86-b54f-4418-8274-5609a4b0e8e9: shutdown 16e51c86-b54f-4418-8274-5609a4b0e8e9@group-97FF8A4DCC6A-FollowerState
2023-02-21 13:37:54,170 [16e51c86-b54f-4418-8274-5609a4b0e8e9@group-97FF8A4DCC6A-FollowerState] INFO  impl.FollowerState (FollowerState.java:run(152)) - 16e51c86-b54f-4418-8274-5609a4b0e8e9@group-97FF8A4DCC6A-FollowerState was interrupted
2023-02-21 13:37:54,171 [grpc-default-executor-1] INFO  impl.RoleInfo (RoleInfo.java:updateAndGet(139)) - 16e51c86-b54f-4418-8274-5609a4b0e8e9: start 16e51c86-b54f-4418-8274-5609a4b0e8e9@group-97FF8A4DCC6A-FollowerState
2023-02-21 13:37:54,173 [grpc-default-executor-0] INFO  server.RaftServer$Division (RaftServerImpl.java:requestVote(1218)) - 49687013-9189-4ed6-aa07-d793b1b94e57@group-97FF8A4DCC6A: receive requestVote(ELECTION, 55112d89-11b5-415b-b3d0-c3d2a8542f19, group-97FF8A4DCC6A, 1, (t:0, i:0))
2023-02-21 13:37:54,179 [grpc-default-executor-0] INFO  impl.VoteContext (VoteContext.java:log(49)) - 49687013-9189-4ed6-aa07-d793b1b94e57@group-97FF8A4DCC6A-FOLLOWER: accept ELECTION from 55112d89-11b5-415b-b3d0-c3d2a8542f19: our priority 0 <= candidate's priority 1
2023-02-21 13:37:54,179 [grpc-default-executor-0] INFO  server.RaftServer$Division (RaftServerImpl.java:setRole(321)) - 49687013-9189-4ed6-aa07-d793b1b94e57@group-97FF8A4DCC6A: changes role from  FOLLOWER to FOLLOWER at term 1 for candidate:55112d89-11b5-415b-b3d0-c3d2a8542f19
2023-02-21 13:37:54,179 [grpc-default-executor-0] INFO  impl.RoleInfo (RoleInfo.java:shutdownFollowerState(110)) - 49687013-9189-4ed6-aa07-d793b1b94e57: shutdown 49687013-9189-4ed6-aa07-d793b1b94e57@group-97FF8A4DCC6A-FollowerState
2023-02-21 13:37:54,179 [grpc-default-executor-1] INFO  server.RaftServer$Division (RaftServerImpl.java:requestVote(1251)) - 16e51c86-b54f-4418-8274-5609a4b0e8e9@group-97FF8A4DCC6A replies to ELECTION vote request: 55112d89-11b5-415b-b3d0-c3d2a8542f19<-16e51c86-b54f-4418-8274-5609a4b0e8e9#0:OK-t1. Peer's state: 16e51c86-b54f-4418-8274-5609a4b0e8e9@group-97FF8A4DCC6A:t1, leader=null, voted=55112d89-11b5-415b-b3d0-c3d2a8542f19, raftlog=Memoized:16e51c86-b54f-4418-8274-5609a4b0e8e9@group-97FF8A4DCC6A-SegmentedRaftLog:OPENED:c-1, conf=-1: peers:[16e51c86-b54f-4418-8274-5609a4b0e8e9|rpc:10.1.0.81:35385|dataStream:10.1.0.81:44455|priority:0|startupRole:FOLLOWER, 49687013-9189-4ed6-aa07-d793b1b94e57|rpc:10.1.0.81:45119|dataStream:10.1.0.81:34179|priority:0|startupRole:FOLLOWER, 55112d89-11b5-415b-b3d0-c3d2a8542f19|rpc:10.1.0.81:33855|dataStream:10.1.0.81:34785|priority:1|startupRole:FOLLOWER]|listeners:[], old=null
2023-02-21 13:37:54,179 [49687013-9189-4ed6-aa07-d793b1b94e57@group-97FF8A4DCC6A-FollowerState] INFO  impl.FollowerState (FollowerState.java:run(152)) - 49687013-9189-4ed6-aa07-d793b1b94e57@group-97FF8A4DCC6A-FollowerState was interrupted
2023-02-21 13:37:54,180 [16e51c86-b54f-4418-8274-5609a4b0e8e9@group-97FF8A4DCC6A-FollowerState] INFO  server.RaftServerConfigKeys (ConfUtils.java:logFallback(53)) - raft.server.rpc.first-election.timeout.min = 5s (fallback to raft.server.rpc.timeout.min)
2023-02-21 13:37:54,181 [grpc-default-executor-0] INFO  impl.RoleInfo (RoleInfo.java:updateAndGet(139)) - 49687013-9189-4ed6-aa07-d793b1b94e57: start 49687013-9189-4ed6-aa07-d793b1b94e57@group-97FF8A4DCC6A-FollowerState
2023-02-21 13:37:54,183 [49687013-9189-4ed6-aa07-d793b1b94e57@group-97FF8A4DCC6A-FollowerState] INFO  server.RaftServerConfigKeys (ConfUtils.java:logFallback(53)) - raft.server.rpc.first-election.timeout.min = 5s (fallback to raft.server.rpc.timeout.min)
2023-02-21 13:37:54,183 [49687013-9189-4ed6-aa07-d793b1b94e57@group-97FF8A4DCC6A-FollowerState] INFO  server.RaftServerConfigKeys (ConfUtils.java:logFallback(53)) - raft.server.rpc.first-election.timeout.max = 5200ms (fallback to raft.server.rpc.timeout.max)
2023-02-21 13:37:54,183 [16e51c86-b54f-4418-8274-5609a4b0e8e9@group-97FF8A4DCC6A-FollowerState] INFO  server.RaftServerConfigKeys (ConfUtils.java:logFallback(53)) - raft.server.rpc.first-election.timeout.max = 5200ms (fallback to raft.server.rpc.timeout.max)
2023-02-21 13:37:54,185 [55112d89-11b5-415b-b3d0-c3d2a8542f19@group-97FF8A4DCC6A-LeaderElection6] INFO  impl.LeaderElection (LeaderElection.java:logAndReturn(90)) - 55112d89-11b5-415b-b3d0-c3d2a8542f19@group-97FF8A4DCC6A-LeaderElection6: ELECTION PASSED received 1 response(s) and 0 exception(s):
2023-02-21 13:37:54,185 [55112d89-11b5-415b-b3d0-c3d2a8542f19@group-97FF8A4DCC6A-LeaderElection6] INFO  impl.LeaderElection (LeaderElection.java:logAndReturn(94)) -   Response 0: 55112d89-11b5-415b-b3d0-c3d2a8542f19<-16e51c86-b54f-4418-8274-5609a4b0e8e9#0:OK-t1
2023-02-21 13:37:54,185 [55112d89-11b5-415b-b3d0-c3d2a8542f19@group-97FF8A4DCC6A-LeaderElection6] INFO  impl.LeaderElection (LeaderElection.java:askForVotes(314)) - 55112d89-11b5-415b-b3d0-c3d2a8542f19@group-97FF8A4DCC6A-LeaderElection6 ELECTION round 0: result PASSED
2023-02-21 13:37:54,185 [55112d89-11b5-415b-b3d0-c3d2a8542f19@group-97FF8A4DCC6A-LeaderElection6] INFO  impl.RoleInfo (RoleInfo.java:shutdownLeaderElection(130)) - 55112d89-11b5-415b-b3d0-c3d2a8542f19: shutdown 55112d89-11b5-415b-b3d0-c3d2a8542f19@group-97FF8A4DCC6A-LeaderElection6
2023-02-21 13:37:54,185 [55112d89-11b5-415b-b3d0-c3d2a8542f19@group-97FF8A4DCC6A-LeaderElection6] INFO  server.RaftServer$Division (RaftServerImpl.java:setRole(321)) - 55112d89-11b5-415b-b3d0-c3d2a8542f19@group-97FF8A4DCC6A: changes role from CANDIDATE to LEADER at term 1 for changeToLeader
2023-02-21 13:37:54,185 [55112d89-11b5-415b-b3d0-c3d2a8542f19@group-97FF8A4DCC6A-LeaderElection6] INFO  ratis.XceiverServerRatis (XceiverServerRatis.java:handleLeaderChangedNotification(905)) - Leader change notification received for group: group-97FF8A4DCC6A with new leaderId: 55112d89-11b5-415b-b3d0-c3d2a8542f19
2023-02-21 13:37:54,186 [55112d89-11b5-415b-b3d0-c3d2a8542f19@group-97FF8A4DCC6A-LeaderElection6] INFO  server.RaftServer$Division (ServerState.java:setLeader(313)) - 55112d89-11b5-415b-b3d0-c3d2a8542f19@group-97FF8A4DCC6A: change Leader from null to 55112d89-11b5-415b-b3d0-c3d2a8542f19 at term 1 for becomeLeader, leader elected after 5110ms
2023-02-21 13:37:54,186 [grpc-default-executor-0] INFO  server.RaftServer$Division (RaftServerImpl.java:requestVote(1251)) - 49687013-9189-4ed6-aa07-d793b1b94e57@group-97FF8A4DCC6A replies to ELECTION vote request: 55112d89-11b5-415b-b3d0-c3d2a8542f19<-49687013-9189-4ed6-aa07-d793b1b94e57#0:OK-t1. Peer's state: 49687013-9189-4ed6-aa07-d793b1b94e57@group-97FF8A4DCC6A:t1, leader=null, voted=55112d89-11b5-415b-b3d0-c3d2a8542f19, raftlog=Memoized:49687013-9189-4ed6-aa07-d793b1b94e57@group-97FF8A4DCC6A-SegmentedRaftLog:OPENED:c-1, conf=-1: peers:[16e51c86-b54f-4418-8274-5609a4b0e8e9|rpc:10.1.0.81:35385|dataStream:10.1.0.81:44455|priority:0|startupRole:FOLLOWER, 49687013-9189-4ed6-aa07-d793b1b94e57|rpc:10.1.0.81:45119|dataStream:10.1.0.81:34179|priority:0|startupRole:FOLLOWER, 55112d89-11b5-415b-b3d0-c3d2a8542f19|rpc:10.1.0.81:33855|dataStream:10.1.0.81:34785|priority:1|startupRole:FOLLOWER]|listeners:[], old=null
2023-02-21 13:37:54,186 [55112d89-11b5-415b-b3d0-c3d2a8542f19@group-97FF8A4DCC6A-LeaderElection6] INFO  server.RaftServerConfigKeys (ConfUtils.java:logGet(46)) - raft.server.staging.catchup.gap = 1000 (default)
2023-02-21 13:37:54,186 [55112d89-11b5-415b-b3d0-c3d2a8542f19@group-97FF8A4DCC6A-LeaderElection6] INFO  server.RaftServerConfigKeys (ConfUtils.java:logGet(46)) - raft.server.write.element-limit = 1024 (custom)
2023-02-21 13:37:54,186 [55112d89-11b5-415b-b3d0-c3d2a8542f19@group-97FF8A4DCC6A-LeaderElection6] INFO  server.RaftServerConfigKeys (ConfUtils.java:logGet(46)) - raft.server.write.byte-limit = 1024 M (=1073741824) (custom)
2023-02-21 13:37:54,186 [55112d89-11b5-415b-b3d0-c3d2a8542f19@group-97FF8A4DCC6A-LeaderElection6] INFO  server.RaftServerConfigKeys (ConfUtils.java:logGet(46)) - raft.server.watch.timeout = 180s (custom)
2023-02-21 13:37:54,187 [55112d89-11b5-415b-b3d0-c3d2a8542f19@group-97FF8A4DCC6A-LeaderElection6] INFO  server.RaftServerConfigKeys (ConfUtils.java:logGet(46)) - raft.server.watch.timeout.denomination = 1s (default)
2023-02-21 13:37:54,187 [55112d89-11b5-415b-b3d0-c3d2a8542f19@group-97FF8A4DCC6A-LeaderElection6] INFO  server.RaftServerConfigKeys (ConfUtils.java:logGet(46)) - raft.server.watch.element-limit = 65536 (default)
2023-02-21 13:37:54,187 [55112d89-11b5-415b-b3d0-c3d2a8542f19@group-97FF8A4DCC6A-LeaderElection6] INFO  server.RaftServerConfigKeys (ConfUtils.java:logGet(46)) - raft.server.write.element-limit = 1024 (custom)
2023-02-21 13:37:54,187 [55112d89-11b5-415b-b3d0-c3d2a8542f19@group-97FF8A4DCC6A-LeaderElection6] INFO  server.RaftServerConfigKeys (ConfUtils.java:logGet(46)) - raft.server.write.follower.gap.ratio.max = -1.0 (default)
2023-02-21 13:37:54,187 [55112d89-11b5-415b-b3d0-c3d2a8542f19@group-97FF8A4DCC6A-LeaderElection6] INFO  server.RaftServerConfigKeys (ConfUtils.java:logGet(46)) - raft.server.log.appender.snapshot.chunk.size.max = 16MB (=16777216) (default)
2023-02-21 13:37:54,188 [55112d89-11b5-415b-b3d0-c3d2a8542f19@group-97FF8A4DCC6A-LeaderElection6] INFO  server.RaftServerConfigKeys (ConfUtils.java:logGet(46)) - raft.server.log.appender.buffer.byte-limit = 33554432 (custom)
2023-02-21 13:37:54,188 [55112d89-11b5-415b-b3d0-c3d2a8542f19@group-97FF8A4DCC6A-LeaderElection6] INFO  server.RaftServerConfigKeys (ConfUtils.java:logGet(46)) - raft.server.log.appender.buffer.element-limit = 1 (custom)
2023-02-21 13:37:54,189 [EventQueue-PipelineReportForPipelineReportHandler] INFO  pipeline.PipelineManagerImpl (PipelineManagerImpl.java:openPipeline(367)) - Pipeline Pipeline[ Id: 40e47288-7291-4d7a-8a49-97ff8a4dcc6a, Nodes: 16e51c86-b54f-4418-8274-5609a4b0e8e9(fv-az318-260.ewvrrcgabbbubjc05i3n4a3pph.dx.internal.cloudapp.net/10.1.0.81)49687013-9189-4ed6-aa07-d793b1b94e57(fv-az318-260.ewvrrcgabbbubjc05i3n4a3pph.dx.internal.cloudapp.net/10.1.0.81)55112d89-11b5-415b-b3d0-c3d2a8542f19(fv-az318-260.ewvrrcgabbbubjc05i3n4a3pph.dx.internal.cloudapp.net/10.1.0.81), ReplicationConfig: RATIS/THREE, State:ALLOCATED, leaderId:55112d89-11b5-415b-b3d0-c3d2a8542f19, CreationTimestamp2023-02-21T13:37:46.391Z[Etc/UTC]] moved to OPEN state
2023-02-21 13:37:54,188 [55112d89-11b5-415b-b3d0-c3d2a8542f19@group-97FF8A4DCC6A-LeaderElection6] INFO  grpc.GrpcConfigKeys (ConfUtils.java:logGet(46)) - raft.grpc.server.leader.outstanding.appends.max = 128 (default)
2023-02-21 13:37:54,197 [55112d89-11b5-415b-b3d0-c3d2a8542f19@group-97FF8A4DCC6A-LeaderElection6] INFO  server.RaftServerConfigKeys (ConfUtils.java:logGet(46)) - raft.server.rpc.request.timeout = 60s (custom)
2023-02-21 13:37:54,197 [55112d89-11b5-415b-b3d0-c3d2a8542f19@group-97FF8A4DCC6A-LeaderElection6] INFO  server.RaftServerConfigKeys (ConfUtils.java:logGet(46)) - raft.server.log.appender.install.snapshot.enabled = false (custom)
2023-02-21 13:37:54,197 [55112d89-11b5-415b-b3d0-c3d2a8542f19@group-97FF8A4DCC6A-LeaderElection6] INFO  grpc.GrpcConfigKeys (ConfUtils.java:logGet(46)) - raft.grpc.server.heartbeat.channel = true (default)
2023-02-21 13:37:54,198 [55112d89-11b5-415b-b3d0-c3d2a8542f19@group-97FF8A4DCC6A-LeaderElection6] INFO  server.RaftServerConfigKeys (ConfUtils.java:logGet(46)) - raft.server.log.appender.wait-time.min = 10ms (default)
2023-02-21 13:37:54,205 [55112d89-11b5-415b-b3d0-c3d2a8542f19@group-97FF8A4DCC6A-LeaderElection6] INFO  server.RaftServerConfigKeys (ConfUtils.java:logGet(46)) - raft.server.log.appender.snapshot.chunk.size.max = 16MB (=16777216) (default)
2023-02-21 13:37:54,205 [55112d89-11b5-415b-b3d0-c3d2a8542f19@group-97FF8A4DCC6A-LeaderElection6] INFO  server.RaftServerConfigKeys (ConfUtils.java:logGet(46)) - raft.server.log.appender.buffer.byte-limit = 33554432 (custom)
2023-02-21 13:37:54,205 [55112d89-11b5-415b-b3d0-c3d2a8542f19@group-97FF8A4DCC6A-LeaderElection6] INFO  server.RaftServerConfigKeys (ConfUtils.java:logGet(46)) - raft.server.log.appender.buffer.element-limit = 1 (custom)
2023-02-21 13:37:54,205 [55112d89-11b5-415b-b3d0-c3d2a8542f19@group-97FF8A4DCC6A-LeaderElection6] INFO  grpc.GrpcConfigKeys (ConfUtils.java:logGet(46)) - raft.grpc.server.leader.outstanding.appends.max = 128 (default)
2023-02-21 13:37:54,205 [55112d89-11b5-415b-b3d0-c3d2a8542f19@group-97FF8A4DCC6A-LeaderElection6] INFO  server.RaftServerConfigKeys (ConfUtils.java:logGet(46)) - raft.server.rpc.request.timeout = 60s (custom)
2023-02-21 13:37:54,206 [55112d89-11b5-415b-b3d0-c3d2a8542f19@group-97FF8A4DCC6A-LeaderElection6] INFO  server.RaftServerConfigKeys (ConfUtils.java:logGet(46)) - raft.server.log.appender.install.snapshot.enabled = false (custom)
2023-02-21 13:37:54,206 [55112d89-11b5-415b-b3d0-c3d2a8542f19@group-97FF8A4DCC6A-LeaderElection6] INFO  grpc.GrpcConfigKeys (ConfUtils.java:logGet(46)) - raft.grpc.server.heartbeat.channel = true (default)
2023-02-21 13:37:54,206 [55112d89-11b5-415b-b3d0-c3d2a8542f19@group-97FF8A4DCC6A-LeaderElection6] INFO  server.RaftServerConfigKeys (ConfUtils.java:logGet(46)) - raft.server.log.appender.wait-time.min = 10ms (default)
2023-02-21 13:37:54,206 [55112d89-11b5-415b-b3d0-c3d2a8542f19@group-97FF8A4DCC6A-LeaderElection6] INFO  impl.RoleInfo (RoleInfo.java:updateAndGet(139)) - 55112d89-11b5-415b-b3d0-c3d2a8542f19: start 55112d89-11b5-415b-b3d0-c3d2a8542f19@group-97FF8A4DCC6A-LeaderStateImpl
2023-02-21 13:37:54,206 [55112d89-11b5-415b-b3d0-c3d2a8542f19@group-97FF8A4DCC6A-LeaderElection6] INFO  segmented.SegmentedRaftLogWorker (SegmentedRaftLogWorker.java:startLogSegment(452)) - 55112d89-11b5-415b-b3d0-c3d2a8542f19@group-97FF8A4DCC6A-SegmentedRaftLogWorker: Starting segment from index:0
2023-02-21 13:37:54,209 [55112d89-11b5-415b-b3d0-c3d2a8542f19@group-97FF8A4DCC6A-SegmentedRaftLogWorker] INFO  segmented.SegmentedRaftLogWorker (SegmentedRaftLogWorker.java:execute(656)) - 55112d89-11b5-415b-b3d0-c3d2a8542f19@group-97FF8A4DCC6A-SegmentedRaftLogWorker: created new log segment /home/runner/work/ozone/ozone/hadoop-ozone/integration-test/target/test-dir/MiniOzoneClusterImpl-af67ded0-52d4-4e8d-8917-e8c7ba660466/datanode-0/data/ratis/40e47288-7291-4d7a-8a49-97ff8a4dcc6a/current/log_inprogress_0
2023-02-21 13:37:54,211 [55112d89-11b5-415b-b3d0-c3d2a8542f19@group-97FF8A4DCC6A-LeaderElection6] INFO  server.RaftServer$Division (ServerState.java:setRaftConf(430)) - 55112d89-11b5-415b-b3d0-c3d2a8542f19@group-97FF8A4DCC6A: set configuration 0: peers:[16e51c86-b54f-4418-8274-5609a4b0e8e9|rpc:10.1.0.81:35385|dataStream:10.1.0.81:44455|priority:0|startupRole:FOLLOWER, 49687013-9189-4ed6-aa07-d793b1b94e57|rpc:10.1.0.81:45119|dataStream:10.1.0.81:34179|priority:0|startupRole:FOLLOWER, 55112d89-11b5-415b-b3d0-c3d2a8542f19|rpc:10.1.0.81:33855|dataStream:10.1.0.81:34785|priority:1|startupRole:FOLLOWER]|listeners:[], old=null
2023-02-21 13:37:54,230 [Listener at 127.0.0.1/35721] INFO  ozone.MiniOzoneClusterImpl (MiniOzoneClusterImpl.java:lambda$waitForClusterToBeReady$0(218)) - Nodes are ready. Got 5 of 5 DN Heartbeats.
2023-02-21 13:37:54,230 [Listener at 127.0.0.1/35721] INFO  ozone.MiniOzoneClusterImpl (MiniOzoneClusterImpl.java:lambda$waitForClusterToBeReady$0(221)) - Cluster exits safe mode
2023-02-21 13:37:54,231 [Listener at 127.0.0.1/35721] INFO  ozone.MiniOzoneClusterImpl (MiniOzoneClusterImpl.java:lambda$waitForClusterToBeReady$0(223)) - SCM became leader
2023-02-21 13:37:54,275 [49687013-9189-4ed6-aa07-d793b1b94e57-server-thread1] INFO  ratis.XceiverServerRatis (XceiverServerRatis.java:handleLeaderChangedNotification(905)) - Leader change notification received for group: group-A02C45B6FBBE with new leaderId: 16e51c86-b54f-4418-8274-5609a4b0e8e9
2023-02-21 13:37:54,337 [49687013-9189-4ed6-aa07-d793b1b94e57-server-thread1] INFO  server.RaftServer$Division (ServerState.java:setLeader(313)) - 49687013-9189-4ed6-aa07-d793b1b94e57@group-A02C45B6FBBE: change Leader from null to 16e51c86-b54f-4418-8274-5609a4b0e8e9 at term 1 for appendEntries, leader elected after 5291ms
2023-02-21 13:37:54,336 [16e51c86-b54f-4418-8274-5609a4b0e8e9-server-thread2] INFO  ratis.XceiverServerRatis (XceiverServerRatis.java:handleLeaderChangedNotification(905)) - Leader change notification received for group: group-97FF8A4DCC6A with new leaderId: 55112d89-11b5-415b-b3d0-c3d2a8542f19
2023-02-21 13:37:54,278 [49687013-9189-4ed6-aa07-d793b1b94e57-server-thread1] INFO  ratis.XceiverServerRatis (XceiverServerRatis.java:handleLeaderChangedNotification(905)) - Leader change notification received for group: group-97FF8A4DCC6A with new leaderId: 55112d89-11b5-415b-b3d0-c3d2a8542f19
2023-02-21 13:37:54,337 [49687013-9189-4ed6-aa07-d793b1b94e57-server-thread1] INFO  server.RaftServer$Division (ServerState.java:setLeader(313)) - 49687013-9189-4ed6-aa07-d793b1b94e57@group-97FF8A4DCC6A: change Leader from null to 55112d89-11b5-415b-b3d0-c3d2a8542f19 at term 1 for appendEntries, leader elected after 5207ms
2023-02-21 13:37:54,275 [55112d89-11b5-415b-b3d0-c3d2a8542f19-server-thread1] INFO  ratis.XceiverServerRatis (XceiverServerRatis.java:handleLeaderChangedNotification(905)) - Leader change notification received for group: group-A02C45B6FBBE with new leaderId: 16e51c86-b54f-4418-8274-5609a4b0e8e9
2023-02-21 13:37:54,337 [55112d89-11b5-415b-b3d0-c3d2a8542f19-server-thread1] INFO  server.RaftServer$Division (ServerState.java:setLeader(313)) - 55112d89-11b5-415b-b3d0-c3d2a8542f19@group-A02C45B6FBBE: change Leader from null to 16e51c86-b54f-4418-8274-5609a4b0e8e9 at term 1 for appendEntries, leader elected after 5846ms
2023-02-21 13:37:54,338 [16e51c86-b54f-4418-8274-5609a4b0e8e9-server-thread2] INFO  server.RaftServer$Division (ServerState.java:setLeader(313)) - 16e51c86-b54f-4418-8274-5609a4b0e8e9@group-97FF8A4DCC6A: change Leader from null to 55112d89-11b5-415b-b3d0-c3d2a8542f19 at term 1 for appendEntries, leader elected after 5175ms
2023-02-21 13:37:54,345 [49687013-9189-4ed6-aa07-d793b1b94e57-server-thread2] INFO  server.RaftServer$Division (ServerState.java:setRaftConf(430)) - 49687013-9189-4ed6-aa07-d793b1b94e57@group-A02C45B6FBBE: set configuration 0: peers:[16e51c86-b54f-4418-8274-5609a4b0e8e9|rpc:10.1.0.81:35385|dataStream:10.1.0.81:44455|priority:1|startupRole:FOLLOWER, 49687013-9189-4ed6-aa07-d793b1b94e57|rpc:10.1.0.81:45119|dataStream:10.1.0.81:34179|priority:0|startupRole:FOLLOWER, 55112d89-11b5-415b-b3d0-c3d2a8542f19|rpc:10.1.0.81:33855|dataStream:10.1.0.81:34785|priority:0|startupRole:FOLLOWER]|listeners:[], old=null
2023-02-21 13:37:54,345 [49687013-9189-4ed6-aa07-d793b1b94e57-server-thread2] INFO  segmented.SegmentedRaftLogWorker (SegmentedRaftLogWorker.java:startLogSegment(452)) - 49687013-9189-4ed6-aa07-d793b1b94e57@group-A02C45B6FBBE-SegmentedRaftLogWorker: Starting segment from index:0
2023-02-21 13:37:54,346 [49687013-9189-4ed6-aa07-d793b1b94e57-server-thread2] INFO  server.RaftServer$Division (ServerState.java:setRaftConf(430)) - 49687013-9189-4ed6-aa07-d793b1b94e57@group-97FF8A4DCC6A: set configuration 0: peers:[16e51c86-b54f-4418-8274-5609a4b0e8e9|rpc:10.1.0.81:35385|dataStream:10.1.0.81:44455|priority:0|startupRole:FOLLOWER, 49687013-9189-4ed6-aa07-d793b1b94e57|rpc:10.1.0.81:45119|dataStream:10.1.0.81:34179|priority:0|startupRole:FOLLOWER, 55112d89-11b5-415b-b3d0-c3d2a8542f19|rpc:10.1.0.81:33855|dataStream:10.1.0.81:34785|priority:1|startupRole:FOLLOWER]|listeners:[], old=null
2023-02-21 13:37:54,364 [49687013-9189-4ed6-aa07-d793b1b94e57-server-thread2] INFO  segmented.SegmentedRaftLogWorker (SegmentedRaftLogWorker.java:startLogSegment(452)) - 49687013-9189-4ed6-aa07-d793b1b94e57@group-97FF8A4DCC6A-SegmentedRaftLogWorker: Starting segment from index:0
2023-02-21 13:37:54,346 [16e51c86-b54f-4418-8274-5609a4b0e8e9-server-thread2] INFO  server.RaftServer$Division (ServerState.java:setRaftConf(430)) - 16e51c86-b54f-4418-8274-5609a4b0e8e9@group-97FF8A4DCC6A: set configuration 0: peers:[16e51c86-b54f-4418-8274-5609a4b0e8e9|rpc:10.1.0.81:35385|dataStream:10.1.0.81:44455|priority:0|startupRole:FOLLOWER, 49687013-9189-4ed6-aa07-d793b1b94e57|rpc:10.1.0.81:45119|dataStream:10.1.0.81:34179|priority:0|startupRole:FOLLOWER, 55112d89-11b5-415b-b3d0-c3d2a8542f19|rpc:10.1.0.81:33855|dataStream:10.1.0.81:34785|priority:1|startupRole:FOLLOWER]|listeners:[], old=null
2023-02-21 13:37:54,376 [16e51c86-b54f-4418-8274-5609a4b0e8e9-server-thread2] INFO  segmented.SegmentedRaftLogWorker (SegmentedRaftLogWorker.java:startLogSegment(452)) - 16e51c86-b54f-4418-8274-5609a4b0e8e9@group-97FF8A4DCC6A-SegmentedRaftLogWorker: Starting segment from index:0
2023-02-21 13:37:54,346 [55112d89-11b5-415b-b3d0-c3d2a8542f19-server-thread2] INFO  server.RaftServer$Division (ServerState.java:setRaftConf(430)) - 55112d89-11b5-415b-b3d0-c3d2a8542f19@group-A02C45B6FBBE: set configuration 0: peers:[16e51c86-b54f-4418-8274-5609a4b0e8e9|rpc:10.1.0.81:35385|dataStream:10.1.0.81:44455|priority:1|startupRole:FOLLOWER, 49687013-9189-4ed6-aa07-d793b1b94e57|rpc:10.1.0.81:45119|dataStream:10.1.0.81:34179|priority:0|startupRole:FOLLOWER, 55112d89-11b5-415b-b3d0-c3d2a8542f19|rpc:10.1.0.81:33855|dataStream:10.1.0.81:34785|priority:0|startupRole:FOLLOWER]|listeners:[], old=null
2023-02-21 13:37:54,377 [49687013-9189-4ed6-aa07-d793b1b94e57@group-97FF8A4DCC6A-SegmentedRaftLogWorker] INFO  segmented.SegmentedRaftLogWorker (SegmentedRaftLogWorker.java:execute(656)) - 49687013-9189-4ed6-aa07-d793b1b94e57@group-97FF8A4DCC6A-SegmentedRaftLogWorker: created new log segment /home/runner/work/ozone/ozone/hadoop-ozone/integration-test/target/test-dir/MiniOzoneClusterImpl-af67ded0-52d4-4e8d-8917-e8c7ba660466/datanode-1/data/ratis/40e47288-7291-4d7a-8a49-97ff8a4dcc6a/current/log_inprogress_0
2023-02-21 13:37:54,404 [55112d89-11b5-415b-b3d0-c3d2a8542f19-server-thread2] INFO  segmented.SegmentedRaftLogWorker (SegmentedRaftLogWorker.java:startLogSegment(452)) - 55112d89-11b5-415b-b3d0-c3d2a8542f19@group-A02C45B6FBBE-SegmentedRaftLogWorker: Starting segment from index:0
2023-02-21 13:37:54,366 [49687013-9189-4ed6-aa07-d793b1b94e57@group-A02C45B6FBBE-SegmentedRaftLogWorker] INFO  segmented.SegmentedRaftLogWorker (SegmentedRaftLogWorker.java:execute(656)) - 49687013-9189-4ed6-aa07-d793b1b94e57@group-A02C45B6FBBE-SegmentedRaftLogWorker: created new log segment /home/runner/work/ozone/ozone/hadoop-ozone/integration-test/target/test-dir/MiniOzoneClusterImpl-af67ded0-52d4-4e8d-8917-e8c7ba660466/datanode-1/data/ratis/46c6d006-6654-477f-ba61-a02c45b6fbbe/current/log_inprogress_0
2023-02-21 13:37:54,410 [16e51c86-b54f-4418-8274-5609a4b0e8e9@group-97FF8A4DCC6A-SegmentedRaftLogWorker] INFO  segmented.SegmentedRaftLogWorker (SegmentedRaftLogWorker.java:execute(656)) - 16e51c86-b54f-4418-8274-5609a4b0e8e9@group-97FF8A4DCC6A-SegmentedRaftLogWorker: created new log segment /home/runner/work/ozone/ozone/hadoop-ozone/integration-test/target/test-dir/MiniOzoneClusterImpl-af67ded0-52d4-4e8d-8917-e8c7ba660466/datanode-2/data/ratis/40e47288-7291-4d7a-8a49-97ff8a4dcc6a/current/log_inprogress_0
2023-02-21 13:37:54,415 [55112d89-11b5-415b-b3d0-c3d2a8542f19@group-A02C45B6FBBE-SegmentedRaftLogWorker] INFO  segmented.SegmentedRaftLogWorker (SegmentedRaftLogWorker.java:execute(656)) - 55112d89-11b5-415b-b3d0-c3d2a8542f19@group-A02C45B6FBBE-SegmentedRaftLogWorker: created new log segment /home/runner/work/ozone/ozone/hadoop-ozone/integration-test/target/test-dir/MiniOzoneClusterImpl-af67ded0-52d4-4e8d-8917-e8c7ba660466/datanode-0/data/ratis/46c6d006-6654-477f-ba61-a02c45b6fbbe/current/log_inprogress_0
2023-02-21 13:37:54,752 [16e51c86-b54f-4418-8274-5609a4b0e8e9@group-39915C651F39-FollowerState] INFO  impl.FollowerState (FollowerState.java:run(143)) - 16e51c86-b54f-4418-8274-5609a4b0e8e9@group-39915C651F39-FollowerState: change to CANDIDATE, lastRpcElapsedTime:5046002273ns, electionTimeout:5045ms
2023-02-21 13:37:54,753 [16e51c86-b54f-4418-8274-5609a4b0e8e9@group-39915C651F39-FollowerState] INFO  impl.RoleInfo (RoleInfo.java:shutdownFollowerState(110)) - 16e51c86-b54f-4418-8274-5609a4b0e8e9: shutdown 16e51c86-b54f-4418-8274-5609a4b0e8e9@group-39915C651F39-FollowerState
2023-02-21 13:37:54,753 [16e51c86-b54f-4418-8274-5609a4b0e8e9@group-39915C651F39-FollowerState] INFO  server.RaftServer$Division (RaftServerImpl.java:setRole(321)) - 16e51c86-b54f-4418-8274-5609a4b0e8e9@group-39915C651F39: changes role from  FOLLOWER to CANDIDATE at term 0 for changeToCandidate
2023-02-21 13:37:54,755 [16e51c86-b54f-4418-8274-5609a4b0e8e9@group-39915C651F39-FollowerState] INFO  server.RaftServerConfigKeys (ConfUtils.java:logGet(46)) - raft.server.leaderelection.pre-vote = true (default)
2023-02-21 13:37:54,755 [16e51c86-b54f-4418-8274-5609a4b0e8e9@group-39915C651F39-FollowerState] INFO  impl.RoleInfo (RoleInfo.java:updateAndGet(139)) - 16e51c86-b54f-4418-8274-5609a4b0e8e9: start 16e51c86-b54f-4418-8274-5609a4b0e8e9@group-39915C651F39-LeaderElection7
2023-02-21 13:37:54,757 [16e51c86-b54f-4418-8274-5609a4b0e8e9@group-39915C651F39-LeaderElection7] INFO  impl.LeaderElection (LeaderElection.java:askForVotes(312)) - 16e51c86-b54f-4418-8274-5609a4b0e8e9@group-39915C651F39-LeaderElection7 PRE_VOTE round 0: submit vote requests at term 0 for -1: peers:[16e51c86-b54f-4418-8274-5609a4b0e8e9|rpc:10.1.0.81:35385|dataStream:10.1.0.81:44455|priority:1|startupRole:FOLLOWER]|listeners:[], old=null
2023-02-21 13:37:54,757 [16e51c86-b54f-4418-8274-5609a4b0e8e9@group-39915C651F39-LeaderElection7] INFO  impl.LeaderElection (LeaderElection.java:askForVotes(314)) - 16e51c86-b54f-4418-8274-5609a4b0e8e9@group-39915C651F39-LeaderElection7 PRE_VOTE round 0: result PASSED (term=0)
2023-02-21 13:37:54,759 [16e51c86-b54f-4418-8274-5609a4b0e8e9@group-39915C651F39-LeaderElection7] INFO  impl.LeaderElection (LeaderElection.java:askForVotes(312)) - 16e51c86-b54f-4418-8274-5609a4b0e8e9@group-39915C651F39-LeaderElection7 ELECTION round 0: submit vote requests at term 1 for -1: peers:[16e51c86-b54f-4418-8274-5609a4b0e8e9|rpc:10.1.0.81:35385|dataStream:10.1.0.81:44455|priority:1|startupRole:FOLLOWER]|listeners:[], old=null
2023-02-21 13:37:54,765 [16e51c86-b54f-4418-8274-5609a4b0e8e9@group-39915C651F39-LeaderElection7] INFO  impl.LeaderElection (LeaderElection.java:askForVotes(314)) - 16e51c86-b54f-4418-8274-5609a4b0e8e9@group-39915C651F39-LeaderElection7 ELECTION round 0: result PASSED (term=1)
2023-02-21 13:37:54,765 [16e51c86-b54f-4418-8274-5609a4b0e8e9@group-39915C651F39-LeaderElection7] INFO  impl.RoleInfo (RoleInfo.java:shutdownLeaderElection(130)) - 16e51c86-b54f-4418-8274-5609a4b0e8e9: shutdown 16e51c86-b54f-4418-8274-5609a4b0e8e9@group-39915C651F39-LeaderElection7
2023-02-21 13:37:54,766 [16e51c86-b54f-4418-8274-5609a4b0e8e9@group-39915C651F39-LeaderElection7] INFO  server.RaftServer$Division (RaftServerImpl.java:setRole(321)) - 16e51c86-b54f-4418-8274-5609a4b0e8e9@group-39915C651F39: changes role from CANDIDATE to LEADER at term 1 for changeToLeader
2023-02-21 13:37:54,766 [16e51c86-b54f-4418-8274-5609a4b0e8e9@group-39915C651F39-LeaderElection7] INFO  ratis.XceiverServerRatis (XceiverServerRatis.java:handleLeaderChangedNotification(905)) - Leader change notification received for group: group-39915C651F39 with new leaderId: 16e51c86-b54f-4418-8274-5609a4b0e8e9
2023-02-21 13:37:54,766 [16e51c86-b54f-4418-8274-5609a4b0e8e9@group-39915C651F39-LeaderElection7] INFO  server.RaftServer$Division (ServerState.java:setLeader(313)) - 16e51c86-b54f-4418-8274-5609a4b0e8e9@group-39915C651F39: change Leader from null to 16e51c86-b54f-4418-8274-5609a4b0e8e9 at term 1 for becomeLeader, leader elected after 5384ms
2023-02-21 13:37:54,766 [16e51c86-b54f-4418-8274-5609a4b0e8e9@group-39915C651F39-LeaderElection7] INFO  server.RaftServerConfigKeys (ConfUtils.java:logGet(46)) - raft.server.staging.catchup.gap = 1000 (default)
2023-02-21 13:37:54,767 [16e51c86-b54f-4418-8274-5609a4b0e8e9@group-39915C651F39-LeaderElection7] INFO  server.RaftServerConfigKeys (ConfUtils.java:logGet(46)) - raft.server.write.element-limit = 1024 (custom)
2023-02-21 13:37:54,767 [16e51c86-b54f-4418-8274-5609a4b0e8e9@group-39915C651F39-LeaderElection7] INFO  server.RaftServerConfigKeys (ConfUtils.java:logGet(46)) - raft.server.write.byte-limit = 1024 M (=1073741824) (custom)
2023-02-21 13:37:54,768 [16e51c86-b54f-4418-8274-5609a4b0e8e9@group-39915C651F39-LeaderElection7] INFO  server.RaftServerConfigKeys (ConfUtils.java:logGet(46)) - raft.server.watch.timeout = 180s (custom)
2023-02-21 13:37:54,768 [16e51c86-b54f-4418-8274-5609a4b0e8e9@group-39915C651F39-LeaderElection7] INFO  server.RaftServerConfigKeys (ConfUtils.java:logGet(46)) - raft.server.watch.timeout.denomination = 1s (default)
2023-02-21 13:37:54,768 [16e51c86-b54f-4418-8274-5609a4b0e8e9@group-39915C651F39-LeaderElection7] INFO  server.RaftServerConfigKeys (ConfUtils.java:logGet(46)) - raft.server.watch.element-limit = 65536 (default)
2023-02-21 13:37:54,768 [16e51c86-b54f-4418-8274-5609a4b0e8e9@group-39915C651F39-LeaderElection7] INFO  server.RaftServerConfigKeys (ConfUtils.java:logGet(46)) - raft.server.write.element-limit = 1024 (custom)
2023-02-21 13:37:54,768 [16e51c86-b54f-4418-8274-5609a4b0e8e9@group-39915C651F39-LeaderElection7] INFO  server.RaftServerConfigKeys (ConfUtils.java:logGet(46)) - raft.server.write.follower.gap.ratio.max = -1.0 (default)
2023-02-21 13:37:54,769 [16e51c86-b54f-4418-8274-5609a4b0e8e9@group-39915C651F39-LeaderElection7] INFO  impl.RoleInfo (RoleInfo.java:updateAndGet(139)) - 16e51c86-b54f-4418-8274-5609a4b0e8e9: start 16e51c86-b54f-4418-8274-5609a4b0e8e9@group-39915C651F39-LeaderStateImpl
2023-02-21 13:37:54,769 [16e51c86-b54f-4418-8274-5609a4b0e8e9@group-39915C651F39-LeaderElection7] INFO  segmented.SegmentedRaftLogWorker (SegmentedRaftLogWorker.java:startLogSegment(452)) - 16e51c86-b54f-4418-8274-5609a4b0e8e9@group-39915C651F39-SegmentedRaftLogWorker: Starting segment from index:0
2023-02-21 13:37:54,772 [16e51c86-b54f-4418-8274-5609a4b0e8e9@group-39915C651F39-SegmentedRaftLogWorker] INFO  segmented.SegmentedRaftLogWorker (SegmentedRaftLogWorker.java:execute(656)) - 16e51c86-b54f-4418-8274-5609a4b0e8e9@group-39915C651F39-SegmentedRaftLogWorker: created new log segment /home/runner/work/ozone/ozone/hadoop-ozone/integration-test/target/test-dir/MiniOzoneClusterImpl-af67ded0-52d4-4e8d-8917-e8c7ba660466/datanode-2/data/ratis/942681f0-d9bf-46b2-bda0-39915c651f39/current/log_inprogress_0
2023-02-21 13:37:54,775 [16e51c86-b54f-4418-8274-5609a4b0e8e9@group-39915C651F39-LeaderElection7] INFO  server.RaftServer$Division (ServerState.java:setRaftConf(430)) - 16e51c86-b54f-4418-8274-5609a4b0e8e9@group-39915C651F39: set configuration 0: peers:[16e51c86-b54f-4418-8274-5609a4b0e8e9|rpc:10.1.0.81:35385|dataStream:10.1.0.81:44455|priority:1|startupRole:FOLLOWER]|listeners:[], old=null
2023-02-21 13:37:54,852 [a9e05f5c-46cf-4b5a-96e6-bc07cdc5b6c0@group-CBB97518E604-FollowerState] INFO  impl.FollowerState (FollowerState.java:run(143)) - a9e05f5c-46cf-4b5a-96e6-bc07cdc5b6c0@group-CBB97518E604-FollowerState: change to CANDIDATE, lastRpcElapsedTime:5033871956ns, electionTimeout:5033ms
2023-02-21 13:37:54,852 [a9e05f5c-46cf-4b5a-96e6-bc07cdc5b6c0@group-CBB97518E604-FollowerState] INFO  impl.RoleInfo (RoleInfo.java:shutdownFollowerState(110)) - a9e05f5c-46cf-4b5a-96e6-bc07cdc5b6c0: shutdown a9e05f5c-46cf-4b5a-96e6-bc07cdc5b6c0@group-CBB97518E604-FollowerState
2023-02-21 13:37:54,852 [a9e05f5c-46cf-4b5a-96e6-bc07cdc5b6c0@group-CBB97518E604-FollowerState] INFO  server.RaftServer$Division (RaftServerImpl.java:setRole(321)) - a9e05f5c-46cf-4b5a-96e6-bc07cdc5b6c0@group-CBB97518E604: changes role from  FOLLOWER to CANDIDATE at term 0 for changeToCandidate
2023-02-21 13:37:54,857 [a9e05f5c-46cf-4b5a-96e6-bc07cdc5b6c0@group-CBB97518E604-FollowerState] INFO  server.RaftServerConfigKeys (ConfUtils.java:logGet(46)) - raft.server.leaderelection.pre-vote = true (default)
2023-02-21 13:37:54,857 [a9e05f5c-46cf-4b5a-96e6-bc07cdc5b6c0@group-CBB97518E604-FollowerState] INFO  impl.RoleInfo (RoleInfo.java:updateAndGet(139)) - a9e05f5c-46cf-4b5a-96e6-bc07cdc5b6c0: start a9e05f5c-46cf-4b5a-96e6-bc07cdc5b6c0@group-CBB97518E604-LeaderElection8
2023-02-21 13:37:54,878 [a9e05f5c-46cf-4b5a-96e6-bc07cdc5b6c0@group-CBB97518E604-LeaderElection8] INFO  impl.LeaderElection (LeaderElection.java:askForVotes(312)) - a9e05f5c-46cf-4b5a-96e6-bc07cdc5b6c0@group-CBB97518E604-LeaderElection8 PRE_VOTE round 0: submit vote requests at term 0 for -1: peers:[a9e05f5c-46cf-4b5a-96e6-bc07cdc5b6c0|rpc:10.1.0.81:34323|dataStream:10.1.0.81:40053|priority:1|startupRole:FOLLOWER]|listeners:[], old=null
2023-02-21 13:37:54,879 [a9e05f5c-46cf-4b5a-96e6-bc07cdc5b6c0@group-CBB97518E604-LeaderElection8] INFO  impl.LeaderElection (LeaderElection.java:askForVotes(314)) - a9e05f5c-46cf-4b5a-96e6-bc07cdc5b6c0@group-CBB97518E604-LeaderElection8 PRE_VOTE round 0: result PASSED (term=0)
2023-02-21 13:37:54,880 [a9e05f5c-46cf-4b5a-96e6-bc07cdc5b6c0@group-CBB97518E604-LeaderElection8] INFO  impl.LeaderElection (LeaderElection.java:askForVotes(312)) - a9e05f5c-46cf-4b5a-96e6-bc07cdc5b6c0@group-CBB97518E604-LeaderElection8 ELECTION round 0: submit vote requests at term 1 for -1: peers:[a9e05f5c-46cf-4b5a-96e6-bc07cdc5b6c0|rpc:10.1.0.81:34323|dataStream:10.1.0.81:40053|priority:1|startupRole:FOLLOWER]|listeners:[], old=null
2023-02-21 13:37:54,880 [a9e05f5c-46cf-4b5a-96e6-bc07cdc5b6c0@group-CBB97518E604-LeaderElection8] INFO  impl.LeaderElection (LeaderElection.java:askForVotes(314)) - a9e05f5c-46cf-4b5a-96e6-bc07cdc5b6c0@group-CBB97518E604-LeaderElection8 ELECTION round 0: result PASSED (term=1)
2023-02-21 13:37:54,880 [a9e05f5c-46cf-4b5a-96e6-bc07cdc5b6c0@group-CBB97518E604-LeaderElection8] INFO  impl.RoleInfo (RoleInfo.java:shutdownLeaderElection(130)) - a9e05f5c-46cf-4b5a-96e6-bc07cdc5b6c0: shutdown a9e05f5c-46cf-4b5a-96e6-bc07cdc5b6c0@group-CBB97518E604-LeaderElection8
2023-02-21 13:37:54,880 [a9e05f5c-46cf-4b5a-96e6-bc07cdc5b6c0@group-CBB97518E604-LeaderElection8] INFO  server.RaftServer$Division (RaftServerImpl.java:setRole(321)) - a9e05f5c-46cf-4b5a-96e6-bc07cdc5b6c0@group-CBB97518E604: changes role from CANDIDATE to LEADER at term 1 for changeToLeader
2023-02-21 13:37:54,880 [a9e05f5c-46cf-4b5a-96e6-bc07cdc5b6c0@group-CBB97518E604-LeaderElection8] INFO  ratis.XceiverServerRatis (XceiverServerRatis.java:handleLeaderChangedNotification(905)) - Leader change notification received for group: group-CBB97518E604 with new leaderId: a9e05f5c-46cf-4b5a-96e6-bc07cdc5b6c0
2023-02-21 13:37:54,881 [a9e05f5c-46cf-4b5a-96e6-bc07cdc5b6c0@group-CBB97518E604-LeaderElection8] INFO  server.RaftServer$Division (ServerState.java:setLeader(313)) - a9e05f5c-46cf-4b5a-96e6-bc07cdc5b6c0@group-CBB97518E604: change Leader from null to a9e05f5c-46cf-4b5a-96e6-bc07cdc5b6c0 at term 1 for becomeLeader, leader elected after 5089ms
2023-02-21 13:37:54,881 [a9e05f5c-46cf-4b5a-96e6-bc07cdc5b6c0@group-CBB97518E604-LeaderElection8] INFO  server.RaftServerConfigKeys (ConfUtils.java:logGet(46)) - raft.server.staging.catchup.gap = 1000 (default)
2023-02-21 13:37:54,881 [a9e05f5c-46cf-4b5a-96e6-bc07cdc5b6c0@group-CBB97518E604-LeaderElection8] INFO  server.RaftServerConfigKeys (ConfUtils.java:logGet(46)) - raft.server.write.element-limit = 1024 (custom)
2023-02-21 13:37:54,881 [a9e05f5c-46cf-4b5a-96e6-bc07cdc5b6c0@group-CBB97518E604-LeaderElection8] INFO  server.RaftServerConfigKeys (ConfUtils.java:logGet(46)) - raft.server.write.byte-limit = 1024 M (=1073741824) (custom)
2023-02-21 13:37:54,881 [a9e05f5c-46cf-4b5a-96e6-bc07cdc5b6c0@group-CBB97518E604-LeaderElection8] INFO  server.RaftServerConfigKeys (ConfUtils.java:logGet(46)) - raft.server.watch.timeout = 180s (custom)
2023-02-21 13:37:54,881 [a9e05f5c-46cf-4b5a-96e6-bc07cdc5b6c0@group-CBB97518E604-LeaderElection8] INFO  server.RaftServerConfigKeys (ConfUtils.java:logGet(46)) - raft.server.watch.timeout.denomination = 1s (default)
2023-02-21 13:37:54,882 [a9e05f5c-46cf-4b5a-96e6-bc07cdc5b6c0@group-CBB97518E604-LeaderElection8] INFO  server.RaftServerConfigKeys (ConfUtils.java:logGet(46)) - raft.server.watch.element-limit = 65536 (default)
2023-02-21 13:37:54,882 [a9e05f5c-46cf-4b5a-96e6-bc07cdc5b6c0@group-CBB97518E604-LeaderElection8] INFO  server.RaftServerConfigKeys (ConfUtils.java:logGet(46)) - raft.server.write.element-limit = 1024 (custom)
2023-02-21 13:37:54,882 [a9e05f5c-46cf-4b5a-96e6-bc07cdc5b6c0@group-CBB97518E604-LeaderElection8] INFO  server.RaftServerConfigKeys (ConfUtils.java:logGet(46)) - raft.server.write.follower.gap.ratio.max = -1.0 (default)
2023-02-21 13:37:54,882 [a9e05f5c-46cf-4b5a-96e6-bc07cdc5b6c0@group-CBB97518E604-LeaderElection8] INFO  impl.RoleInfo (RoleInfo.java:updateAndGet(139)) - a9e05f5c-46cf-4b5a-96e6-bc07cdc5b6c0: start a9e05f5c-46cf-4b5a-96e6-bc07cdc5b6c0@group-CBB97518E604-LeaderStateImpl
2023-02-21 13:37:54,883 [a9e05f5c-46cf-4b5a-96e6-bc07cdc5b6c0@group-CBB97518E604-LeaderElection8] INFO  segmented.SegmentedRaftLogWorker (SegmentedRaftLogWorker.java:startLogSegment(452)) - a9e05f5c-46cf-4b5a-96e6-bc07cdc5b6c0@group-CBB97518E604-SegmentedRaftLogWorker: Starting segment from index:0
2023-02-21 13:37:54,885 [a9e05f5c-46cf-4b5a-96e6-bc07cdc5b6c0@group-CBB97518E604-SegmentedRaftLogWorker] INFO  segmented.SegmentedRaftLogWorker (SegmentedRaftLogWorker.java:execute(656)) - a9e05f5c-46cf-4b5a-96e6-bc07cdc5b6c0@group-CBB97518E604-SegmentedRaftLogWorker: created new log segment /home/runner/work/ozone/ozone/hadoop-ozone/integration-test/target/test-dir/MiniOzoneClusterImpl-af67ded0-52d4-4e8d-8917-e8c7ba660466/datanode-3/data/ratis/080e3f4e-b013-485b-bb76-cbb97518e604/current/log_inprogress_0
2023-02-21 13:37:54,892 [a9e05f5c-46cf-4b5a-96e6-bc07cdc5b6c0@group-CBB97518E604-LeaderElection8] INFO  server.RaftServer$Division (ServerState.java:setRaftConf(430)) - a9e05f5c-46cf-4b5a-96e6-bc07cdc5b6c0@group-CBB97518E604: set configuration 0: peers:[a9e05f5c-46cf-4b5a-96e6-bc07cdc5b6c0|rpc:10.1.0.81:34323|dataStream:10.1.0.81:40053|priority:1|startupRole:FOLLOWER]|listeners:[], old=null
2023-02-21 13:37:54,939 [Listener at 127.0.0.1/35721] INFO  rpc.RpcClient (RpcClient.java:createVolume(476)) - Creating Volume: volume06454, with user33932 as owner and space quota set to -1 bytes, counts quota set to -1
2023-02-21 13:37:54,995 [OM StateMachine ApplyTransaction Thread - 0] INFO  volume.OMVolumeCreateRequest (OMVolumeCreateRequest.java:validateAndUpdateCache(195)) - created volume:volume06454 for user:user33932
2023-02-21 13:37:55,018 [Listener at 127.0.0.1/35721] INFO  rpc.RpcClient (RpcClient.java:createBucket(698)) - Creating Bucket: volume06454/bucket10538, with bucket layout LEGACY, runner as owner, Versioning false, Storage Type set to DISK and Encryption set to false, Replication Type set to server-side default replication type, Namespace Quota set to -1, Space Quota set to -1 
2023-02-21 13:37:55,039 [OM StateMachine ApplyTransaction Thread - 0] INFO  bucket.OMBucketCreateRequest (OMBucketCreateRequest.java:validateAndUpdateCache(263)) - created bucket: bucket10538 of layout LEGACY in volume: volume06454
]]></system-out>
  </testcase>
  <testcase name="testGetTrashRoot" classname="TestOzoneFileSystem" time="21.265">
    <system-out><![CDATA[2023-02-21 13:38:59,701 [Listener at 127.0.0.1/35721] INFO  ozone.MiniOzoneClusterImpl (MiniOzoneClusterImpl.java:shutdown(450)) - Shutting down the Mini Ozone Cluster
2023-02-21 13:38:59,702 [Listener at 127.0.0.1/35721] INFO  ozone.MiniOzoneClusterImpl (MiniOzoneClusterImpl.java:stop(465)) - Stopping the Mini Ozone Cluster
2023-02-21 13:38:59,702 [Listener at 127.0.0.1/35721] INFO  ozone.MiniOzoneClusterImpl (MiniOzoneClusterImpl.java:stopOM(547)) - Stopping the OzoneManager
2023-02-21 13:38:59,702 [Listener at 127.0.0.1/35721] INFO  om.OzoneManager (OzoneManager.java:stop(2139)) - om1[localhost:0]: Stopping Ozone Manager
2023-02-21 13:38:59,703 [Listener at 127.0.0.1/35721] INFO  ipc.Server (Server.java:stop(3428)) - Stopping server on 35721
2023-02-21 13:38:59,716 [IPC Server listener on 0] INFO  ipc.Server (Server.java:run(1384)) - Stopping IPC Server listener on 0
2023-02-21 13:38:59,718 [IPC Server Responder] INFO  ipc.Server (Server.java:run(1517)) - Stopping IPC Server Responder
2023-02-21 13:38:59,718 [Listener at 127.0.0.1/35721] INFO  server.RaftServer (RaftServerProxy.java:lambda$close$6(409)) - om1: close
2023-02-21 13:38:59,723 [Listener at 127.0.0.1/35721] INFO  server.GrpcService (GrpcService.java:closeImpl(271)) - om1: shutdown server GrpcServerProtocolService now
2023-02-21 13:38:59,727 [om1-impl-thread2] INFO  server.RaftServer$Division (RaftServerImpl.java:lambda$close$4(458)) - om1@group-C5BA1605619E: shutdown
2023-02-21 13:38:59,728 [om1-impl-thread2] INFO  util.JmxRegister (JmxRegister.java:unregister(73)) - Successfully un-registered JMX Bean with object name Ratis:service=RaftServer,group=group-C5BA1605619E,id=om1
2023-02-21 13:38:59,728 [om1-impl-thread2] INFO  impl.RoleInfo (RoleInfo.java:shutdownLeaderState(93)) - om1: shutdown om1@group-C5BA1605619E-LeaderStateImpl
2023-02-21 13:38:59,728 [om1-impl-thread2] INFO  impl.PendingRequests (PendingRequests.java:sendNotLeaderResponses(282)) - om1@group-C5BA1605619E-PendingRequests: sendNotLeaderResponses
2023-02-21 13:38:59,733 [Listener at 127.0.0.1/35721] INFO  server.GrpcService (GrpcService.java:closeImpl(280)) - om1: shutdown server GrpcServerProtocolService successfully
2023-02-21 13:38:59,735 [om1-impl-thread2] INFO  impl.StateMachineUpdater (StateMachineUpdater.java:stopAndJoin(153)) - om1@group-C5BA1605619E-StateMachineUpdater: set stopIndex = 37014
2023-02-21 13:38:59,738 [om1@group-C5BA1605619E-StateMachineUpdater] INFO  ratis.OzoneManagerStateMachine (OzoneManagerStateMachine.java:takeSnapshot(445)) - Current Snapshot Index (t:1, i:37014)
2023-02-21 13:38:59,793 [om1@group-C5BA1605619E-StateMachineUpdater] INFO  impl.StateMachineUpdater (StateMachineUpdater.java:takeSnapshot(287)) - om1@group-C5BA1605619E-StateMachineUpdater: Took a snapshot at index 37014
2023-02-21 13:38:59,794 [om1@group-C5BA1605619E-StateMachineUpdater] INFO  impl.StateMachineUpdater (StateMachineUpdater.java:lambda$new$0(92)) - om1@group-C5BA1605619E-StateMachineUpdater: snapshotIndex: updateIncreasingly -1 -> 37014
2023-02-21 13:38:59,794 [om1@group-C5BA1605619E-StateMachineUpdater] INFO  ratis.OzoneManagerStateMachine (OzoneManagerStateMachine.java:close(499)) - StateMachine has shutdown. Shutdown OzoneManager if not already shutdown.
2023-02-21 13:38:59,794 [om1@group-C5BA1605619E-StateMachineUpdater] INFO  ratis.OzoneManagerDoubleBuffer (OzoneManagerDoubleBuffer.java:stopDaemon(541)) - Stopping OMDoubleBuffer flush thread
2023-02-21 13:38:59,795 [OMDoubleBufferFlushThread] INFO  ratis.OzoneManagerDoubleBuffer (OzoneManagerDoubleBuffer.java:canFlush(626)) - OMDoubleBuffer flush thread OMDoubleBufferFlushThread is interrupted and will exit.
2023-02-21 13:38:59,797 [om1-impl-thread2] INFO  server.RaftServer$Division (ServerState.java:close(466)) - om1@group-C5BA1605619E: closes. applyIndex: 37014
2023-02-21 13:38:59,810 [om1@group-C5BA1605619E-SegmentedRaftLogWorker] INFO  segmented.SegmentedRaftLogWorker (SegmentedRaftLogWorker.java:run(347)) - om1@group-C5BA1605619E-SegmentedRaftLogWorker was interrupted, exiting. There are 0 tasks remaining in the queue.
2023-02-21 13:38:59,822 [om1-impl-thread2] INFO  segmented.SegmentedRaftLogWorker (SegmentedRaftLogWorker.java:close(257)) - om1@group-C5BA1605619E-SegmentedRaftLogWorker close()
2023-02-21 13:38:59,823 [JvmPauseMonitor0] INFO  util.JvmPauseMonitor (JvmPauseMonitor.java:run(111)) - JvmPauseMonitor-om1: Stopped
2023-02-21 13:38:59,824 [Listener at 127.0.0.1/35721] INFO  ratis.OzoneManagerStateMachine (OzoneManagerStateMachine.java:close(499)) - StateMachine has shutdown. Shutdown OzoneManager if not already shutdown.
2023-02-21 13:38:59,824 [Listener at 127.0.0.1/35721] INFO  ratis.OzoneManagerDoubleBuffer (OzoneManagerDoubleBuffer.java:stopDaemon(550)) - OMDoubleBuffer flush thread is not running.
2023-02-21 13:38:59,824 [Listener at 127.0.0.1/35721] INFO  utils.BackgroundService (BackgroundService.java:shutdown(141)) - Shutting down service KeyDeletingService
2023-02-21 13:38:59,825 [Listener at 127.0.0.1/35721] INFO  utils.BackgroundService (BackgroundService.java:shutdown(141)) - Shutting down service DirectoryDeletingService
2023-02-21 13:38:59,825 [Listener at 127.0.0.1/35721] INFO  utils.BackgroundService (BackgroundService.java:shutdown(141)) - Shutting down service OpenKeyCleanupService
2023-02-21 13:38:59,825 [Listener at 127.0.0.1/35721] INFO  utils.BackgroundService (BackgroundService.java:shutdown(141)) - Shutting down service SstFilteringService
2023-02-21 13:38:59,831 [Listener at 127.0.0.1/35721] INFO  handler.ContextHandler (ContextHandler.java:doStop(1159)) - Stopped o.e.j.w.WebAppContext@6c35001b{ozoneManager,/,null,STOPPED}{file:/home/runner/work/ozone/ozone/hadoop-ozone/integration-test/target/test-classes/webapps/ozoneManager}
2023-02-21 13:38:59,836 [Listener at 127.0.0.1/35721] INFO  server.AbstractConnector (AbstractConnector.java:doStop(383)) - Stopped ServerConnector@5be09e9e{HTTP/1.1, (http/1.1)}{0.0.0.0:0}
2023-02-21 13:38:59,836 [Listener at 127.0.0.1/35721] INFO  server.session (HouseKeeper.java:stopScavenging(149)) - node0 Stopped scavenging
2023-02-21 13:38:59,836 [Listener at 127.0.0.1/35721] INFO  handler.ContextHandler (ContextHandler.java:doStop(1159)) - Stopped o.e.j.s.ServletContextHandler@60c2071d{static,/static,file:///home/runner/work/ozone/ozone/hadoop-ozone/integration-test/target/test-classes/webapps/static,STOPPED}
2023-02-21 13:38:59,836 [Listener at 127.0.0.1/35721] INFO  handler.ContextHandler (ContextHandler.java:doStop(1159)) - Stopped o.e.j.s.ServletContextHandler@2f308931{logs,/logs,file:///home/runner/work/ozone/ozone/hadoop-ozone/integration-test/target/log,STOPPED}
2023-02-21 13:38:59,840 [Trash Emptier] ERROR om.TrashPolicyOzone (TrashPolicyOzone.java:run(350)) - Error attempting to shutdown
java.lang.InterruptedException
	at java.util.concurrent.locks.AbstractQueuedSynchronizer$ConditionObject.awaitNanos(AbstractQueuedSynchronizer.java:2067)
	at java.util.concurrent.ThreadPoolExecutor.awaitTermination(ThreadPoolExecutor.java:1475)
	at org.apache.hadoop.ozone.om.TrashPolicyOzone$Emptier.run(TrashPolicyOzone.java:348)
	at java.lang.Thread.run(Thread.java:750)
2023-02-21 13:38:59,848 [Listener at 127.0.0.1/35721] INFO  ozone.MiniOzoneClusterImpl (MiniOzoneClusterImpl.java:stopDatanodes(524)) - Stopping the HddsDatanodes
2023-02-21 13:38:59,857 [Listener at 127.0.0.1/35721] INFO  ozoneimpl.OzoneContainer (OzoneContainer.java:stop(420)) - Attempting to stop container services.
2023-02-21 13:38:59,858 [ForkJoinPool.commonPool-worker-0] INFO  ozoneimpl.OzoneContainer (OzoneContainer.java:stop(420)) - Attempting to stop container services.
2023-02-21 13:38:59,860 [ForkJoinPool.commonPool-worker-0] INFO  server.RaftServer (RaftServerProxy.java:lambda$close$6(409)) - 49687013-9189-4ed6-aa07-d793b1b94e57: close
2023-02-21 13:38:59,861 [Listener at 127.0.0.1/35721] INFO  server.RaftServer (RaftServerProxy.java:lambda$close$6(409)) - 16e51c86-b54f-4418-8274-5609a4b0e8e9: close
2023-02-21 13:38:59,861 [49687013-9189-4ed6-aa07-d793b1b94e57-impl-thread2] INFO  server.RaftServer$Division (RaftServerImpl.java:lambda$close$4(458)) - 49687013-9189-4ed6-aa07-d793b1b94e57@group-97FF8A4DCC6A: shutdown
2023-02-21 13:38:59,861 [49687013-9189-4ed6-aa07-d793b1b94e57-impl-thread2] INFO  util.JmxRegister (JmxRegister.java:unregister(73)) - Successfully un-registered JMX Bean with object name Ratis:service=RaftServer,group=group-97FF8A4DCC6A,id=49687013-9189-4ed6-aa07-d793b1b94e57
2023-02-21 13:38:59,861 [49687013-9189-4ed6-aa07-d793b1b94e57-impl-thread2] INFO  impl.RoleInfo (RoleInfo.java:shutdownFollowerState(110)) - 49687013-9189-4ed6-aa07-d793b1b94e57: shutdown 49687013-9189-4ed6-aa07-d793b1b94e57@group-97FF8A4DCC6A-FollowerState
2023-02-21 13:38:59,861 [49687013-9189-4ed6-aa07-d793b1b94e57-impl-thread3] INFO  server.RaftServer$Division (RaftServerImpl.java:lambda$close$4(458)) - 49687013-9189-4ed6-aa07-d793b1b94e57@group-66544A672C8E: shutdown
2023-02-21 13:38:59,861 [49687013-9189-4ed6-aa07-d793b1b94e57-impl-thread3] INFO  util.JmxRegister (JmxRegister.java:unregister(73)) - Successfully un-registered JMX Bean with object name Ratis:service=RaftServer,group=group-66544A672C8E,id=49687013-9189-4ed6-aa07-d793b1b94e57
2023-02-21 13:38:59,862 [49687013-9189-4ed6-aa07-d793b1b94e57-impl-thread3] INFO  impl.RoleInfo (RoleInfo.java:shutdownLeaderState(93)) - 49687013-9189-4ed6-aa07-d793b1b94e57: shutdown 49687013-9189-4ed6-aa07-d793b1b94e57@group-66544A672C8E-LeaderStateImpl
2023-02-21 13:38:59,865 [ForkJoinPool.commonPool-worker-0] INFO  server.GrpcService (GrpcService.java:closeImpl(271)) - 49687013-9189-4ed6-aa07-d793b1b94e57: shutdown server GrpcServerProtocolService now
2023-02-21 13:38:59,865 [49687013-9189-4ed6-aa07-d793b1b94e57-impl-thread4] INFO  server.RaftServer$Division (RaftServerImpl.java:lambda$close$4(458)) - 49687013-9189-4ed6-aa07-d793b1b94e57@group-A02C45B6FBBE: shutdown
2023-02-21 13:38:59,865 [49687013-9189-4ed6-aa07-d793b1b94e57-impl-thread4] INFO  util.JmxRegister (JmxRegister.java:unregister(73)) - Successfully un-registered JMX Bean with object name Ratis:service=RaftServer,group=group-A02C45B6FBBE,id=49687013-9189-4ed6-aa07-d793b1b94e57
2023-02-21 13:38:59,865 [49687013-9189-4ed6-aa07-d793b1b94e57@group-97FF8A4DCC6A-FollowerState] INFO  impl.FollowerState (FollowerState.java:run(152)) - 49687013-9189-4ed6-aa07-d793b1b94e57@group-97FF8A4DCC6A-FollowerState was interrupted
2023-02-21 13:38:59,866 [16e51c86-b54f-4418-8274-5609a4b0e8e9-impl-thread2] INFO  server.RaftServer$Division (RaftServerImpl.java:lambda$close$4(458)) - 16e51c86-b54f-4418-8274-5609a4b0e8e9@group-97FF8A4DCC6A: shutdown
2023-02-21 13:38:59,866 [16e51c86-b54f-4418-8274-5609a4b0e8e9-impl-thread2] INFO  util.JmxRegister (JmxRegister.java:unregister(73)) - Successfully un-registered JMX Bean with object name Ratis:service=RaftServer,group=group-97FF8A4DCC6A,id=16e51c86-b54f-4418-8274-5609a4b0e8e9
2023-02-21 13:38:59,866 [16e51c86-b54f-4418-8274-5609a4b0e8e9-impl-thread2] INFO  impl.RoleInfo (RoleInfo.java:shutdownFollowerState(110)) - 16e51c86-b54f-4418-8274-5609a4b0e8e9: shutdown 16e51c86-b54f-4418-8274-5609a4b0e8e9@group-97FF8A4DCC6A-FollowerState
2023-02-21 13:38:59,865 [49687013-9189-4ed6-aa07-d793b1b94e57-impl-thread4] INFO  impl.RoleInfo (RoleInfo.java:shutdownFollowerState(110)) - 49687013-9189-4ed6-aa07-d793b1b94e57: shutdown 49687013-9189-4ed6-aa07-d793b1b94e57@group-A02C45B6FBBE-FollowerState
2023-02-21 13:38:59,865 [49687013-9189-4ed6-aa07-d793b1b94e57-impl-thread2] INFO  impl.StateMachineUpdater (StateMachineUpdater.java:stopAndJoin(153)) - 49687013-9189-4ed6-aa07-d793b1b94e57@group-97FF8A4DCC6A-StateMachineUpdater: set stopIndex = 25
2023-02-21 13:38:59,871 [16e51c86-b54f-4418-8274-5609a4b0e8e9-impl-thread3] INFO  server.RaftServer$Division (RaftServerImpl.java:lambda$close$4(458)) - 16e51c86-b54f-4418-8274-5609a4b0e8e9@group-39915C651F39: shutdown
2023-02-21 13:38:59,871 [16e51c86-b54f-4418-8274-5609a4b0e8e9-impl-thread3] INFO  util.JmxRegister (JmxRegister.java:unregister(73)) - Successfully un-registered JMX Bean with object name Ratis:service=RaftServer,group=group-39915C651F39,id=16e51c86-b54f-4418-8274-5609a4b0e8e9
2023-02-21 13:38:59,872 [16e51c86-b54f-4418-8274-5609a4b0e8e9-impl-thread3] INFO  impl.RoleInfo (RoleInfo.java:shutdownLeaderState(93)) - 16e51c86-b54f-4418-8274-5609a4b0e8e9: shutdown 16e51c86-b54f-4418-8274-5609a4b0e8e9@group-39915C651F39-LeaderStateImpl
2023-02-21 13:38:59,872 [grpc-default-executor-3] WARN  server.GrpcServerProtocolService (LogUtils.java:warn(122)) - 49687013-9189-4ed6-aa07-d793b1b94e57: installSnapshot onError, lastRequest: 55112d89-11b5-415b-b3d0-c3d2a8542f19->49687013-9189-4ed6-aa07-d793b1b94e57#418-t1,previous=(t:1, i:24),leaderCommit=24,initializing? true,entries: size=1, first=(t:1, i:25), METADATAENTRY(c:24): org.apache.ratis.thirdparty.io.grpc.StatusRuntimeException: CANCELLED: client cancelled
2023-02-21 13:38:59,866 [49687013-9189-4ed6-aa07-d793b1b94e57@group-97FF8A4DCC6A-StateMachineUpdater] INFO  ratis.ContainerStateMachine (ContainerStateMachine.java:takeSnapshot(308)) - group-97FF8A4DCC6A: Taking a snapshot at:(t:1, i:25) file /home/runner/work/ozone/ozone/hadoop-ozone/integration-test/target/test-dir/MiniOzoneClusterImpl-af67ded0-52d4-4e8d-8917-e8c7ba660466/datanode-1/data/ratis/40e47288-7291-4d7a-8a49-97ff8a4dcc6a/sm/snapshot.1_25
2023-02-21 13:38:59,880 [grpc-default-executor-3] WARN  server.GrpcServerProtocolService (LogUtils.java:warn(122)) - 49687013-9189-4ed6-aa07-d793b1b94e57: installSnapshot onError, lastRequest: 16e51c86-b54f-4418-8274-5609a4b0e8e9->49687013-9189-4ed6-aa07-d793b1b94e57#8-t1,previous=(t:1, i:3),leaderCommit=2,initializing? true,entries: size=1, first=(t:1, i:4), METADATAENTRY(c:2): org.apache.ratis.thirdparty.io.grpc.StatusRuntimeException: CANCELLED: client cancelled
2023-02-21 13:38:59,882 [Listener at 127.0.0.1/35721] INFO  server.GrpcService (GrpcService.java:closeImpl(271)) - 16e51c86-b54f-4418-8274-5609a4b0e8e9: shutdown server GrpcServerProtocolService now
2023-02-21 13:38:59,886 [16e51c86-b54f-4418-8274-5609a4b0e8e9-impl-thread4] INFO  server.RaftServer$Division (RaftServerImpl.java:lambda$close$4(458)) - 16e51c86-b54f-4418-8274-5609a4b0e8e9@group-A02C45B6FBBE: shutdown
2023-02-21 13:38:59,886 [16e51c86-b54f-4418-8274-5609a4b0e8e9-impl-thread4] INFO  util.JmxRegister (JmxRegister.java:unregister(73)) - Successfully un-registered JMX Bean with object name Ratis:service=RaftServer,group=group-A02C45B6FBBE,id=16e51c86-b54f-4418-8274-5609a4b0e8e9
2023-02-21 13:38:59,886 [16e51c86-b54f-4418-8274-5609a4b0e8e9-impl-thread4] INFO  impl.RoleInfo (RoleInfo.java:shutdownLeaderState(93)) - 16e51c86-b54f-4418-8274-5609a4b0e8e9: shutdown 16e51c86-b54f-4418-8274-5609a4b0e8e9@group-A02C45B6FBBE-LeaderStateImpl
2023-02-21 13:38:59,893 [49687013-9189-4ed6-aa07-d793b1b94e57-impl-thread4] INFO  impl.StateMachineUpdater (StateMachineUpdater.java:stopAndJoin(153)) - 49687013-9189-4ed6-aa07-d793b1b94e57@group-A02C45B6FBBE-StateMachineUpdater: set stopIndex = 4
2023-02-21 13:38:59,893 [49687013-9189-4ed6-aa07-d793b1b94e57@group-A02C45B6FBBE-FollowerState] INFO  impl.FollowerState (FollowerState.java:run(152)) - 49687013-9189-4ed6-aa07-d793b1b94e57@group-A02C45B6FBBE-FollowerState was interrupted
2023-02-21 13:38:59,893 [49687013-9189-4ed6-aa07-d793b1b94e57@group-A02C45B6FBBE-StateMachineUpdater] INFO  ratis.ContainerStateMachine (ContainerStateMachine.java:takeSnapshot(308)) - group-A02C45B6FBBE: Taking a snapshot at:(t:1, i:4) file /home/runner/work/ozone/ozone/hadoop-ozone/integration-test/target/test-dir/MiniOzoneClusterImpl-af67ded0-52d4-4e8d-8917-e8c7ba660466/datanode-1/data/ratis/46c6d006-6654-477f-ba61-a02c45b6fbbe/sm/snapshot.1_4
2023-02-21 13:38:59,894 [16e51c86-b54f-4418-8274-5609a4b0e8e9-impl-thread2] INFO  impl.StateMachineUpdater (StateMachineUpdater.java:stopAndJoin(153)) - 16e51c86-b54f-4418-8274-5609a4b0e8e9@group-97FF8A4DCC6A-StateMachineUpdater: set stopIndex = 25
2023-02-21 13:38:59,894 [16e51c86-b54f-4418-8274-5609a4b0e8e9@group-97FF8A4DCC6A-FollowerState] INFO  impl.FollowerState (FollowerState.java:run(152)) - 16e51c86-b54f-4418-8274-5609a4b0e8e9@group-97FF8A4DCC6A-FollowerState was interrupted
2023-02-21 13:38:59,894 [16e51c86-b54f-4418-8274-5609a4b0e8e9@group-97FF8A4DCC6A-StateMachineUpdater] INFO  ratis.ContainerStateMachine (ContainerStateMachine.java:takeSnapshot(308)) - group-97FF8A4DCC6A: Taking a snapshot at:(t:1, i:25) file /home/runner/work/ozone/ozone/hadoop-ozone/integration-test/target/test-dir/MiniOzoneClusterImpl-af67ded0-52d4-4e8d-8917-e8c7ba660466/datanode-2/data/ratis/40e47288-7291-4d7a-8a49-97ff8a4dcc6a/sm/snapshot.1_25
2023-02-21 13:38:59,895 [ForkJoinPool.commonPool-worker-0] INFO  server.GrpcService (GrpcService.java:closeImpl(280)) - 49687013-9189-4ed6-aa07-d793b1b94e57: shutdown server GrpcServerProtocolService successfully
2023-02-21 13:38:59,896 [49687013-9189-4ed6-aa07-d793b1b94e57-NettyServerStreamRpc-bossGroup--thread1] INFO  logging.LoggingHandler (AbstractInternalLogger.java:log(148)) - [id: 0x28f441df, L:/0:0:0:0:0:0:0:0:34179] CLOSE
2023-02-21 13:38:59,896 [49687013-9189-4ed6-aa07-d793b1b94e57-NettyServerStreamRpc-bossGroup--thread1] INFO  logging.LoggingHandler (AbstractInternalLogger.java:log(148)) - [id: 0x28f441df, L:/0:0:0:0:0:0:0:0:34179] INACTIVE
2023-02-21 13:38:59,896 [49687013-9189-4ed6-aa07-d793b1b94e57-NettyServerStreamRpc-bossGroup--thread1] INFO  logging.LoggingHandler (AbstractInternalLogger.java:log(148)) - [id: 0x28f441df, L:/0:0:0:0:0:0:0:0:34179] UNREGISTERED
2023-02-21 13:38:59,862 [49687013-9189-4ed6-aa07-d793b1b94e57-impl-thread3] INFO  impl.PendingRequests (PendingRequests.java:sendNotLeaderResponses(282)) - 49687013-9189-4ed6-aa07-d793b1b94e57@group-66544A672C8E-PendingRequests: sendNotLeaderResponses
2023-02-21 13:38:59,872 [16e51c86-b54f-4418-8274-5609a4b0e8e9-impl-thread3] INFO  impl.PendingRequests (PendingRequests.java:sendNotLeaderResponses(282)) - 16e51c86-b54f-4418-8274-5609a4b0e8e9@group-39915C651F39-PendingRequests: sendNotLeaderResponses
2023-02-21 13:38:59,901 [Listener at 127.0.0.1/35721] INFO  server.GrpcServerProtocolClient (GrpcServerProtocolClient.java:close(101)) - 49687013-9189-4ed6-aa07-d793b1b94e57 Close channels
2023-02-21 13:38:59,901 [16e51c86-b54f-4418-8274-5609a4b0e8e9-impl-thread3] INFO  impl.StateMachineUpdater (StateMachineUpdater.java:stopAndJoin(153)) - 16e51c86-b54f-4418-8274-5609a4b0e8e9@group-39915C651F39-StateMachineUpdater: set stopIndex = 0
2023-02-21 13:38:59,902 [49687013-9189-4ed6-aa07-d793b1b94e57-impl-thread3] INFO  impl.StateMachineUpdater (StateMachineUpdater.java:stopAndJoin(153)) - 49687013-9189-4ed6-aa07-d793b1b94e57@group-66544A672C8E-StateMachineUpdater: set stopIndex = 0
2023-02-21 13:38:59,889 [grpc-default-executor-10] WARN  server.GrpcServerProtocolService (LogUtils.java:warn(122)) - 49687013-9189-4ed6-aa07-d793b1b94e57: installSnapshot onError, lastRequest: null: org.apache.ratis.thirdparty.io.grpc.StatusRuntimeException: CANCELLED: client cancelled
2023-02-21 13:38:59,902 [49687013-9189-4ed6-aa07-d793b1b94e57@group-66544A672C8E-StateMachineUpdater] INFO  ratis.ContainerStateMachine (ContainerStateMachine.java:takeSnapshot(308)) - group-66544A672C8E: Taking a snapshot at:(t:1, i:0) file /home/runner/work/ozone/ozone/hadoop-ozone/integration-test/target/test-dir/MiniOzoneClusterImpl-af67ded0-52d4-4e8d-8917-e8c7ba660466/datanode-1/data/ratis/e1323921-9e81-4a82-bb73-66544a672c8e/sm/snapshot.1_0
2023-02-21 13:38:59,903 [16e51c86-b54f-4418-8274-5609a4b0e8e9@group-39915C651F39-StateMachineUpdater] INFO  ratis.ContainerStateMachine (ContainerStateMachine.java:takeSnapshot(308)) - group-39915C651F39: Taking a snapshot at:(t:1, i:0) file /home/runner/work/ozone/ozone/hadoop-ozone/integration-test/target/test-dir/MiniOzoneClusterImpl-af67ded0-52d4-4e8d-8917-e8c7ba660466/datanode-2/data/ratis/942681f0-d9bf-46b2-bda0-39915c651f39/sm/snapshot.1_0
2023-02-21 13:38:59,905 [grpc-default-executor-14] WARN  server.GrpcClientProtocolService (LogUtils.java:warn(122)) - 0-OrderedRequestStreamObserver0: onError: org.apache.ratis.thirdparty.io.grpc.StatusRuntimeException: CANCELLED: client cancelled
2023-02-21 13:38:59,896 [grpc-default-executor-12] WARN  server.GrpcServerProtocolService (LogUtils.java:warn(122)) - 49687013-9189-4ed6-aa07-d793b1b94e57: installSnapshot onError, lastRequest: null: org.apache.ratis.thirdparty.io.grpc.StatusRuntimeException: CANCELLED: client cancelled
2023-02-21 13:38:59,907 [16e51c86-b54f-4418-8274-5609a4b0e8e9-impl-thread4] INFO  impl.PendingRequests (PendingRequests.java:sendNotLeaderResponses(282)) - 16e51c86-b54f-4418-8274-5609a4b0e8e9@group-A02C45B6FBBE-PendingRequests: sendNotLeaderResponses
2023-02-21 13:38:59,908 [16e51c86-b54f-4418-8274-5609a4b0e8e9@group-A02C45B6FBBE->55112d89-11b5-415b-b3d0-c3d2a8542f19-GrpcLogAppender-LogAppenderDaemon] WARN  server.GrpcLogAppender (GrpcLogAppender.java:mayWait(200)) - 16e51c86-b54f-4418-8274-5609a4b0e8e9@group-A02C45B6FBBE->55112d89-11b5-415b-b3d0-c3d2a8542f19-GrpcLogAppender: Wait interrupted by java.lang.InterruptedException
2023-02-21 13:38:59,926 [grpc-default-executor-8] INFO  server.GrpcLogAppender (GrpcLogAppender.java:onError(404)) - 16e51c86-b54f-4418-8274-5609a4b0e8e9@group-A02C45B6FBBE->49687013-9189-4ed6-aa07-d793b1b94e57-GrpcLogAppender is already stopped
2023-02-21 13:38:59,926 [grpc-default-executor-10] WARN  server.GrpcServerProtocolService (LogUtils.java:warn(122)) - 16e51c86-b54f-4418-8274-5609a4b0e8e9: installSnapshot onError, lastRequest: null: org.apache.ratis.thirdparty.io.grpc.StatusRuntimeException: CANCELLED: client cancelled
2023-02-21 13:38:59,926 [grpc-default-executor-3] WARN  server.GrpcServerProtocolService (LogUtils.java:warn(122)) - 16e51c86-b54f-4418-8274-5609a4b0e8e9: installSnapshot onError, lastRequest: 55112d89-11b5-415b-b3d0-c3d2a8542f19->16e51c86-b54f-4418-8274-5609a4b0e8e9#404-t1,previous=(t:1, i:24),leaderCommit=24,initializing? true,entries: size=1, first=(t:1, i:25), METADATAENTRY(c:24): org.apache.ratis.thirdparty.io.grpc.StatusRuntimeException: CANCELLED: client cancelled
2023-02-21 13:38:59,923 [grpc-default-executor-12] INFO  server.GrpcLogAppender (GrpcLogAppender.java:onError(404)) - 16e51c86-b54f-4418-8274-5609a4b0e8e9@group-A02C45B6FBBE->49687013-9189-4ed6-aa07-d793b1b94e57-GrpcLogAppender is already stopped
2023-02-21 13:38:59,932 [grpc-default-executor-10] WARN  server.GrpcLogAppender (LogUtils.java:warn(122)) - 55112d89-11b5-415b-b3d0-c3d2a8542f19@group-97FF8A4DCC6A->49687013-9189-4ed6-aa07-d793b1b94e57-AppendLogResponseHandler: Failed appendEntries: org.apache.ratis.thirdparty.io.grpc.StatusRuntimeException: CANCELLED: RST_STREAM closed stream. HTTP/2 error code: CANCEL
2023-02-21 13:38:59,934 [grpc-default-executor-10] INFO  leader.FollowerInfo (FollowerInfoImpl.java:lambda$new$0(48)) - 55112d89-11b5-415b-b3d0-c3d2a8542f19@group-97FF8A4DCC6A->49687013-9189-4ed6-aa07-d793b1b94e57: nextIndex: updateUnconditionally 26 -> 25
2023-02-21 13:38:59,935 [16e51c86-b54f-4418-8274-5609a4b0e8e9-impl-thread4] INFO  impl.StateMachineUpdater (StateMachineUpdater.java:stopAndJoin(153)) - 16e51c86-b54f-4418-8274-5609a4b0e8e9@group-A02C45B6FBBE-StateMachineUpdater: set stopIndex = 4
2023-02-21 13:38:59,935 [16e51c86-b54f-4418-8274-5609a4b0e8e9@group-A02C45B6FBBE-StateMachineUpdater] INFO  ratis.ContainerStateMachine (ContainerStateMachine.java:takeSnapshot(308)) - group-A02C45B6FBBE: Taking a snapshot at:(t:1, i:4) file /home/runner/work/ozone/ozone/hadoop-ozone/integration-test/target/test-dir/MiniOzoneClusterImpl-af67ded0-52d4-4e8d-8917-e8c7ba660466/datanode-2/data/ratis/46c6d006-6654-477f-ba61-a02c45b6fbbe/sm/snapshot.1_4
2023-02-21 13:38:59,936 [grpc-default-executor-10] WARN  server.GrpcLogAppender (LogUtils.java:warn(122)) - 55112d89-11b5-415b-b3d0-c3d2a8542f19@group-97FF8A4DCC6A->16e51c86-b54f-4418-8274-5609a4b0e8e9-AppendLogResponseHandler: Failed appendEntries: org.apache.ratis.thirdparty.io.grpc.StatusRuntimeException: CANCELLED: RST_STREAM closed stream. HTTP/2 error code: CANCEL
2023-02-21 13:38:59,936 [grpc-default-executor-10] INFO  leader.FollowerInfo (FollowerInfoImpl.java:lambda$new$0(48)) - 55112d89-11b5-415b-b3d0-c3d2a8542f19@group-97FF8A4DCC6A->16e51c86-b54f-4418-8274-5609a4b0e8e9: nextIndex: updateUnconditionally 26 -> 25
2023-02-21 13:38:59,941 [Listener at 127.0.0.1/35721] INFO  server.GrpcServerProtocolClient (GrpcServerProtocolClient.java:close(101)) - 55112d89-11b5-415b-b3d0-c3d2a8542f19 Close channels
2023-02-21 13:38:59,942 [grpc-default-executor-14] WARN  server.GrpcLogAppender (LogUtils.java:warn(122)) - 55112d89-11b5-415b-b3d0-c3d2a8542f19@group-97FF8A4DCC6A->49687013-9189-4ed6-aa07-d793b1b94e57-AppendLogResponseHandler: Failed appendEntries: org.apache.ratis.thirdparty.io.grpc.StatusRuntimeException: CANCELLED: RST_STREAM closed stream. HTTP/2 error code: CANCEL
2023-02-21 13:38:59,946 [grpc-default-executor-11] INFO  server.GrpcServerProtocolService (GrpcServerProtocolService.java:onCompleted(143)) - 55112d89-11b5-415b-b3d0-c3d2a8542f19: Completed APPEND_ENTRIES, lastRequest: 16e51c86-b54f-4418-8274-5609a4b0e8e9->55112d89-11b5-415b-b3d0-c3d2a8542f19#7-t1,previous=(t:1, i:3),leaderCommit=2,initializing? true,entries: size=1, first=(t:1, i:4), METADATAENTRY(c:2)
2023-02-21 13:38:59,946 [grpc-default-executor-3] INFO  server.GrpcServerProtocolService (GrpcServerProtocolService.java:onCompleted(143)) - 55112d89-11b5-415b-b3d0-c3d2a8542f19: Completed APPEND_ENTRIES, lastRequest: null
2023-02-21 13:38:59,942 [grpc-default-executor-14] INFO  leader.FollowerInfo (FollowerInfoImpl.java:lambda$new$0(48)) - 55112d89-11b5-415b-b3d0-c3d2a8542f19@group-97FF8A4DCC6A->49687013-9189-4ed6-aa07-d793b1b94e57: nextIndex: updateUnconditionally 26 -> 25
2023-02-21 13:38:59,949 [grpc-default-executor-12] WARN  server.GrpcLogAppender (LogUtils.java:warn(122)) - 55112d89-11b5-415b-b3d0-c3d2a8542f19@group-97FF8A4DCC6A->16e51c86-b54f-4418-8274-5609a4b0e8e9-AppendLogResponseHandler: Failed appendEntries: org.apache.ratis.thirdparty.io.grpc.StatusRuntimeException: CANCELLED: RST_STREAM closed stream. HTTP/2 error code: CANCEL
2023-02-21 13:38:59,949 [grpc-default-executor-12] INFO  leader.FollowerInfo (FollowerInfoImpl.java:lambda$new$0(48)) - 55112d89-11b5-415b-b3d0-c3d2a8542f19@group-97FF8A4DCC6A->16e51c86-b54f-4418-8274-5609a4b0e8e9: nextIndex: updateUnconditionally 26 -> 25
2023-02-21 13:38:59,960 [grpc-default-executor-10] WARN  server.GrpcLogAppender (LogUtils.java:warn(122)) - 55112d89-11b5-415b-b3d0-c3d2a8542f19@group-97FF8A4DCC6A->49687013-9189-4ed6-aa07-d793b1b94e57-AppendLogResponseHandler: Failed appendEntries: org.apache.ratis.thirdparty.io.grpc.StatusRuntimeException: UNAVAILABLE: io exception
2023-02-21 13:38:59,961 [grpc-default-executor-10] INFO  leader.FollowerInfo (FollowerInfoImpl.java:lambda$new$0(48)) - 55112d89-11b5-415b-b3d0-c3d2a8542f19@group-97FF8A4DCC6A->49687013-9189-4ed6-aa07-d793b1b94e57: nextIndex: updateUnconditionally 25 -> 24
2023-02-21 13:38:59,961 [grpc-default-executor-12] WARN  server.GrpcLogAppender (LogUtils.java:warn(122)) - 55112d89-11b5-415b-b3d0-c3d2a8542f19@group-97FF8A4DCC6A->49687013-9189-4ed6-aa07-d793b1b94e57-AppendLogResponseHandler: Failed appendEntries: org.apache.ratis.thirdparty.io.grpc.StatusRuntimeException: UNAVAILABLE: io exception
2023-02-21 13:38:59,962 [grpc-default-executor-12] INFO  leader.FollowerInfo (FollowerInfoImpl.java:lambda$new$0(48)) - 55112d89-11b5-415b-b3d0-c3d2a8542f19@group-97FF8A4DCC6A->49687013-9189-4ed6-aa07-d793b1b94e57: nextIndex: updateUnconditionally 24 -> 23
2023-02-21 13:38:59,966 [grpc-default-executor-10] WARN  server.GrpcLogAppender (LogUtils.java:warn(122)) - 55112d89-11b5-415b-b3d0-c3d2a8542f19@group-97FF8A4DCC6A->16e51c86-b54f-4418-8274-5609a4b0e8e9-AppendLogResponseHandler: Failed appendEntries: org.apache.ratis.thirdparty.io.grpc.StatusRuntimeException: UNAVAILABLE: io exception
2023-02-21 13:38:59,966 [grpc-default-executor-10] INFO  leader.FollowerInfo (FollowerInfoImpl.java:lambda$new$0(48)) - 55112d89-11b5-415b-b3d0-c3d2a8542f19@group-97FF8A4DCC6A->16e51c86-b54f-4418-8274-5609a4b0e8e9: nextIndex: updateUnconditionally 25 -> 24
2023-02-21 13:38:59,966 [grpc-default-executor-12] INFO  server.GrpcLogAppender (GrpcLogAppender.java:onCompleted(415)) - 16e51c86-b54f-4418-8274-5609a4b0e8e9@group-A02C45B6FBBE->55112d89-11b5-415b-b3d0-c3d2a8542f19-AppendLogResponseHandler: follower responses appendEntries COMPLETED
2023-02-21 13:38:59,967 [grpc-default-executor-12] WARN  server.GrpcLogAppender (GrpcLogAppender.java:resetClient(137)) - 16e51c86-b54f-4418-8274-5609a4b0e8e9@group-A02C45B6FBBE->55112d89-11b5-415b-b3d0-c3d2a8542f19-GrpcLogAppender: Failed to getClient for 55112d89-11b5-415b-b3d0-c3d2a8542f19
org.apache.ratis.protocol.exceptions.AlreadyClosedException: 16e51c86-b54f-4418-8274-5609a4b0e8e9 is already CLOSED
	at org.apache.ratis.util.PeerProxyMap$PeerAndProxy.getProxy(PeerProxyMap.java:61)
	at org.apache.ratis.util.PeerProxyMap.getProxy(PeerProxyMap.java:115)
	at org.apache.ratis.grpc.server.GrpcLogAppender.getClient(GrpcLogAppender.java:116)
	at org.apache.ratis.grpc.server.GrpcLogAppender.resetClient(GrpcLogAppender.java:121)
	at org.apache.ratis.grpc.server.GrpcLogAppender.access$500(GrpcLogAppender.java:58)
	at org.apache.ratis.grpc.server.GrpcLogAppender$AppendLogResponseHandler.onCompleted(GrpcLogAppender.java:416)
	at org.apache.ratis.thirdparty.io.grpc.stub.ClientCalls$StreamObserverToCallListenerAdapter.onClose(ClientCalls.java:485)
	at org.apache.ratis.thirdparty.io.grpc.internal.ClientCallImpl.closeObserver(ClientCallImpl.java:562)
	at org.apache.ratis.thirdparty.io.grpc.internal.ClientCallImpl.access$300(ClientCallImpl.java:70)
	at org.apache.ratis.thirdparty.io.grpc.internal.ClientCallImpl$ClientStreamListenerImpl$1StreamClosed.runInternal(ClientCallImpl.java:743)
	at org.apache.ratis.thirdparty.io.grpc.internal.ClientCallImpl$ClientStreamListenerImpl$1StreamClosed.runInContext(ClientCallImpl.java:722)
	at org.apache.ratis.thirdparty.io.grpc.internal.ContextRunnable.run(ContextRunnable.java:37)
	at org.apache.ratis.thirdparty.io.grpc.internal.SerializingExecutor.run(SerializingExecutor.java:133)
	at java.util.concurrent.ThreadPoolExecutor.runWorker(ThreadPoolExecutor.java:1149)
	at java.util.concurrent.ThreadPoolExecutor$Worker.run(ThreadPoolExecutor.java:624)
	at java.lang.Thread.run(Thread.java:750)
2023-02-21 13:38:59,971 [grpc-default-executor-12] INFO  server.GrpcLogAppender (GrpcLogAppender.java:onCompleted(415)) - 16e51c86-b54f-4418-8274-5609a4b0e8e9@group-A02C45B6FBBE->55112d89-11b5-415b-b3d0-c3d2a8542f19-AppendLogResponseHandler: follower responses appendEntries COMPLETED
2023-02-21 13:38:59,972 [grpc-default-executor-12] WARN  server.GrpcLogAppender (GrpcLogAppender.java:resetClient(137)) - 16e51c86-b54f-4418-8274-5609a4b0e8e9@group-A02C45B6FBBE->55112d89-11b5-415b-b3d0-c3d2a8542f19-GrpcLogAppender: Failed to getClient for 55112d89-11b5-415b-b3d0-c3d2a8542f19
org.apache.ratis.protocol.exceptions.AlreadyClosedException: 16e51c86-b54f-4418-8274-5609a4b0e8e9 is already CLOSED
	at org.apache.ratis.util.PeerProxyMap$PeerAndProxy.getProxy(PeerProxyMap.java:61)
	at org.apache.ratis.util.PeerProxyMap.getProxy(PeerProxyMap.java:115)
	at org.apache.ratis.grpc.server.GrpcLogAppender.getClient(GrpcLogAppender.java:116)
	at org.apache.ratis.grpc.server.GrpcLogAppender.resetClient(GrpcLogAppender.java:121)
	at org.apache.ratis.grpc.server.GrpcLogAppender.access$500(GrpcLogAppender.java:58)
	at org.apache.ratis.grpc.server.GrpcLogAppender$AppendLogResponseHandler.onCompleted(GrpcLogAppender.java:416)
	at org.apache.ratis.thirdparty.io.grpc.stub.ClientCalls$StreamObserverToCallListenerAdapter.onClose(ClientCalls.java:485)
	at org.apache.ratis.thirdparty.io.grpc.internal.ClientCallImpl.closeObserver(ClientCallImpl.java:562)
	at org.apache.ratis.thirdparty.io.grpc.internal.ClientCallImpl.access$300(ClientCallImpl.java:70)
	at org.apache.ratis.thirdparty.io.grpc.internal.ClientCallImpl$ClientStreamListenerImpl$1StreamClosed.runInternal(ClientCallImpl.java:743)
	at org.apache.ratis.thirdparty.io.grpc.internal.ClientCallImpl$ClientStreamListenerImpl$1StreamClosed.runInContext(ClientCallImpl.java:722)
	at org.apache.ratis.thirdparty.io.grpc.internal.ContextRunnable.run(ContextRunnable.java:37)
	at org.apache.ratis.thirdparty.io.grpc.internal.SerializingExecutor.run(SerializingExecutor.java:133)
	at java.util.concurrent.ThreadPoolExecutor.runWorker(ThreadPoolExecutor.java:1149)
	at java.util.concurrent.ThreadPoolExecutor$Worker.run(ThreadPoolExecutor.java:624)
	at java.lang.Thread.run(Thread.java:750)
2023-02-21 13:38:59,974 [grpc-default-executor-10] WARN  server.GrpcLogAppender (LogUtils.java:warn(122)) - 55112d89-11b5-415b-b3d0-c3d2a8542f19@group-97FF8A4DCC6A->16e51c86-b54f-4418-8274-5609a4b0e8e9-AppendLogResponseHandler: Failed appendEntries: org.apache.ratis.thirdparty.io.grpc.StatusRuntimeException: UNAVAILABLE: io exception
2023-02-21 13:38:59,974 [grpc-default-executor-10] INFO  leader.FollowerInfo (FollowerInfoImpl.java:lambda$new$0(48)) - 55112d89-11b5-415b-b3d0-c3d2a8542f19@group-97FF8A4DCC6A->16e51c86-b54f-4418-8274-5609a4b0e8e9: nextIndex: updateUnconditionally 24 -> 23
2023-02-21 13:38:59,984 [Listener at 127.0.0.1/35721] INFO  server.GrpcService (GrpcService.java:closeImpl(280)) - 16e51c86-b54f-4418-8274-5609a4b0e8e9: shutdown server GrpcServerProtocolService successfully
2023-02-21 13:38:59,984 [16e51c86-b54f-4418-8274-5609a4b0e8e9-NettyServerStreamRpc-bossGroup--thread1] INFO  logging.LoggingHandler (AbstractInternalLogger.java:log(148)) - [id: 0xdfd241b4, L:/0:0:0:0:0:0:0:0:44455] CLOSE
2023-02-21 13:38:59,984 [16e51c86-b54f-4418-8274-5609a4b0e8e9-NettyServerStreamRpc-bossGroup--thread1] INFO  logging.LoggingHandler (AbstractInternalLogger.java:log(148)) - [id: 0xdfd241b4, L:/0:0:0:0:0:0:0:0:44455] INACTIVE
2023-02-21 13:38:59,985 [16e51c86-b54f-4418-8274-5609a4b0e8e9-NettyServerStreamRpc-bossGroup--thread1] INFO  logging.LoggingHandler (AbstractInternalLogger.java:log(148)) - [id: 0xdfd241b4, L:/0:0:0:0:0:0:0:0:44455] UNREGISTERED
2023-02-21 13:39:00,004 [16e51c86-b54f-4418-8274-5609a4b0e8e9@group-39915C651F39-StateMachineUpdater] INFO  ratis.ContainerStateMachine (ContainerStateMachine.java:takeSnapshot(319)) - group-39915C651F39: Finished taking a snapshot at:(t:1, i:0) file:/home/runner/work/ozone/ozone/hadoop-ozone/integration-test/target/test-dir/MiniOzoneClusterImpl-af67ded0-52d4-4e8d-8917-e8c7ba660466/datanode-2/data/ratis/942681f0-d9bf-46b2-bda0-39915c651f39/sm/snapshot.1_0 took: 101 ms
2023-02-21 13:39:00,005 [49687013-9189-4ed6-aa07-d793b1b94e57@group-97FF8A4DCC6A-StateMachineUpdater] INFO  ratis.ContainerStateMachine (ContainerStateMachine.java:takeSnapshot(319)) - group-97FF8A4DCC6A: Finished taking a snapshot at:(t:1, i:25) file:/home/runner/work/ozone/ozone/hadoop-ozone/integration-test/target/test-dir/MiniOzoneClusterImpl-af67ded0-52d4-4e8d-8917-e8c7ba660466/datanode-1/data/ratis/40e47288-7291-4d7a-8a49-97ff8a4dcc6a/sm/snapshot.1_25 took: 139 ms
2023-02-21 13:39:00,006 [49687013-9189-4ed6-aa07-d793b1b94e57@group-66544A672C8E-StateMachineUpdater] INFO  ratis.ContainerStateMachine (ContainerStateMachine.java:takeSnapshot(319)) - group-66544A672C8E: Finished taking a snapshot at:(t:1, i:0) file:/home/runner/work/ozone/ozone/hadoop-ozone/integration-test/target/test-dir/MiniOzoneClusterImpl-af67ded0-52d4-4e8d-8917-e8c7ba660466/datanode-1/data/ratis/e1323921-9e81-4a82-bb73-66544a672c8e/sm/snapshot.1_0 took: 102 ms
2023-02-21 13:39:00,007 [49687013-9189-4ed6-aa07-d793b1b94e57@group-66544A672C8E-StateMachineUpdater] INFO  impl.StateMachineUpdater (StateMachineUpdater.java:takeSnapshot(287)) - 49687013-9189-4ed6-aa07-d793b1b94e57@group-66544A672C8E-StateMachineUpdater: Took a snapshot at index 0
2023-02-21 13:39:00,007 [49687013-9189-4ed6-aa07-d793b1b94e57@group-66544A672C8E-StateMachineUpdater] INFO  impl.StateMachineUpdater (StateMachineUpdater.java:lambda$new$0(92)) - 49687013-9189-4ed6-aa07-d793b1b94e57@group-66544A672C8E-StateMachineUpdater: snapshotIndex: updateIncreasingly -1 -> 0
2023-02-21 13:39:00,007 [16e51c86-b54f-4418-8274-5609a4b0e8e9@group-39915C651F39-StateMachineUpdater] INFO  impl.StateMachineUpdater (StateMachineUpdater.java:takeSnapshot(287)) - 16e51c86-b54f-4418-8274-5609a4b0e8e9@group-39915C651F39-StateMachineUpdater: Took a snapshot at index 0
2023-02-21 13:39:00,007 [16e51c86-b54f-4418-8274-5609a4b0e8e9@group-97FF8A4DCC6A-StateMachineUpdater] INFO  ratis.ContainerStateMachine (ContainerStateMachine.java:takeSnapshot(319)) - group-97FF8A4DCC6A: Finished taking a snapshot at:(t:1, i:25) file:/home/runner/work/ozone/ozone/hadoop-ozone/integration-test/target/test-dir/MiniOzoneClusterImpl-af67ded0-52d4-4e8d-8917-e8c7ba660466/datanode-2/data/ratis/40e47288-7291-4d7a-8a49-97ff8a4dcc6a/sm/snapshot.1_25 took: 113 ms
2023-02-21 13:39:00,008 [49687013-9189-4ed6-aa07-d793b1b94e57@group-A02C45B6FBBE-StateMachineUpdater] INFO  ratis.ContainerStateMachine (ContainerStateMachine.java:takeSnapshot(319)) - group-A02C45B6FBBE: Finished taking a snapshot at:(t:1, i:4) file:/home/runner/work/ozone/ozone/hadoop-ozone/integration-test/target/test-dir/MiniOzoneClusterImpl-af67ded0-52d4-4e8d-8917-e8c7ba660466/datanode-1/data/ratis/46c6d006-6654-477f-ba61-a02c45b6fbbe/sm/snapshot.1_4 took: 115 ms
2023-02-21 13:39:00,008 [16e51c86-b54f-4418-8274-5609a4b0e8e9@group-39915C651F39-StateMachineUpdater] INFO  impl.StateMachineUpdater (StateMachineUpdater.java:lambda$new$0(92)) - 16e51c86-b54f-4418-8274-5609a4b0e8e9@group-39915C651F39-StateMachineUpdater: snapshotIndex: updateIncreasingly -1 -> 0
2023-02-21 13:39:00,008 [16e51c86-b54f-4418-8274-5609a4b0e8e9@group-97FF8A4DCC6A-StateMachineUpdater] INFO  impl.StateMachineUpdater (StateMachineUpdater.java:takeSnapshot(287)) - 16e51c86-b54f-4418-8274-5609a4b0e8e9@group-97FF8A4DCC6A-StateMachineUpdater: Took a snapshot at index 25
2023-02-21 13:39:00,008 [16e51c86-b54f-4418-8274-5609a4b0e8e9@group-97FF8A4DCC6A-StateMachineUpdater] INFO  impl.StateMachineUpdater (StateMachineUpdater.java:lambda$new$0(92)) - 16e51c86-b54f-4418-8274-5609a4b0e8e9@group-97FF8A4DCC6A-StateMachineUpdater: snapshotIndex: updateIncreasingly -1 -> 25
2023-02-21 13:39:00,008 [49687013-9189-4ed6-aa07-d793b1b94e57@group-A02C45B6FBBE-StateMachineUpdater] INFO  impl.StateMachineUpdater (StateMachineUpdater.java:takeSnapshot(287)) - 49687013-9189-4ed6-aa07-d793b1b94e57@group-A02C45B6FBBE-StateMachineUpdater: Took a snapshot at index 4
2023-02-21 13:39:00,008 [49687013-9189-4ed6-aa07-d793b1b94e57@group-A02C45B6FBBE-StateMachineUpdater] INFO  impl.StateMachineUpdater (StateMachineUpdater.java:lambda$new$0(92)) - 49687013-9189-4ed6-aa07-d793b1b94e57@group-A02C45B6FBBE-StateMachineUpdater: snapshotIndex: updateIncreasingly -1 -> 4
2023-02-21 13:39:00,008 [16e51c86-b54f-4418-8274-5609a4b0e8e9@group-A02C45B6FBBE-StateMachineUpdater] INFO  ratis.ContainerStateMachine (ContainerStateMachine.java:takeSnapshot(319)) - group-A02C45B6FBBE: Finished taking a snapshot at:(t:1, i:4) file:/home/runner/work/ozone/ozone/hadoop-ozone/integration-test/target/test-dir/MiniOzoneClusterImpl-af67ded0-52d4-4e8d-8917-e8c7ba660466/datanode-2/data/ratis/46c6d006-6654-477f-ba61-a02c45b6fbbe/sm/snapshot.1_4 took: 73 ms
2023-02-21 13:39:00,009 [16e51c86-b54f-4418-8274-5609a4b0e8e9@group-A02C45B6FBBE-StateMachineUpdater] INFO  impl.StateMachineUpdater (StateMachineUpdater.java:takeSnapshot(287)) - 16e51c86-b54f-4418-8274-5609a4b0e8e9@group-A02C45B6FBBE-StateMachineUpdater: Took a snapshot at index 4
2023-02-21 13:39:00,009 [16e51c86-b54f-4418-8274-5609a4b0e8e9@group-A02C45B6FBBE-StateMachineUpdater] INFO  impl.StateMachineUpdater (StateMachineUpdater.java:lambda$new$0(92)) - 16e51c86-b54f-4418-8274-5609a4b0e8e9@group-A02C45B6FBBE-StateMachineUpdater: snapshotIndex: updateIncreasingly -1 -> 4
2023-02-21 13:39:00,011 [49687013-9189-4ed6-aa07-d793b1b94e57@group-97FF8A4DCC6A-StateMachineUpdater] INFO  impl.StateMachineUpdater (StateMachineUpdater.java:takeSnapshot(287)) - 49687013-9189-4ed6-aa07-d793b1b94e57@group-97FF8A4DCC6A-StateMachineUpdater: Took a snapshot at index 25
2023-02-21 13:39:00,011 [49687013-9189-4ed6-aa07-d793b1b94e57@group-97FF8A4DCC6A-StateMachineUpdater] INFO  impl.StateMachineUpdater (StateMachineUpdater.java:lambda$new$0(92)) - 49687013-9189-4ed6-aa07-d793b1b94e57@group-97FF8A4DCC6A-StateMachineUpdater: snapshotIndex: updateIncreasingly -1 -> 25
2023-02-21 13:39:00,013 [49687013-9189-4ed6-aa07-d793b1b94e57-impl-thread3] INFO  server.RaftServer$Division (ServerState.java:close(466)) - 49687013-9189-4ed6-aa07-d793b1b94e57@group-66544A672C8E: closes. applyIndex: 0
2023-02-21 13:39:00,013 [16e51c86-b54f-4418-8274-5609a4b0e8e9-impl-thread2] INFO  server.RaftServer$Division (ServerState.java:close(466)) - 16e51c86-b54f-4418-8274-5609a4b0e8e9@group-97FF8A4DCC6A: closes. applyIndex: 25
2023-02-21 13:39:00,013 [49687013-9189-4ed6-aa07-d793b1b94e57@group-66544A672C8E-SegmentedRaftLogWorker] INFO  segmented.SegmentedRaftLogWorker (SegmentedRaftLogWorker.java:run(347)) - 49687013-9189-4ed6-aa07-d793b1b94e57@group-66544A672C8E-SegmentedRaftLogWorker was interrupted, exiting. There are 0 tasks remaining in the queue.
2023-02-21 13:39:00,013 [16e51c86-b54f-4418-8274-5609a4b0e8e9@group-97FF8A4DCC6A-SegmentedRaftLogWorker] INFO  segmented.SegmentedRaftLogWorker (SegmentedRaftLogWorker.java:run(347)) - 16e51c86-b54f-4418-8274-5609a4b0e8e9@group-97FF8A4DCC6A-SegmentedRaftLogWorker was interrupted, exiting. There are 0 tasks remaining in the queue.
2023-02-21 13:39:00,014 [49687013-9189-4ed6-aa07-d793b1b94e57-impl-thread4] INFO  server.RaftServer$Division (ServerState.java:close(466)) - 49687013-9189-4ed6-aa07-d793b1b94e57@group-A02C45B6FBBE: closes. applyIndex: 4
2023-02-21 13:39:00,015 [49687013-9189-4ed6-aa07-d793b1b94e57@group-A02C45B6FBBE-SegmentedRaftLogWorker] INFO  segmented.SegmentedRaftLogWorker (SegmentedRaftLogWorker.java:run(347)) - 49687013-9189-4ed6-aa07-d793b1b94e57@group-A02C45B6FBBE-SegmentedRaftLogWorker was interrupted, exiting. There are 0 tasks remaining in the queue.
2023-02-21 13:39:00,016 [16e51c86-b54f-4418-8274-5609a4b0e8e9-impl-thread4] INFO  server.RaftServer$Division (ServerState.java:close(466)) - 16e51c86-b54f-4418-8274-5609a4b0e8e9@group-A02C45B6FBBE: closes. applyIndex: 4
2023-02-21 13:39:00,016 [16e51c86-b54f-4418-8274-5609a4b0e8e9@group-A02C45B6FBBE-SegmentedRaftLogWorker] INFO  segmented.SegmentedRaftLogWorker (SegmentedRaftLogWorker.java:run(347)) - 16e51c86-b54f-4418-8274-5609a4b0e8e9@group-A02C45B6FBBE-SegmentedRaftLogWorker was interrupted, exiting. There are 0 tasks remaining in the queue.
2023-02-21 13:39:00,016 [16e51c86-b54f-4418-8274-5609a4b0e8e9-impl-thread3] INFO  server.RaftServer$Division (ServerState.java:close(466)) - 16e51c86-b54f-4418-8274-5609a4b0e8e9@group-39915C651F39: closes. applyIndex: 0
2023-02-21 13:39:00,016 [16e51c86-b54f-4418-8274-5609a4b0e8e9@group-39915C651F39-SegmentedRaftLogWorker] INFO  segmented.SegmentedRaftLogWorker (SegmentedRaftLogWorker.java:run(347)) - 16e51c86-b54f-4418-8274-5609a4b0e8e9@group-39915C651F39-SegmentedRaftLogWorker was interrupted, exiting. There are 0 tasks remaining in the queue.
2023-02-21 13:39:00,022 [16e51c86-b54f-4418-8274-5609a4b0e8e9-impl-thread2] INFO  segmented.SegmentedRaftLogWorker (SegmentedRaftLogWorker.java:close(257)) - 16e51c86-b54f-4418-8274-5609a4b0e8e9@group-97FF8A4DCC6A-SegmentedRaftLogWorker close()
2023-02-21 13:39:00,024 [49687013-9189-4ed6-aa07-d793b1b94e57-impl-thread4] INFO  segmented.SegmentedRaftLogWorker (SegmentedRaftLogWorker.java:close(257)) - 49687013-9189-4ed6-aa07-d793b1b94e57@group-A02C45B6FBBE-SegmentedRaftLogWorker close()
2023-02-21 13:39:00,024 [16e51c86-b54f-4418-8274-5609a4b0e8e9-impl-thread4] INFO  segmented.SegmentedRaftLogWorker (SegmentedRaftLogWorker.java:close(257)) - 16e51c86-b54f-4418-8274-5609a4b0e8e9@group-A02C45B6FBBE-SegmentedRaftLogWorker close()
2023-02-21 13:39:00,027 [49687013-9189-4ed6-aa07-d793b1b94e57-impl-thread3] INFO  segmented.SegmentedRaftLogWorker (SegmentedRaftLogWorker.java:close(257)) - 49687013-9189-4ed6-aa07-d793b1b94e57@group-66544A672C8E-SegmentedRaftLogWorker close()
2023-02-21 13:39:00,029 [16e51c86-b54f-4418-8274-5609a4b0e8e9-impl-thread3] INFO  segmented.SegmentedRaftLogWorker (SegmentedRaftLogWorker.java:close(257)) - 16e51c86-b54f-4418-8274-5609a4b0e8e9@group-39915C651F39-SegmentedRaftLogWorker close()
2023-02-21 13:39:00,030 [49687013-9189-4ed6-aa07-d793b1b94e57-impl-thread2] INFO  server.RaftServer$Division (ServerState.java:close(466)) - 49687013-9189-4ed6-aa07-d793b1b94e57@group-97FF8A4DCC6A: closes. applyIndex: 25
2023-02-21 13:39:00,030 [JvmPauseMonitor3] INFO  util.JvmPauseMonitor (JvmPauseMonitor.java:run(111)) - JvmPauseMonitor-16e51c86-b54f-4418-8274-5609a4b0e8e9: Stopped
2023-02-21 13:39:00,030 [49687013-9189-4ed6-aa07-d793b1b94e57@group-97FF8A4DCC6A-SegmentedRaftLogWorker] INFO  segmented.SegmentedRaftLogWorker (SegmentedRaftLogWorker.java:run(347)) - 49687013-9189-4ed6-aa07-d793b1b94e57@group-97FF8A4DCC6A-SegmentedRaftLogWorker was interrupted, exiting. There are 0 tasks remaining in the queue.
2023-02-21 13:39:00,031 [49687013-9189-4ed6-aa07-d793b1b94e57-impl-thread2] INFO  segmented.SegmentedRaftLogWorker (SegmentedRaftLogWorker.java:close(257)) - 49687013-9189-4ed6-aa07-d793b1b94e57@group-97FF8A4DCC6A-SegmentedRaftLogWorker close()
2023-02-21 13:39:00,035 [JvmPauseMonitor2] INFO  util.JvmPauseMonitor (JvmPauseMonitor.java:run(111)) - JvmPauseMonitor-49687013-9189-4ed6-aa07-d793b1b94e57: Stopped
2023-02-21 13:39:01,683 [grpc-default-executor-10] WARN  server.GrpcLogAppender (LogUtils.java:warn(122)) - 55112d89-11b5-415b-b3d0-c3d2a8542f19@group-97FF8A4DCC6A->49687013-9189-4ed6-aa07-d793b1b94e57-AppendLogResponseHandler: Failed appendEntries: org.apache.ratis.thirdparty.io.grpc.StatusRuntimeException: UNAVAILABLE: io exception
2023-02-21 13:39:01,684 [grpc-default-executor-10] INFO  leader.FollowerInfo (FollowerInfoImpl.java:lambda$new$0(48)) - 55112d89-11b5-415b-b3d0-c3d2a8542f19@group-97FF8A4DCC6A->49687013-9189-4ed6-aa07-d793b1b94e57: nextIndex: updateUnconditionally 23 -> 22
2023-02-21 13:39:01,685 [grpc-default-executor-12] WARN  server.GrpcLogAppender (LogUtils.java:warn(122)) - 55112d89-11b5-415b-b3d0-c3d2a8542f19@group-97FF8A4DCC6A->49687013-9189-4ed6-aa07-d793b1b94e57-AppendLogResponseHandler: Failed appendEntries: org.apache.ratis.thirdparty.io.grpc.StatusRuntimeException: UNAVAILABLE: io exception
2023-02-21 13:39:01,685 [grpc-default-executor-12] INFO  leader.FollowerInfo (FollowerInfoImpl.java:lambda$new$0(48)) - 55112d89-11b5-415b-b3d0-c3d2a8542f19@group-97FF8A4DCC6A->49687013-9189-4ed6-aa07-d793b1b94e57: nextIndex: updateUnconditionally 22 -> 21
2023-02-21 13:39:01,685 [grpc-default-executor-14] WARN  server.GrpcLogAppender (LogUtils.java:warn(122)) - 55112d89-11b5-415b-b3d0-c3d2a8542f19@group-97FF8A4DCC6A->16e51c86-b54f-4418-8274-5609a4b0e8e9-AppendLogResponseHandler: Failed appendEntries: org.apache.ratis.thirdparty.io.grpc.StatusRuntimeException: UNAVAILABLE: io exception
2023-02-21 13:39:01,686 [grpc-default-executor-14] INFO  leader.FollowerInfo (FollowerInfoImpl.java:lambda$new$0(48)) - 55112d89-11b5-415b-b3d0-c3d2a8542f19@group-97FF8A4DCC6A->16e51c86-b54f-4418-8274-5609a4b0e8e9: nextIndex: updateUnconditionally 23 -> 22
2023-02-21 13:39:01,686 [grpc-default-executor-3] WARN  server.GrpcLogAppender (LogUtils.java:warn(122)) - 55112d89-11b5-415b-b3d0-c3d2a8542f19@group-97FF8A4DCC6A->16e51c86-b54f-4418-8274-5609a4b0e8e9-AppendLogResponseHandler: Failed appendEntries: org.apache.ratis.thirdparty.io.grpc.StatusRuntimeException: UNAVAILABLE: io exception
2023-02-21 13:39:01,687 [grpc-default-executor-3] INFO  leader.FollowerInfo (FollowerInfoImpl.java:lambda$new$0(48)) - 55112d89-11b5-415b-b3d0-c3d2a8542f19@group-97FF8A4DCC6A->16e51c86-b54f-4418-8274-5609a4b0e8e9: nextIndex: updateUnconditionally 22 -> 21
2023-02-21 13:39:01,694 [grpc-default-executor-14] WARN  server.GrpcLogAppender (LogUtils.java:warn(122)) - 55112d89-11b5-415b-b3d0-c3d2a8542f19@group-97FF8A4DCC6A->49687013-9189-4ed6-aa07-d793b1b94e57-AppendLogResponseHandler: Failed appendEntries: org.apache.ratis.thirdparty.io.grpc.StatusRuntimeException: UNAVAILABLE: io exception
2023-02-21 13:39:01,695 [grpc-default-executor-14] INFO  leader.FollowerInfo (FollowerInfoImpl.java:lambda$new$0(48)) - 55112d89-11b5-415b-b3d0-c3d2a8542f19@group-97FF8A4DCC6A->49687013-9189-4ed6-aa07-d793b1b94e57: nextIndex: updateUnconditionally 22 -> 21
2023-02-21 13:39:01,696 [grpc-default-executor-3] WARN  server.GrpcLogAppender (LogUtils.java:warn(122)) - 55112d89-11b5-415b-b3d0-c3d2a8542f19@group-97FF8A4DCC6A->49687013-9189-4ed6-aa07-d793b1b94e57-AppendLogResponseHandler: Failed appendEntries: org.apache.ratis.thirdparty.io.grpc.StatusRuntimeException: UNAVAILABLE: io exception
2023-02-21 13:39:01,696 [grpc-default-executor-3] INFO  leader.FollowerInfo (FollowerInfoImpl.java:lambda$new$0(48)) - 55112d89-11b5-415b-b3d0-c3d2a8542f19@group-97FF8A4DCC6A->49687013-9189-4ed6-aa07-d793b1b94e57: nextIndex: updateUnconditionally 21 -> 20
2023-02-21 13:39:01,697 [grpc-default-executor-3] WARN  server.GrpcLogAppender (LogUtils.java:warn(122)) - 55112d89-11b5-415b-b3d0-c3d2a8542f19@group-97FF8A4DCC6A->16e51c86-b54f-4418-8274-5609a4b0e8e9-AppendLogResponseHandler: Failed appendEntries: org.apache.ratis.thirdparty.io.grpc.StatusRuntimeException: UNAVAILABLE: io exception
2023-02-21 13:39:01,698 [grpc-default-executor-14] WARN  server.GrpcLogAppender (LogUtils.java:warn(122)) - 55112d89-11b5-415b-b3d0-c3d2a8542f19@group-97FF8A4DCC6A->16e51c86-b54f-4418-8274-5609a4b0e8e9-AppendLogResponseHandler: Failed appendEntries: org.apache.ratis.thirdparty.io.grpc.StatusRuntimeException: UNAVAILABLE: io exception
2023-02-21 13:39:01,698 [grpc-default-executor-3] INFO  leader.FollowerInfo (FollowerInfoImpl.java:lambda$new$0(48)) - 55112d89-11b5-415b-b3d0-c3d2a8542f19@group-97FF8A4DCC6A->16e51c86-b54f-4418-8274-5609a4b0e8e9: nextIndex: updateUnconditionally 22 -> 21
2023-02-21 13:39:01,704 [grpc-default-executor-14] INFO  leader.FollowerInfo (FollowerInfoImpl.java:lambda$new$0(48)) - 55112d89-11b5-415b-b3d0-c3d2a8542f19@group-97FF8A4DCC6A->16e51c86-b54f-4418-8274-5609a4b0e8e9: nextIndex: updateUnconditionally 21 -> 20
2023-02-21 13:39:02,070 [ForkJoinPool.commonPool-worker-0] INFO  volume.HddsVolume (HddsVolume.java:closeDbStore(362)) - SchemaV3 db is stopped at /home/runner/work/ozone/ozone/hadoop-ozone/integration-test/target/test-dir/MiniOzoneClusterImpl-af67ded0-52d4-4e8d-8917-e8c7ba660466/datanode-1/data-0/containers/hdds/af67ded0-52d4-4e8d-8917-e8c7ba660466/DS-a9125206-2d09-4572-9cbe-e874653c6888/container.db for volume DS-a9125206-2d09-4572-9cbe-e874653c6888
2023-02-21 13:39:02,071 [ForkJoinPool.commonPool-worker-0] INFO  utils.BackgroundService (BackgroundService.java:shutdown(141)) - Shutting down service BlockDeletingService
2023-02-21 13:39:02,071 [ForkJoinPool.commonPool-worker-0] INFO  utils.BackgroundService (BackgroundService.java:shutdown(141)) - Shutting down service StaleRecoveringContainerScrubbingService
2023-02-21 13:39:02,075 [Listener at 127.0.0.1/35721] INFO  volume.HddsVolume (HddsVolume.java:closeDbStore(362)) - SchemaV3 db is stopped at /home/runner/work/ozone/ozone/hadoop-ozone/integration-test/target/test-dir/MiniOzoneClusterImpl-af67ded0-52d4-4e8d-8917-e8c7ba660466/datanode-2/data-0/containers/hdds/af67ded0-52d4-4e8d-8917-e8c7ba660466/DS-0cf75365-4946-4462-9806-2ce52df41676/container.db for volume DS-0cf75365-4946-4462-9806-2ce52df41676
2023-02-21 13:39:02,076 [Listener at 127.0.0.1/35721] INFO  utils.BackgroundService (BackgroundService.java:shutdown(141)) - Shutting down service BlockDeletingService
2023-02-21 13:39:02,077 [Listener at 127.0.0.1/35721] INFO  utils.BackgroundService (BackgroundService.java:shutdown(141)) - Shutting down service StaleRecoveringContainerScrubbingService
2023-02-21 13:39:02,079 [ForkJoinPool.commonPool-worker-0] INFO  statemachine.DatanodeStateMachine (DatanodeStateMachine.java:stopDaemon(600)) - Ozone container server stopped.
2023-02-21 13:39:02,089 [Listener at 127.0.0.1/35721] INFO  statemachine.DatanodeStateMachine (DatanodeStateMachine.java:stopDaemon(600)) - Ozone container server stopped.
2023-02-21 13:39:02,101 [ForkJoinPool.commonPool-worker-0] INFO  handler.ContextHandler (ContextHandler.java:doStop(1159)) - Stopped o.e.j.w.WebAppContext@598bc41e{hddsDatanode,/,null,STOPPED}{jar:file:/home/runner/.m2/repository/org/apache/ozone/hdds-container-service/1.4.0-SNAPSHOT/hdds-container-service-1.4.0-SNAPSHOT.jar!/webapps/hddsDatanode}
2023-02-21 13:39:02,102 [ForkJoinPool.commonPool-worker-0] INFO  server.AbstractConnector (AbstractConnector.java:doStop(383)) - Stopped ServerConnector@1838cb5b{HTTP/1.1, (http/1.1)}{0.0.0.0:0}
2023-02-21 13:39:02,103 [ForkJoinPool.commonPool-worker-0] INFO  server.session (HouseKeeper.java:stopScavenging(149)) - node0 Stopped scavenging
2023-02-21 13:39:02,107 [ForkJoinPool.commonPool-worker-0] INFO  handler.ContextHandler (ContextHandler.java:doStop(1159)) - Stopped o.e.j.s.ServletContextHandler@425531c9{static,/static,jar:file:/home/runner/.m2/repository/org/apache/ozone/hdds-container-service/1.4.0-SNAPSHOT/hdds-container-service-1.4.0-SNAPSHOT.jar!/webapps/static,STOPPED}
2023-02-21 13:39:02,108 [ForkJoinPool.commonPool-worker-0] INFO  handler.ContextHandler (ContextHandler.java:doStop(1159)) - Stopped o.e.j.s.ServletContextHandler@73484926{logs,/logs,file:///home/runner/work/ozone/ozone/hadoop-ozone/integration-test/target/log,STOPPED}
2023-02-21 13:39:02,110 [Listener at 127.0.0.1/35721] INFO  handler.ContextHandler (ContextHandler.java:doStop(1159)) - Stopped o.e.j.w.WebAppContext@175c25dd{hddsDatanode,/,null,STOPPED}{jar:file:/home/runner/.m2/repository/org/apache/ozone/hdds-container-service/1.4.0-SNAPSHOT/hdds-container-service-1.4.0-SNAPSHOT.jar!/webapps/hddsDatanode}
2023-02-21 13:39:02,110 [Listener at 127.0.0.1/35721] INFO  server.AbstractConnector (AbstractConnector.java:doStop(383)) - Stopped ServerConnector@5d4f3b82{HTTP/1.1, (http/1.1)}{0.0.0.0:0}
2023-02-21 13:39:02,111 [Listener at 127.0.0.1/35721] INFO  server.session (HouseKeeper.java:stopScavenging(149)) - node0 Stopped scavenging
2023-02-21 13:39:02,112 [Listener at 127.0.0.1/35721] INFO  handler.ContextHandler (ContextHandler.java:doStop(1159)) - Stopped o.e.j.s.ServletContextHandler@5230426b{static,/static,jar:file:/home/runner/.m2/repository/org/apache/ozone/hdds-container-service/1.4.0-SNAPSHOT/hdds-container-service-1.4.0-SNAPSHOT.jar!/webapps/static,STOPPED}
2023-02-21 13:39:02,112 [Listener at 127.0.0.1/35721] INFO  handler.ContextHandler (ContextHandler.java:doStop(1159)) - Stopped o.e.j.s.ServletContextHandler@4d05150f{logs,/logs,file:///home/runner/work/ozone/ozone/hadoop-ozone/integration-test/target/log,STOPPED}
2023-02-21 13:39:02,114 [ForkJoinPool.commonPool-worker-0] INFO  ozoneimpl.OzoneContainer (OzoneContainer.java:stop(420)) - Attempting to stop container services.
2023-02-21 13:39:02,115 [ForkJoinPool.commonPool-worker-0] INFO  server.RaftServer (RaftServerProxy.java:lambda$close$6(409)) - 55112d89-11b5-415b-b3d0-c3d2a8542f19: close
2023-02-21 13:39:02,116 [55112d89-11b5-415b-b3d0-c3d2a8542f19-impl-thread2] INFO  server.RaftServer$Division (RaftServerImpl.java:lambda$close$4(458)) - 55112d89-11b5-415b-b3d0-c3d2a8542f19@group-ED4250EF6DDA: shutdown
2023-02-21 13:39:02,116 [55112d89-11b5-415b-b3d0-c3d2a8542f19-impl-thread2] INFO  util.JmxRegister (JmxRegister.java:unregister(73)) - Successfully un-registered JMX Bean with object name Ratis:service=RaftServer,group=group-ED4250EF6DDA,id=55112d89-11b5-415b-b3d0-c3d2a8542f19
2023-02-21 13:39:02,116 [55112d89-11b5-415b-b3d0-c3d2a8542f19-impl-thread2] INFO  impl.RoleInfo (RoleInfo.java:shutdownLeaderState(93)) - 55112d89-11b5-415b-b3d0-c3d2a8542f19: shutdown 55112d89-11b5-415b-b3d0-c3d2a8542f19@group-ED4250EF6DDA-LeaderStateImpl
2023-02-21 13:39:02,116 [55112d89-11b5-415b-b3d0-c3d2a8542f19-impl-thread2] INFO  impl.PendingRequests (PendingRequests.java:sendNotLeaderResponses(282)) - 55112d89-11b5-415b-b3d0-c3d2a8542f19@group-ED4250EF6DDA-PendingRequests: sendNotLeaderResponses
2023-02-21 13:39:02,117 [55112d89-11b5-415b-b3d0-c3d2a8542f19-impl-thread2] INFO  impl.StateMachineUpdater (StateMachineUpdater.java:stopAndJoin(153)) - 55112d89-11b5-415b-b3d0-c3d2a8542f19@group-ED4250EF6DDA-StateMachineUpdater: set stopIndex = 0
2023-02-21 13:39:02,117 [55112d89-11b5-415b-b3d0-c3d2a8542f19@group-ED4250EF6DDA-StateMachineUpdater] INFO  ratis.ContainerStateMachine (ContainerStateMachine.java:takeSnapshot(308)) - group-ED4250EF6DDA: Taking a snapshot at:(t:1, i:0) file /home/runner/work/ozone/ozone/hadoop-ozone/integration-test/target/test-dir/MiniOzoneClusterImpl-af67ded0-52d4-4e8d-8917-e8c7ba660466/datanode-0/data/ratis/ac2e8950-bf7f-4434-bda4-ed4250ef6dda/sm/snapshot.1_0
2023-02-21 13:39:02,117 [55112d89-11b5-415b-b3d0-c3d2a8542f19-impl-thread3] INFO  server.RaftServer$Division (RaftServerImpl.java:lambda$close$4(458)) - 55112d89-11b5-415b-b3d0-c3d2a8542f19@group-97FF8A4DCC6A: shutdown
2023-02-21 13:39:02,117 [55112d89-11b5-415b-b3d0-c3d2a8542f19-impl-thread3] INFO  util.JmxRegister (JmxRegister.java:unregister(73)) - Successfully un-registered JMX Bean with object name Ratis:service=RaftServer,group=group-97FF8A4DCC6A,id=55112d89-11b5-415b-b3d0-c3d2a8542f19
2023-02-21 13:39:02,117 [55112d89-11b5-415b-b3d0-c3d2a8542f19-impl-thread3] INFO  impl.RoleInfo (RoleInfo.java:shutdownLeaderState(93)) - 55112d89-11b5-415b-b3d0-c3d2a8542f19: shutdown 55112d89-11b5-415b-b3d0-c3d2a8542f19@group-97FF8A4DCC6A-LeaderStateImpl
2023-02-21 13:39:02,118 [ForkJoinPool.commonPool-worker-0] INFO  server.GrpcService (GrpcService.java:closeImpl(271)) - 55112d89-11b5-415b-b3d0-c3d2a8542f19: shutdown server GrpcServerProtocolService now
2023-02-21 13:39:02,120 [55112d89-11b5-415b-b3d0-c3d2a8542f19@group-ED4250EF6DDA-StateMachineUpdater] INFO  ratis.ContainerStateMachine (ContainerStateMachine.java:takeSnapshot(319)) - group-ED4250EF6DDA: Finished taking a snapshot at:(t:1, i:0) file:/home/runner/work/ozone/ozone/hadoop-ozone/integration-test/target/test-dir/MiniOzoneClusterImpl-af67ded0-52d4-4e8d-8917-e8c7ba660466/datanode-0/data/ratis/ac2e8950-bf7f-4434-bda4-ed4250ef6dda/sm/snapshot.1_0 took: 3 ms
2023-02-21 13:39:02,120 [55112d89-11b5-415b-b3d0-c3d2a8542f19-impl-thread3] INFO  impl.PendingRequests (PendingRequests.java:sendNotLeaderResponses(282)) - 55112d89-11b5-415b-b3d0-c3d2a8542f19@group-97FF8A4DCC6A-PendingRequests: sendNotLeaderResponses
2023-02-21 13:39:02,120 [55112d89-11b5-415b-b3d0-c3d2a8542f19@group-97FF8A4DCC6A->49687013-9189-4ed6-aa07-d793b1b94e57-GrpcLogAppender-LogAppenderDaemon] WARN  server.GrpcLogAppender (GrpcLogAppender.java:mayWait(200)) - 55112d89-11b5-415b-b3d0-c3d2a8542f19@group-97FF8A4DCC6A->49687013-9189-4ed6-aa07-d793b1b94e57-GrpcLogAppender: Wait interrupted by java.lang.InterruptedException
2023-02-21 13:39:02,120 [55112d89-11b5-415b-b3d0-c3d2a8542f19@group-97FF8A4DCC6A->16e51c86-b54f-4418-8274-5609a4b0e8e9-GrpcLogAppender-LogAppenderDaemon] WARN  server.GrpcLogAppender (GrpcLogAppender.java:mayWait(200)) - 55112d89-11b5-415b-b3d0-c3d2a8542f19@group-97FF8A4DCC6A->16e51c86-b54f-4418-8274-5609a4b0e8e9-GrpcLogAppender: Wait interrupted by java.lang.InterruptedException
2023-02-21 13:39:02,121 [55112d89-11b5-415b-b3d0-c3d2a8542f19@group-ED4250EF6DDA-StateMachineUpdater] INFO  impl.StateMachineUpdater (StateMachineUpdater.java:takeSnapshot(287)) - 55112d89-11b5-415b-b3d0-c3d2a8542f19@group-ED4250EF6DDA-StateMachineUpdater: Took a snapshot at index 0
2023-02-21 13:39:02,122 [55112d89-11b5-415b-b3d0-c3d2a8542f19-impl-thread4] INFO  server.RaftServer$Division (RaftServerImpl.java:lambda$close$4(458)) - 55112d89-11b5-415b-b3d0-c3d2a8542f19@group-A02C45B6FBBE: shutdown
2023-02-21 13:39:02,121 [Listener at 127.0.0.1/35721] INFO  ozoneimpl.OzoneContainer (OzoneContainer.java:stop(420)) - Attempting to stop container services.
2023-02-21 13:39:02,124 [55112d89-11b5-415b-b3d0-c3d2a8542f19-impl-thread4] INFO  util.JmxRegister (JmxRegister.java:unregister(73)) - Successfully un-registered JMX Bean with object name Ratis:service=RaftServer,group=group-A02C45B6FBBE,id=55112d89-11b5-415b-b3d0-c3d2a8542f19
2023-02-21 13:39:02,124 [55112d89-11b5-415b-b3d0-c3d2a8542f19-impl-thread4] INFO  impl.RoleInfo (RoleInfo.java:shutdownFollowerState(110)) - 55112d89-11b5-415b-b3d0-c3d2a8542f19: shutdown 55112d89-11b5-415b-b3d0-c3d2a8542f19@group-A02C45B6FBBE-FollowerState
2023-02-21 13:39:02,124 [55112d89-11b5-415b-b3d0-c3d2a8542f19-impl-thread4] INFO  impl.StateMachineUpdater (StateMachineUpdater.java:stopAndJoin(153)) - 55112d89-11b5-415b-b3d0-c3d2a8542f19@group-A02C45B6FBBE-StateMachineUpdater: set stopIndex = 4
2023-02-21 13:39:02,124 [55112d89-11b5-415b-b3d0-c3d2a8542f19@group-A02C45B6FBBE-FollowerState] INFO  impl.FollowerState (FollowerState.java:run(152)) - 55112d89-11b5-415b-b3d0-c3d2a8542f19@group-A02C45B6FBBE-FollowerState was interrupted
2023-02-21 13:39:02,122 [55112d89-11b5-415b-b3d0-c3d2a8542f19@group-ED4250EF6DDA-StateMachineUpdater] INFO  impl.StateMachineUpdater (StateMachineUpdater.java:lambda$new$0(92)) - 55112d89-11b5-415b-b3d0-c3d2a8542f19@group-ED4250EF6DDA-StateMachineUpdater: snapshotIndex: updateIncreasingly -1 -> 0
2023-02-21 13:39:02,120 [grpc-default-executor-3] WARN  server.GrpcClientProtocolService (LogUtils.java:warn(122)) - 2-OrderedRequestStreamObserver2: onError: org.apache.ratis.thirdparty.io.grpc.StatusRuntimeException: CANCELLED: client cancelled
2023-02-21 13:39:02,125 [55112d89-11b5-415b-b3d0-c3d2a8542f19@group-A02C45B6FBBE-StateMachineUpdater] INFO  ratis.ContainerStateMachine (ContainerStateMachine.java:takeSnapshot(308)) - group-A02C45B6FBBE: Taking a snapshot at:(t:1, i:4) file /home/runner/work/ozone/ozone/hadoop-ozone/integration-test/target/test-dir/MiniOzoneClusterImpl-af67ded0-52d4-4e8d-8917-e8c7ba660466/datanode-0/data/ratis/46c6d006-6654-477f-ba61-a02c45b6fbbe/sm/snapshot.1_4
2023-02-21 13:39:02,124 [Listener at 127.0.0.1/35721] INFO  server.RaftServer (RaftServerProxy.java:lambda$close$6(409)) - 13b316d7-19fe-4f46-8ee4-74122f1e4c34: close
2023-02-21 13:39:02,126 [Listener at 127.0.0.1/35721] INFO  server.GrpcService (GrpcService.java:closeImpl(271)) - 13b316d7-19fe-4f46-8ee4-74122f1e4c34: shutdown server GrpcServerProtocolService now
2023-02-21 13:39:02,128 [ForkJoinPool.commonPool-worker-0] INFO  server.GrpcServerProtocolClient (GrpcServerProtocolClient.java:close(101)) - 16e51c86-b54f-4418-8274-5609a4b0e8e9 Close channels
2023-02-21 13:39:02,128 [55112d89-11b5-415b-b3d0-c3d2a8542f19-impl-thread3] INFO  impl.StateMachineUpdater (StateMachineUpdater.java:stopAndJoin(153)) - 55112d89-11b5-415b-b3d0-c3d2a8542f19@group-97FF8A4DCC6A-StateMachineUpdater: set stopIndex = 25
2023-02-21 13:39:02,128 [55112d89-11b5-415b-b3d0-c3d2a8542f19@group-97FF8A4DCC6A-StateMachineUpdater] INFO  ratis.ContainerStateMachine (ContainerStateMachine.java:takeSnapshot(308)) - group-97FF8A4DCC6A: Taking a snapshot at:(t:1, i:25) file /home/runner/work/ozone/ozone/hadoop-ozone/integration-test/target/test-dir/MiniOzoneClusterImpl-af67ded0-52d4-4e8d-8917-e8c7ba660466/datanode-0/data/ratis/40e47288-7291-4d7a-8a49-97ff8a4dcc6a/sm/snapshot.1_25
2023-02-21 13:39:02,127 [55112d89-11b5-415b-b3d0-c3d2a8542f19@group-A02C45B6FBBE-StateMachineUpdater] INFO  ratis.ContainerStateMachine (ContainerStateMachine.java:takeSnapshot(319)) - group-A02C45B6FBBE: Finished taking a snapshot at:(t:1, i:4) file:/home/runner/work/ozone/ozone/hadoop-ozone/integration-test/target/test-dir/MiniOzoneClusterImpl-af67ded0-52d4-4e8d-8917-e8c7ba660466/datanode-0/data/ratis/46c6d006-6654-477f-ba61-a02c45b6fbbe/sm/snapshot.1_4 took: 2 ms
2023-02-21 13:39:02,128 [Listener at 127.0.0.1/35721] INFO  server.GrpcService (GrpcService.java:closeImpl(280)) - 13b316d7-19fe-4f46-8ee4-74122f1e4c34: shutdown server GrpcServerProtocolService successfully
2023-02-21 13:39:02,128 [55112d89-11b5-415b-b3d0-c3d2a8542f19@group-A02C45B6FBBE-StateMachineUpdater] INFO  impl.StateMachineUpdater (StateMachineUpdater.java:takeSnapshot(287)) - 55112d89-11b5-415b-b3d0-c3d2a8542f19@group-A02C45B6FBBE-StateMachineUpdater: Took a snapshot at index 4
2023-02-21 13:39:02,126 [55112d89-11b5-415b-b3d0-c3d2a8542f19-impl-thread2] INFO  server.RaftServer$Division (ServerState.java:close(466)) - 55112d89-11b5-415b-b3d0-c3d2a8542f19@group-ED4250EF6DDA: closes. applyIndex: 0
2023-02-21 13:39:02,130 [55112d89-11b5-415b-b3d0-c3d2a8542f19@group-97FF8A4DCC6A-StateMachineUpdater] INFO  ratis.ContainerStateMachine (ContainerStateMachine.java:takeSnapshot(319)) - group-97FF8A4DCC6A: Finished taking a snapshot at:(t:1, i:25) file:/home/runner/work/ozone/ozone/hadoop-ozone/integration-test/target/test-dir/MiniOzoneClusterImpl-af67ded0-52d4-4e8d-8917-e8c7ba660466/datanode-0/data/ratis/40e47288-7291-4d7a-8a49-97ff8a4dcc6a/sm/snapshot.1_25 took: 2 ms
2023-02-21 13:39:02,131 [55112d89-11b5-415b-b3d0-c3d2a8542f19@group-ED4250EF6DDA-SegmentedRaftLogWorker] INFO  segmented.SegmentedRaftLogWorker (SegmentedRaftLogWorker.java:run(347)) - 55112d89-11b5-415b-b3d0-c3d2a8542f19@group-ED4250EF6DDA-SegmentedRaftLogWorker was interrupted, exiting. There are 0 tasks remaining in the queue.
2023-02-21 13:39:02,131 [55112d89-11b5-415b-b3d0-c3d2a8542f19@group-97FF8A4DCC6A-StateMachineUpdater] INFO  impl.StateMachineUpdater (StateMachineUpdater.java:takeSnapshot(287)) - 55112d89-11b5-415b-b3d0-c3d2a8542f19@group-97FF8A4DCC6A-StateMachineUpdater: Took a snapshot at index 25
2023-02-21 13:39:02,131 [55112d89-11b5-415b-b3d0-c3d2a8542f19@group-97FF8A4DCC6A-StateMachineUpdater] INFO  impl.StateMachineUpdater (StateMachineUpdater.java:lambda$new$0(92)) - 55112d89-11b5-415b-b3d0-c3d2a8542f19@group-97FF8A4DCC6A-StateMachineUpdater: snapshotIndex: updateIncreasingly -1 -> 25
2023-02-21 13:39:02,131 [55112d89-11b5-415b-b3d0-c3d2a8542f19-impl-thread2] INFO  segmented.SegmentedRaftLogWorker (SegmentedRaftLogWorker.java:close(257)) - 55112d89-11b5-415b-b3d0-c3d2a8542f19@group-ED4250EF6DDA-SegmentedRaftLogWorker close()
2023-02-21 13:39:02,132 [13b316d7-19fe-4f46-8ee4-74122f1e4c34-impl-thread2] INFO  server.RaftServer$Division (RaftServerImpl.java:lambda$close$4(458)) - 13b316d7-19fe-4f46-8ee4-74122f1e4c34@group-FC70CB5DCCD1: shutdown
2023-02-21 13:39:02,133 [13b316d7-19fe-4f46-8ee4-74122f1e4c34-impl-thread2] INFO  util.JmxRegister (JmxRegister.java:unregister(73)) - Successfully un-registered JMX Bean with object name Ratis:service=RaftServer,group=group-FC70CB5DCCD1,id=13b316d7-19fe-4f46-8ee4-74122f1e4c34
2023-02-21 13:39:02,133 [13b316d7-19fe-4f46-8ee4-74122f1e4c34-impl-thread2] INFO  impl.RoleInfo (RoleInfo.java:shutdownLeaderState(93)) - 13b316d7-19fe-4f46-8ee4-74122f1e4c34: shutdown 13b316d7-19fe-4f46-8ee4-74122f1e4c34@group-FC70CB5DCCD1-LeaderStateImpl
2023-02-21 13:39:02,133 [13b316d7-19fe-4f46-8ee4-74122f1e4c34-impl-thread2] INFO  impl.PendingRequests (PendingRequests.java:sendNotLeaderResponses(282)) - 13b316d7-19fe-4f46-8ee4-74122f1e4c34@group-FC70CB5DCCD1-PendingRequests: sendNotLeaderResponses
2023-02-21 13:39:02,133 [13b316d7-19fe-4f46-8ee4-74122f1e4c34@group-FC70CB5DCCD1-StateMachineUpdater] INFO  ratis.ContainerStateMachine (ContainerStateMachine.java:takeSnapshot(308)) - group-FC70CB5DCCD1: Taking a snapshot at:(t:1, i:0) file /home/runner/work/ozone/ozone/hadoop-ozone/integration-test/target/test-dir/MiniOzoneClusterImpl-af67ded0-52d4-4e8d-8917-e8c7ba660466/datanode-4/data/ratis/b4ccf860-f8c5-4500-854a-fc70cb5dccd1/sm/snapshot.1_0
2023-02-21 13:39:02,134 [13b316d7-19fe-4f46-8ee4-74122f1e4c34-impl-thread2] INFO  impl.StateMachineUpdater (StateMachineUpdater.java:stopAndJoin(153)) - 13b316d7-19fe-4f46-8ee4-74122f1e4c34@group-FC70CB5DCCD1-StateMachineUpdater: set stopIndex = 0
2023-02-21 13:39:02,134 [13b316d7-19fe-4f46-8ee4-74122f1e4c34@group-FC70CB5DCCD1-StateMachineUpdater] INFO  ratis.ContainerStateMachine (ContainerStateMachine.java:takeSnapshot(319)) - group-FC70CB5DCCD1: Finished taking a snapshot at:(t:1, i:0) file:/home/runner/work/ozone/ozone/hadoop-ozone/integration-test/target/test-dir/MiniOzoneClusterImpl-af67ded0-52d4-4e8d-8917-e8c7ba660466/datanode-4/data/ratis/b4ccf860-f8c5-4500-854a-fc70cb5dccd1/sm/snapshot.1_0 took: 1 ms
2023-02-21 13:39:02,134 [13b316d7-19fe-4f46-8ee4-74122f1e4c34@group-FC70CB5DCCD1-StateMachineUpdater] INFO  impl.StateMachineUpdater (StateMachineUpdater.java:takeSnapshot(287)) - 13b316d7-19fe-4f46-8ee4-74122f1e4c34@group-FC70CB5DCCD1-StateMachineUpdater: Took a snapshot at index 0
2023-02-21 13:39:02,135 [13b316d7-19fe-4f46-8ee4-74122f1e4c34@group-FC70CB5DCCD1-StateMachineUpdater] INFO  impl.StateMachineUpdater (StateMachineUpdater.java:lambda$new$0(92)) - 13b316d7-19fe-4f46-8ee4-74122f1e4c34@group-FC70CB5DCCD1-StateMachineUpdater: snapshotIndex: updateIncreasingly -1 -> 0
2023-02-21 13:39:02,130 [ForkJoinPool.commonPool-worker-0] INFO  server.GrpcServerProtocolClient (GrpcServerProtocolClient.java:close(101)) - 49687013-9189-4ed6-aa07-d793b1b94e57 Close channels
2023-02-21 13:39:02,129 [55112d89-11b5-415b-b3d0-c3d2a8542f19@group-A02C45B6FBBE-StateMachineUpdater] INFO  impl.StateMachineUpdater (StateMachineUpdater.java:lambda$new$0(92)) - 55112d89-11b5-415b-b3d0-c3d2a8542f19@group-A02C45B6FBBE-StateMachineUpdater: snapshotIndex: updateIncreasingly -1 -> 4
2023-02-21 13:39:02,136 [55112d89-11b5-415b-b3d0-c3d2a8542f19-impl-thread4] INFO  server.RaftServer$Division (ServerState.java:close(466)) - 55112d89-11b5-415b-b3d0-c3d2a8542f19@group-A02C45B6FBBE: closes. applyIndex: 4
2023-02-21 13:39:02,137 [55112d89-11b5-415b-b3d0-c3d2a8542f19@group-A02C45B6FBBE-SegmentedRaftLogWorker] INFO  segmented.SegmentedRaftLogWorker (SegmentedRaftLogWorker.java:run(347)) - 55112d89-11b5-415b-b3d0-c3d2a8542f19@group-A02C45B6FBBE-SegmentedRaftLogWorker was interrupted, exiting. There are 0 tasks remaining in the queue.
2023-02-21 13:39:02,129 [13b316d7-19fe-4f46-8ee4-74122f1e4c34-NettyServerStreamRpc-bossGroup--thread1] INFO  logging.LoggingHandler (AbstractInternalLogger.java:log(148)) - [id: 0x49c7516b, L:/0:0:0:0:0:0:0:0:45723] CLOSE
2023-02-21 13:39:02,137 [55112d89-11b5-415b-b3d0-c3d2a8542f19-impl-thread4] INFO  segmented.SegmentedRaftLogWorker (SegmentedRaftLogWorker.java:close(257)) - 55112d89-11b5-415b-b3d0-c3d2a8542f19@group-A02C45B6FBBE-SegmentedRaftLogWorker close()
2023-02-21 13:39:02,133 [55112d89-11b5-415b-b3d0-c3d2a8542f19-impl-thread3] INFO  server.RaftServer$Division (ServerState.java:close(466)) - 55112d89-11b5-415b-b3d0-c3d2a8542f19@group-97FF8A4DCC6A: closes. applyIndex: 25
2023-02-21 13:39:02,137 [13b316d7-19fe-4f46-8ee4-74122f1e4c34-NettyServerStreamRpc-bossGroup--thread1] INFO  logging.LoggingHandler (AbstractInternalLogger.java:log(148)) - [id: 0x49c7516b, L:/0:0:0:0:0:0:0:0:45723] INACTIVE
2023-02-21 13:39:02,137 [13b316d7-19fe-4f46-8ee4-74122f1e4c34-NettyServerStreamRpc-bossGroup--thread1] INFO  logging.LoggingHandler (AbstractInternalLogger.java:log(148)) - [id: 0x49c7516b, L:/0:0:0:0:0:0:0:0:45723] UNREGISTERED
2023-02-21 13:39:02,137 [55112d89-11b5-415b-b3d0-c3d2a8542f19@group-97FF8A4DCC6A-SegmentedRaftLogWorker] INFO  segmented.SegmentedRaftLogWorker (SegmentedRaftLogWorker.java:run(347)) - 55112d89-11b5-415b-b3d0-c3d2a8542f19@group-97FF8A4DCC6A-SegmentedRaftLogWorker was interrupted, exiting. There are 0 tasks remaining in the queue.
2023-02-21 13:39:02,138 [55112d89-11b5-415b-b3d0-c3d2a8542f19-impl-thread3] INFO  segmented.SegmentedRaftLogWorker (SegmentedRaftLogWorker.java:close(257)) - 55112d89-11b5-415b-b3d0-c3d2a8542f19@group-97FF8A4DCC6A-SegmentedRaftLogWorker close()
2023-02-21 13:39:02,139 [ForkJoinPool.commonPool-worker-0] INFO  server.GrpcService (GrpcService.java:closeImpl(280)) - 55112d89-11b5-415b-b3d0-c3d2a8542f19: shutdown server GrpcServerProtocolService successfully
2023-02-21 13:39:02,139 [13b316d7-19fe-4f46-8ee4-74122f1e4c34-impl-thread2] INFO  server.RaftServer$Division (ServerState.java:close(466)) - 13b316d7-19fe-4f46-8ee4-74122f1e4c34@group-FC70CB5DCCD1: closes. applyIndex: 0
2023-02-21 13:39:02,147 [13b316d7-19fe-4f46-8ee4-74122f1e4c34@group-FC70CB5DCCD1-SegmentedRaftLogWorker] INFO  segmented.SegmentedRaftLogWorker (SegmentedRaftLogWorker.java:run(347)) - 13b316d7-19fe-4f46-8ee4-74122f1e4c34@group-FC70CB5DCCD1-SegmentedRaftLogWorker was interrupted, exiting. There are 0 tasks remaining in the queue.
2023-02-21 13:39:02,155 [13b316d7-19fe-4f46-8ee4-74122f1e4c34-impl-thread2] INFO  segmented.SegmentedRaftLogWorker (SegmentedRaftLogWorker.java:close(257)) - 13b316d7-19fe-4f46-8ee4-74122f1e4c34@group-FC70CB5DCCD1-SegmentedRaftLogWorker close()
2023-02-21 13:39:02,157 [55112d89-11b5-415b-b3d0-c3d2a8542f19-NettyServerStreamRpc-bossGroup--thread1] INFO  logging.LoggingHandler (AbstractInternalLogger.java:log(148)) - [id: 0x13f9f70a, L:/0:0:0:0:0:0:0:0:34785] CLOSE
2023-02-21 13:39:02,157 [55112d89-11b5-415b-b3d0-c3d2a8542f19-NettyServerStreamRpc-bossGroup--thread1] INFO  logging.LoggingHandler (AbstractInternalLogger.java:log(148)) - [id: 0x13f9f70a, L:/0:0:0:0:0:0:0:0:34785] INACTIVE
2023-02-21 13:39:02,157 [55112d89-11b5-415b-b3d0-c3d2a8542f19-NettyServerStreamRpc-bossGroup--thread1] INFO  logging.LoggingHandler (AbstractInternalLogger.java:log(148)) - [id: 0x13f9f70a, L:/0:0:0:0:0:0:0:0:34785] UNREGISTERED
2023-02-21 13:39:02,178 [JvmPauseMonitor5] INFO  util.JvmPauseMonitor (JvmPauseMonitor.java:run(111)) - JvmPauseMonitor-13b316d7-19fe-4f46-8ee4-74122f1e4c34: Stopped
2023-02-21 13:39:02,185 [JvmPauseMonitor1] INFO  util.JvmPauseMonitor (JvmPauseMonitor.java:run(111)) - JvmPauseMonitor-55112d89-11b5-415b-b3d0-c3d2a8542f19: Stopped
2023-02-21 13:39:04,185 [Listener at 127.0.0.1/35721] INFO  volume.HddsVolume (HddsVolume.java:closeDbStore(362)) - SchemaV3 db is stopped at /home/runner/work/ozone/ozone/hadoop-ozone/integration-test/target/test-dir/MiniOzoneClusterImpl-af67ded0-52d4-4e8d-8917-e8c7ba660466/datanode-4/data-0/containers/hdds/af67ded0-52d4-4e8d-8917-e8c7ba660466/DS-d6d94766-98ce-4f48-ae5f-7ca021b16e19/container.db for volume DS-d6d94766-98ce-4f48-ae5f-7ca021b16e19
2023-02-21 13:39:04,186 [Listener at 127.0.0.1/35721] INFO  utils.BackgroundService (BackgroundService.java:shutdown(141)) - Shutting down service BlockDeletingService
2023-02-21 13:39:04,186 [Listener at 127.0.0.1/35721] INFO  utils.BackgroundService (BackgroundService.java:shutdown(141)) - Shutting down service StaleRecoveringContainerScrubbingService
2023-02-21 13:39:04,188 [Listener at 127.0.0.1/35721] INFO  statemachine.DatanodeStateMachine (DatanodeStateMachine.java:stopDaemon(600)) - Ozone container server stopped.
2023-02-21 13:39:04,192 [ForkJoinPool.commonPool-worker-0] INFO  volume.HddsVolume (HddsVolume.java:closeDbStore(362)) - SchemaV3 db is stopped at /home/runner/work/ozone/ozone/hadoop-ozone/integration-test/target/test-dir/MiniOzoneClusterImpl-af67ded0-52d4-4e8d-8917-e8c7ba660466/datanode-0/data-0/containers/hdds/af67ded0-52d4-4e8d-8917-e8c7ba660466/DS-f437ab2f-bc5d-432f-b51a-fa450749a05f/container.db for volume DS-f437ab2f-bc5d-432f-b51a-fa450749a05f
2023-02-21 13:39:04,192 [ForkJoinPool.commonPool-worker-0] INFO  utils.BackgroundService (BackgroundService.java:shutdown(141)) - Shutting down service BlockDeletingService
2023-02-21 13:39:04,192 [ForkJoinPool.commonPool-worker-0] INFO  utils.BackgroundService (BackgroundService.java:shutdown(141)) - Shutting down service StaleRecoveringContainerScrubbingService
2023-02-21 13:39:04,195 [ForkJoinPool.commonPool-worker-0] INFO  statemachine.DatanodeStateMachine (DatanodeStateMachine.java:stopDaemon(600)) - Ozone container server stopped.
2023-02-21 13:39:04,215 [ForkJoinPool.commonPool-worker-0] INFO  handler.ContextHandler (ContextHandler.java:doStop(1159)) - Stopped o.e.j.w.WebAppContext@5b0e558a{hddsDatanode,/,null,STOPPED}{jar:file:/home/runner/.m2/repository/org/apache/ozone/hdds-container-service/1.4.0-SNAPSHOT/hdds-container-service-1.4.0-SNAPSHOT.jar!/webapps/hddsDatanode}
2023-02-21 13:39:04,216 [ForkJoinPool.commonPool-worker-0] INFO  server.AbstractConnector (AbstractConnector.java:doStop(383)) - Stopped ServerConnector@1d5ba943{HTTP/1.1, (http/1.1)}{0.0.0.0:0}
2023-02-21 13:39:04,216 [ForkJoinPool.commonPool-worker-0] INFO  server.session (HouseKeeper.java:stopScavenging(149)) - node0 Stopped scavenging
2023-02-21 13:39:04,217 [ForkJoinPool.commonPool-worker-0] INFO  handler.ContextHandler (ContextHandler.java:doStop(1159)) - Stopped o.e.j.s.ServletContextHandler@16ec0065{static,/static,jar:file:/home/runner/.m2/repository/org/apache/ozone/hdds-container-service/1.4.0-SNAPSHOT/hdds-container-service-1.4.0-SNAPSHOT.jar!/webapps/static,STOPPED}
2023-02-21 13:39:04,217 [ForkJoinPool.commonPool-worker-0] INFO  handler.ContextHandler (ContextHandler.java:doStop(1159)) - Stopped o.e.j.s.ServletContextHandler@74ec23fc{logs,/logs,file:///home/runner/work/ozone/ozone/hadoop-ozone/integration-test/target/log,STOPPED}
2023-02-21 13:39:04,221 [ForkJoinPool.commonPool-worker-0] INFO  ozoneimpl.OzoneContainer (OzoneContainer.java:stop(420)) - Attempting to stop container services.
2023-02-21 13:39:04,223 [ForkJoinPool.commonPool-worker-0] INFO  server.RaftServer (RaftServerProxy.java:lambda$close$6(409)) - a9e05f5c-46cf-4b5a-96e6-bc07cdc5b6c0: close
2023-02-21 13:39:04,223 [ForkJoinPool.commonPool-worker-0] INFO  server.GrpcService (GrpcService.java:closeImpl(271)) - a9e05f5c-46cf-4b5a-96e6-bc07cdc5b6c0: shutdown server GrpcServerProtocolService now
2023-02-21 13:39:04,224 [a9e05f5c-46cf-4b5a-96e6-bc07cdc5b6c0-impl-thread2] INFO  server.RaftServer$Division (RaftServerImpl.java:lambda$close$4(458)) - a9e05f5c-46cf-4b5a-96e6-bc07cdc5b6c0@group-CBB97518E604: shutdown
2023-02-21 13:39:04,224 [a9e05f5c-46cf-4b5a-96e6-bc07cdc5b6c0-impl-thread2] INFO  util.JmxRegister (JmxRegister.java:unregister(73)) - Successfully un-registered JMX Bean with object name Ratis:service=RaftServer,group=group-CBB97518E604,id=a9e05f5c-46cf-4b5a-96e6-bc07cdc5b6c0
2023-02-21 13:39:04,225 [a9e05f5c-46cf-4b5a-96e6-bc07cdc5b6c0-impl-thread2] INFO  impl.RoleInfo (RoleInfo.java:shutdownLeaderState(93)) - a9e05f5c-46cf-4b5a-96e6-bc07cdc5b6c0: shutdown a9e05f5c-46cf-4b5a-96e6-bc07cdc5b6c0@group-CBB97518E604-LeaderStateImpl
2023-02-21 13:39:04,225 [a9e05f5c-46cf-4b5a-96e6-bc07cdc5b6c0-impl-thread2] INFO  impl.PendingRequests (PendingRequests.java:sendNotLeaderResponses(282)) - a9e05f5c-46cf-4b5a-96e6-bc07cdc5b6c0@group-CBB97518E604-PendingRequests: sendNotLeaderResponses
2023-02-21 13:39:04,225 [a9e05f5c-46cf-4b5a-96e6-bc07cdc5b6c0-impl-thread2] INFO  impl.StateMachineUpdater (StateMachineUpdater.java:stopAndJoin(153)) - a9e05f5c-46cf-4b5a-96e6-bc07cdc5b6c0@group-CBB97518E604-StateMachineUpdater: set stopIndex = 0
2023-02-21 13:39:04,225 [ForkJoinPool.commonPool-worker-0] INFO  server.GrpcService (GrpcService.java:closeImpl(280)) - a9e05f5c-46cf-4b5a-96e6-bc07cdc5b6c0: shutdown server GrpcServerProtocolService successfully
2023-02-21 13:39:04,225 [a9e05f5c-46cf-4b5a-96e6-bc07cdc5b6c0@group-CBB97518E604-StateMachineUpdater] INFO  ratis.ContainerStateMachine (ContainerStateMachine.java:takeSnapshot(308)) - group-CBB97518E604: Taking a snapshot at:(t:1, i:0) file /home/runner/work/ozone/ozone/hadoop-ozone/integration-test/target/test-dir/MiniOzoneClusterImpl-af67ded0-52d4-4e8d-8917-e8c7ba660466/datanode-3/data/ratis/080e3f4e-b013-485b-bb76-cbb97518e604/sm/snapshot.1_0
2023-02-21 13:39:04,225 [a9e05f5c-46cf-4b5a-96e6-bc07cdc5b6c0-NettyServerStreamRpc-bossGroup--thread1] INFO  logging.LoggingHandler (AbstractInternalLogger.java:log(148)) - [id: 0x79508ada, L:/0:0:0:0:0:0:0:0:40053] CLOSE
2023-02-21 13:39:04,226 [a9e05f5c-46cf-4b5a-96e6-bc07cdc5b6c0-NettyServerStreamRpc-bossGroup--thread1] INFO  logging.LoggingHandler (AbstractInternalLogger.java:log(148)) - [id: 0x79508ada, L:/0:0:0:0:0:0:0:0:40053] INACTIVE
2023-02-21 13:39:04,226 [a9e05f5c-46cf-4b5a-96e6-bc07cdc5b6c0-NettyServerStreamRpc-bossGroup--thread1] INFO  logging.LoggingHandler (AbstractInternalLogger.java:log(148)) - [id: 0x79508ada, L:/0:0:0:0:0:0:0:0:40053] UNREGISTERED
2023-02-21 13:39:04,228 [a9e05f5c-46cf-4b5a-96e6-bc07cdc5b6c0@group-CBB97518E604-StateMachineUpdater] INFO  ratis.ContainerStateMachine (ContainerStateMachine.java:takeSnapshot(319)) - group-CBB97518E604: Finished taking a snapshot at:(t:1, i:0) file:/home/runner/work/ozone/ozone/hadoop-ozone/integration-test/target/test-dir/MiniOzoneClusterImpl-af67ded0-52d4-4e8d-8917-e8c7ba660466/datanode-3/data/ratis/080e3f4e-b013-485b-bb76-cbb97518e604/sm/snapshot.1_0 took: 3 ms
2023-02-21 13:39:04,228 [a9e05f5c-46cf-4b5a-96e6-bc07cdc5b6c0@group-CBB97518E604-StateMachineUpdater] INFO  impl.StateMachineUpdater (StateMachineUpdater.java:takeSnapshot(287)) - a9e05f5c-46cf-4b5a-96e6-bc07cdc5b6c0@group-CBB97518E604-StateMachineUpdater: Took a snapshot at index 0
2023-02-21 13:39:04,228 [a9e05f5c-46cf-4b5a-96e6-bc07cdc5b6c0@group-CBB97518E604-StateMachineUpdater] INFO  impl.StateMachineUpdater (StateMachineUpdater.java:lambda$new$0(92)) - a9e05f5c-46cf-4b5a-96e6-bc07cdc5b6c0@group-CBB97518E604-StateMachineUpdater: snapshotIndex: updateIncreasingly -1 -> 0
2023-02-21 13:39:04,228 [a9e05f5c-46cf-4b5a-96e6-bc07cdc5b6c0-impl-thread2] INFO  server.RaftServer$Division (ServerState.java:close(466)) - a9e05f5c-46cf-4b5a-96e6-bc07cdc5b6c0@group-CBB97518E604: closes. applyIndex: 0
2023-02-21 13:39:04,238 [a9e05f5c-46cf-4b5a-96e6-bc07cdc5b6c0@group-CBB97518E604-SegmentedRaftLogWorker] INFO  segmented.SegmentedRaftLogWorker (SegmentedRaftLogWorker.java:run(347)) - a9e05f5c-46cf-4b5a-96e6-bc07cdc5b6c0@group-CBB97518E604-SegmentedRaftLogWorker was interrupted, exiting. There are 0 tasks remaining in the queue.
2023-02-21 13:39:04,239 [a9e05f5c-46cf-4b5a-96e6-bc07cdc5b6c0-impl-thread2] INFO  segmented.SegmentedRaftLogWorker (SegmentedRaftLogWorker.java:close(257)) - a9e05f5c-46cf-4b5a-96e6-bc07cdc5b6c0@group-CBB97518E604-SegmentedRaftLogWorker close()
2023-02-21 13:39:04,239 [Listener at 127.0.0.1/35721] INFO  handler.ContextHandler (ContextHandler.java:doStop(1159)) - Stopped o.e.j.w.WebAppContext@2cd3f1c0{hddsDatanode,/,null,STOPPED}{jar:file:/home/runner/.m2/repository/org/apache/ozone/hdds-container-service/1.4.0-SNAPSHOT/hdds-container-service-1.4.0-SNAPSHOT.jar!/webapps/hddsDatanode}
2023-02-21 13:39:04,245 [JvmPauseMonitor4] INFO  util.JvmPauseMonitor (JvmPauseMonitor.java:run(111)) - JvmPauseMonitor-a9e05f5c-46cf-4b5a-96e6-bc07cdc5b6c0: Stopped
2023-02-21 13:39:04,248 [Listener at 127.0.0.1/35721] INFO  server.AbstractConnector (AbstractConnector.java:doStop(383)) - Stopped ServerConnector@37d7dda6{HTTP/1.1, (http/1.1)}{0.0.0.0:0}
2023-02-21 13:39:04,249 [Listener at 127.0.0.1/35721] INFO  server.session (HouseKeeper.java:stopScavenging(149)) - node0 Stopped scavenging
2023-02-21 13:39:04,249 [Listener at 127.0.0.1/35721] INFO  handler.ContextHandler (ContextHandler.java:doStop(1159)) - Stopped o.e.j.s.ServletContextHandler@7c97fff8{static,/static,jar:file:/home/runner/.m2/repository/org/apache/ozone/hdds-container-service/1.4.0-SNAPSHOT/hdds-container-service-1.4.0-SNAPSHOT.jar!/webapps/static,STOPPED}
2023-02-21 13:39:04,249 [Listener at 127.0.0.1/35721] INFO  handler.ContextHandler (ContextHandler.java:doStop(1159)) - Stopped o.e.j.s.ServletContextHandler@7f40fae0{logs,/logs,file:///home/runner/work/ozone/ozone/hadoop-ozone/integration-test/target/log,STOPPED}
2023-02-21 13:39:05,050 [Under Replicated Processor] INFO  replication.UnhealthyReplicationProcessor (UnhealthyReplicationProcessor.java:processAll(112)) - Processed 0 containers with health state counts {},failed processing 0
2023-02-21 13:39:05,061 [Over Replicated Processor] INFO  replication.UnhealthyReplicationProcessor (UnhealthyReplicationProcessor.java:processAll(112)) - Processed 0 containers with health state counts {},failed processing 0
2023-02-21 13:39:06,256 [ForkJoinPool.commonPool-worker-0] INFO  volume.HddsVolume (HddsVolume.java:closeDbStore(362)) - SchemaV3 db is stopped at /home/runner/work/ozone/ozone/hadoop-ozone/integration-test/target/test-dir/MiniOzoneClusterImpl-af67ded0-52d4-4e8d-8917-e8c7ba660466/datanode-3/data-0/containers/hdds/af67ded0-52d4-4e8d-8917-e8c7ba660466/DS-305f2b86-bca8-4d6d-bf5e-04a3aeefe8f7/container.db for volume DS-305f2b86-bca8-4d6d-bf5e-04a3aeefe8f7
2023-02-21 13:39:06,256 [ForkJoinPool.commonPool-worker-0] INFO  utils.BackgroundService (BackgroundService.java:shutdown(141)) - Shutting down service BlockDeletingService
2023-02-21 13:39:06,257 [ForkJoinPool.commonPool-worker-0] INFO  utils.BackgroundService (BackgroundService.java:shutdown(141)) - Shutting down service StaleRecoveringContainerScrubbingService
2023-02-21 13:39:06,259 [ForkJoinPool.commonPool-worker-0] INFO  statemachine.DatanodeStateMachine (DatanodeStateMachine.java:stopDaemon(600)) - Ozone container server stopped.
2023-02-21 13:39:06,274 [ForkJoinPool.commonPool-worker-0] INFO  handler.ContextHandler (ContextHandler.java:doStop(1159)) - Stopped o.e.j.w.WebAppContext@7cd1d235{hddsDatanode,/,null,STOPPED}{jar:file:/home/runner/.m2/repository/org/apache/ozone/hdds-container-service/1.4.0-SNAPSHOT/hdds-container-service-1.4.0-SNAPSHOT.jar!/webapps/hddsDatanode}
2023-02-21 13:39:06,276 [ForkJoinPool.commonPool-worker-0] INFO  server.AbstractConnector (AbstractConnector.java:doStop(383)) - Stopped ServerConnector@465f0b6c{HTTP/1.1, (http/1.1)}{0.0.0.0:0}
2023-02-21 13:39:06,276 [ForkJoinPool.commonPool-worker-0] INFO  server.session (HouseKeeper.java:stopScavenging(149)) - node0 Stopped scavenging
2023-02-21 13:39:06,277 [ForkJoinPool.commonPool-worker-0] INFO  handler.ContextHandler (ContextHandler.java:doStop(1159)) - Stopped o.e.j.s.ServletContextHandler@a35b137{static,/static,jar:file:/home/runner/.m2/repository/org/apache/ozone/hdds-container-service/1.4.0-SNAPSHOT/hdds-container-service-1.4.0-SNAPSHOT.jar!/webapps/static,STOPPED}
2023-02-21 13:39:06,277 [ForkJoinPool.commonPool-worker-0] INFO  handler.ContextHandler (ContextHandler.java:doStop(1159)) - Stopped o.e.j.s.ServletContextHandler@45384c1{logs,/logs,file:///home/runner/work/ozone/ozone/hadoop-ozone/integration-test/target/log,STOPPED}
2023-02-21 13:39:06,279 [Listener at 127.0.0.1/35721] INFO  ozone.MiniOzoneClusterImpl (MiniOzoneClusterImpl.java:stopSCM(539)) - Stopping the StorageContainerManager
2023-02-21 13:39:06,279 [Listener at 127.0.0.1/35721] INFO  server.StorageContainerManager (StorageContainerManager.java:stop(1531)) - Container Balancer is not running.
2023-02-21 13:39:06,279 [Listener at 127.0.0.1/35721] INFO  server.StorageContainerManager (StorageContainerManager.java:stop(1538)) - Stopping Replication Manager Service.
2023-02-21 13:39:06,279 [Listener at 127.0.0.1/35721] INFO  replication.ReplicationManager (ReplicationManager.java:stop(299)) - Stopping Replication Monitor Thread.
2023-02-21 13:39:06,279 [Listener at 127.0.0.1/35721] INFO  server.StorageContainerManager (StorageContainerManager.java:stop(1545)) - Stopping the Datanode Admin Monitor.
2023-02-21 13:39:06,279 [Under Replicated Processor] WARN  replication.UnhealthyReplicationProcessor (UnhealthyReplicationProcessor.java:run(149)) - Under Replicated Processor interrupted. Exiting...
2023-02-21 13:39:06,279 [Listener at 127.0.0.1/35721] INFO  server.StorageContainerManager (StorageContainerManager.java:stop(1552)) - Stopping datanode service RPC server
2023-02-21 13:39:06,279 [Listener at 127.0.0.1/35721] INFO  server.SCMDatanodeProtocolServer (SCMDatanodeProtocolServer.java:stop(424)) - Stopping the RPC server for DataNodes
2023-02-21 13:39:06,280 [Listener at 127.0.0.1/35721] INFO  ipc.Server (Server.java:stop(3428)) - Stopping server on 44027
2023-02-21 13:39:06,280 [Over Replicated Processor] WARN  replication.UnhealthyReplicationProcessor (UnhealthyReplicationProcessor.java:run(149)) - Over Replicated Processor interrupted. Exiting...
2023-02-21 13:39:06,280 [ReplicationMonitor] INFO  replication.ReplicationManager (ReplicationManager.java:run(745)) - Replication Monitor Thread is stopped
2023-02-21 13:39:06,281 [IPC Server Responder] INFO  ipc.Server (Server.java:run(1517)) - Stopping IPC Server Responder
2023-02-21 13:39:06,281 [IPC Server listener on 0] INFO  ipc.Server (Server.java:run(1384)) - Stopping IPC Server listener on 0
2023-02-21 13:39:06,297 [SCM Heartbeat Processing Thread - 0] WARN  node.NodeStateManager (NodeStateManager.java:scheduleNextHealthCheck(870)) - Current Thread is interrupted, shutting down HB processing thread for Node Manager.
2023-02-21 13:39:06,297 [Listener at 127.0.0.1/35721] INFO  server.StorageContainerManager (StorageContainerManager.java:stop(1560)) - Stopping block service RPC server
2023-02-21 13:39:06,298 [Listener at 127.0.0.1/35721] INFO  server.SCMBlockProtocolServer (SCMBlockProtocolServer.java:stop(161)) - Stopping the RPC server for Block Protocol
2023-02-21 13:39:06,298 [Listener at 127.0.0.1/35721] INFO  ipc.Server (Server.java:stop(3428)) - Stopping server on 36255
2023-02-21 13:39:06,302 [IPC Server Responder] INFO  ipc.Server (Server.java:run(1517)) - Stopping IPC Server Responder
2023-02-21 13:39:06,302 [Listener at 127.0.0.1/35721] INFO  server.StorageContainerManager (StorageContainerManager.java:stop(1567)) - Stopping the StorageContainerLocationProtocol RPC server
2023-02-21 13:39:06,302 [Listener at 127.0.0.1/35721] INFO  server.SCMClientProtocolServer (SCMClientProtocolServer.java:stop(185)) - Stopping the RPC server for Client Protocol
2023-02-21 13:39:06,303 [Listener at 127.0.0.1/35721] INFO  ipc.Server (Server.java:stop(3428)) - Stopping server on 37649
2023-02-21 13:39:06,303 [IPC Server listener on 0] INFO  ipc.Server (Server.java:run(1384)) - Stopping IPC Server listener on 0
2023-02-21 13:39:06,304 [IPC Server listener on 0] INFO  ipc.Server (Server.java:run(1384)) - Stopping IPC Server listener on 0
2023-02-21 13:39:06,305 [IPC Server Responder] INFO  ipc.Server (Server.java:run(1517)) - Stopping IPC Server Responder
2023-02-21 13:39:06,305 [Listener at 127.0.0.1/35721] INFO  server.StorageContainerManager (StorageContainerManager.java:stop(1574)) - Stopping Storage Container Manager HTTP server.
2023-02-21 13:39:06,306 [Listener at 127.0.0.1/35721] INFO  handler.ContextHandler (ContextHandler.java:doStop(1159)) - Stopped o.e.j.w.WebAppContext@15ade272{scm,/,null,STOPPED}{file:/home/runner/work/ozone/ozone/hadoop-ozone/integration-test/target/test-classes/webapps/scm}
2023-02-21 13:39:06,307 [Listener at 127.0.0.1/35721] INFO  server.AbstractConnector (AbstractConnector.java:doStop(383)) - Stopped ServerConnector@8b71052{HTTP/1.1, (http/1.1)}{0.0.0.0:0}
2023-02-21 13:39:06,307 [Listener at 127.0.0.1/35721] INFO  server.session (HouseKeeper.java:stopScavenging(149)) - node0 Stopped scavenging
2023-02-21 13:39:06,307 [Listener at 127.0.0.1/35721] INFO  handler.ContextHandler (ContextHandler.java:doStop(1159)) - Stopped o.e.j.s.ServletContextHandler@294b045b{static,/static,file:///home/runner/work/ozone/ozone/hadoop-ozone/integration-test/target/test-classes/webapps/static,STOPPED}
2023-02-21 13:39:06,307 [Listener at 127.0.0.1/35721] INFO  handler.ContextHandler (ContextHandler.java:doStop(1159)) - Stopped o.e.j.s.ServletContextHandler@20dc763b{logs,/logs,file:///home/runner/work/ozone/ozone/hadoop-ozone/integration-test/target/log,STOPPED}
2023-02-21 13:39:06,308 [Listener at 127.0.0.1/35721] INFO  server.StorageContainerManager (StorageContainerManager.java:stop(1580)) - Stopping SCM LayoutVersionManager Service.
2023-02-21 13:39:06,309 [Listener at 127.0.0.1/35721] INFO  server.StorageContainerManager (StorageContainerManager.java:stop(1588)) - Stopping Block Manager Service.
2023-02-21 13:39:06,309 [Listener at 127.0.0.1/35721] INFO  utils.BackgroundService (BackgroundService.java:shutdown(141)) - Shutting down service SCMBlockDeletingService
2023-02-21 13:39:06,309 [Listener at 127.0.0.1/35721] INFO  utils.BackgroundService (BackgroundService.java:shutdown(141)) - Shutting down service SCMBlockDeletingService
2023-02-21 13:39:06,309 [Listener at 127.0.0.1/35721] INFO  server.StorageContainerManager (StorageContainerManager.java:stop(1610)) - Stopping SCM Event Queue.
2023-02-21 13:39:06,312 [Listener at 127.0.0.1/35721] INFO  server.StorageContainerManager (StorageContainerManager.java:stop(1621)) - Stopping SCM HA services.
2023-02-21 13:39:06,313 [Listener at 127.0.0.1/35721] INFO  pipeline.BackgroundPipelineCreator (BackgroundPipelineCreator.java:stop(149)) - Stopping RatisPipelineUtilsThread.
2023-02-21 13:39:06,313 [RatisPipelineUtilsThread - 0] WARN  pipeline.BackgroundPipelineCreator (BackgroundPipelineCreator.java:run(180)) - RatisPipelineUtilsThread is interrupted.
2023-02-21 13:39:06,313 [BackgroundPipelineScrubberThread] WARN  BackgroundPipelineScrubber (BackgroundSCMService.java:run(115)) - BackgroundPipelineScrubber is interrupted, exit
2023-02-21 13:39:06,313 [Listener at 127.0.0.1/35721] INFO  BackgroundPipelineScrubber (BackgroundSCMService.java:stop(131)) - Stopping BackgroundPipelineScrubber Service.
2023-02-21 13:39:06,314 [Listener at 127.0.0.1/35721] INFO  impl.MetricsSystemImpl (MetricsSystemImpl.java:stop(210)) - Stopping XceiverClientMetrics metrics system...
2023-02-21 13:39:06,321 [prometheus] INFO  impl.MetricsSinkAdapter (MetricsSinkAdapter.java:publishMetricsFromQueue(141)) - prometheus thread interrupted.
2023-02-21 13:39:06,321 [Listener at 127.0.0.1/35721] INFO  impl.MetricsSystemImpl (MetricsSystemImpl.java:stop(216)) - XceiverClientMetrics metrics system stopped.
2023-02-21 13:39:06,322 [Listener at 127.0.0.1/35721] WARN  pipeline.BackgroundPipelineCreator (BackgroundPipelineCreator.java:stop(145)) - RatisPipelineUtilsThread is not running, just ignore.
2023-02-21 13:39:06,322 [Listener at 127.0.0.1/35721] INFO  BackgroundPipelineScrubber (BackgroundSCMService.java:stop(126)) - BackgroundPipelineScrubber Service is not running, skip stop.
2023-02-21 13:39:06,322 [ExpiredContainerReplicaOpScrubberThread] WARN  ExpiredContainerReplicaOpScrubber (BackgroundSCMService.java:run(115)) - ExpiredContainerReplicaOpScrubber is interrupted, exit
2023-02-21 13:39:06,322 [Listener at 127.0.0.1/35721] INFO  ExpiredContainerReplicaOpScrubber (BackgroundSCMService.java:stop(131)) - Stopping ExpiredContainerReplicaOpScrubber Service.
2023-02-21 13:39:06,322 [Listener at 127.0.0.1/35721] INFO  utils.BackgroundService (BackgroundService.java:shutdown(141)) - Shutting down service SCMBlockDeletingService
2023-02-21 13:39:06,322 [Listener at 127.0.0.1/35721] INFO  replication.ReplicationManager (ReplicationManager.java:stop(309)) - Replication Monitor Thread is not running.
2023-02-21 13:39:06,323 [Listener at 127.0.0.1/35721] WARN  balancer.ContainerBalancer (ContainerBalancer.java:stop(322)) - Cannot stop Container Balancer because it's not running or stopping
2023-02-21 13:39:06,323 [Listener at 127.0.0.1/35721] INFO  server.StorageContainerManager (StorageContainerManager.java:stop(1639)) - Stopping SCM MetadataStore.
2023-02-21 13:39:06,408 [Listener at 127.0.0.1/35721] WARN  server.ServerUtils (ServerUtils.java:getScmDbDir(148)) - ozone.scm.db.dirs is not configured. We recommend adding this setting. Falling back to ozone.metadata.dirs instead.
2023-02-21 13:39:06,411 [Listener at 127.0.0.1/35721] WARN  server.ServerUtils (ServerUtils.java:getScmDbDir(148)) - ozone.scm.db.dirs is not configured. We recommend adding this setting. Falling back to ozone.metadata.dirs instead.
2023-02-21 13:39:06,411 [Listener at 127.0.0.1/35721] INFO  ha.SCMHANodeDetails (SCMHANodeDetails.java:loadSCMHAConfig(209)) - ServiceID for StorageContainerManager is null
2023-02-21 13:39:06,411 [Listener at 127.0.0.1/35721] INFO  ha.SCMHANodeDetails (SCMHANodeDetails.java:loadSCMHAConfig(214)) - ozone.scm.default.service.id is not defined, falling back to ozone.scm.service.ids to find serviceID for StorageContainerManager if it is HA enabled cluster
2023-02-21 13:39:06,412 [Listener at 127.0.0.1/35721] WARN  utils.HAUtils (HAUtils.java:getMetaDir(342)) - ozone.scm.db.dirs is not configured. We recommend adding this setting. Falling back to ozone.metadata.dirs instead.
2023-02-21 13:39:06,412 [Listener at 127.0.0.1/35721] WARN  db.DBStoreBuilder (DBStoreBuilder.java:applyDBDefinition(172)) - ozone.scm.db.dirs is not configured. We recommend adding this setting. Falling back to ozone.metadata.dirs instead.
2023-02-21 13:39:06,539 [Listener at 127.0.0.1/35721] INFO  net.NodeSchemaLoader (NodeSchemaLoader.java:loadSchemaFromFile(129)) - Loading schema from [jar:file:/home/runner/.m2/repository/org/apache/ozone/hdds-common/1.4.0-SNAPSHOT/hdds-common-1.4.0-SNAPSHOT.jar!/network-topology-default.xml]
2023-02-21 13:39:06,539 [Listener at 127.0.0.1/35721] INFO  net.NodeSchemaLoader (NodeSchemaLoader.java:loadSchema(176)) - Loading network topology layer schema file
2023-02-21 13:39:06,543 [Listener at 127.0.0.1/35721] INFO  upgrade.AbstractLayoutVersionManager (AbstractLayoutVersionManager.java:init(83)) - Initializing Layout version manager with metadata layout = DATANODE_SCHEMA_V3 (version = 4), software layout = DATANODE_SCHEMA_V3 (version = 4)
2023-02-21 13:39:06,602 [Listener at 127.0.0.1/35721] INFO  reflections.Reflections (Reflections.java:scan(232)) - Reflections took 53 ms to scan 7 urls, producing 150 keys and 362 values 
2023-02-21 13:39:06,604 [Listener at 127.0.0.1/35721] INFO  ha.SequenceIdGenerator (SequenceIdGenerator.java:upgradeToSequenceId(349)) - upgrade localId to 111677748019200000
2023-02-21 13:39:06,605 [Listener at 127.0.0.1/35721] INFO  ha.SequenceIdGenerator (SequenceIdGenerator.java:upgradeToSequenceId(359)) - upgrade delTxnId to 0
2023-02-21 13:39:06,605 [Listener at 127.0.0.1/35721] INFO  ha.SequenceIdGenerator (SequenceIdGenerator.java:upgradeToSequenceId(376)) - upgrade containerId to 0
2023-02-21 13:39:06,605 [Listener at 127.0.0.1/35721] INFO  ha.SequenceIdGenerator (SequenceIdGenerator.java:<init>(220)) - Init the HA SequenceIdGenerator.
2023-02-21 13:39:06,605 [Listener at 127.0.0.1/35721] WARN  server.ServerUtils (ServerUtils.java:sanitizeUserArgs(73)) - ozone.scm.stale.node.interval value = 300000 is larger than max = 100000 based on the key value of ozone.scm.heartbeat.thread.interval, reset to the max value 100000.
2023-02-21 13:39:06,606 [Listener at 127.0.0.1/35721] WARN  server.ServerUtils (ServerUtils.java:sanitizeUserArgs(73)) - ozone.scm.stale.node.interval value = 300000 is larger than max = 100000 based on the key value of ozone.scm.heartbeat.thread.interval, reset to the max value 100000.
2023-02-21 13:39:06,606 [Listener at 127.0.0.1/35721] INFO  node.SCMNodeManager (SCMNodeManager.java:<init>(149)) - Entering startup safe mode.
2023-02-21 13:39:06,607 [Listener at 127.0.0.1/35721] INFO  algorithms.ContainerPlacementPolicyFactory (ContainerPlacementPolicyFactory.java:getPolicyInternal(86)) - Create container placement policy of type org.apache.hadoop.hdds.scm.container.placement.algorithms.SCMContainerPlacementRandom
2023-02-21 13:39:06,607 [Listener at 127.0.0.1/35721] INFO  algorithms.ContainerPlacementPolicyFactory (ContainerPlacementPolicyFactory.java:getPolicyInternal(86)) - Create container placement policy of type org.apache.hadoop.hdds.scm.container.placement.algorithms.SCMContainerPlacementRackScatter
2023-02-21 13:39:06,607 [Listener at 127.0.0.1/35721] INFO  pipeline.PipelineStateManagerImpl (PipelineStateManagerImpl.java:initialize(78)) - No pipeline exists in current db
2023-02-21 13:39:06,607 [Listener at 127.0.0.1/35721] INFO  algorithms.LeaderChoosePolicyFactory (LeaderChoosePolicyFactory.java:getPolicy(57)) - Create leader choose policy of type org.apache.hadoop.hdds.scm.pipeline.leader.choose.algorithms.MinLeaderCountChoosePolicy
2023-02-21 13:39:06,607 [Listener at 127.0.0.1/35721] INFO  algorithms.ContainerPlacementPolicyFactory (ContainerPlacementPolicyFactory.java:getPolicyInternal(86)) - Create container placement policy of type org.apache.hadoop.hdds.scm.container.placement.algorithms.SCMContainerPlacementRackScatter
2023-02-21 13:39:06,608 [Listener at 127.0.0.1/35721] INFO  ha.SCMServiceManager (SCMServiceManager.java:register(42)) - Registering service BackgroundPipelineCreator.
2023-02-21 13:39:06,608 [Listener at 127.0.0.1/35721] INFO  pipeline.BackgroundPipelineCreator (BackgroundPipelineCreator.java:start(124)) - Starting RatisPipelineUtilsThread.
2023-02-21 13:39:06,610 [Listener at 127.0.0.1/35721] INFO  BackgroundPipelineScrubber (BackgroundSCMService.java:start(68)) - Starting BackgroundPipelineScrubber Service.
2023-02-21 13:39:06,618 [Listener at 127.0.0.1/35721] INFO  ha.SCMServiceManager (SCMServiceManager.java:register(42)) - Registering service BackgroundPipelineScrubber.
2023-02-21 13:39:06,618 [Listener at 127.0.0.1/35721] INFO  ExpiredContainerReplicaOpScrubber (BackgroundSCMService.java:start(68)) - Starting ExpiredContainerReplicaOpScrubber Service.
2023-02-21 13:39:06,619 [Listener at 127.0.0.1/35721] INFO  ha.SCMServiceManager (SCMServiceManager.java:register(42)) - Registering service ExpiredContainerReplicaOpScrubber.
2023-02-21 13:39:06,620 [Listener at 127.0.0.1/35721] INFO  algorithms.PipelineChoosePolicyFactory (PipelineChoosePolicyFactory.java:createPipelineChoosePolicyFromClass(73)) - Create pipeline choose policy of type org.apache.hadoop.hdds.scm.pipeline.choose.algorithms.RandomPipelineChoosePolicy
2023-02-21 13:39:06,621 [Listener at 127.0.0.1/35721] INFO  ha.SCMServiceManager (SCMServiceManager.java:register(42)) - Registering service SCMBlockDeletingService.
2023-02-21 13:39:06,621 [Listener at 127.0.0.1/35721] INFO  replication.ReplicationManager (ReplicationManager.java:start(266)) - Starting Replication Monitor Thread.
2023-02-21 13:39:06,624 [Listener at 127.0.0.1/35721] INFO  ha.SCMServiceManager (SCMServiceManager.java:register(42)) - Registering service ReplicationManager.
2023-02-21 13:39:06,624 [Listener at 127.0.0.1/35721] INFO  safemode.ContainerSafeModeRule (ContainerSafeModeRule.java:<init>(89)) - containers with one replica threshold count 0
2023-02-21 13:39:06,624 [Listener at 127.0.0.1/35721] INFO  safemode.HealthyPipelineSafeModeRule (HealthyPipelineSafeModeRule.java:initializeRule(169)) - Total pipeline count is 0, healthy pipeline threshold count is 1
2023-02-21 13:39:06,625 [Listener at 127.0.0.1/35721] INFO  safemode.OneReplicaPipelineSafeModeRule (OneReplicaPipelineSafeModeRule.java:initializeRule(180)) - Total pipeline count is 0, pipeline's with at least one datanode reported threshold count is 0
2023-02-21 13:39:06,629 [Listener at 127.0.0.1/35721] INFO  ipc.CallQueueManager (CallQueueManager.java:<init>(90)) - Using callQueue: class java.util.concurrent.LinkedBlockingQueue, queueCapacity: 2000, scheduler: class org.apache.hadoop.ipc.DefaultRpcScheduler, ipcBackoff: false.
2023-02-21 13:39:06,630 [Socket Reader #1 for port 0] INFO  ipc.Server (Server.java:run(1273)) - Starting Socket Reader #1 for port 0
2023-02-21 13:39:06,630 [Listener at 0.0.0.0/37581] INFO  ipc.CallQueueManager (CallQueueManager.java:<init>(90)) - Using callQueue: class java.util.concurrent.LinkedBlockingQueue, queueCapacity: 2000, scheduler: class org.apache.hadoop.ipc.DefaultRpcScheduler, ipcBackoff: false.
2023-02-21 13:39:06,631 [Socket Reader #1 for port 0] INFO  ipc.Server (Server.java:run(1273)) - Starting Socket Reader #1 for port 0
2023-02-21 13:39:06,632 [Listener at 0.0.0.0/33483] INFO  ipc.CallQueueManager (CallQueueManager.java:<init>(90)) - Using callQueue: class java.util.concurrent.LinkedBlockingQueue, queueCapacity: 2000, scheduler: class org.apache.hadoop.ipc.DefaultRpcScheduler, ipcBackoff: false.
2023-02-21 13:39:06,632 [Socket Reader #1 for port 0] INFO  ipc.Server (Server.java:run(1273)) - Starting Socket Reader #1 for port 0
2023-02-21 13:39:06,639 [Listener at 0.0.0.0/40007] INFO  ha.SCMServiceManager (SCMServiceManager.java:register(42)) - Registering service ContainerBalancer.
2023-02-21 13:39:06,640 [Listener at 0.0.0.0/40007] INFO  server.StorageContainerManager (StorageContainerManager.java:<init>(402)) - 
Container Balancer status:
Key                            Value
Running                        true
Container Balancer Configuration values:
Key                                                Value
Threshold                                          10
Max Datanodes to Involve per Iteration(percent)    20
Max Size to Move per Iteration                     500GB
Max Size Entering Target per Iteration             26GB
Max Size Leaving Source per Iteration              26GB

2023-02-21 13:39:06,640 [Listener at 0.0.0.0/40007] INFO  ha.SCMContext (SCMContext.java:updateSafeModeStatus(228)) - Update SafeModeStatus from SafeModeStatus{safeModeStatus=true, preCheckPassed=false} to SafeModeStatus{safeModeStatus=true, preCheckPassed=false}.
2023-02-21 13:39:06,640 [Listener at 0.0.0.0/40007] INFO  server.StorageContainerManager (StorageContainerManager.java:start(1436)) - StorageContainerLocationProtocol RPC server is listening at /0.0.0.0:40007
2023-02-21 13:39:06,642 [Listener at 0.0.0.0/40007] WARN  impl.MetricsConfig (MetricsConfig.java:loadFirst(136)) - Cannot locate configuration: tried hadoop-metrics2-storagecontainermanager.properties,hadoop-metrics2.properties
2023-02-21 13:39:06,647 [ReplicationMonitor] INFO  replication.ReplicationManager (ReplicationManager.java:processAll(341)) - Replication Manager is not ready to run until 3000ms after safemode exit
2023-02-21 13:39:06,647 [Listener at 0.0.0.0/40007] INFO  impl.MetricsSystemImpl (MetricsSystemImpl.java:startTimer(378)) - Scheduled Metric snapshot period at 10 second(s).
2023-02-21 13:39:06,652 [Listener at 0.0.0.0/40007] INFO  impl.MetricsSystemImpl (MetricsSystemImpl.java:start(191)) - StorageContainerManager metrics system started
2023-02-21 13:39:06,681 [Listener at 0.0.0.0/40007] INFO  impl.MetricsSinkAdapter (MetricsSinkAdapter.java:start(204)) - Sink prometheus started
2023-02-21 13:39:06,686 [Listener at 0.0.0.0/40007] INFO  impl.MetricsSystemImpl (MetricsSystemImpl.java:registerSink(305)) - Registered sink prometheus
2023-02-21 13:39:06,698 [Listener at 0.0.0.0/40007] INFO  server.SCMClientProtocolServer (SCMClientProtocolServer.java:start(176)) - RPC server for Client  is listening at /0.0.0.0:40007
2023-02-21 13:39:06,698 [IPC Server Responder] INFO  ipc.Server (Server.java:run(1512)) - IPC Server Responder: starting
2023-02-21 13:39:06,702 [IPC Server listener on 0] INFO  ipc.Server (Server.java:run(1352)) - IPC Server listener on 0: starting
2023-02-21 13:39:06,717 [Listener at 0.0.0.0/40007] INFO  server.StorageContainerManager (StorageContainerManager.java:start(1450)) - ScmBlockLocationProtocol RPC server is listening at /0.0.0.0:33483
2023-02-21 13:39:06,717 [Listener at 0.0.0.0/40007] INFO  server.SCMBlockProtocolServer (SCMBlockProtocolServer.java:start(152)) - RPC server for Block Protocol is listening at /0.0.0.0:33483
2023-02-21 13:39:06,717 [IPC Server Responder] INFO  ipc.Server (Server.java:run(1512)) - IPC Server Responder: starting
2023-02-21 13:39:06,717 [IPC Server listener on 0] INFO  ipc.Server (Server.java:run(1352)) - IPC Server listener on 0: starting
2023-02-21 13:39:06,720 [Listener at 0.0.0.0/40007] INFO  server.SCMDatanodeProtocolServer (SCMDatanodeProtocolServer.java:start(193)) - ScmDatanodeProtocol RPC server for DataNodes is listening at /0.0.0.0:37581
2023-02-21 13:39:06,720 [IPC Server Responder] INFO  ipc.Server (Server.java:run(1512)) - IPC Server Responder: starting
2023-02-21 13:39:06,720 [IPC Server listener on 0] INFO  ipc.Server (Server.java:run(1352)) - IPC Server listener on 0: starting
2023-02-21 13:39:06,723 [org.apache.hadoop.util.JvmPauseMonitor$Monitor@2ae26a5e] INFO  util.JvmPauseMonitor (JvmPauseMonitor.java:run(188)) - Starting JVM pause monitor
2023-02-21 13:39:06,724 [Listener at 0.0.0.0/40007] INFO  http.BaseHttpServer (BaseHttpServer.java:newHttpServer2BuilderForOzone(213)) - Starting Web-server for scm at: http://0.0.0.0:0
2023-02-21 13:39:06,725 [Listener at 0.0.0.0/40007] INFO  http.BaseHttpServer (BaseHttpServer.java:<init>(108)) - Hadoop Security Enabled: false Ozone Security Enabled: false Ozone HTTP Security Enabled: false 
2023-02-21 13:39:06,726 [Listener at 0.0.0.0/40007] WARN  server.AuthenticationFilter (AuthenticationFilter.java:constructSecretProvider(240)) - Unable to initialize FileSignerSecretProvider, falling back to use random secrets. Reason: Could not read signature secret file: /home/runner/hadoop-http-auth-signature-secret
2023-02-21 13:39:06,727 [Listener at 0.0.0.0/40007] WARN  http.HttpRequestLog (HttpRequestLog.java:getRequestLog(103)) - Jetty request log can only be enabled using Log4j
2023-02-21 13:39:06,729 [Listener at 0.0.0.0/40007] INFO  http.HttpServer2 (HttpServer2.java:addGlobalFilter(1031)) - Added global filter 'safety' (class=org.apache.hadoop.hdds.server.http.HttpServer2$QuotingInputFilter)
2023-02-21 13:39:06,731 [Listener at 0.0.0.0/40007] INFO  http.HttpServer2 (HttpServer2.java:addFilter(1007)) - Added filter static_user_filter (class=org.apache.hadoop.http.lib.StaticUserWebFilter$StaticUserFilter) to context scm
2023-02-21 13:39:06,731 [Listener at 0.0.0.0/40007] INFO  http.HttpServer2 (HttpServer2.java:addFilter(1015)) - Added filter static_user_filter (class=org.apache.hadoop.http.lib.StaticUserWebFilter$StaticUserFilter) to context static
2023-02-21 13:39:06,731 [Listener at 0.0.0.0/40007] INFO  http.HttpServer2 (HttpServer2.java:addFilter(1015)) - Added filter static_user_filter (class=org.apache.hadoop.http.lib.StaticUserWebFilter$StaticUserFilter) to context logs
2023-02-21 13:39:06,737 [Listener at 0.0.0.0/40007] INFO  http.HttpServer2 (HttpServer2.java:bindListener(1250)) - Jetty bound to port 38837
2023-02-21 13:39:06,737 [Listener at 0.0.0.0/40007] INFO  server.Server (Server.java:doStart(375)) - jetty-9.4.49.v20220914; built: 2022-09-14T01:07:36.601Z; git: 4231a3b2e4cb8548a412a789936d640a97b1aa0a; jvm 1.8.0_362-b09
2023-02-21 13:39:06,740 [Listener at 0.0.0.0/40007] INFO  server.session (DefaultSessionIdManager.java:doStart(334)) - DefaultSessionIdManager workerName=node0
2023-02-21 13:39:06,740 [Listener at 0.0.0.0/40007] INFO  server.session (DefaultSessionIdManager.java:doStart(339)) - No SessionScavenger set, using defaults
2023-02-21 13:39:06,741 [Listener at 0.0.0.0/40007] INFO  server.session (HouseKeeper.java:startScavenging(132)) - node0 Scavenging every 600000ms
2023-02-21 13:39:06,742 [Listener at 0.0.0.0/40007] INFO  handler.ContextHandler (ContextHandler.java:doStart(921)) - Started o.e.j.s.ServletContextHandler@1f0f5174{logs,/logs,file:///home/runner/work/ozone/ozone/hadoop-ozone/integration-test/target/log,AVAILABLE}
2023-02-21 13:39:06,743 [Listener at 0.0.0.0/40007] INFO  handler.ContextHandler (ContextHandler.java:doStart(921)) - Started o.e.j.s.ServletContextHandler@7e33f1f9{static,/static,file:///home/runner/work/ozone/ozone/hadoop-ozone/integration-test/target/test-classes/webapps/static,AVAILABLE}
2023-02-21 13:39:06,751 [Listener at 0.0.0.0/40007] INFO  handler.ContextHandler (ContextHandler.java:doStart(921)) - Started o.e.j.w.WebAppContext@19fb7097{scm,/,file:///home/runner/work/ozone/ozone/hadoop-ozone/integration-test/target/test-classes/webapps/scm/,AVAILABLE}{file:/home/runner/work/ozone/ozone/hadoop-ozone/integration-test/target/test-classes/webapps/scm}
2023-02-21 13:39:06,753 [Listener at 0.0.0.0/40007] INFO  server.AbstractConnector (AbstractConnector.java:doStart(333)) - Started ServerConnector@7cb84ed8{HTTP/1.1, (http/1.1)}{0.0.0.0:38837}
2023-02-21 13:39:06,753 [Listener at 0.0.0.0/40007] INFO  server.Server (Server.java:doStart(415)) - Started @95468ms
2023-02-21 13:39:06,753 [Listener at 0.0.0.0/40007] WARN  impl.MetricsSystemImpl (MetricsSystemImpl.java:register(279)) - Sink prometheus already exists!
2023-02-21 13:39:06,754 [Listener at 0.0.0.0/40007] INFO  http.BaseHttpServer (BaseHttpServer.java:updateConnectorAddress(333)) - HTTP server of scm listening at http://0.0.0.0:38837
2023-02-21 13:39:06,755 [Listener at 0.0.0.0/40007] WARN  server.ServerUtils (ServerUtils.java:getDBPath(225)) - ozone.om.db.dirs is not configured. We recommend adding this setting. Falling back to ozone.metadata.dirs instead.
2023-02-21 13:39:06,757 [Listener at 0.0.0.0/40007] INFO  ha.OMHANodeDetails (OMHANodeDetails.java:loadOMHAConfig(115)) - ozone.om.internal.service.id is not defined, falling back to ozone.om.service.ids to find serviceID for OzoneManager if it is HA enabled cluster
2023-02-21 13:39:06,757 [Listener at 0.0.0.0/40007] INFO  ha.OMHANodeDetails (OMHANodeDetails.java:loadOMHAConfig(226)) - Configuration does not have ozone.om.address set. Falling back to the default OM address /127.0.0.1:0
2023-02-21 13:39:06,758 [Listener at 0.0.0.0/40007] INFO  ha.OMHANodeDetails (OMHANodeDetails.java:getOMNodeDetailsForNonHA(254)) - OM Service ID is not set. Setting it to the default ID: omServiceIdDefault
2023-02-21 13:39:06,758 [Listener at 0.0.0.0/40007] INFO  ha.OMHANodeDetails (OMHANodeDetails.java:getOMNodeDetailsForNonHA(261)) - OM Node ID is not set. Setting it to the default ID: om1
2023-02-21 13:39:06,758 [Listener at 0.0.0.0/40007] WARN  server.ServerUtils (ServerUtils.java:getDBPath(225)) - ozone.om.db.dirs is not configured. We recommend adding this setting. Falling back to ozone.metadata.dirs instead.
2023-02-21 13:39:06,760 [Listener at 0.0.0.0/40007] INFO  upgrade.AbstractLayoutVersionManager (AbstractLayoutVersionManager.java:init(83)) - Initializing Layout version manager with metadata layout = MULTITENANCY_SCHEMA (version = 3), software layout = MULTITENANCY_SCHEMA (version = 3)
2023-02-21 13:39:06,857 [Listener at 0.0.0.0/40007] INFO  reflections.Reflections (Reflections.java:scan(232)) - Reflections took 95 ms to scan 2 urls, producing 166 keys and 457 values [using 2 cores]
2023-02-21 13:39:06,857 [Listener at 0.0.0.0/40007] INFO  upgrade.OMLayoutVersionManager (OMLayoutVersionManager.java:lambda$0(115)) - Skipping Upgrade Action MockOmUpgradeAction since it has been finalized.
2023-02-21 13:39:06,857 [Listener at 0.0.0.0/40007] WARN  server.ServerUtils (ServerUtils.java:getDBPath(225)) - ozone.om.db.dirs is not configured. We recommend adding this setting. Falling back to ozone.metadata.dirs instead.
2023-02-21 13:39:06,858 [Listener at 0.0.0.0/40007] INFO  proxy.SCMBlockLocationFailoverProxyProvider (SCMBlockLocationFailoverProxyProvider.java:<init>(114)) - Created block location fail-over proxy with 1 nodes: [nodeId=scmNodeId,nodeAddress=/0.0.0.0:33483]
2023-02-21 13:39:06,860 [Listener at 0.0.0.0/40007] INFO  proxy.SCMBlockLocationFailoverProxyProvider (SCMBlockLocationFailoverProxyProvider.java:<init>(114)) - Created block location fail-over proxy with 1 nodes: [nodeId=scmNodeId,nodeAddress=/0.0.0.0:33483]
2023-02-21 13:39:06,866 [Listener at 0.0.0.0/40007] INFO  om.OzoneManager (OzoneManager.java:<init>(615)) - OM start with adminUsers: [runner]
2023-02-21 13:39:06,867 [Listener at 0.0.0.0/40007] WARN  server.ServerUtils (ServerUtils.java:getDBPath(225)) - ozone.om.db.dirs is not configured. We recommend adding this setting. Falling back to ozone.metadata.dirs instead.
2023-02-21 13:39:06,868 [Listener at 0.0.0.0/40007] INFO  codec.OmKeyInfoCodec (OmKeyInfoCodec.java:<init>(49)) - OmKeyInfoCodec ignorePipeline = true
2023-02-21 13:39:06,868 [Listener at 0.0.0.0/40007] INFO  codec.RepeatedOmKeyInfoCodec (RepeatedOmKeyInfoCodec.java:<init>(41)) - RepeatedOmKeyInfoCodec ignorePipeline = true
2023-02-21 13:39:07,077 [Listener at 0.0.0.0/40007] INFO  om.OzoneManager (OzoneManager.java:instantiateServices(745)) - S3 Multi-Tenancy is disabled
2023-02-21 13:39:07,086 [Listener at 0.0.0.0/40007] WARN  server.ServerUtils (ServerUtils.java:getDBPath(225)) - ozone.om.snapshot.diff.db.dir is not configured. We recommend adding this setting. Falling back to ozone.metadata.dirs instead.
2023-02-21 13:39:07,118 [Listener at 0.0.0.0/40007] INFO  om.OzoneManager (OzoneManager.java:addS3GVolumeToDB(4177)) - Created Volume s3v With Owner runner required for S3Gateway operations.
2023-02-21 13:39:07,118 [Listener at 0.0.0.0/40007] INFO  om.OzoneManager (OzoneManager.java:getRpcServer(1128)) - Creating RPC Server
2023-02-21 13:39:07,654 [Listener at 0.0.0.0/40007] INFO  reflections.Reflections (Reflections.java:scan(232)) - Reflections took 532 ms to scan 19 urls, producing 69 keys and 4830 values [using 2 cores]
2023-02-21 13:39:07,656 [Listener at 0.0.0.0/40007] INFO  ipc.CallQueueManager (CallQueueManager.java:<init>(90)) - Using callQueue: class java.util.concurrent.LinkedBlockingQueue, queueCapacity: 2000, scheduler: class org.apache.hadoop.ipc.DefaultRpcScheduler, ipcBackoff: false.
2023-02-21 13:39:07,658 [Socket Reader #1 for port 0] INFO  ipc.Server (Server.java:run(1273)) - Starting Socket Reader #1 for port 0
2023-02-21 13:39:07,677 [Listener at 127.0.0.1/40229] INFO  impl.MetricsSystemImpl (MetricsSystemImpl.java:init(158)) - OzoneManager metrics system started (again)
2023-02-21 13:39:07,687 [Listener at 127.0.0.1/40229] INFO  om.OzoneManager (OzoneManager.java:start(1548)) - OzoneManager RPC server is listening at localhost/127.0.0.1:40229
2023-02-21 13:39:07,687 [Listener at 127.0.0.1/40229] INFO  om.OzoneManager (OzoneManager.java:start(1564)) - Version File has different layout version (3) than OM DB (null). That is expected if this OM has never been finalized to a newer layout version.
2023-02-21 13:39:07,690 [Listener at 127.0.0.1/40229] INFO  http.BaseHttpServer (BaseHttpServer.java:newHttpServer2BuilderForOzone(213)) - Starting Web-server for ozoneManager at: http://0.0.0.0:0
2023-02-21 13:39:07,690 [Listener at 127.0.0.1/40229] INFO  http.BaseHttpServer (BaseHttpServer.java:<init>(108)) - Hadoop Security Enabled: false Ozone Security Enabled: false Ozone HTTP Security Enabled: false 
2023-02-21 13:39:07,692 [Listener at 127.0.0.1/40229] WARN  server.AuthenticationFilter (AuthenticationFilter.java:constructSecretProvider(240)) - Unable to initialize FileSignerSecretProvider, falling back to use random secrets. Reason: Could not read signature secret file: /home/runner/hadoop-http-auth-signature-secret
2023-02-21 13:39:07,692 [Listener at 127.0.0.1/40229] WARN  http.HttpRequestLog (HttpRequestLog.java:getRequestLog(103)) - Jetty request log can only be enabled using Log4j
2023-02-21 13:39:07,694 [Listener at 127.0.0.1/40229] INFO  http.HttpServer2 (HttpServer2.java:addGlobalFilter(1031)) - Added global filter 'safety' (class=org.apache.hadoop.hdds.server.http.HttpServer2$QuotingInputFilter)
2023-02-21 13:39:07,694 [Listener at 127.0.0.1/40229] INFO  http.HttpServer2 (HttpServer2.java:addFilter(1007)) - Added filter static_user_filter (class=org.apache.hadoop.http.lib.StaticUserWebFilter$StaticUserFilter) to context ozoneManager
2023-02-21 13:39:07,695 [Listener at 127.0.0.1/40229] INFO  http.HttpServer2 (HttpServer2.java:addFilter(1015)) - Added filter static_user_filter (class=org.apache.hadoop.http.lib.StaticUserWebFilter$StaticUserFilter) to context static
2023-02-21 13:39:07,695 [Listener at 127.0.0.1/40229] INFO  http.HttpServer2 (HttpServer2.java:addFilter(1015)) - Added filter static_user_filter (class=org.apache.hadoop.http.lib.StaticUserWebFilter$StaticUserFilter) to context logs
2023-02-21 13:39:07,696 [Listener at 127.0.0.1/40229] INFO  http.HttpServer2 (HttpServer2.java:bindListener(1250)) - Jetty bound to port 45537
2023-02-21 13:39:07,696 [Listener at 127.0.0.1/40229] INFO  server.Server (Server.java:doStart(375)) - jetty-9.4.49.v20220914; built: 2022-09-14T01:07:36.601Z; git: 4231a3b2e4cb8548a412a789936d640a97b1aa0a; jvm 1.8.0_362-b09
2023-02-21 13:39:07,697 [Listener at 127.0.0.1/40229] INFO  server.session (DefaultSessionIdManager.java:doStart(334)) - DefaultSessionIdManager workerName=node0
2023-02-21 13:39:07,697 [Listener at 127.0.0.1/40229] INFO  server.session (DefaultSessionIdManager.java:doStart(339)) - No SessionScavenger set, using defaults
2023-02-21 13:39:07,697 [Listener at 127.0.0.1/40229] INFO  server.session (HouseKeeper.java:startScavenging(132)) - node0 Scavenging every 600000ms
2023-02-21 13:39:07,698 [Listener at 127.0.0.1/40229] INFO  handler.ContextHandler (ContextHandler.java:doStart(921)) - Started o.e.j.s.ServletContextHandler@2bcbc231{logs,/logs,file:///home/runner/work/ozone/ozone/hadoop-ozone/integration-test/target/log,AVAILABLE}
2023-02-21 13:39:07,699 [Listener at 127.0.0.1/40229] INFO  handler.ContextHandler (ContextHandler.java:doStart(921)) - Started o.e.j.s.ServletContextHandler@2dbb542f{static,/static,file:///home/runner/work/ozone/ozone/hadoop-ozone/integration-test/target/test-classes/webapps/static,AVAILABLE}
2023-02-21 13:39:07,702 [Listener at 127.0.0.1/40229] INFO  handler.ContextHandler (ContextHandler.java:doStart(921)) - Started o.e.j.w.WebAppContext@16b27cc8{ozoneManager,/,file:///home/runner/work/ozone/ozone/hadoop-ozone/integration-test/target/test-classes/webapps/ozoneManager/,AVAILABLE}{file:/home/runner/work/ozone/ozone/hadoop-ozone/integration-test/target/test-classes/webapps/ozoneManager}
2023-02-21 13:39:07,713 [Listener at 127.0.0.1/40229] INFO  server.AbstractConnector (AbstractConnector.java:doStart(333)) - Started ServerConnector@3ff24fed{HTTP/1.1, (http/1.1)}{0.0.0.0:45537}
2023-02-21 13:39:07,713 [Listener at 127.0.0.1/40229] INFO  server.Server (Server.java:doStart(415)) - Started @96427ms
2023-02-21 13:39:07,713 [Listener at 127.0.0.1/40229] WARN  impl.MetricsSystemImpl (MetricsSystemImpl.java:register(279)) - Sink prometheus already exists!
2023-02-21 13:39:07,714 [Listener at 127.0.0.1/40229] INFO  http.BaseHttpServer (BaseHttpServer.java:updateConnectorAddress(333)) - HTTP server of ozoneManager listening at http://0.0.0.0:45537
2023-02-21 13:39:07,714 [IPC Server Responder] INFO  ipc.Server (Server.java:run(1512)) - IPC Server Responder: starting
2023-02-21 13:39:07,714 [IPC Server listener on 0] INFO  ipc.Server (Server.java:run(1352)) - IPC Server listener on 0: starting
2023-02-21 13:39:07,724 [Listener at 127.0.0.1/40229] INFO  om.TrashPolicyOzone (TrashPolicyOzone.java:<init>(277)) - Ozone Manager trash configuration: Deletion interval = 0 minutes, Emptier interval = 0 minutes.
2023-02-21 13:39:07,725 [org.apache.hadoop.util.JvmPauseMonitor$Monitor@13918817] INFO  util.JvmPauseMonitor (JvmPauseMonitor.java:run(188)) - Starting JVM pause monitor
2023-02-21 13:39:07,748 [Listener at 127.0.0.1/40229] INFO  impl.MetricsSystemImpl (MetricsSystemImpl.java:init(158)) - HddsDatanode metrics system started (again)
2023-02-21 13:39:07,761 [Listener at 127.0.0.1/40229] INFO  ozone.HddsDatanodeService (HddsDatanodeService.java:start(228)) - HddsDatanodeService host:fv-az318-260.ewvrrcgabbbubjc05i3n4a3pph.dx.internal.cloudapp.net ip:10.1.0.81
2023-02-21 13:39:07,788 [Listener at 127.0.0.1/40229] INFO  upgrade.AbstractLayoutVersionManager (AbstractLayoutVersionManager.java:init(83)) - Initializing Layout version manager with metadata layout = DATANODE_SCHEMA_V3 (version = 4), software layout = DATANODE_SCHEMA_V3 (version = 4)
2023-02-21 13:39:07,841 [Listener at 127.0.0.1/40229] INFO  reflections.Reflections (Reflections.java:scan(232)) - Reflections took 51 ms to scan 7 urls, producing 150 keys and 362 values 
2023-02-21 13:39:07,843 [Listener at 127.0.0.1/40229] INFO  statemachine.DatanodeStateMachine (DatanodeStateMachine.java:getEndPointTaskThreadPoolSize(260)) - Datanode State Machine Task Thread Pool size 2
2023-02-21 13:39:07,845 [Listener at 127.0.0.1/40229] INFO  volume.HddsVolume (HddsVolume.java:<init>(122)) - Creating HddsVolume: /home/runner/work/ozone/ozone/hadoop-ozone/integration-test/target/test-dir/MiniOzoneClusterImpl-be926948-0f1c-4cac-9651-6eceb419abf0/datanode-0/data-0/containers/hdds of storage type : DISK capacity : 9223372036854775807
2023-02-21 13:39:07,845 [Listener at 127.0.0.1/40229] INFO  volume.MutableVolumeSet (MutableVolumeSet.java:initializeVolumeSet(174)) - Added Volume : /home/runner/work/ozone/ozone/hadoop-ozone/integration-test/target/test-dir/MiniOzoneClusterImpl-be926948-0f1c-4cac-9651-6eceb419abf0/datanode-0/data-0/containers/hdds to VolumeSet
2023-02-21 13:39:07,845 [Listener at 127.0.0.1/40229] INFO  volume.ThrottledAsyncChecker (ThrottledAsyncChecker.java:schedule(141)) - Scheduling a check for /home/runner/work/ozone/ozone/hadoop-ozone/integration-test/target/test-dir/MiniOzoneClusterImpl-be926948-0f1c-4cac-9651-6eceb419abf0/datanode-0/data-0/containers/hdds
2023-02-21 13:39:07,847 [Listener at 127.0.0.1/40229] INFO  volume.StorageVolumeChecker (StorageVolumeChecker.java:checkAllVolumes(202)) - Scheduled health check for volume /home/runner/work/ozone/ozone/hadoop-ozone/integration-test/target/test-dir/MiniOzoneClusterImpl-be926948-0f1c-4cac-9651-6eceb419abf0/datanode-0/data-0/containers/hdds
2023-02-21 13:39:07,859 [Listener at 127.0.0.1/40229] INFO  volume.MutableVolumeSet (MutableVolumeSet.java:initializeVolumeSet(174)) - Added Volume : /home/runner/work/ozone/ozone/hadoop-ozone/integration-test/target/test-dir/MiniOzoneClusterImpl-be926948-0f1c-4cac-9651-6eceb419abf0/datanode-0/data/ratis to VolumeSet
2023-02-21 13:39:07,859 [Listener at 127.0.0.1/40229] INFO  volume.ThrottledAsyncChecker (ThrottledAsyncChecker.java:schedule(141)) - Scheduling a check for /home/runner/work/ozone/ozone/hadoop-ozone/integration-test/target/test-dir/MiniOzoneClusterImpl-be926948-0f1c-4cac-9651-6eceb419abf0/datanode-0/data/ratis
2023-02-21 13:39:07,859 [Listener at 127.0.0.1/40229] INFO  volume.StorageVolumeChecker (StorageVolumeChecker.java:checkAllVolumes(202)) - Scheduled health check for volume /home/runner/work/ozone/ozone/hadoop-ozone/integration-test/target/test-dir/MiniOzoneClusterImpl-be926948-0f1c-4cac-9651-6eceb419abf0/datanode-0/data/ratis
2023-02-21 13:39:07,873 [Thread-613] INFO  ozoneimpl.ContainerReader (ContainerReader.java:readVolume(175)) - Finish verifying containers on volume /home/runner/work/ozone/ozone/hadoop-ozone/integration-test/target/test-dir/MiniOzoneClusterImpl-be926948-0f1c-4cac-9651-6eceb419abf0/datanode-0/data-0/containers/hdds
2023-02-21 13:39:07,873 [Listener at 127.0.0.1/40229] INFO  ozoneimpl.OzoneContainer (OzoneContainer.java:buildContainerSet(304)) - Build ContainerSet costs 0s
2023-02-21 13:39:07,878 [Listener at 127.0.0.1/40229] INFO  server.RaftServer (ConfUtils.java:logGet(46)) - raft.rpc.type = GRPC (default)
2023-02-21 13:39:07,878 [Listener at 127.0.0.1/40229] INFO  grpc.GrpcConfigKeys (ConfUtils.java:logFallback(53)) - raft.grpc.admin.host = null (fallback to raft.grpc.server.host)
2023-02-21 13:39:07,881 [Listener at 127.0.0.1/40229] INFO  grpc.GrpcConfigKeys (ConfUtils.java:logGet(46)) - raft.grpc.admin.port = 0 (custom)
2023-02-21 13:39:07,882 [Listener at 127.0.0.1/40229] INFO  grpc.GrpcConfigKeys (ConfUtils.java:logFallback(53)) - raft.grpc.client.host = null (fallback to raft.grpc.server.host)
2023-02-21 13:39:07,883 [Listener at 127.0.0.1/40229] INFO  grpc.GrpcConfigKeys (ConfUtils.java:logGet(46)) - raft.grpc.client.port = 0 (custom)
2023-02-21 13:39:07,883 [Listener at 127.0.0.1/40229] INFO  grpc.GrpcConfigKeys (ConfUtils.java:logGet(46)) - raft.grpc.server.host = null (default)
2023-02-21 13:39:07,883 [Listener at 127.0.0.1/40229] INFO  grpc.GrpcConfigKeys (ConfUtils.java:logGet(46)) - raft.grpc.server.port = 0 (default)
2023-02-21 13:39:07,883 [Listener at 127.0.0.1/40229] INFO  server.GrpcService (ConfUtils.java:logGet(46)) - raft.grpc.message.size.max = 32MB (=33554432) (custom)
2023-02-21 13:39:07,883 [Listener at 127.0.0.1/40229] INFO  server.RaftServerConfigKeys (ConfUtils.java:logGet(46)) - raft.server.log.appender.buffer.byte-limit = 33554432 (custom)
2023-02-21 13:39:07,883 [Listener at 127.0.0.1/40229] INFO  server.GrpcService (ConfUtils.java:logGet(46)) - raft.grpc.flow.control.window = 5MB (=5242880) (custom)
2023-02-21 13:39:07,884 [Listener at 127.0.0.1/40229] INFO  server.RaftServerConfigKeys (ConfUtils.java:logGet(46)) - raft.server.rpc.request.timeout = 60s (custom)
2023-02-21 13:39:07,884 [Listener at 127.0.0.1/40229] INFO  grpc.GrpcConfigKeys (ConfUtils.java:logGet(46)) - raft.grpc.server.heartbeat.channel = true (default)
2023-02-21 13:39:07,884 [Listener at 127.0.0.1/40229] INFO  grpc.GrpcConfigKeys (ConfUtils.java:logGet(46)) - raft.grpc.server.async.request.thread.pool.cached = true (default)
2023-02-21 13:39:07,884 [Listener at 127.0.0.1/40229] INFO  grpc.GrpcConfigKeys (ConfUtils.java:logGet(46)) - raft.grpc.server.async.request.thread.pool.size = 32 (default)
2023-02-21 13:39:07,886 [Listener at 127.0.0.1/40229] INFO  impl.DataStreamServerImpl (ConfUtils.java:logGet(46)) - raft.datastream.type = NETTY (custom)
2023-02-21 13:39:07,887 [Listener at 127.0.0.1/40229] INFO  server.RaftServerConfigKeys (ConfUtils.java:logGet(46)) - raft.server.data-stream.async.request.thread.pool.cached = false (default)
2023-02-21 13:39:07,887 [Listener at 127.0.0.1/40229] INFO  server.RaftServerConfigKeys (ConfUtils.java:logGet(46)) - raft.server.data-stream.async.request.thread.pool.size = 20 (custom)
2023-02-21 13:39:07,887 [Listener at 127.0.0.1/40229] INFO  server.RaftServerConfigKeys (ConfUtils.java:logGet(46)) - raft.server.data-stream.async.write.thread.pool.size = 16 (default)
2023-02-21 13:39:07,887 [Listener at 127.0.0.1/40229] INFO  server.RaftServerConfigKeys (ConfUtils.java:logGet(46)) - raft.server.data-stream.client.pool.size = 10 (default)
2023-02-21 13:39:07,888 [Listener at 127.0.0.1/40229] INFO  netty.NettyConfigKeys$DataStream (ConfUtils.java:logGet(46)) - raft.netty.dataStream.server.use-epoll = false (default)
2023-02-21 13:39:07,888 [Listener at 127.0.0.1/40229] INFO  netty.NettyConfigKeys$DataStream (ConfUtils.java:logGet(46)) - raft.netty.dataStream.server.boss-group.size = 0 (default)
2023-02-21 13:39:07,888 [Listener at 127.0.0.1/40229] INFO  netty.NettyConfigKeys$DataStream (ConfUtils.java:logGet(46)) - raft.netty.dataStream.server.worker-group.size = 0 (default)
2023-02-21 13:39:07,889 [Listener at 127.0.0.1/40229] INFO  netty.NettyConfigKeys$DataStream (ConfUtils.java:logGet(46)) - raft.netty.dataStream.server.tls.conf = null (default)
2023-02-21 13:39:07,889 [Listener at 127.0.0.1/40229] INFO  netty.NettyConfigKeys$DataStream (ConfUtils.java:logGet(46)) - raft.netty.dataStream.host = null (default)
2023-02-21 13:39:07,889 [Listener at 127.0.0.1/40229] INFO  netty.NettyConfigKeys$DataStream (ConfUtils.java:logGet(46)) - raft.netty.dataStream.port = 0 (default)
2023-02-21 13:39:07,890 [Listener at 127.0.0.1/40229] INFO  server.RaftServerConfigKeys (ConfUtils.java:logGet(46)) - raft.server.threadpool.proxy.cached = true (default)
2023-02-21 13:39:07,898 [Listener at 127.0.0.1/40229] INFO  server.RaftServerConfigKeys (ConfUtils.java:logGet(46)) - raft.server.threadpool.proxy.size = 0 (default)
2023-02-21 13:39:07,898 [Listener at 127.0.0.1/40229] INFO  server.RaftServerConfigKeys (ConfUtils.java:logGet(46)) - raft.server.rpc.slowness.timeout = 300s (custom)
2023-02-21 13:39:07,898 [Listener at 127.0.0.1/40229] INFO  server.RaftServerConfigKeys (ConfUtils.java:logGet(46)) - raft.server.leaderelection.leader.step-down.wait-time = 10s (default)
2023-02-21 13:39:07,898 [Listener at 127.0.0.1/40229] INFO  server.RaftServerConfigKeys (ConfUtils.java:logGet(46)) - raft.server.storage.dir = [/home/runner/work/ozone/ozone/hadoop-ozone/integration-test/target/test-dir/MiniOzoneClusterImpl-be926948-0f1c-4cac-9651-6eceb419abf0/datanode-0/data/ratis] (custom)
2023-02-21 13:39:07,899 [e9aaeb2c-5ca1-4644-9e1d-ecde78d55867-NettyServerStreamRpc-bossGroup--thread1] INFO  logging.LoggingHandler (AbstractInternalLogger.java:log(148)) - [id: 0x6830ed2c] REGISTERED
2023-02-21 13:39:07,899 [e9aaeb2c-5ca1-4644-9e1d-ecde78d55867-NettyServerStreamRpc-bossGroup--thread1] INFO  logging.LoggingHandler (AbstractInternalLogger.java:log(148)) - [id: 0x6830ed2c] BIND: 0.0.0.0/0.0.0.0:0
2023-02-21 13:39:07,900 [e9aaeb2c-5ca1-4644-9e1d-ecde78d55867-NettyServerStreamRpc-bossGroup--thread1] INFO  logging.LoggingHandler (AbstractInternalLogger.java:log(148)) - [id: 0x6830ed2c, L:/0:0:0:0:0:0:0:0:46131] ACTIVE
2023-02-21 13:39:07,901 [Listener at 127.0.0.1/40229] INFO  server.XceiverServerGrpc (XceiverServerGrpc.java:<init>(132)) - GrpcServer channel type EpollServerSocketChannel
2023-02-21 13:39:07,907 [Listener at 127.0.0.1/40229] INFO  http.BaseHttpServer (BaseHttpServer.java:newHttpServer2BuilderForOzone(213)) - Starting Web-server for hddsDatanode at: http://0.0.0.0:0
2023-02-21 13:39:07,907 [Listener at 127.0.0.1/40229] INFO  http.BaseHttpServer (BaseHttpServer.java:<init>(108)) - Hadoop Security Enabled: false Ozone Security Enabled: false Ozone HTTP Security Enabled: false 
2023-02-21 13:39:07,908 [Listener at 127.0.0.1/40229] WARN  server.AuthenticationFilter (AuthenticationFilter.java:constructSecretProvider(240)) - Unable to initialize FileSignerSecretProvider, falling back to use random secrets. Reason: Could not read signature secret file: /home/runner/hadoop-http-auth-signature-secret
2023-02-21 13:39:07,909 [Listener at 127.0.0.1/40229] WARN  http.HttpRequestLog (HttpRequestLog.java:getRequestLog(103)) - Jetty request log can only be enabled using Log4j
2023-02-21 13:39:07,910 [Listener at 127.0.0.1/40229] INFO  http.HttpServer2 (HttpServer2.java:addGlobalFilter(1031)) - Added global filter 'safety' (class=org.apache.hadoop.hdds.server.http.HttpServer2$QuotingInputFilter)
2023-02-21 13:39:07,911 [Listener at 127.0.0.1/40229] INFO  http.HttpServer2 (HttpServer2.java:addFilter(1007)) - Added filter static_user_filter (class=org.apache.hadoop.http.lib.StaticUserWebFilter$StaticUserFilter) to context hddsDatanode
2023-02-21 13:39:07,911 [Listener at 127.0.0.1/40229] INFO  http.HttpServer2 (HttpServer2.java:addFilter(1015)) - Added filter static_user_filter (class=org.apache.hadoop.http.lib.StaticUserWebFilter$StaticUserFilter) to context static
2023-02-21 13:39:07,911 [Listener at 127.0.0.1/40229] INFO  http.HttpServer2 (HttpServer2.java:addFilter(1015)) - Added filter static_user_filter (class=org.apache.hadoop.http.lib.StaticUserWebFilter$StaticUserFilter) to context logs
2023-02-21 13:39:07,912 [Listener at 127.0.0.1/40229] INFO  http.HttpServer2 (HttpServer2.java:bindListener(1250)) - Jetty bound to port 36499
2023-02-21 13:39:07,912 [Listener at 127.0.0.1/40229] INFO  server.Server (Server.java:doStart(375)) - jetty-9.4.49.v20220914; built: 2022-09-14T01:07:36.601Z; git: 4231a3b2e4cb8548a412a789936d640a97b1aa0a; jvm 1.8.0_362-b09
2023-02-21 13:39:07,914 [Listener at 127.0.0.1/40229] INFO  server.session (DefaultSessionIdManager.java:doStart(334)) - DefaultSessionIdManager workerName=node0
2023-02-21 13:39:07,914 [Listener at 127.0.0.1/40229] INFO  server.session (DefaultSessionIdManager.java:doStart(339)) - No SessionScavenger set, using defaults
2023-02-21 13:39:07,914 [Listener at 127.0.0.1/40229] INFO  server.session (HouseKeeper.java:startScavenging(132)) - node0 Scavenging every 660000ms
2023-02-21 13:39:07,915 [Listener at 127.0.0.1/40229] INFO  handler.ContextHandler (ContextHandler.java:doStart(921)) - Started o.e.j.s.ServletContextHandler@78cbf937{logs,/logs,file:///home/runner/work/ozone/ozone/hadoop-ozone/integration-test/target/log,AVAILABLE}
2023-02-21 13:39:07,915 [Listener at 127.0.0.1/40229] INFO  handler.ContextHandler (ContextHandler.java:doStart(921)) - Started o.e.j.s.ServletContextHandler@181c263b{static,/static,jar:file:/home/runner/.m2/repository/org/apache/ozone/hdds-container-service/1.4.0-SNAPSHOT/hdds-container-service-1.4.0-SNAPSHOT.jar!/webapps/static,AVAILABLE}
2023-02-21 13:39:08,127 [Listener at 127.0.0.1/40229] INFO  handler.ContextHandler (ContextHandler.java:doStart(921)) - Started o.e.j.w.WebAppContext@73fd16dc{hddsDatanode,/,file:///tmp/jetty-0_0_0_0-36499-hdds-container-service-1_4_0-SNAPSHOT_jar-_-any-3514655270618436189/webapp/,AVAILABLE}{jar:file:/home/runner/.m2/repository/org/apache/ozone/hdds-container-service/1.4.0-SNAPSHOT/hdds-container-service-1.4.0-SNAPSHOT.jar!/webapps/hddsDatanode}
2023-02-21 13:39:08,128 [Listener at 127.0.0.1/40229] INFO  server.AbstractConnector (AbstractConnector.java:doStart(333)) - Started ServerConnector@50dcf1c4{HTTP/1.1, (http/1.1)}{0.0.0.0:36499}
2023-02-21 13:39:08,129 [Listener at 127.0.0.1/40229] INFO  server.Server (Server.java:doStart(415)) - Started @96843ms
2023-02-21 13:39:08,129 [Listener at 127.0.0.1/40229] WARN  impl.MetricsSystemImpl (MetricsSystemImpl.java:register(279)) - Sink prometheus already exists!
2023-02-21 13:39:08,129 [Listener at 127.0.0.1/40229] INFO  http.BaseHttpServer (BaseHttpServer.java:updateConnectorAddress(333)) - HTTP server of hddsDatanode listening at http://0.0.0.0:36499
2023-02-21 13:39:08,130 [Datanode State Machine Daemon Thread] INFO  statemachine.DatanodeStateMachine (DatanodeStateMachine.java:lambda$startDaemon$0(516)) - Ozone container server started.
2023-02-21 13:39:08,130 [Listener at 127.0.0.1/40229] WARN  impl.MetricRegistriesImpl (MetricRegistriesImpl.java:addReporterRegistration(111)) - New reporters are added after registries were created. Some metrics will be missing from the reporter. Please add reporter before adding any new registry.
2023-02-21 13:39:08,130 [Listener at 127.0.0.1/40229] WARN  impl.MetricRegistriesImpl (MetricRegistriesImpl.java:addReporterRegistration(111)) - New reporters are added after registries were created. Some metrics will be missing from the reporter. Please add reporter before adding any new registry.
2023-02-21 13:39:08,131 [Listener at 127.0.0.1/40229] INFO  impl.MetricsSystemImpl (MetricsSystemImpl.java:init(158)) - HddsDatanode metrics system started (again)
2023-02-21 13:39:08,142 [Listener at 127.0.0.1/40229] INFO  ozone.HddsDatanodeService (HddsDatanodeService.java:start(228)) - HddsDatanodeService host:fv-az318-260.ewvrrcgabbbubjc05i3n4a3pph.dx.internal.cloudapp.net ip:10.1.0.81
2023-02-21 13:39:08,148 [org.apache.hadoop.util.JvmPauseMonitor$Monitor@69ebd496] INFO  util.JvmPauseMonitor (JvmPauseMonitor.java:run(188)) - Starting JVM pause monitor
2023-02-21 13:39:08,152 [Datanode State Machine Task Thread - 0] INFO  datanode.InitDatanodeState (InitDatanodeState.java:persistContainerDatanodeDetails(138)) - DatanodeDetails is persisted to /home/runner/work/ozone/ozone/hadoop-ozone/integration-test/target/test-dir/MiniOzoneClusterImpl-be926948-0f1c-4cac-9651-6eceb419abf0/datanode-0/meta/datanode.id
2023-02-21 13:39:08,167 [Listener at 127.0.0.1/40229] INFO  upgrade.AbstractLayoutVersionManager (AbstractLayoutVersionManager.java:init(83)) - Initializing Layout version manager with metadata layout = DATANODE_SCHEMA_V3 (version = 4), software layout = DATANODE_SCHEMA_V3 (version = 4)
2023-02-21 13:39:08,225 [Listener at 127.0.0.1/40229] INFO  reflections.Reflections (Reflections.java:scan(232)) - Reflections took 57 ms to scan 7 urls, producing 150 keys and 362 values 
2023-02-21 13:39:08,227 [Listener at 127.0.0.1/40229] INFO  statemachine.DatanodeStateMachine (DatanodeStateMachine.java:getEndPointTaskThreadPoolSize(260)) - Datanode State Machine Task Thread Pool size 2
2023-02-21 13:39:08,235 [Listener at 127.0.0.1/40229] INFO  volume.HddsVolume (HddsVolume.java:<init>(122)) - Creating HddsVolume: /home/runner/work/ozone/ozone/hadoop-ozone/integration-test/target/test-dir/MiniOzoneClusterImpl-be926948-0f1c-4cac-9651-6eceb419abf0/datanode-1/data-0/containers/hdds of storage type : DISK capacity : 9223372036854775807
2023-02-21 13:39:08,236 [Listener at 127.0.0.1/40229] INFO  volume.MutableVolumeSet (MutableVolumeSet.java:initializeVolumeSet(174)) - Added Volume : /home/runner/work/ozone/ozone/hadoop-ozone/integration-test/target/test-dir/MiniOzoneClusterImpl-be926948-0f1c-4cac-9651-6eceb419abf0/datanode-1/data-0/containers/hdds to VolumeSet
2023-02-21 13:39:08,236 [Listener at 127.0.0.1/40229] INFO  volume.ThrottledAsyncChecker (ThrottledAsyncChecker.java:schedule(141)) - Scheduling a check for /home/runner/work/ozone/ozone/hadoop-ozone/integration-test/target/test-dir/MiniOzoneClusterImpl-be926948-0f1c-4cac-9651-6eceb419abf0/datanode-1/data-0/containers/hdds
2023-02-21 13:39:08,242 [Listener at 127.0.0.1/40229] INFO  volume.StorageVolumeChecker (StorageVolumeChecker.java:checkAllVolumes(202)) - Scheduled health check for volume /home/runner/work/ozone/ozone/hadoop-ozone/integration-test/target/test-dir/MiniOzoneClusterImpl-be926948-0f1c-4cac-9651-6eceb419abf0/datanode-1/data-0/containers/hdds
2023-02-21 13:39:08,254 [Listener at 127.0.0.1/40229] INFO  volume.MutableVolumeSet (MutableVolumeSet.java:initializeVolumeSet(174)) - Added Volume : /home/runner/work/ozone/ozone/hadoop-ozone/integration-test/target/test-dir/MiniOzoneClusterImpl-be926948-0f1c-4cac-9651-6eceb419abf0/datanode-1/data/ratis to VolumeSet
2023-02-21 13:39:08,254 [Listener at 127.0.0.1/40229] INFO  volume.ThrottledAsyncChecker (ThrottledAsyncChecker.java:schedule(141)) - Scheduling a check for /home/runner/work/ozone/ozone/hadoop-ozone/integration-test/target/test-dir/MiniOzoneClusterImpl-be926948-0f1c-4cac-9651-6eceb419abf0/datanode-1/data/ratis
2023-02-21 13:39:08,254 [Listener at 127.0.0.1/40229] INFO  volume.StorageVolumeChecker (StorageVolumeChecker.java:checkAllVolumes(202)) - Scheduled health check for volume /home/runner/work/ozone/ozone/hadoop-ozone/integration-test/target/test-dir/MiniOzoneClusterImpl-be926948-0f1c-4cac-9651-6eceb419abf0/datanode-1/data/ratis
2023-02-21 13:39:08,265 [Thread-627] INFO  ozoneimpl.ContainerReader (ContainerReader.java:readVolume(175)) - Finish verifying containers on volume /home/runner/work/ozone/ozone/hadoop-ozone/integration-test/target/test-dir/MiniOzoneClusterImpl-be926948-0f1c-4cac-9651-6eceb419abf0/datanode-1/data-0/containers/hdds
2023-02-21 13:39:08,265 [Listener at 127.0.0.1/40229] INFO  ozoneimpl.OzoneContainer (OzoneContainer.java:buildContainerSet(304)) - Build ContainerSet costs 0s
2023-02-21 13:39:08,267 [Listener at 127.0.0.1/40229] INFO  server.RaftServer (ConfUtils.java:logGet(46)) - raft.rpc.type = GRPC (default)
2023-02-21 13:39:08,267 [Listener at 127.0.0.1/40229] INFO  grpc.GrpcConfigKeys (ConfUtils.java:logFallback(53)) - raft.grpc.admin.host = null (fallback to raft.grpc.server.host)
2023-02-21 13:39:08,268 [Listener at 127.0.0.1/40229] INFO  grpc.GrpcConfigKeys (ConfUtils.java:logGet(46)) - raft.grpc.admin.port = 0 (custom)
2023-02-21 13:39:08,268 [Listener at 127.0.0.1/40229] INFO  grpc.GrpcConfigKeys (ConfUtils.java:logFallback(53)) - raft.grpc.client.host = null (fallback to raft.grpc.server.host)
2023-02-21 13:39:08,268 [Listener at 127.0.0.1/40229] INFO  grpc.GrpcConfigKeys (ConfUtils.java:logGet(46)) - raft.grpc.client.port = 0 (custom)
2023-02-21 13:39:08,268 [Listener at 127.0.0.1/40229] INFO  grpc.GrpcConfigKeys (ConfUtils.java:logGet(46)) - raft.grpc.server.host = null (default)
2023-02-21 13:39:08,268 [Listener at 127.0.0.1/40229] INFO  grpc.GrpcConfigKeys (ConfUtils.java:logGet(46)) - raft.grpc.server.port = 0 (default)
2023-02-21 13:39:08,268 [Listener at 127.0.0.1/40229] INFO  server.GrpcService (ConfUtils.java:logGet(46)) - raft.grpc.message.size.max = 32MB (=33554432) (custom)
2023-02-21 13:39:08,268 [Listener at 127.0.0.1/40229] INFO  server.RaftServerConfigKeys (ConfUtils.java:logGet(46)) - raft.server.log.appender.buffer.byte-limit = 33554432 (custom)
2023-02-21 13:39:08,269 [Listener at 127.0.0.1/40229] INFO  server.GrpcService (ConfUtils.java:logGet(46)) - raft.grpc.flow.control.window = 5MB (=5242880) (custom)
2023-02-21 13:39:08,269 [Listener at 127.0.0.1/40229] INFO  server.RaftServerConfigKeys (ConfUtils.java:logGet(46)) - raft.server.rpc.request.timeout = 60s (custom)
2023-02-21 13:39:08,269 [Listener at 127.0.0.1/40229] INFO  grpc.GrpcConfigKeys (ConfUtils.java:logGet(46)) - raft.grpc.server.heartbeat.channel = true (default)
2023-02-21 13:39:08,269 [Listener at 127.0.0.1/40229] INFO  grpc.GrpcConfigKeys (ConfUtils.java:logGet(46)) - raft.grpc.server.async.request.thread.pool.cached = true (default)
2023-02-21 13:39:08,269 [Listener at 127.0.0.1/40229] INFO  grpc.GrpcConfigKeys (ConfUtils.java:logGet(46)) - raft.grpc.server.async.request.thread.pool.size = 32 (default)
2023-02-21 13:39:08,271 [Listener at 127.0.0.1/40229] INFO  impl.DataStreamServerImpl (ConfUtils.java:logGet(46)) - raft.datastream.type = NETTY (custom)
2023-02-21 13:39:08,272 [Listener at 127.0.0.1/40229] INFO  server.RaftServerConfigKeys (ConfUtils.java:logGet(46)) - raft.server.data-stream.async.request.thread.pool.cached = false (default)
2023-02-21 13:39:08,272 [Listener at 127.0.0.1/40229] INFO  server.RaftServerConfigKeys (ConfUtils.java:logGet(46)) - raft.server.data-stream.async.request.thread.pool.size = 20 (custom)
2023-02-21 13:39:08,272 [Listener at 127.0.0.1/40229] INFO  server.RaftServerConfigKeys (ConfUtils.java:logGet(46)) - raft.server.data-stream.async.write.thread.pool.size = 16 (default)
2023-02-21 13:39:08,272 [Listener at 127.0.0.1/40229] INFO  server.RaftServerConfigKeys (ConfUtils.java:logGet(46)) - raft.server.data-stream.client.pool.size = 10 (default)
2023-02-21 13:39:08,272 [Listener at 127.0.0.1/40229] INFO  netty.NettyConfigKeys$DataStream (ConfUtils.java:logGet(46)) - raft.netty.dataStream.server.use-epoll = false (default)
2023-02-21 13:39:08,273 [Listener at 127.0.0.1/40229] INFO  netty.NettyConfigKeys$DataStream (ConfUtils.java:logGet(46)) - raft.netty.dataStream.server.boss-group.size = 0 (default)
2023-02-21 13:39:08,273 [Listener at 127.0.0.1/40229] INFO  netty.NettyConfigKeys$DataStream (ConfUtils.java:logGet(46)) - raft.netty.dataStream.server.worker-group.size = 0 (default)
2023-02-21 13:39:08,274 [Listener at 127.0.0.1/40229] INFO  netty.NettyConfigKeys$DataStream (ConfUtils.java:logGet(46)) - raft.netty.dataStream.server.tls.conf = null (default)
2023-02-21 13:39:08,274 [Listener at 127.0.0.1/40229] INFO  netty.NettyConfigKeys$DataStream (ConfUtils.java:logGet(46)) - raft.netty.dataStream.host = null (default)
2023-02-21 13:39:08,274 [Listener at 127.0.0.1/40229] INFO  netty.NettyConfigKeys$DataStream (ConfUtils.java:logGet(46)) - raft.netty.dataStream.port = 0 (default)
2023-02-21 13:39:08,275 [Listener at 127.0.0.1/40229] INFO  server.RaftServerConfigKeys (ConfUtils.java:logGet(46)) - raft.server.threadpool.proxy.cached = true (default)
2023-02-21 13:39:08,279 [Listener at 127.0.0.1/40229] INFO  server.RaftServerConfigKeys (ConfUtils.java:logGet(46)) - raft.server.threadpool.proxy.size = 0 (default)
2023-02-21 13:39:08,279 [Listener at 127.0.0.1/40229] INFO  server.RaftServerConfigKeys (ConfUtils.java:logGet(46)) - raft.server.rpc.slowness.timeout = 300s (custom)
2023-02-21 13:39:08,279 [Listener at 127.0.0.1/40229] INFO  server.RaftServerConfigKeys (ConfUtils.java:logGet(46)) - raft.server.leaderelection.leader.step-down.wait-time = 10s (default)
2023-02-21 13:39:08,279 [Listener at 127.0.0.1/40229] INFO  server.RaftServerConfigKeys (ConfUtils.java:logGet(46)) - raft.server.storage.dir = [/home/runner/work/ozone/ozone/hadoop-ozone/integration-test/target/test-dir/MiniOzoneClusterImpl-be926948-0f1c-4cac-9651-6eceb419abf0/datanode-1/data/ratis] (custom)
2023-02-21 13:39:08,279 [b8864c6c-2f32-4f18-b19e-2e05a8dee4a2-NettyServerStreamRpc-bossGroup--thread1] INFO  logging.LoggingHandler (AbstractInternalLogger.java:log(148)) - [id: 0x3b00e901] REGISTERED
2023-02-21 13:39:08,280 [b8864c6c-2f32-4f18-b19e-2e05a8dee4a2-NettyServerStreamRpc-bossGroup--thread1] INFO  logging.LoggingHandler (AbstractInternalLogger.java:log(148)) - [id: 0x3b00e901] BIND: 0.0.0.0/0.0.0.0:0
2023-02-21 13:39:08,281 [Listener at 127.0.0.1/40229] INFO  server.XceiverServerGrpc (XceiverServerGrpc.java:<init>(132)) - GrpcServer channel type EpollServerSocketChannel
2023-02-21 13:39:08,285 [Listener at 127.0.0.1/40229] INFO  http.BaseHttpServer (BaseHttpServer.java:newHttpServer2BuilderForOzone(213)) - Starting Web-server for hddsDatanode at: http://0.0.0.0:0
2023-02-21 13:39:08,285 [Listener at 127.0.0.1/40229] INFO  http.BaseHttpServer (BaseHttpServer.java:<init>(108)) - Hadoop Security Enabled: false Ozone Security Enabled: false Ozone HTTP Security Enabled: false 
2023-02-21 13:39:08,286 [Listener at 127.0.0.1/40229] WARN  server.AuthenticationFilter (AuthenticationFilter.java:constructSecretProvider(240)) - Unable to initialize FileSignerSecretProvider, falling back to use random secrets. Reason: Could not read signature secret file: /home/runner/hadoop-http-auth-signature-secret
2023-02-21 13:39:08,287 [Listener at 127.0.0.1/40229] WARN  http.HttpRequestLog (HttpRequestLog.java:getRequestLog(103)) - Jetty request log can only be enabled using Log4j
2023-02-21 13:39:08,288 [b8864c6c-2f32-4f18-b19e-2e05a8dee4a2-NettyServerStreamRpc-bossGroup--thread1] INFO  logging.LoggingHandler (AbstractInternalLogger.java:log(148)) - [id: 0x3b00e901, L:/0:0:0:0:0:0:0:0:45565] ACTIVE
2023-02-21 13:39:08,288 [Listener at 127.0.0.1/40229] INFO  http.HttpServer2 (HttpServer2.java:addGlobalFilter(1031)) - Added global filter 'safety' (class=org.apache.hadoop.hdds.server.http.HttpServer2$QuotingInputFilter)
2023-02-21 13:39:08,288 [Listener at 127.0.0.1/40229] INFO  http.HttpServer2 (HttpServer2.java:addFilter(1007)) - Added filter static_user_filter (class=org.apache.hadoop.http.lib.StaticUserWebFilter$StaticUserFilter) to context hddsDatanode
2023-02-21 13:39:08,289 [Listener at 127.0.0.1/40229] INFO  http.HttpServer2 (HttpServer2.java:addFilter(1015)) - Added filter static_user_filter (class=org.apache.hadoop.http.lib.StaticUserWebFilter$StaticUserFilter) to context static
2023-02-21 13:39:08,289 [Listener at 127.0.0.1/40229] INFO  http.HttpServer2 (HttpServer2.java:addFilter(1015)) - Added filter static_user_filter (class=org.apache.hadoop.http.lib.StaticUserWebFilter$StaticUserFilter) to context logs
2023-02-21 13:39:08,289 [Listener at 127.0.0.1/40229] INFO  http.HttpServer2 (HttpServer2.java:bindListener(1250)) - Jetty bound to port 34391
2023-02-21 13:39:08,289 [Listener at 127.0.0.1/40229] INFO  server.Server (Server.java:doStart(375)) - jetty-9.4.49.v20220914; built: 2022-09-14T01:07:36.601Z; git: 4231a3b2e4cb8548a412a789936d640a97b1aa0a; jvm 1.8.0_362-b09
2023-02-21 13:39:08,297 [Listener at 127.0.0.1/40229] INFO  server.session (DefaultSessionIdManager.java:doStart(334)) - DefaultSessionIdManager workerName=node0
2023-02-21 13:39:08,297 [Listener at 127.0.0.1/40229] INFO  server.session (DefaultSessionIdManager.java:doStart(339)) - No SessionScavenger set, using defaults
2023-02-21 13:39:08,297 [Listener at 127.0.0.1/40229] INFO  server.session (HouseKeeper.java:startScavenging(132)) - node0 Scavenging every 600000ms
2023-02-21 13:39:08,298 [Listener at 127.0.0.1/40229] INFO  handler.ContextHandler (ContextHandler.java:doStart(921)) - Started o.e.j.s.ServletContextHandler@4f1093bd{logs,/logs,file:///home/runner/work/ozone/ozone/hadoop-ozone/integration-test/target/log,AVAILABLE}
2023-02-21 13:39:08,298 [Listener at 127.0.0.1/40229] INFO  handler.ContextHandler (ContextHandler.java:doStart(921)) - Started o.e.j.s.ServletContextHandler@6999e04d{static,/static,jar:file:/home/runner/.m2/repository/org/apache/ozone/hdds-container-service/1.4.0-SNAPSHOT/hdds-container-service-1.4.0-SNAPSHOT.jar!/webapps/static,AVAILABLE}
2023-02-21 13:39:08,507 [Listener at 127.0.0.1/40229] INFO  handler.ContextHandler (ContextHandler.java:doStart(921)) - Started o.e.j.w.WebAppContext@486e2733{hddsDatanode,/,file:///tmp/jetty-0_0_0_0-34391-hdds-container-service-1_4_0-SNAPSHOT_jar-_-any-8411375493069635116/webapp/,AVAILABLE}{jar:file:/home/runner/.m2/repository/org/apache/ozone/hdds-container-service/1.4.0-SNAPSHOT/hdds-container-service-1.4.0-SNAPSHOT.jar!/webapps/hddsDatanode}
2023-02-21 13:39:08,509 [Listener at 127.0.0.1/40229] INFO  server.AbstractConnector (AbstractConnector.java:doStart(333)) - Started ServerConnector@4fc98285{HTTP/1.1, (http/1.1)}{0.0.0.0:34391}
2023-02-21 13:39:08,509 [Listener at 127.0.0.1/40229] INFO  server.Server (Server.java:doStart(415)) - Started @97223ms
2023-02-21 13:39:08,509 [Listener at 127.0.0.1/40229] WARN  impl.MetricsSystemImpl (MetricsSystemImpl.java:register(279)) - Sink prometheus already exists!
2023-02-21 13:39:08,510 [Listener at 127.0.0.1/40229] INFO  http.BaseHttpServer (BaseHttpServer.java:updateConnectorAddress(333)) - HTTP server of hddsDatanode listening at http://0.0.0.0:34391
2023-02-21 13:39:08,514 [Datanode State Machine Daemon Thread] INFO  statemachine.DatanodeStateMachine (DatanodeStateMachine.java:lambda$startDaemon$0(516)) - Ozone container server started.
2023-02-21 13:39:08,514 [Listener at 127.0.0.1/40229] WARN  impl.MetricRegistriesImpl (MetricRegistriesImpl.java:addReporterRegistration(111)) - New reporters are added after registries were created. Some metrics will be missing from the reporter. Please add reporter before adding any new registry.
2023-02-21 13:39:08,515 [Listener at 127.0.0.1/40229] WARN  impl.MetricRegistriesImpl (MetricRegistriesImpl.java:addReporterRegistration(111)) - New reporters are added after registries were created. Some metrics will be missing from the reporter. Please add reporter before adding any new registry.
2023-02-21 13:39:08,515 [Listener at 127.0.0.1/40229] INFO  impl.MetricsSystemImpl (MetricsSystemImpl.java:init(158)) - HddsDatanode metrics system started (again)
2023-02-21 13:39:08,527 [Listener at 127.0.0.1/40229] INFO  ozone.HddsDatanodeService (HddsDatanodeService.java:start(228)) - HddsDatanodeService host:fv-az318-260.ewvrrcgabbbubjc05i3n4a3pph.dx.internal.cloudapp.net ip:10.1.0.81
2023-02-21 13:39:08,533 [org.apache.hadoop.util.JvmPauseMonitor$Monitor@7df21461] INFO  util.JvmPauseMonitor (JvmPauseMonitor.java:run(188)) - Starting JVM pause monitor
2023-02-21 13:39:08,535 [Datanode State Machine Task Thread - 0] INFO  datanode.InitDatanodeState (InitDatanodeState.java:persistContainerDatanodeDetails(138)) - DatanodeDetails is persisted to /home/runner/work/ozone/ozone/hadoop-ozone/integration-test/target/test-dir/MiniOzoneClusterImpl-be926948-0f1c-4cac-9651-6eceb419abf0/datanode-1/meta/datanode.id
2023-02-21 13:39:08,552 [Listener at 127.0.0.1/40229] INFO  upgrade.AbstractLayoutVersionManager (AbstractLayoutVersionManager.java:init(83)) - Initializing Layout version manager with metadata layout = DATANODE_SCHEMA_V3 (version = 4), software layout = DATANODE_SCHEMA_V3 (version = 4)
2023-02-21 13:39:08,604 [Listener at 127.0.0.1/40229] INFO  reflections.Reflections (Reflections.java:scan(232)) - Reflections took 50 ms to scan 7 urls, producing 150 keys and 362 values 
2023-02-21 13:39:08,605 [Listener at 127.0.0.1/40229] INFO  statemachine.DatanodeStateMachine (DatanodeStateMachine.java:getEndPointTaskThreadPoolSize(260)) - Datanode State Machine Task Thread Pool size 2
2023-02-21 13:39:08,611 [Listener at 127.0.0.1/40229] INFO  volume.HddsVolume (HddsVolume.java:<init>(122)) - Creating HddsVolume: /home/runner/work/ozone/ozone/hadoop-ozone/integration-test/target/test-dir/MiniOzoneClusterImpl-be926948-0f1c-4cac-9651-6eceb419abf0/datanode-2/data-0/containers/hdds of storage type : DISK capacity : 9223372036854775807
2023-02-21 13:39:08,611 [Listener at 127.0.0.1/40229] INFO  volume.MutableVolumeSet (MutableVolumeSet.java:initializeVolumeSet(174)) - Added Volume : /home/runner/work/ozone/ozone/hadoop-ozone/integration-test/target/test-dir/MiniOzoneClusterImpl-be926948-0f1c-4cac-9651-6eceb419abf0/datanode-2/data-0/containers/hdds to VolumeSet
2023-02-21 13:39:08,611 [Listener at 127.0.0.1/40229] INFO  volume.ThrottledAsyncChecker (ThrottledAsyncChecker.java:schedule(141)) - Scheduling a check for /home/runner/work/ozone/ozone/hadoop-ozone/integration-test/target/test-dir/MiniOzoneClusterImpl-be926948-0f1c-4cac-9651-6eceb419abf0/datanode-2/data-0/containers/hdds
2023-02-21 13:39:08,614 [Listener at 127.0.0.1/40229] INFO  volume.StorageVolumeChecker (StorageVolumeChecker.java:checkAllVolumes(202)) - Scheduled health check for volume /home/runner/work/ozone/ozone/hadoop-ozone/integration-test/target/test-dir/MiniOzoneClusterImpl-be926948-0f1c-4cac-9651-6eceb419abf0/datanode-2/data-0/containers/hdds
2023-02-21 13:39:08,710 [Listener at 127.0.0.1/40229] INFO  volume.MutableVolumeSet (MutableVolumeSet.java:initializeVolumeSet(174)) - Added Volume : /home/runner/work/ozone/ozone/hadoop-ozone/integration-test/target/test-dir/MiniOzoneClusterImpl-be926948-0f1c-4cac-9651-6eceb419abf0/datanode-2/data/ratis to VolumeSet
2023-02-21 13:39:08,710 [Listener at 127.0.0.1/40229] INFO  volume.ThrottledAsyncChecker (ThrottledAsyncChecker.java:schedule(141)) - Scheduling a check for /home/runner/work/ozone/ozone/hadoop-ozone/integration-test/target/test-dir/MiniOzoneClusterImpl-be926948-0f1c-4cac-9651-6eceb419abf0/datanode-2/data/ratis
2023-02-21 13:39:08,711 [Listener at 127.0.0.1/40229] INFO  volume.StorageVolumeChecker (StorageVolumeChecker.java:checkAllVolumes(202)) - Scheduled health check for volume /home/runner/work/ozone/ozone/hadoop-ozone/integration-test/target/test-dir/MiniOzoneClusterImpl-be926948-0f1c-4cac-9651-6eceb419abf0/datanode-2/data/ratis
2023-02-21 13:39:08,724 [Thread-641] INFO  ozoneimpl.ContainerReader (ContainerReader.java:readVolume(175)) - Finish verifying containers on volume /home/runner/work/ozone/ozone/hadoop-ozone/integration-test/target/test-dir/MiniOzoneClusterImpl-be926948-0f1c-4cac-9651-6eceb419abf0/datanode-2/data-0/containers/hdds
2023-02-21 13:39:08,724 [Listener at 127.0.0.1/40229] INFO  ozoneimpl.OzoneContainer (OzoneContainer.java:buildContainerSet(304)) - Build ContainerSet costs 0s
2023-02-21 13:39:08,727 [Listener at 127.0.0.1/40229] INFO  server.RaftServer (ConfUtils.java:logGet(46)) - raft.rpc.type = GRPC (default)
2023-02-21 13:39:08,727 [Listener at 127.0.0.1/40229] INFO  grpc.GrpcConfigKeys (ConfUtils.java:logFallback(53)) - raft.grpc.admin.host = null (fallback to raft.grpc.server.host)
2023-02-21 13:39:08,727 [Listener at 127.0.0.1/40229] INFO  grpc.GrpcConfigKeys (ConfUtils.java:logGet(46)) - raft.grpc.admin.port = 0 (custom)
2023-02-21 13:39:08,727 [Listener at 127.0.0.1/40229] INFO  grpc.GrpcConfigKeys (ConfUtils.java:logFallback(53)) - raft.grpc.client.host = null (fallback to raft.grpc.server.host)
2023-02-21 13:39:08,727 [Listener at 127.0.0.1/40229] INFO  grpc.GrpcConfigKeys (ConfUtils.java:logGet(46)) - raft.grpc.client.port = 0 (custom)
2023-02-21 13:39:08,727 [Listener at 127.0.0.1/40229] INFO  grpc.GrpcConfigKeys (ConfUtils.java:logGet(46)) - raft.grpc.server.host = null (default)
2023-02-21 13:39:08,728 [Listener at 127.0.0.1/40229] INFO  grpc.GrpcConfigKeys (ConfUtils.java:logGet(46)) - raft.grpc.server.port = 0 (default)
2023-02-21 13:39:08,728 [Listener at 127.0.0.1/40229] INFO  server.GrpcService (ConfUtils.java:logGet(46)) - raft.grpc.message.size.max = 32MB (=33554432) (custom)
2023-02-21 13:39:08,728 [Listener at 127.0.0.1/40229] INFO  server.RaftServerConfigKeys (ConfUtils.java:logGet(46)) - raft.server.log.appender.buffer.byte-limit = 33554432 (custom)
2023-02-21 13:39:08,728 [Listener at 127.0.0.1/40229] INFO  server.GrpcService (ConfUtils.java:logGet(46)) - raft.grpc.flow.control.window = 5MB (=5242880) (custom)
2023-02-21 13:39:08,728 [Listener at 127.0.0.1/40229] INFO  server.RaftServerConfigKeys (ConfUtils.java:logGet(46)) - raft.server.rpc.request.timeout = 60s (custom)
2023-02-21 13:39:08,728 [Listener at 127.0.0.1/40229] INFO  grpc.GrpcConfigKeys (ConfUtils.java:logGet(46)) - raft.grpc.server.heartbeat.channel = true (default)
2023-02-21 13:39:08,729 [Listener at 127.0.0.1/40229] INFO  grpc.GrpcConfigKeys (ConfUtils.java:logGet(46)) - raft.grpc.server.async.request.thread.pool.cached = true (default)
2023-02-21 13:39:08,729 [Listener at 127.0.0.1/40229] INFO  grpc.GrpcConfigKeys (ConfUtils.java:logGet(46)) - raft.grpc.server.async.request.thread.pool.size = 32 (default)
2023-02-21 13:39:08,730 [Listener at 127.0.0.1/40229] INFO  impl.DataStreamServerImpl (ConfUtils.java:logGet(46)) - raft.datastream.type = NETTY (custom)
2023-02-21 13:39:08,731 [Listener at 127.0.0.1/40229] INFO  server.RaftServerConfigKeys (ConfUtils.java:logGet(46)) - raft.server.data-stream.async.request.thread.pool.cached = false (default)
2023-02-21 13:39:08,731 [Listener at 127.0.0.1/40229] INFO  server.RaftServerConfigKeys (ConfUtils.java:logGet(46)) - raft.server.data-stream.async.request.thread.pool.size = 20 (custom)
2023-02-21 13:39:08,731 [Listener at 127.0.0.1/40229] INFO  server.RaftServerConfigKeys (ConfUtils.java:logGet(46)) - raft.server.data-stream.async.write.thread.pool.size = 16 (default)
2023-02-21 13:39:08,731 [Listener at 127.0.0.1/40229] INFO  server.RaftServerConfigKeys (ConfUtils.java:logGet(46)) - raft.server.data-stream.client.pool.size = 10 (default)
2023-02-21 13:39:08,731 [Listener at 127.0.0.1/40229] INFO  netty.NettyConfigKeys$DataStream (ConfUtils.java:logGet(46)) - raft.netty.dataStream.server.use-epoll = false (default)
2023-02-21 13:39:08,731 [Listener at 127.0.0.1/40229] INFO  netty.NettyConfigKeys$DataStream (ConfUtils.java:logGet(46)) - raft.netty.dataStream.server.boss-group.size = 0 (default)
2023-02-21 13:39:08,732 [Listener at 127.0.0.1/40229] INFO  netty.NettyConfigKeys$DataStream (ConfUtils.java:logGet(46)) - raft.netty.dataStream.server.worker-group.size = 0 (default)
2023-02-21 13:39:08,732 [Listener at 127.0.0.1/40229] INFO  netty.NettyConfigKeys$DataStream (ConfUtils.java:logGet(46)) - raft.netty.dataStream.server.tls.conf = null (default)
2023-02-21 13:39:08,732 [Listener at 127.0.0.1/40229] INFO  netty.NettyConfigKeys$DataStream (ConfUtils.java:logGet(46)) - raft.netty.dataStream.host = null (default)
2023-02-21 13:39:08,733 [Listener at 127.0.0.1/40229] INFO  netty.NettyConfigKeys$DataStream (ConfUtils.java:logGet(46)) - raft.netty.dataStream.port = 0 (default)
2023-02-21 13:39:08,733 [Listener at 127.0.0.1/40229] INFO  server.RaftServerConfigKeys (ConfUtils.java:logGet(46)) - raft.server.threadpool.proxy.cached = true (default)
2023-02-21 13:39:08,733 [Listener at 127.0.0.1/40229] INFO  server.RaftServerConfigKeys (ConfUtils.java:logGet(46)) - raft.server.threadpool.proxy.size = 0 (default)
2023-02-21 13:39:08,733 [Listener at 127.0.0.1/40229] INFO  server.RaftServerConfigKeys (ConfUtils.java:logGet(46)) - raft.server.rpc.slowness.timeout = 300s (custom)
2023-02-21 13:39:08,733 [Listener at 127.0.0.1/40229] INFO  server.RaftServerConfigKeys (ConfUtils.java:logGet(46)) - raft.server.leaderelection.leader.step-down.wait-time = 10s (default)
2023-02-21 13:39:08,734 [Listener at 127.0.0.1/40229] INFO  server.RaftServerConfigKeys (ConfUtils.java:logGet(46)) - raft.server.storage.dir = [/home/runner/work/ozone/ozone/hadoop-ozone/integration-test/target/test-dir/MiniOzoneClusterImpl-be926948-0f1c-4cac-9651-6eceb419abf0/datanode-2/data/ratis] (custom)
2023-02-21 13:39:08,735 [24a59b6b-5580-49f4-8674-e10ef71be698-NettyServerStreamRpc-bossGroup--thread1] INFO  logging.LoggingHandler (AbstractInternalLogger.java:log(148)) - [id: 0x9f4b270e] REGISTERED
2023-02-21 13:39:08,735 [24a59b6b-5580-49f4-8674-e10ef71be698-NettyServerStreamRpc-bossGroup--thread1] INFO  logging.LoggingHandler (AbstractInternalLogger.java:log(148)) - [id: 0x9f4b270e] BIND: 0.0.0.0/0.0.0.0:0
2023-02-21 13:39:08,735 [24a59b6b-5580-49f4-8674-e10ef71be698-NettyServerStreamRpc-bossGroup--thread1] INFO  logging.LoggingHandler (AbstractInternalLogger.java:log(148)) - [id: 0x9f4b270e, L:/0:0:0:0:0:0:0:0:37369] ACTIVE
2023-02-21 13:39:08,736 [Listener at 127.0.0.1/40229] INFO  server.XceiverServerGrpc (XceiverServerGrpc.java:<init>(132)) - GrpcServer channel type EpollServerSocketChannel
2023-02-21 13:39:08,740 [Listener at 127.0.0.1/40229] INFO  http.BaseHttpServer (BaseHttpServer.java:newHttpServer2BuilderForOzone(213)) - Starting Web-server for hddsDatanode at: http://0.0.0.0:0
2023-02-21 13:39:08,740 [Listener at 127.0.0.1/40229] INFO  http.BaseHttpServer (BaseHttpServer.java:<init>(108)) - Hadoop Security Enabled: false Ozone Security Enabled: false Ozone HTTP Security Enabled: false 
2023-02-21 13:39:08,741 [Listener at 127.0.0.1/40229] WARN  server.AuthenticationFilter (AuthenticationFilter.java:constructSecretProvider(240)) - Unable to initialize FileSignerSecretProvider, falling back to use random secrets. Reason: Could not read signature secret file: /home/runner/hadoop-http-auth-signature-secret
2023-02-21 13:39:08,742 [Listener at 127.0.0.1/40229] WARN  http.HttpRequestLog (HttpRequestLog.java:getRequestLog(103)) - Jetty request log can only be enabled using Log4j
2023-02-21 13:39:08,744 [Listener at 127.0.0.1/40229] INFO  http.HttpServer2 (HttpServer2.java:addGlobalFilter(1031)) - Added global filter 'safety' (class=org.apache.hadoop.hdds.server.http.HttpServer2$QuotingInputFilter)
2023-02-21 13:39:08,744 [Listener at 127.0.0.1/40229] INFO  http.HttpServer2 (HttpServer2.java:addFilter(1007)) - Added filter static_user_filter (class=org.apache.hadoop.http.lib.StaticUserWebFilter$StaticUserFilter) to context hddsDatanode
2023-02-21 13:39:08,745 [Listener at 127.0.0.1/40229] INFO  http.HttpServer2 (HttpServer2.java:addFilter(1015)) - Added filter static_user_filter (class=org.apache.hadoop.http.lib.StaticUserWebFilter$StaticUserFilter) to context logs
2023-02-21 13:39:08,745 [Listener at 127.0.0.1/40229] INFO  http.HttpServer2 (HttpServer2.java:addFilter(1015)) - Added filter static_user_filter (class=org.apache.hadoop.http.lib.StaticUserWebFilter$StaticUserFilter) to context static
2023-02-21 13:39:08,745 [Listener at 127.0.0.1/40229] INFO  http.HttpServer2 (HttpServer2.java:bindListener(1250)) - Jetty bound to port 44877
2023-02-21 13:39:08,745 [Listener at 127.0.0.1/40229] INFO  server.Server (Server.java:doStart(375)) - jetty-9.4.49.v20220914; built: 2022-09-14T01:07:36.601Z; git: 4231a3b2e4cb8548a412a789936d640a97b1aa0a; jvm 1.8.0_362-b09
2023-02-21 13:39:08,751 [Listener at 127.0.0.1/40229] INFO  server.session (DefaultSessionIdManager.java:doStart(334)) - DefaultSessionIdManager workerName=node0
2023-02-21 13:39:08,752 [Listener at 127.0.0.1/40229] INFO  server.session (DefaultSessionIdManager.java:doStart(339)) - No SessionScavenger set, using defaults
2023-02-21 13:39:08,752 [Listener at 127.0.0.1/40229] INFO  server.session (HouseKeeper.java:startScavenging(132)) - node0 Scavenging every 660000ms
2023-02-21 13:39:08,753 [Listener at 127.0.0.1/40229] INFO  handler.ContextHandler (ContextHandler.java:doStart(921)) - Started o.e.j.s.ServletContextHandler@368d3918{logs,/logs,file:///home/runner/work/ozone/ozone/hadoop-ozone/integration-test/target/log,AVAILABLE}
2023-02-21 13:39:08,753 [Listener at 127.0.0.1/40229] INFO  handler.ContextHandler (ContextHandler.java:doStart(921)) - Started o.e.j.s.ServletContextHandler@d73727c{static,/static,jar:file:/home/runner/.m2/repository/org/apache/ozone/hdds-container-service/1.4.0-SNAPSHOT/hdds-container-service-1.4.0-SNAPSHOT.jar!/webapps/static,AVAILABLE}
2023-02-21 13:39:08,973 [Listener at 127.0.0.1/40229] INFO  handler.ContextHandler (ContextHandler.java:doStart(921)) - Started o.e.j.w.WebAppContext@1c88b8b5{hddsDatanode,/,file:///tmp/jetty-0_0_0_0-44877-hdds-container-service-1_4_0-SNAPSHOT_jar-_-any-2834983840418285377/webapp/,AVAILABLE}{jar:file:/home/runner/.m2/repository/org/apache/ozone/hdds-container-service/1.4.0-SNAPSHOT/hdds-container-service-1.4.0-SNAPSHOT.jar!/webapps/hddsDatanode}
2023-02-21 13:39:08,978 [Listener at 127.0.0.1/40229] INFO  server.AbstractConnector (AbstractConnector.java:doStart(333)) - Started ServerConnector@53dba802{HTTP/1.1, (http/1.1)}{0.0.0.0:44877}
2023-02-21 13:39:08,978 [Listener at 127.0.0.1/40229] INFO  server.Server (Server.java:doStart(415)) - Started @97693ms
2023-02-21 13:39:08,978 [Listener at 127.0.0.1/40229] WARN  impl.MetricsSystemImpl (MetricsSystemImpl.java:register(279)) - Sink prometheus already exists!
2023-02-21 13:39:08,979 [Listener at 127.0.0.1/40229] INFO  http.BaseHttpServer (BaseHttpServer.java:updateConnectorAddress(333)) - HTTP server of hddsDatanode listening at http://0.0.0.0:44877
2023-02-21 13:39:08,982 [Listener at 127.0.0.1/40229] WARN  impl.MetricRegistriesImpl (MetricRegistriesImpl.java:addReporterRegistration(111)) - New reporters are added after registries were created. Some metrics will be missing from the reporter. Please add reporter before adding any new registry.
2023-02-21 13:39:08,982 [Listener at 127.0.0.1/40229] WARN  impl.MetricRegistriesImpl (MetricRegistriesImpl.java:addReporterRegistration(111)) - New reporters are added after registries were created. Some metrics will be missing from the reporter. Please add reporter before adding any new registry.
2023-02-21 13:39:08,983 [Listener at 127.0.0.1/40229] INFO  impl.MetricsSystemImpl (MetricsSystemImpl.java:init(158)) - HddsDatanode metrics system started (again)
2023-02-21 13:39:08,986 [Datanode State Machine Daemon Thread] INFO  statemachine.DatanodeStateMachine (DatanodeStateMachine.java:lambda$startDaemon$0(516)) - Ozone container server started.
2023-02-21 13:39:09,008 [Listener at 127.0.0.1/40229] INFO  ozone.HddsDatanodeService (HddsDatanodeService.java:start(228)) - HddsDatanodeService host:fv-az318-260.ewvrrcgabbbubjc05i3n4a3pph.dx.internal.cloudapp.net ip:10.1.0.81
2023-02-21 13:39:09,020 [Datanode State Machine Task Thread - 0] INFO  datanode.InitDatanodeState (InitDatanodeState.java:persistContainerDatanodeDetails(138)) - DatanodeDetails is persisted to /home/runner/work/ozone/ozone/hadoop-ozone/integration-test/target/test-dir/MiniOzoneClusterImpl-be926948-0f1c-4cac-9651-6eceb419abf0/datanode-2/meta/datanode.id
2023-02-21 13:39:09,021 [org.apache.hadoop.util.JvmPauseMonitor$Monitor@32caf9eb] INFO  util.JvmPauseMonitor (JvmPauseMonitor.java:run(188)) - Starting JVM pause monitor
2023-02-21 13:39:09,035 [Listener at 127.0.0.1/40229] INFO  upgrade.AbstractLayoutVersionManager (AbstractLayoutVersionManager.java:init(83)) - Initializing Layout version manager with metadata layout = DATANODE_SCHEMA_V3 (version = 4), software layout = DATANODE_SCHEMA_V3 (version = 4)
2023-02-21 13:39:09,093 [Listener at 127.0.0.1/40229] INFO  reflections.Reflections (Reflections.java:scan(232)) - Reflections took 57 ms to scan 7 urls, producing 150 keys and 362 values 
2023-02-21 13:39:09,094 [Listener at 127.0.0.1/40229] INFO  statemachine.DatanodeStateMachine (DatanodeStateMachine.java:getEndPointTaskThreadPoolSize(260)) - Datanode State Machine Task Thread Pool size 2
2023-02-21 13:39:09,096 [Listener at 127.0.0.1/40229] INFO  volume.HddsVolume (HddsVolume.java:<init>(122)) - Creating HddsVolume: /home/runner/work/ozone/ozone/hadoop-ozone/integration-test/target/test-dir/MiniOzoneClusterImpl-be926948-0f1c-4cac-9651-6eceb419abf0/datanode-3/data-0/containers/hdds of storage type : DISK capacity : 9223372036854775807
2023-02-21 13:39:09,096 [Listener at 127.0.0.1/40229] INFO  volume.MutableVolumeSet (MutableVolumeSet.java:initializeVolumeSet(174)) - Added Volume : /home/runner/work/ozone/ozone/hadoop-ozone/integration-test/target/test-dir/MiniOzoneClusterImpl-be926948-0f1c-4cac-9651-6eceb419abf0/datanode-3/data-0/containers/hdds to VolumeSet
2023-02-21 13:39:09,097 [Listener at 127.0.0.1/40229] INFO  volume.ThrottledAsyncChecker (ThrottledAsyncChecker.java:schedule(141)) - Scheduling a check for /home/runner/work/ozone/ozone/hadoop-ozone/integration-test/target/test-dir/MiniOzoneClusterImpl-be926948-0f1c-4cac-9651-6eceb419abf0/datanode-3/data-0/containers/hdds
2023-02-21 13:39:09,104 [Listener at 127.0.0.1/40229] INFO  volume.StorageVolumeChecker (StorageVolumeChecker.java:checkAllVolumes(202)) - Scheduled health check for volume /home/runner/work/ozone/ozone/hadoop-ozone/integration-test/target/test-dir/MiniOzoneClusterImpl-be926948-0f1c-4cac-9651-6eceb419abf0/datanode-3/data-0/containers/hdds
2023-02-21 13:39:09,121 [Listener at 127.0.0.1/40229] INFO  volume.MutableVolumeSet (MutableVolumeSet.java:initializeVolumeSet(174)) - Added Volume : /home/runner/work/ozone/ozone/hadoop-ozone/integration-test/target/test-dir/MiniOzoneClusterImpl-be926948-0f1c-4cac-9651-6eceb419abf0/datanode-3/data/ratis to VolumeSet
2023-02-21 13:39:09,122 [Listener at 127.0.0.1/40229] INFO  volume.ThrottledAsyncChecker (ThrottledAsyncChecker.java:schedule(141)) - Scheduling a check for /home/runner/work/ozone/ozone/hadoop-ozone/integration-test/target/test-dir/MiniOzoneClusterImpl-be926948-0f1c-4cac-9651-6eceb419abf0/datanode-3/data/ratis
2023-02-21 13:39:09,122 [Listener at 127.0.0.1/40229] INFO  volume.StorageVolumeChecker (StorageVolumeChecker.java:checkAllVolumes(202)) - Scheduled health check for volume /home/runner/work/ozone/ozone/hadoop-ozone/integration-test/target/test-dir/MiniOzoneClusterImpl-be926948-0f1c-4cac-9651-6eceb419abf0/datanode-3/data/ratis
2023-02-21 13:39:09,134 [Thread-655] INFO  ozoneimpl.ContainerReader (ContainerReader.java:readVolume(175)) - Finish verifying containers on volume /home/runner/work/ozone/ozone/hadoop-ozone/integration-test/target/test-dir/MiniOzoneClusterImpl-be926948-0f1c-4cac-9651-6eceb419abf0/datanode-3/data-0/containers/hdds
2023-02-21 13:39:09,134 [Listener at 127.0.0.1/40229] INFO  ozoneimpl.OzoneContainer (OzoneContainer.java:buildContainerSet(304)) - Build ContainerSet costs 0s
2023-02-21 13:39:09,137 [Listener at 127.0.0.1/40229] INFO  server.RaftServer (ConfUtils.java:logGet(46)) - raft.rpc.type = GRPC (default)
2023-02-21 13:39:09,137 [Listener at 127.0.0.1/40229] INFO  grpc.GrpcConfigKeys (ConfUtils.java:logFallback(53)) - raft.grpc.admin.host = null (fallback to raft.grpc.server.host)
2023-02-21 13:39:09,137 [Listener at 127.0.0.1/40229] INFO  grpc.GrpcConfigKeys (ConfUtils.java:logGet(46)) - raft.grpc.admin.port = 0 (custom)
2023-02-21 13:39:09,137 [Listener at 127.0.0.1/40229] INFO  grpc.GrpcConfigKeys (ConfUtils.java:logFallback(53)) - raft.grpc.client.host = null (fallback to raft.grpc.server.host)
2023-02-21 13:39:09,137 [Listener at 127.0.0.1/40229] INFO  grpc.GrpcConfigKeys (ConfUtils.java:logGet(46)) - raft.grpc.client.port = 0 (custom)
2023-02-21 13:39:09,138 [Listener at 127.0.0.1/40229] INFO  grpc.GrpcConfigKeys (ConfUtils.java:logGet(46)) - raft.grpc.server.host = null (default)
2023-02-21 13:39:09,138 [Listener at 127.0.0.1/40229] INFO  grpc.GrpcConfigKeys (ConfUtils.java:logGet(46)) - raft.grpc.server.port = 0 (default)
2023-02-21 13:39:09,138 [Listener at 127.0.0.1/40229] INFO  server.GrpcService (ConfUtils.java:logGet(46)) - raft.grpc.message.size.max = 32MB (=33554432) (custom)
2023-02-21 13:39:09,138 [Listener at 127.0.0.1/40229] INFO  server.RaftServerConfigKeys (ConfUtils.java:logGet(46)) - raft.server.log.appender.buffer.byte-limit = 33554432 (custom)
2023-02-21 13:39:09,138 [Listener at 127.0.0.1/40229] INFO  server.GrpcService (ConfUtils.java:logGet(46)) - raft.grpc.flow.control.window = 5MB (=5242880) (custom)
2023-02-21 13:39:09,138 [Listener at 127.0.0.1/40229] INFO  server.RaftServerConfigKeys (ConfUtils.java:logGet(46)) - raft.server.rpc.request.timeout = 60s (custom)
2023-02-21 13:39:09,139 [Listener at 127.0.0.1/40229] INFO  grpc.GrpcConfigKeys (ConfUtils.java:logGet(46)) - raft.grpc.server.heartbeat.channel = true (default)
2023-02-21 13:39:09,139 [Listener at 127.0.0.1/40229] INFO  grpc.GrpcConfigKeys (ConfUtils.java:logGet(46)) - raft.grpc.server.async.request.thread.pool.cached = true (default)
2023-02-21 13:39:09,139 [Listener at 127.0.0.1/40229] INFO  grpc.GrpcConfigKeys (ConfUtils.java:logGet(46)) - raft.grpc.server.async.request.thread.pool.size = 32 (default)
2023-02-21 13:39:09,140 [Listener at 127.0.0.1/40229] INFO  impl.DataStreamServerImpl (ConfUtils.java:logGet(46)) - raft.datastream.type = NETTY (custom)
2023-02-21 13:39:09,140 [Listener at 127.0.0.1/40229] INFO  server.RaftServerConfigKeys (ConfUtils.java:logGet(46)) - raft.server.data-stream.async.request.thread.pool.cached = false (default)
2023-02-21 13:39:09,140 [Listener at 127.0.0.1/40229] INFO  server.RaftServerConfigKeys (ConfUtils.java:logGet(46)) - raft.server.data-stream.async.request.thread.pool.size = 20 (custom)
2023-02-21 13:39:09,141 [Listener at 127.0.0.1/40229] INFO  server.RaftServerConfigKeys (ConfUtils.java:logGet(46)) - raft.server.data-stream.async.write.thread.pool.size = 16 (default)
2023-02-21 13:39:09,141 [Listener at 127.0.0.1/40229] INFO  server.RaftServerConfigKeys (ConfUtils.java:logGet(46)) - raft.server.data-stream.client.pool.size = 10 (default)
2023-02-21 13:39:09,141 [Listener at 127.0.0.1/40229] INFO  netty.NettyConfigKeys$DataStream (ConfUtils.java:logGet(46)) - raft.netty.dataStream.server.use-epoll = false (default)
2023-02-21 13:39:09,141 [Listener at 127.0.0.1/40229] INFO  netty.NettyConfigKeys$DataStream (ConfUtils.java:logGet(46)) - raft.netty.dataStream.server.boss-group.size = 0 (default)
2023-02-21 13:39:09,142 [Listener at 127.0.0.1/40229] INFO  netty.NettyConfigKeys$DataStream (ConfUtils.java:logGet(46)) - raft.netty.dataStream.server.worker-group.size = 0 (default)
2023-02-21 13:39:09,142 [Listener at 127.0.0.1/40229] INFO  netty.NettyConfigKeys$DataStream (ConfUtils.java:logGet(46)) - raft.netty.dataStream.server.tls.conf = null (default)
2023-02-21 13:39:09,142 [Listener at 127.0.0.1/40229] INFO  netty.NettyConfigKeys$DataStream (ConfUtils.java:logGet(46)) - raft.netty.dataStream.host = null (default)
2023-02-21 13:39:09,142 [Listener at 127.0.0.1/40229] INFO  netty.NettyConfigKeys$DataStream (ConfUtils.java:logGet(46)) - raft.netty.dataStream.port = 0 (default)
2023-02-21 13:39:09,143 [Listener at 127.0.0.1/40229] INFO  server.RaftServerConfigKeys (ConfUtils.java:logGet(46)) - raft.server.threadpool.proxy.cached = true (default)
2023-02-21 13:39:09,144 [Listener at 127.0.0.1/40229] INFO  server.RaftServerConfigKeys (ConfUtils.java:logGet(46)) - raft.server.threadpool.proxy.size = 0 (default)
2023-02-21 13:39:09,144 [66960b80-c593-4b74-88fd-c621ad684876-NettyServerStreamRpc-bossGroup--thread1] INFO  logging.LoggingHandler (AbstractInternalLogger.java:log(148)) - [id: 0x5aa9f465] REGISTERED
2023-02-21 13:39:09,144 [Listener at 127.0.0.1/40229] INFO  server.RaftServerConfigKeys (ConfUtils.java:logGet(46)) - raft.server.rpc.slowness.timeout = 300s (custom)
2023-02-21 13:39:09,144 [Listener at 127.0.0.1/40229] INFO  server.RaftServerConfigKeys (ConfUtils.java:logGet(46)) - raft.server.leaderelection.leader.step-down.wait-time = 10s (default)
2023-02-21 13:39:09,144 [Listener at 127.0.0.1/40229] INFO  server.RaftServerConfigKeys (ConfUtils.java:logGet(46)) - raft.server.storage.dir = [/home/runner/work/ozone/ozone/hadoop-ozone/integration-test/target/test-dir/MiniOzoneClusterImpl-be926948-0f1c-4cac-9651-6eceb419abf0/datanode-3/data/ratis] (custom)
2023-02-21 13:39:09,146 [Listener at 127.0.0.1/40229] INFO  server.XceiverServerGrpc (XceiverServerGrpc.java:<init>(132)) - GrpcServer channel type EpollServerSocketChannel
2023-02-21 13:39:09,149 [Listener at 127.0.0.1/40229] INFO  http.BaseHttpServer (BaseHttpServer.java:newHttpServer2BuilderForOzone(213)) - Starting Web-server for hddsDatanode at: http://0.0.0.0:0
2023-02-21 13:39:09,149 [Listener at 127.0.0.1/40229] INFO  http.BaseHttpServer (BaseHttpServer.java:<init>(108)) - Hadoop Security Enabled: false Ozone Security Enabled: false Ozone HTTP Security Enabled: false 
2023-02-21 13:39:09,151 [Listener at 127.0.0.1/40229] WARN  server.AuthenticationFilter (AuthenticationFilter.java:constructSecretProvider(240)) - Unable to initialize FileSignerSecretProvider, falling back to use random secrets. Reason: Could not read signature secret file: /home/runner/hadoop-http-auth-signature-secret
2023-02-21 13:39:09,151 [Listener at 127.0.0.1/40229] WARN  http.HttpRequestLog (HttpRequestLog.java:getRequestLog(103)) - Jetty request log can only be enabled using Log4j
2023-02-21 13:39:09,152 [66960b80-c593-4b74-88fd-c621ad684876-NettyServerStreamRpc-bossGroup--thread1] INFO  logging.LoggingHandler (AbstractInternalLogger.java:log(148)) - [id: 0x5aa9f465] BIND: 0.0.0.0/0.0.0.0:0
2023-02-21 13:39:09,152 [66960b80-c593-4b74-88fd-c621ad684876-NettyServerStreamRpc-bossGroup--thread1] INFO  logging.LoggingHandler (AbstractInternalLogger.java:log(148)) - [id: 0x5aa9f465, L:/0:0:0:0:0:0:0:0:40997] ACTIVE
2023-02-21 13:39:09,153 [Listener at 127.0.0.1/40229] INFO  http.HttpServer2 (HttpServer2.java:addGlobalFilter(1031)) - Added global filter 'safety' (class=org.apache.hadoop.hdds.server.http.HttpServer2$QuotingInputFilter)
2023-02-21 13:39:09,153 [Listener at 127.0.0.1/40229] INFO  http.HttpServer2 (HttpServer2.java:addFilter(1007)) - Added filter static_user_filter (class=org.apache.hadoop.http.lib.StaticUserWebFilter$StaticUserFilter) to context hddsDatanode
2023-02-21 13:39:09,153 [Listener at 127.0.0.1/40229] INFO  http.HttpServer2 (HttpServer2.java:addFilter(1015)) - Added filter static_user_filter (class=org.apache.hadoop.http.lib.StaticUserWebFilter$StaticUserFilter) to context logs
2023-02-21 13:39:09,153 [Listener at 127.0.0.1/40229] INFO  http.HttpServer2 (HttpServer2.java:addFilter(1015)) - Added filter static_user_filter (class=org.apache.hadoop.http.lib.StaticUserWebFilter$StaticUserFilter) to context static
2023-02-21 13:39:09,154 [Listener at 127.0.0.1/40229] INFO  http.HttpServer2 (HttpServer2.java:bindListener(1250)) - Jetty bound to port 40079
2023-02-21 13:39:09,154 [Listener at 127.0.0.1/40229] INFO  server.Server (Server.java:doStart(375)) - jetty-9.4.49.v20220914; built: 2022-09-14T01:07:36.601Z; git: 4231a3b2e4cb8548a412a789936d640a97b1aa0a; jvm 1.8.0_362-b09
2023-02-21 13:39:09,156 [Listener at 127.0.0.1/40229] INFO  server.session (DefaultSessionIdManager.java:doStart(334)) - DefaultSessionIdManager workerName=node0
2023-02-21 13:39:09,156 [Listener at 127.0.0.1/40229] INFO  server.session (DefaultSessionIdManager.java:doStart(339)) - No SessionScavenger set, using defaults
2023-02-21 13:39:09,156 [Listener at 127.0.0.1/40229] INFO  server.session (HouseKeeper.java:startScavenging(132)) - node0 Scavenging every 660000ms
2023-02-21 13:39:09,157 [Listener at 127.0.0.1/40229] INFO  handler.ContextHandler (ContextHandler.java:doStart(921)) - Started o.e.j.s.ServletContextHandler@449f5887{logs,/logs,file:///home/runner/work/ozone/ozone/hadoop-ozone/integration-test/target/log,AVAILABLE}
2023-02-21 13:39:09,157 [Listener at 127.0.0.1/40229] INFO  handler.ContextHandler (ContextHandler.java:doStart(921)) - Started o.e.j.s.ServletContextHandler@752c2f42{static,/static,jar:file:/home/runner/.m2/repository/org/apache/ozone/hdds-container-service/1.4.0-SNAPSHOT/hdds-container-service-1.4.0-SNAPSHOT.jar!/webapps/static,AVAILABLE}
2023-02-21 13:39:09,383 [Listener at 127.0.0.1/40229] INFO  handler.ContextHandler (ContextHandler.java:doStart(921)) - Started o.e.j.w.WebAppContext@31e49aec{hddsDatanode,/,file:///tmp/jetty-0_0_0_0-40079-hdds-container-service-1_4_0-SNAPSHOT_jar-_-any-7094437197887951222/webapp/,AVAILABLE}{jar:file:/home/runner/.m2/repository/org/apache/ozone/hdds-container-service/1.4.0-SNAPSHOT/hdds-container-service-1.4.0-SNAPSHOT.jar!/webapps/hddsDatanode}
2023-02-21 13:39:09,385 [Listener at 127.0.0.1/40229] INFO  server.AbstractConnector (AbstractConnector.java:doStart(333)) - Started ServerConnector@2becc0e4{HTTP/1.1, (http/1.1)}{0.0.0.0:40079}
2023-02-21 13:39:09,385 [Listener at 127.0.0.1/40229] INFO  server.Server (Server.java:doStart(415)) - Started @98100ms
2023-02-21 13:39:09,385 [Listener at 127.0.0.1/40229] WARN  impl.MetricsSystemImpl (MetricsSystemImpl.java:register(279)) - Sink prometheus already exists!
2023-02-21 13:39:09,386 [Listener at 127.0.0.1/40229] INFO  http.BaseHttpServer (BaseHttpServer.java:updateConnectorAddress(333)) - HTTP server of hddsDatanode listening at http://0.0.0.0:40079
2023-02-21 13:39:09,387 [Listener at 127.0.0.1/40229] WARN  impl.MetricRegistriesImpl (MetricRegistriesImpl.java:addReporterRegistration(111)) - New reporters are added after registries were created. Some metrics will be missing from the reporter. Please add reporter before adding any new registry.
2023-02-21 13:39:09,387 [Listener at 127.0.0.1/40229] WARN  impl.MetricRegistriesImpl (MetricRegistriesImpl.java:addReporterRegistration(111)) - New reporters are added after registries were created. Some metrics will be missing from the reporter. Please add reporter before adding any new registry.
2023-02-21 13:39:09,387 [Listener at 127.0.0.1/40229] INFO  impl.MetricsSystemImpl (MetricsSystemImpl.java:init(158)) - HddsDatanode metrics system started (again)
2023-02-21 13:39:09,390 [Datanode State Machine Daemon Thread] INFO  statemachine.DatanodeStateMachine (DatanodeStateMachine.java:lambda$startDaemon$0(516)) - Ozone container server started.
2023-02-21 13:39:09,415 [Listener at 127.0.0.1/40229] INFO  ozone.HddsDatanodeService (HddsDatanodeService.java:start(228)) - HddsDatanodeService host:fv-az318-260.ewvrrcgabbbubjc05i3n4a3pph.dx.internal.cloudapp.net ip:10.1.0.81
2023-02-21 13:39:09,430 [org.apache.hadoop.util.JvmPauseMonitor$Monitor@500c2da2] INFO  util.JvmPauseMonitor (JvmPauseMonitor.java:run(188)) - Starting JVM pause monitor
2023-02-21 13:39:09,434 [Datanode State Machine Task Thread - 0] INFO  datanode.InitDatanodeState (InitDatanodeState.java:persistContainerDatanodeDetails(138)) - DatanodeDetails is persisted to /home/runner/work/ozone/ozone/hadoop-ozone/integration-test/target/test-dir/MiniOzoneClusterImpl-be926948-0f1c-4cac-9651-6eceb419abf0/datanode-3/meta/datanode.id
2023-02-21 13:39:09,447 [Listener at 127.0.0.1/40229] INFO  upgrade.AbstractLayoutVersionManager (AbstractLayoutVersionManager.java:init(83)) - Initializing Layout version manager with metadata layout = DATANODE_SCHEMA_V3 (version = 4), software layout = DATANODE_SCHEMA_V3 (version = 4)
2023-02-21 13:39:09,571 [Listener at 127.0.0.1/40229] INFO  reflections.Reflections (Reflections.java:scan(232)) - Reflections took 120 ms to scan 7 urls, producing 150 keys and 362 values 
2023-02-21 13:39:09,572 [Listener at 127.0.0.1/40229] INFO  statemachine.DatanodeStateMachine (DatanodeStateMachine.java:getEndPointTaskThreadPoolSize(260)) - Datanode State Machine Task Thread Pool size 2
2023-02-21 13:39:09,574 [Listener at 127.0.0.1/40229] INFO  volume.HddsVolume (HddsVolume.java:<init>(122)) - Creating HddsVolume: /home/runner/work/ozone/ozone/hadoop-ozone/integration-test/target/test-dir/MiniOzoneClusterImpl-be926948-0f1c-4cac-9651-6eceb419abf0/datanode-4/data-0/containers/hdds of storage type : DISK capacity : 9223372036854775807
2023-02-21 13:39:09,574 [Listener at 127.0.0.1/40229] INFO  volume.MutableVolumeSet (MutableVolumeSet.java:initializeVolumeSet(174)) - Added Volume : /home/runner/work/ozone/ozone/hadoop-ozone/integration-test/target/test-dir/MiniOzoneClusterImpl-be926948-0f1c-4cac-9651-6eceb419abf0/datanode-4/data-0/containers/hdds to VolumeSet
2023-02-21 13:39:09,574 [Listener at 127.0.0.1/40229] INFO  volume.ThrottledAsyncChecker (ThrottledAsyncChecker.java:schedule(141)) - Scheduling a check for /home/runner/work/ozone/ozone/hadoop-ozone/integration-test/target/test-dir/MiniOzoneClusterImpl-be926948-0f1c-4cac-9651-6eceb419abf0/datanode-4/data-0/containers/hdds
2023-02-21 13:39:09,575 [Listener at 127.0.0.1/40229] INFO  volume.StorageVolumeChecker (StorageVolumeChecker.java:checkAllVolumes(202)) - Scheduled health check for volume /home/runner/work/ozone/ozone/hadoop-ozone/integration-test/target/test-dir/MiniOzoneClusterImpl-be926948-0f1c-4cac-9651-6eceb419abf0/datanode-4/data-0/containers/hdds
2023-02-21 13:39:09,589 [Listener at 127.0.0.1/40229] INFO  volume.MutableVolumeSet (MutableVolumeSet.java:initializeVolumeSet(174)) - Added Volume : /home/runner/work/ozone/ozone/hadoop-ozone/integration-test/target/test-dir/MiniOzoneClusterImpl-be926948-0f1c-4cac-9651-6eceb419abf0/datanode-4/data/ratis to VolumeSet
2023-02-21 13:39:09,590 [Listener at 127.0.0.1/40229] INFO  volume.ThrottledAsyncChecker (ThrottledAsyncChecker.java:schedule(141)) - Scheduling a check for /home/runner/work/ozone/ozone/hadoop-ozone/integration-test/target/test-dir/MiniOzoneClusterImpl-be926948-0f1c-4cac-9651-6eceb419abf0/datanode-4/data/ratis
2023-02-21 13:39:09,590 [Listener at 127.0.0.1/40229] INFO  volume.StorageVolumeChecker (StorageVolumeChecker.java:checkAllVolumes(202)) - Scheduled health check for volume /home/runner/work/ozone/ozone/hadoop-ozone/integration-test/target/test-dir/MiniOzoneClusterImpl-be926948-0f1c-4cac-9651-6eceb419abf0/datanode-4/data/ratis
2023-02-21 13:39:09,603 [Thread-669] INFO  ozoneimpl.ContainerReader (ContainerReader.java:readVolume(175)) - Finish verifying containers on volume /home/runner/work/ozone/ozone/hadoop-ozone/integration-test/target/test-dir/MiniOzoneClusterImpl-be926948-0f1c-4cac-9651-6eceb419abf0/datanode-4/data-0/containers/hdds
2023-02-21 13:39:09,603 [Listener at 127.0.0.1/40229] INFO  ozoneimpl.OzoneContainer (OzoneContainer.java:buildContainerSet(304)) - Build ContainerSet costs 0s
2023-02-21 13:39:09,605 [Listener at 127.0.0.1/40229] INFO  server.RaftServer (ConfUtils.java:logGet(46)) - raft.rpc.type = GRPC (default)
2023-02-21 13:39:09,606 [Listener at 127.0.0.1/40229] INFO  grpc.GrpcConfigKeys (ConfUtils.java:logFallback(53)) - raft.grpc.admin.host = null (fallback to raft.grpc.server.host)
2023-02-21 13:39:09,606 [Listener at 127.0.0.1/40229] INFO  grpc.GrpcConfigKeys (ConfUtils.java:logGet(46)) - raft.grpc.admin.port = 0 (custom)
2023-02-21 13:39:09,606 [Listener at 127.0.0.1/40229] INFO  grpc.GrpcConfigKeys (ConfUtils.java:logFallback(53)) - raft.grpc.client.host = null (fallback to raft.grpc.server.host)
2023-02-21 13:39:09,606 [Listener at 127.0.0.1/40229] INFO  grpc.GrpcConfigKeys (ConfUtils.java:logGet(46)) - raft.grpc.client.port = 0 (custom)
2023-02-21 13:39:09,606 [Listener at 127.0.0.1/40229] INFO  grpc.GrpcConfigKeys (ConfUtils.java:logGet(46)) - raft.grpc.server.host = null (default)
2023-02-21 13:39:09,607 [Listener at 127.0.0.1/40229] INFO  grpc.GrpcConfigKeys (ConfUtils.java:logGet(46)) - raft.grpc.server.port = 0 (default)
2023-02-21 13:39:09,607 [Listener at 127.0.0.1/40229] INFO  server.GrpcService (ConfUtils.java:logGet(46)) - raft.grpc.message.size.max = 32MB (=33554432) (custom)
2023-02-21 13:39:09,607 [Listener at 127.0.0.1/40229] INFO  server.RaftServerConfigKeys (ConfUtils.java:logGet(46)) - raft.server.log.appender.buffer.byte-limit = 33554432 (custom)
2023-02-21 13:39:09,607 [Listener at 127.0.0.1/40229] INFO  server.GrpcService (ConfUtils.java:logGet(46)) - raft.grpc.flow.control.window = 5MB (=5242880) (custom)
2023-02-21 13:39:09,607 [Listener at 127.0.0.1/40229] INFO  server.RaftServerConfigKeys (ConfUtils.java:logGet(46)) - raft.server.rpc.request.timeout = 60s (custom)
2023-02-21 13:39:09,607 [Listener at 127.0.0.1/40229] INFO  grpc.GrpcConfigKeys (ConfUtils.java:logGet(46)) - raft.grpc.server.heartbeat.channel = true (default)
2023-02-21 13:39:09,608 [Listener at 127.0.0.1/40229] INFO  grpc.GrpcConfigKeys (ConfUtils.java:logGet(46)) - raft.grpc.server.async.request.thread.pool.cached = true (default)
2023-02-21 13:39:09,608 [Listener at 127.0.0.1/40229] INFO  grpc.GrpcConfigKeys (ConfUtils.java:logGet(46)) - raft.grpc.server.async.request.thread.pool.size = 32 (default)
2023-02-21 13:39:09,609 [Listener at 127.0.0.1/40229] INFO  impl.DataStreamServerImpl (ConfUtils.java:logGet(46)) - raft.datastream.type = NETTY (custom)
2023-02-21 13:39:09,609 [Listener at 127.0.0.1/40229] INFO  server.RaftServerConfigKeys (ConfUtils.java:logGet(46)) - raft.server.data-stream.async.request.thread.pool.cached = false (default)
2023-02-21 13:39:09,610 [Listener at 127.0.0.1/40229] INFO  server.RaftServerConfigKeys (ConfUtils.java:logGet(46)) - raft.server.data-stream.async.request.thread.pool.size = 20 (custom)
2023-02-21 13:39:09,610 [Listener at 127.0.0.1/40229] INFO  server.RaftServerConfigKeys (ConfUtils.java:logGet(46)) - raft.server.data-stream.async.write.thread.pool.size = 16 (default)
2023-02-21 13:39:09,610 [Listener at 127.0.0.1/40229] INFO  server.RaftServerConfigKeys (ConfUtils.java:logGet(46)) - raft.server.data-stream.client.pool.size = 10 (default)
2023-02-21 13:39:09,610 [Listener at 127.0.0.1/40229] INFO  netty.NettyConfigKeys$DataStream (ConfUtils.java:logGet(46)) - raft.netty.dataStream.server.use-epoll = false (default)
2023-02-21 13:39:09,610 [Listener at 127.0.0.1/40229] INFO  netty.NettyConfigKeys$DataStream (ConfUtils.java:logGet(46)) - raft.netty.dataStream.server.boss-group.size = 0 (default)
2023-02-21 13:39:09,611 [Listener at 127.0.0.1/40229] INFO  netty.NettyConfigKeys$DataStream (ConfUtils.java:logGet(46)) - raft.netty.dataStream.server.worker-group.size = 0 (default)
2023-02-21 13:39:09,611 [Listener at 127.0.0.1/40229] INFO  netty.NettyConfigKeys$DataStream (ConfUtils.java:logGet(46)) - raft.netty.dataStream.server.tls.conf = null (default)
2023-02-21 13:39:09,611 [Listener at 127.0.0.1/40229] INFO  netty.NettyConfigKeys$DataStream (ConfUtils.java:logGet(46)) - raft.netty.dataStream.host = null (default)
2023-02-21 13:39:09,612 [Listener at 127.0.0.1/40229] INFO  netty.NettyConfigKeys$DataStream (ConfUtils.java:logGet(46)) - raft.netty.dataStream.port = 0 (default)
2023-02-21 13:39:09,612 [Listener at 127.0.0.1/40229] INFO  server.RaftServerConfigKeys (ConfUtils.java:logGet(46)) - raft.server.threadpool.proxy.cached = true (default)
2023-02-21 13:39:09,612 [Listener at 127.0.0.1/40229] INFO  server.RaftServerConfigKeys (ConfUtils.java:logGet(46)) - raft.server.threadpool.proxy.size = 0 (default)
2023-02-21 13:39:09,613 [Listener at 127.0.0.1/40229] INFO  server.RaftServerConfigKeys (ConfUtils.java:logGet(46)) - raft.server.rpc.slowness.timeout = 300s (custom)
2023-02-21 13:39:09,613 [Listener at 127.0.0.1/40229] INFO  server.RaftServerConfigKeys (ConfUtils.java:logGet(46)) - raft.server.leaderelection.leader.step-down.wait-time = 10s (default)
2023-02-21 13:39:09,613 [Listener at 127.0.0.1/40229] INFO  server.RaftServerConfigKeys (ConfUtils.java:logGet(46)) - raft.server.storage.dir = [/home/runner/work/ozone/ozone/hadoop-ozone/integration-test/target/test-dir/MiniOzoneClusterImpl-be926948-0f1c-4cac-9651-6eceb419abf0/datanode-4/data/ratis] (custom)
2023-02-21 13:39:09,619 [3e39c96d-43de-444f-825b-71406d153b89-NettyServerStreamRpc-bossGroup--thread1] INFO  logging.LoggingHandler (AbstractInternalLogger.java:log(148)) - [id: 0x019d16ec] REGISTERED
2023-02-21 13:39:09,619 [3e39c96d-43de-444f-825b-71406d153b89-NettyServerStreamRpc-bossGroup--thread1] INFO  logging.LoggingHandler (AbstractInternalLogger.java:log(148)) - [id: 0x019d16ec] BIND: 0.0.0.0/0.0.0.0:0
2023-02-21 13:39:09,619 [3e39c96d-43de-444f-825b-71406d153b89-NettyServerStreamRpc-bossGroup--thread1] INFO  logging.LoggingHandler (AbstractInternalLogger.java:log(148)) - [id: 0x019d16ec, L:/0:0:0:0:0:0:0:0:34063] ACTIVE
2023-02-21 13:39:09,620 [Listener at 127.0.0.1/40229] INFO  server.XceiverServerGrpc (XceiverServerGrpc.java:<init>(132)) - GrpcServer channel type EpollServerSocketChannel
2023-02-21 13:39:09,625 [Listener at 127.0.0.1/40229] INFO  http.BaseHttpServer (BaseHttpServer.java:newHttpServer2BuilderForOzone(213)) - Starting Web-server for hddsDatanode at: http://0.0.0.0:0
2023-02-21 13:39:09,625 [Listener at 127.0.0.1/40229] INFO  http.BaseHttpServer (BaseHttpServer.java:<init>(108)) - Hadoop Security Enabled: false Ozone Security Enabled: false Ozone HTTP Security Enabled: false 
2023-02-21 13:39:09,627 [Listener at 127.0.0.1/40229] WARN  server.AuthenticationFilter (AuthenticationFilter.java:constructSecretProvider(240)) - Unable to initialize FileSignerSecretProvider, falling back to use random secrets. Reason: Could not read signature secret file: /home/runner/hadoop-http-auth-signature-secret
2023-02-21 13:39:09,627 [Listener at 127.0.0.1/40229] WARN  http.HttpRequestLog (HttpRequestLog.java:getRequestLog(103)) - Jetty request log can only be enabled using Log4j
2023-02-21 13:39:09,629 [Listener at 127.0.0.1/40229] INFO  http.HttpServer2 (HttpServer2.java:addGlobalFilter(1031)) - Added global filter 'safety' (class=org.apache.hadoop.hdds.server.http.HttpServer2$QuotingInputFilter)
2023-02-21 13:39:09,630 [Listener at 127.0.0.1/40229] INFO  http.HttpServer2 (HttpServer2.java:addFilter(1007)) - Added filter static_user_filter (class=org.apache.hadoop.http.lib.StaticUserWebFilter$StaticUserFilter) to context hddsDatanode
2023-02-21 13:39:09,630 [Listener at 127.0.0.1/40229] INFO  http.HttpServer2 (HttpServer2.java:addFilter(1015)) - Added filter static_user_filter (class=org.apache.hadoop.http.lib.StaticUserWebFilter$StaticUserFilter) to context logs
2023-02-21 13:39:09,630 [Listener at 127.0.0.1/40229] INFO  http.HttpServer2 (HttpServer2.java:addFilter(1015)) - Added filter static_user_filter (class=org.apache.hadoop.http.lib.StaticUserWebFilter$StaticUserFilter) to context static
2023-02-21 13:39:09,632 [Listener at 127.0.0.1/40229] INFO  http.HttpServer2 (HttpServer2.java:bindListener(1250)) - Jetty bound to port 43475
2023-02-21 13:39:09,632 [Listener at 127.0.0.1/40229] INFO  server.Server (Server.java:doStart(375)) - jetty-9.4.49.v20220914; built: 2022-09-14T01:07:36.601Z; git: 4231a3b2e4cb8548a412a789936d640a97b1aa0a; jvm 1.8.0_362-b09
2023-02-21 13:39:09,636 [Listener at 127.0.0.1/40229] INFO  server.session (DefaultSessionIdManager.java:doStart(334)) - DefaultSessionIdManager workerName=node0
2023-02-21 13:39:09,636 [Listener at 127.0.0.1/40229] INFO  server.session (DefaultSessionIdManager.java:doStart(339)) - No SessionScavenger set, using defaults
2023-02-21 13:39:09,636 [Listener at 127.0.0.1/40229] INFO  server.session (HouseKeeper.java:startScavenging(132)) - node0 Scavenging every 660000ms
2023-02-21 13:39:09,637 [Listener at 127.0.0.1/40229] INFO  handler.ContextHandler (ContextHandler.java:doStart(921)) - Started o.e.j.s.ServletContextHandler@191fb52e{logs,/logs,file:///home/runner/work/ozone/ozone/hadoop-ozone/integration-test/target/log,AVAILABLE}
2023-02-21 13:39:09,637 [Listener at 127.0.0.1/40229] INFO  handler.ContextHandler (ContextHandler.java:doStart(921)) - Started o.e.j.s.ServletContextHandler@498255bf{static,/static,jar:file:/home/runner/.m2/repository/org/apache/ozone/hdds-container-service/1.4.0-SNAPSHOT/hdds-container-service-1.4.0-SNAPSHOT.jar!/webapps/static,AVAILABLE}
2023-02-21 13:39:09,876 [Listener at 127.0.0.1/40229] INFO  handler.ContextHandler (ContextHandler.java:doStart(921)) - Started o.e.j.w.WebAppContext@406a46b7{hddsDatanode,/,file:///tmp/jetty-0_0_0_0-43475-hdds-container-service-1_4_0-SNAPSHOT_jar-_-any-2625492620709246302/webapp/,AVAILABLE}{jar:file:/home/runner/.m2/repository/org/apache/ozone/hdds-container-service/1.4.0-SNAPSHOT/hdds-container-service-1.4.0-SNAPSHOT.jar!/webapps/hddsDatanode}
2023-02-21 13:39:09,877 [Listener at 127.0.0.1/40229] INFO  server.AbstractConnector (AbstractConnector.java:doStart(333)) - Started ServerConnector@299b30c2{HTTP/1.1, (http/1.1)}{0.0.0.0:43475}
2023-02-21 13:39:09,878 [Listener at 127.0.0.1/40229] INFO  server.Server (Server.java:doStart(415)) - Started @98592ms
2023-02-21 13:39:09,878 [Listener at 127.0.0.1/40229] WARN  impl.MetricsSystemImpl (MetricsSystemImpl.java:register(279)) - Sink prometheus already exists!
2023-02-21 13:39:09,879 [Listener at 127.0.0.1/40229] INFO  http.BaseHttpServer (BaseHttpServer.java:updateConnectorAddress(333)) - HTTP server of hddsDatanode listening at http://0.0.0.0:43475
2023-02-21 13:39:09,879 [Datanode State Machine Daemon Thread] INFO  statemachine.DatanodeStateMachine (DatanodeStateMachine.java:lambda$startDaemon$0(516)) - Ozone container server started.
2023-02-21 13:39:09,882 [Listener at 127.0.0.1/40229] INFO  ozone.MiniOzoneClusterImpl (MiniOzoneClusterImpl.java:lambda$waitForClusterToBeReady$0(218)) - Waiting for nodes to be ready. Got 0 of 5 DN Heartbeats.
2023-02-21 13:39:09,882 [Listener at 127.0.0.1/40229] INFO  ozone.MiniOzoneClusterImpl (MiniOzoneClusterImpl.java:lambda$waitForClusterToBeReady$0(221)) - Waiting for cluster to exit safe mode
2023-02-21 13:39:09,882 [Listener at 127.0.0.1/40229] INFO  ozone.MiniOzoneClusterImpl (MiniOzoneClusterImpl.java:lambda$waitForClusterToBeReady$0(223)) - SCM became leader
2023-02-21 13:39:09,884 [org.apache.hadoop.util.JvmPauseMonitor$Monitor@6f19a040] INFO  util.JvmPauseMonitor (JvmPauseMonitor.java:run(188)) - Starting JVM pause monitor
2023-02-21 13:39:09,891 [Datanode State Machine Task Thread - 0] INFO  datanode.InitDatanodeState (InitDatanodeState.java:persistContainerDatanodeDetails(138)) - DatanodeDetails is persisted to /home/runner/work/ozone/ozone/hadoop-ozone/integration-test/target/test-dir/MiniOzoneClusterImpl-be926948-0f1c-4cac-9651-6eceb419abf0/datanode-4/meta/datanode.id
2023-02-21 13:39:10,211 [EndpointStateMachine task thread for /0.0.0.0:37581 - 0 ] INFO  utils.DatanodeStoreCache (DatanodeStoreCache.java:addDB(58)) - Added db /home/runner/work/ozone/ozone/hadoop-ozone/integration-test/target/test-dir/MiniOzoneClusterImpl-be926948-0f1c-4cac-9651-6eceb419abf0/datanode-0/data-0/containers/hdds/be926948-0f1c-4cac-9651-6eceb419abf0/DS-22df26e8-af34-4699-9af9-e415e8a4d365/container.db to cache
2023-02-21 13:39:10,212 [EndpointStateMachine task thread for /0.0.0.0:37581 - 0 ] INFO  volume.HddsVolume (HddsVolume.java:createDbStore(331)) - SchemaV3 db is created and loaded at /home/runner/work/ozone/ozone/hadoop-ozone/integration-test/target/test-dir/MiniOzoneClusterImpl-be926948-0f1c-4cac-9651-6eceb419abf0/datanode-0/data-0/containers/hdds/be926948-0f1c-4cac-9651-6eceb419abf0/DS-22df26e8-af34-4699-9af9-e415e8a4d365/container.db for volume DS-22df26e8-af34-4699-9af9-e415e8a4d365
2023-02-21 13:39:10,215 [EndpointStateMachine task thread for /0.0.0.0:37581 - 0 ] INFO  ozoneimpl.OzoneContainer (OzoneContainer.java:start(398)) - Attempting to start container services.
2023-02-21 13:39:10,215 [EndpointStateMachine task thread for /0.0.0.0:37581 - 0 ] INFO  ozoneimpl.OzoneContainer (OzoneContainer.java:startContainerScrub(315)) - Scheduled background container scanners and the on-demand container scanner have been disabled.
2023-02-21 13:39:10,219 [EndpointStateMachine task thread for /0.0.0.0:37581 - 0 ] INFO  replication.ReplicationServer (ReplicationServer.java:start(109)) - ReplicationServer is started using port 41071
2023-02-21 13:39:10,220 [EndpointStateMachine task thread for /0.0.0.0:37581 - 0 ] INFO  ratis.XceiverServerRatis (XceiverServerRatis.java:start(518)) - Starting XceiverServerRatis e9aaeb2c-5ca1-4644-9e1d-ecde78d55867
2023-02-21 13:39:10,228 [EndpointStateMachine task thread for /0.0.0.0:37581 - 0 ] INFO  server.RaftServer (RaftServerProxy.java:startImpl(393)) - e9aaeb2c-5ca1-4644-9e1d-ecde78d55867: start RPC server
2023-02-21 13:39:10,232 [EndpointStateMachine task thread for /0.0.0.0:37581 - 0 ] INFO  server.GrpcService (GrpcService.java:startImpl(262)) - e9aaeb2c-5ca1-4644-9e1d-ecde78d55867: GrpcService started, listening on 40793
2023-02-21 13:39:10,232 [EndpointStateMachine task thread for /0.0.0.0:37581 - 0 ] INFO  ratis.XceiverServerRatis (XceiverServerRatis.java:getRealPort(544)) - XceiverServerRatis e9aaeb2c-5ca1-4644-9e1d-ecde78d55867 is started using port 40793 for RATIS
2023-02-21 13:39:10,232 [EndpointStateMachine task thread for /0.0.0.0:37581 - 0 ] INFO  ratis.XceiverServerRatis (XceiverServerRatis.java:getRealPort(544)) - XceiverServerRatis e9aaeb2c-5ca1-4644-9e1d-ecde78d55867 is started using port 40793 for RATIS_ADMIN
2023-02-21 13:39:10,232 [EndpointStateMachine task thread for /0.0.0.0:37581 - 0 ] INFO  ratis.XceiverServerRatis (XceiverServerRatis.java:getRealPort(544)) - XceiverServerRatis e9aaeb2c-5ca1-4644-9e1d-ecde78d55867 is started using port 40793 for RATIS_SERVER
2023-02-21 13:39:10,232 [EndpointStateMachine task thread for /0.0.0.0:37581 - 0 ] INFO  ratis.XceiverServerRatis (XceiverServerRatis.java:getRealPort(544)) - XceiverServerRatis e9aaeb2c-5ca1-4644-9e1d-ecde78d55867 is started using port 46131 for RATIS_DATASTREAM
2023-02-21 13:39:10,232 [JvmPauseMonitor6] INFO  util.JvmPauseMonitor (JvmPauseMonitor.java:run(105)) - JvmPauseMonitor-e9aaeb2c-5ca1-4644-9e1d-ecde78d55867: Started
2023-02-21 13:39:10,247 [EndpointStateMachine task thread for /0.0.0.0:37581 - 0 ] INFO  server.XceiverServerGrpc (XceiverServerGrpc.java:start(180)) - XceiverServerGrpc e9aaeb2c-5ca1-4644-9e1d-ecde78d55867 is started using port 44763
2023-02-21 13:39:10,582 [EndpointStateMachine task thread for /0.0.0.0:37581 - 0 ] INFO  utils.DatanodeStoreCache (DatanodeStoreCache.java:addDB(58)) - Added db /home/runner/work/ozone/ozone/hadoop-ozone/integration-test/target/test-dir/MiniOzoneClusterImpl-be926948-0f1c-4cac-9651-6eceb419abf0/datanode-1/data-0/containers/hdds/be926948-0f1c-4cac-9651-6eceb419abf0/DS-aa97cb73-e718-4aa9-bdb2-6887ac8c18c4/container.db to cache
2023-02-21 13:39:10,582 [EndpointStateMachine task thread for /0.0.0.0:37581 - 0 ] INFO  volume.HddsVolume (HddsVolume.java:createDbStore(331)) - SchemaV3 db is created and loaded at /home/runner/work/ozone/ozone/hadoop-ozone/integration-test/target/test-dir/MiniOzoneClusterImpl-be926948-0f1c-4cac-9651-6eceb419abf0/datanode-1/data-0/containers/hdds/be926948-0f1c-4cac-9651-6eceb419abf0/DS-aa97cb73-e718-4aa9-bdb2-6887ac8c18c4/container.db for volume DS-aa97cb73-e718-4aa9-bdb2-6887ac8c18c4
2023-02-21 13:39:10,582 [EndpointStateMachine task thread for /0.0.0.0:37581 - 0 ] INFO  ozoneimpl.OzoneContainer (OzoneContainer.java:start(398)) - Attempting to start container services.
2023-02-21 13:39:10,582 [EndpointStateMachine task thread for /0.0.0.0:37581 - 0 ] INFO  ozoneimpl.OzoneContainer (OzoneContainer.java:startContainerScrub(315)) - Scheduled background container scanners and the on-demand container scanner have been disabled.
2023-02-21 13:39:10,586 [EndpointStateMachine task thread for /0.0.0.0:37581 - 0 ] INFO  replication.ReplicationServer (ReplicationServer.java:start(109)) - ReplicationServer is started using port 33737
2023-02-21 13:39:10,587 [EndpointStateMachine task thread for /0.0.0.0:37581 - 0 ] INFO  ratis.XceiverServerRatis (XceiverServerRatis.java:start(518)) - Starting XceiverServerRatis b8864c6c-2f32-4f18-b19e-2e05a8dee4a2
2023-02-21 13:39:10,588 [EndpointStateMachine task thread for /0.0.0.0:37581 - 0 ] INFO  server.RaftServer (RaftServerProxy.java:startImpl(393)) - b8864c6c-2f32-4f18-b19e-2e05a8dee4a2: start RPC server
2023-02-21 13:39:10,593 [EndpointStateMachine task thread for /0.0.0.0:37581 - 0 ] INFO  server.GrpcService (GrpcService.java:startImpl(262)) - b8864c6c-2f32-4f18-b19e-2e05a8dee4a2: GrpcService started, listening on 35481
2023-02-21 13:39:10,593 [EndpointStateMachine task thread for /0.0.0.0:37581 - 0 ] INFO  ratis.XceiverServerRatis (XceiverServerRatis.java:getRealPort(544)) - XceiverServerRatis b8864c6c-2f32-4f18-b19e-2e05a8dee4a2 is started using port 35481 for RATIS
2023-02-21 13:39:10,593 [JvmPauseMonitor7] INFO  util.JvmPauseMonitor (JvmPauseMonitor.java:run(105)) - JvmPauseMonitor-b8864c6c-2f32-4f18-b19e-2e05a8dee4a2: Started
2023-02-21 13:39:10,593 [EndpointStateMachine task thread for /0.0.0.0:37581 - 0 ] INFO  ratis.XceiverServerRatis (XceiverServerRatis.java:getRealPort(544)) - XceiverServerRatis b8864c6c-2f32-4f18-b19e-2e05a8dee4a2 is started using port 35481 for RATIS_ADMIN
2023-02-21 13:39:10,594 [EndpointStateMachine task thread for /0.0.0.0:37581 - 0 ] INFO  ratis.XceiverServerRatis (XceiverServerRatis.java:getRealPort(544)) - XceiverServerRatis b8864c6c-2f32-4f18-b19e-2e05a8dee4a2 is started using port 35481 for RATIS_SERVER
2023-02-21 13:39:10,594 [EndpointStateMachine task thread for /0.0.0.0:37581 - 0 ] INFO  ratis.XceiverServerRatis (XceiverServerRatis.java:getRealPort(544)) - XceiverServerRatis b8864c6c-2f32-4f18-b19e-2e05a8dee4a2 is started using port 45565 for RATIS_DATASTREAM
2023-02-21 13:39:10,611 [EndpointStateMachine task thread for /0.0.0.0:37581 - 0 ] INFO  server.XceiverServerGrpc (XceiverServerGrpc.java:start(180)) - XceiverServerGrpc b8864c6c-2f32-4f18-b19e-2e05a8dee4a2 is started using port 38407
2023-02-21 13:39:10,883 [Listener at 127.0.0.1/40229] INFO  ozone.MiniOzoneClusterImpl (MiniOzoneClusterImpl.java:lambda$waitForClusterToBeReady$0(218)) - Waiting for nodes to be ready. Got 0 of 5 DN Heartbeats.
2023-02-21 13:39:10,883 [Listener at 127.0.0.1/40229] INFO  ozone.MiniOzoneClusterImpl (MiniOzoneClusterImpl.java:lambda$waitForClusterToBeReady$0(221)) - Waiting for cluster to exit safe mode
2023-02-21 13:39:10,883 [Listener at 127.0.0.1/40229] INFO  ozone.MiniOzoneClusterImpl (MiniOzoneClusterImpl.java:lambda$waitForClusterToBeReady$0(223)) - SCM became leader
2023-02-21 13:39:11,060 [EndpointStateMachine task thread for /0.0.0.0:37581 - 0 ] INFO  utils.DatanodeStoreCache (DatanodeStoreCache.java:addDB(58)) - Added db /home/runner/work/ozone/ozone/hadoop-ozone/integration-test/target/test-dir/MiniOzoneClusterImpl-be926948-0f1c-4cac-9651-6eceb419abf0/datanode-2/data-0/containers/hdds/be926948-0f1c-4cac-9651-6eceb419abf0/DS-44198760-5853-449d-8066-f0dee191d316/container.db to cache
2023-02-21 13:39:11,060 [EndpointStateMachine task thread for /0.0.0.0:37581 - 0 ] INFO  volume.HddsVolume (HddsVolume.java:createDbStore(331)) - SchemaV3 db is created and loaded at /home/runner/work/ozone/ozone/hadoop-ozone/integration-test/target/test-dir/MiniOzoneClusterImpl-be926948-0f1c-4cac-9651-6eceb419abf0/datanode-2/data-0/containers/hdds/be926948-0f1c-4cac-9651-6eceb419abf0/DS-44198760-5853-449d-8066-f0dee191d316/container.db for volume DS-44198760-5853-449d-8066-f0dee191d316
2023-02-21 13:39:11,061 [EndpointStateMachine task thread for /0.0.0.0:37581 - 0 ] INFO  ozoneimpl.OzoneContainer (OzoneContainer.java:start(398)) - Attempting to start container services.
2023-02-21 13:39:11,061 [EndpointStateMachine task thread for /0.0.0.0:37581 - 0 ] INFO  ozoneimpl.OzoneContainer (OzoneContainer.java:startContainerScrub(315)) - Scheduled background container scanners and the on-demand container scanner have been disabled.
2023-02-21 13:39:11,063 [EndpointStateMachine task thread for /0.0.0.0:37581 - 0 ] INFO  replication.ReplicationServer (ReplicationServer.java:start(109)) - ReplicationServer is started using port 36217
2023-02-21 13:39:11,064 [EndpointStateMachine task thread for /0.0.0.0:37581 - 0 ] INFO  ratis.XceiverServerRatis (XceiverServerRatis.java:start(518)) - Starting XceiverServerRatis 24a59b6b-5580-49f4-8674-e10ef71be698
2023-02-21 13:39:11,068 [EndpointStateMachine task thread for /0.0.0.0:37581 - 0 ] INFO  server.RaftServer (RaftServerProxy.java:startImpl(393)) - 24a59b6b-5580-49f4-8674-e10ef71be698: start RPC server
2023-02-21 13:39:11,076 [EndpointStateMachine task thread for /0.0.0.0:37581 - 0 ] INFO  server.GrpcService (GrpcService.java:startImpl(262)) - 24a59b6b-5580-49f4-8674-e10ef71be698: GrpcService started, listening on 45623
2023-02-21 13:39:11,076 [EndpointStateMachine task thread for /0.0.0.0:37581 - 0 ] INFO  ratis.XceiverServerRatis (XceiverServerRatis.java:getRealPort(544)) - XceiverServerRatis 24a59b6b-5580-49f4-8674-e10ef71be698 is started using port 45623 for RATIS
2023-02-21 13:39:11,076 [JvmPauseMonitor8] INFO  util.JvmPauseMonitor (JvmPauseMonitor.java:run(105)) - JvmPauseMonitor-24a59b6b-5580-49f4-8674-e10ef71be698: Started
2023-02-21 13:39:11,076 [EndpointStateMachine task thread for /0.0.0.0:37581 - 0 ] INFO  ratis.XceiverServerRatis (XceiverServerRatis.java:getRealPort(544)) - XceiverServerRatis 24a59b6b-5580-49f4-8674-e10ef71be698 is started using port 45623 for RATIS_ADMIN
2023-02-21 13:39:11,076 [EndpointStateMachine task thread for /0.0.0.0:37581 - 0 ] INFO  ratis.XceiverServerRatis (XceiverServerRatis.java:getRealPort(544)) - XceiverServerRatis 24a59b6b-5580-49f4-8674-e10ef71be698 is started using port 45623 for RATIS_SERVER
2023-02-21 13:39:11,076 [EndpointStateMachine task thread for /0.0.0.0:37581 - 0 ] INFO  ratis.XceiverServerRatis (XceiverServerRatis.java:getRealPort(544)) - XceiverServerRatis 24a59b6b-5580-49f4-8674-e10ef71be698 is started using port 37369 for RATIS_DATASTREAM
2023-02-21 13:39:11,079 [EndpointStateMachine task thread for /0.0.0.0:37581 - 0 ] INFO  server.XceiverServerGrpc (XceiverServerGrpc.java:start(180)) - XceiverServerGrpc 24a59b6b-5580-49f4-8674-e10ef71be698 is started using port 34031
2023-02-21 13:39:11,473 [EndpointStateMachine task thread for /0.0.0.0:37581 - 0 ] INFO  utils.DatanodeStoreCache (DatanodeStoreCache.java:addDB(58)) - Added db /home/runner/work/ozone/ozone/hadoop-ozone/integration-test/target/test-dir/MiniOzoneClusterImpl-be926948-0f1c-4cac-9651-6eceb419abf0/datanode-3/data-0/containers/hdds/be926948-0f1c-4cac-9651-6eceb419abf0/DS-6a92aec7-e8e9-4f20-a755-b5325b61cf9f/container.db to cache
2023-02-21 13:39:11,473 [EndpointStateMachine task thread for /0.0.0.0:37581 - 0 ] INFO  volume.HddsVolume (HddsVolume.java:createDbStore(331)) - SchemaV3 db is created and loaded at /home/runner/work/ozone/ozone/hadoop-ozone/integration-test/target/test-dir/MiniOzoneClusterImpl-be926948-0f1c-4cac-9651-6eceb419abf0/datanode-3/data-0/containers/hdds/be926948-0f1c-4cac-9651-6eceb419abf0/DS-6a92aec7-e8e9-4f20-a755-b5325b61cf9f/container.db for volume DS-6a92aec7-e8e9-4f20-a755-b5325b61cf9f
2023-02-21 13:39:11,473 [EndpointStateMachine task thread for /0.0.0.0:37581 - 0 ] INFO  ozoneimpl.OzoneContainer (OzoneContainer.java:start(398)) - Attempting to start container services.
2023-02-21 13:39:11,473 [EndpointStateMachine task thread for /0.0.0.0:37581 - 0 ] INFO  ozoneimpl.OzoneContainer (OzoneContainer.java:startContainerScrub(315)) - Scheduled background container scanners and the on-demand container scanner have been disabled.
2023-02-21 13:39:11,482 [EndpointStateMachine task thread for /0.0.0.0:37581 - 0 ] INFO  replication.ReplicationServer (ReplicationServer.java:start(109)) - ReplicationServer is started using port 45851
2023-02-21 13:39:11,483 [EndpointStateMachine task thread for /0.0.0.0:37581 - 0 ] INFO  ratis.XceiverServerRatis (XceiverServerRatis.java:start(518)) - Starting XceiverServerRatis 66960b80-c593-4b74-88fd-c621ad684876
2023-02-21 13:39:11,483 [EndpointStateMachine task thread for /0.0.0.0:37581 - 0 ] INFO  server.RaftServer (RaftServerProxy.java:startImpl(393)) - 66960b80-c593-4b74-88fd-c621ad684876: start RPC server
2023-02-21 13:39:11,486 [EndpointStateMachine task thread for /0.0.0.0:37581 - 0 ] INFO  server.GrpcService (GrpcService.java:startImpl(262)) - 66960b80-c593-4b74-88fd-c621ad684876: GrpcService started, listening on 46505
2023-02-21 13:39:11,486 [EndpointStateMachine task thread for /0.0.0.0:37581 - 0 ] INFO  ratis.XceiverServerRatis (XceiverServerRatis.java:getRealPort(544)) - XceiverServerRatis 66960b80-c593-4b74-88fd-c621ad684876 is started using port 46505 for RATIS
2023-02-21 13:39:11,486 [JvmPauseMonitor9] INFO  util.JvmPauseMonitor (JvmPauseMonitor.java:run(105)) - JvmPauseMonitor-66960b80-c593-4b74-88fd-c621ad684876: Started
2023-02-21 13:39:11,486 [EndpointStateMachine task thread for /0.0.0.0:37581 - 0 ] INFO  ratis.XceiverServerRatis (XceiverServerRatis.java:getRealPort(544)) - XceiverServerRatis 66960b80-c593-4b74-88fd-c621ad684876 is started using port 46505 for RATIS_ADMIN
2023-02-21 13:39:11,486 [EndpointStateMachine task thread for /0.0.0.0:37581 - 0 ] INFO  ratis.XceiverServerRatis (XceiverServerRatis.java:getRealPort(544)) - XceiverServerRatis 66960b80-c593-4b74-88fd-c621ad684876 is started using port 46505 for RATIS_SERVER
2023-02-21 13:39:11,486 [EndpointStateMachine task thread for /0.0.0.0:37581 - 0 ] INFO  ratis.XceiverServerRatis (XceiverServerRatis.java:getRealPort(544)) - XceiverServerRatis 66960b80-c593-4b74-88fd-c621ad684876 is started using port 40997 for RATIS_DATASTREAM
2023-02-21 13:39:11,489 [EndpointStateMachine task thread for /0.0.0.0:37581 - 0 ] INFO  server.XceiverServerGrpc (XceiverServerGrpc.java:start(180)) - XceiverServerGrpc 66960b80-c593-4b74-88fd-c621ad684876 is started using port 44619
2023-02-21 13:39:11,883 [Listener at 127.0.0.1/40229] INFO  ozone.MiniOzoneClusterImpl (MiniOzoneClusterImpl.java:lambda$waitForClusterToBeReady$0(218)) - Waiting for nodes to be ready. Got 0 of 5 DN Heartbeats.
2023-02-21 13:39:11,884 [Listener at 127.0.0.1/40229] INFO  ozone.MiniOzoneClusterImpl (MiniOzoneClusterImpl.java:lambda$waitForClusterToBeReady$0(221)) - Waiting for cluster to exit safe mode
2023-02-21 13:39:11,884 [Listener at 127.0.0.1/40229] INFO  ozone.MiniOzoneClusterImpl (MiniOzoneClusterImpl.java:lambda$waitForClusterToBeReady$0(223)) - SCM became leader
2023-02-21 13:39:11,921 [EndpointStateMachine task thread for /0.0.0.0:37581 - 0 ] INFO  utils.DatanodeStoreCache (DatanodeStoreCache.java:addDB(58)) - Added db /home/runner/work/ozone/ozone/hadoop-ozone/integration-test/target/test-dir/MiniOzoneClusterImpl-be926948-0f1c-4cac-9651-6eceb419abf0/datanode-4/data-0/containers/hdds/be926948-0f1c-4cac-9651-6eceb419abf0/DS-736b71a3-7fee-4ee5-8dd3-964634cc1a8e/container.db to cache
2023-02-21 13:39:11,921 [EndpointStateMachine task thread for /0.0.0.0:37581 - 0 ] INFO  volume.HddsVolume (HddsVolume.java:createDbStore(331)) - SchemaV3 db is created and loaded at /home/runner/work/ozone/ozone/hadoop-ozone/integration-test/target/test-dir/MiniOzoneClusterImpl-be926948-0f1c-4cac-9651-6eceb419abf0/datanode-4/data-0/containers/hdds/be926948-0f1c-4cac-9651-6eceb419abf0/DS-736b71a3-7fee-4ee5-8dd3-964634cc1a8e/container.db for volume DS-736b71a3-7fee-4ee5-8dd3-964634cc1a8e
2023-02-21 13:39:11,921 [EndpointStateMachine task thread for /0.0.0.0:37581 - 0 ] INFO  ozoneimpl.OzoneContainer (OzoneContainer.java:start(398)) - Attempting to start container services.
2023-02-21 13:39:11,921 [EndpointStateMachine task thread for /0.0.0.0:37581 - 0 ] INFO  ozoneimpl.OzoneContainer (OzoneContainer.java:startContainerScrub(315)) - Scheduled background container scanners and the on-demand container scanner have been disabled.
2023-02-21 13:39:11,924 [EndpointStateMachine task thread for /0.0.0.0:37581 - 0 ] INFO  replication.ReplicationServer (ReplicationServer.java:start(109)) - ReplicationServer is started using port 43671
2023-02-21 13:39:11,924 [EndpointStateMachine task thread for /0.0.0.0:37581 - 0 ] INFO  ratis.XceiverServerRatis (XceiverServerRatis.java:start(518)) - Starting XceiverServerRatis 3e39c96d-43de-444f-825b-71406d153b89
2023-02-21 13:39:11,925 [EndpointStateMachine task thread for /0.0.0.0:37581 - 0 ] INFO  server.RaftServer (RaftServerProxy.java:startImpl(393)) - 3e39c96d-43de-444f-825b-71406d153b89: start RPC server
2023-02-21 13:39:11,927 [EndpointStateMachine task thread for /0.0.0.0:37581 - 0 ] INFO  server.GrpcService (GrpcService.java:startImpl(262)) - 3e39c96d-43de-444f-825b-71406d153b89: GrpcService started, listening on 37869
2023-02-21 13:39:11,927 [EndpointStateMachine task thread for /0.0.0.0:37581 - 0 ] INFO  ratis.XceiverServerRatis (XceiverServerRatis.java:getRealPort(544)) - XceiverServerRatis 3e39c96d-43de-444f-825b-71406d153b89 is started using port 37869 for RATIS
2023-02-21 13:39:11,927 [EndpointStateMachine task thread for /0.0.0.0:37581 - 0 ] INFO  ratis.XceiverServerRatis (XceiverServerRatis.java:getRealPort(544)) - XceiverServerRatis 3e39c96d-43de-444f-825b-71406d153b89 is started using port 37869 for RATIS_ADMIN
2023-02-21 13:39:11,927 [EndpointStateMachine task thread for /0.0.0.0:37581 - 0 ] INFO  ratis.XceiverServerRatis (XceiverServerRatis.java:getRealPort(544)) - XceiverServerRatis 3e39c96d-43de-444f-825b-71406d153b89 is started using port 37869 for RATIS_SERVER
2023-02-21 13:39:11,928 [EndpointStateMachine task thread for /0.0.0.0:37581 - 0 ] INFO  ratis.XceiverServerRatis (XceiverServerRatis.java:getRealPort(544)) - XceiverServerRatis 3e39c96d-43de-444f-825b-71406d153b89 is started using port 34063 for RATIS_DATASTREAM
2023-02-21 13:39:11,928 [JvmPauseMonitor10] INFO  util.JvmPauseMonitor (JvmPauseMonitor.java:run(105)) - JvmPauseMonitor-3e39c96d-43de-444f-825b-71406d153b89: Started
2023-02-21 13:39:11,931 [EndpointStateMachine task thread for /0.0.0.0:37581 - 0 ] INFO  server.XceiverServerGrpc (XceiverServerGrpc.java:start(180)) - XceiverServerGrpc 3e39c96d-43de-444f-825b-71406d153b89 is started using port 34079
2023-02-21 13:39:12,150 [IPC Server handler 1 on default port 37581] INFO  net.NetworkTopologyImpl (NetworkTopologyImpl.java:add(112)) - Added a new node: /default-rack/e9aaeb2c-5ca1-4644-9e1d-ecde78d55867
2023-02-21 13:39:12,150 [IPC Server handler 1 on default port 37581] INFO  node.SCMNodeManager (SCMNodeManager.java:register(397)) - Registered Data node : e9aaeb2c-5ca1-4644-9e1d-ecde78d55867{ip: 10.1.0.81, host: fv-az318-260.ewvrrcgabbbubjc05i3n4a3pph.dx.internal.cloudapp.net, ports: [REPLICATION=41071, RATIS=40793, RATIS_ADMIN=40793, RATIS_SERVER=40793, RATIS_DATASTREAM=46131, STANDALONE=44763], networkLocation: /default-rack, certSerialId: null, persistedOpState: null, persistedOpStateExpiryEpochSec: 0}
2023-02-21 13:39:12,154 [EventQueue-NodeRegistrationContainerReportForContainerSafeModeRule] INFO  safemode.SCMSafeModeManager (SCMSafeModeManager.java:validateSafeModeExitRules(200)) - ContainerSafeModeRule rule is successfully validated
2023-02-21 13:39:12,159 [EventQueue-PipelineReportForOneReplicaPipelineSafeModeRule] INFO  safemode.SCMSafeModeManager (SCMSafeModeManager.java:validateSafeModeExitRules(200)) - AtleastOneDatanodeReportedRule rule is successfully validated
2023-02-21 13:39:12,159 [EventQueue-NodeRegistrationContainerReportForDataNodeSafeModeRule] INFO  safemode.SCMSafeModeManager (DataNodeSafeModeRule.java:process(71)) - SCM in safe mode. 1 DataNodes registered, 3 required.
2023-02-21 13:39:12,160 [EventQueue-NewNodeForNewNodeHandler] INFO  pipeline.BackgroundPipelineCreator (BackgroundPipelineCreator.java:notifyEventTriggered(276)) - trigger a one-shot run on RatisPipelineUtilsThread.
2023-02-21 13:39:12,160 [RatisPipelineUtilsThread - 0] INFO  pipeline.RatisPipelineProvider (RatisPipelineProvider.java:lambda$create$0(206)) - Sending CreatePipelineCommand for pipeline:PipelineID=85bf24f6-3fdf-4645-8895-710418fd9c5f to datanode:e9aaeb2c-5ca1-4644-9e1d-ecde78d55867
2023-02-21 13:39:12,161 [RatisPipelineUtilsThread - 0] INFO  pipeline.PipelineStateManagerImpl (PipelineStateManagerImpl.java:addPipeline(103)) - Created pipeline Pipeline[ Id: 85bf24f6-3fdf-4645-8895-710418fd9c5f, Nodes: e9aaeb2c-5ca1-4644-9e1d-ecde78d55867(fv-az318-260.ewvrrcgabbbubjc05i3n4a3pph.dx.internal.cloudapp.net/10.1.0.81), ReplicationConfig: RATIS/ONE, State:ALLOCATED, leaderId:, CreationTimestamp2023-02-21T13:39:12.160Z[Etc/UTC]].
2023-02-21 13:39:12,534 [IPC Server handler 2 on default port 37581] INFO  net.NetworkTopologyImpl (NetworkTopologyImpl.java:add(112)) - Added a new node: /default-rack/b8864c6c-2f32-4f18-b19e-2e05a8dee4a2
2023-02-21 13:39:12,535 [IPC Server handler 2 on default port 37581] INFO  node.SCMNodeManager (SCMNodeManager.java:register(397)) - Registered Data node : b8864c6c-2f32-4f18-b19e-2e05a8dee4a2{ip: 10.1.0.81, host: fv-az318-260.ewvrrcgabbbubjc05i3n4a3pph.dx.internal.cloudapp.net, ports: [REPLICATION=33737, RATIS=35481, RATIS_ADMIN=35481, RATIS_SERVER=35481, RATIS_DATASTREAM=45565, STANDALONE=38407], networkLocation: /default-rack, certSerialId: null, persistedOpState: null, persistedOpStateExpiryEpochSec: 0}
2023-02-21 13:39:12,535 [EventQueue-NewNodeForNewNodeHandler] INFO  pipeline.BackgroundPipelineCreator (BackgroundPipelineCreator.java:notifyEventTriggered(276)) - trigger a one-shot run on RatisPipelineUtilsThread.
2023-02-21 13:39:12,535 [EventQueue-NodeRegistrationContainerReportForDataNodeSafeModeRule] INFO  safemode.SCMSafeModeManager (DataNodeSafeModeRule.java:process(71)) - SCM in safe mode. 2 DataNodes registered, 3 required.
2023-02-21 13:39:12,536 [RatisPipelineUtilsThread - 0] INFO  pipeline.RatisPipelineProvider (RatisPipelineProvider.java:lambda$create$0(206)) - Sending CreatePipelineCommand for pipeline:PipelineID=938e74fb-aec6-407d-a2a2-ff5b6d852d5d to datanode:b8864c6c-2f32-4f18-b19e-2e05a8dee4a2
2023-02-21 13:39:12,536 [RatisPipelineUtilsThread - 0] INFO  pipeline.PipelineStateManagerImpl (PipelineStateManagerImpl.java:addPipeline(103)) - Created pipeline Pipeline[ Id: 938e74fb-aec6-407d-a2a2-ff5b6d852d5d, Nodes: b8864c6c-2f32-4f18-b19e-2e05a8dee4a2(fv-az318-260.ewvrrcgabbbubjc05i3n4a3pph.dx.internal.cloudapp.net/10.1.0.81), ReplicationConfig: RATIS/ONE, State:ALLOCATED, leaderId:, CreationTimestamp2023-02-21T13:39:12.536Z[Etc/UTC]].
2023-02-21 13:39:12,884 [Listener at 127.0.0.1/40229] INFO  ozone.MiniOzoneClusterImpl (MiniOzoneClusterImpl.java:lambda$waitForClusterToBeReady$0(218)) - Waiting for nodes to be ready. Got 2 of 5 DN Heartbeats.
2023-02-21 13:39:12,884 [Listener at 127.0.0.1/40229] INFO  ozone.MiniOzoneClusterImpl (MiniOzoneClusterImpl.java:lambda$waitForClusterToBeReady$0(221)) - Waiting for cluster to exit safe mode
2023-02-21 13:39:12,884 [Listener at 127.0.0.1/40229] INFO  ozone.MiniOzoneClusterImpl (MiniOzoneClusterImpl.java:lambda$waitForClusterToBeReady$0(223)) - SCM became leader
2023-02-21 13:39:13,019 [IPC Server handler 1 on default port 37581] INFO  net.NetworkTopologyImpl (NetworkTopologyImpl.java:add(112)) - Added a new node: /default-rack/24a59b6b-5580-49f4-8674-e10ef71be698
2023-02-21 13:39:13,019 [IPC Server handler 1 on default port 37581] INFO  node.SCMNodeManager (SCMNodeManager.java:register(397)) - Registered Data node : 24a59b6b-5580-49f4-8674-e10ef71be698{ip: 10.1.0.81, host: fv-az318-260.ewvrrcgabbbubjc05i3n4a3pph.dx.internal.cloudapp.net, ports: [REPLICATION=36217, RATIS=45623, RATIS_ADMIN=45623, RATIS_SERVER=45623, RATIS_DATASTREAM=37369, STANDALONE=34031], networkLocation: /default-rack, certSerialId: null, persistedOpState: null, persistedOpStateExpiryEpochSec: 0}
2023-02-21 13:39:13,021 [EventQueue-NodeRegistrationContainerReportForDataNodeSafeModeRule] INFO  safemode.SCMSafeModeManager (DataNodeSafeModeRule.java:process(71)) - SCM in safe mode. 3 DataNodes registered, 3 required.
2023-02-21 13:39:13,021 [EventQueue-NodeRegistrationContainerReportForDataNodeSafeModeRule] INFO  safemode.SCMSafeModeManager (SCMSafeModeManager.java:validateSafeModeExitRules(200)) - DataNodeSafeModeRule rule is successfully validated
2023-02-21 13:39:13,021 [EventQueue-NewNodeForNewNodeHandler] INFO  pipeline.BackgroundPipelineCreator (BackgroundPipelineCreator.java:notifyEventTriggered(276)) - trigger a one-shot run on RatisPipelineUtilsThread.
2023-02-21 13:39:13,021 [EventQueue-NodeRegistrationContainerReportForDataNodeSafeModeRule] INFO  safemode.SCMSafeModeManager (SCMSafeModeManager.java:completePreCheck(229)) - All SCM safe mode pre check rules have passed
2023-02-21 13:39:13,021 [EventQueue-NodeRegistrationContainerReportForDataNodeSafeModeRule] INFO  ha.SCMContext (SCMContext.java:updateSafeModeStatus(228)) - Update SafeModeStatus from SafeModeStatus{safeModeStatus=true, preCheckPassed=false} to SafeModeStatus{safeModeStatus=true, preCheckPassed=true}.
2023-02-21 13:39:13,021 [EventQueue-NodeRegistrationContainerReportForDataNodeSafeModeRule] INFO  pipeline.BackgroundPipelineCreator (BackgroundPipelineCreator.java:notifyEventTriggered(276)) - trigger a one-shot run on RatisPipelineUtilsThread.
2023-02-21 13:39:13,022 [RatisPipelineUtilsThread - 0] INFO  pipeline.RatisPipelineProvider (RatisPipelineProvider.java:lambda$create$0(206)) - Sending CreatePipelineCommand for pipeline:PipelineID=a5fbe8c9-bf7d-45a3-a4e7-00a541332aa0 to datanode:24a59b6b-5580-49f4-8674-e10ef71be698
2023-02-21 13:39:13,022 [RatisPipelineUtilsThread - 0] INFO  pipeline.PipelineStateManagerImpl (PipelineStateManagerImpl.java:addPipeline(103)) - Created pipeline Pipeline[ Id: a5fbe8c9-bf7d-45a3-a4e7-00a541332aa0, Nodes: 24a59b6b-5580-49f4-8674-e10ef71be698(fv-az318-260.ewvrrcgabbbubjc05i3n4a3pph.dx.internal.cloudapp.net/10.1.0.81), ReplicationConfig: RATIS/ONE, State:ALLOCATED, leaderId:, CreationTimestamp2023-02-21T13:39:13.022Z[Etc/UTC]].
2023-02-21 13:39:13,023 [RatisPipelineUtilsThread - 0] INFO  pipeline.RatisPipelineProvider (RatisPipelineProvider.java:lambda$create$0(206)) - Sending CreatePipelineCommand for pipeline:PipelineID=0a910542-7126-47e9-864e-47fcf3555b7a to datanode:24a59b6b-5580-49f4-8674-e10ef71be698
2023-02-21 13:39:13,023 [RatisPipelineUtilsThread - 0] INFO  pipeline.RatisPipelineProvider (RatisPipelineProvider.java:lambda$create$0(206)) - Sending CreatePipelineCommand for pipeline:PipelineID=0a910542-7126-47e9-864e-47fcf3555b7a to datanode:e9aaeb2c-5ca1-4644-9e1d-ecde78d55867
2023-02-21 13:39:13,023 [RatisPipelineUtilsThread - 0] INFO  pipeline.RatisPipelineProvider (RatisPipelineProvider.java:lambda$create$0(206)) - Sending CreatePipelineCommand for pipeline:PipelineID=0a910542-7126-47e9-864e-47fcf3555b7a to datanode:b8864c6c-2f32-4f18-b19e-2e05a8dee4a2
2023-02-21 13:39:13,023 [RatisPipelineUtilsThread - 0] INFO  pipeline.PipelineStateManagerImpl (PipelineStateManagerImpl.java:addPipeline(103)) - Created pipeline Pipeline[ Id: 0a910542-7126-47e9-864e-47fcf3555b7a, Nodes: 24a59b6b-5580-49f4-8674-e10ef71be698(fv-az318-260.ewvrrcgabbbubjc05i3n4a3pph.dx.internal.cloudapp.net/10.1.0.81)e9aaeb2c-5ca1-4644-9e1d-ecde78d55867(fv-az318-260.ewvrrcgabbbubjc05i3n4a3pph.dx.internal.cloudapp.net/10.1.0.81)b8864c6c-2f32-4f18-b19e-2e05a8dee4a2(fv-az318-260.ewvrrcgabbbubjc05i3n4a3pph.dx.internal.cloudapp.net/10.1.0.81), ReplicationConfig: RATIS/THREE, State:ALLOCATED, leaderId:, CreationTimestamp2023-02-21T13:39:13.023Z[Etc/UTC]].
2023-02-21 13:39:13,024 [RatisPipelineUtilsThread - 0] INFO  pipeline.RatisPipelineProvider (RatisPipelineProvider.java:lambda$create$0(206)) - Sending CreatePipelineCommand for pipeline:PipelineID=d634ac0a-be48-4e24-a522-55d5c4970a63 to datanode:b8864c6c-2f32-4f18-b19e-2e05a8dee4a2
2023-02-21 13:39:13,024 [RatisPipelineUtilsThread - 0] INFO  pipeline.RatisPipelineProvider (RatisPipelineProvider.java:lambda$create$0(206)) - Sending CreatePipelineCommand for pipeline:PipelineID=d634ac0a-be48-4e24-a522-55d5c4970a63 to datanode:e9aaeb2c-5ca1-4644-9e1d-ecde78d55867
2023-02-21 13:39:13,024 [RatisPipelineUtilsThread - 0] INFO  pipeline.RatisPipelineProvider (RatisPipelineProvider.java:lambda$create$0(206)) - Sending CreatePipelineCommand for pipeline:PipelineID=d634ac0a-be48-4e24-a522-55d5c4970a63 to datanode:24a59b6b-5580-49f4-8674-e10ef71be698
2023-02-21 13:39:13,025 [RatisPipelineUtilsThread - 0] INFO  pipeline.PipelineStateManagerImpl (PipelineStateManagerImpl.java:addPipeline(103)) - Created pipeline Pipeline[ Id: d634ac0a-be48-4e24-a522-55d5c4970a63, Nodes: b8864c6c-2f32-4f18-b19e-2e05a8dee4a2(fv-az318-260.ewvrrcgabbbubjc05i3n4a3pph.dx.internal.cloudapp.net/10.1.0.81)e9aaeb2c-5ca1-4644-9e1d-ecde78d55867(fv-az318-260.ewvrrcgabbbubjc05i3n4a3pph.dx.internal.cloudapp.net/10.1.0.81)24a59b6b-5580-49f4-8674-e10ef71be698(fv-az318-260.ewvrrcgabbbubjc05i3n4a3pph.dx.internal.cloudapp.net/10.1.0.81), ReplicationConfig: RATIS/THREE, State:ALLOCATED, leaderId:, CreationTimestamp2023-02-21T13:39:13.024Z[Etc/UTC]].
2023-02-21 13:39:13,025 [RatisPipelineUtilsThread - 0] INFO  pipeline.PipelineManagerImpl (PipelineManagerImpl.java:recordMetricsForPipeline(826)) - Pipeline: PipelineID=d634ac0a-be48-4e24-a522-55d5c4970a63 contains same datanodes as previous pipelines: PipelineID=0a910542-7126-47e9-864e-47fcf3555b7a nodeIds: b8864c6c-2f32-4f18-b19e-2e05a8dee4a2, e9aaeb2c-5ca1-4644-9e1d-ecde78d55867, 24a59b6b-5580-49f4-8674-e10ef71be698
2023-02-21 13:39:13,025 [RatisPipelineUtilsThread - 0] WARN  pipeline.PipelinePlacementPolicy (PipelinePlacementPolicy.java:filterViableNodes(158)) - Pipeline creation failed due to no sufficient healthy datanodes. Required 3. Found 0.
2023-02-21 13:39:13,025 [RatisPipelineUtilsThread - 0] WARN  pipeline.PipelinePlacementPolicy (PipelinePlacementPolicy.java:filterViableNodes(158)) - Pipeline creation failed due to no sufficient healthy datanodes. Required 3. Found 0.
2023-02-21 13:39:13,431 [IPC Server handler 2 on default port 37581] INFO  net.NetworkTopologyImpl (NetworkTopologyImpl.java:add(112)) - Added a new node: /default-rack/66960b80-c593-4b74-88fd-c621ad684876
2023-02-21 13:39:13,433 [IPC Server handler 2 on default port 37581] INFO  node.SCMNodeManager (SCMNodeManager.java:register(397)) - Registered Data node : 66960b80-c593-4b74-88fd-c621ad684876{ip: 10.1.0.81, host: fv-az318-260.ewvrrcgabbbubjc05i3n4a3pph.dx.internal.cloudapp.net, ports: [REPLICATION=45851, RATIS=46505, RATIS_ADMIN=46505, RATIS_SERVER=46505, RATIS_DATASTREAM=40997, STANDALONE=44619], networkLocation: /default-rack, certSerialId: null, persistedOpState: null, persistedOpStateExpiryEpochSec: 0}
2023-02-21 13:39:13,433 [EventQueue-NewNodeForNewNodeHandler] INFO  pipeline.BackgroundPipelineCreator (BackgroundPipelineCreator.java:notifyEventTriggered(276)) - trigger a one-shot run on RatisPipelineUtilsThread.
2023-02-21 13:39:13,433 [RatisPipelineUtilsThread - 0] INFO  pipeline.RatisPipelineProvider (RatisPipelineProvider.java:lambda$create$0(206)) - Sending CreatePipelineCommand for pipeline:PipelineID=6f3fc31c-fbc7-4438-b3dc-046d58d7d5b8 to datanode:66960b80-c593-4b74-88fd-c621ad684876
2023-02-21 13:39:13,434 [RatisPipelineUtilsThread - 0] INFO  pipeline.PipelineStateManagerImpl (PipelineStateManagerImpl.java:addPipeline(103)) - Created pipeline Pipeline[ Id: 6f3fc31c-fbc7-4438-b3dc-046d58d7d5b8, Nodes: 66960b80-c593-4b74-88fd-c621ad684876(fv-az318-260.ewvrrcgabbbubjc05i3n4a3pph.dx.internal.cloudapp.net/10.1.0.81), ReplicationConfig: RATIS/ONE, State:ALLOCATED, leaderId:, CreationTimestamp2023-02-21T13:39:13.433Z[Etc/UTC]].
2023-02-21 13:39:13,435 [RatisPipelineUtilsThread - 0] WARN  pipeline.PipelinePlacementPolicy (PipelinePlacementPolicy.java:filterViableNodes(158)) - Pipeline creation failed due to no sufficient healthy datanodes. Required 3. Found 1.
2023-02-21 13:39:13,885 [Listener at 127.0.0.1/40229] INFO  ozone.MiniOzoneClusterImpl (MiniOzoneClusterImpl.java:lambda$waitForClusterToBeReady$0(218)) - Waiting for nodes to be ready. Got 4 of 5 DN Heartbeats.
2023-02-21 13:39:13,885 [Listener at 127.0.0.1/40229] INFO  ozone.MiniOzoneClusterImpl (MiniOzoneClusterImpl.java:lambda$waitForClusterToBeReady$0(221)) - Waiting for cluster to exit safe mode
2023-02-21 13:39:13,885 [Listener at 127.0.0.1/40229] INFO  ozone.MiniOzoneClusterImpl (MiniOzoneClusterImpl.java:lambda$waitForClusterToBeReady$0(223)) - SCM became leader
2023-02-21 13:39:13,885 [IPC Server handler 0 on default port 37581] INFO  net.NetworkTopologyImpl (NetworkTopologyImpl.java:add(112)) - Added a new node: /default-rack/3e39c96d-43de-444f-825b-71406d153b89
2023-02-21 13:39:13,886 [IPC Server handler 0 on default port 37581] INFO  node.SCMNodeManager (SCMNodeManager.java:register(397)) - Registered Data node : 3e39c96d-43de-444f-825b-71406d153b89{ip: 10.1.0.81, host: fv-az318-260.ewvrrcgabbbubjc05i3n4a3pph.dx.internal.cloudapp.net, ports: [REPLICATION=43671, RATIS=37869, RATIS_ADMIN=37869, RATIS_SERVER=37869, RATIS_DATASTREAM=34063, STANDALONE=34079], networkLocation: /default-rack, certSerialId: null, persistedOpState: null, persistedOpStateExpiryEpochSec: 0}
2023-02-21 13:39:13,886 [EventQueue-NewNodeForNewNodeHandler] INFO  pipeline.BackgroundPipelineCreator (BackgroundPipelineCreator.java:notifyEventTriggered(276)) - trigger a one-shot run on RatisPipelineUtilsThread.
2023-02-21 13:39:13,886 [RatisPipelineUtilsThread - 0] INFO  pipeline.RatisPipelineProvider (RatisPipelineProvider.java:lambda$create$0(206)) - Sending CreatePipelineCommand for pipeline:PipelineID=40a877b3-6a58-4d1b-bbcf-add21a225710 to datanode:3e39c96d-43de-444f-825b-71406d153b89
2023-02-21 13:39:13,887 [RatisPipelineUtilsThread - 0] INFO  pipeline.PipelineStateManagerImpl (PipelineStateManagerImpl.java:addPipeline(103)) - Created pipeline Pipeline[ Id: 40a877b3-6a58-4d1b-bbcf-add21a225710, Nodes: 3e39c96d-43de-444f-825b-71406d153b89(fv-az318-260.ewvrrcgabbbubjc05i3n4a3pph.dx.internal.cloudapp.net/10.1.0.81), ReplicationConfig: RATIS/ONE, State:ALLOCATED, leaderId:, CreationTimestamp2023-02-21T13:39:13.886Z[Etc/UTC]].
2023-02-21 13:39:13,888 [RatisPipelineUtilsThread - 0] WARN  pipeline.PipelinePlacementPolicy (PipelinePlacementPolicy.java:filterViableNodes(158)) - Pipeline creation failed due to no sufficient healthy datanodes. Required 3. Found 2.
2023-02-21 13:39:14,886 [Listener at 127.0.0.1/40229] INFO  ozone.MiniOzoneClusterImpl (MiniOzoneClusterImpl.java:lambda$waitForClusterToBeReady$0(218)) - Nodes are ready. Got 5 of 5 DN Heartbeats.
2023-02-21 13:39:14,886 [Listener at 127.0.0.1/40229] INFO  ozone.MiniOzoneClusterImpl (MiniOzoneClusterImpl.java:lambda$waitForClusterToBeReady$0(221)) - Waiting for cluster to exit safe mode
2023-02-21 13:39:14,886 [Listener at 127.0.0.1/40229] INFO  ozone.MiniOzoneClusterImpl (MiniOzoneClusterImpl.java:lambda$waitForClusterToBeReady$0(223)) - SCM became leader
2023-02-21 13:39:15,148 [Command processor thread] INFO  server.RaftServer (RaftServerProxy.java:addNew(96)) - e9aaeb2c-5ca1-4644-9e1d-ecde78d55867: addNew group-710418FD9C5F:[e9aaeb2c-5ca1-4644-9e1d-ecde78d55867|rpc:10.1.0.81:40793|dataStream:10.1.0.81:46131|priority:1|startupRole:FOLLOWER] returns group-710418FD9C5F:java.util.concurrent.CompletableFuture@19eedf1e[Not completed]
2023-02-21 13:39:15,150 [pool-275-thread-1] INFO  server.RaftServer$Division (RaftServerImpl.java:<init>(195)) - e9aaeb2c-5ca1-4644-9e1d-ecde78d55867: new RaftServerImpl for group-710418FD9C5F:[e9aaeb2c-5ca1-4644-9e1d-ecde78d55867|rpc:10.1.0.81:40793|dataStream:10.1.0.81:46131|priority:1|startupRole:FOLLOWER] with ContainerStateMachine:uninitialized
2023-02-21 13:39:15,150 [pool-275-thread-1] INFO  server.RaftServerConfigKeys (ConfUtils.java:logGet(46)) - raft.server.rpc.timeout.min = 5s (custom)
2023-02-21 13:39:15,150 [pool-275-thread-1] INFO  server.RaftServerConfigKeys (ConfUtils.java:logGet(46)) - raft.server.rpc.timeout.max = 5200ms (custom)
2023-02-21 13:39:15,150 [pool-275-thread-1] INFO  server.RaftServerConfigKeys (ConfUtils.java:logGet(46)) - raft.server.rpc.sleep.time = 25ms (default)
2023-02-21 13:39:15,150 [pool-275-thread-1] INFO  server.RaftServerConfigKeys (ConfUtils.java:logGet(46)) - raft.server.rpc.slowness.timeout = 300s (custom)
2023-02-21 13:39:15,150 [pool-275-thread-1] INFO  server.RaftServerConfigKeys (ConfUtils.java:logGet(46)) - raft.server.leaderelection.leader.step-down.wait-time = 10s (default)
2023-02-21 13:39:15,150 [pool-275-thread-1] INFO  server.RaftServerConfigKeys (ConfUtils.java:logGet(46)) - raft.server.sleep.deviation.threshold = 300ms (default)
2023-02-21 13:39:15,150 [pool-275-thread-1] INFO  server.RaftServer$Division (ServerState.java:<init>(118)) - e9aaeb2c-5ca1-4644-9e1d-ecde78d55867@group-710418FD9C5F: ConfigurationManager, init=-1: peers:[e9aaeb2c-5ca1-4644-9e1d-ecde78d55867|rpc:10.1.0.81:40793|dataStream:10.1.0.81:46131|priority:1|startupRole:FOLLOWER]|listeners:[], old=null, confs=<EMPTY_MAP>
2023-02-21 13:39:15,150 [pool-275-thread-1] INFO  server.RaftServerConfigKeys (ConfUtils.java:logGet(46)) - raft.server.storage.dir = [/home/runner/work/ozone/ozone/hadoop-ozone/integration-test/target/test-dir/MiniOzoneClusterImpl-be926948-0f1c-4cac-9651-6eceb419abf0/datanode-0/data/ratis] (custom)
2023-02-21 13:39:15,151 [pool-275-thread-1] INFO  server.RaftServerConfigKeys (ConfUtils.java:logGet(46)) - raft.server.log.corruption.policy = EXCEPTION (default)
2023-02-21 13:39:15,151 [pool-275-thread-1] INFO  server.RaftServerConfigKeys (ConfUtils.java:logGet(46)) - raft.server.storage.free-space.min = 0MB (=0) (default)
2023-02-21 13:39:15,151 [pool-275-thread-1] INFO  server.RaftServerConfigKeys (ConfUtils.java:logGet(46)) - raft.server.notification.no-leader.timeout = 300s (custom)
2023-02-21 13:39:15,151 [pool-275-thread-1] INFO  server.RaftServerConfigKeys (ConfUtils.java:logGet(46)) - raft.server.retrycache.expirytime = 600000ms (custom)
2023-02-21 13:39:15,151 [pool-275-thread-1] INFO  server.RaftServerConfigKeys (ConfUtils.java:logGet(46)) - raft.server.retrycache.statistics.expirytime = 100μs (default)
2023-02-21 13:39:15,152 [pool-275-thread-1] INFO  server.RaftServerConfigKeys (ConfUtils.java:logGet(46)) - raft.server.log.appender.install.snapshot.enabled = false (custom)
2023-02-21 13:39:15,152 [pool-275-thread-1] INFO  server.RaftServerConfigKeys (ConfUtils.java:logGet(46)) - raft.server.threadpool.server.cached = true (default)
2023-02-21 13:39:15,153 [pool-275-thread-1] INFO  server.RaftServerConfigKeys (ConfUtils.java:logGet(46)) - raft.server.threadpool.server.size = 0 (default)
2023-02-21 13:39:15,153 [pool-275-thread-1] INFO  server.RaftServerConfigKeys (ConfUtils.java:logGet(46)) - raft.server.threadpool.client.cached = true (default)
2023-02-21 13:39:15,153 [pool-275-thread-1] INFO  server.RaftServerConfigKeys (ConfUtils.java:logGet(46)) - raft.server.threadpool.client.size = 0 (default)
2023-02-21 13:39:15,153 [pool-275-thread-1] INFO  storage.RaftStorageDirectory (RaftStorageDirectoryImpl.java:analyzeStorage(137)) - The storage directory /home/runner/work/ozone/ozone/hadoop-ozone/integration-test/target/test-dir/MiniOzoneClusterImpl-be926948-0f1c-4cac-9651-6eceb419abf0/datanode-0/data/ratis/85bf24f6-3fdf-4645-8895-710418fd9c5f does not exist. Creating ...
2023-02-21 13:39:15,155 [pool-275-thread-1] INFO  storage.RaftStorageDirectory (RaftStorageDirectoryImpl.java:tryLock(231)) - Lock on /home/runner/work/ozone/ozone/hadoop-ozone/integration-test/target/test-dir/MiniOzoneClusterImpl-be926948-0f1c-4cac-9651-6eceb419abf0/datanode-0/data/ratis/85bf24f6-3fdf-4645-8895-710418fd9c5f/in_use.lock acquired by nodename 15258@fv-az318-260
2023-02-21 13:39:15,156 [pool-275-thread-1] INFO  storage.RaftStorage (RaftStorageImpl.java:format(96)) - Storage directory /home/runner/work/ozone/ozone/hadoop-ozone/integration-test/target/test-dir/MiniOzoneClusterImpl-be926948-0f1c-4cac-9651-6eceb419abf0/datanode-0/data/ratis/85bf24f6-3fdf-4645-8895-710418fd9c5f has been successfully formatted.
2023-02-21 13:39:15,158 [pool-275-thread-1] INFO  ratis.ContainerStateMachine (ContainerStateMachine.java:loadSnapshot(240)) - group-710418FD9C5F: The snapshot info is null. Setting the last applied indexto:(t:0, i:~)
2023-02-21 13:39:15,158 [pool-275-thread-1] INFO  server.RaftServerConfigKeys (ConfUtils.java:logGet(46)) - raft.server.log.use.memory = false (default)
2023-02-21 13:39:15,158 [pool-275-thread-1] INFO  server.RaftServerConfigKeys (ConfUtils.java:logGet(46)) - raft.server.log.purge.gap = 1000000 (custom)
2023-02-21 13:39:15,158 [pool-275-thread-1] INFO  server.RaftServerConfigKeys (ConfUtils.java:logGet(46)) - raft.server.log.appender.buffer.byte-limit = 33554432 (custom)
2023-02-21 13:39:15,158 [pool-275-thread-1] INFO  server.RaftServerConfigKeys (ConfUtils.java:logGet(46)) - raft.server.log.statemachine.data.read.timeout = 1000ms (default)
2023-02-21 13:39:15,158 [pool-275-thread-1] INFO  server.RaftServerConfigKeys (ConfUtils.java:logGet(46)) - raft.server.log.purge.preservation.log.num = 0 (default)
2023-02-21 13:39:15,159 [EventQueue-PipelineReportForPipelineReportHandler] INFO  pipeline.PipelineManagerImpl (PipelineManagerImpl.java:openPipeline(367)) - Pipeline Pipeline[ Id: 85bf24f6-3fdf-4645-8895-710418fd9c5f, Nodes: e9aaeb2c-5ca1-4644-9e1d-ecde78d55867(fv-az318-260.ewvrrcgabbbubjc05i3n4a3pph.dx.internal.cloudapp.net/10.1.0.81), ReplicationConfig: RATIS/ONE, State:ALLOCATED, leaderId:e9aaeb2c-5ca1-4644-9e1d-ecde78d55867, CreationTimestamp2023-02-21T13:39:12.160Z[Etc/UTC]] moved to OPEN state
2023-02-21 13:39:15,159 [pool-275-thread-1] INFO  server.RaftServerConfigKeys (ConfUtils.java:logGet(46)) - raft.server.log.segment.size.max = 1048576 (custom)
2023-02-21 13:39:15,159 [pool-275-thread-1] INFO  server.RaftServerConfigKeys (ConfUtils.java:logGet(46)) - raft.server.log.segment.cache.num.max = 2 (custom)
2023-02-21 13:39:15,160 [pool-275-thread-1] INFO  server.RaftServerConfigKeys (ConfUtils.java:logGet(46)) - raft.server.log.segment.cache.size.max = 200MB (=209715200) (default)
2023-02-21 13:39:15,160 [pool-275-thread-1] INFO  segmented.SegmentedRaftLogWorker (SegmentedRaftLogWorker.java:<init>(189)) - new e9aaeb2c-5ca1-4644-9e1d-ecde78d55867@group-710418FD9C5F-SegmentedRaftLogWorker for RaftStorageImpl:Storage Directory /home/runner/work/ozone/ozone/hadoop-ozone/integration-test/target/test-dir/MiniOzoneClusterImpl-be926948-0f1c-4cac-9651-6eceb419abf0/datanode-0/data/ratis/85bf24f6-3fdf-4645-8895-710418fd9c5f
2023-02-21 13:39:15,160 [pool-275-thread-1] INFO  server.RaftServerConfigKeys (ConfUtils.java:logGet(46)) - raft.server.log.queue.byte-limit = 4294967296 (custom)
2023-02-21 13:39:15,160 [pool-275-thread-1] INFO  server.RaftServerConfigKeys (ConfUtils.java:logGet(46)) - raft.server.log.queue.element-limit = 1024 (custom)
2023-02-21 13:39:15,160 [pool-275-thread-1] INFO  server.RaftServerConfigKeys (ConfUtils.java:logGet(46)) - raft.server.log.segment.size.max = 1048576 (custom)
2023-02-21 13:39:15,161 [pool-275-thread-1] INFO  server.RaftServerConfigKeys (ConfUtils.java:logGet(46)) - raft.server.log.preallocated.size = 16384 (custom)
2023-02-21 13:39:15,161 [pool-275-thread-1] INFO  server.RaftServerConfigKeys (ConfUtils.java:logGet(46)) - raft.server.log.force.sync.num = 128 (default)
2023-02-21 13:39:15,161 [EventQueue-OpenPipelineForHealthyPipelineSafeModeRule] INFO  safemode.SCMSafeModeManager (HealthyPipelineSafeModeRule.java:process(137)) - SCM in safe mode. Healthy pipelines reported count is 0, required healthy pipeline reported count is 1
2023-02-21 13:39:15,162 [pool-275-thread-1] INFO  server.RaftServerConfigKeys (ConfUtils.java:logGet(46)) - raft.server.log.statemachine.data.sync = true (default)
2023-02-21 13:39:15,162 [pool-275-thread-1] INFO  server.RaftServerConfigKeys (ConfUtils.java:logGet(46)) - raft.server.log.statemachine.data.sync.timeout = 10s (default)
2023-02-21 13:39:15,162 [pool-275-thread-1] INFO  server.RaftServerConfigKeys (ConfUtils.java:logGet(46)) - raft.server.log.statemachine.data.sync.timeout.retry = -1 (default)
2023-02-21 13:39:15,163 [pool-275-thread-1] INFO  server.RaftServerConfigKeys (ConfUtils.java:logGet(46)) - raft.server.log.write.buffer.size = 1048576 (custom)
2023-02-21 13:39:15,163 [pool-275-thread-1] INFO  server.RaftServerConfigKeys (ConfUtils.java:logGet(46)) - raft.server.log.appender.buffer.byte-limit = 33554432 (custom)
2023-02-21 13:39:15,168 [pool-275-thread-1] INFO  server.RaftServerConfigKeys (ConfUtils.java:logGet(46)) - raft.server.log.unsafe-flush.enabled = false (default)
2023-02-21 13:39:15,168 [pool-275-thread-1] INFO  server.RaftServerConfigKeys (ConfUtils.java:logGet(46)) - raft.server.log.async-flush.enabled = false (default)
2023-02-21 13:39:15,168 [pool-275-thread-1] INFO  server.RaftServerConfigKeys (ConfUtils.java:logGet(46)) - raft.server.log.statemachine.data.caching.enabled = true (custom)
2023-02-21 13:39:15,168 [pool-275-thread-1] INFO  segmented.SegmentedRaftLogWorker (SegmentedRaftLogWorker.java:lambda$new$0(135)) - e9aaeb2c-5ca1-4644-9e1d-ecde78d55867@group-710418FD9C5F-SegmentedRaftLogWorker: flushIndex: setUnconditionally 0 -> -1
2023-02-21 13:39:15,168 [pool-275-thread-1] INFO  segmented.SegmentedRaftLogWorker (SegmentedRaftLogWorker.java:lambda$new$0(135)) - e9aaeb2c-5ca1-4644-9e1d-ecde78d55867@group-710418FD9C5F-SegmentedRaftLogWorker: safeCacheEvictIndex: setUnconditionally 0 -> -1
2023-02-21 13:39:15,169 [pool-275-thread-1] INFO  server.RaftServer$Division (RaftServerImpl.java:start(334)) - e9aaeb2c-5ca1-4644-9e1d-ecde78d55867@group-710418FD9C5F: start as a follower, conf=-1: peers:[e9aaeb2c-5ca1-4644-9e1d-ecde78d55867|rpc:10.1.0.81:40793|dataStream:10.1.0.81:46131|priority:1|startupRole:FOLLOWER]|listeners:[], old=null
2023-02-21 13:39:15,169 [pool-275-thread-1] INFO  server.RaftServer$Division (RaftServerImpl.java:setRole(321)) - e9aaeb2c-5ca1-4644-9e1d-ecde78d55867@group-710418FD9C5F: changes role from      null to FOLLOWER at term 0 for startAsFollower
2023-02-21 13:39:15,169 [pool-275-thread-1] INFO  impl.RoleInfo (RoleInfo.java:updateAndGet(139)) - e9aaeb2c-5ca1-4644-9e1d-ecde78d55867: start e9aaeb2c-5ca1-4644-9e1d-ecde78d55867@group-710418FD9C5F-FollowerState
2023-02-21 13:39:15,169 [e9aaeb2c-5ca1-4644-9e1d-ecde78d55867@group-710418FD9C5F-FollowerState] INFO  server.RaftServerConfigKeys (ConfUtils.java:logFallback(53)) - raft.server.rpc.first-election.timeout.min = 5s (fallback to raft.server.rpc.timeout.min)
2023-02-21 13:39:15,169 [e9aaeb2c-5ca1-4644-9e1d-ecde78d55867@group-710418FD9C5F-FollowerState] INFO  server.RaftServerConfigKeys (ConfUtils.java:logFallback(53)) - raft.server.rpc.first-election.timeout.max = 5200ms (fallback to raft.server.rpc.timeout.max)
2023-02-21 13:39:15,170 [pool-275-thread-1] INFO  util.JmxRegister (JmxRegister.java:tryRegister(44)) - Successfully registered JMX Bean with object name Ratis:service=RaftServer,group=group-710418FD9C5F,id=e9aaeb2c-5ca1-4644-9e1d-ecde78d55867
2023-02-21 13:39:15,170 [pool-275-thread-1] INFO  server.RaftServerConfigKeys (ConfUtils.java:logGet(46)) - raft.server.snapshot.auto.trigger.enabled = true (custom)
2023-02-21 13:39:15,170 [pool-275-thread-1] INFO  server.RaftServerConfigKeys (ConfUtils.java:logGet(46)) - raft.server.snapshot.auto.trigger.threshold = 10000 (custom)
2023-02-21 13:39:15,170 [pool-275-thread-1] INFO  server.RaftServerConfigKeys (ConfUtils.java:logGet(46)) - raft.server.snapshot.retention.file.num = 5 (custom)
2023-02-21 13:39:15,170 [pool-275-thread-1] INFO  server.RaftServerConfigKeys (ConfUtils.java:logGet(46)) - raft.server.log.purge.upto.snapshot.index = false (default)
2023-02-21 13:39:15,173 [Command processor thread] INFO  ratis.XceiverServerRatis (XceiverServerRatis.java:addGroup(807)) - Created group PipelineID=85bf24f6-3fdf-4645-8895-710418fd9c5f
2023-02-21 13:39:15,173 [Command processor thread] INFO  commandhandler.CreatePipelineCommandHandler (CreatePipelineCommandHandler.java:handle(113)) - Created Pipeline RATIS ONE PipelineID=85bf24f6-3fdf-4645-8895-710418fd9c5f.
2023-02-21 13:39:15,173 [Command processor thread] INFO  server.RaftServer (RaftServerProxy.java:addNew(96)) - e9aaeb2c-5ca1-4644-9e1d-ecde78d55867: addNew group-47FCF3555B7A:[b8864c6c-2f32-4f18-b19e-2e05a8dee4a2|rpc:10.1.0.81:35481|dataStream:10.1.0.81:45565|priority:0|startupRole:FOLLOWER, e9aaeb2c-5ca1-4644-9e1d-ecde78d55867|rpc:10.1.0.81:40793|dataStream:10.1.0.81:46131|priority:1|startupRole:FOLLOWER, 24a59b6b-5580-49f4-8674-e10ef71be698|rpc:10.1.0.81:45623|dataStream:10.1.0.81:37369|priority:0|startupRole:FOLLOWER] returns group-47FCF3555B7A:java.util.concurrent.CompletableFuture@1dd148fb[Not completed]
2023-02-21 13:39:15,175 [pool-275-thread-1] INFO  server.RaftServer$Division (RaftServerImpl.java:<init>(195)) - e9aaeb2c-5ca1-4644-9e1d-ecde78d55867: new RaftServerImpl for group-47FCF3555B7A:[b8864c6c-2f32-4f18-b19e-2e05a8dee4a2|rpc:10.1.0.81:35481|dataStream:10.1.0.81:45565|priority:0|startupRole:FOLLOWER, e9aaeb2c-5ca1-4644-9e1d-ecde78d55867|rpc:10.1.0.81:40793|dataStream:10.1.0.81:46131|priority:1|startupRole:FOLLOWER, 24a59b6b-5580-49f4-8674-e10ef71be698|rpc:10.1.0.81:45623|dataStream:10.1.0.81:37369|priority:0|startupRole:FOLLOWER] with ContainerStateMachine:uninitialized
2023-02-21 13:39:15,175 [pool-275-thread-1] INFO  server.RaftServerConfigKeys (ConfUtils.java:logGet(46)) - raft.server.rpc.timeout.min = 5s (custom)
2023-02-21 13:39:15,175 [pool-275-thread-1] INFO  server.RaftServerConfigKeys (ConfUtils.java:logGet(46)) - raft.server.rpc.timeout.max = 5200ms (custom)
2023-02-21 13:39:15,175 [pool-275-thread-1] INFO  server.RaftServerConfigKeys (ConfUtils.java:logGet(46)) - raft.server.rpc.sleep.time = 25ms (default)
2023-02-21 13:39:15,175 [pool-275-thread-1] INFO  server.RaftServerConfigKeys (ConfUtils.java:logGet(46)) - raft.server.rpc.slowness.timeout = 300s (custom)
2023-02-21 13:39:15,176 [pool-275-thread-1] INFO  server.RaftServerConfigKeys (ConfUtils.java:logGet(46)) - raft.server.leaderelection.leader.step-down.wait-time = 10s (default)
2023-02-21 13:39:15,176 [pool-275-thread-1] INFO  server.RaftServerConfigKeys (ConfUtils.java:logGet(46)) - raft.server.sleep.deviation.threshold = 300ms (default)
2023-02-21 13:39:15,176 [pool-275-thread-1] INFO  server.RaftServer$Division (ServerState.java:<init>(118)) - e9aaeb2c-5ca1-4644-9e1d-ecde78d55867@group-47FCF3555B7A: ConfigurationManager, init=-1: peers:[b8864c6c-2f32-4f18-b19e-2e05a8dee4a2|rpc:10.1.0.81:35481|dataStream:10.1.0.81:45565|priority:0|startupRole:FOLLOWER, e9aaeb2c-5ca1-4644-9e1d-ecde78d55867|rpc:10.1.0.81:40793|dataStream:10.1.0.81:46131|priority:1|startupRole:FOLLOWER, 24a59b6b-5580-49f4-8674-e10ef71be698|rpc:10.1.0.81:45623|dataStream:10.1.0.81:37369|priority:0|startupRole:FOLLOWER]|listeners:[], old=null, confs=<EMPTY_MAP>
2023-02-21 13:39:15,177 [pool-275-thread-1] INFO  server.RaftServerConfigKeys (ConfUtils.java:logGet(46)) - raft.server.storage.dir = [/home/runner/work/ozone/ozone/hadoop-ozone/integration-test/target/test-dir/MiniOzoneClusterImpl-be926948-0f1c-4cac-9651-6eceb419abf0/datanode-0/data/ratis] (custom)
2023-02-21 13:39:15,177 [pool-275-thread-1] INFO  server.RaftServerConfigKeys (ConfUtils.java:logGet(46)) - raft.server.log.corruption.policy = EXCEPTION (default)
2023-02-21 13:39:15,177 [pool-275-thread-1] INFO  server.RaftServerConfigKeys (ConfUtils.java:logGet(46)) - raft.server.storage.free-space.min = 0MB (=0) (default)
2023-02-21 13:39:15,177 [pool-275-thread-1] INFO  server.RaftServerConfigKeys (ConfUtils.java:logGet(46)) - raft.server.notification.no-leader.timeout = 300s (custom)
2023-02-21 13:39:15,177 [pool-275-thread-1] INFO  server.RaftServerConfigKeys (ConfUtils.java:logGet(46)) - raft.server.retrycache.expirytime = 600000ms (custom)
2023-02-21 13:39:15,177 [pool-275-thread-1] INFO  server.RaftServerConfigKeys (ConfUtils.java:logGet(46)) - raft.server.retrycache.statistics.expirytime = 100μs (default)
2023-02-21 13:39:15,178 [pool-275-thread-1] INFO  server.RaftServerConfigKeys (ConfUtils.java:logGet(46)) - raft.server.log.appender.install.snapshot.enabled = false (custom)
2023-02-21 13:39:15,178 [pool-275-thread-1] INFO  server.RaftServerConfigKeys (ConfUtils.java:logGet(46)) - raft.server.threadpool.server.cached = true (default)
2023-02-21 13:39:15,178 [pool-275-thread-1] INFO  server.RaftServerConfigKeys (ConfUtils.java:logGet(46)) - raft.server.threadpool.server.size = 0 (default)
2023-02-21 13:39:15,179 [pool-275-thread-1] INFO  server.RaftServerConfigKeys (ConfUtils.java:logGet(46)) - raft.server.threadpool.client.cached = true (default)
2023-02-21 13:39:15,179 [pool-275-thread-1] INFO  server.RaftServerConfigKeys (ConfUtils.java:logGet(46)) - raft.server.threadpool.client.size = 0 (default)
2023-02-21 13:39:15,179 [pool-275-thread-1] INFO  storage.RaftStorageDirectory (RaftStorageDirectoryImpl.java:analyzeStorage(137)) - The storage directory /home/runner/work/ozone/ozone/hadoop-ozone/integration-test/target/test-dir/MiniOzoneClusterImpl-be926948-0f1c-4cac-9651-6eceb419abf0/datanode-0/data/ratis/0a910542-7126-47e9-864e-47fcf3555b7a does not exist. Creating ...
2023-02-21 13:39:15,182 [pool-275-thread-1] INFO  storage.RaftStorageDirectory (RaftStorageDirectoryImpl.java:tryLock(231)) - Lock on /home/runner/work/ozone/ozone/hadoop-ozone/integration-test/target/test-dir/MiniOzoneClusterImpl-be926948-0f1c-4cac-9651-6eceb419abf0/datanode-0/data/ratis/0a910542-7126-47e9-864e-47fcf3555b7a/in_use.lock acquired by nodename 15258@fv-az318-260
2023-02-21 13:39:15,184 [pool-275-thread-1] INFO  storage.RaftStorage (RaftStorageImpl.java:format(96)) - Storage directory /home/runner/work/ozone/ozone/hadoop-ozone/integration-test/target/test-dir/MiniOzoneClusterImpl-be926948-0f1c-4cac-9651-6eceb419abf0/datanode-0/data/ratis/0a910542-7126-47e9-864e-47fcf3555b7a has been successfully formatted.
2023-02-21 13:39:15,184 [pool-275-thread-1] INFO  ratis.ContainerStateMachine (ContainerStateMachine.java:loadSnapshot(240)) - group-47FCF3555B7A: The snapshot info is null. Setting the last applied indexto:(t:0, i:~)
2023-02-21 13:39:15,184 [pool-275-thread-1] INFO  server.RaftServerConfigKeys (ConfUtils.java:logGet(46)) - raft.server.log.use.memory = false (default)
2023-02-21 13:39:15,185 [pool-275-thread-1] INFO  server.RaftServerConfigKeys (ConfUtils.java:logGet(46)) - raft.server.log.purge.gap = 1000000 (custom)
2023-02-21 13:39:15,185 [pool-275-thread-1] INFO  server.RaftServerConfigKeys (ConfUtils.java:logGet(46)) - raft.server.log.appender.buffer.byte-limit = 33554432 (custom)
2023-02-21 13:39:15,185 [EventQueue-OpenPipelineForHealthyPipelineSafeModeRule] INFO  safemode.SCMSafeModeManager (HealthyPipelineSafeModeRule.java:process(137)) - SCM in safe mode. Healthy pipelines reported count is 0, required healthy pipeline reported count is 1
2023-02-21 13:39:15,187 [pool-275-thread-1] INFO  server.RaftServerConfigKeys (ConfUtils.java:logGet(46)) - raft.server.log.statemachine.data.read.timeout = 1000ms (default)
2023-02-21 13:39:15,191 [pool-275-thread-1] INFO  server.RaftServerConfigKeys (ConfUtils.java:logGet(46)) - raft.server.log.purge.preservation.log.num = 0 (default)
2023-02-21 13:39:15,191 [pool-275-thread-1] INFO  server.RaftServerConfigKeys (ConfUtils.java:logGet(46)) - raft.server.log.segment.size.max = 1048576 (custom)
2023-02-21 13:39:15,191 [pool-275-thread-1] INFO  server.RaftServerConfigKeys (ConfUtils.java:logGet(46)) - raft.server.log.segment.cache.num.max = 2 (custom)
2023-02-21 13:39:15,192 [pool-275-thread-1] INFO  server.RaftServerConfigKeys (ConfUtils.java:logGet(46)) - raft.server.log.segment.cache.size.max = 200MB (=209715200) (default)
2023-02-21 13:39:15,192 [pool-275-thread-1] INFO  segmented.SegmentedRaftLogWorker (SegmentedRaftLogWorker.java:<init>(189)) - new e9aaeb2c-5ca1-4644-9e1d-ecde78d55867@group-47FCF3555B7A-SegmentedRaftLogWorker for RaftStorageImpl:Storage Directory /home/runner/work/ozone/ozone/hadoop-ozone/integration-test/target/test-dir/MiniOzoneClusterImpl-be926948-0f1c-4cac-9651-6eceb419abf0/datanode-0/data/ratis/0a910542-7126-47e9-864e-47fcf3555b7a
2023-02-21 13:39:15,192 [pool-275-thread-1] INFO  server.RaftServerConfigKeys (ConfUtils.java:logGet(46)) - raft.server.log.queue.byte-limit = 4294967296 (custom)
2023-02-21 13:39:15,192 [pool-275-thread-1] INFO  server.RaftServerConfigKeys (ConfUtils.java:logGet(46)) - raft.server.log.queue.element-limit = 1024 (custom)
2023-02-21 13:39:15,192 [pool-275-thread-1] INFO  server.RaftServerConfigKeys (ConfUtils.java:logGet(46)) - raft.server.log.segment.size.max = 1048576 (custom)
2023-02-21 13:39:15,192 [pool-275-thread-1] INFO  server.RaftServerConfigKeys (ConfUtils.java:logGet(46)) - raft.server.log.preallocated.size = 16384 (custom)
2023-02-21 13:39:15,192 [pool-275-thread-1] INFO  server.RaftServerConfigKeys (ConfUtils.java:logGet(46)) - raft.server.log.force.sync.num = 128 (default)
2023-02-21 13:39:15,192 [pool-275-thread-1] INFO  server.RaftServerConfigKeys (ConfUtils.java:logGet(46)) - raft.server.log.statemachine.data.sync = true (default)
2023-02-21 13:39:15,192 [pool-275-thread-1] INFO  server.RaftServerConfigKeys (ConfUtils.java:logGet(46)) - raft.server.log.statemachine.data.sync.timeout = 10s (default)
2023-02-21 13:39:15,192 [pool-275-thread-1] INFO  server.RaftServerConfigKeys (ConfUtils.java:logGet(46)) - raft.server.log.statemachine.data.sync.timeout.retry = -1 (default)
2023-02-21 13:39:15,193 [pool-275-thread-1] INFO  server.RaftServerConfigKeys (ConfUtils.java:logGet(46)) - raft.server.log.write.buffer.size = 1048576 (custom)
2023-02-21 13:39:15,194 [pool-275-thread-1] INFO  server.RaftServerConfigKeys (ConfUtils.java:logGet(46)) - raft.server.log.appender.buffer.byte-limit = 33554432 (custom)
2023-02-21 13:39:15,199 [pool-275-thread-1] INFO  server.RaftServerConfigKeys (ConfUtils.java:logGet(46)) - raft.server.log.unsafe-flush.enabled = false (default)
2023-02-21 13:39:15,199 [pool-275-thread-1] INFO  server.RaftServerConfigKeys (ConfUtils.java:logGet(46)) - raft.server.log.async-flush.enabled = false (default)
2023-02-21 13:39:15,199 [pool-275-thread-1] INFO  server.RaftServerConfigKeys (ConfUtils.java:logGet(46)) - raft.server.log.statemachine.data.caching.enabled = true (custom)
2023-02-21 13:39:15,199 [pool-275-thread-1] INFO  segmented.SegmentedRaftLogWorker (SegmentedRaftLogWorker.java:lambda$new$0(135)) - e9aaeb2c-5ca1-4644-9e1d-ecde78d55867@group-47FCF3555B7A-SegmentedRaftLogWorker: flushIndex: setUnconditionally 0 -> -1
2023-02-21 13:39:15,199 [pool-275-thread-1] INFO  segmented.SegmentedRaftLogWorker (SegmentedRaftLogWorker.java:lambda$new$0(135)) - e9aaeb2c-5ca1-4644-9e1d-ecde78d55867@group-47FCF3555B7A-SegmentedRaftLogWorker: safeCacheEvictIndex: setUnconditionally 0 -> -1
2023-02-21 13:39:15,201 [pool-275-thread-1] INFO  server.RaftServer$Division (RaftServerImpl.java:start(334)) - e9aaeb2c-5ca1-4644-9e1d-ecde78d55867@group-47FCF3555B7A: start as a follower, conf=-1: peers:[b8864c6c-2f32-4f18-b19e-2e05a8dee4a2|rpc:10.1.0.81:35481|dataStream:10.1.0.81:45565|priority:0|startupRole:FOLLOWER, e9aaeb2c-5ca1-4644-9e1d-ecde78d55867|rpc:10.1.0.81:40793|dataStream:10.1.0.81:46131|priority:1|startupRole:FOLLOWER, 24a59b6b-5580-49f4-8674-e10ef71be698|rpc:10.1.0.81:45623|dataStream:10.1.0.81:37369|priority:0|startupRole:FOLLOWER]|listeners:[], old=null
2023-02-21 13:39:15,201 [pool-275-thread-1] INFO  server.RaftServer$Division (RaftServerImpl.java:setRole(321)) - e9aaeb2c-5ca1-4644-9e1d-ecde78d55867@group-47FCF3555B7A: changes role from      null to FOLLOWER at term 0 for startAsFollower
2023-02-21 13:39:15,201 [pool-275-thread-1] INFO  impl.RoleInfo (RoleInfo.java:updateAndGet(139)) - e9aaeb2c-5ca1-4644-9e1d-ecde78d55867: start e9aaeb2c-5ca1-4644-9e1d-ecde78d55867@group-47FCF3555B7A-FollowerState
2023-02-21 13:39:15,202 [pool-275-thread-1] INFO  util.JmxRegister (JmxRegister.java:tryRegister(44)) - Successfully registered JMX Bean with object name Ratis:service=RaftServer,group=group-47FCF3555B7A,id=e9aaeb2c-5ca1-4644-9e1d-ecde78d55867
2023-02-21 13:39:15,202 [pool-275-thread-1] INFO  server.RaftServerConfigKeys (ConfUtils.java:logGet(46)) - raft.server.snapshot.auto.trigger.enabled = true (custom)
2023-02-21 13:39:15,202 [pool-275-thread-1] INFO  server.RaftServerConfigKeys (ConfUtils.java:logGet(46)) - raft.server.snapshot.auto.trigger.threshold = 10000 (custom)
2023-02-21 13:39:15,203 [pool-275-thread-1] INFO  server.RaftServerConfigKeys (ConfUtils.java:logGet(46)) - raft.server.snapshot.retention.file.num = 5 (custom)
2023-02-21 13:39:15,203 [pool-275-thread-1] INFO  server.RaftServerConfigKeys (ConfUtils.java:logGet(46)) - raft.server.log.purge.upto.snapshot.index = false (default)
2023-02-21 13:39:15,203 [e9aaeb2c-5ca1-4644-9e1d-ecde78d55867@group-47FCF3555B7A-FollowerState] INFO  server.RaftServerConfigKeys (ConfUtils.java:logFallback(53)) - raft.server.rpc.first-election.timeout.min = 5s (fallback to raft.server.rpc.timeout.min)
2023-02-21 13:39:15,207 [Command processor thread] INFO  ratis.XceiverServerRatis (XceiverServerRatis.java:addGroup(807)) - Created group PipelineID=0a910542-7126-47e9-864e-47fcf3555b7a
2023-02-21 13:39:15,207 [e9aaeb2c-5ca1-4644-9e1d-ecde78d55867@group-47FCF3555B7A-FollowerState] INFO  server.RaftServerConfigKeys (ConfUtils.java:logFallback(53)) - raft.server.rpc.first-election.timeout.max = 5200ms (fallback to raft.server.rpc.timeout.max)
2023-02-21 13:39:15,227 [grpc-default-executor-0] INFO  server.RaftServer (RaftServerProxy.java:addNew(96)) - 24a59b6b-5580-49f4-8674-e10ef71be698: addNew group-47FCF3555B7A:[b8864c6c-2f32-4f18-b19e-2e05a8dee4a2|rpc:10.1.0.81:35481|dataStream:10.1.0.81:45565|priority:0|startupRole:FOLLOWER, e9aaeb2c-5ca1-4644-9e1d-ecde78d55867|rpc:10.1.0.81:40793|dataStream:10.1.0.81:46131|priority:1|startupRole:FOLLOWER, 24a59b6b-5580-49f4-8674-e10ef71be698|rpc:10.1.0.81:45623|dataStream:10.1.0.81:37369|priority:0|startupRole:FOLLOWER] returns group-47FCF3555B7A:java.util.concurrent.CompletableFuture@65d90ab2[Not completed]
2023-02-21 13:39:15,229 [pool-319-thread-1] INFO  server.RaftServer$Division (RaftServerImpl.java:<init>(195)) - 24a59b6b-5580-49f4-8674-e10ef71be698: new RaftServerImpl for group-47FCF3555B7A:[b8864c6c-2f32-4f18-b19e-2e05a8dee4a2|rpc:10.1.0.81:35481|dataStream:10.1.0.81:45565|priority:0|startupRole:FOLLOWER, e9aaeb2c-5ca1-4644-9e1d-ecde78d55867|rpc:10.1.0.81:40793|dataStream:10.1.0.81:46131|priority:1|startupRole:FOLLOWER, 24a59b6b-5580-49f4-8674-e10ef71be698|rpc:10.1.0.81:45623|dataStream:10.1.0.81:37369|priority:0|startupRole:FOLLOWER] with ContainerStateMachine:uninitialized
2023-02-21 13:39:15,229 [pool-319-thread-1] INFO  server.RaftServerConfigKeys (ConfUtils.java:logGet(46)) - raft.server.rpc.timeout.min = 5s (custom)
2023-02-21 13:39:15,229 [pool-319-thread-1] INFO  server.RaftServerConfigKeys (ConfUtils.java:logGet(46)) - raft.server.rpc.timeout.max = 5200ms (custom)
2023-02-21 13:39:15,229 [pool-319-thread-1] INFO  server.RaftServerConfigKeys (ConfUtils.java:logGet(46)) - raft.server.rpc.sleep.time = 25ms (default)
2023-02-21 13:39:15,229 [pool-319-thread-1] INFO  server.RaftServerConfigKeys (ConfUtils.java:logGet(46)) - raft.server.rpc.slowness.timeout = 300s (custom)
2023-02-21 13:39:15,229 [pool-319-thread-1] INFO  server.RaftServerConfigKeys (ConfUtils.java:logGet(46)) - raft.server.leaderelection.leader.step-down.wait-time = 10s (default)
2023-02-21 13:39:15,229 [pool-319-thread-1] INFO  server.RaftServerConfigKeys (ConfUtils.java:logGet(46)) - raft.server.sleep.deviation.threshold = 300ms (default)
2023-02-21 13:39:15,229 [pool-319-thread-1] INFO  server.RaftServer$Division (ServerState.java:<init>(118)) - 24a59b6b-5580-49f4-8674-e10ef71be698@group-47FCF3555B7A: ConfigurationManager, init=-1: peers:[b8864c6c-2f32-4f18-b19e-2e05a8dee4a2|rpc:10.1.0.81:35481|dataStream:10.1.0.81:45565|priority:0|startupRole:FOLLOWER, e9aaeb2c-5ca1-4644-9e1d-ecde78d55867|rpc:10.1.0.81:40793|dataStream:10.1.0.81:46131|priority:1|startupRole:FOLLOWER, 24a59b6b-5580-49f4-8674-e10ef71be698|rpc:10.1.0.81:45623|dataStream:10.1.0.81:37369|priority:0|startupRole:FOLLOWER]|listeners:[], old=null, confs=<EMPTY_MAP>
2023-02-21 13:39:15,229 [pool-319-thread-1] INFO  server.RaftServerConfigKeys (ConfUtils.java:logGet(46)) - raft.server.storage.dir = [/home/runner/work/ozone/ozone/hadoop-ozone/integration-test/target/test-dir/MiniOzoneClusterImpl-be926948-0f1c-4cac-9651-6eceb419abf0/datanode-2/data/ratis] (custom)
2023-02-21 13:39:15,230 [pool-319-thread-1] INFO  server.RaftServerConfigKeys (ConfUtils.java:logGet(46)) - raft.server.log.corruption.policy = EXCEPTION (default)
2023-02-21 13:39:15,230 [pool-319-thread-1] INFO  server.RaftServerConfigKeys (ConfUtils.java:logGet(46)) - raft.server.storage.free-space.min = 0MB (=0) (default)
2023-02-21 13:39:15,230 [pool-319-thread-1] INFO  server.RaftServerConfigKeys (ConfUtils.java:logGet(46)) - raft.server.notification.no-leader.timeout = 300s (custom)
2023-02-21 13:39:15,230 [pool-319-thread-1] INFO  server.RaftServerConfigKeys (ConfUtils.java:logGet(46)) - raft.server.retrycache.expirytime = 600000ms (custom)
2023-02-21 13:39:15,230 [pool-319-thread-1] INFO  server.RaftServerConfigKeys (ConfUtils.java:logGet(46)) - raft.server.retrycache.statistics.expirytime = 100μs (default)
2023-02-21 13:39:15,231 [pool-319-thread-1] INFO  server.RaftServerConfigKeys (ConfUtils.java:logGet(46)) - raft.server.log.appender.install.snapshot.enabled = false (custom)
2023-02-21 13:39:15,231 [pool-319-thread-1] INFO  server.RaftServerConfigKeys (ConfUtils.java:logGet(46)) - raft.server.threadpool.server.cached = true (default)
2023-02-21 13:39:15,231 [pool-319-thread-1] INFO  server.RaftServerConfigKeys (ConfUtils.java:logGet(46)) - raft.server.threadpool.server.size = 0 (default)
2023-02-21 13:39:15,231 [pool-319-thread-1] INFO  server.RaftServerConfigKeys (ConfUtils.java:logGet(46)) - raft.server.threadpool.client.cached = true (default)
2023-02-21 13:39:15,231 [pool-319-thread-1] INFO  server.RaftServerConfigKeys (ConfUtils.java:logGet(46)) - raft.server.threadpool.client.size = 0 (default)
2023-02-21 13:39:15,231 [pool-319-thread-1] INFO  storage.RaftStorageDirectory (RaftStorageDirectoryImpl.java:analyzeStorage(137)) - The storage directory /home/runner/work/ozone/ozone/hadoop-ozone/integration-test/target/test-dir/MiniOzoneClusterImpl-be926948-0f1c-4cac-9651-6eceb419abf0/datanode-2/data/ratis/0a910542-7126-47e9-864e-47fcf3555b7a does not exist. Creating ...
2023-02-21 13:39:15,233 [pool-319-thread-1] INFO  storage.RaftStorageDirectory (RaftStorageDirectoryImpl.java:tryLock(231)) - Lock on /home/runner/work/ozone/ozone/hadoop-ozone/integration-test/target/test-dir/MiniOzoneClusterImpl-be926948-0f1c-4cac-9651-6eceb419abf0/datanode-2/data/ratis/0a910542-7126-47e9-864e-47fcf3555b7a/in_use.lock acquired by nodename 15258@fv-az318-260
2023-02-21 13:39:15,236 [pool-319-thread-1] INFO  storage.RaftStorage (RaftStorageImpl.java:format(96)) - Storage directory /home/runner/work/ozone/ozone/hadoop-ozone/integration-test/target/test-dir/MiniOzoneClusterImpl-be926948-0f1c-4cac-9651-6eceb419abf0/datanode-2/data/ratis/0a910542-7126-47e9-864e-47fcf3555b7a has been successfully formatted.
2023-02-21 13:39:15,238 [pool-319-thread-1] INFO  ratis.ContainerStateMachine (ContainerStateMachine.java:loadSnapshot(240)) - group-47FCF3555B7A: The snapshot info is null. Setting the last applied indexto:(t:0, i:~)
2023-02-21 13:39:15,238 [pool-319-thread-1] INFO  server.RaftServerConfigKeys (ConfUtils.java:logGet(46)) - raft.server.log.use.memory = false (default)
2023-02-21 13:39:15,238 [pool-319-thread-1] INFO  server.RaftServerConfigKeys (ConfUtils.java:logGet(46)) - raft.server.log.purge.gap = 1000000 (custom)
2023-02-21 13:39:15,238 [pool-319-thread-1] INFO  server.RaftServerConfigKeys (ConfUtils.java:logGet(46)) - raft.server.log.appender.buffer.byte-limit = 33554432 (custom)
2023-02-21 13:39:15,238 [pool-319-thread-1] INFO  server.RaftServerConfigKeys (ConfUtils.java:logGet(46)) - raft.server.log.statemachine.data.read.timeout = 1000ms (default)
2023-02-21 13:39:15,238 [pool-319-thread-1] INFO  server.RaftServerConfigKeys (ConfUtils.java:logGet(46)) - raft.server.log.purge.preservation.log.num = 0 (default)
2023-02-21 13:39:15,239 [pool-319-thread-1] INFO  server.RaftServerConfigKeys (ConfUtils.java:logGet(46)) - raft.server.log.segment.size.max = 1048576 (custom)
2023-02-21 13:39:15,239 [pool-319-thread-1] INFO  server.RaftServerConfigKeys (ConfUtils.java:logGet(46)) - raft.server.log.segment.cache.num.max = 2 (custom)
2023-02-21 13:39:15,239 [pool-319-thread-1] INFO  server.RaftServerConfigKeys (ConfUtils.java:logGet(46)) - raft.server.log.segment.cache.size.max = 200MB (=209715200) (default)
2023-02-21 13:39:15,239 [pool-319-thread-1] INFO  segmented.SegmentedRaftLogWorker (SegmentedRaftLogWorker.java:<init>(189)) - new 24a59b6b-5580-49f4-8674-e10ef71be698@group-47FCF3555B7A-SegmentedRaftLogWorker for RaftStorageImpl:Storage Directory /home/runner/work/ozone/ozone/hadoop-ozone/integration-test/target/test-dir/MiniOzoneClusterImpl-be926948-0f1c-4cac-9651-6eceb419abf0/datanode-2/data/ratis/0a910542-7126-47e9-864e-47fcf3555b7a
2023-02-21 13:39:15,239 [pool-319-thread-1] INFO  server.RaftServerConfigKeys (ConfUtils.java:logGet(46)) - raft.server.log.queue.byte-limit = 4294967296 (custom)
2023-02-21 13:39:15,239 [pool-319-thread-1] INFO  server.RaftServerConfigKeys (ConfUtils.java:logGet(46)) - raft.server.log.queue.element-limit = 1024 (custom)
2023-02-21 13:39:15,239 [pool-319-thread-1] INFO  server.RaftServerConfigKeys (ConfUtils.java:logGet(46)) - raft.server.log.segment.size.max = 1048576 (custom)
2023-02-21 13:39:15,239 [pool-319-thread-1] INFO  server.RaftServerConfigKeys (ConfUtils.java:logGet(46)) - raft.server.log.preallocated.size = 16384 (custom)
2023-02-21 13:39:15,239 [pool-319-thread-1] INFO  server.RaftServerConfigKeys (ConfUtils.java:logGet(46)) - raft.server.log.force.sync.num = 128 (default)
2023-02-21 13:39:15,239 [pool-319-thread-1] INFO  server.RaftServerConfigKeys (ConfUtils.java:logGet(46)) - raft.server.log.statemachine.data.sync = true (default)
2023-02-21 13:39:15,239 [pool-319-thread-1] INFO  server.RaftServerConfigKeys (ConfUtils.java:logGet(46)) - raft.server.log.statemachine.data.sync.timeout = 10s (default)
2023-02-21 13:39:15,240 [pool-319-thread-1] INFO  server.RaftServerConfigKeys (ConfUtils.java:logGet(46)) - raft.server.log.statemachine.data.sync.timeout.retry = -1 (default)
2023-02-21 13:39:15,240 [pool-319-thread-1] INFO  server.RaftServerConfigKeys (ConfUtils.java:logGet(46)) - raft.server.log.write.buffer.size = 1048576 (custom)
2023-02-21 13:39:15,241 [pool-319-thread-1] INFO  server.RaftServerConfigKeys (ConfUtils.java:logGet(46)) - raft.server.log.appender.buffer.byte-limit = 33554432 (custom)
2023-02-21 13:39:15,245 [pool-319-thread-1] INFO  server.RaftServerConfigKeys (ConfUtils.java:logGet(46)) - raft.server.log.unsafe-flush.enabled = false (default)
2023-02-21 13:39:15,246 [pool-319-thread-1] INFO  server.RaftServerConfigKeys (ConfUtils.java:logGet(46)) - raft.server.log.async-flush.enabled = false (default)
2023-02-21 13:39:15,246 [pool-319-thread-1] INFO  server.RaftServerConfigKeys (ConfUtils.java:logGet(46)) - raft.server.log.statemachine.data.caching.enabled = true (custom)
2023-02-21 13:39:15,246 [pool-319-thread-1] INFO  segmented.SegmentedRaftLogWorker (SegmentedRaftLogWorker.java:lambda$new$0(135)) - 24a59b6b-5580-49f4-8674-e10ef71be698@group-47FCF3555B7A-SegmentedRaftLogWorker: flushIndex: setUnconditionally 0 -> -1
2023-02-21 13:39:15,246 [pool-319-thread-1] INFO  segmented.SegmentedRaftLogWorker (SegmentedRaftLogWorker.java:lambda$new$0(135)) - 24a59b6b-5580-49f4-8674-e10ef71be698@group-47FCF3555B7A-SegmentedRaftLogWorker: safeCacheEvictIndex: setUnconditionally 0 -> -1
2023-02-21 13:39:15,246 [pool-319-thread-1] INFO  server.RaftServer$Division (RaftServerImpl.java:start(334)) - 24a59b6b-5580-49f4-8674-e10ef71be698@group-47FCF3555B7A: start as a follower, conf=-1: peers:[b8864c6c-2f32-4f18-b19e-2e05a8dee4a2|rpc:10.1.0.81:35481|dataStream:10.1.0.81:45565|priority:0|startupRole:FOLLOWER, e9aaeb2c-5ca1-4644-9e1d-ecde78d55867|rpc:10.1.0.81:40793|dataStream:10.1.0.81:46131|priority:1|startupRole:FOLLOWER, 24a59b6b-5580-49f4-8674-e10ef71be698|rpc:10.1.0.81:45623|dataStream:10.1.0.81:37369|priority:0|startupRole:FOLLOWER]|listeners:[], old=null
2023-02-21 13:39:15,246 [pool-319-thread-1] INFO  server.RaftServer$Division (RaftServerImpl.java:setRole(321)) - 24a59b6b-5580-49f4-8674-e10ef71be698@group-47FCF3555B7A: changes role from      null to FOLLOWER at term 0 for startAsFollower
2023-02-21 13:39:15,246 [pool-319-thread-1] INFO  impl.RoleInfo (RoleInfo.java:updateAndGet(139)) - 24a59b6b-5580-49f4-8674-e10ef71be698: start 24a59b6b-5580-49f4-8674-e10ef71be698@group-47FCF3555B7A-FollowerState
2023-02-21 13:39:15,250 [pool-319-thread-1] INFO  util.JmxRegister (JmxRegister.java:tryRegister(44)) - Successfully registered JMX Bean with object name Ratis:service=RaftServer,group=group-47FCF3555B7A,id=24a59b6b-5580-49f4-8674-e10ef71be698
2023-02-21 13:39:15,250 [pool-319-thread-1] INFO  server.RaftServerConfigKeys (ConfUtils.java:logGet(46)) - raft.server.snapshot.auto.trigger.enabled = true (custom)
2023-02-21 13:39:15,250 [pool-319-thread-1] INFO  server.RaftServerConfigKeys (ConfUtils.java:logGet(46)) - raft.server.snapshot.auto.trigger.threshold = 10000 (custom)
2023-02-21 13:39:15,251 [pool-319-thread-1] INFO  server.RaftServerConfigKeys (ConfUtils.java:logGet(46)) - raft.server.snapshot.retention.file.num = 5 (custom)
2023-02-21 13:39:15,251 [pool-319-thread-1] INFO  server.RaftServerConfigKeys (ConfUtils.java:logGet(46)) - raft.server.log.purge.upto.snapshot.index = false (default)
2023-02-21 13:39:15,251 [24a59b6b-5580-49f4-8674-e10ef71be698@group-47FCF3555B7A-FollowerState] INFO  server.RaftServerConfigKeys (ConfUtils.java:logFallback(53)) - raft.server.rpc.first-election.timeout.min = 5s (fallback to raft.server.rpc.timeout.min)
2023-02-21 13:39:15,259 [24a59b6b-5580-49f4-8674-e10ef71be698@group-47FCF3555B7A-FollowerState] INFO  server.RaftServerConfigKeys (ConfUtils.java:logFallback(53)) - raft.server.rpc.first-election.timeout.max = 5200ms (fallback to raft.server.rpc.timeout.max)
2023-02-21 13:39:15,284 [grpc-default-executor-0] INFO  server.RaftServer (RaftServerProxy.java:addNew(96)) - b8864c6c-2f32-4f18-b19e-2e05a8dee4a2: addNew group-47FCF3555B7A:[b8864c6c-2f32-4f18-b19e-2e05a8dee4a2|rpc:10.1.0.81:35481|dataStream:10.1.0.81:45565|priority:0|startupRole:FOLLOWER, e9aaeb2c-5ca1-4644-9e1d-ecde78d55867|rpc:10.1.0.81:40793|dataStream:10.1.0.81:46131|priority:1|startupRole:FOLLOWER, 24a59b6b-5580-49f4-8674-e10ef71be698|rpc:10.1.0.81:45623|dataStream:10.1.0.81:37369|priority:0|startupRole:FOLLOWER] returns group-47FCF3555B7A:java.util.concurrent.CompletableFuture@6060c4c2[Not completed]
2023-02-21 13:39:15,286 [pool-297-thread-1] INFO  server.RaftServer$Division (RaftServerImpl.java:<init>(195)) - b8864c6c-2f32-4f18-b19e-2e05a8dee4a2: new RaftServerImpl for group-47FCF3555B7A:[b8864c6c-2f32-4f18-b19e-2e05a8dee4a2|rpc:10.1.0.81:35481|dataStream:10.1.0.81:45565|priority:0|startupRole:FOLLOWER, e9aaeb2c-5ca1-4644-9e1d-ecde78d55867|rpc:10.1.0.81:40793|dataStream:10.1.0.81:46131|priority:1|startupRole:FOLLOWER, 24a59b6b-5580-49f4-8674-e10ef71be698|rpc:10.1.0.81:45623|dataStream:10.1.0.81:37369|priority:0|startupRole:FOLLOWER] with ContainerStateMachine:uninitialized
2023-02-21 13:39:15,287 [pool-297-thread-1] INFO  server.RaftServerConfigKeys (ConfUtils.java:logGet(46)) - raft.server.rpc.timeout.min = 5s (custom)
2023-02-21 13:39:15,287 [pool-297-thread-1] INFO  server.RaftServerConfigKeys (ConfUtils.java:logGet(46)) - raft.server.rpc.timeout.max = 5200ms (custom)
2023-02-21 13:39:15,287 [pool-297-thread-1] INFO  server.RaftServerConfigKeys (ConfUtils.java:logGet(46)) - raft.server.rpc.sleep.time = 25ms (default)
2023-02-21 13:39:15,287 [pool-297-thread-1] INFO  server.RaftServerConfigKeys (ConfUtils.java:logGet(46)) - raft.server.rpc.slowness.timeout = 300s (custom)
2023-02-21 13:39:15,287 [pool-297-thread-1] INFO  server.RaftServerConfigKeys (ConfUtils.java:logGet(46)) - raft.server.leaderelection.leader.step-down.wait-time = 10s (default)
2023-02-21 13:39:15,287 [pool-297-thread-1] INFO  server.RaftServerConfigKeys (ConfUtils.java:logGet(46)) - raft.server.sleep.deviation.threshold = 300ms (default)
2023-02-21 13:39:15,288 [pool-297-thread-1] INFO  server.RaftServer$Division (ServerState.java:<init>(118)) - b8864c6c-2f32-4f18-b19e-2e05a8dee4a2@group-47FCF3555B7A: ConfigurationManager, init=-1: peers:[b8864c6c-2f32-4f18-b19e-2e05a8dee4a2|rpc:10.1.0.81:35481|dataStream:10.1.0.81:45565|priority:0|startupRole:FOLLOWER, e9aaeb2c-5ca1-4644-9e1d-ecde78d55867|rpc:10.1.0.81:40793|dataStream:10.1.0.81:46131|priority:1|startupRole:FOLLOWER, 24a59b6b-5580-49f4-8674-e10ef71be698|rpc:10.1.0.81:45623|dataStream:10.1.0.81:37369|priority:0|startupRole:FOLLOWER]|listeners:[], old=null, confs=<EMPTY_MAP>
2023-02-21 13:39:15,288 [pool-297-thread-1] INFO  server.RaftServerConfigKeys (ConfUtils.java:logGet(46)) - raft.server.storage.dir = [/home/runner/work/ozone/ozone/hadoop-ozone/integration-test/target/test-dir/MiniOzoneClusterImpl-be926948-0f1c-4cac-9651-6eceb419abf0/datanode-1/data/ratis] (custom)
2023-02-21 13:39:15,288 [pool-297-thread-1] INFO  server.RaftServerConfigKeys (ConfUtils.java:logGet(46)) - raft.server.log.corruption.policy = EXCEPTION (default)
2023-02-21 13:39:15,288 [pool-297-thread-1] INFO  server.RaftServerConfigKeys (ConfUtils.java:logGet(46)) - raft.server.storage.free-space.min = 0MB (=0) (default)
2023-02-21 13:39:15,289 [pool-297-thread-1] INFO  server.RaftServerConfigKeys (ConfUtils.java:logGet(46)) - raft.server.notification.no-leader.timeout = 300s (custom)
2023-02-21 13:39:15,289 [pool-297-thread-1] INFO  server.RaftServerConfigKeys (ConfUtils.java:logGet(46)) - raft.server.retrycache.expirytime = 600000ms (custom)
2023-02-21 13:39:15,290 [pool-297-thread-1] INFO  server.RaftServerConfigKeys (ConfUtils.java:logGet(46)) - raft.server.retrycache.statistics.expirytime = 100μs (default)
2023-02-21 13:39:15,292 [pool-297-thread-1] INFO  server.RaftServerConfigKeys (ConfUtils.java:logGet(46)) - raft.server.log.appender.install.snapshot.enabled = false (custom)
2023-02-21 13:39:15,292 [pool-297-thread-1] INFO  server.RaftServerConfigKeys (ConfUtils.java:logGet(46)) - raft.server.threadpool.server.cached = true (default)
2023-02-21 13:39:15,292 [pool-297-thread-1] INFO  server.RaftServerConfigKeys (ConfUtils.java:logGet(46)) - raft.server.threadpool.server.size = 0 (default)
2023-02-21 13:39:15,292 [pool-297-thread-1] INFO  server.RaftServerConfigKeys (ConfUtils.java:logGet(46)) - raft.server.threadpool.client.cached = true (default)
2023-02-21 13:39:15,292 [pool-297-thread-1] INFO  server.RaftServerConfigKeys (ConfUtils.java:logGet(46)) - raft.server.threadpool.client.size = 0 (default)
2023-02-21 13:39:15,293 [pool-297-thread-1] INFO  storage.RaftStorageDirectory (RaftStorageDirectoryImpl.java:analyzeStorage(137)) - The storage directory /home/runner/work/ozone/ozone/hadoop-ozone/integration-test/target/test-dir/MiniOzoneClusterImpl-be926948-0f1c-4cac-9651-6eceb419abf0/datanode-1/data/ratis/0a910542-7126-47e9-864e-47fcf3555b7a does not exist. Creating ...
2023-02-21 13:39:15,295 [pool-297-thread-1] INFO  storage.RaftStorageDirectory (RaftStorageDirectoryImpl.java:tryLock(231)) - Lock on /home/runner/work/ozone/ozone/hadoop-ozone/integration-test/target/test-dir/MiniOzoneClusterImpl-be926948-0f1c-4cac-9651-6eceb419abf0/datanode-1/data/ratis/0a910542-7126-47e9-864e-47fcf3555b7a/in_use.lock acquired by nodename 15258@fv-az318-260
2023-02-21 13:39:15,296 [pool-297-thread-1] INFO  storage.RaftStorage (RaftStorageImpl.java:format(96)) - Storage directory /home/runner/work/ozone/ozone/hadoop-ozone/integration-test/target/test-dir/MiniOzoneClusterImpl-be926948-0f1c-4cac-9651-6eceb419abf0/datanode-1/data/ratis/0a910542-7126-47e9-864e-47fcf3555b7a has been successfully formatted.
2023-02-21 13:39:15,298 [pool-297-thread-1] INFO  ratis.ContainerStateMachine (ContainerStateMachine.java:loadSnapshot(240)) - group-47FCF3555B7A: The snapshot info is null. Setting the last applied indexto:(t:0, i:~)
2023-02-21 13:39:15,298 [pool-297-thread-1] INFO  server.RaftServerConfigKeys (ConfUtils.java:logGet(46)) - raft.server.log.use.memory = false (default)
2023-02-21 13:39:15,298 [pool-297-thread-1] INFO  server.RaftServerConfigKeys (ConfUtils.java:logGet(46)) - raft.server.log.purge.gap = 1000000 (custom)
2023-02-21 13:39:15,298 [pool-297-thread-1] INFO  server.RaftServerConfigKeys (ConfUtils.java:logGet(46)) - raft.server.log.appender.buffer.byte-limit = 33554432 (custom)
2023-02-21 13:39:15,298 [pool-297-thread-1] INFO  server.RaftServerConfigKeys (ConfUtils.java:logGet(46)) - raft.server.log.statemachine.data.read.timeout = 1000ms (default)
2023-02-21 13:39:15,298 [pool-297-thread-1] INFO  server.RaftServerConfigKeys (ConfUtils.java:logGet(46)) - raft.server.log.purge.preservation.log.num = 0 (default)
2023-02-21 13:39:15,298 [pool-297-thread-1] INFO  server.RaftServerConfigKeys (ConfUtils.java:logGet(46)) - raft.server.log.segment.size.max = 1048576 (custom)
2023-02-21 13:39:15,299 [pool-297-thread-1] INFO  server.RaftServerConfigKeys (ConfUtils.java:logGet(46)) - raft.server.log.segment.cache.num.max = 2 (custom)
2023-02-21 13:39:15,299 [pool-297-thread-1] INFO  server.RaftServerConfigKeys (ConfUtils.java:logGet(46)) - raft.server.log.segment.cache.size.max = 200MB (=209715200) (default)
2023-02-21 13:39:15,299 [pool-297-thread-1] INFO  segmented.SegmentedRaftLogWorker (SegmentedRaftLogWorker.java:<init>(189)) - new b8864c6c-2f32-4f18-b19e-2e05a8dee4a2@group-47FCF3555B7A-SegmentedRaftLogWorker for RaftStorageImpl:Storage Directory /home/runner/work/ozone/ozone/hadoop-ozone/integration-test/target/test-dir/MiniOzoneClusterImpl-be926948-0f1c-4cac-9651-6eceb419abf0/datanode-1/data/ratis/0a910542-7126-47e9-864e-47fcf3555b7a
2023-02-21 13:39:15,299 [pool-297-thread-1] INFO  server.RaftServerConfigKeys (ConfUtils.java:logGet(46)) - raft.server.log.queue.byte-limit = 4294967296 (custom)
2023-02-21 13:39:15,299 [pool-297-thread-1] INFO  server.RaftServerConfigKeys (ConfUtils.java:logGet(46)) - raft.server.log.queue.element-limit = 1024 (custom)
2023-02-21 13:39:15,299 [pool-297-thread-1] INFO  server.RaftServerConfigKeys (ConfUtils.java:logGet(46)) - raft.server.log.segment.size.max = 1048576 (custom)
2023-02-21 13:39:15,299 [pool-297-thread-1] INFO  server.RaftServerConfigKeys (ConfUtils.java:logGet(46)) - raft.server.log.preallocated.size = 16384 (custom)
2023-02-21 13:39:15,299 [pool-297-thread-1] INFO  server.RaftServerConfigKeys (ConfUtils.java:logGet(46)) - raft.server.log.force.sync.num = 128 (default)
2023-02-21 13:39:15,299 [pool-297-thread-1] INFO  server.RaftServerConfigKeys (ConfUtils.java:logGet(46)) - raft.server.log.statemachine.data.sync = true (default)
2023-02-21 13:39:15,299 [pool-297-thread-1] INFO  server.RaftServerConfigKeys (ConfUtils.java:logGet(46)) - raft.server.log.statemachine.data.sync.timeout = 10s (default)
2023-02-21 13:39:15,300 [pool-297-thread-1] INFO  server.RaftServerConfigKeys (ConfUtils.java:logGet(46)) - raft.server.log.statemachine.data.sync.timeout.retry = -1 (default)
2023-02-21 13:39:15,300 [pool-297-thread-1] INFO  server.RaftServerConfigKeys (ConfUtils.java:logGet(46)) - raft.server.log.write.buffer.size = 1048576 (custom)
2023-02-21 13:39:15,300 [pool-297-thread-1] INFO  server.RaftServerConfigKeys (ConfUtils.java:logGet(46)) - raft.server.log.appender.buffer.byte-limit = 33554432 (custom)
2023-02-21 13:39:15,309 [pool-297-thread-1] INFO  server.RaftServerConfigKeys (ConfUtils.java:logGet(46)) - raft.server.log.unsafe-flush.enabled = false (default)
2023-02-21 13:39:15,309 [pool-297-thread-1] INFO  server.RaftServerConfigKeys (ConfUtils.java:logGet(46)) - raft.server.log.async-flush.enabled = false (default)
2023-02-21 13:39:15,309 [pool-297-thread-1] INFO  server.RaftServerConfigKeys (ConfUtils.java:logGet(46)) - raft.server.log.statemachine.data.caching.enabled = true (custom)
2023-02-21 13:39:15,309 [pool-297-thread-1] INFO  segmented.SegmentedRaftLogWorker (SegmentedRaftLogWorker.java:lambda$new$0(135)) - b8864c6c-2f32-4f18-b19e-2e05a8dee4a2@group-47FCF3555B7A-SegmentedRaftLogWorker: flushIndex: setUnconditionally 0 -> -1
2023-02-21 13:39:15,309 [pool-297-thread-1] INFO  segmented.SegmentedRaftLogWorker (SegmentedRaftLogWorker.java:lambda$new$0(135)) - b8864c6c-2f32-4f18-b19e-2e05a8dee4a2@group-47FCF3555B7A-SegmentedRaftLogWorker: safeCacheEvictIndex: setUnconditionally 0 -> -1
2023-02-21 13:39:15,309 [pool-297-thread-1] INFO  server.RaftServer$Division (RaftServerImpl.java:start(334)) - b8864c6c-2f32-4f18-b19e-2e05a8dee4a2@group-47FCF3555B7A: start as a follower, conf=-1: peers:[b8864c6c-2f32-4f18-b19e-2e05a8dee4a2|rpc:10.1.0.81:35481|dataStream:10.1.0.81:45565|priority:0|startupRole:FOLLOWER, e9aaeb2c-5ca1-4644-9e1d-ecde78d55867|rpc:10.1.0.81:40793|dataStream:10.1.0.81:46131|priority:1|startupRole:FOLLOWER, 24a59b6b-5580-49f4-8674-e10ef71be698|rpc:10.1.0.81:45623|dataStream:10.1.0.81:37369|priority:0|startupRole:FOLLOWER]|listeners:[], old=null
2023-02-21 13:39:15,309 [pool-297-thread-1] INFO  server.RaftServer$Division (RaftServerImpl.java:setRole(321)) - b8864c6c-2f32-4f18-b19e-2e05a8dee4a2@group-47FCF3555B7A: changes role from      null to FOLLOWER at term 0 for startAsFollower
2023-02-21 13:39:15,309 [pool-297-thread-1] INFO  impl.RoleInfo (RoleInfo.java:updateAndGet(139)) - b8864c6c-2f32-4f18-b19e-2e05a8dee4a2: start b8864c6c-2f32-4f18-b19e-2e05a8dee4a2@group-47FCF3555B7A-FollowerState
2023-02-21 13:39:15,311 [pool-297-thread-1] INFO  util.JmxRegister (JmxRegister.java:tryRegister(44)) - Successfully registered JMX Bean with object name Ratis:service=RaftServer,group=group-47FCF3555B7A,id=b8864c6c-2f32-4f18-b19e-2e05a8dee4a2
2023-02-21 13:39:15,311 [pool-297-thread-1] INFO  server.RaftServerConfigKeys (ConfUtils.java:logGet(46)) - raft.server.snapshot.auto.trigger.enabled = true (custom)
2023-02-21 13:39:15,311 [pool-297-thread-1] INFO  server.RaftServerConfigKeys (ConfUtils.java:logGet(46)) - raft.server.snapshot.auto.trigger.threshold = 10000 (custom)
2023-02-21 13:39:15,311 [pool-297-thread-1] INFO  server.RaftServerConfigKeys (ConfUtils.java:logGet(46)) - raft.server.snapshot.retention.file.num = 5 (custom)
2023-02-21 13:39:15,311 [pool-297-thread-1] INFO  server.RaftServerConfigKeys (ConfUtils.java:logGet(46)) - raft.server.log.purge.upto.snapshot.index = false (default)
2023-02-21 13:39:15,311 [b8864c6c-2f32-4f18-b19e-2e05a8dee4a2@group-47FCF3555B7A-FollowerState] INFO  server.RaftServerConfigKeys (ConfUtils.java:logFallback(53)) - raft.server.rpc.first-election.timeout.min = 5s (fallback to raft.server.rpc.timeout.min)
2023-02-21 13:39:15,319 [b8864c6c-2f32-4f18-b19e-2e05a8dee4a2@group-47FCF3555B7A-FollowerState] INFO  server.RaftServerConfigKeys (ConfUtils.java:logFallback(53)) - raft.server.rpc.first-election.timeout.max = 5200ms (fallback to raft.server.rpc.timeout.max)
2023-02-21 13:39:15,326 [Command processor thread] INFO  commandhandler.CreatePipelineCommandHandler (CreatePipelineCommandHandler.java:handle(113)) - Created Pipeline RATIS THREE PipelineID=0a910542-7126-47e9-864e-47fcf3555b7a.
2023-02-21 13:39:15,326 [Command processor thread] INFO  server.RaftServer (RaftServerProxy.java:addNew(96)) - e9aaeb2c-5ca1-4644-9e1d-ecde78d55867: addNew group-55D5C4970A63:[b8864c6c-2f32-4f18-b19e-2e05a8dee4a2|rpc:10.1.0.81:35481|dataStream:10.1.0.81:45565|priority:0|startupRole:FOLLOWER, e9aaeb2c-5ca1-4644-9e1d-ecde78d55867|rpc:10.1.0.81:40793|dataStream:10.1.0.81:46131|priority:0|startupRole:FOLLOWER, 24a59b6b-5580-49f4-8674-e10ef71be698|rpc:10.1.0.81:45623|dataStream:10.1.0.81:37369|priority:1|startupRole:FOLLOWER] returns group-55D5C4970A63:java.util.concurrent.CompletableFuture@143074ea[Not completed]
2023-02-21 13:39:15,327 [pool-275-thread-1] INFO  server.RaftServer$Division (RaftServerImpl.java:<init>(195)) - e9aaeb2c-5ca1-4644-9e1d-ecde78d55867: new RaftServerImpl for group-55D5C4970A63:[b8864c6c-2f32-4f18-b19e-2e05a8dee4a2|rpc:10.1.0.81:35481|dataStream:10.1.0.81:45565|priority:0|startupRole:FOLLOWER, e9aaeb2c-5ca1-4644-9e1d-ecde78d55867|rpc:10.1.0.81:40793|dataStream:10.1.0.81:46131|priority:0|startupRole:FOLLOWER, 24a59b6b-5580-49f4-8674-e10ef71be698|rpc:10.1.0.81:45623|dataStream:10.1.0.81:37369|priority:1|startupRole:FOLLOWER] with ContainerStateMachine:uninitialized
2023-02-21 13:39:15,327 [pool-275-thread-1] INFO  server.RaftServerConfigKeys (ConfUtils.java:logGet(46)) - raft.server.rpc.timeout.min = 5s (custom)
2023-02-21 13:39:15,327 [pool-275-thread-1] INFO  server.RaftServerConfigKeys (ConfUtils.java:logGet(46)) - raft.server.rpc.timeout.max = 5200ms (custom)
2023-02-21 13:39:15,327 [pool-275-thread-1] INFO  server.RaftServerConfigKeys (ConfUtils.java:logGet(46)) - raft.server.rpc.sleep.time = 25ms (default)
2023-02-21 13:39:15,327 [pool-275-thread-1] INFO  server.RaftServerConfigKeys (ConfUtils.java:logGet(46)) - raft.server.rpc.slowness.timeout = 300s (custom)
2023-02-21 13:39:15,327 [pool-275-thread-1] INFO  server.RaftServerConfigKeys (ConfUtils.java:logGet(46)) - raft.server.leaderelection.leader.step-down.wait-time = 10s (default)
2023-02-21 13:39:15,327 [pool-275-thread-1] INFO  server.RaftServerConfigKeys (ConfUtils.java:logGet(46)) - raft.server.sleep.deviation.threshold = 300ms (default)
2023-02-21 13:39:15,328 [pool-275-thread-1] INFO  server.RaftServer$Division (ServerState.java:<init>(118)) - e9aaeb2c-5ca1-4644-9e1d-ecde78d55867@group-55D5C4970A63: ConfigurationManager, init=-1: peers:[b8864c6c-2f32-4f18-b19e-2e05a8dee4a2|rpc:10.1.0.81:35481|dataStream:10.1.0.81:45565|priority:0|startupRole:FOLLOWER, e9aaeb2c-5ca1-4644-9e1d-ecde78d55867|rpc:10.1.0.81:40793|dataStream:10.1.0.81:46131|priority:0|startupRole:FOLLOWER, 24a59b6b-5580-49f4-8674-e10ef71be698|rpc:10.1.0.81:45623|dataStream:10.1.0.81:37369|priority:1|startupRole:FOLLOWER]|listeners:[], old=null, confs=<EMPTY_MAP>
2023-02-21 13:39:15,328 [pool-275-thread-1] INFO  server.RaftServerConfigKeys (ConfUtils.java:logGet(46)) - raft.server.storage.dir = [/home/runner/work/ozone/ozone/hadoop-ozone/integration-test/target/test-dir/MiniOzoneClusterImpl-be926948-0f1c-4cac-9651-6eceb419abf0/datanode-0/data/ratis] (custom)
2023-02-21 13:39:15,328 [pool-275-thread-1] INFO  server.RaftServerConfigKeys (ConfUtils.java:logGet(46)) - raft.server.log.corruption.policy = EXCEPTION (default)
2023-02-21 13:39:15,328 [pool-275-thread-1] INFO  server.RaftServerConfigKeys (ConfUtils.java:logGet(46)) - raft.server.storage.free-space.min = 0MB (=0) (default)
2023-02-21 13:39:15,328 [pool-275-thread-1] INFO  server.RaftServerConfigKeys (ConfUtils.java:logGet(46)) - raft.server.notification.no-leader.timeout = 300s (custom)
2023-02-21 13:39:15,328 [pool-275-thread-1] INFO  server.RaftServerConfigKeys (ConfUtils.java:logGet(46)) - raft.server.retrycache.expirytime = 600000ms (custom)
2023-02-21 13:39:15,328 [pool-275-thread-1] INFO  server.RaftServerConfigKeys (ConfUtils.java:logGet(46)) - raft.server.retrycache.statistics.expirytime = 100μs (default)
2023-02-21 13:39:15,329 [pool-275-thread-1] INFO  server.RaftServerConfigKeys (ConfUtils.java:logGet(46)) - raft.server.log.appender.install.snapshot.enabled = false (custom)
2023-02-21 13:39:15,329 [pool-275-thread-1] INFO  server.RaftServerConfigKeys (ConfUtils.java:logGet(46)) - raft.server.threadpool.server.cached = true (default)
2023-02-21 13:39:15,329 [pool-275-thread-1] INFO  server.RaftServerConfigKeys (ConfUtils.java:logGet(46)) - raft.server.threadpool.server.size = 0 (default)
2023-02-21 13:39:15,329 [pool-275-thread-1] INFO  server.RaftServerConfigKeys (ConfUtils.java:logGet(46)) - raft.server.threadpool.client.cached = true (default)
2023-02-21 13:39:15,330 [pool-275-thread-1] INFO  server.RaftServerConfigKeys (ConfUtils.java:logGet(46)) - raft.server.threadpool.client.size = 0 (default)
2023-02-21 13:39:15,330 [pool-275-thread-1] INFO  storage.RaftStorageDirectory (RaftStorageDirectoryImpl.java:analyzeStorage(137)) - The storage directory /home/runner/work/ozone/ozone/hadoop-ozone/integration-test/target/test-dir/MiniOzoneClusterImpl-be926948-0f1c-4cac-9651-6eceb419abf0/datanode-0/data/ratis/d634ac0a-be48-4e24-a522-55d5c4970a63 does not exist. Creating ...
2023-02-21 13:39:15,331 [pool-275-thread-1] INFO  storage.RaftStorageDirectory (RaftStorageDirectoryImpl.java:tryLock(231)) - Lock on /home/runner/work/ozone/ozone/hadoop-ozone/integration-test/target/test-dir/MiniOzoneClusterImpl-be926948-0f1c-4cac-9651-6eceb419abf0/datanode-0/data/ratis/d634ac0a-be48-4e24-a522-55d5c4970a63/in_use.lock acquired by nodename 15258@fv-az318-260
2023-02-21 13:39:15,333 [pool-275-thread-1] INFO  storage.RaftStorage (RaftStorageImpl.java:format(96)) - Storage directory /home/runner/work/ozone/ozone/hadoop-ozone/integration-test/target/test-dir/MiniOzoneClusterImpl-be926948-0f1c-4cac-9651-6eceb419abf0/datanode-0/data/ratis/d634ac0a-be48-4e24-a522-55d5c4970a63 has been successfully formatted.
2023-02-21 13:39:15,334 [pool-275-thread-1] INFO  ratis.ContainerStateMachine (ContainerStateMachine.java:loadSnapshot(240)) - group-55D5C4970A63: The snapshot info is null. Setting the last applied indexto:(t:0, i:~)
2023-02-21 13:39:15,334 [pool-275-thread-1] INFO  server.RaftServerConfigKeys (ConfUtils.java:logGet(46)) - raft.server.log.use.memory = false (default)
2023-02-21 13:39:15,334 [pool-275-thread-1] INFO  server.RaftServerConfigKeys (ConfUtils.java:logGet(46)) - raft.server.log.purge.gap = 1000000 (custom)
2023-02-21 13:39:15,335 [pool-275-thread-1] INFO  server.RaftServerConfigKeys (ConfUtils.java:logGet(46)) - raft.server.log.appender.buffer.byte-limit = 33554432 (custom)
2023-02-21 13:39:15,335 [EventQueue-OpenPipelineForHealthyPipelineSafeModeRule] INFO  safemode.SCMSafeModeManager (HealthyPipelineSafeModeRule.java:process(137)) - SCM in safe mode. Healthy pipelines reported count is 0, required healthy pipeline reported count is 1
2023-02-21 13:39:15,336 [pool-275-thread-1] INFO  server.RaftServerConfigKeys (ConfUtils.java:logGet(46)) - raft.server.log.statemachine.data.read.timeout = 1000ms (default)
2023-02-21 13:39:15,336 [pool-275-thread-1] INFO  server.RaftServerConfigKeys (ConfUtils.java:logGet(46)) - raft.server.log.purge.preservation.log.num = 0 (default)
2023-02-21 13:39:15,336 [pool-275-thread-1] INFO  server.RaftServerConfigKeys (ConfUtils.java:logGet(46)) - raft.server.log.segment.size.max = 1048576 (custom)
2023-02-21 13:39:15,336 [pool-275-thread-1] INFO  server.RaftServerConfigKeys (ConfUtils.java:logGet(46)) - raft.server.log.segment.cache.num.max = 2 (custom)
2023-02-21 13:39:15,336 [pool-275-thread-1] INFO  server.RaftServerConfigKeys (ConfUtils.java:logGet(46)) - raft.server.log.segment.cache.size.max = 200MB (=209715200) (default)
2023-02-21 13:39:15,336 [pool-275-thread-1] INFO  segmented.SegmentedRaftLogWorker (SegmentedRaftLogWorker.java:<init>(189)) - new e9aaeb2c-5ca1-4644-9e1d-ecde78d55867@group-55D5C4970A63-SegmentedRaftLogWorker for RaftStorageImpl:Storage Directory /home/runner/work/ozone/ozone/hadoop-ozone/integration-test/target/test-dir/MiniOzoneClusterImpl-be926948-0f1c-4cac-9651-6eceb419abf0/datanode-0/data/ratis/d634ac0a-be48-4e24-a522-55d5c4970a63
2023-02-21 13:39:15,337 [pool-275-thread-1] INFO  server.RaftServerConfigKeys (ConfUtils.java:logGet(46)) - raft.server.log.queue.byte-limit = 4294967296 (custom)
2023-02-21 13:39:15,337 [pool-275-thread-1] INFO  server.RaftServerConfigKeys (ConfUtils.java:logGet(46)) - raft.server.log.queue.element-limit = 1024 (custom)
2023-02-21 13:39:15,337 [pool-275-thread-1] INFO  server.RaftServerConfigKeys (ConfUtils.java:logGet(46)) - raft.server.log.segment.size.max = 1048576 (custom)
2023-02-21 13:39:15,337 [pool-275-thread-1] INFO  server.RaftServerConfigKeys (ConfUtils.java:logGet(46)) - raft.server.log.preallocated.size = 16384 (custom)
2023-02-21 13:39:15,337 [pool-275-thread-1] INFO  server.RaftServerConfigKeys (ConfUtils.java:logGet(46)) - raft.server.log.force.sync.num = 128 (default)
2023-02-21 13:39:15,337 [pool-275-thread-1] INFO  server.RaftServerConfigKeys (ConfUtils.java:logGet(46)) - raft.server.log.statemachine.data.sync = true (default)
2023-02-21 13:39:15,337 [pool-275-thread-1] INFO  server.RaftServerConfigKeys (ConfUtils.java:logGet(46)) - raft.server.log.statemachine.data.sync.timeout = 10s (default)
2023-02-21 13:39:15,337 [pool-275-thread-1] INFO  server.RaftServerConfigKeys (ConfUtils.java:logGet(46)) - raft.server.log.statemachine.data.sync.timeout.retry = -1 (default)
2023-02-21 13:39:15,338 [pool-275-thread-1] INFO  server.RaftServerConfigKeys (ConfUtils.java:logGet(46)) - raft.server.log.write.buffer.size = 1048576 (custom)
2023-02-21 13:39:15,338 [pool-275-thread-1] INFO  server.RaftServerConfigKeys (ConfUtils.java:logGet(46)) - raft.server.log.appender.buffer.byte-limit = 33554432 (custom)
2023-02-21 13:39:15,343 [pool-275-thread-1] INFO  server.RaftServerConfigKeys (ConfUtils.java:logGet(46)) - raft.server.log.unsafe-flush.enabled = false (default)
2023-02-21 13:39:15,343 [pool-275-thread-1] INFO  server.RaftServerConfigKeys (ConfUtils.java:logGet(46)) - raft.server.log.async-flush.enabled = false (default)
2023-02-21 13:39:15,344 [pool-275-thread-1] INFO  server.RaftServerConfigKeys (ConfUtils.java:logGet(46)) - raft.server.log.statemachine.data.caching.enabled = true (custom)
2023-02-21 13:39:15,344 [pool-275-thread-1] INFO  segmented.SegmentedRaftLogWorker (SegmentedRaftLogWorker.java:lambda$new$0(135)) - e9aaeb2c-5ca1-4644-9e1d-ecde78d55867@group-55D5C4970A63-SegmentedRaftLogWorker: flushIndex: setUnconditionally 0 -> -1
2023-02-21 13:39:15,344 [pool-275-thread-1] INFO  segmented.SegmentedRaftLogWorker (SegmentedRaftLogWorker.java:lambda$new$0(135)) - e9aaeb2c-5ca1-4644-9e1d-ecde78d55867@group-55D5C4970A63-SegmentedRaftLogWorker: safeCacheEvictIndex: setUnconditionally 0 -> -1
2023-02-21 13:39:15,344 [pool-275-thread-1] INFO  server.RaftServer$Division (RaftServerImpl.java:start(334)) - e9aaeb2c-5ca1-4644-9e1d-ecde78d55867@group-55D5C4970A63: start as a follower, conf=-1: peers:[b8864c6c-2f32-4f18-b19e-2e05a8dee4a2|rpc:10.1.0.81:35481|dataStream:10.1.0.81:45565|priority:0|startupRole:FOLLOWER, e9aaeb2c-5ca1-4644-9e1d-ecde78d55867|rpc:10.1.0.81:40793|dataStream:10.1.0.81:46131|priority:0|startupRole:FOLLOWER, 24a59b6b-5580-49f4-8674-e10ef71be698|rpc:10.1.0.81:45623|dataStream:10.1.0.81:37369|priority:1|startupRole:FOLLOWER]|listeners:[], old=null
2023-02-21 13:39:15,344 [pool-275-thread-1] INFO  server.RaftServer$Division (RaftServerImpl.java:setRole(321)) - e9aaeb2c-5ca1-4644-9e1d-ecde78d55867@group-55D5C4970A63: changes role from      null to FOLLOWER at term 0 for startAsFollower
2023-02-21 13:39:15,344 [pool-275-thread-1] INFO  impl.RoleInfo (RoleInfo.java:updateAndGet(139)) - e9aaeb2c-5ca1-4644-9e1d-ecde78d55867: start e9aaeb2c-5ca1-4644-9e1d-ecde78d55867@group-55D5C4970A63-FollowerState
2023-02-21 13:39:15,346 [pool-275-thread-1] INFO  util.JmxRegister (JmxRegister.java:tryRegister(44)) - Successfully registered JMX Bean with object name Ratis:service=RaftServer,group=group-55D5C4970A63,id=e9aaeb2c-5ca1-4644-9e1d-ecde78d55867
2023-02-21 13:39:15,346 [pool-275-thread-1] INFO  server.RaftServerConfigKeys (ConfUtils.java:logGet(46)) - raft.server.snapshot.auto.trigger.enabled = true (custom)
2023-02-21 13:39:15,346 [pool-275-thread-1] INFO  server.RaftServerConfigKeys (ConfUtils.java:logGet(46)) - raft.server.snapshot.auto.trigger.threshold = 10000 (custom)
2023-02-21 13:39:15,346 [pool-275-thread-1] INFO  server.RaftServerConfigKeys (ConfUtils.java:logGet(46)) - raft.server.snapshot.retention.file.num = 5 (custom)
2023-02-21 13:39:15,347 [pool-275-thread-1] INFO  server.RaftServerConfigKeys (ConfUtils.java:logGet(46)) - raft.server.log.purge.upto.snapshot.index = false (default)
2023-02-21 13:39:15,347 [e9aaeb2c-5ca1-4644-9e1d-ecde78d55867@group-55D5C4970A63-FollowerState] INFO  server.RaftServerConfigKeys (ConfUtils.java:logFallback(53)) - raft.server.rpc.first-election.timeout.min = 5s (fallback to raft.server.rpc.timeout.min)
2023-02-21 13:39:15,351 [e9aaeb2c-5ca1-4644-9e1d-ecde78d55867@group-55D5C4970A63-FollowerState] INFO  server.RaftServerConfigKeys (ConfUtils.java:logFallback(53)) - raft.server.rpc.first-election.timeout.max = 5200ms (fallback to raft.server.rpc.timeout.max)
2023-02-21 13:39:15,351 [Command processor thread] INFO  ratis.XceiverServerRatis (XceiverServerRatis.java:addGroup(807)) - Created group PipelineID=d634ac0a-be48-4e24-a522-55d5c4970a63
2023-02-21 13:39:15,362 [grpc-default-executor-0] INFO  server.RaftServer (RaftServerProxy.java:addNew(96)) - b8864c6c-2f32-4f18-b19e-2e05a8dee4a2: addNew group-55D5C4970A63:[b8864c6c-2f32-4f18-b19e-2e05a8dee4a2|rpc:10.1.0.81:35481|dataStream:10.1.0.81:45565|priority:0|startupRole:FOLLOWER, e9aaeb2c-5ca1-4644-9e1d-ecde78d55867|rpc:10.1.0.81:40793|dataStream:10.1.0.81:46131|priority:0|startupRole:FOLLOWER, 24a59b6b-5580-49f4-8674-e10ef71be698|rpc:10.1.0.81:45623|dataStream:10.1.0.81:37369|priority:1|startupRole:FOLLOWER] returns group-55D5C4970A63:java.util.concurrent.CompletableFuture@2eb5bf58[Not completed]
2023-02-21 13:39:15,363 [pool-297-thread-1] INFO  server.RaftServer$Division (RaftServerImpl.java:<init>(195)) - b8864c6c-2f32-4f18-b19e-2e05a8dee4a2: new RaftServerImpl for group-55D5C4970A63:[b8864c6c-2f32-4f18-b19e-2e05a8dee4a2|rpc:10.1.0.81:35481|dataStream:10.1.0.81:45565|priority:0|startupRole:FOLLOWER, e9aaeb2c-5ca1-4644-9e1d-ecde78d55867|rpc:10.1.0.81:40793|dataStream:10.1.0.81:46131|priority:0|startupRole:FOLLOWER, 24a59b6b-5580-49f4-8674-e10ef71be698|rpc:10.1.0.81:45623|dataStream:10.1.0.81:37369|priority:1|startupRole:FOLLOWER] with ContainerStateMachine:uninitialized
2023-02-21 13:39:15,363 [pool-297-thread-1] INFO  server.RaftServerConfigKeys (ConfUtils.java:logGet(46)) - raft.server.rpc.timeout.min = 5s (custom)
2023-02-21 13:39:15,363 [pool-297-thread-1] INFO  server.RaftServerConfigKeys (ConfUtils.java:logGet(46)) - raft.server.rpc.timeout.max = 5200ms (custom)
2023-02-21 13:39:15,363 [pool-297-thread-1] INFO  server.RaftServerConfigKeys (ConfUtils.java:logGet(46)) - raft.server.rpc.sleep.time = 25ms (default)
2023-02-21 13:39:15,363 [pool-297-thread-1] INFO  server.RaftServerConfigKeys (ConfUtils.java:logGet(46)) - raft.server.rpc.slowness.timeout = 300s (custom)
2023-02-21 13:39:15,363 [pool-297-thread-1] INFO  server.RaftServerConfigKeys (ConfUtils.java:logGet(46)) - raft.server.leaderelection.leader.step-down.wait-time = 10s (default)
2023-02-21 13:39:15,363 [pool-297-thread-1] INFO  server.RaftServerConfigKeys (ConfUtils.java:logGet(46)) - raft.server.sleep.deviation.threshold = 300ms (default)
2023-02-21 13:39:15,363 [pool-297-thread-1] INFO  server.RaftServer$Division (ServerState.java:<init>(118)) - b8864c6c-2f32-4f18-b19e-2e05a8dee4a2@group-55D5C4970A63: ConfigurationManager, init=-1: peers:[b8864c6c-2f32-4f18-b19e-2e05a8dee4a2|rpc:10.1.0.81:35481|dataStream:10.1.0.81:45565|priority:0|startupRole:FOLLOWER, e9aaeb2c-5ca1-4644-9e1d-ecde78d55867|rpc:10.1.0.81:40793|dataStream:10.1.0.81:46131|priority:0|startupRole:FOLLOWER, 24a59b6b-5580-49f4-8674-e10ef71be698|rpc:10.1.0.81:45623|dataStream:10.1.0.81:37369|priority:1|startupRole:FOLLOWER]|listeners:[], old=null, confs=<EMPTY_MAP>
2023-02-21 13:39:15,363 [pool-297-thread-1] INFO  server.RaftServerConfigKeys (ConfUtils.java:logGet(46)) - raft.server.storage.dir = [/home/runner/work/ozone/ozone/hadoop-ozone/integration-test/target/test-dir/MiniOzoneClusterImpl-be926948-0f1c-4cac-9651-6eceb419abf0/datanode-1/data/ratis] (custom)
2023-02-21 13:39:15,364 [pool-297-thread-1] INFO  server.RaftServerConfigKeys (ConfUtils.java:logGet(46)) - raft.server.log.corruption.policy = EXCEPTION (default)
2023-02-21 13:39:15,364 [pool-297-thread-1] INFO  server.RaftServerConfigKeys (ConfUtils.java:logGet(46)) - raft.server.storage.free-space.min = 0MB (=0) (default)
2023-02-21 13:39:15,364 [pool-297-thread-1] INFO  server.RaftServerConfigKeys (ConfUtils.java:logGet(46)) - raft.server.notification.no-leader.timeout = 300s (custom)
2023-02-21 13:39:15,364 [pool-297-thread-1] INFO  server.RaftServerConfigKeys (ConfUtils.java:logGet(46)) - raft.server.retrycache.expirytime = 600000ms (custom)
2023-02-21 13:39:15,364 [pool-297-thread-1] INFO  server.RaftServerConfigKeys (ConfUtils.java:logGet(46)) - raft.server.retrycache.statistics.expirytime = 100μs (default)
2023-02-21 13:39:15,365 [pool-297-thread-1] INFO  server.RaftServerConfigKeys (ConfUtils.java:logGet(46)) - raft.server.log.appender.install.snapshot.enabled = false (custom)
2023-02-21 13:39:15,365 [pool-297-thread-1] INFO  server.RaftServerConfigKeys (ConfUtils.java:logGet(46)) - raft.server.threadpool.server.cached = true (default)
2023-02-21 13:39:15,365 [pool-297-thread-1] INFO  server.RaftServerConfigKeys (ConfUtils.java:logGet(46)) - raft.server.threadpool.server.size = 0 (default)
2023-02-21 13:39:15,365 [pool-297-thread-1] INFO  server.RaftServerConfigKeys (ConfUtils.java:logGet(46)) - raft.server.threadpool.client.cached = true (default)
2023-02-21 13:39:15,365 [pool-297-thread-1] INFO  server.RaftServerConfigKeys (ConfUtils.java:logGet(46)) - raft.server.threadpool.client.size = 0 (default)
2023-02-21 13:39:15,365 [pool-297-thread-1] INFO  storage.RaftStorageDirectory (RaftStorageDirectoryImpl.java:analyzeStorage(137)) - The storage directory /home/runner/work/ozone/ozone/hadoop-ozone/integration-test/target/test-dir/MiniOzoneClusterImpl-be926948-0f1c-4cac-9651-6eceb419abf0/datanode-1/data/ratis/d634ac0a-be48-4e24-a522-55d5c4970a63 does not exist. Creating ...
2023-02-21 13:39:15,366 [pool-297-thread-1] INFO  storage.RaftStorageDirectory (RaftStorageDirectoryImpl.java:tryLock(231)) - Lock on /home/runner/work/ozone/ozone/hadoop-ozone/integration-test/target/test-dir/MiniOzoneClusterImpl-be926948-0f1c-4cac-9651-6eceb419abf0/datanode-1/data/ratis/d634ac0a-be48-4e24-a522-55d5c4970a63/in_use.lock acquired by nodename 15258@fv-az318-260
2023-02-21 13:39:15,368 [pool-297-thread-1] INFO  storage.RaftStorage (RaftStorageImpl.java:format(96)) - Storage directory /home/runner/work/ozone/ozone/hadoop-ozone/integration-test/target/test-dir/MiniOzoneClusterImpl-be926948-0f1c-4cac-9651-6eceb419abf0/datanode-1/data/ratis/d634ac0a-be48-4e24-a522-55d5c4970a63 has been successfully formatted.
2023-02-21 13:39:15,368 [pool-297-thread-1] INFO  ratis.ContainerStateMachine (ContainerStateMachine.java:loadSnapshot(240)) - group-55D5C4970A63: The snapshot info is null. Setting the last applied indexto:(t:0, i:~)
2023-02-21 13:39:15,368 [pool-297-thread-1] INFO  server.RaftServerConfigKeys (ConfUtils.java:logGet(46)) - raft.server.log.use.memory = false (default)
2023-02-21 13:39:15,368 [pool-297-thread-1] INFO  server.RaftServerConfigKeys (ConfUtils.java:logGet(46)) - raft.server.log.purge.gap = 1000000 (custom)
2023-02-21 13:39:15,369 [pool-297-thread-1] INFO  server.RaftServerConfigKeys (ConfUtils.java:logGet(46)) - raft.server.log.appender.buffer.byte-limit = 33554432 (custom)
2023-02-21 13:39:15,369 [pool-297-thread-1] INFO  server.RaftServerConfigKeys (ConfUtils.java:logGet(46)) - raft.server.log.statemachine.data.read.timeout = 1000ms (default)
2023-02-21 13:39:15,369 [pool-297-thread-1] INFO  server.RaftServerConfigKeys (ConfUtils.java:logGet(46)) - raft.server.log.purge.preservation.log.num = 0 (default)
2023-02-21 13:39:15,369 [pool-297-thread-1] INFO  server.RaftServerConfigKeys (ConfUtils.java:logGet(46)) - raft.server.log.segment.size.max = 1048576 (custom)
2023-02-21 13:39:15,369 [pool-297-thread-1] INFO  server.RaftServerConfigKeys (ConfUtils.java:logGet(46)) - raft.server.log.segment.cache.num.max = 2 (custom)
2023-02-21 13:39:15,369 [pool-297-thread-1] INFO  server.RaftServerConfigKeys (ConfUtils.java:logGet(46)) - raft.server.log.segment.cache.size.max = 200MB (=209715200) (default)
2023-02-21 13:39:15,370 [pool-297-thread-1] INFO  segmented.SegmentedRaftLogWorker (SegmentedRaftLogWorker.java:<init>(189)) - new b8864c6c-2f32-4f18-b19e-2e05a8dee4a2@group-55D5C4970A63-SegmentedRaftLogWorker for RaftStorageImpl:Storage Directory /home/runner/work/ozone/ozone/hadoop-ozone/integration-test/target/test-dir/MiniOzoneClusterImpl-be926948-0f1c-4cac-9651-6eceb419abf0/datanode-1/data/ratis/d634ac0a-be48-4e24-a522-55d5c4970a63
2023-02-21 13:39:15,370 [pool-297-thread-1] INFO  server.RaftServerConfigKeys (ConfUtils.java:logGet(46)) - raft.server.log.queue.byte-limit = 4294967296 (custom)
2023-02-21 13:39:15,370 [pool-297-thread-1] INFO  server.RaftServerConfigKeys (ConfUtils.java:logGet(46)) - raft.server.log.queue.element-limit = 1024 (custom)
2023-02-21 13:39:15,370 [pool-297-thread-1] INFO  server.RaftServerConfigKeys (ConfUtils.java:logGet(46)) - raft.server.log.segment.size.max = 1048576 (custom)
2023-02-21 13:39:15,370 [pool-297-thread-1] INFO  server.RaftServerConfigKeys (ConfUtils.java:logGet(46)) - raft.server.log.preallocated.size = 16384 (custom)
2023-02-21 13:39:15,370 [pool-297-thread-1] INFO  server.RaftServerConfigKeys (ConfUtils.java:logGet(46)) - raft.server.log.force.sync.num = 128 (default)
2023-02-21 13:39:15,370 [pool-297-thread-1] INFO  server.RaftServerConfigKeys (ConfUtils.java:logGet(46)) - raft.server.log.statemachine.data.sync = true (default)
2023-02-21 13:39:15,370 [pool-297-thread-1] INFO  server.RaftServerConfigKeys (ConfUtils.java:logGet(46)) - raft.server.log.statemachine.data.sync.timeout = 10s (default)
2023-02-21 13:39:15,370 [pool-297-thread-1] INFO  server.RaftServerConfigKeys (ConfUtils.java:logGet(46)) - raft.server.log.statemachine.data.sync.timeout.retry = -1 (default)
2023-02-21 13:39:15,371 [pool-297-thread-1] INFO  server.RaftServerConfigKeys (ConfUtils.java:logGet(46)) - raft.server.log.write.buffer.size = 1048576 (custom)
2023-02-21 13:39:15,371 [pool-297-thread-1] INFO  server.RaftServerConfigKeys (ConfUtils.java:logGet(46)) - raft.server.log.appender.buffer.byte-limit = 33554432 (custom)
2023-02-21 13:39:15,376 [pool-297-thread-1] INFO  server.RaftServerConfigKeys (ConfUtils.java:logGet(46)) - raft.server.log.unsafe-flush.enabled = false (default)
2023-02-21 13:39:15,377 [pool-297-thread-1] INFO  server.RaftServerConfigKeys (ConfUtils.java:logGet(46)) - raft.server.log.async-flush.enabled = false (default)
2023-02-21 13:39:15,377 [pool-297-thread-1] INFO  server.RaftServerConfigKeys (ConfUtils.java:logGet(46)) - raft.server.log.statemachine.data.caching.enabled = true (custom)
2023-02-21 13:39:15,377 [pool-297-thread-1] INFO  segmented.SegmentedRaftLogWorker (SegmentedRaftLogWorker.java:lambda$new$0(135)) - b8864c6c-2f32-4f18-b19e-2e05a8dee4a2@group-55D5C4970A63-SegmentedRaftLogWorker: flushIndex: setUnconditionally 0 -> -1
2023-02-21 13:39:15,377 [pool-297-thread-1] INFO  segmented.SegmentedRaftLogWorker (SegmentedRaftLogWorker.java:lambda$new$0(135)) - b8864c6c-2f32-4f18-b19e-2e05a8dee4a2@group-55D5C4970A63-SegmentedRaftLogWorker: safeCacheEvictIndex: setUnconditionally 0 -> -1
2023-02-21 13:39:15,378 [pool-297-thread-1] INFO  server.RaftServer$Division (RaftServerImpl.java:start(334)) - b8864c6c-2f32-4f18-b19e-2e05a8dee4a2@group-55D5C4970A63: start as a follower, conf=-1: peers:[b8864c6c-2f32-4f18-b19e-2e05a8dee4a2|rpc:10.1.0.81:35481|dataStream:10.1.0.81:45565|priority:0|startupRole:FOLLOWER, e9aaeb2c-5ca1-4644-9e1d-ecde78d55867|rpc:10.1.0.81:40793|dataStream:10.1.0.81:46131|priority:0|startupRole:FOLLOWER, 24a59b6b-5580-49f4-8674-e10ef71be698|rpc:10.1.0.81:45623|dataStream:10.1.0.81:37369|priority:1|startupRole:FOLLOWER]|listeners:[], old=null
2023-02-21 13:39:15,378 [pool-297-thread-1] INFO  server.RaftServer$Division (RaftServerImpl.java:setRole(321)) - b8864c6c-2f32-4f18-b19e-2e05a8dee4a2@group-55D5C4970A63: changes role from      null to FOLLOWER at term 0 for startAsFollower
2023-02-21 13:39:15,378 [pool-297-thread-1] INFO  impl.RoleInfo (RoleInfo.java:updateAndGet(139)) - b8864c6c-2f32-4f18-b19e-2e05a8dee4a2: start b8864c6c-2f32-4f18-b19e-2e05a8dee4a2@group-55D5C4970A63-FollowerState
2023-02-21 13:39:15,378 [pool-297-thread-1] INFO  util.JmxRegister (JmxRegister.java:tryRegister(44)) - Successfully registered JMX Bean with object name Ratis:service=RaftServer,group=group-55D5C4970A63,id=b8864c6c-2f32-4f18-b19e-2e05a8dee4a2
2023-02-21 13:39:15,378 [pool-297-thread-1] INFO  server.RaftServerConfigKeys (ConfUtils.java:logGet(46)) - raft.server.snapshot.auto.trigger.enabled = true (custom)
2023-02-21 13:39:15,378 [pool-297-thread-1] INFO  server.RaftServerConfigKeys (ConfUtils.java:logGet(46)) - raft.server.snapshot.auto.trigger.threshold = 10000 (custom)
2023-02-21 13:39:15,379 [pool-297-thread-1] INFO  server.RaftServerConfigKeys (ConfUtils.java:logGet(46)) - raft.server.snapshot.retention.file.num = 5 (custom)
2023-02-21 13:39:15,379 [pool-297-thread-1] INFO  server.RaftServerConfigKeys (ConfUtils.java:logGet(46)) - raft.server.log.purge.upto.snapshot.index = false (default)
2023-02-21 13:39:15,379 [b8864c6c-2f32-4f18-b19e-2e05a8dee4a2@group-55D5C4970A63-FollowerState] INFO  server.RaftServerConfigKeys (ConfUtils.java:logFallback(53)) - raft.server.rpc.first-election.timeout.min = 5s (fallback to raft.server.rpc.timeout.min)
2023-02-21 13:39:15,383 [b8864c6c-2f32-4f18-b19e-2e05a8dee4a2@group-55D5C4970A63-FollowerState] INFO  server.RaftServerConfigKeys (ConfUtils.java:logFallback(53)) - raft.server.rpc.first-election.timeout.max = 5200ms (fallback to raft.server.rpc.timeout.max)
2023-02-21 13:39:15,400 [grpc-default-executor-0] INFO  server.RaftServer (RaftServerProxy.java:addNew(96)) - 24a59b6b-5580-49f4-8674-e10ef71be698: addNew group-55D5C4970A63:[b8864c6c-2f32-4f18-b19e-2e05a8dee4a2|rpc:10.1.0.81:35481|dataStream:10.1.0.81:45565|priority:0|startupRole:FOLLOWER, e9aaeb2c-5ca1-4644-9e1d-ecde78d55867|rpc:10.1.0.81:40793|dataStream:10.1.0.81:46131|priority:0|startupRole:FOLLOWER, 24a59b6b-5580-49f4-8674-e10ef71be698|rpc:10.1.0.81:45623|dataStream:10.1.0.81:37369|priority:1|startupRole:FOLLOWER] returns group-55D5C4970A63:java.util.concurrent.CompletableFuture@1fa3ae20[Not completed]
2023-02-21 13:39:15,402 [pool-319-thread-1] INFO  server.RaftServer$Division (RaftServerImpl.java:<init>(195)) - 24a59b6b-5580-49f4-8674-e10ef71be698: new RaftServerImpl for group-55D5C4970A63:[b8864c6c-2f32-4f18-b19e-2e05a8dee4a2|rpc:10.1.0.81:35481|dataStream:10.1.0.81:45565|priority:0|startupRole:FOLLOWER, e9aaeb2c-5ca1-4644-9e1d-ecde78d55867|rpc:10.1.0.81:40793|dataStream:10.1.0.81:46131|priority:0|startupRole:FOLLOWER, 24a59b6b-5580-49f4-8674-e10ef71be698|rpc:10.1.0.81:45623|dataStream:10.1.0.81:37369|priority:1|startupRole:FOLLOWER] with ContainerStateMachine:uninitialized
2023-02-21 13:39:15,402 [pool-319-thread-1] INFO  server.RaftServerConfigKeys (ConfUtils.java:logGet(46)) - raft.server.rpc.timeout.min = 5s (custom)
2023-02-21 13:39:15,402 [pool-319-thread-1] INFO  server.RaftServerConfigKeys (ConfUtils.java:logGet(46)) - raft.server.rpc.timeout.max = 5200ms (custom)
2023-02-21 13:39:15,402 [pool-319-thread-1] INFO  server.RaftServerConfigKeys (ConfUtils.java:logGet(46)) - raft.server.rpc.sleep.time = 25ms (default)
2023-02-21 13:39:15,403 [pool-319-thread-1] INFO  server.RaftServerConfigKeys (ConfUtils.java:logGet(46)) - raft.server.rpc.slowness.timeout = 300s (custom)
2023-02-21 13:39:15,403 [pool-319-thread-1] INFO  server.RaftServerConfigKeys (ConfUtils.java:logGet(46)) - raft.server.leaderelection.leader.step-down.wait-time = 10s (default)
2023-02-21 13:39:15,403 [pool-319-thread-1] INFO  server.RaftServerConfigKeys (ConfUtils.java:logGet(46)) - raft.server.sleep.deviation.threshold = 300ms (default)
2023-02-21 13:39:15,403 [pool-319-thread-1] INFO  server.RaftServer$Division (ServerState.java:<init>(118)) - 24a59b6b-5580-49f4-8674-e10ef71be698@group-55D5C4970A63: ConfigurationManager, init=-1: peers:[b8864c6c-2f32-4f18-b19e-2e05a8dee4a2|rpc:10.1.0.81:35481|dataStream:10.1.0.81:45565|priority:0|startupRole:FOLLOWER, e9aaeb2c-5ca1-4644-9e1d-ecde78d55867|rpc:10.1.0.81:40793|dataStream:10.1.0.81:46131|priority:0|startupRole:FOLLOWER, 24a59b6b-5580-49f4-8674-e10ef71be698|rpc:10.1.0.81:45623|dataStream:10.1.0.81:37369|priority:1|startupRole:FOLLOWER]|listeners:[], old=null, confs=<EMPTY_MAP>
2023-02-21 13:39:15,403 [pool-319-thread-1] INFO  server.RaftServerConfigKeys (ConfUtils.java:logGet(46)) - raft.server.storage.dir = [/home/runner/work/ozone/ozone/hadoop-ozone/integration-test/target/test-dir/MiniOzoneClusterImpl-be926948-0f1c-4cac-9651-6eceb419abf0/datanode-2/data/ratis] (custom)
2023-02-21 13:39:15,403 [pool-319-thread-1] INFO  server.RaftServerConfigKeys (ConfUtils.java:logGet(46)) - raft.server.log.corruption.policy = EXCEPTION (default)
2023-02-21 13:39:15,403 [pool-319-thread-1] INFO  server.RaftServerConfigKeys (ConfUtils.java:logGet(46)) - raft.server.storage.free-space.min = 0MB (=0) (default)
2023-02-21 13:39:15,403 [pool-319-thread-1] INFO  server.RaftServerConfigKeys (ConfUtils.java:logGet(46)) - raft.server.notification.no-leader.timeout = 300s (custom)
2023-02-21 13:39:15,403 [pool-319-thread-1] INFO  server.RaftServerConfigKeys (ConfUtils.java:logGet(46)) - raft.server.retrycache.expirytime = 600000ms (custom)
2023-02-21 13:39:15,403 [pool-319-thread-1] INFO  server.RaftServerConfigKeys (ConfUtils.java:logGet(46)) - raft.server.retrycache.statistics.expirytime = 100μs (default)
2023-02-21 13:39:15,404 [pool-319-thread-1] INFO  server.RaftServerConfigKeys (ConfUtils.java:logGet(46)) - raft.server.log.appender.install.snapshot.enabled = false (custom)
2023-02-21 13:39:15,404 [pool-319-thread-1] INFO  server.RaftServerConfigKeys (ConfUtils.java:logGet(46)) - raft.server.threadpool.server.cached = true (default)
2023-02-21 13:39:15,404 [pool-319-thread-1] INFO  server.RaftServerConfigKeys (ConfUtils.java:logGet(46)) - raft.server.threadpool.server.size = 0 (default)
2023-02-21 13:39:15,404 [pool-319-thread-1] INFO  server.RaftServerConfigKeys (ConfUtils.java:logGet(46)) - raft.server.threadpool.client.cached = true (default)
2023-02-21 13:39:15,404 [pool-319-thread-1] INFO  server.RaftServerConfigKeys (ConfUtils.java:logGet(46)) - raft.server.threadpool.client.size = 0 (default)
2023-02-21 13:39:15,405 [pool-319-thread-1] INFO  storage.RaftStorageDirectory (RaftStorageDirectoryImpl.java:analyzeStorage(137)) - The storage directory /home/runner/work/ozone/ozone/hadoop-ozone/integration-test/target/test-dir/MiniOzoneClusterImpl-be926948-0f1c-4cac-9651-6eceb419abf0/datanode-2/data/ratis/d634ac0a-be48-4e24-a522-55d5c4970a63 does not exist. Creating ...
2023-02-21 13:39:15,408 [pool-319-thread-1] INFO  storage.RaftStorageDirectory (RaftStorageDirectoryImpl.java:tryLock(231)) - Lock on /home/runner/work/ozone/ozone/hadoop-ozone/integration-test/target/test-dir/MiniOzoneClusterImpl-be926948-0f1c-4cac-9651-6eceb419abf0/datanode-2/data/ratis/d634ac0a-be48-4e24-a522-55d5c4970a63/in_use.lock acquired by nodename 15258@fv-az318-260
2023-02-21 13:39:15,410 [pool-319-thread-1] INFO  storage.RaftStorage (RaftStorageImpl.java:format(96)) - Storage directory /home/runner/work/ozone/ozone/hadoop-ozone/integration-test/target/test-dir/MiniOzoneClusterImpl-be926948-0f1c-4cac-9651-6eceb419abf0/datanode-2/data/ratis/d634ac0a-be48-4e24-a522-55d5c4970a63 has been successfully formatted.
2023-02-21 13:39:15,410 [pool-319-thread-1] INFO  ratis.ContainerStateMachine (ContainerStateMachine.java:loadSnapshot(240)) - group-55D5C4970A63: The snapshot info is null. Setting the last applied indexto:(t:0, i:~)
2023-02-21 13:39:15,410 [pool-319-thread-1] INFO  server.RaftServerConfigKeys (ConfUtils.java:logGet(46)) - raft.server.log.use.memory = false (default)
2023-02-21 13:39:15,411 [pool-319-thread-1] INFO  server.RaftServerConfigKeys (ConfUtils.java:logGet(46)) - raft.server.log.purge.gap = 1000000 (custom)
2023-02-21 13:39:15,411 [pool-319-thread-1] INFO  server.RaftServerConfigKeys (ConfUtils.java:logGet(46)) - raft.server.log.appender.buffer.byte-limit = 33554432 (custom)
2023-02-21 13:39:15,411 [pool-319-thread-1] INFO  server.RaftServerConfigKeys (ConfUtils.java:logGet(46)) - raft.server.log.statemachine.data.read.timeout = 1000ms (default)
2023-02-21 13:39:15,411 [pool-319-thread-1] INFO  server.RaftServerConfigKeys (ConfUtils.java:logGet(46)) - raft.server.log.purge.preservation.log.num = 0 (default)
2023-02-21 13:39:15,412 [pool-319-thread-1] INFO  server.RaftServerConfigKeys (ConfUtils.java:logGet(46)) - raft.server.log.segment.size.max = 1048576 (custom)
2023-02-21 13:39:15,412 [pool-319-thread-1] INFO  server.RaftServerConfigKeys (ConfUtils.java:logGet(46)) - raft.server.log.segment.cache.num.max = 2 (custom)
2023-02-21 13:39:15,412 [pool-319-thread-1] INFO  server.RaftServerConfigKeys (ConfUtils.java:logGet(46)) - raft.server.log.segment.cache.size.max = 200MB (=209715200) (default)
2023-02-21 13:39:15,412 [pool-319-thread-1] INFO  segmented.SegmentedRaftLogWorker (SegmentedRaftLogWorker.java:<init>(189)) - new 24a59b6b-5580-49f4-8674-e10ef71be698@group-55D5C4970A63-SegmentedRaftLogWorker for RaftStorageImpl:Storage Directory /home/runner/work/ozone/ozone/hadoop-ozone/integration-test/target/test-dir/MiniOzoneClusterImpl-be926948-0f1c-4cac-9651-6eceb419abf0/datanode-2/data/ratis/d634ac0a-be48-4e24-a522-55d5c4970a63
2023-02-21 13:39:15,412 [pool-319-thread-1] INFO  server.RaftServerConfigKeys (ConfUtils.java:logGet(46)) - raft.server.log.queue.byte-limit = 4294967296 (custom)
2023-02-21 13:39:15,412 [pool-319-thread-1] INFO  server.RaftServerConfigKeys (ConfUtils.java:logGet(46)) - raft.server.log.queue.element-limit = 1024 (custom)
2023-02-21 13:39:15,413 [pool-319-thread-1] INFO  server.RaftServerConfigKeys (ConfUtils.java:logGet(46)) - raft.server.log.segment.size.max = 1048576 (custom)
2023-02-21 13:39:15,413 [pool-319-thread-1] INFO  server.RaftServerConfigKeys (ConfUtils.java:logGet(46)) - raft.server.log.preallocated.size = 16384 (custom)
2023-02-21 13:39:15,413 [pool-319-thread-1] INFO  server.RaftServerConfigKeys (ConfUtils.java:logGet(46)) - raft.server.log.force.sync.num = 128 (default)
2023-02-21 13:39:15,413 [pool-319-thread-1] INFO  server.RaftServerConfigKeys (ConfUtils.java:logGet(46)) - raft.server.log.statemachine.data.sync = true (default)
2023-02-21 13:39:15,413 [pool-319-thread-1] INFO  server.RaftServerConfigKeys (ConfUtils.java:logGet(46)) - raft.server.log.statemachine.data.sync.timeout = 10s (default)
2023-02-21 13:39:15,413 [pool-319-thread-1] INFO  server.RaftServerConfigKeys (ConfUtils.java:logGet(46)) - raft.server.log.statemachine.data.sync.timeout.retry = -1 (default)
2023-02-21 13:39:15,414 [pool-319-thread-1] INFO  server.RaftServerConfigKeys (ConfUtils.java:logGet(46)) - raft.server.log.write.buffer.size = 1048576 (custom)
2023-02-21 13:39:15,414 [pool-319-thread-1] INFO  server.RaftServerConfigKeys (ConfUtils.java:logGet(46)) - raft.server.log.appender.buffer.byte-limit = 33554432 (custom)
2023-02-21 13:39:15,426 [pool-319-thread-1] INFO  server.RaftServerConfigKeys (ConfUtils.java:logGet(46)) - raft.server.log.unsafe-flush.enabled = false (default)
2023-02-21 13:39:15,426 [pool-319-thread-1] INFO  server.RaftServerConfigKeys (ConfUtils.java:logGet(46)) - raft.server.log.async-flush.enabled = false (default)
2023-02-21 13:39:15,426 [pool-319-thread-1] INFO  server.RaftServerConfigKeys (ConfUtils.java:logGet(46)) - raft.server.log.statemachine.data.caching.enabled = true (custom)
2023-02-21 13:39:15,426 [pool-319-thread-1] INFO  segmented.SegmentedRaftLogWorker (SegmentedRaftLogWorker.java:lambda$new$0(135)) - 24a59b6b-5580-49f4-8674-e10ef71be698@group-55D5C4970A63-SegmentedRaftLogWorker: flushIndex: setUnconditionally 0 -> -1
2023-02-21 13:39:15,426 [pool-319-thread-1] INFO  segmented.SegmentedRaftLogWorker (SegmentedRaftLogWorker.java:lambda$new$0(135)) - 24a59b6b-5580-49f4-8674-e10ef71be698@group-55D5C4970A63-SegmentedRaftLogWorker: safeCacheEvictIndex: setUnconditionally 0 -> -1
2023-02-21 13:39:15,428 [pool-319-thread-1] INFO  server.RaftServer$Division (RaftServerImpl.java:start(334)) - 24a59b6b-5580-49f4-8674-e10ef71be698@group-55D5C4970A63: start as a follower, conf=-1: peers:[b8864c6c-2f32-4f18-b19e-2e05a8dee4a2|rpc:10.1.0.81:35481|dataStream:10.1.0.81:45565|priority:0|startupRole:FOLLOWER, e9aaeb2c-5ca1-4644-9e1d-ecde78d55867|rpc:10.1.0.81:40793|dataStream:10.1.0.81:46131|priority:0|startupRole:FOLLOWER, 24a59b6b-5580-49f4-8674-e10ef71be698|rpc:10.1.0.81:45623|dataStream:10.1.0.81:37369|priority:1|startupRole:FOLLOWER]|listeners:[], old=null
2023-02-21 13:39:15,428 [pool-319-thread-1] INFO  server.RaftServer$Division (RaftServerImpl.java:setRole(321)) - 24a59b6b-5580-49f4-8674-e10ef71be698@group-55D5C4970A63: changes role from      null to FOLLOWER at term 0 for startAsFollower
2023-02-21 13:39:15,428 [pool-319-thread-1] INFO  impl.RoleInfo (RoleInfo.java:updateAndGet(139)) - 24a59b6b-5580-49f4-8674-e10ef71be698: start 24a59b6b-5580-49f4-8674-e10ef71be698@group-55D5C4970A63-FollowerState
2023-02-21 13:39:15,429 [pool-319-thread-1] INFO  util.JmxRegister (JmxRegister.java:tryRegister(44)) - Successfully registered JMX Bean with object name Ratis:service=RaftServer,group=group-55D5C4970A63,id=24a59b6b-5580-49f4-8674-e10ef71be698
2023-02-21 13:39:15,429 [pool-319-thread-1] INFO  server.RaftServerConfigKeys (ConfUtils.java:logGet(46)) - raft.server.snapshot.auto.trigger.enabled = true (custom)
2023-02-21 13:39:15,429 [pool-319-thread-1] INFO  server.RaftServerConfigKeys (ConfUtils.java:logGet(46)) - raft.server.snapshot.auto.trigger.threshold = 10000 (custom)
2023-02-21 13:39:15,429 [pool-319-thread-1] INFO  server.RaftServerConfigKeys (ConfUtils.java:logGet(46)) - raft.server.snapshot.retention.file.num = 5 (custom)
2023-02-21 13:39:15,429 [pool-319-thread-1] INFO  server.RaftServerConfigKeys (ConfUtils.java:logGet(46)) - raft.server.log.purge.upto.snapshot.index = false (default)
2023-02-21 13:39:15,430 [24a59b6b-5580-49f4-8674-e10ef71be698@group-55D5C4970A63-FollowerState] INFO  server.RaftServerConfigKeys (ConfUtils.java:logFallback(53)) - raft.server.rpc.first-election.timeout.min = 5s (fallback to raft.server.rpc.timeout.min)
2023-02-21 13:39:15,435 [24a59b6b-5580-49f4-8674-e10ef71be698@group-55D5C4970A63-FollowerState] INFO  server.RaftServerConfigKeys (ConfUtils.java:logFallback(53)) - raft.server.rpc.first-election.timeout.max = 5200ms (fallback to raft.server.rpc.timeout.max)
2023-02-21 13:39:15,443 [Command processor thread] INFO  commandhandler.CreatePipelineCommandHandler (CreatePipelineCommandHandler.java:handle(113)) - Created Pipeline RATIS THREE PipelineID=d634ac0a-be48-4e24-a522-55d5c4970a63.
2023-02-21 13:39:15,533 [Command processor thread] INFO  server.RaftServer (RaftServerProxy.java:addNew(96)) - b8864c6c-2f32-4f18-b19e-2e05a8dee4a2: addNew group-FF5B6D852D5D:[b8864c6c-2f32-4f18-b19e-2e05a8dee4a2|rpc:10.1.0.81:35481|dataStream:10.1.0.81:45565|priority:1|startupRole:FOLLOWER] returns group-FF5B6D852D5D:java.util.concurrent.CompletableFuture@9a0f613[Not completed]
2023-02-21 13:39:15,535 [pool-297-thread-1] INFO  server.RaftServer$Division (RaftServerImpl.java:<init>(195)) - b8864c6c-2f32-4f18-b19e-2e05a8dee4a2: new RaftServerImpl for group-FF5B6D852D5D:[b8864c6c-2f32-4f18-b19e-2e05a8dee4a2|rpc:10.1.0.81:35481|dataStream:10.1.0.81:45565|priority:1|startupRole:FOLLOWER] with ContainerStateMachine:uninitialized
2023-02-21 13:39:15,535 [pool-297-thread-1] INFO  server.RaftServerConfigKeys (ConfUtils.java:logGet(46)) - raft.server.rpc.timeout.min = 5s (custom)
2023-02-21 13:39:15,535 [pool-297-thread-1] INFO  server.RaftServerConfigKeys (ConfUtils.java:logGet(46)) - raft.server.rpc.timeout.max = 5200ms (custom)
2023-02-21 13:39:15,535 [pool-297-thread-1] INFO  server.RaftServerConfigKeys (ConfUtils.java:logGet(46)) - raft.server.rpc.sleep.time = 25ms (default)
2023-02-21 13:39:15,535 [pool-297-thread-1] INFO  server.RaftServerConfigKeys (ConfUtils.java:logGet(46)) - raft.server.rpc.slowness.timeout = 300s (custom)
2023-02-21 13:39:15,535 [pool-297-thread-1] INFO  server.RaftServerConfigKeys (ConfUtils.java:logGet(46)) - raft.server.leaderelection.leader.step-down.wait-time = 10s (default)
2023-02-21 13:39:15,535 [pool-297-thread-1] INFO  server.RaftServerConfigKeys (ConfUtils.java:logGet(46)) - raft.server.sleep.deviation.threshold = 300ms (default)
2023-02-21 13:39:15,535 [pool-297-thread-1] INFO  server.RaftServer$Division (ServerState.java:<init>(118)) - b8864c6c-2f32-4f18-b19e-2e05a8dee4a2@group-FF5B6D852D5D: ConfigurationManager, init=-1: peers:[b8864c6c-2f32-4f18-b19e-2e05a8dee4a2|rpc:10.1.0.81:35481|dataStream:10.1.0.81:45565|priority:1|startupRole:FOLLOWER]|listeners:[], old=null, confs=<EMPTY_MAP>
2023-02-21 13:39:15,535 [pool-297-thread-1] INFO  server.RaftServerConfigKeys (ConfUtils.java:logGet(46)) - raft.server.storage.dir = [/home/runner/work/ozone/ozone/hadoop-ozone/integration-test/target/test-dir/MiniOzoneClusterImpl-be926948-0f1c-4cac-9651-6eceb419abf0/datanode-1/data/ratis] (custom)
2023-02-21 13:39:15,536 [pool-297-thread-1] INFO  server.RaftServerConfigKeys (ConfUtils.java:logGet(46)) - raft.server.log.corruption.policy = EXCEPTION (default)
2023-02-21 13:39:15,537 [pool-297-thread-1] INFO  server.RaftServerConfigKeys (ConfUtils.java:logGet(46)) - raft.server.storage.free-space.min = 0MB (=0) (default)
2023-02-21 13:39:15,537 [pool-297-thread-1] INFO  server.RaftServerConfigKeys (ConfUtils.java:logGet(46)) - raft.server.notification.no-leader.timeout = 300s (custom)
2023-02-21 13:39:15,538 [pool-297-thread-1] INFO  server.RaftServerConfigKeys (ConfUtils.java:logGet(46)) - raft.server.retrycache.expirytime = 600000ms (custom)
2023-02-21 13:39:15,538 [pool-297-thread-1] INFO  server.RaftServerConfigKeys (ConfUtils.java:logGet(46)) - raft.server.retrycache.statistics.expirytime = 100μs (default)
2023-02-21 13:39:15,539 [pool-297-thread-1] INFO  server.RaftServerConfigKeys (ConfUtils.java:logGet(46)) - raft.server.log.appender.install.snapshot.enabled = false (custom)
2023-02-21 13:39:15,539 [pool-297-thread-1] INFO  server.RaftServerConfigKeys (ConfUtils.java:logGet(46)) - raft.server.threadpool.server.cached = true (default)
2023-02-21 13:39:15,540 [pool-297-thread-1] INFO  server.RaftServerConfigKeys (ConfUtils.java:logGet(46)) - raft.server.threadpool.server.size = 0 (default)
2023-02-21 13:39:15,540 [pool-297-thread-1] INFO  server.RaftServerConfigKeys (ConfUtils.java:logGet(46)) - raft.server.threadpool.client.cached = true (default)
2023-02-21 13:39:15,540 [pool-297-thread-1] INFO  server.RaftServerConfigKeys (ConfUtils.java:logGet(46)) - raft.server.threadpool.client.size = 0 (default)
2023-02-21 13:39:15,540 [pool-297-thread-1] INFO  storage.RaftStorageDirectory (RaftStorageDirectoryImpl.java:analyzeStorage(137)) - The storage directory /home/runner/work/ozone/ozone/hadoop-ozone/integration-test/target/test-dir/MiniOzoneClusterImpl-be926948-0f1c-4cac-9651-6eceb419abf0/datanode-1/data/ratis/938e74fb-aec6-407d-a2a2-ff5b6d852d5d does not exist. Creating ...
2023-02-21 13:39:15,541 [pool-297-thread-1] INFO  storage.RaftStorageDirectory (RaftStorageDirectoryImpl.java:tryLock(231)) - Lock on /home/runner/work/ozone/ozone/hadoop-ozone/integration-test/target/test-dir/MiniOzoneClusterImpl-be926948-0f1c-4cac-9651-6eceb419abf0/datanode-1/data/ratis/938e74fb-aec6-407d-a2a2-ff5b6d852d5d/in_use.lock acquired by nodename 15258@fv-az318-260
2023-02-21 13:39:15,547 [pool-297-thread-1] INFO  storage.RaftStorage (RaftStorageImpl.java:format(96)) - Storage directory /home/runner/work/ozone/ozone/hadoop-ozone/integration-test/target/test-dir/MiniOzoneClusterImpl-be926948-0f1c-4cac-9651-6eceb419abf0/datanode-1/data/ratis/938e74fb-aec6-407d-a2a2-ff5b6d852d5d has been successfully formatted.
2023-02-21 13:39:15,547 [pool-297-thread-1] INFO  ratis.ContainerStateMachine (ContainerStateMachine.java:loadSnapshot(240)) - group-FF5B6D852D5D: The snapshot info is null. Setting the last applied indexto:(t:0, i:~)
2023-02-21 13:39:15,547 [pool-297-thread-1] INFO  server.RaftServerConfigKeys (ConfUtils.java:logGet(46)) - raft.server.log.use.memory = false (default)
2023-02-21 13:39:15,547 [pool-297-thread-1] INFO  server.RaftServerConfigKeys (ConfUtils.java:logGet(46)) - raft.server.log.purge.gap = 1000000 (custom)
2023-02-21 13:39:15,548 [pool-297-thread-1] INFO  server.RaftServerConfigKeys (ConfUtils.java:logGet(46)) - raft.server.log.appender.buffer.byte-limit = 33554432 (custom)
2023-02-21 13:39:15,548 [pool-297-thread-1] INFO  server.RaftServerConfigKeys (ConfUtils.java:logGet(46)) - raft.server.log.statemachine.data.read.timeout = 1000ms (default)
2023-02-21 13:39:15,548 [pool-297-thread-1] INFO  server.RaftServerConfigKeys (ConfUtils.java:logGet(46)) - raft.server.log.purge.preservation.log.num = 0 (default)
2023-02-21 13:39:15,548 [pool-297-thread-1] INFO  server.RaftServerConfigKeys (ConfUtils.java:logGet(46)) - raft.server.log.segment.size.max = 1048576 (custom)
2023-02-21 13:39:15,549 [pool-297-thread-1] INFO  server.RaftServerConfigKeys (ConfUtils.java:logGet(46)) - raft.server.log.segment.cache.num.max = 2 (custom)
2023-02-21 13:39:15,549 [pool-297-thread-1] INFO  server.RaftServerConfigKeys (ConfUtils.java:logGet(46)) - raft.server.log.segment.cache.size.max = 200MB (=209715200) (default)
2023-02-21 13:39:15,549 [EventQueue-PipelineReportForPipelineReportHandler] INFO  pipeline.PipelineManagerImpl (PipelineManagerImpl.java:openPipeline(367)) - Pipeline Pipeline[ Id: 938e74fb-aec6-407d-a2a2-ff5b6d852d5d, Nodes: b8864c6c-2f32-4f18-b19e-2e05a8dee4a2(fv-az318-260.ewvrrcgabbbubjc05i3n4a3pph.dx.internal.cloudapp.net/10.1.0.81), ReplicationConfig: RATIS/ONE, State:ALLOCATED, leaderId:b8864c6c-2f32-4f18-b19e-2e05a8dee4a2, CreationTimestamp2023-02-21T13:39:12.536Z[Etc/UTC]] moved to OPEN state
2023-02-21 13:39:15,549 [pool-297-thread-1] INFO  segmented.SegmentedRaftLogWorker (SegmentedRaftLogWorker.java:<init>(189)) - new b8864c6c-2f32-4f18-b19e-2e05a8dee4a2@group-FF5B6D852D5D-SegmentedRaftLogWorker for RaftStorageImpl:Storage Directory /home/runner/work/ozone/ozone/hadoop-ozone/integration-test/target/test-dir/MiniOzoneClusterImpl-be926948-0f1c-4cac-9651-6eceb419abf0/datanode-1/data/ratis/938e74fb-aec6-407d-a2a2-ff5b6d852d5d
2023-02-21 13:39:15,549 [pool-297-thread-1] INFO  server.RaftServerConfigKeys (ConfUtils.java:logGet(46)) - raft.server.log.queue.byte-limit = 4294967296 (custom)
2023-02-21 13:39:15,549 [pool-297-thread-1] INFO  server.RaftServerConfigKeys (ConfUtils.java:logGet(46)) - raft.server.log.queue.element-limit = 1024 (custom)
2023-02-21 13:39:15,549 [pool-297-thread-1] INFO  server.RaftServerConfigKeys (ConfUtils.java:logGet(46)) - raft.server.log.segment.size.max = 1048576 (custom)
2023-02-21 13:39:15,549 [pool-297-thread-1] INFO  server.RaftServerConfigKeys (ConfUtils.java:logGet(46)) - raft.server.log.preallocated.size = 16384 (custom)
2023-02-21 13:39:15,549 [EventQueue-OpenPipelineForHealthyPipelineSafeModeRule] INFO  safemode.SCMSafeModeManager (HealthyPipelineSafeModeRule.java:process(137)) - SCM in safe mode. Healthy pipelines reported count is 0, required healthy pipeline reported count is 1
2023-02-21 13:39:15,549 [pool-297-thread-1] INFO  server.RaftServerConfigKeys (ConfUtils.java:logGet(46)) - raft.server.log.force.sync.num = 128 (default)
2023-02-21 13:39:15,549 [pool-297-thread-1] INFO  server.RaftServerConfigKeys (ConfUtils.java:logGet(46)) - raft.server.log.statemachine.data.sync = true (default)
2023-02-21 13:39:15,550 [pool-297-thread-1] INFO  server.RaftServerConfigKeys (ConfUtils.java:logGet(46)) - raft.server.log.statemachine.data.sync.timeout = 10s (default)
2023-02-21 13:39:15,550 [pool-297-thread-1] INFO  server.RaftServerConfigKeys (ConfUtils.java:logGet(46)) - raft.server.log.statemachine.data.sync.timeout.retry = -1 (default)
2023-02-21 13:39:15,550 [pool-297-thread-1] INFO  server.RaftServerConfigKeys (ConfUtils.java:logGet(46)) - raft.server.log.write.buffer.size = 1048576 (custom)
2023-02-21 13:39:15,551 [pool-297-thread-1] INFO  server.RaftServerConfigKeys (ConfUtils.java:logGet(46)) - raft.server.log.appender.buffer.byte-limit = 33554432 (custom)
2023-02-21 13:39:15,556 [pool-297-thread-1] INFO  server.RaftServerConfigKeys (ConfUtils.java:logGet(46)) - raft.server.log.unsafe-flush.enabled = false (default)
2023-02-21 13:39:15,556 [pool-297-thread-1] INFO  server.RaftServerConfigKeys (ConfUtils.java:logGet(46)) - raft.server.log.async-flush.enabled = false (default)
2023-02-21 13:39:15,557 [pool-297-thread-1] INFO  server.RaftServerConfigKeys (ConfUtils.java:logGet(46)) - raft.server.log.statemachine.data.caching.enabled = true (custom)
2023-02-21 13:39:15,557 [pool-297-thread-1] INFO  segmented.SegmentedRaftLogWorker (SegmentedRaftLogWorker.java:lambda$new$0(135)) - b8864c6c-2f32-4f18-b19e-2e05a8dee4a2@group-FF5B6D852D5D-SegmentedRaftLogWorker: flushIndex: setUnconditionally 0 -> -1
2023-02-21 13:39:15,557 [pool-297-thread-1] INFO  segmented.SegmentedRaftLogWorker (SegmentedRaftLogWorker.java:lambda$new$0(135)) - b8864c6c-2f32-4f18-b19e-2e05a8dee4a2@group-FF5B6D852D5D-SegmentedRaftLogWorker: safeCacheEvictIndex: setUnconditionally 0 -> -1
2023-02-21 13:39:15,558 [pool-297-thread-1] INFO  server.RaftServer$Division (RaftServerImpl.java:start(334)) - b8864c6c-2f32-4f18-b19e-2e05a8dee4a2@group-FF5B6D852D5D: start as a follower, conf=-1: peers:[b8864c6c-2f32-4f18-b19e-2e05a8dee4a2|rpc:10.1.0.81:35481|dataStream:10.1.0.81:45565|priority:1|startupRole:FOLLOWER]|listeners:[], old=null
2023-02-21 13:39:15,558 [pool-297-thread-1] INFO  server.RaftServer$Division (RaftServerImpl.java:setRole(321)) - b8864c6c-2f32-4f18-b19e-2e05a8dee4a2@group-FF5B6D852D5D: changes role from      null to FOLLOWER at term 0 for startAsFollower
2023-02-21 13:39:15,558 [pool-297-thread-1] INFO  impl.RoleInfo (RoleInfo.java:updateAndGet(139)) - b8864c6c-2f32-4f18-b19e-2e05a8dee4a2: start b8864c6c-2f32-4f18-b19e-2e05a8dee4a2@group-FF5B6D852D5D-FollowerState
2023-02-21 13:39:15,565 [pool-297-thread-1] INFO  util.JmxRegister (JmxRegister.java:tryRegister(44)) - Successfully registered JMX Bean with object name Ratis:service=RaftServer,group=group-FF5B6D852D5D,id=b8864c6c-2f32-4f18-b19e-2e05a8dee4a2
2023-02-21 13:39:15,565 [pool-297-thread-1] INFO  server.RaftServerConfigKeys (ConfUtils.java:logGet(46)) - raft.server.snapshot.auto.trigger.enabled = true (custom)
2023-02-21 13:39:15,565 [pool-297-thread-1] INFO  server.RaftServerConfigKeys (ConfUtils.java:logGet(46)) - raft.server.snapshot.auto.trigger.threshold = 10000 (custom)
2023-02-21 13:39:15,565 [pool-297-thread-1] INFO  server.RaftServerConfigKeys (ConfUtils.java:logGet(46)) - raft.server.snapshot.retention.file.num = 5 (custom)
2023-02-21 13:39:15,565 [pool-297-thread-1] INFO  server.RaftServerConfigKeys (ConfUtils.java:logGet(46)) - raft.server.log.purge.upto.snapshot.index = false (default)
2023-02-21 13:39:15,567 [Command processor thread] INFO  ratis.XceiverServerRatis (XceiverServerRatis.java:addGroup(807)) - Created group PipelineID=938e74fb-aec6-407d-a2a2-ff5b6d852d5d
2023-02-21 13:39:15,567 [Command processor thread] INFO  commandhandler.CreatePipelineCommandHandler (CreatePipelineCommandHandler.java:handle(113)) - Created Pipeline RATIS ONE PipelineID=938e74fb-aec6-407d-a2a2-ff5b6d852d5d.
2023-02-21 13:39:15,569 [b8864c6c-2f32-4f18-b19e-2e05a8dee4a2@group-FF5B6D852D5D-FollowerState] INFO  server.RaftServerConfigKeys (ConfUtils.java:logFallback(53)) - raft.server.rpc.first-election.timeout.min = 5s (fallback to raft.server.rpc.timeout.min)
2023-02-21 13:39:15,569 [b8864c6c-2f32-4f18-b19e-2e05a8dee4a2@group-FF5B6D852D5D-FollowerState] INFO  server.RaftServerConfigKeys (ConfUtils.java:logFallback(53)) - raft.server.rpc.first-election.timeout.max = 5200ms (fallback to raft.server.rpc.timeout.max)
2023-02-21 13:39:15,886 [Listener at 127.0.0.1/40229] INFO  ozone.MiniOzoneClusterImpl (MiniOzoneClusterImpl.java:lambda$waitForClusterToBeReady$0(218)) - Nodes are ready. Got 5 of 5 DN Heartbeats.
2023-02-21 13:39:15,887 [Listener at 127.0.0.1/40229] INFO  ozone.MiniOzoneClusterImpl (MiniOzoneClusterImpl.java:lambda$waitForClusterToBeReady$0(221)) - Waiting for cluster to exit safe mode
2023-02-21 13:39:15,887 [Listener at 127.0.0.1/40229] INFO  ozone.MiniOzoneClusterImpl (MiniOzoneClusterImpl.java:lambda$waitForClusterToBeReady$0(223)) - SCM became leader
2023-02-21 13:39:16,019 [Command processor thread] INFO  server.RaftServer (RaftServerProxy.java:addNew(96)) - 24a59b6b-5580-49f4-8674-e10ef71be698: addNew group-00A541332AA0:[24a59b6b-5580-49f4-8674-e10ef71be698|rpc:10.1.0.81:45623|dataStream:10.1.0.81:37369|priority:1|startupRole:FOLLOWER] returns group-00A541332AA0:java.util.concurrent.CompletableFuture@636de134[Not completed]
2023-02-21 13:39:16,020 [pool-319-thread-1] INFO  server.RaftServer$Division (RaftServerImpl.java:<init>(195)) - 24a59b6b-5580-49f4-8674-e10ef71be698: new RaftServerImpl for group-00A541332AA0:[24a59b6b-5580-49f4-8674-e10ef71be698|rpc:10.1.0.81:45623|dataStream:10.1.0.81:37369|priority:1|startupRole:FOLLOWER] with ContainerStateMachine:uninitialized
2023-02-21 13:39:16,020 [pool-319-thread-1] INFO  server.RaftServerConfigKeys (ConfUtils.java:logGet(46)) - raft.server.rpc.timeout.min = 5s (custom)
2023-02-21 13:39:16,020 [pool-319-thread-1] INFO  server.RaftServerConfigKeys (ConfUtils.java:logGet(46)) - raft.server.rpc.timeout.max = 5200ms (custom)
2023-02-21 13:39:16,020 [pool-319-thread-1] INFO  server.RaftServerConfigKeys (ConfUtils.java:logGet(46)) - raft.server.rpc.sleep.time = 25ms (default)
2023-02-21 13:39:16,020 [pool-319-thread-1] INFO  server.RaftServerConfigKeys (ConfUtils.java:logGet(46)) - raft.server.rpc.slowness.timeout = 300s (custom)
2023-02-21 13:39:16,020 [pool-319-thread-1] INFO  server.RaftServerConfigKeys (ConfUtils.java:logGet(46)) - raft.server.leaderelection.leader.step-down.wait-time = 10s (default)
2023-02-21 13:39:16,020 [pool-319-thread-1] INFO  server.RaftServerConfigKeys (ConfUtils.java:logGet(46)) - raft.server.sleep.deviation.threshold = 300ms (default)
2023-02-21 13:39:16,020 [pool-319-thread-1] INFO  server.RaftServer$Division (ServerState.java:<init>(118)) - 24a59b6b-5580-49f4-8674-e10ef71be698@group-00A541332AA0: ConfigurationManager, init=-1: peers:[24a59b6b-5580-49f4-8674-e10ef71be698|rpc:10.1.0.81:45623|dataStream:10.1.0.81:37369|priority:1|startupRole:FOLLOWER]|listeners:[], old=null, confs=<EMPTY_MAP>
2023-02-21 13:39:16,020 [pool-319-thread-1] INFO  server.RaftServerConfigKeys (ConfUtils.java:logGet(46)) - raft.server.storage.dir = [/home/runner/work/ozone/ozone/hadoop-ozone/integration-test/target/test-dir/MiniOzoneClusterImpl-be926948-0f1c-4cac-9651-6eceb419abf0/datanode-2/data/ratis] (custom)
2023-02-21 13:39:16,021 [pool-319-thread-1] INFO  server.RaftServerConfigKeys (ConfUtils.java:logGet(46)) - raft.server.log.corruption.policy = EXCEPTION (default)
2023-02-21 13:39:16,021 [pool-319-thread-1] INFO  server.RaftServerConfigKeys (ConfUtils.java:logGet(46)) - raft.server.storage.free-space.min = 0MB (=0) (default)
2023-02-21 13:39:16,021 [pool-319-thread-1] INFO  server.RaftServerConfigKeys (ConfUtils.java:logGet(46)) - raft.server.notification.no-leader.timeout = 300s (custom)
2023-02-21 13:39:16,021 [pool-319-thread-1] INFO  server.RaftServerConfigKeys (ConfUtils.java:logGet(46)) - raft.server.retrycache.expirytime = 600000ms (custom)
2023-02-21 13:39:16,021 [pool-319-thread-1] INFO  server.RaftServerConfigKeys (ConfUtils.java:logGet(46)) - raft.server.retrycache.statistics.expirytime = 100μs (default)
2023-02-21 13:39:16,022 [pool-319-thread-1] INFO  server.RaftServerConfigKeys (ConfUtils.java:logGet(46)) - raft.server.log.appender.install.snapshot.enabled = false (custom)
2023-02-21 13:39:16,022 [pool-319-thread-1] INFO  server.RaftServerConfigKeys (ConfUtils.java:logGet(46)) - raft.server.threadpool.server.cached = true (default)
2023-02-21 13:39:16,022 [pool-319-thread-1] INFO  server.RaftServerConfigKeys (ConfUtils.java:logGet(46)) - raft.server.threadpool.server.size = 0 (default)
2023-02-21 13:39:16,022 [pool-319-thread-1] INFO  server.RaftServerConfigKeys (ConfUtils.java:logGet(46)) - raft.server.threadpool.client.cached = true (default)
2023-02-21 13:39:16,022 [pool-319-thread-1] INFO  server.RaftServerConfigKeys (ConfUtils.java:logGet(46)) - raft.server.threadpool.client.size = 0 (default)
2023-02-21 13:39:16,022 [pool-319-thread-1] INFO  storage.RaftStorageDirectory (RaftStorageDirectoryImpl.java:analyzeStorage(137)) - The storage directory /home/runner/work/ozone/ozone/hadoop-ozone/integration-test/target/test-dir/MiniOzoneClusterImpl-be926948-0f1c-4cac-9651-6eceb419abf0/datanode-2/data/ratis/a5fbe8c9-bf7d-45a3-a4e7-00a541332aa0 does not exist. Creating ...
2023-02-21 13:39:16,024 [pool-319-thread-1] INFO  storage.RaftStorageDirectory (RaftStorageDirectoryImpl.java:tryLock(231)) - Lock on /home/runner/work/ozone/ozone/hadoop-ozone/integration-test/target/test-dir/MiniOzoneClusterImpl-be926948-0f1c-4cac-9651-6eceb419abf0/datanode-2/data/ratis/a5fbe8c9-bf7d-45a3-a4e7-00a541332aa0/in_use.lock acquired by nodename 15258@fv-az318-260
2023-02-21 13:39:16,025 [pool-319-thread-1] INFO  storage.RaftStorage (RaftStorageImpl.java:format(96)) - Storage directory /home/runner/work/ozone/ozone/hadoop-ozone/integration-test/target/test-dir/MiniOzoneClusterImpl-be926948-0f1c-4cac-9651-6eceb419abf0/datanode-2/data/ratis/a5fbe8c9-bf7d-45a3-a4e7-00a541332aa0 has been successfully formatted.
2023-02-21 13:39:16,026 [pool-319-thread-1] INFO  ratis.ContainerStateMachine (ContainerStateMachine.java:loadSnapshot(240)) - group-00A541332AA0: The snapshot info is null. Setting the last applied indexto:(t:0, i:~)
2023-02-21 13:39:16,026 [pool-319-thread-1] INFO  server.RaftServerConfigKeys (ConfUtils.java:logGet(46)) - raft.server.log.use.memory = false (default)
2023-02-21 13:39:16,026 [pool-319-thread-1] INFO  server.RaftServerConfigKeys (ConfUtils.java:logGet(46)) - raft.server.log.purge.gap = 1000000 (custom)
2023-02-21 13:39:16,026 [pool-319-thread-1] INFO  server.RaftServerConfigKeys (ConfUtils.java:logGet(46)) - raft.server.log.appender.buffer.byte-limit = 33554432 (custom)
2023-02-21 13:39:16,026 [pool-319-thread-1] INFO  server.RaftServerConfigKeys (ConfUtils.java:logGet(46)) - raft.server.log.statemachine.data.read.timeout = 1000ms (default)
2023-02-21 13:39:16,026 [pool-319-thread-1] INFO  server.RaftServerConfigKeys (ConfUtils.java:logGet(46)) - raft.server.log.purge.preservation.log.num = 0 (default)
2023-02-21 13:39:16,027 [EventQueue-PipelineReportForPipelineReportHandler] INFO  pipeline.PipelineManagerImpl (PipelineManagerImpl.java:openPipeline(367)) - Pipeline Pipeline[ Id: a5fbe8c9-bf7d-45a3-a4e7-00a541332aa0, Nodes: 24a59b6b-5580-49f4-8674-e10ef71be698(fv-az318-260.ewvrrcgabbbubjc05i3n4a3pph.dx.internal.cloudapp.net/10.1.0.81), ReplicationConfig: RATIS/ONE, State:ALLOCATED, leaderId:24a59b6b-5580-49f4-8674-e10ef71be698, CreationTimestamp2023-02-21T13:39:13.022Z[Etc/UTC]] moved to OPEN state
2023-02-21 13:39:16,027 [pool-319-thread-1] INFO  server.RaftServerConfigKeys (ConfUtils.java:logGet(46)) - raft.server.log.segment.size.max = 1048576 (custom)
2023-02-21 13:39:16,027 [pool-319-thread-1] INFO  server.RaftServerConfigKeys (ConfUtils.java:logGet(46)) - raft.server.log.segment.cache.num.max = 2 (custom)
2023-02-21 13:39:16,027 [pool-319-thread-1] INFO  server.RaftServerConfigKeys (ConfUtils.java:logGet(46)) - raft.server.log.segment.cache.size.max = 200MB (=209715200) (default)
2023-02-21 13:39:16,027 [EventQueue-OpenPipelineForHealthyPipelineSafeModeRule] INFO  safemode.SCMSafeModeManager (HealthyPipelineSafeModeRule.java:process(137)) - SCM in safe mode. Healthy pipelines reported count is 0, required healthy pipeline reported count is 1
2023-02-21 13:39:16,027 [pool-319-thread-1] INFO  segmented.SegmentedRaftLogWorker (SegmentedRaftLogWorker.java:<init>(189)) - new 24a59b6b-5580-49f4-8674-e10ef71be698@group-00A541332AA0-SegmentedRaftLogWorker for RaftStorageImpl:Storage Directory /home/runner/work/ozone/ozone/hadoop-ozone/integration-test/target/test-dir/MiniOzoneClusterImpl-be926948-0f1c-4cac-9651-6eceb419abf0/datanode-2/data/ratis/a5fbe8c9-bf7d-45a3-a4e7-00a541332aa0
2023-02-21 13:39:16,027 [pool-319-thread-1] INFO  server.RaftServerConfigKeys (ConfUtils.java:logGet(46)) - raft.server.log.queue.byte-limit = 4294967296 (custom)
2023-02-21 13:39:16,027 [pool-319-thread-1] INFO  server.RaftServerConfigKeys (ConfUtils.java:logGet(46)) - raft.server.log.queue.element-limit = 1024 (custom)
2023-02-21 13:39:16,028 [pool-319-thread-1] INFO  server.RaftServerConfigKeys (ConfUtils.java:logGet(46)) - raft.server.log.segment.size.max = 1048576 (custom)
2023-02-21 13:39:16,028 [pool-319-thread-1] INFO  server.RaftServerConfigKeys (ConfUtils.java:logGet(46)) - raft.server.log.preallocated.size = 16384 (custom)
2023-02-21 13:39:16,028 [pool-319-thread-1] INFO  server.RaftServerConfigKeys (ConfUtils.java:logGet(46)) - raft.server.log.force.sync.num = 128 (default)
2023-02-21 13:39:16,028 [pool-319-thread-1] INFO  server.RaftServerConfigKeys (ConfUtils.java:logGet(46)) - raft.server.log.statemachine.data.sync = true (default)
2023-02-21 13:39:16,028 [pool-319-thread-1] INFO  server.RaftServerConfigKeys (ConfUtils.java:logGet(46)) - raft.server.log.statemachine.data.sync.timeout = 10s (default)
2023-02-21 13:39:16,028 [pool-319-thread-1] INFO  server.RaftServerConfigKeys (ConfUtils.java:logGet(46)) - raft.server.log.statemachine.data.sync.timeout.retry = -1 (default)
2023-02-21 13:39:16,029 [pool-319-thread-1] INFO  server.RaftServerConfigKeys (ConfUtils.java:logGet(46)) - raft.server.log.write.buffer.size = 1048576 (custom)
2023-02-21 13:39:16,029 [pool-319-thread-1] INFO  server.RaftServerConfigKeys (ConfUtils.java:logGet(46)) - raft.server.log.appender.buffer.byte-limit = 33554432 (custom)
2023-02-21 13:39:16,034 [pool-319-thread-1] INFO  server.RaftServerConfigKeys (ConfUtils.java:logGet(46)) - raft.server.log.unsafe-flush.enabled = false (default)
2023-02-21 13:39:16,034 [pool-319-thread-1] INFO  server.RaftServerConfigKeys (ConfUtils.java:logGet(46)) - raft.server.log.async-flush.enabled = false (default)
2023-02-21 13:39:16,034 [pool-319-thread-1] INFO  server.RaftServerConfigKeys (ConfUtils.java:logGet(46)) - raft.server.log.statemachine.data.caching.enabled = true (custom)
2023-02-21 13:39:16,035 [pool-319-thread-1] INFO  segmented.SegmentedRaftLogWorker (SegmentedRaftLogWorker.java:lambda$new$0(135)) - 24a59b6b-5580-49f4-8674-e10ef71be698@group-00A541332AA0-SegmentedRaftLogWorker: flushIndex: setUnconditionally 0 -> -1
2023-02-21 13:39:16,035 [pool-319-thread-1] INFO  segmented.SegmentedRaftLogWorker (SegmentedRaftLogWorker.java:lambda$new$0(135)) - 24a59b6b-5580-49f4-8674-e10ef71be698@group-00A541332AA0-SegmentedRaftLogWorker: safeCacheEvictIndex: setUnconditionally 0 -> -1
2023-02-21 13:39:16,035 [pool-319-thread-1] INFO  server.RaftServer$Division (RaftServerImpl.java:start(334)) - 24a59b6b-5580-49f4-8674-e10ef71be698@group-00A541332AA0: start as a follower, conf=-1: peers:[24a59b6b-5580-49f4-8674-e10ef71be698|rpc:10.1.0.81:45623|dataStream:10.1.0.81:37369|priority:1|startupRole:FOLLOWER]|listeners:[], old=null
2023-02-21 13:39:16,035 [pool-319-thread-1] INFO  server.RaftServer$Division (RaftServerImpl.java:setRole(321)) - 24a59b6b-5580-49f4-8674-e10ef71be698@group-00A541332AA0: changes role from      null to FOLLOWER at term 0 for startAsFollower
2023-02-21 13:39:16,035 [pool-319-thread-1] INFO  impl.RoleInfo (RoleInfo.java:updateAndGet(139)) - 24a59b6b-5580-49f4-8674-e10ef71be698: start 24a59b6b-5580-49f4-8674-e10ef71be698@group-00A541332AA0-FollowerState
2023-02-21 13:39:16,035 [pool-319-thread-1] INFO  util.JmxRegister (JmxRegister.java:tryRegister(44)) - Successfully registered JMX Bean with object name Ratis:service=RaftServer,group=group-00A541332AA0,id=24a59b6b-5580-49f4-8674-e10ef71be698
2023-02-21 13:39:16,036 [pool-319-thread-1] INFO  server.RaftServerConfigKeys (ConfUtils.java:logGet(46)) - raft.server.snapshot.auto.trigger.enabled = true (custom)
2023-02-21 13:39:16,036 [pool-319-thread-1] INFO  server.RaftServerConfigKeys (ConfUtils.java:logGet(46)) - raft.server.snapshot.auto.trigger.threshold = 10000 (custom)
2023-02-21 13:39:16,036 [pool-319-thread-1] INFO  server.RaftServerConfigKeys (ConfUtils.java:logGet(46)) - raft.server.snapshot.retention.file.num = 5 (custom)
2023-02-21 13:39:16,036 [pool-319-thread-1] INFO  server.RaftServerConfigKeys (ConfUtils.java:logGet(46)) - raft.server.log.purge.upto.snapshot.index = false (default)
2023-02-21 13:39:16,036 [24a59b6b-5580-49f4-8674-e10ef71be698@group-00A541332AA0-FollowerState] INFO  server.RaftServerConfigKeys (ConfUtils.java:logFallback(53)) - raft.server.rpc.first-election.timeout.min = 5s (fallback to raft.server.rpc.timeout.min)
2023-02-21 13:39:16,036 [24a59b6b-5580-49f4-8674-e10ef71be698@group-00A541332AA0-FollowerState] INFO  server.RaftServerConfigKeys (ConfUtils.java:logFallback(53)) - raft.server.rpc.first-election.timeout.max = 5200ms (fallback to raft.server.rpc.timeout.max)
2023-02-21 13:39:16,038 [Command processor thread] INFO  ratis.XceiverServerRatis (XceiverServerRatis.java:addGroup(807)) - Created group PipelineID=a5fbe8c9-bf7d-45a3-a4e7-00a541332aa0
2023-02-21 13:39:16,038 [Command processor thread] INFO  commandhandler.CreatePipelineCommandHandler (CreatePipelineCommandHandler.java:handle(113)) - Created Pipeline RATIS ONE PipelineID=a5fbe8c9-bf7d-45a3-a4e7-00a541332aa0.
2023-02-21 13:39:16,431 [Command processor thread] INFO  server.RaftServer (RaftServerProxy.java:addNew(96)) - 66960b80-c593-4b74-88fd-c621ad684876: addNew group-046D58D7D5B8:[66960b80-c593-4b74-88fd-c621ad684876|rpc:10.1.0.81:46505|dataStream:10.1.0.81:40997|priority:1|startupRole:FOLLOWER] returns group-046D58D7D5B8:java.util.concurrent.CompletableFuture@4bd8f16[Not completed]
2023-02-21 13:39:16,432 [pool-341-thread-1] INFO  server.RaftServer$Division (RaftServerImpl.java:<init>(195)) - 66960b80-c593-4b74-88fd-c621ad684876: new RaftServerImpl for group-046D58D7D5B8:[66960b80-c593-4b74-88fd-c621ad684876|rpc:10.1.0.81:46505|dataStream:10.1.0.81:40997|priority:1|startupRole:FOLLOWER] with ContainerStateMachine:uninitialized
2023-02-21 13:39:16,433 [pool-341-thread-1] INFO  server.RaftServerConfigKeys (ConfUtils.java:logGet(46)) - raft.server.rpc.timeout.min = 5s (custom)
2023-02-21 13:39:16,433 [pool-341-thread-1] INFO  server.RaftServerConfigKeys (ConfUtils.java:logGet(46)) - raft.server.rpc.timeout.max = 5200ms (custom)
2023-02-21 13:39:16,433 [pool-341-thread-1] INFO  server.RaftServerConfigKeys (ConfUtils.java:logGet(46)) - raft.server.rpc.sleep.time = 25ms (default)
2023-02-21 13:39:16,433 [pool-341-thread-1] INFO  server.RaftServerConfigKeys (ConfUtils.java:logGet(46)) - raft.server.rpc.slowness.timeout = 300s (custom)
2023-02-21 13:39:16,433 [pool-341-thread-1] INFO  server.RaftServerConfigKeys (ConfUtils.java:logGet(46)) - raft.server.leaderelection.leader.step-down.wait-time = 10s (default)
2023-02-21 13:39:16,433 [pool-341-thread-1] INFO  server.RaftServerConfigKeys (ConfUtils.java:logGet(46)) - raft.server.sleep.deviation.threshold = 300ms (default)
2023-02-21 13:39:16,433 [pool-341-thread-1] INFO  server.RaftServer$Division (ServerState.java:<init>(118)) - 66960b80-c593-4b74-88fd-c621ad684876@group-046D58D7D5B8: ConfigurationManager, init=-1: peers:[66960b80-c593-4b74-88fd-c621ad684876|rpc:10.1.0.81:46505|dataStream:10.1.0.81:40997|priority:1|startupRole:FOLLOWER]|listeners:[], old=null, confs=<EMPTY_MAP>
2023-02-21 13:39:16,433 [pool-341-thread-1] INFO  server.RaftServerConfigKeys (ConfUtils.java:logGet(46)) - raft.server.storage.dir = [/home/runner/work/ozone/ozone/hadoop-ozone/integration-test/target/test-dir/MiniOzoneClusterImpl-be926948-0f1c-4cac-9651-6eceb419abf0/datanode-3/data/ratis] (custom)
2023-02-21 13:39:16,433 [pool-341-thread-1] INFO  server.RaftServerConfigKeys (ConfUtils.java:logGet(46)) - raft.server.log.corruption.policy = EXCEPTION (default)
2023-02-21 13:39:16,433 [pool-341-thread-1] INFO  server.RaftServerConfigKeys (ConfUtils.java:logGet(46)) - raft.server.storage.free-space.min = 0MB (=0) (default)
2023-02-21 13:39:16,433 [pool-341-thread-1] INFO  server.RaftServerConfigKeys (ConfUtils.java:logGet(46)) - raft.server.notification.no-leader.timeout = 300s (custom)
2023-02-21 13:39:16,433 [pool-341-thread-1] INFO  server.RaftServerConfigKeys (ConfUtils.java:logGet(46)) - raft.server.retrycache.expirytime = 600000ms (custom)
2023-02-21 13:39:16,433 [pool-341-thread-1] INFO  server.RaftServerConfigKeys (ConfUtils.java:logGet(46)) - raft.server.retrycache.statistics.expirytime = 100μs (default)
2023-02-21 13:39:16,434 [pool-341-thread-1] INFO  server.RaftServerConfigKeys (ConfUtils.java:logGet(46)) - raft.server.log.appender.install.snapshot.enabled = false (custom)
2023-02-21 13:39:16,434 [pool-341-thread-1] INFO  server.RaftServerConfigKeys (ConfUtils.java:logGet(46)) - raft.server.threadpool.server.cached = true (default)
2023-02-21 13:39:16,435 [pool-341-thread-1] INFO  server.RaftServerConfigKeys (ConfUtils.java:logGet(46)) - raft.server.threadpool.server.size = 0 (default)
2023-02-21 13:39:16,435 [pool-341-thread-1] INFO  server.RaftServerConfigKeys (ConfUtils.java:logGet(46)) - raft.server.threadpool.client.cached = true (default)
2023-02-21 13:39:16,435 [pool-341-thread-1] INFO  server.RaftServerConfigKeys (ConfUtils.java:logGet(46)) - raft.server.threadpool.client.size = 0 (default)
2023-02-21 13:39:16,435 [pool-341-thread-1] INFO  storage.RaftStorageDirectory (RaftStorageDirectoryImpl.java:analyzeStorage(137)) - The storage directory /home/runner/work/ozone/ozone/hadoop-ozone/integration-test/target/test-dir/MiniOzoneClusterImpl-be926948-0f1c-4cac-9651-6eceb419abf0/datanode-3/data/ratis/6f3fc31c-fbc7-4438-b3dc-046d58d7d5b8 does not exist. Creating ...
2023-02-21 13:39:16,436 [pool-341-thread-1] INFO  storage.RaftStorageDirectory (RaftStorageDirectoryImpl.java:tryLock(231)) - Lock on /home/runner/work/ozone/ozone/hadoop-ozone/integration-test/target/test-dir/MiniOzoneClusterImpl-be926948-0f1c-4cac-9651-6eceb419abf0/datanode-3/data/ratis/6f3fc31c-fbc7-4438-b3dc-046d58d7d5b8/in_use.lock acquired by nodename 15258@fv-az318-260
2023-02-21 13:39:16,438 [pool-341-thread-1] INFO  storage.RaftStorage (RaftStorageImpl.java:format(96)) - Storage directory /home/runner/work/ozone/ozone/hadoop-ozone/integration-test/target/test-dir/MiniOzoneClusterImpl-be926948-0f1c-4cac-9651-6eceb419abf0/datanode-3/data/ratis/6f3fc31c-fbc7-4438-b3dc-046d58d7d5b8 has been successfully formatted.
2023-02-21 13:39:16,439 [pool-341-thread-1] INFO  ratis.ContainerStateMachine (ContainerStateMachine.java:loadSnapshot(240)) - group-046D58D7D5B8: The snapshot info is null. Setting the last applied indexto:(t:0, i:~)
2023-02-21 13:39:16,439 [pool-341-thread-1] INFO  server.RaftServerConfigKeys (ConfUtils.java:logGet(46)) - raft.server.log.use.memory = false (default)
2023-02-21 13:39:16,440 [pool-341-thread-1] INFO  server.RaftServerConfigKeys (ConfUtils.java:logGet(46)) - raft.server.log.purge.gap = 1000000 (custom)
2023-02-21 13:39:16,440 [pool-341-thread-1] INFO  server.RaftServerConfigKeys (ConfUtils.java:logGet(46)) - raft.server.log.appender.buffer.byte-limit = 33554432 (custom)
2023-02-21 13:39:16,440 [EventQueue-PipelineReportForPipelineReportHandler] INFO  pipeline.PipelineManagerImpl (PipelineManagerImpl.java:openPipeline(367)) - Pipeline Pipeline[ Id: 6f3fc31c-fbc7-4438-b3dc-046d58d7d5b8, Nodes: 66960b80-c593-4b74-88fd-c621ad684876(fv-az318-260.ewvrrcgabbbubjc05i3n4a3pph.dx.internal.cloudapp.net/10.1.0.81), ReplicationConfig: RATIS/ONE, State:ALLOCATED, leaderId:66960b80-c593-4b74-88fd-c621ad684876, CreationTimestamp2023-02-21T13:39:13.433Z[Etc/UTC]] moved to OPEN state
2023-02-21 13:39:16,440 [pool-341-thread-1] INFO  server.RaftServerConfigKeys (ConfUtils.java:logGet(46)) - raft.server.log.statemachine.data.read.timeout = 1000ms (default)
2023-02-21 13:39:16,440 [pool-341-thread-1] INFO  server.RaftServerConfigKeys (ConfUtils.java:logGet(46)) - raft.server.log.purge.preservation.log.num = 0 (default)
2023-02-21 13:39:16,440 [pool-341-thread-1] INFO  server.RaftServerConfigKeys (ConfUtils.java:logGet(46)) - raft.server.log.segment.size.max = 1048576 (custom)
2023-02-21 13:39:16,440 [EventQueue-OpenPipelineForHealthyPipelineSafeModeRule] INFO  safemode.SCMSafeModeManager (HealthyPipelineSafeModeRule.java:process(137)) - SCM in safe mode. Healthy pipelines reported count is 0, required healthy pipeline reported count is 1
2023-02-21 13:39:16,441 [pool-341-thread-1] INFO  server.RaftServerConfigKeys (ConfUtils.java:logGet(46)) - raft.server.log.segment.cache.num.max = 2 (custom)
2023-02-21 13:39:16,441 [pool-341-thread-1] INFO  server.RaftServerConfigKeys (ConfUtils.java:logGet(46)) - raft.server.log.segment.cache.size.max = 200MB (=209715200) (default)
2023-02-21 13:39:16,441 [pool-341-thread-1] INFO  segmented.SegmentedRaftLogWorker (SegmentedRaftLogWorker.java:<init>(189)) - new 66960b80-c593-4b74-88fd-c621ad684876@group-046D58D7D5B8-SegmentedRaftLogWorker for RaftStorageImpl:Storage Directory /home/runner/work/ozone/ozone/hadoop-ozone/integration-test/target/test-dir/MiniOzoneClusterImpl-be926948-0f1c-4cac-9651-6eceb419abf0/datanode-3/data/ratis/6f3fc31c-fbc7-4438-b3dc-046d58d7d5b8
2023-02-21 13:39:16,441 [pool-341-thread-1] INFO  server.RaftServerConfigKeys (ConfUtils.java:logGet(46)) - raft.server.log.queue.byte-limit = 4294967296 (custom)
2023-02-21 13:39:16,441 [pool-341-thread-1] INFO  server.RaftServerConfigKeys (ConfUtils.java:logGet(46)) - raft.server.log.queue.element-limit = 1024 (custom)
2023-02-21 13:39:16,441 [pool-341-thread-1] INFO  server.RaftServerConfigKeys (ConfUtils.java:logGet(46)) - raft.server.log.segment.size.max = 1048576 (custom)
2023-02-21 13:39:16,441 [pool-341-thread-1] INFO  server.RaftServerConfigKeys (ConfUtils.java:logGet(46)) - raft.server.log.preallocated.size = 16384 (custom)
2023-02-21 13:39:16,441 [pool-341-thread-1] INFO  server.RaftServerConfigKeys (ConfUtils.java:logGet(46)) - raft.server.log.force.sync.num = 128 (default)
2023-02-21 13:39:16,441 [pool-341-thread-1] INFO  server.RaftServerConfigKeys (ConfUtils.java:logGet(46)) - raft.server.log.statemachine.data.sync = true (default)
2023-02-21 13:39:16,442 [pool-341-thread-1] INFO  server.RaftServerConfigKeys (ConfUtils.java:logGet(46)) - raft.server.log.statemachine.data.sync.timeout = 10s (default)
2023-02-21 13:39:16,442 [pool-341-thread-1] INFO  server.RaftServerConfigKeys (ConfUtils.java:logGet(46)) - raft.server.log.statemachine.data.sync.timeout.retry = -1 (default)
2023-02-21 13:39:16,442 [pool-341-thread-1] INFO  server.RaftServerConfigKeys (ConfUtils.java:logGet(46)) - raft.server.log.write.buffer.size = 1048576 (custom)
2023-02-21 13:39:16,443 [pool-341-thread-1] INFO  server.RaftServerConfigKeys (ConfUtils.java:logGet(46)) - raft.server.log.appender.buffer.byte-limit = 33554432 (custom)
2023-02-21 13:39:16,448 [pool-341-thread-1] INFO  server.RaftServerConfigKeys (ConfUtils.java:logGet(46)) - raft.server.log.unsafe-flush.enabled = false (default)
2023-02-21 13:39:16,448 [pool-341-thread-1] INFO  server.RaftServerConfigKeys (ConfUtils.java:logGet(46)) - raft.server.log.async-flush.enabled = false (default)
2023-02-21 13:39:16,448 [pool-341-thread-1] INFO  server.RaftServerConfigKeys (ConfUtils.java:logGet(46)) - raft.server.log.statemachine.data.caching.enabled = true (custom)
2023-02-21 13:39:16,449 [pool-341-thread-1] INFO  segmented.SegmentedRaftLogWorker (SegmentedRaftLogWorker.java:lambda$new$0(135)) - 66960b80-c593-4b74-88fd-c621ad684876@group-046D58D7D5B8-SegmentedRaftLogWorker: flushIndex: setUnconditionally 0 -> -1
2023-02-21 13:39:16,449 [pool-341-thread-1] INFO  segmented.SegmentedRaftLogWorker (SegmentedRaftLogWorker.java:lambda$new$0(135)) - 66960b80-c593-4b74-88fd-c621ad684876@group-046D58D7D5B8-SegmentedRaftLogWorker: safeCacheEvictIndex: setUnconditionally 0 -> -1
2023-02-21 13:39:16,449 [pool-341-thread-1] INFO  server.RaftServer$Division (RaftServerImpl.java:start(334)) - 66960b80-c593-4b74-88fd-c621ad684876@group-046D58D7D5B8: start as a follower, conf=-1: peers:[66960b80-c593-4b74-88fd-c621ad684876|rpc:10.1.0.81:46505|dataStream:10.1.0.81:40997|priority:1|startupRole:FOLLOWER]|listeners:[], old=null
2023-02-21 13:39:16,449 [pool-341-thread-1] INFO  server.RaftServer$Division (RaftServerImpl.java:setRole(321)) - 66960b80-c593-4b74-88fd-c621ad684876@group-046D58D7D5B8: changes role from      null to FOLLOWER at term 0 for startAsFollower
2023-02-21 13:39:16,449 [pool-341-thread-1] INFO  impl.RoleInfo (RoleInfo.java:updateAndGet(139)) - 66960b80-c593-4b74-88fd-c621ad684876: start 66960b80-c593-4b74-88fd-c621ad684876@group-046D58D7D5B8-FollowerState
2023-02-21 13:39:16,450 [pool-341-thread-1] INFO  util.JmxRegister (JmxRegister.java:tryRegister(44)) - Successfully registered JMX Bean with object name Ratis:service=RaftServer,group=group-046D58D7D5B8,id=66960b80-c593-4b74-88fd-c621ad684876
2023-02-21 13:39:16,450 [pool-341-thread-1] INFO  server.RaftServerConfigKeys (ConfUtils.java:logGet(46)) - raft.server.snapshot.auto.trigger.enabled = true (custom)
2023-02-21 13:39:16,450 [pool-341-thread-1] INFO  server.RaftServerConfigKeys (ConfUtils.java:logGet(46)) - raft.server.snapshot.auto.trigger.threshold = 10000 (custom)
2023-02-21 13:39:16,450 [pool-341-thread-1] INFO  server.RaftServerConfigKeys (ConfUtils.java:logGet(46)) - raft.server.snapshot.retention.file.num = 5 (custom)
2023-02-21 13:39:16,450 [pool-341-thread-1] INFO  server.RaftServerConfigKeys (ConfUtils.java:logGet(46)) - raft.server.log.purge.upto.snapshot.index = false (default)
2023-02-21 13:39:16,451 [66960b80-c593-4b74-88fd-c621ad684876@group-046D58D7D5B8-FollowerState] INFO  server.RaftServerConfigKeys (ConfUtils.java:logFallback(53)) - raft.server.rpc.first-election.timeout.min = 5s (fallback to raft.server.rpc.timeout.min)
2023-02-21 13:39:16,451 [66960b80-c593-4b74-88fd-c621ad684876@group-046D58D7D5B8-FollowerState] INFO  server.RaftServerConfigKeys (ConfUtils.java:logFallback(53)) - raft.server.rpc.first-election.timeout.max = 5200ms (fallback to raft.server.rpc.timeout.max)
2023-02-21 13:39:16,453 [Command processor thread] INFO  ratis.XceiverServerRatis (XceiverServerRatis.java:addGroup(807)) - Created group PipelineID=6f3fc31c-fbc7-4438-b3dc-046d58d7d5b8
2023-02-21 13:39:16,453 [Command processor thread] INFO  commandhandler.CreatePipelineCommandHandler (CreatePipelineCommandHandler.java:handle(113)) - Created Pipeline RATIS ONE PipelineID=6f3fc31c-fbc7-4438-b3dc-046d58d7d5b8.
2023-02-21 13:39:16,884 [Command processor thread] INFO  server.RaftServer (RaftServerProxy.java:addNew(96)) - 3e39c96d-43de-444f-825b-71406d153b89: addNew group-ADD21A225710:[3e39c96d-43de-444f-825b-71406d153b89|rpc:10.1.0.81:37869|dataStream:10.1.0.81:34063|priority:1|startupRole:FOLLOWER] returns group-ADD21A225710:java.util.concurrent.CompletableFuture@2440b942[Not completed]
2023-02-21 13:39:16,886 [pool-363-thread-1] INFO  server.RaftServer$Division (RaftServerImpl.java:<init>(195)) - 3e39c96d-43de-444f-825b-71406d153b89: new RaftServerImpl for group-ADD21A225710:[3e39c96d-43de-444f-825b-71406d153b89|rpc:10.1.0.81:37869|dataStream:10.1.0.81:34063|priority:1|startupRole:FOLLOWER] with ContainerStateMachine:uninitialized
2023-02-21 13:39:16,886 [pool-363-thread-1] INFO  server.RaftServerConfigKeys (ConfUtils.java:logGet(46)) - raft.server.rpc.timeout.min = 5s (custom)
2023-02-21 13:39:16,886 [pool-363-thread-1] INFO  server.RaftServerConfigKeys (ConfUtils.java:logGet(46)) - raft.server.rpc.timeout.max = 5200ms (custom)
2023-02-21 13:39:16,886 [pool-363-thread-1] INFO  server.RaftServerConfigKeys (ConfUtils.java:logGet(46)) - raft.server.rpc.sleep.time = 25ms (default)
2023-02-21 13:39:16,886 [pool-363-thread-1] INFO  server.RaftServerConfigKeys (ConfUtils.java:logGet(46)) - raft.server.rpc.slowness.timeout = 300s (custom)
2023-02-21 13:39:16,886 [pool-363-thread-1] INFO  server.RaftServerConfigKeys (ConfUtils.java:logGet(46)) - raft.server.leaderelection.leader.step-down.wait-time = 10s (default)
2023-02-21 13:39:16,886 [pool-363-thread-1] INFO  server.RaftServerConfigKeys (ConfUtils.java:logGet(46)) - raft.server.sleep.deviation.threshold = 300ms (default)
2023-02-21 13:39:16,887 [pool-363-thread-1] INFO  server.RaftServer$Division (ServerState.java:<init>(118)) - 3e39c96d-43de-444f-825b-71406d153b89@group-ADD21A225710: ConfigurationManager, init=-1: peers:[3e39c96d-43de-444f-825b-71406d153b89|rpc:10.1.0.81:37869|dataStream:10.1.0.81:34063|priority:1|startupRole:FOLLOWER]|listeners:[], old=null, confs=<EMPTY_MAP>
2023-02-21 13:39:16,887 [pool-363-thread-1] INFO  server.RaftServerConfigKeys (ConfUtils.java:logGet(46)) - raft.server.storage.dir = [/home/runner/work/ozone/ozone/hadoop-ozone/integration-test/target/test-dir/MiniOzoneClusterImpl-be926948-0f1c-4cac-9651-6eceb419abf0/datanode-4/data/ratis] (custom)
2023-02-21 13:39:16,887 [pool-363-thread-1] INFO  server.RaftServerConfigKeys (ConfUtils.java:logGet(46)) - raft.server.log.corruption.policy = EXCEPTION (default)
2023-02-21 13:39:16,887 [pool-363-thread-1] INFO  server.RaftServerConfigKeys (ConfUtils.java:logGet(46)) - raft.server.storage.free-space.min = 0MB (=0) (default)
2023-02-21 13:39:16,887 [pool-363-thread-1] INFO  server.RaftServerConfigKeys (ConfUtils.java:logGet(46)) - raft.server.notification.no-leader.timeout = 300s (custom)
2023-02-21 13:39:16,887 [pool-363-thread-1] INFO  server.RaftServerConfigKeys (ConfUtils.java:logGet(46)) - raft.server.retrycache.expirytime = 600000ms (custom)
2023-02-21 13:39:16,887 [pool-363-thread-1] INFO  server.RaftServerConfigKeys (ConfUtils.java:logGet(46)) - raft.server.retrycache.statistics.expirytime = 100μs (default)
2023-02-21 13:39:16,887 [Listener at 127.0.0.1/40229] INFO  ozone.MiniOzoneClusterImpl (MiniOzoneClusterImpl.java:lambda$waitForClusterToBeReady$0(218)) - Nodes are ready. Got 5 of 5 DN Heartbeats.
2023-02-21 13:39:16,887 [Listener at 127.0.0.1/40229] INFO  ozone.MiniOzoneClusterImpl (MiniOzoneClusterImpl.java:lambda$waitForClusterToBeReady$0(221)) - Waiting for cluster to exit safe mode
2023-02-21 13:39:16,888 [Listener at 127.0.0.1/40229] INFO  ozone.MiniOzoneClusterImpl (MiniOzoneClusterImpl.java:lambda$waitForClusterToBeReady$0(223)) - SCM became leader
2023-02-21 13:39:16,893 [pool-363-thread-1] INFO  server.RaftServerConfigKeys (ConfUtils.java:logGet(46)) - raft.server.log.appender.install.snapshot.enabled = false (custom)
2023-02-21 13:39:16,893 [pool-363-thread-1] INFO  server.RaftServerConfigKeys (ConfUtils.java:logGet(46)) - raft.server.threadpool.server.cached = true (default)
2023-02-21 13:39:16,893 [pool-363-thread-1] INFO  server.RaftServerConfigKeys (ConfUtils.java:logGet(46)) - raft.server.threadpool.server.size = 0 (default)
2023-02-21 13:39:16,893 [pool-363-thread-1] INFO  server.RaftServerConfigKeys (ConfUtils.java:logGet(46)) - raft.server.threadpool.client.cached = true (default)
2023-02-21 13:39:16,893 [pool-363-thread-1] INFO  server.RaftServerConfigKeys (ConfUtils.java:logGet(46)) - raft.server.threadpool.client.size = 0 (default)
2023-02-21 13:39:16,894 [pool-363-thread-1] INFO  storage.RaftStorageDirectory (RaftStorageDirectoryImpl.java:analyzeStorage(137)) - The storage directory /home/runner/work/ozone/ozone/hadoop-ozone/integration-test/target/test-dir/MiniOzoneClusterImpl-be926948-0f1c-4cac-9651-6eceb419abf0/datanode-4/data/ratis/40a877b3-6a58-4d1b-bbcf-add21a225710 does not exist. Creating ...
2023-02-21 13:39:16,895 [pool-363-thread-1] INFO  storage.RaftStorageDirectory (RaftStorageDirectoryImpl.java:tryLock(231)) - Lock on /home/runner/work/ozone/ozone/hadoop-ozone/integration-test/target/test-dir/MiniOzoneClusterImpl-be926948-0f1c-4cac-9651-6eceb419abf0/datanode-4/data/ratis/40a877b3-6a58-4d1b-bbcf-add21a225710/in_use.lock acquired by nodename 15258@fv-az318-260
2023-02-21 13:39:16,897 [pool-363-thread-1] INFO  storage.RaftStorage (RaftStorageImpl.java:format(96)) - Storage directory /home/runner/work/ozone/ozone/hadoop-ozone/integration-test/target/test-dir/MiniOzoneClusterImpl-be926948-0f1c-4cac-9651-6eceb419abf0/datanode-4/data/ratis/40a877b3-6a58-4d1b-bbcf-add21a225710 has been successfully formatted.
2023-02-21 13:39:16,898 [pool-363-thread-1] INFO  ratis.ContainerStateMachine (ContainerStateMachine.java:loadSnapshot(240)) - group-ADD21A225710: The snapshot info is null. Setting the last applied indexto:(t:0, i:~)
2023-02-21 13:39:16,898 [pool-363-thread-1] INFO  server.RaftServerConfigKeys (ConfUtils.java:logGet(46)) - raft.server.log.use.memory = false (default)
2023-02-21 13:39:16,899 [pool-363-thread-1] INFO  server.RaftServerConfigKeys (ConfUtils.java:logGet(46)) - raft.server.log.purge.gap = 1000000 (custom)
2023-02-21 13:39:16,899 [pool-363-thread-1] INFO  server.RaftServerConfigKeys (ConfUtils.java:logGet(46)) - raft.server.log.appender.buffer.byte-limit = 33554432 (custom)
2023-02-21 13:39:16,899 [pool-363-thread-1] INFO  server.RaftServerConfigKeys (ConfUtils.java:logGet(46)) - raft.server.log.statemachine.data.read.timeout = 1000ms (default)
2023-02-21 13:39:16,899 [pool-363-thread-1] INFO  server.RaftServerConfigKeys (ConfUtils.java:logGet(46)) - raft.server.log.purge.preservation.log.num = 0 (default)
2023-02-21 13:39:16,899 [pool-363-thread-1] INFO  server.RaftServerConfigKeys (ConfUtils.java:logGet(46)) - raft.server.log.segment.size.max = 1048576 (custom)
2023-02-21 13:39:16,899 [EventQueue-PipelineReportForPipelineReportHandler] INFO  pipeline.PipelineManagerImpl (PipelineManagerImpl.java:openPipeline(367)) - Pipeline Pipeline[ Id: 40a877b3-6a58-4d1b-bbcf-add21a225710, Nodes: 3e39c96d-43de-444f-825b-71406d153b89(fv-az318-260.ewvrrcgabbbubjc05i3n4a3pph.dx.internal.cloudapp.net/10.1.0.81), ReplicationConfig: RATIS/ONE, State:ALLOCATED, leaderId:3e39c96d-43de-444f-825b-71406d153b89, CreationTimestamp2023-02-21T13:39:13.886Z[Etc/UTC]] moved to OPEN state
2023-02-21 13:39:16,899 [pool-363-thread-1] INFO  server.RaftServerConfigKeys (ConfUtils.java:logGet(46)) - raft.server.log.segment.cache.num.max = 2 (custom)
2023-02-21 13:39:16,899 [pool-363-thread-1] INFO  server.RaftServerConfigKeys (ConfUtils.java:logGet(46)) - raft.server.log.segment.cache.size.max = 200MB (=209715200) (default)
2023-02-21 13:39:16,900 [EventQueue-OpenPipelineForHealthyPipelineSafeModeRule] INFO  safemode.SCMSafeModeManager (HealthyPipelineSafeModeRule.java:process(137)) - SCM in safe mode. Healthy pipelines reported count is 0, required healthy pipeline reported count is 1
2023-02-21 13:39:16,900 [pool-363-thread-1] INFO  segmented.SegmentedRaftLogWorker (SegmentedRaftLogWorker.java:<init>(189)) - new 3e39c96d-43de-444f-825b-71406d153b89@group-ADD21A225710-SegmentedRaftLogWorker for RaftStorageImpl:Storage Directory /home/runner/work/ozone/ozone/hadoop-ozone/integration-test/target/test-dir/MiniOzoneClusterImpl-be926948-0f1c-4cac-9651-6eceb419abf0/datanode-4/data/ratis/40a877b3-6a58-4d1b-bbcf-add21a225710
2023-02-21 13:39:16,900 [pool-363-thread-1] INFO  server.RaftServerConfigKeys (ConfUtils.java:logGet(46)) - raft.server.log.queue.byte-limit = 4294967296 (custom)
2023-02-21 13:39:16,900 [pool-363-thread-1] INFO  server.RaftServerConfigKeys (ConfUtils.java:logGet(46)) - raft.server.log.queue.element-limit = 1024 (custom)
2023-02-21 13:39:16,900 [pool-363-thread-1] INFO  server.RaftServerConfigKeys (ConfUtils.java:logGet(46)) - raft.server.log.segment.size.max = 1048576 (custom)
2023-02-21 13:39:16,900 [pool-363-thread-1] INFO  server.RaftServerConfigKeys (ConfUtils.java:logGet(46)) - raft.server.log.preallocated.size = 16384 (custom)
2023-02-21 13:39:16,900 [pool-363-thread-1] INFO  server.RaftServerConfigKeys (ConfUtils.java:logGet(46)) - raft.server.log.force.sync.num = 128 (default)
2023-02-21 13:39:16,900 [pool-363-thread-1] INFO  server.RaftServerConfigKeys (ConfUtils.java:logGet(46)) - raft.server.log.statemachine.data.sync = true (default)
2023-02-21 13:39:16,900 [pool-363-thread-1] INFO  server.RaftServerConfigKeys (ConfUtils.java:logGet(46)) - raft.server.log.statemachine.data.sync.timeout = 10s (default)
2023-02-21 13:39:16,900 [pool-363-thread-1] INFO  server.RaftServerConfigKeys (ConfUtils.java:logGet(46)) - raft.server.log.statemachine.data.sync.timeout.retry = -1 (default)
2023-02-21 13:39:16,901 [pool-363-thread-1] INFO  server.RaftServerConfigKeys (ConfUtils.java:logGet(46)) - raft.server.log.write.buffer.size = 1048576 (custom)
2023-02-21 13:39:16,901 [pool-363-thread-1] INFO  server.RaftServerConfigKeys (ConfUtils.java:logGet(46)) - raft.server.log.appender.buffer.byte-limit = 33554432 (custom)
2023-02-21 13:39:16,906 [pool-363-thread-1] INFO  server.RaftServerConfigKeys (ConfUtils.java:logGet(46)) - raft.server.log.unsafe-flush.enabled = false (default)
2023-02-21 13:39:16,906 [pool-363-thread-1] INFO  server.RaftServerConfigKeys (ConfUtils.java:logGet(46)) - raft.server.log.async-flush.enabled = false (default)
2023-02-21 13:39:16,906 [pool-363-thread-1] INFO  server.RaftServerConfigKeys (ConfUtils.java:logGet(46)) - raft.server.log.statemachine.data.caching.enabled = true (custom)
2023-02-21 13:39:16,907 [pool-363-thread-1] INFO  segmented.SegmentedRaftLogWorker (SegmentedRaftLogWorker.java:lambda$new$0(135)) - 3e39c96d-43de-444f-825b-71406d153b89@group-ADD21A225710-SegmentedRaftLogWorker: flushIndex: setUnconditionally 0 -> -1
2023-02-21 13:39:16,907 [pool-363-thread-1] INFO  segmented.SegmentedRaftLogWorker (SegmentedRaftLogWorker.java:lambda$new$0(135)) - 3e39c96d-43de-444f-825b-71406d153b89@group-ADD21A225710-SegmentedRaftLogWorker: safeCacheEvictIndex: setUnconditionally 0 -> -1
2023-02-21 13:39:16,907 [pool-363-thread-1] INFO  server.RaftServer$Division (RaftServerImpl.java:start(334)) - 3e39c96d-43de-444f-825b-71406d153b89@group-ADD21A225710: start as a follower, conf=-1: peers:[3e39c96d-43de-444f-825b-71406d153b89|rpc:10.1.0.81:37869|dataStream:10.1.0.81:34063|priority:1|startupRole:FOLLOWER]|listeners:[], old=null
2023-02-21 13:39:16,907 [pool-363-thread-1] INFO  server.RaftServer$Division (RaftServerImpl.java:setRole(321)) - 3e39c96d-43de-444f-825b-71406d153b89@group-ADD21A225710: changes role from      null to FOLLOWER at term 0 for startAsFollower
2023-02-21 13:39:16,907 [pool-363-thread-1] INFO  impl.RoleInfo (RoleInfo.java:updateAndGet(139)) - 3e39c96d-43de-444f-825b-71406d153b89: start 3e39c96d-43de-444f-825b-71406d153b89@group-ADD21A225710-FollowerState
2023-02-21 13:39:16,907 [3e39c96d-43de-444f-825b-71406d153b89@group-ADD21A225710-FollowerState] INFO  server.RaftServerConfigKeys (ConfUtils.java:logFallback(53)) - raft.server.rpc.first-election.timeout.min = 5s (fallback to raft.server.rpc.timeout.min)
2023-02-21 13:39:16,908 [pool-363-thread-1] INFO  util.JmxRegister (JmxRegister.java:tryRegister(44)) - Successfully registered JMX Bean with object name Ratis:service=RaftServer,group=group-ADD21A225710,id=3e39c96d-43de-444f-825b-71406d153b89
2023-02-21 13:39:16,908 [3e39c96d-43de-444f-825b-71406d153b89@group-ADD21A225710-FollowerState] INFO  server.RaftServerConfigKeys (ConfUtils.java:logFallback(53)) - raft.server.rpc.first-election.timeout.max = 5200ms (fallback to raft.server.rpc.timeout.max)
2023-02-21 13:39:16,908 [pool-363-thread-1] INFO  server.RaftServerConfigKeys (ConfUtils.java:logGet(46)) - raft.server.snapshot.auto.trigger.enabled = true (custom)
2023-02-21 13:39:16,908 [pool-363-thread-1] INFO  server.RaftServerConfigKeys (ConfUtils.java:logGet(46)) - raft.server.snapshot.auto.trigger.threshold = 10000 (custom)
2023-02-21 13:39:16,908 [pool-363-thread-1] INFO  server.RaftServerConfigKeys (ConfUtils.java:logGet(46)) - raft.server.snapshot.retention.file.num = 5 (custom)
2023-02-21 13:39:16,908 [pool-363-thread-1] INFO  server.RaftServerConfigKeys (ConfUtils.java:logGet(46)) - raft.server.log.purge.upto.snapshot.index = false (default)
2023-02-21 13:39:16,908 [Command processor thread] INFO  ratis.XceiverServerRatis (XceiverServerRatis.java:addGroup(807)) - Created group PipelineID=40a877b3-6a58-4d1b-bbcf-add21a225710
2023-02-21 13:39:16,909 [Command processor thread] INFO  commandhandler.CreatePipelineCommandHandler (CreatePipelineCommandHandler.java:handle(113)) - Created Pipeline RATIS ONE PipelineID=40a877b3-6a58-4d1b-bbcf-add21a225710.
2023-02-21 13:39:17,888 [Listener at 127.0.0.1/40229] INFO  ozone.MiniOzoneClusterImpl (MiniOzoneClusterImpl.java:lambda$waitForClusterToBeReady$0(218)) - Nodes are ready. Got 5 of 5 DN Heartbeats.
2023-02-21 13:39:17,888 [Listener at 127.0.0.1/40229] INFO  ozone.MiniOzoneClusterImpl (MiniOzoneClusterImpl.java:lambda$waitForClusterToBeReady$0(221)) - Waiting for cluster to exit safe mode
2023-02-21 13:39:17,888 [Listener at 127.0.0.1/40229] INFO  ozone.MiniOzoneClusterImpl (MiniOzoneClusterImpl.java:lambda$waitForClusterToBeReady$0(223)) - SCM became leader
2023-02-21 13:39:18,888 [Listener at 127.0.0.1/40229] INFO  ozone.MiniOzoneClusterImpl (MiniOzoneClusterImpl.java:lambda$waitForClusterToBeReady$0(218)) - Nodes are ready. Got 5 of 5 DN Heartbeats.
2023-02-21 13:39:18,889 [Listener at 127.0.0.1/40229] INFO  ozone.MiniOzoneClusterImpl (MiniOzoneClusterImpl.java:lambda$waitForClusterToBeReady$0(221)) - Waiting for cluster to exit safe mode
2023-02-21 13:39:18,889 [Listener at 127.0.0.1/40229] INFO  ozone.MiniOzoneClusterImpl (MiniOzoneClusterImpl.java:lambda$waitForClusterToBeReady$0(223)) - SCM became leader
2023-02-21 13:39:19,889 [Listener at 127.0.0.1/40229] INFO  ozone.MiniOzoneClusterImpl (MiniOzoneClusterImpl.java:lambda$waitForClusterToBeReady$0(218)) - Nodes are ready. Got 5 of 5 DN Heartbeats.
2023-02-21 13:39:19,889 [Listener at 127.0.0.1/40229] INFO  ozone.MiniOzoneClusterImpl (MiniOzoneClusterImpl.java:lambda$waitForClusterToBeReady$0(221)) - Waiting for cluster to exit safe mode
2023-02-21 13:39:19,889 [Listener at 127.0.0.1/40229] INFO  ozone.MiniOzoneClusterImpl (MiniOzoneClusterImpl.java:lambda$waitForClusterToBeReady$0(223)) - SCM became leader
2023-02-21 13:39:20,224 [e9aaeb2c-5ca1-4644-9e1d-ecde78d55867@group-710418FD9C5F-FollowerState] INFO  impl.FollowerState (FollowerState.java:run(143)) - e9aaeb2c-5ca1-4644-9e1d-ecde78d55867@group-710418FD9C5F-FollowerState: change to CANDIDATE, lastRpcElapsedTime:5055740985ns, electionTimeout:5055ms
2023-02-21 13:39:20,225 [e9aaeb2c-5ca1-4644-9e1d-ecde78d55867@group-710418FD9C5F-FollowerState] INFO  impl.RoleInfo (RoleInfo.java:shutdownFollowerState(110)) - e9aaeb2c-5ca1-4644-9e1d-ecde78d55867: shutdown e9aaeb2c-5ca1-4644-9e1d-ecde78d55867@group-710418FD9C5F-FollowerState
2023-02-21 13:39:20,225 [e9aaeb2c-5ca1-4644-9e1d-ecde78d55867@group-710418FD9C5F-FollowerState] INFO  server.RaftServer$Division (RaftServerImpl.java:setRole(321)) - e9aaeb2c-5ca1-4644-9e1d-ecde78d55867@group-710418FD9C5F: changes role from  FOLLOWER to CANDIDATE at term 0 for changeToCandidate
2023-02-21 13:39:20,225 [e9aaeb2c-5ca1-4644-9e1d-ecde78d55867@group-710418FD9C5F-FollowerState] INFO  server.RaftServerConfigKeys (ConfUtils.java:logGet(46)) - raft.server.leaderelection.pre-vote = true (default)
2023-02-21 13:39:20,225 [e9aaeb2c-5ca1-4644-9e1d-ecde78d55867@group-710418FD9C5F-FollowerState] INFO  impl.RoleInfo (RoleInfo.java:updateAndGet(139)) - e9aaeb2c-5ca1-4644-9e1d-ecde78d55867: start e9aaeb2c-5ca1-4644-9e1d-ecde78d55867@group-710418FD9C5F-LeaderElection10
2023-02-21 13:39:20,227 [e9aaeb2c-5ca1-4644-9e1d-ecde78d55867@group-710418FD9C5F-LeaderElection10] INFO  impl.LeaderElection (LeaderElection.java:askForVotes(312)) - e9aaeb2c-5ca1-4644-9e1d-ecde78d55867@group-710418FD9C5F-LeaderElection10 PRE_VOTE round 0: submit vote requests at term 0 for -1: peers:[e9aaeb2c-5ca1-4644-9e1d-ecde78d55867|rpc:10.1.0.81:40793|dataStream:10.1.0.81:46131|priority:1|startupRole:FOLLOWER]|listeners:[], old=null
2023-02-21 13:39:20,228 [e9aaeb2c-5ca1-4644-9e1d-ecde78d55867@group-710418FD9C5F-LeaderElection10] INFO  impl.LeaderElection (LeaderElection.java:askForVotes(314)) - e9aaeb2c-5ca1-4644-9e1d-ecde78d55867@group-710418FD9C5F-LeaderElection10 PRE_VOTE round 0: result PASSED (term=0)
2023-02-21 13:39:20,230 [e9aaeb2c-5ca1-4644-9e1d-ecde78d55867@group-710418FD9C5F-LeaderElection10] INFO  impl.LeaderElection (LeaderElection.java:askForVotes(312)) - e9aaeb2c-5ca1-4644-9e1d-ecde78d55867@group-710418FD9C5F-LeaderElection10 ELECTION round 0: submit vote requests at term 1 for -1: peers:[e9aaeb2c-5ca1-4644-9e1d-ecde78d55867|rpc:10.1.0.81:40793|dataStream:10.1.0.81:46131|priority:1|startupRole:FOLLOWER]|listeners:[], old=null
2023-02-21 13:39:20,230 [e9aaeb2c-5ca1-4644-9e1d-ecde78d55867@group-710418FD9C5F-LeaderElection10] INFO  impl.LeaderElection (LeaderElection.java:askForVotes(314)) - e9aaeb2c-5ca1-4644-9e1d-ecde78d55867@group-710418FD9C5F-LeaderElection10 ELECTION round 0: result PASSED (term=1)
2023-02-21 13:39:20,230 [e9aaeb2c-5ca1-4644-9e1d-ecde78d55867@group-710418FD9C5F-LeaderElection10] INFO  impl.RoleInfo (RoleInfo.java:shutdownLeaderElection(130)) - e9aaeb2c-5ca1-4644-9e1d-ecde78d55867: shutdown e9aaeb2c-5ca1-4644-9e1d-ecde78d55867@group-710418FD9C5F-LeaderElection10
2023-02-21 13:39:20,230 [e9aaeb2c-5ca1-4644-9e1d-ecde78d55867@group-710418FD9C5F-LeaderElection10] INFO  server.RaftServer$Division (RaftServerImpl.java:setRole(321)) - e9aaeb2c-5ca1-4644-9e1d-ecde78d55867@group-710418FD9C5F: changes role from CANDIDATE to LEADER at term 1 for changeToLeader
2023-02-21 13:39:20,230 [e9aaeb2c-5ca1-4644-9e1d-ecde78d55867@group-710418FD9C5F-LeaderElection10] INFO  ratis.XceiverServerRatis (XceiverServerRatis.java:handleLeaderChangedNotification(905)) - Leader change notification received for group: group-710418FD9C5F with new leaderId: e9aaeb2c-5ca1-4644-9e1d-ecde78d55867
2023-02-21 13:39:20,230 [e9aaeb2c-5ca1-4644-9e1d-ecde78d55867@group-710418FD9C5F-LeaderElection10] INFO  server.RaftServer$Division (ServerState.java:setLeader(313)) - e9aaeb2c-5ca1-4644-9e1d-ecde78d55867@group-710418FD9C5F: change Leader from null to e9aaeb2c-5ca1-4644-9e1d-ecde78d55867 at term 1 for becomeLeader, leader elected after 5079ms
2023-02-21 13:39:20,230 [e9aaeb2c-5ca1-4644-9e1d-ecde78d55867@group-710418FD9C5F-LeaderElection10] INFO  server.RaftServerConfigKeys (ConfUtils.java:logGet(46)) - raft.server.staging.catchup.gap = 1000 (default)
2023-02-21 13:39:20,231 [e9aaeb2c-5ca1-4644-9e1d-ecde78d55867@group-710418FD9C5F-LeaderElection10] INFO  server.RaftServerConfigKeys (ConfUtils.java:logGet(46)) - raft.server.write.element-limit = 1024 (custom)
2023-02-21 13:39:20,231 [e9aaeb2c-5ca1-4644-9e1d-ecde78d55867@group-710418FD9C5F-LeaderElection10] INFO  server.RaftServerConfigKeys (ConfUtils.java:logGet(46)) - raft.server.write.byte-limit = 1024 M (=1073741824) (custom)
2023-02-21 13:39:20,231 [e9aaeb2c-5ca1-4644-9e1d-ecde78d55867@group-710418FD9C5F-LeaderElection10] INFO  server.RaftServerConfigKeys (ConfUtils.java:logGet(46)) - raft.server.watch.timeout = 180s (custom)
2023-02-21 13:39:20,231 [e9aaeb2c-5ca1-4644-9e1d-ecde78d55867@group-710418FD9C5F-LeaderElection10] INFO  server.RaftServerConfigKeys (ConfUtils.java:logGet(46)) - raft.server.watch.timeout.denomination = 1s (default)
2023-02-21 13:39:20,231 [e9aaeb2c-5ca1-4644-9e1d-ecde78d55867@group-710418FD9C5F-LeaderElection10] INFO  server.RaftServerConfigKeys (ConfUtils.java:logGet(46)) - raft.server.watch.element-limit = 65536 (default)
2023-02-21 13:39:20,231 [e9aaeb2c-5ca1-4644-9e1d-ecde78d55867@group-710418FD9C5F-LeaderElection10] INFO  server.RaftServerConfigKeys (ConfUtils.java:logGet(46)) - raft.server.write.element-limit = 1024 (custom)
2023-02-21 13:39:20,231 [e9aaeb2c-5ca1-4644-9e1d-ecde78d55867@group-710418FD9C5F-LeaderElection10] INFO  server.RaftServerConfigKeys (ConfUtils.java:logGet(46)) - raft.server.write.follower.gap.ratio.max = -1.0 (default)
2023-02-21 13:39:20,231 [e9aaeb2c-5ca1-4644-9e1d-ecde78d55867@group-710418FD9C5F-LeaderElection10] INFO  impl.RoleInfo (RoleInfo.java:updateAndGet(139)) - e9aaeb2c-5ca1-4644-9e1d-ecde78d55867: start e9aaeb2c-5ca1-4644-9e1d-ecde78d55867@group-710418FD9C5F-LeaderStateImpl
2023-02-21 13:39:20,233 [EventQueue-OpenPipelineForHealthyPipelineSafeModeRule] INFO  safemode.SCMSafeModeManager (HealthyPipelineSafeModeRule.java:process(137)) - SCM in safe mode. Healthy pipelines reported count is 0, required healthy pipeline reported count is 1
2023-02-21 13:39:20,233 [e9aaeb2c-5ca1-4644-9e1d-ecde78d55867@group-710418FD9C5F-LeaderElection10] INFO  segmented.SegmentedRaftLogWorker (SegmentedRaftLogWorker.java:startLogSegment(452)) - e9aaeb2c-5ca1-4644-9e1d-ecde78d55867@group-710418FD9C5F-SegmentedRaftLogWorker: Starting segment from index:0
2023-02-21 13:39:20,239 [e9aaeb2c-5ca1-4644-9e1d-ecde78d55867@group-710418FD9C5F-LeaderElection10] INFO  server.RaftServer$Division (ServerState.java:setRaftConf(430)) - e9aaeb2c-5ca1-4644-9e1d-ecde78d55867@group-710418FD9C5F: set configuration 0: peers:[e9aaeb2c-5ca1-4644-9e1d-ecde78d55867|rpc:10.1.0.81:40793|dataStream:10.1.0.81:46131|priority:1|startupRole:FOLLOWER]|listeners:[], old=null
2023-02-21 13:39:20,240 [e9aaeb2c-5ca1-4644-9e1d-ecde78d55867@group-710418FD9C5F-SegmentedRaftLogWorker] INFO  segmented.SegmentedRaftLogWorker (SegmentedRaftLogWorker.java:execute(656)) - e9aaeb2c-5ca1-4644-9e1d-ecde78d55867@group-710418FD9C5F-SegmentedRaftLogWorker: created new log segment /home/runner/work/ozone/ozone/hadoop-ozone/integration-test/target/test-dir/MiniOzoneClusterImpl-be926948-0f1c-4cac-9651-6eceb419abf0/datanode-0/data/ratis/85bf24f6-3fdf-4645-8895-710418fd9c5f/current/log_inprogress_0
2023-02-21 13:39:20,364 [e9aaeb2c-5ca1-4644-9e1d-ecde78d55867@group-55D5C4970A63-FollowerState] INFO  impl.FollowerState (FollowerState.java:run(143)) - e9aaeb2c-5ca1-4644-9e1d-ecde78d55867@group-55D5C4970A63-FollowerState: change to CANDIDATE, lastRpcElapsedTime:5020117656ns, electionTimeout:5013ms
2023-02-21 13:39:20,365 [e9aaeb2c-5ca1-4644-9e1d-ecde78d55867@group-55D5C4970A63-FollowerState] INFO  impl.RoleInfo (RoleInfo.java:shutdownFollowerState(110)) - e9aaeb2c-5ca1-4644-9e1d-ecde78d55867: shutdown e9aaeb2c-5ca1-4644-9e1d-ecde78d55867@group-55D5C4970A63-FollowerState
2023-02-21 13:39:20,365 [e9aaeb2c-5ca1-4644-9e1d-ecde78d55867@group-55D5C4970A63-FollowerState] INFO  server.RaftServer$Division (RaftServerImpl.java:setRole(321)) - e9aaeb2c-5ca1-4644-9e1d-ecde78d55867@group-55D5C4970A63: changes role from  FOLLOWER to CANDIDATE at term 0 for changeToCandidate
2023-02-21 13:39:20,365 [e9aaeb2c-5ca1-4644-9e1d-ecde78d55867@group-55D5C4970A63-FollowerState] INFO  server.RaftServerConfigKeys (ConfUtils.java:logGet(46)) - raft.server.leaderelection.pre-vote = true (default)
2023-02-21 13:39:20,365 [e9aaeb2c-5ca1-4644-9e1d-ecde78d55867@group-55D5C4970A63-FollowerState] INFO  impl.RoleInfo (RoleInfo.java:updateAndGet(139)) - e9aaeb2c-5ca1-4644-9e1d-ecde78d55867: start e9aaeb2c-5ca1-4644-9e1d-ecde78d55867@group-55D5C4970A63-LeaderElection11
2023-02-21 13:39:20,368 [e9aaeb2c-5ca1-4644-9e1d-ecde78d55867@group-55D5C4970A63-LeaderElection11] INFO  impl.LeaderElection (LeaderElection.java:askForVotes(312)) - e9aaeb2c-5ca1-4644-9e1d-ecde78d55867@group-55D5C4970A63-LeaderElection11 PRE_VOTE round 0: submit vote requests at term 0 for -1: peers:[b8864c6c-2f32-4f18-b19e-2e05a8dee4a2|rpc:10.1.0.81:35481|dataStream:10.1.0.81:45565|priority:0|startupRole:FOLLOWER, e9aaeb2c-5ca1-4644-9e1d-ecde78d55867|rpc:10.1.0.81:40793|dataStream:10.1.0.81:46131|priority:0|startupRole:FOLLOWER, 24a59b6b-5580-49f4-8674-e10ef71be698|rpc:10.1.0.81:45623|dataStream:10.1.0.81:37369|priority:1|startupRole:FOLLOWER]|listeners:[], old=null
2023-02-21 13:39:20,368 [e9aaeb2c-5ca1-4644-9e1d-ecde78d55867@group-55D5C4970A63-LeaderElection11] INFO  server.RaftServerConfigKeys (ConfUtils.java:logFallback(53)) - raft.server.rpc.first-election.timeout.min = 5s (fallback to raft.server.rpc.timeout.min)
2023-02-21 13:39:20,368 [e9aaeb2c-5ca1-4644-9e1d-ecde78d55867@group-55D5C4970A63-LeaderElection11-1] INFO  server.GrpcServerProtocolClient (GrpcServerProtocolClient.java:<init>(63)) - Build channel for b8864c6c-2f32-4f18-b19e-2e05a8dee4a2
2023-02-21 13:39:20,369 [e9aaeb2c-5ca1-4644-9e1d-ecde78d55867@group-55D5C4970A63-LeaderElection11-2] INFO  server.GrpcServerProtocolClient (GrpcServerProtocolClient.java:<init>(63)) - Build channel for 24a59b6b-5580-49f4-8674-e10ef71be698
2023-02-21 13:39:20,368 [e9aaeb2c-5ca1-4644-9e1d-ecde78d55867@group-55D5C4970A63-LeaderElection11] INFO  server.RaftServerConfigKeys (ConfUtils.java:logFallback(53)) - raft.server.rpc.first-election.timeout.max = 5200ms (fallback to raft.server.rpc.timeout.max)
2023-02-21 13:39:20,370 [e9aaeb2c-5ca1-4644-9e1d-ecde78d55867@group-47FCF3555B7A-FollowerState] INFO  impl.FollowerState (FollowerState.java:run(143)) - e9aaeb2c-5ca1-4644-9e1d-ecde78d55867@group-47FCF3555B7A-FollowerState: change to CANDIDATE, lastRpcElapsedTime:5169190941ns, electionTimeout:5162ms
2023-02-21 13:39:20,370 [e9aaeb2c-5ca1-4644-9e1d-ecde78d55867@group-47FCF3555B7A-FollowerState] INFO  impl.RoleInfo (RoleInfo.java:shutdownFollowerState(110)) - e9aaeb2c-5ca1-4644-9e1d-ecde78d55867: shutdown e9aaeb2c-5ca1-4644-9e1d-ecde78d55867@group-47FCF3555B7A-FollowerState
2023-02-21 13:39:20,370 [e9aaeb2c-5ca1-4644-9e1d-ecde78d55867@group-47FCF3555B7A-FollowerState] INFO  server.RaftServer$Division (RaftServerImpl.java:setRole(321)) - e9aaeb2c-5ca1-4644-9e1d-ecde78d55867@group-47FCF3555B7A: changes role from  FOLLOWER to CANDIDATE at term 0 for changeToCandidate
2023-02-21 13:39:20,370 [e9aaeb2c-5ca1-4644-9e1d-ecde78d55867@group-47FCF3555B7A-FollowerState] INFO  server.RaftServerConfigKeys (ConfUtils.java:logGet(46)) - raft.server.leaderelection.pre-vote = true (default)
2023-02-21 13:39:20,370 [e9aaeb2c-5ca1-4644-9e1d-ecde78d55867@group-47FCF3555B7A-FollowerState] INFO  impl.RoleInfo (RoleInfo.java:updateAndGet(139)) - e9aaeb2c-5ca1-4644-9e1d-ecde78d55867: start e9aaeb2c-5ca1-4644-9e1d-ecde78d55867@group-47FCF3555B7A-LeaderElection12
2023-02-21 13:39:20,378 [e9aaeb2c-5ca1-4644-9e1d-ecde78d55867@group-47FCF3555B7A-LeaderElection12] INFO  impl.LeaderElection (LeaderElection.java:askForVotes(312)) - e9aaeb2c-5ca1-4644-9e1d-ecde78d55867@group-47FCF3555B7A-LeaderElection12 PRE_VOTE round 0: submit vote requests at term 0 for -1: peers:[b8864c6c-2f32-4f18-b19e-2e05a8dee4a2|rpc:10.1.0.81:35481|dataStream:10.1.0.81:45565|priority:0|startupRole:FOLLOWER, e9aaeb2c-5ca1-4644-9e1d-ecde78d55867|rpc:10.1.0.81:40793|dataStream:10.1.0.81:46131|priority:1|startupRole:FOLLOWER, 24a59b6b-5580-49f4-8674-e10ef71be698|rpc:10.1.0.81:45623|dataStream:10.1.0.81:37369|priority:0|startupRole:FOLLOWER]|listeners:[], old=null
2023-02-21 13:39:20,390 [grpc-default-executor-1] INFO  server.RaftServer$Division (RaftServerImpl.java:requestVote(1218)) - 24a59b6b-5580-49f4-8674-e10ef71be698@group-55D5C4970A63: receive requestVote(PRE_VOTE, e9aaeb2c-5ca1-4644-9e1d-ecde78d55867, group-55D5C4970A63, 0, (t:0, i:0))
2023-02-21 13:39:20,390 [grpc-default-executor-1] INFO  impl.VoteContext (VoteContext.java:log(49)) - 24a59b6b-5580-49f4-8674-e10ef71be698@group-55D5C4970A63-FOLLOWER: reject PRE_VOTE from e9aaeb2c-5ca1-4644-9e1d-ecde78d55867: our priority 1 > candidate's priority 0
2023-02-21 13:39:20,391 [grpc-default-executor-1] INFO  server.RaftServer$Division (RaftServerImpl.java:requestVote(1251)) - 24a59b6b-5580-49f4-8674-e10ef71be698@group-55D5C4970A63 replies to PRE_VOTE vote request: e9aaeb2c-5ca1-4644-9e1d-ecde78d55867<-24a59b6b-5580-49f4-8674-e10ef71be698#0:FAIL-t0. Peer's state: 24a59b6b-5580-49f4-8674-e10ef71be698@group-55D5C4970A63:t0, leader=null, voted=, raftlog=Memoized:24a59b6b-5580-49f4-8674-e10ef71be698@group-55D5C4970A63-SegmentedRaftLog:OPENED:c-1, conf=-1: peers:[b8864c6c-2f32-4f18-b19e-2e05a8dee4a2|rpc:10.1.0.81:35481|dataStream:10.1.0.81:45565|priority:0|startupRole:FOLLOWER, e9aaeb2c-5ca1-4644-9e1d-ecde78d55867|rpc:10.1.0.81:40793|dataStream:10.1.0.81:46131|priority:0|startupRole:FOLLOWER, 24a59b6b-5580-49f4-8674-e10ef71be698|rpc:10.1.0.81:45623|dataStream:10.1.0.81:37369|priority:1|startupRole:FOLLOWER]|listeners:[], old=null
2023-02-21 13:39:20,389 [b8864c6c-2f32-4f18-b19e-2e05a8dee4a2@group-55D5C4970A63-FollowerState] INFO  impl.FollowerState (FollowerState.java:run(143)) - b8864c6c-2f32-4f18-b19e-2e05a8dee4a2@group-55D5C4970A63-FollowerState: change to CANDIDATE, lastRpcElapsedTime:5011722995ns, electionTimeout:5002ms
2023-02-21 13:39:20,384 [grpc-default-executor-0] INFO  server.RaftServer$Division (RaftServerImpl.java:requestVote(1218)) - b8864c6c-2f32-4f18-b19e-2e05a8dee4a2@group-55D5C4970A63: receive requestVote(PRE_VOTE, e9aaeb2c-5ca1-4644-9e1d-ecde78d55867, group-55D5C4970A63, 0, (t:0, i:0))
2023-02-21 13:39:20,398 [e9aaeb2c-5ca1-4644-9e1d-ecde78d55867@group-47FCF3555B7A-LeaderElection12] INFO  server.RaftServerConfigKeys (ConfUtils.java:logFallback(53)) - raft.server.rpc.first-election.timeout.min = 5s (fallback to raft.server.rpc.timeout.min)
2023-02-21 13:39:20,400 [e9aaeb2c-5ca1-4644-9e1d-ecde78d55867@group-47FCF3555B7A-LeaderElection12] INFO  server.RaftServerConfigKeys (ConfUtils.java:logFallback(53)) - raft.server.rpc.first-election.timeout.max = 5200ms (fallback to raft.server.rpc.timeout.max)
2023-02-21 13:39:20,402 [b8864c6c-2f32-4f18-b19e-2e05a8dee4a2@group-55D5C4970A63-FollowerState] INFO  impl.RoleInfo (RoleInfo.java:shutdownFollowerState(110)) - b8864c6c-2f32-4f18-b19e-2e05a8dee4a2: shutdown b8864c6c-2f32-4f18-b19e-2e05a8dee4a2@group-55D5C4970A63-FollowerState
2023-02-21 13:39:20,402 [b8864c6c-2f32-4f18-b19e-2e05a8dee4a2@group-55D5C4970A63-FollowerState] INFO  server.RaftServer$Division (RaftServerImpl.java:setRole(321)) - b8864c6c-2f32-4f18-b19e-2e05a8dee4a2@group-55D5C4970A63: changes role from  FOLLOWER to CANDIDATE at term 0 for changeToCandidate
2023-02-21 13:39:20,413 [grpc-default-executor-1] INFO  server.RaftServer$Division (RaftServerImpl.java:requestVote(1218)) - b8864c6c-2f32-4f18-b19e-2e05a8dee4a2@group-47FCF3555B7A: receive requestVote(PRE_VOTE, e9aaeb2c-5ca1-4644-9e1d-ecde78d55867, group-47FCF3555B7A, 0, (t:0, i:0))
2023-02-21 13:39:20,413 [grpc-default-executor-1] INFO  impl.VoteContext (VoteContext.java:log(49)) - b8864c6c-2f32-4f18-b19e-2e05a8dee4a2@group-47FCF3555B7A-FOLLOWER: accept PRE_VOTE from e9aaeb2c-5ca1-4644-9e1d-ecde78d55867: our priority 0 <= candidate's priority 1
2023-02-21 13:39:20,413 [grpc-default-executor-1] INFO  server.RaftServer$Division (RaftServerImpl.java:requestVote(1251)) - b8864c6c-2f32-4f18-b19e-2e05a8dee4a2@group-47FCF3555B7A replies to PRE_VOTE vote request: e9aaeb2c-5ca1-4644-9e1d-ecde78d55867<-b8864c6c-2f32-4f18-b19e-2e05a8dee4a2#0:OK-t0. Peer's state: b8864c6c-2f32-4f18-b19e-2e05a8dee4a2@group-47FCF3555B7A:t0, leader=null, voted=, raftlog=Memoized:b8864c6c-2f32-4f18-b19e-2e05a8dee4a2@group-47FCF3555B7A-SegmentedRaftLog:OPENED:c-1, conf=-1: peers:[b8864c6c-2f32-4f18-b19e-2e05a8dee4a2|rpc:10.1.0.81:35481|dataStream:10.1.0.81:45565|priority:0|startupRole:FOLLOWER, e9aaeb2c-5ca1-4644-9e1d-ecde78d55867|rpc:10.1.0.81:40793|dataStream:10.1.0.81:46131|priority:1|startupRole:FOLLOWER, 24a59b6b-5580-49f4-8674-e10ef71be698|rpc:10.1.0.81:45623|dataStream:10.1.0.81:37369|priority:0|startupRole:FOLLOWER]|listeners:[], old=null
2023-02-21 13:39:20,414 [e9aaeb2c-5ca1-4644-9e1d-ecde78d55867@group-47FCF3555B7A-LeaderElection12] INFO  impl.LeaderElection (LeaderElection.java:logAndReturn(90)) - e9aaeb2c-5ca1-4644-9e1d-ecde78d55867@group-47FCF3555B7A-LeaderElection12: PRE_VOTE PASSED received 1 response(s) and 0 exception(s):
2023-02-21 13:39:20,415 [e9aaeb2c-5ca1-4644-9e1d-ecde78d55867@group-47FCF3555B7A-LeaderElection12] INFO  impl.LeaderElection (LeaderElection.java:logAndReturn(94)) -   Response 0: e9aaeb2c-5ca1-4644-9e1d-ecde78d55867<-b8864c6c-2f32-4f18-b19e-2e05a8dee4a2#0:OK-t0
2023-02-21 13:39:20,415 [e9aaeb2c-5ca1-4644-9e1d-ecde78d55867@group-47FCF3555B7A-LeaderElection12] INFO  impl.LeaderElection (LeaderElection.java:askForVotes(314)) - e9aaeb2c-5ca1-4644-9e1d-ecde78d55867@group-47FCF3555B7A-LeaderElection12 PRE_VOTE round 0: result PASSED
2023-02-21 13:39:20,415 [b8864c6c-2f32-4f18-b19e-2e05a8dee4a2@group-55D5C4970A63-FollowerState] INFO  server.RaftServerConfigKeys (ConfUtils.java:logGet(46)) - raft.server.leaderelection.pre-vote = true (default)
2023-02-21 13:39:20,418 [b8864c6c-2f32-4f18-b19e-2e05a8dee4a2@group-55D5C4970A63-FollowerState] INFO  impl.RoleInfo (RoleInfo.java:updateAndGet(139)) - b8864c6c-2f32-4f18-b19e-2e05a8dee4a2: start b8864c6c-2f32-4f18-b19e-2e05a8dee4a2@group-55D5C4970A63-LeaderElection13
2023-02-21 13:39:20,421 [grpc-default-executor-0] INFO  impl.VoteContext (VoteContext.java:log(49)) - b8864c6c-2f32-4f18-b19e-2e05a8dee4a2@group-55D5C4970A63-CANDIDATE: accept PRE_VOTE from e9aaeb2c-5ca1-4644-9e1d-ecde78d55867: our priority 0 <= candidate's priority 0
2023-02-21 13:39:20,421 [grpc-default-executor-0] INFO  server.RaftServer$Division (RaftServerImpl.java:requestVote(1251)) - b8864c6c-2f32-4f18-b19e-2e05a8dee4a2@group-55D5C4970A63 replies to PRE_VOTE vote request: e9aaeb2c-5ca1-4644-9e1d-ecde78d55867<-b8864c6c-2f32-4f18-b19e-2e05a8dee4a2#0:OK-t0. Peer's state: b8864c6c-2f32-4f18-b19e-2e05a8dee4a2@group-55D5C4970A63:t0, leader=null, voted=, raftlog=Memoized:b8864c6c-2f32-4f18-b19e-2e05a8dee4a2@group-55D5C4970A63-SegmentedRaftLog:OPENED:c-1, conf=-1: peers:[b8864c6c-2f32-4f18-b19e-2e05a8dee4a2|rpc:10.1.0.81:35481|dataStream:10.1.0.81:45565|priority:0|startupRole:FOLLOWER, e9aaeb2c-5ca1-4644-9e1d-ecde78d55867|rpc:10.1.0.81:40793|dataStream:10.1.0.81:46131|priority:0|startupRole:FOLLOWER, 24a59b6b-5580-49f4-8674-e10ef71be698|rpc:10.1.0.81:45623|dataStream:10.1.0.81:37369|priority:1|startupRole:FOLLOWER]|listeners:[], old=null
2023-02-21 13:39:20,422 [b8864c6c-2f32-4f18-b19e-2e05a8dee4a2@group-55D5C4970A63-LeaderElection13] INFO  impl.LeaderElection (LeaderElection.java:askForVotes(312)) - b8864c6c-2f32-4f18-b19e-2e05a8dee4a2@group-55D5C4970A63-LeaderElection13 PRE_VOTE round 0: submit vote requests at term 0 for -1: peers:[b8864c6c-2f32-4f18-b19e-2e05a8dee4a2|rpc:10.1.0.81:35481|dataStream:10.1.0.81:45565|priority:0|startupRole:FOLLOWER, e9aaeb2c-5ca1-4644-9e1d-ecde78d55867|rpc:10.1.0.81:40793|dataStream:10.1.0.81:46131|priority:0|startupRole:FOLLOWER, 24a59b6b-5580-49f4-8674-e10ef71be698|rpc:10.1.0.81:45623|dataStream:10.1.0.81:37369|priority:1|startupRole:FOLLOWER]|listeners:[], old=null
2023-02-21 13:39:20,422 [b8864c6c-2f32-4f18-b19e-2e05a8dee4a2@group-55D5C4970A63-LeaderElection13-1] INFO  server.GrpcServerProtocolClient (GrpcServerProtocolClient.java:<init>(63)) - Build channel for e9aaeb2c-5ca1-4644-9e1d-ecde78d55867
2023-02-21 13:39:20,424 [24a59b6b-5580-49f4-8674-e10ef71be698@group-47FCF3555B7A-FollowerState] INFO  impl.FollowerState (FollowerState.java:run(143)) - 24a59b6b-5580-49f4-8674-e10ef71be698@group-47FCF3555B7A-FollowerState: change to CANDIDATE, lastRpcElapsedTime:5177973867ns, electionTimeout:5165ms
2023-02-21 13:39:20,425 [24a59b6b-5580-49f4-8674-e10ef71be698@group-47FCF3555B7A-FollowerState] INFO  impl.RoleInfo (RoleInfo.java:shutdownFollowerState(110)) - 24a59b6b-5580-49f4-8674-e10ef71be698: shutdown 24a59b6b-5580-49f4-8674-e10ef71be698@group-47FCF3555B7A-FollowerState
2023-02-21 13:39:20,425 [24a59b6b-5580-49f4-8674-e10ef71be698@group-47FCF3555B7A-FollowerState] INFO  server.RaftServer$Division (RaftServerImpl.java:setRole(321)) - 24a59b6b-5580-49f4-8674-e10ef71be698@group-47FCF3555B7A: changes role from  FOLLOWER to CANDIDATE at term 0 for changeToCandidate
2023-02-21 13:39:20,425 [24a59b6b-5580-49f4-8674-e10ef71be698@group-47FCF3555B7A-FollowerState] INFO  server.RaftServerConfigKeys (ConfUtils.java:logGet(46)) - raft.server.leaderelection.pre-vote = true (default)
2023-02-21 13:39:20,425 [24a59b6b-5580-49f4-8674-e10ef71be698@group-47FCF3555B7A-FollowerState] INFO  impl.RoleInfo (RoleInfo.java:updateAndGet(139)) - 24a59b6b-5580-49f4-8674-e10ef71be698: start 24a59b6b-5580-49f4-8674-e10ef71be698@group-47FCF3555B7A-LeaderElection14
2023-02-21 13:39:20,423 [grpc-default-executor-1] INFO  server.RaftServer$Division (RaftServerImpl.java:requestVote(1218)) - 24a59b6b-5580-49f4-8674-e10ef71be698@group-47FCF3555B7A: receive requestVote(PRE_VOTE, e9aaeb2c-5ca1-4644-9e1d-ecde78d55867, group-47FCF3555B7A, 0, (t:0, i:0))
2023-02-21 13:39:20,423 [e9aaeb2c-5ca1-4644-9e1d-ecde78d55867@group-47FCF3555B7A-LeaderElection12] INFO  impl.LeaderElection (LeaderElection.java:askForVotes(312)) - e9aaeb2c-5ca1-4644-9e1d-ecde78d55867@group-47FCF3555B7A-LeaderElection12 ELECTION round 0: submit vote requests at term 1 for -1: peers:[b8864c6c-2f32-4f18-b19e-2e05a8dee4a2|rpc:10.1.0.81:35481|dataStream:10.1.0.81:45565|priority:0|startupRole:FOLLOWER, e9aaeb2c-5ca1-4644-9e1d-ecde78d55867|rpc:10.1.0.81:40793|dataStream:10.1.0.81:46131|priority:1|startupRole:FOLLOWER, 24a59b6b-5580-49f4-8674-e10ef71be698|rpc:10.1.0.81:45623|dataStream:10.1.0.81:37369|priority:0|startupRole:FOLLOWER]|listeners:[], old=null
2023-02-21 13:39:20,422 [b8864c6c-2f32-4f18-b19e-2e05a8dee4a2@group-55D5C4970A63-LeaderElection13-2] INFO  server.GrpcServerProtocolClient (GrpcServerProtocolClient.java:<init>(63)) - Build channel for 24a59b6b-5580-49f4-8674-e10ef71be698
2023-02-21 13:39:20,422 [b8864c6c-2f32-4f18-b19e-2e05a8dee4a2@group-55D5C4970A63-LeaderElection13] INFO  server.RaftServerConfigKeys (ConfUtils.java:logFallback(53)) - raft.server.rpc.first-election.timeout.min = 5s (fallback to raft.server.rpc.timeout.min)
2023-02-21 13:39:20,431 [b8864c6c-2f32-4f18-b19e-2e05a8dee4a2@group-55D5C4970A63-LeaderElection13] INFO  server.RaftServerConfigKeys (ConfUtils.java:logFallback(53)) - raft.server.rpc.first-election.timeout.max = 5200ms (fallback to raft.server.rpc.timeout.max)
2023-02-21 13:39:20,431 [b8864c6c-2f32-4f18-b19e-2e05a8dee4a2@group-47FCF3555B7A-FollowerState] INFO  server.RaftServerConfigKeys (ConfUtils.java:logFallback(53)) - raft.server.rpc.first-election.timeout.min = 5s (fallback to raft.server.rpc.timeout.min)
2023-02-21 13:39:20,431 [b8864c6c-2f32-4f18-b19e-2e05a8dee4a2@group-47FCF3555B7A-FollowerState] INFO  server.RaftServerConfigKeys (ConfUtils.java:logFallback(53)) - raft.server.rpc.first-election.timeout.max = 5200ms (fallback to raft.server.rpc.timeout.max)
2023-02-21 13:39:20,431 [grpc-default-executor-1] INFO  impl.VoteContext (VoteContext.java:log(49)) - 24a59b6b-5580-49f4-8674-e10ef71be698@group-47FCF3555B7A-CANDIDATE: accept PRE_VOTE from e9aaeb2c-5ca1-4644-9e1d-ecde78d55867: our priority 0 <= candidate's priority 1
2023-02-21 13:39:20,432 [grpc-default-executor-1] INFO  server.RaftServer$Division (RaftServerImpl.java:requestVote(1251)) - 24a59b6b-5580-49f4-8674-e10ef71be698@group-47FCF3555B7A replies to PRE_VOTE vote request: e9aaeb2c-5ca1-4644-9e1d-ecde78d55867<-24a59b6b-5580-49f4-8674-e10ef71be698#0:OK-t0. Peer's state: 24a59b6b-5580-49f4-8674-e10ef71be698@group-47FCF3555B7A:t0, leader=null, voted=, raftlog=Memoized:24a59b6b-5580-49f4-8674-e10ef71be698@group-47FCF3555B7A-SegmentedRaftLog:OPENED:c-1, conf=-1: peers:[b8864c6c-2f32-4f18-b19e-2e05a8dee4a2|rpc:10.1.0.81:35481|dataStream:10.1.0.81:45565|priority:0|startupRole:FOLLOWER, e9aaeb2c-5ca1-4644-9e1d-ecde78d55867|rpc:10.1.0.81:40793|dataStream:10.1.0.81:46131|priority:1|startupRole:FOLLOWER, 24a59b6b-5580-49f4-8674-e10ef71be698|rpc:10.1.0.81:45623|dataStream:10.1.0.81:37369|priority:0|startupRole:FOLLOWER]|listeners:[], old=null
2023-02-21 13:39:20,428 [e9aaeb2c-5ca1-4644-9e1d-ecde78d55867@group-47FCF3555B7A-LeaderElection12] INFO  server.RaftServerConfigKeys (ConfUtils.java:logFallback(53)) - raft.server.rpc.first-election.timeout.min = 5s (fallback to raft.server.rpc.timeout.min)
2023-02-21 13:39:20,432 [e9aaeb2c-5ca1-4644-9e1d-ecde78d55867@group-47FCF3555B7A-LeaderElection12] INFO  server.RaftServerConfigKeys (ConfUtils.java:logFallback(53)) - raft.server.rpc.first-election.timeout.max = 5200ms (fallback to raft.server.rpc.timeout.max)
2023-02-21 13:39:20,432 [24a59b6b-5580-49f4-8674-e10ef71be698@group-47FCF3555B7A-LeaderElection14] INFO  impl.LeaderElection (LeaderElection.java:askForVotes(312)) - 24a59b6b-5580-49f4-8674-e10ef71be698@group-47FCF3555B7A-LeaderElection14 PRE_VOTE round 0: submit vote requests at term 0 for -1: peers:[b8864c6c-2f32-4f18-b19e-2e05a8dee4a2|rpc:10.1.0.81:35481|dataStream:10.1.0.81:45565|priority:0|startupRole:FOLLOWER, e9aaeb2c-5ca1-4644-9e1d-ecde78d55867|rpc:10.1.0.81:40793|dataStream:10.1.0.81:46131|priority:1|startupRole:FOLLOWER, 24a59b6b-5580-49f4-8674-e10ef71be698|rpc:10.1.0.81:45623|dataStream:10.1.0.81:37369|priority:0|startupRole:FOLLOWER]|listeners:[], old=null
2023-02-21 13:39:20,434 [grpc-default-executor-0] INFO  server.RaftServer$Division (RaftServerImpl.java:requestVote(1218)) - b8864c6c-2f32-4f18-b19e-2e05a8dee4a2@group-47FCF3555B7A: receive requestVote(ELECTION, e9aaeb2c-5ca1-4644-9e1d-ecde78d55867, group-47FCF3555B7A, 1, (t:0, i:0))
2023-02-21 13:39:20,434 [grpc-default-executor-0] INFO  impl.VoteContext (VoteContext.java:log(49)) - b8864c6c-2f32-4f18-b19e-2e05a8dee4a2@group-47FCF3555B7A-FOLLOWER: accept ELECTION from e9aaeb2c-5ca1-4644-9e1d-ecde78d55867: our priority 0 <= candidate's priority 1
2023-02-21 13:39:20,434 [grpc-default-executor-0] INFO  server.RaftServer$Division (RaftServerImpl.java:setRole(321)) - b8864c6c-2f32-4f18-b19e-2e05a8dee4a2@group-47FCF3555B7A: changes role from  FOLLOWER to FOLLOWER at term 1 for candidate:e9aaeb2c-5ca1-4644-9e1d-ecde78d55867
2023-02-21 13:39:20,434 [grpc-default-executor-0] INFO  impl.RoleInfo (RoleInfo.java:shutdownFollowerState(110)) - b8864c6c-2f32-4f18-b19e-2e05a8dee4a2: shutdown b8864c6c-2f32-4f18-b19e-2e05a8dee4a2@group-47FCF3555B7A-FollowerState
2023-02-21 13:39:20,427 [e9aaeb2c-5ca1-4644-9e1d-ecde78d55867@group-55D5C4970A63-LeaderElection11] INFO  impl.LeaderElection (LeaderElection.java:logAndReturn(90)) - e9aaeb2c-5ca1-4644-9e1d-ecde78d55867@group-55D5C4970A63-LeaderElection11: PRE_VOTE REJECTED received 1 response(s) and 0 exception(s):
2023-02-21 13:39:20,438 [b8864c6c-2f32-4f18-b19e-2e05a8dee4a2@group-47FCF3555B7A-FollowerState] INFO  impl.FollowerState (FollowerState.java:run(152)) - b8864c6c-2f32-4f18-b19e-2e05a8dee4a2@group-47FCF3555B7A-FollowerState was interrupted
2023-02-21 13:39:20,438 [grpc-default-executor-0] INFO  impl.RoleInfo (RoleInfo.java:updateAndGet(139)) - b8864c6c-2f32-4f18-b19e-2e05a8dee4a2: start b8864c6c-2f32-4f18-b19e-2e05a8dee4a2@group-47FCF3555B7A-FollowerState
2023-02-21 13:39:20,435 [24a59b6b-5580-49f4-8674-e10ef71be698@group-47FCF3555B7A-LeaderElection14-1] INFO  server.GrpcServerProtocolClient (GrpcServerProtocolClient.java:<init>(63)) - Build channel for b8864c6c-2f32-4f18-b19e-2e05a8dee4a2
2023-02-21 13:39:20,434 [24a59b6b-5580-49f4-8674-e10ef71be698@group-47FCF3555B7A-LeaderElection14] INFO  server.RaftServerConfigKeys (ConfUtils.java:logFallback(53)) - raft.server.rpc.first-election.timeout.min = 5s (fallback to raft.server.rpc.timeout.min)
2023-02-21 13:39:20,445 [24a59b6b-5580-49f4-8674-e10ef71be698@group-47FCF3555B7A-LeaderElection14] INFO  server.RaftServerConfigKeys (ConfUtils.java:logFallback(53)) - raft.server.rpc.first-election.timeout.max = 5200ms (fallback to raft.server.rpc.timeout.max)
2023-02-21 13:39:20,434 [24a59b6b-5580-49f4-8674-e10ef71be698@group-47FCF3555B7A-LeaderElection14-2] INFO  server.GrpcServerProtocolClient (GrpcServerProtocolClient.java:<init>(63)) - Build channel for e9aaeb2c-5ca1-4644-9e1d-ecde78d55867
2023-02-21 13:39:20,438 [e9aaeb2c-5ca1-4644-9e1d-ecde78d55867@group-55D5C4970A63-LeaderElection11] INFO  impl.LeaderElection (LeaderElection.java:logAndReturn(94)) -   Response 0: e9aaeb2c-5ca1-4644-9e1d-ecde78d55867<-24a59b6b-5580-49f4-8674-e10ef71be698#0:FAIL-t0
2023-02-21 13:39:20,453 [b8864c6c-2f32-4f18-b19e-2e05a8dee4a2@group-47FCF3555B7A-FollowerState] INFO  server.RaftServerConfigKeys (ConfUtils.java:logFallback(53)) - raft.server.rpc.first-election.timeout.min = 5s (fallback to raft.server.rpc.timeout.min)
2023-02-21 13:39:20,453 [b8864c6c-2f32-4f18-b19e-2e05a8dee4a2@group-47FCF3555B7A-FollowerState] INFO  server.RaftServerConfigKeys (ConfUtils.java:logFallback(53)) - raft.server.rpc.first-election.timeout.max = 5200ms (fallback to raft.server.rpc.timeout.max)
2023-02-21 13:39:20,454 [grpc-default-executor-0] INFO  server.RaftServer$Division (RaftServerImpl.java:requestVote(1251)) - b8864c6c-2f32-4f18-b19e-2e05a8dee4a2@group-47FCF3555B7A replies to ELECTION vote request: e9aaeb2c-5ca1-4644-9e1d-ecde78d55867<-b8864c6c-2f32-4f18-b19e-2e05a8dee4a2#0:OK-t1. Peer's state: b8864c6c-2f32-4f18-b19e-2e05a8dee4a2@group-47FCF3555B7A:t1, leader=null, voted=e9aaeb2c-5ca1-4644-9e1d-ecde78d55867, raftlog=Memoized:b8864c6c-2f32-4f18-b19e-2e05a8dee4a2@group-47FCF3555B7A-SegmentedRaftLog:OPENED:c-1, conf=-1: peers:[b8864c6c-2f32-4f18-b19e-2e05a8dee4a2|rpc:10.1.0.81:35481|dataStream:10.1.0.81:45565|priority:0|startupRole:FOLLOWER, e9aaeb2c-5ca1-4644-9e1d-ecde78d55867|rpc:10.1.0.81:40793|dataStream:10.1.0.81:46131|priority:1|startupRole:FOLLOWER, 24a59b6b-5580-49f4-8674-e10ef71be698|rpc:10.1.0.81:45623|dataStream:10.1.0.81:37369|priority:0|startupRole:FOLLOWER]|listeners:[], old=null
2023-02-21 13:39:20,458 [e9aaeb2c-5ca1-4644-9e1d-ecde78d55867@group-55D5C4970A63-LeaderElection11] INFO  impl.LeaderElection (LeaderElection.java:askForVotes(314)) - e9aaeb2c-5ca1-4644-9e1d-ecde78d55867@group-55D5C4970A63-LeaderElection11 PRE_VOTE round 0: result REJECTED
2023-02-21 13:39:20,458 [e9aaeb2c-5ca1-4644-9e1d-ecde78d55867@group-55D5C4970A63-LeaderElection11] INFO  server.RaftServer$Division (RaftServerImpl.java:setRole(321)) - e9aaeb2c-5ca1-4644-9e1d-ecde78d55867@group-55D5C4970A63: changes role from CANDIDATE to FOLLOWER at term 0 for REJECTED
2023-02-21 13:39:20,458 [e9aaeb2c-5ca1-4644-9e1d-ecde78d55867@group-55D5C4970A63-LeaderElection11] INFO  impl.RoleInfo (RoleInfo.java:shutdownLeaderElection(130)) - e9aaeb2c-5ca1-4644-9e1d-ecde78d55867: shutdown e9aaeb2c-5ca1-4644-9e1d-ecde78d55867@group-55D5C4970A63-LeaderElection11
2023-02-21 13:39:20,458 [e9aaeb2c-5ca1-4644-9e1d-ecde78d55867@group-55D5C4970A63-LeaderElection11] INFO  impl.RoleInfo (RoleInfo.java:updateAndGet(139)) - e9aaeb2c-5ca1-4644-9e1d-ecde78d55867: start e9aaeb2c-5ca1-4644-9e1d-ecde78d55867@group-55D5C4970A63-FollowerState
2023-02-21 13:39:20,463 [grpc-default-executor-1] INFO  server.RaftServer$Division (RaftServerImpl.java:requestVote(1218)) - 24a59b6b-5580-49f4-8674-e10ef71be698@group-55D5C4970A63: receive requestVote(PRE_VOTE, b8864c6c-2f32-4f18-b19e-2e05a8dee4a2, group-55D5C4970A63, 0, (t:0, i:0))
2023-02-21 13:39:20,463 [grpc-default-executor-2] INFO  server.RaftServer$Division (RaftServerImpl.java:requestVote(1218)) - 24a59b6b-5580-49f4-8674-e10ef71be698@group-47FCF3555B7A: receive requestVote(ELECTION, e9aaeb2c-5ca1-4644-9e1d-ecde78d55867, group-47FCF3555B7A, 1, (t:0, i:0))
2023-02-21 13:39:20,464 [grpc-default-executor-1] INFO  impl.VoteContext (VoteContext.java:log(49)) - 24a59b6b-5580-49f4-8674-e10ef71be698@group-55D5C4970A63-FOLLOWER: reject PRE_VOTE from b8864c6c-2f32-4f18-b19e-2e05a8dee4a2: our priority 1 > candidate's priority 0
2023-02-21 13:39:20,464 [grpc-default-executor-2] INFO  impl.VoteContext (VoteContext.java:log(49)) - 24a59b6b-5580-49f4-8674-e10ef71be698@group-47FCF3555B7A-CANDIDATE: accept ELECTION from e9aaeb2c-5ca1-4644-9e1d-ecde78d55867: our priority 0 <= candidate's priority 1
2023-02-21 13:39:20,464 [grpc-default-executor-1] INFO  server.RaftServer$Division (RaftServerImpl.java:requestVote(1251)) - 24a59b6b-5580-49f4-8674-e10ef71be698@group-55D5C4970A63 replies to PRE_VOTE vote request: b8864c6c-2f32-4f18-b19e-2e05a8dee4a2<-24a59b6b-5580-49f4-8674-e10ef71be698#0:FAIL-t0. Peer's state: 24a59b6b-5580-49f4-8674-e10ef71be698@group-55D5C4970A63:t0, leader=null, voted=, raftlog=Memoized:24a59b6b-5580-49f4-8674-e10ef71be698@group-55D5C4970A63-SegmentedRaftLog:OPENED:c-1, conf=-1: peers:[b8864c6c-2f32-4f18-b19e-2e05a8dee4a2|rpc:10.1.0.81:35481|dataStream:10.1.0.81:45565|priority:0|startupRole:FOLLOWER, e9aaeb2c-5ca1-4644-9e1d-ecde78d55867|rpc:10.1.0.81:40793|dataStream:10.1.0.81:46131|priority:0|startupRole:FOLLOWER, 24a59b6b-5580-49f4-8674-e10ef71be698|rpc:10.1.0.81:45623|dataStream:10.1.0.81:37369|priority:1|startupRole:FOLLOWER]|listeners:[], old=null
2023-02-21 13:39:20,464 [grpc-default-executor-2] INFO  server.RaftServer$Division (RaftServerImpl.java:setRole(321)) - 24a59b6b-5580-49f4-8674-e10ef71be698@group-47FCF3555B7A: changes role from CANDIDATE to FOLLOWER at term 1 for candidate:e9aaeb2c-5ca1-4644-9e1d-ecde78d55867
2023-02-21 13:39:20,464 [grpc-default-executor-2] INFO  impl.RoleInfo (RoleInfo.java:shutdownLeaderElection(130)) - 24a59b6b-5580-49f4-8674-e10ef71be698: shutdown 24a59b6b-5580-49f4-8674-e10ef71be698@group-47FCF3555B7A-LeaderElection14
2023-02-21 13:39:20,464 [grpc-default-executor-2] INFO  impl.RoleInfo (RoleInfo.java:updateAndGet(139)) - 24a59b6b-5580-49f4-8674-e10ef71be698: start 24a59b6b-5580-49f4-8674-e10ef71be698@group-47FCF3555B7A-FollowerState
2023-02-21 13:39:20,469 [grpc-default-executor-2] INFO  server.RaftServer$Division (RaftServerImpl.java:requestVote(1251)) - 24a59b6b-5580-49f4-8674-e10ef71be698@group-47FCF3555B7A replies to ELECTION vote request: e9aaeb2c-5ca1-4644-9e1d-ecde78d55867<-24a59b6b-5580-49f4-8674-e10ef71be698#0:OK-t1. Peer's state: 24a59b6b-5580-49f4-8674-e10ef71be698@group-47FCF3555B7A:t1, leader=null, voted=e9aaeb2c-5ca1-4644-9e1d-ecde78d55867, raftlog=Memoized:24a59b6b-5580-49f4-8674-e10ef71be698@group-47FCF3555B7A-SegmentedRaftLog:OPENED:c-1, conf=-1: peers:[b8864c6c-2f32-4f18-b19e-2e05a8dee4a2|rpc:10.1.0.81:35481|dataStream:10.1.0.81:45565|priority:0|startupRole:FOLLOWER, e9aaeb2c-5ca1-4644-9e1d-ecde78d55867|rpc:10.1.0.81:40793|dataStream:10.1.0.81:46131|priority:1|startupRole:FOLLOWER, 24a59b6b-5580-49f4-8674-e10ef71be698|rpc:10.1.0.81:45623|dataStream:10.1.0.81:37369|priority:0|startupRole:FOLLOWER]|listeners:[], old=null
2023-02-21 13:39:20,471 [24a59b6b-5580-49f4-8674-e10ef71be698@group-47FCF3555B7A-FollowerState] INFO  server.RaftServerConfigKeys (ConfUtils.java:logFallback(53)) - raft.server.rpc.first-election.timeout.min = 5s (fallback to raft.server.rpc.timeout.min)
2023-02-21 13:39:20,483 [24a59b6b-5580-49f4-8674-e10ef71be698@group-47FCF3555B7A-FollowerState] INFO  server.RaftServerConfigKeys (ConfUtils.java:logFallback(53)) - raft.server.rpc.first-election.timeout.max = 5200ms (fallback to raft.server.rpc.timeout.max)
2023-02-21 13:39:20,483 [e9aaeb2c-5ca1-4644-9e1d-ecde78d55867@group-47FCF3555B7A-LeaderElection12] INFO  impl.LeaderElection (LeaderElection.java:logAndReturn(90)) - e9aaeb2c-5ca1-4644-9e1d-ecde78d55867@group-47FCF3555B7A-LeaderElection12: ELECTION PASSED received 1 response(s) and 0 exception(s):
2023-02-21 13:39:20,485 [e9aaeb2c-5ca1-4644-9e1d-ecde78d55867@group-47FCF3555B7A-LeaderElection12] INFO  impl.LeaderElection (LeaderElection.java:logAndReturn(94)) -   Response 0: e9aaeb2c-5ca1-4644-9e1d-ecde78d55867<-b8864c6c-2f32-4f18-b19e-2e05a8dee4a2#0:OK-t1
2023-02-21 13:39:20,485 [e9aaeb2c-5ca1-4644-9e1d-ecde78d55867@group-47FCF3555B7A-LeaderElection12] INFO  impl.LeaderElection (LeaderElection.java:askForVotes(314)) - e9aaeb2c-5ca1-4644-9e1d-ecde78d55867@group-47FCF3555B7A-LeaderElection12 ELECTION round 0: result PASSED
2023-02-21 13:39:20,485 [e9aaeb2c-5ca1-4644-9e1d-ecde78d55867@group-47FCF3555B7A-LeaderElection12] INFO  impl.RoleInfo (RoleInfo.java:shutdownLeaderElection(130)) - e9aaeb2c-5ca1-4644-9e1d-ecde78d55867: shutdown e9aaeb2c-5ca1-4644-9e1d-ecde78d55867@group-47FCF3555B7A-LeaderElection12
2023-02-21 13:39:20,485 [e9aaeb2c-5ca1-4644-9e1d-ecde78d55867@group-47FCF3555B7A-LeaderElection12] INFO  server.RaftServer$Division (RaftServerImpl.java:setRole(321)) - e9aaeb2c-5ca1-4644-9e1d-ecde78d55867@group-47FCF3555B7A: changes role from CANDIDATE to LEADER at term 1 for changeToLeader
2023-02-21 13:39:20,486 [e9aaeb2c-5ca1-4644-9e1d-ecde78d55867@group-47FCF3555B7A-LeaderElection12] INFO  ratis.XceiverServerRatis (XceiverServerRatis.java:handleLeaderChangedNotification(905)) - Leader change notification received for group: group-47FCF3555B7A with new leaderId: e9aaeb2c-5ca1-4644-9e1d-ecde78d55867
2023-02-21 13:39:20,486 [e9aaeb2c-5ca1-4644-9e1d-ecde78d55867@group-47FCF3555B7A-LeaderElection12] INFO  server.RaftServer$Division (ServerState.java:setLeader(313)) - e9aaeb2c-5ca1-4644-9e1d-ecde78d55867@group-47FCF3555B7A: change Leader from null to e9aaeb2c-5ca1-4644-9e1d-ecde78d55867 at term 1 for becomeLeader, leader elected after 5308ms
2023-02-21 13:39:20,486 [e9aaeb2c-5ca1-4644-9e1d-ecde78d55867@group-47FCF3555B7A-LeaderElection12] INFO  server.RaftServerConfigKeys (ConfUtils.java:logGet(46)) - raft.server.staging.catchup.gap = 1000 (default)
2023-02-21 13:39:20,486 [e9aaeb2c-5ca1-4644-9e1d-ecde78d55867@group-47FCF3555B7A-LeaderElection12] INFO  server.RaftServerConfigKeys (ConfUtils.java:logGet(46)) - raft.server.write.element-limit = 1024 (custom)
2023-02-21 13:39:20,486 [e9aaeb2c-5ca1-4644-9e1d-ecde78d55867@group-47FCF3555B7A-LeaderElection12] INFO  server.RaftServerConfigKeys (ConfUtils.java:logGet(46)) - raft.server.write.byte-limit = 1024 M (=1073741824) (custom)
2023-02-21 13:39:20,486 [e9aaeb2c-5ca1-4644-9e1d-ecde78d55867@group-47FCF3555B7A-LeaderElection12] INFO  server.RaftServerConfigKeys (ConfUtils.java:logGet(46)) - raft.server.watch.timeout = 180s (custom)
2023-02-21 13:39:20,486 [e9aaeb2c-5ca1-4644-9e1d-ecde78d55867@group-47FCF3555B7A-LeaderElection12] INFO  server.RaftServerConfigKeys (ConfUtils.java:logGet(46)) - raft.server.watch.timeout.denomination = 1s (default)
2023-02-21 13:39:20,486 [e9aaeb2c-5ca1-4644-9e1d-ecde78d55867@group-47FCF3555B7A-LeaderElection12] INFO  server.RaftServerConfigKeys (ConfUtils.java:logGet(46)) - raft.server.watch.element-limit = 65536 (default)
2023-02-21 13:39:20,487 [e9aaeb2c-5ca1-4644-9e1d-ecde78d55867@group-47FCF3555B7A-LeaderElection12] INFO  server.RaftServerConfigKeys (ConfUtils.java:logGet(46)) - raft.server.write.element-limit = 1024 (custom)
2023-02-21 13:39:20,487 [e9aaeb2c-5ca1-4644-9e1d-ecde78d55867@group-47FCF3555B7A-LeaderElection12] INFO  server.RaftServerConfigKeys (ConfUtils.java:logGet(46)) - raft.server.write.follower.gap.ratio.max = -1.0 (default)
2023-02-21 13:39:20,480 [grpc-default-executor-5] INFO  server.RaftServer$Division (RaftServerImpl.java:requestVote(1218)) - e9aaeb2c-5ca1-4644-9e1d-ecde78d55867@group-55D5C4970A63: receive requestVote(PRE_VOTE, b8864c6c-2f32-4f18-b19e-2e05a8dee4a2, group-55D5C4970A63, 0, (t:0, i:0))
2023-02-21 13:39:20,487 [grpc-default-executor-5] INFO  impl.VoteContext (VoteContext.java:log(49)) - e9aaeb2c-5ca1-4644-9e1d-ecde78d55867@group-55D5C4970A63-FOLLOWER: accept PRE_VOTE from b8864c6c-2f32-4f18-b19e-2e05a8dee4a2: our priority 0 <= candidate's priority 0
2023-02-21 13:39:20,487 [grpc-default-executor-5] INFO  server.RaftServer$Division (RaftServerImpl.java:requestVote(1251)) - e9aaeb2c-5ca1-4644-9e1d-ecde78d55867@group-55D5C4970A63 replies to PRE_VOTE vote request: b8864c6c-2f32-4f18-b19e-2e05a8dee4a2<-e9aaeb2c-5ca1-4644-9e1d-ecde78d55867#0:OK-t0. Peer's state: e9aaeb2c-5ca1-4644-9e1d-ecde78d55867@group-55D5C4970A63:t0, leader=null, voted=, raftlog=Memoized:e9aaeb2c-5ca1-4644-9e1d-ecde78d55867@group-55D5C4970A63-SegmentedRaftLog:OPENED:c-1, conf=-1: peers:[b8864c6c-2f32-4f18-b19e-2e05a8dee4a2|rpc:10.1.0.81:35481|dataStream:10.1.0.81:45565|priority:0|startupRole:FOLLOWER, e9aaeb2c-5ca1-4644-9e1d-ecde78d55867|rpc:10.1.0.81:40793|dataStream:10.1.0.81:46131|priority:0|startupRole:FOLLOWER, 24a59b6b-5580-49f4-8674-e10ef71be698|rpc:10.1.0.81:45623|dataStream:10.1.0.81:37369|priority:1|startupRole:FOLLOWER]|listeners:[], old=null
2023-02-21 13:39:20,484 [e9aaeb2c-5ca1-4644-9e1d-ecde78d55867@group-55D5C4970A63-FollowerState] INFO  server.RaftServerConfigKeys (ConfUtils.java:logFallback(53)) - raft.server.rpc.first-election.timeout.min = 5s (fallback to raft.server.rpc.timeout.min)
2023-02-21 13:39:20,488 [e9aaeb2c-5ca1-4644-9e1d-ecde78d55867@group-55D5C4970A63-FollowerState] INFO  server.RaftServerConfigKeys (ConfUtils.java:logFallback(53)) - raft.server.rpc.first-election.timeout.max = 5200ms (fallback to raft.server.rpc.timeout.max)
2023-02-21 13:39:20,488 [b8864c6c-2f32-4f18-b19e-2e05a8dee4a2@group-55D5C4970A63-LeaderElection13] INFO  impl.LeaderElection (LeaderElection.java:logAndReturn(90)) - b8864c6c-2f32-4f18-b19e-2e05a8dee4a2@group-55D5C4970A63-LeaderElection13: PRE_VOTE REJECTED received 1 response(s) and 0 exception(s):
2023-02-21 13:39:20,497 [b8864c6c-2f32-4f18-b19e-2e05a8dee4a2@group-55D5C4970A63-LeaderElection13] INFO  impl.LeaderElection (LeaderElection.java:logAndReturn(94)) -   Response 0: b8864c6c-2f32-4f18-b19e-2e05a8dee4a2<-24a59b6b-5580-49f4-8674-e10ef71be698#0:FAIL-t0
2023-02-21 13:39:20,497 [b8864c6c-2f32-4f18-b19e-2e05a8dee4a2@group-55D5C4970A63-LeaderElection13] INFO  impl.LeaderElection (LeaderElection.java:askForVotes(314)) - b8864c6c-2f32-4f18-b19e-2e05a8dee4a2@group-55D5C4970A63-LeaderElection13 PRE_VOTE round 0: result REJECTED
2023-02-21 13:39:20,497 [b8864c6c-2f32-4f18-b19e-2e05a8dee4a2@group-55D5C4970A63-LeaderElection13] INFO  server.RaftServer$Division (RaftServerImpl.java:setRole(321)) - b8864c6c-2f32-4f18-b19e-2e05a8dee4a2@group-55D5C4970A63: changes role from CANDIDATE to FOLLOWER at term 0 for REJECTED
2023-02-21 13:39:20,498 [b8864c6c-2f32-4f18-b19e-2e05a8dee4a2@group-55D5C4970A63-LeaderElection13] INFO  impl.RoleInfo (RoleInfo.java:shutdownLeaderElection(130)) - b8864c6c-2f32-4f18-b19e-2e05a8dee4a2: shutdown b8864c6c-2f32-4f18-b19e-2e05a8dee4a2@group-55D5C4970A63-LeaderElection13
2023-02-21 13:39:20,498 [b8864c6c-2f32-4f18-b19e-2e05a8dee4a2@group-55D5C4970A63-LeaderElection13] INFO  impl.RoleInfo (RoleInfo.java:updateAndGet(139)) - b8864c6c-2f32-4f18-b19e-2e05a8dee4a2: start b8864c6c-2f32-4f18-b19e-2e05a8dee4a2@group-55D5C4970A63-FollowerState
2023-02-21 13:39:20,498 [grpc-default-executor-2] INFO  server.RaftServer$Division (RaftServerImpl.java:requestVote(1218)) - b8864c6c-2f32-4f18-b19e-2e05a8dee4a2@group-47FCF3555B7A: receive requestVote(PRE_VOTE, 24a59b6b-5580-49f4-8674-e10ef71be698, group-47FCF3555B7A, 0, (t:0, i:0))
2023-02-21 13:39:20,498 [grpc-default-executor-2] INFO  impl.VoteContext (VoteContext.java:log(49)) - b8864c6c-2f32-4f18-b19e-2e05a8dee4a2@group-47FCF3555B7A-FOLLOWER: accept PRE_VOTE from 24a59b6b-5580-49f4-8674-e10ef71be698: our priority 0 <= candidate's priority 0
2023-02-21 13:39:20,498 [grpc-default-executor-2] INFO  server.RaftServer$Division (RaftServerImpl.java:requestVote(1251)) - b8864c6c-2f32-4f18-b19e-2e05a8dee4a2@group-47FCF3555B7A replies to PRE_VOTE vote request: 24a59b6b-5580-49f4-8674-e10ef71be698<-b8864c6c-2f32-4f18-b19e-2e05a8dee4a2#0:OK-t1. Peer's state: b8864c6c-2f32-4f18-b19e-2e05a8dee4a2@group-47FCF3555B7A:t1, leader=null, voted=e9aaeb2c-5ca1-4644-9e1d-ecde78d55867, raftlog=Memoized:b8864c6c-2f32-4f18-b19e-2e05a8dee4a2@group-47FCF3555B7A-SegmentedRaftLog:OPENED:c-1, conf=-1: peers:[b8864c6c-2f32-4f18-b19e-2e05a8dee4a2|rpc:10.1.0.81:35481|dataStream:10.1.0.81:45565|priority:0|startupRole:FOLLOWER, e9aaeb2c-5ca1-4644-9e1d-ecde78d55867|rpc:10.1.0.81:40793|dataStream:10.1.0.81:46131|priority:1|startupRole:FOLLOWER, 24a59b6b-5580-49f4-8674-e10ef71be698|rpc:10.1.0.81:45623|dataStream:10.1.0.81:37369|priority:0|startupRole:FOLLOWER]|listeners:[], old=null
2023-02-21 13:39:20,489 [EventQueue-PipelineReportForPipelineReportHandler] INFO  pipeline.PipelineManagerImpl (PipelineManagerImpl.java:openPipeline(367)) - Pipeline Pipeline[ Id: 0a910542-7126-47e9-864e-47fcf3555b7a, Nodes: 24a59b6b-5580-49f4-8674-e10ef71be698(fv-az318-260.ewvrrcgabbbubjc05i3n4a3pph.dx.internal.cloudapp.net/10.1.0.81)e9aaeb2c-5ca1-4644-9e1d-ecde78d55867(fv-az318-260.ewvrrcgabbbubjc05i3n4a3pph.dx.internal.cloudapp.net/10.1.0.81)b8864c6c-2f32-4f18-b19e-2e05a8dee4a2(fv-az318-260.ewvrrcgabbbubjc05i3n4a3pph.dx.internal.cloudapp.net/10.1.0.81), ReplicationConfig: RATIS/THREE, State:ALLOCATED, leaderId:e9aaeb2c-5ca1-4644-9e1d-ecde78d55867, CreationTimestamp2023-02-21T13:39:13.023Z[Etc/UTC]] moved to OPEN state
2023-02-21 13:39:20,493 [e9aaeb2c-5ca1-4644-9e1d-ecde78d55867@group-47FCF3555B7A-LeaderElection12] INFO  server.RaftServerConfigKeys (ConfUtils.java:logGet(46)) - raft.server.log.appender.snapshot.chunk.size.max = 16MB (=16777216) (default)
2023-02-21 13:39:20,512 [e9aaeb2c-5ca1-4644-9e1d-ecde78d55867@group-47FCF3555B7A-LeaderElection12] INFO  server.RaftServerConfigKeys (ConfUtils.java:logGet(46)) - raft.server.log.appender.buffer.byte-limit = 33554432 (custom)
2023-02-21 13:39:20,512 [e9aaeb2c-5ca1-4644-9e1d-ecde78d55867@group-47FCF3555B7A-LeaderElection12] INFO  server.RaftServerConfigKeys (ConfUtils.java:logGet(46)) - raft.server.log.appender.buffer.element-limit = 1 (custom)
2023-02-21 13:39:20,512 [e9aaeb2c-5ca1-4644-9e1d-ecde78d55867@group-47FCF3555B7A-LeaderElection12] INFO  grpc.GrpcConfigKeys (ConfUtils.java:logGet(46)) - raft.grpc.server.leader.outstanding.appends.max = 128 (default)
2023-02-21 13:39:20,512 [e9aaeb2c-5ca1-4644-9e1d-ecde78d55867@group-47FCF3555B7A-LeaderElection12] INFO  server.RaftServerConfigKeys (ConfUtils.java:logGet(46)) - raft.server.rpc.request.timeout = 60s (custom)
2023-02-21 13:39:20,512 [e9aaeb2c-5ca1-4644-9e1d-ecde78d55867@group-47FCF3555B7A-LeaderElection12] INFO  server.RaftServerConfigKeys (ConfUtils.java:logGet(46)) - raft.server.log.appender.install.snapshot.enabled = false (custom)
2023-02-21 13:39:20,512 [e9aaeb2c-5ca1-4644-9e1d-ecde78d55867@group-47FCF3555B7A-LeaderElection12] INFO  grpc.GrpcConfigKeys (ConfUtils.java:logGet(46)) - raft.grpc.server.heartbeat.channel = true (default)
2023-02-21 13:39:20,512 [e9aaeb2c-5ca1-4644-9e1d-ecde78d55867@group-47FCF3555B7A-LeaderElection12] INFO  server.RaftServerConfigKeys (ConfUtils.java:logGet(46)) - raft.server.log.appender.wait-time.min = 10ms (default)
2023-02-21 13:39:20,513 [e9aaeb2c-5ca1-4644-9e1d-ecde78d55867@group-47FCF3555B7A-LeaderElection12] INFO  server.RaftServerConfigKeys (ConfUtils.java:logGet(46)) - raft.server.log.appender.snapshot.chunk.size.max = 16MB (=16777216) (default)
2023-02-21 13:39:20,513 [e9aaeb2c-5ca1-4644-9e1d-ecde78d55867@group-47FCF3555B7A-LeaderElection12] INFO  server.RaftServerConfigKeys (ConfUtils.java:logGet(46)) - raft.server.log.appender.buffer.byte-limit = 33554432 (custom)
2023-02-21 13:39:20,513 [e9aaeb2c-5ca1-4644-9e1d-ecde78d55867@group-47FCF3555B7A-LeaderElection12] INFO  server.RaftServerConfigKeys (ConfUtils.java:logGet(46)) - raft.server.log.appender.buffer.element-limit = 1 (custom)
2023-02-21 13:39:20,513 [e9aaeb2c-5ca1-4644-9e1d-ecde78d55867@group-47FCF3555B7A-LeaderElection12] INFO  grpc.GrpcConfigKeys (ConfUtils.java:logGet(46)) - raft.grpc.server.leader.outstanding.appends.max = 128 (default)
2023-02-21 13:39:20,513 [e9aaeb2c-5ca1-4644-9e1d-ecde78d55867@group-47FCF3555B7A-LeaderElection12] INFO  server.RaftServerConfigKeys (ConfUtils.java:logGet(46)) - raft.server.rpc.request.timeout = 60s (custom)
2023-02-21 13:39:20,513 [e9aaeb2c-5ca1-4644-9e1d-ecde78d55867@group-47FCF3555B7A-LeaderElection12] INFO  server.RaftServerConfigKeys (ConfUtils.java:logGet(46)) - raft.server.log.appender.install.snapshot.enabled = false (custom)
2023-02-21 13:39:20,513 [e9aaeb2c-5ca1-4644-9e1d-ecde78d55867@group-47FCF3555B7A-LeaderElection12] INFO  grpc.GrpcConfigKeys (ConfUtils.java:logGet(46)) - raft.grpc.server.heartbeat.channel = true (default)
2023-02-21 13:39:20,514 [e9aaeb2c-5ca1-4644-9e1d-ecde78d55867@group-47FCF3555B7A-LeaderElection12] INFO  server.RaftServerConfigKeys (ConfUtils.java:logGet(46)) - raft.server.log.appender.wait-time.min = 10ms (default)
2023-02-21 13:39:20,514 [e9aaeb2c-5ca1-4644-9e1d-ecde78d55867@group-47FCF3555B7A-LeaderElection12] INFO  impl.RoleInfo (RoleInfo.java:updateAndGet(139)) - e9aaeb2c-5ca1-4644-9e1d-ecde78d55867: start e9aaeb2c-5ca1-4644-9e1d-ecde78d55867@group-47FCF3555B7A-LeaderStateImpl
2023-02-21 13:39:20,514 [e9aaeb2c-5ca1-4644-9e1d-ecde78d55867@group-47FCF3555B7A-LeaderElection12] INFO  segmented.SegmentedRaftLogWorker (SegmentedRaftLogWorker.java:startLogSegment(452)) - e9aaeb2c-5ca1-4644-9e1d-ecde78d55867@group-47FCF3555B7A-SegmentedRaftLogWorker: Starting segment from index:0
2023-02-21 13:39:20,489 [EventQueue-OpenPipelineForHealthyPipelineSafeModeRule] INFO  safemode.SCMSafeModeManager (HealthyPipelineSafeModeRule.java:process(137)) - SCM in safe mode. Healthy pipelines reported count is 0, required healthy pipeline reported count is 1
2023-02-21 13:39:20,519 [EventQueue-OpenPipelineForHealthyPipelineSafeModeRule] INFO  safemode.SCMSafeModeManager (HealthyPipelineSafeModeRule.java:process(137)) - SCM in safe mode. Healthy pipelines reported count is 1, required healthy pipeline reported count is 1
2023-02-21 13:39:20,519 [EventQueue-OpenPipelineForHealthyPipelineSafeModeRule] INFO  safemode.SCMSafeModeManager (SCMSafeModeManager.java:validateSafeModeExitRules(200)) - HealthyPipelineSafeModeRule rule is successfully validated
2023-02-21 13:39:20,519 [EventQueue-OpenPipelineForHealthyPipelineSafeModeRule] INFO  safemode.SCMSafeModeManager (SCMSafeModeManager.java:validateSafeModeExitRules(215)) - ScmSafeModeManager, all rules are successfully validated
2023-02-21 13:39:20,519 [EventQueue-OpenPipelineForHealthyPipelineSafeModeRule] INFO  safemode.SCMSafeModeManager (SCMSafeModeManager.java:exitSafeMode(244)) - SCM exiting safe mode.
2023-02-21 13:39:20,519 [EventQueue-OpenPipelineForHealthyPipelineSafeModeRule] INFO  ha.SCMContext (SCMContext.java:updateSafeModeStatus(228)) - Update SafeModeStatus from SafeModeStatus{safeModeStatus=true, preCheckPassed=true} to SafeModeStatus{safeModeStatus=false, preCheckPassed=true}.
2023-02-21 13:39:20,519 [EventQueue-OpenPipelineForHealthyPipelineSafeModeRule] INFO  pipeline.BackgroundPipelineCreator (BackgroundPipelineCreator.java:notifyStatusChanged(254)) - Service BackgroundPipelineCreator transitions to RUNNING.
2023-02-21 13:39:20,519 [EventQueue-OpenPipelineForHealthyPipelineSafeModeRule] INFO  BackgroundPipelineScrubber (BackgroundSCMService.java:notifyStatusChanged(82)) - Service BackgroundPipelineScrubber transitions to RUNNING.
2023-02-21 13:39:20,519 [EventQueue-OpenPipelineForHealthyPipelineSafeModeRule] INFO  ExpiredContainerReplicaOpScrubber (BackgroundSCMService.java:notifyStatusChanged(82)) - Service ExpiredContainerReplicaOpScrubber transitions to RUNNING.
2023-02-21 13:39:20,519 [EventQueue-OpenPipelineForHealthyPipelineSafeModeRule] INFO  replication.ReplicationManager (ReplicationManager.java:notifyStatusChanged(1083)) - Service ReplicationManager transitions to RUNNING.
2023-02-21 13:39:20,519 [EventQueue-OpenPipelineForHealthyPipelineSafeModeRule] WARN  balancer.ContainerBalancer (ContainerBalancer.java:shouldRun(131)) - Could not find persisted configuration for ContainerBalancer when checking if ContainerBalancer should run. ContainerBalancer should not run now.
2023-02-21 13:39:20,516 [e9aaeb2c-5ca1-4644-9e1d-ecde78d55867@group-47FCF3555B7A-SegmentedRaftLogWorker] INFO  segmented.SegmentedRaftLogWorker (SegmentedRaftLogWorker.java:execute(656)) - e9aaeb2c-5ca1-4644-9e1d-ecde78d55867@group-47FCF3555B7A-SegmentedRaftLogWorker: created new log segment /home/runner/work/ozone/ozone/hadoop-ozone/integration-test/target/test-dir/MiniOzoneClusterImpl-be926948-0f1c-4cac-9651-6eceb419abf0/datanode-0/data/ratis/0a910542-7126-47e9-864e-47fcf3555b7a/current/log_inprogress_0
2023-02-21 13:39:20,511 [24a59b6b-5580-49f4-8674-e10ef71be698@group-47FCF3555B7A-LeaderElection14] INFO  impl.LeaderElection (LeaderElection.java:logAndReturn(90)) - 24a59b6b-5580-49f4-8674-e10ef71be698@group-47FCF3555B7A-LeaderElection14: PRE_VOTE DISCOVERED_A_NEW_TERM (term=1) received 1 response(s) and 0 exception(s):
2023-02-21 13:39:20,520 [24a59b6b-5580-49f4-8674-e10ef71be698@group-47FCF3555B7A-LeaderElection14] INFO  impl.LeaderElection (LeaderElection.java:logAndReturn(94)) -   Response 0: 24a59b6b-5580-49f4-8674-e10ef71be698<-b8864c6c-2f32-4f18-b19e-2e05a8dee4a2#0:OK-t1
2023-02-21 13:39:20,520 [24a59b6b-5580-49f4-8674-e10ef71be698@group-47FCF3555B7A-LeaderElection14] INFO  impl.LeaderElection (LeaderElection.java:askForVotes(314)) - 24a59b6b-5580-49f4-8674-e10ef71be698@group-47FCF3555B7A-LeaderElection14 PRE_VOTE round 0: result DISCOVERED_A_NEW_TERM (term=1)
2023-02-21 13:39:20,510 [grpc-default-executor-4] INFO  server.RaftServer$Division (RaftServerImpl.java:requestVote(1218)) - e9aaeb2c-5ca1-4644-9e1d-ecde78d55867@group-47FCF3555B7A: receive requestVote(PRE_VOTE, 24a59b6b-5580-49f4-8674-e10ef71be698, group-47FCF3555B7A, 0, (t:0, i:0))
2023-02-21 13:39:20,510 [b8864c6c-2f32-4f18-b19e-2e05a8dee4a2@group-55D5C4970A63-FollowerState] INFO  server.RaftServerConfigKeys (ConfUtils.java:logFallback(53)) - raft.server.rpc.first-election.timeout.min = 5s (fallback to raft.server.rpc.timeout.min)
2023-02-21 13:39:20,520 [b8864c6c-2f32-4f18-b19e-2e05a8dee4a2@group-55D5C4970A63-FollowerState] INFO  server.RaftServerConfigKeys (ConfUtils.java:logFallback(53)) - raft.server.rpc.first-election.timeout.max = 5200ms (fallback to raft.server.rpc.timeout.max)
2023-02-21 13:39:20,540 [e9aaeb2c-5ca1-4644-9e1d-ecde78d55867@group-47FCF3555B7A-LeaderElection12] INFO  server.RaftServer$Division (ServerState.java:setRaftConf(430)) - e9aaeb2c-5ca1-4644-9e1d-ecde78d55867@group-47FCF3555B7A: set configuration 0: peers:[b8864c6c-2f32-4f18-b19e-2e05a8dee4a2|rpc:10.1.0.81:35481|dataStream:10.1.0.81:45565|priority:0|startupRole:FOLLOWER, e9aaeb2c-5ca1-4644-9e1d-ecde78d55867|rpc:10.1.0.81:40793|dataStream:10.1.0.81:46131|priority:1|startupRole:FOLLOWER, 24a59b6b-5580-49f4-8674-e10ef71be698|rpc:10.1.0.81:45623|dataStream:10.1.0.81:37369|priority:0|startupRole:FOLLOWER]|listeners:[], old=null
2023-02-21 13:39:20,543 [24a59b6b-5580-49f4-8674-e10ef71be698@group-55D5C4970A63-FollowerState] INFO  impl.FollowerState (FollowerState.java:run(143)) - 24a59b6b-5580-49f4-8674-e10ef71be698@group-55D5C4970A63-FollowerState: change to CANDIDATE, lastRpcElapsedTime:5114697525ns, electionTimeout:5101ms
2023-02-21 13:39:20,543 [24a59b6b-5580-49f4-8674-e10ef71be698@group-55D5C4970A63-FollowerState] INFO  impl.RoleInfo (RoleInfo.java:shutdownFollowerState(110)) - 24a59b6b-5580-49f4-8674-e10ef71be698: shutdown 24a59b6b-5580-49f4-8674-e10ef71be698@group-55D5C4970A63-FollowerState
2023-02-21 13:39:20,543 [24a59b6b-5580-49f4-8674-e10ef71be698@group-55D5C4970A63-FollowerState] INFO  server.RaftServer$Division (RaftServerImpl.java:setRole(321)) - 24a59b6b-5580-49f4-8674-e10ef71be698@group-55D5C4970A63: changes role from  FOLLOWER to CANDIDATE at term 0 for changeToCandidate
2023-02-21 13:39:20,543 [24a59b6b-5580-49f4-8674-e10ef71be698@group-55D5C4970A63-FollowerState] INFO  server.RaftServerConfigKeys (ConfUtils.java:logGet(46)) - raft.server.leaderelection.pre-vote = true (default)
2023-02-21 13:39:20,543 [24a59b6b-5580-49f4-8674-e10ef71be698@group-55D5C4970A63-FollowerState] INFO  impl.RoleInfo (RoleInfo.java:updateAndGet(139)) - 24a59b6b-5580-49f4-8674-e10ef71be698: start 24a59b6b-5580-49f4-8674-e10ef71be698@group-55D5C4970A63-LeaderElection15
2023-02-21 13:39:20,543 [grpc-default-executor-4] INFO  impl.VoteContext (VoteContext.java:log(49)) - e9aaeb2c-5ca1-4644-9e1d-ecde78d55867@group-47FCF3555B7A-LEADER: reject PRE_VOTE from 24a59b6b-5580-49f4-8674-e10ef71be698: this server is the leader and still has leadership
2023-02-21 13:39:20,544 [grpc-default-executor-4] INFO  server.RaftServer$Division (RaftServerImpl.java:requestVote(1251)) - e9aaeb2c-5ca1-4644-9e1d-ecde78d55867@group-47FCF3555B7A replies to PRE_VOTE vote request: 24a59b6b-5580-49f4-8674-e10ef71be698<-e9aaeb2c-5ca1-4644-9e1d-ecde78d55867#0:FAIL-t1. Peer's state: e9aaeb2c-5ca1-4644-9e1d-ecde78d55867@group-47FCF3555B7A:t1, leader=e9aaeb2c-5ca1-4644-9e1d-ecde78d55867, voted=e9aaeb2c-5ca1-4644-9e1d-ecde78d55867, raftlog=Memoized:e9aaeb2c-5ca1-4644-9e1d-ecde78d55867@group-47FCF3555B7A-SegmentedRaftLog:OPENED:c0, conf=0: peers:[b8864c6c-2f32-4f18-b19e-2e05a8dee4a2|rpc:10.1.0.81:35481|dataStream:10.1.0.81:45565|priority:0|startupRole:FOLLOWER, e9aaeb2c-5ca1-4644-9e1d-ecde78d55867|rpc:10.1.0.81:40793|dataStream:10.1.0.81:46131|priority:1|startupRole:FOLLOWER, 24a59b6b-5580-49f4-8674-e10ef71be698|rpc:10.1.0.81:45623|dataStream:10.1.0.81:37369|priority:0|startupRole:FOLLOWER]|listeners:[], old=null
2023-02-21 13:39:20,545 [24a59b6b-5580-49f4-8674-e10ef71be698@group-55D5C4970A63-LeaderElection15] INFO  impl.LeaderElection (LeaderElection.java:askForVotes(312)) - 24a59b6b-5580-49f4-8674-e10ef71be698@group-55D5C4970A63-LeaderElection15 PRE_VOTE round 0: submit vote requests at term 0 for -1: peers:[b8864c6c-2f32-4f18-b19e-2e05a8dee4a2|rpc:10.1.0.81:35481|dataStream:10.1.0.81:45565|priority:0|startupRole:FOLLOWER, e9aaeb2c-5ca1-4644-9e1d-ecde78d55867|rpc:10.1.0.81:40793|dataStream:10.1.0.81:46131|priority:0|startupRole:FOLLOWER, 24a59b6b-5580-49f4-8674-e10ef71be698|rpc:10.1.0.81:45623|dataStream:10.1.0.81:37369|priority:1|startupRole:FOLLOWER]|listeners:[], old=null
2023-02-21 13:39:20,550 [24a59b6b-5580-49f4-8674-e10ef71be698@group-55D5C4970A63-LeaderElection15] INFO  server.RaftServerConfigKeys (ConfUtils.java:logFallback(53)) - raft.server.rpc.first-election.timeout.min = 5s (fallback to raft.server.rpc.timeout.min)
2023-02-21 13:39:20,550 [24a59b6b-5580-49f4-8674-e10ef71be698@group-55D5C4970A63-LeaderElection15] INFO  server.RaftServerConfigKeys (ConfUtils.java:logFallback(53)) - raft.server.rpc.first-election.timeout.max = 5200ms (fallback to raft.server.rpc.timeout.max)
2023-02-21 13:39:20,550 [b8864c6c-2f32-4f18-b19e-2e05a8dee4a2-server-thread1] INFO  ratis.XceiverServerRatis (XceiverServerRatis.java:handleLeaderChangedNotification(905)) - Leader change notification received for group: group-47FCF3555B7A with new leaderId: e9aaeb2c-5ca1-4644-9e1d-ecde78d55867
2023-02-21 13:39:20,552 [b8864c6c-2f32-4f18-b19e-2e05a8dee4a2-server-thread1] INFO  server.RaftServer$Division (ServerState.java:setLeader(313)) - b8864c6c-2f32-4f18-b19e-2e05a8dee4a2@group-47FCF3555B7A: change Leader from null to e9aaeb2c-5ca1-4644-9e1d-ecde78d55867 at term 1 for appendEntries, leader elected after 5261ms
2023-02-21 13:39:20,555 [b8864c6c-2f32-4f18-b19e-2e05a8dee4a2-server-thread1] INFO  server.RaftServer$Division (ServerState.java:setRaftConf(430)) - b8864c6c-2f32-4f18-b19e-2e05a8dee4a2@group-47FCF3555B7A: set configuration 0: peers:[b8864c6c-2f32-4f18-b19e-2e05a8dee4a2|rpc:10.1.0.81:35481|dataStream:10.1.0.81:45565|priority:0|startupRole:FOLLOWER, e9aaeb2c-5ca1-4644-9e1d-ecde78d55867|rpc:10.1.0.81:40793|dataStream:10.1.0.81:46131|priority:1|startupRole:FOLLOWER, 24a59b6b-5580-49f4-8674-e10ef71be698|rpc:10.1.0.81:45623|dataStream:10.1.0.81:37369|priority:0|startupRole:FOLLOWER]|listeners:[], old=null
2023-02-21 13:39:20,555 [b8864c6c-2f32-4f18-b19e-2e05a8dee4a2-server-thread1] INFO  segmented.SegmentedRaftLogWorker (SegmentedRaftLogWorker.java:startLogSegment(452)) - b8864c6c-2f32-4f18-b19e-2e05a8dee4a2@group-47FCF3555B7A-SegmentedRaftLogWorker: Starting segment from index:0
2023-02-21 13:39:20,556 [grpc-default-executor-1] INFO  server.RaftServer$Division (RaftServerImpl.java:requestVote(1218)) - b8864c6c-2f32-4f18-b19e-2e05a8dee4a2@group-55D5C4970A63: receive requestVote(PRE_VOTE, 24a59b6b-5580-49f4-8674-e10ef71be698, group-55D5C4970A63, 0, (t:0, i:0))
2023-02-21 13:39:20,559 [grpc-default-executor-1] INFO  impl.VoteContext (VoteContext.java:log(49)) - b8864c6c-2f32-4f18-b19e-2e05a8dee4a2@group-55D5C4970A63-FOLLOWER: accept PRE_VOTE from 24a59b6b-5580-49f4-8674-e10ef71be698: our priority 0 <= candidate's priority 1
2023-02-21 13:39:20,559 [grpc-default-executor-1] INFO  server.RaftServer$Division (RaftServerImpl.java:requestVote(1251)) - b8864c6c-2f32-4f18-b19e-2e05a8dee4a2@group-55D5C4970A63 replies to PRE_VOTE vote request: 24a59b6b-5580-49f4-8674-e10ef71be698<-b8864c6c-2f32-4f18-b19e-2e05a8dee4a2#0:OK-t0. Peer's state: b8864c6c-2f32-4f18-b19e-2e05a8dee4a2@group-55D5C4970A63:t0, leader=null, voted=, raftlog=Memoized:b8864c6c-2f32-4f18-b19e-2e05a8dee4a2@group-55D5C4970A63-SegmentedRaftLog:OPENED:c-1, conf=-1: peers:[b8864c6c-2f32-4f18-b19e-2e05a8dee4a2|rpc:10.1.0.81:35481|dataStream:10.1.0.81:45565|priority:0|startupRole:FOLLOWER, e9aaeb2c-5ca1-4644-9e1d-ecde78d55867|rpc:10.1.0.81:40793|dataStream:10.1.0.81:46131|priority:0|startupRole:FOLLOWER, 24a59b6b-5580-49f4-8674-e10ef71be698|rpc:10.1.0.81:45623|dataStream:10.1.0.81:37369|priority:1|startupRole:FOLLOWER]|listeners:[], old=null
2023-02-21 13:39:20,561 [24a59b6b-5580-49f4-8674-e10ef71be698@group-55D5C4970A63-LeaderElection15] INFO  impl.LeaderElection (LeaderElection.java:logAndReturn(90)) - 24a59b6b-5580-49f4-8674-e10ef71be698@group-55D5C4970A63-LeaderElection15: PRE_VOTE PASSED received 1 response(s) and 0 exception(s):
2023-02-21 13:39:20,561 [24a59b6b-5580-49f4-8674-e10ef71be698@group-55D5C4970A63-LeaderElection15] INFO  impl.LeaderElection (LeaderElection.java:logAndReturn(94)) -   Response 0: 24a59b6b-5580-49f4-8674-e10ef71be698<-b8864c6c-2f32-4f18-b19e-2e05a8dee4a2#0:OK-t0
2023-02-21 13:39:20,561 [24a59b6b-5580-49f4-8674-e10ef71be698@group-55D5C4970A63-LeaderElection15] INFO  impl.LeaderElection (LeaderElection.java:askForVotes(314)) - 24a59b6b-5580-49f4-8674-e10ef71be698@group-55D5C4970A63-LeaderElection15 PRE_VOTE round 0: result PASSED
2023-02-21 13:39:20,562 [b8864c6c-2f32-4f18-b19e-2e05a8dee4a2@group-47FCF3555B7A-SegmentedRaftLogWorker] INFO  segmented.SegmentedRaftLogWorker (SegmentedRaftLogWorker.java:execute(656)) - b8864c6c-2f32-4f18-b19e-2e05a8dee4a2@group-47FCF3555B7A-SegmentedRaftLogWorker: created new log segment /home/runner/work/ozone/ozone/hadoop-ozone/integration-test/target/test-dir/MiniOzoneClusterImpl-be926948-0f1c-4cac-9651-6eceb419abf0/datanode-1/data/ratis/0a910542-7126-47e9-864e-47fcf3555b7a/current/log_inprogress_0
2023-02-21 13:39:20,564 [grpc-default-executor-3] INFO  server.RaftServer$Division (RaftServerImpl.java:requestVote(1218)) - e9aaeb2c-5ca1-4644-9e1d-ecde78d55867@group-55D5C4970A63: receive requestVote(PRE_VOTE, 24a59b6b-5580-49f4-8674-e10ef71be698, group-55D5C4970A63, 0, (t:0, i:0))
2023-02-21 13:39:20,564 [grpc-default-executor-3] INFO  impl.VoteContext (VoteContext.java:log(49)) - e9aaeb2c-5ca1-4644-9e1d-ecde78d55867@group-55D5C4970A63-FOLLOWER: accept PRE_VOTE from 24a59b6b-5580-49f4-8674-e10ef71be698: our priority 0 <= candidate's priority 1
2023-02-21 13:39:20,564 [grpc-default-executor-3] INFO  server.RaftServer$Division (RaftServerImpl.java:requestVote(1251)) - e9aaeb2c-5ca1-4644-9e1d-ecde78d55867@group-55D5C4970A63 replies to PRE_VOTE vote request: 24a59b6b-5580-49f4-8674-e10ef71be698<-e9aaeb2c-5ca1-4644-9e1d-ecde78d55867#0:OK-t0. Peer's state: e9aaeb2c-5ca1-4644-9e1d-ecde78d55867@group-55D5C4970A63:t0, leader=null, voted=, raftlog=Memoized:e9aaeb2c-5ca1-4644-9e1d-ecde78d55867@group-55D5C4970A63-SegmentedRaftLog:OPENED:c-1, conf=-1: peers:[b8864c6c-2f32-4f18-b19e-2e05a8dee4a2|rpc:10.1.0.81:35481|dataStream:10.1.0.81:45565|priority:0|startupRole:FOLLOWER, e9aaeb2c-5ca1-4644-9e1d-ecde78d55867|rpc:10.1.0.81:40793|dataStream:10.1.0.81:46131|priority:0|startupRole:FOLLOWER, 24a59b6b-5580-49f4-8674-e10ef71be698|rpc:10.1.0.81:45623|dataStream:10.1.0.81:37369|priority:1|startupRole:FOLLOWER]|listeners:[], old=null
2023-02-21 13:39:20,565 [24a59b6b-5580-49f4-8674-e10ef71be698@group-55D5C4970A63-LeaderElection15] INFO  impl.LeaderElection (LeaderElection.java:askForVotes(312)) - 24a59b6b-5580-49f4-8674-e10ef71be698@group-55D5C4970A63-LeaderElection15 ELECTION round 0: submit vote requests at term 1 for -1: peers:[b8864c6c-2f32-4f18-b19e-2e05a8dee4a2|rpc:10.1.0.81:35481|dataStream:10.1.0.81:45565|priority:0|startupRole:FOLLOWER, e9aaeb2c-5ca1-4644-9e1d-ecde78d55867|rpc:10.1.0.81:40793|dataStream:10.1.0.81:46131|priority:0|startupRole:FOLLOWER, 24a59b6b-5580-49f4-8674-e10ef71be698|rpc:10.1.0.81:45623|dataStream:10.1.0.81:37369|priority:1|startupRole:FOLLOWER]|listeners:[], old=null
2023-02-21 13:39:20,566 [24a59b6b-5580-49f4-8674-e10ef71be698-server-thread1] INFO  ratis.XceiverServerRatis (XceiverServerRatis.java:handleLeaderChangedNotification(905)) - Leader change notification received for group: group-47FCF3555B7A with new leaderId: e9aaeb2c-5ca1-4644-9e1d-ecde78d55867
2023-02-21 13:39:20,571 [24a59b6b-5580-49f4-8674-e10ef71be698-server-thread1] INFO  server.RaftServer$Division (ServerState.java:setLeader(313)) - 24a59b6b-5580-49f4-8674-e10ef71be698@group-47FCF3555B7A: change Leader from null to e9aaeb2c-5ca1-4644-9e1d-ecde78d55867 at term 1 for appendEntries, leader elected after 5336ms
2023-02-21 13:39:20,579 [24a59b6b-5580-49f4-8674-e10ef71be698-server-thread1] INFO  server.RaftServer$Division (ServerState.java:setRaftConf(430)) - 24a59b6b-5580-49f4-8674-e10ef71be698@group-47FCF3555B7A: set configuration 0: peers:[b8864c6c-2f32-4f18-b19e-2e05a8dee4a2|rpc:10.1.0.81:35481|dataStream:10.1.0.81:45565|priority:0|startupRole:FOLLOWER, e9aaeb2c-5ca1-4644-9e1d-ecde78d55867|rpc:10.1.0.81:40793|dataStream:10.1.0.81:46131|priority:1|startupRole:FOLLOWER, 24a59b6b-5580-49f4-8674-e10ef71be698|rpc:10.1.0.81:45623|dataStream:10.1.0.81:37369|priority:0|startupRole:FOLLOWER]|listeners:[], old=null
2023-02-21 13:39:20,579 [24a59b6b-5580-49f4-8674-e10ef71be698-server-thread1] INFO  segmented.SegmentedRaftLogWorker (SegmentedRaftLogWorker.java:startLogSegment(452)) - 24a59b6b-5580-49f4-8674-e10ef71be698@group-47FCF3555B7A-SegmentedRaftLogWorker: Starting segment from index:0
2023-02-21 13:39:20,582 [24a59b6b-5580-49f4-8674-e10ef71be698@group-55D5C4970A63-LeaderElection15] INFO  server.RaftServerConfigKeys (ConfUtils.java:logFallback(53)) - raft.server.rpc.first-election.timeout.min = 5s (fallback to raft.server.rpc.timeout.min)
2023-02-21 13:39:20,587 [24a59b6b-5580-49f4-8674-e10ef71be698@group-55D5C4970A63-LeaderElection15] INFO  server.RaftServerConfigKeys (ConfUtils.java:logFallback(53)) - raft.server.rpc.first-election.timeout.max = 5200ms (fallback to raft.server.rpc.timeout.max)
2023-02-21 13:39:20,589 [24a59b6b-5580-49f4-8674-e10ef71be698@group-47FCF3555B7A-SegmentedRaftLogWorker] INFO  segmented.SegmentedRaftLogWorker (SegmentedRaftLogWorker.java:execute(656)) - 24a59b6b-5580-49f4-8674-e10ef71be698@group-47FCF3555B7A-SegmentedRaftLogWorker: created new log segment /home/runner/work/ozone/ozone/hadoop-ozone/integration-test/target/test-dir/MiniOzoneClusterImpl-be926948-0f1c-4cac-9651-6eceb419abf0/datanode-2/data/ratis/0a910542-7126-47e9-864e-47fcf3555b7a/current/log_inprogress_0
2023-02-21 13:39:20,592 [grpc-default-executor-5] INFO  server.RaftServer$Division (RaftServerImpl.java:requestVote(1218)) - e9aaeb2c-5ca1-4644-9e1d-ecde78d55867@group-55D5C4970A63: receive requestVote(ELECTION, 24a59b6b-5580-49f4-8674-e10ef71be698, group-55D5C4970A63, 1, (t:0, i:0))
2023-02-21 13:39:20,592 [grpc-default-executor-5] INFO  impl.VoteContext (VoteContext.java:log(49)) - e9aaeb2c-5ca1-4644-9e1d-ecde78d55867@group-55D5C4970A63-FOLLOWER: accept ELECTION from 24a59b6b-5580-49f4-8674-e10ef71be698: our priority 0 <= candidate's priority 1
2023-02-21 13:39:20,592 [grpc-default-executor-5] INFO  server.RaftServer$Division (RaftServerImpl.java:setRole(321)) - e9aaeb2c-5ca1-4644-9e1d-ecde78d55867@group-55D5C4970A63: changes role from  FOLLOWER to FOLLOWER at term 1 for candidate:24a59b6b-5580-49f4-8674-e10ef71be698
2023-02-21 13:39:20,592 [grpc-default-executor-5] INFO  impl.RoleInfo (RoleInfo.java:shutdownFollowerState(110)) - e9aaeb2c-5ca1-4644-9e1d-ecde78d55867: shutdown e9aaeb2c-5ca1-4644-9e1d-ecde78d55867@group-55D5C4970A63-FollowerState
2023-02-21 13:39:20,592 [grpc-default-executor-5] INFO  impl.RoleInfo (RoleInfo.java:updateAndGet(139)) - e9aaeb2c-5ca1-4644-9e1d-ecde78d55867: start e9aaeb2c-5ca1-4644-9e1d-ecde78d55867@group-55D5C4970A63-FollowerState
2023-02-21 13:39:20,593 [e9aaeb2c-5ca1-4644-9e1d-ecde78d55867@group-55D5C4970A63-FollowerState] INFO  impl.FollowerState (FollowerState.java:run(152)) - e9aaeb2c-5ca1-4644-9e1d-ecde78d55867@group-55D5C4970A63-FollowerState was interrupted
2023-02-21 13:39:20,593 [e9aaeb2c-5ca1-4644-9e1d-ecde78d55867@group-55D5C4970A63-FollowerState] INFO  server.RaftServerConfigKeys (ConfUtils.java:logFallback(53)) - raft.server.rpc.first-election.timeout.min = 5s (fallback to raft.server.rpc.timeout.min)
2023-02-21 13:39:20,593 [e9aaeb2c-5ca1-4644-9e1d-ecde78d55867@group-55D5C4970A63-FollowerState] INFO  server.RaftServerConfigKeys (ConfUtils.java:logFallback(53)) - raft.server.rpc.first-election.timeout.max = 5200ms (fallback to raft.server.rpc.timeout.max)
2023-02-21 13:39:20,595 [grpc-default-executor-1] INFO  server.RaftServer$Division (RaftServerImpl.java:requestVote(1218)) - b8864c6c-2f32-4f18-b19e-2e05a8dee4a2@group-55D5C4970A63: receive requestVote(ELECTION, 24a59b6b-5580-49f4-8674-e10ef71be698, group-55D5C4970A63, 1, (t:0, i:0))
2023-02-21 13:39:20,595 [grpc-default-executor-1] INFO  impl.VoteContext (VoteContext.java:log(49)) - b8864c6c-2f32-4f18-b19e-2e05a8dee4a2@group-55D5C4970A63-FOLLOWER: accept ELECTION from 24a59b6b-5580-49f4-8674-e10ef71be698: our priority 0 <= candidate's priority 1
2023-02-21 13:39:20,595 [grpc-default-executor-1] INFO  server.RaftServer$Division (RaftServerImpl.java:setRole(321)) - b8864c6c-2f32-4f18-b19e-2e05a8dee4a2@group-55D5C4970A63: changes role from  FOLLOWER to FOLLOWER at term 1 for candidate:24a59b6b-5580-49f4-8674-e10ef71be698
2023-02-21 13:39:20,595 [grpc-default-executor-1] INFO  impl.RoleInfo (RoleInfo.java:shutdownFollowerState(110)) - b8864c6c-2f32-4f18-b19e-2e05a8dee4a2: shutdown b8864c6c-2f32-4f18-b19e-2e05a8dee4a2@group-55D5C4970A63-FollowerState
2023-02-21 13:39:20,595 [grpc-default-executor-1] INFO  impl.RoleInfo (RoleInfo.java:updateAndGet(139)) - b8864c6c-2f32-4f18-b19e-2e05a8dee4a2: start b8864c6c-2f32-4f18-b19e-2e05a8dee4a2@group-55D5C4970A63-FollowerState
2023-02-21 13:39:20,595 [b8864c6c-2f32-4f18-b19e-2e05a8dee4a2@group-55D5C4970A63-FollowerState] INFO  impl.FollowerState (FollowerState.java:run(152)) - b8864c6c-2f32-4f18-b19e-2e05a8dee4a2@group-55D5C4970A63-FollowerState was interrupted
2023-02-21 13:39:20,596 [grpc-default-executor-5] INFO  server.RaftServer$Division (RaftServerImpl.java:requestVote(1251)) - e9aaeb2c-5ca1-4644-9e1d-ecde78d55867@group-55D5C4970A63 replies to ELECTION vote request: 24a59b6b-5580-49f4-8674-e10ef71be698<-e9aaeb2c-5ca1-4644-9e1d-ecde78d55867#0:OK-t1. Peer's state: e9aaeb2c-5ca1-4644-9e1d-ecde78d55867@group-55D5C4970A63:t1, leader=null, voted=24a59b6b-5580-49f4-8674-e10ef71be698, raftlog=Memoized:e9aaeb2c-5ca1-4644-9e1d-ecde78d55867@group-55D5C4970A63-SegmentedRaftLog:OPENED:c-1, conf=-1: peers:[b8864c6c-2f32-4f18-b19e-2e05a8dee4a2|rpc:10.1.0.81:35481|dataStream:10.1.0.81:45565|priority:0|startupRole:FOLLOWER, e9aaeb2c-5ca1-4644-9e1d-ecde78d55867|rpc:10.1.0.81:40793|dataStream:10.1.0.81:46131|priority:0|startupRole:FOLLOWER, 24a59b6b-5580-49f4-8674-e10ef71be698|rpc:10.1.0.81:45623|dataStream:10.1.0.81:37369|priority:1|startupRole:FOLLOWER]|listeners:[], old=null
2023-02-21 13:39:20,600 [24a59b6b-5580-49f4-8674-e10ef71be698@group-55D5C4970A63-LeaderElection15] INFO  impl.LeaderElection (LeaderElection.java:logAndReturn(90)) - 24a59b6b-5580-49f4-8674-e10ef71be698@group-55D5C4970A63-LeaderElection15: ELECTION PASSED received 1 response(s) and 0 exception(s):
2023-02-21 13:39:20,600 [24a59b6b-5580-49f4-8674-e10ef71be698@group-55D5C4970A63-LeaderElection15] INFO  impl.LeaderElection (LeaderElection.java:logAndReturn(94)) -   Response 0: 24a59b6b-5580-49f4-8674-e10ef71be698<-e9aaeb2c-5ca1-4644-9e1d-ecde78d55867#0:OK-t1
2023-02-21 13:39:20,600 [24a59b6b-5580-49f4-8674-e10ef71be698@group-55D5C4970A63-LeaderElection15] INFO  impl.LeaderElection (LeaderElection.java:askForVotes(314)) - 24a59b6b-5580-49f4-8674-e10ef71be698@group-55D5C4970A63-LeaderElection15 ELECTION round 0: result PASSED
2023-02-21 13:39:20,600 [24a59b6b-5580-49f4-8674-e10ef71be698@group-55D5C4970A63-LeaderElection15] INFO  impl.RoleInfo (RoleInfo.java:shutdownLeaderElection(130)) - 24a59b6b-5580-49f4-8674-e10ef71be698: shutdown 24a59b6b-5580-49f4-8674-e10ef71be698@group-55D5C4970A63-LeaderElection15
2023-02-21 13:39:20,600 [24a59b6b-5580-49f4-8674-e10ef71be698@group-55D5C4970A63-LeaderElection15] INFO  server.RaftServer$Division (RaftServerImpl.java:setRole(321)) - 24a59b6b-5580-49f4-8674-e10ef71be698@group-55D5C4970A63: changes role from CANDIDATE to LEADER at term 1 for changeToLeader
2023-02-21 13:39:20,600 [24a59b6b-5580-49f4-8674-e10ef71be698@group-55D5C4970A63-LeaderElection15] INFO  ratis.XceiverServerRatis (XceiverServerRatis.java:handleLeaderChangedNotification(905)) - Leader change notification received for group: group-55D5C4970A63 with new leaderId: 24a59b6b-5580-49f4-8674-e10ef71be698
2023-02-21 13:39:20,600 [24a59b6b-5580-49f4-8674-e10ef71be698@group-55D5C4970A63-LeaderElection15] INFO  server.RaftServer$Division (ServerState.java:setLeader(313)) - 24a59b6b-5580-49f4-8674-e10ef71be698@group-55D5C4970A63: change Leader from null to 24a59b6b-5580-49f4-8674-e10ef71be698 at term 1 for becomeLeader, leader elected after 5196ms
2023-02-21 13:39:20,600 [24a59b6b-5580-49f4-8674-e10ef71be698@group-55D5C4970A63-LeaderElection15] INFO  server.RaftServerConfigKeys (ConfUtils.java:logGet(46)) - raft.server.staging.catchup.gap = 1000 (default)
2023-02-21 13:39:20,601 [24a59b6b-5580-49f4-8674-e10ef71be698@group-55D5C4970A63-LeaderElection15] INFO  server.RaftServerConfigKeys (ConfUtils.java:logGet(46)) - raft.server.write.element-limit = 1024 (custom)
2023-02-21 13:39:20,601 [24a59b6b-5580-49f4-8674-e10ef71be698@group-55D5C4970A63-LeaderElection15] INFO  server.RaftServerConfigKeys (ConfUtils.java:logGet(46)) - raft.server.write.byte-limit = 1024 M (=1073741824) (custom)
2023-02-21 13:39:20,601 [24a59b6b-5580-49f4-8674-e10ef71be698@group-55D5C4970A63-LeaderElection15] INFO  server.RaftServerConfigKeys (ConfUtils.java:logGet(46)) - raft.server.watch.timeout = 180s (custom)
2023-02-21 13:39:20,601 [24a59b6b-5580-49f4-8674-e10ef71be698@group-55D5C4970A63-LeaderElection15] INFO  server.RaftServerConfigKeys (ConfUtils.java:logGet(46)) - raft.server.watch.timeout.denomination = 1s (default)
2023-02-21 13:39:20,601 [24a59b6b-5580-49f4-8674-e10ef71be698@group-55D5C4970A63-LeaderElection15] INFO  server.RaftServerConfigKeys (ConfUtils.java:logGet(46)) - raft.server.watch.element-limit = 65536 (default)
2023-02-21 13:39:20,601 [24a59b6b-5580-49f4-8674-e10ef71be698@group-55D5C4970A63-LeaderElection15] INFO  server.RaftServerConfigKeys (ConfUtils.java:logGet(46)) - raft.server.write.element-limit = 1024 (custom)
2023-02-21 13:39:20,601 [24a59b6b-5580-49f4-8674-e10ef71be698@group-55D5C4970A63-LeaderElection15] INFO  server.RaftServerConfigKeys (ConfUtils.java:logGet(46)) - raft.server.write.follower.gap.ratio.max = -1.0 (default)
2023-02-21 13:39:20,602 [24a59b6b-5580-49f4-8674-e10ef71be698@group-55D5C4970A63-LeaderElection15] INFO  server.RaftServerConfigKeys (ConfUtils.java:logGet(46)) - raft.server.log.appender.snapshot.chunk.size.max = 16MB (=16777216) (default)
2023-02-21 13:39:20,602 [24a59b6b-5580-49f4-8674-e10ef71be698@group-55D5C4970A63-LeaderElection15] INFO  server.RaftServerConfigKeys (ConfUtils.java:logGet(46)) - raft.server.log.appender.buffer.byte-limit = 33554432 (custom)
2023-02-21 13:39:20,602 [24a59b6b-5580-49f4-8674-e10ef71be698@group-55D5C4970A63-LeaderElection15] INFO  server.RaftServerConfigKeys (ConfUtils.java:logGet(46)) - raft.server.log.appender.buffer.element-limit = 1 (custom)
2023-02-21 13:39:20,602 [24a59b6b-5580-49f4-8674-e10ef71be698@group-55D5C4970A63-LeaderElection15] INFO  grpc.GrpcConfigKeys (ConfUtils.java:logGet(46)) - raft.grpc.server.leader.outstanding.appends.max = 128 (default)
2023-02-21 13:39:20,604 [EventQueue-PipelineReportForPipelineReportHandler] INFO  pipeline.PipelineManagerImpl (PipelineManagerImpl.java:openPipeline(367)) - Pipeline Pipeline[ Id: d634ac0a-be48-4e24-a522-55d5c4970a63, Nodes: b8864c6c-2f32-4f18-b19e-2e05a8dee4a2(fv-az318-260.ewvrrcgabbbubjc05i3n4a3pph.dx.internal.cloudapp.net/10.1.0.81)e9aaeb2c-5ca1-4644-9e1d-ecde78d55867(fv-az318-260.ewvrrcgabbbubjc05i3n4a3pph.dx.internal.cloudapp.net/10.1.0.81)24a59b6b-5580-49f4-8674-e10ef71be698(fv-az318-260.ewvrrcgabbbubjc05i3n4a3pph.dx.internal.cloudapp.net/10.1.0.81), ReplicationConfig: RATIS/THREE, State:ALLOCATED, leaderId:24a59b6b-5580-49f4-8674-e10ef71be698, CreationTimestamp2023-02-21T13:39:13.024Z[Etc/UTC]] moved to OPEN state
2023-02-21 13:39:20,603 [grpc-default-executor-1] INFO  server.RaftServer$Division (RaftServerImpl.java:requestVote(1251)) - b8864c6c-2f32-4f18-b19e-2e05a8dee4a2@group-55D5C4970A63 replies to ELECTION vote request: 24a59b6b-5580-49f4-8674-e10ef71be698<-b8864c6c-2f32-4f18-b19e-2e05a8dee4a2#0:OK-t1. Peer's state: b8864c6c-2f32-4f18-b19e-2e05a8dee4a2@group-55D5C4970A63:t1, leader=null, voted=24a59b6b-5580-49f4-8674-e10ef71be698, raftlog=Memoized:b8864c6c-2f32-4f18-b19e-2e05a8dee4a2@group-55D5C4970A63-SegmentedRaftLog:OPENED:c-1, conf=-1: peers:[b8864c6c-2f32-4f18-b19e-2e05a8dee4a2|rpc:10.1.0.81:35481|dataStream:10.1.0.81:45565|priority:0|startupRole:FOLLOWER, e9aaeb2c-5ca1-4644-9e1d-ecde78d55867|rpc:10.1.0.81:40793|dataStream:10.1.0.81:46131|priority:0|startupRole:FOLLOWER, 24a59b6b-5580-49f4-8674-e10ef71be698|rpc:10.1.0.81:45623|dataStream:10.1.0.81:37369|priority:1|startupRole:FOLLOWER]|listeners:[], old=null
2023-02-21 13:39:20,602 [b8864c6c-2f32-4f18-b19e-2e05a8dee4a2@group-55D5C4970A63-FollowerState] INFO  server.RaftServerConfigKeys (ConfUtils.java:logFallback(53)) - raft.server.rpc.first-election.timeout.min = 5s (fallback to raft.server.rpc.timeout.min)
2023-02-21 13:39:20,608 [b8864c6c-2f32-4f18-b19e-2e05a8dee4a2@group-55D5C4970A63-FollowerState] INFO  server.RaftServerConfigKeys (ConfUtils.java:logFallback(53)) - raft.server.rpc.first-election.timeout.max = 5200ms (fallback to raft.server.rpc.timeout.max)
2023-02-21 13:39:20,605 [24a59b6b-5580-49f4-8674-e10ef71be698@group-55D5C4970A63-LeaderElection15] INFO  server.RaftServerConfigKeys (ConfUtils.java:logGet(46)) - raft.server.rpc.request.timeout = 60s (custom)
2023-02-21 13:39:20,609 [24a59b6b-5580-49f4-8674-e10ef71be698@group-55D5C4970A63-LeaderElection15] INFO  server.RaftServerConfigKeys (ConfUtils.java:logGet(46)) - raft.server.log.appender.install.snapshot.enabled = false (custom)
2023-02-21 13:39:20,609 [24a59b6b-5580-49f4-8674-e10ef71be698@group-55D5C4970A63-LeaderElection15] INFO  grpc.GrpcConfigKeys (ConfUtils.java:logGet(46)) - raft.grpc.server.heartbeat.channel = true (default)
2023-02-21 13:39:20,609 [24a59b6b-5580-49f4-8674-e10ef71be698@group-55D5C4970A63-LeaderElection15] INFO  server.RaftServerConfigKeys (ConfUtils.java:logGet(46)) - raft.server.log.appender.wait-time.min = 10ms (default)
2023-02-21 13:39:20,610 [24a59b6b-5580-49f4-8674-e10ef71be698@group-55D5C4970A63-LeaderElection15] INFO  server.RaftServerConfigKeys (ConfUtils.java:logGet(46)) - raft.server.log.appender.snapshot.chunk.size.max = 16MB (=16777216) (default)
2023-02-21 13:39:20,610 [24a59b6b-5580-49f4-8674-e10ef71be698@group-55D5C4970A63-LeaderElection15] INFO  server.RaftServerConfigKeys (ConfUtils.java:logGet(46)) - raft.server.log.appender.buffer.byte-limit = 33554432 (custom)
2023-02-21 13:39:20,610 [24a59b6b-5580-49f4-8674-e10ef71be698@group-55D5C4970A63-LeaderElection15] INFO  server.RaftServerConfigKeys (ConfUtils.java:logGet(46)) - raft.server.log.appender.buffer.element-limit = 1 (custom)
2023-02-21 13:39:20,610 [24a59b6b-5580-49f4-8674-e10ef71be698@group-55D5C4970A63-LeaderElection15] INFO  grpc.GrpcConfigKeys (ConfUtils.java:logGet(46)) - raft.grpc.server.leader.outstanding.appends.max = 128 (default)
2023-02-21 13:39:20,611 [24a59b6b-5580-49f4-8674-e10ef71be698@group-55D5C4970A63-LeaderElection15] INFO  server.RaftServerConfigKeys (ConfUtils.java:logGet(46)) - raft.server.rpc.request.timeout = 60s (custom)
2023-02-21 13:39:20,611 [24a59b6b-5580-49f4-8674-e10ef71be698@group-55D5C4970A63-LeaderElection15] INFO  server.RaftServerConfigKeys (ConfUtils.java:logGet(46)) - raft.server.log.appender.install.snapshot.enabled = false (custom)
2023-02-21 13:39:20,611 [24a59b6b-5580-49f4-8674-e10ef71be698@group-55D5C4970A63-LeaderElection15] INFO  grpc.GrpcConfigKeys (ConfUtils.java:logGet(46)) - raft.grpc.server.heartbeat.channel = true (default)
2023-02-21 13:39:20,611 [24a59b6b-5580-49f4-8674-e10ef71be698@group-55D5C4970A63-LeaderElection15] INFO  server.RaftServerConfigKeys (ConfUtils.java:logGet(46)) - raft.server.log.appender.wait-time.min = 10ms (default)
2023-02-21 13:39:20,611 [24a59b6b-5580-49f4-8674-e10ef71be698@group-55D5C4970A63-LeaderElection15] INFO  impl.RoleInfo (RoleInfo.java:updateAndGet(139)) - 24a59b6b-5580-49f4-8674-e10ef71be698: start 24a59b6b-5580-49f4-8674-e10ef71be698@group-55D5C4970A63-LeaderStateImpl
2023-02-21 13:39:20,611 [24a59b6b-5580-49f4-8674-e10ef71be698@group-55D5C4970A63-LeaderElection15] INFO  segmented.SegmentedRaftLogWorker (SegmentedRaftLogWorker.java:startLogSegment(452)) - 24a59b6b-5580-49f4-8674-e10ef71be698@group-55D5C4970A63-SegmentedRaftLogWorker: Starting segment from index:0
2023-02-21 13:39:20,613 [24a59b6b-5580-49f4-8674-e10ef71be698@group-55D5C4970A63-SegmentedRaftLogWorker] INFO  segmented.SegmentedRaftLogWorker (SegmentedRaftLogWorker.java:execute(656)) - 24a59b6b-5580-49f4-8674-e10ef71be698@group-55D5C4970A63-SegmentedRaftLogWorker: created new log segment /home/runner/work/ozone/ozone/hadoop-ozone/integration-test/target/test-dir/MiniOzoneClusterImpl-be926948-0f1c-4cac-9651-6eceb419abf0/datanode-2/data/ratis/d634ac0a-be48-4e24-a522-55d5c4970a63/current/log_inprogress_0
2023-02-21 13:39:20,614 [24a59b6b-5580-49f4-8674-e10ef71be698@group-55D5C4970A63-LeaderElection15] INFO  server.RaftServer$Division (ServerState.java:setRaftConf(430)) - 24a59b6b-5580-49f4-8674-e10ef71be698@group-55D5C4970A63: set configuration 0: peers:[b8864c6c-2f32-4f18-b19e-2e05a8dee4a2|rpc:10.1.0.81:35481|dataStream:10.1.0.81:45565|priority:0|startupRole:FOLLOWER, e9aaeb2c-5ca1-4644-9e1d-ecde78d55867|rpc:10.1.0.81:40793|dataStream:10.1.0.81:46131|priority:0|startupRole:FOLLOWER, 24a59b6b-5580-49f4-8674-e10ef71be698|rpc:10.1.0.81:45623|dataStream:10.1.0.81:37369|priority:1|startupRole:FOLLOWER]|listeners:[], old=null
2023-02-21 13:39:20,625 [b8864c6c-2f32-4f18-b19e-2e05a8dee4a2-server-thread1] INFO  ratis.XceiverServerRatis (XceiverServerRatis.java:handleLeaderChangedNotification(905)) - Leader change notification received for group: group-55D5C4970A63 with new leaderId: 24a59b6b-5580-49f4-8674-e10ef71be698
2023-02-21 13:39:20,625 [b8864c6c-2f32-4f18-b19e-2e05a8dee4a2-server-thread1] INFO  server.RaftServer$Division (ServerState.java:setLeader(313)) - b8864c6c-2f32-4f18-b19e-2e05a8dee4a2@group-55D5C4970A63: change Leader from null to 24a59b6b-5580-49f4-8674-e10ef71be698 at term 1 for appendEntries, leader elected after 5261ms
2023-02-21 13:39:20,629 [e9aaeb2c-5ca1-4644-9e1d-ecde78d55867-server-thread1] INFO  ratis.XceiverServerRatis (XceiverServerRatis.java:handleLeaderChangedNotification(905)) - Leader change notification received for group: group-55D5C4970A63 with new leaderId: 24a59b6b-5580-49f4-8674-e10ef71be698
2023-02-21 13:39:20,631 [e9aaeb2c-5ca1-4644-9e1d-ecde78d55867-server-thread1] INFO  server.RaftServer$Division (ServerState.java:setLeader(313)) - e9aaeb2c-5ca1-4644-9e1d-ecde78d55867@group-55D5C4970A63: change Leader from null to 24a59b6b-5580-49f4-8674-e10ef71be698 at term 1 for appendEntries, leader elected after 5300ms
2023-02-21 13:39:20,631 [b8864c6c-2f32-4f18-b19e-2e05a8dee4a2-server-thread2] INFO  server.RaftServer$Division (ServerState.java:setRaftConf(430)) - b8864c6c-2f32-4f18-b19e-2e05a8dee4a2@group-55D5C4970A63: set configuration 0: peers:[b8864c6c-2f32-4f18-b19e-2e05a8dee4a2|rpc:10.1.0.81:35481|dataStream:10.1.0.81:45565|priority:0|startupRole:FOLLOWER, e9aaeb2c-5ca1-4644-9e1d-ecde78d55867|rpc:10.1.0.81:40793|dataStream:10.1.0.81:46131|priority:0|startupRole:FOLLOWER, 24a59b6b-5580-49f4-8674-e10ef71be698|rpc:10.1.0.81:45623|dataStream:10.1.0.81:37369|priority:1|startupRole:FOLLOWER]|listeners:[], old=null
2023-02-21 13:39:20,631 [b8864c6c-2f32-4f18-b19e-2e05a8dee4a2-server-thread2] INFO  segmented.SegmentedRaftLogWorker (SegmentedRaftLogWorker.java:startLogSegment(452)) - b8864c6c-2f32-4f18-b19e-2e05a8dee4a2@group-55D5C4970A63-SegmentedRaftLogWorker: Starting segment from index:0
2023-02-21 13:39:20,636 [b8864c6c-2f32-4f18-b19e-2e05a8dee4a2@group-55D5C4970A63-SegmentedRaftLogWorker] INFO  segmented.SegmentedRaftLogWorker (SegmentedRaftLogWorker.java:execute(656)) - b8864c6c-2f32-4f18-b19e-2e05a8dee4a2@group-55D5C4970A63-SegmentedRaftLogWorker: created new log segment /home/runner/work/ozone/ozone/hadoop-ozone/integration-test/target/test-dir/MiniOzoneClusterImpl-be926948-0f1c-4cac-9651-6eceb419abf0/datanode-1/data/ratis/d634ac0a-be48-4e24-a522-55d5c4970a63/current/log_inprogress_0
2023-02-21 13:39:20,639 [e9aaeb2c-5ca1-4644-9e1d-ecde78d55867-server-thread2] INFO  server.RaftServer$Division (ServerState.java:setRaftConf(430)) - e9aaeb2c-5ca1-4644-9e1d-ecde78d55867@group-55D5C4970A63: set configuration 0: peers:[b8864c6c-2f32-4f18-b19e-2e05a8dee4a2|rpc:10.1.0.81:35481|dataStream:10.1.0.81:45565|priority:0|startupRole:FOLLOWER, e9aaeb2c-5ca1-4644-9e1d-ecde78d55867|rpc:10.1.0.81:40793|dataStream:10.1.0.81:46131|priority:0|startupRole:FOLLOWER, 24a59b6b-5580-49f4-8674-e10ef71be698|rpc:10.1.0.81:45623|dataStream:10.1.0.81:37369|priority:1|startupRole:FOLLOWER]|listeners:[], old=null
2023-02-21 13:39:20,640 [e9aaeb2c-5ca1-4644-9e1d-ecde78d55867-server-thread2] INFO  segmented.SegmentedRaftLogWorker (SegmentedRaftLogWorker.java:startLogSegment(452)) - e9aaeb2c-5ca1-4644-9e1d-ecde78d55867@group-55D5C4970A63-SegmentedRaftLogWorker: Starting segment from index:0
2023-02-21 13:39:20,641 [e9aaeb2c-5ca1-4644-9e1d-ecde78d55867@group-55D5C4970A63-SegmentedRaftLogWorker] INFO  segmented.SegmentedRaftLogWorker (SegmentedRaftLogWorker.java:execute(656)) - e9aaeb2c-5ca1-4644-9e1d-ecde78d55867@group-55D5C4970A63-SegmentedRaftLogWorker: created new log segment /home/runner/work/ozone/ozone/hadoop-ozone/integration-test/target/test-dir/MiniOzoneClusterImpl-be926948-0f1c-4cac-9651-6eceb419abf0/datanode-0/data/ratis/d634ac0a-be48-4e24-a522-55d5c4970a63/current/log_inprogress_0
2023-02-21 13:39:20,704 [b8864c6c-2f32-4f18-b19e-2e05a8dee4a2@group-FF5B6D852D5D-FollowerState] INFO  impl.FollowerState (FollowerState.java:run(143)) - b8864c6c-2f32-4f18-b19e-2e05a8dee4a2@group-FF5B6D852D5D-FollowerState: change to CANDIDATE, lastRpcElapsedTime:5146572527ns, electionTimeout:5135ms
2023-02-21 13:39:20,704 [b8864c6c-2f32-4f18-b19e-2e05a8dee4a2@group-FF5B6D852D5D-FollowerState] INFO  impl.RoleInfo (RoleInfo.java:shutdownFollowerState(110)) - b8864c6c-2f32-4f18-b19e-2e05a8dee4a2: shutdown b8864c6c-2f32-4f18-b19e-2e05a8dee4a2@group-FF5B6D852D5D-FollowerState
2023-02-21 13:39:20,705 [b8864c6c-2f32-4f18-b19e-2e05a8dee4a2@group-FF5B6D852D5D-FollowerState] INFO  server.RaftServer$Division (RaftServerImpl.java:setRole(321)) - b8864c6c-2f32-4f18-b19e-2e05a8dee4a2@group-FF5B6D852D5D: changes role from  FOLLOWER to CANDIDATE at term 0 for changeToCandidate
2023-02-21 13:39:20,705 [b8864c6c-2f32-4f18-b19e-2e05a8dee4a2@group-FF5B6D852D5D-FollowerState] INFO  server.RaftServerConfigKeys (ConfUtils.java:logGet(46)) - raft.server.leaderelection.pre-vote = true (default)
2023-02-21 13:39:20,705 [b8864c6c-2f32-4f18-b19e-2e05a8dee4a2@group-FF5B6D852D5D-FollowerState] INFO  impl.RoleInfo (RoleInfo.java:updateAndGet(139)) - b8864c6c-2f32-4f18-b19e-2e05a8dee4a2: start b8864c6c-2f32-4f18-b19e-2e05a8dee4a2@group-FF5B6D852D5D-LeaderElection16
2023-02-21 13:39:20,706 [b8864c6c-2f32-4f18-b19e-2e05a8dee4a2@group-FF5B6D852D5D-LeaderElection16] INFO  impl.LeaderElection (LeaderElection.java:askForVotes(312)) - b8864c6c-2f32-4f18-b19e-2e05a8dee4a2@group-FF5B6D852D5D-LeaderElection16 PRE_VOTE round 0: submit vote requests at term 0 for -1: peers:[b8864c6c-2f32-4f18-b19e-2e05a8dee4a2|rpc:10.1.0.81:35481|dataStream:10.1.0.81:45565|priority:1|startupRole:FOLLOWER]|listeners:[], old=null
2023-02-21 13:39:20,706 [b8864c6c-2f32-4f18-b19e-2e05a8dee4a2@group-FF5B6D852D5D-LeaderElection16] INFO  impl.LeaderElection (LeaderElection.java:askForVotes(314)) - b8864c6c-2f32-4f18-b19e-2e05a8dee4a2@group-FF5B6D852D5D-LeaderElection16 PRE_VOTE round 0: result PASSED (term=0)
2023-02-21 13:39:20,708 [b8864c6c-2f32-4f18-b19e-2e05a8dee4a2@group-FF5B6D852D5D-LeaderElection16] INFO  impl.LeaderElection (LeaderElection.java:askForVotes(312)) - b8864c6c-2f32-4f18-b19e-2e05a8dee4a2@group-FF5B6D852D5D-LeaderElection16 ELECTION round 0: submit vote requests at term 1 for -1: peers:[b8864c6c-2f32-4f18-b19e-2e05a8dee4a2|rpc:10.1.0.81:35481|dataStream:10.1.0.81:45565|priority:1|startupRole:FOLLOWER]|listeners:[], old=null
2023-02-21 13:39:20,708 [b8864c6c-2f32-4f18-b19e-2e05a8dee4a2@group-FF5B6D852D5D-LeaderElection16] INFO  impl.LeaderElection (LeaderElection.java:askForVotes(314)) - b8864c6c-2f32-4f18-b19e-2e05a8dee4a2@group-FF5B6D852D5D-LeaderElection16 ELECTION round 0: result PASSED (term=1)
2023-02-21 13:39:20,708 [b8864c6c-2f32-4f18-b19e-2e05a8dee4a2@group-FF5B6D852D5D-LeaderElection16] INFO  impl.RoleInfo (RoleInfo.java:shutdownLeaderElection(130)) - b8864c6c-2f32-4f18-b19e-2e05a8dee4a2: shutdown b8864c6c-2f32-4f18-b19e-2e05a8dee4a2@group-FF5B6D852D5D-LeaderElection16
2023-02-21 13:39:20,708 [b8864c6c-2f32-4f18-b19e-2e05a8dee4a2@group-FF5B6D852D5D-LeaderElection16] INFO  server.RaftServer$Division (RaftServerImpl.java:setRole(321)) - b8864c6c-2f32-4f18-b19e-2e05a8dee4a2@group-FF5B6D852D5D: changes role from CANDIDATE to LEADER at term 1 for changeToLeader
2023-02-21 13:39:20,708 [b8864c6c-2f32-4f18-b19e-2e05a8dee4a2@group-FF5B6D852D5D-LeaderElection16] INFO  ratis.XceiverServerRatis (XceiverServerRatis.java:handleLeaderChangedNotification(905)) - Leader change notification received for group: group-FF5B6D852D5D with new leaderId: b8864c6c-2f32-4f18-b19e-2e05a8dee4a2
2023-02-21 13:39:20,708 [b8864c6c-2f32-4f18-b19e-2e05a8dee4a2@group-FF5B6D852D5D-LeaderElection16] INFO  server.RaftServer$Division (ServerState.java:setLeader(313)) - b8864c6c-2f32-4f18-b19e-2e05a8dee4a2@group-FF5B6D852D5D: change Leader from null to b8864c6c-2f32-4f18-b19e-2e05a8dee4a2 at term 1 for becomeLeader, leader elected after 5171ms
2023-02-21 13:39:20,708 [b8864c6c-2f32-4f18-b19e-2e05a8dee4a2@group-FF5B6D852D5D-LeaderElection16] INFO  server.RaftServerConfigKeys (ConfUtils.java:logGet(46)) - raft.server.staging.catchup.gap = 1000 (default)
2023-02-21 13:39:20,709 [b8864c6c-2f32-4f18-b19e-2e05a8dee4a2@group-FF5B6D852D5D-LeaderElection16] INFO  server.RaftServerConfigKeys (ConfUtils.java:logGet(46)) - raft.server.write.element-limit = 1024 (custom)
2023-02-21 13:39:20,709 [b8864c6c-2f32-4f18-b19e-2e05a8dee4a2@group-FF5B6D852D5D-LeaderElection16] INFO  server.RaftServerConfigKeys (ConfUtils.java:logGet(46)) - raft.server.write.byte-limit = 1024 M (=1073741824) (custom)
2023-02-21 13:39:20,709 [b8864c6c-2f32-4f18-b19e-2e05a8dee4a2@group-FF5B6D852D5D-LeaderElection16] INFO  server.RaftServerConfigKeys (ConfUtils.java:logGet(46)) - raft.server.watch.timeout = 180s (custom)
2023-02-21 13:39:20,709 [b8864c6c-2f32-4f18-b19e-2e05a8dee4a2@group-FF5B6D852D5D-LeaderElection16] INFO  server.RaftServerConfigKeys (ConfUtils.java:logGet(46)) - raft.server.watch.timeout.denomination = 1s (default)
2023-02-21 13:39:20,709 [b8864c6c-2f32-4f18-b19e-2e05a8dee4a2@group-FF5B6D852D5D-LeaderElection16] INFO  server.RaftServerConfigKeys (ConfUtils.java:logGet(46)) - raft.server.watch.element-limit = 65536 (default)
2023-02-21 13:39:20,709 [b8864c6c-2f32-4f18-b19e-2e05a8dee4a2@group-FF5B6D852D5D-LeaderElection16] INFO  server.RaftServerConfigKeys (ConfUtils.java:logGet(46)) - raft.server.write.element-limit = 1024 (custom)
2023-02-21 13:39:20,710 [b8864c6c-2f32-4f18-b19e-2e05a8dee4a2@group-FF5B6D852D5D-LeaderElection16] INFO  server.RaftServerConfigKeys (ConfUtils.java:logGet(46)) - raft.server.write.follower.gap.ratio.max = -1.0 (default)
2023-02-21 13:39:20,710 [b8864c6c-2f32-4f18-b19e-2e05a8dee4a2@group-FF5B6D852D5D-LeaderElection16] INFO  impl.RoleInfo (RoleInfo.java:updateAndGet(139)) - b8864c6c-2f32-4f18-b19e-2e05a8dee4a2: start b8864c6c-2f32-4f18-b19e-2e05a8dee4a2@group-FF5B6D852D5D-LeaderStateImpl
2023-02-21 13:39:20,710 [b8864c6c-2f32-4f18-b19e-2e05a8dee4a2@group-FF5B6D852D5D-LeaderElection16] INFO  segmented.SegmentedRaftLogWorker (SegmentedRaftLogWorker.java:startLogSegment(452)) - b8864c6c-2f32-4f18-b19e-2e05a8dee4a2@group-FF5B6D852D5D-SegmentedRaftLogWorker: Starting segment from index:0
2023-02-21 13:39:20,716 [b8864c6c-2f32-4f18-b19e-2e05a8dee4a2@group-FF5B6D852D5D-SegmentedRaftLogWorker] INFO  segmented.SegmentedRaftLogWorker (SegmentedRaftLogWorker.java:execute(656)) - b8864c6c-2f32-4f18-b19e-2e05a8dee4a2@group-FF5B6D852D5D-SegmentedRaftLogWorker: created new log segment /home/runner/work/ozone/ozone/hadoop-ozone/integration-test/target/test-dir/MiniOzoneClusterImpl-be926948-0f1c-4cac-9651-6eceb419abf0/datanode-1/data/ratis/938e74fb-aec6-407d-a2a2-ff5b6d852d5d/current/log_inprogress_0
2023-02-21 13:39:20,724 [b8864c6c-2f32-4f18-b19e-2e05a8dee4a2@group-FF5B6D852D5D-LeaderElection16] INFO  server.RaftServer$Division (ServerState.java:setRaftConf(430)) - b8864c6c-2f32-4f18-b19e-2e05a8dee4a2@group-FF5B6D852D5D: set configuration 0: peers:[b8864c6c-2f32-4f18-b19e-2e05a8dee4a2|rpc:10.1.0.81:35481|dataStream:10.1.0.81:45565|priority:1|startupRole:FOLLOWER]|listeners:[], old=null
2023-02-21 13:39:20,890 [Listener at 127.0.0.1/40229] INFO  ozone.MiniOzoneClusterImpl (MiniOzoneClusterImpl.java:lambda$waitForClusterToBeReady$0(218)) - Nodes are ready. Got 5 of 5 DN Heartbeats.
2023-02-21 13:39:20,890 [Listener at 127.0.0.1/40229] INFO  ozone.MiniOzoneClusterImpl (MiniOzoneClusterImpl.java:lambda$waitForClusterToBeReady$0(221)) - Cluster exits safe mode
2023-02-21 13:39:20,890 [Listener at 127.0.0.1/40229] INFO  ozone.MiniOzoneClusterImpl (MiniOzoneClusterImpl.java:lambda$waitForClusterToBeReady$0(223)) - SCM became leader
2023-02-21 13:39:20,931 [Listener at 127.0.0.1/40229] INFO  rpc.RpcClient (RpcClient.java:createVolume(476)) - Creating Volume: volume46490, with user63150 as owner and space quota set to -1 bytes, counts quota set to -1
2023-02-21 13:39:20,933 [IPC Server handler 2 on default port 40229] INFO  volume.OMVolumeCreateRequest (OMVolumeCreateRequest.java:validateAndUpdateCache(195)) - created volume:volume46490 for user:user63150
2023-02-21 13:39:20,946 [Listener at 127.0.0.1/40229] INFO  rpc.RpcClient (RpcClient.java:createBucket(698)) - Creating Bucket: volume46490/bucket73093, with bucket layout LEGACY, runner as owner, Versioning false, Storage Type set to DISK and Encryption set to false, Replication Type set to server-side default replication type, Namespace Quota set to -1, Space Quota set to -1 
2023-02-21 13:39:20,948 [IPC Server handler 6 on default port 40229] INFO  bucket.OMBucketCreateRequest (OMBucketCreateRequest.java:validateAndUpdateCache(263)) - created bucket: bucket73093 of layout LEGACY in volume: volume46490
]]></system-out>
  </testcase>
  <testcase name="testGetTrashRoot" classname="TestOzoneFileSystem" time="20.796">
    <system-out><![CDATA[2023-02-21 13:39:59,254 [Listener at 127.0.0.1/40229] INFO  ozone.MiniOzoneClusterImpl (MiniOzoneClusterImpl.java:shutdown(450)) - Shutting down the Mini Ozone Cluster
2023-02-21 13:39:59,255 [Listener at 127.0.0.1/40229] INFO  ozone.MiniOzoneClusterImpl (MiniOzoneClusterImpl.java:stop(465)) - Stopping the Mini Ozone Cluster
2023-02-21 13:39:59,255 [Listener at 127.0.0.1/40229] INFO  ozone.MiniOzoneClusterImpl (MiniOzoneClusterImpl.java:stopOM(547)) - Stopping the OzoneManager
2023-02-21 13:39:59,255 [Listener at 127.0.0.1/40229] INFO  om.OzoneManager (OzoneManager.java:stop(2139)) - om1[localhost:0]: Stopping Ozone Manager
2023-02-21 13:39:59,255 [Listener at 127.0.0.1/40229] INFO  ipc.Server (Server.java:stop(3428)) - Stopping server on 40229
2023-02-21 13:39:59,260 [IPC Server Responder] INFO  ipc.Server (Server.java:run(1517)) - Stopping IPC Server Responder
2023-02-21 13:39:59,260 [Listener at 127.0.0.1/40229] INFO  ratis.OzoneManagerDoubleBuffer (OzoneManagerDoubleBuffer.java:stopDaemon(541)) - Stopping OMDoubleBuffer flush thread
2023-02-21 13:39:59,260 [IPC Server listener on 0] INFO  ipc.Server (Server.java:run(1384)) - Stopping IPC Server listener on 0
2023-02-21 13:39:59,260 [OMDoubleBufferFlushThread] INFO  ratis.OzoneManagerDoubleBuffer (OzoneManagerDoubleBuffer.java:canFlush(626)) - OMDoubleBuffer flush thread OMDoubleBufferFlushThread is interrupted and will exit.
2023-02-21 13:39:59,260 [Listener at 127.0.0.1/40229] INFO  utils.BackgroundService (BackgroundService.java:shutdown(141)) - Shutting down service KeyDeletingService
2023-02-21 13:39:59,261 [Listener at 127.0.0.1/40229] INFO  utils.BackgroundService (BackgroundService.java:shutdown(141)) - Shutting down service DirectoryDeletingService
2023-02-21 13:39:59,264 [Listener at 127.0.0.1/40229] INFO  utils.BackgroundService (BackgroundService.java:shutdown(141)) - Shutting down service OpenKeyCleanupService
2023-02-21 13:39:59,264 [Listener at 127.0.0.1/40229] INFO  utils.BackgroundService (BackgroundService.java:shutdown(141)) - Shutting down service SstFilteringService
2023-02-21 13:39:59,265 [Listener at 127.0.0.1/40229] INFO  handler.ContextHandler (ContextHandler.java:doStop(1159)) - Stopped o.e.j.w.WebAppContext@16b27cc8{ozoneManager,/,null,STOPPED}{file:/home/runner/work/ozone/ozone/hadoop-ozone/integration-test/target/test-classes/webapps/ozoneManager}
2023-02-21 13:39:59,266 [Listener at 127.0.0.1/40229] INFO  server.AbstractConnector (AbstractConnector.java:doStop(383)) - Stopped ServerConnector@3ff24fed{HTTP/1.1, (http/1.1)}{0.0.0.0:0}
2023-02-21 13:39:59,266 [Listener at 127.0.0.1/40229] INFO  server.session (HouseKeeper.java:stopScavenging(149)) - node0 Stopped scavenging
2023-02-21 13:39:59,267 [Listener at 127.0.0.1/40229] INFO  handler.ContextHandler (ContextHandler.java:doStop(1159)) - Stopped o.e.j.s.ServletContextHandler@2dbb542f{static,/static,file:///home/runner/work/ozone/ozone/hadoop-ozone/integration-test/target/test-classes/webapps/static,STOPPED}
2023-02-21 13:39:59,267 [Listener at 127.0.0.1/40229] INFO  handler.ContextHandler (ContextHandler.java:doStop(1159)) - Stopped o.e.j.s.ServletContextHandler@2bcbc231{logs,/logs,file:///home/runner/work/ozone/ozone/hadoop-ozone/integration-test/target/log,STOPPED}
2023-02-21 13:39:59,274 [Listener at 127.0.0.1/40229] INFO  ozone.MiniOzoneClusterImpl (MiniOzoneClusterImpl.java:stopDatanodes(524)) - Stopping the HddsDatanodes
2023-02-21 13:39:59,276 [Listener at 127.0.0.1/40229] INFO  ozoneimpl.OzoneContainer (OzoneContainer.java:stop(420)) - Attempting to stop container services.
2023-02-21 13:39:59,277 [Listener at 127.0.0.1/40229] INFO  server.RaftServer (RaftServerProxy.java:lambda$close$6(409)) - 24a59b6b-5580-49f4-8674-e10ef71be698: close
2023-02-21 13:39:59,277 [24a59b6b-5580-49f4-8674-e10ef71be698-impl-thread1] INFO  server.RaftServer$Division (RaftServerImpl.java:lambda$close$4(458)) - 24a59b6b-5580-49f4-8674-e10ef71be698@group-47FCF3555B7A: shutdown
2023-02-21 13:39:59,277 [24a59b6b-5580-49f4-8674-e10ef71be698-impl-thread1] INFO  util.JmxRegister (JmxRegister.java:unregister(73)) - Successfully un-registered JMX Bean with object name Ratis:service=RaftServer,group=group-47FCF3555B7A,id=24a59b6b-5580-49f4-8674-e10ef71be698
2023-02-21 13:39:59,277 [24a59b6b-5580-49f4-8674-e10ef71be698-impl-thread1] INFO  impl.RoleInfo (RoleInfo.java:shutdownFollowerState(110)) - 24a59b6b-5580-49f4-8674-e10ef71be698: shutdown 24a59b6b-5580-49f4-8674-e10ef71be698@group-47FCF3555B7A-FollowerState
2023-02-21 13:39:59,278 [24a59b6b-5580-49f4-8674-e10ef71be698-impl-thread2] INFO  server.RaftServer$Division (RaftServerImpl.java:lambda$close$4(458)) - 24a59b6b-5580-49f4-8674-e10ef71be698@group-55D5C4970A63: shutdown
2023-02-21 13:39:59,278 [24a59b6b-5580-49f4-8674-e10ef71be698-impl-thread2] INFO  util.JmxRegister (JmxRegister.java:unregister(73)) - Successfully un-registered JMX Bean with object name Ratis:service=RaftServer,group=group-55D5C4970A63,id=24a59b6b-5580-49f4-8674-e10ef71be698
2023-02-21 13:39:59,278 [24a59b6b-5580-49f4-8674-e10ef71be698-impl-thread2] INFO  impl.RoleInfo (RoleInfo.java:shutdownLeaderState(93)) - 24a59b6b-5580-49f4-8674-e10ef71be698: shutdown 24a59b6b-5580-49f4-8674-e10ef71be698@group-55D5C4970A63-LeaderStateImpl
2023-02-21 13:39:59,282 [Listener at 127.0.0.1/40229] INFO  server.GrpcService (GrpcService.java:closeImpl(271)) - 24a59b6b-5580-49f4-8674-e10ef71be698: shutdown server GrpcServerProtocolService now
2023-02-21 13:39:59,283 [24a59b6b-5580-49f4-8674-e10ef71be698-impl-thread3] INFO  server.RaftServer$Division (RaftServerImpl.java:lambda$close$4(458)) - 24a59b6b-5580-49f4-8674-e10ef71be698@group-00A541332AA0: shutdown
2023-02-21 13:39:59,283 [24a59b6b-5580-49f4-8674-e10ef71be698-impl-thread3] INFO  util.JmxRegister (JmxRegister.java:unregister(73)) - Successfully un-registered JMX Bean with object name Ratis:service=RaftServer,group=group-00A541332AA0,id=24a59b6b-5580-49f4-8674-e10ef71be698
2023-02-21 13:39:59,283 [24a59b6b-5580-49f4-8674-e10ef71be698-impl-thread3] INFO  impl.RoleInfo (RoleInfo.java:shutdownLeaderState(93)) - 24a59b6b-5580-49f4-8674-e10ef71be698: shutdown 24a59b6b-5580-49f4-8674-e10ef71be698@group-00A541332AA0-LeaderStateImpl
2023-02-21 13:39:59,287 [grpc-default-executor-0] WARN  server.GrpcServerProtocolService (LogUtils.java:warn(122)) - 24a59b6b-5580-49f4-8674-e10ef71be698: installSnapshot onError, lastRequest: e9aaeb2c-5ca1-4644-9e1d-ecde78d55867->24a59b6b-5580-49f4-8674-e10ef71be698#76-t1,previous=(t:1, i:20),leaderCommit=20,initializing? true,entries: size=1, first=(t:1, i:21), METADATAENTRY(c:20): org.apache.ratis.thirdparty.io.grpc.StatusRuntimeException: CANCELLED: client cancelled
2023-02-21 13:39:59,287 [grpc-default-executor-0] INFO  server.GrpcServerProtocolService (GrpcServerProtocolService.java:onCompleted(143)) - b8864c6c-2f32-4f18-b19e-2e05a8dee4a2: Completed APPEND_ENTRIES, lastRequest: 24a59b6b-5580-49f4-8674-e10ef71be698->b8864c6c-2f32-4f18-b19e-2e05a8dee4a2#271-t1,previous=(t:1, i:7),leaderCommit=6,initializing? true,entries: size=1, first=(t:1, i:8), METADATAENTRY(c:6)
2023-02-21 13:39:59,288 [grpc-default-executor-3] WARN  server.GrpcLogAppender (LogUtils.java:warn(122)) - e9aaeb2c-5ca1-4644-9e1d-ecde78d55867@group-47FCF3555B7A->24a59b6b-5580-49f4-8674-e10ef71be698-AppendLogResponseHandler: Failed appendEntries: org.apache.ratis.thirdparty.io.grpc.StatusRuntimeException: CANCELLED: RST_STREAM closed stream. HTTP/2 error code: CANCEL
2023-02-21 13:39:59,288 [grpc-default-executor-3] INFO  leader.FollowerInfo (FollowerInfoImpl.java:lambda$new$0(48)) - e9aaeb2c-5ca1-4644-9e1d-ecde78d55867@group-47FCF3555B7A->24a59b6b-5580-49f4-8674-e10ef71be698: nextIndex: updateUnconditionally 22 -> 21
2023-02-21 13:39:59,289 [grpc-default-executor-3] INFO  server.GrpcLogAppender (GrpcLogAppender.java:onCompleted(415)) - 24a59b6b-5580-49f4-8674-e10ef71be698@group-55D5C4970A63->b8864c6c-2f32-4f18-b19e-2e05a8dee4a2-AppendLogResponseHandler: follower responses appendEntries COMPLETED
2023-02-21 13:39:59,289 [grpc-default-executor-5] WARN  server.GrpcServerProtocolService (LogUtils.java:warn(122)) - 24a59b6b-5580-49f4-8674-e10ef71be698: installSnapshot onError, lastRequest: null: org.apache.ratis.thirdparty.io.grpc.StatusRuntimeException: CANCELLED: client cancelled
2023-02-21 13:39:59,289 [grpc-default-executor-3] INFO  leader.FollowerInfo (FollowerInfoImpl.java:lambda$new$0(48)) - 24a59b6b-5580-49f4-8674-e10ef71be698@group-55D5C4970A63->b8864c6c-2f32-4f18-b19e-2e05a8dee4a2: nextIndex: updateUnconditionally 9 -> 8
2023-02-21 13:39:59,290 [grpc-default-executor-0] WARN  server.GrpcClientProtocolService (LogUtils.java:warn(122)) - 1-OrderedRequestStreamObserver1: onError: org.apache.ratis.thirdparty.io.grpc.StatusRuntimeException: CANCELLED: client cancelled
2023-02-21 13:39:59,290 [grpc-default-executor-0] INFO  server.GrpcServerProtocolService (GrpcServerProtocolService.java:onCompleted(143)) - b8864c6c-2f32-4f18-b19e-2e05a8dee4a2: Completed APPEND_ENTRIES, lastRequest: null
2023-02-21 13:39:59,290 [grpc-default-executor-3] WARN  server.GrpcLogAppender (LogUtils.java:warn(122)) - e9aaeb2c-5ca1-4644-9e1d-ecde78d55867@group-47FCF3555B7A->24a59b6b-5580-49f4-8674-e10ef71be698-AppendLogResponseHandler: Failed appendEntries: org.apache.ratis.thirdparty.io.grpc.StatusRuntimeException: CANCELLED: RST_STREAM closed stream. HTTP/2 error code: CANCEL
2023-02-21 13:39:59,290 [grpc-default-executor-3] INFO  leader.FollowerInfo (FollowerInfoImpl.java:lambda$new$0(48)) - e9aaeb2c-5ca1-4644-9e1d-ecde78d55867@group-47FCF3555B7A->24a59b6b-5580-49f4-8674-e10ef71be698: nextIndex: updateUnconditionally 21 -> 20
2023-02-21 13:39:59,290 [Listener at 127.0.0.1/40229] INFO  server.GrpcServerProtocolClient (GrpcServerProtocolClient.java:close(101)) - b8864c6c-2f32-4f18-b19e-2e05a8dee4a2 Close channels
2023-02-21 13:39:59,291 [24a59b6b-5580-49f4-8674-e10ef71be698-impl-thread1] INFO  impl.StateMachineUpdater (StateMachineUpdater.java:stopAndJoin(153)) - 24a59b6b-5580-49f4-8674-e10ef71be698@group-47FCF3555B7A-StateMachineUpdater: set stopIndex = 21
2023-02-21 13:39:59,291 [24a59b6b-5580-49f4-8674-e10ef71be698@group-47FCF3555B7A-FollowerState] INFO  impl.FollowerState (FollowerState.java:run(152)) - 24a59b6b-5580-49f4-8674-e10ef71be698@group-47FCF3555B7A-FollowerState was interrupted
2023-02-21 13:39:59,292 [24a59b6b-5580-49f4-8674-e10ef71be698-impl-thread3] INFO  impl.PendingRequests (PendingRequests.java:sendNotLeaderResponses(282)) - 24a59b6b-5580-49f4-8674-e10ef71be698@group-00A541332AA0-PendingRequests: sendNotLeaderResponses
2023-02-21 13:39:59,292 [24a59b6b-5580-49f4-8674-e10ef71be698-impl-thread3] INFO  impl.StateMachineUpdater (StateMachineUpdater.java:stopAndJoin(153)) - 24a59b6b-5580-49f4-8674-e10ef71be698@group-00A541332AA0-StateMachineUpdater: set stopIndex = 0
2023-02-21 13:39:59,292 [24a59b6b-5580-49f4-8674-e10ef71be698@group-00A541332AA0-StateMachineUpdater] INFO  ratis.ContainerStateMachine (ContainerStateMachine.java:takeSnapshot(308)) - group-00A541332AA0: Taking a snapshot at:(t:1, i:0) file /home/runner/work/ozone/ozone/hadoop-ozone/integration-test/target/test-dir/MiniOzoneClusterImpl-be926948-0f1c-4cac-9651-6eceb419abf0/datanode-2/data/ratis/a5fbe8c9-bf7d-45a3-a4e7-00a541332aa0/sm/snapshot.1_0
2023-02-21 13:39:59,293 [ForkJoinPool.commonPool-worker-0] INFO  ozoneimpl.OzoneContainer (OzoneContainer.java:stop(420)) - Attempting to stop container services.
2023-02-21 13:39:59,293 [24a59b6b-5580-49f4-8674-e10ef71be698@group-00A541332AA0-StateMachineUpdater] INFO  ratis.ContainerStateMachine (ContainerStateMachine.java:takeSnapshot(319)) - group-00A541332AA0: Finished taking a snapshot at:(t:1, i:0) file:/home/runner/work/ozone/ozone/hadoop-ozone/integration-test/target/test-dir/MiniOzoneClusterImpl-be926948-0f1c-4cac-9651-6eceb419abf0/datanode-2/data/ratis/a5fbe8c9-bf7d-45a3-a4e7-00a541332aa0/sm/snapshot.1_0 took: 1 ms
2023-02-21 13:39:59,294 [24a59b6b-5580-49f4-8674-e10ef71be698@group-00A541332AA0-StateMachineUpdater] INFO  impl.StateMachineUpdater (StateMachineUpdater.java:takeSnapshot(287)) - 24a59b6b-5580-49f4-8674-e10ef71be698@group-00A541332AA0-StateMachineUpdater: Took a snapshot at index 0
2023-02-21 13:39:59,294 [24a59b6b-5580-49f4-8674-e10ef71be698@group-00A541332AA0-StateMachineUpdater] INFO  impl.StateMachineUpdater (StateMachineUpdater.java:lambda$new$0(92)) - 24a59b6b-5580-49f4-8674-e10ef71be698@group-00A541332AA0-StateMachineUpdater: snapshotIndex: updateIncreasingly -1 -> 0
2023-02-21 13:39:59,294 [24a59b6b-5580-49f4-8674-e10ef71be698-impl-thread3] INFO  server.RaftServer$Division (ServerState.java:close(466)) - 24a59b6b-5580-49f4-8674-e10ef71be698@group-00A541332AA0: closes. applyIndex: 0
2023-02-21 13:39:59,294 [24a59b6b-5580-49f4-8674-e10ef71be698@group-00A541332AA0-SegmentedRaftLogWorker] INFO  segmented.SegmentedRaftLogWorker (SegmentedRaftLogWorker.java:run(347)) - 24a59b6b-5580-49f4-8674-e10ef71be698@group-00A541332AA0-SegmentedRaftLogWorker was interrupted, exiting. There are 0 tasks remaining in the queue.
2023-02-21 13:39:59,294 [24a59b6b-5580-49f4-8674-e10ef71be698@group-47FCF3555B7A-StateMachineUpdater] INFO  ratis.ContainerStateMachine (ContainerStateMachine.java:takeSnapshot(308)) - group-47FCF3555B7A: Taking a snapshot at:(t:1, i:21) file /home/runner/work/ozone/ozone/hadoop-ozone/integration-test/target/test-dir/MiniOzoneClusterImpl-be926948-0f1c-4cac-9651-6eceb419abf0/datanode-2/data/ratis/0a910542-7126-47e9-864e-47fcf3555b7a/sm/snapshot.1_21
2023-02-21 13:39:59,295 [24a59b6b-5580-49f4-8674-e10ef71be698-impl-thread2] INFO  impl.PendingRequests (PendingRequests.java:sendNotLeaderResponses(282)) - 24a59b6b-5580-49f4-8674-e10ef71be698@group-55D5C4970A63-PendingRequests: sendNotLeaderResponses
2023-02-21 13:39:59,295 [24a59b6b-5580-49f4-8674-e10ef71be698@group-55D5C4970A63->e9aaeb2c-5ca1-4644-9e1d-ecde78d55867-GrpcLogAppender-LogAppenderDaemon] WARN  server.GrpcLogAppender (GrpcLogAppender.java:mayWait(200)) - 24a59b6b-5580-49f4-8674-e10ef71be698@group-55D5C4970A63->e9aaeb2c-5ca1-4644-9e1d-ecde78d55867-GrpcLogAppender: Wait interrupted by java.lang.InterruptedException
2023-02-21 13:39:59,296 [grpc-default-executor-0] INFO  server.GrpcLogAppender (GrpcLogAppender.java:onCompleted(415)) - 24a59b6b-5580-49f4-8674-e10ef71be698@group-55D5C4970A63->b8864c6c-2f32-4f18-b19e-2e05a8dee4a2-AppendLogResponseHandler: follower responses appendEntries COMPLETED
2023-02-21 13:39:59,296 [grpc-default-executor-0] WARN  server.GrpcLogAppender (GrpcLogAppender.java:resetClient(137)) - 24a59b6b-5580-49f4-8674-e10ef71be698@group-55D5C4970A63->b8864c6c-2f32-4f18-b19e-2e05a8dee4a2-GrpcLogAppender: Failed to getClient for b8864c6c-2f32-4f18-b19e-2e05a8dee4a2
org.apache.ratis.protocol.exceptions.AlreadyClosedException: 24a59b6b-5580-49f4-8674-e10ef71be698 is already CLOSED
	at org.apache.ratis.util.PeerProxyMap$PeerAndProxy.getProxy(PeerProxyMap.java:61)
	at org.apache.ratis.util.PeerProxyMap.getProxy(PeerProxyMap.java:115)
	at org.apache.ratis.grpc.server.GrpcLogAppender.getClient(GrpcLogAppender.java:116)
	at org.apache.ratis.grpc.server.GrpcLogAppender.resetClient(GrpcLogAppender.java:121)
	at org.apache.ratis.grpc.server.GrpcLogAppender.access$500(GrpcLogAppender.java:58)
	at org.apache.ratis.grpc.server.GrpcLogAppender$AppendLogResponseHandler.onCompleted(GrpcLogAppender.java:416)
	at org.apache.ratis.thirdparty.io.grpc.stub.ClientCalls$StreamObserverToCallListenerAdapter.onClose(ClientCalls.java:485)
	at org.apache.ratis.thirdparty.io.grpc.internal.ClientCallImpl.closeObserver(ClientCallImpl.java:562)
	at org.apache.ratis.thirdparty.io.grpc.internal.ClientCallImpl.access$300(ClientCallImpl.java:70)
	at org.apache.ratis.thirdparty.io.grpc.internal.ClientCallImpl$ClientStreamListenerImpl$1StreamClosed.runInternal(ClientCallImpl.java:743)
	at org.apache.ratis.thirdparty.io.grpc.internal.ClientCallImpl$ClientStreamListenerImpl$1StreamClosed.runInContext(ClientCallImpl.java:722)
	at org.apache.ratis.thirdparty.io.grpc.internal.ContextRunnable.run(ContextRunnable.java:37)
	at org.apache.ratis.thirdparty.io.grpc.internal.SerializingExecutor.run(SerializingExecutor.java:133)
	at java.util.concurrent.ThreadPoolExecutor.runWorker(ThreadPoolExecutor.java:1149)
	at java.util.concurrent.ThreadPoolExecutor$Worker.run(ThreadPoolExecutor.java:624)
	at java.lang.Thread.run(Thread.java:750)
2023-02-21 13:39:59,298 [24a59b6b-5580-49f4-8674-e10ef71be698@group-47FCF3555B7A-StateMachineUpdater] INFO  ratis.ContainerStateMachine (ContainerStateMachine.java:takeSnapshot(319)) - group-47FCF3555B7A: Finished taking a snapshot at:(t:1, i:21) file:/home/runner/work/ozone/ozone/hadoop-ozone/integration-test/target/test-dir/MiniOzoneClusterImpl-be926948-0f1c-4cac-9651-6eceb419abf0/datanode-2/data/ratis/0a910542-7126-47e9-864e-47fcf3555b7a/sm/snapshot.1_21 took: 3 ms
2023-02-21 13:39:59,298 [24a59b6b-5580-49f4-8674-e10ef71be698-impl-thread3] INFO  segmented.SegmentedRaftLogWorker (SegmentedRaftLogWorker.java:close(257)) - 24a59b6b-5580-49f4-8674-e10ef71be698@group-00A541332AA0-SegmentedRaftLogWorker close()
2023-02-21 13:39:59,300 [24a59b6b-5580-49f4-8674-e10ef71be698@group-47FCF3555B7A-StateMachineUpdater] INFO  impl.StateMachineUpdater (StateMachineUpdater.java:takeSnapshot(287)) - 24a59b6b-5580-49f4-8674-e10ef71be698@group-47FCF3555B7A-StateMachineUpdater: Took a snapshot at index 21
2023-02-21 13:39:59,300 [24a59b6b-5580-49f4-8674-e10ef71be698@group-47FCF3555B7A-StateMachineUpdater] INFO  impl.StateMachineUpdater (StateMachineUpdater.java:lambda$new$0(92)) - 24a59b6b-5580-49f4-8674-e10ef71be698@group-47FCF3555B7A-StateMachineUpdater: snapshotIndex: updateIncreasingly -1 -> 21
2023-02-21 13:39:59,300 [24a59b6b-5580-49f4-8674-e10ef71be698-impl-thread1] INFO  server.RaftServer$Division (ServerState.java:close(466)) - 24a59b6b-5580-49f4-8674-e10ef71be698@group-47FCF3555B7A: closes. applyIndex: 21
2023-02-21 13:39:59,300 [24a59b6b-5580-49f4-8674-e10ef71be698@group-47FCF3555B7A-SegmentedRaftLogWorker] INFO  segmented.SegmentedRaftLogWorker (SegmentedRaftLogWorker.java:run(347)) - 24a59b6b-5580-49f4-8674-e10ef71be698@group-47FCF3555B7A-SegmentedRaftLogWorker was interrupted, exiting. There are 0 tasks remaining in the queue.
2023-02-21 13:39:59,301 [grpc-default-executor-5] INFO  server.GrpcServerProtocolService (GrpcServerProtocolService.java:onCompleted(143)) - e9aaeb2c-5ca1-4644-9e1d-ecde78d55867: Completed APPEND_ENTRIES, lastRequest: 24a59b6b-5580-49f4-8674-e10ef71be698->e9aaeb2c-5ca1-4644-9e1d-ecde78d55867#276-t1,previous=(t:1, i:7),leaderCommit=6,initializing? true,entries: size=1, first=(t:1, i:8), METADATAENTRY(c:6)
2023-02-21 13:39:59,302 [ForkJoinPool.commonPool-worker-0] INFO  server.RaftServer (RaftServerProxy.java:lambda$close$6(409)) - b8864c6c-2f32-4f18-b19e-2e05a8dee4a2: close
2023-02-21 13:39:59,311 [24a59b6b-5580-49f4-8674-e10ef71be698-impl-thread1] INFO  segmented.SegmentedRaftLogWorker (SegmentedRaftLogWorker.java:close(257)) - 24a59b6b-5580-49f4-8674-e10ef71be698@group-47FCF3555B7A-SegmentedRaftLogWorker close()
2023-02-21 13:39:59,311 [grpc-default-executor-1] INFO  server.GrpcLogAppender (GrpcLogAppender.java:onCompleted(415)) - 24a59b6b-5580-49f4-8674-e10ef71be698@group-55D5C4970A63->e9aaeb2c-5ca1-4644-9e1d-ecde78d55867-AppendLogResponseHandler: follower responses appendEntries COMPLETED
2023-02-21 13:39:59,311 [grpc-default-executor-1] INFO  leader.FollowerInfo (FollowerInfoImpl.java:lambda$new$0(48)) - 24a59b6b-5580-49f4-8674-e10ef71be698@group-55D5C4970A63->e9aaeb2c-5ca1-4644-9e1d-ecde78d55867: nextIndex: updateUnconditionally 9 -> 8
2023-02-21 13:39:59,312 [grpc-default-executor-5] INFO  server.GrpcServerProtocolService (GrpcServerProtocolService.java:onCompleted(143)) - e9aaeb2c-5ca1-4644-9e1d-ecde78d55867: Completed APPEND_ENTRIES, lastRequest: null
2023-02-21 13:39:59,312 [grpc-default-executor-5] WARN  server.GrpcLogAppender (LogUtils.java:warn(122)) - e9aaeb2c-5ca1-4644-9e1d-ecde78d55867@group-47FCF3555B7A->24a59b6b-5580-49f4-8674-e10ef71be698-AppendLogResponseHandler: Failed appendEntries: org.apache.ratis.thirdparty.io.grpc.StatusRuntimeException: UNAVAILABLE: io exception
2023-02-21 13:39:59,312 [grpc-default-executor-5] INFO  leader.FollowerInfo (FollowerInfoImpl.java:lambda$new$0(48)) - e9aaeb2c-5ca1-4644-9e1d-ecde78d55867@group-47FCF3555B7A->24a59b6b-5580-49f4-8674-e10ef71be698: nextIndex: updateUnconditionally 21 -> 20
2023-02-21 13:39:59,314 [b8864c6c-2f32-4f18-b19e-2e05a8dee4a2-impl-thread2] INFO  server.RaftServer$Division (RaftServerImpl.java:lambda$close$4(458)) - b8864c6c-2f32-4f18-b19e-2e05a8dee4a2@group-55D5C4970A63: shutdown
2023-02-21 13:39:59,314 [b8864c6c-2f32-4f18-b19e-2e05a8dee4a2-impl-thread2] INFO  util.JmxRegister (JmxRegister.java:unregister(73)) - Successfully un-registered JMX Bean with object name Ratis:service=RaftServer,group=group-55D5C4970A63,id=b8864c6c-2f32-4f18-b19e-2e05a8dee4a2
2023-02-21 13:39:59,314 [b8864c6c-2f32-4f18-b19e-2e05a8dee4a2-impl-thread2] INFO  impl.RoleInfo (RoleInfo.java:shutdownFollowerState(110)) - b8864c6c-2f32-4f18-b19e-2e05a8dee4a2: shutdown b8864c6c-2f32-4f18-b19e-2e05a8dee4a2@group-55D5C4970A63-FollowerState
2023-02-21 13:39:59,318 [ForkJoinPool.commonPool-worker-0] INFO  server.GrpcService (GrpcService.java:closeImpl(271)) - b8864c6c-2f32-4f18-b19e-2e05a8dee4a2: shutdown server GrpcServerProtocolService now
2023-02-21 13:39:59,318 [b8864c6c-2f32-4f18-b19e-2e05a8dee4a2-impl-thread1] INFO  server.RaftServer$Division (RaftServerImpl.java:lambda$close$4(458)) - b8864c6c-2f32-4f18-b19e-2e05a8dee4a2@group-47FCF3555B7A: shutdown
2023-02-21 13:39:59,318 [b8864c6c-2f32-4f18-b19e-2e05a8dee4a2-impl-thread1] INFO  util.JmxRegister (JmxRegister.java:unregister(73)) - Successfully un-registered JMX Bean with object name Ratis:service=RaftServer,group=group-47FCF3555B7A,id=b8864c6c-2f32-4f18-b19e-2e05a8dee4a2
2023-02-21 13:39:59,319 [b8864c6c-2f32-4f18-b19e-2e05a8dee4a2-impl-thread3] INFO  server.RaftServer$Division (RaftServerImpl.java:lambda$close$4(458)) - b8864c6c-2f32-4f18-b19e-2e05a8dee4a2@group-FF5B6D852D5D: shutdown
2023-02-21 13:39:59,319 [b8864c6c-2f32-4f18-b19e-2e05a8dee4a2-impl-thread3] INFO  util.JmxRegister (JmxRegister.java:unregister(73)) - Successfully un-registered JMX Bean with object name Ratis:service=RaftServer,group=group-FF5B6D852D5D,id=b8864c6c-2f32-4f18-b19e-2e05a8dee4a2
2023-02-21 13:39:59,319 [b8864c6c-2f32-4f18-b19e-2e05a8dee4a2-impl-thread1] INFO  impl.RoleInfo (RoleInfo.java:shutdownFollowerState(110)) - b8864c6c-2f32-4f18-b19e-2e05a8dee4a2: shutdown b8864c6c-2f32-4f18-b19e-2e05a8dee4a2@group-47FCF3555B7A-FollowerState
2023-02-21 13:39:59,319 [b8864c6c-2f32-4f18-b19e-2e05a8dee4a2-impl-thread3] INFO  impl.RoleInfo (RoleInfo.java:shutdownLeaderState(93)) - b8864c6c-2f32-4f18-b19e-2e05a8dee4a2: shutdown b8864c6c-2f32-4f18-b19e-2e05a8dee4a2@group-FF5B6D852D5D-LeaderStateImpl
2023-02-21 13:39:59,329 [b8864c6c-2f32-4f18-b19e-2e05a8dee4a2@group-55D5C4970A63-StateMachineUpdater] INFO  ratis.ContainerStateMachine (ContainerStateMachine.java:takeSnapshot(308)) - group-55D5C4970A63: Taking a snapshot at:(t:1, i:8) file /home/runner/work/ozone/ozone/hadoop-ozone/integration-test/target/test-dir/MiniOzoneClusterImpl-be926948-0f1c-4cac-9651-6eceb419abf0/datanode-1/data/ratis/d634ac0a-be48-4e24-a522-55d5c4970a63/sm/snapshot.1_8
2023-02-21 13:39:59,328 [b8864c6c-2f32-4f18-b19e-2e05a8dee4a2-impl-thread2] INFO  impl.StateMachineUpdater (StateMachineUpdater.java:stopAndJoin(153)) - b8864c6c-2f32-4f18-b19e-2e05a8dee4a2@group-55D5C4970A63-StateMachineUpdater: set stopIndex = 8
2023-02-21 13:39:59,329 [b8864c6c-2f32-4f18-b19e-2e05a8dee4a2-impl-thread3] INFO  impl.PendingRequests (PendingRequests.java:sendNotLeaderResponses(282)) - b8864c6c-2f32-4f18-b19e-2e05a8dee4a2@group-FF5B6D852D5D-PendingRequests: sendNotLeaderResponses
2023-02-21 13:39:59,329 [b8864c6c-2f32-4f18-b19e-2e05a8dee4a2@group-47FCF3555B7A-FollowerState] INFO  impl.FollowerState (FollowerState.java:run(152)) - b8864c6c-2f32-4f18-b19e-2e05a8dee4a2@group-47FCF3555B7A-FollowerState was interrupted
2023-02-21 13:39:59,329 [b8864c6c-2f32-4f18-b19e-2e05a8dee4a2@group-55D5C4970A63-FollowerState] INFO  impl.FollowerState (FollowerState.java:run(152)) - b8864c6c-2f32-4f18-b19e-2e05a8dee4a2@group-55D5C4970A63-FollowerState was interrupted
2023-02-21 13:39:59,329 [b8864c6c-2f32-4f18-b19e-2e05a8dee4a2-impl-thread1] INFO  impl.StateMachineUpdater (StateMachineUpdater.java:stopAndJoin(153)) - b8864c6c-2f32-4f18-b19e-2e05a8dee4a2@group-47FCF3555B7A-StateMachineUpdater: set stopIndex = 21
2023-02-21 13:39:59,330 [b8864c6c-2f32-4f18-b19e-2e05a8dee4a2@group-47FCF3555B7A-StateMachineUpdater] INFO  ratis.ContainerStateMachine (ContainerStateMachine.java:takeSnapshot(308)) - group-47FCF3555B7A: Taking a snapshot at:(t:1, i:21) file /home/runner/work/ozone/ozone/hadoop-ozone/integration-test/target/test-dir/MiniOzoneClusterImpl-be926948-0f1c-4cac-9651-6eceb419abf0/datanode-1/data/ratis/0a910542-7126-47e9-864e-47fcf3555b7a/sm/snapshot.1_21
2023-02-21 13:39:59,330 [b8864c6c-2f32-4f18-b19e-2e05a8dee4a2@group-55D5C4970A63-StateMachineUpdater] INFO  ratis.ContainerStateMachine (ContainerStateMachine.java:takeSnapshot(319)) - group-55D5C4970A63: Finished taking a snapshot at:(t:1, i:8) file:/home/runner/work/ozone/ozone/hadoop-ozone/integration-test/target/test-dir/MiniOzoneClusterImpl-be926948-0f1c-4cac-9651-6eceb419abf0/datanode-1/data/ratis/d634ac0a-be48-4e24-a522-55d5c4970a63/sm/snapshot.1_8 took: 1 ms
2023-02-21 13:39:59,331 [b8864c6c-2f32-4f18-b19e-2e05a8dee4a2-impl-thread3] INFO  impl.StateMachineUpdater (StateMachineUpdater.java:stopAndJoin(153)) - b8864c6c-2f32-4f18-b19e-2e05a8dee4a2@group-FF5B6D852D5D-StateMachineUpdater: set stopIndex = 0
2023-02-21 13:39:59,331 [b8864c6c-2f32-4f18-b19e-2e05a8dee4a2@group-FF5B6D852D5D-StateMachineUpdater] INFO  ratis.ContainerStateMachine (ContainerStateMachine.java:takeSnapshot(308)) - group-FF5B6D852D5D: Taking a snapshot at:(t:1, i:0) file /home/runner/work/ozone/ozone/hadoop-ozone/integration-test/target/test-dir/MiniOzoneClusterImpl-be926948-0f1c-4cac-9651-6eceb419abf0/datanode-1/data/ratis/938e74fb-aec6-407d-a2a2-ff5b6d852d5d/sm/snapshot.1_0
2023-02-21 13:39:59,332 [b8864c6c-2f32-4f18-b19e-2e05a8dee4a2@group-47FCF3555B7A-StateMachineUpdater] INFO  ratis.ContainerStateMachine (ContainerStateMachine.java:takeSnapshot(319)) - group-47FCF3555B7A: Finished taking a snapshot at:(t:1, i:21) file:/home/runner/work/ozone/ozone/hadoop-ozone/integration-test/target/test-dir/MiniOzoneClusterImpl-be926948-0f1c-4cac-9651-6eceb419abf0/datanode-1/data/ratis/0a910542-7126-47e9-864e-47fcf3555b7a/sm/snapshot.1_21 took: 2 ms
2023-02-21 13:39:59,332 [b8864c6c-2f32-4f18-b19e-2e05a8dee4a2@group-55D5C4970A63-StateMachineUpdater] INFO  impl.StateMachineUpdater (StateMachineUpdater.java:takeSnapshot(287)) - b8864c6c-2f32-4f18-b19e-2e05a8dee4a2@group-55D5C4970A63-StateMachineUpdater: Took a snapshot at index 8
2023-02-21 13:39:59,332 [b8864c6c-2f32-4f18-b19e-2e05a8dee4a2@group-55D5C4970A63-StateMachineUpdater] INFO  impl.StateMachineUpdater (StateMachineUpdater.java:lambda$new$0(92)) - b8864c6c-2f32-4f18-b19e-2e05a8dee4a2@group-55D5C4970A63-StateMachineUpdater: snapshotIndex: updateIncreasingly -1 -> 8
2023-02-21 13:39:59,332 [b8864c6c-2f32-4f18-b19e-2e05a8dee4a2@group-47FCF3555B7A-StateMachineUpdater] INFO  impl.StateMachineUpdater (StateMachineUpdater.java:takeSnapshot(287)) - b8864c6c-2f32-4f18-b19e-2e05a8dee4a2@group-47FCF3555B7A-StateMachineUpdater: Took a snapshot at index 21
2023-02-21 13:39:59,332 [b8864c6c-2f32-4f18-b19e-2e05a8dee4a2@group-47FCF3555B7A-StateMachineUpdater] INFO  impl.StateMachineUpdater (StateMachineUpdater.java:lambda$new$0(92)) - b8864c6c-2f32-4f18-b19e-2e05a8dee4a2@group-47FCF3555B7A-StateMachineUpdater: snapshotIndex: updateIncreasingly -1 -> 21
2023-02-21 13:39:59,332 [b8864c6c-2f32-4f18-b19e-2e05a8dee4a2-impl-thread2] INFO  server.RaftServer$Division (ServerState.java:close(466)) - b8864c6c-2f32-4f18-b19e-2e05a8dee4a2@group-55D5C4970A63: closes. applyIndex: 8
2023-02-21 13:39:59,333 [grpc-default-executor-5] WARN  server.GrpcLogAppender (LogUtils.java:warn(122)) - e9aaeb2c-5ca1-4644-9e1d-ecde78d55867@group-47FCF3555B7A->24a59b6b-5580-49f4-8674-e10ef71be698-AppendLogResponseHandler: Failed appendEntries: org.apache.ratis.thirdparty.io.grpc.StatusRuntimeException: UNAVAILABLE: io exception
2023-02-21 13:39:59,336 [grpc-default-executor-1] WARN  server.GrpcServerProtocolService (LogUtils.java:warn(122)) - b8864c6c-2f32-4f18-b19e-2e05a8dee4a2: installSnapshot onError, lastRequest: e9aaeb2c-5ca1-4644-9e1d-ecde78d55867->b8864c6c-2f32-4f18-b19e-2e05a8dee4a2#73-t1,previous=(t:1, i:20),leaderCommit=20,initializing? true,entries: size=1, first=(t:1, i:21), METADATAENTRY(c:20): org.apache.ratis.thirdparty.io.grpc.StatusRuntimeException: CANCELLED: client cancelled
2023-02-21 13:39:59,340 [grpc-default-executor-5] INFO  leader.FollowerInfo (FollowerInfoImpl.java:lambda$new$0(48)) - e9aaeb2c-5ca1-4644-9e1d-ecde78d55867@group-47FCF3555B7A->24a59b6b-5580-49f4-8674-e10ef71be698: nextIndex: updateUnconditionally 20 -> 19
2023-02-21 13:39:59,340 [b8864c6c-2f32-4f18-b19e-2e05a8dee4a2@group-FF5B6D852D5D-StateMachineUpdater] INFO  ratis.ContainerStateMachine (ContainerStateMachine.java:takeSnapshot(319)) - group-FF5B6D852D5D: Finished taking a snapshot at:(t:1, i:0) file:/home/runner/work/ozone/ozone/hadoop-ozone/integration-test/target/test-dir/MiniOzoneClusterImpl-be926948-0f1c-4cac-9651-6eceb419abf0/datanode-1/data/ratis/938e74fb-aec6-407d-a2a2-ff5b6d852d5d/sm/snapshot.1_0 took: 9 ms
2023-02-21 13:39:59,340 [b8864c6c-2f32-4f18-b19e-2e05a8dee4a2@group-FF5B6D852D5D-StateMachineUpdater] INFO  impl.StateMachineUpdater (StateMachineUpdater.java:takeSnapshot(287)) - b8864c6c-2f32-4f18-b19e-2e05a8dee4a2@group-FF5B6D852D5D-StateMachineUpdater: Took a snapshot at index 0
2023-02-21 13:39:59,340 [b8864c6c-2f32-4f18-b19e-2e05a8dee4a2@group-FF5B6D852D5D-StateMachineUpdater] INFO  impl.StateMachineUpdater (StateMachineUpdater.java:lambda$new$0(92)) - b8864c6c-2f32-4f18-b19e-2e05a8dee4a2@group-FF5B6D852D5D-StateMachineUpdater: snapshotIndex: updateIncreasingly -1 -> 0
2023-02-21 13:39:59,340 [b8864c6c-2f32-4f18-b19e-2e05a8dee4a2-impl-thread3] INFO  server.RaftServer$Division (ServerState.java:close(466)) - b8864c6c-2f32-4f18-b19e-2e05a8dee4a2@group-FF5B6D852D5D: closes. applyIndex: 0
2023-02-21 13:39:59,340 [b8864c6c-2f32-4f18-b19e-2e05a8dee4a2@group-55D5C4970A63-SegmentedRaftLogWorker] INFO  segmented.SegmentedRaftLogWorker (SegmentedRaftLogWorker.java:run(347)) - b8864c6c-2f32-4f18-b19e-2e05a8dee4a2@group-55D5C4970A63-SegmentedRaftLogWorker was interrupted, exiting. There are 0 tasks remaining in the queue.
2023-02-21 13:39:59,340 [b8864c6c-2f32-4f18-b19e-2e05a8dee4a2@group-FF5B6D852D5D-SegmentedRaftLogWorker] INFO  segmented.SegmentedRaftLogWorker (SegmentedRaftLogWorker.java:run(347)) - b8864c6c-2f32-4f18-b19e-2e05a8dee4a2@group-FF5B6D852D5D-SegmentedRaftLogWorker was interrupted, exiting. There are 0 tasks remaining in the queue.
2023-02-21 13:39:59,340 [grpc-default-executor-1] WARN  server.GrpcServerProtocolService (LogUtils.java:warn(122)) - b8864c6c-2f32-4f18-b19e-2e05a8dee4a2: installSnapshot onError, lastRequest: null: org.apache.ratis.thirdparty.io.grpc.StatusRuntimeException: CANCELLED: client cancelled
2023-02-21 13:39:59,341 [grpc-default-executor-1] INFO  server.GrpcLogAppender (GrpcLogAppender.java:onCompleted(415)) - 24a59b6b-5580-49f4-8674-e10ef71be698@group-55D5C4970A63->e9aaeb2c-5ca1-4644-9e1d-ecde78d55867-AppendLogResponseHandler: follower responses appendEntries COMPLETED
2023-02-21 13:39:59,341 [grpc-default-executor-1] INFO  leader.FollowerInfo (FollowerInfoImpl.java:lambda$new$0(48)) - 24a59b6b-5580-49f4-8674-e10ef71be698@group-55D5C4970A63->e9aaeb2c-5ca1-4644-9e1d-ecde78d55867: nextIndex: updateUnconditionally 8 -> 7
2023-02-21 13:39:59,342 [b8864c6c-2f32-4f18-b19e-2e05a8dee4a2-impl-thread1] INFO  server.RaftServer$Division (ServerState.java:close(466)) - b8864c6c-2f32-4f18-b19e-2e05a8dee4a2@group-47FCF3555B7A: closes. applyIndex: 21
2023-02-21 13:39:59,342 [b8864c6c-2f32-4f18-b19e-2e05a8dee4a2@group-47FCF3555B7A-SegmentedRaftLogWorker] INFO  segmented.SegmentedRaftLogWorker (SegmentedRaftLogWorker.java:run(347)) - b8864c6c-2f32-4f18-b19e-2e05a8dee4a2@group-47FCF3555B7A-SegmentedRaftLogWorker was interrupted, exiting. There are 0 tasks remaining in the queue.
2023-02-21 13:39:59,344 [24a59b6b-5580-49f4-8674-e10ef71be698-impl-thread2] INFO  impl.StateMachineUpdater (StateMachineUpdater.java:stopAndJoin(153)) - 24a59b6b-5580-49f4-8674-e10ef71be698@group-55D5C4970A63-StateMachineUpdater: set stopIndex = 8
2023-02-21 13:39:59,344 [24a59b6b-5580-49f4-8674-e10ef71be698@group-55D5C4970A63-StateMachineUpdater] INFO  ratis.ContainerStateMachine (ContainerStateMachine.java:takeSnapshot(308)) - group-55D5C4970A63: Taking a snapshot at:(t:1, i:8) file /home/runner/work/ozone/ozone/hadoop-ozone/integration-test/target/test-dir/MiniOzoneClusterImpl-be926948-0f1c-4cac-9651-6eceb419abf0/datanode-2/data/ratis/d634ac0a-be48-4e24-a522-55d5c4970a63/sm/snapshot.1_8
2023-02-21 13:39:59,344 [ForkJoinPool.commonPool-worker-0] INFO  server.GrpcServerProtocolClient (GrpcServerProtocolClient.java:close(101)) - e9aaeb2c-5ca1-4644-9e1d-ecde78d55867 Close channels
2023-02-21 13:39:59,345 [b8864c6c-2f32-4f18-b19e-2e05a8dee4a2-impl-thread2] INFO  segmented.SegmentedRaftLogWorker (SegmentedRaftLogWorker.java:close(257)) - b8864c6c-2f32-4f18-b19e-2e05a8dee4a2@group-55D5C4970A63-SegmentedRaftLogWorker close()
2023-02-21 13:39:59,345 [b8864c6c-2f32-4f18-b19e-2e05a8dee4a2-impl-thread3] INFO  segmented.SegmentedRaftLogWorker (SegmentedRaftLogWorker.java:close(257)) - b8864c6c-2f32-4f18-b19e-2e05a8dee4a2@group-FF5B6D852D5D-SegmentedRaftLogWorker close()
2023-02-21 13:39:59,345 [b8864c6c-2f32-4f18-b19e-2e05a8dee4a2-impl-thread1] INFO  segmented.SegmentedRaftLogWorker (SegmentedRaftLogWorker.java:close(257)) - b8864c6c-2f32-4f18-b19e-2e05a8dee4a2@group-47FCF3555B7A-SegmentedRaftLogWorker close()
2023-02-21 13:39:59,346 [Listener at 127.0.0.1/40229] INFO  server.GrpcServerProtocolClient (GrpcServerProtocolClient.java:close(101)) - e9aaeb2c-5ca1-4644-9e1d-ecde78d55867 Close channels
2023-02-21 13:39:59,346 [24a59b6b-5580-49f4-8674-e10ef71be698@group-55D5C4970A63-StateMachineUpdater] INFO  ratis.ContainerStateMachine (ContainerStateMachine.java:takeSnapshot(319)) - group-55D5C4970A63: Finished taking a snapshot at:(t:1, i:8) file:/home/runner/work/ozone/ozone/hadoop-ozone/integration-test/target/test-dir/MiniOzoneClusterImpl-be926948-0f1c-4cac-9651-6eceb419abf0/datanode-2/data/ratis/d634ac0a-be48-4e24-a522-55d5c4970a63/sm/snapshot.1_8 took: 2 ms
2023-02-21 13:39:59,347 [24a59b6b-5580-49f4-8674-e10ef71be698@group-55D5C4970A63-StateMachineUpdater] INFO  impl.StateMachineUpdater (StateMachineUpdater.java:takeSnapshot(287)) - 24a59b6b-5580-49f4-8674-e10ef71be698@group-55D5C4970A63-StateMachineUpdater: Took a snapshot at index 8
2023-02-21 13:39:59,347 [24a59b6b-5580-49f4-8674-e10ef71be698@group-55D5C4970A63-StateMachineUpdater] INFO  impl.StateMachineUpdater (StateMachineUpdater.java:lambda$new$0(92)) - 24a59b6b-5580-49f4-8674-e10ef71be698@group-55D5C4970A63-StateMachineUpdater: snapshotIndex: updateIncreasingly -1 -> 8
2023-02-21 13:39:59,347 [24a59b6b-5580-49f4-8674-e10ef71be698-impl-thread2] INFO  server.RaftServer$Division (ServerState.java:close(466)) - 24a59b6b-5580-49f4-8674-e10ef71be698@group-55D5C4970A63: closes. applyIndex: 8
2023-02-21 13:39:59,347 [24a59b6b-5580-49f4-8674-e10ef71be698@group-55D5C4970A63-SegmentedRaftLogWorker] INFO  segmented.SegmentedRaftLogWorker (SegmentedRaftLogWorker.java:run(347)) - 24a59b6b-5580-49f4-8674-e10ef71be698@group-55D5C4970A63-SegmentedRaftLogWorker was interrupted, exiting. There are 0 tasks remaining in the queue.
2023-02-21 13:39:59,351 [24a59b6b-5580-49f4-8674-e10ef71be698-impl-thread2] INFO  segmented.SegmentedRaftLogWorker (SegmentedRaftLogWorker.java:close(257)) - 24a59b6b-5580-49f4-8674-e10ef71be698@group-55D5C4970A63-SegmentedRaftLogWorker close()
2023-02-21 13:39:59,351 [grpc-default-executor-1] WARN  server.GrpcLogAppender (LogUtils.java:warn(122)) - e9aaeb2c-5ca1-4644-9e1d-ecde78d55867@group-47FCF3555B7A->b8864c6c-2f32-4f18-b19e-2e05a8dee4a2-AppendLogResponseHandler: Failed appendEntries: org.apache.ratis.thirdparty.io.grpc.StatusRuntimeException: CANCELLED: RST_STREAM closed stream. HTTP/2 error code: CANCEL
2023-02-21 13:39:59,351 [grpc-default-executor-1] INFO  leader.FollowerInfo (FollowerInfoImpl.java:lambda$new$0(48)) - e9aaeb2c-5ca1-4644-9e1d-ecde78d55867@group-47FCF3555B7A->b8864c6c-2f32-4f18-b19e-2e05a8dee4a2: nextIndex: updateUnconditionally 22 -> 21
2023-02-21 13:39:59,356 [ForkJoinPool.commonPool-worker-0] INFO  server.GrpcServerProtocolClient (GrpcServerProtocolClient.java:close(101)) - 24a59b6b-5580-49f4-8674-e10ef71be698 Close channels
2023-02-21 13:39:59,356 [ForkJoinPool.commonPool-worker-0] INFO  server.GrpcService (GrpcService.java:closeImpl(280)) - b8864c6c-2f32-4f18-b19e-2e05a8dee4a2: shutdown server GrpcServerProtocolService successfully
2023-02-21 13:39:59,356 [grpc-default-executor-0] WARN  server.GrpcLogAppender (LogUtils.java:warn(122)) - e9aaeb2c-5ca1-4644-9e1d-ecde78d55867@group-47FCF3555B7A->b8864c6c-2f32-4f18-b19e-2e05a8dee4a2-AppendLogResponseHandler: Failed appendEntries: org.apache.ratis.thirdparty.io.grpc.StatusRuntimeException: CANCELLED: RST_STREAM closed stream. HTTP/2 error code: CANCEL
2023-02-21 13:39:59,356 [b8864c6c-2f32-4f18-b19e-2e05a8dee4a2-NettyServerStreamRpc-bossGroup--thread1] INFO  logging.LoggingHandler (AbstractInternalLogger.java:log(148)) - [id: 0x3b00e901, L:/0:0:0:0:0:0:0:0:45565] CLOSE
2023-02-21 13:39:59,356 [grpc-default-executor-0] INFO  leader.FollowerInfo (FollowerInfoImpl.java:lambda$new$0(48)) - e9aaeb2c-5ca1-4644-9e1d-ecde78d55867@group-47FCF3555B7A->b8864c6c-2f32-4f18-b19e-2e05a8dee4a2: nextIndex: updateUnconditionally 21 -> 20
2023-02-21 13:39:59,356 [b8864c6c-2f32-4f18-b19e-2e05a8dee4a2-NettyServerStreamRpc-bossGroup--thread1] INFO  logging.LoggingHandler (AbstractInternalLogger.java:log(148)) - [id: 0x3b00e901, L:/0:0:0:0:0:0:0:0:45565] INACTIVE
2023-02-21 13:39:59,356 [b8864c6c-2f32-4f18-b19e-2e05a8dee4a2-NettyServerStreamRpc-bossGroup--thread1] INFO  logging.LoggingHandler (AbstractInternalLogger.java:log(148)) - [id: 0x3b00e901, L:/0:0:0:0:0:0:0:0:45565] UNREGISTERED
2023-02-21 13:39:59,375 [grpc-default-executor-1] WARN  server.GrpcLogAppender (LogUtils.java:warn(122)) - e9aaeb2c-5ca1-4644-9e1d-ecde78d55867@group-47FCF3555B7A->b8864c6c-2f32-4f18-b19e-2e05a8dee4a2-AppendLogResponseHandler: Failed appendEntries: org.apache.ratis.thirdparty.io.grpc.StatusRuntimeException: UNAVAILABLE: io exception
2023-02-21 13:39:59,375 [Listener at 127.0.0.1/40229] INFO  server.GrpcService (GrpcService.java:closeImpl(280)) - 24a59b6b-5580-49f4-8674-e10ef71be698: shutdown server GrpcServerProtocolService successfully
2023-02-21 13:39:59,376 [grpc-default-executor-1] INFO  leader.FollowerInfo (FollowerInfoImpl.java:lambda$new$0(48)) - e9aaeb2c-5ca1-4644-9e1d-ecde78d55867@group-47FCF3555B7A->b8864c6c-2f32-4f18-b19e-2e05a8dee4a2: nextIndex: updateUnconditionally 21 -> 20
2023-02-21 13:39:59,407 [grpc-default-executor-1] WARN  server.GrpcLogAppender (LogUtils.java:warn(122)) - e9aaeb2c-5ca1-4644-9e1d-ecde78d55867@group-47FCF3555B7A->b8864c6c-2f32-4f18-b19e-2e05a8dee4a2-AppendLogResponseHandler: Failed appendEntries: org.apache.ratis.thirdparty.io.grpc.StatusRuntimeException: UNAVAILABLE: io exception
2023-02-21 13:39:59,408 [grpc-default-executor-1] INFO  leader.FollowerInfo (FollowerInfoImpl.java:lambda$new$0(48)) - e9aaeb2c-5ca1-4644-9e1d-ecde78d55867@group-47FCF3555B7A->b8864c6c-2f32-4f18-b19e-2e05a8dee4a2: nextIndex: updateUnconditionally 20 -> 19
2023-02-21 13:39:59,408 [24a59b6b-5580-49f4-8674-e10ef71be698-NettyServerStreamRpc-bossGroup--thread1] INFO  logging.LoggingHandler (AbstractInternalLogger.java:log(148)) - [id: 0x9f4b270e, L:/0:0:0:0:0:0:0:0:37369] CLOSE
2023-02-21 13:39:59,408 [24a59b6b-5580-49f4-8674-e10ef71be698-NettyServerStreamRpc-bossGroup--thread1] INFO  logging.LoggingHandler (AbstractInternalLogger.java:log(148)) - [id: 0x9f4b270e, L:/0:0:0:0:0:0:0:0:37369] INACTIVE
2023-02-21 13:39:59,408 [24a59b6b-5580-49f4-8674-e10ef71be698-NettyServerStreamRpc-bossGroup--thread1] INFO  logging.LoggingHandler (AbstractInternalLogger.java:log(148)) - [id: 0x9f4b270e, L:/0:0:0:0:0:0:0:0:37369] UNREGISTERED
2023-02-21 13:39:59,423 [JvmPauseMonitor7] INFO  util.JvmPauseMonitor (JvmPauseMonitor.java:run(111)) - JvmPauseMonitor-b8864c6c-2f32-4f18-b19e-2e05a8dee4a2: Stopped
2023-02-21 13:39:59,427 [JvmPauseMonitor8] INFO  util.JvmPauseMonitor (JvmPauseMonitor.java:run(111)) - JvmPauseMonitor-24a59b6b-5580-49f4-8674-e10ef71be698: Stopped
2023-02-21 13:39:59,541 [grpc-default-executor-1] WARN  server.GrpcLogAppender (LogUtils.java:warn(122)) - e9aaeb2c-5ca1-4644-9e1d-ecde78d55867@group-47FCF3555B7A->24a59b6b-5580-49f4-8674-e10ef71be698-AppendLogResponseHandler: Failed appendEntries: org.apache.ratis.thirdparty.io.grpc.StatusRuntimeException: UNAVAILABLE: io exception
2023-02-21 13:39:59,541 [grpc-default-executor-5] WARN  server.GrpcLogAppender (LogUtils.java:warn(122)) - e9aaeb2c-5ca1-4644-9e1d-ecde78d55867@group-47FCF3555B7A->24a59b6b-5580-49f4-8674-e10ef71be698-AppendLogResponseHandler: Failed appendEntries: org.apache.ratis.thirdparty.io.grpc.StatusRuntimeException: UNAVAILABLE: io exception
2023-02-21 13:39:59,541 [grpc-default-executor-0] WARN  server.GrpcLogAppender (LogUtils.java:warn(122)) - e9aaeb2c-5ca1-4644-9e1d-ecde78d55867@group-47FCF3555B7A->b8864c6c-2f32-4f18-b19e-2e05a8dee4a2-AppendLogResponseHandler: Failed appendEntries: org.apache.ratis.thirdparty.io.grpc.StatusRuntimeException: UNAVAILABLE: io exception
2023-02-21 13:39:59,542 [grpc-default-executor-1] INFO  leader.FollowerInfo (FollowerInfoImpl.java:lambda$new$0(48)) - e9aaeb2c-5ca1-4644-9e1d-ecde78d55867@group-47FCF3555B7A->24a59b6b-5580-49f4-8674-e10ef71be698: nextIndex: updateUnconditionally 19 -> 18
2023-02-21 13:39:59,542 [grpc-default-executor-0] INFO  leader.FollowerInfo (FollowerInfoImpl.java:lambda$new$0(48)) - e9aaeb2c-5ca1-4644-9e1d-ecde78d55867@group-47FCF3555B7A->b8864c6c-2f32-4f18-b19e-2e05a8dee4a2: nextIndex: updateUnconditionally 19 -> 18
2023-02-21 13:39:59,542 [grpc-default-executor-3] WARN  server.GrpcLogAppender (LogUtils.java:warn(122)) - e9aaeb2c-5ca1-4644-9e1d-ecde78d55867@group-47FCF3555B7A->b8864c6c-2f32-4f18-b19e-2e05a8dee4a2-AppendLogResponseHandler: Failed appendEntries: org.apache.ratis.thirdparty.io.grpc.StatusRuntimeException: UNAVAILABLE: io exception
2023-02-21 13:39:59,542 [grpc-default-executor-3] INFO  leader.FollowerInfo (FollowerInfoImpl.java:lambda$new$0(48)) - e9aaeb2c-5ca1-4644-9e1d-ecde78d55867@group-47FCF3555B7A->b8864c6c-2f32-4f18-b19e-2e05a8dee4a2: nextIndex: updateUnconditionally 18 -> 17
2023-02-21 13:39:59,550 [grpc-default-executor-5] INFO  leader.FollowerInfo (FollowerInfoImpl.java:lambda$new$0(48)) - e9aaeb2c-5ca1-4644-9e1d-ecde78d55867@group-47FCF3555B7A->24a59b6b-5580-49f4-8674-e10ef71be698: nextIndex: updateUnconditionally 18 -> 17
2023-02-21 13:39:59,552 [grpc-default-executor-3] WARN  server.GrpcLogAppender (LogUtils.java:warn(122)) - e9aaeb2c-5ca1-4644-9e1d-ecde78d55867@group-47FCF3555B7A->b8864c6c-2f32-4f18-b19e-2e05a8dee4a2-AppendLogResponseHandler: Failed appendEntries: org.apache.ratis.thirdparty.io.grpc.StatusRuntimeException: UNAVAILABLE: io exception
2023-02-21 13:39:59,553 [grpc-default-executor-3] INFO  leader.FollowerInfo (FollowerInfoImpl.java:lambda$new$0(48)) - e9aaeb2c-5ca1-4644-9e1d-ecde78d55867@group-47FCF3555B7A->b8864c6c-2f32-4f18-b19e-2e05a8dee4a2: nextIndex: updateUnconditionally 18 -> 17
2023-02-21 13:39:59,553 [grpc-default-executor-5] WARN  server.GrpcLogAppender (LogUtils.java:warn(122)) - e9aaeb2c-5ca1-4644-9e1d-ecde78d55867@group-47FCF3555B7A->b8864c6c-2f32-4f18-b19e-2e05a8dee4a2-AppendLogResponseHandler: Failed appendEntries: org.apache.ratis.thirdparty.io.grpc.StatusRuntimeException: UNAVAILABLE: io exception
2023-02-21 13:39:59,553 [grpc-default-executor-5] INFO  leader.FollowerInfo (FollowerInfoImpl.java:lambda$new$0(48)) - e9aaeb2c-5ca1-4644-9e1d-ecde78d55867@group-47FCF3555B7A->b8864c6c-2f32-4f18-b19e-2e05a8dee4a2: nextIndex: updateUnconditionally 17 -> 16
2023-02-21 13:39:59,579 [grpc-default-executor-0] WARN  server.GrpcLogAppender (LogUtils.java:warn(122)) - e9aaeb2c-5ca1-4644-9e1d-ecde78d55867@group-47FCF3555B7A->24a59b6b-5580-49f4-8674-e10ef71be698-AppendLogResponseHandler: Failed appendEntries: org.apache.ratis.thirdparty.io.grpc.StatusRuntimeException: UNAVAILABLE: io exception
2023-02-21 13:39:59,580 [grpc-default-executor-0] INFO  leader.FollowerInfo (FollowerInfoImpl.java:lambda$new$0(48)) - e9aaeb2c-5ca1-4644-9e1d-ecde78d55867@group-47FCF3555B7A->24a59b6b-5580-49f4-8674-e10ef71be698: nextIndex: updateUnconditionally 18 -> 17
2023-02-21 13:39:59,585 [grpc-default-executor-0] WARN  server.GrpcLogAppender (LogUtils.java:warn(122)) - e9aaeb2c-5ca1-4644-9e1d-ecde78d55867@group-47FCF3555B7A->24a59b6b-5580-49f4-8674-e10ef71be698-AppendLogResponseHandler: Failed appendEntries: org.apache.ratis.thirdparty.io.grpc.StatusRuntimeException: UNAVAILABLE: io exception
2023-02-21 13:39:59,585 [grpc-default-executor-0] INFO  leader.FollowerInfo (FollowerInfoImpl.java:lambda$new$0(48)) - e9aaeb2c-5ca1-4644-9e1d-ecde78d55867@group-47FCF3555B7A->24a59b6b-5580-49f4-8674-e10ef71be698: nextIndex: updateUnconditionally 17 -> 16
2023-02-21 13:40:00,792 [grpc-default-executor-0] WARN  server.GrpcLogAppender (LogUtils.java:warn(122)) - e9aaeb2c-5ca1-4644-9e1d-ecde78d55867@group-47FCF3555B7A->24a59b6b-5580-49f4-8674-e10ef71be698-AppendLogResponseHandler: Failed appendEntries: org.apache.ratis.thirdparty.io.grpc.StatusRuntimeException: UNAVAILABLE: io exception
2023-02-21 13:40:00,792 [grpc-default-executor-5] WARN  server.GrpcLogAppender (LogUtils.java:warn(122)) - e9aaeb2c-5ca1-4644-9e1d-ecde78d55867@group-47FCF3555B7A->24a59b6b-5580-49f4-8674-e10ef71be698-AppendLogResponseHandler: Failed appendEntries: org.apache.ratis.thirdparty.io.grpc.StatusRuntimeException: UNAVAILABLE: io exception
2023-02-21 13:40:00,792 [grpc-default-executor-1] WARN  server.GrpcLogAppender (LogUtils.java:warn(122)) - e9aaeb2c-5ca1-4644-9e1d-ecde78d55867@group-47FCF3555B7A->b8864c6c-2f32-4f18-b19e-2e05a8dee4a2-AppendLogResponseHandler: Failed appendEntries: org.apache.ratis.thirdparty.io.grpc.StatusRuntimeException: UNAVAILABLE: io exception
2023-02-21 13:40:00,793 [grpc-default-executor-0] INFO  leader.FollowerInfo (FollowerInfoImpl.java:lambda$new$0(48)) - e9aaeb2c-5ca1-4644-9e1d-ecde78d55867@group-47FCF3555B7A->24a59b6b-5580-49f4-8674-e10ef71be698: nextIndex: updateUnconditionally 16 -> 15
2023-02-21 13:40:00,793 [grpc-default-executor-3] WARN  server.GrpcLogAppender (LogUtils.java:warn(122)) - e9aaeb2c-5ca1-4644-9e1d-ecde78d55867@group-47FCF3555B7A->b8864c6c-2f32-4f18-b19e-2e05a8dee4a2-AppendLogResponseHandler: Failed appendEntries: org.apache.ratis.thirdparty.io.grpc.StatusRuntimeException: UNAVAILABLE: io exception
2023-02-21 13:40:00,793 [grpc-default-executor-1] INFO  leader.FollowerInfo (FollowerInfoImpl.java:lambda$new$0(48)) - e9aaeb2c-5ca1-4644-9e1d-ecde78d55867@group-47FCF3555B7A->b8864c6c-2f32-4f18-b19e-2e05a8dee4a2: nextIndex: updateUnconditionally 16 -> 15
2023-02-21 13:40:00,795 [grpc-default-executor-5] INFO  leader.FollowerInfo (FollowerInfoImpl.java:lambda$new$0(48)) - e9aaeb2c-5ca1-4644-9e1d-ecde78d55867@group-47FCF3555B7A->24a59b6b-5580-49f4-8674-e10ef71be698: nextIndex: updateUnconditionally 15 -> 14
2023-02-21 13:40:00,796 [grpc-default-executor-3] INFO  leader.FollowerInfo (FollowerInfoImpl.java:lambda$new$0(48)) - e9aaeb2c-5ca1-4644-9e1d-ecde78d55867@group-47FCF3555B7A->b8864c6c-2f32-4f18-b19e-2e05a8dee4a2: nextIndex: updateUnconditionally 15 -> 14
2023-02-21 13:40:00,807 [grpc-default-executor-3] WARN  server.GrpcLogAppender (LogUtils.java:warn(122)) - e9aaeb2c-5ca1-4644-9e1d-ecde78d55867@group-47FCF3555B7A->b8864c6c-2f32-4f18-b19e-2e05a8dee4a2-AppendLogResponseHandler: Failed appendEntries: org.apache.ratis.thirdparty.io.grpc.StatusRuntimeException: UNAVAILABLE: io exception
2023-02-21 13:40:00,807 [grpc-default-executor-1] WARN  server.GrpcLogAppender (LogUtils.java:warn(122)) - e9aaeb2c-5ca1-4644-9e1d-ecde78d55867@group-47FCF3555B7A->24a59b6b-5580-49f4-8674-e10ef71be698-AppendLogResponseHandler: Failed appendEntries: org.apache.ratis.thirdparty.io.grpc.StatusRuntimeException: UNAVAILABLE: io exception
2023-02-21 13:40:00,808 [grpc-default-executor-3] INFO  leader.FollowerInfo (FollowerInfoImpl.java:lambda$new$0(48)) - e9aaeb2c-5ca1-4644-9e1d-ecde78d55867@group-47FCF3555B7A->b8864c6c-2f32-4f18-b19e-2e05a8dee4a2: nextIndex: updateUnconditionally 15 -> 14
2023-02-21 13:40:00,808 [grpc-default-executor-5] WARN  server.GrpcLogAppender (LogUtils.java:warn(122)) - e9aaeb2c-5ca1-4644-9e1d-ecde78d55867@group-47FCF3555B7A->b8864c6c-2f32-4f18-b19e-2e05a8dee4a2-AppendLogResponseHandler: Failed appendEntries: org.apache.ratis.thirdparty.io.grpc.StatusRuntimeException: UNAVAILABLE: io exception
2023-02-21 13:40:00,808 [grpc-default-executor-5] INFO  leader.FollowerInfo (FollowerInfoImpl.java:lambda$new$0(48)) - e9aaeb2c-5ca1-4644-9e1d-ecde78d55867@group-47FCF3555B7A->b8864c6c-2f32-4f18-b19e-2e05a8dee4a2: nextIndex: updateUnconditionally 14 -> 13
2023-02-21 13:40:00,808 [grpc-default-executor-0] WARN  server.GrpcLogAppender (LogUtils.java:warn(122)) - e9aaeb2c-5ca1-4644-9e1d-ecde78d55867@group-47FCF3555B7A->24a59b6b-5580-49f4-8674-e10ef71be698-AppendLogResponseHandler: Failed appendEntries: org.apache.ratis.thirdparty.io.grpc.StatusRuntimeException: UNAVAILABLE: io exception
2023-02-21 13:40:00,808 [grpc-default-executor-1] INFO  leader.FollowerInfo (FollowerInfoImpl.java:lambda$new$0(48)) - e9aaeb2c-5ca1-4644-9e1d-ecde78d55867@group-47FCF3555B7A->24a59b6b-5580-49f4-8674-e10ef71be698: nextIndex: updateUnconditionally 15 -> 14
2023-02-21 13:40:00,810 [grpc-default-executor-0] INFO  leader.FollowerInfo (FollowerInfoImpl.java:lambda$new$0(48)) - e9aaeb2c-5ca1-4644-9e1d-ecde78d55867@group-47FCF3555B7A->24a59b6b-5580-49f4-8674-e10ef71be698: nextIndex: updateUnconditionally 14 -> 13
2023-02-21 13:40:01,433 [Listener at 127.0.0.1/40229] INFO  volume.HddsVolume (HddsVolume.java:closeDbStore(362)) - SchemaV3 db is stopped at /home/runner/work/ozone/ozone/hadoop-ozone/integration-test/target/test-dir/MiniOzoneClusterImpl-be926948-0f1c-4cac-9651-6eceb419abf0/datanode-2/data-0/containers/hdds/be926948-0f1c-4cac-9651-6eceb419abf0/DS-44198760-5853-449d-8066-f0dee191d316/container.db for volume DS-44198760-5853-449d-8066-f0dee191d316
2023-02-21 13:40:01,433 [Listener at 127.0.0.1/40229] INFO  utils.BackgroundService (BackgroundService.java:shutdown(141)) - Shutting down service BlockDeletingService
2023-02-21 13:40:01,434 [Listener at 127.0.0.1/40229] INFO  utils.BackgroundService (BackgroundService.java:shutdown(141)) - Shutting down service StaleRecoveringContainerScrubbingService
2023-02-21 13:40:01,436 [ForkJoinPool.commonPool-worker-0] INFO  volume.HddsVolume (HddsVolume.java:closeDbStore(362)) - SchemaV3 db is stopped at /home/runner/work/ozone/ozone/hadoop-ozone/integration-test/target/test-dir/MiniOzoneClusterImpl-be926948-0f1c-4cac-9651-6eceb419abf0/datanode-1/data-0/containers/hdds/be926948-0f1c-4cac-9651-6eceb419abf0/DS-aa97cb73-e718-4aa9-bdb2-6887ac8c18c4/container.db for volume DS-aa97cb73-e718-4aa9-bdb2-6887ac8c18c4
2023-02-21 13:40:01,437 [ForkJoinPool.commonPool-worker-0] INFO  utils.BackgroundService (BackgroundService.java:shutdown(141)) - Shutting down service BlockDeletingService
2023-02-21 13:40:01,437 [ForkJoinPool.commonPool-worker-0] INFO  utils.BackgroundService (BackgroundService.java:shutdown(141)) - Shutting down service StaleRecoveringContainerScrubbingService
2023-02-21 13:40:01,438 [Listener at 127.0.0.1/40229] INFO  statemachine.DatanodeStateMachine (DatanodeStateMachine.java:stopDaemon(600)) - Ozone container server stopped.
2023-02-21 13:40:01,443 [ForkJoinPool.commonPool-worker-0] INFO  statemachine.DatanodeStateMachine (DatanodeStateMachine.java:stopDaemon(600)) - Ozone container server stopped.
2023-02-21 13:40:01,453 [Listener at 127.0.0.1/40229] INFO  handler.ContextHandler (ContextHandler.java:doStop(1159)) - Stopped o.e.j.w.WebAppContext@1c88b8b5{hddsDatanode,/,null,STOPPED}{jar:file:/home/runner/.m2/repository/org/apache/ozone/hdds-container-service/1.4.0-SNAPSHOT/hdds-container-service-1.4.0-SNAPSHOT.jar!/webapps/hddsDatanode}
2023-02-21 13:40:01,454 [Listener at 127.0.0.1/40229] INFO  server.AbstractConnector (AbstractConnector.java:doStop(383)) - Stopped ServerConnector@53dba802{HTTP/1.1, (http/1.1)}{0.0.0.0:0}
2023-02-21 13:40:01,454 [Listener at 127.0.0.1/40229] INFO  server.session (HouseKeeper.java:stopScavenging(149)) - node0 Stopped scavenging
2023-02-21 13:40:01,455 [Listener at 127.0.0.1/40229] INFO  handler.ContextHandler (ContextHandler.java:doStop(1159)) - Stopped o.e.j.s.ServletContextHandler@d73727c{static,/static,jar:file:/home/runner/.m2/repository/org/apache/ozone/hdds-container-service/1.4.0-SNAPSHOT/hdds-container-service-1.4.0-SNAPSHOT.jar!/webapps/static,STOPPED}
2023-02-21 13:40:01,456 [Listener at 127.0.0.1/40229] INFO  handler.ContextHandler (ContextHandler.java:doStop(1159)) - Stopped o.e.j.s.ServletContextHandler@368d3918{logs,/logs,file:///home/runner/work/ozone/ozone/hadoop-ozone/integration-test/target/log,STOPPED}
2023-02-21 13:40:01,461 [ForkJoinPool.commonPool-worker-0] INFO  handler.ContextHandler (ContextHandler.java:doStop(1159)) - Stopped o.e.j.w.WebAppContext@486e2733{hddsDatanode,/,null,STOPPED}{jar:file:/home/runner/.m2/repository/org/apache/ozone/hdds-container-service/1.4.0-SNAPSHOT/hdds-container-service-1.4.0-SNAPSHOT.jar!/webapps/hddsDatanode}
2023-02-21 13:40:01,461 [Listener at 127.0.0.1/40229] INFO  ozoneimpl.OzoneContainer (OzoneContainer.java:stop(420)) - Attempting to stop container services.
2023-02-21 13:40:01,462 [ForkJoinPool.commonPool-worker-0] INFO  server.AbstractConnector (AbstractConnector.java:doStop(383)) - Stopped ServerConnector@4fc98285{HTTP/1.1, (http/1.1)}{0.0.0.0:0}
2023-02-21 13:40:01,462 [Listener at 127.0.0.1/40229] INFO  server.RaftServer (RaftServerProxy.java:lambda$close$6(409)) - 3e39c96d-43de-444f-825b-71406d153b89: close
2023-02-21 13:40:01,463 [Listener at 127.0.0.1/40229] INFO  server.GrpcService (GrpcService.java:closeImpl(271)) - 3e39c96d-43de-444f-825b-71406d153b89: shutdown server GrpcServerProtocolService now
2023-02-21 13:40:01,463 [3e39c96d-43de-444f-825b-71406d153b89-impl-thread1] INFO  server.RaftServer$Division (RaftServerImpl.java:lambda$close$4(458)) - 3e39c96d-43de-444f-825b-71406d153b89@group-ADD21A225710: shutdown
2023-02-21 13:40:01,463 [3e39c96d-43de-444f-825b-71406d153b89-impl-thread1] INFO  util.JmxRegister (JmxRegister.java:unregister(73)) - Successfully un-registered JMX Bean with object name Ratis:service=RaftServer,group=group-ADD21A225710,id=3e39c96d-43de-444f-825b-71406d153b89
2023-02-21 13:40:01,463 [3e39c96d-43de-444f-825b-71406d153b89-impl-thread1] INFO  impl.RoleInfo (RoleInfo.java:shutdownLeaderState(93)) - 3e39c96d-43de-444f-825b-71406d153b89: shutdown 3e39c96d-43de-444f-825b-71406d153b89@group-ADD21A225710-LeaderStateImpl
2023-02-21 13:40:01,463 [3e39c96d-43de-444f-825b-71406d153b89-impl-thread1] INFO  impl.PendingRequests (PendingRequests.java:sendNotLeaderResponses(282)) - 3e39c96d-43de-444f-825b-71406d153b89@group-ADD21A225710-PendingRequests: sendNotLeaderResponses
2023-02-21 13:40:01,463 [3e39c96d-43de-444f-825b-71406d153b89-impl-thread1] INFO  impl.StateMachineUpdater (StateMachineUpdater.java:stopAndJoin(153)) - 3e39c96d-43de-444f-825b-71406d153b89@group-ADD21A225710-StateMachineUpdater: set stopIndex = 0
2023-02-21 13:40:01,464 [3e39c96d-43de-444f-825b-71406d153b89@group-ADD21A225710-StateMachineUpdater] INFO  ratis.ContainerStateMachine (ContainerStateMachine.java:takeSnapshot(308)) - group-ADD21A225710: Taking a snapshot at:(t:1, i:0) file /home/runner/work/ozone/ozone/hadoop-ozone/integration-test/target/test-dir/MiniOzoneClusterImpl-be926948-0f1c-4cac-9651-6eceb419abf0/datanode-4/data/ratis/40a877b3-6a58-4d1b-bbcf-add21a225710/sm/snapshot.1_0
2023-02-21 13:40:01,464 [Listener at 127.0.0.1/40229] INFO  server.GrpcService (GrpcService.java:closeImpl(280)) - 3e39c96d-43de-444f-825b-71406d153b89: shutdown server GrpcServerProtocolService successfully
2023-02-21 13:40:01,465 [3e39c96d-43de-444f-825b-71406d153b89-NettyServerStreamRpc-bossGroup--thread1] INFO  logging.LoggingHandler (AbstractInternalLogger.java:log(148)) - [id: 0x019d16ec, L:/0:0:0:0:0:0:0:0:34063] CLOSE
2023-02-21 13:40:01,465 [3e39c96d-43de-444f-825b-71406d153b89-NettyServerStreamRpc-bossGroup--thread1] INFO  logging.LoggingHandler (AbstractInternalLogger.java:log(148)) - [id: 0x019d16ec, L:/0:0:0:0:0:0:0:0:34063] INACTIVE
2023-02-21 13:40:01,465 [3e39c96d-43de-444f-825b-71406d153b89-NettyServerStreamRpc-bossGroup--thread1] INFO  logging.LoggingHandler (AbstractInternalLogger.java:log(148)) - [id: 0x019d16ec, L:/0:0:0:0:0:0:0:0:34063] UNREGISTERED
2023-02-21 13:40:01,466 [3e39c96d-43de-444f-825b-71406d153b89@group-ADD21A225710-StateMachineUpdater] INFO  ratis.ContainerStateMachine (ContainerStateMachine.java:takeSnapshot(319)) - group-ADD21A225710: Finished taking a snapshot at:(t:1, i:0) file:/home/runner/work/ozone/ozone/hadoop-ozone/integration-test/target/test-dir/MiniOzoneClusterImpl-be926948-0f1c-4cac-9651-6eceb419abf0/datanode-4/data/ratis/40a877b3-6a58-4d1b-bbcf-add21a225710/sm/snapshot.1_0 took: 2 ms
2023-02-21 13:40:01,467 [3e39c96d-43de-444f-825b-71406d153b89@group-ADD21A225710-StateMachineUpdater] INFO  impl.StateMachineUpdater (StateMachineUpdater.java:takeSnapshot(287)) - 3e39c96d-43de-444f-825b-71406d153b89@group-ADD21A225710-StateMachineUpdater: Took a snapshot at index 0
2023-02-21 13:40:01,467 [3e39c96d-43de-444f-825b-71406d153b89@group-ADD21A225710-StateMachineUpdater] INFO  impl.StateMachineUpdater (StateMachineUpdater.java:lambda$new$0(92)) - 3e39c96d-43de-444f-825b-71406d153b89@group-ADD21A225710-StateMachineUpdater: snapshotIndex: updateIncreasingly -1 -> 0
2023-02-21 13:40:01,467 [3e39c96d-43de-444f-825b-71406d153b89-impl-thread1] INFO  server.RaftServer$Division (ServerState.java:close(466)) - 3e39c96d-43de-444f-825b-71406d153b89@group-ADD21A225710: closes. applyIndex: 0
2023-02-21 13:40:01,467 [ForkJoinPool.commonPool-worker-0] INFO  server.session (HouseKeeper.java:stopScavenging(149)) - node0 Stopped scavenging
2023-02-21 13:40:01,479 [3e39c96d-43de-444f-825b-71406d153b89@group-ADD21A225710-SegmentedRaftLogWorker] INFO  segmented.SegmentedRaftLogWorker (SegmentedRaftLogWorker.java:run(347)) - 3e39c96d-43de-444f-825b-71406d153b89@group-ADD21A225710-SegmentedRaftLogWorker was interrupted, exiting. There are 0 tasks remaining in the queue.
2023-02-21 13:40:01,480 [ForkJoinPool.commonPool-worker-0] INFO  handler.ContextHandler (ContextHandler.java:doStop(1159)) - Stopped o.e.j.s.ServletContextHandler@6999e04d{static,/static,jar:file:/home/runner/.m2/repository/org/apache/ozone/hdds-container-service/1.4.0-SNAPSHOT/hdds-container-service-1.4.0-SNAPSHOT.jar!/webapps/static,STOPPED}
2023-02-21 13:40:01,480 [ForkJoinPool.commonPool-worker-0] INFO  handler.ContextHandler (ContextHandler.java:doStop(1159)) - Stopped o.e.j.s.ServletContextHandler@4f1093bd{logs,/logs,file:///home/runner/work/ozone/ozone/hadoop-ozone/integration-test/target/log,STOPPED}
2023-02-21 13:40:01,482 [3e39c96d-43de-444f-825b-71406d153b89-impl-thread1] INFO  segmented.SegmentedRaftLogWorker (SegmentedRaftLogWorker.java:close(257)) - 3e39c96d-43de-444f-825b-71406d153b89@group-ADD21A225710-SegmentedRaftLogWorker close()
2023-02-21 13:40:01,484 [JvmPauseMonitor10] INFO  util.JvmPauseMonitor (JvmPauseMonitor.java:run(111)) - JvmPauseMonitor-3e39c96d-43de-444f-825b-71406d153b89: Stopped
2023-02-21 13:40:01,488 [ForkJoinPool.commonPool-worker-0] INFO  ozoneimpl.OzoneContainer (OzoneContainer.java:stop(420)) - Attempting to stop container services.
2023-02-21 13:40:01,489 [ForkJoinPool.commonPool-worker-0] INFO  server.RaftServer (RaftServerProxy.java:lambda$close$6(409)) - e9aaeb2c-5ca1-4644-9e1d-ecde78d55867: close
2023-02-21 13:40:01,489 [e9aaeb2c-5ca1-4644-9e1d-ecde78d55867-impl-thread1] INFO  server.RaftServer$Division (RaftServerImpl.java:lambda$close$4(458)) - e9aaeb2c-5ca1-4644-9e1d-ecde78d55867@group-710418FD9C5F: shutdown
2023-02-21 13:40:01,489 [e9aaeb2c-5ca1-4644-9e1d-ecde78d55867-impl-thread1] INFO  util.JmxRegister (JmxRegister.java:unregister(73)) - Successfully un-registered JMX Bean with object name Ratis:service=RaftServer,group=group-710418FD9C5F,id=e9aaeb2c-5ca1-4644-9e1d-ecde78d55867
2023-02-21 13:40:01,489 [e9aaeb2c-5ca1-4644-9e1d-ecde78d55867-impl-thread1] INFO  impl.RoleInfo (RoleInfo.java:shutdownLeaderState(93)) - e9aaeb2c-5ca1-4644-9e1d-ecde78d55867: shutdown e9aaeb2c-5ca1-4644-9e1d-ecde78d55867@group-710418FD9C5F-LeaderStateImpl
2023-02-21 13:40:01,489 [e9aaeb2c-5ca1-4644-9e1d-ecde78d55867-impl-thread1] INFO  impl.PendingRequests (PendingRequests.java:sendNotLeaderResponses(282)) - e9aaeb2c-5ca1-4644-9e1d-ecde78d55867@group-710418FD9C5F-PendingRequests: sendNotLeaderResponses
2023-02-21 13:40:01,490 [e9aaeb2c-5ca1-4644-9e1d-ecde78d55867@group-710418FD9C5F-StateMachineUpdater] INFO  ratis.ContainerStateMachine (ContainerStateMachine.java:takeSnapshot(308)) - group-710418FD9C5F: Taking a snapshot at:(t:1, i:0) file /home/runner/work/ozone/ozone/hadoop-ozone/integration-test/target/test-dir/MiniOzoneClusterImpl-be926948-0f1c-4cac-9651-6eceb419abf0/datanode-0/data/ratis/85bf24f6-3fdf-4645-8895-710418fd9c5f/sm/snapshot.1_0
2023-02-21 13:40:01,491 [e9aaeb2c-5ca1-4644-9e1d-ecde78d55867-impl-thread1] INFO  impl.StateMachineUpdater (StateMachineUpdater.java:stopAndJoin(153)) - e9aaeb2c-5ca1-4644-9e1d-ecde78d55867@group-710418FD9C5F-StateMachineUpdater: set stopIndex = 0
2023-02-21 13:40:01,491 [e9aaeb2c-5ca1-4644-9e1d-ecde78d55867@group-710418FD9C5F-StateMachineUpdater] INFO  ratis.ContainerStateMachine (ContainerStateMachine.java:takeSnapshot(319)) - group-710418FD9C5F: Finished taking a snapshot at:(t:1, i:0) file:/home/runner/work/ozone/ozone/hadoop-ozone/integration-test/target/test-dir/MiniOzoneClusterImpl-be926948-0f1c-4cac-9651-6eceb419abf0/datanode-0/data/ratis/85bf24f6-3fdf-4645-8895-710418fd9c5f/sm/snapshot.1_0 took: 1 ms
2023-02-21 13:40:01,491 [e9aaeb2c-5ca1-4644-9e1d-ecde78d55867@group-710418FD9C5F-StateMachineUpdater] INFO  impl.StateMachineUpdater (StateMachineUpdater.java:takeSnapshot(287)) - e9aaeb2c-5ca1-4644-9e1d-ecde78d55867@group-710418FD9C5F-StateMachineUpdater: Took a snapshot at index 0
2023-02-21 13:40:01,491 [e9aaeb2c-5ca1-4644-9e1d-ecde78d55867@group-710418FD9C5F-StateMachineUpdater] INFO  impl.StateMachineUpdater (StateMachineUpdater.java:lambda$new$0(92)) - e9aaeb2c-5ca1-4644-9e1d-ecde78d55867@group-710418FD9C5F-StateMachineUpdater: snapshotIndex: updateIncreasingly -1 -> 0
2023-02-21 13:40:01,492 [e9aaeb2c-5ca1-4644-9e1d-ecde78d55867-impl-thread1] INFO  server.RaftServer$Division (ServerState.java:close(466)) - e9aaeb2c-5ca1-4644-9e1d-ecde78d55867@group-710418FD9C5F: closes. applyIndex: 0
2023-02-21 13:40:01,493 [e9aaeb2c-5ca1-4644-9e1d-ecde78d55867-impl-thread2] INFO  server.RaftServer$Division (RaftServerImpl.java:lambda$close$4(458)) - e9aaeb2c-5ca1-4644-9e1d-ecde78d55867@group-47FCF3555B7A: shutdown
2023-02-21 13:40:01,493 [e9aaeb2c-5ca1-4644-9e1d-ecde78d55867-impl-thread2] INFO  util.JmxRegister (JmxRegister.java:unregister(73)) - Successfully un-registered JMX Bean with object name Ratis:service=RaftServer,group=group-47FCF3555B7A,id=e9aaeb2c-5ca1-4644-9e1d-ecde78d55867
2023-02-21 13:40:01,493 [e9aaeb2c-5ca1-4644-9e1d-ecde78d55867-impl-thread2] INFO  impl.RoleInfo (RoleInfo.java:shutdownLeaderState(93)) - e9aaeb2c-5ca1-4644-9e1d-ecde78d55867: shutdown e9aaeb2c-5ca1-4644-9e1d-ecde78d55867@group-47FCF3555B7A-LeaderStateImpl
2023-02-21 13:40:01,493 [ForkJoinPool.commonPool-worker-0] INFO  server.GrpcService (GrpcService.java:closeImpl(271)) - e9aaeb2c-5ca1-4644-9e1d-ecde78d55867: shutdown server GrpcServerProtocolService now
2023-02-21 13:40:01,495 [e9aaeb2c-5ca1-4644-9e1d-ecde78d55867@group-47FCF3555B7A->b8864c6c-2f32-4f18-b19e-2e05a8dee4a2-GrpcLogAppender-LogAppenderDaemon] WARN  server.GrpcLogAppender (GrpcLogAppender.java:mayWait(200)) - e9aaeb2c-5ca1-4644-9e1d-ecde78d55867@group-47FCF3555B7A->b8864c6c-2f32-4f18-b19e-2e05a8dee4a2-GrpcLogAppender: Wait interrupted by java.lang.InterruptedException
2023-02-21 13:40:01,495 [e9aaeb2c-5ca1-4644-9e1d-ecde78d55867@group-710418FD9C5F-SegmentedRaftLogWorker] INFO  segmented.SegmentedRaftLogWorker (SegmentedRaftLogWorker.java:run(347)) - e9aaeb2c-5ca1-4644-9e1d-ecde78d55867@group-710418FD9C5F-SegmentedRaftLogWorker was interrupted, exiting. There are 0 tasks remaining in the queue.
2023-02-21 13:40:01,495 [e9aaeb2c-5ca1-4644-9e1d-ecde78d55867@group-47FCF3555B7A->24a59b6b-5580-49f4-8674-e10ef71be698-GrpcLogAppender-LogAppenderDaemon] WARN  server.GrpcLogAppender (GrpcLogAppender.java:mayWait(200)) - e9aaeb2c-5ca1-4644-9e1d-ecde78d55867@group-47FCF3555B7A->24a59b6b-5580-49f4-8674-e10ef71be698-GrpcLogAppender: Wait interrupted by java.lang.InterruptedException
2023-02-21 13:40:01,495 [e9aaeb2c-5ca1-4644-9e1d-ecde78d55867-impl-thread2] INFO  impl.PendingRequests (PendingRequests.java:sendNotLeaderResponses(282)) - e9aaeb2c-5ca1-4644-9e1d-ecde78d55867@group-47FCF3555B7A-PendingRequests: sendNotLeaderResponses
2023-02-21 13:40:01,496 [ForkJoinPool.commonPool-worker-0] INFO  server.GrpcServerProtocolClient (GrpcServerProtocolClient.java:close(101)) - b8864c6c-2f32-4f18-b19e-2e05a8dee4a2 Close channels
2023-02-21 13:40:01,496 [e9aaeb2c-5ca1-4644-9e1d-ecde78d55867-impl-thread1] INFO  segmented.SegmentedRaftLogWorker (SegmentedRaftLogWorker.java:close(257)) - e9aaeb2c-5ca1-4644-9e1d-ecde78d55867@group-710418FD9C5F-SegmentedRaftLogWorker close()
2023-02-21 13:40:01,497 [ForkJoinPool.commonPool-worker-0] INFO  server.GrpcServerProtocolClient (GrpcServerProtocolClient.java:close(101)) - 24a59b6b-5580-49f4-8674-e10ef71be698 Close channels
2023-02-21 13:40:01,497 [ForkJoinPool.commonPool-worker-0] INFO  server.GrpcService (GrpcService.java:closeImpl(280)) - e9aaeb2c-5ca1-4644-9e1d-ecde78d55867: shutdown server GrpcServerProtocolService successfully
2023-02-21 13:40:01,499 [e9aaeb2c-5ca1-4644-9e1d-ecde78d55867-NettyServerStreamRpc-bossGroup--thread1] INFO  logging.LoggingHandler (AbstractInternalLogger.java:log(148)) - [id: 0x6830ed2c, L:/0:0:0:0:0:0:0:0:46131] CLOSE
2023-02-21 13:40:01,499 [e9aaeb2c-5ca1-4644-9e1d-ecde78d55867-NettyServerStreamRpc-bossGroup--thread1] INFO  logging.LoggingHandler (AbstractInternalLogger.java:log(148)) - [id: 0x6830ed2c, L:/0:0:0:0:0:0:0:0:46131] INACTIVE
2023-02-21 13:40:01,499 [e9aaeb2c-5ca1-4644-9e1d-ecde78d55867-NettyServerStreamRpc-bossGroup--thread1] INFO  logging.LoggingHandler (AbstractInternalLogger.java:log(148)) - [id: 0x6830ed2c, L:/0:0:0:0:0:0:0:0:46131] UNREGISTERED
2023-02-21 13:40:01,500 [e9aaeb2c-5ca1-4644-9e1d-ecde78d55867@group-47FCF3555B7A-StateMachineUpdater] INFO  ratis.ContainerStateMachine (ContainerStateMachine.java:takeSnapshot(308)) - group-47FCF3555B7A: Taking a snapshot at:(t:1, i:21) file /home/runner/work/ozone/ozone/hadoop-ozone/integration-test/target/test-dir/MiniOzoneClusterImpl-be926948-0f1c-4cac-9651-6eceb419abf0/datanode-0/data/ratis/0a910542-7126-47e9-864e-47fcf3555b7a/sm/snapshot.1_21
2023-02-21 13:40:01,500 [e9aaeb2c-5ca1-4644-9e1d-ecde78d55867-impl-thread2] INFO  impl.StateMachineUpdater (StateMachineUpdater.java:stopAndJoin(153)) - e9aaeb2c-5ca1-4644-9e1d-ecde78d55867@group-47FCF3555B7A-StateMachineUpdater: set stopIndex = 21
2023-02-21 13:40:01,500 [e9aaeb2c-5ca1-4644-9e1d-ecde78d55867-impl-thread3] INFO  server.RaftServer$Division (RaftServerImpl.java:lambda$close$4(458)) - e9aaeb2c-5ca1-4644-9e1d-ecde78d55867@group-55D5C4970A63: shutdown
2023-02-21 13:40:01,500 [e9aaeb2c-5ca1-4644-9e1d-ecde78d55867-impl-thread3] INFO  util.JmxRegister (JmxRegister.java:unregister(73)) - Successfully un-registered JMX Bean with object name Ratis:service=RaftServer,group=group-55D5C4970A63,id=e9aaeb2c-5ca1-4644-9e1d-ecde78d55867
2023-02-21 13:40:01,500 [e9aaeb2c-5ca1-4644-9e1d-ecde78d55867-impl-thread3] INFO  impl.RoleInfo (RoleInfo.java:shutdownFollowerState(110)) - e9aaeb2c-5ca1-4644-9e1d-ecde78d55867: shutdown e9aaeb2c-5ca1-4644-9e1d-ecde78d55867@group-55D5C4970A63-FollowerState
2023-02-21 13:40:01,501 [e9aaeb2c-5ca1-4644-9e1d-ecde78d55867@group-47FCF3555B7A-StateMachineUpdater] INFO  ratis.ContainerStateMachine (ContainerStateMachine.java:takeSnapshot(319)) - group-47FCF3555B7A: Finished taking a snapshot at:(t:1, i:21) file:/home/runner/work/ozone/ozone/hadoop-ozone/integration-test/target/test-dir/MiniOzoneClusterImpl-be926948-0f1c-4cac-9651-6eceb419abf0/datanode-0/data/ratis/0a910542-7126-47e9-864e-47fcf3555b7a/sm/snapshot.1_21 took: 1 ms
2023-02-21 13:40:01,501 [e9aaeb2c-5ca1-4644-9e1d-ecde78d55867@group-47FCF3555B7A-StateMachineUpdater] INFO  impl.StateMachineUpdater (StateMachineUpdater.java:takeSnapshot(287)) - e9aaeb2c-5ca1-4644-9e1d-ecde78d55867@group-47FCF3555B7A-StateMachineUpdater: Took a snapshot at index 21
2023-02-21 13:40:01,502 [e9aaeb2c-5ca1-4644-9e1d-ecde78d55867@group-47FCF3555B7A-StateMachineUpdater] INFO  impl.StateMachineUpdater (StateMachineUpdater.java:lambda$new$0(92)) - e9aaeb2c-5ca1-4644-9e1d-ecde78d55867@group-47FCF3555B7A-StateMachineUpdater: snapshotIndex: updateIncreasingly -1 -> 21
2023-02-21 13:40:01,516 [e9aaeb2c-5ca1-4644-9e1d-ecde78d55867-impl-thread3] INFO  impl.StateMachineUpdater (StateMachineUpdater.java:stopAndJoin(153)) - e9aaeb2c-5ca1-4644-9e1d-ecde78d55867@group-55D5C4970A63-StateMachineUpdater: set stopIndex = 8
2023-02-21 13:40:01,516 [e9aaeb2c-5ca1-4644-9e1d-ecde78d55867@group-55D5C4970A63-FollowerState] INFO  impl.FollowerState (FollowerState.java:run(152)) - e9aaeb2c-5ca1-4644-9e1d-ecde78d55867@group-55D5C4970A63-FollowerState was interrupted
2023-02-21 13:40:01,516 [e9aaeb2c-5ca1-4644-9e1d-ecde78d55867@group-55D5C4970A63-StateMachineUpdater] INFO  ratis.ContainerStateMachine (ContainerStateMachine.java:takeSnapshot(308)) - group-55D5C4970A63: Taking a snapshot at:(t:1, i:8) file /home/runner/work/ozone/ozone/hadoop-ozone/integration-test/target/test-dir/MiniOzoneClusterImpl-be926948-0f1c-4cac-9651-6eceb419abf0/datanode-0/data/ratis/d634ac0a-be48-4e24-a522-55d5c4970a63/sm/snapshot.1_8
2023-02-21 13:40:01,519 [e9aaeb2c-5ca1-4644-9e1d-ecde78d55867@group-55D5C4970A63-StateMachineUpdater] INFO  ratis.ContainerStateMachine (ContainerStateMachine.java:takeSnapshot(319)) - group-55D5C4970A63: Finished taking a snapshot at:(t:1, i:8) file:/home/runner/work/ozone/ozone/hadoop-ozone/integration-test/target/test-dir/MiniOzoneClusterImpl-be926948-0f1c-4cac-9651-6eceb419abf0/datanode-0/data/ratis/d634ac0a-be48-4e24-a522-55d5c4970a63/sm/snapshot.1_8 took: 3 ms
2023-02-21 13:40:01,519 [e9aaeb2c-5ca1-4644-9e1d-ecde78d55867@group-55D5C4970A63-StateMachineUpdater] INFO  impl.StateMachineUpdater (StateMachineUpdater.java:takeSnapshot(287)) - e9aaeb2c-5ca1-4644-9e1d-ecde78d55867@group-55D5C4970A63-StateMachineUpdater: Took a snapshot at index 8
2023-02-21 13:40:01,519 [e9aaeb2c-5ca1-4644-9e1d-ecde78d55867@group-55D5C4970A63-StateMachineUpdater] INFO  impl.StateMachineUpdater (StateMachineUpdater.java:lambda$new$0(92)) - e9aaeb2c-5ca1-4644-9e1d-ecde78d55867@group-55D5C4970A63-StateMachineUpdater: snapshotIndex: updateIncreasingly -1 -> 8
2023-02-21 13:40:01,519 [e9aaeb2c-5ca1-4644-9e1d-ecde78d55867-impl-thread3] INFO  server.RaftServer$Division (ServerState.java:close(466)) - e9aaeb2c-5ca1-4644-9e1d-ecde78d55867@group-55D5C4970A63: closes. applyIndex: 8
2023-02-21 13:40:01,519 [e9aaeb2c-5ca1-4644-9e1d-ecde78d55867@group-55D5C4970A63-SegmentedRaftLogWorker] INFO  segmented.SegmentedRaftLogWorker (SegmentedRaftLogWorker.java:run(347)) - e9aaeb2c-5ca1-4644-9e1d-ecde78d55867@group-55D5C4970A63-SegmentedRaftLogWorker was interrupted, exiting. There are 0 tasks remaining in the queue.
2023-02-21 13:40:01,526 [e9aaeb2c-5ca1-4644-9e1d-ecde78d55867-impl-thread2] INFO  server.RaftServer$Division (ServerState.java:close(466)) - e9aaeb2c-5ca1-4644-9e1d-ecde78d55867@group-47FCF3555B7A: closes. applyIndex: 21
2023-02-21 13:40:01,527 [e9aaeb2c-5ca1-4644-9e1d-ecde78d55867@group-47FCF3555B7A-SegmentedRaftLogWorker] INFO  segmented.SegmentedRaftLogWorker (SegmentedRaftLogWorker.java:run(347)) - e9aaeb2c-5ca1-4644-9e1d-ecde78d55867@group-47FCF3555B7A-SegmentedRaftLogWorker was interrupted, exiting. There are 0 tasks remaining in the queue.
2023-02-21 13:40:01,533 [e9aaeb2c-5ca1-4644-9e1d-ecde78d55867-impl-thread3] INFO  segmented.SegmentedRaftLogWorker (SegmentedRaftLogWorker.java:close(257)) - e9aaeb2c-5ca1-4644-9e1d-ecde78d55867@group-55D5C4970A63-SegmentedRaftLogWorker close()
2023-02-21 13:40:01,533 [e9aaeb2c-5ca1-4644-9e1d-ecde78d55867-impl-thread2] INFO  segmented.SegmentedRaftLogWorker (SegmentedRaftLogWorker.java:close(257)) - e9aaeb2c-5ca1-4644-9e1d-ecde78d55867@group-47FCF3555B7A-SegmentedRaftLogWorker close()
2023-02-21 13:40:01,537 [JvmPauseMonitor6] INFO  util.JvmPauseMonitor (JvmPauseMonitor.java:run(111)) - JvmPauseMonitor-e9aaeb2c-5ca1-4644-9e1d-ecde78d55867: Stopped
2023-02-21 13:40:03,492 [Listener at 127.0.0.1/40229] INFO  volume.HddsVolume (HddsVolume.java:closeDbStore(362)) - SchemaV3 db is stopped at /home/runner/work/ozone/ozone/hadoop-ozone/integration-test/target/test-dir/MiniOzoneClusterImpl-be926948-0f1c-4cac-9651-6eceb419abf0/datanode-4/data-0/containers/hdds/be926948-0f1c-4cac-9651-6eceb419abf0/DS-736b71a3-7fee-4ee5-8dd3-964634cc1a8e/container.db for volume DS-736b71a3-7fee-4ee5-8dd3-964634cc1a8e
2023-02-21 13:40:03,492 [Listener at 127.0.0.1/40229] INFO  utils.BackgroundService (BackgroundService.java:shutdown(141)) - Shutting down service BlockDeletingService
2023-02-21 13:40:03,492 [Listener at 127.0.0.1/40229] INFO  utils.BackgroundService (BackgroundService.java:shutdown(141)) - Shutting down service StaleRecoveringContainerScrubbingService
2023-02-21 13:40:03,495 [Listener at 127.0.0.1/40229] INFO  statemachine.DatanodeStateMachine (DatanodeStateMachine.java:stopDaemon(600)) - Ozone container server stopped.
2023-02-21 13:40:03,513 [Listener at 127.0.0.1/40229] INFO  handler.ContextHandler (ContextHandler.java:doStop(1159)) - Stopped o.e.j.w.WebAppContext@406a46b7{hddsDatanode,/,null,STOPPED}{jar:file:/home/runner/.m2/repository/org/apache/ozone/hdds-container-service/1.4.0-SNAPSHOT/hdds-container-service-1.4.0-SNAPSHOT.jar!/webapps/hddsDatanode}
2023-02-21 13:40:03,514 [Listener at 127.0.0.1/40229] INFO  server.AbstractConnector (AbstractConnector.java:doStop(383)) - Stopped ServerConnector@299b30c2{HTTP/1.1, (http/1.1)}{0.0.0.0:0}
2023-02-21 13:40:03,514 [Listener at 127.0.0.1/40229] INFO  server.session (HouseKeeper.java:stopScavenging(149)) - node0 Stopped scavenging
2023-02-21 13:40:03,515 [Listener at 127.0.0.1/40229] INFO  handler.ContextHandler (ContextHandler.java:doStop(1159)) - Stopped o.e.j.s.ServletContextHandler@498255bf{static,/static,jar:file:/home/runner/.m2/repository/org/apache/ozone/hdds-container-service/1.4.0-SNAPSHOT/hdds-container-service-1.4.0-SNAPSHOT.jar!/webapps/static,STOPPED}
2023-02-21 13:40:03,515 [Listener at 127.0.0.1/40229] INFO  handler.ContextHandler (ContextHandler.java:doStop(1159)) - Stopped o.e.j.s.ServletContextHandler@191fb52e{logs,/logs,file:///home/runner/work/ozone/ozone/hadoop-ozone/integration-test/target/log,STOPPED}
2023-02-21 13:40:03,517 [Listener at 127.0.0.1/40229] INFO  ozoneimpl.OzoneContainer (OzoneContainer.java:stop(420)) - Attempting to stop container services.
2023-02-21 13:40:03,518 [Listener at 127.0.0.1/40229] INFO  server.RaftServer (RaftServerProxy.java:lambda$close$6(409)) - 66960b80-c593-4b74-88fd-c621ad684876: close
2023-02-21 13:40:03,518 [Listener at 127.0.0.1/40229] INFO  server.GrpcService (GrpcService.java:closeImpl(271)) - 66960b80-c593-4b74-88fd-c621ad684876: shutdown server GrpcServerProtocolService now
2023-02-21 13:40:03,518 [66960b80-c593-4b74-88fd-c621ad684876-impl-thread1] INFO  server.RaftServer$Division (RaftServerImpl.java:lambda$close$4(458)) - 66960b80-c593-4b74-88fd-c621ad684876@group-046D58D7D5B8: shutdown
2023-02-21 13:40:03,519 [66960b80-c593-4b74-88fd-c621ad684876-impl-thread1] INFO  util.JmxRegister (JmxRegister.java:unregister(73)) - Successfully un-registered JMX Bean with object name Ratis:service=RaftServer,group=group-046D58D7D5B8,id=66960b80-c593-4b74-88fd-c621ad684876
2023-02-21 13:40:03,519 [66960b80-c593-4b74-88fd-c621ad684876-impl-thread1] INFO  impl.RoleInfo (RoleInfo.java:shutdownLeaderState(93)) - 66960b80-c593-4b74-88fd-c621ad684876: shutdown 66960b80-c593-4b74-88fd-c621ad684876@group-046D58D7D5B8-LeaderStateImpl
2023-02-21 13:40:03,519 [66960b80-c593-4b74-88fd-c621ad684876-impl-thread1] INFO  impl.PendingRequests (PendingRequests.java:sendNotLeaderResponses(282)) - 66960b80-c593-4b74-88fd-c621ad684876@group-046D58D7D5B8-PendingRequests: sendNotLeaderResponses
2023-02-21 13:40:03,519 [66960b80-c593-4b74-88fd-c621ad684876-impl-thread1] INFO  impl.StateMachineUpdater (StateMachineUpdater.java:stopAndJoin(153)) - 66960b80-c593-4b74-88fd-c621ad684876@group-046D58D7D5B8-StateMachineUpdater: set stopIndex = 0
2023-02-21 13:40:03,519 [66960b80-c593-4b74-88fd-c621ad684876@group-046D58D7D5B8-StateMachineUpdater] INFO  ratis.ContainerStateMachine (ContainerStateMachine.java:takeSnapshot(308)) - group-046D58D7D5B8: Taking a snapshot at:(t:1, i:0) file /home/runner/work/ozone/ozone/hadoop-ozone/integration-test/target/test-dir/MiniOzoneClusterImpl-be926948-0f1c-4cac-9651-6eceb419abf0/datanode-3/data/ratis/6f3fc31c-fbc7-4438-b3dc-046d58d7d5b8/sm/snapshot.1_0
2023-02-21 13:40:03,520 [Listener at 127.0.0.1/40229] INFO  server.GrpcService (GrpcService.java:closeImpl(280)) - 66960b80-c593-4b74-88fd-c621ad684876: shutdown server GrpcServerProtocolService successfully
2023-02-21 13:40:03,520 [66960b80-c593-4b74-88fd-c621ad684876-NettyServerStreamRpc-bossGroup--thread1] INFO  logging.LoggingHandler (AbstractInternalLogger.java:log(148)) - [id: 0x5aa9f465, L:/0:0:0:0:0:0:0:0:40997] CLOSE
2023-02-21 13:40:03,521 [66960b80-c593-4b74-88fd-c621ad684876-NettyServerStreamRpc-bossGroup--thread1] INFO  logging.LoggingHandler (AbstractInternalLogger.java:log(148)) - [id: 0x5aa9f465, L:/0:0:0:0:0:0:0:0:40997] INACTIVE
2023-02-21 13:40:03,521 [66960b80-c593-4b74-88fd-c621ad684876-NettyServerStreamRpc-bossGroup--thread1] INFO  logging.LoggingHandler (AbstractInternalLogger.java:log(148)) - [id: 0x5aa9f465, L:/0:0:0:0:0:0:0:0:40997] UNREGISTERED
2023-02-21 13:40:03,522 [66960b80-c593-4b74-88fd-c621ad684876@group-046D58D7D5B8-StateMachineUpdater] INFO  ratis.ContainerStateMachine (ContainerStateMachine.java:takeSnapshot(319)) - group-046D58D7D5B8: Finished taking a snapshot at:(t:1, i:0) file:/home/runner/work/ozone/ozone/hadoop-ozone/integration-test/target/test-dir/MiniOzoneClusterImpl-be926948-0f1c-4cac-9651-6eceb419abf0/datanode-3/data/ratis/6f3fc31c-fbc7-4438-b3dc-046d58d7d5b8/sm/snapshot.1_0 took: 3 ms
2023-02-21 13:40:03,522 [66960b80-c593-4b74-88fd-c621ad684876@group-046D58D7D5B8-StateMachineUpdater] INFO  impl.StateMachineUpdater (StateMachineUpdater.java:takeSnapshot(287)) - 66960b80-c593-4b74-88fd-c621ad684876@group-046D58D7D5B8-StateMachineUpdater: Took a snapshot at index 0
2023-02-21 13:40:03,522 [66960b80-c593-4b74-88fd-c621ad684876@group-046D58D7D5B8-StateMachineUpdater] INFO  impl.StateMachineUpdater (StateMachineUpdater.java:lambda$new$0(92)) - 66960b80-c593-4b74-88fd-c621ad684876@group-046D58D7D5B8-StateMachineUpdater: snapshotIndex: updateIncreasingly -1 -> 0
2023-02-21 13:40:03,522 [66960b80-c593-4b74-88fd-c621ad684876-impl-thread1] INFO  server.RaftServer$Division (ServerState.java:close(466)) - 66960b80-c593-4b74-88fd-c621ad684876@group-046D58D7D5B8: closes. applyIndex: 0
2023-02-21 13:40:03,525 [66960b80-c593-4b74-88fd-c621ad684876@group-046D58D7D5B8-SegmentedRaftLogWorker] INFO  segmented.SegmentedRaftLogWorker (SegmentedRaftLogWorker.java:run(347)) - 66960b80-c593-4b74-88fd-c621ad684876@group-046D58D7D5B8-SegmentedRaftLogWorker was interrupted, exiting. There are 0 tasks remaining in the queue.
2023-02-21 13:40:03,526 [66960b80-c593-4b74-88fd-c621ad684876-impl-thread1] INFO  segmented.SegmentedRaftLogWorker (SegmentedRaftLogWorker.java:close(257)) - 66960b80-c593-4b74-88fd-c621ad684876@group-046D58D7D5B8-SegmentedRaftLogWorker close()
2023-02-21 13:40:03,526 [JvmPauseMonitor9] INFO  util.JvmPauseMonitor (JvmPauseMonitor.java:run(111)) - JvmPauseMonitor-66960b80-c593-4b74-88fd-c621ad684876: Stopped
2023-02-21 13:40:03,543 [ForkJoinPool.commonPool-worker-0] INFO  volume.HddsVolume (HddsVolume.java:closeDbStore(362)) - SchemaV3 db is stopped at /home/runner/work/ozone/ozone/hadoop-ozone/integration-test/target/test-dir/MiniOzoneClusterImpl-be926948-0f1c-4cac-9651-6eceb419abf0/datanode-0/data-0/containers/hdds/be926948-0f1c-4cac-9651-6eceb419abf0/DS-22df26e8-af34-4699-9af9-e415e8a4d365/container.db for volume DS-22df26e8-af34-4699-9af9-e415e8a4d365
2023-02-21 13:40:03,544 [ForkJoinPool.commonPool-worker-0] INFO  utils.BackgroundService (BackgroundService.java:shutdown(141)) - Shutting down service BlockDeletingService
2023-02-21 13:40:03,544 [ForkJoinPool.commonPool-worker-0] INFO  utils.BackgroundService (BackgroundService.java:shutdown(141)) - Shutting down service StaleRecoveringContainerScrubbingService
2023-02-21 13:40:03,547 [ForkJoinPool.commonPool-worker-0] INFO  statemachine.DatanodeStateMachine (DatanodeStateMachine.java:stopDaemon(600)) - Ozone container server stopped.
2023-02-21 13:40:03,559 [ForkJoinPool.commonPool-worker-0] INFO  handler.ContextHandler (ContextHandler.java:doStop(1159)) - Stopped o.e.j.w.WebAppContext@73fd16dc{hddsDatanode,/,null,STOPPED}{jar:file:/home/runner/.m2/repository/org/apache/ozone/hdds-container-service/1.4.0-SNAPSHOT/hdds-container-service-1.4.0-SNAPSHOT.jar!/webapps/hddsDatanode}
2023-02-21 13:40:03,559 [ForkJoinPool.commonPool-worker-0] INFO  server.AbstractConnector (AbstractConnector.java:doStop(383)) - Stopped ServerConnector@50dcf1c4{HTTP/1.1, (http/1.1)}{0.0.0.0:0}
2023-02-21 13:40:03,559 [ForkJoinPool.commonPool-worker-0] INFO  server.session (HouseKeeper.java:stopScavenging(149)) - node0 Stopped scavenging
2023-02-21 13:40:03,560 [ForkJoinPool.commonPool-worker-0] INFO  handler.ContextHandler (ContextHandler.java:doStop(1159)) - Stopped o.e.j.s.ServletContextHandler@181c263b{static,/static,jar:file:/home/runner/.m2/repository/org/apache/ozone/hdds-container-service/1.4.0-SNAPSHOT/hdds-container-service-1.4.0-SNAPSHOT.jar!/webapps/static,STOPPED}
2023-02-21 13:40:03,561 [ForkJoinPool.commonPool-worker-0] INFO  handler.ContextHandler (ContextHandler.java:doStop(1159)) - Stopped o.e.j.s.ServletContextHandler@78cbf937{logs,/logs,file:///home/runner/work/ozone/ozone/hadoop-ozone/integration-test/target/log,STOPPED}
2023-02-21 13:40:05,532 [Listener at 127.0.0.1/40229] INFO  volume.HddsVolume (HddsVolume.java:closeDbStore(362)) - SchemaV3 db is stopped at /home/runner/work/ozone/ozone/hadoop-ozone/integration-test/target/test-dir/MiniOzoneClusterImpl-be926948-0f1c-4cac-9651-6eceb419abf0/datanode-3/data-0/containers/hdds/be926948-0f1c-4cac-9651-6eceb419abf0/DS-6a92aec7-e8e9-4f20-a755-b5325b61cf9f/container.db for volume DS-6a92aec7-e8e9-4f20-a755-b5325b61cf9f
2023-02-21 13:40:05,532 [Listener at 127.0.0.1/40229] INFO  utils.BackgroundService (BackgroundService.java:shutdown(141)) - Shutting down service BlockDeletingService
2023-02-21 13:40:05,533 [Listener at 127.0.0.1/40229] INFO  utils.BackgroundService (BackgroundService.java:shutdown(141)) - Shutting down service StaleRecoveringContainerScrubbingService
2023-02-21 13:40:05,534 [Listener at 127.0.0.1/40229] INFO  statemachine.DatanodeStateMachine (DatanodeStateMachine.java:stopDaemon(600)) - Ozone container server stopped.
2023-02-21 13:40:05,546 [Listener at 127.0.0.1/40229] INFO  handler.ContextHandler (ContextHandler.java:doStop(1159)) - Stopped o.e.j.w.WebAppContext@31e49aec{hddsDatanode,/,null,STOPPED}{jar:file:/home/runner/.m2/repository/org/apache/ozone/hdds-container-service/1.4.0-SNAPSHOT/hdds-container-service-1.4.0-SNAPSHOT.jar!/webapps/hddsDatanode}
2023-02-21 13:40:05,547 [Listener at 127.0.0.1/40229] INFO  server.AbstractConnector (AbstractConnector.java:doStop(383)) - Stopped ServerConnector@2becc0e4{HTTP/1.1, (http/1.1)}{0.0.0.0:0}
2023-02-21 13:40:05,547 [Listener at 127.0.0.1/40229] INFO  server.session (HouseKeeper.java:stopScavenging(149)) - node0 Stopped scavenging
2023-02-21 13:40:05,547 [Listener at 127.0.0.1/40229] INFO  handler.ContextHandler (ContextHandler.java:doStop(1159)) - Stopped o.e.j.s.ServletContextHandler@752c2f42{static,/static,jar:file:/home/runner/.m2/repository/org/apache/ozone/hdds-container-service/1.4.0-SNAPSHOT/hdds-container-service-1.4.0-SNAPSHOT.jar!/webapps/static,STOPPED}
2023-02-21 13:40:05,547 [Listener at 127.0.0.1/40229] INFO  handler.ContextHandler (ContextHandler.java:doStop(1159)) - Stopped o.e.j.s.ServletContextHandler@449f5887{logs,/logs,file:///home/runner/work/ozone/ozone/hadoop-ozone/integration-test/target/log,STOPPED}
2023-02-21 13:40:05,554 [Listener at 127.0.0.1/40229] INFO  ozone.MiniOzoneClusterImpl (MiniOzoneClusterImpl.java:stopSCM(539)) - Stopping the StorageContainerManager
2023-02-21 13:40:05,554 [Listener at 127.0.0.1/40229] INFO  server.StorageContainerManager (StorageContainerManager.java:stop(1531)) - Container Balancer is not running.
2023-02-21 13:40:05,554 [Listener at 127.0.0.1/40229] INFO  server.StorageContainerManager (StorageContainerManager.java:stop(1538)) - Stopping Replication Manager Service.
2023-02-21 13:40:05,554 [Listener at 127.0.0.1/40229] INFO  replication.ReplicationManager (ReplicationManager.java:stop(299)) - Stopping Replication Monitor Thread.
2023-02-21 13:40:05,554 [Listener at 127.0.0.1/40229] INFO  server.StorageContainerManager (StorageContainerManager.java:stop(1545)) - Stopping the Datanode Admin Monitor.
2023-02-21 13:40:05,555 [ReplicationMonitor] INFO  replication.ReplicationManager (ReplicationManager.java:run(745)) - Replication Monitor Thread is stopped
2023-02-21 13:40:05,555 [Listener at 127.0.0.1/40229] INFO  server.StorageContainerManager (StorageContainerManager.java:stop(1552)) - Stopping datanode service RPC server
2023-02-21 13:40:05,555 [Listener at 127.0.0.1/40229] INFO  server.SCMDatanodeProtocolServer (SCMDatanodeProtocolServer.java:stop(424)) - Stopping the RPC server for DataNodes
2023-02-21 13:40:05,555 [Listener at 127.0.0.1/40229] INFO  ipc.Server (Server.java:stop(3428)) - Stopping server on 37581
2023-02-21 13:40:05,555 [Over Replicated Processor] WARN  replication.UnhealthyReplicationProcessor (UnhealthyReplicationProcessor.java:run(149)) - Over Replicated Processor interrupted. Exiting...
2023-02-21 13:40:05,554 [Under Replicated Processor] WARN  replication.UnhealthyReplicationProcessor (UnhealthyReplicationProcessor.java:run(149)) - Under Replicated Processor interrupted. Exiting...
2023-02-21 13:40:05,556 [IPC Server listener on 0] INFO  ipc.Server (Server.java:run(1384)) - Stopping IPC Server listener on 0
2023-02-21 13:40:05,564 [IPC Server Responder] INFO  ipc.Server (Server.java:run(1517)) - Stopping IPC Server Responder
2023-02-21 13:40:05,586 [SCM Heartbeat Processing Thread - 0] WARN  node.NodeStateManager (NodeStateManager.java:scheduleNextHealthCheck(870)) - Current Thread is interrupted, shutting down HB processing thread for Node Manager.
2023-02-21 13:40:05,586 [Listener at 127.0.0.1/40229] INFO  server.StorageContainerManager (StorageContainerManager.java:stop(1560)) - Stopping block service RPC server
2023-02-21 13:40:05,586 [Listener at 127.0.0.1/40229] INFO  server.SCMBlockProtocolServer (SCMBlockProtocolServer.java:stop(161)) - Stopping the RPC server for Block Protocol
2023-02-21 13:40:05,586 [Listener at 127.0.0.1/40229] INFO  ipc.Server (Server.java:stop(3428)) - Stopping server on 33483
2023-02-21 13:40:05,589 [IPC Server Responder] INFO  ipc.Server (Server.java:run(1517)) - Stopping IPC Server Responder
2023-02-21 13:40:05,589 [Listener at 127.0.0.1/40229] INFO  server.StorageContainerManager (StorageContainerManager.java:stop(1567)) - Stopping the StorageContainerLocationProtocol RPC server
2023-02-21 13:40:05,589 [IPC Server listener on 0] INFO  ipc.Server (Server.java:run(1384)) - Stopping IPC Server listener on 0
2023-02-21 13:40:05,589 [Listener at 127.0.0.1/40229] INFO  server.SCMClientProtocolServer (SCMClientProtocolServer.java:stop(185)) - Stopping the RPC server for Client Protocol
2023-02-21 13:40:05,589 [Listener at 127.0.0.1/40229] INFO  ipc.Server (Server.java:stop(3428)) - Stopping server on 40007
2023-02-21 13:40:05,592 [IPC Server listener on 0] INFO  ipc.Server (Server.java:run(1384)) - Stopping IPC Server listener on 0
2023-02-21 13:40:05,592 [Listener at 127.0.0.1/40229] INFO  server.StorageContainerManager (StorageContainerManager.java:stop(1574)) - Stopping Storage Container Manager HTTP server.
2023-02-21 13:40:05,592 [IPC Server Responder] INFO  ipc.Server (Server.java:run(1517)) - Stopping IPC Server Responder
2023-02-21 13:40:05,593 [Listener at 127.0.0.1/40229] INFO  handler.ContextHandler (ContextHandler.java:doStop(1159)) - Stopped o.e.j.w.WebAppContext@19fb7097{scm,/,null,STOPPED}{file:/home/runner/work/ozone/ozone/hadoop-ozone/integration-test/target/test-classes/webapps/scm}
2023-02-21 13:40:05,594 [Listener at 127.0.0.1/40229] INFO  server.AbstractConnector (AbstractConnector.java:doStop(383)) - Stopped ServerConnector@7cb84ed8{HTTP/1.1, (http/1.1)}{0.0.0.0:0}
2023-02-21 13:40:05,594 [Listener at 127.0.0.1/40229] INFO  server.session (HouseKeeper.java:stopScavenging(149)) - node0 Stopped scavenging
2023-02-21 13:40:05,595 [Listener at 127.0.0.1/40229] INFO  handler.ContextHandler (ContextHandler.java:doStop(1159)) - Stopped o.e.j.s.ServletContextHandler@7e33f1f9{static,/static,file:///home/runner/work/ozone/ozone/hadoop-ozone/integration-test/target/test-classes/webapps/static,STOPPED}
2023-02-21 13:40:05,595 [Listener at 127.0.0.1/40229] INFO  handler.ContextHandler (ContextHandler.java:doStop(1159)) - Stopped o.e.j.s.ServletContextHandler@1f0f5174{logs,/logs,file:///home/runner/work/ozone/ozone/hadoop-ozone/integration-test/target/log,STOPPED}
2023-02-21 13:40:05,596 [Listener at 127.0.0.1/40229] INFO  server.StorageContainerManager (StorageContainerManager.java:stop(1580)) - Stopping SCM LayoutVersionManager Service.
2023-02-21 13:40:05,596 [Listener at 127.0.0.1/40229] INFO  server.StorageContainerManager (StorageContainerManager.java:stop(1588)) - Stopping Block Manager Service.
2023-02-21 13:40:05,596 [Listener at 127.0.0.1/40229] INFO  utils.BackgroundService (BackgroundService.java:shutdown(141)) - Shutting down service SCMBlockDeletingService
2023-02-21 13:40:05,596 [Listener at 127.0.0.1/40229] INFO  utils.BackgroundService (BackgroundService.java:shutdown(141)) - Shutting down service SCMBlockDeletingService
2023-02-21 13:40:05,597 [Listener at 127.0.0.1/40229] INFO  server.StorageContainerManager (StorageContainerManager.java:stop(1610)) - Stopping SCM Event Queue.
2023-02-21 13:40:05,598 [Listener at 127.0.0.1/40229] INFO  server.StorageContainerManager (StorageContainerManager.java:stop(1621)) - Stopping SCM HA services.
2023-02-21 13:40:05,598 [Listener at 127.0.0.1/40229] INFO  pipeline.BackgroundPipelineCreator (BackgroundPipelineCreator.java:stop(149)) - Stopping RatisPipelineUtilsThread.
2023-02-21 13:40:05,598 [RatisPipelineUtilsThread - 0] WARN  pipeline.BackgroundPipelineCreator (BackgroundPipelineCreator.java:run(180)) - RatisPipelineUtilsThread is interrupted.
2023-02-21 13:40:05,598 [Listener at 127.0.0.1/40229] INFO  BackgroundPipelineScrubber (BackgroundSCMService.java:stop(131)) - Stopping BackgroundPipelineScrubber Service.
2023-02-21 13:40:05,599 [BackgroundPipelineScrubberThread] WARN  BackgroundPipelineScrubber (BackgroundSCMService.java:run(115)) - BackgroundPipelineScrubber is interrupted, exit
2023-02-21 13:40:05,599 [Listener at 127.0.0.1/40229] INFO  impl.MetricsSystemImpl (MetricsSystemImpl.java:stop(210)) - Stopping HddsDatanode metrics system...
2023-02-21 13:40:05,610 [prometheus] INFO  impl.MetricsSinkAdapter (MetricsSinkAdapter.java:publishMetricsFromQueue(141)) - prometheus thread interrupted.
2023-02-21 13:40:05,610 [Listener at 127.0.0.1/40229] INFO  impl.MetricsSystemImpl (MetricsSystemImpl.java:stop(216)) - HddsDatanode metrics system stopped.
2023-02-21 13:40:05,610 [Listener at 127.0.0.1/40229] WARN  pipeline.BackgroundPipelineCreator (BackgroundPipelineCreator.java:stop(145)) - RatisPipelineUtilsThread is not running, just ignore.
2023-02-21 13:40:05,610 [Listener at 127.0.0.1/40229] INFO  BackgroundPipelineScrubber (BackgroundSCMService.java:stop(126)) - BackgroundPipelineScrubber Service is not running, skip stop.
2023-02-21 13:40:05,610 [Listener at 127.0.0.1/40229] INFO  ExpiredContainerReplicaOpScrubber (BackgroundSCMService.java:stop(131)) - Stopping ExpiredContainerReplicaOpScrubber Service.
2023-02-21 13:40:05,610 [ExpiredContainerReplicaOpScrubberThread] WARN  ExpiredContainerReplicaOpScrubber (BackgroundSCMService.java:run(115)) - ExpiredContainerReplicaOpScrubber is interrupted, exit
2023-02-21 13:40:05,610 [Listener at 127.0.0.1/40229] INFO  utils.BackgroundService (BackgroundService.java:shutdown(141)) - Shutting down service SCMBlockDeletingService
2023-02-21 13:40:05,611 [Listener at 127.0.0.1/40229] INFO  replication.ReplicationManager (ReplicationManager.java:stop(309)) - Replication Monitor Thread is not running.
2023-02-21 13:40:05,611 [Listener at 127.0.0.1/40229] WARN  balancer.ContainerBalancer (ContainerBalancer.java:stop(322)) - Cannot stop Container Balancer because it's not running or stopping
2023-02-21 13:40:05,611 [Listener at 127.0.0.1/40229] INFO  server.StorageContainerManager (StorageContainerManager.java:stop(1639)) - Stopping SCM MetadataStore.
2023-02-21 13:40:05,691 [Listener at 127.0.0.1/40229] WARN  server.ServerUtils (ServerUtils.java:getScmDbDir(148)) - ozone.scm.db.dirs is not configured. We recommend adding this setting. Falling back to ozone.metadata.dirs instead.
2023-02-21 13:40:05,694 [Listener at 127.0.0.1/40229] WARN  server.ServerUtils (ServerUtils.java:getScmDbDir(148)) - ozone.scm.db.dirs is not configured. We recommend adding this setting. Falling back to ozone.metadata.dirs instead.
2023-02-21 13:40:05,694 [Listener at 127.0.0.1/40229] INFO  ha.SCMHANodeDetails (SCMHANodeDetails.java:loadSCMHAConfig(209)) - ServiceID for StorageContainerManager is null
2023-02-21 13:40:05,695 [Listener at 127.0.0.1/40229] INFO  ha.SCMHANodeDetails (SCMHANodeDetails.java:loadSCMHAConfig(214)) - ozone.scm.default.service.id is not defined, falling back to ozone.scm.service.ids to find serviceID for StorageContainerManager if it is HA enabled cluster
2023-02-21 13:40:05,695 [Listener at 127.0.0.1/40229] WARN  utils.HAUtils (HAUtils.java:getMetaDir(342)) - ozone.scm.db.dirs is not configured. We recommend adding this setting. Falling back to ozone.metadata.dirs instead.
2023-02-21 13:40:05,695 [Listener at 127.0.0.1/40229] WARN  db.DBStoreBuilder (DBStoreBuilder.java:applyDBDefinition(172)) - ozone.scm.db.dirs is not configured. We recommend adding this setting. Falling back to ozone.metadata.dirs instead.
2023-02-21 13:40:05,810 [Listener at 127.0.0.1/40229] INFO  net.NodeSchemaLoader (NodeSchemaLoader.java:loadSchemaFromFile(129)) - Loading schema from [jar:file:/home/runner/.m2/repository/org/apache/ozone/hdds-common/1.4.0-SNAPSHOT/hdds-common-1.4.0-SNAPSHOT.jar!/network-topology-default.xml]
2023-02-21 13:40:05,811 [Listener at 127.0.0.1/40229] INFO  net.NodeSchemaLoader (NodeSchemaLoader.java:loadSchema(176)) - Loading network topology layer schema file
2023-02-21 13:40:05,813 [Listener at 127.0.0.1/40229] INFO  upgrade.AbstractLayoutVersionManager (AbstractLayoutVersionManager.java:init(83)) - Initializing Layout version manager with metadata layout = DATANODE_SCHEMA_V3 (version = 4), software layout = DATANODE_SCHEMA_V3 (version = 4)
2023-02-21 13:40:05,860 [Listener at 127.0.0.1/40229] INFO  reflections.Reflections (Reflections.java:scan(232)) - Reflections took 46 ms to scan 7 urls, producing 150 keys and 362 values 
2023-02-21 13:40:05,862 [Listener at 127.0.0.1/40229] INFO  ha.SequenceIdGenerator (SequenceIdGenerator.java:upgradeToSequenceId(349)) - upgrade localId to 111677748019200000
2023-02-21 13:40:05,862 [Listener at 127.0.0.1/40229] INFO  ha.SequenceIdGenerator (SequenceIdGenerator.java:upgradeToSequenceId(359)) - upgrade delTxnId to 0
2023-02-21 13:40:05,862 [Listener at 127.0.0.1/40229] INFO  ha.SequenceIdGenerator (SequenceIdGenerator.java:upgradeToSequenceId(376)) - upgrade containerId to 0
2023-02-21 13:40:05,862 [Listener at 127.0.0.1/40229] INFO  ha.SequenceIdGenerator (SequenceIdGenerator.java:<init>(220)) - Init the HA SequenceIdGenerator.
2023-02-21 13:40:05,863 [Listener at 127.0.0.1/40229] WARN  server.ServerUtils (ServerUtils.java:sanitizeUserArgs(73)) - ozone.scm.stale.node.interval value = 300000 is larger than max = 100000 based on the key value of ozone.scm.heartbeat.thread.interval, reset to the max value 100000.
2023-02-21 13:40:05,863 [Listener at 127.0.0.1/40229] WARN  server.ServerUtils (ServerUtils.java:sanitizeUserArgs(73)) - ozone.scm.stale.node.interval value = 300000 is larger than max = 100000 based on the key value of ozone.scm.heartbeat.thread.interval, reset to the max value 100000.
2023-02-21 13:40:05,863 [Listener at 127.0.0.1/40229] INFO  node.SCMNodeManager (SCMNodeManager.java:<init>(149)) - Entering startup safe mode.
2023-02-21 13:40:05,864 [Listener at 127.0.0.1/40229] INFO  algorithms.ContainerPlacementPolicyFactory (ContainerPlacementPolicyFactory.java:getPolicyInternal(86)) - Create container placement policy of type org.apache.hadoop.hdds.scm.container.placement.algorithms.SCMContainerPlacementRandom
2023-02-21 13:40:05,864 [Listener at 127.0.0.1/40229] INFO  algorithms.ContainerPlacementPolicyFactory (ContainerPlacementPolicyFactory.java:getPolicyInternal(86)) - Create container placement policy of type org.apache.hadoop.hdds.scm.container.placement.algorithms.SCMContainerPlacementRackScatter
2023-02-21 13:40:05,864 [Listener at 127.0.0.1/40229] INFO  pipeline.PipelineStateManagerImpl (PipelineStateManagerImpl.java:initialize(78)) - No pipeline exists in current db
2023-02-21 13:40:05,864 [Listener at 127.0.0.1/40229] INFO  algorithms.LeaderChoosePolicyFactory (LeaderChoosePolicyFactory.java:getPolicy(57)) - Create leader choose policy of type org.apache.hadoop.hdds.scm.pipeline.leader.choose.algorithms.MinLeaderCountChoosePolicy
2023-02-21 13:40:05,864 [Listener at 127.0.0.1/40229] INFO  algorithms.ContainerPlacementPolicyFactory (ContainerPlacementPolicyFactory.java:getPolicyInternal(86)) - Create container placement policy of type org.apache.hadoop.hdds.scm.container.placement.algorithms.SCMContainerPlacementRackScatter
2023-02-21 13:40:05,865 [Listener at 127.0.0.1/40229] INFO  ha.SCMServiceManager (SCMServiceManager.java:register(42)) - Registering service BackgroundPipelineCreator.
2023-02-21 13:40:05,865 [Listener at 127.0.0.1/40229] INFO  pipeline.BackgroundPipelineCreator (BackgroundPipelineCreator.java:start(124)) - Starting RatisPipelineUtilsThread.
2023-02-21 13:40:05,865 [Listener at 127.0.0.1/40229] INFO  BackgroundPipelineScrubber (BackgroundSCMService.java:start(68)) - Starting BackgroundPipelineScrubber Service.
2023-02-21 13:40:05,865 [Listener at 127.0.0.1/40229] INFO  ha.SCMServiceManager (SCMServiceManager.java:register(42)) - Registering service BackgroundPipelineScrubber.
2023-02-21 13:40:05,866 [Listener at 127.0.0.1/40229] INFO  ExpiredContainerReplicaOpScrubber (BackgroundSCMService.java:start(68)) - Starting ExpiredContainerReplicaOpScrubber Service.
2023-02-21 13:40:05,866 [Listener at 127.0.0.1/40229] INFO  ha.SCMServiceManager (SCMServiceManager.java:register(42)) - Registering service ExpiredContainerReplicaOpScrubber.
2023-02-21 13:40:05,867 [Listener at 127.0.0.1/40229] INFO  algorithms.PipelineChoosePolicyFactory (PipelineChoosePolicyFactory.java:createPipelineChoosePolicyFromClass(73)) - Create pipeline choose policy of type org.apache.hadoop.hdds.scm.pipeline.choose.algorithms.RandomPipelineChoosePolicy
2023-02-21 13:40:05,868 [Listener at 127.0.0.1/40229] INFO  ha.SCMServiceManager (SCMServiceManager.java:register(42)) - Registering service SCMBlockDeletingService.
2023-02-21 13:40:05,868 [Listener at 127.0.0.1/40229] INFO  replication.ReplicationManager (ReplicationManager.java:start(266)) - Starting Replication Monitor Thread.
2023-02-21 13:40:05,869 [Listener at 127.0.0.1/40229] INFO  ha.SCMServiceManager (SCMServiceManager.java:register(42)) - Registering service ReplicationManager.
2023-02-21 13:40:05,869 [Listener at 127.0.0.1/40229] INFO  safemode.ContainerSafeModeRule (ContainerSafeModeRule.java:<init>(89)) - containers with one replica threshold count 0
2023-02-21 13:40:05,870 [Listener at 127.0.0.1/40229] INFO  safemode.HealthyPipelineSafeModeRule (HealthyPipelineSafeModeRule.java:initializeRule(169)) - Total pipeline count is 0, healthy pipeline threshold count is 1
2023-02-21 13:40:05,870 [Listener at 127.0.0.1/40229] INFO  safemode.OneReplicaPipelineSafeModeRule (OneReplicaPipelineSafeModeRule.java:initializeRule(180)) - Total pipeline count is 0, pipeline's with at least one datanode reported threshold count is 0
2023-02-21 13:40:05,874 [Listener at 127.0.0.1/40229] INFO  ipc.CallQueueManager (CallQueueManager.java:<init>(90)) - Using callQueue: class java.util.concurrent.LinkedBlockingQueue, queueCapacity: 2000, scheduler: class org.apache.hadoop.ipc.DefaultRpcScheduler, ipcBackoff: false.
2023-02-21 13:40:05,878 [Socket Reader #1 for port 0] INFO  ipc.Server (Server.java:run(1273)) - Starting Socket Reader #1 for port 0
2023-02-21 13:40:05,879 [Listener at 0.0.0.0/45949] INFO  ipc.CallQueueManager (CallQueueManager.java:<init>(90)) - Using callQueue: class java.util.concurrent.LinkedBlockingQueue, queueCapacity: 2000, scheduler: class org.apache.hadoop.ipc.DefaultRpcScheduler, ipcBackoff: false.
2023-02-21 13:40:05,879 [Socket Reader #1 for port 0] INFO  ipc.Server (Server.java:run(1273)) - Starting Socket Reader #1 for port 0
2023-02-21 13:40:05,880 [Listener at 0.0.0.0/35825] INFO  ipc.CallQueueManager (CallQueueManager.java:<init>(90)) - Using callQueue: class java.util.concurrent.LinkedBlockingQueue, queueCapacity: 2000, scheduler: class org.apache.hadoop.ipc.DefaultRpcScheduler, ipcBackoff: false.
2023-02-21 13:40:05,880 [Socket Reader #1 for port 0] INFO  ipc.Server (Server.java:run(1273)) - Starting Socket Reader #1 for port 0
2023-02-21 13:40:05,884 [Listener at 0.0.0.0/39469] INFO  ha.SCMServiceManager (SCMServiceManager.java:register(42)) - Registering service ContainerBalancer.
2023-02-21 13:40:05,884 [Listener at 0.0.0.0/39469] INFO  server.StorageContainerManager (StorageContainerManager.java:<init>(402)) - 
Container Balancer status:
Key                            Value
Running                        true
Container Balancer Configuration values:
Key                                                Value
Threshold                                          10
Max Datanodes to Involve per Iteration(percent)    20
Max Size to Move per Iteration                     500GB
Max Size Entering Target per Iteration             26GB
Max Size Leaving Source per Iteration              26GB

2023-02-21 13:40:05,884 [Listener at 0.0.0.0/39469] INFO  ha.SCMContext (SCMContext.java:updateSafeModeStatus(228)) - Update SafeModeStatus from SafeModeStatus{safeModeStatus=true, preCheckPassed=false} to SafeModeStatus{safeModeStatus=true, preCheckPassed=false}.
2023-02-21 13:40:05,885 [Listener at 0.0.0.0/39469] INFO  server.StorageContainerManager (StorageContainerManager.java:start(1436)) - StorageContainerLocationProtocol RPC server is listening at /0.0.0.0:39469
2023-02-21 13:40:05,888 [ReplicationMonitor] INFO  replication.ReplicationManager (ReplicationManager.java:processAll(341)) - Replication Manager is not ready to run until 3000ms after safemode exit
2023-02-21 13:40:05,889 [Listener at 0.0.0.0/39469] WARN  impl.MetricsConfig (MetricsConfig.java:loadFirst(136)) - Cannot locate configuration: tried hadoop-metrics2-storagecontainermanager.properties,hadoop-metrics2.properties
2023-02-21 13:40:05,889 [Listener at 0.0.0.0/39469] INFO  impl.MetricsSystemImpl (MetricsSystemImpl.java:startTimer(378)) - Scheduled Metric snapshot period at 10 second(s).
2023-02-21 13:40:05,889 [Listener at 0.0.0.0/39469] INFO  impl.MetricsSystemImpl (MetricsSystemImpl.java:start(191)) - StorageContainerManager metrics system started
2023-02-21 13:40:05,902 [Listener at 0.0.0.0/39469] INFO  impl.MetricsSinkAdapter (MetricsSinkAdapter.java:start(204)) - Sink prometheus started
2023-02-21 13:40:05,902 [Listener at 0.0.0.0/39469] INFO  impl.MetricsSystemImpl (MetricsSystemImpl.java:registerSink(305)) - Registered sink prometheus
2023-02-21 13:40:05,937 [Listener at 0.0.0.0/39469] INFO  server.SCMClientProtocolServer (SCMClientProtocolServer.java:start(176)) - RPC server for Client  is listening at /0.0.0.0:39469
2023-02-21 13:40:05,940 [IPC Server Responder] INFO  ipc.Server (Server.java:run(1512)) - IPC Server Responder: starting
2023-02-21 13:40:05,940 [IPC Server listener on 0] INFO  ipc.Server (Server.java:run(1352)) - IPC Server listener on 0: starting
2023-02-21 13:40:05,949 [Listener at 0.0.0.0/39469] INFO  server.StorageContainerManager (StorageContainerManager.java:start(1450)) - ScmBlockLocationProtocol RPC server is listening at /0.0.0.0:35825
2023-02-21 13:40:05,950 [Listener at 0.0.0.0/39469] INFO  server.SCMBlockProtocolServer (SCMBlockProtocolServer.java:start(152)) - RPC server for Block Protocol is listening at /0.0.0.0:35825
2023-02-21 13:40:05,950 [IPC Server Responder] INFO  ipc.Server (Server.java:run(1512)) - IPC Server Responder: starting
2023-02-21 13:40:05,950 [IPC Server listener on 0] INFO  ipc.Server (Server.java:run(1352)) - IPC Server listener on 0: starting
2023-02-21 13:40:05,953 [Listener at 0.0.0.0/39469] INFO  server.SCMDatanodeProtocolServer (SCMDatanodeProtocolServer.java:start(193)) - ScmDatanodeProtocol RPC server for DataNodes is listening at /0.0.0.0:45949
2023-02-21 13:40:05,953 [IPC Server Responder] INFO  ipc.Server (Server.java:run(1512)) - IPC Server Responder: starting
2023-02-21 13:40:05,954 [IPC Server listener on 0] INFO  ipc.Server (Server.java:run(1352)) - IPC Server listener on 0: starting
2023-02-21 13:40:05,958 [org.apache.hadoop.util.JvmPauseMonitor$Monitor@e29a07f] INFO  util.JvmPauseMonitor (JvmPauseMonitor.java:run(188)) - Starting JVM pause monitor
2023-02-21 13:40:05,959 [Listener at 0.0.0.0/39469] INFO  http.BaseHttpServer (BaseHttpServer.java:newHttpServer2BuilderForOzone(213)) - Starting Web-server for scm at: http://0.0.0.0:0
2023-02-21 13:40:05,959 [Listener at 0.0.0.0/39469] INFO  http.BaseHttpServer (BaseHttpServer.java:<init>(108)) - Hadoop Security Enabled: false Ozone Security Enabled: false Ozone HTTP Security Enabled: false 
2023-02-21 13:40:05,961 [Listener at 0.0.0.0/39469] WARN  server.AuthenticationFilter (AuthenticationFilter.java:constructSecretProvider(240)) - Unable to initialize FileSignerSecretProvider, falling back to use random secrets. Reason: Could not read signature secret file: /home/runner/hadoop-http-auth-signature-secret
2023-02-21 13:40:05,964 [Listener at 0.0.0.0/39469] WARN  http.HttpRequestLog (HttpRequestLog.java:getRequestLog(103)) - Jetty request log can only be enabled using Log4j
2023-02-21 13:40:05,967 [Listener at 0.0.0.0/39469] INFO  http.HttpServer2 (HttpServer2.java:addGlobalFilter(1031)) - Added global filter 'safety' (class=org.apache.hadoop.hdds.server.http.HttpServer2$QuotingInputFilter)
2023-02-21 13:40:05,967 [Listener at 0.0.0.0/39469] INFO  http.HttpServer2 (HttpServer2.java:addFilter(1007)) - Added filter static_user_filter (class=org.apache.hadoop.http.lib.StaticUserWebFilter$StaticUserFilter) to context scm
2023-02-21 13:40:05,967 [Listener at 0.0.0.0/39469] INFO  http.HttpServer2 (HttpServer2.java:addFilter(1015)) - Added filter static_user_filter (class=org.apache.hadoop.http.lib.StaticUserWebFilter$StaticUserFilter) to context logs
2023-02-21 13:40:05,967 [Listener at 0.0.0.0/39469] INFO  http.HttpServer2 (HttpServer2.java:addFilter(1015)) - Added filter static_user_filter (class=org.apache.hadoop.http.lib.StaticUserWebFilter$StaticUserFilter) to context static
2023-02-21 13:40:05,968 [Listener at 0.0.0.0/39469] INFO  http.HttpServer2 (HttpServer2.java:bindListener(1250)) - Jetty bound to port 33257
2023-02-21 13:40:05,968 [Listener at 0.0.0.0/39469] INFO  server.Server (Server.java:doStart(375)) - jetty-9.4.49.v20220914; built: 2022-09-14T01:07:36.601Z; git: 4231a3b2e4cb8548a412a789936d640a97b1aa0a; jvm 1.8.0_362-b09
2023-02-21 13:40:05,970 [Listener at 0.0.0.0/39469] INFO  server.session (DefaultSessionIdManager.java:doStart(334)) - DefaultSessionIdManager workerName=node0
2023-02-21 13:40:05,970 [Listener at 0.0.0.0/39469] INFO  server.session (DefaultSessionIdManager.java:doStart(339)) - No SessionScavenger set, using defaults
2023-02-21 13:40:05,970 [Listener at 0.0.0.0/39469] INFO  server.session (HouseKeeper.java:startScavenging(132)) - node0 Scavenging every 660000ms
2023-02-21 13:40:05,971 [Listener at 0.0.0.0/39469] INFO  handler.ContextHandler (ContextHandler.java:doStart(921)) - Started o.e.j.s.ServletContextHandler@33ea7e06{logs,/logs,file:///home/runner/work/ozone/ozone/hadoop-ozone/integration-test/target/log,AVAILABLE}
2023-02-21 13:40:05,972 [Listener at 0.0.0.0/39469] INFO  handler.ContextHandler (ContextHandler.java:doStart(921)) - Started o.e.j.s.ServletContextHandler@736e2c32{static,/static,file:///home/runner/work/ozone/ozone/hadoop-ozone/integration-test/target/test-classes/webapps/static,AVAILABLE}
2023-02-21 13:40:05,980 [Listener at 0.0.0.0/39469] INFO  handler.ContextHandler (ContextHandler.java:doStart(921)) - Started o.e.j.w.WebAppContext@350d0a8{scm,/,file:///home/runner/work/ozone/ozone/hadoop-ozone/integration-test/target/test-classes/webapps/scm/,AVAILABLE}{file:/home/runner/work/ozone/ozone/hadoop-ozone/integration-test/target/test-classes/webapps/scm}
2023-02-21 13:40:05,987 [Listener at 0.0.0.0/39469] INFO  server.AbstractConnector (AbstractConnector.java:doStart(333)) - Started ServerConnector@10894672{HTTP/1.1, (http/1.1)}{0.0.0.0:33257}
2023-02-21 13:40:05,988 [Listener at 0.0.0.0/39469] INFO  server.Server (Server.java:doStart(415)) - Started @154702ms
2023-02-21 13:40:05,988 [Listener at 0.0.0.0/39469] WARN  impl.MetricsSystemImpl (MetricsSystemImpl.java:register(279)) - Sink prometheus already exists!
2023-02-21 13:40:05,990 [Listener at 0.0.0.0/39469] INFO  http.BaseHttpServer (BaseHttpServer.java:updateConnectorAddress(333)) - HTTP server of scm listening at http://0.0.0.0:33257
2023-02-21 13:40:05,990 [Listener at 0.0.0.0/39469] WARN  server.ServerUtils (ServerUtils.java:getDBPath(225)) - ozone.om.db.dirs is not configured. We recommend adding this setting. Falling back to ozone.metadata.dirs instead.
2023-02-21 13:40:05,992 [Listener at 0.0.0.0/39469] INFO  ha.OMHANodeDetails (OMHANodeDetails.java:loadOMHAConfig(115)) - ozone.om.internal.service.id is not defined, falling back to ozone.om.service.ids to find serviceID for OzoneManager if it is HA enabled cluster
2023-02-21 13:40:05,993 [Listener at 0.0.0.0/39469] INFO  ha.OMHANodeDetails (OMHANodeDetails.java:loadOMHAConfig(226)) - Configuration does not have ozone.om.address set. Falling back to the default OM address /127.0.0.1:0
2023-02-21 13:40:05,993 [Listener at 0.0.0.0/39469] INFO  ha.OMHANodeDetails (OMHANodeDetails.java:getOMNodeDetailsForNonHA(254)) - OM Service ID is not set. Setting it to the default ID: omServiceIdDefault
2023-02-21 13:40:05,993 [Listener at 0.0.0.0/39469] INFO  ha.OMHANodeDetails (OMHANodeDetails.java:getOMNodeDetailsForNonHA(261)) - OM Node ID is not set. Setting it to the default ID: om1
2023-02-21 13:40:05,993 [Listener at 0.0.0.0/39469] WARN  server.ServerUtils (ServerUtils.java:getDBPath(225)) - ozone.om.db.dirs is not configured. We recommend adding this setting. Falling back to ozone.metadata.dirs instead.
2023-02-21 13:40:05,994 [Listener at 0.0.0.0/39469] INFO  upgrade.AbstractLayoutVersionManager (AbstractLayoutVersionManager.java:init(83)) - Initializing Layout version manager with metadata layout = MULTITENANCY_SCHEMA (version = 3), software layout = MULTITENANCY_SCHEMA (version = 3)
2023-02-21 13:40:06,099 [Listener at 0.0.0.0/39469] INFO  reflections.Reflections (Reflections.java:scan(232)) - Reflections took 104 ms to scan 2 urls, producing 166 keys and 457 values [using 2 cores]
2023-02-21 13:40:06,099 [Listener at 0.0.0.0/39469] INFO  upgrade.OMLayoutVersionManager (OMLayoutVersionManager.java:lambda$0(115)) - Skipping Upgrade Action MockOmUpgradeAction since it has been finalized.
2023-02-21 13:40:06,099 [Listener at 0.0.0.0/39469] WARN  server.ServerUtils (ServerUtils.java:getDBPath(225)) - ozone.om.db.dirs is not configured. We recommend adding this setting. Falling back to ozone.metadata.dirs instead.
2023-02-21 13:40:06,101 [Listener at 0.0.0.0/39469] INFO  proxy.SCMBlockLocationFailoverProxyProvider (SCMBlockLocationFailoverProxyProvider.java:<init>(114)) - Created block location fail-over proxy with 1 nodes: [nodeId=scmNodeId,nodeAddress=/0.0.0.0:35825]
2023-02-21 13:40:06,102 [Listener at 0.0.0.0/39469] INFO  proxy.SCMBlockLocationFailoverProxyProvider (SCMBlockLocationFailoverProxyProvider.java:<init>(114)) - Created block location fail-over proxy with 1 nodes: [nodeId=scmNodeId,nodeAddress=/0.0.0.0:35825]
2023-02-21 13:40:06,113 [Listener at 0.0.0.0/39469] INFO  om.OzoneManager (OzoneManager.java:<init>(615)) - OM start with adminUsers: [runner]
2023-02-21 13:40:06,114 [Listener at 0.0.0.0/39469] WARN  server.ServerUtils (ServerUtils.java:getDBPath(225)) - ozone.om.db.dirs is not configured. We recommend adding this setting. Falling back to ozone.metadata.dirs instead.
2023-02-21 13:40:06,114 [Listener at 0.0.0.0/39469] INFO  codec.OmKeyInfoCodec (OmKeyInfoCodec.java:<init>(49)) - OmKeyInfoCodec ignorePipeline = true
2023-02-21 13:40:06,114 [Listener at 0.0.0.0/39469] INFO  codec.RepeatedOmKeyInfoCodec (RepeatedOmKeyInfoCodec.java:<init>(41)) - RepeatedOmKeyInfoCodec ignorePipeline = true
2023-02-21 13:40:06,327 [Listener at 0.0.0.0/39469] INFO  om.OzoneManager (OzoneManager.java:instantiateServices(745)) - S3 Multi-Tenancy is disabled
2023-02-21 13:40:06,328 [Listener at 0.0.0.0/39469] WARN  server.ServerUtils (ServerUtils.java:getDBPath(225)) - ozone.om.snapshot.diff.db.dir is not configured. We recommend adding this setting. Falling back to ozone.metadata.dirs instead.
2023-02-21 13:40:06,340 [Listener at 0.0.0.0/39469] INFO  om.OzoneManager (OzoneManager.java:addS3GVolumeToDB(4177)) - Created Volume s3v With Owner runner required for S3Gateway operations.
2023-02-21 13:40:06,340 [Listener at 0.0.0.0/39469] WARN  server.ServerUtils (ServerUtils.java:getDefaultRatisDirectory(237)) - Storage directory for Ratis is not configured. It is a good idea to map this to an SSD disk. Falling back to ozone.metadata.dirs
2023-02-21 13:40:06,340 [Listener at 0.0.0.0/39469] WARN  utils.OzoneManagerRatisUtils (OzoneManagerRatisUtils.java:getOMRatisSnapshotDirectory(436)) - ozone.om.ratis.snapshot.dir is not configured. Falling back to ozone.metadata.dirs config
2023-02-21 13:40:06,341 [Listener at 0.0.0.0/39469] WARN  server.ServerUtils (ServerUtils.java:getDefaultRatisDirectory(237)) - Storage directory for Ratis is not configured. It is a good idea to map this to an SSD disk. Falling back to ozone.metadata.dirs
2023-02-21 13:40:06,342 [Listener at 0.0.0.0/39469] INFO  ratis.OzoneManagerRatisServer (OzoneManagerRatisServer.java:<init>(160)) - Instantiating OM Ratis server with groupID: omServiceIdDefault and peers: localhost:9872
2023-02-21 13:40:06,342 [Listener at 0.0.0.0/39469] INFO  ratis.OzoneManagerStateMachine (OzoneManagerStateMachine.java:loadSnapshotInfoFromDB(636)) - LastAppliedIndex is set from TransactionInfo from OM DB as (t:0, i:~)
2023-02-21 13:40:06,352 [Listener at 0.0.0.0/39469] INFO  server.RaftServer (ConfUtils.java:logGet(46)) - raft.rpc.type = GRPC (default)
2023-02-21 13:40:06,353 [Listener at 0.0.0.0/39469] INFO  grpc.GrpcConfigKeys (ConfUtils.java:logFallback(53)) - raft.grpc.admin.host = null (fallback to raft.grpc.server.host)
2023-02-21 13:40:06,353 [Listener at 0.0.0.0/39469] INFO  grpc.GrpcConfigKeys (ConfUtils.java:logFallback(53)) - raft.grpc.admin.port = 9872 (fallback to raft.grpc.server.port)
2023-02-21 13:40:06,353 [Listener at 0.0.0.0/39469] INFO  grpc.GrpcConfigKeys (ConfUtils.java:logFallback(53)) - raft.grpc.client.host = null (fallback to raft.grpc.server.host)
2023-02-21 13:40:06,353 [Listener at 0.0.0.0/39469] INFO  grpc.GrpcConfigKeys (ConfUtils.java:logFallback(53)) - raft.grpc.client.port = 9872 (fallback to raft.grpc.server.port)
2023-02-21 13:40:06,353 [Listener at 0.0.0.0/39469] INFO  grpc.GrpcConfigKeys (ConfUtils.java:logGet(46)) - raft.grpc.server.host = null (default)
2023-02-21 13:40:06,353 [Listener at 0.0.0.0/39469] INFO  grpc.GrpcConfigKeys (ConfUtils.java:logGet(46)) - raft.grpc.server.port = 9872 (custom)
2023-02-21 13:40:06,354 [Listener at 0.0.0.0/39469] INFO  server.GrpcService (ConfUtils.java:logGet(46)) - raft.grpc.message.size.max = 33554432 (custom)
2023-02-21 13:40:06,354 [Listener at 0.0.0.0/39469] INFO  server.RaftServerConfigKeys (ConfUtils.java:logGet(46)) - raft.server.log.appender.buffer.byte-limit = 33554432 (custom)
2023-02-21 13:40:06,354 [Listener at 0.0.0.0/39469] INFO  server.GrpcService (ConfUtils.java:logGet(46)) - raft.grpc.flow.control.window = 1MB (=1048576) (default)
2023-02-21 13:40:06,354 [Listener at 0.0.0.0/39469] INFO  server.RaftServerConfigKeys (ConfUtils.java:logGet(46)) - raft.server.rpc.request.timeout = 3000ms (default)
2023-02-21 13:40:06,355 [Listener at 0.0.0.0/39469] INFO  grpc.GrpcConfigKeys (ConfUtils.java:logGet(46)) - raft.grpc.server.heartbeat.channel = true (default)
2023-02-21 13:40:06,355 [Listener at 0.0.0.0/39469] INFO  grpc.GrpcConfigKeys (ConfUtils.java:logGet(46)) - raft.grpc.server.async.request.thread.pool.cached = true (default)
2023-02-21 13:40:06,355 [Listener at 0.0.0.0/39469] INFO  grpc.GrpcConfigKeys (ConfUtils.java:logGet(46)) - raft.grpc.server.async.request.thread.pool.size = 32 (default)
2023-02-21 13:40:06,357 [Listener at 0.0.0.0/39469] INFO  impl.DataStreamServerImpl (ConfUtils.java:logGet(46)) - raft.datastream.type = DISABLED (default)
2023-02-21 13:40:06,357 [Listener at 0.0.0.0/39469] INFO  server.RaftServerConfigKeys (ConfUtils.java:logGet(46)) - raft.server.threadpool.proxy.cached = true (default)
2023-02-21 13:40:06,357 [Listener at 0.0.0.0/39469] INFO  server.RaftServerConfigKeys (ConfUtils.java:logGet(46)) - raft.server.threadpool.proxy.size = 0 (default)
2023-02-21 13:40:06,357 [Listener at 0.0.0.0/39469] INFO  server.RaftServerConfigKeys (ConfUtils.java:logGet(46)) - raft.server.rpc.slowness.timeout = 120s (custom)
2023-02-21 13:40:06,358 [Listener at 0.0.0.0/39469] INFO  server.RaftServerConfigKeys (ConfUtils.java:logGet(46)) - raft.server.leaderelection.leader.step-down.wait-time = 10s (default)
2023-02-21 13:40:06,358 [Listener at 0.0.0.0/39469] INFO  server.RaftServerConfigKeys (ConfUtils.java:logGet(46)) - raft.server.storage.dir = [/home/runner/work/ozone/ozone/hadoop-ozone/integration-test/target/test-dir/MiniOzoneClusterImpl-c6aa46b2-3083-4aae-be29-8199bb906922/ozone-meta/ratis] (custom)
2023-02-21 13:40:06,359 [Listener at 0.0.0.0/39469] INFO  server.RaftServer (RaftServerProxy.java:addNew(96)) - om1: addNew group-C5BA1605619E:[om1|rpc:localhost:9872|priority:0|startupRole:FOLLOWER] returns group-C5BA1605619E:java.util.concurrent.CompletableFuture@7a11120[Not completed]
2023-02-21 13:40:06,359 [pool-465-thread-1] INFO  server.RaftServer$Division (RaftServerImpl.java:<init>(195)) - om1: new RaftServerImpl for group-C5BA1605619E:[om1|rpc:localhost:9872|priority:0|startupRole:FOLLOWER] with OzoneManagerStateMachine:uninitialized
2023-02-21 13:40:06,359 [Listener at 0.0.0.0/39469] INFO  om.OzoneManager (OzoneManager.java:initializeRatisServer(2080)) - OzoneManager Ratis server initialized at port 9872
2023-02-21 13:40:06,359 [pool-465-thread-1] INFO  server.RaftServerConfigKeys (ConfUtils.java:logGet(46)) - raft.server.rpc.timeout.min = 1s (custom)
2023-02-21 13:40:06,359 [Listener at 0.0.0.0/39469] INFO  om.OzoneManager (OzoneManager.java:getRpcServer(1128)) - Creating RPC Server
2023-02-21 13:40:06,359 [pool-465-thread-1] INFO  server.RaftServerConfigKeys (ConfUtils.java:logGet(46)) - raft.server.rpc.timeout.max = 1200ms (custom)
2023-02-21 13:40:06,360 [pool-465-thread-1] INFO  server.RaftServerConfigKeys (ConfUtils.java:logGet(46)) - raft.server.rpc.sleep.time = 25ms (default)
2023-02-21 13:40:06,360 [pool-465-thread-1] INFO  server.RaftServerConfigKeys (ConfUtils.java:logGet(46)) - raft.server.rpc.slowness.timeout = 120s (custom)
2023-02-21 13:40:06,360 [pool-465-thread-1] INFO  server.RaftServerConfigKeys (ConfUtils.java:logGet(46)) - raft.server.leaderelection.leader.step-down.wait-time = 10s (default)
2023-02-21 13:40:06,360 [pool-465-thread-1] INFO  server.RaftServerConfigKeys (ConfUtils.java:logGet(46)) - raft.server.sleep.deviation.threshold = 300ms (default)
2023-02-21 13:40:06,360 [pool-465-thread-1] INFO  server.RaftServer$Division (ServerState.java:<init>(118)) - om1@group-C5BA1605619E: ConfigurationManager, init=-1: peers:[om1|rpc:localhost:9872|priority:0|startupRole:FOLLOWER]|listeners:[], old=null, confs=<EMPTY_MAP>
2023-02-21 13:40:06,360 [pool-465-thread-1] INFO  server.RaftServerConfigKeys (ConfUtils.java:logGet(46)) - raft.server.storage.dir = [/home/runner/work/ozone/ozone/hadoop-ozone/integration-test/target/test-dir/MiniOzoneClusterImpl-c6aa46b2-3083-4aae-be29-8199bb906922/ozone-meta/ratis] (custom)
2023-02-21 13:40:06,360 [pool-465-thread-1] INFO  server.RaftServerConfigKeys (ConfUtils.java:logGet(46)) - raft.server.log.corruption.policy = EXCEPTION (default)
2023-02-21 13:40:06,360 [pool-465-thread-1] INFO  server.RaftServerConfigKeys (ConfUtils.java:logGet(46)) - raft.server.storage.free-space.min = 0MB (=0) (default)
2023-02-21 13:40:06,360 [pool-465-thread-1] INFO  server.RaftServerConfigKeys (ConfUtils.java:logGet(46)) - raft.server.notification.no-leader.timeout = 120s (custom)
2023-02-21 13:40:06,360 [pool-465-thread-1] INFO  server.RaftServerConfigKeys (ConfUtils.java:logGet(46)) - raft.server.retrycache.expirytime = 300s (custom)
2023-02-21 13:40:06,360 [pool-465-thread-1] INFO  server.RaftServerConfigKeys (ConfUtils.java:logGet(46)) - raft.server.retrycache.statistics.expirytime = 100μs (default)
2023-02-21 13:40:06,361 [pool-465-thread-1] INFO  server.RaftServerConfigKeys (ConfUtils.java:logGet(46)) - raft.server.log.appender.install.snapshot.enabled = false (custom)
2023-02-21 13:40:06,361 [pool-465-thread-1] INFO  server.RaftServerConfigKeys (ConfUtils.java:logGet(46)) - raft.server.threadpool.server.cached = true (default)
2023-02-21 13:40:06,361 [pool-465-thread-1] INFO  server.RaftServerConfigKeys (ConfUtils.java:logGet(46)) - raft.server.threadpool.server.size = 0 (default)
2023-02-21 13:40:06,361 [pool-465-thread-1] INFO  server.RaftServerConfigKeys (ConfUtils.java:logGet(46)) - raft.server.threadpool.client.cached = true (default)
2023-02-21 13:40:06,361 [pool-465-thread-1] INFO  server.RaftServerConfigKeys (ConfUtils.java:logGet(46)) - raft.server.threadpool.client.size = 0 (default)
2023-02-21 13:40:06,772 [Listener at 0.0.0.0/39469] INFO  reflections.Reflections (Reflections.java:scan(232)) - Reflections took 411 ms to scan 19 urls, producing 69 keys and 4830 values [using 2 cores]
2023-02-21 13:40:06,773 [Listener at 0.0.0.0/39469] INFO  ipc.CallQueueManager (CallQueueManager.java:<init>(90)) - Using callQueue: class java.util.concurrent.LinkedBlockingQueue, queueCapacity: 2000, scheduler: class org.apache.hadoop.ipc.DefaultRpcScheduler, ipcBackoff: false.
2023-02-21 13:40:06,774 [Socket Reader #1 for port 0] INFO  ipc.Server (Server.java:run(1273)) - Starting Socket Reader #1 for port 0
2023-02-21 13:40:06,799 [Listener at 127.0.0.1/34503] INFO  impl.MetricsSystemImpl (MetricsSystemImpl.java:init(158)) - OzoneManager metrics system started (again)
2023-02-21 13:40:06,811 [Listener at 127.0.0.1/34503] INFO  om.OzoneManager (OzoneManager.java:start(1548)) - OzoneManager RPC server is listening at localhost/127.0.0.1:34503
2023-02-21 13:40:06,811 [Listener at 127.0.0.1/34503] INFO  ratis.OzoneManagerRatisServer (OzoneManagerRatisServer.java:start(555)) - Starting OzoneManagerRatisServer om1 at port 9872
2023-02-21 13:40:06,812 [om1-impl-thread1] INFO  storage.RaftStorageDirectory (RaftStorageDirectoryImpl.java:analyzeStorage(137)) - The storage directory /home/runner/work/ozone/ozone/hadoop-ozone/integration-test/target/test-dir/MiniOzoneClusterImpl-c6aa46b2-3083-4aae-be29-8199bb906922/ozone-meta/ratis/bf265839-605b-3f16-9796-c5ba1605619e does not exist. Creating ...
2023-02-21 13:40:06,813 [om1-impl-thread1] INFO  storage.RaftStorageDirectory (RaftStorageDirectoryImpl.java:tryLock(231)) - Lock on /home/runner/work/ozone/ozone/hadoop-ozone/integration-test/target/test-dir/MiniOzoneClusterImpl-c6aa46b2-3083-4aae-be29-8199bb906922/ozone-meta/ratis/bf265839-605b-3f16-9796-c5ba1605619e/in_use.lock acquired by nodename 15258@fv-az318-260
2023-02-21 13:40:06,815 [om1-impl-thread1] INFO  storage.RaftStorage (RaftStorageImpl.java:format(96)) - Storage directory /home/runner/work/ozone/ozone/hadoop-ozone/integration-test/target/test-dir/MiniOzoneClusterImpl-c6aa46b2-3083-4aae-be29-8199bb906922/ozone-meta/ratis/bf265839-605b-3f16-9796-c5ba1605619e has been successfully formatted.
2023-02-21 13:40:06,815 [om1-impl-thread1] INFO  server.RaftServerConfigKeys (ConfUtils.java:logGet(46)) - raft.server.log.use.memory = false (default)
2023-02-21 13:40:06,815 [om1-impl-thread1] INFO  server.RaftServerConfigKeys (ConfUtils.java:logGet(46)) - raft.server.log.purge.gap = 1000000 (custom)
2023-02-21 13:40:06,815 [om1-impl-thread1] INFO  server.RaftServerConfigKeys (ConfUtils.java:logGet(46)) - raft.server.log.appender.buffer.byte-limit = 33554432 (custom)
2023-02-21 13:40:06,816 [om1-impl-thread1] INFO  server.RaftServerConfigKeys (ConfUtils.java:logGet(46)) - raft.server.log.statemachine.data.read.timeout = 1000ms (default)
2023-02-21 13:40:06,816 [om1-impl-thread1] INFO  server.RaftServerConfigKeys (ConfUtils.java:logGet(46)) - raft.server.log.purge.preservation.log.num = 0 (default)
2023-02-21 13:40:06,816 [om1-impl-thread1] INFO  server.RaftServerConfigKeys (ConfUtils.java:logGet(46)) - raft.server.log.segment.size.max = 4194304 (custom)
2023-02-21 13:40:06,816 [om1-impl-thread1] INFO  server.RaftServerConfigKeys (ConfUtils.java:logGet(46)) - raft.server.log.segment.cache.num.max = 2 (custom)
2023-02-21 13:40:06,816 [om1-impl-thread1] INFO  server.RaftServerConfigKeys (ConfUtils.java:logGet(46)) - raft.server.log.segment.cache.size.max = 200MB (=209715200) (default)
2023-02-21 13:40:06,816 [om1-impl-thread1] INFO  segmented.SegmentedRaftLogWorker (SegmentedRaftLogWorker.java:<init>(189)) - new om1@group-C5BA1605619E-SegmentedRaftLogWorker for RaftStorageImpl:Storage Directory /home/runner/work/ozone/ozone/hadoop-ozone/integration-test/target/test-dir/MiniOzoneClusterImpl-c6aa46b2-3083-4aae-be29-8199bb906922/ozone-meta/ratis/bf265839-605b-3f16-9796-c5ba1605619e
2023-02-21 13:40:06,816 [om1-impl-thread1] INFO  server.RaftServerConfigKeys (ConfUtils.java:logGet(46)) - raft.server.log.queue.byte-limit = 64MB (=67108864) (default)
2023-02-21 13:40:06,816 [om1-impl-thread1] INFO  server.RaftServerConfigKeys (ConfUtils.java:logGet(46)) - raft.server.log.queue.element-limit = 4096 (default)
2023-02-21 13:40:06,816 [om1-impl-thread1] INFO  server.RaftServerConfigKeys (ConfUtils.java:logGet(46)) - raft.server.log.segment.size.max = 4194304 (custom)
2023-02-21 13:40:06,816 [om1-impl-thread1] INFO  server.RaftServerConfigKeys (ConfUtils.java:logGet(46)) - raft.server.log.preallocated.size = 4194304 (custom)
2023-02-21 13:40:06,816 [om1-impl-thread1] INFO  server.RaftServerConfigKeys (ConfUtils.java:logGet(46)) - raft.server.log.force.sync.num = 128 (default)
2023-02-21 13:40:06,816 [om1-impl-thread1] INFO  server.RaftServerConfigKeys (ConfUtils.java:logGet(46)) - raft.server.log.statemachine.data.sync = true (default)
2023-02-21 13:40:06,817 [om1-impl-thread1] INFO  server.RaftServerConfigKeys (ConfUtils.java:logGet(46)) - raft.server.log.statemachine.data.sync.timeout = 10s (default)
2023-02-21 13:40:06,817 [om1-impl-thread1] INFO  server.RaftServerConfigKeys (ConfUtils.java:logGet(46)) - raft.server.log.statemachine.data.sync.timeout.retry = -1 (default)
2023-02-21 13:40:06,817 [om1-impl-thread1] INFO  server.RaftServerConfigKeys (ConfUtils.java:logGet(46)) - raft.server.log.write.buffer.size = 64KB (=65536) (default)
2023-02-21 13:40:06,817 [om1-impl-thread1] INFO  server.RaftServerConfigKeys (ConfUtils.java:logGet(46)) - raft.server.log.appender.buffer.byte-limit = 33554432 (custom)
2023-02-21 13:40:06,822 [om1-impl-thread1] INFO  server.RaftServerConfigKeys (ConfUtils.java:logGet(46)) - raft.server.log.unsafe-flush.enabled = false (default)
2023-02-21 13:40:06,822 [om1-impl-thread1] INFO  server.RaftServerConfigKeys (ConfUtils.java:logGet(46)) - raft.server.log.async-flush.enabled = false (default)
2023-02-21 13:40:06,822 [om1-impl-thread1] INFO  server.RaftServerConfigKeys (ConfUtils.java:logGet(46)) - raft.server.log.statemachine.data.caching.enabled = false (default)
2023-02-21 13:40:06,823 [om1-impl-thread1] INFO  segmented.SegmentedRaftLogWorker (SegmentedRaftLogWorker.java:lambda$new$0(135)) - om1@group-C5BA1605619E-SegmentedRaftLogWorker: flushIndex: setUnconditionally 0 -> -1
2023-02-21 13:40:06,823 [om1-impl-thread1] INFO  segmented.SegmentedRaftLogWorker (SegmentedRaftLogWorker.java:lambda$new$0(135)) - om1@group-C5BA1605619E-SegmentedRaftLogWorker: safeCacheEvictIndex: setUnconditionally 0 -> -1
2023-02-21 13:40:06,824 [om1-impl-thread1] INFO  server.RaftServer$Division (RaftServerImpl.java:start(334)) - om1@group-C5BA1605619E: start as a follower, conf=-1: peers:[om1|rpc:localhost:9872|priority:0|startupRole:FOLLOWER]|listeners:[], old=null
2023-02-21 13:40:06,824 [om1-impl-thread1] INFO  server.RaftServer$Division (RaftServerImpl.java:setRole(321)) - om1@group-C5BA1605619E: changes role from      null to FOLLOWER at term 0 for startAsFollower
2023-02-21 13:40:06,824 [om1-impl-thread1] INFO  impl.RoleInfo (RoleInfo.java:updateAndGet(139)) - om1: start om1@group-C5BA1605619E-FollowerState
2023-02-21 13:40:06,824 [om1-impl-thread1] INFO  util.JmxRegister (JmxRegister.java:tryRegister(44)) - Successfully registered JMX Bean with object name Ratis:service=RaftServer,group=group-C5BA1605619E,id=om1
2023-02-21 13:40:06,824 [om1-impl-thread1] INFO  server.RaftServerConfigKeys (ConfUtils.java:logGet(46)) - raft.server.snapshot.auto.trigger.enabled = true (custom)
2023-02-21 13:40:06,824 [om1-impl-thread1] INFO  server.RaftServerConfigKeys (ConfUtils.java:logGet(46)) - raft.server.snapshot.auto.trigger.threshold = 400000 (default)
2023-02-21 13:40:06,824 [om1-impl-thread1] INFO  server.RaftServerConfigKeys (ConfUtils.java:logGet(46)) - raft.server.snapshot.retention.file.num = -1 (default)
2023-02-21 13:40:06,824 [om1-impl-thread1] INFO  server.RaftServerConfigKeys (ConfUtils.java:logGet(46)) - raft.server.log.purge.upto.snapshot.index = true (custom)
2023-02-21 13:40:06,825 [om1@group-C5BA1605619E-FollowerState] INFO  server.RaftServerConfigKeys (ConfUtils.java:logFallback(53)) - raft.server.rpc.first-election.timeout.min = 1s (fallback to raft.server.rpc.timeout.min)
2023-02-21 13:40:06,825 [om1@group-C5BA1605619E-FollowerState] INFO  server.RaftServerConfigKeys (ConfUtils.java:logFallback(53)) - raft.server.rpc.first-election.timeout.max = 1200ms (fallback to raft.server.rpc.timeout.max)
2023-02-21 13:40:06,830 [Listener at 127.0.0.1/34503] INFO  server.RaftServer (RaftServerProxy.java:startImpl(393)) - om1: start RPC server
2023-02-21 13:40:06,834 [Listener at 127.0.0.1/34503] INFO  server.GrpcService (GrpcService.java:startImpl(262)) - om1: GrpcService started, listening on 9872
2023-02-21 13:40:06,835 [Listener at 127.0.0.1/34503] INFO  om.OzoneManager (OzoneManager.java:start(1564)) - Version File has different layout version (3) than OM DB (null). That is expected if this OM has never been finalized to a newer layout version.
2023-02-21 13:40:06,835 [JvmPauseMonitor11] INFO  util.JvmPauseMonitor (JvmPauseMonitor.java:run(105)) - JvmPauseMonitor-om1: Started
2023-02-21 13:40:06,846 [Listener at 127.0.0.1/34503] INFO  http.BaseHttpServer (BaseHttpServer.java:newHttpServer2BuilderForOzone(213)) - Starting Web-server for ozoneManager at: http://0.0.0.0:0
2023-02-21 13:40:06,847 [Listener at 127.0.0.1/34503] INFO  http.BaseHttpServer (BaseHttpServer.java:<init>(108)) - Hadoop Security Enabled: false Ozone Security Enabled: false Ozone HTTP Security Enabled: false 
2023-02-21 13:40:06,848 [Listener at 127.0.0.1/34503] WARN  server.AuthenticationFilter (AuthenticationFilter.java:constructSecretProvider(240)) - Unable to initialize FileSignerSecretProvider, falling back to use random secrets. Reason: Could not read signature secret file: /home/runner/hadoop-http-auth-signature-secret
2023-02-21 13:40:06,851 [Listener at 127.0.0.1/34503] WARN  http.HttpRequestLog (HttpRequestLog.java:getRequestLog(103)) - Jetty request log can only be enabled using Log4j
2023-02-21 13:40:06,853 [Listener at 127.0.0.1/34503] INFO  http.HttpServer2 (HttpServer2.java:addGlobalFilter(1031)) - Added global filter 'safety' (class=org.apache.hadoop.hdds.server.http.HttpServer2$QuotingInputFilter)
2023-02-21 13:40:06,854 [Listener at 127.0.0.1/34503] INFO  http.HttpServer2 (HttpServer2.java:addFilter(1007)) - Added filter static_user_filter (class=org.apache.hadoop.http.lib.StaticUserWebFilter$StaticUserFilter) to context ozoneManager
2023-02-21 13:40:06,854 [Listener at 127.0.0.1/34503] INFO  http.HttpServer2 (HttpServer2.java:addFilter(1015)) - Added filter static_user_filter (class=org.apache.hadoop.http.lib.StaticUserWebFilter$StaticUserFilter) to context logs
2023-02-21 13:40:06,854 [Listener at 127.0.0.1/34503] INFO  http.HttpServer2 (HttpServer2.java:addFilter(1015)) - Added filter static_user_filter (class=org.apache.hadoop.http.lib.StaticUserWebFilter$StaticUserFilter) to context static
2023-02-21 13:40:06,855 [Listener at 127.0.0.1/34503] INFO  http.HttpServer2 (HttpServer2.java:bindListener(1250)) - Jetty bound to port 38651
2023-02-21 13:40:06,855 [Listener at 127.0.0.1/34503] INFO  server.Server (Server.java:doStart(375)) - jetty-9.4.49.v20220914; built: 2022-09-14T01:07:36.601Z; git: 4231a3b2e4cb8548a412a789936d640a97b1aa0a; jvm 1.8.0_362-b09
2023-02-21 13:40:06,876 [Listener at 127.0.0.1/34503] INFO  server.session (DefaultSessionIdManager.java:doStart(334)) - DefaultSessionIdManager workerName=node0
2023-02-21 13:40:06,876 [Listener at 127.0.0.1/34503] INFO  server.session (DefaultSessionIdManager.java:doStart(339)) - No SessionScavenger set, using defaults
2023-02-21 13:40:06,877 [Listener at 127.0.0.1/34503] INFO  server.session (HouseKeeper.java:startScavenging(132)) - node0 Scavenging every 660000ms
2023-02-21 13:40:06,879 [Listener at 127.0.0.1/34503] INFO  handler.ContextHandler (ContextHandler.java:doStart(921)) - Started o.e.j.s.ServletContextHandler@bfc2c2b{logs,/logs,file:///home/runner/work/ozone/ozone/hadoop-ozone/integration-test/target/log,AVAILABLE}
2023-02-21 13:40:06,880 [Listener at 127.0.0.1/34503] INFO  handler.ContextHandler (ContextHandler.java:doStart(921)) - Started o.e.j.s.ServletContextHandler@5cbdc910{static,/static,file:///home/runner/work/ozone/ozone/hadoop-ozone/integration-test/target/test-classes/webapps/static,AVAILABLE}
2023-02-21 13:40:06,886 [Listener at 127.0.0.1/34503] INFO  handler.ContextHandler (ContextHandler.java:doStart(921)) - Started o.e.j.w.WebAppContext@60b60d23{ozoneManager,/,file:///home/runner/work/ozone/ozone/hadoop-ozone/integration-test/target/test-classes/webapps/ozoneManager/,AVAILABLE}{file:/home/runner/work/ozone/ozone/hadoop-ozone/integration-test/target/test-classes/webapps/ozoneManager}
2023-02-21 13:40:06,888 [Listener at 127.0.0.1/34503] INFO  server.AbstractConnector (AbstractConnector.java:doStart(333)) - Started ServerConnector@4791daa0{HTTP/1.1, (http/1.1)}{0.0.0.0:38651}
2023-02-21 13:40:06,888 [Listener at 127.0.0.1/34503] INFO  server.Server (Server.java:doStart(415)) - Started @155603ms
2023-02-21 13:40:06,888 [Listener at 127.0.0.1/34503] WARN  impl.MetricsSystemImpl (MetricsSystemImpl.java:register(279)) - Sink prometheus already exists!
2023-02-21 13:40:06,889 [Listener at 127.0.0.1/34503] INFO  http.BaseHttpServer (BaseHttpServer.java:updateConnectorAddress(333)) - HTTP server of ozoneManager listening at http://0.0.0.0:38651
2023-02-21 13:40:06,890 [IPC Server Responder] INFO  ipc.Server (Server.java:run(1512)) - IPC Server Responder: starting
2023-02-21 13:40:06,891 [IPC Server listener on 0] INFO  ipc.Server (Server.java:run(1352)) - IPC Server listener on 0: starting
2023-02-21 13:40:06,901 [Listener at 127.0.0.1/34503] INFO  om.TrashPolicyOzone (TrashPolicyOzone.java:<init>(277)) - Ozone Manager trash configuration: Deletion interval = 0 minutes, Emptier interval = 0 minutes.
2023-02-21 13:40:06,907 [org.apache.hadoop.util.JvmPauseMonitor$Monitor@66aee1ae] INFO  util.JvmPauseMonitor (JvmPauseMonitor.java:run(188)) - Starting JVM pause monitor
2023-02-21 13:40:06,914 [Listener at 127.0.0.1/34503] WARN  impl.MetricRegistriesImpl (MetricRegistriesImpl.java:addReporterRegistration(111)) - New reporters are added after registries were created. Some metrics will be missing from the reporter. Please add reporter before adding any new registry.
2023-02-21 13:40:06,915 [Listener at 127.0.0.1/34503] WARN  impl.MetricRegistriesImpl (MetricRegistriesImpl.java:addReporterRegistration(111)) - New reporters are added after registries were created. Some metrics will be missing from the reporter. Please add reporter before adding any new registry.
2023-02-21 13:40:06,915 [Listener at 127.0.0.1/34503] INFO  impl.MetricsSystemImpl (MetricsSystemImpl.java:init(158)) - HddsDatanode metrics system started (again)
2023-02-21 13:40:06,928 [Listener at 127.0.0.1/34503] INFO  ozone.HddsDatanodeService (HddsDatanodeService.java:start(228)) - HddsDatanodeService host:fv-az318-260.ewvrrcgabbbubjc05i3n4a3pph.dx.internal.cloudapp.net ip:10.1.0.81
2023-02-21 13:40:06,961 [Listener at 127.0.0.1/34503] INFO  upgrade.AbstractLayoutVersionManager (AbstractLayoutVersionManager.java:init(83)) - Initializing Layout version manager with metadata layout = DATANODE_SCHEMA_V3 (version = 4), software layout = DATANODE_SCHEMA_V3 (version = 4)
2023-02-21 13:40:07,015 [Listener at 127.0.0.1/34503] INFO  reflections.Reflections (Reflections.java:scan(232)) - Reflections took 52 ms to scan 7 urls, producing 150 keys and 362 values 
2023-02-21 13:40:07,017 [Listener at 127.0.0.1/34503] INFO  statemachine.DatanodeStateMachine (DatanodeStateMachine.java:getEndPointTaskThreadPoolSize(260)) - Datanode State Machine Task Thread Pool size 2
2023-02-21 13:40:07,018 [Listener at 127.0.0.1/34503] INFO  volume.HddsVolume (HddsVolume.java:<init>(122)) - Creating HddsVolume: /home/runner/work/ozone/ozone/hadoop-ozone/integration-test/target/test-dir/MiniOzoneClusterImpl-c6aa46b2-3083-4aae-be29-8199bb906922/datanode-0/data-0/containers/hdds of storage type : DISK capacity : 9223372036854775807
2023-02-21 13:40:07,019 [Listener at 127.0.0.1/34503] INFO  volume.MutableVolumeSet (MutableVolumeSet.java:initializeVolumeSet(174)) - Added Volume : /home/runner/work/ozone/ozone/hadoop-ozone/integration-test/target/test-dir/MiniOzoneClusterImpl-c6aa46b2-3083-4aae-be29-8199bb906922/datanode-0/data-0/containers/hdds to VolumeSet
2023-02-21 13:40:07,019 [Listener at 127.0.0.1/34503] INFO  volume.ThrottledAsyncChecker (ThrottledAsyncChecker.java:schedule(141)) - Scheduling a check for /home/runner/work/ozone/ozone/hadoop-ozone/integration-test/target/test-dir/MiniOzoneClusterImpl-c6aa46b2-3083-4aae-be29-8199bb906922/datanode-0/data-0/containers/hdds
2023-02-21 13:40:07,021 [Listener at 127.0.0.1/34503] INFO  volume.StorageVolumeChecker (StorageVolumeChecker.java:checkAllVolumes(202)) - Scheduled health check for volume /home/runner/work/ozone/ozone/hadoop-ozone/integration-test/target/test-dir/MiniOzoneClusterImpl-c6aa46b2-3083-4aae-be29-8199bb906922/datanode-0/data-0/containers/hdds
2023-02-21 13:40:07,033 [Listener at 127.0.0.1/34503] INFO  volume.MutableVolumeSet (MutableVolumeSet.java:initializeVolumeSet(174)) - Added Volume : /home/runner/work/ozone/ozone/hadoop-ozone/integration-test/target/test-dir/MiniOzoneClusterImpl-c6aa46b2-3083-4aae-be29-8199bb906922/datanode-0/data/ratis to VolumeSet
2023-02-21 13:40:07,033 [Listener at 127.0.0.1/34503] INFO  volume.ThrottledAsyncChecker (ThrottledAsyncChecker.java:schedule(141)) - Scheduling a check for /home/runner/work/ozone/ozone/hadoop-ozone/integration-test/target/test-dir/MiniOzoneClusterImpl-c6aa46b2-3083-4aae-be29-8199bb906922/datanode-0/data/ratis
2023-02-21 13:40:07,033 [Listener at 127.0.0.1/34503] INFO  volume.StorageVolumeChecker (StorageVolumeChecker.java:checkAllVolumes(202)) - Scheduled health check for volume /home/runner/work/ozone/ozone/hadoop-ozone/integration-test/target/test-dir/MiniOzoneClusterImpl-c6aa46b2-3083-4aae-be29-8199bb906922/datanode-0/data/ratis
2023-02-21 13:40:07,048 [Thread-982] INFO  ozoneimpl.ContainerReader (ContainerReader.java:readVolume(175)) - Finish verifying containers on volume /home/runner/work/ozone/ozone/hadoop-ozone/integration-test/target/test-dir/MiniOzoneClusterImpl-c6aa46b2-3083-4aae-be29-8199bb906922/datanode-0/data-0/containers/hdds
2023-02-21 13:40:07,048 [Listener at 127.0.0.1/34503] INFO  ozoneimpl.OzoneContainer (OzoneContainer.java:buildContainerSet(304)) - Build ContainerSet costs 0s
2023-02-21 13:40:07,050 [Listener at 127.0.0.1/34503] INFO  server.RaftServer (ConfUtils.java:logGet(46)) - raft.rpc.type = GRPC (default)
2023-02-21 13:40:07,051 [Listener at 127.0.0.1/34503] INFO  grpc.GrpcConfigKeys (ConfUtils.java:logFallback(53)) - raft.grpc.admin.host = null (fallback to raft.grpc.server.host)
2023-02-21 13:40:07,051 [Listener at 127.0.0.1/34503] INFO  grpc.GrpcConfigKeys (ConfUtils.java:logGet(46)) - raft.grpc.admin.port = 0 (custom)
2023-02-21 13:40:07,051 [Listener at 127.0.0.1/34503] INFO  grpc.GrpcConfigKeys (ConfUtils.java:logFallback(53)) - raft.grpc.client.host = null (fallback to raft.grpc.server.host)
2023-02-21 13:40:07,051 [Listener at 127.0.0.1/34503] INFO  grpc.GrpcConfigKeys (ConfUtils.java:logGet(46)) - raft.grpc.client.port = 0 (custom)
2023-02-21 13:40:07,051 [Listener at 127.0.0.1/34503] INFO  grpc.GrpcConfigKeys (ConfUtils.java:logGet(46)) - raft.grpc.server.host = null (default)
2023-02-21 13:40:07,051 [Listener at 127.0.0.1/34503] INFO  grpc.GrpcConfigKeys (ConfUtils.java:logGet(46)) - raft.grpc.server.port = 0 (default)
2023-02-21 13:40:07,052 [Listener at 127.0.0.1/34503] INFO  server.GrpcService (ConfUtils.java:logGet(46)) - raft.grpc.message.size.max = 32MB (=33554432) (custom)
2023-02-21 13:40:07,052 [Listener at 127.0.0.1/34503] INFO  server.RaftServerConfigKeys (ConfUtils.java:logGet(46)) - raft.server.log.appender.buffer.byte-limit = 33554432 (custom)
2023-02-21 13:40:07,052 [Listener at 127.0.0.1/34503] INFO  server.GrpcService (ConfUtils.java:logGet(46)) - raft.grpc.flow.control.window = 5MB (=5242880) (custom)
2023-02-21 13:40:07,052 [Listener at 127.0.0.1/34503] INFO  server.RaftServerConfigKeys (ConfUtils.java:logGet(46)) - raft.server.rpc.request.timeout = 60s (custom)
2023-02-21 13:40:07,052 [Listener at 127.0.0.1/34503] INFO  grpc.GrpcConfigKeys (ConfUtils.java:logGet(46)) - raft.grpc.server.heartbeat.channel = true (default)
2023-02-21 13:40:07,052 [Listener at 127.0.0.1/34503] INFO  grpc.GrpcConfigKeys (ConfUtils.java:logGet(46)) - raft.grpc.server.async.request.thread.pool.cached = true (default)
2023-02-21 13:40:07,053 [Listener at 127.0.0.1/34503] INFO  grpc.GrpcConfigKeys (ConfUtils.java:logGet(46)) - raft.grpc.server.async.request.thread.pool.size = 32 (default)
2023-02-21 13:40:07,054 [Listener at 127.0.0.1/34503] INFO  impl.DataStreamServerImpl (ConfUtils.java:logGet(46)) - raft.datastream.type = NETTY (custom)
2023-02-21 13:40:07,054 [Listener at 127.0.0.1/34503] INFO  server.RaftServerConfigKeys (ConfUtils.java:logGet(46)) - raft.server.data-stream.async.request.thread.pool.cached = false (default)
2023-02-21 13:40:07,054 [Listener at 127.0.0.1/34503] INFO  server.RaftServerConfigKeys (ConfUtils.java:logGet(46)) - raft.server.data-stream.async.request.thread.pool.size = 20 (custom)
2023-02-21 13:40:07,054 [Listener at 127.0.0.1/34503] INFO  server.RaftServerConfigKeys (ConfUtils.java:logGet(46)) - raft.server.data-stream.async.write.thread.pool.size = 16 (default)
2023-02-21 13:40:07,054 [Listener at 127.0.0.1/34503] INFO  server.RaftServerConfigKeys (ConfUtils.java:logGet(46)) - raft.server.data-stream.client.pool.size = 10 (default)
2023-02-21 13:40:07,055 [Listener at 127.0.0.1/34503] INFO  netty.NettyConfigKeys$DataStream (ConfUtils.java:logGet(46)) - raft.netty.dataStream.server.use-epoll = false (default)
2023-02-21 13:40:07,055 [Listener at 127.0.0.1/34503] INFO  netty.NettyConfigKeys$DataStream (ConfUtils.java:logGet(46)) - raft.netty.dataStream.server.boss-group.size = 0 (default)
2023-02-21 13:40:07,055 [Listener at 127.0.0.1/34503] INFO  netty.NettyConfigKeys$DataStream (ConfUtils.java:logGet(46)) - raft.netty.dataStream.server.worker-group.size = 0 (default)
2023-02-21 13:40:07,056 [Listener at 127.0.0.1/34503] INFO  netty.NettyConfigKeys$DataStream (ConfUtils.java:logGet(46)) - raft.netty.dataStream.server.tls.conf = null (default)
2023-02-21 13:40:07,056 [Listener at 127.0.0.1/34503] INFO  netty.NettyConfigKeys$DataStream (ConfUtils.java:logGet(46)) - raft.netty.dataStream.host = null (default)
2023-02-21 13:40:07,056 [Listener at 127.0.0.1/34503] INFO  netty.NettyConfigKeys$DataStream (ConfUtils.java:logGet(46)) - raft.netty.dataStream.port = 0 (default)
2023-02-21 13:40:07,056 [Listener at 127.0.0.1/34503] INFO  server.RaftServerConfigKeys (ConfUtils.java:logGet(46)) - raft.server.threadpool.proxy.cached = true (default)
2023-02-21 13:40:07,056 [Listener at 127.0.0.1/34503] INFO  server.RaftServerConfigKeys (ConfUtils.java:logGet(46)) - raft.server.threadpool.proxy.size = 0 (default)
2023-02-21 13:40:07,057 [Listener at 127.0.0.1/34503] INFO  server.RaftServerConfigKeys (ConfUtils.java:logGet(46)) - raft.server.rpc.slowness.timeout = 300s (custom)
2023-02-21 13:40:07,057 [Listener at 127.0.0.1/34503] INFO  server.RaftServerConfigKeys (ConfUtils.java:logGet(46)) - raft.server.leaderelection.leader.step-down.wait-time = 10s (default)
2023-02-21 13:40:07,057 [Listener at 127.0.0.1/34503] INFO  server.RaftServerConfigKeys (ConfUtils.java:logGet(46)) - raft.server.storage.dir = [/home/runner/work/ozone/ozone/hadoop-ozone/integration-test/target/test-dir/MiniOzoneClusterImpl-c6aa46b2-3083-4aae-be29-8199bb906922/datanode-0/data/ratis] (custom)
2023-02-21 13:40:07,059 [Listener at 127.0.0.1/34503] INFO  server.XceiverServerGrpc (XceiverServerGrpc.java:<init>(132)) - GrpcServer channel type EpollServerSocketChannel
2023-02-21 13:40:07,062 [114eb3b6-0965-4949-a11e-bb51ff0d0ac6-NettyServerStreamRpc-bossGroup--thread1] INFO  logging.LoggingHandler (AbstractInternalLogger.java:log(148)) - [id: 0x68371cd5] REGISTERED
2023-02-21 13:40:07,062 [114eb3b6-0965-4949-a11e-bb51ff0d0ac6-NettyServerStreamRpc-bossGroup--thread1] INFO  logging.LoggingHandler (AbstractInternalLogger.java:log(148)) - [id: 0x68371cd5] BIND: 0.0.0.0/0.0.0.0:0
2023-02-21 13:40:07,062 [114eb3b6-0965-4949-a11e-bb51ff0d0ac6-NettyServerStreamRpc-bossGroup--thread1] INFO  logging.LoggingHandler (AbstractInternalLogger.java:log(148)) - [id: 0x68371cd5, L:/0:0:0:0:0:0:0:0:45849] ACTIVE
2023-02-21 13:40:07,063 [Listener at 127.0.0.1/34503] INFO  http.BaseHttpServer (BaseHttpServer.java:newHttpServer2BuilderForOzone(213)) - Starting Web-server for hddsDatanode at: http://0.0.0.0:0
2023-02-21 13:40:07,063 [Listener at 127.0.0.1/34503] INFO  http.BaseHttpServer (BaseHttpServer.java:<init>(108)) - Hadoop Security Enabled: false Ozone Security Enabled: false Ozone HTTP Security Enabled: false 
2023-02-21 13:40:07,071 [Listener at 127.0.0.1/34503] WARN  server.AuthenticationFilter (AuthenticationFilter.java:constructSecretProvider(240)) - Unable to initialize FileSignerSecretProvider, falling back to use random secrets. Reason: Could not read signature secret file: /home/runner/hadoop-http-auth-signature-secret
2023-02-21 13:40:07,073 [Listener at 127.0.0.1/34503] WARN  http.HttpRequestLog (HttpRequestLog.java:getRequestLog(103)) - Jetty request log can only be enabled using Log4j
2023-02-21 13:40:07,074 [Listener at 127.0.0.1/34503] INFO  http.HttpServer2 (HttpServer2.java:addGlobalFilter(1031)) - Added global filter 'safety' (class=org.apache.hadoop.hdds.server.http.HttpServer2$QuotingInputFilter)
2023-02-21 13:40:07,075 [Listener at 127.0.0.1/34503] INFO  http.HttpServer2 (HttpServer2.java:addFilter(1007)) - Added filter static_user_filter (class=org.apache.hadoop.http.lib.StaticUserWebFilter$StaticUserFilter) to context hddsDatanode
2023-02-21 13:40:07,076 [Listener at 127.0.0.1/34503] INFO  http.HttpServer2 (HttpServer2.java:addFilter(1015)) - Added filter static_user_filter (class=org.apache.hadoop.http.lib.StaticUserWebFilter$StaticUserFilter) to context static
2023-02-21 13:40:07,076 [Listener at 127.0.0.1/34503] INFO  http.HttpServer2 (HttpServer2.java:addFilter(1015)) - Added filter static_user_filter (class=org.apache.hadoop.http.lib.StaticUserWebFilter$StaticUserFilter) to context logs
2023-02-21 13:40:07,076 [Listener at 127.0.0.1/34503] INFO  http.HttpServer2 (HttpServer2.java:bindListener(1250)) - Jetty bound to port 35739
2023-02-21 13:40:07,076 [Listener at 127.0.0.1/34503] INFO  server.Server (Server.java:doStart(375)) - jetty-9.4.49.v20220914; built: 2022-09-14T01:07:36.601Z; git: 4231a3b2e4cb8548a412a789936d640a97b1aa0a; jvm 1.8.0_362-b09
2023-02-21 13:40:07,079 [Listener at 127.0.0.1/34503] INFO  server.session (DefaultSessionIdManager.java:doStart(334)) - DefaultSessionIdManager workerName=node0
2023-02-21 13:40:07,079 [Listener at 127.0.0.1/34503] INFO  server.session (DefaultSessionIdManager.java:doStart(339)) - No SessionScavenger set, using defaults
2023-02-21 13:40:07,079 [Listener at 127.0.0.1/34503] INFO  server.session (HouseKeeper.java:startScavenging(132)) - node0 Scavenging every 600000ms
2023-02-21 13:40:07,080 [Listener at 127.0.0.1/34503] INFO  handler.ContextHandler (ContextHandler.java:doStart(921)) - Started o.e.j.s.ServletContextHandler@79f49d9d{logs,/logs,file:///home/runner/work/ozone/ozone/hadoop-ozone/integration-test/target/log,AVAILABLE}
2023-02-21 13:40:07,080 [Listener at 127.0.0.1/34503] INFO  handler.ContextHandler (ContextHandler.java:doStart(921)) - Started o.e.j.s.ServletContextHandler@7439f13e{static,/static,jar:file:/home/runner/.m2/repository/org/apache/ozone/hdds-container-service/1.4.0-SNAPSHOT/hdds-container-service-1.4.0-SNAPSHOT.jar!/webapps/static,AVAILABLE}
2023-02-21 13:40:07,290 [Listener at 127.0.0.1/34503] INFO  handler.ContextHandler (ContextHandler.java:doStart(921)) - Started o.e.j.w.WebAppContext@607a594a{hddsDatanode,/,file:///tmp/jetty-0_0_0_0-35739-hdds-container-service-1_4_0-SNAPSHOT_jar-_-any-2979573044570574694/webapp/,AVAILABLE}{jar:file:/home/runner/.m2/repository/org/apache/ozone/hdds-container-service/1.4.0-SNAPSHOT/hdds-container-service-1.4.0-SNAPSHOT.jar!/webapps/hddsDatanode}
2023-02-21 13:40:07,292 [Listener at 127.0.0.1/34503] INFO  server.AbstractConnector (AbstractConnector.java:doStart(333)) - Started ServerConnector@69a5d9fa{HTTP/1.1, (http/1.1)}{0.0.0.0:35739}
2023-02-21 13:40:07,292 [Listener at 127.0.0.1/34503] INFO  server.Server (Server.java:doStart(415)) - Started @156006ms
2023-02-21 13:40:07,292 [Listener at 127.0.0.1/34503] WARN  impl.MetricsSystemImpl (MetricsSystemImpl.java:register(279)) - Sink prometheus already exists!
2023-02-21 13:40:07,293 [Listener at 127.0.0.1/34503] INFO  http.BaseHttpServer (BaseHttpServer.java:updateConnectorAddress(333)) - HTTP server of hddsDatanode listening at http://0.0.0.0:35739
2023-02-21 13:40:07,293 [Datanode State Machine Daemon Thread] INFO  statemachine.DatanodeStateMachine (DatanodeStateMachine.java:lambda$startDaemon$0(516)) - Ozone container server started.
2023-02-21 13:40:07,294 [Listener at 127.0.0.1/34503] WARN  impl.MetricRegistriesImpl (MetricRegistriesImpl.java:addReporterRegistration(111)) - New reporters are added after registries were created. Some metrics will be missing from the reporter. Please add reporter before adding any new registry.
2023-02-21 13:40:07,294 [Listener at 127.0.0.1/34503] WARN  impl.MetricRegistriesImpl (MetricRegistriesImpl.java:addReporterRegistration(111)) - New reporters are added after registries were created. Some metrics will be missing from the reporter. Please add reporter before adding any new registry.
2023-02-21 13:40:07,295 [Listener at 127.0.0.1/34503] INFO  impl.MetricsSystemImpl (MetricsSystemImpl.java:init(158)) - HddsDatanode metrics system started (again)
2023-02-21 13:40:07,307 [Listener at 127.0.0.1/34503] INFO  ozone.HddsDatanodeService (HddsDatanodeService.java:start(228)) - HddsDatanodeService host:fv-az318-260.ewvrrcgabbbubjc05i3n4a3pph.dx.internal.cloudapp.net ip:10.1.0.81
2023-02-21 13:40:07,310 [org.apache.hadoop.util.JvmPauseMonitor$Monitor@d500c5c] INFO  util.JvmPauseMonitor (JvmPauseMonitor.java:run(188)) - Starting JVM pause monitor
2023-02-21 13:40:07,321 [Datanode State Machine Task Thread - 0] INFO  datanode.InitDatanodeState (InitDatanodeState.java:persistContainerDatanodeDetails(138)) - DatanodeDetails is persisted to /home/runner/work/ozone/ozone/hadoop-ozone/integration-test/target/test-dir/MiniOzoneClusterImpl-c6aa46b2-3083-4aae-be29-8199bb906922/datanode-0/meta/datanode.id
2023-02-21 13:40:07,338 [Listener at 127.0.0.1/34503] INFO  upgrade.AbstractLayoutVersionManager (AbstractLayoutVersionManager.java:init(83)) - Initializing Layout version manager with metadata layout = DATANODE_SCHEMA_V3 (version = 4), software layout = DATANODE_SCHEMA_V3 (version = 4)
2023-02-21 13:40:07,390 [Listener at 127.0.0.1/34503] INFO  reflections.Reflections (Reflections.java:scan(232)) - Reflections took 51 ms to scan 7 urls, producing 150 keys and 362 values 
2023-02-21 13:40:07,391 [Listener at 127.0.0.1/34503] INFO  statemachine.DatanodeStateMachine (DatanodeStateMachine.java:getEndPointTaskThreadPoolSize(260)) - Datanode State Machine Task Thread Pool size 2
2023-02-21 13:40:07,393 [Listener at 127.0.0.1/34503] INFO  volume.HddsVolume (HddsVolume.java:<init>(122)) - Creating HddsVolume: /home/runner/work/ozone/ozone/hadoop-ozone/integration-test/target/test-dir/MiniOzoneClusterImpl-c6aa46b2-3083-4aae-be29-8199bb906922/datanode-1/data-0/containers/hdds of storage type : DISK capacity : 9223372036854775807
2023-02-21 13:40:07,393 [Listener at 127.0.0.1/34503] INFO  volume.MutableVolumeSet (MutableVolumeSet.java:initializeVolumeSet(174)) - Added Volume : /home/runner/work/ozone/ozone/hadoop-ozone/integration-test/target/test-dir/MiniOzoneClusterImpl-c6aa46b2-3083-4aae-be29-8199bb906922/datanode-1/data-0/containers/hdds to VolumeSet
2023-02-21 13:40:07,394 [Listener at 127.0.0.1/34503] INFO  volume.ThrottledAsyncChecker (ThrottledAsyncChecker.java:schedule(141)) - Scheduling a check for /home/runner/work/ozone/ozone/hadoop-ozone/integration-test/target/test-dir/MiniOzoneClusterImpl-c6aa46b2-3083-4aae-be29-8199bb906922/datanode-1/data-0/containers/hdds
2023-02-21 13:40:07,396 [Listener at 127.0.0.1/34503] INFO  volume.StorageVolumeChecker (StorageVolumeChecker.java:checkAllVolumes(202)) - Scheduled health check for volume /home/runner/work/ozone/ozone/hadoop-ozone/integration-test/target/test-dir/MiniOzoneClusterImpl-c6aa46b2-3083-4aae-be29-8199bb906922/datanode-1/data-0/containers/hdds
2023-02-21 13:40:07,408 [Listener at 127.0.0.1/34503] INFO  volume.MutableVolumeSet (MutableVolumeSet.java:initializeVolumeSet(174)) - Added Volume : /home/runner/work/ozone/ozone/hadoop-ozone/integration-test/target/test-dir/MiniOzoneClusterImpl-c6aa46b2-3083-4aae-be29-8199bb906922/datanode-1/data/ratis to VolumeSet
2023-02-21 13:40:07,408 [Listener at 127.0.0.1/34503] INFO  volume.ThrottledAsyncChecker (ThrottledAsyncChecker.java:schedule(141)) - Scheduling a check for /home/runner/work/ozone/ozone/hadoop-ozone/integration-test/target/test-dir/MiniOzoneClusterImpl-c6aa46b2-3083-4aae-be29-8199bb906922/datanode-1/data/ratis
2023-02-21 13:40:07,408 [Listener at 127.0.0.1/34503] INFO  volume.StorageVolumeChecker (StorageVolumeChecker.java:checkAllVolumes(202)) - Scheduled health check for volume /home/runner/work/ozone/ozone/hadoop-ozone/integration-test/target/test-dir/MiniOzoneClusterImpl-c6aa46b2-3083-4aae-be29-8199bb906922/datanode-1/data/ratis
2023-02-21 13:40:07,419 [Thread-996] INFO  ozoneimpl.ContainerReader (ContainerReader.java:readVolume(175)) - Finish verifying containers on volume /home/runner/work/ozone/ozone/hadoop-ozone/integration-test/target/test-dir/MiniOzoneClusterImpl-c6aa46b2-3083-4aae-be29-8199bb906922/datanode-1/data-0/containers/hdds
2023-02-21 13:40:07,419 [Listener at 127.0.0.1/34503] INFO  ozoneimpl.OzoneContainer (OzoneContainer.java:buildContainerSet(304)) - Build ContainerSet costs 0s
2023-02-21 13:40:07,421 [Listener at 127.0.0.1/34503] INFO  server.RaftServer (ConfUtils.java:logGet(46)) - raft.rpc.type = GRPC (default)
2023-02-21 13:40:07,422 [Listener at 127.0.0.1/34503] INFO  grpc.GrpcConfigKeys (ConfUtils.java:logFallback(53)) - raft.grpc.admin.host = null (fallback to raft.grpc.server.host)
2023-02-21 13:40:07,422 [Listener at 127.0.0.1/34503] INFO  grpc.GrpcConfigKeys (ConfUtils.java:logGet(46)) - raft.grpc.admin.port = 0 (custom)
2023-02-21 13:40:07,422 [Listener at 127.0.0.1/34503] INFO  grpc.GrpcConfigKeys (ConfUtils.java:logFallback(53)) - raft.grpc.client.host = null (fallback to raft.grpc.server.host)
2023-02-21 13:40:07,422 [Listener at 127.0.0.1/34503] INFO  grpc.GrpcConfigKeys (ConfUtils.java:logGet(46)) - raft.grpc.client.port = 0 (custom)
2023-02-21 13:40:07,422 [Listener at 127.0.0.1/34503] INFO  grpc.GrpcConfigKeys (ConfUtils.java:logGet(46)) - raft.grpc.server.host = null (default)
2023-02-21 13:40:07,422 [Listener at 127.0.0.1/34503] INFO  grpc.GrpcConfigKeys (ConfUtils.java:logGet(46)) - raft.grpc.server.port = 0 (default)
2023-02-21 13:40:07,423 [Listener at 127.0.0.1/34503] INFO  server.GrpcService (ConfUtils.java:logGet(46)) - raft.grpc.message.size.max = 32MB (=33554432) (custom)
2023-02-21 13:40:07,423 [Listener at 127.0.0.1/34503] INFO  server.RaftServerConfigKeys (ConfUtils.java:logGet(46)) - raft.server.log.appender.buffer.byte-limit = 33554432 (custom)
2023-02-21 13:40:07,423 [Listener at 127.0.0.1/34503] INFO  server.GrpcService (ConfUtils.java:logGet(46)) - raft.grpc.flow.control.window = 5MB (=5242880) (custom)
2023-02-21 13:40:07,423 [Listener at 127.0.0.1/34503] INFO  server.RaftServerConfigKeys (ConfUtils.java:logGet(46)) - raft.server.rpc.request.timeout = 60s (custom)
2023-02-21 13:40:07,423 [Listener at 127.0.0.1/34503] INFO  grpc.GrpcConfigKeys (ConfUtils.java:logGet(46)) - raft.grpc.server.heartbeat.channel = true (default)
2023-02-21 13:40:07,423 [Listener at 127.0.0.1/34503] INFO  grpc.GrpcConfigKeys (ConfUtils.java:logGet(46)) - raft.grpc.server.async.request.thread.pool.cached = true (default)
2023-02-21 13:40:07,423 [Listener at 127.0.0.1/34503] INFO  grpc.GrpcConfigKeys (ConfUtils.java:logGet(46)) - raft.grpc.server.async.request.thread.pool.size = 32 (default)
2023-02-21 13:40:07,425 [Listener at 127.0.0.1/34503] INFO  impl.DataStreamServerImpl (ConfUtils.java:logGet(46)) - raft.datastream.type = NETTY (custom)
2023-02-21 13:40:07,425 [Listener at 127.0.0.1/34503] INFO  server.RaftServerConfigKeys (ConfUtils.java:logGet(46)) - raft.server.data-stream.async.request.thread.pool.cached = false (default)
2023-02-21 13:40:07,425 [Listener at 127.0.0.1/34503] INFO  server.RaftServerConfigKeys (ConfUtils.java:logGet(46)) - raft.server.data-stream.async.request.thread.pool.size = 20 (custom)
2023-02-21 13:40:07,425 [Listener at 127.0.0.1/34503] INFO  server.RaftServerConfigKeys (ConfUtils.java:logGet(46)) - raft.server.data-stream.async.write.thread.pool.size = 16 (default)
2023-02-21 13:40:07,425 [Listener at 127.0.0.1/34503] INFO  server.RaftServerConfigKeys (ConfUtils.java:logGet(46)) - raft.server.data-stream.client.pool.size = 10 (default)
2023-02-21 13:40:07,426 [Listener at 127.0.0.1/34503] INFO  netty.NettyConfigKeys$DataStream (ConfUtils.java:logGet(46)) - raft.netty.dataStream.server.use-epoll = false (default)
2023-02-21 13:40:07,426 [Listener at 127.0.0.1/34503] INFO  netty.NettyConfigKeys$DataStream (ConfUtils.java:logGet(46)) - raft.netty.dataStream.server.boss-group.size = 0 (default)
2023-02-21 13:40:07,426 [Listener at 127.0.0.1/34503] INFO  netty.NettyConfigKeys$DataStream (ConfUtils.java:logGet(46)) - raft.netty.dataStream.server.worker-group.size = 0 (default)
2023-02-21 13:40:07,428 [Listener at 127.0.0.1/34503] INFO  netty.NettyConfigKeys$DataStream (ConfUtils.java:logGet(46)) - raft.netty.dataStream.server.tls.conf = null (default)
2023-02-21 13:40:07,428 [Listener at 127.0.0.1/34503] INFO  netty.NettyConfigKeys$DataStream (ConfUtils.java:logGet(46)) - raft.netty.dataStream.host = null (default)
2023-02-21 13:40:07,428 [Listener at 127.0.0.1/34503] INFO  netty.NettyConfigKeys$DataStream (ConfUtils.java:logGet(46)) - raft.netty.dataStream.port = 0 (default)
2023-02-21 13:40:07,428 [Listener at 127.0.0.1/34503] INFO  server.RaftServerConfigKeys (ConfUtils.java:logGet(46)) - raft.server.threadpool.proxy.cached = true (default)
2023-02-21 13:40:07,429 [Listener at 127.0.0.1/34503] INFO  server.RaftServerConfigKeys (ConfUtils.java:logGet(46)) - raft.server.threadpool.proxy.size = 0 (default)
2023-02-21 13:40:07,429 [Listener at 127.0.0.1/34503] INFO  server.RaftServerConfigKeys (ConfUtils.java:logGet(46)) - raft.server.rpc.slowness.timeout = 300s (custom)
2023-02-21 13:40:07,429 [Listener at 127.0.0.1/34503] INFO  server.RaftServerConfigKeys (ConfUtils.java:logGet(46)) - raft.server.leaderelection.leader.step-down.wait-time = 10s (default)
2023-02-21 13:40:07,429 [Listener at 127.0.0.1/34503] INFO  server.RaftServerConfigKeys (ConfUtils.java:logGet(46)) - raft.server.storage.dir = [/home/runner/work/ozone/ozone/hadoop-ozone/integration-test/target/test-dir/MiniOzoneClusterImpl-c6aa46b2-3083-4aae-be29-8199bb906922/datanode-1/data/ratis] (custom)
2023-02-21 13:40:07,429 [ddc1ce43-6958-4d2f-a962-1f2187968283-NettyServerStreamRpc-bossGroup--thread1] INFO  logging.LoggingHandler (AbstractInternalLogger.java:log(148)) - [id: 0x57d72002] REGISTERED
2023-02-21 13:40:07,430 [ddc1ce43-6958-4d2f-a962-1f2187968283-NettyServerStreamRpc-bossGroup--thread1] INFO  logging.LoggingHandler (AbstractInternalLogger.java:log(148)) - [id: 0x57d72002] BIND: 0.0.0.0/0.0.0.0:0
2023-02-21 13:40:07,430 [ddc1ce43-6958-4d2f-a962-1f2187968283-NettyServerStreamRpc-bossGroup--thread1] INFO  logging.LoggingHandler (AbstractInternalLogger.java:log(148)) - [id: 0x57d72002, L:/0:0:0:0:0:0:0:0:37359] ACTIVE
2023-02-21 13:40:07,431 [Listener at 127.0.0.1/34503] INFO  server.XceiverServerGrpc (XceiverServerGrpc.java:<init>(132)) - GrpcServer channel type EpollServerSocketChannel
2023-02-21 13:40:07,436 [Listener at 127.0.0.1/34503] INFO  http.BaseHttpServer (BaseHttpServer.java:newHttpServer2BuilderForOzone(213)) - Starting Web-server for hddsDatanode at: http://0.0.0.0:0
2023-02-21 13:40:07,436 [Listener at 127.0.0.1/34503] INFO  http.BaseHttpServer (BaseHttpServer.java:<init>(108)) - Hadoop Security Enabled: false Ozone Security Enabled: false Ozone HTTP Security Enabled: false 
2023-02-21 13:40:07,437 [Listener at 127.0.0.1/34503] WARN  server.AuthenticationFilter (AuthenticationFilter.java:constructSecretProvider(240)) - Unable to initialize FileSignerSecretProvider, falling back to use random secrets. Reason: Could not read signature secret file: /home/runner/hadoop-http-auth-signature-secret
2023-02-21 13:40:07,440 [Listener at 127.0.0.1/34503] WARN  http.HttpRequestLog (HttpRequestLog.java:getRequestLog(103)) - Jetty request log can only be enabled using Log4j
2023-02-21 13:40:07,441 [Listener at 127.0.0.1/34503] INFO  http.HttpServer2 (HttpServer2.java:addGlobalFilter(1031)) - Added global filter 'safety' (class=org.apache.hadoop.hdds.server.http.HttpServer2$QuotingInputFilter)
2023-02-21 13:40:07,442 [Listener at 127.0.0.1/34503] INFO  http.HttpServer2 (HttpServer2.java:addFilter(1007)) - Added filter static_user_filter (class=org.apache.hadoop.http.lib.StaticUserWebFilter$StaticUserFilter) to context hddsDatanode
2023-02-21 13:40:07,442 [Listener at 127.0.0.1/34503] INFO  http.HttpServer2 (HttpServer2.java:addFilter(1015)) - Added filter static_user_filter (class=org.apache.hadoop.http.lib.StaticUserWebFilter$StaticUserFilter) to context static
2023-02-21 13:40:07,444 [Listener at 127.0.0.1/34503] INFO  http.HttpServer2 (HttpServer2.java:addFilter(1015)) - Added filter static_user_filter (class=org.apache.hadoop.http.lib.StaticUserWebFilter$StaticUserFilter) to context logs
2023-02-21 13:40:07,445 [Listener at 127.0.0.1/34503] INFO  http.HttpServer2 (HttpServer2.java:bindListener(1250)) - Jetty bound to port 41067
2023-02-21 13:40:07,445 [Listener at 127.0.0.1/34503] INFO  server.Server (Server.java:doStart(375)) - jetty-9.4.49.v20220914; built: 2022-09-14T01:07:36.601Z; git: 4231a3b2e4cb8548a412a789936d640a97b1aa0a; jvm 1.8.0_362-b09
2023-02-21 13:40:07,459 [Listener at 127.0.0.1/34503] INFO  server.session (DefaultSessionIdManager.java:doStart(334)) - DefaultSessionIdManager workerName=node0
2023-02-21 13:40:07,459 [Listener at 127.0.0.1/34503] INFO  server.session (DefaultSessionIdManager.java:doStart(339)) - No SessionScavenger set, using defaults
2023-02-21 13:40:07,459 [Listener at 127.0.0.1/34503] INFO  server.session (HouseKeeper.java:startScavenging(132)) - node0 Scavenging every 600000ms
2023-02-21 13:40:07,460 [Listener at 127.0.0.1/34503] INFO  handler.ContextHandler (ContextHandler.java:doStart(921)) - Started o.e.j.s.ServletContextHandler@7b1c6aa7{logs,/logs,file:///home/runner/work/ozone/ozone/hadoop-ozone/integration-test/target/log,AVAILABLE}
2023-02-21 13:40:07,460 [Listener at 127.0.0.1/34503] INFO  handler.ContextHandler (ContextHandler.java:doStart(921)) - Started o.e.j.s.ServletContextHandler@2fb9fa70{static,/static,jar:file:/home/runner/.m2/repository/org/apache/ozone/hdds-container-service/1.4.0-SNAPSHOT/hdds-container-service-1.4.0-SNAPSHOT.jar!/webapps/static,AVAILABLE}
2023-02-21 13:40:07,691 [Listener at 127.0.0.1/34503] INFO  handler.ContextHandler (ContextHandler.java:doStart(921)) - Started o.e.j.w.WebAppContext@1f2164c7{hddsDatanode,/,file:///tmp/jetty-0_0_0_0-41067-hdds-container-service-1_4_0-SNAPSHOT_jar-_-any-5931531356577365874/webapp/,AVAILABLE}{jar:file:/home/runner/.m2/repository/org/apache/ozone/hdds-container-service/1.4.0-SNAPSHOT/hdds-container-service-1.4.0-SNAPSHOT.jar!/webapps/hddsDatanode}
2023-02-21 13:40:07,693 [Listener at 127.0.0.1/34503] INFO  server.AbstractConnector (AbstractConnector.java:doStart(333)) - Started ServerConnector@20e76656{HTTP/1.1, (http/1.1)}{0.0.0.0:41067}
2023-02-21 13:40:07,693 [Listener at 127.0.0.1/34503] INFO  server.Server (Server.java:doStart(415)) - Started @156407ms
2023-02-21 13:40:07,693 [Listener at 127.0.0.1/34503] WARN  impl.MetricsSystemImpl (MetricsSystemImpl.java:register(279)) - Sink prometheus already exists!
2023-02-21 13:40:07,693 [Listener at 127.0.0.1/34503] INFO  http.BaseHttpServer (BaseHttpServer.java:updateConnectorAddress(333)) - HTTP server of hddsDatanode listening at http://0.0.0.0:41067
2023-02-21 13:40:07,694 [Datanode State Machine Daemon Thread] INFO  statemachine.DatanodeStateMachine (DatanodeStateMachine.java:lambda$startDaemon$0(516)) - Ozone container server started.
2023-02-21 13:40:07,694 [Listener at 127.0.0.1/34503] WARN  impl.MetricRegistriesImpl (MetricRegistriesImpl.java:addReporterRegistration(111)) - New reporters are added after registries were created. Some metrics will be missing from the reporter. Please add reporter before adding any new registry.
2023-02-21 13:40:07,696 [Listener at 127.0.0.1/34503] WARN  impl.MetricRegistriesImpl (MetricRegistriesImpl.java:addReporterRegistration(111)) - New reporters are added after registries were created. Some metrics will be missing from the reporter. Please add reporter before adding any new registry.
2023-02-21 13:40:07,696 [Listener at 127.0.0.1/34503] INFO  impl.MetricsSystemImpl (MetricsSystemImpl.java:init(158)) - HddsDatanode metrics system started (again)
2023-02-21 13:40:07,707 [org.apache.hadoop.util.JvmPauseMonitor$Monitor@aa3c39b] INFO  util.JvmPauseMonitor (JvmPauseMonitor.java:run(188)) - Starting JVM pause monitor
2023-02-21 13:40:07,709 [Datanode State Machine Task Thread - 0] INFO  datanode.InitDatanodeState (InitDatanodeState.java:persistContainerDatanodeDetails(138)) - DatanodeDetails is persisted to /home/runner/work/ozone/ozone/hadoop-ozone/integration-test/target/test-dir/MiniOzoneClusterImpl-c6aa46b2-3083-4aae-be29-8199bb906922/datanode-1/meta/datanode.id
2023-02-21 13:40:07,709 [Listener at 127.0.0.1/34503] INFO  ozone.HddsDatanodeService (HddsDatanodeService.java:start(228)) - HddsDatanodeService host:fv-az318-260.ewvrrcgabbbubjc05i3n4a3pph.dx.internal.cloudapp.net ip:10.1.0.81
2023-02-21 13:40:07,733 [Listener at 127.0.0.1/34503] INFO  upgrade.AbstractLayoutVersionManager (AbstractLayoutVersionManager.java:init(83)) - Initializing Layout version manager with metadata layout = DATANODE_SCHEMA_V3 (version = 4), software layout = DATANODE_SCHEMA_V3 (version = 4)
2023-02-21 13:40:07,788 [Listener at 127.0.0.1/34503] INFO  reflections.Reflections (Reflections.java:scan(232)) - Reflections took 54 ms to scan 7 urls, producing 150 keys and 362 values 
2023-02-21 13:40:07,791 [Listener at 127.0.0.1/34503] INFO  statemachine.DatanodeStateMachine (DatanodeStateMachine.java:getEndPointTaskThreadPoolSize(260)) - Datanode State Machine Task Thread Pool size 2
2023-02-21 13:40:07,795 [Listener at 127.0.0.1/34503] INFO  volume.HddsVolume (HddsVolume.java:<init>(122)) - Creating HddsVolume: /home/runner/work/ozone/ozone/hadoop-ozone/integration-test/target/test-dir/MiniOzoneClusterImpl-c6aa46b2-3083-4aae-be29-8199bb906922/datanode-2/data-0/containers/hdds of storage type : DISK capacity : 9223372036854775807
2023-02-21 13:40:07,795 [Listener at 127.0.0.1/34503] INFO  volume.MutableVolumeSet (MutableVolumeSet.java:initializeVolumeSet(174)) - Added Volume : /home/runner/work/ozone/ozone/hadoop-ozone/integration-test/target/test-dir/MiniOzoneClusterImpl-c6aa46b2-3083-4aae-be29-8199bb906922/datanode-2/data-0/containers/hdds to VolumeSet
2023-02-21 13:40:07,795 [Listener at 127.0.0.1/34503] INFO  volume.ThrottledAsyncChecker (ThrottledAsyncChecker.java:schedule(141)) - Scheduling a check for /home/runner/work/ozone/ozone/hadoop-ozone/integration-test/target/test-dir/MiniOzoneClusterImpl-c6aa46b2-3083-4aae-be29-8199bb906922/datanode-2/data-0/containers/hdds
2023-02-21 13:40:07,798 [Listener at 127.0.0.1/34503] INFO  volume.StorageVolumeChecker (StorageVolumeChecker.java:checkAllVolumes(202)) - Scheduled health check for volume /home/runner/work/ozone/ozone/hadoop-ozone/integration-test/target/test-dir/MiniOzoneClusterImpl-c6aa46b2-3083-4aae-be29-8199bb906922/datanode-2/data-0/containers/hdds
2023-02-21 13:40:07,811 [Listener at 127.0.0.1/34503] INFO  volume.MutableVolumeSet (MutableVolumeSet.java:initializeVolumeSet(174)) - Added Volume : /home/runner/work/ozone/ozone/hadoop-ozone/integration-test/target/test-dir/MiniOzoneClusterImpl-c6aa46b2-3083-4aae-be29-8199bb906922/datanode-2/data/ratis to VolumeSet
2023-02-21 13:40:07,811 [Listener at 127.0.0.1/34503] INFO  volume.ThrottledAsyncChecker (ThrottledAsyncChecker.java:schedule(141)) - Scheduling a check for /home/runner/work/ozone/ozone/hadoop-ozone/integration-test/target/test-dir/MiniOzoneClusterImpl-c6aa46b2-3083-4aae-be29-8199bb906922/datanode-2/data/ratis
2023-02-21 13:40:07,811 [Listener at 127.0.0.1/34503] INFO  volume.StorageVolumeChecker (StorageVolumeChecker.java:checkAllVolumes(202)) - Scheduled health check for volume /home/runner/work/ozone/ozone/hadoop-ozone/integration-test/target/test-dir/MiniOzoneClusterImpl-c6aa46b2-3083-4aae-be29-8199bb906922/datanode-2/data/ratis
2023-02-21 13:40:07,823 [Thread-1010] INFO  ozoneimpl.ContainerReader (ContainerReader.java:readVolume(175)) - Finish verifying containers on volume /home/runner/work/ozone/ozone/hadoop-ozone/integration-test/target/test-dir/MiniOzoneClusterImpl-c6aa46b2-3083-4aae-be29-8199bb906922/datanode-2/data-0/containers/hdds
2023-02-21 13:40:07,824 [Listener at 127.0.0.1/34503] INFO  ozoneimpl.OzoneContainer (OzoneContainer.java:buildContainerSet(304)) - Build ContainerSet costs 0s
2023-02-21 13:40:07,825 [Listener at 127.0.0.1/34503] INFO  server.RaftServer (ConfUtils.java:logGet(46)) - raft.rpc.type = GRPC (default)
2023-02-21 13:40:07,826 [Listener at 127.0.0.1/34503] INFO  grpc.GrpcConfigKeys (ConfUtils.java:logFallback(53)) - raft.grpc.admin.host = null (fallback to raft.grpc.server.host)
2023-02-21 13:40:07,826 [Listener at 127.0.0.1/34503] INFO  grpc.GrpcConfigKeys (ConfUtils.java:logGet(46)) - raft.grpc.admin.port = 0 (custom)
2023-02-21 13:40:07,826 [Listener at 127.0.0.1/34503] INFO  grpc.GrpcConfigKeys (ConfUtils.java:logFallback(53)) - raft.grpc.client.host = null (fallback to raft.grpc.server.host)
2023-02-21 13:40:07,826 [Listener at 127.0.0.1/34503] INFO  grpc.GrpcConfigKeys (ConfUtils.java:logGet(46)) - raft.grpc.client.port = 0 (custom)
2023-02-21 13:40:07,827 [Listener at 127.0.0.1/34503] INFO  grpc.GrpcConfigKeys (ConfUtils.java:logGet(46)) - raft.grpc.server.host = null (default)
2023-02-21 13:40:07,827 [Listener at 127.0.0.1/34503] INFO  grpc.GrpcConfigKeys (ConfUtils.java:logGet(46)) - raft.grpc.server.port = 0 (default)
2023-02-21 13:40:07,827 [Listener at 127.0.0.1/34503] INFO  server.GrpcService (ConfUtils.java:logGet(46)) - raft.grpc.message.size.max = 32MB (=33554432) (custom)
2023-02-21 13:40:07,827 [Listener at 127.0.0.1/34503] INFO  server.RaftServerConfigKeys (ConfUtils.java:logGet(46)) - raft.server.log.appender.buffer.byte-limit = 33554432 (custom)
2023-02-21 13:40:07,827 [Listener at 127.0.0.1/34503] INFO  server.GrpcService (ConfUtils.java:logGet(46)) - raft.grpc.flow.control.window = 5MB (=5242880) (custom)
2023-02-21 13:40:07,827 [Listener at 127.0.0.1/34503] INFO  server.RaftServerConfigKeys (ConfUtils.java:logGet(46)) - raft.server.rpc.request.timeout = 60s (custom)
2023-02-21 13:40:07,827 [Listener at 127.0.0.1/34503] INFO  grpc.GrpcConfigKeys (ConfUtils.java:logGet(46)) - raft.grpc.server.heartbeat.channel = true (default)
2023-02-21 13:40:07,828 [Listener at 127.0.0.1/34503] INFO  grpc.GrpcConfigKeys (ConfUtils.java:logGet(46)) - raft.grpc.server.async.request.thread.pool.cached = true (default)
2023-02-21 13:40:07,828 [Listener at 127.0.0.1/34503] INFO  grpc.GrpcConfigKeys (ConfUtils.java:logGet(46)) - raft.grpc.server.async.request.thread.pool.size = 32 (default)
2023-02-21 13:40:07,829 [Listener at 127.0.0.1/34503] INFO  impl.DataStreamServerImpl (ConfUtils.java:logGet(46)) - raft.datastream.type = NETTY (custom)
2023-02-21 13:40:07,829 [Listener at 127.0.0.1/34503] INFO  server.RaftServerConfigKeys (ConfUtils.java:logGet(46)) - raft.server.data-stream.async.request.thread.pool.cached = false (default)
2023-02-21 13:40:07,829 [Listener at 127.0.0.1/34503] INFO  server.RaftServerConfigKeys (ConfUtils.java:logGet(46)) - raft.server.data-stream.async.request.thread.pool.size = 20 (custom)
2023-02-21 13:40:07,829 [Listener at 127.0.0.1/34503] INFO  server.RaftServerConfigKeys (ConfUtils.java:logGet(46)) - raft.server.data-stream.async.write.thread.pool.size = 16 (default)
2023-02-21 13:40:07,829 [Listener at 127.0.0.1/34503] INFO  server.RaftServerConfigKeys (ConfUtils.java:logGet(46)) - raft.server.data-stream.client.pool.size = 10 (default)
2023-02-21 13:40:07,830 [Listener at 127.0.0.1/34503] INFO  netty.NettyConfigKeys$DataStream (ConfUtils.java:logGet(46)) - raft.netty.dataStream.server.use-epoll = false (default)
2023-02-21 13:40:07,830 [Listener at 127.0.0.1/34503] INFO  netty.NettyConfigKeys$DataStream (ConfUtils.java:logGet(46)) - raft.netty.dataStream.server.boss-group.size = 0 (default)
2023-02-21 13:40:07,830 [Listener at 127.0.0.1/34503] INFO  netty.NettyConfigKeys$DataStream (ConfUtils.java:logGet(46)) - raft.netty.dataStream.server.worker-group.size = 0 (default)
2023-02-21 13:40:07,831 [Listener at 127.0.0.1/34503] INFO  netty.NettyConfigKeys$DataStream (ConfUtils.java:logGet(46)) - raft.netty.dataStream.server.tls.conf = null (default)
2023-02-21 13:40:07,831 [Listener at 127.0.0.1/34503] INFO  netty.NettyConfigKeys$DataStream (ConfUtils.java:logGet(46)) - raft.netty.dataStream.host = null (default)
2023-02-21 13:40:07,831 [Listener at 127.0.0.1/34503] INFO  netty.NettyConfigKeys$DataStream (ConfUtils.java:logGet(46)) - raft.netty.dataStream.port = 0 (default)
2023-02-21 13:40:07,832 [Listener at 127.0.0.1/34503] INFO  server.RaftServerConfigKeys (ConfUtils.java:logGet(46)) - raft.server.threadpool.proxy.cached = true (default)
2023-02-21 13:40:07,833 [Listener at 127.0.0.1/34503] INFO  server.RaftServerConfigKeys (ConfUtils.java:logGet(46)) - raft.server.threadpool.proxy.size = 0 (default)
2023-02-21 13:40:07,833 [cc21282f-5934-42bf-9918-cc8c0aab7e68-NettyServerStreamRpc-bossGroup--thread1] INFO  logging.LoggingHandler (AbstractInternalLogger.java:log(148)) - [id: 0xd4349e34] REGISTERED
2023-02-21 13:40:07,833 [Listener at 127.0.0.1/34503] INFO  server.RaftServerConfigKeys (ConfUtils.java:logGet(46)) - raft.server.rpc.slowness.timeout = 300s (custom)
2023-02-21 13:40:07,833 [cc21282f-5934-42bf-9918-cc8c0aab7e68-NettyServerStreamRpc-bossGroup--thread1] INFO  logging.LoggingHandler (AbstractInternalLogger.java:log(148)) - [id: 0xd4349e34] BIND: 0.0.0.0/0.0.0.0:0
2023-02-21 13:40:07,833 [Listener at 127.0.0.1/34503] INFO  server.RaftServerConfigKeys (ConfUtils.java:logGet(46)) - raft.server.leaderelection.leader.step-down.wait-time = 10s (default)
2023-02-21 13:40:07,833 [cc21282f-5934-42bf-9918-cc8c0aab7e68-NettyServerStreamRpc-bossGroup--thread1] INFO  logging.LoggingHandler (AbstractInternalLogger.java:log(148)) - [id: 0xd4349e34, L:/0:0:0:0:0:0:0:0:33753] ACTIVE
2023-02-21 13:40:07,834 [Listener at 127.0.0.1/34503] INFO  server.RaftServerConfigKeys (ConfUtils.java:logGet(46)) - raft.server.storage.dir = [/home/runner/work/ozone/ozone/hadoop-ozone/integration-test/target/test-dir/MiniOzoneClusterImpl-c6aa46b2-3083-4aae-be29-8199bb906922/datanode-2/data/ratis] (custom)
2023-02-21 13:40:07,835 [Listener at 127.0.0.1/34503] INFO  server.XceiverServerGrpc (XceiverServerGrpc.java:<init>(132)) - GrpcServer channel type EpollServerSocketChannel
2023-02-21 13:40:07,840 [Listener at 127.0.0.1/34503] INFO  http.BaseHttpServer (BaseHttpServer.java:newHttpServer2BuilderForOzone(213)) - Starting Web-server for hddsDatanode at: http://0.0.0.0:0
2023-02-21 13:40:07,841 [Listener at 127.0.0.1/34503] INFO  http.BaseHttpServer (BaseHttpServer.java:<init>(108)) - Hadoop Security Enabled: false Ozone Security Enabled: false Ozone HTTP Security Enabled: false 
2023-02-21 13:40:07,842 [Listener at 127.0.0.1/34503] WARN  server.AuthenticationFilter (AuthenticationFilter.java:constructSecretProvider(240)) - Unable to initialize FileSignerSecretProvider, falling back to use random secrets. Reason: Could not read signature secret file: /home/runner/hadoop-http-auth-signature-secret
2023-02-21 13:40:07,844 [Listener at 127.0.0.1/34503] WARN  http.HttpRequestLog (HttpRequestLog.java:getRequestLog(103)) - Jetty request log can only be enabled using Log4j
2023-02-21 13:40:07,847 [Listener at 127.0.0.1/34503] INFO  http.HttpServer2 (HttpServer2.java:addGlobalFilter(1031)) - Added global filter 'safety' (class=org.apache.hadoop.hdds.server.http.HttpServer2$QuotingInputFilter)
2023-02-21 13:40:07,847 [Listener at 127.0.0.1/34503] INFO  http.HttpServer2 (HttpServer2.java:addFilter(1007)) - Added filter static_user_filter (class=org.apache.hadoop.http.lib.StaticUserWebFilter$StaticUserFilter) to context hddsDatanode
2023-02-21 13:40:07,847 [Listener at 127.0.0.1/34503] INFO  http.HttpServer2 (HttpServer2.java:addFilter(1015)) - Added filter static_user_filter (class=org.apache.hadoop.http.lib.StaticUserWebFilter$StaticUserFilter) to context static
2023-02-21 13:40:07,847 [Listener at 127.0.0.1/34503] INFO  http.HttpServer2 (HttpServer2.java:addFilter(1015)) - Added filter static_user_filter (class=org.apache.hadoop.http.lib.StaticUserWebFilter$StaticUserFilter) to context logs
2023-02-21 13:40:07,848 [Listener at 127.0.0.1/34503] INFO  http.HttpServer2 (HttpServer2.java:bindListener(1250)) - Jetty bound to port 37413
2023-02-21 13:40:07,848 [Listener at 127.0.0.1/34503] INFO  server.Server (Server.java:doStart(375)) - jetty-9.4.49.v20220914; built: 2022-09-14T01:07:36.601Z; git: 4231a3b2e4cb8548a412a789936d640a97b1aa0a; jvm 1.8.0_362-b09
2023-02-21 13:40:07,850 [Listener at 127.0.0.1/34503] INFO  server.session (DefaultSessionIdManager.java:doStart(334)) - DefaultSessionIdManager workerName=node0
2023-02-21 13:40:07,850 [Listener at 127.0.0.1/34503] INFO  server.session (DefaultSessionIdManager.java:doStart(339)) - No SessionScavenger set, using defaults
2023-02-21 13:40:07,850 [Listener at 127.0.0.1/34503] INFO  server.session (HouseKeeper.java:startScavenging(132)) - node0 Scavenging every 660000ms
2023-02-21 13:40:07,851 [Listener at 127.0.0.1/34503] INFO  handler.ContextHandler (ContextHandler.java:doStart(921)) - Started o.e.j.s.ServletContextHandler@6b22e8eb{logs,/logs,file:///home/runner/work/ozone/ozone/hadoop-ozone/integration-test/target/log,AVAILABLE}
2023-02-21 13:40:07,852 [Listener at 127.0.0.1/34503] INFO  handler.ContextHandler (ContextHandler.java:doStart(921)) - Started o.e.j.s.ServletContextHandler@16c6373e{static,/static,jar:file:/home/runner/.m2/repository/org/apache/ozone/hdds-container-service/1.4.0-SNAPSHOT/hdds-container-service-1.4.0-SNAPSHOT.jar!/webapps/static,AVAILABLE}
2023-02-21 13:40:07,872 [om1@group-C5BA1605619E-FollowerState] INFO  impl.FollowerState (FollowerState.java:run(143)) - om1@group-C5BA1605619E-FollowerState: change to CANDIDATE, lastRpcElapsedTime:1048174359ns, electionTimeout:1047ms
2023-02-21 13:40:07,872 [om1@group-C5BA1605619E-FollowerState] INFO  impl.RoleInfo (RoleInfo.java:shutdownFollowerState(110)) - om1: shutdown om1@group-C5BA1605619E-FollowerState
2023-02-21 13:40:07,872 [om1@group-C5BA1605619E-FollowerState] INFO  server.RaftServer$Division (RaftServerImpl.java:setRole(321)) - om1@group-C5BA1605619E: changes role from  FOLLOWER to CANDIDATE at term 0 for changeToCandidate
2023-02-21 13:40:07,872 [om1@group-C5BA1605619E-FollowerState] INFO  server.RaftServerConfigKeys (ConfUtils.java:logGet(46)) - raft.server.leaderelection.pre-vote = true (default)
2023-02-21 13:40:07,872 [om1@group-C5BA1605619E-FollowerState] INFO  impl.RoleInfo (RoleInfo.java:updateAndGet(139)) - om1: start om1@group-C5BA1605619E-LeaderElection20
2023-02-21 13:40:07,887 [om1@group-C5BA1605619E-LeaderElection20] INFO  impl.LeaderElection (LeaderElection.java:askForVotes(312)) - om1@group-C5BA1605619E-LeaderElection20 PRE_VOTE round 0: submit vote requests at term 0 for -1: peers:[om1|rpc:localhost:9872|priority:0|startupRole:FOLLOWER]|listeners:[], old=null
2023-02-21 13:40:07,887 [om1@group-C5BA1605619E-LeaderElection20] INFO  impl.LeaderElection (LeaderElection.java:askForVotes(314)) - om1@group-C5BA1605619E-LeaderElection20 PRE_VOTE round 0: result PASSED (term=0)
2023-02-21 13:40:07,890 [om1@group-C5BA1605619E-LeaderElection20] INFO  impl.LeaderElection (LeaderElection.java:askForVotes(312)) - om1@group-C5BA1605619E-LeaderElection20 ELECTION round 0: submit vote requests at term 1 for -1: peers:[om1|rpc:localhost:9872|priority:0|startupRole:FOLLOWER]|listeners:[], old=null
2023-02-21 13:40:07,890 [om1@group-C5BA1605619E-LeaderElection20] INFO  impl.LeaderElection (LeaderElection.java:askForVotes(314)) - om1@group-C5BA1605619E-LeaderElection20 ELECTION round 0: result PASSED (term=1)
2023-02-21 13:40:07,890 [om1@group-C5BA1605619E-LeaderElection20] INFO  impl.RoleInfo (RoleInfo.java:shutdownLeaderElection(130)) - om1: shutdown om1@group-C5BA1605619E-LeaderElection20
2023-02-21 13:40:07,890 [om1@group-C5BA1605619E-LeaderElection20] INFO  server.RaftServer$Division (RaftServerImpl.java:setRole(321)) - om1@group-C5BA1605619E: changes role from CANDIDATE to LEADER at term 1 for changeToLeader
2023-02-21 13:40:07,890 [om1@group-C5BA1605619E-LeaderElection20] INFO  server.RaftServer$Division (ServerState.java:setLeader(313)) - om1@group-C5BA1605619E: change Leader from null to om1 at term 1 for becomeLeader, leader elected after 1529ms
2023-02-21 13:40:07,890 [om1@group-C5BA1605619E-LeaderElection20] INFO  server.RaftServerConfigKeys (ConfUtils.java:logGet(46)) - raft.server.staging.catchup.gap = 1000 (default)
2023-02-21 13:40:07,890 [om1@group-C5BA1605619E-LeaderElection20] INFO  server.RaftServerConfigKeys (ConfUtils.java:logGet(46)) - raft.server.write.element-limit = 4096 (default)
2023-02-21 13:40:07,891 [om1@group-C5BA1605619E-LeaderElection20] INFO  server.RaftServerConfigKeys (ConfUtils.java:logGet(46)) - raft.server.write.byte-limit = 64MB (=67108864) (default)
2023-02-21 13:40:07,891 [om1@group-C5BA1605619E-LeaderElection20] INFO  server.RaftServerConfigKeys (ConfUtils.java:logGet(46)) - raft.server.watch.timeout = 10s (default)
2023-02-21 13:40:07,891 [om1@group-C5BA1605619E-LeaderElection20] INFO  server.RaftServerConfigKeys (ConfUtils.java:logGet(46)) - raft.server.watch.timeout.denomination = 1s (default)
2023-02-21 13:40:07,891 [om1@group-C5BA1605619E-LeaderElection20] INFO  server.RaftServerConfigKeys (ConfUtils.java:logGet(46)) - raft.server.watch.element-limit = 65536 (default)
2023-02-21 13:40:07,891 [om1@group-C5BA1605619E-LeaderElection20] INFO  server.RaftServerConfigKeys (ConfUtils.java:logGet(46)) - raft.server.write.element-limit = 4096 (default)
2023-02-21 13:40:07,891 [om1@group-C5BA1605619E-LeaderElection20] INFO  server.RaftServerConfigKeys (ConfUtils.java:logGet(46)) - raft.server.write.follower.gap.ratio.max = -1.0 (default)
2023-02-21 13:40:07,891 [om1@group-C5BA1605619E-LeaderElection20] INFO  impl.RoleInfo (RoleInfo.java:updateAndGet(139)) - om1: start om1@group-C5BA1605619E-LeaderStateImpl
2023-02-21 13:40:07,892 [om1@group-C5BA1605619E-LeaderElection20] INFO  segmented.SegmentedRaftLogWorker (SegmentedRaftLogWorker.java:startLogSegment(452)) - om1@group-C5BA1605619E-SegmentedRaftLogWorker: Starting segment from index:0
2023-02-21 13:40:07,898 [om1@group-C5BA1605619E-LeaderElection20] INFO  server.RaftServer$Division (ServerState.java:setRaftConf(430)) - om1@group-C5BA1605619E: set configuration 0: peers:[om1|rpc:localhost:9872|admin:|client:|dataStream:|priority:0|startupRole:FOLLOWER]|listeners:[], old=null
2023-02-21 13:40:07,906 [om1@group-C5BA1605619E-SegmentedRaftLogWorker] INFO  segmented.SegmentedRaftLogWorker (SegmentedRaftLogWorker.java:execute(656)) - om1@group-C5BA1605619E-SegmentedRaftLogWorker: created new log segment /home/runner/work/ozone/ozone/hadoop-ozone/integration-test/target/test-dir/MiniOzoneClusterImpl-c6aa46b2-3083-4aae-be29-8199bb906922/ozone-meta/ratis/bf265839-605b-3f16-9796-c5ba1605619e/current/log_inprogress_0
2023-02-21 13:40:07,907 [om1@group-C5BA1605619E-StateMachineUpdater] INFO  ratis.OzoneManagerStateMachine (OzoneManagerStateMachine.java:notifyConfigurationChanged(192)) - Received Configuration change notification from Ratis. New Peer list:
[id: "om1"
address: "localhost:9872"
startupRole: FOLLOWER
]
2023-02-21 13:40:08,093 [Listener at 127.0.0.1/34503] INFO  handler.ContextHandler (ContextHandler.java:doStart(921)) - Started o.e.j.w.WebAppContext@591f36af{hddsDatanode,/,file:///tmp/jetty-0_0_0_0-37413-hdds-container-service-1_4_0-SNAPSHOT_jar-_-any-6710904482808752722/webapp/,AVAILABLE}{jar:file:/home/runner/.m2/repository/org/apache/ozone/hdds-container-service/1.4.0-SNAPSHOT/hdds-container-service-1.4.0-SNAPSHOT.jar!/webapps/hddsDatanode}
2023-02-21 13:40:08,095 [Listener at 127.0.0.1/34503] INFO  server.AbstractConnector (AbstractConnector.java:doStart(333)) - Started ServerConnector@8f66323{HTTP/1.1, (http/1.1)}{0.0.0.0:37413}
2023-02-21 13:40:08,095 [Listener at 127.0.0.1/34503] INFO  server.Server (Server.java:doStart(415)) - Started @156810ms
2023-02-21 13:40:08,095 [Listener at 127.0.0.1/34503] WARN  impl.MetricsSystemImpl (MetricsSystemImpl.java:register(279)) - Sink prometheus already exists!
2023-02-21 13:40:08,096 [Listener at 127.0.0.1/34503] INFO  http.BaseHttpServer (BaseHttpServer.java:updateConnectorAddress(333)) - HTTP server of hddsDatanode listening at http://0.0.0.0:37413
2023-02-21 13:40:08,098 [Listener at 127.0.0.1/34503] WARN  impl.MetricRegistriesImpl (MetricRegistriesImpl.java:addReporterRegistration(111)) - New reporters are added after registries were created. Some metrics will be missing from the reporter. Please add reporter before adding any new registry.
2023-02-21 13:40:08,099 [Listener at 127.0.0.1/34503] WARN  impl.MetricRegistriesImpl (MetricRegistriesImpl.java:addReporterRegistration(111)) - New reporters are added after registries were created. Some metrics will be missing from the reporter. Please add reporter before adding any new registry.
2023-02-21 13:40:08,099 [Listener at 127.0.0.1/34503] INFO  impl.MetricsSystemImpl (MetricsSystemImpl.java:init(158)) - HddsDatanode metrics system started (again)
2023-02-21 13:40:08,102 [Datanode State Machine Daemon Thread] INFO  statemachine.DatanodeStateMachine (DatanodeStateMachine.java:lambda$startDaemon$0(516)) - Ozone container server started.
2023-02-21 13:40:08,113 [Listener at 127.0.0.1/34503] INFO  ozone.HddsDatanodeService (HddsDatanodeService.java:start(228)) - HddsDatanodeService host:fv-az318-260.ewvrrcgabbbubjc05i3n4a3pph.dx.internal.cloudapp.net ip:10.1.0.81
2023-02-21 13:40:08,117 [org.apache.hadoop.util.JvmPauseMonitor$Monitor@458a11c6] INFO  util.JvmPauseMonitor (JvmPauseMonitor.java:run(188)) - Starting JVM pause monitor
2023-02-21 13:40:08,127 [Datanode State Machine Task Thread - 0] INFO  datanode.InitDatanodeState (InitDatanodeState.java:persistContainerDatanodeDetails(138)) - DatanodeDetails is persisted to /home/runner/work/ozone/ozone/hadoop-ozone/integration-test/target/test-dir/MiniOzoneClusterImpl-c6aa46b2-3083-4aae-be29-8199bb906922/datanode-2/meta/datanode.id
2023-02-21 13:40:08,141 [Listener at 127.0.0.1/34503] INFO  upgrade.AbstractLayoutVersionManager (AbstractLayoutVersionManager.java:init(83)) - Initializing Layout version manager with metadata layout = DATANODE_SCHEMA_V3 (version = 4), software layout = DATANODE_SCHEMA_V3 (version = 4)
2023-02-21 13:40:08,199 [Listener at 127.0.0.1/34503] INFO  reflections.Reflections (Reflections.java:scan(232)) - Reflections took 56 ms to scan 7 urls, producing 150 keys and 362 values 
2023-02-21 13:40:08,201 [Listener at 127.0.0.1/34503] INFO  statemachine.DatanodeStateMachine (DatanodeStateMachine.java:getEndPointTaskThreadPoolSize(260)) - Datanode State Machine Task Thread Pool size 2
2023-02-21 13:40:08,206 [Listener at 127.0.0.1/34503] INFO  volume.HddsVolume (HddsVolume.java:<init>(122)) - Creating HddsVolume: /home/runner/work/ozone/ozone/hadoop-ozone/integration-test/target/test-dir/MiniOzoneClusterImpl-c6aa46b2-3083-4aae-be29-8199bb906922/datanode-3/data-0/containers/hdds of storage type : DISK capacity : 9223372036854775807
2023-02-21 13:40:08,206 [Listener at 127.0.0.1/34503] INFO  volume.MutableVolumeSet (MutableVolumeSet.java:initializeVolumeSet(174)) - Added Volume : /home/runner/work/ozone/ozone/hadoop-ozone/integration-test/target/test-dir/MiniOzoneClusterImpl-c6aa46b2-3083-4aae-be29-8199bb906922/datanode-3/data-0/containers/hdds to VolumeSet
2023-02-21 13:40:08,206 [Listener at 127.0.0.1/34503] INFO  volume.ThrottledAsyncChecker (ThrottledAsyncChecker.java:schedule(141)) - Scheduling a check for /home/runner/work/ozone/ozone/hadoop-ozone/integration-test/target/test-dir/MiniOzoneClusterImpl-c6aa46b2-3083-4aae-be29-8199bb906922/datanode-3/data-0/containers/hdds
2023-02-21 13:40:08,207 [Listener at 127.0.0.1/34503] INFO  volume.StorageVolumeChecker (StorageVolumeChecker.java:checkAllVolumes(202)) - Scheduled health check for volume /home/runner/work/ozone/ozone/hadoop-ozone/integration-test/target/test-dir/MiniOzoneClusterImpl-c6aa46b2-3083-4aae-be29-8199bb906922/datanode-3/data-0/containers/hdds
2023-02-21 13:40:08,220 [Listener at 127.0.0.1/34503] INFO  volume.MutableVolumeSet (MutableVolumeSet.java:initializeVolumeSet(174)) - Added Volume : /home/runner/work/ozone/ozone/hadoop-ozone/integration-test/target/test-dir/MiniOzoneClusterImpl-c6aa46b2-3083-4aae-be29-8199bb906922/datanode-3/data/ratis to VolumeSet
2023-02-21 13:40:08,221 [Listener at 127.0.0.1/34503] INFO  volume.ThrottledAsyncChecker (ThrottledAsyncChecker.java:schedule(141)) - Scheduling a check for /home/runner/work/ozone/ozone/hadoop-ozone/integration-test/target/test-dir/MiniOzoneClusterImpl-c6aa46b2-3083-4aae-be29-8199bb906922/datanode-3/data/ratis
2023-02-21 13:40:08,221 [Listener at 127.0.0.1/34503] INFO  volume.StorageVolumeChecker (StorageVolumeChecker.java:checkAllVolumes(202)) - Scheduled health check for volume /home/runner/work/ozone/ozone/hadoop-ozone/integration-test/target/test-dir/MiniOzoneClusterImpl-c6aa46b2-3083-4aae-be29-8199bb906922/datanode-3/data/ratis
2023-02-21 13:40:08,232 [Thread-1026] INFO  ozoneimpl.ContainerReader (ContainerReader.java:readVolume(175)) - Finish verifying containers on volume /home/runner/work/ozone/ozone/hadoop-ozone/integration-test/target/test-dir/MiniOzoneClusterImpl-c6aa46b2-3083-4aae-be29-8199bb906922/datanode-3/data-0/containers/hdds
2023-02-21 13:40:08,232 [Listener at 127.0.0.1/34503] INFO  ozoneimpl.OzoneContainer (OzoneContainer.java:buildContainerSet(304)) - Build ContainerSet costs 0s
2023-02-21 13:40:08,235 [Listener at 127.0.0.1/34503] INFO  server.RaftServer (ConfUtils.java:logGet(46)) - raft.rpc.type = GRPC (default)
2023-02-21 13:40:08,235 [Listener at 127.0.0.1/34503] INFO  grpc.GrpcConfigKeys (ConfUtils.java:logFallback(53)) - raft.grpc.admin.host = null (fallback to raft.grpc.server.host)
2023-02-21 13:40:08,235 [Listener at 127.0.0.1/34503] INFO  grpc.GrpcConfigKeys (ConfUtils.java:logGet(46)) - raft.grpc.admin.port = 0 (custom)
2023-02-21 13:40:08,235 [Listener at 127.0.0.1/34503] INFO  grpc.GrpcConfigKeys (ConfUtils.java:logFallback(53)) - raft.grpc.client.host = null (fallback to raft.grpc.server.host)
2023-02-21 13:40:08,236 [Listener at 127.0.0.1/34503] INFO  grpc.GrpcConfigKeys (ConfUtils.java:logGet(46)) - raft.grpc.client.port = 0 (custom)
2023-02-21 13:40:08,236 [Listener at 127.0.0.1/34503] INFO  grpc.GrpcConfigKeys (ConfUtils.java:logGet(46)) - raft.grpc.server.host = null (default)
2023-02-21 13:40:08,236 [Listener at 127.0.0.1/34503] INFO  grpc.GrpcConfigKeys (ConfUtils.java:logGet(46)) - raft.grpc.server.port = 0 (default)
2023-02-21 13:40:08,236 [Listener at 127.0.0.1/34503] INFO  server.GrpcService (ConfUtils.java:logGet(46)) - raft.grpc.message.size.max = 32MB (=33554432) (custom)
2023-02-21 13:40:08,237 [Listener at 127.0.0.1/34503] INFO  server.RaftServerConfigKeys (ConfUtils.java:logGet(46)) - raft.server.log.appender.buffer.byte-limit = 33554432 (custom)
2023-02-21 13:40:08,237 [Listener at 127.0.0.1/34503] INFO  server.GrpcService (ConfUtils.java:logGet(46)) - raft.grpc.flow.control.window = 5MB (=5242880) (custom)
2023-02-21 13:40:08,237 [Listener at 127.0.0.1/34503] INFO  server.RaftServerConfigKeys (ConfUtils.java:logGet(46)) - raft.server.rpc.request.timeout = 60s (custom)
2023-02-21 13:40:08,237 [Listener at 127.0.0.1/34503] INFO  grpc.GrpcConfigKeys (ConfUtils.java:logGet(46)) - raft.grpc.server.heartbeat.channel = true (default)
2023-02-21 13:40:08,237 [Listener at 127.0.0.1/34503] INFO  grpc.GrpcConfigKeys (ConfUtils.java:logGet(46)) - raft.grpc.server.async.request.thread.pool.cached = true (default)
2023-02-21 13:40:08,237 [Listener at 127.0.0.1/34503] INFO  grpc.GrpcConfigKeys (ConfUtils.java:logGet(46)) - raft.grpc.server.async.request.thread.pool.size = 32 (default)
2023-02-21 13:40:08,238 [Listener at 127.0.0.1/34503] INFO  impl.DataStreamServerImpl (ConfUtils.java:logGet(46)) - raft.datastream.type = NETTY (custom)
2023-02-21 13:40:08,239 [Listener at 127.0.0.1/34503] INFO  server.RaftServerConfigKeys (ConfUtils.java:logGet(46)) - raft.server.data-stream.async.request.thread.pool.cached = false (default)
2023-02-21 13:40:08,239 [Listener at 127.0.0.1/34503] INFO  server.RaftServerConfigKeys (ConfUtils.java:logGet(46)) - raft.server.data-stream.async.request.thread.pool.size = 20 (custom)
2023-02-21 13:40:08,239 [Listener at 127.0.0.1/34503] INFO  server.RaftServerConfigKeys (ConfUtils.java:logGet(46)) - raft.server.data-stream.async.write.thread.pool.size = 16 (default)
2023-02-21 13:40:08,239 [Listener at 127.0.0.1/34503] INFO  server.RaftServerConfigKeys (ConfUtils.java:logGet(46)) - raft.server.data-stream.client.pool.size = 10 (default)
2023-02-21 13:40:08,240 [Listener at 127.0.0.1/34503] INFO  netty.NettyConfigKeys$DataStream (ConfUtils.java:logGet(46)) - raft.netty.dataStream.server.use-epoll = false (default)
2023-02-21 13:40:08,240 [Listener at 127.0.0.1/34503] INFO  netty.NettyConfigKeys$DataStream (ConfUtils.java:logGet(46)) - raft.netty.dataStream.server.boss-group.size = 0 (default)
2023-02-21 13:40:08,240 [Listener at 127.0.0.1/34503] INFO  netty.NettyConfigKeys$DataStream (ConfUtils.java:logGet(46)) - raft.netty.dataStream.server.worker-group.size = 0 (default)
2023-02-21 13:40:08,241 [Listener at 127.0.0.1/34503] INFO  netty.NettyConfigKeys$DataStream (ConfUtils.java:logGet(46)) - raft.netty.dataStream.server.tls.conf = null (default)
2023-02-21 13:40:08,241 [Listener at 127.0.0.1/34503] INFO  netty.NettyConfigKeys$DataStream (ConfUtils.java:logGet(46)) - raft.netty.dataStream.host = null (default)
2023-02-21 13:40:08,241 [Listener at 127.0.0.1/34503] INFO  netty.NettyConfigKeys$DataStream (ConfUtils.java:logGet(46)) - raft.netty.dataStream.port = 0 (default)
2023-02-21 13:40:08,241 [Listener at 127.0.0.1/34503] INFO  server.RaftServerConfigKeys (ConfUtils.java:logGet(46)) - raft.server.threadpool.proxy.cached = true (default)
2023-02-21 13:40:08,242 [Listener at 127.0.0.1/34503] INFO  server.RaftServerConfigKeys (ConfUtils.java:logGet(46)) - raft.server.threadpool.proxy.size = 0 (default)
2023-02-21 13:40:08,242 [0f4d0b38-f1c8-489e-92ab-b78f82fc2ecb-NettyServerStreamRpc-bossGroup--thread1] INFO  logging.LoggingHandler (AbstractInternalLogger.java:log(148)) - [id: 0xc696d52c] REGISTERED
2023-02-21 13:40:08,242 [0f4d0b38-f1c8-489e-92ab-b78f82fc2ecb-NettyServerStreamRpc-bossGroup--thread1] INFO  logging.LoggingHandler (AbstractInternalLogger.java:log(148)) - [id: 0xc696d52c] BIND: 0.0.0.0/0.0.0.0:0
2023-02-21 13:40:08,242 [Listener at 127.0.0.1/34503] INFO  server.RaftServerConfigKeys (ConfUtils.java:logGet(46)) - raft.server.rpc.slowness.timeout = 300s (custom)
2023-02-21 13:40:08,242 [0f4d0b38-f1c8-489e-92ab-b78f82fc2ecb-NettyServerStreamRpc-bossGroup--thread1] INFO  logging.LoggingHandler (AbstractInternalLogger.java:log(148)) - [id: 0xc696d52c, L:/0:0:0:0:0:0:0:0:46565] ACTIVE
2023-02-21 13:40:08,242 [Listener at 127.0.0.1/34503] INFO  server.RaftServerConfigKeys (ConfUtils.java:logGet(46)) - raft.server.leaderelection.leader.step-down.wait-time = 10s (default)
2023-02-21 13:40:08,243 [Listener at 127.0.0.1/34503] INFO  server.RaftServerConfigKeys (ConfUtils.java:logGet(46)) - raft.server.storage.dir = [/home/runner/work/ozone/ozone/hadoop-ozone/integration-test/target/test-dir/MiniOzoneClusterImpl-c6aa46b2-3083-4aae-be29-8199bb906922/datanode-3/data/ratis] (custom)
2023-02-21 13:40:08,244 [Listener at 127.0.0.1/34503] INFO  server.XceiverServerGrpc (XceiverServerGrpc.java:<init>(132)) - GrpcServer channel type EpollServerSocketChannel
2023-02-21 13:40:08,247 [Listener at 127.0.0.1/34503] INFO  http.BaseHttpServer (BaseHttpServer.java:newHttpServer2BuilderForOzone(213)) - Starting Web-server for hddsDatanode at: http://0.0.0.0:0
2023-02-21 13:40:08,247 [Listener at 127.0.0.1/34503] INFO  http.BaseHttpServer (BaseHttpServer.java:<init>(108)) - Hadoop Security Enabled: false Ozone Security Enabled: false Ozone HTTP Security Enabled: false 
2023-02-21 13:40:08,251 [Listener at 127.0.0.1/34503] WARN  server.AuthenticationFilter (AuthenticationFilter.java:constructSecretProvider(240)) - Unable to initialize FileSignerSecretProvider, falling back to use random secrets. Reason: Could not read signature secret file: /home/runner/hadoop-http-auth-signature-secret
2023-02-21 13:40:08,252 [Listener at 127.0.0.1/34503] WARN  http.HttpRequestLog (HttpRequestLog.java:getRequestLog(103)) - Jetty request log can only be enabled using Log4j
2023-02-21 13:40:08,255 [Listener at 127.0.0.1/34503] INFO  http.HttpServer2 (HttpServer2.java:addGlobalFilter(1031)) - Added global filter 'safety' (class=org.apache.hadoop.hdds.server.http.HttpServer2$QuotingInputFilter)
2023-02-21 13:40:08,255 [Listener at 127.0.0.1/34503] INFO  http.HttpServer2 (HttpServer2.java:addFilter(1007)) - Added filter static_user_filter (class=org.apache.hadoop.http.lib.StaticUserWebFilter$StaticUserFilter) to context hddsDatanode
2023-02-21 13:40:08,255 [Listener at 127.0.0.1/34503] INFO  http.HttpServer2 (HttpServer2.java:addFilter(1015)) - Added filter static_user_filter (class=org.apache.hadoop.http.lib.StaticUserWebFilter$StaticUserFilter) to context logs
2023-02-21 13:40:08,255 [Listener at 127.0.0.1/34503] INFO  http.HttpServer2 (HttpServer2.java:addFilter(1015)) - Added filter static_user_filter (class=org.apache.hadoop.http.lib.StaticUserWebFilter$StaticUserFilter) to context static
2023-02-21 13:40:08,257 [Listener at 127.0.0.1/34503] INFO  http.HttpServer2 (HttpServer2.java:bindListener(1250)) - Jetty bound to port 43957
2023-02-21 13:40:08,257 [Listener at 127.0.0.1/34503] INFO  server.Server (Server.java:doStart(375)) - jetty-9.4.49.v20220914; built: 2022-09-14T01:07:36.601Z; git: 4231a3b2e4cb8548a412a789936d640a97b1aa0a; jvm 1.8.0_362-b09
2023-02-21 13:40:08,260 [Listener at 127.0.0.1/34503] INFO  server.session (DefaultSessionIdManager.java:doStart(334)) - DefaultSessionIdManager workerName=node0
2023-02-21 13:40:08,260 [Listener at 127.0.0.1/34503] INFO  server.session (DefaultSessionIdManager.java:doStart(339)) - No SessionScavenger set, using defaults
2023-02-21 13:40:08,262 [Listener at 127.0.0.1/34503] INFO  server.session (HouseKeeper.java:startScavenging(132)) - node0 Scavenging every 660000ms
2023-02-21 13:40:08,263 [Listener at 127.0.0.1/34503] INFO  handler.ContextHandler (ContextHandler.java:doStart(921)) - Started o.e.j.s.ServletContextHandler@5c3f7697{logs,/logs,file:///home/runner/work/ozone/ozone/hadoop-ozone/integration-test/target/log,AVAILABLE}
2023-02-21 13:40:08,263 [Listener at 127.0.0.1/34503] INFO  handler.ContextHandler (ContextHandler.java:doStart(921)) - Started o.e.j.s.ServletContextHandler@52092fc0{static,/static,jar:file:/home/runner/.m2/repository/org/apache/ozone/hdds-container-service/1.4.0-SNAPSHOT/hdds-container-service-1.4.0-SNAPSHOT.jar!/webapps/static,AVAILABLE}
2023-02-21 13:40:08,478 [Listener at 127.0.0.1/34503] INFO  handler.ContextHandler (ContextHandler.java:doStart(921)) - Started o.e.j.w.WebAppContext@136dc72d{hddsDatanode,/,file:///tmp/jetty-0_0_0_0-43957-hdds-container-service-1_4_0-SNAPSHOT_jar-_-any-4671551722100587234/webapp/,AVAILABLE}{jar:file:/home/runner/.m2/repository/org/apache/ozone/hdds-container-service/1.4.0-SNAPSHOT/hdds-container-service-1.4.0-SNAPSHOT.jar!/webapps/hddsDatanode}
2023-02-21 13:40:08,481 [Listener at 127.0.0.1/34503] INFO  server.AbstractConnector (AbstractConnector.java:doStart(333)) - Started ServerConnector@5577c1ea{HTTP/1.1, (http/1.1)}{0.0.0.0:43957}
2023-02-21 13:40:08,481 [Listener at 127.0.0.1/34503] INFO  server.Server (Server.java:doStart(415)) - Started @157196ms
2023-02-21 13:40:08,481 [Listener at 127.0.0.1/34503] WARN  impl.MetricsSystemImpl (MetricsSystemImpl.java:register(279)) - Sink prometheus already exists!
2023-02-21 13:40:08,482 [Listener at 127.0.0.1/34503] INFO  http.BaseHttpServer (BaseHttpServer.java:updateConnectorAddress(333)) - HTTP server of hddsDatanode listening at http://0.0.0.0:43957
2023-02-21 13:40:08,483 [Datanode State Machine Daemon Thread] INFO  statemachine.DatanodeStateMachine (DatanodeStateMachine.java:lambda$startDaemon$0(516)) - Ozone container server started.
2023-02-21 13:40:08,483 [Listener at 127.0.0.1/34503] WARN  impl.MetricRegistriesImpl (MetricRegistriesImpl.java:addReporterRegistration(111)) - New reporters are added after registries were created. Some metrics will be missing from the reporter. Please add reporter before adding any new registry.
2023-02-21 13:40:08,484 [Listener at 127.0.0.1/34503] WARN  impl.MetricRegistriesImpl (MetricRegistriesImpl.java:addReporterRegistration(111)) - New reporters are added after registries were created. Some metrics will be missing from the reporter. Please add reporter before adding any new registry.
2023-02-21 13:40:08,484 [Listener at 127.0.0.1/34503] INFO  impl.MetricsSystemImpl (MetricsSystemImpl.java:init(158)) - HddsDatanode metrics system started (again)
2023-02-21 13:40:08,494 [org.apache.hadoop.util.JvmPauseMonitor$Monitor@6be6be07] INFO  util.JvmPauseMonitor (JvmPauseMonitor.java:run(188)) - Starting JVM pause monitor
2023-02-21 13:40:08,499 [Datanode State Machine Task Thread - 0] INFO  datanode.InitDatanodeState (InitDatanodeState.java:persistContainerDatanodeDetails(138)) - DatanodeDetails is persisted to /home/runner/work/ozone/ozone/hadoop-ozone/integration-test/target/test-dir/MiniOzoneClusterImpl-c6aa46b2-3083-4aae-be29-8199bb906922/datanode-3/meta/datanode.id
2023-02-21 13:40:08,500 [Listener at 127.0.0.1/34503] INFO  ozone.HddsDatanodeService (HddsDatanodeService.java:start(228)) - HddsDatanodeService host:fv-az318-260.ewvrrcgabbbubjc05i3n4a3pph.dx.internal.cloudapp.net ip:10.1.0.81
2023-02-21 13:40:08,525 [Listener at 127.0.0.1/34503] INFO  upgrade.AbstractLayoutVersionManager (AbstractLayoutVersionManager.java:init(83)) - Initializing Layout version manager with metadata layout = DATANODE_SCHEMA_V3 (version = 4), software layout = DATANODE_SCHEMA_V3 (version = 4)
2023-02-21 13:40:08,574 [Listener at 127.0.0.1/34503] INFO  reflections.Reflections (Reflections.java:scan(232)) - Reflections took 48 ms to scan 7 urls, producing 150 keys and 362 values 
2023-02-21 13:40:08,575 [Listener at 127.0.0.1/34503] INFO  statemachine.DatanodeStateMachine (DatanodeStateMachine.java:getEndPointTaskThreadPoolSize(260)) - Datanode State Machine Task Thread Pool size 2
2023-02-21 13:40:08,580 [Listener at 127.0.0.1/34503] INFO  volume.HddsVolume (HddsVolume.java:<init>(122)) - Creating HddsVolume: /home/runner/work/ozone/ozone/hadoop-ozone/integration-test/target/test-dir/MiniOzoneClusterImpl-c6aa46b2-3083-4aae-be29-8199bb906922/datanode-4/data-0/containers/hdds of storage type : DISK capacity : 9223372036854775807
2023-02-21 13:40:08,580 [Listener at 127.0.0.1/34503] INFO  volume.MutableVolumeSet (MutableVolumeSet.java:initializeVolumeSet(174)) - Added Volume : /home/runner/work/ozone/ozone/hadoop-ozone/integration-test/target/test-dir/MiniOzoneClusterImpl-c6aa46b2-3083-4aae-be29-8199bb906922/datanode-4/data-0/containers/hdds to VolumeSet
2023-02-21 13:40:08,580 [Listener at 127.0.0.1/34503] INFO  volume.ThrottledAsyncChecker (ThrottledAsyncChecker.java:schedule(141)) - Scheduling a check for /home/runner/work/ozone/ozone/hadoop-ozone/integration-test/target/test-dir/MiniOzoneClusterImpl-c6aa46b2-3083-4aae-be29-8199bb906922/datanode-4/data-0/containers/hdds
2023-02-21 13:40:08,581 [Listener at 127.0.0.1/34503] INFO  volume.StorageVolumeChecker (StorageVolumeChecker.java:checkAllVolumes(202)) - Scheduled health check for volume /home/runner/work/ozone/ozone/hadoop-ozone/integration-test/target/test-dir/MiniOzoneClusterImpl-c6aa46b2-3083-4aae-be29-8199bb906922/datanode-4/data-0/containers/hdds
2023-02-21 13:40:08,593 [Listener at 127.0.0.1/34503] INFO  volume.MutableVolumeSet (MutableVolumeSet.java:initializeVolumeSet(174)) - Added Volume : /home/runner/work/ozone/ozone/hadoop-ozone/integration-test/target/test-dir/MiniOzoneClusterImpl-c6aa46b2-3083-4aae-be29-8199bb906922/datanode-4/data/ratis to VolumeSet
2023-02-21 13:40:08,594 [Listener at 127.0.0.1/34503] INFO  volume.ThrottledAsyncChecker (ThrottledAsyncChecker.java:schedule(141)) - Scheduling a check for /home/runner/work/ozone/ozone/hadoop-ozone/integration-test/target/test-dir/MiniOzoneClusterImpl-c6aa46b2-3083-4aae-be29-8199bb906922/datanode-4/data/ratis
2023-02-21 13:40:08,594 [Listener at 127.0.0.1/34503] INFO  volume.StorageVolumeChecker (StorageVolumeChecker.java:checkAllVolumes(202)) - Scheduled health check for volume /home/runner/work/ozone/ozone/hadoop-ozone/integration-test/target/test-dir/MiniOzoneClusterImpl-c6aa46b2-3083-4aae-be29-8199bb906922/datanode-4/data/ratis
2023-02-21 13:40:08,605 [Thread-1040] INFO  ozoneimpl.ContainerReader (ContainerReader.java:readVolume(175)) - Finish verifying containers on volume /home/runner/work/ozone/ozone/hadoop-ozone/integration-test/target/test-dir/MiniOzoneClusterImpl-c6aa46b2-3083-4aae-be29-8199bb906922/datanode-4/data-0/containers/hdds
2023-02-21 13:40:08,605 [Listener at 127.0.0.1/34503] INFO  ozoneimpl.OzoneContainer (OzoneContainer.java:buildContainerSet(304)) - Build ContainerSet costs 0s
2023-02-21 13:40:08,607 [Listener at 127.0.0.1/34503] INFO  server.RaftServer (ConfUtils.java:logGet(46)) - raft.rpc.type = GRPC (default)
2023-02-21 13:40:08,607 [Listener at 127.0.0.1/34503] INFO  grpc.GrpcConfigKeys (ConfUtils.java:logFallback(53)) - raft.grpc.admin.host = null (fallback to raft.grpc.server.host)
2023-02-21 13:40:08,609 [Listener at 127.0.0.1/34503] INFO  grpc.GrpcConfigKeys (ConfUtils.java:logGet(46)) - raft.grpc.admin.port = 0 (custom)
2023-02-21 13:40:08,609 [Listener at 127.0.0.1/34503] INFO  grpc.GrpcConfigKeys (ConfUtils.java:logFallback(53)) - raft.grpc.client.host = null (fallback to raft.grpc.server.host)
2023-02-21 13:40:08,609 [Listener at 127.0.0.1/34503] INFO  grpc.GrpcConfigKeys (ConfUtils.java:logGet(46)) - raft.grpc.client.port = 0 (custom)
2023-02-21 13:40:08,609 [Listener at 127.0.0.1/34503] INFO  grpc.GrpcConfigKeys (ConfUtils.java:logGet(46)) - raft.grpc.server.host = null (default)
2023-02-21 13:40:08,609 [Listener at 127.0.0.1/34503] INFO  grpc.GrpcConfigKeys (ConfUtils.java:logGet(46)) - raft.grpc.server.port = 0 (default)
2023-02-21 13:40:08,610 [Listener at 127.0.0.1/34503] INFO  server.GrpcService (ConfUtils.java:logGet(46)) - raft.grpc.message.size.max = 32MB (=33554432) (custom)
2023-02-21 13:40:08,610 [Listener at 127.0.0.1/34503] INFO  server.RaftServerConfigKeys (ConfUtils.java:logGet(46)) - raft.server.log.appender.buffer.byte-limit = 33554432 (custom)
2023-02-21 13:40:08,610 [Listener at 127.0.0.1/34503] INFO  server.GrpcService (ConfUtils.java:logGet(46)) - raft.grpc.flow.control.window = 5MB (=5242880) (custom)
2023-02-21 13:40:08,610 [Listener at 127.0.0.1/34503] INFO  server.RaftServerConfigKeys (ConfUtils.java:logGet(46)) - raft.server.rpc.request.timeout = 60s (custom)
2023-02-21 13:40:08,610 [Listener at 127.0.0.1/34503] INFO  grpc.GrpcConfigKeys (ConfUtils.java:logGet(46)) - raft.grpc.server.heartbeat.channel = true (default)
2023-02-21 13:40:08,610 [Listener at 127.0.0.1/34503] INFO  grpc.GrpcConfigKeys (ConfUtils.java:logGet(46)) - raft.grpc.server.async.request.thread.pool.cached = true (default)
2023-02-21 13:40:08,610 [Listener at 127.0.0.1/34503] INFO  grpc.GrpcConfigKeys (ConfUtils.java:logGet(46)) - raft.grpc.server.async.request.thread.pool.size = 32 (default)
2023-02-21 13:40:08,613 [Listener at 127.0.0.1/34503] INFO  impl.DataStreamServerImpl (ConfUtils.java:logGet(46)) - raft.datastream.type = NETTY (custom)
2023-02-21 13:40:08,613 [Listener at 127.0.0.1/34503] INFO  server.RaftServerConfigKeys (ConfUtils.java:logGet(46)) - raft.server.data-stream.async.request.thread.pool.cached = false (default)
2023-02-21 13:40:08,613 [Listener at 127.0.0.1/34503] INFO  server.RaftServerConfigKeys (ConfUtils.java:logGet(46)) - raft.server.data-stream.async.request.thread.pool.size = 20 (custom)
2023-02-21 13:40:08,614 [Listener at 127.0.0.1/34503] INFO  server.RaftServerConfigKeys (ConfUtils.java:logGet(46)) - raft.server.data-stream.async.write.thread.pool.size = 16 (default)
2023-02-21 13:40:08,614 [Listener at 127.0.0.1/34503] INFO  server.RaftServerConfigKeys (ConfUtils.java:logGet(46)) - raft.server.data-stream.client.pool.size = 10 (default)
2023-02-21 13:40:08,614 [Listener at 127.0.0.1/34503] INFO  netty.NettyConfigKeys$DataStream (ConfUtils.java:logGet(46)) - raft.netty.dataStream.server.use-epoll = false (default)
2023-02-21 13:40:08,614 [Listener at 127.0.0.1/34503] INFO  netty.NettyConfigKeys$DataStream (ConfUtils.java:logGet(46)) - raft.netty.dataStream.server.boss-group.size = 0 (default)
2023-02-21 13:40:08,614 [Listener at 127.0.0.1/34503] INFO  netty.NettyConfigKeys$DataStream (ConfUtils.java:logGet(46)) - raft.netty.dataStream.server.worker-group.size = 0 (default)
2023-02-21 13:40:08,615 [Listener at 127.0.0.1/34503] INFO  netty.NettyConfigKeys$DataStream (ConfUtils.java:logGet(46)) - raft.netty.dataStream.server.tls.conf = null (default)
2023-02-21 13:40:08,615 [Listener at 127.0.0.1/34503] INFO  netty.NettyConfigKeys$DataStream (ConfUtils.java:logGet(46)) - raft.netty.dataStream.host = null (default)
2023-02-21 13:40:08,615 [Listener at 127.0.0.1/34503] INFO  netty.NettyConfigKeys$DataStream (ConfUtils.java:logGet(46)) - raft.netty.dataStream.port = 0 (default)
2023-02-21 13:40:08,616 [Listener at 127.0.0.1/34503] INFO  server.RaftServerConfigKeys (ConfUtils.java:logGet(46)) - raft.server.threadpool.proxy.cached = true (default)
2023-02-21 13:40:08,616 [Listener at 127.0.0.1/34503] INFO  server.RaftServerConfigKeys (ConfUtils.java:logGet(46)) - raft.server.threadpool.proxy.size = 0 (default)
2023-02-21 13:40:08,616 [Listener at 127.0.0.1/34503] INFO  server.RaftServerConfigKeys (ConfUtils.java:logGet(46)) - raft.server.rpc.slowness.timeout = 300s (custom)
2023-02-21 13:40:08,617 [Listener at 127.0.0.1/34503] INFO  server.RaftServerConfigKeys (ConfUtils.java:logGet(46)) - raft.server.leaderelection.leader.step-down.wait-time = 10s (default)
2023-02-21 13:40:08,617 [Listener at 127.0.0.1/34503] INFO  server.RaftServerConfigKeys (ConfUtils.java:logGet(46)) - raft.server.storage.dir = [/home/runner/work/ozone/ozone/hadoop-ozone/integration-test/target/test-dir/MiniOzoneClusterImpl-c6aa46b2-3083-4aae-be29-8199bb906922/datanode-4/data/ratis] (custom)
2023-02-21 13:40:08,618 [17d7dac2-7ff4-442d-8cd9-ba857e0cf65e-NettyServerStreamRpc-bossGroup--thread1] INFO  logging.LoggingHandler (AbstractInternalLogger.java:log(148)) - [id: 0x339e342c] REGISTERED
2023-02-21 13:40:08,618 [17d7dac2-7ff4-442d-8cd9-ba857e0cf65e-NettyServerStreamRpc-bossGroup--thread1] INFO  logging.LoggingHandler (AbstractInternalLogger.java:log(148)) - [id: 0x339e342c] BIND: 0.0.0.0/0.0.0.0:0
2023-02-21 13:40:08,618 [17d7dac2-7ff4-442d-8cd9-ba857e0cf65e-NettyServerStreamRpc-bossGroup--thread1] INFO  logging.LoggingHandler (AbstractInternalLogger.java:log(148)) - [id: 0x339e342c, L:/0:0:0:0:0:0:0:0:41479] ACTIVE
2023-02-21 13:40:08,619 [Listener at 127.0.0.1/34503] INFO  server.XceiverServerGrpc (XceiverServerGrpc.java:<init>(132)) - GrpcServer channel type EpollServerSocketChannel
2023-02-21 13:40:08,622 [Listener at 127.0.0.1/34503] INFO  http.BaseHttpServer (BaseHttpServer.java:newHttpServer2BuilderForOzone(213)) - Starting Web-server for hddsDatanode at: http://0.0.0.0:0
2023-02-21 13:40:08,622 [Listener at 127.0.0.1/34503] INFO  http.BaseHttpServer (BaseHttpServer.java:<init>(108)) - Hadoop Security Enabled: false Ozone Security Enabled: false Ozone HTTP Security Enabled: false 
2023-02-21 13:40:08,623 [Listener at 127.0.0.1/34503] WARN  server.AuthenticationFilter (AuthenticationFilter.java:constructSecretProvider(240)) - Unable to initialize FileSignerSecretProvider, falling back to use random secrets. Reason: Could not read signature secret file: /home/runner/hadoop-http-auth-signature-secret
2023-02-21 13:40:08,625 [Listener at 127.0.0.1/34503] WARN  http.HttpRequestLog (HttpRequestLog.java:getRequestLog(103)) - Jetty request log can only be enabled using Log4j
2023-02-21 13:40:08,626 [Listener at 127.0.0.1/34503] INFO  http.HttpServer2 (HttpServer2.java:addGlobalFilter(1031)) - Added global filter 'safety' (class=org.apache.hadoop.hdds.server.http.HttpServer2$QuotingInputFilter)
2023-02-21 13:40:08,626 [Listener at 127.0.0.1/34503] INFO  http.HttpServer2 (HttpServer2.java:addFilter(1007)) - Added filter static_user_filter (class=org.apache.hadoop.http.lib.StaticUserWebFilter$StaticUserFilter) to context hddsDatanode
2023-02-21 13:40:08,627 [Listener at 127.0.0.1/34503] INFO  http.HttpServer2 (HttpServer2.java:addFilter(1015)) - Added filter static_user_filter (class=org.apache.hadoop.http.lib.StaticUserWebFilter$StaticUserFilter) to context static
2023-02-21 13:40:08,627 [Listener at 127.0.0.1/34503] INFO  http.HttpServer2 (HttpServer2.java:addFilter(1015)) - Added filter static_user_filter (class=org.apache.hadoop.http.lib.StaticUserWebFilter$StaticUserFilter) to context logs
2023-02-21 13:40:08,628 [Listener at 127.0.0.1/34503] INFO  http.HttpServer2 (HttpServer2.java:bindListener(1250)) - Jetty bound to port 45845
2023-02-21 13:40:08,628 [Listener at 127.0.0.1/34503] INFO  server.Server (Server.java:doStart(375)) - jetty-9.4.49.v20220914; built: 2022-09-14T01:07:36.601Z; git: 4231a3b2e4cb8548a412a789936d640a97b1aa0a; jvm 1.8.0_362-b09
2023-02-21 13:40:08,630 [Listener at 127.0.0.1/34503] INFO  server.session (DefaultSessionIdManager.java:doStart(334)) - DefaultSessionIdManager workerName=node0
2023-02-21 13:40:08,630 [Listener at 127.0.0.1/34503] INFO  server.session (DefaultSessionIdManager.java:doStart(339)) - No SessionScavenger set, using defaults
2023-02-21 13:40:08,630 [Listener at 127.0.0.1/34503] INFO  server.session (HouseKeeper.java:startScavenging(132)) - node0 Scavenging every 660000ms
2023-02-21 13:40:08,631 [Listener at 127.0.0.1/34503] INFO  handler.ContextHandler (ContextHandler.java:doStart(921)) - Started o.e.j.s.ServletContextHandler@f8c1343{logs,/logs,file:///home/runner/work/ozone/ozone/hadoop-ozone/integration-test/target/log,AVAILABLE}
2023-02-21 13:40:08,631 [Listener at 127.0.0.1/34503] INFO  handler.ContextHandler (ContextHandler.java:doStart(921)) - Started o.e.j.s.ServletContextHandler@1fc009cd{static,/static,jar:file:/home/runner/.m2/repository/org/apache/ozone/hdds-container-service/1.4.0-SNAPSHOT/hdds-container-service-1.4.0-SNAPSHOT.jar!/webapps/static,AVAILABLE}
2023-02-21 13:40:08,919 [Listener at 127.0.0.1/34503] INFO  handler.ContextHandler (ContextHandler.java:doStart(921)) - Started o.e.j.w.WebAppContext@54679e5a{hddsDatanode,/,file:///tmp/jetty-0_0_0_0-45845-hdds-container-service-1_4_0-SNAPSHOT_jar-_-any-9108266614812442062/webapp/,AVAILABLE}{jar:file:/home/runner/.m2/repository/org/apache/ozone/hdds-container-service/1.4.0-SNAPSHOT/hdds-container-service-1.4.0-SNAPSHOT.jar!/webapps/hddsDatanode}
2023-02-21 13:40:08,921 [Listener at 127.0.0.1/34503] INFO  server.AbstractConnector (AbstractConnector.java:doStart(333)) - Started ServerConnector@61762b96{HTTP/1.1, (http/1.1)}{0.0.0.0:45845}
2023-02-21 13:40:08,921 [Listener at 127.0.0.1/34503] INFO  server.Server (Server.java:doStart(415)) - Started @157635ms
2023-02-21 13:40:08,921 [Listener at 127.0.0.1/34503] WARN  impl.MetricsSystemImpl (MetricsSystemImpl.java:register(279)) - Sink prometheus already exists!
2023-02-21 13:40:08,922 [Listener at 127.0.0.1/34503] INFO  http.BaseHttpServer (BaseHttpServer.java:updateConnectorAddress(333)) - HTTP server of hddsDatanode listening at http://0.0.0.0:45845
2023-02-21 13:40:08,926 [Listener at 127.0.0.1/34503] INFO  ozone.MiniOzoneClusterImpl (MiniOzoneClusterImpl.java:lambda$waitForClusterToBeReady$0(218)) - Waiting for nodes to be ready. Got 0 of 5 DN Heartbeats.
2023-02-21 13:40:08,927 [Listener at 127.0.0.1/34503] INFO  ozone.MiniOzoneClusterImpl (MiniOzoneClusterImpl.java:lambda$waitForClusterToBeReady$0(221)) - Waiting for cluster to exit safe mode
2023-02-21 13:40:08,927 [Listener at 127.0.0.1/34503] INFO  ozone.MiniOzoneClusterImpl (MiniOzoneClusterImpl.java:lambda$waitForClusterToBeReady$0(223)) - SCM became leader
2023-02-21 13:40:08,927 [Datanode State Machine Daemon Thread] INFO  statemachine.DatanodeStateMachine (DatanodeStateMachine.java:lambda$startDaemon$0(516)) - Ozone container server started.
2023-02-21 13:40:08,931 [org.apache.hadoop.util.JvmPauseMonitor$Monitor@63735ab2] INFO  util.JvmPauseMonitor (JvmPauseMonitor.java:run(188)) - Starting JVM pause monitor
2023-02-21 13:40:08,934 [Datanode State Machine Task Thread - 0] INFO  datanode.InitDatanodeState (InitDatanodeState.java:persistContainerDatanodeDetails(138)) - DatanodeDetails is persisted to /home/runner/work/ozone/ozone/hadoop-ozone/integration-test/target/test-dir/MiniOzoneClusterImpl-c6aa46b2-3083-4aae-be29-8199bb906922/datanode-4/meta/datanode.id
2023-02-21 13:40:09,354 [EndpointStateMachine task thread for /0.0.0.0:45949 - 0 ] INFO  utils.DatanodeStoreCache (DatanodeStoreCache.java:addDB(58)) - Added db /home/runner/work/ozone/ozone/hadoop-ozone/integration-test/target/test-dir/MiniOzoneClusterImpl-c6aa46b2-3083-4aae-be29-8199bb906922/datanode-0/data-0/containers/hdds/c6aa46b2-3083-4aae-be29-8199bb906922/DS-c8015129-4a21-4134-bea1-ba726e6cee6a/container.db to cache
2023-02-21 13:40:09,354 [EndpointStateMachine task thread for /0.0.0.0:45949 - 0 ] INFO  volume.HddsVolume (HddsVolume.java:createDbStore(331)) - SchemaV3 db is created and loaded at /home/runner/work/ozone/ozone/hadoop-ozone/integration-test/target/test-dir/MiniOzoneClusterImpl-c6aa46b2-3083-4aae-be29-8199bb906922/datanode-0/data-0/containers/hdds/c6aa46b2-3083-4aae-be29-8199bb906922/DS-c8015129-4a21-4134-bea1-ba726e6cee6a/container.db for volume DS-c8015129-4a21-4134-bea1-ba726e6cee6a
2023-02-21 13:40:09,354 [EndpointStateMachine task thread for /0.0.0.0:45949 - 0 ] INFO  ozoneimpl.OzoneContainer (OzoneContainer.java:start(398)) - Attempting to start container services.
2023-02-21 13:40:09,354 [EndpointStateMachine task thread for /0.0.0.0:45949 - 0 ] INFO  ozoneimpl.OzoneContainer (OzoneContainer.java:startContainerScrub(315)) - Scheduled background container scanners and the on-demand container scanner have been disabled.
2023-02-21 13:40:09,358 [EndpointStateMachine task thread for /0.0.0.0:45949 - 0 ] INFO  replication.ReplicationServer (ReplicationServer.java:start(109)) - ReplicationServer is started using port 41901
2023-02-21 13:40:09,359 [EndpointStateMachine task thread for /0.0.0.0:45949 - 0 ] INFO  ratis.XceiverServerRatis (XceiverServerRatis.java:start(518)) - Starting XceiverServerRatis 114eb3b6-0965-4949-a11e-bb51ff0d0ac6
2023-02-21 13:40:09,362 [EndpointStateMachine task thread for /0.0.0.0:45949 - 0 ] INFO  server.RaftServer (RaftServerProxy.java:startImpl(393)) - 114eb3b6-0965-4949-a11e-bb51ff0d0ac6: start RPC server
2023-02-21 13:40:09,364 [EndpointStateMachine task thread for /0.0.0.0:45949 - 0 ] INFO  server.GrpcService (GrpcService.java:startImpl(262)) - 114eb3b6-0965-4949-a11e-bb51ff0d0ac6: GrpcService started, listening on 36273
2023-02-21 13:40:09,364 [EndpointStateMachine task thread for /0.0.0.0:45949 - 0 ] INFO  ratis.XceiverServerRatis (XceiverServerRatis.java:getRealPort(544)) - XceiverServerRatis 114eb3b6-0965-4949-a11e-bb51ff0d0ac6 is started using port 36273 for RATIS
2023-02-21 13:40:09,364 [JvmPauseMonitor12] INFO  util.JvmPauseMonitor (JvmPauseMonitor.java:run(105)) - JvmPauseMonitor-114eb3b6-0965-4949-a11e-bb51ff0d0ac6: Started
2023-02-21 13:40:09,364 [EndpointStateMachine task thread for /0.0.0.0:45949 - 0 ] INFO  ratis.XceiverServerRatis (XceiverServerRatis.java:getRealPort(544)) - XceiverServerRatis 114eb3b6-0965-4949-a11e-bb51ff0d0ac6 is started using port 36273 for RATIS_ADMIN
2023-02-21 13:40:09,364 [EndpointStateMachine task thread for /0.0.0.0:45949 - 0 ] INFO  ratis.XceiverServerRatis (XceiverServerRatis.java:getRealPort(544)) - XceiverServerRatis 114eb3b6-0965-4949-a11e-bb51ff0d0ac6 is started using port 36273 for RATIS_SERVER
2023-02-21 13:40:09,364 [EndpointStateMachine task thread for /0.0.0.0:45949 - 0 ] INFO  ratis.XceiverServerRatis (XceiverServerRatis.java:getRealPort(544)) - XceiverServerRatis 114eb3b6-0965-4949-a11e-bb51ff0d0ac6 is started using port 45849 for RATIS_DATASTREAM
2023-02-21 13:40:09,367 [EndpointStateMachine task thread for /0.0.0.0:45949 - 0 ] INFO  server.XceiverServerGrpc (XceiverServerGrpc.java:start(180)) - XceiverServerGrpc 114eb3b6-0965-4949-a11e-bb51ff0d0ac6 is started using port 34859
2023-02-21 13:40:09,749 [EndpointStateMachine task thread for /0.0.0.0:45949 - 0 ] INFO  utils.DatanodeStoreCache (DatanodeStoreCache.java:addDB(58)) - Added db /home/runner/work/ozone/ozone/hadoop-ozone/integration-test/target/test-dir/MiniOzoneClusterImpl-c6aa46b2-3083-4aae-be29-8199bb906922/datanode-1/data-0/containers/hdds/c6aa46b2-3083-4aae-be29-8199bb906922/DS-80ec1ff4-a398-4b47-bc2d-9fc8ccd3e6dd/container.db to cache
2023-02-21 13:40:09,750 [EndpointStateMachine task thread for /0.0.0.0:45949 - 0 ] INFO  volume.HddsVolume (HddsVolume.java:createDbStore(331)) - SchemaV3 db is created and loaded at /home/runner/work/ozone/ozone/hadoop-ozone/integration-test/target/test-dir/MiniOzoneClusterImpl-c6aa46b2-3083-4aae-be29-8199bb906922/datanode-1/data-0/containers/hdds/c6aa46b2-3083-4aae-be29-8199bb906922/DS-80ec1ff4-a398-4b47-bc2d-9fc8ccd3e6dd/container.db for volume DS-80ec1ff4-a398-4b47-bc2d-9fc8ccd3e6dd
2023-02-21 13:40:09,750 [EndpointStateMachine task thread for /0.0.0.0:45949 - 0 ] INFO  ozoneimpl.OzoneContainer (OzoneContainer.java:start(398)) - Attempting to start container services.
2023-02-21 13:40:09,750 [EndpointStateMachine task thread for /0.0.0.0:45949 - 0 ] INFO  ozoneimpl.OzoneContainer (OzoneContainer.java:startContainerScrub(315)) - Scheduled background container scanners and the on-demand container scanner have been disabled.
2023-02-21 13:40:09,755 [EndpointStateMachine task thread for /0.0.0.0:45949 - 0 ] INFO  replication.ReplicationServer (ReplicationServer.java:start(109)) - ReplicationServer is started using port 46093
2023-02-21 13:40:09,756 [EndpointStateMachine task thread for /0.0.0.0:45949 - 0 ] INFO  ratis.XceiverServerRatis (XceiverServerRatis.java:start(518)) - Starting XceiverServerRatis ddc1ce43-6958-4d2f-a962-1f2187968283
2023-02-21 13:40:09,757 [EndpointStateMachine task thread for /0.0.0.0:45949 - 0 ] INFO  server.RaftServer (RaftServerProxy.java:startImpl(393)) - ddc1ce43-6958-4d2f-a962-1f2187968283: start RPC server
2023-02-21 13:40:09,759 [EndpointStateMachine task thread for /0.0.0.0:45949 - 0 ] INFO  server.GrpcService (GrpcService.java:startImpl(262)) - ddc1ce43-6958-4d2f-a962-1f2187968283: GrpcService started, listening on 39087
2023-02-21 13:40:09,759 [EndpointStateMachine task thread for /0.0.0.0:45949 - 0 ] INFO  ratis.XceiverServerRatis (XceiverServerRatis.java:getRealPort(544)) - XceiverServerRatis ddc1ce43-6958-4d2f-a962-1f2187968283 is started using port 39087 for RATIS
2023-02-21 13:40:09,759 [JvmPauseMonitor13] INFO  util.JvmPauseMonitor (JvmPauseMonitor.java:run(105)) - JvmPauseMonitor-ddc1ce43-6958-4d2f-a962-1f2187968283: Started
2023-02-21 13:40:09,759 [EndpointStateMachine task thread for /0.0.0.0:45949 - 0 ] INFO  ratis.XceiverServerRatis (XceiverServerRatis.java:getRealPort(544)) - XceiverServerRatis ddc1ce43-6958-4d2f-a962-1f2187968283 is started using port 39087 for RATIS_ADMIN
2023-02-21 13:40:09,759 [EndpointStateMachine task thread for /0.0.0.0:45949 - 0 ] INFO  ratis.XceiverServerRatis (XceiverServerRatis.java:getRealPort(544)) - XceiverServerRatis ddc1ce43-6958-4d2f-a962-1f2187968283 is started using port 39087 for RATIS_SERVER
2023-02-21 13:40:09,759 [EndpointStateMachine task thread for /0.0.0.0:45949 - 0 ] INFO  ratis.XceiverServerRatis (XceiverServerRatis.java:getRealPort(544)) - XceiverServerRatis ddc1ce43-6958-4d2f-a962-1f2187968283 is started using port 37359 for RATIS_DATASTREAM
2023-02-21 13:40:09,762 [EndpointStateMachine task thread for /0.0.0.0:45949 - 0 ] INFO  server.XceiverServerGrpc (XceiverServerGrpc.java:start(180)) - XceiverServerGrpc ddc1ce43-6958-4d2f-a962-1f2187968283 is started using port 40449
2023-02-21 13:40:09,927 [Listener at 127.0.0.1/34503] INFO  ozone.MiniOzoneClusterImpl (MiniOzoneClusterImpl.java:lambda$waitForClusterToBeReady$0(218)) - Waiting for nodes to be ready. Got 0 of 5 DN Heartbeats.
2023-02-21 13:40:09,927 [Listener at 127.0.0.1/34503] INFO  ozone.MiniOzoneClusterImpl (MiniOzoneClusterImpl.java:lambda$waitForClusterToBeReady$0(221)) - Waiting for cluster to exit safe mode
2023-02-21 13:40:09,927 [Listener at 127.0.0.1/34503] INFO  ozone.MiniOzoneClusterImpl (MiniOzoneClusterImpl.java:lambda$waitForClusterToBeReady$0(223)) - SCM became leader
2023-02-21 13:40:10,162 [EndpointStateMachine task thread for /0.0.0.0:45949 - 0 ] INFO  utils.DatanodeStoreCache (DatanodeStoreCache.java:addDB(58)) - Added db /home/runner/work/ozone/ozone/hadoop-ozone/integration-test/target/test-dir/MiniOzoneClusterImpl-c6aa46b2-3083-4aae-be29-8199bb906922/datanode-2/data-0/containers/hdds/c6aa46b2-3083-4aae-be29-8199bb906922/DS-051ee184-8f2d-415d-a5fc-3e52c138535d/container.db to cache
2023-02-21 13:40:10,162 [EndpointStateMachine task thread for /0.0.0.0:45949 - 0 ] INFO  volume.HddsVolume (HddsVolume.java:createDbStore(331)) - SchemaV3 db is created and loaded at /home/runner/work/ozone/ozone/hadoop-ozone/integration-test/target/test-dir/MiniOzoneClusterImpl-c6aa46b2-3083-4aae-be29-8199bb906922/datanode-2/data-0/containers/hdds/c6aa46b2-3083-4aae-be29-8199bb906922/DS-051ee184-8f2d-415d-a5fc-3e52c138535d/container.db for volume DS-051ee184-8f2d-415d-a5fc-3e52c138535d
2023-02-21 13:40:10,162 [EndpointStateMachine task thread for /0.0.0.0:45949 - 0 ] INFO  ozoneimpl.OzoneContainer (OzoneContainer.java:start(398)) - Attempting to start container services.
2023-02-21 13:40:10,162 [EndpointStateMachine task thread for /0.0.0.0:45949 - 0 ] INFO  ozoneimpl.OzoneContainer (OzoneContainer.java:startContainerScrub(315)) - Scheduled background container scanners and the on-demand container scanner have been disabled.
2023-02-21 13:40:10,165 [EndpointStateMachine task thread for /0.0.0.0:45949 - 0 ] INFO  replication.ReplicationServer (ReplicationServer.java:start(109)) - ReplicationServer is started using port 35057
2023-02-21 13:40:10,166 [EndpointStateMachine task thread for /0.0.0.0:45949 - 0 ] INFO  ratis.XceiverServerRatis (XceiverServerRatis.java:start(518)) - Starting XceiverServerRatis cc21282f-5934-42bf-9918-cc8c0aab7e68
2023-02-21 13:40:10,192 [EndpointStateMachine task thread for /0.0.0.0:45949 - 0 ] INFO  server.RaftServer (RaftServerProxy.java:startImpl(393)) - cc21282f-5934-42bf-9918-cc8c0aab7e68: start RPC server
2023-02-21 13:40:10,200 [EndpointStateMachine task thread for /0.0.0.0:45949 - 0 ] INFO  server.GrpcService (GrpcService.java:startImpl(262)) - cc21282f-5934-42bf-9918-cc8c0aab7e68: GrpcService started, listening on 34309
2023-02-21 13:40:10,201 [EndpointStateMachine task thread for /0.0.0.0:45949 - 0 ] INFO  ratis.XceiverServerRatis (XceiverServerRatis.java:getRealPort(544)) - XceiverServerRatis cc21282f-5934-42bf-9918-cc8c0aab7e68 is started using port 34309 for RATIS
2023-02-21 13:40:10,201 [JvmPauseMonitor14] INFO  util.JvmPauseMonitor (JvmPauseMonitor.java:run(105)) - JvmPauseMonitor-cc21282f-5934-42bf-9918-cc8c0aab7e68: Started
2023-02-21 13:40:10,201 [EndpointStateMachine task thread for /0.0.0.0:45949 - 0 ] INFO  ratis.XceiverServerRatis (XceiverServerRatis.java:getRealPort(544)) - XceiverServerRatis cc21282f-5934-42bf-9918-cc8c0aab7e68 is started using port 34309 for RATIS_ADMIN
2023-02-21 13:40:10,201 [EndpointStateMachine task thread for /0.0.0.0:45949 - 0 ] INFO  ratis.XceiverServerRatis (XceiverServerRatis.java:getRealPort(544)) - XceiverServerRatis cc21282f-5934-42bf-9918-cc8c0aab7e68 is started using port 34309 for RATIS_SERVER
2023-02-21 13:40:10,201 [EndpointStateMachine task thread for /0.0.0.0:45949 - 0 ] INFO  ratis.XceiverServerRatis (XceiverServerRatis.java:getRealPort(544)) - XceiverServerRatis cc21282f-5934-42bf-9918-cc8c0aab7e68 is started using port 33753 for RATIS_DATASTREAM
2023-02-21 13:40:10,207 [EndpointStateMachine task thread for /0.0.0.0:45949 - 0 ] INFO  server.XceiverServerGrpc (XceiverServerGrpc.java:start(180)) - XceiverServerGrpc cc21282f-5934-42bf-9918-cc8c0aab7e68 is started using port 41489
2023-02-21 13:40:10,531 [EndpointStateMachine task thread for /0.0.0.0:45949 - 0 ] INFO  utils.DatanodeStoreCache (DatanodeStoreCache.java:addDB(58)) - Added db /home/runner/work/ozone/ozone/hadoop-ozone/integration-test/target/test-dir/MiniOzoneClusterImpl-c6aa46b2-3083-4aae-be29-8199bb906922/datanode-3/data-0/containers/hdds/c6aa46b2-3083-4aae-be29-8199bb906922/DS-209aed06-900c-4671-8887-0e91f8a23d03/container.db to cache
2023-02-21 13:40:10,531 [EndpointStateMachine task thread for /0.0.0.0:45949 - 0 ] INFO  volume.HddsVolume (HddsVolume.java:createDbStore(331)) - SchemaV3 db is created and loaded at /home/runner/work/ozone/ozone/hadoop-ozone/integration-test/target/test-dir/MiniOzoneClusterImpl-c6aa46b2-3083-4aae-be29-8199bb906922/datanode-3/data-0/containers/hdds/c6aa46b2-3083-4aae-be29-8199bb906922/DS-209aed06-900c-4671-8887-0e91f8a23d03/container.db for volume DS-209aed06-900c-4671-8887-0e91f8a23d03
2023-02-21 13:40:10,532 [EndpointStateMachine task thread for /0.0.0.0:45949 - 0 ] INFO  ozoneimpl.OzoneContainer (OzoneContainer.java:start(398)) - Attempting to start container services.
2023-02-21 13:40:10,532 [EndpointStateMachine task thread for /0.0.0.0:45949 - 0 ] INFO  ozoneimpl.OzoneContainer (OzoneContainer.java:startContainerScrub(315)) - Scheduled background container scanners and the on-demand container scanner have been disabled.
2023-02-21 13:40:10,537 [EndpointStateMachine task thread for /0.0.0.0:45949 - 0 ] INFO  replication.ReplicationServer (ReplicationServer.java:start(109)) - ReplicationServer is started using port 40899
2023-02-21 13:40:10,538 [EndpointStateMachine task thread for /0.0.0.0:45949 - 0 ] INFO  ratis.XceiverServerRatis (XceiverServerRatis.java:start(518)) - Starting XceiverServerRatis 0f4d0b38-f1c8-489e-92ab-b78f82fc2ecb
2023-02-21 13:40:10,539 [EndpointStateMachine task thread for /0.0.0.0:45949 - 0 ] INFO  server.RaftServer (RaftServerProxy.java:startImpl(393)) - 0f4d0b38-f1c8-489e-92ab-b78f82fc2ecb: start RPC server
2023-02-21 13:40:10,541 [EndpointStateMachine task thread for /0.0.0.0:45949 - 0 ] INFO  server.GrpcService (GrpcService.java:startImpl(262)) - 0f4d0b38-f1c8-489e-92ab-b78f82fc2ecb: GrpcService started, listening on 34971
2023-02-21 13:40:10,541 [EndpointStateMachine task thread for /0.0.0.0:45949 - 0 ] INFO  ratis.XceiverServerRatis (XceiverServerRatis.java:getRealPort(544)) - XceiverServerRatis 0f4d0b38-f1c8-489e-92ab-b78f82fc2ecb is started using port 34971 for RATIS
2023-02-21 13:40:10,541 [JvmPauseMonitor15] INFO  util.JvmPauseMonitor (JvmPauseMonitor.java:run(105)) - JvmPauseMonitor-0f4d0b38-f1c8-489e-92ab-b78f82fc2ecb: Started
2023-02-21 13:40:10,541 [EndpointStateMachine task thread for /0.0.0.0:45949 - 0 ] INFO  ratis.XceiverServerRatis (XceiverServerRatis.java:getRealPort(544)) - XceiverServerRatis 0f4d0b38-f1c8-489e-92ab-b78f82fc2ecb is started using port 34971 for RATIS_ADMIN
2023-02-21 13:40:10,541 [EndpointStateMachine task thread for /0.0.0.0:45949 - 0 ] INFO  ratis.XceiverServerRatis (XceiverServerRatis.java:getRealPort(544)) - XceiverServerRatis 0f4d0b38-f1c8-489e-92ab-b78f82fc2ecb is started using port 34971 for RATIS_SERVER
2023-02-21 13:40:10,541 [EndpointStateMachine task thread for /0.0.0.0:45949 - 0 ] INFO  ratis.XceiverServerRatis (XceiverServerRatis.java:getRealPort(544)) - XceiverServerRatis 0f4d0b38-f1c8-489e-92ab-b78f82fc2ecb is started using port 46565 for RATIS_DATASTREAM
2023-02-21 13:40:10,547 [EndpointStateMachine task thread for /0.0.0.0:45949 - 0 ] INFO  server.XceiverServerGrpc (XceiverServerGrpc.java:start(180)) - XceiverServerGrpc 0f4d0b38-f1c8-489e-92ab-b78f82fc2ecb is started using port 38895
2023-02-21 13:40:10,928 [Listener at 127.0.0.1/34503] INFO  ozone.MiniOzoneClusterImpl (MiniOzoneClusterImpl.java:lambda$waitForClusterToBeReady$0(218)) - Waiting for nodes to be ready. Got 0 of 5 DN Heartbeats.
2023-02-21 13:40:10,928 [Listener at 127.0.0.1/34503] INFO  ozone.MiniOzoneClusterImpl (MiniOzoneClusterImpl.java:lambda$waitForClusterToBeReady$0(221)) - Waiting for cluster to exit safe mode
2023-02-21 13:40:10,928 [Listener at 127.0.0.1/34503] INFO  ozone.MiniOzoneClusterImpl (MiniOzoneClusterImpl.java:lambda$waitForClusterToBeReady$0(223)) - SCM became leader
2023-02-21 13:40:10,971 [EndpointStateMachine task thread for /0.0.0.0:45949 - 0 ] INFO  utils.DatanodeStoreCache (DatanodeStoreCache.java:addDB(58)) - Added db /home/runner/work/ozone/ozone/hadoop-ozone/integration-test/target/test-dir/MiniOzoneClusterImpl-c6aa46b2-3083-4aae-be29-8199bb906922/datanode-4/data-0/containers/hdds/c6aa46b2-3083-4aae-be29-8199bb906922/DS-55886181-dc9b-48f1-a2da-a9e167d98fc8/container.db to cache
2023-02-21 13:40:10,971 [EndpointStateMachine task thread for /0.0.0.0:45949 - 0 ] INFO  volume.HddsVolume (HddsVolume.java:createDbStore(331)) - SchemaV3 db is created and loaded at /home/runner/work/ozone/ozone/hadoop-ozone/integration-test/target/test-dir/MiniOzoneClusterImpl-c6aa46b2-3083-4aae-be29-8199bb906922/datanode-4/data-0/containers/hdds/c6aa46b2-3083-4aae-be29-8199bb906922/DS-55886181-dc9b-48f1-a2da-a9e167d98fc8/container.db for volume DS-55886181-dc9b-48f1-a2da-a9e167d98fc8
2023-02-21 13:40:10,972 [EndpointStateMachine task thread for /0.0.0.0:45949 - 0 ] INFO  ozoneimpl.OzoneContainer (OzoneContainer.java:start(398)) - Attempting to start container services.
2023-02-21 13:40:10,972 [EndpointStateMachine task thread for /0.0.0.0:45949 - 0 ] INFO  ozoneimpl.OzoneContainer (OzoneContainer.java:startContainerScrub(315)) - Scheduled background container scanners and the on-demand container scanner have been disabled.
2023-02-21 13:40:10,975 [EndpointStateMachine task thread for /0.0.0.0:45949 - 0 ] INFO  replication.ReplicationServer (ReplicationServer.java:start(109)) - ReplicationServer is started using port 41049
2023-02-21 13:40:10,976 [EndpointStateMachine task thread for /0.0.0.0:45949 - 0 ] INFO  ratis.XceiverServerRatis (XceiverServerRatis.java:start(518)) - Starting XceiverServerRatis 17d7dac2-7ff4-442d-8cd9-ba857e0cf65e
2023-02-21 13:40:10,977 [EndpointStateMachine task thread for /0.0.0.0:45949 - 0 ] INFO  server.RaftServer (RaftServerProxy.java:startImpl(393)) - 17d7dac2-7ff4-442d-8cd9-ba857e0cf65e: start RPC server
2023-02-21 13:40:10,983 [EndpointStateMachine task thread for /0.0.0.0:45949 - 0 ] INFO  server.GrpcService (GrpcService.java:startImpl(262)) - 17d7dac2-7ff4-442d-8cd9-ba857e0cf65e: GrpcService started, listening on 41197
2023-02-21 13:40:10,983 [EndpointStateMachine task thread for /0.0.0.0:45949 - 0 ] INFO  ratis.XceiverServerRatis (XceiverServerRatis.java:getRealPort(544)) - XceiverServerRatis 17d7dac2-7ff4-442d-8cd9-ba857e0cf65e is started using port 41197 for RATIS
2023-02-21 13:40:10,983 [EndpointStateMachine task thread for /0.0.0.0:45949 - 0 ] INFO  ratis.XceiverServerRatis (XceiverServerRatis.java:getRealPort(544)) - XceiverServerRatis 17d7dac2-7ff4-442d-8cd9-ba857e0cf65e is started using port 41197 for RATIS_ADMIN
2023-02-21 13:40:10,983 [EndpointStateMachine task thread for /0.0.0.0:45949 - 0 ] INFO  ratis.XceiverServerRatis (XceiverServerRatis.java:getRealPort(544)) - XceiverServerRatis 17d7dac2-7ff4-442d-8cd9-ba857e0cf65e is started using port 41197 for RATIS_SERVER
2023-02-21 13:40:10,983 [EndpointStateMachine task thread for /0.0.0.0:45949 - 0 ] INFO  ratis.XceiverServerRatis (XceiverServerRatis.java:getRealPort(544)) - XceiverServerRatis 17d7dac2-7ff4-442d-8cd9-ba857e0cf65e is started using port 41479 for RATIS_DATASTREAM
2023-02-21 13:40:10,989 [JvmPauseMonitor16] INFO  util.JvmPauseMonitor (JvmPauseMonitor.java:run(105)) - JvmPauseMonitor-17d7dac2-7ff4-442d-8cd9-ba857e0cf65e: Started
2023-02-21 13:40:10,991 [EndpointStateMachine task thread for /0.0.0.0:45949 - 0 ] INFO  server.XceiverServerGrpc (XceiverServerGrpc.java:start(180)) - XceiverServerGrpc 17d7dac2-7ff4-442d-8cd9-ba857e0cf65e is started using port 43033
2023-02-21 13:40:11,311 [IPC Server handler 1 on default port 45949] INFO  net.NetworkTopologyImpl (NetworkTopologyImpl.java:add(112)) - Added a new node: /default-rack/114eb3b6-0965-4949-a11e-bb51ff0d0ac6
2023-02-21 13:40:11,312 [IPC Server handler 1 on default port 45949] INFO  node.SCMNodeManager (SCMNodeManager.java:register(397)) - Registered Data node : 114eb3b6-0965-4949-a11e-bb51ff0d0ac6{ip: 10.1.0.81, host: fv-az318-260.ewvrrcgabbbubjc05i3n4a3pph.dx.internal.cloudapp.net, ports: [REPLICATION=41901, RATIS=36273, RATIS_ADMIN=36273, RATIS_SERVER=36273, RATIS_DATASTREAM=45849, STANDALONE=34859], networkLocation: /default-rack, certSerialId: null, persistedOpState: null, persistedOpStateExpiryEpochSec: 0}
2023-02-21 13:40:11,319 [EventQueue-NewNodeForNewNodeHandler] INFO  pipeline.BackgroundPipelineCreator (BackgroundPipelineCreator.java:notifyEventTriggered(276)) - trigger a one-shot run on RatisPipelineUtilsThread.
2023-02-21 13:40:11,319 [EventQueue-PipelineReportForOneReplicaPipelineSafeModeRule] INFO  safemode.SCMSafeModeManager (SCMSafeModeManager.java:validateSafeModeExitRules(200)) - AtleastOneDatanodeReportedRule rule is successfully validated
2023-02-21 13:40:11,319 [RatisPipelineUtilsThread - 0] INFO  pipeline.RatisPipelineProvider (RatisPipelineProvider.java:lambda$create$0(206)) - Sending CreatePipelineCommand for pipeline:PipelineID=639c3e74-b2e8-44be-8791-da1c02fe2c02 to datanode:114eb3b6-0965-4949-a11e-bb51ff0d0ac6
2023-02-21 13:40:11,320 [EventQueue-NodeRegistrationContainerReportForDataNodeSafeModeRule] INFO  safemode.SCMSafeModeManager (DataNodeSafeModeRule.java:process(71)) - SCM in safe mode. 1 DataNodes registered, 3 required.
2023-02-21 13:40:11,320 [RatisPipelineUtilsThread - 0] INFO  pipeline.PipelineStateManagerImpl (PipelineStateManagerImpl.java:addPipeline(103)) - Created pipeline Pipeline[ Id: 639c3e74-b2e8-44be-8791-da1c02fe2c02, Nodes: 114eb3b6-0965-4949-a11e-bb51ff0d0ac6(fv-az318-260.ewvrrcgabbbubjc05i3n4a3pph.dx.internal.cloudapp.net/10.1.0.81), ReplicationConfig: RATIS/ONE, State:ALLOCATED, leaderId:, CreationTimestamp2023-02-21T13:40:11.319Z[Etc/UTC]].
2023-02-21 13:40:11,323 [EventQueue-NodeRegistrationContainerReportForContainerSafeModeRule] INFO  safemode.SCMSafeModeManager (SCMSafeModeManager.java:validateSafeModeExitRules(200)) - ContainerSafeModeRule rule is successfully validated
2023-02-21 13:40:11,708 [IPC Server handler 2 on default port 45949] INFO  net.NetworkTopologyImpl (NetworkTopologyImpl.java:add(112)) - Added a new node: /default-rack/ddc1ce43-6958-4d2f-a962-1f2187968283
2023-02-21 13:40:11,709 [IPC Server handler 2 on default port 45949] INFO  node.SCMNodeManager (SCMNodeManager.java:register(397)) - Registered Data node : ddc1ce43-6958-4d2f-a962-1f2187968283{ip: 10.1.0.81, host: fv-az318-260.ewvrrcgabbbubjc05i3n4a3pph.dx.internal.cloudapp.net, ports: [REPLICATION=46093, RATIS=39087, RATIS_ADMIN=39087, RATIS_SERVER=39087, RATIS_DATASTREAM=37359, STANDALONE=40449], networkLocation: /default-rack, certSerialId: null, persistedOpState: null, persistedOpStateExpiryEpochSec: 0}
2023-02-21 13:40:11,709 [EventQueue-NewNodeForNewNodeHandler] INFO  pipeline.BackgroundPipelineCreator (BackgroundPipelineCreator.java:notifyEventTriggered(276)) - trigger a one-shot run on RatisPipelineUtilsThread.
2023-02-21 13:40:11,709 [EventQueue-NodeRegistrationContainerReportForDataNodeSafeModeRule] INFO  safemode.SCMSafeModeManager (DataNodeSafeModeRule.java:process(71)) - SCM in safe mode. 2 DataNodes registered, 3 required.
2023-02-21 13:40:11,710 [RatisPipelineUtilsThread - 0] INFO  pipeline.RatisPipelineProvider (RatisPipelineProvider.java:lambda$create$0(206)) - Sending CreatePipelineCommand for pipeline:PipelineID=989c6be2-2da8-4f77-b5e9-e767c5738292 to datanode:ddc1ce43-6958-4d2f-a962-1f2187968283
2023-02-21 13:40:11,710 [RatisPipelineUtilsThread - 0] INFO  pipeline.PipelineStateManagerImpl (PipelineStateManagerImpl.java:addPipeline(103)) - Created pipeline Pipeline[ Id: 989c6be2-2da8-4f77-b5e9-e767c5738292, Nodes: ddc1ce43-6958-4d2f-a962-1f2187968283(fv-az318-260.ewvrrcgabbbubjc05i3n4a3pph.dx.internal.cloudapp.net/10.1.0.81), ReplicationConfig: RATIS/ONE, State:ALLOCATED, leaderId:, CreationTimestamp2023-02-21T13:40:11.710Z[Etc/UTC]].
2023-02-21 13:40:11,928 [Listener at 127.0.0.1/34503] INFO  ozone.MiniOzoneClusterImpl (MiniOzoneClusterImpl.java:lambda$waitForClusterToBeReady$0(218)) - Waiting for nodes to be ready. Got 2 of 5 DN Heartbeats.
2023-02-21 13:40:11,928 [Listener at 127.0.0.1/34503] INFO  ozone.MiniOzoneClusterImpl (MiniOzoneClusterImpl.java:lambda$waitForClusterToBeReady$0(221)) - Waiting for cluster to exit safe mode
2023-02-21 13:40:11,928 [Listener at 127.0.0.1/34503] INFO  ozone.MiniOzoneClusterImpl (MiniOzoneClusterImpl.java:lambda$waitForClusterToBeReady$0(223)) - SCM became leader
2023-02-21 13:40:12,116 [IPC Server handler 0 on default port 45949] INFO  net.NetworkTopologyImpl (NetworkTopologyImpl.java:add(112)) - Added a new node: /default-rack/cc21282f-5934-42bf-9918-cc8c0aab7e68
2023-02-21 13:40:12,116 [IPC Server handler 0 on default port 45949] INFO  node.SCMNodeManager (SCMNodeManager.java:register(397)) - Registered Data node : cc21282f-5934-42bf-9918-cc8c0aab7e68{ip: 10.1.0.81, host: fv-az318-260.ewvrrcgabbbubjc05i3n4a3pph.dx.internal.cloudapp.net, ports: [REPLICATION=35057, RATIS=34309, RATIS_ADMIN=34309, RATIS_SERVER=34309, RATIS_DATASTREAM=33753, STANDALONE=41489], networkLocation: /default-rack, certSerialId: null, persistedOpState: null, persistedOpStateExpiryEpochSec: 0}
2023-02-21 13:40:12,116 [EventQueue-NewNodeForNewNodeHandler] INFO  pipeline.BackgroundPipelineCreator (BackgroundPipelineCreator.java:notifyEventTriggered(276)) - trigger a one-shot run on RatisPipelineUtilsThread.
2023-02-21 13:40:12,118 [EventQueue-NodeRegistrationContainerReportForDataNodeSafeModeRule] INFO  safemode.SCMSafeModeManager (DataNodeSafeModeRule.java:process(71)) - SCM in safe mode. 3 DataNodes registered, 3 required.
2023-02-21 13:40:12,118 [EventQueue-NodeRegistrationContainerReportForDataNodeSafeModeRule] INFO  safemode.SCMSafeModeManager (SCMSafeModeManager.java:validateSafeModeExitRules(200)) - DataNodeSafeModeRule rule is successfully validated
2023-02-21 13:40:12,118 [EventQueue-NodeRegistrationContainerReportForDataNodeSafeModeRule] INFO  safemode.SCMSafeModeManager (SCMSafeModeManager.java:completePreCheck(229)) - All SCM safe mode pre check rules have passed
2023-02-21 13:40:12,118 [EventQueue-NodeRegistrationContainerReportForDataNodeSafeModeRule] INFO  ha.SCMContext (SCMContext.java:updateSafeModeStatus(228)) - Update SafeModeStatus from SafeModeStatus{safeModeStatus=true, preCheckPassed=false} to SafeModeStatus{safeModeStatus=true, preCheckPassed=true}.
2023-02-21 13:40:12,118 [EventQueue-NodeRegistrationContainerReportForDataNodeSafeModeRule] INFO  pipeline.BackgroundPipelineCreator (BackgroundPipelineCreator.java:notifyEventTriggered(276)) - trigger a one-shot run on RatisPipelineUtilsThread.
2023-02-21 13:40:12,120 [RatisPipelineUtilsThread - 0] INFO  pipeline.RatisPipelineProvider (RatisPipelineProvider.java:lambda$create$0(206)) - Sending CreatePipelineCommand for pipeline:PipelineID=2f9ff8d4-88ea-4746-8d3f-3e6a6f57ab1f to datanode:cc21282f-5934-42bf-9918-cc8c0aab7e68
2023-02-21 13:40:12,120 [RatisPipelineUtilsThread - 0] INFO  pipeline.PipelineStateManagerImpl (PipelineStateManagerImpl.java:addPipeline(103)) - Created pipeline Pipeline[ Id: 2f9ff8d4-88ea-4746-8d3f-3e6a6f57ab1f, Nodes: cc21282f-5934-42bf-9918-cc8c0aab7e68(fv-az318-260.ewvrrcgabbbubjc05i3n4a3pph.dx.internal.cloudapp.net/10.1.0.81), ReplicationConfig: RATIS/ONE, State:ALLOCATED, leaderId:, CreationTimestamp2023-02-21T13:40:12.120Z[Etc/UTC]].
2023-02-21 13:40:12,120 [RatisPipelineUtilsThread - 0] INFO  pipeline.RatisPipelineProvider (RatisPipelineProvider.java:lambda$create$0(206)) - Sending CreatePipelineCommand for pipeline:PipelineID=6a4d15a1-aebb-4598-acc3-d38562e52fdd to datanode:cc21282f-5934-42bf-9918-cc8c0aab7e68
2023-02-21 13:40:12,120 [RatisPipelineUtilsThread - 0] INFO  pipeline.RatisPipelineProvider (RatisPipelineProvider.java:lambda$create$0(206)) - Sending CreatePipelineCommand for pipeline:PipelineID=6a4d15a1-aebb-4598-acc3-d38562e52fdd to datanode:ddc1ce43-6958-4d2f-a962-1f2187968283
2023-02-21 13:40:12,120 [RatisPipelineUtilsThread - 0] INFO  pipeline.RatisPipelineProvider (RatisPipelineProvider.java:lambda$create$0(206)) - Sending CreatePipelineCommand for pipeline:PipelineID=6a4d15a1-aebb-4598-acc3-d38562e52fdd to datanode:114eb3b6-0965-4949-a11e-bb51ff0d0ac6
2023-02-21 13:40:12,121 [RatisPipelineUtilsThread - 0] INFO  pipeline.PipelineStateManagerImpl (PipelineStateManagerImpl.java:addPipeline(103)) - Created pipeline Pipeline[ Id: 6a4d15a1-aebb-4598-acc3-d38562e52fdd, Nodes: cc21282f-5934-42bf-9918-cc8c0aab7e68(fv-az318-260.ewvrrcgabbbubjc05i3n4a3pph.dx.internal.cloudapp.net/10.1.0.81)ddc1ce43-6958-4d2f-a962-1f2187968283(fv-az318-260.ewvrrcgabbbubjc05i3n4a3pph.dx.internal.cloudapp.net/10.1.0.81)114eb3b6-0965-4949-a11e-bb51ff0d0ac6(fv-az318-260.ewvrrcgabbbubjc05i3n4a3pph.dx.internal.cloudapp.net/10.1.0.81), ReplicationConfig: RATIS/THREE, State:ALLOCATED, leaderId:, CreationTimestamp2023-02-21T13:40:12.120Z[Etc/UTC]].
2023-02-21 13:40:12,121 [RatisPipelineUtilsThread - 0] INFO  pipeline.RatisPipelineProvider (RatisPipelineProvider.java:lambda$create$0(206)) - Sending CreatePipelineCommand for pipeline:PipelineID=853a9f29-240f-40bd-ac8e-720cb0dd36af to datanode:cc21282f-5934-42bf-9918-cc8c0aab7e68
2023-02-21 13:40:12,121 [RatisPipelineUtilsThread - 0] INFO  pipeline.RatisPipelineProvider (RatisPipelineProvider.java:lambda$create$0(206)) - Sending CreatePipelineCommand for pipeline:PipelineID=853a9f29-240f-40bd-ac8e-720cb0dd36af to datanode:ddc1ce43-6958-4d2f-a962-1f2187968283
2023-02-21 13:40:12,121 [RatisPipelineUtilsThread - 0] INFO  pipeline.RatisPipelineProvider (RatisPipelineProvider.java:lambda$create$0(206)) - Sending CreatePipelineCommand for pipeline:PipelineID=853a9f29-240f-40bd-ac8e-720cb0dd36af to datanode:114eb3b6-0965-4949-a11e-bb51ff0d0ac6
2023-02-21 13:40:12,122 [RatisPipelineUtilsThread - 0] INFO  pipeline.PipelineStateManagerImpl (PipelineStateManagerImpl.java:addPipeline(103)) - Created pipeline Pipeline[ Id: 853a9f29-240f-40bd-ac8e-720cb0dd36af, Nodes: cc21282f-5934-42bf-9918-cc8c0aab7e68(fv-az318-260.ewvrrcgabbbubjc05i3n4a3pph.dx.internal.cloudapp.net/10.1.0.81)ddc1ce43-6958-4d2f-a962-1f2187968283(fv-az318-260.ewvrrcgabbbubjc05i3n4a3pph.dx.internal.cloudapp.net/10.1.0.81)114eb3b6-0965-4949-a11e-bb51ff0d0ac6(fv-az318-260.ewvrrcgabbbubjc05i3n4a3pph.dx.internal.cloudapp.net/10.1.0.81), ReplicationConfig: RATIS/THREE, State:ALLOCATED, leaderId:, CreationTimestamp2023-02-21T13:40:12.121Z[Etc/UTC]].
2023-02-21 13:40:12,122 [RatisPipelineUtilsThread - 0] INFO  pipeline.PipelineManagerImpl (PipelineManagerImpl.java:recordMetricsForPipeline(826)) - Pipeline: PipelineID=853a9f29-240f-40bd-ac8e-720cb0dd36af contains same datanodes as previous pipelines: PipelineID=6a4d15a1-aebb-4598-acc3-d38562e52fdd nodeIds: cc21282f-5934-42bf-9918-cc8c0aab7e68, ddc1ce43-6958-4d2f-a962-1f2187968283, 114eb3b6-0965-4949-a11e-bb51ff0d0ac6
2023-02-21 13:40:12,123 [RatisPipelineUtilsThread - 0] WARN  pipeline.PipelinePlacementPolicy (PipelinePlacementPolicy.java:filterViableNodes(158)) - Pipeline creation failed due to no sufficient healthy datanodes. Required 3. Found 0.
2023-02-21 13:40:12,495 [IPC Server handler 2 on default port 45949] INFO  net.NetworkTopologyImpl (NetworkTopologyImpl.java:add(112)) - Added a new node: /default-rack/0f4d0b38-f1c8-489e-92ab-b78f82fc2ecb
2023-02-21 13:40:12,496 [IPC Server handler 2 on default port 45949] INFO  node.SCMNodeManager (SCMNodeManager.java:register(397)) - Registered Data node : 0f4d0b38-f1c8-489e-92ab-b78f82fc2ecb{ip: 10.1.0.81, host: fv-az318-260.ewvrrcgabbbubjc05i3n4a3pph.dx.internal.cloudapp.net, ports: [REPLICATION=40899, RATIS=34971, RATIS_ADMIN=34971, RATIS_SERVER=34971, RATIS_DATASTREAM=46565, STANDALONE=38895], networkLocation: /default-rack, certSerialId: null, persistedOpState: null, persistedOpStateExpiryEpochSec: 0}
2023-02-21 13:40:12,496 [EventQueue-NewNodeForNewNodeHandler] INFO  pipeline.BackgroundPipelineCreator (BackgroundPipelineCreator.java:notifyEventTriggered(276)) - trigger a one-shot run on RatisPipelineUtilsThread.
2023-02-21 13:40:12,498 [RatisPipelineUtilsThread - 0] INFO  pipeline.RatisPipelineProvider (RatisPipelineProvider.java:lambda$create$0(206)) - Sending CreatePipelineCommand for pipeline:PipelineID=432aa6db-4fad-4fb7-8be5-4ef3713bf805 to datanode:0f4d0b38-f1c8-489e-92ab-b78f82fc2ecb
2023-02-21 13:40:12,498 [RatisPipelineUtilsThread - 0] INFO  pipeline.PipelineStateManagerImpl (PipelineStateManagerImpl.java:addPipeline(103)) - Created pipeline Pipeline[ Id: 432aa6db-4fad-4fb7-8be5-4ef3713bf805, Nodes: 0f4d0b38-f1c8-489e-92ab-b78f82fc2ecb(fv-az318-260.ewvrrcgabbbubjc05i3n4a3pph.dx.internal.cloudapp.net/10.1.0.81), ReplicationConfig: RATIS/ONE, State:ALLOCATED, leaderId:, CreationTimestamp2023-02-21T13:40:12.498Z[Etc/UTC]].
2023-02-21 13:40:12,499 [RatisPipelineUtilsThread - 0] WARN  pipeline.PipelinePlacementPolicy (PipelinePlacementPolicy.java:filterViableNodes(158)) - Pipeline creation failed due to no sufficient healthy datanodes. Required 3. Found 1.
2023-02-21 13:40:12,929 [Listener at 127.0.0.1/34503] INFO  ozone.MiniOzoneClusterImpl (MiniOzoneClusterImpl.java:lambda$waitForClusterToBeReady$0(218)) - Waiting for nodes to be ready. Got 4 of 5 DN Heartbeats.
2023-02-21 13:40:12,929 [Listener at 127.0.0.1/34503] INFO  ozone.MiniOzoneClusterImpl (MiniOzoneClusterImpl.java:lambda$waitForClusterToBeReady$0(221)) - Waiting for cluster to exit safe mode
2023-02-21 13:40:12,929 [Listener at 127.0.0.1/34503] INFO  ozone.MiniOzoneClusterImpl (MiniOzoneClusterImpl.java:lambda$waitForClusterToBeReady$0(223)) - SCM became leader
2023-02-21 13:40:12,935 [IPC Server handler 3 on default port 45949] INFO  net.NetworkTopologyImpl (NetworkTopologyImpl.java:add(112)) - Added a new node: /default-rack/17d7dac2-7ff4-442d-8cd9-ba857e0cf65e
2023-02-21 13:40:12,935 [IPC Server handler 3 on default port 45949] INFO  node.SCMNodeManager (SCMNodeManager.java:register(397)) - Registered Data node : 17d7dac2-7ff4-442d-8cd9-ba857e0cf65e{ip: 10.1.0.81, host: fv-az318-260.ewvrrcgabbbubjc05i3n4a3pph.dx.internal.cloudapp.net, ports: [REPLICATION=41049, RATIS=41197, RATIS_ADMIN=41197, RATIS_SERVER=41197, RATIS_DATASTREAM=41479, STANDALONE=43033], networkLocation: /default-rack, certSerialId: null, persistedOpState: null, persistedOpStateExpiryEpochSec: 0}
2023-02-21 13:40:12,935 [EventQueue-NewNodeForNewNodeHandler] INFO  pipeline.BackgroundPipelineCreator (BackgroundPipelineCreator.java:notifyEventTriggered(276)) - trigger a one-shot run on RatisPipelineUtilsThread.
2023-02-21 13:40:12,936 [RatisPipelineUtilsThread - 0] INFO  pipeline.RatisPipelineProvider (RatisPipelineProvider.java:lambda$create$0(206)) - Sending CreatePipelineCommand for pipeline:PipelineID=90df19f2-6e6a-4835-90c9-a79b1ab37523 to datanode:17d7dac2-7ff4-442d-8cd9-ba857e0cf65e
2023-02-21 13:40:12,936 [RatisPipelineUtilsThread - 0] INFO  pipeline.PipelineStateManagerImpl (PipelineStateManagerImpl.java:addPipeline(103)) - Created pipeline Pipeline[ Id: 90df19f2-6e6a-4835-90c9-a79b1ab37523, Nodes: 17d7dac2-7ff4-442d-8cd9-ba857e0cf65e(fv-az318-260.ewvrrcgabbbubjc05i3n4a3pph.dx.internal.cloudapp.net/10.1.0.81), ReplicationConfig: RATIS/ONE, State:ALLOCATED, leaderId:, CreationTimestamp2023-02-21T13:40:12.936Z[Etc/UTC]].
2023-02-21 13:40:12,937 [RatisPipelineUtilsThread - 0] WARN  pipeline.PipelinePlacementPolicy (PipelinePlacementPolicy.java:filterViableNodes(158)) - Pipeline creation failed due to no sufficient healthy datanodes. Required 3. Found 2.
2023-02-21 13:40:13,930 [Listener at 127.0.0.1/34503] INFO  ozone.MiniOzoneClusterImpl (MiniOzoneClusterImpl.java:lambda$waitForClusterToBeReady$0(218)) - Nodes are ready. Got 5 of 5 DN Heartbeats.
2023-02-21 13:40:13,930 [Listener at 127.0.0.1/34503] INFO  ozone.MiniOzoneClusterImpl (MiniOzoneClusterImpl.java:lambda$waitForClusterToBeReady$0(221)) - Waiting for cluster to exit safe mode
2023-02-21 13:40:13,930 [Listener at 127.0.0.1/34503] INFO  ozone.MiniOzoneClusterImpl (MiniOzoneClusterImpl.java:lambda$waitForClusterToBeReady$0(223)) - SCM became leader
2023-02-21 13:40:14,312 [Command processor thread] INFO  server.RaftServer (RaftServerProxy.java:addNew(96)) - 114eb3b6-0965-4949-a11e-bb51ff0d0ac6: addNew group-DA1C02FE2C02:[114eb3b6-0965-4949-a11e-bb51ff0d0ac6|rpc:10.1.0.81:36273|dataStream:10.1.0.81:45849|priority:1|startupRole:FOLLOWER] returns group-DA1C02FE2C02:java.util.concurrent.CompletableFuture@6a7ce2d4[Not completed]
2023-02-21 13:40:14,314 [pool-481-thread-1] INFO  server.RaftServer$Division (RaftServerImpl.java:<init>(195)) - 114eb3b6-0965-4949-a11e-bb51ff0d0ac6: new RaftServerImpl for group-DA1C02FE2C02:[114eb3b6-0965-4949-a11e-bb51ff0d0ac6|rpc:10.1.0.81:36273|dataStream:10.1.0.81:45849|priority:1|startupRole:FOLLOWER] with ContainerStateMachine:uninitialized
2023-02-21 13:40:14,314 [pool-481-thread-1] INFO  server.RaftServerConfigKeys (ConfUtils.java:logGet(46)) - raft.server.rpc.timeout.min = 5s (custom)
2023-02-21 13:40:14,314 [pool-481-thread-1] INFO  server.RaftServerConfigKeys (ConfUtils.java:logGet(46)) - raft.server.rpc.timeout.max = 5200ms (custom)
2023-02-21 13:40:14,314 [pool-481-thread-1] INFO  server.RaftServerConfigKeys (ConfUtils.java:logGet(46)) - raft.server.rpc.sleep.time = 25ms (default)
2023-02-21 13:40:14,314 [pool-481-thread-1] INFO  server.RaftServerConfigKeys (ConfUtils.java:logGet(46)) - raft.server.rpc.slowness.timeout = 300s (custom)
2023-02-21 13:40:14,314 [pool-481-thread-1] INFO  server.RaftServerConfigKeys (ConfUtils.java:logGet(46)) - raft.server.leaderelection.leader.step-down.wait-time = 10s (default)
2023-02-21 13:40:14,315 [pool-481-thread-1] INFO  server.RaftServerConfigKeys (ConfUtils.java:logGet(46)) - raft.server.sleep.deviation.threshold = 300ms (default)
2023-02-21 13:40:14,315 [pool-481-thread-1] INFO  server.RaftServer$Division (ServerState.java:<init>(118)) - 114eb3b6-0965-4949-a11e-bb51ff0d0ac6@group-DA1C02FE2C02: ConfigurationManager, init=-1: peers:[114eb3b6-0965-4949-a11e-bb51ff0d0ac6|rpc:10.1.0.81:36273|dataStream:10.1.0.81:45849|priority:1|startupRole:FOLLOWER]|listeners:[], old=null, confs=<EMPTY_MAP>
2023-02-21 13:40:14,315 [pool-481-thread-1] INFO  server.RaftServerConfigKeys (ConfUtils.java:logGet(46)) - raft.server.storage.dir = [/home/runner/work/ozone/ozone/hadoop-ozone/integration-test/target/test-dir/MiniOzoneClusterImpl-c6aa46b2-3083-4aae-be29-8199bb906922/datanode-0/data/ratis] (custom)
2023-02-21 13:40:14,315 [pool-481-thread-1] INFO  server.RaftServerConfigKeys (ConfUtils.java:logGet(46)) - raft.server.log.corruption.policy = EXCEPTION (default)
2023-02-21 13:40:14,315 [pool-481-thread-1] INFO  server.RaftServerConfigKeys (ConfUtils.java:logGet(46)) - raft.server.storage.free-space.min = 0MB (=0) (default)
2023-02-21 13:40:14,315 [pool-481-thread-1] INFO  server.RaftServerConfigKeys (ConfUtils.java:logGet(46)) - raft.server.notification.no-leader.timeout = 300s (custom)
2023-02-21 13:40:14,315 [pool-481-thread-1] INFO  server.RaftServerConfigKeys (ConfUtils.java:logGet(46)) - raft.server.retrycache.expirytime = 600000ms (custom)
2023-02-21 13:40:14,315 [pool-481-thread-1] INFO  server.RaftServerConfigKeys (ConfUtils.java:logGet(46)) - raft.server.retrycache.statistics.expirytime = 100μs (default)
2023-02-21 13:40:14,316 [pool-481-thread-1] INFO  server.RaftServerConfigKeys (ConfUtils.java:logGet(46)) - raft.server.log.appender.install.snapshot.enabled = false (custom)
2023-02-21 13:40:14,316 [pool-481-thread-1] INFO  server.RaftServerConfigKeys (ConfUtils.java:logGet(46)) - raft.server.threadpool.server.cached = true (default)
2023-02-21 13:40:14,316 [pool-481-thread-1] INFO  server.RaftServerConfigKeys (ConfUtils.java:logGet(46)) - raft.server.threadpool.server.size = 0 (default)
2023-02-21 13:40:14,316 [pool-481-thread-1] INFO  server.RaftServerConfigKeys (ConfUtils.java:logGet(46)) - raft.server.threadpool.client.cached = true (default)
2023-02-21 13:40:14,316 [pool-481-thread-1] INFO  server.RaftServerConfigKeys (ConfUtils.java:logGet(46)) - raft.server.threadpool.client.size = 0 (default)
2023-02-21 13:40:14,317 [pool-481-thread-1] INFO  storage.RaftStorageDirectory (RaftStorageDirectoryImpl.java:analyzeStorage(137)) - The storage directory /home/runner/work/ozone/ozone/hadoop-ozone/integration-test/target/test-dir/MiniOzoneClusterImpl-c6aa46b2-3083-4aae-be29-8199bb906922/datanode-0/data/ratis/639c3e74-b2e8-44be-8791-da1c02fe2c02 does not exist. Creating ...
2023-02-21 13:40:14,323 [pool-481-thread-1] INFO  storage.RaftStorageDirectory (RaftStorageDirectoryImpl.java:tryLock(231)) - Lock on /home/runner/work/ozone/ozone/hadoop-ozone/integration-test/target/test-dir/MiniOzoneClusterImpl-c6aa46b2-3083-4aae-be29-8199bb906922/datanode-0/data/ratis/639c3e74-b2e8-44be-8791-da1c02fe2c02/in_use.lock acquired by nodename 15258@fv-az318-260
2023-02-21 13:40:14,324 [pool-481-thread-1] INFO  storage.RaftStorage (RaftStorageImpl.java:format(96)) - Storage directory /home/runner/work/ozone/ozone/hadoop-ozone/integration-test/target/test-dir/MiniOzoneClusterImpl-c6aa46b2-3083-4aae-be29-8199bb906922/datanode-0/data/ratis/639c3e74-b2e8-44be-8791-da1c02fe2c02 has been successfully formatted.
2023-02-21 13:40:14,326 [pool-481-thread-1] INFO  ratis.ContainerStateMachine (ContainerStateMachine.java:loadSnapshot(240)) - group-DA1C02FE2C02: The snapshot info is null. Setting the last applied indexto:(t:0, i:~)
2023-02-21 13:40:14,326 [pool-481-thread-1] INFO  server.RaftServerConfigKeys (ConfUtils.java:logGet(46)) - raft.server.log.use.memory = false (default)
2023-02-21 13:40:14,326 [pool-481-thread-1] INFO  server.RaftServerConfigKeys (ConfUtils.java:logGet(46)) - raft.server.log.purge.gap = 1000000 (custom)
2023-02-21 13:40:14,326 [pool-481-thread-1] INFO  server.RaftServerConfigKeys (ConfUtils.java:logGet(46)) - raft.server.log.appender.buffer.byte-limit = 33554432 (custom)
2023-02-21 13:40:14,326 [pool-481-thread-1] INFO  server.RaftServerConfigKeys (ConfUtils.java:logGet(46)) - raft.server.log.statemachine.data.read.timeout = 1000ms (default)
2023-02-21 13:40:14,326 [pool-481-thread-1] INFO  server.RaftServerConfigKeys (ConfUtils.java:logGet(46)) - raft.server.log.purge.preservation.log.num = 0 (default)
2023-02-21 13:40:14,326 [pool-481-thread-1] INFO  server.RaftServerConfigKeys (ConfUtils.java:logGet(46)) - raft.server.log.segment.size.max = 1048576 (custom)
2023-02-21 13:40:14,327 [EventQueue-PipelineReportForPipelineReportHandler] INFO  pipeline.PipelineManagerImpl (PipelineManagerImpl.java:openPipeline(367)) - Pipeline Pipeline[ Id: 639c3e74-b2e8-44be-8791-da1c02fe2c02, Nodes: 114eb3b6-0965-4949-a11e-bb51ff0d0ac6(fv-az318-260.ewvrrcgabbbubjc05i3n4a3pph.dx.internal.cloudapp.net/10.1.0.81), ReplicationConfig: RATIS/ONE, State:ALLOCATED, leaderId:114eb3b6-0965-4949-a11e-bb51ff0d0ac6, CreationTimestamp2023-02-21T13:40:11.319Z[Etc/UTC]] moved to OPEN state
2023-02-21 13:40:14,327 [pool-481-thread-1] INFO  server.RaftServerConfigKeys (ConfUtils.java:logGet(46)) - raft.server.log.segment.cache.num.max = 2 (custom)
2023-02-21 13:40:14,327 [pool-481-thread-1] INFO  server.RaftServerConfigKeys (ConfUtils.java:logGet(46)) - raft.server.log.segment.cache.size.max = 200MB (=209715200) (default)
2023-02-21 13:40:14,327 [pool-481-thread-1] INFO  segmented.SegmentedRaftLogWorker (SegmentedRaftLogWorker.java:<init>(189)) - new 114eb3b6-0965-4949-a11e-bb51ff0d0ac6@group-DA1C02FE2C02-SegmentedRaftLogWorker for RaftStorageImpl:Storage Directory /home/runner/work/ozone/ozone/hadoop-ozone/integration-test/target/test-dir/MiniOzoneClusterImpl-c6aa46b2-3083-4aae-be29-8199bb906922/datanode-0/data/ratis/639c3e74-b2e8-44be-8791-da1c02fe2c02
2023-02-21 13:40:14,327 [pool-481-thread-1] INFO  server.RaftServerConfigKeys (ConfUtils.java:logGet(46)) - raft.server.log.queue.byte-limit = 4294967296 (custom)
2023-02-21 13:40:14,329 [pool-481-thread-1] INFO  server.RaftServerConfigKeys (ConfUtils.java:logGet(46)) - raft.server.log.queue.element-limit = 1024 (custom)
2023-02-21 13:40:14,329 [pool-481-thread-1] INFO  server.RaftServerConfigKeys (ConfUtils.java:logGet(46)) - raft.server.log.segment.size.max = 1048576 (custom)
2023-02-21 13:40:14,329 [pool-481-thread-1] INFO  server.RaftServerConfigKeys (ConfUtils.java:logGet(46)) - raft.server.log.preallocated.size = 16384 (custom)
2023-02-21 13:40:14,329 [pool-481-thread-1] INFO  server.RaftServerConfigKeys (ConfUtils.java:logGet(46)) - raft.server.log.force.sync.num = 128 (default)
2023-02-21 13:40:14,329 [pool-481-thread-1] INFO  server.RaftServerConfigKeys (ConfUtils.java:logGet(46)) - raft.server.log.statemachine.data.sync = true (default)
2023-02-21 13:40:14,329 [pool-481-thread-1] INFO  server.RaftServerConfigKeys (ConfUtils.java:logGet(46)) - raft.server.log.statemachine.data.sync.timeout = 10s (default)
2023-02-21 13:40:14,329 [pool-481-thread-1] INFO  server.RaftServerConfigKeys (ConfUtils.java:logGet(46)) - raft.server.log.statemachine.data.sync.timeout.retry = -1 (default)
2023-02-21 13:40:14,330 [pool-481-thread-1] INFO  server.RaftServerConfigKeys (ConfUtils.java:logGet(46)) - raft.server.log.write.buffer.size = 1048576 (custom)
2023-02-21 13:40:14,330 [pool-481-thread-1] INFO  server.RaftServerConfigKeys (ConfUtils.java:logGet(46)) - raft.server.log.appender.buffer.byte-limit = 33554432 (custom)
2023-02-21 13:40:14,338 [EventQueue-OpenPipelineForHealthyPipelineSafeModeRule] INFO  safemode.SCMSafeModeManager (HealthyPipelineSafeModeRule.java:process(137)) - SCM in safe mode. Healthy pipelines reported count is 0, required healthy pipeline reported count is 1
2023-02-21 13:40:14,345 [pool-481-thread-1] INFO  server.RaftServerConfigKeys (ConfUtils.java:logGet(46)) - raft.server.log.unsafe-flush.enabled = false (default)
2023-02-21 13:40:14,345 [pool-481-thread-1] INFO  server.RaftServerConfigKeys (ConfUtils.java:logGet(46)) - raft.server.log.async-flush.enabled = false (default)
2023-02-21 13:40:14,345 [pool-481-thread-1] INFO  server.RaftServerConfigKeys (ConfUtils.java:logGet(46)) - raft.server.log.statemachine.data.caching.enabled = true (custom)
2023-02-21 13:40:14,346 [pool-481-thread-1] INFO  segmented.SegmentedRaftLogWorker (SegmentedRaftLogWorker.java:lambda$new$0(135)) - 114eb3b6-0965-4949-a11e-bb51ff0d0ac6@group-DA1C02FE2C02-SegmentedRaftLogWorker: flushIndex: setUnconditionally 0 -> -1
2023-02-21 13:40:14,346 [pool-481-thread-1] INFO  segmented.SegmentedRaftLogWorker (SegmentedRaftLogWorker.java:lambda$new$0(135)) - 114eb3b6-0965-4949-a11e-bb51ff0d0ac6@group-DA1C02FE2C02-SegmentedRaftLogWorker: safeCacheEvictIndex: setUnconditionally 0 -> -1
2023-02-21 13:40:14,346 [pool-481-thread-1] INFO  server.RaftServer$Division (RaftServerImpl.java:start(334)) - 114eb3b6-0965-4949-a11e-bb51ff0d0ac6@group-DA1C02FE2C02: start as a follower, conf=-1: peers:[114eb3b6-0965-4949-a11e-bb51ff0d0ac6|rpc:10.1.0.81:36273|dataStream:10.1.0.81:45849|priority:1|startupRole:FOLLOWER]|listeners:[], old=null
2023-02-21 13:40:14,346 [pool-481-thread-1] INFO  server.RaftServer$Division (RaftServerImpl.java:setRole(321)) - 114eb3b6-0965-4949-a11e-bb51ff0d0ac6@group-DA1C02FE2C02: changes role from      null to FOLLOWER at term 0 for startAsFollower
2023-02-21 13:40:14,346 [pool-481-thread-1] INFO  impl.RoleInfo (RoleInfo.java:updateAndGet(139)) - 114eb3b6-0965-4949-a11e-bb51ff0d0ac6: start 114eb3b6-0965-4949-a11e-bb51ff0d0ac6@group-DA1C02FE2C02-FollowerState
2023-02-21 13:40:14,350 [pool-481-thread-1] INFO  util.JmxRegister (JmxRegister.java:tryRegister(44)) - Successfully registered JMX Bean with object name Ratis:service=RaftServer,group=group-DA1C02FE2C02,id=114eb3b6-0965-4949-a11e-bb51ff0d0ac6
2023-02-21 13:40:14,350 [pool-481-thread-1] INFO  server.RaftServerConfigKeys (ConfUtils.java:logGet(46)) - raft.server.snapshot.auto.trigger.enabled = true (custom)
2023-02-21 13:40:14,350 [pool-481-thread-1] INFO  server.RaftServerConfigKeys (ConfUtils.java:logGet(46)) - raft.server.snapshot.auto.trigger.threshold = 10000 (custom)
2023-02-21 13:40:14,351 [pool-481-thread-1] INFO  server.RaftServerConfigKeys (ConfUtils.java:logGet(46)) - raft.server.snapshot.retention.file.num = 5 (custom)
2023-02-21 13:40:14,351 [pool-481-thread-1] INFO  server.RaftServerConfigKeys (ConfUtils.java:logGet(46)) - raft.server.log.purge.upto.snapshot.index = false (default)
2023-02-21 13:40:14,351 [114eb3b6-0965-4949-a11e-bb51ff0d0ac6@group-DA1C02FE2C02-FollowerState] INFO  server.RaftServerConfigKeys (ConfUtils.java:logFallback(53)) - raft.server.rpc.first-election.timeout.min = 5s (fallback to raft.server.rpc.timeout.min)
2023-02-21 13:40:14,351 [114eb3b6-0965-4949-a11e-bb51ff0d0ac6@group-DA1C02FE2C02-FollowerState] INFO  server.RaftServerConfigKeys (ConfUtils.java:logFallback(53)) - raft.server.rpc.first-election.timeout.max = 5200ms (fallback to raft.server.rpc.timeout.max)
2023-02-21 13:40:14,354 [Command processor thread] INFO  ratis.XceiverServerRatis (XceiverServerRatis.java:addGroup(807)) - Created group PipelineID=639c3e74-b2e8-44be-8791-da1c02fe2c02
2023-02-21 13:40:14,354 [Command processor thread] INFO  commandhandler.CreatePipelineCommandHandler (CreatePipelineCommandHandler.java:handle(113)) - Created Pipeline RATIS ONE PipelineID=639c3e74-b2e8-44be-8791-da1c02fe2c02.
2023-02-21 13:40:14,355 [Command processor thread] INFO  server.RaftServer (RaftServerProxy.java:addNew(96)) - 114eb3b6-0965-4949-a11e-bb51ff0d0ac6: addNew group-D38562E52FDD:[114eb3b6-0965-4949-a11e-bb51ff0d0ac6|rpc:10.1.0.81:36273|dataStream:10.1.0.81:45849|priority:1|startupRole:FOLLOWER, cc21282f-5934-42bf-9918-cc8c0aab7e68|rpc:10.1.0.81:34309|dataStream:10.1.0.81:33753|priority:0|startupRole:FOLLOWER, ddc1ce43-6958-4d2f-a962-1f2187968283|rpc:10.1.0.81:39087|dataStream:10.1.0.81:37359|priority:0|startupRole:FOLLOWER] returns group-D38562E52FDD:java.util.concurrent.CompletableFuture@6e436b43[Not completed]
2023-02-21 13:40:14,356 [pool-481-thread-1] INFO  server.RaftServer$Division (RaftServerImpl.java:<init>(195)) - 114eb3b6-0965-4949-a11e-bb51ff0d0ac6: new RaftServerImpl for group-D38562E52FDD:[114eb3b6-0965-4949-a11e-bb51ff0d0ac6|rpc:10.1.0.81:36273|dataStream:10.1.0.81:45849|priority:1|startupRole:FOLLOWER, cc21282f-5934-42bf-9918-cc8c0aab7e68|rpc:10.1.0.81:34309|dataStream:10.1.0.81:33753|priority:0|startupRole:FOLLOWER, ddc1ce43-6958-4d2f-a962-1f2187968283|rpc:10.1.0.81:39087|dataStream:10.1.0.81:37359|priority:0|startupRole:FOLLOWER] with ContainerStateMachine:uninitialized
2023-02-21 13:40:14,356 [pool-481-thread-1] INFO  server.RaftServerConfigKeys (ConfUtils.java:logGet(46)) - raft.server.rpc.timeout.min = 5s (custom)
2023-02-21 13:40:14,356 [pool-481-thread-1] INFO  server.RaftServerConfigKeys (ConfUtils.java:logGet(46)) - raft.server.rpc.timeout.max = 5200ms (custom)
2023-02-21 13:40:14,356 [pool-481-thread-1] INFO  server.RaftServerConfigKeys (ConfUtils.java:logGet(46)) - raft.server.rpc.sleep.time = 25ms (default)
2023-02-21 13:40:14,356 [pool-481-thread-1] INFO  server.RaftServerConfigKeys (ConfUtils.java:logGet(46)) - raft.server.rpc.slowness.timeout = 300s (custom)
2023-02-21 13:40:14,356 [pool-481-thread-1] INFO  server.RaftServerConfigKeys (ConfUtils.java:logGet(46)) - raft.server.leaderelection.leader.step-down.wait-time = 10s (default)
2023-02-21 13:40:14,356 [pool-481-thread-1] INFO  server.RaftServerConfigKeys (ConfUtils.java:logGet(46)) - raft.server.sleep.deviation.threshold = 300ms (default)
2023-02-21 13:40:14,356 [pool-481-thread-1] INFO  server.RaftServer$Division (ServerState.java:<init>(118)) - 114eb3b6-0965-4949-a11e-bb51ff0d0ac6@group-D38562E52FDD: ConfigurationManager, init=-1: peers:[114eb3b6-0965-4949-a11e-bb51ff0d0ac6|rpc:10.1.0.81:36273|dataStream:10.1.0.81:45849|priority:1|startupRole:FOLLOWER, cc21282f-5934-42bf-9918-cc8c0aab7e68|rpc:10.1.0.81:34309|dataStream:10.1.0.81:33753|priority:0|startupRole:FOLLOWER, ddc1ce43-6958-4d2f-a962-1f2187968283|rpc:10.1.0.81:39087|dataStream:10.1.0.81:37359|priority:0|startupRole:FOLLOWER]|listeners:[], old=null, confs=<EMPTY_MAP>
2023-02-21 13:40:14,356 [pool-481-thread-1] INFO  server.RaftServerConfigKeys (ConfUtils.java:logGet(46)) - raft.server.storage.dir = [/home/runner/work/ozone/ozone/hadoop-ozone/integration-test/target/test-dir/MiniOzoneClusterImpl-c6aa46b2-3083-4aae-be29-8199bb906922/datanode-0/data/ratis] (custom)
2023-02-21 13:40:14,356 [pool-481-thread-1] INFO  server.RaftServerConfigKeys (ConfUtils.java:logGet(46)) - raft.server.log.corruption.policy = EXCEPTION (default)
2023-02-21 13:40:14,356 [pool-481-thread-1] INFO  server.RaftServerConfigKeys (ConfUtils.java:logGet(46)) - raft.server.storage.free-space.min = 0MB (=0) (default)
2023-02-21 13:40:14,356 [pool-481-thread-1] INFO  server.RaftServerConfigKeys (ConfUtils.java:logGet(46)) - raft.server.notification.no-leader.timeout = 300s (custom)
2023-02-21 13:40:14,356 [pool-481-thread-1] INFO  server.RaftServerConfigKeys (ConfUtils.java:logGet(46)) - raft.server.retrycache.expirytime = 600000ms (custom)
2023-02-21 13:40:14,357 [pool-481-thread-1] INFO  server.RaftServerConfigKeys (ConfUtils.java:logGet(46)) - raft.server.retrycache.statistics.expirytime = 100μs (default)
2023-02-21 13:40:14,357 [pool-481-thread-1] INFO  server.RaftServerConfigKeys (ConfUtils.java:logGet(46)) - raft.server.log.appender.install.snapshot.enabled = false (custom)
2023-02-21 13:40:14,357 [pool-481-thread-1] INFO  server.RaftServerConfigKeys (ConfUtils.java:logGet(46)) - raft.server.threadpool.server.cached = true (default)
2023-02-21 13:40:14,357 [pool-481-thread-1] INFO  server.RaftServerConfigKeys (ConfUtils.java:logGet(46)) - raft.server.threadpool.server.size = 0 (default)
2023-02-21 13:40:14,357 [pool-481-thread-1] INFO  server.RaftServerConfigKeys (ConfUtils.java:logGet(46)) - raft.server.threadpool.client.cached = true (default)
2023-02-21 13:40:14,357 [pool-481-thread-1] INFO  server.RaftServerConfigKeys (ConfUtils.java:logGet(46)) - raft.server.threadpool.client.size = 0 (default)
2023-02-21 13:40:14,358 [pool-481-thread-1] INFO  storage.RaftStorageDirectory (RaftStorageDirectoryImpl.java:analyzeStorage(137)) - The storage directory /home/runner/work/ozone/ozone/hadoop-ozone/integration-test/target/test-dir/MiniOzoneClusterImpl-c6aa46b2-3083-4aae-be29-8199bb906922/datanode-0/data/ratis/6a4d15a1-aebb-4598-acc3-d38562e52fdd does not exist. Creating ...
2023-02-21 13:40:14,359 [pool-481-thread-1] INFO  storage.RaftStorageDirectory (RaftStorageDirectoryImpl.java:tryLock(231)) - Lock on /home/runner/work/ozone/ozone/hadoop-ozone/integration-test/target/test-dir/MiniOzoneClusterImpl-c6aa46b2-3083-4aae-be29-8199bb906922/datanode-0/data/ratis/6a4d15a1-aebb-4598-acc3-d38562e52fdd/in_use.lock acquired by nodename 15258@fv-az318-260
2023-02-21 13:40:14,361 [pool-481-thread-1] INFO  storage.RaftStorage (RaftStorageImpl.java:format(96)) - Storage directory /home/runner/work/ozone/ozone/hadoop-ozone/integration-test/target/test-dir/MiniOzoneClusterImpl-c6aa46b2-3083-4aae-be29-8199bb906922/datanode-0/data/ratis/6a4d15a1-aebb-4598-acc3-d38562e52fdd has been successfully formatted.
2023-02-21 13:40:14,361 [pool-481-thread-1] INFO  ratis.ContainerStateMachine (ContainerStateMachine.java:loadSnapshot(240)) - group-D38562E52FDD: The snapshot info is null. Setting the last applied indexto:(t:0, i:~)
2023-02-21 13:40:14,361 [pool-481-thread-1] INFO  server.RaftServerConfigKeys (ConfUtils.java:logGet(46)) - raft.server.log.use.memory = false (default)
2023-02-21 13:40:14,361 [pool-481-thread-1] INFO  server.RaftServerConfigKeys (ConfUtils.java:logGet(46)) - raft.server.log.purge.gap = 1000000 (custom)
2023-02-21 13:40:14,362 [pool-481-thread-1] INFO  server.RaftServerConfigKeys (ConfUtils.java:logGet(46)) - raft.server.log.appender.buffer.byte-limit = 33554432 (custom)
2023-02-21 13:40:14,362 [pool-481-thread-1] INFO  server.RaftServerConfigKeys (ConfUtils.java:logGet(46)) - raft.server.log.statemachine.data.read.timeout = 1000ms (default)
2023-02-21 13:40:14,362 [EventQueue-OpenPipelineForHealthyPipelineSafeModeRule] INFO  safemode.SCMSafeModeManager (HealthyPipelineSafeModeRule.java:process(137)) - SCM in safe mode. Healthy pipelines reported count is 0, required healthy pipeline reported count is 1
2023-02-21 13:40:14,363 [pool-481-thread-1] INFO  server.RaftServerConfigKeys (ConfUtils.java:logGet(46)) - raft.server.log.purge.preservation.log.num = 0 (default)
2023-02-21 13:40:14,363 [pool-481-thread-1] INFO  server.RaftServerConfigKeys (ConfUtils.java:logGet(46)) - raft.server.log.segment.size.max = 1048576 (custom)
2023-02-21 13:40:14,363 [pool-481-thread-1] INFO  server.RaftServerConfigKeys (ConfUtils.java:logGet(46)) - raft.server.log.segment.cache.num.max = 2 (custom)
2023-02-21 13:40:14,363 [pool-481-thread-1] INFO  server.RaftServerConfigKeys (ConfUtils.java:logGet(46)) - raft.server.log.segment.cache.size.max = 200MB (=209715200) (default)
2023-02-21 13:40:14,363 [pool-481-thread-1] INFO  segmented.SegmentedRaftLogWorker (SegmentedRaftLogWorker.java:<init>(189)) - new 114eb3b6-0965-4949-a11e-bb51ff0d0ac6@group-D38562E52FDD-SegmentedRaftLogWorker for RaftStorageImpl:Storage Directory /home/runner/work/ozone/ozone/hadoop-ozone/integration-test/target/test-dir/MiniOzoneClusterImpl-c6aa46b2-3083-4aae-be29-8199bb906922/datanode-0/data/ratis/6a4d15a1-aebb-4598-acc3-d38562e52fdd
2023-02-21 13:40:14,363 [pool-481-thread-1] INFO  server.RaftServerConfigKeys (ConfUtils.java:logGet(46)) - raft.server.log.queue.byte-limit = 4294967296 (custom)
2023-02-21 13:40:14,363 [pool-481-thread-1] INFO  server.RaftServerConfigKeys (ConfUtils.java:logGet(46)) - raft.server.log.queue.element-limit = 1024 (custom)
2023-02-21 13:40:14,363 [pool-481-thread-1] INFO  server.RaftServerConfigKeys (ConfUtils.java:logGet(46)) - raft.server.log.segment.size.max = 1048576 (custom)
2023-02-21 13:40:14,363 [pool-481-thread-1] INFO  server.RaftServerConfigKeys (ConfUtils.java:logGet(46)) - raft.server.log.preallocated.size = 16384 (custom)
2023-02-21 13:40:14,363 [pool-481-thread-1] INFO  server.RaftServerConfigKeys (ConfUtils.java:logGet(46)) - raft.server.log.force.sync.num = 128 (default)
2023-02-21 13:40:14,364 [pool-481-thread-1] INFO  server.RaftServerConfigKeys (ConfUtils.java:logGet(46)) - raft.server.log.statemachine.data.sync = true (default)
2023-02-21 13:40:14,364 [pool-481-thread-1] INFO  server.RaftServerConfigKeys (ConfUtils.java:logGet(46)) - raft.server.log.statemachine.data.sync.timeout = 10s (default)
2023-02-21 13:40:14,364 [pool-481-thread-1] INFO  server.RaftServerConfigKeys (ConfUtils.java:logGet(46)) - raft.server.log.statemachine.data.sync.timeout.retry = -1 (default)
2023-02-21 13:40:14,364 [pool-481-thread-1] INFO  server.RaftServerConfigKeys (ConfUtils.java:logGet(46)) - raft.server.log.write.buffer.size = 1048576 (custom)
2023-02-21 13:40:14,365 [pool-481-thread-1] INFO  server.RaftServerConfigKeys (ConfUtils.java:logGet(46)) - raft.server.log.appender.buffer.byte-limit = 33554432 (custom)
2023-02-21 13:40:14,370 [pool-481-thread-1] INFO  server.RaftServerConfigKeys (ConfUtils.java:logGet(46)) - raft.server.log.unsafe-flush.enabled = false (default)
2023-02-21 13:40:14,371 [pool-481-thread-1] INFO  server.RaftServerConfigKeys (ConfUtils.java:logGet(46)) - raft.server.log.async-flush.enabled = false (default)
2023-02-21 13:40:14,371 [pool-481-thread-1] INFO  server.RaftServerConfigKeys (ConfUtils.java:logGet(46)) - raft.server.log.statemachine.data.caching.enabled = true (custom)
2023-02-21 13:40:14,371 [pool-481-thread-1] INFO  segmented.SegmentedRaftLogWorker (SegmentedRaftLogWorker.java:lambda$new$0(135)) - 114eb3b6-0965-4949-a11e-bb51ff0d0ac6@group-D38562E52FDD-SegmentedRaftLogWorker: flushIndex: setUnconditionally 0 -> -1
2023-02-21 13:40:14,371 [pool-481-thread-1] INFO  segmented.SegmentedRaftLogWorker (SegmentedRaftLogWorker.java:lambda$new$0(135)) - 114eb3b6-0965-4949-a11e-bb51ff0d0ac6@group-D38562E52FDD-SegmentedRaftLogWorker: safeCacheEvictIndex: setUnconditionally 0 -> -1
2023-02-21 13:40:14,371 [pool-481-thread-1] INFO  server.RaftServer$Division (RaftServerImpl.java:start(334)) - 114eb3b6-0965-4949-a11e-bb51ff0d0ac6@group-D38562E52FDD: start as a follower, conf=-1: peers:[114eb3b6-0965-4949-a11e-bb51ff0d0ac6|rpc:10.1.0.81:36273|dataStream:10.1.0.81:45849|priority:1|startupRole:FOLLOWER, cc21282f-5934-42bf-9918-cc8c0aab7e68|rpc:10.1.0.81:34309|dataStream:10.1.0.81:33753|priority:0|startupRole:FOLLOWER, ddc1ce43-6958-4d2f-a962-1f2187968283|rpc:10.1.0.81:39087|dataStream:10.1.0.81:37359|priority:0|startupRole:FOLLOWER]|listeners:[], old=null
2023-02-21 13:40:14,371 [pool-481-thread-1] INFO  server.RaftServer$Division (RaftServerImpl.java:setRole(321)) - 114eb3b6-0965-4949-a11e-bb51ff0d0ac6@group-D38562E52FDD: changes role from      null to FOLLOWER at term 0 for startAsFollower
2023-02-21 13:40:14,371 [pool-481-thread-1] INFO  impl.RoleInfo (RoleInfo.java:updateAndGet(139)) - 114eb3b6-0965-4949-a11e-bb51ff0d0ac6: start 114eb3b6-0965-4949-a11e-bb51ff0d0ac6@group-D38562E52FDD-FollowerState
2023-02-21 13:40:14,374 [pool-481-thread-1] INFO  util.JmxRegister (JmxRegister.java:tryRegister(44)) - Successfully registered JMX Bean with object name Ratis:service=RaftServer,group=group-D38562E52FDD,id=114eb3b6-0965-4949-a11e-bb51ff0d0ac6
2023-02-21 13:40:14,374 [pool-481-thread-1] INFO  server.RaftServerConfigKeys (ConfUtils.java:logGet(46)) - raft.server.snapshot.auto.trigger.enabled = true (custom)
2023-02-21 13:40:14,374 [pool-481-thread-1] INFO  server.RaftServerConfigKeys (ConfUtils.java:logGet(46)) - raft.server.snapshot.auto.trigger.threshold = 10000 (custom)
2023-02-21 13:40:14,375 [pool-481-thread-1] INFO  server.RaftServerConfigKeys (ConfUtils.java:logGet(46)) - raft.server.snapshot.retention.file.num = 5 (custom)
2023-02-21 13:40:14,375 [pool-481-thread-1] INFO  server.RaftServerConfigKeys (ConfUtils.java:logGet(46)) - raft.server.log.purge.upto.snapshot.index = false (default)
2023-02-21 13:40:14,375 [114eb3b6-0965-4949-a11e-bb51ff0d0ac6@group-D38562E52FDD-FollowerState] INFO  server.RaftServerConfigKeys (ConfUtils.java:logFallback(53)) - raft.server.rpc.first-election.timeout.min = 5s (fallback to raft.server.rpc.timeout.min)
2023-02-21 13:40:14,376 [114eb3b6-0965-4949-a11e-bb51ff0d0ac6@group-D38562E52FDD-FollowerState] INFO  server.RaftServerConfigKeys (ConfUtils.java:logFallback(53)) - raft.server.rpc.first-election.timeout.max = 5200ms (fallback to raft.server.rpc.timeout.max)
2023-02-21 13:40:14,376 [Command processor thread] INFO  ratis.XceiverServerRatis (XceiverServerRatis.java:addGroup(807)) - Created group PipelineID=6a4d15a1-aebb-4598-acc3-d38562e52fdd
2023-02-21 13:40:14,390 [grpc-default-executor-0] INFO  server.RaftServer (RaftServerProxy.java:addNew(96)) - cc21282f-5934-42bf-9918-cc8c0aab7e68: addNew group-D38562E52FDD:[114eb3b6-0965-4949-a11e-bb51ff0d0ac6|rpc:10.1.0.81:36273|dataStream:10.1.0.81:45849|priority:1|startupRole:FOLLOWER, cc21282f-5934-42bf-9918-cc8c0aab7e68|rpc:10.1.0.81:34309|dataStream:10.1.0.81:33753|priority:0|startupRole:FOLLOWER, ddc1ce43-6958-4d2f-a962-1f2187968283|rpc:10.1.0.81:39087|dataStream:10.1.0.81:37359|priority:0|startupRole:FOLLOWER] returns group-D38562E52FDD:java.util.concurrent.CompletableFuture@625e7ef6[Not completed]
2023-02-21 13:40:14,391 [pool-525-thread-1] INFO  server.RaftServer$Division (RaftServerImpl.java:<init>(195)) - cc21282f-5934-42bf-9918-cc8c0aab7e68: new RaftServerImpl for group-D38562E52FDD:[114eb3b6-0965-4949-a11e-bb51ff0d0ac6|rpc:10.1.0.81:36273|dataStream:10.1.0.81:45849|priority:1|startupRole:FOLLOWER, cc21282f-5934-42bf-9918-cc8c0aab7e68|rpc:10.1.0.81:34309|dataStream:10.1.0.81:33753|priority:0|startupRole:FOLLOWER, ddc1ce43-6958-4d2f-a962-1f2187968283|rpc:10.1.0.81:39087|dataStream:10.1.0.81:37359|priority:0|startupRole:FOLLOWER] with ContainerStateMachine:uninitialized
2023-02-21 13:40:14,391 [pool-525-thread-1] INFO  server.RaftServerConfigKeys (ConfUtils.java:logGet(46)) - raft.server.rpc.timeout.min = 5s (custom)
2023-02-21 13:40:14,391 [pool-525-thread-1] INFO  server.RaftServerConfigKeys (ConfUtils.java:logGet(46)) - raft.server.rpc.timeout.max = 5200ms (custom)
2023-02-21 13:40:14,391 [pool-525-thread-1] INFO  server.RaftServerConfigKeys (ConfUtils.java:logGet(46)) - raft.server.rpc.sleep.time = 25ms (default)
2023-02-21 13:40:14,391 [pool-525-thread-1] INFO  server.RaftServerConfigKeys (ConfUtils.java:logGet(46)) - raft.server.rpc.slowness.timeout = 300s (custom)
2023-02-21 13:40:14,391 [pool-525-thread-1] INFO  server.RaftServerConfigKeys (ConfUtils.java:logGet(46)) - raft.server.leaderelection.leader.step-down.wait-time = 10s (default)
2023-02-21 13:40:14,391 [pool-525-thread-1] INFO  server.RaftServerConfigKeys (ConfUtils.java:logGet(46)) - raft.server.sleep.deviation.threshold = 300ms (default)
2023-02-21 13:40:14,392 [pool-525-thread-1] INFO  server.RaftServer$Division (ServerState.java:<init>(118)) - cc21282f-5934-42bf-9918-cc8c0aab7e68@group-D38562E52FDD: ConfigurationManager, init=-1: peers:[114eb3b6-0965-4949-a11e-bb51ff0d0ac6|rpc:10.1.0.81:36273|dataStream:10.1.0.81:45849|priority:1|startupRole:FOLLOWER, cc21282f-5934-42bf-9918-cc8c0aab7e68|rpc:10.1.0.81:34309|dataStream:10.1.0.81:33753|priority:0|startupRole:FOLLOWER, ddc1ce43-6958-4d2f-a962-1f2187968283|rpc:10.1.0.81:39087|dataStream:10.1.0.81:37359|priority:0|startupRole:FOLLOWER]|listeners:[], old=null, confs=<EMPTY_MAP>
2023-02-21 13:40:14,392 [pool-525-thread-1] INFO  server.RaftServerConfigKeys (ConfUtils.java:logGet(46)) - raft.server.storage.dir = [/home/runner/work/ozone/ozone/hadoop-ozone/integration-test/target/test-dir/MiniOzoneClusterImpl-c6aa46b2-3083-4aae-be29-8199bb906922/datanode-2/data/ratis] (custom)
2023-02-21 13:40:14,392 [pool-525-thread-1] INFO  server.RaftServerConfigKeys (ConfUtils.java:logGet(46)) - raft.server.log.corruption.policy = EXCEPTION (default)
2023-02-21 13:40:14,392 [pool-525-thread-1] INFO  server.RaftServerConfigKeys (ConfUtils.java:logGet(46)) - raft.server.storage.free-space.min = 0MB (=0) (default)
2023-02-21 13:40:14,393 [pool-525-thread-1] INFO  server.RaftServerConfigKeys (ConfUtils.java:logGet(46)) - raft.server.notification.no-leader.timeout = 300s (custom)
2023-02-21 13:40:14,393 [pool-525-thread-1] INFO  server.RaftServerConfigKeys (ConfUtils.java:logGet(46)) - raft.server.retrycache.expirytime = 600000ms (custom)
2023-02-21 13:40:14,393 [pool-525-thread-1] INFO  server.RaftServerConfigKeys (ConfUtils.java:logGet(46)) - raft.server.retrycache.statistics.expirytime = 100μs (default)
2023-02-21 13:40:14,395 [pool-525-thread-1] INFO  server.RaftServerConfigKeys (ConfUtils.java:logGet(46)) - raft.server.log.appender.install.snapshot.enabled = false (custom)
2023-02-21 13:40:14,395 [pool-525-thread-1] INFO  server.RaftServerConfigKeys (ConfUtils.java:logGet(46)) - raft.server.threadpool.server.cached = true (default)
2023-02-21 13:40:14,395 [pool-525-thread-1] INFO  server.RaftServerConfigKeys (ConfUtils.java:logGet(46)) - raft.server.threadpool.server.size = 0 (default)
2023-02-21 13:40:14,395 [pool-525-thread-1] INFO  server.RaftServerConfigKeys (ConfUtils.java:logGet(46)) - raft.server.threadpool.client.cached = true (default)
2023-02-21 13:40:14,395 [pool-525-thread-1] INFO  server.RaftServerConfigKeys (ConfUtils.java:logGet(46)) - raft.server.threadpool.client.size = 0 (default)
2023-02-21 13:40:14,395 [pool-525-thread-1] INFO  storage.RaftStorageDirectory (RaftStorageDirectoryImpl.java:analyzeStorage(137)) - The storage directory /home/runner/work/ozone/ozone/hadoop-ozone/integration-test/target/test-dir/MiniOzoneClusterImpl-c6aa46b2-3083-4aae-be29-8199bb906922/datanode-2/data/ratis/6a4d15a1-aebb-4598-acc3-d38562e52fdd does not exist. Creating ...
2023-02-21 13:40:14,398 [pool-525-thread-1] INFO  storage.RaftStorageDirectory (RaftStorageDirectoryImpl.java:tryLock(231)) - Lock on /home/runner/work/ozone/ozone/hadoop-ozone/integration-test/target/test-dir/MiniOzoneClusterImpl-c6aa46b2-3083-4aae-be29-8199bb906922/datanode-2/data/ratis/6a4d15a1-aebb-4598-acc3-d38562e52fdd/in_use.lock acquired by nodename 15258@fv-az318-260
2023-02-21 13:40:14,400 [pool-525-thread-1] INFO  storage.RaftStorage (RaftStorageImpl.java:format(96)) - Storage directory /home/runner/work/ozone/ozone/hadoop-ozone/integration-test/target/test-dir/MiniOzoneClusterImpl-c6aa46b2-3083-4aae-be29-8199bb906922/datanode-2/data/ratis/6a4d15a1-aebb-4598-acc3-d38562e52fdd has been successfully formatted.
2023-02-21 13:40:14,401 [pool-525-thread-1] INFO  ratis.ContainerStateMachine (ContainerStateMachine.java:loadSnapshot(240)) - group-D38562E52FDD: The snapshot info is null. Setting the last applied indexto:(t:0, i:~)
2023-02-21 13:40:14,401 [pool-525-thread-1] INFO  server.RaftServerConfigKeys (ConfUtils.java:logGet(46)) - raft.server.log.use.memory = false (default)
2023-02-21 13:40:14,401 [pool-525-thread-1] INFO  server.RaftServerConfigKeys (ConfUtils.java:logGet(46)) - raft.server.log.purge.gap = 1000000 (custom)
2023-02-21 13:40:14,402 [pool-525-thread-1] INFO  server.RaftServerConfigKeys (ConfUtils.java:logGet(46)) - raft.server.log.appender.buffer.byte-limit = 33554432 (custom)
2023-02-21 13:40:14,402 [pool-525-thread-1] INFO  server.RaftServerConfigKeys (ConfUtils.java:logGet(46)) - raft.server.log.statemachine.data.read.timeout = 1000ms (default)
2023-02-21 13:40:14,402 [pool-525-thread-1] INFO  server.RaftServerConfigKeys (ConfUtils.java:logGet(46)) - raft.server.log.purge.preservation.log.num = 0 (default)
2023-02-21 13:40:14,402 [pool-525-thread-1] INFO  server.RaftServerConfigKeys (ConfUtils.java:logGet(46)) - raft.server.log.segment.size.max = 1048576 (custom)
2023-02-21 13:40:14,402 [pool-525-thread-1] INFO  server.RaftServerConfigKeys (ConfUtils.java:logGet(46)) - raft.server.log.segment.cache.num.max = 2 (custom)
2023-02-21 13:40:14,402 [pool-525-thread-1] INFO  server.RaftServerConfigKeys (ConfUtils.java:logGet(46)) - raft.server.log.segment.cache.size.max = 200MB (=209715200) (default)
2023-02-21 13:40:14,403 [pool-525-thread-1] INFO  segmented.SegmentedRaftLogWorker (SegmentedRaftLogWorker.java:<init>(189)) - new cc21282f-5934-42bf-9918-cc8c0aab7e68@group-D38562E52FDD-SegmentedRaftLogWorker for RaftStorageImpl:Storage Directory /home/runner/work/ozone/ozone/hadoop-ozone/integration-test/target/test-dir/MiniOzoneClusterImpl-c6aa46b2-3083-4aae-be29-8199bb906922/datanode-2/data/ratis/6a4d15a1-aebb-4598-acc3-d38562e52fdd
2023-02-21 13:40:14,403 [pool-525-thread-1] INFO  server.RaftServerConfigKeys (ConfUtils.java:logGet(46)) - raft.server.log.queue.byte-limit = 4294967296 (custom)
2023-02-21 13:40:14,403 [pool-525-thread-1] INFO  server.RaftServerConfigKeys (ConfUtils.java:logGet(46)) - raft.server.log.queue.element-limit = 1024 (custom)
2023-02-21 13:40:14,403 [pool-525-thread-1] INFO  server.RaftServerConfigKeys (ConfUtils.java:logGet(46)) - raft.server.log.segment.size.max = 1048576 (custom)
2023-02-21 13:40:14,403 [pool-525-thread-1] INFO  server.RaftServerConfigKeys (ConfUtils.java:logGet(46)) - raft.server.log.preallocated.size = 16384 (custom)
2023-02-21 13:40:14,403 [pool-525-thread-1] INFO  server.RaftServerConfigKeys (ConfUtils.java:logGet(46)) - raft.server.log.force.sync.num = 128 (default)
2023-02-21 13:40:14,403 [pool-525-thread-1] INFO  server.RaftServerConfigKeys (ConfUtils.java:logGet(46)) - raft.server.log.statemachine.data.sync = true (default)
2023-02-21 13:40:14,403 [pool-525-thread-1] INFO  server.RaftServerConfigKeys (ConfUtils.java:logGet(46)) - raft.server.log.statemachine.data.sync.timeout = 10s (default)
2023-02-21 13:40:14,403 [pool-525-thread-1] INFO  server.RaftServerConfigKeys (ConfUtils.java:logGet(46)) - raft.server.log.statemachine.data.sync.timeout.retry = -1 (default)
2023-02-21 13:40:14,404 [pool-525-thread-1] INFO  server.RaftServerConfigKeys (ConfUtils.java:logGet(46)) - raft.server.log.write.buffer.size = 1048576 (custom)
2023-02-21 13:40:14,404 [pool-525-thread-1] INFO  server.RaftServerConfigKeys (ConfUtils.java:logGet(46)) - raft.server.log.appender.buffer.byte-limit = 33554432 (custom)
2023-02-21 13:40:14,410 [pool-525-thread-1] INFO  server.RaftServerConfigKeys (ConfUtils.java:logGet(46)) - raft.server.log.unsafe-flush.enabled = false (default)
2023-02-21 13:40:14,410 [pool-525-thread-1] INFO  server.RaftServerConfigKeys (ConfUtils.java:logGet(46)) - raft.server.log.async-flush.enabled = false (default)
2023-02-21 13:40:14,410 [pool-525-thread-1] INFO  server.RaftServerConfigKeys (ConfUtils.java:logGet(46)) - raft.server.log.statemachine.data.caching.enabled = true (custom)
2023-02-21 13:40:14,411 [pool-525-thread-1] INFO  segmented.SegmentedRaftLogWorker (SegmentedRaftLogWorker.java:lambda$new$0(135)) - cc21282f-5934-42bf-9918-cc8c0aab7e68@group-D38562E52FDD-SegmentedRaftLogWorker: flushIndex: setUnconditionally 0 -> -1
2023-02-21 13:40:14,411 [pool-525-thread-1] INFO  segmented.SegmentedRaftLogWorker (SegmentedRaftLogWorker.java:lambda$new$0(135)) - cc21282f-5934-42bf-9918-cc8c0aab7e68@group-D38562E52FDD-SegmentedRaftLogWorker: safeCacheEvictIndex: setUnconditionally 0 -> -1
2023-02-21 13:40:14,411 [pool-525-thread-1] INFO  server.RaftServer$Division (RaftServerImpl.java:start(334)) - cc21282f-5934-42bf-9918-cc8c0aab7e68@group-D38562E52FDD: start as a follower, conf=-1: peers:[114eb3b6-0965-4949-a11e-bb51ff0d0ac6|rpc:10.1.0.81:36273|dataStream:10.1.0.81:45849|priority:1|startupRole:FOLLOWER, cc21282f-5934-42bf-9918-cc8c0aab7e68|rpc:10.1.0.81:34309|dataStream:10.1.0.81:33753|priority:0|startupRole:FOLLOWER, ddc1ce43-6958-4d2f-a962-1f2187968283|rpc:10.1.0.81:39087|dataStream:10.1.0.81:37359|priority:0|startupRole:FOLLOWER]|listeners:[], old=null
2023-02-21 13:40:14,411 [pool-525-thread-1] INFO  server.RaftServer$Division (RaftServerImpl.java:setRole(321)) - cc21282f-5934-42bf-9918-cc8c0aab7e68@group-D38562E52FDD: changes role from      null to FOLLOWER at term 0 for startAsFollower
2023-02-21 13:40:14,411 [pool-525-thread-1] INFO  impl.RoleInfo (RoleInfo.java:updateAndGet(139)) - cc21282f-5934-42bf-9918-cc8c0aab7e68: start cc21282f-5934-42bf-9918-cc8c0aab7e68@group-D38562E52FDD-FollowerState
2023-02-21 13:40:14,411 [pool-525-thread-1] INFO  util.JmxRegister (JmxRegister.java:tryRegister(44)) - Successfully registered JMX Bean with object name Ratis:service=RaftServer,group=group-D38562E52FDD,id=cc21282f-5934-42bf-9918-cc8c0aab7e68
2023-02-21 13:40:14,411 [pool-525-thread-1] INFO  server.RaftServerConfigKeys (ConfUtils.java:logGet(46)) - raft.server.snapshot.auto.trigger.enabled = true (custom)
2023-02-21 13:40:14,412 [pool-525-thread-1] INFO  server.RaftServerConfigKeys (ConfUtils.java:logGet(46)) - raft.server.snapshot.auto.trigger.threshold = 10000 (custom)
2023-02-21 13:40:14,412 [pool-525-thread-1] INFO  server.RaftServerConfigKeys (ConfUtils.java:logGet(46)) - raft.server.snapshot.retention.file.num = 5 (custom)
2023-02-21 13:40:14,412 [pool-525-thread-1] INFO  server.RaftServerConfigKeys (ConfUtils.java:logGet(46)) - raft.server.log.purge.upto.snapshot.index = false (default)
2023-02-21 13:40:14,414 [cc21282f-5934-42bf-9918-cc8c0aab7e68@group-D38562E52FDD-FollowerState] INFO  server.RaftServerConfigKeys (ConfUtils.java:logFallback(53)) - raft.server.rpc.first-election.timeout.min = 5s (fallback to raft.server.rpc.timeout.min)
2023-02-21 13:40:14,415 [cc21282f-5934-42bf-9918-cc8c0aab7e68@group-D38562E52FDD-FollowerState] INFO  server.RaftServerConfigKeys (ConfUtils.java:logFallback(53)) - raft.server.rpc.first-election.timeout.max = 5200ms (fallback to raft.server.rpc.timeout.max)
2023-02-21 13:40:14,430 [grpc-default-executor-0] INFO  server.RaftServer (RaftServerProxy.java:addNew(96)) - ddc1ce43-6958-4d2f-a962-1f2187968283: addNew group-D38562E52FDD:[114eb3b6-0965-4949-a11e-bb51ff0d0ac6|rpc:10.1.0.81:36273|dataStream:10.1.0.81:45849|priority:1|startupRole:FOLLOWER, cc21282f-5934-42bf-9918-cc8c0aab7e68|rpc:10.1.0.81:34309|dataStream:10.1.0.81:33753|priority:0|startupRole:FOLLOWER, ddc1ce43-6958-4d2f-a962-1f2187968283|rpc:10.1.0.81:39087|dataStream:10.1.0.81:37359|priority:0|startupRole:FOLLOWER] returns group-D38562E52FDD:java.util.concurrent.CompletableFuture@7065793a[Not completed]
2023-02-21 13:40:14,431 [pool-503-thread-1] INFO  server.RaftServer$Division (RaftServerImpl.java:<init>(195)) - ddc1ce43-6958-4d2f-a962-1f2187968283: new RaftServerImpl for group-D38562E52FDD:[114eb3b6-0965-4949-a11e-bb51ff0d0ac6|rpc:10.1.0.81:36273|dataStream:10.1.0.81:45849|priority:1|startupRole:FOLLOWER, cc21282f-5934-42bf-9918-cc8c0aab7e68|rpc:10.1.0.81:34309|dataStream:10.1.0.81:33753|priority:0|startupRole:FOLLOWER, ddc1ce43-6958-4d2f-a962-1f2187968283|rpc:10.1.0.81:39087|dataStream:10.1.0.81:37359|priority:0|startupRole:FOLLOWER] with ContainerStateMachine:uninitialized
2023-02-21 13:40:14,432 [pool-503-thread-1] INFO  server.RaftServerConfigKeys (ConfUtils.java:logGet(46)) - raft.server.rpc.timeout.min = 5s (custom)
2023-02-21 13:40:14,432 [pool-503-thread-1] INFO  server.RaftServerConfigKeys (ConfUtils.java:logGet(46)) - raft.server.rpc.timeout.max = 5200ms (custom)
2023-02-21 13:40:14,432 [pool-503-thread-1] INFO  server.RaftServerConfigKeys (ConfUtils.java:logGet(46)) - raft.server.rpc.sleep.time = 25ms (default)
2023-02-21 13:40:14,432 [pool-503-thread-1] INFO  server.RaftServerConfigKeys (ConfUtils.java:logGet(46)) - raft.server.rpc.slowness.timeout = 300s (custom)
2023-02-21 13:40:14,432 [pool-503-thread-1] INFO  server.RaftServerConfigKeys (ConfUtils.java:logGet(46)) - raft.server.leaderelection.leader.step-down.wait-time = 10s (default)
2023-02-21 13:40:14,432 [pool-503-thread-1] INFO  server.RaftServerConfigKeys (ConfUtils.java:logGet(46)) - raft.server.sleep.deviation.threshold = 300ms (default)
2023-02-21 13:40:14,432 [pool-503-thread-1] INFO  server.RaftServer$Division (ServerState.java:<init>(118)) - ddc1ce43-6958-4d2f-a962-1f2187968283@group-D38562E52FDD: ConfigurationManager, init=-1: peers:[114eb3b6-0965-4949-a11e-bb51ff0d0ac6|rpc:10.1.0.81:36273|dataStream:10.1.0.81:45849|priority:1|startupRole:FOLLOWER, cc21282f-5934-42bf-9918-cc8c0aab7e68|rpc:10.1.0.81:34309|dataStream:10.1.0.81:33753|priority:0|startupRole:FOLLOWER, ddc1ce43-6958-4d2f-a962-1f2187968283|rpc:10.1.0.81:39087|dataStream:10.1.0.81:37359|priority:0|startupRole:FOLLOWER]|listeners:[], old=null, confs=<EMPTY_MAP>
2023-02-21 13:40:14,432 [pool-503-thread-1] INFO  server.RaftServerConfigKeys (ConfUtils.java:logGet(46)) - raft.server.storage.dir = [/home/runner/work/ozone/ozone/hadoop-ozone/integration-test/target/test-dir/MiniOzoneClusterImpl-c6aa46b2-3083-4aae-be29-8199bb906922/datanode-1/data/ratis] (custom)
2023-02-21 13:40:14,432 [pool-503-thread-1] INFO  server.RaftServerConfigKeys (ConfUtils.java:logGet(46)) - raft.server.log.corruption.policy = EXCEPTION (default)
2023-02-21 13:40:14,432 [pool-503-thread-1] INFO  server.RaftServerConfigKeys (ConfUtils.java:logGet(46)) - raft.server.storage.free-space.min = 0MB (=0) (default)
2023-02-21 13:40:14,433 [pool-503-thread-1] INFO  server.RaftServerConfigKeys (ConfUtils.java:logGet(46)) - raft.server.notification.no-leader.timeout = 300s (custom)
2023-02-21 13:40:14,433 [pool-503-thread-1] INFO  server.RaftServerConfigKeys (ConfUtils.java:logGet(46)) - raft.server.retrycache.expirytime = 600000ms (custom)
2023-02-21 13:40:14,433 [pool-503-thread-1] INFO  server.RaftServerConfigKeys (ConfUtils.java:logGet(46)) - raft.server.retrycache.statistics.expirytime = 100μs (default)
2023-02-21 13:40:14,434 [pool-503-thread-1] INFO  server.RaftServerConfigKeys (ConfUtils.java:logGet(46)) - raft.server.log.appender.install.snapshot.enabled = false (custom)
2023-02-21 13:40:14,434 [pool-503-thread-1] INFO  server.RaftServerConfigKeys (ConfUtils.java:logGet(46)) - raft.server.threadpool.server.cached = true (default)
2023-02-21 13:40:14,434 [pool-503-thread-1] INFO  server.RaftServerConfigKeys (ConfUtils.java:logGet(46)) - raft.server.threadpool.server.size = 0 (default)
2023-02-21 13:40:14,434 [pool-503-thread-1] INFO  server.RaftServerConfigKeys (ConfUtils.java:logGet(46)) - raft.server.threadpool.client.cached = true (default)
2023-02-21 13:40:14,434 [pool-503-thread-1] INFO  server.RaftServerConfigKeys (ConfUtils.java:logGet(46)) - raft.server.threadpool.client.size = 0 (default)
2023-02-21 13:40:14,434 [pool-503-thread-1] INFO  storage.RaftStorageDirectory (RaftStorageDirectoryImpl.java:analyzeStorage(137)) - The storage directory /home/runner/work/ozone/ozone/hadoop-ozone/integration-test/target/test-dir/MiniOzoneClusterImpl-c6aa46b2-3083-4aae-be29-8199bb906922/datanode-1/data/ratis/6a4d15a1-aebb-4598-acc3-d38562e52fdd does not exist. Creating ...
2023-02-21 13:40:14,435 [pool-503-thread-1] INFO  storage.RaftStorageDirectory (RaftStorageDirectoryImpl.java:tryLock(231)) - Lock on /home/runner/work/ozone/ozone/hadoop-ozone/integration-test/target/test-dir/MiniOzoneClusterImpl-c6aa46b2-3083-4aae-be29-8199bb906922/datanode-1/data/ratis/6a4d15a1-aebb-4598-acc3-d38562e52fdd/in_use.lock acquired by nodename 15258@fv-az318-260
2023-02-21 13:40:14,437 [pool-503-thread-1] INFO  storage.RaftStorage (RaftStorageImpl.java:format(96)) - Storage directory /home/runner/work/ozone/ozone/hadoop-ozone/integration-test/target/test-dir/MiniOzoneClusterImpl-c6aa46b2-3083-4aae-be29-8199bb906922/datanode-1/data/ratis/6a4d15a1-aebb-4598-acc3-d38562e52fdd has been successfully formatted.
2023-02-21 13:40:14,438 [pool-503-thread-1] INFO  ratis.ContainerStateMachine (ContainerStateMachine.java:loadSnapshot(240)) - group-D38562E52FDD: The snapshot info is null. Setting the last applied indexto:(t:0, i:~)
2023-02-21 13:40:14,438 [pool-503-thread-1] INFO  server.RaftServerConfigKeys (ConfUtils.java:logGet(46)) - raft.server.log.use.memory = false (default)
2023-02-21 13:40:14,438 [pool-503-thread-1] INFO  server.RaftServerConfigKeys (ConfUtils.java:logGet(46)) - raft.server.log.purge.gap = 1000000 (custom)
2023-02-21 13:40:14,438 [pool-503-thread-1] INFO  server.RaftServerConfigKeys (ConfUtils.java:logGet(46)) - raft.server.log.appender.buffer.byte-limit = 33554432 (custom)
2023-02-21 13:40:14,439 [pool-503-thread-1] INFO  server.RaftServerConfigKeys (ConfUtils.java:logGet(46)) - raft.server.log.statemachine.data.read.timeout = 1000ms (default)
2023-02-21 13:40:14,439 [pool-503-thread-1] INFO  server.RaftServerConfigKeys (ConfUtils.java:logGet(46)) - raft.server.log.purge.preservation.log.num = 0 (default)
2023-02-21 13:40:14,439 [pool-503-thread-1] INFO  server.RaftServerConfigKeys (ConfUtils.java:logGet(46)) - raft.server.log.segment.size.max = 1048576 (custom)
2023-02-21 13:40:14,440 [pool-503-thread-1] INFO  server.RaftServerConfigKeys (ConfUtils.java:logGet(46)) - raft.server.log.segment.cache.num.max = 2 (custom)
2023-02-21 13:40:14,440 [pool-503-thread-1] INFO  server.RaftServerConfigKeys (ConfUtils.java:logGet(46)) - raft.server.log.segment.cache.size.max = 200MB (=209715200) (default)
2023-02-21 13:40:14,440 [pool-503-thread-1] INFO  segmented.SegmentedRaftLogWorker (SegmentedRaftLogWorker.java:<init>(189)) - new ddc1ce43-6958-4d2f-a962-1f2187968283@group-D38562E52FDD-SegmentedRaftLogWorker for RaftStorageImpl:Storage Directory /home/runner/work/ozone/ozone/hadoop-ozone/integration-test/target/test-dir/MiniOzoneClusterImpl-c6aa46b2-3083-4aae-be29-8199bb906922/datanode-1/data/ratis/6a4d15a1-aebb-4598-acc3-d38562e52fdd
2023-02-21 13:40:14,440 [pool-503-thread-1] INFO  server.RaftServerConfigKeys (ConfUtils.java:logGet(46)) - raft.server.log.queue.byte-limit = 4294967296 (custom)
2023-02-21 13:40:14,440 [pool-503-thread-1] INFO  server.RaftServerConfigKeys (ConfUtils.java:logGet(46)) - raft.server.log.queue.element-limit = 1024 (custom)
2023-02-21 13:40:14,440 [pool-503-thread-1] INFO  server.RaftServerConfigKeys (ConfUtils.java:logGet(46)) - raft.server.log.segment.size.max = 1048576 (custom)
2023-02-21 13:40:14,440 [pool-503-thread-1] INFO  server.RaftServerConfigKeys (ConfUtils.java:logGet(46)) - raft.server.log.preallocated.size = 16384 (custom)
2023-02-21 13:40:14,440 [pool-503-thread-1] INFO  server.RaftServerConfigKeys (ConfUtils.java:logGet(46)) - raft.server.log.force.sync.num = 128 (default)
2023-02-21 13:40:14,440 [pool-503-thread-1] INFO  server.RaftServerConfigKeys (ConfUtils.java:logGet(46)) - raft.server.log.statemachine.data.sync = true (default)
2023-02-21 13:40:14,440 [pool-503-thread-1] INFO  server.RaftServerConfigKeys (ConfUtils.java:logGet(46)) - raft.server.log.statemachine.data.sync.timeout = 10s (default)
2023-02-21 13:40:14,440 [pool-503-thread-1] INFO  server.RaftServerConfigKeys (ConfUtils.java:logGet(46)) - raft.server.log.statemachine.data.sync.timeout.retry = -1 (default)
2023-02-21 13:40:14,441 [pool-503-thread-1] INFO  server.RaftServerConfigKeys (ConfUtils.java:logGet(46)) - raft.server.log.write.buffer.size = 1048576 (custom)
2023-02-21 13:40:14,442 [pool-503-thread-1] INFO  server.RaftServerConfigKeys (ConfUtils.java:logGet(46)) - raft.server.log.appender.buffer.byte-limit = 33554432 (custom)
2023-02-21 13:40:14,447 [pool-503-thread-1] INFO  server.RaftServerConfigKeys (ConfUtils.java:logGet(46)) - raft.server.log.unsafe-flush.enabled = false (default)
2023-02-21 13:40:14,447 [pool-503-thread-1] INFO  server.RaftServerConfigKeys (ConfUtils.java:logGet(46)) - raft.server.log.async-flush.enabled = false (default)
2023-02-21 13:40:14,447 [pool-503-thread-1] INFO  server.RaftServerConfigKeys (ConfUtils.java:logGet(46)) - raft.server.log.statemachine.data.caching.enabled = true (custom)
2023-02-21 13:40:14,447 [pool-503-thread-1] INFO  segmented.SegmentedRaftLogWorker (SegmentedRaftLogWorker.java:lambda$new$0(135)) - ddc1ce43-6958-4d2f-a962-1f2187968283@group-D38562E52FDD-SegmentedRaftLogWorker: flushIndex: setUnconditionally 0 -> -1
2023-02-21 13:40:14,447 [pool-503-thread-1] INFO  segmented.SegmentedRaftLogWorker (SegmentedRaftLogWorker.java:lambda$new$0(135)) - ddc1ce43-6958-4d2f-a962-1f2187968283@group-D38562E52FDD-SegmentedRaftLogWorker: safeCacheEvictIndex: setUnconditionally 0 -> -1
2023-02-21 13:40:14,448 [pool-503-thread-1] INFO  server.RaftServer$Division (RaftServerImpl.java:start(334)) - ddc1ce43-6958-4d2f-a962-1f2187968283@group-D38562E52FDD: start as a follower, conf=-1: peers:[114eb3b6-0965-4949-a11e-bb51ff0d0ac6|rpc:10.1.0.81:36273|dataStream:10.1.0.81:45849|priority:1|startupRole:FOLLOWER, cc21282f-5934-42bf-9918-cc8c0aab7e68|rpc:10.1.0.81:34309|dataStream:10.1.0.81:33753|priority:0|startupRole:FOLLOWER, ddc1ce43-6958-4d2f-a962-1f2187968283|rpc:10.1.0.81:39087|dataStream:10.1.0.81:37359|priority:0|startupRole:FOLLOWER]|listeners:[], old=null
2023-02-21 13:40:14,448 [pool-503-thread-1] INFO  server.RaftServer$Division (RaftServerImpl.java:setRole(321)) - ddc1ce43-6958-4d2f-a962-1f2187968283@group-D38562E52FDD: changes role from      null to FOLLOWER at term 0 for startAsFollower
2023-02-21 13:40:14,448 [pool-503-thread-1] INFO  impl.RoleInfo (RoleInfo.java:updateAndGet(139)) - ddc1ce43-6958-4d2f-a962-1f2187968283: start ddc1ce43-6958-4d2f-a962-1f2187968283@group-D38562E52FDD-FollowerState
2023-02-21 13:40:14,450 [pool-503-thread-1] INFO  util.JmxRegister (JmxRegister.java:tryRegister(44)) - Successfully registered JMX Bean with object name Ratis:service=RaftServer,group=group-D38562E52FDD,id=ddc1ce43-6958-4d2f-a962-1f2187968283
2023-02-21 13:40:14,450 [pool-503-thread-1] INFO  server.RaftServerConfigKeys (ConfUtils.java:logGet(46)) - raft.server.snapshot.auto.trigger.enabled = true (custom)
2023-02-21 13:40:14,450 [pool-503-thread-1] INFO  server.RaftServerConfigKeys (ConfUtils.java:logGet(46)) - raft.server.snapshot.auto.trigger.threshold = 10000 (custom)
2023-02-21 13:40:14,450 [pool-503-thread-1] INFO  server.RaftServerConfigKeys (ConfUtils.java:logGet(46)) - raft.server.snapshot.retention.file.num = 5 (custom)
2023-02-21 13:40:14,451 [pool-503-thread-1] INFO  server.RaftServerConfigKeys (ConfUtils.java:logGet(46)) - raft.server.log.purge.upto.snapshot.index = false (default)
2023-02-21 13:40:14,451 [ddc1ce43-6958-4d2f-a962-1f2187968283@group-D38562E52FDD-FollowerState] INFO  server.RaftServerConfigKeys (ConfUtils.java:logFallback(53)) - raft.server.rpc.first-election.timeout.min = 5s (fallback to raft.server.rpc.timeout.min)
2023-02-21 13:40:14,451 [ddc1ce43-6958-4d2f-a962-1f2187968283@group-D38562E52FDD-FollowerState] INFO  server.RaftServerConfigKeys (ConfUtils.java:logFallback(53)) - raft.server.rpc.first-election.timeout.max = 5200ms (fallback to raft.server.rpc.timeout.max)
2023-02-21 13:40:14,462 [Command processor thread] INFO  commandhandler.CreatePipelineCommandHandler (CreatePipelineCommandHandler.java:handle(113)) - Created Pipeline RATIS THREE PipelineID=6a4d15a1-aebb-4598-acc3-d38562e52fdd.
2023-02-21 13:40:14,462 [Command processor thread] INFO  server.RaftServer (RaftServerProxy.java:addNew(96)) - 114eb3b6-0965-4949-a11e-bb51ff0d0ac6: addNew group-720CB0DD36AF:[114eb3b6-0965-4949-a11e-bb51ff0d0ac6|rpc:10.1.0.81:36273|dataStream:10.1.0.81:45849|priority:0|startupRole:FOLLOWER, cc21282f-5934-42bf-9918-cc8c0aab7e68|rpc:10.1.0.81:34309|dataStream:10.1.0.81:33753|priority:1|startupRole:FOLLOWER, ddc1ce43-6958-4d2f-a962-1f2187968283|rpc:10.1.0.81:39087|dataStream:10.1.0.81:37359|priority:0|startupRole:FOLLOWER] returns group-720CB0DD36AF:java.util.concurrent.CompletableFuture@7a70b2ff[Not completed]
2023-02-21 13:40:14,463 [pool-481-thread-1] INFO  server.RaftServer$Division (RaftServerImpl.java:<init>(195)) - 114eb3b6-0965-4949-a11e-bb51ff0d0ac6: new RaftServerImpl for group-720CB0DD36AF:[114eb3b6-0965-4949-a11e-bb51ff0d0ac6|rpc:10.1.0.81:36273|dataStream:10.1.0.81:45849|priority:0|startupRole:FOLLOWER, cc21282f-5934-42bf-9918-cc8c0aab7e68|rpc:10.1.0.81:34309|dataStream:10.1.0.81:33753|priority:1|startupRole:FOLLOWER, ddc1ce43-6958-4d2f-a962-1f2187968283|rpc:10.1.0.81:39087|dataStream:10.1.0.81:37359|priority:0|startupRole:FOLLOWER] with ContainerStateMachine:uninitialized
2023-02-21 13:40:14,463 [pool-481-thread-1] INFO  server.RaftServerConfigKeys (ConfUtils.java:logGet(46)) - raft.server.rpc.timeout.min = 5s (custom)
2023-02-21 13:40:14,463 [pool-481-thread-1] INFO  server.RaftServerConfigKeys (ConfUtils.java:logGet(46)) - raft.server.rpc.timeout.max = 5200ms (custom)
2023-02-21 13:40:14,463 [pool-481-thread-1] INFO  server.RaftServerConfigKeys (ConfUtils.java:logGet(46)) - raft.server.rpc.sleep.time = 25ms (default)
2023-02-21 13:40:14,463 [pool-481-thread-1] INFO  server.RaftServerConfigKeys (ConfUtils.java:logGet(46)) - raft.server.rpc.slowness.timeout = 300s (custom)
2023-02-21 13:40:14,463 [pool-481-thread-1] INFO  server.RaftServerConfigKeys (ConfUtils.java:logGet(46)) - raft.server.leaderelection.leader.step-down.wait-time = 10s (default)
2023-02-21 13:40:14,463 [pool-481-thread-1] INFO  server.RaftServerConfigKeys (ConfUtils.java:logGet(46)) - raft.server.sleep.deviation.threshold = 300ms (default)
2023-02-21 13:40:14,464 [pool-481-thread-1] INFO  server.RaftServer$Division (ServerState.java:<init>(118)) - 114eb3b6-0965-4949-a11e-bb51ff0d0ac6@group-720CB0DD36AF: ConfigurationManager, init=-1: peers:[114eb3b6-0965-4949-a11e-bb51ff0d0ac6|rpc:10.1.0.81:36273|dataStream:10.1.0.81:45849|priority:0|startupRole:FOLLOWER, cc21282f-5934-42bf-9918-cc8c0aab7e68|rpc:10.1.0.81:34309|dataStream:10.1.0.81:33753|priority:1|startupRole:FOLLOWER, ddc1ce43-6958-4d2f-a962-1f2187968283|rpc:10.1.0.81:39087|dataStream:10.1.0.81:37359|priority:0|startupRole:FOLLOWER]|listeners:[], old=null, confs=<EMPTY_MAP>
2023-02-21 13:40:14,464 [pool-481-thread-1] INFO  server.RaftServerConfigKeys (ConfUtils.java:logGet(46)) - raft.server.storage.dir = [/home/runner/work/ozone/ozone/hadoop-ozone/integration-test/target/test-dir/MiniOzoneClusterImpl-c6aa46b2-3083-4aae-be29-8199bb906922/datanode-0/data/ratis] (custom)
2023-02-21 13:40:14,464 [pool-481-thread-1] INFO  server.RaftServerConfigKeys (ConfUtils.java:logGet(46)) - raft.server.log.corruption.policy = EXCEPTION (default)
2023-02-21 13:40:14,464 [pool-481-thread-1] INFO  server.RaftServerConfigKeys (ConfUtils.java:logGet(46)) - raft.server.storage.free-space.min = 0MB (=0) (default)
2023-02-21 13:40:14,464 [pool-481-thread-1] INFO  server.RaftServerConfigKeys (ConfUtils.java:logGet(46)) - raft.server.notification.no-leader.timeout = 300s (custom)
2023-02-21 13:40:14,464 [pool-481-thread-1] INFO  server.RaftServerConfigKeys (ConfUtils.java:logGet(46)) - raft.server.retrycache.expirytime = 600000ms (custom)
2023-02-21 13:40:14,464 [pool-481-thread-1] INFO  server.RaftServerConfigKeys (ConfUtils.java:logGet(46)) - raft.server.retrycache.statistics.expirytime = 100μs (default)
2023-02-21 13:40:14,465 [pool-481-thread-1] INFO  server.RaftServerConfigKeys (ConfUtils.java:logGet(46)) - raft.server.log.appender.install.snapshot.enabled = false (custom)
2023-02-21 13:40:14,465 [pool-481-thread-1] INFO  server.RaftServerConfigKeys (ConfUtils.java:logGet(46)) - raft.server.threadpool.server.cached = true (default)
2023-02-21 13:40:14,465 [pool-481-thread-1] INFO  server.RaftServerConfigKeys (ConfUtils.java:logGet(46)) - raft.server.threadpool.server.size = 0 (default)
2023-02-21 13:40:14,465 [pool-481-thread-1] INFO  server.RaftServerConfigKeys (ConfUtils.java:logGet(46)) - raft.server.threadpool.client.cached = true (default)
2023-02-21 13:40:14,465 [pool-481-thread-1] INFO  server.RaftServerConfigKeys (ConfUtils.java:logGet(46)) - raft.server.threadpool.client.size = 0 (default)
2023-02-21 13:40:14,465 [pool-481-thread-1] INFO  storage.RaftStorageDirectory (RaftStorageDirectoryImpl.java:analyzeStorage(137)) - The storage directory /home/runner/work/ozone/ozone/hadoop-ozone/integration-test/target/test-dir/MiniOzoneClusterImpl-c6aa46b2-3083-4aae-be29-8199bb906922/datanode-0/data/ratis/853a9f29-240f-40bd-ac8e-720cb0dd36af does not exist. Creating ...
2023-02-21 13:40:14,467 [pool-481-thread-1] INFO  storage.RaftStorageDirectory (RaftStorageDirectoryImpl.java:tryLock(231)) - Lock on /home/runner/work/ozone/ozone/hadoop-ozone/integration-test/target/test-dir/MiniOzoneClusterImpl-c6aa46b2-3083-4aae-be29-8199bb906922/datanode-0/data/ratis/853a9f29-240f-40bd-ac8e-720cb0dd36af/in_use.lock acquired by nodename 15258@fv-az318-260
2023-02-21 13:40:14,468 [pool-481-thread-1] INFO  storage.RaftStorage (RaftStorageImpl.java:format(96)) - Storage directory /home/runner/work/ozone/ozone/hadoop-ozone/integration-test/target/test-dir/MiniOzoneClusterImpl-c6aa46b2-3083-4aae-be29-8199bb906922/datanode-0/data/ratis/853a9f29-240f-40bd-ac8e-720cb0dd36af has been successfully formatted.
2023-02-21 13:40:14,469 [pool-481-thread-1] INFO  ratis.ContainerStateMachine (ContainerStateMachine.java:loadSnapshot(240)) - group-720CB0DD36AF: The snapshot info is null. Setting the last applied indexto:(t:0, i:~)
2023-02-21 13:40:14,469 [pool-481-thread-1] INFO  server.RaftServerConfigKeys (ConfUtils.java:logGet(46)) - raft.server.log.use.memory = false (default)
2023-02-21 13:40:14,469 [pool-481-thread-1] INFO  server.RaftServerConfigKeys (ConfUtils.java:logGet(46)) - raft.server.log.purge.gap = 1000000 (custom)
2023-02-21 13:40:14,469 [pool-481-thread-1] INFO  server.RaftServerConfigKeys (ConfUtils.java:logGet(46)) - raft.server.log.appender.buffer.byte-limit = 33554432 (custom)
2023-02-21 13:40:14,469 [pool-481-thread-1] INFO  server.RaftServerConfigKeys (ConfUtils.java:logGet(46)) - raft.server.log.statemachine.data.read.timeout = 1000ms (default)
2023-02-21 13:40:14,469 [pool-481-thread-1] INFO  server.RaftServerConfigKeys (ConfUtils.java:logGet(46)) - raft.server.log.purge.preservation.log.num = 0 (default)
2023-02-21 13:40:14,470 [EventQueue-OpenPipelineForHealthyPipelineSafeModeRule] INFO  safemode.SCMSafeModeManager (HealthyPipelineSafeModeRule.java:process(137)) - SCM in safe mode. Healthy pipelines reported count is 0, required healthy pipeline reported count is 1
2023-02-21 13:40:14,470 [pool-481-thread-1] INFO  server.RaftServerConfigKeys (ConfUtils.java:logGet(46)) - raft.server.log.segment.size.max = 1048576 (custom)
2023-02-21 13:40:14,470 [pool-481-thread-1] INFO  server.RaftServerConfigKeys (ConfUtils.java:logGet(46)) - raft.server.log.segment.cache.num.max = 2 (custom)
2023-02-21 13:40:14,470 [pool-481-thread-1] INFO  server.RaftServerConfigKeys (ConfUtils.java:logGet(46)) - raft.server.log.segment.cache.size.max = 200MB (=209715200) (default)
2023-02-21 13:40:14,470 [pool-481-thread-1] INFO  segmented.SegmentedRaftLogWorker (SegmentedRaftLogWorker.java:<init>(189)) - new 114eb3b6-0965-4949-a11e-bb51ff0d0ac6@group-720CB0DD36AF-SegmentedRaftLogWorker for RaftStorageImpl:Storage Directory /home/runner/work/ozone/ozone/hadoop-ozone/integration-test/target/test-dir/MiniOzoneClusterImpl-c6aa46b2-3083-4aae-be29-8199bb906922/datanode-0/data/ratis/853a9f29-240f-40bd-ac8e-720cb0dd36af
2023-02-21 13:40:14,470 [pool-481-thread-1] INFO  server.RaftServerConfigKeys (ConfUtils.java:logGet(46)) - raft.server.log.queue.byte-limit = 4294967296 (custom)
2023-02-21 13:40:14,470 [pool-481-thread-1] INFO  server.RaftServerConfigKeys (ConfUtils.java:logGet(46)) - raft.server.log.queue.element-limit = 1024 (custom)
2023-02-21 13:40:14,470 [pool-481-thread-1] INFO  server.RaftServerConfigKeys (ConfUtils.java:logGet(46)) - raft.server.log.segment.size.max = 1048576 (custom)
2023-02-21 13:40:14,470 [pool-481-thread-1] INFO  server.RaftServerConfigKeys (ConfUtils.java:logGet(46)) - raft.server.log.preallocated.size = 16384 (custom)
2023-02-21 13:40:14,470 [pool-481-thread-1] INFO  server.RaftServerConfigKeys (ConfUtils.java:logGet(46)) - raft.server.log.force.sync.num = 128 (default)
2023-02-21 13:40:14,471 [pool-481-thread-1] INFO  server.RaftServerConfigKeys (ConfUtils.java:logGet(46)) - raft.server.log.statemachine.data.sync = true (default)
2023-02-21 13:40:14,471 [pool-481-thread-1] INFO  server.RaftServerConfigKeys (ConfUtils.java:logGet(46)) - raft.server.log.statemachine.data.sync.timeout = 10s (default)
2023-02-21 13:40:14,471 [pool-481-thread-1] INFO  server.RaftServerConfigKeys (ConfUtils.java:logGet(46)) - raft.server.log.statemachine.data.sync.timeout.retry = -1 (default)
2023-02-21 13:40:14,471 [pool-481-thread-1] INFO  server.RaftServerConfigKeys (ConfUtils.java:logGet(46)) - raft.server.log.write.buffer.size = 1048576 (custom)
2023-02-21 13:40:14,472 [pool-481-thread-1] INFO  server.RaftServerConfigKeys (ConfUtils.java:logGet(46)) - raft.server.log.appender.buffer.byte-limit = 33554432 (custom)
2023-02-21 13:40:14,483 [pool-481-thread-1] INFO  server.RaftServerConfigKeys (ConfUtils.java:logGet(46)) - raft.server.log.unsafe-flush.enabled = false (default)
2023-02-21 13:40:14,483 [pool-481-thread-1] INFO  server.RaftServerConfigKeys (ConfUtils.java:logGet(46)) - raft.server.log.async-flush.enabled = false (default)
2023-02-21 13:40:14,484 [pool-481-thread-1] INFO  server.RaftServerConfigKeys (ConfUtils.java:logGet(46)) - raft.server.log.statemachine.data.caching.enabled = true (custom)
2023-02-21 13:40:14,484 [pool-481-thread-1] INFO  segmented.SegmentedRaftLogWorker (SegmentedRaftLogWorker.java:lambda$new$0(135)) - 114eb3b6-0965-4949-a11e-bb51ff0d0ac6@group-720CB0DD36AF-SegmentedRaftLogWorker: flushIndex: setUnconditionally 0 -> -1
2023-02-21 13:40:14,484 [pool-481-thread-1] INFO  segmented.SegmentedRaftLogWorker (SegmentedRaftLogWorker.java:lambda$new$0(135)) - 114eb3b6-0965-4949-a11e-bb51ff0d0ac6@group-720CB0DD36AF-SegmentedRaftLogWorker: safeCacheEvictIndex: setUnconditionally 0 -> -1
2023-02-21 13:40:14,486 [pool-481-thread-1] INFO  server.RaftServer$Division (RaftServerImpl.java:start(334)) - 114eb3b6-0965-4949-a11e-bb51ff0d0ac6@group-720CB0DD36AF: start as a follower, conf=-1: peers:[114eb3b6-0965-4949-a11e-bb51ff0d0ac6|rpc:10.1.0.81:36273|dataStream:10.1.0.81:45849|priority:0|startupRole:FOLLOWER, cc21282f-5934-42bf-9918-cc8c0aab7e68|rpc:10.1.0.81:34309|dataStream:10.1.0.81:33753|priority:1|startupRole:FOLLOWER, ddc1ce43-6958-4d2f-a962-1f2187968283|rpc:10.1.0.81:39087|dataStream:10.1.0.81:37359|priority:0|startupRole:FOLLOWER]|listeners:[], old=null
2023-02-21 13:40:14,486 [pool-481-thread-1] INFO  server.RaftServer$Division (RaftServerImpl.java:setRole(321)) - 114eb3b6-0965-4949-a11e-bb51ff0d0ac6@group-720CB0DD36AF: changes role from      null to FOLLOWER at term 0 for startAsFollower
2023-02-21 13:40:14,486 [pool-481-thread-1] INFO  impl.RoleInfo (RoleInfo.java:updateAndGet(139)) - 114eb3b6-0965-4949-a11e-bb51ff0d0ac6: start 114eb3b6-0965-4949-a11e-bb51ff0d0ac6@group-720CB0DD36AF-FollowerState
2023-02-21 13:40:14,494 [pool-481-thread-1] INFO  util.JmxRegister (JmxRegister.java:tryRegister(44)) - Successfully registered JMX Bean with object name Ratis:service=RaftServer,group=group-720CB0DD36AF,id=114eb3b6-0965-4949-a11e-bb51ff0d0ac6
2023-02-21 13:40:14,495 [pool-481-thread-1] INFO  server.RaftServerConfigKeys (ConfUtils.java:logGet(46)) - raft.server.snapshot.auto.trigger.enabled = true (custom)
2023-02-21 13:40:14,496 [pool-481-thread-1] INFO  server.RaftServerConfigKeys (ConfUtils.java:logGet(46)) - raft.server.snapshot.auto.trigger.threshold = 10000 (custom)
2023-02-21 13:40:14,496 [pool-481-thread-1] INFO  server.RaftServerConfigKeys (ConfUtils.java:logGet(46)) - raft.server.snapshot.retention.file.num = 5 (custom)
2023-02-21 13:40:14,496 [pool-481-thread-1] INFO  server.RaftServerConfigKeys (ConfUtils.java:logGet(46)) - raft.server.log.purge.upto.snapshot.index = false (default)
2023-02-21 13:40:14,497 [114eb3b6-0965-4949-a11e-bb51ff0d0ac6@group-720CB0DD36AF-FollowerState] INFO  server.RaftServerConfigKeys (ConfUtils.java:logFallback(53)) - raft.server.rpc.first-election.timeout.min = 5s (fallback to raft.server.rpc.timeout.min)
2023-02-21 13:40:14,497 [114eb3b6-0965-4949-a11e-bb51ff0d0ac6@group-720CB0DD36AF-FollowerState] INFO  server.RaftServerConfigKeys (ConfUtils.java:logFallback(53)) - raft.server.rpc.first-election.timeout.max = 5200ms (fallback to raft.server.rpc.timeout.max)
2023-02-21 13:40:14,506 [Command processor thread] INFO  ratis.XceiverServerRatis (XceiverServerRatis.java:addGroup(807)) - Created group PipelineID=853a9f29-240f-40bd-ac8e-720cb0dd36af
2023-02-21 13:40:14,514 [grpc-default-executor-0] INFO  server.RaftServer (RaftServerProxy.java:addNew(96)) - cc21282f-5934-42bf-9918-cc8c0aab7e68: addNew group-720CB0DD36AF:[114eb3b6-0965-4949-a11e-bb51ff0d0ac6|rpc:10.1.0.81:36273|dataStream:10.1.0.81:45849|priority:0|startupRole:FOLLOWER, cc21282f-5934-42bf-9918-cc8c0aab7e68|rpc:10.1.0.81:34309|dataStream:10.1.0.81:33753|priority:1|startupRole:FOLLOWER, ddc1ce43-6958-4d2f-a962-1f2187968283|rpc:10.1.0.81:39087|dataStream:10.1.0.81:37359|priority:0|startupRole:FOLLOWER] returns group-720CB0DD36AF:java.util.concurrent.CompletableFuture@25d1616b[Not completed]
2023-02-21 13:40:14,515 [pool-525-thread-1] INFO  server.RaftServer$Division (RaftServerImpl.java:<init>(195)) - cc21282f-5934-42bf-9918-cc8c0aab7e68: new RaftServerImpl for group-720CB0DD36AF:[114eb3b6-0965-4949-a11e-bb51ff0d0ac6|rpc:10.1.0.81:36273|dataStream:10.1.0.81:45849|priority:0|startupRole:FOLLOWER, cc21282f-5934-42bf-9918-cc8c0aab7e68|rpc:10.1.0.81:34309|dataStream:10.1.0.81:33753|priority:1|startupRole:FOLLOWER, ddc1ce43-6958-4d2f-a962-1f2187968283|rpc:10.1.0.81:39087|dataStream:10.1.0.81:37359|priority:0|startupRole:FOLLOWER] with ContainerStateMachine:uninitialized
2023-02-21 13:40:14,515 [pool-525-thread-1] INFO  server.RaftServerConfigKeys (ConfUtils.java:logGet(46)) - raft.server.rpc.timeout.min = 5s (custom)
2023-02-21 13:40:14,515 [pool-525-thread-1] INFO  server.RaftServerConfigKeys (ConfUtils.java:logGet(46)) - raft.server.rpc.timeout.max = 5200ms (custom)
2023-02-21 13:40:14,515 [pool-525-thread-1] INFO  server.RaftServerConfigKeys (ConfUtils.java:logGet(46)) - raft.server.rpc.sleep.time = 25ms (default)
2023-02-21 13:40:14,515 [pool-525-thread-1] INFO  server.RaftServerConfigKeys (ConfUtils.java:logGet(46)) - raft.server.rpc.slowness.timeout = 300s (custom)
2023-02-21 13:40:14,516 [pool-525-thread-1] INFO  server.RaftServerConfigKeys (ConfUtils.java:logGet(46)) - raft.server.leaderelection.leader.step-down.wait-time = 10s (default)
2023-02-21 13:40:14,516 [pool-525-thread-1] INFO  server.RaftServerConfigKeys (ConfUtils.java:logGet(46)) - raft.server.sleep.deviation.threshold = 300ms (default)
2023-02-21 13:40:14,516 [pool-525-thread-1] INFO  server.RaftServer$Division (ServerState.java:<init>(118)) - cc21282f-5934-42bf-9918-cc8c0aab7e68@group-720CB0DD36AF: ConfigurationManager, init=-1: peers:[114eb3b6-0965-4949-a11e-bb51ff0d0ac6|rpc:10.1.0.81:36273|dataStream:10.1.0.81:45849|priority:0|startupRole:FOLLOWER, cc21282f-5934-42bf-9918-cc8c0aab7e68|rpc:10.1.0.81:34309|dataStream:10.1.0.81:33753|priority:1|startupRole:FOLLOWER, ddc1ce43-6958-4d2f-a962-1f2187968283|rpc:10.1.0.81:39087|dataStream:10.1.0.81:37359|priority:0|startupRole:FOLLOWER]|listeners:[], old=null, confs=<EMPTY_MAP>
2023-02-21 13:40:14,516 [pool-525-thread-1] INFO  server.RaftServerConfigKeys (ConfUtils.java:logGet(46)) - raft.server.storage.dir = [/home/runner/work/ozone/ozone/hadoop-ozone/integration-test/target/test-dir/MiniOzoneClusterImpl-c6aa46b2-3083-4aae-be29-8199bb906922/datanode-2/data/ratis] (custom)
2023-02-21 13:40:14,516 [pool-525-thread-1] INFO  server.RaftServerConfigKeys (ConfUtils.java:logGet(46)) - raft.server.log.corruption.policy = EXCEPTION (default)
2023-02-21 13:40:14,516 [pool-525-thread-1] INFO  server.RaftServerConfigKeys (ConfUtils.java:logGet(46)) - raft.server.storage.free-space.min = 0MB (=0) (default)
2023-02-21 13:40:14,516 [pool-525-thread-1] INFO  server.RaftServerConfigKeys (ConfUtils.java:logGet(46)) - raft.server.notification.no-leader.timeout = 300s (custom)
2023-02-21 13:40:14,516 [pool-525-thread-1] INFO  server.RaftServerConfigKeys (ConfUtils.java:logGet(46)) - raft.server.retrycache.expirytime = 600000ms (custom)
2023-02-21 13:40:14,516 [pool-525-thread-1] INFO  server.RaftServerConfigKeys (ConfUtils.java:logGet(46)) - raft.server.retrycache.statistics.expirytime = 100μs (default)
2023-02-21 13:40:14,517 [pool-525-thread-1] INFO  server.RaftServerConfigKeys (ConfUtils.java:logGet(46)) - raft.server.log.appender.install.snapshot.enabled = false (custom)
2023-02-21 13:40:14,517 [pool-525-thread-1] INFO  server.RaftServerConfigKeys (ConfUtils.java:logGet(46)) - raft.server.threadpool.server.cached = true (default)
2023-02-21 13:40:14,517 [pool-525-thread-1] INFO  server.RaftServerConfigKeys (ConfUtils.java:logGet(46)) - raft.server.threadpool.server.size = 0 (default)
2023-02-21 13:40:14,517 [pool-525-thread-1] INFO  server.RaftServerConfigKeys (ConfUtils.java:logGet(46)) - raft.server.threadpool.client.cached = true (default)
2023-02-21 13:40:14,517 [pool-525-thread-1] INFO  server.RaftServerConfigKeys (ConfUtils.java:logGet(46)) - raft.server.threadpool.client.size = 0 (default)
2023-02-21 13:40:14,517 [pool-525-thread-1] INFO  storage.RaftStorageDirectory (RaftStorageDirectoryImpl.java:analyzeStorage(137)) - The storage directory /home/runner/work/ozone/ozone/hadoop-ozone/integration-test/target/test-dir/MiniOzoneClusterImpl-c6aa46b2-3083-4aae-be29-8199bb906922/datanode-2/data/ratis/853a9f29-240f-40bd-ac8e-720cb0dd36af does not exist. Creating ...
2023-02-21 13:40:14,519 [pool-525-thread-1] INFO  storage.RaftStorageDirectory (RaftStorageDirectoryImpl.java:tryLock(231)) - Lock on /home/runner/work/ozone/ozone/hadoop-ozone/integration-test/target/test-dir/MiniOzoneClusterImpl-c6aa46b2-3083-4aae-be29-8199bb906922/datanode-2/data/ratis/853a9f29-240f-40bd-ac8e-720cb0dd36af/in_use.lock acquired by nodename 15258@fv-az318-260
2023-02-21 13:40:14,521 [pool-525-thread-1] INFO  storage.RaftStorage (RaftStorageImpl.java:format(96)) - Storage directory /home/runner/work/ozone/ozone/hadoop-ozone/integration-test/target/test-dir/MiniOzoneClusterImpl-c6aa46b2-3083-4aae-be29-8199bb906922/datanode-2/data/ratis/853a9f29-240f-40bd-ac8e-720cb0dd36af has been successfully formatted.
2023-02-21 13:40:14,522 [pool-525-thread-1] INFO  ratis.ContainerStateMachine (ContainerStateMachine.java:loadSnapshot(240)) - group-720CB0DD36AF: The snapshot info is null. Setting the last applied indexto:(t:0, i:~)
2023-02-21 13:40:14,522 [pool-525-thread-1] INFO  server.RaftServerConfigKeys (ConfUtils.java:logGet(46)) - raft.server.log.use.memory = false (default)
2023-02-21 13:40:14,522 [pool-525-thread-1] INFO  server.RaftServerConfigKeys (ConfUtils.java:logGet(46)) - raft.server.log.purge.gap = 1000000 (custom)
2023-02-21 13:40:14,522 [pool-525-thread-1] INFO  server.RaftServerConfigKeys (ConfUtils.java:logGet(46)) - raft.server.log.appender.buffer.byte-limit = 33554432 (custom)
2023-02-21 13:40:14,522 [pool-525-thread-1] INFO  server.RaftServerConfigKeys (ConfUtils.java:logGet(46)) - raft.server.log.statemachine.data.read.timeout = 1000ms (default)
2023-02-21 13:40:14,522 [pool-525-thread-1] INFO  server.RaftServerConfigKeys (ConfUtils.java:logGet(46)) - raft.server.log.purge.preservation.log.num = 0 (default)
2023-02-21 13:40:14,522 [pool-525-thread-1] INFO  server.RaftServerConfigKeys (ConfUtils.java:logGet(46)) - raft.server.log.segment.size.max = 1048576 (custom)
2023-02-21 13:40:14,523 [pool-525-thread-1] INFO  server.RaftServerConfigKeys (ConfUtils.java:logGet(46)) - raft.server.log.segment.cache.num.max = 2 (custom)
2023-02-21 13:40:14,523 [pool-525-thread-1] INFO  server.RaftServerConfigKeys (ConfUtils.java:logGet(46)) - raft.server.log.segment.cache.size.max = 200MB (=209715200) (default)
2023-02-21 13:40:14,523 [pool-525-thread-1] INFO  segmented.SegmentedRaftLogWorker (SegmentedRaftLogWorker.java:<init>(189)) - new cc21282f-5934-42bf-9918-cc8c0aab7e68@group-720CB0DD36AF-SegmentedRaftLogWorker for RaftStorageImpl:Storage Directory /home/runner/work/ozone/ozone/hadoop-ozone/integration-test/target/test-dir/MiniOzoneClusterImpl-c6aa46b2-3083-4aae-be29-8199bb906922/datanode-2/data/ratis/853a9f29-240f-40bd-ac8e-720cb0dd36af
2023-02-21 13:40:14,523 [pool-525-thread-1] INFO  server.RaftServerConfigKeys (ConfUtils.java:logGet(46)) - raft.server.log.queue.byte-limit = 4294967296 (custom)
2023-02-21 13:40:14,523 [pool-525-thread-1] INFO  server.RaftServerConfigKeys (ConfUtils.java:logGet(46)) - raft.server.log.queue.element-limit = 1024 (custom)
2023-02-21 13:40:14,523 [pool-525-thread-1] INFO  server.RaftServerConfigKeys (ConfUtils.java:logGet(46)) - raft.server.log.segment.size.max = 1048576 (custom)
2023-02-21 13:40:14,523 [pool-525-thread-1] INFO  server.RaftServerConfigKeys (ConfUtils.java:logGet(46)) - raft.server.log.preallocated.size = 16384 (custom)
2023-02-21 13:40:14,523 [pool-525-thread-1] INFO  server.RaftServerConfigKeys (ConfUtils.java:logGet(46)) - raft.server.log.force.sync.num = 128 (default)
2023-02-21 13:40:14,523 [pool-525-thread-1] INFO  server.RaftServerConfigKeys (ConfUtils.java:logGet(46)) - raft.server.log.statemachine.data.sync = true (default)
2023-02-21 13:40:14,523 [pool-525-thread-1] INFO  server.RaftServerConfigKeys (ConfUtils.java:logGet(46)) - raft.server.log.statemachine.data.sync.timeout = 10s (default)
2023-02-21 13:40:14,523 [pool-525-thread-1] INFO  server.RaftServerConfigKeys (ConfUtils.java:logGet(46)) - raft.server.log.statemachine.data.sync.timeout.retry = -1 (default)
2023-02-21 13:40:14,524 [pool-525-thread-1] INFO  server.RaftServerConfigKeys (ConfUtils.java:logGet(46)) - raft.server.log.write.buffer.size = 1048576 (custom)
2023-02-21 13:40:14,524 [pool-525-thread-1] INFO  server.RaftServerConfigKeys (ConfUtils.java:logGet(46)) - raft.server.log.appender.buffer.byte-limit = 33554432 (custom)
2023-02-21 13:40:14,530 [pool-525-thread-1] INFO  server.RaftServerConfigKeys (ConfUtils.java:logGet(46)) - raft.server.log.unsafe-flush.enabled = false (default)
2023-02-21 13:40:14,530 [pool-525-thread-1] INFO  server.RaftServerConfigKeys (ConfUtils.java:logGet(46)) - raft.server.log.async-flush.enabled = false (default)
2023-02-21 13:40:14,530 [pool-525-thread-1] INFO  server.RaftServerConfigKeys (ConfUtils.java:logGet(46)) - raft.server.log.statemachine.data.caching.enabled = true (custom)
2023-02-21 13:40:14,530 [pool-525-thread-1] INFO  segmented.SegmentedRaftLogWorker (SegmentedRaftLogWorker.java:lambda$new$0(135)) - cc21282f-5934-42bf-9918-cc8c0aab7e68@group-720CB0DD36AF-SegmentedRaftLogWorker: flushIndex: setUnconditionally 0 -> -1
2023-02-21 13:40:14,530 [pool-525-thread-1] INFO  segmented.SegmentedRaftLogWorker (SegmentedRaftLogWorker.java:lambda$new$0(135)) - cc21282f-5934-42bf-9918-cc8c0aab7e68@group-720CB0DD36AF-SegmentedRaftLogWorker: safeCacheEvictIndex: setUnconditionally 0 -> -1
2023-02-21 13:40:14,538 [pool-525-thread-1] INFO  server.RaftServer$Division (RaftServerImpl.java:start(334)) - cc21282f-5934-42bf-9918-cc8c0aab7e68@group-720CB0DD36AF: start as a follower, conf=-1: peers:[114eb3b6-0965-4949-a11e-bb51ff0d0ac6|rpc:10.1.0.81:36273|dataStream:10.1.0.81:45849|priority:0|startupRole:FOLLOWER, cc21282f-5934-42bf-9918-cc8c0aab7e68|rpc:10.1.0.81:34309|dataStream:10.1.0.81:33753|priority:1|startupRole:FOLLOWER, ddc1ce43-6958-4d2f-a962-1f2187968283|rpc:10.1.0.81:39087|dataStream:10.1.0.81:37359|priority:0|startupRole:FOLLOWER]|listeners:[], old=null
2023-02-21 13:40:14,538 [pool-525-thread-1] INFO  server.RaftServer$Division (RaftServerImpl.java:setRole(321)) - cc21282f-5934-42bf-9918-cc8c0aab7e68@group-720CB0DD36AF: changes role from      null to FOLLOWER at term 0 for startAsFollower
2023-02-21 13:40:14,538 [pool-525-thread-1] INFO  impl.RoleInfo (RoleInfo.java:updateAndGet(139)) - cc21282f-5934-42bf-9918-cc8c0aab7e68: start cc21282f-5934-42bf-9918-cc8c0aab7e68@group-720CB0DD36AF-FollowerState
2023-02-21 13:40:14,539 [cc21282f-5934-42bf-9918-cc8c0aab7e68@group-720CB0DD36AF-FollowerState] INFO  server.RaftServerConfigKeys (ConfUtils.java:logFallback(53)) - raft.server.rpc.first-election.timeout.min = 5s (fallback to raft.server.rpc.timeout.min)
2023-02-21 13:40:14,539 [cc21282f-5934-42bf-9918-cc8c0aab7e68@group-720CB0DD36AF-FollowerState] INFO  server.RaftServerConfigKeys (ConfUtils.java:logFallback(53)) - raft.server.rpc.first-election.timeout.max = 5200ms (fallback to raft.server.rpc.timeout.max)
2023-02-21 13:40:14,539 [pool-525-thread-1] INFO  util.JmxRegister (JmxRegister.java:tryRegister(44)) - Successfully registered JMX Bean with object name Ratis:service=RaftServer,group=group-720CB0DD36AF,id=cc21282f-5934-42bf-9918-cc8c0aab7e68
2023-02-21 13:40:14,539 [pool-525-thread-1] INFO  server.RaftServerConfigKeys (ConfUtils.java:logGet(46)) - raft.server.snapshot.auto.trigger.enabled = true (custom)
2023-02-21 13:40:14,539 [pool-525-thread-1] INFO  server.RaftServerConfigKeys (ConfUtils.java:logGet(46)) - raft.server.snapshot.auto.trigger.threshold = 10000 (custom)
2023-02-21 13:40:14,539 [pool-525-thread-1] INFO  server.RaftServerConfigKeys (ConfUtils.java:logGet(46)) - raft.server.snapshot.retention.file.num = 5 (custom)
2023-02-21 13:40:14,539 [pool-525-thread-1] INFO  server.RaftServerConfigKeys (ConfUtils.java:logGet(46)) - raft.server.log.purge.upto.snapshot.index = false (default)
2023-02-21 13:40:14,551 [grpc-default-executor-0] INFO  server.RaftServer (RaftServerProxy.java:addNew(96)) - ddc1ce43-6958-4d2f-a962-1f2187968283: addNew group-720CB0DD36AF:[114eb3b6-0965-4949-a11e-bb51ff0d0ac6|rpc:10.1.0.81:36273|dataStream:10.1.0.81:45849|priority:0|startupRole:FOLLOWER, cc21282f-5934-42bf-9918-cc8c0aab7e68|rpc:10.1.0.81:34309|dataStream:10.1.0.81:33753|priority:1|startupRole:FOLLOWER, ddc1ce43-6958-4d2f-a962-1f2187968283|rpc:10.1.0.81:39087|dataStream:10.1.0.81:37359|priority:0|startupRole:FOLLOWER] returns group-720CB0DD36AF:java.util.concurrent.CompletableFuture@7397c5a1[Not completed]
2023-02-21 13:40:14,552 [pool-503-thread-1] INFO  server.RaftServer$Division (RaftServerImpl.java:<init>(195)) - ddc1ce43-6958-4d2f-a962-1f2187968283: new RaftServerImpl for group-720CB0DD36AF:[114eb3b6-0965-4949-a11e-bb51ff0d0ac6|rpc:10.1.0.81:36273|dataStream:10.1.0.81:45849|priority:0|startupRole:FOLLOWER, cc21282f-5934-42bf-9918-cc8c0aab7e68|rpc:10.1.0.81:34309|dataStream:10.1.0.81:33753|priority:1|startupRole:FOLLOWER, ddc1ce43-6958-4d2f-a962-1f2187968283|rpc:10.1.0.81:39087|dataStream:10.1.0.81:37359|priority:0|startupRole:FOLLOWER] with ContainerStateMachine:uninitialized
2023-02-21 13:40:14,552 [pool-503-thread-1] INFO  server.RaftServerConfigKeys (ConfUtils.java:logGet(46)) - raft.server.rpc.timeout.min = 5s (custom)
2023-02-21 13:40:14,552 [pool-503-thread-1] INFO  server.RaftServerConfigKeys (ConfUtils.java:logGet(46)) - raft.server.rpc.timeout.max = 5200ms (custom)
2023-02-21 13:40:14,552 [pool-503-thread-1] INFO  server.RaftServerConfigKeys (ConfUtils.java:logGet(46)) - raft.server.rpc.sleep.time = 25ms (default)
2023-02-21 13:40:14,552 [pool-503-thread-1] INFO  server.RaftServerConfigKeys (ConfUtils.java:logGet(46)) - raft.server.rpc.slowness.timeout = 300s (custom)
2023-02-21 13:40:14,552 [pool-503-thread-1] INFO  server.RaftServerConfigKeys (ConfUtils.java:logGet(46)) - raft.server.leaderelection.leader.step-down.wait-time = 10s (default)
2023-02-21 13:40:14,552 [pool-503-thread-1] INFO  server.RaftServerConfigKeys (ConfUtils.java:logGet(46)) - raft.server.sleep.deviation.threshold = 300ms (default)
2023-02-21 13:40:14,552 [pool-503-thread-1] INFO  server.RaftServer$Division (ServerState.java:<init>(118)) - ddc1ce43-6958-4d2f-a962-1f2187968283@group-720CB0DD36AF: ConfigurationManager, init=-1: peers:[114eb3b6-0965-4949-a11e-bb51ff0d0ac6|rpc:10.1.0.81:36273|dataStream:10.1.0.81:45849|priority:0|startupRole:FOLLOWER, cc21282f-5934-42bf-9918-cc8c0aab7e68|rpc:10.1.0.81:34309|dataStream:10.1.0.81:33753|priority:1|startupRole:FOLLOWER, ddc1ce43-6958-4d2f-a962-1f2187968283|rpc:10.1.0.81:39087|dataStream:10.1.0.81:37359|priority:0|startupRole:FOLLOWER]|listeners:[], old=null, confs=<EMPTY_MAP>
2023-02-21 13:40:14,552 [pool-503-thread-1] INFO  server.RaftServerConfigKeys (ConfUtils.java:logGet(46)) - raft.server.storage.dir = [/home/runner/work/ozone/ozone/hadoop-ozone/integration-test/target/test-dir/MiniOzoneClusterImpl-c6aa46b2-3083-4aae-be29-8199bb906922/datanode-1/data/ratis] (custom)
2023-02-21 13:40:14,552 [pool-503-thread-1] INFO  server.RaftServerConfigKeys (ConfUtils.java:logGet(46)) - raft.server.log.corruption.policy = EXCEPTION (default)
2023-02-21 13:40:14,552 [pool-503-thread-1] INFO  server.RaftServerConfigKeys (ConfUtils.java:logGet(46)) - raft.server.storage.free-space.min = 0MB (=0) (default)
2023-02-21 13:40:14,553 [pool-503-thread-1] INFO  server.RaftServerConfigKeys (ConfUtils.java:logGet(46)) - raft.server.notification.no-leader.timeout = 300s (custom)
2023-02-21 13:40:14,553 [pool-503-thread-1] INFO  server.RaftServerConfigKeys (ConfUtils.java:logGet(46)) - raft.server.retrycache.expirytime = 600000ms (custom)
2023-02-21 13:40:14,553 [pool-503-thread-1] INFO  server.RaftServerConfigKeys (ConfUtils.java:logGet(46)) - raft.server.retrycache.statistics.expirytime = 100μs (default)
2023-02-21 13:40:14,554 [pool-503-thread-1] INFO  server.RaftServerConfigKeys (ConfUtils.java:logGet(46)) - raft.server.log.appender.install.snapshot.enabled = false (custom)
2023-02-21 13:40:14,554 [pool-503-thread-1] INFO  server.RaftServerConfigKeys (ConfUtils.java:logGet(46)) - raft.server.threadpool.server.cached = true (default)
2023-02-21 13:40:14,554 [pool-503-thread-1] INFO  server.RaftServerConfigKeys (ConfUtils.java:logGet(46)) - raft.server.threadpool.server.size = 0 (default)
2023-02-21 13:40:14,554 [pool-503-thread-1] INFO  server.RaftServerConfigKeys (ConfUtils.java:logGet(46)) - raft.server.threadpool.client.cached = true (default)
2023-02-21 13:40:14,554 [pool-503-thread-1] INFO  server.RaftServerConfigKeys (ConfUtils.java:logGet(46)) - raft.server.threadpool.client.size = 0 (default)
2023-02-21 13:40:14,554 [pool-503-thread-1] INFO  storage.RaftStorageDirectory (RaftStorageDirectoryImpl.java:analyzeStorage(137)) - The storage directory /home/runner/work/ozone/ozone/hadoop-ozone/integration-test/target/test-dir/MiniOzoneClusterImpl-c6aa46b2-3083-4aae-be29-8199bb906922/datanode-1/data/ratis/853a9f29-240f-40bd-ac8e-720cb0dd36af does not exist. Creating ...
2023-02-21 13:40:14,561 [pool-503-thread-1] INFO  storage.RaftStorageDirectory (RaftStorageDirectoryImpl.java:tryLock(231)) - Lock on /home/runner/work/ozone/ozone/hadoop-ozone/integration-test/target/test-dir/MiniOzoneClusterImpl-c6aa46b2-3083-4aae-be29-8199bb906922/datanode-1/data/ratis/853a9f29-240f-40bd-ac8e-720cb0dd36af/in_use.lock acquired by nodename 15258@fv-az318-260
2023-02-21 13:40:14,563 [pool-503-thread-1] INFO  storage.RaftStorage (RaftStorageImpl.java:format(96)) - Storage directory /home/runner/work/ozone/ozone/hadoop-ozone/integration-test/target/test-dir/MiniOzoneClusterImpl-c6aa46b2-3083-4aae-be29-8199bb906922/datanode-1/data/ratis/853a9f29-240f-40bd-ac8e-720cb0dd36af has been successfully formatted.
2023-02-21 13:40:14,563 [pool-503-thread-1] INFO  ratis.ContainerStateMachine (ContainerStateMachine.java:loadSnapshot(240)) - group-720CB0DD36AF: The snapshot info is null. Setting the last applied indexto:(t:0, i:~)
2023-02-21 13:40:14,564 [pool-503-thread-1] INFO  server.RaftServerConfigKeys (ConfUtils.java:logGet(46)) - raft.server.log.use.memory = false (default)
2023-02-21 13:40:14,564 [pool-503-thread-1] INFO  server.RaftServerConfigKeys (ConfUtils.java:logGet(46)) - raft.server.log.purge.gap = 1000000 (custom)
2023-02-21 13:40:14,564 [pool-503-thread-1] INFO  server.RaftServerConfigKeys (ConfUtils.java:logGet(46)) - raft.server.log.appender.buffer.byte-limit = 33554432 (custom)
2023-02-21 13:40:14,565 [pool-503-thread-1] INFO  server.RaftServerConfigKeys (ConfUtils.java:logGet(46)) - raft.server.log.statemachine.data.read.timeout = 1000ms (default)
2023-02-21 13:40:14,565 [pool-503-thread-1] INFO  server.RaftServerConfigKeys (ConfUtils.java:logGet(46)) - raft.server.log.purge.preservation.log.num = 0 (default)
2023-02-21 13:40:14,565 [pool-503-thread-1] INFO  server.RaftServerConfigKeys (ConfUtils.java:logGet(46)) - raft.server.log.segment.size.max = 1048576 (custom)
2023-02-21 13:40:14,565 [pool-503-thread-1] INFO  server.RaftServerConfigKeys (ConfUtils.java:logGet(46)) - raft.server.log.segment.cache.num.max = 2 (custom)
2023-02-21 13:40:14,565 [pool-503-thread-1] INFO  server.RaftServerConfigKeys (ConfUtils.java:logGet(46)) - raft.server.log.segment.cache.size.max = 200MB (=209715200) (default)
2023-02-21 13:40:14,565 [pool-503-thread-1] INFO  segmented.SegmentedRaftLogWorker (SegmentedRaftLogWorker.java:<init>(189)) - new ddc1ce43-6958-4d2f-a962-1f2187968283@group-720CB0DD36AF-SegmentedRaftLogWorker for RaftStorageImpl:Storage Directory /home/runner/work/ozone/ozone/hadoop-ozone/integration-test/target/test-dir/MiniOzoneClusterImpl-c6aa46b2-3083-4aae-be29-8199bb906922/datanode-1/data/ratis/853a9f29-240f-40bd-ac8e-720cb0dd36af
2023-02-21 13:40:14,565 [pool-503-thread-1] INFO  server.RaftServerConfigKeys (ConfUtils.java:logGet(46)) - raft.server.log.queue.byte-limit = 4294967296 (custom)
2023-02-21 13:40:14,565 [pool-503-thread-1] INFO  server.RaftServerConfigKeys (ConfUtils.java:logGet(46)) - raft.server.log.queue.element-limit = 1024 (custom)
2023-02-21 13:40:14,565 [pool-503-thread-1] INFO  server.RaftServerConfigKeys (ConfUtils.java:logGet(46)) - raft.server.log.segment.size.max = 1048576 (custom)
2023-02-21 13:40:14,566 [pool-503-thread-1] INFO  server.RaftServerConfigKeys (ConfUtils.java:logGet(46)) - raft.server.log.preallocated.size = 16384 (custom)
2023-02-21 13:40:14,566 [pool-503-thread-1] INFO  server.RaftServerConfigKeys (ConfUtils.java:logGet(46)) - raft.server.log.force.sync.num = 128 (default)
2023-02-21 13:40:14,566 [pool-503-thread-1] INFO  server.RaftServerConfigKeys (ConfUtils.java:logGet(46)) - raft.server.log.statemachine.data.sync = true (default)
2023-02-21 13:40:14,566 [pool-503-thread-1] INFO  server.RaftServerConfigKeys (ConfUtils.java:logGet(46)) - raft.server.log.statemachine.data.sync.timeout = 10s (default)
2023-02-21 13:40:14,566 [pool-503-thread-1] INFO  server.RaftServerConfigKeys (ConfUtils.java:logGet(46)) - raft.server.log.statemachine.data.sync.timeout.retry = -1 (default)
2023-02-21 13:40:14,566 [pool-503-thread-1] INFO  server.RaftServerConfigKeys (ConfUtils.java:logGet(46)) - raft.server.log.write.buffer.size = 1048576 (custom)
2023-02-21 13:40:14,567 [pool-503-thread-1] INFO  server.RaftServerConfigKeys (ConfUtils.java:logGet(46)) - raft.server.log.appender.buffer.byte-limit = 33554432 (custom)
2023-02-21 13:40:14,571 [pool-503-thread-1] INFO  server.RaftServerConfigKeys (ConfUtils.java:logGet(46)) - raft.server.log.unsafe-flush.enabled = false (default)
2023-02-21 13:40:14,571 [pool-503-thread-1] INFO  server.RaftServerConfigKeys (ConfUtils.java:logGet(46)) - raft.server.log.async-flush.enabled = false (default)
2023-02-21 13:40:14,571 [pool-503-thread-1] INFO  server.RaftServerConfigKeys (ConfUtils.java:logGet(46)) - raft.server.log.statemachine.data.caching.enabled = true (custom)
2023-02-21 13:40:14,572 [pool-503-thread-1] INFO  segmented.SegmentedRaftLogWorker (SegmentedRaftLogWorker.java:lambda$new$0(135)) - ddc1ce43-6958-4d2f-a962-1f2187968283@group-720CB0DD36AF-SegmentedRaftLogWorker: flushIndex: setUnconditionally 0 -> -1
2023-02-21 13:40:14,572 [pool-503-thread-1] INFO  segmented.SegmentedRaftLogWorker (SegmentedRaftLogWorker.java:lambda$new$0(135)) - ddc1ce43-6958-4d2f-a962-1f2187968283@group-720CB0DD36AF-SegmentedRaftLogWorker: safeCacheEvictIndex: setUnconditionally 0 -> -1
2023-02-21 13:40:14,572 [pool-503-thread-1] INFO  server.RaftServer$Division (RaftServerImpl.java:start(334)) - ddc1ce43-6958-4d2f-a962-1f2187968283@group-720CB0DD36AF: start as a follower, conf=-1: peers:[114eb3b6-0965-4949-a11e-bb51ff0d0ac6|rpc:10.1.0.81:36273|dataStream:10.1.0.81:45849|priority:0|startupRole:FOLLOWER, cc21282f-5934-42bf-9918-cc8c0aab7e68|rpc:10.1.0.81:34309|dataStream:10.1.0.81:33753|priority:1|startupRole:FOLLOWER, ddc1ce43-6958-4d2f-a962-1f2187968283|rpc:10.1.0.81:39087|dataStream:10.1.0.81:37359|priority:0|startupRole:FOLLOWER]|listeners:[], old=null
2023-02-21 13:40:14,572 [pool-503-thread-1] INFO  server.RaftServer$Division (RaftServerImpl.java:setRole(321)) - ddc1ce43-6958-4d2f-a962-1f2187968283@group-720CB0DD36AF: changes role from      null to FOLLOWER at term 0 for startAsFollower
2023-02-21 13:40:14,572 [pool-503-thread-1] INFO  impl.RoleInfo (RoleInfo.java:updateAndGet(139)) - ddc1ce43-6958-4d2f-a962-1f2187968283: start ddc1ce43-6958-4d2f-a962-1f2187968283@group-720CB0DD36AF-FollowerState
2023-02-21 13:40:14,572 [ddc1ce43-6958-4d2f-a962-1f2187968283@group-720CB0DD36AF-FollowerState] INFO  server.RaftServerConfigKeys (ConfUtils.java:logFallback(53)) - raft.server.rpc.first-election.timeout.min = 5s (fallback to raft.server.rpc.timeout.min)
2023-02-21 13:40:14,572 [pool-503-thread-1] INFO  util.JmxRegister (JmxRegister.java:tryRegister(44)) - Successfully registered JMX Bean with object name Ratis:service=RaftServer,group=group-720CB0DD36AF,id=ddc1ce43-6958-4d2f-a962-1f2187968283
2023-02-21 13:40:14,573 [pool-503-thread-1] INFO  server.RaftServerConfigKeys (ConfUtils.java:logGet(46)) - raft.server.snapshot.auto.trigger.enabled = true (custom)
2023-02-21 13:40:14,573 [pool-503-thread-1] INFO  server.RaftServerConfigKeys (ConfUtils.java:logGet(46)) - raft.server.snapshot.auto.trigger.threshold = 10000 (custom)
2023-02-21 13:40:14,573 [pool-503-thread-1] INFO  server.RaftServerConfigKeys (ConfUtils.java:logGet(46)) - raft.server.snapshot.retention.file.num = 5 (custom)
2023-02-21 13:40:14,573 [pool-503-thread-1] INFO  server.RaftServerConfigKeys (ConfUtils.java:logGet(46)) - raft.server.log.purge.upto.snapshot.index = false (default)
2023-02-21 13:40:14,573 [ddc1ce43-6958-4d2f-a962-1f2187968283@group-720CB0DD36AF-FollowerState] INFO  server.RaftServerConfigKeys (ConfUtils.java:logFallback(53)) - raft.server.rpc.first-election.timeout.max = 5200ms (fallback to raft.server.rpc.timeout.max)
2023-02-21 13:40:14,580 [Command processor thread] INFO  commandhandler.CreatePipelineCommandHandler (CreatePipelineCommandHandler.java:handle(113)) - Created Pipeline RATIS THREE PipelineID=853a9f29-240f-40bd-ac8e-720cb0dd36af.
2023-02-21 13:40:14,708 [Command processor thread] INFO  server.RaftServer (RaftServerProxy.java:addNew(96)) - ddc1ce43-6958-4d2f-a962-1f2187968283: addNew group-E767C5738292:[ddc1ce43-6958-4d2f-a962-1f2187968283|rpc:10.1.0.81:39087|dataStream:10.1.0.81:37359|priority:1|startupRole:FOLLOWER] returns group-E767C5738292:java.util.concurrent.CompletableFuture@72af034f[Not completed]
2023-02-21 13:40:14,710 [pool-503-thread-1] INFO  server.RaftServer$Division (RaftServerImpl.java:<init>(195)) - ddc1ce43-6958-4d2f-a962-1f2187968283: new RaftServerImpl for group-E767C5738292:[ddc1ce43-6958-4d2f-a962-1f2187968283|rpc:10.1.0.81:39087|dataStream:10.1.0.81:37359|priority:1|startupRole:FOLLOWER] with ContainerStateMachine:uninitialized
2023-02-21 13:40:14,710 [pool-503-thread-1] INFO  server.RaftServerConfigKeys (ConfUtils.java:logGet(46)) - raft.server.rpc.timeout.min = 5s (custom)
2023-02-21 13:40:14,710 [pool-503-thread-1] INFO  server.RaftServerConfigKeys (ConfUtils.java:logGet(46)) - raft.server.rpc.timeout.max = 5200ms (custom)
2023-02-21 13:40:14,710 [pool-503-thread-1] INFO  server.RaftServerConfigKeys (ConfUtils.java:logGet(46)) - raft.server.rpc.sleep.time = 25ms (default)
2023-02-21 13:40:14,710 [pool-503-thread-1] INFO  server.RaftServerConfigKeys (ConfUtils.java:logGet(46)) - raft.server.rpc.slowness.timeout = 300s (custom)
2023-02-21 13:40:14,710 [pool-503-thread-1] INFO  server.RaftServerConfigKeys (ConfUtils.java:logGet(46)) - raft.server.leaderelection.leader.step-down.wait-time = 10s (default)
2023-02-21 13:40:14,710 [pool-503-thread-1] INFO  server.RaftServerConfigKeys (ConfUtils.java:logGet(46)) - raft.server.sleep.deviation.threshold = 300ms (default)
2023-02-21 13:40:14,710 [pool-503-thread-1] INFO  server.RaftServer$Division (ServerState.java:<init>(118)) - ddc1ce43-6958-4d2f-a962-1f2187968283@group-E767C5738292: ConfigurationManager, init=-1: peers:[ddc1ce43-6958-4d2f-a962-1f2187968283|rpc:10.1.0.81:39087|dataStream:10.1.0.81:37359|priority:1|startupRole:FOLLOWER]|listeners:[], old=null, confs=<EMPTY_MAP>
2023-02-21 13:40:14,711 [pool-503-thread-1] INFO  server.RaftServerConfigKeys (ConfUtils.java:logGet(46)) - raft.server.storage.dir = [/home/runner/work/ozone/ozone/hadoop-ozone/integration-test/target/test-dir/MiniOzoneClusterImpl-c6aa46b2-3083-4aae-be29-8199bb906922/datanode-1/data/ratis] (custom)
2023-02-21 13:40:14,711 [pool-503-thread-1] INFO  server.RaftServerConfigKeys (ConfUtils.java:logGet(46)) - raft.server.log.corruption.policy = EXCEPTION (default)
2023-02-21 13:40:14,711 [pool-503-thread-1] INFO  server.RaftServerConfigKeys (ConfUtils.java:logGet(46)) - raft.server.storage.free-space.min = 0MB (=0) (default)
2023-02-21 13:40:14,711 [pool-503-thread-1] INFO  server.RaftServerConfigKeys (ConfUtils.java:logGet(46)) - raft.server.notification.no-leader.timeout = 300s (custom)
2023-02-21 13:40:14,711 [pool-503-thread-1] INFO  server.RaftServerConfigKeys (ConfUtils.java:logGet(46)) - raft.server.retrycache.expirytime = 600000ms (custom)
2023-02-21 13:40:14,711 [pool-503-thread-1] INFO  server.RaftServerConfigKeys (ConfUtils.java:logGet(46)) - raft.server.retrycache.statistics.expirytime = 100μs (default)
2023-02-21 13:40:14,712 [pool-503-thread-1] INFO  server.RaftServerConfigKeys (ConfUtils.java:logGet(46)) - raft.server.log.appender.install.snapshot.enabled = false (custom)
2023-02-21 13:40:14,712 [pool-503-thread-1] INFO  server.RaftServerConfigKeys (ConfUtils.java:logGet(46)) - raft.server.threadpool.server.cached = true (default)
2023-02-21 13:40:14,712 [pool-503-thread-1] INFO  server.RaftServerConfigKeys (ConfUtils.java:logGet(46)) - raft.server.threadpool.server.size = 0 (default)
2023-02-21 13:40:14,712 [pool-503-thread-1] INFO  server.RaftServerConfigKeys (ConfUtils.java:logGet(46)) - raft.server.threadpool.client.cached = true (default)
2023-02-21 13:40:14,712 [pool-503-thread-1] INFO  server.RaftServerConfigKeys (ConfUtils.java:logGet(46)) - raft.server.threadpool.client.size = 0 (default)
2023-02-21 13:40:14,712 [pool-503-thread-1] INFO  storage.RaftStorageDirectory (RaftStorageDirectoryImpl.java:analyzeStorage(137)) - The storage directory /home/runner/work/ozone/ozone/hadoop-ozone/integration-test/target/test-dir/MiniOzoneClusterImpl-c6aa46b2-3083-4aae-be29-8199bb906922/datanode-1/data/ratis/989c6be2-2da8-4f77-b5e9-e767c5738292 does not exist. Creating ...
2023-02-21 13:40:14,713 [pool-503-thread-1] INFO  storage.RaftStorageDirectory (RaftStorageDirectoryImpl.java:tryLock(231)) - Lock on /home/runner/work/ozone/ozone/hadoop-ozone/integration-test/target/test-dir/MiniOzoneClusterImpl-c6aa46b2-3083-4aae-be29-8199bb906922/datanode-1/data/ratis/989c6be2-2da8-4f77-b5e9-e767c5738292/in_use.lock acquired by nodename 15258@fv-az318-260
2023-02-21 13:40:14,715 [pool-503-thread-1] INFO  storage.RaftStorage (RaftStorageImpl.java:format(96)) - Storage directory /home/runner/work/ozone/ozone/hadoop-ozone/integration-test/target/test-dir/MiniOzoneClusterImpl-c6aa46b2-3083-4aae-be29-8199bb906922/datanode-1/data/ratis/989c6be2-2da8-4f77-b5e9-e767c5738292 has been successfully formatted.
2023-02-21 13:40:14,716 [pool-503-thread-1] INFO  ratis.ContainerStateMachine (ContainerStateMachine.java:loadSnapshot(240)) - group-E767C5738292: The snapshot info is null. Setting the last applied indexto:(t:0, i:~)
2023-02-21 13:40:14,716 [pool-503-thread-1] INFO  server.RaftServerConfigKeys (ConfUtils.java:logGet(46)) - raft.server.log.use.memory = false (default)
2023-02-21 13:40:14,716 [pool-503-thread-1] INFO  server.RaftServerConfigKeys (ConfUtils.java:logGet(46)) - raft.server.log.purge.gap = 1000000 (custom)
2023-02-21 13:40:14,716 [pool-503-thread-1] INFO  server.RaftServerConfigKeys (ConfUtils.java:logGet(46)) - raft.server.log.appender.buffer.byte-limit = 33554432 (custom)
2023-02-21 13:40:14,716 [pool-503-thread-1] INFO  server.RaftServerConfigKeys (ConfUtils.java:logGet(46)) - raft.server.log.statemachine.data.read.timeout = 1000ms (default)
2023-02-21 13:40:14,716 [pool-503-thread-1] INFO  server.RaftServerConfigKeys (ConfUtils.java:logGet(46)) - raft.server.log.purge.preservation.log.num = 0 (default)
2023-02-21 13:40:14,716 [pool-503-thread-1] INFO  server.RaftServerConfigKeys (ConfUtils.java:logGet(46)) - raft.server.log.segment.size.max = 1048576 (custom)
2023-02-21 13:40:14,717 [pool-503-thread-1] INFO  server.RaftServerConfigKeys (ConfUtils.java:logGet(46)) - raft.server.log.segment.cache.num.max = 2 (custom)
2023-02-21 13:40:14,717 [pool-503-thread-1] INFO  server.RaftServerConfigKeys (ConfUtils.java:logGet(46)) - raft.server.log.segment.cache.size.max = 200MB (=209715200) (default)
2023-02-21 13:40:14,717 [pool-503-thread-1] INFO  segmented.SegmentedRaftLogWorker (SegmentedRaftLogWorker.java:<init>(189)) - new ddc1ce43-6958-4d2f-a962-1f2187968283@group-E767C5738292-SegmentedRaftLogWorker for RaftStorageImpl:Storage Directory /home/runner/work/ozone/ozone/hadoop-ozone/integration-test/target/test-dir/MiniOzoneClusterImpl-c6aa46b2-3083-4aae-be29-8199bb906922/datanode-1/data/ratis/989c6be2-2da8-4f77-b5e9-e767c5738292
2023-02-21 13:40:14,717 [pool-503-thread-1] INFO  server.RaftServerConfigKeys (ConfUtils.java:logGet(46)) - raft.server.log.queue.byte-limit = 4294967296 (custom)
2023-02-21 13:40:14,717 [pool-503-thread-1] INFO  server.RaftServerConfigKeys (ConfUtils.java:logGet(46)) - raft.server.log.queue.element-limit = 1024 (custom)
2023-02-21 13:40:14,717 [EventQueue-PipelineReportForPipelineReportHandler] INFO  pipeline.PipelineManagerImpl (PipelineManagerImpl.java:openPipeline(367)) - Pipeline Pipeline[ Id: 989c6be2-2da8-4f77-b5e9-e767c5738292, Nodes: ddc1ce43-6958-4d2f-a962-1f2187968283(fv-az318-260.ewvrrcgabbbubjc05i3n4a3pph.dx.internal.cloudapp.net/10.1.0.81), ReplicationConfig: RATIS/ONE, State:ALLOCATED, leaderId:ddc1ce43-6958-4d2f-a962-1f2187968283, CreationTimestamp2023-02-21T13:40:11.710Z[Etc/UTC]] moved to OPEN state
2023-02-21 13:40:14,717 [pool-503-thread-1] INFO  server.RaftServerConfigKeys (ConfUtils.java:logGet(46)) - raft.server.log.segment.size.max = 1048576 (custom)
2023-02-21 13:40:14,717 [pool-503-thread-1] INFO  server.RaftServerConfigKeys (ConfUtils.java:logGet(46)) - raft.server.log.preallocated.size = 16384 (custom)
2023-02-21 13:40:14,717 [pool-503-thread-1] INFO  server.RaftServerConfigKeys (ConfUtils.java:logGet(46)) - raft.server.log.force.sync.num = 128 (default)
2023-02-21 13:40:14,717 [pool-503-thread-1] INFO  server.RaftServerConfigKeys (ConfUtils.java:logGet(46)) - raft.server.log.statemachine.data.sync = true (default)
2023-02-21 13:40:14,718 [pool-503-thread-1] INFO  server.RaftServerConfigKeys (ConfUtils.java:logGet(46)) - raft.server.log.statemachine.data.sync.timeout = 10s (default)
2023-02-21 13:40:14,718 [EventQueue-OpenPipelineForHealthyPipelineSafeModeRule] INFO  safemode.SCMSafeModeManager (HealthyPipelineSafeModeRule.java:process(137)) - SCM in safe mode. Healthy pipelines reported count is 0, required healthy pipeline reported count is 1
2023-02-21 13:40:14,718 [pool-503-thread-1] INFO  server.RaftServerConfigKeys (ConfUtils.java:logGet(46)) - raft.server.log.statemachine.data.sync.timeout.retry = -1 (default)
2023-02-21 13:40:14,718 [pool-503-thread-1] INFO  server.RaftServerConfigKeys (ConfUtils.java:logGet(46)) - raft.server.log.write.buffer.size = 1048576 (custom)
2023-02-21 13:40:14,719 [pool-503-thread-1] INFO  server.RaftServerConfigKeys (ConfUtils.java:logGet(46)) - raft.server.log.appender.buffer.byte-limit = 33554432 (custom)
2023-02-21 13:40:14,730 [pool-503-thread-1] INFO  server.RaftServerConfigKeys (ConfUtils.java:logGet(46)) - raft.server.log.unsafe-flush.enabled = false (default)
2023-02-21 13:40:14,730 [pool-503-thread-1] INFO  server.RaftServerConfigKeys (ConfUtils.java:logGet(46)) - raft.server.log.async-flush.enabled = false (default)
2023-02-21 13:40:14,730 [pool-503-thread-1] INFO  server.RaftServerConfigKeys (ConfUtils.java:logGet(46)) - raft.server.log.statemachine.data.caching.enabled = true (custom)
2023-02-21 13:40:14,731 [pool-503-thread-1] INFO  segmented.SegmentedRaftLogWorker (SegmentedRaftLogWorker.java:lambda$new$0(135)) - ddc1ce43-6958-4d2f-a962-1f2187968283@group-E767C5738292-SegmentedRaftLogWorker: flushIndex: setUnconditionally 0 -> -1
2023-02-21 13:40:14,731 [pool-503-thread-1] INFO  segmented.SegmentedRaftLogWorker (SegmentedRaftLogWorker.java:lambda$new$0(135)) - ddc1ce43-6958-4d2f-a962-1f2187968283@group-E767C5738292-SegmentedRaftLogWorker: safeCacheEvictIndex: setUnconditionally 0 -> -1
2023-02-21 13:40:14,731 [pool-503-thread-1] INFO  server.RaftServer$Division (RaftServerImpl.java:start(334)) - ddc1ce43-6958-4d2f-a962-1f2187968283@group-E767C5738292: start as a follower, conf=-1: peers:[ddc1ce43-6958-4d2f-a962-1f2187968283|rpc:10.1.0.81:39087|dataStream:10.1.0.81:37359|priority:1|startupRole:FOLLOWER]|listeners:[], old=null
2023-02-21 13:40:14,731 [pool-503-thread-1] INFO  server.RaftServer$Division (RaftServerImpl.java:setRole(321)) - ddc1ce43-6958-4d2f-a962-1f2187968283@group-E767C5738292: changes role from      null to FOLLOWER at term 0 for startAsFollower
2023-02-21 13:40:14,731 [pool-503-thread-1] INFO  impl.RoleInfo (RoleInfo.java:updateAndGet(139)) - ddc1ce43-6958-4d2f-a962-1f2187968283: start ddc1ce43-6958-4d2f-a962-1f2187968283@group-E767C5738292-FollowerState
2023-02-21 13:40:14,732 [pool-503-thread-1] INFO  util.JmxRegister (JmxRegister.java:tryRegister(44)) - Successfully registered JMX Bean with object name Ratis:service=RaftServer,group=group-E767C5738292,id=ddc1ce43-6958-4d2f-a962-1f2187968283
2023-02-21 13:40:14,732 [pool-503-thread-1] INFO  server.RaftServerConfigKeys (ConfUtils.java:logGet(46)) - raft.server.snapshot.auto.trigger.enabled = true (custom)
2023-02-21 13:40:14,732 [pool-503-thread-1] INFO  server.RaftServerConfigKeys (ConfUtils.java:logGet(46)) - raft.server.snapshot.auto.trigger.threshold = 10000 (custom)
2023-02-21 13:40:14,732 [pool-503-thread-1] INFO  server.RaftServerConfigKeys (ConfUtils.java:logGet(46)) - raft.server.snapshot.retention.file.num = 5 (custom)
2023-02-21 13:40:14,732 [pool-503-thread-1] INFO  server.RaftServerConfigKeys (ConfUtils.java:logGet(46)) - raft.server.log.purge.upto.snapshot.index = false (default)
2023-02-21 13:40:14,733 [ddc1ce43-6958-4d2f-a962-1f2187968283@group-E767C5738292-FollowerState] INFO  server.RaftServerConfigKeys (ConfUtils.java:logFallback(53)) - raft.server.rpc.first-election.timeout.min = 5s (fallback to raft.server.rpc.timeout.min)
2023-02-21 13:40:14,733 [ddc1ce43-6958-4d2f-a962-1f2187968283@group-E767C5738292-FollowerState] INFO  server.RaftServerConfigKeys (ConfUtils.java:logFallback(53)) - raft.server.rpc.first-election.timeout.max = 5200ms (fallback to raft.server.rpc.timeout.max)
2023-02-21 13:40:14,733 [Command processor thread] INFO  ratis.XceiverServerRatis (XceiverServerRatis.java:addGroup(807)) - Created group PipelineID=989c6be2-2da8-4f77-b5e9-e767c5738292
2023-02-21 13:40:14,733 [Command processor thread] INFO  commandhandler.CreatePipelineCommandHandler (CreatePipelineCommandHandler.java:handle(113)) - Created Pipeline RATIS ONE PipelineID=989c6be2-2da8-4f77-b5e9-e767c5738292.
2023-02-21 13:40:14,930 [Listener at 127.0.0.1/34503] INFO  ozone.MiniOzoneClusterImpl (MiniOzoneClusterImpl.java:lambda$waitForClusterToBeReady$0(218)) - Nodes are ready. Got 5 of 5 DN Heartbeats.
2023-02-21 13:40:14,930 [Listener at 127.0.0.1/34503] INFO  ozone.MiniOzoneClusterImpl (MiniOzoneClusterImpl.java:lambda$waitForClusterToBeReady$0(221)) - Waiting for cluster to exit safe mode
2023-02-21 13:40:14,931 [Listener at 127.0.0.1/34503] INFO  ozone.MiniOzoneClusterImpl (MiniOzoneClusterImpl.java:lambda$waitForClusterToBeReady$0(223)) - SCM became leader
2023-02-21 13:40:15,115 [Command processor thread] INFO  server.RaftServer (RaftServerProxy.java:addNew(96)) - cc21282f-5934-42bf-9918-cc8c0aab7e68: addNew group-3E6A6F57AB1F:[cc21282f-5934-42bf-9918-cc8c0aab7e68|rpc:10.1.0.81:34309|dataStream:10.1.0.81:33753|priority:1|startupRole:FOLLOWER] returns group-3E6A6F57AB1F:java.util.concurrent.CompletableFuture@6e23d3b8[Not completed]
2023-02-21 13:40:15,116 [pool-525-thread-1] INFO  server.RaftServer$Division (RaftServerImpl.java:<init>(195)) - cc21282f-5934-42bf-9918-cc8c0aab7e68: new RaftServerImpl for group-3E6A6F57AB1F:[cc21282f-5934-42bf-9918-cc8c0aab7e68|rpc:10.1.0.81:34309|dataStream:10.1.0.81:33753|priority:1|startupRole:FOLLOWER] with ContainerStateMachine:uninitialized
2023-02-21 13:40:15,116 [pool-525-thread-1] INFO  server.RaftServerConfigKeys (ConfUtils.java:logGet(46)) - raft.server.rpc.timeout.min = 5s (custom)
2023-02-21 13:40:15,116 [pool-525-thread-1] INFO  server.RaftServerConfigKeys (ConfUtils.java:logGet(46)) - raft.server.rpc.timeout.max = 5200ms (custom)
2023-02-21 13:40:15,116 [pool-525-thread-1] INFO  server.RaftServerConfigKeys (ConfUtils.java:logGet(46)) - raft.server.rpc.sleep.time = 25ms (default)
2023-02-21 13:40:15,116 [pool-525-thread-1] INFO  server.RaftServerConfigKeys (ConfUtils.java:logGet(46)) - raft.server.rpc.slowness.timeout = 300s (custom)
2023-02-21 13:40:15,116 [pool-525-thread-1] INFO  server.RaftServerConfigKeys (ConfUtils.java:logGet(46)) - raft.server.leaderelection.leader.step-down.wait-time = 10s (default)
2023-02-21 13:40:15,117 [pool-525-thread-1] INFO  server.RaftServerConfigKeys (ConfUtils.java:logGet(46)) - raft.server.sleep.deviation.threshold = 300ms (default)
2023-02-21 13:40:15,117 [pool-525-thread-1] INFO  server.RaftServer$Division (ServerState.java:<init>(118)) - cc21282f-5934-42bf-9918-cc8c0aab7e68@group-3E6A6F57AB1F: ConfigurationManager, init=-1: peers:[cc21282f-5934-42bf-9918-cc8c0aab7e68|rpc:10.1.0.81:34309|dataStream:10.1.0.81:33753|priority:1|startupRole:FOLLOWER]|listeners:[], old=null, confs=<EMPTY_MAP>
2023-02-21 13:40:15,117 [pool-525-thread-1] INFO  server.RaftServerConfigKeys (ConfUtils.java:logGet(46)) - raft.server.storage.dir = [/home/runner/work/ozone/ozone/hadoop-ozone/integration-test/target/test-dir/MiniOzoneClusterImpl-c6aa46b2-3083-4aae-be29-8199bb906922/datanode-2/data/ratis] (custom)
2023-02-21 13:40:15,117 [pool-525-thread-1] INFO  server.RaftServerConfigKeys (ConfUtils.java:logGet(46)) - raft.server.log.corruption.policy = EXCEPTION (default)
2023-02-21 13:40:15,117 [pool-525-thread-1] INFO  server.RaftServerConfigKeys (ConfUtils.java:logGet(46)) - raft.server.storage.free-space.min = 0MB (=0) (default)
2023-02-21 13:40:15,117 [pool-525-thread-1] INFO  server.RaftServerConfigKeys (ConfUtils.java:logGet(46)) - raft.server.notification.no-leader.timeout = 300s (custom)
2023-02-21 13:40:15,118 [pool-525-thread-1] INFO  server.RaftServerConfigKeys (ConfUtils.java:logGet(46)) - raft.server.retrycache.expirytime = 600000ms (custom)
2023-02-21 13:40:15,118 [pool-525-thread-1] INFO  server.RaftServerConfigKeys (ConfUtils.java:logGet(46)) - raft.server.retrycache.statistics.expirytime = 100μs (default)
2023-02-21 13:40:15,118 [pool-525-thread-1] INFO  server.RaftServerConfigKeys (ConfUtils.java:logGet(46)) - raft.server.log.appender.install.snapshot.enabled = false (custom)
2023-02-21 13:40:15,118 [pool-525-thread-1] INFO  server.RaftServerConfigKeys (ConfUtils.java:logGet(46)) - raft.server.threadpool.server.cached = true (default)
2023-02-21 13:40:15,119 [pool-525-thread-1] INFO  server.RaftServerConfigKeys (ConfUtils.java:logGet(46)) - raft.server.threadpool.server.size = 0 (default)
2023-02-21 13:40:15,119 [pool-525-thread-1] INFO  server.RaftServerConfigKeys (ConfUtils.java:logGet(46)) - raft.server.threadpool.client.cached = true (default)
2023-02-21 13:40:15,119 [pool-525-thread-1] INFO  server.RaftServerConfigKeys (ConfUtils.java:logGet(46)) - raft.server.threadpool.client.size = 0 (default)
2023-02-21 13:40:15,119 [pool-525-thread-1] INFO  storage.RaftStorageDirectory (RaftStorageDirectoryImpl.java:analyzeStorage(137)) - The storage directory /home/runner/work/ozone/ozone/hadoop-ozone/integration-test/target/test-dir/MiniOzoneClusterImpl-c6aa46b2-3083-4aae-be29-8199bb906922/datanode-2/data/ratis/2f9ff8d4-88ea-4746-8d3f-3e6a6f57ab1f does not exist. Creating ...
2023-02-21 13:40:15,120 [pool-525-thread-1] INFO  storage.RaftStorageDirectory (RaftStorageDirectoryImpl.java:tryLock(231)) - Lock on /home/runner/work/ozone/ozone/hadoop-ozone/integration-test/target/test-dir/MiniOzoneClusterImpl-c6aa46b2-3083-4aae-be29-8199bb906922/datanode-2/data/ratis/2f9ff8d4-88ea-4746-8d3f-3e6a6f57ab1f/in_use.lock acquired by nodename 15258@fv-az318-260
2023-02-21 13:40:15,122 [pool-525-thread-1] INFO  storage.RaftStorage (RaftStorageImpl.java:format(96)) - Storage directory /home/runner/work/ozone/ozone/hadoop-ozone/integration-test/target/test-dir/MiniOzoneClusterImpl-c6aa46b2-3083-4aae-be29-8199bb906922/datanode-2/data/ratis/2f9ff8d4-88ea-4746-8d3f-3e6a6f57ab1f has been successfully formatted.
2023-02-21 13:40:15,122 [pool-525-thread-1] INFO  ratis.ContainerStateMachine (ContainerStateMachine.java:loadSnapshot(240)) - group-3E6A6F57AB1F: The snapshot info is null. Setting the last applied indexto:(t:0, i:~)
2023-02-21 13:40:15,122 [pool-525-thread-1] INFO  server.RaftServerConfigKeys (ConfUtils.java:logGet(46)) - raft.server.log.use.memory = false (default)
2023-02-21 13:40:15,123 [pool-525-thread-1] INFO  server.RaftServerConfigKeys (ConfUtils.java:logGet(46)) - raft.server.log.purge.gap = 1000000 (custom)
2023-02-21 13:40:15,123 [EventQueue-PipelineReportForPipelineReportHandler] INFO  pipeline.PipelineManagerImpl (PipelineManagerImpl.java:openPipeline(367)) - Pipeline Pipeline[ Id: 2f9ff8d4-88ea-4746-8d3f-3e6a6f57ab1f, Nodes: cc21282f-5934-42bf-9918-cc8c0aab7e68(fv-az318-260.ewvrrcgabbbubjc05i3n4a3pph.dx.internal.cloudapp.net/10.1.0.81), ReplicationConfig: RATIS/ONE, State:ALLOCATED, leaderId:cc21282f-5934-42bf-9918-cc8c0aab7e68, CreationTimestamp2023-02-21T13:40:12.120Z[Etc/UTC]] moved to OPEN state
2023-02-21 13:40:15,123 [pool-525-thread-1] INFO  server.RaftServerConfigKeys (ConfUtils.java:logGet(46)) - raft.server.log.appender.buffer.byte-limit = 33554432 (custom)
2023-02-21 13:40:15,123 [pool-525-thread-1] INFO  server.RaftServerConfigKeys (ConfUtils.java:logGet(46)) - raft.server.log.statemachine.data.read.timeout = 1000ms (default)
2023-02-21 13:40:15,123 [pool-525-thread-1] INFO  server.RaftServerConfigKeys (ConfUtils.java:logGet(46)) - raft.server.log.purge.preservation.log.num = 0 (default)
2023-02-21 13:40:15,124 [pool-525-thread-1] INFO  server.RaftServerConfigKeys (ConfUtils.java:logGet(46)) - raft.server.log.segment.size.max = 1048576 (custom)
2023-02-21 13:40:15,124 [EventQueue-OpenPipelineForHealthyPipelineSafeModeRule] INFO  safemode.SCMSafeModeManager (HealthyPipelineSafeModeRule.java:process(137)) - SCM in safe mode. Healthy pipelines reported count is 0, required healthy pipeline reported count is 1
2023-02-21 13:40:15,124 [pool-525-thread-1] INFO  server.RaftServerConfigKeys (ConfUtils.java:logGet(46)) - raft.server.log.segment.cache.num.max = 2 (custom)
2023-02-21 13:40:15,124 [pool-525-thread-1] INFO  server.RaftServerConfigKeys (ConfUtils.java:logGet(46)) - raft.server.log.segment.cache.size.max = 200MB (=209715200) (default)
2023-02-21 13:40:15,124 [pool-525-thread-1] INFO  segmented.SegmentedRaftLogWorker (SegmentedRaftLogWorker.java:<init>(189)) - new cc21282f-5934-42bf-9918-cc8c0aab7e68@group-3E6A6F57AB1F-SegmentedRaftLogWorker for RaftStorageImpl:Storage Directory /home/runner/work/ozone/ozone/hadoop-ozone/integration-test/target/test-dir/MiniOzoneClusterImpl-c6aa46b2-3083-4aae-be29-8199bb906922/datanode-2/data/ratis/2f9ff8d4-88ea-4746-8d3f-3e6a6f57ab1f
2023-02-21 13:40:15,126 [pool-525-thread-1] INFO  server.RaftServerConfigKeys (ConfUtils.java:logGet(46)) - raft.server.log.queue.byte-limit = 4294967296 (custom)
2023-02-21 13:40:15,126 [pool-525-thread-1] INFO  server.RaftServerConfigKeys (ConfUtils.java:logGet(46)) - raft.server.log.queue.element-limit = 1024 (custom)
2023-02-21 13:40:15,126 [pool-525-thread-1] INFO  server.RaftServerConfigKeys (ConfUtils.java:logGet(46)) - raft.server.log.segment.size.max = 1048576 (custom)
2023-02-21 13:40:15,126 [pool-525-thread-1] INFO  server.RaftServerConfigKeys (ConfUtils.java:logGet(46)) - raft.server.log.preallocated.size = 16384 (custom)
2023-02-21 13:40:15,126 [pool-525-thread-1] INFO  server.RaftServerConfigKeys (ConfUtils.java:logGet(46)) - raft.server.log.force.sync.num = 128 (default)
2023-02-21 13:40:15,126 [pool-525-thread-1] INFO  server.RaftServerConfigKeys (ConfUtils.java:logGet(46)) - raft.server.log.statemachine.data.sync = true (default)
2023-02-21 13:40:15,126 [pool-525-thread-1] INFO  server.RaftServerConfigKeys (ConfUtils.java:logGet(46)) - raft.server.log.statemachine.data.sync.timeout = 10s (default)
2023-02-21 13:40:15,126 [pool-525-thread-1] INFO  server.RaftServerConfigKeys (ConfUtils.java:logGet(46)) - raft.server.log.statemachine.data.sync.timeout.retry = -1 (default)
2023-02-21 13:40:15,127 [pool-525-thread-1] INFO  server.RaftServerConfigKeys (ConfUtils.java:logGet(46)) - raft.server.log.write.buffer.size = 1048576 (custom)
2023-02-21 13:40:15,127 [pool-525-thread-1] INFO  server.RaftServerConfigKeys (ConfUtils.java:logGet(46)) - raft.server.log.appender.buffer.byte-limit = 33554432 (custom)
2023-02-21 13:40:15,132 [pool-525-thread-1] INFO  server.RaftServerConfigKeys (ConfUtils.java:logGet(46)) - raft.server.log.unsafe-flush.enabled = false (default)
2023-02-21 13:40:15,133 [pool-525-thread-1] INFO  server.RaftServerConfigKeys (ConfUtils.java:logGet(46)) - raft.server.log.async-flush.enabled = false (default)
2023-02-21 13:40:15,133 [pool-525-thread-1] INFO  server.RaftServerConfigKeys (ConfUtils.java:logGet(46)) - raft.server.log.statemachine.data.caching.enabled = true (custom)
2023-02-21 13:40:15,133 [pool-525-thread-1] INFO  segmented.SegmentedRaftLogWorker (SegmentedRaftLogWorker.java:lambda$new$0(135)) - cc21282f-5934-42bf-9918-cc8c0aab7e68@group-3E6A6F57AB1F-SegmentedRaftLogWorker: flushIndex: setUnconditionally 0 -> -1
2023-02-21 13:40:15,133 [pool-525-thread-1] INFO  segmented.SegmentedRaftLogWorker (SegmentedRaftLogWorker.java:lambda$new$0(135)) - cc21282f-5934-42bf-9918-cc8c0aab7e68@group-3E6A6F57AB1F-SegmentedRaftLogWorker: safeCacheEvictIndex: setUnconditionally 0 -> -1
2023-02-21 13:40:15,134 [pool-525-thread-1] INFO  server.RaftServer$Division (RaftServerImpl.java:start(334)) - cc21282f-5934-42bf-9918-cc8c0aab7e68@group-3E6A6F57AB1F: start as a follower, conf=-1: peers:[cc21282f-5934-42bf-9918-cc8c0aab7e68|rpc:10.1.0.81:34309|dataStream:10.1.0.81:33753|priority:1|startupRole:FOLLOWER]|listeners:[], old=null
2023-02-21 13:40:15,134 [pool-525-thread-1] INFO  server.RaftServer$Division (RaftServerImpl.java:setRole(321)) - cc21282f-5934-42bf-9918-cc8c0aab7e68@group-3E6A6F57AB1F: changes role from      null to FOLLOWER at term 0 for startAsFollower
2023-02-21 13:40:15,134 [pool-525-thread-1] INFO  impl.RoleInfo (RoleInfo.java:updateAndGet(139)) - cc21282f-5934-42bf-9918-cc8c0aab7e68: start cc21282f-5934-42bf-9918-cc8c0aab7e68@group-3E6A6F57AB1F-FollowerState
2023-02-21 13:40:15,134 [pool-525-thread-1] INFO  util.JmxRegister (JmxRegister.java:tryRegister(44)) - Successfully registered JMX Bean with object name Ratis:service=RaftServer,group=group-3E6A6F57AB1F,id=cc21282f-5934-42bf-9918-cc8c0aab7e68
2023-02-21 13:40:15,134 [cc21282f-5934-42bf-9918-cc8c0aab7e68@group-3E6A6F57AB1F-FollowerState] INFO  server.RaftServerConfigKeys (ConfUtils.java:logFallback(53)) - raft.server.rpc.first-election.timeout.min = 5s (fallback to raft.server.rpc.timeout.min)
2023-02-21 13:40:15,134 [pool-525-thread-1] INFO  server.RaftServerConfigKeys (ConfUtils.java:logGet(46)) - raft.server.snapshot.auto.trigger.enabled = true (custom)
2023-02-21 13:40:15,134 [cc21282f-5934-42bf-9918-cc8c0aab7e68@group-3E6A6F57AB1F-FollowerState] INFO  server.RaftServerConfigKeys (ConfUtils.java:logFallback(53)) - raft.server.rpc.first-election.timeout.max = 5200ms (fallback to raft.server.rpc.timeout.max)
2023-02-21 13:40:15,134 [pool-525-thread-1] INFO  server.RaftServerConfigKeys (ConfUtils.java:logGet(46)) - raft.server.snapshot.auto.trigger.threshold = 10000 (custom)
2023-02-21 13:40:15,135 [pool-525-thread-1] INFO  server.RaftServerConfigKeys (ConfUtils.java:logGet(46)) - raft.server.snapshot.retention.file.num = 5 (custom)
2023-02-21 13:40:15,135 [pool-525-thread-1] INFO  server.RaftServerConfigKeys (ConfUtils.java:logGet(46)) - raft.server.log.purge.upto.snapshot.index = false (default)
2023-02-21 13:40:15,135 [Command processor thread] INFO  ratis.XceiverServerRatis (XceiverServerRatis.java:addGroup(807)) - Created group PipelineID=2f9ff8d4-88ea-4746-8d3f-3e6a6f57ab1f
2023-02-21 13:40:15,135 [Command processor thread] INFO  commandhandler.CreatePipelineCommandHandler (CreatePipelineCommandHandler.java:handle(113)) - Created Pipeline RATIS ONE PipelineID=2f9ff8d4-88ea-4746-8d3f-3e6a6f57ab1f.
2023-02-21 13:40:15,495 [Command processor thread] INFO  server.RaftServer (RaftServerProxy.java:addNew(96)) - 0f4d0b38-f1c8-489e-92ab-b78f82fc2ecb: addNew group-4EF3713BF805:[0f4d0b38-f1c8-489e-92ab-b78f82fc2ecb|rpc:10.1.0.81:34971|dataStream:10.1.0.81:46565|priority:1|startupRole:FOLLOWER] returns group-4EF3713BF805:java.util.concurrent.CompletableFuture@3c9334e9[Not completed]
2023-02-21 13:40:15,497 [pool-547-thread-1] INFO  server.RaftServer$Division (RaftServerImpl.java:<init>(195)) - 0f4d0b38-f1c8-489e-92ab-b78f82fc2ecb: new RaftServerImpl for group-4EF3713BF805:[0f4d0b38-f1c8-489e-92ab-b78f82fc2ecb|rpc:10.1.0.81:34971|dataStream:10.1.0.81:46565|priority:1|startupRole:FOLLOWER] with ContainerStateMachine:uninitialized
2023-02-21 13:40:15,497 [pool-547-thread-1] INFO  server.RaftServerConfigKeys (ConfUtils.java:logGet(46)) - raft.server.rpc.timeout.min = 5s (custom)
2023-02-21 13:40:15,497 [pool-547-thread-1] INFO  server.RaftServerConfigKeys (ConfUtils.java:logGet(46)) - raft.server.rpc.timeout.max = 5200ms (custom)
2023-02-21 13:40:15,497 [pool-547-thread-1] INFO  server.RaftServerConfigKeys (ConfUtils.java:logGet(46)) - raft.server.rpc.sleep.time = 25ms (default)
2023-02-21 13:40:15,497 [pool-547-thread-1] INFO  server.RaftServerConfigKeys (ConfUtils.java:logGet(46)) - raft.server.rpc.slowness.timeout = 300s (custom)
2023-02-21 13:40:15,497 [pool-547-thread-1] INFO  server.RaftServerConfigKeys (ConfUtils.java:logGet(46)) - raft.server.leaderelection.leader.step-down.wait-time = 10s (default)
2023-02-21 13:40:15,497 [pool-547-thread-1] INFO  server.RaftServerConfigKeys (ConfUtils.java:logGet(46)) - raft.server.sleep.deviation.threshold = 300ms (default)
2023-02-21 13:40:15,497 [pool-547-thread-1] INFO  server.RaftServer$Division (ServerState.java:<init>(118)) - 0f4d0b38-f1c8-489e-92ab-b78f82fc2ecb@group-4EF3713BF805: ConfigurationManager, init=-1: peers:[0f4d0b38-f1c8-489e-92ab-b78f82fc2ecb|rpc:10.1.0.81:34971|dataStream:10.1.0.81:46565|priority:1|startupRole:FOLLOWER]|listeners:[], old=null, confs=<EMPTY_MAP>
2023-02-21 13:40:15,497 [pool-547-thread-1] INFO  server.RaftServerConfigKeys (ConfUtils.java:logGet(46)) - raft.server.storage.dir = [/home/runner/work/ozone/ozone/hadoop-ozone/integration-test/target/test-dir/MiniOzoneClusterImpl-c6aa46b2-3083-4aae-be29-8199bb906922/datanode-3/data/ratis] (custom)
2023-02-21 13:40:15,497 [pool-547-thread-1] INFO  server.RaftServerConfigKeys (ConfUtils.java:logGet(46)) - raft.server.log.corruption.policy = EXCEPTION (default)
2023-02-21 13:40:15,497 [pool-547-thread-1] INFO  server.RaftServerConfigKeys (ConfUtils.java:logGet(46)) - raft.server.storage.free-space.min = 0MB (=0) (default)
2023-02-21 13:40:15,498 [pool-547-thread-1] INFO  server.RaftServerConfigKeys (ConfUtils.java:logGet(46)) - raft.server.notification.no-leader.timeout = 300s (custom)
2023-02-21 13:40:15,498 [pool-547-thread-1] INFO  server.RaftServerConfigKeys (ConfUtils.java:logGet(46)) - raft.server.retrycache.expirytime = 600000ms (custom)
2023-02-21 13:40:15,498 [pool-547-thread-1] INFO  server.RaftServerConfigKeys (ConfUtils.java:logGet(46)) - raft.server.retrycache.statistics.expirytime = 100μs (default)
2023-02-21 13:40:15,502 [pool-547-thread-1] INFO  server.RaftServerConfigKeys (ConfUtils.java:logGet(46)) - raft.server.log.appender.install.snapshot.enabled = false (custom)
2023-02-21 13:40:15,503 [pool-547-thread-1] INFO  server.RaftServerConfigKeys (ConfUtils.java:logGet(46)) - raft.server.threadpool.server.cached = true (default)
2023-02-21 13:40:15,503 [pool-547-thread-1] INFO  server.RaftServerConfigKeys (ConfUtils.java:logGet(46)) - raft.server.threadpool.server.size = 0 (default)
2023-02-21 13:40:15,503 [pool-547-thread-1] INFO  server.RaftServerConfigKeys (ConfUtils.java:logGet(46)) - raft.server.threadpool.client.cached = true (default)
2023-02-21 13:40:15,503 [pool-547-thread-1] INFO  server.RaftServerConfigKeys (ConfUtils.java:logGet(46)) - raft.server.threadpool.client.size = 0 (default)
2023-02-21 13:40:15,503 [pool-547-thread-1] INFO  storage.RaftStorageDirectory (RaftStorageDirectoryImpl.java:analyzeStorage(137)) - The storage directory /home/runner/work/ozone/ozone/hadoop-ozone/integration-test/target/test-dir/MiniOzoneClusterImpl-c6aa46b2-3083-4aae-be29-8199bb906922/datanode-3/data/ratis/432aa6db-4fad-4fb7-8be5-4ef3713bf805 does not exist. Creating ...
2023-02-21 13:40:15,505 [pool-547-thread-1] INFO  storage.RaftStorageDirectory (RaftStorageDirectoryImpl.java:tryLock(231)) - Lock on /home/runner/work/ozone/ozone/hadoop-ozone/integration-test/target/test-dir/MiniOzoneClusterImpl-c6aa46b2-3083-4aae-be29-8199bb906922/datanode-3/data/ratis/432aa6db-4fad-4fb7-8be5-4ef3713bf805/in_use.lock acquired by nodename 15258@fv-az318-260
2023-02-21 13:40:15,506 [pool-547-thread-1] INFO  storage.RaftStorage (RaftStorageImpl.java:format(96)) - Storage directory /home/runner/work/ozone/ozone/hadoop-ozone/integration-test/target/test-dir/MiniOzoneClusterImpl-c6aa46b2-3083-4aae-be29-8199bb906922/datanode-3/data/ratis/432aa6db-4fad-4fb7-8be5-4ef3713bf805 has been successfully formatted.
2023-02-21 13:40:15,507 [pool-547-thread-1] INFO  ratis.ContainerStateMachine (ContainerStateMachine.java:loadSnapshot(240)) - group-4EF3713BF805: The snapshot info is null. Setting the last applied indexto:(t:0, i:~)
2023-02-21 13:40:15,508 [EventQueue-PipelineReportForPipelineReportHandler] INFO  pipeline.PipelineManagerImpl (PipelineManagerImpl.java:openPipeline(367)) - Pipeline Pipeline[ Id: 432aa6db-4fad-4fb7-8be5-4ef3713bf805, Nodes: 0f4d0b38-f1c8-489e-92ab-b78f82fc2ecb(fv-az318-260.ewvrrcgabbbubjc05i3n4a3pph.dx.internal.cloudapp.net/10.1.0.81), ReplicationConfig: RATIS/ONE, State:ALLOCATED, leaderId:0f4d0b38-f1c8-489e-92ab-b78f82fc2ecb, CreationTimestamp2023-02-21T13:40:12.498Z[Etc/UTC]] moved to OPEN state
2023-02-21 13:40:15,508 [pool-547-thread-1] INFO  server.RaftServerConfigKeys (ConfUtils.java:logGet(46)) - raft.server.log.use.memory = false (default)
2023-02-21 13:40:15,508 [pool-547-thread-1] INFO  server.RaftServerConfigKeys (ConfUtils.java:logGet(46)) - raft.server.log.purge.gap = 1000000 (custom)
2023-02-21 13:40:15,508 [pool-547-thread-1] INFO  server.RaftServerConfigKeys (ConfUtils.java:logGet(46)) - raft.server.log.appender.buffer.byte-limit = 33554432 (custom)
2023-02-21 13:40:15,508 [EventQueue-OpenPipelineForHealthyPipelineSafeModeRule] INFO  safemode.SCMSafeModeManager (HealthyPipelineSafeModeRule.java:process(137)) - SCM in safe mode. Healthy pipelines reported count is 0, required healthy pipeline reported count is 1
2023-02-21 13:40:15,508 [pool-547-thread-1] INFO  server.RaftServerConfigKeys (ConfUtils.java:logGet(46)) - raft.server.log.statemachine.data.read.timeout = 1000ms (default)
2023-02-21 13:40:15,509 [pool-547-thread-1] INFO  server.RaftServerConfigKeys (ConfUtils.java:logGet(46)) - raft.server.log.purge.preservation.log.num = 0 (default)
2023-02-21 13:40:15,509 [pool-547-thread-1] INFO  server.RaftServerConfigKeys (ConfUtils.java:logGet(46)) - raft.server.log.segment.size.max = 1048576 (custom)
2023-02-21 13:40:15,509 [pool-547-thread-1] INFO  server.RaftServerConfigKeys (ConfUtils.java:logGet(46)) - raft.server.log.segment.cache.num.max = 2 (custom)
2023-02-21 13:40:15,509 [pool-547-thread-1] INFO  server.RaftServerConfigKeys (ConfUtils.java:logGet(46)) - raft.server.log.segment.cache.size.max = 200MB (=209715200) (default)
2023-02-21 13:40:15,509 [pool-547-thread-1] INFO  segmented.SegmentedRaftLogWorker (SegmentedRaftLogWorker.java:<init>(189)) - new 0f4d0b38-f1c8-489e-92ab-b78f82fc2ecb@group-4EF3713BF805-SegmentedRaftLogWorker for RaftStorageImpl:Storage Directory /home/runner/work/ozone/ozone/hadoop-ozone/integration-test/target/test-dir/MiniOzoneClusterImpl-c6aa46b2-3083-4aae-be29-8199bb906922/datanode-3/data/ratis/432aa6db-4fad-4fb7-8be5-4ef3713bf805
2023-02-21 13:40:15,509 [pool-547-thread-1] INFO  server.RaftServerConfigKeys (ConfUtils.java:logGet(46)) - raft.server.log.queue.byte-limit = 4294967296 (custom)
2023-02-21 13:40:15,509 [pool-547-thread-1] INFO  server.RaftServerConfigKeys (ConfUtils.java:logGet(46)) - raft.server.log.queue.element-limit = 1024 (custom)
2023-02-21 13:40:15,509 [pool-547-thread-1] INFO  server.RaftServerConfigKeys (ConfUtils.java:logGet(46)) - raft.server.log.segment.size.max = 1048576 (custom)
2023-02-21 13:40:15,509 [pool-547-thread-1] INFO  server.RaftServerConfigKeys (ConfUtils.java:logGet(46)) - raft.server.log.preallocated.size = 16384 (custom)
2023-02-21 13:40:15,509 [pool-547-thread-1] INFO  server.RaftServerConfigKeys (ConfUtils.java:logGet(46)) - raft.server.log.force.sync.num = 128 (default)
2023-02-21 13:40:15,509 [pool-547-thread-1] INFO  server.RaftServerConfigKeys (ConfUtils.java:logGet(46)) - raft.server.log.statemachine.data.sync = true (default)
2023-02-21 13:40:15,510 [pool-547-thread-1] INFO  server.RaftServerConfigKeys (ConfUtils.java:logGet(46)) - raft.server.log.statemachine.data.sync.timeout = 10s (default)
2023-02-21 13:40:15,510 [pool-547-thread-1] INFO  server.RaftServerConfigKeys (ConfUtils.java:logGet(46)) - raft.server.log.statemachine.data.sync.timeout.retry = -1 (default)
2023-02-21 13:40:15,510 [pool-547-thread-1] INFO  server.RaftServerConfigKeys (ConfUtils.java:logGet(46)) - raft.server.log.write.buffer.size = 1048576 (custom)
2023-02-21 13:40:15,511 [pool-547-thread-1] INFO  server.RaftServerConfigKeys (ConfUtils.java:logGet(46)) - raft.server.log.appender.buffer.byte-limit = 33554432 (custom)
2023-02-21 13:40:15,516 [pool-547-thread-1] INFO  server.RaftServerConfigKeys (ConfUtils.java:logGet(46)) - raft.server.log.unsafe-flush.enabled = false (default)
2023-02-21 13:40:15,516 [pool-547-thread-1] INFO  server.RaftServerConfigKeys (ConfUtils.java:logGet(46)) - raft.server.log.async-flush.enabled = false (default)
2023-02-21 13:40:15,516 [pool-547-thread-1] INFO  server.RaftServerConfigKeys (ConfUtils.java:logGet(46)) - raft.server.log.statemachine.data.caching.enabled = true (custom)
2023-02-21 13:40:15,517 [pool-547-thread-1] INFO  segmented.SegmentedRaftLogWorker (SegmentedRaftLogWorker.java:lambda$new$0(135)) - 0f4d0b38-f1c8-489e-92ab-b78f82fc2ecb@group-4EF3713BF805-SegmentedRaftLogWorker: flushIndex: setUnconditionally 0 -> -1
2023-02-21 13:40:15,517 [pool-547-thread-1] INFO  segmented.SegmentedRaftLogWorker (SegmentedRaftLogWorker.java:lambda$new$0(135)) - 0f4d0b38-f1c8-489e-92ab-b78f82fc2ecb@group-4EF3713BF805-SegmentedRaftLogWorker: safeCacheEvictIndex: setUnconditionally 0 -> -1
2023-02-21 13:40:15,517 [pool-547-thread-1] INFO  server.RaftServer$Division (RaftServerImpl.java:start(334)) - 0f4d0b38-f1c8-489e-92ab-b78f82fc2ecb@group-4EF3713BF805: start as a follower, conf=-1: peers:[0f4d0b38-f1c8-489e-92ab-b78f82fc2ecb|rpc:10.1.0.81:34971|dataStream:10.1.0.81:46565|priority:1|startupRole:FOLLOWER]|listeners:[], old=null
2023-02-21 13:40:15,517 [pool-547-thread-1] INFO  server.RaftServer$Division (RaftServerImpl.java:setRole(321)) - 0f4d0b38-f1c8-489e-92ab-b78f82fc2ecb@group-4EF3713BF805: changes role from      null to FOLLOWER at term 0 for startAsFollower
2023-02-21 13:40:15,517 [pool-547-thread-1] INFO  impl.RoleInfo (RoleInfo.java:updateAndGet(139)) - 0f4d0b38-f1c8-489e-92ab-b78f82fc2ecb: start 0f4d0b38-f1c8-489e-92ab-b78f82fc2ecb@group-4EF3713BF805-FollowerState
2023-02-21 13:40:15,522 [pool-547-thread-1] INFO  util.JmxRegister (JmxRegister.java:tryRegister(44)) - Successfully registered JMX Bean with object name Ratis:service=RaftServer,group=group-4EF3713BF805,id=0f4d0b38-f1c8-489e-92ab-b78f82fc2ecb
2023-02-21 13:40:15,522 [pool-547-thread-1] INFO  server.RaftServerConfigKeys (ConfUtils.java:logGet(46)) - raft.server.snapshot.auto.trigger.enabled = true (custom)
2023-02-21 13:40:15,522 [pool-547-thread-1] INFO  server.RaftServerConfigKeys (ConfUtils.java:logGet(46)) - raft.server.snapshot.auto.trigger.threshold = 10000 (custom)
2023-02-21 13:40:15,523 [pool-547-thread-1] INFO  server.RaftServerConfigKeys (ConfUtils.java:logGet(46)) - raft.server.snapshot.retention.file.num = 5 (custom)
2023-02-21 13:40:15,523 [pool-547-thread-1] INFO  server.RaftServerConfigKeys (ConfUtils.java:logGet(46)) - raft.server.log.purge.upto.snapshot.index = false (default)
2023-02-21 13:40:15,523 [0f4d0b38-f1c8-489e-92ab-b78f82fc2ecb@group-4EF3713BF805-FollowerState] INFO  server.RaftServerConfigKeys (ConfUtils.java:logFallback(53)) - raft.server.rpc.first-election.timeout.min = 5s (fallback to raft.server.rpc.timeout.min)
2023-02-21 13:40:15,523 [0f4d0b38-f1c8-489e-92ab-b78f82fc2ecb@group-4EF3713BF805-FollowerState] INFO  server.RaftServerConfigKeys (ConfUtils.java:logFallback(53)) - raft.server.rpc.first-election.timeout.max = 5200ms (fallback to raft.server.rpc.timeout.max)
2023-02-21 13:40:15,526 [Command processor thread] INFO  ratis.XceiverServerRatis (XceiverServerRatis.java:addGroup(807)) - Created group PipelineID=432aa6db-4fad-4fb7-8be5-4ef3713bf805
2023-02-21 13:40:15,526 [Command processor thread] INFO  commandhandler.CreatePipelineCommandHandler (CreatePipelineCommandHandler.java:handle(113)) - Created Pipeline RATIS ONE PipelineID=432aa6db-4fad-4fb7-8be5-4ef3713bf805.
2023-02-21 13:40:15,931 [Listener at 127.0.0.1/34503] INFO  ozone.MiniOzoneClusterImpl (MiniOzoneClusterImpl.java:lambda$waitForClusterToBeReady$0(218)) - Nodes are ready. Got 5 of 5 DN Heartbeats.
2023-02-21 13:40:15,931 [Listener at 127.0.0.1/34503] INFO  ozone.MiniOzoneClusterImpl (MiniOzoneClusterImpl.java:lambda$waitForClusterToBeReady$0(221)) - Waiting for cluster to exit safe mode
2023-02-21 13:40:15,931 [Listener at 127.0.0.1/34503] INFO  ozone.MiniOzoneClusterImpl (MiniOzoneClusterImpl.java:lambda$waitForClusterToBeReady$0(223)) - SCM became leader
2023-02-21 13:40:15,935 [Command processor thread] INFO  server.RaftServer (RaftServerProxy.java:addNew(96)) - 17d7dac2-7ff4-442d-8cd9-ba857e0cf65e: addNew group-A79B1AB37523:[17d7dac2-7ff4-442d-8cd9-ba857e0cf65e|rpc:10.1.0.81:41197|dataStream:10.1.0.81:41479|priority:1|startupRole:FOLLOWER] returns group-A79B1AB37523:java.util.concurrent.CompletableFuture@c61f922[Not completed]
2023-02-21 13:40:15,937 [pool-569-thread-1] INFO  server.RaftServer$Division (RaftServerImpl.java:<init>(195)) - 17d7dac2-7ff4-442d-8cd9-ba857e0cf65e: new RaftServerImpl for group-A79B1AB37523:[17d7dac2-7ff4-442d-8cd9-ba857e0cf65e|rpc:10.1.0.81:41197|dataStream:10.1.0.81:41479|priority:1|startupRole:FOLLOWER] with ContainerStateMachine:uninitialized
2023-02-21 13:40:15,938 [pool-569-thread-1] INFO  server.RaftServerConfigKeys (ConfUtils.java:logGet(46)) - raft.server.rpc.timeout.min = 5s (custom)
2023-02-21 13:40:15,938 [pool-569-thread-1] INFO  server.RaftServerConfigKeys (ConfUtils.java:logGet(46)) - raft.server.rpc.timeout.max = 5200ms (custom)
2023-02-21 13:40:15,938 [pool-569-thread-1] INFO  server.RaftServerConfigKeys (ConfUtils.java:logGet(46)) - raft.server.rpc.sleep.time = 25ms (default)
2023-02-21 13:40:15,938 [pool-569-thread-1] INFO  server.RaftServerConfigKeys (ConfUtils.java:logGet(46)) - raft.server.rpc.slowness.timeout = 300s (custom)
2023-02-21 13:40:15,938 [pool-569-thread-1] INFO  server.RaftServerConfigKeys (ConfUtils.java:logGet(46)) - raft.server.leaderelection.leader.step-down.wait-time = 10s (default)
2023-02-21 13:40:15,938 [pool-569-thread-1] INFO  server.RaftServerConfigKeys (ConfUtils.java:logGet(46)) - raft.server.sleep.deviation.threshold = 300ms (default)
2023-02-21 13:40:15,938 [pool-569-thread-1] INFO  server.RaftServer$Division (ServerState.java:<init>(118)) - 17d7dac2-7ff4-442d-8cd9-ba857e0cf65e@group-A79B1AB37523: ConfigurationManager, init=-1: peers:[17d7dac2-7ff4-442d-8cd9-ba857e0cf65e|rpc:10.1.0.81:41197|dataStream:10.1.0.81:41479|priority:1|startupRole:FOLLOWER]|listeners:[], old=null, confs=<EMPTY_MAP>
2023-02-21 13:40:15,939 [pool-569-thread-1] INFO  server.RaftServerConfigKeys (ConfUtils.java:logGet(46)) - raft.server.storage.dir = [/home/runner/work/ozone/ozone/hadoop-ozone/integration-test/target/test-dir/MiniOzoneClusterImpl-c6aa46b2-3083-4aae-be29-8199bb906922/datanode-4/data/ratis] (custom)
2023-02-21 13:40:15,939 [pool-569-thread-1] INFO  server.RaftServerConfigKeys (ConfUtils.java:logGet(46)) - raft.server.log.corruption.policy = EXCEPTION (default)
2023-02-21 13:40:15,939 [pool-569-thread-1] INFO  server.RaftServerConfigKeys (ConfUtils.java:logGet(46)) - raft.server.storage.free-space.min = 0MB (=0) (default)
2023-02-21 13:40:15,939 [pool-569-thread-1] INFO  server.RaftServerConfigKeys (ConfUtils.java:logGet(46)) - raft.server.notification.no-leader.timeout = 300s (custom)
2023-02-21 13:40:15,939 [pool-569-thread-1] INFO  server.RaftServerConfigKeys (ConfUtils.java:logGet(46)) - raft.server.retrycache.expirytime = 600000ms (custom)
2023-02-21 13:40:15,939 [pool-569-thread-1] INFO  server.RaftServerConfigKeys (ConfUtils.java:logGet(46)) - raft.server.retrycache.statistics.expirytime = 100μs (default)
2023-02-21 13:40:15,941 [pool-569-thread-1] INFO  server.RaftServerConfigKeys (ConfUtils.java:logGet(46)) - raft.server.log.appender.install.snapshot.enabled = false (custom)
2023-02-21 13:40:15,941 [pool-569-thread-1] INFO  server.RaftServerConfigKeys (ConfUtils.java:logGet(46)) - raft.server.threadpool.server.cached = true (default)
2023-02-21 13:40:15,942 [pool-569-thread-1] INFO  server.RaftServerConfigKeys (ConfUtils.java:logGet(46)) - raft.server.threadpool.server.size = 0 (default)
2023-02-21 13:40:15,942 [pool-569-thread-1] INFO  server.RaftServerConfigKeys (ConfUtils.java:logGet(46)) - raft.server.threadpool.client.cached = true (default)
2023-02-21 13:40:15,942 [pool-569-thread-1] INFO  server.RaftServerConfigKeys (ConfUtils.java:logGet(46)) - raft.server.threadpool.client.size = 0 (default)
2023-02-21 13:40:15,942 [pool-569-thread-1] INFO  storage.RaftStorageDirectory (RaftStorageDirectoryImpl.java:analyzeStorage(137)) - The storage directory /home/runner/work/ozone/ozone/hadoop-ozone/integration-test/target/test-dir/MiniOzoneClusterImpl-c6aa46b2-3083-4aae-be29-8199bb906922/datanode-4/data/ratis/90df19f2-6e6a-4835-90c9-a79b1ab37523 does not exist. Creating ...
2023-02-21 13:40:15,945 [pool-569-thread-1] INFO  storage.RaftStorageDirectory (RaftStorageDirectoryImpl.java:tryLock(231)) - Lock on /home/runner/work/ozone/ozone/hadoop-ozone/integration-test/target/test-dir/MiniOzoneClusterImpl-c6aa46b2-3083-4aae-be29-8199bb906922/datanode-4/data/ratis/90df19f2-6e6a-4835-90c9-a79b1ab37523/in_use.lock acquired by nodename 15258@fv-az318-260
2023-02-21 13:40:15,949 [pool-569-thread-1] INFO  storage.RaftStorage (RaftStorageImpl.java:format(96)) - Storage directory /home/runner/work/ozone/ozone/hadoop-ozone/integration-test/target/test-dir/MiniOzoneClusterImpl-c6aa46b2-3083-4aae-be29-8199bb906922/datanode-4/data/ratis/90df19f2-6e6a-4835-90c9-a79b1ab37523 has been successfully formatted.
2023-02-21 13:40:15,955 [pool-569-thread-1] INFO  ratis.ContainerStateMachine (ContainerStateMachine.java:loadSnapshot(240)) - group-A79B1AB37523: The snapshot info is null. Setting the last applied indexto:(t:0, i:~)
2023-02-21 13:40:15,955 [pool-569-thread-1] INFO  server.RaftServerConfigKeys (ConfUtils.java:logGet(46)) - raft.server.log.use.memory = false (default)
2023-02-21 13:40:15,955 [pool-569-thread-1] INFO  server.RaftServerConfigKeys (ConfUtils.java:logGet(46)) - raft.server.log.purge.gap = 1000000 (custom)
2023-02-21 13:40:15,955 [pool-569-thread-1] INFO  server.RaftServerConfigKeys (ConfUtils.java:logGet(46)) - raft.server.log.appender.buffer.byte-limit = 33554432 (custom)
2023-02-21 13:40:15,955 [pool-569-thread-1] INFO  server.RaftServerConfigKeys (ConfUtils.java:logGet(46)) - raft.server.log.statemachine.data.read.timeout = 1000ms (default)
2023-02-21 13:40:15,955 [pool-569-thread-1] INFO  server.RaftServerConfigKeys (ConfUtils.java:logGet(46)) - raft.server.log.purge.preservation.log.num = 0 (default)
2023-02-21 13:40:15,955 [pool-569-thread-1] INFO  server.RaftServerConfigKeys (ConfUtils.java:logGet(46)) - raft.server.log.segment.size.max = 1048576 (custom)
2023-02-21 13:40:15,956 [pool-569-thread-1] INFO  server.RaftServerConfigKeys (ConfUtils.java:logGet(46)) - raft.server.log.segment.cache.num.max = 2 (custom)
2023-02-21 13:40:15,956 [pool-569-thread-1] INFO  server.RaftServerConfigKeys (ConfUtils.java:logGet(46)) - raft.server.log.segment.cache.size.max = 200MB (=209715200) (default)
2023-02-21 13:40:15,956 [pool-569-thread-1] INFO  segmented.SegmentedRaftLogWorker (SegmentedRaftLogWorker.java:<init>(189)) - new 17d7dac2-7ff4-442d-8cd9-ba857e0cf65e@group-A79B1AB37523-SegmentedRaftLogWorker for RaftStorageImpl:Storage Directory /home/runner/work/ozone/ozone/hadoop-ozone/integration-test/target/test-dir/MiniOzoneClusterImpl-c6aa46b2-3083-4aae-be29-8199bb906922/datanode-4/data/ratis/90df19f2-6e6a-4835-90c9-a79b1ab37523
2023-02-21 13:40:15,956 [pool-569-thread-1] INFO  server.RaftServerConfigKeys (ConfUtils.java:logGet(46)) - raft.server.log.queue.byte-limit = 4294967296 (custom)
2023-02-21 13:40:15,956 [pool-569-thread-1] INFO  server.RaftServerConfigKeys (ConfUtils.java:logGet(46)) - raft.server.log.queue.element-limit = 1024 (custom)
2023-02-21 13:40:15,956 [pool-569-thread-1] INFO  server.RaftServerConfigKeys (ConfUtils.java:logGet(46)) - raft.server.log.segment.size.max = 1048576 (custom)
2023-02-21 13:40:15,956 [pool-569-thread-1] INFO  server.RaftServerConfigKeys (ConfUtils.java:logGet(46)) - raft.server.log.preallocated.size = 16384 (custom)
2023-02-21 13:40:15,956 [pool-569-thread-1] INFO  server.RaftServerConfigKeys (ConfUtils.java:logGet(46)) - raft.server.log.force.sync.num = 128 (default)
2023-02-21 13:40:15,956 [pool-569-thread-1] INFO  server.RaftServerConfigKeys (ConfUtils.java:logGet(46)) - raft.server.log.statemachine.data.sync = true (default)
2023-02-21 13:40:15,956 [pool-569-thread-1] INFO  server.RaftServerConfigKeys (ConfUtils.java:logGet(46)) - raft.server.log.statemachine.data.sync.timeout = 10s (default)
2023-02-21 13:40:15,956 [pool-569-thread-1] INFO  server.RaftServerConfigKeys (ConfUtils.java:logGet(46)) - raft.server.log.statemachine.data.sync.timeout.retry = -1 (default)
2023-02-21 13:40:15,957 [pool-569-thread-1] INFO  server.RaftServerConfigKeys (ConfUtils.java:logGet(46)) - raft.server.log.write.buffer.size = 1048576 (custom)
2023-02-21 13:40:15,957 [EventQueue-PipelineReportForPipelineReportHandler] INFO  pipeline.PipelineManagerImpl (PipelineManagerImpl.java:openPipeline(367)) - Pipeline Pipeline[ Id: 90df19f2-6e6a-4835-90c9-a79b1ab37523, Nodes: 17d7dac2-7ff4-442d-8cd9-ba857e0cf65e(fv-az318-260.ewvrrcgabbbubjc05i3n4a3pph.dx.internal.cloudapp.net/10.1.0.81), ReplicationConfig: RATIS/ONE, State:ALLOCATED, leaderId:17d7dac2-7ff4-442d-8cd9-ba857e0cf65e, CreationTimestamp2023-02-21T13:40:12.936Z[Etc/UTC]] moved to OPEN state
2023-02-21 13:40:15,958 [EventQueue-OpenPipelineForHealthyPipelineSafeModeRule] INFO  safemode.SCMSafeModeManager (HealthyPipelineSafeModeRule.java:process(137)) - SCM in safe mode. Healthy pipelines reported count is 0, required healthy pipeline reported count is 1
2023-02-21 13:40:15,958 [pool-569-thread-1] INFO  server.RaftServerConfigKeys (ConfUtils.java:logGet(46)) - raft.server.log.appender.buffer.byte-limit = 33554432 (custom)
2023-02-21 13:40:15,964 [pool-569-thread-1] INFO  server.RaftServerConfigKeys (ConfUtils.java:logGet(46)) - raft.server.log.unsafe-flush.enabled = false (default)
2023-02-21 13:40:15,964 [pool-569-thread-1] INFO  server.RaftServerConfigKeys (ConfUtils.java:logGet(46)) - raft.server.log.async-flush.enabled = false (default)
2023-02-21 13:40:15,964 [pool-569-thread-1] INFO  server.RaftServerConfigKeys (ConfUtils.java:logGet(46)) - raft.server.log.statemachine.data.caching.enabled = true (custom)
2023-02-21 13:40:15,964 [pool-569-thread-1] INFO  segmented.SegmentedRaftLogWorker (SegmentedRaftLogWorker.java:lambda$new$0(135)) - 17d7dac2-7ff4-442d-8cd9-ba857e0cf65e@group-A79B1AB37523-SegmentedRaftLogWorker: flushIndex: setUnconditionally 0 -> -1
2023-02-21 13:40:15,964 [pool-569-thread-1] INFO  segmented.SegmentedRaftLogWorker (SegmentedRaftLogWorker.java:lambda$new$0(135)) - 17d7dac2-7ff4-442d-8cd9-ba857e0cf65e@group-A79B1AB37523-SegmentedRaftLogWorker: safeCacheEvictIndex: setUnconditionally 0 -> -1
2023-02-21 13:40:15,970 [pool-569-thread-1] INFO  server.RaftServer$Division (RaftServerImpl.java:start(334)) - 17d7dac2-7ff4-442d-8cd9-ba857e0cf65e@group-A79B1AB37523: start as a follower, conf=-1: peers:[17d7dac2-7ff4-442d-8cd9-ba857e0cf65e|rpc:10.1.0.81:41197|dataStream:10.1.0.81:41479|priority:1|startupRole:FOLLOWER]|listeners:[], old=null
2023-02-21 13:40:15,970 [pool-569-thread-1] INFO  server.RaftServer$Division (RaftServerImpl.java:setRole(321)) - 17d7dac2-7ff4-442d-8cd9-ba857e0cf65e@group-A79B1AB37523: changes role from      null to FOLLOWER at term 0 for startAsFollower
2023-02-21 13:40:15,970 [pool-569-thread-1] INFO  impl.RoleInfo (RoleInfo.java:updateAndGet(139)) - 17d7dac2-7ff4-442d-8cd9-ba857e0cf65e: start 17d7dac2-7ff4-442d-8cd9-ba857e0cf65e@group-A79B1AB37523-FollowerState
2023-02-21 13:40:15,974 [pool-569-thread-1] INFO  util.JmxRegister (JmxRegister.java:tryRegister(44)) - Successfully registered JMX Bean with object name Ratis:service=RaftServer,group=group-A79B1AB37523,id=17d7dac2-7ff4-442d-8cd9-ba857e0cf65e
2023-02-21 13:40:15,974 [pool-569-thread-1] INFO  server.RaftServerConfigKeys (ConfUtils.java:logGet(46)) - raft.server.snapshot.auto.trigger.enabled = true (custom)
2023-02-21 13:40:15,974 [pool-569-thread-1] INFO  server.RaftServerConfigKeys (ConfUtils.java:logGet(46)) - raft.server.snapshot.auto.trigger.threshold = 10000 (custom)
2023-02-21 13:40:15,974 [pool-569-thread-1] INFO  server.RaftServerConfigKeys (ConfUtils.java:logGet(46)) - raft.server.snapshot.retention.file.num = 5 (custom)
2023-02-21 13:40:15,974 [pool-569-thread-1] INFO  server.RaftServerConfigKeys (ConfUtils.java:logGet(46)) - raft.server.log.purge.upto.snapshot.index = false (default)
2023-02-21 13:40:15,974 [17d7dac2-7ff4-442d-8cd9-ba857e0cf65e@group-A79B1AB37523-FollowerState] INFO  server.RaftServerConfigKeys (ConfUtils.java:logFallback(53)) - raft.server.rpc.first-election.timeout.min = 5s (fallback to raft.server.rpc.timeout.min)
2023-02-21 13:40:15,974 [17d7dac2-7ff4-442d-8cd9-ba857e0cf65e@group-A79B1AB37523-FollowerState] INFO  server.RaftServerConfigKeys (ConfUtils.java:logFallback(53)) - raft.server.rpc.first-election.timeout.max = 5200ms (fallback to raft.server.rpc.timeout.max)
2023-02-21 13:40:15,980 [Command processor thread] INFO  ratis.XceiverServerRatis (XceiverServerRatis.java:addGroup(807)) - Created group PipelineID=90df19f2-6e6a-4835-90c9-a79b1ab37523
2023-02-21 13:40:15,980 [Command processor thread] INFO  commandhandler.CreatePipelineCommandHandler (CreatePipelineCommandHandler.java:handle(113)) - Created Pipeline RATIS ONE PipelineID=90df19f2-6e6a-4835-90c9-a79b1ab37523.
2023-02-21 13:40:16,931 [Listener at 127.0.0.1/34503] INFO  ozone.MiniOzoneClusterImpl (MiniOzoneClusterImpl.java:lambda$waitForClusterToBeReady$0(218)) - Nodes are ready. Got 5 of 5 DN Heartbeats.
2023-02-21 13:40:16,932 [Listener at 127.0.0.1/34503] INFO  ozone.MiniOzoneClusterImpl (MiniOzoneClusterImpl.java:lambda$waitForClusterToBeReady$0(221)) - Waiting for cluster to exit safe mode
2023-02-21 13:40:16,932 [Listener at 127.0.0.1/34503] INFO  ozone.MiniOzoneClusterImpl (MiniOzoneClusterImpl.java:lambda$waitForClusterToBeReady$0(223)) - SCM became leader
2023-02-21 13:40:17,932 [Listener at 127.0.0.1/34503] INFO  ozone.MiniOzoneClusterImpl (MiniOzoneClusterImpl.java:lambda$waitForClusterToBeReady$0(218)) - Nodes are ready. Got 5 of 5 DN Heartbeats.
2023-02-21 13:40:17,932 [Listener at 127.0.0.1/34503] INFO  ozone.MiniOzoneClusterImpl (MiniOzoneClusterImpl.java:lambda$waitForClusterToBeReady$0(221)) - Waiting for cluster to exit safe mode
2023-02-21 13:40:17,932 [Listener at 127.0.0.1/34503] INFO  ozone.MiniOzoneClusterImpl (MiniOzoneClusterImpl.java:lambda$waitForClusterToBeReady$0(223)) - SCM became leader
2023-02-21 13:40:18,933 [Listener at 127.0.0.1/34503] INFO  ozone.MiniOzoneClusterImpl (MiniOzoneClusterImpl.java:lambda$waitForClusterToBeReady$0(218)) - Nodes are ready. Got 5 of 5 DN Heartbeats.
2023-02-21 13:40:18,933 [Listener at 127.0.0.1/34503] INFO  ozone.MiniOzoneClusterImpl (MiniOzoneClusterImpl.java:lambda$waitForClusterToBeReady$0(221)) - Waiting for cluster to exit safe mode
2023-02-21 13:40:18,933 [Listener at 127.0.0.1/34503] INFO  ozone.MiniOzoneClusterImpl (MiniOzoneClusterImpl.java:lambda$waitForClusterToBeReady$0(223)) - SCM became leader
2023-02-21 13:40:19,361 [114eb3b6-0965-4949-a11e-bb51ff0d0ac6@group-DA1C02FE2C02-FollowerState] INFO  impl.FollowerState (FollowerState.java:run(143)) - 114eb3b6-0965-4949-a11e-bb51ff0d0ac6@group-DA1C02FE2C02-FollowerState: change to CANDIDATE, lastRpcElapsedTime:5014252620ns, electionTimeout:5009ms
2023-02-21 13:40:19,361 [114eb3b6-0965-4949-a11e-bb51ff0d0ac6@group-DA1C02FE2C02-FollowerState] INFO  impl.RoleInfo (RoleInfo.java:shutdownFollowerState(110)) - 114eb3b6-0965-4949-a11e-bb51ff0d0ac6: shutdown 114eb3b6-0965-4949-a11e-bb51ff0d0ac6@group-DA1C02FE2C02-FollowerState
2023-02-21 13:40:19,361 [114eb3b6-0965-4949-a11e-bb51ff0d0ac6@group-DA1C02FE2C02-FollowerState] INFO  server.RaftServer$Division (RaftServerImpl.java:setRole(321)) - 114eb3b6-0965-4949-a11e-bb51ff0d0ac6@group-DA1C02FE2C02: changes role from  FOLLOWER to CANDIDATE at term 0 for changeToCandidate
2023-02-21 13:40:19,361 [114eb3b6-0965-4949-a11e-bb51ff0d0ac6@group-DA1C02FE2C02-FollowerState] INFO  server.RaftServerConfigKeys (ConfUtils.java:logGet(46)) - raft.server.leaderelection.pre-vote = true (default)
2023-02-21 13:40:19,361 [114eb3b6-0965-4949-a11e-bb51ff0d0ac6@group-DA1C02FE2C02-FollowerState] INFO  impl.RoleInfo (RoleInfo.java:updateAndGet(139)) - 114eb3b6-0965-4949-a11e-bb51ff0d0ac6: start 114eb3b6-0965-4949-a11e-bb51ff0d0ac6@group-DA1C02FE2C02-LeaderElection21
2023-02-21 13:40:19,364 [114eb3b6-0965-4949-a11e-bb51ff0d0ac6@group-DA1C02FE2C02-LeaderElection21] INFO  impl.LeaderElection (LeaderElection.java:askForVotes(312)) - 114eb3b6-0965-4949-a11e-bb51ff0d0ac6@group-DA1C02FE2C02-LeaderElection21 PRE_VOTE round 0: submit vote requests at term 0 for -1: peers:[114eb3b6-0965-4949-a11e-bb51ff0d0ac6|rpc:10.1.0.81:36273|dataStream:10.1.0.81:45849|priority:1|startupRole:FOLLOWER]|listeners:[], old=null
2023-02-21 13:40:19,364 [114eb3b6-0965-4949-a11e-bb51ff0d0ac6@group-DA1C02FE2C02-LeaderElection21] INFO  impl.LeaderElection (LeaderElection.java:askForVotes(314)) - 114eb3b6-0965-4949-a11e-bb51ff0d0ac6@group-DA1C02FE2C02-LeaderElection21 PRE_VOTE round 0: result PASSED (term=0)
2023-02-21 13:40:19,365 [114eb3b6-0965-4949-a11e-bb51ff0d0ac6@group-DA1C02FE2C02-LeaderElection21] INFO  impl.LeaderElection (LeaderElection.java:askForVotes(312)) - 114eb3b6-0965-4949-a11e-bb51ff0d0ac6@group-DA1C02FE2C02-LeaderElection21 ELECTION round 0: submit vote requests at term 1 for -1: peers:[114eb3b6-0965-4949-a11e-bb51ff0d0ac6|rpc:10.1.0.81:36273|dataStream:10.1.0.81:45849|priority:1|startupRole:FOLLOWER]|listeners:[], old=null
2023-02-21 13:40:19,366 [114eb3b6-0965-4949-a11e-bb51ff0d0ac6@group-DA1C02FE2C02-LeaderElection21] INFO  impl.LeaderElection (LeaderElection.java:askForVotes(314)) - 114eb3b6-0965-4949-a11e-bb51ff0d0ac6@group-DA1C02FE2C02-LeaderElection21 ELECTION round 0: result PASSED (term=1)
2023-02-21 13:40:19,366 [114eb3b6-0965-4949-a11e-bb51ff0d0ac6@group-DA1C02FE2C02-LeaderElection21] INFO  impl.RoleInfo (RoleInfo.java:shutdownLeaderElection(130)) - 114eb3b6-0965-4949-a11e-bb51ff0d0ac6: shutdown 114eb3b6-0965-4949-a11e-bb51ff0d0ac6@group-DA1C02FE2C02-LeaderElection21
2023-02-21 13:40:19,366 [114eb3b6-0965-4949-a11e-bb51ff0d0ac6@group-DA1C02FE2C02-LeaderElection21] INFO  server.RaftServer$Division (RaftServerImpl.java:setRole(321)) - 114eb3b6-0965-4949-a11e-bb51ff0d0ac6@group-DA1C02FE2C02: changes role from CANDIDATE to LEADER at term 1 for changeToLeader
2023-02-21 13:40:19,366 [114eb3b6-0965-4949-a11e-bb51ff0d0ac6@group-DA1C02FE2C02-LeaderElection21] INFO  ratis.XceiverServerRatis (XceiverServerRatis.java:handleLeaderChangedNotification(905)) - Leader change notification received for group: group-DA1C02FE2C02 with new leaderId: 114eb3b6-0965-4949-a11e-bb51ff0d0ac6
2023-02-21 13:40:19,366 [114eb3b6-0965-4949-a11e-bb51ff0d0ac6@group-DA1C02FE2C02-LeaderElection21] INFO  server.RaftServer$Division (ServerState.java:setLeader(313)) - 114eb3b6-0965-4949-a11e-bb51ff0d0ac6@group-DA1C02FE2C02: change Leader from null to 114eb3b6-0965-4949-a11e-bb51ff0d0ac6 at term 1 for becomeLeader, leader elected after 5050ms
2023-02-21 13:40:19,366 [114eb3b6-0965-4949-a11e-bb51ff0d0ac6@group-DA1C02FE2C02-LeaderElection21] INFO  server.RaftServerConfigKeys (ConfUtils.java:logGet(46)) - raft.server.staging.catchup.gap = 1000 (default)
2023-02-21 13:40:19,366 [114eb3b6-0965-4949-a11e-bb51ff0d0ac6@group-DA1C02FE2C02-LeaderElection21] INFO  server.RaftServerConfigKeys (ConfUtils.java:logGet(46)) - raft.server.write.element-limit = 1024 (custom)
2023-02-21 13:40:19,366 [114eb3b6-0965-4949-a11e-bb51ff0d0ac6@group-DA1C02FE2C02-LeaderElection21] INFO  server.RaftServerConfigKeys (ConfUtils.java:logGet(46)) - raft.server.write.byte-limit = 1024 M (=1073741824) (custom)
2023-02-21 13:40:19,367 [EventQueue-OpenPipelineForHealthyPipelineSafeModeRule] INFO  safemode.SCMSafeModeManager (HealthyPipelineSafeModeRule.java:process(137)) - SCM in safe mode. Healthy pipelines reported count is 0, required healthy pipeline reported count is 1
2023-02-21 13:40:19,367 [114eb3b6-0965-4949-a11e-bb51ff0d0ac6@group-DA1C02FE2C02-LeaderElection21] INFO  server.RaftServerConfigKeys (ConfUtils.java:logGet(46)) - raft.server.watch.timeout = 180s (custom)
2023-02-21 13:40:19,367 [114eb3b6-0965-4949-a11e-bb51ff0d0ac6@group-DA1C02FE2C02-LeaderElection21] INFO  server.RaftServerConfigKeys (ConfUtils.java:logGet(46)) - raft.server.watch.timeout.denomination = 1s (default)
2023-02-21 13:40:19,367 [114eb3b6-0965-4949-a11e-bb51ff0d0ac6@group-DA1C02FE2C02-LeaderElection21] INFO  server.RaftServerConfigKeys (ConfUtils.java:logGet(46)) - raft.server.watch.element-limit = 65536 (default)
2023-02-21 13:40:19,367 [114eb3b6-0965-4949-a11e-bb51ff0d0ac6@group-DA1C02FE2C02-LeaderElection21] INFO  server.RaftServerConfigKeys (ConfUtils.java:logGet(46)) - raft.server.write.element-limit = 1024 (custom)
2023-02-21 13:40:19,367 [114eb3b6-0965-4949-a11e-bb51ff0d0ac6@group-DA1C02FE2C02-LeaderElection21] INFO  server.RaftServerConfigKeys (ConfUtils.java:logGet(46)) - raft.server.write.follower.gap.ratio.max = -1.0 (default)
2023-02-21 13:40:19,367 [114eb3b6-0965-4949-a11e-bb51ff0d0ac6@group-DA1C02FE2C02-LeaderElection21] INFO  impl.RoleInfo (RoleInfo.java:updateAndGet(139)) - 114eb3b6-0965-4949-a11e-bb51ff0d0ac6: start 114eb3b6-0965-4949-a11e-bb51ff0d0ac6@group-DA1C02FE2C02-LeaderStateImpl
2023-02-21 13:40:19,368 [114eb3b6-0965-4949-a11e-bb51ff0d0ac6@group-DA1C02FE2C02-LeaderElection21] INFO  segmented.SegmentedRaftLogWorker (SegmentedRaftLogWorker.java:startLogSegment(452)) - 114eb3b6-0965-4949-a11e-bb51ff0d0ac6@group-DA1C02FE2C02-SegmentedRaftLogWorker: Starting segment from index:0
2023-02-21 13:40:19,369 [114eb3b6-0965-4949-a11e-bb51ff0d0ac6@group-DA1C02FE2C02-LeaderElection21] INFO  server.RaftServer$Division (ServerState.java:setRaftConf(430)) - 114eb3b6-0965-4949-a11e-bb51ff0d0ac6@group-DA1C02FE2C02: set configuration 0: peers:[114eb3b6-0965-4949-a11e-bb51ff0d0ac6|rpc:10.1.0.81:36273|dataStream:10.1.0.81:45849|priority:1|startupRole:FOLLOWER]|listeners:[], old=null
2023-02-21 13:40:19,370 [114eb3b6-0965-4949-a11e-bb51ff0d0ac6@group-DA1C02FE2C02-SegmentedRaftLogWorker] INFO  segmented.SegmentedRaftLogWorker (SegmentedRaftLogWorker.java:execute(656)) - 114eb3b6-0965-4949-a11e-bb51ff0d0ac6@group-DA1C02FE2C02-SegmentedRaftLogWorker: created new log segment /home/runner/work/ozone/ozone/hadoop-ozone/integration-test/target/test-dir/MiniOzoneClusterImpl-c6aa46b2-3083-4aae-be29-8199bb906922/datanode-0/data/ratis/639c3e74-b2e8-44be-8791-da1c02fe2c02/current/log_inprogress_0
2023-02-21 13:40:19,518 [cc21282f-5934-42bf-9918-cc8c0aab7e68@group-D38562E52FDD-FollowerState] INFO  impl.FollowerState (FollowerState.java:run(143)) - cc21282f-5934-42bf-9918-cc8c0aab7e68@group-D38562E52FDD-FollowerState: change to CANDIDATE, lastRpcElapsedTime:5106650227ns, electionTimeout:5103ms
2023-02-21 13:40:19,518 [cc21282f-5934-42bf-9918-cc8c0aab7e68@group-D38562E52FDD-FollowerState] INFO  impl.RoleInfo (RoleInfo.java:shutdownFollowerState(110)) - cc21282f-5934-42bf-9918-cc8c0aab7e68: shutdown cc21282f-5934-42bf-9918-cc8c0aab7e68@group-D38562E52FDD-FollowerState
2023-02-21 13:40:19,518 [cc21282f-5934-42bf-9918-cc8c0aab7e68@group-D38562E52FDD-FollowerState] INFO  server.RaftServer$Division (RaftServerImpl.java:setRole(321)) - cc21282f-5934-42bf-9918-cc8c0aab7e68@group-D38562E52FDD: changes role from  FOLLOWER to CANDIDATE at term 0 for changeToCandidate
2023-02-21 13:40:19,518 [cc21282f-5934-42bf-9918-cc8c0aab7e68@group-D38562E52FDD-FollowerState] INFO  server.RaftServerConfigKeys (ConfUtils.java:logGet(46)) - raft.server.leaderelection.pre-vote = true (default)
2023-02-21 13:40:19,518 [cc21282f-5934-42bf-9918-cc8c0aab7e68@group-D38562E52FDD-FollowerState] INFO  impl.RoleInfo (RoleInfo.java:updateAndGet(139)) - cc21282f-5934-42bf-9918-cc8c0aab7e68: start cc21282f-5934-42bf-9918-cc8c0aab7e68@group-D38562E52FDD-LeaderElection22
2023-02-21 13:40:19,521 [ddc1ce43-6958-4d2f-a962-1f2187968283@group-D38562E52FDD-FollowerState] INFO  impl.FollowerState (FollowerState.java:run(143)) - ddc1ce43-6958-4d2f-a962-1f2187968283@group-D38562E52FDD-FollowerState: change to CANDIDATE, lastRpcElapsedTime:5072716788ns, electionTimeout:5069ms
2023-02-21 13:40:19,521 [ddc1ce43-6958-4d2f-a962-1f2187968283@group-D38562E52FDD-FollowerState] INFO  impl.RoleInfo (RoleInfo.java:shutdownFollowerState(110)) - ddc1ce43-6958-4d2f-a962-1f2187968283: shutdown ddc1ce43-6958-4d2f-a962-1f2187968283@group-D38562E52FDD-FollowerState
2023-02-21 13:40:19,521 [ddc1ce43-6958-4d2f-a962-1f2187968283@group-D38562E52FDD-FollowerState] INFO  server.RaftServer$Division (RaftServerImpl.java:setRole(321)) - ddc1ce43-6958-4d2f-a962-1f2187968283@group-D38562E52FDD: changes role from  FOLLOWER to CANDIDATE at term 0 for changeToCandidate
2023-02-21 13:40:19,521 [ddc1ce43-6958-4d2f-a962-1f2187968283@group-D38562E52FDD-FollowerState] INFO  server.RaftServerConfigKeys (ConfUtils.java:logGet(46)) - raft.server.leaderelection.pre-vote = true (default)
2023-02-21 13:40:19,521 [ddc1ce43-6958-4d2f-a962-1f2187968283@group-D38562E52FDD-FollowerState] INFO  impl.RoleInfo (RoleInfo.java:updateAndGet(139)) - ddc1ce43-6958-4d2f-a962-1f2187968283: start ddc1ce43-6958-4d2f-a962-1f2187968283@group-D38562E52FDD-LeaderElection23
2023-02-21 13:40:19,527 [cc21282f-5934-42bf-9918-cc8c0aab7e68@group-D38562E52FDD-LeaderElection22] INFO  impl.LeaderElection (LeaderElection.java:askForVotes(312)) - cc21282f-5934-42bf-9918-cc8c0aab7e68@group-D38562E52FDD-LeaderElection22 PRE_VOTE round 0: submit vote requests at term 0 for -1: peers:[114eb3b6-0965-4949-a11e-bb51ff0d0ac6|rpc:10.1.0.81:36273|dataStream:10.1.0.81:45849|priority:1|startupRole:FOLLOWER, cc21282f-5934-42bf-9918-cc8c0aab7e68|rpc:10.1.0.81:34309|dataStream:10.1.0.81:33753|priority:0|startupRole:FOLLOWER, ddc1ce43-6958-4d2f-a962-1f2187968283|rpc:10.1.0.81:39087|dataStream:10.1.0.81:37359|priority:0|startupRole:FOLLOWER]|listeners:[], old=null
2023-02-21 13:40:19,527 [cc21282f-5934-42bf-9918-cc8c0aab7e68@group-D38562E52FDD-LeaderElection22-1] INFO  server.GrpcServerProtocolClient (GrpcServerProtocolClient.java:<init>(63)) - Build channel for 114eb3b6-0965-4949-a11e-bb51ff0d0ac6
2023-02-21 13:40:19,532 [cc21282f-5934-42bf-9918-cc8c0aab7e68@group-D38562E52FDD-LeaderElection22] INFO  server.RaftServerConfigKeys (ConfUtils.java:logFallback(53)) - raft.server.rpc.first-election.timeout.min = 5s (fallback to raft.server.rpc.timeout.min)
2023-02-21 13:40:19,532 [cc21282f-5934-42bf-9918-cc8c0aab7e68@group-D38562E52FDD-LeaderElection22] INFO  server.RaftServerConfigKeys (ConfUtils.java:logFallback(53)) - raft.server.rpc.first-election.timeout.max = 5200ms (fallback to raft.server.rpc.timeout.max)
2023-02-21 13:40:19,532 [cc21282f-5934-42bf-9918-cc8c0aab7e68@group-D38562E52FDD-LeaderElection22-2] INFO  server.GrpcServerProtocolClient (GrpcServerProtocolClient.java:<init>(63)) - Build channel for ddc1ce43-6958-4d2f-a962-1f2187968283
2023-02-21 13:40:19,534 [114eb3b6-0965-4949-a11e-bb51ff0d0ac6@group-D38562E52FDD-FollowerState] INFO  impl.FollowerState (FollowerState.java:run(143)) - 114eb3b6-0965-4949-a11e-bb51ff0d0ac6@group-D38562E52FDD-FollowerState: change to CANDIDATE, lastRpcElapsedTime:5162201814ns, electionTimeout:5158ms
2023-02-21 13:40:19,534 [114eb3b6-0965-4949-a11e-bb51ff0d0ac6@group-D38562E52FDD-FollowerState] INFO  impl.RoleInfo (RoleInfo.java:shutdownFollowerState(110)) - 114eb3b6-0965-4949-a11e-bb51ff0d0ac6: shutdown 114eb3b6-0965-4949-a11e-bb51ff0d0ac6@group-D38562E52FDD-FollowerState
2023-02-21 13:40:19,534 [114eb3b6-0965-4949-a11e-bb51ff0d0ac6@group-D38562E52FDD-FollowerState] INFO  server.RaftServer$Division (RaftServerImpl.java:setRole(321)) - 114eb3b6-0965-4949-a11e-bb51ff0d0ac6@group-D38562E52FDD: changes role from  FOLLOWER to CANDIDATE at term 0 for changeToCandidate
2023-02-21 13:40:19,534 [114eb3b6-0965-4949-a11e-bb51ff0d0ac6@group-D38562E52FDD-FollowerState] INFO  server.RaftServerConfigKeys (ConfUtils.java:logGet(46)) - raft.server.leaderelection.pre-vote = true (default)
2023-02-21 13:40:19,534 [114eb3b6-0965-4949-a11e-bb51ff0d0ac6@group-D38562E52FDD-FollowerState] INFO  impl.RoleInfo (RoleInfo.java:updateAndGet(139)) - 114eb3b6-0965-4949-a11e-bb51ff0d0ac6: start 114eb3b6-0965-4949-a11e-bb51ff0d0ac6@group-D38562E52FDD-LeaderElection24
2023-02-21 13:40:19,542 [ddc1ce43-6958-4d2f-a962-1f2187968283@group-D38562E52FDD-LeaderElection23] INFO  impl.LeaderElection (LeaderElection.java:askForVotes(312)) - ddc1ce43-6958-4d2f-a962-1f2187968283@group-D38562E52FDD-LeaderElection23 PRE_VOTE round 0: submit vote requests at term 0 for -1: peers:[114eb3b6-0965-4949-a11e-bb51ff0d0ac6|rpc:10.1.0.81:36273|dataStream:10.1.0.81:45849|priority:1|startupRole:FOLLOWER, cc21282f-5934-42bf-9918-cc8c0aab7e68|rpc:10.1.0.81:34309|dataStream:10.1.0.81:33753|priority:0|startupRole:FOLLOWER, ddc1ce43-6958-4d2f-a962-1f2187968283|rpc:10.1.0.81:39087|dataStream:10.1.0.81:37359|priority:0|startupRole:FOLLOWER]|listeners:[], old=null
2023-02-21 13:40:19,544 [ddc1ce43-6958-4d2f-a962-1f2187968283@group-D38562E52FDD-LeaderElection23] INFO  server.RaftServerConfigKeys (ConfUtils.java:logFallback(53)) - raft.server.rpc.first-election.timeout.min = 5s (fallback to raft.server.rpc.timeout.min)
2023-02-21 13:40:19,544 [ddc1ce43-6958-4d2f-a962-1f2187968283@group-D38562E52FDD-LeaderElection23] INFO  server.RaftServerConfigKeys (ConfUtils.java:logFallback(53)) - raft.server.rpc.first-election.timeout.max = 5200ms (fallback to raft.server.rpc.timeout.max)
2023-02-21 13:40:19,544 [ddc1ce43-6958-4d2f-a962-1f2187968283@group-D38562E52FDD-LeaderElection23-1] INFO  server.GrpcServerProtocolClient (GrpcServerProtocolClient.java:<init>(63)) - Build channel for 114eb3b6-0965-4949-a11e-bb51ff0d0ac6
2023-02-21 13:40:19,547 [grpc-default-executor-0] INFO  server.RaftServer$Division (RaftServerImpl.java:requestVote(1218)) - 114eb3b6-0965-4949-a11e-bb51ff0d0ac6@group-D38562E52FDD: receive requestVote(PRE_VOTE, cc21282f-5934-42bf-9918-cc8c0aab7e68, group-D38562E52FDD, 0, (t:0, i:0))
2023-02-21 13:40:19,547 [grpc-default-executor-0] INFO  impl.VoteContext (VoteContext.java:log(49)) - 114eb3b6-0965-4949-a11e-bb51ff0d0ac6@group-D38562E52FDD-CANDIDATE: reject PRE_VOTE from cc21282f-5934-42bf-9918-cc8c0aab7e68: our priority 1 > candidate's priority 0
2023-02-21 13:40:19,548 [grpc-default-executor-0] INFO  server.RaftServer$Division (RaftServerImpl.java:requestVote(1251)) - 114eb3b6-0965-4949-a11e-bb51ff0d0ac6@group-D38562E52FDD replies to PRE_VOTE vote request: cc21282f-5934-42bf-9918-cc8c0aab7e68<-114eb3b6-0965-4949-a11e-bb51ff0d0ac6#0:FAIL-t0. Peer's state: 114eb3b6-0965-4949-a11e-bb51ff0d0ac6@group-D38562E52FDD:t0, leader=null, voted=, raftlog=Memoized:114eb3b6-0965-4949-a11e-bb51ff0d0ac6@group-D38562E52FDD-SegmentedRaftLog:OPENED:c-1, conf=-1: peers:[114eb3b6-0965-4949-a11e-bb51ff0d0ac6|rpc:10.1.0.81:36273|dataStream:10.1.0.81:45849|priority:1|startupRole:FOLLOWER, cc21282f-5934-42bf-9918-cc8c0aab7e68|rpc:10.1.0.81:34309|dataStream:10.1.0.81:33753|priority:0|startupRole:FOLLOWER, ddc1ce43-6958-4d2f-a962-1f2187968283|rpc:10.1.0.81:39087|dataStream:10.1.0.81:37359|priority:0|startupRole:FOLLOWER]|listeners:[], old=null
2023-02-21 13:40:19,548 [ddc1ce43-6958-4d2f-a962-1f2187968283@group-D38562E52FDD-LeaderElection23-2] INFO  server.GrpcServerProtocolClient (GrpcServerProtocolClient.java:<init>(63)) - Build channel for cc21282f-5934-42bf-9918-cc8c0aab7e68
2023-02-21 13:40:19,548 [114eb3b6-0965-4949-a11e-bb51ff0d0ac6@group-D38562E52FDD-LeaderElection24] INFO  impl.LeaderElection (LeaderElection.java:askForVotes(312)) - 114eb3b6-0965-4949-a11e-bb51ff0d0ac6@group-D38562E52FDD-LeaderElection24 PRE_VOTE round 0: submit vote requests at term 0 for -1: peers:[114eb3b6-0965-4949-a11e-bb51ff0d0ac6|rpc:10.1.0.81:36273|dataStream:10.1.0.81:45849|priority:1|startupRole:FOLLOWER, cc21282f-5934-42bf-9918-cc8c0aab7e68|rpc:10.1.0.81:34309|dataStream:10.1.0.81:33753|priority:0|startupRole:FOLLOWER, ddc1ce43-6958-4d2f-a962-1f2187968283|rpc:10.1.0.81:39087|dataStream:10.1.0.81:37359|priority:0|startupRole:FOLLOWER]|listeners:[], old=null
2023-02-21 13:40:19,561 [114eb3b6-0965-4949-a11e-bb51ff0d0ac6@group-D38562E52FDD-LeaderElection24] INFO  server.RaftServerConfigKeys (ConfUtils.java:logFallback(53)) - raft.server.rpc.first-election.timeout.min = 5s (fallback to raft.server.rpc.timeout.min)
2023-02-21 13:40:19,561 [114eb3b6-0965-4949-a11e-bb51ff0d0ac6@group-D38562E52FDD-LeaderElection24] INFO  server.RaftServerConfigKeys (ConfUtils.java:logFallback(53)) - raft.server.rpc.first-election.timeout.max = 5200ms (fallback to raft.server.rpc.timeout.max)
2023-02-21 13:40:19,563 [cc21282f-5934-42bf-9918-cc8c0aab7e68@group-D38562E52FDD-LeaderElection22] INFO  impl.LeaderElection (LeaderElection.java:logAndReturn(90)) - cc21282f-5934-42bf-9918-cc8c0aab7e68@group-D38562E52FDD-LeaderElection22: PRE_VOTE REJECTED received 1 response(s) and 0 exception(s):
2023-02-21 13:40:19,563 [cc21282f-5934-42bf-9918-cc8c0aab7e68@group-D38562E52FDD-LeaderElection22] INFO  impl.LeaderElection (LeaderElection.java:logAndReturn(94)) -   Response 0: cc21282f-5934-42bf-9918-cc8c0aab7e68<-114eb3b6-0965-4949-a11e-bb51ff0d0ac6#0:FAIL-t0
2023-02-21 13:40:19,563 [cc21282f-5934-42bf-9918-cc8c0aab7e68@group-D38562E52FDD-LeaderElection22] INFO  impl.LeaderElection (LeaderElection.java:askForVotes(314)) - cc21282f-5934-42bf-9918-cc8c0aab7e68@group-D38562E52FDD-LeaderElection22 PRE_VOTE round 0: result REJECTED
2023-02-21 13:40:19,563 [114eb3b6-0965-4949-a11e-bb51ff0d0ac6@group-D38562E52FDD-LeaderElection24-1] INFO  server.GrpcServerProtocolClient (GrpcServerProtocolClient.java:<init>(63)) - Build channel for cc21282f-5934-42bf-9918-cc8c0aab7e68
2023-02-21 13:40:19,563 [cc21282f-5934-42bf-9918-cc8c0aab7e68@group-D38562E52FDD-LeaderElection22] INFO  server.RaftServer$Division (RaftServerImpl.java:setRole(321)) - cc21282f-5934-42bf-9918-cc8c0aab7e68@group-D38562E52FDD: changes role from CANDIDATE to FOLLOWER at term 0 for REJECTED
2023-02-21 13:40:19,563 [cc21282f-5934-42bf-9918-cc8c0aab7e68@group-D38562E52FDD-LeaderElection22] INFO  impl.RoleInfo (RoleInfo.java:shutdownLeaderElection(130)) - cc21282f-5934-42bf-9918-cc8c0aab7e68: shutdown cc21282f-5934-42bf-9918-cc8c0aab7e68@group-D38562E52FDD-LeaderElection22
2023-02-21 13:40:19,563 [cc21282f-5934-42bf-9918-cc8c0aab7e68@group-D38562E52FDD-LeaderElection22] INFO  impl.RoleInfo (RoleInfo.java:updateAndGet(139)) - cc21282f-5934-42bf-9918-cc8c0aab7e68: start cc21282f-5934-42bf-9918-cc8c0aab7e68@group-D38562E52FDD-FollowerState
2023-02-21 13:40:19,567 [grpc-default-executor-0] INFO  server.RaftServer$Division (RaftServerImpl.java:requestVote(1218)) - cc21282f-5934-42bf-9918-cc8c0aab7e68@group-D38562E52FDD: receive requestVote(PRE_VOTE, ddc1ce43-6958-4d2f-a962-1f2187968283, group-D38562E52FDD, 0, (t:0, i:0))
2023-02-21 13:40:19,569 [114eb3b6-0965-4949-a11e-bb51ff0d0ac6@group-D38562E52FDD-LeaderElection24-2] INFO  server.GrpcServerProtocolClient (GrpcServerProtocolClient.java:<init>(63)) - Build channel for ddc1ce43-6958-4d2f-a962-1f2187968283
2023-02-21 13:40:19,571 [grpc-default-executor-0] INFO  impl.VoteContext (VoteContext.java:log(49)) - cc21282f-5934-42bf-9918-cc8c0aab7e68@group-D38562E52FDD-FOLLOWER: accept PRE_VOTE from ddc1ce43-6958-4d2f-a962-1f2187968283: our priority 0 <= candidate's priority 0
2023-02-21 13:40:19,571 [grpc-default-executor-0] INFO  server.RaftServer$Division (RaftServerImpl.java:requestVote(1251)) - cc21282f-5934-42bf-9918-cc8c0aab7e68@group-D38562E52FDD replies to PRE_VOTE vote request: ddc1ce43-6958-4d2f-a962-1f2187968283<-cc21282f-5934-42bf-9918-cc8c0aab7e68#0:OK-t0. Peer's state: cc21282f-5934-42bf-9918-cc8c0aab7e68@group-D38562E52FDD:t0, leader=null, voted=, raftlog=Memoized:cc21282f-5934-42bf-9918-cc8c0aab7e68@group-D38562E52FDD-SegmentedRaftLog:OPENED:c-1, conf=-1: peers:[114eb3b6-0965-4949-a11e-bb51ff0d0ac6|rpc:10.1.0.81:36273|dataStream:10.1.0.81:45849|priority:1|startupRole:FOLLOWER, cc21282f-5934-42bf-9918-cc8c0aab7e68|rpc:10.1.0.81:34309|dataStream:10.1.0.81:33753|priority:0|startupRole:FOLLOWER, ddc1ce43-6958-4d2f-a962-1f2187968283|rpc:10.1.0.81:39087|dataStream:10.1.0.81:37359|priority:0|startupRole:FOLLOWER]|listeners:[], old=null
2023-02-21 13:40:19,575 [cc21282f-5934-42bf-9918-cc8c0aab7e68@group-D38562E52FDD-FollowerState] INFO  server.RaftServerConfigKeys (ConfUtils.java:logFallback(53)) - raft.server.rpc.first-election.timeout.min = 5s (fallback to raft.server.rpc.timeout.min)
2023-02-21 13:40:19,575 [cc21282f-5934-42bf-9918-cc8c0aab7e68@group-D38562E52FDD-FollowerState] INFO  server.RaftServerConfigKeys (ConfUtils.java:logFallback(53)) - raft.server.rpc.first-election.timeout.max = 5200ms (fallback to raft.server.rpc.timeout.max)
2023-02-21 13:40:19,584 [grpc-default-executor-0] INFO  server.RaftServer$Division (RaftServerImpl.java:requestVote(1218)) - ddc1ce43-6958-4d2f-a962-1f2187968283@group-D38562E52FDD: receive requestVote(PRE_VOTE, cc21282f-5934-42bf-9918-cc8c0aab7e68, group-D38562E52FDD, 0, (t:0, i:0))
2023-02-21 13:40:19,584 [grpc-default-executor-0] INFO  impl.VoteContext (VoteContext.java:log(49)) - ddc1ce43-6958-4d2f-a962-1f2187968283@group-D38562E52FDD-CANDIDATE: accept PRE_VOTE from cc21282f-5934-42bf-9918-cc8c0aab7e68: our priority 0 <= candidate's priority 0
2023-02-21 13:40:19,584 [grpc-default-executor-0] INFO  server.RaftServer$Division (RaftServerImpl.java:requestVote(1251)) - ddc1ce43-6958-4d2f-a962-1f2187968283@group-D38562E52FDD replies to PRE_VOTE vote request: cc21282f-5934-42bf-9918-cc8c0aab7e68<-ddc1ce43-6958-4d2f-a962-1f2187968283#0:OK-t0. Peer's state: ddc1ce43-6958-4d2f-a962-1f2187968283@group-D38562E52FDD:t0, leader=null, voted=, raftlog=Memoized:ddc1ce43-6958-4d2f-a962-1f2187968283@group-D38562E52FDD-SegmentedRaftLog:OPENED:c-1, conf=-1: peers:[114eb3b6-0965-4949-a11e-bb51ff0d0ac6|rpc:10.1.0.81:36273|dataStream:10.1.0.81:45849|priority:1|startupRole:FOLLOWER, cc21282f-5934-42bf-9918-cc8c0aab7e68|rpc:10.1.0.81:34309|dataStream:10.1.0.81:33753|priority:0|startupRole:FOLLOWER, ddc1ce43-6958-4d2f-a962-1f2187968283|rpc:10.1.0.81:39087|dataStream:10.1.0.81:37359|priority:0|startupRole:FOLLOWER]|listeners:[], old=null
2023-02-21 13:40:19,584 [grpc-default-executor-2] INFO  server.RaftServer$Division (RaftServerImpl.java:requestVote(1218)) - 114eb3b6-0965-4949-a11e-bb51ff0d0ac6@group-D38562E52FDD: receive requestVote(PRE_VOTE, ddc1ce43-6958-4d2f-a962-1f2187968283, group-D38562E52FDD, 0, (t:0, i:0))
2023-02-21 13:40:19,592 [grpc-default-executor-2] INFO  impl.VoteContext (VoteContext.java:log(49)) - 114eb3b6-0965-4949-a11e-bb51ff0d0ac6@group-D38562E52FDD-CANDIDATE: reject PRE_VOTE from ddc1ce43-6958-4d2f-a962-1f2187968283: our priority 1 > candidate's priority 0
2023-02-21 13:40:19,592 [grpc-default-executor-2] INFO  server.RaftServer$Division (RaftServerImpl.java:requestVote(1251)) - 114eb3b6-0965-4949-a11e-bb51ff0d0ac6@group-D38562E52FDD replies to PRE_VOTE vote request: ddc1ce43-6958-4d2f-a962-1f2187968283<-114eb3b6-0965-4949-a11e-bb51ff0d0ac6#0:FAIL-t0. Peer's state: 114eb3b6-0965-4949-a11e-bb51ff0d0ac6@group-D38562E52FDD:t0, leader=null, voted=, raftlog=Memoized:114eb3b6-0965-4949-a11e-bb51ff0d0ac6@group-D38562E52FDD-SegmentedRaftLog:OPENED:c-1, conf=-1: peers:[114eb3b6-0965-4949-a11e-bb51ff0d0ac6|rpc:10.1.0.81:36273|dataStream:10.1.0.81:45849|priority:1|startupRole:FOLLOWER, cc21282f-5934-42bf-9918-cc8c0aab7e68|rpc:10.1.0.81:34309|dataStream:10.1.0.81:33753|priority:0|startupRole:FOLLOWER, ddc1ce43-6958-4d2f-a962-1f2187968283|rpc:10.1.0.81:39087|dataStream:10.1.0.81:37359|priority:0|startupRole:FOLLOWER]|listeners:[], old=null
2023-02-21 13:40:19,593 [ddc1ce43-6958-4d2f-a962-1f2187968283@group-D38562E52FDD-LeaderElection23] INFO  impl.LeaderElection (LeaderElection.java:logAndReturn(90)) - ddc1ce43-6958-4d2f-a962-1f2187968283@group-D38562E52FDD-LeaderElection23: PRE_VOTE REJECTED received 2 response(s) and 0 exception(s):
2023-02-21 13:40:19,593 [ddc1ce43-6958-4d2f-a962-1f2187968283@group-D38562E52FDD-LeaderElection23] INFO  impl.LeaderElection (LeaderElection.java:logAndReturn(94)) -   Response 0: ddc1ce43-6958-4d2f-a962-1f2187968283<-114eb3b6-0965-4949-a11e-bb51ff0d0ac6#0:FAIL-t0
2023-02-21 13:40:19,593 [ddc1ce43-6958-4d2f-a962-1f2187968283@group-D38562E52FDD-LeaderElection23] INFO  impl.LeaderElection (LeaderElection.java:logAndReturn(94)) -   Response 1: ddc1ce43-6958-4d2f-a962-1f2187968283<-cc21282f-5934-42bf-9918-cc8c0aab7e68#0:OK-t0
2023-02-21 13:40:19,593 [ddc1ce43-6958-4d2f-a962-1f2187968283@group-D38562E52FDD-LeaderElection23] INFO  impl.LeaderElection (LeaderElection.java:askForVotes(314)) - ddc1ce43-6958-4d2f-a962-1f2187968283@group-D38562E52FDD-LeaderElection23 PRE_VOTE round 0: result REJECTED
2023-02-21 13:40:19,593 [ddc1ce43-6958-4d2f-a962-1f2187968283@group-D38562E52FDD-LeaderElection23] INFO  server.RaftServer$Division (RaftServerImpl.java:setRole(321)) - ddc1ce43-6958-4d2f-a962-1f2187968283@group-D38562E52FDD: changes role from CANDIDATE to FOLLOWER at term 0 for REJECTED
2023-02-21 13:40:19,593 [ddc1ce43-6958-4d2f-a962-1f2187968283@group-D38562E52FDD-LeaderElection23] INFO  impl.RoleInfo (RoleInfo.java:shutdownLeaderElection(130)) - ddc1ce43-6958-4d2f-a962-1f2187968283: shutdown ddc1ce43-6958-4d2f-a962-1f2187968283@group-D38562E52FDD-LeaderElection23
2023-02-21 13:40:19,593 [ddc1ce43-6958-4d2f-a962-1f2187968283@group-D38562E52FDD-LeaderElection23] INFO  impl.RoleInfo (RoleInfo.java:updateAndGet(139)) - ddc1ce43-6958-4d2f-a962-1f2187968283: start ddc1ce43-6958-4d2f-a962-1f2187968283@group-D38562E52FDD-FollowerState
2023-02-21 13:40:19,596 [ddc1ce43-6958-4d2f-a962-1f2187968283@group-D38562E52FDD-FollowerState] INFO  server.RaftServerConfigKeys (ConfUtils.java:logFallback(53)) - raft.server.rpc.first-election.timeout.min = 5s (fallback to raft.server.rpc.timeout.min)
2023-02-21 13:40:19,596 [ddc1ce43-6958-4d2f-a962-1f2187968283@group-D38562E52FDD-FollowerState] INFO  server.RaftServerConfigKeys (ConfUtils.java:logFallback(53)) - raft.server.rpc.first-election.timeout.max = 5200ms (fallback to raft.server.rpc.timeout.max)
2023-02-21 13:40:19,596 [grpc-default-executor-4] INFO  server.RaftServer$Division (RaftServerImpl.java:requestVote(1218)) - cc21282f-5934-42bf-9918-cc8c0aab7e68@group-D38562E52FDD: receive requestVote(PRE_VOTE, 114eb3b6-0965-4949-a11e-bb51ff0d0ac6, group-D38562E52FDD, 0, (t:0, i:0))
2023-02-21 13:40:19,596 [grpc-default-executor-4] INFO  impl.VoteContext (VoteContext.java:log(49)) - cc21282f-5934-42bf-9918-cc8c0aab7e68@group-D38562E52FDD-FOLLOWER: accept PRE_VOTE from 114eb3b6-0965-4949-a11e-bb51ff0d0ac6: our priority 0 <= candidate's priority 1
2023-02-21 13:40:19,596 [grpc-default-executor-4] INFO  server.RaftServer$Division (RaftServerImpl.java:requestVote(1251)) - cc21282f-5934-42bf-9918-cc8c0aab7e68@group-D38562E52FDD replies to PRE_VOTE vote request: 114eb3b6-0965-4949-a11e-bb51ff0d0ac6<-cc21282f-5934-42bf-9918-cc8c0aab7e68#0:OK-t0. Peer's state: cc21282f-5934-42bf-9918-cc8c0aab7e68@group-D38562E52FDD:t0, leader=null, voted=, raftlog=Memoized:cc21282f-5934-42bf-9918-cc8c0aab7e68@group-D38562E52FDD-SegmentedRaftLog:OPENED:c-1, conf=-1: peers:[114eb3b6-0965-4949-a11e-bb51ff0d0ac6|rpc:10.1.0.81:36273|dataStream:10.1.0.81:45849|priority:1|startupRole:FOLLOWER, cc21282f-5934-42bf-9918-cc8c0aab7e68|rpc:10.1.0.81:34309|dataStream:10.1.0.81:33753|priority:0|startupRole:FOLLOWER, ddc1ce43-6958-4d2f-a962-1f2187968283|rpc:10.1.0.81:39087|dataStream:10.1.0.81:37359|priority:0|startupRole:FOLLOWER]|listeners:[], old=null
2023-02-21 13:40:19,597 [114eb3b6-0965-4949-a11e-bb51ff0d0ac6@group-D38562E52FDD-LeaderElection24] INFO  impl.LeaderElection (LeaderElection.java:logAndReturn(90)) - 114eb3b6-0965-4949-a11e-bb51ff0d0ac6@group-D38562E52FDD-LeaderElection24: PRE_VOTE PASSED received 1 response(s) and 0 exception(s):
2023-02-21 13:40:19,598 [114eb3b6-0965-4949-a11e-bb51ff0d0ac6@group-D38562E52FDD-LeaderElection24] INFO  impl.LeaderElection (LeaderElection.java:logAndReturn(94)) -   Response 0: 114eb3b6-0965-4949-a11e-bb51ff0d0ac6<-cc21282f-5934-42bf-9918-cc8c0aab7e68#0:OK-t0
2023-02-21 13:40:19,598 [114eb3b6-0965-4949-a11e-bb51ff0d0ac6@group-D38562E52FDD-LeaderElection24] INFO  impl.LeaderElection (LeaderElection.java:askForVotes(314)) - 114eb3b6-0965-4949-a11e-bb51ff0d0ac6@group-D38562E52FDD-LeaderElection24 PRE_VOTE round 0: result PASSED
2023-02-21 13:40:19,601 [114eb3b6-0965-4949-a11e-bb51ff0d0ac6@group-D38562E52FDD-LeaderElection24] INFO  impl.LeaderElection (LeaderElection.java:askForVotes(312)) - 114eb3b6-0965-4949-a11e-bb51ff0d0ac6@group-D38562E52FDD-LeaderElection24 ELECTION round 0: submit vote requests at term 1 for -1: peers:[114eb3b6-0965-4949-a11e-bb51ff0d0ac6|rpc:10.1.0.81:36273|dataStream:10.1.0.81:45849|priority:1|startupRole:FOLLOWER, cc21282f-5934-42bf-9918-cc8c0aab7e68|rpc:10.1.0.81:34309|dataStream:10.1.0.81:33753|priority:0|startupRole:FOLLOWER, ddc1ce43-6958-4d2f-a962-1f2187968283|rpc:10.1.0.81:39087|dataStream:10.1.0.81:37359|priority:0|startupRole:FOLLOWER]|listeners:[], old=null
2023-02-21 13:40:19,601 [grpc-default-executor-4] INFO  server.RaftServer$Division (RaftServerImpl.java:requestVote(1218)) - ddc1ce43-6958-4d2f-a962-1f2187968283@group-D38562E52FDD: receive requestVote(PRE_VOTE, 114eb3b6-0965-4949-a11e-bb51ff0d0ac6, group-D38562E52FDD, 0, (t:0, i:0))
2023-02-21 13:40:19,601 [grpc-default-executor-4] INFO  impl.VoteContext (VoteContext.java:log(49)) - ddc1ce43-6958-4d2f-a962-1f2187968283@group-D38562E52FDD-FOLLOWER: accept PRE_VOTE from 114eb3b6-0965-4949-a11e-bb51ff0d0ac6: our priority 0 <= candidate's priority 1
2023-02-21 13:40:19,601 [grpc-default-executor-4] INFO  server.RaftServer$Division (RaftServerImpl.java:requestVote(1251)) - ddc1ce43-6958-4d2f-a962-1f2187968283@group-D38562E52FDD replies to PRE_VOTE vote request: 114eb3b6-0965-4949-a11e-bb51ff0d0ac6<-ddc1ce43-6958-4d2f-a962-1f2187968283#0:OK-t0. Peer's state: ddc1ce43-6958-4d2f-a962-1f2187968283@group-D38562E52FDD:t0, leader=null, voted=, raftlog=Memoized:ddc1ce43-6958-4d2f-a962-1f2187968283@group-D38562E52FDD-SegmentedRaftLog:OPENED:c-1, conf=-1: peers:[114eb3b6-0965-4949-a11e-bb51ff0d0ac6|rpc:10.1.0.81:36273|dataStream:10.1.0.81:45849|priority:1|startupRole:FOLLOWER, cc21282f-5934-42bf-9918-cc8c0aab7e68|rpc:10.1.0.81:34309|dataStream:10.1.0.81:33753|priority:0|startupRole:FOLLOWER, ddc1ce43-6958-4d2f-a962-1f2187968283|rpc:10.1.0.81:39087|dataStream:10.1.0.81:37359|priority:0|startupRole:FOLLOWER]|listeners:[], old=null
2023-02-21 13:40:19,602 [114eb3b6-0965-4949-a11e-bb51ff0d0ac6@group-D38562E52FDD-LeaderElection24] INFO  server.RaftServerConfigKeys (ConfUtils.java:logFallback(53)) - raft.server.rpc.first-election.timeout.min = 5s (fallback to raft.server.rpc.timeout.min)
2023-02-21 13:40:19,602 [114eb3b6-0965-4949-a11e-bb51ff0d0ac6@group-D38562E52FDD-LeaderElection24] INFO  server.RaftServerConfigKeys (ConfUtils.java:logFallback(53)) - raft.server.rpc.first-election.timeout.max = 5200ms (fallback to raft.server.rpc.timeout.max)
2023-02-21 13:40:19,604 [grpc-default-executor-4] INFO  server.RaftServer$Division (RaftServerImpl.java:requestVote(1218)) - cc21282f-5934-42bf-9918-cc8c0aab7e68@group-D38562E52FDD: receive requestVote(ELECTION, 114eb3b6-0965-4949-a11e-bb51ff0d0ac6, group-D38562E52FDD, 1, (t:0, i:0))
2023-02-21 13:40:19,605 [grpc-default-executor-4] INFO  impl.VoteContext (VoteContext.java:log(49)) - cc21282f-5934-42bf-9918-cc8c0aab7e68@group-D38562E52FDD-FOLLOWER: accept ELECTION from 114eb3b6-0965-4949-a11e-bb51ff0d0ac6: our priority 0 <= candidate's priority 1
2023-02-21 13:40:19,605 [grpc-default-executor-4] INFO  server.RaftServer$Division (RaftServerImpl.java:setRole(321)) - cc21282f-5934-42bf-9918-cc8c0aab7e68@group-D38562E52FDD: changes role from  FOLLOWER to FOLLOWER at term 1 for candidate:114eb3b6-0965-4949-a11e-bb51ff0d0ac6
2023-02-21 13:40:19,605 [grpc-default-executor-4] INFO  impl.RoleInfo (RoleInfo.java:shutdownFollowerState(110)) - cc21282f-5934-42bf-9918-cc8c0aab7e68: shutdown cc21282f-5934-42bf-9918-cc8c0aab7e68@group-D38562E52FDD-FollowerState
2023-02-21 13:40:19,605 [grpc-default-executor-4] INFO  impl.RoleInfo (RoleInfo.java:updateAndGet(139)) - cc21282f-5934-42bf-9918-cc8c0aab7e68: start cc21282f-5934-42bf-9918-cc8c0aab7e68@group-D38562E52FDD-FollowerState
2023-02-21 13:40:19,605 [cc21282f-5934-42bf-9918-cc8c0aab7e68@group-D38562E52FDD-FollowerState] INFO  impl.FollowerState (FollowerState.java:run(152)) - cc21282f-5934-42bf-9918-cc8c0aab7e68@group-D38562E52FDD-FollowerState was interrupted
2023-02-21 13:40:19,608 [grpc-default-executor-4] INFO  server.RaftServer$Division (RaftServerImpl.java:requestVote(1251)) - cc21282f-5934-42bf-9918-cc8c0aab7e68@group-D38562E52FDD replies to ELECTION vote request: 114eb3b6-0965-4949-a11e-bb51ff0d0ac6<-cc21282f-5934-42bf-9918-cc8c0aab7e68#0:OK-t1. Peer's state: cc21282f-5934-42bf-9918-cc8c0aab7e68@group-D38562E52FDD:t1, leader=null, voted=114eb3b6-0965-4949-a11e-bb51ff0d0ac6, raftlog=Memoized:cc21282f-5934-42bf-9918-cc8c0aab7e68@group-D38562E52FDD-SegmentedRaftLog:OPENED:c-1, conf=-1: peers:[114eb3b6-0965-4949-a11e-bb51ff0d0ac6|rpc:10.1.0.81:36273|dataStream:10.1.0.81:45849|priority:1|startupRole:FOLLOWER, cc21282f-5934-42bf-9918-cc8c0aab7e68|rpc:10.1.0.81:34309|dataStream:10.1.0.81:33753|priority:0|startupRole:FOLLOWER, ddc1ce43-6958-4d2f-a962-1f2187968283|rpc:10.1.0.81:39087|dataStream:10.1.0.81:37359|priority:0|startupRole:FOLLOWER]|listeners:[], old=null
2023-02-21 13:40:19,612 [114eb3b6-0965-4949-a11e-bb51ff0d0ac6@group-D38562E52FDD-LeaderElection24] INFO  impl.LeaderElection (LeaderElection.java:logAndReturn(90)) - 114eb3b6-0965-4949-a11e-bb51ff0d0ac6@group-D38562E52FDD-LeaderElection24: ELECTION PASSED received 1 response(s) and 0 exception(s):
2023-02-21 13:40:19,612 [114eb3b6-0965-4949-a11e-bb51ff0d0ac6@group-D38562E52FDD-LeaderElection24] INFO  impl.LeaderElection (LeaderElection.java:logAndReturn(94)) -   Response 0: 114eb3b6-0965-4949-a11e-bb51ff0d0ac6<-cc21282f-5934-42bf-9918-cc8c0aab7e68#0:OK-t1
2023-02-21 13:40:19,612 [114eb3b6-0965-4949-a11e-bb51ff0d0ac6@group-D38562E52FDD-LeaderElection24] INFO  impl.LeaderElection (LeaderElection.java:askForVotes(314)) - 114eb3b6-0965-4949-a11e-bb51ff0d0ac6@group-D38562E52FDD-LeaderElection24 ELECTION round 0: result PASSED
2023-02-21 13:40:19,612 [114eb3b6-0965-4949-a11e-bb51ff0d0ac6@group-D38562E52FDD-LeaderElection24] INFO  impl.RoleInfo (RoleInfo.java:shutdownLeaderElection(130)) - 114eb3b6-0965-4949-a11e-bb51ff0d0ac6: shutdown 114eb3b6-0965-4949-a11e-bb51ff0d0ac6@group-D38562E52FDD-LeaderElection24
2023-02-21 13:40:19,612 [114eb3b6-0965-4949-a11e-bb51ff0d0ac6@group-D38562E52FDD-LeaderElection24] INFO  server.RaftServer$Division (RaftServerImpl.java:setRole(321)) - 114eb3b6-0965-4949-a11e-bb51ff0d0ac6@group-D38562E52FDD: changes role from CANDIDATE to LEADER at term 1 for changeToLeader
2023-02-21 13:40:19,612 [114eb3b6-0965-4949-a11e-bb51ff0d0ac6@group-D38562E52FDD-LeaderElection24] INFO  ratis.XceiverServerRatis (XceiverServerRatis.java:handleLeaderChangedNotification(905)) - Leader change notification received for group: group-D38562E52FDD with new leaderId: 114eb3b6-0965-4949-a11e-bb51ff0d0ac6
2023-02-21 13:40:19,612 [grpc-default-executor-4] INFO  server.RaftServer$Division (RaftServerImpl.java:requestVote(1218)) - ddc1ce43-6958-4d2f-a962-1f2187968283@group-D38562E52FDD: receive requestVote(ELECTION, 114eb3b6-0965-4949-a11e-bb51ff0d0ac6, group-D38562E52FDD, 1, (t:0, i:0))
2023-02-21 13:40:19,612 [grpc-default-executor-4] INFO  impl.VoteContext (VoteContext.java:log(49)) - ddc1ce43-6958-4d2f-a962-1f2187968283@group-D38562E52FDD-FOLLOWER: accept ELECTION from 114eb3b6-0965-4949-a11e-bb51ff0d0ac6: our priority 0 <= candidate's priority 1
2023-02-21 13:40:19,612 [grpc-default-executor-4] INFO  server.RaftServer$Division (RaftServerImpl.java:setRole(321)) - ddc1ce43-6958-4d2f-a962-1f2187968283@group-D38562E52FDD: changes role from  FOLLOWER to FOLLOWER at term 1 for candidate:114eb3b6-0965-4949-a11e-bb51ff0d0ac6
2023-02-21 13:40:19,612 [grpc-default-executor-4] INFO  impl.RoleInfo (RoleInfo.java:shutdownFollowerState(110)) - ddc1ce43-6958-4d2f-a962-1f2187968283: shutdown ddc1ce43-6958-4d2f-a962-1f2187968283@group-D38562E52FDD-FollowerState
2023-02-21 13:40:19,612 [grpc-default-executor-4] INFO  impl.RoleInfo (RoleInfo.java:updateAndGet(139)) - ddc1ce43-6958-4d2f-a962-1f2187968283: start ddc1ce43-6958-4d2f-a962-1f2187968283@group-D38562E52FDD-FollowerState
2023-02-21 13:40:19,612 [114eb3b6-0965-4949-a11e-bb51ff0d0ac6@group-D38562E52FDD-LeaderElection24] INFO  server.RaftServer$Division (ServerState.java:setLeader(313)) - 114eb3b6-0965-4949-a11e-bb51ff0d0ac6@group-D38562E52FDD: change Leader from null to 114eb3b6-0965-4949-a11e-bb51ff0d0ac6 at term 1 for becomeLeader, leader elected after 5255ms
2023-02-21 13:40:19,613 [114eb3b6-0965-4949-a11e-bb51ff0d0ac6@group-D38562E52FDD-LeaderElection24] INFO  server.RaftServerConfigKeys (ConfUtils.java:logGet(46)) - raft.server.staging.catchup.gap = 1000 (default)
2023-02-21 13:40:19,612 [ddc1ce43-6958-4d2f-a962-1f2187968283@group-D38562E52FDD-FollowerState] INFO  impl.FollowerState (FollowerState.java:run(152)) - ddc1ce43-6958-4d2f-a962-1f2187968283@group-D38562E52FDD-FollowerState was interrupted
2023-02-21 13:40:19,613 [EventQueue-PipelineReportForPipelineReportHandler] INFO  pipeline.PipelineManagerImpl (PipelineManagerImpl.java:openPipeline(367)) - Pipeline Pipeline[ Id: 6a4d15a1-aebb-4598-acc3-d38562e52fdd, Nodes: cc21282f-5934-42bf-9918-cc8c0aab7e68(fv-az318-260.ewvrrcgabbbubjc05i3n4a3pph.dx.internal.cloudapp.net/10.1.0.81)ddc1ce43-6958-4d2f-a962-1f2187968283(fv-az318-260.ewvrrcgabbbubjc05i3n4a3pph.dx.internal.cloudapp.net/10.1.0.81)114eb3b6-0965-4949-a11e-bb51ff0d0ac6(fv-az318-260.ewvrrcgabbbubjc05i3n4a3pph.dx.internal.cloudapp.net/10.1.0.81), ReplicationConfig: RATIS/THREE, State:ALLOCATED, leaderId:114eb3b6-0965-4949-a11e-bb51ff0d0ac6, CreationTimestamp2023-02-21T13:40:12.120Z[Etc/UTC]] moved to OPEN state
2023-02-21 13:40:19,613 [EventQueue-OpenPipelineForHealthyPipelineSafeModeRule] INFO  safemode.SCMSafeModeManager (HealthyPipelineSafeModeRule.java:process(137)) - SCM in safe mode. Healthy pipelines reported count is 1, required healthy pipeline reported count is 1
2023-02-21 13:40:19,613 [EventQueue-OpenPipelineForHealthyPipelineSafeModeRule] INFO  safemode.SCMSafeModeManager (SCMSafeModeManager.java:validateSafeModeExitRules(200)) - HealthyPipelineSafeModeRule rule is successfully validated
2023-02-21 13:40:19,613 [EventQueue-OpenPipelineForHealthyPipelineSafeModeRule] INFO  safemode.SCMSafeModeManager (SCMSafeModeManager.java:validateSafeModeExitRules(215)) - ScmSafeModeManager, all rules are successfully validated
2023-02-21 13:40:19,614 [EventQueue-OpenPipelineForHealthyPipelineSafeModeRule] INFO  safemode.SCMSafeModeManager (SCMSafeModeManager.java:exitSafeMode(244)) - SCM exiting safe mode.
2023-02-21 13:40:19,614 [EventQueue-OpenPipelineForHealthyPipelineSafeModeRule] INFO  ha.SCMContext (SCMContext.java:updateSafeModeStatus(228)) - Update SafeModeStatus from SafeModeStatus{safeModeStatus=true, preCheckPassed=true} to SafeModeStatus{safeModeStatus=false, preCheckPassed=true}.
2023-02-21 13:40:19,614 [EventQueue-OpenPipelineForHealthyPipelineSafeModeRule] INFO  pipeline.BackgroundPipelineCreator (BackgroundPipelineCreator.java:notifyStatusChanged(254)) - Service BackgroundPipelineCreator transitions to RUNNING.
2023-02-21 13:40:19,614 [EventQueue-OpenPipelineForHealthyPipelineSafeModeRule] INFO  BackgroundPipelineScrubber (BackgroundSCMService.java:notifyStatusChanged(82)) - Service BackgroundPipelineScrubber transitions to RUNNING.
2023-02-21 13:40:19,614 [EventQueue-OpenPipelineForHealthyPipelineSafeModeRule] INFO  ExpiredContainerReplicaOpScrubber (BackgroundSCMService.java:notifyStatusChanged(82)) - Service ExpiredContainerReplicaOpScrubber transitions to RUNNING.
2023-02-21 13:40:19,614 [EventQueue-OpenPipelineForHealthyPipelineSafeModeRule] INFO  replication.ReplicationManager (ReplicationManager.java:notifyStatusChanged(1083)) - Service ReplicationManager transitions to RUNNING.
2023-02-21 13:40:19,614 [EventQueue-OpenPipelineForHealthyPipelineSafeModeRule] WARN  balancer.ContainerBalancer (ContainerBalancer.java:shouldRun(131)) - Could not find persisted configuration for ContainerBalancer when checking if ContainerBalancer should run. ContainerBalancer should not run now.
2023-02-21 13:40:19,620 [cc21282f-5934-42bf-9918-cc8c0aab7e68@group-D38562E52FDD-FollowerState] INFO  server.RaftServerConfigKeys (ConfUtils.java:logFallback(53)) - raft.server.rpc.first-election.timeout.min = 5s (fallback to raft.server.rpc.timeout.min)
2023-02-21 13:40:19,620 [114eb3b6-0965-4949-a11e-bb51ff0d0ac6@group-D38562E52FDD-LeaderElection24] INFO  server.RaftServerConfigKeys (ConfUtils.java:logGet(46)) - raft.server.write.element-limit = 1024 (custom)
2023-02-21 13:40:19,620 [114eb3b6-0965-4949-a11e-bb51ff0d0ac6@group-D38562E52FDD-LeaderElection24] INFO  server.RaftServerConfigKeys (ConfUtils.java:logGet(46)) - raft.server.write.byte-limit = 1024 M (=1073741824) (custom)
2023-02-21 13:40:19,620 [114eb3b6-0965-4949-a11e-bb51ff0d0ac6@group-D38562E52FDD-LeaderElection24] INFO  server.RaftServerConfigKeys (ConfUtils.java:logGet(46)) - raft.server.watch.timeout = 180s (custom)
2023-02-21 13:40:19,620 [114eb3b6-0965-4949-a11e-bb51ff0d0ac6@group-D38562E52FDD-LeaderElection24] INFO  server.RaftServerConfigKeys (ConfUtils.java:logGet(46)) - raft.server.watch.timeout.denomination = 1s (default)
2023-02-21 13:40:19,620 [114eb3b6-0965-4949-a11e-bb51ff0d0ac6@group-D38562E52FDD-LeaderElection24] INFO  server.RaftServerConfigKeys (ConfUtils.java:logGet(46)) - raft.server.watch.element-limit = 65536 (default)
2023-02-21 13:40:19,620 [114eb3b6-0965-4949-a11e-bb51ff0d0ac6@group-D38562E52FDD-LeaderElection24] INFO  server.RaftServerConfigKeys (ConfUtils.java:logGet(46)) - raft.server.write.element-limit = 1024 (custom)
2023-02-21 13:40:19,620 [114eb3b6-0965-4949-a11e-bb51ff0d0ac6@group-D38562E52FDD-LeaderElection24] INFO  server.RaftServerConfigKeys (ConfUtils.java:logGet(46)) - raft.server.write.follower.gap.ratio.max = -1.0 (default)
2023-02-21 13:40:19,621 [114eb3b6-0965-4949-a11e-bb51ff0d0ac6@group-D38562E52FDD-LeaderElection24] INFO  server.RaftServerConfigKeys (ConfUtils.java:logGet(46)) - raft.server.log.appender.snapshot.chunk.size.max = 16MB (=16777216) (default)
2023-02-21 13:40:19,621 [114eb3b6-0965-4949-a11e-bb51ff0d0ac6@group-D38562E52FDD-LeaderElection24] INFO  server.RaftServerConfigKeys (ConfUtils.java:logGet(46)) - raft.server.log.appender.buffer.byte-limit = 33554432 (custom)
2023-02-21 13:40:19,621 [114eb3b6-0965-4949-a11e-bb51ff0d0ac6@group-D38562E52FDD-LeaderElection24] INFO  server.RaftServerConfigKeys (ConfUtils.java:logGet(46)) - raft.server.log.appender.buffer.element-limit = 1 (custom)
2023-02-21 13:40:19,621 [114eb3b6-0965-4949-a11e-bb51ff0d0ac6@group-D38562E52FDD-LeaderElection24] INFO  grpc.GrpcConfigKeys (ConfUtils.java:logGet(46)) - raft.grpc.server.leader.outstanding.appends.max = 128 (default)
2023-02-21 13:40:19,621 [114eb3b6-0965-4949-a11e-bb51ff0d0ac6@group-D38562E52FDD-LeaderElection24] INFO  server.RaftServerConfigKeys (ConfUtils.java:logGet(46)) - raft.server.rpc.request.timeout = 60s (custom)
2023-02-21 13:40:19,621 [114eb3b6-0965-4949-a11e-bb51ff0d0ac6@group-D38562E52FDD-LeaderElection24] INFO  server.RaftServerConfigKeys (ConfUtils.java:logGet(46)) - raft.server.log.appender.install.snapshot.enabled = false (custom)
2023-02-21 13:40:19,621 [114eb3b6-0965-4949-a11e-bb51ff0d0ac6@group-D38562E52FDD-LeaderElection24] INFO  grpc.GrpcConfigKeys (ConfUtils.java:logGet(46)) - raft.grpc.server.heartbeat.channel = true (default)
2023-02-21 13:40:19,621 [114eb3b6-0965-4949-a11e-bb51ff0d0ac6@group-D38562E52FDD-LeaderElection24] INFO  server.RaftServerConfigKeys (ConfUtils.java:logGet(46)) - raft.server.log.appender.wait-time.min = 10ms (default)
2023-02-21 13:40:19,622 [114eb3b6-0965-4949-a11e-bb51ff0d0ac6@group-D38562E52FDD-LeaderElection24] INFO  server.RaftServerConfigKeys (ConfUtils.java:logGet(46)) - raft.server.log.appender.snapshot.chunk.size.max = 16MB (=16777216) (default)
2023-02-21 13:40:19,622 [grpc-default-executor-4] INFO  server.RaftServer$Division (RaftServerImpl.java:requestVote(1251)) - ddc1ce43-6958-4d2f-a962-1f2187968283@group-D38562E52FDD replies to ELECTION vote request: 114eb3b6-0965-4949-a11e-bb51ff0d0ac6<-ddc1ce43-6958-4d2f-a962-1f2187968283#0:OK-t1. Peer's state: ddc1ce43-6958-4d2f-a962-1f2187968283@group-D38562E52FDD:t1, leader=null, voted=114eb3b6-0965-4949-a11e-bb51ff0d0ac6, raftlog=Memoized:ddc1ce43-6958-4d2f-a962-1f2187968283@group-D38562E52FDD-SegmentedRaftLog:OPENED:c-1, conf=-1: peers:[114eb3b6-0965-4949-a11e-bb51ff0d0ac6|rpc:10.1.0.81:36273|dataStream:10.1.0.81:45849|priority:1|startupRole:FOLLOWER, cc21282f-5934-42bf-9918-cc8c0aab7e68|rpc:10.1.0.81:34309|dataStream:10.1.0.81:33753|priority:0|startupRole:FOLLOWER, ddc1ce43-6958-4d2f-a962-1f2187968283|rpc:10.1.0.81:39087|dataStream:10.1.0.81:37359|priority:0|startupRole:FOLLOWER]|listeners:[], old=null
2023-02-21 13:40:19,620 [cc21282f-5934-42bf-9918-cc8c0aab7e68@group-D38562E52FDD-FollowerState] INFO  server.RaftServerConfigKeys (ConfUtils.java:logFallback(53)) - raft.server.rpc.first-election.timeout.max = 5200ms (fallback to raft.server.rpc.timeout.max)
2023-02-21 13:40:19,622 [114eb3b6-0965-4949-a11e-bb51ff0d0ac6@group-D38562E52FDD-LeaderElection24] INFO  server.RaftServerConfigKeys (ConfUtils.java:logGet(46)) - raft.server.log.appender.buffer.byte-limit = 33554432 (custom)
2023-02-21 13:40:19,622 [114eb3b6-0965-4949-a11e-bb51ff0d0ac6@group-D38562E52FDD-LeaderElection24] INFO  server.RaftServerConfigKeys (ConfUtils.java:logGet(46)) - raft.server.log.appender.buffer.element-limit = 1 (custom)
2023-02-21 13:40:19,622 [114eb3b6-0965-4949-a11e-bb51ff0d0ac6@group-D38562E52FDD-LeaderElection24] INFO  grpc.GrpcConfigKeys (ConfUtils.java:logGet(46)) - raft.grpc.server.leader.outstanding.appends.max = 128 (default)
2023-02-21 13:40:19,623 [114eb3b6-0965-4949-a11e-bb51ff0d0ac6@group-D38562E52FDD-LeaderElection24] INFO  server.RaftServerConfigKeys (ConfUtils.java:logGet(46)) - raft.server.rpc.request.timeout = 60s (custom)
2023-02-21 13:40:19,623 [114eb3b6-0965-4949-a11e-bb51ff0d0ac6@group-D38562E52FDD-LeaderElection24] INFO  server.RaftServerConfigKeys (ConfUtils.java:logGet(46)) - raft.server.log.appender.install.snapshot.enabled = false (custom)
2023-02-21 13:40:19,623 [114eb3b6-0965-4949-a11e-bb51ff0d0ac6@group-D38562E52FDD-LeaderElection24] INFO  grpc.GrpcConfigKeys (ConfUtils.java:logGet(46)) - raft.grpc.server.heartbeat.channel = true (default)
2023-02-21 13:40:19,623 [114eb3b6-0965-4949-a11e-bb51ff0d0ac6@group-D38562E52FDD-LeaderElection24] INFO  server.RaftServerConfigKeys (ConfUtils.java:logGet(46)) - raft.server.log.appender.wait-time.min = 10ms (default)
2023-02-21 13:40:19,622 [ddc1ce43-6958-4d2f-a962-1f2187968283@group-D38562E52FDD-FollowerState] INFO  server.RaftServerConfigKeys (ConfUtils.java:logFallback(53)) - raft.server.rpc.first-election.timeout.min = 5s (fallback to raft.server.rpc.timeout.min)
2023-02-21 13:40:19,623 [ddc1ce43-6958-4d2f-a962-1f2187968283@group-D38562E52FDD-FollowerState] INFO  server.RaftServerConfigKeys (ConfUtils.java:logFallback(53)) - raft.server.rpc.first-election.timeout.max = 5200ms (fallback to raft.server.rpc.timeout.max)
2023-02-21 13:40:19,623 [114eb3b6-0965-4949-a11e-bb51ff0d0ac6@group-D38562E52FDD-LeaderElection24] INFO  impl.RoleInfo (RoleInfo.java:updateAndGet(139)) - 114eb3b6-0965-4949-a11e-bb51ff0d0ac6: start 114eb3b6-0965-4949-a11e-bb51ff0d0ac6@group-D38562E52FDD-LeaderStateImpl
2023-02-21 13:40:19,623 [114eb3b6-0965-4949-a11e-bb51ff0d0ac6@group-D38562E52FDD-LeaderElection24] INFO  segmented.SegmentedRaftLogWorker (SegmentedRaftLogWorker.java:startLogSegment(452)) - 114eb3b6-0965-4949-a11e-bb51ff0d0ac6@group-D38562E52FDD-SegmentedRaftLogWorker: Starting segment from index:0
2023-02-21 13:40:19,626 [114eb3b6-0965-4949-a11e-bb51ff0d0ac6@group-D38562E52FDD-SegmentedRaftLogWorker] INFO  segmented.SegmentedRaftLogWorker (SegmentedRaftLogWorker.java:execute(656)) - 114eb3b6-0965-4949-a11e-bb51ff0d0ac6@group-D38562E52FDD-SegmentedRaftLogWorker: created new log segment /home/runner/work/ozone/ozone/hadoop-ozone/integration-test/target/test-dir/MiniOzoneClusterImpl-c6aa46b2-3083-4aae-be29-8199bb906922/datanode-0/data/ratis/6a4d15a1-aebb-4598-acc3-d38562e52fdd/current/log_inprogress_0
2023-02-21 13:40:19,661 [114eb3b6-0965-4949-a11e-bb51ff0d0ac6@group-D38562E52FDD-LeaderElection24] INFO  server.RaftServer$Division (ServerState.java:setRaftConf(430)) - 114eb3b6-0965-4949-a11e-bb51ff0d0ac6@group-D38562E52FDD: set configuration 0: peers:[114eb3b6-0965-4949-a11e-bb51ff0d0ac6|rpc:10.1.0.81:36273|dataStream:10.1.0.81:45849|priority:1|startupRole:FOLLOWER, cc21282f-5934-42bf-9918-cc8c0aab7e68|rpc:10.1.0.81:34309|dataStream:10.1.0.81:33753|priority:0|startupRole:FOLLOWER, ddc1ce43-6958-4d2f-a962-1f2187968283|rpc:10.1.0.81:39087|dataStream:10.1.0.81:37359|priority:0|startupRole:FOLLOWER]|listeners:[], old=null
2023-02-21 13:40:19,668 [cc21282f-5934-42bf-9918-cc8c0aab7e68@group-720CB0DD36AF-FollowerState] INFO  impl.FollowerState (FollowerState.java:run(143)) - cc21282f-5934-42bf-9918-cc8c0aab7e68@group-720CB0DD36AF-FollowerState: change to CANDIDATE, lastRpcElapsedTime:5129832839ns, electionTimeout:5118ms
2023-02-21 13:40:19,668 [cc21282f-5934-42bf-9918-cc8c0aab7e68@group-720CB0DD36AF-FollowerState] INFO  impl.RoleInfo (RoleInfo.java:shutdownFollowerState(110)) - cc21282f-5934-42bf-9918-cc8c0aab7e68: shutdown cc21282f-5934-42bf-9918-cc8c0aab7e68@group-720CB0DD36AF-FollowerState
2023-02-21 13:40:19,668 [cc21282f-5934-42bf-9918-cc8c0aab7e68@group-720CB0DD36AF-FollowerState] INFO  server.RaftServer$Division (RaftServerImpl.java:setRole(321)) - cc21282f-5934-42bf-9918-cc8c0aab7e68@group-720CB0DD36AF: changes role from  FOLLOWER to CANDIDATE at term 0 for changeToCandidate
2023-02-21 13:40:19,668 [cc21282f-5934-42bf-9918-cc8c0aab7e68@group-720CB0DD36AF-FollowerState] INFO  server.RaftServerConfigKeys (ConfUtils.java:logGet(46)) - raft.server.leaderelection.pre-vote = true (default)
2023-02-21 13:40:19,668 [cc21282f-5934-42bf-9918-cc8c0aab7e68@group-720CB0DD36AF-FollowerState] INFO  impl.RoleInfo (RoleInfo.java:updateAndGet(139)) - cc21282f-5934-42bf-9918-cc8c0aab7e68: start cc21282f-5934-42bf-9918-cc8c0aab7e68@group-720CB0DD36AF-LeaderElection25
2023-02-21 13:40:19,675 [114eb3b6-0965-4949-a11e-bb51ff0d0ac6@group-720CB0DD36AF-FollowerState] INFO  impl.FollowerState (FollowerState.java:run(143)) - 114eb3b6-0965-4949-a11e-bb51ff0d0ac6@group-720CB0DD36AF-FollowerState: change to CANDIDATE, lastRpcElapsedTime:5188442518ns, electionTimeout:5172ms
2023-02-21 13:40:19,678 [114eb3b6-0965-4949-a11e-bb51ff0d0ac6@group-720CB0DD36AF-FollowerState] INFO  impl.RoleInfo (RoleInfo.java:shutdownFollowerState(110)) - 114eb3b6-0965-4949-a11e-bb51ff0d0ac6: shutdown 114eb3b6-0965-4949-a11e-bb51ff0d0ac6@group-720CB0DD36AF-FollowerState
2023-02-21 13:40:19,678 [114eb3b6-0965-4949-a11e-bb51ff0d0ac6@group-720CB0DD36AF-FollowerState] INFO  server.RaftServer$Division (RaftServerImpl.java:setRole(321)) - 114eb3b6-0965-4949-a11e-bb51ff0d0ac6@group-720CB0DD36AF: changes role from  FOLLOWER to CANDIDATE at term 0 for changeToCandidate
2023-02-21 13:40:19,678 [114eb3b6-0965-4949-a11e-bb51ff0d0ac6@group-720CB0DD36AF-FollowerState] INFO  server.RaftServerConfigKeys (ConfUtils.java:logGet(46)) - raft.server.leaderelection.pre-vote = true (default)
2023-02-21 13:40:19,678 [114eb3b6-0965-4949-a11e-bb51ff0d0ac6@group-720CB0DD36AF-FollowerState] INFO  impl.RoleInfo (RoleInfo.java:updateAndGet(139)) - 114eb3b6-0965-4949-a11e-bb51ff0d0ac6: start 114eb3b6-0965-4949-a11e-bb51ff0d0ac6@group-720CB0DD36AF-LeaderElection26
2023-02-21 13:40:19,681 [cc21282f-5934-42bf-9918-cc8c0aab7e68-server-thread2] INFO  ratis.XceiverServerRatis (XceiverServerRatis.java:handleLeaderChangedNotification(905)) - Leader change notification received for group: group-D38562E52FDD with new leaderId: 114eb3b6-0965-4949-a11e-bb51ff0d0ac6
2023-02-21 13:40:19,681 [cc21282f-5934-42bf-9918-cc8c0aab7e68-server-thread2] INFO  server.RaftServer$Division (ServerState.java:setLeader(313)) - cc21282f-5934-42bf-9918-cc8c0aab7e68@group-D38562E52FDD: change Leader from null to 114eb3b6-0965-4949-a11e-bb51ff0d0ac6 at term 1 for appendEntries, leader elected after 5288ms
2023-02-21 13:40:19,691 [cc21282f-5934-42bf-9918-cc8c0aab7e68-server-thread2] INFO  server.RaftServer$Division (ServerState.java:setRaftConf(430)) - cc21282f-5934-42bf-9918-cc8c0aab7e68@group-D38562E52FDD: set configuration 0: peers:[114eb3b6-0965-4949-a11e-bb51ff0d0ac6|rpc:10.1.0.81:36273|dataStream:10.1.0.81:45849|priority:1|startupRole:FOLLOWER, cc21282f-5934-42bf-9918-cc8c0aab7e68|rpc:10.1.0.81:34309|dataStream:10.1.0.81:33753|priority:0|startupRole:FOLLOWER, ddc1ce43-6958-4d2f-a962-1f2187968283|rpc:10.1.0.81:39087|dataStream:10.1.0.81:37359|priority:0|startupRole:FOLLOWER]|listeners:[], old=null
2023-02-21 13:40:19,693 [cc21282f-5934-42bf-9918-cc8c0aab7e68@group-720CB0DD36AF-LeaderElection25] INFO  impl.LeaderElection (LeaderElection.java:askForVotes(312)) - cc21282f-5934-42bf-9918-cc8c0aab7e68@group-720CB0DD36AF-LeaderElection25 PRE_VOTE round 0: submit vote requests at term 0 for -1: peers:[114eb3b6-0965-4949-a11e-bb51ff0d0ac6|rpc:10.1.0.81:36273|dataStream:10.1.0.81:45849|priority:0|startupRole:FOLLOWER, cc21282f-5934-42bf-9918-cc8c0aab7e68|rpc:10.1.0.81:34309|dataStream:10.1.0.81:33753|priority:1|startupRole:FOLLOWER, ddc1ce43-6958-4d2f-a962-1f2187968283|rpc:10.1.0.81:39087|dataStream:10.1.0.81:37359|priority:0|startupRole:FOLLOWER]|listeners:[], old=null
2023-02-21 13:40:19,694 [cc21282f-5934-42bf-9918-cc8c0aab7e68@group-720CB0DD36AF-LeaderElection25] INFO  server.RaftServerConfigKeys (ConfUtils.java:logFallback(53)) - raft.server.rpc.first-election.timeout.min = 5s (fallback to raft.server.rpc.timeout.min)
2023-02-21 13:40:19,694 [cc21282f-5934-42bf-9918-cc8c0aab7e68@group-720CB0DD36AF-LeaderElection25] INFO  server.RaftServerConfigKeys (ConfUtils.java:logFallback(53)) - raft.server.rpc.first-election.timeout.max = 5200ms (fallback to raft.server.rpc.timeout.max)
2023-02-21 13:40:19,695 [grpc-default-executor-5] INFO  server.RaftServer$Division (RaftServerImpl.java:requestVote(1218)) - 114eb3b6-0965-4949-a11e-bb51ff0d0ac6@group-720CB0DD36AF: receive requestVote(PRE_VOTE, cc21282f-5934-42bf-9918-cc8c0aab7e68, group-720CB0DD36AF, 0, (t:0, i:0))
2023-02-21 13:40:19,706 [cc21282f-5934-42bf-9918-cc8c0aab7e68-server-thread2] INFO  segmented.SegmentedRaftLogWorker (SegmentedRaftLogWorker.java:startLogSegment(452)) - cc21282f-5934-42bf-9918-cc8c0aab7e68@group-D38562E52FDD-SegmentedRaftLogWorker: Starting segment from index:0
2023-02-21 13:40:19,706 [ddc1ce43-6958-4d2f-a962-1f2187968283-server-thread1] INFO  ratis.XceiverServerRatis (XceiverServerRatis.java:handleLeaderChangedNotification(905)) - Leader change notification received for group: group-D38562E52FDD with new leaderId: 114eb3b6-0965-4949-a11e-bb51ff0d0ac6
2023-02-21 13:40:19,706 [ddc1ce43-6958-4d2f-a962-1f2187968283-server-thread1] INFO  server.RaftServer$Division (ServerState.java:setLeader(313)) - ddc1ce43-6958-4d2f-a962-1f2187968283@group-D38562E52FDD: change Leader from null to 114eb3b6-0965-4949-a11e-bb51ff0d0ac6 at term 1 for appendEntries, leader elected after 5273ms
2023-02-21 13:40:19,706 [114eb3b6-0965-4949-a11e-bb51ff0d0ac6@group-720CB0DD36AF-LeaderElection26] INFO  impl.LeaderElection (LeaderElection.java:askForVotes(312)) - 114eb3b6-0965-4949-a11e-bb51ff0d0ac6@group-720CB0DD36AF-LeaderElection26 PRE_VOTE round 0: submit vote requests at term 0 for -1: peers:[114eb3b6-0965-4949-a11e-bb51ff0d0ac6|rpc:10.1.0.81:36273|dataStream:10.1.0.81:45849|priority:0|startupRole:FOLLOWER, cc21282f-5934-42bf-9918-cc8c0aab7e68|rpc:10.1.0.81:34309|dataStream:10.1.0.81:33753|priority:1|startupRole:FOLLOWER, ddc1ce43-6958-4d2f-a962-1f2187968283|rpc:10.1.0.81:39087|dataStream:10.1.0.81:37359|priority:0|startupRole:FOLLOWER]|listeners:[], old=null
2023-02-21 13:40:19,708 [grpc-default-executor-1] INFO  server.RaftServer$Division (RaftServerImpl.java:requestVote(1218)) - ddc1ce43-6958-4d2f-a962-1f2187968283@group-720CB0DD36AF: receive requestVote(PRE_VOTE, cc21282f-5934-42bf-9918-cc8c0aab7e68, group-720CB0DD36AF, 0, (t:0, i:0))
2023-02-21 13:40:19,708 [grpc-default-executor-1] INFO  impl.VoteContext (VoteContext.java:log(49)) - ddc1ce43-6958-4d2f-a962-1f2187968283@group-720CB0DD36AF-FOLLOWER: accept PRE_VOTE from cc21282f-5934-42bf-9918-cc8c0aab7e68: our priority 0 <= candidate's priority 1
2023-02-21 13:40:19,708 [grpc-default-executor-1] INFO  server.RaftServer$Division (RaftServerImpl.java:requestVote(1251)) - ddc1ce43-6958-4d2f-a962-1f2187968283@group-720CB0DD36AF replies to PRE_VOTE vote request: cc21282f-5934-42bf-9918-cc8c0aab7e68<-ddc1ce43-6958-4d2f-a962-1f2187968283#0:OK-t0. Peer's state: ddc1ce43-6958-4d2f-a962-1f2187968283@group-720CB0DD36AF:t0, leader=null, voted=, raftlog=Memoized:ddc1ce43-6958-4d2f-a962-1f2187968283@group-720CB0DD36AF-SegmentedRaftLog:OPENED:c-1, conf=-1: peers:[114eb3b6-0965-4949-a11e-bb51ff0d0ac6|rpc:10.1.0.81:36273|dataStream:10.1.0.81:45849|priority:0|startupRole:FOLLOWER, cc21282f-5934-42bf-9918-cc8c0aab7e68|rpc:10.1.0.81:34309|dataStream:10.1.0.81:33753|priority:1|startupRole:FOLLOWER, ddc1ce43-6958-4d2f-a962-1f2187968283|rpc:10.1.0.81:39087|dataStream:10.1.0.81:37359|priority:0|startupRole:FOLLOWER]|listeners:[], old=null
2023-02-21 13:40:19,709 [grpc-default-executor-5] INFO  impl.VoteContext (VoteContext.java:log(49)) - 114eb3b6-0965-4949-a11e-bb51ff0d0ac6@group-720CB0DD36AF-CANDIDATE: accept PRE_VOTE from cc21282f-5934-42bf-9918-cc8c0aab7e68: our priority 0 <= candidate's priority 1
2023-02-21 13:40:19,709 [cc21282f-5934-42bf-9918-cc8c0aab7e68@group-720CB0DD36AF-LeaderElection25] INFO  impl.LeaderElection (LeaderElection.java:logAndReturn(90)) - cc21282f-5934-42bf-9918-cc8c0aab7e68@group-720CB0DD36AF-LeaderElection25: PRE_VOTE PASSED received 1 response(s) and 0 exception(s):
2023-02-21 13:40:19,709 [grpc-default-executor-5] INFO  server.RaftServer$Division (RaftServerImpl.java:requestVote(1251)) - 114eb3b6-0965-4949-a11e-bb51ff0d0ac6@group-720CB0DD36AF replies to PRE_VOTE vote request: cc21282f-5934-42bf-9918-cc8c0aab7e68<-114eb3b6-0965-4949-a11e-bb51ff0d0ac6#0:OK-t0. Peer's state: 114eb3b6-0965-4949-a11e-bb51ff0d0ac6@group-720CB0DD36AF:t0, leader=null, voted=, raftlog=Memoized:114eb3b6-0965-4949-a11e-bb51ff0d0ac6@group-720CB0DD36AF-SegmentedRaftLog:OPENED:c-1, conf=-1: peers:[114eb3b6-0965-4949-a11e-bb51ff0d0ac6|rpc:10.1.0.81:36273|dataStream:10.1.0.81:45849|priority:0|startupRole:FOLLOWER, cc21282f-5934-42bf-9918-cc8c0aab7e68|rpc:10.1.0.81:34309|dataStream:10.1.0.81:33753|priority:1|startupRole:FOLLOWER, ddc1ce43-6958-4d2f-a962-1f2187968283|rpc:10.1.0.81:39087|dataStream:10.1.0.81:37359|priority:0|startupRole:FOLLOWER]|listeners:[], old=null
2023-02-21 13:40:19,709 [cc21282f-5934-42bf-9918-cc8c0aab7e68@group-720CB0DD36AF-LeaderElection25] INFO  impl.LeaderElection (LeaderElection.java:logAndReturn(94)) -   Response 0: cc21282f-5934-42bf-9918-cc8c0aab7e68<-ddc1ce43-6958-4d2f-a962-1f2187968283#0:OK-t0
2023-02-21 13:40:19,709 [cc21282f-5934-42bf-9918-cc8c0aab7e68@group-720CB0DD36AF-LeaderElection25] INFO  impl.LeaderElection (LeaderElection.java:askForVotes(314)) - cc21282f-5934-42bf-9918-cc8c0aab7e68@group-720CB0DD36AF-LeaderElection25 PRE_VOTE round 0: result PASSED
2023-02-21 13:40:19,712 [cc21282f-5934-42bf-9918-cc8c0aab7e68@group-720CB0DD36AF-LeaderElection25] INFO  impl.LeaderElection (LeaderElection.java:askForVotes(312)) - cc21282f-5934-42bf-9918-cc8c0aab7e68@group-720CB0DD36AF-LeaderElection25 ELECTION round 0: submit vote requests at term 1 for -1: peers:[114eb3b6-0965-4949-a11e-bb51ff0d0ac6|rpc:10.1.0.81:36273|dataStream:10.1.0.81:45849|priority:0|startupRole:FOLLOWER, cc21282f-5934-42bf-9918-cc8c0aab7e68|rpc:10.1.0.81:34309|dataStream:10.1.0.81:33753|priority:1|startupRole:FOLLOWER, ddc1ce43-6958-4d2f-a962-1f2187968283|rpc:10.1.0.81:39087|dataStream:10.1.0.81:37359|priority:0|startupRole:FOLLOWER]|listeners:[], old=null
2023-02-21 13:40:19,715 [114eb3b6-0965-4949-a11e-bb51ff0d0ac6@group-720CB0DD36AF-LeaderElection26] INFO  server.RaftServerConfigKeys (ConfUtils.java:logFallback(53)) - raft.server.rpc.first-election.timeout.min = 5s (fallback to raft.server.rpc.timeout.min)
2023-02-21 13:40:19,716 [114eb3b6-0965-4949-a11e-bb51ff0d0ac6@group-720CB0DD36AF-LeaderElection26] INFO  server.RaftServerConfigKeys (ConfUtils.java:logFallback(53)) - raft.server.rpc.first-election.timeout.max = 5200ms (fallback to raft.server.rpc.timeout.max)
2023-02-21 13:40:19,716 [grpc-default-executor-5] INFO  server.RaftServer$Division (RaftServerImpl.java:requestVote(1218)) - cc21282f-5934-42bf-9918-cc8c0aab7e68@group-720CB0DD36AF: receive requestVote(PRE_VOTE, 114eb3b6-0965-4949-a11e-bb51ff0d0ac6, group-720CB0DD36AF, 0, (t:0, i:0))
2023-02-21 13:40:19,716 [grpc-default-executor-5] INFO  impl.VoteContext (VoteContext.java:log(49)) - cc21282f-5934-42bf-9918-cc8c0aab7e68@group-720CB0DD36AF-CANDIDATE: reject PRE_VOTE from 114eb3b6-0965-4949-a11e-bb51ff0d0ac6: our priority 1 > candidate's priority 0
2023-02-21 13:40:19,716 [grpc-default-executor-5] INFO  server.RaftServer$Division (RaftServerImpl.java:requestVote(1251)) - cc21282f-5934-42bf-9918-cc8c0aab7e68@group-720CB0DD36AF replies to PRE_VOTE vote request: 114eb3b6-0965-4949-a11e-bb51ff0d0ac6<-cc21282f-5934-42bf-9918-cc8c0aab7e68#0:FAIL-t1. Peer's state: cc21282f-5934-42bf-9918-cc8c0aab7e68@group-720CB0DD36AF:t1, leader=null, voted=cc21282f-5934-42bf-9918-cc8c0aab7e68, raftlog=Memoized:cc21282f-5934-42bf-9918-cc8c0aab7e68@group-720CB0DD36AF-SegmentedRaftLog:OPENED:c-1, conf=-1: peers:[114eb3b6-0965-4949-a11e-bb51ff0d0ac6|rpc:10.1.0.81:36273|dataStream:10.1.0.81:45849|priority:0|startupRole:FOLLOWER, cc21282f-5934-42bf-9918-cc8c0aab7e68|rpc:10.1.0.81:34309|dataStream:10.1.0.81:33753|priority:1|startupRole:FOLLOWER, ddc1ce43-6958-4d2f-a962-1f2187968283|rpc:10.1.0.81:39087|dataStream:10.1.0.81:37359|priority:0|startupRole:FOLLOWER]|listeners:[], old=null
2023-02-21 13:40:19,718 [grpc-default-executor-0] INFO  server.RaftServer$Division (RaftServerImpl.java:requestVote(1218)) - ddc1ce43-6958-4d2f-a962-1f2187968283@group-720CB0DD36AF: receive requestVote(PRE_VOTE, 114eb3b6-0965-4949-a11e-bb51ff0d0ac6, group-720CB0DD36AF, 0, (t:0, i:0))
2023-02-21 13:40:19,719 [cc21282f-5934-42bf-9918-cc8c0aab7e68@group-D38562E52FDD-SegmentedRaftLogWorker] INFO  segmented.SegmentedRaftLogWorker (SegmentedRaftLogWorker.java:execute(656)) - cc21282f-5934-42bf-9918-cc8c0aab7e68@group-D38562E52FDD-SegmentedRaftLogWorker: created new log segment /home/runner/work/ozone/ozone/hadoop-ozone/integration-test/target/test-dir/MiniOzoneClusterImpl-c6aa46b2-3083-4aae-be29-8199bb906922/datanode-2/data/ratis/6a4d15a1-aebb-4598-acc3-d38562e52fdd/current/log_inprogress_0
2023-02-21 13:40:19,722 [grpc-default-executor-0] INFO  impl.VoteContext (VoteContext.java:log(49)) - ddc1ce43-6958-4d2f-a962-1f2187968283@group-720CB0DD36AF-FOLLOWER: accept PRE_VOTE from 114eb3b6-0965-4949-a11e-bb51ff0d0ac6: our priority 0 <= candidate's priority 0
2023-02-21 13:40:19,722 [ddc1ce43-6958-4d2f-a962-1f2187968283-server-thread2] INFO  server.RaftServer$Division (ServerState.java:setRaftConf(430)) - ddc1ce43-6958-4d2f-a962-1f2187968283@group-D38562E52FDD: set configuration 0: peers:[114eb3b6-0965-4949-a11e-bb51ff0d0ac6|rpc:10.1.0.81:36273|dataStream:10.1.0.81:45849|priority:1|startupRole:FOLLOWER, cc21282f-5934-42bf-9918-cc8c0aab7e68|rpc:10.1.0.81:34309|dataStream:10.1.0.81:33753|priority:0|startupRole:FOLLOWER, ddc1ce43-6958-4d2f-a962-1f2187968283|rpc:10.1.0.81:39087|dataStream:10.1.0.81:37359|priority:0|startupRole:FOLLOWER]|listeners:[], old=null
2023-02-21 13:40:19,722 [grpc-default-executor-0] INFO  server.RaftServer$Division (RaftServerImpl.java:requestVote(1251)) - ddc1ce43-6958-4d2f-a962-1f2187968283@group-720CB0DD36AF replies to PRE_VOTE vote request: 114eb3b6-0965-4949-a11e-bb51ff0d0ac6<-ddc1ce43-6958-4d2f-a962-1f2187968283#0:OK-t0. Peer's state: ddc1ce43-6958-4d2f-a962-1f2187968283@group-720CB0DD36AF:t0, leader=null, voted=, raftlog=Memoized:ddc1ce43-6958-4d2f-a962-1f2187968283@group-720CB0DD36AF-SegmentedRaftLog:OPENED:c-1, conf=-1: peers:[114eb3b6-0965-4949-a11e-bb51ff0d0ac6|rpc:10.1.0.81:36273|dataStream:10.1.0.81:45849|priority:0|startupRole:FOLLOWER, cc21282f-5934-42bf-9918-cc8c0aab7e68|rpc:10.1.0.81:34309|dataStream:10.1.0.81:33753|priority:1|startupRole:FOLLOWER, ddc1ce43-6958-4d2f-a962-1f2187968283|rpc:10.1.0.81:39087|dataStream:10.1.0.81:37359|priority:0|startupRole:FOLLOWER]|listeners:[], old=null
2023-02-21 13:40:19,722 [ddc1ce43-6958-4d2f-a962-1f2187968283-server-thread2] INFO  segmented.SegmentedRaftLogWorker (SegmentedRaftLogWorker.java:startLogSegment(452)) - ddc1ce43-6958-4d2f-a962-1f2187968283@group-D38562E52FDD-SegmentedRaftLogWorker: Starting segment from index:0
2023-02-21 13:40:19,723 [cc21282f-5934-42bf-9918-cc8c0aab7e68@group-720CB0DD36AF-LeaderElection25] INFO  server.RaftServerConfigKeys (ConfUtils.java:logFallback(53)) - raft.server.rpc.first-election.timeout.min = 5s (fallback to raft.server.rpc.timeout.min)
2023-02-21 13:40:19,723 [cc21282f-5934-42bf-9918-cc8c0aab7e68@group-720CB0DD36AF-LeaderElection25] INFO  server.RaftServerConfigKeys (ConfUtils.java:logFallback(53)) - raft.server.rpc.first-election.timeout.max = 5200ms (fallback to raft.server.rpc.timeout.max)
2023-02-21 13:40:19,724 [grpc-default-executor-0] INFO  server.RaftServer$Division (RaftServerImpl.java:requestVote(1218)) - 114eb3b6-0965-4949-a11e-bb51ff0d0ac6@group-720CB0DD36AF: receive requestVote(ELECTION, cc21282f-5934-42bf-9918-cc8c0aab7e68, group-720CB0DD36AF, 1, (t:0, i:0))
2023-02-21 13:40:19,725 [grpc-default-executor-0] INFO  impl.VoteContext (VoteContext.java:log(49)) - 114eb3b6-0965-4949-a11e-bb51ff0d0ac6@group-720CB0DD36AF-CANDIDATE: accept ELECTION from cc21282f-5934-42bf-9918-cc8c0aab7e68: our priority 0 <= candidate's priority 1
2023-02-21 13:40:19,725 [grpc-default-executor-0] INFO  server.RaftServer$Division (RaftServerImpl.java:setRole(321)) - 114eb3b6-0965-4949-a11e-bb51ff0d0ac6@group-720CB0DD36AF: changes role from CANDIDATE to FOLLOWER at term 1 for candidate:cc21282f-5934-42bf-9918-cc8c0aab7e68
2023-02-21 13:40:19,725 [grpc-default-executor-0] INFO  impl.RoleInfo (RoleInfo.java:shutdownLeaderElection(130)) - 114eb3b6-0965-4949-a11e-bb51ff0d0ac6: shutdown 114eb3b6-0965-4949-a11e-bb51ff0d0ac6@group-720CB0DD36AF-LeaderElection26
2023-02-21 13:40:19,725 [grpc-default-executor-0] INFO  impl.RoleInfo (RoleInfo.java:updateAndGet(139)) - 114eb3b6-0965-4949-a11e-bb51ff0d0ac6: start 114eb3b6-0965-4949-a11e-bb51ff0d0ac6@group-720CB0DD36AF-FollowerState
2023-02-21 13:40:19,725 [114eb3b6-0965-4949-a11e-bb51ff0d0ac6@group-720CB0DD36AF-FollowerState] INFO  server.RaftServerConfigKeys (ConfUtils.java:logFallback(53)) - raft.server.rpc.first-election.timeout.min = 5s (fallback to raft.server.rpc.timeout.min)
2023-02-21 13:40:19,726 [114eb3b6-0965-4949-a11e-bb51ff0d0ac6@group-720CB0DD36AF-FollowerState] INFO  server.RaftServerConfigKeys (ConfUtils.java:logFallback(53)) - raft.server.rpc.first-election.timeout.max = 5200ms (fallback to raft.server.rpc.timeout.max)
2023-02-21 13:40:19,726 [grpc-default-executor-4] INFO  server.RaftServer$Division (RaftServerImpl.java:requestVote(1218)) - ddc1ce43-6958-4d2f-a962-1f2187968283@group-720CB0DD36AF: receive requestVote(ELECTION, cc21282f-5934-42bf-9918-cc8c0aab7e68, group-720CB0DD36AF, 1, (t:0, i:0))
2023-02-21 13:40:19,726 [grpc-default-executor-4] INFO  impl.VoteContext (VoteContext.java:log(49)) - ddc1ce43-6958-4d2f-a962-1f2187968283@group-720CB0DD36AF-FOLLOWER: accept ELECTION from cc21282f-5934-42bf-9918-cc8c0aab7e68: our priority 0 <= candidate's priority 1
2023-02-21 13:40:19,726 [grpc-default-executor-4] INFO  server.RaftServer$Division (RaftServerImpl.java:setRole(321)) - ddc1ce43-6958-4d2f-a962-1f2187968283@group-720CB0DD36AF: changes role from  FOLLOWER to FOLLOWER at term 1 for candidate:cc21282f-5934-42bf-9918-cc8c0aab7e68
2023-02-21 13:40:19,726 [grpc-default-executor-4] INFO  impl.RoleInfo (RoleInfo.java:shutdownFollowerState(110)) - ddc1ce43-6958-4d2f-a962-1f2187968283: shutdown ddc1ce43-6958-4d2f-a962-1f2187968283@group-720CB0DD36AF-FollowerState
2023-02-21 13:40:19,726 [grpc-default-executor-4] INFO  impl.RoleInfo (RoleInfo.java:updateAndGet(139)) - ddc1ce43-6958-4d2f-a962-1f2187968283: start ddc1ce43-6958-4d2f-a962-1f2187968283@group-720CB0DD36AF-FollowerState
2023-02-21 13:40:19,726 [ddc1ce43-6958-4d2f-a962-1f2187968283@group-720CB0DD36AF-FollowerState] INFO  impl.FollowerState (FollowerState.java:run(152)) - ddc1ce43-6958-4d2f-a962-1f2187968283@group-720CB0DD36AF-FollowerState was interrupted
2023-02-21 13:40:19,727 [grpc-default-executor-0] INFO  server.RaftServer$Division (RaftServerImpl.java:requestVote(1251)) - 114eb3b6-0965-4949-a11e-bb51ff0d0ac6@group-720CB0DD36AF replies to ELECTION vote request: cc21282f-5934-42bf-9918-cc8c0aab7e68<-114eb3b6-0965-4949-a11e-bb51ff0d0ac6#0:OK-t1. Peer's state: 114eb3b6-0965-4949-a11e-bb51ff0d0ac6@group-720CB0DD36AF:t1, leader=null, voted=cc21282f-5934-42bf-9918-cc8c0aab7e68, raftlog=Memoized:114eb3b6-0965-4949-a11e-bb51ff0d0ac6@group-720CB0DD36AF-SegmentedRaftLog:OPENED:c-1, conf=-1: peers:[114eb3b6-0965-4949-a11e-bb51ff0d0ac6|rpc:10.1.0.81:36273|dataStream:10.1.0.81:45849|priority:0|startupRole:FOLLOWER, cc21282f-5934-42bf-9918-cc8c0aab7e68|rpc:10.1.0.81:34309|dataStream:10.1.0.81:33753|priority:1|startupRole:FOLLOWER, ddc1ce43-6958-4d2f-a962-1f2187968283|rpc:10.1.0.81:39087|dataStream:10.1.0.81:37359|priority:0|startupRole:FOLLOWER]|listeners:[], old=null
2023-02-21 13:40:19,728 [cc21282f-5934-42bf-9918-cc8c0aab7e68@group-720CB0DD36AF-LeaderElection25] INFO  impl.LeaderElection (LeaderElection.java:logAndReturn(90)) - cc21282f-5934-42bf-9918-cc8c0aab7e68@group-720CB0DD36AF-LeaderElection25: ELECTION PASSED received 1 response(s) and 0 exception(s):
2023-02-21 13:40:19,728 [cc21282f-5934-42bf-9918-cc8c0aab7e68@group-720CB0DD36AF-LeaderElection25] INFO  impl.LeaderElection (LeaderElection.java:logAndReturn(94)) -   Response 0: cc21282f-5934-42bf-9918-cc8c0aab7e68<-114eb3b6-0965-4949-a11e-bb51ff0d0ac6#0:OK-t1
2023-02-21 13:40:19,728 [cc21282f-5934-42bf-9918-cc8c0aab7e68@group-720CB0DD36AF-LeaderElection25] INFO  impl.LeaderElection (LeaderElection.java:askForVotes(314)) - cc21282f-5934-42bf-9918-cc8c0aab7e68@group-720CB0DD36AF-LeaderElection25 ELECTION round 0: result PASSED
2023-02-21 13:40:19,728 [cc21282f-5934-42bf-9918-cc8c0aab7e68@group-720CB0DD36AF-LeaderElection25] INFO  impl.RoleInfo (RoleInfo.java:shutdownLeaderElection(130)) - cc21282f-5934-42bf-9918-cc8c0aab7e68: shutdown cc21282f-5934-42bf-9918-cc8c0aab7e68@group-720CB0DD36AF-LeaderElection25
2023-02-21 13:40:19,728 [cc21282f-5934-42bf-9918-cc8c0aab7e68@group-720CB0DD36AF-LeaderElection25] INFO  server.RaftServer$Division (RaftServerImpl.java:setRole(321)) - cc21282f-5934-42bf-9918-cc8c0aab7e68@group-720CB0DD36AF: changes role from CANDIDATE to LEADER at term 1 for changeToLeader
2023-02-21 13:40:19,728 [cc21282f-5934-42bf-9918-cc8c0aab7e68@group-720CB0DD36AF-LeaderElection25] INFO  ratis.XceiverServerRatis (XceiverServerRatis.java:handleLeaderChangedNotification(905)) - Leader change notification received for group: group-720CB0DD36AF with new leaderId: cc21282f-5934-42bf-9918-cc8c0aab7e68
2023-02-21 13:40:19,729 [ddc1ce43-6958-4d2f-a962-1f2187968283@group-720CB0DD36AF-FollowerState] INFO  server.RaftServerConfigKeys (ConfUtils.java:logFallback(53)) - raft.server.rpc.first-election.timeout.min = 5s (fallback to raft.server.rpc.timeout.min)
2023-02-21 13:40:19,729 [cc21282f-5934-42bf-9918-cc8c0aab7e68@group-720CB0DD36AF-LeaderElection25] INFO  server.RaftServer$Division (ServerState.java:setLeader(313)) - cc21282f-5934-42bf-9918-cc8c0aab7e68@group-720CB0DD36AF: change Leader from null to cc21282f-5934-42bf-9918-cc8c0aab7e68 at term 1 for becomeLeader, leader elected after 5212ms
2023-02-21 13:40:19,729 [cc21282f-5934-42bf-9918-cc8c0aab7e68@group-720CB0DD36AF-LeaderElection25] INFO  server.RaftServerConfigKeys (ConfUtils.java:logGet(46)) - raft.server.staging.catchup.gap = 1000 (default)
2023-02-21 13:40:19,729 [cc21282f-5934-42bf-9918-cc8c0aab7e68@group-720CB0DD36AF-LeaderElection25] INFO  server.RaftServerConfigKeys (ConfUtils.java:logGet(46)) - raft.server.write.element-limit = 1024 (custom)
2023-02-21 13:40:19,729 [cc21282f-5934-42bf-9918-cc8c0aab7e68@group-720CB0DD36AF-LeaderElection25] INFO  server.RaftServerConfigKeys (ConfUtils.java:logGet(46)) - raft.server.write.byte-limit = 1024 M (=1073741824) (custom)
2023-02-21 13:40:19,730 [cc21282f-5934-42bf-9918-cc8c0aab7e68@group-720CB0DD36AF-LeaderElection25] INFO  server.RaftServerConfigKeys (ConfUtils.java:logGet(46)) - raft.server.watch.timeout = 180s (custom)
2023-02-21 13:40:19,730 [cc21282f-5934-42bf-9918-cc8c0aab7e68@group-720CB0DD36AF-LeaderElection25] INFO  server.RaftServerConfigKeys (ConfUtils.java:logGet(46)) - raft.server.watch.timeout.denomination = 1s (default)
2023-02-21 13:40:19,730 [cc21282f-5934-42bf-9918-cc8c0aab7e68@group-720CB0DD36AF-LeaderElection25] INFO  server.RaftServerConfigKeys (ConfUtils.java:logGet(46)) - raft.server.watch.element-limit = 65536 (default)
2023-02-21 13:40:19,730 [cc21282f-5934-42bf-9918-cc8c0aab7e68@group-720CB0DD36AF-LeaderElection25] INFO  server.RaftServerConfigKeys (ConfUtils.java:logGet(46)) - raft.server.write.element-limit = 1024 (custom)
2023-02-21 13:40:19,730 [cc21282f-5934-42bf-9918-cc8c0aab7e68@group-720CB0DD36AF-LeaderElection25] INFO  server.RaftServerConfigKeys (ConfUtils.java:logGet(46)) - raft.server.write.follower.gap.ratio.max = -1.0 (default)
2023-02-21 13:40:19,731 [cc21282f-5934-42bf-9918-cc8c0aab7e68@group-720CB0DD36AF-LeaderElection25] INFO  server.RaftServerConfigKeys (ConfUtils.java:logGet(46)) - raft.server.log.appender.snapshot.chunk.size.max = 16MB (=16777216) (default)
2023-02-21 13:40:19,735 [ddc1ce43-6958-4d2f-a962-1f2187968283@group-720CB0DD36AF-FollowerState] INFO  server.RaftServerConfigKeys (ConfUtils.java:logFallback(53)) - raft.server.rpc.first-election.timeout.max = 5200ms (fallback to raft.server.rpc.timeout.max)
2023-02-21 13:40:19,730 [grpc-default-executor-4] INFO  server.RaftServer$Division (RaftServerImpl.java:requestVote(1251)) - ddc1ce43-6958-4d2f-a962-1f2187968283@group-720CB0DD36AF replies to ELECTION vote request: cc21282f-5934-42bf-9918-cc8c0aab7e68<-ddc1ce43-6958-4d2f-a962-1f2187968283#0:OK-t1. Peer's state: ddc1ce43-6958-4d2f-a962-1f2187968283@group-720CB0DD36AF:t1, leader=null, voted=cc21282f-5934-42bf-9918-cc8c0aab7e68, raftlog=Memoized:ddc1ce43-6958-4d2f-a962-1f2187968283@group-720CB0DD36AF-SegmentedRaftLog:OPENED:c-1, conf=-1: peers:[114eb3b6-0965-4949-a11e-bb51ff0d0ac6|rpc:10.1.0.81:36273|dataStream:10.1.0.81:45849|priority:0|startupRole:FOLLOWER, cc21282f-5934-42bf-9918-cc8c0aab7e68|rpc:10.1.0.81:34309|dataStream:10.1.0.81:33753|priority:1|startupRole:FOLLOWER, ddc1ce43-6958-4d2f-a962-1f2187968283|rpc:10.1.0.81:39087|dataStream:10.1.0.81:37359|priority:0|startupRole:FOLLOWER]|listeners:[], old=null
2023-02-21 13:40:19,736 [114eb3b6-0965-4949-a11e-bb51ff0d0ac6@group-720CB0DD36AF-LeaderElection26] INFO  impl.LeaderElection (LeaderElection.java:logAndReturn(90)) - 114eb3b6-0965-4949-a11e-bb51ff0d0ac6@group-720CB0DD36AF-LeaderElection26: PRE_VOTE PASSED received 1 response(s) and 0 exception(s):
2023-02-21 13:40:19,736 [114eb3b6-0965-4949-a11e-bb51ff0d0ac6@group-720CB0DD36AF-LeaderElection26] INFO  impl.LeaderElection (LeaderElection.java:logAndReturn(94)) -   Response 0: 114eb3b6-0965-4949-a11e-bb51ff0d0ac6<-ddc1ce43-6958-4d2f-a962-1f2187968283#0:OK-t0
2023-02-21 13:40:19,736 [114eb3b6-0965-4949-a11e-bb51ff0d0ac6@group-720CB0DD36AF-LeaderElection26] INFO  impl.LeaderElection (LeaderElection.java:askForVotes(314)) - 114eb3b6-0965-4949-a11e-bb51ff0d0ac6@group-720CB0DD36AF-LeaderElection26 PRE_VOTE round 0: result PASSED
2023-02-21 13:40:19,735 [cc21282f-5934-42bf-9918-cc8c0aab7e68@group-720CB0DD36AF-LeaderElection25] INFO  server.RaftServerConfigKeys (ConfUtils.java:logGet(46)) - raft.server.log.appender.buffer.byte-limit = 33554432 (custom)
2023-02-21 13:40:19,736 [ddc1ce43-6958-4d2f-a962-1f2187968283@group-D38562E52FDD-SegmentedRaftLogWorker] INFO  segmented.SegmentedRaftLogWorker (SegmentedRaftLogWorker.java:execute(656)) - ddc1ce43-6958-4d2f-a962-1f2187968283@group-D38562E52FDD-SegmentedRaftLogWorker: created new log segment /home/runner/work/ozone/ozone/hadoop-ozone/integration-test/target/test-dir/MiniOzoneClusterImpl-c6aa46b2-3083-4aae-be29-8199bb906922/datanode-1/data/ratis/6a4d15a1-aebb-4598-acc3-d38562e52fdd/current/log_inprogress_0
2023-02-21 13:40:19,736 [cc21282f-5934-42bf-9918-cc8c0aab7e68@group-720CB0DD36AF-LeaderElection25] INFO  server.RaftServerConfigKeys (ConfUtils.java:logGet(46)) - raft.server.log.appender.buffer.element-limit = 1 (custom)
2023-02-21 13:40:19,737 [cc21282f-5934-42bf-9918-cc8c0aab7e68@group-720CB0DD36AF-LeaderElection25] INFO  grpc.GrpcConfigKeys (ConfUtils.java:logGet(46)) - raft.grpc.server.leader.outstanding.appends.max = 128 (default)
2023-02-21 13:40:19,737 [cc21282f-5934-42bf-9918-cc8c0aab7e68@group-720CB0DD36AF-LeaderElection25] INFO  server.RaftServerConfigKeys (ConfUtils.java:logGet(46)) - raft.server.rpc.request.timeout = 60s (custom)
2023-02-21 13:40:19,737 [cc21282f-5934-42bf-9918-cc8c0aab7e68@group-720CB0DD36AF-LeaderElection25] INFO  server.RaftServerConfigKeys (ConfUtils.java:logGet(46)) - raft.server.log.appender.install.snapshot.enabled = false (custom)
2023-02-21 13:40:19,737 [cc21282f-5934-42bf-9918-cc8c0aab7e68@group-720CB0DD36AF-LeaderElection25] INFO  grpc.GrpcConfigKeys (ConfUtils.java:logGet(46)) - raft.grpc.server.heartbeat.channel = true (default)
2023-02-21 13:40:19,737 [cc21282f-5934-42bf-9918-cc8c0aab7e68@group-720CB0DD36AF-LeaderElection25] INFO  server.RaftServerConfigKeys (ConfUtils.java:logGet(46)) - raft.server.log.appender.wait-time.min = 10ms (default)
2023-02-21 13:40:19,738 [EventQueue-PipelineReportForPipelineReportHandler] INFO  pipeline.PipelineManagerImpl (PipelineManagerImpl.java:openPipeline(367)) - Pipeline Pipeline[ Id: 853a9f29-240f-40bd-ac8e-720cb0dd36af, Nodes: cc21282f-5934-42bf-9918-cc8c0aab7e68(fv-az318-260.ewvrrcgabbbubjc05i3n4a3pph.dx.internal.cloudapp.net/10.1.0.81)ddc1ce43-6958-4d2f-a962-1f2187968283(fv-az318-260.ewvrrcgabbbubjc05i3n4a3pph.dx.internal.cloudapp.net/10.1.0.81)114eb3b6-0965-4949-a11e-bb51ff0d0ac6(fv-az318-260.ewvrrcgabbbubjc05i3n4a3pph.dx.internal.cloudapp.net/10.1.0.81), ReplicationConfig: RATIS/THREE, State:ALLOCATED, leaderId:cc21282f-5934-42bf-9918-cc8c0aab7e68, CreationTimestamp2023-02-21T13:40:12.121Z[Etc/UTC]] moved to OPEN state
2023-02-21 13:40:19,740 [cc21282f-5934-42bf-9918-cc8c0aab7e68@group-720CB0DD36AF-LeaderElection25] INFO  server.RaftServerConfigKeys (ConfUtils.java:logGet(46)) - raft.server.log.appender.snapshot.chunk.size.max = 16MB (=16777216) (default)
2023-02-21 13:40:19,740 [cc21282f-5934-42bf-9918-cc8c0aab7e68@group-720CB0DD36AF-LeaderElection25] INFO  server.RaftServerConfigKeys (ConfUtils.java:logGet(46)) - raft.server.log.appender.buffer.byte-limit = 33554432 (custom)
2023-02-21 13:40:19,740 [cc21282f-5934-42bf-9918-cc8c0aab7e68@group-720CB0DD36AF-LeaderElection25] INFO  server.RaftServerConfigKeys (ConfUtils.java:logGet(46)) - raft.server.log.appender.buffer.element-limit = 1 (custom)
2023-02-21 13:40:19,741 [cc21282f-5934-42bf-9918-cc8c0aab7e68@group-720CB0DD36AF-LeaderElection25] INFO  grpc.GrpcConfigKeys (ConfUtils.java:logGet(46)) - raft.grpc.server.leader.outstanding.appends.max = 128 (default)
2023-02-21 13:40:19,741 [cc21282f-5934-42bf-9918-cc8c0aab7e68@group-720CB0DD36AF-LeaderElection25] INFO  server.RaftServerConfigKeys (ConfUtils.java:logGet(46)) - raft.server.rpc.request.timeout = 60s (custom)
2023-02-21 13:40:19,741 [cc21282f-5934-42bf-9918-cc8c0aab7e68@group-720CB0DD36AF-LeaderElection25] INFO  server.RaftServerConfigKeys (ConfUtils.java:logGet(46)) - raft.server.log.appender.install.snapshot.enabled = false (custom)
2023-02-21 13:40:19,741 [cc21282f-5934-42bf-9918-cc8c0aab7e68@group-720CB0DD36AF-LeaderElection25] INFO  grpc.GrpcConfigKeys (ConfUtils.java:logGet(46)) - raft.grpc.server.heartbeat.channel = true (default)
2023-02-21 13:40:19,741 [cc21282f-5934-42bf-9918-cc8c0aab7e68@group-720CB0DD36AF-LeaderElection25] INFO  server.RaftServerConfigKeys (ConfUtils.java:logGet(46)) - raft.server.log.appender.wait-time.min = 10ms (default)
2023-02-21 13:40:19,741 [cc21282f-5934-42bf-9918-cc8c0aab7e68@group-720CB0DD36AF-LeaderElection25] INFO  impl.RoleInfo (RoleInfo.java:updateAndGet(139)) - cc21282f-5934-42bf-9918-cc8c0aab7e68: start cc21282f-5934-42bf-9918-cc8c0aab7e68@group-720CB0DD36AF-LeaderStateImpl
2023-02-21 13:40:19,741 [cc21282f-5934-42bf-9918-cc8c0aab7e68@group-720CB0DD36AF-LeaderElection25] INFO  segmented.SegmentedRaftLogWorker (SegmentedRaftLogWorker.java:startLogSegment(452)) - cc21282f-5934-42bf-9918-cc8c0aab7e68@group-720CB0DD36AF-SegmentedRaftLogWorker: Starting segment from index:0
2023-02-21 13:40:19,743 [cc21282f-5934-42bf-9918-cc8c0aab7e68@group-720CB0DD36AF-SegmentedRaftLogWorker] INFO  segmented.SegmentedRaftLogWorker (SegmentedRaftLogWorker.java:execute(656)) - cc21282f-5934-42bf-9918-cc8c0aab7e68@group-720CB0DD36AF-SegmentedRaftLogWorker: created new log segment /home/runner/work/ozone/ozone/hadoop-ozone/integration-test/target/test-dir/MiniOzoneClusterImpl-c6aa46b2-3083-4aae-be29-8199bb906922/datanode-2/data/ratis/853a9f29-240f-40bd-ac8e-720cb0dd36af/current/log_inprogress_0
2023-02-21 13:40:19,751 [cc21282f-5934-42bf-9918-cc8c0aab7e68@group-720CB0DD36AF-LeaderElection25] INFO  server.RaftServer$Division (ServerState.java:setRaftConf(430)) - cc21282f-5934-42bf-9918-cc8c0aab7e68@group-720CB0DD36AF: set configuration 0: peers:[114eb3b6-0965-4949-a11e-bb51ff0d0ac6|rpc:10.1.0.81:36273|dataStream:10.1.0.81:45849|priority:0|startupRole:FOLLOWER, cc21282f-5934-42bf-9918-cc8c0aab7e68|rpc:10.1.0.81:34309|dataStream:10.1.0.81:33753|priority:1|startupRole:FOLLOWER, ddc1ce43-6958-4d2f-a962-1f2187968283|rpc:10.1.0.81:39087|dataStream:10.1.0.81:37359|priority:0|startupRole:FOLLOWER]|listeners:[], old=null
2023-02-21 13:40:19,767 [114eb3b6-0965-4949-a11e-bb51ff0d0ac6-server-thread1] INFO  ratis.XceiverServerRatis (XceiverServerRatis.java:handleLeaderChangedNotification(905)) - Leader change notification received for group: group-720CB0DD36AF with new leaderId: cc21282f-5934-42bf-9918-cc8c0aab7e68
2023-02-21 13:40:19,767 [114eb3b6-0965-4949-a11e-bb51ff0d0ac6-server-thread1] INFO  server.RaftServer$Division (ServerState.java:setLeader(313)) - 114eb3b6-0965-4949-a11e-bb51ff0d0ac6@group-720CB0DD36AF: change Leader from null to cc21282f-5934-42bf-9918-cc8c0aab7e68 at term 1 for appendEntries, leader elected after 5302ms
2023-02-21 13:40:19,767 [ddc1ce43-6958-4d2f-a962-1f2187968283-server-thread1] INFO  ratis.XceiverServerRatis (XceiverServerRatis.java:handleLeaderChangedNotification(905)) - Leader change notification received for group: group-720CB0DD36AF with new leaderId: cc21282f-5934-42bf-9918-cc8c0aab7e68
2023-02-21 13:40:19,767 [ddc1ce43-6958-4d2f-a962-1f2187968283-server-thread1] INFO  server.RaftServer$Division (ServerState.java:setLeader(313)) - ddc1ce43-6958-4d2f-a962-1f2187968283@group-720CB0DD36AF: change Leader from null to cc21282f-5934-42bf-9918-cc8c0aab7e68 at term 1 for appendEntries, leader elected after 5214ms
2023-02-21 13:40:19,775 [114eb3b6-0965-4949-a11e-bb51ff0d0ac6-server-thread1] INFO  server.RaftServer$Division (ServerState.java:setRaftConf(430)) - 114eb3b6-0965-4949-a11e-bb51ff0d0ac6@group-720CB0DD36AF: set configuration 0: peers:[114eb3b6-0965-4949-a11e-bb51ff0d0ac6|rpc:10.1.0.81:36273|dataStream:10.1.0.81:45849|priority:0|startupRole:FOLLOWER, cc21282f-5934-42bf-9918-cc8c0aab7e68|rpc:10.1.0.81:34309|dataStream:10.1.0.81:33753|priority:1|startupRole:FOLLOWER, ddc1ce43-6958-4d2f-a962-1f2187968283|rpc:10.1.0.81:39087|dataStream:10.1.0.81:37359|priority:0|startupRole:FOLLOWER]|listeners:[], old=null
2023-02-21 13:40:19,776 [114eb3b6-0965-4949-a11e-bb51ff0d0ac6-server-thread1] INFO  segmented.SegmentedRaftLogWorker (SegmentedRaftLogWorker.java:startLogSegment(452)) - 114eb3b6-0965-4949-a11e-bb51ff0d0ac6@group-720CB0DD36AF-SegmentedRaftLogWorker: Starting segment from index:0
2023-02-21 13:40:19,786 [114eb3b6-0965-4949-a11e-bb51ff0d0ac6@group-720CB0DD36AF-SegmentedRaftLogWorker] INFO  segmented.SegmentedRaftLogWorker (SegmentedRaftLogWorker.java:execute(656)) - 114eb3b6-0965-4949-a11e-bb51ff0d0ac6@group-720CB0DD36AF-SegmentedRaftLogWorker: created new log segment /home/runner/work/ozone/ozone/hadoop-ozone/integration-test/target/test-dir/MiniOzoneClusterImpl-c6aa46b2-3083-4aae-be29-8199bb906922/datanode-0/data/ratis/853a9f29-240f-40bd-ac8e-720cb0dd36af/current/log_inprogress_0
2023-02-21 13:40:19,789 [ddc1ce43-6958-4d2f-a962-1f2187968283-server-thread2] INFO  server.RaftServer$Division (ServerState.java:setRaftConf(430)) - ddc1ce43-6958-4d2f-a962-1f2187968283@group-720CB0DD36AF: set configuration 0: peers:[114eb3b6-0965-4949-a11e-bb51ff0d0ac6|rpc:10.1.0.81:36273|dataStream:10.1.0.81:45849|priority:0|startupRole:FOLLOWER, cc21282f-5934-42bf-9918-cc8c0aab7e68|rpc:10.1.0.81:34309|dataStream:10.1.0.81:33753|priority:1|startupRole:FOLLOWER, ddc1ce43-6958-4d2f-a962-1f2187968283|rpc:10.1.0.81:39087|dataStream:10.1.0.81:37359|priority:0|startupRole:FOLLOWER]|listeners:[], old=null
2023-02-21 13:40:19,789 [ddc1ce43-6958-4d2f-a962-1f2187968283-server-thread2] INFO  segmented.SegmentedRaftLogWorker (SegmentedRaftLogWorker.java:startLogSegment(452)) - ddc1ce43-6958-4d2f-a962-1f2187968283@group-720CB0DD36AF-SegmentedRaftLogWorker: Starting segment from index:0
2023-02-21 13:40:19,791 [ddc1ce43-6958-4d2f-a962-1f2187968283@group-720CB0DD36AF-SegmentedRaftLogWorker] INFO  segmented.SegmentedRaftLogWorker (SegmentedRaftLogWorker.java:execute(656)) - ddc1ce43-6958-4d2f-a962-1f2187968283@group-720CB0DD36AF-SegmentedRaftLogWorker: created new log segment /home/runner/work/ozone/ozone/hadoop-ozone/integration-test/target/test-dir/MiniOzoneClusterImpl-c6aa46b2-3083-4aae-be29-8199bb906922/datanode-1/data/ratis/853a9f29-240f-40bd-ac8e-720cb0dd36af/current/log_inprogress_0
2023-02-21 13:40:19,924 [ddc1ce43-6958-4d2f-a962-1f2187968283@group-E767C5738292-FollowerState] INFO  impl.FollowerState (FollowerState.java:run(143)) - ddc1ce43-6958-4d2f-a962-1f2187968283@group-E767C5738292-FollowerState: change to CANDIDATE, lastRpcElapsedTime:5192993131ns, electionTimeout:5191ms
2023-02-21 13:40:19,924 [ddc1ce43-6958-4d2f-a962-1f2187968283@group-E767C5738292-FollowerState] INFO  impl.RoleInfo (RoleInfo.java:shutdownFollowerState(110)) - ddc1ce43-6958-4d2f-a962-1f2187968283: shutdown ddc1ce43-6958-4d2f-a962-1f2187968283@group-E767C5738292-FollowerState
2023-02-21 13:40:19,924 [ddc1ce43-6958-4d2f-a962-1f2187968283@group-E767C5738292-FollowerState] INFO  server.RaftServer$Division (RaftServerImpl.java:setRole(321)) - ddc1ce43-6958-4d2f-a962-1f2187968283@group-E767C5738292: changes role from  FOLLOWER to CANDIDATE at term 0 for changeToCandidate
2023-02-21 13:40:19,925 [ddc1ce43-6958-4d2f-a962-1f2187968283@group-E767C5738292-FollowerState] INFO  server.RaftServerConfigKeys (ConfUtils.java:logGet(46)) - raft.server.leaderelection.pre-vote = true (default)
2023-02-21 13:40:19,925 [ddc1ce43-6958-4d2f-a962-1f2187968283@group-E767C5738292-FollowerState] INFO  impl.RoleInfo (RoleInfo.java:updateAndGet(139)) - ddc1ce43-6958-4d2f-a962-1f2187968283: start ddc1ce43-6958-4d2f-a962-1f2187968283@group-E767C5738292-LeaderElection27
2023-02-21 13:40:19,927 [ddc1ce43-6958-4d2f-a962-1f2187968283@group-E767C5738292-LeaderElection27] INFO  impl.LeaderElection (LeaderElection.java:askForVotes(312)) - ddc1ce43-6958-4d2f-a962-1f2187968283@group-E767C5738292-LeaderElection27 PRE_VOTE round 0: submit vote requests at term 0 for -1: peers:[ddc1ce43-6958-4d2f-a962-1f2187968283|rpc:10.1.0.81:39087|dataStream:10.1.0.81:37359|priority:1|startupRole:FOLLOWER]|listeners:[], old=null
2023-02-21 13:40:19,927 [ddc1ce43-6958-4d2f-a962-1f2187968283@group-E767C5738292-LeaderElection27] INFO  impl.LeaderElection (LeaderElection.java:askForVotes(314)) - ddc1ce43-6958-4d2f-a962-1f2187968283@group-E767C5738292-LeaderElection27 PRE_VOTE round 0: result PASSED (term=0)
2023-02-21 13:40:19,929 [ddc1ce43-6958-4d2f-a962-1f2187968283@group-E767C5738292-LeaderElection27] INFO  impl.LeaderElection (LeaderElection.java:askForVotes(312)) - ddc1ce43-6958-4d2f-a962-1f2187968283@group-E767C5738292-LeaderElection27 ELECTION round 0: submit vote requests at term 1 for -1: peers:[ddc1ce43-6958-4d2f-a962-1f2187968283|rpc:10.1.0.81:39087|dataStream:10.1.0.81:37359|priority:1|startupRole:FOLLOWER]|listeners:[], old=null
2023-02-21 13:40:19,929 [ddc1ce43-6958-4d2f-a962-1f2187968283@group-E767C5738292-LeaderElection27] INFO  impl.LeaderElection (LeaderElection.java:askForVotes(314)) - ddc1ce43-6958-4d2f-a962-1f2187968283@group-E767C5738292-LeaderElection27 ELECTION round 0: result PASSED (term=1)
2023-02-21 13:40:19,929 [ddc1ce43-6958-4d2f-a962-1f2187968283@group-E767C5738292-LeaderElection27] INFO  impl.RoleInfo (RoleInfo.java:shutdownLeaderElection(130)) - ddc1ce43-6958-4d2f-a962-1f2187968283: shutdown ddc1ce43-6958-4d2f-a962-1f2187968283@group-E767C5738292-LeaderElection27
2023-02-21 13:40:19,929 [ddc1ce43-6958-4d2f-a962-1f2187968283@group-E767C5738292-LeaderElection27] INFO  server.RaftServer$Division (RaftServerImpl.java:setRole(321)) - ddc1ce43-6958-4d2f-a962-1f2187968283@group-E767C5738292: changes role from CANDIDATE to LEADER at term 1 for changeToLeader
2023-02-21 13:40:19,929 [ddc1ce43-6958-4d2f-a962-1f2187968283@group-E767C5738292-LeaderElection27] INFO  ratis.XceiverServerRatis (XceiverServerRatis.java:handleLeaderChangedNotification(905)) - Leader change notification received for group: group-E767C5738292 with new leaderId: ddc1ce43-6958-4d2f-a962-1f2187968283
2023-02-21 13:40:19,930 [ddc1ce43-6958-4d2f-a962-1f2187968283@group-E767C5738292-LeaderElection27] INFO  server.RaftServer$Division (ServerState.java:setLeader(313)) - ddc1ce43-6958-4d2f-a962-1f2187968283@group-E767C5738292: change Leader from null to ddc1ce43-6958-4d2f-a962-1f2187968283 at term 1 for becomeLeader, leader elected after 5218ms
2023-02-21 13:40:19,930 [ddc1ce43-6958-4d2f-a962-1f2187968283@group-E767C5738292-LeaderElection27] INFO  server.RaftServerConfigKeys (ConfUtils.java:logGet(46)) - raft.server.staging.catchup.gap = 1000 (default)
2023-02-21 13:40:19,930 [ddc1ce43-6958-4d2f-a962-1f2187968283@group-E767C5738292-LeaderElection27] INFO  server.RaftServerConfigKeys (ConfUtils.java:logGet(46)) - raft.server.write.element-limit = 1024 (custom)
2023-02-21 13:40:19,930 [ddc1ce43-6958-4d2f-a962-1f2187968283@group-E767C5738292-LeaderElection27] INFO  server.RaftServerConfigKeys (ConfUtils.java:logGet(46)) - raft.server.write.byte-limit = 1024 M (=1073741824) (custom)
2023-02-21 13:40:19,930 [ddc1ce43-6958-4d2f-a962-1f2187968283@group-E767C5738292-LeaderElection27] INFO  server.RaftServerConfigKeys (ConfUtils.java:logGet(46)) - raft.server.watch.timeout = 180s (custom)
2023-02-21 13:40:19,931 [ddc1ce43-6958-4d2f-a962-1f2187968283@group-E767C5738292-LeaderElection27] INFO  server.RaftServerConfigKeys (ConfUtils.java:logGet(46)) - raft.server.watch.timeout.denomination = 1s (default)
2023-02-21 13:40:19,931 [ddc1ce43-6958-4d2f-a962-1f2187968283@group-E767C5738292-LeaderElection27] INFO  server.RaftServerConfigKeys (ConfUtils.java:logGet(46)) - raft.server.watch.element-limit = 65536 (default)
2023-02-21 13:40:19,933 [Listener at 127.0.0.1/34503] INFO  ozone.MiniOzoneClusterImpl (MiniOzoneClusterImpl.java:lambda$waitForClusterToBeReady$0(218)) - Nodes are ready. Got 5 of 5 DN Heartbeats.
2023-02-21 13:40:19,933 [Listener at 127.0.0.1/34503] INFO  ozone.MiniOzoneClusterImpl (MiniOzoneClusterImpl.java:lambda$waitForClusterToBeReady$0(221)) - Cluster exits safe mode
2023-02-21 13:40:19,934 [Listener at 127.0.0.1/34503] INFO  ozone.MiniOzoneClusterImpl (MiniOzoneClusterImpl.java:lambda$waitForClusterToBeReady$0(223)) - SCM became leader
2023-02-21 13:40:19,934 [ddc1ce43-6958-4d2f-a962-1f2187968283@group-E767C5738292-LeaderElection27] INFO  server.RaftServerConfigKeys (ConfUtils.java:logGet(46)) - raft.server.write.element-limit = 1024 (custom)
2023-02-21 13:40:19,934 [ddc1ce43-6958-4d2f-a962-1f2187968283@group-E767C5738292-LeaderElection27] INFO  server.RaftServerConfigKeys (ConfUtils.java:logGet(46)) - raft.server.write.follower.gap.ratio.max = -1.0 (default)
2023-02-21 13:40:19,935 [ddc1ce43-6958-4d2f-a962-1f2187968283@group-E767C5738292-LeaderElection27] INFO  impl.RoleInfo (RoleInfo.java:updateAndGet(139)) - ddc1ce43-6958-4d2f-a962-1f2187968283: start ddc1ce43-6958-4d2f-a962-1f2187968283@group-E767C5738292-LeaderStateImpl
2023-02-21 13:40:19,937 [ddc1ce43-6958-4d2f-a962-1f2187968283@group-E767C5738292-LeaderElection27] INFO  segmented.SegmentedRaftLogWorker (SegmentedRaftLogWorker.java:startLogSegment(452)) - ddc1ce43-6958-4d2f-a962-1f2187968283@group-E767C5738292-SegmentedRaftLogWorker: Starting segment from index:0
2023-02-21 13:40:19,947 [ddc1ce43-6958-4d2f-a962-1f2187968283@group-E767C5738292-LeaderElection27] INFO  server.RaftServer$Division (ServerState.java:setRaftConf(430)) - ddc1ce43-6958-4d2f-a962-1f2187968283@group-E767C5738292: set configuration 0: peers:[ddc1ce43-6958-4d2f-a962-1f2187968283|rpc:10.1.0.81:39087|dataStream:10.1.0.81:37359|priority:1|startupRole:FOLLOWER]|listeners:[], old=null
2023-02-21 13:40:19,957 [ddc1ce43-6958-4d2f-a962-1f2187968283@group-E767C5738292-SegmentedRaftLogWorker] INFO  segmented.SegmentedRaftLogWorker (SegmentedRaftLogWorker.java:execute(656)) - ddc1ce43-6958-4d2f-a962-1f2187968283@group-E767C5738292-SegmentedRaftLogWorker: created new log segment /home/runner/work/ozone/ozone/hadoop-ozone/integration-test/target/test-dir/MiniOzoneClusterImpl-c6aa46b2-3083-4aae-be29-8199bb906922/datanode-1/data/ratis/989c6be2-2da8-4f77-b5e9-e767c5738292/current/log_inprogress_0
2023-02-21 13:40:19,987 [Listener at 127.0.0.1/34503] INFO  rpc.RpcClient (RpcClient.java:createVolume(476)) - Creating Volume: volume47855, with user17144 as owner and space quota set to -1 bytes, counts quota set to -1
2023-02-21 13:40:19,997 [OM StateMachine ApplyTransaction Thread - 0] INFO  volume.OMVolumeCreateRequest (OMVolumeCreateRequest.java:validateAndUpdateCache(195)) - created volume:volume47855 for user:user17144
2023-02-21 13:40:20,011 [Listener at 127.0.0.1/34503] INFO  rpc.RpcClient (RpcClient.java:createBucket(698)) - Creating Bucket: volume47855/bucket64015, with bucket layout LEGACY, runner as owner, Versioning false, Storage Type set to DISK and Encryption set to false, Replication Type set to server-side default replication type, Namespace Quota set to -1, Space Quota set to -1 
2023-02-21 13:40:20,014 [OM StateMachine ApplyTransaction Thread - 0] INFO  bucket.OMBucketCreateRequest (OMBucketCreateRequest.java:validateAndUpdateCache(263)) - created bucket: bucket64015 of layout LEGACY in volume: volume47855
]]></system-out>
  </testcase>
  <testcase name="testGetTrashRoot" classname="TestOzoneFileSystem" time="20.403">
    <system-out><![CDATA[2023-02-21 13:41:08,920 [Listener at 127.0.0.1/34503] INFO  ozone.MiniOzoneClusterImpl (MiniOzoneClusterImpl.java:shutdown(450)) - Shutting down the Mini Ozone Cluster
2023-02-21 13:41:08,921 [Listener at 127.0.0.1/34503] INFO  ozone.MiniOzoneClusterImpl (MiniOzoneClusterImpl.java:stop(465)) - Stopping the Mini Ozone Cluster
2023-02-21 13:41:08,921 [Listener at 127.0.0.1/34503] INFO  ozone.MiniOzoneClusterImpl (MiniOzoneClusterImpl.java:stopOM(547)) - Stopping the OzoneManager
2023-02-21 13:41:08,921 [Listener at 127.0.0.1/34503] INFO  om.OzoneManager (OzoneManager.java:stop(2139)) - om1[localhost:0]: Stopping Ozone Manager
2023-02-21 13:41:08,921 [Listener at 127.0.0.1/34503] INFO  ipc.Server (Server.java:stop(3428)) - Stopping server on 34503
2023-02-21 13:41:08,926 [IPC Server listener on 0] INFO  ipc.Server (Server.java:run(1384)) - Stopping IPC Server listener on 0
2023-02-21 13:41:08,927 [IPC Server Responder] INFO  ipc.Server (Server.java:run(1517)) - Stopping IPC Server Responder
2023-02-21 13:41:08,928 [Listener at 127.0.0.1/34503] INFO  server.RaftServer (RaftServerProxy.java:lambda$close$6(409)) - om1: close
2023-02-21 13:41:08,928 [Listener at 127.0.0.1/34503] INFO  server.GrpcService (GrpcService.java:closeImpl(271)) - om1: shutdown server GrpcServerProtocolService now
2023-02-21 13:41:08,928 [om1-impl-thread2] INFO  server.RaftServer$Division (RaftServerImpl.java:lambda$close$4(458)) - om1@group-C5BA1605619E: shutdown
2023-02-21 13:41:08,928 [om1-impl-thread2] INFO  util.JmxRegister (JmxRegister.java:unregister(73)) - Successfully un-registered JMX Bean with object name Ratis:service=RaftServer,group=group-C5BA1605619E,id=om1
2023-02-21 13:41:08,928 [om1-impl-thread2] INFO  impl.RoleInfo (RoleInfo.java:shutdownLeaderState(93)) - om1: shutdown om1@group-C5BA1605619E-LeaderStateImpl
2023-02-21 13:41:08,928 [om1-impl-thread2] INFO  impl.PendingRequests (PendingRequests.java:sendNotLeaderResponses(282)) - om1@group-C5BA1605619E-PendingRequests: sendNotLeaderResponses
2023-02-21 13:41:08,934 [Listener at 127.0.0.1/34503] INFO  server.GrpcService (GrpcService.java:closeImpl(280)) - om1: shutdown server GrpcServerProtocolService successfully
2023-02-21 13:41:08,935 [om1-impl-thread2] INFO  impl.StateMachineUpdater (StateMachineUpdater.java:stopAndJoin(153)) - om1@group-C5BA1605619E-StateMachineUpdater: set stopIndex = 37009
2023-02-21 13:41:08,935 [om1@group-C5BA1605619E-StateMachineUpdater] INFO  ratis.OzoneManagerStateMachine (OzoneManagerStateMachine.java:takeSnapshot(445)) - Current Snapshot Index (t:1, i:37009)
2023-02-21 13:41:08,982 [om1@group-C5BA1605619E-StateMachineUpdater] INFO  impl.StateMachineUpdater (StateMachineUpdater.java:takeSnapshot(287)) - om1@group-C5BA1605619E-StateMachineUpdater: Took a snapshot at index 37009
2023-02-21 13:41:08,982 [om1@group-C5BA1605619E-StateMachineUpdater] INFO  impl.StateMachineUpdater (StateMachineUpdater.java:lambda$new$0(92)) - om1@group-C5BA1605619E-StateMachineUpdater: snapshotIndex: updateIncreasingly -1 -> 37009
2023-02-21 13:41:08,982 [om1@group-C5BA1605619E-StateMachineUpdater] INFO  ratis.OzoneManagerStateMachine (OzoneManagerStateMachine.java:close(499)) - StateMachine has shutdown. Shutdown OzoneManager if not already shutdown.
2023-02-21 13:41:08,982 [om1@group-C5BA1605619E-StateMachineUpdater] INFO  ratis.OzoneManagerDoubleBuffer (OzoneManagerDoubleBuffer.java:stopDaemon(541)) - Stopping OMDoubleBuffer flush thread
2023-02-21 13:41:08,983 [OMDoubleBufferFlushThread] INFO  ratis.OzoneManagerDoubleBuffer (OzoneManagerDoubleBuffer.java:canFlush(626)) - OMDoubleBuffer flush thread OMDoubleBufferFlushThread is interrupted and will exit.
2023-02-21 13:41:08,984 [om1-impl-thread2] INFO  server.RaftServer$Division (ServerState.java:close(466)) - om1@group-C5BA1605619E: closes. applyIndex: 37009
2023-02-21 13:41:08,987 [om1@group-C5BA1605619E-SegmentedRaftLogWorker] INFO  segmented.SegmentedRaftLogWorker (SegmentedRaftLogWorker.java:run(347)) - om1@group-C5BA1605619E-SegmentedRaftLogWorker was interrupted, exiting. There are 0 tasks remaining in the queue.
2023-02-21 13:41:08,991 [om1-impl-thread2] INFO  segmented.SegmentedRaftLogWorker (SegmentedRaftLogWorker.java:close(257)) - om1@group-C5BA1605619E-SegmentedRaftLogWorker close()
2023-02-21 13:41:08,993 [JvmPauseMonitor11] INFO  util.JvmPauseMonitor (JvmPauseMonitor.java:run(111)) - JvmPauseMonitor-om1: Stopped
2023-02-21 13:41:08,993 [Listener at 127.0.0.1/34503] INFO  ratis.OzoneManagerStateMachine (OzoneManagerStateMachine.java:close(499)) - StateMachine has shutdown. Shutdown OzoneManager if not already shutdown.
2023-02-21 13:41:08,993 [Listener at 127.0.0.1/34503] INFO  ratis.OzoneManagerDoubleBuffer (OzoneManagerDoubleBuffer.java:stopDaemon(550)) - OMDoubleBuffer flush thread is not running.
2023-02-21 13:41:08,993 [Listener at 127.0.0.1/34503] INFO  utils.BackgroundService (BackgroundService.java:shutdown(141)) - Shutting down service KeyDeletingService
2023-02-21 13:41:08,993 [Listener at 127.0.0.1/34503] INFO  utils.BackgroundService (BackgroundService.java:shutdown(141)) - Shutting down service DirectoryDeletingService
2023-02-21 13:41:08,994 [Listener at 127.0.0.1/34503] INFO  utils.BackgroundService (BackgroundService.java:shutdown(141)) - Shutting down service OpenKeyCleanupService
2023-02-21 13:41:08,994 [Listener at 127.0.0.1/34503] INFO  utils.BackgroundService (BackgroundService.java:shutdown(141)) - Shutting down service SstFilteringService
2023-02-21 13:41:08,995 [Listener at 127.0.0.1/34503] INFO  handler.ContextHandler (ContextHandler.java:doStop(1159)) - Stopped o.e.j.w.WebAppContext@60b60d23{ozoneManager,/,null,STOPPED}{file:/home/runner/work/ozone/ozone/hadoop-ozone/integration-test/target/test-classes/webapps/ozoneManager}
2023-02-21 13:41:08,995 [Listener at 127.0.0.1/34503] INFO  server.AbstractConnector (AbstractConnector.java:doStop(383)) - Stopped ServerConnector@4791daa0{HTTP/1.1, (http/1.1)}{0.0.0.0:0}
2023-02-21 13:41:08,996 [Listener at 127.0.0.1/34503] INFO  server.session (HouseKeeper.java:stopScavenging(149)) - node0 Stopped scavenging
2023-02-21 13:41:08,997 [Listener at 127.0.0.1/34503] INFO  handler.ContextHandler (ContextHandler.java:doStop(1159)) - Stopped o.e.j.s.ServletContextHandler@5cbdc910{static,/static,file:///home/runner/work/ozone/ozone/hadoop-ozone/integration-test/target/test-classes/webapps/static,STOPPED}
2023-02-21 13:41:08,998 [Listener at 127.0.0.1/34503] INFO  handler.ContextHandler (ContextHandler.java:doStop(1159)) - Stopped o.e.j.s.ServletContextHandler@bfc2c2b{logs,/logs,file:///home/runner/work/ozone/ozone/hadoop-ozone/integration-test/target/log,STOPPED}
2023-02-21 13:41:08,999 [Trash Emptier] ERROR om.TrashPolicyOzone (TrashPolicyOzone.java:run(350)) - Error attempting to shutdown
java.lang.InterruptedException
	at java.util.concurrent.locks.AbstractQueuedSynchronizer$ConditionObject.awaitNanos(AbstractQueuedSynchronizer.java:2067)
	at java.util.concurrent.ThreadPoolExecutor.awaitTermination(ThreadPoolExecutor.java:1475)
	at org.apache.hadoop.ozone.om.TrashPolicyOzone$Emptier.run(TrashPolicyOzone.java:348)
	at java.lang.Thread.run(Thread.java:750)
2023-02-21 13:41:09,001 [Listener at 127.0.0.1/34503] INFO  ozone.MiniOzoneClusterImpl (MiniOzoneClusterImpl.java:stopDatanodes(524)) - Stopping the HddsDatanodes
2023-02-21 13:41:09,003 [Listener at 127.0.0.1/34503] INFO  ozoneimpl.OzoneContainer (OzoneContainer.java:stop(420)) - Attempting to stop container services.
2023-02-21 13:41:09,004 [Listener at 127.0.0.1/34503] INFO  server.RaftServer (RaftServerProxy.java:lambda$close$6(409)) - cc21282f-5934-42bf-9918-cc8c0aab7e68: close
2023-02-21 13:41:09,006 [cc21282f-5934-42bf-9918-cc8c0aab7e68-impl-thread2] INFO  server.RaftServer$Division (RaftServerImpl.java:lambda$close$4(458)) - cc21282f-5934-42bf-9918-cc8c0aab7e68@group-D38562E52FDD: shutdown
2023-02-21 13:41:09,006 [cc21282f-5934-42bf-9918-cc8c0aab7e68-impl-thread2] INFO  util.JmxRegister (JmxRegister.java:unregister(73)) - Successfully un-registered JMX Bean with object name Ratis:service=RaftServer,group=group-D38562E52FDD,id=cc21282f-5934-42bf-9918-cc8c0aab7e68
2023-02-21 13:41:09,006 [cc21282f-5934-42bf-9918-cc8c0aab7e68-impl-thread2] INFO  impl.RoleInfo (RoleInfo.java:shutdownFollowerState(110)) - cc21282f-5934-42bf-9918-cc8c0aab7e68: shutdown cc21282f-5934-42bf-9918-cc8c0aab7e68@group-D38562E52FDD-FollowerState
2023-02-21 13:41:09,007 [cc21282f-5934-42bf-9918-cc8c0aab7e68-impl-thread3] INFO  server.RaftServer$Division (RaftServerImpl.java:lambda$close$4(458)) - cc21282f-5934-42bf-9918-cc8c0aab7e68@group-720CB0DD36AF: shutdown
2023-02-21 13:41:09,007 [cc21282f-5934-42bf-9918-cc8c0aab7e68-impl-thread3] INFO  util.JmxRegister (JmxRegister.java:unregister(73)) - Successfully un-registered JMX Bean with object name Ratis:service=RaftServer,group=group-720CB0DD36AF,id=cc21282f-5934-42bf-9918-cc8c0aab7e68
2023-02-21 13:41:09,007 [cc21282f-5934-42bf-9918-cc8c0aab7e68-impl-thread3] INFO  impl.RoleInfo (RoleInfo.java:shutdownLeaderState(93)) - cc21282f-5934-42bf-9918-cc8c0aab7e68: shutdown cc21282f-5934-42bf-9918-cc8c0aab7e68@group-720CB0DD36AF-LeaderStateImpl
2023-02-21 13:41:09,007 [ForkJoinPool.commonPool-worker-1] INFO  ozoneimpl.OzoneContainer (OzoneContainer.java:stop(420)) - Attempting to stop container services.
2023-02-21 13:41:09,007 [cc21282f-5934-42bf-9918-cc8c0aab7e68@group-D38562E52FDD-FollowerState] INFO  impl.FollowerState (FollowerState.java:run(152)) - cc21282f-5934-42bf-9918-cc8c0aab7e68@group-D38562E52FDD-FollowerState was interrupted
2023-02-21 13:41:09,009 [cc21282f-5934-42bf-9918-cc8c0aab7e68@group-D38562E52FDD-StateMachineUpdater] INFO  ratis.ContainerStateMachine (ContainerStateMachine.java:takeSnapshot(308)) - group-D38562E52FDD: Taking a snapshot at:(t:1, i:8) file /home/runner/work/ozone/ozone/hadoop-ozone/integration-test/target/test-dir/MiniOzoneClusterImpl-c6aa46b2-3083-4aae-be29-8199bb906922/datanode-2/data/ratis/6a4d15a1-aebb-4598-acc3-d38562e52fdd/sm/snapshot.1_8
2023-02-21 13:41:09,009 [cc21282f-5934-42bf-9918-cc8c0aab7e68-impl-thread2] INFO  impl.StateMachineUpdater (StateMachineUpdater.java:stopAndJoin(153)) - cc21282f-5934-42bf-9918-cc8c0aab7e68@group-D38562E52FDD-StateMachineUpdater: set stopIndex = 8
2023-02-21 13:41:09,010 [ForkJoinPool.commonPool-worker-1] INFO  server.RaftServer (RaftServerProxy.java:lambda$close$6(409)) - ddc1ce43-6958-4d2f-a962-1f2187968283: close
2023-02-21 13:41:09,010 [cc21282f-5934-42bf-9918-cc8c0aab7e68@group-D38562E52FDD-StateMachineUpdater] INFO  ratis.ContainerStateMachine (ContainerStateMachine.java:takeSnapshot(319)) - group-D38562E52FDD: Finished taking a snapshot at:(t:1, i:8) file:/home/runner/work/ozone/ozone/hadoop-ozone/integration-test/target/test-dir/MiniOzoneClusterImpl-c6aa46b2-3083-4aae-be29-8199bb906922/datanode-2/data/ratis/6a4d15a1-aebb-4598-acc3-d38562e52fdd/sm/snapshot.1_8 took: 1 ms
2023-02-21 13:41:09,011 [cc21282f-5934-42bf-9918-cc8c0aab7e68@group-D38562E52FDD-StateMachineUpdater] INFO  impl.StateMachineUpdater (StateMachineUpdater.java:takeSnapshot(287)) - cc21282f-5934-42bf-9918-cc8c0aab7e68@group-D38562E52FDD-StateMachineUpdater: Took a snapshot at index 8
2023-02-21 13:41:09,011 [cc21282f-5934-42bf-9918-cc8c0aab7e68@group-D38562E52FDD-StateMachineUpdater] INFO  impl.StateMachineUpdater (StateMachineUpdater.java:lambda$new$0(92)) - cc21282f-5934-42bf-9918-cc8c0aab7e68@group-D38562E52FDD-StateMachineUpdater: snapshotIndex: updateIncreasingly -1 -> 8
2023-02-21 13:41:09,012 [cc21282f-5934-42bf-9918-cc8c0aab7e68@group-720CB0DD36AF->114eb3b6-0965-4949-a11e-bb51ff0d0ac6-GrpcLogAppender-LogAppenderDaemon] WARN  server.GrpcLogAppender (GrpcLogAppender.java:mayWait(200)) - cc21282f-5934-42bf-9918-cc8c0aab7e68@group-720CB0DD36AF->114eb3b6-0965-4949-a11e-bb51ff0d0ac6-GrpcLogAppender: Wait interrupted by java.lang.InterruptedException
2023-02-21 13:41:09,012 [cc21282f-5934-42bf-9918-cc8c0aab7e68-impl-thread3] INFO  impl.PendingRequests (PendingRequests.java:sendNotLeaderResponses(282)) - cc21282f-5934-42bf-9918-cc8c0aab7e68@group-720CB0DD36AF-PendingRequests: sendNotLeaderResponses
2023-02-21 13:41:09,018 [cc21282f-5934-42bf-9918-cc8c0aab7e68-impl-thread2] INFO  server.RaftServer$Division (ServerState.java:close(466)) - cc21282f-5934-42bf-9918-cc8c0aab7e68@group-D38562E52FDD: closes. applyIndex: 8
2023-02-21 13:41:09,018 [cc21282f-5934-42bf-9918-cc8c0aab7e68@group-D38562E52FDD-SegmentedRaftLogWorker] INFO  segmented.SegmentedRaftLogWorker (SegmentedRaftLogWorker.java:run(347)) - cc21282f-5934-42bf-9918-cc8c0aab7e68@group-D38562E52FDD-SegmentedRaftLogWorker was interrupted, exiting. There are 0 tasks remaining in the queue.
2023-02-21 13:41:09,023 [ddc1ce43-6958-4d2f-a962-1f2187968283-impl-thread2] INFO  server.RaftServer$Division (RaftServerImpl.java:lambda$close$4(458)) - ddc1ce43-6958-4d2f-a962-1f2187968283@group-D38562E52FDD: shutdown
2023-02-21 13:41:09,023 [ddc1ce43-6958-4d2f-a962-1f2187968283-impl-thread2] INFO  util.JmxRegister (JmxRegister.java:unregister(73)) - Successfully un-registered JMX Bean with object name Ratis:service=RaftServer,group=group-D38562E52FDD,id=ddc1ce43-6958-4d2f-a962-1f2187968283
2023-02-21 13:41:09,023 [ddc1ce43-6958-4d2f-a962-1f2187968283-impl-thread2] INFO  impl.RoleInfo (RoleInfo.java:shutdownFollowerState(110)) - ddc1ce43-6958-4d2f-a962-1f2187968283: shutdown ddc1ce43-6958-4d2f-a962-1f2187968283@group-D38562E52FDD-FollowerState
2023-02-21 13:41:09,023 [ddc1ce43-6958-4d2f-a962-1f2187968283-impl-thread3] INFO  server.RaftServer$Division (RaftServerImpl.java:lambda$close$4(458)) - ddc1ce43-6958-4d2f-a962-1f2187968283@group-720CB0DD36AF: shutdown
2023-02-21 13:41:09,023 [ddc1ce43-6958-4d2f-a962-1f2187968283-impl-thread3] INFO  util.JmxRegister (JmxRegister.java:unregister(73)) - Successfully un-registered JMX Bean with object name Ratis:service=RaftServer,group=group-720CB0DD36AF,id=ddc1ce43-6958-4d2f-a962-1f2187968283
2023-02-21 13:41:09,023 [ddc1ce43-6958-4d2f-a962-1f2187968283-impl-thread3] INFO  impl.RoleInfo (RoleInfo.java:shutdownFollowerState(110)) - ddc1ce43-6958-4d2f-a962-1f2187968283: shutdown ddc1ce43-6958-4d2f-a962-1f2187968283@group-720CB0DD36AF-FollowerState
2023-02-21 13:41:09,023 [ForkJoinPool.commonPool-worker-1] INFO  server.GrpcService (GrpcService.java:closeImpl(271)) - ddc1ce43-6958-4d2f-a962-1f2187968283: shutdown server GrpcServerProtocolService now
2023-02-21 13:41:09,024 [grpc-default-executor-3] INFO  server.GrpcServerProtocolService (GrpcServerProtocolService.java:onCompleted(143)) - 114eb3b6-0965-4949-a11e-bb51ff0d0ac6: Completed APPEND_ENTRIES, lastRequest: cc21282f-5934-42bf-9918-cc8c0aab7e68->114eb3b6-0965-4949-a11e-bb51ff0d0ac6#64-t1,previous=(t:1, i:21),leaderCommit=20,initializing? true,entries: size=1, first=(t:1, i:22), METADATAENTRY(c:20)
2023-02-21 13:41:09,024 [grpc-default-executor-0] INFO  server.GrpcServerProtocolService (GrpcServerProtocolService.java:onCompleted(143)) - 114eb3b6-0965-4949-a11e-bb51ff0d0ac6: Completed APPEND_ENTRIES, lastRequest: null
2023-02-21 13:41:09,023 [cc21282f-5934-42bf-9918-cc8c0aab7e68@group-720CB0DD36AF->ddc1ce43-6958-4d2f-a962-1f2187968283-GrpcLogAppender-LogAppenderDaemon] WARN  server.GrpcLogAppender (GrpcLogAppender.java:mayWait(200)) - cc21282f-5934-42bf-9918-cc8c0aab7e68@group-720CB0DD36AF->ddc1ce43-6958-4d2f-a962-1f2187968283-GrpcLogAppender: Wait interrupted by java.lang.InterruptedException
2023-02-21 13:41:09,025 [ddc1ce43-6958-4d2f-a962-1f2187968283-impl-thread3] INFO  impl.StateMachineUpdater (StateMachineUpdater.java:stopAndJoin(153)) - ddc1ce43-6958-4d2f-a962-1f2187968283@group-720CB0DD36AF-StateMachineUpdater: set stopIndex = 22
2023-02-21 13:41:09,025 [ddc1ce43-6958-4d2f-a962-1f2187968283-impl-thread2] INFO  impl.StateMachineUpdater (StateMachineUpdater.java:stopAndJoin(153)) - ddc1ce43-6958-4d2f-a962-1f2187968283@group-D38562E52FDD-StateMachineUpdater: set stopIndex = 8
2023-02-21 13:41:09,025 [ddc1ce43-6958-4d2f-a962-1f2187968283@group-720CB0DD36AF-FollowerState] INFO  impl.FollowerState (FollowerState.java:run(152)) - ddc1ce43-6958-4d2f-a962-1f2187968283@group-720CB0DD36AF-FollowerState was interrupted
2023-02-21 13:41:09,025 [ddc1ce43-6958-4d2f-a962-1f2187968283@group-D38562E52FDD-FollowerState] INFO  impl.FollowerState (FollowerState.java:run(152)) - ddc1ce43-6958-4d2f-a962-1f2187968283@group-D38562E52FDD-FollowerState was interrupted
2023-02-21 13:41:09,025 [Listener at 127.0.0.1/34503] INFO  server.GrpcService (GrpcService.java:closeImpl(271)) - cc21282f-5934-42bf-9918-cc8c0aab7e68: shutdown server GrpcServerProtocolService now
2023-02-21 13:41:09,025 [ddc1ce43-6958-4d2f-a962-1f2187968283@group-D38562E52FDD-StateMachineUpdater] INFO  ratis.ContainerStateMachine (ContainerStateMachine.java:takeSnapshot(308)) - group-D38562E52FDD: Taking a snapshot at:(t:1, i:8) file /home/runner/work/ozone/ozone/hadoop-ozone/integration-test/target/test-dir/MiniOzoneClusterImpl-c6aa46b2-3083-4aae-be29-8199bb906922/datanode-1/data/ratis/6a4d15a1-aebb-4598-acc3-d38562e52fdd/sm/snapshot.1_8
2023-02-21 13:41:09,025 [cc21282f-5934-42bf-9918-cc8c0aab7e68-impl-thread2] INFO  segmented.SegmentedRaftLogWorker (SegmentedRaftLogWorker.java:close(257)) - cc21282f-5934-42bf-9918-cc8c0aab7e68@group-D38562E52FDD-SegmentedRaftLogWorker close()
2023-02-21 13:41:09,026 [cc21282f-5934-42bf-9918-cc8c0aab7e68-impl-thread4] INFO  server.RaftServer$Division (RaftServerImpl.java:lambda$close$4(458)) - cc21282f-5934-42bf-9918-cc8c0aab7e68@group-3E6A6F57AB1F: shutdown
2023-02-21 13:41:09,026 [cc21282f-5934-42bf-9918-cc8c0aab7e68-impl-thread4] INFO  util.JmxRegister (JmxRegister.java:unregister(73)) - Successfully un-registered JMX Bean with object name Ratis:service=RaftServer,group=group-3E6A6F57AB1F,id=cc21282f-5934-42bf-9918-cc8c0aab7e68
2023-02-21 13:41:09,026 [cc21282f-5934-42bf-9918-cc8c0aab7e68-impl-thread4] INFO  impl.RoleInfo (RoleInfo.java:shutdownLeaderState(93)) - cc21282f-5934-42bf-9918-cc8c0aab7e68: shutdown cc21282f-5934-42bf-9918-cc8c0aab7e68@group-3E6A6F57AB1F-LeaderStateImpl
2023-02-21 13:41:09,026 [cc21282f-5934-42bf-9918-cc8c0aab7e68-impl-thread4] INFO  impl.PendingRequests (PendingRequests.java:sendNotLeaderResponses(282)) - cc21282f-5934-42bf-9918-cc8c0aab7e68@group-3E6A6F57AB1F-PendingRequests: sendNotLeaderResponses
2023-02-21 13:41:09,026 [grpc-default-executor-4] INFO  server.GrpcLogAppender (GrpcLogAppender.java:onCompleted(415)) - cc21282f-5934-42bf-9918-cc8c0aab7e68@group-720CB0DD36AF->114eb3b6-0965-4949-a11e-bb51ff0d0ac6-AppendLogResponseHandler: follower responses appendEntries COMPLETED
2023-02-21 13:41:09,026 [grpc-default-executor-4] INFO  leader.FollowerInfo (FollowerInfoImpl.java:lambda$new$0(48)) - cc21282f-5934-42bf-9918-cc8c0aab7e68@group-720CB0DD36AF->114eb3b6-0965-4949-a11e-bb51ff0d0ac6: nextIndex: updateUnconditionally 23 -> 22
2023-02-21 13:41:09,026 [grpc-default-executor-2] INFO  server.GrpcServerProtocolService (GrpcServerProtocolService.java:onCompleted(143)) - ddc1ce43-6958-4d2f-a962-1f2187968283: Completed APPEND_ENTRIES, lastRequest: cc21282f-5934-42bf-9918-cc8c0aab7e68->ddc1ce43-6958-4d2f-a962-1f2187968283#63-t1,previous=(t:1, i:21),leaderCommit=20,initializing? true,entries: size=1, first=(t:1, i:22), METADATAENTRY(c:20)
2023-02-21 13:41:09,027 [grpc-default-executor-0] INFO  server.GrpcLogAppender (GrpcLogAppender.java:onCompleted(415)) - cc21282f-5934-42bf-9918-cc8c0aab7e68@group-720CB0DD36AF->114eb3b6-0965-4949-a11e-bb51ff0d0ac6-AppendLogResponseHandler: follower responses appendEntries COMPLETED
2023-02-21 13:41:09,027 [grpc-default-executor-0] INFO  leader.FollowerInfo (FollowerInfoImpl.java:lambda$new$0(48)) - cc21282f-5934-42bf-9918-cc8c0aab7e68@group-720CB0DD36AF->114eb3b6-0965-4949-a11e-bb51ff0d0ac6: nextIndex: updateUnconditionally 22 -> 21
2023-02-21 13:41:09,025 [ddc1ce43-6958-4d2f-a962-1f2187968283@group-720CB0DD36AF-StateMachineUpdater] INFO  ratis.ContainerStateMachine (ContainerStateMachine.java:takeSnapshot(308)) - group-720CB0DD36AF: Taking a snapshot at:(t:1, i:22) file /home/runner/work/ozone/ozone/hadoop-ozone/integration-test/target/test-dir/MiniOzoneClusterImpl-c6aa46b2-3083-4aae-be29-8199bb906922/datanode-1/data/ratis/853a9f29-240f-40bd-ac8e-720cb0dd36af/sm/snapshot.1_22
2023-02-21 13:41:09,027 [cc21282f-5934-42bf-9918-cc8c0aab7e68-impl-thread4] INFO  impl.StateMachineUpdater (StateMachineUpdater.java:stopAndJoin(153)) - cc21282f-5934-42bf-9918-cc8c0aab7e68@group-3E6A6F57AB1F-StateMachineUpdater: set stopIndex = 0
2023-02-21 13:41:09,028 [cc21282f-5934-42bf-9918-cc8c0aab7e68@group-3E6A6F57AB1F-StateMachineUpdater] INFO  ratis.ContainerStateMachine (ContainerStateMachine.java:takeSnapshot(308)) - group-3E6A6F57AB1F: Taking a snapshot at:(t:1, i:0) file /home/runner/work/ozone/ozone/hadoop-ozone/integration-test/target/test-dir/MiniOzoneClusterImpl-c6aa46b2-3083-4aae-be29-8199bb906922/datanode-2/data/ratis/2f9ff8d4-88ea-4746-8d3f-3e6a6f57ab1f/sm/snapshot.1_0
2023-02-21 13:41:09,028 [grpc-default-executor-3] INFO  server.GrpcServerProtocolService (GrpcServerProtocolService.java:onCompleted(143)) - ddc1ce43-6958-4d2f-a962-1f2187968283: Completed APPEND_ENTRIES, lastRequest: null
2023-02-21 13:41:09,029 [ddc1ce43-6958-4d2f-a962-1f2187968283@group-D38562E52FDD-StateMachineUpdater] INFO  ratis.ContainerStateMachine (ContainerStateMachine.java:takeSnapshot(319)) - group-D38562E52FDD: Finished taking a snapshot at:(t:1, i:8) file:/home/runner/work/ozone/ozone/hadoop-ozone/integration-test/target/test-dir/MiniOzoneClusterImpl-c6aa46b2-3083-4aae-be29-8199bb906922/datanode-1/data/ratis/6a4d15a1-aebb-4598-acc3-d38562e52fdd/sm/snapshot.1_8 took: 4 ms
2023-02-21 13:41:09,029 [ddc1ce43-6958-4d2f-a962-1f2187968283@group-D38562E52FDD-StateMachineUpdater] INFO  impl.StateMachineUpdater (StateMachineUpdater.java:takeSnapshot(287)) - ddc1ce43-6958-4d2f-a962-1f2187968283@group-D38562E52FDD-StateMachineUpdater: Took a snapshot at index 8
2023-02-21 13:41:09,029 [ddc1ce43-6958-4d2f-a962-1f2187968283@group-D38562E52FDD-StateMachineUpdater] INFO  impl.StateMachineUpdater (StateMachineUpdater.java:lambda$new$0(92)) - ddc1ce43-6958-4d2f-a962-1f2187968283@group-D38562E52FDD-StateMachineUpdater: snapshotIndex: updateIncreasingly -1 -> 8
2023-02-21 13:41:09,030 [ddc1ce43-6958-4d2f-a962-1f2187968283-impl-thread2] INFO  server.RaftServer$Division (ServerState.java:close(466)) - ddc1ce43-6958-4d2f-a962-1f2187968283@group-D38562E52FDD: closes. applyIndex: 8
2023-02-21 13:41:09,030 [cc21282f-5934-42bf-9918-cc8c0aab7e68@group-3E6A6F57AB1F-StateMachineUpdater] INFO  ratis.ContainerStateMachine (ContainerStateMachine.java:takeSnapshot(319)) - group-3E6A6F57AB1F: Finished taking a snapshot at:(t:1, i:0) file:/home/runner/work/ozone/ozone/hadoop-ozone/integration-test/target/test-dir/MiniOzoneClusterImpl-c6aa46b2-3083-4aae-be29-8199bb906922/datanode-2/data/ratis/2f9ff8d4-88ea-4746-8d3f-3e6a6f57ab1f/sm/snapshot.1_0 took: 2 ms
2023-02-21 13:41:09,030 [ddc1ce43-6958-4d2f-a962-1f2187968283@group-D38562E52FDD-SegmentedRaftLogWorker] INFO  segmented.SegmentedRaftLogWorker (SegmentedRaftLogWorker.java:run(347)) - ddc1ce43-6958-4d2f-a962-1f2187968283@group-D38562E52FDD-SegmentedRaftLogWorker was interrupted, exiting. There are 0 tasks remaining in the queue.
2023-02-21 13:41:09,030 [cc21282f-5934-42bf-9918-cc8c0aab7e68@group-3E6A6F57AB1F-StateMachineUpdater] INFO  impl.StateMachineUpdater (StateMachineUpdater.java:takeSnapshot(287)) - cc21282f-5934-42bf-9918-cc8c0aab7e68@group-3E6A6F57AB1F-StateMachineUpdater: Took a snapshot at index 0
2023-02-21 13:41:09,030 [cc21282f-5934-42bf-9918-cc8c0aab7e68@group-3E6A6F57AB1F-StateMachineUpdater] INFO  impl.StateMachineUpdater (StateMachineUpdater.java:lambda$new$0(92)) - cc21282f-5934-42bf-9918-cc8c0aab7e68@group-3E6A6F57AB1F-StateMachineUpdater: snapshotIndex: updateIncreasingly -1 -> 0
2023-02-21 13:41:09,030 [cc21282f-5934-42bf-9918-cc8c0aab7e68-impl-thread4] INFO  server.RaftServer$Division (ServerState.java:close(466)) - cc21282f-5934-42bf-9918-cc8c0aab7e68@group-3E6A6F57AB1F: closes. applyIndex: 0
2023-02-21 13:41:09,030 [ddc1ce43-6958-4d2f-a962-1f2187968283@group-720CB0DD36AF-StateMachineUpdater] INFO  ratis.ContainerStateMachine (ContainerStateMachine.java:takeSnapshot(319)) - group-720CB0DD36AF: Finished taking a snapshot at:(t:1, i:22) file:/home/runner/work/ozone/ozone/hadoop-ozone/integration-test/target/test-dir/MiniOzoneClusterImpl-c6aa46b2-3083-4aae-be29-8199bb906922/datanode-1/data/ratis/853a9f29-240f-40bd-ac8e-720cb0dd36af/sm/snapshot.1_22 took: 5 ms
2023-02-21 13:41:09,030 [ddc1ce43-6958-4d2f-a962-1f2187968283@group-720CB0DD36AF-StateMachineUpdater] INFO  impl.StateMachineUpdater (StateMachineUpdater.java:takeSnapshot(287)) - ddc1ce43-6958-4d2f-a962-1f2187968283@group-720CB0DD36AF-StateMachineUpdater: Took a snapshot at index 22
2023-02-21 13:41:09,030 [ddc1ce43-6958-4d2f-a962-1f2187968283@group-720CB0DD36AF-StateMachineUpdater] INFO  impl.StateMachineUpdater (StateMachineUpdater.java:lambda$new$0(92)) - ddc1ce43-6958-4d2f-a962-1f2187968283@group-720CB0DD36AF-StateMachineUpdater: snapshotIndex: updateIncreasingly -1 -> 22
2023-02-21 13:41:09,031 [ddc1ce43-6958-4d2f-a962-1f2187968283-impl-thread3] INFO  server.RaftServer$Division (ServerState.java:close(466)) - ddc1ce43-6958-4d2f-a962-1f2187968283@group-720CB0DD36AF: closes. applyIndex: 22
2023-02-21 13:41:09,031 [ddc1ce43-6958-4d2f-a962-1f2187968283@group-720CB0DD36AF-SegmentedRaftLogWorker] INFO  segmented.SegmentedRaftLogWorker (SegmentedRaftLogWorker.java:run(347)) - ddc1ce43-6958-4d2f-a962-1f2187968283@group-720CB0DD36AF-SegmentedRaftLogWorker was interrupted, exiting. There are 0 tasks remaining in the queue.
2023-02-21 13:41:09,031 [grpc-default-executor-3] INFO  server.GrpcLogAppender (GrpcLogAppender.java:onCompleted(415)) - cc21282f-5934-42bf-9918-cc8c0aab7e68@group-720CB0DD36AF->ddc1ce43-6958-4d2f-a962-1f2187968283-AppendLogResponseHandler: follower responses appendEntries COMPLETED
2023-02-21 13:41:09,031 [grpc-default-executor-3] INFO  leader.FollowerInfo (FollowerInfoImpl.java:lambda$new$0(48)) - cc21282f-5934-42bf-9918-cc8c0aab7e68@group-720CB0DD36AF->ddc1ce43-6958-4d2f-a962-1f2187968283: nextIndex: updateUnconditionally 23 -> 22
2023-02-21 13:41:09,036 [cc21282f-5934-42bf-9918-cc8c0aab7e68@group-3E6A6F57AB1F-SegmentedRaftLogWorker] INFO  segmented.SegmentedRaftLogWorker (SegmentedRaftLogWorker.java:run(347)) - cc21282f-5934-42bf-9918-cc8c0aab7e68@group-3E6A6F57AB1F-SegmentedRaftLogWorker was interrupted, exiting. There are 0 tasks remaining in the queue.
2023-02-21 13:41:09,036 [ddc1ce43-6958-4d2f-a962-1f2187968283-impl-thread4] INFO  server.RaftServer$Division (RaftServerImpl.java:lambda$close$4(458)) - ddc1ce43-6958-4d2f-a962-1f2187968283@group-E767C5738292: shutdown
2023-02-21 13:41:09,037 [ddc1ce43-6958-4d2f-a962-1f2187968283-impl-thread4] INFO  util.JmxRegister (JmxRegister.java:unregister(73)) - Successfully un-registered JMX Bean with object name Ratis:service=RaftServer,group=group-E767C5738292,id=ddc1ce43-6958-4d2f-a962-1f2187968283
2023-02-21 13:41:09,037 [ddc1ce43-6958-4d2f-a962-1f2187968283-impl-thread4] INFO  impl.RoleInfo (RoleInfo.java:shutdownLeaderState(93)) - ddc1ce43-6958-4d2f-a962-1f2187968283: shutdown ddc1ce43-6958-4d2f-a962-1f2187968283@group-E767C5738292-LeaderStateImpl
2023-02-21 13:41:09,037 [ddc1ce43-6958-4d2f-a962-1f2187968283-impl-thread4] INFO  impl.PendingRequests (PendingRequests.java:sendNotLeaderResponses(282)) - ddc1ce43-6958-4d2f-a962-1f2187968283@group-E767C5738292-PendingRequests: sendNotLeaderResponses
2023-02-21 13:41:09,037 [ddc1ce43-6958-4d2f-a962-1f2187968283@group-E767C5738292-StateMachineUpdater] INFO  ratis.ContainerStateMachine (ContainerStateMachine.java:takeSnapshot(308)) - group-E767C5738292: Taking a snapshot at:(t:1, i:0) file /home/runner/work/ozone/ozone/hadoop-ozone/integration-test/target/test-dir/MiniOzoneClusterImpl-c6aa46b2-3083-4aae-be29-8199bb906922/datanode-1/data/ratis/989c6be2-2da8-4f77-b5e9-e767c5738292/sm/snapshot.1_0
2023-02-21 13:41:09,038 [ddc1ce43-6958-4d2f-a962-1f2187968283-impl-thread4] INFO  impl.StateMachineUpdater (StateMachineUpdater.java:stopAndJoin(153)) - ddc1ce43-6958-4d2f-a962-1f2187968283@group-E767C5738292-StateMachineUpdater: set stopIndex = 0
2023-02-21 13:41:09,038 [grpc-default-executor-0] INFO  server.GrpcLogAppender (GrpcLogAppender.java:onCompleted(415)) - cc21282f-5934-42bf-9918-cc8c0aab7e68@group-720CB0DD36AF->ddc1ce43-6958-4d2f-a962-1f2187968283-AppendLogResponseHandler: follower responses appendEntries COMPLETED
2023-02-21 13:41:09,038 [ddc1ce43-6958-4d2f-a962-1f2187968283-impl-thread2] INFO  segmented.SegmentedRaftLogWorker (SegmentedRaftLogWorker.java:close(257)) - ddc1ce43-6958-4d2f-a962-1f2187968283@group-D38562E52FDD-SegmentedRaftLogWorker close()
2023-02-21 13:41:09,038 [grpc-default-executor-0] INFO  leader.FollowerInfo (FollowerInfoImpl.java:lambda$new$0(48)) - cc21282f-5934-42bf-9918-cc8c0aab7e68@group-720CB0DD36AF->ddc1ce43-6958-4d2f-a962-1f2187968283: nextIndex: updateUnconditionally 22 -> 21
2023-02-21 13:41:09,040 [ddc1ce43-6958-4d2f-a962-1f2187968283@group-E767C5738292-StateMachineUpdater] INFO  ratis.ContainerStateMachine (ContainerStateMachine.java:takeSnapshot(319)) - group-E767C5738292: Finished taking a snapshot at:(t:1, i:0) file:/home/runner/work/ozone/ozone/hadoop-ozone/integration-test/target/test-dir/MiniOzoneClusterImpl-c6aa46b2-3083-4aae-be29-8199bb906922/datanode-1/data/ratis/989c6be2-2da8-4f77-b5e9-e767c5738292/sm/snapshot.1_0 took: 3 ms
2023-02-21 13:41:09,040 [ddc1ce43-6958-4d2f-a962-1f2187968283@group-E767C5738292-StateMachineUpdater] INFO  impl.StateMachineUpdater (StateMachineUpdater.java:takeSnapshot(287)) - ddc1ce43-6958-4d2f-a962-1f2187968283@group-E767C5738292-StateMachineUpdater: Took a snapshot at index 0
2023-02-21 13:41:09,040 [ddc1ce43-6958-4d2f-a962-1f2187968283@group-E767C5738292-StateMachineUpdater] INFO  impl.StateMachineUpdater (StateMachineUpdater.java:lambda$new$0(92)) - ddc1ce43-6958-4d2f-a962-1f2187968283@group-E767C5738292-StateMachineUpdater: snapshotIndex: updateIncreasingly -1 -> 0
2023-02-21 13:41:09,039 [ddc1ce43-6958-4d2f-a962-1f2187968283-impl-thread3] INFO  segmented.SegmentedRaftLogWorker (SegmentedRaftLogWorker.java:close(257)) - ddc1ce43-6958-4d2f-a962-1f2187968283@group-720CB0DD36AF-SegmentedRaftLogWorker close()
2023-02-21 13:41:09,040 [ddc1ce43-6958-4d2f-a962-1f2187968283-impl-thread4] INFO  server.RaftServer$Division (ServerState.java:close(466)) - ddc1ce43-6958-4d2f-a962-1f2187968283@group-E767C5738292: closes. applyIndex: 0
2023-02-21 13:41:09,046 [Listener at 127.0.0.1/34503] INFO  server.GrpcServerProtocolClient (GrpcServerProtocolClient.java:close(101)) - 114eb3b6-0965-4949-a11e-bb51ff0d0ac6 Close channels
2023-02-21 13:41:09,046 [ddc1ce43-6958-4d2f-a962-1f2187968283@group-E767C5738292-SegmentedRaftLogWorker] INFO  segmented.SegmentedRaftLogWorker (SegmentedRaftLogWorker.java:run(347)) - ddc1ce43-6958-4d2f-a962-1f2187968283@group-E767C5738292-SegmentedRaftLogWorker was interrupted, exiting. There are 0 tasks remaining in the queue.
2023-02-21 13:41:09,041 [grpc-default-executor-3] WARN  server.GrpcServerProtocolService (LogUtils.java:warn(122)) - cc21282f-5934-42bf-9918-cc8c0aab7e68: installSnapshot onError, lastRequest: 114eb3b6-0965-4949-a11e-bb51ff0d0ac6->cc21282f-5934-42bf-9918-cc8c0aab7e68#271-t1,previous=(t:1, i:7),leaderCommit=6,initializing? true,entries: size=1, first=(t:1, i:8), METADATAENTRY(c:6): org.apache.ratis.thirdparty.io.grpc.StatusRuntimeException: CANCELLED: client cancelled
2023-02-21 13:41:09,041 [grpc-default-executor-4] WARN  server.GrpcServerProtocolService (LogUtils.java:warn(122)) - cc21282f-5934-42bf-9918-cc8c0aab7e68: installSnapshot onError, lastRequest: null: org.apache.ratis.thirdparty.io.grpc.StatusRuntimeException: CANCELLED: client cancelled
2023-02-21 13:41:09,048 [ForkJoinPool.commonPool-worker-1] INFO  server.GrpcServerProtocolClient (GrpcServerProtocolClient.java:close(101)) - 114eb3b6-0965-4949-a11e-bb51ff0d0ac6 Close channels
2023-02-21 13:41:09,048 [grpc-default-executor-4] WARN  server.GrpcLogAppender (LogUtils.java:warn(122)) - 114eb3b6-0965-4949-a11e-bb51ff0d0ac6@group-D38562E52FDD->cc21282f-5934-42bf-9918-cc8c0aab7e68-AppendLogResponseHandler: Failed appendEntries: org.apache.ratis.thirdparty.io.grpc.StatusRuntimeException: CANCELLED: RST_STREAM closed stream. HTTP/2 error code: CANCEL
2023-02-21 13:41:09,048 [grpc-default-executor-4] INFO  leader.FollowerInfo (FollowerInfoImpl.java:lambda$new$0(48)) - 114eb3b6-0965-4949-a11e-bb51ff0d0ac6@group-D38562E52FDD->cc21282f-5934-42bf-9918-cc8c0aab7e68: nextIndex: updateUnconditionally 9 -> 8
2023-02-21 13:41:09,048 [cc21282f-5934-42bf-9918-cc8c0aab7e68-impl-thread4] INFO  segmented.SegmentedRaftLogWorker (SegmentedRaftLogWorker.java:close(257)) - cc21282f-5934-42bf-9918-cc8c0aab7e68@group-3E6A6F57AB1F-SegmentedRaftLogWorker close()
2023-02-21 13:41:09,049 [ForkJoinPool.commonPool-worker-1] INFO  server.GrpcServerProtocolClient (GrpcServerProtocolClient.java:close(101)) - cc21282f-5934-42bf-9918-cc8c0aab7e68 Close channels
2023-02-21 13:41:09,050 [grpc-default-executor-3] WARN  server.GrpcServerProtocolService (LogUtils.java:warn(122)) - ddc1ce43-6958-4d2f-a962-1f2187968283: installSnapshot onError, lastRequest: 114eb3b6-0965-4949-a11e-bb51ff0d0ac6->ddc1ce43-6958-4d2f-a962-1f2187968283#270-t1,previous=(t:1, i:7),leaderCommit=6,initializing? true,entries: size=1, first=(t:1, i:8), METADATAENTRY(c:6): org.apache.ratis.thirdparty.io.grpc.StatusRuntimeException: CANCELLED: client cancelled
2023-02-21 13:41:09,049 [grpc-default-executor-0] WARN  server.GrpcLogAppender (LogUtils.java:warn(122)) - 114eb3b6-0965-4949-a11e-bb51ff0d0ac6@group-D38562E52FDD->cc21282f-5934-42bf-9918-cc8c0aab7e68-AppendLogResponseHandler: Failed appendEntries: org.apache.ratis.thirdparty.io.grpc.StatusRuntimeException: CANCELLED: RST_STREAM closed stream. HTTP/2 error code: CANCEL
2023-02-21 13:41:09,051 [grpc-default-executor-0] INFO  leader.FollowerInfo (FollowerInfoImpl.java:lambda$new$0(48)) - 114eb3b6-0965-4949-a11e-bb51ff0d0ac6@group-D38562E52FDD->cc21282f-5934-42bf-9918-cc8c0aab7e68: nextIndex: updateUnconditionally 8 -> 7
2023-02-21 13:41:09,049 [cc21282f-5934-42bf-9918-cc8c0aab7e68@group-720CB0DD36AF-StateMachineUpdater] INFO  ratis.ContainerStateMachine (ContainerStateMachine.java:takeSnapshot(308)) - group-720CB0DD36AF: Taking a snapshot at:(t:1, i:22) file /home/runner/work/ozone/ozone/hadoop-ozone/integration-test/target/test-dir/MiniOzoneClusterImpl-c6aa46b2-3083-4aae-be29-8199bb906922/datanode-2/data/ratis/853a9f29-240f-40bd-ac8e-720cb0dd36af/sm/snapshot.1_22
2023-02-21 13:41:09,052 [Listener at 127.0.0.1/34503] INFO  server.GrpcServerProtocolClient (GrpcServerProtocolClient.java:close(101)) - ddc1ce43-6958-4d2f-a962-1f2187968283 Close channels
2023-02-21 13:41:09,049 [cc21282f-5934-42bf-9918-cc8c0aab7e68-impl-thread3] INFO  impl.StateMachineUpdater (StateMachineUpdater.java:stopAndJoin(153)) - cc21282f-5934-42bf-9918-cc8c0aab7e68@group-720CB0DD36AF-StateMachineUpdater: set stopIndex = 22
2023-02-21 13:41:09,052 [grpc-default-executor-2] WARN  server.GrpcServerProtocolService (LogUtils.java:warn(122)) - ddc1ce43-6958-4d2f-a962-1f2187968283: installSnapshot onError, lastRequest: null: org.apache.ratis.thirdparty.io.grpc.StatusRuntimeException: CANCELLED: client cancelled
2023-02-21 13:41:09,059 [ForkJoinPool.commonPool-worker-1] INFO  server.GrpcService (GrpcService.java:closeImpl(280)) - ddc1ce43-6958-4d2f-a962-1f2187968283: shutdown server GrpcServerProtocolService successfully
2023-02-21 13:41:09,060 [ddc1ce43-6958-4d2f-a962-1f2187968283-NettyServerStreamRpc-bossGroup--thread1] INFO  logging.LoggingHandler (AbstractInternalLogger.java:log(148)) - [id: 0x57d72002, L:/0:0:0:0:0:0:0:0:37359] CLOSE
2023-02-21 13:41:09,060 [ddc1ce43-6958-4d2f-a962-1f2187968283-NettyServerStreamRpc-bossGroup--thread1] INFO  logging.LoggingHandler (AbstractInternalLogger.java:log(148)) - [id: 0x57d72002, L:/0:0:0:0:0:0:0:0:37359] INACTIVE
2023-02-21 13:41:09,060 [ddc1ce43-6958-4d2f-a962-1f2187968283-NettyServerStreamRpc-bossGroup--thread1] INFO  logging.LoggingHandler (AbstractInternalLogger.java:log(148)) - [id: 0x57d72002, L:/0:0:0:0:0:0:0:0:37359] UNREGISTERED
2023-02-21 13:41:09,060 [grpc-default-executor-0] WARN  server.GrpcLogAppender (LogUtils.java:warn(122)) - 114eb3b6-0965-4949-a11e-bb51ff0d0ac6@group-D38562E52FDD->ddc1ce43-6958-4d2f-a962-1f2187968283-AppendLogResponseHandler: Failed appendEntries: org.apache.ratis.thirdparty.io.grpc.StatusRuntimeException: CANCELLED: RST_STREAM closed stream. HTTP/2 error code: CANCEL
2023-02-21 13:41:09,060 [ddc1ce43-6958-4d2f-a962-1f2187968283-impl-thread4] INFO  segmented.SegmentedRaftLogWorker (SegmentedRaftLogWorker.java:close(257)) - ddc1ce43-6958-4d2f-a962-1f2187968283@group-E767C5738292-SegmentedRaftLogWorker close()
2023-02-21 13:41:09,060 [grpc-default-executor-0] INFO  leader.FollowerInfo (FollowerInfoImpl.java:lambda$new$0(48)) - 114eb3b6-0965-4949-a11e-bb51ff0d0ac6@group-D38562E52FDD->ddc1ce43-6958-4d2f-a962-1f2187968283: nextIndex: updateUnconditionally 9 -> 8
2023-02-21 13:41:09,062 [cc21282f-5934-42bf-9918-cc8c0aab7e68@group-720CB0DD36AF-StateMachineUpdater] INFO  ratis.ContainerStateMachine (ContainerStateMachine.java:takeSnapshot(319)) - group-720CB0DD36AF: Finished taking a snapshot at:(t:1, i:22) file:/home/runner/work/ozone/ozone/hadoop-ozone/integration-test/target/test-dir/MiniOzoneClusterImpl-c6aa46b2-3083-4aae-be29-8199bb906922/datanode-2/data/ratis/853a9f29-240f-40bd-ac8e-720cb0dd36af/sm/snapshot.1_22 took: 13 ms
2023-02-21 13:41:09,062 [cc21282f-5934-42bf-9918-cc8c0aab7e68@group-720CB0DD36AF-StateMachineUpdater] INFO  impl.StateMachineUpdater (StateMachineUpdater.java:takeSnapshot(287)) - cc21282f-5934-42bf-9918-cc8c0aab7e68@group-720CB0DD36AF-StateMachineUpdater: Took a snapshot at index 22
2023-02-21 13:41:09,062 [cc21282f-5934-42bf-9918-cc8c0aab7e68@group-720CB0DD36AF-StateMachineUpdater] INFO  impl.StateMachineUpdater (StateMachineUpdater.java:lambda$new$0(92)) - cc21282f-5934-42bf-9918-cc8c0aab7e68@group-720CB0DD36AF-StateMachineUpdater: snapshotIndex: updateIncreasingly -1 -> 22
2023-02-21 13:41:09,081 [cc21282f-5934-42bf-9918-cc8c0aab7e68-impl-thread3] INFO  server.RaftServer$Division (ServerState.java:close(466)) - cc21282f-5934-42bf-9918-cc8c0aab7e68@group-720CB0DD36AF: closes. applyIndex: 22
2023-02-21 13:41:09,082 [cc21282f-5934-42bf-9918-cc8c0aab7e68@group-720CB0DD36AF-SegmentedRaftLogWorker] INFO  segmented.SegmentedRaftLogWorker (SegmentedRaftLogWorker.java:run(347)) - cc21282f-5934-42bf-9918-cc8c0aab7e68@group-720CB0DD36AF-SegmentedRaftLogWorker was interrupted, exiting. There are 0 tasks remaining in the queue.
2023-02-21 13:41:09,083 [Listener at 127.0.0.1/34503] INFO  server.GrpcService (GrpcService.java:closeImpl(280)) - cc21282f-5934-42bf-9918-cc8c0aab7e68: shutdown server GrpcServerProtocolService successfully
2023-02-21 13:41:09,083 [grpc-default-executor-3] WARN  server.GrpcLogAppender (LogUtils.java:warn(122)) - 114eb3b6-0965-4949-a11e-bb51ff0d0ac6@group-D38562E52FDD->ddc1ce43-6958-4d2f-a962-1f2187968283-AppendLogResponseHandler: Failed appendEntries: org.apache.ratis.thirdparty.io.grpc.StatusRuntimeException: CANCELLED: RST_STREAM closed stream. HTTP/2 error code: CANCEL
2023-02-21 13:41:09,084 [grpc-default-executor-3] INFO  leader.FollowerInfo (FollowerInfoImpl.java:lambda$new$0(48)) - 114eb3b6-0965-4949-a11e-bb51ff0d0ac6@group-D38562E52FDD->ddc1ce43-6958-4d2f-a962-1f2187968283: nextIndex: updateUnconditionally 9 -> 8
2023-02-21 13:41:09,084 [cc21282f-5934-42bf-9918-cc8c0aab7e68-NettyServerStreamRpc-bossGroup--thread1] INFO  logging.LoggingHandler (AbstractInternalLogger.java:log(148)) - [id: 0xd4349e34, L:/0:0:0:0:0:0:0:0:33753] CLOSE
2023-02-21 13:41:09,084 [cc21282f-5934-42bf-9918-cc8c0aab7e68-NettyServerStreamRpc-bossGroup--thread1] INFO  logging.LoggingHandler (AbstractInternalLogger.java:log(148)) - [id: 0xd4349e34, L:/0:0:0:0:0:0:0:0:33753] INACTIVE
2023-02-21 13:41:09,084 [cc21282f-5934-42bf-9918-cc8c0aab7e68-NettyServerStreamRpc-bossGroup--thread1] INFO  logging.LoggingHandler (AbstractInternalLogger.java:log(148)) - [id: 0xd4349e34, L:/0:0:0:0:0:0:0:0:33753] UNREGISTERED
2023-02-21 13:41:09,086 [grpc-default-executor-3] WARN  server.GrpcLogAppender (LogUtils.java:warn(122)) - 114eb3b6-0965-4949-a11e-bb51ff0d0ac6@group-D38562E52FDD->cc21282f-5934-42bf-9918-cc8c0aab7e68-AppendLogResponseHandler: Failed appendEntries: org.apache.ratis.thirdparty.io.grpc.StatusRuntimeException: UNAVAILABLE: io exception
2023-02-21 13:41:09,087 [grpc-default-executor-3] INFO  leader.FollowerInfo (FollowerInfoImpl.java:lambda$new$0(48)) - 114eb3b6-0965-4949-a11e-bb51ff0d0ac6@group-D38562E52FDD->cc21282f-5934-42bf-9918-cc8c0aab7e68: nextIndex: updateUnconditionally 8 -> 7
2023-02-21 13:41:09,087 [grpc-default-executor-0] WARN  server.GrpcLogAppender (LogUtils.java:warn(122)) - 114eb3b6-0965-4949-a11e-bb51ff0d0ac6@group-D38562E52FDD->cc21282f-5934-42bf-9918-cc8c0aab7e68-AppendLogResponseHandler: Failed appendEntries: org.apache.ratis.thirdparty.io.grpc.StatusRuntimeException: UNAVAILABLE: io exception
2023-02-21 13:41:09,087 [grpc-default-executor-0] INFO  leader.FollowerInfo (FollowerInfoImpl.java:lambda$new$0(48)) - 114eb3b6-0965-4949-a11e-bb51ff0d0ac6@group-D38562E52FDD->cc21282f-5934-42bf-9918-cc8c0aab7e68: nextIndex: updateUnconditionally 7 -> 6
2023-02-21 13:41:09,088 [grpc-default-executor-0] WARN  server.GrpcLogAppender (LogUtils.java:warn(122)) - 114eb3b6-0965-4949-a11e-bb51ff0d0ac6@group-D38562E52FDD->ddc1ce43-6958-4d2f-a962-1f2187968283-AppendLogResponseHandler: Failed appendEntries: org.apache.ratis.thirdparty.io.grpc.StatusRuntimeException: UNAVAILABLE: io exception
2023-02-21 13:41:09,088 [grpc-default-executor-0] INFO  leader.FollowerInfo (FollowerInfoImpl.java:lambda$new$0(48)) - 114eb3b6-0965-4949-a11e-bb51ff0d0ac6@group-D38562E52FDD->ddc1ce43-6958-4d2f-a962-1f2187968283: nextIndex: updateUnconditionally 8 -> 7
2023-02-21 13:41:09,089 [grpc-default-executor-3] WARN  server.GrpcLogAppender (LogUtils.java:warn(122)) - 114eb3b6-0965-4949-a11e-bb51ff0d0ac6@group-D38562E52FDD->ddc1ce43-6958-4d2f-a962-1f2187968283-AppendLogResponseHandler: Failed appendEntries: org.apache.ratis.thirdparty.io.grpc.StatusRuntimeException: UNAVAILABLE: io exception
2023-02-21 13:41:09,093 [grpc-default-executor-3] INFO  leader.FollowerInfo (FollowerInfoImpl.java:lambda$new$0(48)) - 114eb3b6-0965-4949-a11e-bb51ff0d0ac6@group-D38562E52FDD->ddc1ce43-6958-4d2f-a962-1f2187968283: nextIndex: updateUnconditionally 7 -> 6
2023-02-21 13:41:09,096 [JvmPauseMonitor13] INFO  util.JvmPauseMonitor (JvmPauseMonitor.java:run(111)) - JvmPauseMonitor-ddc1ce43-6958-4d2f-a962-1f2187968283: Stopped
2023-02-21 13:41:09,098 [cc21282f-5934-42bf-9918-cc8c0aab7e68-impl-thread3] INFO  segmented.SegmentedRaftLogWorker (SegmentedRaftLogWorker.java:close(257)) - cc21282f-5934-42bf-9918-cc8c0aab7e68@group-720CB0DD36AF-SegmentedRaftLogWorker close()
2023-02-21 13:41:09,100 [JvmPauseMonitor14] INFO  util.JvmPauseMonitor (JvmPauseMonitor.java:run(111)) - JvmPauseMonitor-cc21282f-5934-42bf-9918-cc8c0aab7e68: Stopped
2023-02-21 13:41:11,111 [Listener at 127.0.0.1/34503] INFO  volume.HddsVolume (HddsVolume.java:closeDbStore(362)) - SchemaV3 db is stopped at /home/runner/work/ozone/ozone/hadoop-ozone/integration-test/target/test-dir/MiniOzoneClusterImpl-c6aa46b2-3083-4aae-be29-8199bb906922/datanode-2/data-0/containers/hdds/c6aa46b2-3083-4aae-be29-8199bb906922/DS-051ee184-8f2d-415d-a5fc-3e52c138535d/container.db for volume DS-051ee184-8f2d-415d-a5fc-3e52c138535d
2023-02-21 13:41:11,112 [Listener at 127.0.0.1/34503] INFO  utils.BackgroundService (BackgroundService.java:shutdown(141)) - Shutting down service BlockDeletingService
2023-02-21 13:41:11,112 [Listener at 127.0.0.1/34503] INFO  utils.BackgroundService (BackgroundService.java:shutdown(141)) - Shutting down service StaleRecoveringContainerScrubbingService
2023-02-21 13:41:11,114 [ForkJoinPool.commonPool-worker-1] INFO  volume.HddsVolume (HddsVolume.java:closeDbStore(362)) - SchemaV3 db is stopped at /home/runner/work/ozone/ozone/hadoop-ozone/integration-test/target/test-dir/MiniOzoneClusterImpl-c6aa46b2-3083-4aae-be29-8199bb906922/datanode-1/data-0/containers/hdds/c6aa46b2-3083-4aae-be29-8199bb906922/DS-80ec1ff4-a398-4b47-bc2d-9fc8ccd3e6dd/container.db for volume DS-80ec1ff4-a398-4b47-bc2d-9fc8ccd3e6dd
2023-02-21 13:41:11,115 [ForkJoinPool.commonPool-worker-1] INFO  utils.BackgroundService (BackgroundService.java:shutdown(141)) - Shutting down service BlockDeletingService
2023-02-21 13:41:11,117 [Listener at 127.0.0.1/34503] INFO  statemachine.DatanodeStateMachine (DatanodeStateMachine.java:stopDaemon(600)) - Ozone container server stopped.
2023-02-21 13:41:11,119 [ForkJoinPool.commonPool-worker-1] INFO  utils.BackgroundService (BackgroundService.java:shutdown(141)) - Shutting down service StaleRecoveringContainerScrubbingService
2023-02-21 13:41:11,122 [ForkJoinPool.commonPool-worker-1] INFO  statemachine.DatanodeStateMachine (DatanodeStateMachine.java:stopDaemon(600)) - Ozone container server stopped.
2023-02-21 13:41:11,134 [Listener at 127.0.0.1/34503] INFO  handler.ContextHandler (ContextHandler.java:doStop(1159)) - Stopped o.e.j.w.WebAppContext@591f36af{hddsDatanode,/,null,STOPPED}{jar:file:/home/runner/.m2/repository/org/apache/ozone/hdds-container-service/1.4.0-SNAPSHOT/hdds-container-service-1.4.0-SNAPSHOT.jar!/webapps/hddsDatanode}
2023-02-21 13:41:11,136 [ForkJoinPool.commonPool-worker-1] INFO  handler.ContextHandler (ContextHandler.java:doStop(1159)) - Stopped o.e.j.w.WebAppContext@1f2164c7{hddsDatanode,/,null,STOPPED}{jar:file:/home/runner/.m2/repository/org/apache/ozone/hdds-container-service/1.4.0-SNAPSHOT/hdds-container-service-1.4.0-SNAPSHOT.jar!/webapps/hddsDatanode}
2023-02-21 13:41:11,136 [Listener at 127.0.0.1/34503] INFO  server.AbstractConnector (AbstractConnector.java:doStop(383)) - Stopped ServerConnector@8f66323{HTTP/1.1, (http/1.1)}{0.0.0.0:0}
2023-02-21 13:41:11,136 [ForkJoinPool.commonPool-worker-1] INFO  server.AbstractConnector (AbstractConnector.java:doStop(383)) - Stopped ServerConnector@20e76656{HTTP/1.1, (http/1.1)}{0.0.0.0:0}
2023-02-21 13:41:11,136 [Listener at 127.0.0.1/34503] INFO  server.session (HouseKeeper.java:stopScavenging(149)) - node0 Stopped scavenging
2023-02-21 13:41:11,136 [ForkJoinPool.commonPool-worker-1] INFO  server.session (HouseKeeper.java:stopScavenging(149)) - node0 Stopped scavenging
2023-02-21 13:41:11,137 [Listener at 127.0.0.1/34503] INFO  handler.ContextHandler (ContextHandler.java:doStop(1159)) - Stopped o.e.j.s.ServletContextHandler@16c6373e{static,/static,jar:file:/home/runner/.m2/repository/org/apache/ozone/hdds-container-service/1.4.0-SNAPSHOT/hdds-container-service-1.4.0-SNAPSHOT.jar!/webapps/static,STOPPED}
2023-02-21 13:41:11,137 [ForkJoinPool.commonPool-worker-1] INFO  handler.ContextHandler (ContextHandler.java:doStop(1159)) - Stopped o.e.j.s.ServletContextHandler@2fb9fa70{static,/static,jar:file:/home/runner/.m2/repository/org/apache/ozone/hdds-container-service/1.4.0-SNAPSHOT/hdds-container-service-1.4.0-SNAPSHOT.jar!/webapps/static,STOPPED}
2023-02-21 13:41:11,138 [Listener at 127.0.0.1/34503] INFO  handler.ContextHandler (ContextHandler.java:doStop(1159)) - Stopped o.e.j.s.ServletContextHandler@6b22e8eb{logs,/logs,file:///home/runner/work/ozone/ozone/hadoop-ozone/integration-test/target/log,STOPPED}
2023-02-21 13:41:11,139 [ForkJoinPool.commonPool-worker-1] INFO  handler.ContextHandler (ContextHandler.java:doStop(1159)) - Stopped o.e.j.s.ServletContextHandler@7b1c6aa7{logs,/logs,file:///home/runner/work/ozone/ozone/hadoop-ozone/integration-test/target/log,STOPPED}
2023-02-21 13:41:11,144 [Listener at 127.0.0.1/34503] INFO  ozoneimpl.OzoneContainer (OzoneContainer.java:stop(420)) - Attempting to stop container services.
2023-02-21 13:41:11,145 [ForkJoinPool.commonPool-worker-1] INFO  ozoneimpl.OzoneContainer (OzoneContainer.java:stop(420)) - Attempting to stop container services.
2023-02-21 13:41:11,147 [Listener at 127.0.0.1/34503] INFO  server.RaftServer (RaftServerProxy.java:lambda$close$6(409)) - 17d7dac2-7ff4-442d-8cd9-ba857e0cf65e: close
2023-02-21 13:41:11,148 [ForkJoinPool.commonPool-worker-1] INFO  server.RaftServer (RaftServerProxy.java:lambda$close$6(409)) - 114eb3b6-0965-4949-a11e-bb51ff0d0ac6: close
2023-02-21 13:41:11,148 [Listener at 127.0.0.1/34503] INFO  server.GrpcService (GrpcService.java:closeImpl(271)) - 17d7dac2-7ff4-442d-8cd9-ba857e0cf65e: shutdown server GrpcServerProtocolService now
2023-02-21 13:41:11,148 [17d7dac2-7ff4-442d-8cd9-ba857e0cf65e-impl-thread2] INFO  server.RaftServer$Division (RaftServerImpl.java:lambda$close$4(458)) - 17d7dac2-7ff4-442d-8cd9-ba857e0cf65e@group-A79B1AB37523: shutdown
2023-02-21 13:41:11,148 [17d7dac2-7ff4-442d-8cd9-ba857e0cf65e-impl-thread2] INFO  util.JmxRegister (JmxRegister.java:unregister(73)) - Successfully un-registered JMX Bean with object name Ratis:service=RaftServer,group=group-A79B1AB37523,id=17d7dac2-7ff4-442d-8cd9-ba857e0cf65e
2023-02-21 13:41:11,150 [Listener at 127.0.0.1/34503] INFO  server.GrpcService (GrpcService.java:closeImpl(280)) - 17d7dac2-7ff4-442d-8cd9-ba857e0cf65e: shutdown server GrpcServerProtocolService successfully
2023-02-21 13:41:11,151 [17d7dac2-7ff4-442d-8cd9-ba857e0cf65e-NettyServerStreamRpc-bossGroup--thread1] INFO  logging.LoggingHandler (AbstractInternalLogger.java:log(148)) - [id: 0x339e342c, L:/0:0:0:0:0:0:0:0:41479] CLOSE
2023-02-21 13:41:11,151 [17d7dac2-7ff4-442d-8cd9-ba857e0cf65e-NettyServerStreamRpc-bossGroup--thread1] INFO  logging.LoggingHandler (AbstractInternalLogger.java:log(148)) - [id: 0x339e342c, L:/0:0:0:0:0:0:0:0:41479] INACTIVE
2023-02-21 13:41:11,151 [17d7dac2-7ff4-442d-8cd9-ba857e0cf65e-NettyServerStreamRpc-bossGroup--thread1] INFO  logging.LoggingHandler (AbstractInternalLogger.java:log(148)) - [id: 0x339e342c, L:/0:0:0:0:0:0:0:0:41479] UNREGISTERED
2023-02-21 13:41:11,149 [114eb3b6-0965-4949-a11e-bb51ff0d0ac6-impl-thread2] INFO  server.RaftServer$Division (RaftServerImpl.java:lambda$close$4(458)) - 114eb3b6-0965-4949-a11e-bb51ff0d0ac6@group-D38562E52FDD: shutdown
2023-02-21 13:41:11,151 [114eb3b6-0965-4949-a11e-bb51ff0d0ac6-impl-thread2] INFO  util.JmxRegister (JmxRegister.java:unregister(73)) - Successfully un-registered JMX Bean with object name Ratis:service=RaftServer,group=group-D38562E52FDD,id=114eb3b6-0965-4949-a11e-bb51ff0d0ac6
2023-02-21 13:41:11,151 [114eb3b6-0965-4949-a11e-bb51ff0d0ac6-impl-thread2] INFO  impl.RoleInfo (RoleInfo.java:shutdownLeaderState(93)) - 114eb3b6-0965-4949-a11e-bb51ff0d0ac6: shutdown 114eb3b6-0965-4949-a11e-bb51ff0d0ac6@group-D38562E52FDD-LeaderStateImpl
2023-02-21 13:41:11,151 [17d7dac2-7ff4-442d-8cd9-ba857e0cf65e-impl-thread2] INFO  impl.RoleInfo (RoleInfo.java:shutdownLeaderState(93)) - 17d7dac2-7ff4-442d-8cd9-ba857e0cf65e: shutdown 17d7dac2-7ff4-442d-8cd9-ba857e0cf65e@group-A79B1AB37523-LeaderStateImpl
2023-02-21 13:41:11,151 [17d7dac2-7ff4-442d-8cd9-ba857e0cf65e-impl-thread2] INFO  impl.PendingRequests (PendingRequests.java:sendNotLeaderResponses(282)) - 17d7dac2-7ff4-442d-8cd9-ba857e0cf65e@group-A79B1AB37523-PendingRequests: sendNotLeaderResponses
2023-02-21 13:41:11,152 [17d7dac2-7ff4-442d-8cd9-ba857e0cf65e-impl-thread2] INFO  impl.StateMachineUpdater (StateMachineUpdater.java:stopAndJoin(153)) - 17d7dac2-7ff4-442d-8cd9-ba857e0cf65e@group-A79B1AB37523-StateMachineUpdater: set stopIndex = 0
2023-02-21 13:41:11,150 [114eb3b6-0965-4949-a11e-bb51ff0d0ac6-impl-thread3] INFO  server.RaftServer$Division (RaftServerImpl.java:lambda$close$4(458)) - 114eb3b6-0965-4949-a11e-bb51ff0d0ac6@group-720CB0DD36AF: shutdown
2023-02-21 13:41:11,152 [114eb3b6-0965-4949-a11e-bb51ff0d0ac6-impl-thread3] INFO  util.JmxRegister (JmxRegister.java:unregister(73)) - Successfully un-registered JMX Bean with object name Ratis:service=RaftServer,group=group-720CB0DD36AF,id=114eb3b6-0965-4949-a11e-bb51ff0d0ac6
2023-02-21 13:41:11,152 [17d7dac2-7ff4-442d-8cd9-ba857e0cf65e@group-A79B1AB37523-StateMachineUpdater] INFO  ratis.ContainerStateMachine (ContainerStateMachine.java:takeSnapshot(308)) - group-A79B1AB37523: Taking a snapshot at:(t:1, i:0) file /home/runner/work/ozone/ozone/hadoop-ozone/integration-test/target/test-dir/MiniOzoneClusterImpl-c6aa46b2-3083-4aae-be29-8199bb906922/datanode-4/data/ratis/90df19f2-6e6a-4835-90c9-a79b1ab37523/sm/snapshot.1_0
2023-02-21 13:41:11,152 [114eb3b6-0965-4949-a11e-bb51ff0d0ac6-impl-thread3] INFO  impl.RoleInfo (RoleInfo.java:shutdownFollowerState(110)) - 114eb3b6-0965-4949-a11e-bb51ff0d0ac6: shutdown 114eb3b6-0965-4949-a11e-bb51ff0d0ac6@group-720CB0DD36AF-FollowerState
2023-02-21 13:41:11,154 [ForkJoinPool.commonPool-worker-1] INFO  server.GrpcService (GrpcService.java:closeImpl(271)) - 114eb3b6-0965-4949-a11e-bb51ff0d0ac6: shutdown server GrpcServerProtocolService now
2023-02-21 13:41:11,154 [114eb3b6-0965-4949-a11e-bb51ff0d0ac6-impl-thread3] INFO  impl.StateMachineUpdater (StateMachineUpdater.java:stopAndJoin(153)) - 114eb3b6-0965-4949-a11e-bb51ff0d0ac6@group-720CB0DD36AF-StateMachineUpdater: set stopIndex = 22
2023-02-21 13:41:11,154 [114eb3b6-0965-4949-a11e-bb51ff0d0ac6-impl-thread2] INFO  impl.PendingRequests (PendingRequests.java:sendNotLeaderResponses(282)) - 114eb3b6-0965-4949-a11e-bb51ff0d0ac6@group-D38562E52FDD-PendingRequests: sendNotLeaderResponses
2023-02-21 13:41:11,156 [grpc-default-executor-0] WARN  server.GrpcClientProtocolService (LogUtils.java:warn(122)) - 2-OrderedRequestStreamObserver2: onError: org.apache.ratis.thirdparty.io.grpc.StatusRuntimeException: CANCELLED: client cancelled
2023-02-21 13:41:11,155 [17d7dac2-7ff4-442d-8cd9-ba857e0cf65e@group-A79B1AB37523-StateMachineUpdater] INFO  ratis.ContainerStateMachine (ContainerStateMachine.java:takeSnapshot(319)) - group-A79B1AB37523: Finished taking a snapshot at:(t:1, i:0) file:/home/runner/work/ozone/ozone/hadoop-ozone/integration-test/target/test-dir/MiniOzoneClusterImpl-c6aa46b2-3083-4aae-be29-8199bb906922/datanode-4/data/ratis/90df19f2-6e6a-4835-90c9-a79b1ab37523/sm/snapshot.1_0 took: 3 ms
2023-02-21 13:41:11,155 [114eb3b6-0965-4949-a11e-bb51ff0d0ac6@group-720CB0DD36AF-StateMachineUpdater] INFO  ratis.ContainerStateMachine (ContainerStateMachine.java:takeSnapshot(308)) - group-720CB0DD36AF: Taking a snapshot at:(t:1, i:22) file /home/runner/work/ozone/ozone/hadoop-ozone/integration-test/target/test-dir/MiniOzoneClusterImpl-c6aa46b2-3083-4aae-be29-8199bb906922/datanode-0/data/ratis/853a9f29-240f-40bd-ac8e-720cb0dd36af/sm/snapshot.1_22
2023-02-21 13:41:11,155 [114eb3b6-0965-4949-a11e-bb51ff0d0ac6@group-720CB0DD36AF-FollowerState] INFO  impl.FollowerState (FollowerState.java:run(152)) - 114eb3b6-0965-4949-a11e-bb51ff0d0ac6@group-720CB0DD36AF-FollowerState was interrupted
2023-02-21 13:41:11,155 [114eb3b6-0965-4949-a11e-bb51ff0d0ac6-impl-thread4] INFO  server.RaftServer$Division (RaftServerImpl.java:lambda$close$4(458)) - 114eb3b6-0965-4949-a11e-bb51ff0d0ac6@group-DA1C02FE2C02: shutdown
2023-02-21 13:41:11,155 [ForkJoinPool.commonPool-worker-1] INFO  server.GrpcServerProtocolClient (GrpcServerProtocolClient.java:close(101)) - cc21282f-5934-42bf-9918-cc8c0aab7e68 Close channels
2023-02-21 13:41:11,154 [114eb3b6-0965-4949-a11e-bb51ff0d0ac6@group-D38562E52FDD->ddc1ce43-6958-4d2f-a962-1f2187968283-GrpcLogAppender-LogAppenderDaemon] WARN  server.GrpcLogAppender (GrpcLogAppender.java:mayWait(200)) - 114eb3b6-0965-4949-a11e-bb51ff0d0ac6@group-D38562E52FDD->ddc1ce43-6958-4d2f-a962-1f2187968283-GrpcLogAppender: Wait interrupted by java.lang.InterruptedException
2023-02-21 13:41:11,154 [114eb3b6-0965-4949-a11e-bb51ff0d0ac6@group-D38562E52FDD->cc21282f-5934-42bf-9918-cc8c0aab7e68-GrpcLogAppender-LogAppenderDaemon] WARN  server.GrpcLogAppender (GrpcLogAppender.java:mayWait(200)) - 114eb3b6-0965-4949-a11e-bb51ff0d0ac6@group-D38562E52FDD->cc21282f-5934-42bf-9918-cc8c0aab7e68-GrpcLogAppender: Wait interrupted by java.lang.InterruptedException
2023-02-21 13:41:11,158 [114eb3b6-0965-4949-a11e-bb51ff0d0ac6@group-720CB0DD36AF-StateMachineUpdater] INFO  ratis.ContainerStateMachine (ContainerStateMachine.java:takeSnapshot(319)) - group-720CB0DD36AF: Finished taking a snapshot at:(t:1, i:22) file:/home/runner/work/ozone/ozone/hadoop-ozone/integration-test/target/test-dir/MiniOzoneClusterImpl-c6aa46b2-3083-4aae-be29-8199bb906922/datanode-0/data/ratis/853a9f29-240f-40bd-ac8e-720cb0dd36af/sm/snapshot.1_22 took: 3 ms
2023-02-21 13:41:11,158 [114eb3b6-0965-4949-a11e-bb51ff0d0ac6-impl-thread4] INFO  util.JmxRegister (JmxRegister.java:unregister(73)) - Successfully un-registered JMX Bean with object name Ratis:service=RaftServer,group=group-DA1C02FE2C02,id=114eb3b6-0965-4949-a11e-bb51ff0d0ac6
2023-02-21 13:41:11,159 [114eb3b6-0965-4949-a11e-bb51ff0d0ac6-impl-thread4] INFO  impl.RoleInfo (RoleInfo.java:shutdownLeaderState(93)) - 114eb3b6-0965-4949-a11e-bb51ff0d0ac6: shutdown 114eb3b6-0965-4949-a11e-bb51ff0d0ac6@group-DA1C02FE2C02-LeaderStateImpl
2023-02-21 13:41:11,159 [114eb3b6-0965-4949-a11e-bb51ff0d0ac6-impl-thread4] INFO  impl.PendingRequests (PendingRequests.java:sendNotLeaderResponses(282)) - 114eb3b6-0965-4949-a11e-bb51ff0d0ac6@group-DA1C02FE2C02-PendingRequests: sendNotLeaderResponses
2023-02-21 13:41:11,158 [17d7dac2-7ff4-442d-8cd9-ba857e0cf65e@group-A79B1AB37523-StateMachineUpdater] INFO  impl.StateMachineUpdater (StateMachineUpdater.java:takeSnapshot(287)) - 17d7dac2-7ff4-442d-8cd9-ba857e0cf65e@group-A79B1AB37523-StateMachineUpdater: Took a snapshot at index 0
2023-02-21 13:41:11,159 [17d7dac2-7ff4-442d-8cd9-ba857e0cf65e@group-A79B1AB37523-StateMachineUpdater] INFO  impl.StateMachineUpdater (StateMachineUpdater.java:lambda$new$0(92)) - 17d7dac2-7ff4-442d-8cd9-ba857e0cf65e@group-A79B1AB37523-StateMachineUpdater: snapshotIndex: updateIncreasingly -1 -> 0
2023-02-21 13:41:11,159 [114eb3b6-0965-4949-a11e-bb51ff0d0ac6@group-720CB0DD36AF-StateMachineUpdater] INFO  impl.StateMachineUpdater (StateMachineUpdater.java:takeSnapshot(287)) - 114eb3b6-0965-4949-a11e-bb51ff0d0ac6@group-720CB0DD36AF-StateMachineUpdater: Took a snapshot at index 22
2023-02-21 13:41:11,159 [114eb3b6-0965-4949-a11e-bb51ff0d0ac6@group-720CB0DD36AF-StateMachineUpdater] INFO  impl.StateMachineUpdater (StateMachineUpdater.java:lambda$new$0(92)) - 114eb3b6-0965-4949-a11e-bb51ff0d0ac6@group-720CB0DD36AF-StateMachineUpdater: snapshotIndex: updateIncreasingly -1 -> 22
2023-02-21 13:41:11,160 [17d7dac2-7ff4-442d-8cd9-ba857e0cf65e-impl-thread2] INFO  server.RaftServer$Division (ServerState.java:close(466)) - 17d7dac2-7ff4-442d-8cd9-ba857e0cf65e@group-A79B1AB37523: closes. applyIndex: 0
2023-02-21 13:41:11,160 [114eb3b6-0965-4949-a11e-bb51ff0d0ac6-impl-thread3] INFO  server.RaftServer$Division (ServerState.java:close(466)) - 114eb3b6-0965-4949-a11e-bb51ff0d0ac6@group-720CB0DD36AF: closes. applyIndex: 22
2023-02-21 13:41:11,164 [114eb3b6-0965-4949-a11e-bb51ff0d0ac6@group-720CB0DD36AF-SegmentedRaftLogWorker] INFO  segmented.SegmentedRaftLogWorker (SegmentedRaftLogWorker.java:run(347)) - 114eb3b6-0965-4949-a11e-bb51ff0d0ac6@group-720CB0DD36AF-SegmentedRaftLogWorker was interrupted, exiting. There are 0 tasks remaining in the queue.
2023-02-21 13:41:11,165 [17d7dac2-7ff4-442d-8cd9-ba857e0cf65e@group-A79B1AB37523-SegmentedRaftLogWorker] INFO  segmented.SegmentedRaftLogWorker (SegmentedRaftLogWorker.java:run(347)) - 17d7dac2-7ff4-442d-8cd9-ba857e0cf65e@group-A79B1AB37523-SegmentedRaftLogWorker was interrupted, exiting. There are 0 tasks remaining in the queue.
2023-02-21 13:41:11,165 [114eb3b6-0965-4949-a11e-bb51ff0d0ac6-impl-thread2] INFO  impl.StateMachineUpdater (StateMachineUpdater.java:stopAndJoin(153)) - 114eb3b6-0965-4949-a11e-bb51ff0d0ac6@group-D38562E52FDD-StateMachineUpdater: set stopIndex = 8
2023-02-21 13:41:11,166 [114eb3b6-0965-4949-a11e-bb51ff0d0ac6@group-D38562E52FDD-StateMachineUpdater] INFO  ratis.ContainerStateMachine (ContainerStateMachine.java:takeSnapshot(308)) - group-D38562E52FDD: Taking a snapshot at:(t:1, i:8) file /home/runner/work/ozone/ozone/hadoop-ozone/integration-test/target/test-dir/MiniOzoneClusterImpl-c6aa46b2-3083-4aae-be29-8199bb906922/datanode-0/data/ratis/6a4d15a1-aebb-4598-acc3-d38562e52fdd/sm/snapshot.1_8
2023-02-21 13:41:11,172 [17d7dac2-7ff4-442d-8cd9-ba857e0cf65e-impl-thread2] INFO  segmented.SegmentedRaftLogWorker (SegmentedRaftLogWorker.java:close(257)) - 17d7dac2-7ff4-442d-8cd9-ba857e0cf65e@group-A79B1AB37523-SegmentedRaftLogWorker close()
2023-02-21 13:41:11,172 [ForkJoinPool.commonPool-worker-1] INFO  server.GrpcServerProtocolClient (GrpcServerProtocolClient.java:close(101)) - ddc1ce43-6958-4d2f-a962-1f2187968283 Close channels
2023-02-21 13:41:11,175 [114eb3b6-0965-4949-a11e-bb51ff0d0ac6@group-D38562E52FDD-StateMachineUpdater] INFO  ratis.ContainerStateMachine (ContainerStateMachine.java:takeSnapshot(319)) - group-D38562E52FDD: Finished taking a snapshot at:(t:1, i:8) file:/home/runner/work/ozone/ozone/hadoop-ozone/integration-test/target/test-dir/MiniOzoneClusterImpl-c6aa46b2-3083-4aae-be29-8199bb906922/datanode-0/data/ratis/6a4d15a1-aebb-4598-acc3-d38562e52fdd/sm/snapshot.1_8 took: 9 ms
2023-02-21 13:41:11,176 [114eb3b6-0965-4949-a11e-bb51ff0d0ac6@group-D38562E52FDD-StateMachineUpdater] INFO  impl.StateMachineUpdater (StateMachineUpdater.java:takeSnapshot(287)) - 114eb3b6-0965-4949-a11e-bb51ff0d0ac6@group-D38562E52FDD-StateMachineUpdater: Took a snapshot at index 8
2023-02-21 13:41:11,176 [114eb3b6-0965-4949-a11e-bb51ff0d0ac6@group-D38562E52FDD-StateMachineUpdater] INFO  impl.StateMachineUpdater (StateMachineUpdater.java:lambda$new$0(92)) - 114eb3b6-0965-4949-a11e-bb51ff0d0ac6@group-D38562E52FDD-StateMachineUpdater: snapshotIndex: updateIncreasingly -1 -> 8
2023-02-21 13:41:11,176 [114eb3b6-0965-4949-a11e-bb51ff0d0ac6-impl-thread2] INFO  server.RaftServer$Division (ServerState.java:close(466)) - 114eb3b6-0965-4949-a11e-bb51ff0d0ac6@group-D38562E52FDD: closes. applyIndex: 8
2023-02-21 13:41:11,176 [114eb3b6-0965-4949-a11e-bb51ff0d0ac6@group-D38562E52FDD-SegmentedRaftLogWorker] INFO  segmented.SegmentedRaftLogWorker (SegmentedRaftLogWorker.java:run(347)) - 114eb3b6-0965-4949-a11e-bb51ff0d0ac6@group-D38562E52FDD-SegmentedRaftLogWorker was interrupted, exiting. There are 0 tasks remaining in the queue.
2023-02-21 13:41:11,176 [114eb3b6-0965-4949-a11e-bb51ff0d0ac6-impl-thread2] INFO  segmented.SegmentedRaftLogWorker (SegmentedRaftLogWorker.java:close(257)) - 114eb3b6-0965-4949-a11e-bb51ff0d0ac6@group-D38562E52FDD-SegmentedRaftLogWorker close()
2023-02-21 13:41:11,177 [114eb3b6-0965-4949-a11e-bb51ff0d0ac6-impl-thread3] INFO  segmented.SegmentedRaftLogWorker (SegmentedRaftLogWorker.java:close(257)) - 114eb3b6-0965-4949-a11e-bb51ff0d0ac6@group-720CB0DD36AF-SegmentedRaftLogWorker close()
2023-02-21 13:41:11,178 [114eb3b6-0965-4949-a11e-bb51ff0d0ac6-impl-thread4] INFO  impl.StateMachineUpdater (StateMachineUpdater.java:stopAndJoin(153)) - 114eb3b6-0965-4949-a11e-bb51ff0d0ac6@group-DA1C02FE2C02-StateMachineUpdater: set stopIndex = 0
2023-02-21 13:41:11,178 [114eb3b6-0965-4949-a11e-bb51ff0d0ac6@group-DA1C02FE2C02-StateMachineUpdater] INFO  ratis.ContainerStateMachine (ContainerStateMachine.java:takeSnapshot(308)) - group-DA1C02FE2C02: Taking a snapshot at:(t:1, i:0) file /home/runner/work/ozone/ozone/hadoop-ozone/integration-test/target/test-dir/MiniOzoneClusterImpl-c6aa46b2-3083-4aae-be29-8199bb906922/datanode-0/data/ratis/639c3e74-b2e8-44be-8791-da1c02fe2c02/sm/snapshot.1_0
2023-02-21 13:41:11,179 [114eb3b6-0965-4949-a11e-bb51ff0d0ac6@group-DA1C02FE2C02-StateMachineUpdater] INFO  ratis.ContainerStateMachine (ContainerStateMachine.java:takeSnapshot(319)) - group-DA1C02FE2C02: Finished taking a snapshot at:(t:1, i:0) file:/home/runner/work/ozone/ozone/hadoop-ozone/integration-test/target/test-dir/MiniOzoneClusterImpl-c6aa46b2-3083-4aae-be29-8199bb906922/datanode-0/data/ratis/639c3e74-b2e8-44be-8791-da1c02fe2c02/sm/snapshot.1_0 took: 1 ms
2023-02-21 13:41:11,179 [114eb3b6-0965-4949-a11e-bb51ff0d0ac6@group-DA1C02FE2C02-StateMachineUpdater] INFO  impl.StateMachineUpdater (StateMachineUpdater.java:takeSnapshot(287)) - 114eb3b6-0965-4949-a11e-bb51ff0d0ac6@group-DA1C02FE2C02-StateMachineUpdater: Took a snapshot at index 0
2023-02-21 13:41:11,179 [114eb3b6-0965-4949-a11e-bb51ff0d0ac6@group-DA1C02FE2C02-StateMachineUpdater] INFO  impl.StateMachineUpdater (StateMachineUpdater.java:lambda$new$0(92)) - 114eb3b6-0965-4949-a11e-bb51ff0d0ac6@group-DA1C02FE2C02-StateMachineUpdater: snapshotIndex: updateIncreasingly -1 -> 0
2023-02-21 13:41:11,180 [114eb3b6-0965-4949-a11e-bb51ff0d0ac6-impl-thread4] INFO  server.RaftServer$Division (ServerState.java:close(466)) - 114eb3b6-0965-4949-a11e-bb51ff0d0ac6@group-DA1C02FE2C02: closes. applyIndex: 0
2023-02-21 13:41:11,181 [114eb3b6-0965-4949-a11e-bb51ff0d0ac6@group-DA1C02FE2C02-SegmentedRaftLogWorker] INFO  segmented.SegmentedRaftLogWorker (SegmentedRaftLogWorker.java:run(347)) - 114eb3b6-0965-4949-a11e-bb51ff0d0ac6@group-DA1C02FE2C02-SegmentedRaftLogWorker was interrupted, exiting. There are 0 tasks remaining in the queue.
2023-02-21 13:41:11,181 [114eb3b6-0965-4949-a11e-bb51ff0d0ac6-impl-thread4] INFO  segmented.SegmentedRaftLogWorker (SegmentedRaftLogWorker.java:close(257)) - 114eb3b6-0965-4949-a11e-bb51ff0d0ac6@group-DA1C02FE2C02-SegmentedRaftLogWorker close()
2023-02-21 13:41:11,182 [ForkJoinPool.commonPool-worker-1] INFO  server.GrpcService (GrpcService.java:closeImpl(280)) - 114eb3b6-0965-4949-a11e-bb51ff0d0ac6: shutdown server GrpcServerProtocolService successfully
2023-02-21 13:41:11,183 [114eb3b6-0965-4949-a11e-bb51ff0d0ac6-NettyServerStreamRpc-bossGroup--thread1] INFO  logging.LoggingHandler (AbstractInternalLogger.java:log(148)) - [id: 0x68371cd5, L:/0:0:0:0:0:0:0:0:45849] CLOSE
2023-02-21 13:41:11,183 [114eb3b6-0965-4949-a11e-bb51ff0d0ac6-NettyServerStreamRpc-bossGroup--thread1] INFO  logging.LoggingHandler (AbstractInternalLogger.java:log(148)) - [id: 0x68371cd5, L:/0:0:0:0:0:0:0:0:45849] INACTIVE
2023-02-21 13:41:11,183 [114eb3b6-0965-4949-a11e-bb51ff0d0ac6-NettyServerStreamRpc-bossGroup--thread1] INFO  logging.LoggingHandler (AbstractInternalLogger.java:log(148)) - [id: 0x68371cd5, L:/0:0:0:0:0:0:0:0:45849] UNREGISTERED
2023-02-21 13:41:11,188 [JvmPauseMonitor16] INFO  util.JvmPauseMonitor (JvmPauseMonitor.java:run(111)) - JvmPauseMonitor-17d7dac2-7ff4-442d-8cd9-ba857e0cf65e: Stopped
2023-02-21 13:41:11,191 [JvmPauseMonitor12] INFO  util.JvmPauseMonitor (JvmPauseMonitor.java:run(111)) - JvmPauseMonitor-114eb3b6-0965-4949-a11e-bb51ff0d0ac6: Stopped
2023-02-21 13:41:13,195 [Listener at 127.0.0.1/34503] INFO  volume.HddsVolume (HddsVolume.java:closeDbStore(362)) - SchemaV3 db is stopped at /home/runner/work/ozone/ozone/hadoop-ozone/integration-test/target/test-dir/MiniOzoneClusterImpl-c6aa46b2-3083-4aae-be29-8199bb906922/datanode-4/data-0/containers/hdds/c6aa46b2-3083-4aae-be29-8199bb906922/DS-55886181-dc9b-48f1-a2da-a9e167d98fc8/container.db for volume DS-55886181-dc9b-48f1-a2da-a9e167d98fc8
2023-02-21 13:41:13,195 [Listener at 127.0.0.1/34503] INFO  utils.BackgroundService (BackgroundService.java:shutdown(141)) - Shutting down service BlockDeletingService
2023-02-21 13:41:13,196 [Listener at 127.0.0.1/34503] INFO  utils.BackgroundService (BackgroundService.java:shutdown(141)) - Shutting down service StaleRecoveringContainerScrubbingService
2023-02-21 13:41:13,198 [ForkJoinPool.commonPool-worker-1] INFO  volume.HddsVolume (HddsVolume.java:closeDbStore(362)) - SchemaV3 db is stopped at /home/runner/work/ozone/ozone/hadoop-ozone/integration-test/target/test-dir/MiniOzoneClusterImpl-c6aa46b2-3083-4aae-be29-8199bb906922/datanode-0/data-0/containers/hdds/c6aa46b2-3083-4aae-be29-8199bb906922/DS-c8015129-4a21-4134-bea1-ba726e6cee6a/container.db for volume DS-c8015129-4a21-4134-bea1-ba726e6cee6a
2023-02-21 13:41:13,198 [ForkJoinPool.commonPool-worker-1] INFO  utils.BackgroundService (BackgroundService.java:shutdown(141)) - Shutting down service BlockDeletingService
2023-02-21 13:41:13,200 [Listener at 127.0.0.1/34503] INFO  statemachine.DatanodeStateMachine (DatanodeStateMachine.java:stopDaemon(600)) - Ozone container server stopped.
2023-02-21 13:41:13,201 [ForkJoinPool.commonPool-worker-1] INFO  utils.BackgroundService (BackgroundService.java:shutdown(141)) - Shutting down service StaleRecoveringContainerScrubbingService
2023-02-21 13:41:13,215 [ForkJoinPool.commonPool-worker-1] INFO  statemachine.DatanodeStateMachine (DatanodeStateMachine.java:stopDaemon(600)) - Ozone container server stopped.
2023-02-21 13:41:13,220 [Listener at 127.0.0.1/34503] INFO  handler.ContextHandler (ContextHandler.java:doStop(1159)) - Stopped o.e.j.w.WebAppContext@54679e5a{hddsDatanode,/,null,STOPPED}{jar:file:/home/runner/.m2/repository/org/apache/ozone/hdds-container-service/1.4.0-SNAPSHOT/hdds-container-service-1.4.0-SNAPSHOT.jar!/webapps/hddsDatanode}
2023-02-21 13:41:13,226 [Listener at 127.0.0.1/34503] INFO  server.AbstractConnector (AbstractConnector.java:doStop(383)) - Stopped ServerConnector@61762b96{HTTP/1.1, (http/1.1)}{0.0.0.0:0}
2023-02-21 13:41:13,227 [Listener at 127.0.0.1/34503] INFO  server.session (HouseKeeper.java:stopScavenging(149)) - node0 Stopped scavenging
2023-02-21 13:41:13,228 [Listener at 127.0.0.1/34503] INFO  handler.ContextHandler (ContextHandler.java:doStop(1159)) - Stopped o.e.j.s.ServletContextHandler@1fc009cd{static,/static,jar:file:/home/runner/.m2/repository/org/apache/ozone/hdds-container-service/1.4.0-SNAPSHOT/hdds-container-service-1.4.0-SNAPSHOT.jar!/webapps/static,STOPPED}
2023-02-21 13:41:13,228 [Listener at 127.0.0.1/34503] INFO  handler.ContextHandler (ContextHandler.java:doStop(1159)) - Stopped o.e.j.s.ServletContextHandler@f8c1343{logs,/logs,file:///home/runner/work/ozone/ozone/hadoop-ozone/integration-test/target/log,STOPPED}
2023-02-21 13:41:13,231 [Listener at 127.0.0.1/34503] INFO  ozoneimpl.OzoneContainer (OzoneContainer.java:stop(420)) - Attempting to stop container services.
2023-02-21 13:41:13,236 [Listener at 127.0.0.1/34503] INFO  server.RaftServer (RaftServerProxy.java:lambda$close$6(409)) - 0f4d0b38-f1c8-489e-92ab-b78f82fc2ecb: close
2023-02-21 13:41:13,236 [ForkJoinPool.commonPool-worker-1] INFO  handler.ContextHandler (ContextHandler.java:doStop(1159)) - Stopped o.e.j.w.WebAppContext@607a594a{hddsDatanode,/,null,STOPPED}{jar:file:/home/runner/.m2/repository/org/apache/ozone/hdds-container-service/1.4.0-SNAPSHOT/hdds-container-service-1.4.0-SNAPSHOT.jar!/webapps/hddsDatanode}
2023-02-21 13:41:13,237 [Listener at 127.0.0.1/34503] INFO  server.GrpcService (GrpcService.java:closeImpl(271)) - 0f4d0b38-f1c8-489e-92ab-b78f82fc2ecb: shutdown server GrpcServerProtocolService now
2023-02-21 13:41:13,237 [Listener at 127.0.0.1/34503] INFO  server.GrpcService (GrpcService.java:closeImpl(280)) - 0f4d0b38-f1c8-489e-92ab-b78f82fc2ecb: shutdown server GrpcServerProtocolService successfully
2023-02-21 13:41:13,237 [ForkJoinPool.commonPool-worker-1] INFO  server.AbstractConnector (AbstractConnector.java:doStop(383)) - Stopped ServerConnector@69a5d9fa{HTTP/1.1, (http/1.1)}{0.0.0.0:0}
2023-02-21 13:41:13,237 [0f4d0b38-f1c8-489e-92ab-b78f82fc2ecb-NettyServerStreamRpc-bossGroup--thread1] INFO  logging.LoggingHandler (AbstractInternalLogger.java:log(148)) - [id: 0xc696d52c, L:/0:0:0:0:0:0:0:0:46565] CLOSE
2023-02-21 13:41:13,237 [ForkJoinPool.commonPool-worker-1] INFO  server.session (HouseKeeper.java:stopScavenging(149)) - node0 Stopped scavenging
2023-02-21 13:41:13,237 [0f4d0b38-f1c8-489e-92ab-b78f82fc2ecb-NettyServerStreamRpc-bossGroup--thread1] INFO  logging.LoggingHandler (AbstractInternalLogger.java:log(148)) - [id: 0xc696d52c, L:/0:0:0:0:0:0:0:0:46565] INACTIVE
2023-02-21 13:41:13,237 [0f4d0b38-f1c8-489e-92ab-b78f82fc2ecb-NettyServerStreamRpc-bossGroup--thread1] INFO  logging.LoggingHandler (AbstractInternalLogger.java:log(148)) - [id: 0xc696d52c, L:/0:0:0:0:0:0:0:0:46565] UNREGISTERED
2023-02-21 13:41:13,238 [0f4d0b38-f1c8-489e-92ab-b78f82fc2ecb-impl-thread2] INFO  server.RaftServer$Division (RaftServerImpl.java:lambda$close$4(458)) - 0f4d0b38-f1c8-489e-92ab-b78f82fc2ecb@group-4EF3713BF805: shutdown
2023-02-21 13:41:13,238 [0f4d0b38-f1c8-489e-92ab-b78f82fc2ecb-impl-thread2] INFO  util.JmxRegister (JmxRegister.java:unregister(73)) - Successfully un-registered JMX Bean with object name Ratis:service=RaftServer,group=group-4EF3713BF805,id=0f4d0b38-f1c8-489e-92ab-b78f82fc2ecb
2023-02-21 13:41:13,239 [0f4d0b38-f1c8-489e-92ab-b78f82fc2ecb-impl-thread2] INFO  impl.RoleInfo (RoleInfo.java:shutdownLeaderState(93)) - 0f4d0b38-f1c8-489e-92ab-b78f82fc2ecb: shutdown 0f4d0b38-f1c8-489e-92ab-b78f82fc2ecb@group-4EF3713BF805-LeaderStateImpl
2023-02-21 13:41:13,239 [0f4d0b38-f1c8-489e-92ab-b78f82fc2ecb-impl-thread2] INFO  impl.PendingRequests (PendingRequests.java:sendNotLeaderResponses(282)) - 0f4d0b38-f1c8-489e-92ab-b78f82fc2ecb@group-4EF3713BF805-PendingRequests: sendNotLeaderResponses
2023-02-21 13:41:13,239 [0f4d0b38-f1c8-489e-92ab-b78f82fc2ecb-impl-thread2] INFO  impl.StateMachineUpdater (StateMachineUpdater.java:stopAndJoin(153)) - 0f4d0b38-f1c8-489e-92ab-b78f82fc2ecb@group-4EF3713BF805-StateMachineUpdater: set stopIndex = 0
2023-02-21 13:41:13,241 [0f4d0b38-f1c8-489e-92ab-b78f82fc2ecb@group-4EF3713BF805-StateMachineUpdater] INFO  ratis.ContainerStateMachine (ContainerStateMachine.java:takeSnapshot(308)) - group-4EF3713BF805: Taking a snapshot at:(t:1, i:0) file /home/runner/work/ozone/ozone/hadoop-ozone/integration-test/target/test-dir/MiniOzoneClusterImpl-c6aa46b2-3083-4aae-be29-8199bb906922/datanode-3/data/ratis/432aa6db-4fad-4fb7-8be5-4ef3713bf805/sm/snapshot.1_0
2023-02-21 13:41:13,241 [ForkJoinPool.commonPool-worker-1] INFO  handler.ContextHandler (ContextHandler.java:doStop(1159)) - Stopped o.e.j.s.ServletContextHandler@7439f13e{static,/static,jar:file:/home/runner/.m2/repository/org/apache/ozone/hdds-container-service/1.4.0-SNAPSHOT/hdds-container-service-1.4.0-SNAPSHOT.jar!/webapps/static,STOPPED}
2023-02-21 13:41:13,241 [ForkJoinPool.commonPool-worker-1] INFO  handler.ContextHandler (ContextHandler.java:doStop(1159)) - Stopped o.e.j.s.ServletContextHandler@79f49d9d{logs,/logs,file:///home/runner/work/ozone/ozone/hadoop-ozone/integration-test/target/log,STOPPED}
2023-02-21 13:41:13,246 [0f4d0b38-f1c8-489e-92ab-b78f82fc2ecb@group-4EF3713BF805-StateMachineUpdater] INFO  ratis.ContainerStateMachine (ContainerStateMachine.java:takeSnapshot(319)) - group-4EF3713BF805: Finished taking a snapshot at:(t:1, i:0) file:/home/runner/work/ozone/ozone/hadoop-ozone/integration-test/target/test-dir/MiniOzoneClusterImpl-c6aa46b2-3083-4aae-be29-8199bb906922/datanode-3/data/ratis/432aa6db-4fad-4fb7-8be5-4ef3713bf805/sm/snapshot.1_0 took: 5 ms
2023-02-21 13:41:13,246 [0f4d0b38-f1c8-489e-92ab-b78f82fc2ecb@group-4EF3713BF805-StateMachineUpdater] INFO  impl.StateMachineUpdater (StateMachineUpdater.java:takeSnapshot(287)) - 0f4d0b38-f1c8-489e-92ab-b78f82fc2ecb@group-4EF3713BF805-StateMachineUpdater: Took a snapshot at index 0
2023-02-21 13:41:13,246 [0f4d0b38-f1c8-489e-92ab-b78f82fc2ecb@group-4EF3713BF805-StateMachineUpdater] INFO  impl.StateMachineUpdater (StateMachineUpdater.java:lambda$new$0(92)) - 0f4d0b38-f1c8-489e-92ab-b78f82fc2ecb@group-4EF3713BF805-StateMachineUpdater: snapshotIndex: updateIncreasingly -1 -> 0
2023-02-21 13:41:13,246 [0f4d0b38-f1c8-489e-92ab-b78f82fc2ecb-impl-thread2] INFO  server.RaftServer$Division (ServerState.java:close(466)) - 0f4d0b38-f1c8-489e-92ab-b78f82fc2ecb@group-4EF3713BF805: closes. applyIndex: 0
2023-02-21 13:41:13,249 [0f4d0b38-f1c8-489e-92ab-b78f82fc2ecb@group-4EF3713BF805-SegmentedRaftLogWorker] INFO  segmented.SegmentedRaftLogWorker (SegmentedRaftLogWorker.java:run(347)) - 0f4d0b38-f1c8-489e-92ab-b78f82fc2ecb@group-4EF3713BF805-SegmentedRaftLogWorker was interrupted, exiting. There are 0 tasks remaining in the queue.
2023-02-21 13:41:13,249 [0f4d0b38-f1c8-489e-92ab-b78f82fc2ecb-impl-thread2] INFO  segmented.SegmentedRaftLogWorker (SegmentedRaftLogWorker.java:close(257)) - 0f4d0b38-f1c8-489e-92ab-b78f82fc2ecb@group-4EF3713BF805-SegmentedRaftLogWorker close()
2023-02-21 13:41:13,253 [JvmPauseMonitor15] INFO  util.JvmPauseMonitor (JvmPauseMonitor.java:run(111)) - JvmPauseMonitor-0f4d0b38-f1c8-489e-92ab-b78f82fc2ecb: Stopped
2023-02-21 13:41:15,257 [Listener at 127.0.0.1/34503] INFO  volume.HddsVolume (HddsVolume.java:closeDbStore(362)) - SchemaV3 db is stopped at /home/runner/work/ozone/ozone/hadoop-ozone/integration-test/target/test-dir/MiniOzoneClusterImpl-c6aa46b2-3083-4aae-be29-8199bb906922/datanode-3/data-0/containers/hdds/c6aa46b2-3083-4aae-be29-8199bb906922/DS-209aed06-900c-4671-8887-0e91f8a23d03/container.db for volume DS-209aed06-900c-4671-8887-0e91f8a23d03
2023-02-21 13:41:15,258 [Listener at 127.0.0.1/34503] INFO  utils.BackgroundService (BackgroundService.java:shutdown(141)) - Shutting down service BlockDeletingService
2023-02-21 13:41:15,258 [Listener at 127.0.0.1/34503] INFO  utils.BackgroundService (BackgroundService.java:shutdown(141)) - Shutting down service StaleRecoveringContainerScrubbingService
2023-02-21 13:41:15,261 [Listener at 127.0.0.1/34503] INFO  statemachine.DatanodeStateMachine (DatanodeStateMachine.java:stopDaemon(600)) - Ozone container server stopped.
2023-02-21 13:41:15,272 [Listener at 127.0.0.1/34503] INFO  handler.ContextHandler (ContextHandler.java:doStop(1159)) - Stopped o.e.j.w.WebAppContext@136dc72d{hddsDatanode,/,null,STOPPED}{jar:file:/home/runner/.m2/repository/org/apache/ozone/hdds-container-service/1.4.0-SNAPSHOT/hdds-container-service-1.4.0-SNAPSHOT.jar!/webapps/hddsDatanode}
2023-02-21 13:41:15,274 [Listener at 127.0.0.1/34503] INFO  server.AbstractConnector (AbstractConnector.java:doStop(383)) - Stopped ServerConnector@5577c1ea{HTTP/1.1, (http/1.1)}{0.0.0.0:0}
2023-02-21 13:41:15,274 [Listener at 127.0.0.1/34503] INFO  server.session (HouseKeeper.java:stopScavenging(149)) - node0 Stopped scavenging
2023-02-21 13:41:15,274 [Listener at 127.0.0.1/34503] INFO  handler.ContextHandler (ContextHandler.java:doStop(1159)) - Stopped o.e.j.s.ServletContextHandler@52092fc0{static,/static,jar:file:/home/runner/.m2/repository/org/apache/ozone/hdds-container-service/1.4.0-SNAPSHOT/hdds-container-service-1.4.0-SNAPSHOT.jar!/webapps/static,STOPPED}
2023-02-21 13:41:15,275 [Listener at 127.0.0.1/34503] INFO  handler.ContextHandler (ContextHandler.java:doStop(1159)) - Stopped o.e.j.s.ServletContextHandler@5c3f7697{logs,/logs,file:///home/runner/work/ozone/ozone/hadoop-ozone/integration-test/target/log,STOPPED}
2023-02-21 13:41:15,277 [Listener at 127.0.0.1/34503] INFO  ozone.MiniOzoneClusterImpl (MiniOzoneClusterImpl.java:stopSCM(539)) - Stopping the StorageContainerManager
2023-02-21 13:41:15,277 [Listener at 127.0.0.1/34503] INFO  server.StorageContainerManager (StorageContainerManager.java:stop(1531)) - Container Balancer is not running.
2023-02-21 13:41:15,277 [Listener at 127.0.0.1/34503] INFO  server.StorageContainerManager (StorageContainerManager.java:stop(1538)) - Stopping Replication Manager Service.
2023-02-21 13:41:15,278 [Listener at 127.0.0.1/34503] INFO  replication.ReplicationManager (ReplicationManager.java:stop(299)) - Stopping Replication Monitor Thread.
2023-02-21 13:41:15,278 [Under Replicated Processor] WARN  replication.UnhealthyReplicationProcessor (UnhealthyReplicationProcessor.java:run(149)) - Under Replicated Processor interrupted. Exiting...
2023-02-21 13:41:15,278 [Listener at 127.0.0.1/34503] INFO  server.StorageContainerManager (StorageContainerManager.java:stop(1545)) - Stopping the Datanode Admin Monitor.
2023-02-21 13:41:15,278 [ReplicationMonitor] INFO  replication.ReplicationManager (ReplicationManager.java:run(745)) - Replication Monitor Thread is stopped
2023-02-21 13:41:15,278 [Listener at 127.0.0.1/34503] INFO  server.StorageContainerManager (StorageContainerManager.java:stop(1552)) - Stopping datanode service RPC server
2023-02-21 13:41:15,278 [Listener at 127.0.0.1/34503] INFO  server.SCMDatanodeProtocolServer (SCMDatanodeProtocolServer.java:stop(424)) - Stopping the RPC server for DataNodes
2023-02-21 13:41:15,279 [Over Replicated Processor] WARN  replication.UnhealthyReplicationProcessor (UnhealthyReplicationProcessor.java:run(149)) - Over Replicated Processor interrupted. Exiting...
2023-02-21 13:41:15,279 [Listener at 127.0.0.1/34503] INFO  ipc.Server (Server.java:stop(3428)) - Stopping server on 45949
2023-02-21 13:41:15,280 [IPC Server listener on 0] INFO  ipc.Server (Server.java:run(1384)) - Stopping IPC Server listener on 0
2023-02-21 13:41:15,282 [IPC Server Responder] INFO  ipc.Server (Server.java:run(1517)) - Stopping IPC Server Responder
2023-02-21 13:41:15,284 [SCM Heartbeat Processing Thread - 0] WARN  node.NodeStateManager (NodeStateManager.java:scheduleNextHealthCheck(870)) - Current Thread is interrupted, shutting down HB processing thread for Node Manager.
2023-02-21 13:41:15,284 [Listener at 127.0.0.1/34503] INFO  server.StorageContainerManager (StorageContainerManager.java:stop(1560)) - Stopping block service RPC server
2023-02-21 13:41:15,284 [Listener at 127.0.0.1/34503] INFO  server.SCMBlockProtocolServer (SCMBlockProtocolServer.java:stop(161)) - Stopping the RPC server for Block Protocol
2023-02-21 13:41:15,284 [Listener at 127.0.0.1/34503] INFO  ipc.Server (Server.java:stop(3428)) - Stopping server on 35825
2023-02-21 13:41:15,285 [IPC Server listener on 0] INFO  ipc.Server (Server.java:run(1384)) - Stopping IPC Server listener on 0
2023-02-21 13:41:15,287 [IPC Server Responder] INFO  ipc.Server (Server.java:run(1517)) - Stopping IPC Server Responder
2023-02-21 13:41:15,287 [Listener at 127.0.0.1/34503] INFO  server.StorageContainerManager (StorageContainerManager.java:stop(1567)) - Stopping the StorageContainerLocationProtocol RPC server
2023-02-21 13:41:15,287 [Listener at 127.0.0.1/34503] INFO  server.SCMClientProtocolServer (SCMClientProtocolServer.java:stop(185)) - Stopping the RPC server for Client Protocol
2023-02-21 13:41:15,288 [Listener at 127.0.0.1/34503] INFO  ipc.Server (Server.java:stop(3428)) - Stopping server on 39469
2023-02-21 13:41:15,291 [IPC Server listener on 0] INFO  ipc.Server (Server.java:run(1384)) - Stopping IPC Server listener on 0
2023-02-21 13:41:15,292 [IPC Server Responder] INFO  ipc.Server (Server.java:run(1517)) - Stopping IPC Server Responder
2023-02-21 13:41:15,292 [Listener at 127.0.0.1/34503] INFO  server.StorageContainerManager (StorageContainerManager.java:stop(1574)) - Stopping Storage Container Manager HTTP server.
2023-02-21 13:41:15,293 [Listener at 127.0.0.1/34503] INFO  handler.ContextHandler (ContextHandler.java:doStop(1159)) - Stopped o.e.j.w.WebAppContext@350d0a8{scm,/,null,STOPPED}{file:/home/runner/work/ozone/ozone/hadoop-ozone/integration-test/target/test-classes/webapps/scm}
2023-02-21 13:41:15,293 [Listener at 127.0.0.1/34503] INFO  server.AbstractConnector (AbstractConnector.java:doStop(383)) - Stopped ServerConnector@10894672{HTTP/1.1, (http/1.1)}{0.0.0.0:0}
2023-02-21 13:41:15,293 [Listener at 127.0.0.1/34503] INFO  server.session (HouseKeeper.java:stopScavenging(149)) - node0 Stopped scavenging
2023-02-21 13:41:15,295 [Listener at 127.0.0.1/34503] INFO  handler.ContextHandler (ContextHandler.java:doStop(1159)) - Stopped o.e.j.s.ServletContextHandler@736e2c32{static,/static,file:///home/runner/work/ozone/ozone/hadoop-ozone/integration-test/target/test-classes/webapps/static,STOPPED}
2023-02-21 13:41:15,296 [Listener at 127.0.0.1/34503] INFO  handler.ContextHandler (ContextHandler.java:doStop(1159)) - Stopped o.e.j.s.ServletContextHandler@33ea7e06{logs,/logs,file:///home/runner/work/ozone/ozone/hadoop-ozone/integration-test/target/log,STOPPED}
2023-02-21 13:41:15,297 [Listener at 127.0.0.1/34503] INFO  server.StorageContainerManager (StorageContainerManager.java:stop(1580)) - Stopping SCM LayoutVersionManager Service.
2023-02-21 13:41:15,297 [Listener at 127.0.0.1/34503] INFO  server.StorageContainerManager (StorageContainerManager.java:stop(1588)) - Stopping Block Manager Service.
2023-02-21 13:41:15,297 [Listener at 127.0.0.1/34503] INFO  utils.BackgroundService (BackgroundService.java:shutdown(141)) - Shutting down service SCMBlockDeletingService
2023-02-21 13:41:15,299 [Listener at 127.0.0.1/34503] INFO  utils.BackgroundService (BackgroundService.java:shutdown(141)) - Shutting down service SCMBlockDeletingService
2023-02-21 13:41:15,299 [Listener at 127.0.0.1/34503] INFO  server.StorageContainerManager (StorageContainerManager.java:stop(1610)) - Stopping SCM Event Queue.
2023-02-21 13:41:15,302 [Listener at 127.0.0.1/34503] INFO  server.StorageContainerManager (StorageContainerManager.java:stop(1621)) - Stopping SCM HA services.
2023-02-21 13:41:15,302 [Listener at 127.0.0.1/34503] INFO  pipeline.BackgroundPipelineCreator (BackgroundPipelineCreator.java:stop(149)) - Stopping RatisPipelineUtilsThread.
2023-02-21 13:41:15,302 [RatisPipelineUtilsThread - 0] WARN  pipeline.BackgroundPipelineCreator (BackgroundPipelineCreator.java:run(180)) - RatisPipelineUtilsThread is interrupted.
2023-02-21 13:41:15,303 [Listener at 127.0.0.1/34503] INFO  BackgroundPipelineScrubber (BackgroundSCMService.java:stop(131)) - Stopping BackgroundPipelineScrubber Service.
2023-02-21 13:41:15,303 [BackgroundPipelineScrubberThread] WARN  BackgroundPipelineScrubber (BackgroundSCMService.java:run(115)) - BackgroundPipelineScrubber is interrupted, exit
2023-02-21 13:41:15,303 [Listener at 127.0.0.1/34503] INFO  impl.MetricsSystemImpl (MetricsSystemImpl.java:stop(210)) - Stopping HddsDatanode metrics system...
2023-02-21 13:41:15,308 [prometheus] INFO  impl.MetricsSinkAdapter (MetricsSinkAdapter.java:publishMetricsFromQueue(141)) - prometheus thread interrupted.
2023-02-21 13:41:15,308 [Listener at 127.0.0.1/34503] INFO  impl.MetricsSystemImpl (MetricsSystemImpl.java:stop(216)) - HddsDatanode metrics system stopped.
2023-02-21 13:41:15,309 [Listener at 127.0.0.1/34503] WARN  pipeline.BackgroundPipelineCreator (BackgroundPipelineCreator.java:stop(145)) - RatisPipelineUtilsThread is not running, just ignore.
2023-02-21 13:41:15,309 [Listener at 127.0.0.1/34503] INFO  BackgroundPipelineScrubber (BackgroundSCMService.java:stop(126)) - BackgroundPipelineScrubber Service is not running, skip stop.
2023-02-21 13:41:15,309 [Listener at 127.0.0.1/34503] INFO  ExpiredContainerReplicaOpScrubber (BackgroundSCMService.java:stop(131)) - Stopping ExpiredContainerReplicaOpScrubber Service.
2023-02-21 13:41:15,309 [ExpiredContainerReplicaOpScrubberThread] WARN  ExpiredContainerReplicaOpScrubber (BackgroundSCMService.java:run(115)) - ExpiredContainerReplicaOpScrubber is interrupted, exit
2023-02-21 13:41:15,309 [Listener at 127.0.0.1/34503] INFO  utils.BackgroundService (BackgroundService.java:shutdown(141)) - Shutting down service SCMBlockDeletingService
2023-02-21 13:41:15,309 [Listener at 127.0.0.1/34503] INFO  replication.ReplicationManager (ReplicationManager.java:stop(309)) - Replication Monitor Thread is not running.
2023-02-21 13:41:15,309 [Listener at 127.0.0.1/34503] WARN  balancer.ContainerBalancer (ContainerBalancer.java:stop(322)) - Cannot stop Container Balancer because it's not running or stopping
2023-02-21 13:41:15,309 [Listener at 127.0.0.1/34503] INFO  server.StorageContainerManager (StorageContainerManager.java:stop(1639)) - Stopping SCM MetadataStore.
2023-02-21 13:41:15,367 [Listener at 127.0.0.1/34503] WARN  server.ServerUtils (ServerUtils.java:getScmDbDir(148)) - ozone.scm.db.dirs is not configured. We recommend adding this setting. Falling back to ozone.metadata.dirs instead.
2023-02-21 13:41:15,370 [Listener at 127.0.0.1/34503] WARN  server.ServerUtils (ServerUtils.java:getScmDbDir(148)) - ozone.scm.db.dirs is not configured. We recommend adding this setting. Falling back to ozone.metadata.dirs instead.
2023-02-21 13:41:15,370 [Listener at 127.0.0.1/34503] INFO  ha.SCMHANodeDetails (SCMHANodeDetails.java:loadSCMHAConfig(209)) - ServiceID for StorageContainerManager is null
2023-02-21 13:41:15,371 [Listener at 127.0.0.1/34503] INFO  ha.SCMHANodeDetails (SCMHANodeDetails.java:loadSCMHAConfig(214)) - ozone.scm.default.service.id is not defined, falling back to ozone.scm.service.ids to find serviceID for StorageContainerManager if it is HA enabled cluster
2023-02-21 13:41:15,371 [Listener at 127.0.0.1/34503] WARN  utils.HAUtils (HAUtils.java:getMetaDir(342)) - ozone.scm.db.dirs is not configured. We recommend adding this setting. Falling back to ozone.metadata.dirs instead.
2023-02-21 13:41:15,372 [Listener at 127.0.0.1/34503] WARN  db.DBStoreBuilder (DBStoreBuilder.java:applyDBDefinition(172)) - ozone.scm.db.dirs is not configured. We recommend adding this setting. Falling back to ozone.metadata.dirs instead.
2023-02-21 13:41:15,501 [Listener at 127.0.0.1/34503] INFO  net.NodeSchemaLoader (NodeSchemaLoader.java:loadSchemaFromFile(129)) - Loading schema from [jar:file:/home/runner/.m2/repository/org/apache/ozone/hdds-common/1.4.0-SNAPSHOT/hdds-common-1.4.0-SNAPSHOT.jar!/network-topology-default.xml]
2023-02-21 13:41:15,502 [Listener at 127.0.0.1/34503] INFO  net.NodeSchemaLoader (NodeSchemaLoader.java:loadSchema(176)) - Loading network topology layer schema file
2023-02-21 13:41:15,506 [Listener at 127.0.0.1/34503] INFO  upgrade.AbstractLayoutVersionManager (AbstractLayoutVersionManager.java:init(83)) - Initializing Layout version manager with metadata layout = DATANODE_SCHEMA_V3 (version = 4), software layout = DATANODE_SCHEMA_V3 (version = 4)
2023-02-21 13:41:15,555 [Listener at 127.0.0.1/34503] INFO  reflections.Reflections (Reflections.java:scan(232)) - Reflections took 47 ms to scan 7 urls, producing 150 keys and 362 values 
2023-02-21 13:41:15,556 [Listener at 127.0.0.1/34503] INFO  ha.SequenceIdGenerator (SequenceIdGenerator.java:upgradeToSequenceId(349)) - upgrade localId to 111677748019200000
2023-02-21 13:41:15,557 [Listener at 127.0.0.1/34503] INFO  ha.SequenceIdGenerator (SequenceIdGenerator.java:upgradeToSequenceId(359)) - upgrade delTxnId to 0
2023-02-21 13:41:15,557 [Listener at 127.0.0.1/34503] INFO  ha.SequenceIdGenerator (SequenceIdGenerator.java:upgradeToSequenceId(376)) - upgrade containerId to 0
2023-02-21 13:41:15,557 [Listener at 127.0.0.1/34503] INFO  ha.SequenceIdGenerator (SequenceIdGenerator.java:<init>(220)) - Init the HA SequenceIdGenerator.
2023-02-21 13:41:15,557 [Listener at 127.0.0.1/34503] WARN  server.ServerUtils (ServerUtils.java:sanitizeUserArgs(73)) - ozone.scm.stale.node.interval value = 300000 is larger than max = 100000 based on the key value of ozone.scm.heartbeat.thread.interval, reset to the max value 100000.
2023-02-21 13:41:15,557 [Listener at 127.0.0.1/34503] WARN  server.ServerUtils (ServerUtils.java:sanitizeUserArgs(73)) - ozone.scm.stale.node.interval value = 300000 is larger than max = 100000 based on the key value of ozone.scm.heartbeat.thread.interval, reset to the max value 100000.
2023-02-21 13:41:15,558 [Listener at 127.0.0.1/34503] INFO  node.SCMNodeManager (SCMNodeManager.java:<init>(149)) - Entering startup safe mode.
2023-02-21 13:41:15,558 [Listener at 127.0.0.1/34503] INFO  algorithms.ContainerPlacementPolicyFactory (ContainerPlacementPolicyFactory.java:getPolicyInternal(86)) - Create container placement policy of type org.apache.hadoop.hdds.scm.container.placement.algorithms.SCMContainerPlacementRandom
2023-02-21 13:41:15,558 [Listener at 127.0.0.1/34503] INFO  algorithms.ContainerPlacementPolicyFactory (ContainerPlacementPolicyFactory.java:getPolicyInternal(86)) - Create container placement policy of type org.apache.hadoop.hdds.scm.container.placement.algorithms.SCMContainerPlacementRackScatter
2023-02-21 13:41:15,559 [Listener at 127.0.0.1/34503] INFO  pipeline.PipelineStateManagerImpl (PipelineStateManagerImpl.java:initialize(78)) - No pipeline exists in current db
2023-02-21 13:41:15,559 [Listener at 127.0.0.1/34503] INFO  algorithms.LeaderChoosePolicyFactory (LeaderChoosePolicyFactory.java:getPolicy(57)) - Create leader choose policy of type org.apache.hadoop.hdds.scm.pipeline.leader.choose.algorithms.MinLeaderCountChoosePolicy
2023-02-21 13:41:15,559 [Listener at 127.0.0.1/34503] INFO  algorithms.ContainerPlacementPolicyFactory (ContainerPlacementPolicyFactory.java:getPolicyInternal(86)) - Create container placement policy of type org.apache.hadoop.hdds.scm.container.placement.algorithms.SCMContainerPlacementRackScatter
2023-02-21 13:41:15,559 [Listener at 127.0.0.1/34503] INFO  ha.SCMServiceManager (SCMServiceManager.java:register(42)) - Registering service BackgroundPipelineCreator.
2023-02-21 13:41:15,559 [Listener at 127.0.0.1/34503] INFO  pipeline.BackgroundPipelineCreator (BackgroundPipelineCreator.java:start(124)) - Starting RatisPipelineUtilsThread.
2023-02-21 13:41:15,560 [Listener at 127.0.0.1/34503] INFO  BackgroundPipelineScrubber (BackgroundSCMService.java:start(68)) - Starting BackgroundPipelineScrubber Service.
2023-02-21 13:41:15,560 [Listener at 127.0.0.1/34503] INFO  ha.SCMServiceManager (SCMServiceManager.java:register(42)) - Registering service BackgroundPipelineScrubber.
2023-02-21 13:41:15,560 [Listener at 127.0.0.1/34503] INFO  ExpiredContainerReplicaOpScrubber (BackgroundSCMService.java:start(68)) - Starting ExpiredContainerReplicaOpScrubber Service.
2023-02-21 13:41:15,560 [Listener at 127.0.0.1/34503] INFO  ha.SCMServiceManager (SCMServiceManager.java:register(42)) - Registering service ExpiredContainerReplicaOpScrubber.
2023-02-21 13:41:15,562 [Listener at 127.0.0.1/34503] INFO  algorithms.PipelineChoosePolicyFactory (PipelineChoosePolicyFactory.java:createPipelineChoosePolicyFromClass(73)) - Create pipeline choose policy of type org.apache.hadoop.hdds.scm.pipeline.choose.algorithms.RandomPipelineChoosePolicy
2023-02-21 13:41:15,562 [Listener at 127.0.0.1/34503] INFO  ha.SCMServiceManager (SCMServiceManager.java:register(42)) - Registering service SCMBlockDeletingService.
2023-02-21 13:41:15,562 [Listener at 127.0.0.1/34503] INFO  replication.ReplicationManager (ReplicationManager.java:start(266)) - Starting Replication Monitor Thread.
2023-02-21 13:41:15,563 [Listener at 127.0.0.1/34503] INFO  ha.SCMServiceManager (SCMServiceManager.java:register(42)) - Registering service ReplicationManager.
2023-02-21 13:41:15,563 [Listener at 127.0.0.1/34503] INFO  safemode.ContainerSafeModeRule (ContainerSafeModeRule.java:<init>(89)) - containers with one replica threshold count 0
2023-02-21 13:41:15,564 [Listener at 127.0.0.1/34503] INFO  safemode.HealthyPipelineSafeModeRule (HealthyPipelineSafeModeRule.java:initializeRule(169)) - Total pipeline count is 0, healthy pipeline threshold count is 1
2023-02-21 13:41:15,564 [Listener at 127.0.0.1/34503] INFO  safemode.OneReplicaPipelineSafeModeRule (OneReplicaPipelineSafeModeRule.java:initializeRule(180)) - Total pipeline count is 0, pipeline's with at least one datanode reported threshold count is 0
2023-02-21 13:41:15,565 [Listener at 127.0.0.1/34503] INFO  ipc.CallQueueManager (CallQueueManager.java:<init>(90)) - Using callQueue: class java.util.concurrent.LinkedBlockingQueue, queueCapacity: 2000, scheduler: class org.apache.hadoop.ipc.DefaultRpcScheduler, ipcBackoff: false.
2023-02-21 13:41:15,565 [ReplicationMonitor] INFO  replication.ReplicationManager (ReplicationManager.java:processAll(341)) - Replication Manager is not ready to run until 3000ms after safemode exit
2023-02-21 13:41:15,566 [Socket Reader #1 for port 0] INFO  ipc.Server (Server.java:run(1273)) - Starting Socket Reader #1 for port 0
2023-02-21 13:41:15,567 [Listener at 0.0.0.0/37517] INFO  ipc.CallQueueManager (CallQueueManager.java:<init>(90)) - Using callQueue: class java.util.concurrent.LinkedBlockingQueue, queueCapacity: 2000, scheduler: class org.apache.hadoop.ipc.DefaultRpcScheduler, ipcBackoff: false.
2023-02-21 13:41:15,567 [Socket Reader #1 for port 0] INFO  ipc.Server (Server.java:run(1273)) - Starting Socket Reader #1 for port 0
2023-02-21 13:41:15,568 [Listener at 0.0.0.0/43879] INFO  ipc.CallQueueManager (CallQueueManager.java:<init>(90)) - Using callQueue: class java.util.concurrent.LinkedBlockingQueue, queueCapacity: 2000, scheduler: class org.apache.hadoop.ipc.DefaultRpcScheduler, ipcBackoff: false.
2023-02-21 13:41:15,568 [Socket Reader #1 for port 0] INFO  ipc.Server (Server.java:run(1273)) - Starting Socket Reader #1 for port 0
2023-02-21 13:41:15,581 [Listener at 0.0.0.0/38445] INFO  ha.SCMServiceManager (SCMServiceManager.java:register(42)) - Registering service ContainerBalancer.
2023-02-21 13:41:15,581 [Listener at 0.0.0.0/38445] INFO  server.StorageContainerManager (StorageContainerManager.java:<init>(402)) - 
Container Balancer status:
Key                            Value
Running                        true
Container Balancer Configuration values:
Key                                                Value
Threshold                                          10
Max Datanodes to Involve per Iteration(percent)    20
Max Size to Move per Iteration                     500GB
Max Size Entering Target per Iteration             26GB
Max Size Leaving Source per Iteration              26GB

2023-02-21 13:41:15,581 [Listener at 0.0.0.0/38445] INFO  ha.SCMContext (SCMContext.java:updateSafeModeStatus(228)) - Update SafeModeStatus from SafeModeStatus{safeModeStatus=true, preCheckPassed=false} to SafeModeStatus{safeModeStatus=true, preCheckPassed=false}.
2023-02-21 13:41:15,582 [Listener at 0.0.0.0/38445] INFO  server.StorageContainerManager (StorageContainerManager.java:start(1436)) - StorageContainerLocationProtocol RPC server is listening at /0.0.0.0:38445
2023-02-21 13:41:15,584 [Listener at 0.0.0.0/38445] WARN  impl.MetricsConfig (MetricsConfig.java:loadFirst(136)) - Cannot locate configuration: tried hadoop-metrics2-storagecontainermanager.properties,hadoop-metrics2.properties
2023-02-21 13:41:15,584 [Listener at 0.0.0.0/38445] INFO  impl.MetricsSystemImpl (MetricsSystemImpl.java:startTimer(378)) - Scheduled Metric snapshot period at 10 second(s).
2023-02-21 13:41:15,584 [Listener at 0.0.0.0/38445] INFO  impl.MetricsSystemImpl (MetricsSystemImpl.java:start(191)) - StorageContainerManager metrics system started
2023-02-21 13:41:15,589 [Listener at 0.0.0.0/38445] INFO  impl.MetricsSinkAdapter (MetricsSinkAdapter.java:start(204)) - Sink prometheus started
2023-02-21 13:41:15,589 [Listener at 0.0.0.0/38445] INFO  impl.MetricsSystemImpl (MetricsSystemImpl.java:registerSink(305)) - Registered sink prometheus
2023-02-21 13:41:15,607 [Listener at 0.0.0.0/38445] INFO  server.SCMClientProtocolServer (SCMClientProtocolServer.java:start(176)) - RPC server for Client  is listening at /0.0.0.0:38445
2023-02-21 13:41:15,607 [IPC Server Responder] INFO  ipc.Server (Server.java:run(1512)) - IPC Server Responder: starting
2023-02-21 13:41:15,607 [IPC Server listener on 0] INFO  ipc.Server (Server.java:run(1352)) - IPC Server listener on 0: starting
2023-02-21 13:41:15,609 [Listener at 0.0.0.0/38445] INFO  server.StorageContainerManager (StorageContainerManager.java:start(1450)) - ScmBlockLocationProtocol RPC server is listening at /0.0.0.0:43879
2023-02-21 13:41:15,610 [Listener at 0.0.0.0/38445] INFO  server.SCMBlockProtocolServer (SCMBlockProtocolServer.java:start(152)) - RPC server for Block Protocol is listening at /0.0.0.0:43879
2023-02-21 13:41:15,610 [IPC Server Responder] INFO  ipc.Server (Server.java:run(1512)) - IPC Server Responder: starting
2023-02-21 13:41:15,610 [IPC Server listener on 0] INFO  ipc.Server (Server.java:run(1352)) - IPC Server listener on 0: starting
2023-02-21 13:41:15,615 [Listener at 0.0.0.0/38445] INFO  server.SCMDatanodeProtocolServer (SCMDatanodeProtocolServer.java:start(193)) - ScmDatanodeProtocol RPC server for DataNodes is listening at /0.0.0.0:37517
2023-02-21 13:41:15,615 [IPC Server Responder] INFO  ipc.Server (Server.java:run(1512)) - IPC Server Responder: starting
2023-02-21 13:41:15,616 [IPC Server listener on 0] INFO  ipc.Server (Server.java:run(1352)) - IPC Server listener on 0: starting
2023-02-21 13:41:15,619 [org.apache.hadoop.util.JvmPauseMonitor$Monitor@5e35cab4] INFO  util.JvmPauseMonitor (JvmPauseMonitor.java:run(188)) - Starting JVM pause monitor
2023-02-21 13:41:15,619 [Listener at 0.0.0.0/38445] INFO  http.BaseHttpServer (BaseHttpServer.java:newHttpServer2BuilderForOzone(213)) - Starting Web-server for scm at: http://0.0.0.0:0
2023-02-21 13:41:15,620 [Listener at 0.0.0.0/38445] INFO  http.BaseHttpServer (BaseHttpServer.java:<init>(108)) - Hadoop Security Enabled: false Ozone Security Enabled: false Ozone HTTP Security Enabled: false 
2023-02-21 13:41:15,621 [Listener at 0.0.0.0/38445] WARN  server.AuthenticationFilter (AuthenticationFilter.java:constructSecretProvider(240)) - Unable to initialize FileSignerSecretProvider, falling back to use random secrets. Reason: Could not read signature secret file: /home/runner/hadoop-http-auth-signature-secret
2023-02-21 13:41:15,622 [Listener at 0.0.0.0/38445] WARN  http.HttpRequestLog (HttpRequestLog.java:getRequestLog(103)) - Jetty request log can only be enabled using Log4j
2023-02-21 13:41:15,624 [Listener at 0.0.0.0/38445] INFO  http.HttpServer2 (HttpServer2.java:addGlobalFilter(1031)) - Added global filter 'safety' (class=org.apache.hadoop.hdds.server.http.HttpServer2$QuotingInputFilter)
2023-02-21 13:41:15,625 [Listener at 0.0.0.0/38445] INFO  http.HttpServer2 (HttpServer2.java:addFilter(1007)) - Added filter static_user_filter (class=org.apache.hadoop.http.lib.StaticUserWebFilter$StaticUserFilter) to context scm
2023-02-21 13:41:15,625 [Listener at 0.0.0.0/38445] INFO  http.HttpServer2 (HttpServer2.java:addFilter(1015)) - Added filter static_user_filter (class=org.apache.hadoop.http.lib.StaticUserWebFilter$StaticUserFilter) to context static
2023-02-21 13:41:15,625 [Listener at 0.0.0.0/38445] INFO  http.HttpServer2 (HttpServer2.java:addFilter(1015)) - Added filter static_user_filter (class=org.apache.hadoop.http.lib.StaticUserWebFilter$StaticUserFilter) to context logs
2023-02-21 13:41:15,627 [Listener at 0.0.0.0/38445] INFO  http.HttpServer2 (HttpServer2.java:bindListener(1250)) - Jetty bound to port 41557
2023-02-21 13:41:15,627 [Listener at 0.0.0.0/38445] INFO  server.Server (Server.java:doStart(375)) - jetty-9.4.49.v20220914; built: 2022-09-14T01:07:36.601Z; git: 4231a3b2e4cb8548a412a789936d640a97b1aa0a; jvm 1.8.0_362-b09
2023-02-21 13:41:15,629 [Listener at 0.0.0.0/38445] INFO  server.session (DefaultSessionIdManager.java:doStart(334)) - DefaultSessionIdManager workerName=node0
2023-02-21 13:41:15,629 [Listener at 0.0.0.0/38445] INFO  server.session (DefaultSessionIdManager.java:doStart(339)) - No SessionScavenger set, using defaults
2023-02-21 13:41:15,629 [Listener at 0.0.0.0/38445] INFO  server.session (HouseKeeper.java:startScavenging(132)) - node0 Scavenging every 600000ms
2023-02-21 13:41:15,630 [Listener at 0.0.0.0/38445] INFO  handler.ContextHandler (ContextHandler.java:doStart(921)) - Started o.e.j.s.ServletContextHandler@6f360d61{logs,/logs,file:///home/runner/work/ozone/ozone/hadoop-ozone/integration-test/target/log,AVAILABLE}
2023-02-21 13:41:15,630 [Listener at 0.0.0.0/38445] INFO  handler.ContextHandler (ContextHandler.java:doStart(921)) - Started o.e.j.s.ServletContextHandler@751ea31d{static,/static,file:///home/runner/work/ozone/ozone/hadoop-ozone/integration-test/target/test-classes/webapps/static,AVAILABLE}
2023-02-21 13:41:15,634 [Listener at 0.0.0.0/38445] INFO  handler.ContextHandler (ContextHandler.java:doStart(921)) - Started o.e.j.w.WebAppContext@479c6b24{scm,/,file:///home/runner/work/ozone/ozone/hadoop-ozone/integration-test/target/test-classes/webapps/scm/,AVAILABLE}{file:/home/runner/work/ozone/ozone/hadoop-ozone/integration-test/target/test-classes/webapps/scm}
2023-02-21 13:41:15,635 [Listener at 0.0.0.0/38445] INFO  server.AbstractConnector (AbstractConnector.java:doStart(333)) - Started ServerConnector@5275f18a{HTTP/1.1, (http/1.1)}{0.0.0.0:41557}
2023-02-21 13:41:15,635 [Listener at 0.0.0.0/38445] INFO  server.Server (Server.java:doStart(415)) - Started @224350ms
2023-02-21 13:41:15,635 [Listener at 0.0.0.0/38445] WARN  impl.MetricsSystemImpl (MetricsSystemImpl.java:register(279)) - Sink prometheus already exists!
2023-02-21 13:41:15,636 [Listener at 0.0.0.0/38445] INFO  http.BaseHttpServer (BaseHttpServer.java:updateConnectorAddress(333)) - HTTP server of scm listening at http://0.0.0.0:41557
2023-02-21 13:41:15,636 [Listener at 0.0.0.0/38445] WARN  server.ServerUtils (ServerUtils.java:getDBPath(225)) - ozone.om.db.dirs is not configured. We recommend adding this setting. Falling back to ozone.metadata.dirs instead.
2023-02-21 13:41:15,638 [Listener at 0.0.0.0/38445] INFO  ha.OMHANodeDetails (OMHANodeDetails.java:loadOMHAConfig(115)) - ozone.om.internal.service.id is not defined, falling back to ozone.om.service.ids to find serviceID for OzoneManager if it is HA enabled cluster
2023-02-21 13:41:15,638 [Listener at 0.0.0.0/38445] INFO  ha.OMHANodeDetails (OMHANodeDetails.java:loadOMHAConfig(226)) - Configuration does not have ozone.om.address set. Falling back to the default OM address /127.0.0.1:0
2023-02-21 13:41:15,639 [Listener at 0.0.0.0/38445] INFO  ha.OMHANodeDetails (OMHANodeDetails.java:getOMNodeDetailsForNonHA(254)) - OM Service ID is not set. Setting it to the default ID: omServiceIdDefault
2023-02-21 13:41:15,639 [Listener at 0.0.0.0/38445] INFO  ha.OMHANodeDetails (OMHANodeDetails.java:getOMNodeDetailsForNonHA(261)) - OM Node ID is not set. Setting it to the default ID: om1
2023-02-21 13:41:15,639 [Listener at 0.0.0.0/38445] WARN  server.ServerUtils (ServerUtils.java:getDBPath(225)) - ozone.om.db.dirs is not configured. We recommend adding this setting. Falling back to ozone.metadata.dirs instead.
2023-02-21 13:41:15,640 [Listener at 0.0.0.0/38445] INFO  upgrade.AbstractLayoutVersionManager (AbstractLayoutVersionManager.java:init(83)) - Initializing Layout version manager with metadata layout = MULTITENANCY_SCHEMA (version = 3), software layout = MULTITENANCY_SCHEMA (version = 3)
2023-02-21 13:41:15,713 [Listener at 0.0.0.0/38445] INFO  reflections.Reflections (Reflections.java:scan(232)) - Reflections took 72 ms to scan 2 urls, producing 166 keys and 457 values [using 2 cores]
2023-02-21 13:41:15,714 [Listener at 0.0.0.0/38445] INFO  upgrade.OMLayoutVersionManager (OMLayoutVersionManager.java:lambda$0(115)) - Skipping Upgrade Action MockOmUpgradeAction since it has been finalized.
2023-02-21 13:41:15,714 [Listener at 0.0.0.0/38445] WARN  server.ServerUtils (ServerUtils.java:getDBPath(225)) - ozone.om.db.dirs is not configured. We recommend adding this setting. Falling back to ozone.metadata.dirs instead.
2023-02-21 13:41:15,715 [Listener at 0.0.0.0/38445] INFO  proxy.SCMBlockLocationFailoverProxyProvider (SCMBlockLocationFailoverProxyProvider.java:<init>(114)) - Created block location fail-over proxy with 1 nodes: [nodeId=scmNodeId,nodeAddress=/0.0.0.0:43879]
2023-02-21 13:41:15,717 [Listener at 0.0.0.0/38445] INFO  proxy.SCMBlockLocationFailoverProxyProvider (SCMBlockLocationFailoverProxyProvider.java:<init>(114)) - Created block location fail-over proxy with 1 nodes: [nodeId=scmNodeId,nodeAddress=/0.0.0.0:43879]
2023-02-21 13:41:15,726 [Listener at 0.0.0.0/38445] INFO  om.OzoneManager (OzoneManager.java:<init>(615)) - OM start with adminUsers: [runner]
2023-02-21 13:41:15,727 [Listener at 0.0.0.0/38445] WARN  server.ServerUtils (ServerUtils.java:getDBPath(225)) - ozone.om.db.dirs is not configured. We recommend adding this setting. Falling back to ozone.metadata.dirs instead.
2023-02-21 13:41:15,728 [Listener at 0.0.0.0/38445] INFO  codec.OmKeyInfoCodec (OmKeyInfoCodec.java:<init>(49)) - OmKeyInfoCodec ignorePipeline = true
2023-02-21 13:41:15,728 [Listener at 0.0.0.0/38445] INFO  codec.RepeatedOmKeyInfoCodec (RepeatedOmKeyInfoCodec.java:<init>(41)) - RepeatedOmKeyInfoCodec ignorePipeline = true
2023-02-21 13:41:15,934 [Listener at 0.0.0.0/38445] INFO  om.OzoneManager (OzoneManager.java:instantiateServices(745)) - S3 Multi-Tenancy is disabled
2023-02-21 13:41:15,939 [Listener at 0.0.0.0/38445] WARN  server.ServerUtils (ServerUtils.java:getDBPath(225)) - ozone.om.snapshot.diff.db.dir is not configured. We recommend adding this setting. Falling back to ozone.metadata.dirs instead.
2023-02-21 13:41:15,951 [Listener at 0.0.0.0/38445] INFO  om.OzoneManager (OzoneManager.java:addS3GVolumeToDB(4177)) - Created Volume s3v With Owner runner required for S3Gateway operations.
2023-02-21 13:41:15,951 [Listener at 0.0.0.0/38445] INFO  om.OzoneManager (OzoneManager.java:getRpcServer(1128)) - Creating RPC Server
2023-02-21 13:41:16,330 [Listener at 0.0.0.0/38445] INFO  reflections.Reflections (Reflections.java:scan(232)) - Reflections took 377 ms to scan 19 urls, producing 69 keys and 4830 values [using 2 cores]
2023-02-21 13:41:16,332 [Listener at 0.0.0.0/38445] INFO  ipc.CallQueueManager (CallQueueManager.java:<init>(90)) - Using callQueue: class java.util.concurrent.LinkedBlockingQueue, queueCapacity: 2000, scheduler: class org.apache.hadoop.ipc.DefaultRpcScheduler, ipcBackoff: false.
2023-02-21 13:41:16,332 [Socket Reader #1 for port 0] INFO  ipc.Server (Server.java:run(1273)) - Starting Socket Reader #1 for port 0
2023-02-21 13:41:16,351 [Listener at 127.0.0.1/40765] INFO  impl.MetricsSystemImpl (MetricsSystemImpl.java:init(158)) - OzoneManager metrics system started (again)
2023-02-21 13:41:16,361 [Listener at 127.0.0.1/40765] INFO  om.OzoneManager (OzoneManager.java:start(1548)) - OzoneManager RPC server is listening at localhost/127.0.0.1:40765
2023-02-21 13:41:16,361 [Listener at 127.0.0.1/40765] INFO  om.OzoneManager (OzoneManager.java:start(1564)) - Version File has different layout version (3) than OM DB (null). That is expected if this OM has never been finalized to a newer layout version.
2023-02-21 13:41:16,372 [Listener at 127.0.0.1/40765] INFO  http.BaseHttpServer (BaseHttpServer.java:newHttpServer2BuilderForOzone(213)) - Starting Web-server for ozoneManager at: http://0.0.0.0:0
2023-02-21 13:41:16,373 [Listener at 127.0.0.1/40765] INFO  http.BaseHttpServer (BaseHttpServer.java:<init>(108)) - Hadoop Security Enabled: false Ozone Security Enabled: false Ozone HTTP Security Enabled: false 
2023-02-21 13:41:16,373 [Listener at 127.0.0.1/40765] WARN  server.AuthenticationFilter (AuthenticationFilter.java:constructSecretProvider(240)) - Unable to initialize FileSignerSecretProvider, falling back to use random secrets. Reason: Could not read signature secret file: /home/runner/hadoop-http-auth-signature-secret
2023-02-21 13:41:16,374 [Listener at 127.0.0.1/40765] WARN  http.HttpRequestLog (HttpRequestLog.java:getRequestLog(103)) - Jetty request log can only be enabled using Log4j
2023-02-21 13:41:16,375 [Listener at 127.0.0.1/40765] INFO  http.HttpServer2 (HttpServer2.java:addGlobalFilter(1031)) - Added global filter 'safety' (class=org.apache.hadoop.hdds.server.http.HttpServer2$QuotingInputFilter)
2023-02-21 13:41:16,376 [Listener at 127.0.0.1/40765] INFO  http.HttpServer2 (HttpServer2.java:addFilter(1007)) - Added filter static_user_filter (class=org.apache.hadoop.http.lib.StaticUserWebFilter$StaticUserFilter) to context ozoneManager
2023-02-21 13:41:16,376 [Listener at 127.0.0.1/40765] INFO  http.HttpServer2 (HttpServer2.java:addFilter(1015)) - Added filter static_user_filter (class=org.apache.hadoop.http.lib.StaticUserWebFilter$StaticUserFilter) to context logs
2023-02-21 13:41:16,376 [Listener at 127.0.0.1/40765] INFO  http.HttpServer2 (HttpServer2.java:addFilter(1015)) - Added filter static_user_filter (class=org.apache.hadoop.http.lib.StaticUserWebFilter$StaticUserFilter) to context static
2023-02-21 13:41:16,377 [Listener at 127.0.0.1/40765] INFO  http.HttpServer2 (HttpServer2.java:bindListener(1250)) - Jetty bound to port 42811
2023-02-21 13:41:16,377 [Listener at 127.0.0.1/40765] INFO  server.Server (Server.java:doStart(375)) - jetty-9.4.49.v20220914; built: 2022-09-14T01:07:36.601Z; git: 4231a3b2e4cb8548a412a789936d640a97b1aa0a; jvm 1.8.0_362-b09
2023-02-21 13:41:16,378 [Listener at 127.0.0.1/40765] INFO  server.session (DefaultSessionIdManager.java:doStart(334)) - DefaultSessionIdManager workerName=node0
2023-02-21 13:41:16,379 [Listener at 127.0.0.1/40765] INFO  server.session (DefaultSessionIdManager.java:doStart(339)) - No SessionScavenger set, using defaults
2023-02-21 13:41:16,379 [Listener at 127.0.0.1/40765] INFO  server.session (HouseKeeper.java:startScavenging(132)) - node0 Scavenging every 600000ms
2023-02-21 13:41:16,382 [Listener at 127.0.0.1/40765] INFO  handler.ContextHandler (ContextHandler.java:doStart(921)) - Started o.e.j.s.ServletContextHandler@5f1750df{logs,/logs,file:///home/runner/work/ozone/ozone/hadoop-ozone/integration-test/target/log,AVAILABLE}
2023-02-21 13:41:16,383 [Listener at 127.0.0.1/40765] INFO  handler.ContextHandler (ContextHandler.java:doStart(921)) - Started o.e.j.s.ServletContextHandler@300647dd{static,/static,file:///home/runner/work/ozone/ozone/hadoop-ozone/integration-test/target/test-classes/webapps/static,AVAILABLE}
2023-02-21 13:41:16,386 [Listener at 127.0.0.1/40765] INFO  handler.ContextHandler (ContextHandler.java:doStart(921)) - Started o.e.j.w.WebAppContext@18108ddb{ozoneManager,/,file:///home/runner/work/ozone/ozone/hadoop-ozone/integration-test/target/test-classes/webapps/ozoneManager/,AVAILABLE}{file:/home/runner/work/ozone/ozone/hadoop-ozone/integration-test/target/test-classes/webapps/ozoneManager}
2023-02-21 13:41:16,388 [Listener at 127.0.0.1/40765] INFO  server.AbstractConnector (AbstractConnector.java:doStart(333)) - Started ServerConnector@7f595b15{HTTP/1.1, (http/1.1)}{0.0.0.0:42811}
2023-02-21 13:41:16,388 [Listener at 127.0.0.1/40765] INFO  server.Server (Server.java:doStart(415)) - Started @225102ms
2023-02-21 13:41:16,388 [Listener at 127.0.0.1/40765] WARN  impl.MetricsSystemImpl (MetricsSystemImpl.java:register(279)) - Sink prometheus already exists!
2023-02-21 13:41:16,388 [Listener at 127.0.0.1/40765] INFO  http.BaseHttpServer (BaseHttpServer.java:updateConnectorAddress(333)) - HTTP server of ozoneManager listening at http://0.0.0.0:42811
2023-02-21 13:41:16,389 [IPC Server Responder] INFO  ipc.Server (Server.java:run(1512)) - IPC Server Responder: starting
2023-02-21 13:41:16,389 [IPC Server listener on 0] INFO  ipc.Server (Server.java:run(1352)) - IPC Server listener on 0: starting
2023-02-21 13:41:16,392 [Listener at 127.0.0.1/40765] INFO  om.TrashPolicyOzone (TrashPolicyOzone.java:<init>(277)) - Ozone Manager trash configuration: Deletion interval = 0 minutes, Emptier interval = 0 minutes.
2023-02-21 13:41:16,393 [org.apache.hadoop.util.JvmPauseMonitor$Monitor@56e9cbee] INFO  util.JvmPauseMonitor (JvmPauseMonitor.java:run(188)) - Starting JVM pause monitor
2023-02-21 13:41:16,405 [Listener at 127.0.0.1/40765] INFO  impl.MetricsSystemImpl (MetricsSystemImpl.java:init(158)) - HddsDatanode metrics system started (again)
2023-02-21 13:41:16,417 [Listener at 127.0.0.1/40765] INFO  ozone.HddsDatanodeService (HddsDatanodeService.java:start(228)) - HddsDatanodeService host:fv-az318-260.ewvrrcgabbbubjc05i3n4a3pph.dx.internal.cloudapp.net ip:10.1.0.81
2023-02-21 13:41:16,449 [Listener at 127.0.0.1/40765] INFO  upgrade.AbstractLayoutVersionManager (AbstractLayoutVersionManager.java:init(83)) - Initializing Layout version manager with metadata layout = DATANODE_SCHEMA_V3 (version = 4), software layout = DATANODE_SCHEMA_V3 (version = 4)
2023-02-21 13:41:16,495 [Listener at 127.0.0.1/40765] INFO  reflections.Reflections (Reflections.java:scan(232)) - Reflections took 45 ms to scan 7 urls, producing 150 keys and 362 values 
2023-02-21 13:41:16,496 [Listener at 127.0.0.1/40765] INFO  statemachine.DatanodeStateMachine (DatanodeStateMachine.java:getEndPointTaskThreadPoolSize(260)) - Datanode State Machine Task Thread Pool size 2
2023-02-21 13:41:16,499 [Listener at 127.0.0.1/40765] INFO  volume.HddsVolume (HddsVolume.java:<init>(122)) - Creating HddsVolume: /home/runner/work/ozone/ozone/hadoop-ozone/integration-test/target/test-dir/MiniOzoneClusterImpl-5c741f75-a5c3-4524-84b8-0544f40d398a/datanode-0/data-0/containers/hdds of storage type : DISK capacity : 9223372036854775807
2023-02-21 13:41:16,499 [Listener at 127.0.0.1/40765] INFO  volume.MutableVolumeSet (MutableVolumeSet.java:initializeVolumeSet(174)) - Added Volume : /home/runner/work/ozone/ozone/hadoop-ozone/integration-test/target/test-dir/MiniOzoneClusterImpl-5c741f75-a5c3-4524-84b8-0544f40d398a/datanode-0/data-0/containers/hdds to VolumeSet
2023-02-21 13:41:16,500 [Listener at 127.0.0.1/40765] INFO  volume.ThrottledAsyncChecker (ThrottledAsyncChecker.java:schedule(141)) - Scheduling a check for /home/runner/work/ozone/ozone/hadoop-ozone/integration-test/target/test-dir/MiniOzoneClusterImpl-5c741f75-a5c3-4524-84b8-0544f40d398a/datanode-0/data-0/containers/hdds
2023-02-21 13:41:16,501 [Listener at 127.0.0.1/40765] INFO  volume.StorageVolumeChecker (StorageVolumeChecker.java:checkAllVolumes(202)) - Scheduled health check for volume /home/runner/work/ozone/ozone/hadoop-ozone/integration-test/target/test-dir/MiniOzoneClusterImpl-5c741f75-a5c3-4524-84b8-0544f40d398a/datanode-0/data-0/containers/hdds
2023-02-21 13:41:16,513 [Listener at 127.0.0.1/40765] INFO  volume.MutableVolumeSet (MutableVolumeSet.java:initializeVolumeSet(174)) - Added Volume : /home/runner/work/ozone/ozone/hadoop-ozone/integration-test/target/test-dir/MiniOzoneClusterImpl-5c741f75-a5c3-4524-84b8-0544f40d398a/datanode-0/data/ratis to VolumeSet
2023-02-21 13:41:16,513 [Listener at 127.0.0.1/40765] INFO  volume.ThrottledAsyncChecker (ThrottledAsyncChecker.java:schedule(141)) - Scheduling a check for /home/runner/work/ozone/ozone/hadoop-ozone/integration-test/target/test-dir/MiniOzoneClusterImpl-5c741f75-a5c3-4524-84b8-0544f40d398a/datanode-0/data/ratis
2023-02-21 13:41:16,514 [Listener at 127.0.0.1/40765] INFO  volume.StorageVolumeChecker (StorageVolumeChecker.java:checkAllVolumes(202)) - Scheduled health check for volume /home/runner/work/ozone/ozone/hadoop-ozone/integration-test/target/test-dir/MiniOzoneClusterImpl-5c741f75-a5c3-4524-84b8-0544f40d398a/datanode-0/data/ratis
2023-02-21 13:41:16,526 [Thread-1456] INFO  ozoneimpl.ContainerReader (ContainerReader.java:readVolume(175)) - Finish verifying containers on volume /home/runner/work/ozone/ozone/hadoop-ozone/integration-test/target/test-dir/MiniOzoneClusterImpl-5c741f75-a5c3-4524-84b8-0544f40d398a/datanode-0/data-0/containers/hdds
2023-02-21 13:41:16,530 [Listener at 127.0.0.1/40765] INFO  ozoneimpl.OzoneContainer (OzoneContainer.java:buildContainerSet(304)) - Build ContainerSet costs 0s
2023-02-21 13:41:16,532 [Listener at 127.0.0.1/40765] INFO  server.RaftServer (ConfUtils.java:logGet(46)) - raft.rpc.type = GRPC (default)
2023-02-21 13:41:16,532 [Listener at 127.0.0.1/40765] INFO  grpc.GrpcConfigKeys (ConfUtils.java:logFallback(53)) - raft.grpc.admin.host = null (fallback to raft.grpc.server.host)
2023-02-21 13:41:16,532 [Listener at 127.0.0.1/40765] INFO  grpc.GrpcConfigKeys (ConfUtils.java:logGet(46)) - raft.grpc.admin.port = 0 (custom)
2023-02-21 13:41:16,533 [Listener at 127.0.0.1/40765] INFO  grpc.GrpcConfigKeys (ConfUtils.java:logFallback(53)) - raft.grpc.client.host = null (fallback to raft.grpc.server.host)
2023-02-21 13:41:16,533 [Listener at 127.0.0.1/40765] INFO  grpc.GrpcConfigKeys (ConfUtils.java:logGet(46)) - raft.grpc.client.port = 0 (custom)
2023-02-21 13:41:16,533 [Listener at 127.0.0.1/40765] INFO  grpc.GrpcConfigKeys (ConfUtils.java:logGet(46)) - raft.grpc.server.host = null (default)
2023-02-21 13:41:16,533 [Listener at 127.0.0.1/40765] INFO  grpc.GrpcConfigKeys (ConfUtils.java:logGet(46)) - raft.grpc.server.port = 0 (default)
2023-02-21 13:41:16,533 [Listener at 127.0.0.1/40765] INFO  server.GrpcService (ConfUtils.java:logGet(46)) - raft.grpc.message.size.max = 32MB (=33554432) (custom)
2023-02-21 13:41:16,533 [Listener at 127.0.0.1/40765] INFO  server.RaftServerConfigKeys (ConfUtils.java:logGet(46)) - raft.server.log.appender.buffer.byte-limit = 33554432 (custom)
2023-02-21 13:41:16,533 [Listener at 127.0.0.1/40765] INFO  server.GrpcService (ConfUtils.java:logGet(46)) - raft.grpc.flow.control.window = 5MB (=5242880) (custom)
2023-02-21 13:41:16,533 [Listener at 127.0.0.1/40765] INFO  server.RaftServerConfigKeys (ConfUtils.java:logGet(46)) - raft.server.rpc.request.timeout = 60s (custom)
2023-02-21 13:41:16,534 [Listener at 127.0.0.1/40765] INFO  grpc.GrpcConfigKeys (ConfUtils.java:logGet(46)) - raft.grpc.server.heartbeat.channel = true (default)
2023-02-21 13:41:16,534 [Listener at 127.0.0.1/40765] INFO  grpc.GrpcConfigKeys (ConfUtils.java:logGet(46)) - raft.grpc.server.async.request.thread.pool.cached = true (default)
2023-02-21 13:41:16,534 [Listener at 127.0.0.1/40765] INFO  grpc.GrpcConfigKeys (ConfUtils.java:logGet(46)) - raft.grpc.server.async.request.thread.pool.size = 32 (default)
2023-02-21 13:41:16,535 [Listener at 127.0.0.1/40765] INFO  impl.DataStreamServerImpl (ConfUtils.java:logGet(46)) - raft.datastream.type = NETTY (custom)
2023-02-21 13:41:16,536 [Listener at 127.0.0.1/40765] INFO  server.RaftServerConfigKeys (ConfUtils.java:logGet(46)) - raft.server.data-stream.async.request.thread.pool.cached = false (default)
2023-02-21 13:41:16,536 [Listener at 127.0.0.1/40765] INFO  server.RaftServerConfigKeys (ConfUtils.java:logGet(46)) - raft.server.data-stream.async.request.thread.pool.size = 20 (custom)
2023-02-21 13:41:16,536 [Listener at 127.0.0.1/40765] INFO  server.RaftServerConfigKeys (ConfUtils.java:logGet(46)) - raft.server.data-stream.async.write.thread.pool.size = 16 (default)
2023-02-21 13:41:16,536 [Listener at 127.0.0.1/40765] INFO  server.RaftServerConfigKeys (ConfUtils.java:logGet(46)) - raft.server.data-stream.client.pool.size = 10 (default)
2023-02-21 13:41:16,536 [Listener at 127.0.0.1/40765] INFO  netty.NettyConfigKeys$DataStream (ConfUtils.java:logGet(46)) - raft.netty.dataStream.server.use-epoll = false (default)
2023-02-21 13:41:16,536 [Listener at 127.0.0.1/40765] INFO  netty.NettyConfigKeys$DataStream (ConfUtils.java:logGet(46)) - raft.netty.dataStream.server.boss-group.size = 0 (default)
2023-02-21 13:41:16,537 [Listener at 127.0.0.1/40765] INFO  netty.NettyConfigKeys$DataStream (ConfUtils.java:logGet(46)) - raft.netty.dataStream.server.worker-group.size = 0 (default)
2023-02-21 13:41:16,537 [Listener at 127.0.0.1/40765] INFO  netty.NettyConfigKeys$DataStream (ConfUtils.java:logGet(46)) - raft.netty.dataStream.server.tls.conf = null (default)
2023-02-21 13:41:16,537 [Listener at 127.0.0.1/40765] INFO  netty.NettyConfigKeys$DataStream (ConfUtils.java:logGet(46)) - raft.netty.dataStream.host = null (default)
2023-02-21 13:41:16,537 [Listener at 127.0.0.1/40765] INFO  netty.NettyConfigKeys$DataStream (ConfUtils.java:logGet(46)) - raft.netty.dataStream.port = 0 (default)
2023-02-21 13:41:16,538 [Listener at 127.0.0.1/40765] INFO  server.RaftServerConfigKeys (ConfUtils.java:logGet(46)) - raft.server.threadpool.proxy.cached = true (default)
2023-02-21 13:41:16,538 [Listener at 127.0.0.1/40765] INFO  server.RaftServerConfigKeys (ConfUtils.java:logGet(46)) - raft.server.threadpool.proxy.size = 0 (default)
2023-02-21 13:41:16,538 [Listener at 127.0.0.1/40765] INFO  server.RaftServerConfigKeys (ConfUtils.java:logGet(46)) - raft.server.rpc.slowness.timeout = 300s (custom)
2023-02-21 13:41:16,539 [Listener at 127.0.0.1/40765] INFO  server.RaftServerConfigKeys (ConfUtils.java:logGet(46)) - raft.server.leaderelection.leader.step-down.wait-time = 10s (default)
2023-02-21 13:41:16,539 [Listener at 127.0.0.1/40765] INFO  server.RaftServerConfigKeys (ConfUtils.java:logGet(46)) - raft.server.storage.dir = [/home/runner/work/ozone/ozone/hadoop-ozone/integration-test/target/test-dir/MiniOzoneClusterImpl-5c741f75-a5c3-4524-84b8-0544f40d398a/datanode-0/data/ratis] (custom)
2023-02-21 13:41:16,539 [30d23356-b820-4c87-80b9-55beb4a3056d-NettyServerStreamRpc-bossGroup--thread1] INFO  logging.LoggingHandler (AbstractInternalLogger.java:log(148)) - [id: 0x3a967f2c] REGISTERED
2023-02-21 13:41:16,539 [30d23356-b820-4c87-80b9-55beb4a3056d-NettyServerStreamRpc-bossGroup--thread1] INFO  logging.LoggingHandler (AbstractInternalLogger.java:log(148)) - [id: 0x3a967f2c] BIND: 0.0.0.0/0.0.0.0:0
2023-02-21 13:41:16,540 [30d23356-b820-4c87-80b9-55beb4a3056d-NettyServerStreamRpc-bossGroup--thread1] INFO  logging.LoggingHandler (AbstractInternalLogger.java:log(148)) - [id: 0x3a967f2c, L:/0:0:0:0:0:0:0:0:40757] ACTIVE
2023-02-21 13:41:16,540 [Listener at 127.0.0.1/40765] INFO  server.XceiverServerGrpc (XceiverServerGrpc.java:<init>(132)) - GrpcServer channel type EpollServerSocketChannel
2023-02-21 13:41:16,544 [Listener at 127.0.0.1/40765] INFO  http.BaseHttpServer (BaseHttpServer.java:newHttpServer2BuilderForOzone(213)) - Starting Web-server for hddsDatanode at: http://0.0.0.0:0
2023-02-21 13:41:16,544 [Listener at 127.0.0.1/40765] INFO  http.BaseHttpServer (BaseHttpServer.java:<init>(108)) - Hadoop Security Enabled: false Ozone Security Enabled: false Ozone HTTP Security Enabled: false 
2023-02-21 13:41:16,545 [Listener at 127.0.0.1/40765] WARN  server.AuthenticationFilter (AuthenticationFilter.java:constructSecretProvider(240)) - Unable to initialize FileSignerSecretProvider, falling back to use random secrets. Reason: Could not read signature secret file: /home/runner/hadoop-http-auth-signature-secret
2023-02-21 13:41:16,547 [Listener at 127.0.0.1/40765] WARN  http.HttpRequestLog (HttpRequestLog.java:getRequestLog(103)) - Jetty request log can only be enabled using Log4j
2023-02-21 13:41:16,548 [Listener at 127.0.0.1/40765] INFO  http.HttpServer2 (HttpServer2.java:addGlobalFilter(1031)) - Added global filter 'safety' (class=org.apache.hadoop.hdds.server.http.HttpServer2$QuotingInputFilter)
2023-02-21 13:41:16,549 [Listener at 127.0.0.1/40765] INFO  http.HttpServer2 (HttpServer2.java:addFilter(1007)) - Added filter static_user_filter (class=org.apache.hadoop.http.lib.StaticUserWebFilter$StaticUserFilter) to context hddsDatanode
2023-02-21 13:41:16,549 [Listener at 127.0.0.1/40765] INFO  http.HttpServer2 (HttpServer2.java:addFilter(1015)) - Added filter static_user_filter (class=org.apache.hadoop.http.lib.StaticUserWebFilter$StaticUserFilter) to context logs
2023-02-21 13:41:16,549 [Listener at 127.0.0.1/40765] INFO  http.HttpServer2 (HttpServer2.java:addFilter(1015)) - Added filter static_user_filter (class=org.apache.hadoop.http.lib.StaticUserWebFilter$StaticUserFilter) to context static
2023-02-21 13:41:16,549 [Listener at 127.0.0.1/40765] INFO  http.HttpServer2 (HttpServer2.java:bindListener(1250)) - Jetty bound to port 39945
2023-02-21 13:41:16,549 [Listener at 127.0.0.1/40765] INFO  server.Server (Server.java:doStart(375)) - jetty-9.4.49.v20220914; built: 2022-09-14T01:07:36.601Z; git: 4231a3b2e4cb8548a412a789936d640a97b1aa0a; jvm 1.8.0_362-b09
2023-02-21 13:41:16,551 [Listener at 127.0.0.1/40765] INFO  server.session (DefaultSessionIdManager.java:doStart(334)) - DefaultSessionIdManager workerName=node0
2023-02-21 13:41:16,551 [Listener at 127.0.0.1/40765] INFO  server.session (DefaultSessionIdManager.java:doStart(339)) - No SessionScavenger set, using defaults
2023-02-21 13:41:16,551 [Listener at 127.0.0.1/40765] INFO  server.session (HouseKeeper.java:startScavenging(132)) - node0 Scavenging every 600000ms
2023-02-21 13:41:16,552 [Listener at 127.0.0.1/40765] INFO  handler.ContextHandler (ContextHandler.java:doStart(921)) - Started o.e.j.s.ServletContextHandler@133b1d58{logs,/logs,file:///home/runner/work/ozone/ozone/hadoop-ozone/integration-test/target/log,AVAILABLE}
2023-02-21 13:41:16,552 [Listener at 127.0.0.1/40765] INFO  handler.ContextHandler (ContextHandler.java:doStart(921)) - Started o.e.j.s.ServletContextHandler@518ccafb{static,/static,jar:file:/home/runner/.m2/repository/org/apache/ozone/hdds-container-service/1.4.0-SNAPSHOT/hdds-container-service-1.4.0-SNAPSHOT.jar!/webapps/static,AVAILABLE}
2023-02-21 13:41:16,757 [Listener at 127.0.0.1/40765] INFO  handler.ContextHandler (ContextHandler.java:doStart(921)) - Started o.e.j.w.WebAppContext@66a17a8f{hddsDatanode,/,file:///tmp/jetty-0_0_0_0-39945-hdds-container-service-1_4_0-SNAPSHOT_jar-_-any-3554904811443157952/webapp/,AVAILABLE}{jar:file:/home/runner/.m2/repository/org/apache/ozone/hdds-container-service/1.4.0-SNAPSHOT/hdds-container-service-1.4.0-SNAPSHOT.jar!/webapps/hddsDatanode}
2023-02-21 13:41:16,759 [Listener at 127.0.0.1/40765] INFO  server.AbstractConnector (AbstractConnector.java:doStart(333)) - Started ServerConnector@1709ca1{HTTP/1.1, (http/1.1)}{0.0.0.0:39945}
2023-02-21 13:41:16,759 [Listener at 127.0.0.1/40765] INFO  server.Server (Server.java:doStart(415)) - Started @225474ms
2023-02-21 13:41:16,759 [Listener at 127.0.0.1/40765] WARN  impl.MetricsSystemImpl (MetricsSystemImpl.java:register(279)) - Sink prometheus already exists!
2023-02-21 13:41:16,760 [Listener at 127.0.0.1/40765] INFO  http.BaseHttpServer (BaseHttpServer.java:updateConnectorAddress(333)) - HTTP server of hddsDatanode listening at http://0.0.0.0:39945
2023-02-21 13:41:16,761 [Listener at 127.0.0.1/40765] WARN  impl.MetricRegistriesImpl (MetricRegistriesImpl.java:addReporterRegistration(111)) - New reporters are added after registries were created. Some metrics will be missing from the reporter. Please add reporter before adding any new registry.
2023-02-21 13:41:16,761 [Listener at 127.0.0.1/40765] WARN  impl.MetricRegistriesImpl (MetricRegistriesImpl.java:addReporterRegistration(111)) - New reporters are added after registries were created. Some metrics will be missing from the reporter. Please add reporter before adding any new registry.
2023-02-21 13:41:16,761 [Datanode State Machine Daemon Thread] INFO  statemachine.DatanodeStateMachine (DatanodeStateMachine.java:lambda$startDaemon$0(516)) - Ozone container server started.
2023-02-21 13:41:16,761 [Listener at 127.0.0.1/40765] INFO  impl.MetricsSystemImpl (MetricsSystemImpl.java:init(158)) - HddsDatanode metrics system started (again)
2023-02-21 13:41:16,774 [Listener at 127.0.0.1/40765] INFO  ozone.HddsDatanodeService (HddsDatanodeService.java:start(228)) - HddsDatanodeService host:fv-az318-260.ewvrrcgabbbubjc05i3n4a3pph.dx.internal.cloudapp.net ip:10.1.0.81
2023-02-21 13:41:16,779 [org.apache.hadoop.util.JvmPauseMonitor$Monitor@2604035d] INFO  util.JvmPauseMonitor (JvmPauseMonitor.java:run(188)) - Starting JVM pause monitor
2023-02-21 13:41:16,784 [Datanode State Machine Task Thread - 0] INFO  datanode.InitDatanodeState (InitDatanodeState.java:persistContainerDatanodeDetails(138)) - DatanodeDetails is persisted to /home/runner/work/ozone/ozone/hadoop-ozone/integration-test/target/test-dir/MiniOzoneClusterImpl-5c741f75-a5c3-4524-84b8-0544f40d398a/datanode-0/meta/datanode.id
2023-02-21 13:41:16,800 [Listener at 127.0.0.1/40765] INFO  upgrade.AbstractLayoutVersionManager (AbstractLayoutVersionManager.java:init(83)) - Initializing Layout version manager with metadata layout = DATANODE_SCHEMA_V3 (version = 4), software layout = DATANODE_SCHEMA_V3 (version = 4)
2023-02-21 13:41:16,860 [Listener at 127.0.0.1/40765] INFO  reflections.Reflections (Reflections.java:scan(232)) - Reflections took 58 ms to scan 7 urls, producing 150 keys and 362 values 
2023-02-21 13:41:16,861 [Listener at 127.0.0.1/40765] INFO  statemachine.DatanodeStateMachine (DatanodeStateMachine.java:getEndPointTaskThreadPoolSize(260)) - Datanode State Machine Task Thread Pool size 2
2023-02-21 13:41:16,863 [Listener at 127.0.0.1/40765] INFO  volume.HddsVolume (HddsVolume.java:<init>(122)) - Creating HddsVolume: /home/runner/work/ozone/ozone/hadoop-ozone/integration-test/target/test-dir/MiniOzoneClusterImpl-5c741f75-a5c3-4524-84b8-0544f40d398a/datanode-1/data-0/containers/hdds of storage type : DISK capacity : 9223372036854775807
2023-02-21 13:41:16,863 [Listener at 127.0.0.1/40765] INFO  volume.MutableVolumeSet (MutableVolumeSet.java:initializeVolumeSet(174)) - Added Volume : /home/runner/work/ozone/ozone/hadoop-ozone/integration-test/target/test-dir/MiniOzoneClusterImpl-5c741f75-a5c3-4524-84b8-0544f40d398a/datanode-1/data-0/containers/hdds to VolumeSet
2023-02-21 13:41:16,863 [Listener at 127.0.0.1/40765] INFO  volume.ThrottledAsyncChecker (ThrottledAsyncChecker.java:schedule(141)) - Scheduling a check for /home/runner/work/ozone/ozone/hadoop-ozone/integration-test/target/test-dir/MiniOzoneClusterImpl-5c741f75-a5c3-4524-84b8-0544f40d398a/datanode-1/data-0/containers/hdds
2023-02-21 13:41:16,864 [Listener at 127.0.0.1/40765] INFO  volume.StorageVolumeChecker (StorageVolumeChecker.java:checkAllVolumes(202)) - Scheduled health check for volume /home/runner/work/ozone/ozone/hadoop-ozone/integration-test/target/test-dir/MiniOzoneClusterImpl-5c741f75-a5c3-4524-84b8-0544f40d398a/datanode-1/data-0/containers/hdds
2023-02-21 13:41:16,875 [Listener at 127.0.0.1/40765] INFO  volume.MutableVolumeSet (MutableVolumeSet.java:initializeVolumeSet(174)) - Added Volume : /home/runner/work/ozone/ozone/hadoop-ozone/integration-test/target/test-dir/MiniOzoneClusterImpl-5c741f75-a5c3-4524-84b8-0544f40d398a/datanode-1/data/ratis to VolumeSet
2023-02-21 13:41:16,875 [Listener at 127.0.0.1/40765] INFO  volume.ThrottledAsyncChecker (ThrottledAsyncChecker.java:schedule(141)) - Scheduling a check for /home/runner/work/ozone/ozone/hadoop-ozone/integration-test/target/test-dir/MiniOzoneClusterImpl-5c741f75-a5c3-4524-84b8-0544f40d398a/datanode-1/data/ratis
2023-02-21 13:41:16,875 [Listener at 127.0.0.1/40765] INFO  volume.StorageVolumeChecker (StorageVolumeChecker.java:checkAllVolumes(202)) - Scheduled health check for volume /home/runner/work/ozone/ozone/hadoop-ozone/integration-test/target/test-dir/MiniOzoneClusterImpl-5c741f75-a5c3-4524-84b8-0544f40d398a/datanode-1/data/ratis
2023-02-21 13:41:16,886 [Thread-1470] INFO  ozoneimpl.ContainerReader (ContainerReader.java:readVolume(175)) - Finish verifying containers on volume /home/runner/work/ozone/ozone/hadoop-ozone/integration-test/target/test-dir/MiniOzoneClusterImpl-5c741f75-a5c3-4524-84b8-0544f40d398a/datanode-1/data-0/containers/hdds
2023-02-21 13:41:16,886 [Listener at 127.0.0.1/40765] INFO  ozoneimpl.OzoneContainer (OzoneContainer.java:buildContainerSet(304)) - Build ContainerSet costs 0s
2023-02-21 13:41:16,888 [Listener at 127.0.0.1/40765] INFO  server.RaftServer (ConfUtils.java:logGet(46)) - raft.rpc.type = GRPC (default)
2023-02-21 13:41:16,888 [Listener at 127.0.0.1/40765] INFO  grpc.GrpcConfigKeys (ConfUtils.java:logFallback(53)) - raft.grpc.admin.host = null (fallback to raft.grpc.server.host)
2023-02-21 13:41:16,888 [Listener at 127.0.0.1/40765] INFO  grpc.GrpcConfigKeys (ConfUtils.java:logGet(46)) - raft.grpc.admin.port = 0 (custom)
2023-02-21 13:41:16,888 [Listener at 127.0.0.1/40765] INFO  grpc.GrpcConfigKeys (ConfUtils.java:logFallback(53)) - raft.grpc.client.host = null (fallback to raft.grpc.server.host)
2023-02-21 13:41:16,888 [Listener at 127.0.0.1/40765] INFO  grpc.GrpcConfigKeys (ConfUtils.java:logGet(46)) - raft.grpc.client.port = 0 (custom)
2023-02-21 13:41:16,888 [Listener at 127.0.0.1/40765] INFO  grpc.GrpcConfigKeys (ConfUtils.java:logGet(46)) - raft.grpc.server.host = null (default)
2023-02-21 13:41:16,888 [Listener at 127.0.0.1/40765] INFO  grpc.GrpcConfigKeys (ConfUtils.java:logGet(46)) - raft.grpc.server.port = 0 (default)
2023-02-21 13:41:16,888 [Listener at 127.0.0.1/40765] INFO  server.GrpcService (ConfUtils.java:logGet(46)) - raft.grpc.message.size.max = 32MB (=33554432) (custom)
2023-02-21 13:41:16,889 [Listener at 127.0.0.1/40765] INFO  server.RaftServerConfigKeys (ConfUtils.java:logGet(46)) - raft.server.log.appender.buffer.byte-limit = 33554432 (custom)
2023-02-21 13:41:16,889 [Listener at 127.0.0.1/40765] INFO  server.GrpcService (ConfUtils.java:logGet(46)) - raft.grpc.flow.control.window = 5MB (=5242880) (custom)
2023-02-21 13:41:16,889 [Listener at 127.0.0.1/40765] INFO  server.RaftServerConfigKeys (ConfUtils.java:logGet(46)) - raft.server.rpc.request.timeout = 60s (custom)
2023-02-21 13:41:16,889 [Listener at 127.0.0.1/40765] INFO  grpc.GrpcConfigKeys (ConfUtils.java:logGet(46)) - raft.grpc.server.heartbeat.channel = true (default)
2023-02-21 13:41:16,889 [Listener at 127.0.0.1/40765] INFO  grpc.GrpcConfigKeys (ConfUtils.java:logGet(46)) - raft.grpc.server.async.request.thread.pool.cached = true (default)
2023-02-21 13:41:16,889 [Listener at 127.0.0.1/40765] INFO  grpc.GrpcConfigKeys (ConfUtils.java:logGet(46)) - raft.grpc.server.async.request.thread.pool.size = 32 (default)
2023-02-21 13:41:16,890 [Listener at 127.0.0.1/40765] INFO  impl.DataStreamServerImpl (ConfUtils.java:logGet(46)) - raft.datastream.type = NETTY (custom)
2023-02-21 13:41:16,890 [Listener at 127.0.0.1/40765] INFO  server.RaftServerConfigKeys (ConfUtils.java:logGet(46)) - raft.server.data-stream.async.request.thread.pool.cached = false (default)
2023-02-21 13:41:16,891 [Listener at 127.0.0.1/40765] INFO  server.RaftServerConfigKeys (ConfUtils.java:logGet(46)) - raft.server.data-stream.async.request.thread.pool.size = 20 (custom)
2023-02-21 13:41:16,891 [Listener at 127.0.0.1/40765] INFO  server.RaftServerConfigKeys (ConfUtils.java:logGet(46)) - raft.server.data-stream.async.write.thread.pool.size = 16 (default)
2023-02-21 13:41:16,891 [Listener at 127.0.0.1/40765] INFO  server.RaftServerConfigKeys (ConfUtils.java:logGet(46)) - raft.server.data-stream.client.pool.size = 10 (default)
2023-02-21 13:41:16,891 [Listener at 127.0.0.1/40765] INFO  netty.NettyConfigKeys$DataStream (ConfUtils.java:logGet(46)) - raft.netty.dataStream.server.use-epoll = false (default)
2023-02-21 13:41:16,891 [Listener at 127.0.0.1/40765] INFO  netty.NettyConfigKeys$DataStream (ConfUtils.java:logGet(46)) - raft.netty.dataStream.server.boss-group.size = 0 (default)
2023-02-21 13:41:16,891 [Listener at 127.0.0.1/40765] INFO  netty.NettyConfigKeys$DataStream (ConfUtils.java:logGet(46)) - raft.netty.dataStream.server.worker-group.size = 0 (default)
2023-02-21 13:41:16,892 [Listener at 127.0.0.1/40765] INFO  netty.NettyConfigKeys$DataStream (ConfUtils.java:logGet(46)) - raft.netty.dataStream.server.tls.conf = null (default)
2023-02-21 13:41:16,892 [Listener at 127.0.0.1/40765] INFO  netty.NettyConfigKeys$DataStream (ConfUtils.java:logGet(46)) - raft.netty.dataStream.host = null (default)
2023-02-21 13:41:16,892 [Listener at 127.0.0.1/40765] INFO  netty.NettyConfigKeys$DataStream (ConfUtils.java:logGet(46)) - raft.netty.dataStream.port = 0 (default)
2023-02-21 13:41:16,893 [Listener at 127.0.0.1/40765] INFO  server.RaftServerConfigKeys (ConfUtils.java:logGet(46)) - raft.server.threadpool.proxy.cached = true (default)
2023-02-21 13:41:16,893 [Listener at 127.0.0.1/40765] INFO  server.RaftServerConfigKeys (ConfUtils.java:logGet(46)) - raft.server.threadpool.proxy.size = 0 (default)
2023-02-21 13:41:16,893 [Listener at 127.0.0.1/40765] INFO  server.RaftServerConfigKeys (ConfUtils.java:logGet(46)) - raft.server.rpc.slowness.timeout = 300s (custom)
2023-02-21 13:41:16,893 [41686b04-70c8-46c5-a517-6ec9de94494c-NettyServerStreamRpc-bossGroup--thread1] INFO  logging.LoggingHandler (AbstractInternalLogger.java:log(148)) - [id: 0xa3a8149a] REGISTERED
2023-02-21 13:41:16,893 [Listener at 127.0.0.1/40765] INFO  server.RaftServerConfigKeys (ConfUtils.java:logGet(46)) - raft.server.leaderelection.leader.step-down.wait-time = 10s (default)
2023-02-21 13:41:16,893 [41686b04-70c8-46c5-a517-6ec9de94494c-NettyServerStreamRpc-bossGroup--thread1] INFO  logging.LoggingHandler (AbstractInternalLogger.java:log(148)) - [id: 0xa3a8149a] BIND: 0.0.0.0/0.0.0.0:0
2023-02-21 13:41:16,894 [Listener at 127.0.0.1/40765] INFO  server.RaftServerConfigKeys (ConfUtils.java:logGet(46)) - raft.server.storage.dir = [/home/runner/work/ozone/ozone/hadoop-ozone/integration-test/target/test-dir/MiniOzoneClusterImpl-5c741f75-a5c3-4524-84b8-0544f40d398a/datanode-1/data/ratis] (custom)
2023-02-21 13:41:16,894 [41686b04-70c8-46c5-a517-6ec9de94494c-NettyServerStreamRpc-bossGroup--thread1] INFO  logging.LoggingHandler (AbstractInternalLogger.java:log(148)) - [id: 0xa3a8149a, L:/0:0:0:0:0:0:0:0:37199] ACTIVE
2023-02-21 13:41:16,895 [Listener at 127.0.0.1/40765] INFO  server.XceiverServerGrpc (XceiverServerGrpc.java:<init>(132)) - GrpcServer channel type EpollServerSocketChannel
2023-02-21 13:41:16,897 [Listener at 127.0.0.1/40765] INFO  http.BaseHttpServer (BaseHttpServer.java:newHttpServer2BuilderForOzone(213)) - Starting Web-server for hddsDatanode at: http://0.0.0.0:0
2023-02-21 13:41:16,898 [Listener at 127.0.0.1/40765] INFO  http.BaseHttpServer (BaseHttpServer.java:<init>(108)) - Hadoop Security Enabled: false Ozone Security Enabled: false Ozone HTTP Security Enabled: false 
2023-02-21 13:41:16,898 [Listener at 127.0.0.1/40765] WARN  server.AuthenticationFilter (AuthenticationFilter.java:constructSecretProvider(240)) - Unable to initialize FileSignerSecretProvider, falling back to use random secrets. Reason: Could not read signature secret file: /home/runner/hadoop-http-auth-signature-secret
2023-02-21 13:41:16,899 [Listener at 127.0.0.1/40765] WARN  http.HttpRequestLog (HttpRequestLog.java:getRequestLog(103)) - Jetty request log can only be enabled using Log4j
2023-02-21 13:41:16,900 [Listener at 127.0.0.1/40765] INFO  http.HttpServer2 (HttpServer2.java:addGlobalFilter(1031)) - Added global filter 'safety' (class=org.apache.hadoop.hdds.server.http.HttpServer2$QuotingInputFilter)
2023-02-21 13:41:16,900 [Listener at 127.0.0.1/40765] INFO  http.HttpServer2 (HttpServer2.java:addFilter(1007)) - Added filter static_user_filter (class=org.apache.hadoop.http.lib.StaticUserWebFilter$StaticUserFilter) to context hddsDatanode
2023-02-21 13:41:16,901 [Listener at 127.0.0.1/40765] INFO  http.HttpServer2 (HttpServer2.java:addFilter(1015)) - Added filter static_user_filter (class=org.apache.hadoop.http.lib.StaticUserWebFilter$StaticUserFilter) to context logs
2023-02-21 13:41:16,901 [Listener at 127.0.0.1/40765] INFO  http.HttpServer2 (HttpServer2.java:addFilter(1015)) - Added filter static_user_filter (class=org.apache.hadoop.http.lib.StaticUserWebFilter$StaticUserFilter) to context static
2023-02-21 13:41:16,901 [Listener at 127.0.0.1/40765] INFO  http.HttpServer2 (HttpServer2.java:bindListener(1250)) - Jetty bound to port 42719
2023-02-21 13:41:16,901 [Listener at 127.0.0.1/40765] INFO  server.Server (Server.java:doStart(375)) - jetty-9.4.49.v20220914; built: 2022-09-14T01:07:36.601Z; git: 4231a3b2e4cb8548a412a789936d640a97b1aa0a; jvm 1.8.0_362-b09
2023-02-21 13:41:16,907 [Listener at 127.0.0.1/40765] INFO  server.session (DefaultSessionIdManager.java:doStart(334)) - DefaultSessionIdManager workerName=node0
2023-02-21 13:41:16,907 [Listener at 127.0.0.1/40765] INFO  server.session (DefaultSessionIdManager.java:doStart(339)) - No SessionScavenger set, using defaults
2023-02-21 13:41:16,907 [Listener at 127.0.0.1/40765] INFO  server.session (HouseKeeper.java:startScavenging(132)) - node0 Scavenging every 600000ms
2023-02-21 13:41:16,908 [Listener at 127.0.0.1/40765] INFO  handler.ContextHandler (ContextHandler.java:doStart(921)) - Started o.e.j.s.ServletContextHandler@53c1ab44{logs,/logs,file:///home/runner/work/ozone/ozone/hadoop-ozone/integration-test/target/log,AVAILABLE}
2023-02-21 13:41:16,908 [Listener at 127.0.0.1/40765] INFO  handler.ContextHandler (ContextHandler.java:doStart(921)) - Started o.e.j.s.ServletContextHandler@59683eaf{static,/static,jar:file:/home/runner/.m2/repository/org/apache/ozone/hdds-container-service/1.4.0-SNAPSHOT/hdds-container-service-1.4.0-SNAPSHOT.jar!/webapps/static,AVAILABLE}
2023-02-21 13:41:17,126 [Listener at 127.0.0.1/40765] INFO  handler.ContextHandler (ContextHandler.java:doStart(921)) - Started o.e.j.w.WebAppContext@602a9e34{hddsDatanode,/,file:///tmp/jetty-0_0_0_0-42719-hdds-container-service-1_4_0-SNAPSHOT_jar-_-any-2570192809778086017/webapp/,AVAILABLE}{jar:file:/home/runner/.m2/repository/org/apache/ozone/hdds-container-service/1.4.0-SNAPSHOT/hdds-container-service-1.4.0-SNAPSHOT.jar!/webapps/hddsDatanode}
2023-02-21 13:41:17,128 [Listener at 127.0.0.1/40765] INFO  server.AbstractConnector (AbstractConnector.java:doStart(333)) - Started ServerConnector@4af11ca3{HTTP/1.1, (http/1.1)}{0.0.0.0:42719}
2023-02-21 13:41:17,128 [Listener at 127.0.0.1/40765] INFO  server.Server (Server.java:doStart(415)) - Started @225842ms
2023-02-21 13:41:17,128 [Listener at 127.0.0.1/40765] WARN  impl.MetricsSystemImpl (MetricsSystemImpl.java:register(279)) - Sink prometheus already exists!
2023-02-21 13:41:17,129 [Listener at 127.0.0.1/40765] INFO  http.BaseHttpServer (BaseHttpServer.java:updateConnectorAddress(333)) - HTTP server of hddsDatanode listening at http://0.0.0.0:42719
2023-02-21 13:41:17,129 [Datanode State Machine Daemon Thread] INFO  statemachine.DatanodeStateMachine (DatanodeStateMachine.java:lambda$startDaemon$0(516)) - Ozone container server started.
2023-02-21 13:41:17,131 [Listener at 127.0.0.1/40765] WARN  impl.MetricRegistriesImpl (MetricRegistriesImpl.java:addReporterRegistration(111)) - New reporters are added after registries were created. Some metrics will be missing from the reporter. Please add reporter before adding any new registry.
2023-02-21 13:41:17,131 [Listener at 127.0.0.1/40765] WARN  impl.MetricRegistriesImpl (MetricRegistriesImpl.java:addReporterRegistration(111)) - New reporters are added after registries were created. Some metrics will be missing from the reporter. Please add reporter before adding any new registry.
2023-02-21 13:41:17,131 [Listener at 127.0.0.1/40765] INFO  impl.MetricsSystemImpl (MetricsSystemImpl.java:init(158)) - HddsDatanode metrics system started (again)
2023-02-21 13:41:17,136 [org.apache.hadoop.util.JvmPauseMonitor$Monitor@41a2f296] INFO  util.JvmPauseMonitor (JvmPauseMonitor.java:run(188)) - Starting JVM pause monitor
2023-02-21 13:41:17,138 [Datanode State Machine Task Thread - 0] INFO  datanode.InitDatanodeState (InitDatanodeState.java:persistContainerDatanodeDetails(138)) - DatanodeDetails is persisted to /home/runner/work/ozone/ozone/hadoop-ozone/integration-test/target/test-dir/MiniOzoneClusterImpl-5c741f75-a5c3-4524-84b8-0544f40d398a/datanode-1/meta/datanode.id
2023-02-21 13:41:17,143 [Listener at 127.0.0.1/40765] INFO  ozone.HddsDatanodeService (HddsDatanodeService.java:start(228)) - HddsDatanodeService host:fv-az318-260.ewvrrcgabbbubjc05i3n4a3pph.dx.internal.cloudapp.net ip:10.1.0.81
2023-02-21 13:41:17,167 [Listener at 127.0.0.1/40765] INFO  upgrade.AbstractLayoutVersionManager (AbstractLayoutVersionManager.java:init(83)) - Initializing Layout version manager with metadata layout = DATANODE_SCHEMA_V3 (version = 4), software layout = DATANODE_SCHEMA_V3 (version = 4)
2023-02-21 13:41:17,218 [Listener at 127.0.0.1/40765] INFO  reflections.Reflections (Reflections.java:scan(232)) - Reflections took 50 ms to scan 7 urls, producing 150 keys and 362 values 
2023-02-21 13:41:17,220 [Listener at 127.0.0.1/40765] INFO  statemachine.DatanodeStateMachine (DatanodeStateMachine.java:getEndPointTaskThreadPoolSize(260)) - Datanode State Machine Task Thread Pool size 2
2023-02-21 13:41:17,221 [Listener at 127.0.0.1/40765] INFO  volume.HddsVolume (HddsVolume.java:<init>(122)) - Creating HddsVolume: /home/runner/work/ozone/ozone/hadoop-ozone/integration-test/target/test-dir/MiniOzoneClusterImpl-5c741f75-a5c3-4524-84b8-0544f40d398a/datanode-2/data-0/containers/hdds of storage type : DISK capacity : 9223372036854775807
2023-02-21 13:41:17,222 [Listener at 127.0.0.1/40765] INFO  volume.MutableVolumeSet (MutableVolumeSet.java:initializeVolumeSet(174)) - Added Volume : /home/runner/work/ozone/ozone/hadoop-ozone/integration-test/target/test-dir/MiniOzoneClusterImpl-5c741f75-a5c3-4524-84b8-0544f40d398a/datanode-2/data-0/containers/hdds to VolumeSet
2023-02-21 13:41:17,222 [Listener at 127.0.0.1/40765] INFO  volume.ThrottledAsyncChecker (ThrottledAsyncChecker.java:schedule(141)) - Scheduling a check for /home/runner/work/ozone/ozone/hadoop-ozone/integration-test/target/test-dir/MiniOzoneClusterImpl-5c741f75-a5c3-4524-84b8-0544f40d398a/datanode-2/data-0/containers/hdds
2023-02-21 13:41:17,222 [Listener at 127.0.0.1/40765] INFO  volume.StorageVolumeChecker (StorageVolumeChecker.java:checkAllVolumes(202)) - Scheduled health check for volume /home/runner/work/ozone/ozone/hadoop-ozone/integration-test/target/test-dir/MiniOzoneClusterImpl-5c741f75-a5c3-4524-84b8-0544f40d398a/datanode-2/data-0/containers/hdds
2023-02-21 13:41:17,234 [Listener at 127.0.0.1/40765] INFO  volume.MutableVolumeSet (MutableVolumeSet.java:initializeVolumeSet(174)) - Added Volume : /home/runner/work/ozone/ozone/hadoop-ozone/integration-test/target/test-dir/MiniOzoneClusterImpl-5c741f75-a5c3-4524-84b8-0544f40d398a/datanode-2/data/ratis to VolumeSet
2023-02-21 13:41:17,234 [Listener at 127.0.0.1/40765] INFO  volume.ThrottledAsyncChecker (ThrottledAsyncChecker.java:schedule(141)) - Scheduling a check for /home/runner/work/ozone/ozone/hadoop-ozone/integration-test/target/test-dir/MiniOzoneClusterImpl-5c741f75-a5c3-4524-84b8-0544f40d398a/datanode-2/data/ratis
2023-02-21 13:41:17,234 [Listener at 127.0.0.1/40765] INFO  volume.StorageVolumeChecker (StorageVolumeChecker.java:checkAllVolumes(202)) - Scheduled health check for volume /home/runner/work/ozone/ozone/hadoop-ozone/integration-test/target/test-dir/MiniOzoneClusterImpl-5c741f75-a5c3-4524-84b8-0544f40d398a/datanode-2/data/ratis
2023-02-21 13:41:17,245 [Thread-1484] INFO  ozoneimpl.ContainerReader (ContainerReader.java:readVolume(175)) - Finish verifying containers on volume /home/runner/work/ozone/ozone/hadoop-ozone/integration-test/target/test-dir/MiniOzoneClusterImpl-5c741f75-a5c3-4524-84b8-0544f40d398a/datanode-2/data-0/containers/hdds
2023-02-21 13:41:17,245 [Listener at 127.0.0.1/40765] INFO  ozoneimpl.OzoneContainer (OzoneContainer.java:buildContainerSet(304)) - Build ContainerSet costs 0s
2023-02-21 13:41:17,247 [Listener at 127.0.0.1/40765] INFO  server.RaftServer (ConfUtils.java:logGet(46)) - raft.rpc.type = GRPC (default)
2023-02-21 13:41:17,247 [Listener at 127.0.0.1/40765] INFO  grpc.GrpcConfigKeys (ConfUtils.java:logFallback(53)) - raft.grpc.admin.host = null (fallback to raft.grpc.server.host)
2023-02-21 13:41:17,247 [Listener at 127.0.0.1/40765] INFO  grpc.GrpcConfigKeys (ConfUtils.java:logGet(46)) - raft.grpc.admin.port = 0 (custom)
2023-02-21 13:41:17,247 [Listener at 127.0.0.1/40765] INFO  grpc.GrpcConfigKeys (ConfUtils.java:logFallback(53)) - raft.grpc.client.host = null (fallback to raft.grpc.server.host)
2023-02-21 13:41:17,247 [Listener at 127.0.0.1/40765] INFO  grpc.GrpcConfigKeys (ConfUtils.java:logGet(46)) - raft.grpc.client.port = 0 (custom)
2023-02-21 13:41:17,247 [Listener at 127.0.0.1/40765] INFO  grpc.GrpcConfigKeys (ConfUtils.java:logGet(46)) - raft.grpc.server.host = null (default)
2023-02-21 13:41:17,248 [Listener at 127.0.0.1/40765] INFO  grpc.GrpcConfigKeys (ConfUtils.java:logGet(46)) - raft.grpc.server.port = 0 (default)
2023-02-21 13:41:17,248 [Listener at 127.0.0.1/40765] INFO  server.GrpcService (ConfUtils.java:logGet(46)) - raft.grpc.message.size.max = 32MB (=33554432) (custom)
2023-02-21 13:41:17,248 [Listener at 127.0.0.1/40765] INFO  server.RaftServerConfigKeys (ConfUtils.java:logGet(46)) - raft.server.log.appender.buffer.byte-limit = 33554432 (custom)
2023-02-21 13:41:17,248 [Listener at 127.0.0.1/40765] INFO  server.GrpcService (ConfUtils.java:logGet(46)) - raft.grpc.flow.control.window = 5MB (=5242880) (custom)
2023-02-21 13:41:17,248 [Listener at 127.0.0.1/40765] INFO  server.RaftServerConfigKeys (ConfUtils.java:logGet(46)) - raft.server.rpc.request.timeout = 60s (custom)
2023-02-21 13:41:17,248 [Listener at 127.0.0.1/40765] INFO  grpc.GrpcConfigKeys (ConfUtils.java:logGet(46)) - raft.grpc.server.heartbeat.channel = true (default)
2023-02-21 13:41:17,248 [Listener at 127.0.0.1/40765] INFO  grpc.GrpcConfigKeys (ConfUtils.java:logGet(46)) - raft.grpc.server.async.request.thread.pool.cached = true (default)
2023-02-21 13:41:17,248 [Listener at 127.0.0.1/40765] INFO  grpc.GrpcConfigKeys (ConfUtils.java:logGet(46)) - raft.grpc.server.async.request.thread.pool.size = 32 (default)
2023-02-21 13:41:17,249 [Listener at 127.0.0.1/40765] INFO  impl.DataStreamServerImpl (ConfUtils.java:logGet(46)) - raft.datastream.type = NETTY (custom)
2023-02-21 13:41:17,250 [Listener at 127.0.0.1/40765] INFO  server.RaftServerConfigKeys (ConfUtils.java:logGet(46)) - raft.server.data-stream.async.request.thread.pool.cached = false (default)
2023-02-21 13:41:17,250 [Listener at 127.0.0.1/40765] INFO  server.RaftServerConfigKeys (ConfUtils.java:logGet(46)) - raft.server.data-stream.async.request.thread.pool.size = 20 (custom)
2023-02-21 13:41:17,250 [Listener at 127.0.0.1/40765] INFO  server.RaftServerConfigKeys (ConfUtils.java:logGet(46)) - raft.server.data-stream.async.write.thread.pool.size = 16 (default)
2023-02-21 13:41:17,250 [Listener at 127.0.0.1/40765] INFO  server.RaftServerConfigKeys (ConfUtils.java:logGet(46)) - raft.server.data-stream.client.pool.size = 10 (default)
2023-02-21 13:41:17,250 [Listener at 127.0.0.1/40765] INFO  netty.NettyConfigKeys$DataStream (ConfUtils.java:logGet(46)) - raft.netty.dataStream.server.use-epoll = false (default)
2023-02-21 13:41:17,250 [Listener at 127.0.0.1/40765] INFO  netty.NettyConfigKeys$DataStream (ConfUtils.java:logGet(46)) - raft.netty.dataStream.server.boss-group.size = 0 (default)
2023-02-21 13:41:17,251 [Listener at 127.0.0.1/40765] INFO  netty.NettyConfigKeys$DataStream (ConfUtils.java:logGet(46)) - raft.netty.dataStream.server.worker-group.size = 0 (default)
2023-02-21 13:41:17,251 [Listener at 127.0.0.1/40765] INFO  netty.NettyConfigKeys$DataStream (ConfUtils.java:logGet(46)) - raft.netty.dataStream.server.tls.conf = null (default)
2023-02-21 13:41:17,251 [Listener at 127.0.0.1/40765] INFO  netty.NettyConfigKeys$DataStream (ConfUtils.java:logGet(46)) - raft.netty.dataStream.host = null (default)
2023-02-21 13:41:17,251 [Listener at 127.0.0.1/40765] INFO  netty.NettyConfigKeys$DataStream (ConfUtils.java:logGet(46)) - raft.netty.dataStream.port = 0 (default)
2023-02-21 13:41:17,252 [Listener at 127.0.0.1/40765] INFO  server.RaftServerConfigKeys (ConfUtils.java:logGet(46)) - raft.server.threadpool.proxy.cached = true (default)
2023-02-21 13:41:17,252 [Listener at 127.0.0.1/40765] INFO  server.RaftServerConfigKeys (ConfUtils.java:logGet(46)) - raft.server.threadpool.proxy.size = 0 (default)
2023-02-21 13:41:17,252 [Listener at 127.0.0.1/40765] INFO  server.RaftServerConfigKeys (ConfUtils.java:logGet(46)) - raft.server.rpc.slowness.timeout = 300s (custom)
2023-02-21 13:41:17,252 [7309d6a4-9c1d-4dc9-b84b-2418a7036ef2-NettyServerStreamRpc-bossGroup--thread1] INFO  logging.LoggingHandler (AbstractInternalLogger.java:log(148)) - [id: 0x40af33b3] REGISTERED
2023-02-21 13:41:17,252 [Listener at 127.0.0.1/40765] INFO  server.RaftServerConfigKeys (ConfUtils.java:logGet(46)) - raft.server.leaderelection.leader.step-down.wait-time = 10s (default)
2023-02-21 13:41:17,252 [7309d6a4-9c1d-4dc9-b84b-2418a7036ef2-NettyServerStreamRpc-bossGroup--thread1] INFO  logging.LoggingHandler (AbstractInternalLogger.java:log(148)) - [id: 0x40af33b3] BIND: 0.0.0.0/0.0.0.0:0
2023-02-21 13:41:17,252 [Listener at 127.0.0.1/40765] INFO  server.RaftServerConfigKeys (ConfUtils.java:logGet(46)) - raft.server.storage.dir = [/home/runner/work/ozone/ozone/hadoop-ozone/integration-test/target/test-dir/MiniOzoneClusterImpl-5c741f75-a5c3-4524-84b8-0544f40d398a/datanode-2/data/ratis] (custom)
2023-02-21 13:41:17,252 [7309d6a4-9c1d-4dc9-b84b-2418a7036ef2-NettyServerStreamRpc-bossGroup--thread1] INFO  logging.LoggingHandler (AbstractInternalLogger.java:log(148)) - [id: 0x40af33b3, L:/0:0:0:0:0:0:0:0:35815] ACTIVE
2023-02-21 13:41:17,254 [Listener at 127.0.0.1/40765] INFO  server.XceiverServerGrpc (XceiverServerGrpc.java:<init>(132)) - GrpcServer channel type EpollServerSocketChannel
2023-02-21 13:41:17,260 [Listener at 127.0.0.1/40765] INFO  http.BaseHttpServer (BaseHttpServer.java:newHttpServer2BuilderForOzone(213)) - Starting Web-server for hddsDatanode at: http://0.0.0.0:0
2023-02-21 13:41:17,261 [Listener at 127.0.0.1/40765] INFO  http.BaseHttpServer (BaseHttpServer.java:<init>(108)) - Hadoop Security Enabled: false Ozone Security Enabled: false Ozone HTTP Security Enabled: false 
2023-02-21 13:41:17,262 [Listener at 127.0.0.1/40765] WARN  server.AuthenticationFilter (AuthenticationFilter.java:constructSecretProvider(240)) - Unable to initialize FileSignerSecretProvider, falling back to use random secrets. Reason: Could not read signature secret file: /home/runner/hadoop-http-auth-signature-secret
2023-02-21 13:41:17,262 [Listener at 127.0.0.1/40765] WARN  http.HttpRequestLog (HttpRequestLog.java:getRequestLog(103)) - Jetty request log can only be enabled using Log4j
2023-02-21 13:41:17,263 [Listener at 127.0.0.1/40765] INFO  http.HttpServer2 (HttpServer2.java:addGlobalFilter(1031)) - Added global filter 'safety' (class=org.apache.hadoop.hdds.server.http.HttpServer2$QuotingInputFilter)
2023-02-21 13:41:17,264 [Listener at 127.0.0.1/40765] INFO  http.HttpServer2 (HttpServer2.java:addFilter(1007)) - Added filter static_user_filter (class=org.apache.hadoop.http.lib.StaticUserWebFilter$StaticUserFilter) to context hddsDatanode
2023-02-21 13:41:17,264 [Listener at 127.0.0.1/40765] INFO  http.HttpServer2 (HttpServer2.java:addFilter(1015)) - Added filter static_user_filter (class=org.apache.hadoop.http.lib.StaticUserWebFilter$StaticUserFilter) to context static
2023-02-21 13:41:17,264 [Listener at 127.0.0.1/40765] INFO  http.HttpServer2 (HttpServer2.java:addFilter(1015)) - Added filter static_user_filter (class=org.apache.hadoop.http.lib.StaticUserWebFilter$StaticUserFilter) to context logs
2023-02-21 13:41:17,265 [Listener at 127.0.0.1/40765] INFO  http.HttpServer2 (HttpServer2.java:bindListener(1250)) - Jetty bound to port 40451
2023-02-21 13:41:17,265 [Listener at 127.0.0.1/40765] INFO  server.Server (Server.java:doStart(375)) - jetty-9.4.49.v20220914; built: 2022-09-14T01:07:36.601Z; git: 4231a3b2e4cb8548a412a789936d640a97b1aa0a; jvm 1.8.0_362-b09
2023-02-21 13:41:17,274 [Listener at 127.0.0.1/40765] INFO  server.session (DefaultSessionIdManager.java:doStart(334)) - DefaultSessionIdManager workerName=node0
2023-02-21 13:41:17,274 [Listener at 127.0.0.1/40765] INFO  server.session (DefaultSessionIdManager.java:doStart(339)) - No SessionScavenger set, using defaults
2023-02-21 13:41:17,275 [Listener at 127.0.0.1/40765] INFO  server.session (HouseKeeper.java:startScavenging(132)) - node0 Scavenging every 600000ms
2023-02-21 13:41:17,275 [Listener at 127.0.0.1/40765] INFO  handler.ContextHandler (ContextHandler.java:doStart(921)) - Started o.e.j.s.ServletContextHandler@1117da0b{logs,/logs,file:///home/runner/work/ozone/ozone/hadoop-ozone/integration-test/target/log,AVAILABLE}
2023-02-21 13:41:17,276 [Listener at 127.0.0.1/40765] INFO  handler.ContextHandler (ContextHandler.java:doStart(921)) - Started o.e.j.s.ServletContextHandler@78713f36{static,/static,jar:file:/home/runner/.m2/repository/org/apache/ozone/hdds-container-service/1.4.0-SNAPSHOT/hdds-container-service-1.4.0-SNAPSHOT.jar!/webapps/static,AVAILABLE}
2023-02-21 13:41:17,492 [Listener at 127.0.0.1/40765] INFO  handler.ContextHandler (ContextHandler.java:doStart(921)) - Started o.e.j.w.WebAppContext@3a52800e{hddsDatanode,/,file:///tmp/jetty-0_0_0_0-40451-hdds-container-service-1_4_0-SNAPSHOT_jar-_-any-5622230295559607183/webapp/,AVAILABLE}{jar:file:/home/runner/.m2/repository/org/apache/ozone/hdds-container-service/1.4.0-SNAPSHOT/hdds-container-service-1.4.0-SNAPSHOT.jar!/webapps/hddsDatanode}
2023-02-21 13:41:17,493 [Listener at 127.0.0.1/40765] INFO  server.AbstractConnector (AbstractConnector.java:doStart(333)) - Started ServerConnector@5f1b0f9{HTTP/1.1, (http/1.1)}{0.0.0.0:40451}
2023-02-21 13:41:17,493 [Listener at 127.0.0.1/40765] INFO  server.Server (Server.java:doStart(415)) - Started @226208ms
2023-02-21 13:41:17,493 [Listener at 127.0.0.1/40765] WARN  impl.MetricsSystemImpl (MetricsSystemImpl.java:register(279)) - Sink prometheus already exists!
2023-02-21 13:41:17,494 [Listener at 127.0.0.1/40765] INFO  http.BaseHttpServer (BaseHttpServer.java:updateConnectorAddress(333)) - HTTP server of hddsDatanode listening at http://0.0.0.0:40451
2023-02-21 13:41:17,495 [Listener at 127.0.0.1/40765] WARN  impl.MetricRegistriesImpl (MetricRegistriesImpl.java:addReporterRegistration(111)) - New reporters are added after registries were created. Some metrics will be missing from the reporter. Please add reporter before adding any new registry.
2023-02-21 13:41:17,495 [Listener at 127.0.0.1/40765] WARN  impl.MetricRegistriesImpl (MetricRegistriesImpl.java:addReporterRegistration(111)) - New reporters are added after registries were created. Some metrics will be missing from the reporter. Please add reporter before adding any new registry.
2023-02-21 13:41:17,495 [Listener at 127.0.0.1/40765] INFO  impl.MetricsSystemImpl (MetricsSystemImpl.java:init(158)) - HddsDatanode metrics system started (again)
2023-02-21 13:41:17,506 [Listener at 127.0.0.1/40765] INFO  ozone.HddsDatanodeService (HddsDatanodeService.java:start(228)) - HddsDatanodeService host:fv-az318-260.ewvrrcgabbbubjc05i3n4a3pph.dx.internal.cloudapp.net ip:10.1.0.81
2023-02-21 13:41:17,506 [Datanode State Machine Daemon Thread] INFO  statemachine.DatanodeStateMachine (DatanodeStateMachine.java:lambda$startDaemon$0(516)) - Ozone container server started.
2023-02-21 13:41:17,522 [org.apache.hadoop.util.JvmPauseMonitor$Monitor@798f907f] INFO  util.JvmPauseMonitor (JvmPauseMonitor.java:run(188)) - Starting JVM pause monitor
2023-02-21 13:41:17,523 [Datanode State Machine Task Thread - 0] INFO  datanode.InitDatanodeState (InitDatanodeState.java:persistContainerDatanodeDetails(138)) - DatanodeDetails is persisted to /home/runner/work/ozone/ozone/hadoop-ozone/integration-test/target/test-dir/MiniOzoneClusterImpl-5c741f75-a5c3-4524-84b8-0544f40d398a/datanode-2/meta/datanode.id
2023-02-21 13:41:17,541 [Listener at 127.0.0.1/40765] INFO  upgrade.AbstractLayoutVersionManager (AbstractLayoutVersionManager.java:init(83)) - Initializing Layout version manager with metadata layout = DATANODE_SCHEMA_V3 (version = 4), software layout = DATANODE_SCHEMA_V3 (version = 4)
2023-02-21 13:41:17,592 [Listener at 127.0.0.1/40765] INFO  reflections.Reflections (Reflections.java:scan(232)) - Reflections took 47 ms to scan 7 urls, producing 150 keys and 362 values 
2023-02-21 13:41:17,595 [Listener at 127.0.0.1/40765] INFO  statemachine.DatanodeStateMachine (DatanodeStateMachine.java:getEndPointTaskThreadPoolSize(260)) - Datanode State Machine Task Thread Pool size 2
2023-02-21 13:41:17,605 [Listener at 127.0.0.1/40765] INFO  volume.HddsVolume (HddsVolume.java:<init>(122)) - Creating HddsVolume: /home/runner/work/ozone/ozone/hadoop-ozone/integration-test/target/test-dir/MiniOzoneClusterImpl-5c741f75-a5c3-4524-84b8-0544f40d398a/datanode-3/data-0/containers/hdds of storage type : DISK capacity : 9223372036854775807
2023-02-21 13:41:17,605 [Listener at 127.0.0.1/40765] INFO  volume.MutableVolumeSet (MutableVolumeSet.java:initializeVolumeSet(174)) - Added Volume : /home/runner/work/ozone/ozone/hadoop-ozone/integration-test/target/test-dir/MiniOzoneClusterImpl-5c741f75-a5c3-4524-84b8-0544f40d398a/datanode-3/data-0/containers/hdds to VolumeSet
2023-02-21 13:41:17,605 [Listener at 127.0.0.1/40765] INFO  volume.ThrottledAsyncChecker (ThrottledAsyncChecker.java:schedule(141)) - Scheduling a check for /home/runner/work/ozone/ozone/hadoop-ozone/integration-test/target/test-dir/MiniOzoneClusterImpl-5c741f75-a5c3-4524-84b8-0544f40d398a/datanode-3/data-0/containers/hdds
2023-02-21 13:41:17,606 [Listener at 127.0.0.1/40765] INFO  volume.StorageVolumeChecker (StorageVolumeChecker.java:checkAllVolumes(202)) - Scheduled health check for volume /home/runner/work/ozone/ozone/hadoop-ozone/integration-test/target/test-dir/MiniOzoneClusterImpl-5c741f75-a5c3-4524-84b8-0544f40d398a/datanode-3/data-0/containers/hdds
2023-02-21 13:41:17,620 [Listener at 127.0.0.1/40765] INFO  volume.MutableVolumeSet (MutableVolumeSet.java:initializeVolumeSet(174)) - Added Volume : /home/runner/work/ozone/ozone/hadoop-ozone/integration-test/target/test-dir/MiniOzoneClusterImpl-5c741f75-a5c3-4524-84b8-0544f40d398a/datanode-3/data/ratis to VolumeSet
2023-02-21 13:41:17,620 [Listener at 127.0.0.1/40765] INFO  volume.ThrottledAsyncChecker (ThrottledAsyncChecker.java:schedule(141)) - Scheduling a check for /home/runner/work/ozone/ozone/hadoop-ozone/integration-test/target/test-dir/MiniOzoneClusterImpl-5c741f75-a5c3-4524-84b8-0544f40d398a/datanode-3/data/ratis
2023-02-21 13:41:17,620 [Listener at 127.0.0.1/40765] INFO  volume.StorageVolumeChecker (StorageVolumeChecker.java:checkAllVolumes(202)) - Scheduled health check for volume /home/runner/work/ozone/ozone/hadoop-ozone/integration-test/target/test-dir/MiniOzoneClusterImpl-5c741f75-a5c3-4524-84b8-0544f40d398a/datanode-3/data/ratis
2023-02-21 13:41:17,632 [Thread-1498] INFO  ozoneimpl.ContainerReader (ContainerReader.java:readVolume(175)) - Finish verifying containers on volume /home/runner/work/ozone/ozone/hadoop-ozone/integration-test/target/test-dir/MiniOzoneClusterImpl-5c741f75-a5c3-4524-84b8-0544f40d398a/datanode-3/data-0/containers/hdds
2023-02-21 13:41:17,632 [Listener at 127.0.0.1/40765] INFO  ozoneimpl.OzoneContainer (OzoneContainer.java:buildContainerSet(304)) - Build ContainerSet costs 0s
2023-02-21 13:41:17,634 [Listener at 127.0.0.1/40765] INFO  server.RaftServer (ConfUtils.java:logGet(46)) - raft.rpc.type = GRPC (default)
2023-02-21 13:41:17,634 [Listener at 127.0.0.1/40765] INFO  grpc.GrpcConfigKeys (ConfUtils.java:logFallback(53)) - raft.grpc.admin.host = null (fallback to raft.grpc.server.host)
2023-02-21 13:41:17,635 [Listener at 127.0.0.1/40765] INFO  grpc.GrpcConfigKeys (ConfUtils.java:logGet(46)) - raft.grpc.admin.port = 0 (custom)
2023-02-21 13:41:17,635 [Listener at 127.0.0.1/40765] INFO  grpc.GrpcConfigKeys (ConfUtils.java:logFallback(53)) - raft.grpc.client.host = null (fallback to raft.grpc.server.host)
2023-02-21 13:41:17,635 [Listener at 127.0.0.1/40765] INFO  grpc.GrpcConfigKeys (ConfUtils.java:logGet(46)) - raft.grpc.client.port = 0 (custom)
2023-02-21 13:41:17,635 [Listener at 127.0.0.1/40765] INFO  grpc.GrpcConfigKeys (ConfUtils.java:logGet(46)) - raft.grpc.server.host = null (default)
2023-02-21 13:41:17,635 [Listener at 127.0.0.1/40765] INFO  grpc.GrpcConfigKeys (ConfUtils.java:logGet(46)) - raft.grpc.server.port = 0 (default)
2023-02-21 13:41:17,635 [Listener at 127.0.0.1/40765] INFO  server.GrpcService (ConfUtils.java:logGet(46)) - raft.grpc.message.size.max = 32MB (=33554432) (custom)
2023-02-21 13:41:17,635 [Listener at 127.0.0.1/40765] INFO  server.RaftServerConfigKeys (ConfUtils.java:logGet(46)) - raft.server.log.appender.buffer.byte-limit = 33554432 (custom)
2023-02-21 13:41:17,636 [Listener at 127.0.0.1/40765] INFO  server.GrpcService (ConfUtils.java:logGet(46)) - raft.grpc.flow.control.window = 5MB (=5242880) (custom)
2023-02-21 13:41:17,636 [Listener at 127.0.0.1/40765] INFO  server.RaftServerConfigKeys (ConfUtils.java:logGet(46)) - raft.server.rpc.request.timeout = 60s (custom)
2023-02-21 13:41:17,636 [Listener at 127.0.0.1/40765] INFO  grpc.GrpcConfigKeys (ConfUtils.java:logGet(46)) - raft.grpc.server.heartbeat.channel = true (default)
2023-02-21 13:41:17,636 [Listener at 127.0.0.1/40765] INFO  grpc.GrpcConfigKeys (ConfUtils.java:logGet(46)) - raft.grpc.server.async.request.thread.pool.cached = true (default)
2023-02-21 13:41:17,636 [Listener at 127.0.0.1/40765] INFO  grpc.GrpcConfigKeys (ConfUtils.java:logGet(46)) - raft.grpc.server.async.request.thread.pool.size = 32 (default)
2023-02-21 13:41:17,642 [Listener at 127.0.0.1/40765] INFO  impl.DataStreamServerImpl (ConfUtils.java:logGet(46)) - raft.datastream.type = NETTY (custom)
2023-02-21 13:41:17,642 [Listener at 127.0.0.1/40765] INFO  server.RaftServerConfigKeys (ConfUtils.java:logGet(46)) - raft.server.data-stream.async.request.thread.pool.cached = false (default)
2023-02-21 13:41:17,642 [Listener at 127.0.0.1/40765] INFO  server.RaftServerConfigKeys (ConfUtils.java:logGet(46)) - raft.server.data-stream.async.request.thread.pool.size = 20 (custom)
2023-02-21 13:41:17,642 [Listener at 127.0.0.1/40765] INFO  server.RaftServerConfigKeys (ConfUtils.java:logGet(46)) - raft.server.data-stream.async.write.thread.pool.size = 16 (default)
2023-02-21 13:41:17,642 [Listener at 127.0.0.1/40765] INFO  server.RaftServerConfigKeys (ConfUtils.java:logGet(46)) - raft.server.data-stream.client.pool.size = 10 (default)
2023-02-21 13:41:17,642 [Listener at 127.0.0.1/40765] INFO  netty.NettyConfigKeys$DataStream (ConfUtils.java:logGet(46)) - raft.netty.dataStream.server.use-epoll = false (default)
2023-02-21 13:41:17,643 [Listener at 127.0.0.1/40765] INFO  netty.NettyConfigKeys$DataStream (ConfUtils.java:logGet(46)) - raft.netty.dataStream.server.boss-group.size = 0 (default)
2023-02-21 13:41:17,643 [Listener at 127.0.0.1/40765] INFO  netty.NettyConfigKeys$DataStream (ConfUtils.java:logGet(46)) - raft.netty.dataStream.server.worker-group.size = 0 (default)
2023-02-21 13:41:17,643 [Listener at 127.0.0.1/40765] INFO  netty.NettyConfigKeys$DataStream (ConfUtils.java:logGet(46)) - raft.netty.dataStream.server.tls.conf = null (default)
2023-02-21 13:41:17,643 [Listener at 127.0.0.1/40765] INFO  netty.NettyConfigKeys$DataStream (ConfUtils.java:logGet(46)) - raft.netty.dataStream.host = null (default)
2023-02-21 13:41:17,644 [Listener at 127.0.0.1/40765] INFO  netty.NettyConfigKeys$DataStream (ConfUtils.java:logGet(46)) - raft.netty.dataStream.port = 0 (default)
2023-02-21 13:41:17,646 [Listener at 127.0.0.1/40765] INFO  server.RaftServerConfigKeys (ConfUtils.java:logGet(46)) - raft.server.threadpool.proxy.cached = true (default)
2023-02-21 13:41:17,646 [Listener at 127.0.0.1/40765] INFO  server.RaftServerConfigKeys (ConfUtils.java:logGet(46)) - raft.server.threadpool.proxy.size = 0 (default)
2023-02-21 13:41:17,646 [Listener at 127.0.0.1/40765] INFO  server.RaftServerConfigKeys (ConfUtils.java:logGet(46)) - raft.server.rpc.slowness.timeout = 300s (custom)
2023-02-21 13:41:17,646 [Listener at 127.0.0.1/40765] INFO  server.RaftServerConfigKeys (ConfUtils.java:logGet(46)) - raft.server.leaderelection.leader.step-down.wait-time = 10s (default)
2023-02-21 13:41:17,646 [Listener at 127.0.0.1/40765] INFO  server.RaftServerConfigKeys (ConfUtils.java:logGet(46)) - raft.server.storage.dir = [/home/runner/work/ozone/ozone/hadoop-ozone/integration-test/target/test-dir/MiniOzoneClusterImpl-5c741f75-a5c3-4524-84b8-0544f40d398a/datanode-3/data/ratis] (custom)
2023-02-21 13:41:17,647 [e005f503-ad61-467d-ad83-422b074b570a-NettyServerStreamRpc-bossGroup--thread1] INFO  logging.LoggingHandler (AbstractInternalLogger.java:log(148)) - [id: 0x36bbf2ba] REGISTERED
2023-02-21 13:41:17,647 [e005f503-ad61-467d-ad83-422b074b570a-NettyServerStreamRpc-bossGroup--thread1] INFO  logging.LoggingHandler (AbstractInternalLogger.java:log(148)) - [id: 0x36bbf2ba] BIND: 0.0.0.0/0.0.0.0:0
2023-02-21 13:41:17,648 [e005f503-ad61-467d-ad83-422b074b570a-NettyServerStreamRpc-bossGroup--thread1] INFO  logging.LoggingHandler (AbstractInternalLogger.java:log(148)) - [id: 0x36bbf2ba, L:/0:0:0:0:0:0:0:0:43405] ACTIVE
2023-02-21 13:41:17,650 [Listener at 127.0.0.1/40765] INFO  server.XceiverServerGrpc (XceiverServerGrpc.java:<init>(132)) - GrpcServer channel type EpollServerSocketChannel
2023-02-21 13:41:17,655 [Listener at 127.0.0.1/40765] INFO  http.BaseHttpServer (BaseHttpServer.java:newHttpServer2BuilderForOzone(213)) - Starting Web-server for hddsDatanode at: http://0.0.0.0:0
2023-02-21 13:41:17,656 [Listener at 127.0.0.1/40765] INFO  http.BaseHttpServer (BaseHttpServer.java:<init>(108)) - Hadoop Security Enabled: false Ozone Security Enabled: false Ozone HTTP Security Enabled: false 
2023-02-21 13:41:17,657 [Listener at 127.0.0.1/40765] WARN  server.AuthenticationFilter (AuthenticationFilter.java:constructSecretProvider(240)) - Unable to initialize FileSignerSecretProvider, falling back to use random secrets. Reason: Could not read signature secret file: /home/runner/hadoop-http-auth-signature-secret
2023-02-21 13:41:17,657 [Listener at 127.0.0.1/40765] WARN  http.HttpRequestLog (HttpRequestLog.java:getRequestLog(103)) - Jetty request log can only be enabled using Log4j
2023-02-21 13:41:17,659 [Listener at 127.0.0.1/40765] INFO  http.HttpServer2 (HttpServer2.java:addGlobalFilter(1031)) - Added global filter 'safety' (class=org.apache.hadoop.hdds.server.http.HttpServer2$QuotingInputFilter)
2023-02-21 13:41:17,659 [Listener at 127.0.0.1/40765] INFO  http.HttpServer2 (HttpServer2.java:addFilter(1007)) - Added filter static_user_filter (class=org.apache.hadoop.http.lib.StaticUserWebFilter$StaticUserFilter) to context hddsDatanode
2023-02-21 13:41:17,659 [Listener at 127.0.0.1/40765] INFO  http.HttpServer2 (HttpServer2.java:addFilter(1015)) - Added filter static_user_filter (class=org.apache.hadoop.http.lib.StaticUserWebFilter$StaticUserFilter) to context static
2023-02-21 13:41:17,659 [Listener at 127.0.0.1/40765] INFO  http.HttpServer2 (HttpServer2.java:addFilter(1015)) - Added filter static_user_filter (class=org.apache.hadoop.http.lib.StaticUserWebFilter$StaticUserFilter) to context logs
2023-02-21 13:41:17,660 [Listener at 127.0.0.1/40765] INFO  http.HttpServer2 (HttpServer2.java:bindListener(1250)) - Jetty bound to port 36459
2023-02-21 13:41:17,660 [Listener at 127.0.0.1/40765] INFO  server.Server (Server.java:doStart(375)) - jetty-9.4.49.v20220914; built: 2022-09-14T01:07:36.601Z; git: 4231a3b2e4cb8548a412a789936d640a97b1aa0a; jvm 1.8.0_362-b09
2023-02-21 13:41:17,661 [Listener at 127.0.0.1/40765] INFO  server.session (DefaultSessionIdManager.java:doStart(334)) - DefaultSessionIdManager workerName=node0
2023-02-21 13:41:17,662 [Listener at 127.0.0.1/40765] INFO  server.session (DefaultSessionIdManager.java:doStart(339)) - No SessionScavenger set, using defaults
2023-02-21 13:41:17,662 [Listener at 127.0.0.1/40765] INFO  server.session (HouseKeeper.java:startScavenging(132)) - node0 Scavenging every 660000ms
2023-02-21 13:41:17,662 [Listener at 127.0.0.1/40765] INFO  handler.ContextHandler (ContextHandler.java:doStart(921)) - Started o.e.j.s.ServletContextHandler@112ca081{logs,/logs,file:///home/runner/work/ozone/ozone/hadoop-ozone/integration-test/target/log,AVAILABLE}
2023-02-21 13:41:17,663 [Listener at 127.0.0.1/40765] INFO  handler.ContextHandler (ContextHandler.java:doStart(921)) - Started o.e.j.s.ServletContextHandler@68abc0be{static,/static,jar:file:/home/runner/.m2/repository/org/apache/ozone/hdds-container-service/1.4.0-SNAPSHOT/hdds-container-service-1.4.0-SNAPSHOT.jar!/webapps/static,AVAILABLE}
2023-02-21 13:41:17,881 [Listener at 127.0.0.1/40765] INFO  handler.ContextHandler (ContextHandler.java:doStart(921)) - Started o.e.j.w.WebAppContext@27caa7da{hddsDatanode,/,file:///tmp/jetty-0_0_0_0-36459-hdds-container-service-1_4_0-SNAPSHOT_jar-_-any-9027761950202436237/webapp/,AVAILABLE}{jar:file:/home/runner/.m2/repository/org/apache/ozone/hdds-container-service/1.4.0-SNAPSHOT/hdds-container-service-1.4.0-SNAPSHOT.jar!/webapps/hddsDatanode}
2023-02-21 13:41:17,882 [Listener at 127.0.0.1/40765] INFO  server.AbstractConnector (AbstractConnector.java:doStart(333)) - Started ServerConnector@11c98130{HTTP/1.1, (http/1.1)}{0.0.0.0:36459}
2023-02-21 13:41:17,882 [Listener at 127.0.0.1/40765] INFO  server.Server (Server.java:doStart(415)) - Started @226597ms
2023-02-21 13:41:17,882 [Listener at 127.0.0.1/40765] WARN  impl.MetricsSystemImpl (MetricsSystemImpl.java:register(279)) - Sink prometheus already exists!
2023-02-21 13:41:17,883 [Listener at 127.0.0.1/40765] INFO  http.BaseHttpServer (BaseHttpServer.java:updateConnectorAddress(333)) - HTTP server of hddsDatanode listening at http://0.0.0.0:36459
2023-02-21 13:41:17,883 [Datanode State Machine Daemon Thread] INFO  statemachine.DatanodeStateMachine (DatanodeStateMachine.java:lambda$startDaemon$0(516)) - Ozone container server started.
2023-02-21 13:41:17,888 [Listener at 127.0.0.1/40765] WARN  impl.MetricRegistriesImpl (MetricRegistriesImpl.java:addReporterRegistration(111)) - New reporters are added after registries were created. Some metrics will be missing from the reporter. Please add reporter before adding any new registry.
2023-02-21 13:41:17,888 [Listener at 127.0.0.1/40765] WARN  impl.MetricRegistriesImpl (MetricRegistriesImpl.java:addReporterRegistration(111)) - New reporters are added after registries were created. Some metrics will be missing from the reporter. Please add reporter before adding any new registry.
2023-02-21 13:41:17,888 [Listener at 127.0.0.1/40765] INFO  impl.MetricsSystemImpl (MetricsSystemImpl.java:init(158)) - HddsDatanode metrics system started (again)
2023-02-21 13:41:17,899 [Listener at 127.0.0.1/40765] INFO  ozone.HddsDatanodeService (HddsDatanodeService.java:start(228)) - HddsDatanodeService host:fv-az318-260.ewvrrcgabbbubjc05i3n4a3pph.dx.internal.cloudapp.net ip:10.1.0.81
2023-02-21 13:41:17,900 [org.apache.hadoop.util.JvmPauseMonitor$Monitor@24d56ca8] INFO  util.JvmPauseMonitor (JvmPauseMonitor.java:run(188)) - Starting JVM pause monitor
2023-02-21 13:41:17,902 [Datanode State Machine Task Thread - 0] INFO  datanode.InitDatanodeState (InitDatanodeState.java:persistContainerDatanodeDetails(138)) - DatanodeDetails is persisted to /home/runner/work/ozone/ozone/hadoop-ozone/integration-test/target/test-dir/MiniOzoneClusterImpl-5c741f75-a5c3-4524-84b8-0544f40d398a/datanode-3/meta/datanode.id
2023-02-21 13:41:17,926 [Listener at 127.0.0.1/40765] INFO  upgrade.AbstractLayoutVersionManager (AbstractLayoutVersionManager.java:init(83)) - Initializing Layout version manager with metadata layout = DATANODE_SCHEMA_V3 (version = 4), software layout = DATANODE_SCHEMA_V3 (version = 4)
2023-02-21 13:41:17,977 [Listener at 127.0.0.1/40765] INFO  reflections.Reflections (Reflections.java:scan(232)) - Reflections took 50 ms to scan 7 urls, producing 150 keys and 362 values 
2023-02-21 13:41:17,978 [Listener at 127.0.0.1/40765] INFO  statemachine.DatanodeStateMachine (DatanodeStateMachine.java:getEndPointTaskThreadPoolSize(260)) - Datanode State Machine Task Thread Pool size 2
2023-02-21 13:41:17,985 [Listener at 127.0.0.1/40765] INFO  volume.HddsVolume (HddsVolume.java:<init>(122)) - Creating HddsVolume: /home/runner/work/ozone/ozone/hadoop-ozone/integration-test/target/test-dir/MiniOzoneClusterImpl-5c741f75-a5c3-4524-84b8-0544f40d398a/datanode-4/data-0/containers/hdds of storage type : DISK capacity : 9223372036854775807
2023-02-21 13:41:17,986 [Listener at 127.0.0.1/40765] INFO  volume.MutableVolumeSet (MutableVolumeSet.java:initializeVolumeSet(174)) - Added Volume : /home/runner/work/ozone/ozone/hadoop-ozone/integration-test/target/test-dir/MiniOzoneClusterImpl-5c741f75-a5c3-4524-84b8-0544f40d398a/datanode-4/data-0/containers/hdds to VolumeSet
2023-02-21 13:41:17,986 [Listener at 127.0.0.1/40765] INFO  volume.ThrottledAsyncChecker (ThrottledAsyncChecker.java:schedule(141)) - Scheduling a check for /home/runner/work/ozone/ozone/hadoop-ozone/integration-test/target/test-dir/MiniOzoneClusterImpl-5c741f75-a5c3-4524-84b8-0544f40d398a/datanode-4/data-0/containers/hdds
2023-02-21 13:41:17,987 [Listener at 127.0.0.1/40765] INFO  volume.StorageVolumeChecker (StorageVolumeChecker.java:checkAllVolumes(202)) - Scheduled health check for volume /home/runner/work/ozone/ozone/hadoop-ozone/integration-test/target/test-dir/MiniOzoneClusterImpl-5c741f75-a5c3-4524-84b8-0544f40d398a/datanode-4/data-0/containers/hdds
2023-02-21 13:41:17,999 [Listener at 127.0.0.1/40765] INFO  volume.MutableVolumeSet (MutableVolumeSet.java:initializeVolumeSet(174)) - Added Volume : /home/runner/work/ozone/ozone/hadoop-ozone/integration-test/target/test-dir/MiniOzoneClusterImpl-5c741f75-a5c3-4524-84b8-0544f40d398a/datanode-4/data/ratis to VolumeSet
2023-02-21 13:41:18,000 [Listener at 127.0.0.1/40765] INFO  volume.ThrottledAsyncChecker (ThrottledAsyncChecker.java:schedule(141)) - Scheduling a check for /home/runner/work/ozone/ozone/hadoop-ozone/integration-test/target/test-dir/MiniOzoneClusterImpl-5c741f75-a5c3-4524-84b8-0544f40d398a/datanode-4/data/ratis
2023-02-21 13:41:18,001 [Listener at 127.0.0.1/40765] INFO  volume.StorageVolumeChecker (StorageVolumeChecker.java:checkAllVolumes(202)) - Scheduled health check for volume /home/runner/work/ozone/ozone/hadoop-ozone/integration-test/target/test-dir/MiniOzoneClusterImpl-5c741f75-a5c3-4524-84b8-0544f40d398a/datanode-4/data/ratis
2023-02-21 13:41:18,013 [Thread-1512] INFO  ozoneimpl.ContainerReader (ContainerReader.java:readVolume(175)) - Finish verifying containers on volume /home/runner/work/ozone/ozone/hadoop-ozone/integration-test/target/test-dir/MiniOzoneClusterImpl-5c741f75-a5c3-4524-84b8-0544f40d398a/datanode-4/data-0/containers/hdds
2023-02-21 13:41:18,013 [Listener at 127.0.0.1/40765] INFO  ozoneimpl.OzoneContainer (OzoneContainer.java:buildContainerSet(304)) - Build ContainerSet costs 0s
2023-02-21 13:41:18,017 [Listener at 127.0.0.1/40765] INFO  server.RaftServer (ConfUtils.java:logGet(46)) - raft.rpc.type = GRPC (default)
2023-02-21 13:41:18,017 [Listener at 127.0.0.1/40765] INFO  grpc.GrpcConfigKeys (ConfUtils.java:logFallback(53)) - raft.grpc.admin.host = null (fallback to raft.grpc.server.host)
2023-02-21 13:41:18,017 [Listener at 127.0.0.1/40765] INFO  grpc.GrpcConfigKeys (ConfUtils.java:logGet(46)) - raft.grpc.admin.port = 0 (custom)
2023-02-21 13:41:18,018 [Listener at 127.0.0.1/40765] INFO  grpc.GrpcConfigKeys (ConfUtils.java:logFallback(53)) - raft.grpc.client.host = null (fallback to raft.grpc.server.host)
2023-02-21 13:41:18,018 [Listener at 127.0.0.1/40765] INFO  grpc.GrpcConfigKeys (ConfUtils.java:logGet(46)) - raft.grpc.client.port = 0 (custom)
2023-02-21 13:41:18,018 [Listener at 127.0.0.1/40765] INFO  grpc.GrpcConfigKeys (ConfUtils.java:logGet(46)) - raft.grpc.server.host = null (default)
2023-02-21 13:41:18,018 [Listener at 127.0.0.1/40765] INFO  grpc.GrpcConfigKeys (ConfUtils.java:logGet(46)) - raft.grpc.server.port = 0 (default)
2023-02-21 13:41:18,018 [Listener at 127.0.0.1/40765] INFO  server.GrpcService (ConfUtils.java:logGet(46)) - raft.grpc.message.size.max = 32MB (=33554432) (custom)
2023-02-21 13:41:18,018 [Listener at 127.0.0.1/40765] INFO  server.RaftServerConfigKeys (ConfUtils.java:logGet(46)) - raft.server.log.appender.buffer.byte-limit = 33554432 (custom)
2023-02-21 13:41:18,018 [Listener at 127.0.0.1/40765] INFO  server.GrpcService (ConfUtils.java:logGet(46)) - raft.grpc.flow.control.window = 5MB (=5242880) (custom)
2023-02-21 13:41:18,019 [Listener at 127.0.0.1/40765] INFO  server.RaftServerConfigKeys (ConfUtils.java:logGet(46)) - raft.server.rpc.request.timeout = 60s (custom)
2023-02-21 13:41:18,019 [Listener at 127.0.0.1/40765] INFO  grpc.GrpcConfigKeys (ConfUtils.java:logGet(46)) - raft.grpc.server.heartbeat.channel = true (default)
2023-02-21 13:41:18,019 [Listener at 127.0.0.1/40765] INFO  grpc.GrpcConfigKeys (ConfUtils.java:logGet(46)) - raft.grpc.server.async.request.thread.pool.cached = true (default)
2023-02-21 13:41:18,019 [Listener at 127.0.0.1/40765] INFO  grpc.GrpcConfigKeys (ConfUtils.java:logGet(46)) - raft.grpc.server.async.request.thread.pool.size = 32 (default)
2023-02-21 13:41:18,020 [Listener at 127.0.0.1/40765] INFO  impl.DataStreamServerImpl (ConfUtils.java:logGet(46)) - raft.datastream.type = NETTY (custom)
2023-02-21 13:41:18,021 [Listener at 127.0.0.1/40765] INFO  server.RaftServerConfigKeys (ConfUtils.java:logGet(46)) - raft.server.data-stream.async.request.thread.pool.cached = false (default)
2023-02-21 13:41:18,021 [Listener at 127.0.0.1/40765] INFO  server.RaftServerConfigKeys (ConfUtils.java:logGet(46)) - raft.server.data-stream.async.request.thread.pool.size = 20 (custom)
2023-02-21 13:41:18,021 [Listener at 127.0.0.1/40765] INFO  server.RaftServerConfigKeys (ConfUtils.java:logGet(46)) - raft.server.data-stream.async.write.thread.pool.size = 16 (default)
2023-02-21 13:41:18,021 [Listener at 127.0.0.1/40765] INFO  server.RaftServerConfigKeys (ConfUtils.java:logGet(46)) - raft.server.data-stream.client.pool.size = 10 (default)
2023-02-21 13:41:18,021 [Listener at 127.0.0.1/40765] INFO  netty.NettyConfigKeys$DataStream (ConfUtils.java:logGet(46)) - raft.netty.dataStream.server.use-epoll = false (default)
2023-02-21 13:41:18,021 [Listener at 127.0.0.1/40765] INFO  netty.NettyConfigKeys$DataStream (ConfUtils.java:logGet(46)) - raft.netty.dataStream.server.boss-group.size = 0 (default)
2023-02-21 13:41:18,022 [Listener at 127.0.0.1/40765] INFO  netty.NettyConfigKeys$DataStream (ConfUtils.java:logGet(46)) - raft.netty.dataStream.server.worker-group.size = 0 (default)
2023-02-21 13:41:18,028 [Listener at 127.0.0.1/40765] INFO  netty.NettyConfigKeys$DataStream (ConfUtils.java:logGet(46)) - raft.netty.dataStream.server.tls.conf = null (default)
2023-02-21 13:41:18,028 [Listener at 127.0.0.1/40765] INFO  netty.NettyConfigKeys$DataStream (ConfUtils.java:logGet(46)) - raft.netty.dataStream.host = null (default)
2023-02-21 13:41:18,029 [Listener at 127.0.0.1/40765] INFO  netty.NettyConfigKeys$DataStream (ConfUtils.java:logGet(46)) - raft.netty.dataStream.port = 0 (default)
2023-02-21 13:41:18,029 [Listener at 127.0.0.1/40765] INFO  server.RaftServerConfigKeys (ConfUtils.java:logGet(46)) - raft.server.threadpool.proxy.cached = true (default)
2023-02-21 13:41:18,029 [Listener at 127.0.0.1/40765] INFO  server.RaftServerConfigKeys (ConfUtils.java:logGet(46)) - raft.server.threadpool.proxy.size = 0 (default)
2023-02-21 13:41:18,029 [Listener at 127.0.0.1/40765] INFO  server.RaftServerConfigKeys (ConfUtils.java:logGet(46)) - raft.server.rpc.slowness.timeout = 300s (custom)
2023-02-21 13:41:18,030 [Listener at 127.0.0.1/40765] INFO  server.RaftServerConfigKeys (ConfUtils.java:logGet(46)) - raft.server.leaderelection.leader.step-down.wait-time = 10s (default)
2023-02-21 13:41:18,030 [Listener at 127.0.0.1/40765] INFO  server.RaftServerConfigKeys (ConfUtils.java:logGet(46)) - raft.server.storage.dir = [/home/runner/work/ozone/ozone/hadoop-ozone/integration-test/target/test-dir/MiniOzoneClusterImpl-5c741f75-a5c3-4524-84b8-0544f40d398a/datanode-4/data/ratis] (custom)
2023-02-21 13:41:18,030 [01e18597-a4ca-46a9-ac7d-09d343b6c1b0-NettyServerStreamRpc-bossGroup--thread1] INFO  logging.LoggingHandler (AbstractInternalLogger.java:log(148)) - [id: 0x6bcd9661] REGISTERED
2023-02-21 13:41:18,031 [01e18597-a4ca-46a9-ac7d-09d343b6c1b0-NettyServerStreamRpc-bossGroup--thread1] INFO  logging.LoggingHandler (AbstractInternalLogger.java:log(148)) - [id: 0x6bcd9661] BIND: 0.0.0.0/0.0.0.0:0
2023-02-21 13:41:18,031 [01e18597-a4ca-46a9-ac7d-09d343b6c1b0-NettyServerStreamRpc-bossGroup--thread1] INFO  logging.LoggingHandler (AbstractInternalLogger.java:log(148)) - [id: 0x6bcd9661, L:/0:0:0:0:0:0:0:0:41863] ACTIVE
2023-02-21 13:41:18,032 [Listener at 127.0.0.1/40765] INFO  server.XceiverServerGrpc (XceiverServerGrpc.java:<init>(132)) - GrpcServer channel type EpollServerSocketChannel
2023-02-21 13:41:18,035 [Listener at 127.0.0.1/40765] INFO  http.BaseHttpServer (BaseHttpServer.java:newHttpServer2BuilderForOzone(213)) - Starting Web-server for hddsDatanode at: http://0.0.0.0:0
2023-02-21 13:41:18,035 [Listener at 127.0.0.1/40765] INFO  http.BaseHttpServer (BaseHttpServer.java:<init>(108)) - Hadoop Security Enabled: false Ozone Security Enabled: false Ozone HTTP Security Enabled: false 
2023-02-21 13:41:18,036 [Listener at 127.0.0.1/40765] WARN  server.AuthenticationFilter (AuthenticationFilter.java:constructSecretProvider(240)) - Unable to initialize FileSignerSecretProvider, falling back to use random secrets. Reason: Could not read signature secret file: /home/runner/hadoop-http-auth-signature-secret
2023-02-21 13:41:18,037 [Listener at 127.0.0.1/40765] WARN  http.HttpRequestLog (HttpRequestLog.java:getRequestLog(103)) - Jetty request log can only be enabled using Log4j
2023-02-21 13:41:18,038 [Listener at 127.0.0.1/40765] INFO  http.HttpServer2 (HttpServer2.java:addGlobalFilter(1031)) - Added global filter 'safety' (class=org.apache.hadoop.hdds.server.http.HttpServer2$QuotingInputFilter)
2023-02-21 13:41:18,038 [Listener at 127.0.0.1/40765] INFO  http.HttpServer2 (HttpServer2.java:addFilter(1007)) - Added filter static_user_filter (class=org.apache.hadoop.http.lib.StaticUserWebFilter$StaticUserFilter) to context hddsDatanode
2023-02-21 13:41:18,038 [Listener at 127.0.0.1/40765] INFO  http.HttpServer2 (HttpServer2.java:addFilter(1015)) - Added filter static_user_filter (class=org.apache.hadoop.http.lib.StaticUserWebFilter$StaticUserFilter) to context static
2023-02-21 13:41:18,038 [Listener at 127.0.0.1/40765] INFO  http.HttpServer2 (HttpServer2.java:addFilter(1015)) - Added filter static_user_filter (class=org.apache.hadoop.http.lib.StaticUserWebFilter$StaticUserFilter) to context logs
2023-02-21 13:41:18,039 [Listener at 127.0.0.1/40765] INFO  http.HttpServer2 (HttpServer2.java:bindListener(1250)) - Jetty bound to port 40305
2023-02-21 13:41:18,039 [Listener at 127.0.0.1/40765] INFO  server.Server (Server.java:doStart(375)) - jetty-9.4.49.v20220914; built: 2022-09-14T01:07:36.601Z; git: 4231a3b2e4cb8548a412a789936d640a97b1aa0a; jvm 1.8.0_362-b09
2023-02-21 13:41:18,040 [Listener at 127.0.0.1/40765] INFO  server.session (DefaultSessionIdManager.java:doStart(334)) - DefaultSessionIdManager workerName=node0
2023-02-21 13:41:18,041 [Listener at 127.0.0.1/40765] INFO  server.session (DefaultSessionIdManager.java:doStart(339)) - No SessionScavenger set, using defaults
2023-02-21 13:41:18,041 [Listener at 127.0.0.1/40765] INFO  server.session (HouseKeeper.java:startScavenging(132)) - node0 Scavenging every 600000ms
2023-02-21 13:41:18,041 [Listener at 127.0.0.1/40765] INFO  handler.ContextHandler (ContextHandler.java:doStart(921)) - Started o.e.j.s.ServletContextHandler@41368109{logs,/logs,file:///home/runner/work/ozone/ozone/hadoop-ozone/integration-test/target/log,AVAILABLE}
2023-02-21 13:41:18,042 [Listener at 127.0.0.1/40765] INFO  handler.ContextHandler (ContextHandler.java:doStart(921)) - Started o.e.j.s.ServletContextHandler@64ffd1ef{static,/static,jar:file:/home/runner/.m2/repository/org/apache/ozone/hdds-container-service/1.4.0-SNAPSHOT/hdds-container-service-1.4.0-SNAPSHOT.jar!/webapps/static,AVAILABLE}
2023-02-21 13:41:18,248 [Listener at 127.0.0.1/40765] INFO  handler.ContextHandler (ContextHandler.java:doStart(921)) - Started o.e.j.w.WebAppContext@6ef996b8{hddsDatanode,/,file:///tmp/jetty-0_0_0_0-40305-hdds-container-service-1_4_0-SNAPSHOT_jar-_-any-6728698095849656841/webapp/,AVAILABLE}{jar:file:/home/runner/.m2/repository/org/apache/ozone/hdds-container-service/1.4.0-SNAPSHOT/hdds-container-service-1.4.0-SNAPSHOT.jar!/webapps/hddsDatanode}
2023-02-21 13:41:18,250 [Listener at 127.0.0.1/40765] INFO  server.AbstractConnector (AbstractConnector.java:doStart(333)) - Started ServerConnector@58a42e14{HTTP/1.1, (http/1.1)}{0.0.0.0:40305}
2023-02-21 13:41:18,250 [Listener at 127.0.0.1/40765] INFO  server.Server (Server.java:doStart(415)) - Started @226965ms
2023-02-21 13:41:18,250 [Listener at 127.0.0.1/40765] WARN  impl.MetricsSystemImpl (MetricsSystemImpl.java:register(279)) - Sink prometheus already exists!
2023-02-21 13:41:18,251 [Listener at 127.0.0.1/40765] INFO  http.BaseHttpServer (BaseHttpServer.java:updateConnectorAddress(333)) - HTTP server of hddsDatanode listening at http://0.0.0.0:40305
2023-02-21 13:41:18,251 [Datanode State Machine Daemon Thread] INFO  statemachine.DatanodeStateMachine (DatanodeStateMachine.java:lambda$startDaemon$0(516)) - Ozone container server started.
2023-02-21 13:41:18,251 [Listener at 127.0.0.1/40765] INFO  ozone.MiniOzoneClusterImpl (MiniOzoneClusterImpl.java:lambda$waitForClusterToBeReady$0(218)) - Waiting for nodes to be ready. Got 0 of 5 DN Heartbeats.
2023-02-21 13:41:18,253 [Listener at 127.0.0.1/40765] INFO  ozone.MiniOzoneClusterImpl (MiniOzoneClusterImpl.java:lambda$waitForClusterToBeReady$0(221)) - Waiting for cluster to exit safe mode
2023-02-21 13:41:18,253 [Listener at 127.0.0.1/40765] INFO  ozone.MiniOzoneClusterImpl (MiniOzoneClusterImpl.java:lambda$waitForClusterToBeReady$0(223)) - SCM became leader
2023-02-21 13:41:18,257 [org.apache.hadoop.util.JvmPauseMonitor$Monitor@1488a17b] INFO  util.JvmPauseMonitor (JvmPauseMonitor.java:run(188)) - Starting JVM pause monitor
2023-02-21 13:41:18,258 [Datanode State Machine Task Thread - 0] INFO  datanode.InitDatanodeState (InitDatanodeState.java:persistContainerDatanodeDetails(138)) - DatanodeDetails is persisted to /home/runner/work/ozone/ozone/hadoop-ozone/integration-test/target/test-dir/MiniOzoneClusterImpl-5c741f75-a5c3-4524-84b8-0544f40d398a/datanode-4/meta/datanode.id
2023-02-21 13:41:18,828 [EndpointStateMachine task thread for /0.0.0.0:37517 - 0 ] INFO  utils.DatanodeStoreCache (DatanodeStoreCache.java:addDB(58)) - Added db /home/runner/work/ozone/ozone/hadoop-ozone/integration-test/target/test-dir/MiniOzoneClusterImpl-5c741f75-a5c3-4524-84b8-0544f40d398a/datanode-0/data-0/containers/hdds/5c741f75-a5c3-4524-84b8-0544f40d398a/DS-8b62c898-f8ad-420f-9c71-9d9a94187ed4/container.db to cache
2023-02-21 13:41:18,829 [EndpointStateMachine task thread for /0.0.0.0:37517 - 0 ] INFO  volume.HddsVolume (HddsVolume.java:createDbStore(331)) - SchemaV3 db is created and loaded at /home/runner/work/ozone/ozone/hadoop-ozone/integration-test/target/test-dir/MiniOzoneClusterImpl-5c741f75-a5c3-4524-84b8-0544f40d398a/datanode-0/data-0/containers/hdds/5c741f75-a5c3-4524-84b8-0544f40d398a/DS-8b62c898-f8ad-420f-9c71-9d9a94187ed4/container.db for volume DS-8b62c898-f8ad-420f-9c71-9d9a94187ed4
2023-02-21 13:41:18,829 [EndpointStateMachine task thread for /0.0.0.0:37517 - 0 ] INFO  ozoneimpl.OzoneContainer (OzoneContainer.java:start(398)) - Attempting to start container services.
2023-02-21 13:41:18,830 [EndpointStateMachine task thread for /0.0.0.0:37517 - 0 ] INFO  ozoneimpl.OzoneContainer (OzoneContainer.java:startContainerScrub(315)) - Scheduled background container scanners and the on-demand container scanner have been disabled.
2023-02-21 13:41:18,838 [EndpointStateMachine task thread for /0.0.0.0:37517 - 0 ] INFO  replication.ReplicationServer (ReplicationServer.java:start(109)) - ReplicationServer is started using port 37955
2023-02-21 13:41:18,839 [EndpointStateMachine task thread for /0.0.0.0:37517 - 0 ] INFO  ratis.XceiverServerRatis (XceiverServerRatis.java:start(518)) - Starting XceiverServerRatis 30d23356-b820-4c87-80b9-55beb4a3056d
2023-02-21 13:41:18,840 [EndpointStateMachine task thread for /0.0.0.0:37517 - 0 ] INFO  server.RaftServer (RaftServerProxy.java:startImpl(393)) - 30d23356-b820-4c87-80b9-55beb4a3056d: start RPC server
2023-02-21 13:41:18,842 [EndpointStateMachine task thread for /0.0.0.0:37517 - 0 ] INFO  server.GrpcService (GrpcService.java:startImpl(262)) - 30d23356-b820-4c87-80b9-55beb4a3056d: GrpcService started, listening on 36595
2023-02-21 13:41:18,842 [EndpointStateMachine task thread for /0.0.0.0:37517 - 0 ] INFO  ratis.XceiverServerRatis (XceiverServerRatis.java:getRealPort(544)) - XceiverServerRatis 30d23356-b820-4c87-80b9-55beb4a3056d is started using port 36595 for RATIS
2023-02-21 13:41:18,842 [JvmPauseMonitor17] INFO  util.JvmPauseMonitor (JvmPauseMonitor.java:run(105)) - JvmPauseMonitor-30d23356-b820-4c87-80b9-55beb4a3056d: Started
2023-02-21 13:41:18,842 [EndpointStateMachine task thread for /0.0.0.0:37517 - 0 ] INFO  ratis.XceiverServerRatis (XceiverServerRatis.java:getRealPort(544)) - XceiverServerRatis 30d23356-b820-4c87-80b9-55beb4a3056d is started using port 36595 for RATIS_ADMIN
2023-02-21 13:41:18,842 [EndpointStateMachine task thread for /0.0.0.0:37517 - 0 ] INFO  ratis.XceiverServerRatis (XceiverServerRatis.java:getRealPort(544)) - XceiverServerRatis 30d23356-b820-4c87-80b9-55beb4a3056d is started using port 36595 for RATIS_SERVER
2023-02-21 13:41:18,843 [EndpointStateMachine task thread for /0.0.0.0:37517 - 0 ] INFO  ratis.XceiverServerRatis (XceiverServerRatis.java:getRealPort(544)) - XceiverServerRatis 30d23356-b820-4c87-80b9-55beb4a3056d is started using port 40757 for RATIS_DATASTREAM
2023-02-21 13:41:18,846 [EndpointStateMachine task thread for /0.0.0.0:37517 - 0 ] INFO  server.XceiverServerGrpc (XceiverServerGrpc.java:start(180)) - XceiverServerGrpc 30d23356-b820-4c87-80b9-55beb4a3056d is started using port 40971
2023-02-21 13:41:19,186 [EndpointStateMachine task thread for /0.0.0.0:37517 - 0 ] INFO  utils.DatanodeStoreCache (DatanodeStoreCache.java:addDB(58)) - Added db /home/runner/work/ozone/ozone/hadoop-ozone/integration-test/target/test-dir/MiniOzoneClusterImpl-5c741f75-a5c3-4524-84b8-0544f40d398a/datanode-1/data-0/containers/hdds/5c741f75-a5c3-4524-84b8-0544f40d398a/DS-baf8cb5c-6c25-497e-981d-fa6d62664ea3/container.db to cache
2023-02-21 13:41:19,186 [EndpointStateMachine task thread for /0.0.0.0:37517 - 0 ] INFO  volume.HddsVolume (HddsVolume.java:createDbStore(331)) - SchemaV3 db is created and loaded at /home/runner/work/ozone/ozone/hadoop-ozone/integration-test/target/test-dir/MiniOzoneClusterImpl-5c741f75-a5c3-4524-84b8-0544f40d398a/datanode-1/data-0/containers/hdds/5c741f75-a5c3-4524-84b8-0544f40d398a/DS-baf8cb5c-6c25-497e-981d-fa6d62664ea3/container.db for volume DS-baf8cb5c-6c25-497e-981d-fa6d62664ea3
2023-02-21 13:41:19,186 [EndpointStateMachine task thread for /0.0.0.0:37517 - 0 ] INFO  ozoneimpl.OzoneContainer (OzoneContainer.java:start(398)) - Attempting to start container services.
2023-02-21 13:41:19,186 [EndpointStateMachine task thread for /0.0.0.0:37517 - 0 ] INFO  ozoneimpl.OzoneContainer (OzoneContainer.java:startContainerScrub(315)) - Scheduled background container scanners and the on-demand container scanner have been disabled.
2023-02-21 13:41:19,192 [EndpointStateMachine task thread for /0.0.0.0:37517 - 0 ] INFO  replication.ReplicationServer (ReplicationServer.java:start(109)) - ReplicationServer is started using port 42009
2023-02-21 13:41:19,193 [EndpointStateMachine task thread for /0.0.0.0:37517 - 0 ] INFO  ratis.XceiverServerRatis (XceiverServerRatis.java:start(518)) - Starting XceiverServerRatis 41686b04-70c8-46c5-a517-6ec9de94494c
2023-02-21 13:41:19,193 [EndpointStateMachine task thread for /0.0.0.0:37517 - 0 ] INFO  server.RaftServer (RaftServerProxy.java:startImpl(393)) - 41686b04-70c8-46c5-a517-6ec9de94494c: start RPC server
2023-02-21 13:41:19,200 [EndpointStateMachine task thread for /0.0.0.0:37517 - 0 ] INFO  server.GrpcService (GrpcService.java:startImpl(262)) - 41686b04-70c8-46c5-a517-6ec9de94494c: GrpcService started, listening on 35261
2023-02-21 13:41:19,200 [EndpointStateMachine task thread for /0.0.0.0:37517 - 0 ] INFO  ratis.XceiverServerRatis (XceiverServerRatis.java:getRealPort(544)) - XceiverServerRatis 41686b04-70c8-46c5-a517-6ec9de94494c is started using port 35261 for RATIS
2023-02-21 13:41:19,200 [EndpointStateMachine task thread for /0.0.0.0:37517 - 0 ] INFO  ratis.XceiverServerRatis (XceiverServerRatis.java:getRealPort(544)) - XceiverServerRatis 41686b04-70c8-46c5-a517-6ec9de94494c is started using port 35261 for RATIS_ADMIN
2023-02-21 13:41:19,200 [EndpointStateMachine task thread for /0.0.0.0:37517 - 0 ] INFO  ratis.XceiverServerRatis (XceiverServerRatis.java:getRealPort(544)) - XceiverServerRatis 41686b04-70c8-46c5-a517-6ec9de94494c is started using port 35261 for RATIS_SERVER
2023-02-21 13:41:19,200 [EndpointStateMachine task thread for /0.0.0.0:37517 - 0 ] INFO  ratis.XceiverServerRatis (XceiverServerRatis.java:getRealPort(544)) - XceiverServerRatis 41686b04-70c8-46c5-a517-6ec9de94494c is started using port 37199 for RATIS_DATASTREAM
2023-02-21 13:41:19,200 [JvmPauseMonitor18] INFO  util.JvmPauseMonitor (JvmPauseMonitor.java:run(105)) - JvmPauseMonitor-41686b04-70c8-46c5-a517-6ec9de94494c: Started
2023-02-21 13:41:19,202 [EndpointStateMachine task thread for /0.0.0.0:37517 - 0 ] INFO  server.XceiverServerGrpc (XceiverServerGrpc.java:start(180)) - XceiverServerGrpc 41686b04-70c8-46c5-a517-6ec9de94494c is started using port 41321
2023-02-21 13:41:19,253 [Listener at 127.0.0.1/40765] INFO  ozone.MiniOzoneClusterImpl (MiniOzoneClusterImpl.java:lambda$waitForClusterToBeReady$0(218)) - Waiting for nodes to be ready. Got 0 of 5 DN Heartbeats.
2023-02-21 13:41:19,253 [Listener at 127.0.0.1/40765] INFO  ozone.MiniOzoneClusterImpl (MiniOzoneClusterImpl.java:lambda$waitForClusterToBeReady$0(221)) - Waiting for cluster to exit safe mode
2023-02-21 13:41:19,253 [Listener at 127.0.0.1/40765] INFO  ozone.MiniOzoneClusterImpl (MiniOzoneClusterImpl.java:lambda$waitForClusterToBeReady$0(223)) - SCM became leader
2023-02-21 13:41:19,560 [EndpointStateMachine task thread for /0.0.0.0:37517 - 0 ] INFO  utils.DatanodeStoreCache (DatanodeStoreCache.java:addDB(58)) - Added db /home/runner/work/ozone/ozone/hadoop-ozone/integration-test/target/test-dir/MiniOzoneClusterImpl-5c741f75-a5c3-4524-84b8-0544f40d398a/datanode-2/data-0/containers/hdds/5c741f75-a5c3-4524-84b8-0544f40d398a/DS-877f7d77-1472-4971-a92a-353df6ed9c73/container.db to cache
2023-02-21 13:41:19,560 [EndpointStateMachine task thread for /0.0.0.0:37517 - 0 ] INFO  volume.HddsVolume (HddsVolume.java:createDbStore(331)) - SchemaV3 db is created and loaded at /home/runner/work/ozone/ozone/hadoop-ozone/integration-test/target/test-dir/MiniOzoneClusterImpl-5c741f75-a5c3-4524-84b8-0544f40d398a/datanode-2/data-0/containers/hdds/5c741f75-a5c3-4524-84b8-0544f40d398a/DS-877f7d77-1472-4971-a92a-353df6ed9c73/container.db for volume DS-877f7d77-1472-4971-a92a-353df6ed9c73
2023-02-21 13:41:19,561 [EndpointStateMachine task thread for /0.0.0.0:37517 - 0 ] INFO  ozoneimpl.OzoneContainer (OzoneContainer.java:start(398)) - Attempting to start container services.
2023-02-21 13:41:19,561 [EndpointStateMachine task thread for /0.0.0.0:37517 - 0 ] INFO  ozoneimpl.OzoneContainer (OzoneContainer.java:startContainerScrub(315)) - Scheduled background container scanners and the on-demand container scanner have been disabled.
2023-02-21 13:41:19,566 [EndpointStateMachine task thread for /0.0.0.0:37517 - 0 ] INFO  replication.ReplicationServer (ReplicationServer.java:start(109)) - ReplicationServer is started using port 43663
2023-02-21 13:41:19,567 [EndpointStateMachine task thread for /0.0.0.0:37517 - 0 ] INFO  ratis.XceiverServerRatis (XceiverServerRatis.java:start(518)) - Starting XceiverServerRatis 7309d6a4-9c1d-4dc9-b84b-2418a7036ef2
2023-02-21 13:41:19,567 [EndpointStateMachine task thread for /0.0.0.0:37517 - 0 ] INFO  server.RaftServer (RaftServerProxy.java:startImpl(393)) - 7309d6a4-9c1d-4dc9-b84b-2418a7036ef2: start RPC server
2023-02-21 13:41:19,570 [EndpointStateMachine task thread for /0.0.0.0:37517 - 0 ] INFO  server.GrpcService (GrpcService.java:startImpl(262)) - 7309d6a4-9c1d-4dc9-b84b-2418a7036ef2: GrpcService started, listening on 45591
2023-02-21 13:41:19,570 [EndpointStateMachine task thread for /0.0.0.0:37517 - 0 ] INFO  ratis.XceiverServerRatis (XceiverServerRatis.java:getRealPort(544)) - XceiverServerRatis 7309d6a4-9c1d-4dc9-b84b-2418a7036ef2 is started using port 45591 for RATIS
2023-02-21 13:41:19,570 [EndpointStateMachine task thread for /0.0.0.0:37517 - 0 ] INFO  ratis.XceiverServerRatis (XceiverServerRatis.java:getRealPort(544)) - XceiverServerRatis 7309d6a4-9c1d-4dc9-b84b-2418a7036ef2 is started using port 45591 for RATIS_ADMIN
2023-02-21 13:41:19,570 [EndpointStateMachine task thread for /0.0.0.0:37517 - 0 ] INFO  ratis.XceiverServerRatis (XceiverServerRatis.java:getRealPort(544)) - XceiverServerRatis 7309d6a4-9c1d-4dc9-b84b-2418a7036ef2 is started using port 45591 for RATIS_SERVER
2023-02-21 13:41:19,570 [EndpointStateMachine task thread for /0.0.0.0:37517 - 0 ] INFO  ratis.XceiverServerRatis (XceiverServerRatis.java:getRealPort(544)) - XceiverServerRatis 7309d6a4-9c1d-4dc9-b84b-2418a7036ef2 is started using port 35815 for RATIS_DATASTREAM
2023-02-21 13:41:19,574 [JvmPauseMonitor19] INFO  util.JvmPauseMonitor (JvmPauseMonitor.java:run(105)) - JvmPauseMonitor-7309d6a4-9c1d-4dc9-b84b-2418a7036ef2: Started
2023-02-21 13:41:19,581 [EndpointStateMachine task thread for /0.0.0.0:37517 - 0 ] INFO  server.XceiverServerGrpc (XceiverServerGrpc.java:start(180)) - XceiverServerGrpc 7309d6a4-9c1d-4dc9-b84b-2418a7036ef2 is started using port 36177
2023-02-21 13:41:19,937 [EndpointStateMachine task thread for /0.0.0.0:37517 - 0 ] INFO  utils.DatanodeStoreCache (DatanodeStoreCache.java:addDB(58)) - Added db /home/runner/work/ozone/ozone/hadoop-ozone/integration-test/target/test-dir/MiniOzoneClusterImpl-5c741f75-a5c3-4524-84b8-0544f40d398a/datanode-3/data-0/containers/hdds/5c741f75-a5c3-4524-84b8-0544f40d398a/DS-fa5c8e90-507f-4a50-a1cc-69161d5457e2/container.db to cache
2023-02-21 13:41:19,937 [EndpointStateMachine task thread for /0.0.0.0:37517 - 0 ] INFO  volume.HddsVolume (HddsVolume.java:createDbStore(331)) - SchemaV3 db is created and loaded at /home/runner/work/ozone/ozone/hadoop-ozone/integration-test/target/test-dir/MiniOzoneClusterImpl-5c741f75-a5c3-4524-84b8-0544f40d398a/datanode-3/data-0/containers/hdds/5c741f75-a5c3-4524-84b8-0544f40d398a/DS-fa5c8e90-507f-4a50-a1cc-69161d5457e2/container.db for volume DS-fa5c8e90-507f-4a50-a1cc-69161d5457e2
2023-02-21 13:41:19,938 [EndpointStateMachine task thread for /0.0.0.0:37517 - 0 ] INFO  ozoneimpl.OzoneContainer (OzoneContainer.java:start(398)) - Attempting to start container services.
2023-02-21 13:41:19,938 [EndpointStateMachine task thread for /0.0.0.0:37517 - 0 ] INFO  ozoneimpl.OzoneContainer (OzoneContainer.java:startContainerScrub(315)) - Scheduled background container scanners and the on-demand container scanner have been disabled.
2023-02-21 13:41:19,942 [EndpointStateMachine task thread for /0.0.0.0:37517 - 0 ] INFO  replication.ReplicationServer (ReplicationServer.java:start(109)) - ReplicationServer is started using port 36195
2023-02-21 13:41:19,943 [EndpointStateMachine task thread for /0.0.0.0:37517 - 0 ] INFO  ratis.XceiverServerRatis (XceiverServerRatis.java:start(518)) - Starting XceiverServerRatis e005f503-ad61-467d-ad83-422b074b570a
2023-02-21 13:41:19,943 [EndpointStateMachine task thread for /0.0.0.0:37517 - 0 ] INFO  server.RaftServer (RaftServerProxy.java:startImpl(393)) - e005f503-ad61-467d-ad83-422b074b570a: start RPC server
2023-02-21 13:41:19,945 [EndpointStateMachine task thread for /0.0.0.0:37517 - 0 ] INFO  server.GrpcService (GrpcService.java:startImpl(262)) - e005f503-ad61-467d-ad83-422b074b570a: GrpcService started, listening on 38225
2023-02-21 13:41:19,946 [EndpointStateMachine task thread for /0.0.0.0:37517 - 0 ] INFO  ratis.XceiverServerRatis (XceiverServerRatis.java:getRealPort(544)) - XceiverServerRatis e005f503-ad61-467d-ad83-422b074b570a is started using port 38225 for RATIS
2023-02-21 13:41:19,946 [EndpointStateMachine task thread for /0.0.0.0:37517 - 0 ] INFO  ratis.XceiverServerRatis (XceiverServerRatis.java:getRealPort(544)) - XceiverServerRatis e005f503-ad61-467d-ad83-422b074b570a is started using port 38225 for RATIS_ADMIN
2023-02-21 13:41:19,946 [EndpointStateMachine task thread for /0.0.0.0:37517 - 0 ] INFO  ratis.XceiverServerRatis (XceiverServerRatis.java:getRealPort(544)) - XceiverServerRatis e005f503-ad61-467d-ad83-422b074b570a is started using port 38225 for RATIS_SERVER
2023-02-21 13:41:19,946 [EndpointStateMachine task thread for /0.0.0.0:37517 - 0 ] INFO  ratis.XceiverServerRatis (XceiverServerRatis.java:getRealPort(544)) - XceiverServerRatis e005f503-ad61-467d-ad83-422b074b570a is started using port 43405 for RATIS_DATASTREAM
2023-02-21 13:41:19,951 [JvmPauseMonitor20] INFO  util.JvmPauseMonitor (JvmPauseMonitor.java:run(105)) - JvmPauseMonitor-e005f503-ad61-467d-ad83-422b074b570a: Started
2023-02-21 13:41:19,952 [EndpointStateMachine task thread for /0.0.0.0:37517 - 0 ] INFO  server.XceiverServerGrpc (XceiverServerGrpc.java:start(180)) - XceiverServerGrpc e005f503-ad61-467d-ad83-422b074b570a is started using port 43153
2023-02-21 13:41:20,254 [Listener at 127.0.0.1/40765] INFO  ozone.MiniOzoneClusterImpl (MiniOzoneClusterImpl.java:lambda$waitForClusterToBeReady$0(218)) - Waiting for nodes to be ready. Got 0 of 5 DN Heartbeats.
2023-02-21 13:41:20,254 [Listener at 127.0.0.1/40765] INFO  ozone.MiniOzoneClusterImpl (MiniOzoneClusterImpl.java:lambda$waitForClusterToBeReady$0(221)) - Waiting for cluster to exit safe mode
2023-02-21 13:41:20,254 [Listener at 127.0.0.1/40765] INFO  ozone.MiniOzoneClusterImpl (MiniOzoneClusterImpl.java:lambda$waitForClusterToBeReady$0(223)) - SCM became leader
2023-02-21 13:41:20,296 [EndpointStateMachine task thread for /0.0.0.0:37517 - 0 ] INFO  utils.DatanodeStoreCache (DatanodeStoreCache.java:addDB(58)) - Added db /home/runner/work/ozone/ozone/hadoop-ozone/integration-test/target/test-dir/MiniOzoneClusterImpl-5c741f75-a5c3-4524-84b8-0544f40d398a/datanode-4/data-0/containers/hdds/5c741f75-a5c3-4524-84b8-0544f40d398a/DS-d7738708-e55c-4072-a983-9294fdd87cbb/container.db to cache
2023-02-21 13:41:20,296 [EndpointStateMachine task thread for /0.0.0.0:37517 - 0 ] INFO  volume.HddsVolume (HddsVolume.java:createDbStore(331)) - SchemaV3 db is created and loaded at /home/runner/work/ozone/ozone/hadoop-ozone/integration-test/target/test-dir/MiniOzoneClusterImpl-5c741f75-a5c3-4524-84b8-0544f40d398a/datanode-4/data-0/containers/hdds/5c741f75-a5c3-4524-84b8-0544f40d398a/DS-d7738708-e55c-4072-a983-9294fdd87cbb/container.db for volume DS-d7738708-e55c-4072-a983-9294fdd87cbb
2023-02-21 13:41:20,296 [EndpointStateMachine task thread for /0.0.0.0:37517 - 0 ] INFO  ozoneimpl.OzoneContainer (OzoneContainer.java:start(398)) - Attempting to start container services.
2023-02-21 13:41:20,296 [EndpointStateMachine task thread for /0.0.0.0:37517 - 0 ] INFO  ozoneimpl.OzoneContainer (OzoneContainer.java:startContainerScrub(315)) - Scheduled background container scanners and the on-demand container scanner have been disabled.
2023-02-21 13:41:20,302 [EndpointStateMachine task thread for /0.0.0.0:37517 - 0 ] INFO  replication.ReplicationServer (ReplicationServer.java:start(109)) - ReplicationServer is started using port 33779
2023-02-21 13:41:20,305 [EndpointStateMachine task thread for /0.0.0.0:37517 - 0 ] INFO  ratis.XceiverServerRatis (XceiverServerRatis.java:start(518)) - Starting XceiverServerRatis 01e18597-a4ca-46a9-ac7d-09d343b6c1b0
2023-02-21 13:41:20,306 [EndpointStateMachine task thread for /0.0.0.0:37517 - 0 ] INFO  server.RaftServer (RaftServerProxy.java:startImpl(393)) - 01e18597-a4ca-46a9-ac7d-09d343b6c1b0: start RPC server
2023-02-21 13:41:20,308 [EndpointStateMachine task thread for /0.0.0.0:37517 - 0 ] INFO  server.GrpcService (GrpcService.java:startImpl(262)) - 01e18597-a4ca-46a9-ac7d-09d343b6c1b0: GrpcService started, listening on 38655
2023-02-21 13:41:20,308 [EndpointStateMachine task thread for /0.0.0.0:37517 - 0 ] INFO  ratis.XceiverServerRatis (XceiverServerRatis.java:getRealPort(544)) - XceiverServerRatis 01e18597-a4ca-46a9-ac7d-09d343b6c1b0 is started using port 38655 for RATIS
2023-02-21 13:41:20,308 [JvmPauseMonitor21] INFO  util.JvmPauseMonitor (JvmPauseMonitor.java:run(105)) - JvmPauseMonitor-01e18597-a4ca-46a9-ac7d-09d343b6c1b0: Started
2023-02-21 13:41:20,308 [EndpointStateMachine task thread for /0.0.0.0:37517 - 0 ] INFO  ratis.XceiverServerRatis (XceiverServerRatis.java:getRealPort(544)) - XceiverServerRatis 01e18597-a4ca-46a9-ac7d-09d343b6c1b0 is started using port 38655 for RATIS_ADMIN
2023-02-21 13:41:20,308 [EndpointStateMachine task thread for /0.0.0.0:37517 - 0 ] INFO  ratis.XceiverServerRatis (XceiverServerRatis.java:getRealPort(544)) - XceiverServerRatis 01e18597-a4ca-46a9-ac7d-09d343b6c1b0 is started using port 38655 for RATIS_SERVER
2023-02-21 13:41:20,308 [EndpointStateMachine task thread for /0.0.0.0:37517 - 0 ] INFO  ratis.XceiverServerRatis (XceiverServerRatis.java:getRealPort(544)) - XceiverServerRatis 01e18597-a4ca-46a9-ac7d-09d343b6c1b0 is started using port 41863 for RATIS_DATASTREAM
2023-02-21 13:41:20,311 [EndpointStateMachine task thread for /0.0.0.0:37517 - 0 ] INFO  server.XceiverServerGrpc (XceiverServerGrpc.java:start(180)) - XceiverServerGrpc 01e18597-a4ca-46a9-ac7d-09d343b6c1b0 is started using port 41521
2023-02-21 13:41:20,780 [IPC Server handler 0 on default port 37517] INFO  net.NetworkTopologyImpl (NetworkTopologyImpl.java:add(112)) - Added a new node: /default-rack/30d23356-b820-4c87-80b9-55beb4a3056d
2023-02-21 13:41:20,780 [IPC Server handler 0 on default port 37517] INFO  node.SCMNodeManager (SCMNodeManager.java:register(397)) - Registered Data node : 30d23356-b820-4c87-80b9-55beb4a3056d{ip: 10.1.0.81, host: fv-az318-260.ewvrrcgabbbubjc05i3n4a3pph.dx.internal.cloudapp.net, ports: [REPLICATION=37955, RATIS=36595, RATIS_ADMIN=36595, RATIS_SERVER=36595, RATIS_DATASTREAM=40757, STANDALONE=40971], networkLocation: /default-rack, certSerialId: null, persistedOpState: null, persistedOpStateExpiryEpochSec: 0}
2023-02-21 13:41:20,783 [EventQueue-NodeRegistrationContainerReportForDataNodeSafeModeRule] INFO  safemode.SCMSafeModeManager (DataNodeSafeModeRule.java:process(71)) - SCM in safe mode. 1 DataNodes registered, 3 required.
2023-02-21 13:41:20,783 [EventQueue-PipelineReportForOneReplicaPipelineSafeModeRule] INFO  safemode.SCMSafeModeManager (SCMSafeModeManager.java:validateSafeModeExitRules(200)) - AtleastOneDatanodeReportedRule rule is successfully validated
2023-02-21 13:41:20,787 [EventQueue-NewNodeForNewNodeHandler] INFO  pipeline.BackgroundPipelineCreator (BackgroundPipelineCreator.java:notifyEventTriggered(276)) - trigger a one-shot run on RatisPipelineUtilsThread.
2023-02-21 13:41:20,787 [EventQueue-NodeRegistrationContainerReportForContainerSafeModeRule] INFO  safemode.SCMSafeModeManager (SCMSafeModeManager.java:validateSafeModeExitRules(200)) - ContainerSafeModeRule rule is successfully validated
2023-02-21 13:41:20,787 [RatisPipelineUtilsThread - 0] INFO  pipeline.RatisPipelineProvider (RatisPipelineProvider.java:lambda$create$0(206)) - Sending CreatePipelineCommand for pipeline:PipelineID=512e8b5b-01a9-47a3-b146-135ddb2a4f87 to datanode:30d23356-b820-4c87-80b9-55beb4a3056d
2023-02-21 13:41:20,788 [RatisPipelineUtilsThread - 0] INFO  pipeline.PipelineStateManagerImpl (PipelineStateManagerImpl.java:addPipeline(103)) - Created pipeline Pipeline[ Id: 512e8b5b-01a9-47a3-b146-135ddb2a4f87, Nodes: 30d23356-b820-4c87-80b9-55beb4a3056d(fv-az318-260.ewvrrcgabbbubjc05i3n4a3pph.dx.internal.cloudapp.net/10.1.0.81), ReplicationConfig: RATIS/ONE, State:ALLOCATED, leaderId:, CreationTimestamp2023-02-21T13:41:20.787Z[Etc/UTC]].
2023-02-21 13:41:21,137 [IPC Server handler 2 on default port 37517] INFO  net.NetworkTopologyImpl (NetworkTopologyImpl.java:add(112)) - Added a new node: /default-rack/41686b04-70c8-46c5-a517-6ec9de94494c
2023-02-21 13:41:21,137 [IPC Server handler 2 on default port 37517] INFO  node.SCMNodeManager (SCMNodeManager.java:register(397)) - Registered Data node : 41686b04-70c8-46c5-a517-6ec9de94494c{ip: 10.1.0.81, host: fv-az318-260.ewvrrcgabbbubjc05i3n4a3pph.dx.internal.cloudapp.net, ports: [REPLICATION=42009, RATIS=35261, RATIS_ADMIN=35261, RATIS_SERVER=35261, RATIS_DATASTREAM=37199, STANDALONE=41321], networkLocation: /default-rack, certSerialId: null, persistedOpState: null, persistedOpStateExpiryEpochSec: 0}
2023-02-21 13:41:21,138 [EventQueue-NewNodeForNewNodeHandler] INFO  pipeline.BackgroundPipelineCreator (BackgroundPipelineCreator.java:notifyEventTriggered(276)) - trigger a one-shot run on RatisPipelineUtilsThread.
2023-02-21 13:41:21,138 [EventQueue-NodeRegistrationContainerReportForDataNodeSafeModeRule] INFO  safemode.SCMSafeModeManager (DataNodeSafeModeRule.java:process(71)) - SCM in safe mode. 2 DataNodes registered, 3 required.
2023-02-21 13:41:21,139 [RatisPipelineUtilsThread - 0] INFO  pipeline.RatisPipelineProvider (RatisPipelineProvider.java:lambda$create$0(206)) - Sending CreatePipelineCommand for pipeline:PipelineID=f0d1a979-51db-4344-9452-0eac601720e9 to datanode:41686b04-70c8-46c5-a517-6ec9de94494c
2023-02-21 13:41:21,139 [RatisPipelineUtilsThread - 0] INFO  pipeline.PipelineStateManagerImpl (PipelineStateManagerImpl.java:addPipeline(103)) - Created pipeline Pipeline[ Id: f0d1a979-51db-4344-9452-0eac601720e9, Nodes: 41686b04-70c8-46c5-a517-6ec9de94494c(fv-az318-260.ewvrrcgabbbubjc05i3n4a3pph.dx.internal.cloudapp.net/10.1.0.81), ReplicationConfig: RATIS/ONE, State:ALLOCATED, leaderId:, CreationTimestamp2023-02-21T13:41:21.139Z[Etc/UTC]].
2023-02-21 13:41:21,254 [Listener at 127.0.0.1/40765] INFO  ozone.MiniOzoneClusterImpl (MiniOzoneClusterImpl.java:lambda$waitForClusterToBeReady$0(218)) - Waiting for nodes to be ready. Got 2 of 5 DN Heartbeats.
2023-02-21 13:41:21,255 [Listener at 127.0.0.1/40765] INFO  ozone.MiniOzoneClusterImpl (MiniOzoneClusterImpl.java:lambda$waitForClusterToBeReady$0(221)) - Waiting for cluster to exit safe mode
2023-02-21 13:41:21,255 [Listener at 127.0.0.1/40765] INFO  ozone.MiniOzoneClusterImpl (MiniOzoneClusterImpl.java:lambda$waitForClusterToBeReady$0(223)) - SCM became leader
2023-02-21 13:41:21,522 [IPC Server handler 3 on default port 37517] INFO  net.NetworkTopologyImpl (NetworkTopologyImpl.java:add(112)) - Added a new node: /default-rack/7309d6a4-9c1d-4dc9-b84b-2418a7036ef2
2023-02-21 13:41:21,522 [IPC Server handler 3 on default port 37517] INFO  node.SCMNodeManager (SCMNodeManager.java:register(397)) - Registered Data node : 7309d6a4-9c1d-4dc9-b84b-2418a7036ef2{ip: 10.1.0.81, host: fv-az318-260.ewvrrcgabbbubjc05i3n4a3pph.dx.internal.cloudapp.net, ports: [REPLICATION=43663, RATIS=45591, RATIS_ADMIN=45591, RATIS_SERVER=45591, RATIS_DATASTREAM=35815, STANDALONE=36177], networkLocation: /default-rack, certSerialId: null, persistedOpState: null, persistedOpStateExpiryEpochSec: 0}
2023-02-21 13:41:21,522 [EventQueue-NewNodeForNewNodeHandler] INFO  pipeline.BackgroundPipelineCreator (BackgroundPipelineCreator.java:notifyEventTriggered(276)) - trigger a one-shot run on RatisPipelineUtilsThread.
2023-02-21 13:41:21,522 [RatisPipelineUtilsThread - 0] INFO  pipeline.RatisPipelineProvider (RatisPipelineProvider.java:lambda$create$0(206)) - Sending CreatePipelineCommand for pipeline:PipelineID=fd8eaad9-508b-4542-93da-90b29a9c773f to datanode:7309d6a4-9c1d-4dc9-b84b-2418a7036ef2
2023-02-21 13:41:21,525 [EventQueue-NodeRegistrationContainerReportForDataNodeSafeModeRule] INFO  safemode.SCMSafeModeManager (DataNodeSafeModeRule.java:process(71)) - SCM in safe mode. 3 DataNodes registered, 3 required.
2023-02-21 13:41:21,525 [EventQueue-NodeRegistrationContainerReportForDataNodeSafeModeRule] INFO  safemode.SCMSafeModeManager (SCMSafeModeManager.java:validateSafeModeExitRules(200)) - DataNodeSafeModeRule rule is successfully validated
2023-02-21 13:41:21,525 [EventQueue-NodeRegistrationContainerReportForDataNodeSafeModeRule] INFO  safemode.SCMSafeModeManager (SCMSafeModeManager.java:completePreCheck(229)) - All SCM safe mode pre check rules have passed
2023-02-21 13:41:21,525 [RatisPipelineUtilsThread - 0] INFO  pipeline.PipelineStateManagerImpl (PipelineStateManagerImpl.java:addPipeline(103)) - Created pipeline Pipeline[ Id: fd8eaad9-508b-4542-93da-90b29a9c773f, Nodes: 7309d6a4-9c1d-4dc9-b84b-2418a7036ef2(fv-az318-260.ewvrrcgabbbubjc05i3n4a3pph.dx.internal.cloudapp.net/10.1.0.81), ReplicationConfig: RATIS/ONE, State:ALLOCATED, leaderId:, CreationTimestamp2023-02-21T13:41:21.522Z[Etc/UTC]].
2023-02-21 13:41:21,525 [EventQueue-NodeRegistrationContainerReportForDataNodeSafeModeRule] INFO  ha.SCMContext (SCMContext.java:updateSafeModeStatus(228)) - Update SafeModeStatus from SafeModeStatus{safeModeStatus=true, preCheckPassed=false} to SafeModeStatus{safeModeStatus=true, preCheckPassed=true}.
2023-02-21 13:41:21,525 [EventQueue-NodeRegistrationContainerReportForDataNodeSafeModeRule] INFO  pipeline.BackgroundPipelineCreator (BackgroundPipelineCreator.java:notifyEventTriggered(276)) - trigger a one-shot run on RatisPipelineUtilsThread.
2023-02-21 13:41:21,525 [RatisPipelineUtilsThread - 0] INFO  pipeline.RatisPipelineProvider (RatisPipelineProvider.java:lambda$create$0(206)) - Sending CreatePipelineCommand for pipeline:PipelineID=2f351b18-eae5-4010-adec-4a9d858258da to datanode:7309d6a4-9c1d-4dc9-b84b-2418a7036ef2
2023-02-21 13:41:21,525 [RatisPipelineUtilsThread - 0] INFO  pipeline.RatisPipelineProvider (RatisPipelineProvider.java:lambda$create$0(206)) - Sending CreatePipelineCommand for pipeline:PipelineID=2f351b18-eae5-4010-adec-4a9d858258da to datanode:41686b04-70c8-46c5-a517-6ec9de94494c
2023-02-21 13:41:21,525 [RatisPipelineUtilsThread - 0] INFO  pipeline.RatisPipelineProvider (RatisPipelineProvider.java:lambda$create$0(206)) - Sending CreatePipelineCommand for pipeline:PipelineID=2f351b18-eae5-4010-adec-4a9d858258da to datanode:30d23356-b820-4c87-80b9-55beb4a3056d
2023-02-21 13:41:21,526 [RatisPipelineUtilsThread - 0] INFO  pipeline.PipelineStateManagerImpl (PipelineStateManagerImpl.java:addPipeline(103)) - Created pipeline Pipeline[ Id: 2f351b18-eae5-4010-adec-4a9d858258da, Nodes: 7309d6a4-9c1d-4dc9-b84b-2418a7036ef2(fv-az318-260.ewvrrcgabbbubjc05i3n4a3pph.dx.internal.cloudapp.net/10.1.0.81)41686b04-70c8-46c5-a517-6ec9de94494c(fv-az318-260.ewvrrcgabbbubjc05i3n4a3pph.dx.internal.cloudapp.net/10.1.0.81)30d23356-b820-4c87-80b9-55beb4a3056d(fv-az318-260.ewvrrcgabbbubjc05i3n4a3pph.dx.internal.cloudapp.net/10.1.0.81), ReplicationConfig: RATIS/THREE, State:ALLOCATED, leaderId:, CreationTimestamp2023-02-21T13:41:21.525Z[Etc/UTC]].
2023-02-21 13:41:21,526 [RatisPipelineUtilsThread - 0] INFO  pipeline.RatisPipelineProvider (RatisPipelineProvider.java:lambda$create$0(206)) - Sending CreatePipelineCommand for pipeline:PipelineID=3645be24-94a3-4e96-85da-b1b7cb2beb3e to datanode:41686b04-70c8-46c5-a517-6ec9de94494c
2023-02-21 13:41:21,526 [RatisPipelineUtilsThread - 0] INFO  pipeline.RatisPipelineProvider (RatisPipelineProvider.java:lambda$create$0(206)) - Sending CreatePipelineCommand for pipeline:PipelineID=3645be24-94a3-4e96-85da-b1b7cb2beb3e to datanode:30d23356-b820-4c87-80b9-55beb4a3056d
2023-02-21 13:41:21,526 [RatisPipelineUtilsThread - 0] INFO  pipeline.RatisPipelineProvider (RatisPipelineProvider.java:lambda$create$0(206)) - Sending CreatePipelineCommand for pipeline:PipelineID=3645be24-94a3-4e96-85da-b1b7cb2beb3e to datanode:7309d6a4-9c1d-4dc9-b84b-2418a7036ef2
2023-02-21 13:41:21,527 [RatisPipelineUtilsThread - 0] INFO  pipeline.PipelineStateManagerImpl (PipelineStateManagerImpl.java:addPipeline(103)) - Created pipeline Pipeline[ Id: 3645be24-94a3-4e96-85da-b1b7cb2beb3e, Nodes: 41686b04-70c8-46c5-a517-6ec9de94494c(fv-az318-260.ewvrrcgabbbubjc05i3n4a3pph.dx.internal.cloudapp.net/10.1.0.81)30d23356-b820-4c87-80b9-55beb4a3056d(fv-az318-260.ewvrrcgabbbubjc05i3n4a3pph.dx.internal.cloudapp.net/10.1.0.81)7309d6a4-9c1d-4dc9-b84b-2418a7036ef2(fv-az318-260.ewvrrcgabbbubjc05i3n4a3pph.dx.internal.cloudapp.net/10.1.0.81), ReplicationConfig: RATIS/THREE, State:ALLOCATED, leaderId:, CreationTimestamp2023-02-21T13:41:21.526Z[Etc/UTC]].
2023-02-21 13:41:21,527 [RatisPipelineUtilsThread - 0] INFO  pipeline.PipelineManagerImpl (PipelineManagerImpl.java:recordMetricsForPipeline(826)) - Pipeline: PipelineID=3645be24-94a3-4e96-85da-b1b7cb2beb3e contains same datanodes as previous pipelines: PipelineID=2f351b18-eae5-4010-adec-4a9d858258da nodeIds: 41686b04-70c8-46c5-a517-6ec9de94494c, 30d23356-b820-4c87-80b9-55beb4a3056d, 7309d6a4-9c1d-4dc9-b84b-2418a7036ef2
2023-02-21 13:41:21,527 [RatisPipelineUtilsThread - 0] WARN  pipeline.PipelinePlacementPolicy (PipelinePlacementPolicy.java:filterViableNodes(158)) - Pipeline creation failed due to no sufficient healthy datanodes. Required 3. Found 0.
2023-02-21 13:41:21,527 [RatisPipelineUtilsThread - 0] WARN  pipeline.PipelinePlacementPolicy (PipelinePlacementPolicy.java:filterViableNodes(158)) - Pipeline creation failed due to no sufficient healthy datanodes. Required 3. Found 0.
2023-02-21 13:41:21,901 [IPC Server handler 1 on default port 37517] INFO  net.NetworkTopologyImpl (NetworkTopologyImpl.java:add(112)) - Added a new node: /default-rack/e005f503-ad61-467d-ad83-422b074b570a
2023-02-21 13:41:21,901 [IPC Server handler 1 on default port 37517] INFO  node.SCMNodeManager (SCMNodeManager.java:register(397)) - Registered Data node : e005f503-ad61-467d-ad83-422b074b570a{ip: 10.1.0.81, host: fv-az318-260.ewvrrcgabbbubjc05i3n4a3pph.dx.internal.cloudapp.net, ports: [REPLICATION=36195, RATIS=38225, RATIS_ADMIN=38225, RATIS_SERVER=38225, RATIS_DATASTREAM=43405, STANDALONE=43153], networkLocation: /default-rack, certSerialId: null, persistedOpState: null, persistedOpStateExpiryEpochSec: 0}
2023-02-21 13:41:21,903 [EventQueue-NewNodeForNewNodeHandler] INFO  pipeline.BackgroundPipelineCreator (BackgroundPipelineCreator.java:notifyEventTriggered(276)) - trigger a one-shot run on RatisPipelineUtilsThread.
2023-02-21 13:41:21,904 [RatisPipelineUtilsThread - 0] INFO  pipeline.RatisPipelineProvider (RatisPipelineProvider.java:lambda$create$0(206)) - Sending CreatePipelineCommand for pipeline:PipelineID=f5d92125-e948-4c13-910c-9bb74ecd77f9 to datanode:e005f503-ad61-467d-ad83-422b074b570a
2023-02-21 13:41:21,904 [RatisPipelineUtilsThread - 0] INFO  pipeline.PipelineStateManagerImpl (PipelineStateManagerImpl.java:addPipeline(103)) - Created pipeline Pipeline[ Id: f5d92125-e948-4c13-910c-9bb74ecd77f9, Nodes: e005f503-ad61-467d-ad83-422b074b570a(fv-az318-260.ewvrrcgabbbubjc05i3n4a3pph.dx.internal.cloudapp.net/10.1.0.81), ReplicationConfig: RATIS/ONE, State:ALLOCATED, leaderId:, CreationTimestamp2023-02-21T13:41:21.904Z[Etc/UTC]].
2023-02-21 13:41:21,905 [RatisPipelineUtilsThread - 0] WARN  pipeline.PipelinePlacementPolicy (PipelinePlacementPolicy.java:filterViableNodes(158)) - Pipeline creation failed due to no sufficient healthy datanodes. Required 3. Found 1.
2023-02-21 13:41:22,255 [Listener at 127.0.0.1/40765] INFO  ozone.MiniOzoneClusterImpl (MiniOzoneClusterImpl.java:lambda$waitForClusterToBeReady$0(218)) - Waiting for nodes to be ready. Got 4 of 5 DN Heartbeats.
2023-02-21 13:41:22,255 [Listener at 127.0.0.1/40765] INFO  ozone.MiniOzoneClusterImpl (MiniOzoneClusterImpl.java:lambda$waitForClusterToBeReady$0(221)) - Waiting for cluster to exit safe mode
2023-02-21 13:41:22,255 [Listener at 127.0.0.1/40765] INFO  ozone.MiniOzoneClusterImpl (MiniOzoneClusterImpl.java:lambda$waitForClusterToBeReady$0(223)) - SCM became leader
2023-02-21 13:41:22,258 [IPC Server handler 3 on default port 37517] INFO  net.NetworkTopologyImpl (NetworkTopologyImpl.java:add(112)) - Added a new node: /default-rack/01e18597-a4ca-46a9-ac7d-09d343b6c1b0
2023-02-21 13:41:22,258 [IPC Server handler 3 on default port 37517] INFO  node.SCMNodeManager (SCMNodeManager.java:register(397)) - Registered Data node : 01e18597-a4ca-46a9-ac7d-09d343b6c1b0{ip: 10.1.0.81, host: fv-az318-260.ewvrrcgabbbubjc05i3n4a3pph.dx.internal.cloudapp.net, ports: [REPLICATION=33779, RATIS=38655, RATIS_ADMIN=38655, RATIS_SERVER=38655, RATIS_DATASTREAM=41863, STANDALONE=41521], networkLocation: /default-rack, certSerialId: null, persistedOpState: null, persistedOpStateExpiryEpochSec: 0}
2023-02-21 13:41:22,258 [EventQueue-NewNodeForNewNodeHandler] INFO  pipeline.BackgroundPipelineCreator (BackgroundPipelineCreator.java:notifyEventTriggered(276)) - trigger a one-shot run on RatisPipelineUtilsThread.
2023-02-21 13:41:22,260 [RatisPipelineUtilsThread - 0] INFO  pipeline.RatisPipelineProvider (RatisPipelineProvider.java:lambda$create$0(206)) - Sending CreatePipelineCommand for pipeline:PipelineID=fcb87b21-de06-4bf1-a244-8d4742c1672b to datanode:01e18597-a4ca-46a9-ac7d-09d343b6c1b0
2023-02-21 13:41:22,260 [RatisPipelineUtilsThread - 0] INFO  pipeline.PipelineStateManagerImpl (PipelineStateManagerImpl.java:addPipeline(103)) - Created pipeline Pipeline[ Id: fcb87b21-de06-4bf1-a244-8d4742c1672b, Nodes: 01e18597-a4ca-46a9-ac7d-09d343b6c1b0(fv-az318-260.ewvrrcgabbbubjc05i3n4a3pph.dx.internal.cloudapp.net/10.1.0.81), ReplicationConfig: RATIS/ONE, State:ALLOCATED, leaderId:, CreationTimestamp2023-02-21T13:41:22.260Z[Etc/UTC]].
2023-02-21 13:41:22,261 [RatisPipelineUtilsThread - 0] WARN  pipeline.PipelinePlacementPolicy (PipelinePlacementPolicy.java:filterViableNodes(158)) - Pipeline creation failed due to no sufficient healthy datanodes. Required 3. Found 2.
2023-02-21 13:41:23,256 [Listener at 127.0.0.1/40765] INFO  ozone.MiniOzoneClusterImpl (MiniOzoneClusterImpl.java:lambda$waitForClusterToBeReady$0(218)) - Nodes are ready. Got 5 of 5 DN Heartbeats.
2023-02-21 13:41:23,256 [Listener at 127.0.0.1/40765] INFO  ozone.MiniOzoneClusterImpl (MiniOzoneClusterImpl.java:lambda$waitForClusterToBeReady$0(221)) - Waiting for cluster to exit safe mode
2023-02-21 13:41:23,256 [Listener at 127.0.0.1/40765] INFO  ozone.MiniOzoneClusterImpl (MiniOzoneClusterImpl.java:lambda$waitForClusterToBeReady$0(223)) - SCM became leader
2023-02-21 13:41:23,780 [Command processor thread] INFO  server.RaftServer (RaftServerProxy.java:addNew(96)) - 30d23356-b820-4c87-80b9-55beb4a3056d: addNew group-135DDB2A4F87:[30d23356-b820-4c87-80b9-55beb4a3056d|rpc:10.1.0.81:36595|dataStream:10.1.0.81:40757|priority:1|startupRole:FOLLOWER] returns group-135DDB2A4F87:java.util.concurrent.CompletableFuture@5660e54[Not completed]
2023-02-21 13:41:23,782 [pool-681-thread-1] INFO  server.RaftServer$Division (RaftServerImpl.java:<init>(195)) - 30d23356-b820-4c87-80b9-55beb4a3056d: new RaftServerImpl for group-135DDB2A4F87:[30d23356-b820-4c87-80b9-55beb4a3056d|rpc:10.1.0.81:36595|dataStream:10.1.0.81:40757|priority:1|startupRole:FOLLOWER] with ContainerStateMachine:uninitialized
2023-02-21 13:41:23,782 [pool-681-thread-1] INFO  server.RaftServerConfigKeys (ConfUtils.java:logGet(46)) - raft.server.rpc.timeout.min = 5s (custom)
2023-02-21 13:41:23,782 [pool-681-thread-1] INFO  server.RaftServerConfigKeys (ConfUtils.java:logGet(46)) - raft.server.rpc.timeout.max = 5200ms (custom)
2023-02-21 13:41:23,782 [pool-681-thread-1] INFO  server.RaftServerConfigKeys (ConfUtils.java:logGet(46)) - raft.server.rpc.sleep.time = 25ms (default)
2023-02-21 13:41:23,782 [pool-681-thread-1] INFO  server.RaftServerConfigKeys (ConfUtils.java:logGet(46)) - raft.server.rpc.slowness.timeout = 300s (custom)
2023-02-21 13:41:23,782 [pool-681-thread-1] INFO  server.RaftServerConfigKeys (ConfUtils.java:logGet(46)) - raft.server.leaderelection.leader.step-down.wait-time = 10s (default)
2023-02-21 13:41:23,782 [pool-681-thread-1] INFO  server.RaftServerConfigKeys (ConfUtils.java:logGet(46)) - raft.server.sleep.deviation.threshold = 300ms (default)
2023-02-21 13:41:23,782 [pool-681-thread-1] INFO  server.RaftServer$Division (ServerState.java:<init>(118)) - 30d23356-b820-4c87-80b9-55beb4a3056d@group-135DDB2A4F87: ConfigurationManager, init=-1: peers:[30d23356-b820-4c87-80b9-55beb4a3056d|rpc:10.1.0.81:36595|dataStream:10.1.0.81:40757|priority:1|startupRole:FOLLOWER]|listeners:[], old=null, confs=<EMPTY_MAP>
2023-02-21 13:41:23,782 [pool-681-thread-1] INFO  server.RaftServerConfigKeys (ConfUtils.java:logGet(46)) - raft.server.storage.dir = [/home/runner/work/ozone/ozone/hadoop-ozone/integration-test/target/test-dir/MiniOzoneClusterImpl-5c741f75-a5c3-4524-84b8-0544f40d398a/datanode-0/data/ratis] (custom)
2023-02-21 13:41:23,782 [pool-681-thread-1] INFO  server.RaftServerConfigKeys (ConfUtils.java:logGet(46)) - raft.server.log.corruption.policy = EXCEPTION (default)
2023-02-21 13:41:23,783 [pool-681-thread-1] INFO  server.RaftServerConfigKeys (ConfUtils.java:logGet(46)) - raft.server.storage.free-space.min = 0MB (=0) (default)
2023-02-21 13:41:23,783 [pool-681-thread-1] INFO  server.RaftServerConfigKeys (ConfUtils.java:logGet(46)) - raft.server.notification.no-leader.timeout = 300s (custom)
2023-02-21 13:41:23,783 [pool-681-thread-1] INFO  server.RaftServerConfigKeys (ConfUtils.java:logGet(46)) - raft.server.retrycache.expirytime = 600000ms (custom)
2023-02-21 13:41:23,783 [pool-681-thread-1] INFO  server.RaftServerConfigKeys (ConfUtils.java:logGet(46)) - raft.server.retrycache.statistics.expirytime = 100μs (default)
2023-02-21 13:41:23,783 [pool-681-thread-1] INFO  server.RaftServerConfigKeys (ConfUtils.java:logGet(46)) - raft.server.log.appender.install.snapshot.enabled = false (custom)
2023-02-21 13:41:23,783 [pool-681-thread-1] INFO  server.RaftServerConfigKeys (ConfUtils.java:logGet(46)) - raft.server.threadpool.server.cached = true (default)
2023-02-21 13:41:23,783 [pool-681-thread-1] INFO  server.RaftServerConfigKeys (ConfUtils.java:logGet(46)) - raft.server.threadpool.server.size = 0 (default)
2023-02-21 13:41:23,784 [pool-681-thread-1] INFO  server.RaftServerConfigKeys (ConfUtils.java:logGet(46)) - raft.server.threadpool.client.cached = true (default)
2023-02-21 13:41:23,784 [pool-681-thread-1] INFO  server.RaftServerConfigKeys (ConfUtils.java:logGet(46)) - raft.server.threadpool.client.size = 0 (default)
2023-02-21 13:41:23,784 [pool-681-thread-1] INFO  storage.RaftStorageDirectory (RaftStorageDirectoryImpl.java:analyzeStorage(137)) - The storage directory /home/runner/work/ozone/ozone/hadoop-ozone/integration-test/target/test-dir/MiniOzoneClusterImpl-5c741f75-a5c3-4524-84b8-0544f40d398a/datanode-0/data/ratis/512e8b5b-01a9-47a3-b146-135ddb2a4f87 does not exist. Creating ...
2023-02-21 13:41:23,785 [pool-681-thread-1] INFO  storage.RaftStorageDirectory (RaftStorageDirectoryImpl.java:tryLock(231)) - Lock on /home/runner/work/ozone/ozone/hadoop-ozone/integration-test/target/test-dir/MiniOzoneClusterImpl-5c741f75-a5c3-4524-84b8-0544f40d398a/datanode-0/data/ratis/512e8b5b-01a9-47a3-b146-135ddb2a4f87/in_use.lock acquired by nodename 15258@fv-az318-260
2023-02-21 13:41:23,787 [pool-681-thread-1] INFO  storage.RaftStorage (RaftStorageImpl.java:format(96)) - Storage directory /home/runner/work/ozone/ozone/hadoop-ozone/integration-test/target/test-dir/MiniOzoneClusterImpl-5c741f75-a5c3-4524-84b8-0544f40d398a/datanode-0/data/ratis/512e8b5b-01a9-47a3-b146-135ddb2a4f87 has been successfully formatted.
2023-02-21 13:41:23,788 [pool-681-thread-1] INFO  ratis.ContainerStateMachine (ContainerStateMachine.java:loadSnapshot(240)) - group-135DDB2A4F87: The snapshot info is null. Setting the last applied indexto:(t:0, i:~)
2023-02-21 13:41:23,789 [pool-681-thread-1] INFO  server.RaftServerConfigKeys (ConfUtils.java:logGet(46)) - raft.server.log.use.memory = false (default)
2023-02-21 13:41:23,789 [pool-681-thread-1] INFO  server.RaftServerConfigKeys (ConfUtils.java:logGet(46)) - raft.server.log.purge.gap = 1000000 (custom)
2023-02-21 13:41:23,789 [pool-681-thread-1] INFO  server.RaftServerConfigKeys (ConfUtils.java:logGet(46)) - raft.server.log.appender.buffer.byte-limit = 33554432 (custom)
2023-02-21 13:41:23,789 [pool-681-thread-1] INFO  server.RaftServerConfigKeys (ConfUtils.java:logGet(46)) - raft.server.log.statemachine.data.read.timeout = 1000ms (default)
2023-02-21 13:41:23,789 [pool-681-thread-1] INFO  server.RaftServerConfigKeys (ConfUtils.java:logGet(46)) - raft.server.log.purge.preservation.log.num = 0 (default)
2023-02-21 13:41:23,789 [EventQueue-PipelineReportForPipelineReportHandler] INFO  pipeline.PipelineManagerImpl (PipelineManagerImpl.java:openPipeline(367)) - Pipeline Pipeline[ Id: 512e8b5b-01a9-47a3-b146-135ddb2a4f87, Nodes: 30d23356-b820-4c87-80b9-55beb4a3056d(fv-az318-260.ewvrrcgabbbubjc05i3n4a3pph.dx.internal.cloudapp.net/10.1.0.81), ReplicationConfig: RATIS/ONE, State:ALLOCATED, leaderId:30d23356-b820-4c87-80b9-55beb4a3056d, CreationTimestamp2023-02-21T13:41:20.787Z[Etc/UTC]] moved to OPEN state
2023-02-21 13:41:23,790 [pool-681-thread-1] INFO  server.RaftServerConfigKeys (ConfUtils.java:logGet(46)) - raft.server.log.segment.size.max = 1048576 (custom)
2023-02-21 13:41:23,790 [pool-681-thread-1] INFO  server.RaftServerConfigKeys (ConfUtils.java:logGet(46)) - raft.server.log.segment.cache.num.max = 2 (custom)
2023-02-21 13:41:23,790 [pool-681-thread-1] INFO  server.RaftServerConfigKeys (ConfUtils.java:logGet(46)) - raft.server.log.segment.cache.size.max = 200MB (=209715200) (default)
2023-02-21 13:41:23,791 [pool-681-thread-1] INFO  segmented.SegmentedRaftLogWorker (SegmentedRaftLogWorker.java:<init>(189)) - new 30d23356-b820-4c87-80b9-55beb4a3056d@group-135DDB2A4F87-SegmentedRaftLogWorker for RaftStorageImpl:Storage Directory /home/runner/work/ozone/ozone/hadoop-ozone/integration-test/target/test-dir/MiniOzoneClusterImpl-5c741f75-a5c3-4524-84b8-0544f40d398a/datanode-0/data/ratis/512e8b5b-01a9-47a3-b146-135ddb2a4f87
2023-02-21 13:41:23,791 [pool-681-thread-1] INFO  server.RaftServerConfigKeys (ConfUtils.java:logGet(46)) - raft.server.log.queue.byte-limit = 4294967296 (custom)
2023-02-21 13:41:23,791 [pool-681-thread-1] INFO  server.RaftServerConfigKeys (ConfUtils.java:logGet(46)) - raft.server.log.queue.element-limit = 1024 (custom)
2023-02-21 13:41:23,792 [EventQueue-OpenPipelineForHealthyPipelineSafeModeRule] INFO  safemode.SCMSafeModeManager (HealthyPipelineSafeModeRule.java:process(137)) - SCM in safe mode. Healthy pipelines reported count is 0, required healthy pipeline reported count is 1
2023-02-21 13:41:23,792 [pool-681-thread-1] INFO  server.RaftServerConfigKeys (ConfUtils.java:logGet(46)) - raft.server.log.segment.size.max = 1048576 (custom)
2023-02-21 13:41:23,792 [pool-681-thread-1] INFO  server.RaftServerConfigKeys (ConfUtils.java:logGet(46)) - raft.server.log.preallocated.size = 16384 (custom)
2023-02-21 13:41:23,792 [pool-681-thread-1] INFO  server.RaftServerConfigKeys (ConfUtils.java:logGet(46)) - raft.server.log.force.sync.num = 128 (default)
2023-02-21 13:41:23,792 [pool-681-thread-1] INFO  server.RaftServerConfigKeys (ConfUtils.java:logGet(46)) - raft.server.log.statemachine.data.sync = true (default)
2023-02-21 13:41:23,792 [pool-681-thread-1] INFO  server.RaftServerConfigKeys (ConfUtils.java:logGet(46)) - raft.server.log.statemachine.data.sync.timeout = 10s (default)
2023-02-21 13:41:23,792 [pool-681-thread-1] INFO  server.RaftServerConfigKeys (ConfUtils.java:logGet(46)) - raft.server.log.statemachine.data.sync.timeout.retry = -1 (default)
2023-02-21 13:41:23,793 [pool-681-thread-1] INFO  server.RaftServerConfigKeys (ConfUtils.java:logGet(46)) - raft.server.log.write.buffer.size = 1048576 (custom)
2023-02-21 13:41:23,793 [pool-681-thread-1] INFO  server.RaftServerConfigKeys (ConfUtils.java:logGet(46)) - raft.server.log.appender.buffer.byte-limit = 33554432 (custom)
2023-02-21 13:41:23,798 [pool-681-thread-1] INFO  server.RaftServerConfigKeys (ConfUtils.java:logGet(46)) - raft.server.log.unsafe-flush.enabled = false (default)
2023-02-21 13:41:23,798 [pool-681-thread-1] INFO  server.RaftServerConfigKeys (ConfUtils.java:logGet(46)) - raft.server.log.async-flush.enabled = false (default)
2023-02-21 13:41:23,798 [pool-681-thread-1] INFO  server.RaftServerConfigKeys (ConfUtils.java:logGet(46)) - raft.server.log.statemachine.data.caching.enabled = true (custom)
2023-02-21 13:41:23,798 [pool-681-thread-1] INFO  segmented.SegmentedRaftLogWorker (SegmentedRaftLogWorker.java:lambda$new$0(135)) - 30d23356-b820-4c87-80b9-55beb4a3056d@group-135DDB2A4F87-SegmentedRaftLogWorker: flushIndex: setUnconditionally 0 -> -1
2023-02-21 13:41:23,799 [pool-681-thread-1] INFO  segmented.SegmentedRaftLogWorker (SegmentedRaftLogWorker.java:lambda$new$0(135)) - 30d23356-b820-4c87-80b9-55beb4a3056d@group-135DDB2A4F87-SegmentedRaftLogWorker: safeCacheEvictIndex: setUnconditionally 0 -> -1
2023-02-21 13:41:23,799 [pool-681-thread-1] INFO  server.RaftServer$Division (RaftServerImpl.java:start(334)) - 30d23356-b820-4c87-80b9-55beb4a3056d@group-135DDB2A4F87: start as a follower, conf=-1: peers:[30d23356-b820-4c87-80b9-55beb4a3056d|rpc:10.1.0.81:36595|dataStream:10.1.0.81:40757|priority:1|startupRole:FOLLOWER]|listeners:[], old=null
2023-02-21 13:41:23,799 [pool-681-thread-1] INFO  server.RaftServer$Division (RaftServerImpl.java:setRole(321)) - 30d23356-b820-4c87-80b9-55beb4a3056d@group-135DDB2A4F87: changes role from      null to FOLLOWER at term 0 for startAsFollower
2023-02-21 13:41:23,799 [pool-681-thread-1] INFO  impl.RoleInfo (RoleInfo.java:updateAndGet(139)) - 30d23356-b820-4c87-80b9-55beb4a3056d: start 30d23356-b820-4c87-80b9-55beb4a3056d@group-135DDB2A4F87-FollowerState
2023-02-21 13:41:23,799 [30d23356-b820-4c87-80b9-55beb4a3056d@group-135DDB2A4F87-FollowerState] INFO  server.RaftServerConfigKeys (ConfUtils.java:logFallback(53)) - raft.server.rpc.first-election.timeout.min = 5s (fallback to raft.server.rpc.timeout.min)
2023-02-21 13:41:23,799 [pool-681-thread-1] INFO  util.JmxRegister (JmxRegister.java:tryRegister(44)) - Successfully registered JMX Bean with object name Ratis:service=RaftServer,group=group-135DDB2A4F87,id=30d23356-b820-4c87-80b9-55beb4a3056d
2023-02-21 13:41:23,799 [30d23356-b820-4c87-80b9-55beb4a3056d@group-135DDB2A4F87-FollowerState] INFO  server.RaftServerConfigKeys (ConfUtils.java:logFallback(53)) - raft.server.rpc.first-election.timeout.max = 5200ms (fallback to raft.server.rpc.timeout.max)
2023-02-21 13:41:23,800 [pool-681-thread-1] INFO  server.RaftServerConfigKeys (ConfUtils.java:logGet(46)) - raft.server.snapshot.auto.trigger.enabled = true (custom)
2023-02-21 13:41:23,800 [pool-681-thread-1] INFO  server.RaftServerConfigKeys (ConfUtils.java:logGet(46)) - raft.server.snapshot.auto.trigger.threshold = 10000 (custom)
2023-02-21 13:41:23,800 [pool-681-thread-1] INFO  server.RaftServerConfigKeys (ConfUtils.java:logGet(46)) - raft.server.snapshot.retention.file.num = 5 (custom)
2023-02-21 13:41:23,800 [pool-681-thread-1] INFO  server.RaftServerConfigKeys (ConfUtils.java:logGet(46)) - raft.server.log.purge.upto.snapshot.index = false (default)
2023-02-21 13:41:23,800 [Command processor thread] INFO  ratis.XceiverServerRatis (XceiverServerRatis.java:addGroup(807)) - Created group PipelineID=512e8b5b-01a9-47a3-b146-135ddb2a4f87
2023-02-21 13:41:23,800 [Command processor thread] INFO  commandhandler.CreatePipelineCommandHandler (CreatePipelineCommandHandler.java:handle(113)) - Created Pipeline RATIS ONE PipelineID=512e8b5b-01a9-47a3-b146-135ddb2a4f87.
2023-02-21 13:41:23,801 [Command processor thread] INFO  server.RaftServer (RaftServerProxy.java:addNew(96)) - 30d23356-b820-4c87-80b9-55beb4a3056d: addNew group-4A9D858258DA:[30d23356-b820-4c87-80b9-55beb4a3056d|rpc:10.1.0.81:36595|dataStream:10.1.0.81:40757|priority:0|startupRole:FOLLOWER, 41686b04-70c8-46c5-a517-6ec9de94494c|rpc:10.1.0.81:35261|dataStream:10.1.0.81:37199|priority:1|startupRole:FOLLOWER, 7309d6a4-9c1d-4dc9-b84b-2418a7036ef2|rpc:10.1.0.81:45591|dataStream:10.1.0.81:35815|priority:0|startupRole:FOLLOWER] returns group-4A9D858258DA:java.util.concurrent.CompletableFuture@1599a20[Not completed]
2023-02-21 13:41:23,802 [pool-681-thread-1] INFO  server.RaftServer$Division (RaftServerImpl.java:<init>(195)) - 30d23356-b820-4c87-80b9-55beb4a3056d: new RaftServerImpl for group-4A9D858258DA:[30d23356-b820-4c87-80b9-55beb4a3056d|rpc:10.1.0.81:36595|dataStream:10.1.0.81:40757|priority:0|startupRole:FOLLOWER, 41686b04-70c8-46c5-a517-6ec9de94494c|rpc:10.1.0.81:35261|dataStream:10.1.0.81:37199|priority:1|startupRole:FOLLOWER, 7309d6a4-9c1d-4dc9-b84b-2418a7036ef2|rpc:10.1.0.81:45591|dataStream:10.1.0.81:35815|priority:0|startupRole:FOLLOWER] with ContainerStateMachine:uninitialized
2023-02-21 13:41:23,802 [pool-681-thread-1] INFO  server.RaftServerConfigKeys (ConfUtils.java:logGet(46)) - raft.server.rpc.timeout.min = 5s (custom)
2023-02-21 13:41:23,802 [pool-681-thread-1] INFO  server.RaftServerConfigKeys (ConfUtils.java:logGet(46)) - raft.server.rpc.timeout.max = 5200ms (custom)
2023-02-21 13:41:23,802 [pool-681-thread-1] INFO  server.RaftServerConfigKeys (ConfUtils.java:logGet(46)) - raft.server.rpc.sleep.time = 25ms (default)
2023-02-21 13:41:23,802 [pool-681-thread-1] INFO  server.RaftServerConfigKeys (ConfUtils.java:logGet(46)) - raft.server.rpc.slowness.timeout = 300s (custom)
2023-02-21 13:41:23,802 [pool-681-thread-1] INFO  server.RaftServerConfigKeys (ConfUtils.java:logGet(46)) - raft.server.leaderelection.leader.step-down.wait-time = 10s (default)
2023-02-21 13:41:23,802 [pool-681-thread-1] INFO  server.RaftServerConfigKeys (ConfUtils.java:logGet(46)) - raft.server.sleep.deviation.threshold = 300ms (default)
2023-02-21 13:41:23,802 [pool-681-thread-1] INFO  server.RaftServer$Division (ServerState.java:<init>(118)) - 30d23356-b820-4c87-80b9-55beb4a3056d@group-4A9D858258DA: ConfigurationManager, init=-1: peers:[30d23356-b820-4c87-80b9-55beb4a3056d|rpc:10.1.0.81:36595|dataStream:10.1.0.81:40757|priority:0|startupRole:FOLLOWER, 41686b04-70c8-46c5-a517-6ec9de94494c|rpc:10.1.0.81:35261|dataStream:10.1.0.81:37199|priority:1|startupRole:FOLLOWER, 7309d6a4-9c1d-4dc9-b84b-2418a7036ef2|rpc:10.1.0.81:45591|dataStream:10.1.0.81:35815|priority:0|startupRole:FOLLOWER]|listeners:[], old=null, confs=<EMPTY_MAP>
2023-02-21 13:41:23,802 [pool-681-thread-1] INFO  server.RaftServerConfigKeys (ConfUtils.java:logGet(46)) - raft.server.storage.dir = [/home/runner/work/ozone/ozone/hadoop-ozone/integration-test/target/test-dir/MiniOzoneClusterImpl-5c741f75-a5c3-4524-84b8-0544f40d398a/datanode-0/data/ratis] (custom)
2023-02-21 13:41:23,802 [pool-681-thread-1] INFO  server.RaftServerConfigKeys (ConfUtils.java:logGet(46)) - raft.server.log.corruption.policy = EXCEPTION (default)
2023-02-21 13:41:23,803 [pool-681-thread-1] INFO  server.RaftServerConfigKeys (ConfUtils.java:logGet(46)) - raft.server.storage.free-space.min = 0MB (=0) (default)
2023-02-21 13:41:23,803 [pool-681-thread-1] INFO  server.RaftServerConfigKeys (ConfUtils.java:logGet(46)) - raft.server.notification.no-leader.timeout = 300s (custom)
2023-02-21 13:41:23,803 [pool-681-thread-1] INFO  server.RaftServerConfigKeys (ConfUtils.java:logGet(46)) - raft.server.retrycache.expirytime = 600000ms (custom)
2023-02-21 13:41:23,803 [pool-681-thread-1] INFO  server.RaftServerConfigKeys (ConfUtils.java:logGet(46)) - raft.server.retrycache.statistics.expirytime = 100μs (default)
2023-02-21 13:41:23,803 [pool-681-thread-1] INFO  server.RaftServerConfigKeys (ConfUtils.java:logGet(46)) - raft.server.log.appender.install.snapshot.enabled = false (custom)
2023-02-21 13:41:23,803 [pool-681-thread-1] INFO  server.RaftServerConfigKeys (ConfUtils.java:logGet(46)) - raft.server.threadpool.server.cached = true (default)
2023-02-21 13:41:23,803 [pool-681-thread-1] INFO  server.RaftServerConfigKeys (ConfUtils.java:logGet(46)) - raft.server.threadpool.server.size = 0 (default)
2023-02-21 13:41:23,803 [pool-681-thread-1] INFO  server.RaftServerConfigKeys (ConfUtils.java:logGet(46)) - raft.server.threadpool.client.cached = true (default)
2023-02-21 13:41:23,804 [pool-681-thread-1] INFO  server.RaftServerConfigKeys (ConfUtils.java:logGet(46)) - raft.server.threadpool.client.size = 0 (default)
2023-02-21 13:41:23,804 [pool-681-thread-1] INFO  storage.RaftStorageDirectory (RaftStorageDirectoryImpl.java:analyzeStorage(137)) - The storage directory /home/runner/work/ozone/ozone/hadoop-ozone/integration-test/target/test-dir/MiniOzoneClusterImpl-5c741f75-a5c3-4524-84b8-0544f40d398a/datanode-0/data/ratis/2f351b18-eae5-4010-adec-4a9d858258da does not exist. Creating ...
2023-02-21 13:41:23,805 [pool-681-thread-1] INFO  storage.RaftStorageDirectory (RaftStorageDirectoryImpl.java:tryLock(231)) - Lock on /home/runner/work/ozone/ozone/hadoop-ozone/integration-test/target/test-dir/MiniOzoneClusterImpl-5c741f75-a5c3-4524-84b8-0544f40d398a/datanode-0/data/ratis/2f351b18-eae5-4010-adec-4a9d858258da/in_use.lock acquired by nodename 15258@fv-az318-260
2023-02-21 13:41:23,806 [pool-681-thread-1] INFO  storage.RaftStorage (RaftStorageImpl.java:format(96)) - Storage directory /home/runner/work/ozone/ozone/hadoop-ozone/integration-test/target/test-dir/MiniOzoneClusterImpl-5c741f75-a5c3-4524-84b8-0544f40d398a/datanode-0/data/ratis/2f351b18-eae5-4010-adec-4a9d858258da has been successfully formatted.
2023-02-21 13:41:23,806 [pool-681-thread-1] INFO  ratis.ContainerStateMachine (ContainerStateMachine.java:loadSnapshot(240)) - group-4A9D858258DA: The snapshot info is null. Setting the last applied indexto:(t:0, i:~)
2023-02-21 13:41:23,807 [pool-681-thread-1] INFO  server.RaftServerConfigKeys (ConfUtils.java:logGet(46)) - raft.server.log.use.memory = false (default)
2023-02-21 13:41:23,807 [pool-681-thread-1] INFO  server.RaftServerConfigKeys (ConfUtils.java:logGet(46)) - raft.server.log.purge.gap = 1000000 (custom)
2023-02-21 13:41:23,807 [pool-681-thread-1] INFO  server.RaftServerConfigKeys (ConfUtils.java:logGet(46)) - raft.server.log.appender.buffer.byte-limit = 33554432 (custom)
2023-02-21 13:41:23,807 [pool-681-thread-1] INFO  server.RaftServerConfigKeys (ConfUtils.java:logGet(46)) - raft.server.log.statemachine.data.read.timeout = 1000ms (default)
2023-02-21 13:41:23,807 [EventQueue-OpenPipelineForHealthyPipelineSafeModeRule] INFO  safemode.SCMSafeModeManager (HealthyPipelineSafeModeRule.java:process(137)) - SCM in safe mode. Healthy pipelines reported count is 0, required healthy pipeline reported count is 1
2023-02-21 13:41:23,809 [pool-681-thread-1] INFO  server.RaftServerConfigKeys (ConfUtils.java:logGet(46)) - raft.server.log.purge.preservation.log.num = 0 (default)
2023-02-21 13:41:23,809 [pool-681-thread-1] INFO  server.RaftServerConfigKeys (ConfUtils.java:logGet(46)) - raft.server.log.segment.size.max = 1048576 (custom)
2023-02-21 13:41:23,809 [pool-681-thread-1] INFO  server.RaftServerConfigKeys (ConfUtils.java:logGet(46)) - raft.server.log.segment.cache.num.max = 2 (custom)
2023-02-21 13:41:23,809 [pool-681-thread-1] INFO  server.RaftServerConfigKeys (ConfUtils.java:logGet(46)) - raft.server.log.segment.cache.size.max = 200MB (=209715200) (default)
2023-02-21 13:41:23,809 [pool-681-thread-1] INFO  segmented.SegmentedRaftLogWorker (SegmentedRaftLogWorker.java:<init>(189)) - new 30d23356-b820-4c87-80b9-55beb4a3056d@group-4A9D858258DA-SegmentedRaftLogWorker for RaftStorageImpl:Storage Directory /home/runner/work/ozone/ozone/hadoop-ozone/integration-test/target/test-dir/MiniOzoneClusterImpl-5c741f75-a5c3-4524-84b8-0544f40d398a/datanode-0/data/ratis/2f351b18-eae5-4010-adec-4a9d858258da
2023-02-21 13:41:23,809 [pool-681-thread-1] INFO  server.RaftServerConfigKeys (ConfUtils.java:logGet(46)) - raft.server.log.queue.byte-limit = 4294967296 (custom)
2023-02-21 13:41:23,809 [pool-681-thread-1] INFO  server.RaftServerConfigKeys (ConfUtils.java:logGet(46)) - raft.server.log.queue.element-limit = 1024 (custom)
2023-02-21 13:41:23,810 [pool-681-thread-1] INFO  server.RaftServerConfigKeys (ConfUtils.java:logGet(46)) - raft.server.log.segment.size.max = 1048576 (custom)
2023-02-21 13:41:23,810 [pool-681-thread-1] INFO  server.RaftServerConfigKeys (ConfUtils.java:logGet(46)) - raft.server.log.preallocated.size = 16384 (custom)
2023-02-21 13:41:23,810 [pool-681-thread-1] INFO  server.RaftServerConfigKeys (ConfUtils.java:logGet(46)) - raft.server.log.force.sync.num = 128 (default)
2023-02-21 13:41:23,810 [pool-681-thread-1] INFO  server.RaftServerConfigKeys (ConfUtils.java:logGet(46)) - raft.server.log.statemachine.data.sync = true (default)
2023-02-21 13:41:23,810 [pool-681-thread-1] INFO  server.RaftServerConfigKeys (ConfUtils.java:logGet(46)) - raft.server.log.statemachine.data.sync.timeout = 10s (default)
2023-02-21 13:41:23,810 [pool-681-thread-1] INFO  server.RaftServerConfigKeys (ConfUtils.java:logGet(46)) - raft.server.log.statemachine.data.sync.timeout.retry = -1 (default)
2023-02-21 13:41:23,810 [pool-681-thread-1] INFO  server.RaftServerConfigKeys (ConfUtils.java:logGet(46)) - raft.server.log.write.buffer.size = 1048576 (custom)
2023-02-21 13:41:23,811 [pool-681-thread-1] INFO  server.RaftServerConfigKeys (ConfUtils.java:logGet(46)) - raft.server.log.appender.buffer.byte-limit = 33554432 (custom)
2023-02-21 13:41:23,870 [pool-681-thread-1] INFO  server.RaftServerConfigKeys (ConfUtils.java:logGet(46)) - raft.server.log.unsafe-flush.enabled = false (default)
2023-02-21 13:41:23,876 [pool-681-thread-1] INFO  server.RaftServerConfigKeys (ConfUtils.java:logGet(46)) - raft.server.log.async-flush.enabled = false (default)
2023-02-21 13:41:23,876 [pool-681-thread-1] INFO  server.RaftServerConfigKeys (ConfUtils.java:logGet(46)) - raft.server.log.statemachine.data.caching.enabled = true (custom)
2023-02-21 13:41:23,877 [pool-681-thread-1] INFO  segmented.SegmentedRaftLogWorker (SegmentedRaftLogWorker.java:lambda$new$0(135)) - 30d23356-b820-4c87-80b9-55beb4a3056d@group-4A9D858258DA-SegmentedRaftLogWorker: flushIndex: setUnconditionally 0 -> -1
2023-02-21 13:41:23,877 [pool-681-thread-1] INFO  segmented.SegmentedRaftLogWorker (SegmentedRaftLogWorker.java:lambda$new$0(135)) - 30d23356-b820-4c87-80b9-55beb4a3056d@group-4A9D858258DA-SegmentedRaftLogWorker: safeCacheEvictIndex: setUnconditionally 0 -> -1
2023-02-21 13:41:23,877 [pool-681-thread-1] INFO  server.RaftServer$Division (RaftServerImpl.java:start(334)) - 30d23356-b820-4c87-80b9-55beb4a3056d@group-4A9D858258DA: start as a follower, conf=-1: peers:[30d23356-b820-4c87-80b9-55beb4a3056d|rpc:10.1.0.81:36595|dataStream:10.1.0.81:40757|priority:0|startupRole:FOLLOWER, 41686b04-70c8-46c5-a517-6ec9de94494c|rpc:10.1.0.81:35261|dataStream:10.1.0.81:37199|priority:1|startupRole:FOLLOWER, 7309d6a4-9c1d-4dc9-b84b-2418a7036ef2|rpc:10.1.0.81:45591|dataStream:10.1.0.81:35815|priority:0|startupRole:FOLLOWER]|listeners:[], old=null
2023-02-21 13:41:23,877 [pool-681-thread-1] INFO  server.RaftServer$Division (RaftServerImpl.java:setRole(321)) - 30d23356-b820-4c87-80b9-55beb4a3056d@group-4A9D858258DA: changes role from      null to FOLLOWER at term 0 for startAsFollower
2023-02-21 13:41:23,877 [pool-681-thread-1] INFO  impl.RoleInfo (RoleInfo.java:updateAndGet(139)) - 30d23356-b820-4c87-80b9-55beb4a3056d: start 30d23356-b820-4c87-80b9-55beb4a3056d@group-4A9D858258DA-FollowerState
2023-02-21 13:41:23,877 [pool-681-thread-1] INFO  util.JmxRegister (JmxRegister.java:tryRegister(44)) - Successfully registered JMX Bean with object name Ratis:service=RaftServer,group=group-4A9D858258DA,id=30d23356-b820-4c87-80b9-55beb4a3056d
2023-02-21 13:41:23,877 [30d23356-b820-4c87-80b9-55beb4a3056d@group-4A9D858258DA-FollowerState] INFO  server.RaftServerConfigKeys (ConfUtils.java:logFallback(53)) - raft.server.rpc.first-election.timeout.min = 5s (fallback to raft.server.rpc.timeout.min)
2023-02-21 13:41:23,877 [pool-681-thread-1] INFO  server.RaftServerConfigKeys (ConfUtils.java:logGet(46)) - raft.server.snapshot.auto.trigger.enabled = true (custom)
2023-02-21 13:41:23,877 [30d23356-b820-4c87-80b9-55beb4a3056d@group-4A9D858258DA-FollowerState] INFO  server.RaftServerConfigKeys (ConfUtils.java:logFallback(53)) - raft.server.rpc.first-election.timeout.max = 5200ms (fallback to raft.server.rpc.timeout.max)
2023-02-21 13:41:23,878 [pool-681-thread-1] INFO  server.RaftServerConfigKeys (ConfUtils.java:logGet(46)) - raft.server.snapshot.auto.trigger.threshold = 10000 (custom)
2023-02-21 13:41:23,878 [pool-681-thread-1] INFO  server.RaftServerConfigKeys (ConfUtils.java:logGet(46)) - raft.server.snapshot.retention.file.num = 5 (custom)
2023-02-21 13:41:23,878 [pool-681-thread-1] INFO  server.RaftServerConfigKeys (ConfUtils.java:logGet(46)) - raft.server.log.purge.upto.snapshot.index = false (default)
2023-02-21 13:41:23,878 [Command processor thread] INFO  ratis.XceiverServerRatis (XceiverServerRatis.java:addGroup(807)) - Created group PipelineID=2f351b18-eae5-4010-adec-4a9d858258da
2023-02-21 13:41:23,888 [grpc-default-executor-0] INFO  server.RaftServer (RaftServerProxy.java:addNew(96)) - 7309d6a4-9c1d-4dc9-b84b-2418a7036ef2: addNew group-4A9D858258DA:[30d23356-b820-4c87-80b9-55beb4a3056d|rpc:10.1.0.81:36595|dataStream:10.1.0.81:40757|priority:0|startupRole:FOLLOWER, 41686b04-70c8-46c5-a517-6ec9de94494c|rpc:10.1.0.81:35261|dataStream:10.1.0.81:37199|priority:1|startupRole:FOLLOWER, 7309d6a4-9c1d-4dc9-b84b-2418a7036ef2|rpc:10.1.0.81:45591|dataStream:10.1.0.81:35815|priority:0|startupRole:FOLLOWER] returns group-4A9D858258DA:java.util.concurrent.CompletableFuture@5aafb2f2[Not completed]
2023-02-21 13:41:23,889 [pool-725-thread-1] INFO  server.RaftServer$Division (RaftServerImpl.java:<init>(195)) - 7309d6a4-9c1d-4dc9-b84b-2418a7036ef2: new RaftServerImpl for group-4A9D858258DA:[30d23356-b820-4c87-80b9-55beb4a3056d|rpc:10.1.0.81:36595|dataStream:10.1.0.81:40757|priority:0|startupRole:FOLLOWER, 41686b04-70c8-46c5-a517-6ec9de94494c|rpc:10.1.0.81:35261|dataStream:10.1.0.81:37199|priority:1|startupRole:FOLLOWER, 7309d6a4-9c1d-4dc9-b84b-2418a7036ef2|rpc:10.1.0.81:45591|dataStream:10.1.0.81:35815|priority:0|startupRole:FOLLOWER] with ContainerStateMachine:uninitialized
2023-02-21 13:41:23,889 [pool-725-thread-1] INFO  server.RaftServerConfigKeys (ConfUtils.java:logGet(46)) - raft.server.rpc.timeout.min = 5s (custom)
2023-02-21 13:41:23,889 [pool-725-thread-1] INFO  server.RaftServerConfigKeys (ConfUtils.java:logGet(46)) - raft.server.rpc.timeout.max = 5200ms (custom)
2023-02-21 13:41:23,889 [pool-725-thread-1] INFO  server.RaftServerConfigKeys (ConfUtils.java:logGet(46)) - raft.server.rpc.sleep.time = 25ms (default)
2023-02-21 13:41:23,889 [pool-725-thread-1] INFO  server.RaftServerConfigKeys (ConfUtils.java:logGet(46)) - raft.server.rpc.slowness.timeout = 300s (custom)
2023-02-21 13:41:23,889 [pool-725-thread-1] INFO  server.RaftServerConfigKeys (ConfUtils.java:logGet(46)) - raft.server.leaderelection.leader.step-down.wait-time = 10s (default)
2023-02-21 13:41:23,889 [pool-725-thread-1] INFO  server.RaftServerConfigKeys (ConfUtils.java:logGet(46)) - raft.server.sleep.deviation.threshold = 300ms (default)
2023-02-21 13:41:23,889 [pool-725-thread-1] INFO  server.RaftServer$Division (ServerState.java:<init>(118)) - 7309d6a4-9c1d-4dc9-b84b-2418a7036ef2@group-4A9D858258DA: ConfigurationManager, init=-1: peers:[30d23356-b820-4c87-80b9-55beb4a3056d|rpc:10.1.0.81:36595|dataStream:10.1.0.81:40757|priority:0|startupRole:FOLLOWER, 41686b04-70c8-46c5-a517-6ec9de94494c|rpc:10.1.0.81:35261|dataStream:10.1.0.81:37199|priority:1|startupRole:FOLLOWER, 7309d6a4-9c1d-4dc9-b84b-2418a7036ef2|rpc:10.1.0.81:45591|dataStream:10.1.0.81:35815|priority:0|startupRole:FOLLOWER]|listeners:[], old=null, confs=<EMPTY_MAP>
2023-02-21 13:41:23,889 [pool-725-thread-1] INFO  server.RaftServerConfigKeys (ConfUtils.java:logGet(46)) - raft.server.storage.dir = [/home/runner/work/ozone/ozone/hadoop-ozone/integration-test/target/test-dir/MiniOzoneClusterImpl-5c741f75-a5c3-4524-84b8-0544f40d398a/datanode-2/data/ratis] (custom)
2023-02-21 13:41:23,889 [pool-725-thread-1] INFO  server.RaftServerConfigKeys (ConfUtils.java:logGet(46)) - raft.server.log.corruption.policy = EXCEPTION (default)
2023-02-21 13:41:23,889 [pool-725-thread-1] INFO  server.RaftServerConfigKeys (ConfUtils.java:logGet(46)) - raft.server.storage.free-space.min = 0MB (=0) (default)
2023-02-21 13:41:23,890 [pool-725-thread-1] INFO  server.RaftServerConfigKeys (ConfUtils.java:logGet(46)) - raft.server.notification.no-leader.timeout = 300s (custom)
2023-02-21 13:41:23,890 [pool-725-thread-1] INFO  server.RaftServerConfigKeys (ConfUtils.java:logGet(46)) - raft.server.retrycache.expirytime = 600000ms (custom)
2023-02-21 13:41:23,890 [pool-725-thread-1] INFO  server.RaftServerConfigKeys (ConfUtils.java:logGet(46)) - raft.server.retrycache.statistics.expirytime = 100μs (default)
2023-02-21 13:41:23,890 [pool-725-thread-1] INFO  server.RaftServerConfigKeys (ConfUtils.java:logGet(46)) - raft.server.log.appender.install.snapshot.enabled = false (custom)
2023-02-21 13:41:23,890 [pool-725-thread-1] INFO  server.RaftServerConfigKeys (ConfUtils.java:logGet(46)) - raft.server.threadpool.server.cached = true (default)
2023-02-21 13:41:23,890 [pool-725-thread-1] INFO  server.RaftServerConfigKeys (ConfUtils.java:logGet(46)) - raft.server.threadpool.server.size = 0 (default)
2023-02-21 13:41:23,890 [pool-725-thread-1] INFO  server.RaftServerConfigKeys (ConfUtils.java:logGet(46)) - raft.server.threadpool.client.cached = true (default)
2023-02-21 13:41:23,890 [pool-725-thread-1] INFO  server.RaftServerConfigKeys (ConfUtils.java:logGet(46)) - raft.server.threadpool.client.size = 0 (default)
2023-02-21 13:41:23,891 [pool-725-thread-1] INFO  storage.RaftStorageDirectory (RaftStorageDirectoryImpl.java:analyzeStorage(137)) - The storage directory /home/runner/work/ozone/ozone/hadoop-ozone/integration-test/target/test-dir/MiniOzoneClusterImpl-5c741f75-a5c3-4524-84b8-0544f40d398a/datanode-2/data/ratis/2f351b18-eae5-4010-adec-4a9d858258da does not exist. Creating ...
2023-02-21 13:41:23,892 [pool-725-thread-1] INFO  storage.RaftStorageDirectory (RaftStorageDirectoryImpl.java:tryLock(231)) - Lock on /home/runner/work/ozone/ozone/hadoop-ozone/integration-test/target/test-dir/MiniOzoneClusterImpl-5c741f75-a5c3-4524-84b8-0544f40d398a/datanode-2/data/ratis/2f351b18-eae5-4010-adec-4a9d858258da/in_use.lock acquired by nodename 15258@fv-az318-260
2023-02-21 13:41:23,894 [pool-725-thread-1] INFO  storage.RaftStorage (RaftStorageImpl.java:format(96)) - Storage directory /home/runner/work/ozone/ozone/hadoop-ozone/integration-test/target/test-dir/MiniOzoneClusterImpl-5c741f75-a5c3-4524-84b8-0544f40d398a/datanode-2/data/ratis/2f351b18-eae5-4010-adec-4a9d858258da has been successfully formatted.
2023-02-21 13:41:23,895 [pool-725-thread-1] INFO  ratis.ContainerStateMachine (ContainerStateMachine.java:loadSnapshot(240)) - group-4A9D858258DA: The snapshot info is null. Setting the last applied indexto:(t:0, i:~)
2023-02-21 13:41:23,895 [pool-725-thread-1] INFO  server.RaftServerConfigKeys (ConfUtils.java:logGet(46)) - raft.server.log.use.memory = false (default)
2023-02-21 13:41:23,895 [pool-725-thread-1] INFO  server.RaftServerConfigKeys (ConfUtils.java:logGet(46)) - raft.server.log.purge.gap = 1000000 (custom)
2023-02-21 13:41:23,895 [pool-725-thread-1] INFO  server.RaftServerConfigKeys (ConfUtils.java:logGet(46)) - raft.server.log.appender.buffer.byte-limit = 33554432 (custom)
2023-02-21 13:41:23,895 [pool-725-thread-1] INFO  server.RaftServerConfigKeys (ConfUtils.java:logGet(46)) - raft.server.log.statemachine.data.read.timeout = 1000ms (default)
2023-02-21 13:41:23,895 [pool-725-thread-1] INFO  server.RaftServerConfigKeys (ConfUtils.java:logGet(46)) - raft.server.log.purge.preservation.log.num = 0 (default)
2023-02-21 13:41:23,896 [pool-725-thread-1] INFO  server.RaftServerConfigKeys (ConfUtils.java:logGet(46)) - raft.server.log.segment.size.max = 1048576 (custom)
2023-02-21 13:41:23,896 [pool-725-thread-1] INFO  server.RaftServerConfigKeys (ConfUtils.java:logGet(46)) - raft.server.log.segment.cache.num.max = 2 (custom)
2023-02-21 13:41:23,896 [pool-725-thread-1] INFO  server.RaftServerConfigKeys (ConfUtils.java:logGet(46)) - raft.server.log.segment.cache.size.max = 200MB (=209715200) (default)
2023-02-21 13:41:23,896 [pool-725-thread-1] INFO  segmented.SegmentedRaftLogWorker (SegmentedRaftLogWorker.java:<init>(189)) - new 7309d6a4-9c1d-4dc9-b84b-2418a7036ef2@group-4A9D858258DA-SegmentedRaftLogWorker for RaftStorageImpl:Storage Directory /home/runner/work/ozone/ozone/hadoop-ozone/integration-test/target/test-dir/MiniOzoneClusterImpl-5c741f75-a5c3-4524-84b8-0544f40d398a/datanode-2/data/ratis/2f351b18-eae5-4010-adec-4a9d858258da
2023-02-21 13:41:23,896 [pool-725-thread-1] INFO  server.RaftServerConfigKeys (ConfUtils.java:logGet(46)) - raft.server.log.queue.byte-limit = 4294967296 (custom)
2023-02-21 13:41:23,896 [pool-725-thread-1] INFO  server.RaftServerConfigKeys (ConfUtils.java:logGet(46)) - raft.server.log.queue.element-limit = 1024 (custom)
2023-02-21 13:41:23,896 [pool-725-thread-1] INFO  server.RaftServerConfigKeys (ConfUtils.java:logGet(46)) - raft.server.log.segment.size.max = 1048576 (custom)
2023-02-21 13:41:23,896 [pool-725-thread-1] INFO  server.RaftServerConfigKeys (ConfUtils.java:logGet(46)) - raft.server.log.preallocated.size = 16384 (custom)
2023-02-21 13:41:23,896 [pool-725-thread-1] INFO  server.RaftServerConfigKeys (ConfUtils.java:logGet(46)) - raft.server.log.force.sync.num = 128 (default)
2023-02-21 13:41:23,896 [pool-725-thread-1] INFO  server.RaftServerConfigKeys (ConfUtils.java:logGet(46)) - raft.server.log.statemachine.data.sync = true (default)
2023-02-21 13:41:23,897 [pool-725-thread-1] INFO  server.RaftServerConfigKeys (ConfUtils.java:logGet(46)) - raft.server.log.statemachine.data.sync.timeout = 10s (default)
2023-02-21 13:41:23,897 [pool-725-thread-1] INFO  server.RaftServerConfigKeys (ConfUtils.java:logGet(46)) - raft.server.log.statemachine.data.sync.timeout.retry = -1 (default)
2023-02-21 13:41:23,897 [pool-725-thread-1] INFO  server.RaftServerConfigKeys (ConfUtils.java:logGet(46)) - raft.server.log.write.buffer.size = 1048576 (custom)
2023-02-21 13:41:23,897 [pool-725-thread-1] INFO  server.RaftServerConfigKeys (ConfUtils.java:logGet(46)) - raft.server.log.appender.buffer.byte-limit = 33554432 (custom)
2023-02-21 13:41:23,902 [pool-725-thread-1] INFO  server.RaftServerConfigKeys (ConfUtils.java:logGet(46)) - raft.server.log.unsafe-flush.enabled = false (default)
2023-02-21 13:41:23,902 [pool-725-thread-1] INFO  server.RaftServerConfigKeys (ConfUtils.java:logGet(46)) - raft.server.log.async-flush.enabled = false (default)
2023-02-21 13:41:23,902 [pool-725-thread-1] INFO  server.RaftServerConfigKeys (ConfUtils.java:logGet(46)) - raft.server.log.statemachine.data.caching.enabled = true (custom)
2023-02-21 13:41:23,903 [pool-725-thread-1] INFO  segmented.SegmentedRaftLogWorker (SegmentedRaftLogWorker.java:lambda$new$0(135)) - 7309d6a4-9c1d-4dc9-b84b-2418a7036ef2@group-4A9D858258DA-SegmentedRaftLogWorker: flushIndex: setUnconditionally 0 -> -1
2023-02-21 13:41:23,903 [pool-725-thread-1] INFO  segmented.SegmentedRaftLogWorker (SegmentedRaftLogWorker.java:lambda$new$0(135)) - 7309d6a4-9c1d-4dc9-b84b-2418a7036ef2@group-4A9D858258DA-SegmentedRaftLogWorker: safeCacheEvictIndex: setUnconditionally 0 -> -1
2023-02-21 13:41:23,903 [pool-725-thread-1] INFO  server.RaftServer$Division (RaftServerImpl.java:start(334)) - 7309d6a4-9c1d-4dc9-b84b-2418a7036ef2@group-4A9D858258DA: start as a follower, conf=-1: peers:[30d23356-b820-4c87-80b9-55beb4a3056d|rpc:10.1.0.81:36595|dataStream:10.1.0.81:40757|priority:0|startupRole:FOLLOWER, 41686b04-70c8-46c5-a517-6ec9de94494c|rpc:10.1.0.81:35261|dataStream:10.1.0.81:37199|priority:1|startupRole:FOLLOWER, 7309d6a4-9c1d-4dc9-b84b-2418a7036ef2|rpc:10.1.0.81:45591|dataStream:10.1.0.81:35815|priority:0|startupRole:FOLLOWER]|listeners:[], old=null
2023-02-21 13:41:23,903 [pool-725-thread-1] INFO  server.RaftServer$Division (RaftServerImpl.java:setRole(321)) - 7309d6a4-9c1d-4dc9-b84b-2418a7036ef2@group-4A9D858258DA: changes role from      null to FOLLOWER at term 0 for startAsFollower
2023-02-21 13:41:23,903 [pool-725-thread-1] INFO  impl.RoleInfo (RoleInfo.java:updateAndGet(139)) - 7309d6a4-9c1d-4dc9-b84b-2418a7036ef2: start 7309d6a4-9c1d-4dc9-b84b-2418a7036ef2@group-4A9D858258DA-FollowerState
2023-02-21 13:41:23,903 [7309d6a4-9c1d-4dc9-b84b-2418a7036ef2@group-4A9D858258DA-FollowerState] INFO  server.RaftServerConfigKeys (ConfUtils.java:logFallback(53)) - raft.server.rpc.first-election.timeout.min = 5s (fallback to raft.server.rpc.timeout.min)
2023-02-21 13:41:23,903 [pool-725-thread-1] INFO  util.JmxRegister (JmxRegister.java:tryRegister(44)) - Successfully registered JMX Bean with object name Ratis:service=RaftServer,group=group-4A9D858258DA,id=7309d6a4-9c1d-4dc9-b84b-2418a7036ef2
2023-02-21 13:41:23,903 [7309d6a4-9c1d-4dc9-b84b-2418a7036ef2@group-4A9D858258DA-FollowerState] INFO  server.RaftServerConfigKeys (ConfUtils.java:logFallback(53)) - raft.server.rpc.first-election.timeout.max = 5200ms (fallback to raft.server.rpc.timeout.max)
2023-02-21 13:41:23,904 [pool-725-thread-1] INFO  server.RaftServerConfigKeys (ConfUtils.java:logGet(46)) - raft.server.snapshot.auto.trigger.enabled = true (custom)
2023-02-21 13:41:23,904 [pool-725-thread-1] INFO  server.RaftServerConfigKeys (ConfUtils.java:logGet(46)) - raft.server.snapshot.auto.trigger.threshold = 10000 (custom)
2023-02-21 13:41:23,904 [pool-725-thread-1] INFO  server.RaftServerConfigKeys (ConfUtils.java:logGet(46)) - raft.server.snapshot.retention.file.num = 5 (custom)
2023-02-21 13:41:23,904 [pool-725-thread-1] INFO  server.RaftServerConfigKeys (ConfUtils.java:logGet(46)) - raft.server.log.purge.upto.snapshot.index = false (default)
2023-02-21 13:41:23,921 [grpc-default-executor-0] INFO  server.RaftServer (RaftServerProxy.java:addNew(96)) - 41686b04-70c8-46c5-a517-6ec9de94494c: addNew group-4A9D858258DA:[30d23356-b820-4c87-80b9-55beb4a3056d|rpc:10.1.0.81:36595|dataStream:10.1.0.81:40757|priority:0|startupRole:FOLLOWER, 41686b04-70c8-46c5-a517-6ec9de94494c|rpc:10.1.0.81:35261|dataStream:10.1.0.81:37199|priority:1|startupRole:FOLLOWER, 7309d6a4-9c1d-4dc9-b84b-2418a7036ef2|rpc:10.1.0.81:45591|dataStream:10.1.0.81:35815|priority:0|startupRole:FOLLOWER] returns group-4A9D858258DA:java.util.concurrent.CompletableFuture@7a0c32e5[Not completed]
2023-02-21 13:41:23,923 [pool-703-thread-1] INFO  server.RaftServer$Division (RaftServerImpl.java:<init>(195)) - 41686b04-70c8-46c5-a517-6ec9de94494c: new RaftServerImpl for group-4A9D858258DA:[30d23356-b820-4c87-80b9-55beb4a3056d|rpc:10.1.0.81:36595|dataStream:10.1.0.81:40757|priority:0|startupRole:FOLLOWER, 41686b04-70c8-46c5-a517-6ec9de94494c|rpc:10.1.0.81:35261|dataStream:10.1.0.81:37199|priority:1|startupRole:FOLLOWER, 7309d6a4-9c1d-4dc9-b84b-2418a7036ef2|rpc:10.1.0.81:45591|dataStream:10.1.0.81:35815|priority:0|startupRole:FOLLOWER] with ContainerStateMachine:uninitialized
2023-02-21 13:41:23,923 [pool-703-thread-1] INFO  server.RaftServerConfigKeys (ConfUtils.java:logGet(46)) - raft.server.rpc.timeout.min = 5s (custom)
2023-02-21 13:41:23,923 [pool-703-thread-1] INFO  server.RaftServerConfigKeys (ConfUtils.java:logGet(46)) - raft.server.rpc.timeout.max = 5200ms (custom)
2023-02-21 13:41:23,924 [pool-703-thread-1] INFO  server.RaftServerConfigKeys (ConfUtils.java:logGet(46)) - raft.server.rpc.sleep.time = 25ms (default)
2023-02-21 13:41:23,924 [pool-703-thread-1] INFO  server.RaftServerConfigKeys (ConfUtils.java:logGet(46)) - raft.server.rpc.slowness.timeout = 300s (custom)
2023-02-21 13:41:23,924 [pool-703-thread-1] INFO  server.RaftServerConfigKeys (ConfUtils.java:logGet(46)) - raft.server.leaderelection.leader.step-down.wait-time = 10s (default)
2023-02-21 13:41:23,924 [pool-703-thread-1] INFO  server.RaftServerConfigKeys (ConfUtils.java:logGet(46)) - raft.server.sleep.deviation.threshold = 300ms (default)
2023-02-21 13:41:23,924 [pool-703-thread-1] INFO  server.RaftServer$Division (ServerState.java:<init>(118)) - 41686b04-70c8-46c5-a517-6ec9de94494c@group-4A9D858258DA: ConfigurationManager, init=-1: peers:[30d23356-b820-4c87-80b9-55beb4a3056d|rpc:10.1.0.81:36595|dataStream:10.1.0.81:40757|priority:0|startupRole:FOLLOWER, 41686b04-70c8-46c5-a517-6ec9de94494c|rpc:10.1.0.81:35261|dataStream:10.1.0.81:37199|priority:1|startupRole:FOLLOWER, 7309d6a4-9c1d-4dc9-b84b-2418a7036ef2|rpc:10.1.0.81:45591|dataStream:10.1.0.81:35815|priority:0|startupRole:FOLLOWER]|listeners:[], old=null, confs=<EMPTY_MAP>
2023-02-21 13:41:23,924 [pool-703-thread-1] INFO  server.RaftServerConfigKeys (ConfUtils.java:logGet(46)) - raft.server.storage.dir = [/home/runner/work/ozone/ozone/hadoop-ozone/integration-test/target/test-dir/MiniOzoneClusterImpl-5c741f75-a5c3-4524-84b8-0544f40d398a/datanode-1/data/ratis] (custom)
2023-02-21 13:41:23,924 [pool-703-thread-1] INFO  server.RaftServerConfigKeys (ConfUtils.java:logGet(46)) - raft.server.log.corruption.policy = EXCEPTION (default)
2023-02-21 13:41:23,924 [pool-703-thread-1] INFO  server.RaftServerConfigKeys (ConfUtils.java:logGet(46)) - raft.server.storage.free-space.min = 0MB (=0) (default)
2023-02-21 13:41:23,924 [pool-703-thread-1] INFO  server.RaftServerConfigKeys (ConfUtils.java:logGet(46)) - raft.server.notification.no-leader.timeout = 300s (custom)
2023-02-21 13:41:23,924 [pool-703-thread-1] INFO  server.RaftServerConfigKeys (ConfUtils.java:logGet(46)) - raft.server.retrycache.expirytime = 600000ms (custom)
2023-02-21 13:41:23,924 [pool-703-thread-1] INFO  server.RaftServerConfigKeys (ConfUtils.java:logGet(46)) - raft.server.retrycache.statistics.expirytime = 100μs (default)
2023-02-21 13:41:23,926 [pool-703-thread-1] INFO  server.RaftServerConfigKeys (ConfUtils.java:logGet(46)) - raft.server.log.appender.install.snapshot.enabled = false (custom)
2023-02-21 13:41:23,927 [pool-703-thread-1] INFO  server.RaftServerConfigKeys (ConfUtils.java:logGet(46)) - raft.server.threadpool.server.cached = true (default)
2023-02-21 13:41:23,927 [pool-703-thread-1] INFO  server.RaftServerConfigKeys (ConfUtils.java:logGet(46)) - raft.server.threadpool.server.size = 0 (default)
2023-02-21 13:41:23,927 [pool-703-thread-1] INFO  server.RaftServerConfigKeys (ConfUtils.java:logGet(46)) - raft.server.threadpool.client.cached = true (default)
2023-02-21 13:41:23,927 [pool-703-thread-1] INFO  server.RaftServerConfigKeys (ConfUtils.java:logGet(46)) - raft.server.threadpool.client.size = 0 (default)
2023-02-21 13:41:23,928 [pool-703-thread-1] INFO  storage.RaftStorageDirectory (RaftStorageDirectoryImpl.java:analyzeStorage(137)) - The storage directory /home/runner/work/ozone/ozone/hadoop-ozone/integration-test/target/test-dir/MiniOzoneClusterImpl-5c741f75-a5c3-4524-84b8-0544f40d398a/datanode-1/data/ratis/2f351b18-eae5-4010-adec-4a9d858258da does not exist. Creating ...
2023-02-21 13:41:23,930 [pool-703-thread-1] INFO  storage.RaftStorageDirectory (RaftStorageDirectoryImpl.java:tryLock(231)) - Lock on /home/runner/work/ozone/ozone/hadoop-ozone/integration-test/target/test-dir/MiniOzoneClusterImpl-5c741f75-a5c3-4524-84b8-0544f40d398a/datanode-1/data/ratis/2f351b18-eae5-4010-adec-4a9d858258da/in_use.lock acquired by nodename 15258@fv-az318-260
2023-02-21 13:41:23,932 [pool-703-thread-1] INFO  storage.RaftStorage (RaftStorageImpl.java:format(96)) - Storage directory /home/runner/work/ozone/ozone/hadoop-ozone/integration-test/target/test-dir/MiniOzoneClusterImpl-5c741f75-a5c3-4524-84b8-0544f40d398a/datanode-1/data/ratis/2f351b18-eae5-4010-adec-4a9d858258da has been successfully formatted.
2023-02-21 13:41:23,935 [pool-703-thread-1] INFO  ratis.ContainerStateMachine (ContainerStateMachine.java:loadSnapshot(240)) - group-4A9D858258DA: The snapshot info is null. Setting the last applied indexto:(t:0, i:~)
2023-02-21 13:41:23,935 [pool-703-thread-1] INFO  server.RaftServerConfigKeys (ConfUtils.java:logGet(46)) - raft.server.log.use.memory = false (default)
2023-02-21 13:41:23,935 [pool-703-thread-1] INFO  server.RaftServerConfigKeys (ConfUtils.java:logGet(46)) - raft.server.log.purge.gap = 1000000 (custom)
2023-02-21 13:41:23,935 [pool-703-thread-1] INFO  server.RaftServerConfigKeys (ConfUtils.java:logGet(46)) - raft.server.log.appender.buffer.byte-limit = 33554432 (custom)
2023-02-21 13:41:23,935 [pool-703-thread-1] INFO  server.RaftServerConfigKeys (ConfUtils.java:logGet(46)) - raft.server.log.statemachine.data.read.timeout = 1000ms (default)
2023-02-21 13:41:23,935 [pool-703-thread-1] INFO  server.RaftServerConfigKeys (ConfUtils.java:logGet(46)) - raft.server.log.purge.preservation.log.num = 0 (default)
2023-02-21 13:41:23,935 [pool-703-thread-1] INFO  server.RaftServerConfigKeys (ConfUtils.java:logGet(46)) - raft.server.log.segment.size.max = 1048576 (custom)
2023-02-21 13:41:23,936 [pool-703-thread-1] INFO  server.RaftServerConfigKeys (ConfUtils.java:logGet(46)) - raft.server.log.segment.cache.num.max = 2 (custom)
2023-02-21 13:41:23,936 [pool-703-thread-1] INFO  server.RaftServerConfigKeys (ConfUtils.java:logGet(46)) - raft.server.log.segment.cache.size.max = 200MB (=209715200) (default)
2023-02-21 13:41:23,936 [pool-703-thread-1] INFO  segmented.SegmentedRaftLogWorker (SegmentedRaftLogWorker.java:<init>(189)) - new 41686b04-70c8-46c5-a517-6ec9de94494c@group-4A9D858258DA-SegmentedRaftLogWorker for RaftStorageImpl:Storage Directory /home/runner/work/ozone/ozone/hadoop-ozone/integration-test/target/test-dir/MiniOzoneClusterImpl-5c741f75-a5c3-4524-84b8-0544f40d398a/datanode-1/data/ratis/2f351b18-eae5-4010-adec-4a9d858258da
2023-02-21 13:41:23,936 [pool-703-thread-1] INFO  server.RaftServerConfigKeys (ConfUtils.java:logGet(46)) - raft.server.log.queue.byte-limit = 4294967296 (custom)
2023-02-21 13:41:23,936 [pool-703-thread-1] INFO  server.RaftServerConfigKeys (ConfUtils.java:logGet(46)) - raft.server.log.queue.element-limit = 1024 (custom)
2023-02-21 13:41:23,936 [pool-703-thread-1] INFO  server.RaftServerConfigKeys (ConfUtils.java:logGet(46)) - raft.server.log.segment.size.max = 1048576 (custom)
2023-02-21 13:41:23,936 [pool-703-thread-1] INFO  server.RaftServerConfigKeys (ConfUtils.java:logGet(46)) - raft.server.log.preallocated.size = 16384 (custom)
2023-02-21 13:41:23,936 [pool-703-thread-1] INFO  server.RaftServerConfigKeys (ConfUtils.java:logGet(46)) - raft.server.log.force.sync.num = 128 (default)
2023-02-21 13:41:23,936 [pool-703-thread-1] INFO  server.RaftServerConfigKeys (ConfUtils.java:logGet(46)) - raft.server.log.statemachine.data.sync = true (default)
2023-02-21 13:41:23,936 [pool-703-thread-1] INFO  server.RaftServerConfigKeys (ConfUtils.java:logGet(46)) - raft.server.log.statemachine.data.sync.timeout = 10s (default)
2023-02-21 13:41:23,936 [pool-703-thread-1] INFO  server.RaftServerConfigKeys (ConfUtils.java:logGet(46)) - raft.server.log.statemachine.data.sync.timeout.retry = -1 (default)
2023-02-21 13:41:23,937 [pool-703-thread-1] INFO  server.RaftServerConfigKeys (ConfUtils.java:logGet(46)) - raft.server.log.write.buffer.size = 1048576 (custom)
2023-02-21 13:41:23,937 [pool-703-thread-1] INFO  server.RaftServerConfigKeys (ConfUtils.java:logGet(46)) - raft.server.log.appender.buffer.byte-limit = 33554432 (custom)
2023-02-21 13:41:23,942 [pool-703-thread-1] INFO  server.RaftServerConfigKeys (ConfUtils.java:logGet(46)) - raft.server.log.unsafe-flush.enabled = false (default)
2023-02-21 13:41:23,942 [pool-703-thread-1] INFO  server.RaftServerConfigKeys (ConfUtils.java:logGet(46)) - raft.server.log.async-flush.enabled = false (default)
2023-02-21 13:41:23,942 [pool-703-thread-1] INFO  server.RaftServerConfigKeys (ConfUtils.java:logGet(46)) - raft.server.log.statemachine.data.caching.enabled = true (custom)
2023-02-21 13:41:23,943 [pool-703-thread-1] INFO  segmented.SegmentedRaftLogWorker (SegmentedRaftLogWorker.java:lambda$new$0(135)) - 41686b04-70c8-46c5-a517-6ec9de94494c@group-4A9D858258DA-SegmentedRaftLogWorker: flushIndex: setUnconditionally 0 -> -1
2023-02-21 13:41:23,943 [pool-703-thread-1] INFO  segmented.SegmentedRaftLogWorker (SegmentedRaftLogWorker.java:lambda$new$0(135)) - 41686b04-70c8-46c5-a517-6ec9de94494c@group-4A9D858258DA-SegmentedRaftLogWorker: safeCacheEvictIndex: setUnconditionally 0 -> -1
2023-02-21 13:41:23,943 [pool-703-thread-1] INFO  server.RaftServer$Division (RaftServerImpl.java:start(334)) - 41686b04-70c8-46c5-a517-6ec9de94494c@group-4A9D858258DA: start as a follower, conf=-1: peers:[30d23356-b820-4c87-80b9-55beb4a3056d|rpc:10.1.0.81:36595|dataStream:10.1.0.81:40757|priority:0|startupRole:FOLLOWER, 41686b04-70c8-46c5-a517-6ec9de94494c|rpc:10.1.0.81:35261|dataStream:10.1.0.81:37199|priority:1|startupRole:FOLLOWER, 7309d6a4-9c1d-4dc9-b84b-2418a7036ef2|rpc:10.1.0.81:45591|dataStream:10.1.0.81:35815|priority:0|startupRole:FOLLOWER]|listeners:[], old=null
2023-02-21 13:41:23,943 [pool-703-thread-1] INFO  server.RaftServer$Division (RaftServerImpl.java:setRole(321)) - 41686b04-70c8-46c5-a517-6ec9de94494c@group-4A9D858258DA: changes role from      null to FOLLOWER at term 0 for startAsFollower
2023-02-21 13:41:23,943 [pool-703-thread-1] INFO  impl.RoleInfo (RoleInfo.java:updateAndGet(139)) - 41686b04-70c8-46c5-a517-6ec9de94494c: start 41686b04-70c8-46c5-a517-6ec9de94494c@group-4A9D858258DA-FollowerState
2023-02-21 13:41:23,943 [pool-703-thread-1] INFO  util.JmxRegister (JmxRegister.java:tryRegister(44)) - Successfully registered JMX Bean with object name Ratis:service=RaftServer,group=group-4A9D858258DA,id=41686b04-70c8-46c5-a517-6ec9de94494c
2023-02-21 13:41:23,943 [41686b04-70c8-46c5-a517-6ec9de94494c@group-4A9D858258DA-FollowerState] INFO  server.RaftServerConfigKeys (ConfUtils.java:logFallback(53)) - raft.server.rpc.first-election.timeout.min = 5s (fallback to raft.server.rpc.timeout.min)
2023-02-21 13:41:23,943 [pool-703-thread-1] INFO  server.RaftServerConfigKeys (ConfUtils.java:logGet(46)) - raft.server.snapshot.auto.trigger.enabled = true (custom)
2023-02-21 13:41:23,943 [41686b04-70c8-46c5-a517-6ec9de94494c@group-4A9D858258DA-FollowerState] INFO  server.RaftServerConfigKeys (ConfUtils.java:logFallback(53)) - raft.server.rpc.first-election.timeout.max = 5200ms (fallback to raft.server.rpc.timeout.max)
2023-02-21 13:41:23,944 [pool-703-thread-1] INFO  server.RaftServerConfigKeys (ConfUtils.java:logGet(46)) - raft.server.snapshot.auto.trigger.threshold = 10000 (custom)
2023-02-21 13:41:23,944 [pool-703-thread-1] INFO  server.RaftServerConfigKeys (ConfUtils.java:logGet(46)) - raft.server.snapshot.retention.file.num = 5 (custom)
2023-02-21 13:41:23,944 [pool-703-thread-1] INFO  server.RaftServerConfigKeys (ConfUtils.java:logGet(46)) - raft.server.log.purge.upto.snapshot.index = false (default)
2023-02-21 13:41:23,950 [Command processor thread] INFO  commandhandler.CreatePipelineCommandHandler (CreatePipelineCommandHandler.java:handle(113)) - Created Pipeline RATIS THREE PipelineID=2f351b18-eae5-4010-adec-4a9d858258da.
2023-02-21 13:41:23,950 [Command processor thread] INFO  server.RaftServer (RaftServerProxy.java:addNew(96)) - 30d23356-b820-4c87-80b9-55beb4a3056d: addNew group-B1B7CB2BEB3E:[30d23356-b820-4c87-80b9-55beb4a3056d|rpc:10.1.0.81:36595|dataStream:10.1.0.81:40757|priority:1|startupRole:FOLLOWER, 41686b04-70c8-46c5-a517-6ec9de94494c|rpc:10.1.0.81:35261|dataStream:10.1.0.81:37199|priority:0|startupRole:FOLLOWER, 7309d6a4-9c1d-4dc9-b84b-2418a7036ef2|rpc:10.1.0.81:45591|dataStream:10.1.0.81:35815|priority:0|startupRole:FOLLOWER] returns group-B1B7CB2BEB3E:java.util.concurrent.CompletableFuture@764144e7[Not completed]
2023-02-21 13:41:23,951 [pool-681-thread-1] INFO  server.RaftServer$Division (RaftServerImpl.java:<init>(195)) - 30d23356-b820-4c87-80b9-55beb4a3056d: new RaftServerImpl for group-B1B7CB2BEB3E:[30d23356-b820-4c87-80b9-55beb4a3056d|rpc:10.1.0.81:36595|dataStream:10.1.0.81:40757|priority:1|startupRole:FOLLOWER, 41686b04-70c8-46c5-a517-6ec9de94494c|rpc:10.1.0.81:35261|dataStream:10.1.0.81:37199|priority:0|startupRole:FOLLOWER, 7309d6a4-9c1d-4dc9-b84b-2418a7036ef2|rpc:10.1.0.81:45591|dataStream:10.1.0.81:35815|priority:0|startupRole:FOLLOWER] with ContainerStateMachine:uninitialized
2023-02-21 13:41:23,951 [pool-681-thread-1] INFO  server.RaftServerConfigKeys (ConfUtils.java:logGet(46)) - raft.server.rpc.timeout.min = 5s (custom)
2023-02-21 13:41:23,951 [pool-681-thread-1] INFO  server.RaftServerConfigKeys (ConfUtils.java:logGet(46)) - raft.server.rpc.timeout.max = 5200ms (custom)
2023-02-21 13:41:23,951 [pool-681-thread-1] INFO  server.RaftServerConfigKeys (ConfUtils.java:logGet(46)) - raft.server.rpc.sleep.time = 25ms (default)
2023-02-21 13:41:23,951 [pool-681-thread-1] INFO  server.RaftServerConfigKeys (ConfUtils.java:logGet(46)) - raft.server.rpc.slowness.timeout = 300s (custom)
2023-02-21 13:41:23,951 [pool-681-thread-1] INFO  server.RaftServerConfigKeys (ConfUtils.java:logGet(46)) - raft.server.leaderelection.leader.step-down.wait-time = 10s (default)
2023-02-21 13:41:23,951 [pool-681-thread-1] INFO  server.RaftServerConfigKeys (ConfUtils.java:logGet(46)) - raft.server.sleep.deviation.threshold = 300ms (default)
2023-02-21 13:41:23,952 [pool-681-thread-1] INFO  server.RaftServer$Division (ServerState.java:<init>(118)) - 30d23356-b820-4c87-80b9-55beb4a3056d@group-B1B7CB2BEB3E: ConfigurationManager, init=-1: peers:[30d23356-b820-4c87-80b9-55beb4a3056d|rpc:10.1.0.81:36595|dataStream:10.1.0.81:40757|priority:1|startupRole:FOLLOWER, 41686b04-70c8-46c5-a517-6ec9de94494c|rpc:10.1.0.81:35261|dataStream:10.1.0.81:37199|priority:0|startupRole:FOLLOWER, 7309d6a4-9c1d-4dc9-b84b-2418a7036ef2|rpc:10.1.0.81:45591|dataStream:10.1.0.81:35815|priority:0|startupRole:FOLLOWER]|listeners:[], old=null, confs=<EMPTY_MAP>
2023-02-21 13:41:23,952 [pool-681-thread-1] INFO  server.RaftServerConfigKeys (ConfUtils.java:logGet(46)) - raft.server.storage.dir = [/home/runner/work/ozone/ozone/hadoop-ozone/integration-test/target/test-dir/MiniOzoneClusterImpl-5c741f75-a5c3-4524-84b8-0544f40d398a/datanode-0/data/ratis] (custom)
2023-02-21 13:41:23,952 [pool-681-thread-1] INFO  server.RaftServerConfigKeys (ConfUtils.java:logGet(46)) - raft.server.log.corruption.policy = EXCEPTION (default)
2023-02-21 13:41:23,952 [pool-681-thread-1] INFO  server.RaftServerConfigKeys (ConfUtils.java:logGet(46)) - raft.server.storage.free-space.min = 0MB (=0) (default)
2023-02-21 13:41:23,952 [pool-681-thread-1] INFO  server.RaftServerConfigKeys (ConfUtils.java:logGet(46)) - raft.server.notification.no-leader.timeout = 300s (custom)
2023-02-21 13:41:23,952 [pool-681-thread-1] INFO  server.RaftServerConfigKeys (ConfUtils.java:logGet(46)) - raft.server.retrycache.expirytime = 600000ms (custom)
2023-02-21 13:41:23,952 [pool-681-thread-1] INFO  server.RaftServerConfigKeys (ConfUtils.java:logGet(46)) - raft.server.retrycache.statistics.expirytime = 100μs (default)
2023-02-21 13:41:23,953 [pool-681-thread-1] INFO  server.RaftServerConfigKeys (ConfUtils.java:logGet(46)) - raft.server.log.appender.install.snapshot.enabled = false (custom)
2023-02-21 13:41:23,953 [pool-681-thread-1] INFO  server.RaftServerConfigKeys (ConfUtils.java:logGet(46)) - raft.server.threadpool.server.cached = true (default)
2023-02-21 13:41:23,953 [pool-681-thread-1] INFO  server.RaftServerConfigKeys (ConfUtils.java:logGet(46)) - raft.server.threadpool.server.size = 0 (default)
2023-02-21 13:41:23,953 [pool-681-thread-1] INFO  server.RaftServerConfigKeys (ConfUtils.java:logGet(46)) - raft.server.threadpool.client.cached = true (default)
2023-02-21 13:41:23,953 [pool-681-thread-1] INFO  server.RaftServerConfigKeys (ConfUtils.java:logGet(46)) - raft.server.threadpool.client.size = 0 (default)
2023-02-21 13:41:23,953 [pool-681-thread-1] INFO  storage.RaftStorageDirectory (RaftStorageDirectoryImpl.java:analyzeStorage(137)) - The storage directory /home/runner/work/ozone/ozone/hadoop-ozone/integration-test/target/test-dir/MiniOzoneClusterImpl-5c741f75-a5c3-4524-84b8-0544f40d398a/datanode-0/data/ratis/3645be24-94a3-4e96-85da-b1b7cb2beb3e does not exist. Creating ...
2023-02-21 13:41:23,954 [pool-681-thread-1] INFO  storage.RaftStorageDirectory (RaftStorageDirectoryImpl.java:tryLock(231)) - Lock on /home/runner/work/ozone/ozone/hadoop-ozone/integration-test/target/test-dir/MiniOzoneClusterImpl-5c741f75-a5c3-4524-84b8-0544f40d398a/datanode-0/data/ratis/3645be24-94a3-4e96-85da-b1b7cb2beb3e/in_use.lock acquired by nodename 15258@fv-az318-260
2023-02-21 13:41:23,956 [pool-681-thread-1] INFO  storage.RaftStorage (RaftStorageImpl.java:format(96)) - Storage directory /home/runner/work/ozone/ozone/hadoop-ozone/integration-test/target/test-dir/MiniOzoneClusterImpl-5c741f75-a5c3-4524-84b8-0544f40d398a/datanode-0/data/ratis/3645be24-94a3-4e96-85da-b1b7cb2beb3e has been successfully formatted.
2023-02-21 13:41:23,956 [pool-681-thread-1] INFO  ratis.ContainerStateMachine (ContainerStateMachine.java:loadSnapshot(240)) - group-B1B7CB2BEB3E: The snapshot info is null. Setting the last applied indexto:(t:0, i:~)
2023-02-21 13:41:23,956 [pool-681-thread-1] INFO  server.RaftServerConfigKeys (ConfUtils.java:logGet(46)) - raft.server.log.use.memory = false (default)
2023-02-21 13:41:23,957 [pool-681-thread-1] INFO  server.RaftServerConfigKeys (ConfUtils.java:logGet(46)) - raft.server.log.purge.gap = 1000000 (custom)
2023-02-21 13:41:23,957 [pool-681-thread-1] INFO  server.RaftServerConfigKeys (ConfUtils.java:logGet(46)) - raft.server.log.appender.buffer.byte-limit = 33554432 (custom)
2023-02-21 13:41:23,957 [pool-681-thread-1] INFO  server.RaftServerConfigKeys (ConfUtils.java:logGet(46)) - raft.server.log.statemachine.data.read.timeout = 1000ms (default)
2023-02-21 13:41:23,957 [pool-681-thread-1] INFO  server.RaftServerConfigKeys (ConfUtils.java:logGet(46)) - raft.server.log.purge.preservation.log.num = 0 (default)
2023-02-21 13:41:23,957 [EventQueue-OpenPipelineForHealthyPipelineSafeModeRule] INFO  safemode.SCMSafeModeManager (HealthyPipelineSafeModeRule.java:process(137)) - SCM in safe mode. Healthy pipelines reported count is 0, required healthy pipeline reported count is 1
2023-02-21 13:41:23,957 [pool-681-thread-1] INFO  server.RaftServerConfigKeys (ConfUtils.java:logGet(46)) - raft.server.log.segment.size.max = 1048576 (custom)
2023-02-21 13:41:23,958 [pool-681-thread-1] INFO  server.RaftServerConfigKeys (ConfUtils.java:logGet(46)) - raft.server.log.segment.cache.num.max = 2 (custom)
2023-02-21 13:41:23,958 [pool-681-thread-1] INFO  server.RaftServerConfigKeys (ConfUtils.java:logGet(46)) - raft.server.log.segment.cache.size.max = 200MB (=209715200) (default)
2023-02-21 13:41:23,958 [pool-681-thread-1] INFO  segmented.SegmentedRaftLogWorker (SegmentedRaftLogWorker.java:<init>(189)) - new 30d23356-b820-4c87-80b9-55beb4a3056d@group-B1B7CB2BEB3E-SegmentedRaftLogWorker for RaftStorageImpl:Storage Directory /home/runner/work/ozone/ozone/hadoop-ozone/integration-test/target/test-dir/MiniOzoneClusterImpl-5c741f75-a5c3-4524-84b8-0544f40d398a/datanode-0/data/ratis/3645be24-94a3-4e96-85da-b1b7cb2beb3e
2023-02-21 13:41:23,958 [pool-681-thread-1] INFO  server.RaftServerConfigKeys (ConfUtils.java:logGet(46)) - raft.server.log.queue.byte-limit = 4294967296 (custom)
2023-02-21 13:41:23,958 [pool-681-thread-1] INFO  server.RaftServerConfigKeys (ConfUtils.java:logGet(46)) - raft.server.log.queue.element-limit = 1024 (custom)
2023-02-21 13:41:23,960 [pool-681-thread-1] INFO  server.RaftServerConfigKeys (ConfUtils.java:logGet(46)) - raft.server.log.segment.size.max = 1048576 (custom)
2023-02-21 13:41:23,960 [pool-681-thread-1] INFO  server.RaftServerConfigKeys (ConfUtils.java:logGet(46)) - raft.server.log.preallocated.size = 16384 (custom)
2023-02-21 13:41:23,960 [pool-681-thread-1] INFO  server.RaftServerConfigKeys (ConfUtils.java:logGet(46)) - raft.server.log.force.sync.num = 128 (default)
2023-02-21 13:41:23,960 [pool-681-thread-1] INFO  server.RaftServerConfigKeys (ConfUtils.java:logGet(46)) - raft.server.log.statemachine.data.sync = true (default)
2023-02-21 13:41:23,960 [pool-681-thread-1] INFO  server.RaftServerConfigKeys (ConfUtils.java:logGet(46)) - raft.server.log.statemachine.data.sync.timeout = 10s (default)
2023-02-21 13:41:23,960 [pool-681-thread-1] INFO  server.RaftServerConfigKeys (ConfUtils.java:logGet(46)) - raft.server.log.statemachine.data.sync.timeout.retry = -1 (default)
2023-02-21 13:41:23,960 [pool-681-thread-1] INFO  server.RaftServerConfigKeys (ConfUtils.java:logGet(46)) - raft.server.log.write.buffer.size = 1048576 (custom)
2023-02-21 13:41:23,961 [pool-681-thread-1] INFO  server.RaftServerConfigKeys (ConfUtils.java:logGet(46)) - raft.server.log.appender.buffer.byte-limit = 33554432 (custom)
2023-02-21 13:41:23,966 [pool-681-thread-1] INFO  server.RaftServerConfigKeys (ConfUtils.java:logGet(46)) - raft.server.log.unsafe-flush.enabled = false (default)
2023-02-21 13:41:23,966 [pool-681-thread-1] INFO  server.RaftServerConfigKeys (ConfUtils.java:logGet(46)) - raft.server.log.async-flush.enabled = false (default)
2023-02-21 13:41:23,966 [pool-681-thread-1] INFO  server.RaftServerConfigKeys (ConfUtils.java:logGet(46)) - raft.server.log.statemachine.data.caching.enabled = true (custom)
2023-02-21 13:41:23,966 [pool-681-thread-1] INFO  segmented.SegmentedRaftLogWorker (SegmentedRaftLogWorker.java:lambda$new$0(135)) - 30d23356-b820-4c87-80b9-55beb4a3056d@group-B1B7CB2BEB3E-SegmentedRaftLogWorker: flushIndex: setUnconditionally 0 -> -1
2023-02-21 13:41:23,966 [pool-681-thread-1] INFO  segmented.SegmentedRaftLogWorker (SegmentedRaftLogWorker.java:lambda$new$0(135)) - 30d23356-b820-4c87-80b9-55beb4a3056d@group-B1B7CB2BEB3E-SegmentedRaftLogWorker: safeCacheEvictIndex: setUnconditionally 0 -> -1
2023-02-21 13:41:23,967 [pool-681-thread-1] INFO  server.RaftServer$Division (RaftServerImpl.java:start(334)) - 30d23356-b820-4c87-80b9-55beb4a3056d@group-B1B7CB2BEB3E: start as a follower, conf=-1: peers:[30d23356-b820-4c87-80b9-55beb4a3056d|rpc:10.1.0.81:36595|dataStream:10.1.0.81:40757|priority:1|startupRole:FOLLOWER, 41686b04-70c8-46c5-a517-6ec9de94494c|rpc:10.1.0.81:35261|dataStream:10.1.0.81:37199|priority:0|startupRole:FOLLOWER, 7309d6a4-9c1d-4dc9-b84b-2418a7036ef2|rpc:10.1.0.81:45591|dataStream:10.1.0.81:35815|priority:0|startupRole:FOLLOWER]|listeners:[], old=null
2023-02-21 13:41:23,967 [pool-681-thread-1] INFO  server.RaftServer$Division (RaftServerImpl.java:setRole(321)) - 30d23356-b820-4c87-80b9-55beb4a3056d@group-B1B7CB2BEB3E: changes role from      null to FOLLOWER at term 0 for startAsFollower
2023-02-21 13:41:23,967 [pool-681-thread-1] INFO  impl.RoleInfo (RoleInfo.java:updateAndGet(139)) - 30d23356-b820-4c87-80b9-55beb4a3056d: start 30d23356-b820-4c87-80b9-55beb4a3056d@group-B1B7CB2BEB3E-FollowerState
2023-02-21 13:41:23,970 [pool-681-thread-1] INFO  util.JmxRegister (JmxRegister.java:tryRegister(44)) - Successfully registered JMX Bean with object name Ratis:service=RaftServer,group=group-B1B7CB2BEB3E,id=30d23356-b820-4c87-80b9-55beb4a3056d
2023-02-21 13:41:23,970 [pool-681-thread-1] INFO  server.RaftServerConfigKeys (ConfUtils.java:logGet(46)) - raft.server.snapshot.auto.trigger.enabled = true (custom)
2023-02-21 13:41:23,970 [pool-681-thread-1] INFO  server.RaftServerConfigKeys (ConfUtils.java:logGet(46)) - raft.server.snapshot.auto.trigger.threshold = 10000 (custom)
2023-02-21 13:41:23,970 [pool-681-thread-1] INFO  server.RaftServerConfigKeys (ConfUtils.java:logGet(46)) - raft.server.snapshot.retention.file.num = 5 (custom)
2023-02-21 13:41:23,970 [pool-681-thread-1] INFO  server.RaftServerConfigKeys (ConfUtils.java:logGet(46)) - raft.server.log.purge.upto.snapshot.index = false (default)
2023-02-21 13:41:23,971 [30d23356-b820-4c87-80b9-55beb4a3056d@group-B1B7CB2BEB3E-FollowerState] INFO  server.RaftServerConfigKeys (ConfUtils.java:logFallback(53)) - raft.server.rpc.first-election.timeout.min = 5s (fallback to raft.server.rpc.timeout.min)
2023-02-21 13:41:23,971 [30d23356-b820-4c87-80b9-55beb4a3056d@group-B1B7CB2BEB3E-FollowerState] INFO  server.RaftServerConfigKeys (ConfUtils.java:logFallback(53)) - raft.server.rpc.first-election.timeout.max = 5200ms (fallback to raft.server.rpc.timeout.max)
2023-02-21 13:41:23,973 [Command processor thread] INFO  ratis.XceiverServerRatis (XceiverServerRatis.java:addGroup(807)) - Created group PipelineID=3645be24-94a3-4e96-85da-b1b7cb2beb3e
2023-02-21 13:41:23,980 [grpc-default-executor-0] INFO  server.RaftServer (RaftServerProxy.java:addNew(96)) - 41686b04-70c8-46c5-a517-6ec9de94494c: addNew group-B1B7CB2BEB3E:[30d23356-b820-4c87-80b9-55beb4a3056d|rpc:10.1.0.81:36595|dataStream:10.1.0.81:40757|priority:1|startupRole:FOLLOWER, 41686b04-70c8-46c5-a517-6ec9de94494c|rpc:10.1.0.81:35261|dataStream:10.1.0.81:37199|priority:0|startupRole:FOLLOWER, 7309d6a4-9c1d-4dc9-b84b-2418a7036ef2|rpc:10.1.0.81:45591|dataStream:10.1.0.81:35815|priority:0|startupRole:FOLLOWER] returns group-B1B7CB2BEB3E:java.util.concurrent.CompletableFuture@96de639[Not completed]
2023-02-21 13:41:23,981 [pool-703-thread-1] INFO  server.RaftServer$Division (RaftServerImpl.java:<init>(195)) - 41686b04-70c8-46c5-a517-6ec9de94494c: new RaftServerImpl for group-B1B7CB2BEB3E:[30d23356-b820-4c87-80b9-55beb4a3056d|rpc:10.1.0.81:36595|dataStream:10.1.0.81:40757|priority:1|startupRole:FOLLOWER, 41686b04-70c8-46c5-a517-6ec9de94494c|rpc:10.1.0.81:35261|dataStream:10.1.0.81:37199|priority:0|startupRole:FOLLOWER, 7309d6a4-9c1d-4dc9-b84b-2418a7036ef2|rpc:10.1.0.81:45591|dataStream:10.1.0.81:35815|priority:0|startupRole:FOLLOWER] with ContainerStateMachine:uninitialized
2023-02-21 13:41:23,981 [pool-703-thread-1] INFO  server.RaftServerConfigKeys (ConfUtils.java:logGet(46)) - raft.server.rpc.timeout.min = 5s (custom)
2023-02-21 13:41:23,981 [pool-703-thread-1] INFO  server.RaftServerConfigKeys (ConfUtils.java:logGet(46)) - raft.server.rpc.timeout.max = 5200ms (custom)
2023-02-21 13:41:23,981 [pool-703-thread-1] INFO  server.RaftServerConfigKeys (ConfUtils.java:logGet(46)) - raft.server.rpc.sleep.time = 25ms (default)
2023-02-21 13:41:23,981 [pool-703-thread-1] INFO  server.RaftServerConfigKeys (ConfUtils.java:logGet(46)) - raft.server.rpc.slowness.timeout = 300s (custom)
2023-02-21 13:41:23,981 [pool-703-thread-1] INFO  server.RaftServerConfigKeys (ConfUtils.java:logGet(46)) - raft.server.leaderelection.leader.step-down.wait-time = 10s (default)
2023-02-21 13:41:23,981 [pool-703-thread-1] INFO  server.RaftServerConfigKeys (ConfUtils.java:logGet(46)) - raft.server.sleep.deviation.threshold = 300ms (default)
2023-02-21 13:41:23,981 [pool-703-thread-1] INFO  server.RaftServer$Division (ServerState.java:<init>(118)) - 41686b04-70c8-46c5-a517-6ec9de94494c@group-B1B7CB2BEB3E: ConfigurationManager, init=-1: peers:[30d23356-b820-4c87-80b9-55beb4a3056d|rpc:10.1.0.81:36595|dataStream:10.1.0.81:40757|priority:1|startupRole:FOLLOWER, 41686b04-70c8-46c5-a517-6ec9de94494c|rpc:10.1.0.81:35261|dataStream:10.1.0.81:37199|priority:0|startupRole:FOLLOWER, 7309d6a4-9c1d-4dc9-b84b-2418a7036ef2|rpc:10.1.0.81:45591|dataStream:10.1.0.81:35815|priority:0|startupRole:FOLLOWER]|listeners:[], old=null, confs=<EMPTY_MAP>
2023-02-21 13:41:23,981 [pool-703-thread-1] INFO  server.RaftServerConfigKeys (ConfUtils.java:logGet(46)) - raft.server.storage.dir = [/home/runner/work/ozone/ozone/hadoop-ozone/integration-test/target/test-dir/MiniOzoneClusterImpl-5c741f75-a5c3-4524-84b8-0544f40d398a/datanode-1/data/ratis] (custom)
2023-02-21 13:41:23,981 [pool-703-thread-1] INFO  server.RaftServerConfigKeys (ConfUtils.java:logGet(46)) - raft.server.log.corruption.policy = EXCEPTION (default)
2023-02-21 13:41:23,981 [pool-703-thread-1] INFO  server.RaftServerConfigKeys (ConfUtils.java:logGet(46)) - raft.server.storage.free-space.min = 0MB (=0) (default)
2023-02-21 13:41:23,981 [pool-703-thread-1] INFO  server.RaftServerConfigKeys (ConfUtils.java:logGet(46)) - raft.server.notification.no-leader.timeout = 300s (custom)
2023-02-21 13:41:23,981 [pool-703-thread-1] INFO  server.RaftServerConfigKeys (ConfUtils.java:logGet(46)) - raft.server.retrycache.expirytime = 600000ms (custom)
2023-02-21 13:41:23,981 [pool-703-thread-1] INFO  server.RaftServerConfigKeys (ConfUtils.java:logGet(46)) - raft.server.retrycache.statistics.expirytime = 100μs (default)
2023-02-21 13:41:23,982 [pool-703-thread-1] INFO  server.RaftServerConfigKeys (ConfUtils.java:logGet(46)) - raft.server.log.appender.install.snapshot.enabled = false (custom)
2023-02-21 13:41:23,982 [pool-703-thread-1] INFO  server.RaftServerConfigKeys (ConfUtils.java:logGet(46)) - raft.server.threadpool.server.cached = true (default)
2023-02-21 13:41:23,982 [pool-703-thread-1] INFO  server.RaftServerConfigKeys (ConfUtils.java:logGet(46)) - raft.server.threadpool.server.size = 0 (default)
2023-02-21 13:41:23,982 [pool-703-thread-1] INFO  server.RaftServerConfigKeys (ConfUtils.java:logGet(46)) - raft.server.threadpool.client.cached = true (default)
2023-02-21 13:41:23,982 [pool-703-thread-1] INFO  server.RaftServerConfigKeys (ConfUtils.java:logGet(46)) - raft.server.threadpool.client.size = 0 (default)
2023-02-21 13:41:23,982 [pool-703-thread-1] INFO  storage.RaftStorageDirectory (RaftStorageDirectoryImpl.java:analyzeStorage(137)) - The storage directory /home/runner/work/ozone/ozone/hadoop-ozone/integration-test/target/test-dir/MiniOzoneClusterImpl-5c741f75-a5c3-4524-84b8-0544f40d398a/datanode-1/data/ratis/3645be24-94a3-4e96-85da-b1b7cb2beb3e does not exist. Creating ...
2023-02-21 13:41:23,984 [pool-703-thread-1] INFO  storage.RaftStorageDirectory (RaftStorageDirectoryImpl.java:tryLock(231)) - Lock on /home/runner/work/ozone/ozone/hadoop-ozone/integration-test/target/test-dir/MiniOzoneClusterImpl-5c741f75-a5c3-4524-84b8-0544f40d398a/datanode-1/data/ratis/3645be24-94a3-4e96-85da-b1b7cb2beb3e/in_use.lock acquired by nodename 15258@fv-az318-260
2023-02-21 13:41:23,985 [pool-703-thread-1] INFO  storage.RaftStorage (RaftStorageImpl.java:format(96)) - Storage directory /home/runner/work/ozone/ozone/hadoop-ozone/integration-test/target/test-dir/MiniOzoneClusterImpl-5c741f75-a5c3-4524-84b8-0544f40d398a/datanode-1/data/ratis/3645be24-94a3-4e96-85da-b1b7cb2beb3e has been successfully formatted.
2023-02-21 13:41:23,986 [pool-703-thread-1] INFO  ratis.ContainerStateMachine (ContainerStateMachine.java:loadSnapshot(240)) - group-B1B7CB2BEB3E: The snapshot info is null. Setting the last applied indexto:(t:0, i:~)
2023-02-21 13:41:23,986 [pool-703-thread-1] INFO  server.RaftServerConfigKeys (ConfUtils.java:logGet(46)) - raft.server.log.use.memory = false (default)
2023-02-21 13:41:23,986 [pool-703-thread-1] INFO  server.RaftServerConfigKeys (ConfUtils.java:logGet(46)) - raft.server.log.purge.gap = 1000000 (custom)
2023-02-21 13:41:23,986 [pool-703-thread-1] INFO  server.RaftServerConfigKeys (ConfUtils.java:logGet(46)) - raft.server.log.appender.buffer.byte-limit = 33554432 (custom)
2023-02-21 13:41:23,986 [pool-703-thread-1] INFO  server.RaftServerConfigKeys (ConfUtils.java:logGet(46)) - raft.server.log.statemachine.data.read.timeout = 1000ms (default)
2023-02-21 13:41:23,986 [pool-703-thread-1] INFO  server.RaftServerConfigKeys (ConfUtils.java:logGet(46)) - raft.server.log.purge.preservation.log.num = 0 (default)
2023-02-21 13:41:23,986 [pool-703-thread-1] INFO  server.RaftServerConfigKeys (ConfUtils.java:logGet(46)) - raft.server.log.segment.size.max = 1048576 (custom)
2023-02-21 13:41:23,986 [pool-703-thread-1] INFO  server.RaftServerConfigKeys (ConfUtils.java:logGet(46)) - raft.server.log.segment.cache.num.max = 2 (custom)
2023-02-21 13:41:23,986 [pool-703-thread-1] INFO  server.RaftServerConfigKeys (ConfUtils.java:logGet(46)) - raft.server.log.segment.cache.size.max = 200MB (=209715200) (default)
2023-02-21 13:41:23,986 [pool-703-thread-1] INFO  segmented.SegmentedRaftLogWorker (SegmentedRaftLogWorker.java:<init>(189)) - new 41686b04-70c8-46c5-a517-6ec9de94494c@group-B1B7CB2BEB3E-SegmentedRaftLogWorker for RaftStorageImpl:Storage Directory /home/runner/work/ozone/ozone/hadoop-ozone/integration-test/target/test-dir/MiniOzoneClusterImpl-5c741f75-a5c3-4524-84b8-0544f40d398a/datanode-1/data/ratis/3645be24-94a3-4e96-85da-b1b7cb2beb3e
2023-02-21 13:41:23,987 [pool-703-thread-1] INFO  server.RaftServerConfigKeys (ConfUtils.java:logGet(46)) - raft.server.log.queue.byte-limit = 4294967296 (custom)
2023-02-21 13:41:23,987 [pool-703-thread-1] INFO  server.RaftServerConfigKeys (ConfUtils.java:logGet(46)) - raft.server.log.queue.element-limit = 1024 (custom)
2023-02-21 13:41:23,987 [pool-703-thread-1] INFO  server.RaftServerConfigKeys (ConfUtils.java:logGet(46)) - raft.server.log.segment.size.max = 1048576 (custom)
2023-02-21 13:41:23,987 [pool-703-thread-1] INFO  server.RaftServerConfigKeys (ConfUtils.java:logGet(46)) - raft.server.log.preallocated.size = 16384 (custom)
2023-02-21 13:41:23,987 [pool-703-thread-1] INFO  server.RaftServerConfigKeys (ConfUtils.java:logGet(46)) - raft.server.log.force.sync.num = 128 (default)
2023-02-21 13:41:23,987 [pool-703-thread-1] INFO  server.RaftServerConfigKeys (ConfUtils.java:logGet(46)) - raft.server.log.statemachine.data.sync = true (default)
2023-02-21 13:41:23,987 [pool-703-thread-1] INFO  server.RaftServerConfigKeys (ConfUtils.java:logGet(46)) - raft.server.log.statemachine.data.sync.timeout = 10s (default)
2023-02-21 13:41:23,987 [pool-703-thread-1] INFO  server.RaftServerConfigKeys (ConfUtils.java:logGet(46)) - raft.server.log.statemachine.data.sync.timeout.retry = -1 (default)
2023-02-21 13:41:23,987 [pool-703-thread-1] INFO  server.RaftServerConfigKeys (ConfUtils.java:logGet(46)) - raft.server.log.write.buffer.size = 1048576 (custom)
2023-02-21 13:41:23,987 [pool-703-thread-1] INFO  server.RaftServerConfigKeys (ConfUtils.java:logGet(46)) - raft.server.log.appender.buffer.byte-limit = 33554432 (custom)
2023-02-21 13:41:23,993 [pool-703-thread-1] INFO  server.RaftServerConfigKeys (ConfUtils.java:logGet(46)) - raft.server.log.unsafe-flush.enabled = false (default)
2023-02-21 13:41:23,994 [pool-703-thread-1] INFO  server.RaftServerConfigKeys (ConfUtils.java:logGet(46)) - raft.server.log.async-flush.enabled = false (default)
2023-02-21 13:41:23,994 [pool-703-thread-1] INFO  server.RaftServerConfigKeys (ConfUtils.java:logGet(46)) - raft.server.log.statemachine.data.caching.enabled = true (custom)
2023-02-21 13:41:23,994 [pool-703-thread-1] INFO  segmented.SegmentedRaftLogWorker (SegmentedRaftLogWorker.java:lambda$new$0(135)) - 41686b04-70c8-46c5-a517-6ec9de94494c@group-B1B7CB2BEB3E-SegmentedRaftLogWorker: flushIndex: setUnconditionally 0 -> -1
2023-02-21 13:41:23,994 [pool-703-thread-1] INFO  segmented.SegmentedRaftLogWorker (SegmentedRaftLogWorker.java:lambda$new$0(135)) - 41686b04-70c8-46c5-a517-6ec9de94494c@group-B1B7CB2BEB3E-SegmentedRaftLogWorker: safeCacheEvictIndex: setUnconditionally 0 -> -1
2023-02-21 13:41:23,994 [pool-703-thread-1] INFO  server.RaftServer$Division (RaftServerImpl.java:start(334)) - 41686b04-70c8-46c5-a517-6ec9de94494c@group-B1B7CB2BEB3E: start as a follower, conf=-1: peers:[30d23356-b820-4c87-80b9-55beb4a3056d|rpc:10.1.0.81:36595|dataStream:10.1.0.81:40757|priority:1|startupRole:FOLLOWER, 41686b04-70c8-46c5-a517-6ec9de94494c|rpc:10.1.0.81:35261|dataStream:10.1.0.81:37199|priority:0|startupRole:FOLLOWER, 7309d6a4-9c1d-4dc9-b84b-2418a7036ef2|rpc:10.1.0.81:45591|dataStream:10.1.0.81:35815|priority:0|startupRole:FOLLOWER]|listeners:[], old=null
2023-02-21 13:41:23,994 [pool-703-thread-1] INFO  server.RaftServer$Division (RaftServerImpl.java:setRole(321)) - 41686b04-70c8-46c5-a517-6ec9de94494c@group-B1B7CB2BEB3E: changes role from      null to FOLLOWER at term 0 for startAsFollower
2023-02-21 13:41:23,995 [pool-703-thread-1] INFO  impl.RoleInfo (RoleInfo.java:updateAndGet(139)) - 41686b04-70c8-46c5-a517-6ec9de94494c: start 41686b04-70c8-46c5-a517-6ec9de94494c@group-B1B7CB2BEB3E-FollowerState
2023-02-21 13:41:23,998 [pool-703-thread-1] INFO  util.JmxRegister (JmxRegister.java:tryRegister(44)) - Successfully registered JMX Bean with object name Ratis:service=RaftServer,group=group-B1B7CB2BEB3E,id=41686b04-70c8-46c5-a517-6ec9de94494c
2023-02-21 13:41:23,998 [pool-703-thread-1] INFO  server.RaftServerConfigKeys (ConfUtils.java:logGet(46)) - raft.server.snapshot.auto.trigger.enabled = true (custom)
2023-02-21 13:41:23,998 [pool-703-thread-1] INFO  server.RaftServerConfigKeys (ConfUtils.java:logGet(46)) - raft.server.snapshot.auto.trigger.threshold = 10000 (custom)
2023-02-21 13:41:23,998 [pool-703-thread-1] INFO  server.RaftServerConfigKeys (ConfUtils.java:logGet(46)) - raft.server.snapshot.retention.file.num = 5 (custom)
2023-02-21 13:41:23,999 [pool-703-thread-1] INFO  server.RaftServerConfigKeys (ConfUtils.java:logGet(46)) - raft.server.log.purge.upto.snapshot.index = false (default)
2023-02-21 13:41:23,999 [41686b04-70c8-46c5-a517-6ec9de94494c@group-B1B7CB2BEB3E-FollowerState] INFO  server.RaftServerConfigKeys (ConfUtils.java:logFallback(53)) - raft.server.rpc.first-election.timeout.min = 5s (fallback to raft.server.rpc.timeout.min)
2023-02-21 13:41:24,000 [41686b04-70c8-46c5-a517-6ec9de94494c@group-B1B7CB2BEB3E-FollowerState] INFO  server.RaftServerConfigKeys (ConfUtils.java:logFallback(53)) - raft.server.rpc.first-election.timeout.max = 5200ms (fallback to raft.server.rpc.timeout.max)
2023-02-21 13:41:24,012 [grpc-default-executor-0] INFO  server.RaftServer (RaftServerProxy.java:addNew(96)) - 7309d6a4-9c1d-4dc9-b84b-2418a7036ef2: addNew group-B1B7CB2BEB3E:[30d23356-b820-4c87-80b9-55beb4a3056d|rpc:10.1.0.81:36595|dataStream:10.1.0.81:40757|priority:1|startupRole:FOLLOWER, 41686b04-70c8-46c5-a517-6ec9de94494c|rpc:10.1.0.81:35261|dataStream:10.1.0.81:37199|priority:0|startupRole:FOLLOWER, 7309d6a4-9c1d-4dc9-b84b-2418a7036ef2|rpc:10.1.0.81:45591|dataStream:10.1.0.81:35815|priority:0|startupRole:FOLLOWER] returns group-B1B7CB2BEB3E:java.util.concurrent.CompletableFuture@1d40cbe6[Not completed]
2023-02-21 13:41:24,012 [pool-725-thread-1] INFO  server.RaftServer$Division (RaftServerImpl.java:<init>(195)) - 7309d6a4-9c1d-4dc9-b84b-2418a7036ef2: new RaftServerImpl for group-B1B7CB2BEB3E:[30d23356-b820-4c87-80b9-55beb4a3056d|rpc:10.1.0.81:36595|dataStream:10.1.0.81:40757|priority:1|startupRole:FOLLOWER, 41686b04-70c8-46c5-a517-6ec9de94494c|rpc:10.1.0.81:35261|dataStream:10.1.0.81:37199|priority:0|startupRole:FOLLOWER, 7309d6a4-9c1d-4dc9-b84b-2418a7036ef2|rpc:10.1.0.81:45591|dataStream:10.1.0.81:35815|priority:0|startupRole:FOLLOWER] with ContainerStateMachine:uninitialized
2023-02-21 13:41:24,012 [pool-725-thread-1] INFO  server.RaftServerConfigKeys (ConfUtils.java:logGet(46)) - raft.server.rpc.timeout.min = 5s (custom)
2023-02-21 13:41:24,013 [pool-725-thread-1] INFO  server.RaftServerConfigKeys (ConfUtils.java:logGet(46)) - raft.server.rpc.timeout.max = 5200ms (custom)
2023-02-21 13:41:24,013 [pool-725-thread-1] INFO  server.RaftServerConfigKeys (ConfUtils.java:logGet(46)) - raft.server.rpc.sleep.time = 25ms (default)
2023-02-21 13:41:24,013 [pool-725-thread-1] INFO  server.RaftServerConfigKeys (ConfUtils.java:logGet(46)) - raft.server.rpc.slowness.timeout = 300s (custom)
2023-02-21 13:41:24,013 [pool-725-thread-1] INFO  server.RaftServerConfigKeys (ConfUtils.java:logGet(46)) - raft.server.leaderelection.leader.step-down.wait-time = 10s (default)
2023-02-21 13:41:24,013 [pool-725-thread-1] INFO  server.RaftServerConfigKeys (ConfUtils.java:logGet(46)) - raft.server.sleep.deviation.threshold = 300ms (default)
2023-02-21 13:41:24,013 [pool-725-thread-1] INFO  server.RaftServer$Division (ServerState.java:<init>(118)) - 7309d6a4-9c1d-4dc9-b84b-2418a7036ef2@group-B1B7CB2BEB3E: ConfigurationManager, init=-1: peers:[30d23356-b820-4c87-80b9-55beb4a3056d|rpc:10.1.0.81:36595|dataStream:10.1.0.81:40757|priority:1|startupRole:FOLLOWER, 41686b04-70c8-46c5-a517-6ec9de94494c|rpc:10.1.0.81:35261|dataStream:10.1.0.81:37199|priority:0|startupRole:FOLLOWER, 7309d6a4-9c1d-4dc9-b84b-2418a7036ef2|rpc:10.1.0.81:45591|dataStream:10.1.0.81:35815|priority:0|startupRole:FOLLOWER]|listeners:[], old=null, confs=<EMPTY_MAP>
2023-02-21 13:41:24,013 [pool-725-thread-1] INFO  server.RaftServerConfigKeys (ConfUtils.java:logGet(46)) - raft.server.storage.dir = [/home/runner/work/ozone/ozone/hadoop-ozone/integration-test/target/test-dir/MiniOzoneClusterImpl-5c741f75-a5c3-4524-84b8-0544f40d398a/datanode-2/data/ratis] (custom)
2023-02-21 13:41:24,013 [pool-725-thread-1] INFO  server.RaftServerConfigKeys (ConfUtils.java:logGet(46)) - raft.server.log.corruption.policy = EXCEPTION (default)
2023-02-21 13:41:24,013 [pool-725-thread-1] INFO  server.RaftServerConfigKeys (ConfUtils.java:logGet(46)) - raft.server.storage.free-space.min = 0MB (=0) (default)
2023-02-21 13:41:24,013 [pool-725-thread-1] INFO  server.RaftServerConfigKeys (ConfUtils.java:logGet(46)) - raft.server.notification.no-leader.timeout = 300s (custom)
2023-02-21 13:41:24,013 [pool-725-thread-1] INFO  server.RaftServerConfigKeys (ConfUtils.java:logGet(46)) - raft.server.retrycache.expirytime = 600000ms (custom)
2023-02-21 13:41:24,013 [pool-725-thread-1] INFO  server.RaftServerConfigKeys (ConfUtils.java:logGet(46)) - raft.server.retrycache.statistics.expirytime = 100μs (default)
2023-02-21 13:41:24,014 [pool-725-thread-1] INFO  server.RaftServerConfigKeys (ConfUtils.java:logGet(46)) - raft.server.log.appender.install.snapshot.enabled = false (custom)
2023-02-21 13:41:24,014 [pool-725-thread-1] INFO  server.RaftServerConfigKeys (ConfUtils.java:logGet(46)) - raft.server.threadpool.server.cached = true (default)
2023-02-21 13:41:24,014 [pool-725-thread-1] INFO  server.RaftServerConfigKeys (ConfUtils.java:logGet(46)) - raft.server.threadpool.server.size = 0 (default)
2023-02-21 13:41:24,014 [pool-725-thread-1] INFO  server.RaftServerConfigKeys (ConfUtils.java:logGet(46)) - raft.server.threadpool.client.cached = true (default)
2023-02-21 13:41:24,014 [pool-725-thread-1] INFO  server.RaftServerConfigKeys (ConfUtils.java:logGet(46)) - raft.server.threadpool.client.size = 0 (default)
2023-02-21 13:41:24,014 [pool-725-thread-1] INFO  storage.RaftStorageDirectory (RaftStorageDirectoryImpl.java:analyzeStorage(137)) - The storage directory /home/runner/work/ozone/ozone/hadoop-ozone/integration-test/target/test-dir/MiniOzoneClusterImpl-5c741f75-a5c3-4524-84b8-0544f40d398a/datanode-2/data/ratis/3645be24-94a3-4e96-85da-b1b7cb2beb3e does not exist. Creating ...
2023-02-21 13:41:24,016 [pool-725-thread-1] INFO  storage.RaftStorageDirectory (RaftStorageDirectoryImpl.java:tryLock(231)) - Lock on /home/runner/work/ozone/ozone/hadoop-ozone/integration-test/target/test-dir/MiniOzoneClusterImpl-5c741f75-a5c3-4524-84b8-0544f40d398a/datanode-2/data/ratis/3645be24-94a3-4e96-85da-b1b7cb2beb3e/in_use.lock acquired by nodename 15258@fv-az318-260
2023-02-21 13:41:24,017 [pool-725-thread-1] INFO  storage.RaftStorage (RaftStorageImpl.java:format(96)) - Storage directory /home/runner/work/ozone/ozone/hadoop-ozone/integration-test/target/test-dir/MiniOzoneClusterImpl-5c741f75-a5c3-4524-84b8-0544f40d398a/datanode-2/data/ratis/3645be24-94a3-4e96-85da-b1b7cb2beb3e has been successfully formatted.
2023-02-21 13:41:24,018 [pool-725-thread-1] INFO  ratis.ContainerStateMachine (ContainerStateMachine.java:loadSnapshot(240)) - group-B1B7CB2BEB3E: The snapshot info is null. Setting the last applied indexto:(t:0, i:~)
2023-02-21 13:41:24,018 [pool-725-thread-1] INFO  server.RaftServerConfigKeys (ConfUtils.java:logGet(46)) - raft.server.log.use.memory = false (default)
2023-02-21 13:41:24,018 [pool-725-thread-1] INFO  server.RaftServerConfigKeys (ConfUtils.java:logGet(46)) - raft.server.log.purge.gap = 1000000 (custom)
2023-02-21 13:41:24,018 [pool-725-thread-1] INFO  server.RaftServerConfigKeys (ConfUtils.java:logGet(46)) - raft.server.log.appender.buffer.byte-limit = 33554432 (custom)
2023-02-21 13:41:24,018 [pool-725-thread-1] INFO  server.RaftServerConfigKeys (ConfUtils.java:logGet(46)) - raft.server.log.statemachine.data.read.timeout = 1000ms (default)
2023-02-21 13:41:24,018 [pool-725-thread-1] INFO  server.RaftServerConfigKeys (ConfUtils.java:logGet(46)) - raft.server.log.purge.preservation.log.num = 0 (default)
2023-02-21 13:41:24,018 [pool-725-thread-1] INFO  server.RaftServerConfigKeys (ConfUtils.java:logGet(46)) - raft.server.log.segment.size.max = 1048576 (custom)
2023-02-21 13:41:24,019 [pool-725-thread-1] INFO  server.RaftServerConfigKeys (ConfUtils.java:logGet(46)) - raft.server.log.segment.cache.num.max = 2 (custom)
2023-02-21 13:41:24,019 [pool-725-thread-1] INFO  server.RaftServerConfigKeys (ConfUtils.java:logGet(46)) - raft.server.log.segment.cache.size.max = 200MB (=209715200) (default)
2023-02-21 13:41:24,019 [pool-725-thread-1] INFO  segmented.SegmentedRaftLogWorker (SegmentedRaftLogWorker.java:<init>(189)) - new 7309d6a4-9c1d-4dc9-b84b-2418a7036ef2@group-B1B7CB2BEB3E-SegmentedRaftLogWorker for RaftStorageImpl:Storage Directory /home/runner/work/ozone/ozone/hadoop-ozone/integration-test/target/test-dir/MiniOzoneClusterImpl-5c741f75-a5c3-4524-84b8-0544f40d398a/datanode-2/data/ratis/3645be24-94a3-4e96-85da-b1b7cb2beb3e
2023-02-21 13:41:24,019 [pool-725-thread-1] INFO  server.RaftServerConfigKeys (ConfUtils.java:logGet(46)) - raft.server.log.queue.byte-limit = 4294967296 (custom)
2023-02-21 13:41:24,019 [pool-725-thread-1] INFO  server.RaftServerConfigKeys (ConfUtils.java:logGet(46)) - raft.server.log.queue.element-limit = 1024 (custom)
2023-02-21 13:41:24,019 [pool-725-thread-1] INFO  server.RaftServerConfigKeys (ConfUtils.java:logGet(46)) - raft.server.log.segment.size.max = 1048576 (custom)
2023-02-21 13:41:24,019 [pool-725-thread-1] INFO  server.RaftServerConfigKeys (ConfUtils.java:logGet(46)) - raft.server.log.preallocated.size = 16384 (custom)
2023-02-21 13:41:24,019 [pool-725-thread-1] INFO  server.RaftServerConfigKeys (ConfUtils.java:logGet(46)) - raft.server.log.force.sync.num = 128 (default)
2023-02-21 13:41:24,020 [pool-725-thread-1] INFO  server.RaftServerConfigKeys (ConfUtils.java:logGet(46)) - raft.server.log.statemachine.data.sync = true (default)
2023-02-21 13:41:24,020 [pool-725-thread-1] INFO  server.RaftServerConfigKeys (ConfUtils.java:logGet(46)) - raft.server.log.statemachine.data.sync.timeout = 10s (default)
2023-02-21 13:41:24,020 [pool-725-thread-1] INFO  server.RaftServerConfigKeys (ConfUtils.java:logGet(46)) - raft.server.log.statemachine.data.sync.timeout.retry = -1 (default)
2023-02-21 13:41:24,020 [pool-725-thread-1] INFO  server.RaftServerConfigKeys (ConfUtils.java:logGet(46)) - raft.server.log.write.buffer.size = 1048576 (custom)
2023-02-21 13:41:24,020 [pool-725-thread-1] INFO  server.RaftServerConfigKeys (ConfUtils.java:logGet(46)) - raft.server.log.appender.buffer.byte-limit = 33554432 (custom)
2023-02-21 13:41:24,026 [pool-725-thread-1] INFO  server.RaftServerConfigKeys (ConfUtils.java:logGet(46)) - raft.server.log.unsafe-flush.enabled = false (default)
2023-02-21 13:41:24,026 [pool-725-thread-1] INFO  server.RaftServerConfigKeys (ConfUtils.java:logGet(46)) - raft.server.log.async-flush.enabled = false (default)
2023-02-21 13:41:24,026 [pool-725-thread-1] INFO  server.RaftServerConfigKeys (ConfUtils.java:logGet(46)) - raft.server.log.statemachine.data.caching.enabled = true (custom)
2023-02-21 13:41:24,026 [pool-725-thread-1] INFO  segmented.SegmentedRaftLogWorker (SegmentedRaftLogWorker.java:lambda$new$0(135)) - 7309d6a4-9c1d-4dc9-b84b-2418a7036ef2@group-B1B7CB2BEB3E-SegmentedRaftLogWorker: flushIndex: setUnconditionally 0 -> -1
2023-02-21 13:41:24,026 [pool-725-thread-1] INFO  segmented.SegmentedRaftLogWorker (SegmentedRaftLogWorker.java:lambda$new$0(135)) - 7309d6a4-9c1d-4dc9-b84b-2418a7036ef2@group-B1B7CB2BEB3E-SegmentedRaftLogWorker: safeCacheEvictIndex: setUnconditionally 0 -> -1
2023-02-21 13:41:24,027 [pool-725-thread-1] INFO  server.RaftServer$Division (RaftServerImpl.java:start(334)) - 7309d6a4-9c1d-4dc9-b84b-2418a7036ef2@group-B1B7CB2BEB3E: start as a follower, conf=-1: peers:[30d23356-b820-4c87-80b9-55beb4a3056d|rpc:10.1.0.81:36595|dataStream:10.1.0.81:40757|priority:1|startupRole:FOLLOWER, 41686b04-70c8-46c5-a517-6ec9de94494c|rpc:10.1.0.81:35261|dataStream:10.1.0.81:37199|priority:0|startupRole:FOLLOWER, 7309d6a4-9c1d-4dc9-b84b-2418a7036ef2|rpc:10.1.0.81:45591|dataStream:10.1.0.81:35815|priority:0|startupRole:FOLLOWER]|listeners:[], old=null
2023-02-21 13:41:24,027 [pool-725-thread-1] INFO  server.RaftServer$Division (RaftServerImpl.java:setRole(321)) - 7309d6a4-9c1d-4dc9-b84b-2418a7036ef2@group-B1B7CB2BEB3E: changes role from      null to FOLLOWER at term 0 for startAsFollower
2023-02-21 13:41:24,027 [pool-725-thread-1] INFO  impl.RoleInfo (RoleInfo.java:updateAndGet(139)) - 7309d6a4-9c1d-4dc9-b84b-2418a7036ef2: start 7309d6a4-9c1d-4dc9-b84b-2418a7036ef2@group-B1B7CB2BEB3E-FollowerState
2023-02-21 13:41:24,030 [pool-725-thread-1] INFO  util.JmxRegister (JmxRegister.java:tryRegister(44)) - Successfully registered JMX Bean with object name Ratis:service=RaftServer,group=group-B1B7CB2BEB3E,id=7309d6a4-9c1d-4dc9-b84b-2418a7036ef2
2023-02-21 13:41:24,030 [7309d6a4-9c1d-4dc9-b84b-2418a7036ef2@group-B1B7CB2BEB3E-FollowerState] INFO  server.RaftServerConfigKeys (ConfUtils.java:logFallback(53)) - raft.server.rpc.first-election.timeout.min = 5s (fallback to raft.server.rpc.timeout.min)
2023-02-21 13:41:24,030 [pool-725-thread-1] INFO  server.RaftServerConfigKeys (ConfUtils.java:logGet(46)) - raft.server.snapshot.auto.trigger.enabled = true (custom)
2023-02-21 13:41:24,030 [7309d6a4-9c1d-4dc9-b84b-2418a7036ef2@group-B1B7CB2BEB3E-FollowerState] INFO  server.RaftServerConfigKeys (ConfUtils.java:logFallback(53)) - raft.server.rpc.first-election.timeout.max = 5200ms (fallback to raft.server.rpc.timeout.max)
2023-02-21 13:41:24,030 [pool-725-thread-1] INFO  server.RaftServerConfigKeys (ConfUtils.java:logGet(46)) - raft.server.snapshot.auto.trigger.threshold = 10000 (custom)
2023-02-21 13:41:24,030 [pool-725-thread-1] INFO  server.RaftServerConfigKeys (ConfUtils.java:logGet(46)) - raft.server.snapshot.retention.file.num = 5 (custom)
2023-02-21 13:41:24,030 [pool-725-thread-1] INFO  server.RaftServerConfigKeys (ConfUtils.java:logGet(46)) - raft.server.log.purge.upto.snapshot.index = false (default)
2023-02-21 13:41:24,035 [Command processor thread] INFO  commandhandler.CreatePipelineCommandHandler (CreatePipelineCommandHandler.java:handle(113)) - Created Pipeline RATIS THREE PipelineID=3645be24-94a3-4e96-85da-b1b7cb2beb3e.
2023-02-21 13:41:24,136 [Command processor thread] INFO  server.RaftServer (RaftServerProxy.java:addNew(96)) - 41686b04-70c8-46c5-a517-6ec9de94494c: addNew group-0EAC601720E9:[41686b04-70c8-46c5-a517-6ec9de94494c|rpc:10.1.0.81:35261|dataStream:10.1.0.81:37199|priority:1|startupRole:FOLLOWER] returns group-0EAC601720E9:java.util.concurrent.CompletableFuture@1a484eb7[Not completed]
2023-02-21 13:41:24,137 [pool-703-thread-1] INFO  server.RaftServer$Division (RaftServerImpl.java:<init>(195)) - 41686b04-70c8-46c5-a517-6ec9de94494c: new RaftServerImpl for group-0EAC601720E9:[41686b04-70c8-46c5-a517-6ec9de94494c|rpc:10.1.0.81:35261|dataStream:10.1.0.81:37199|priority:1|startupRole:FOLLOWER] with ContainerStateMachine:uninitialized
2023-02-21 13:41:24,137 [pool-703-thread-1] INFO  server.RaftServerConfigKeys (ConfUtils.java:logGet(46)) - raft.server.rpc.timeout.min = 5s (custom)
2023-02-21 13:41:24,137 [pool-703-thread-1] INFO  server.RaftServerConfigKeys (ConfUtils.java:logGet(46)) - raft.server.rpc.timeout.max = 5200ms (custom)
2023-02-21 13:41:24,137 [pool-703-thread-1] INFO  server.RaftServerConfigKeys (ConfUtils.java:logGet(46)) - raft.server.rpc.sleep.time = 25ms (default)
2023-02-21 13:41:24,137 [pool-703-thread-1] INFO  server.RaftServerConfigKeys (ConfUtils.java:logGet(46)) - raft.server.rpc.slowness.timeout = 300s (custom)
2023-02-21 13:41:24,137 [pool-703-thread-1] INFO  server.RaftServerConfigKeys (ConfUtils.java:logGet(46)) - raft.server.leaderelection.leader.step-down.wait-time = 10s (default)
2023-02-21 13:41:24,137 [pool-703-thread-1] INFO  server.RaftServerConfigKeys (ConfUtils.java:logGet(46)) - raft.server.sleep.deviation.threshold = 300ms (default)
2023-02-21 13:41:24,137 [pool-703-thread-1] INFO  server.RaftServer$Division (ServerState.java:<init>(118)) - 41686b04-70c8-46c5-a517-6ec9de94494c@group-0EAC601720E9: ConfigurationManager, init=-1: peers:[41686b04-70c8-46c5-a517-6ec9de94494c|rpc:10.1.0.81:35261|dataStream:10.1.0.81:37199|priority:1|startupRole:FOLLOWER]|listeners:[], old=null, confs=<EMPTY_MAP>
2023-02-21 13:41:24,137 [pool-703-thread-1] INFO  server.RaftServerConfigKeys (ConfUtils.java:logGet(46)) - raft.server.storage.dir = [/home/runner/work/ozone/ozone/hadoop-ozone/integration-test/target/test-dir/MiniOzoneClusterImpl-5c741f75-a5c3-4524-84b8-0544f40d398a/datanode-1/data/ratis] (custom)
2023-02-21 13:41:24,137 [pool-703-thread-1] INFO  server.RaftServerConfigKeys (ConfUtils.java:logGet(46)) - raft.server.log.corruption.policy = EXCEPTION (default)
2023-02-21 13:41:24,137 [pool-703-thread-1] INFO  server.RaftServerConfigKeys (ConfUtils.java:logGet(46)) - raft.server.storage.free-space.min = 0MB (=0) (default)
2023-02-21 13:41:24,138 [pool-703-thread-1] INFO  server.RaftServerConfigKeys (ConfUtils.java:logGet(46)) - raft.server.notification.no-leader.timeout = 300s (custom)
2023-02-21 13:41:24,138 [pool-703-thread-1] INFO  server.RaftServerConfigKeys (ConfUtils.java:logGet(46)) - raft.server.retrycache.expirytime = 600000ms (custom)
2023-02-21 13:41:24,138 [pool-703-thread-1] INFO  server.RaftServerConfigKeys (ConfUtils.java:logGet(46)) - raft.server.retrycache.statistics.expirytime = 100μs (default)
2023-02-21 13:41:24,138 [pool-703-thread-1] INFO  server.RaftServerConfigKeys (ConfUtils.java:logGet(46)) - raft.server.log.appender.install.snapshot.enabled = false (custom)
2023-02-21 13:41:24,139 [pool-703-thread-1] INFO  server.RaftServerConfigKeys (ConfUtils.java:logGet(46)) - raft.server.threadpool.server.cached = true (default)
2023-02-21 13:41:24,139 [pool-703-thread-1] INFO  server.RaftServerConfigKeys (ConfUtils.java:logGet(46)) - raft.server.threadpool.server.size = 0 (default)
2023-02-21 13:41:24,139 [pool-703-thread-1] INFO  server.RaftServerConfigKeys (ConfUtils.java:logGet(46)) - raft.server.threadpool.client.cached = true (default)
2023-02-21 13:41:24,139 [pool-703-thread-1] INFO  server.RaftServerConfigKeys (ConfUtils.java:logGet(46)) - raft.server.threadpool.client.size = 0 (default)
2023-02-21 13:41:24,139 [pool-703-thread-1] INFO  storage.RaftStorageDirectory (RaftStorageDirectoryImpl.java:analyzeStorage(137)) - The storage directory /home/runner/work/ozone/ozone/hadoop-ozone/integration-test/target/test-dir/MiniOzoneClusterImpl-5c741f75-a5c3-4524-84b8-0544f40d398a/datanode-1/data/ratis/f0d1a979-51db-4344-9452-0eac601720e9 does not exist. Creating ...
2023-02-21 13:41:24,140 [pool-703-thread-1] INFO  storage.RaftStorageDirectory (RaftStorageDirectoryImpl.java:tryLock(231)) - Lock on /home/runner/work/ozone/ozone/hadoop-ozone/integration-test/target/test-dir/MiniOzoneClusterImpl-5c741f75-a5c3-4524-84b8-0544f40d398a/datanode-1/data/ratis/f0d1a979-51db-4344-9452-0eac601720e9/in_use.lock acquired by nodename 15258@fv-az318-260
2023-02-21 13:41:24,141 [pool-703-thread-1] INFO  storage.RaftStorage (RaftStorageImpl.java:format(96)) - Storage directory /home/runner/work/ozone/ozone/hadoop-ozone/integration-test/target/test-dir/MiniOzoneClusterImpl-5c741f75-a5c3-4524-84b8-0544f40d398a/datanode-1/data/ratis/f0d1a979-51db-4344-9452-0eac601720e9 has been successfully formatted.
2023-02-21 13:41:24,142 [pool-703-thread-1] INFO  ratis.ContainerStateMachine (ContainerStateMachine.java:loadSnapshot(240)) - group-0EAC601720E9: The snapshot info is null. Setting the last applied indexto:(t:0, i:~)
2023-02-21 13:41:24,142 [pool-703-thread-1] INFO  server.RaftServerConfigKeys (ConfUtils.java:logGet(46)) - raft.server.log.use.memory = false (default)
2023-02-21 13:41:24,142 [pool-703-thread-1] INFO  server.RaftServerConfigKeys (ConfUtils.java:logGet(46)) - raft.server.log.purge.gap = 1000000 (custom)
2023-02-21 13:41:24,142 [pool-703-thread-1] INFO  server.RaftServerConfigKeys (ConfUtils.java:logGet(46)) - raft.server.log.appender.buffer.byte-limit = 33554432 (custom)
2023-02-21 13:41:24,142 [pool-703-thread-1] INFO  server.RaftServerConfigKeys (ConfUtils.java:logGet(46)) - raft.server.log.statemachine.data.read.timeout = 1000ms (default)
2023-02-21 13:41:24,143 [EventQueue-PipelineReportForPipelineReportHandler] INFO  pipeline.PipelineManagerImpl (PipelineManagerImpl.java:openPipeline(367)) - Pipeline Pipeline[ Id: f0d1a979-51db-4344-9452-0eac601720e9, Nodes: 41686b04-70c8-46c5-a517-6ec9de94494c(fv-az318-260.ewvrrcgabbbubjc05i3n4a3pph.dx.internal.cloudapp.net/10.1.0.81), ReplicationConfig: RATIS/ONE, State:ALLOCATED, leaderId:41686b04-70c8-46c5-a517-6ec9de94494c, CreationTimestamp2023-02-21T13:41:21.139Z[Etc/UTC]] moved to OPEN state
2023-02-21 13:41:24,143 [pool-703-thread-1] INFO  server.RaftServerConfigKeys (ConfUtils.java:logGet(46)) - raft.server.log.purge.preservation.log.num = 0 (default)
2023-02-21 13:41:24,143 [pool-703-thread-1] INFO  server.RaftServerConfigKeys (ConfUtils.java:logGet(46)) - raft.server.log.segment.size.max = 1048576 (custom)
2023-02-21 13:41:24,143 [EventQueue-OpenPipelineForHealthyPipelineSafeModeRule] INFO  safemode.SCMSafeModeManager (HealthyPipelineSafeModeRule.java:process(137)) - SCM in safe mode. Healthy pipelines reported count is 0, required healthy pipeline reported count is 1
2023-02-21 13:41:24,143 [pool-703-thread-1] INFO  server.RaftServerConfigKeys (ConfUtils.java:logGet(46)) - raft.server.log.segment.cache.num.max = 2 (custom)
2023-02-21 13:41:24,144 [pool-703-thread-1] INFO  server.RaftServerConfigKeys (ConfUtils.java:logGet(46)) - raft.server.log.segment.cache.size.max = 200MB (=209715200) (default)
2023-02-21 13:41:24,144 [pool-703-thread-1] INFO  segmented.SegmentedRaftLogWorker (SegmentedRaftLogWorker.java:<init>(189)) - new 41686b04-70c8-46c5-a517-6ec9de94494c@group-0EAC601720E9-SegmentedRaftLogWorker for RaftStorageImpl:Storage Directory /home/runner/work/ozone/ozone/hadoop-ozone/integration-test/target/test-dir/MiniOzoneClusterImpl-5c741f75-a5c3-4524-84b8-0544f40d398a/datanode-1/data/ratis/f0d1a979-51db-4344-9452-0eac601720e9
2023-02-21 13:41:24,144 [pool-703-thread-1] INFO  server.RaftServerConfigKeys (ConfUtils.java:logGet(46)) - raft.server.log.queue.byte-limit = 4294967296 (custom)
2023-02-21 13:41:24,144 [pool-703-thread-1] INFO  server.RaftServerConfigKeys (ConfUtils.java:logGet(46)) - raft.server.log.queue.element-limit = 1024 (custom)
2023-02-21 13:41:24,144 [pool-703-thread-1] INFO  server.RaftServerConfigKeys (ConfUtils.java:logGet(46)) - raft.server.log.segment.size.max = 1048576 (custom)
2023-02-21 13:41:24,144 [pool-703-thread-1] INFO  server.RaftServerConfigKeys (ConfUtils.java:logGet(46)) - raft.server.log.preallocated.size = 16384 (custom)
2023-02-21 13:41:24,144 [pool-703-thread-1] INFO  server.RaftServerConfigKeys (ConfUtils.java:logGet(46)) - raft.server.log.force.sync.num = 128 (default)
2023-02-21 13:41:24,144 [pool-703-thread-1] INFO  server.RaftServerConfigKeys (ConfUtils.java:logGet(46)) - raft.server.log.statemachine.data.sync = true (default)
2023-02-21 13:41:24,144 [pool-703-thread-1] INFO  server.RaftServerConfigKeys (ConfUtils.java:logGet(46)) - raft.server.log.statemachine.data.sync.timeout = 10s (default)
2023-02-21 13:41:24,144 [pool-703-thread-1] INFO  server.RaftServerConfigKeys (ConfUtils.java:logGet(46)) - raft.server.log.statemachine.data.sync.timeout.retry = -1 (default)
2023-02-21 13:41:24,145 [pool-703-thread-1] INFO  server.RaftServerConfigKeys (ConfUtils.java:logGet(46)) - raft.server.log.write.buffer.size = 1048576 (custom)
2023-02-21 13:41:24,145 [pool-703-thread-1] INFO  server.RaftServerConfigKeys (ConfUtils.java:logGet(46)) - raft.server.log.appender.buffer.byte-limit = 33554432 (custom)
2023-02-21 13:41:24,150 [pool-703-thread-1] INFO  server.RaftServerConfigKeys (ConfUtils.java:logGet(46)) - raft.server.log.unsafe-flush.enabled = false (default)
2023-02-21 13:41:24,150 [pool-703-thread-1] INFO  server.RaftServerConfigKeys (ConfUtils.java:logGet(46)) - raft.server.log.async-flush.enabled = false (default)
2023-02-21 13:41:24,151 [pool-703-thread-1] INFO  server.RaftServerConfigKeys (ConfUtils.java:logGet(46)) - raft.server.log.statemachine.data.caching.enabled = true (custom)
2023-02-21 13:41:24,151 [pool-703-thread-1] INFO  segmented.SegmentedRaftLogWorker (SegmentedRaftLogWorker.java:lambda$new$0(135)) - 41686b04-70c8-46c5-a517-6ec9de94494c@group-0EAC601720E9-SegmentedRaftLogWorker: flushIndex: setUnconditionally 0 -> -1
2023-02-21 13:41:24,152 [pool-703-thread-1] INFO  segmented.SegmentedRaftLogWorker (SegmentedRaftLogWorker.java:lambda$new$0(135)) - 41686b04-70c8-46c5-a517-6ec9de94494c@group-0EAC601720E9-SegmentedRaftLogWorker: safeCacheEvictIndex: setUnconditionally 0 -> -1
2023-02-21 13:41:24,152 [pool-703-thread-1] INFO  server.RaftServer$Division (RaftServerImpl.java:start(334)) - 41686b04-70c8-46c5-a517-6ec9de94494c@group-0EAC601720E9: start as a follower, conf=-1: peers:[41686b04-70c8-46c5-a517-6ec9de94494c|rpc:10.1.0.81:35261|dataStream:10.1.0.81:37199|priority:1|startupRole:FOLLOWER]|listeners:[], old=null
2023-02-21 13:41:24,152 [pool-703-thread-1] INFO  server.RaftServer$Division (RaftServerImpl.java:setRole(321)) - 41686b04-70c8-46c5-a517-6ec9de94494c@group-0EAC601720E9: changes role from      null to FOLLOWER at term 0 for startAsFollower
2023-02-21 13:41:24,152 [pool-703-thread-1] INFO  impl.RoleInfo (RoleInfo.java:updateAndGet(139)) - 41686b04-70c8-46c5-a517-6ec9de94494c: start 41686b04-70c8-46c5-a517-6ec9de94494c@group-0EAC601720E9-FollowerState
2023-02-21 13:41:24,153 [41686b04-70c8-46c5-a517-6ec9de94494c@group-0EAC601720E9-FollowerState] INFO  server.RaftServerConfigKeys (ConfUtils.java:logFallback(53)) - raft.server.rpc.first-election.timeout.min = 5s (fallback to raft.server.rpc.timeout.min)
2023-02-21 13:41:24,156 [pool-703-thread-1] INFO  util.JmxRegister (JmxRegister.java:tryRegister(44)) - Successfully registered JMX Bean with object name Ratis:service=RaftServer,group=group-0EAC601720E9,id=41686b04-70c8-46c5-a517-6ec9de94494c
2023-02-21 13:41:24,157 [pool-703-thread-1] INFO  server.RaftServerConfigKeys (ConfUtils.java:logGet(46)) - raft.server.snapshot.auto.trigger.enabled = true (custom)
2023-02-21 13:41:24,157 [pool-703-thread-1] INFO  server.RaftServerConfigKeys (ConfUtils.java:logGet(46)) - raft.server.snapshot.auto.trigger.threshold = 10000 (custom)
2023-02-21 13:41:24,157 [pool-703-thread-1] INFO  server.RaftServerConfigKeys (ConfUtils.java:logGet(46)) - raft.server.snapshot.retention.file.num = 5 (custom)
2023-02-21 13:41:24,157 [pool-703-thread-1] INFO  server.RaftServerConfigKeys (ConfUtils.java:logGet(46)) - raft.server.log.purge.upto.snapshot.index = false (default)
2023-02-21 13:41:24,158 [41686b04-70c8-46c5-a517-6ec9de94494c@group-0EAC601720E9-FollowerState] INFO  server.RaftServerConfigKeys (ConfUtils.java:logFallback(53)) - raft.server.rpc.first-election.timeout.max = 5200ms (fallback to raft.server.rpc.timeout.max)
2023-02-21 13:41:24,158 [Command processor thread] INFO  ratis.XceiverServerRatis (XceiverServerRatis.java:addGroup(807)) - Created group PipelineID=f0d1a979-51db-4344-9452-0eac601720e9
2023-02-21 13:41:24,158 [Command processor thread] INFO  commandhandler.CreatePipelineCommandHandler (CreatePipelineCommandHandler.java:handle(113)) - Created Pipeline RATIS ONE PipelineID=f0d1a979-51db-4344-9452-0eac601720e9.
2023-02-21 13:41:24,256 [Listener at 127.0.0.1/40765] INFO  ozone.MiniOzoneClusterImpl (MiniOzoneClusterImpl.java:lambda$waitForClusterToBeReady$0(218)) - Nodes are ready. Got 5 of 5 DN Heartbeats.
2023-02-21 13:41:24,257 [Listener at 127.0.0.1/40765] INFO  ozone.MiniOzoneClusterImpl (MiniOzoneClusterImpl.java:lambda$waitForClusterToBeReady$0(221)) - Waiting for cluster to exit safe mode
2023-02-21 13:41:24,257 [Listener at 127.0.0.1/40765] INFO  ozone.MiniOzoneClusterImpl (MiniOzoneClusterImpl.java:lambda$waitForClusterToBeReady$0(223)) - SCM became leader
2023-02-21 13:41:24,521 [Command processor thread] INFO  server.RaftServer (RaftServerProxy.java:addNew(96)) - 7309d6a4-9c1d-4dc9-b84b-2418a7036ef2: addNew group-90B29A9C773F:[7309d6a4-9c1d-4dc9-b84b-2418a7036ef2|rpc:10.1.0.81:45591|dataStream:10.1.0.81:35815|priority:1|startupRole:FOLLOWER] returns group-90B29A9C773F:java.util.concurrent.CompletableFuture@583c0737[Not completed]
2023-02-21 13:41:24,522 [pool-725-thread-1] INFO  server.RaftServer$Division (RaftServerImpl.java:<init>(195)) - 7309d6a4-9c1d-4dc9-b84b-2418a7036ef2: new RaftServerImpl for group-90B29A9C773F:[7309d6a4-9c1d-4dc9-b84b-2418a7036ef2|rpc:10.1.0.81:45591|dataStream:10.1.0.81:35815|priority:1|startupRole:FOLLOWER] with ContainerStateMachine:uninitialized
2023-02-21 13:41:24,522 [pool-725-thread-1] INFO  server.RaftServerConfigKeys (ConfUtils.java:logGet(46)) - raft.server.rpc.timeout.min = 5s (custom)
2023-02-21 13:41:24,522 [pool-725-thread-1] INFO  server.RaftServerConfigKeys (ConfUtils.java:logGet(46)) - raft.server.rpc.timeout.max = 5200ms (custom)
2023-02-21 13:41:24,522 [pool-725-thread-1] INFO  server.RaftServerConfigKeys (ConfUtils.java:logGet(46)) - raft.server.rpc.sleep.time = 25ms (default)
2023-02-21 13:41:24,522 [pool-725-thread-1] INFO  server.RaftServerConfigKeys (ConfUtils.java:logGet(46)) - raft.server.rpc.slowness.timeout = 300s (custom)
2023-02-21 13:41:24,522 [pool-725-thread-1] INFO  server.RaftServerConfigKeys (ConfUtils.java:logGet(46)) - raft.server.leaderelection.leader.step-down.wait-time = 10s (default)
2023-02-21 13:41:24,523 [pool-725-thread-1] INFO  server.RaftServerConfigKeys (ConfUtils.java:logGet(46)) - raft.server.sleep.deviation.threshold = 300ms (default)
2023-02-21 13:41:24,523 [pool-725-thread-1] INFO  server.RaftServer$Division (ServerState.java:<init>(118)) - 7309d6a4-9c1d-4dc9-b84b-2418a7036ef2@group-90B29A9C773F: ConfigurationManager, init=-1: peers:[7309d6a4-9c1d-4dc9-b84b-2418a7036ef2|rpc:10.1.0.81:45591|dataStream:10.1.0.81:35815|priority:1|startupRole:FOLLOWER]|listeners:[], old=null, confs=<EMPTY_MAP>
2023-02-21 13:41:24,523 [pool-725-thread-1] INFO  server.RaftServerConfigKeys (ConfUtils.java:logGet(46)) - raft.server.storage.dir = [/home/runner/work/ozone/ozone/hadoop-ozone/integration-test/target/test-dir/MiniOzoneClusterImpl-5c741f75-a5c3-4524-84b8-0544f40d398a/datanode-2/data/ratis] (custom)
2023-02-21 13:41:24,523 [pool-725-thread-1] INFO  server.RaftServerConfigKeys (ConfUtils.java:logGet(46)) - raft.server.log.corruption.policy = EXCEPTION (default)
2023-02-21 13:41:24,523 [pool-725-thread-1] INFO  server.RaftServerConfigKeys (ConfUtils.java:logGet(46)) - raft.server.storage.free-space.min = 0MB (=0) (default)
2023-02-21 13:41:24,523 [pool-725-thread-1] INFO  server.RaftServerConfigKeys (ConfUtils.java:logGet(46)) - raft.server.notification.no-leader.timeout = 300s (custom)
2023-02-21 13:41:24,523 [pool-725-thread-1] INFO  server.RaftServerConfigKeys (ConfUtils.java:logGet(46)) - raft.server.retrycache.expirytime = 600000ms (custom)
2023-02-21 13:41:24,523 [pool-725-thread-1] INFO  server.RaftServerConfigKeys (ConfUtils.java:logGet(46)) - raft.server.retrycache.statistics.expirytime = 100μs (default)
2023-02-21 13:41:24,524 [pool-725-thread-1] INFO  server.RaftServerConfigKeys (ConfUtils.java:logGet(46)) - raft.server.log.appender.install.snapshot.enabled = false (custom)
2023-02-21 13:41:24,524 [pool-725-thread-1] INFO  server.RaftServerConfigKeys (ConfUtils.java:logGet(46)) - raft.server.threadpool.server.cached = true (default)
2023-02-21 13:41:24,524 [pool-725-thread-1] INFO  server.RaftServerConfigKeys (ConfUtils.java:logGet(46)) - raft.server.threadpool.server.size = 0 (default)
2023-02-21 13:41:24,524 [pool-725-thread-1] INFO  server.RaftServerConfigKeys (ConfUtils.java:logGet(46)) - raft.server.threadpool.client.cached = true (default)
2023-02-21 13:41:24,524 [pool-725-thread-1] INFO  server.RaftServerConfigKeys (ConfUtils.java:logGet(46)) - raft.server.threadpool.client.size = 0 (default)
2023-02-21 13:41:24,524 [pool-725-thread-1] INFO  storage.RaftStorageDirectory (RaftStorageDirectoryImpl.java:analyzeStorage(137)) - The storage directory /home/runner/work/ozone/ozone/hadoop-ozone/integration-test/target/test-dir/MiniOzoneClusterImpl-5c741f75-a5c3-4524-84b8-0544f40d398a/datanode-2/data/ratis/fd8eaad9-508b-4542-93da-90b29a9c773f does not exist. Creating ...
2023-02-21 13:41:24,526 [pool-725-thread-1] INFO  storage.RaftStorageDirectory (RaftStorageDirectoryImpl.java:tryLock(231)) - Lock on /home/runner/work/ozone/ozone/hadoop-ozone/integration-test/target/test-dir/MiniOzoneClusterImpl-5c741f75-a5c3-4524-84b8-0544f40d398a/datanode-2/data/ratis/fd8eaad9-508b-4542-93da-90b29a9c773f/in_use.lock acquired by nodename 15258@fv-az318-260
2023-02-21 13:41:24,527 [pool-725-thread-1] INFO  storage.RaftStorage (RaftStorageImpl.java:format(96)) - Storage directory /home/runner/work/ozone/ozone/hadoop-ozone/integration-test/target/test-dir/MiniOzoneClusterImpl-5c741f75-a5c3-4524-84b8-0544f40d398a/datanode-2/data/ratis/fd8eaad9-508b-4542-93da-90b29a9c773f has been successfully formatted.
2023-02-21 13:41:24,528 [pool-725-thread-1] INFO  ratis.ContainerStateMachine (ContainerStateMachine.java:loadSnapshot(240)) - group-90B29A9C773F: The snapshot info is null. Setting the last applied indexto:(t:0, i:~)
2023-02-21 13:41:24,528 [pool-725-thread-1] INFO  server.RaftServerConfigKeys (ConfUtils.java:logGet(46)) - raft.server.log.use.memory = false (default)
2023-02-21 13:41:24,528 [pool-725-thread-1] INFO  server.RaftServerConfigKeys (ConfUtils.java:logGet(46)) - raft.server.log.purge.gap = 1000000 (custom)
2023-02-21 13:41:24,528 [pool-725-thread-1] INFO  server.RaftServerConfigKeys (ConfUtils.java:logGet(46)) - raft.server.log.appender.buffer.byte-limit = 33554432 (custom)
2023-02-21 13:41:24,528 [pool-725-thread-1] INFO  server.RaftServerConfigKeys (ConfUtils.java:logGet(46)) - raft.server.log.statemachine.data.read.timeout = 1000ms (default)
2023-02-21 13:41:24,528 [pool-725-thread-1] INFO  server.RaftServerConfigKeys (ConfUtils.java:logGet(46)) - raft.server.log.purge.preservation.log.num = 0 (default)
2023-02-21 13:41:24,528 [pool-725-thread-1] INFO  server.RaftServerConfigKeys (ConfUtils.java:logGet(46)) - raft.server.log.segment.size.max = 1048576 (custom)
2023-02-21 13:41:24,529 [pool-725-thread-1] INFO  server.RaftServerConfigKeys (ConfUtils.java:logGet(46)) - raft.server.log.segment.cache.num.max = 2 (custom)
2023-02-21 13:41:24,529 [pool-725-thread-1] INFO  server.RaftServerConfigKeys (ConfUtils.java:logGet(46)) - raft.server.log.segment.cache.size.max = 200MB (=209715200) (default)
2023-02-21 13:41:24,529 [pool-725-thread-1] INFO  segmented.SegmentedRaftLogWorker (SegmentedRaftLogWorker.java:<init>(189)) - new 7309d6a4-9c1d-4dc9-b84b-2418a7036ef2@group-90B29A9C773F-SegmentedRaftLogWorker for RaftStorageImpl:Storage Directory /home/runner/work/ozone/ozone/hadoop-ozone/integration-test/target/test-dir/MiniOzoneClusterImpl-5c741f75-a5c3-4524-84b8-0544f40d398a/datanode-2/data/ratis/fd8eaad9-508b-4542-93da-90b29a9c773f
2023-02-21 13:41:24,529 [pool-725-thread-1] INFO  server.RaftServerConfigKeys (ConfUtils.java:logGet(46)) - raft.server.log.queue.byte-limit = 4294967296 (custom)
2023-02-21 13:41:24,529 [pool-725-thread-1] INFO  server.RaftServerConfigKeys (ConfUtils.java:logGet(46)) - raft.server.log.queue.element-limit = 1024 (custom)
2023-02-21 13:41:24,529 [pool-725-thread-1] INFO  server.RaftServerConfigKeys (ConfUtils.java:logGet(46)) - raft.server.log.segment.size.max = 1048576 (custom)
2023-02-21 13:41:24,529 [pool-725-thread-1] INFO  server.RaftServerConfigKeys (ConfUtils.java:logGet(46)) - raft.server.log.preallocated.size = 16384 (custom)
2023-02-21 13:41:24,529 [pool-725-thread-1] INFO  server.RaftServerConfigKeys (ConfUtils.java:logGet(46)) - raft.server.log.force.sync.num = 128 (default)
2023-02-21 13:41:24,529 [pool-725-thread-1] INFO  server.RaftServerConfigKeys (ConfUtils.java:logGet(46)) - raft.server.log.statemachine.data.sync = true (default)
2023-02-21 13:41:24,529 [pool-725-thread-1] INFO  server.RaftServerConfigKeys (ConfUtils.java:logGet(46)) - raft.server.log.statemachine.data.sync.timeout = 10s (default)
2023-02-21 13:41:24,529 [pool-725-thread-1] INFO  server.RaftServerConfigKeys (ConfUtils.java:logGet(46)) - raft.server.log.statemachine.data.sync.timeout.retry = -1 (default)
2023-02-21 13:41:24,530 [pool-725-thread-1] INFO  server.RaftServerConfigKeys (ConfUtils.java:logGet(46)) - raft.server.log.write.buffer.size = 1048576 (custom)
2023-02-21 13:41:24,530 [pool-725-thread-1] INFO  server.RaftServerConfigKeys (ConfUtils.java:logGet(46)) - raft.server.log.appender.buffer.byte-limit = 33554432 (custom)
2023-02-21 13:41:24,531 [EventQueue-PipelineReportForPipelineReportHandler] INFO  pipeline.PipelineManagerImpl (PipelineManagerImpl.java:openPipeline(367)) - Pipeline Pipeline[ Id: fd8eaad9-508b-4542-93da-90b29a9c773f, Nodes: 7309d6a4-9c1d-4dc9-b84b-2418a7036ef2(fv-az318-260.ewvrrcgabbbubjc05i3n4a3pph.dx.internal.cloudapp.net/10.1.0.81), ReplicationConfig: RATIS/ONE, State:ALLOCATED, leaderId:7309d6a4-9c1d-4dc9-b84b-2418a7036ef2, CreationTimestamp2023-02-21T13:41:21.522Z[Etc/UTC]] moved to OPEN state
2023-02-21 13:41:24,531 [EventQueue-OpenPipelineForHealthyPipelineSafeModeRule] INFO  safemode.SCMSafeModeManager (HealthyPipelineSafeModeRule.java:process(137)) - SCM in safe mode. Healthy pipelines reported count is 0, required healthy pipeline reported count is 1
2023-02-21 13:41:24,536 [pool-725-thread-1] INFO  server.RaftServerConfigKeys (ConfUtils.java:logGet(46)) - raft.server.log.unsafe-flush.enabled = false (default)
2023-02-21 13:41:24,536 [pool-725-thread-1] INFO  server.RaftServerConfigKeys (ConfUtils.java:logGet(46)) - raft.server.log.async-flush.enabled = false (default)
2023-02-21 13:41:24,536 [pool-725-thread-1] INFO  server.RaftServerConfigKeys (ConfUtils.java:logGet(46)) - raft.server.log.statemachine.data.caching.enabled = true (custom)
2023-02-21 13:41:24,536 [pool-725-thread-1] INFO  segmented.SegmentedRaftLogWorker (SegmentedRaftLogWorker.java:lambda$new$0(135)) - 7309d6a4-9c1d-4dc9-b84b-2418a7036ef2@group-90B29A9C773F-SegmentedRaftLogWorker: flushIndex: setUnconditionally 0 -> -1
2023-02-21 13:41:24,537 [pool-725-thread-1] INFO  segmented.SegmentedRaftLogWorker (SegmentedRaftLogWorker.java:lambda$new$0(135)) - 7309d6a4-9c1d-4dc9-b84b-2418a7036ef2@group-90B29A9C773F-SegmentedRaftLogWorker: safeCacheEvictIndex: setUnconditionally 0 -> -1
2023-02-21 13:41:24,537 [pool-725-thread-1] INFO  server.RaftServer$Division (RaftServerImpl.java:start(334)) - 7309d6a4-9c1d-4dc9-b84b-2418a7036ef2@group-90B29A9C773F: start as a follower, conf=-1: peers:[7309d6a4-9c1d-4dc9-b84b-2418a7036ef2|rpc:10.1.0.81:45591|dataStream:10.1.0.81:35815|priority:1|startupRole:FOLLOWER]|listeners:[], old=null
2023-02-21 13:41:24,537 [pool-725-thread-1] INFO  server.RaftServer$Division (RaftServerImpl.java:setRole(321)) - 7309d6a4-9c1d-4dc9-b84b-2418a7036ef2@group-90B29A9C773F: changes role from      null to FOLLOWER at term 0 for startAsFollower
2023-02-21 13:41:24,537 [pool-725-thread-1] INFO  impl.RoleInfo (RoleInfo.java:updateAndGet(139)) - 7309d6a4-9c1d-4dc9-b84b-2418a7036ef2: start 7309d6a4-9c1d-4dc9-b84b-2418a7036ef2@group-90B29A9C773F-FollowerState
2023-02-21 13:41:24,537 [pool-725-thread-1] INFO  util.JmxRegister (JmxRegister.java:tryRegister(44)) - Successfully registered JMX Bean with object name Ratis:service=RaftServer,group=group-90B29A9C773F,id=7309d6a4-9c1d-4dc9-b84b-2418a7036ef2
2023-02-21 13:41:24,537 [7309d6a4-9c1d-4dc9-b84b-2418a7036ef2@group-90B29A9C773F-FollowerState] INFO  server.RaftServerConfigKeys (ConfUtils.java:logFallback(53)) - raft.server.rpc.first-election.timeout.min = 5s (fallback to raft.server.rpc.timeout.min)
2023-02-21 13:41:24,537 [pool-725-thread-1] INFO  server.RaftServerConfigKeys (ConfUtils.java:logGet(46)) - raft.server.snapshot.auto.trigger.enabled = true (custom)
2023-02-21 13:41:24,538 [7309d6a4-9c1d-4dc9-b84b-2418a7036ef2@group-90B29A9C773F-FollowerState] INFO  server.RaftServerConfigKeys (ConfUtils.java:logFallback(53)) - raft.server.rpc.first-election.timeout.max = 5200ms (fallback to raft.server.rpc.timeout.max)
2023-02-21 13:41:24,538 [pool-725-thread-1] INFO  server.RaftServerConfigKeys (ConfUtils.java:logGet(46)) - raft.server.snapshot.auto.trigger.threshold = 10000 (custom)
2023-02-21 13:41:24,538 [pool-725-thread-1] INFO  server.RaftServerConfigKeys (ConfUtils.java:logGet(46)) - raft.server.snapshot.retention.file.num = 5 (custom)
2023-02-21 13:41:24,538 [pool-725-thread-1] INFO  server.RaftServerConfigKeys (ConfUtils.java:logGet(46)) - raft.server.log.purge.upto.snapshot.index = false (default)
2023-02-21 13:41:24,539 [Command processor thread] INFO  ratis.XceiverServerRatis (XceiverServerRatis.java:addGroup(807)) - Created group PipelineID=fd8eaad9-508b-4542-93da-90b29a9c773f
2023-02-21 13:41:24,539 [Command processor thread] INFO  commandhandler.CreatePipelineCommandHandler (CreatePipelineCommandHandler.java:handle(113)) - Created Pipeline RATIS ONE PipelineID=fd8eaad9-508b-4542-93da-90b29a9c773f.
2023-02-21 13:41:24,902 [Command processor thread] INFO  server.RaftServer (RaftServerProxy.java:addNew(96)) - e005f503-ad61-467d-ad83-422b074b570a: addNew group-9BB74ECD77F9:[e005f503-ad61-467d-ad83-422b074b570a|rpc:10.1.0.81:38225|dataStream:10.1.0.81:43405|priority:1|startupRole:FOLLOWER] returns group-9BB74ECD77F9:java.util.concurrent.CompletableFuture@48cdd8da[Not completed]
2023-02-21 13:41:24,903 [pool-747-thread-1] INFO  server.RaftServer$Division (RaftServerImpl.java:<init>(195)) - e005f503-ad61-467d-ad83-422b074b570a: new RaftServerImpl for group-9BB74ECD77F9:[e005f503-ad61-467d-ad83-422b074b570a|rpc:10.1.0.81:38225|dataStream:10.1.0.81:43405|priority:1|startupRole:FOLLOWER] with ContainerStateMachine:uninitialized
2023-02-21 13:41:24,903 [pool-747-thread-1] INFO  server.RaftServerConfigKeys (ConfUtils.java:logGet(46)) - raft.server.rpc.timeout.min = 5s (custom)
2023-02-21 13:41:24,903 [pool-747-thread-1] INFO  server.RaftServerConfigKeys (ConfUtils.java:logGet(46)) - raft.server.rpc.timeout.max = 5200ms (custom)
2023-02-21 13:41:24,903 [pool-747-thread-1] INFO  server.RaftServerConfigKeys (ConfUtils.java:logGet(46)) - raft.server.rpc.sleep.time = 25ms (default)
2023-02-21 13:41:24,903 [pool-747-thread-1] INFO  server.RaftServerConfigKeys (ConfUtils.java:logGet(46)) - raft.server.rpc.slowness.timeout = 300s (custom)
2023-02-21 13:41:24,903 [pool-747-thread-1] INFO  server.RaftServerConfigKeys (ConfUtils.java:logGet(46)) - raft.server.leaderelection.leader.step-down.wait-time = 10s (default)
2023-02-21 13:41:24,903 [pool-747-thread-1] INFO  server.RaftServerConfigKeys (ConfUtils.java:logGet(46)) - raft.server.sleep.deviation.threshold = 300ms (default)
2023-02-21 13:41:24,904 [pool-747-thread-1] INFO  server.RaftServer$Division (ServerState.java:<init>(118)) - e005f503-ad61-467d-ad83-422b074b570a@group-9BB74ECD77F9: ConfigurationManager, init=-1: peers:[e005f503-ad61-467d-ad83-422b074b570a|rpc:10.1.0.81:38225|dataStream:10.1.0.81:43405|priority:1|startupRole:FOLLOWER]|listeners:[], old=null, confs=<EMPTY_MAP>
2023-02-21 13:41:24,904 [pool-747-thread-1] INFO  server.RaftServerConfigKeys (ConfUtils.java:logGet(46)) - raft.server.storage.dir = [/home/runner/work/ozone/ozone/hadoop-ozone/integration-test/target/test-dir/MiniOzoneClusterImpl-5c741f75-a5c3-4524-84b8-0544f40d398a/datanode-3/data/ratis] (custom)
2023-02-21 13:41:24,904 [pool-747-thread-1] INFO  server.RaftServerConfigKeys (ConfUtils.java:logGet(46)) - raft.server.log.corruption.policy = EXCEPTION (default)
2023-02-21 13:41:24,904 [pool-747-thread-1] INFO  server.RaftServerConfigKeys (ConfUtils.java:logGet(46)) - raft.server.storage.free-space.min = 0MB (=0) (default)
2023-02-21 13:41:24,904 [pool-747-thread-1] INFO  server.RaftServerConfigKeys (ConfUtils.java:logGet(46)) - raft.server.notification.no-leader.timeout = 300s (custom)
2023-02-21 13:41:24,904 [pool-747-thread-1] INFO  server.RaftServerConfigKeys (ConfUtils.java:logGet(46)) - raft.server.retrycache.expirytime = 600000ms (custom)
2023-02-21 13:41:24,904 [pool-747-thread-1] INFO  server.RaftServerConfigKeys (ConfUtils.java:logGet(46)) - raft.server.retrycache.statistics.expirytime = 100μs (default)
2023-02-21 13:41:24,905 [pool-747-thread-1] INFO  server.RaftServerConfigKeys (ConfUtils.java:logGet(46)) - raft.server.log.appender.install.snapshot.enabled = false (custom)
2023-02-21 13:41:24,905 [pool-747-thread-1] INFO  server.RaftServerConfigKeys (ConfUtils.java:logGet(46)) - raft.server.threadpool.server.cached = true (default)
2023-02-21 13:41:24,905 [pool-747-thread-1] INFO  server.RaftServerConfigKeys (ConfUtils.java:logGet(46)) - raft.server.threadpool.server.size = 0 (default)
2023-02-21 13:41:24,905 [pool-747-thread-1] INFO  server.RaftServerConfigKeys (ConfUtils.java:logGet(46)) - raft.server.threadpool.client.cached = true (default)
2023-02-21 13:41:24,905 [pool-747-thread-1] INFO  server.RaftServerConfigKeys (ConfUtils.java:logGet(46)) - raft.server.threadpool.client.size = 0 (default)
2023-02-21 13:41:24,905 [pool-747-thread-1] INFO  storage.RaftStorageDirectory (RaftStorageDirectoryImpl.java:analyzeStorage(137)) - The storage directory /home/runner/work/ozone/ozone/hadoop-ozone/integration-test/target/test-dir/MiniOzoneClusterImpl-5c741f75-a5c3-4524-84b8-0544f40d398a/datanode-3/data/ratis/f5d92125-e948-4c13-910c-9bb74ecd77f9 does not exist. Creating ...
2023-02-21 13:41:24,906 [pool-747-thread-1] INFO  storage.RaftStorageDirectory (RaftStorageDirectoryImpl.java:tryLock(231)) - Lock on /home/runner/work/ozone/ozone/hadoop-ozone/integration-test/target/test-dir/MiniOzoneClusterImpl-5c741f75-a5c3-4524-84b8-0544f40d398a/datanode-3/data/ratis/f5d92125-e948-4c13-910c-9bb74ecd77f9/in_use.lock acquired by nodename 15258@fv-az318-260
2023-02-21 13:41:24,908 [pool-747-thread-1] INFO  storage.RaftStorage (RaftStorageImpl.java:format(96)) - Storage directory /home/runner/work/ozone/ozone/hadoop-ozone/integration-test/target/test-dir/MiniOzoneClusterImpl-5c741f75-a5c3-4524-84b8-0544f40d398a/datanode-3/data/ratis/f5d92125-e948-4c13-910c-9bb74ecd77f9 has been successfully formatted.
2023-02-21 13:41:24,909 [pool-747-thread-1] INFO  ratis.ContainerStateMachine (ContainerStateMachine.java:loadSnapshot(240)) - group-9BB74ECD77F9: The snapshot info is null. Setting the last applied indexto:(t:0, i:~)
2023-02-21 13:41:24,909 [pool-747-thread-1] INFO  server.RaftServerConfigKeys (ConfUtils.java:logGet(46)) - raft.server.log.use.memory = false (default)
2023-02-21 13:41:24,909 [pool-747-thread-1] INFO  server.RaftServerConfigKeys (ConfUtils.java:logGet(46)) - raft.server.log.purge.gap = 1000000 (custom)
2023-02-21 13:41:24,909 [pool-747-thread-1] INFO  server.RaftServerConfigKeys (ConfUtils.java:logGet(46)) - raft.server.log.appender.buffer.byte-limit = 33554432 (custom)
2023-02-21 13:41:24,909 [pool-747-thread-1] INFO  server.RaftServerConfigKeys (ConfUtils.java:logGet(46)) - raft.server.log.statemachine.data.read.timeout = 1000ms (default)
2023-02-21 13:41:24,909 [pool-747-thread-1] INFO  server.RaftServerConfigKeys (ConfUtils.java:logGet(46)) - raft.server.log.purge.preservation.log.num = 0 (default)
2023-02-21 13:41:24,909 [EventQueue-PipelineReportForPipelineReportHandler] INFO  pipeline.PipelineManagerImpl (PipelineManagerImpl.java:openPipeline(367)) - Pipeline Pipeline[ Id: f5d92125-e948-4c13-910c-9bb74ecd77f9, Nodes: e005f503-ad61-467d-ad83-422b074b570a(fv-az318-260.ewvrrcgabbbubjc05i3n4a3pph.dx.internal.cloudapp.net/10.1.0.81), ReplicationConfig: RATIS/ONE, State:ALLOCATED, leaderId:e005f503-ad61-467d-ad83-422b074b570a, CreationTimestamp2023-02-21T13:41:21.904Z[Etc/UTC]] moved to OPEN state
2023-02-21 13:41:24,910 [pool-747-thread-1] INFO  server.RaftServerConfigKeys (ConfUtils.java:logGet(46)) - raft.server.log.segment.size.max = 1048576 (custom)
2023-02-21 13:41:24,910 [pool-747-thread-1] INFO  server.RaftServerConfigKeys (ConfUtils.java:logGet(46)) - raft.server.log.segment.cache.num.max = 2 (custom)
2023-02-21 13:41:24,910 [EventQueue-OpenPipelineForHealthyPipelineSafeModeRule] INFO  safemode.SCMSafeModeManager (HealthyPipelineSafeModeRule.java:process(137)) - SCM in safe mode. Healthy pipelines reported count is 0, required healthy pipeline reported count is 1
2023-02-21 13:41:24,910 [pool-747-thread-1] INFO  server.RaftServerConfigKeys (ConfUtils.java:logGet(46)) - raft.server.log.segment.cache.size.max = 200MB (=209715200) (default)
2023-02-21 13:41:24,910 [pool-747-thread-1] INFO  segmented.SegmentedRaftLogWorker (SegmentedRaftLogWorker.java:<init>(189)) - new e005f503-ad61-467d-ad83-422b074b570a@group-9BB74ECD77F9-SegmentedRaftLogWorker for RaftStorageImpl:Storage Directory /home/runner/work/ozone/ozone/hadoop-ozone/integration-test/target/test-dir/MiniOzoneClusterImpl-5c741f75-a5c3-4524-84b8-0544f40d398a/datanode-3/data/ratis/f5d92125-e948-4c13-910c-9bb74ecd77f9
2023-02-21 13:41:24,910 [pool-747-thread-1] INFO  server.RaftServerConfigKeys (ConfUtils.java:logGet(46)) - raft.server.log.queue.byte-limit = 4294967296 (custom)
2023-02-21 13:41:24,910 [pool-747-thread-1] INFO  server.RaftServerConfigKeys (ConfUtils.java:logGet(46)) - raft.server.log.queue.element-limit = 1024 (custom)
2023-02-21 13:41:24,910 [pool-747-thread-1] INFO  server.RaftServerConfigKeys (ConfUtils.java:logGet(46)) - raft.server.log.segment.size.max = 1048576 (custom)
2023-02-21 13:41:24,910 [pool-747-thread-1] INFO  server.RaftServerConfigKeys (ConfUtils.java:logGet(46)) - raft.server.log.preallocated.size = 16384 (custom)
2023-02-21 13:41:24,910 [pool-747-thread-1] INFO  server.RaftServerConfigKeys (ConfUtils.java:logGet(46)) - raft.server.log.force.sync.num = 128 (default)
2023-02-21 13:41:24,910 [pool-747-thread-1] INFO  server.RaftServerConfigKeys (ConfUtils.java:logGet(46)) - raft.server.log.statemachine.data.sync = true (default)
2023-02-21 13:41:24,910 [pool-747-thread-1] INFO  server.RaftServerConfigKeys (ConfUtils.java:logGet(46)) - raft.server.log.statemachine.data.sync.timeout = 10s (default)
2023-02-21 13:41:24,911 [pool-747-thread-1] INFO  server.RaftServerConfigKeys (ConfUtils.java:logGet(46)) - raft.server.log.statemachine.data.sync.timeout.retry = -1 (default)
2023-02-21 13:41:24,911 [pool-747-thread-1] INFO  server.RaftServerConfigKeys (ConfUtils.java:logGet(46)) - raft.server.log.write.buffer.size = 1048576 (custom)
2023-02-21 13:41:24,911 [pool-747-thread-1] INFO  server.RaftServerConfigKeys (ConfUtils.java:logGet(46)) - raft.server.log.appender.buffer.byte-limit = 33554432 (custom)
2023-02-21 13:41:24,916 [pool-747-thread-1] INFO  server.RaftServerConfigKeys (ConfUtils.java:logGet(46)) - raft.server.log.unsafe-flush.enabled = false (default)
2023-02-21 13:41:24,916 [pool-747-thread-1] INFO  server.RaftServerConfigKeys (ConfUtils.java:logGet(46)) - raft.server.log.async-flush.enabled = false (default)
2023-02-21 13:41:24,916 [pool-747-thread-1] INFO  server.RaftServerConfigKeys (ConfUtils.java:logGet(46)) - raft.server.log.statemachine.data.caching.enabled = true (custom)
2023-02-21 13:41:24,917 [pool-747-thread-1] INFO  segmented.SegmentedRaftLogWorker (SegmentedRaftLogWorker.java:lambda$new$0(135)) - e005f503-ad61-467d-ad83-422b074b570a@group-9BB74ECD77F9-SegmentedRaftLogWorker: flushIndex: setUnconditionally 0 -> -1
2023-02-21 13:41:24,917 [pool-747-thread-1] INFO  segmented.SegmentedRaftLogWorker (SegmentedRaftLogWorker.java:lambda$new$0(135)) - e005f503-ad61-467d-ad83-422b074b570a@group-9BB74ECD77F9-SegmentedRaftLogWorker: safeCacheEvictIndex: setUnconditionally 0 -> -1
2023-02-21 13:41:24,917 [pool-747-thread-1] INFO  server.RaftServer$Division (RaftServerImpl.java:start(334)) - e005f503-ad61-467d-ad83-422b074b570a@group-9BB74ECD77F9: start as a follower, conf=-1: peers:[e005f503-ad61-467d-ad83-422b074b570a|rpc:10.1.0.81:38225|dataStream:10.1.0.81:43405|priority:1|startupRole:FOLLOWER]|listeners:[], old=null
2023-02-21 13:41:24,917 [pool-747-thread-1] INFO  server.RaftServer$Division (RaftServerImpl.java:setRole(321)) - e005f503-ad61-467d-ad83-422b074b570a@group-9BB74ECD77F9: changes role from      null to FOLLOWER at term 0 for startAsFollower
2023-02-21 13:41:24,917 [pool-747-thread-1] INFO  impl.RoleInfo (RoleInfo.java:updateAndGet(139)) - e005f503-ad61-467d-ad83-422b074b570a: start e005f503-ad61-467d-ad83-422b074b570a@group-9BB74ECD77F9-FollowerState
2023-02-21 13:41:24,917 [pool-747-thread-1] INFO  util.JmxRegister (JmxRegister.java:tryRegister(44)) - Successfully registered JMX Bean with object name Ratis:service=RaftServer,group=group-9BB74ECD77F9,id=e005f503-ad61-467d-ad83-422b074b570a
2023-02-21 13:41:24,917 [pool-747-thread-1] INFO  server.RaftServerConfigKeys (ConfUtils.java:logGet(46)) - raft.server.snapshot.auto.trigger.enabled = true (custom)
2023-02-21 13:41:24,918 [pool-747-thread-1] INFO  server.RaftServerConfigKeys (ConfUtils.java:logGet(46)) - raft.server.snapshot.auto.trigger.threshold = 10000 (custom)
2023-02-21 13:41:24,918 [pool-747-thread-1] INFO  server.RaftServerConfigKeys (ConfUtils.java:logGet(46)) - raft.server.snapshot.retention.file.num = 5 (custom)
2023-02-21 13:41:24,918 [pool-747-thread-1] INFO  server.RaftServerConfigKeys (ConfUtils.java:logGet(46)) - raft.server.log.purge.upto.snapshot.index = false (default)
2023-02-21 13:41:24,918 [e005f503-ad61-467d-ad83-422b074b570a@group-9BB74ECD77F9-FollowerState] INFO  server.RaftServerConfigKeys (ConfUtils.java:logFallback(53)) - raft.server.rpc.first-election.timeout.min = 5s (fallback to raft.server.rpc.timeout.min)
2023-02-21 13:41:24,918 [e005f503-ad61-467d-ad83-422b074b570a@group-9BB74ECD77F9-FollowerState] INFO  server.RaftServerConfigKeys (ConfUtils.java:logFallback(53)) - raft.server.rpc.first-election.timeout.max = 5200ms (fallback to raft.server.rpc.timeout.max)
2023-02-21 13:41:24,920 [Command processor thread] INFO  ratis.XceiverServerRatis (XceiverServerRatis.java:addGroup(807)) - Created group PipelineID=f5d92125-e948-4c13-910c-9bb74ecd77f9
2023-02-21 13:41:24,920 [Command processor thread] INFO  commandhandler.CreatePipelineCommandHandler (CreatePipelineCommandHandler.java:handle(113)) - Created Pipeline RATIS ONE PipelineID=f5d92125-e948-4c13-910c-9bb74ecd77f9.
2023-02-21 13:41:25,257 [Listener at 127.0.0.1/40765] INFO  ozone.MiniOzoneClusterImpl (MiniOzoneClusterImpl.java:lambda$waitForClusterToBeReady$0(218)) - Nodes are ready. Got 5 of 5 DN Heartbeats.
2023-02-21 13:41:25,257 [Listener at 127.0.0.1/40765] INFO  ozone.MiniOzoneClusterImpl (MiniOzoneClusterImpl.java:lambda$waitForClusterToBeReady$0(221)) - Waiting for cluster to exit safe mode
2023-02-21 13:41:25,257 [Listener at 127.0.0.1/40765] INFO  ozone.MiniOzoneClusterImpl (MiniOzoneClusterImpl.java:lambda$waitForClusterToBeReady$0(223)) - SCM became leader
2023-02-21 13:41:25,261 [Command processor thread] INFO  server.RaftServer (RaftServerProxy.java:addNew(96)) - 01e18597-a4ca-46a9-ac7d-09d343b6c1b0: addNew group-8D4742C1672B:[01e18597-a4ca-46a9-ac7d-09d343b6c1b0|rpc:10.1.0.81:38655|dataStream:10.1.0.81:41863|priority:1|startupRole:FOLLOWER] returns group-8D4742C1672B:java.util.concurrent.CompletableFuture@7fae5273[Not completed]
2023-02-21 13:41:25,262 [pool-769-thread-1] INFO  server.RaftServer$Division (RaftServerImpl.java:<init>(195)) - 01e18597-a4ca-46a9-ac7d-09d343b6c1b0: new RaftServerImpl for group-8D4742C1672B:[01e18597-a4ca-46a9-ac7d-09d343b6c1b0|rpc:10.1.0.81:38655|dataStream:10.1.0.81:41863|priority:1|startupRole:FOLLOWER] with ContainerStateMachine:uninitialized
2023-02-21 13:41:25,262 [pool-769-thread-1] INFO  server.RaftServerConfigKeys (ConfUtils.java:logGet(46)) - raft.server.rpc.timeout.min = 5s (custom)
2023-02-21 13:41:25,262 [pool-769-thread-1] INFO  server.RaftServerConfigKeys (ConfUtils.java:logGet(46)) - raft.server.rpc.timeout.max = 5200ms (custom)
2023-02-21 13:41:25,262 [pool-769-thread-1] INFO  server.RaftServerConfigKeys (ConfUtils.java:logGet(46)) - raft.server.rpc.sleep.time = 25ms (default)
2023-02-21 13:41:25,262 [pool-769-thread-1] INFO  server.RaftServerConfigKeys (ConfUtils.java:logGet(46)) - raft.server.rpc.slowness.timeout = 300s (custom)
2023-02-21 13:41:25,262 [pool-769-thread-1] INFO  server.RaftServerConfigKeys (ConfUtils.java:logGet(46)) - raft.server.leaderelection.leader.step-down.wait-time = 10s (default)
2023-02-21 13:41:25,262 [pool-769-thread-1] INFO  server.RaftServerConfigKeys (ConfUtils.java:logGet(46)) - raft.server.sleep.deviation.threshold = 300ms (default)
2023-02-21 13:41:25,262 [pool-769-thread-1] INFO  server.RaftServer$Division (ServerState.java:<init>(118)) - 01e18597-a4ca-46a9-ac7d-09d343b6c1b0@group-8D4742C1672B: ConfigurationManager, init=-1: peers:[01e18597-a4ca-46a9-ac7d-09d343b6c1b0|rpc:10.1.0.81:38655|dataStream:10.1.0.81:41863|priority:1|startupRole:FOLLOWER]|listeners:[], old=null, confs=<EMPTY_MAP>
2023-02-21 13:41:25,263 [pool-769-thread-1] INFO  server.RaftServerConfigKeys (ConfUtils.java:logGet(46)) - raft.server.storage.dir = [/home/runner/work/ozone/ozone/hadoop-ozone/integration-test/target/test-dir/MiniOzoneClusterImpl-5c741f75-a5c3-4524-84b8-0544f40d398a/datanode-4/data/ratis] (custom)
2023-02-21 13:41:25,263 [pool-769-thread-1] INFO  server.RaftServerConfigKeys (ConfUtils.java:logGet(46)) - raft.server.log.corruption.policy = EXCEPTION (default)
2023-02-21 13:41:25,263 [pool-769-thread-1] INFO  server.RaftServerConfigKeys (ConfUtils.java:logGet(46)) - raft.server.storage.free-space.min = 0MB (=0) (default)
2023-02-21 13:41:25,263 [pool-769-thread-1] INFO  server.RaftServerConfigKeys (ConfUtils.java:logGet(46)) - raft.server.notification.no-leader.timeout = 300s (custom)
2023-02-21 13:41:25,263 [pool-769-thread-1] INFO  server.RaftServerConfigKeys (ConfUtils.java:logGet(46)) - raft.server.retrycache.expirytime = 600000ms (custom)
2023-02-21 13:41:25,263 [pool-769-thread-1] INFO  server.RaftServerConfigKeys (ConfUtils.java:logGet(46)) - raft.server.retrycache.statistics.expirytime = 100μs (default)
2023-02-21 13:41:25,264 [pool-769-thread-1] INFO  server.RaftServerConfigKeys (ConfUtils.java:logGet(46)) - raft.server.log.appender.install.snapshot.enabled = false (custom)
2023-02-21 13:41:25,264 [pool-769-thread-1] INFO  server.RaftServerConfigKeys (ConfUtils.java:logGet(46)) - raft.server.threadpool.server.cached = true (default)
2023-02-21 13:41:25,264 [pool-769-thread-1] INFO  server.RaftServerConfigKeys (ConfUtils.java:logGet(46)) - raft.server.threadpool.server.size = 0 (default)
2023-02-21 13:41:25,264 [pool-769-thread-1] INFO  server.RaftServerConfigKeys (ConfUtils.java:logGet(46)) - raft.server.threadpool.client.cached = true (default)
2023-02-21 13:41:25,264 [pool-769-thread-1] INFO  server.RaftServerConfigKeys (ConfUtils.java:logGet(46)) - raft.server.threadpool.client.size = 0 (default)
2023-02-21 13:41:25,264 [pool-769-thread-1] INFO  storage.RaftStorageDirectory (RaftStorageDirectoryImpl.java:analyzeStorage(137)) - The storage directory /home/runner/work/ozone/ozone/hadoop-ozone/integration-test/target/test-dir/MiniOzoneClusterImpl-5c741f75-a5c3-4524-84b8-0544f40d398a/datanode-4/data/ratis/fcb87b21-de06-4bf1-a244-8d4742c1672b does not exist. Creating ...
2023-02-21 13:41:25,265 [pool-769-thread-1] INFO  storage.RaftStorageDirectory (RaftStorageDirectoryImpl.java:tryLock(231)) - Lock on /home/runner/work/ozone/ozone/hadoop-ozone/integration-test/target/test-dir/MiniOzoneClusterImpl-5c741f75-a5c3-4524-84b8-0544f40d398a/datanode-4/data/ratis/fcb87b21-de06-4bf1-a244-8d4742c1672b/in_use.lock acquired by nodename 15258@fv-az318-260
2023-02-21 13:41:25,267 [pool-769-thread-1] INFO  storage.RaftStorage (RaftStorageImpl.java:format(96)) - Storage directory /home/runner/work/ozone/ozone/hadoop-ozone/integration-test/target/test-dir/MiniOzoneClusterImpl-5c741f75-a5c3-4524-84b8-0544f40d398a/datanode-4/data/ratis/fcb87b21-de06-4bf1-a244-8d4742c1672b has been successfully formatted.
2023-02-21 13:41:25,270 [pool-769-thread-1] INFO  ratis.ContainerStateMachine (ContainerStateMachine.java:loadSnapshot(240)) - group-8D4742C1672B: The snapshot info is null. Setting the last applied indexto:(t:0, i:~)
2023-02-21 13:41:25,270 [pool-769-thread-1] INFO  server.RaftServerConfigKeys (ConfUtils.java:logGet(46)) - raft.server.log.use.memory = false (default)
2023-02-21 13:41:25,271 [pool-769-thread-1] INFO  server.RaftServerConfigKeys (ConfUtils.java:logGet(46)) - raft.server.log.purge.gap = 1000000 (custom)
2023-02-21 13:41:25,271 [pool-769-thread-1] INFO  server.RaftServerConfigKeys (ConfUtils.java:logGet(46)) - raft.server.log.appender.buffer.byte-limit = 33554432 (custom)
2023-02-21 13:41:25,271 [EventQueue-PipelineReportForPipelineReportHandler] INFO  pipeline.PipelineManagerImpl (PipelineManagerImpl.java:openPipeline(367)) - Pipeline Pipeline[ Id: fcb87b21-de06-4bf1-a244-8d4742c1672b, Nodes: 01e18597-a4ca-46a9-ac7d-09d343b6c1b0(fv-az318-260.ewvrrcgabbbubjc05i3n4a3pph.dx.internal.cloudapp.net/10.1.0.81), ReplicationConfig: RATIS/ONE, State:ALLOCATED, leaderId:01e18597-a4ca-46a9-ac7d-09d343b6c1b0, CreationTimestamp2023-02-21T13:41:22.260Z[Etc/UTC]] moved to OPEN state
2023-02-21 13:41:25,271 [pool-769-thread-1] INFO  server.RaftServerConfigKeys (ConfUtils.java:logGet(46)) - raft.server.log.statemachine.data.read.timeout = 1000ms (default)
2023-02-21 13:41:25,272 [pool-769-thread-1] INFO  server.RaftServerConfigKeys (ConfUtils.java:logGet(46)) - raft.server.log.purge.preservation.log.num = 0 (default)
2023-02-21 13:41:25,272 [pool-769-thread-1] INFO  server.RaftServerConfigKeys (ConfUtils.java:logGet(46)) - raft.server.log.segment.size.max = 1048576 (custom)
2023-02-21 13:41:25,272 [EventQueue-OpenPipelineForHealthyPipelineSafeModeRule] INFO  safemode.SCMSafeModeManager (HealthyPipelineSafeModeRule.java:process(137)) - SCM in safe mode. Healthy pipelines reported count is 0, required healthy pipeline reported count is 1
2023-02-21 13:41:25,272 [pool-769-thread-1] INFO  server.RaftServerConfigKeys (ConfUtils.java:logGet(46)) - raft.server.log.segment.cache.num.max = 2 (custom)
2023-02-21 13:41:25,272 [pool-769-thread-1] INFO  server.RaftServerConfigKeys (ConfUtils.java:logGet(46)) - raft.server.log.segment.cache.size.max = 200MB (=209715200) (default)
2023-02-21 13:41:25,272 [pool-769-thread-1] INFO  segmented.SegmentedRaftLogWorker (SegmentedRaftLogWorker.java:<init>(189)) - new 01e18597-a4ca-46a9-ac7d-09d343b6c1b0@group-8D4742C1672B-SegmentedRaftLogWorker for RaftStorageImpl:Storage Directory /home/runner/work/ozone/ozone/hadoop-ozone/integration-test/target/test-dir/MiniOzoneClusterImpl-5c741f75-a5c3-4524-84b8-0544f40d398a/datanode-4/data/ratis/fcb87b21-de06-4bf1-a244-8d4742c1672b
2023-02-21 13:41:25,272 [pool-769-thread-1] INFO  server.RaftServerConfigKeys (ConfUtils.java:logGet(46)) - raft.server.log.queue.byte-limit = 4294967296 (custom)
2023-02-21 13:41:25,272 [pool-769-thread-1] INFO  server.RaftServerConfigKeys (ConfUtils.java:logGet(46)) - raft.server.log.queue.element-limit = 1024 (custom)
2023-02-21 13:41:25,272 [pool-769-thread-1] INFO  server.RaftServerConfigKeys (ConfUtils.java:logGet(46)) - raft.server.log.segment.size.max = 1048576 (custom)
2023-02-21 13:41:25,272 [pool-769-thread-1] INFO  server.RaftServerConfigKeys (ConfUtils.java:logGet(46)) - raft.server.log.preallocated.size = 16384 (custom)
2023-02-21 13:41:25,272 [pool-769-thread-1] INFO  server.RaftServerConfigKeys (ConfUtils.java:logGet(46)) - raft.server.log.force.sync.num = 128 (default)
2023-02-21 13:41:25,272 [pool-769-thread-1] INFO  server.RaftServerConfigKeys (ConfUtils.java:logGet(46)) - raft.server.log.statemachine.data.sync = true (default)
2023-02-21 13:41:25,272 [pool-769-thread-1] INFO  server.RaftServerConfigKeys (ConfUtils.java:logGet(46)) - raft.server.log.statemachine.data.sync.timeout = 10s (default)
2023-02-21 13:41:25,273 [pool-769-thread-1] INFO  server.RaftServerConfigKeys (ConfUtils.java:logGet(46)) - raft.server.log.statemachine.data.sync.timeout.retry = -1 (default)
2023-02-21 13:41:25,273 [pool-769-thread-1] INFO  server.RaftServerConfigKeys (ConfUtils.java:logGet(46)) - raft.server.log.write.buffer.size = 1048576 (custom)
2023-02-21 13:41:25,273 [pool-769-thread-1] INFO  server.RaftServerConfigKeys (ConfUtils.java:logGet(46)) - raft.server.log.appender.buffer.byte-limit = 33554432 (custom)
2023-02-21 13:41:25,278 [pool-769-thread-1] INFO  server.RaftServerConfigKeys (ConfUtils.java:logGet(46)) - raft.server.log.unsafe-flush.enabled = false (default)
2023-02-21 13:41:25,278 [pool-769-thread-1] INFO  server.RaftServerConfigKeys (ConfUtils.java:logGet(46)) - raft.server.log.async-flush.enabled = false (default)
2023-02-21 13:41:25,278 [pool-769-thread-1] INFO  server.RaftServerConfigKeys (ConfUtils.java:logGet(46)) - raft.server.log.statemachine.data.caching.enabled = true (custom)
2023-02-21 13:41:25,278 [pool-769-thread-1] INFO  segmented.SegmentedRaftLogWorker (SegmentedRaftLogWorker.java:lambda$new$0(135)) - 01e18597-a4ca-46a9-ac7d-09d343b6c1b0@group-8D4742C1672B-SegmentedRaftLogWorker: flushIndex: setUnconditionally 0 -> -1
2023-02-21 13:41:25,279 [pool-769-thread-1] INFO  segmented.SegmentedRaftLogWorker (SegmentedRaftLogWorker.java:lambda$new$0(135)) - 01e18597-a4ca-46a9-ac7d-09d343b6c1b0@group-8D4742C1672B-SegmentedRaftLogWorker: safeCacheEvictIndex: setUnconditionally 0 -> -1
2023-02-21 13:41:25,279 [pool-769-thread-1] INFO  server.RaftServer$Division (RaftServerImpl.java:start(334)) - 01e18597-a4ca-46a9-ac7d-09d343b6c1b0@group-8D4742C1672B: start as a follower, conf=-1: peers:[01e18597-a4ca-46a9-ac7d-09d343b6c1b0|rpc:10.1.0.81:38655|dataStream:10.1.0.81:41863|priority:1|startupRole:FOLLOWER]|listeners:[], old=null
2023-02-21 13:41:25,279 [pool-769-thread-1] INFO  server.RaftServer$Division (RaftServerImpl.java:setRole(321)) - 01e18597-a4ca-46a9-ac7d-09d343b6c1b0@group-8D4742C1672B: changes role from      null to FOLLOWER at term 0 for startAsFollower
2023-02-21 13:41:25,279 [pool-769-thread-1] INFO  impl.RoleInfo (RoleInfo.java:updateAndGet(139)) - 01e18597-a4ca-46a9-ac7d-09d343b6c1b0: start 01e18597-a4ca-46a9-ac7d-09d343b6c1b0@group-8D4742C1672B-FollowerState
2023-02-21 13:41:25,280 [pool-769-thread-1] INFO  util.JmxRegister (JmxRegister.java:tryRegister(44)) - Successfully registered JMX Bean with object name Ratis:service=RaftServer,group=group-8D4742C1672B,id=01e18597-a4ca-46a9-ac7d-09d343b6c1b0
2023-02-21 13:41:25,280 [pool-769-thread-1] INFO  server.RaftServerConfigKeys (ConfUtils.java:logGet(46)) - raft.server.snapshot.auto.trigger.enabled = true (custom)
2023-02-21 13:41:25,280 [pool-769-thread-1] INFO  server.RaftServerConfigKeys (ConfUtils.java:logGet(46)) - raft.server.snapshot.auto.trigger.threshold = 10000 (custom)
2023-02-21 13:41:25,280 [pool-769-thread-1] INFO  server.RaftServerConfigKeys (ConfUtils.java:logGet(46)) - raft.server.snapshot.retention.file.num = 5 (custom)
2023-02-21 13:41:25,280 [pool-769-thread-1] INFO  server.RaftServerConfigKeys (ConfUtils.java:logGet(46)) - raft.server.log.purge.upto.snapshot.index = false (default)
2023-02-21 13:41:25,281 [Command processor thread] INFO  ratis.XceiverServerRatis (XceiverServerRatis.java:addGroup(807)) - Created group PipelineID=fcb87b21-de06-4bf1-a244-8d4742c1672b
2023-02-21 13:41:25,281 [01e18597-a4ca-46a9-ac7d-09d343b6c1b0@group-8D4742C1672B-FollowerState] INFO  server.RaftServerConfigKeys (ConfUtils.java:logFallback(53)) - raft.server.rpc.first-election.timeout.min = 5s (fallback to raft.server.rpc.timeout.min)
2023-02-21 13:41:25,281 [Command processor thread] INFO  commandhandler.CreatePipelineCommandHandler (CreatePipelineCommandHandler.java:handle(113)) - Created Pipeline RATIS ONE PipelineID=fcb87b21-de06-4bf1-a244-8d4742c1672b.
2023-02-21 13:41:25,281 [01e18597-a4ca-46a9-ac7d-09d343b6c1b0@group-8D4742C1672B-FollowerState] INFO  server.RaftServerConfigKeys (ConfUtils.java:logFallback(53)) - raft.server.rpc.first-election.timeout.max = 5200ms (fallback to raft.server.rpc.timeout.max)
2023-02-21 13:41:26,258 [Listener at 127.0.0.1/40765] INFO  ozone.MiniOzoneClusterImpl (MiniOzoneClusterImpl.java:lambda$waitForClusterToBeReady$0(218)) - Nodes are ready. Got 5 of 5 DN Heartbeats.
2023-02-21 13:41:26,258 [Listener at 127.0.0.1/40765] INFO  ozone.MiniOzoneClusterImpl (MiniOzoneClusterImpl.java:lambda$waitForClusterToBeReady$0(221)) - Waiting for cluster to exit safe mode
2023-02-21 13:41:26,258 [Listener at 127.0.0.1/40765] INFO  ozone.MiniOzoneClusterImpl (MiniOzoneClusterImpl.java:lambda$waitForClusterToBeReady$0(223)) - SCM became leader
2023-02-21 13:41:27,258 [Listener at 127.0.0.1/40765] INFO  ozone.MiniOzoneClusterImpl (MiniOzoneClusterImpl.java:lambda$waitForClusterToBeReady$0(218)) - Nodes are ready. Got 5 of 5 DN Heartbeats.
2023-02-21 13:41:27,259 [Listener at 127.0.0.1/40765] INFO  ozone.MiniOzoneClusterImpl (MiniOzoneClusterImpl.java:lambda$waitForClusterToBeReady$0(221)) - Waiting for cluster to exit safe mode
2023-02-21 13:41:27,259 [Listener at 127.0.0.1/40765] INFO  ozone.MiniOzoneClusterImpl (MiniOzoneClusterImpl.java:lambda$waitForClusterToBeReady$0(223)) - SCM became leader
2023-02-21 13:41:28,259 [Listener at 127.0.0.1/40765] INFO  ozone.MiniOzoneClusterImpl (MiniOzoneClusterImpl.java:lambda$waitForClusterToBeReady$0(218)) - Nodes are ready. Got 5 of 5 DN Heartbeats.
2023-02-21 13:41:28,259 [Listener at 127.0.0.1/40765] INFO  ozone.MiniOzoneClusterImpl (MiniOzoneClusterImpl.java:lambda$waitForClusterToBeReady$0(221)) - Waiting for cluster to exit safe mode
2023-02-21 13:41:28,259 [Listener at 127.0.0.1/40765] INFO  ozone.MiniOzoneClusterImpl (MiniOzoneClusterImpl.java:lambda$waitForClusterToBeReady$0(223)) - SCM became leader
2023-02-21 13:41:28,857 [30d23356-b820-4c87-80b9-55beb4a3056d@group-135DDB2A4F87-FollowerState] INFO  impl.FollowerState (FollowerState.java:run(143)) - 30d23356-b820-4c87-80b9-55beb4a3056d@group-135DDB2A4F87-FollowerState: change to CANDIDATE, lastRpcElapsedTime:5057752190ns, electionTimeout:5057ms
2023-02-21 13:41:28,857 [30d23356-b820-4c87-80b9-55beb4a3056d@group-135DDB2A4F87-FollowerState] INFO  impl.RoleInfo (RoleInfo.java:shutdownFollowerState(110)) - 30d23356-b820-4c87-80b9-55beb4a3056d: shutdown 30d23356-b820-4c87-80b9-55beb4a3056d@group-135DDB2A4F87-FollowerState
2023-02-21 13:41:28,857 [30d23356-b820-4c87-80b9-55beb4a3056d@group-135DDB2A4F87-FollowerState] INFO  server.RaftServer$Division (RaftServerImpl.java:setRole(321)) - 30d23356-b820-4c87-80b9-55beb4a3056d@group-135DDB2A4F87: changes role from  FOLLOWER to CANDIDATE at term 0 for changeToCandidate
2023-02-21 13:41:28,857 [30d23356-b820-4c87-80b9-55beb4a3056d@group-135DDB2A4F87-FollowerState] INFO  server.RaftServerConfigKeys (ConfUtils.java:logGet(46)) - raft.server.leaderelection.pre-vote = true (default)
2023-02-21 13:41:28,857 [30d23356-b820-4c87-80b9-55beb4a3056d@group-135DDB2A4F87-FollowerState] INFO  impl.RoleInfo (RoleInfo.java:updateAndGet(139)) - 30d23356-b820-4c87-80b9-55beb4a3056d: start 30d23356-b820-4c87-80b9-55beb4a3056d@group-135DDB2A4F87-LeaderElection31
2023-02-21 13:41:28,860 [30d23356-b820-4c87-80b9-55beb4a3056d@group-135DDB2A4F87-LeaderElection31] INFO  impl.LeaderElection (LeaderElection.java:askForVotes(312)) - 30d23356-b820-4c87-80b9-55beb4a3056d@group-135DDB2A4F87-LeaderElection31 PRE_VOTE round 0: submit vote requests at term 0 for -1: peers:[30d23356-b820-4c87-80b9-55beb4a3056d|rpc:10.1.0.81:36595|dataStream:10.1.0.81:40757|priority:1|startupRole:FOLLOWER]|listeners:[], old=null
2023-02-21 13:41:28,860 [30d23356-b820-4c87-80b9-55beb4a3056d@group-135DDB2A4F87-LeaderElection31] INFO  impl.LeaderElection (LeaderElection.java:askForVotes(314)) - 30d23356-b820-4c87-80b9-55beb4a3056d@group-135DDB2A4F87-LeaderElection31 PRE_VOTE round 0: result PASSED (term=0)
2023-02-21 13:41:28,861 [30d23356-b820-4c87-80b9-55beb4a3056d@group-135DDB2A4F87-LeaderElection31] INFO  impl.LeaderElection (LeaderElection.java:askForVotes(312)) - 30d23356-b820-4c87-80b9-55beb4a3056d@group-135DDB2A4F87-LeaderElection31 ELECTION round 0: submit vote requests at term 1 for -1: peers:[30d23356-b820-4c87-80b9-55beb4a3056d|rpc:10.1.0.81:36595|dataStream:10.1.0.81:40757|priority:1|startupRole:FOLLOWER]|listeners:[], old=null
2023-02-21 13:41:28,862 [30d23356-b820-4c87-80b9-55beb4a3056d@group-135DDB2A4F87-LeaderElection31] INFO  impl.LeaderElection (LeaderElection.java:askForVotes(314)) - 30d23356-b820-4c87-80b9-55beb4a3056d@group-135DDB2A4F87-LeaderElection31 ELECTION round 0: result PASSED (term=1)
2023-02-21 13:41:28,862 [30d23356-b820-4c87-80b9-55beb4a3056d@group-135DDB2A4F87-LeaderElection31] INFO  impl.RoleInfo (RoleInfo.java:shutdownLeaderElection(130)) - 30d23356-b820-4c87-80b9-55beb4a3056d: shutdown 30d23356-b820-4c87-80b9-55beb4a3056d@group-135DDB2A4F87-LeaderElection31
2023-02-21 13:41:28,862 [30d23356-b820-4c87-80b9-55beb4a3056d@group-135DDB2A4F87-LeaderElection31] INFO  server.RaftServer$Division (RaftServerImpl.java:setRole(321)) - 30d23356-b820-4c87-80b9-55beb4a3056d@group-135DDB2A4F87: changes role from CANDIDATE to LEADER at term 1 for changeToLeader
2023-02-21 13:41:28,862 [30d23356-b820-4c87-80b9-55beb4a3056d@group-135DDB2A4F87-LeaderElection31] INFO  ratis.XceiverServerRatis (XceiverServerRatis.java:handleLeaderChangedNotification(905)) - Leader change notification received for group: group-135DDB2A4F87 with new leaderId: 30d23356-b820-4c87-80b9-55beb4a3056d
2023-02-21 13:41:28,862 [30d23356-b820-4c87-80b9-55beb4a3056d@group-135DDB2A4F87-LeaderElection31] INFO  server.RaftServer$Division (ServerState.java:setLeader(313)) - 30d23356-b820-4c87-80b9-55beb4a3056d@group-135DDB2A4F87: change Leader from null to 30d23356-b820-4c87-80b9-55beb4a3056d at term 1 for becomeLeader, leader elected after 5079ms
2023-02-21 13:41:28,862 [30d23356-b820-4c87-80b9-55beb4a3056d@group-135DDB2A4F87-LeaderElection31] INFO  server.RaftServerConfigKeys (ConfUtils.java:logGet(46)) - raft.server.staging.catchup.gap = 1000 (default)
2023-02-21 13:41:28,862 [30d23356-b820-4c87-80b9-55beb4a3056d@group-135DDB2A4F87-LeaderElection31] INFO  server.RaftServerConfigKeys (ConfUtils.java:logGet(46)) - raft.server.write.element-limit = 1024 (custom)
2023-02-21 13:41:28,862 [30d23356-b820-4c87-80b9-55beb4a3056d@group-135DDB2A4F87-LeaderElection31] INFO  server.RaftServerConfigKeys (ConfUtils.java:logGet(46)) - raft.server.write.byte-limit = 1024 M (=1073741824) (custom)
2023-02-21 13:41:28,863 [30d23356-b820-4c87-80b9-55beb4a3056d@group-135DDB2A4F87-LeaderElection31] INFO  server.RaftServerConfigKeys (ConfUtils.java:logGet(46)) - raft.server.watch.timeout = 180s (custom)
2023-02-21 13:41:28,863 [30d23356-b820-4c87-80b9-55beb4a3056d@group-135DDB2A4F87-LeaderElection31] INFO  server.RaftServerConfigKeys (ConfUtils.java:logGet(46)) - raft.server.watch.timeout.denomination = 1s (default)
2023-02-21 13:41:28,863 [30d23356-b820-4c87-80b9-55beb4a3056d@group-135DDB2A4F87-LeaderElection31] INFO  server.RaftServerConfigKeys (ConfUtils.java:logGet(46)) - raft.server.watch.element-limit = 65536 (default)
2023-02-21 13:41:28,863 [30d23356-b820-4c87-80b9-55beb4a3056d@group-135DDB2A4F87-LeaderElection31] INFO  server.RaftServerConfigKeys (ConfUtils.java:logGet(46)) - raft.server.write.element-limit = 1024 (custom)
2023-02-21 13:41:28,863 [EventQueue-OpenPipelineForHealthyPipelineSafeModeRule] INFO  safemode.SCMSafeModeManager (HealthyPipelineSafeModeRule.java:process(137)) - SCM in safe mode. Healthy pipelines reported count is 0, required healthy pipeline reported count is 1
2023-02-21 13:41:28,863 [30d23356-b820-4c87-80b9-55beb4a3056d@group-135DDB2A4F87-LeaderElection31] INFO  server.RaftServerConfigKeys (ConfUtils.java:logGet(46)) - raft.server.write.follower.gap.ratio.max = -1.0 (default)
2023-02-21 13:41:28,863 [30d23356-b820-4c87-80b9-55beb4a3056d@group-135DDB2A4F87-LeaderElection31] INFO  impl.RoleInfo (RoleInfo.java:updateAndGet(139)) - 30d23356-b820-4c87-80b9-55beb4a3056d: start 30d23356-b820-4c87-80b9-55beb4a3056d@group-135DDB2A4F87-LeaderStateImpl
2023-02-21 13:41:28,863 [30d23356-b820-4c87-80b9-55beb4a3056d@group-135DDB2A4F87-LeaderElection31] INFO  segmented.SegmentedRaftLogWorker (SegmentedRaftLogWorker.java:startLogSegment(452)) - 30d23356-b820-4c87-80b9-55beb4a3056d@group-135DDB2A4F87-SegmentedRaftLogWorker: Starting segment from index:0
2023-02-21 13:41:28,865 [30d23356-b820-4c87-80b9-55beb4a3056d@group-135DDB2A4F87-LeaderElection31] INFO  server.RaftServer$Division (ServerState.java:setRaftConf(430)) - 30d23356-b820-4c87-80b9-55beb4a3056d@group-135DDB2A4F87: set configuration 0: peers:[30d23356-b820-4c87-80b9-55beb4a3056d|rpc:10.1.0.81:36595|dataStream:10.1.0.81:40757|priority:1|startupRole:FOLLOWER]|listeners:[], old=null
2023-02-21 13:41:28,866 [30d23356-b820-4c87-80b9-55beb4a3056d@group-135DDB2A4F87-SegmentedRaftLogWorker] INFO  segmented.SegmentedRaftLogWorker (SegmentedRaftLogWorker.java:execute(656)) - 30d23356-b820-4c87-80b9-55beb4a3056d@group-135DDB2A4F87-SegmentedRaftLogWorker: created new log segment /home/runner/work/ozone/ozone/hadoop-ozone/integration-test/target/test-dir/MiniOzoneClusterImpl-5c741f75-a5c3-4524-84b8-0544f40d398a/datanode-0/data/ratis/512e8b5b-01a9-47a3-b146-135ddb2a4f87/current/log_inprogress_0
2023-02-21 13:41:28,911 [7309d6a4-9c1d-4dc9-b84b-2418a7036ef2@group-4A9D858258DA-FollowerState] INFO  impl.FollowerState (FollowerState.java:run(143)) - 7309d6a4-9c1d-4dc9-b84b-2418a7036ef2@group-4A9D858258DA-FollowerState: change to CANDIDATE, lastRpcElapsedTime:5007648695ns, electionTimeout:5007ms
2023-02-21 13:41:28,911 [7309d6a4-9c1d-4dc9-b84b-2418a7036ef2@group-4A9D858258DA-FollowerState] INFO  impl.RoleInfo (RoleInfo.java:shutdownFollowerState(110)) - 7309d6a4-9c1d-4dc9-b84b-2418a7036ef2: shutdown 7309d6a4-9c1d-4dc9-b84b-2418a7036ef2@group-4A9D858258DA-FollowerState
2023-02-21 13:41:28,911 [7309d6a4-9c1d-4dc9-b84b-2418a7036ef2@group-4A9D858258DA-FollowerState] INFO  server.RaftServer$Division (RaftServerImpl.java:setRole(321)) - 7309d6a4-9c1d-4dc9-b84b-2418a7036ef2@group-4A9D858258DA: changes role from  FOLLOWER to CANDIDATE at term 0 for changeToCandidate
2023-02-21 13:41:28,911 [7309d6a4-9c1d-4dc9-b84b-2418a7036ef2@group-4A9D858258DA-FollowerState] INFO  server.RaftServerConfigKeys (ConfUtils.java:logGet(46)) - raft.server.leaderelection.pre-vote = true (default)
2023-02-21 13:41:28,911 [7309d6a4-9c1d-4dc9-b84b-2418a7036ef2@group-4A9D858258DA-FollowerState] INFO  impl.RoleInfo (RoleInfo.java:updateAndGet(139)) - 7309d6a4-9c1d-4dc9-b84b-2418a7036ef2: start 7309d6a4-9c1d-4dc9-b84b-2418a7036ef2@group-4A9D858258DA-LeaderElection32
2023-02-21 13:41:28,916 [7309d6a4-9c1d-4dc9-b84b-2418a7036ef2@group-4A9D858258DA-LeaderElection32] INFO  impl.LeaderElection (LeaderElection.java:askForVotes(312)) - 7309d6a4-9c1d-4dc9-b84b-2418a7036ef2@group-4A9D858258DA-LeaderElection32 PRE_VOTE round 0: submit vote requests at term 0 for -1: peers:[30d23356-b820-4c87-80b9-55beb4a3056d|rpc:10.1.0.81:36595|dataStream:10.1.0.81:40757|priority:0|startupRole:FOLLOWER, 41686b04-70c8-46c5-a517-6ec9de94494c|rpc:10.1.0.81:35261|dataStream:10.1.0.81:37199|priority:1|startupRole:FOLLOWER, 7309d6a4-9c1d-4dc9-b84b-2418a7036ef2|rpc:10.1.0.81:45591|dataStream:10.1.0.81:35815|priority:0|startupRole:FOLLOWER]|listeners:[], old=null
2023-02-21 13:41:28,916 [7309d6a4-9c1d-4dc9-b84b-2418a7036ef2@group-4A9D858258DA-LeaderElection32] INFO  server.RaftServerConfigKeys (ConfUtils.java:logFallback(53)) - raft.server.rpc.first-election.timeout.min = 5s (fallback to raft.server.rpc.timeout.min)
2023-02-21 13:41:28,916 [7309d6a4-9c1d-4dc9-b84b-2418a7036ef2@group-4A9D858258DA-LeaderElection32-1] INFO  server.GrpcServerProtocolClient (GrpcServerProtocolClient.java:<init>(63)) - Build channel for 30d23356-b820-4c87-80b9-55beb4a3056d
2023-02-21 13:41:28,916 [7309d6a4-9c1d-4dc9-b84b-2418a7036ef2@group-4A9D858258DA-LeaderElection32] INFO  server.RaftServerConfigKeys (ConfUtils.java:logFallback(53)) - raft.server.rpc.first-election.timeout.max = 5200ms (fallback to raft.server.rpc.timeout.max)
2023-02-21 13:41:28,919 [7309d6a4-9c1d-4dc9-b84b-2418a7036ef2@group-4A9D858258DA-LeaderElection32-2] INFO  server.GrpcServerProtocolClient (GrpcServerProtocolClient.java:<init>(63)) - Build channel for 41686b04-70c8-46c5-a517-6ec9de94494c
2023-02-21 13:41:28,923 [grpc-default-executor-0] INFO  server.RaftServer$Division (RaftServerImpl.java:requestVote(1218)) - 30d23356-b820-4c87-80b9-55beb4a3056d@group-4A9D858258DA: receive requestVote(PRE_VOTE, 7309d6a4-9c1d-4dc9-b84b-2418a7036ef2, group-4A9D858258DA, 0, (t:0, i:0))
2023-02-21 13:41:28,923 [grpc-default-executor-0] INFO  impl.VoteContext (VoteContext.java:log(49)) - 30d23356-b820-4c87-80b9-55beb4a3056d@group-4A9D858258DA-FOLLOWER: accept PRE_VOTE from 7309d6a4-9c1d-4dc9-b84b-2418a7036ef2: our priority 0 <= candidate's priority 0
2023-02-21 13:41:28,923 [grpc-default-executor-0] INFO  server.RaftServer$Division (RaftServerImpl.java:requestVote(1251)) - 30d23356-b820-4c87-80b9-55beb4a3056d@group-4A9D858258DA replies to PRE_VOTE vote request: 7309d6a4-9c1d-4dc9-b84b-2418a7036ef2<-30d23356-b820-4c87-80b9-55beb4a3056d#0:OK-t0. Peer's state: 30d23356-b820-4c87-80b9-55beb4a3056d@group-4A9D858258DA:t0, leader=null, voted=, raftlog=Memoized:30d23356-b820-4c87-80b9-55beb4a3056d@group-4A9D858258DA-SegmentedRaftLog:OPENED:c-1, conf=-1: peers:[30d23356-b820-4c87-80b9-55beb4a3056d|rpc:10.1.0.81:36595|dataStream:10.1.0.81:40757|priority:0|startupRole:FOLLOWER, 41686b04-70c8-46c5-a517-6ec9de94494c|rpc:10.1.0.81:35261|dataStream:10.1.0.81:37199|priority:1|startupRole:FOLLOWER, 7309d6a4-9c1d-4dc9-b84b-2418a7036ef2|rpc:10.1.0.81:45591|dataStream:10.1.0.81:35815|priority:0|startupRole:FOLLOWER]|listeners:[], old=null
2023-02-21 13:41:28,934 [grpc-default-executor-0] INFO  server.RaftServer$Division (RaftServerImpl.java:requestVote(1218)) - 41686b04-70c8-46c5-a517-6ec9de94494c@group-4A9D858258DA: receive requestVote(PRE_VOTE, 7309d6a4-9c1d-4dc9-b84b-2418a7036ef2, group-4A9D858258DA, 0, (t:0, i:0))
2023-02-21 13:41:28,934 [grpc-default-executor-0] INFO  impl.VoteContext (VoteContext.java:log(49)) - 41686b04-70c8-46c5-a517-6ec9de94494c@group-4A9D858258DA-FOLLOWER: reject PRE_VOTE from 7309d6a4-9c1d-4dc9-b84b-2418a7036ef2: our priority 1 > candidate's priority 0
2023-02-21 13:41:28,934 [grpc-default-executor-0] INFO  server.RaftServer$Division (RaftServerImpl.java:requestVote(1251)) - 41686b04-70c8-46c5-a517-6ec9de94494c@group-4A9D858258DA replies to PRE_VOTE vote request: 7309d6a4-9c1d-4dc9-b84b-2418a7036ef2<-41686b04-70c8-46c5-a517-6ec9de94494c#0:FAIL-t0. Peer's state: 41686b04-70c8-46c5-a517-6ec9de94494c@group-4A9D858258DA:t0, leader=null, voted=, raftlog=Memoized:41686b04-70c8-46c5-a517-6ec9de94494c@group-4A9D858258DA-SegmentedRaftLog:OPENED:c-1, conf=-1: peers:[30d23356-b820-4c87-80b9-55beb4a3056d|rpc:10.1.0.81:36595|dataStream:10.1.0.81:40757|priority:0|startupRole:FOLLOWER, 41686b04-70c8-46c5-a517-6ec9de94494c|rpc:10.1.0.81:35261|dataStream:10.1.0.81:37199|priority:1|startupRole:FOLLOWER, 7309d6a4-9c1d-4dc9-b84b-2418a7036ef2|rpc:10.1.0.81:45591|dataStream:10.1.0.81:35815|priority:0|startupRole:FOLLOWER]|listeners:[], old=null
2023-02-21 13:41:28,936 [7309d6a4-9c1d-4dc9-b84b-2418a7036ef2@group-4A9D858258DA-LeaderElection32] INFO  impl.LeaderElection (LeaderElection.java:logAndReturn(90)) - 7309d6a4-9c1d-4dc9-b84b-2418a7036ef2@group-4A9D858258DA-LeaderElection32: PRE_VOTE REJECTED received 2 response(s) and 0 exception(s):
2023-02-21 13:41:28,936 [7309d6a4-9c1d-4dc9-b84b-2418a7036ef2@group-4A9D858258DA-LeaderElection32] INFO  impl.LeaderElection (LeaderElection.java:logAndReturn(94)) -   Response 0: 7309d6a4-9c1d-4dc9-b84b-2418a7036ef2<-30d23356-b820-4c87-80b9-55beb4a3056d#0:OK-t0
2023-02-21 13:41:28,936 [7309d6a4-9c1d-4dc9-b84b-2418a7036ef2@group-4A9D858258DA-LeaderElection32] INFO  impl.LeaderElection (LeaderElection.java:logAndReturn(94)) -   Response 1: 7309d6a4-9c1d-4dc9-b84b-2418a7036ef2<-41686b04-70c8-46c5-a517-6ec9de94494c#0:FAIL-t0
2023-02-21 13:41:28,936 [7309d6a4-9c1d-4dc9-b84b-2418a7036ef2@group-4A9D858258DA-LeaderElection32] INFO  impl.LeaderElection (LeaderElection.java:askForVotes(314)) - 7309d6a4-9c1d-4dc9-b84b-2418a7036ef2@group-4A9D858258DA-LeaderElection32 PRE_VOTE round 0: result REJECTED
2023-02-21 13:41:28,936 [7309d6a4-9c1d-4dc9-b84b-2418a7036ef2@group-4A9D858258DA-LeaderElection32] INFO  server.RaftServer$Division (RaftServerImpl.java:setRole(321)) - 7309d6a4-9c1d-4dc9-b84b-2418a7036ef2@group-4A9D858258DA: changes role from CANDIDATE to FOLLOWER at term 0 for REJECTED
2023-02-21 13:41:28,936 [7309d6a4-9c1d-4dc9-b84b-2418a7036ef2@group-4A9D858258DA-LeaderElection32] INFO  impl.RoleInfo (RoleInfo.java:shutdownLeaderElection(130)) - 7309d6a4-9c1d-4dc9-b84b-2418a7036ef2: shutdown 7309d6a4-9c1d-4dc9-b84b-2418a7036ef2@group-4A9D858258DA-LeaderElection32
2023-02-21 13:41:28,936 [7309d6a4-9c1d-4dc9-b84b-2418a7036ef2@group-4A9D858258DA-LeaderElection32] INFO  impl.RoleInfo (RoleInfo.java:updateAndGet(139)) - 7309d6a4-9c1d-4dc9-b84b-2418a7036ef2: start 7309d6a4-9c1d-4dc9-b84b-2418a7036ef2@group-4A9D858258DA-FollowerState
2023-02-21 13:41:28,938 [7309d6a4-9c1d-4dc9-b84b-2418a7036ef2@group-4A9D858258DA-FollowerState] INFO  server.RaftServerConfigKeys (ConfUtils.java:logFallback(53)) - raft.server.rpc.first-election.timeout.min = 5s (fallback to raft.server.rpc.timeout.min)
2023-02-21 13:41:28,938 [7309d6a4-9c1d-4dc9-b84b-2418a7036ef2@group-4A9D858258DA-FollowerState] INFO  server.RaftServerConfigKeys (ConfUtils.java:logFallback(53)) - raft.server.rpc.first-election.timeout.max = 5200ms (fallback to raft.server.rpc.timeout.max)
2023-02-21 13:41:29,016 [41686b04-70c8-46c5-a517-6ec9de94494c@group-4A9D858258DA-FollowerState] INFO  impl.FollowerState (FollowerState.java:run(143)) - 41686b04-70c8-46c5-a517-6ec9de94494c@group-4A9D858258DA-FollowerState: change to CANDIDATE, lastRpcElapsedTime:5072950217ns, electionTimeout:5071ms
2023-02-21 13:41:29,016 [41686b04-70c8-46c5-a517-6ec9de94494c@group-4A9D858258DA-FollowerState] INFO  impl.RoleInfo (RoleInfo.java:shutdownFollowerState(110)) - 41686b04-70c8-46c5-a517-6ec9de94494c: shutdown 41686b04-70c8-46c5-a517-6ec9de94494c@group-4A9D858258DA-FollowerState
2023-02-21 13:41:29,016 [41686b04-70c8-46c5-a517-6ec9de94494c@group-4A9D858258DA-FollowerState] INFO  server.RaftServer$Division (RaftServerImpl.java:setRole(321)) - 41686b04-70c8-46c5-a517-6ec9de94494c@group-4A9D858258DA: changes role from  FOLLOWER to CANDIDATE at term 0 for changeToCandidate
2023-02-21 13:41:29,016 [41686b04-70c8-46c5-a517-6ec9de94494c@group-4A9D858258DA-FollowerState] INFO  server.RaftServerConfigKeys (ConfUtils.java:logGet(46)) - raft.server.leaderelection.pre-vote = true (default)
2023-02-21 13:41:29,016 [41686b04-70c8-46c5-a517-6ec9de94494c@group-4A9D858258DA-FollowerState] INFO  impl.RoleInfo (RoleInfo.java:updateAndGet(139)) - 41686b04-70c8-46c5-a517-6ec9de94494c: start 41686b04-70c8-46c5-a517-6ec9de94494c@group-4A9D858258DA-LeaderElection33
2023-02-21 13:41:29,019 [41686b04-70c8-46c5-a517-6ec9de94494c@group-4A9D858258DA-LeaderElection33] INFO  impl.LeaderElection (LeaderElection.java:askForVotes(312)) - 41686b04-70c8-46c5-a517-6ec9de94494c@group-4A9D858258DA-LeaderElection33 PRE_VOTE round 0: submit vote requests at term 0 for -1: peers:[30d23356-b820-4c87-80b9-55beb4a3056d|rpc:10.1.0.81:36595|dataStream:10.1.0.81:40757|priority:0|startupRole:FOLLOWER, 41686b04-70c8-46c5-a517-6ec9de94494c|rpc:10.1.0.81:35261|dataStream:10.1.0.81:37199|priority:1|startupRole:FOLLOWER, 7309d6a4-9c1d-4dc9-b84b-2418a7036ef2|rpc:10.1.0.81:45591|dataStream:10.1.0.81:35815|priority:0|startupRole:FOLLOWER]|listeners:[], old=null
2023-02-21 13:41:29,019 [41686b04-70c8-46c5-a517-6ec9de94494c@group-4A9D858258DA-LeaderElection33-1] INFO  server.GrpcServerProtocolClient (GrpcServerProtocolClient.java:<init>(63)) - Build channel for 30d23356-b820-4c87-80b9-55beb4a3056d
2023-02-21 13:41:29,019 [41686b04-70c8-46c5-a517-6ec9de94494c@group-4A9D858258DA-LeaderElection33] INFO  server.RaftServerConfigKeys (ConfUtils.java:logFallback(53)) - raft.server.rpc.first-election.timeout.min = 5s (fallback to raft.server.rpc.timeout.min)
2023-02-21 13:41:29,019 [41686b04-70c8-46c5-a517-6ec9de94494c@group-4A9D858258DA-LeaderElection33] INFO  server.RaftServerConfigKeys (ConfUtils.java:logFallback(53)) - raft.server.rpc.first-election.timeout.max = 5200ms (fallback to raft.server.rpc.timeout.max)
2023-02-21 13:41:29,020 [41686b04-70c8-46c5-a517-6ec9de94494c@group-4A9D858258DA-LeaderElection33-2] INFO  server.GrpcServerProtocolClient (GrpcServerProtocolClient.java:<init>(63)) - Build channel for 7309d6a4-9c1d-4dc9-b84b-2418a7036ef2
2023-02-21 13:41:29,028 [grpc-default-executor-0] INFO  server.RaftServer$Division (RaftServerImpl.java:requestVote(1218)) - 7309d6a4-9c1d-4dc9-b84b-2418a7036ef2@group-4A9D858258DA: receive requestVote(PRE_VOTE, 41686b04-70c8-46c5-a517-6ec9de94494c, group-4A9D858258DA, 0, (t:0, i:0))
2023-02-21 13:41:29,028 [grpc-default-executor-0] INFO  impl.VoteContext (VoteContext.java:log(49)) - 7309d6a4-9c1d-4dc9-b84b-2418a7036ef2@group-4A9D858258DA-FOLLOWER: accept PRE_VOTE from 41686b04-70c8-46c5-a517-6ec9de94494c: our priority 0 <= candidate's priority 1
2023-02-21 13:41:29,028 [grpc-default-executor-0] INFO  server.RaftServer$Division (RaftServerImpl.java:requestVote(1251)) - 7309d6a4-9c1d-4dc9-b84b-2418a7036ef2@group-4A9D858258DA replies to PRE_VOTE vote request: 41686b04-70c8-46c5-a517-6ec9de94494c<-7309d6a4-9c1d-4dc9-b84b-2418a7036ef2#0:OK-t0. Peer's state: 7309d6a4-9c1d-4dc9-b84b-2418a7036ef2@group-4A9D858258DA:t0, leader=null, voted=, raftlog=Memoized:7309d6a4-9c1d-4dc9-b84b-2418a7036ef2@group-4A9D858258DA-SegmentedRaftLog:OPENED:c-1, conf=-1: peers:[30d23356-b820-4c87-80b9-55beb4a3056d|rpc:10.1.0.81:36595|dataStream:10.1.0.81:40757|priority:0|startupRole:FOLLOWER, 41686b04-70c8-46c5-a517-6ec9de94494c|rpc:10.1.0.81:35261|dataStream:10.1.0.81:37199|priority:1|startupRole:FOLLOWER, 7309d6a4-9c1d-4dc9-b84b-2418a7036ef2|rpc:10.1.0.81:45591|dataStream:10.1.0.81:35815|priority:0|startupRole:FOLLOWER]|listeners:[], old=null
2023-02-21 13:41:29,029 [grpc-default-executor-1] INFO  server.RaftServer$Division (RaftServerImpl.java:requestVote(1218)) - 30d23356-b820-4c87-80b9-55beb4a3056d@group-4A9D858258DA: receive requestVote(PRE_VOTE, 41686b04-70c8-46c5-a517-6ec9de94494c, group-4A9D858258DA, 0, (t:0, i:0))
2023-02-21 13:41:29,034 [41686b04-70c8-46c5-a517-6ec9de94494c@group-4A9D858258DA-LeaderElection33] INFO  impl.LeaderElection (LeaderElection.java:logAndReturn(90)) - 41686b04-70c8-46c5-a517-6ec9de94494c@group-4A9D858258DA-LeaderElection33: PRE_VOTE PASSED received 1 response(s) and 0 exception(s):
2023-02-21 13:41:29,034 [41686b04-70c8-46c5-a517-6ec9de94494c@group-4A9D858258DA-LeaderElection33] INFO  impl.LeaderElection (LeaderElection.java:logAndReturn(94)) -   Response 0: 41686b04-70c8-46c5-a517-6ec9de94494c<-7309d6a4-9c1d-4dc9-b84b-2418a7036ef2#0:OK-t0
2023-02-21 13:41:29,034 [41686b04-70c8-46c5-a517-6ec9de94494c@group-4A9D858258DA-LeaderElection33] INFO  impl.LeaderElection (LeaderElection.java:askForVotes(314)) - 41686b04-70c8-46c5-a517-6ec9de94494c@group-4A9D858258DA-LeaderElection33 PRE_VOTE round 0: result PASSED
2023-02-21 13:41:29,035 [grpc-default-executor-1] INFO  impl.VoteContext (VoteContext.java:log(49)) - 30d23356-b820-4c87-80b9-55beb4a3056d@group-4A9D858258DA-FOLLOWER: accept PRE_VOTE from 41686b04-70c8-46c5-a517-6ec9de94494c: our priority 0 <= candidate's priority 1
2023-02-21 13:41:29,035 [grpc-default-executor-1] INFO  server.RaftServer$Division (RaftServerImpl.java:requestVote(1251)) - 30d23356-b820-4c87-80b9-55beb4a3056d@group-4A9D858258DA replies to PRE_VOTE vote request: 41686b04-70c8-46c5-a517-6ec9de94494c<-30d23356-b820-4c87-80b9-55beb4a3056d#0:OK-t0. Peer's state: 30d23356-b820-4c87-80b9-55beb4a3056d@group-4A9D858258DA:t0, leader=null, voted=, raftlog=Memoized:30d23356-b820-4c87-80b9-55beb4a3056d@group-4A9D858258DA-SegmentedRaftLog:OPENED:c-1, conf=-1: peers:[30d23356-b820-4c87-80b9-55beb4a3056d|rpc:10.1.0.81:36595|dataStream:10.1.0.81:40757|priority:0|startupRole:FOLLOWER, 41686b04-70c8-46c5-a517-6ec9de94494c|rpc:10.1.0.81:35261|dataStream:10.1.0.81:37199|priority:1|startupRole:FOLLOWER, 7309d6a4-9c1d-4dc9-b84b-2418a7036ef2|rpc:10.1.0.81:45591|dataStream:10.1.0.81:35815|priority:0|startupRole:FOLLOWER]|listeners:[], old=null
2023-02-21 13:41:29,037 [41686b04-70c8-46c5-a517-6ec9de94494c@group-4A9D858258DA-LeaderElection33] INFO  impl.LeaderElection (LeaderElection.java:askForVotes(312)) - 41686b04-70c8-46c5-a517-6ec9de94494c@group-4A9D858258DA-LeaderElection33 ELECTION round 0: submit vote requests at term 1 for -1: peers:[30d23356-b820-4c87-80b9-55beb4a3056d|rpc:10.1.0.81:36595|dataStream:10.1.0.81:40757|priority:0|startupRole:FOLLOWER, 41686b04-70c8-46c5-a517-6ec9de94494c|rpc:10.1.0.81:35261|dataStream:10.1.0.81:37199|priority:1|startupRole:FOLLOWER, 7309d6a4-9c1d-4dc9-b84b-2418a7036ef2|rpc:10.1.0.81:45591|dataStream:10.1.0.81:35815|priority:0|startupRole:FOLLOWER]|listeners:[], old=null
2023-02-21 13:41:29,037 [41686b04-70c8-46c5-a517-6ec9de94494c@group-4A9D858258DA-LeaderElection33] INFO  server.RaftServerConfigKeys (ConfUtils.java:logFallback(53)) - raft.server.rpc.first-election.timeout.min = 5s (fallback to raft.server.rpc.timeout.min)
2023-02-21 13:41:29,038 [41686b04-70c8-46c5-a517-6ec9de94494c@group-4A9D858258DA-LeaderElection33] INFO  server.RaftServerConfigKeys (ConfUtils.java:logFallback(53)) - raft.server.rpc.first-election.timeout.max = 5200ms (fallback to raft.server.rpc.timeout.max)
2023-02-21 13:41:29,041 [grpc-default-executor-0] INFO  server.RaftServer$Division (RaftServerImpl.java:requestVote(1218)) - 7309d6a4-9c1d-4dc9-b84b-2418a7036ef2@group-4A9D858258DA: receive requestVote(ELECTION, 41686b04-70c8-46c5-a517-6ec9de94494c, group-4A9D858258DA, 1, (t:0, i:0))
2023-02-21 13:41:29,041 [grpc-default-executor-0] INFO  impl.VoteContext (VoteContext.java:log(49)) - 7309d6a4-9c1d-4dc9-b84b-2418a7036ef2@group-4A9D858258DA-FOLLOWER: accept ELECTION from 41686b04-70c8-46c5-a517-6ec9de94494c: our priority 0 <= candidate's priority 1
2023-02-21 13:41:29,041 [grpc-default-executor-0] INFO  server.RaftServer$Division (RaftServerImpl.java:setRole(321)) - 7309d6a4-9c1d-4dc9-b84b-2418a7036ef2@group-4A9D858258DA: changes role from  FOLLOWER to FOLLOWER at term 1 for candidate:41686b04-70c8-46c5-a517-6ec9de94494c
2023-02-21 13:41:29,041 [grpc-default-executor-0] INFO  impl.RoleInfo (RoleInfo.java:shutdownFollowerState(110)) - 7309d6a4-9c1d-4dc9-b84b-2418a7036ef2: shutdown 7309d6a4-9c1d-4dc9-b84b-2418a7036ef2@group-4A9D858258DA-FollowerState
2023-02-21 13:41:29,041 [grpc-default-executor-0] INFO  impl.RoleInfo (RoleInfo.java:updateAndGet(139)) - 7309d6a4-9c1d-4dc9-b84b-2418a7036ef2: start 7309d6a4-9c1d-4dc9-b84b-2418a7036ef2@group-4A9D858258DA-FollowerState
2023-02-21 13:41:29,042 [7309d6a4-9c1d-4dc9-b84b-2418a7036ef2@group-4A9D858258DA-FollowerState] INFO  impl.FollowerState (FollowerState.java:run(152)) - 7309d6a4-9c1d-4dc9-b84b-2418a7036ef2@group-4A9D858258DA-FollowerState was interrupted
2023-02-21 13:41:29,042 [7309d6a4-9c1d-4dc9-b84b-2418a7036ef2@group-4A9D858258DA-FollowerState] INFO  server.RaftServerConfigKeys (ConfUtils.java:logFallback(53)) - raft.server.rpc.first-election.timeout.min = 5s (fallback to raft.server.rpc.timeout.min)
2023-02-21 13:41:29,042 [7309d6a4-9c1d-4dc9-b84b-2418a7036ef2@group-4A9D858258DA-FollowerState] INFO  server.RaftServerConfigKeys (ConfUtils.java:logFallback(53)) - raft.server.rpc.first-election.timeout.max = 5200ms (fallback to raft.server.rpc.timeout.max)
2023-02-21 13:41:29,043 [7309d6a4-9c1d-4dc9-b84b-2418a7036ef2@group-B1B7CB2BEB3E-FollowerState] INFO  impl.FollowerState (FollowerState.java:run(143)) - 7309d6a4-9c1d-4dc9-b84b-2418a7036ef2@group-B1B7CB2BEB3E-FollowerState: change to CANDIDATE, lastRpcElapsedTime:5015999011ns, electionTimeout:5012ms
2023-02-21 13:41:29,043 [7309d6a4-9c1d-4dc9-b84b-2418a7036ef2@group-B1B7CB2BEB3E-FollowerState] INFO  impl.RoleInfo (RoleInfo.java:shutdownFollowerState(110)) - 7309d6a4-9c1d-4dc9-b84b-2418a7036ef2: shutdown 7309d6a4-9c1d-4dc9-b84b-2418a7036ef2@group-B1B7CB2BEB3E-FollowerState
2023-02-21 13:41:29,043 [7309d6a4-9c1d-4dc9-b84b-2418a7036ef2@group-B1B7CB2BEB3E-FollowerState] INFO  server.RaftServer$Division (RaftServerImpl.java:setRole(321)) - 7309d6a4-9c1d-4dc9-b84b-2418a7036ef2@group-B1B7CB2BEB3E: changes role from  FOLLOWER to CANDIDATE at term 0 for changeToCandidate
2023-02-21 13:41:29,043 [7309d6a4-9c1d-4dc9-b84b-2418a7036ef2@group-B1B7CB2BEB3E-FollowerState] INFO  server.RaftServerConfigKeys (ConfUtils.java:logGet(46)) - raft.server.leaderelection.pre-vote = true (default)
2023-02-21 13:41:29,043 [7309d6a4-9c1d-4dc9-b84b-2418a7036ef2@group-B1B7CB2BEB3E-FollowerState] INFO  impl.RoleInfo (RoleInfo.java:updateAndGet(139)) - 7309d6a4-9c1d-4dc9-b84b-2418a7036ef2: start 7309d6a4-9c1d-4dc9-b84b-2418a7036ef2@group-B1B7CB2BEB3E-LeaderElection34
2023-02-21 13:41:29,044 [30d23356-b820-4c87-80b9-55beb4a3056d@group-4A9D858258DA-FollowerState] INFO  server.RaftServerConfigKeys (ConfUtils.java:logFallback(53)) - raft.server.rpc.first-election.timeout.min = 5s (fallback to raft.server.rpc.timeout.min)
2023-02-21 13:41:29,044 [30d23356-b820-4c87-80b9-55beb4a3056d@group-4A9D858258DA-FollowerState] INFO  server.RaftServerConfigKeys (ConfUtils.java:logFallback(53)) - raft.server.rpc.first-election.timeout.max = 5200ms (fallback to raft.server.rpc.timeout.max)
2023-02-21 13:41:29,044 [grpc-default-executor-0] INFO  server.RaftServer$Division (RaftServerImpl.java:requestVote(1251)) - 7309d6a4-9c1d-4dc9-b84b-2418a7036ef2@group-4A9D858258DA replies to ELECTION vote request: 41686b04-70c8-46c5-a517-6ec9de94494c<-7309d6a4-9c1d-4dc9-b84b-2418a7036ef2#0:OK-t1. Peer's state: 7309d6a4-9c1d-4dc9-b84b-2418a7036ef2@group-4A9D858258DA:t1, leader=null, voted=41686b04-70c8-46c5-a517-6ec9de94494c, raftlog=Memoized:7309d6a4-9c1d-4dc9-b84b-2418a7036ef2@group-4A9D858258DA-SegmentedRaftLog:OPENED:c-1, conf=-1: peers:[30d23356-b820-4c87-80b9-55beb4a3056d|rpc:10.1.0.81:36595|dataStream:10.1.0.81:40757|priority:0|startupRole:FOLLOWER, 41686b04-70c8-46c5-a517-6ec9de94494c|rpc:10.1.0.81:35261|dataStream:10.1.0.81:37199|priority:1|startupRole:FOLLOWER, 7309d6a4-9c1d-4dc9-b84b-2418a7036ef2|rpc:10.1.0.81:45591|dataStream:10.1.0.81:35815|priority:0|startupRole:FOLLOWER]|listeners:[], old=null
2023-02-21 13:41:29,047 [7309d6a4-9c1d-4dc9-b84b-2418a7036ef2@group-B1B7CB2BEB3E-LeaderElection34] INFO  impl.LeaderElection (LeaderElection.java:askForVotes(312)) - 7309d6a4-9c1d-4dc9-b84b-2418a7036ef2@group-B1B7CB2BEB3E-LeaderElection34 PRE_VOTE round 0: submit vote requests at term 0 for -1: peers:[30d23356-b820-4c87-80b9-55beb4a3056d|rpc:10.1.0.81:36595|dataStream:10.1.0.81:40757|priority:1|startupRole:FOLLOWER, 41686b04-70c8-46c5-a517-6ec9de94494c|rpc:10.1.0.81:35261|dataStream:10.1.0.81:37199|priority:0|startupRole:FOLLOWER, 7309d6a4-9c1d-4dc9-b84b-2418a7036ef2|rpc:10.1.0.81:45591|dataStream:10.1.0.81:35815|priority:0|startupRole:FOLLOWER]|listeners:[], old=null
2023-02-21 13:41:29,047 [grpc-default-executor-0] INFO  server.RaftServer$Division (RaftServerImpl.java:requestVote(1218)) - 30d23356-b820-4c87-80b9-55beb4a3056d@group-4A9D858258DA: receive requestVote(ELECTION, 41686b04-70c8-46c5-a517-6ec9de94494c, group-4A9D858258DA, 1, (t:0, i:0))
2023-02-21 13:41:29,047 [grpc-default-executor-0] INFO  impl.VoteContext (VoteContext.java:log(49)) - 30d23356-b820-4c87-80b9-55beb4a3056d@group-4A9D858258DA-FOLLOWER: accept ELECTION from 41686b04-70c8-46c5-a517-6ec9de94494c: our priority 0 <= candidate's priority 1
2023-02-21 13:41:29,047 [grpc-default-executor-0] INFO  server.RaftServer$Division (RaftServerImpl.java:setRole(321)) - 30d23356-b820-4c87-80b9-55beb4a3056d@group-4A9D858258DA: changes role from  FOLLOWER to FOLLOWER at term 1 for candidate:41686b04-70c8-46c5-a517-6ec9de94494c
2023-02-21 13:41:29,047 [grpc-default-executor-0] INFO  impl.RoleInfo (RoleInfo.java:shutdownFollowerState(110)) - 30d23356-b820-4c87-80b9-55beb4a3056d: shutdown 30d23356-b820-4c87-80b9-55beb4a3056d@group-4A9D858258DA-FollowerState
2023-02-21 13:41:29,048 [7309d6a4-9c1d-4dc9-b84b-2418a7036ef2@group-B1B7CB2BEB3E-LeaderElection34] INFO  server.RaftServerConfigKeys (ConfUtils.java:logFallback(53)) - raft.server.rpc.first-election.timeout.min = 5s (fallback to raft.server.rpc.timeout.min)
2023-02-21 13:41:29,048 [7309d6a4-9c1d-4dc9-b84b-2418a7036ef2@group-B1B7CB2BEB3E-LeaderElection34] INFO  server.RaftServerConfigKeys (ConfUtils.java:logFallback(53)) - raft.server.rpc.first-election.timeout.max = 5200ms (fallback to raft.server.rpc.timeout.max)
2023-02-21 13:41:29,048 [41686b04-70c8-46c5-a517-6ec9de94494c@group-4A9D858258DA-LeaderElection33] INFO  impl.LeaderElection (LeaderElection.java:logAndReturn(90)) - 41686b04-70c8-46c5-a517-6ec9de94494c@group-4A9D858258DA-LeaderElection33: ELECTION PASSED received 1 response(s) and 0 exception(s):
2023-02-21 13:41:29,049 [41686b04-70c8-46c5-a517-6ec9de94494c@group-4A9D858258DA-LeaderElection33] INFO  impl.LeaderElection (LeaderElection.java:logAndReturn(94)) -   Response 0: 41686b04-70c8-46c5-a517-6ec9de94494c<-7309d6a4-9c1d-4dc9-b84b-2418a7036ef2#0:OK-t1
2023-02-21 13:41:29,049 [41686b04-70c8-46c5-a517-6ec9de94494c@group-4A9D858258DA-LeaderElection33] INFO  impl.LeaderElection (LeaderElection.java:askForVotes(314)) - 41686b04-70c8-46c5-a517-6ec9de94494c@group-4A9D858258DA-LeaderElection33 ELECTION round 0: result PASSED
2023-02-21 13:41:29,049 [41686b04-70c8-46c5-a517-6ec9de94494c@group-4A9D858258DA-LeaderElection33] INFO  impl.RoleInfo (RoleInfo.java:shutdownLeaderElection(130)) - 41686b04-70c8-46c5-a517-6ec9de94494c: shutdown 41686b04-70c8-46c5-a517-6ec9de94494c@group-4A9D858258DA-LeaderElection33
2023-02-21 13:41:29,049 [41686b04-70c8-46c5-a517-6ec9de94494c@group-4A9D858258DA-LeaderElection33] INFO  server.RaftServer$Division (RaftServerImpl.java:setRole(321)) - 41686b04-70c8-46c5-a517-6ec9de94494c@group-4A9D858258DA: changes role from CANDIDATE to LEADER at term 1 for changeToLeader
2023-02-21 13:41:29,049 [41686b04-70c8-46c5-a517-6ec9de94494c@group-4A9D858258DA-LeaderElection33] INFO  ratis.XceiverServerRatis (XceiverServerRatis.java:handleLeaderChangedNotification(905)) - Leader change notification received for group: group-4A9D858258DA with new leaderId: 41686b04-70c8-46c5-a517-6ec9de94494c
2023-02-21 13:41:29,049 [41686b04-70c8-46c5-a517-6ec9de94494c@group-4A9D858258DA-LeaderElection33] INFO  server.RaftServer$Division (ServerState.java:setLeader(313)) - 41686b04-70c8-46c5-a517-6ec9de94494c@group-4A9D858258DA: change Leader from null to 41686b04-70c8-46c5-a517-6ec9de94494c at term 1 for becomeLeader, leader elected after 5124ms
2023-02-21 13:41:29,049 [41686b04-70c8-46c5-a517-6ec9de94494c@group-4A9D858258DA-LeaderElection33] INFO  server.RaftServerConfigKeys (ConfUtils.java:logGet(46)) - raft.server.staging.catchup.gap = 1000 (default)
2023-02-21 13:41:29,049 [41686b04-70c8-46c5-a517-6ec9de94494c@group-4A9D858258DA-LeaderElection33] INFO  server.RaftServerConfigKeys (ConfUtils.java:logGet(46)) - raft.server.write.element-limit = 1024 (custom)
2023-02-21 13:41:29,049 [41686b04-70c8-46c5-a517-6ec9de94494c@group-4A9D858258DA-LeaderElection33] INFO  server.RaftServerConfigKeys (ConfUtils.java:logGet(46)) - raft.server.write.byte-limit = 1024 M (=1073741824) (custom)
2023-02-21 13:41:29,049 [41686b04-70c8-46c5-a517-6ec9de94494c@group-4A9D858258DA-LeaderElection33] INFO  server.RaftServerConfigKeys (ConfUtils.java:logGet(46)) - raft.server.watch.timeout = 180s (custom)
2023-02-21 13:41:29,049 [41686b04-70c8-46c5-a517-6ec9de94494c@group-4A9D858258DA-LeaderElection33] INFO  server.RaftServerConfigKeys (ConfUtils.java:logGet(46)) - raft.server.watch.timeout.denomination = 1s (default)
2023-02-21 13:41:29,049 [41686b04-70c8-46c5-a517-6ec9de94494c@group-4A9D858258DA-LeaderElection33] INFO  server.RaftServerConfigKeys (ConfUtils.java:logGet(46)) - raft.server.watch.element-limit = 65536 (default)
2023-02-21 13:41:29,050 [41686b04-70c8-46c5-a517-6ec9de94494c@group-4A9D858258DA-LeaderElection33] INFO  server.RaftServerConfigKeys (ConfUtils.java:logGet(46)) - raft.server.write.element-limit = 1024 (custom)
2023-02-21 13:41:29,050 [41686b04-70c8-46c5-a517-6ec9de94494c@group-4A9D858258DA-LeaderElection33] INFO  server.RaftServerConfigKeys (ConfUtils.java:logGet(46)) - raft.server.write.follower.gap.ratio.max = -1.0 (default)
2023-02-21 13:41:29,050 [41686b04-70c8-46c5-a517-6ec9de94494c@group-4A9D858258DA-LeaderElection33] INFO  server.RaftServerConfigKeys (ConfUtils.java:logGet(46)) - raft.server.log.appender.snapshot.chunk.size.max = 16MB (=16777216) (default)
2023-02-21 13:41:29,050 [30d23356-b820-4c87-80b9-55beb4a3056d@group-4A9D858258DA-FollowerState] INFO  impl.FollowerState (FollowerState.java:run(152)) - 30d23356-b820-4c87-80b9-55beb4a3056d@group-4A9D858258DA-FollowerState was interrupted
2023-02-21 13:41:29,050 [grpc-default-executor-0] INFO  impl.RoleInfo (RoleInfo.java:updateAndGet(139)) - 30d23356-b820-4c87-80b9-55beb4a3056d: start 30d23356-b820-4c87-80b9-55beb4a3056d@group-4A9D858258DA-FollowerState
2023-02-21 13:41:29,051 [EventQueue-PipelineReportForPipelineReportHandler] INFO  pipeline.PipelineManagerImpl (PipelineManagerImpl.java:openPipeline(367)) - Pipeline Pipeline[ Id: 2f351b18-eae5-4010-adec-4a9d858258da, Nodes: 7309d6a4-9c1d-4dc9-b84b-2418a7036ef2(fv-az318-260.ewvrrcgabbbubjc05i3n4a3pph.dx.internal.cloudapp.net/10.1.0.81)41686b04-70c8-46c5-a517-6ec9de94494c(fv-az318-260.ewvrrcgabbbubjc05i3n4a3pph.dx.internal.cloudapp.net/10.1.0.81)30d23356-b820-4c87-80b9-55beb4a3056d(fv-az318-260.ewvrrcgabbbubjc05i3n4a3pph.dx.internal.cloudapp.net/10.1.0.81), ReplicationConfig: RATIS/THREE, State:ALLOCATED, leaderId:41686b04-70c8-46c5-a517-6ec9de94494c, CreationTimestamp2023-02-21T13:41:21.525Z[Etc/UTC]] moved to OPEN state
2023-02-21 13:41:29,051 [EventQueue-OpenPipelineForHealthyPipelineSafeModeRule] INFO  safemode.SCMSafeModeManager (HealthyPipelineSafeModeRule.java:process(137)) - SCM in safe mode. Healthy pipelines reported count is 1, required healthy pipeline reported count is 1
2023-02-21 13:41:29,052 [EventQueue-OpenPipelineForHealthyPipelineSafeModeRule] INFO  safemode.SCMSafeModeManager (SCMSafeModeManager.java:validateSafeModeExitRules(200)) - HealthyPipelineSafeModeRule rule is successfully validated
2023-02-21 13:41:29,052 [EventQueue-OpenPipelineForHealthyPipelineSafeModeRule] INFO  safemode.SCMSafeModeManager (SCMSafeModeManager.java:validateSafeModeExitRules(215)) - ScmSafeModeManager, all rules are successfully validated
2023-02-21 13:41:29,052 [EventQueue-OpenPipelineForHealthyPipelineSafeModeRule] INFO  safemode.SCMSafeModeManager (SCMSafeModeManager.java:exitSafeMode(244)) - SCM exiting safe mode.
2023-02-21 13:41:29,052 [EventQueue-OpenPipelineForHealthyPipelineSafeModeRule] INFO  ha.SCMContext (SCMContext.java:updateSafeModeStatus(228)) - Update SafeModeStatus from SafeModeStatus{safeModeStatus=true, preCheckPassed=true} to SafeModeStatus{safeModeStatus=false, preCheckPassed=true}.
2023-02-21 13:41:29,052 [EventQueue-OpenPipelineForHealthyPipelineSafeModeRule] INFO  pipeline.BackgroundPipelineCreator (BackgroundPipelineCreator.java:notifyStatusChanged(254)) - Service BackgroundPipelineCreator transitions to RUNNING.
2023-02-21 13:41:29,052 [EventQueue-OpenPipelineForHealthyPipelineSafeModeRule] INFO  BackgroundPipelineScrubber (BackgroundSCMService.java:notifyStatusChanged(82)) - Service BackgroundPipelineScrubber transitions to RUNNING.
2023-02-21 13:41:29,052 [EventQueue-OpenPipelineForHealthyPipelineSafeModeRule] INFO  ExpiredContainerReplicaOpScrubber (BackgroundSCMService.java:notifyStatusChanged(82)) - Service ExpiredContainerReplicaOpScrubber transitions to RUNNING.
2023-02-21 13:41:29,052 [EventQueue-OpenPipelineForHealthyPipelineSafeModeRule] INFO  replication.ReplicationManager (ReplicationManager.java:notifyStatusChanged(1083)) - Service ReplicationManager transitions to RUNNING.
2023-02-21 13:41:29,052 [EventQueue-OpenPipelineForHealthyPipelineSafeModeRule] WARN  balancer.ContainerBalancer (ContainerBalancer.java:shouldRun(131)) - Could not find persisted configuration for ContainerBalancer when checking if ContainerBalancer should run. ContainerBalancer should not run now.
2023-02-21 13:41:29,052 [41686b04-70c8-46c5-a517-6ec9de94494c@group-4A9D858258DA-LeaderElection33] INFO  server.RaftServerConfigKeys (ConfUtils.java:logGet(46)) - raft.server.log.appender.buffer.byte-limit = 33554432 (custom)
2023-02-21 13:41:29,055 [grpc-default-executor-0] INFO  server.RaftServer$Division (RaftServerImpl.java:requestVote(1251)) - 30d23356-b820-4c87-80b9-55beb4a3056d@group-4A9D858258DA replies to ELECTION vote request: 41686b04-70c8-46c5-a517-6ec9de94494c<-30d23356-b820-4c87-80b9-55beb4a3056d#0:OK-t1. Peer's state: 30d23356-b820-4c87-80b9-55beb4a3056d@group-4A9D858258DA:t1, leader=null, voted=41686b04-70c8-46c5-a517-6ec9de94494c, raftlog=Memoized:30d23356-b820-4c87-80b9-55beb4a3056d@group-4A9D858258DA-SegmentedRaftLog:OPENED:c-1, conf=-1: peers:[30d23356-b820-4c87-80b9-55beb4a3056d|rpc:10.1.0.81:36595|dataStream:10.1.0.81:40757|priority:0|startupRole:FOLLOWER, 41686b04-70c8-46c5-a517-6ec9de94494c|rpc:10.1.0.81:35261|dataStream:10.1.0.81:37199|priority:1|startupRole:FOLLOWER, 7309d6a4-9c1d-4dc9-b84b-2418a7036ef2|rpc:10.1.0.81:45591|dataStream:10.1.0.81:35815|priority:0|startupRole:FOLLOWER]|listeners:[], old=null
2023-02-21 13:41:29,056 [grpc-default-executor-1] INFO  server.RaftServer$Division (RaftServerImpl.java:requestVote(1218)) - 41686b04-70c8-46c5-a517-6ec9de94494c@group-B1B7CB2BEB3E: receive requestVote(PRE_VOTE, 7309d6a4-9c1d-4dc9-b84b-2418a7036ef2, group-B1B7CB2BEB3E, 0, (t:0, i:0))
2023-02-21 13:41:29,056 [grpc-default-executor-1] INFO  impl.VoteContext (VoteContext.java:log(49)) - 41686b04-70c8-46c5-a517-6ec9de94494c@group-B1B7CB2BEB3E-FOLLOWER: accept PRE_VOTE from 7309d6a4-9c1d-4dc9-b84b-2418a7036ef2: our priority 0 <= candidate's priority 0
2023-02-21 13:41:29,057 [grpc-default-executor-1] INFO  server.RaftServer$Division (RaftServerImpl.java:requestVote(1251)) - 41686b04-70c8-46c5-a517-6ec9de94494c@group-B1B7CB2BEB3E replies to PRE_VOTE vote request: 7309d6a4-9c1d-4dc9-b84b-2418a7036ef2<-41686b04-70c8-46c5-a517-6ec9de94494c#0:OK-t0. Peer's state: 41686b04-70c8-46c5-a517-6ec9de94494c@group-B1B7CB2BEB3E:t0, leader=null, voted=, raftlog=Memoized:41686b04-70c8-46c5-a517-6ec9de94494c@group-B1B7CB2BEB3E-SegmentedRaftLog:OPENED:c-1, conf=-1: peers:[30d23356-b820-4c87-80b9-55beb4a3056d|rpc:10.1.0.81:36595|dataStream:10.1.0.81:40757|priority:1|startupRole:FOLLOWER, 41686b04-70c8-46c5-a517-6ec9de94494c|rpc:10.1.0.81:35261|dataStream:10.1.0.81:37199|priority:0|startupRole:FOLLOWER, 7309d6a4-9c1d-4dc9-b84b-2418a7036ef2|rpc:10.1.0.81:45591|dataStream:10.1.0.81:35815|priority:0|startupRole:FOLLOWER]|listeners:[], old=null
2023-02-21 13:41:29,057 [grpc-default-executor-2] INFO  server.RaftServer$Division (RaftServerImpl.java:requestVote(1218)) - 30d23356-b820-4c87-80b9-55beb4a3056d@group-B1B7CB2BEB3E: receive requestVote(PRE_VOTE, 7309d6a4-9c1d-4dc9-b84b-2418a7036ef2, group-B1B7CB2BEB3E, 0, (t:0, i:0))
2023-02-21 13:41:29,057 [grpc-default-executor-2] INFO  impl.VoteContext (VoteContext.java:log(49)) - 30d23356-b820-4c87-80b9-55beb4a3056d@group-B1B7CB2BEB3E-FOLLOWER: reject PRE_VOTE from 7309d6a4-9c1d-4dc9-b84b-2418a7036ef2: our priority 1 > candidate's priority 0
2023-02-21 13:41:29,057 [grpc-default-executor-2] INFO  server.RaftServer$Division (RaftServerImpl.java:requestVote(1251)) - 30d23356-b820-4c87-80b9-55beb4a3056d@group-B1B7CB2BEB3E replies to PRE_VOTE vote request: 7309d6a4-9c1d-4dc9-b84b-2418a7036ef2<-30d23356-b820-4c87-80b9-55beb4a3056d#0:FAIL-t0. Peer's state: 30d23356-b820-4c87-80b9-55beb4a3056d@group-B1B7CB2BEB3E:t0, leader=null, voted=, raftlog=Memoized:30d23356-b820-4c87-80b9-55beb4a3056d@group-B1B7CB2BEB3E-SegmentedRaftLog:OPENED:c-1, conf=-1: peers:[30d23356-b820-4c87-80b9-55beb4a3056d|rpc:10.1.0.81:36595|dataStream:10.1.0.81:40757|priority:1|startupRole:FOLLOWER, 41686b04-70c8-46c5-a517-6ec9de94494c|rpc:10.1.0.81:35261|dataStream:10.1.0.81:37199|priority:0|startupRole:FOLLOWER, 7309d6a4-9c1d-4dc9-b84b-2418a7036ef2|rpc:10.1.0.81:45591|dataStream:10.1.0.81:35815|priority:0|startupRole:FOLLOWER]|listeners:[], old=null
2023-02-21 13:41:29,058 [7309d6a4-9c1d-4dc9-b84b-2418a7036ef2@group-B1B7CB2BEB3E-LeaderElection34] INFO  impl.LeaderElection (LeaderElection.java:logAndReturn(90)) - 7309d6a4-9c1d-4dc9-b84b-2418a7036ef2@group-B1B7CB2BEB3E-LeaderElection34: PRE_VOTE REJECTED received 1 response(s) and 0 exception(s):
2023-02-21 13:41:29,058 [7309d6a4-9c1d-4dc9-b84b-2418a7036ef2@group-B1B7CB2BEB3E-LeaderElection34] INFO  impl.LeaderElection (LeaderElection.java:logAndReturn(94)) -   Response 0: 7309d6a4-9c1d-4dc9-b84b-2418a7036ef2<-30d23356-b820-4c87-80b9-55beb4a3056d#0:FAIL-t0
2023-02-21 13:41:29,058 [7309d6a4-9c1d-4dc9-b84b-2418a7036ef2@group-B1B7CB2BEB3E-LeaderElection34] INFO  impl.LeaderElection (LeaderElection.java:askForVotes(314)) - 7309d6a4-9c1d-4dc9-b84b-2418a7036ef2@group-B1B7CB2BEB3E-LeaderElection34 PRE_VOTE round 0: result REJECTED
2023-02-21 13:41:29,058 [7309d6a4-9c1d-4dc9-b84b-2418a7036ef2@group-B1B7CB2BEB3E-LeaderElection34] INFO  server.RaftServer$Division (RaftServerImpl.java:setRole(321)) - 7309d6a4-9c1d-4dc9-b84b-2418a7036ef2@group-B1B7CB2BEB3E: changes role from CANDIDATE to FOLLOWER at term 0 for REJECTED
2023-02-21 13:41:29,059 [7309d6a4-9c1d-4dc9-b84b-2418a7036ef2@group-B1B7CB2BEB3E-LeaderElection34] INFO  impl.RoleInfo (RoleInfo.java:shutdownLeaderElection(130)) - 7309d6a4-9c1d-4dc9-b84b-2418a7036ef2: shutdown 7309d6a4-9c1d-4dc9-b84b-2418a7036ef2@group-B1B7CB2BEB3E-LeaderElection34
2023-02-21 13:41:29,055 [30d23356-b820-4c87-80b9-55beb4a3056d@group-4A9D858258DA-FollowerState] INFO  server.RaftServerConfigKeys (ConfUtils.java:logFallback(53)) - raft.server.rpc.first-election.timeout.min = 5s (fallback to raft.server.rpc.timeout.min)
2023-02-21 13:41:29,059 [30d23356-b820-4c87-80b9-55beb4a3056d@group-4A9D858258DA-FollowerState] INFO  server.RaftServerConfigKeys (ConfUtils.java:logFallback(53)) - raft.server.rpc.first-election.timeout.max = 5200ms (fallback to raft.server.rpc.timeout.max)
2023-02-21 13:41:29,059 [7309d6a4-9c1d-4dc9-b84b-2418a7036ef2@group-B1B7CB2BEB3E-LeaderElection34] INFO  impl.RoleInfo (RoleInfo.java:updateAndGet(139)) - 7309d6a4-9c1d-4dc9-b84b-2418a7036ef2: start 7309d6a4-9c1d-4dc9-b84b-2418a7036ef2@group-B1B7CB2BEB3E-FollowerState
2023-02-21 13:41:29,055 [41686b04-70c8-46c5-a517-6ec9de94494c@group-4A9D858258DA-LeaderElection33] INFO  server.RaftServerConfigKeys (ConfUtils.java:logGet(46)) - raft.server.log.appender.buffer.element-limit = 1 (custom)
2023-02-21 13:41:29,059 [7309d6a4-9c1d-4dc9-b84b-2418a7036ef2@group-B1B7CB2BEB3E-FollowerState] INFO  server.RaftServerConfigKeys (ConfUtils.java:logFallback(53)) - raft.server.rpc.first-election.timeout.min = 5s (fallback to raft.server.rpc.timeout.min)
2023-02-21 13:41:29,059 [41686b04-70c8-46c5-a517-6ec9de94494c@group-4A9D858258DA-LeaderElection33] INFO  grpc.GrpcConfigKeys (ConfUtils.java:logGet(46)) - raft.grpc.server.leader.outstanding.appends.max = 128 (default)
2023-02-21 13:41:29,059 [41686b04-70c8-46c5-a517-6ec9de94494c@group-4A9D858258DA-LeaderElection33] INFO  server.RaftServerConfigKeys (ConfUtils.java:logGet(46)) - raft.server.rpc.request.timeout = 60s (custom)
2023-02-21 13:41:29,059 [41686b04-70c8-46c5-a517-6ec9de94494c@group-4A9D858258DA-LeaderElection33] INFO  server.RaftServerConfigKeys (ConfUtils.java:logGet(46)) - raft.server.log.appender.install.snapshot.enabled = false (custom)
2023-02-21 13:41:29,060 [41686b04-70c8-46c5-a517-6ec9de94494c@group-4A9D858258DA-LeaderElection33] INFO  grpc.GrpcConfigKeys (ConfUtils.java:logGet(46)) - raft.grpc.server.heartbeat.channel = true (default)
2023-02-21 13:41:29,060 [7309d6a4-9c1d-4dc9-b84b-2418a7036ef2@group-B1B7CB2BEB3E-FollowerState] INFO  server.RaftServerConfigKeys (ConfUtils.java:logFallback(53)) - raft.server.rpc.first-election.timeout.max = 5200ms (fallback to raft.server.rpc.timeout.max)
2023-02-21 13:41:29,060 [41686b04-70c8-46c5-a517-6ec9de94494c@group-4A9D858258DA-LeaderElection33] INFO  server.RaftServerConfigKeys (ConfUtils.java:logGet(46)) - raft.server.log.appender.wait-time.min = 10ms (default)
2023-02-21 13:41:29,060 [41686b04-70c8-46c5-a517-6ec9de94494c@group-4A9D858258DA-LeaderElection33] INFO  server.RaftServerConfigKeys (ConfUtils.java:logGet(46)) - raft.server.log.appender.snapshot.chunk.size.max = 16MB (=16777216) (default)
2023-02-21 13:41:29,060 [41686b04-70c8-46c5-a517-6ec9de94494c@group-4A9D858258DA-LeaderElection33] INFO  server.RaftServerConfigKeys (ConfUtils.java:logGet(46)) - raft.server.log.appender.buffer.byte-limit = 33554432 (custom)
2023-02-21 13:41:29,060 [41686b04-70c8-46c5-a517-6ec9de94494c@group-4A9D858258DA-LeaderElection33] INFO  server.RaftServerConfigKeys (ConfUtils.java:logGet(46)) - raft.server.log.appender.buffer.element-limit = 1 (custom)
2023-02-21 13:41:29,060 [41686b04-70c8-46c5-a517-6ec9de94494c@group-4A9D858258DA-LeaderElection33] INFO  grpc.GrpcConfigKeys (ConfUtils.java:logGet(46)) - raft.grpc.server.leader.outstanding.appends.max = 128 (default)
2023-02-21 13:41:29,061 [41686b04-70c8-46c5-a517-6ec9de94494c@group-4A9D858258DA-LeaderElection33] INFO  server.RaftServerConfigKeys (ConfUtils.java:logGet(46)) - raft.server.rpc.request.timeout = 60s (custom)
2023-02-21 13:41:29,061 [41686b04-70c8-46c5-a517-6ec9de94494c@group-4A9D858258DA-LeaderElection33] INFO  server.RaftServerConfigKeys (ConfUtils.java:logGet(46)) - raft.server.log.appender.install.snapshot.enabled = false (custom)
2023-02-21 13:41:29,061 [41686b04-70c8-46c5-a517-6ec9de94494c@group-4A9D858258DA-LeaderElection33] INFO  grpc.GrpcConfigKeys (ConfUtils.java:logGet(46)) - raft.grpc.server.heartbeat.channel = true (default)
2023-02-21 13:41:29,061 [41686b04-70c8-46c5-a517-6ec9de94494c@group-4A9D858258DA-LeaderElection33] INFO  server.RaftServerConfigKeys (ConfUtils.java:logGet(46)) - raft.server.log.appender.wait-time.min = 10ms (default)
2023-02-21 13:41:29,061 [41686b04-70c8-46c5-a517-6ec9de94494c@group-4A9D858258DA-LeaderElection33] INFO  impl.RoleInfo (RoleInfo.java:updateAndGet(139)) - 41686b04-70c8-46c5-a517-6ec9de94494c: start 41686b04-70c8-46c5-a517-6ec9de94494c@group-4A9D858258DA-LeaderStateImpl
2023-02-21 13:41:29,061 [41686b04-70c8-46c5-a517-6ec9de94494c@group-4A9D858258DA-LeaderElection33] INFO  segmented.SegmentedRaftLogWorker (SegmentedRaftLogWorker.java:startLogSegment(452)) - 41686b04-70c8-46c5-a517-6ec9de94494c@group-4A9D858258DA-SegmentedRaftLogWorker: Starting segment from index:0
2023-02-21 13:41:29,069 [41686b04-70c8-46c5-a517-6ec9de94494c@group-4A9D858258DA-LeaderElection33] INFO  server.RaftServer$Division (ServerState.java:setRaftConf(430)) - 41686b04-70c8-46c5-a517-6ec9de94494c@group-4A9D858258DA: set configuration 0: peers:[30d23356-b820-4c87-80b9-55beb4a3056d|rpc:10.1.0.81:36595|dataStream:10.1.0.81:40757|priority:0|startupRole:FOLLOWER, 41686b04-70c8-46c5-a517-6ec9de94494c|rpc:10.1.0.81:35261|dataStream:10.1.0.81:37199|priority:1|startupRole:FOLLOWER, 7309d6a4-9c1d-4dc9-b84b-2418a7036ef2|rpc:10.1.0.81:45591|dataStream:10.1.0.81:35815|priority:0|startupRole:FOLLOWER]|listeners:[], old=null
2023-02-21 13:41:29,070 [41686b04-70c8-46c5-a517-6ec9de94494c@group-4A9D858258DA-SegmentedRaftLogWorker] INFO  segmented.SegmentedRaftLogWorker (SegmentedRaftLogWorker.java:execute(656)) - 41686b04-70c8-46c5-a517-6ec9de94494c@group-4A9D858258DA-SegmentedRaftLogWorker: created new log segment /home/runner/work/ozone/ozone/hadoop-ozone/integration-test/target/test-dir/MiniOzoneClusterImpl-5c741f75-a5c3-4524-84b8-0544f40d398a/datanode-1/data/ratis/2f351b18-eae5-4010-adec-4a9d858258da/current/log_inprogress_0
2023-02-21 13:41:29,075 [30d23356-b820-4c87-80b9-55beb4a3056d-server-thread1] INFO  ratis.XceiverServerRatis (XceiverServerRatis.java:handleLeaderChangedNotification(905)) - Leader change notification received for group: group-4A9D858258DA with new leaderId: 41686b04-70c8-46c5-a517-6ec9de94494c
2023-02-21 13:41:29,075 [30d23356-b820-4c87-80b9-55beb4a3056d-server-thread1] INFO  server.RaftServer$Division (ServerState.java:setLeader(313)) - 30d23356-b820-4c87-80b9-55beb4a3056d@group-4A9D858258DA: change Leader from null to 41686b04-70c8-46c5-a517-6ec9de94494c at term 1 for appendEntries, leader elected after 5272ms
2023-02-21 13:41:29,081 [7309d6a4-9c1d-4dc9-b84b-2418a7036ef2-server-thread1] INFO  ratis.XceiverServerRatis (XceiverServerRatis.java:handleLeaderChangedNotification(905)) - Leader change notification received for group: group-4A9D858258DA with new leaderId: 41686b04-70c8-46c5-a517-6ec9de94494c
2023-02-21 13:41:29,081 [7309d6a4-9c1d-4dc9-b84b-2418a7036ef2-server-thread1] INFO  server.RaftServer$Division (ServerState.java:setLeader(313)) - 7309d6a4-9c1d-4dc9-b84b-2418a7036ef2@group-4A9D858258DA: change Leader from null to 41686b04-70c8-46c5-a517-6ec9de94494c at term 1 for appendEntries, leader elected after 5191ms
2023-02-21 13:41:29,083 [7309d6a4-9c1d-4dc9-b84b-2418a7036ef2-server-thread2] INFO  server.RaftServer$Division (ServerState.java:setRaftConf(430)) - 7309d6a4-9c1d-4dc9-b84b-2418a7036ef2@group-4A9D858258DA: set configuration 0: peers:[30d23356-b820-4c87-80b9-55beb4a3056d|rpc:10.1.0.81:36595|dataStream:10.1.0.81:40757|priority:0|startupRole:FOLLOWER, 41686b04-70c8-46c5-a517-6ec9de94494c|rpc:10.1.0.81:35261|dataStream:10.1.0.81:37199|priority:1|startupRole:FOLLOWER, 7309d6a4-9c1d-4dc9-b84b-2418a7036ef2|rpc:10.1.0.81:45591|dataStream:10.1.0.81:35815|priority:0|startupRole:FOLLOWER]|listeners:[], old=null
2023-02-21 13:41:29,083 [7309d6a4-9c1d-4dc9-b84b-2418a7036ef2-server-thread2] INFO  segmented.SegmentedRaftLogWorker (SegmentedRaftLogWorker.java:startLogSegment(452)) - 7309d6a4-9c1d-4dc9-b84b-2418a7036ef2@group-4A9D858258DA-SegmentedRaftLogWorker: Starting segment from index:0
2023-02-21 13:41:29,084 [30d23356-b820-4c87-80b9-55beb4a3056d-server-thread2] INFO  server.RaftServer$Division (ServerState.java:setRaftConf(430)) - 30d23356-b820-4c87-80b9-55beb4a3056d@group-4A9D858258DA: set configuration 0: peers:[30d23356-b820-4c87-80b9-55beb4a3056d|rpc:10.1.0.81:36595|dataStream:10.1.0.81:40757|priority:0|startupRole:FOLLOWER, 41686b04-70c8-46c5-a517-6ec9de94494c|rpc:10.1.0.81:35261|dataStream:10.1.0.81:37199|priority:1|startupRole:FOLLOWER, 7309d6a4-9c1d-4dc9-b84b-2418a7036ef2|rpc:10.1.0.81:45591|dataStream:10.1.0.81:35815|priority:0|startupRole:FOLLOWER]|listeners:[], old=null
2023-02-21 13:41:29,085 [30d23356-b820-4c87-80b9-55beb4a3056d-server-thread2] INFO  segmented.SegmentedRaftLogWorker (SegmentedRaftLogWorker.java:startLogSegment(452)) - 30d23356-b820-4c87-80b9-55beb4a3056d@group-4A9D858258DA-SegmentedRaftLogWorker: Starting segment from index:0
2023-02-21 13:41:29,085 [7309d6a4-9c1d-4dc9-b84b-2418a7036ef2@group-4A9D858258DA-SegmentedRaftLogWorker] INFO  segmented.SegmentedRaftLogWorker (SegmentedRaftLogWorker.java:execute(656)) - 7309d6a4-9c1d-4dc9-b84b-2418a7036ef2@group-4A9D858258DA-SegmentedRaftLogWorker: created new log segment /home/runner/work/ozone/ozone/hadoop-ozone/integration-test/target/test-dir/MiniOzoneClusterImpl-5c741f75-a5c3-4524-84b8-0544f40d398a/datanode-2/data/ratis/2f351b18-eae5-4010-adec-4a9d858258da/current/log_inprogress_0
2023-02-21 13:41:29,086 [30d23356-b820-4c87-80b9-55beb4a3056d@group-4A9D858258DA-SegmentedRaftLogWorker] INFO  segmented.SegmentedRaftLogWorker (SegmentedRaftLogWorker.java:execute(656)) - 30d23356-b820-4c87-80b9-55beb4a3056d@group-4A9D858258DA-SegmentedRaftLogWorker: created new log segment /home/runner/work/ozone/ozone/hadoop-ozone/integration-test/target/test-dir/MiniOzoneClusterImpl-5c741f75-a5c3-4524-84b8-0544f40d398a/datanode-0/data/ratis/2f351b18-eae5-4010-adec-4a9d858258da/current/log_inprogress_0
2023-02-21 13:41:29,102 [30d23356-b820-4c87-80b9-55beb4a3056d@group-B1B7CB2BEB3E-FollowerState] INFO  impl.FollowerState (FollowerState.java:run(143)) - 30d23356-b820-4c87-80b9-55beb4a3056d@group-B1B7CB2BEB3E-FollowerState: change to CANDIDATE, lastRpcElapsedTime:5135009235ns, electionTimeout:5130ms
2023-02-21 13:41:29,102 [30d23356-b820-4c87-80b9-55beb4a3056d@group-B1B7CB2BEB3E-FollowerState] INFO  impl.RoleInfo (RoleInfo.java:shutdownFollowerState(110)) - 30d23356-b820-4c87-80b9-55beb4a3056d: shutdown 30d23356-b820-4c87-80b9-55beb4a3056d@group-B1B7CB2BEB3E-FollowerState
2023-02-21 13:41:29,102 [30d23356-b820-4c87-80b9-55beb4a3056d@group-B1B7CB2BEB3E-FollowerState] INFO  server.RaftServer$Division (RaftServerImpl.java:setRole(321)) - 30d23356-b820-4c87-80b9-55beb4a3056d@group-B1B7CB2BEB3E: changes role from  FOLLOWER to CANDIDATE at term 0 for changeToCandidate
2023-02-21 13:41:29,102 [30d23356-b820-4c87-80b9-55beb4a3056d@group-B1B7CB2BEB3E-FollowerState] INFO  server.RaftServerConfigKeys (ConfUtils.java:logGet(46)) - raft.server.leaderelection.pre-vote = true (default)
2023-02-21 13:41:29,102 [30d23356-b820-4c87-80b9-55beb4a3056d@group-B1B7CB2BEB3E-FollowerState] INFO  impl.RoleInfo (RoleInfo.java:updateAndGet(139)) - 30d23356-b820-4c87-80b9-55beb4a3056d: start 30d23356-b820-4c87-80b9-55beb4a3056d@group-B1B7CB2BEB3E-LeaderElection35
2023-02-21 13:41:29,104 [30d23356-b820-4c87-80b9-55beb4a3056d@group-B1B7CB2BEB3E-LeaderElection35] INFO  impl.LeaderElection (LeaderElection.java:askForVotes(312)) - 30d23356-b820-4c87-80b9-55beb4a3056d@group-B1B7CB2BEB3E-LeaderElection35 PRE_VOTE round 0: submit vote requests at term 0 for -1: peers:[30d23356-b820-4c87-80b9-55beb4a3056d|rpc:10.1.0.81:36595|dataStream:10.1.0.81:40757|priority:1|startupRole:FOLLOWER, 41686b04-70c8-46c5-a517-6ec9de94494c|rpc:10.1.0.81:35261|dataStream:10.1.0.81:37199|priority:0|startupRole:FOLLOWER, 7309d6a4-9c1d-4dc9-b84b-2418a7036ef2|rpc:10.1.0.81:45591|dataStream:10.1.0.81:35815|priority:0|startupRole:FOLLOWER]|listeners:[], old=null
2023-02-21 13:41:29,106 [30d23356-b820-4c87-80b9-55beb4a3056d@group-B1B7CB2BEB3E-LeaderElection35-1] INFO  server.GrpcServerProtocolClient (GrpcServerProtocolClient.java:<init>(63)) - Build channel for 41686b04-70c8-46c5-a517-6ec9de94494c
2023-02-21 13:41:29,111 [30d23356-b820-4c87-80b9-55beb4a3056d@group-B1B7CB2BEB3E-LeaderElection35] INFO  server.RaftServerConfigKeys (ConfUtils.java:logFallback(53)) - raft.server.rpc.first-election.timeout.min = 5s (fallback to raft.server.rpc.timeout.min)
2023-02-21 13:41:29,111 [30d23356-b820-4c87-80b9-55beb4a3056d@group-B1B7CB2BEB3E-LeaderElection35] INFO  server.RaftServerConfigKeys (ConfUtils.java:logFallback(53)) - raft.server.rpc.first-election.timeout.max = 5200ms (fallback to raft.server.rpc.timeout.max)
2023-02-21 13:41:29,111 [grpc-default-executor-0] INFO  server.RaftServer$Division (RaftServerImpl.java:requestVote(1218)) - 41686b04-70c8-46c5-a517-6ec9de94494c@group-B1B7CB2BEB3E: receive requestVote(PRE_VOTE, 30d23356-b820-4c87-80b9-55beb4a3056d, group-B1B7CB2BEB3E, 0, (t:0, i:0))
2023-02-21 13:41:29,112 [grpc-default-executor-0] INFO  impl.VoteContext (VoteContext.java:log(49)) - 41686b04-70c8-46c5-a517-6ec9de94494c@group-B1B7CB2BEB3E-FOLLOWER: accept PRE_VOTE from 30d23356-b820-4c87-80b9-55beb4a3056d: our priority 0 <= candidate's priority 1
2023-02-21 13:41:29,112 [30d23356-b820-4c87-80b9-55beb4a3056d@group-B1B7CB2BEB3E-LeaderElection35-2] INFO  server.GrpcServerProtocolClient (GrpcServerProtocolClient.java:<init>(63)) - Build channel for 7309d6a4-9c1d-4dc9-b84b-2418a7036ef2
2023-02-21 13:41:29,113 [grpc-default-executor-0] INFO  server.RaftServer$Division (RaftServerImpl.java:requestVote(1251)) - 41686b04-70c8-46c5-a517-6ec9de94494c@group-B1B7CB2BEB3E replies to PRE_VOTE vote request: 30d23356-b820-4c87-80b9-55beb4a3056d<-41686b04-70c8-46c5-a517-6ec9de94494c#0:OK-t0. Peer's state: 41686b04-70c8-46c5-a517-6ec9de94494c@group-B1B7CB2BEB3E:t0, leader=null, voted=, raftlog=Memoized:41686b04-70c8-46c5-a517-6ec9de94494c@group-B1B7CB2BEB3E-SegmentedRaftLog:OPENED:c-1, conf=-1: peers:[30d23356-b820-4c87-80b9-55beb4a3056d|rpc:10.1.0.81:36595|dataStream:10.1.0.81:40757|priority:1|startupRole:FOLLOWER, 41686b04-70c8-46c5-a517-6ec9de94494c|rpc:10.1.0.81:35261|dataStream:10.1.0.81:37199|priority:0|startupRole:FOLLOWER, 7309d6a4-9c1d-4dc9-b84b-2418a7036ef2|rpc:10.1.0.81:45591|dataStream:10.1.0.81:35815|priority:0|startupRole:FOLLOWER]|listeners:[], old=null
2023-02-21 13:41:29,113 [30d23356-b820-4c87-80b9-55beb4a3056d@group-B1B7CB2BEB3E-LeaderElection35] INFO  impl.LeaderElection (LeaderElection.java:logAndReturn(90)) - 30d23356-b820-4c87-80b9-55beb4a3056d@group-B1B7CB2BEB3E-LeaderElection35: PRE_VOTE PASSED received 1 response(s) and 0 exception(s):
2023-02-21 13:41:29,113 [30d23356-b820-4c87-80b9-55beb4a3056d@group-B1B7CB2BEB3E-LeaderElection35] INFO  impl.LeaderElection (LeaderElection.java:logAndReturn(94)) -   Response 0: 30d23356-b820-4c87-80b9-55beb4a3056d<-41686b04-70c8-46c5-a517-6ec9de94494c#0:OK-t0
2023-02-21 13:41:29,114 [30d23356-b820-4c87-80b9-55beb4a3056d@group-B1B7CB2BEB3E-LeaderElection35] INFO  impl.LeaderElection (LeaderElection.java:askForVotes(314)) - 30d23356-b820-4c87-80b9-55beb4a3056d@group-B1B7CB2BEB3E-LeaderElection35 PRE_VOTE round 0: result PASSED
2023-02-21 13:41:29,115 [30d23356-b820-4c87-80b9-55beb4a3056d@group-B1B7CB2BEB3E-LeaderElection35] INFO  impl.LeaderElection (LeaderElection.java:askForVotes(312)) - 30d23356-b820-4c87-80b9-55beb4a3056d@group-B1B7CB2BEB3E-LeaderElection35 ELECTION round 0: submit vote requests at term 1 for -1: peers:[30d23356-b820-4c87-80b9-55beb4a3056d|rpc:10.1.0.81:36595|dataStream:10.1.0.81:40757|priority:1|startupRole:FOLLOWER, 41686b04-70c8-46c5-a517-6ec9de94494c|rpc:10.1.0.81:35261|dataStream:10.1.0.81:37199|priority:0|startupRole:FOLLOWER, 7309d6a4-9c1d-4dc9-b84b-2418a7036ef2|rpc:10.1.0.81:45591|dataStream:10.1.0.81:35815|priority:0|startupRole:FOLLOWER]|listeners:[], old=null
2023-02-21 13:41:29,118 [grpc-default-executor-0] INFO  server.RaftServer$Division (RaftServerImpl.java:requestVote(1218)) - 7309d6a4-9c1d-4dc9-b84b-2418a7036ef2@group-B1B7CB2BEB3E: receive requestVote(PRE_VOTE, 30d23356-b820-4c87-80b9-55beb4a3056d, group-B1B7CB2BEB3E, 0, (t:0, i:0))
2023-02-21 13:41:29,118 [grpc-default-executor-0] INFO  impl.VoteContext (VoteContext.java:log(49)) - 7309d6a4-9c1d-4dc9-b84b-2418a7036ef2@group-B1B7CB2BEB3E-FOLLOWER: accept PRE_VOTE from 30d23356-b820-4c87-80b9-55beb4a3056d: our priority 0 <= candidate's priority 1
2023-02-21 13:41:29,118 [grpc-default-executor-0] INFO  server.RaftServer$Division (RaftServerImpl.java:requestVote(1251)) - 7309d6a4-9c1d-4dc9-b84b-2418a7036ef2@group-B1B7CB2BEB3E replies to PRE_VOTE vote request: 30d23356-b820-4c87-80b9-55beb4a3056d<-7309d6a4-9c1d-4dc9-b84b-2418a7036ef2#0:OK-t0. Peer's state: 7309d6a4-9c1d-4dc9-b84b-2418a7036ef2@group-B1B7CB2BEB3E:t0, leader=null, voted=, raftlog=Memoized:7309d6a4-9c1d-4dc9-b84b-2418a7036ef2@group-B1B7CB2BEB3E-SegmentedRaftLog:OPENED:c-1, conf=-1: peers:[30d23356-b820-4c87-80b9-55beb4a3056d|rpc:10.1.0.81:36595|dataStream:10.1.0.81:40757|priority:1|startupRole:FOLLOWER, 41686b04-70c8-46c5-a517-6ec9de94494c|rpc:10.1.0.81:35261|dataStream:10.1.0.81:37199|priority:0|startupRole:FOLLOWER, 7309d6a4-9c1d-4dc9-b84b-2418a7036ef2|rpc:10.1.0.81:45591|dataStream:10.1.0.81:35815|priority:0|startupRole:FOLLOWER]|listeners:[], old=null
2023-02-21 13:41:29,123 [grpc-default-executor-0] INFO  server.RaftServer$Division (RaftServerImpl.java:requestVote(1218)) - 41686b04-70c8-46c5-a517-6ec9de94494c@group-B1B7CB2BEB3E: receive requestVote(ELECTION, 30d23356-b820-4c87-80b9-55beb4a3056d, group-B1B7CB2BEB3E, 1, (t:0, i:0))
2023-02-21 13:41:29,123 [grpc-default-executor-0] INFO  impl.VoteContext (VoteContext.java:log(49)) - 41686b04-70c8-46c5-a517-6ec9de94494c@group-B1B7CB2BEB3E-FOLLOWER: accept ELECTION from 30d23356-b820-4c87-80b9-55beb4a3056d: our priority 0 <= candidate's priority 1
2023-02-21 13:41:29,123 [grpc-default-executor-0] INFO  server.RaftServer$Division (RaftServerImpl.java:setRole(321)) - 41686b04-70c8-46c5-a517-6ec9de94494c@group-B1B7CB2BEB3E: changes role from  FOLLOWER to FOLLOWER at term 1 for candidate:30d23356-b820-4c87-80b9-55beb4a3056d
2023-02-21 13:41:29,123 [grpc-default-executor-0] INFO  impl.RoleInfo (RoleInfo.java:shutdownFollowerState(110)) - 41686b04-70c8-46c5-a517-6ec9de94494c: shutdown 41686b04-70c8-46c5-a517-6ec9de94494c@group-B1B7CB2BEB3E-FollowerState
2023-02-21 13:41:29,123 [grpc-default-executor-0] INFO  impl.RoleInfo (RoleInfo.java:updateAndGet(139)) - 41686b04-70c8-46c5-a517-6ec9de94494c: start 41686b04-70c8-46c5-a517-6ec9de94494c@group-B1B7CB2BEB3E-FollowerState
2023-02-21 13:41:29,123 [30d23356-b820-4c87-80b9-55beb4a3056d@group-B1B7CB2BEB3E-LeaderElection35] INFO  server.RaftServerConfigKeys (ConfUtils.java:logFallback(53)) - raft.server.rpc.first-election.timeout.min = 5s (fallback to raft.server.rpc.timeout.min)
2023-02-21 13:41:29,124 [41686b04-70c8-46c5-a517-6ec9de94494c@group-B1B7CB2BEB3E-FollowerState] INFO  impl.FollowerState (FollowerState.java:run(152)) - 41686b04-70c8-46c5-a517-6ec9de94494c@group-B1B7CB2BEB3E-FollowerState was interrupted
2023-02-21 13:41:29,124 [30d23356-b820-4c87-80b9-55beb4a3056d@group-B1B7CB2BEB3E-LeaderElection35] INFO  server.RaftServerConfigKeys (ConfUtils.java:logFallback(53)) - raft.server.rpc.first-election.timeout.max = 5200ms (fallback to raft.server.rpc.timeout.max)
2023-02-21 13:41:29,131 [41686b04-70c8-46c5-a517-6ec9de94494c@group-B1B7CB2BEB3E-FollowerState] INFO  server.RaftServerConfigKeys (ConfUtils.java:logFallback(53)) - raft.server.rpc.first-election.timeout.min = 5s (fallback to raft.server.rpc.timeout.min)
2023-02-21 13:41:29,131 [41686b04-70c8-46c5-a517-6ec9de94494c@group-B1B7CB2BEB3E-FollowerState] INFO  server.RaftServerConfigKeys (ConfUtils.java:logFallback(53)) - raft.server.rpc.first-election.timeout.max = 5200ms (fallback to raft.server.rpc.timeout.max)
2023-02-21 13:41:29,131 [grpc-default-executor-0] INFO  server.RaftServer$Division (RaftServerImpl.java:requestVote(1251)) - 41686b04-70c8-46c5-a517-6ec9de94494c@group-B1B7CB2BEB3E replies to ELECTION vote request: 30d23356-b820-4c87-80b9-55beb4a3056d<-41686b04-70c8-46c5-a517-6ec9de94494c#0:OK-t1. Peer's state: 41686b04-70c8-46c5-a517-6ec9de94494c@group-B1B7CB2BEB3E:t1, leader=null, voted=30d23356-b820-4c87-80b9-55beb4a3056d, raftlog=Memoized:41686b04-70c8-46c5-a517-6ec9de94494c@group-B1B7CB2BEB3E-SegmentedRaftLog:OPENED:c-1, conf=-1: peers:[30d23356-b820-4c87-80b9-55beb4a3056d|rpc:10.1.0.81:36595|dataStream:10.1.0.81:40757|priority:1|startupRole:FOLLOWER, 41686b04-70c8-46c5-a517-6ec9de94494c|rpc:10.1.0.81:35261|dataStream:10.1.0.81:37199|priority:0|startupRole:FOLLOWER, 7309d6a4-9c1d-4dc9-b84b-2418a7036ef2|rpc:10.1.0.81:45591|dataStream:10.1.0.81:35815|priority:0|startupRole:FOLLOWER]|listeners:[], old=null
2023-02-21 13:41:29,132 [30d23356-b820-4c87-80b9-55beb4a3056d@group-B1B7CB2BEB3E-LeaderElection35] INFO  impl.LeaderElection (LeaderElection.java:logAndReturn(90)) - 30d23356-b820-4c87-80b9-55beb4a3056d@group-B1B7CB2BEB3E-LeaderElection35: ELECTION PASSED received 1 response(s) and 0 exception(s):
2023-02-21 13:41:29,132 [30d23356-b820-4c87-80b9-55beb4a3056d@group-B1B7CB2BEB3E-LeaderElection35] INFO  impl.LeaderElection (LeaderElection.java:logAndReturn(94)) -   Response 0: 30d23356-b820-4c87-80b9-55beb4a3056d<-41686b04-70c8-46c5-a517-6ec9de94494c#0:OK-t1
2023-02-21 13:41:29,132 [30d23356-b820-4c87-80b9-55beb4a3056d@group-B1B7CB2BEB3E-LeaderElection35] INFO  impl.LeaderElection (LeaderElection.java:askForVotes(314)) - 30d23356-b820-4c87-80b9-55beb4a3056d@group-B1B7CB2BEB3E-LeaderElection35 ELECTION round 0: result PASSED
2023-02-21 13:41:29,132 [30d23356-b820-4c87-80b9-55beb4a3056d@group-B1B7CB2BEB3E-LeaderElection35] INFO  impl.RoleInfo (RoleInfo.java:shutdownLeaderElection(130)) - 30d23356-b820-4c87-80b9-55beb4a3056d: shutdown 30d23356-b820-4c87-80b9-55beb4a3056d@group-B1B7CB2BEB3E-LeaderElection35
2023-02-21 13:41:29,132 [30d23356-b820-4c87-80b9-55beb4a3056d@group-B1B7CB2BEB3E-LeaderElection35] INFO  server.RaftServer$Division (RaftServerImpl.java:setRole(321)) - 30d23356-b820-4c87-80b9-55beb4a3056d@group-B1B7CB2BEB3E: changes role from CANDIDATE to LEADER at term 1 for changeToLeader
2023-02-21 13:41:29,132 [30d23356-b820-4c87-80b9-55beb4a3056d@group-B1B7CB2BEB3E-LeaderElection35] INFO  ratis.XceiverServerRatis (XceiverServerRatis.java:handleLeaderChangedNotification(905)) - Leader change notification received for group: group-B1B7CB2BEB3E with new leaderId: 30d23356-b820-4c87-80b9-55beb4a3056d
2023-02-21 13:41:29,132 [30d23356-b820-4c87-80b9-55beb4a3056d@group-B1B7CB2BEB3E-LeaderElection35] INFO  server.RaftServer$Division (ServerState.java:setLeader(313)) - 30d23356-b820-4c87-80b9-55beb4a3056d@group-B1B7CB2BEB3E: change Leader from null to 30d23356-b820-4c87-80b9-55beb4a3056d at term 1 for becomeLeader, leader elected after 5180ms
2023-02-21 13:41:29,133 [30d23356-b820-4c87-80b9-55beb4a3056d@group-B1B7CB2BEB3E-LeaderElection35] INFO  server.RaftServerConfigKeys (ConfUtils.java:logGet(46)) - raft.server.staging.catchup.gap = 1000 (default)
2023-02-21 13:41:29,133 [30d23356-b820-4c87-80b9-55beb4a3056d@group-B1B7CB2BEB3E-LeaderElection35] INFO  server.RaftServerConfigKeys (ConfUtils.java:logGet(46)) - raft.server.write.element-limit = 1024 (custom)
2023-02-21 13:41:29,133 [30d23356-b820-4c87-80b9-55beb4a3056d@group-B1B7CB2BEB3E-LeaderElection35] INFO  server.RaftServerConfigKeys (ConfUtils.java:logGet(46)) - raft.server.write.byte-limit = 1024 M (=1073741824) (custom)
2023-02-21 13:41:29,133 [30d23356-b820-4c87-80b9-55beb4a3056d@group-B1B7CB2BEB3E-LeaderElection35] INFO  server.RaftServerConfigKeys (ConfUtils.java:logGet(46)) - raft.server.watch.timeout = 180s (custom)
2023-02-21 13:41:29,133 [30d23356-b820-4c87-80b9-55beb4a3056d@group-B1B7CB2BEB3E-LeaderElection35] INFO  server.RaftServerConfigKeys (ConfUtils.java:logGet(46)) - raft.server.watch.timeout.denomination = 1s (default)
2023-02-21 13:41:29,133 [30d23356-b820-4c87-80b9-55beb4a3056d@group-B1B7CB2BEB3E-LeaderElection35] INFO  server.RaftServerConfigKeys (ConfUtils.java:logGet(46)) - raft.server.watch.element-limit = 65536 (default)
2023-02-21 13:41:29,134 [30d23356-b820-4c87-80b9-55beb4a3056d@group-B1B7CB2BEB3E-LeaderElection35] INFO  server.RaftServerConfigKeys (ConfUtils.java:logGet(46)) - raft.server.write.element-limit = 1024 (custom)
2023-02-21 13:41:29,134 [30d23356-b820-4c87-80b9-55beb4a3056d@group-B1B7CB2BEB3E-LeaderElection35] INFO  server.RaftServerConfigKeys (ConfUtils.java:logGet(46)) - raft.server.write.follower.gap.ratio.max = -1.0 (default)
2023-02-21 13:41:29,134 [30d23356-b820-4c87-80b9-55beb4a3056d@group-B1B7CB2BEB3E-LeaderElection35] INFO  server.RaftServerConfigKeys (ConfUtils.java:logGet(46)) - raft.server.log.appender.snapshot.chunk.size.max = 16MB (=16777216) (default)
2023-02-21 13:41:29,134 [30d23356-b820-4c87-80b9-55beb4a3056d@group-B1B7CB2BEB3E-LeaderElection35] INFO  server.RaftServerConfigKeys (ConfUtils.java:logGet(46)) - raft.server.log.appender.buffer.byte-limit = 33554432 (custom)
2023-02-21 13:41:29,135 [30d23356-b820-4c87-80b9-55beb4a3056d@group-B1B7CB2BEB3E-LeaderElection35] INFO  server.RaftServerConfigKeys (ConfUtils.java:logGet(46)) - raft.server.log.appender.buffer.element-limit = 1 (custom)
2023-02-21 13:41:29,135 [30d23356-b820-4c87-80b9-55beb4a3056d@group-B1B7CB2BEB3E-LeaderElection35] INFO  grpc.GrpcConfigKeys (ConfUtils.java:logGet(46)) - raft.grpc.server.leader.outstanding.appends.max = 128 (default)
2023-02-21 13:41:29,135 [30d23356-b820-4c87-80b9-55beb4a3056d@group-B1B7CB2BEB3E-LeaderElection35] INFO  server.RaftServerConfigKeys (ConfUtils.java:logGet(46)) - raft.server.rpc.request.timeout = 60s (custom)
2023-02-21 13:41:29,135 [EventQueue-PipelineReportForPipelineReportHandler] INFO  pipeline.PipelineManagerImpl (PipelineManagerImpl.java:openPipeline(367)) - Pipeline Pipeline[ Id: 3645be24-94a3-4e96-85da-b1b7cb2beb3e, Nodes: 41686b04-70c8-46c5-a517-6ec9de94494c(fv-az318-260.ewvrrcgabbbubjc05i3n4a3pph.dx.internal.cloudapp.net/10.1.0.81)30d23356-b820-4c87-80b9-55beb4a3056d(fv-az318-260.ewvrrcgabbbubjc05i3n4a3pph.dx.internal.cloudapp.net/10.1.0.81)7309d6a4-9c1d-4dc9-b84b-2418a7036ef2(fv-az318-260.ewvrrcgabbbubjc05i3n4a3pph.dx.internal.cloudapp.net/10.1.0.81), ReplicationConfig: RATIS/THREE, State:ALLOCATED, leaderId:30d23356-b820-4c87-80b9-55beb4a3056d, CreationTimestamp2023-02-21T13:41:21.526Z[Etc/UTC]] moved to OPEN state
2023-02-21 13:41:29,135 [30d23356-b820-4c87-80b9-55beb4a3056d@group-B1B7CB2BEB3E-LeaderElection35] INFO  server.RaftServerConfigKeys (ConfUtils.java:logGet(46)) - raft.server.log.appender.install.snapshot.enabled = false (custom)
2023-02-21 13:41:29,135 [30d23356-b820-4c87-80b9-55beb4a3056d@group-B1B7CB2BEB3E-LeaderElection35] INFO  grpc.GrpcConfigKeys (ConfUtils.java:logGet(46)) - raft.grpc.server.heartbeat.channel = true (default)
2023-02-21 13:41:29,135 [30d23356-b820-4c87-80b9-55beb4a3056d@group-B1B7CB2BEB3E-LeaderElection35] INFO  server.RaftServerConfigKeys (ConfUtils.java:logGet(46)) - raft.server.log.appender.wait-time.min = 10ms (default)
2023-02-21 13:41:29,136 [30d23356-b820-4c87-80b9-55beb4a3056d@group-B1B7CB2BEB3E-LeaderElection35] INFO  server.RaftServerConfigKeys (ConfUtils.java:logGet(46)) - raft.server.log.appender.snapshot.chunk.size.max = 16MB (=16777216) (default)
2023-02-21 13:41:29,136 [30d23356-b820-4c87-80b9-55beb4a3056d@group-B1B7CB2BEB3E-LeaderElection35] INFO  server.RaftServerConfigKeys (ConfUtils.java:logGet(46)) - raft.server.log.appender.buffer.byte-limit = 33554432 (custom)
2023-02-21 13:41:29,136 [30d23356-b820-4c87-80b9-55beb4a3056d@group-B1B7CB2BEB3E-LeaderElection35] INFO  server.RaftServerConfigKeys (ConfUtils.java:logGet(46)) - raft.server.log.appender.buffer.element-limit = 1 (custom)
2023-02-21 13:41:29,136 [30d23356-b820-4c87-80b9-55beb4a3056d@group-B1B7CB2BEB3E-LeaderElection35] INFO  grpc.GrpcConfigKeys (ConfUtils.java:logGet(46)) - raft.grpc.server.leader.outstanding.appends.max = 128 (default)
2023-02-21 13:41:29,136 [30d23356-b820-4c87-80b9-55beb4a3056d@group-B1B7CB2BEB3E-LeaderElection35] INFO  server.RaftServerConfigKeys (ConfUtils.java:logGet(46)) - raft.server.rpc.request.timeout = 60s (custom)
2023-02-21 13:41:29,136 [30d23356-b820-4c87-80b9-55beb4a3056d@group-B1B7CB2BEB3E-LeaderElection35] INFO  server.RaftServerConfigKeys (ConfUtils.java:logGet(46)) - raft.server.log.appender.install.snapshot.enabled = false (custom)
2023-02-21 13:41:29,136 [30d23356-b820-4c87-80b9-55beb4a3056d@group-B1B7CB2BEB3E-LeaderElection35] INFO  grpc.GrpcConfigKeys (ConfUtils.java:logGet(46)) - raft.grpc.server.heartbeat.channel = true (default)
2023-02-21 13:41:29,136 [30d23356-b820-4c87-80b9-55beb4a3056d@group-B1B7CB2BEB3E-LeaderElection35] INFO  server.RaftServerConfigKeys (ConfUtils.java:logGet(46)) - raft.server.log.appender.wait-time.min = 10ms (default)
2023-02-21 13:41:29,137 [grpc-default-executor-0] INFO  server.RaftServer$Division (RaftServerImpl.java:requestVote(1218)) - 7309d6a4-9c1d-4dc9-b84b-2418a7036ef2@group-B1B7CB2BEB3E: receive requestVote(ELECTION, 30d23356-b820-4c87-80b9-55beb4a3056d, group-B1B7CB2BEB3E, 1, (t:0, i:0))
2023-02-21 13:41:29,137 [30d23356-b820-4c87-80b9-55beb4a3056d@group-B1B7CB2BEB3E-LeaderElection35] INFO  impl.RoleInfo (RoleInfo.java:updateAndGet(139)) - 30d23356-b820-4c87-80b9-55beb4a3056d: start 30d23356-b820-4c87-80b9-55beb4a3056d@group-B1B7CB2BEB3E-LeaderStateImpl
2023-02-21 13:41:29,137 [grpc-default-executor-0] INFO  impl.VoteContext (VoteContext.java:log(49)) - 7309d6a4-9c1d-4dc9-b84b-2418a7036ef2@group-B1B7CB2BEB3E-FOLLOWER: accept ELECTION from 30d23356-b820-4c87-80b9-55beb4a3056d: our priority 0 <= candidate's priority 1
2023-02-21 13:41:29,137 [grpc-default-executor-0] INFO  server.RaftServer$Division (RaftServerImpl.java:setRole(321)) - 7309d6a4-9c1d-4dc9-b84b-2418a7036ef2@group-B1B7CB2BEB3E: changes role from  FOLLOWER to FOLLOWER at term 1 for candidate:30d23356-b820-4c87-80b9-55beb4a3056d
2023-02-21 13:41:29,137 [grpc-default-executor-0] INFO  impl.RoleInfo (RoleInfo.java:shutdownFollowerState(110)) - 7309d6a4-9c1d-4dc9-b84b-2418a7036ef2: shutdown 7309d6a4-9c1d-4dc9-b84b-2418a7036ef2@group-B1B7CB2BEB3E-FollowerState
2023-02-21 13:41:29,137 [30d23356-b820-4c87-80b9-55beb4a3056d@group-B1B7CB2BEB3E-LeaderElection35] INFO  segmented.SegmentedRaftLogWorker (SegmentedRaftLogWorker.java:startLogSegment(452)) - 30d23356-b820-4c87-80b9-55beb4a3056d@group-B1B7CB2BEB3E-SegmentedRaftLogWorker: Starting segment from index:0
2023-02-21 13:41:29,137 [7309d6a4-9c1d-4dc9-b84b-2418a7036ef2@group-B1B7CB2BEB3E-FollowerState] INFO  impl.FollowerState (FollowerState.java:run(152)) - 7309d6a4-9c1d-4dc9-b84b-2418a7036ef2@group-B1B7CB2BEB3E-FollowerState was interrupted
2023-02-21 13:41:29,137 [grpc-default-executor-0] INFO  impl.RoleInfo (RoleInfo.java:updateAndGet(139)) - 7309d6a4-9c1d-4dc9-b84b-2418a7036ef2: start 7309d6a4-9c1d-4dc9-b84b-2418a7036ef2@group-B1B7CB2BEB3E-FollowerState
2023-02-21 13:41:29,138 [7309d6a4-9c1d-4dc9-b84b-2418a7036ef2@group-B1B7CB2BEB3E-FollowerState] INFO  server.RaftServerConfigKeys (ConfUtils.java:logFallback(53)) - raft.server.rpc.first-election.timeout.min = 5s (fallback to raft.server.rpc.timeout.min)
2023-02-21 13:41:29,138 [7309d6a4-9c1d-4dc9-b84b-2418a7036ef2@group-B1B7CB2BEB3E-FollowerState] INFO  server.RaftServerConfigKeys (ConfUtils.java:logFallback(53)) - raft.server.rpc.first-election.timeout.max = 5200ms (fallback to raft.server.rpc.timeout.max)
2023-02-21 13:41:29,139 [grpc-default-executor-0] INFO  server.RaftServer$Division (RaftServerImpl.java:requestVote(1251)) - 7309d6a4-9c1d-4dc9-b84b-2418a7036ef2@group-B1B7CB2BEB3E replies to ELECTION vote request: 30d23356-b820-4c87-80b9-55beb4a3056d<-7309d6a4-9c1d-4dc9-b84b-2418a7036ef2#0:OK-t1. Peer's state: 7309d6a4-9c1d-4dc9-b84b-2418a7036ef2@group-B1B7CB2BEB3E:t1, leader=null, voted=30d23356-b820-4c87-80b9-55beb4a3056d, raftlog=Memoized:7309d6a4-9c1d-4dc9-b84b-2418a7036ef2@group-B1B7CB2BEB3E-SegmentedRaftLog:OPENED:c-1, conf=-1: peers:[30d23356-b820-4c87-80b9-55beb4a3056d|rpc:10.1.0.81:36595|dataStream:10.1.0.81:40757|priority:1|startupRole:FOLLOWER, 41686b04-70c8-46c5-a517-6ec9de94494c|rpc:10.1.0.81:35261|dataStream:10.1.0.81:37199|priority:0|startupRole:FOLLOWER, 7309d6a4-9c1d-4dc9-b84b-2418a7036ef2|rpc:10.1.0.81:45591|dataStream:10.1.0.81:35815|priority:0|startupRole:FOLLOWER]|listeners:[], old=null
2023-02-21 13:41:29,147 [30d23356-b820-4c87-80b9-55beb4a3056d@group-B1B7CB2BEB3E-LeaderElection35] INFO  server.RaftServer$Division (ServerState.java:setRaftConf(430)) - 30d23356-b820-4c87-80b9-55beb4a3056d@group-B1B7CB2BEB3E: set configuration 0: peers:[30d23356-b820-4c87-80b9-55beb4a3056d|rpc:10.1.0.81:36595|dataStream:10.1.0.81:40757|priority:1|startupRole:FOLLOWER, 41686b04-70c8-46c5-a517-6ec9de94494c|rpc:10.1.0.81:35261|dataStream:10.1.0.81:37199|priority:0|startupRole:FOLLOWER, 7309d6a4-9c1d-4dc9-b84b-2418a7036ef2|rpc:10.1.0.81:45591|dataStream:10.1.0.81:35815|priority:0|startupRole:FOLLOWER]|listeners:[], old=null
2023-02-21 13:41:29,149 [30d23356-b820-4c87-80b9-55beb4a3056d@group-B1B7CB2BEB3E-SegmentedRaftLogWorker] INFO  segmented.SegmentedRaftLogWorker (SegmentedRaftLogWorker.java:execute(656)) - 30d23356-b820-4c87-80b9-55beb4a3056d@group-B1B7CB2BEB3E-SegmentedRaftLogWorker: created new log segment /home/runner/work/ozone/ozone/hadoop-ozone/integration-test/target/test-dir/MiniOzoneClusterImpl-5c741f75-a5c3-4524-84b8-0544f40d398a/datanode-0/data/ratis/3645be24-94a3-4e96-85da-b1b7cb2beb3e/current/log_inprogress_0
2023-02-21 13:41:29,154 [41686b04-70c8-46c5-a517-6ec9de94494c-server-thread1] INFO  ratis.XceiverServerRatis (XceiverServerRatis.java:handleLeaderChangedNotification(905)) - Leader change notification received for group: group-B1B7CB2BEB3E with new leaderId: 30d23356-b820-4c87-80b9-55beb4a3056d
2023-02-21 13:41:29,154 [41686b04-70c8-46c5-a517-6ec9de94494c-server-thread1] INFO  server.RaftServer$Division (ServerState.java:setLeader(313)) - 41686b04-70c8-46c5-a517-6ec9de94494c@group-B1B7CB2BEB3E: change Leader from null to 30d23356-b820-4c87-80b9-55beb4a3056d at term 1 for appendEntries, leader elected after 5172ms
2023-02-21 13:41:29,167 [41686b04-70c8-46c5-a517-6ec9de94494c@group-0EAC601720E9-FollowerState] INFO  impl.FollowerState (FollowerState.java:run(143)) - 41686b04-70c8-46c5-a517-6ec9de94494c@group-0EAC601720E9-FollowerState: change to CANDIDATE, lastRpcElapsedTime:5014292507ns, electionTimeout:5008ms
2023-02-21 13:41:29,167 [41686b04-70c8-46c5-a517-6ec9de94494c-server-thread2] INFO  server.RaftServer$Division (ServerState.java:setRaftConf(430)) - 41686b04-70c8-46c5-a517-6ec9de94494c@group-B1B7CB2BEB3E: set configuration 0: peers:[30d23356-b820-4c87-80b9-55beb4a3056d|rpc:10.1.0.81:36595|dataStream:10.1.0.81:40757|priority:1|startupRole:FOLLOWER, 41686b04-70c8-46c5-a517-6ec9de94494c|rpc:10.1.0.81:35261|dataStream:10.1.0.81:37199|priority:0|startupRole:FOLLOWER, 7309d6a4-9c1d-4dc9-b84b-2418a7036ef2|rpc:10.1.0.81:45591|dataStream:10.1.0.81:35815|priority:0|startupRole:FOLLOWER]|listeners:[], old=null
2023-02-21 13:41:29,167 [41686b04-70c8-46c5-a517-6ec9de94494c@group-0EAC601720E9-FollowerState] INFO  impl.RoleInfo (RoleInfo.java:shutdownFollowerState(110)) - 41686b04-70c8-46c5-a517-6ec9de94494c: shutdown 41686b04-70c8-46c5-a517-6ec9de94494c@group-0EAC601720E9-FollowerState
2023-02-21 13:41:29,167 [41686b04-70c8-46c5-a517-6ec9de94494c@group-0EAC601720E9-FollowerState] INFO  server.RaftServer$Division (RaftServerImpl.java:setRole(321)) - 41686b04-70c8-46c5-a517-6ec9de94494c@group-0EAC601720E9: changes role from  FOLLOWER to CANDIDATE at term 0 for changeToCandidate
2023-02-21 13:41:29,167 [41686b04-70c8-46c5-a517-6ec9de94494c-server-thread2] INFO  segmented.SegmentedRaftLogWorker (SegmentedRaftLogWorker.java:startLogSegment(452)) - 41686b04-70c8-46c5-a517-6ec9de94494c@group-B1B7CB2BEB3E-SegmentedRaftLogWorker: Starting segment from index:0
2023-02-21 13:41:29,167 [7309d6a4-9c1d-4dc9-b84b-2418a7036ef2-server-thread1] INFO  ratis.XceiverServerRatis (XceiverServerRatis.java:handleLeaderChangedNotification(905)) - Leader change notification received for group: group-B1B7CB2BEB3E with new leaderId: 30d23356-b820-4c87-80b9-55beb4a3056d
2023-02-21 13:41:29,168 [7309d6a4-9c1d-4dc9-b84b-2418a7036ef2-server-thread1] INFO  server.RaftServer$Division (ServerState.java:setLeader(313)) - 7309d6a4-9c1d-4dc9-b84b-2418a7036ef2@group-B1B7CB2BEB3E: change Leader from null to 30d23356-b820-4c87-80b9-55beb4a3056d at term 1 for appendEntries, leader elected after 5154ms
2023-02-21 13:41:29,167 [41686b04-70c8-46c5-a517-6ec9de94494c@group-0EAC601720E9-FollowerState] INFO  server.RaftServerConfigKeys (ConfUtils.java:logGet(46)) - raft.server.leaderelection.pre-vote = true (default)
2023-02-21 13:41:29,168 [41686b04-70c8-46c5-a517-6ec9de94494c@group-0EAC601720E9-FollowerState] INFO  impl.RoleInfo (RoleInfo.java:updateAndGet(139)) - 41686b04-70c8-46c5-a517-6ec9de94494c: start 41686b04-70c8-46c5-a517-6ec9de94494c@group-0EAC601720E9-LeaderElection36
2023-02-21 13:41:29,171 [41686b04-70c8-46c5-a517-6ec9de94494c@group-B1B7CB2BEB3E-SegmentedRaftLogWorker] INFO  segmented.SegmentedRaftLogWorker (SegmentedRaftLogWorker.java:execute(656)) - 41686b04-70c8-46c5-a517-6ec9de94494c@group-B1B7CB2BEB3E-SegmentedRaftLogWorker: created new log segment /home/runner/work/ozone/ozone/hadoop-ozone/integration-test/target/test-dir/MiniOzoneClusterImpl-5c741f75-a5c3-4524-84b8-0544f40d398a/datanode-1/data/ratis/3645be24-94a3-4e96-85da-b1b7cb2beb3e/current/log_inprogress_0
2023-02-21 13:41:29,171 [7309d6a4-9c1d-4dc9-b84b-2418a7036ef2-server-thread1] INFO  server.RaftServer$Division (ServerState.java:setRaftConf(430)) - 7309d6a4-9c1d-4dc9-b84b-2418a7036ef2@group-B1B7CB2BEB3E: set configuration 0: peers:[30d23356-b820-4c87-80b9-55beb4a3056d|rpc:10.1.0.81:36595|dataStream:10.1.0.81:40757|priority:1|startupRole:FOLLOWER, 41686b04-70c8-46c5-a517-6ec9de94494c|rpc:10.1.0.81:35261|dataStream:10.1.0.81:37199|priority:0|startupRole:FOLLOWER, 7309d6a4-9c1d-4dc9-b84b-2418a7036ef2|rpc:10.1.0.81:45591|dataStream:10.1.0.81:35815|priority:0|startupRole:FOLLOWER]|listeners:[], old=null
2023-02-21 13:41:29,172 [7309d6a4-9c1d-4dc9-b84b-2418a7036ef2-server-thread1] INFO  segmented.SegmentedRaftLogWorker (SegmentedRaftLogWorker.java:startLogSegment(452)) - 7309d6a4-9c1d-4dc9-b84b-2418a7036ef2@group-B1B7CB2BEB3E-SegmentedRaftLogWorker: Starting segment from index:0
2023-02-21 13:41:29,174 [7309d6a4-9c1d-4dc9-b84b-2418a7036ef2@group-B1B7CB2BEB3E-SegmentedRaftLogWorker] INFO  segmented.SegmentedRaftLogWorker (SegmentedRaftLogWorker.java:execute(656)) - 7309d6a4-9c1d-4dc9-b84b-2418a7036ef2@group-B1B7CB2BEB3E-SegmentedRaftLogWorker: created new log segment /home/runner/work/ozone/ozone/hadoop-ozone/integration-test/target/test-dir/MiniOzoneClusterImpl-5c741f75-a5c3-4524-84b8-0544f40d398a/datanode-2/data/ratis/3645be24-94a3-4e96-85da-b1b7cb2beb3e/current/log_inprogress_0
2023-02-21 13:41:29,178 [41686b04-70c8-46c5-a517-6ec9de94494c@group-0EAC601720E9-LeaderElection36] INFO  impl.LeaderElection (LeaderElection.java:askForVotes(312)) - 41686b04-70c8-46c5-a517-6ec9de94494c@group-0EAC601720E9-LeaderElection36 PRE_VOTE round 0: submit vote requests at term 0 for -1: peers:[41686b04-70c8-46c5-a517-6ec9de94494c|rpc:10.1.0.81:35261|dataStream:10.1.0.81:37199|priority:1|startupRole:FOLLOWER]|listeners:[], old=null
2023-02-21 13:41:29,179 [41686b04-70c8-46c5-a517-6ec9de94494c@group-0EAC601720E9-LeaderElection36] INFO  impl.LeaderElection (LeaderElection.java:askForVotes(314)) - 41686b04-70c8-46c5-a517-6ec9de94494c@group-0EAC601720E9-LeaderElection36 PRE_VOTE round 0: result PASSED (term=0)
2023-02-21 13:41:29,180 [41686b04-70c8-46c5-a517-6ec9de94494c@group-0EAC601720E9-LeaderElection36] INFO  impl.LeaderElection (LeaderElection.java:askForVotes(312)) - 41686b04-70c8-46c5-a517-6ec9de94494c@group-0EAC601720E9-LeaderElection36 ELECTION round 0: submit vote requests at term 1 for -1: peers:[41686b04-70c8-46c5-a517-6ec9de94494c|rpc:10.1.0.81:35261|dataStream:10.1.0.81:37199|priority:1|startupRole:FOLLOWER]|listeners:[], old=null
2023-02-21 13:41:29,180 [41686b04-70c8-46c5-a517-6ec9de94494c@group-0EAC601720E9-LeaderElection36] INFO  impl.LeaderElection (LeaderElection.java:askForVotes(314)) - 41686b04-70c8-46c5-a517-6ec9de94494c@group-0EAC601720E9-LeaderElection36 ELECTION round 0: result PASSED (term=1)
2023-02-21 13:41:29,180 [41686b04-70c8-46c5-a517-6ec9de94494c@group-0EAC601720E9-LeaderElection36] INFO  impl.RoleInfo (RoleInfo.java:shutdownLeaderElection(130)) - 41686b04-70c8-46c5-a517-6ec9de94494c: shutdown 41686b04-70c8-46c5-a517-6ec9de94494c@group-0EAC601720E9-LeaderElection36
2023-02-21 13:41:29,180 [41686b04-70c8-46c5-a517-6ec9de94494c@group-0EAC601720E9-LeaderElection36] INFO  server.RaftServer$Division (RaftServerImpl.java:setRole(321)) - 41686b04-70c8-46c5-a517-6ec9de94494c@group-0EAC601720E9: changes role from CANDIDATE to LEADER at term 1 for changeToLeader
2023-02-21 13:41:29,180 [41686b04-70c8-46c5-a517-6ec9de94494c@group-0EAC601720E9-LeaderElection36] INFO  ratis.XceiverServerRatis (XceiverServerRatis.java:handleLeaderChangedNotification(905)) - Leader change notification received for group: group-0EAC601720E9 with new leaderId: 41686b04-70c8-46c5-a517-6ec9de94494c
2023-02-21 13:41:29,180 [41686b04-70c8-46c5-a517-6ec9de94494c@group-0EAC601720E9-LeaderElection36] INFO  server.RaftServer$Division (ServerState.java:setLeader(313)) - 41686b04-70c8-46c5-a517-6ec9de94494c@group-0EAC601720E9: change Leader from null to 41686b04-70c8-46c5-a517-6ec9de94494c at term 1 for becomeLeader, leader elected after 5042ms
2023-02-21 13:41:29,180 [41686b04-70c8-46c5-a517-6ec9de94494c@group-0EAC601720E9-LeaderElection36] INFO  server.RaftServerConfigKeys (ConfUtils.java:logGet(46)) - raft.server.staging.catchup.gap = 1000 (default)
2023-02-21 13:41:29,181 [41686b04-70c8-46c5-a517-6ec9de94494c@group-0EAC601720E9-LeaderElection36] INFO  server.RaftServerConfigKeys (ConfUtils.java:logGet(46)) - raft.server.write.element-limit = 1024 (custom)
2023-02-21 13:41:29,181 [41686b04-70c8-46c5-a517-6ec9de94494c@group-0EAC601720E9-LeaderElection36] INFO  server.RaftServerConfigKeys (ConfUtils.java:logGet(46)) - raft.server.write.byte-limit = 1024 M (=1073741824) (custom)
2023-02-21 13:41:29,182 [41686b04-70c8-46c5-a517-6ec9de94494c@group-0EAC601720E9-LeaderElection36] INFO  server.RaftServerConfigKeys (ConfUtils.java:logGet(46)) - raft.server.watch.timeout = 180s (custom)
2023-02-21 13:41:29,182 [41686b04-70c8-46c5-a517-6ec9de94494c@group-0EAC601720E9-LeaderElection36] INFO  server.RaftServerConfigKeys (ConfUtils.java:logGet(46)) - raft.server.watch.timeout.denomination = 1s (default)
2023-02-21 13:41:29,182 [41686b04-70c8-46c5-a517-6ec9de94494c@group-0EAC601720E9-LeaderElection36] INFO  server.RaftServerConfigKeys (ConfUtils.java:logGet(46)) - raft.server.watch.element-limit = 65536 (default)
2023-02-21 13:41:29,182 [41686b04-70c8-46c5-a517-6ec9de94494c@group-0EAC601720E9-LeaderElection36] INFO  server.RaftServerConfigKeys (ConfUtils.java:logGet(46)) - raft.server.write.element-limit = 1024 (custom)
2023-02-21 13:41:29,182 [41686b04-70c8-46c5-a517-6ec9de94494c@group-0EAC601720E9-LeaderElection36] INFO  server.RaftServerConfigKeys (ConfUtils.java:logGet(46)) - raft.server.write.follower.gap.ratio.max = -1.0 (default)
2023-02-21 13:41:29,182 [41686b04-70c8-46c5-a517-6ec9de94494c@group-0EAC601720E9-LeaderElection36] INFO  impl.RoleInfo (RoleInfo.java:updateAndGet(139)) - 41686b04-70c8-46c5-a517-6ec9de94494c: start 41686b04-70c8-46c5-a517-6ec9de94494c@group-0EAC601720E9-LeaderStateImpl
2023-02-21 13:41:29,182 [41686b04-70c8-46c5-a517-6ec9de94494c@group-0EAC601720E9-LeaderElection36] INFO  segmented.SegmentedRaftLogWorker (SegmentedRaftLogWorker.java:startLogSegment(452)) - 41686b04-70c8-46c5-a517-6ec9de94494c@group-0EAC601720E9-SegmentedRaftLogWorker: Starting segment from index:0
2023-02-21 13:41:29,186 [41686b04-70c8-46c5-a517-6ec9de94494c@group-0EAC601720E9-SegmentedRaftLogWorker] INFO  segmented.SegmentedRaftLogWorker (SegmentedRaftLogWorker.java:execute(656)) - 41686b04-70c8-46c5-a517-6ec9de94494c@group-0EAC601720E9-SegmentedRaftLogWorker: created new log segment /home/runner/work/ozone/ozone/hadoop-ozone/integration-test/target/test-dir/MiniOzoneClusterImpl-5c741f75-a5c3-4524-84b8-0544f40d398a/datanode-1/data/ratis/f0d1a979-51db-4344-9452-0eac601720e9/current/log_inprogress_0
2023-02-21 13:41:29,186 [41686b04-70c8-46c5-a517-6ec9de94494c@group-0EAC601720E9-LeaderElection36] INFO  server.RaftServer$Division (ServerState.java:setRaftConf(430)) - 41686b04-70c8-46c5-a517-6ec9de94494c@group-0EAC601720E9: set configuration 0: peers:[41686b04-70c8-46c5-a517-6ec9de94494c|rpc:10.1.0.81:35261|dataStream:10.1.0.81:37199|priority:1|startupRole:FOLLOWER]|listeners:[], old=null
2023-02-21 13:41:29,260 [Listener at 127.0.0.1/40765] INFO  ozone.MiniOzoneClusterImpl (MiniOzoneClusterImpl.java:lambda$waitForClusterToBeReady$0(218)) - Nodes are ready. Got 5 of 5 DN Heartbeats.
2023-02-21 13:41:29,260 [Listener at 127.0.0.1/40765] INFO  ozone.MiniOzoneClusterImpl (MiniOzoneClusterImpl.java:lambda$waitForClusterToBeReady$0(221)) - Cluster exits safe mode
2023-02-21 13:41:29,260 [Listener at 127.0.0.1/40765] INFO  ozone.MiniOzoneClusterImpl (MiniOzoneClusterImpl.java:lambda$waitForClusterToBeReady$0(223)) - SCM became leader
2023-02-21 13:41:29,292 [Listener at 127.0.0.1/40765] INFO  rpc.RpcClient (RpcClient.java:createVolume(476)) - Creating Volume: volume82902, with user42042 as owner and space quota set to -1 bytes, counts quota set to -1
2023-02-21 13:41:29,294 [IPC Server handler 2 on default port 40765] INFO  volume.OMVolumeCreateRequest (OMVolumeCreateRequest.java:validateAndUpdateCache(195)) - created volume:volume82902 for user:user42042
2023-02-21 13:41:29,303 [Listener at 127.0.0.1/40765] INFO  rpc.RpcClient (RpcClient.java:createBucket(698)) - Creating Bucket: volume82902/bucket15199, with bucket layout LEGACY, runner as owner, Versioning false, Storage Type set to DISK and Encryption set to false, Replication Type set to server-side default replication type, Namespace Quota set to -1, Space Quota set to -1 
2023-02-21 13:41:29,304 [IPC Server handler 5 on default port 40765] INFO  bucket.OMBucketCreateRequest (OMBucketCreateRequest.java:validateAndUpdateCache(263)) - created bucket: bucket15199 of layout LEGACY in volume: volume82902
]]></system-out>
  </testcase>
  <testcase name="testSeekOnFileLength" classname="TestOzoneFileSystem" time="0.983">
    <system-out><![CDATA[2023-02-21 13:37:55,291 [13b316d7-19fe-4f46-8ee4-74122f1e4c34@group-FC70CB5DCCD1-FollowerState] INFO  impl.FollowerState (FollowerState.java:run(143)) - 13b316d7-19fe-4f46-8ee4-74122f1e4c34@group-FC70CB5DCCD1-FollowerState: change to CANDIDATE, lastRpcElapsedTime:5042237069ns, electionTimeout:5041ms
2023-02-21 13:37:55,291 [13b316d7-19fe-4f46-8ee4-74122f1e4c34@group-FC70CB5DCCD1-FollowerState] INFO  impl.RoleInfo (RoleInfo.java:shutdownFollowerState(110)) - 13b316d7-19fe-4f46-8ee4-74122f1e4c34: shutdown 13b316d7-19fe-4f46-8ee4-74122f1e4c34@group-FC70CB5DCCD1-FollowerState
2023-02-21 13:37:55,292 [13b316d7-19fe-4f46-8ee4-74122f1e4c34@group-FC70CB5DCCD1-FollowerState] INFO  server.RaftServer$Division (RaftServerImpl.java:setRole(321)) - 13b316d7-19fe-4f46-8ee4-74122f1e4c34@group-FC70CB5DCCD1: changes role from  FOLLOWER to CANDIDATE at term 0 for changeToCandidate
2023-02-21 13:37:55,297 [13b316d7-19fe-4f46-8ee4-74122f1e4c34@group-FC70CB5DCCD1-FollowerState] INFO  server.RaftServerConfigKeys (ConfUtils.java:logGet(46)) - raft.server.leaderelection.pre-vote = true (default)
2023-02-21 13:37:55,298 [13b316d7-19fe-4f46-8ee4-74122f1e4c34@group-FC70CB5DCCD1-FollowerState] INFO  impl.RoleInfo (RoleInfo.java:updateAndGet(139)) - 13b316d7-19fe-4f46-8ee4-74122f1e4c34: start 13b316d7-19fe-4f46-8ee4-74122f1e4c34@group-FC70CB5DCCD1-LeaderElection9
2023-02-21 13:37:55,298 [IPC Server handler 16 on default port 36255] INFO  ha.SequenceIdGenerator (SequenceIdGenerator.java:getNextId(128)) - Allocate a batch for containerId, change lastId from 0 to 1000.
2023-02-21 13:37:55,305 [13b316d7-19fe-4f46-8ee4-74122f1e4c34@group-FC70CB5DCCD1-LeaderElection9] INFO  impl.LeaderElection (LeaderElection.java:askForVotes(312)) - 13b316d7-19fe-4f46-8ee4-74122f1e4c34@group-FC70CB5DCCD1-LeaderElection9 PRE_VOTE round 0: submit vote requests at term 0 for -1: peers:[13b316d7-19fe-4f46-8ee4-74122f1e4c34|rpc:10.1.0.81:46333|dataStream:10.1.0.81:45723|priority:1|startupRole:FOLLOWER]|listeners:[], old=null
2023-02-21 13:37:55,305 [13b316d7-19fe-4f46-8ee4-74122f1e4c34@group-FC70CB5DCCD1-LeaderElection9] INFO  impl.LeaderElection (LeaderElection.java:askForVotes(314)) - 13b316d7-19fe-4f46-8ee4-74122f1e4c34@group-FC70CB5DCCD1-LeaderElection9 PRE_VOTE round 0: result PASSED (term=0)
2023-02-21 13:37:55,307 [13b316d7-19fe-4f46-8ee4-74122f1e4c34@group-FC70CB5DCCD1-LeaderElection9] INFO  impl.LeaderElection (LeaderElection.java:askForVotes(312)) - 13b316d7-19fe-4f46-8ee4-74122f1e4c34@group-FC70CB5DCCD1-LeaderElection9 ELECTION round 0: submit vote requests at term 1 for -1: peers:[13b316d7-19fe-4f46-8ee4-74122f1e4c34|rpc:10.1.0.81:46333|dataStream:10.1.0.81:45723|priority:1|startupRole:FOLLOWER]|listeners:[], old=null
2023-02-21 13:37:55,307 [13b316d7-19fe-4f46-8ee4-74122f1e4c34@group-FC70CB5DCCD1-LeaderElection9] INFO  impl.LeaderElection (LeaderElection.java:askForVotes(314)) - 13b316d7-19fe-4f46-8ee4-74122f1e4c34@group-FC70CB5DCCD1-LeaderElection9 ELECTION round 0: result PASSED (term=1)
2023-02-21 13:37:55,307 [13b316d7-19fe-4f46-8ee4-74122f1e4c34@group-FC70CB5DCCD1-LeaderElection9] INFO  impl.RoleInfo (RoleInfo.java:shutdownLeaderElection(130)) - 13b316d7-19fe-4f46-8ee4-74122f1e4c34: shutdown 13b316d7-19fe-4f46-8ee4-74122f1e4c34@group-FC70CB5DCCD1-LeaderElection9
2023-02-21 13:37:55,307 [13b316d7-19fe-4f46-8ee4-74122f1e4c34@group-FC70CB5DCCD1-LeaderElection9] INFO  server.RaftServer$Division (RaftServerImpl.java:setRole(321)) - 13b316d7-19fe-4f46-8ee4-74122f1e4c34@group-FC70CB5DCCD1: changes role from CANDIDATE to LEADER at term 1 for changeToLeader
2023-02-21 13:37:55,307 [13b316d7-19fe-4f46-8ee4-74122f1e4c34@group-FC70CB5DCCD1-LeaderElection9] INFO  ratis.XceiverServerRatis (XceiverServerRatis.java:handleLeaderChangedNotification(905)) - Leader change notification received for group: group-FC70CB5DCCD1 with new leaderId: 13b316d7-19fe-4f46-8ee4-74122f1e4c34
2023-02-21 13:37:55,307 [13b316d7-19fe-4f46-8ee4-74122f1e4c34@group-FC70CB5DCCD1-LeaderElection9] INFO  server.RaftServer$Division (ServerState.java:setLeader(313)) - 13b316d7-19fe-4f46-8ee4-74122f1e4c34@group-FC70CB5DCCD1: change Leader from null to 13b316d7-19fe-4f46-8ee4-74122f1e4c34 at term 1 for becomeLeader, leader elected after 5094ms
2023-02-21 13:37:55,307 [13b316d7-19fe-4f46-8ee4-74122f1e4c34@group-FC70CB5DCCD1-LeaderElection9] INFO  server.RaftServerConfigKeys (ConfUtils.java:logGet(46)) - raft.server.staging.catchup.gap = 1000 (default)
2023-02-21 13:37:55,308 [13b316d7-19fe-4f46-8ee4-74122f1e4c34@group-FC70CB5DCCD1-LeaderElection9] INFO  server.RaftServerConfigKeys (ConfUtils.java:logGet(46)) - raft.server.write.element-limit = 1024 (custom)
2023-02-21 13:37:55,308 [13b316d7-19fe-4f46-8ee4-74122f1e4c34@group-FC70CB5DCCD1-LeaderElection9] INFO  server.RaftServerConfigKeys (ConfUtils.java:logGet(46)) - raft.server.write.byte-limit = 1024 M (=1073741824) (custom)
2023-02-21 13:37:55,308 [13b316d7-19fe-4f46-8ee4-74122f1e4c34@group-FC70CB5DCCD1-LeaderElection9] INFO  server.RaftServerConfigKeys (ConfUtils.java:logGet(46)) - raft.server.watch.timeout = 180s (custom)
2023-02-21 13:37:55,308 [13b316d7-19fe-4f46-8ee4-74122f1e4c34@group-FC70CB5DCCD1-LeaderElection9] INFO  server.RaftServerConfigKeys (ConfUtils.java:logGet(46)) - raft.server.watch.timeout.denomination = 1s (default)
2023-02-21 13:37:55,308 [13b316d7-19fe-4f46-8ee4-74122f1e4c34@group-FC70CB5DCCD1-LeaderElection9] INFO  server.RaftServerConfigKeys (ConfUtils.java:logGet(46)) - raft.server.watch.element-limit = 65536 (default)
2023-02-21 13:37:55,308 [13b316d7-19fe-4f46-8ee4-74122f1e4c34@group-FC70CB5DCCD1-LeaderElection9] INFO  server.RaftServerConfigKeys (ConfUtils.java:logGet(46)) - raft.server.write.element-limit = 1024 (custom)
2023-02-21 13:37:55,308 [13b316d7-19fe-4f46-8ee4-74122f1e4c34@group-FC70CB5DCCD1-LeaderElection9] INFO  server.RaftServerConfigKeys (ConfUtils.java:logGet(46)) - raft.server.write.follower.gap.ratio.max = -1.0 (default)
2023-02-21 13:37:55,308 [13b316d7-19fe-4f46-8ee4-74122f1e4c34@group-FC70CB5DCCD1-LeaderElection9] INFO  impl.RoleInfo (RoleInfo.java:updateAndGet(139)) - 13b316d7-19fe-4f46-8ee4-74122f1e4c34: start 13b316d7-19fe-4f46-8ee4-74122f1e4c34@group-FC70CB5DCCD1-LeaderStateImpl
2023-02-21 13:37:55,311 [13b316d7-19fe-4f46-8ee4-74122f1e4c34@group-FC70CB5DCCD1-LeaderElection9] INFO  segmented.SegmentedRaftLogWorker (SegmentedRaftLogWorker.java:startLogSegment(452)) - 13b316d7-19fe-4f46-8ee4-74122f1e4c34@group-FC70CB5DCCD1-SegmentedRaftLogWorker: Starting segment from index:0
2023-02-21 13:37:55,312 [13b316d7-19fe-4f46-8ee4-74122f1e4c34@group-FC70CB5DCCD1-SegmentedRaftLogWorker] INFO  segmented.SegmentedRaftLogWorker (SegmentedRaftLogWorker.java:execute(656)) - 13b316d7-19fe-4f46-8ee4-74122f1e4c34@group-FC70CB5DCCD1-SegmentedRaftLogWorker: created new log segment /home/runner/work/ozone/ozone/hadoop-ozone/integration-test/target/test-dir/MiniOzoneClusterImpl-af67ded0-52d4-4e8d-8917-e8c7ba660466/datanode-4/data/ratis/b4ccf860-f8c5-4500-854a-fc70cb5dccd1/current/log_inprogress_0
2023-02-21 13:37:55,319 [13b316d7-19fe-4f46-8ee4-74122f1e4c34@group-FC70CB5DCCD1-LeaderElection9] INFO  server.RaftServer$Division (ServerState.java:setRaftConf(430)) - 13b316d7-19fe-4f46-8ee4-74122f1e4c34@group-FC70CB5DCCD1: set configuration 0: peers:[13b316d7-19fe-4f46-8ee4-74122f1e4c34|rpc:10.1.0.81:46333|dataStream:10.1.0.81:45723|priority:1|startupRole:FOLLOWER]|listeners:[], old=null
2023-02-21 13:37:55,325 [IPC Server handler 16 on default port 36255] WARN  ha.SequenceIdGenerator (SequenceIdGenerator.java:allocateBatch(237)) - Failed to allocate a batch for localId, expected lastId is 0, actual lastId is 111677748019200000.
2023-02-21 13:37:55,325 [IPC Server handler 16 on default port 36255] INFO  ha.SequenceIdGenerator (SequenceIdGenerator.java:getNextId(128)) - Allocate a batch for localId, change lastId from 111677748019200000 to 111677748019201000.
2023-02-21 13:37:55,421 [Time-limited test] INFO  impl.MetricsSystemImpl (MetricsSystemImpl.java:init(158)) - XceiverClientMetrics metrics system started (again)
13:37:56.161 [IPC Server handler 0 on default port 35721] ERROR OMAudit - user=runner | ip=127.0.0.1 | op=READ_KEY {volume=volume06454, bucket=bucket10538, key=file_notexist, dataSize=0, replicationConfig=null} | ret=FAILURE
org.apache.hadoop.ozone.om.exceptions.OMException: Key:file_notexist not found
	at org.apache.hadoop.ozone.om.KeyManagerImpl.readKeyInfo(KeyManagerImpl.java:397) ~[ozone-manager-1.4.0-SNAPSHOT.jar:?]
	at org.apache.hadoop.ozone.om.KeyManagerImpl.lambda$9(KeyManagerImpl.java:1869) ~[ozone-manager-1.4.0-SNAPSHOT.jar:?]
	at org.apache.hadoop.util.MetricUtil.captureLatencyNs(MetricUtil.java:36) ~[hdds-common-1.4.0-SNAPSHOT.jar:?]
	at org.apache.hadoop.ozone.om.KeyManagerImpl.getKeyInfo(KeyManagerImpl.java:1867) ~[ozone-manager-1.4.0-SNAPSHOT.jar:?]
	at org.apache.hadoop.ozone.om.OmMetadataReader.getKeyInfo(OmMetadataReader.java:211) ~[ozone-manager-1.4.0-SNAPSHOT.jar:?]
	at org.apache.hadoop.ozone.om.OzoneManager.getKeyInfo(OzoneManager.java:2782) ~[ozone-manager-1.4.0-SNAPSHOT.jar:?]
	at org.apache.hadoop.ozone.protocolPB.OzoneManagerRequestHandler.getKeyInfo(OzoneManagerRequestHandler.java:548) ~[ozone-manager-1.4.0-SNAPSHOT.jar:?]
	at org.apache.hadoop.ozone.protocolPB.OzoneManagerRequestHandler.handleReadRequest(OzoneManagerRequestHandler.java:292) ~[ozone-manager-1.4.0-SNAPSHOT.jar:?]
	at org.apache.hadoop.ozone.protocolPB.OzoneManagerProtocolServerSideTranslatorPB.submitReadRequestToOM(OzoneManagerProtocolServerSideTranslatorPB.java:223) ~[ozone-manager-1.4.0-SNAPSHOT.jar:?]
	at org.apache.hadoop.ozone.protocolPB.OzoneManagerProtocolServerSideTranslatorPB.processRequest(OzoneManagerProtocolServerSideTranslatorPB.java:177) ~[ozone-manager-1.4.0-SNAPSHOT.jar:?]
	at org.apache.hadoop.hdds.server.OzoneProtocolMessageDispatcher.processRequest(OzoneProtocolMessageDispatcher.java:87) [hdds-server-framework-1.4.0-SNAPSHOT.jar:?]
	at org.apache.hadoop.ozone.protocolPB.OzoneManagerProtocolServerSideTranslatorPB.submitRequest(OzoneManagerProtocolServerSideTranslatorPB.java:147) [ozone-manager-1.4.0-SNAPSHOT.jar:?]
	at org.apache.hadoop.ozone.protocol.proto.OzoneManagerProtocolProtos$OzoneManagerService$2.callBlockingMethod(OzoneManagerProtocolProtos.java) [ozone-interface-client-1.4.0-SNAPSHOT.jar:?]
	at org.apache.hadoop.ipc.ProtobufRpcEngine$Server.processCall(ProtobufRpcEngine.java:465) [hadoop-common-3.3.4.jar:?]
	at org.apache.hadoop.ipc.ProtobufRpcEngine2$Server$ProtoBufRpcInvoker.call(ProtobufRpcEngine2.java:578) [hadoop-common-3.3.4.jar:?]
	at org.apache.hadoop.ipc.ProtobufRpcEngine2$Server$ProtoBufRpcInvoker.call(ProtobufRpcEngine2.java:556) [hadoop-common-3.3.4.jar:?]
	at org.apache.hadoop.ipc.RPC$Server.call(RPC.java:1093) [hadoop-common-3.3.4.jar:?]
	at org.apache.hadoop.ipc.Server$RpcCall.run(Server.java:1043) [hadoop-common-3.3.4.jar:?]
	at org.apache.hadoop.ipc.Server$RpcCall.run(Server.java:971) [hadoop-common-3.3.4.jar:?]
	at java.security.AccessController.doPrivileged(Native Method) ~[?:1.8.0_362]
	at javax.security.auth.Subject.doAs(Subject.java:422) [?:1.8.0_362]
	at org.apache.hadoop.security.UserGroupInformation.doAs(UserGroupInformation.java:1878) [hadoop-common-3.3.4.jar:?]
	at org.apache.hadoop.ipc.Server$Handler.run(Server.java:2976) [hadoop-common-3.3.4.jar:?]
]]></system-out>
  </testcase>
  <testcase name="testSeekOnFileLength" classname="TestOzoneFileSystem" time="0.125">
    <system-out><![CDATA[2023-02-21 13:39:20,975 [IPC Server handler 17 on default port 33483] INFO  ha.SequenceIdGenerator (SequenceIdGenerator.java:getNextId(128)) - Allocate a batch for containerId, change lastId from 0 to 1000.
2023-02-21 13:39:20,976 [IPC Server handler 17 on default port 33483] WARN  ha.SequenceIdGenerator (SequenceIdGenerator.java:allocateBatch(237)) - Failed to allocate a batch for localId, expected lastId is 0, actual lastId is 111677748019200000.
2023-02-21 13:39:20,976 [IPC Server handler 17 on default port 33483] INFO  ha.SequenceIdGenerator (SequenceIdGenerator.java:getNextId(128)) - Allocate a batch for localId, change lastId from 111677748019200000 to 111677748019201000.
13:39:21.082 [IPC Server handler 14 on default port 40229] ERROR OMAudit - user=runner | ip=127.0.0.1 | op=READ_KEY {volume=volume46490, bucket=bucket73093, key=file_notexist, dataSize=0, replicationConfig=null} | ret=FAILURE
org.apache.hadoop.ozone.om.exceptions.OMException: Key:file_notexist not found
	at org.apache.hadoop.ozone.om.KeyManagerImpl.readKeyInfo(KeyManagerImpl.java:397) ~[ozone-manager-1.4.0-SNAPSHOT.jar:?]
	at org.apache.hadoop.ozone.om.KeyManagerImpl.lambda$9(KeyManagerImpl.java:1869) ~[ozone-manager-1.4.0-SNAPSHOT.jar:?]
	at org.apache.hadoop.util.MetricUtil.captureLatencyNs(MetricUtil.java:36) ~[hdds-common-1.4.0-SNAPSHOT.jar:?]
	at org.apache.hadoop.ozone.om.KeyManagerImpl.getKeyInfo(KeyManagerImpl.java:1867) ~[ozone-manager-1.4.0-SNAPSHOT.jar:?]
	at org.apache.hadoop.ozone.om.OmMetadataReader.getKeyInfo(OmMetadataReader.java:211) ~[ozone-manager-1.4.0-SNAPSHOT.jar:?]
	at org.apache.hadoop.ozone.om.OzoneManager.getKeyInfo(OzoneManager.java:2782) ~[ozone-manager-1.4.0-SNAPSHOT.jar:?]
	at org.apache.hadoop.ozone.protocolPB.OzoneManagerRequestHandler.getKeyInfo(OzoneManagerRequestHandler.java:548) ~[ozone-manager-1.4.0-SNAPSHOT.jar:?]
	at org.apache.hadoop.ozone.protocolPB.OzoneManagerRequestHandler.handleReadRequest(OzoneManagerRequestHandler.java:292) ~[ozone-manager-1.4.0-SNAPSHOT.jar:?]
	at org.apache.hadoop.ozone.protocolPB.OzoneManagerProtocolServerSideTranslatorPB.submitRequestDirectlyToOM(OzoneManagerProtocolServerSideTranslatorPB.java:271) ~[ozone-manager-1.4.0-SNAPSHOT.jar:?]
	at org.apache.hadoop.ozone.protocolPB.OzoneManagerProtocolServerSideTranslatorPB.processRequest(OzoneManagerProtocolServerSideTranslatorPB.java:173) ~[ozone-manager-1.4.0-SNAPSHOT.jar:?]
	at org.apache.hadoop.hdds.server.OzoneProtocolMessageDispatcher.processRequest(OzoneProtocolMessageDispatcher.java:87) [hdds-server-framework-1.4.0-SNAPSHOT.jar:?]
	at org.apache.hadoop.ozone.protocolPB.OzoneManagerProtocolServerSideTranslatorPB.submitRequest(OzoneManagerProtocolServerSideTranslatorPB.java:147) [ozone-manager-1.4.0-SNAPSHOT.jar:?]
	at org.apache.hadoop.ozone.protocol.proto.OzoneManagerProtocolProtos$OzoneManagerService$2.callBlockingMethod(OzoneManagerProtocolProtos.java) [ozone-interface-client-1.4.0-SNAPSHOT.jar:?]
	at org.apache.hadoop.ipc.ProtobufRpcEngine$Server.processCall(ProtobufRpcEngine.java:465) [hadoop-common-3.3.4.jar:?]
	at org.apache.hadoop.ipc.ProtobufRpcEngine2$Server$ProtoBufRpcInvoker.call(ProtobufRpcEngine2.java:578) [hadoop-common-3.3.4.jar:?]
	at org.apache.hadoop.ipc.ProtobufRpcEngine2$Server$ProtoBufRpcInvoker.call(ProtobufRpcEngine2.java:556) [hadoop-common-3.3.4.jar:?]
	at org.apache.hadoop.ipc.RPC$Server.call(RPC.java:1093) [hadoop-common-3.3.4.jar:?]
	at org.apache.hadoop.ipc.Server$RpcCall.run(Server.java:1043) [hadoop-common-3.3.4.jar:?]
	at org.apache.hadoop.ipc.Server$RpcCall.run(Server.java:971) [hadoop-common-3.3.4.jar:?]
	at java.security.AccessController.doPrivileged(Native Method) ~[?:1.8.0_362]
	at javax.security.auth.Subject.doAs(Subject.java:422) [?:1.8.0_362]
	at org.apache.hadoop.security.UserGroupInformation.doAs(UserGroupInformation.java:1878) [hadoop-common-3.3.4.jar:?]
	at org.apache.hadoop.ipc.Server$Handler.run(Server.java:2976) [hadoop-common-3.3.4.jar:?]
2023-02-21 13:39:21,086 [24a59b6b-5580-49f4-8674-e10ef71be698@group-00A541332AA0-FollowerState] INFO  impl.FollowerState (FollowerState.java:run(143)) - 24a59b6b-5580-49f4-8674-e10ef71be698@group-00A541332AA0-FollowerState: change to CANDIDATE, lastRpcElapsedTime:5050444934ns, electionTimeout:5049ms
2023-02-21 13:39:21,086 [24a59b6b-5580-49f4-8674-e10ef71be698@group-00A541332AA0-FollowerState] INFO  impl.RoleInfo (RoleInfo.java:shutdownFollowerState(110)) - 24a59b6b-5580-49f4-8674-e10ef71be698: shutdown 24a59b6b-5580-49f4-8674-e10ef71be698@group-00A541332AA0-FollowerState
2023-02-21 13:39:21,086 [24a59b6b-5580-49f4-8674-e10ef71be698@group-00A541332AA0-FollowerState] INFO  server.RaftServer$Division (RaftServerImpl.java:setRole(321)) - 24a59b6b-5580-49f4-8674-e10ef71be698@group-00A541332AA0: changes role from  FOLLOWER to CANDIDATE at term 0 for changeToCandidate
2023-02-21 13:39:21,086 [24a59b6b-5580-49f4-8674-e10ef71be698@group-00A541332AA0-FollowerState] INFO  server.RaftServerConfigKeys (ConfUtils.java:logGet(46)) - raft.server.leaderelection.pre-vote = true (default)
2023-02-21 13:39:21,086 [24a59b6b-5580-49f4-8674-e10ef71be698@group-00A541332AA0-FollowerState] INFO  impl.RoleInfo (RoleInfo.java:updateAndGet(139)) - 24a59b6b-5580-49f4-8674-e10ef71be698: start 24a59b6b-5580-49f4-8674-e10ef71be698@group-00A541332AA0-LeaderElection17
2023-02-21 13:39:21,090 [24a59b6b-5580-49f4-8674-e10ef71be698@group-00A541332AA0-LeaderElection17] INFO  impl.LeaderElection (LeaderElection.java:askForVotes(312)) - 24a59b6b-5580-49f4-8674-e10ef71be698@group-00A541332AA0-LeaderElection17 PRE_VOTE round 0: submit vote requests at term 0 for -1: peers:[24a59b6b-5580-49f4-8674-e10ef71be698|rpc:10.1.0.81:45623|dataStream:10.1.0.81:37369|priority:1|startupRole:FOLLOWER]|listeners:[], old=null
2023-02-21 13:39:21,090 [24a59b6b-5580-49f4-8674-e10ef71be698@group-00A541332AA0-LeaderElection17] INFO  impl.LeaderElection (LeaderElection.java:askForVotes(314)) - 24a59b6b-5580-49f4-8674-e10ef71be698@group-00A541332AA0-LeaderElection17 PRE_VOTE round 0: result PASSED (term=0)
]]></system-out>
  </testcase>
  <testcase name="testSeekOnFileLength" classname="TestOzoneFileSystem" time="0.156">
    <system-out><![CDATA[2023-02-21 13:40:20,060 [IPC Server handler 0 on default port 35825] INFO  ha.SequenceIdGenerator (SequenceIdGenerator.java:getNextId(128)) - Allocate a batch for containerId, change lastId from 0 to 1000.
2023-02-21 13:40:20,060 [IPC Server handler 0 on default port 35825] WARN  ha.SequenceIdGenerator (SequenceIdGenerator.java:allocateBatch(237)) - Failed to allocate a batch for localId, expected lastId is 0, actual lastId is 111677748019200000.
2023-02-21 13:40:20,061 [IPC Server handler 0 on default port 35825] INFO  ha.SequenceIdGenerator (SequenceIdGenerator.java:getNextId(128)) - Allocate a batch for localId, change lastId from 111677748019200000 to 111677748019201000.
13:40:20.197 [IPC Server handler 10 on default port 34503] ERROR OMAudit - user=runner | ip=127.0.0.1 | op=READ_KEY {volume=volume47855, bucket=bucket64015, key=file_notexist, dataSize=0, replicationConfig=null} | ret=FAILURE
org.apache.hadoop.ozone.om.exceptions.OMException: Key:file_notexist not found
	at org.apache.hadoop.ozone.om.KeyManagerImpl.readKeyInfo(KeyManagerImpl.java:397) ~[ozone-manager-1.4.0-SNAPSHOT.jar:?]
	at org.apache.hadoop.ozone.om.KeyManagerImpl.lambda$9(KeyManagerImpl.java:1869) ~[ozone-manager-1.4.0-SNAPSHOT.jar:?]
	at org.apache.hadoop.util.MetricUtil.captureLatencyNs(MetricUtil.java:36) ~[hdds-common-1.4.0-SNAPSHOT.jar:?]
	at org.apache.hadoop.ozone.om.KeyManagerImpl.getKeyInfo(KeyManagerImpl.java:1867) ~[ozone-manager-1.4.0-SNAPSHOT.jar:?]
	at org.apache.hadoop.ozone.om.OmMetadataReader.getKeyInfo(OmMetadataReader.java:211) ~[ozone-manager-1.4.0-SNAPSHOT.jar:?]
	at org.apache.hadoop.ozone.om.OzoneManager.getKeyInfo(OzoneManager.java:2782) ~[ozone-manager-1.4.0-SNAPSHOT.jar:?]
	at org.apache.hadoop.ozone.protocolPB.OzoneManagerRequestHandler.getKeyInfo(OzoneManagerRequestHandler.java:548) ~[ozone-manager-1.4.0-SNAPSHOT.jar:?]
	at org.apache.hadoop.ozone.protocolPB.OzoneManagerRequestHandler.handleReadRequest(OzoneManagerRequestHandler.java:292) ~[ozone-manager-1.4.0-SNAPSHOT.jar:?]
	at org.apache.hadoop.ozone.protocolPB.OzoneManagerProtocolServerSideTranslatorPB.submitReadRequestToOM(OzoneManagerProtocolServerSideTranslatorPB.java:223) ~[ozone-manager-1.4.0-SNAPSHOT.jar:?]
	at org.apache.hadoop.ozone.protocolPB.OzoneManagerProtocolServerSideTranslatorPB.processRequest(OzoneManagerProtocolServerSideTranslatorPB.java:177) ~[ozone-manager-1.4.0-SNAPSHOT.jar:?]
	at org.apache.hadoop.hdds.server.OzoneProtocolMessageDispatcher.processRequest(OzoneProtocolMessageDispatcher.java:87) [hdds-server-framework-1.4.0-SNAPSHOT.jar:?]
	at org.apache.hadoop.ozone.protocolPB.OzoneManagerProtocolServerSideTranslatorPB.submitRequest(OzoneManagerProtocolServerSideTranslatorPB.java:147) [ozone-manager-1.4.0-SNAPSHOT.jar:?]
	at org.apache.hadoop.ozone.protocol.proto.OzoneManagerProtocolProtos$OzoneManagerService$2.callBlockingMethod(OzoneManagerProtocolProtos.java) [ozone-interface-client-1.4.0-SNAPSHOT.jar:?]
	at org.apache.hadoop.ipc.ProtobufRpcEngine$Server.processCall(ProtobufRpcEngine.java:465) [hadoop-common-3.3.4.jar:?]
	at org.apache.hadoop.ipc.ProtobufRpcEngine2$Server$ProtoBufRpcInvoker.call(ProtobufRpcEngine2.java:578) [hadoop-common-3.3.4.jar:?]
	at org.apache.hadoop.ipc.ProtobufRpcEngine2$Server$ProtoBufRpcInvoker.call(ProtobufRpcEngine2.java:556) [hadoop-common-3.3.4.jar:?]
	at org.apache.hadoop.ipc.RPC$Server.call(RPC.java:1093) [hadoop-common-3.3.4.jar:?]
	at org.apache.hadoop.ipc.Server$RpcCall.run(Server.java:1043) [hadoop-common-3.3.4.jar:?]
	at org.apache.hadoop.ipc.Server$RpcCall.run(Server.java:971) [hadoop-common-3.3.4.jar:?]
	at java.security.AccessController.doPrivileged(Native Method) ~[?:1.8.0_362]
	at javax.security.auth.Subject.doAs(Subject.java:422) [?:1.8.0_362]
	at org.apache.hadoop.security.UserGroupInformation.doAs(UserGroupInformation.java:1878) [hadoop-common-3.3.4.jar:?]
	at org.apache.hadoop.ipc.Server$Handler.run(Server.java:2976) [hadoop-common-3.3.4.jar:?]
]]></system-out>
  </testcase>
  <testcase name="testSeekOnFileLength" classname="TestOzoneFileSystem" time="0.122">
    <system-out><![CDATA[2023-02-21 13:41:29,340 [IPC Server handler 3 on default port 43879] INFO  ha.SequenceIdGenerator (SequenceIdGenerator.java:getNextId(128)) - Allocate a batch for containerId, change lastId from 0 to 1000.
2023-02-21 13:41:29,340 [IPC Server handler 3 on default port 43879] WARN  ha.SequenceIdGenerator (SequenceIdGenerator.java:allocateBatch(237)) - Failed to allocate a batch for localId, expected lastId is 0, actual lastId is 111677748019200000.
2023-02-21 13:41:29,341 [IPC Server handler 3 on default port 43879] INFO  ha.SequenceIdGenerator (SequenceIdGenerator.java:getNextId(128)) - Allocate a batch for localId, change lastId from 111677748019200000 to 111677748019201000.
13:41:29.439 [IPC Server handler 3 on default port 40765] ERROR OMAudit - user=runner | ip=127.0.0.1 | op=READ_KEY {volume=volume82902, bucket=bucket15199, key=file_notexist, dataSize=0, replicationConfig=null} | ret=FAILURE
org.apache.hadoop.ozone.om.exceptions.OMException: Key:file_notexist not found
	at org.apache.hadoop.ozone.om.KeyManagerImpl.readKeyInfo(KeyManagerImpl.java:397) ~[ozone-manager-1.4.0-SNAPSHOT.jar:?]
	at org.apache.hadoop.ozone.om.KeyManagerImpl.lambda$9(KeyManagerImpl.java:1869) ~[ozone-manager-1.4.0-SNAPSHOT.jar:?]
	at org.apache.hadoop.util.MetricUtil.captureLatencyNs(MetricUtil.java:36) ~[hdds-common-1.4.0-SNAPSHOT.jar:?]
	at org.apache.hadoop.ozone.om.KeyManagerImpl.getKeyInfo(KeyManagerImpl.java:1867) ~[ozone-manager-1.4.0-SNAPSHOT.jar:?]
	at org.apache.hadoop.ozone.om.OmMetadataReader.getKeyInfo(OmMetadataReader.java:211) ~[ozone-manager-1.4.0-SNAPSHOT.jar:?]
	at org.apache.hadoop.ozone.om.OzoneManager.getKeyInfo(OzoneManager.java:2782) ~[ozone-manager-1.4.0-SNAPSHOT.jar:?]
	at org.apache.hadoop.ozone.protocolPB.OzoneManagerRequestHandler.getKeyInfo(OzoneManagerRequestHandler.java:548) ~[ozone-manager-1.4.0-SNAPSHOT.jar:?]
	at org.apache.hadoop.ozone.protocolPB.OzoneManagerRequestHandler.handleReadRequest(OzoneManagerRequestHandler.java:292) ~[ozone-manager-1.4.0-SNAPSHOT.jar:?]
	at org.apache.hadoop.ozone.protocolPB.OzoneManagerProtocolServerSideTranslatorPB.submitRequestDirectlyToOM(OzoneManagerProtocolServerSideTranslatorPB.java:271) ~[ozone-manager-1.4.0-SNAPSHOT.jar:?]
	at org.apache.hadoop.ozone.protocolPB.OzoneManagerProtocolServerSideTranslatorPB.processRequest(OzoneManagerProtocolServerSideTranslatorPB.java:173) ~[ozone-manager-1.4.0-SNAPSHOT.jar:?]
	at org.apache.hadoop.hdds.server.OzoneProtocolMessageDispatcher.processRequest(OzoneProtocolMessageDispatcher.java:87) [hdds-server-framework-1.4.0-SNAPSHOT.jar:?]
	at org.apache.hadoop.ozone.protocolPB.OzoneManagerProtocolServerSideTranslatorPB.submitRequest(OzoneManagerProtocolServerSideTranslatorPB.java:147) [ozone-manager-1.4.0-SNAPSHOT.jar:?]
	at org.apache.hadoop.ozone.protocol.proto.OzoneManagerProtocolProtos$OzoneManagerService$2.callBlockingMethod(OzoneManagerProtocolProtos.java) [ozone-interface-client-1.4.0-SNAPSHOT.jar:?]
	at org.apache.hadoop.ipc.ProtobufRpcEngine$Server.processCall(ProtobufRpcEngine.java:465) [hadoop-common-3.3.4.jar:?]
	at org.apache.hadoop.ipc.ProtobufRpcEngine2$Server$ProtoBufRpcInvoker.call(ProtobufRpcEngine2.java:578) [hadoop-common-3.3.4.jar:?]
	at org.apache.hadoop.ipc.ProtobufRpcEngine2$Server$ProtoBufRpcInvoker.call(ProtobufRpcEngine2.java:556) [hadoop-common-3.3.4.jar:?]
	at org.apache.hadoop.ipc.RPC$Server.call(RPC.java:1093) [hadoop-common-3.3.4.jar:?]
	at org.apache.hadoop.ipc.Server$RpcCall.run(Server.java:1043) [hadoop-common-3.3.4.jar:?]
	at org.apache.hadoop.ipc.Server$RpcCall.run(Server.java:971) [hadoop-common-3.3.4.jar:?]
	at java.security.AccessController.doPrivileged(Native Method) ~[?:1.8.0_362]
	at javax.security.auth.Subject.doAs(Subject.java:422) [?:1.8.0_362]
	at org.apache.hadoop.security.UserGroupInformation.doAs(UserGroupInformation.java:1878) [hadoop-common-3.3.4.jar:?]
	at org.apache.hadoop.ipc.Server$Handler.run(Server.java:2976) [hadoop-common-3.3.4.jar:?]
]]></system-out>
  </testcase>
  <testcase name="testRenameFile" classname="TestOzoneFileSystem" time="0.121">
    <system-out><![CDATA[2023-02-21 13:37:56,241 [OM StateMachine ApplyTransaction Thread - 0] INFO  key.OMKeyRequest (OMKeyRequest.java:wrapUncommittedBlocksAsPseudoKey(837)) - Detect allocated but uncommitted blocks [{blockID={containerID=2, localID=111677748019200002}, length=4194304, offset=0, token=null, pipeline=null, createVersion=0, partNumber=0}] in key root/file1_Copy.
13:37:56.247 [IPC Server handler 7 on default port 35721] ERROR OMAudit - user=runner | ip=127.0.0.1 | op=GET_FILE_STATUS {volume=volume06454, bucket=bucket10538, key=root/file1, dataSize=0, replicationConfig=null} | ret=FAILURE
org.apache.hadoop.ozone.om.exceptions.OMException: Unable to get file status: volume: volume06454 bucket: bucket10538 key: root/file1
	at org.apache.hadoop.ozone.om.KeyManagerImpl.getOzoneFileStatus(KeyManagerImpl.java:1162) ~[ozone-manager-1.4.0-SNAPSHOT.jar:?]
	at org.apache.hadoop.ozone.om.KeyManagerImpl.getFileStatus(KeyManagerImpl.java:1080) ~[ozone-manager-1.4.0-SNAPSHOT.jar:?]
	at org.apache.hadoop.ozone.om.OmMetadataReader.getFileStatus(OmMetadataReader.java:288) ~[ozone-manager-1.4.0-SNAPSHOT.jar:?]
	at org.apache.hadoop.ozone.om.OzoneManager.getFileStatus(OzoneManager.java:3450) ~[ozone-manager-1.4.0-SNAPSHOT.jar:?]
	at org.apache.hadoop.ozone.protocolPB.OzoneManagerRequestHandler.getOzoneFileStatus(OzoneManagerRequestHandler.java:933) ~[ozone-manager-1.4.0-SNAPSHOT.jar:?]
	at org.apache.hadoop.ozone.protocolPB.OzoneManagerRequestHandler.handleReadRequest(OzoneManagerRequestHandler.java:238) ~[ozone-manager-1.4.0-SNAPSHOT.jar:?]
	at org.apache.hadoop.ozone.protocolPB.OzoneManagerProtocolServerSideTranslatorPB.submitReadRequestToOM(OzoneManagerProtocolServerSideTranslatorPB.java:223) ~[ozone-manager-1.4.0-SNAPSHOT.jar:?]
	at org.apache.hadoop.ozone.protocolPB.OzoneManagerProtocolServerSideTranslatorPB.processRequest(OzoneManagerProtocolServerSideTranslatorPB.java:177) ~[ozone-manager-1.4.0-SNAPSHOT.jar:?]
	at org.apache.hadoop.hdds.server.OzoneProtocolMessageDispatcher.processRequest(OzoneProtocolMessageDispatcher.java:87) [hdds-server-framework-1.4.0-SNAPSHOT.jar:?]
	at org.apache.hadoop.ozone.protocolPB.OzoneManagerProtocolServerSideTranslatorPB.submitRequest(OzoneManagerProtocolServerSideTranslatorPB.java:147) [ozone-manager-1.4.0-SNAPSHOT.jar:?]
	at org.apache.hadoop.ozone.protocol.proto.OzoneManagerProtocolProtos$OzoneManagerService$2.callBlockingMethod(OzoneManagerProtocolProtos.java) [ozone-interface-client-1.4.0-SNAPSHOT.jar:?]
	at org.apache.hadoop.ipc.ProtobufRpcEngine$Server.processCall(ProtobufRpcEngine.java:465) [hadoop-common-3.3.4.jar:?]
	at org.apache.hadoop.ipc.ProtobufRpcEngine2$Server$ProtoBufRpcInvoker.call(ProtobufRpcEngine2.java:578) [hadoop-common-3.3.4.jar:?]
	at org.apache.hadoop.ipc.ProtobufRpcEngine2$Server$ProtoBufRpcInvoker.call(ProtobufRpcEngine2.java:556) [hadoop-common-3.3.4.jar:?]
	at org.apache.hadoop.ipc.RPC$Server.call(RPC.java:1093) [hadoop-common-3.3.4.jar:?]
	at org.apache.hadoop.ipc.Server$RpcCall.run(Server.java:1043) [hadoop-common-3.3.4.jar:?]
	at org.apache.hadoop.ipc.Server$RpcCall.run(Server.java:971) [hadoop-common-3.3.4.jar:?]
	at java.security.AccessController.doPrivileged(Native Method) ~[?:1.8.0_362]
	at javax.security.auth.Subject.doAs(Subject.java:422) [?:1.8.0_362]
	at org.apache.hadoop.security.UserGroupInformation.doAs(UserGroupInformation.java:1878) [hadoop-common-3.3.4.jar:?]
	at org.apache.hadoop.ipc.Server$Handler.run(Server.java:2976) [hadoop-common-3.3.4.jar:?]
]]></system-out>
  </testcase>
  <testcase name="testRenameFile" classname="TestOzoneFileSystem" time="0.035">
    <system-out><![CDATA[2023-02-21 13:39:21,092 [24a59b6b-5580-49f4-8674-e10ef71be698@group-00A541332AA0-LeaderElection17] INFO  impl.LeaderElection (LeaderElection.java:askForVotes(312)) - 24a59b6b-5580-49f4-8674-e10ef71be698@group-00A541332AA0-LeaderElection17 ELECTION round 0: submit vote requests at term 1 for -1: peers:[24a59b6b-5580-49f4-8674-e10ef71be698|rpc:10.1.0.81:45623|dataStream:10.1.0.81:37369|priority:1|startupRole:FOLLOWER]|listeners:[], old=null
2023-02-21 13:39:21,092 [24a59b6b-5580-49f4-8674-e10ef71be698@group-00A541332AA0-LeaderElection17] INFO  impl.LeaderElection (LeaderElection.java:askForVotes(314)) - 24a59b6b-5580-49f4-8674-e10ef71be698@group-00A541332AA0-LeaderElection17 ELECTION round 0: result PASSED (term=1)
2023-02-21 13:39:21,092 [24a59b6b-5580-49f4-8674-e10ef71be698@group-00A541332AA0-LeaderElection17] INFO  impl.RoleInfo (RoleInfo.java:shutdownLeaderElection(130)) - 24a59b6b-5580-49f4-8674-e10ef71be698: shutdown 24a59b6b-5580-49f4-8674-e10ef71be698@group-00A541332AA0-LeaderElection17
2023-02-21 13:39:21,092 [24a59b6b-5580-49f4-8674-e10ef71be698@group-00A541332AA0-LeaderElection17] INFO  server.RaftServer$Division (RaftServerImpl.java:setRole(321)) - 24a59b6b-5580-49f4-8674-e10ef71be698@group-00A541332AA0: changes role from CANDIDATE to LEADER at term 1 for changeToLeader
2023-02-21 13:39:21,092 [24a59b6b-5580-49f4-8674-e10ef71be698@group-00A541332AA0-LeaderElection17] INFO  ratis.XceiverServerRatis (XceiverServerRatis.java:handleLeaderChangedNotification(905)) - Leader change notification received for group: group-00A541332AA0 with new leaderId: 24a59b6b-5580-49f4-8674-e10ef71be698
2023-02-21 13:39:21,093 [24a59b6b-5580-49f4-8674-e10ef71be698@group-00A541332AA0-LeaderElection17] INFO  server.RaftServer$Division (ServerState.java:setLeader(313)) - 24a59b6b-5580-49f4-8674-e10ef71be698@group-00A541332AA0: change Leader from null to 24a59b6b-5580-49f4-8674-e10ef71be698 at term 1 for becomeLeader, leader elected after 5071ms
2023-02-21 13:39:21,093 [24a59b6b-5580-49f4-8674-e10ef71be698@group-00A541332AA0-LeaderElection17] INFO  server.RaftServerConfigKeys (ConfUtils.java:logGet(46)) - raft.server.staging.catchup.gap = 1000 (default)
2023-02-21 13:39:21,095 [24a59b6b-5580-49f4-8674-e10ef71be698@group-00A541332AA0-LeaderElection17] INFO  server.RaftServerConfigKeys (ConfUtils.java:logGet(46)) - raft.server.write.element-limit = 1024 (custom)
2023-02-21 13:39:21,095 [24a59b6b-5580-49f4-8674-e10ef71be698@group-00A541332AA0-LeaderElection17] INFO  server.RaftServerConfigKeys (ConfUtils.java:logGet(46)) - raft.server.write.byte-limit = 1024 M (=1073741824) (custom)
2023-02-21 13:39:21,101 [24a59b6b-5580-49f4-8674-e10ef71be698@group-00A541332AA0-LeaderElection17] INFO  server.RaftServerConfigKeys (ConfUtils.java:logGet(46)) - raft.server.watch.timeout = 180s (custom)
2023-02-21 13:39:21,102 [24a59b6b-5580-49f4-8674-e10ef71be698@group-00A541332AA0-LeaderElection17] INFO  server.RaftServerConfigKeys (ConfUtils.java:logGet(46)) - raft.server.watch.timeout.denomination = 1s (default)
2023-02-21 13:39:21,102 [24a59b6b-5580-49f4-8674-e10ef71be698@group-00A541332AA0-LeaderElection17] INFO  server.RaftServerConfigKeys (ConfUtils.java:logGet(46)) - raft.server.watch.element-limit = 65536 (default)
2023-02-21 13:39:21,102 [24a59b6b-5580-49f4-8674-e10ef71be698@group-00A541332AA0-LeaderElection17] INFO  server.RaftServerConfigKeys (ConfUtils.java:logGet(46)) - raft.server.write.element-limit = 1024 (custom)
2023-02-21 13:39:21,105 [24a59b6b-5580-49f4-8674-e10ef71be698@group-00A541332AA0-LeaderElection17] INFO  server.RaftServerConfigKeys (ConfUtils.java:logGet(46)) - raft.server.write.follower.gap.ratio.max = -1.0 (default)
2023-02-21 13:39:21,102 [IPC Server handler 0 on default port 40229] INFO  key.OMKeyRequest (OMKeyRequest.java:wrapUncommittedBlocksAsPseudoKey(837)) - Detect allocated but uncommitted blocks [{blockID={containerID=2, localID=111677748019200002}, length=4194304, offset=0, token=null, pipeline=null, createVersion=0, partNumber=0}] in key root/file1_Copy.
2023-02-21 13:39:21,105 [24a59b6b-5580-49f4-8674-e10ef71be698@group-00A541332AA0-LeaderElection17] INFO  impl.RoleInfo (RoleInfo.java:updateAndGet(139)) - 24a59b6b-5580-49f4-8674-e10ef71be698: start 24a59b6b-5580-49f4-8674-e10ef71be698@group-00A541332AA0-LeaderStateImpl
2023-02-21 13:39:21,106 [24a59b6b-5580-49f4-8674-e10ef71be698@group-00A541332AA0-LeaderElection17] INFO  segmented.SegmentedRaftLogWorker (SegmentedRaftLogWorker.java:startLogSegment(452)) - 24a59b6b-5580-49f4-8674-e10ef71be698@group-00A541332AA0-SegmentedRaftLogWorker: Starting segment from index:0
13:39:21.107 [IPC Server handler 2 on default port 40229] ERROR OMAudit - user=runner | ip=127.0.0.1 | op=GET_FILE_STATUS {volume=volume46490, bucket=bucket73093, key=root/file1, dataSize=0, replicationConfig=null} | ret=FAILURE
org.apache.hadoop.ozone.om.exceptions.OMException: Unable to get file status: volume: volume46490 bucket: bucket73093 key: root/file1
	at org.apache.hadoop.ozone.om.KeyManagerImpl.getOzoneFileStatus(KeyManagerImpl.java:1162) ~[ozone-manager-1.4.0-SNAPSHOT.jar:?]
	at org.apache.hadoop.ozone.om.KeyManagerImpl.getFileStatus(KeyManagerImpl.java:1080) ~[ozone-manager-1.4.0-SNAPSHOT.jar:?]
	at org.apache.hadoop.ozone.om.OmMetadataReader.getFileStatus(OmMetadataReader.java:288) ~[ozone-manager-1.4.0-SNAPSHOT.jar:?]
	at org.apache.hadoop.ozone.om.OzoneManager.getFileStatus(OzoneManager.java:3450) ~[ozone-manager-1.4.0-SNAPSHOT.jar:?]
	at org.apache.hadoop.ozone.protocolPB.OzoneManagerRequestHandler.getOzoneFileStatus(OzoneManagerRequestHandler.java:933) ~[ozone-manager-1.4.0-SNAPSHOT.jar:?]
	at org.apache.hadoop.ozone.protocolPB.OzoneManagerRequestHandler.handleReadRequest(OzoneManagerRequestHandler.java:238) ~[ozone-manager-1.4.0-SNAPSHOT.jar:?]
	at org.apache.hadoop.ozone.protocolPB.OzoneManagerProtocolServerSideTranslatorPB.submitRequestDirectlyToOM(OzoneManagerProtocolServerSideTranslatorPB.java:271) ~[ozone-manager-1.4.0-SNAPSHOT.jar:?]
	at org.apache.hadoop.ozone.protocolPB.OzoneManagerProtocolServerSideTranslatorPB.processRequest(OzoneManagerProtocolServerSideTranslatorPB.java:173) ~[ozone-manager-1.4.0-SNAPSHOT.jar:?]
	at org.apache.hadoop.hdds.server.OzoneProtocolMessageDispatcher.processRequest(OzoneProtocolMessageDispatcher.java:87) [hdds-server-framework-1.4.0-SNAPSHOT.jar:?]
	at org.apache.hadoop.ozone.protocolPB.OzoneManagerProtocolServerSideTranslatorPB.submitRequest(OzoneManagerProtocolServerSideTranslatorPB.java:147) [ozone-manager-1.4.0-SNAPSHOT.jar:?]
	at org.apache.hadoop.ozone.protocol.proto.OzoneManagerProtocolProtos$OzoneManagerService$2.callBlockingMethod(OzoneManagerProtocolProtos.java) [ozone-interface-client-1.4.0-SNAPSHOT.jar:?]
	at org.apache.hadoop.ipc.ProtobufRpcEngine$Server.processCall(ProtobufRpcEngine.java:465) [hadoop-common-3.3.4.jar:?]
	at org.apache.hadoop.ipc.ProtobufRpcEngine2$Server$ProtoBufRpcInvoker.call(ProtobufRpcEngine2.java:578) [hadoop-common-3.3.4.jar:?]
	at org.apache.hadoop.ipc.ProtobufRpcEngine2$Server$ProtoBufRpcInvoker.call(ProtobufRpcEngine2.java:556) [hadoop-common-3.3.4.jar:?]
	at org.apache.hadoop.ipc.RPC$Server.call(RPC.java:1093) [hadoop-common-3.3.4.jar:?]
	at org.apache.hadoop.ipc.Server$RpcCall.run(Server.java:1043) [hadoop-common-3.3.4.jar:?]
	at org.apache.hadoop.ipc.Server$RpcCall.run(Server.java:971) [hadoop-common-3.3.4.jar:?]
	at java.security.AccessController.doPrivileged(Native Method) ~[?:1.8.0_362]
	at javax.security.auth.Subject.doAs(Subject.java:422) [?:1.8.0_362]
	at org.apache.hadoop.security.UserGroupInformation.doAs(UserGroupInformation.java:1878) [hadoop-common-3.3.4.jar:?]
	at org.apache.hadoop.ipc.Server$Handler.run(Server.java:2976) [hadoop-common-3.3.4.jar:?]
2023-02-21 13:39:21,108 [24a59b6b-5580-49f4-8674-e10ef71be698@group-00A541332AA0-SegmentedRaftLogWorker] INFO  segmented.SegmentedRaftLogWorker (SegmentedRaftLogWorker.java:execute(656)) - 24a59b6b-5580-49f4-8674-e10ef71be698@group-00A541332AA0-SegmentedRaftLogWorker: created new log segment /home/runner/work/ozone/ozone/hadoop-ozone/integration-test/target/test-dir/MiniOzoneClusterImpl-be926948-0f1c-4cac-9651-6eceb419abf0/datanode-2/data/ratis/a5fbe8c9-bf7d-45a3-a4e7-00a541332aa0/current/log_inprogress_0
2023-02-21 13:39:21,119 [24a59b6b-5580-49f4-8674-e10ef71be698@group-00A541332AA0-LeaderElection17] INFO  server.RaftServer$Division (ServerState.java:setRaftConf(430)) - 24a59b6b-5580-49f4-8674-e10ef71be698@group-00A541332AA0: set configuration 0: peers:[24a59b6b-5580-49f4-8674-e10ef71be698|rpc:10.1.0.81:45623|dataStream:10.1.0.81:37369|priority:1|startupRole:FOLLOWER]|listeners:[], old=null
]]></system-out>
  </testcase>
  <testcase name="testRenameFile" classname="TestOzoneFileSystem" time="0.037">
    <system-out><![CDATA[2023-02-21 13:40:20,226 [OM StateMachine ApplyTransaction Thread - 0] INFO  key.OMKeyRequest (OMKeyRequest.java:wrapUncommittedBlocksAsPseudoKey(837)) - Detect allocated but uncommitted blocks [{blockID={containerID=2, localID=111677748019200002}, length=4194304, offset=0, token=null, pipeline=null, createVersion=0, partNumber=0}] in key root/file1_Copy.
13:40:20.227 [IPC Server handler 3 on default port 34503] ERROR OMAudit - user=runner | ip=127.0.0.1 | op=GET_FILE_STATUS {volume=volume47855, bucket=bucket64015, key=root/file1, dataSize=0, replicationConfig=null} | ret=FAILURE
org.apache.hadoop.ozone.om.exceptions.OMException: Unable to get file status: volume: volume47855 bucket: bucket64015 key: root/file1
	at org.apache.hadoop.ozone.om.KeyManagerImpl.getOzoneFileStatus(KeyManagerImpl.java:1162) ~[ozone-manager-1.4.0-SNAPSHOT.jar:?]
	at org.apache.hadoop.ozone.om.KeyManagerImpl.getFileStatus(KeyManagerImpl.java:1080) ~[ozone-manager-1.4.0-SNAPSHOT.jar:?]
	at org.apache.hadoop.ozone.om.OmMetadataReader.getFileStatus(OmMetadataReader.java:288) ~[ozone-manager-1.4.0-SNAPSHOT.jar:?]
	at org.apache.hadoop.ozone.om.OzoneManager.getFileStatus(OzoneManager.java:3450) ~[ozone-manager-1.4.0-SNAPSHOT.jar:?]
	at org.apache.hadoop.ozone.protocolPB.OzoneManagerRequestHandler.getOzoneFileStatus(OzoneManagerRequestHandler.java:933) ~[ozone-manager-1.4.0-SNAPSHOT.jar:?]
	at org.apache.hadoop.ozone.protocolPB.OzoneManagerRequestHandler.handleReadRequest(OzoneManagerRequestHandler.java:238) ~[ozone-manager-1.4.0-SNAPSHOT.jar:?]
	at org.apache.hadoop.ozone.protocolPB.OzoneManagerProtocolServerSideTranslatorPB.submitReadRequestToOM(OzoneManagerProtocolServerSideTranslatorPB.java:223) ~[ozone-manager-1.4.0-SNAPSHOT.jar:?]
	at org.apache.hadoop.ozone.protocolPB.OzoneManagerProtocolServerSideTranslatorPB.processRequest(OzoneManagerProtocolServerSideTranslatorPB.java:177) ~[ozone-manager-1.4.0-SNAPSHOT.jar:?]
	at org.apache.hadoop.hdds.server.OzoneProtocolMessageDispatcher.processRequest(OzoneProtocolMessageDispatcher.java:87) [hdds-server-framework-1.4.0-SNAPSHOT.jar:?]
	at org.apache.hadoop.ozone.protocolPB.OzoneManagerProtocolServerSideTranslatorPB.submitRequest(OzoneManagerProtocolServerSideTranslatorPB.java:147) [ozone-manager-1.4.0-SNAPSHOT.jar:?]
	at org.apache.hadoop.ozone.protocol.proto.OzoneManagerProtocolProtos$OzoneManagerService$2.callBlockingMethod(OzoneManagerProtocolProtos.java) [ozone-interface-client-1.4.0-SNAPSHOT.jar:?]
	at org.apache.hadoop.ipc.ProtobufRpcEngine$Server.processCall(ProtobufRpcEngine.java:465) [hadoop-common-3.3.4.jar:?]
	at org.apache.hadoop.ipc.ProtobufRpcEngine2$Server$ProtoBufRpcInvoker.call(ProtobufRpcEngine2.java:578) [hadoop-common-3.3.4.jar:?]
	at org.apache.hadoop.ipc.ProtobufRpcEngine2$Server$ProtoBufRpcInvoker.call(ProtobufRpcEngine2.java:556) [hadoop-common-3.3.4.jar:?]
	at org.apache.hadoop.ipc.RPC$Server.call(RPC.java:1093) [hadoop-common-3.3.4.jar:?]
	at org.apache.hadoop.ipc.Server$RpcCall.run(Server.java:1043) [hadoop-common-3.3.4.jar:?]
	at org.apache.hadoop.ipc.Server$RpcCall.run(Server.java:971) [hadoop-common-3.3.4.jar:?]
	at java.security.AccessController.doPrivileged(Native Method) ~[?:1.8.0_362]
	at javax.security.auth.Subject.doAs(Subject.java:422) [?:1.8.0_362]
	at org.apache.hadoop.security.UserGroupInformation.doAs(UserGroupInformation.java:1878) [hadoop-common-3.3.4.jar:?]
	at org.apache.hadoop.ipc.Server$Handler.run(Server.java:2976) [hadoop-common-3.3.4.jar:?]
]]></system-out>
  </testcase>
  <testcase name="testRenameFile" classname="TestOzoneFileSystem" time="0.02">
    <system-out><![CDATA[2023-02-21 13:41:29,453 [IPC Server handler 6 on default port 40765] INFO  key.OMKeyRequest (OMKeyRequest.java:wrapUncommittedBlocksAsPseudoKey(837)) - Detect allocated but uncommitted blocks [{blockID={containerID=2, localID=111677748019200002}, length=4194304, offset=0, token=null, pipeline=null, createVersion=0, partNumber=0}] in key root/file1_Copy.
13:41:29.454 [IPC Server handler 19 on default port 40765] ERROR OMAudit - user=runner | ip=127.0.0.1 | op=GET_FILE_STATUS {volume=volume82902, bucket=bucket15199, key=root/file1, dataSize=0, replicationConfig=null} | ret=FAILURE
org.apache.hadoop.ozone.om.exceptions.OMException: Unable to get file status: volume: volume82902 bucket: bucket15199 key: root/file1
	at org.apache.hadoop.ozone.om.KeyManagerImpl.getOzoneFileStatus(KeyManagerImpl.java:1162) ~[ozone-manager-1.4.0-SNAPSHOT.jar:?]
	at org.apache.hadoop.ozone.om.KeyManagerImpl.getFileStatus(KeyManagerImpl.java:1080) ~[ozone-manager-1.4.0-SNAPSHOT.jar:?]
	at org.apache.hadoop.ozone.om.OmMetadataReader.getFileStatus(OmMetadataReader.java:288) ~[ozone-manager-1.4.0-SNAPSHOT.jar:?]
	at org.apache.hadoop.ozone.om.OzoneManager.getFileStatus(OzoneManager.java:3450) ~[ozone-manager-1.4.0-SNAPSHOT.jar:?]
	at org.apache.hadoop.ozone.protocolPB.OzoneManagerRequestHandler.getOzoneFileStatus(OzoneManagerRequestHandler.java:933) ~[ozone-manager-1.4.0-SNAPSHOT.jar:?]
	at org.apache.hadoop.ozone.protocolPB.OzoneManagerRequestHandler.handleReadRequest(OzoneManagerRequestHandler.java:238) ~[ozone-manager-1.4.0-SNAPSHOT.jar:?]
	at org.apache.hadoop.ozone.protocolPB.OzoneManagerProtocolServerSideTranslatorPB.submitRequestDirectlyToOM(OzoneManagerProtocolServerSideTranslatorPB.java:271) ~[ozone-manager-1.4.0-SNAPSHOT.jar:?]
	at org.apache.hadoop.ozone.protocolPB.OzoneManagerProtocolServerSideTranslatorPB.processRequest(OzoneManagerProtocolServerSideTranslatorPB.java:173) ~[ozone-manager-1.4.0-SNAPSHOT.jar:?]
	at org.apache.hadoop.hdds.server.OzoneProtocolMessageDispatcher.processRequest(OzoneProtocolMessageDispatcher.java:87) [hdds-server-framework-1.4.0-SNAPSHOT.jar:?]
	at org.apache.hadoop.ozone.protocolPB.OzoneManagerProtocolServerSideTranslatorPB.submitRequest(OzoneManagerProtocolServerSideTranslatorPB.java:147) [ozone-manager-1.4.0-SNAPSHOT.jar:?]
	at org.apache.hadoop.ozone.protocol.proto.OzoneManagerProtocolProtos$OzoneManagerService$2.callBlockingMethod(OzoneManagerProtocolProtos.java) [ozone-interface-client-1.4.0-SNAPSHOT.jar:?]
	at org.apache.hadoop.ipc.ProtobufRpcEngine$Server.processCall(ProtobufRpcEngine.java:465) [hadoop-common-3.3.4.jar:?]
	at org.apache.hadoop.ipc.ProtobufRpcEngine2$Server$ProtoBufRpcInvoker.call(ProtobufRpcEngine2.java:578) [hadoop-common-3.3.4.jar:?]
	at org.apache.hadoop.ipc.ProtobufRpcEngine2$Server$ProtoBufRpcInvoker.call(ProtobufRpcEngine2.java:556) [hadoop-common-3.3.4.jar:?]
	at org.apache.hadoop.ipc.RPC$Server.call(RPC.java:1093) [hadoop-common-3.3.4.jar:?]
	at org.apache.hadoop.ipc.Server$RpcCall.run(Server.java:1043) [hadoop-common-3.3.4.jar:?]
	at org.apache.hadoop.ipc.Server$RpcCall.run(Server.java:971) [hadoop-common-3.3.4.jar:?]
	at java.security.AccessController.doPrivileged(Native Method) ~[?:1.8.0_362]
	at javax.security.auth.Subject.doAs(Subject.java:422) [?:1.8.0_362]
	at org.apache.hadoop.security.UserGroupInformation.doAs(UserGroupInformation.java:1878) [hadoop-common-3.3.4.jar:?]
	at org.apache.hadoop.ipc.Server$Handler.run(Server.java:2976) [hadoop-common-3.3.4.jar:?]
]]></system-out>
  </testcase>
  <testcase name="testRenameDir" classname="TestOzoneFileSystem" time="0.063">
    <system-out><![CDATA[2023-02-21 13:37:56,342 [Time-limited test] INFO  ozone.TestOzoneFileSystem (TestOzoneFileSystem.java:testRenameDir(1430)) - Created dir o3fs://bucket10538.volume06454/root_dir/dir1/sub_dir1
2023-02-21 13:37:56,342 [Time-limited test] INFO  ozone.TestOzoneFileSystem (TestOzoneFileSystem.java:testRenameDir(1431)) - Will move o3fs://bucket10538.volume06454/root_dir/dir1 to o3fs://bucket10538.volume06454/root_dir/dir1.renamed
13:37:56.345 [IPC Server handler 11 on default port 35721] ERROR OMAudit - user=runner | ip=127.0.0.1 | op=GET_FILE_STATUS {volume=volume06454, bucket=bucket10538, key=root_dir/dir1.renamed, dataSize=0, replicationConfig=null} | ret=FAILURE
org.apache.hadoop.ozone.om.exceptions.OMException: Unable to get file status: volume: volume06454 bucket: bucket10538 key: root_dir/dir1.renamed
	at org.apache.hadoop.ozone.om.KeyManagerImpl.getOzoneFileStatus(KeyManagerImpl.java:1162) ~[ozone-manager-1.4.0-SNAPSHOT.jar:?]
	at org.apache.hadoop.ozone.om.KeyManagerImpl.getFileStatus(KeyManagerImpl.java:1080) ~[ozone-manager-1.4.0-SNAPSHOT.jar:?]
	at org.apache.hadoop.ozone.om.OmMetadataReader.getFileStatus(OmMetadataReader.java:288) ~[ozone-manager-1.4.0-SNAPSHOT.jar:?]
	at org.apache.hadoop.ozone.om.OzoneManager.getFileStatus(OzoneManager.java:3450) ~[ozone-manager-1.4.0-SNAPSHOT.jar:?]
	at org.apache.hadoop.ozone.protocolPB.OzoneManagerRequestHandler.getOzoneFileStatus(OzoneManagerRequestHandler.java:933) ~[ozone-manager-1.4.0-SNAPSHOT.jar:?]
	at org.apache.hadoop.ozone.protocolPB.OzoneManagerRequestHandler.handleReadRequest(OzoneManagerRequestHandler.java:238) ~[ozone-manager-1.4.0-SNAPSHOT.jar:?]
	at org.apache.hadoop.ozone.protocolPB.OzoneManagerProtocolServerSideTranslatorPB.submitReadRequestToOM(OzoneManagerProtocolServerSideTranslatorPB.java:223) ~[ozone-manager-1.4.0-SNAPSHOT.jar:?]
	at org.apache.hadoop.ozone.protocolPB.OzoneManagerProtocolServerSideTranslatorPB.processRequest(OzoneManagerProtocolServerSideTranslatorPB.java:177) ~[ozone-manager-1.4.0-SNAPSHOT.jar:?]
	at org.apache.hadoop.hdds.server.OzoneProtocolMessageDispatcher.processRequest(OzoneProtocolMessageDispatcher.java:87) [hdds-server-framework-1.4.0-SNAPSHOT.jar:?]
	at org.apache.hadoop.ozone.protocolPB.OzoneManagerProtocolServerSideTranslatorPB.submitRequest(OzoneManagerProtocolServerSideTranslatorPB.java:147) [ozone-manager-1.4.0-SNAPSHOT.jar:?]
	at org.apache.hadoop.ozone.protocol.proto.OzoneManagerProtocolProtos$OzoneManagerService$2.callBlockingMethod(OzoneManagerProtocolProtos.java) [ozone-interface-client-1.4.0-SNAPSHOT.jar:?]
	at org.apache.hadoop.ipc.ProtobufRpcEngine$Server.processCall(ProtobufRpcEngine.java:465) [hadoop-common-3.3.4.jar:?]
	at org.apache.hadoop.ipc.ProtobufRpcEngine2$Server$ProtoBufRpcInvoker.call(ProtobufRpcEngine2.java:578) [hadoop-common-3.3.4.jar:?]
	at org.apache.hadoop.ipc.ProtobufRpcEngine2$Server$ProtoBufRpcInvoker.call(ProtobufRpcEngine2.java:556) [hadoop-common-3.3.4.jar:?]
	at org.apache.hadoop.ipc.RPC$Server.call(RPC.java:1093) [hadoop-common-3.3.4.jar:?]
	at org.apache.hadoop.ipc.Server$RpcCall.run(Server.java:1043) [hadoop-common-3.3.4.jar:?]
	at org.apache.hadoop.ipc.Server$RpcCall.run(Server.java:971) [hadoop-common-3.3.4.jar:?]
	at java.security.AccessController.doPrivileged(Native Method) ~[?:1.8.0_362]
	at javax.security.auth.Subject.doAs(Subject.java:422) [?:1.8.0_362]
	at org.apache.hadoop.security.UserGroupInformation.doAs(UserGroupInformation.java:1878) [hadoop-common-3.3.4.jar:?]
	at org.apache.hadoop.ipc.Server$Handler.run(Server.java:2976) [hadoop-common-3.3.4.jar:?]
]]></system-out>
  </testcase>
  <testcase name="testRenameDir" classname="TestOzoneFileSystem" time="0.02">
    <system-out><![CDATA[2023-02-21 13:39:21,132 [Time-limited test] INFO  ozone.TestOzoneFileSystem (TestOzoneFileSystem.java:testRenameDir(1430)) - Created dir o3fs://bucket73093.volume46490/root_dir/dir1/sub_dir1
2023-02-21 13:39:21,132 [Time-limited test] INFO  ozone.TestOzoneFileSystem (TestOzoneFileSystem.java:testRenameDir(1431)) - Will move o3fs://bucket73093.volume46490/root_dir/dir1 to o3fs://bucket73093.volume46490/root_dir/dir1.renamed
13:39:21.133 [IPC Server handler 10 on default port 40229] ERROR OMAudit - user=runner | ip=127.0.0.1 | op=GET_FILE_STATUS {volume=volume46490, bucket=bucket73093, key=root_dir/dir1.renamed, dataSize=0, replicationConfig=null} | ret=FAILURE
org.apache.hadoop.ozone.om.exceptions.OMException: Unable to get file status: volume: volume46490 bucket: bucket73093 key: root_dir/dir1.renamed
	at org.apache.hadoop.ozone.om.KeyManagerImpl.getOzoneFileStatus(KeyManagerImpl.java:1162) ~[ozone-manager-1.4.0-SNAPSHOT.jar:?]
	at org.apache.hadoop.ozone.om.KeyManagerImpl.getFileStatus(KeyManagerImpl.java:1080) ~[ozone-manager-1.4.0-SNAPSHOT.jar:?]
	at org.apache.hadoop.ozone.om.OmMetadataReader.getFileStatus(OmMetadataReader.java:288) ~[ozone-manager-1.4.0-SNAPSHOT.jar:?]
	at org.apache.hadoop.ozone.om.OzoneManager.getFileStatus(OzoneManager.java:3450) ~[ozone-manager-1.4.0-SNAPSHOT.jar:?]
	at org.apache.hadoop.ozone.protocolPB.OzoneManagerRequestHandler.getOzoneFileStatus(OzoneManagerRequestHandler.java:933) ~[ozone-manager-1.4.0-SNAPSHOT.jar:?]
	at org.apache.hadoop.ozone.protocolPB.OzoneManagerRequestHandler.handleReadRequest(OzoneManagerRequestHandler.java:238) ~[ozone-manager-1.4.0-SNAPSHOT.jar:?]
	at org.apache.hadoop.ozone.protocolPB.OzoneManagerProtocolServerSideTranslatorPB.submitRequestDirectlyToOM(OzoneManagerProtocolServerSideTranslatorPB.java:271) ~[ozone-manager-1.4.0-SNAPSHOT.jar:?]
	at org.apache.hadoop.ozone.protocolPB.OzoneManagerProtocolServerSideTranslatorPB.processRequest(OzoneManagerProtocolServerSideTranslatorPB.java:173) ~[ozone-manager-1.4.0-SNAPSHOT.jar:?]
	at org.apache.hadoop.hdds.server.OzoneProtocolMessageDispatcher.processRequest(OzoneProtocolMessageDispatcher.java:87) [hdds-server-framework-1.4.0-SNAPSHOT.jar:?]
	at org.apache.hadoop.ozone.protocolPB.OzoneManagerProtocolServerSideTranslatorPB.submitRequest(OzoneManagerProtocolServerSideTranslatorPB.java:147) [ozone-manager-1.4.0-SNAPSHOT.jar:?]
	at org.apache.hadoop.ozone.protocol.proto.OzoneManagerProtocolProtos$OzoneManagerService$2.callBlockingMethod(OzoneManagerProtocolProtos.java) [ozone-interface-client-1.4.0-SNAPSHOT.jar:?]
	at org.apache.hadoop.ipc.ProtobufRpcEngine$Server.processCall(ProtobufRpcEngine.java:465) [hadoop-common-3.3.4.jar:?]
	at org.apache.hadoop.ipc.ProtobufRpcEngine2$Server$ProtoBufRpcInvoker.call(ProtobufRpcEngine2.java:578) [hadoop-common-3.3.4.jar:?]
	at org.apache.hadoop.ipc.ProtobufRpcEngine2$Server$ProtoBufRpcInvoker.call(ProtobufRpcEngine2.java:556) [hadoop-common-3.3.4.jar:?]
	at org.apache.hadoop.ipc.RPC$Server.call(RPC.java:1093) [hadoop-common-3.3.4.jar:?]
	at org.apache.hadoop.ipc.Server$RpcCall.run(Server.java:1043) [hadoop-common-3.3.4.jar:?]
	at org.apache.hadoop.ipc.Server$RpcCall.run(Server.java:971) [hadoop-common-3.3.4.jar:?]
	at java.security.AccessController.doPrivileged(Native Method) ~[?:1.8.0_362]
	at javax.security.auth.Subject.doAs(Subject.java:422) [?:1.8.0_362]
	at org.apache.hadoop.security.UserGroupInformation.doAs(UserGroupInformation.java:1878) [hadoop-common-3.3.4.jar:?]
	at org.apache.hadoop.ipc.Server$Handler.run(Server.java:2976) [hadoop-common-3.3.4.jar:?]
]]></system-out>
  </testcase>
  <testcase name="testRenameDir" classname="TestOzoneFileSystem" time="0.017">
    <system-out><![CDATA[2023-02-21 13:40:20,248 [Time-limited test] INFO  ozone.TestOzoneFileSystem (TestOzoneFileSystem.java:testRenameDir(1430)) - Created dir o3fs://bucket64015.volume47855/root_dir/dir1/sub_dir1
2023-02-21 13:40:20,248 [Time-limited test] INFO  ozone.TestOzoneFileSystem (TestOzoneFileSystem.java:testRenameDir(1431)) - Will move o3fs://bucket64015.volume47855/root_dir/dir1 to o3fs://bucket64015.volume47855/root_dir/dir1.renamed
13:40:20.249 [IPC Server handler 14 on default port 34503] ERROR OMAudit - user=runner | ip=127.0.0.1 | op=GET_FILE_STATUS {volume=volume47855, bucket=bucket64015, key=root_dir/dir1.renamed, dataSize=0, replicationConfig=null} | ret=FAILURE
org.apache.hadoop.ozone.om.exceptions.OMException: Unable to get file status: volume: volume47855 bucket: bucket64015 key: root_dir/dir1.renamed
	at org.apache.hadoop.ozone.om.KeyManagerImpl.getOzoneFileStatus(KeyManagerImpl.java:1162) ~[ozone-manager-1.4.0-SNAPSHOT.jar:?]
	at org.apache.hadoop.ozone.om.KeyManagerImpl.getFileStatus(KeyManagerImpl.java:1080) ~[ozone-manager-1.4.0-SNAPSHOT.jar:?]
	at org.apache.hadoop.ozone.om.OmMetadataReader.getFileStatus(OmMetadataReader.java:288) ~[ozone-manager-1.4.0-SNAPSHOT.jar:?]
	at org.apache.hadoop.ozone.om.OzoneManager.getFileStatus(OzoneManager.java:3450) ~[ozone-manager-1.4.0-SNAPSHOT.jar:?]
	at org.apache.hadoop.ozone.protocolPB.OzoneManagerRequestHandler.getOzoneFileStatus(OzoneManagerRequestHandler.java:933) ~[ozone-manager-1.4.0-SNAPSHOT.jar:?]
	at org.apache.hadoop.ozone.protocolPB.OzoneManagerRequestHandler.handleReadRequest(OzoneManagerRequestHandler.java:238) ~[ozone-manager-1.4.0-SNAPSHOT.jar:?]
	at org.apache.hadoop.ozone.protocolPB.OzoneManagerProtocolServerSideTranslatorPB.submitReadRequestToOM(OzoneManagerProtocolServerSideTranslatorPB.java:223) ~[ozone-manager-1.4.0-SNAPSHOT.jar:?]
	at org.apache.hadoop.ozone.protocolPB.OzoneManagerProtocolServerSideTranslatorPB.processRequest(OzoneManagerProtocolServerSideTranslatorPB.java:177) ~[ozone-manager-1.4.0-SNAPSHOT.jar:?]
	at org.apache.hadoop.hdds.server.OzoneProtocolMessageDispatcher.processRequest(OzoneProtocolMessageDispatcher.java:87) [hdds-server-framework-1.4.0-SNAPSHOT.jar:?]
	at org.apache.hadoop.ozone.protocolPB.OzoneManagerProtocolServerSideTranslatorPB.submitRequest(OzoneManagerProtocolServerSideTranslatorPB.java:147) [ozone-manager-1.4.0-SNAPSHOT.jar:?]
	at org.apache.hadoop.ozone.protocol.proto.OzoneManagerProtocolProtos$OzoneManagerService$2.callBlockingMethod(OzoneManagerProtocolProtos.java) [ozone-interface-client-1.4.0-SNAPSHOT.jar:?]
	at org.apache.hadoop.ipc.ProtobufRpcEngine$Server.processCall(ProtobufRpcEngine.java:465) [hadoop-common-3.3.4.jar:?]
	at org.apache.hadoop.ipc.ProtobufRpcEngine2$Server$ProtoBufRpcInvoker.call(ProtobufRpcEngine2.java:578) [hadoop-common-3.3.4.jar:?]
	at org.apache.hadoop.ipc.ProtobufRpcEngine2$Server$ProtoBufRpcInvoker.call(ProtobufRpcEngine2.java:556) [hadoop-common-3.3.4.jar:?]
	at org.apache.hadoop.ipc.RPC$Server.call(RPC.java:1093) [hadoop-common-3.3.4.jar:?]
	at org.apache.hadoop.ipc.Server$RpcCall.run(Server.java:1043) [hadoop-common-3.3.4.jar:?]
	at org.apache.hadoop.ipc.Server$RpcCall.run(Server.java:971) [hadoop-common-3.3.4.jar:?]
	at java.security.AccessController.doPrivileged(Native Method) ~[?:1.8.0_362]
	at javax.security.auth.Subject.doAs(Subject.java:422) [?:1.8.0_362]
	at org.apache.hadoop.security.UserGroupInformation.doAs(UserGroupInformation.java:1878) [hadoop-common-3.3.4.jar:?]
	at org.apache.hadoop.ipc.Server$Handler.run(Server.java:2976) [hadoop-common-3.3.4.jar:?]
]]></system-out>
  </testcase>
  <testcase name="testRenameDir" classname="TestOzoneFileSystem" time="0.008">
    <system-out><![CDATA[2023-02-21 13:41:29,466 [Time-limited test] INFO  ozone.TestOzoneFileSystem (TestOzoneFileSystem.java:testRenameDir(1430)) - Created dir o3fs://bucket15199.volume82902/root_dir/dir1/sub_dir1
2023-02-21 13:41:29,466 [Time-limited test] INFO  ozone.TestOzoneFileSystem (TestOzoneFileSystem.java:testRenameDir(1431)) - Will move o3fs://bucket15199.volume82902/root_dir/dir1 to o3fs://bucket15199.volume82902/root_dir/dir1.renamed
13:41:29.467 [IPC Server handler 13 on default port 40765] ERROR OMAudit - user=runner | ip=127.0.0.1 | op=GET_FILE_STATUS {volume=volume82902, bucket=bucket15199, key=root_dir/dir1.renamed, dataSize=0, replicationConfig=null} | ret=FAILURE
org.apache.hadoop.ozone.om.exceptions.OMException: Unable to get file status: volume: volume82902 bucket: bucket15199 key: root_dir/dir1.renamed
	at org.apache.hadoop.ozone.om.KeyManagerImpl.getOzoneFileStatus(KeyManagerImpl.java:1162) ~[ozone-manager-1.4.0-SNAPSHOT.jar:?]
	at org.apache.hadoop.ozone.om.KeyManagerImpl.getFileStatus(KeyManagerImpl.java:1080) ~[ozone-manager-1.4.0-SNAPSHOT.jar:?]
	at org.apache.hadoop.ozone.om.OmMetadataReader.getFileStatus(OmMetadataReader.java:288) ~[ozone-manager-1.4.0-SNAPSHOT.jar:?]
	at org.apache.hadoop.ozone.om.OzoneManager.getFileStatus(OzoneManager.java:3450) ~[ozone-manager-1.4.0-SNAPSHOT.jar:?]
	at org.apache.hadoop.ozone.protocolPB.OzoneManagerRequestHandler.getOzoneFileStatus(OzoneManagerRequestHandler.java:933) ~[ozone-manager-1.4.0-SNAPSHOT.jar:?]
	at org.apache.hadoop.ozone.protocolPB.OzoneManagerRequestHandler.handleReadRequest(OzoneManagerRequestHandler.java:238) ~[ozone-manager-1.4.0-SNAPSHOT.jar:?]
	at org.apache.hadoop.ozone.protocolPB.OzoneManagerProtocolServerSideTranslatorPB.submitRequestDirectlyToOM(OzoneManagerProtocolServerSideTranslatorPB.java:271) ~[ozone-manager-1.4.0-SNAPSHOT.jar:?]
	at org.apache.hadoop.ozone.protocolPB.OzoneManagerProtocolServerSideTranslatorPB.processRequest(OzoneManagerProtocolServerSideTranslatorPB.java:173) ~[ozone-manager-1.4.0-SNAPSHOT.jar:?]
	at org.apache.hadoop.hdds.server.OzoneProtocolMessageDispatcher.processRequest(OzoneProtocolMessageDispatcher.java:87) [hdds-server-framework-1.4.0-SNAPSHOT.jar:?]
	at org.apache.hadoop.ozone.protocolPB.OzoneManagerProtocolServerSideTranslatorPB.submitRequest(OzoneManagerProtocolServerSideTranslatorPB.java:147) [ozone-manager-1.4.0-SNAPSHOT.jar:?]
	at org.apache.hadoop.ozone.protocol.proto.OzoneManagerProtocolProtos$OzoneManagerService$2.callBlockingMethod(OzoneManagerProtocolProtos.java) [ozone-interface-client-1.4.0-SNAPSHOT.jar:?]
	at org.apache.hadoop.ipc.ProtobufRpcEngine$Server.processCall(ProtobufRpcEngine.java:465) [hadoop-common-3.3.4.jar:?]
	at org.apache.hadoop.ipc.ProtobufRpcEngine2$Server$ProtoBufRpcInvoker.call(ProtobufRpcEngine2.java:578) [hadoop-common-3.3.4.jar:?]
	at org.apache.hadoop.ipc.ProtobufRpcEngine2$Server$ProtoBufRpcInvoker.call(ProtobufRpcEngine2.java:556) [hadoop-common-3.3.4.jar:?]
	at org.apache.hadoop.ipc.RPC$Server.call(RPC.java:1093) [hadoop-common-3.3.4.jar:?]
	at org.apache.hadoop.ipc.Server$RpcCall.run(Server.java:1043) [hadoop-common-3.3.4.jar:?]
	at org.apache.hadoop.ipc.Server$RpcCall.run(Server.java:971) [hadoop-common-3.3.4.jar:?]
	at java.security.AccessController.doPrivileged(Native Method) ~[?:1.8.0_362]
	at javax.security.auth.Subject.doAs(Subject.java:422) [?:1.8.0_362]
	at org.apache.hadoop.security.UserGroupInformation.doAs(UserGroupInformation.java:1878) [hadoop-common-3.3.4.jar:?]
	at org.apache.hadoop.ipc.Server$Handler.run(Server.java:2976) [hadoop-common-3.3.4.jar:?]
]]></system-out>
  </testcase>
  <testcase name="testListStatusIteratorOnSubDirs" classname="TestOzoneFileSystem" time="0.077">
    <system-out><![CDATA[2023-02-21 13:37:56,426 [OM StateMachine ApplyTransaction Thread - 0] INFO  key.OMKeyRequest (OMKeyRequest.java:wrapUncommittedBlocksAsPseudoKey(837)) - Detect allocated but uncommitted blocks [{blockID={containerID=3, localID=111677748019200003}, length=4194304, offset=0, token=null, pipeline=null, createVersion=0, partNumber=0}] in key dir1/dir12/file121.
]]></system-out>
  </testcase>
  <testcase name="testListStatusIteratorOnSubDirs" classname="TestOzoneFileSystem" time="0.022">
    <system-out><![CDATA[2023-02-21 13:39:21,158 [IPC Server handler 7 on default port 40229] INFO  key.OMKeyRequest (OMKeyRequest.java:wrapUncommittedBlocksAsPseudoKey(837)) - Detect allocated but uncommitted blocks [{blockID={containerID=3, localID=111677748019200003}, length=4194304, offset=0, token=null, pipeline=null, createVersion=0, partNumber=0}] in key dir1/dir12/file121.
]]></system-out>
  </testcase>
  <testcase name="testListStatusIteratorOnSubDirs" classname="TestOzoneFileSystem" time="0.026">
    <system-out><![CDATA[2023-02-21 13:40:20,269 [OM StateMachine ApplyTransaction Thread - 0] INFO  key.OMKeyRequest (OMKeyRequest.java:wrapUncommittedBlocksAsPseudoKey(837)) - Detect allocated but uncommitted blocks [{blockID={containerID=3, localID=111677748019200003}, length=4194304, offset=0, token=null, pipeline=null, createVersion=0, partNumber=0}] in key dir1/dir12/file121.
]]></system-out>
  </testcase>
  <testcase name="testListStatusIteratorOnSubDirs" classname="TestOzoneFileSystem" time="0.009">
    <system-out><![CDATA[2023-02-21 13:41:29,477 [IPC Server handler 14 on default port 40765] INFO  key.OMKeyRequest (OMKeyRequest.java:wrapUncommittedBlocksAsPseudoKey(837)) - Detect allocated but uncommitted blocks [{blockID={containerID=1, localID=111677748019200003}, length=4194304, offset=0, token=null, pipeline=null, createVersion=0, partNumber=0}] in key dir1/dir12/file121.
]]></system-out>
  </testcase>
  <testcase name="testAllocateMoreThanOneBlock" classname="TestOzoneFileSystem" time="0.524"/>
  <testcase name="testAllocateMoreThanOneBlock" classname="TestOzoneFileSystem" time="0.93">
    <system-out><![CDATA[2023-02-21 13:39:21,887 [JvmPauseMonitor6] WARN  util.JvmPauseMonitor (JvmPauseMonitor.java:detectPause(126)) - JvmPauseMonitor-e9aaeb2c-5ca1-4644-9e1d-ecde78d55867: Detected pause in JVM or host machine (eg GC): pause of approximately 145621657ns.
GC pool 'PS MarkSweep' had collection(s): count=1 time=404ms
GC pool 'PS Scavenge' had collection(s): count=1 time=156ms
2023-02-21 13:39:21,892 [66960b80-c593-4b74-88fd-c621ad684876@group-046D58D7D5B8-FollowerState] INFO  impl.FollowerState (FollowerState.java:run(143)) - 66960b80-c593-4b74-88fd-c621ad684876@group-046D58D7D5B8-FollowerState: change to CANDIDATE, lastRpcElapsedTime:5443019211ns, electionTimeout:5177ms
2023-02-21 13:39:21,892 [JvmPauseMonitor7] WARN  util.JvmPauseMonitor (JvmPauseMonitor.java:detectPause(126)) - JvmPauseMonitor-b8864c6c-2f32-4f18-b19e-2e05a8dee4a2: Detected pause in JVM or host machine (eg GC): pause of approximately 294889578ns.
GC pool 'PS MarkSweep' had collection(s): count=1 time=404ms
GC pool 'PS Scavenge' had collection(s): count=1 time=156ms
2023-02-21 13:39:21,893 [JvmPauseMonitor8] WARN  util.JvmPauseMonitor (JvmPauseMonitor.java:detectPause(126)) - JvmPauseMonitor-24a59b6b-5580-49f4-8674-e10ef71be698: Detected pause in JVM or host machine (eg GC): pause of approximately 310942401ns.
GC pool 'PS MarkSweep' had collection(s): count=1 time=404ms
GC pool 'PS Scavenge' had collection(s): count=1 time=156ms
2023-02-21 13:39:21,902 [JvmPauseMonitor10] WARN  util.JvmPauseMonitor (JvmPauseMonitor.java:detectPause(126)) - JvmPauseMonitor-3e39c96d-43de-444f-825b-71406d153b89: Detected pause in JVM or host machine (eg GC): pause of approximately 465317830ns.
GC pool 'PS MarkSweep' had collection(s): count=1 time=404ms
GC pool 'PS Scavenge' had collection(s): count=1 time=156ms
2023-02-21 13:39:21,896 [JvmPauseMonitor9] WARN  util.JvmPauseMonitor (JvmPauseMonitor.java:detectPause(126)) - JvmPauseMonitor-66960b80-c593-4b74-88fd-c621ad684876: Detected pause in JVM or host machine (eg GC): pause of approximately 407526845ns.
GC pool 'PS MarkSweep' had collection(s): count=1 time=404ms
GC pool 'PS Scavenge' had collection(s): count=1 time=156ms
2023-02-21 13:39:21,905 [66960b80-c593-4b74-88fd-c621ad684876@group-046D58D7D5B8-FollowerState] INFO  impl.RoleInfo (RoleInfo.java:shutdownFollowerState(110)) - 66960b80-c593-4b74-88fd-c621ad684876: shutdown 66960b80-c593-4b74-88fd-c621ad684876@group-046D58D7D5B8-FollowerState
2023-02-21 13:39:21,906 [66960b80-c593-4b74-88fd-c621ad684876@group-046D58D7D5B8-FollowerState] INFO  server.RaftServer$Division (RaftServerImpl.java:setRole(321)) - 66960b80-c593-4b74-88fd-c621ad684876@group-046D58D7D5B8: changes role from  FOLLOWER to CANDIDATE at term 0 for changeToCandidate
2023-02-21 13:39:21,906 [66960b80-c593-4b74-88fd-c621ad684876@group-046D58D7D5B8-FollowerState] INFO  server.RaftServerConfigKeys (ConfUtils.java:logGet(46)) - raft.server.leaderelection.pre-vote = true (default)
2023-02-21 13:39:21,906 [66960b80-c593-4b74-88fd-c621ad684876@group-046D58D7D5B8-FollowerState] INFO  impl.RoleInfo (RoleInfo.java:updateAndGet(139)) - 66960b80-c593-4b74-88fd-c621ad684876: start 66960b80-c593-4b74-88fd-c621ad684876@group-046D58D7D5B8-LeaderElection18
2023-02-21 13:39:21,934 [66960b80-c593-4b74-88fd-c621ad684876@group-046D58D7D5B8-LeaderElection18] INFO  impl.LeaderElection (LeaderElection.java:askForVotes(312)) - 66960b80-c593-4b74-88fd-c621ad684876@group-046D58D7D5B8-LeaderElection18 PRE_VOTE round 0: submit vote requests at term 0 for -1: peers:[66960b80-c593-4b74-88fd-c621ad684876|rpc:10.1.0.81:46505|dataStream:10.1.0.81:40997|priority:1|startupRole:FOLLOWER]|listeners:[], old=null
2023-02-21 13:39:21,934 [66960b80-c593-4b74-88fd-c621ad684876@group-046D58D7D5B8-LeaderElection18] INFO  impl.LeaderElection (LeaderElection.java:askForVotes(314)) - 66960b80-c593-4b74-88fd-c621ad684876@group-046D58D7D5B8-LeaderElection18 PRE_VOTE round 0: result PASSED (term=0)
2023-02-21 13:39:21,934 [3e39c96d-43de-444f-825b-71406d153b89@group-ADD21A225710-FollowerState] INFO  impl.FollowerState (FollowerState.java:run(143)) - 3e39c96d-43de-444f-825b-71406d153b89@group-ADD21A225710-FollowerState: change to CANDIDATE, lastRpcElapsedTime:5026895147ns, electionTimeout:5026ms
2023-02-21 13:39:21,934 [3e39c96d-43de-444f-825b-71406d153b89@group-ADD21A225710-FollowerState] INFO  impl.RoleInfo (RoleInfo.java:shutdownFollowerState(110)) - 3e39c96d-43de-444f-825b-71406d153b89: shutdown 3e39c96d-43de-444f-825b-71406d153b89@group-ADD21A225710-FollowerState
2023-02-21 13:39:21,934 [3e39c96d-43de-444f-825b-71406d153b89@group-ADD21A225710-FollowerState] INFO  server.RaftServer$Division (RaftServerImpl.java:setRole(321)) - 3e39c96d-43de-444f-825b-71406d153b89@group-ADD21A225710: changes role from  FOLLOWER to CANDIDATE at term 0 for changeToCandidate
2023-02-21 13:39:21,934 [3e39c96d-43de-444f-825b-71406d153b89@group-ADD21A225710-FollowerState] INFO  server.RaftServerConfigKeys (ConfUtils.java:logGet(46)) - raft.server.leaderelection.pre-vote = true (default)
2023-02-21 13:39:21,935 [3e39c96d-43de-444f-825b-71406d153b89@group-ADD21A225710-FollowerState] INFO  impl.RoleInfo (RoleInfo.java:updateAndGet(139)) - 3e39c96d-43de-444f-825b-71406d153b89: start 3e39c96d-43de-444f-825b-71406d153b89@group-ADD21A225710-LeaderElection19
2023-02-21 13:39:21,942 [66960b80-c593-4b74-88fd-c621ad684876@group-046D58D7D5B8-LeaderElection18] INFO  impl.LeaderElection (LeaderElection.java:askForVotes(312)) - 66960b80-c593-4b74-88fd-c621ad684876@group-046D58D7D5B8-LeaderElection18 ELECTION round 0: submit vote requests at term 1 for -1: peers:[66960b80-c593-4b74-88fd-c621ad684876|rpc:10.1.0.81:46505|dataStream:10.1.0.81:40997|priority:1|startupRole:FOLLOWER]|listeners:[], old=null
2023-02-21 13:39:21,943 [66960b80-c593-4b74-88fd-c621ad684876@group-046D58D7D5B8-LeaderElection18] INFO  impl.LeaderElection (LeaderElection.java:askForVotes(314)) - 66960b80-c593-4b74-88fd-c621ad684876@group-046D58D7D5B8-LeaderElection18 ELECTION round 0: result PASSED (term=1)
2023-02-21 13:39:21,943 [66960b80-c593-4b74-88fd-c621ad684876@group-046D58D7D5B8-LeaderElection18] INFO  impl.RoleInfo (RoleInfo.java:shutdownLeaderElection(130)) - 66960b80-c593-4b74-88fd-c621ad684876: shutdown 66960b80-c593-4b74-88fd-c621ad684876@group-046D58D7D5B8-LeaderElection18
2023-02-21 13:39:21,943 [66960b80-c593-4b74-88fd-c621ad684876@group-046D58D7D5B8-LeaderElection18] INFO  server.RaftServer$Division (RaftServerImpl.java:setRole(321)) - 66960b80-c593-4b74-88fd-c621ad684876@group-046D58D7D5B8: changes role from CANDIDATE to LEADER at term 1 for changeToLeader
2023-02-21 13:39:21,943 [66960b80-c593-4b74-88fd-c621ad684876@group-046D58D7D5B8-LeaderElection18] INFO  ratis.XceiverServerRatis (XceiverServerRatis.java:handleLeaderChangedNotification(905)) - Leader change notification received for group: group-046D58D7D5B8 with new leaderId: 66960b80-c593-4b74-88fd-c621ad684876
2023-02-21 13:39:21,952 [66960b80-c593-4b74-88fd-c621ad684876@group-046D58D7D5B8-LeaderElection18] INFO  server.RaftServer$Division (ServerState.java:setLeader(313)) - 66960b80-c593-4b74-88fd-c621ad684876@group-046D58D7D5B8: change Leader from null to 66960b80-c593-4b74-88fd-c621ad684876 at term 1 for becomeLeader, leader elected after 5509ms
2023-02-21 13:39:21,952 [66960b80-c593-4b74-88fd-c621ad684876@group-046D58D7D5B8-LeaderElection18] INFO  server.RaftServerConfigKeys (ConfUtils.java:logGet(46)) - raft.server.staging.catchup.gap = 1000 (default)
2023-02-21 13:39:21,952 [3e39c96d-43de-444f-825b-71406d153b89@group-ADD21A225710-LeaderElection19] INFO  impl.LeaderElection (LeaderElection.java:askForVotes(312)) - 3e39c96d-43de-444f-825b-71406d153b89@group-ADD21A225710-LeaderElection19 PRE_VOTE round 0: submit vote requests at term 0 for -1: peers:[3e39c96d-43de-444f-825b-71406d153b89|rpc:10.1.0.81:37869|dataStream:10.1.0.81:34063|priority:1|startupRole:FOLLOWER]|listeners:[], old=null
2023-02-21 13:39:21,952 [3e39c96d-43de-444f-825b-71406d153b89@group-ADD21A225710-LeaderElection19] INFO  impl.LeaderElection (LeaderElection.java:askForVotes(314)) - 3e39c96d-43de-444f-825b-71406d153b89@group-ADD21A225710-LeaderElection19 PRE_VOTE round 0: result PASSED (term=0)
2023-02-21 13:39:21,954 [66960b80-c593-4b74-88fd-c621ad684876@group-046D58D7D5B8-LeaderElection18] INFO  server.RaftServerConfigKeys (ConfUtils.java:logGet(46)) - raft.server.write.element-limit = 1024 (custom)
2023-02-21 13:39:21,954 [66960b80-c593-4b74-88fd-c621ad684876@group-046D58D7D5B8-LeaderElection18] INFO  server.RaftServerConfigKeys (ConfUtils.java:logGet(46)) - raft.server.write.byte-limit = 1024 M (=1073741824) (custom)
2023-02-21 13:39:21,955 [66960b80-c593-4b74-88fd-c621ad684876@group-046D58D7D5B8-LeaderElection18] INFO  server.RaftServerConfigKeys (ConfUtils.java:logGet(46)) - raft.server.watch.timeout = 180s (custom)
2023-02-21 13:39:21,955 [66960b80-c593-4b74-88fd-c621ad684876@group-046D58D7D5B8-LeaderElection18] INFO  server.RaftServerConfigKeys (ConfUtils.java:logGet(46)) - raft.server.watch.timeout.denomination = 1s (default)
2023-02-21 13:39:21,955 [66960b80-c593-4b74-88fd-c621ad684876@group-046D58D7D5B8-LeaderElection18] INFO  server.RaftServerConfigKeys (ConfUtils.java:logGet(46)) - raft.server.watch.element-limit = 65536 (default)
2023-02-21 13:39:21,955 [66960b80-c593-4b74-88fd-c621ad684876@group-046D58D7D5B8-LeaderElection18] INFO  server.RaftServerConfigKeys (ConfUtils.java:logGet(46)) - raft.server.write.element-limit = 1024 (custom)
2023-02-21 13:39:21,955 [66960b80-c593-4b74-88fd-c621ad684876@group-046D58D7D5B8-LeaderElection18] INFO  server.RaftServerConfigKeys (ConfUtils.java:logGet(46)) - raft.server.write.follower.gap.ratio.max = -1.0 (default)
2023-02-21 13:39:21,955 [66960b80-c593-4b74-88fd-c621ad684876@group-046D58D7D5B8-LeaderElection18] INFO  impl.RoleInfo (RoleInfo.java:updateAndGet(139)) - 66960b80-c593-4b74-88fd-c621ad684876: start 66960b80-c593-4b74-88fd-c621ad684876@group-046D58D7D5B8-LeaderStateImpl
2023-02-21 13:39:21,955 [66960b80-c593-4b74-88fd-c621ad684876@group-046D58D7D5B8-LeaderElection18] INFO  segmented.SegmentedRaftLogWorker (SegmentedRaftLogWorker.java:startLogSegment(452)) - 66960b80-c593-4b74-88fd-c621ad684876@group-046D58D7D5B8-SegmentedRaftLogWorker: Starting segment from index:0
2023-02-21 13:39:21,956 [3e39c96d-43de-444f-825b-71406d153b89@group-ADD21A225710-LeaderElection19] INFO  impl.LeaderElection (LeaderElection.java:askForVotes(312)) - 3e39c96d-43de-444f-825b-71406d153b89@group-ADD21A225710-LeaderElection19 ELECTION round 0: submit vote requests at term 1 for -1: peers:[3e39c96d-43de-444f-825b-71406d153b89|rpc:10.1.0.81:37869|dataStream:10.1.0.81:34063|priority:1|startupRole:FOLLOWER]|listeners:[], old=null
2023-02-21 13:39:21,957 [3e39c96d-43de-444f-825b-71406d153b89@group-ADD21A225710-LeaderElection19] INFO  impl.LeaderElection (LeaderElection.java:askForVotes(314)) - 3e39c96d-43de-444f-825b-71406d153b89@group-ADD21A225710-LeaderElection19 ELECTION round 0: result PASSED (term=1)
2023-02-21 13:39:21,957 [3e39c96d-43de-444f-825b-71406d153b89@group-ADD21A225710-LeaderElection19] INFO  impl.RoleInfo (RoleInfo.java:shutdownLeaderElection(130)) - 3e39c96d-43de-444f-825b-71406d153b89: shutdown 3e39c96d-43de-444f-825b-71406d153b89@group-ADD21A225710-LeaderElection19
2023-02-21 13:39:21,957 [3e39c96d-43de-444f-825b-71406d153b89@group-ADD21A225710-LeaderElection19] INFO  server.RaftServer$Division (RaftServerImpl.java:setRole(321)) - 3e39c96d-43de-444f-825b-71406d153b89@group-ADD21A225710: changes role from CANDIDATE to LEADER at term 1 for changeToLeader
2023-02-21 13:39:21,957 [66960b80-c593-4b74-88fd-c621ad684876@group-046D58D7D5B8-LeaderElection18] INFO  server.RaftServer$Division (ServerState.java:setRaftConf(430)) - 66960b80-c593-4b74-88fd-c621ad684876@group-046D58D7D5B8: set configuration 0: peers:[66960b80-c593-4b74-88fd-c621ad684876|rpc:10.1.0.81:46505|dataStream:10.1.0.81:40997|priority:1|startupRole:FOLLOWER]|listeners:[], old=null
2023-02-21 13:39:21,957 [3e39c96d-43de-444f-825b-71406d153b89@group-ADD21A225710-LeaderElection19] INFO  ratis.XceiverServerRatis (XceiverServerRatis.java:handleLeaderChangedNotification(905)) - Leader change notification received for group: group-ADD21A225710 with new leaderId: 3e39c96d-43de-444f-825b-71406d153b89
2023-02-21 13:39:21,958 [3e39c96d-43de-444f-825b-71406d153b89@group-ADD21A225710-LeaderElection19] INFO  server.RaftServer$Division (ServerState.java:setLeader(313)) - 3e39c96d-43de-444f-825b-71406d153b89@group-ADD21A225710: change Leader from null to 3e39c96d-43de-444f-825b-71406d153b89 at term 1 for becomeLeader, leader elected after 5070ms
2023-02-21 13:39:21,959 [3e39c96d-43de-444f-825b-71406d153b89@group-ADD21A225710-LeaderElection19] INFO  server.RaftServerConfigKeys (ConfUtils.java:logGet(46)) - raft.server.staging.catchup.gap = 1000 (default)
2023-02-21 13:39:21,959 [3e39c96d-43de-444f-825b-71406d153b89@group-ADD21A225710-LeaderElection19] INFO  server.RaftServerConfigKeys (ConfUtils.java:logGet(46)) - raft.server.write.element-limit = 1024 (custom)
2023-02-21 13:39:21,959 [3e39c96d-43de-444f-825b-71406d153b89@group-ADD21A225710-LeaderElection19] INFO  server.RaftServerConfigKeys (ConfUtils.java:logGet(46)) - raft.server.write.byte-limit = 1024 M (=1073741824) (custom)
2023-02-21 13:39:21,959 [3e39c96d-43de-444f-825b-71406d153b89@group-ADD21A225710-LeaderElection19] INFO  server.RaftServerConfigKeys (ConfUtils.java:logGet(46)) - raft.server.watch.timeout = 180s (custom)
2023-02-21 13:39:21,959 [3e39c96d-43de-444f-825b-71406d153b89@group-ADD21A225710-LeaderElection19] INFO  server.RaftServerConfigKeys (ConfUtils.java:logGet(46)) - raft.server.watch.timeout.denomination = 1s (default)
2023-02-21 13:39:21,959 [3e39c96d-43de-444f-825b-71406d153b89@group-ADD21A225710-LeaderElection19] INFO  server.RaftServerConfigKeys (ConfUtils.java:logGet(46)) - raft.server.watch.element-limit = 65536 (default)
2023-02-21 13:39:21,959 [3e39c96d-43de-444f-825b-71406d153b89@group-ADD21A225710-LeaderElection19] INFO  server.RaftServerConfigKeys (ConfUtils.java:logGet(46)) - raft.server.write.element-limit = 1024 (custom)
2023-02-21 13:39:21,959 [3e39c96d-43de-444f-825b-71406d153b89@group-ADD21A225710-LeaderElection19] INFO  server.RaftServerConfigKeys (ConfUtils.java:logGet(46)) - raft.server.write.follower.gap.ratio.max = -1.0 (default)
2023-02-21 13:39:21,959 [3e39c96d-43de-444f-825b-71406d153b89@group-ADD21A225710-LeaderElection19] INFO  impl.RoleInfo (RoleInfo.java:updateAndGet(139)) - 3e39c96d-43de-444f-825b-71406d153b89: start 3e39c96d-43de-444f-825b-71406d153b89@group-ADD21A225710-LeaderStateImpl
2023-02-21 13:39:21,960 [3e39c96d-43de-444f-825b-71406d153b89@group-ADD21A225710-LeaderElection19] INFO  segmented.SegmentedRaftLogWorker (SegmentedRaftLogWorker.java:startLogSegment(452)) - 3e39c96d-43de-444f-825b-71406d153b89@group-ADD21A225710-SegmentedRaftLogWorker: Starting segment from index:0
2023-02-21 13:39:21,958 [66960b80-c593-4b74-88fd-c621ad684876@group-046D58D7D5B8-SegmentedRaftLogWorker] INFO  segmented.SegmentedRaftLogWorker (SegmentedRaftLogWorker.java:execute(656)) - 66960b80-c593-4b74-88fd-c621ad684876@group-046D58D7D5B8-SegmentedRaftLogWorker: created new log segment /home/runner/work/ozone/ozone/hadoop-ozone/integration-test/target/test-dir/MiniOzoneClusterImpl-be926948-0f1c-4cac-9651-6eceb419abf0/datanode-3/data/ratis/6f3fc31c-fbc7-4438-b3dc-046d58d7d5b8/current/log_inprogress_0
2023-02-21 13:39:21,961 [3e39c96d-43de-444f-825b-71406d153b89@group-ADD21A225710-SegmentedRaftLogWorker] INFO  segmented.SegmentedRaftLogWorker (SegmentedRaftLogWorker.java:execute(656)) - 3e39c96d-43de-444f-825b-71406d153b89@group-ADD21A225710-SegmentedRaftLogWorker: created new log segment /home/runner/work/ozone/ozone/hadoop-ozone/integration-test/target/test-dir/MiniOzoneClusterImpl-be926948-0f1c-4cac-9651-6eceb419abf0/datanode-4/data/ratis/40a877b3-6a58-4d1b-bbcf-add21a225710/current/log_inprogress_0
2023-02-21 13:39:21,965 [3e39c96d-43de-444f-825b-71406d153b89@group-ADD21A225710-LeaderElection19] INFO  server.RaftServer$Division (ServerState.java:setRaftConf(430)) - 3e39c96d-43de-444f-825b-71406d153b89@group-ADD21A225710: set configuration 0: peers:[3e39c96d-43de-444f-825b-71406d153b89|rpc:10.1.0.81:37869|dataStream:10.1.0.81:34063|priority:1|startupRole:FOLLOWER]|listeners:[], old=null
]]></system-out>
  </testcase>
  <testcase name="testAllocateMoreThanOneBlock" classname="TestOzoneFileSystem" time="0.382">
    <system-out><![CDATA[2023-02-21 13:40:20,322 [cc21282f-5934-42bf-9918-cc8c0aab7e68@group-3E6A6F57AB1F-FollowerState] INFO  impl.FollowerState (FollowerState.java:run(143)) - cc21282f-5934-42bf-9918-cc8c0aab7e68@group-3E6A6F57AB1F-FollowerState: change to CANDIDATE, lastRpcElapsedTime:5187766012ns, electionTimeout:5187ms
2023-02-21 13:40:20,322 [cc21282f-5934-42bf-9918-cc8c0aab7e68@group-3E6A6F57AB1F-FollowerState] INFO  impl.RoleInfo (RoleInfo.java:shutdownFollowerState(110)) - cc21282f-5934-42bf-9918-cc8c0aab7e68: shutdown cc21282f-5934-42bf-9918-cc8c0aab7e68@group-3E6A6F57AB1F-FollowerState
2023-02-21 13:40:20,322 [cc21282f-5934-42bf-9918-cc8c0aab7e68@group-3E6A6F57AB1F-FollowerState] INFO  server.RaftServer$Division (RaftServerImpl.java:setRole(321)) - cc21282f-5934-42bf-9918-cc8c0aab7e68@group-3E6A6F57AB1F: changes role from  FOLLOWER to CANDIDATE at term 0 for changeToCandidate
2023-02-21 13:40:20,322 [cc21282f-5934-42bf-9918-cc8c0aab7e68@group-3E6A6F57AB1F-FollowerState] INFO  server.RaftServerConfigKeys (ConfUtils.java:logGet(46)) - raft.server.leaderelection.pre-vote = true (default)
2023-02-21 13:40:20,322 [cc21282f-5934-42bf-9918-cc8c0aab7e68@group-3E6A6F57AB1F-FollowerState] INFO  impl.RoleInfo (RoleInfo.java:updateAndGet(139)) - cc21282f-5934-42bf-9918-cc8c0aab7e68: start cc21282f-5934-42bf-9918-cc8c0aab7e68@group-3E6A6F57AB1F-LeaderElection28
2023-02-21 13:40:20,337 [cc21282f-5934-42bf-9918-cc8c0aab7e68@group-3E6A6F57AB1F-LeaderElection28] INFO  impl.LeaderElection (LeaderElection.java:askForVotes(312)) - cc21282f-5934-42bf-9918-cc8c0aab7e68@group-3E6A6F57AB1F-LeaderElection28 PRE_VOTE round 0: submit vote requests at term 0 for -1: peers:[cc21282f-5934-42bf-9918-cc8c0aab7e68|rpc:10.1.0.81:34309|dataStream:10.1.0.81:33753|priority:1|startupRole:FOLLOWER]|listeners:[], old=null
2023-02-21 13:40:20,338 [cc21282f-5934-42bf-9918-cc8c0aab7e68@group-3E6A6F57AB1F-LeaderElection28] INFO  impl.LeaderElection (LeaderElection.java:askForVotes(314)) - cc21282f-5934-42bf-9918-cc8c0aab7e68@group-3E6A6F57AB1F-LeaderElection28 PRE_VOTE round 0: result PASSED (term=0)
2023-02-21 13:40:20,340 [cc21282f-5934-42bf-9918-cc8c0aab7e68@group-3E6A6F57AB1F-LeaderElection28] INFO  impl.LeaderElection (LeaderElection.java:askForVotes(312)) - cc21282f-5934-42bf-9918-cc8c0aab7e68@group-3E6A6F57AB1F-LeaderElection28 ELECTION round 0: submit vote requests at term 1 for -1: peers:[cc21282f-5934-42bf-9918-cc8c0aab7e68|rpc:10.1.0.81:34309|dataStream:10.1.0.81:33753|priority:1|startupRole:FOLLOWER]|listeners:[], old=null
2023-02-21 13:40:20,340 [cc21282f-5934-42bf-9918-cc8c0aab7e68@group-3E6A6F57AB1F-LeaderElection28] INFO  impl.LeaderElection (LeaderElection.java:askForVotes(314)) - cc21282f-5934-42bf-9918-cc8c0aab7e68@group-3E6A6F57AB1F-LeaderElection28 ELECTION round 0: result PASSED (term=1)
2023-02-21 13:40:20,340 [cc21282f-5934-42bf-9918-cc8c0aab7e68@group-3E6A6F57AB1F-LeaderElection28] INFO  impl.RoleInfo (RoleInfo.java:shutdownLeaderElection(130)) - cc21282f-5934-42bf-9918-cc8c0aab7e68: shutdown cc21282f-5934-42bf-9918-cc8c0aab7e68@group-3E6A6F57AB1F-LeaderElection28
2023-02-21 13:40:20,340 [cc21282f-5934-42bf-9918-cc8c0aab7e68@group-3E6A6F57AB1F-LeaderElection28] INFO  server.RaftServer$Division (RaftServerImpl.java:setRole(321)) - cc21282f-5934-42bf-9918-cc8c0aab7e68@group-3E6A6F57AB1F: changes role from CANDIDATE to LEADER at term 1 for changeToLeader
2023-02-21 13:40:20,340 [cc21282f-5934-42bf-9918-cc8c0aab7e68@group-3E6A6F57AB1F-LeaderElection28] INFO  ratis.XceiverServerRatis (XceiverServerRatis.java:handleLeaderChangedNotification(905)) - Leader change notification received for group: group-3E6A6F57AB1F with new leaderId: cc21282f-5934-42bf-9918-cc8c0aab7e68
2023-02-21 13:40:20,341 [cc21282f-5934-42bf-9918-cc8c0aab7e68@group-3E6A6F57AB1F-LeaderElection28] INFO  server.RaftServer$Division (ServerState.java:setLeader(313)) - cc21282f-5934-42bf-9918-cc8c0aab7e68@group-3E6A6F57AB1F: change Leader from null to cc21282f-5934-42bf-9918-cc8c0aab7e68 at term 1 for becomeLeader, leader elected after 5222ms
2023-02-21 13:40:20,341 [cc21282f-5934-42bf-9918-cc8c0aab7e68@group-3E6A6F57AB1F-LeaderElection28] INFO  server.RaftServerConfigKeys (ConfUtils.java:logGet(46)) - raft.server.staging.catchup.gap = 1000 (default)
2023-02-21 13:40:20,341 [cc21282f-5934-42bf-9918-cc8c0aab7e68@group-3E6A6F57AB1F-LeaderElection28] INFO  server.RaftServerConfigKeys (ConfUtils.java:logGet(46)) - raft.server.write.element-limit = 1024 (custom)
2023-02-21 13:40:20,341 [cc21282f-5934-42bf-9918-cc8c0aab7e68@group-3E6A6F57AB1F-LeaderElection28] INFO  server.RaftServerConfigKeys (ConfUtils.java:logGet(46)) - raft.server.write.byte-limit = 1024 M (=1073741824) (custom)
2023-02-21 13:40:20,342 [cc21282f-5934-42bf-9918-cc8c0aab7e68@group-3E6A6F57AB1F-LeaderElection28] INFO  server.RaftServerConfigKeys (ConfUtils.java:logGet(46)) - raft.server.watch.timeout = 180s (custom)
2023-02-21 13:40:20,342 [cc21282f-5934-42bf-9918-cc8c0aab7e68@group-3E6A6F57AB1F-LeaderElection28] INFO  server.RaftServerConfigKeys (ConfUtils.java:logGet(46)) - raft.server.watch.timeout.denomination = 1s (default)
2023-02-21 13:40:20,342 [cc21282f-5934-42bf-9918-cc8c0aab7e68@group-3E6A6F57AB1F-LeaderElection28] INFO  server.RaftServerConfigKeys (ConfUtils.java:logGet(46)) - raft.server.watch.element-limit = 65536 (default)
2023-02-21 13:40:20,342 [cc21282f-5934-42bf-9918-cc8c0aab7e68@group-3E6A6F57AB1F-LeaderElection28] INFO  server.RaftServerConfigKeys (ConfUtils.java:logGet(46)) - raft.server.write.element-limit = 1024 (custom)
2023-02-21 13:40:20,342 [cc21282f-5934-42bf-9918-cc8c0aab7e68@group-3E6A6F57AB1F-LeaderElection28] INFO  server.RaftServerConfigKeys (ConfUtils.java:logGet(46)) - raft.server.write.follower.gap.ratio.max = -1.0 (default)
2023-02-21 13:40:20,342 [cc21282f-5934-42bf-9918-cc8c0aab7e68@group-3E6A6F57AB1F-LeaderElection28] INFO  impl.RoleInfo (RoleInfo.java:updateAndGet(139)) - cc21282f-5934-42bf-9918-cc8c0aab7e68: start cc21282f-5934-42bf-9918-cc8c0aab7e68@group-3E6A6F57AB1F-LeaderStateImpl
2023-02-21 13:40:20,342 [cc21282f-5934-42bf-9918-cc8c0aab7e68@group-3E6A6F57AB1F-LeaderElection28] INFO  segmented.SegmentedRaftLogWorker (SegmentedRaftLogWorker.java:startLogSegment(452)) - cc21282f-5934-42bf-9918-cc8c0aab7e68@group-3E6A6F57AB1F-SegmentedRaftLogWorker: Starting segment from index:0
2023-02-21 13:40:20,344 [cc21282f-5934-42bf-9918-cc8c0aab7e68@group-3E6A6F57AB1F-SegmentedRaftLogWorker] INFO  segmented.SegmentedRaftLogWorker (SegmentedRaftLogWorker.java:execute(656)) - cc21282f-5934-42bf-9918-cc8c0aab7e68@group-3E6A6F57AB1F-SegmentedRaftLogWorker: created new log segment /home/runner/work/ozone/ozone/hadoop-ozone/integration-test/target/test-dir/MiniOzoneClusterImpl-c6aa46b2-3083-4aae-be29-8199bb906922/datanode-2/data/ratis/2f9ff8d4-88ea-4746-8d3f-3e6a6f57ab1f/current/log_inprogress_0
2023-02-21 13:40:20,363 [cc21282f-5934-42bf-9918-cc8c0aab7e68@group-3E6A6F57AB1F-LeaderElection28] INFO  server.RaftServer$Division (ServerState.java:setRaftConf(430)) - cc21282f-5934-42bf-9918-cc8c0aab7e68@group-3E6A6F57AB1F: set configuration 0: peers:[cc21282f-5934-42bf-9918-cc8c0aab7e68|rpc:10.1.0.81:34309|dataStream:10.1.0.81:33753|priority:1|startupRole:FOLLOWER]|listeners:[], old=null
2023-02-21 13:40:20,579 [0f4d0b38-f1c8-489e-92ab-b78f82fc2ecb@group-4EF3713BF805-FollowerState] INFO  impl.FollowerState (FollowerState.java:run(143)) - 0f4d0b38-f1c8-489e-92ab-b78f82fc2ecb@group-4EF3713BF805-FollowerState: change to CANDIDATE, lastRpcElapsedTime:5062123876ns, electionTimeout:5056ms
2023-02-21 13:40:20,580 [0f4d0b38-f1c8-489e-92ab-b78f82fc2ecb@group-4EF3713BF805-FollowerState] INFO  impl.RoleInfo (RoleInfo.java:shutdownFollowerState(110)) - 0f4d0b38-f1c8-489e-92ab-b78f82fc2ecb: shutdown 0f4d0b38-f1c8-489e-92ab-b78f82fc2ecb@group-4EF3713BF805-FollowerState
2023-02-21 13:40:20,580 [0f4d0b38-f1c8-489e-92ab-b78f82fc2ecb@group-4EF3713BF805-FollowerState] INFO  server.RaftServer$Division (RaftServerImpl.java:setRole(321)) - 0f4d0b38-f1c8-489e-92ab-b78f82fc2ecb@group-4EF3713BF805: changes role from  FOLLOWER to CANDIDATE at term 0 for changeToCandidate
2023-02-21 13:40:20,580 [0f4d0b38-f1c8-489e-92ab-b78f82fc2ecb@group-4EF3713BF805-FollowerState] INFO  server.RaftServerConfigKeys (ConfUtils.java:logGet(46)) - raft.server.leaderelection.pre-vote = true (default)
2023-02-21 13:40:20,580 [0f4d0b38-f1c8-489e-92ab-b78f82fc2ecb@group-4EF3713BF805-FollowerState] INFO  impl.RoleInfo (RoleInfo.java:updateAndGet(139)) - 0f4d0b38-f1c8-489e-92ab-b78f82fc2ecb: start 0f4d0b38-f1c8-489e-92ab-b78f82fc2ecb@group-4EF3713BF805-LeaderElection29
2023-02-21 13:40:20,592 [0f4d0b38-f1c8-489e-92ab-b78f82fc2ecb@group-4EF3713BF805-LeaderElection29] INFO  impl.LeaderElection (LeaderElection.java:askForVotes(312)) - 0f4d0b38-f1c8-489e-92ab-b78f82fc2ecb@group-4EF3713BF805-LeaderElection29 PRE_VOTE round 0: submit vote requests at term 0 for -1: peers:[0f4d0b38-f1c8-489e-92ab-b78f82fc2ecb|rpc:10.1.0.81:34971|dataStream:10.1.0.81:46565|priority:1|startupRole:FOLLOWER]|listeners:[], old=null
2023-02-21 13:40:20,592 [0f4d0b38-f1c8-489e-92ab-b78f82fc2ecb@group-4EF3713BF805-LeaderElection29] INFO  impl.LeaderElection (LeaderElection.java:askForVotes(314)) - 0f4d0b38-f1c8-489e-92ab-b78f82fc2ecb@group-4EF3713BF805-LeaderElection29 PRE_VOTE round 0: result PASSED (term=0)
2023-02-21 13:40:20,598 [0f4d0b38-f1c8-489e-92ab-b78f82fc2ecb@group-4EF3713BF805-LeaderElection29] INFO  impl.LeaderElection (LeaderElection.java:askForVotes(312)) - 0f4d0b38-f1c8-489e-92ab-b78f82fc2ecb@group-4EF3713BF805-LeaderElection29 ELECTION round 0: submit vote requests at term 1 for -1: peers:[0f4d0b38-f1c8-489e-92ab-b78f82fc2ecb|rpc:10.1.0.81:34971|dataStream:10.1.0.81:46565|priority:1|startupRole:FOLLOWER]|listeners:[], old=null
2023-02-21 13:40:20,598 [0f4d0b38-f1c8-489e-92ab-b78f82fc2ecb@group-4EF3713BF805-LeaderElection29] INFO  impl.LeaderElection (LeaderElection.java:askForVotes(314)) - 0f4d0b38-f1c8-489e-92ab-b78f82fc2ecb@group-4EF3713BF805-LeaderElection29 ELECTION round 0: result PASSED (term=1)
2023-02-21 13:40:20,599 [0f4d0b38-f1c8-489e-92ab-b78f82fc2ecb@group-4EF3713BF805-LeaderElection29] INFO  impl.RoleInfo (RoleInfo.java:shutdownLeaderElection(130)) - 0f4d0b38-f1c8-489e-92ab-b78f82fc2ecb: shutdown 0f4d0b38-f1c8-489e-92ab-b78f82fc2ecb@group-4EF3713BF805-LeaderElection29
2023-02-21 13:40:20,599 [0f4d0b38-f1c8-489e-92ab-b78f82fc2ecb@group-4EF3713BF805-LeaderElection29] INFO  server.RaftServer$Division (RaftServerImpl.java:setRole(321)) - 0f4d0b38-f1c8-489e-92ab-b78f82fc2ecb@group-4EF3713BF805: changes role from CANDIDATE to LEADER at term 1 for changeToLeader
2023-02-21 13:40:20,599 [0f4d0b38-f1c8-489e-92ab-b78f82fc2ecb@group-4EF3713BF805-LeaderElection29] INFO  ratis.XceiverServerRatis (XceiverServerRatis.java:handleLeaderChangedNotification(905)) - Leader change notification received for group: group-4EF3713BF805 with new leaderId: 0f4d0b38-f1c8-489e-92ab-b78f82fc2ecb
2023-02-21 13:40:20,601 [0f4d0b38-f1c8-489e-92ab-b78f82fc2ecb@group-4EF3713BF805-LeaderElection29] INFO  server.RaftServer$Division (ServerState.java:setLeader(313)) - 0f4d0b38-f1c8-489e-92ab-b78f82fc2ecb@group-4EF3713BF805: change Leader from null to 0f4d0b38-f1c8-489e-92ab-b78f82fc2ecb at term 1 for becomeLeader, leader elected after 5101ms
2023-02-21 13:40:20,601 [0f4d0b38-f1c8-489e-92ab-b78f82fc2ecb@group-4EF3713BF805-LeaderElection29] INFO  server.RaftServerConfigKeys (ConfUtils.java:logGet(46)) - raft.server.staging.catchup.gap = 1000 (default)
2023-02-21 13:40:20,601 [0f4d0b38-f1c8-489e-92ab-b78f82fc2ecb@group-4EF3713BF805-LeaderElection29] INFO  server.RaftServerConfigKeys (ConfUtils.java:logGet(46)) - raft.server.write.element-limit = 1024 (custom)
2023-02-21 13:40:20,601 [0f4d0b38-f1c8-489e-92ab-b78f82fc2ecb@group-4EF3713BF805-LeaderElection29] INFO  server.RaftServerConfigKeys (ConfUtils.java:logGet(46)) - raft.server.write.byte-limit = 1024 M (=1073741824) (custom)
2023-02-21 13:40:20,601 [0f4d0b38-f1c8-489e-92ab-b78f82fc2ecb@group-4EF3713BF805-LeaderElection29] INFO  server.RaftServerConfigKeys (ConfUtils.java:logGet(46)) - raft.server.watch.timeout = 180s (custom)
2023-02-21 13:40:20,601 [0f4d0b38-f1c8-489e-92ab-b78f82fc2ecb@group-4EF3713BF805-LeaderElection29] INFO  server.RaftServerConfigKeys (ConfUtils.java:logGet(46)) - raft.server.watch.timeout.denomination = 1s (default)
2023-02-21 13:40:20,601 [0f4d0b38-f1c8-489e-92ab-b78f82fc2ecb@group-4EF3713BF805-LeaderElection29] INFO  server.RaftServerConfigKeys (ConfUtils.java:logGet(46)) - raft.server.watch.element-limit = 65536 (default)
2023-02-21 13:40:20,601 [0f4d0b38-f1c8-489e-92ab-b78f82fc2ecb@group-4EF3713BF805-LeaderElection29] INFO  server.RaftServerConfigKeys (ConfUtils.java:logGet(46)) - raft.server.write.element-limit = 1024 (custom)
2023-02-21 13:40:20,601 [0f4d0b38-f1c8-489e-92ab-b78f82fc2ecb@group-4EF3713BF805-LeaderElection29] INFO  server.RaftServerConfigKeys (ConfUtils.java:logGet(46)) - raft.server.write.follower.gap.ratio.max = -1.0 (default)
2023-02-21 13:40:20,603 [0f4d0b38-f1c8-489e-92ab-b78f82fc2ecb@group-4EF3713BF805-LeaderElection29] INFO  impl.RoleInfo (RoleInfo.java:updateAndGet(139)) - 0f4d0b38-f1c8-489e-92ab-b78f82fc2ecb: start 0f4d0b38-f1c8-489e-92ab-b78f82fc2ecb@group-4EF3713BF805-LeaderStateImpl
2023-02-21 13:40:20,603 [0f4d0b38-f1c8-489e-92ab-b78f82fc2ecb@group-4EF3713BF805-LeaderElection29] INFO  segmented.SegmentedRaftLogWorker (SegmentedRaftLogWorker.java:startLogSegment(452)) - 0f4d0b38-f1c8-489e-92ab-b78f82fc2ecb@group-4EF3713BF805-SegmentedRaftLogWorker: Starting segment from index:0
2023-02-21 13:40:20,610 [0f4d0b38-f1c8-489e-92ab-b78f82fc2ecb@group-4EF3713BF805-SegmentedRaftLogWorker] INFO  segmented.SegmentedRaftLogWorker (SegmentedRaftLogWorker.java:execute(656)) - 0f4d0b38-f1c8-489e-92ab-b78f82fc2ecb@group-4EF3713BF805-SegmentedRaftLogWorker: created new log segment /home/runner/work/ozone/ozone/hadoop-ozone/integration-test/target/test-dir/MiniOzoneClusterImpl-c6aa46b2-3083-4aae-be29-8199bb906922/datanode-3/data/ratis/432aa6db-4fad-4fb7-8be5-4ef3713bf805/current/log_inprogress_0
2023-02-21 13:40:20,618 [0f4d0b38-f1c8-489e-92ab-b78f82fc2ecb@group-4EF3713BF805-LeaderElection29] INFO  server.RaftServer$Division (ServerState.java:setRaftConf(430)) - 0f4d0b38-f1c8-489e-92ab-b78f82fc2ecb@group-4EF3713BF805: set configuration 0: peers:[0f4d0b38-f1c8-489e-92ab-b78f82fc2ecb|rpc:10.1.0.81:34971|dataStream:10.1.0.81:46565|priority:1|startupRole:FOLLOWER]|listeners:[], old=null
]]></system-out>
  </testcase>
  <testcase name="testAllocateMoreThanOneBlock" classname="TestOzoneFileSystem" time="0.3">
    <system-out><![CDATA[2023-02-21 13:41:29,563 [7309d6a4-9c1d-4dc9-b84b-2418a7036ef2@group-90B29A9C773F-FollowerState] INFO  impl.FollowerState (FollowerState.java:run(143)) - 7309d6a4-9c1d-4dc9-b84b-2418a7036ef2@group-90B29A9C773F-FollowerState: change to CANDIDATE, lastRpcElapsedTime:5026354730ns, electionTimeout:5025ms
2023-02-21 13:41:29,563 [7309d6a4-9c1d-4dc9-b84b-2418a7036ef2@group-90B29A9C773F-FollowerState] INFO  impl.RoleInfo (RoleInfo.java:shutdownFollowerState(110)) - 7309d6a4-9c1d-4dc9-b84b-2418a7036ef2: shutdown 7309d6a4-9c1d-4dc9-b84b-2418a7036ef2@group-90B29A9C773F-FollowerState
2023-02-21 13:41:29,563 [7309d6a4-9c1d-4dc9-b84b-2418a7036ef2@group-90B29A9C773F-FollowerState] INFO  server.RaftServer$Division (RaftServerImpl.java:setRole(321)) - 7309d6a4-9c1d-4dc9-b84b-2418a7036ef2@group-90B29A9C773F: changes role from  FOLLOWER to CANDIDATE at term 0 for changeToCandidate
2023-02-21 13:41:29,564 [7309d6a4-9c1d-4dc9-b84b-2418a7036ef2@group-90B29A9C773F-FollowerState] INFO  server.RaftServerConfigKeys (ConfUtils.java:logGet(46)) - raft.server.leaderelection.pre-vote = true (default)
2023-02-21 13:41:29,564 [7309d6a4-9c1d-4dc9-b84b-2418a7036ef2@group-90B29A9C773F-FollowerState] INFO  impl.RoleInfo (RoleInfo.java:updateAndGet(139)) - 7309d6a4-9c1d-4dc9-b84b-2418a7036ef2: start 7309d6a4-9c1d-4dc9-b84b-2418a7036ef2@group-90B29A9C773F-LeaderElection37
2023-02-21 13:41:29,576 [7309d6a4-9c1d-4dc9-b84b-2418a7036ef2@group-90B29A9C773F-LeaderElection37] INFO  impl.LeaderElection (LeaderElection.java:askForVotes(312)) - 7309d6a4-9c1d-4dc9-b84b-2418a7036ef2@group-90B29A9C773F-LeaderElection37 PRE_VOTE round 0: submit vote requests at term 0 for -1: peers:[7309d6a4-9c1d-4dc9-b84b-2418a7036ef2|rpc:10.1.0.81:45591|dataStream:10.1.0.81:35815|priority:1|startupRole:FOLLOWER]|listeners:[], old=null
2023-02-21 13:41:29,576 [7309d6a4-9c1d-4dc9-b84b-2418a7036ef2@group-90B29A9C773F-LeaderElection37] INFO  impl.LeaderElection (LeaderElection.java:askForVotes(314)) - 7309d6a4-9c1d-4dc9-b84b-2418a7036ef2@group-90B29A9C773F-LeaderElection37 PRE_VOTE round 0: result PASSED (term=0)
2023-02-21 13:41:29,578 [7309d6a4-9c1d-4dc9-b84b-2418a7036ef2@group-90B29A9C773F-LeaderElection37] INFO  impl.LeaderElection (LeaderElection.java:askForVotes(312)) - 7309d6a4-9c1d-4dc9-b84b-2418a7036ef2@group-90B29A9C773F-LeaderElection37 ELECTION round 0: submit vote requests at term 1 for -1: peers:[7309d6a4-9c1d-4dc9-b84b-2418a7036ef2|rpc:10.1.0.81:45591|dataStream:10.1.0.81:35815|priority:1|startupRole:FOLLOWER]|listeners:[], old=null
2023-02-21 13:41:29,578 [7309d6a4-9c1d-4dc9-b84b-2418a7036ef2@group-90B29A9C773F-LeaderElection37] INFO  impl.LeaderElection (LeaderElection.java:askForVotes(314)) - 7309d6a4-9c1d-4dc9-b84b-2418a7036ef2@group-90B29A9C773F-LeaderElection37 ELECTION round 0: result PASSED (term=1)
2023-02-21 13:41:29,578 [7309d6a4-9c1d-4dc9-b84b-2418a7036ef2@group-90B29A9C773F-LeaderElection37] INFO  impl.RoleInfo (RoleInfo.java:shutdownLeaderElection(130)) - 7309d6a4-9c1d-4dc9-b84b-2418a7036ef2: shutdown 7309d6a4-9c1d-4dc9-b84b-2418a7036ef2@group-90B29A9C773F-LeaderElection37
2023-02-21 13:41:29,578 [7309d6a4-9c1d-4dc9-b84b-2418a7036ef2@group-90B29A9C773F-LeaderElection37] INFO  server.RaftServer$Division (RaftServerImpl.java:setRole(321)) - 7309d6a4-9c1d-4dc9-b84b-2418a7036ef2@group-90B29A9C773F: changes role from CANDIDATE to LEADER at term 1 for changeToLeader
2023-02-21 13:41:29,578 [7309d6a4-9c1d-4dc9-b84b-2418a7036ef2@group-90B29A9C773F-LeaderElection37] INFO  ratis.XceiverServerRatis (XceiverServerRatis.java:handleLeaderChangedNotification(905)) - Leader change notification received for group: group-90B29A9C773F with new leaderId: 7309d6a4-9c1d-4dc9-b84b-2418a7036ef2
2023-02-21 13:41:29,579 [7309d6a4-9c1d-4dc9-b84b-2418a7036ef2@group-90B29A9C773F-LeaderElection37] INFO  server.RaftServer$Division (ServerState.java:setLeader(313)) - 7309d6a4-9c1d-4dc9-b84b-2418a7036ef2@group-90B29A9C773F: change Leader from null to 7309d6a4-9c1d-4dc9-b84b-2418a7036ef2 at term 1 for becomeLeader, leader elected after 5055ms
2023-02-21 13:41:29,580 [7309d6a4-9c1d-4dc9-b84b-2418a7036ef2@group-90B29A9C773F-LeaderElection37] INFO  server.RaftServerConfigKeys (ConfUtils.java:logGet(46)) - raft.server.staging.catchup.gap = 1000 (default)
2023-02-21 13:41:29,580 [7309d6a4-9c1d-4dc9-b84b-2418a7036ef2@group-90B29A9C773F-LeaderElection37] INFO  server.RaftServerConfigKeys (ConfUtils.java:logGet(46)) - raft.server.write.element-limit = 1024 (custom)
2023-02-21 13:41:29,580 [7309d6a4-9c1d-4dc9-b84b-2418a7036ef2@group-90B29A9C773F-LeaderElection37] INFO  server.RaftServerConfigKeys (ConfUtils.java:logGet(46)) - raft.server.write.byte-limit = 1024 M (=1073741824) (custom)
2023-02-21 13:41:29,580 [7309d6a4-9c1d-4dc9-b84b-2418a7036ef2@group-90B29A9C773F-LeaderElection37] INFO  server.RaftServerConfigKeys (ConfUtils.java:logGet(46)) - raft.server.watch.timeout = 180s (custom)
2023-02-21 13:41:29,580 [7309d6a4-9c1d-4dc9-b84b-2418a7036ef2@group-90B29A9C773F-LeaderElection37] INFO  server.RaftServerConfigKeys (ConfUtils.java:logGet(46)) - raft.server.watch.timeout.denomination = 1s (default)
2023-02-21 13:41:29,580 [7309d6a4-9c1d-4dc9-b84b-2418a7036ef2@group-90B29A9C773F-LeaderElection37] INFO  server.RaftServerConfigKeys (ConfUtils.java:logGet(46)) - raft.server.watch.element-limit = 65536 (default)
2023-02-21 13:41:29,580 [7309d6a4-9c1d-4dc9-b84b-2418a7036ef2@group-90B29A9C773F-LeaderElection37] INFO  server.RaftServerConfigKeys (ConfUtils.java:logGet(46)) - raft.server.write.element-limit = 1024 (custom)
2023-02-21 13:41:29,580 [7309d6a4-9c1d-4dc9-b84b-2418a7036ef2@group-90B29A9C773F-LeaderElection37] INFO  server.RaftServerConfigKeys (ConfUtils.java:logGet(46)) - raft.server.write.follower.gap.ratio.max = -1.0 (default)
2023-02-21 13:41:29,580 [7309d6a4-9c1d-4dc9-b84b-2418a7036ef2@group-90B29A9C773F-LeaderElection37] INFO  impl.RoleInfo (RoleInfo.java:updateAndGet(139)) - 7309d6a4-9c1d-4dc9-b84b-2418a7036ef2: start 7309d6a4-9c1d-4dc9-b84b-2418a7036ef2@group-90B29A9C773F-LeaderStateImpl
2023-02-21 13:41:29,582 [7309d6a4-9c1d-4dc9-b84b-2418a7036ef2@group-90B29A9C773F-LeaderElection37] INFO  segmented.SegmentedRaftLogWorker (SegmentedRaftLogWorker.java:startLogSegment(452)) - 7309d6a4-9c1d-4dc9-b84b-2418a7036ef2@group-90B29A9C773F-SegmentedRaftLogWorker: Starting segment from index:0
2023-02-21 13:41:29,582 [7309d6a4-9c1d-4dc9-b84b-2418a7036ef2@group-90B29A9C773F-LeaderElection37] INFO  server.RaftServer$Division (ServerState.java:setRaftConf(430)) - 7309d6a4-9c1d-4dc9-b84b-2418a7036ef2@group-90B29A9C773F: set configuration 0: peers:[7309d6a4-9c1d-4dc9-b84b-2418a7036ef2|rpc:10.1.0.81:45591|dataStream:10.1.0.81:35815|priority:1|startupRole:FOLLOWER]|listeners:[], old=null
2023-02-21 13:41:29,586 [7309d6a4-9c1d-4dc9-b84b-2418a7036ef2@group-90B29A9C773F-SegmentedRaftLogWorker] INFO  segmented.SegmentedRaftLogWorker (SegmentedRaftLogWorker.java:execute(656)) - 7309d6a4-9c1d-4dc9-b84b-2418a7036ef2@group-90B29A9C773F-SegmentedRaftLogWorker: created new log segment /home/runner/work/ozone/ozone/hadoop-ozone/integration-test/target/test-dir/MiniOzoneClusterImpl-5c741f75-a5c3-4524-84b8-0544f40d398a/datanode-2/data/ratis/fd8eaad9-508b-4542-93da-90b29a9c773f/current/log_inprogress_0
]]></system-out>
  </testcase>
  <testcase name="testRenameToExistingDir" classname="TestOzoneFileSystem" time="0.066">
    <system-out><![CDATA[13:37:57.021 [IPC Server handler 15 on default port 35721] ERROR OMAudit - user=runner | ip=127.0.0.1 | op=LIST_STATUS {volume=volume06454, bucket=bucket10538, key=b/a, dataSize=0, replicationConfig=null} | ret=FAILURE
org.apache.hadoop.ozone.om.exceptions.OMException: Unable to get file status: volume: volume06454 bucket: bucket10538 key: b/a
	at org.apache.hadoop.ozone.om.KeyManagerImpl.getOzoneFileStatus(KeyManagerImpl.java:1162) ~[ozone-manager-1.4.0-SNAPSHOT.jar:?]
	at org.apache.hadoop.ozone.om.KeyManagerImpl.getFileStatus(KeyManagerImpl.java:1080) ~[ozone-manager-1.4.0-SNAPSHOT.jar:?]
	at org.apache.hadoop.ozone.om.KeyManagerImpl.listStatus(KeyManagerImpl.java:1443) ~[ozone-manager-1.4.0-SNAPSHOT.jar:?]
	at org.apache.hadoop.ozone.om.OmMetadataReader.listStatus(OmMetadataReader.java:261) ~[ozone-manager-1.4.0-SNAPSHOT.jar:?]
	at org.apache.hadoop.ozone.om.OzoneManager.listStatus(OzoneManager.java:3469) ~[ozone-manager-1.4.0-SNAPSHOT.jar:?]
	at org.apache.hadoop.ozone.protocolPB.OzoneManagerRequestHandler.listStatus(OzoneManagerRequestHandler.java:1097) ~[ozone-manager-1.4.0-SNAPSHOT.jar:?]
	at org.apache.hadoop.ozone.protocolPB.OzoneManagerRequestHandler.handleReadRequest(OzoneManagerRequestHandler.java:249) ~[ozone-manager-1.4.0-SNAPSHOT.jar:?]
	at org.apache.hadoop.ozone.protocolPB.OzoneManagerProtocolServerSideTranslatorPB.submitReadRequestToOM(OzoneManagerProtocolServerSideTranslatorPB.java:223) ~[ozone-manager-1.4.0-SNAPSHOT.jar:?]
	at org.apache.hadoop.ozone.protocolPB.OzoneManagerProtocolServerSideTranslatorPB.processRequest(OzoneManagerProtocolServerSideTranslatorPB.java:177) ~[ozone-manager-1.4.0-SNAPSHOT.jar:?]
	at org.apache.hadoop.hdds.server.OzoneProtocolMessageDispatcher.processRequest(OzoneProtocolMessageDispatcher.java:87) [hdds-server-framework-1.4.0-SNAPSHOT.jar:?]
	at org.apache.hadoop.ozone.protocolPB.OzoneManagerProtocolServerSideTranslatorPB.submitRequest(OzoneManagerProtocolServerSideTranslatorPB.java:147) [ozone-manager-1.4.0-SNAPSHOT.jar:?]
	at org.apache.hadoop.ozone.protocol.proto.OzoneManagerProtocolProtos$OzoneManagerService$2.callBlockingMethod(OzoneManagerProtocolProtos.java) [ozone-interface-client-1.4.0-SNAPSHOT.jar:?]
	at org.apache.hadoop.ipc.ProtobufRpcEngine$Server.processCall(ProtobufRpcEngine.java:465) [hadoop-common-3.3.4.jar:?]
	at org.apache.hadoop.ipc.ProtobufRpcEngine2$Server$ProtoBufRpcInvoker.call(ProtobufRpcEngine2.java:578) [hadoop-common-3.3.4.jar:?]
	at org.apache.hadoop.ipc.ProtobufRpcEngine2$Server$ProtoBufRpcInvoker.call(ProtobufRpcEngine2.java:556) [hadoop-common-3.3.4.jar:?]
	at org.apache.hadoop.ipc.RPC$Server.call(RPC.java:1093) [hadoop-common-3.3.4.jar:?]
	at org.apache.hadoop.ipc.Server$RpcCall.run(Server.java:1043) [hadoop-common-3.3.4.jar:?]
	at org.apache.hadoop.ipc.Server$RpcCall.run(Server.java:971) [hadoop-common-3.3.4.jar:?]
	at java.security.AccessController.doPrivileged(Native Method) ~[?:1.8.0_362]
	at javax.security.auth.Subject.doAs(Subject.java:422) [?:1.8.0_362]
	at org.apache.hadoop.security.UserGroupInformation.doAs(UserGroupInformation.java:1878) [hadoop-common-3.3.4.jar:?]
	at org.apache.hadoop.ipc.Server$Handler.run(Server.java:2976) [hadoop-common-3.3.4.jar:?]
]]></system-out>
  </testcase>
  <testcase name="testRenameToExistingDir" classname="TestOzoneFileSystem" time="0.023">
    <system-out><![CDATA[13:39:22.110 [IPC Server handler 13 on default port 40229] ERROR OMAudit - user=runner | ip=127.0.0.1 | op=LIST_STATUS {volume=volume46490, bucket=bucket73093, key=b/a, dataSize=0, replicationConfig=null} | ret=FAILURE
org.apache.hadoop.ozone.om.exceptions.OMException: Unable to get file status: volume: volume46490 bucket: bucket73093 key: b/a
	at org.apache.hadoop.ozone.om.KeyManagerImpl.getOzoneFileStatus(KeyManagerImpl.java:1162) ~[ozone-manager-1.4.0-SNAPSHOT.jar:?]
	at org.apache.hadoop.ozone.om.KeyManagerImpl.getFileStatus(KeyManagerImpl.java:1080) ~[ozone-manager-1.4.0-SNAPSHOT.jar:?]
	at org.apache.hadoop.ozone.om.KeyManagerImpl.listStatus(KeyManagerImpl.java:1443) ~[ozone-manager-1.4.0-SNAPSHOT.jar:?]
	at org.apache.hadoop.ozone.om.OmMetadataReader.listStatus(OmMetadataReader.java:261) ~[ozone-manager-1.4.0-SNAPSHOT.jar:?]
	at org.apache.hadoop.ozone.om.OzoneManager.listStatus(OzoneManager.java:3469) ~[ozone-manager-1.4.0-SNAPSHOT.jar:?]
	at org.apache.hadoop.ozone.protocolPB.OzoneManagerRequestHandler.listStatus(OzoneManagerRequestHandler.java:1097) ~[ozone-manager-1.4.0-SNAPSHOT.jar:?]
	at org.apache.hadoop.ozone.protocolPB.OzoneManagerRequestHandler.handleReadRequest(OzoneManagerRequestHandler.java:249) ~[ozone-manager-1.4.0-SNAPSHOT.jar:?]
	at org.apache.hadoop.ozone.protocolPB.OzoneManagerProtocolServerSideTranslatorPB.submitRequestDirectlyToOM(OzoneManagerProtocolServerSideTranslatorPB.java:271) ~[ozone-manager-1.4.0-SNAPSHOT.jar:?]
	at org.apache.hadoop.ozone.protocolPB.OzoneManagerProtocolServerSideTranslatorPB.processRequest(OzoneManagerProtocolServerSideTranslatorPB.java:173) ~[ozone-manager-1.4.0-SNAPSHOT.jar:?]
	at org.apache.hadoop.hdds.server.OzoneProtocolMessageDispatcher.processRequest(OzoneProtocolMessageDispatcher.java:87) [hdds-server-framework-1.4.0-SNAPSHOT.jar:?]
	at org.apache.hadoop.ozone.protocolPB.OzoneManagerProtocolServerSideTranslatorPB.submitRequest(OzoneManagerProtocolServerSideTranslatorPB.java:147) [ozone-manager-1.4.0-SNAPSHOT.jar:?]
	at org.apache.hadoop.ozone.protocol.proto.OzoneManagerProtocolProtos$OzoneManagerService$2.callBlockingMethod(OzoneManagerProtocolProtos.java) [ozone-interface-client-1.4.0-SNAPSHOT.jar:?]
	at org.apache.hadoop.ipc.ProtobufRpcEngine$Server.processCall(ProtobufRpcEngine.java:465) [hadoop-common-3.3.4.jar:?]
	at org.apache.hadoop.ipc.ProtobufRpcEngine2$Server$ProtoBufRpcInvoker.call(ProtobufRpcEngine2.java:578) [hadoop-common-3.3.4.jar:?]
	at org.apache.hadoop.ipc.ProtobufRpcEngine2$Server$ProtoBufRpcInvoker.call(ProtobufRpcEngine2.java:556) [hadoop-common-3.3.4.jar:?]
	at org.apache.hadoop.ipc.RPC$Server.call(RPC.java:1093) [hadoop-common-3.3.4.jar:?]
	at org.apache.hadoop.ipc.Server$RpcCall.run(Server.java:1043) [hadoop-common-3.3.4.jar:?]
	at org.apache.hadoop.ipc.Server$RpcCall.run(Server.java:971) [hadoop-common-3.3.4.jar:?]
	at java.security.AccessController.doPrivileged(Native Method) ~[?:1.8.0_362]
	at javax.security.auth.Subject.doAs(Subject.java:422) [?:1.8.0_362]
	at org.apache.hadoop.security.UserGroupInformation.doAs(UserGroupInformation.java:1878) [hadoop-common-3.3.4.jar:?]
	at org.apache.hadoop.ipc.Server$Handler.run(Server.java:2976) [hadoop-common-3.3.4.jar:?]
]]></system-out>
  </testcase>
  <testcase name="testRenameToExistingDir" classname="TestOzoneFileSystem" time="0.023">
    <system-out><![CDATA[13:40:20.680 [IPC Server handler 12 on default port 34503] ERROR OMAudit - user=runner | ip=127.0.0.1 | op=LIST_STATUS {volume=volume47855, bucket=bucket64015, key=b/a, dataSize=0, replicationConfig=null} | ret=FAILURE
org.apache.hadoop.ozone.om.exceptions.OMException: Unable to get file status: volume: volume47855 bucket: bucket64015 key: b/a
	at org.apache.hadoop.ozone.om.KeyManagerImpl.getOzoneFileStatus(KeyManagerImpl.java:1162) ~[ozone-manager-1.4.0-SNAPSHOT.jar:?]
	at org.apache.hadoop.ozone.om.KeyManagerImpl.getFileStatus(KeyManagerImpl.java:1080) ~[ozone-manager-1.4.0-SNAPSHOT.jar:?]
	at org.apache.hadoop.ozone.om.KeyManagerImpl.listStatus(KeyManagerImpl.java:1443) ~[ozone-manager-1.4.0-SNAPSHOT.jar:?]
	at org.apache.hadoop.ozone.om.OmMetadataReader.listStatus(OmMetadataReader.java:261) ~[ozone-manager-1.4.0-SNAPSHOT.jar:?]
	at org.apache.hadoop.ozone.om.OzoneManager.listStatus(OzoneManager.java:3469) ~[ozone-manager-1.4.0-SNAPSHOT.jar:?]
	at org.apache.hadoop.ozone.protocolPB.OzoneManagerRequestHandler.listStatus(OzoneManagerRequestHandler.java:1097) ~[ozone-manager-1.4.0-SNAPSHOT.jar:?]
	at org.apache.hadoop.ozone.protocolPB.OzoneManagerRequestHandler.handleReadRequest(OzoneManagerRequestHandler.java:249) ~[ozone-manager-1.4.0-SNAPSHOT.jar:?]
	at org.apache.hadoop.ozone.protocolPB.OzoneManagerProtocolServerSideTranslatorPB.submitReadRequestToOM(OzoneManagerProtocolServerSideTranslatorPB.java:223) ~[ozone-manager-1.4.0-SNAPSHOT.jar:?]
	at org.apache.hadoop.ozone.protocolPB.OzoneManagerProtocolServerSideTranslatorPB.processRequest(OzoneManagerProtocolServerSideTranslatorPB.java:177) ~[ozone-manager-1.4.0-SNAPSHOT.jar:?]
	at org.apache.hadoop.hdds.server.OzoneProtocolMessageDispatcher.processRequest(OzoneProtocolMessageDispatcher.java:87) [hdds-server-framework-1.4.0-SNAPSHOT.jar:?]
	at org.apache.hadoop.ozone.protocolPB.OzoneManagerProtocolServerSideTranslatorPB.submitRequest(OzoneManagerProtocolServerSideTranslatorPB.java:147) [ozone-manager-1.4.0-SNAPSHOT.jar:?]
	at org.apache.hadoop.ozone.protocol.proto.OzoneManagerProtocolProtos$OzoneManagerService$2.callBlockingMethod(OzoneManagerProtocolProtos.java) [ozone-interface-client-1.4.0-SNAPSHOT.jar:?]
	at org.apache.hadoop.ipc.ProtobufRpcEngine$Server.processCall(ProtobufRpcEngine.java:465) [hadoop-common-3.3.4.jar:?]
	at org.apache.hadoop.ipc.ProtobufRpcEngine2$Server$ProtoBufRpcInvoker.call(ProtobufRpcEngine2.java:578) [hadoop-common-3.3.4.jar:?]
	at org.apache.hadoop.ipc.ProtobufRpcEngine2$Server$ProtoBufRpcInvoker.call(ProtobufRpcEngine2.java:556) [hadoop-common-3.3.4.jar:?]
	at org.apache.hadoop.ipc.RPC$Server.call(RPC.java:1093) [hadoop-common-3.3.4.jar:?]
	at org.apache.hadoop.ipc.Server$RpcCall.run(Server.java:1043) [hadoop-common-3.3.4.jar:?]
	at org.apache.hadoop.ipc.Server$RpcCall.run(Server.java:971) [hadoop-common-3.3.4.jar:?]
	at java.security.AccessController.doPrivileged(Native Method) ~[?:1.8.0_362]
	at javax.security.auth.Subject.doAs(Subject.java:422) [?:1.8.0_362]
	at org.apache.hadoop.security.UserGroupInformation.doAs(UserGroupInformation.java:1878) [hadoop-common-3.3.4.jar:?]
	at org.apache.hadoop.ipc.Server$Handler.run(Server.java:2976) [hadoop-common-3.3.4.jar:?]
]]></system-out>
  </testcase>
  <testcase name="testRenameToExistingDir" classname="TestOzoneFileSystem" time="0.013">
    <system-out><![CDATA[13:41:29.789 [IPC Server handler 2 on default port 40765] ERROR OMAudit - user=runner | ip=127.0.0.1 | op=LIST_STATUS {volume=volume82902, bucket=bucket15199, key=b/a, dataSize=0, replicationConfig=null} | ret=FAILURE
org.apache.hadoop.ozone.om.exceptions.OMException: Unable to get file status: volume: volume82902 bucket: bucket15199 key: b/a
	at org.apache.hadoop.ozone.om.KeyManagerImpl.getOzoneFileStatus(KeyManagerImpl.java:1162) ~[ozone-manager-1.4.0-SNAPSHOT.jar:?]
	at org.apache.hadoop.ozone.om.KeyManagerImpl.getFileStatus(KeyManagerImpl.java:1080) ~[ozone-manager-1.4.0-SNAPSHOT.jar:?]
	at org.apache.hadoop.ozone.om.KeyManagerImpl.listStatus(KeyManagerImpl.java:1443) ~[ozone-manager-1.4.0-SNAPSHOT.jar:?]
	at org.apache.hadoop.ozone.om.OmMetadataReader.listStatus(OmMetadataReader.java:261) ~[ozone-manager-1.4.0-SNAPSHOT.jar:?]
	at org.apache.hadoop.ozone.om.OzoneManager.listStatus(OzoneManager.java:3469) ~[ozone-manager-1.4.0-SNAPSHOT.jar:?]
	at org.apache.hadoop.ozone.protocolPB.OzoneManagerRequestHandler.listStatus(OzoneManagerRequestHandler.java:1097) ~[ozone-manager-1.4.0-SNAPSHOT.jar:?]
	at org.apache.hadoop.ozone.protocolPB.OzoneManagerRequestHandler.handleReadRequest(OzoneManagerRequestHandler.java:249) ~[ozone-manager-1.4.0-SNAPSHOT.jar:?]
	at org.apache.hadoop.ozone.protocolPB.OzoneManagerProtocolServerSideTranslatorPB.submitRequestDirectlyToOM(OzoneManagerProtocolServerSideTranslatorPB.java:271) ~[ozone-manager-1.4.0-SNAPSHOT.jar:?]
	at org.apache.hadoop.ozone.protocolPB.OzoneManagerProtocolServerSideTranslatorPB.processRequest(OzoneManagerProtocolServerSideTranslatorPB.java:173) ~[ozone-manager-1.4.0-SNAPSHOT.jar:?]
	at org.apache.hadoop.hdds.server.OzoneProtocolMessageDispatcher.processRequest(OzoneProtocolMessageDispatcher.java:87) [hdds-server-framework-1.4.0-SNAPSHOT.jar:?]
	at org.apache.hadoop.ozone.protocolPB.OzoneManagerProtocolServerSideTranslatorPB.submitRequest(OzoneManagerProtocolServerSideTranslatorPB.java:147) [ozone-manager-1.4.0-SNAPSHOT.jar:?]
	at org.apache.hadoop.ozone.protocol.proto.OzoneManagerProtocolProtos$OzoneManagerService$2.callBlockingMethod(OzoneManagerProtocolProtos.java) [ozone-interface-client-1.4.0-SNAPSHOT.jar:?]
	at org.apache.hadoop.ipc.ProtobufRpcEngine$Server.processCall(ProtobufRpcEngine.java:465) [hadoop-common-3.3.4.jar:?]
	at org.apache.hadoop.ipc.ProtobufRpcEngine2$Server$ProtoBufRpcInvoker.call(ProtobufRpcEngine2.java:578) [hadoop-common-3.3.4.jar:?]
	at org.apache.hadoop.ipc.ProtobufRpcEngine2$Server$ProtoBufRpcInvoker.call(ProtobufRpcEngine2.java:556) [hadoop-common-3.3.4.jar:?]
	at org.apache.hadoop.ipc.RPC$Server.call(RPC.java:1093) [hadoop-common-3.3.4.jar:?]
	at org.apache.hadoop.ipc.Server$RpcCall.run(Server.java:1043) [hadoop-common-3.3.4.jar:?]
	at org.apache.hadoop.ipc.Server$RpcCall.run(Server.java:971) [hadoop-common-3.3.4.jar:?]
	at java.security.AccessController.doPrivileged(Native Method) ~[?:1.8.0_362]
	at javax.security.auth.Subject.doAs(Subject.java:422) [?:1.8.0_362]
	at org.apache.hadoop.security.UserGroupInformation.doAs(UserGroupInformation.java:1878) [hadoop-common-3.3.4.jar:?]
	at org.apache.hadoop.ipc.Server$Handler.run(Server.java:2976) [hadoop-common-3.3.4.jar:?]
]]></system-out>
  </testcase>
  <testcase name="testRenameDirToItsOwnSubDir" classname="TestOzoneFileSystem" time="0.025">
    <system-out><![CDATA[2023-02-21 13:37:57,068 [Time-limited test] INFO  ozone.TestOzoneFileSystem (TestOzoneFileSystem.java:testRenameDirToItsOwnSubDir(1169)) - Created dir1 o3fs://bucket10538.volume06454/root/dir1/sub_dir1
2023-02-21 13:37:57,068 [Time-limited test] INFO  ozone.TestOzoneFileSystem (TestOzoneFileSystem.java:testRenameDirToItsOwnSubDir(1172)) - Rename op-> source:o3fs://bucket10538.volume06454/root to destin:o3fs://bucket10538.volume06454/root/dir1/sub_dir1
]]></system-out>
  </testcase>
  <testcase name="testRenameDirToItsOwnSubDir" classname="TestOzoneFileSystem" time="0.01">
    <system-out><![CDATA[2023-02-21 13:39:22,127 [Time-limited test] INFO  ozone.TestOzoneFileSystem (TestOzoneFileSystem.java:testRenameDirToItsOwnSubDir(1169)) - Created dir1 o3fs://bucket73093.volume46490/root/dir1/sub_dir1
2023-02-21 13:39:22,127 [Time-limited test] INFO  ozone.TestOzoneFileSystem (TestOzoneFileSystem.java:testRenameDirToItsOwnSubDir(1172)) - Rename op-> source:o3fs://bucket73093.volume46490/root to destin:o3fs://bucket73093.volume46490/root/dir1/sub_dir1
]]></system-out>
  </testcase>
  <testcase name="testRenameDirToItsOwnSubDir" classname="TestOzoneFileSystem" time="0.015">
    <system-out><![CDATA[2023-02-21 13:40:20,700 [Time-limited test] INFO  ozone.TestOzoneFileSystem (TestOzoneFileSystem.java:testRenameDirToItsOwnSubDir(1169)) - Created dir1 o3fs://bucket64015.volume47855/root/dir1/sub_dir1
2023-02-21 13:40:20,700 [Time-limited test] INFO  ozone.TestOzoneFileSystem (TestOzoneFileSystem.java:testRenameDirToItsOwnSubDir(1172)) - Rename op-> source:o3fs://bucket64015.volume47855/root to destin:o3fs://bucket64015.volume47855/root/dir1/sub_dir1
]]></system-out>
  </testcase>
  <testcase name="testRenameDirToItsOwnSubDir" classname="TestOzoneFileSystem" time="0.01">
    <system-out><![CDATA[2023-02-21 13:41:29,801 [Time-limited test] INFO  ozone.TestOzoneFileSystem (TestOzoneFileSystem.java:testRenameDirToItsOwnSubDir(1169)) - Created dir1 o3fs://bucket15199.volume82902/root/dir1/sub_dir1
2023-02-21 13:41:29,801 [Time-limited test] INFO  ozone.TestOzoneFileSystem (TestOzoneFileSystem.java:testRenameDirToItsOwnSubDir(1172)) - Rename op-> source:o3fs://bucket15199.volume82902/root to destin:o3fs://bucket15199.volume82902/root/dir1/sub_dir1
]]></system-out>
  </testcase>
  <testcase name="testGetDirectoryModificationTime" classname="TestOzoneFileSystem" time="0.159"/>
  <testcase name="testGetDirectoryModificationTime" classname="TestOzoneFileSystem" time="0.122"/>
  <testcase name="testGetDirectoryModificationTime" classname="TestOzoneFileSystem" time="0.13"/>
  <testcase name="testGetDirectoryModificationTime" classname="TestOzoneFileSystem" time="0.118"/>
  <testcase name="testOzoneFsServiceLoader" classname="TestOzoneFileSystem" time="0.003"/>
  <testcase name="testOzoneFsServiceLoader" classname="TestOzoneFileSystem" time="0.002"/>
  <testcase name="testOzoneFsServiceLoader" classname="TestOzoneFileSystem" time="0.003"/>
  <testcase name="testOzoneFsServiceLoader" classname="TestOzoneFileSystem" time="0.001"/>
  <testcase name="testTrash" classname="TestOzoneFileSystem" time="5.083">
    <system-out><![CDATA[2023-02-21 13:37:57,263 [OM StateMachine ApplyTransaction Thread - 0] INFO  key.OMKeyRequest (OMKeyRequest.java:wrapUncommittedBlocksAsPseudoKey(837)) - Detect allocated but uncommitted blocks [{blockID={containerID=2, localID=111677748019200006}, length=4194304, offset=0, token=null, pipeline=null, createVersion=0, partNumber=0}] in key testKey2.
13:37:57.272 [IPC Server handler 17 on default port 35721] ERROR OMAudit - user=runner | ip=127.0.0.1 | op=GET_FILE_STATUS {volume=volume06454, bucket=bucket10538, key=.Trash/runner/Current/testKey2, dataSize=0, replicationConfig=null} | ret=FAILURE
org.apache.hadoop.ozone.om.exceptions.OMException: Unable to get file status: volume: volume06454 bucket: bucket10538 key: .Trash/runner/Current/testKey2
	at org.apache.hadoop.ozone.om.KeyManagerImpl.getOzoneFileStatus(KeyManagerImpl.java:1162) ~[ozone-manager-1.4.0-SNAPSHOT.jar:?]
	at org.apache.hadoop.ozone.om.KeyManagerImpl.getFileStatus(KeyManagerImpl.java:1080) ~[ozone-manager-1.4.0-SNAPSHOT.jar:?]
	at org.apache.hadoop.ozone.om.OmMetadataReader.getFileStatus(OmMetadataReader.java:288) ~[ozone-manager-1.4.0-SNAPSHOT.jar:?]
	at org.apache.hadoop.ozone.om.OzoneManager.getFileStatus(OzoneManager.java:3450) ~[ozone-manager-1.4.0-SNAPSHOT.jar:?]
	at org.apache.hadoop.ozone.protocolPB.OzoneManagerRequestHandler.getOzoneFileStatus(OzoneManagerRequestHandler.java:933) ~[ozone-manager-1.4.0-SNAPSHOT.jar:?]
	at org.apache.hadoop.ozone.protocolPB.OzoneManagerRequestHandler.handleReadRequest(OzoneManagerRequestHandler.java:238) ~[ozone-manager-1.4.0-SNAPSHOT.jar:?]
	at org.apache.hadoop.ozone.protocolPB.OzoneManagerProtocolServerSideTranslatorPB.submitReadRequestToOM(OzoneManagerProtocolServerSideTranslatorPB.java:223) ~[ozone-manager-1.4.0-SNAPSHOT.jar:?]
	at org.apache.hadoop.ozone.protocolPB.OzoneManagerProtocolServerSideTranslatorPB.processRequest(OzoneManagerProtocolServerSideTranslatorPB.java:177) ~[ozone-manager-1.4.0-SNAPSHOT.jar:?]
	at org.apache.hadoop.hdds.server.OzoneProtocolMessageDispatcher.processRequest(OzoneProtocolMessageDispatcher.java:87) [hdds-server-framework-1.4.0-SNAPSHOT.jar:?]
	at org.apache.hadoop.ozone.protocolPB.OzoneManagerProtocolServerSideTranslatorPB.submitRequest(OzoneManagerProtocolServerSideTranslatorPB.java:147) [ozone-manager-1.4.0-SNAPSHOT.jar:?]
	at org.apache.hadoop.ozone.protocol.proto.OzoneManagerProtocolProtos$OzoneManagerService$2.callBlockingMethod(OzoneManagerProtocolProtos.java) [ozone-interface-client-1.4.0-SNAPSHOT.jar:?]
	at org.apache.hadoop.ipc.ProtobufRpcEngine$Server.processCall(ProtobufRpcEngine.java:465) [hadoop-common-3.3.4.jar:?]
	at org.apache.hadoop.ipc.ProtobufRpcEngine2$Server$ProtoBufRpcInvoker.call(ProtobufRpcEngine2.java:578) [hadoop-common-3.3.4.jar:?]
	at org.apache.hadoop.ipc.ProtobufRpcEngine2$Server$ProtoBufRpcInvoker.call(ProtobufRpcEngine2.java:556) [hadoop-common-3.3.4.jar:?]
	at org.apache.hadoop.ipc.RPC$Server.call(RPC.java:1093) [hadoop-common-3.3.4.jar:?]
	at org.apache.hadoop.ipc.Server$RpcCall.run(Server.java:1043) [hadoop-common-3.3.4.jar:?]
	at org.apache.hadoop.ipc.Server$RpcCall.run(Server.java:971) [hadoop-common-3.3.4.jar:?]
	at java.security.AccessController.doPrivileged(Native Method) ~[?:1.8.0_362]
	at javax.security.auth.Subject.doAs(Subject.java:422) [?:1.8.0_362]
	at org.apache.hadoop.security.UserGroupInformation.doAs(UserGroupInformation.java:1878) [hadoop-common-3.3.4.jar:?]
	at org.apache.hadoop.ipc.Server$Handler.run(Server.java:2976) [hadoop-common-3.3.4.jar:?]
13:37:57.277 [IPC Server handler 9 on default port 35721] ERROR OMAudit - user=runner | ip=127.0.0.1 | op=GET_FILE_STATUS {volume=volume06454, bucket=bucket10538, key=.Trash/runner/Current/testKey2, dataSize=0, replicationConfig=null} | ret=FAILURE
org.apache.hadoop.ozone.om.exceptions.OMException: Unable to get file status: volume: volume06454 bucket: bucket10538 key: .Trash/runner/Current/testKey2
	at org.apache.hadoop.ozone.om.KeyManagerImpl.getOzoneFileStatus(KeyManagerImpl.java:1162) ~[ozone-manager-1.4.0-SNAPSHOT.jar:?]
	at org.apache.hadoop.ozone.om.KeyManagerImpl.getFileStatus(KeyManagerImpl.java:1080) ~[ozone-manager-1.4.0-SNAPSHOT.jar:?]
	at org.apache.hadoop.ozone.om.OmMetadataReader.getFileStatus(OmMetadataReader.java:288) ~[ozone-manager-1.4.0-SNAPSHOT.jar:?]
	at org.apache.hadoop.ozone.om.OzoneManager.getFileStatus(OzoneManager.java:3450) ~[ozone-manager-1.4.0-SNAPSHOT.jar:?]
	at org.apache.hadoop.ozone.protocolPB.OzoneManagerRequestHandler.getOzoneFileStatus(OzoneManagerRequestHandler.java:933) ~[ozone-manager-1.4.0-SNAPSHOT.jar:?]
	at org.apache.hadoop.ozone.protocolPB.OzoneManagerRequestHandler.handleReadRequest(OzoneManagerRequestHandler.java:238) ~[ozone-manager-1.4.0-SNAPSHOT.jar:?]
	at org.apache.hadoop.ozone.protocolPB.OzoneManagerProtocolServerSideTranslatorPB.submitReadRequestToOM(OzoneManagerProtocolServerSideTranslatorPB.java:223) ~[ozone-manager-1.4.0-SNAPSHOT.jar:?]
	at org.apache.hadoop.ozone.protocolPB.OzoneManagerProtocolServerSideTranslatorPB.processRequest(OzoneManagerProtocolServerSideTranslatorPB.java:177) ~[ozone-manager-1.4.0-SNAPSHOT.jar:?]
	at org.apache.hadoop.hdds.server.OzoneProtocolMessageDispatcher.processRequest(OzoneProtocolMessageDispatcher.java:87) [hdds-server-framework-1.4.0-SNAPSHOT.jar:?]
	at org.apache.hadoop.ozone.protocolPB.OzoneManagerProtocolServerSideTranslatorPB.submitRequest(OzoneManagerProtocolServerSideTranslatorPB.java:147) [ozone-manager-1.4.0-SNAPSHOT.jar:?]
	at org.apache.hadoop.ozone.protocol.proto.OzoneManagerProtocolProtos$OzoneManagerService$2.callBlockingMethod(OzoneManagerProtocolProtos.java) [ozone-interface-client-1.4.0-SNAPSHOT.jar:?]
	at org.apache.hadoop.ipc.ProtobufRpcEngine$Server.processCall(ProtobufRpcEngine.java:465) [hadoop-common-3.3.4.jar:?]
	at org.apache.hadoop.ipc.ProtobufRpcEngine2$Server$ProtoBufRpcInvoker.call(ProtobufRpcEngine2.java:578) [hadoop-common-3.3.4.jar:?]
	at org.apache.hadoop.ipc.ProtobufRpcEngine2$Server$ProtoBufRpcInvoker.call(ProtobufRpcEngine2.java:556) [hadoop-common-3.3.4.jar:?]
	at org.apache.hadoop.ipc.RPC$Server.call(RPC.java:1093) [hadoop-common-3.3.4.jar:?]
	at org.apache.hadoop.ipc.Server$RpcCall.run(Server.java:1043) [hadoop-common-3.3.4.jar:?]
	at org.apache.hadoop.ipc.Server$RpcCall.run(Server.java:971) [hadoop-common-3.3.4.jar:?]
	at java.security.AccessController.doPrivileged(Native Method) ~[?:1.8.0_362]
	at javax.security.auth.Subject.doAs(Subject.java:422) [?:1.8.0_362]
	at org.apache.hadoop.security.UserGroupInformation.doAs(UserGroupInformation.java:1878) [hadoop-common-3.3.4.jar:?]
	at org.apache.hadoop.ipc.Server$Handler.run(Server.java:2976) [hadoop-common-3.3.4.jar:?]
2023-02-21 13:37:57,289 [Time-limited test] INFO  om.TrashPolicyOzone (TrashPolicyOzone.java:moveToTrash(209)) - Moved: '/testKey2' to trash at: /.Trash/runner/Current/testKey2
13:37:59.298 [IPC Server handler 12 on default port 35721] ERROR OMAudit - user=runner | ip=127.0.0.1 | op=GET_FILE_STATUS {volume=volume06454, bucket=bucket10538, key=.Trash/runner/Current/testKey2, dataSize=0, replicationConfig=null} | ret=FAILURE
org.apache.hadoop.ozone.om.exceptions.OMException: Unable to get file status: volume: volume06454 bucket: bucket10538 key: .Trash/runner/Current/testKey2
	at org.apache.hadoop.ozone.om.KeyManagerImpl.getOzoneFileStatus(KeyManagerImpl.java:1162) ~[ozone-manager-1.4.0-SNAPSHOT.jar:?]
	at org.apache.hadoop.ozone.om.KeyManagerImpl.getFileStatus(KeyManagerImpl.java:1080) ~[ozone-manager-1.4.0-SNAPSHOT.jar:?]
	at org.apache.hadoop.ozone.om.OmMetadataReader.getFileStatus(OmMetadataReader.java:288) ~[ozone-manager-1.4.0-SNAPSHOT.jar:?]
	at org.apache.hadoop.ozone.om.OzoneManager.getFileStatus(OzoneManager.java:3450) ~[ozone-manager-1.4.0-SNAPSHOT.jar:?]
	at org.apache.hadoop.ozone.protocolPB.OzoneManagerRequestHandler.getOzoneFileStatus(OzoneManagerRequestHandler.java:933) ~[ozone-manager-1.4.0-SNAPSHOT.jar:?]
	at org.apache.hadoop.ozone.protocolPB.OzoneManagerRequestHandler.handleReadRequest(OzoneManagerRequestHandler.java:238) ~[ozone-manager-1.4.0-SNAPSHOT.jar:?]
	at org.apache.hadoop.ozone.protocolPB.OzoneManagerProtocolServerSideTranslatorPB.submitReadRequestToOM(OzoneManagerProtocolServerSideTranslatorPB.java:223) ~[ozone-manager-1.4.0-SNAPSHOT.jar:?]
	at org.apache.hadoop.ozone.protocolPB.OzoneManagerProtocolServerSideTranslatorPB.processRequest(OzoneManagerProtocolServerSideTranslatorPB.java:177) ~[ozone-manager-1.4.0-SNAPSHOT.jar:?]
	at org.apache.hadoop.hdds.server.OzoneProtocolMessageDispatcher.processRequest(OzoneProtocolMessageDispatcher.java:87) [hdds-server-framework-1.4.0-SNAPSHOT.jar:?]
	at org.apache.hadoop.ozone.protocolPB.OzoneManagerProtocolServerSideTranslatorPB.submitRequest(OzoneManagerProtocolServerSideTranslatorPB.java:147) [ozone-manager-1.4.0-SNAPSHOT.jar:?]
	at org.apache.hadoop.ozone.protocol.proto.OzoneManagerProtocolProtos$OzoneManagerService$2.callBlockingMethod(OzoneManagerProtocolProtos.java) [ozone-interface-client-1.4.0-SNAPSHOT.jar:?]
	at org.apache.hadoop.ipc.ProtobufRpcEngine$Server.processCall(ProtobufRpcEngine.java:465) [hadoop-common-3.3.4.jar:?]
	at org.apache.hadoop.ipc.ProtobufRpcEngine2$Server$ProtoBufRpcInvoker.call(ProtobufRpcEngine2.java:578) [hadoop-common-3.3.4.jar:?]
	at org.apache.hadoop.ipc.ProtobufRpcEngine2$Server$ProtoBufRpcInvoker.call(ProtobufRpcEngine2.java:556) [hadoop-common-3.3.4.jar:?]
	at org.apache.hadoop.ipc.RPC$Server.call(RPC.java:1093) [hadoop-common-3.3.4.jar:?]
	at org.apache.hadoop.ipc.Server$RpcCall.run(Server.java:1043) [hadoop-common-3.3.4.jar:?]
	at org.apache.hadoop.ipc.Server$RpcCall.run(Server.java:971) [hadoop-common-3.3.4.jar:?]
	at java.security.AccessController.doPrivileged(Native Method) ~[?:1.8.0_362]
	at javax.security.auth.Subject.doAs(Subject.java:422) [?:1.8.0_362]
	at org.apache.hadoop.security.UserGroupInformation.doAs(UserGroupInformation.java:1878) [hadoop-common-3.3.4.jar:?]
	at org.apache.hadoop.ipc.Server$Handler.run(Server.java:2976) [hadoop-common-3.3.4.jar:?]
]]></system-out>
  </testcase>
  <testcase name="testTrash" classname="TestOzoneFileSystem" time="4.031">
    <system-out><![CDATA[2023-02-21 13:39:22,266 [IPC Server handler 19 on default port 40229] INFO  key.OMKeyRequest (OMKeyRequest.java:wrapUncommittedBlocksAsPseudoKey(837)) - Detect allocated but uncommitted blocks [{blockID={containerID=2, localID=111677748019200006}, length=4194304, offset=0, token=null, pipeline=null, createVersion=0, partNumber=0}] in key testKey2.
13:39:22.270 [IPC Server handler 17 on default port 40229] ERROR OMAudit - user=runner | ip=127.0.0.1 | op=GET_FILE_STATUS {volume=volume46490, bucket=bucket73093, key=.Trash/runner/Current/testKey2, dataSize=0, replicationConfig=null} | ret=FAILURE
org.apache.hadoop.ozone.om.exceptions.OMException: Unable to get file status: volume: volume46490 bucket: bucket73093 key: .Trash/runner/Current/testKey2
	at org.apache.hadoop.ozone.om.KeyManagerImpl.getOzoneFileStatus(KeyManagerImpl.java:1162) ~[ozone-manager-1.4.0-SNAPSHOT.jar:?]
	at org.apache.hadoop.ozone.om.KeyManagerImpl.getFileStatus(KeyManagerImpl.java:1080) ~[ozone-manager-1.4.0-SNAPSHOT.jar:?]
	at org.apache.hadoop.ozone.om.OmMetadataReader.getFileStatus(OmMetadataReader.java:288) ~[ozone-manager-1.4.0-SNAPSHOT.jar:?]
	at org.apache.hadoop.ozone.om.OzoneManager.getFileStatus(OzoneManager.java:3450) ~[ozone-manager-1.4.0-SNAPSHOT.jar:?]
	at org.apache.hadoop.ozone.protocolPB.OzoneManagerRequestHandler.getOzoneFileStatus(OzoneManagerRequestHandler.java:933) ~[ozone-manager-1.4.0-SNAPSHOT.jar:?]
	at org.apache.hadoop.ozone.protocolPB.OzoneManagerRequestHandler.handleReadRequest(OzoneManagerRequestHandler.java:238) ~[ozone-manager-1.4.0-SNAPSHOT.jar:?]
	at org.apache.hadoop.ozone.protocolPB.OzoneManagerProtocolServerSideTranslatorPB.submitRequestDirectlyToOM(OzoneManagerProtocolServerSideTranslatorPB.java:271) ~[ozone-manager-1.4.0-SNAPSHOT.jar:?]
	at org.apache.hadoop.ozone.protocolPB.OzoneManagerProtocolServerSideTranslatorPB.processRequest(OzoneManagerProtocolServerSideTranslatorPB.java:173) ~[ozone-manager-1.4.0-SNAPSHOT.jar:?]
	at org.apache.hadoop.hdds.server.OzoneProtocolMessageDispatcher.processRequest(OzoneProtocolMessageDispatcher.java:87) [hdds-server-framework-1.4.0-SNAPSHOT.jar:?]
	at org.apache.hadoop.ozone.protocolPB.OzoneManagerProtocolServerSideTranslatorPB.submitRequest(OzoneManagerProtocolServerSideTranslatorPB.java:147) [ozone-manager-1.4.0-SNAPSHOT.jar:?]
	at org.apache.hadoop.ozone.protocol.proto.OzoneManagerProtocolProtos$OzoneManagerService$2.callBlockingMethod(OzoneManagerProtocolProtos.java) [ozone-interface-client-1.4.0-SNAPSHOT.jar:?]
	at org.apache.hadoop.ipc.ProtobufRpcEngine$Server.processCall(ProtobufRpcEngine.java:465) [hadoop-common-3.3.4.jar:?]
	at org.apache.hadoop.ipc.ProtobufRpcEngine2$Server$ProtoBufRpcInvoker.call(ProtobufRpcEngine2.java:578) [hadoop-common-3.3.4.jar:?]
	at org.apache.hadoop.ipc.ProtobufRpcEngine2$Server$ProtoBufRpcInvoker.call(ProtobufRpcEngine2.java:556) [hadoop-common-3.3.4.jar:?]
	at org.apache.hadoop.ipc.RPC$Server.call(RPC.java:1093) [hadoop-common-3.3.4.jar:?]
	at org.apache.hadoop.ipc.Server$RpcCall.run(Server.java:1043) [hadoop-common-3.3.4.jar:?]
	at org.apache.hadoop.ipc.Server$RpcCall.run(Server.java:971) [hadoop-common-3.3.4.jar:?]
	at java.security.AccessController.doPrivileged(Native Method) ~[?:1.8.0_362]
	at javax.security.auth.Subject.doAs(Subject.java:422) [?:1.8.0_362]
	at org.apache.hadoop.security.UserGroupInformation.doAs(UserGroupInformation.java:1878) [hadoop-common-3.3.4.jar:?]
	at org.apache.hadoop.ipc.Server$Handler.run(Server.java:2976) [hadoop-common-3.3.4.jar:?]
13:39:22.272 [IPC Server handler 1 on default port 40229] ERROR OMAudit - user=runner | ip=127.0.0.1 | op=GET_FILE_STATUS {volume=volume46490, bucket=bucket73093, key=.Trash/runner/Current/testKey2, dataSize=0, replicationConfig=null} | ret=FAILURE
org.apache.hadoop.ozone.om.exceptions.OMException: Unable to get file status: volume: volume46490 bucket: bucket73093 key: .Trash/runner/Current/testKey2
	at org.apache.hadoop.ozone.om.KeyManagerImpl.getOzoneFileStatus(KeyManagerImpl.java:1162) ~[ozone-manager-1.4.0-SNAPSHOT.jar:?]
	at org.apache.hadoop.ozone.om.KeyManagerImpl.getFileStatus(KeyManagerImpl.java:1080) ~[ozone-manager-1.4.0-SNAPSHOT.jar:?]
	at org.apache.hadoop.ozone.om.OmMetadataReader.getFileStatus(OmMetadataReader.java:288) ~[ozone-manager-1.4.0-SNAPSHOT.jar:?]
	at org.apache.hadoop.ozone.om.OzoneManager.getFileStatus(OzoneManager.java:3450) ~[ozone-manager-1.4.0-SNAPSHOT.jar:?]
	at org.apache.hadoop.ozone.protocolPB.OzoneManagerRequestHandler.getOzoneFileStatus(OzoneManagerRequestHandler.java:933) ~[ozone-manager-1.4.0-SNAPSHOT.jar:?]
	at org.apache.hadoop.ozone.protocolPB.OzoneManagerRequestHandler.handleReadRequest(OzoneManagerRequestHandler.java:238) ~[ozone-manager-1.4.0-SNAPSHOT.jar:?]
	at org.apache.hadoop.ozone.protocolPB.OzoneManagerProtocolServerSideTranslatorPB.submitRequestDirectlyToOM(OzoneManagerProtocolServerSideTranslatorPB.java:271) ~[ozone-manager-1.4.0-SNAPSHOT.jar:?]
	at org.apache.hadoop.ozone.protocolPB.OzoneManagerProtocolServerSideTranslatorPB.processRequest(OzoneManagerProtocolServerSideTranslatorPB.java:173) ~[ozone-manager-1.4.0-SNAPSHOT.jar:?]
	at org.apache.hadoop.hdds.server.OzoneProtocolMessageDispatcher.processRequest(OzoneProtocolMessageDispatcher.java:87) [hdds-server-framework-1.4.0-SNAPSHOT.jar:?]
	at org.apache.hadoop.ozone.protocolPB.OzoneManagerProtocolServerSideTranslatorPB.submitRequest(OzoneManagerProtocolServerSideTranslatorPB.java:147) [ozone-manager-1.4.0-SNAPSHOT.jar:?]
	at org.apache.hadoop.ozone.protocol.proto.OzoneManagerProtocolProtos$OzoneManagerService$2.callBlockingMethod(OzoneManagerProtocolProtos.java) [ozone-interface-client-1.4.0-SNAPSHOT.jar:?]
	at org.apache.hadoop.ipc.ProtobufRpcEngine$Server.processCall(ProtobufRpcEngine.java:465) [hadoop-common-3.3.4.jar:?]
	at org.apache.hadoop.ipc.ProtobufRpcEngine2$Server$ProtoBufRpcInvoker.call(ProtobufRpcEngine2.java:578) [hadoop-common-3.3.4.jar:?]
	at org.apache.hadoop.ipc.ProtobufRpcEngine2$Server$ProtoBufRpcInvoker.call(ProtobufRpcEngine2.java:556) [hadoop-common-3.3.4.jar:?]
	at org.apache.hadoop.ipc.RPC$Server.call(RPC.java:1093) [hadoop-common-3.3.4.jar:?]
	at org.apache.hadoop.ipc.Server$RpcCall.run(Server.java:1043) [hadoop-common-3.3.4.jar:?]
	at org.apache.hadoop.ipc.Server$RpcCall.run(Server.java:971) [hadoop-common-3.3.4.jar:?]
	at java.security.AccessController.doPrivileged(Native Method) ~[?:1.8.0_362]
	at javax.security.auth.Subject.doAs(Subject.java:422) [?:1.8.0_362]
	at org.apache.hadoop.security.UserGroupInformation.doAs(UserGroupInformation.java:1878) [hadoop-common-3.3.4.jar:?]
	at org.apache.hadoop.ipc.Server$Handler.run(Server.java:2976) [hadoop-common-3.3.4.jar:?]
2023-02-21 13:39:22,275 [Time-limited test] INFO  om.TrashPolicyOzone (TrashPolicyOzone.java:moveToTrash(209)) - Moved: '/testKey2' to trash at: /.Trash/runner/Current/testKey2
13:39:23.276 [IPC Server handler 10 on default port 40229] ERROR OMAudit - user=runner | ip=127.0.0.1 | op=GET_FILE_STATUS {volume=volume46490, bucket=bucket73093, key=.Trash/runner/Current/testKey2, dataSize=0, replicationConfig=null} | ret=FAILURE
org.apache.hadoop.ozone.om.exceptions.OMException: Unable to get file status: volume: volume46490 bucket: bucket73093 key: .Trash/runner/Current/testKey2
	at org.apache.hadoop.ozone.om.KeyManagerImpl.getOzoneFileStatus(KeyManagerImpl.java:1162) ~[ozone-manager-1.4.0-SNAPSHOT.jar:?]
	at org.apache.hadoop.ozone.om.KeyManagerImpl.getFileStatus(KeyManagerImpl.java:1080) ~[ozone-manager-1.4.0-SNAPSHOT.jar:?]
	at org.apache.hadoop.ozone.om.OmMetadataReader.getFileStatus(OmMetadataReader.java:288) ~[ozone-manager-1.4.0-SNAPSHOT.jar:?]
	at org.apache.hadoop.ozone.om.OzoneManager.getFileStatus(OzoneManager.java:3450) ~[ozone-manager-1.4.0-SNAPSHOT.jar:?]
	at org.apache.hadoop.ozone.protocolPB.OzoneManagerRequestHandler.getOzoneFileStatus(OzoneManagerRequestHandler.java:933) ~[ozone-manager-1.4.0-SNAPSHOT.jar:?]
	at org.apache.hadoop.ozone.protocolPB.OzoneManagerRequestHandler.handleReadRequest(OzoneManagerRequestHandler.java:238) ~[ozone-manager-1.4.0-SNAPSHOT.jar:?]
	at org.apache.hadoop.ozone.protocolPB.OzoneManagerProtocolServerSideTranslatorPB.submitRequestDirectlyToOM(OzoneManagerProtocolServerSideTranslatorPB.java:271) ~[ozone-manager-1.4.0-SNAPSHOT.jar:?]
	at org.apache.hadoop.ozone.protocolPB.OzoneManagerProtocolServerSideTranslatorPB.processRequest(OzoneManagerProtocolServerSideTranslatorPB.java:173) ~[ozone-manager-1.4.0-SNAPSHOT.jar:?]
	at org.apache.hadoop.hdds.server.OzoneProtocolMessageDispatcher.processRequest(OzoneProtocolMessageDispatcher.java:87) [hdds-server-framework-1.4.0-SNAPSHOT.jar:?]
	at org.apache.hadoop.ozone.protocolPB.OzoneManagerProtocolServerSideTranslatorPB.submitRequest(OzoneManagerProtocolServerSideTranslatorPB.java:147) [ozone-manager-1.4.0-SNAPSHOT.jar:?]
	at org.apache.hadoop.ozone.protocol.proto.OzoneManagerProtocolProtos$OzoneManagerService$2.callBlockingMethod(OzoneManagerProtocolProtos.java) [ozone-interface-client-1.4.0-SNAPSHOT.jar:?]
	at org.apache.hadoop.ipc.ProtobufRpcEngine$Server.processCall(ProtobufRpcEngine.java:465) [hadoop-common-3.3.4.jar:?]
	at org.apache.hadoop.ipc.ProtobufRpcEngine2$Server$ProtoBufRpcInvoker.call(ProtobufRpcEngine2.java:578) [hadoop-common-3.3.4.jar:?]
	at org.apache.hadoop.ipc.ProtobufRpcEngine2$Server$ProtoBufRpcInvoker.call(ProtobufRpcEngine2.java:556) [hadoop-common-3.3.4.jar:?]
	at org.apache.hadoop.ipc.RPC$Server.call(RPC.java:1093) [hadoop-common-3.3.4.jar:?]
	at org.apache.hadoop.ipc.Server$RpcCall.run(Server.java:1043) [hadoop-common-3.3.4.jar:?]
	at org.apache.hadoop.ipc.Server$RpcCall.run(Server.java:971) [hadoop-common-3.3.4.jar:?]
	at java.security.AccessController.doPrivileged(Native Method) ~[?:1.8.0_362]
	at javax.security.auth.Subject.doAs(Subject.java:422) [?:1.8.0_362]
	at org.apache.hadoop.security.UserGroupInformation.doAs(UserGroupInformation.java:1878) [hadoop-common-3.3.4.jar:?]
	at org.apache.hadoop.ipc.Server$Handler.run(Server.java:2976) [hadoop-common-3.3.4.jar:?]
]]></system-out>
  </testcase>
  <testcase name="testTrash" classname="TestOzoneFileSystem" time="4.024">
    <system-out><![CDATA[2023-02-21 13:40:20,844 [OM StateMachine ApplyTransaction Thread - 0] INFO  key.OMKeyRequest (OMKeyRequest.java:wrapUncommittedBlocksAsPseudoKey(837)) - Detect allocated but uncommitted blocks [{blockID={containerID=4, localID=111677748019200006}, length=4194304, offset=0, token=null, pipeline=null, createVersion=0, partNumber=0}] in key testKey2.
13:40:20.847 [IPC Server handler 19 on default port 34503] ERROR OMAudit - user=runner | ip=127.0.0.1 | op=GET_FILE_STATUS {volume=volume47855, bucket=bucket64015, key=.Trash/runner/Current/testKey2, dataSize=0, replicationConfig=null} | ret=FAILURE
org.apache.hadoop.ozone.om.exceptions.OMException: Unable to get file status: volume: volume47855 bucket: bucket64015 key: .Trash/runner/Current/testKey2
	at org.apache.hadoop.ozone.om.KeyManagerImpl.getOzoneFileStatus(KeyManagerImpl.java:1162) ~[ozone-manager-1.4.0-SNAPSHOT.jar:?]
	at org.apache.hadoop.ozone.om.KeyManagerImpl.getFileStatus(KeyManagerImpl.java:1080) ~[ozone-manager-1.4.0-SNAPSHOT.jar:?]
	at org.apache.hadoop.ozone.om.OmMetadataReader.getFileStatus(OmMetadataReader.java:288) ~[ozone-manager-1.4.0-SNAPSHOT.jar:?]
	at org.apache.hadoop.ozone.om.OzoneManager.getFileStatus(OzoneManager.java:3450) ~[ozone-manager-1.4.0-SNAPSHOT.jar:?]
	at org.apache.hadoop.ozone.protocolPB.OzoneManagerRequestHandler.getOzoneFileStatus(OzoneManagerRequestHandler.java:933) ~[ozone-manager-1.4.0-SNAPSHOT.jar:?]
	at org.apache.hadoop.ozone.protocolPB.OzoneManagerRequestHandler.handleReadRequest(OzoneManagerRequestHandler.java:238) ~[ozone-manager-1.4.0-SNAPSHOT.jar:?]
	at org.apache.hadoop.ozone.protocolPB.OzoneManagerProtocolServerSideTranslatorPB.submitReadRequestToOM(OzoneManagerProtocolServerSideTranslatorPB.java:223) ~[ozone-manager-1.4.0-SNAPSHOT.jar:?]
	at org.apache.hadoop.ozone.protocolPB.OzoneManagerProtocolServerSideTranslatorPB.processRequest(OzoneManagerProtocolServerSideTranslatorPB.java:177) ~[ozone-manager-1.4.0-SNAPSHOT.jar:?]
	at org.apache.hadoop.hdds.server.OzoneProtocolMessageDispatcher.processRequest(OzoneProtocolMessageDispatcher.java:87) [hdds-server-framework-1.4.0-SNAPSHOT.jar:?]
	at org.apache.hadoop.ozone.protocolPB.OzoneManagerProtocolServerSideTranslatorPB.submitRequest(OzoneManagerProtocolServerSideTranslatorPB.java:147) [ozone-manager-1.4.0-SNAPSHOT.jar:?]
	at org.apache.hadoop.ozone.protocol.proto.OzoneManagerProtocolProtos$OzoneManagerService$2.callBlockingMethod(OzoneManagerProtocolProtos.java) [ozone-interface-client-1.4.0-SNAPSHOT.jar:?]
	at org.apache.hadoop.ipc.ProtobufRpcEngine$Server.processCall(ProtobufRpcEngine.java:465) [hadoop-common-3.3.4.jar:?]
	at org.apache.hadoop.ipc.ProtobufRpcEngine2$Server$ProtoBufRpcInvoker.call(ProtobufRpcEngine2.java:578) [hadoop-common-3.3.4.jar:?]
	at org.apache.hadoop.ipc.ProtobufRpcEngine2$Server$ProtoBufRpcInvoker.call(ProtobufRpcEngine2.java:556) [hadoop-common-3.3.4.jar:?]
	at org.apache.hadoop.ipc.RPC$Server.call(RPC.java:1093) [hadoop-common-3.3.4.jar:?]
	at org.apache.hadoop.ipc.Server$RpcCall.run(Server.java:1043) [hadoop-common-3.3.4.jar:?]
	at org.apache.hadoop.ipc.Server$RpcCall.run(Server.java:971) [hadoop-common-3.3.4.jar:?]
	at java.security.AccessController.doPrivileged(Native Method) ~[?:1.8.0_362]
	at javax.security.auth.Subject.doAs(Subject.java:422) [?:1.8.0_362]
	at org.apache.hadoop.security.UserGroupInformation.doAs(UserGroupInformation.java:1878) [hadoop-common-3.3.4.jar:?]
	at org.apache.hadoop.ipc.Server$Handler.run(Server.java:2976) [hadoop-common-3.3.4.jar:?]
13:40:20.849 [IPC Server handler 1 on default port 34503] ERROR OMAudit - user=runner | ip=127.0.0.1 | op=GET_FILE_STATUS {volume=volume47855, bucket=bucket64015, key=.Trash/runner/Current/testKey2, dataSize=0, replicationConfig=null} | ret=FAILURE
org.apache.hadoop.ozone.om.exceptions.OMException: Unable to get file status: volume: volume47855 bucket: bucket64015 key: .Trash/runner/Current/testKey2
	at org.apache.hadoop.ozone.om.KeyManagerImpl.getOzoneFileStatus(KeyManagerImpl.java:1162) ~[ozone-manager-1.4.0-SNAPSHOT.jar:?]
	at org.apache.hadoop.ozone.om.KeyManagerImpl.getFileStatus(KeyManagerImpl.java:1080) ~[ozone-manager-1.4.0-SNAPSHOT.jar:?]
	at org.apache.hadoop.ozone.om.OmMetadataReader.getFileStatus(OmMetadataReader.java:288) ~[ozone-manager-1.4.0-SNAPSHOT.jar:?]
	at org.apache.hadoop.ozone.om.OzoneManager.getFileStatus(OzoneManager.java:3450) ~[ozone-manager-1.4.0-SNAPSHOT.jar:?]
	at org.apache.hadoop.ozone.protocolPB.OzoneManagerRequestHandler.getOzoneFileStatus(OzoneManagerRequestHandler.java:933) ~[ozone-manager-1.4.0-SNAPSHOT.jar:?]
	at org.apache.hadoop.ozone.protocolPB.OzoneManagerRequestHandler.handleReadRequest(OzoneManagerRequestHandler.java:238) ~[ozone-manager-1.4.0-SNAPSHOT.jar:?]
	at org.apache.hadoop.ozone.protocolPB.OzoneManagerProtocolServerSideTranslatorPB.submitReadRequestToOM(OzoneManagerProtocolServerSideTranslatorPB.java:223) ~[ozone-manager-1.4.0-SNAPSHOT.jar:?]
	at org.apache.hadoop.ozone.protocolPB.OzoneManagerProtocolServerSideTranslatorPB.processRequest(OzoneManagerProtocolServerSideTranslatorPB.java:177) ~[ozone-manager-1.4.0-SNAPSHOT.jar:?]
	at org.apache.hadoop.hdds.server.OzoneProtocolMessageDispatcher.processRequest(OzoneProtocolMessageDispatcher.java:87) [hdds-server-framework-1.4.0-SNAPSHOT.jar:?]
	at org.apache.hadoop.ozone.protocolPB.OzoneManagerProtocolServerSideTranslatorPB.submitRequest(OzoneManagerProtocolServerSideTranslatorPB.java:147) [ozone-manager-1.4.0-SNAPSHOT.jar:?]
	at org.apache.hadoop.ozone.protocol.proto.OzoneManagerProtocolProtos$OzoneManagerService$2.callBlockingMethod(OzoneManagerProtocolProtos.java) [ozone-interface-client-1.4.0-SNAPSHOT.jar:?]
	at org.apache.hadoop.ipc.ProtobufRpcEngine$Server.processCall(ProtobufRpcEngine.java:465) [hadoop-common-3.3.4.jar:?]
	at org.apache.hadoop.ipc.ProtobufRpcEngine2$Server$ProtoBufRpcInvoker.call(ProtobufRpcEngine2.java:578) [hadoop-common-3.3.4.jar:?]
	at org.apache.hadoop.ipc.ProtobufRpcEngine2$Server$ProtoBufRpcInvoker.call(ProtobufRpcEngine2.java:556) [hadoop-common-3.3.4.jar:?]
	at org.apache.hadoop.ipc.RPC$Server.call(RPC.java:1093) [hadoop-common-3.3.4.jar:?]
	at org.apache.hadoop.ipc.Server$RpcCall.run(Server.java:1043) [hadoop-common-3.3.4.jar:?]
	at org.apache.hadoop.ipc.Server$RpcCall.run(Server.java:971) [hadoop-common-3.3.4.jar:?]
	at java.security.AccessController.doPrivileged(Native Method) ~[?:1.8.0_362]
	at javax.security.auth.Subject.doAs(Subject.java:422) [?:1.8.0_362]
	at org.apache.hadoop.security.UserGroupInformation.doAs(UserGroupInformation.java:1878) [hadoop-common-3.3.4.jar:?]
	at org.apache.hadoop.ipc.Server$Handler.run(Server.java:2976) [hadoop-common-3.3.4.jar:?]
2023-02-21 13:40:20,852 [Time-limited test] INFO  om.TrashPolicyOzone (TrashPolicyOzone.java:moveToTrash(209)) - Moved: '/testKey2' to trash at: /.Trash/runner/Current/testKey2
2023-02-21 13:40:21,137 [17d7dac2-7ff4-442d-8cd9-ba857e0cf65e@group-A79B1AB37523-FollowerState] INFO  impl.FollowerState (FollowerState.java:run(143)) - 17d7dac2-7ff4-442d-8cd9-ba857e0cf65e@group-A79B1AB37523-FollowerState: change to CANDIDATE, lastRpcElapsedTime:5167740990ns, electionTimeout:5163ms
2023-02-21 13:40:21,138 [17d7dac2-7ff4-442d-8cd9-ba857e0cf65e@group-A79B1AB37523-FollowerState] INFO  impl.RoleInfo (RoleInfo.java:shutdownFollowerState(110)) - 17d7dac2-7ff4-442d-8cd9-ba857e0cf65e: shutdown 17d7dac2-7ff4-442d-8cd9-ba857e0cf65e@group-A79B1AB37523-FollowerState
2023-02-21 13:40:21,138 [17d7dac2-7ff4-442d-8cd9-ba857e0cf65e@group-A79B1AB37523-FollowerState] INFO  server.RaftServer$Division (RaftServerImpl.java:setRole(321)) - 17d7dac2-7ff4-442d-8cd9-ba857e0cf65e@group-A79B1AB37523: changes role from  FOLLOWER to CANDIDATE at term 0 for changeToCandidate
2023-02-21 13:40:21,138 [17d7dac2-7ff4-442d-8cd9-ba857e0cf65e@group-A79B1AB37523-FollowerState] INFO  server.RaftServerConfigKeys (ConfUtils.java:logGet(46)) - raft.server.leaderelection.pre-vote = true (default)
2023-02-21 13:40:21,138 [17d7dac2-7ff4-442d-8cd9-ba857e0cf65e@group-A79B1AB37523-FollowerState] INFO  impl.RoleInfo (RoleInfo.java:updateAndGet(139)) - 17d7dac2-7ff4-442d-8cd9-ba857e0cf65e: start 17d7dac2-7ff4-442d-8cd9-ba857e0cf65e@group-A79B1AB37523-LeaderElection30
2023-02-21 13:40:21,141 [17d7dac2-7ff4-442d-8cd9-ba857e0cf65e@group-A79B1AB37523-LeaderElection30] INFO  impl.LeaderElection (LeaderElection.java:askForVotes(312)) - 17d7dac2-7ff4-442d-8cd9-ba857e0cf65e@group-A79B1AB37523-LeaderElection30 PRE_VOTE round 0: submit vote requests at term 0 for -1: peers:[17d7dac2-7ff4-442d-8cd9-ba857e0cf65e|rpc:10.1.0.81:41197|dataStream:10.1.0.81:41479|priority:1|startupRole:FOLLOWER]|listeners:[], old=null
2023-02-21 13:40:21,141 [17d7dac2-7ff4-442d-8cd9-ba857e0cf65e@group-A79B1AB37523-LeaderElection30] INFO  impl.LeaderElection (LeaderElection.java:askForVotes(314)) - 17d7dac2-7ff4-442d-8cd9-ba857e0cf65e@group-A79B1AB37523-LeaderElection30 PRE_VOTE round 0: result PASSED (term=0)
2023-02-21 13:40:21,143 [17d7dac2-7ff4-442d-8cd9-ba857e0cf65e@group-A79B1AB37523-LeaderElection30] INFO  impl.LeaderElection (LeaderElection.java:askForVotes(312)) - 17d7dac2-7ff4-442d-8cd9-ba857e0cf65e@group-A79B1AB37523-LeaderElection30 ELECTION round 0: submit vote requests at term 1 for -1: peers:[17d7dac2-7ff4-442d-8cd9-ba857e0cf65e|rpc:10.1.0.81:41197|dataStream:10.1.0.81:41479|priority:1|startupRole:FOLLOWER]|listeners:[], old=null
2023-02-21 13:40:21,143 [17d7dac2-7ff4-442d-8cd9-ba857e0cf65e@group-A79B1AB37523-LeaderElection30] INFO  impl.LeaderElection (LeaderElection.java:askForVotes(314)) - 17d7dac2-7ff4-442d-8cd9-ba857e0cf65e@group-A79B1AB37523-LeaderElection30 ELECTION round 0: result PASSED (term=1)
2023-02-21 13:40:21,143 [17d7dac2-7ff4-442d-8cd9-ba857e0cf65e@group-A79B1AB37523-LeaderElection30] INFO  impl.RoleInfo (RoleInfo.java:shutdownLeaderElection(130)) - 17d7dac2-7ff4-442d-8cd9-ba857e0cf65e: shutdown 17d7dac2-7ff4-442d-8cd9-ba857e0cf65e@group-A79B1AB37523-LeaderElection30
2023-02-21 13:40:21,143 [17d7dac2-7ff4-442d-8cd9-ba857e0cf65e@group-A79B1AB37523-LeaderElection30] INFO  server.RaftServer$Division (RaftServerImpl.java:setRole(321)) - 17d7dac2-7ff4-442d-8cd9-ba857e0cf65e@group-A79B1AB37523: changes role from CANDIDATE to LEADER at term 1 for changeToLeader
2023-02-21 13:40:21,143 [17d7dac2-7ff4-442d-8cd9-ba857e0cf65e@group-A79B1AB37523-LeaderElection30] INFO  ratis.XceiverServerRatis (XceiverServerRatis.java:handleLeaderChangedNotification(905)) - Leader change notification received for group: group-A79B1AB37523 with new leaderId: 17d7dac2-7ff4-442d-8cd9-ba857e0cf65e
2023-02-21 13:40:21,143 [17d7dac2-7ff4-442d-8cd9-ba857e0cf65e@group-A79B1AB37523-LeaderElection30] INFO  server.RaftServer$Division (ServerState.java:setLeader(313)) - 17d7dac2-7ff4-442d-8cd9-ba857e0cf65e@group-A79B1AB37523: change Leader from null to 17d7dac2-7ff4-442d-8cd9-ba857e0cf65e at term 1 for becomeLeader, leader elected after 5204ms
2023-02-21 13:40:21,143 [17d7dac2-7ff4-442d-8cd9-ba857e0cf65e@group-A79B1AB37523-LeaderElection30] INFO  server.RaftServerConfigKeys (ConfUtils.java:logGet(46)) - raft.server.staging.catchup.gap = 1000 (default)
2023-02-21 13:40:21,144 [17d7dac2-7ff4-442d-8cd9-ba857e0cf65e@group-A79B1AB37523-LeaderElection30] INFO  server.RaftServerConfigKeys (ConfUtils.java:logGet(46)) - raft.server.write.element-limit = 1024 (custom)
2023-02-21 13:40:21,144 [17d7dac2-7ff4-442d-8cd9-ba857e0cf65e@group-A79B1AB37523-LeaderElection30] INFO  server.RaftServerConfigKeys (ConfUtils.java:logGet(46)) - raft.server.write.byte-limit = 1024 M (=1073741824) (custom)
2023-02-21 13:40:21,145 [17d7dac2-7ff4-442d-8cd9-ba857e0cf65e@group-A79B1AB37523-LeaderElection30] INFO  server.RaftServerConfigKeys (ConfUtils.java:logGet(46)) - raft.server.watch.timeout = 180s (custom)
2023-02-21 13:40:21,145 [17d7dac2-7ff4-442d-8cd9-ba857e0cf65e@group-A79B1AB37523-LeaderElection30] INFO  server.RaftServerConfigKeys (ConfUtils.java:logGet(46)) - raft.server.watch.timeout.denomination = 1s (default)
2023-02-21 13:40:21,145 [17d7dac2-7ff4-442d-8cd9-ba857e0cf65e@group-A79B1AB37523-LeaderElection30] INFO  server.RaftServerConfigKeys (ConfUtils.java:logGet(46)) - raft.server.watch.element-limit = 65536 (default)
2023-02-21 13:40:21,145 [17d7dac2-7ff4-442d-8cd9-ba857e0cf65e@group-A79B1AB37523-LeaderElection30] INFO  server.RaftServerConfigKeys (ConfUtils.java:logGet(46)) - raft.server.write.element-limit = 1024 (custom)
2023-02-21 13:40:21,145 [17d7dac2-7ff4-442d-8cd9-ba857e0cf65e@group-A79B1AB37523-LeaderElection30] INFO  server.RaftServerConfigKeys (ConfUtils.java:logGet(46)) - raft.server.write.follower.gap.ratio.max = -1.0 (default)
2023-02-21 13:40:21,145 [17d7dac2-7ff4-442d-8cd9-ba857e0cf65e@group-A79B1AB37523-LeaderElection30] INFO  impl.RoleInfo (RoleInfo.java:updateAndGet(139)) - 17d7dac2-7ff4-442d-8cd9-ba857e0cf65e: start 17d7dac2-7ff4-442d-8cd9-ba857e0cf65e@group-A79B1AB37523-LeaderStateImpl
2023-02-21 13:40:21,145 [17d7dac2-7ff4-442d-8cd9-ba857e0cf65e@group-A79B1AB37523-LeaderElection30] INFO  segmented.SegmentedRaftLogWorker (SegmentedRaftLogWorker.java:startLogSegment(452)) - 17d7dac2-7ff4-442d-8cd9-ba857e0cf65e@group-A79B1AB37523-SegmentedRaftLogWorker: Starting segment from index:0
2023-02-21 13:40:21,147 [17d7dac2-7ff4-442d-8cd9-ba857e0cf65e@group-A79B1AB37523-LeaderElection30] INFO  server.RaftServer$Division (ServerState.java:setRaftConf(430)) - 17d7dac2-7ff4-442d-8cd9-ba857e0cf65e@group-A79B1AB37523: set configuration 0: peers:[17d7dac2-7ff4-442d-8cd9-ba857e0cf65e|rpc:10.1.0.81:41197|dataStream:10.1.0.81:41479|priority:1|startupRole:FOLLOWER]|listeners:[], old=null
2023-02-21 13:40:21,148 [17d7dac2-7ff4-442d-8cd9-ba857e0cf65e@group-A79B1AB37523-SegmentedRaftLogWorker] INFO  segmented.SegmentedRaftLogWorker (SegmentedRaftLogWorker.java:execute(656)) - 17d7dac2-7ff4-442d-8cd9-ba857e0cf65e@group-A79B1AB37523-SegmentedRaftLogWorker: created new log segment /home/runner/work/ozone/ozone/hadoop-ozone/integration-test/target/test-dir/MiniOzoneClusterImpl-c6aa46b2-3083-4aae-be29-8199bb906922/datanode-4/data/ratis/90df19f2-6e6a-4835-90c9-a79b1ab37523/current/log_inprogress_0
13:40:21.853 [IPC Server handler 14 on default port 34503] ERROR OMAudit - user=runner | ip=127.0.0.1 | op=GET_FILE_STATUS {volume=volume47855, bucket=bucket64015, key=.Trash/runner/Current/testKey2, dataSize=0, replicationConfig=null} | ret=FAILURE
org.apache.hadoop.ozone.om.exceptions.OMException: Unable to get file status: volume: volume47855 bucket: bucket64015 key: .Trash/runner/Current/testKey2
	at org.apache.hadoop.ozone.om.KeyManagerImpl.getOzoneFileStatus(KeyManagerImpl.java:1162) ~[ozone-manager-1.4.0-SNAPSHOT.jar:?]
	at org.apache.hadoop.ozone.om.KeyManagerImpl.getFileStatus(KeyManagerImpl.java:1080) ~[ozone-manager-1.4.0-SNAPSHOT.jar:?]
	at org.apache.hadoop.ozone.om.OmMetadataReader.getFileStatus(OmMetadataReader.java:288) ~[ozone-manager-1.4.0-SNAPSHOT.jar:?]
	at org.apache.hadoop.ozone.om.OzoneManager.getFileStatus(OzoneManager.java:3450) ~[ozone-manager-1.4.0-SNAPSHOT.jar:?]
	at org.apache.hadoop.ozone.protocolPB.OzoneManagerRequestHandler.getOzoneFileStatus(OzoneManagerRequestHandler.java:933) ~[ozone-manager-1.4.0-SNAPSHOT.jar:?]
	at org.apache.hadoop.ozone.protocolPB.OzoneManagerRequestHandler.handleReadRequest(OzoneManagerRequestHandler.java:238) ~[ozone-manager-1.4.0-SNAPSHOT.jar:?]
	at org.apache.hadoop.ozone.protocolPB.OzoneManagerProtocolServerSideTranslatorPB.submitReadRequestToOM(OzoneManagerProtocolServerSideTranslatorPB.java:223) ~[ozone-manager-1.4.0-SNAPSHOT.jar:?]
	at org.apache.hadoop.ozone.protocolPB.OzoneManagerProtocolServerSideTranslatorPB.processRequest(OzoneManagerProtocolServerSideTranslatorPB.java:177) ~[ozone-manager-1.4.0-SNAPSHOT.jar:?]
	at org.apache.hadoop.hdds.server.OzoneProtocolMessageDispatcher.processRequest(OzoneProtocolMessageDispatcher.java:87) [hdds-server-framework-1.4.0-SNAPSHOT.jar:?]
	at org.apache.hadoop.ozone.protocolPB.OzoneManagerProtocolServerSideTranslatorPB.submitRequest(OzoneManagerProtocolServerSideTranslatorPB.java:147) [ozone-manager-1.4.0-SNAPSHOT.jar:?]
	at org.apache.hadoop.ozone.protocol.proto.OzoneManagerProtocolProtos$OzoneManagerService$2.callBlockingMethod(OzoneManagerProtocolProtos.java) [ozone-interface-client-1.4.0-SNAPSHOT.jar:?]
	at org.apache.hadoop.ipc.ProtobufRpcEngine$Server.processCall(ProtobufRpcEngine.java:465) [hadoop-common-3.3.4.jar:?]
	at org.apache.hadoop.ipc.ProtobufRpcEngine2$Server$ProtoBufRpcInvoker.call(ProtobufRpcEngine2.java:578) [hadoop-common-3.3.4.jar:?]
	at org.apache.hadoop.ipc.ProtobufRpcEngine2$Server$ProtoBufRpcInvoker.call(ProtobufRpcEngine2.java:556) [hadoop-common-3.3.4.jar:?]
	at org.apache.hadoop.ipc.RPC$Server.call(RPC.java:1093) [hadoop-common-3.3.4.jar:?]
	at org.apache.hadoop.ipc.Server$RpcCall.run(Server.java:1043) [hadoop-common-3.3.4.jar:?]
	at org.apache.hadoop.ipc.Server$RpcCall.run(Server.java:971) [hadoop-common-3.3.4.jar:?]
	at java.security.AccessController.doPrivileged(Native Method) ~[?:1.8.0_362]
	at javax.security.auth.Subject.doAs(Subject.java:422) [?:1.8.0_362]
	at org.apache.hadoop.security.UserGroupInformation.doAs(UserGroupInformation.java:1878) [hadoop-common-3.3.4.jar:?]
	at org.apache.hadoop.ipc.Server$Handler.run(Server.java:2976) [hadoop-common-3.3.4.jar:?]
]]></system-out>
  </testcase>
  <testcase name="testTrash" classname="TestOzoneFileSystem" time="4.021">
    <system-out><![CDATA[2023-02-21 13:41:29,931 [IPC Server handler 7 on default port 40765] INFO  key.OMKeyRequest (OMKeyRequest.java:wrapUncommittedBlocksAsPseudoKey(837)) - Detect allocated but uncommitted blocks [{blockID={containerID=4, localID=111677748019200006}, length=4194304, offset=0, token=null, pipeline=null, createVersion=0, partNumber=0}] in key testKey2.
13:41:29.933 [IPC Server handler 8 on default port 40765] ERROR OMAudit - user=runner | ip=127.0.0.1 | op=GET_FILE_STATUS {volume=volume82902, bucket=bucket15199, key=.Trash/runner/Current/testKey2, dataSize=0, replicationConfig=null} | ret=FAILURE
org.apache.hadoop.ozone.om.exceptions.OMException: Unable to get file status: volume: volume82902 bucket: bucket15199 key: .Trash/runner/Current/testKey2
	at org.apache.hadoop.ozone.om.KeyManagerImpl.getOzoneFileStatus(KeyManagerImpl.java:1162) ~[ozone-manager-1.4.0-SNAPSHOT.jar:?]
	at org.apache.hadoop.ozone.om.KeyManagerImpl.getFileStatus(KeyManagerImpl.java:1080) ~[ozone-manager-1.4.0-SNAPSHOT.jar:?]
	at org.apache.hadoop.ozone.om.OmMetadataReader.getFileStatus(OmMetadataReader.java:288) ~[ozone-manager-1.4.0-SNAPSHOT.jar:?]
	at org.apache.hadoop.ozone.om.OzoneManager.getFileStatus(OzoneManager.java:3450) ~[ozone-manager-1.4.0-SNAPSHOT.jar:?]
	at org.apache.hadoop.ozone.protocolPB.OzoneManagerRequestHandler.getOzoneFileStatus(OzoneManagerRequestHandler.java:933) ~[ozone-manager-1.4.0-SNAPSHOT.jar:?]
	at org.apache.hadoop.ozone.protocolPB.OzoneManagerRequestHandler.handleReadRequest(OzoneManagerRequestHandler.java:238) ~[ozone-manager-1.4.0-SNAPSHOT.jar:?]
	at org.apache.hadoop.ozone.protocolPB.OzoneManagerProtocolServerSideTranslatorPB.submitRequestDirectlyToOM(OzoneManagerProtocolServerSideTranslatorPB.java:271) ~[ozone-manager-1.4.0-SNAPSHOT.jar:?]
	at org.apache.hadoop.ozone.protocolPB.OzoneManagerProtocolServerSideTranslatorPB.processRequest(OzoneManagerProtocolServerSideTranslatorPB.java:173) ~[ozone-manager-1.4.0-SNAPSHOT.jar:?]
	at org.apache.hadoop.hdds.server.OzoneProtocolMessageDispatcher.processRequest(OzoneProtocolMessageDispatcher.java:87) [hdds-server-framework-1.4.0-SNAPSHOT.jar:?]
	at org.apache.hadoop.ozone.protocolPB.OzoneManagerProtocolServerSideTranslatorPB.submitRequest(OzoneManagerProtocolServerSideTranslatorPB.java:147) [ozone-manager-1.4.0-SNAPSHOT.jar:?]
	at org.apache.hadoop.ozone.protocol.proto.OzoneManagerProtocolProtos$OzoneManagerService$2.callBlockingMethod(OzoneManagerProtocolProtos.java) [ozone-interface-client-1.4.0-SNAPSHOT.jar:?]
	at org.apache.hadoop.ipc.ProtobufRpcEngine$Server.processCall(ProtobufRpcEngine.java:465) [hadoop-common-3.3.4.jar:?]
	at org.apache.hadoop.ipc.ProtobufRpcEngine2$Server$ProtoBufRpcInvoker.call(ProtobufRpcEngine2.java:578) [hadoop-common-3.3.4.jar:?]
	at org.apache.hadoop.ipc.ProtobufRpcEngine2$Server$ProtoBufRpcInvoker.call(ProtobufRpcEngine2.java:556) [hadoop-common-3.3.4.jar:?]
	at org.apache.hadoop.ipc.RPC$Server.call(RPC.java:1093) [hadoop-common-3.3.4.jar:?]
	at org.apache.hadoop.ipc.Server$RpcCall.run(Server.java:1043) [hadoop-common-3.3.4.jar:?]
	at org.apache.hadoop.ipc.Server$RpcCall.run(Server.java:971) [hadoop-common-3.3.4.jar:?]
	at java.security.AccessController.doPrivileged(Native Method) ~[?:1.8.0_362]
	at javax.security.auth.Subject.doAs(Subject.java:422) [?:1.8.0_362]
	at org.apache.hadoop.security.UserGroupInformation.doAs(UserGroupInformation.java:1878) [hadoop-common-3.3.4.jar:?]
	at org.apache.hadoop.ipc.Server$Handler.run(Server.java:2976) [hadoop-common-3.3.4.jar:?]
13:41:29.935 [IPC Server handler 4 on default port 40765] ERROR OMAudit - user=runner | ip=127.0.0.1 | op=GET_FILE_STATUS {volume=volume82902, bucket=bucket15199, key=.Trash/runner/Current/testKey2, dataSize=0, replicationConfig=null} | ret=FAILURE
org.apache.hadoop.ozone.om.exceptions.OMException: Unable to get file status: volume: volume82902 bucket: bucket15199 key: .Trash/runner/Current/testKey2
	at org.apache.hadoop.ozone.om.KeyManagerImpl.getOzoneFileStatus(KeyManagerImpl.java:1162) ~[ozone-manager-1.4.0-SNAPSHOT.jar:?]
	at org.apache.hadoop.ozone.om.KeyManagerImpl.getFileStatus(KeyManagerImpl.java:1080) ~[ozone-manager-1.4.0-SNAPSHOT.jar:?]
	at org.apache.hadoop.ozone.om.OmMetadataReader.getFileStatus(OmMetadataReader.java:288) ~[ozone-manager-1.4.0-SNAPSHOT.jar:?]
	at org.apache.hadoop.ozone.om.OzoneManager.getFileStatus(OzoneManager.java:3450) ~[ozone-manager-1.4.0-SNAPSHOT.jar:?]
	at org.apache.hadoop.ozone.protocolPB.OzoneManagerRequestHandler.getOzoneFileStatus(OzoneManagerRequestHandler.java:933) ~[ozone-manager-1.4.0-SNAPSHOT.jar:?]
	at org.apache.hadoop.ozone.protocolPB.OzoneManagerRequestHandler.handleReadRequest(OzoneManagerRequestHandler.java:238) ~[ozone-manager-1.4.0-SNAPSHOT.jar:?]
	at org.apache.hadoop.ozone.protocolPB.OzoneManagerProtocolServerSideTranslatorPB.submitRequestDirectlyToOM(OzoneManagerProtocolServerSideTranslatorPB.java:271) ~[ozone-manager-1.4.0-SNAPSHOT.jar:?]
	at org.apache.hadoop.ozone.protocolPB.OzoneManagerProtocolServerSideTranslatorPB.processRequest(OzoneManagerProtocolServerSideTranslatorPB.java:173) ~[ozone-manager-1.4.0-SNAPSHOT.jar:?]
	at org.apache.hadoop.hdds.server.OzoneProtocolMessageDispatcher.processRequest(OzoneProtocolMessageDispatcher.java:87) [hdds-server-framework-1.4.0-SNAPSHOT.jar:?]
	at org.apache.hadoop.ozone.protocolPB.OzoneManagerProtocolServerSideTranslatorPB.submitRequest(OzoneManagerProtocolServerSideTranslatorPB.java:147) [ozone-manager-1.4.0-SNAPSHOT.jar:?]
	at org.apache.hadoop.ozone.protocol.proto.OzoneManagerProtocolProtos$OzoneManagerService$2.callBlockingMethod(OzoneManagerProtocolProtos.java) [ozone-interface-client-1.4.0-SNAPSHOT.jar:?]
	at org.apache.hadoop.ipc.ProtobufRpcEngine$Server.processCall(ProtobufRpcEngine.java:465) [hadoop-common-3.3.4.jar:?]
	at org.apache.hadoop.ipc.ProtobufRpcEngine2$Server$ProtoBufRpcInvoker.call(ProtobufRpcEngine2.java:578) [hadoop-common-3.3.4.jar:?]
	at org.apache.hadoop.ipc.ProtobufRpcEngine2$Server$ProtoBufRpcInvoker.call(ProtobufRpcEngine2.java:556) [hadoop-common-3.3.4.jar:?]
	at org.apache.hadoop.ipc.RPC$Server.call(RPC.java:1093) [hadoop-common-3.3.4.jar:?]
	at org.apache.hadoop.ipc.Server$RpcCall.run(Server.java:1043) [hadoop-common-3.3.4.jar:?]
	at org.apache.hadoop.ipc.Server$RpcCall.run(Server.java:971) [hadoop-common-3.3.4.jar:?]
	at java.security.AccessController.doPrivileged(Native Method) ~[?:1.8.0_362]
	at javax.security.auth.Subject.doAs(Subject.java:422) [?:1.8.0_362]
	at org.apache.hadoop.security.UserGroupInformation.doAs(UserGroupInformation.java:1878) [hadoop-common-3.3.4.jar:?]
	at org.apache.hadoop.ipc.Server$Handler.run(Server.java:2976) [hadoop-common-3.3.4.jar:?]
2023-02-21 13:41:29,937 [Time-limited test] INFO  om.TrashPolicyOzone (TrashPolicyOzone.java:moveToTrash(209)) - Moved: '/testKey2' to trash at: /.Trash/runner/Current/testKey2
2023-02-21 13:41:30,078 [e005f503-ad61-467d-ad83-422b074b570a@group-9BB74ECD77F9-FollowerState] INFO  impl.FollowerState (FollowerState.java:run(143)) - e005f503-ad61-467d-ad83-422b074b570a@group-9BB74ECD77F9-FollowerState: change to CANDIDATE, lastRpcElapsedTime:5161429484ns, electionTimeout:5160ms
2023-02-21 13:41:30,079 [e005f503-ad61-467d-ad83-422b074b570a@group-9BB74ECD77F9-FollowerState] INFO  impl.RoleInfo (RoleInfo.java:shutdownFollowerState(110)) - e005f503-ad61-467d-ad83-422b074b570a: shutdown e005f503-ad61-467d-ad83-422b074b570a@group-9BB74ECD77F9-FollowerState
2023-02-21 13:41:30,079 [e005f503-ad61-467d-ad83-422b074b570a@group-9BB74ECD77F9-FollowerState] INFO  server.RaftServer$Division (RaftServerImpl.java:setRole(321)) - e005f503-ad61-467d-ad83-422b074b570a@group-9BB74ECD77F9: changes role from  FOLLOWER to CANDIDATE at term 0 for changeToCandidate
2023-02-21 13:41:30,079 [e005f503-ad61-467d-ad83-422b074b570a@group-9BB74ECD77F9-FollowerState] INFO  server.RaftServerConfigKeys (ConfUtils.java:logGet(46)) - raft.server.leaderelection.pre-vote = true (default)
2023-02-21 13:41:30,079 [e005f503-ad61-467d-ad83-422b074b570a@group-9BB74ECD77F9-FollowerState] INFO  impl.RoleInfo (RoleInfo.java:updateAndGet(139)) - e005f503-ad61-467d-ad83-422b074b570a: start e005f503-ad61-467d-ad83-422b074b570a@group-9BB74ECD77F9-LeaderElection38
2023-02-21 13:41:30,082 [e005f503-ad61-467d-ad83-422b074b570a@group-9BB74ECD77F9-LeaderElection38] INFO  impl.LeaderElection (LeaderElection.java:askForVotes(312)) - e005f503-ad61-467d-ad83-422b074b570a@group-9BB74ECD77F9-LeaderElection38 PRE_VOTE round 0: submit vote requests at term 0 for -1: peers:[e005f503-ad61-467d-ad83-422b074b570a|rpc:10.1.0.81:38225|dataStream:10.1.0.81:43405|priority:1|startupRole:FOLLOWER]|listeners:[], old=null
2023-02-21 13:41:30,082 [e005f503-ad61-467d-ad83-422b074b570a@group-9BB74ECD77F9-LeaderElection38] INFO  impl.LeaderElection (LeaderElection.java:askForVotes(314)) - e005f503-ad61-467d-ad83-422b074b570a@group-9BB74ECD77F9-LeaderElection38 PRE_VOTE round 0: result PASSED (term=0)
2023-02-21 13:41:30,084 [e005f503-ad61-467d-ad83-422b074b570a@group-9BB74ECD77F9-LeaderElection38] INFO  impl.LeaderElection (LeaderElection.java:askForVotes(312)) - e005f503-ad61-467d-ad83-422b074b570a@group-9BB74ECD77F9-LeaderElection38 ELECTION round 0: submit vote requests at term 1 for -1: peers:[e005f503-ad61-467d-ad83-422b074b570a|rpc:10.1.0.81:38225|dataStream:10.1.0.81:43405|priority:1|startupRole:FOLLOWER]|listeners:[], old=null
2023-02-21 13:41:30,084 [e005f503-ad61-467d-ad83-422b074b570a@group-9BB74ECD77F9-LeaderElection38] INFO  impl.LeaderElection (LeaderElection.java:askForVotes(314)) - e005f503-ad61-467d-ad83-422b074b570a@group-9BB74ECD77F9-LeaderElection38 ELECTION round 0: result PASSED (term=1)
2023-02-21 13:41:30,084 [e005f503-ad61-467d-ad83-422b074b570a@group-9BB74ECD77F9-LeaderElection38] INFO  impl.RoleInfo (RoleInfo.java:shutdownLeaderElection(130)) - e005f503-ad61-467d-ad83-422b074b570a: shutdown e005f503-ad61-467d-ad83-422b074b570a@group-9BB74ECD77F9-LeaderElection38
2023-02-21 13:41:30,084 [e005f503-ad61-467d-ad83-422b074b570a@group-9BB74ECD77F9-LeaderElection38] INFO  server.RaftServer$Division (RaftServerImpl.java:setRole(321)) - e005f503-ad61-467d-ad83-422b074b570a@group-9BB74ECD77F9: changes role from CANDIDATE to LEADER at term 1 for changeToLeader
2023-02-21 13:41:30,084 [e005f503-ad61-467d-ad83-422b074b570a@group-9BB74ECD77F9-LeaderElection38] INFO  ratis.XceiverServerRatis (XceiverServerRatis.java:handleLeaderChangedNotification(905)) - Leader change notification received for group: group-9BB74ECD77F9 with new leaderId: e005f503-ad61-467d-ad83-422b074b570a
2023-02-21 13:41:30,084 [e005f503-ad61-467d-ad83-422b074b570a@group-9BB74ECD77F9-LeaderElection38] INFO  server.RaftServer$Division (ServerState.java:setLeader(313)) - e005f503-ad61-467d-ad83-422b074b570a@group-9BB74ECD77F9: change Leader from null to e005f503-ad61-467d-ad83-422b074b570a at term 1 for becomeLeader, leader elected after 5179ms
2023-02-21 13:41:30,084 [e005f503-ad61-467d-ad83-422b074b570a@group-9BB74ECD77F9-LeaderElection38] INFO  server.RaftServerConfigKeys (ConfUtils.java:logGet(46)) - raft.server.staging.catchup.gap = 1000 (default)
2023-02-21 13:41:30,084 [e005f503-ad61-467d-ad83-422b074b570a@group-9BB74ECD77F9-LeaderElection38] INFO  server.RaftServerConfigKeys (ConfUtils.java:logGet(46)) - raft.server.write.element-limit = 1024 (custom)
2023-02-21 13:41:30,084 [e005f503-ad61-467d-ad83-422b074b570a@group-9BB74ECD77F9-LeaderElection38] INFO  server.RaftServerConfigKeys (ConfUtils.java:logGet(46)) - raft.server.write.byte-limit = 1024 M (=1073741824) (custom)
2023-02-21 13:41:30,085 [e005f503-ad61-467d-ad83-422b074b570a@group-9BB74ECD77F9-LeaderElection38] INFO  server.RaftServerConfigKeys (ConfUtils.java:logGet(46)) - raft.server.watch.timeout = 180s (custom)
2023-02-21 13:41:30,085 [e005f503-ad61-467d-ad83-422b074b570a@group-9BB74ECD77F9-LeaderElection38] INFO  server.RaftServerConfigKeys (ConfUtils.java:logGet(46)) - raft.server.watch.timeout.denomination = 1s (default)
2023-02-21 13:41:30,085 [e005f503-ad61-467d-ad83-422b074b570a@group-9BB74ECD77F9-LeaderElection38] INFO  server.RaftServerConfigKeys (ConfUtils.java:logGet(46)) - raft.server.watch.element-limit = 65536 (default)
2023-02-21 13:41:30,085 [e005f503-ad61-467d-ad83-422b074b570a@group-9BB74ECD77F9-LeaderElection38] INFO  server.RaftServerConfigKeys (ConfUtils.java:logGet(46)) - raft.server.write.element-limit = 1024 (custom)
2023-02-21 13:41:30,085 [e005f503-ad61-467d-ad83-422b074b570a@group-9BB74ECD77F9-LeaderElection38] INFO  server.RaftServerConfigKeys (ConfUtils.java:logGet(46)) - raft.server.write.follower.gap.ratio.max = -1.0 (default)
2023-02-21 13:41:30,085 [e005f503-ad61-467d-ad83-422b074b570a@group-9BB74ECD77F9-LeaderElection38] INFO  impl.RoleInfo (RoleInfo.java:updateAndGet(139)) - e005f503-ad61-467d-ad83-422b074b570a: start e005f503-ad61-467d-ad83-422b074b570a@group-9BB74ECD77F9-LeaderStateImpl
2023-02-21 13:41:30,155 [e005f503-ad61-467d-ad83-422b074b570a@group-9BB74ECD77F9-LeaderElection38] INFO  segmented.SegmentedRaftLogWorker (SegmentedRaftLogWorker.java:startLogSegment(452)) - e005f503-ad61-467d-ad83-422b074b570a@group-9BB74ECD77F9-SegmentedRaftLogWorker: Starting segment from index:0
2023-02-21 13:41:30,157 [e005f503-ad61-467d-ad83-422b074b570a@group-9BB74ECD77F9-LeaderElection38] INFO  server.RaftServer$Division (ServerState.java:setRaftConf(430)) - e005f503-ad61-467d-ad83-422b074b570a@group-9BB74ECD77F9: set configuration 0: peers:[e005f503-ad61-467d-ad83-422b074b570a|rpc:10.1.0.81:38225|dataStream:10.1.0.81:43405|priority:1|startupRole:FOLLOWER]|listeners:[], old=null
2023-02-21 13:41:30,158 [e005f503-ad61-467d-ad83-422b074b570a@group-9BB74ECD77F9-SegmentedRaftLogWorker] INFO  segmented.SegmentedRaftLogWorker (SegmentedRaftLogWorker.java:execute(656)) - e005f503-ad61-467d-ad83-422b074b570a@group-9BB74ECD77F9-SegmentedRaftLogWorker: created new log segment /home/runner/work/ozone/ozone/hadoop-ozone/integration-test/target/test-dir/MiniOzoneClusterImpl-5c741f75-a5c3-4524-84b8-0544f40d398a/datanode-3/data/ratis/f5d92125-e948-4c13-910c-9bb74ecd77f9/current/log_inprogress_0
2023-02-21 13:41:30,354 [01e18597-a4ca-46a9-ac7d-09d343b6c1b0@group-8D4742C1672B-FollowerState] INFO  impl.FollowerState (FollowerState.java:run(143)) - 01e18597-a4ca-46a9-ac7d-09d343b6c1b0@group-8D4742C1672B-FollowerState: change to CANDIDATE, lastRpcElapsedTime:5075206923ns, electionTimeout:5073ms
2023-02-21 13:41:30,355 [01e18597-a4ca-46a9-ac7d-09d343b6c1b0@group-8D4742C1672B-FollowerState] INFO  impl.RoleInfo (RoleInfo.java:shutdownFollowerState(110)) - 01e18597-a4ca-46a9-ac7d-09d343b6c1b0: shutdown 01e18597-a4ca-46a9-ac7d-09d343b6c1b0@group-8D4742C1672B-FollowerState
2023-02-21 13:41:30,355 [01e18597-a4ca-46a9-ac7d-09d343b6c1b0@group-8D4742C1672B-FollowerState] INFO  server.RaftServer$Division (RaftServerImpl.java:setRole(321)) - 01e18597-a4ca-46a9-ac7d-09d343b6c1b0@group-8D4742C1672B: changes role from  FOLLOWER to CANDIDATE at term 0 for changeToCandidate
2023-02-21 13:41:30,355 [01e18597-a4ca-46a9-ac7d-09d343b6c1b0@group-8D4742C1672B-FollowerState] INFO  server.RaftServerConfigKeys (ConfUtils.java:logGet(46)) - raft.server.leaderelection.pre-vote = true (default)
2023-02-21 13:41:30,355 [01e18597-a4ca-46a9-ac7d-09d343b6c1b0@group-8D4742C1672B-FollowerState] INFO  impl.RoleInfo (RoleInfo.java:updateAndGet(139)) - 01e18597-a4ca-46a9-ac7d-09d343b6c1b0: start 01e18597-a4ca-46a9-ac7d-09d343b6c1b0@group-8D4742C1672B-LeaderElection39
2023-02-21 13:41:30,357 [01e18597-a4ca-46a9-ac7d-09d343b6c1b0@group-8D4742C1672B-LeaderElection39] INFO  impl.LeaderElection (LeaderElection.java:askForVotes(312)) - 01e18597-a4ca-46a9-ac7d-09d343b6c1b0@group-8D4742C1672B-LeaderElection39 PRE_VOTE round 0: submit vote requests at term 0 for -1: peers:[01e18597-a4ca-46a9-ac7d-09d343b6c1b0|rpc:10.1.0.81:38655|dataStream:10.1.0.81:41863|priority:1|startupRole:FOLLOWER]|listeners:[], old=null
2023-02-21 13:41:30,357 [01e18597-a4ca-46a9-ac7d-09d343b6c1b0@group-8D4742C1672B-LeaderElection39] INFO  impl.LeaderElection (LeaderElection.java:askForVotes(314)) - 01e18597-a4ca-46a9-ac7d-09d343b6c1b0@group-8D4742C1672B-LeaderElection39 PRE_VOTE round 0: result PASSED (term=0)
2023-02-21 13:41:30,359 [01e18597-a4ca-46a9-ac7d-09d343b6c1b0@group-8D4742C1672B-LeaderElection39] INFO  impl.LeaderElection (LeaderElection.java:askForVotes(312)) - 01e18597-a4ca-46a9-ac7d-09d343b6c1b0@group-8D4742C1672B-LeaderElection39 ELECTION round 0: submit vote requests at term 1 for -1: peers:[01e18597-a4ca-46a9-ac7d-09d343b6c1b0|rpc:10.1.0.81:38655|dataStream:10.1.0.81:41863|priority:1|startupRole:FOLLOWER]|listeners:[], old=null
2023-02-21 13:41:30,359 [01e18597-a4ca-46a9-ac7d-09d343b6c1b0@group-8D4742C1672B-LeaderElection39] INFO  impl.LeaderElection (LeaderElection.java:askForVotes(314)) - 01e18597-a4ca-46a9-ac7d-09d343b6c1b0@group-8D4742C1672B-LeaderElection39 ELECTION round 0: result PASSED (term=1)
2023-02-21 13:41:30,359 [01e18597-a4ca-46a9-ac7d-09d343b6c1b0@group-8D4742C1672B-LeaderElection39] INFO  impl.RoleInfo (RoleInfo.java:shutdownLeaderElection(130)) - 01e18597-a4ca-46a9-ac7d-09d343b6c1b0: shutdown 01e18597-a4ca-46a9-ac7d-09d343b6c1b0@group-8D4742C1672B-LeaderElection39
2023-02-21 13:41:30,359 [01e18597-a4ca-46a9-ac7d-09d343b6c1b0@group-8D4742C1672B-LeaderElection39] INFO  server.RaftServer$Division (RaftServerImpl.java:setRole(321)) - 01e18597-a4ca-46a9-ac7d-09d343b6c1b0@group-8D4742C1672B: changes role from CANDIDATE to LEADER at term 1 for changeToLeader
2023-02-21 13:41:30,359 [01e18597-a4ca-46a9-ac7d-09d343b6c1b0@group-8D4742C1672B-LeaderElection39] INFO  ratis.XceiverServerRatis (XceiverServerRatis.java:handleLeaderChangedNotification(905)) - Leader change notification received for group: group-8D4742C1672B with new leaderId: 01e18597-a4ca-46a9-ac7d-09d343b6c1b0
2023-02-21 13:41:30,359 [01e18597-a4ca-46a9-ac7d-09d343b6c1b0@group-8D4742C1672B-LeaderElection39] INFO  server.RaftServer$Division (ServerState.java:setLeader(313)) - 01e18597-a4ca-46a9-ac7d-09d343b6c1b0@group-8D4742C1672B: change Leader from null to 01e18597-a4ca-46a9-ac7d-09d343b6c1b0 at term 1 for becomeLeader, leader elected after 5096ms
2023-02-21 13:41:30,360 [01e18597-a4ca-46a9-ac7d-09d343b6c1b0@group-8D4742C1672B-LeaderElection39] INFO  server.RaftServerConfigKeys (ConfUtils.java:logGet(46)) - raft.server.staging.catchup.gap = 1000 (default)
2023-02-21 13:41:30,360 [01e18597-a4ca-46a9-ac7d-09d343b6c1b0@group-8D4742C1672B-LeaderElection39] INFO  server.RaftServerConfigKeys (ConfUtils.java:logGet(46)) - raft.server.write.element-limit = 1024 (custom)
2023-02-21 13:41:30,360 [01e18597-a4ca-46a9-ac7d-09d343b6c1b0@group-8D4742C1672B-LeaderElection39] INFO  server.RaftServerConfigKeys (ConfUtils.java:logGet(46)) - raft.server.write.byte-limit = 1024 M (=1073741824) (custom)
2023-02-21 13:41:30,360 [01e18597-a4ca-46a9-ac7d-09d343b6c1b0@group-8D4742C1672B-LeaderElection39] INFO  server.RaftServerConfigKeys (ConfUtils.java:logGet(46)) - raft.server.watch.timeout = 180s (custom)
2023-02-21 13:41:30,360 [01e18597-a4ca-46a9-ac7d-09d343b6c1b0@group-8D4742C1672B-LeaderElection39] INFO  server.RaftServerConfigKeys (ConfUtils.java:logGet(46)) - raft.server.watch.timeout.denomination = 1s (default)
2023-02-21 13:41:30,360 [01e18597-a4ca-46a9-ac7d-09d343b6c1b0@group-8D4742C1672B-LeaderElection39] INFO  server.RaftServerConfigKeys (ConfUtils.java:logGet(46)) - raft.server.watch.element-limit = 65536 (default)
2023-02-21 13:41:30,360 [01e18597-a4ca-46a9-ac7d-09d343b6c1b0@group-8D4742C1672B-LeaderElection39] INFO  server.RaftServerConfigKeys (ConfUtils.java:logGet(46)) - raft.server.write.element-limit = 1024 (custom)
2023-02-21 13:41:30,360 [01e18597-a4ca-46a9-ac7d-09d343b6c1b0@group-8D4742C1672B-LeaderElection39] INFO  server.RaftServerConfigKeys (ConfUtils.java:logGet(46)) - raft.server.write.follower.gap.ratio.max = -1.0 (default)
2023-02-21 13:41:30,360 [01e18597-a4ca-46a9-ac7d-09d343b6c1b0@group-8D4742C1672B-LeaderElection39] INFO  impl.RoleInfo (RoleInfo.java:updateAndGet(139)) - 01e18597-a4ca-46a9-ac7d-09d343b6c1b0: start 01e18597-a4ca-46a9-ac7d-09d343b6c1b0@group-8D4742C1672B-LeaderStateImpl
2023-02-21 13:41:30,361 [01e18597-a4ca-46a9-ac7d-09d343b6c1b0@group-8D4742C1672B-LeaderElection39] INFO  segmented.SegmentedRaftLogWorker (SegmentedRaftLogWorker.java:startLogSegment(452)) - 01e18597-a4ca-46a9-ac7d-09d343b6c1b0@group-8D4742C1672B-SegmentedRaftLogWorker: Starting segment from index:0
2023-02-21 13:41:30,361 [01e18597-a4ca-46a9-ac7d-09d343b6c1b0@group-8D4742C1672B-LeaderElection39] INFO  server.RaftServer$Division (ServerState.java:setRaftConf(430)) - 01e18597-a4ca-46a9-ac7d-09d343b6c1b0@group-8D4742C1672B: set configuration 0: peers:[01e18597-a4ca-46a9-ac7d-09d343b6c1b0|rpc:10.1.0.81:38655|dataStream:10.1.0.81:41863|priority:1|startupRole:FOLLOWER]|listeners:[], old=null
2023-02-21 13:41:30,363 [01e18597-a4ca-46a9-ac7d-09d343b6c1b0@group-8D4742C1672B-SegmentedRaftLogWorker] INFO  segmented.SegmentedRaftLogWorker (SegmentedRaftLogWorker.java:execute(656)) - 01e18597-a4ca-46a9-ac7d-09d343b6c1b0@group-8D4742C1672B-SegmentedRaftLogWorker: created new log segment /home/runner/work/ozone/ozone/hadoop-ozone/integration-test/target/test-dir/MiniOzoneClusterImpl-5c741f75-a5c3-4524-84b8-0544f40d398a/datanode-4/data/ratis/fcb87b21-de06-4bf1-a244-8d4742c1672b/current/log_inprogress_0
13:41:30.939 [IPC Server handler 13 on default port 40765] ERROR OMAudit - user=runner | ip=127.0.0.1 | op=GET_FILE_STATUS {volume=volume82902, bucket=bucket15199, key=.Trash/runner/Current/testKey2, dataSize=0, replicationConfig=null} | ret=FAILURE
org.apache.hadoop.ozone.om.exceptions.OMException: Unable to get file status: volume: volume82902 bucket: bucket15199 key: .Trash/runner/Current/testKey2
	at org.apache.hadoop.ozone.om.KeyManagerImpl.getOzoneFileStatus(KeyManagerImpl.java:1162) ~[ozone-manager-1.4.0-SNAPSHOT.jar:?]
	at org.apache.hadoop.ozone.om.KeyManagerImpl.getFileStatus(KeyManagerImpl.java:1080) ~[ozone-manager-1.4.0-SNAPSHOT.jar:?]
	at org.apache.hadoop.ozone.om.OmMetadataReader.getFileStatus(OmMetadataReader.java:288) ~[ozone-manager-1.4.0-SNAPSHOT.jar:?]
	at org.apache.hadoop.ozone.om.OzoneManager.getFileStatus(OzoneManager.java:3450) ~[ozone-manager-1.4.0-SNAPSHOT.jar:?]
	at org.apache.hadoop.ozone.protocolPB.OzoneManagerRequestHandler.getOzoneFileStatus(OzoneManagerRequestHandler.java:933) ~[ozone-manager-1.4.0-SNAPSHOT.jar:?]
	at org.apache.hadoop.ozone.protocolPB.OzoneManagerRequestHandler.handleReadRequest(OzoneManagerRequestHandler.java:238) ~[ozone-manager-1.4.0-SNAPSHOT.jar:?]
	at org.apache.hadoop.ozone.protocolPB.OzoneManagerProtocolServerSideTranslatorPB.submitRequestDirectlyToOM(OzoneManagerProtocolServerSideTranslatorPB.java:271) ~[ozone-manager-1.4.0-SNAPSHOT.jar:?]
	at org.apache.hadoop.ozone.protocolPB.OzoneManagerProtocolServerSideTranslatorPB.processRequest(OzoneManagerProtocolServerSideTranslatorPB.java:173) ~[ozone-manager-1.4.0-SNAPSHOT.jar:?]
	at org.apache.hadoop.hdds.server.OzoneProtocolMessageDispatcher.processRequest(OzoneProtocolMessageDispatcher.java:87) [hdds-server-framework-1.4.0-SNAPSHOT.jar:?]
	at org.apache.hadoop.ozone.protocolPB.OzoneManagerProtocolServerSideTranslatorPB.submitRequest(OzoneManagerProtocolServerSideTranslatorPB.java:147) [ozone-manager-1.4.0-SNAPSHOT.jar:?]
	at org.apache.hadoop.ozone.protocol.proto.OzoneManagerProtocolProtos$OzoneManagerService$2.callBlockingMethod(OzoneManagerProtocolProtos.java) [ozone-interface-client-1.4.0-SNAPSHOT.jar:?]
	at org.apache.hadoop.ipc.ProtobufRpcEngine$Server.processCall(ProtobufRpcEngine.java:465) [hadoop-common-3.3.4.jar:?]
	at org.apache.hadoop.ipc.ProtobufRpcEngine2$Server$ProtoBufRpcInvoker.call(ProtobufRpcEngine2.java:578) [hadoop-common-3.3.4.jar:?]
	at org.apache.hadoop.ipc.ProtobufRpcEngine2$Server$ProtoBufRpcInvoker.call(ProtobufRpcEngine2.java:556) [hadoop-common-3.3.4.jar:?]
	at org.apache.hadoop.ipc.RPC$Server.call(RPC.java:1093) [hadoop-common-3.3.4.jar:?]
	at org.apache.hadoop.ipc.Server$RpcCall.run(Server.java:1043) [hadoop-common-3.3.4.jar:?]
	at org.apache.hadoop.ipc.Server$RpcCall.run(Server.java:971) [hadoop-common-3.3.4.jar:?]
	at java.security.AccessController.doPrivileged(Native Method) ~[?:1.8.0_362]
	at javax.security.auth.Subject.doAs(Subject.java:422) [?:1.8.0_362]
	at org.apache.hadoop.security.UserGroupInformation.doAs(UserGroupInformation.java:1878) [hadoop-common-3.3.4.jar:?]
	at org.apache.hadoop.ipc.Server$Handler.run(Server.java:2976) [hadoop-common-3.3.4.jar:?]
]]></system-out>
  </testcase>
  <testcase name="testRenameDestinationParentDoesntExist" classname="TestOzoneFileSystem" time="0.049">
    <system-out><![CDATA[13:38:02.342 [IPC Server handler 7 on default port 35721] ERROR OMAudit - user=runner | ip=127.0.0.1 | op=GET_FILE_STATUS {volume=volume06454, bucket=bucket10538, key=root_dir/b/c, dataSize=0, replicationConfig=null} | ret=FAILURE
org.apache.hadoop.ozone.om.exceptions.OMException: Unable to get file status: volume: volume06454 bucket: bucket10538 key: root_dir/b/c
	at org.apache.hadoop.ozone.om.KeyManagerImpl.getOzoneFileStatus(KeyManagerImpl.java:1162) ~[ozone-manager-1.4.0-SNAPSHOT.jar:?]
	at org.apache.hadoop.ozone.om.KeyManagerImpl.getFileStatus(KeyManagerImpl.java:1080) ~[ozone-manager-1.4.0-SNAPSHOT.jar:?]
	at org.apache.hadoop.ozone.om.OmMetadataReader.getFileStatus(OmMetadataReader.java:288) ~[ozone-manager-1.4.0-SNAPSHOT.jar:?]
	at org.apache.hadoop.ozone.om.OzoneManager.getFileStatus(OzoneManager.java:3450) ~[ozone-manager-1.4.0-SNAPSHOT.jar:?]
	at org.apache.hadoop.ozone.protocolPB.OzoneManagerRequestHandler.getOzoneFileStatus(OzoneManagerRequestHandler.java:933) ~[ozone-manager-1.4.0-SNAPSHOT.jar:?]
	at org.apache.hadoop.ozone.protocolPB.OzoneManagerRequestHandler.handleReadRequest(OzoneManagerRequestHandler.java:238) ~[ozone-manager-1.4.0-SNAPSHOT.jar:?]
	at org.apache.hadoop.ozone.protocolPB.OzoneManagerProtocolServerSideTranslatorPB.submitReadRequestToOM(OzoneManagerProtocolServerSideTranslatorPB.java:223) ~[ozone-manager-1.4.0-SNAPSHOT.jar:?]
	at org.apache.hadoop.ozone.protocolPB.OzoneManagerProtocolServerSideTranslatorPB.processRequest(OzoneManagerProtocolServerSideTranslatorPB.java:177) ~[ozone-manager-1.4.0-SNAPSHOT.jar:?]
	at org.apache.hadoop.hdds.server.OzoneProtocolMessageDispatcher.processRequest(OzoneProtocolMessageDispatcher.java:87) [hdds-server-framework-1.4.0-SNAPSHOT.jar:?]
	at org.apache.hadoop.ozone.protocolPB.OzoneManagerProtocolServerSideTranslatorPB.submitRequest(OzoneManagerProtocolServerSideTranslatorPB.java:147) [ozone-manager-1.4.0-SNAPSHOT.jar:?]
	at org.apache.hadoop.ozone.protocol.proto.OzoneManagerProtocolProtos$OzoneManagerService$2.callBlockingMethod(OzoneManagerProtocolProtos.java) [ozone-interface-client-1.4.0-SNAPSHOT.jar:?]
	at org.apache.hadoop.ipc.ProtobufRpcEngine$Server.processCall(ProtobufRpcEngine.java:465) [hadoop-common-3.3.4.jar:?]
	at org.apache.hadoop.ipc.ProtobufRpcEngine2$Server$ProtoBufRpcInvoker.call(ProtobufRpcEngine2.java:578) [hadoop-common-3.3.4.jar:?]
	at org.apache.hadoop.ipc.ProtobufRpcEngine2$Server$ProtoBufRpcInvoker.call(ProtobufRpcEngine2.java:556) [hadoop-common-3.3.4.jar:?]
	at org.apache.hadoop.ipc.RPC$Server.call(RPC.java:1093) [hadoop-common-3.3.4.jar:?]
	at org.apache.hadoop.ipc.Server$RpcCall.run(Server.java:1043) [hadoop-common-3.3.4.jar:?]
	at org.apache.hadoop.ipc.Server$RpcCall.run(Server.java:971) [hadoop-common-3.3.4.jar:?]
	at java.security.AccessController.doPrivileged(Native Method) ~[?:1.8.0_362]
	at javax.security.auth.Subject.doAs(Subject.java:422) [?:1.8.0_362]
	at org.apache.hadoop.security.UserGroupInformation.doAs(UserGroupInformation.java:1878) [hadoop-common-3.3.4.jar:?]
	at org.apache.hadoop.ipc.Server$Handler.run(Server.java:2976) [hadoop-common-3.3.4.jar:?]
13:38:02.344 [IPC Server handler 2 on default port 35721] ERROR OMAudit - user=runner | ip=127.0.0.1 | op=GET_FILE_STATUS {volume=volume06454, bucket=bucket10538, key=root_dir/b, dataSize=0, replicationConfig=null} | ret=FAILURE
org.apache.hadoop.ozone.om.exceptions.OMException: Unable to get file status: volume: volume06454 bucket: bucket10538 key: root_dir/b
	at org.apache.hadoop.ozone.om.KeyManagerImpl.getOzoneFileStatus(KeyManagerImpl.java:1162) ~[ozone-manager-1.4.0-SNAPSHOT.jar:?]
	at org.apache.hadoop.ozone.om.KeyManagerImpl.getFileStatus(KeyManagerImpl.java:1080) ~[ozone-manager-1.4.0-SNAPSHOT.jar:?]
	at org.apache.hadoop.ozone.om.OmMetadataReader.getFileStatus(OmMetadataReader.java:288) ~[ozone-manager-1.4.0-SNAPSHOT.jar:?]
	at org.apache.hadoop.ozone.om.OzoneManager.getFileStatus(OzoneManager.java:3450) ~[ozone-manager-1.4.0-SNAPSHOT.jar:?]
	at org.apache.hadoop.ozone.protocolPB.OzoneManagerRequestHandler.getOzoneFileStatus(OzoneManagerRequestHandler.java:933) ~[ozone-manager-1.4.0-SNAPSHOT.jar:?]
	at org.apache.hadoop.ozone.protocolPB.OzoneManagerRequestHandler.handleReadRequest(OzoneManagerRequestHandler.java:238) ~[ozone-manager-1.4.0-SNAPSHOT.jar:?]
	at org.apache.hadoop.ozone.protocolPB.OzoneManagerProtocolServerSideTranslatorPB.submitReadRequestToOM(OzoneManagerProtocolServerSideTranslatorPB.java:223) ~[ozone-manager-1.4.0-SNAPSHOT.jar:?]
	at org.apache.hadoop.ozone.protocolPB.OzoneManagerProtocolServerSideTranslatorPB.processRequest(OzoneManagerProtocolServerSideTranslatorPB.java:177) ~[ozone-manager-1.4.0-SNAPSHOT.jar:?]
	at org.apache.hadoop.hdds.server.OzoneProtocolMessageDispatcher.processRequest(OzoneProtocolMessageDispatcher.java:87) [hdds-server-framework-1.4.0-SNAPSHOT.jar:?]
	at org.apache.hadoop.ozone.protocolPB.OzoneManagerProtocolServerSideTranslatorPB.submitRequest(OzoneManagerProtocolServerSideTranslatorPB.java:147) [ozone-manager-1.4.0-SNAPSHOT.jar:?]
	at org.apache.hadoop.ozone.protocol.proto.OzoneManagerProtocolProtos$OzoneManagerService$2.callBlockingMethod(OzoneManagerProtocolProtos.java) [ozone-interface-client-1.4.0-SNAPSHOT.jar:?]
	at org.apache.hadoop.ipc.ProtobufRpcEngine$Server.processCall(ProtobufRpcEngine.java:465) [hadoop-common-3.3.4.jar:?]
	at org.apache.hadoop.ipc.ProtobufRpcEngine2$Server$ProtoBufRpcInvoker.call(ProtobufRpcEngine2.java:578) [hadoop-common-3.3.4.jar:?]
	at org.apache.hadoop.ipc.ProtobufRpcEngine2$Server$ProtoBufRpcInvoker.call(ProtobufRpcEngine2.java:556) [hadoop-common-3.3.4.jar:?]
	at org.apache.hadoop.ipc.RPC$Server.call(RPC.java:1093) [hadoop-common-3.3.4.jar:?]
	at org.apache.hadoop.ipc.Server$RpcCall.run(Server.java:1043) [hadoop-common-3.3.4.jar:?]
	at org.apache.hadoop.ipc.Server$RpcCall.run(Server.java:971) [hadoop-common-3.3.4.jar:?]
	at java.security.AccessController.doPrivileged(Native Method) ~[?:1.8.0_362]
	at javax.security.auth.Subject.doAs(Subject.java:422) [?:1.8.0_362]
	at org.apache.hadoop.security.UserGroupInformation.doAs(UserGroupInformation.java:1878) [hadoop-common-3.3.4.jar:?]
	at org.apache.hadoop.ipc.Server$Handler.run(Server.java:2976) [hadoop-common-3.3.4.jar:?]
2023-02-21 13:38:02,360 [OM StateMachine ApplyTransaction Thread - 0] INFO  key.OMKeyRequest (OMKeyRequest.java:wrapUncommittedBlocksAsPseudoKey(837)) - Detect allocated but uncommitted blocks [{blockID={containerID=3, localID=111677748019200007}, length=4194304, offset=0, token=null, pipeline=null, createVersion=0, partNumber=0}] in key root_dir/file1.
13:38:02.365 [IPC Server handler 11 on default port 35721] ERROR OMAudit - user=runner | ip=127.0.0.1 | op=GET_FILE_STATUS {volume=volume06454, bucket=bucket10538, key=root_dir/file1/c, dataSize=0, replicationConfig=null} | ret=FAILURE
org.apache.hadoop.ozone.om.exceptions.OMException: Unable to get file status: volume: volume06454 bucket: bucket10538 key: root_dir/file1/c
	at org.apache.hadoop.ozone.om.KeyManagerImpl.getOzoneFileStatus(KeyManagerImpl.java:1162) ~[ozone-manager-1.4.0-SNAPSHOT.jar:?]
	at org.apache.hadoop.ozone.om.KeyManagerImpl.getFileStatus(KeyManagerImpl.java:1080) ~[ozone-manager-1.4.0-SNAPSHOT.jar:?]
	at org.apache.hadoop.ozone.om.OmMetadataReader.getFileStatus(OmMetadataReader.java:288) ~[ozone-manager-1.4.0-SNAPSHOT.jar:?]
	at org.apache.hadoop.ozone.om.OzoneManager.getFileStatus(OzoneManager.java:3450) ~[ozone-manager-1.4.0-SNAPSHOT.jar:?]
	at org.apache.hadoop.ozone.protocolPB.OzoneManagerRequestHandler.getOzoneFileStatus(OzoneManagerRequestHandler.java:933) ~[ozone-manager-1.4.0-SNAPSHOT.jar:?]
	at org.apache.hadoop.ozone.protocolPB.OzoneManagerRequestHandler.handleReadRequest(OzoneManagerRequestHandler.java:238) ~[ozone-manager-1.4.0-SNAPSHOT.jar:?]
	at org.apache.hadoop.ozone.protocolPB.OzoneManagerProtocolServerSideTranslatorPB.submitReadRequestToOM(OzoneManagerProtocolServerSideTranslatorPB.java:223) ~[ozone-manager-1.4.0-SNAPSHOT.jar:?]
	at org.apache.hadoop.ozone.protocolPB.OzoneManagerProtocolServerSideTranslatorPB.processRequest(OzoneManagerProtocolServerSideTranslatorPB.java:177) ~[ozone-manager-1.4.0-SNAPSHOT.jar:?]
	at org.apache.hadoop.hdds.server.OzoneProtocolMessageDispatcher.processRequest(OzoneProtocolMessageDispatcher.java:87) [hdds-server-framework-1.4.0-SNAPSHOT.jar:?]
	at org.apache.hadoop.ozone.protocolPB.OzoneManagerProtocolServerSideTranslatorPB.submitRequest(OzoneManagerProtocolServerSideTranslatorPB.java:147) [ozone-manager-1.4.0-SNAPSHOT.jar:?]
	at org.apache.hadoop.ozone.protocol.proto.OzoneManagerProtocolProtos$OzoneManagerService$2.callBlockingMethod(OzoneManagerProtocolProtos.java) [ozone-interface-client-1.4.0-SNAPSHOT.jar:?]
	at org.apache.hadoop.ipc.ProtobufRpcEngine$Server.processCall(ProtobufRpcEngine.java:465) [hadoop-common-3.3.4.jar:?]
	at org.apache.hadoop.ipc.ProtobufRpcEngine2$Server$ProtoBufRpcInvoker.call(ProtobufRpcEngine2.java:578) [hadoop-common-3.3.4.jar:?]
	at org.apache.hadoop.ipc.ProtobufRpcEngine2$Server$ProtoBufRpcInvoker.call(ProtobufRpcEngine2.java:556) [hadoop-common-3.3.4.jar:?]
	at org.apache.hadoop.ipc.RPC$Server.call(RPC.java:1093) [hadoop-common-3.3.4.jar:?]
	at org.apache.hadoop.ipc.Server$RpcCall.run(Server.java:1043) [hadoop-common-3.3.4.jar:?]
	at org.apache.hadoop.ipc.Server$RpcCall.run(Server.java:971) [hadoop-common-3.3.4.jar:?]
	at java.security.AccessController.doPrivileged(Native Method) ~[?:1.8.0_362]
	at javax.security.auth.Subject.doAs(Subject.java:422) [?:1.8.0_362]
	at org.apache.hadoop.security.UserGroupInformation.doAs(UserGroupInformation.java:1878) [hadoop-common-3.3.4.jar:?]
	at org.apache.hadoop.ipc.Server$Handler.run(Server.java:2976) [hadoop-common-3.3.4.jar:?]
]]></system-out>
  </testcase>
  <testcase name="testRenameDestinationParentDoesntExist" classname="TestOzoneFileSystem" time="0.018">
    <system-out><![CDATA[13:39:26.291 [IPC Server handler 1 on default port 40229] ERROR OMAudit - user=runner | ip=127.0.0.1 | op=GET_FILE_STATUS {volume=volume46490, bucket=bucket73093, key=root_dir/b/c, dataSize=0, replicationConfig=null} | ret=FAILURE
org.apache.hadoop.ozone.om.exceptions.OMException: Unable to get file status: volume: volume46490 bucket: bucket73093 key: root_dir/b/c
	at org.apache.hadoop.ozone.om.KeyManagerImpl.getOzoneFileStatus(KeyManagerImpl.java:1162) ~[ozone-manager-1.4.0-SNAPSHOT.jar:?]
	at org.apache.hadoop.ozone.om.KeyManagerImpl.getFileStatus(KeyManagerImpl.java:1080) ~[ozone-manager-1.4.0-SNAPSHOT.jar:?]
	at org.apache.hadoop.ozone.om.OmMetadataReader.getFileStatus(OmMetadataReader.java:288) ~[ozone-manager-1.4.0-SNAPSHOT.jar:?]
	at org.apache.hadoop.ozone.om.OzoneManager.getFileStatus(OzoneManager.java:3450) ~[ozone-manager-1.4.0-SNAPSHOT.jar:?]
	at org.apache.hadoop.ozone.protocolPB.OzoneManagerRequestHandler.getOzoneFileStatus(OzoneManagerRequestHandler.java:933) ~[ozone-manager-1.4.0-SNAPSHOT.jar:?]
	at org.apache.hadoop.ozone.protocolPB.OzoneManagerRequestHandler.handleReadRequest(OzoneManagerRequestHandler.java:238) ~[ozone-manager-1.4.0-SNAPSHOT.jar:?]
	at org.apache.hadoop.ozone.protocolPB.OzoneManagerProtocolServerSideTranslatorPB.submitRequestDirectlyToOM(OzoneManagerProtocolServerSideTranslatorPB.java:271) ~[ozone-manager-1.4.0-SNAPSHOT.jar:?]
	at org.apache.hadoop.ozone.protocolPB.OzoneManagerProtocolServerSideTranslatorPB.processRequest(OzoneManagerProtocolServerSideTranslatorPB.java:173) ~[ozone-manager-1.4.0-SNAPSHOT.jar:?]
	at org.apache.hadoop.hdds.server.OzoneProtocolMessageDispatcher.processRequest(OzoneProtocolMessageDispatcher.java:87) [hdds-server-framework-1.4.0-SNAPSHOT.jar:?]
	at org.apache.hadoop.ozone.protocolPB.OzoneManagerProtocolServerSideTranslatorPB.submitRequest(OzoneManagerProtocolServerSideTranslatorPB.java:147) [ozone-manager-1.4.0-SNAPSHOT.jar:?]
	at org.apache.hadoop.ozone.protocol.proto.OzoneManagerProtocolProtos$OzoneManagerService$2.callBlockingMethod(OzoneManagerProtocolProtos.java) [ozone-interface-client-1.4.0-SNAPSHOT.jar:?]
	at org.apache.hadoop.ipc.ProtobufRpcEngine$Server.processCall(ProtobufRpcEngine.java:465) [hadoop-common-3.3.4.jar:?]
	at org.apache.hadoop.ipc.ProtobufRpcEngine2$Server$ProtoBufRpcInvoker.call(ProtobufRpcEngine2.java:578) [hadoop-common-3.3.4.jar:?]
	at org.apache.hadoop.ipc.ProtobufRpcEngine2$Server$ProtoBufRpcInvoker.call(ProtobufRpcEngine2.java:556) [hadoop-common-3.3.4.jar:?]
	at org.apache.hadoop.ipc.RPC$Server.call(RPC.java:1093) [hadoop-common-3.3.4.jar:?]
	at org.apache.hadoop.ipc.Server$RpcCall.run(Server.java:1043) [hadoop-common-3.3.4.jar:?]
	at org.apache.hadoop.ipc.Server$RpcCall.run(Server.java:971) [hadoop-common-3.3.4.jar:?]
	at java.security.AccessController.doPrivileged(Native Method) ~[?:1.8.0_362]
	at javax.security.auth.Subject.doAs(Subject.java:422) [?:1.8.0_362]
	at org.apache.hadoop.security.UserGroupInformation.doAs(UserGroupInformation.java:1878) [hadoop-common-3.3.4.jar:?]
	at org.apache.hadoop.ipc.Server$Handler.run(Server.java:2976) [hadoop-common-3.3.4.jar:?]
13:39:26.292 [IPC Server handler 2 on default port 40229] ERROR OMAudit - user=runner | ip=127.0.0.1 | op=GET_FILE_STATUS {volume=volume46490, bucket=bucket73093, key=root_dir/b, dataSize=0, replicationConfig=null} | ret=FAILURE
org.apache.hadoop.ozone.om.exceptions.OMException: Unable to get file status: volume: volume46490 bucket: bucket73093 key: root_dir/b
	at org.apache.hadoop.ozone.om.KeyManagerImpl.getOzoneFileStatus(KeyManagerImpl.java:1162) ~[ozone-manager-1.4.0-SNAPSHOT.jar:?]
	at org.apache.hadoop.ozone.om.KeyManagerImpl.getFileStatus(KeyManagerImpl.java:1080) ~[ozone-manager-1.4.0-SNAPSHOT.jar:?]
	at org.apache.hadoop.ozone.om.OmMetadataReader.getFileStatus(OmMetadataReader.java:288) ~[ozone-manager-1.4.0-SNAPSHOT.jar:?]
	at org.apache.hadoop.ozone.om.OzoneManager.getFileStatus(OzoneManager.java:3450) ~[ozone-manager-1.4.0-SNAPSHOT.jar:?]
	at org.apache.hadoop.ozone.protocolPB.OzoneManagerRequestHandler.getOzoneFileStatus(OzoneManagerRequestHandler.java:933) ~[ozone-manager-1.4.0-SNAPSHOT.jar:?]
	at org.apache.hadoop.ozone.protocolPB.OzoneManagerRequestHandler.handleReadRequest(OzoneManagerRequestHandler.java:238) ~[ozone-manager-1.4.0-SNAPSHOT.jar:?]
	at org.apache.hadoop.ozone.protocolPB.OzoneManagerProtocolServerSideTranslatorPB.submitRequestDirectlyToOM(OzoneManagerProtocolServerSideTranslatorPB.java:271) ~[ozone-manager-1.4.0-SNAPSHOT.jar:?]
	at org.apache.hadoop.ozone.protocolPB.OzoneManagerProtocolServerSideTranslatorPB.processRequest(OzoneManagerProtocolServerSideTranslatorPB.java:173) ~[ozone-manager-1.4.0-SNAPSHOT.jar:?]
	at org.apache.hadoop.hdds.server.OzoneProtocolMessageDispatcher.processRequest(OzoneProtocolMessageDispatcher.java:87) [hdds-server-framework-1.4.0-SNAPSHOT.jar:?]
	at org.apache.hadoop.ozone.protocolPB.OzoneManagerProtocolServerSideTranslatorPB.submitRequest(OzoneManagerProtocolServerSideTranslatorPB.java:147) [ozone-manager-1.4.0-SNAPSHOT.jar:?]
	at org.apache.hadoop.ozone.protocol.proto.OzoneManagerProtocolProtos$OzoneManagerService$2.callBlockingMethod(OzoneManagerProtocolProtos.java) [ozone-interface-client-1.4.0-SNAPSHOT.jar:?]
	at org.apache.hadoop.ipc.ProtobufRpcEngine$Server.processCall(ProtobufRpcEngine.java:465) [hadoop-common-3.3.4.jar:?]
	at org.apache.hadoop.ipc.ProtobufRpcEngine2$Server$ProtoBufRpcInvoker.call(ProtobufRpcEngine2.java:578) [hadoop-common-3.3.4.jar:?]
	at org.apache.hadoop.ipc.ProtobufRpcEngine2$Server$ProtoBufRpcInvoker.call(ProtobufRpcEngine2.java:556) [hadoop-common-3.3.4.jar:?]
	at org.apache.hadoop.ipc.RPC$Server.call(RPC.java:1093) [hadoop-common-3.3.4.jar:?]
	at org.apache.hadoop.ipc.Server$RpcCall.run(Server.java:1043) [hadoop-common-3.3.4.jar:?]
	at org.apache.hadoop.ipc.Server$RpcCall.run(Server.java:971) [hadoop-common-3.3.4.jar:?]
	at java.security.AccessController.doPrivileged(Native Method) ~[?:1.8.0_362]
	at javax.security.auth.Subject.doAs(Subject.java:422) [?:1.8.0_362]
	at org.apache.hadoop.security.UserGroupInformation.doAs(UserGroupInformation.java:1878) [hadoop-common-3.3.4.jar:?]
	at org.apache.hadoop.ipc.Server$Handler.run(Server.java:2976) [hadoop-common-3.3.4.jar:?]
2023-02-21 13:39:26,297 [IPC Server handler 6 on default port 40229] INFO  key.OMKeyRequest (OMKeyRequest.java:wrapUncommittedBlocksAsPseudoKey(837)) - Detect allocated but uncommitted blocks [{blockID={containerID=4, localID=111677748019200007}, length=4194304, offset=0, token=null, pipeline=null, createVersion=0, partNumber=0}] in key root_dir/file1.
13:39:26.300 [IPC Server handler 7 on default port 40229] ERROR OMAudit - user=runner | ip=127.0.0.1 | op=GET_FILE_STATUS {volume=volume46490, bucket=bucket73093, key=root_dir/file1/c, dataSize=0, replicationConfig=null} | ret=FAILURE
org.apache.hadoop.ozone.om.exceptions.OMException: Unable to get file status: volume: volume46490 bucket: bucket73093 key: root_dir/file1/c
	at org.apache.hadoop.ozone.om.KeyManagerImpl.getOzoneFileStatus(KeyManagerImpl.java:1162) ~[ozone-manager-1.4.0-SNAPSHOT.jar:?]
	at org.apache.hadoop.ozone.om.KeyManagerImpl.getFileStatus(KeyManagerImpl.java:1080) ~[ozone-manager-1.4.0-SNAPSHOT.jar:?]
	at org.apache.hadoop.ozone.om.OmMetadataReader.getFileStatus(OmMetadataReader.java:288) ~[ozone-manager-1.4.0-SNAPSHOT.jar:?]
	at org.apache.hadoop.ozone.om.OzoneManager.getFileStatus(OzoneManager.java:3450) ~[ozone-manager-1.4.0-SNAPSHOT.jar:?]
	at org.apache.hadoop.ozone.protocolPB.OzoneManagerRequestHandler.getOzoneFileStatus(OzoneManagerRequestHandler.java:933) ~[ozone-manager-1.4.0-SNAPSHOT.jar:?]
	at org.apache.hadoop.ozone.protocolPB.OzoneManagerRequestHandler.handleReadRequest(OzoneManagerRequestHandler.java:238) ~[ozone-manager-1.4.0-SNAPSHOT.jar:?]
	at org.apache.hadoop.ozone.protocolPB.OzoneManagerProtocolServerSideTranslatorPB.submitRequestDirectlyToOM(OzoneManagerProtocolServerSideTranslatorPB.java:271) ~[ozone-manager-1.4.0-SNAPSHOT.jar:?]
	at org.apache.hadoop.ozone.protocolPB.OzoneManagerProtocolServerSideTranslatorPB.processRequest(OzoneManagerProtocolServerSideTranslatorPB.java:173) ~[ozone-manager-1.4.0-SNAPSHOT.jar:?]
	at org.apache.hadoop.hdds.server.OzoneProtocolMessageDispatcher.processRequest(OzoneProtocolMessageDispatcher.java:87) [hdds-server-framework-1.4.0-SNAPSHOT.jar:?]
	at org.apache.hadoop.ozone.protocolPB.OzoneManagerProtocolServerSideTranslatorPB.submitRequest(OzoneManagerProtocolServerSideTranslatorPB.java:147) [ozone-manager-1.4.0-SNAPSHOT.jar:?]
	at org.apache.hadoop.ozone.protocol.proto.OzoneManagerProtocolProtos$OzoneManagerService$2.callBlockingMethod(OzoneManagerProtocolProtos.java) [ozone-interface-client-1.4.0-SNAPSHOT.jar:?]
	at org.apache.hadoop.ipc.ProtobufRpcEngine$Server.processCall(ProtobufRpcEngine.java:465) [hadoop-common-3.3.4.jar:?]
	at org.apache.hadoop.ipc.ProtobufRpcEngine2$Server$ProtoBufRpcInvoker.call(ProtobufRpcEngine2.java:578) [hadoop-common-3.3.4.jar:?]
	at org.apache.hadoop.ipc.ProtobufRpcEngine2$Server$ProtoBufRpcInvoker.call(ProtobufRpcEngine2.java:556) [hadoop-common-3.3.4.jar:?]
	at org.apache.hadoop.ipc.RPC$Server.call(RPC.java:1093) [hadoop-common-3.3.4.jar:?]
	at org.apache.hadoop.ipc.Server$RpcCall.run(Server.java:1043) [hadoop-common-3.3.4.jar:?]
	at org.apache.hadoop.ipc.Server$RpcCall.run(Server.java:971) [hadoop-common-3.3.4.jar:?]
	at java.security.AccessController.doPrivileged(Native Method) ~[?:1.8.0_362]
	at javax.security.auth.Subject.doAs(Subject.java:422) [?:1.8.0_362]
	at org.apache.hadoop.security.UserGroupInformation.doAs(UserGroupInformation.java:1878) [hadoop-common-3.3.4.jar:?]
	at org.apache.hadoop.ipc.Server$Handler.run(Server.java:2976) [hadoop-common-3.3.4.jar:?]
]]></system-out>
  </testcase>
  <testcase name="testRenameDestinationParentDoesntExist" classname="TestOzoneFileSystem" time="0.019">
    <system-out><![CDATA[13:40:24.868 [IPC Server handler 1 on default port 34503] ERROR OMAudit - user=runner | ip=127.0.0.1 | op=GET_FILE_STATUS {volume=volume47855, bucket=bucket64015, key=root_dir/b/c, dataSize=0, replicationConfig=null} | ret=FAILURE
org.apache.hadoop.ozone.om.exceptions.OMException: Unable to get file status: volume: volume47855 bucket: bucket64015 key: root_dir/b/c
	at org.apache.hadoop.ozone.om.KeyManagerImpl.getOzoneFileStatus(KeyManagerImpl.java:1162) ~[ozone-manager-1.4.0-SNAPSHOT.jar:?]
	at org.apache.hadoop.ozone.om.KeyManagerImpl.getFileStatus(KeyManagerImpl.java:1080) ~[ozone-manager-1.4.0-SNAPSHOT.jar:?]
	at org.apache.hadoop.ozone.om.OmMetadataReader.getFileStatus(OmMetadataReader.java:288) ~[ozone-manager-1.4.0-SNAPSHOT.jar:?]
	at org.apache.hadoop.ozone.om.OzoneManager.getFileStatus(OzoneManager.java:3450) ~[ozone-manager-1.4.0-SNAPSHOT.jar:?]
	at org.apache.hadoop.ozone.protocolPB.OzoneManagerRequestHandler.getOzoneFileStatus(OzoneManagerRequestHandler.java:933) ~[ozone-manager-1.4.0-SNAPSHOT.jar:?]
	at org.apache.hadoop.ozone.protocolPB.OzoneManagerRequestHandler.handleReadRequest(OzoneManagerRequestHandler.java:238) ~[ozone-manager-1.4.0-SNAPSHOT.jar:?]
	at org.apache.hadoop.ozone.protocolPB.OzoneManagerProtocolServerSideTranslatorPB.submitReadRequestToOM(OzoneManagerProtocolServerSideTranslatorPB.java:223) ~[ozone-manager-1.4.0-SNAPSHOT.jar:?]
	at org.apache.hadoop.ozone.protocolPB.OzoneManagerProtocolServerSideTranslatorPB.processRequest(OzoneManagerProtocolServerSideTranslatorPB.java:177) ~[ozone-manager-1.4.0-SNAPSHOT.jar:?]
	at org.apache.hadoop.hdds.server.OzoneProtocolMessageDispatcher.processRequest(OzoneProtocolMessageDispatcher.java:87) [hdds-server-framework-1.4.0-SNAPSHOT.jar:?]
	at org.apache.hadoop.ozone.protocolPB.OzoneManagerProtocolServerSideTranslatorPB.submitRequest(OzoneManagerProtocolServerSideTranslatorPB.java:147) [ozone-manager-1.4.0-SNAPSHOT.jar:?]
	at org.apache.hadoop.ozone.protocol.proto.OzoneManagerProtocolProtos$OzoneManagerService$2.callBlockingMethod(OzoneManagerProtocolProtos.java) [ozone-interface-client-1.4.0-SNAPSHOT.jar:?]
	at org.apache.hadoop.ipc.ProtobufRpcEngine$Server.processCall(ProtobufRpcEngine.java:465) [hadoop-common-3.3.4.jar:?]
	at org.apache.hadoop.ipc.ProtobufRpcEngine2$Server$ProtoBufRpcInvoker.call(ProtobufRpcEngine2.java:578) [hadoop-common-3.3.4.jar:?]
	at org.apache.hadoop.ipc.ProtobufRpcEngine2$Server$ProtoBufRpcInvoker.call(ProtobufRpcEngine2.java:556) [hadoop-common-3.3.4.jar:?]
	at org.apache.hadoop.ipc.RPC$Server.call(RPC.java:1093) [hadoop-common-3.3.4.jar:?]
	at org.apache.hadoop.ipc.Server$RpcCall.run(Server.java:1043) [hadoop-common-3.3.4.jar:?]
	at org.apache.hadoop.ipc.Server$RpcCall.run(Server.java:971) [hadoop-common-3.3.4.jar:?]
	at java.security.AccessController.doPrivileged(Native Method) ~[?:1.8.0_362]
	at javax.security.auth.Subject.doAs(Subject.java:422) [?:1.8.0_362]
	at org.apache.hadoop.security.UserGroupInformation.doAs(UserGroupInformation.java:1878) [hadoop-common-3.3.4.jar:?]
	at org.apache.hadoop.ipc.Server$Handler.run(Server.java:2976) [hadoop-common-3.3.4.jar:?]
13:40:24.869 [IPC Server handler 3 on default port 34503] ERROR OMAudit - user=runner | ip=127.0.0.1 | op=GET_FILE_STATUS {volume=volume47855, bucket=bucket64015, key=root_dir/b, dataSize=0, replicationConfig=null} | ret=FAILURE
org.apache.hadoop.ozone.om.exceptions.OMException: Unable to get file status: volume: volume47855 bucket: bucket64015 key: root_dir/b
	at org.apache.hadoop.ozone.om.KeyManagerImpl.getOzoneFileStatus(KeyManagerImpl.java:1162) ~[ozone-manager-1.4.0-SNAPSHOT.jar:?]
	at org.apache.hadoop.ozone.om.KeyManagerImpl.getFileStatus(KeyManagerImpl.java:1080) ~[ozone-manager-1.4.0-SNAPSHOT.jar:?]
	at org.apache.hadoop.ozone.om.OmMetadataReader.getFileStatus(OmMetadataReader.java:288) ~[ozone-manager-1.4.0-SNAPSHOT.jar:?]
	at org.apache.hadoop.ozone.om.OzoneManager.getFileStatus(OzoneManager.java:3450) ~[ozone-manager-1.4.0-SNAPSHOT.jar:?]
	at org.apache.hadoop.ozone.protocolPB.OzoneManagerRequestHandler.getOzoneFileStatus(OzoneManagerRequestHandler.java:933) ~[ozone-manager-1.4.0-SNAPSHOT.jar:?]
	at org.apache.hadoop.ozone.protocolPB.OzoneManagerRequestHandler.handleReadRequest(OzoneManagerRequestHandler.java:238) ~[ozone-manager-1.4.0-SNAPSHOT.jar:?]
	at org.apache.hadoop.ozone.protocolPB.OzoneManagerProtocolServerSideTranslatorPB.submitReadRequestToOM(OzoneManagerProtocolServerSideTranslatorPB.java:223) ~[ozone-manager-1.4.0-SNAPSHOT.jar:?]
	at org.apache.hadoop.ozone.protocolPB.OzoneManagerProtocolServerSideTranslatorPB.processRequest(OzoneManagerProtocolServerSideTranslatorPB.java:177) ~[ozone-manager-1.4.0-SNAPSHOT.jar:?]
	at org.apache.hadoop.hdds.server.OzoneProtocolMessageDispatcher.processRequest(OzoneProtocolMessageDispatcher.java:87) [hdds-server-framework-1.4.0-SNAPSHOT.jar:?]
	at org.apache.hadoop.ozone.protocolPB.OzoneManagerProtocolServerSideTranslatorPB.submitRequest(OzoneManagerProtocolServerSideTranslatorPB.java:147) [ozone-manager-1.4.0-SNAPSHOT.jar:?]
	at org.apache.hadoop.ozone.protocol.proto.OzoneManagerProtocolProtos$OzoneManagerService$2.callBlockingMethod(OzoneManagerProtocolProtos.java) [ozone-interface-client-1.4.0-SNAPSHOT.jar:?]
	at org.apache.hadoop.ipc.ProtobufRpcEngine$Server.processCall(ProtobufRpcEngine.java:465) [hadoop-common-3.3.4.jar:?]
	at org.apache.hadoop.ipc.ProtobufRpcEngine2$Server$ProtoBufRpcInvoker.call(ProtobufRpcEngine2.java:578) [hadoop-common-3.3.4.jar:?]
	at org.apache.hadoop.ipc.ProtobufRpcEngine2$Server$ProtoBufRpcInvoker.call(ProtobufRpcEngine2.java:556) [hadoop-common-3.3.4.jar:?]
	at org.apache.hadoop.ipc.RPC$Server.call(RPC.java:1093) [hadoop-common-3.3.4.jar:?]
	at org.apache.hadoop.ipc.Server$RpcCall.run(Server.java:1043) [hadoop-common-3.3.4.jar:?]
	at org.apache.hadoop.ipc.Server$RpcCall.run(Server.java:971) [hadoop-common-3.3.4.jar:?]
	at java.security.AccessController.doPrivileged(Native Method) ~[?:1.8.0_362]
	at javax.security.auth.Subject.doAs(Subject.java:422) [?:1.8.0_362]
	at org.apache.hadoop.security.UserGroupInformation.doAs(UserGroupInformation.java:1878) [hadoop-common-3.3.4.jar:?]
	at org.apache.hadoop.ipc.Server$Handler.run(Server.java:2976) [hadoop-common-3.3.4.jar:?]
2023-02-21 13:40:24,874 [OM StateMachine ApplyTransaction Thread - 0] INFO  key.OMKeyRequest (OMKeyRequest.java:wrapUncommittedBlocksAsPseudoKey(837)) - Detect allocated but uncommitted blocks [{blockID={containerID=1, localID=111677748019200007}, length=4194304, offset=0, token=null, pipeline=null, createVersion=0, partNumber=0}] in key root_dir/file1.
13:40:24.877 [IPC Server handler 9 on default port 34503] ERROR OMAudit - user=runner | ip=127.0.0.1 | op=GET_FILE_STATUS {volume=volume47855, bucket=bucket64015, key=root_dir/file1/c, dataSize=0, replicationConfig=null} | ret=FAILURE
org.apache.hadoop.ozone.om.exceptions.OMException: Unable to get file status: volume: volume47855 bucket: bucket64015 key: root_dir/file1/c
	at org.apache.hadoop.ozone.om.KeyManagerImpl.getOzoneFileStatus(KeyManagerImpl.java:1162) ~[ozone-manager-1.4.0-SNAPSHOT.jar:?]
	at org.apache.hadoop.ozone.om.KeyManagerImpl.getFileStatus(KeyManagerImpl.java:1080) ~[ozone-manager-1.4.0-SNAPSHOT.jar:?]
	at org.apache.hadoop.ozone.om.OmMetadataReader.getFileStatus(OmMetadataReader.java:288) ~[ozone-manager-1.4.0-SNAPSHOT.jar:?]
	at org.apache.hadoop.ozone.om.OzoneManager.getFileStatus(OzoneManager.java:3450) ~[ozone-manager-1.4.0-SNAPSHOT.jar:?]
	at org.apache.hadoop.ozone.protocolPB.OzoneManagerRequestHandler.getOzoneFileStatus(OzoneManagerRequestHandler.java:933) ~[ozone-manager-1.4.0-SNAPSHOT.jar:?]
	at org.apache.hadoop.ozone.protocolPB.OzoneManagerRequestHandler.handleReadRequest(OzoneManagerRequestHandler.java:238) ~[ozone-manager-1.4.0-SNAPSHOT.jar:?]
	at org.apache.hadoop.ozone.protocolPB.OzoneManagerProtocolServerSideTranslatorPB.submitReadRequestToOM(OzoneManagerProtocolServerSideTranslatorPB.java:223) ~[ozone-manager-1.4.0-SNAPSHOT.jar:?]
	at org.apache.hadoop.ozone.protocolPB.OzoneManagerProtocolServerSideTranslatorPB.processRequest(OzoneManagerProtocolServerSideTranslatorPB.java:177) ~[ozone-manager-1.4.0-SNAPSHOT.jar:?]
	at org.apache.hadoop.hdds.server.OzoneProtocolMessageDispatcher.processRequest(OzoneProtocolMessageDispatcher.java:87) [hdds-server-framework-1.4.0-SNAPSHOT.jar:?]
	at org.apache.hadoop.ozone.protocolPB.OzoneManagerProtocolServerSideTranslatorPB.submitRequest(OzoneManagerProtocolServerSideTranslatorPB.java:147) [ozone-manager-1.4.0-SNAPSHOT.jar:?]
	at org.apache.hadoop.ozone.protocol.proto.OzoneManagerProtocolProtos$OzoneManagerService$2.callBlockingMethod(OzoneManagerProtocolProtos.java) [ozone-interface-client-1.4.0-SNAPSHOT.jar:?]
	at org.apache.hadoop.ipc.ProtobufRpcEngine$Server.processCall(ProtobufRpcEngine.java:465) [hadoop-common-3.3.4.jar:?]
	at org.apache.hadoop.ipc.ProtobufRpcEngine2$Server$ProtoBufRpcInvoker.call(ProtobufRpcEngine2.java:578) [hadoop-common-3.3.4.jar:?]
	at org.apache.hadoop.ipc.ProtobufRpcEngine2$Server$ProtoBufRpcInvoker.call(ProtobufRpcEngine2.java:556) [hadoop-common-3.3.4.jar:?]
	at org.apache.hadoop.ipc.RPC$Server.call(RPC.java:1093) [hadoop-common-3.3.4.jar:?]
	at org.apache.hadoop.ipc.Server$RpcCall.run(Server.java:1043) [hadoop-common-3.3.4.jar:?]
	at org.apache.hadoop.ipc.Server$RpcCall.run(Server.java:971) [hadoop-common-3.3.4.jar:?]
	at java.security.AccessController.doPrivileged(Native Method) ~[?:1.8.0_362]
	at javax.security.auth.Subject.doAs(Subject.java:422) [?:1.8.0_362]
	at org.apache.hadoop.security.UserGroupInformation.doAs(UserGroupInformation.java:1878) [hadoop-common-3.3.4.jar:?]
	at org.apache.hadoop.ipc.Server$Handler.run(Server.java:2976) [hadoop-common-3.3.4.jar:?]
]]></system-out>
  </testcase>
  <testcase name="testRenameDestinationParentDoesntExist" classname="TestOzoneFileSystem" time="0.012">
    <system-out><![CDATA[13:41:33.949 [IPC Server handler 4 on default port 40765] ERROR OMAudit - user=runner | ip=127.0.0.1 | op=GET_FILE_STATUS {volume=volume82902, bucket=bucket15199, key=root_dir/b/c, dataSize=0, replicationConfig=null} | ret=FAILURE
org.apache.hadoop.ozone.om.exceptions.OMException: Unable to get file status: volume: volume82902 bucket: bucket15199 key: root_dir/b/c
	at org.apache.hadoop.ozone.om.KeyManagerImpl.getOzoneFileStatus(KeyManagerImpl.java:1162) ~[ozone-manager-1.4.0-SNAPSHOT.jar:?]
	at org.apache.hadoop.ozone.om.KeyManagerImpl.getFileStatus(KeyManagerImpl.java:1080) ~[ozone-manager-1.4.0-SNAPSHOT.jar:?]
	at org.apache.hadoop.ozone.om.OmMetadataReader.getFileStatus(OmMetadataReader.java:288) ~[ozone-manager-1.4.0-SNAPSHOT.jar:?]
	at org.apache.hadoop.ozone.om.OzoneManager.getFileStatus(OzoneManager.java:3450) ~[ozone-manager-1.4.0-SNAPSHOT.jar:?]
	at org.apache.hadoop.ozone.protocolPB.OzoneManagerRequestHandler.getOzoneFileStatus(OzoneManagerRequestHandler.java:933) ~[ozone-manager-1.4.0-SNAPSHOT.jar:?]
	at org.apache.hadoop.ozone.protocolPB.OzoneManagerRequestHandler.handleReadRequest(OzoneManagerRequestHandler.java:238) ~[ozone-manager-1.4.0-SNAPSHOT.jar:?]
	at org.apache.hadoop.ozone.protocolPB.OzoneManagerProtocolServerSideTranslatorPB.submitRequestDirectlyToOM(OzoneManagerProtocolServerSideTranslatorPB.java:271) ~[ozone-manager-1.4.0-SNAPSHOT.jar:?]
	at org.apache.hadoop.ozone.protocolPB.OzoneManagerProtocolServerSideTranslatorPB.processRequest(OzoneManagerProtocolServerSideTranslatorPB.java:173) ~[ozone-manager-1.4.0-SNAPSHOT.jar:?]
	at org.apache.hadoop.hdds.server.OzoneProtocolMessageDispatcher.processRequest(OzoneProtocolMessageDispatcher.java:87) [hdds-server-framework-1.4.0-SNAPSHOT.jar:?]
	at org.apache.hadoop.ozone.protocolPB.OzoneManagerProtocolServerSideTranslatorPB.submitRequest(OzoneManagerProtocolServerSideTranslatorPB.java:147) [ozone-manager-1.4.0-SNAPSHOT.jar:?]
	at org.apache.hadoop.ozone.protocol.proto.OzoneManagerProtocolProtos$OzoneManagerService$2.callBlockingMethod(OzoneManagerProtocolProtos.java) [ozone-interface-client-1.4.0-SNAPSHOT.jar:?]
	at org.apache.hadoop.ipc.ProtobufRpcEngine$Server.processCall(ProtobufRpcEngine.java:465) [hadoop-common-3.3.4.jar:?]
	at org.apache.hadoop.ipc.ProtobufRpcEngine2$Server$ProtoBufRpcInvoker.call(ProtobufRpcEngine2.java:578) [hadoop-common-3.3.4.jar:?]
	at org.apache.hadoop.ipc.ProtobufRpcEngine2$Server$ProtoBufRpcInvoker.call(ProtobufRpcEngine2.java:556) [hadoop-common-3.3.4.jar:?]
	at org.apache.hadoop.ipc.RPC$Server.call(RPC.java:1093) [hadoop-common-3.3.4.jar:?]
	at org.apache.hadoop.ipc.Server$RpcCall.run(Server.java:1043) [hadoop-common-3.3.4.jar:?]
	at org.apache.hadoop.ipc.Server$RpcCall.run(Server.java:971) [hadoop-common-3.3.4.jar:?]
	at java.security.AccessController.doPrivileged(Native Method) ~[?:1.8.0_362]
	at javax.security.auth.Subject.doAs(Subject.java:422) [?:1.8.0_362]
	at org.apache.hadoop.security.UserGroupInformation.doAs(UserGroupInformation.java:1878) [hadoop-common-3.3.4.jar:?]
	at org.apache.hadoop.ipc.Server$Handler.run(Server.java:2976) [hadoop-common-3.3.4.jar:?]
13:41:33.950 [IPC Server handler 19 on default port 40765] ERROR OMAudit - user=runner | ip=127.0.0.1 | op=GET_FILE_STATUS {volume=volume82902, bucket=bucket15199, key=root_dir/b, dataSize=0, replicationConfig=null} | ret=FAILURE
org.apache.hadoop.ozone.om.exceptions.OMException: Unable to get file status: volume: volume82902 bucket: bucket15199 key: root_dir/b
	at org.apache.hadoop.ozone.om.KeyManagerImpl.getOzoneFileStatus(KeyManagerImpl.java:1162) ~[ozone-manager-1.4.0-SNAPSHOT.jar:?]
	at org.apache.hadoop.ozone.om.KeyManagerImpl.getFileStatus(KeyManagerImpl.java:1080) ~[ozone-manager-1.4.0-SNAPSHOT.jar:?]
	at org.apache.hadoop.ozone.om.OmMetadataReader.getFileStatus(OmMetadataReader.java:288) ~[ozone-manager-1.4.0-SNAPSHOT.jar:?]
	at org.apache.hadoop.ozone.om.OzoneManager.getFileStatus(OzoneManager.java:3450) ~[ozone-manager-1.4.0-SNAPSHOT.jar:?]
	at org.apache.hadoop.ozone.protocolPB.OzoneManagerRequestHandler.getOzoneFileStatus(OzoneManagerRequestHandler.java:933) ~[ozone-manager-1.4.0-SNAPSHOT.jar:?]
	at org.apache.hadoop.ozone.protocolPB.OzoneManagerRequestHandler.handleReadRequest(OzoneManagerRequestHandler.java:238) ~[ozone-manager-1.4.0-SNAPSHOT.jar:?]
	at org.apache.hadoop.ozone.protocolPB.OzoneManagerProtocolServerSideTranslatorPB.submitRequestDirectlyToOM(OzoneManagerProtocolServerSideTranslatorPB.java:271) ~[ozone-manager-1.4.0-SNAPSHOT.jar:?]
	at org.apache.hadoop.ozone.protocolPB.OzoneManagerProtocolServerSideTranslatorPB.processRequest(OzoneManagerProtocolServerSideTranslatorPB.java:173) ~[ozone-manager-1.4.0-SNAPSHOT.jar:?]
	at org.apache.hadoop.hdds.server.OzoneProtocolMessageDispatcher.processRequest(OzoneProtocolMessageDispatcher.java:87) [hdds-server-framework-1.4.0-SNAPSHOT.jar:?]
	at org.apache.hadoop.ozone.protocolPB.OzoneManagerProtocolServerSideTranslatorPB.submitRequest(OzoneManagerProtocolServerSideTranslatorPB.java:147) [ozone-manager-1.4.0-SNAPSHOT.jar:?]
	at org.apache.hadoop.ozone.protocol.proto.OzoneManagerProtocolProtos$OzoneManagerService$2.callBlockingMethod(OzoneManagerProtocolProtos.java) [ozone-interface-client-1.4.0-SNAPSHOT.jar:?]
	at org.apache.hadoop.ipc.ProtobufRpcEngine$Server.processCall(ProtobufRpcEngine.java:465) [hadoop-common-3.3.4.jar:?]
	at org.apache.hadoop.ipc.ProtobufRpcEngine2$Server$ProtoBufRpcInvoker.call(ProtobufRpcEngine2.java:578) [hadoop-common-3.3.4.jar:?]
	at org.apache.hadoop.ipc.ProtobufRpcEngine2$Server$ProtoBufRpcInvoker.call(ProtobufRpcEngine2.java:556) [hadoop-common-3.3.4.jar:?]
	at org.apache.hadoop.ipc.RPC$Server.call(RPC.java:1093) [hadoop-common-3.3.4.jar:?]
	at org.apache.hadoop.ipc.Server$RpcCall.run(Server.java:1043) [hadoop-common-3.3.4.jar:?]
	at org.apache.hadoop.ipc.Server$RpcCall.run(Server.java:971) [hadoop-common-3.3.4.jar:?]
	at java.security.AccessController.doPrivileged(Native Method) ~[?:1.8.0_362]
	at javax.security.auth.Subject.doAs(Subject.java:422) [?:1.8.0_362]
	at org.apache.hadoop.security.UserGroupInformation.doAs(UserGroupInformation.java:1878) [hadoop-common-3.3.4.jar:?]
	at org.apache.hadoop.ipc.Server$Handler.run(Server.java:2976) [hadoop-common-3.3.4.jar:?]
2023-02-21 13:41:33,954 [IPC Server handler 17 on default port 40765] INFO  key.OMKeyRequest (OMKeyRequest.java:wrapUncommittedBlocksAsPseudoKey(837)) - Detect allocated but uncommitted blocks [{blockID={containerID=3, localID=111677748019200007}, length=4194304, offset=0, token=null, pipeline=null, createVersion=0, partNumber=0}] in key root_dir/file1.
13:41:33.955 [IPC Server handler 14 on default port 40765] ERROR OMAudit - user=runner | ip=127.0.0.1 | op=GET_FILE_STATUS {volume=volume82902, bucket=bucket15199, key=root_dir/file1/c, dataSize=0, replicationConfig=null} | ret=FAILURE
org.apache.hadoop.ozone.om.exceptions.OMException: Unable to get file status: volume: volume82902 bucket: bucket15199 key: root_dir/file1/c
	at org.apache.hadoop.ozone.om.KeyManagerImpl.getOzoneFileStatus(KeyManagerImpl.java:1162) ~[ozone-manager-1.4.0-SNAPSHOT.jar:?]
	at org.apache.hadoop.ozone.om.KeyManagerImpl.getFileStatus(KeyManagerImpl.java:1080) ~[ozone-manager-1.4.0-SNAPSHOT.jar:?]
	at org.apache.hadoop.ozone.om.OmMetadataReader.getFileStatus(OmMetadataReader.java:288) ~[ozone-manager-1.4.0-SNAPSHOT.jar:?]
	at org.apache.hadoop.ozone.om.OzoneManager.getFileStatus(OzoneManager.java:3450) ~[ozone-manager-1.4.0-SNAPSHOT.jar:?]
	at org.apache.hadoop.ozone.protocolPB.OzoneManagerRequestHandler.getOzoneFileStatus(OzoneManagerRequestHandler.java:933) ~[ozone-manager-1.4.0-SNAPSHOT.jar:?]
	at org.apache.hadoop.ozone.protocolPB.OzoneManagerRequestHandler.handleReadRequest(OzoneManagerRequestHandler.java:238) ~[ozone-manager-1.4.0-SNAPSHOT.jar:?]
	at org.apache.hadoop.ozone.protocolPB.OzoneManagerProtocolServerSideTranslatorPB.submitRequestDirectlyToOM(OzoneManagerProtocolServerSideTranslatorPB.java:271) ~[ozone-manager-1.4.0-SNAPSHOT.jar:?]
	at org.apache.hadoop.ozone.protocolPB.OzoneManagerProtocolServerSideTranslatorPB.processRequest(OzoneManagerProtocolServerSideTranslatorPB.java:173) ~[ozone-manager-1.4.0-SNAPSHOT.jar:?]
	at org.apache.hadoop.hdds.server.OzoneProtocolMessageDispatcher.processRequest(OzoneProtocolMessageDispatcher.java:87) [hdds-server-framework-1.4.0-SNAPSHOT.jar:?]
	at org.apache.hadoop.ozone.protocolPB.OzoneManagerProtocolServerSideTranslatorPB.submitRequest(OzoneManagerProtocolServerSideTranslatorPB.java:147) [ozone-manager-1.4.0-SNAPSHOT.jar:?]
	at org.apache.hadoop.ozone.protocol.proto.OzoneManagerProtocolProtos$OzoneManagerService$2.callBlockingMethod(OzoneManagerProtocolProtos.java) [ozone-interface-client-1.4.0-SNAPSHOT.jar:?]
	at org.apache.hadoop.ipc.ProtobufRpcEngine$Server.processCall(ProtobufRpcEngine.java:465) [hadoop-common-3.3.4.jar:?]
	at org.apache.hadoop.ipc.ProtobufRpcEngine2$Server$ProtoBufRpcInvoker.call(ProtobufRpcEngine2.java:578) [hadoop-common-3.3.4.jar:?]
	at org.apache.hadoop.ipc.ProtobufRpcEngine2$Server$ProtoBufRpcInvoker.call(ProtobufRpcEngine2.java:556) [hadoop-common-3.3.4.jar:?]
	at org.apache.hadoop.ipc.RPC$Server.call(RPC.java:1093) [hadoop-common-3.3.4.jar:?]
	at org.apache.hadoop.ipc.Server$RpcCall.run(Server.java:1043) [hadoop-common-3.3.4.jar:?]
	at org.apache.hadoop.ipc.Server$RpcCall.run(Server.java:971) [hadoop-common-3.3.4.jar:?]
	at java.security.AccessController.doPrivileged(Native Method) ~[?:1.8.0_362]
	at javax.security.auth.Subject.doAs(Subject.java:422) [?:1.8.0_362]
	at org.apache.hadoop.security.UserGroupInformation.doAs(UserGroupInformation.java:1878) [hadoop-common-3.3.4.jar:?]
	at org.apache.hadoop.ipc.Server$Handler.run(Server.java:2976) [hadoop-common-3.3.4.jar:?]
]]></system-out>
  </testcase>
  <testcase name="testCreateWithInvalidPaths" classname="TestOzoneFileSystem" time="0.01"/>
  <testcase name="testCreateWithInvalidPaths" classname="TestOzoneFileSystem" time="0.002"/>
  <testcase name="testCreateWithInvalidPaths" classname="TestOzoneFileSystem" time="0.002"/>
  <testcase name="testCreateWithInvalidPaths" classname="TestOzoneFileSystem" time="0.001"/>
  <testcase name="testListStatusOnRoot" classname="TestOzoneFileSystem" time="0.045"/>
  <testcase name="testListStatusOnRoot" classname="TestOzoneFileSystem" time="0.025"/>
  <testcase name="testListStatusOnRoot" classname="TestOzoneFileSystem" time="0.011"/>
  <testcase name="testListStatusOnRoot" classname="TestOzoneFileSystem" time="0.007"/>
  <testcase name="testRenameWithNonExistentSource" classname="TestOzoneFileSystem" time="0.027">
    <system-out><![CDATA[2023-02-21 13:38:02,446 [Time-limited test] INFO  ozone.TestOzoneFileSystem (TestOzoneFileSystem.java:testRenameWithNonExistentSource(1151)) - Created destin dir: o3fs://bucket10538.volume06454/root/dir2
2023-02-21 13:38:02,446 [Time-limited test] INFO  ozone.TestOzoneFileSystem (TestOzoneFileSystem.java:testRenameWithNonExistentSource(1153)) - Rename op-> source:o3fs://bucket10538.volume06454/root/dir1 to destin:o3fs://bucket10538.volume06454/root/dir2}
13:38:02.450 [IPC Server handler 16 on default port 35721] ERROR OMAudit - user=runner | ip=127.0.0.1 | op=GET_FILE_STATUS {volume=volume06454, bucket=bucket10538, key=root/dir1, dataSize=0, replicationConfig=null} | ret=FAILURE
org.apache.hadoop.ozone.om.exceptions.OMException: Unable to get file status: volume: volume06454 bucket: bucket10538 key: root/dir1
	at org.apache.hadoop.ozone.om.KeyManagerImpl.getOzoneFileStatus(KeyManagerImpl.java:1162) ~[ozone-manager-1.4.0-SNAPSHOT.jar:?]
	at org.apache.hadoop.ozone.om.KeyManagerImpl.getFileStatus(KeyManagerImpl.java:1080) ~[ozone-manager-1.4.0-SNAPSHOT.jar:?]
	at org.apache.hadoop.ozone.om.OmMetadataReader.getFileStatus(OmMetadataReader.java:288) ~[ozone-manager-1.4.0-SNAPSHOT.jar:?]
	at org.apache.hadoop.ozone.om.OzoneManager.getFileStatus(OzoneManager.java:3450) ~[ozone-manager-1.4.0-SNAPSHOT.jar:?]
	at org.apache.hadoop.ozone.protocolPB.OzoneManagerRequestHandler.getOzoneFileStatus(OzoneManagerRequestHandler.java:933) ~[ozone-manager-1.4.0-SNAPSHOT.jar:?]
	at org.apache.hadoop.ozone.protocolPB.OzoneManagerRequestHandler.handleReadRequest(OzoneManagerRequestHandler.java:238) ~[ozone-manager-1.4.0-SNAPSHOT.jar:?]
	at org.apache.hadoop.ozone.protocolPB.OzoneManagerProtocolServerSideTranslatorPB.submitReadRequestToOM(OzoneManagerProtocolServerSideTranslatorPB.java:223) ~[ozone-manager-1.4.0-SNAPSHOT.jar:?]
	at org.apache.hadoop.ozone.protocolPB.OzoneManagerProtocolServerSideTranslatorPB.processRequest(OzoneManagerProtocolServerSideTranslatorPB.java:177) ~[ozone-manager-1.4.0-SNAPSHOT.jar:?]
	at org.apache.hadoop.hdds.server.OzoneProtocolMessageDispatcher.processRequest(OzoneProtocolMessageDispatcher.java:87) [hdds-server-framework-1.4.0-SNAPSHOT.jar:?]
	at org.apache.hadoop.ozone.protocolPB.OzoneManagerProtocolServerSideTranslatorPB.submitRequest(OzoneManagerProtocolServerSideTranslatorPB.java:147) [ozone-manager-1.4.0-SNAPSHOT.jar:?]
	at org.apache.hadoop.ozone.protocol.proto.OzoneManagerProtocolProtos$OzoneManagerService$2.callBlockingMethod(OzoneManagerProtocolProtos.java) [ozone-interface-client-1.4.0-SNAPSHOT.jar:?]
	at org.apache.hadoop.ipc.ProtobufRpcEngine$Server.processCall(ProtobufRpcEngine.java:465) [hadoop-common-3.3.4.jar:?]
	at org.apache.hadoop.ipc.ProtobufRpcEngine2$Server$ProtoBufRpcInvoker.call(ProtobufRpcEngine2.java:578) [hadoop-common-3.3.4.jar:?]
	at org.apache.hadoop.ipc.ProtobufRpcEngine2$Server$ProtoBufRpcInvoker.call(ProtobufRpcEngine2.java:556) [hadoop-common-3.3.4.jar:?]
	at org.apache.hadoop.ipc.RPC$Server.call(RPC.java:1093) [hadoop-common-3.3.4.jar:?]
	at org.apache.hadoop.ipc.Server$RpcCall.run(Server.java:1043) [hadoop-common-3.3.4.jar:?]
	at org.apache.hadoop.ipc.Server$RpcCall.run(Server.java:971) [hadoop-common-3.3.4.jar:?]
	at java.security.AccessController.doPrivileged(Native Method) ~[?:1.8.0_362]
	at javax.security.auth.Subject.doAs(Subject.java:422) [?:1.8.0_362]
	at org.apache.hadoop.security.UserGroupInformation.doAs(UserGroupInformation.java:1878) [hadoop-common-3.3.4.jar:?]
	at org.apache.hadoop.ipc.Server$Handler.run(Server.java:2976) [hadoop-common-3.3.4.jar:?]
]]></system-out>
  </testcase>
  <testcase name="testRenameWithNonExistentSource" classname="TestOzoneFileSystem" time="0.018">
    <system-out><![CDATA[2023-02-21 13:39:26,340 [Time-limited test] INFO  ozone.TestOzoneFileSystem (TestOzoneFileSystem.java:testRenameWithNonExistentSource(1151)) - Created destin dir: o3fs://bucket73093.volume46490/root/dir2
2023-02-21 13:39:26,340 [Time-limited test] INFO  ozone.TestOzoneFileSystem (TestOzoneFileSystem.java:testRenameWithNonExistentSource(1153)) - Rename op-> source:o3fs://bucket73093.volume46490/root/dir1 to destin:o3fs://bucket73093.volume46490/root/dir2}
13:39:26.342 [IPC Server handler 5 on default port 40229] ERROR OMAudit - user=runner | ip=127.0.0.1 | op=GET_FILE_STATUS {volume=volume46490, bucket=bucket73093, key=root/dir1, dataSize=0, replicationConfig=null} | ret=FAILURE
org.apache.hadoop.ozone.om.exceptions.OMException: Unable to get file status: volume: volume46490 bucket: bucket73093 key: root/dir1
	at org.apache.hadoop.ozone.om.KeyManagerImpl.getOzoneFileStatus(KeyManagerImpl.java:1162) ~[ozone-manager-1.4.0-SNAPSHOT.jar:?]
	at org.apache.hadoop.ozone.om.KeyManagerImpl.getFileStatus(KeyManagerImpl.java:1080) ~[ozone-manager-1.4.0-SNAPSHOT.jar:?]
	at org.apache.hadoop.ozone.om.OmMetadataReader.getFileStatus(OmMetadataReader.java:288) ~[ozone-manager-1.4.0-SNAPSHOT.jar:?]
	at org.apache.hadoop.ozone.om.OzoneManager.getFileStatus(OzoneManager.java:3450) ~[ozone-manager-1.4.0-SNAPSHOT.jar:?]
	at org.apache.hadoop.ozone.protocolPB.OzoneManagerRequestHandler.getOzoneFileStatus(OzoneManagerRequestHandler.java:933) ~[ozone-manager-1.4.0-SNAPSHOT.jar:?]
	at org.apache.hadoop.ozone.protocolPB.OzoneManagerRequestHandler.handleReadRequest(OzoneManagerRequestHandler.java:238) ~[ozone-manager-1.4.0-SNAPSHOT.jar:?]
	at org.apache.hadoop.ozone.protocolPB.OzoneManagerProtocolServerSideTranslatorPB.submitRequestDirectlyToOM(OzoneManagerProtocolServerSideTranslatorPB.java:271) ~[ozone-manager-1.4.0-SNAPSHOT.jar:?]
	at org.apache.hadoop.ozone.protocolPB.OzoneManagerProtocolServerSideTranslatorPB.processRequest(OzoneManagerProtocolServerSideTranslatorPB.java:173) ~[ozone-manager-1.4.0-SNAPSHOT.jar:?]
	at org.apache.hadoop.hdds.server.OzoneProtocolMessageDispatcher.processRequest(OzoneProtocolMessageDispatcher.java:87) [hdds-server-framework-1.4.0-SNAPSHOT.jar:?]
	at org.apache.hadoop.ozone.protocolPB.OzoneManagerProtocolServerSideTranslatorPB.submitRequest(OzoneManagerProtocolServerSideTranslatorPB.java:147) [ozone-manager-1.4.0-SNAPSHOT.jar:?]
	at org.apache.hadoop.ozone.protocol.proto.OzoneManagerProtocolProtos$OzoneManagerService$2.callBlockingMethod(OzoneManagerProtocolProtos.java) [ozone-interface-client-1.4.0-SNAPSHOT.jar:?]
	at org.apache.hadoop.ipc.ProtobufRpcEngine$Server.processCall(ProtobufRpcEngine.java:465) [hadoop-common-3.3.4.jar:?]
	at org.apache.hadoop.ipc.ProtobufRpcEngine2$Server$ProtoBufRpcInvoker.call(ProtobufRpcEngine2.java:578) [hadoop-common-3.3.4.jar:?]
	at org.apache.hadoop.ipc.ProtobufRpcEngine2$Server$ProtoBufRpcInvoker.call(ProtobufRpcEngine2.java:556) [hadoop-common-3.3.4.jar:?]
	at org.apache.hadoop.ipc.RPC$Server.call(RPC.java:1093) [hadoop-common-3.3.4.jar:?]
	at org.apache.hadoop.ipc.Server$RpcCall.run(Server.java:1043) [hadoop-common-3.3.4.jar:?]
	at org.apache.hadoop.ipc.Server$RpcCall.run(Server.java:971) [hadoop-common-3.3.4.jar:?]
	at java.security.AccessController.doPrivileged(Native Method) ~[?:1.8.0_362]
	at javax.security.auth.Subject.doAs(Subject.java:422) [?:1.8.0_362]
	at org.apache.hadoop.security.UserGroupInformation.doAs(UserGroupInformation.java:1878) [hadoop-common-3.3.4.jar:?]
	at org.apache.hadoop.ipc.Server$Handler.run(Server.java:2976) [hadoop-common-3.3.4.jar:?]
]]></system-out>
  </testcase>
  <testcase name="testRenameWithNonExistentSource" classname="TestOzoneFileSystem" time="0.008">
    <system-out><![CDATA[2023-02-21 13:40:24,899 [Time-limited test] INFO  ozone.TestOzoneFileSystem (TestOzoneFileSystem.java:testRenameWithNonExistentSource(1151)) - Created destin dir: o3fs://bucket64015.volume47855/root/dir2
2023-02-21 13:40:24,899 [Time-limited test] INFO  ozone.TestOzoneFileSystem (TestOzoneFileSystem.java:testRenameWithNonExistentSource(1153)) - Rename op-> source:o3fs://bucket64015.volume47855/root/dir1 to destin:o3fs://bucket64015.volume47855/root/dir2}
13:40:24.900 [IPC Server handler 5 on default port 34503] ERROR OMAudit - user=runner | ip=127.0.0.1 | op=GET_FILE_STATUS {volume=volume47855, bucket=bucket64015, key=root/dir1, dataSize=0, replicationConfig=null} | ret=FAILURE
org.apache.hadoop.ozone.om.exceptions.OMException: Unable to get file status: volume: volume47855 bucket: bucket64015 key: root/dir1
	at org.apache.hadoop.ozone.om.KeyManagerImpl.getOzoneFileStatus(KeyManagerImpl.java:1162) ~[ozone-manager-1.4.0-SNAPSHOT.jar:?]
	at org.apache.hadoop.ozone.om.KeyManagerImpl.getFileStatus(KeyManagerImpl.java:1080) ~[ozone-manager-1.4.0-SNAPSHOT.jar:?]
	at org.apache.hadoop.ozone.om.OmMetadataReader.getFileStatus(OmMetadataReader.java:288) ~[ozone-manager-1.4.0-SNAPSHOT.jar:?]
	at org.apache.hadoop.ozone.om.OzoneManager.getFileStatus(OzoneManager.java:3450) ~[ozone-manager-1.4.0-SNAPSHOT.jar:?]
	at org.apache.hadoop.ozone.protocolPB.OzoneManagerRequestHandler.getOzoneFileStatus(OzoneManagerRequestHandler.java:933) ~[ozone-manager-1.4.0-SNAPSHOT.jar:?]
	at org.apache.hadoop.ozone.protocolPB.OzoneManagerRequestHandler.handleReadRequest(OzoneManagerRequestHandler.java:238) ~[ozone-manager-1.4.0-SNAPSHOT.jar:?]
	at org.apache.hadoop.ozone.protocolPB.OzoneManagerProtocolServerSideTranslatorPB.submitReadRequestToOM(OzoneManagerProtocolServerSideTranslatorPB.java:223) ~[ozone-manager-1.4.0-SNAPSHOT.jar:?]
	at org.apache.hadoop.ozone.protocolPB.OzoneManagerProtocolServerSideTranslatorPB.processRequest(OzoneManagerProtocolServerSideTranslatorPB.java:177) ~[ozone-manager-1.4.0-SNAPSHOT.jar:?]
	at org.apache.hadoop.hdds.server.OzoneProtocolMessageDispatcher.processRequest(OzoneProtocolMessageDispatcher.java:87) [hdds-server-framework-1.4.0-SNAPSHOT.jar:?]
	at org.apache.hadoop.ozone.protocolPB.OzoneManagerProtocolServerSideTranslatorPB.submitRequest(OzoneManagerProtocolServerSideTranslatorPB.java:147) [ozone-manager-1.4.0-SNAPSHOT.jar:?]
	at org.apache.hadoop.ozone.protocol.proto.OzoneManagerProtocolProtos$OzoneManagerService$2.callBlockingMethod(OzoneManagerProtocolProtos.java) [ozone-interface-client-1.4.0-SNAPSHOT.jar:?]
	at org.apache.hadoop.ipc.ProtobufRpcEngine$Server.processCall(ProtobufRpcEngine.java:465) [hadoop-common-3.3.4.jar:?]
	at org.apache.hadoop.ipc.ProtobufRpcEngine2$Server$ProtoBufRpcInvoker.call(ProtobufRpcEngine2.java:578) [hadoop-common-3.3.4.jar:?]
	at org.apache.hadoop.ipc.ProtobufRpcEngine2$Server$ProtoBufRpcInvoker.call(ProtobufRpcEngine2.java:556) [hadoop-common-3.3.4.jar:?]
	at org.apache.hadoop.ipc.RPC$Server.call(RPC.java:1093) [hadoop-common-3.3.4.jar:?]
	at org.apache.hadoop.ipc.Server$RpcCall.run(Server.java:1043) [hadoop-common-3.3.4.jar:?]
	at org.apache.hadoop.ipc.Server$RpcCall.run(Server.java:971) [hadoop-common-3.3.4.jar:?]
	at java.security.AccessController.doPrivileged(Native Method) ~[?:1.8.0_362]
	at javax.security.auth.Subject.doAs(Subject.java:422) [?:1.8.0_362]
	at org.apache.hadoop.security.UserGroupInformation.doAs(UserGroupInformation.java:1878) [hadoop-common-3.3.4.jar:?]
	at org.apache.hadoop.ipc.Server$Handler.run(Server.java:2976) [hadoop-common-3.3.4.jar:?]
]]></system-out>
  </testcase>
  <testcase name="testRenameWithNonExistentSource" classname="TestOzoneFileSystem" time="0.005">
    <system-out><![CDATA[2023-02-21 13:41:33,968 [Time-limited test] INFO  ozone.TestOzoneFileSystem (TestOzoneFileSystem.java:testRenameWithNonExistentSource(1151)) - Created destin dir: o3fs://bucket15199.volume82902/root/dir2
2023-02-21 13:41:33,968 [Time-limited test] INFO  ozone.TestOzoneFileSystem (TestOzoneFileSystem.java:testRenameWithNonExistentSource(1153)) - Rename op-> source:o3fs://bucket15199.volume82902/root/dir1 to destin:o3fs://bucket15199.volume82902/root/dir2}
13:41:33.969 [IPC Server handler 12 on default port 40765] ERROR OMAudit - user=runner | ip=127.0.0.1 | op=GET_FILE_STATUS {volume=volume82902, bucket=bucket15199, key=root/dir1, dataSize=0, replicationConfig=null} | ret=FAILURE
org.apache.hadoop.ozone.om.exceptions.OMException: Unable to get file status: volume: volume82902 bucket: bucket15199 key: root/dir1
	at org.apache.hadoop.ozone.om.KeyManagerImpl.getOzoneFileStatus(KeyManagerImpl.java:1162) ~[ozone-manager-1.4.0-SNAPSHOT.jar:?]
	at org.apache.hadoop.ozone.om.KeyManagerImpl.getFileStatus(KeyManagerImpl.java:1080) ~[ozone-manager-1.4.0-SNAPSHOT.jar:?]
	at org.apache.hadoop.ozone.om.OmMetadataReader.getFileStatus(OmMetadataReader.java:288) ~[ozone-manager-1.4.0-SNAPSHOT.jar:?]
	at org.apache.hadoop.ozone.om.OzoneManager.getFileStatus(OzoneManager.java:3450) ~[ozone-manager-1.4.0-SNAPSHOT.jar:?]
	at org.apache.hadoop.ozone.protocolPB.OzoneManagerRequestHandler.getOzoneFileStatus(OzoneManagerRequestHandler.java:933) ~[ozone-manager-1.4.0-SNAPSHOT.jar:?]
	at org.apache.hadoop.ozone.protocolPB.OzoneManagerRequestHandler.handleReadRequest(OzoneManagerRequestHandler.java:238) ~[ozone-manager-1.4.0-SNAPSHOT.jar:?]
	at org.apache.hadoop.ozone.protocolPB.OzoneManagerProtocolServerSideTranslatorPB.submitRequestDirectlyToOM(OzoneManagerProtocolServerSideTranslatorPB.java:271) ~[ozone-manager-1.4.0-SNAPSHOT.jar:?]
	at org.apache.hadoop.ozone.protocolPB.OzoneManagerProtocolServerSideTranslatorPB.processRequest(OzoneManagerProtocolServerSideTranslatorPB.java:173) ~[ozone-manager-1.4.0-SNAPSHOT.jar:?]
	at org.apache.hadoop.hdds.server.OzoneProtocolMessageDispatcher.processRequest(OzoneProtocolMessageDispatcher.java:87) [hdds-server-framework-1.4.0-SNAPSHOT.jar:?]
	at org.apache.hadoop.ozone.protocolPB.OzoneManagerProtocolServerSideTranslatorPB.submitRequest(OzoneManagerProtocolServerSideTranslatorPB.java:147) [ozone-manager-1.4.0-SNAPSHOT.jar:?]
	at org.apache.hadoop.ozone.protocol.proto.OzoneManagerProtocolProtos$OzoneManagerService$2.callBlockingMethod(OzoneManagerProtocolProtos.java) [ozone-interface-client-1.4.0-SNAPSHOT.jar:?]
	at org.apache.hadoop.ipc.ProtobufRpcEngine$Server.processCall(ProtobufRpcEngine.java:465) [hadoop-common-3.3.4.jar:?]
	at org.apache.hadoop.ipc.ProtobufRpcEngine2$Server$ProtoBufRpcInvoker.call(ProtobufRpcEngine2.java:578) [hadoop-common-3.3.4.jar:?]
	at org.apache.hadoop.ipc.ProtobufRpcEngine2$Server$ProtoBufRpcInvoker.call(ProtobufRpcEngine2.java:556) [hadoop-common-3.3.4.jar:?]
	at org.apache.hadoop.ipc.RPC$Server.call(RPC.java:1093) [hadoop-common-3.3.4.jar:?]
	at org.apache.hadoop.ipc.Server$RpcCall.run(Server.java:1043) [hadoop-common-3.3.4.jar:?]
	at org.apache.hadoop.ipc.Server$RpcCall.run(Server.java:971) [hadoop-common-3.3.4.jar:?]
	at java.security.AccessController.doPrivileged(Native Method) ~[?:1.8.0_362]
	at javax.security.auth.Subject.doAs(Subject.java:422) [?:1.8.0_362]
	at org.apache.hadoop.security.UserGroupInformation.doAs(UserGroupInformation.java:1878) [hadoop-common-3.3.4.jar:?]
	at org.apache.hadoop.ipc.Server$Handler.run(Server.java:2976) [hadoop-common-3.3.4.jar:?]
]]></system-out>
  </testcase>
  <testcase name="testRenameToParentDir" classname="TestOzoneFileSystem" time="0.08">
    <system-out><![CDATA[2023-02-21 13:38:02,491 [OM StateMachine ApplyTransaction Thread - 0] INFO  key.OMKeyRequest (OMKeyRequest.java:wrapUncommittedBlocksAsPseudoKey(837)) - Detect allocated but uncommitted blocks [{blockID={containerID=4, localID=111677748019200008}, length=4194304, offset=0, token=null, pipeline=null, createVersion=0, partNumber=0}] in key root_dir/dir1/file2.
13:38:02.497 [IPC Server handler 2 on default port 35721] ERROR OMAudit - user=runner | ip=127.0.0.1 | op=LIST_STATUS {volume=volume06454, bucket=bucket10538, key=root_dir/dir2, dataSize=0, replicationConfig=null} | ret=FAILURE
org.apache.hadoop.ozone.om.exceptions.OMException: Unable to get file status: volume: volume06454 bucket: bucket10538 key: root_dir/dir2
	at org.apache.hadoop.ozone.om.KeyManagerImpl.getOzoneFileStatus(KeyManagerImpl.java:1162) ~[ozone-manager-1.4.0-SNAPSHOT.jar:?]
	at org.apache.hadoop.ozone.om.KeyManagerImpl.getFileStatus(KeyManagerImpl.java:1080) ~[ozone-manager-1.4.0-SNAPSHOT.jar:?]
	at org.apache.hadoop.ozone.om.KeyManagerImpl.listStatus(KeyManagerImpl.java:1443) ~[ozone-manager-1.4.0-SNAPSHOT.jar:?]
	at org.apache.hadoop.ozone.om.OmMetadataReader.listStatus(OmMetadataReader.java:261) ~[ozone-manager-1.4.0-SNAPSHOT.jar:?]
	at org.apache.hadoop.ozone.om.OzoneManager.listStatus(OzoneManager.java:3469) ~[ozone-manager-1.4.0-SNAPSHOT.jar:?]
	at org.apache.hadoop.ozone.protocolPB.OzoneManagerRequestHandler.listStatus(OzoneManagerRequestHandler.java:1097) ~[ozone-manager-1.4.0-SNAPSHOT.jar:?]
	at org.apache.hadoop.ozone.protocolPB.OzoneManagerRequestHandler.handleReadRequest(OzoneManagerRequestHandler.java:249) ~[ozone-manager-1.4.0-SNAPSHOT.jar:?]
	at org.apache.hadoop.ozone.protocolPB.OzoneManagerProtocolServerSideTranslatorPB.submitReadRequestToOM(OzoneManagerProtocolServerSideTranslatorPB.java:223) ~[ozone-manager-1.4.0-SNAPSHOT.jar:?]
	at org.apache.hadoop.ozone.protocolPB.OzoneManagerProtocolServerSideTranslatorPB.processRequest(OzoneManagerProtocolServerSideTranslatorPB.java:177) ~[ozone-manager-1.4.0-SNAPSHOT.jar:?]
	at org.apache.hadoop.hdds.server.OzoneProtocolMessageDispatcher.processRequest(OzoneProtocolMessageDispatcher.java:87) [hdds-server-framework-1.4.0-SNAPSHOT.jar:?]
	at org.apache.hadoop.ozone.protocolPB.OzoneManagerProtocolServerSideTranslatorPB.submitRequest(OzoneManagerProtocolServerSideTranslatorPB.java:147) [ozone-manager-1.4.0-SNAPSHOT.jar:?]
	at org.apache.hadoop.ozone.protocol.proto.OzoneManagerProtocolProtos$OzoneManagerService$2.callBlockingMethod(OzoneManagerProtocolProtos.java) [ozone-interface-client-1.4.0-SNAPSHOT.jar:?]
	at org.apache.hadoop.ipc.ProtobufRpcEngine$Server.processCall(ProtobufRpcEngine.java:465) [hadoop-common-3.3.4.jar:?]
	at org.apache.hadoop.ipc.ProtobufRpcEngine2$Server$ProtoBufRpcInvoker.call(ProtobufRpcEngine2.java:578) [hadoop-common-3.3.4.jar:?]
	at org.apache.hadoop.ipc.ProtobufRpcEngine2$Server$ProtoBufRpcInvoker.call(ProtobufRpcEngine2.java:556) [hadoop-common-3.3.4.jar:?]
	at org.apache.hadoop.ipc.RPC$Server.call(RPC.java:1093) [hadoop-common-3.3.4.jar:?]
	at org.apache.hadoop.ipc.Server$RpcCall.run(Server.java:1043) [hadoop-common-3.3.4.jar:?]
	at org.apache.hadoop.ipc.Server$RpcCall.run(Server.java:971) [hadoop-common-3.3.4.jar:?]
	at java.security.AccessController.doPrivileged(Native Method) ~[?:1.8.0_362]
	at javax.security.auth.Subject.doAs(Subject.java:422) [?:1.8.0_362]
	at org.apache.hadoop.security.UserGroupInformation.doAs(UserGroupInformation.java:1878) [hadoop-common-3.3.4.jar:?]
	at org.apache.hadoop.ipc.Server$Handler.run(Server.java:2976) [hadoop-common-3.3.4.jar:?]
13:38:02.519 [IPC Server handler 6 on default port 35721] ERROR OMAudit - user=runner | ip=127.0.0.1 | op=LIST_STATUS {volume=volume06454, bucket=bucket10538, key=root_dir/file2, dataSize=0, replicationConfig=null} | ret=FAILURE
org.apache.hadoop.ozone.om.exceptions.OMException: Unable to get file status: volume: volume06454 bucket: bucket10538 key: root_dir/file2
	at org.apache.hadoop.ozone.om.KeyManagerImpl.getOzoneFileStatus(KeyManagerImpl.java:1162) ~[ozone-manager-1.4.0-SNAPSHOT.jar:?]
	at org.apache.hadoop.ozone.om.KeyManagerImpl.getFileStatus(KeyManagerImpl.java:1080) ~[ozone-manager-1.4.0-SNAPSHOT.jar:?]
	at org.apache.hadoop.ozone.om.KeyManagerImpl.listStatus(KeyManagerImpl.java:1443) ~[ozone-manager-1.4.0-SNAPSHOT.jar:?]
	at org.apache.hadoop.ozone.om.OmMetadataReader.listStatus(OmMetadataReader.java:261) ~[ozone-manager-1.4.0-SNAPSHOT.jar:?]
	at org.apache.hadoop.ozone.om.OzoneManager.listStatus(OzoneManager.java:3469) ~[ozone-manager-1.4.0-SNAPSHOT.jar:?]
	at org.apache.hadoop.ozone.protocolPB.OzoneManagerRequestHandler.listStatus(OzoneManagerRequestHandler.java:1097) ~[ozone-manager-1.4.0-SNAPSHOT.jar:?]
	at org.apache.hadoop.ozone.protocolPB.OzoneManagerRequestHandler.handleReadRequest(OzoneManagerRequestHandler.java:249) ~[ozone-manager-1.4.0-SNAPSHOT.jar:?]
	at org.apache.hadoop.ozone.protocolPB.OzoneManagerProtocolServerSideTranslatorPB.submitReadRequestToOM(OzoneManagerProtocolServerSideTranslatorPB.java:223) ~[ozone-manager-1.4.0-SNAPSHOT.jar:?]
	at org.apache.hadoop.ozone.protocolPB.OzoneManagerProtocolServerSideTranslatorPB.processRequest(OzoneManagerProtocolServerSideTranslatorPB.java:177) ~[ozone-manager-1.4.0-SNAPSHOT.jar:?]
	at org.apache.hadoop.hdds.server.OzoneProtocolMessageDispatcher.processRequest(OzoneProtocolMessageDispatcher.java:87) [hdds-server-framework-1.4.0-SNAPSHOT.jar:?]
	at org.apache.hadoop.ozone.protocolPB.OzoneManagerProtocolServerSideTranslatorPB.submitRequest(OzoneManagerProtocolServerSideTranslatorPB.java:147) [ozone-manager-1.4.0-SNAPSHOT.jar:?]
	at org.apache.hadoop.ozone.protocol.proto.OzoneManagerProtocolProtos$OzoneManagerService$2.callBlockingMethod(OzoneManagerProtocolProtos.java) [ozone-interface-client-1.4.0-SNAPSHOT.jar:?]
	at org.apache.hadoop.ipc.ProtobufRpcEngine$Server.processCall(ProtobufRpcEngine.java:465) [hadoop-common-3.3.4.jar:?]
	at org.apache.hadoop.ipc.ProtobufRpcEngine2$Server$ProtoBufRpcInvoker.call(ProtobufRpcEngine2.java:578) [hadoop-common-3.3.4.jar:?]
	at org.apache.hadoop.ipc.ProtobufRpcEngine2$Server$ProtoBufRpcInvoker.call(ProtobufRpcEngine2.java:556) [hadoop-common-3.3.4.jar:?]
	at org.apache.hadoop.ipc.RPC$Server.call(RPC.java:1093) [hadoop-common-3.3.4.jar:?]
	at org.apache.hadoop.ipc.Server$RpcCall.run(Server.java:1043) [hadoop-common-3.3.4.jar:?]
	at org.apache.hadoop.ipc.Server$RpcCall.run(Server.java:971) [hadoop-common-3.3.4.jar:?]
	at java.security.AccessController.doPrivileged(Native Method) ~[?:1.8.0_362]
	at javax.security.auth.Subject.doAs(Subject.java:422) [?:1.8.0_362]
	at org.apache.hadoop.security.UserGroupInformation.doAs(UserGroupInformation.java:1878) [hadoop-common-3.3.4.jar:?]
	at org.apache.hadoop.ipc.Server$Handler.run(Server.java:2976) [hadoop-common-3.3.4.jar:?]
]]></system-out>
  </testcase>
  <testcase name="testRenameToParentDir" classname="TestOzoneFileSystem" time="0.026">
    <system-out><![CDATA[2023-02-21 13:39:26,361 [IPC Server handler 17 on default port 40229] INFO  key.OMKeyRequest (OMKeyRequest.java:wrapUncommittedBlocksAsPseudoKey(837)) - Detect allocated but uncommitted blocks [{blockID={containerID=2, localID=111677748019200008}, length=4194304, offset=0, token=null, pipeline=null, createVersion=0, partNumber=0}] in key root_dir/dir1/file2.
13:39:26.363 [IPC Server handler 2 on default port 40229] ERROR OMAudit - user=runner | ip=127.0.0.1 | op=LIST_STATUS {volume=volume46490, bucket=bucket73093, key=root_dir/dir2, dataSize=0, replicationConfig=null} | ret=FAILURE
org.apache.hadoop.ozone.om.exceptions.OMException: Unable to get file status: volume: volume46490 bucket: bucket73093 key: root_dir/dir2
	at org.apache.hadoop.ozone.om.KeyManagerImpl.getOzoneFileStatus(KeyManagerImpl.java:1162) ~[ozone-manager-1.4.0-SNAPSHOT.jar:?]
	at org.apache.hadoop.ozone.om.KeyManagerImpl.getFileStatus(KeyManagerImpl.java:1080) ~[ozone-manager-1.4.0-SNAPSHOT.jar:?]
	at org.apache.hadoop.ozone.om.KeyManagerImpl.listStatus(KeyManagerImpl.java:1443) ~[ozone-manager-1.4.0-SNAPSHOT.jar:?]
	at org.apache.hadoop.ozone.om.OmMetadataReader.listStatus(OmMetadataReader.java:261) ~[ozone-manager-1.4.0-SNAPSHOT.jar:?]
	at org.apache.hadoop.ozone.om.OzoneManager.listStatus(OzoneManager.java:3469) ~[ozone-manager-1.4.0-SNAPSHOT.jar:?]
	at org.apache.hadoop.ozone.protocolPB.OzoneManagerRequestHandler.listStatus(OzoneManagerRequestHandler.java:1097) ~[ozone-manager-1.4.0-SNAPSHOT.jar:?]
	at org.apache.hadoop.ozone.protocolPB.OzoneManagerRequestHandler.handleReadRequest(OzoneManagerRequestHandler.java:249) ~[ozone-manager-1.4.0-SNAPSHOT.jar:?]
	at org.apache.hadoop.ozone.protocolPB.OzoneManagerProtocolServerSideTranslatorPB.submitRequestDirectlyToOM(OzoneManagerProtocolServerSideTranslatorPB.java:271) ~[ozone-manager-1.4.0-SNAPSHOT.jar:?]
	at org.apache.hadoop.ozone.protocolPB.OzoneManagerProtocolServerSideTranslatorPB.processRequest(OzoneManagerProtocolServerSideTranslatorPB.java:173) ~[ozone-manager-1.4.0-SNAPSHOT.jar:?]
	at org.apache.hadoop.hdds.server.OzoneProtocolMessageDispatcher.processRequest(OzoneProtocolMessageDispatcher.java:87) [hdds-server-framework-1.4.0-SNAPSHOT.jar:?]
	at org.apache.hadoop.ozone.protocolPB.OzoneManagerProtocolServerSideTranslatorPB.submitRequest(OzoneManagerProtocolServerSideTranslatorPB.java:147) [ozone-manager-1.4.0-SNAPSHOT.jar:?]
	at org.apache.hadoop.ozone.protocol.proto.OzoneManagerProtocolProtos$OzoneManagerService$2.callBlockingMethod(OzoneManagerProtocolProtos.java) [ozone-interface-client-1.4.0-SNAPSHOT.jar:?]
	at org.apache.hadoop.ipc.ProtobufRpcEngine$Server.processCall(ProtobufRpcEngine.java:465) [hadoop-common-3.3.4.jar:?]
	at org.apache.hadoop.ipc.ProtobufRpcEngine2$Server$ProtoBufRpcInvoker.call(ProtobufRpcEngine2.java:578) [hadoop-common-3.3.4.jar:?]
	at org.apache.hadoop.ipc.ProtobufRpcEngine2$Server$ProtoBufRpcInvoker.call(ProtobufRpcEngine2.java:556) [hadoop-common-3.3.4.jar:?]
	at org.apache.hadoop.ipc.RPC$Server.call(RPC.java:1093) [hadoop-common-3.3.4.jar:?]
	at org.apache.hadoop.ipc.Server$RpcCall.run(Server.java:1043) [hadoop-common-3.3.4.jar:?]
	at org.apache.hadoop.ipc.Server$RpcCall.run(Server.java:971) [hadoop-common-3.3.4.jar:?]
	at java.security.AccessController.doPrivileged(Native Method) ~[?:1.8.0_362]
	at javax.security.auth.Subject.doAs(Subject.java:422) [?:1.8.0_362]
	at org.apache.hadoop.security.UserGroupInformation.doAs(UserGroupInformation.java:1878) [hadoop-common-3.3.4.jar:?]
	at org.apache.hadoop.ipc.Server$Handler.run(Server.java:2976) [hadoop-common-3.3.4.jar:?]
13:39:26.370 [IPC Server handler 12 on default port 40229] ERROR OMAudit - user=runner | ip=127.0.0.1 | op=LIST_STATUS {volume=volume46490, bucket=bucket73093, key=root_dir/file2, dataSize=0, replicationConfig=null} | ret=FAILURE
org.apache.hadoop.ozone.om.exceptions.OMException: Unable to get file status: volume: volume46490 bucket: bucket73093 key: root_dir/file2
	at org.apache.hadoop.ozone.om.KeyManagerImpl.getOzoneFileStatus(KeyManagerImpl.java:1162) ~[ozone-manager-1.4.0-SNAPSHOT.jar:?]
	at org.apache.hadoop.ozone.om.KeyManagerImpl.getFileStatus(KeyManagerImpl.java:1080) ~[ozone-manager-1.4.0-SNAPSHOT.jar:?]
	at org.apache.hadoop.ozone.om.KeyManagerImpl.listStatus(KeyManagerImpl.java:1443) ~[ozone-manager-1.4.0-SNAPSHOT.jar:?]
	at org.apache.hadoop.ozone.om.OmMetadataReader.listStatus(OmMetadataReader.java:261) ~[ozone-manager-1.4.0-SNAPSHOT.jar:?]
	at org.apache.hadoop.ozone.om.OzoneManager.listStatus(OzoneManager.java:3469) ~[ozone-manager-1.4.0-SNAPSHOT.jar:?]
	at org.apache.hadoop.ozone.protocolPB.OzoneManagerRequestHandler.listStatus(OzoneManagerRequestHandler.java:1097) ~[ozone-manager-1.4.0-SNAPSHOT.jar:?]
	at org.apache.hadoop.ozone.protocolPB.OzoneManagerRequestHandler.handleReadRequest(OzoneManagerRequestHandler.java:249) ~[ozone-manager-1.4.0-SNAPSHOT.jar:?]
	at org.apache.hadoop.ozone.protocolPB.OzoneManagerProtocolServerSideTranslatorPB.submitRequestDirectlyToOM(OzoneManagerProtocolServerSideTranslatorPB.java:271) ~[ozone-manager-1.4.0-SNAPSHOT.jar:?]
	at org.apache.hadoop.ozone.protocolPB.OzoneManagerProtocolServerSideTranslatorPB.processRequest(OzoneManagerProtocolServerSideTranslatorPB.java:173) ~[ozone-manager-1.4.0-SNAPSHOT.jar:?]
	at org.apache.hadoop.hdds.server.OzoneProtocolMessageDispatcher.processRequest(OzoneProtocolMessageDispatcher.java:87) [hdds-server-framework-1.4.0-SNAPSHOT.jar:?]
	at org.apache.hadoop.ozone.protocolPB.OzoneManagerProtocolServerSideTranslatorPB.submitRequest(OzoneManagerProtocolServerSideTranslatorPB.java:147) [ozone-manager-1.4.0-SNAPSHOT.jar:?]
	at org.apache.hadoop.ozone.protocol.proto.OzoneManagerProtocolProtos$OzoneManagerService$2.callBlockingMethod(OzoneManagerProtocolProtos.java) [ozone-interface-client-1.4.0-SNAPSHOT.jar:?]
	at org.apache.hadoop.ipc.ProtobufRpcEngine$Server.processCall(ProtobufRpcEngine.java:465) [hadoop-common-3.3.4.jar:?]
	at org.apache.hadoop.ipc.ProtobufRpcEngine2$Server$ProtoBufRpcInvoker.call(ProtobufRpcEngine2.java:578) [hadoop-common-3.3.4.jar:?]
	at org.apache.hadoop.ipc.ProtobufRpcEngine2$Server$ProtoBufRpcInvoker.call(ProtobufRpcEngine2.java:556) [hadoop-common-3.3.4.jar:?]
	at org.apache.hadoop.ipc.RPC$Server.call(RPC.java:1093) [hadoop-common-3.3.4.jar:?]
	at org.apache.hadoop.ipc.Server$RpcCall.run(Server.java:1043) [hadoop-common-3.3.4.jar:?]
	at org.apache.hadoop.ipc.Server$RpcCall.run(Server.java:971) [hadoop-common-3.3.4.jar:?]
	at java.security.AccessController.doPrivileged(Native Method) ~[?:1.8.0_362]
	at javax.security.auth.Subject.doAs(Subject.java:422) [?:1.8.0_362]
	at org.apache.hadoop.security.UserGroupInformation.doAs(UserGroupInformation.java:1878) [hadoop-common-3.3.4.jar:?]
	at org.apache.hadoop.ipc.Server$Handler.run(Server.java:2976) [hadoop-common-3.3.4.jar:?]
]]></system-out>
  </testcase>
  <testcase name="testRenameToParentDir" classname="TestOzoneFileSystem" time="0.026">
    <system-out><![CDATA[2023-02-21 13:40:24,912 [OM StateMachine ApplyTransaction Thread - 0] INFO  key.OMKeyRequest (OMKeyRequest.java:wrapUncommittedBlocksAsPseudoKey(837)) - Detect allocated but uncommitted blocks [{blockID={containerID=3, localID=111677748019200008}, length=4194304, offset=0, token=null, pipeline=null, createVersion=0, partNumber=0}] in key root_dir/dir1/file2.
13:40:24.914 [IPC Server handler 3 on default port 34503] ERROR OMAudit - user=runner | ip=127.0.0.1 | op=LIST_STATUS {volume=volume47855, bucket=bucket64015, key=root_dir/dir2, dataSize=0, replicationConfig=null} | ret=FAILURE
org.apache.hadoop.ozone.om.exceptions.OMException: Unable to get file status: volume: volume47855 bucket: bucket64015 key: root_dir/dir2
	at org.apache.hadoop.ozone.om.KeyManagerImpl.getOzoneFileStatus(KeyManagerImpl.java:1162) ~[ozone-manager-1.4.0-SNAPSHOT.jar:?]
	at org.apache.hadoop.ozone.om.KeyManagerImpl.getFileStatus(KeyManagerImpl.java:1080) ~[ozone-manager-1.4.0-SNAPSHOT.jar:?]
	at org.apache.hadoop.ozone.om.KeyManagerImpl.listStatus(KeyManagerImpl.java:1443) ~[ozone-manager-1.4.0-SNAPSHOT.jar:?]
	at org.apache.hadoop.ozone.om.OmMetadataReader.listStatus(OmMetadataReader.java:261) ~[ozone-manager-1.4.0-SNAPSHOT.jar:?]
	at org.apache.hadoop.ozone.om.OzoneManager.listStatus(OzoneManager.java:3469) ~[ozone-manager-1.4.0-SNAPSHOT.jar:?]
	at org.apache.hadoop.ozone.protocolPB.OzoneManagerRequestHandler.listStatus(OzoneManagerRequestHandler.java:1097) ~[ozone-manager-1.4.0-SNAPSHOT.jar:?]
	at org.apache.hadoop.ozone.protocolPB.OzoneManagerRequestHandler.handleReadRequest(OzoneManagerRequestHandler.java:249) ~[ozone-manager-1.4.0-SNAPSHOT.jar:?]
	at org.apache.hadoop.ozone.protocolPB.OzoneManagerProtocolServerSideTranslatorPB.submitReadRequestToOM(OzoneManagerProtocolServerSideTranslatorPB.java:223) ~[ozone-manager-1.4.0-SNAPSHOT.jar:?]
	at org.apache.hadoop.ozone.protocolPB.OzoneManagerProtocolServerSideTranslatorPB.processRequest(OzoneManagerProtocolServerSideTranslatorPB.java:177) ~[ozone-manager-1.4.0-SNAPSHOT.jar:?]
	at org.apache.hadoop.hdds.server.OzoneProtocolMessageDispatcher.processRequest(OzoneProtocolMessageDispatcher.java:87) [hdds-server-framework-1.4.0-SNAPSHOT.jar:?]
	at org.apache.hadoop.ozone.protocolPB.OzoneManagerProtocolServerSideTranslatorPB.submitRequest(OzoneManagerProtocolServerSideTranslatorPB.java:147) [ozone-manager-1.4.0-SNAPSHOT.jar:?]
	at org.apache.hadoop.ozone.protocol.proto.OzoneManagerProtocolProtos$OzoneManagerService$2.callBlockingMethod(OzoneManagerProtocolProtos.java) [ozone-interface-client-1.4.0-SNAPSHOT.jar:?]
	at org.apache.hadoop.ipc.ProtobufRpcEngine$Server.processCall(ProtobufRpcEngine.java:465) [hadoop-common-3.3.4.jar:?]
	at org.apache.hadoop.ipc.ProtobufRpcEngine2$Server$ProtoBufRpcInvoker.call(ProtobufRpcEngine2.java:578) [hadoop-common-3.3.4.jar:?]
	at org.apache.hadoop.ipc.ProtobufRpcEngine2$Server$ProtoBufRpcInvoker.call(ProtobufRpcEngine2.java:556) [hadoop-common-3.3.4.jar:?]
	at org.apache.hadoop.ipc.RPC$Server.call(RPC.java:1093) [hadoop-common-3.3.4.jar:?]
	at org.apache.hadoop.ipc.Server$RpcCall.run(Server.java:1043) [hadoop-common-3.3.4.jar:?]
	at org.apache.hadoop.ipc.Server$RpcCall.run(Server.java:971) [hadoop-common-3.3.4.jar:?]
	at java.security.AccessController.doPrivileged(Native Method) ~[?:1.8.0_362]
	at javax.security.auth.Subject.doAs(Subject.java:422) [?:1.8.0_362]
	at org.apache.hadoop.security.UserGroupInformation.doAs(UserGroupInformation.java:1878) [hadoop-common-3.3.4.jar:?]
	at org.apache.hadoop.ipc.Server$Handler.run(Server.java:2976) [hadoop-common-3.3.4.jar:?]
13:40:24.920 [IPC Server handler 17 on default port 34503] ERROR OMAudit - user=runner | ip=127.0.0.1 | op=LIST_STATUS {volume=volume47855, bucket=bucket64015, key=root_dir/file2, dataSize=0, replicationConfig=null} | ret=FAILURE
org.apache.hadoop.ozone.om.exceptions.OMException: Unable to get file status: volume: volume47855 bucket: bucket64015 key: root_dir/file2
	at org.apache.hadoop.ozone.om.KeyManagerImpl.getOzoneFileStatus(KeyManagerImpl.java:1162) ~[ozone-manager-1.4.0-SNAPSHOT.jar:?]
	at org.apache.hadoop.ozone.om.KeyManagerImpl.getFileStatus(KeyManagerImpl.java:1080) ~[ozone-manager-1.4.0-SNAPSHOT.jar:?]
	at org.apache.hadoop.ozone.om.KeyManagerImpl.listStatus(KeyManagerImpl.java:1443) ~[ozone-manager-1.4.0-SNAPSHOT.jar:?]
	at org.apache.hadoop.ozone.om.OmMetadataReader.listStatus(OmMetadataReader.java:261) ~[ozone-manager-1.4.0-SNAPSHOT.jar:?]
	at org.apache.hadoop.ozone.om.OzoneManager.listStatus(OzoneManager.java:3469) ~[ozone-manager-1.4.0-SNAPSHOT.jar:?]
	at org.apache.hadoop.ozone.protocolPB.OzoneManagerRequestHandler.listStatus(OzoneManagerRequestHandler.java:1097) ~[ozone-manager-1.4.0-SNAPSHOT.jar:?]
	at org.apache.hadoop.ozone.protocolPB.OzoneManagerRequestHandler.handleReadRequest(OzoneManagerRequestHandler.java:249) ~[ozone-manager-1.4.0-SNAPSHOT.jar:?]
	at org.apache.hadoop.ozone.protocolPB.OzoneManagerProtocolServerSideTranslatorPB.submitReadRequestToOM(OzoneManagerProtocolServerSideTranslatorPB.java:223) ~[ozone-manager-1.4.0-SNAPSHOT.jar:?]
	at org.apache.hadoop.ozone.protocolPB.OzoneManagerProtocolServerSideTranslatorPB.processRequest(OzoneManagerProtocolServerSideTranslatorPB.java:177) ~[ozone-manager-1.4.0-SNAPSHOT.jar:?]
	at org.apache.hadoop.hdds.server.OzoneProtocolMessageDispatcher.processRequest(OzoneProtocolMessageDispatcher.java:87) [hdds-server-framework-1.4.0-SNAPSHOT.jar:?]
	at org.apache.hadoop.ozone.protocolPB.OzoneManagerProtocolServerSideTranslatorPB.submitRequest(OzoneManagerProtocolServerSideTranslatorPB.java:147) [ozone-manager-1.4.0-SNAPSHOT.jar:?]
	at org.apache.hadoop.ozone.protocol.proto.OzoneManagerProtocolProtos$OzoneManagerService$2.callBlockingMethod(OzoneManagerProtocolProtos.java) [ozone-interface-client-1.4.0-SNAPSHOT.jar:?]
	at org.apache.hadoop.ipc.ProtobufRpcEngine$Server.processCall(ProtobufRpcEngine.java:465) [hadoop-common-3.3.4.jar:?]
	at org.apache.hadoop.ipc.ProtobufRpcEngine2$Server$ProtoBufRpcInvoker.call(ProtobufRpcEngine2.java:578) [hadoop-common-3.3.4.jar:?]
	at org.apache.hadoop.ipc.ProtobufRpcEngine2$Server$ProtoBufRpcInvoker.call(ProtobufRpcEngine2.java:556) [hadoop-common-3.3.4.jar:?]
	at org.apache.hadoop.ipc.RPC$Server.call(RPC.java:1093) [hadoop-common-3.3.4.jar:?]
	at org.apache.hadoop.ipc.Server$RpcCall.run(Server.java:1043) [hadoop-common-3.3.4.jar:?]
	at org.apache.hadoop.ipc.Server$RpcCall.run(Server.java:971) [hadoop-common-3.3.4.jar:?]
	at java.security.AccessController.doPrivileged(Native Method) ~[?:1.8.0_362]
	at javax.security.auth.Subject.doAs(Subject.java:422) [?:1.8.0_362]
	at org.apache.hadoop.security.UserGroupInformation.doAs(UserGroupInformation.java:1878) [hadoop-common-3.3.4.jar:?]
	at org.apache.hadoop.ipc.Server$Handler.run(Server.java:2976) [hadoop-common-3.3.4.jar:?]
]]></system-out>
  </testcase>
  <testcase name="testRenameToParentDir" classname="TestOzoneFileSystem" time="0.017">
    <system-out><![CDATA[2023-02-21 13:41:33,976 [IPC Server handler 8 on default port 40765] INFO  key.OMKeyRequest (OMKeyRequest.java:wrapUncommittedBlocksAsPseudoKey(837)) - Detect allocated but uncommitted blocks [{blockID={containerID=4, localID=111677748019200008}, length=4194304, offset=0, token=null, pipeline=null, createVersion=0, partNumber=0}] in key root_dir/dir1/file2.
13:41:33.977 [IPC Server handler 19 on default port 40765] ERROR OMAudit - user=runner | ip=127.0.0.1 | op=LIST_STATUS {volume=volume82902, bucket=bucket15199, key=root_dir/dir2, dataSize=0, replicationConfig=null} | ret=FAILURE
org.apache.hadoop.ozone.om.exceptions.OMException: Unable to get file status: volume: volume82902 bucket: bucket15199 key: root_dir/dir2
	at org.apache.hadoop.ozone.om.KeyManagerImpl.getOzoneFileStatus(KeyManagerImpl.java:1162) ~[ozone-manager-1.4.0-SNAPSHOT.jar:?]
	at org.apache.hadoop.ozone.om.KeyManagerImpl.getFileStatus(KeyManagerImpl.java:1080) ~[ozone-manager-1.4.0-SNAPSHOT.jar:?]
	at org.apache.hadoop.ozone.om.KeyManagerImpl.listStatus(KeyManagerImpl.java:1443) ~[ozone-manager-1.4.0-SNAPSHOT.jar:?]
	at org.apache.hadoop.ozone.om.OmMetadataReader.listStatus(OmMetadataReader.java:261) ~[ozone-manager-1.4.0-SNAPSHOT.jar:?]
	at org.apache.hadoop.ozone.om.OzoneManager.listStatus(OzoneManager.java:3469) ~[ozone-manager-1.4.0-SNAPSHOT.jar:?]
	at org.apache.hadoop.ozone.protocolPB.OzoneManagerRequestHandler.listStatus(OzoneManagerRequestHandler.java:1097) ~[ozone-manager-1.4.0-SNAPSHOT.jar:?]
	at org.apache.hadoop.ozone.protocolPB.OzoneManagerRequestHandler.handleReadRequest(OzoneManagerRequestHandler.java:249) ~[ozone-manager-1.4.0-SNAPSHOT.jar:?]
	at org.apache.hadoop.ozone.protocolPB.OzoneManagerProtocolServerSideTranslatorPB.submitRequestDirectlyToOM(OzoneManagerProtocolServerSideTranslatorPB.java:271) ~[ozone-manager-1.4.0-SNAPSHOT.jar:?]
	at org.apache.hadoop.ozone.protocolPB.OzoneManagerProtocolServerSideTranslatorPB.processRequest(OzoneManagerProtocolServerSideTranslatorPB.java:173) ~[ozone-manager-1.4.0-SNAPSHOT.jar:?]
	at org.apache.hadoop.hdds.server.OzoneProtocolMessageDispatcher.processRequest(OzoneProtocolMessageDispatcher.java:87) [hdds-server-framework-1.4.0-SNAPSHOT.jar:?]
	at org.apache.hadoop.ozone.protocolPB.OzoneManagerProtocolServerSideTranslatorPB.submitRequest(OzoneManagerProtocolServerSideTranslatorPB.java:147) [ozone-manager-1.4.0-SNAPSHOT.jar:?]
	at org.apache.hadoop.ozone.protocol.proto.OzoneManagerProtocolProtos$OzoneManagerService$2.callBlockingMethod(OzoneManagerProtocolProtos.java) [ozone-interface-client-1.4.0-SNAPSHOT.jar:?]
	at org.apache.hadoop.ipc.ProtobufRpcEngine$Server.processCall(ProtobufRpcEngine.java:465) [hadoop-common-3.3.4.jar:?]
	at org.apache.hadoop.ipc.ProtobufRpcEngine2$Server$ProtoBufRpcInvoker.call(ProtobufRpcEngine2.java:578) [hadoop-common-3.3.4.jar:?]
	at org.apache.hadoop.ipc.ProtobufRpcEngine2$Server$ProtoBufRpcInvoker.call(ProtobufRpcEngine2.java:556) [hadoop-common-3.3.4.jar:?]
	at org.apache.hadoop.ipc.RPC$Server.call(RPC.java:1093) [hadoop-common-3.3.4.jar:?]
	at org.apache.hadoop.ipc.Server$RpcCall.run(Server.java:1043) [hadoop-common-3.3.4.jar:?]
	at org.apache.hadoop.ipc.Server$RpcCall.run(Server.java:971) [hadoop-common-3.3.4.jar:?]
	at java.security.AccessController.doPrivileged(Native Method) ~[?:1.8.0_362]
	at javax.security.auth.Subject.doAs(Subject.java:422) [?:1.8.0_362]
	at org.apache.hadoop.security.UserGroupInformation.doAs(UserGroupInformation.java:1878) [hadoop-common-3.3.4.jar:?]
	at org.apache.hadoop.ipc.Server$Handler.run(Server.java:2976) [hadoop-common-3.3.4.jar:?]
13:41:33.982 [IPC Server handler 0 on default port 40765] ERROR OMAudit - user=runner | ip=127.0.0.1 | op=LIST_STATUS {volume=volume82902, bucket=bucket15199, key=root_dir/file2, dataSize=0, replicationConfig=null} | ret=FAILURE
org.apache.hadoop.ozone.om.exceptions.OMException: Unable to get file status: volume: volume82902 bucket: bucket15199 key: root_dir/file2
	at org.apache.hadoop.ozone.om.KeyManagerImpl.getOzoneFileStatus(KeyManagerImpl.java:1162) ~[ozone-manager-1.4.0-SNAPSHOT.jar:?]
	at org.apache.hadoop.ozone.om.KeyManagerImpl.getFileStatus(KeyManagerImpl.java:1080) ~[ozone-manager-1.4.0-SNAPSHOT.jar:?]
	at org.apache.hadoop.ozone.om.KeyManagerImpl.listStatus(KeyManagerImpl.java:1443) ~[ozone-manager-1.4.0-SNAPSHOT.jar:?]
	at org.apache.hadoop.ozone.om.OmMetadataReader.listStatus(OmMetadataReader.java:261) ~[ozone-manager-1.4.0-SNAPSHOT.jar:?]
	at org.apache.hadoop.ozone.om.OzoneManager.listStatus(OzoneManager.java:3469) ~[ozone-manager-1.4.0-SNAPSHOT.jar:?]
	at org.apache.hadoop.ozone.protocolPB.OzoneManagerRequestHandler.listStatus(OzoneManagerRequestHandler.java:1097) ~[ozone-manager-1.4.0-SNAPSHOT.jar:?]
	at org.apache.hadoop.ozone.protocolPB.OzoneManagerRequestHandler.handleReadRequest(OzoneManagerRequestHandler.java:249) ~[ozone-manager-1.4.0-SNAPSHOT.jar:?]
	at org.apache.hadoop.ozone.protocolPB.OzoneManagerProtocolServerSideTranslatorPB.submitRequestDirectlyToOM(OzoneManagerProtocolServerSideTranslatorPB.java:271) ~[ozone-manager-1.4.0-SNAPSHOT.jar:?]
	at org.apache.hadoop.ozone.protocolPB.OzoneManagerProtocolServerSideTranslatorPB.processRequest(OzoneManagerProtocolServerSideTranslatorPB.java:173) ~[ozone-manager-1.4.0-SNAPSHOT.jar:?]
	at org.apache.hadoop.hdds.server.OzoneProtocolMessageDispatcher.processRequest(OzoneProtocolMessageDispatcher.java:87) [hdds-server-framework-1.4.0-SNAPSHOT.jar:?]
	at org.apache.hadoop.ozone.protocolPB.OzoneManagerProtocolServerSideTranslatorPB.submitRequest(OzoneManagerProtocolServerSideTranslatorPB.java:147) [ozone-manager-1.4.0-SNAPSHOT.jar:?]
	at org.apache.hadoop.ozone.protocol.proto.OzoneManagerProtocolProtos$OzoneManagerService$2.callBlockingMethod(OzoneManagerProtocolProtos.java) [ozone-interface-client-1.4.0-SNAPSHOT.jar:?]
	at org.apache.hadoop.ipc.ProtobufRpcEngine$Server.processCall(ProtobufRpcEngine.java:465) [hadoop-common-3.3.4.jar:?]
	at org.apache.hadoop.ipc.ProtobufRpcEngine2$Server$ProtoBufRpcInvoker.call(ProtobufRpcEngine2.java:578) [hadoop-common-3.3.4.jar:?]
	at org.apache.hadoop.ipc.ProtobufRpcEngine2$Server$ProtoBufRpcInvoker.call(ProtobufRpcEngine2.java:556) [hadoop-common-3.3.4.jar:?]
	at org.apache.hadoop.ipc.RPC$Server.call(RPC.java:1093) [hadoop-common-3.3.4.jar:?]
	at org.apache.hadoop.ipc.Server$RpcCall.run(Server.java:1043) [hadoop-common-3.3.4.jar:?]
	at org.apache.hadoop.ipc.Server$RpcCall.run(Server.java:971) [hadoop-common-3.3.4.jar:?]
	at java.security.AccessController.doPrivileged(Native Method) ~[?:1.8.0_362]
	at javax.security.auth.Subject.doAs(Subject.java:422) [?:1.8.0_362]
	at org.apache.hadoop.security.UserGroupInformation.doAs(UserGroupInformation.java:1878) [hadoop-common-3.3.4.jar:?]
	at org.apache.hadoop.ipc.Server$Handler.run(Server.java:2976) [hadoop-common-3.3.4.jar:?]
]]></system-out>
  </testcase>
  <testcase name="testListStatusOnSubDirs" classname="TestOzoneFileSystem" time="0.06">
    <system-out><![CDATA[2023-02-21 13:38:02,574 [OM StateMachine ApplyTransaction Thread - 0] INFO  key.OMKeyRequest (OMKeyRequest.java:wrapUncommittedBlocksAsPseudoKey(837)) - Detect allocated but uncommitted blocks [{blockID={containerID=2, localID=111677748019200009}, length=4194304, offset=0, token=null, pipeline=null, createVersion=0, partNumber=0}] in key dir1/dir12/file121.
]]></system-out>
  </testcase>
  <testcase name="testListStatusOnSubDirs" classname="TestOzoneFileSystem" time="0.019">
    <system-out><![CDATA[2023-02-21 13:39:26,387 [IPC Server handler 7 on default port 40229] INFO  key.OMKeyRequest (OMKeyRequest.java:wrapUncommittedBlocksAsPseudoKey(837)) - Detect allocated but uncommitted blocks [{blockID={containerID=3, localID=111677748019200009}, length=4194304, offset=0, token=null, pipeline=null, createVersion=0, partNumber=0}] in key dir1/dir12/file121.
]]></system-out>
  </testcase>
  <testcase name="testListStatusOnSubDirs" classname="TestOzoneFileSystem" time="0.027">
    <system-out><![CDATA[2023-02-21 13:40:24,946 [OM StateMachine ApplyTransaction Thread - 0] INFO  key.OMKeyRequest (OMKeyRequest.java:wrapUncommittedBlocksAsPseudoKey(837)) - Detect allocated but uncommitted blocks [{blockID={containerID=4, localID=111677748019200009}, length=4194304, offset=0, token=null, pipeline=null, createVersion=0, partNumber=0}] in key dir1/dir12/file121.
]]></system-out>
  </testcase>
  <testcase name="testListStatusOnSubDirs" classname="TestOzoneFileSystem" time="0.01">
    <system-out><![CDATA[2023-02-21 13:41:33,993 [IPC Server handler 14 on default port 40765] INFO  key.OMKeyRequest (OMKeyRequest.java:wrapUncommittedBlocksAsPseudoKey(837)) - Detect allocated but uncommitted blocks [{blockID={containerID=3, localID=111677748019200009}, length=4194304, offset=0, token=null, pipeline=null, createVersion=0, partNumber=0}] in key dir1/dir12/file121.
]]></system-out>
  </testcase>
  <testcase name="testListStatus" classname="TestOzoneFileSystem" time="0.081">
    <system-out><![CDATA[2023-02-21 13:38:02,622 [OM StateMachine ApplyTransaction Thread - 0] INFO  key.OMKeyRequest (OMKeyRequest.java:wrapUncommittedBlocksAsPseudoKey(837)) - Detect allocated but uncommitted blocks [{blockID={containerID=4, localID=111677748019200010}, length=4194304, offset=0, token=null, pipeline=null, createVersion=0, partNumber=0}] in key testListStatus/key1.
2023-02-21 13:38:02,635 [OM StateMachine ApplyTransaction Thread - 0] INFO  key.OMKeyRequest (OMKeyRequest.java:wrapUncommittedBlocksAsPseudoKey(837)) - Detect allocated but uncommitted blocks [{blockID={containerID=1, localID=111677748019200011}, length=4194304, offset=0, token=null, pipeline=null, createVersion=0, partNumber=0}] in key testListStatus/key2.
2023-02-21 13:38:02,654 [OM StateMachine ApplyTransaction Thread - 0] INFO  key.OMKeyRequest (OMKeyRequest.java:wrapUncommittedBlocksAsPseudoKey(837)) - Detect allocated but uncommitted blocks [{blockID={containerID=2, localID=111677748019200012}, length=4194304, offset=0, token=null, pipeline=null, createVersion=0, partNumber=0}] in key testListStatus/dir1/key3.
2023-02-21 13:38:02,666 [OM StateMachine ApplyTransaction Thread - 0] INFO  key.OMKeyRequest (OMKeyRequest.java:wrapUncommittedBlocksAsPseudoKey(837)) - Detect allocated but uncommitted blocks [{blockID={containerID=4, localID=111677748019200013}, length=4194304, offset=0, token=null, pipeline=null, createVersion=0, partNumber=0}] in key testListStatus/dir1/key4.
]]></system-out>
  </testcase>
  <testcase name="testListStatus" classname="TestOzoneFileSystem" time="0.03">
    <system-out><![CDATA[2023-02-21 13:39:26,406 [IPC Server handler 2 on default port 40229] INFO  key.OMKeyRequest (OMKeyRequest.java:wrapUncommittedBlocksAsPseudoKey(837)) - Detect allocated but uncommitted blocks [{blockID={containerID=4, localID=111677748019200010}, length=4194304, offset=0, token=null, pipeline=null, createVersion=0, partNumber=0}] in key testListStatus/key1.
2023-02-21 13:39:26,410 [IPC Server handler 6 on default port 40229] INFO  key.OMKeyRequest (OMKeyRequest.java:wrapUncommittedBlocksAsPseudoKey(837)) - Detect allocated but uncommitted blocks [{blockID={containerID=2, localID=111677748019200011}, length=4194304, offset=0, token=null, pipeline=null, createVersion=0, partNumber=0}] in key testListStatus/key2.
2023-02-21 13:39:26,416 [IPC Server handler 11 on default port 40229] INFO  key.OMKeyRequest (OMKeyRequest.java:wrapUncommittedBlocksAsPseudoKey(837)) - Detect allocated but uncommitted blocks [{blockID={containerID=4, localID=111677748019200012}, length=4194304, offset=0, token=null, pipeline=null, createVersion=0, partNumber=0}] in key testListStatus/dir1/key3.
2023-02-21 13:39:26,420 [IPC Server handler 5 on default port 40229] INFO  key.OMKeyRequest (OMKeyRequest.java:wrapUncommittedBlocksAsPseudoKey(837)) - Detect allocated but uncommitted blocks [{blockID={containerID=2, localID=111677748019200013}, length=4194304, offset=0, token=null, pipeline=null, createVersion=0, partNumber=0}] in key testListStatus/dir1/key4.
]]></system-out>
  </testcase>
  <testcase name="testListStatus" classname="TestOzoneFileSystem" time="0.03">
    <system-out><![CDATA[2023-02-21 13:40:24,965 [OM StateMachine ApplyTransaction Thread - 0] INFO  key.OMKeyRequest (OMKeyRequest.java:wrapUncommittedBlocksAsPseudoKey(837)) - Detect allocated but uncommitted blocks [{blockID={containerID=2, localID=111677748019200010}, length=4194304, offset=0, token=null, pipeline=null, createVersion=0, partNumber=0}] in key testListStatus/key1.
2023-02-21 13:40:24,970 [OM StateMachine ApplyTransaction Thread - 0] INFO  key.OMKeyRequest (OMKeyRequest.java:wrapUncommittedBlocksAsPseudoKey(837)) - Detect allocated but uncommitted blocks [{blockID={containerID=1, localID=111677748019200011}, length=4194304, offset=0, token=null, pipeline=null, createVersion=0, partNumber=0}] in key testListStatus/key2.
2023-02-21 13:40:24,976 [OM StateMachine ApplyTransaction Thread - 0] INFO  key.OMKeyRequest (OMKeyRequest.java:wrapUncommittedBlocksAsPseudoKey(837)) - Detect allocated but uncommitted blocks [{blockID={containerID=3, localID=111677748019200012}, length=4194304, offset=0, token=null, pipeline=null, createVersion=0, partNumber=0}] in key testListStatus/dir1/key3.
2023-02-21 13:40:24,981 [OM StateMachine ApplyTransaction Thread - 0] INFO  key.OMKeyRequest (OMKeyRequest.java:wrapUncommittedBlocksAsPseudoKey(837)) - Detect allocated but uncommitted blocks [{blockID={containerID=2, localID=111677748019200013}, length=4194304, offset=0, token=null, pipeline=null, createVersion=0, partNumber=0}] in key testListStatus/dir1/key4.
]]></system-out>
  </testcase>
  <testcase name="testListStatus" classname="TestOzoneFileSystem" time="0.018">
    <system-out><![CDATA[2023-02-21 13:41:34,003 [IPC Server handler 19 on default port 40765] INFO  key.OMKeyRequest (OMKeyRequest.java:wrapUncommittedBlocksAsPseudoKey(837)) - Detect allocated but uncommitted blocks [{blockID={containerID=4, localID=111677748019200010}, length=4194304, offset=0, token=null, pipeline=null, createVersion=0, partNumber=0}] in key testListStatus/key1.
2023-02-21 13:41:34,006 [IPC Server handler 17 on default port 40765] INFO  key.OMKeyRequest (OMKeyRequest.java:wrapUncommittedBlocksAsPseudoKey(837)) - Detect allocated but uncommitted blocks [{blockID={containerID=1, localID=111677748019200011}, length=4194304, offset=0, token=null, pipeline=null, createVersion=0, partNumber=0}] in key testListStatus/key2.
2023-02-21 13:41:34,011 [IPC Server handler 15 on default port 40765] INFO  key.OMKeyRequest (OMKeyRequest.java:wrapUncommittedBlocksAsPseudoKey(837)) - Detect allocated but uncommitted blocks [{blockID={containerID=2, localID=111677748019200012}, length=4194304, offset=0, token=null, pipeline=null, createVersion=0, partNumber=0}] in key testListStatus/dir1/key3.
2023-02-21 13:41:34,014 [IPC Server handler 12 on default port 40765] INFO  key.OMKeyRequest (OMKeyRequest.java:wrapUncommittedBlocksAsPseudoKey(837)) - Detect allocated but uncommitted blocks [{blockID={containerID=3, localID=111677748019200013}, length=4194304, offset=0, token=null, pipeline=null, createVersion=0, partNumber=0}] in key testListStatus/dir1/key4.
]]></system-out>
  </testcase>
  <testcase name="testRecursiveDelete" classname="TestOzoneFileSystem" time="0.402">
    <system-out><![CDATA[2023-02-21 13:38:02,703 [OM StateMachine ApplyTransaction Thread - 0] INFO  key.OMKeyRequest (OMKeyRequest.java:wrapUncommittedBlocksAsPseudoKey(837)) - Detect allocated but uncommitted blocks [{blockID={containerID=3, localID=111677748019200014}, length=4194304, offset=0, token=null, pipeline=null, createVersion=0, partNumber=0}] in key gdir1/pdir1/child.
2023-02-21 13:38:02,717 [OM StateMachine ApplyTransaction Thread - 0] INFO  key.OMKeyRequest (OMKeyRequest.java:wrapUncommittedBlocksAsPseudoKey(837)) - Detect allocated but uncommitted blocks [{blockID={containerID=2, localID=111677748019200015}, length=4194304, offset=0, token=null, pipeline=null, createVersion=0, partNumber=0}] in key gdir1/pdir2/child.
2023-02-21 13:38:02,730 [OM StateMachine ApplyTransaction Thread - 0] INFO  key.OMKeyRequest (OMKeyRequest.java:wrapUncommittedBlocksAsPseudoKey(837)) - Detect allocated but uncommitted blocks [{blockID={containerID=4, localID=111677748019200016}, length=4194304, offset=0, token=null, pipeline=null, createVersion=0, partNumber=0}] in key gdir1/pdir3/child.
2023-02-21 13:38:02,742 [OM StateMachine ApplyTransaction Thread - 0] INFO  key.OMKeyRequest (OMKeyRequest.java:wrapUncommittedBlocksAsPseudoKey(837)) - Detect allocated but uncommitted blocks [{blockID={containerID=1, localID=111677748019200017}, length=4194304, offset=0, token=null, pipeline=null, createVersion=0, partNumber=0}] in key gdir1/pdir4/child.
2023-02-21 13:38:02,754 [OM StateMachine ApplyTransaction Thread - 0] INFO  key.OMKeyRequest (OMKeyRequest.java:wrapUncommittedBlocksAsPseudoKey(837)) - Detect allocated but uncommitted blocks [{blockID={containerID=2, localID=111677748019200018}, length=4194304, offset=0, token=null, pipeline=null, createVersion=0, partNumber=0}] in key gdir1/pdir5/child.
2023-02-21 13:38:02,766 [OM StateMachine ApplyTransaction Thread - 0] INFO  key.OMKeyRequest (OMKeyRequest.java:wrapUncommittedBlocksAsPseudoKey(837)) - Detect allocated but uncommitted blocks [{blockID={containerID=3, localID=111677748019200019}, length=4194304, offset=0, token=null, pipeline=null, createVersion=0, partNumber=0}] in key gdir1/pdir6/child.
2023-02-21 13:38:02,777 [OM StateMachine ApplyTransaction Thread - 0] INFO  key.OMKeyRequest (OMKeyRequest.java:wrapUncommittedBlocksAsPseudoKey(837)) - Detect allocated but uncommitted blocks [{blockID={containerID=4, localID=111677748019200020}, length=4194304, offset=0, token=null, pipeline=null, createVersion=0, partNumber=0}] in key gdir1/pdir7/child.
2023-02-21 13:38:02,788 [OM StateMachine ApplyTransaction Thread - 0] INFO  key.OMKeyRequest (OMKeyRequest.java:wrapUncommittedBlocksAsPseudoKey(837)) - Detect allocated but uncommitted blocks [{blockID={containerID=1, localID=111677748019200021}, length=4194304, offset=0, token=null, pipeline=null, createVersion=0, partNumber=0}] in key gdir1/pdir8/child.
2023-02-21 13:38:02,801 [OM StateMachine ApplyTransaction Thread - 0] INFO  key.OMKeyRequest (OMKeyRequest.java:wrapUncommittedBlocksAsPseudoKey(837)) - Detect allocated but uncommitted blocks [{blockID={containerID=3, localID=111677748019200022}, length=4194304, offset=0, token=null, pipeline=null, createVersion=0, partNumber=0}] in key gdir1/pdir9/child.
2023-02-21 13:38:02,813 [OM StateMachine ApplyTransaction Thread - 0] INFO  key.OMKeyRequest (OMKeyRequest.java:wrapUncommittedBlocksAsPseudoKey(837)) - Detect allocated but uncommitted blocks [{blockID={containerID=2, localID=111677748019200023}, length=4194304, offset=0, token=null, pipeline=null, createVersion=0, partNumber=0}] in key gdir1/pdir10/child.
13:38:02.874 [IPC Server handler 8 on default port 35721] ERROR OMAudit - user=runner | ip=127.0.0.1 | op=GET_FILE_STATUS {volume=volume06454, bucket=bucket10538, key=gdir1, dataSize=0, replicationConfig=null} | ret=FAILURE
org.apache.hadoop.ozone.om.exceptions.OMException: Unable to get file status: volume: volume06454 bucket: bucket10538 key: gdir1
	at org.apache.hadoop.ozone.om.KeyManagerImpl.getOzoneFileStatus(KeyManagerImpl.java:1162) ~[ozone-manager-1.4.0-SNAPSHOT.jar:?]
	at org.apache.hadoop.ozone.om.KeyManagerImpl.getFileStatus(KeyManagerImpl.java:1080) ~[ozone-manager-1.4.0-SNAPSHOT.jar:?]
	at org.apache.hadoop.ozone.om.OmMetadataReader.getFileStatus(OmMetadataReader.java:288) ~[ozone-manager-1.4.0-SNAPSHOT.jar:?]
	at org.apache.hadoop.ozone.om.OzoneManager.getFileStatus(OzoneManager.java:3450) ~[ozone-manager-1.4.0-SNAPSHOT.jar:?]
	at org.apache.hadoop.ozone.protocolPB.OzoneManagerRequestHandler.getOzoneFileStatus(OzoneManagerRequestHandler.java:933) ~[ozone-manager-1.4.0-SNAPSHOT.jar:?]
	at org.apache.hadoop.ozone.protocolPB.OzoneManagerRequestHandler.handleReadRequest(OzoneManagerRequestHandler.java:238) ~[ozone-manager-1.4.0-SNAPSHOT.jar:?]
	at org.apache.hadoop.ozone.protocolPB.OzoneManagerProtocolServerSideTranslatorPB.submitReadRequestToOM(OzoneManagerProtocolServerSideTranslatorPB.java:223) ~[ozone-manager-1.4.0-SNAPSHOT.jar:?]
	at org.apache.hadoop.ozone.protocolPB.OzoneManagerProtocolServerSideTranslatorPB.processRequest(OzoneManagerProtocolServerSideTranslatorPB.java:177) ~[ozone-manager-1.4.0-SNAPSHOT.jar:?]
	at org.apache.hadoop.hdds.server.OzoneProtocolMessageDispatcher.processRequest(OzoneProtocolMessageDispatcher.java:87) [hdds-server-framework-1.4.0-SNAPSHOT.jar:?]
	at org.apache.hadoop.ozone.protocolPB.OzoneManagerProtocolServerSideTranslatorPB.submitRequest(OzoneManagerProtocolServerSideTranslatorPB.java:147) [ozone-manager-1.4.0-SNAPSHOT.jar:?]
	at org.apache.hadoop.ozone.protocol.proto.OzoneManagerProtocolProtos$OzoneManagerService$2.callBlockingMethod(OzoneManagerProtocolProtos.java) [ozone-interface-client-1.4.0-SNAPSHOT.jar:?]
	at org.apache.hadoop.ipc.ProtobufRpcEngine$Server.processCall(ProtobufRpcEngine.java:465) [hadoop-common-3.3.4.jar:?]
	at org.apache.hadoop.ipc.ProtobufRpcEngine2$Server$ProtoBufRpcInvoker.call(ProtobufRpcEngine2.java:578) [hadoop-common-3.3.4.jar:?]
	at org.apache.hadoop.ipc.ProtobufRpcEngine2$Server$ProtoBufRpcInvoker.call(ProtobufRpcEngine2.java:556) [hadoop-common-3.3.4.jar:?]
	at org.apache.hadoop.ipc.RPC$Server.call(RPC.java:1093) [hadoop-common-3.3.4.jar:?]
	at org.apache.hadoop.ipc.Server$RpcCall.run(Server.java:1043) [hadoop-common-3.3.4.jar:?]
	at org.apache.hadoop.ipc.Server$RpcCall.run(Server.java:971) [hadoop-common-3.3.4.jar:?]
	at java.security.AccessController.doPrivileged(Native Method) ~[?:1.8.0_362]
	at javax.security.auth.Subject.doAs(Subject.java:422) [?:1.8.0_362]
	at org.apache.hadoop.security.UserGroupInformation.doAs(UserGroupInformation.java:1878) [hadoop-common-3.3.4.jar:?]
	at org.apache.hadoop.ipc.Server$Handler.run(Server.java:2976) [hadoop-common-3.3.4.jar:?]
13:38:02.875 [IPC Server handler 17 on default port 35721] ERROR OMAudit - user=runner | ip=127.0.0.1 | op=GET_FILE_STATUS {volume=volume06454, bucket=bucket10538, key=gdir1/dir1, dataSize=0, replicationConfig=null} | ret=FAILURE
org.apache.hadoop.ozone.om.exceptions.OMException: Unable to get file status: volume: volume06454 bucket: bucket10538 key: gdir1/dir1
	at org.apache.hadoop.ozone.om.KeyManagerImpl.getOzoneFileStatus(KeyManagerImpl.java:1162) ~[ozone-manager-1.4.0-SNAPSHOT.jar:?]
	at org.apache.hadoop.ozone.om.KeyManagerImpl.getFileStatus(KeyManagerImpl.java:1080) ~[ozone-manager-1.4.0-SNAPSHOT.jar:?]
	at org.apache.hadoop.ozone.om.OmMetadataReader.getFileStatus(OmMetadataReader.java:288) ~[ozone-manager-1.4.0-SNAPSHOT.jar:?]
	at org.apache.hadoop.ozone.om.OzoneManager.getFileStatus(OzoneManager.java:3450) ~[ozone-manager-1.4.0-SNAPSHOT.jar:?]
	at org.apache.hadoop.ozone.protocolPB.OzoneManagerRequestHandler.getOzoneFileStatus(OzoneManagerRequestHandler.java:933) ~[ozone-manager-1.4.0-SNAPSHOT.jar:?]
	at org.apache.hadoop.ozone.protocolPB.OzoneManagerRequestHandler.handleReadRequest(OzoneManagerRequestHandler.java:238) ~[ozone-manager-1.4.0-SNAPSHOT.jar:?]
	at org.apache.hadoop.ozone.protocolPB.OzoneManagerProtocolServerSideTranslatorPB.submitReadRequestToOM(OzoneManagerProtocolServerSideTranslatorPB.java:223) ~[ozone-manager-1.4.0-SNAPSHOT.jar:?]
	at org.apache.hadoop.ozone.protocolPB.OzoneManagerProtocolServerSideTranslatorPB.processRequest(OzoneManagerProtocolServerSideTranslatorPB.java:177) ~[ozone-manager-1.4.0-SNAPSHOT.jar:?]
	at org.apache.hadoop.hdds.server.OzoneProtocolMessageDispatcher.processRequest(OzoneProtocolMessageDispatcher.java:87) [hdds-server-framework-1.4.0-SNAPSHOT.jar:?]
	at org.apache.hadoop.ozone.protocolPB.OzoneManagerProtocolServerSideTranslatorPB.submitRequest(OzoneManagerProtocolServerSideTranslatorPB.java:147) [ozone-manager-1.4.0-SNAPSHOT.jar:?]
	at org.apache.hadoop.ozone.protocol.proto.OzoneManagerProtocolProtos$OzoneManagerService$2.callBlockingMethod(OzoneManagerProtocolProtos.java) [ozone-interface-client-1.4.0-SNAPSHOT.jar:?]
	at org.apache.hadoop.ipc.ProtobufRpcEngine$Server.processCall(ProtobufRpcEngine.java:465) [hadoop-common-3.3.4.jar:?]
	at org.apache.hadoop.ipc.ProtobufRpcEngine2$Server$ProtoBufRpcInvoker.call(ProtobufRpcEngine2.java:578) [hadoop-common-3.3.4.jar:?]
	at org.apache.hadoop.ipc.ProtobufRpcEngine2$Server$ProtoBufRpcInvoker.call(ProtobufRpcEngine2.java:556) [hadoop-common-3.3.4.jar:?]
	at org.apache.hadoop.ipc.RPC$Server.call(RPC.java:1093) [hadoop-common-3.3.4.jar:?]
	at org.apache.hadoop.ipc.Server$RpcCall.run(Server.java:1043) [hadoop-common-3.3.4.jar:?]
	at org.apache.hadoop.ipc.Server$RpcCall.run(Server.java:971) [hadoop-common-3.3.4.jar:?]
	at java.security.AccessController.doPrivileged(Native Method) ~[?:1.8.0_362]
	at javax.security.auth.Subject.doAs(Subject.java:422) [?:1.8.0_362]
	at org.apache.hadoop.security.UserGroupInformation.doAs(UserGroupInformation.java:1878) [hadoop-common-3.3.4.jar:?]
	at org.apache.hadoop.ipc.Server$Handler.run(Server.java:2976) [hadoop-common-3.3.4.jar:?]
13:38:02.877 [IPC Server handler 14 on default port 35721] ERROR OMAudit - user=runner | ip=127.0.0.1 | op=GET_FILE_STATUS {volume=volume06454, bucket=bucket10538, key=gdir1/dir1/child, dataSize=0, replicationConfig=null} | ret=FAILURE
org.apache.hadoop.ozone.om.exceptions.OMException: Unable to get file status: volume: volume06454 bucket: bucket10538 key: gdir1/dir1/child
	at org.apache.hadoop.ozone.om.KeyManagerImpl.getOzoneFileStatus(KeyManagerImpl.java:1162) ~[ozone-manager-1.4.0-SNAPSHOT.jar:?]
	at org.apache.hadoop.ozone.om.KeyManagerImpl.getFileStatus(KeyManagerImpl.java:1080) ~[ozone-manager-1.4.0-SNAPSHOT.jar:?]
	at org.apache.hadoop.ozone.om.OmMetadataReader.getFileStatus(OmMetadataReader.java:288) ~[ozone-manager-1.4.0-SNAPSHOT.jar:?]
	at org.apache.hadoop.ozone.om.OzoneManager.getFileStatus(OzoneManager.java:3450) ~[ozone-manager-1.4.0-SNAPSHOT.jar:?]
	at org.apache.hadoop.ozone.protocolPB.OzoneManagerRequestHandler.getOzoneFileStatus(OzoneManagerRequestHandler.java:933) ~[ozone-manager-1.4.0-SNAPSHOT.jar:?]
	at org.apache.hadoop.ozone.protocolPB.OzoneManagerRequestHandler.handleReadRequest(OzoneManagerRequestHandler.java:238) ~[ozone-manager-1.4.0-SNAPSHOT.jar:?]
	at org.apache.hadoop.ozone.protocolPB.OzoneManagerProtocolServerSideTranslatorPB.submitReadRequestToOM(OzoneManagerProtocolServerSideTranslatorPB.java:223) ~[ozone-manager-1.4.0-SNAPSHOT.jar:?]
	at org.apache.hadoop.ozone.protocolPB.OzoneManagerProtocolServerSideTranslatorPB.processRequest(OzoneManagerProtocolServerSideTranslatorPB.java:177) ~[ozone-manager-1.4.0-SNAPSHOT.jar:?]
	at org.apache.hadoop.hdds.server.OzoneProtocolMessageDispatcher.processRequest(OzoneProtocolMessageDispatcher.java:87) [hdds-server-framework-1.4.0-SNAPSHOT.jar:?]
	at org.apache.hadoop.ozone.protocolPB.OzoneManagerProtocolServerSideTranslatorPB.submitRequest(OzoneManagerProtocolServerSideTranslatorPB.java:147) [ozone-manager-1.4.0-SNAPSHOT.jar:?]
	at org.apache.hadoop.ozone.protocol.proto.OzoneManagerProtocolProtos$OzoneManagerService$2.callBlockingMethod(OzoneManagerProtocolProtos.java) [ozone-interface-client-1.4.0-SNAPSHOT.jar:?]
	at org.apache.hadoop.ipc.ProtobufRpcEngine$Server.processCall(ProtobufRpcEngine.java:465) [hadoop-common-3.3.4.jar:?]
	at org.apache.hadoop.ipc.ProtobufRpcEngine2$Server$ProtoBufRpcInvoker.call(ProtobufRpcEngine2.java:578) [hadoop-common-3.3.4.jar:?]
	at org.apache.hadoop.ipc.ProtobufRpcEngine2$Server$ProtoBufRpcInvoker.call(ProtobufRpcEngine2.java:556) [hadoop-common-3.3.4.jar:?]
	at org.apache.hadoop.ipc.RPC$Server.call(RPC.java:1093) [hadoop-common-3.3.4.jar:?]
	at org.apache.hadoop.ipc.Server$RpcCall.run(Server.java:1043) [hadoop-common-3.3.4.jar:?]
	at org.apache.hadoop.ipc.Server$RpcCall.run(Server.java:971) [hadoop-common-3.3.4.jar:?]
	at java.security.AccessController.doPrivileged(Native Method) ~[?:1.8.0_362]
	at javax.security.auth.Subject.doAs(Subject.java:422) [?:1.8.0_362]
	at org.apache.hadoop.security.UserGroupInformation.doAs(UserGroupInformation.java:1878) [hadoop-common-3.3.4.jar:?]
	at org.apache.hadoop.ipc.Server$Handler.run(Server.java:2976) [hadoop-common-3.3.4.jar:?]
13:38:02.879 [IPC Server handler 9 on default port 35721] ERROR OMAudit - user=runner | ip=127.0.0.1 | op=GET_FILE_STATUS {volume=volume06454, bucket=bucket10538, key=gdir1/dir2, dataSize=0, replicationConfig=null} | ret=FAILURE
org.apache.hadoop.ozone.om.exceptions.OMException: Unable to get file status: volume: volume06454 bucket: bucket10538 key: gdir1/dir2
	at org.apache.hadoop.ozone.om.KeyManagerImpl.getOzoneFileStatus(KeyManagerImpl.java:1162) ~[ozone-manager-1.4.0-SNAPSHOT.jar:?]
	at org.apache.hadoop.ozone.om.KeyManagerImpl.getFileStatus(KeyManagerImpl.java:1080) ~[ozone-manager-1.4.0-SNAPSHOT.jar:?]
	at org.apache.hadoop.ozone.om.OmMetadataReader.getFileStatus(OmMetadataReader.java:288) ~[ozone-manager-1.4.0-SNAPSHOT.jar:?]
	at org.apache.hadoop.ozone.om.OzoneManager.getFileStatus(OzoneManager.java:3450) ~[ozone-manager-1.4.0-SNAPSHOT.jar:?]
	at org.apache.hadoop.ozone.protocolPB.OzoneManagerRequestHandler.getOzoneFileStatus(OzoneManagerRequestHandler.java:933) ~[ozone-manager-1.4.0-SNAPSHOT.jar:?]
	at org.apache.hadoop.ozone.protocolPB.OzoneManagerRequestHandler.handleReadRequest(OzoneManagerRequestHandler.java:238) ~[ozone-manager-1.4.0-SNAPSHOT.jar:?]
	at org.apache.hadoop.ozone.protocolPB.OzoneManagerProtocolServerSideTranslatorPB.submitReadRequestToOM(OzoneManagerProtocolServerSideTranslatorPB.java:223) ~[ozone-manager-1.4.0-SNAPSHOT.jar:?]
	at org.apache.hadoop.ozone.protocolPB.OzoneManagerProtocolServerSideTranslatorPB.processRequest(OzoneManagerProtocolServerSideTranslatorPB.java:177) ~[ozone-manager-1.4.0-SNAPSHOT.jar:?]
	at org.apache.hadoop.hdds.server.OzoneProtocolMessageDispatcher.processRequest(OzoneProtocolMessageDispatcher.java:87) [hdds-server-framework-1.4.0-SNAPSHOT.jar:?]
	at org.apache.hadoop.ozone.protocolPB.OzoneManagerProtocolServerSideTranslatorPB.submitRequest(OzoneManagerProtocolServerSideTranslatorPB.java:147) [ozone-manager-1.4.0-SNAPSHOT.jar:?]
	at org.apache.hadoop.ozone.protocol.proto.OzoneManagerProtocolProtos$OzoneManagerService$2.callBlockingMethod(OzoneManagerProtocolProtos.java) [ozone-interface-client-1.4.0-SNAPSHOT.jar:?]
	at org.apache.hadoop.ipc.ProtobufRpcEngine$Server.processCall(ProtobufRpcEngine.java:465) [hadoop-common-3.3.4.jar:?]
	at org.apache.hadoop.ipc.ProtobufRpcEngine2$Server$ProtoBufRpcInvoker.call(ProtobufRpcEngine2.java:578) [hadoop-common-3.3.4.jar:?]
	at org.apache.hadoop.ipc.ProtobufRpcEngine2$Server$ProtoBufRpcInvoker.call(ProtobufRpcEngine2.java:556) [hadoop-common-3.3.4.jar:?]
	at org.apache.hadoop.ipc.RPC$Server.call(RPC.java:1093) [hadoop-common-3.3.4.jar:?]
	at org.apache.hadoop.ipc.Server$RpcCall.run(Server.java:1043) [hadoop-common-3.3.4.jar:?]
	at org.apache.hadoop.ipc.Server$RpcCall.run(Server.java:971) [hadoop-common-3.3.4.jar:?]
	at java.security.AccessController.doPrivileged(Native Method) ~[?:1.8.0_362]
	at javax.security.auth.Subject.doAs(Subject.java:422) [?:1.8.0_362]
	at org.apache.hadoop.security.UserGroupInformation.doAs(UserGroupInformation.java:1878) [hadoop-common-3.3.4.jar:?]
	at org.apache.hadoop.ipc.Server$Handler.run(Server.java:2976) [hadoop-common-3.3.4.jar:?]
13:38:02.880 [IPC Server handler 7 on default port 35721] ERROR OMAudit - user=runner | ip=127.0.0.1 | op=GET_FILE_STATUS {volume=volume06454, bucket=bucket10538, key=gdir1/dir2/child, dataSize=0, replicationConfig=null} | ret=FAILURE
org.apache.hadoop.ozone.om.exceptions.OMException: Unable to get file status: volume: volume06454 bucket: bucket10538 key: gdir1/dir2/child
	at org.apache.hadoop.ozone.om.KeyManagerImpl.getOzoneFileStatus(KeyManagerImpl.java:1162) ~[ozone-manager-1.4.0-SNAPSHOT.jar:?]
	at org.apache.hadoop.ozone.om.KeyManagerImpl.getFileStatus(KeyManagerImpl.java:1080) ~[ozone-manager-1.4.0-SNAPSHOT.jar:?]
	at org.apache.hadoop.ozone.om.OmMetadataReader.getFileStatus(OmMetadataReader.java:288) ~[ozone-manager-1.4.0-SNAPSHOT.jar:?]
	at org.apache.hadoop.ozone.om.OzoneManager.getFileStatus(OzoneManager.java:3450) ~[ozone-manager-1.4.0-SNAPSHOT.jar:?]
	at org.apache.hadoop.ozone.protocolPB.OzoneManagerRequestHandler.getOzoneFileStatus(OzoneManagerRequestHandler.java:933) ~[ozone-manager-1.4.0-SNAPSHOT.jar:?]
	at org.apache.hadoop.ozone.protocolPB.OzoneManagerRequestHandler.handleReadRequest(OzoneManagerRequestHandler.java:238) ~[ozone-manager-1.4.0-SNAPSHOT.jar:?]
	at org.apache.hadoop.ozone.protocolPB.OzoneManagerProtocolServerSideTranslatorPB.submitReadRequestToOM(OzoneManagerProtocolServerSideTranslatorPB.java:223) ~[ozone-manager-1.4.0-SNAPSHOT.jar:?]
	at org.apache.hadoop.ozone.protocolPB.OzoneManagerProtocolServerSideTranslatorPB.processRequest(OzoneManagerProtocolServerSideTranslatorPB.java:177) ~[ozone-manager-1.4.0-SNAPSHOT.jar:?]
	at org.apache.hadoop.hdds.server.OzoneProtocolMessageDispatcher.processRequest(OzoneProtocolMessageDispatcher.java:87) [hdds-server-framework-1.4.0-SNAPSHOT.jar:?]
	at org.apache.hadoop.ozone.protocolPB.OzoneManagerProtocolServerSideTranslatorPB.submitRequest(OzoneManagerProtocolServerSideTranslatorPB.java:147) [ozone-manager-1.4.0-SNAPSHOT.jar:?]
	at org.apache.hadoop.ozone.protocol.proto.OzoneManagerProtocolProtos$OzoneManagerService$2.callBlockingMethod(OzoneManagerProtocolProtos.java) [ozone-interface-client-1.4.0-SNAPSHOT.jar:?]
	at org.apache.hadoop.ipc.ProtobufRpcEngine$Server.processCall(ProtobufRpcEngine.java:465) [hadoop-common-3.3.4.jar:?]
	at org.apache.hadoop.ipc.ProtobufRpcEngine2$Server$ProtoBufRpcInvoker.call(ProtobufRpcEngine2.java:578) [hadoop-common-3.3.4.jar:?]
	at org.apache.hadoop.ipc.ProtobufRpcEngine2$Server$ProtoBufRpcInvoker.call(ProtobufRpcEngine2.java:556) [hadoop-common-3.3.4.jar:?]
	at org.apache.hadoop.ipc.RPC$Server.call(RPC.java:1093) [hadoop-common-3.3.4.jar:?]
	at org.apache.hadoop.ipc.Server$RpcCall.run(Server.java:1043) [hadoop-common-3.3.4.jar:?]
	at org.apache.hadoop.ipc.Server$RpcCall.run(Server.java:971) [hadoop-common-3.3.4.jar:?]
	at java.security.AccessController.doPrivileged(Native Method) ~[?:1.8.0_362]
	at javax.security.auth.Subject.doAs(Subject.java:422) [?:1.8.0_362]
	at org.apache.hadoop.security.UserGroupInformation.doAs(UserGroupInformation.java:1878) [hadoop-common-3.3.4.jar:?]
	at org.apache.hadoop.ipc.Server$Handler.run(Server.java:2976) [hadoop-common-3.3.4.jar:?]
13:38:02.882 [IPC Server handler 2 on default port 35721] ERROR OMAudit - user=runner | ip=127.0.0.1 | op=GET_FILE_STATUS {volume=volume06454, bucket=bucket10538, key=gdir1/dir3, dataSize=0, replicationConfig=null} | ret=FAILURE
org.apache.hadoop.ozone.om.exceptions.OMException: Unable to get file status: volume: volume06454 bucket: bucket10538 key: gdir1/dir3
	at org.apache.hadoop.ozone.om.KeyManagerImpl.getOzoneFileStatus(KeyManagerImpl.java:1162) ~[ozone-manager-1.4.0-SNAPSHOT.jar:?]
	at org.apache.hadoop.ozone.om.KeyManagerImpl.getFileStatus(KeyManagerImpl.java:1080) ~[ozone-manager-1.4.0-SNAPSHOT.jar:?]
	at org.apache.hadoop.ozone.om.OmMetadataReader.getFileStatus(OmMetadataReader.java:288) ~[ozone-manager-1.4.0-SNAPSHOT.jar:?]
	at org.apache.hadoop.ozone.om.OzoneManager.getFileStatus(OzoneManager.java:3450) ~[ozone-manager-1.4.0-SNAPSHOT.jar:?]
	at org.apache.hadoop.ozone.protocolPB.OzoneManagerRequestHandler.getOzoneFileStatus(OzoneManagerRequestHandler.java:933) ~[ozone-manager-1.4.0-SNAPSHOT.jar:?]
	at org.apache.hadoop.ozone.protocolPB.OzoneManagerRequestHandler.handleReadRequest(OzoneManagerRequestHandler.java:238) ~[ozone-manager-1.4.0-SNAPSHOT.jar:?]
	at org.apache.hadoop.ozone.protocolPB.OzoneManagerProtocolServerSideTranslatorPB.submitReadRequestToOM(OzoneManagerProtocolServerSideTranslatorPB.java:223) ~[ozone-manager-1.4.0-SNAPSHOT.jar:?]
	at org.apache.hadoop.ozone.protocolPB.OzoneManagerProtocolServerSideTranslatorPB.processRequest(OzoneManagerProtocolServerSideTranslatorPB.java:177) ~[ozone-manager-1.4.0-SNAPSHOT.jar:?]
	at org.apache.hadoop.hdds.server.OzoneProtocolMessageDispatcher.processRequest(OzoneProtocolMessageDispatcher.java:87) [hdds-server-framework-1.4.0-SNAPSHOT.jar:?]
	at org.apache.hadoop.ozone.protocolPB.OzoneManagerProtocolServerSideTranslatorPB.submitRequest(OzoneManagerProtocolServerSideTranslatorPB.java:147) [ozone-manager-1.4.0-SNAPSHOT.jar:?]
	at org.apache.hadoop.ozone.protocol.proto.OzoneManagerProtocolProtos$OzoneManagerService$2.callBlockingMethod(OzoneManagerProtocolProtos.java) [ozone-interface-client-1.4.0-SNAPSHOT.jar:?]
	at org.apache.hadoop.ipc.ProtobufRpcEngine$Server.processCall(ProtobufRpcEngine.java:465) [hadoop-common-3.3.4.jar:?]
	at org.apache.hadoop.ipc.ProtobufRpcEngine2$Server$ProtoBufRpcInvoker.call(ProtobufRpcEngine2.java:578) [hadoop-common-3.3.4.jar:?]
	at org.apache.hadoop.ipc.ProtobufRpcEngine2$Server$ProtoBufRpcInvoker.call(ProtobufRpcEngine2.java:556) [hadoop-common-3.3.4.jar:?]
	at org.apache.hadoop.ipc.RPC$Server.call(RPC.java:1093) [hadoop-common-3.3.4.jar:?]
	at org.apache.hadoop.ipc.Server$RpcCall.run(Server.java:1043) [hadoop-common-3.3.4.jar:?]
	at org.apache.hadoop.ipc.Server$RpcCall.run(Server.java:971) [hadoop-common-3.3.4.jar:?]
	at java.security.AccessController.doPrivileged(Native Method) ~[?:1.8.0_362]
	at javax.security.auth.Subject.doAs(Subject.java:422) [?:1.8.0_362]
	at org.apache.hadoop.security.UserGroupInformation.doAs(UserGroupInformation.java:1878) [hadoop-common-3.3.4.jar:?]
	at org.apache.hadoop.ipc.Server$Handler.run(Server.java:2976) [hadoop-common-3.3.4.jar:?]
13:38:02.884 [IPC Server handler 13 on default port 35721] ERROR OMAudit - user=runner | ip=127.0.0.1 | op=GET_FILE_STATUS {volume=volume06454, bucket=bucket10538, key=gdir1/dir3/child, dataSize=0, replicationConfig=null} | ret=FAILURE
org.apache.hadoop.ozone.om.exceptions.OMException: Unable to get file status: volume: volume06454 bucket: bucket10538 key: gdir1/dir3/child
	at org.apache.hadoop.ozone.om.KeyManagerImpl.getOzoneFileStatus(KeyManagerImpl.java:1162) ~[ozone-manager-1.4.0-SNAPSHOT.jar:?]
	at org.apache.hadoop.ozone.om.KeyManagerImpl.getFileStatus(KeyManagerImpl.java:1080) ~[ozone-manager-1.4.0-SNAPSHOT.jar:?]
	at org.apache.hadoop.ozone.om.OmMetadataReader.getFileStatus(OmMetadataReader.java:288) ~[ozone-manager-1.4.0-SNAPSHOT.jar:?]
	at org.apache.hadoop.ozone.om.OzoneManager.getFileStatus(OzoneManager.java:3450) ~[ozone-manager-1.4.0-SNAPSHOT.jar:?]
	at org.apache.hadoop.ozone.protocolPB.OzoneManagerRequestHandler.getOzoneFileStatus(OzoneManagerRequestHandler.java:933) ~[ozone-manager-1.4.0-SNAPSHOT.jar:?]
	at org.apache.hadoop.ozone.protocolPB.OzoneManagerRequestHandler.handleReadRequest(OzoneManagerRequestHandler.java:238) ~[ozone-manager-1.4.0-SNAPSHOT.jar:?]
	at org.apache.hadoop.ozone.protocolPB.OzoneManagerProtocolServerSideTranslatorPB.submitReadRequestToOM(OzoneManagerProtocolServerSideTranslatorPB.java:223) ~[ozone-manager-1.4.0-SNAPSHOT.jar:?]
	at org.apache.hadoop.ozone.protocolPB.OzoneManagerProtocolServerSideTranslatorPB.processRequest(OzoneManagerProtocolServerSideTranslatorPB.java:177) ~[ozone-manager-1.4.0-SNAPSHOT.jar:?]
	at org.apache.hadoop.hdds.server.OzoneProtocolMessageDispatcher.processRequest(OzoneProtocolMessageDispatcher.java:87) [hdds-server-framework-1.4.0-SNAPSHOT.jar:?]
	at org.apache.hadoop.ozone.protocolPB.OzoneManagerProtocolServerSideTranslatorPB.submitRequest(OzoneManagerProtocolServerSideTranslatorPB.java:147) [ozone-manager-1.4.0-SNAPSHOT.jar:?]
	at org.apache.hadoop.ozone.protocol.proto.OzoneManagerProtocolProtos$OzoneManagerService$2.callBlockingMethod(OzoneManagerProtocolProtos.java) [ozone-interface-client-1.4.0-SNAPSHOT.jar:?]
	at org.apache.hadoop.ipc.ProtobufRpcEngine$Server.processCall(ProtobufRpcEngine.java:465) [hadoop-common-3.3.4.jar:?]
	at org.apache.hadoop.ipc.ProtobufRpcEngine2$Server$ProtoBufRpcInvoker.call(ProtobufRpcEngine2.java:578) [hadoop-common-3.3.4.jar:?]
	at org.apache.hadoop.ipc.ProtobufRpcEngine2$Server$ProtoBufRpcInvoker.call(ProtobufRpcEngine2.java:556) [hadoop-common-3.3.4.jar:?]
	at org.apache.hadoop.ipc.RPC$Server.call(RPC.java:1093) [hadoop-common-3.3.4.jar:?]
	at org.apache.hadoop.ipc.Server$RpcCall.run(Server.java:1043) [hadoop-common-3.3.4.jar:?]
	at org.apache.hadoop.ipc.Server$RpcCall.run(Server.java:971) [hadoop-common-3.3.4.jar:?]
	at java.security.AccessController.doPrivileged(Native Method) ~[?:1.8.0_362]
	at javax.security.auth.Subject.doAs(Subject.java:422) [?:1.8.0_362]
	at org.apache.hadoop.security.UserGroupInformation.doAs(UserGroupInformation.java:1878) [hadoop-common-3.3.4.jar:?]
	at org.apache.hadoop.ipc.Server$Handler.run(Server.java:2976) [hadoop-common-3.3.4.jar:?]
13:38:02.885 [IPC Server handler 1 on default port 35721] ERROR OMAudit - user=runner | ip=127.0.0.1 | op=GET_FILE_STATUS {volume=volume06454, bucket=bucket10538, key=gdir1/dir4, dataSize=0, replicationConfig=null} | ret=FAILURE
org.apache.hadoop.ozone.om.exceptions.OMException: Unable to get file status: volume: volume06454 bucket: bucket10538 key: gdir1/dir4
	at org.apache.hadoop.ozone.om.KeyManagerImpl.getOzoneFileStatus(KeyManagerImpl.java:1162) ~[ozone-manager-1.4.0-SNAPSHOT.jar:?]
	at org.apache.hadoop.ozone.om.KeyManagerImpl.getFileStatus(KeyManagerImpl.java:1080) ~[ozone-manager-1.4.0-SNAPSHOT.jar:?]
	at org.apache.hadoop.ozone.om.OmMetadataReader.getFileStatus(OmMetadataReader.java:288) ~[ozone-manager-1.4.0-SNAPSHOT.jar:?]
	at org.apache.hadoop.ozone.om.OzoneManager.getFileStatus(OzoneManager.java:3450) ~[ozone-manager-1.4.0-SNAPSHOT.jar:?]
	at org.apache.hadoop.ozone.protocolPB.OzoneManagerRequestHandler.getOzoneFileStatus(OzoneManagerRequestHandler.java:933) ~[ozone-manager-1.4.0-SNAPSHOT.jar:?]
	at org.apache.hadoop.ozone.protocolPB.OzoneManagerRequestHandler.handleReadRequest(OzoneManagerRequestHandler.java:238) ~[ozone-manager-1.4.0-SNAPSHOT.jar:?]
	at org.apache.hadoop.ozone.protocolPB.OzoneManagerProtocolServerSideTranslatorPB.submitReadRequestToOM(OzoneManagerProtocolServerSideTranslatorPB.java:223) ~[ozone-manager-1.4.0-SNAPSHOT.jar:?]
	at org.apache.hadoop.ozone.protocolPB.OzoneManagerProtocolServerSideTranslatorPB.processRequest(OzoneManagerProtocolServerSideTranslatorPB.java:177) ~[ozone-manager-1.4.0-SNAPSHOT.jar:?]
	at org.apache.hadoop.hdds.server.OzoneProtocolMessageDispatcher.processRequest(OzoneProtocolMessageDispatcher.java:87) [hdds-server-framework-1.4.0-SNAPSHOT.jar:?]
	at org.apache.hadoop.ozone.protocolPB.OzoneManagerProtocolServerSideTranslatorPB.submitRequest(OzoneManagerProtocolServerSideTranslatorPB.java:147) [ozone-manager-1.4.0-SNAPSHOT.jar:?]
	at org.apache.hadoop.ozone.protocol.proto.OzoneManagerProtocolProtos$OzoneManagerService$2.callBlockingMethod(OzoneManagerProtocolProtos.java) [ozone-interface-client-1.4.0-SNAPSHOT.jar:?]
	at org.apache.hadoop.ipc.ProtobufRpcEngine$Server.processCall(ProtobufRpcEngine.java:465) [hadoop-common-3.3.4.jar:?]
	at org.apache.hadoop.ipc.ProtobufRpcEngine2$Server$ProtoBufRpcInvoker.call(ProtobufRpcEngine2.java:578) [hadoop-common-3.3.4.jar:?]
	at org.apache.hadoop.ipc.ProtobufRpcEngine2$Server$ProtoBufRpcInvoker.call(ProtobufRpcEngine2.java:556) [hadoop-common-3.3.4.jar:?]
	at org.apache.hadoop.ipc.RPC$Server.call(RPC.java:1093) [hadoop-common-3.3.4.jar:?]
	at org.apache.hadoop.ipc.Server$RpcCall.run(Server.java:1043) [hadoop-common-3.3.4.jar:?]
	at org.apache.hadoop.ipc.Server$RpcCall.run(Server.java:971) [hadoop-common-3.3.4.jar:?]
	at java.security.AccessController.doPrivileged(Native Method) ~[?:1.8.0_362]
	at javax.security.auth.Subject.doAs(Subject.java:422) [?:1.8.0_362]
	at org.apache.hadoop.security.UserGroupInformation.doAs(UserGroupInformation.java:1878) [hadoop-common-3.3.4.jar:?]
	at org.apache.hadoop.ipc.Server$Handler.run(Server.java:2976) [hadoop-common-3.3.4.jar:?]
13:38:02.887 [IPC Server handler 3 on default port 35721] ERROR OMAudit - user=runner | ip=127.0.0.1 | op=GET_FILE_STATUS {volume=volume06454, bucket=bucket10538, key=gdir1/dir4/child, dataSize=0, replicationConfig=null} | ret=FAILURE
org.apache.hadoop.ozone.om.exceptions.OMException: Unable to get file status: volume: volume06454 bucket: bucket10538 key: gdir1/dir4/child
	at org.apache.hadoop.ozone.om.KeyManagerImpl.getOzoneFileStatus(KeyManagerImpl.java:1162) ~[ozone-manager-1.4.0-SNAPSHOT.jar:?]
	at org.apache.hadoop.ozone.om.KeyManagerImpl.getFileStatus(KeyManagerImpl.java:1080) ~[ozone-manager-1.4.0-SNAPSHOT.jar:?]
	at org.apache.hadoop.ozone.om.OmMetadataReader.getFileStatus(OmMetadataReader.java:288) ~[ozone-manager-1.4.0-SNAPSHOT.jar:?]
	at org.apache.hadoop.ozone.om.OzoneManager.getFileStatus(OzoneManager.java:3450) ~[ozone-manager-1.4.0-SNAPSHOT.jar:?]
	at org.apache.hadoop.ozone.protocolPB.OzoneManagerRequestHandler.getOzoneFileStatus(OzoneManagerRequestHandler.java:933) ~[ozone-manager-1.4.0-SNAPSHOT.jar:?]
	at org.apache.hadoop.ozone.protocolPB.OzoneManagerRequestHandler.handleReadRequest(OzoneManagerRequestHandler.java:238) ~[ozone-manager-1.4.0-SNAPSHOT.jar:?]
	at org.apache.hadoop.ozone.protocolPB.OzoneManagerProtocolServerSideTranslatorPB.submitReadRequestToOM(OzoneManagerProtocolServerSideTranslatorPB.java:223) ~[ozone-manager-1.4.0-SNAPSHOT.jar:?]
	at org.apache.hadoop.ozone.protocolPB.OzoneManagerProtocolServerSideTranslatorPB.processRequest(OzoneManagerProtocolServerSideTranslatorPB.java:177) ~[ozone-manager-1.4.0-SNAPSHOT.jar:?]
	at org.apache.hadoop.hdds.server.OzoneProtocolMessageDispatcher.processRequest(OzoneProtocolMessageDispatcher.java:87) [hdds-server-framework-1.4.0-SNAPSHOT.jar:?]
	at org.apache.hadoop.ozone.protocolPB.OzoneManagerProtocolServerSideTranslatorPB.submitRequest(OzoneManagerProtocolServerSideTranslatorPB.java:147) [ozone-manager-1.4.0-SNAPSHOT.jar:?]
	at org.apache.hadoop.ozone.protocol.proto.OzoneManagerProtocolProtos$OzoneManagerService$2.callBlockingMethod(OzoneManagerProtocolProtos.java) [ozone-interface-client-1.4.0-SNAPSHOT.jar:?]
	at org.apache.hadoop.ipc.ProtobufRpcEngine$Server.processCall(ProtobufRpcEngine.java:465) [hadoop-common-3.3.4.jar:?]
	at org.apache.hadoop.ipc.ProtobufRpcEngine2$Server$ProtoBufRpcInvoker.call(ProtobufRpcEngine2.java:578) [hadoop-common-3.3.4.jar:?]
	at org.apache.hadoop.ipc.ProtobufRpcEngine2$Server$ProtoBufRpcInvoker.call(ProtobufRpcEngine2.java:556) [hadoop-common-3.3.4.jar:?]
	at org.apache.hadoop.ipc.RPC$Server.call(RPC.java:1093) [hadoop-common-3.3.4.jar:?]
	at org.apache.hadoop.ipc.Server$RpcCall.run(Server.java:1043) [hadoop-common-3.3.4.jar:?]
	at org.apache.hadoop.ipc.Server$RpcCall.run(Server.java:971) [hadoop-common-3.3.4.jar:?]
	at java.security.AccessController.doPrivileged(Native Method) ~[?:1.8.0_362]
	at javax.security.auth.Subject.doAs(Subject.java:422) [?:1.8.0_362]
	at org.apache.hadoop.security.UserGroupInformation.doAs(UserGroupInformation.java:1878) [hadoop-common-3.3.4.jar:?]
	at org.apache.hadoop.ipc.Server$Handler.run(Server.java:2976) [hadoop-common-3.3.4.jar:?]
13:38:02.889 [IPC Server handler 11 on default port 35721] ERROR OMAudit - user=runner | ip=127.0.0.1 | op=GET_FILE_STATUS {volume=volume06454, bucket=bucket10538, key=gdir1/dir5, dataSize=0, replicationConfig=null} | ret=FAILURE
org.apache.hadoop.ozone.om.exceptions.OMException: Unable to get file status: volume: volume06454 bucket: bucket10538 key: gdir1/dir5
	at org.apache.hadoop.ozone.om.KeyManagerImpl.getOzoneFileStatus(KeyManagerImpl.java:1162) ~[ozone-manager-1.4.0-SNAPSHOT.jar:?]
	at org.apache.hadoop.ozone.om.KeyManagerImpl.getFileStatus(KeyManagerImpl.java:1080) ~[ozone-manager-1.4.0-SNAPSHOT.jar:?]
	at org.apache.hadoop.ozone.om.OmMetadataReader.getFileStatus(OmMetadataReader.java:288) ~[ozone-manager-1.4.0-SNAPSHOT.jar:?]
	at org.apache.hadoop.ozone.om.OzoneManager.getFileStatus(OzoneManager.java:3450) ~[ozone-manager-1.4.0-SNAPSHOT.jar:?]
	at org.apache.hadoop.ozone.protocolPB.OzoneManagerRequestHandler.getOzoneFileStatus(OzoneManagerRequestHandler.java:933) ~[ozone-manager-1.4.0-SNAPSHOT.jar:?]
	at org.apache.hadoop.ozone.protocolPB.OzoneManagerRequestHandler.handleReadRequest(OzoneManagerRequestHandler.java:238) ~[ozone-manager-1.4.0-SNAPSHOT.jar:?]
	at org.apache.hadoop.ozone.protocolPB.OzoneManagerProtocolServerSideTranslatorPB.submitReadRequestToOM(OzoneManagerProtocolServerSideTranslatorPB.java:223) ~[ozone-manager-1.4.0-SNAPSHOT.jar:?]
	at org.apache.hadoop.ozone.protocolPB.OzoneManagerProtocolServerSideTranslatorPB.processRequest(OzoneManagerProtocolServerSideTranslatorPB.java:177) ~[ozone-manager-1.4.0-SNAPSHOT.jar:?]
	at org.apache.hadoop.hdds.server.OzoneProtocolMessageDispatcher.processRequest(OzoneProtocolMessageDispatcher.java:87) [hdds-server-framework-1.4.0-SNAPSHOT.jar:?]
	at org.apache.hadoop.ozone.protocolPB.OzoneManagerProtocolServerSideTranslatorPB.submitRequest(OzoneManagerProtocolServerSideTranslatorPB.java:147) [ozone-manager-1.4.0-SNAPSHOT.jar:?]
	at org.apache.hadoop.ozone.protocol.proto.OzoneManagerProtocolProtos$OzoneManagerService$2.callBlockingMethod(OzoneManagerProtocolProtos.java) [ozone-interface-client-1.4.0-SNAPSHOT.jar:?]
	at org.apache.hadoop.ipc.ProtobufRpcEngine$Server.processCall(ProtobufRpcEngine.java:465) [hadoop-common-3.3.4.jar:?]
	at org.apache.hadoop.ipc.ProtobufRpcEngine2$Server$ProtoBufRpcInvoker.call(ProtobufRpcEngine2.java:578) [hadoop-common-3.3.4.jar:?]
	at org.apache.hadoop.ipc.ProtobufRpcEngine2$Server$ProtoBufRpcInvoker.call(ProtobufRpcEngine2.java:556) [hadoop-common-3.3.4.jar:?]
	at org.apache.hadoop.ipc.RPC$Server.call(RPC.java:1093) [hadoop-common-3.3.4.jar:?]
	at org.apache.hadoop.ipc.Server$RpcCall.run(Server.java:1043) [hadoop-common-3.3.4.jar:?]
	at org.apache.hadoop.ipc.Server$RpcCall.run(Server.java:971) [hadoop-common-3.3.4.jar:?]
	at java.security.AccessController.doPrivileged(Native Method) ~[?:1.8.0_362]
	at javax.security.auth.Subject.doAs(Subject.java:422) [?:1.8.0_362]
	at org.apache.hadoop.security.UserGroupInformation.doAs(UserGroupInformation.java:1878) [hadoop-common-3.3.4.jar:?]
	at org.apache.hadoop.ipc.Server$Handler.run(Server.java:2976) [hadoop-common-3.3.4.jar:?]
13:38:02.890 [IPC Server handler 12 on default port 35721] ERROR OMAudit - user=runner | ip=127.0.0.1 | op=GET_FILE_STATUS {volume=volume06454, bucket=bucket10538, key=gdir1/dir5/child, dataSize=0, replicationConfig=null} | ret=FAILURE
org.apache.hadoop.ozone.om.exceptions.OMException: Unable to get file status: volume: volume06454 bucket: bucket10538 key: gdir1/dir5/child
	at org.apache.hadoop.ozone.om.KeyManagerImpl.getOzoneFileStatus(KeyManagerImpl.java:1162) ~[ozone-manager-1.4.0-SNAPSHOT.jar:?]
	at org.apache.hadoop.ozone.om.KeyManagerImpl.getFileStatus(KeyManagerImpl.java:1080) ~[ozone-manager-1.4.0-SNAPSHOT.jar:?]
	at org.apache.hadoop.ozone.om.OmMetadataReader.getFileStatus(OmMetadataReader.java:288) ~[ozone-manager-1.4.0-SNAPSHOT.jar:?]
	at org.apache.hadoop.ozone.om.OzoneManager.getFileStatus(OzoneManager.java:3450) ~[ozone-manager-1.4.0-SNAPSHOT.jar:?]
	at org.apache.hadoop.ozone.protocolPB.OzoneManagerRequestHandler.getOzoneFileStatus(OzoneManagerRequestHandler.java:933) ~[ozone-manager-1.4.0-SNAPSHOT.jar:?]
	at org.apache.hadoop.ozone.protocolPB.OzoneManagerRequestHandler.handleReadRequest(OzoneManagerRequestHandler.java:238) ~[ozone-manager-1.4.0-SNAPSHOT.jar:?]
	at org.apache.hadoop.ozone.protocolPB.OzoneManagerProtocolServerSideTranslatorPB.submitReadRequestToOM(OzoneManagerProtocolServerSideTranslatorPB.java:223) ~[ozone-manager-1.4.0-SNAPSHOT.jar:?]
	at org.apache.hadoop.ozone.protocolPB.OzoneManagerProtocolServerSideTranslatorPB.processRequest(OzoneManagerProtocolServerSideTranslatorPB.java:177) ~[ozone-manager-1.4.0-SNAPSHOT.jar:?]
	at org.apache.hadoop.hdds.server.OzoneProtocolMessageDispatcher.processRequest(OzoneProtocolMessageDispatcher.java:87) [hdds-server-framework-1.4.0-SNAPSHOT.jar:?]
	at org.apache.hadoop.ozone.protocolPB.OzoneManagerProtocolServerSideTranslatorPB.submitRequest(OzoneManagerProtocolServerSideTranslatorPB.java:147) [ozone-manager-1.4.0-SNAPSHOT.jar:?]
	at org.apache.hadoop.ozone.protocol.proto.OzoneManagerProtocolProtos$OzoneManagerService$2.callBlockingMethod(OzoneManagerProtocolProtos.java) [ozone-interface-client-1.4.0-SNAPSHOT.jar:?]
	at org.apache.hadoop.ipc.ProtobufRpcEngine$Server.processCall(ProtobufRpcEngine.java:465) [hadoop-common-3.3.4.jar:?]
	at org.apache.hadoop.ipc.ProtobufRpcEngine2$Server$ProtoBufRpcInvoker.call(ProtobufRpcEngine2.java:578) [hadoop-common-3.3.4.jar:?]
	at org.apache.hadoop.ipc.ProtobufRpcEngine2$Server$ProtoBufRpcInvoker.call(ProtobufRpcEngine2.java:556) [hadoop-common-3.3.4.jar:?]
	at org.apache.hadoop.ipc.RPC$Server.call(RPC.java:1093) [hadoop-common-3.3.4.jar:?]
	at org.apache.hadoop.ipc.Server$RpcCall.run(Server.java:1043) [hadoop-common-3.3.4.jar:?]
	at org.apache.hadoop.ipc.Server$RpcCall.run(Server.java:971) [hadoop-common-3.3.4.jar:?]
	at java.security.AccessController.doPrivileged(Native Method) ~[?:1.8.0_362]
	at javax.security.auth.Subject.doAs(Subject.java:422) [?:1.8.0_362]
	at org.apache.hadoop.security.UserGroupInformation.doAs(UserGroupInformation.java:1878) [hadoop-common-3.3.4.jar:?]
	at org.apache.hadoop.ipc.Server$Handler.run(Server.java:2976) [hadoop-common-3.3.4.jar:?]
13:38:02.892 [IPC Server handler 5 on default port 35721] ERROR OMAudit - user=runner | ip=127.0.0.1 | op=GET_FILE_STATUS {volume=volume06454, bucket=bucket10538, key=gdir1/dir6, dataSize=0, replicationConfig=null} | ret=FAILURE
org.apache.hadoop.ozone.om.exceptions.OMException: Unable to get file status: volume: volume06454 bucket: bucket10538 key: gdir1/dir6
	at org.apache.hadoop.ozone.om.KeyManagerImpl.getOzoneFileStatus(KeyManagerImpl.java:1162) ~[ozone-manager-1.4.0-SNAPSHOT.jar:?]
	at org.apache.hadoop.ozone.om.KeyManagerImpl.getFileStatus(KeyManagerImpl.java:1080) ~[ozone-manager-1.4.0-SNAPSHOT.jar:?]
	at org.apache.hadoop.ozone.om.OmMetadataReader.getFileStatus(OmMetadataReader.java:288) ~[ozone-manager-1.4.0-SNAPSHOT.jar:?]
	at org.apache.hadoop.ozone.om.OzoneManager.getFileStatus(OzoneManager.java:3450) ~[ozone-manager-1.4.0-SNAPSHOT.jar:?]
	at org.apache.hadoop.ozone.protocolPB.OzoneManagerRequestHandler.getOzoneFileStatus(OzoneManagerRequestHandler.java:933) ~[ozone-manager-1.4.0-SNAPSHOT.jar:?]
	at org.apache.hadoop.ozone.protocolPB.OzoneManagerRequestHandler.handleReadRequest(OzoneManagerRequestHandler.java:238) ~[ozone-manager-1.4.0-SNAPSHOT.jar:?]
	at org.apache.hadoop.ozone.protocolPB.OzoneManagerProtocolServerSideTranslatorPB.submitReadRequestToOM(OzoneManagerProtocolServerSideTranslatorPB.java:223) ~[ozone-manager-1.4.0-SNAPSHOT.jar:?]
	at org.apache.hadoop.ozone.protocolPB.OzoneManagerProtocolServerSideTranslatorPB.processRequest(OzoneManagerProtocolServerSideTranslatorPB.java:177) ~[ozone-manager-1.4.0-SNAPSHOT.jar:?]
	at org.apache.hadoop.hdds.server.OzoneProtocolMessageDispatcher.processRequest(OzoneProtocolMessageDispatcher.java:87) [hdds-server-framework-1.4.0-SNAPSHOT.jar:?]
	at org.apache.hadoop.ozone.protocolPB.OzoneManagerProtocolServerSideTranslatorPB.submitRequest(OzoneManagerProtocolServerSideTranslatorPB.java:147) [ozone-manager-1.4.0-SNAPSHOT.jar:?]
	at org.apache.hadoop.ozone.protocol.proto.OzoneManagerProtocolProtos$OzoneManagerService$2.callBlockingMethod(OzoneManagerProtocolProtos.java) [ozone-interface-client-1.4.0-SNAPSHOT.jar:?]
	at org.apache.hadoop.ipc.ProtobufRpcEngine$Server.processCall(ProtobufRpcEngine.java:465) [hadoop-common-3.3.4.jar:?]
	at org.apache.hadoop.ipc.ProtobufRpcEngine2$Server$ProtoBufRpcInvoker.call(ProtobufRpcEngine2.java:578) [hadoop-common-3.3.4.jar:?]
	at org.apache.hadoop.ipc.ProtobufRpcEngine2$Server$ProtoBufRpcInvoker.call(ProtobufRpcEngine2.java:556) [hadoop-common-3.3.4.jar:?]
	at org.apache.hadoop.ipc.RPC$Server.call(RPC.java:1093) [hadoop-common-3.3.4.jar:?]
	at org.apache.hadoop.ipc.Server$RpcCall.run(Server.java:1043) [hadoop-common-3.3.4.jar:?]
	at org.apache.hadoop.ipc.Server$RpcCall.run(Server.java:971) [hadoop-common-3.3.4.jar:?]
	at java.security.AccessController.doPrivileged(Native Method) ~[?:1.8.0_362]
	at javax.security.auth.Subject.doAs(Subject.java:422) [?:1.8.0_362]
	at org.apache.hadoop.security.UserGroupInformation.doAs(UserGroupInformation.java:1878) [hadoop-common-3.3.4.jar:?]
	at org.apache.hadoop.ipc.Server$Handler.run(Server.java:2976) [hadoop-common-3.3.4.jar:?]
13:38:02.894 [IPC Server handler 19 on default port 35721] ERROR OMAudit - user=runner | ip=127.0.0.1 | op=GET_FILE_STATUS {volume=volume06454, bucket=bucket10538, key=gdir1/dir6/child, dataSize=0, replicationConfig=null} | ret=FAILURE
org.apache.hadoop.ozone.om.exceptions.OMException: Unable to get file status: volume: volume06454 bucket: bucket10538 key: gdir1/dir6/child
	at org.apache.hadoop.ozone.om.KeyManagerImpl.getOzoneFileStatus(KeyManagerImpl.java:1162) ~[ozone-manager-1.4.0-SNAPSHOT.jar:?]
	at org.apache.hadoop.ozone.om.KeyManagerImpl.getFileStatus(KeyManagerImpl.java:1080) ~[ozone-manager-1.4.0-SNAPSHOT.jar:?]
	at org.apache.hadoop.ozone.om.OmMetadataReader.getFileStatus(OmMetadataReader.java:288) ~[ozone-manager-1.4.0-SNAPSHOT.jar:?]
	at org.apache.hadoop.ozone.om.OzoneManager.getFileStatus(OzoneManager.java:3450) ~[ozone-manager-1.4.0-SNAPSHOT.jar:?]
	at org.apache.hadoop.ozone.protocolPB.OzoneManagerRequestHandler.getOzoneFileStatus(OzoneManagerRequestHandler.java:933) ~[ozone-manager-1.4.0-SNAPSHOT.jar:?]
	at org.apache.hadoop.ozone.protocolPB.OzoneManagerRequestHandler.handleReadRequest(OzoneManagerRequestHandler.java:238) ~[ozone-manager-1.4.0-SNAPSHOT.jar:?]
	at org.apache.hadoop.ozone.protocolPB.OzoneManagerProtocolServerSideTranslatorPB.submitReadRequestToOM(OzoneManagerProtocolServerSideTranslatorPB.java:223) ~[ozone-manager-1.4.0-SNAPSHOT.jar:?]
	at org.apache.hadoop.ozone.protocolPB.OzoneManagerProtocolServerSideTranslatorPB.processRequest(OzoneManagerProtocolServerSideTranslatorPB.java:177) ~[ozone-manager-1.4.0-SNAPSHOT.jar:?]
	at org.apache.hadoop.hdds.server.OzoneProtocolMessageDispatcher.processRequest(OzoneProtocolMessageDispatcher.java:87) [hdds-server-framework-1.4.0-SNAPSHOT.jar:?]
	at org.apache.hadoop.ozone.protocolPB.OzoneManagerProtocolServerSideTranslatorPB.submitRequest(OzoneManagerProtocolServerSideTranslatorPB.java:147) [ozone-manager-1.4.0-SNAPSHOT.jar:?]
	at org.apache.hadoop.ozone.protocol.proto.OzoneManagerProtocolProtos$OzoneManagerService$2.callBlockingMethod(OzoneManagerProtocolProtos.java) [ozone-interface-client-1.4.0-SNAPSHOT.jar:?]
	at org.apache.hadoop.ipc.ProtobufRpcEngine$Server.processCall(ProtobufRpcEngine.java:465) [hadoop-common-3.3.4.jar:?]
	at org.apache.hadoop.ipc.ProtobufRpcEngine2$Server$ProtoBufRpcInvoker.call(ProtobufRpcEngine2.java:578) [hadoop-common-3.3.4.jar:?]
	at org.apache.hadoop.ipc.ProtobufRpcEngine2$Server$ProtoBufRpcInvoker.call(ProtobufRpcEngine2.java:556) [hadoop-common-3.3.4.jar:?]
	at org.apache.hadoop.ipc.RPC$Server.call(RPC.java:1093) [hadoop-common-3.3.4.jar:?]
	at org.apache.hadoop.ipc.Server$RpcCall.run(Server.java:1043) [hadoop-common-3.3.4.jar:?]
	at org.apache.hadoop.ipc.Server$RpcCall.run(Server.java:971) [hadoop-common-3.3.4.jar:?]
	at java.security.AccessController.doPrivileged(Native Method) ~[?:1.8.0_362]
	at javax.security.auth.Subject.doAs(Subject.java:422) [?:1.8.0_362]
	at org.apache.hadoop.security.UserGroupInformation.doAs(UserGroupInformation.java:1878) [hadoop-common-3.3.4.jar:?]
	at org.apache.hadoop.ipc.Server$Handler.run(Server.java:2976) [hadoop-common-3.3.4.jar:?]
13:38:02.896 [IPC Server handler 16 on default port 35721] ERROR OMAudit - user=runner | ip=127.0.0.1 | op=GET_FILE_STATUS {volume=volume06454, bucket=bucket10538, key=gdir1/dir7, dataSize=0, replicationConfig=null} | ret=FAILURE
org.apache.hadoop.ozone.om.exceptions.OMException: Unable to get file status: volume: volume06454 bucket: bucket10538 key: gdir1/dir7
	at org.apache.hadoop.ozone.om.KeyManagerImpl.getOzoneFileStatus(KeyManagerImpl.java:1162) ~[ozone-manager-1.4.0-SNAPSHOT.jar:?]
	at org.apache.hadoop.ozone.om.KeyManagerImpl.getFileStatus(KeyManagerImpl.java:1080) ~[ozone-manager-1.4.0-SNAPSHOT.jar:?]
	at org.apache.hadoop.ozone.om.OmMetadataReader.getFileStatus(OmMetadataReader.java:288) ~[ozone-manager-1.4.0-SNAPSHOT.jar:?]
	at org.apache.hadoop.ozone.om.OzoneManager.getFileStatus(OzoneManager.java:3450) ~[ozone-manager-1.4.0-SNAPSHOT.jar:?]
	at org.apache.hadoop.ozone.protocolPB.OzoneManagerRequestHandler.getOzoneFileStatus(OzoneManagerRequestHandler.java:933) ~[ozone-manager-1.4.0-SNAPSHOT.jar:?]
	at org.apache.hadoop.ozone.protocolPB.OzoneManagerRequestHandler.handleReadRequest(OzoneManagerRequestHandler.java:238) ~[ozone-manager-1.4.0-SNAPSHOT.jar:?]
	at org.apache.hadoop.ozone.protocolPB.OzoneManagerProtocolServerSideTranslatorPB.submitReadRequestToOM(OzoneManagerProtocolServerSideTranslatorPB.java:223) ~[ozone-manager-1.4.0-SNAPSHOT.jar:?]
	at org.apache.hadoop.ozone.protocolPB.OzoneManagerProtocolServerSideTranslatorPB.processRequest(OzoneManagerProtocolServerSideTranslatorPB.java:177) ~[ozone-manager-1.4.0-SNAPSHOT.jar:?]
	at org.apache.hadoop.hdds.server.OzoneProtocolMessageDispatcher.processRequest(OzoneProtocolMessageDispatcher.java:87) [hdds-server-framework-1.4.0-SNAPSHOT.jar:?]
	at org.apache.hadoop.ozone.protocolPB.OzoneManagerProtocolServerSideTranslatorPB.submitRequest(OzoneManagerProtocolServerSideTranslatorPB.java:147) [ozone-manager-1.4.0-SNAPSHOT.jar:?]
	at org.apache.hadoop.ozone.protocol.proto.OzoneManagerProtocolProtos$OzoneManagerService$2.callBlockingMethod(OzoneManagerProtocolProtos.java) [ozone-interface-client-1.4.0-SNAPSHOT.jar:?]
	at org.apache.hadoop.ipc.ProtobufRpcEngine$Server.processCall(ProtobufRpcEngine.java:465) [hadoop-common-3.3.4.jar:?]
	at org.apache.hadoop.ipc.ProtobufRpcEngine2$Server$ProtoBufRpcInvoker.call(ProtobufRpcEngine2.java:578) [hadoop-common-3.3.4.jar:?]
	at org.apache.hadoop.ipc.ProtobufRpcEngine2$Server$ProtoBufRpcInvoker.call(ProtobufRpcEngine2.java:556) [hadoop-common-3.3.4.jar:?]
	at org.apache.hadoop.ipc.RPC$Server.call(RPC.java:1093) [hadoop-common-3.3.4.jar:?]
	at org.apache.hadoop.ipc.Server$RpcCall.run(Server.java:1043) [hadoop-common-3.3.4.jar:?]
	at org.apache.hadoop.ipc.Server$RpcCall.run(Server.java:971) [hadoop-common-3.3.4.jar:?]
	at java.security.AccessController.doPrivileged(Native Method) ~[?:1.8.0_362]
	at javax.security.auth.Subject.doAs(Subject.java:422) [?:1.8.0_362]
	at org.apache.hadoop.security.UserGroupInformation.doAs(UserGroupInformation.java:1878) [hadoop-common-3.3.4.jar:?]
	at org.apache.hadoop.ipc.Server$Handler.run(Server.java:2976) [hadoop-common-3.3.4.jar:?]
13:38:02.897 [IPC Server handler 6 on default port 35721] ERROR OMAudit - user=runner | ip=127.0.0.1 | op=GET_FILE_STATUS {volume=volume06454, bucket=bucket10538, key=gdir1/dir7/child, dataSize=0, replicationConfig=null} | ret=FAILURE
org.apache.hadoop.ozone.om.exceptions.OMException: Unable to get file status: volume: volume06454 bucket: bucket10538 key: gdir1/dir7/child
	at org.apache.hadoop.ozone.om.KeyManagerImpl.getOzoneFileStatus(KeyManagerImpl.java:1162) ~[ozone-manager-1.4.0-SNAPSHOT.jar:?]
	at org.apache.hadoop.ozone.om.KeyManagerImpl.getFileStatus(KeyManagerImpl.java:1080) ~[ozone-manager-1.4.0-SNAPSHOT.jar:?]
	at org.apache.hadoop.ozone.om.OmMetadataReader.getFileStatus(OmMetadataReader.java:288) ~[ozone-manager-1.4.0-SNAPSHOT.jar:?]
	at org.apache.hadoop.ozone.om.OzoneManager.getFileStatus(OzoneManager.java:3450) ~[ozone-manager-1.4.0-SNAPSHOT.jar:?]
	at org.apache.hadoop.ozone.protocolPB.OzoneManagerRequestHandler.getOzoneFileStatus(OzoneManagerRequestHandler.java:933) ~[ozone-manager-1.4.0-SNAPSHOT.jar:?]
	at org.apache.hadoop.ozone.protocolPB.OzoneManagerRequestHandler.handleReadRequest(OzoneManagerRequestHandler.java:238) ~[ozone-manager-1.4.0-SNAPSHOT.jar:?]
	at org.apache.hadoop.ozone.protocolPB.OzoneManagerProtocolServerSideTranslatorPB.submitReadRequestToOM(OzoneManagerProtocolServerSideTranslatorPB.java:223) ~[ozone-manager-1.4.0-SNAPSHOT.jar:?]
	at org.apache.hadoop.ozone.protocolPB.OzoneManagerProtocolServerSideTranslatorPB.processRequest(OzoneManagerProtocolServerSideTranslatorPB.java:177) ~[ozone-manager-1.4.0-SNAPSHOT.jar:?]
	at org.apache.hadoop.hdds.server.OzoneProtocolMessageDispatcher.processRequest(OzoneProtocolMessageDispatcher.java:87) [hdds-server-framework-1.4.0-SNAPSHOT.jar:?]
	at org.apache.hadoop.ozone.protocolPB.OzoneManagerProtocolServerSideTranslatorPB.submitRequest(OzoneManagerProtocolServerSideTranslatorPB.java:147) [ozone-manager-1.4.0-SNAPSHOT.jar:?]
	at org.apache.hadoop.ozone.protocol.proto.OzoneManagerProtocolProtos$OzoneManagerService$2.callBlockingMethod(OzoneManagerProtocolProtos.java) [ozone-interface-client-1.4.0-SNAPSHOT.jar:?]
	at org.apache.hadoop.ipc.ProtobufRpcEngine$Server.processCall(ProtobufRpcEngine.java:465) [hadoop-common-3.3.4.jar:?]
	at org.apache.hadoop.ipc.ProtobufRpcEngine2$Server$ProtoBufRpcInvoker.call(ProtobufRpcEngine2.java:578) [hadoop-common-3.3.4.jar:?]
	at org.apache.hadoop.ipc.ProtobufRpcEngine2$Server$ProtoBufRpcInvoker.call(ProtobufRpcEngine2.java:556) [hadoop-common-3.3.4.jar:?]
	at org.apache.hadoop.ipc.RPC$Server.call(RPC.java:1093) [hadoop-common-3.3.4.jar:?]
	at org.apache.hadoop.ipc.Server$RpcCall.run(Server.java:1043) [hadoop-common-3.3.4.jar:?]
	at org.apache.hadoop.ipc.Server$RpcCall.run(Server.java:971) [hadoop-common-3.3.4.jar:?]
	at java.security.AccessController.doPrivileged(Native Method) ~[?:1.8.0_362]
	at javax.security.auth.Subject.doAs(Subject.java:422) [?:1.8.0_362]
	at org.apache.hadoop.security.UserGroupInformation.doAs(UserGroupInformation.java:1878) [hadoop-common-3.3.4.jar:?]
	at org.apache.hadoop.ipc.Server$Handler.run(Server.java:2976) [hadoop-common-3.3.4.jar:?]
13:38:02.900 [IPC Server handler 15 on default port 35721] ERROR OMAudit - user=runner | ip=127.0.0.1 | op=GET_FILE_STATUS {volume=volume06454, bucket=bucket10538, key=gdir1/dir8, dataSize=0, replicationConfig=null} | ret=FAILURE
org.apache.hadoop.ozone.om.exceptions.OMException: Unable to get file status: volume: volume06454 bucket: bucket10538 key: gdir1/dir8
	at org.apache.hadoop.ozone.om.KeyManagerImpl.getOzoneFileStatus(KeyManagerImpl.java:1162) ~[ozone-manager-1.4.0-SNAPSHOT.jar:?]
	at org.apache.hadoop.ozone.om.KeyManagerImpl.getFileStatus(KeyManagerImpl.java:1080) ~[ozone-manager-1.4.0-SNAPSHOT.jar:?]
	at org.apache.hadoop.ozone.om.OmMetadataReader.getFileStatus(OmMetadataReader.java:288) ~[ozone-manager-1.4.0-SNAPSHOT.jar:?]
	at org.apache.hadoop.ozone.om.OzoneManager.getFileStatus(OzoneManager.java:3450) ~[ozone-manager-1.4.0-SNAPSHOT.jar:?]
	at org.apache.hadoop.ozone.protocolPB.OzoneManagerRequestHandler.getOzoneFileStatus(OzoneManagerRequestHandler.java:933) ~[ozone-manager-1.4.0-SNAPSHOT.jar:?]
	at org.apache.hadoop.ozone.protocolPB.OzoneManagerRequestHandler.handleReadRequest(OzoneManagerRequestHandler.java:238) ~[ozone-manager-1.4.0-SNAPSHOT.jar:?]
	at org.apache.hadoop.ozone.protocolPB.OzoneManagerProtocolServerSideTranslatorPB.submitReadRequestToOM(OzoneManagerProtocolServerSideTranslatorPB.java:223) ~[ozone-manager-1.4.0-SNAPSHOT.jar:?]
	at org.apache.hadoop.ozone.protocolPB.OzoneManagerProtocolServerSideTranslatorPB.processRequest(OzoneManagerProtocolServerSideTranslatorPB.java:177) ~[ozone-manager-1.4.0-SNAPSHOT.jar:?]
	at org.apache.hadoop.hdds.server.OzoneProtocolMessageDispatcher.processRequest(OzoneProtocolMessageDispatcher.java:87) [hdds-server-framework-1.4.0-SNAPSHOT.jar:?]
	at org.apache.hadoop.ozone.protocolPB.OzoneManagerProtocolServerSideTranslatorPB.submitRequest(OzoneManagerProtocolServerSideTranslatorPB.java:147) [ozone-manager-1.4.0-SNAPSHOT.jar:?]
	at org.apache.hadoop.ozone.protocol.proto.OzoneManagerProtocolProtos$OzoneManagerService$2.callBlockingMethod(OzoneManagerProtocolProtos.java) [ozone-interface-client-1.4.0-SNAPSHOT.jar:?]
	at org.apache.hadoop.ipc.ProtobufRpcEngine$Server.processCall(ProtobufRpcEngine.java:465) [hadoop-common-3.3.4.jar:?]
	at org.apache.hadoop.ipc.ProtobufRpcEngine2$Server$ProtoBufRpcInvoker.call(ProtobufRpcEngine2.java:578) [hadoop-common-3.3.4.jar:?]
	at org.apache.hadoop.ipc.ProtobufRpcEngine2$Server$ProtoBufRpcInvoker.call(ProtobufRpcEngine2.java:556) [hadoop-common-3.3.4.jar:?]
	at org.apache.hadoop.ipc.RPC$Server.call(RPC.java:1093) [hadoop-common-3.3.4.jar:?]
	at org.apache.hadoop.ipc.Server$RpcCall.run(Server.java:1043) [hadoop-common-3.3.4.jar:?]
	at org.apache.hadoop.ipc.Server$RpcCall.run(Server.java:971) [hadoop-common-3.3.4.jar:?]
	at java.security.AccessController.doPrivileged(Native Method) ~[?:1.8.0_362]
	at javax.security.auth.Subject.doAs(Subject.java:422) [?:1.8.0_362]
	at org.apache.hadoop.security.UserGroupInformation.doAs(UserGroupInformation.java:1878) [hadoop-common-3.3.4.jar:?]
	at org.apache.hadoop.ipc.Server$Handler.run(Server.java:2976) [hadoop-common-3.3.4.jar:?]
13:38:02.902 [IPC Server handler 0 on default port 35721] ERROR OMAudit - user=runner | ip=127.0.0.1 | op=GET_FILE_STATUS {volume=volume06454, bucket=bucket10538, key=gdir1/dir8/child, dataSize=0, replicationConfig=null} | ret=FAILURE
org.apache.hadoop.ozone.om.exceptions.OMException: Unable to get file status: volume: volume06454 bucket: bucket10538 key: gdir1/dir8/child
	at org.apache.hadoop.ozone.om.KeyManagerImpl.getOzoneFileStatus(KeyManagerImpl.java:1162) ~[ozone-manager-1.4.0-SNAPSHOT.jar:?]
	at org.apache.hadoop.ozone.om.KeyManagerImpl.getFileStatus(KeyManagerImpl.java:1080) ~[ozone-manager-1.4.0-SNAPSHOT.jar:?]
	at org.apache.hadoop.ozone.om.OmMetadataReader.getFileStatus(OmMetadataReader.java:288) ~[ozone-manager-1.4.0-SNAPSHOT.jar:?]
	at org.apache.hadoop.ozone.om.OzoneManager.getFileStatus(OzoneManager.java:3450) ~[ozone-manager-1.4.0-SNAPSHOT.jar:?]
	at org.apache.hadoop.ozone.protocolPB.OzoneManagerRequestHandler.getOzoneFileStatus(OzoneManagerRequestHandler.java:933) ~[ozone-manager-1.4.0-SNAPSHOT.jar:?]
	at org.apache.hadoop.ozone.protocolPB.OzoneManagerRequestHandler.handleReadRequest(OzoneManagerRequestHandler.java:238) ~[ozone-manager-1.4.0-SNAPSHOT.jar:?]
	at org.apache.hadoop.ozone.protocolPB.OzoneManagerProtocolServerSideTranslatorPB.submitReadRequestToOM(OzoneManagerProtocolServerSideTranslatorPB.java:223) ~[ozone-manager-1.4.0-SNAPSHOT.jar:?]
	at org.apache.hadoop.ozone.protocolPB.OzoneManagerProtocolServerSideTranslatorPB.processRequest(OzoneManagerProtocolServerSideTranslatorPB.java:177) ~[ozone-manager-1.4.0-SNAPSHOT.jar:?]
	at org.apache.hadoop.hdds.server.OzoneProtocolMessageDispatcher.processRequest(OzoneProtocolMessageDispatcher.java:87) [hdds-server-framework-1.4.0-SNAPSHOT.jar:?]
	at org.apache.hadoop.ozone.protocolPB.OzoneManagerProtocolServerSideTranslatorPB.submitRequest(OzoneManagerProtocolServerSideTranslatorPB.java:147) [ozone-manager-1.4.0-SNAPSHOT.jar:?]
	at org.apache.hadoop.ozone.protocol.proto.OzoneManagerProtocolProtos$OzoneManagerService$2.callBlockingMethod(OzoneManagerProtocolProtos.java) [ozone-interface-client-1.4.0-SNAPSHOT.jar:?]
	at org.apache.hadoop.ipc.ProtobufRpcEngine$Server.processCall(ProtobufRpcEngine.java:465) [hadoop-common-3.3.4.jar:?]
	at org.apache.hadoop.ipc.ProtobufRpcEngine2$Server$ProtoBufRpcInvoker.call(ProtobufRpcEngine2.java:578) [hadoop-common-3.3.4.jar:?]
	at org.apache.hadoop.ipc.ProtobufRpcEngine2$Server$ProtoBufRpcInvoker.call(ProtobufRpcEngine2.java:556) [hadoop-common-3.3.4.jar:?]
	at org.apache.hadoop.ipc.RPC$Server.call(RPC.java:1093) [hadoop-common-3.3.4.jar:?]
	at org.apache.hadoop.ipc.Server$RpcCall.run(Server.java:1043) [hadoop-common-3.3.4.jar:?]
	at org.apache.hadoop.ipc.Server$RpcCall.run(Server.java:971) [hadoop-common-3.3.4.jar:?]
	at java.security.AccessController.doPrivileged(Native Method) ~[?:1.8.0_362]
	at javax.security.auth.Subject.doAs(Subject.java:422) [?:1.8.0_362]
	at org.apache.hadoop.security.UserGroupInformation.doAs(UserGroupInformation.java:1878) [hadoop-common-3.3.4.jar:?]
	at org.apache.hadoop.ipc.Server$Handler.run(Server.java:2976) [hadoop-common-3.3.4.jar:?]
13:38:02.903 [IPC Server handler 4 on default port 35721] ERROR OMAudit - user=runner | ip=127.0.0.1 | op=GET_FILE_STATUS {volume=volume06454, bucket=bucket10538, key=gdir1/dir9, dataSize=0, replicationConfig=null} | ret=FAILURE
org.apache.hadoop.ozone.om.exceptions.OMException: Unable to get file status: volume: volume06454 bucket: bucket10538 key: gdir1/dir9
	at org.apache.hadoop.ozone.om.KeyManagerImpl.getOzoneFileStatus(KeyManagerImpl.java:1162) ~[ozone-manager-1.4.0-SNAPSHOT.jar:?]
	at org.apache.hadoop.ozone.om.KeyManagerImpl.getFileStatus(KeyManagerImpl.java:1080) ~[ozone-manager-1.4.0-SNAPSHOT.jar:?]
	at org.apache.hadoop.ozone.om.OmMetadataReader.getFileStatus(OmMetadataReader.java:288) ~[ozone-manager-1.4.0-SNAPSHOT.jar:?]
	at org.apache.hadoop.ozone.om.OzoneManager.getFileStatus(OzoneManager.java:3450) ~[ozone-manager-1.4.0-SNAPSHOT.jar:?]
	at org.apache.hadoop.ozone.protocolPB.OzoneManagerRequestHandler.getOzoneFileStatus(OzoneManagerRequestHandler.java:933) ~[ozone-manager-1.4.0-SNAPSHOT.jar:?]
	at org.apache.hadoop.ozone.protocolPB.OzoneManagerRequestHandler.handleReadRequest(OzoneManagerRequestHandler.java:238) ~[ozone-manager-1.4.0-SNAPSHOT.jar:?]
	at org.apache.hadoop.ozone.protocolPB.OzoneManagerProtocolServerSideTranslatorPB.submitReadRequestToOM(OzoneManagerProtocolServerSideTranslatorPB.java:223) ~[ozone-manager-1.4.0-SNAPSHOT.jar:?]
	at org.apache.hadoop.ozone.protocolPB.OzoneManagerProtocolServerSideTranslatorPB.processRequest(OzoneManagerProtocolServerSideTranslatorPB.java:177) ~[ozone-manager-1.4.0-SNAPSHOT.jar:?]
	at org.apache.hadoop.hdds.server.OzoneProtocolMessageDispatcher.processRequest(OzoneProtocolMessageDispatcher.java:87) [hdds-server-framework-1.4.0-SNAPSHOT.jar:?]
	at org.apache.hadoop.ozone.protocolPB.OzoneManagerProtocolServerSideTranslatorPB.submitRequest(OzoneManagerProtocolServerSideTranslatorPB.java:147) [ozone-manager-1.4.0-SNAPSHOT.jar:?]
	at org.apache.hadoop.ozone.protocol.proto.OzoneManagerProtocolProtos$OzoneManagerService$2.callBlockingMethod(OzoneManagerProtocolProtos.java) [ozone-interface-client-1.4.0-SNAPSHOT.jar:?]
	at org.apache.hadoop.ipc.ProtobufRpcEngine$Server.processCall(ProtobufRpcEngine.java:465) [hadoop-common-3.3.4.jar:?]
	at org.apache.hadoop.ipc.ProtobufRpcEngine2$Server$ProtoBufRpcInvoker.call(ProtobufRpcEngine2.java:578) [hadoop-common-3.3.4.jar:?]
	at org.apache.hadoop.ipc.ProtobufRpcEngine2$Server$ProtoBufRpcInvoker.call(ProtobufRpcEngine2.java:556) [hadoop-common-3.3.4.jar:?]
	at org.apache.hadoop.ipc.RPC$Server.call(RPC.java:1093) [hadoop-common-3.3.4.jar:?]
	at org.apache.hadoop.ipc.Server$RpcCall.run(Server.java:1043) [hadoop-common-3.3.4.jar:?]
	at org.apache.hadoop.ipc.Server$RpcCall.run(Server.java:971) [hadoop-common-3.3.4.jar:?]
	at java.security.AccessController.doPrivileged(Native Method) ~[?:1.8.0_362]
	at javax.security.auth.Subject.doAs(Subject.java:422) [?:1.8.0_362]
	at org.apache.hadoop.security.UserGroupInformation.doAs(UserGroupInformation.java:1878) [hadoop-common-3.3.4.jar:?]
	at org.apache.hadoop.ipc.Server$Handler.run(Server.java:2976) [hadoop-common-3.3.4.jar:?]
13:38:02.905 [IPC Server handler 18 on default port 35721] ERROR OMAudit - user=runner | ip=127.0.0.1 | op=GET_FILE_STATUS {volume=volume06454, bucket=bucket10538, key=gdir1/dir9/child, dataSize=0, replicationConfig=null} | ret=FAILURE
org.apache.hadoop.ozone.om.exceptions.OMException: Unable to get file status: volume: volume06454 bucket: bucket10538 key: gdir1/dir9/child
	at org.apache.hadoop.ozone.om.KeyManagerImpl.getOzoneFileStatus(KeyManagerImpl.java:1162) ~[ozone-manager-1.4.0-SNAPSHOT.jar:?]
	at org.apache.hadoop.ozone.om.KeyManagerImpl.getFileStatus(KeyManagerImpl.java:1080) ~[ozone-manager-1.4.0-SNAPSHOT.jar:?]
	at org.apache.hadoop.ozone.om.OmMetadataReader.getFileStatus(OmMetadataReader.java:288) ~[ozone-manager-1.4.0-SNAPSHOT.jar:?]
	at org.apache.hadoop.ozone.om.OzoneManager.getFileStatus(OzoneManager.java:3450) ~[ozone-manager-1.4.0-SNAPSHOT.jar:?]
	at org.apache.hadoop.ozone.protocolPB.OzoneManagerRequestHandler.getOzoneFileStatus(OzoneManagerRequestHandler.java:933) ~[ozone-manager-1.4.0-SNAPSHOT.jar:?]
	at org.apache.hadoop.ozone.protocolPB.OzoneManagerRequestHandler.handleReadRequest(OzoneManagerRequestHandler.java:238) ~[ozone-manager-1.4.0-SNAPSHOT.jar:?]
	at org.apache.hadoop.ozone.protocolPB.OzoneManagerProtocolServerSideTranslatorPB.submitReadRequestToOM(OzoneManagerProtocolServerSideTranslatorPB.java:223) ~[ozone-manager-1.4.0-SNAPSHOT.jar:?]
	at org.apache.hadoop.ozone.protocolPB.OzoneManagerProtocolServerSideTranslatorPB.processRequest(OzoneManagerProtocolServerSideTranslatorPB.java:177) ~[ozone-manager-1.4.0-SNAPSHOT.jar:?]
	at org.apache.hadoop.hdds.server.OzoneProtocolMessageDispatcher.processRequest(OzoneProtocolMessageDispatcher.java:87) [hdds-server-framework-1.4.0-SNAPSHOT.jar:?]
	at org.apache.hadoop.ozone.protocolPB.OzoneManagerProtocolServerSideTranslatorPB.submitRequest(OzoneManagerProtocolServerSideTranslatorPB.java:147) [ozone-manager-1.4.0-SNAPSHOT.jar:?]
	at org.apache.hadoop.ozone.protocol.proto.OzoneManagerProtocolProtos$OzoneManagerService$2.callBlockingMethod(OzoneManagerProtocolProtos.java) [ozone-interface-client-1.4.0-SNAPSHOT.jar:?]
	at org.apache.hadoop.ipc.ProtobufRpcEngine$Server.processCall(ProtobufRpcEngine.java:465) [hadoop-common-3.3.4.jar:?]
	at org.apache.hadoop.ipc.ProtobufRpcEngine2$Server$ProtoBufRpcInvoker.call(ProtobufRpcEngine2.java:578) [hadoop-common-3.3.4.jar:?]
	at org.apache.hadoop.ipc.ProtobufRpcEngine2$Server$ProtoBufRpcInvoker.call(ProtobufRpcEngine2.java:556) [hadoop-common-3.3.4.jar:?]
	at org.apache.hadoop.ipc.RPC$Server.call(RPC.java:1093) [hadoop-common-3.3.4.jar:?]
	at org.apache.hadoop.ipc.Server$RpcCall.run(Server.java:1043) [hadoop-common-3.3.4.jar:?]
	at org.apache.hadoop.ipc.Server$RpcCall.run(Server.java:971) [hadoop-common-3.3.4.jar:?]
	at java.security.AccessController.doPrivileged(Native Method) ~[?:1.8.0_362]
	at javax.security.auth.Subject.doAs(Subject.java:422) [?:1.8.0_362]
	at org.apache.hadoop.security.UserGroupInformation.doAs(UserGroupInformation.java:1878) [hadoop-common-3.3.4.jar:?]
	at org.apache.hadoop.ipc.Server$Handler.run(Server.java:2976) [hadoop-common-3.3.4.jar:?]
13:38:02.907 [IPC Server handler 10 on default port 35721] ERROR OMAudit - user=runner | ip=127.0.0.1 | op=GET_FILE_STATUS {volume=volume06454, bucket=bucket10538, key=gdir1/dir10, dataSize=0, replicationConfig=null} | ret=FAILURE
org.apache.hadoop.ozone.om.exceptions.OMException: Unable to get file status: volume: volume06454 bucket: bucket10538 key: gdir1/dir10
	at org.apache.hadoop.ozone.om.KeyManagerImpl.getOzoneFileStatus(KeyManagerImpl.java:1162) ~[ozone-manager-1.4.0-SNAPSHOT.jar:?]
	at org.apache.hadoop.ozone.om.KeyManagerImpl.getFileStatus(KeyManagerImpl.java:1080) ~[ozone-manager-1.4.0-SNAPSHOT.jar:?]
	at org.apache.hadoop.ozone.om.OmMetadataReader.getFileStatus(OmMetadataReader.java:288) ~[ozone-manager-1.4.0-SNAPSHOT.jar:?]
	at org.apache.hadoop.ozone.om.OzoneManager.getFileStatus(OzoneManager.java:3450) ~[ozone-manager-1.4.0-SNAPSHOT.jar:?]
	at org.apache.hadoop.ozone.protocolPB.OzoneManagerRequestHandler.getOzoneFileStatus(OzoneManagerRequestHandler.java:933) ~[ozone-manager-1.4.0-SNAPSHOT.jar:?]
	at org.apache.hadoop.ozone.protocolPB.OzoneManagerRequestHandler.handleReadRequest(OzoneManagerRequestHandler.java:238) ~[ozone-manager-1.4.0-SNAPSHOT.jar:?]
	at org.apache.hadoop.ozone.protocolPB.OzoneManagerProtocolServerSideTranslatorPB.submitReadRequestToOM(OzoneManagerProtocolServerSideTranslatorPB.java:223) ~[ozone-manager-1.4.0-SNAPSHOT.jar:?]
	at org.apache.hadoop.ozone.protocolPB.OzoneManagerProtocolServerSideTranslatorPB.processRequest(OzoneManagerProtocolServerSideTranslatorPB.java:177) ~[ozone-manager-1.4.0-SNAPSHOT.jar:?]
	at org.apache.hadoop.hdds.server.OzoneProtocolMessageDispatcher.processRequest(OzoneProtocolMessageDispatcher.java:87) [hdds-server-framework-1.4.0-SNAPSHOT.jar:?]
	at org.apache.hadoop.ozone.protocolPB.OzoneManagerProtocolServerSideTranslatorPB.submitRequest(OzoneManagerProtocolServerSideTranslatorPB.java:147) [ozone-manager-1.4.0-SNAPSHOT.jar:?]
	at org.apache.hadoop.ozone.protocol.proto.OzoneManagerProtocolProtos$OzoneManagerService$2.callBlockingMethod(OzoneManagerProtocolProtos.java) [ozone-interface-client-1.4.0-SNAPSHOT.jar:?]
	at org.apache.hadoop.ipc.ProtobufRpcEngine$Server.processCall(ProtobufRpcEngine.java:465) [hadoop-common-3.3.4.jar:?]
	at org.apache.hadoop.ipc.ProtobufRpcEngine2$Server$ProtoBufRpcInvoker.call(ProtobufRpcEngine2.java:578) [hadoop-common-3.3.4.jar:?]
	at org.apache.hadoop.ipc.ProtobufRpcEngine2$Server$ProtoBufRpcInvoker.call(ProtobufRpcEngine2.java:556) [hadoop-common-3.3.4.jar:?]
	at org.apache.hadoop.ipc.RPC$Server.call(RPC.java:1093) [hadoop-common-3.3.4.jar:?]
	at org.apache.hadoop.ipc.Server$RpcCall.run(Server.java:1043) [hadoop-common-3.3.4.jar:?]
	at org.apache.hadoop.ipc.Server$RpcCall.run(Server.java:971) [hadoop-common-3.3.4.jar:?]
	at java.security.AccessController.doPrivileged(Native Method) ~[?:1.8.0_362]
	at javax.security.auth.Subject.doAs(Subject.java:422) [?:1.8.0_362]
	at org.apache.hadoop.security.UserGroupInformation.doAs(UserGroupInformation.java:1878) [hadoop-common-3.3.4.jar:?]
	at org.apache.hadoop.ipc.Server$Handler.run(Server.java:2976) [hadoop-common-3.3.4.jar:?]
13:38:02.909 [IPC Server handler 8 on default port 35721] ERROR OMAudit - user=runner | ip=127.0.0.1 | op=GET_FILE_STATUS {volume=volume06454, bucket=bucket10538, key=gdir1/dir10/child, dataSize=0, replicationConfig=null} | ret=FAILURE
org.apache.hadoop.ozone.om.exceptions.OMException: Unable to get file status: volume: volume06454 bucket: bucket10538 key: gdir1/dir10/child
	at org.apache.hadoop.ozone.om.KeyManagerImpl.getOzoneFileStatus(KeyManagerImpl.java:1162) ~[ozone-manager-1.4.0-SNAPSHOT.jar:?]
	at org.apache.hadoop.ozone.om.KeyManagerImpl.getFileStatus(KeyManagerImpl.java:1080) ~[ozone-manager-1.4.0-SNAPSHOT.jar:?]
	at org.apache.hadoop.ozone.om.OmMetadataReader.getFileStatus(OmMetadataReader.java:288) ~[ozone-manager-1.4.0-SNAPSHOT.jar:?]
	at org.apache.hadoop.ozone.om.OzoneManager.getFileStatus(OzoneManager.java:3450) ~[ozone-manager-1.4.0-SNAPSHOT.jar:?]
	at org.apache.hadoop.ozone.protocolPB.OzoneManagerRequestHandler.getOzoneFileStatus(OzoneManagerRequestHandler.java:933) ~[ozone-manager-1.4.0-SNAPSHOT.jar:?]
	at org.apache.hadoop.ozone.protocolPB.OzoneManagerRequestHandler.handleReadRequest(OzoneManagerRequestHandler.java:238) ~[ozone-manager-1.4.0-SNAPSHOT.jar:?]
	at org.apache.hadoop.ozone.protocolPB.OzoneManagerProtocolServerSideTranslatorPB.submitReadRequestToOM(OzoneManagerProtocolServerSideTranslatorPB.java:223) ~[ozone-manager-1.4.0-SNAPSHOT.jar:?]
	at org.apache.hadoop.ozone.protocolPB.OzoneManagerProtocolServerSideTranslatorPB.processRequest(OzoneManagerProtocolServerSideTranslatorPB.java:177) ~[ozone-manager-1.4.0-SNAPSHOT.jar:?]
	at org.apache.hadoop.hdds.server.OzoneProtocolMessageDispatcher.processRequest(OzoneProtocolMessageDispatcher.java:87) [hdds-server-framework-1.4.0-SNAPSHOT.jar:?]
	at org.apache.hadoop.ozone.protocolPB.OzoneManagerProtocolServerSideTranslatorPB.submitRequest(OzoneManagerProtocolServerSideTranslatorPB.java:147) [ozone-manager-1.4.0-SNAPSHOT.jar:?]
	at org.apache.hadoop.ozone.protocol.proto.OzoneManagerProtocolProtos$OzoneManagerService$2.callBlockingMethod(OzoneManagerProtocolProtos.java) [ozone-interface-client-1.4.0-SNAPSHOT.jar:?]
	at org.apache.hadoop.ipc.ProtobufRpcEngine$Server.processCall(ProtobufRpcEngine.java:465) [hadoop-common-3.3.4.jar:?]
	at org.apache.hadoop.ipc.ProtobufRpcEngine2$Server$ProtoBufRpcInvoker.call(ProtobufRpcEngine2.java:578) [hadoop-common-3.3.4.jar:?]
	at org.apache.hadoop.ipc.ProtobufRpcEngine2$Server$ProtoBufRpcInvoker.call(ProtobufRpcEngine2.java:556) [hadoop-common-3.3.4.jar:?]
	at org.apache.hadoop.ipc.RPC$Server.call(RPC.java:1093) [hadoop-common-3.3.4.jar:?]
	at org.apache.hadoop.ipc.Server$RpcCall.run(Server.java:1043) [hadoop-common-3.3.4.jar:?]
	at org.apache.hadoop.ipc.Server$RpcCall.run(Server.java:971) [hadoop-common-3.3.4.jar:?]
	at java.security.AccessController.doPrivileged(Native Method) ~[?:1.8.0_362]
	at javax.security.auth.Subject.doAs(Subject.java:422) [?:1.8.0_362]
	at org.apache.hadoop.security.UserGroupInformation.doAs(UserGroupInformation.java:1878) [hadoop-common-3.3.4.jar:?]
	at org.apache.hadoop.ipc.Server$Handler.run(Server.java:2976) [hadoop-common-3.3.4.jar:?]
2023-02-21 13:38:02,920 [OM StateMachine ApplyTransaction Thread - 0] INFO  key.OMKeyRequest (OMKeyRequest.java:wrapUncommittedBlocksAsPseudoKey(837)) - Detect allocated but uncommitted blocks [{blockID={containerID=1, localID=111677748019200024}, length=4194304, offset=0, token=null, pipeline=null, createVersion=0, partNumber=0}] in key level0/level1/file1.
2023-02-21 13:38:02,933 [OM StateMachine ApplyTransaction Thread - 0] INFO  key.OMKeyRequest (OMKeyRequest.java:wrapUncommittedBlocksAsPseudoKey(837)) - Detect allocated but uncommitted blocks [{blockID={containerID=4, localID=111677748019200025}, length=4194304, offset=0, token=null, pipeline=null, createVersion=0, partNumber=0}] in key level0/level1/level1/file1.
2023-02-21 13:38:02,947 [OM StateMachine ApplyTransaction Thread - 0] INFO  key.OMKeyRequest (OMKeyRequest.java:wrapUncommittedBlocksAsPseudoKey(837)) - Detect allocated but uncommitted blocks [{blockID={containerID=2, localID=111677748019200026}, length=4194304, offset=0, token=null, pipeline=null, createVersion=0, partNumber=0}] in key level0/level2/file1.
2023-02-21 13:38:02,958 [OM StateMachine ApplyTransaction Thread - 0] INFO  key.OMKeyRequest (OMKeyRequest.java:wrapUncommittedBlocksAsPseudoKey(837)) - Detect allocated but uncommitted blocks [{blockID={containerID=4, localID=111677748019200027}, length=4194304, offset=0, token=null, pipeline=null, createVersion=0, partNumber=0}] in key level0/level2/level2/file1.
2023-02-21 13:38:02,969 [OM StateMachine ApplyTransaction Thread - 0] INFO  key.OMKeyRequest (OMKeyRequest.java:wrapUncommittedBlocksAsPseudoKey(837)) - Detect allocated but uncommitted blocks [{blockID={containerID=2, localID=111677748019200028}, length=4194304, offset=0, token=null, pipeline=null, createVersion=0, partNumber=0}] in key level0/level3/file1.
2023-02-21 13:38:02,981 [OM StateMachine ApplyTransaction Thread - 0] INFO  key.OMKeyRequest (OMKeyRequest.java:wrapUncommittedBlocksAsPseudoKey(837)) - Detect allocated but uncommitted blocks [{blockID={containerID=4, localID=111677748019200029}, length=4194304, offset=0, token=null, pipeline=null, createVersion=0, partNumber=0}] in key level0/level3/level3/file1.
13:38:03.068 [IPC Server handler 6 on default port 35721] ERROR OMAudit - user=runner | ip=127.0.0.1 | op=GET_FILE_STATUS {volume=volume06454, bucket=bucket10538, key=level0, dataSize=0, replicationConfig=null} | ret=FAILURE
org.apache.hadoop.ozone.om.exceptions.OMException: Unable to get file status: volume: volume06454 bucket: bucket10538 key: level0
	at org.apache.hadoop.ozone.om.KeyManagerImpl.getOzoneFileStatus(KeyManagerImpl.java:1162) ~[ozone-manager-1.4.0-SNAPSHOT.jar:?]
	at org.apache.hadoop.ozone.om.KeyManagerImpl.getFileStatus(KeyManagerImpl.java:1080) ~[ozone-manager-1.4.0-SNAPSHOT.jar:?]
	at org.apache.hadoop.ozone.om.OmMetadataReader.getFileStatus(OmMetadataReader.java:288) ~[ozone-manager-1.4.0-SNAPSHOT.jar:?]
	at org.apache.hadoop.ozone.om.OzoneManager.getFileStatus(OzoneManager.java:3450) ~[ozone-manager-1.4.0-SNAPSHOT.jar:?]
	at org.apache.hadoop.ozone.protocolPB.OzoneManagerRequestHandler.getOzoneFileStatus(OzoneManagerRequestHandler.java:933) ~[ozone-manager-1.4.0-SNAPSHOT.jar:?]
	at org.apache.hadoop.ozone.protocolPB.OzoneManagerRequestHandler.handleReadRequest(OzoneManagerRequestHandler.java:238) ~[ozone-manager-1.4.0-SNAPSHOT.jar:?]
	at org.apache.hadoop.ozone.protocolPB.OzoneManagerProtocolServerSideTranslatorPB.submitReadRequestToOM(OzoneManagerProtocolServerSideTranslatorPB.java:223) ~[ozone-manager-1.4.0-SNAPSHOT.jar:?]
	at org.apache.hadoop.ozone.protocolPB.OzoneManagerProtocolServerSideTranslatorPB.processRequest(OzoneManagerProtocolServerSideTranslatorPB.java:177) ~[ozone-manager-1.4.0-SNAPSHOT.jar:?]
	at org.apache.hadoop.hdds.server.OzoneProtocolMessageDispatcher.processRequest(OzoneProtocolMessageDispatcher.java:87) [hdds-server-framework-1.4.0-SNAPSHOT.jar:?]
	at org.apache.hadoop.ozone.protocolPB.OzoneManagerProtocolServerSideTranslatorPB.submitRequest(OzoneManagerProtocolServerSideTranslatorPB.java:147) [ozone-manager-1.4.0-SNAPSHOT.jar:?]
	at org.apache.hadoop.ozone.protocol.proto.OzoneManagerProtocolProtos$OzoneManagerService$2.callBlockingMethod(OzoneManagerProtocolProtos.java) [ozone-interface-client-1.4.0-SNAPSHOT.jar:?]
	at org.apache.hadoop.ipc.ProtobufRpcEngine$Server.processCall(ProtobufRpcEngine.java:465) [hadoop-common-3.3.4.jar:?]
	at org.apache.hadoop.ipc.ProtobufRpcEngine2$Server$ProtoBufRpcInvoker.call(ProtobufRpcEngine2.java:578) [hadoop-common-3.3.4.jar:?]
	at org.apache.hadoop.ipc.ProtobufRpcEngine2$Server$ProtoBufRpcInvoker.call(ProtobufRpcEngine2.java:556) [hadoop-common-3.3.4.jar:?]
	at org.apache.hadoop.ipc.RPC$Server.call(RPC.java:1093) [hadoop-common-3.3.4.jar:?]
	at org.apache.hadoop.ipc.Server$RpcCall.run(Server.java:1043) [hadoop-common-3.3.4.jar:?]
	at org.apache.hadoop.ipc.Server$RpcCall.run(Server.java:971) [hadoop-common-3.3.4.jar:?]
	at java.security.AccessController.doPrivileged(Native Method) ~[?:1.8.0_362]
	at javax.security.auth.Subject.doAs(Subject.java:422) [?:1.8.0_362]
	at org.apache.hadoop.security.UserGroupInformation.doAs(UserGroupInformation.java:1878) [hadoop-common-3.3.4.jar:?]
	at org.apache.hadoop.ipc.Server$Handler.run(Server.java:2976) [hadoop-common-3.3.4.jar:?]
13:38:03.070 [IPC Server handler 15 on default port 35721] ERROR OMAudit - user=runner | ip=127.0.0.1 | op=GET_FILE_STATUS {volume=volume06454, bucket=bucket10538, key=level0/level1, dataSize=0, replicationConfig=null} | ret=FAILURE
org.apache.hadoop.ozone.om.exceptions.OMException: Unable to get file status: volume: volume06454 bucket: bucket10538 key: level0/level1
	at org.apache.hadoop.ozone.om.KeyManagerImpl.getOzoneFileStatus(KeyManagerImpl.java:1162) ~[ozone-manager-1.4.0-SNAPSHOT.jar:?]
	at org.apache.hadoop.ozone.om.KeyManagerImpl.getFileStatus(KeyManagerImpl.java:1080) ~[ozone-manager-1.4.0-SNAPSHOT.jar:?]
	at org.apache.hadoop.ozone.om.OmMetadataReader.getFileStatus(OmMetadataReader.java:288) ~[ozone-manager-1.4.0-SNAPSHOT.jar:?]
	at org.apache.hadoop.ozone.om.OzoneManager.getFileStatus(OzoneManager.java:3450) ~[ozone-manager-1.4.0-SNAPSHOT.jar:?]
	at org.apache.hadoop.ozone.protocolPB.OzoneManagerRequestHandler.getOzoneFileStatus(OzoneManagerRequestHandler.java:933) ~[ozone-manager-1.4.0-SNAPSHOT.jar:?]
	at org.apache.hadoop.ozone.protocolPB.OzoneManagerRequestHandler.handleReadRequest(OzoneManagerRequestHandler.java:238) ~[ozone-manager-1.4.0-SNAPSHOT.jar:?]
	at org.apache.hadoop.ozone.protocolPB.OzoneManagerProtocolServerSideTranslatorPB.submitReadRequestToOM(OzoneManagerProtocolServerSideTranslatorPB.java:223) ~[ozone-manager-1.4.0-SNAPSHOT.jar:?]
	at org.apache.hadoop.ozone.protocolPB.OzoneManagerProtocolServerSideTranslatorPB.processRequest(OzoneManagerProtocolServerSideTranslatorPB.java:177) ~[ozone-manager-1.4.0-SNAPSHOT.jar:?]
	at org.apache.hadoop.hdds.server.OzoneProtocolMessageDispatcher.processRequest(OzoneProtocolMessageDispatcher.java:87) [hdds-server-framework-1.4.0-SNAPSHOT.jar:?]
	at org.apache.hadoop.ozone.protocolPB.OzoneManagerProtocolServerSideTranslatorPB.submitRequest(OzoneManagerProtocolServerSideTranslatorPB.java:147) [ozone-manager-1.4.0-SNAPSHOT.jar:?]
	at org.apache.hadoop.ozone.protocol.proto.OzoneManagerProtocolProtos$OzoneManagerService$2.callBlockingMethod(OzoneManagerProtocolProtos.java) [ozone-interface-client-1.4.0-SNAPSHOT.jar:?]
	at org.apache.hadoop.ipc.ProtobufRpcEngine$Server.processCall(ProtobufRpcEngine.java:465) [hadoop-common-3.3.4.jar:?]
	at org.apache.hadoop.ipc.ProtobufRpcEngine2$Server$ProtoBufRpcInvoker.call(ProtobufRpcEngine2.java:578) [hadoop-common-3.3.4.jar:?]
	at org.apache.hadoop.ipc.ProtobufRpcEngine2$Server$ProtoBufRpcInvoker.call(ProtobufRpcEngine2.java:556) [hadoop-common-3.3.4.jar:?]
	at org.apache.hadoop.ipc.RPC$Server.call(RPC.java:1093) [hadoop-common-3.3.4.jar:?]
	at org.apache.hadoop.ipc.Server$RpcCall.run(Server.java:1043) [hadoop-common-3.3.4.jar:?]
	at org.apache.hadoop.ipc.Server$RpcCall.run(Server.java:971) [hadoop-common-3.3.4.jar:?]
	at java.security.AccessController.doPrivileged(Native Method) ~[?:1.8.0_362]
	at javax.security.auth.Subject.doAs(Subject.java:422) [?:1.8.0_362]
	at org.apache.hadoop.security.UserGroupInformation.doAs(UserGroupInformation.java:1878) [hadoop-common-3.3.4.jar:?]
	at org.apache.hadoop.ipc.Server$Handler.run(Server.java:2976) [hadoop-common-3.3.4.jar:?]
13:38:03.072 [IPC Server handler 0 on default port 35721] ERROR OMAudit - user=runner | ip=127.0.0.1 | op=GET_FILE_STATUS {volume=volume06454, bucket=bucket10538, key=level0/level1/level1, dataSize=0, replicationConfig=null} | ret=FAILURE
org.apache.hadoop.ozone.om.exceptions.OMException: Unable to get file status: volume: volume06454 bucket: bucket10538 key: level0/level1/level1
	at org.apache.hadoop.ozone.om.KeyManagerImpl.getOzoneFileStatus(KeyManagerImpl.java:1162) ~[ozone-manager-1.4.0-SNAPSHOT.jar:?]
	at org.apache.hadoop.ozone.om.KeyManagerImpl.getFileStatus(KeyManagerImpl.java:1080) ~[ozone-manager-1.4.0-SNAPSHOT.jar:?]
	at org.apache.hadoop.ozone.om.OmMetadataReader.getFileStatus(OmMetadataReader.java:288) ~[ozone-manager-1.4.0-SNAPSHOT.jar:?]
	at org.apache.hadoop.ozone.om.OzoneManager.getFileStatus(OzoneManager.java:3450) ~[ozone-manager-1.4.0-SNAPSHOT.jar:?]
	at org.apache.hadoop.ozone.protocolPB.OzoneManagerRequestHandler.getOzoneFileStatus(OzoneManagerRequestHandler.java:933) ~[ozone-manager-1.4.0-SNAPSHOT.jar:?]
	at org.apache.hadoop.ozone.protocolPB.OzoneManagerRequestHandler.handleReadRequest(OzoneManagerRequestHandler.java:238) ~[ozone-manager-1.4.0-SNAPSHOT.jar:?]
	at org.apache.hadoop.ozone.protocolPB.OzoneManagerProtocolServerSideTranslatorPB.submitReadRequestToOM(OzoneManagerProtocolServerSideTranslatorPB.java:223) ~[ozone-manager-1.4.0-SNAPSHOT.jar:?]
	at org.apache.hadoop.ozone.protocolPB.OzoneManagerProtocolServerSideTranslatorPB.processRequest(OzoneManagerProtocolServerSideTranslatorPB.java:177) ~[ozone-manager-1.4.0-SNAPSHOT.jar:?]
	at org.apache.hadoop.hdds.server.OzoneProtocolMessageDispatcher.processRequest(OzoneProtocolMessageDispatcher.java:87) [hdds-server-framework-1.4.0-SNAPSHOT.jar:?]
	at org.apache.hadoop.ozone.protocolPB.OzoneManagerProtocolServerSideTranslatorPB.submitRequest(OzoneManagerProtocolServerSideTranslatorPB.java:147) [ozone-manager-1.4.0-SNAPSHOT.jar:?]
	at org.apache.hadoop.ozone.protocol.proto.OzoneManagerProtocolProtos$OzoneManagerService$2.callBlockingMethod(OzoneManagerProtocolProtos.java) [ozone-interface-client-1.4.0-SNAPSHOT.jar:?]
	at org.apache.hadoop.ipc.ProtobufRpcEngine$Server.processCall(ProtobufRpcEngine.java:465) [hadoop-common-3.3.4.jar:?]
	at org.apache.hadoop.ipc.ProtobufRpcEngine2$Server$ProtoBufRpcInvoker.call(ProtobufRpcEngine2.java:578) [hadoop-common-3.3.4.jar:?]
	at org.apache.hadoop.ipc.ProtobufRpcEngine2$Server$ProtoBufRpcInvoker.call(ProtobufRpcEngine2.java:556) [hadoop-common-3.3.4.jar:?]
	at org.apache.hadoop.ipc.RPC$Server.call(RPC.java:1093) [hadoop-common-3.3.4.jar:?]
	at org.apache.hadoop.ipc.Server$RpcCall.run(Server.java:1043) [hadoop-common-3.3.4.jar:?]
	at org.apache.hadoop.ipc.Server$RpcCall.run(Server.java:971) [hadoop-common-3.3.4.jar:?]
	at java.security.AccessController.doPrivileged(Native Method) ~[?:1.8.0_362]
	at javax.security.auth.Subject.doAs(Subject.java:422) [?:1.8.0_362]
	at org.apache.hadoop.security.UserGroupInformation.doAs(UserGroupInformation.java:1878) [hadoop-common-3.3.4.jar:?]
	at org.apache.hadoop.ipc.Server$Handler.run(Server.java:2976) [hadoop-common-3.3.4.jar:?]
13:38:03.073 [IPC Server handler 4 on default port 35721] ERROR OMAudit - user=runner | ip=127.0.0.1 | op=GET_FILE_STATUS {volume=volume06454, bucket=bucket10538, key=level0/level1/file1, dataSize=0, replicationConfig=null} | ret=FAILURE
org.apache.hadoop.ozone.om.exceptions.OMException: Unable to get file status: volume: volume06454 bucket: bucket10538 key: level0/level1/file1
	at org.apache.hadoop.ozone.om.KeyManagerImpl.getOzoneFileStatus(KeyManagerImpl.java:1162) ~[ozone-manager-1.4.0-SNAPSHOT.jar:?]
	at org.apache.hadoop.ozone.om.KeyManagerImpl.getFileStatus(KeyManagerImpl.java:1080) ~[ozone-manager-1.4.0-SNAPSHOT.jar:?]
	at org.apache.hadoop.ozone.om.OmMetadataReader.getFileStatus(OmMetadataReader.java:288) ~[ozone-manager-1.4.0-SNAPSHOT.jar:?]
	at org.apache.hadoop.ozone.om.OzoneManager.getFileStatus(OzoneManager.java:3450) ~[ozone-manager-1.4.0-SNAPSHOT.jar:?]
	at org.apache.hadoop.ozone.protocolPB.OzoneManagerRequestHandler.getOzoneFileStatus(OzoneManagerRequestHandler.java:933) ~[ozone-manager-1.4.0-SNAPSHOT.jar:?]
	at org.apache.hadoop.ozone.protocolPB.OzoneManagerRequestHandler.handleReadRequest(OzoneManagerRequestHandler.java:238) ~[ozone-manager-1.4.0-SNAPSHOT.jar:?]
	at org.apache.hadoop.ozone.protocolPB.OzoneManagerProtocolServerSideTranslatorPB.submitReadRequestToOM(OzoneManagerProtocolServerSideTranslatorPB.java:223) ~[ozone-manager-1.4.0-SNAPSHOT.jar:?]
	at org.apache.hadoop.ozone.protocolPB.OzoneManagerProtocolServerSideTranslatorPB.processRequest(OzoneManagerProtocolServerSideTranslatorPB.java:177) ~[ozone-manager-1.4.0-SNAPSHOT.jar:?]
	at org.apache.hadoop.hdds.server.OzoneProtocolMessageDispatcher.processRequest(OzoneProtocolMessageDispatcher.java:87) [hdds-server-framework-1.4.0-SNAPSHOT.jar:?]
	at org.apache.hadoop.ozone.protocolPB.OzoneManagerProtocolServerSideTranslatorPB.submitRequest(OzoneManagerProtocolServerSideTranslatorPB.java:147) [ozone-manager-1.4.0-SNAPSHOT.jar:?]
	at org.apache.hadoop.ozone.protocol.proto.OzoneManagerProtocolProtos$OzoneManagerService$2.callBlockingMethod(OzoneManagerProtocolProtos.java) [ozone-interface-client-1.4.0-SNAPSHOT.jar:?]
	at org.apache.hadoop.ipc.ProtobufRpcEngine$Server.processCall(ProtobufRpcEngine.java:465) [hadoop-common-3.3.4.jar:?]
	at org.apache.hadoop.ipc.ProtobufRpcEngine2$Server$ProtoBufRpcInvoker.call(ProtobufRpcEngine2.java:578) [hadoop-common-3.3.4.jar:?]
	at org.apache.hadoop.ipc.ProtobufRpcEngine2$Server$ProtoBufRpcInvoker.call(ProtobufRpcEngine2.java:556) [hadoop-common-3.3.4.jar:?]
	at org.apache.hadoop.ipc.RPC$Server.call(RPC.java:1093) [hadoop-common-3.3.4.jar:?]
	at org.apache.hadoop.ipc.Server$RpcCall.run(Server.java:1043) [hadoop-common-3.3.4.jar:?]
	at org.apache.hadoop.ipc.Server$RpcCall.run(Server.java:971) [hadoop-common-3.3.4.jar:?]
	at java.security.AccessController.doPrivileged(Native Method) ~[?:1.8.0_362]
	at javax.security.auth.Subject.doAs(Subject.java:422) [?:1.8.0_362]
	at org.apache.hadoop.security.UserGroupInformation.doAs(UserGroupInformation.java:1878) [hadoop-common-3.3.4.jar:?]
	at org.apache.hadoop.ipc.Server$Handler.run(Server.java:2976) [hadoop-common-3.3.4.jar:?]
13:38:03.075 [IPC Server handler 18 on default port 35721] ERROR OMAudit - user=runner | ip=127.0.0.1 | op=GET_FILE_STATUS {volume=volume06454, bucket=bucket10538, key=level0/level1/level1/file1, dataSize=0, replicationConfig=null} | ret=FAILURE
org.apache.hadoop.ozone.om.exceptions.OMException: Unable to get file status: volume: volume06454 bucket: bucket10538 key: level0/level1/level1/file1
	at org.apache.hadoop.ozone.om.KeyManagerImpl.getOzoneFileStatus(KeyManagerImpl.java:1162) ~[ozone-manager-1.4.0-SNAPSHOT.jar:?]
	at org.apache.hadoop.ozone.om.KeyManagerImpl.getFileStatus(KeyManagerImpl.java:1080) ~[ozone-manager-1.4.0-SNAPSHOT.jar:?]
	at org.apache.hadoop.ozone.om.OmMetadataReader.getFileStatus(OmMetadataReader.java:288) ~[ozone-manager-1.4.0-SNAPSHOT.jar:?]
	at org.apache.hadoop.ozone.om.OzoneManager.getFileStatus(OzoneManager.java:3450) ~[ozone-manager-1.4.0-SNAPSHOT.jar:?]
	at org.apache.hadoop.ozone.protocolPB.OzoneManagerRequestHandler.getOzoneFileStatus(OzoneManagerRequestHandler.java:933) ~[ozone-manager-1.4.0-SNAPSHOT.jar:?]
	at org.apache.hadoop.ozone.protocolPB.OzoneManagerRequestHandler.handleReadRequest(OzoneManagerRequestHandler.java:238) ~[ozone-manager-1.4.0-SNAPSHOT.jar:?]
	at org.apache.hadoop.ozone.protocolPB.OzoneManagerProtocolServerSideTranslatorPB.submitReadRequestToOM(OzoneManagerProtocolServerSideTranslatorPB.java:223) ~[ozone-manager-1.4.0-SNAPSHOT.jar:?]
	at org.apache.hadoop.ozone.protocolPB.OzoneManagerProtocolServerSideTranslatorPB.processRequest(OzoneManagerProtocolServerSideTranslatorPB.java:177) ~[ozone-manager-1.4.0-SNAPSHOT.jar:?]
	at org.apache.hadoop.hdds.server.OzoneProtocolMessageDispatcher.processRequest(OzoneProtocolMessageDispatcher.java:87) [hdds-server-framework-1.4.0-SNAPSHOT.jar:?]
	at org.apache.hadoop.ozone.protocolPB.OzoneManagerProtocolServerSideTranslatorPB.submitRequest(OzoneManagerProtocolServerSideTranslatorPB.java:147) [ozone-manager-1.4.0-SNAPSHOT.jar:?]
	at org.apache.hadoop.ozone.protocol.proto.OzoneManagerProtocolProtos$OzoneManagerService$2.callBlockingMethod(OzoneManagerProtocolProtos.java) [ozone-interface-client-1.4.0-SNAPSHOT.jar:?]
	at org.apache.hadoop.ipc.ProtobufRpcEngine$Server.processCall(ProtobufRpcEngine.java:465) [hadoop-common-3.3.4.jar:?]
	at org.apache.hadoop.ipc.ProtobufRpcEngine2$Server$ProtoBufRpcInvoker.call(ProtobufRpcEngine2.java:578) [hadoop-common-3.3.4.jar:?]
	at org.apache.hadoop.ipc.ProtobufRpcEngine2$Server$ProtoBufRpcInvoker.call(ProtobufRpcEngine2.java:556) [hadoop-common-3.3.4.jar:?]
	at org.apache.hadoop.ipc.RPC$Server.call(RPC.java:1093) [hadoop-common-3.3.4.jar:?]
	at org.apache.hadoop.ipc.Server$RpcCall.run(Server.java:1043) [hadoop-common-3.3.4.jar:?]
	at org.apache.hadoop.ipc.Server$RpcCall.run(Server.java:971) [hadoop-common-3.3.4.jar:?]
	at java.security.AccessController.doPrivileged(Native Method) ~[?:1.8.0_362]
	at javax.security.auth.Subject.doAs(Subject.java:422) [?:1.8.0_362]
	at org.apache.hadoop.security.UserGroupInformation.doAs(UserGroupInformation.java:1878) [hadoop-common-3.3.4.jar:?]
	at org.apache.hadoop.ipc.Server$Handler.run(Server.java:2976) [hadoop-common-3.3.4.jar:?]
13:38:03.076 [IPC Server handler 10 on default port 35721] ERROR OMAudit - user=runner | ip=127.0.0.1 | op=GET_FILE_STATUS {volume=volume06454, bucket=bucket10538, key=level0/level2, dataSize=0, replicationConfig=null} | ret=FAILURE
org.apache.hadoop.ozone.om.exceptions.OMException: Unable to get file status: volume: volume06454 bucket: bucket10538 key: level0/level2
	at org.apache.hadoop.ozone.om.KeyManagerImpl.getOzoneFileStatus(KeyManagerImpl.java:1162) ~[ozone-manager-1.4.0-SNAPSHOT.jar:?]
	at org.apache.hadoop.ozone.om.KeyManagerImpl.getFileStatus(KeyManagerImpl.java:1080) ~[ozone-manager-1.4.0-SNAPSHOT.jar:?]
	at org.apache.hadoop.ozone.om.OmMetadataReader.getFileStatus(OmMetadataReader.java:288) ~[ozone-manager-1.4.0-SNAPSHOT.jar:?]
	at org.apache.hadoop.ozone.om.OzoneManager.getFileStatus(OzoneManager.java:3450) ~[ozone-manager-1.4.0-SNAPSHOT.jar:?]
	at org.apache.hadoop.ozone.protocolPB.OzoneManagerRequestHandler.getOzoneFileStatus(OzoneManagerRequestHandler.java:933) ~[ozone-manager-1.4.0-SNAPSHOT.jar:?]
	at org.apache.hadoop.ozone.protocolPB.OzoneManagerRequestHandler.handleReadRequest(OzoneManagerRequestHandler.java:238) ~[ozone-manager-1.4.0-SNAPSHOT.jar:?]
	at org.apache.hadoop.ozone.protocolPB.OzoneManagerProtocolServerSideTranslatorPB.submitReadRequestToOM(OzoneManagerProtocolServerSideTranslatorPB.java:223) ~[ozone-manager-1.4.0-SNAPSHOT.jar:?]
	at org.apache.hadoop.ozone.protocolPB.OzoneManagerProtocolServerSideTranslatorPB.processRequest(OzoneManagerProtocolServerSideTranslatorPB.java:177) ~[ozone-manager-1.4.0-SNAPSHOT.jar:?]
	at org.apache.hadoop.hdds.server.OzoneProtocolMessageDispatcher.processRequest(OzoneProtocolMessageDispatcher.java:87) [hdds-server-framework-1.4.0-SNAPSHOT.jar:?]
	at org.apache.hadoop.ozone.protocolPB.OzoneManagerProtocolServerSideTranslatorPB.submitRequest(OzoneManagerProtocolServerSideTranslatorPB.java:147) [ozone-manager-1.4.0-SNAPSHOT.jar:?]
	at org.apache.hadoop.ozone.protocol.proto.OzoneManagerProtocolProtos$OzoneManagerService$2.callBlockingMethod(OzoneManagerProtocolProtos.java) [ozone-interface-client-1.4.0-SNAPSHOT.jar:?]
	at org.apache.hadoop.ipc.ProtobufRpcEngine$Server.processCall(ProtobufRpcEngine.java:465) [hadoop-common-3.3.4.jar:?]
	at org.apache.hadoop.ipc.ProtobufRpcEngine2$Server$ProtoBufRpcInvoker.call(ProtobufRpcEngine2.java:578) [hadoop-common-3.3.4.jar:?]
	at org.apache.hadoop.ipc.ProtobufRpcEngine2$Server$ProtoBufRpcInvoker.call(ProtobufRpcEngine2.java:556) [hadoop-common-3.3.4.jar:?]
	at org.apache.hadoop.ipc.RPC$Server.call(RPC.java:1093) [hadoop-common-3.3.4.jar:?]
	at org.apache.hadoop.ipc.Server$RpcCall.run(Server.java:1043) [hadoop-common-3.3.4.jar:?]
	at org.apache.hadoop.ipc.Server$RpcCall.run(Server.java:971) [hadoop-common-3.3.4.jar:?]
	at java.security.AccessController.doPrivileged(Native Method) ~[?:1.8.0_362]
	at javax.security.auth.Subject.doAs(Subject.java:422) [?:1.8.0_362]
	at org.apache.hadoop.security.UserGroupInformation.doAs(UserGroupInformation.java:1878) [hadoop-common-3.3.4.jar:?]
	at org.apache.hadoop.ipc.Server$Handler.run(Server.java:2976) [hadoop-common-3.3.4.jar:?]
13:38:03.078 [IPC Server handler 8 on default port 35721] ERROR OMAudit - user=runner | ip=127.0.0.1 | op=GET_FILE_STATUS {volume=volume06454, bucket=bucket10538, key=level0/level2/level2, dataSize=0, replicationConfig=null} | ret=FAILURE
org.apache.hadoop.ozone.om.exceptions.OMException: Unable to get file status: volume: volume06454 bucket: bucket10538 key: level0/level2/level2
	at org.apache.hadoop.ozone.om.KeyManagerImpl.getOzoneFileStatus(KeyManagerImpl.java:1162) ~[ozone-manager-1.4.0-SNAPSHOT.jar:?]
	at org.apache.hadoop.ozone.om.KeyManagerImpl.getFileStatus(KeyManagerImpl.java:1080) ~[ozone-manager-1.4.0-SNAPSHOT.jar:?]
	at org.apache.hadoop.ozone.om.OmMetadataReader.getFileStatus(OmMetadataReader.java:288) ~[ozone-manager-1.4.0-SNAPSHOT.jar:?]
	at org.apache.hadoop.ozone.om.OzoneManager.getFileStatus(OzoneManager.java:3450) ~[ozone-manager-1.4.0-SNAPSHOT.jar:?]
	at org.apache.hadoop.ozone.protocolPB.OzoneManagerRequestHandler.getOzoneFileStatus(OzoneManagerRequestHandler.java:933) ~[ozone-manager-1.4.0-SNAPSHOT.jar:?]
	at org.apache.hadoop.ozone.protocolPB.OzoneManagerRequestHandler.handleReadRequest(OzoneManagerRequestHandler.java:238) ~[ozone-manager-1.4.0-SNAPSHOT.jar:?]
	at org.apache.hadoop.ozone.protocolPB.OzoneManagerProtocolServerSideTranslatorPB.submitReadRequestToOM(OzoneManagerProtocolServerSideTranslatorPB.java:223) ~[ozone-manager-1.4.0-SNAPSHOT.jar:?]
	at org.apache.hadoop.ozone.protocolPB.OzoneManagerProtocolServerSideTranslatorPB.processRequest(OzoneManagerProtocolServerSideTranslatorPB.java:177) ~[ozone-manager-1.4.0-SNAPSHOT.jar:?]
	at org.apache.hadoop.hdds.server.OzoneProtocolMessageDispatcher.processRequest(OzoneProtocolMessageDispatcher.java:87) [hdds-server-framework-1.4.0-SNAPSHOT.jar:?]
	at org.apache.hadoop.ozone.protocolPB.OzoneManagerProtocolServerSideTranslatorPB.submitRequest(OzoneManagerProtocolServerSideTranslatorPB.java:147) [ozone-manager-1.4.0-SNAPSHOT.jar:?]
	at org.apache.hadoop.ozone.protocol.proto.OzoneManagerProtocolProtos$OzoneManagerService$2.callBlockingMethod(OzoneManagerProtocolProtos.java) [ozone-interface-client-1.4.0-SNAPSHOT.jar:?]
	at org.apache.hadoop.ipc.ProtobufRpcEngine$Server.processCall(ProtobufRpcEngine.java:465) [hadoop-common-3.3.4.jar:?]
	at org.apache.hadoop.ipc.ProtobufRpcEngine2$Server$ProtoBufRpcInvoker.call(ProtobufRpcEngine2.java:578) [hadoop-common-3.3.4.jar:?]
	at org.apache.hadoop.ipc.ProtobufRpcEngine2$Server$ProtoBufRpcInvoker.call(ProtobufRpcEngine2.java:556) [hadoop-common-3.3.4.jar:?]
	at org.apache.hadoop.ipc.RPC$Server.call(RPC.java:1093) [hadoop-common-3.3.4.jar:?]
	at org.apache.hadoop.ipc.Server$RpcCall.run(Server.java:1043) [hadoop-common-3.3.4.jar:?]
	at org.apache.hadoop.ipc.Server$RpcCall.run(Server.java:971) [hadoop-common-3.3.4.jar:?]
	at java.security.AccessController.doPrivileged(Native Method) ~[?:1.8.0_362]
	at javax.security.auth.Subject.doAs(Subject.java:422) [?:1.8.0_362]
	at org.apache.hadoop.security.UserGroupInformation.doAs(UserGroupInformation.java:1878) [hadoop-common-3.3.4.jar:?]
	at org.apache.hadoop.ipc.Server$Handler.run(Server.java:2976) [hadoop-common-3.3.4.jar:?]
13:38:03.079 [IPC Server handler 17 on default port 35721] ERROR OMAudit - user=runner | ip=127.0.0.1 | op=GET_FILE_STATUS {volume=volume06454, bucket=bucket10538, key=level0/level2/file1, dataSize=0, replicationConfig=null} | ret=FAILURE
org.apache.hadoop.ozone.om.exceptions.OMException: Unable to get file status: volume: volume06454 bucket: bucket10538 key: level0/level2/file1
	at org.apache.hadoop.ozone.om.KeyManagerImpl.getOzoneFileStatus(KeyManagerImpl.java:1162) ~[ozone-manager-1.4.0-SNAPSHOT.jar:?]
	at org.apache.hadoop.ozone.om.KeyManagerImpl.getFileStatus(KeyManagerImpl.java:1080) ~[ozone-manager-1.4.0-SNAPSHOT.jar:?]
	at org.apache.hadoop.ozone.om.OmMetadataReader.getFileStatus(OmMetadataReader.java:288) ~[ozone-manager-1.4.0-SNAPSHOT.jar:?]
	at org.apache.hadoop.ozone.om.OzoneManager.getFileStatus(OzoneManager.java:3450) ~[ozone-manager-1.4.0-SNAPSHOT.jar:?]
	at org.apache.hadoop.ozone.protocolPB.OzoneManagerRequestHandler.getOzoneFileStatus(OzoneManagerRequestHandler.java:933) ~[ozone-manager-1.4.0-SNAPSHOT.jar:?]
	at org.apache.hadoop.ozone.protocolPB.OzoneManagerRequestHandler.handleReadRequest(OzoneManagerRequestHandler.java:238) ~[ozone-manager-1.4.0-SNAPSHOT.jar:?]
	at org.apache.hadoop.ozone.protocolPB.OzoneManagerProtocolServerSideTranslatorPB.submitReadRequestToOM(OzoneManagerProtocolServerSideTranslatorPB.java:223) ~[ozone-manager-1.4.0-SNAPSHOT.jar:?]
	at org.apache.hadoop.ozone.protocolPB.OzoneManagerProtocolServerSideTranslatorPB.processRequest(OzoneManagerProtocolServerSideTranslatorPB.java:177) ~[ozone-manager-1.4.0-SNAPSHOT.jar:?]
	at org.apache.hadoop.hdds.server.OzoneProtocolMessageDispatcher.processRequest(OzoneProtocolMessageDispatcher.java:87) [hdds-server-framework-1.4.0-SNAPSHOT.jar:?]
	at org.apache.hadoop.ozone.protocolPB.OzoneManagerProtocolServerSideTranslatorPB.submitRequest(OzoneManagerProtocolServerSideTranslatorPB.java:147) [ozone-manager-1.4.0-SNAPSHOT.jar:?]
	at org.apache.hadoop.ozone.protocol.proto.OzoneManagerProtocolProtos$OzoneManagerService$2.callBlockingMethod(OzoneManagerProtocolProtos.java) [ozone-interface-client-1.4.0-SNAPSHOT.jar:?]
	at org.apache.hadoop.ipc.ProtobufRpcEngine$Server.processCall(ProtobufRpcEngine.java:465) [hadoop-common-3.3.4.jar:?]
	at org.apache.hadoop.ipc.ProtobufRpcEngine2$Server$ProtoBufRpcInvoker.call(ProtobufRpcEngine2.java:578) [hadoop-common-3.3.4.jar:?]
	at org.apache.hadoop.ipc.ProtobufRpcEngine2$Server$ProtoBufRpcInvoker.call(ProtobufRpcEngine2.java:556) [hadoop-common-3.3.4.jar:?]
	at org.apache.hadoop.ipc.RPC$Server.call(RPC.java:1093) [hadoop-common-3.3.4.jar:?]
	at org.apache.hadoop.ipc.Server$RpcCall.run(Server.java:1043) [hadoop-common-3.3.4.jar:?]
	at org.apache.hadoop.ipc.Server$RpcCall.run(Server.java:971) [hadoop-common-3.3.4.jar:?]
	at java.security.AccessController.doPrivileged(Native Method) ~[?:1.8.0_362]
	at javax.security.auth.Subject.doAs(Subject.java:422) [?:1.8.0_362]
	at org.apache.hadoop.security.UserGroupInformation.doAs(UserGroupInformation.java:1878) [hadoop-common-3.3.4.jar:?]
	at org.apache.hadoop.ipc.Server$Handler.run(Server.java:2976) [hadoop-common-3.3.4.jar:?]
13:38:03.081 [IPC Server handler 14 on default port 35721] ERROR OMAudit - user=runner | ip=127.0.0.1 | op=GET_FILE_STATUS {volume=volume06454, bucket=bucket10538, key=level0/level2/level2/file1, dataSize=0, replicationConfig=null} | ret=FAILURE
org.apache.hadoop.ozone.om.exceptions.OMException: Unable to get file status: volume: volume06454 bucket: bucket10538 key: level0/level2/level2/file1
	at org.apache.hadoop.ozone.om.KeyManagerImpl.getOzoneFileStatus(KeyManagerImpl.java:1162) ~[ozone-manager-1.4.0-SNAPSHOT.jar:?]
	at org.apache.hadoop.ozone.om.KeyManagerImpl.getFileStatus(KeyManagerImpl.java:1080) ~[ozone-manager-1.4.0-SNAPSHOT.jar:?]
	at org.apache.hadoop.ozone.om.OmMetadataReader.getFileStatus(OmMetadataReader.java:288) ~[ozone-manager-1.4.0-SNAPSHOT.jar:?]
	at org.apache.hadoop.ozone.om.OzoneManager.getFileStatus(OzoneManager.java:3450) ~[ozone-manager-1.4.0-SNAPSHOT.jar:?]
	at org.apache.hadoop.ozone.protocolPB.OzoneManagerRequestHandler.getOzoneFileStatus(OzoneManagerRequestHandler.java:933) ~[ozone-manager-1.4.0-SNAPSHOT.jar:?]
	at org.apache.hadoop.ozone.protocolPB.OzoneManagerRequestHandler.handleReadRequest(OzoneManagerRequestHandler.java:238) ~[ozone-manager-1.4.0-SNAPSHOT.jar:?]
	at org.apache.hadoop.ozone.protocolPB.OzoneManagerProtocolServerSideTranslatorPB.submitReadRequestToOM(OzoneManagerProtocolServerSideTranslatorPB.java:223) ~[ozone-manager-1.4.0-SNAPSHOT.jar:?]
	at org.apache.hadoop.ozone.protocolPB.OzoneManagerProtocolServerSideTranslatorPB.processRequest(OzoneManagerProtocolServerSideTranslatorPB.java:177) ~[ozone-manager-1.4.0-SNAPSHOT.jar:?]
	at org.apache.hadoop.hdds.server.OzoneProtocolMessageDispatcher.processRequest(OzoneProtocolMessageDispatcher.java:87) [hdds-server-framework-1.4.0-SNAPSHOT.jar:?]
	at org.apache.hadoop.ozone.protocolPB.OzoneManagerProtocolServerSideTranslatorPB.submitRequest(OzoneManagerProtocolServerSideTranslatorPB.java:147) [ozone-manager-1.4.0-SNAPSHOT.jar:?]
	at org.apache.hadoop.ozone.protocol.proto.OzoneManagerProtocolProtos$OzoneManagerService$2.callBlockingMethod(OzoneManagerProtocolProtos.java) [ozone-interface-client-1.4.0-SNAPSHOT.jar:?]
	at org.apache.hadoop.ipc.ProtobufRpcEngine$Server.processCall(ProtobufRpcEngine.java:465) [hadoop-common-3.3.4.jar:?]
	at org.apache.hadoop.ipc.ProtobufRpcEngine2$Server$ProtoBufRpcInvoker.call(ProtobufRpcEngine2.java:578) [hadoop-common-3.3.4.jar:?]
	at org.apache.hadoop.ipc.ProtobufRpcEngine2$Server$ProtoBufRpcInvoker.call(ProtobufRpcEngine2.java:556) [hadoop-common-3.3.4.jar:?]
	at org.apache.hadoop.ipc.RPC$Server.call(RPC.java:1093) [hadoop-common-3.3.4.jar:?]
	at org.apache.hadoop.ipc.Server$RpcCall.run(Server.java:1043) [hadoop-common-3.3.4.jar:?]
	at org.apache.hadoop.ipc.Server$RpcCall.run(Server.java:971) [hadoop-common-3.3.4.jar:?]
	at java.security.AccessController.doPrivileged(Native Method) ~[?:1.8.0_362]
	at javax.security.auth.Subject.doAs(Subject.java:422) [?:1.8.0_362]
	at org.apache.hadoop.security.UserGroupInformation.doAs(UserGroupInformation.java:1878) [hadoop-common-3.3.4.jar:?]
	at org.apache.hadoop.ipc.Server$Handler.run(Server.java:2976) [hadoop-common-3.3.4.jar:?]
13:38:03.084 [IPC Server handler 9 on default port 35721] ERROR OMAudit - user=runner | ip=127.0.0.1 | op=GET_FILE_STATUS {volume=volume06454, bucket=bucket10538, key=level0/level3, dataSize=0, replicationConfig=null} | ret=FAILURE
org.apache.hadoop.ozone.om.exceptions.OMException: Unable to get file status: volume: volume06454 bucket: bucket10538 key: level0/level3
	at org.apache.hadoop.ozone.om.KeyManagerImpl.getOzoneFileStatus(KeyManagerImpl.java:1162) ~[ozone-manager-1.4.0-SNAPSHOT.jar:?]
	at org.apache.hadoop.ozone.om.KeyManagerImpl.getFileStatus(KeyManagerImpl.java:1080) ~[ozone-manager-1.4.0-SNAPSHOT.jar:?]
	at org.apache.hadoop.ozone.om.OmMetadataReader.getFileStatus(OmMetadataReader.java:288) ~[ozone-manager-1.4.0-SNAPSHOT.jar:?]
	at org.apache.hadoop.ozone.om.OzoneManager.getFileStatus(OzoneManager.java:3450) ~[ozone-manager-1.4.0-SNAPSHOT.jar:?]
	at org.apache.hadoop.ozone.protocolPB.OzoneManagerRequestHandler.getOzoneFileStatus(OzoneManagerRequestHandler.java:933) ~[ozone-manager-1.4.0-SNAPSHOT.jar:?]
	at org.apache.hadoop.ozone.protocolPB.OzoneManagerRequestHandler.handleReadRequest(OzoneManagerRequestHandler.java:238) ~[ozone-manager-1.4.0-SNAPSHOT.jar:?]
	at org.apache.hadoop.ozone.protocolPB.OzoneManagerProtocolServerSideTranslatorPB.submitReadRequestToOM(OzoneManagerProtocolServerSideTranslatorPB.java:223) ~[ozone-manager-1.4.0-SNAPSHOT.jar:?]
	at org.apache.hadoop.ozone.protocolPB.OzoneManagerProtocolServerSideTranslatorPB.processRequest(OzoneManagerProtocolServerSideTranslatorPB.java:177) ~[ozone-manager-1.4.0-SNAPSHOT.jar:?]
	at org.apache.hadoop.hdds.server.OzoneProtocolMessageDispatcher.processRequest(OzoneProtocolMessageDispatcher.java:87) [hdds-server-framework-1.4.0-SNAPSHOT.jar:?]
	at org.apache.hadoop.ozone.protocolPB.OzoneManagerProtocolServerSideTranslatorPB.submitRequest(OzoneManagerProtocolServerSideTranslatorPB.java:147) [ozone-manager-1.4.0-SNAPSHOT.jar:?]
	at org.apache.hadoop.ozone.protocol.proto.OzoneManagerProtocolProtos$OzoneManagerService$2.callBlockingMethod(OzoneManagerProtocolProtos.java) [ozone-interface-client-1.4.0-SNAPSHOT.jar:?]
	at org.apache.hadoop.ipc.ProtobufRpcEngine$Server.processCall(ProtobufRpcEngine.java:465) [hadoop-common-3.3.4.jar:?]
	at org.apache.hadoop.ipc.ProtobufRpcEngine2$Server$ProtoBufRpcInvoker.call(ProtobufRpcEngine2.java:578) [hadoop-common-3.3.4.jar:?]
	at org.apache.hadoop.ipc.ProtobufRpcEngine2$Server$ProtoBufRpcInvoker.call(ProtobufRpcEngine2.java:556) [hadoop-common-3.3.4.jar:?]
	at org.apache.hadoop.ipc.RPC$Server.call(RPC.java:1093) [hadoop-common-3.3.4.jar:?]
	at org.apache.hadoop.ipc.Server$RpcCall.run(Server.java:1043) [hadoop-common-3.3.4.jar:?]
	at org.apache.hadoop.ipc.Server$RpcCall.run(Server.java:971) [hadoop-common-3.3.4.jar:?]
	at java.security.AccessController.doPrivileged(Native Method) ~[?:1.8.0_362]
	at javax.security.auth.Subject.doAs(Subject.java:422) [?:1.8.0_362]
	at org.apache.hadoop.security.UserGroupInformation.doAs(UserGroupInformation.java:1878) [hadoop-common-3.3.4.jar:?]
	at org.apache.hadoop.ipc.Server$Handler.run(Server.java:2976) [hadoop-common-3.3.4.jar:?]
13:38:03.085 [IPC Server handler 7 on default port 35721] ERROR OMAudit - user=runner | ip=127.0.0.1 | op=GET_FILE_STATUS {volume=volume06454, bucket=bucket10538, key=level0/level3/level3, dataSize=0, replicationConfig=null} | ret=FAILURE
org.apache.hadoop.ozone.om.exceptions.OMException: Unable to get file status: volume: volume06454 bucket: bucket10538 key: level0/level3/level3
	at org.apache.hadoop.ozone.om.KeyManagerImpl.getOzoneFileStatus(KeyManagerImpl.java:1162) ~[ozone-manager-1.4.0-SNAPSHOT.jar:?]
	at org.apache.hadoop.ozone.om.KeyManagerImpl.getFileStatus(KeyManagerImpl.java:1080) ~[ozone-manager-1.4.0-SNAPSHOT.jar:?]
	at org.apache.hadoop.ozone.om.OmMetadataReader.getFileStatus(OmMetadataReader.java:288) ~[ozone-manager-1.4.0-SNAPSHOT.jar:?]
	at org.apache.hadoop.ozone.om.OzoneManager.getFileStatus(OzoneManager.java:3450) ~[ozone-manager-1.4.0-SNAPSHOT.jar:?]
	at org.apache.hadoop.ozone.protocolPB.OzoneManagerRequestHandler.getOzoneFileStatus(OzoneManagerRequestHandler.java:933) ~[ozone-manager-1.4.0-SNAPSHOT.jar:?]
	at org.apache.hadoop.ozone.protocolPB.OzoneManagerRequestHandler.handleReadRequest(OzoneManagerRequestHandler.java:238) ~[ozone-manager-1.4.0-SNAPSHOT.jar:?]
	at org.apache.hadoop.ozone.protocolPB.OzoneManagerProtocolServerSideTranslatorPB.submitReadRequestToOM(OzoneManagerProtocolServerSideTranslatorPB.java:223) ~[ozone-manager-1.4.0-SNAPSHOT.jar:?]
	at org.apache.hadoop.ozone.protocolPB.OzoneManagerProtocolServerSideTranslatorPB.processRequest(OzoneManagerProtocolServerSideTranslatorPB.java:177) ~[ozone-manager-1.4.0-SNAPSHOT.jar:?]
	at org.apache.hadoop.hdds.server.OzoneProtocolMessageDispatcher.processRequest(OzoneProtocolMessageDispatcher.java:87) [hdds-server-framework-1.4.0-SNAPSHOT.jar:?]
	at org.apache.hadoop.ozone.protocolPB.OzoneManagerProtocolServerSideTranslatorPB.submitRequest(OzoneManagerProtocolServerSideTranslatorPB.java:147) [ozone-manager-1.4.0-SNAPSHOT.jar:?]
	at org.apache.hadoop.ozone.protocol.proto.OzoneManagerProtocolProtos$OzoneManagerService$2.callBlockingMethod(OzoneManagerProtocolProtos.java) [ozone-interface-client-1.4.0-SNAPSHOT.jar:?]
	at org.apache.hadoop.ipc.ProtobufRpcEngine$Server.processCall(ProtobufRpcEngine.java:465) [hadoop-common-3.3.4.jar:?]
	at org.apache.hadoop.ipc.ProtobufRpcEngine2$Server$ProtoBufRpcInvoker.call(ProtobufRpcEngine2.java:578) [hadoop-common-3.3.4.jar:?]
	at org.apache.hadoop.ipc.ProtobufRpcEngine2$Server$ProtoBufRpcInvoker.call(ProtobufRpcEngine2.java:556) [hadoop-common-3.3.4.jar:?]
	at org.apache.hadoop.ipc.RPC$Server.call(RPC.java:1093) [hadoop-common-3.3.4.jar:?]
	at org.apache.hadoop.ipc.Server$RpcCall.run(Server.java:1043) [hadoop-common-3.3.4.jar:?]
	at org.apache.hadoop.ipc.Server$RpcCall.run(Server.java:971) [hadoop-common-3.3.4.jar:?]
	at java.security.AccessController.doPrivileged(Native Method) ~[?:1.8.0_362]
	at javax.security.auth.Subject.doAs(Subject.java:422) [?:1.8.0_362]
	at org.apache.hadoop.security.UserGroupInformation.doAs(UserGroupInformation.java:1878) [hadoop-common-3.3.4.jar:?]
	at org.apache.hadoop.ipc.Server$Handler.run(Server.java:2976) [hadoop-common-3.3.4.jar:?]
13:38:03.087 [IPC Server handler 2 on default port 35721] ERROR OMAudit - user=runner | ip=127.0.0.1 | op=GET_FILE_STATUS {volume=volume06454, bucket=bucket10538, key=level0/level3/file1, dataSize=0, replicationConfig=null} | ret=FAILURE
org.apache.hadoop.ozone.om.exceptions.OMException: Unable to get file status: volume: volume06454 bucket: bucket10538 key: level0/level3/file1
	at org.apache.hadoop.ozone.om.KeyManagerImpl.getOzoneFileStatus(KeyManagerImpl.java:1162) ~[ozone-manager-1.4.0-SNAPSHOT.jar:?]
	at org.apache.hadoop.ozone.om.KeyManagerImpl.getFileStatus(KeyManagerImpl.java:1080) ~[ozone-manager-1.4.0-SNAPSHOT.jar:?]
	at org.apache.hadoop.ozone.om.OmMetadataReader.getFileStatus(OmMetadataReader.java:288) ~[ozone-manager-1.4.0-SNAPSHOT.jar:?]
	at org.apache.hadoop.ozone.om.OzoneManager.getFileStatus(OzoneManager.java:3450) ~[ozone-manager-1.4.0-SNAPSHOT.jar:?]
	at org.apache.hadoop.ozone.protocolPB.OzoneManagerRequestHandler.getOzoneFileStatus(OzoneManagerRequestHandler.java:933) ~[ozone-manager-1.4.0-SNAPSHOT.jar:?]
	at org.apache.hadoop.ozone.protocolPB.OzoneManagerRequestHandler.handleReadRequest(OzoneManagerRequestHandler.java:238) ~[ozone-manager-1.4.0-SNAPSHOT.jar:?]
	at org.apache.hadoop.ozone.protocolPB.OzoneManagerProtocolServerSideTranslatorPB.submitReadRequestToOM(OzoneManagerProtocolServerSideTranslatorPB.java:223) ~[ozone-manager-1.4.0-SNAPSHOT.jar:?]
	at org.apache.hadoop.ozone.protocolPB.OzoneManagerProtocolServerSideTranslatorPB.processRequest(OzoneManagerProtocolServerSideTranslatorPB.java:177) ~[ozone-manager-1.4.0-SNAPSHOT.jar:?]
	at org.apache.hadoop.hdds.server.OzoneProtocolMessageDispatcher.processRequest(OzoneProtocolMessageDispatcher.java:87) [hdds-server-framework-1.4.0-SNAPSHOT.jar:?]
	at org.apache.hadoop.ozone.protocolPB.OzoneManagerProtocolServerSideTranslatorPB.submitRequest(OzoneManagerProtocolServerSideTranslatorPB.java:147) [ozone-manager-1.4.0-SNAPSHOT.jar:?]
	at org.apache.hadoop.ozone.protocol.proto.OzoneManagerProtocolProtos$OzoneManagerService$2.callBlockingMethod(OzoneManagerProtocolProtos.java) [ozone-interface-client-1.4.0-SNAPSHOT.jar:?]
	at org.apache.hadoop.ipc.ProtobufRpcEngine$Server.processCall(ProtobufRpcEngine.java:465) [hadoop-common-3.3.4.jar:?]
	at org.apache.hadoop.ipc.ProtobufRpcEngine2$Server$ProtoBufRpcInvoker.call(ProtobufRpcEngine2.java:578) [hadoop-common-3.3.4.jar:?]
	at org.apache.hadoop.ipc.ProtobufRpcEngine2$Server$ProtoBufRpcInvoker.call(ProtobufRpcEngine2.java:556) [hadoop-common-3.3.4.jar:?]
	at org.apache.hadoop.ipc.RPC$Server.call(RPC.java:1093) [hadoop-common-3.3.4.jar:?]
	at org.apache.hadoop.ipc.Server$RpcCall.run(Server.java:1043) [hadoop-common-3.3.4.jar:?]
	at org.apache.hadoop.ipc.Server$RpcCall.run(Server.java:971) [hadoop-common-3.3.4.jar:?]
	at java.security.AccessController.doPrivileged(Native Method) ~[?:1.8.0_362]
	at javax.security.auth.Subject.doAs(Subject.java:422) [?:1.8.0_362]
	at org.apache.hadoop.security.UserGroupInformation.doAs(UserGroupInformation.java:1878) [hadoop-common-3.3.4.jar:?]
	at org.apache.hadoop.ipc.Server$Handler.run(Server.java:2976) [hadoop-common-3.3.4.jar:?]
13:38:03.088 [IPC Server handler 13 on default port 35721] ERROR OMAudit - user=runner | ip=127.0.0.1 | op=GET_FILE_STATUS {volume=volume06454, bucket=bucket10538, key=level0/level3/level3/file1, dataSize=0, replicationConfig=null} | ret=FAILURE
org.apache.hadoop.ozone.om.exceptions.OMException: Unable to get file status: volume: volume06454 bucket: bucket10538 key: level0/level3/level3/file1
	at org.apache.hadoop.ozone.om.KeyManagerImpl.getOzoneFileStatus(KeyManagerImpl.java:1162) ~[ozone-manager-1.4.0-SNAPSHOT.jar:?]
	at org.apache.hadoop.ozone.om.KeyManagerImpl.getFileStatus(KeyManagerImpl.java:1080) ~[ozone-manager-1.4.0-SNAPSHOT.jar:?]
	at org.apache.hadoop.ozone.om.OmMetadataReader.getFileStatus(OmMetadataReader.java:288) ~[ozone-manager-1.4.0-SNAPSHOT.jar:?]
	at org.apache.hadoop.ozone.om.OzoneManager.getFileStatus(OzoneManager.java:3450) ~[ozone-manager-1.4.0-SNAPSHOT.jar:?]
	at org.apache.hadoop.ozone.protocolPB.OzoneManagerRequestHandler.getOzoneFileStatus(OzoneManagerRequestHandler.java:933) ~[ozone-manager-1.4.0-SNAPSHOT.jar:?]
	at org.apache.hadoop.ozone.protocolPB.OzoneManagerRequestHandler.handleReadRequest(OzoneManagerRequestHandler.java:238) ~[ozone-manager-1.4.0-SNAPSHOT.jar:?]
	at org.apache.hadoop.ozone.protocolPB.OzoneManagerProtocolServerSideTranslatorPB.submitReadRequestToOM(OzoneManagerProtocolServerSideTranslatorPB.java:223) ~[ozone-manager-1.4.0-SNAPSHOT.jar:?]
	at org.apache.hadoop.ozone.protocolPB.OzoneManagerProtocolServerSideTranslatorPB.processRequest(OzoneManagerProtocolServerSideTranslatorPB.java:177) ~[ozone-manager-1.4.0-SNAPSHOT.jar:?]
	at org.apache.hadoop.hdds.server.OzoneProtocolMessageDispatcher.processRequest(OzoneProtocolMessageDispatcher.java:87) [hdds-server-framework-1.4.0-SNAPSHOT.jar:?]
	at org.apache.hadoop.ozone.protocolPB.OzoneManagerProtocolServerSideTranslatorPB.submitRequest(OzoneManagerProtocolServerSideTranslatorPB.java:147) [ozone-manager-1.4.0-SNAPSHOT.jar:?]
	at org.apache.hadoop.ozone.protocol.proto.OzoneManagerProtocolProtos$OzoneManagerService$2.callBlockingMethod(OzoneManagerProtocolProtos.java) [ozone-interface-client-1.4.0-SNAPSHOT.jar:?]
	at org.apache.hadoop.ipc.ProtobufRpcEngine$Server.processCall(ProtobufRpcEngine.java:465) [hadoop-common-3.3.4.jar:?]
	at org.apache.hadoop.ipc.ProtobufRpcEngine2$Server$ProtoBufRpcInvoker.call(ProtobufRpcEngine2.java:578) [hadoop-common-3.3.4.jar:?]
	at org.apache.hadoop.ipc.ProtobufRpcEngine2$Server$ProtoBufRpcInvoker.call(ProtobufRpcEngine2.java:556) [hadoop-common-3.3.4.jar:?]
	at org.apache.hadoop.ipc.RPC$Server.call(RPC.java:1093) [hadoop-common-3.3.4.jar:?]
	at org.apache.hadoop.ipc.Server$RpcCall.run(Server.java:1043) [hadoop-common-3.3.4.jar:?]
	at org.apache.hadoop.ipc.Server$RpcCall.run(Server.java:971) [hadoop-common-3.3.4.jar:?]
	at java.security.AccessController.doPrivileged(Native Method) ~[?:1.8.0_362]
	at javax.security.auth.Subject.doAs(Subject.java:422) [?:1.8.0_362]
	at org.apache.hadoop.security.UserGroupInformation.doAs(UserGroupInformation.java:1878) [hadoop-common-3.3.4.jar:?]
	at org.apache.hadoop.ipc.Server$Handler.run(Server.java:2976) [hadoop-common-3.3.4.jar:?]
]]></system-out>
  </testcase>
  <testcase name="testRecursiveDelete" classname="TestOzoneFileSystem" time="0.149">
    <system-out><![CDATA[2023-02-21 13:39:26,432 [IPC Server handler 0 on default port 40229] INFO  key.OMKeyRequest (OMKeyRequest.java:wrapUncommittedBlocksAsPseudoKey(837)) - Detect allocated but uncommitted blocks [{blockID={containerID=1, localID=111677748019200014}, length=4194304, offset=0, token=null, pipeline=null, createVersion=0, partNumber=0}] in key gdir1/pdir1/child.
2023-02-21 13:39:26,435 [IPC Server handler 2 on default port 40229] INFO  key.OMKeyRequest (OMKeyRequest.java:wrapUncommittedBlocksAsPseudoKey(837)) - Detect allocated but uncommitted blocks [{blockID={containerID=3, localID=111677748019200015}, length=4194304, offset=0, token=null, pipeline=null, createVersion=0, partNumber=0}] in key gdir1/pdir2/child.
2023-02-21 13:39:26,439 [IPC Server handler 6 on default port 40229] INFO  key.OMKeyRequest (OMKeyRequest.java:wrapUncommittedBlocksAsPseudoKey(837)) - Detect allocated but uncommitted blocks [{blockID={containerID=4, localID=111677748019200016}, length=4194304, offset=0, token=null, pipeline=null, createVersion=0, partNumber=0}] in key gdir1/pdir3/child.
2023-02-21 13:39:26,443 [IPC Server handler 7 on default port 40229] INFO  key.OMKeyRequest (OMKeyRequest.java:wrapUncommittedBlocksAsPseudoKey(837)) - Detect allocated but uncommitted blocks [{blockID={containerID=1, localID=111677748019200017}, length=4194304, offset=0, token=null, pipeline=null, createVersion=0, partNumber=0}] in key gdir1/pdir4/child.
2023-02-21 13:39:26,448 [IPC Server handler 11 on default port 40229] INFO  key.OMKeyRequest (OMKeyRequest.java:wrapUncommittedBlocksAsPseudoKey(837)) - Detect allocated but uncommitted blocks [{blockID={containerID=2, localID=111677748019200018}, length=4194304, offset=0, token=null, pipeline=null, createVersion=0, partNumber=0}] in key gdir1/pdir5/child.
2023-02-21 13:39:26,451 [IPC Server handler 5 on default port 40229] INFO  key.OMKeyRequest (OMKeyRequest.java:wrapUncommittedBlocksAsPseudoKey(837)) - Detect allocated but uncommitted blocks [{blockID={containerID=4, localID=111677748019200019}, length=4194304, offset=0, token=null, pipeline=null, createVersion=0, partNumber=0}] in key gdir1/pdir6/child.
2023-02-21 13:39:26,456 [IPC Server handler 15 on default port 40229] INFO  key.OMKeyRequest (OMKeyRequest.java:wrapUncommittedBlocksAsPseudoKey(837)) - Detect allocated but uncommitted blocks [{blockID={containerID=2, localID=111677748019200020}, length=4194304, offset=0, token=null, pipeline=null, createVersion=0, partNumber=0}] in key gdir1/pdir7/child.
2023-02-21 13:39:26,460 [IPC Server handler 14 on default port 40229] INFO  key.OMKeyRequest (OMKeyRequest.java:wrapUncommittedBlocksAsPseudoKey(837)) - Detect allocated but uncommitted blocks [{blockID={containerID=3, localID=111677748019200021}, length=4194304, offset=0, token=null, pipeline=null, createVersion=0, partNumber=0}] in key gdir1/pdir8/child.
2023-02-21 13:39:26,464 [IPC Server handler 19 on default port 40229] INFO  key.OMKeyRequest (OMKeyRequest.java:wrapUncommittedBlocksAsPseudoKey(837)) - Detect allocated but uncommitted blocks [{blockID={containerID=1, localID=111677748019200022}, length=4194304, offset=0, token=null, pipeline=null, createVersion=0, partNumber=0}] in key gdir1/pdir9/child.
2023-02-21 13:39:26,468 [IPC Server handler 18 on default port 40229] INFO  key.OMKeyRequest (OMKeyRequest.java:wrapUncommittedBlocksAsPseudoKey(837)) - Detect allocated but uncommitted blocks [{blockID={containerID=3, localID=111677748019200023}, length=4194304, offset=0, token=null, pipeline=null, createVersion=0, partNumber=0}] in key gdir1/pdir10/child.
13:39:26.482 [IPC Server handler 16 on default port 40229] ERROR OMAudit - user=runner | ip=127.0.0.1 | op=GET_FILE_STATUS {volume=volume46490, bucket=bucket73093, key=gdir1, dataSize=0, replicationConfig=null} | ret=FAILURE
org.apache.hadoop.ozone.om.exceptions.OMException: Unable to get file status: volume: volume46490 bucket: bucket73093 key: gdir1
	at org.apache.hadoop.ozone.om.KeyManagerImpl.getOzoneFileStatus(KeyManagerImpl.java:1162) ~[ozone-manager-1.4.0-SNAPSHOT.jar:?]
	at org.apache.hadoop.ozone.om.KeyManagerImpl.getFileStatus(KeyManagerImpl.java:1080) ~[ozone-manager-1.4.0-SNAPSHOT.jar:?]
	at org.apache.hadoop.ozone.om.OmMetadataReader.getFileStatus(OmMetadataReader.java:288) ~[ozone-manager-1.4.0-SNAPSHOT.jar:?]
	at org.apache.hadoop.ozone.om.OzoneManager.getFileStatus(OzoneManager.java:3450) ~[ozone-manager-1.4.0-SNAPSHOT.jar:?]
	at org.apache.hadoop.ozone.protocolPB.OzoneManagerRequestHandler.getOzoneFileStatus(OzoneManagerRequestHandler.java:933) ~[ozone-manager-1.4.0-SNAPSHOT.jar:?]
	at org.apache.hadoop.ozone.protocolPB.OzoneManagerRequestHandler.handleReadRequest(OzoneManagerRequestHandler.java:238) ~[ozone-manager-1.4.0-SNAPSHOT.jar:?]
	at org.apache.hadoop.ozone.protocolPB.OzoneManagerProtocolServerSideTranslatorPB.submitRequestDirectlyToOM(OzoneManagerProtocolServerSideTranslatorPB.java:271) ~[ozone-manager-1.4.0-SNAPSHOT.jar:?]
	at org.apache.hadoop.ozone.protocolPB.OzoneManagerProtocolServerSideTranslatorPB.processRequest(OzoneManagerProtocolServerSideTranslatorPB.java:173) ~[ozone-manager-1.4.0-SNAPSHOT.jar:?]
	at org.apache.hadoop.hdds.server.OzoneProtocolMessageDispatcher.processRequest(OzoneProtocolMessageDispatcher.java:87) [hdds-server-framework-1.4.0-SNAPSHOT.jar:?]
	at org.apache.hadoop.ozone.protocolPB.OzoneManagerProtocolServerSideTranslatorPB.submitRequest(OzoneManagerProtocolServerSideTranslatorPB.java:147) [ozone-manager-1.4.0-SNAPSHOT.jar:?]
	at org.apache.hadoop.ozone.protocol.proto.OzoneManagerProtocolProtos$OzoneManagerService$2.callBlockingMethod(OzoneManagerProtocolProtos.java) [ozone-interface-client-1.4.0-SNAPSHOT.jar:?]
	at org.apache.hadoop.ipc.ProtobufRpcEngine$Server.processCall(ProtobufRpcEngine.java:465) [hadoop-common-3.3.4.jar:?]
	at org.apache.hadoop.ipc.ProtobufRpcEngine2$Server$ProtoBufRpcInvoker.call(ProtobufRpcEngine2.java:578) [hadoop-common-3.3.4.jar:?]
	at org.apache.hadoop.ipc.ProtobufRpcEngine2$Server$ProtoBufRpcInvoker.call(ProtobufRpcEngine2.java:556) [hadoop-common-3.3.4.jar:?]
	at org.apache.hadoop.ipc.RPC$Server.call(RPC.java:1093) [hadoop-common-3.3.4.jar:?]
	at org.apache.hadoop.ipc.Server$RpcCall.run(Server.java:1043) [hadoop-common-3.3.4.jar:?]
	at org.apache.hadoop.ipc.Server$RpcCall.run(Server.java:971) [hadoop-common-3.3.4.jar:?]
	at java.security.AccessController.doPrivileged(Native Method) ~[?:1.8.0_362]
	at javax.security.auth.Subject.doAs(Subject.java:422) [?:1.8.0_362]
	at org.apache.hadoop.security.UserGroupInformation.doAs(UserGroupInformation.java:1878) [hadoop-common-3.3.4.jar:?]
	at org.apache.hadoop.ipc.Server$Handler.run(Server.java:2976) [hadoop-common-3.3.4.jar:?]
13:39:26.483 [IPC Server handler 18 on default port 40229] ERROR OMAudit - user=runner | ip=127.0.0.1 | op=GET_FILE_STATUS {volume=volume46490, bucket=bucket73093, key=gdir1/dir1, dataSize=0, replicationConfig=null} | ret=FAILURE
org.apache.hadoop.ozone.om.exceptions.OMException: Unable to get file status: volume: volume46490 bucket: bucket73093 key: gdir1/dir1
	at org.apache.hadoop.ozone.om.KeyManagerImpl.getOzoneFileStatus(KeyManagerImpl.java:1162) ~[ozone-manager-1.4.0-SNAPSHOT.jar:?]
	at org.apache.hadoop.ozone.om.KeyManagerImpl.getFileStatus(KeyManagerImpl.java:1080) ~[ozone-manager-1.4.0-SNAPSHOT.jar:?]
	at org.apache.hadoop.ozone.om.OmMetadataReader.getFileStatus(OmMetadataReader.java:288) ~[ozone-manager-1.4.0-SNAPSHOT.jar:?]
	at org.apache.hadoop.ozone.om.OzoneManager.getFileStatus(OzoneManager.java:3450) ~[ozone-manager-1.4.0-SNAPSHOT.jar:?]
	at org.apache.hadoop.ozone.protocolPB.OzoneManagerRequestHandler.getOzoneFileStatus(OzoneManagerRequestHandler.java:933) ~[ozone-manager-1.4.0-SNAPSHOT.jar:?]
	at org.apache.hadoop.ozone.protocolPB.OzoneManagerRequestHandler.handleReadRequest(OzoneManagerRequestHandler.java:238) ~[ozone-manager-1.4.0-SNAPSHOT.jar:?]
	at org.apache.hadoop.ozone.protocolPB.OzoneManagerProtocolServerSideTranslatorPB.submitRequestDirectlyToOM(OzoneManagerProtocolServerSideTranslatorPB.java:271) ~[ozone-manager-1.4.0-SNAPSHOT.jar:?]
	at org.apache.hadoop.ozone.protocolPB.OzoneManagerProtocolServerSideTranslatorPB.processRequest(OzoneManagerProtocolServerSideTranslatorPB.java:173) ~[ozone-manager-1.4.0-SNAPSHOT.jar:?]
	at org.apache.hadoop.hdds.server.OzoneProtocolMessageDispatcher.processRequest(OzoneProtocolMessageDispatcher.java:87) [hdds-server-framework-1.4.0-SNAPSHOT.jar:?]
	at org.apache.hadoop.ozone.protocolPB.OzoneManagerProtocolServerSideTranslatorPB.submitRequest(OzoneManagerProtocolServerSideTranslatorPB.java:147) [ozone-manager-1.4.0-SNAPSHOT.jar:?]
	at org.apache.hadoop.ozone.protocol.proto.OzoneManagerProtocolProtos$OzoneManagerService$2.callBlockingMethod(OzoneManagerProtocolProtos.java) [ozone-interface-client-1.4.0-SNAPSHOT.jar:?]
	at org.apache.hadoop.ipc.ProtobufRpcEngine$Server.processCall(ProtobufRpcEngine.java:465) [hadoop-common-3.3.4.jar:?]
	at org.apache.hadoop.ipc.ProtobufRpcEngine2$Server$ProtoBufRpcInvoker.call(ProtobufRpcEngine2.java:578) [hadoop-common-3.3.4.jar:?]
	at org.apache.hadoop.ipc.ProtobufRpcEngine2$Server$ProtoBufRpcInvoker.call(ProtobufRpcEngine2.java:556) [hadoop-common-3.3.4.jar:?]
	at org.apache.hadoop.ipc.RPC$Server.call(RPC.java:1093) [hadoop-common-3.3.4.jar:?]
	at org.apache.hadoop.ipc.Server$RpcCall.run(Server.java:1043) [hadoop-common-3.3.4.jar:?]
	at org.apache.hadoop.ipc.Server$RpcCall.run(Server.java:971) [hadoop-common-3.3.4.jar:?]
	at java.security.AccessController.doPrivileged(Native Method) ~[?:1.8.0_362]
	at javax.security.auth.Subject.doAs(Subject.java:422) [?:1.8.0_362]
	at org.apache.hadoop.security.UserGroupInformation.doAs(UserGroupInformation.java:1878) [hadoop-common-3.3.4.jar:?]
	at org.apache.hadoop.ipc.Server$Handler.run(Server.java:2976) [hadoop-common-3.3.4.jar:?]
13:39:26.484 [IPC Server handler 17 on default port 40229] ERROR OMAudit - user=runner | ip=127.0.0.1 | op=GET_FILE_STATUS {volume=volume46490, bucket=bucket73093, key=gdir1/dir1/child, dataSize=0, replicationConfig=null} | ret=FAILURE
org.apache.hadoop.ozone.om.exceptions.OMException: Unable to get file status: volume: volume46490 bucket: bucket73093 key: gdir1/dir1/child
	at org.apache.hadoop.ozone.om.KeyManagerImpl.getOzoneFileStatus(KeyManagerImpl.java:1162) ~[ozone-manager-1.4.0-SNAPSHOT.jar:?]
	at org.apache.hadoop.ozone.om.KeyManagerImpl.getFileStatus(KeyManagerImpl.java:1080) ~[ozone-manager-1.4.0-SNAPSHOT.jar:?]
	at org.apache.hadoop.ozone.om.OmMetadataReader.getFileStatus(OmMetadataReader.java:288) ~[ozone-manager-1.4.0-SNAPSHOT.jar:?]
	at org.apache.hadoop.ozone.om.OzoneManager.getFileStatus(OzoneManager.java:3450) ~[ozone-manager-1.4.0-SNAPSHOT.jar:?]
	at org.apache.hadoop.ozone.protocolPB.OzoneManagerRequestHandler.getOzoneFileStatus(OzoneManagerRequestHandler.java:933) ~[ozone-manager-1.4.0-SNAPSHOT.jar:?]
	at org.apache.hadoop.ozone.protocolPB.OzoneManagerRequestHandler.handleReadRequest(OzoneManagerRequestHandler.java:238) ~[ozone-manager-1.4.0-SNAPSHOT.jar:?]
	at org.apache.hadoop.ozone.protocolPB.OzoneManagerProtocolServerSideTranslatorPB.submitRequestDirectlyToOM(OzoneManagerProtocolServerSideTranslatorPB.java:271) ~[ozone-manager-1.4.0-SNAPSHOT.jar:?]
	at org.apache.hadoop.ozone.protocolPB.OzoneManagerProtocolServerSideTranslatorPB.processRequest(OzoneManagerProtocolServerSideTranslatorPB.java:173) ~[ozone-manager-1.4.0-SNAPSHOT.jar:?]
	at org.apache.hadoop.hdds.server.OzoneProtocolMessageDispatcher.processRequest(OzoneProtocolMessageDispatcher.java:87) [hdds-server-framework-1.4.0-SNAPSHOT.jar:?]
	at org.apache.hadoop.ozone.protocolPB.OzoneManagerProtocolServerSideTranslatorPB.submitRequest(OzoneManagerProtocolServerSideTranslatorPB.java:147) [ozone-manager-1.4.0-SNAPSHOT.jar:?]
	at org.apache.hadoop.ozone.protocol.proto.OzoneManagerProtocolProtos$OzoneManagerService$2.callBlockingMethod(OzoneManagerProtocolProtos.java) [ozone-interface-client-1.4.0-SNAPSHOT.jar:?]
	at org.apache.hadoop.ipc.ProtobufRpcEngine$Server.processCall(ProtobufRpcEngine.java:465) [hadoop-common-3.3.4.jar:?]
	at org.apache.hadoop.ipc.ProtobufRpcEngine2$Server$ProtoBufRpcInvoker.call(ProtobufRpcEngine2.java:578) [hadoop-common-3.3.4.jar:?]
	at org.apache.hadoop.ipc.ProtobufRpcEngine2$Server$ProtoBufRpcInvoker.call(ProtobufRpcEngine2.java:556) [hadoop-common-3.3.4.jar:?]
	at org.apache.hadoop.ipc.RPC$Server.call(RPC.java:1093) [hadoop-common-3.3.4.jar:?]
	at org.apache.hadoop.ipc.Server$RpcCall.run(Server.java:1043) [hadoop-common-3.3.4.jar:?]
	at org.apache.hadoop.ipc.Server$RpcCall.run(Server.java:971) [hadoop-common-3.3.4.jar:?]
	at java.security.AccessController.doPrivileged(Native Method) ~[?:1.8.0_362]
	at javax.security.auth.Subject.doAs(Subject.java:422) [?:1.8.0_362]
	at org.apache.hadoop.security.UserGroupInformation.doAs(UserGroupInformation.java:1878) [hadoop-common-3.3.4.jar:?]
	at org.apache.hadoop.ipc.Server$Handler.run(Server.java:2976) [hadoop-common-3.3.4.jar:?]
13:39:26.485 [IPC Server handler 0 on default port 40229] ERROR OMAudit - user=runner | ip=127.0.0.1 | op=GET_FILE_STATUS {volume=volume46490, bucket=bucket73093, key=gdir1/dir2, dataSize=0, replicationConfig=null} | ret=FAILURE
org.apache.hadoop.ozone.om.exceptions.OMException: Unable to get file status: volume: volume46490 bucket: bucket73093 key: gdir1/dir2
	at org.apache.hadoop.ozone.om.KeyManagerImpl.getOzoneFileStatus(KeyManagerImpl.java:1162) ~[ozone-manager-1.4.0-SNAPSHOT.jar:?]
	at org.apache.hadoop.ozone.om.KeyManagerImpl.getFileStatus(KeyManagerImpl.java:1080) ~[ozone-manager-1.4.0-SNAPSHOT.jar:?]
	at org.apache.hadoop.ozone.om.OmMetadataReader.getFileStatus(OmMetadataReader.java:288) ~[ozone-manager-1.4.0-SNAPSHOT.jar:?]
	at org.apache.hadoop.ozone.om.OzoneManager.getFileStatus(OzoneManager.java:3450) ~[ozone-manager-1.4.0-SNAPSHOT.jar:?]
	at org.apache.hadoop.ozone.protocolPB.OzoneManagerRequestHandler.getOzoneFileStatus(OzoneManagerRequestHandler.java:933) ~[ozone-manager-1.4.0-SNAPSHOT.jar:?]
	at org.apache.hadoop.ozone.protocolPB.OzoneManagerRequestHandler.handleReadRequest(OzoneManagerRequestHandler.java:238) ~[ozone-manager-1.4.0-SNAPSHOT.jar:?]
	at org.apache.hadoop.ozone.protocolPB.OzoneManagerProtocolServerSideTranslatorPB.submitRequestDirectlyToOM(OzoneManagerProtocolServerSideTranslatorPB.java:271) ~[ozone-manager-1.4.0-SNAPSHOT.jar:?]
	at org.apache.hadoop.ozone.protocolPB.OzoneManagerProtocolServerSideTranslatorPB.processRequest(OzoneManagerProtocolServerSideTranslatorPB.java:173) ~[ozone-manager-1.4.0-SNAPSHOT.jar:?]
	at org.apache.hadoop.hdds.server.OzoneProtocolMessageDispatcher.processRequest(OzoneProtocolMessageDispatcher.java:87) [hdds-server-framework-1.4.0-SNAPSHOT.jar:?]
	at org.apache.hadoop.ozone.protocolPB.OzoneManagerProtocolServerSideTranslatorPB.submitRequest(OzoneManagerProtocolServerSideTranslatorPB.java:147) [ozone-manager-1.4.0-SNAPSHOT.jar:?]
	at org.apache.hadoop.ozone.protocol.proto.OzoneManagerProtocolProtos$OzoneManagerService$2.callBlockingMethod(OzoneManagerProtocolProtos.java) [ozone-interface-client-1.4.0-SNAPSHOT.jar:?]
	at org.apache.hadoop.ipc.ProtobufRpcEngine$Server.processCall(ProtobufRpcEngine.java:465) [hadoop-common-3.3.4.jar:?]
	at org.apache.hadoop.ipc.ProtobufRpcEngine2$Server$ProtoBufRpcInvoker.call(ProtobufRpcEngine2.java:578) [hadoop-common-3.3.4.jar:?]
	at org.apache.hadoop.ipc.ProtobufRpcEngine2$Server$ProtoBufRpcInvoker.call(ProtobufRpcEngine2.java:556) [hadoop-common-3.3.4.jar:?]
	at org.apache.hadoop.ipc.RPC$Server.call(RPC.java:1093) [hadoop-common-3.3.4.jar:?]
	at org.apache.hadoop.ipc.Server$RpcCall.run(Server.java:1043) [hadoop-common-3.3.4.jar:?]
	at org.apache.hadoop.ipc.Server$RpcCall.run(Server.java:971) [hadoop-common-3.3.4.jar:?]
	at java.security.AccessController.doPrivileged(Native Method) ~[?:1.8.0_362]
	at javax.security.auth.Subject.doAs(Subject.java:422) [?:1.8.0_362]
	at org.apache.hadoop.security.UserGroupInformation.doAs(UserGroupInformation.java:1878) [hadoop-common-3.3.4.jar:?]
	at org.apache.hadoop.ipc.Server$Handler.run(Server.java:2976) [hadoop-common-3.3.4.jar:?]
13:39:26.486 [IPC Server handler 1 on default port 40229] ERROR OMAudit - user=runner | ip=127.0.0.1 | op=GET_FILE_STATUS {volume=volume46490, bucket=bucket73093, key=gdir1/dir2/child, dataSize=0, replicationConfig=null} | ret=FAILURE
org.apache.hadoop.ozone.om.exceptions.OMException: Unable to get file status: volume: volume46490 bucket: bucket73093 key: gdir1/dir2/child
	at org.apache.hadoop.ozone.om.KeyManagerImpl.getOzoneFileStatus(KeyManagerImpl.java:1162) ~[ozone-manager-1.4.0-SNAPSHOT.jar:?]
	at org.apache.hadoop.ozone.om.KeyManagerImpl.getFileStatus(KeyManagerImpl.java:1080) ~[ozone-manager-1.4.0-SNAPSHOT.jar:?]
	at org.apache.hadoop.ozone.om.OmMetadataReader.getFileStatus(OmMetadataReader.java:288) ~[ozone-manager-1.4.0-SNAPSHOT.jar:?]
	at org.apache.hadoop.ozone.om.OzoneManager.getFileStatus(OzoneManager.java:3450) ~[ozone-manager-1.4.0-SNAPSHOT.jar:?]
	at org.apache.hadoop.ozone.protocolPB.OzoneManagerRequestHandler.getOzoneFileStatus(OzoneManagerRequestHandler.java:933) ~[ozone-manager-1.4.0-SNAPSHOT.jar:?]
	at org.apache.hadoop.ozone.protocolPB.OzoneManagerRequestHandler.handleReadRequest(OzoneManagerRequestHandler.java:238) ~[ozone-manager-1.4.0-SNAPSHOT.jar:?]
	at org.apache.hadoop.ozone.protocolPB.OzoneManagerProtocolServerSideTranslatorPB.submitRequestDirectlyToOM(OzoneManagerProtocolServerSideTranslatorPB.java:271) ~[ozone-manager-1.4.0-SNAPSHOT.jar:?]
	at org.apache.hadoop.ozone.protocolPB.OzoneManagerProtocolServerSideTranslatorPB.processRequest(OzoneManagerProtocolServerSideTranslatorPB.java:173) ~[ozone-manager-1.4.0-SNAPSHOT.jar:?]
	at org.apache.hadoop.hdds.server.OzoneProtocolMessageDispatcher.processRequest(OzoneProtocolMessageDispatcher.java:87) [hdds-server-framework-1.4.0-SNAPSHOT.jar:?]
	at org.apache.hadoop.ozone.protocolPB.OzoneManagerProtocolServerSideTranslatorPB.submitRequest(OzoneManagerProtocolServerSideTranslatorPB.java:147) [ozone-manager-1.4.0-SNAPSHOT.jar:?]
	at org.apache.hadoop.ozone.protocol.proto.OzoneManagerProtocolProtos$OzoneManagerService$2.callBlockingMethod(OzoneManagerProtocolProtos.java) [ozone-interface-client-1.4.0-SNAPSHOT.jar:?]
	at org.apache.hadoop.ipc.ProtobufRpcEngine$Server.processCall(ProtobufRpcEngine.java:465) [hadoop-common-3.3.4.jar:?]
	at org.apache.hadoop.ipc.ProtobufRpcEngine2$Server$ProtoBufRpcInvoker.call(ProtobufRpcEngine2.java:578) [hadoop-common-3.3.4.jar:?]
	at org.apache.hadoop.ipc.ProtobufRpcEngine2$Server$ProtoBufRpcInvoker.call(ProtobufRpcEngine2.java:556) [hadoop-common-3.3.4.jar:?]
	at org.apache.hadoop.ipc.RPC$Server.call(RPC.java:1093) [hadoop-common-3.3.4.jar:?]
	at org.apache.hadoop.ipc.Server$RpcCall.run(Server.java:1043) [hadoop-common-3.3.4.jar:?]
	at org.apache.hadoop.ipc.Server$RpcCall.run(Server.java:971) [hadoop-common-3.3.4.jar:?]
	at java.security.AccessController.doPrivileged(Native Method) ~[?:1.8.0_362]
	at javax.security.auth.Subject.doAs(Subject.java:422) [?:1.8.0_362]
	at org.apache.hadoop.security.UserGroupInformation.doAs(UserGroupInformation.java:1878) [hadoop-common-3.3.4.jar:?]
	at org.apache.hadoop.ipc.Server$Handler.run(Server.java:2976) [hadoop-common-3.3.4.jar:?]
13:39:26.487 [IPC Server handler 2 on default port 40229] ERROR OMAudit - user=runner | ip=127.0.0.1 | op=GET_FILE_STATUS {volume=volume46490, bucket=bucket73093, key=gdir1/dir3, dataSize=0, replicationConfig=null} | ret=FAILURE
org.apache.hadoop.ozone.om.exceptions.OMException: Unable to get file status: volume: volume46490 bucket: bucket73093 key: gdir1/dir3
	at org.apache.hadoop.ozone.om.KeyManagerImpl.getOzoneFileStatus(KeyManagerImpl.java:1162) ~[ozone-manager-1.4.0-SNAPSHOT.jar:?]
	at org.apache.hadoop.ozone.om.KeyManagerImpl.getFileStatus(KeyManagerImpl.java:1080) ~[ozone-manager-1.4.0-SNAPSHOT.jar:?]
	at org.apache.hadoop.ozone.om.OmMetadataReader.getFileStatus(OmMetadataReader.java:288) ~[ozone-manager-1.4.0-SNAPSHOT.jar:?]
	at org.apache.hadoop.ozone.om.OzoneManager.getFileStatus(OzoneManager.java:3450) ~[ozone-manager-1.4.0-SNAPSHOT.jar:?]
	at org.apache.hadoop.ozone.protocolPB.OzoneManagerRequestHandler.getOzoneFileStatus(OzoneManagerRequestHandler.java:933) ~[ozone-manager-1.4.0-SNAPSHOT.jar:?]
	at org.apache.hadoop.ozone.protocolPB.OzoneManagerRequestHandler.handleReadRequest(OzoneManagerRequestHandler.java:238) ~[ozone-manager-1.4.0-SNAPSHOT.jar:?]
	at org.apache.hadoop.ozone.protocolPB.OzoneManagerProtocolServerSideTranslatorPB.submitRequestDirectlyToOM(OzoneManagerProtocolServerSideTranslatorPB.java:271) ~[ozone-manager-1.4.0-SNAPSHOT.jar:?]
	at org.apache.hadoop.ozone.protocolPB.OzoneManagerProtocolServerSideTranslatorPB.processRequest(OzoneManagerProtocolServerSideTranslatorPB.java:173) ~[ozone-manager-1.4.0-SNAPSHOT.jar:?]
	at org.apache.hadoop.hdds.server.OzoneProtocolMessageDispatcher.processRequest(OzoneProtocolMessageDispatcher.java:87) [hdds-server-framework-1.4.0-SNAPSHOT.jar:?]
	at org.apache.hadoop.ozone.protocolPB.OzoneManagerProtocolServerSideTranslatorPB.submitRequest(OzoneManagerProtocolServerSideTranslatorPB.java:147) [ozone-manager-1.4.0-SNAPSHOT.jar:?]
	at org.apache.hadoop.ozone.protocol.proto.OzoneManagerProtocolProtos$OzoneManagerService$2.callBlockingMethod(OzoneManagerProtocolProtos.java) [ozone-interface-client-1.4.0-SNAPSHOT.jar:?]
	at org.apache.hadoop.ipc.ProtobufRpcEngine$Server.processCall(ProtobufRpcEngine.java:465) [hadoop-common-3.3.4.jar:?]
	at org.apache.hadoop.ipc.ProtobufRpcEngine2$Server$ProtoBufRpcInvoker.call(ProtobufRpcEngine2.java:578) [hadoop-common-3.3.4.jar:?]
	at org.apache.hadoop.ipc.ProtobufRpcEngine2$Server$ProtoBufRpcInvoker.call(ProtobufRpcEngine2.java:556) [hadoop-common-3.3.4.jar:?]
	at org.apache.hadoop.ipc.RPC$Server.call(RPC.java:1093) [hadoop-common-3.3.4.jar:?]
	at org.apache.hadoop.ipc.Server$RpcCall.run(Server.java:1043) [hadoop-common-3.3.4.jar:?]
	at org.apache.hadoop.ipc.Server$RpcCall.run(Server.java:971) [hadoop-common-3.3.4.jar:?]
	at java.security.AccessController.doPrivileged(Native Method) ~[?:1.8.0_362]
	at javax.security.auth.Subject.doAs(Subject.java:422) [?:1.8.0_362]
	at org.apache.hadoop.security.UserGroupInformation.doAs(UserGroupInformation.java:1878) [hadoop-common-3.3.4.jar:?]
	at org.apache.hadoop.ipc.Server$Handler.run(Server.java:2976) [hadoop-common-3.3.4.jar:?]
13:39:26.488 [IPC Server handler 9 on default port 40229] ERROR OMAudit - user=runner | ip=127.0.0.1 | op=GET_FILE_STATUS {volume=volume46490, bucket=bucket73093, key=gdir1/dir3/child, dataSize=0, replicationConfig=null} | ret=FAILURE
org.apache.hadoop.ozone.om.exceptions.OMException: Unable to get file status: volume: volume46490 bucket: bucket73093 key: gdir1/dir3/child
	at org.apache.hadoop.ozone.om.KeyManagerImpl.getOzoneFileStatus(KeyManagerImpl.java:1162) ~[ozone-manager-1.4.0-SNAPSHOT.jar:?]
	at org.apache.hadoop.ozone.om.KeyManagerImpl.getFileStatus(KeyManagerImpl.java:1080) ~[ozone-manager-1.4.0-SNAPSHOT.jar:?]
	at org.apache.hadoop.ozone.om.OmMetadataReader.getFileStatus(OmMetadataReader.java:288) ~[ozone-manager-1.4.0-SNAPSHOT.jar:?]
	at org.apache.hadoop.ozone.om.OzoneManager.getFileStatus(OzoneManager.java:3450) ~[ozone-manager-1.4.0-SNAPSHOT.jar:?]
	at org.apache.hadoop.ozone.protocolPB.OzoneManagerRequestHandler.getOzoneFileStatus(OzoneManagerRequestHandler.java:933) ~[ozone-manager-1.4.0-SNAPSHOT.jar:?]
	at org.apache.hadoop.ozone.protocolPB.OzoneManagerRequestHandler.handleReadRequest(OzoneManagerRequestHandler.java:238) ~[ozone-manager-1.4.0-SNAPSHOT.jar:?]
	at org.apache.hadoop.ozone.protocolPB.OzoneManagerProtocolServerSideTranslatorPB.submitRequestDirectlyToOM(OzoneManagerProtocolServerSideTranslatorPB.java:271) ~[ozone-manager-1.4.0-SNAPSHOT.jar:?]
	at org.apache.hadoop.ozone.protocolPB.OzoneManagerProtocolServerSideTranslatorPB.processRequest(OzoneManagerProtocolServerSideTranslatorPB.java:173) ~[ozone-manager-1.4.0-SNAPSHOT.jar:?]
	at org.apache.hadoop.hdds.server.OzoneProtocolMessageDispatcher.processRequest(OzoneProtocolMessageDispatcher.java:87) [hdds-server-framework-1.4.0-SNAPSHOT.jar:?]
	at org.apache.hadoop.ozone.protocolPB.OzoneManagerProtocolServerSideTranslatorPB.submitRequest(OzoneManagerProtocolServerSideTranslatorPB.java:147) [ozone-manager-1.4.0-SNAPSHOT.jar:?]
	at org.apache.hadoop.ozone.protocol.proto.OzoneManagerProtocolProtos$OzoneManagerService$2.callBlockingMethod(OzoneManagerProtocolProtos.java) [ozone-interface-client-1.4.0-SNAPSHOT.jar:?]
	at org.apache.hadoop.ipc.ProtobufRpcEngine$Server.processCall(ProtobufRpcEngine.java:465) [hadoop-common-3.3.4.jar:?]
	at org.apache.hadoop.ipc.ProtobufRpcEngine2$Server$ProtoBufRpcInvoker.call(ProtobufRpcEngine2.java:578) [hadoop-common-3.3.4.jar:?]
	at org.apache.hadoop.ipc.ProtobufRpcEngine2$Server$ProtoBufRpcInvoker.call(ProtobufRpcEngine2.java:556) [hadoop-common-3.3.4.jar:?]
	at org.apache.hadoop.ipc.RPC$Server.call(RPC.java:1093) [hadoop-common-3.3.4.jar:?]
	at org.apache.hadoop.ipc.Server$RpcCall.run(Server.java:1043) [hadoop-common-3.3.4.jar:?]
	at org.apache.hadoop.ipc.Server$RpcCall.run(Server.java:971) [hadoop-common-3.3.4.jar:?]
	at java.security.AccessController.doPrivileged(Native Method) ~[?:1.8.0_362]
	at javax.security.auth.Subject.doAs(Subject.java:422) [?:1.8.0_362]
	at org.apache.hadoop.security.UserGroupInformation.doAs(UserGroupInformation.java:1878) [hadoop-common-3.3.4.jar:?]
	at org.apache.hadoop.ipc.Server$Handler.run(Server.java:2976) [hadoop-common-3.3.4.jar:?]
13:39:26.488 [IPC Server handler 6 on default port 40229] ERROR OMAudit - user=runner | ip=127.0.0.1 | op=GET_FILE_STATUS {volume=volume46490, bucket=bucket73093, key=gdir1/dir4, dataSize=0, replicationConfig=null} | ret=FAILURE
org.apache.hadoop.ozone.om.exceptions.OMException: Unable to get file status: volume: volume46490 bucket: bucket73093 key: gdir1/dir4
	at org.apache.hadoop.ozone.om.KeyManagerImpl.getOzoneFileStatus(KeyManagerImpl.java:1162) ~[ozone-manager-1.4.0-SNAPSHOT.jar:?]
	at org.apache.hadoop.ozone.om.KeyManagerImpl.getFileStatus(KeyManagerImpl.java:1080) ~[ozone-manager-1.4.0-SNAPSHOT.jar:?]
	at org.apache.hadoop.ozone.om.OmMetadataReader.getFileStatus(OmMetadataReader.java:288) ~[ozone-manager-1.4.0-SNAPSHOT.jar:?]
	at org.apache.hadoop.ozone.om.OzoneManager.getFileStatus(OzoneManager.java:3450) ~[ozone-manager-1.4.0-SNAPSHOT.jar:?]
	at org.apache.hadoop.ozone.protocolPB.OzoneManagerRequestHandler.getOzoneFileStatus(OzoneManagerRequestHandler.java:933) ~[ozone-manager-1.4.0-SNAPSHOT.jar:?]
	at org.apache.hadoop.ozone.protocolPB.OzoneManagerRequestHandler.handleReadRequest(OzoneManagerRequestHandler.java:238) ~[ozone-manager-1.4.0-SNAPSHOT.jar:?]
	at org.apache.hadoop.ozone.protocolPB.OzoneManagerProtocolServerSideTranslatorPB.submitRequestDirectlyToOM(OzoneManagerProtocolServerSideTranslatorPB.java:271) ~[ozone-manager-1.4.0-SNAPSHOT.jar:?]
	at org.apache.hadoop.ozone.protocolPB.OzoneManagerProtocolServerSideTranslatorPB.processRequest(OzoneManagerProtocolServerSideTranslatorPB.java:173) ~[ozone-manager-1.4.0-SNAPSHOT.jar:?]
	at org.apache.hadoop.hdds.server.OzoneProtocolMessageDispatcher.processRequest(OzoneProtocolMessageDispatcher.java:87) [hdds-server-framework-1.4.0-SNAPSHOT.jar:?]
	at org.apache.hadoop.ozone.protocolPB.OzoneManagerProtocolServerSideTranslatorPB.submitRequest(OzoneManagerProtocolServerSideTranslatorPB.java:147) [ozone-manager-1.4.0-SNAPSHOT.jar:?]
	at org.apache.hadoop.ozone.protocol.proto.OzoneManagerProtocolProtos$OzoneManagerService$2.callBlockingMethod(OzoneManagerProtocolProtos.java) [ozone-interface-client-1.4.0-SNAPSHOT.jar:?]
	at org.apache.hadoop.ipc.ProtobufRpcEngine$Server.processCall(ProtobufRpcEngine.java:465) [hadoop-common-3.3.4.jar:?]
	at org.apache.hadoop.ipc.ProtobufRpcEngine2$Server$ProtoBufRpcInvoker.call(ProtobufRpcEngine2.java:578) [hadoop-common-3.3.4.jar:?]
	at org.apache.hadoop.ipc.ProtobufRpcEngine2$Server$ProtoBufRpcInvoker.call(ProtobufRpcEngine2.java:556) [hadoop-common-3.3.4.jar:?]
	at org.apache.hadoop.ipc.RPC$Server.call(RPC.java:1093) [hadoop-common-3.3.4.jar:?]
	at org.apache.hadoop.ipc.Server$RpcCall.run(Server.java:1043) [hadoop-common-3.3.4.jar:?]
	at org.apache.hadoop.ipc.Server$RpcCall.run(Server.java:971) [hadoop-common-3.3.4.jar:?]
	at java.security.AccessController.doPrivileged(Native Method) ~[?:1.8.0_362]
	at javax.security.auth.Subject.doAs(Subject.java:422) [?:1.8.0_362]
	at org.apache.hadoop.security.UserGroupInformation.doAs(UserGroupInformation.java:1878) [hadoop-common-3.3.4.jar:?]
	at org.apache.hadoop.ipc.Server$Handler.run(Server.java:2976) [hadoop-common-3.3.4.jar:?]
13:39:26.489 [IPC Server handler 8 on default port 40229] ERROR OMAudit - user=runner | ip=127.0.0.1 | op=GET_FILE_STATUS {volume=volume46490, bucket=bucket73093, key=gdir1/dir4/child, dataSize=0, replicationConfig=null} | ret=FAILURE
org.apache.hadoop.ozone.om.exceptions.OMException: Unable to get file status: volume: volume46490 bucket: bucket73093 key: gdir1/dir4/child
	at org.apache.hadoop.ozone.om.KeyManagerImpl.getOzoneFileStatus(KeyManagerImpl.java:1162) ~[ozone-manager-1.4.0-SNAPSHOT.jar:?]
	at org.apache.hadoop.ozone.om.KeyManagerImpl.getFileStatus(KeyManagerImpl.java:1080) ~[ozone-manager-1.4.0-SNAPSHOT.jar:?]
	at org.apache.hadoop.ozone.om.OmMetadataReader.getFileStatus(OmMetadataReader.java:288) ~[ozone-manager-1.4.0-SNAPSHOT.jar:?]
	at org.apache.hadoop.ozone.om.OzoneManager.getFileStatus(OzoneManager.java:3450) ~[ozone-manager-1.4.0-SNAPSHOT.jar:?]
	at org.apache.hadoop.ozone.protocolPB.OzoneManagerRequestHandler.getOzoneFileStatus(OzoneManagerRequestHandler.java:933) ~[ozone-manager-1.4.0-SNAPSHOT.jar:?]
	at org.apache.hadoop.ozone.protocolPB.OzoneManagerRequestHandler.handleReadRequest(OzoneManagerRequestHandler.java:238) ~[ozone-manager-1.4.0-SNAPSHOT.jar:?]
	at org.apache.hadoop.ozone.protocolPB.OzoneManagerProtocolServerSideTranslatorPB.submitRequestDirectlyToOM(OzoneManagerProtocolServerSideTranslatorPB.java:271) ~[ozone-manager-1.4.0-SNAPSHOT.jar:?]
	at org.apache.hadoop.ozone.protocolPB.OzoneManagerProtocolServerSideTranslatorPB.processRequest(OzoneManagerProtocolServerSideTranslatorPB.java:173) ~[ozone-manager-1.4.0-SNAPSHOT.jar:?]
	at org.apache.hadoop.hdds.server.OzoneProtocolMessageDispatcher.processRequest(OzoneProtocolMessageDispatcher.java:87) [hdds-server-framework-1.4.0-SNAPSHOT.jar:?]
	at org.apache.hadoop.ozone.protocolPB.OzoneManagerProtocolServerSideTranslatorPB.submitRequest(OzoneManagerProtocolServerSideTranslatorPB.java:147) [ozone-manager-1.4.0-SNAPSHOT.jar:?]
	at org.apache.hadoop.ozone.protocol.proto.OzoneManagerProtocolProtos$OzoneManagerService$2.callBlockingMethod(OzoneManagerProtocolProtos.java) [ozone-interface-client-1.4.0-SNAPSHOT.jar:?]
	at org.apache.hadoop.ipc.ProtobufRpcEngine$Server.processCall(ProtobufRpcEngine.java:465) [hadoop-common-3.3.4.jar:?]
	at org.apache.hadoop.ipc.ProtobufRpcEngine2$Server$ProtoBufRpcInvoker.call(ProtobufRpcEngine2.java:578) [hadoop-common-3.3.4.jar:?]
	at org.apache.hadoop.ipc.ProtobufRpcEngine2$Server$ProtoBufRpcInvoker.call(ProtobufRpcEngine2.java:556) [hadoop-common-3.3.4.jar:?]
	at org.apache.hadoop.ipc.RPC$Server.call(RPC.java:1093) [hadoop-common-3.3.4.jar:?]
	at org.apache.hadoop.ipc.Server$RpcCall.run(Server.java:1043) [hadoop-common-3.3.4.jar:?]
	at org.apache.hadoop.ipc.Server$RpcCall.run(Server.java:971) [hadoop-common-3.3.4.jar:?]
	at java.security.AccessController.doPrivileged(Native Method) ~[?:1.8.0_362]
	at javax.security.auth.Subject.doAs(Subject.java:422) [?:1.8.0_362]
	at org.apache.hadoop.security.UserGroupInformation.doAs(UserGroupInformation.java:1878) [hadoop-common-3.3.4.jar:?]
	at org.apache.hadoop.ipc.Server$Handler.run(Server.java:2976) [hadoop-common-3.3.4.jar:?]
13:39:26.490 [IPC Server handler 7 on default port 40229] ERROR OMAudit - user=runner | ip=127.0.0.1 | op=GET_FILE_STATUS {volume=volume46490, bucket=bucket73093, key=gdir1/dir5, dataSize=0, replicationConfig=null} | ret=FAILURE
org.apache.hadoop.ozone.om.exceptions.OMException: Unable to get file status: volume: volume46490 bucket: bucket73093 key: gdir1/dir5
	at org.apache.hadoop.ozone.om.KeyManagerImpl.getOzoneFileStatus(KeyManagerImpl.java:1162) ~[ozone-manager-1.4.0-SNAPSHOT.jar:?]
	at org.apache.hadoop.ozone.om.KeyManagerImpl.getFileStatus(KeyManagerImpl.java:1080) ~[ozone-manager-1.4.0-SNAPSHOT.jar:?]
	at org.apache.hadoop.ozone.om.OmMetadataReader.getFileStatus(OmMetadataReader.java:288) ~[ozone-manager-1.4.0-SNAPSHOT.jar:?]
	at org.apache.hadoop.ozone.om.OzoneManager.getFileStatus(OzoneManager.java:3450) ~[ozone-manager-1.4.0-SNAPSHOT.jar:?]
	at org.apache.hadoop.ozone.protocolPB.OzoneManagerRequestHandler.getOzoneFileStatus(OzoneManagerRequestHandler.java:933) ~[ozone-manager-1.4.0-SNAPSHOT.jar:?]
	at org.apache.hadoop.ozone.protocolPB.OzoneManagerRequestHandler.handleReadRequest(OzoneManagerRequestHandler.java:238) ~[ozone-manager-1.4.0-SNAPSHOT.jar:?]
	at org.apache.hadoop.ozone.protocolPB.OzoneManagerProtocolServerSideTranslatorPB.submitRequestDirectlyToOM(OzoneManagerProtocolServerSideTranslatorPB.java:271) ~[ozone-manager-1.4.0-SNAPSHOT.jar:?]
	at org.apache.hadoop.ozone.protocolPB.OzoneManagerProtocolServerSideTranslatorPB.processRequest(OzoneManagerProtocolServerSideTranslatorPB.java:173) ~[ozone-manager-1.4.0-SNAPSHOT.jar:?]
	at org.apache.hadoop.hdds.server.OzoneProtocolMessageDispatcher.processRequest(OzoneProtocolMessageDispatcher.java:87) [hdds-server-framework-1.4.0-SNAPSHOT.jar:?]
	at org.apache.hadoop.ozone.protocolPB.OzoneManagerProtocolServerSideTranslatorPB.submitRequest(OzoneManagerProtocolServerSideTranslatorPB.java:147) [ozone-manager-1.4.0-SNAPSHOT.jar:?]
	at org.apache.hadoop.ozone.protocol.proto.OzoneManagerProtocolProtos$OzoneManagerService$2.callBlockingMethod(OzoneManagerProtocolProtos.java) [ozone-interface-client-1.4.0-SNAPSHOT.jar:?]
	at org.apache.hadoop.ipc.ProtobufRpcEngine$Server.processCall(ProtobufRpcEngine.java:465) [hadoop-common-3.3.4.jar:?]
	at org.apache.hadoop.ipc.ProtobufRpcEngine2$Server$ProtoBufRpcInvoker.call(ProtobufRpcEngine2.java:578) [hadoop-common-3.3.4.jar:?]
	at org.apache.hadoop.ipc.ProtobufRpcEngine2$Server$ProtoBufRpcInvoker.call(ProtobufRpcEngine2.java:556) [hadoop-common-3.3.4.jar:?]
	at org.apache.hadoop.ipc.RPC$Server.call(RPC.java:1093) [hadoop-common-3.3.4.jar:?]
	at org.apache.hadoop.ipc.Server$RpcCall.run(Server.java:1043) [hadoop-common-3.3.4.jar:?]
	at org.apache.hadoop.ipc.Server$RpcCall.run(Server.java:971) [hadoop-common-3.3.4.jar:?]
	at java.security.AccessController.doPrivileged(Native Method) ~[?:1.8.0_362]
	at javax.security.auth.Subject.doAs(Subject.java:422) [?:1.8.0_362]
	at org.apache.hadoop.security.UserGroupInformation.doAs(UserGroupInformation.java:1878) [hadoop-common-3.3.4.jar:?]
	at org.apache.hadoop.ipc.Server$Handler.run(Server.java:2976) [hadoop-common-3.3.4.jar:?]
13:39:26.491 [IPC Server handler 10 on default port 40229] ERROR OMAudit - user=runner | ip=127.0.0.1 | op=GET_FILE_STATUS {volume=volume46490, bucket=bucket73093, key=gdir1/dir5/child, dataSize=0, replicationConfig=null} | ret=FAILURE
org.apache.hadoop.ozone.om.exceptions.OMException: Unable to get file status: volume: volume46490 bucket: bucket73093 key: gdir1/dir5/child
	at org.apache.hadoop.ozone.om.KeyManagerImpl.getOzoneFileStatus(KeyManagerImpl.java:1162) ~[ozone-manager-1.4.0-SNAPSHOT.jar:?]
	at org.apache.hadoop.ozone.om.KeyManagerImpl.getFileStatus(KeyManagerImpl.java:1080) ~[ozone-manager-1.4.0-SNAPSHOT.jar:?]
	at org.apache.hadoop.ozone.om.OmMetadataReader.getFileStatus(OmMetadataReader.java:288) ~[ozone-manager-1.4.0-SNAPSHOT.jar:?]
	at org.apache.hadoop.ozone.om.OzoneManager.getFileStatus(OzoneManager.java:3450) ~[ozone-manager-1.4.0-SNAPSHOT.jar:?]
	at org.apache.hadoop.ozone.protocolPB.OzoneManagerRequestHandler.getOzoneFileStatus(OzoneManagerRequestHandler.java:933) ~[ozone-manager-1.4.0-SNAPSHOT.jar:?]
	at org.apache.hadoop.ozone.protocolPB.OzoneManagerRequestHandler.handleReadRequest(OzoneManagerRequestHandler.java:238) ~[ozone-manager-1.4.0-SNAPSHOT.jar:?]
	at org.apache.hadoop.ozone.protocolPB.OzoneManagerProtocolServerSideTranslatorPB.submitRequestDirectlyToOM(OzoneManagerProtocolServerSideTranslatorPB.java:271) ~[ozone-manager-1.4.0-SNAPSHOT.jar:?]
	at org.apache.hadoop.ozone.protocolPB.OzoneManagerProtocolServerSideTranslatorPB.processRequest(OzoneManagerProtocolServerSideTranslatorPB.java:173) ~[ozone-manager-1.4.0-SNAPSHOT.jar:?]
	at org.apache.hadoop.hdds.server.OzoneProtocolMessageDispatcher.processRequest(OzoneProtocolMessageDispatcher.java:87) [hdds-server-framework-1.4.0-SNAPSHOT.jar:?]
	at org.apache.hadoop.ozone.protocolPB.OzoneManagerProtocolServerSideTranslatorPB.submitRequest(OzoneManagerProtocolServerSideTranslatorPB.java:147) [ozone-manager-1.4.0-SNAPSHOT.jar:?]
	at org.apache.hadoop.ozone.protocol.proto.OzoneManagerProtocolProtos$OzoneManagerService$2.callBlockingMethod(OzoneManagerProtocolProtos.java) [ozone-interface-client-1.4.0-SNAPSHOT.jar:?]
	at org.apache.hadoop.ipc.ProtobufRpcEngine$Server.processCall(ProtobufRpcEngine.java:465) [hadoop-common-3.3.4.jar:?]
	at org.apache.hadoop.ipc.ProtobufRpcEngine2$Server$ProtoBufRpcInvoker.call(ProtobufRpcEngine2.java:578) [hadoop-common-3.3.4.jar:?]
	at org.apache.hadoop.ipc.ProtobufRpcEngine2$Server$ProtoBufRpcInvoker.call(ProtobufRpcEngine2.java:556) [hadoop-common-3.3.4.jar:?]
	at org.apache.hadoop.ipc.RPC$Server.call(RPC.java:1093) [hadoop-common-3.3.4.jar:?]
	at org.apache.hadoop.ipc.Server$RpcCall.run(Server.java:1043) [hadoop-common-3.3.4.jar:?]
	at org.apache.hadoop.ipc.Server$RpcCall.run(Server.java:971) [hadoop-common-3.3.4.jar:?]
	at java.security.AccessController.doPrivileged(Native Method) ~[?:1.8.0_362]
	at javax.security.auth.Subject.doAs(Subject.java:422) [?:1.8.0_362]
	at org.apache.hadoop.security.UserGroupInformation.doAs(UserGroupInformation.java:1878) [hadoop-common-3.3.4.jar:?]
	at org.apache.hadoop.ipc.Server$Handler.run(Server.java:2976) [hadoop-common-3.3.4.jar:?]
13:39:26.492 [IPC Server handler 11 on default port 40229] ERROR OMAudit - user=runner | ip=127.0.0.1 | op=GET_FILE_STATUS {volume=volume46490, bucket=bucket73093, key=gdir1/dir6, dataSize=0, replicationConfig=null} | ret=FAILURE
org.apache.hadoop.ozone.om.exceptions.OMException: Unable to get file status: volume: volume46490 bucket: bucket73093 key: gdir1/dir6
	at org.apache.hadoop.ozone.om.KeyManagerImpl.getOzoneFileStatus(KeyManagerImpl.java:1162) ~[ozone-manager-1.4.0-SNAPSHOT.jar:?]
	at org.apache.hadoop.ozone.om.KeyManagerImpl.getFileStatus(KeyManagerImpl.java:1080) ~[ozone-manager-1.4.0-SNAPSHOT.jar:?]
	at org.apache.hadoop.ozone.om.OmMetadataReader.getFileStatus(OmMetadataReader.java:288) ~[ozone-manager-1.4.0-SNAPSHOT.jar:?]
	at org.apache.hadoop.ozone.om.OzoneManager.getFileStatus(OzoneManager.java:3450) ~[ozone-manager-1.4.0-SNAPSHOT.jar:?]
	at org.apache.hadoop.ozone.protocolPB.OzoneManagerRequestHandler.getOzoneFileStatus(OzoneManagerRequestHandler.java:933) ~[ozone-manager-1.4.0-SNAPSHOT.jar:?]
	at org.apache.hadoop.ozone.protocolPB.OzoneManagerRequestHandler.handleReadRequest(OzoneManagerRequestHandler.java:238) ~[ozone-manager-1.4.0-SNAPSHOT.jar:?]
	at org.apache.hadoop.ozone.protocolPB.OzoneManagerProtocolServerSideTranslatorPB.submitRequestDirectlyToOM(OzoneManagerProtocolServerSideTranslatorPB.java:271) ~[ozone-manager-1.4.0-SNAPSHOT.jar:?]
	at org.apache.hadoop.ozone.protocolPB.OzoneManagerProtocolServerSideTranslatorPB.processRequest(OzoneManagerProtocolServerSideTranslatorPB.java:173) ~[ozone-manager-1.4.0-SNAPSHOT.jar:?]
	at org.apache.hadoop.hdds.server.OzoneProtocolMessageDispatcher.processRequest(OzoneProtocolMessageDispatcher.java:87) [hdds-server-framework-1.4.0-SNAPSHOT.jar:?]
	at org.apache.hadoop.ozone.protocolPB.OzoneManagerProtocolServerSideTranslatorPB.submitRequest(OzoneManagerProtocolServerSideTranslatorPB.java:147) [ozone-manager-1.4.0-SNAPSHOT.jar:?]
	at org.apache.hadoop.ozone.protocol.proto.OzoneManagerProtocolProtos$OzoneManagerService$2.callBlockingMethod(OzoneManagerProtocolProtos.java) [ozone-interface-client-1.4.0-SNAPSHOT.jar:?]
	at org.apache.hadoop.ipc.ProtobufRpcEngine$Server.processCall(ProtobufRpcEngine.java:465) [hadoop-common-3.3.4.jar:?]
	at org.apache.hadoop.ipc.ProtobufRpcEngine2$Server$ProtoBufRpcInvoker.call(ProtobufRpcEngine2.java:578) [hadoop-common-3.3.4.jar:?]
	at org.apache.hadoop.ipc.ProtobufRpcEngine2$Server$ProtoBufRpcInvoker.call(ProtobufRpcEngine2.java:556) [hadoop-common-3.3.4.jar:?]
	at org.apache.hadoop.ipc.RPC$Server.call(RPC.java:1093) [hadoop-common-3.3.4.jar:?]
	at org.apache.hadoop.ipc.Server$RpcCall.run(Server.java:1043) [hadoop-common-3.3.4.jar:?]
	at org.apache.hadoop.ipc.Server$RpcCall.run(Server.java:971) [hadoop-common-3.3.4.jar:?]
	at java.security.AccessController.doPrivileged(Native Method) ~[?:1.8.0_362]
	at javax.security.auth.Subject.doAs(Subject.java:422) [?:1.8.0_362]
	at org.apache.hadoop.security.UserGroupInformation.doAs(UserGroupInformation.java:1878) [hadoop-common-3.3.4.jar:?]
	at org.apache.hadoop.ipc.Server$Handler.run(Server.java:2976) [hadoop-common-3.3.4.jar:?]
13:39:26.493 [IPC Server handler 4 on default port 40229] ERROR OMAudit - user=runner | ip=127.0.0.1 | op=GET_FILE_STATUS {volume=volume46490, bucket=bucket73093, key=gdir1/dir6/child, dataSize=0, replicationConfig=null} | ret=FAILURE
org.apache.hadoop.ozone.om.exceptions.OMException: Unable to get file status: volume: volume46490 bucket: bucket73093 key: gdir1/dir6/child
	at org.apache.hadoop.ozone.om.KeyManagerImpl.getOzoneFileStatus(KeyManagerImpl.java:1162) ~[ozone-manager-1.4.0-SNAPSHOT.jar:?]
	at org.apache.hadoop.ozone.om.KeyManagerImpl.getFileStatus(KeyManagerImpl.java:1080) ~[ozone-manager-1.4.0-SNAPSHOT.jar:?]
	at org.apache.hadoop.ozone.om.OmMetadataReader.getFileStatus(OmMetadataReader.java:288) ~[ozone-manager-1.4.0-SNAPSHOT.jar:?]
	at org.apache.hadoop.ozone.om.OzoneManager.getFileStatus(OzoneManager.java:3450) ~[ozone-manager-1.4.0-SNAPSHOT.jar:?]
	at org.apache.hadoop.ozone.protocolPB.OzoneManagerRequestHandler.getOzoneFileStatus(OzoneManagerRequestHandler.java:933) ~[ozone-manager-1.4.0-SNAPSHOT.jar:?]
	at org.apache.hadoop.ozone.protocolPB.OzoneManagerRequestHandler.handleReadRequest(OzoneManagerRequestHandler.java:238) ~[ozone-manager-1.4.0-SNAPSHOT.jar:?]
	at org.apache.hadoop.ozone.protocolPB.OzoneManagerProtocolServerSideTranslatorPB.submitRequestDirectlyToOM(OzoneManagerProtocolServerSideTranslatorPB.java:271) ~[ozone-manager-1.4.0-SNAPSHOT.jar:?]
	at org.apache.hadoop.ozone.protocolPB.OzoneManagerProtocolServerSideTranslatorPB.processRequest(OzoneManagerProtocolServerSideTranslatorPB.java:173) ~[ozone-manager-1.4.0-SNAPSHOT.jar:?]
	at org.apache.hadoop.hdds.server.OzoneProtocolMessageDispatcher.processRequest(OzoneProtocolMessageDispatcher.java:87) [hdds-server-framework-1.4.0-SNAPSHOT.jar:?]
	at org.apache.hadoop.ozone.protocolPB.OzoneManagerProtocolServerSideTranslatorPB.submitRequest(OzoneManagerProtocolServerSideTranslatorPB.java:147) [ozone-manager-1.4.0-SNAPSHOT.jar:?]
	at org.apache.hadoop.ozone.protocol.proto.OzoneManagerProtocolProtos$OzoneManagerService$2.callBlockingMethod(OzoneManagerProtocolProtos.java) [ozone-interface-client-1.4.0-SNAPSHOT.jar:?]
	at org.apache.hadoop.ipc.ProtobufRpcEngine$Server.processCall(ProtobufRpcEngine.java:465) [hadoop-common-3.3.4.jar:?]
	at org.apache.hadoop.ipc.ProtobufRpcEngine2$Server$ProtoBufRpcInvoker.call(ProtobufRpcEngine2.java:578) [hadoop-common-3.3.4.jar:?]
	at org.apache.hadoop.ipc.ProtobufRpcEngine2$Server$ProtoBufRpcInvoker.call(ProtobufRpcEngine2.java:556) [hadoop-common-3.3.4.jar:?]
	at org.apache.hadoop.ipc.RPC$Server.call(RPC.java:1093) [hadoop-common-3.3.4.jar:?]
	at org.apache.hadoop.ipc.Server$RpcCall.run(Server.java:1043) [hadoop-common-3.3.4.jar:?]
	at org.apache.hadoop.ipc.Server$RpcCall.run(Server.java:971) [hadoop-common-3.3.4.jar:?]
	at java.security.AccessController.doPrivileged(Native Method) ~[?:1.8.0_362]
	at javax.security.auth.Subject.doAs(Subject.java:422) [?:1.8.0_362]
	at org.apache.hadoop.security.UserGroupInformation.doAs(UserGroupInformation.java:1878) [hadoop-common-3.3.4.jar:?]
	at org.apache.hadoop.ipc.Server$Handler.run(Server.java:2976) [hadoop-common-3.3.4.jar:?]
13:39:26.494 [IPC Server handler 5 on default port 40229] ERROR OMAudit - user=runner | ip=127.0.0.1 | op=GET_FILE_STATUS {volume=volume46490, bucket=bucket73093, key=gdir1/dir7, dataSize=0, replicationConfig=null} | ret=FAILURE
org.apache.hadoop.ozone.om.exceptions.OMException: Unable to get file status: volume: volume46490 bucket: bucket73093 key: gdir1/dir7
	at org.apache.hadoop.ozone.om.KeyManagerImpl.getOzoneFileStatus(KeyManagerImpl.java:1162) ~[ozone-manager-1.4.0-SNAPSHOT.jar:?]
	at org.apache.hadoop.ozone.om.KeyManagerImpl.getFileStatus(KeyManagerImpl.java:1080) ~[ozone-manager-1.4.0-SNAPSHOT.jar:?]
	at org.apache.hadoop.ozone.om.OmMetadataReader.getFileStatus(OmMetadataReader.java:288) ~[ozone-manager-1.4.0-SNAPSHOT.jar:?]
	at org.apache.hadoop.ozone.om.OzoneManager.getFileStatus(OzoneManager.java:3450) ~[ozone-manager-1.4.0-SNAPSHOT.jar:?]
	at org.apache.hadoop.ozone.protocolPB.OzoneManagerRequestHandler.getOzoneFileStatus(OzoneManagerRequestHandler.java:933) ~[ozone-manager-1.4.0-SNAPSHOT.jar:?]
	at org.apache.hadoop.ozone.protocolPB.OzoneManagerRequestHandler.handleReadRequest(OzoneManagerRequestHandler.java:238) ~[ozone-manager-1.4.0-SNAPSHOT.jar:?]
	at org.apache.hadoop.ozone.protocolPB.OzoneManagerProtocolServerSideTranslatorPB.submitRequestDirectlyToOM(OzoneManagerProtocolServerSideTranslatorPB.java:271) ~[ozone-manager-1.4.0-SNAPSHOT.jar:?]
	at org.apache.hadoop.ozone.protocolPB.OzoneManagerProtocolServerSideTranslatorPB.processRequest(OzoneManagerProtocolServerSideTranslatorPB.java:173) ~[ozone-manager-1.4.0-SNAPSHOT.jar:?]
	at org.apache.hadoop.hdds.server.OzoneProtocolMessageDispatcher.processRequest(OzoneProtocolMessageDispatcher.java:87) [hdds-server-framework-1.4.0-SNAPSHOT.jar:?]
	at org.apache.hadoop.ozone.protocolPB.OzoneManagerProtocolServerSideTranslatorPB.submitRequest(OzoneManagerProtocolServerSideTranslatorPB.java:147) [ozone-manager-1.4.0-SNAPSHOT.jar:?]
	at org.apache.hadoop.ozone.protocol.proto.OzoneManagerProtocolProtos$OzoneManagerService$2.callBlockingMethod(OzoneManagerProtocolProtos.java) [ozone-interface-client-1.4.0-SNAPSHOT.jar:?]
	at org.apache.hadoop.ipc.ProtobufRpcEngine$Server.processCall(ProtobufRpcEngine.java:465) [hadoop-common-3.3.4.jar:?]
	at org.apache.hadoop.ipc.ProtobufRpcEngine2$Server$ProtoBufRpcInvoker.call(ProtobufRpcEngine2.java:578) [hadoop-common-3.3.4.jar:?]
	at org.apache.hadoop.ipc.ProtobufRpcEngine2$Server$ProtoBufRpcInvoker.call(ProtobufRpcEngine2.java:556) [hadoop-common-3.3.4.jar:?]
	at org.apache.hadoop.ipc.RPC$Server.call(RPC.java:1093) [hadoop-common-3.3.4.jar:?]
	at org.apache.hadoop.ipc.Server$RpcCall.run(Server.java:1043) [hadoop-common-3.3.4.jar:?]
	at org.apache.hadoop.ipc.Server$RpcCall.run(Server.java:971) [hadoop-common-3.3.4.jar:?]
	at java.security.AccessController.doPrivileged(Native Method) ~[?:1.8.0_362]
	at javax.security.auth.Subject.doAs(Subject.java:422) [?:1.8.0_362]
	at org.apache.hadoop.security.UserGroupInformation.doAs(UserGroupInformation.java:1878) [hadoop-common-3.3.4.jar:?]
	at org.apache.hadoop.ipc.Server$Handler.run(Server.java:2976) [hadoop-common-3.3.4.jar:?]
13:39:26.496 [IPC Server handler 12 on default port 40229] ERROR OMAudit - user=runner | ip=127.0.0.1 | op=GET_FILE_STATUS {volume=volume46490, bucket=bucket73093, key=gdir1/dir7/child, dataSize=0, replicationConfig=null} | ret=FAILURE
org.apache.hadoop.ozone.om.exceptions.OMException: Unable to get file status: volume: volume46490 bucket: bucket73093 key: gdir1/dir7/child
	at org.apache.hadoop.ozone.om.KeyManagerImpl.getOzoneFileStatus(KeyManagerImpl.java:1162) ~[ozone-manager-1.4.0-SNAPSHOT.jar:?]
	at org.apache.hadoop.ozone.om.KeyManagerImpl.getFileStatus(KeyManagerImpl.java:1080) ~[ozone-manager-1.4.0-SNAPSHOT.jar:?]
	at org.apache.hadoop.ozone.om.OmMetadataReader.getFileStatus(OmMetadataReader.java:288) ~[ozone-manager-1.4.0-SNAPSHOT.jar:?]
	at org.apache.hadoop.ozone.om.OzoneManager.getFileStatus(OzoneManager.java:3450) ~[ozone-manager-1.4.0-SNAPSHOT.jar:?]
	at org.apache.hadoop.ozone.protocolPB.OzoneManagerRequestHandler.getOzoneFileStatus(OzoneManagerRequestHandler.java:933) ~[ozone-manager-1.4.0-SNAPSHOT.jar:?]
	at org.apache.hadoop.ozone.protocolPB.OzoneManagerRequestHandler.handleReadRequest(OzoneManagerRequestHandler.java:238) ~[ozone-manager-1.4.0-SNAPSHOT.jar:?]
	at org.apache.hadoop.ozone.protocolPB.OzoneManagerProtocolServerSideTranslatorPB.submitRequestDirectlyToOM(OzoneManagerProtocolServerSideTranslatorPB.java:271) ~[ozone-manager-1.4.0-SNAPSHOT.jar:?]
	at org.apache.hadoop.ozone.protocolPB.OzoneManagerProtocolServerSideTranslatorPB.processRequest(OzoneManagerProtocolServerSideTranslatorPB.java:173) ~[ozone-manager-1.4.0-SNAPSHOT.jar:?]
	at org.apache.hadoop.hdds.server.OzoneProtocolMessageDispatcher.processRequest(OzoneProtocolMessageDispatcher.java:87) [hdds-server-framework-1.4.0-SNAPSHOT.jar:?]
	at org.apache.hadoop.ozone.protocolPB.OzoneManagerProtocolServerSideTranslatorPB.submitRequest(OzoneManagerProtocolServerSideTranslatorPB.java:147) [ozone-manager-1.4.0-SNAPSHOT.jar:?]
	at org.apache.hadoop.ozone.protocol.proto.OzoneManagerProtocolProtos$OzoneManagerService$2.callBlockingMethod(OzoneManagerProtocolProtos.java) [ozone-interface-client-1.4.0-SNAPSHOT.jar:?]
	at org.apache.hadoop.ipc.ProtobufRpcEngine$Server.processCall(ProtobufRpcEngine.java:465) [hadoop-common-3.3.4.jar:?]
	at org.apache.hadoop.ipc.ProtobufRpcEngine2$Server$ProtoBufRpcInvoker.call(ProtobufRpcEngine2.java:578) [hadoop-common-3.3.4.jar:?]
	at org.apache.hadoop.ipc.ProtobufRpcEngine2$Server$ProtoBufRpcInvoker.call(ProtobufRpcEngine2.java:556) [hadoop-common-3.3.4.jar:?]
	at org.apache.hadoop.ipc.RPC$Server.call(RPC.java:1093) [hadoop-common-3.3.4.jar:?]
	at org.apache.hadoop.ipc.Server$RpcCall.run(Server.java:1043) [hadoop-common-3.3.4.jar:?]
	at org.apache.hadoop.ipc.Server$RpcCall.run(Server.java:971) [hadoop-common-3.3.4.jar:?]
	at java.security.AccessController.doPrivileged(Native Method) ~[?:1.8.0_362]
	at javax.security.auth.Subject.doAs(Subject.java:422) [?:1.8.0_362]
	at org.apache.hadoop.security.UserGroupInformation.doAs(UserGroupInformation.java:1878) [hadoop-common-3.3.4.jar:?]
	at org.apache.hadoop.ipc.Server$Handler.run(Server.java:2976) [hadoop-common-3.3.4.jar:?]
13:39:26.498 [IPC Server handler 15 on default port 40229] ERROR OMAudit - user=runner | ip=127.0.0.1 | op=GET_FILE_STATUS {volume=volume46490, bucket=bucket73093, key=gdir1/dir8, dataSize=0, replicationConfig=null} | ret=FAILURE
org.apache.hadoop.ozone.om.exceptions.OMException: Unable to get file status: volume: volume46490 bucket: bucket73093 key: gdir1/dir8
	at org.apache.hadoop.ozone.om.KeyManagerImpl.getOzoneFileStatus(KeyManagerImpl.java:1162) ~[ozone-manager-1.4.0-SNAPSHOT.jar:?]
	at org.apache.hadoop.ozone.om.KeyManagerImpl.getFileStatus(KeyManagerImpl.java:1080) ~[ozone-manager-1.4.0-SNAPSHOT.jar:?]
	at org.apache.hadoop.ozone.om.OmMetadataReader.getFileStatus(OmMetadataReader.java:288) ~[ozone-manager-1.4.0-SNAPSHOT.jar:?]
	at org.apache.hadoop.ozone.om.OzoneManager.getFileStatus(OzoneManager.java:3450) ~[ozone-manager-1.4.0-SNAPSHOT.jar:?]
	at org.apache.hadoop.ozone.protocolPB.OzoneManagerRequestHandler.getOzoneFileStatus(OzoneManagerRequestHandler.java:933) ~[ozone-manager-1.4.0-SNAPSHOT.jar:?]
	at org.apache.hadoop.ozone.protocolPB.OzoneManagerRequestHandler.handleReadRequest(OzoneManagerRequestHandler.java:238) ~[ozone-manager-1.4.0-SNAPSHOT.jar:?]
	at org.apache.hadoop.ozone.protocolPB.OzoneManagerProtocolServerSideTranslatorPB.submitRequestDirectlyToOM(OzoneManagerProtocolServerSideTranslatorPB.java:271) ~[ozone-manager-1.4.0-SNAPSHOT.jar:?]
	at org.apache.hadoop.ozone.protocolPB.OzoneManagerProtocolServerSideTranslatorPB.processRequest(OzoneManagerProtocolServerSideTranslatorPB.java:173) ~[ozone-manager-1.4.0-SNAPSHOT.jar:?]
	at org.apache.hadoop.hdds.server.OzoneProtocolMessageDispatcher.processRequest(OzoneProtocolMessageDispatcher.java:87) [hdds-server-framework-1.4.0-SNAPSHOT.jar:?]
	at org.apache.hadoop.ozone.protocolPB.OzoneManagerProtocolServerSideTranslatorPB.submitRequest(OzoneManagerProtocolServerSideTranslatorPB.java:147) [ozone-manager-1.4.0-SNAPSHOT.jar:?]
	at org.apache.hadoop.ozone.protocol.proto.OzoneManagerProtocolProtos$OzoneManagerService$2.callBlockingMethod(OzoneManagerProtocolProtos.java) [ozone-interface-client-1.4.0-SNAPSHOT.jar:?]
	at org.apache.hadoop.ipc.ProtobufRpcEngine$Server.processCall(ProtobufRpcEngine.java:465) [hadoop-common-3.3.4.jar:?]
	at org.apache.hadoop.ipc.ProtobufRpcEngine2$Server$ProtoBufRpcInvoker.call(ProtobufRpcEngine2.java:578) [hadoop-common-3.3.4.jar:?]
	at org.apache.hadoop.ipc.ProtobufRpcEngine2$Server$ProtoBufRpcInvoker.call(ProtobufRpcEngine2.java:556) [hadoop-common-3.3.4.jar:?]
	at org.apache.hadoop.ipc.RPC$Server.call(RPC.java:1093) [hadoop-common-3.3.4.jar:?]
	at org.apache.hadoop.ipc.Server$RpcCall.run(Server.java:1043) [hadoop-common-3.3.4.jar:?]
	at org.apache.hadoop.ipc.Server$RpcCall.run(Server.java:971) [hadoop-common-3.3.4.jar:?]
	at java.security.AccessController.doPrivileged(Native Method) ~[?:1.8.0_362]
	at javax.security.auth.Subject.doAs(Subject.java:422) [?:1.8.0_362]
	at org.apache.hadoop.security.UserGroupInformation.doAs(UserGroupInformation.java:1878) [hadoop-common-3.3.4.jar:?]
	at org.apache.hadoop.ipc.Server$Handler.run(Server.java:2976) [hadoop-common-3.3.4.jar:?]
13:39:26.499 [IPC Server handler 13 on default port 40229] ERROR OMAudit - user=runner | ip=127.0.0.1 | op=GET_FILE_STATUS {volume=volume46490, bucket=bucket73093, key=gdir1/dir8/child, dataSize=0, replicationConfig=null} | ret=FAILURE
org.apache.hadoop.ozone.om.exceptions.OMException: Unable to get file status: volume: volume46490 bucket: bucket73093 key: gdir1/dir8/child
	at org.apache.hadoop.ozone.om.KeyManagerImpl.getOzoneFileStatus(KeyManagerImpl.java:1162) ~[ozone-manager-1.4.0-SNAPSHOT.jar:?]
	at org.apache.hadoop.ozone.om.KeyManagerImpl.getFileStatus(KeyManagerImpl.java:1080) ~[ozone-manager-1.4.0-SNAPSHOT.jar:?]
	at org.apache.hadoop.ozone.om.OmMetadataReader.getFileStatus(OmMetadataReader.java:288) ~[ozone-manager-1.4.0-SNAPSHOT.jar:?]
	at org.apache.hadoop.ozone.om.OzoneManager.getFileStatus(OzoneManager.java:3450) ~[ozone-manager-1.4.0-SNAPSHOT.jar:?]
	at org.apache.hadoop.ozone.protocolPB.OzoneManagerRequestHandler.getOzoneFileStatus(OzoneManagerRequestHandler.java:933) ~[ozone-manager-1.4.0-SNAPSHOT.jar:?]
	at org.apache.hadoop.ozone.protocolPB.OzoneManagerRequestHandler.handleReadRequest(OzoneManagerRequestHandler.java:238) ~[ozone-manager-1.4.0-SNAPSHOT.jar:?]
	at org.apache.hadoop.ozone.protocolPB.OzoneManagerProtocolServerSideTranslatorPB.submitRequestDirectlyToOM(OzoneManagerProtocolServerSideTranslatorPB.java:271) ~[ozone-manager-1.4.0-SNAPSHOT.jar:?]
	at org.apache.hadoop.ozone.protocolPB.OzoneManagerProtocolServerSideTranslatorPB.processRequest(OzoneManagerProtocolServerSideTranslatorPB.java:173) ~[ozone-manager-1.4.0-SNAPSHOT.jar:?]
	at org.apache.hadoop.hdds.server.OzoneProtocolMessageDispatcher.processRequest(OzoneProtocolMessageDispatcher.java:87) [hdds-server-framework-1.4.0-SNAPSHOT.jar:?]
	at org.apache.hadoop.ozone.protocolPB.OzoneManagerProtocolServerSideTranslatorPB.submitRequest(OzoneManagerProtocolServerSideTranslatorPB.java:147) [ozone-manager-1.4.0-SNAPSHOT.jar:?]
	at org.apache.hadoop.ozone.protocol.proto.OzoneManagerProtocolProtos$OzoneManagerService$2.callBlockingMethod(OzoneManagerProtocolProtos.java) [ozone-interface-client-1.4.0-SNAPSHOT.jar:?]
	at org.apache.hadoop.ipc.ProtobufRpcEngine$Server.processCall(ProtobufRpcEngine.java:465) [hadoop-common-3.3.4.jar:?]
	at org.apache.hadoop.ipc.ProtobufRpcEngine2$Server$ProtoBufRpcInvoker.call(ProtobufRpcEngine2.java:578) [hadoop-common-3.3.4.jar:?]
	at org.apache.hadoop.ipc.ProtobufRpcEngine2$Server$ProtoBufRpcInvoker.call(ProtobufRpcEngine2.java:556) [hadoop-common-3.3.4.jar:?]
	at org.apache.hadoop.ipc.RPC$Server.call(RPC.java:1093) [hadoop-common-3.3.4.jar:?]
	at org.apache.hadoop.ipc.Server$RpcCall.run(Server.java:1043) [hadoop-common-3.3.4.jar:?]
	at org.apache.hadoop.ipc.Server$RpcCall.run(Server.java:971) [hadoop-common-3.3.4.jar:?]
	at java.security.AccessController.doPrivileged(Native Method) ~[?:1.8.0_362]
	at javax.security.auth.Subject.doAs(Subject.java:422) [?:1.8.0_362]
	at org.apache.hadoop.security.UserGroupInformation.doAs(UserGroupInformation.java:1878) [hadoop-common-3.3.4.jar:?]
	at org.apache.hadoop.ipc.Server$Handler.run(Server.java:2976) [hadoop-common-3.3.4.jar:?]
13:39:26.500 [IPC Server handler 14 on default port 40229] ERROR OMAudit - user=runner | ip=127.0.0.1 | op=GET_FILE_STATUS {volume=volume46490, bucket=bucket73093, key=gdir1/dir9, dataSize=0, replicationConfig=null} | ret=FAILURE
org.apache.hadoop.ozone.om.exceptions.OMException: Unable to get file status: volume: volume46490 bucket: bucket73093 key: gdir1/dir9
	at org.apache.hadoop.ozone.om.KeyManagerImpl.getOzoneFileStatus(KeyManagerImpl.java:1162) ~[ozone-manager-1.4.0-SNAPSHOT.jar:?]
	at org.apache.hadoop.ozone.om.KeyManagerImpl.getFileStatus(KeyManagerImpl.java:1080) ~[ozone-manager-1.4.0-SNAPSHOT.jar:?]
	at org.apache.hadoop.ozone.om.OmMetadataReader.getFileStatus(OmMetadataReader.java:288) ~[ozone-manager-1.4.0-SNAPSHOT.jar:?]
	at org.apache.hadoop.ozone.om.OzoneManager.getFileStatus(OzoneManager.java:3450) ~[ozone-manager-1.4.0-SNAPSHOT.jar:?]
	at org.apache.hadoop.ozone.protocolPB.OzoneManagerRequestHandler.getOzoneFileStatus(OzoneManagerRequestHandler.java:933) ~[ozone-manager-1.4.0-SNAPSHOT.jar:?]
	at org.apache.hadoop.ozone.protocolPB.OzoneManagerRequestHandler.handleReadRequest(OzoneManagerRequestHandler.java:238) ~[ozone-manager-1.4.0-SNAPSHOT.jar:?]
	at org.apache.hadoop.ozone.protocolPB.OzoneManagerProtocolServerSideTranslatorPB.submitRequestDirectlyToOM(OzoneManagerProtocolServerSideTranslatorPB.java:271) ~[ozone-manager-1.4.0-SNAPSHOT.jar:?]
	at org.apache.hadoop.ozone.protocolPB.OzoneManagerProtocolServerSideTranslatorPB.processRequest(OzoneManagerProtocolServerSideTranslatorPB.java:173) ~[ozone-manager-1.4.0-SNAPSHOT.jar:?]
	at org.apache.hadoop.hdds.server.OzoneProtocolMessageDispatcher.processRequest(OzoneProtocolMessageDispatcher.java:87) [hdds-server-framework-1.4.0-SNAPSHOT.jar:?]
	at org.apache.hadoop.ozone.protocolPB.OzoneManagerProtocolServerSideTranslatorPB.submitRequest(OzoneManagerProtocolServerSideTranslatorPB.java:147) [ozone-manager-1.4.0-SNAPSHOT.jar:?]
	at org.apache.hadoop.ozone.protocol.proto.OzoneManagerProtocolProtos$OzoneManagerService$2.callBlockingMethod(OzoneManagerProtocolProtos.java) [ozone-interface-client-1.4.0-SNAPSHOT.jar:?]
	at org.apache.hadoop.ipc.ProtobufRpcEngine$Server.processCall(ProtobufRpcEngine.java:465) [hadoop-common-3.3.4.jar:?]
	at org.apache.hadoop.ipc.ProtobufRpcEngine2$Server$ProtoBufRpcInvoker.call(ProtobufRpcEngine2.java:578) [hadoop-common-3.3.4.jar:?]
	at org.apache.hadoop.ipc.ProtobufRpcEngine2$Server$ProtoBufRpcInvoker.call(ProtobufRpcEngine2.java:556) [hadoop-common-3.3.4.jar:?]
	at org.apache.hadoop.ipc.RPC$Server.call(RPC.java:1093) [hadoop-common-3.3.4.jar:?]
	at org.apache.hadoop.ipc.Server$RpcCall.run(Server.java:1043) [hadoop-common-3.3.4.jar:?]
	at org.apache.hadoop.ipc.Server$RpcCall.run(Server.java:971) [hadoop-common-3.3.4.jar:?]
	at java.security.AccessController.doPrivileged(Native Method) ~[?:1.8.0_362]
	at javax.security.auth.Subject.doAs(Subject.java:422) [?:1.8.0_362]
	at org.apache.hadoop.security.UserGroupInformation.doAs(UserGroupInformation.java:1878) [hadoop-common-3.3.4.jar:?]
	at org.apache.hadoop.ipc.Server$Handler.run(Server.java:2976) [hadoop-common-3.3.4.jar:?]
13:39:26.501 [IPC Server handler 3 on default port 40229] ERROR OMAudit - user=runner | ip=127.0.0.1 | op=GET_FILE_STATUS {volume=volume46490, bucket=bucket73093, key=gdir1/dir9/child, dataSize=0, replicationConfig=null} | ret=FAILURE
org.apache.hadoop.ozone.om.exceptions.OMException: Unable to get file status: volume: volume46490 bucket: bucket73093 key: gdir1/dir9/child
	at org.apache.hadoop.ozone.om.KeyManagerImpl.getOzoneFileStatus(KeyManagerImpl.java:1162) ~[ozone-manager-1.4.0-SNAPSHOT.jar:?]
	at org.apache.hadoop.ozone.om.KeyManagerImpl.getFileStatus(KeyManagerImpl.java:1080) ~[ozone-manager-1.4.0-SNAPSHOT.jar:?]
	at org.apache.hadoop.ozone.om.OmMetadataReader.getFileStatus(OmMetadataReader.java:288) ~[ozone-manager-1.4.0-SNAPSHOT.jar:?]
	at org.apache.hadoop.ozone.om.OzoneManager.getFileStatus(OzoneManager.java:3450) ~[ozone-manager-1.4.0-SNAPSHOT.jar:?]
	at org.apache.hadoop.ozone.protocolPB.OzoneManagerRequestHandler.getOzoneFileStatus(OzoneManagerRequestHandler.java:933) ~[ozone-manager-1.4.0-SNAPSHOT.jar:?]
	at org.apache.hadoop.ozone.protocolPB.OzoneManagerRequestHandler.handleReadRequest(OzoneManagerRequestHandler.java:238) ~[ozone-manager-1.4.0-SNAPSHOT.jar:?]
	at org.apache.hadoop.ozone.protocolPB.OzoneManagerProtocolServerSideTranslatorPB.submitRequestDirectlyToOM(OzoneManagerProtocolServerSideTranslatorPB.java:271) ~[ozone-manager-1.4.0-SNAPSHOT.jar:?]
	at org.apache.hadoop.ozone.protocolPB.OzoneManagerProtocolServerSideTranslatorPB.processRequest(OzoneManagerProtocolServerSideTranslatorPB.java:173) ~[ozone-manager-1.4.0-SNAPSHOT.jar:?]
	at org.apache.hadoop.hdds.server.OzoneProtocolMessageDispatcher.processRequest(OzoneProtocolMessageDispatcher.java:87) [hdds-server-framework-1.4.0-SNAPSHOT.jar:?]
	at org.apache.hadoop.ozone.protocolPB.OzoneManagerProtocolServerSideTranslatorPB.submitRequest(OzoneManagerProtocolServerSideTranslatorPB.java:147) [ozone-manager-1.4.0-SNAPSHOT.jar:?]
	at org.apache.hadoop.ozone.protocol.proto.OzoneManagerProtocolProtos$OzoneManagerService$2.callBlockingMethod(OzoneManagerProtocolProtos.java) [ozone-interface-client-1.4.0-SNAPSHOT.jar:?]
	at org.apache.hadoop.ipc.ProtobufRpcEngine$Server.processCall(ProtobufRpcEngine.java:465) [hadoop-common-3.3.4.jar:?]
	at org.apache.hadoop.ipc.ProtobufRpcEngine2$Server$ProtoBufRpcInvoker.call(ProtobufRpcEngine2.java:578) [hadoop-common-3.3.4.jar:?]
	at org.apache.hadoop.ipc.ProtobufRpcEngine2$Server$ProtoBufRpcInvoker.call(ProtobufRpcEngine2.java:556) [hadoop-common-3.3.4.jar:?]
	at org.apache.hadoop.ipc.RPC$Server.call(RPC.java:1093) [hadoop-common-3.3.4.jar:?]
	at org.apache.hadoop.ipc.Server$RpcCall.run(Server.java:1043) [hadoop-common-3.3.4.jar:?]
	at org.apache.hadoop.ipc.Server$RpcCall.run(Server.java:971) [hadoop-common-3.3.4.jar:?]
	at java.security.AccessController.doPrivileged(Native Method) ~[?:1.8.0_362]
	at javax.security.auth.Subject.doAs(Subject.java:422) [?:1.8.0_362]
	at org.apache.hadoop.security.UserGroupInformation.doAs(UserGroupInformation.java:1878) [hadoop-common-3.3.4.jar:?]
	at org.apache.hadoop.ipc.Server$Handler.run(Server.java:2976) [hadoop-common-3.3.4.jar:?]
13:39:26.503 [IPC Server handler 19 on default port 40229] ERROR OMAudit - user=runner | ip=127.0.0.1 | op=GET_FILE_STATUS {volume=volume46490, bucket=bucket73093, key=gdir1/dir10, dataSize=0, replicationConfig=null} | ret=FAILURE
org.apache.hadoop.ozone.om.exceptions.OMException: Unable to get file status: volume: volume46490 bucket: bucket73093 key: gdir1/dir10
	at org.apache.hadoop.ozone.om.KeyManagerImpl.getOzoneFileStatus(KeyManagerImpl.java:1162) ~[ozone-manager-1.4.0-SNAPSHOT.jar:?]
	at org.apache.hadoop.ozone.om.KeyManagerImpl.getFileStatus(KeyManagerImpl.java:1080) ~[ozone-manager-1.4.0-SNAPSHOT.jar:?]
	at org.apache.hadoop.ozone.om.OmMetadataReader.getFileStatus(OmMetadataReader.java:288) ~[ozone-manager-1.4.0-SNAPSHOT.jar:?]
	at org.apache.hadoop.ozone.om.OzoneManager.getFileStatus(OzoneManager.java:3450) ~[ozone-manager-1.4.0-SNAPSHOT.jar:?]
	at org.apache.hadoop.ozone.protocolPB.OzoneManagerRequestHandler.getOzoneFileStatus(OzoneManagerRequestHandler.java:933) ~[ozone-manager-1.4.0-SNAPSHOT.jar:?]
	at org.apache.hadoop.ozone.protocolPB.OzoneManagerRequestHandler.handleReadRequest(OzoneManagerRequestHandler.java:238) ~[ozone-manager-1.4.0-SNAPSHOT.jar:?]
	at org.apache.hadoop.ozone.protocolPB.OzoneManagerProtocolServerSideTranslatorPB.submitRequestDirectlyToOM(OzoneManagerProtocolServerSideTranslatorPB.java:271) ~[ozone-manager-1.4.0-SNAPSHOT.jar:?]
	at org.apache.hadoop.ozone.protocolPB.OzoneManagerProtocolServerSideTranslatorPB.processRequest(OzoneManagerProtocolServerSideTranslatorPB.java:173) ~[ozone-manager-1.4.0-SNAPSHOT.jar:?]
	at org.apache.hadoop.hdds.server.OzoneProtocolMessageDispatcher.processRequest(OzoneProtocolMessageDispatcher.java:87) [hdds-server-framework-1.4.0-SNAPSHOT.jar:?]
	at org.apache.hadoop.ozone.protocolPB.OzoneManagerProtocolServerSideTranslatorPB.submitRequest(OzoneManagerProtocolServerSideTranslatorPB.java:147) [ozone-manager-1.4.0-SNAPSHOT.jar:?]
	at org.apache.hadoop.ozone.protocol.proto.OzoneManagerProtocolProtos$OzoneManagerService$2.callBlockingMethod(OzoneManagerProtocolProtos.java) [ozone-interface-client-1.4.0-SNAPSHOT.jar:?]
	at org.apache.hadoop.ipc.ProtobufRpcEngine$Server.processCall(ProtobufRpcEngine.java:465) [hadoop-common-3.3.4.jar:?]
	at org.apache.hadoop.ipc.ProtobufRpcEngine2$Server$ProtoBufRpcInvoker.call(ProtobufRpcEngine2.java:578) [hadoop-common-3.3.4.jar:?]
	at org.apache.hadoop.ipc.ProtobufRpcEngine2$Server$ProtoBufRpcInvoker.call(ProtobufRpcEngine2.java:556) [hadoop-common-3.3.4.jar:?]
	at org.apache.hadoop.ipc.RPC$Server.call(RPC.java:1093) [hadoop-common-3.3.4.jar:?]
	at org.apache.hadoop.ipc.Server$RpcCall.run(Server.java:1043) [hadoop-common-3.3.4.jar:?]
	at org.apache.hadoop.ipc.Server$RpcCall.run(Server.java:971) [hadoop-common-3.3.4.jar:?]
	at java.security.AccessController.doPrivileged(Native Method) ~[?:1.8.0_362]
	at javax.security.auth.Subject.doAs(Subject.java:422) [?:1.8.0_362]
	at org.apache.hadoop.security.UserGroupInformation.doAs(UserGroupInformation.java:1878) [hadoop-common-3.3.4.jar:?]
	at org.apache.hadoop.ipc.Server$Handler.run(Server.java:2976) [hadoop-common-3.3.4.jar:?]
13:39:26.504 [IPC Server handler 16 on default port 40229] ERROR OMAudit - user=runner | ip=127.0.0.1 | op=GET_FILE_STATUS {volume=volume46490, bucket=bucket73093, key=gdir1/dir10/child, dataSize=0, replicationConfig=null} | ret=FAILURE
org.apache.hadoop.ozone.om.exceptions.OMException: Unable to get file status: volume: volume46490 bucket: bucket73093 key: gdir1/dir10/child
	at org.apache.hadoop.ozone.om.KeyManagerImpl.getOzoneFileStatus(KeyManagerImpl.java:1162) ~[ozone-manager-1.4.0-SNAPSHOT.jar:?]
	at org.apache.hadoop.ozone.om.KeyManagerImpl.getFileStatus(KeyManagerImpl.java:1080) ~[ozone-manager-1.4.0-SNAPSHOT.jar:?]
	at org.apache.hadoop.ozone.om.OmMetadataReader.getFileStatus(OmMetadataReader.java:288) ~[ozone-manager-1.4.0-SNAPSHOT.jar:?]
	at org.apache.hadoop.ozone.om.OzoneManager.getFileStatus(OzoneManager.java:3450) ~[ozone-manager-1.4.0-SNAPSHOT.jar:?]
	at org.apache.hadoop.ozone.protocolPB.OzoneManagerRequestHandler.getOzoneFileStatus(OzoneManagerRequestHandler.java:933) ~[ozone-manager-1.4.0-SNAPSHOT.jar:?]
	at org.apache.hadoop.ozone.protocolPB.OzoneManagerRequestHandler.handleReadRequest(OzoneManagerRequestHandler.java:238) ~[ozone-manager-1.4.0-SNAPSHOT.jar:?]
	at org.apache.hadoop.ozone.protocolPB.OzoneManagerProtocolServerSideTranslatorPB.submitRequestDirectlyToOM(OzoneManagerProtocolServerSideTranslatorPB.java:271) ~[ozone-manager-1.4.0-SNAPSHOT.jar:?]
	at org.apache.hadoop.ozone.protocolPB.OzoneManagerProtocolServerSideTranslatorPB.processRequest(OzoneManagerProtocolServerSideTranslatorPB.java:173) ~[ozone-manager-1.4.0-SNAPSHOT.jar:?]
	at org.apache.hadoop.hdds.server.OzoneProtocolMessageDispatcher.processRequest(OzoneProtocolMessageDispatcher.java:87) [hdds-server-framework-1.4.0-SNAPSHOT.jar:?]
	at org.apache.hadoop.ozone.protocolPB.OzoneManagerProtocolServerSideTranslatorPB.submitRequest(OzoneManagerProtocolServerSideTranslatorPB.java:147) [ozone-manager-1.4.0-SNAPSHOT.jar:?]
	at org.apache.hadoop.ozone.protocol.proto.OzoneManagerProtocolProtos$OzoneManagerService$2.callBlockingMethod(OzoneManagerProtocolProtos.java) [ozone-interface-client-1.4.0-SNAPSHOT.jar:?]
	at org.apache.hadoop.ipc.ProtobufRpcEngine$Server.processCall(ProtobufRpcEngine.java:465) [hadoop-common-3.3.4.jar:?]
	at org.apache.hadoop.ipc.ProtobufRpcEngine2$Server$ProtoBufRpcInvoker.call(ProtobufRpcEngine2.java:578) [hadoop-common-3.3.4.jar:?]
	at org.apache.hadoop.ipc.ProtobufRpcEngine2$Server$ProtoBufRpcInvoker.call(ProtobufRpcEngine2.java:556) [hadoop-common-3.3.4.jar:?]
	at org.apache.hadoop.ipc.RPC$Server.call(RPC.java:1093) [hadoop-common-3.3.4.jar:?]
	at org.apache.hadoop.ipc.Server$RpcCall.run(Server.java:1043) [hadoop-common-3.3.4.jar:?]
	at org.apache.hadoop.ipc.Server$RpcCall.run(Server.java:971) [hadoop-common-3.3.4.jar:?]
	at java.security.AccessController.doPrivileged(Native Method) ~[?:1.8.0_362]
	at javax.security.auth.Subject.doAs(Subject.java:422) [?:1.8.0_362]
	at org.apache.hadoop.security.UserGroupInformation.doAs(UserGroupInformation.java:1878) [hadoop-common-3.3.4.jar:?]
	at org.apache.hadoop.ipc.Server$Handler.run(Server.java:2976) [hadoop-common-3.3.4.jar:?]
2023-02-21 13:39:26,508 [IPC Server handler 17 on default port 40229] INFO  key.OMKeyRequest (OMKeyRequest.java:wrapUncommittedBlocksAsPseudoKey(837)) - Detect allocated but uncommitted blocks [{blockID={containerID=4, localID=111677748019200024}, length=4194304, offset=0, token=null, pipeline=null, createVersion=0, partNumber=0}] in key level0/level1/file1.
2023-02-21 13:39:26,511 [IPC Server handler 1 on default port 40229] INFO  key.OMKeyRequest (OMKeyRequest.java:wrapUncommittedBlocksAsPseudoKey(837)) - Detect allocated but uncommitted blocks [{blockID={containerID=1, localID=111677748019200025}, length=4194304, offset=0, token=null, pipeline=null, createVersion=0, partNumber=0}] in key level0/level1/level1/file1.
2023-02-21 13:39:26,515 [IPC Server handler 9 on default port 40229] INFO  key.OMKeyRequest (OMKeyRequest.java:wrapUncommittedBlocksAsPseudoKey(837)) - Detect allocated but uncommitted blocks [{blockID={containerID=3, localID=111677748019200026}, length=4194304, offset=0, token=null, pipeline=null, createVersion=0, partNumber=0}] in key level0/level2/file1.
2023-02-21 13:39:26,519 [IPC Server handler 8 on default port 40229] INFO  key.OMKeyRequest (OMKeyRequest.java:wrapUncommittedBlocksAsPseudoKey(837)) - Detect allocated but uncommitted blocks [{blockID={containerID=1, localID=111677748019200027}, length=4194304, offset=0, token=null, pipeline=null, createVersion=0, partNumber=0}] in key level0/level2/level2/file1.
2023-02-21 13:39:26,523 [IPC Server handler 10 on default port 40229] INFO  key.OMKeyRequest (OMKeyRequest.java:wrapUncommittedBlocksAsPseudoKey(837)) - Detect allocated but uncommitted blocks [{blockID={containerID=3, localID=111677748019200028}, length=4194304, offset=0, token=null, pipeline=null, createVersion=0, partNumber=0}] in key level0/level3/file1.
2023-02-21 13:39:26,526 [IPC Server handler 4 on default port 40229] INFO  key.OMKeyRequest (OMKeyRequest.java:wrapUncommittedBlocksAsPseudoKey(837)) - Detect allocated but uncommitted blocks [{blockID={containerID=1, localID=111677748019200029}, length=4194304, offset=0, token=null, pipeline=null, createVersion=0, partNumber=0}] in key level0/level3/level3/file1.
13:39:26.550 [IPC Server handler 12 on default port 40229] ERROR OMAudit - user=runner | ip=127.0.0.1 | op=GET_FILE_STATUS {volume=volume46490, bucket=bucket73093, key=level0, dataSize=0, replicationConfig=null} | ret=FAILURE
org.apache.hadoop.ozone.om.exceptions.OMException: Unable to get file status: volume: volume46490 bucket: bucket73093 key: level0
	at org.apache.hadoop.ozone.om.KeyManagerImpl.getOzoneFileStatus(KeyManagerImpl.java:1162) ~[ozone-manager-1.4.0-SNAPSHOT.jar:?]
	at org.apache.hadoop.ozone.om.KeyManagerImpl.getFileStatus(KeyManagerImpl.java:1080) ~[ozone-manager-1.4.0-SNAPSHOT.jar:?]
	at org.apache.hadoop.ozone.om.OmMetadataReader.getFileStatus(OmMetadataReader.java:288) ~[ozone-manager-1.4.0-SNAPSHOT.jar:?]
	at org.apache.hadoop.ozone.om.OzoneManager.getFileStatus(OzoneManager.java:3450) ~[ozone-manager-1.4.0-SNAPSHOT.jar:?]
	at org.apache.hadoop.ozone.protocolPB.OzoneManagerRequestHandler.getOzoneFileStatus(OzoneManagerRequestHandler.java:933) ~[ozone-manager-1.4.0-SNAPSHOT.jar:?]
	at org.apache.hadoop.ozone.protocolPB.OzoneManagerRequestHandler.handleReadRequest(OzoneManagerRequestHandler.java:238) ~[ozone-manager-1.4.0-SNAPSHOT.jar:?]
	at org.apache.hadoop.ozone.protocolPB.OzoneManagerProtocolServerSideTranslatorPB.submitRequestDirectlyToOM(OzoneManagerProtocolServerSideTranslatorPB.java:271) ~[ozone-manager-1.4.0-SNAPSHOT.jar:?]
	at org.apache.hadoop.ozone.protocolPB.OzoneManagerProtocolServerSideTranslatorPB.processRequest(OzoneManagerProtocolServerSideTranslatorPB.java:173) ~[ozone-manager-1.4.0-SNAPSHOT.jar:?]
	at org.apache.hadoop.hdds.server.OzoneProtocolMessageDispatcher.processRequest(OzoneProtocolMessageDispatcher.java:87) [hdds-server-framework-1.4.0-SNAPSHOT.jar:?]
	at org.apache.hadoop.ozone.protocolPB.OzoneManagerProtocolServerSideTranslatorPB.submitRequest(OzoneManagerProtocolServerSideTranslatorPB.java:147) [ozone-manager-1.4.0-SNAPSHOT.jar:?]
	at org.apache.hadoop.ozone.protocol.proto.OzoneManagerProtocolProtos$OzoneManagerService$2.callBlockingMethod(OzoneManagerProtocolProtos.java) [ozone-interface-client-1.4.0-SNAPSHOT.jar:?]
	at org.apache.hadoop.ipc.ProtobufRpcEngine$Server.processCall(ProtobufRpcEngine.java:465) [hadoop-common-3.3.4.jar:?]
	at org.apache.hadoop.ipc.ProtobufRpcEngine2$Server$ProtoBufRpcInvoker.call(ProtobufRpcEngine2.java:578) [hadoop-common-3.3.4.jar:?]
	at org.apache.hadoop.ipc.ProtobufRpcEngine2$Server$ProtoBufRpcInvoker.call(ProtobufRpcEngine2.java:556) [hadoop-common-3.3.4.jar:?]
	at org.apache.hadoop.ipc.RPC$Server.call(RPC.java:1093) [hadoop-common-3.3.4.jar:?]
	at org.apache.hadoop.ipc.Server$RpcCall.run(Server.java:1043) [hadoop-common-3.3.4.jar:?]
	at org.apache.hadoop.ipc.Server$RpcCall.run(Server.java:971) [hadoop-common-3.3.4.jar:?]
	at java.security.AccessController.doPrivileged(Native Method) ~[?:1.8.0_362]
	at javax.security.auth.Subject.doAs(Subject.java:422) [?:1.8.0_362]
	at org.apache.hadoop.security.UserGroupInformation.doAs(UserGroupInformation.java:1878) [hadoop-common-3.3.4.jar:?]
	at org.apache.hadoop.ipc.Server$Handler.run(Server.java:2976) [hadoop-common-3.3.4.jar:?]
13:39:26.551 [IPC Server handler 15 on default port 40229] ERROR OMAudit - user=runner | ip=127.0.0.1 | op=GET_FILE_STATUS {volume=volume46490, bucket=bucket73093, key=level0/level1, dataSize=0, replicationConfig=null} | ret=FAILURE
org.apache.hadoop.ozone.om.exceptions.OMException: Unable to get file status: volume: volume46490 bucket: bucket73093 key: level0/level1
	at org.apache.hadoop.ozone.om.KeyManagerImpl.getOzoneFileStatus(KeyManagerImpl.java:1162) ~[ozone-manager-1.4.0-SNAPSHOT.jar:?]
	at org.apache.hadoop.ozone.om.KeyManagerImpl.getFileStatus(KeyManagerImpl.java:1080) ~[ozone-manager-1.4.0-SNAPSHOT.jar:?]
	at org.apache.hadoop.ozone.om.OmMetadataReader.getFileStatus(OmMetadataReader.java:288) ~[ozone-manager-1.4.0-SNAPSHOT.jar:?]
	at org.apache.hadoop.ozone.om.OzoneManager.getFileStatus(OzoneManager.java:3450) ~[ozone-manager-1.4.0-SNAPSHOT.jar:?]
	at org.apache.hadoop.ozone.protocolPB.OzoneManagerRequestHandler.getOzoneFileStatus(OzoneManagerRequestHandler.java:933) ~[ozone-manager-1.4.0-SNAPSHOT.jar:?]
	at org.apache.hadoop.ozone.protocolPB.OzoneManagerRequestHandler.handleReadRequest(OzoneManagerRequestHandler.java:238) ~[ozone-manager-1.4.0-SNAPSHOT.jar:?]
	at org.apache.hadoop.ozone.protocolPB.OzoneManagerProtocolServerSideTranslatorPB.submitRequestDirectlyToOM(OzoneManagerProtocolServerSideTranslatorPB.java:271) ~[ozone-manager-1.4.0-SNAPSHOT.jar:?]
	at org.apache.hadoop.ozone.protocolPB.OzoneManagerProtocolServerSideTranslatorPB.processRequest(OzoneManagerProtocolServerSideTranslatorPB.java:173) ~[ozone-manager-1.4.0-SNAPSHOT.jar:?]
	at org.apache.hadoop.hdds.server.OzoneProtocolMessageDispatcher.processRequest(OzoneProtocolMessageDispatcher.java:87) [hdds-server-framework-1.4.0-SNAPSHOT.jar:?]
	at org.apache.hadoop.ozone.protocolPB.OzoneManagerProtocolServerSideTranslatorPB.submitRequest(OzoneManagerProtocolServerSideTranslatorPB.java:147) [ozone-manager-1.4.0-SNAPSHOT.jar:?]
	at org.apache.hadoop.ozone.protocol.proto.OzoneManagerProtocolProtos$OzoneManagerService$2.callBlockingMethod(OzoneManagerProtocolProtos.java) [ozone-interface-client-1.4.0-SNAPSHOT.jar:?]
	at org.apache.hadoop.ipc.ProtobufRpcEngine$Server.processCall(ProtobufRpcEngine.java:465) [hadoop-common-3.3.4.jar:?]
	at org.apache.hadoop.ipc.ProtobufRpcEngine2$Server$ProtoBufRpcInvoker.call(ProtobufRpcEngine2.java:578) [hadoop-common-3.3.4.jar:?]
	at org.apache.hadoop.ipc.ProtobufRpcEngine2$Server$ProtoBufRpcInvoker.call(ProtobufRpcEngine2.java:556) [hadoop-common-3.3.4.jar:?]
	at org.apache.hadoop.ipc.RPC$Server.call(RPC.java:1093) [hadoop-common-3.3.4.jar:?]
	at org.apache.hadoop.ipc.Server$RpcCall.run(Server.java:1043) [hadoop-common-3.3.4.jar:?]
	at org.apache.hadoop.ipc.Server$RpcCall.run(Server.java:971) [hadoop-common-3.3.4.jar:?]
	at java.security.AccessController.doPrivileged(Native Method) ~[?:1.8.0_362]
	at javax.security.auth.Subject.doAs(Subject.java:422) [?:1.8.0_362]
	at org.apache.hadoop.security.UserGroupInformation.doAs(UserGroupInformation.java:1878) [hadoop-common-3.3.4.jar:?]
	at org.apache.hadoop.ipc.Server$Handler.run(Server.java:2976) [hadoop-common-3.3.4.jar:?]
13:39:26.552 [IPC Server handler 13 on default port 40229] ERROR OMAudit - user=runner | ip=127.0.0.1 | op=GET_FILE_STATUS {volume=volume46490, bucket=bucket73093, key=level0/level1/level1, dataSize=0, replicationConfig=null} | ret=FAILURE
org.apache.hadoop.ozone.om.exceptions.OMException: Unable to get file status: volume: volume46490 bucket: bucket73093 key: level0/level1/level1
	at org.apache.hadoop.ozone.om.KeyManagerImpl.getOzoneFileStatus(KeyManagerImpl.java:1162) ~[ozone-manager-1.4.0-SNAPSHOT.jar:?]
	at org.apache.hadoop.ozone.om.KeyManagerImpl.getFileStatus(KeyManagerImpl.java:1080) ~[ozone-manager-1.4.0-SNAPSHOT.jar:?]
	at org.apache.hadoop.ozone.om.OmMetadataReader.getFileStatus(OmMetadataReader.java:288) ~[ozone-manager-1.4.0-SNAPSHOT.jar:?]
	at org.apache.hadoop.ozone.om.OzoneManager.getFileStatus(OzoneManager.java:3450) ~[ozone-manager-1.4.0-SNAPSHOT.jar:?]
	at org.apache.hadoop.ozone.protocolPB.OzoneManagerRequestHandler.getOzoneFileStatus(OzoneManagerRequestHandler.java:933) ~[ozone-manager-1.4.0-SNAPSHOT.jar:?]
	at org.apache.hadoop.ozone.protocolPB.OzoneManagerRequestHandler.handleReadRequest(OzoneManagerRequestHandler.java:238) ~[ozone-manager-1.4.0-SNAPSHOT.jar:?]
	at org.apache.hadoop.ozone.protocolPB.OzoneManagerProtocolServerSideTranslatorPB.submitRequestDirectlyToOM(OzoneManagerProtocolServerSideTranslatorPB.java:271) ~[ozone-manager-1.4.0-SNAPSHOT.jar:?]
	at org.apache.hadoop.ozone.protocolPB.OzoneManagerProtocolServerSideTranslatorPB.processRequest(OzoneManagerProtocolServerSideTranslatorPB.java:173) ~[ozone-manager-1.4.0-SNAPSHOT.jar:?]
	at org.apache.hadoop.hdds.server.OzoneProtocolMessageDispatcher.processRequest(OzoneProtocolMessageDispatcher.java:87) [hdds-server-framework-1.4.0-SNAPSHOT.jar:?]
	at org.apache.hadoop.ozone.protocolPB.OzoneManagerProtocolServerSideTranslatorPB.submitRequest(OzoneManagerProtocolServerSideTranslatorPB.java:147) [ozone-manager-1.4.0-SNAPSHOT.jar:?]
	at org.apache.hadoop.ozone.protocol.proto.OzoneManagerProtocolProtos$OzoneManagerService$2.callBlockingMethod(OzoneManagerProtocolProtos.java) [ozone-interface-client-1.4.0-SNAPSHOT.jar:?]
	at org.apache.hadoop.ipc.ProtobufRpcEngine$Server.processCall(ProtobufRpcEngine.java:465) [hadoop-common-3.3.4.jar:?]
	at org.apache.hadoop.ipc.ProtobufRpcEngine2$Server$ProtoBufRpcInvoker.call(ProtobufRpcEngine2.java:578) [hadoop-common-3.3.4.jar:?]
	at org.apache.hadoop.ipc.ProtobufRpcEngine2$Server$ProtoBufRpcInvoker.call(ProtobufRpcEngine2.java:556) [hadoop-common-3.3.4.jar:?]
	at org.apache.hadoop.ipc.RPC$Server.call(RPC.java:1093) [hadoop-common-3.3.4.jar:?]
	at org.apache.hadoop.ipc.Server$RpcCall.run(Server.java:1043) [hadoop-common-3.3.4.jar:?]
	at org.apache.hadoop.ipc.Server$RpcCall.run(Server.java:971) [hadoop-common-3.3.4.jar:?]
	at java.security.AccessController.doPrivileged(Native Method) ~[?:1.8.0_362]
	at javax.security.auth.Subject.doAs(Subject.java:422) [?:1.8.0_362]
	at org.apache.hadoop.security.UserGroupInformation.doAs(UserGroupInformation.java:1878) [hadoop-common-3.3.4.jar:?]
	at org.apache.hadoop.ipc.Server$Handler.run(Server.java:2976) [hadoop-common-3.3.4.jar:?]
13:39:26.552 [IPC Server handler 14 on default port 40229] ERROR OMAudit - user=runner | ip=127.0.0.1 | op=GET_FILE_STATUS {volume=volume46490, bucket=bucket73093, key=level0/level1/file1, dataSize=0, replicationConfig=null} | ret=FAILURE
org.apache.hadoop.ozone.om.exceptions.OMException: Unable to get file status: volume: volume46490 bucket: bucket73093 key: level0/level1/file1
	at org.apache.hadoop.ozone.om.KeyManagerImpl.getOzoneFileStatus(KeyManagerImpl.java:1162) ~[ozone-manager-1.4.0-SNAPSHOT.jar:?]
	at org.apache.hadoop.ozone.om.KeyManagerImpl.getFileStatus(KeyManagerImpl.java:1080) ~[ozone-manager-1.4.0-SNAPSHOT.jar:?]
	at org.apache.hadoop.ozone.om.OmMetadataReader.getFileStatus(OmMetadataReader.java:288) ~[ozone-manager-1.4.0-SNAPSHOT.jar:?]
	at org.apache.hadoop.ozone.om.OzoneManager.getFileStatus(OzoneManager.java:3450) ~[ozone-manager-1.4.0-SNAPSHOT.jar:?]
	at org.apache.hadoop.ozone.protocolPB.OzoneManagerRequestHandler.getOzoneFileStatus(OzoneManagerRequestHandler.java:933) ~[ozone-manager-1.4.0-SNAPSHOT.jar:?]
	at org.apache.hadoop.ozone.protocolPB.OzoneManagerRequestHandler.handleReadRequest(OzoneManagerRequestHandler.java:238) ~[ozone-manager-1.4.0-SNAPSHOT.jar:?]
	at org.apache.hadoop.ozone.protocolPB.OzoneManagerProtocolServerSideTranslatorPB.submitRequestDirectlyToOM(OzoneManagerProtocolServerSideTranslatorPB.java:271) ~[ozone-manager-1.4.0-SNAPSHOT.jar:?]
	at org.apache.hadoop.ozone.protocolPB.OzoneManagerProtocolServerSideTranslatorPB.processRequest(OzoneManagerProtocolServerSideTranslatorPB.java:173) ~[ozone-manager-1.4.0-SNAPSHOT.jar:?]
	at org.apache.hadoop.hdds.server.OzoneProtocolMessageDispatcher.processRequest(OzoneProtocolMessageDispatcher.java:87) [hdds-server-framework-1.4.0-SNAPSHOT.jar:?]
	at org.apache.hadoop.ozone.protocolPB.OzoneManagerProtocolServerSideTranslatorPB.submitRequest(OzoneManagerProtocolServerSideTranslatorPB.java:147) [ozone-manager-1.4.0-SNAPSHOT.jar:?]
	at org.apache.hadoop.ozone.protocol.proto.OzoneManagerProtocolProtos$OzoneManagerService$2.callBlockingMethod(OzoneManagerProtocolProtos.java) [ozone-interface-client-1.4.0-SNAPSHOT.jar:?]
	at org.apache.hadoop.ipc.ProtobufRpcEngine$Server.processCall(ProtobufRpcEngine.java:465) [hadoop-common-3.3.4.jar:?]
	at org.apache.hadoop.ipc.ProtobufRpcEngine2$Server$ProtoBufRpcInvoker.call(ProtobufRpcEngine2.java:578) [hadoop-common-3.3.4.jar:?]
	at org.apache.hadoop.ipc.ProtobufRpcEngine2$Server$ProtoBufRpcInvoker.call(ProtobufRpcEngine2.java:556) [hadoop-common-3.3.4.jar:?]
	at org.apache.hadoop.ipc.RPC$Server.call(RPC.java:1093) [hadoop-common-3.3.4.jar:?]
	at org.apache.hadoop.ipc.Server$RpcCall.run(Server.java:1043) [hadoop-common-3.3.4.jar:?]
	at org.apache.hadoop.ipc.Server$RpcCall.run(Server.java:971) [hadoop-common-3.3.4.jar:?]
	at java.security.AccessController.doPrivileged(Native Method) ~[?:1.8.0_362]
	at javax.security.auth.Subject.doAs(Subject.java:422) [?:1.8.0_362]
	at org.apache.hadoop.security.UserGroupInformation.doAs(UserGroupInformation.java:1878) [hadoop-common-3.3.4.jar:?]
	at org.apache.hadoop.ipc.Server$Handler.run(Server.java:2976) [hadoop-common-3.3.4.jar:?]
13:39:26.553 [IPC Server handler 3 on default port 40229] ERROR OMAudit - user=runner | ip=127.0.0.1 | op=GET_FILE_STATUS {volume=volume46490, bucket=bucket73093, key=level0/level1/level1/file1, dataSize=0, replicationConfig=null} | ret=FAILURE
org.apache.hadoop.ozone.om.exceptions.OMException: Unable to get file status: volume: volume46490 bucket: bucket73093 key: level0/level1/level1/file1
	at org.apache.hadoop.ozone.om.KeyManagerImpl.getOzoneFileStatus(KeyManagerImpl.java:1162) ~[ozone-manager-1.4.0-SNAPSHOT.jar:?]
	at org.apache.hadoop.ozone.om.KeyManagerImpl.getFileStatus(KeyManagerImpl.java:1080) ~[ozone-manager-1.4.0-SNAPSHOT.jar:?]
	at org.apache.hadoop.ozone.om.OmMetadataReader.getFileStatus(OmMetadataReader.java:288) ~[ozone-manager-1.4.0-SNAPSHOT.jar:?]
	at org.apache.hadoop.ozone.om.OzoneManager.getFileStatus(OzoneManager.java:3450) ~[ozone-manager-1.4.0-SNAPSHOT.jar:?]
	at org.apache.hadoop.ozone.protocolPB.OzoneManagerRequestHandler.getOzoneFileStatus(OzoneManagerRequestHandler.java:933) ~[ozone-manager-1.4.0-SNAPSHOT.jar:?]
	at org.apache.hadoop.ozone.protocolPB.OzoneManagerRequestHandler.handleReadRequest(OzoneManagerRequestHandler.java:238) ~[ozone-manager-1.4.0-SNAPSHOT.jar:?]
	at org.apache.hadoop.ozone.protocolPB.OzoneManagerProtocolServerSideTranslatorPB.submitRequestDirectlyToOM(OzoneManagerProtocolServerSideTranslatorPB.java:271) ~[ozone-manager-1.4.0-SNAPSHOT.jar:?]
	at org.apache.hadoop.ozone.protocolPB.OzoneManagerProtocolServerSideTranslatorPB.processRequest(OzoneManagerProtocolServerSideTranslatorPB.java:173) ~[ozone-manager-1.4.0-SNAPSHOT.jar:?]
	at org.apache.hadoop.hdds.server.OzoneProtocolMessageDispatcher.processRequest(OzoneProtocolMessageDispatcher.java:87) [hdds-server-framework-1.4.0-SNAPSHOT.jar:?]
	at org.apache.hadoop.ozone.protocolPB.OzoneManagerProtocolServerSideTranslatorPB.submitRequest(OzoneManagerProtocolServerSideTranslatorPB.java:147) [ozone-manager-1.4.0-SNAPSHOT.jar:?]
	at org.apache.hadoop.ozone.protocol.proto.OzoneManagerProtocolProtos$OzoneManagerService$2.callBlockingMethod(OzoneManagerProtocolProtos.java) [ozone-interface-client-1.4.0-SNAPSHOT.jar:?]
	at org.apache.hadoop.ipc.ProtobufRpcEngine$Server.processCall(ProtobufRpcEngine.java:465) [hadoop-common-3.3.4.jar:?]
	at org.apache.hadoop.ipc.ProtobufRpcEngine2$Server$ProtoBufRpcInvoker.call(ProtobufRpcEngine2.java:578) [hadoop-common-3.3.4.jar:?]
	at org.apache.hadoop.ipc.ProtobufRpcEngine2$Server$ProtoBufRpcInvoker.call(ProtobufRpcEngine2.java:556) [hadoop-common-3.3.4.jar:?]
	at org.apache.hadoop.ipc.RPC$Server.call(RPC.java:1093) [hadoop-common-3.3.4.jar:?]
	at org.apache.hadoop.ipc.Server$RpcCall.run(Server.java:1043) [hadoop-common-3.3.4.jar:?]
	at org.apache.hadoop.ipc.Server$RpcCall.run(Server.java:971) [hadoop-common-3.3.4.jar:?]
	at java.security.AccessController.doPrivileged(Native Method) ~[?:1.8.0_362]
	at javax.security.auth.Subject.doAs(Subject.java:422) [?:1.8.0_362]
	at org.apache.hadoop.security.UserGroupInformation.doAs(UserGroupInformation.java:1878) [hadoop-common-3.3.4.jar:?]
	at org.apache.hadoop.ipc.Server$Handler.run(Server.java:2976) [hadoop-common-3.3.4.jar:?]
13:39:26.554 [IPC Server handler 19 on default port 40229] ERROR OMAudit - user=runner | ip=127.0.0.1 | op=GET_FILE_STATUS {volume=volume46490, bucket=bucket73093, key=level0/level2, dataSize=0, replicationConfig=null} | ret=FAILURE
org.apache.hadoop.ozone.om.exceptions.OMException: Unable to get file status: volume: volume46490 bucket: bucket73093 key: level0/level2
	at org.apache.hadoop.ozone.om.KeyManagerImpl.getOzoneFileStatus(KeyManagerImpl.java:1162) ~[ozone-manager-1.4.0-SNAPSHOT.jar:?]
	at org.apache.hadoop.ozone.om.KeyManagerImpl.getFileStatus(KeyManagerImpl.java:1080) ~[ozone-manager-1.4.0-SNAPSHOT.jar:?]
	at org.apache.hadoop.ozone.om.OmMetadataReader.getFileStatus(OmMetadataReader.java:288) ~[ozone-manager-1.4.0-SNAPSHOT.jar:?]
	at org.apache.hadoop.ozone.om.OzoneManager.getFileStatus(OzoneManager.java:3450) ~[ozone-manager-1.4.0-SNAPSHOT.jar:?]
	at org.apache.hadoop.ozone.protocolPB.OzoneManagerRequestHandler.getOzoneFileStatus(OzoneManagerRequestHandler.java:933) ~[ozone-manager-1.4.0-SNAPSHOT.jar:?]
	at org.apache.hadoop.ozone.protocolPB.OzoneManagerRequestHandler.handleReadRequest(OzoneManagerRequestHandler.java:238) ~[ozone-manager-1.4.0-SNAPSHOT.jar:?]
	at org.apache.hadoop.ozone.protocolPB.OzoneManagerProtocolServerSideTranslatorPB.submitRequestDirectlyToOM(OzoneManagerProtocolServerSideTranslatorPB.java:271) ~[ozone-manager-1.4.0-SNAPSHOT.jar:?]
	at org.apache.hadoop.ozone.protocolPB.OzoneManagerProtocolServerSideTranslatorPB.processRequest(OzoneManagerProtocolServerSideTranslatorPB.java:173) ~[ozone-manager-1.4.0-SNAPSHOT.jar:?]
	at org.apache.hadoop.hdds.server.OzoneProtocolMessageDispatcher.processRequest(OzoneProtocolMessageDispatcher.java:87) [hdds-server-framework-1.4.0-SNAPSHOT.jar:?]
	at org.apache.hadoop.ozone.protocolPB.OzoneManagerProtocolServerSideTranslatorPB.submitRequest(OzoneManagerProtocolServerSideTranslatorPB.java:147) [ozone-manager-1.4.0-SNAPSHOT.jar:?]
	at org.apache.hadoop.ozone.protocol.proto.OzoneManagerProtocolProtos$OzoneManagerService$2.callBlockingMethod(OzoneManagerProtocolProtos.java) [ozone-interface-client-1.4.0-SNAPSHOT.jar:?]
	at org.apache.hadoop.ipc.ProtobufRpcEngine$Server.processCall(ProtobufRpcEngine.java:465) [hadoop-common-3.3.4.jar:?]
	at org.apache.hadoop.ipc.ProtobufRpcEngine2$Server$ProtoBufRpcInvoker.call(ProtobufRpcEngine2.java:578) [hadoop-common-3.3.4.jar:?]
	at org.apache.hadoop.ipc.ProtobufRpcEngine2$Server$ProtoBufRpcInvoker.call(ProtobufRpcEngine2.java:556) [hadoop-common-3.3.4.jar:?]
	at org.apache.hadoop.ipc.RPC$Server.call(RPC.java:1093) [hadoop-common-3.3.4.jar:?]
	at org.apache.hadoop.ipc.Server$RpcCall.run(Server.java:1043) [hadoop-common-3.3.4.jar:?]
	at org.apache.hadoop.ipc.Server$RpcCall.run(Server.java:971) [hadoop-common-3.3.4.jar:?]
	at java.security.AccessController.doPrivileged(Native Method) ~[?:1.8.0_362]
	at javax.security.auth.Subject.doAs(Subject.java:422) [?:1.8.0_362]
	at org.apache.hadoop.security.UserGroupInformation.doAs(UserGroupInformation.java:1878) [hadoop-common-3.3.4.jar:?]
	at org.apache.hadoop.ipc.Server$Handler.run(Server.java:2976) [hadoop-common-3.3.4.jar:?]
13:39:26.555 [IPC Server handler 16 on default port 40229] ERROR OMAudit - user=runner | ip=127.0.0.1 | op=GET_FILE_STATUS {volume=volume46490, bucket=bucket73093, key=level0/level2/level2, dataSize=0, replicationConfig=null} | ret=FAILURE
org.apache.hadoop.ozone.om.exceptions.OMException: Unable to get file status: volume: volume46490 bucket: bucket73093 key: level0/level2/level2
	at org.apache.hadoop.ozone.om.KeyManagerImpl.getOzoneFileStatus(KeyManagerImpl.java:1162) ~[ozone-manager-1.4.0-SNAPSHOT.jar:?]
	at org.apache.hadoop.ozone.om.KeyManagerImpl.getFileStatus(KeyManagerImpl.java:1080) ~[ozone-manager-1.4.0-SNAPSHOT.jar:?]
	at org.apache.hadoop.ozone.om.OmMetadataReader.getFileStatus(OmMetadataReader.java:288) ~[ozone-manager-1.4.0-SNAPSHOT.jar:?]
	at org.apache.hadoop.ozone.om.OzoneManager.getFileStatus(OzoneManager.java:3450) ~[ozone-manager-1.4.0-SNAPSHOT.jar:?]
	at org.apache.hadoop.ozone.protocolPB.OzoneManagerRequestHandler.getOzoneFileStatus(OzoneManagerRequestHandler.java:933) ~[ozone-manager-1.4.0-SNAPSHOT.jar:?]
	at org.apache.hadoop.ozone.protocolPB.OzoneManagerRequestHandler.handleReadRequest(OzoneManagerRequestHandler.java:238) ~[ozone-manager-1.4.0-SNAPSHOT.jar:?]
	at org.apache.hadoop.ozone.protocolPB.OzoneManagerProtocolServerSideTranslatorPB.submitRequestDirectlyToOM(OzoneManagerProtocolServerSideTranslatorPB.java:271) ~[ozone-manager-1.4.0-SNAPSHOT.jar:?]
	at org.apache.hadoop.ozone.protocolPB.OzoneManagerProtocolServerSideTranslatorPB.processRequest(OzoneManagerProtocolServerSideTranslatorPB.java:173) ~[ozone-manager-1.4.0-SNAPSHOT.jar:?]
	at org.apache.hadoop.hdds.server.OzoneProtocolMessageDispatcher.processRequest(OzoneProtocolMessageDispatcher.java:87) [hdds-server-framework-1.4.0-SNAPSHOT.jar:?]
	at org.apache.hadoop.ozone.protocolPB.OzoneManagerProtocolServerSideTranslatorPB.submitRequest(OzoneManagerProtocolServerSideTranslatorPB.java:147) [ozone-manager-1.4.0-SNAPSHOT.jar:?]
	at org.apache.hadoop.ozone.protocol.proto.OzoneManagerProtocolProtos$OzoneManagerService$2.callBlockingMethod(OzoneManagerProtocolProtos.java) [ozone-interface-client-1.4.0-SNAPSHOT.jar:?]
	at org.apache.hadoop.ipc.ProtobufRpcEngine$Server.processCall(ProtobufRpcEngine.java:465) [hadoop-common-3.3.4.jar:?]
	at org.apache.hadoop.ipc.ProtobufRpcEngine2$Server$ProtoBufRpcInvoker.call(ProtobufRpcEngine2.java:578) [hadoop-common-3.3.4.jar:?]
	at org.apache.hadoop.ipc.ProtobufRpcEngine2$Server$ProtoBufRpcInvoker.call(ProtobufRpcEngine2.java:556) [hadoop-common-3.3.4.jar:?]
	at org.apache.hadoop.ipc.RPC$Server.call(RPC.java:1093) [hadoop-common-3.3.4.jar:?]
	at org.apache.hadoop.ipc.Server$RpcCall.run(Server.java:1043) [hadoop-common-3.3.4.jar:?]
	at org.apache.hadoop.ipc.Server$RpcCall.run(Server.java:971) [hadoop-common-3.3.4.jar:?]
	at java.security.AccessController.doPrivileged(Native Method) ~[?:1.8.0_362]
	at javax.security.auth.Subject.doAs(Subject.java:422) [?:1.8.0_362]
	at org.apache.hadoop.security.UserGroupInformation.doAs(UserGroupInformation.java:1878) [hadoop-common-3.3.4.jar:?]
	at org.apache.hadoop.ipc.Server$Handler.run(Server.java:2976) [hadoop-common-3.3.4.jar:?]
13:39:26.556 [IPC Server handler 18 on default port 40229] ERROR OMAudit - user=runner | ip=127.0.0.1 | op=GET_FILE_STATUS {volume=volume46490, bucket=bucket73093, key=level0/level2/file1, dataSize=0, replicationConfig=null} | ret=FAILURE
org.apache.hadoop.ozone.om.exceptions.OMException: Unable to get file status: volume: volume46490 bucket: bucket73093 key: level0/level2/file1
	at org.apache.hadoop.ozone.om.KeyManagerImpl.getOzoneFileStatus(KeyManagerImpl.java:1162) ~[ozone-manager-1.4.0-SNAPSHOT.jar:?]
	at org.apache.hadoop.ozone.om.KeyManagerImpl.getFileStatus(KeyManagerImpl.java:1080) ~[ozone-manager-1.4.0-SNAPSHOT.jar:?]
	at org.apache.hadoop.ozone.om.OmMetadataReader.getFileStatus(OmMetadataReader.java:288) ~[ozone-manager-1.4.0-SNAPSHOT.jar:?]
	at org.apache.hadoop.ozone.om.OzoneManager.getFileStatus(OzoneManager.java:3450) ~[ozone-manager-1.4.0-SNAPSHOT.jar:?]
	at org.apache.hadoop.ozone.protocolPB.OzoneManagerRequestHandler.getOzoneFileStatus(OzoneManagerRequestHandler.java:933) ~[ozone-manager-1.4.0-SNAPSHOT.jar:?]
	at org.apache.hadoop.ozone.protocolPB.OzoneManagerRequestHandler.handleReadRequest(OzoneManagerRequestHandler.java:238) ~[ozone-manager-1.4.0-SNAPSHOT.jar:?]
	at org.apache.hadoop.ozone.protocolPB.OzoneManagerProtocolServerSideTranslatorPB.submitRequestDirectlyToOM(OzoneManagerProtocolServerSideTranslatorPB.java:271) ~[ozone-manager-1.4.0-SNAPSHOT.jar:?]
	at org.apache.hadoop.ozone.protocolPB.OzoneManagerProtocolServerSideTranslatorPB.processRequest(OzoneManagerProtocolServerSideTranslatorPB.java:173) ~[ozone-manager-1.4.0-SNAPSHOT.jar:?]
	at org.apache.hadoop.hdds.server.OzoneProtocolMessageDispatcher.processRequest(OzoneProtocolMessageDispatcher.java:87) [hdds-server-framework-1.4.0-SNAPSHOT.jar:?]
	at org.apache.hadoop.ozone.protocolPB.OzoneManagerProtocolServerSideTranslatorPB.submitRequest(OzoneManagerProtocolServerSideTranslatorPB.java:147) [ozone-manager-1.4.0-SNAPSHOT.jar:?]
	at org.apache.hadoop.ozone.protocol.proto.OzoneManagerProtocolProtos$OzoneManagerService$2.callBlockingMethod(OzoneManagerProtocolProtos.java) [ozone-interface-client-1.4.0-SNAPSHOT.jar:?]
	at org.apache.hadoop.ipc.ProtobufRpcEngine$Server.processCall(ProtobufRpcEngine.java:465) [hadoop-common-3.3.4.jar:?]
	at org.apache.hadoop.ipc.ProtobufRpcEngine2$Server$ProtoBufRpcInvoker.call(ProtobufRpcEngine2.java:578) [hadoop-common-3.3.4.jar:?]
	at org.apache.hadoop.ipc.ProtobufRpcEngine2$Server$ProtoBufRpcInvoker.call(ProtobufRpcEngine2.java:556) [hadoop-common-3.3.4.jar:?]
	at org.apache.hadoop.ipc.RPC$Server.call(RPC.java:1093) [hadoop-common-3.3.4.jar:?]
	at org.apache.hadoop.ipc.Server$RpcCall.run(Server.java:1043) [hadoop-common-3.3.4.jar:?]
	at org.apache.hadoop.ipc.Server$RpcCall.run(Server.java:971) [hadoop-common-3.3.4.jar:?]
	at java.security.AccessController.doPrivileged(Native Method) ~[?:1.8.0_362]
	at javax.security.auth.Subject.doAs(Subject.java:422) [?:1.8.0_362]
	at org.apache.hadoop.security.UserGroupInformation.doAs(UserGroupInformation.java:1878) [hadoop-common-3.3.4.jar:?]
	at org.apache.hadoop.ipc.Server$Handler.run(Server.java:2976) [hadoop-common-3.3.4.jar:?]
13:39:26.558 [IPC Server handler 17 on default port 40229] ERROR OMAudit - user=runner | ip=127.0.0.1 | op=GET_FILE_STATUS {volume=volume46490, bucket=bucket73093, key=level0/level2/level2/file1, dataSize=0, replicationConfig=null} | ret=FAILURE
org.apache.hadoop.ozone.om.exceptions.OMException: Unable to get file status: volume: volume46490 bucket: bucket73093 key: level0/level2/level2/file1
	at org.apache.hadoop.ozone.om.KeyManagerImpl.getOzoneFileStatus(KeyManagerImpl.java:1162) ~[ozone-manager-1.4.0-SNAPSHOT.jar:?]
	at org.apache.hadoop.ozone.om.KeyManagerImpl.getFileStatus(KeyManagerImpl.java:1080) ~[ozone-manager-1.4.0-SNAPSHOT.jar:?]
	at org.apache.hadoop.ozone.om.OmMetadataReader.getFileStatus(OmMetadataReader.java:288) ~[ozone-manager-1.4.0-SNAPSHOT.jar:?]
	at org.apache.hadoop.ozone.om.OzoneManager.getFileStatus(OzoneManager.java:3450) ~[ozone-manager-1.4.0-SNAPSHOT.jar:?]
	at org.apache.hadoop.ozone.protocolPB.OzoneManagerRequestHandler.getOzoneFileStatus(OzoneManagerRequestHandler.java:933) ~[ozone-manager-1.4.0-SNAPSHOT.jar:?]
	at org.apache.hadoop.ozone.protocolPB.OzoneManagerRequestHandler.handleReadRequest(OzoneManagerRequestHandler.java:238) ~[ozone-manager-1.4.0-SNAPSHOT.jar:?]
	at org.apache.hadoop.ozone.protocolPB.OzoneManagerProtocolServerSideTranslatorPB.submitRequestDirectlyToOM(OzoneManagerProtocolServerSideTranslatorPB.java:271) ~[ozone-manager-1.4.0-SNAPSHOT.jar:?]
	at org.apache.hadoop.ozone.protocolPB.OzoneManagerProtocolServerSideTranslatorPB.processRequest(OzoneManagerProtocolServerSideTranslatorPB.java:173) ~[ozone-manager-1.4.0-SNAPSHOT.jar:?]
	at org.apache.hadoop.hdds.server.OzoneProtocolMessageDispatcher.processRequest(OzoneProtocolMessageDispatcher.java:87) [hdds-server-framework-1.4.0-SNAPSHOT.jar:?]
	at org.apache.hadoop.ozone.protocolPB.OzoneManagerProtocolServerSideTranslatorPB.submitRequest(OzoneManagerProtocolServerSideTranslatorPB.java:147) [ozone-manager-1.4.0-SNAPSHOT.jar:?]
	at org.apache.hadoop.ozone.protocol.proto.OzoneManagerProtocolProtos$OzoneManagerService$2.callBlockingMethod(OzoneManagerProtocolProtos.java) [ozone-interface-client-1.4.0-SNAPSHOT.jar:?]
	at org.apache.hadoop.ipc.ProtobufRpcEngine$Server.processCall(ProtobufRpcEngine.java:465) [hadoop-common-3.3.4.jar:?]
	at org.apache.hadoop.ipc.ProtobufRpcEngine2$Server$ProtoBufRpcInvoker.call(ProtobufRpcEngine2.java:578) [hadoop-common-3.3.4.jar:?]
	at org.apache.hadoop.ipc.ProtobufRpcEngine2$Server$ProtoBufRpcInvoker.call(ProtobufRpcEngine2.java:556) [hadoop-common-3.3.4.jar:?]
	at org.apache.hadoop.ipc.RPC$Server.call(RPC.java:1093) [hadoop-common-3.3.4.jar:?]
	at org.apache.hadoop.ipc.Server$RpcCall.run(Server.java:1043) [hadoop-common-3.3.4.jar:?]
	at org.apache.hadoop.ipc.Server$RpcCall.run(Server.java:971) [hadoop-common-3.3.4.jar:?]
	at java.security.AccessController.doPrivileged(Native Method) ~[?:1.8.0_362]
	at javax.security.auth.Subject.doAs(Subject.java:422) [?:1.8.0_362]
	at org.apache.hadoop.security.UserGroupInformation.doAs(UserGroupInformation.java:1878) [hadoop-common-3.3.4.jar:?]
	at org.apache.hadoop.ipc.Server$Handler.run(Server.java:2976) [hadoop-common-3.3.4.jar:?]
13:39:26.559 [IPC Server handler 0 on default port 40229] ERROR OMAudit - user=runner | ip=127.0.0.1 | op=GET_FILE_STATUS {volume=volume46490, bucket=bucket73093, key=level0/level3, dataSize=0, replicationConfig=null} | ret=FAILURE
org.apache.hadoop.ozone.om.exceptions.OMException: Unable to get file status: volume: volume46490 bucket: bucket73093 key: level0/level3
	at org.apache.hadoop.ozone.om.KeyManagerImpl.getOzoneFileStatus(KeyManagerImpl.java:1162) ~[ozone-manager-1.4.0-SNAPSHOT.jar:?]
	at org.apache.hadoop.ozone.om.KeyManagerImpl.getFileStatus(KeyManagerImpl.java:1080) ~[ozone-manager-1.4.0-SNAPSHOT.jar:?]
	at org.apache.hadoop.ozone.om.OmMetadataReader.getFileStatus(OmMetadataReader.java:288) ~[ozone-manager-1.4.0-SNAPSHOT.jar:?]
	at org.apache.hadoop.ozone.om.OzoneManager.getFileStatus(OzoneManager.java:3450) ~[ozone-manager-1.4.0-SNAPSHOT.jar:?]
	at org.apache.hadoop.ozone.protocolPB.OzoneManagerRequestHandler.getOzoneFileStatus(OzoneManagerRequestHandler.java:933) ~[ozone-manager-1.4.0-SNAPSHOT.jar:?]
	at org.apache.hadoop.ozone.protocolPB.OzoneManagerRequestHandler.handleReadRequest(OzoneManagerRequestHandler.java:238) ~[ozone-manager-1.4.0-SNAPSHOT.jar:?]
	at org.apache.hadoop.ozone.protocolPB.OzoneManagerProtocolServerSideTranslatorPB.submitRequestDirectlyToOM(OzoneManagerProtocolServerSideTranslatorPB.java:271) ~[ozone-manager-1.4.0-SNAPSHOT.jar:?]
	at org.apache.hadoop.ozone.protocolPB.OzoneManagerProtocolServerSideTranslatorPB.processRequest(OzoneManagerProtocolServerSideTranslatorPB.java:173) ~[ozone-manager-1.4.0-SNAPSHOT.jar:?]
	at org.apache.hadoop.hdds.server.OzoneProtocolMessageDispatcher.processRequest(OzoneProtocolMessageDispatcher.java:87) [hdds-server-framework-1.4.0-SNAPSHOT.jar:?]
	at org.apache.hadoop.ozone.protocolPB.OzoneManagerProtocolServerSideTranslatorPB.submitRequest(OzoneManagerProtocolServerSideTranslatorPB.java:147) [ozone-manager-1.4.0-SNAPSHOT.jar:?]
	at org.apache.hadoop.ozone.protocol.proto.OzoneManagerProtocolProtos$OzoneManagerService$2.callBlockingMethod(OzoneManagerProtocolProtos.java) [ozone-interface-client-1.4.0-SNAPSHOT.jar:?]
	at org.apache.hadoop.ipc.ProtobufRpcEngine$Server.processCall(ProtobufRpcEngine.java:465) [hadoop-common-3.3.4.jar:?]
	at org.apache.hadoop.ipc.ProtobufRpcEngine2$Server$ProtoBufRpcInvoker.call(ProtobufRpcEngine2.java:578) [hadoop-common-3.3.4.jar:?]
	at org.apache.hadoop.ipc.ProtobufRpcEngine2$Server$ProtoBufRpcInvoker.call(ProtobufRpcEngine2.java:556) [hadoop-common-3.3.4.jar:?]
	at org.apache.hadoop.ipc.RPC$Server.call(RPC.java:1093) [hadoop-common-3.3.4.jar:?]
	at org.apache.hadoop.ipc.Server$RpcCall.run(Server.java:1043) [hadoop-common-3.3.4.jar:?]
	at org.apache.hadoop.ipc.Server$RpcCall.run(Server.java:971) [hadoop-common-3.3.4.jar:?]
	at java.security.AccessController.doPrivileged(Native Method) ~[?:1.8.0_362]
	at javax.security.auth.Subject.doAs(Subject.java:422) [?:1.8.0_362]
	at org.apache.hadoop.security.UserGroupInformation.doAs(UserGroupInformation.java:1878) [hadoop-common-3.3.4.jar:?]
	at org.apache.hadoop.ipc.Server$Handler.run(Server.java:2976) [hadoop-common-3.3.4.jar:?]
13:39:26.560 [IPC Server handler 1 on default port 40229] ERROR OMAudit - user=runner | ip=127.0.0.1 | op=GET_FILE_STATUS {volume=volume46490, bucket=bucket73093, key=level0/level3/level3, dataSize=0, replicationConfig=null} | ret=FAILURE
org.apache.hadoop.ozone.om.exceptions.OMException: Unable to get file status: volume: volume46490 bucket: bucket73093 key: level0/level3/level3
	at org.apache.hadoop.ozone.om.KeyManagerImpl.getOzoneFileStatus(KeyManagerImpl.java:1162) ~[ozone-manager-1.4.0-SNAPSHOT.jar:?]
	at org.apache.hadoop.ozone.om.KeyManagerImpl.getFileStatus(KeyManagerImpl.java:1080) ~[ozone-manager-1.4.0-SNAPSHOT.jar:?]
	at org.apache.hadoop.ozone.om.OmMetadataReader.getFileStatus(OmMetadataReader.java:288) ~[ozone-manager-1.4.0-SNAPSHOT.jar:?]
	at org.apache.hadoop.ozone.om.OzoneManager.getFileStatus(OzoneManager.java:3450) ~[ozone-manager-1.4.0-SNAPSHOT.jar:?]
	at org.apache.hadoop.ozone.protocolPB.OzoneManagerRequestHandler.getOzoneFileStatus(OzoneManagerRequestHandler.java:933) ~[ozone-manager-1.4.0-SNAPSHOT.jar:?]
	at org.apache.hadoop.ozone.protocolPB.OzoneManagerRequestHandler.handleReadRequest(OzoneManagerRequestHandler.java:238) ~[ozone-manager-1.4.0-SNAPSHOT.jar:?]
	at org.apache.hadoop.ozone.protocolPB.OzoneManagerProtocolServerSideTranslatorPB.submitRequestDirectlyToOM(OzoneManagerProtocolServerSideTranslatorPB.java:271) ~[ozone-manager-1.4.0-SNAPSHOT.jar:?]
	at org.apache.hadoop.ozone.protocolPB.OzoneManagerProtocolServerSideTranslatorPB.processRequest(OzoneManagerProtocolServerSideTranslatorPB.java:173) ~[ozone-manager-1.4.0-SNAPSHOT.jar:?]
	at org.apache.hadoop.hdds.server.OzoneProtocolMessageDispatcher.processRequest(OzoneProtocolMessageDispatcher.java:87) [hdds-server-framework-1.4.0-SNAPSHOT.jar:?]
	at org.apache.hadoop.ozone.protocolPB.OzoneManagerProtocolServerSideTranslatorPB.submitRequest(OzoneManagerProtocolServerSideTranslatorPB.java:147) [ozone-manager-1.4.0-SNAPSHOT.jar:?]
	at org.apache.hadoop.ozone.protocol.proto.OzoneManagerProtocolProtos$OzoneManagerService$2.callBlockingMethod(OzoneManagerProtocolProtos.java) [ozone-interface-client-1.4.0-SNAPSHOT.jar:?]
	at org.apache.hadoop.ipc.ProtobufRpcEngine$Server.processCall(ProtobufRpcEngine.java:465) [hadoop-common-3.3.4.jar:?]
	at org.apache.hadoop.ipc.ProtobufRpcEngine2$Server$ProtoBufRpcInvoker.call(ProtobufRpcEngine2.java:578) [hadoop-common-3.3.4.jar:?]
	at org.apache.hadoop.ipc.ProtobufRpcEngine2$Server$ProtoBufRpcInvoker.call(ProtobufRpcEngine2.java:556) [hadoop-common-3.3.4.jar:?]
	at org.apache.hadoop.ipc.RPC$Server.call(RPC.java:1093) [hadoop-common-3.3.4.jar:?]
	at org.apache.hadoop.ipc.Server$RpcCall.run(Server.java:1043) [hadoop-common-3.3.4.jar:?]
	at org.apache.hadoop.ipc.Server$RpcCall.run(Server.java:971) [hadoop-common-3.3.4.jar:?]
	at java.security.AccessController.doPrivileged(Native Method) ~[?:1.8.0_362]
	at javax.security.auth.Subject.doAs(Subject.java:422) [?:1.8.0_362]
	at org.apache.hadoop.security.UserGroupInformation.doAs(UserGroupInformation.java:1878) [hadoop-common-3.3.4.jar:?]
	at org.apache.hadoop.ipc.Server$Handler.run(Server.java:2976) [hadoop-common-3.3.4.jar:?]
13:39:26.574 [IPC Server handler 2 on default port 40229] ERROR OMAudit - user=runner | ip=127.0.0.1 | op=GET_FILE_STATUS {volume=volume46490, bucket=bucket73093, key=level0/level3/file1, dataSize=0, replicationConfig=null} | ret=FAILURE
org.apache.hadoop.ozone.om.exceptions.OMException: Unable to get file status: volume: volume46490 bucket: bucket73093 key: level0/level3/file1
	at org.apache.hadoop.ozone.om.KeyManagerImpl.getOzoneFileStatus(KeyManagerImpl.java:1162) ~[ozone-manager-1.4.0-SNAPSHOT.jar:?]
	at org.apache.hadoop.ozone.om.KeyManagerImpl.getFileStatus(KeyManagerImpl.java:1080) ~[ozone-manager-1.4.0-SNAPSHOT.jar:?]
	at org.apache.hadoop.ozone.om.OmMetadataReader.getFileStatus(OmMetadataReader.java:288) ~[ozone-manager-1.4.0-SNAPSHOT.jar:?]
	at org.apache.hadoop.ozone.om.OzoneManager.getFileStatus(OzoneManager.java:3450) ~[ozone-manager-1.4.0-SNAPSHOT.jar:?]
	at org.apache.hadoop.ozone.protocolPB.OzoneManagerRequestHandler.getOzoneFileStatus(OzoneManagerRequestHandler.java:933) ~[ozone-manager-1.4.0-SNAPSHOT.jar:?]
	at org.apache.hadoop.ozone.protocolPB.OzoneManagerRequestHandler.handleReadRequest(OzoneManagerRequestHandler.java:238) ~[ozone-manager-1.4.0-SNAPSHOT.jar:?]
	at org.apache.hadoop.ozone.protocolPB.OzoneManagerProtocolServerSideTranslatorPB.submitRequestDirectlyToOM(OzoneManagerProtocolServerSideTranslatorPB.java:271) ~[ozone-manager-1.4.0-SNAPSHOT.jar:?]
	at org.apache.hadoop.ozone.protocolPB.OzoneManagerProtocolServerSideTranslatorPB.processRequest(OzoneManagerProtocolServerSideTranslatorPB.java:173) ~[ozone-manager-1.4.0-SNAPSHOT.jar:?]
	at org.apache.hadoop.hdds.server.OzoneProtocolMessageDispatcher.processRequest(OzoneProtocolMessageDispatcher.java:87) [hdds-server-framework-1.4.0-SNAPSHOT.jar:?]
	at org.apache.hadoop.ozone.protocolPB.OzoneManagerProtocolServerSideTranslatorPB.submitRequest(OzoneManagerProtocolServerSideTranslatorPB.java:147) [ozone-manager-1.4.0-SNAPSHOT.jar:?]
	at org.apache.hadoop.ozone.protocol.proto.OzoneManagerProtocolProtos$OzoneManagerService$2.callBlockingMethod(OzoneManagerProtocolProtos.java) [ozone-interface-client-1.4.0-SNAPSHOT.jar:?]
	at org.apache.hadoop.ipc.ProtobufRpcEngine$Server.processCall(ProtobufRpcEngine.java:465) [hadoop-common-3.3.4.jar:?]
	at org.apache.hadoop.ipc.ProtobufRpcEngine2$Server$ProtoBufRpcInvoker.call(ProtobufRpcEngine2.java:578) [hadoop-common-3.3.4.jar:?]
	at org.apache.hadoop.ipc.ProtobufRpcEngine2$Server$ProtoBufRpcInvoker.call(ProtobufRpcEngine2.java:556) [hadoop-common-3.3.4.jar:?]
	at org.apache.hadoop.ipc.RPC$Server.call(RPC.java:1093) [hadoop-common-3.3.4.jar:?]
	at org.apache.hadoop.ipc.Server$RpcCall.run(Server.java:1043) [hadoop-common-3.3.4.jar:?]
	at org.apache.hadoop.ipc.Server$RpcCall.run(Server.java:971) [hadoop-common-3.3.4.jar:?]
	at java.security.AccessController.doPrivileged(Native Method) ~[?:1.8.0_362]
	at javax.security.auth.Subject.doAs(Subject.java:422) [?:1.8.0_362]
	at org.apache.hadoop.security.UserGroupInformation.doAs(UserGroupInformation.java:1878) [hadoop-common-3.3.4.jar:?]
	at org.apache.hadoop.ipc.Server$Handler.run(Server.java:2976) [hadoop-common-3.3.4.jar:?]
13:39:26.575 [IPC Server handler 9 on default port 40229] ERROR OMAudit - user=runner | ip=127.0.0.1 | op=GET_FILE_STATUS {volume=volume46490, bucket=bucket73093, key=level0/level3/level3/file1, dataSize=0, replicationConfig=null} | ret=FAILURE
org.apache.hadoop.ozone.om.exceptions.OMException: Unable to get file status: volume: volume46490 bucket: bucket73093 key: level0/level3/level3/file1
	at org.apache.hadoop.ozone.om.KeyManagerImpl.getOzoneFileStatus(KeyManagerImpl.java:1162) ~[ozone-manager-1.4.0-SNAPSHOT.jar:?]
	at org.apache.hadoop.ozone.om.KeyManagerImpl.getFileStatus(KeyManagerImpl.java:1080) ~[ozone-manager-1.4.0-SNAPSHOT.jar:?]
	at org.apache.hadoop.ozone.om.OmMetadataReader.getFileStatus(OmMetadataReader.java:288) ~[ozone-manager-1.4.0-SNAPSHOT.jar:?]
	at org.apache.hadoop.ozone.om.OzoneManager.getFileStatus(OzoneManager.java:3450) ~[ozone-manager-1.4.0-SNAPSHOT.jar:?]
	at org.apache.hadoop.ozone.protocolPB.OzoneManagerRequestHandler.getOzoneFileStatus(OzoneManagerRequestHandler.java:933) ~[ozone-manager-1.4.0-SNAPSHOT.jar:?]
	at org.apache.hadoop.ozone.protocolPB.OzoneManagerRequestHandler.handleReadRequest(OzoneManagerRequestHandler.java:238) ~[ozone-manager-1.4.0-SNAPSHOT.jar:?]
	at org.apache.hadoop.ozone.protocolPB.OzoneManagerProtocolServerSideTranslatorPB.submitRequestDirectlyToOM(OzoneManagerProtocolServerSideTranslatorPB.java:271) ~[ozone-manager-1.4.0-SNAPSHOT.jar:?]
	at org.apache.hadoop.ozone.protocolPB.OzoneManagerProtocolServerSideTranslatorPB.processRequest(OzoneManagerProtocolServerSideTranslatorPB.java:173) ~[ozone-manager-1.4.0-SNAPSHOT.jar:?]
	at org.apache.hadoop.hdds.server.OzoneProtocolMessageDispatcher.processRequest(OzoneProtocolMessageDispatcher.java:87) [hdds-server-framework-1.4.0-SNAPSHOT.jar:?]
	at org.apache.hadoop.ozone.protocolPB.OzoneManagerProtocolServerSideTranslatorPB.submitRequest(OzoneManagerProtocolServerSideTranslatorPB.java:147) [ozone-manager-1.4.0-SNAPSHOT.jar:?]
	at org.apache.hadoop.ozone.protocol.proto.OzoneManagerProtocolProtos$OzoneManagerService$2.callBlockingMethod(OzoneManagerProtocolProtos.java) [ozone-interface-client-1.4.0-SNAPSHOT.jar:?]
	at org.apache.hadoop.ipc.ProtobufRpcEngine$Server.processCall(ProtobufRpcEngine.java:465) [hadoop-common-3.3.4.jar:?]
	at org.apache.hadoop.ipc.ProtobufRpcEngine2$Server$ProtoBufRpcInvoker.call(ProtobufRpcEngine2.java:578) [hadoop-common-3.3.4.jar:?]
	at org.apache.hadoop.ipc.ProtobufRpcEngine2$Server$ProtoBufRpcInvoker.call(ProtobufRpcEngine2.java:556) [hadoop-common-3.3.4.jar:?]
	at org.apache.hadoop.ipc.RPC$Server.call(RPC.java:1093) [hadoop-common-3.3.4.jar:?]
	at org.apache.hadoop.ipc.Server$RpcCall.run(Server.java:1043) [hadoop-common-3.3.4.jar:?]
	at org.apache.hadoop.ipc.Server$RpcCall.run(Server.java:971) [hadoop-common-3.3.4.jar:?]
	at java.security.AccessController.doPrivileged(Native Method) ~[?:1.8.0_362]
	at javax.security.auth.Subject.doAs(Subject.java:422) [?:1.8.0_362]
	at org.apache.hadoop.security.UserGroupInformation.doAs(UserGroupInformation.java:1878) [hadoop-common-3.3.4.jar:?]
	at org.apache.hadoop.ipc.Server$Handler.run(Server.java:2976) [hadoop-common-3.3.4.jar:?]
]]></system-out>
  </testcase>
  <testcase name="testRecursiveDelete" classname="TestOzoneFileSystem" time="0.174">
    <system-out><![CDATA[2023-02-21 13:40:24,994 [OM StateMachine ApplyTransaction Thread - 0] INFO  key.OMKeyRequest (OMKeyRequest.java:wrapUncommittedBlocksAsPseudoKey(837)) - Detect allocated but uncommitted blocks [{blockID={containerID=4, localID=111677748019200014}, length=4194304, offset=0, token=null, pipeline=null, createVersion=0, partNumber=0}] in key gdir1/pdir1/child.
2023-02-21 13:40:25,000 [OM StateMachine ApplyTransaction Thread - 0] INFO  key.OMKeyRequest (OMKeyRequest.java:wrapUncommittedBlocksAsPseudoKey(837)) - Detect allocated but uncommitted blocks [{blockID={containerID=3, localID=111677748019200015}, length=4194304, offset=0, token=null, pipeline=null, createVersion=0, partNumber=0}] in key gdir1/pdir2/child.
2023-02-21 13:40:25,006 [OM StateMachine ApplyTransaction Thread - 0] INFO  key.OMKeyRequest (OMKeyRequest.java:wrapUncommittedBlocksAsPseudoKey(837)) - Detect allocated but uncommitted blocks [{blockID={containerID=1, localID=111677748019200016}, length=4194304, offset=0, token=null, pipeline=null, createVersion=0, partNumber=0}] in key gdir1/pdir3/child.
2023-02-21 13:40:25,012 [OM StateMachine ApplyTransaction Thread - 0] INFO  key.OMKeyRequest (OMKeyRequest.java:wrapUncommittedBlocksAsPseudoKey(837)) - Detect allocated but uncommitted blocks [{blockID={containerID=4, localID=111677748019200017}, length=4194304, offset=0, token=null, pipeline=null, createVersion=0, partNumber=0}] in key gdir1/pdir4/child.
2023-02-21 13:40:25,018 [OM StateMachine ApplyTransaction Thread - 0] INFO  key.OMKeyRequest (OMKeyRequest.java:wrapUncommittedBlocksAsPseudoKey(837)) - Detect allocated but uncommitted blocks [{blockID={containerID=3, localID=111677748019200018}, length=4194304, offset=0, token=null, pipeline=null, createVersion=0, partNumber=0}] in key gdir1/pdir5/child.
2023-02-21 13:40:25,024 [OM StateMachine ApplyTransaction Thread - 0] INFO  key.OMKeyRequest (OMKeyRequest.java:wrapUncommittedBlocksAsPseudoKey(837)) - Detect allocated but uncommitted blocks [{blockID={containerID=2, localID=111677748019200019}, length=4194304, offset=0, token=null, pipeline=null, createVersion=0, partNumber=0}] in key gdir1/pdir6/child.
2023-02-21 13:40:25,029 [OM StateMachine ApplyTransaction Thread - 0] INFO  key.OMKeyRequest (OMKeyRequest.java:wrapUncommittedBlocksAsPseudoKey(837)) - Detect allocated but uncommitted blocks [{blockID={containerID=1, localID=111677748019200020}, length=4194304, offset=0, token=null, pipeline=null, createVersion=0, partNumber=0}] in key gdir1/pdir7/child.
2023-02-21 13:40:25,034 [OM StateMachine ApplyTransaction Thread - 0] INFO  key.OMKeyRequest (OMKeyRequest.java:wrapUncommittedBlocksAsPseudoKey(837)) - Detect allocated but uncommitted blocks [{blockID={containerID=4, localID=111677748019200021}, length=4194304, offset=0, token=null, pipeline=null, createVersion=0, partNumber=0}] in key gdir1/pdir8/child.
2023-02-21 13:40:25,039 [OM StateMachine ApplyTransaction Thread - 0] INFO  key.OMKeyRequest (OMKeyRequest.java:wrapUncommittedBlocksAsPseudoKey(837)) - Detect allocated but uncommitted blocks [{blockID={containerID=3, localID=111677748019200022}, length=4194304, offset=0, token=null, pipeline=null, createVersion=0, partNumber=0}] in key gdir1/pdir9/child.
2023-02-21 13:40:25,044 [OM StateMachine ApplyTransaction Thread - 0] INFO  key.OMKeyRequest (OMKeyRequest.java:wrapUncommittedBlocksAsPseudoKey(837)) - Detect allocated but uncommitted blocks [{blockID={containerID=4, localID=111677748019200023}, length=4194304, offset=0, token=null, pipeline=null, createVersion=0, partNumber=0}] in key gdir1/pdir10/child.
13:40:25.062 [IPC Server handler 13 on default port 34503] ERROR OMAudit - user=runner | ip=127.0.0.1 | op=GET_FILE_STATUS {volume=volume47855, bucket=bucket64015, key=gdir1, dataSize=0, replicationConfig=null} | ret=FAILURE
org.apache.hadoop.ozone.om.exceptions.OMException: Unable to get file status: volume: volume47855 bucket: bucket64015 key: gdir1
	at org.apache.hadoop.ozone.om.KeyManagerImpl.getOzoneFileStatus(KeyManagerImpl.java:1162) ~[ozone-manager-1.4.0-SNAPSHOT.jar:?]
	at org.apache.hadoop.ozone.om.KeyManagerImpl.getFileStatus(KeyManagerImpl.java:1080) ~[ozone-manager-1.4.0-SNAPSHOT.jar:?]
	at org.apache.hadoop.ozone.om.OmMetadataReader.getFileStatus(OmMetadataReader.java:288) ~[ozone-manager-1.4.0-SNAPSHOT.jar:?]
	at org.apache.hadoop.ozone.om.OzoneManager.getFileStatus(OzoneManager.java:3450) ~[ozone-manager-1.4.0-SNAPSHOT.jar:?]
	at org.apache.hadoop.ozone.protocolPB.OzoneManagerRequestHandler.getOzoneFileStatus(OzoneManagerRequestHandler.java:933) ~[ozone-manager-1.4.0-SNAPSHOT.jar:?]
	at org.apache.hadoop.ozone.protocolPB.OzoneManagerRequestHandler.handleReadRequest(OzoneManagerRequestHandler.java:238) ~[ozone-manager-1.4.0-SNAPSHOT.jar:?]
	at org.apache.hadoop.ozone.protocolPB.OzoneManagerProtocolServerSideTranslatorPB.submitReadRequestToOM(OzoneManagerProtocolServerSideTranslatorPB.java:223) ~[ozone-manager-1.4.0-SNAPSHOT.jar:?]
	at org.apache.hadoop.ozone.protocolPB.OzoneManagerProtocolServerSideTranslatorPB.processRequest(OzoneManagerProtocolServerSideTranslatorPB.java:177) ~[ozone-manager-1.4.0-SNAPSHOT.jar:?]
	at org.apache.hadoop.hdds.server.OzoneProtocolMessageDispatcher.processRequest(OzoneProtocolMessageDispatcher.java:87) [hdds-server-framework-1.4.0-SNAPSHOT.jar:?]
	at org.apache.hadoop.ozone.protocolPB.OzoneManagerProtocolServerSideTranslatorPB.submitRequest(OzoneManagerProtocolServerSideTranslatorPB.java:147) [ozone-manager-1.4.0-SNAPSHOT.jar:?]
	at org.apache.hadoop.ozone.protocol.proto.OzoneManagerProtocolProtos$OzoneManagerService$2.callBlockingMethod(OzoneManagerProtocolProtos.java) [ozone-interface-client-1.4.0-SNAPSHOT.jar:?]
	at org.apache.hadoop.ipc.ProtobufRpcEngine$Server.processCall(ProtobufRpcEngine.java:465) [hadoop-common-3.3.4.jar:?]
	at org.apache.hadoop.ipc.ProtobufRpcEngine2$Server$ProtoBufRpcInvoker.call(ProtobufRpcEngine2.java:578) [hadoop-common-3.3.4.jar:?]
	at org.apache.hadoop.ipc.ProtobufRpcEngine2$Server$ProtoBufRpcInvoker.call(ProtobufRpcEngine2.java:556) [hadoop-common-3.3.4.jar:?]
	at org.apache.hadoop.ipc.RPC$Server.call(RPC.java:1093) [hadoop-common-3.3.4.jar:?]
	at org.apache.hadoop.ipc.Server$RpcCall.run(Server.java:1043) [hadoop-common-3.3.4.jar:?]
	at org.apache.hadoop.ipc.Server$RpcCall.run(Server.java:971) [hadoop-common-3.3.4.jar:?]
	at java.security.AccessController.doPrivileged(Native Method) ~[?:1.8.0_362]
	at javax.security.auth.Subject.doAs(Subject.java:422) [?:1.8.0_362]
	at org.apache.hadoop.security.UserGroupInformation.doAs(UserGroupInformation.java:1878) [hadoop-common-3.3.4.jar:?]
	at org.apache.hadoop.ipc.Server$Handler.run(Server.java:2976) [hadoop-common-3.3.4.jar:?]
13:40:25.065 [IPC Server handler 16 on default port 34503] ERROR OMAudit - user=runner | ip=127.0.0.1 | op=GET_FILE_STATUS {volume=volume47855, bucket=bucket64015, key=gdir1/dir1, dataSize=0, replicationConfig=null} | ret=FAILURE
org.apache.hadoop.ozone.om.exceptions.OMException: Unable to get file status: volume: volume47855 bucket: bucket64015 key: gdir1/dir1
	at org.apache.hadoop.ozone.om.KeyManagerImpl.getOzoneFileStatus(KeyManagerImpl.java:1162) ~[ozone-manager-1.4.0-SNAPSHOT.jar:?]
	at org.apache.hadoop.ozone.om.KeyManagerImpl.getFileStatus(KeyManagerImpl.java:1080) ~[ozone-manager-1.4.0-SNAPSHOT.jar:?]
	at org.apache.hadoop.ozone.om.OmMetadataReader.getFileStatus(OmMetadataReader.java:288) ~[ozone-manager-1.4.0-SNAPSHOT.jar:?]
	at org.apache.hadoop.ozone.om.OzoneManager.getFileStatus(OzoneManager.java:3450) ~[ozone-manager-1.4.0-SNAPSHOT.jar:?]
	at org.apache.hadoop.ozone.protocolPB.OzoneManagerRequestHandler.getOzoneFileStatus(OzoneManagerRequestHandler.java:933) ~[ozone-manager-1.4.0-SNAPSHOT.jar:?]
	at org.apache.hadoop.ozone.protocolPB.OzoneManagerRequestHandler.handleReadRequest(OzoneManagerRequestHandler.java:238) ~[ozone-manager-1.4.0-SNAPSHOT.jar:?]
	at org.apache.hadoop.ozone.protocolPB.OzoneManagerProtocolServerSideTranslatorPB.submitReadRequestToOM(OzoneManagerProtocolServerSideTranslatorPB.java:223) ~[ozone-manager-1.4.0-SNAPSHOT.jar:?]
	at org.apache.hadoop.ozone.protocolPB.OzoneManagerProtocolServerSideTranslatorPB.processRequest(OzoneManagerProtocolServerSideTranslatorPB.java:177) ~[ozone-manager-1.4.0-SNAPSHOT.jar:?]
	at org.apache.hadoop.hdds.server.OzoneProtocolMessageDispatcher.processRequest(OzoneProtocolMessageDispatcher.java:87) [hdds-server-framework-1.4.0-SNAPSHOT.jar:?]
	at org.apache.hadoop.ozone.protocolPB.OzoneManagerProtocolServerSideTranslatorPB.submitRequest(OzoneManagerProtocolServerSideTranslatorPB.java:147) [ozone-manager-1.4.0-SNAPSHOT.jar:?]
	at org.apache.hadoop.ozone.protocol.proto.OzoneManagerProtocolProtos$OzoneManagerService$2.callBlockingMethod(OzoneManagerProtocolProtos.java) [ozone-interface-client-1.4.0-SNAPSHOT.jar:?]
	at org.apache.hadoop.ipc.ProtobufRpcEngine$Server.processCall(ProtobufRpcEngine.java:465) [hadoop-common-3.3.4.jar:?]
	at org.apache.hadoop.ipc.ProtobufRpcEngine2$Server$ProtoBufRpcInvoker.call(ProtobufRpcEngine2.java:578) [hadoop-common-3.3.4.jar:?]
	at org.apache.hadoop.ipc.ProtobufRpcEngine2$Server$ProtoBufRpcInvoker.call(ProtobufRpcEngine2.java:556) [hadoop-common-3.3.4.jar:?]
	at org.apache.hadoop.ipc.RPC$Server.call(RPC.java:1093) [hadoop-common-3.3.4.jar:?]
	at org.apache.hadoop.ipc.Server$RpcCall.run(Server.java:1043) [hadoop-common-3.3.4.jar:?]
	at org.apache.hadoop.ipc.Server$RpcCall.run(Server.java:971) [hadoop-common-3.3.4.jar:?]
	at java.security.AccessController.doPrivileged(Native Method) ~[?:1.8.0_362]
	at javax.security.auth.Subject.doAs(Subject.java:422) [?:1.8.0_362]
	at org.apache.hadoop.security.UserGroupInformation.doAs(UserGroupInformation.java:1878) [hadoop-common-3.3.4.jar:?]
	at org.apache.hadoop.ipc.Server$Handler.run(Server.java:2976) [hadoop-common-3.3.4.jar:?]
13:40:25.066 [IPC Server handler 19 on default port 34503] ERROR OMAudit - user=runner | ip=127.0.0.1 | op=GET_FILE_STATUS {volume=volume47855, bucket=bucket64015, key=gdir1/dir1/child, dataSize=0, replicationConfig=null} | ret=FAILURE
org.apache.hadoop.ozone.om.exceptions.OMException: Unable to get file status: volume: volume47855 bucket: bucket64015 key: gdir1/dir1/child
	at org.apache.hadoop.ozone.om.KeyManagerImpl.getOzoneFileStatus(KeyManagerImpl.java:1162) ~[ozone-manager-1.4.0-SNAPSHOT.jar:?]
	at org.apache.hadoop.ozone.om.KeyManagerImpl.getFileStatus(KeyManagerImpl.java:1080) ~[ozone-manager-1.4.0-SNAPSHOT.jar:?]
	at org.apache.hadoop.ozone.om.OmMetadataReader.getFileStatus(OmMetadataReader.java:288) ~[ozone-manager-1.4.0-SNAPSHOT.jar:?]
	at org.apache.hadoop.ozone.om.OzoneManager.getFileStatus(OzoneManager.java:3450) ~[ozone-manager-1.4.0-SNAPSHOT.jar:?]
	at org.apache.hadoop.ozone.protocolPB.OzoneManagerRequestHandler.getOzoneFileStatus(OzoneManagerRequestHandler.java:933) ~[ozone-manager-1.4.0-SNAPSHOT.jar:?]
	at org.apache.hadoop.ozone.protocolPB.OzoneManagerRequestHandler.handleReadRequest(OzoneManagerRequestHandler.java:238) ~[ozone-manager-1.4.0-SNAPSHOT.jar:?]
	at org.apache.hadoop.ozone.protocolPB.OzoneManagerProtocolServerSideTranslatorPB.submitReadRequestToOM(OzoneManagerProtocolServerSideTranslatorPB.java:223) ~[ozone-manager-1.4.0-SNAPSHOT.jar:?]
	at org.apache.hadoop.ozone.protocolPB.OzoneManagerProtocolServerSideTranslatorPB.processRequest(OzoneManagerProtocolServerSideTranslatorPB.java:177) ~[ozone-manager-1.4.0-SNAPSHOT.jar:?]
	at org.apache.hadoop.hdds.server.OzoneProtocolMessageDispatcher.processRequest(OzoneProtocolMessageDispatcher.java:87) [hdds-server-framework-1.4.0-SNAPSHOT.jar:?]
	at org.apache.hadoop.ozone.protocolPB.OzoneManagerProtocolServerSideTranslatorPB.submitRequest(OzoneManagerProtocolServerSideTranslatorPB.java:147) [ozone-manager-1.4.0-SNAPSHOT.jar:?]
	at org.apache.hadoop.ozone.protocol.proto.OzoneManagerProtocolProtos$OzoneManagerService$2.callBlockingMethod(OzoneManagerProtocolProtos.java) [ozone-interface-client-1.4.0-SNAPSHOT.jar:?]
	at org.apache.hadoop.ipc.ProtobufRpcEngine$Server.processCall(ProtobufRpcEngine.java:465) [hadoop-common-3.3.4.jar:?]
	at org.apache.hadoop.ipc.ProtobufRpcEngine2$Server$ProtoBufRpcInvoker.call(ProtobufRpcEngine2.java:578) [hadoop-common-3.3.4.jar:?]
	at org.apache.hadoop.ipc.ProtobufRpcEngine2$Server$ProtoBufRpcInvoker.call(ProtobufRpcEngine2.java:556) [hadoop-common-3.3.4.jar:?]
	at org.apache.hadoop.ipc.RPC$Server.call(RPC.java:1093) [hadoop-common-3.3.4.jar:?]
	at org.apache.hadoop.ipc.Server$RpcCall.run(Server.java:1043) [hadoop-common-3.3.4.jar:?]
	at org.apache.hadoop.ipc.Server$RpcCall.run(Server.java:971) [hadoop-common-3.3.4.jar:?]
	at java.security.AccessController.doPrivileged(Native Method) ~[?:1.8.0_362]
	at javax.security.auth.Subject.doAs(Subject.java:422) [?:1.8.0_362]
	at org.apache.hadoop.security.UserGroupInformation.doAs(UserGroupInformation.java:1878) [hadoop-common-3.3.4.jar:?]
	at org.apache.hadoop.ipc.Server$Handler.run(Server.java:2976) [hadoop-common-3.3.4.jar:?]
13:40:25.067 [IPC Server handler 2 on default port 34503] ERROR OMAudit - user=runner | ip=127.0.0.1 | op=GET_FILE_STATUS {volume=volume47855, bucket=bucket64015, key=gdir1/dir2, dataSize=0, replicationConfig=null} | ret=FAILURE
org.apache.hadoop.ozone.om.exceptions.OMException: Unable to get file status: volume: volume47855 bucket: bucket64015 key: gdir1/dir2
	at org.apache.hadoop.ozone.om.KeyManagerImpl.getOzoneFileStatus(KeyManagerImpl.java:1162) ~[ozone-manager-1.4.0-SNAPSHOT.jar:?]
	at org.apache.hadoop.ozone.om.KeyManagerImpl.getFileStatus(KeyManagerImpl.java:1080) ~[ozone-manager-1.4.0-SNAPSHOT.jar:?]
	at org.apache.hadoop.ozone.om.OmMetadataReader.getFileStatus(OmMetadataReader.java:288) ~[ozone-manager-1.4.0-SNAPSHOT.jar:?]
	at org.apache.hadoop.ozone.om.OzoneManager.getFileStatus(OzoneManager.java:3450) ~[ozone-manager-1.4.0-SNAPSHOT.jar:?]
	at org.apache.hadoop.ozone.protocolPB.OzoneManagerRequestHandler.getOzoneFileStatus(OzoneManagerRequestHandler.java:933) ~[ozone-manager-1.4.0-SNAPSHOT.jar:?]
	at org.apache.hadoop.ozone.protocolPB.OzoneManagerRequestHandler.handleReadRequest(OzoneManagerRequestHandler.java:238) ~[ozone-manager-1.4.0-SNAPSHOT.jar:?]
	at org.apache.hadoop.ozone.protocolPB.OzoneManagerProtocolServerSideTranslatorPB.submitReadRequestToOM(OzoneManagerProtocolServerSideTranslatorPB.java:223) ~[ozone-manager-1.4.0-SNAPSHOT.jar:?]
	at org.apache.hadoop.ozone.protocolPB.OzoneManagerProtocolServerSideTranslatorPB.processRequest(OzoneManagerProtocolServerSideTranslatorPB.java:177) ~[ozone-manager-1.4.0-SNAPSHOT.jar:?]
	at org.apache.hadoop.hdds.server.OzoneProtocolMessageDispatcher.processRequest(OzoneProtocolMessageDispatcher.java:87) [hdds-server-framework-1.4.0-SNAPSHOT.jar:?]
	at org.apache.hadoop.ozone.protocolPB.OzoneManagerProtocolServerSideTranslatorPB.submitRequest(OzoneManagerProtocolServerSideTranslatorPB.java:147) [ozone-manager-1.4.0-SNAPSHOT.jar:?]
	at org.apache.hadoop.ozone.protocol.proto.OzoneManagerProtocolProtos$OzoneManagerService$2.callBlockingMethod(OzoneManagerProtocolProtos.java) [ozone-interface-client-1.4.0-SNAPSHOT.jar:?]
	at org.apache.hadoop.ipc.ProtobufRpcEngine$Server.processCall(ProtobufRpcEngine.java:465) [hadoop-common-3.3.4.jar:?]
	at org.apache.hadoop.ipc.ProtobufRpcEngine2$Server$ProtoBufRpcInvoker.call(ProtobufRpcEngine2.java:578) [hadoop-common-3.3.4.jar:?]
	at org.apache.hadoop.ipc.ProtobufRpcEngine2$Server$ProtoBufRpcInvoker.call(ProtobufRpcEngine2.java:556) [hadoop-common-3.3.4.jar:?]
	at org.apache.hadoop.ipc.RPC$Server.call(RPC.java:1093) [hadoop-common-3.3.4.jar:?]
	at org.apache.hadoop.ipc.Server$RpcCall.run(Server.java:1043) [hadoop-common-3.3.4.jar:?]
	at org.apache.hadoop.ipc.Server$RpcCall.run(Server.java:971) [hadoop-common-3.3.4.jar:?]
	at java.security.AccessController.doPrivileged(Native Method) ~[?:1.8.0_362]
	at javax.security.auth.Subject.doAs(Subject.java:422) [?:1.8.0_362]
	at org.apache.hadoop.security.UserGroupInformation.doAs(UserGroupInformation.java:1878) [hadoop-common-3.3.4.jar:?]
	at org.apache.hadoop.ipc.Server$Handler.run(Server.java:2976) [hadoop-common-3.3.4.jar:?]
13:40:25.068 [IPC Server handler 1 on default port 34503] ERROR OMAudit - user=runner | ip=127.0.0.1 | op=GET_FILE_STATUS {volume=volume47855, bucket=bucket64015, key=gdir1/dir2/child, dataSize=0, replicationConfig=null} | ret=FAILURE
org.apache.hadoop.ozone.om.exceptions.OMException: Unable to get file status: volume: volume47855 bucket: bucket64015 key: gdir1/dir2/child
	at org.apache.hadoop.ozone.om.KeyManagerImpl.getOzoneFileStatus(KeyManagerImpl.java:1162) ~[ozone-manager-1.4.0-SNAPSHOT.jar:?]
	at org.apache.hadoop.ozone.om.KeyManagerImpl.getFileStatus(KeyManagerImpl.java:1080) ~[ozone-manager-1.4.0-SNAPSHOT.jar:?]
	at org.apache.hadoop.ozone.om.OmMetadataReader.getFileStatus(OmMetadataReader.java:288) ~[ozone-manager-1.4.0-SNAPSHOT.jar:?]
	at org.apache.hadoop.ozone.om.OzoneManager.getFileStatus(OzoneManager.java:3450) ~[ozone-manager-1.4.0-SNAPSHOT.jar:?]
	at org.apache.hadoop.ozone.protocolPB.OzoneManagerRequestHandler.getOzoneFileStatus(OzoneManagerRequestHandler.java:933) ~[ozone-manager-1.4.0-SNAPSHOT.jar:?]
	at org.apache.hadoop.ozone.protocolPB.OzoneManagerRequestHandler.handleReadRequest(OzoneManagerRequestHandler.java:238) ~[ozone-manager-1.4.0-SNAPSHOT.jar:?]
	at org.apache.hadoop.ozone.protocolPB.OzoneManagerProtocolServerSideTranslatorPB.submitReadRequestToOM(OzoneManagerProtocolServerSideTranslatorPB.java:223) ~[ozone-manager-1.4.0-SNAPSHOT.jar:?]
	at org.apache.hadoop.ozone.protocolPB.OzoneManagerProtocolServerSideTranslatorPB.processRequest(OzoneManagerProtocolServerSideTranslatorPB.java:177) ~[ozone-manager-1.4.0-SNAPSHOT.jar:?]
	at org.apache.hadoop.hdds.server.OzoneProtocolMessageDispatcher.processRequest(OzoneProtocolMessageDispatcher.java:87) [hdds-server-framework-1.4.0-SNAPSHOT.jar:?]
	at org.apache.hadoop.ozone.protocolPB.OzoneManagerProtocolServerSideTranslatorPB.submitRequest(OzoneManagerProtocolServerSideTranslatorPB.java:147) [ozone-manager-1.4.0-SNAPSHOT.jar:?]
	at org.apache.hadoop.ozone.protocol.proto.OzoneManagerProtocolProtos$OzoneManagerService$2.callBlockingMethod(OzoneManagerProtocolProtos.java) [ozone-interface-client-1.4.0-SNAPSHOT.jar:?]
	at org.apache.hadoop.ipc.ProtobufRpcEngine$Server.processCall(ProtobufRpcEngine.java:465) [hadoop-common-3.3.4.jar:?]
	at org.apache.hadoop.ipc.ProtobufRpcEngine2$Server$ProtoBufRpcInvoker.call(ProtobufRpcEngine2.java:578) [hadoop-common-3.3.4.jar:?]
	at org.apache.hadoop.ipc.ProtobufRpcEngine2$Server$ProtoBufRpcInvoker.call(ProtobufRpcEngine2.java:556) [hadoop-common-3.3.4.jar:?]
	at org.apache.hadoop.ipc.RPC$Server.call(RPC.java:1093) [hadoop-common-3.3.4.jar:?]
	at org.apache.hadoop.ipc.Server$RpcCall.run(Server.java:1043) [hadoop-common-3.3.4.jar:?]
	at org.apache.hadoop.ipc.Server$RpcCall.run(Server.java:971) [hadoop-common-3.3.4.jar:?]
	at java.security.AccessController.doPrivileged(Native Method) ~[?:1.8.0_362]
	at javax.security.auth.Subject.doAs(Subject.java:422) [?:1.8.0_362]
	at org.apache.hadoop.security.UserGroupInformation.doAs(UserGroupInformation.java:1878) [hadoop-common-3.3.4.jar:?]
	at org.apache.hadoop.ipc.Server$Handler.run(Server.java:2976) [hadoop-common-3.3.4.jar:?]
13:40:25.069 [IPC Server handler 3 on default port 34503] ERROR OMAudit - user=runner | ip=127.0.0.1 | op=GET_FILE_STATUS {volume=volume47855, bucket=bucket64015, key=gdir1/dir3, dataSize=0, replicationConfig=null} | ret=FAILURE
org.apache.hadoop.ozone.om.exceptions.OMException: Unable to get file status: volume: volume47855 bucket: bucket64015 key: gdir1/dir3
	at org.apache.hadoop.ozone.om.KeyManagerImpl.getOzoneFileStatus(KeyManagerImpl.java:1162) ~[ozone-manager-1.4.0-SNAPSHOT.jar:?]
	at org.apache.hadoop.ozone.om.KeyManagerImpl.getFileStatus(KeyManagerImpl.java:1080) ~[ozone-manager-1.4.0-SNAPSHOT.jar:?]
	at org.apache.hadoop.ozone.om.OmMetadataReader.getFileStatus(OmMetadataReader.java:288) ~[ozone-manager-1.4.0-SNAPSHOT.jar:?]
	at org.apache.hadoop.ozone.om.OzoneManager.getFileStatus(OzoneManager.java:3450) ~[ozone-manager-1.4.0-SNAPSHOT.jar:?]
	at org.apache.hadoop.ozone.protocolPB.OzoneManagerRequestHandler.getOzoneFileStatus(OzoneManagerRequestHandler.java:933) ~[ozone-manager-1.4.0-SNAPSHOT.jar:?]
	at org.apache.hadoop.ozone.protocolPB.OzoneManagerRequestHandler.handleReadRequest(OzoneManagerRequestHandler.java:238) ~[ozone-manager-1.4.0-SNAPSHOT.jar:?]
	at org.apache.hadoop.ozone.protocolPB.OzoneManagerProtocolServerSideTranslatorPB.submitReadRequestToOM(OzoneManagerProtocolServerSideTranslatorPB.java:223) ~[ozone-manager-1.4.0-SNAPSHOT.jar:?]
	at org.apache.hadoop.ozone.protocolPB.OzoneManagerProtocolServerSideTranslatorPB.processRequest(OzoneManagerProtocolServerSideTranslatorPB.java:177) ~[ozone-manager-1.4.0-SNAPSHOT.jar:?]
	at org.apache.hadoop.hdds.server.OzoneProtocolMessageDispatcher.processRequest(OzoneProtocolMessageDispatcher.java:87) [hdds-server-framework-1.4.0-SNAPSHOT.jar:?]
	at org.apache.hadoop.ozone.protocolPB.OzoneManagerProtocolServerSideTranslatorPB.submitRequest(OzoneManagerProtocolServerSideTranslatorPB.java:147) [ozone-manager-1.4.0-SNAPSHOT.jar:?]
	at org.apache.hadoop.ozone.protocol.proto.OzoneManagerProtocolProtos$OzoneManagerService$2.callBlockingMethod(OzoneManagerProtocolProtos.java) [ozone-interface-client-1.4.0-SNAPSHOT.jar:?]
	at org.apache.hadoop.ipc.ProtobufRpcEngine$Server.processCall(ProtobufRpcEngine.java:465) [hadoop-common-3.3.4.jar:?]
	at org.apache.hadoop.ipc.ProtobufRpcEngine2$Server$ProtoBufRpcInvoker.call(ProtobufRpcEngine2.java:578) [hadoop-common-3.3.4.jar:?]
	at org.apache.hadoop.ipc.ProtobufRpcEngine2$Server$ProtoBufRpcInvoker.call(ProtobufRpcEngine2.java:556) [hadoop-common-3.3.4.jar:?]
	at org.apache.hadoop.ipc.RPC$Server.call(RPC.java:1093) [hadoop-common-3.3.4.jar:?]
	at org.apache.hadoop.ipc.Server$RpcCall.run(Server.java:1043) [hadoop-common-3.3.4.jar:?]
	at org.apache.hadoop.ipc.Server$RpcCall.run(Server.java:971) [hadoop-common-3.3.4.jar:?]
	at java.security.AccessController.doPrivileged(Native Method) ~[?:1.8.0_362]
	at javax.security.auth.Subject.doAs(Subject.java:422) [?:1.8.0_362]
	at org.apache.hadoop.security.UserGroupInformation.doAs(UserGroupInformation.java:1878) [hadoop-common-3.3.4.jar:?]
	at org.apache.hadoop.ipc.Server$Handler.run(Server.java:2976) [hadoop-common-3.3.4.jar:?]
13:40:25.069 [IPC Server handler 0 on default port 34503] ERROR OMAudit - user=runner | ip=127.0.0.1 | op=GET_FILE_STATUS {volume=volume47855, bucket=bucket64015, key=gdir1/dir3/child, dataSize=0, replicationConfig=null} | ret=FAILURE
org.apache.hadoop.ozone.om.exceptions.OMException: Unable to get file status: volume: volume47855 bucket: bucket64015 key: gdir1/dir3/child
	at org.apache.hadoop.ozone.om.KeyManagerImpl.getOzoneFileStatus(KeyManagerImpl.java:1162) ~[ozone-manager-1.4.0-SNAPSHOT.jar:?]
	at org.apache.hadoop.ozone.om.KeyManagerImpl.getFileStatus(KeyManagerImpl.java:1080) ~[ozone-manager-1.4.0-SNAPSHOT.jar:?]
	at org.apache.hadoop.ozone.om.OmMetadataReader.getFileStatus(OmMetadataReader.java:288) ~[ozone-manager-1.4.0-SNAPSHOT.jar:?]
	at org.apache.hadoop.ozone.om.OzoneManager.getFileStatus(OzoneManager.java:3450) ~[ozone-manager-1.4.0-SNAPSHOT.jar:?]
	at org.apache.hadoop.ozone.protocolPB.OzoneManagerRequestHandler.getOzoneFileStatus(OzoneManagerRequestHandler.java:933) ~[ozone-manager-1.4.0-SNAPSHOT.jar:?]
	at org.apache.hadoop.ozone.protocolPB.OzoneManagerRequestHandler.handleReadRequest(OzoneManagerRequestHandler.java:238) ~[ozone-manager-1.4.0-SNAPSHOT.jar:?]
	at org.apache.hadoop.ozone.protocolPB.OzoneManagerProtocolServerSideTranslatorPB.submitReadRequestToOM(OzoneManagerProtocolServerSideTranslatorPB.java:223) ~[ozone-manager-1.4.0-SNAPSHOT.jar:?]
	at org.apache.hadoop.ozone.protocolPB.OzoneManagerProtocolServerSideTranslatorPB.processRequest(OzoneManagerProtocolServerSideTranslatorPB.java:177) ~[ozone-manager-1.4.0-SNAPSHOT.jar:?]
	at org.apache.hadoop.hdds.server.OzoneProtocolMessageDispatcher.processRequest(OzoneProtocolMessageDispatcher.java:87) [hdds-server-framework-1.4.0-SNAPSHOT.jar:?]
	at org.apache.hadoop.ozone.protocolPB.OzoneManagerProtocolServerSideTranslatorPB.submitRequest(OzoneManagerProtocolServerSideTranslatorPB.java:147) [ozone-manager-1.4.0-SNAPSHOT.jar:?]
	at org.apache.hadoop.ozone.protocol.proto.OzoneManagerProtocolProtos$OzoneManagerService$2.callBlockingMethod(OzoneManagerProtocolProtos.java) [ozone-interface-client-1.4.0-SNAPSHOT.jar:?]
	at org.apache.hadoop.ipc.ProtobufRpcEngine$Server.processCall(ProtobufRpcEngine.java:465) [hadoop-common-3.3.4.jar:?]
	at org.apache.hadoop.ipc.ProtobufRpcEngine2$Server$ProtoBufRpcInvoker.call(ProtobufRpcEngine2.java:578) [hadoop-common-3.3.4.jar:?]
	at org.apache.hadoop.ipc.ProtobufRpcEngine2$Server$ProtoBufRpcInvoker.call(ProtobufRpcEngine2.java:556) [hadoop-common-3.3.4.jar:?]
	at org.apache.hadoop.ipc.RPC$Server.call(RPC.java:1093) [hadoop-common-3.3.4.jar:?]
	at org.apache.hadoop.ipc.Server$RpcCall.run(Server.java:1043) [hadoop-common-3.3.4.jar:?]
	at org.apache.hadoop.ipc.Server$RpcCall.run(Server.java:971) [hadoop-common-3.3.4.jar:?]
	at java.security.AccessController.doPrivileged(Native Method) ~[?:1.8.0_362]
	at javax.security.auth.Subject.doAs(Subject.java:422) [?:1.8.0_362]
	at org.apache.hadoop.security.UserGroupInformation.doAs(UserGroupInformation.java:1878) [hadoop-common-3.3.4.jar:?]
	at org.apache.hadoop.ipc.Server$Handler.run(Server.java:2976) [hadoop-common-3.3.4.jar:?]
13:40:25.070 [IPC Server handler 18 on default port 34503] ERROR OMAudit - user=runner | ip=127.0.0.1 | op=GET_FILE_STATUS {volume=volume47855, bucket=bucket64015, key=gdir1/dir4, dataSize=0, replicationConfig=null} | ret=FAILURE
org.apache.hadoop.ozone.om.exceptions.OMException: Unable to get file status: volume: volume47855 bucket: bucket64015 key: gdir1/dir4
	at org.apache.hadoop.ozone.om.KeyManagerImpl.getOzoneFileStatus(KeyManagerImpl.java:1162) ~[ozone-manager-1.4.0-SNAPSHOT.jar:?]
	at org.apache.hadoop.ozone.om.KeyManagerImpl.getFileStatus(KeyManagerImpl.java:1080) ~[ozone-manager-1.4.0-SNAPSHOT.jar:?]
	at org.apache.hadoop.ozone.om.OmMetadataReader.getFileStatus(OmMetadataReader.java:288) ~[ozone-manager-1.4.0-SNAPSHOT.jar:?]
	at org.apache.hadoop.ozone.om.OzoneManager.getFileStatus(OzoneManager.java:3450) ~[ozone-manager-1.4.0-SNAPSHOT.jar:?]
	at org.apache.hadoop.ozone.protocolPB.OzoneManagerRequestHandler.getOzoneFileStatus(OzoneManagerRequestHandler.java:933) ~[ozone-manager-1.4.0-SNAPSHOT.jar:?]
	at org.apache.hadoop.ozone.protocolPB.OzoneManagerRequestHandler.handleReadRequest(OzoneManagerRequestHandler.java:238) ~[ozone-manager-1.4.0-SNAPSHOT.jar:?]
	at org.apache.hadoop.ozone.protocolPB.OzoneManagerProtocolServerSideTranslatorPB.submitReadRequestToOM(OzoneManagerProtocolServerSideTranslatorPB.java:223) ~[ozone-manager-1.4.0-SNAPSHOT.jar:?]
	at org.apache.hadoop.ozone.protocolPB.OzoneManagerProtocolServerSideTranslatorPB.processRequest(OzoneManagerProtocolServerSideTranslatorPB.java:177) ~[ozone-manager-1.4.0-SNAPSHOT.jar:?]
	at org.apache.hadoop.hdds.server.OzoneProtocolMessageDispatcher.processRequest(OzoneProtocolMessageDispatcher.java:87) [hdds-server-framework-1.4.0-SNAPSHOT.jar:?]
	at org.apache.hadoop.ozone.protocolPB.OzoneManagerProtocolServerSideTranslatorPB.submitRequest(OzoneManagerProtocolServerSideTranslatorPB.java:147) [ozone-manager-1.4.0-SNAPSHOT.jar:?]
	at org.apache.hadoop.ozone.protocol.proto.OzoneManagerProtocolProtos$OzoneManagerService$2.callBlockingMethod(OzoneManagerProtocolProtos.java) [ozone-interface-client-1.4.0-SNAPSHOT.jar:?]
	at org.apache.hadoop.ipc.ProtobufRpcEngine$Server.processCall(ProtobufRpcEngine.java:465) [hadoop-common-3.3.4.jar:?]
	at org.apache.hadoop.ipc.ProtobufRpcEngine2$Server$ProtoBufRpcInvoker.call(ProtobufRpcEngine2.java:578) [hadoop-common-3.3.4.jar:?]
	at org.apache.hadoop.ipc.ProtobufRpcEngine2$Server$ProtoBufRpcInvoker.call(ProtobufRpcEngine2.java:556) [hadoop-common-3.3.4.jar:?]
	at org.apache.hadoop.ipc.RPC$Server.call(RPC.java:1093) [hadoop-common-3.3.4.jar:?]
	at org.apache.hadoop.ipc.Server$RpcCall.run(Server.java:1043) [hadoop-common-3.3.4.jar:?]
	at org.apache.hadoop.ipc.Server$RpcCall.run(Server.java:971) [hadoop-common-3.3.4.jar:?]
	at java.security.AccessController.doPrivileged(Native Method) ~[?:1.8.0_362]
	at javax.security.auth.Subject.doAs(Subject.java:422) [?:1.8.0_362]
	at org.apache.hadoop.security.UserGroupInformation.doAs(UserGroupInformation.java:1878) [hadoop-common-3.3.4.jar:?]
	at org.apache.hadoop.ipc.Server$Handler.run(Server.java:2976) [hadoop-common-3.3.4.jar:?]
13:40:25.071 [IPC Server handler 11 on default port 34503] ERROR OMAudit - user=runner | ip=127.0.0.1 | op=GET_FILE_STATUS {volume=volume47855, bucket=bucket64015, key=gdir1/dir4/child, dataSize=0, replicationConfig=null} | ret=FAILURE
org.apache.hadoop.ozone.om.exceptions.OMException: Unable to get file status: volume: volume47855 bucket: bucket64015 key: gdir1/dir4/child
	at org.apache.hadoop.ozone.om.KeyManagerImpl.getOzoneFileStatus(KeyManagerImpl.java:1162) ~[ozone-manager-1.4.0-SNAPSHOT.jar:?]
	at org.apache.hadoop.ozone.om.KeyManagerImpl.getFileStatus(KeyManagerImpl.java:1080) ~[ozone-manager-1.4.0-SNAPSHOT.jar:?]
	at org.apache.hadoop.ozone.om.OmMetadataReader.getFileStatus(OmMetadataReader.java:288) ~[ozone-manager-1.4.0-SNAPSHOT.jar:?]
	at org.apache.hadoop.ozone.om.OzoneManager.getFileStatus(OzoneManager.java:3450) ~[ozone-manager-1.4.0-SNAPSHOT.jar:?]
	at org.apache.hadoop.ozone.protocolPB.OzoneManagerRequestHandler.getOzoneFileStatus(OzoneManagerRequestHandler.java:933) ~[ozone-manager-1.4.0-SNAPSHOT.jar:?]
	at org.apache.hadoop.ozone.protocolPB.OzoneManagerRequestHandler.handleReadRequest(OzoneManagerRequestHandler.java:238) ~[ozone-manager-1.4.0-SNAPSHOT.jar:?]
	at org.apache.hadoop.ozone.protocolPB.OzoneManagerProtocolServerSideTranslatorPB.submitReadRequestToOM(OzoneManagerProtocolServerSideTranslatorPB.java:223) ~[ozone-manager-1.4.0-SNAPSHOT.jar:?]
	at org.apache.hadoop.ozone.protocolPB.OzoneManagerProtocolServerSideTranslatorPB.processRequest(OzoneManagerProtocolServerSideTranslatorPB.java:177) ~[ozone-manager-1.4.0-SNAPSHOT.jar:?]
	at org.apache.hadoop.hdds.server.OzoneProtocolMessageDispatcher.processRequest(OzoneProtocolMessageDispatcher.java:87) [hdds-server-framework-1.4.0-SNAPSHOT.jar:?]
	at org.apache.hadoop.ozone.protocolPB.OzoneManagerProtocolServerSideTranslatorPB.submitRequest(OzoneManagerProtocolServerSideTranslatorPB.java:147) [ozone-manager-1.4.0-SNAPSHOT.jar:?]
	at org.apache.hadoop.ozone.protocol.proto.OzoneManagerProtocolProtos$OzoneManagerService$2.callBlockingMethod(OzoneManagerProtocolProtos.java) [ozone-interface-client-1.4.0-SNAPSHOT.jar:?]
	at org.apache.hadoop.ipc.ProtobufRpcEngine$Server.processCall(ProtobufRpcEngine.java:465) [hadoop-common-3.3.4.jar:?]
	at org.apache.hadoop.ipc.ProtobufRpcEngine2$Server$ProtoBufRpcInvoker.call(ProtobufRpcEngine2.java:578) [hadoop-common-3.3.4.jar:?]
	at org.apache.hadoop.ipc.ProtobufRpcEngine2$Server$ProtoBufRpcInvoker.call(ProtobufRpcEngine2.java:556) [hadoop-common-3.3.4.jar:?]
	at org.apache.hadoop.ipc.RPC$Server.call(RPC.java:1093) [hadoop-common-3.3.4.jar:?]
	at org.apache.hadoop.ipc.Server$RpcCall.run(Server.java:1043) [hadoop-common-3.3.4.jar:?]
	at org.apache.hadoop.ipc.Server$RpcCall.run(Server.java:971) [hadoop-common-3.3.4.jar:?]
	at java.security.AccessController.doPrivileged(Native Method) ~[?:1.8.0_362]
	at javax.security.auth.Subject.doAs(Subject.java:422) [?:1.8.0_362]
	at org.apache.hadoop.security.UserGroupInformation.doAs(UserGroupInformation.java:1878) [hadoop-common-3.3.4.jar:?]
	at org.apache.hadoop.ipc.Server$Handler.run(Server.java:2976) [hadoop-common-3.3.4.jar:?]
13:40:25.072 [IPC Server handler 9 on default port 34503] ERROR OMAudit - user=runner | ip=127.0.0.1 | op=GET_FILE_STATUS {volume=volume47855, bucket=bucket64015, key=gdir1/dir5, dataSize=0, replicationConfig=null} | ret=FAILURE
org.apache.hadoop.ozone.om.exceptions.OMException: Unable to get file status: volume: volume47855 bucket: bucket64015 key: gdir1/dir5
	at org.apache.hadoop.ozone.om.KeyManagerImpl.getOzoneFileStatus(KeyManagerImpl.java:1162) ~[ozone-manager-1.4.0-SNAPSHOT.jar:?]
	at org.apache.hadoop.ozone.om.KeyManagerImpl.getFileStatus(KeyManagerImpl.java:1080) ~[ozone-manager-1.4.0-SNAPSHOT.jar:?]
	at org.apache.hadoop.ozone.om.OmMetadataReader.getFileStatus(OmMetadataReader.java:288) ~[ozone-manager-1.4.0-SNAPSHOT.jar:?]
	at org.apache.hadoop.ozone.om.OzoneManager.getFileStatus(OzoneManager.java:3450) ~[ozone-manager-1.4.0-SNAPSHOT.jar:?]
	at org.apache.hadoop.ozone.protocolPB.OzoneManagerRequestHandler.getOzoneFileStatus(OzoneManagerRequestHandler.java:933) ~[ozone-manager-1.4.0-SNAPSHOT.jar:?]
	at org.apache.hadoop.ozone.protocolPB.OzoneManagerRequestHandler.handleReadRequest(OzoneManagerRequestHandler.java:238) ~[ozone-manager-1.4.0-SNAPSHOT.jar:?]
	at org.apache.hadoop.ozone.protocolPB.OzoneManagerProtocolServerSideTranslatorPB.submitReadRequestToOM(OzoneManagerProtocolServerSideTranslatorPB.java:223) ~[ozone-manager-1.4.0-SNAPSHOT.jar:?]
	at org.apache.hadoop.ozone.protocolPB.OzoneManagerProtocolServerSideTranslatorPB.processRequest(OzoneManagerProtocolServerSideTranslatorPB.java:177) ~[ozone-manager-1.4.0-SNAPSHOT.jar:?]
	at org.apache.hadoop.hdds.server.OzoneProtocolMessageDispatcher.processRequest(OzoneProtocolMessageDispatcher.java:87) [hdds-server-framework-1.4.0-SNAPSHOT.jar:?]
	at org.apache.hadoop.ozone.protocolPB.OzoneManagerProtocolServerSideTranslatorPB.submitRequest(OzoneManagerProtocolServerSideTranslatorPB.java:147) [ozone-manager-1.4.0-SNAPSHOT.jar:?]
	at org.apache.hadoop.ozone.protocol.proto.OzoneManagerProtocolProtos$OzoneManagerService$2.callBlockingMethod(OzoneManagerProtocolProtos.java) [ozone-interface-client-1.4.0-SNAPSHOT.jar:?]
	at org.apache.hadoop.ipc.ProtobufRpcEngine$Server.processCall(ProtobufRpcEngine.java:465) [hadoop-common-3.3.4.jar:?]
	at org.apache.hadoop.ipc.ProtobufRpcEngine2$Server$ProtoBufRpcInvoker.call(ProtobufRpcEngine2.java:578) [hadoop-common-3.3.4.jar:?]
	at org.apache.hadoop.ipc.ProtobufRpcEngine2$Server$ProtoBufRpcInvoker.call(ProtobufRpcEngine2.java:556) [hadoop-common-3.3.4.jar:?]
	at org.apache.hadoop.ipc.RPC$Server.call(RPC.java:1093) [hadoop-common-3.3.4.jar:?]
	at org.apache.hadoop.ipc.Server$RpcCall.run(Server.java:1043) [hadoop-common-3.3.4.jar:?]
	at org.apache.hadoop.ipc.Server$RpcCall.run(Server.java:971) [hadoop-common-3.3.4.jar:?]
	at java.security.AccessController.doPrivileged(Native Method) ~[?:1.8.0_362]
	at javax.security.auth.Subject.doAs(Subject.java:422) [?:1.8.0_362]
	at org.apache.hadoop.security.UserGroupInformation.doAs(UserGroupInformation.java:1878) [hadoop-common-3.3.4.jar:?]
	at org.apache.hadoop.ipc.Server$Handler.run(Server.java:2976) [hadoop-common-3.3.4.jar:?]
13:40:25.072 [IPC Server handler 14 on default port 34503] ERROR OMAudit - user=runner | ip=127.0.0.1 | op=GET_FILE_STATUS {volume=volume47855, bucket=bucket64015, key=gdir1/dir5/child, dataSize=0, replicationConfig=null} | ret=FAILURE
org.apache.hadoop.ozone.om.exceptions.OMException: Unable to get file status: volume: volume47855 bucket: bucket64015 key: gdir1/dir5/child
	at org.apache.hadoop.ozone.om.KeyManagerImpl.getOzoneFileStatus(KeyManagerImpl.java:1162) ~[ozone-manager-1.4.0-SNAPSHOT.jar:?]
	at org.apache.hadoop.ozone.om.KeyManagerImpl.getFileStatus(KeyManagerImpl.java:1080) ~[ozone-manager-1.4.0-SNAPSHOT.jar:?]
	at org.apache.hadoop.ozone.om.OmMetadataReader.getFileStatus(OmMetadataReader.java:288) ~[ozone-manager-1.4.0-SNAPSHOT.jar:?]
	at org.apache.hadoop.ozone.om.OzoneManager.getFileStatus(OzoneManager.java:3450) ~[ozone-manager-1.4.0-SNAPSHOT.jar:?]
	at org.apache.hadoop.ozone.protocolPB.OzoneManagerRequestHandler.getOzoneFileStatus(OzoneManagerRequestHandler.java:933) ~[ozone-manager-1.4.0-SNAPSHOT.jar:?]
	at org.apache.hadoop.ozone.protocolPB.OzoneManagerRequestHandler.handleReadRequest(OzoneManagerRequestHandler.java:238) ~[ozone-manager-1.4.0-SNAPSHOT.jar:?]
	at org.apache.hadoop.ozone.protocolPB.OzoneManagerProtocolServerSideTranslatorPB.submitReadRequestToOM(OzoneManagerProtocolServerSideTranslatorPB.java:223) ~[ozone-manager-1.4.0-SNAPSHOT.jar:?]
	at org.apache.hadoop.ozone.protocolPB.OzoneManagerProtocolServerSideTranslatorPB.processRequest(OzoneManagerProtocolServerSideTranslatorPB.java:177) ~[ozone-manager-1.4.0-SNAPSHOT.jar:?]
	at org.apache.hadoop.hdds.server.OzoneProtocolMessageDispatcher.processRequest(OzoneProtocolMessageDispatcher.java:87) [hdds-server-framework-1.4.0-SNAPSHOT.jar:?]
	at org.apache.hadoop.ozone.protocolPB.OzoneManagerProtocolServerSideTranslatorPB.submitRequest(OzoneManagerProtocolServerSideTranslatorPB.java:147) [ozone-manager-1.4.0-SNAPSHOT.jar:?]
	at org.apache.hadoop.ozone.protocol.proto.OzoneManagerProtocolProtos$OzoneManagerService$2.callBlockingMethod(OzoneManagerProtocolProtos.java) [ozone-interface-client-1.4.0-SNAPSHOT.jar:?]
	at org.apache.hadoop.ipc.ProtobufRpcEngine$Server.processCall(ProtobufRpcEngine.java:465) [hadoop-common-3.3.4.jar:?]
	at org.apache.hadoop.ipc.ProtobufRpcEngine2$Server$ProtoBufRpcInvoker.call(ProtobufRpcEngine2.java:578) [hadoop-common-3.3.4.jar:?]
	at org.apache.hadoop.ipc.ProtobufRpcEngine2$Server$ProtoBufRpcInvoker.call(ProtobufRpcEngine2.java:556) [hadoop-common-3.3.4.jar:?]
	at org.apache.hadoop.ipc.RPC$Server.call(RPC.java:1093) [hadoop-common-3.3.4.jar:?]
	at org.apache.hadoop.ipc.Server$RpcCall.run(Server.java:1043) [hadoop-common-3.3.4.jar:?]
	at org.apache.hadoop.ipc.Server$RpcCall.run(Server.java:971) [hadoop-common-3.3.4.jar:?]
	at java.security.AccessController.doPrivileged(Native Method) ~[?:1.8.0_362]
	at javax.security.auth.Subject.doAs(Subject.java:422) [?:1.8.0_362]
	at org.apache.hadoop.security.UserGroupInformation.doAs(UserGroupInformation.java:1878) [hadoop-common-3.3.4.jar:?]
	at org.apache.hadoop.ipc.Server$Handler.run(Server.java:2976) [hadoop-common-3.3.4.jar:?]
13:40:25.073 [IPC Server handler 7 on default port 34503] ERROR OMAudit - user=runner | ip=127.0.0.1 | op=GET_FILE_STATUS {volume=volume47855, bucket=bucket64015, key=gdir1/dir6, dataSize=0, replicationConfig=null} | ret=FAILURE
org.apache.hadoop.ozone.om.exceptions.OMException: Unable to get file status: volume: volume47855 bucket: bucket64015 key: gdir1/dir6
	at org.apache.hadoop.ozone.om.KeyManagerImpl.getOzoneFileStatus(KeyManagerImpl.java:1162) ~[ozone-manager-1.4.0-SNAPSHOT.jar:?]
	at org.apache.hadoop.ozone.om.KeyManagerImpl.getFileStatus(KeyManagerImpl.java:1080) ~[ozone-manager-1.4.0-SNAPSHOT.jar:?]
	at org.apache.hadoop.ozone.om.OmMetadataReader.getFileStatus(OmMetadataReader.java:288) ~[ozone-manager-1.4.0-SNAPSHOT.jar:?]
	at org.apache.hadoop.ozone.om.OzoneManager.getFileStatus(OzoneManager.java:3450) ~[ozone-manager-1.4.0-SNAPSHOT.jar:?]
	at org.apache.hadoop.ozone.protocolPB.OzoneManagerRequestHandler.getOzoneFileStatus(OzoneManagerRequestHandler.java:933) ~[ozone-manager-1.4.0-SNAPSHOT.jar:?]
	at org.apache.hadoop.ozone.protocolPB.OzoneManagerRequestHandler.handleReadRequest(OzoneManagerRequestHandler.java:238) ~[ozone-manager-1.4.0-SNAPSHOT.jar:?]
	at org.apache.hadoop.ozone.protocolPB.OzoneManagerProtocolServerSideTranslatorPB.submitReadRequestToOM(OzoneManagerProtocolServerSideTranslatorPB.java:223) ~[ozone-manager-1.4.0-SNAPSHOT.jar:?]
	at org.apache.hadoop.ozone.protocolPB.OzoneManagerProtocolServerSideTranslatorPB.processRequest(OzoneManagerProtocolServerSideTranslatorPB.java:177) ~[ozone-manager-1.4.0-SNAPSHOT.jar:?]
	at org.apache.hadoop.hdds.server.OzoneProtocolMessageDispatcher.processRequest(OzoneProtocolMessageDispatcher.java:87) [hdds-server-framework-1.4.0-SNAPSHOT.jar:?]
	at org.apache.hadoop.ozone.protocolPB.OzoneManagerProtocolServerSideTranslatorPB.submitRequest(OzoneManagerProtocolServerSideTranslatorPB.java:147) [ozone-manager-1.4.0-SNAPSHOT.jar:?]
	at org.apache.hadoop.ozone.protocol.proto.OzoneManagerProtocolProtos$OzoneManagerService$2.callBlockingMethod(OzoneManagerProtocolProtos.java) [ozone-interface-client-1.4.0-SNAPSHOT.jar:?]
	at org.apache.hadoop.ipc.ProtobufRpcEngine$Server.processCall(ProtobufRpcEngine.java:465) [hadoop-common-3.3.4.jar:?]
	at org.apache.hadoop.ipc.ProtobufRpcEngine2$Server$ProtoBufRpcInvoker.call(ProtobufRpcEngine2.java:578) [hadoop-common-3.3.4.jar:?]
	at org.apache.hadoop.ipc.ProtobufRpcEngine2$Server$ProtoBufRpcInvoker.call(ProtobufRpcEngine2.java:556) [hadoop-common-3.3.4.jar:?]
	at org.apache.hadoop.ipc.RPC$Server.call(RPC.java:1093) [hadoop-common-3.3.4.jar:?]
	at org.apache.hadoop.ipc.Server$RpcCall.run(Server.java:1043) [hadoop-common-3.3.4.jar:?]
	at org.apache.hadoop.ipc.Server$RpcCall.run(Server.java:971) [hadoop-common-3.3.4.jar:?]
	at java.security.AccessController.doPrivileged(Native Method) ~[?:1.8.0_362]
	at javax.security.auth.Subject.doAs(Subject.java:422) [?:1.8.0_362]
	at org.apache.hadoop.security.UserGroupInformation.doAs(UserGroupInformation.java:1878) [hadoop-common-3.3.4.jar:?]
	at org.apache.hadoop.ipc.Server$Handler.run(Server.java:2976) [hadoop-common-3.3.4.jar:?]
13:40:25.074 [IPC Server handler 15 on default port 34503] ERROR OMAudit - user=runner | ip=127.0.0.1 | op=GET_FILE_STATUS {volume=volume47855, bucket=bucket64015, key=gdir1/dir6/child, dataSize=0, replicationConfig=null} | ret=FAILURE
org.apache.hadoop.ozone.om.exceptions.OMException: Unable to get file status: volume: volume47855 bucket: bucket64015 key: gdir1/dir6/child
	at org.apache.hadoop.ozone.om.KeyManagerImpl.getOzoneFileStatus(KeyManagerImpl.java:1162) ~[ozone-manager-1.4.0-SNAPSHOT.jar:?]
	at org.apache.hadoop.ozone.om.KeyManagerImpl.getFileStatus(KeyManagerImpl.java:1080) ~[ozone-manager-1.4.0-SNAPSHOT.jar:?]
	at org.apache.hadoop.ozone.om.OmMetadataReader.getFileStatus(OmMetadataReader.java:288) ~[ozone-manager-1.4.0-SNAPSHOT.jar:?]
	at org.apache.hadoop.ozone.om.OzoneManager.getFileStatus(OzoneManager.java:3450) ~[ozone-manager-1.4.0-SNAPSHOT.jar:?]
	at org.apache.hadoop.ozone.protocolPB.OzoneManagerRequestHandler.getOzoneFileStatus(OzoneManagerRequestHandler.java:933) ~[ozone-manager-1.4.0-SNAPSHOT.jar:?]
	at org.apache.hadoop.ozone.protocolPB.OzoneManagerRequestHandler.handleReadRequest(OzoneManagerRequestHandler.java:238) ~[ozone-manager-1.4.0-SNAPSHOT.jar:?]
	at org.apache.hadoop.ozone.protocolPB.OzoneManagerProtocolServerSideTranslatorPB.submitReadRequestToOM(OzoneManagerProtocolServerSideTranslatorPB.java:223) ~[ozone-manager-1.4.0-SNAPSHOT.jar:?]
	at org.apache.hadoop.ozone.protocolPB.OzoneManagerProtocolServerSideTranslatorPB.processRequest(OzoneManagerProtocolServerSideTranslatorPB.java:177) ~[ozone-manager-1.4.0-SNAPSHOT.jar:?]
	at org.apache.hadoop.hdds.server.OzoneProtocolMessageDispatcher.processRequest(OzoneProtocolMessageDispatcher.java:87) [hdds-server-framework-1.4.0-SNAPSHOT.jar:?]
	at org.apache.hadoop.ozone.protocolPB.OzoneManagerProtocolServerSideTranslatorPB.submitRequest(OzoneManagerProtocolServerSideTranslatorPB.java:147) [ozone-manager-1.4.0-SNAPSHOT.jar:?]
	at org.apache.hadoop.ozone.protocol.proto.OzoneManagerProtocolProtos$OzoneManagerService$2.callBlockingMethod(OzoneManagerProtocolProtos.java) [ozone-interface-client-1.4.0-SNAPSHOT.jar:?]
	at org.apache.hadoop.ipc.ProtobufRpcEngine$Server.processCall(ProtobufRpcEngine.java:465) [hadoop-common-3.3.4.jar:?]
	at org.apache.hadoop.ipc.ProtobufRpcEngine2$Server$ProtoBufRpcInvoker.call(ProtobufRpcEngine2.java:578) [hadoop-common-3.3.4.jar:?]
	at org.apache.hadoop.ipc.ProtobufRpcEngine2$Server$ProtoBufRpcInvoker.call(ProtobufRpcEngine2.java:556) [hadoop-common-3.3.4.jar:?]
	at org.apache.hadoop.ipc.RPC$Server.call(RPC.java:1093) [hadoop-common-3.3.4.jar:?]
	at org.apache.hadoop.ipc.Server$RpcCall.run(Server.java:1043) [hadoop-common-3.3.4.jar:?]
	at org.apache.hadoop.ipc.Server$RpcCall.run(Server.java:971) [hadoop-common-3.3.4.jar:?]
	at java.security.AccessController.doPrivileged(Native Method) ~[?:1.8.0_362]
	at javax.security.auth.Subject.doAs(Subject.java:422) [?:1.8.0_362]
	at org.apache.hadoop.security.UserGroupInformation.doAs(UserGroupInformation.java:1878) [hadoop-common-3.3.4.jar:?]
	at org.apache.hadoop.ipc.Server$Handler.run(Server.java:2976) [hadoop-common-3.3.4.jar:?]
13:40:25.075 [IPC Server handler 5 on default port 34503] ERROR OMAudit - user=runner | ip=127.0.0.1 | op=GET_FILE_STATUS {volume=volume47855, bucket=bucket64015, key=gdir1/dir7, dataSize=0, replicationConfig=null} | ret=FAILURE
org.apache.hadoop.ozone.om.exceptions.OMException: Unable to get file status: volume: volume47855 bucket: bucket64015 key: gdir1/dir7
	at org.apache.hadoop.ozone.om.KeyManagerImpl.getOzoneFileStatus(KeyManagerImpl.java:1162) ~[ozone-manager-1.4.0-SNAPSHOT.jar:?]
	at org.apache.hadoop.ozone.om.KeyManagerImpl.getFileStatus(KeyManagerImpl.java:1080) ~[ozone-manager-1.4.0-SNAPSHOT.jar:?]
	at org.apache.hadoop.ozone.om.OmMetadataReader.getFileStatus(OmMetadataReader.java:288) ~[ozone-manager-1.4.0-SNAPSHOT.jar:?]
	at org.apache.hadoop.ozone.om.OzoneManager.getFileStatus(OzoneManager.java:3450) ~[ozone-manager-1.4.0-SNAPSHOT.jar:?]
	at org.apache.hadoop.ozone.protocolPB.OzoneManagerRequestHandler.getOzoneFileStatus(OzoneManagerRequestHandler.java:933) ~[ozone-manager-1.4.0-SNAPSHOT.jar:?]
	at org.apache.hadoop.ozone.protocolPB.OzoneManagerRequestHandler.handleReadRequest(OzoneManagerRequestHandler.java:238) ~[ozone-manager-1.4.0-SNAPSHOT.jar:?]
	at org.apache.hadoop.ozone.protocolPB.OzoneManagerProtocolServerSideTranslatorPB.submitReadRequestToOM(OzoneManagerProtocolServerSideTranslatorPB.java:223) ~[ozone-manager-1.4.0-SNAPSHOT.jar:?]
	at org.apache.hadoop.ozone.protocolPB.OzoneManagerProtocolServerSideTranslatorPB.processRequest(OzoneManagerProtocolServerSideTranslatorPB.java:177) ~[ozone-manager-1.4.0-SNAPSHOT.jar:?]
	at org.apache.hadoop.hdds.server.OzoneProtocolMessageDispatcher.processRequest(OzoneProtocolMessageDispatcher.java:87) [hdds-server-framework-1.4.0-SNAPSHOT.jar:?]
	at org.apache.hadoop.ozone.protocolPB.OzoneManagerProtocolServerSideTranslatorPB.submitRequest(OzoneManagerProtocolServerSideTranslatorPB.java:147) [ozone-manager-1.4.0-SNAPSHOT.jar:?]
	at org.apache.hadoop.ozone.protocol.proto.OzoneManagerProtocolProtos$OzoneManagerService$2.callBlockingMethod(OzoneManagerProtocolProtos.java) [ozone-interface-client-1.4.0-SNAPSHOT.jar:?]
	at org.apache.hadoop.ipc.ProtobufRpcEngine$Server.processCall(ProtobufRpcEngine.java:465) [hadoop-common-3.3.4.jar:?]
	at org.apache.hadoop.ipc.ProtobufRpcEngine2$Server$ProtoBufRpcInvoker.call(ProtobufRpcEngine2.java:578) [hadoop-common-3.3.4.jar:?]
	at org.apache.hadoop.ipc.ProtobufRpcEngine2$Server$ProtoBufRpcInvoker.call(ProtobufRpcEngine2.java:556) [hadoop-common-3.3.4.jar:?]
	at org.apache.hadoop.ipc.RPC$Server.call(RPC.java:1093) [hadoop-common-3.3.4.jar:?]
	at org.apache.hadoop.ipc.Server$RpcCall.run(Server.java:1043) [hadoop-common-3.3.4.jar:?]
	at org.apache.hadoop.ipc.Server$RpcCall.run(Server.java:971) [hadoop-common-3.3.4.jar:?]
	at java.security.AccessController.doPrivileged(Native Method) ~[?:1.8.0_362]
	at javax.security.auth.Subject.doAs(Subject.java:422) [?:1.8.0_362]
	at org.apache.hadoop.security.UserGroupInformation.doAs(UserGroupInformation.java:1878) [hadoop-common-3.3.4.jar:?]
	at org.apache.hadoop.ipc.Server$Handler.run(Server.java:2976) [hadoop-common-3.3.4.jar:?]
13:40:25.076 [IPC Server handler 17 on default port 34503] ERROR OMAudit - user=runner | ip=127.0.0.1 | op=GET_FILE_STATUS {volume=volume47855, bucket=bucket64015, key=gdir1/dir7/child, dataSize=0, replicationConfig=null} | ret=FAILURE
org.apache.hadoop.ozone.om.exceptions.OMException: Unable to get file status: volume: volume47855 bucket: bucket64015 key: gdir1/dir7/child
	at org.apache.hadoop.ozone.om.KeyManagerImpl.getOzoneFileStatus(KeyManagerImpl.java:1162) ~[ozone-manager-1.4.0-SNAPSHOT.jar:?]
	at org.apache.hadoop.ozone.om.KeyManagerImpl.getFileStatus(KeyManagerImpl.java:1080) ~[ozone-manager-1.4.0-SNAPSHOT.jar:?]
	at org.apache.hadoop.ozone.om.OmMetadataReader.getFileStatus(OmMetadataReader.java:288) ~[ozone-manager-1.4.0-SNAPSHOT.jar:?]
	at org.apache.hadoop.ozone.om.OzoneManager.getFileStatus(OzoneManager.java:3450) ~[ozone-manager-1.4.0-SNAPSHOT.jar:?]
	at org.apache.hadoop.ozone.protocolPB.OzoneManagerRequestHandler.getOzoneFileStatus(OzoneManagerRequestHandler.java:933) ~[ozone-manager-1.4.0-SNAPSHOT.jar:?]
	at org.apache.hadoop.ozone.protocolPB.OzoneManagerRequestHandler.handleReadRequest(OzoneManagerRequestHandler.java:238) ~[ozone-manager-1.4.0-SNAPSHOT.jar:?]
	at org.apache.hadoop.ozone.protocolPB.OzoneManagerProtocolServerSideTranslatorPB.submitReadRequestToOM(OzoneManagerProtocolServerSideTranslatorPB.java:223) ~[ozone-manager-1.4.0-SNAPSHOT.jar:?]
	at org.apache.hadoop.ozone.protocolPB.OzoneManagerProtocolServerSideTranslatorPB.processRequest(OzoneManagerProtocolServerSideTranslatorPB.java:177) ~[ozone-manager-1.4.0-SNAPSHOT.jar:?]
	at org.apache.hadoop.hdds.server.OzoneProtocolMessageDispatcher.processRequest(OzoneProtocolMessageDispatcher.java:87) [hdds-server-framework-1.4.0-SNAPSHOT.jar:?]
	at org.apache.hadoop.ozone.protocolPB.OzoneManagerProtocolServerSideTranslatorPB.submitRequest(OzoneManagerProtocolServerSideTranslatorPB.java:147) [ozone-manager-1.4.0-SNAPSHOT.jar:?]
	at org.apache.hadoop.ozone.protocol.proto.OzoneManagerProtocolProtos$OzoneManagerService$2.callBlockingMethod(OzoneManagerProtocolProtos.java) [ozone-interface-client-1.4.0-SNAPSHOT.jar:?]
	at org.apache.hadoop.ipc.ProtobufRpcEngine$Server.processCall(ProtobufRpcEngine.java:465) [hadoop-common-3.3.4.jar:?]
	at org.apache.hadoop.ipc.ProtobufRpcEngine2$Server$ProtoBufRpcInvoker.call(ProtobufRpcEngine2.java:578) [hadoop-common-3.3.4.jar:?]
	at org.apache.hadoop.ipc.ProtobufRpcEngine2$Server$ProtoBufRpcInvoker.call(ProtobufRpcEngine2.java:556) [hadoop-common-3.3.4.jar:?]
	at org.apache.hadoop.ipc.RPC$Server.call(RPC.java:1093) [hadoop-common-3.3.4.jar:?]
	at org.apache.hadoop.ipc.Server$RpcCall.run(Server.java:1043) [hadoop-common-3.3.4.jar:?]
	at org.apache.hadoop.ipc.Server$RpcCall.run(Server.java:971) [hadoop-common-3.3.4.jar:?]
	at java.security.AccessController.doPrivileged(Native Method) ~[?:1.8.0_362]
	at javax.security.auth.Subject.doAs(Subject.java:422) [?:1.8.0_362]
	at org.apache.hadoop.security.UserGroupInformation.doAs(UserGroupInformation.java:1878) [hadoop-common-3.3.4.jar:?]
	at org.apache.hadoop.ipc.Server$Handler.run(Server.java:2976) [hadoop-common-3.3.4.jar:?]
13:40:25.078 [IPC Server handler 8 on default port 34503] ERROR OMAudit - user=runner | ip=127.0.0.1 | op=GET_FILE_STATUS {volume=volume47855, bucket=bucket64015, key=gdir1/dir8, dataSize=0, replicationConfig=null} | ret=FAILURE
org.apache.hadoop.ozone.om.exceptions.OMException: Unable to get file status: volume: volume47855 bucket: bucket64015 key: gdir1/dir8
	at org.apache.hadoop.ozone.om.KeyManagerImpl.getOzoneFileStatus(KeyManagerImpl.java:1162) ~[ozone-manager-1.4.0-SNAPSHOT.jar:?]
	at org.apache.hadoop.ozone.om.KeyManagerImpl.getFileStatus(KeyManagerImpl.java:1080) ~[ozone-manager-1.4.0-SNAPSHOT.jar:?]
	at org.apache.hadoop.ozone.om.OmMetadataReader.getFileStatus(OmMetadataReader.java:288) ~[ozone-manager-1.4.0-SNAPSHOT.jar:?]
	at org.apache.hadoop.ozone.om.OzoneManager.getFileStatus(OzoneManager.java:3450) ~[ozone-manager-1.4.0-SNAPSHOT.jar:?]
	at org.apache.hadoop.ozone.protocolPB.OzoneManagerRequestHandler.getOzoneFileStatus(OzoneManagerRequestHandler.java:933) ~[ozone-manager-1.4.0-SNAPSHOT.jar:?]
	at org.apache.hadoop.ozone.protocolPB.OzoneManagerRequestHandler.handleReadRequest(OzoneManagerRequestHandler.java:238) ~[ozone-manager-1.4.0-SNAPSHOT.jar:?]
	at org.apache.hadoop.ozone.protocolPB.OzoneManagerProtocolServerSideTranslatorPB.submitReadRequestToOM(OzoneManagerProtocolServerSideTranslatorPB.java:223) ~[ozone-manager-1.4.0-SNAPSHOT.jar:?]
	at org.apache.hadoop.ozone.protocolPB.OzoneManagerProtocolServerSideTranslatorPB.processRequest(OzoneManagerProtocolServerSideTranslatorPB.java:177) ~[ozone-manager-1.4.0-SNAPSHOT.jar:?]
	at org.apache.hadoop.hdds.server.OzoneProtocolMessageDispatcher.processRequest(OzoneProtocolMessageDispatcher.java:87) [hdds-server-framework-1.4.0-SNAPSHOT.jar:?]
	at org.apache.hadoop.ozone.protocolPB.OzoneManagerProtocolServerSideTranslatorPB.submitRequest(OzoneManagerProtocolServerSideTranslatorPB.java:147) [ozone-manager-1.4.0-SNAPSHOT.jar:?]
	at org.apache.hadoop.ozone.protocol.proto.OzoneManagerProtocolProtos$OzoneManagerService$2.callBlockingMethod(OzoneManagerProtocolProtos.java) [ozone-interface-client-1.4.0-SNAPSHOT.jar:?]
	at org.apache.hadoop.ipc.ProtobufRpcEngine$Server.processCall(ProtobufRpcEngine.java:465) [hadoop-common-3.3.4.jar:?]
	at org.apache.hadoop.ipc.ProtobufRpcEngine2$Server$ProtoBufRpcInvoker.call(ProtobufRpcEngine2.java:578) [hadoop-common-3.3.4.jar:?]
	at org.apache.hadoop.ipc.ProtobufRpcEngine2$Server$ProtoBufRpcInvoker.call(ProtobufRpcEngine2.java:556) [hadoop-common-3.3.4.jar:?]
	at org.apache.hadoop.ipc.RPC$Server.call(RPC.java:1093) [hadoop-common-3.3.4.jar:?]
	at org.apache.hadoop.ipc.Server$RpcCall.run(Server.java:1043) [hadoop-common-3.3.4.jar:?]
	at org.apache.hadoop.ipc.Server$RpcCall.run(Server.java:971) [hadoop-common-3.3.4.jar:?]
	at java.security.AccessController.doPrivileged(Native Method) ~[?:1.8.0_362]
	at javax.security.auth.Subject.doAs(Subject.java:422) [?:1.8.0_362]
	at org.apache.hadoop.security.UserGroupInformation.doAs(UserGroupInformation.java:1878) [hadoop-common-3.3.4.jar:?]
	at org.apache.hadoop.ipc.Server$Handler.run(Server.java:2976) [hadoop-common-3.3.4.jar:?]
13:40:25.079 [IPC Server handler 12 on default port 34503] ERROR OMAudit - user=runner | ip=127.0.0.1 | op=GET_FILE_STATUS {volume=volume47855, bucket=bucket64015, key=gdir1/dir8/child, dataSize=0, replicationConfig=null} | ret=FAILURE
org.apache.hadoop.ozone.om.exceptions.OMException: Unable to get file status: volume: volume47855 bucket: bucket64015 key: gdir1/dir8/child
	at org.apache.hadoop.ozone.om.KeyManagerImpl.getOzoneFileStatus(KeyManagerImpl.java:1162) ~[ozone-manager-1.4.0-SNAPSHOT.jar:?]
	at org.apache.hadoop.ozone.om.KeyManagerImpl.getFileStatus(KeyManagerImpl.java:1080) ~[ozone-manager-1.4.0-SNAPSHOT.jar:?]
	at org.apache.hadoop.ozone.om.OmMetadataReader.getFileStatus(OmMetadataReader.java:288) ~[ozone-manager-1.4.0-SNAPSHOT.jar:?]
	at org.apache.hadoop.ozone.om.OzoneManager.getFileStatus(OzoneManager.java:3450) ~[ozone-manager-1.4.0-SNAPSHOT.jar:?]
	at org.apache.hadoop.ozone.protocolPB.OzoneManagerRequestHandler.getOzoneFileStatus(OzoneManagerRequestHandler.java:933) ~[ozone-manager-1.4.0-SNAPSHOT.jar:?]
	at org.apache.hadoop.ozone.protocolPB.OzoneManagerRequestHandler.handleReadRequest(OzoneManagerRequestHandler.java:238) ~[ozone-manager-1.4.0-SNAPSHOT.jar:?]
	at org.apache.hadoop.ozone.protocolPB.OzoneManagerProtocolServerSideTranslatorPB.submitReadRequestToOM(OzoneManagerProtocolServerSideTranslatorPB.java:223) ~[ozone-manager-1.4.0-SNAPSHOT.jar:?]
	at org.apache.hadoop.ozone.protocolPB.OzoneManagerProtocolServerSideTranslatorPB.processRequest(OzoneManagerProtocolServerSideTranslatorPB.java:177) ~[ozone-manager-1.4.0-SNAPSHOT.jar:?]
	at org.apache.hadoop.hdds.server.OzoneProtocolMessageDispatcher.processRequest(OzoneProtocolMessageDispatcher.java:87) [hdds-server-framework-1.4.0-SNAPSHOT.jar:?]
	at org.apache.hadoop.ozone.protocolPB.OzoneManagerProtocolServerSideTranslatorPB.submitRequest(OzoneManagerProtocolServerSideTranslatorPB.java:147) [ozone-manager-1.4.0-SNAPSHOT.jar:?]
	at org.apache.hadoop.ozone.protocol.proto.OzoneManagerProtocolProtos$OzoneManagerService$2.callBlockingMethod(OzoneManagerProtocolProtos.java) [ozone-interface-client-1.4.0-SNAPSHOT.jar:?]
	at org.apache.hadoop.ipc.ProtobufRpcEngine$Server.processCall(ProtobufRpcEngine.java:465) [hadoop-common-3.3.4.jar:?]
	at org.apache.hadoop.ipc.ProtobufRpcEngine2$Server$ProtoBufRpcInvoker.call(ProtobufRpcEngine2.java:578) [hadoop-common-3.3.4.jar:?]
	at org.apache.hadoop.ipc.ProtobufRpcEngine2$Server$ProtoBufRpcInvoker.call(ProtobufRpcEngine2.java:556) [hadoop-common-3.3.4.jar:?]
	at org.apache.hadoop.ipc.RPC$Server.call(RPC.java:1093) [hadoop-common-3.3.4.jar:?]
	at org.apache.hadoop.ipc.Server$RpcCall.run(Server.java:1043) [hadoop-common-3.3.4.jar:?]
	at org.apache.hadoop.ipc.Server$RpcCall.run(Server.java:971) [hadoop-common-3.3.4.jar:?]
	at java.security.AccessController.doPrivileged(Native Method) ~[?:1.8.0_362]
	at javax.security.auth.Subject.doAs(Subject.java:422) [?:1.8.0_362]
	at org.apache.hadoop.security.UserGroupInformation.doAs(UserGroupInformation.java:1878) [hadoop-common-3.3.4.jar:?]
	at org.apache.hadoop.ipc.Server$Handler.run(Server.java:2976) [hadoop-common-3.3.4.jar:?]
13:40:25.079 [IPC Server handler 10 on default port 34503] ERROR OMAudit - user=runner | ip=127.0.0.1 | op=GET_FILE_STATUS {volume=volume47855, bucket=bucket64015, key=gdir1/dir9, dataSize=0, replicationConfig=null} | ret=FAILURE
org.apache.hadoop.ozone.om.exceptions.OMException: Unable to get file status: volume: volume47855 bucket: bucket64015 key: gdir1/dir9
	at org.apache.hadoop.ozone.om.KeyManagerImpl.getOzoneFileStatus(KeyManagerImpl.java:1162) ~[ozone-manager-1.4.0-SNAPSHOT.jar:?]
	at org.apache.hadoop.ozone.om.KeyManagerImpl.getFileStatus(KeyManagerImpl.java:1080) ~[ozone-manager-1.4.0-SNAPSHOT.jar:?]
	at org.apache.hadoop.ozone.om.OmMetadataReader.getFileStatus(OmMetadataReader.java:288) ~[ozone-manager-1.4.0-SNAPSHOT.jar:?]
	at org.apache.hadoop.ozone.om.OzoneManager.getFileStatus(OzoneManager.java:3450) ~[ozone-manager-1.4.0-SNAPSHOT.jar:?]
	at org.apache.hadoop.ozone.protocolPB.OzoneManagerRequestHandler.getOzoneFileStatus(OzoneManagerRequestHandler.java:933) ~[ozone-manager-1.4.0-SNAPSHOT.jar:?]
	at org.apache.hadoop.ozone.protocolPB.OzoneManagerRequestHandler.handleReadRequest(OzoneManagerRequestHandler.java:238) ~[ozone-manager-1.4.0-SNAPSHOT.jar:?]
	at org.apache.hadoop.ozone.protocolPB.OzoneManagerProtocolServerSideTranslatorPB.submitReadRequestToOM(OzoneManagerProtocolServerSideTranslatorPB.java:223) ~[ozone-manager-1.4.0-SNAPSHOT.jar:?]
	at org.apache.hadoop.ozone.protocolPB.OzoneManagerProtocolServerSideTranslatorPB.processRequest(OzoneManagerProtocolServerSideTranslatorPB.java:177) ~[ozone-manager-1.4.0-SNAPSHOT.jar:?]
	at org.apache.hadoop.hdds.server.OzoneProtocolMessageDispatcher.processRequest(OzoneProtocolMessageDispatcher.java:87) [hdds-server-framework-1.4.0-SNAPSHOT.jar:?]
	at org.apache.hadoop.ozone.protocolPB.OzoneManagerProtocolServerSideTranslatorPB.submitRequest(OzoneManagerProtocolServerSideTranslatorPB.java:147) [ozone-manager-1.4.0-SNAPSHOT.jar:?]
	at org.apache.hadoop.ozone.protocol.proto.OzoneManagerProtocolProtos$OzoneManagerService$2.callBlockingMethod(OzoneManagerProtocolProtos.java) [ozone-interface-client-1.4.0-SNAPSHOT.jar:?]
	at org.apache.hadoop.ipc.ProtobufRpcEngine$Server.processCall(ProtobufRpcEngine.java:465) [hadoop-common-3.3.4.jar:?]
	at org.apache.hadoop.ipc.ProtobufRpcEngine2$Server$ProtoBufRpcInvoker.call(ProtobufRpcEngine2.java:578) [hadoop-common-3.3.4.jar:?]
	at org.apache.hadoop.ipc.ProtobufRpcEngine2$Server$ProtoBufRpcInvoker.call(ProtobufRpcEngine2.java:556) [hadoop-common-3.3.4.jar:?]
	at org.apache.hadoop.ipc.RPC$Server.call(RPC.java:1093) [hadoop-common-3.3.4.jar:?]
	at org.apache.hadoop.ipc.Server$RpcCall.run(Server.java:1043) [hadoop-common-3.3.4.jar:?]
	at org.apache.hadoop.ipc.Server$RpcCall.run(Server.java:971) [hadoop-common-3.3.4.jar:?]
	at java.security.AccessController.doPrivileged(Native Method) ~[?:1.8.0_362]
	at javax.security.auth.Subject.doAs(Subject.java:422) [?:1.8.0_362]
	at org.apache.hadoop.security.UserGroupInformation.doAs(UserGroupInformation.java:1878) [hadoop-common-3.3.4.jar:?]
	at org.apache.hadoop.ipc.Server$Handler.run(Server.java:2976) [hadoop-common-3.3.4.jar:?]
13:40:25.080 [IPC Server handler 4 on default port 34503] ERROR OMAudit - user=runner | ip=127.0.0.1 | op=GET_FILE_STATUS {volume=volume47855, bucket=bucket64015, key=gdir1/dir9/child, dataSize=0, replicationConfig=null} | ret=FAILURE
org.apache.hadoop.ozone.om.exceptions.OMException: Unable to get file status: volume: volume47855 bucket: bucket64015 key: gdir1/dir9/child
	at org.apache.hadoop.ozone.om.KeyManagerImpl.getOzoneFileStatus(KeyManagerImpl.java:1162) ~[ozone-manager-1.4.0-SNAPSHOT.jar:?]
	at org.apache.hadoop.ozone.om.KeyManagerImpl.getFileStatus(KeyManagerImpl.java:1080) ~[ozone-manager-1.4.0-SNAPSHOT.jar:?]
	at org.apache.hadoop.ozone.om.OmMetadataReader.getFileStatus(OmMetadataReader.java:288) ~[ozone-manager-1.4.0-SNAPSHOT.jar:?]
	at org.apache.hadoop.ozone.om.OzoneManager.getFileStatus(OzoneManager.java:3450) ~[ozone-manager-1.4.0-SNAPSHOT.jar:?]
	at org.apache.hadoop.ozone.protocolPB.OzoneManagerRequestHandler.getOzoneFileStatus(OzoneManagerRequestHandler.java:933) ~[ozone-manager-1.4.0-SNAPSHOT.jar:?]
	at org.apache.hadoop.ozone.protocolPB.OzoneManagerRequestHandler.handleReadRequest(OzoneManagerRequestHandler.java:238) ~[ozone-manager-1.4.0-SNAPSHOT.jar:?]
	at org.apache.hadoop.ozone.protocolPB.OzoneManagerProtocolServerSideTranslatorPB.submitReadRequestToOM(OzoneManagerProtocolServerSideTranslatorPB.java:223) ~[ozone-manager-1.4.0-SNAPSHOT.jar:?]
	at org.apache.hadoop.ozone.protocolPB.OzoneManagerProtocolServerSideTranslatorPB.processRequest(OzoneManagerProtocolServerSideTranslatorPB.java:177) ~[ozone-manager-1.4.0-SNAPSHOT.jar:?]
	at org.apache.hadoop.hdds.server.OzoneProtocolMessageDispatcher.processRequest(OzoneProtocolMessageDispatcher.java:87) [hdds-server-framework-1.4.0-SNAPSHOT.jar:?]
	at org.apache.hadoop.ozone.protocolPB.OzoneManagerProtocolServerSideTranslatorPB.submitRequest(OzoneManagerProtocolServerSideTranslatorPB.java:147) [ozone-manager-1.4.0-SNAPSHOT.jar:?]
	at org.apache.hadoop.ozone.protocol.proto.OzoneManagerProtocolProtos$OzoneManagerService$2.callBlockingMethod(OzoneManagerProtocolProtos.java) [ozone-interface-client-1.4.0-SNAPSHOT.jar:?]
	at org.apache.hadoop.ipc.ProtobufRpcEngine$Server.processCall(ProtobufRpcEngine.java:465) [hadoop-common-3.3.4.jar:?]
	at org.apache.hadoop.ipc.ProtobufRpcEngine2$Server$ProtoBufRpcInvoker.call(ProtobufRpcEngine2.java:578) [hadoop-common-3.3.4.jar:?]
	at org.apache.hadoop.ipc.ProtobufRpcEngine2$Server$ProtoBufRpcInvoker.call(ProtobufRpcEngine2.java:556) [hadoop-common-3.3.4.jar:?]
	at org.apache.hadoop.ipc.RPC$Server.call(RPC.java:1093) [hadoop-common-3.3.4.jar:?]
	at org.apache.hadoop.ipc.Server$RpcCall.run(Server.java:1043) [hadoop-common-3.3.4.jar:?]
	at org.apache.hadoop.ipc.Server$RpcCall.run(Server.java:971) [hadoop-common-3.3.4.jar:?]
	at java.security.AccessController.doPrivileged(Native Method) ~[?:1.8.0_362]
	at javax.security.auth.Subject.doAs(Subject.java:422) [?:1.8.0_362]
	at org.apache.hadoop.security.UserGroupInformation.doAs(UserGroupInformation.java:1878) [hadoop-common-3.3.4.jar:?]
	at org.apache.hadoop.ipc.Server$Handler.run(Server.java:2976) [hadoop-common-3.3.4.jar:?]
13:40:25.082 [IPC Server handler 6 on default port 34503] ERROR OMAudit - user=runner | ip=127.0.0.1 | op=GET_FILE_STATUS {volume=volume47855, bucket=bucket64015, key=gdir1/dir10, dataSize=0, replicationConfig=null} | ret=FAILURE
org.apache.hadoop.ozone.om.exceptions.OMException: Unable to get file status: volume: volume47855 bucket: bucket64015 key: gdir1/dir10
	at org.apache.hadoop.ozone.om.KeyManagerImpl.getOzoneFileStatus(KeyManagerImpl.java:1162) ~[ozone-manager-1.4.0-SNAPSHOT.jar:?]
	at org.apache.hadoop.ozone.om.KeyManagerImpl.getFileStatus(KeyManagerImpl.java:1080) ~[ozone-manager-1.4.0-SNAPSHOT.jar:?]
	at org.apache.hadoop.ozone.om.OmMetadataReader.getFileStatus(OmMetadataReader.java:288) ~[ozone-manager-1.4.0-SNAPSHOT.jar:?]
	at org.apache.hadoop.ozone.om.OzoneManager.getFileStatus(OzoneManager.java:3450) ~[ozone-manager-1.4.0-SNAPSHOT.jar:?]
	at org.apache.hadoop.ozone.protocolPB.OzoneManagerRequestHandler.getOzoneFileStatus(OzoneManagerRequestHandler.java:933) ~[ozone-manager-1.4.0-SNAPSHOT.jar:?]
	at org.apache.hadoop.ozone.protocolPB.OzoneManagerRequestHandler.handleReadRequest(OzoneManagerRequestHandler.java:238) ~[ozone-manager-1.4.0-SNAPSHOT.jar:?]
	at org.apache.hadoop.ozone.protocolPB.OzoneManagerProtocolServerSideTranslatorPB.submitReadRequestToOM(OzoneManagerProtocolServerSideTranslatorPB.java:223) ~[ozone-manager-1.4.0-SNAPSHOT.jar:?]
	at org.apache.hadoop.ozone.protocolPB.OzoneManagerProtocolServerSideTranslatorPB.processRequest(OzoneManagerProtocolServerSideTranslatorPB.java:177) ~[ozone-manager-1.4.0-SNAPSHOT.jar:?]
	at org.apache.hadoop.hdds.server.OzoneProtocolMessageDispatcher.processRequest(OzoneProtocolMessageDispatcher.java:87) [hdds-server-framework-1.4.0-SNAPSHOT.jar:?]
	at org.apache.hadoop.ozone.protocolPB.OzoneManagerProtocolServerSideTranslatorPB.submitRequest(OzoneManagerProtocolServerSideTranslatorPB.java:147) [ozone-manager-1.4.0-SNAPSHOT.jar:?]
	at org.apache.hadoop.ozone.protocol.proto.OzoneManagerProtocolProtos$OzoneManagerService$2.callBlockingMethod(OzoneManagerProtocolProtos.java) [ozone-interface-client-1.4.0-SNAPSHOT.jar:?]
	at org.apache.hadoop.ipc.ProtobufRpcEngine$Server.processCall(ProtobufRpcEngine.java:465) [hadoop-common-3.3.4.jar:?]
	at org.apache.hadoop.ipc.ProtobufRpcEngine2$Server$ProtoBufRpcInvoker.call(ProtobufRpcEngine2.java:578) [hadoop-common-3.3.4.jar:?]
	at org.apache.hadoop.ipc.ProtobufRpcEngine2$Server$ProtoBufRpcInvoker.call(ProtobufRpcEngine2.java:556) [hadoop-common-3.3.4.jar:?]
	at org.apache.hadoop.ipc.RPC$Server.call(RPC.java:1093) [hadoop-common-3.3.4.jar:?]
	at org.apache.hadoop.ipc.Server$RpcCall.run(Server.java:1043) [hadoop-common-3.3.4.jar:?]
	at org.apache.hadoop.ipc.Server$RpcCall.run(Server.java:971) [hadoop-common-3.3.4.jar:?]
	at java.security.AccessController.doPrivileged(Native Method) ~[?:1.8.0_362]
	at javax.security.auth.Subject.doAs(Subject.java:422) [?:1.8.0_362]
	at org.apache.hadoop.security.UserGroupInformation.doAs(UserGroupInformation.java:1878) [hadoop-common-3.3.4.jar:?]
	at org.apache.hadoop.ipc.Server$Handler.run(Server.java:2976) [hadoop-common-3.3.4.jar:?]
13:40:25.083 [IPC Server handler 13 on default port 34503] ERROR OMAudit - user=runner | ip=127.0.0.1 | op=GET_FILE_STATUS {volume=volume47855, bucket=bucket64015, key=gdir1/dir10/child, dataSize=0, replicationConfig=null} | ret=FAILURE
org.apache.hadoop.ozone.om.exceptions.OMException: Unable to get file status: volume: volume47855 bucket: bucket64015 key: gdir1/dir10/child
	at org.apache.hadoop.ozone.om.KeyManagerImpl.getOzoneFileStatus(KeyManagerImpl.java:1162) ~[ozone-manager-1.4.0-SNAPSHOT.jar:?]
	at org.apache.hadoop.ozone.om.KeyManagerImpl.getFileStatus(KeyManagerImpl.java:1080) ~[ozone-manager-1.4.0-SNAPSHOT.jar:?]
	at org.apache.hadoop.ozone.om.OmMetadataReader.getFileStatus(OmMetadataReader.java:288) ~[ozone-manager-1.4.0-SNAPSHOT.jar:?]
	at org.apache.hadoop.ozone.om.OzoneManager.getFileStatus(OzoneManager.java:3450) ~[ozone-manager-1.4.0-SNAPSHOT.jar:?]
	at org.apache.hadoop.ozone.protocolPB.OzoneManagerRequestHandler.getOzoneFileStatus(OzoneManagerRequestHandler.java:933) ~[ozone-manager-1.4.0-SNAPSHOT.jar:?]
	at org.apache.hadoop.ozone.protocolPB.OzoneManagerRequestHandler.handleReadRequest(OzoneManagerRequestHandler.java:238) ~[ozone-manager-1.4.0-SNAPSHOT.jar:?]
	at org.apache.hadoop.ozone.protocolPB.OzoneManagerProtocolServerSideTranslatorPB.submitReadRequestToOM(OzoneManagerProtocolServerSideTranslatorPB.java:223) ~[ozone-manager-1.4.0-SNAPSHOT.jar:?]
	at org.apache.hadoop.ozone.protocolPB.OzoneManagerProtocolServerSideTranslatorPB.processRequest(OzoneManagerProtocolServerSideTranslatorPB.java:177) ~[ozone-manager-1.4.0-SNAPSHOT.jar:?]
	at org.apache.hadoop.hdds.server.OzoneProtocolMessageDispatcher.processRequest(OzoneProtocolMessageDispatcher.java:87) [hdds-server-framework-1.4.0-SNAPSHOT.jar:?]
	at org.apache.hadoop.ozone.protocolPB.OzoneManagerProtocolServerSideTranslatorPB.submitRequest(OzoneManagerProtocolServerSideTranslatorPB.java:147) [ozone-manager-1.4.0-SNAPSHOT.jar:?]
	at org.apache.hadoop.ozone.protocol.proto.OzoneManagerProtocolProtos$OzoneManagerService$2.callBlockingMethod(OzoneManagerProtocolProtos.java) [ozone-interface-client-1.4.0-SNAPSHOT.jar:?]
	at org.apache.hadoop.ipc.ProtobufRpcEngine$Server.processCall(ProtobufRpcEngine.java:465) [hadoop-common-3.3.4.jar:?]
	at org.apache.hadoop.ipc.ProtobufRpcEngine2$Server$ProtoBufRpcInvoker.call(ProtobufRpcEngine2.java:578) [hadoop-common-3.3.4.jar:?]
	at org.apache.hadoop.ipc.ProtobufRpcEngine2$Server$ProtoBufRpcInvoker.call(ProtobufRpcEngine2.java:556) [hadoop-common-3.3.4.jar:?]
	at org.apache.hadoop.ipc.RPC$Server.call(RPC.java:1093) [hadoop-common-3.3.4.jar:?]
	at org.apache.hadoop.ipc.Server$RpcCall.run(Server.java:1043) [hadoop-common-3.3.4.jar:?]
	at org.apache.hadoop.ipc.Server$RpcCall.run(Server.java:971) [hadoop-common-3.3.4.jar:?]
	at java.security.AccessController.doPrivileged(Native Method) ~[?:1.8.0_362]
	at javax.security.auth.Subject.doAs(Subject.java:422) [?:1.8.0_362]
	at org.apache.hadoop.security.UserGroupInformation.doAs(UserGroupInformation.java:1878) [hadoop-common-3.3.4.jar:?]
	at org.apache.hadoop.ipc.Server$Handler.run(Server.java:2976) [hadoop-common-3.3.4.jar:?]
2023-02-21 13:40:25,089 [OM StateMachine ApplyTransaction Thread - 0] INFO  key.OMKeyRequest (OMKeyRequest.java:wrapUncommittedBlocksAsPseudoKey(837)) - Detect allocated but uncommitted blocks [{blockID={containerID=2, localID=111677748019200024}, length=4194304, offset=0, token=null, pipeline=null, createVersion=0, partNumber=0}] in key level0/level1/file1.
2023-02-21 13:40:25,097 [OM StateMachine ApplyTransaction Thread - 0] INFO  key.OMKeyRequest (OMKeyRequest.java:wrapUncommittedBlocksAsPseudoKey(837)) - Detect allocated but uncommitted blocks [{blockID={containerID=3, localID=111677748019200025}, length=4194304, offset=0, token=null, pipeline=null, createVersion=0, partNumber=0}] in key level0/level1/level1/file1.
2023-02-21 13:40:25,104 [OM StateMachine ApplyTransaction Thread - 0] INFO  key.OMKeyRequest (OMKeyRequest.java:wrapUncommittedBlocksAsPseudoKey(837)) - Detect allocated but uncommitted blocks [{blockID={containerID=1, localID=111677748019200026}, length=4194304, offset=0, token=null, pipeline=null, createVersion=0, partNumber=0}] in key level0/level2/file1.
2023-02-21 13:40:25,108 [OM StateMachine ApplyTransaction Thread - 0] INFO  key.OMKeyRequest (OMKeyRequest.java:wrapUncommittedBlocksAsPseudoKey(837)) - Detect allocated but uncommitted blocks [{blockID={containerID=4, localID=111677748019200027}, length=4194304, offset=0, token=null, pipeline=null, createVersion=0, partNumber=0}] in key level0/level2/level2/file1.
2023-02-21 13:40:25,113 [OM StateMachine ApplyTransaction Thread - 0] INFO  key.OMKeyRequest (OMKeyRequest.java:wrapUncommittedBlocksAsPseudoKey(837)) - Detect allocated but uncommitted blocks [{blockID={containerID=3, localID=111677748019200028}, length=4194304, offset=0, token=null, pipeline=null, createVersion=0, partNumber=0}] in key level0/level3/file1.
2023-02-21 13:40:25,118 [OM StateMachine ApplyTransaction Thread - 0] INFO  key.OMKeyRequest (OMKeyRequest.java:wrapUncommittedBlocksAsPseudoKey(837)) - Detect allocated but uncommitted blocks [{blockID={containerID=2, localID=111677748019200029}, length=4194304, offset=0, token=null, pipeline=null, createVersion=0, partNumber=0}] in key level0/level3/level3/file1.
13:40:25.147 [IPC Server handler 17 on default port 34503] ERROR OMAudit - user=runner | ip=127.0.0.1 | op=GET_FILE_STATUS {volume=volume47855, bucket=bucket64015, key=level0, dataSize=0, replicationConfig=null} | ret=FAILURE
org.apache.hadoop.ozone.om.exceptions.OMException: Unable to get file status: volume: volume47855 bucket: bucket64015 key: level0
	at org.apache.hadoop.ozone.om.KeyManagerImpl.getOzoneFileStatus(KeyManagerImpl.java:1162) ~[ozone-manager-1.4.0-SNAPSHOT.jar:?]
	at org.apache.hadoop.ozone.om.KeyManagerImpl.getFileStatus(KeyManagerImpl.java:1080) ~[ozone-manager-1.4.0-SNAPSHOT.jar:?]
	at org.apache.hadoop.ozone.om.OmMetadataReader.getFileStatus(OmMetadataReader.java:288) ~[ozone-manager-1.4.0-SNAPSHOT.jar:?]
	at org.apache.hadoop.ozone.om.OzoneManager.getFileStatus(OzoneManager.java:3450) ~[ozone-manager-1.4.0-SNAPSHOT.jar:?]
	at org.apache.hadoop.ozone.protocolPB.OzoneManagerRequestHandler.getOzoneFileStatus(OzoneManagerRequestHandler.java:933) ~[ozone-manager-1.4.0-SNAPSHOT.jar:?]
	at org.apache.hadoop.ozone.protocolPB.OzoneManagerRequestHandler.handleReadRequest(OzoneManagerRequestHandler.java:238) ~[ozone-manager-1.4.0-SNAPSHOT.jar:?]
	at org.apache.hadoop.ozone.protocolPB.OzoneManagerProtocolServerSideTranslatorPB.submitReadRequestToOM(OzoneManagerProtocolServerSideTranslatorPB.java:223) ~[ozone-manager-1.4.0-SNAPSHOT.jar:?]
	at org.apache.hadoop.ozone.protocolPB.OzoneManagerProtocolServerSideTranslatorPB.processRequest(OzoneManagerProtocolServerSideTranslatorPB.java:177) ~[ozone-manager-1.4.0-SNAPSHOT.jar:?]
	at org.apache.hadoop.hdds.server.OzoneProtocolMessageDispatcher.processRequest(OzoneProtocolMessageDispatcher.java:87) [hdds-server-framework-1.4.0-SNAPSHOT.jar:?]
	at org.apache.hadoop.ozone.protocolPB.OzoneManagerProtocolServerSideTranslatorPB.submitRequest(OzoneManagerProtocolServerSideTranslatorPB.java:147) [ozone-manager-1.4.0-SNAPSHOT.jar:?]
	at org.apache.hadoop.ozone.protocol.proto.OzoneManagerProtocolProtos$OzoneManagerService$2.callBlockingMethod(OzoneManagerProtocolProtos.java) [ozone-interface-client-1.4.0-SNAPSHOT.jar:?]
	at org.apache.hadoop.ipc.ProtobufRpcEngine$Server.processCall(ProtobufRpcEngine.java:465) [hadoop-common-3.3.4.jar:?]
	at org.apache.hadoop.ipc.ProtobufRpcEngine2$Server$ProtoBufRpcInvoker.call(ProtobufRpcEngine2.java:578) [hadoop-common-3.3.4.jar:?]
	at org.apache.hadoop.ipc.ProtobufRpcEngine2$Server$ProtoBufRpcInvoker.call(ProtobufRpcEngine2.java:556) [hadoop-common-3.3.4.jar:?]
	at org.apache.hadoop.ipc.RPC$Server.call(RPC.java:1093) [hadoop-common-3.3.4.jar:?]
	at org.apache.hadoop.ipc.Server$RpcCall.run(Server.java:1043) [hadoop-common-3.3.4.jar:?]
	at org.apache.hadoop.ipc.Server$RpcCall.run(Server.java:971) [hadoop-common-3.3.4.jar:?]
	at java.security.AccessController.doPrivileged(Native Method) ~[?:1.8.0_362]
	at javax.security.auth.Subject.doAs(Subject.java:422) [?:1.8.0_362]
	at org.apache.hadoop.security.UserGroupInformation.doAs(UserGroupInformation.java:1878) [hadoop-common-3.3.4.jar:?]
	at org.apache.hadoop.ipc.Server$Handler.run(Server.java:2976) [hadoop-common-3.3.4.jar:?]
13:40:25.148 [IPC Server handler 8 on default port 34503] ERROR OMAudit - user=runner | ip=127.0.0.1 | op=GET_FILE_STATUS {volume=volume47855, bucket=bucket64015, key=level0/level1, dataSize=0, replicationConfig=null} | ret=FAILURE
org.apache.hadoop.ozone.om.exceptions.OMException: Unable to get file status: volume: volume47855 bucket: bucket64015 key: level0/level1
	at org.apache.hadoop.ozone.om.KeyManagerImpl.getOzoneFileStatus(KeyManagerImpl.java:1162) ~[ozone-manager-1.4.0-SNAPSHOT.jar:?]
	at org.apache.hadoop.ozone.om.KeyManagerImpl.getFileStatus(KeyManagerImpl.java:1080) ~[ozone-manager-1.4.0-SNAPSHOT.jar:?]
	at org.apache.hadoop.ozone.om.OmMetadataReader.getFileStatus(OmMetadataReader.java:288) ~[ozone-manager-1.4.0-SNAPSHOT.jar:?]
	at org.apache.hadoop.ozone.om.OzoneManager.getFileStatus(OzoneManager.java:3450) ~[ozone-manager-1.4.0-SNAPSHOT.jar:?]
	at org.apache.hadoop.ozone.protocolPB.OzoneManagerRequestHandler.getOzoneFileStatus(OzoneManagerRequestHandler.java:933) ~[ozone-manager-1.4.0-SNAPSHOT.jar:?]
	at org.apache.hadoop.ozone.protocolPB.OzoneManagerRequestHandler.handleReadRequest(OzoneManagerRequestHandler.java:238) ~[ozone-manager-1.4.0-SNAPSHOT.jar:?]
	at org.apache.hadoop.ozone.protocolPB.OzoneManagerProtocolServerSideTranslatorPB.submitReadRequestToOM(OzoneManagerProtocolServerSideTranslatorPB.java:223) ~[ozone-manager-1.4.0-SNAPSHOT.jar:?]
	at org.apache.hadoop.ozone.protocolPB.OzoneManagerProtocolServerSideTranslatorPB.processRequest(OzoneManagerProtocolServerSideTranslatorPB.java:177) ~[ozone-manager-1.4.0-SNAPSHOT.jar:?]
	at org.apache.hadoop.hdds.server.OzoneProtocolMessageDispatcher.processRequest(OzoneProtocolMessageDispatcher.java:87) [hdds-server-framework-1.4.0-SNAPSHOT.jar:?]
	at org.apache.hadoop.ozone.protocolPB.OzoneManagerProtocolServerSideTranslatorPB.submitRequest(OzoneManagerProtocolServerSideTranslatorPB.java:147) [ozone-manager-1.4.0-SNAPSHOT.jar:?]
	at org.apache.hadoop.ozone.protocol.proto.OzoneManagerProtocolProtos$OzoneManagerService$2.callBlockingMethod(OzoneManagerProtocolProtos.java) [ozone-interface-client-1.4.0-SNAPSHOT.jar:?]
	at org.apache.hadoop.ipc.ProtobufRpcEngine$Server.processCall(ProtobufRpcEngine.java:465) [hadoop-common-3.3.4.jar:?]
	at org.apache.hadoop.ipc.ProtobufRpcEngine2$Server$ProtoBufRpcInvoker.call(ProtobufRpcEngine2.java:578) [hadoop-common-3.3.4.jar:?]
	at org.apache.hadoop.ipc.ProtobufRpcEngine2$Server$ProtoBufRpcInvoker.call(ProtobufRpcEngine2.java:556) [hadoop-common-3.3.4.jar:?]
	at org.apache.hadoop.ipc.RPC$Server.call(RPC.java:1093) [hadoop-common-3.3.4.jar:?]
	at org.apache.hadoop.ipc.Server$RpcCall.run(Server.java:1043) [hadoop-common-3.3.4.jar:?]
	at org.apache.hadoop.ipc.Server$RpcCall.run(Server.java:971) [hadoop-common-3.3.4.jar:?]
	at java.security.AccessController.doPrivileged(Native Method) ~[?:1.8.0_362]
	at javax.security.auth.Subject.doAs(Subject.java:422) [?:1.8.0_362]
	at org.apache.hadoop.security.UserGroupInformation.doAs(UserGroupInformation.java:1878) [hadoop-common-3.3.4.jar:?]
	at org.apache.hadoop.ipc.Server$Handler.run(Server.java:2976) [hadoop-common-3.3.4.jar:?]
13:40:25.149 [IPC Server handler 12 on default port 34503] ERROR OMAudit - user=runner | ip=127.0.0.1 | op=GET_FILE_STATUS {volume=volume47855, bucket=bucket64015, key=level0/level1/level1, dataSize=0, replicationConfig=null} | ret=FAILURE
org.apache.hadoop.ozone.om.exceptions.OMException: Unable to get file status: volume: volume47855 bucket: bucket64015 key: level0/level1/level1
	at org.apache.hadoop.ozone.om.KeyManagerImpl.getOzoneFileStatus(KeyManagerImpl.java:1162) ~[ozone-manager-1.4.0-SNAPSHOT.jar:?]
	at org.apache.hadoop.ozone.om.KeyManagerImpl.getFileStatus(KeyManagerImpl.java:1080) ~[ozone-manager-1.4.0-SNAPSHOT.jar:?]
	at org.apache.hadoop.ozone.om.OmMetadataReader.getFileStatus(OmMetadataReader.java:288) ~[ozone-manager-1.4.0-SNAPSHOT.jar:?]
	at org.apache.hadoop.ozone.om.OzoneManager.getFileStatus(OzoneManager.java:3450) ~[ozone-manager-1.4.0-SNAPSHOT.jar:?]
	at org.apache.hadoop.ozone.protocolPB.OzoneManagerRequestHandler.getOzoneFileStatus(OzoneManagerRequestHandler.java:933) ~[ozone-manager-1.4.0-SNAPSHOT.jar:?]
	at org.apache.hadoop.ozone.protocolPB.OzoneManagerRequestHandler.handleReadRequest(OzoneManagerRequestHandler.java:238) ~[ozone-manager-1.4.0-SNAPSHOT.jar:?]
	at org.apache.hadoop.ozone.protocolPB.OzoneManagerProtocolServerSideTranslatorPB.submitReadRequestToOM(OzoneManagerProtocolServerSideTranslatorPB.java:223) ~[ozone-manager-1.4.0-SNAPSHOT.jar:?]
	at org.apache.hadoop.ozone.protocolPB.OzoneManagerProtocolServerSideTranslatorPB.processRequest(OzoneManagerProtocolServerSideTranslatorPB.java:177) ~[ozone-manager-1.4.0-SNAPSHOT.jar:?]
	at org.apache.hadoop.hdds.server.OzoneProtocolMessageDispatcher.processRequest(OzoneProtocolMessageDispatcher.java:87) [hdds-server-framework-1.4.0-SNAPSHOT.jar:?]
	at org.apache.hadoop.ozone.protocolPB.OzoneManagerProtocolServerSideTranslatorPB.submitRequest(OzoneManagerProtocolServerSideTranslatorPB.java:147) [ozone-manager-1.4.0-SNAPSHOT.jar:?]
	at org.apache.hadoop.ozone.protocol.proto.OzoneManagerProtocolProtos$OzoneManagerService$2.callBlockingMethod(OzoneManagerProtocolProtos.java) [ozone-interface-client-1.4.0-SNAPSHOT.jar:?]
	at org.apache.hadoop.ipc.ProtobufRpcEngine$Server.processCall(ProtobufRpcEngine.java:465) [hadoop-common-3.3.4.jar:?]
	at org.apache.hadoop.ipc.ProtobufRpcEngine2$Server$ProtoBufRpcInvoker.call(ProtobufRpcEngine2.java:578) [hadoop-common-3.3.4.jar:?]
	at org.apache.hadoop.ipc.ProtobufRpcEngine2$Server$ProtoBufRpcInvoker.call(ProtobufRpcEngine2.java:556) [hadoop-common-3.3.4.jar:?]
	at org.apache.hadoop.ipc.RPC$Server.call(RPC.java:1093) [hadoop-common-3.3.4.jar:?]
	at org.apache.hadoop.ipc.Server$RpcCall.run(Server.java:1043) [hadoop-common-3.3.4.jar:?]
	at org.apache.hadoop.ipc.Server$RpcCall.run(Server.java:971) [hadoop-common-3.3.4.jar:?]
	at java.security.AccessController.doPrivileged(Native Method) ~[?:1.8.0_362]
	at javax.security.auth.Subject.doAs(Subject.java:422) [?:1.8.0_362]
	at org.apache.hadoop.security.UserGroupInformation.doAs(UserGroupInformation.java:1878) [hadoop-common-3.3.4.jar:?]
	at org.apache.hadoop.ipc.Server$Handler.run(Server.java:2976) [hadoop-common-3.3.4.jar:?]
13:40:25.150 [IPC Server handler 10 on default port 34503] ERROR OMAudit - user=runner | ip=127.0.0.1 | op=GET_FILE_STATUS {volume=volume47855, bucket=bucket64015, key=level0/level1/file1, dataSize=0, replicationConfig=null} | ret=FAILURE
org.apache.hadoop.ozone.om.exceptions.OMException: Unable to get file status: volume: volume47855 bucket: bucket64015 key: level0/level1/file1
	at org.apache.hadoop.ozone.om.KeyManagerImpl.getOzoneFileStatus(KeyManagerImpl.java:1162) ~[ozone-manager-1.4.0-SNAPSHOT.jar:?]
	at org.apache.hadoop.ozone.om.KeyManagerImpl.getFileStatus(KeyManagerImpl.java:1080) ~[ozone-manager-1.4.0-SNAPSHOT.jar:?]
	at org.apache.hadoop.ozone.om.OmMetadataReader.getFileStatus(OmMetadataReader.java:288) ~[ozone-manager-1.4.0-SNAPSHOT.jar:?]
	at org.apache.hadoop.ozone.om.OzoneManager.getFileStatus(OzoneManager.java:3450) ~[ozone-manager-1.4.0-SNAPSHOT.jar:?]
	at org.apache.hadoop.ozone.protocolPB.OzoneManagerRequestHandler.getOzoneFileStatus(OzoneManagerRequestHandler.java:933) ~[ozone-manager-1.4.0-SNAPSHOT.jar:?]
	at org.apache.hadoop.ozone.protocolPB.OzoneManagerRequestHandler.handleReadRequest(OzoneManagerRequestHandler.java:238) ~[ozone-manager-1.4.0-SNAPSHOT.jar:?]
	at org.apache.hadoop.ozone.protocolPB.OzoneManagerProtocolServerSideTranslatorPB.submitReadRequestToOM(OzoneManagerProtocolServerSideTranslatorPB.java:223) ~[ozone-manager-1.4.0-SNAPSHOT.jar:?]
	at org.apache.hadoop.ozone.protocolPB.OzoneManagerProtocolServerSideTranslatorPB.processRequest(OzoneManagerProtocolServerSideTranslatorPB.java:177) ~[ozone-manager-1.4.0-SNAPSHOT.jar:?]
	at org.apache.hadoop.hdds.server.OzoneProtocolMessageDispatcher.processRequest(OzoneProtocolMessageDispatcher.java:87) [hdds-server-framework-1.4.0-SNAPSHOT.jar:?]
	at org.apache.hadoop.ozone.protocolPB.OzoneManagerProtocolServerSideTranslatorPB.submitRequest(OzoneManagerProtocolServerSideTranslatorPB.java:147) [ozone-manager-1.4.0-SNAPSHOT.jar:?]
	at org.apache.hadoop.ozone.protocol.proto.OzoneManagerProtocolProtos$OzoneManagerService$2.callBlockingMethod(OzoneManagerProtocolProtos.java) [ozone-interface-client-1.4.0-SNAPSHOT.jar:?]
	at org.apache.hadoop.ipc.ProtobufRpcEngine$Server.processCall(ProtobufRpcEngine.java:465) [hadoop-common-3.3.4.jar:?]
	at org.apache.hadoop.ipc.ProtobufRpcEngine2$Server$ProtoBufRpcInvoker.call(ProtobufRpcEngine2.java:578) [hadoop-common-3.3.4.jar:?]
	at org.apache.hadoop.ipc.ProtobufRpcEngine2$Server$ProtoBufRpcInvoker.call(ProtobufRpcEngine2.java:556) [hadoop-common-3.3.4.jar:?]
	at org.apache.hadoop.ipc.RPC$Server.call(RPC.java:1093) [hadoop-common-3.3.4.jar:?]
	at org.apache.hadoop.ipc.Server$RpcCall.run(Server.java:1043) [hadoop-common-3.3.4.jar:?]
	at org.apache.hadoop.ipc.Server$RpcCall.run(Server.java:971) [hadoop-common-3.3.4.jar:?]
	at java.security.AccessController.doPrivileged(Native Method) ~[?:1.8.0_362]
	at javax.security.auth.Subject.doAs(Subject.java:422) [?:1.8.0_362]
	at org.apache.hadoop.security.UserGroupInformation.doAs(UserGroupInformation.java:1878) [hadoop-common-3.3.4.jar:?]
	at org.apache.hadoop.ipc.Server$Handler.run(Server.java:2976) [hadoop-common-3.3.4.jar:?]
13:40:25.150 [IPC Server handler 4 on default port 34503] ERROR OMAudit - user=runner | ip=127.0.0.1 | op=GET_FILE_STATUS {volume=volume47855, bucket=bucket64015, key=level0/level1/level1/file1, dataSize=0, replicationConfig=null} | ret=FAILURE
org.apache.hadoop.ozone.om.exceptions.OMException: Unable to get file status: volume: volume47855 bucket: bucket64015 key: level0/level1/level1/file1
	at org.apache.hadoop.ozone.om.KeyManagerImpl.getOzoneFileStatus(KeyManagerImpl.java:1162) ~[ozone-manager-1.4.0-SNAPSHOT.jar:?]
	at org.apache.hadoop.ozone.om.KeyManagerImpl.getFileStatus(KeyManagerImpl.java:1080) ~[ozone-manager-1.4.0-SNAPSHOT.jar:?]
	at org.apache.hadoop.ozone.om.OmMetadataReader.getFileStatus(OmMetadataReader.java:288) ~[ozone-manager-1.4.0-SNAPSHOT.jar:?]
	at org.apache.hadoop.ozone.om.OzoneManager.getFileStatus(OzoneManager.java:3450) ~[ozone-manager-1.4.0-SNAPSHOT.jar:?]
	at org.apache.hadoop.ozone.protocolPB.OzoneManagerRequestHandler.getOzoneFileStatus(OzoneManagerRequestHandler.java:933) ~[ozone-manager-1.4.0-SNAPSHOT.jar:?]
	at org.apache.hadoop.ozone.protocolPB.OzoneManagerRequestHandler.handleReadRequest(OzoneManagerRequestHandler.java:238) ~[ozone-manager-1.4.0-SNAPSHOT.jar:?]
	at org.apache.hadoop.ozone.protocolPB.OzoneManagerProtocolServerSideTranslatorPB.submitReadRequestToOM(OzoneManagerProtocolServerSideTranslatorPB.java:223) ~[ozone-manager-1.4.0-SNAPSHOT.jar:?]
	at org.apache.hadoop.ozone.protocolPB.OzoneManagerProtocolServerSideTranslatorPB.processRequest(OzoneManagerProtocolServerSideTranslatorPB.java:177) ~[ozone-manager-1.4.0-SNAPSHOT.jar:?]
	at org.apache.hadoop.hdds.server.OzoneProtocolMessageDispatcher.processRequest(OzoneProtocolMessageDispatcher.java:87) [hdds-server-framework-1.4.0-SNAPSHOT.jar:?]
	at org.apache.hadoop.ozone.protocolPB.OzoneManagerProtocolServerSideTranslatorPB.submitRequest(OzoneManagerProtocolServerSideTranslatorPB.java:147) [ozone-manager-1.4.0-SNAPSHOT.jar:?]
	at org.apache.hadoop.ozone.protocol.proto.OzoneManagerProtocolProtos$OzoneManagerService$2.callBlockingMethod(OzoneManagerProtocolProtos.java) [ozone-interface-client-1.4.0-SNAPSHOT.jar:?]
	at org.apache.hadoop.ipc.ProtobufRpcEngine$Server.processCall(ProtobufRpcEngine.java:465) [hadoop-common-3.3.4.jar:?]
	at org.apache.hadoop.ipc.ProtobufRpcEngine2$Server$ProtoBufRpcInvoker.call(ProtobufRpcEngine2.java:578) [hadoop-common-3.3.4.jar:?]
	at org.apache.hadoop.ipc.ProtobufRpcEngine2$Server$ProtoBufRpcInvoker.call(ProtobufRpcEngine2.java:556) [hadoop-common-3.3.4.jar:?]
	at org.apache.hadoop.ipc.RPC$Server.call(RPC.java:1093) [hadoop-common-3.3.4.jar:?]
	at org.apache.hadoop.ipc.Server$RpcCall.run(Server.java:1043) [hadoop-common-3.3.4.jar:?]
	at org.apache.hadoop.ipc.Server$RpcCall.run(Server.java:971) [hadoop-common-3.3.4.jar:?]
	at java.security.AccessController.doPrivileged(Native Method) ~[?:1.8.0_362]
	at javax.security.auth.Subject.doAs(Subject.java:422) [?:1.8.0_362]
	at org.apache.hadoop.security.UserGroupInformation.doAs(UserGroupInformation.java:1878) [hadoop-common-3.3.4.jar:?]
	at org.apache.hadoop.ipc.Server$Handler.run(Server.java:2976) [hadoop-common-3.3.4.jar:?]
13:40:25.151 [IPC Server handler 6 on default port 34503] ERROR OMAudit - user=runner | ip=127.0.0.1 | op=GET_FILE_STATUS {volume=volume47855, bucket=bucket64015, key=level0/level2, dataSize=0, replicationConfig=null} | ret=FAILURE
org.apache.hadoop.ozone.om.exceptions.OMException: Unable to get file status: volume: volume47855 bucket: bucket64015 key: level0/level2
	at org.apache.hadoop.ozone.om.KeyManagerImpl.getOzoneFileStatus(KeyManagerImpl.java:1162) ~[ozone-manager-1.4.0-SNAPSHOT.jar:?]
	at org.apache.hadoop.ozone.om.KeyManagerImpl.getFileStatus(KeyManagerImpl.java:1080) ~[ozone-manager-1.4.0-SNAPSHOT.jar:?]
	at org.apache.hadoop.ozone.om.OmMetadataReader.getFileStatus(OmMetadataReader.java:288) ~[ozone-manager-1.4.0-SNAPSHOT.jar:?]
	at org.apache.hadoop.ozone.om.OzoneManager.getFileStatus(OzoneManager.java:3450) ~[ozone-manager-1.4.0-SNAPSHOT.jar:?]
	at org.apache.hadoop.ozone.protocolPB.OzoneManagerRequestHandler.getOzoneFileStatus(OzoneManagerRequestHandler.java:933) ~[ozone-manager-1.4.0-SNAPSHOT.jar:?]
	at org.apache.hadoop.ozone.protocolPB.OzoneManagerRequestHandler.handleReadRequest(OzoneManagerRequestHandler.java:238) ~[ozone-manager-1.4.0-SNAPSHOT.jar:?]
	at org.apache.hadoop.ozone.protocolPB.OzoneManagerProtocolServerSideTranslatorPB.submitReadRequestToOM(OzoneManagerProtocolServerSideTranslatorPB.java:223) ~[ozone-manager-1.4.0-SNAPSHOT.jar:?]
	at org.apache.hadoop.ozone.protocolPB.OzoneManagerProtocolServerSideTranslatorPB.processRequest(OzoneManagerProtocolServerSideTranslatorPB.java:177) ~[ozone-manager-1.4.0-SNAPSHOT.jar:?]
	at org.apache.hadoop.hdds.server.OzoneProtocolMessageDispatcher.processRequest(OzoneProtocolMessageDispatcher.java:87) [hdds-server-framework-1.4.0-SNAPSHOT.jar:?]
	at org.apache.hadoop.ozone.protocolPB.OzoneManagerProtocolServerSideTranslatorPB.submitRequest(OzoneManagerProtocolServerSideTranslatorPB.java:147) [ozone-manager-1.4.0-SNAPSHOT.jar:?]
	at org.apache.hadoop.ozone.protocol.proto.OzoneManagerProtocolProtos$OzoneManagerService$2.callBlockingMethod(OzoneManagerProtocolProtos.java) [ozone-interface-client-1.4.0-SNAPSHOT.jar:?]
	at org.apache.hadoop.ipc.ProtobufRpcEngine$Server.processCall(ProtobufRpcEngine.java:465) [hadoop-common-3.3.4.jar:?]
	at org.apache.hadoop.ipc.ProtobufRpcEngine2$Server$ProtoBufRpcInvoker.call(ProtobufRpcEngine2.java:578) [hadoop-common-3.3.4.jar:?]
	at org.apache.hadoop.ipc.ProtobufRpcEngine2$Server$ProtoBufRpcInvoker.call(ProtobufRpcEngine2.java:556) [hadoop-common-3.3.4.jar:?]
	at org.apache.hadoop.ipc.RPC$Server.call(RPC.java:1093) [hadoop-common-3.3.4.jar:?]
	at org.apache.hadoop.ipc.Server$RpcCall.run(Server.java:1043) [hadoop-common-3.3.4.jar:?]
	at org.apache.hadoop.ipc.Server$RpcCall.run(Server.java:971) [hadoop-common-3.3.4.jar:?]
	at java.security.AccessController.doPrivileged(Native Method) ~[?:1.8.0_362]
	at javax.security.auth.Subject.doAs(Subject.java:422) [?:1.8.0_362]
	at org.apache.hadoop.security.UserGroupInformation.doAs(UserGroupInformation.java:1878) [hadoop-common-3.3.4.jar:?]
	at org.apache.hadoop.ipc.Server$Handler.run(Server.java:2976) [hadoop-common-3.3.4.jar:?]
13:40:25.152 [IPC Server handler 13 on default port 34503] ERROR OMAudit - user=runner | ip=127.0.0.1 | op=GET_FILE_STATUS {volume=volume47855, bucket=bucket64015, key=level0/level2/level2, dataSize=0, replicationConfig=null} | ret=FAILURE
org.apache.hadoop.ozone.om.exceptions.OMException: Unable to get file status: volume: volume47855 bucket: bucket64015 key: level0/level2/level2
	at org.apache.hadoop.ozone.om.KeyManagerImpl.getOzoneFileStatus(KeyManagerImpl.java:1162) ~[ozone-manager-1.4.0-SNAPSHOT.jar:?]
	at org.apache.hadoop.ozone.om.KeyManagerImpl.getFileStatus(KeyManagerImpl.java:1080) ~[ozone-manager-1.4.0-SNAPSHOT.jar:?]
	at org.apache.hadoop.ozone.om.OmMetadataReader.getFileStatus(OmMetadataReader.java:288) ~[ozone-manager-1.4.0-SNAPSHOT.jar:?]
	at org.apache.hadoop.ozone.om.OzoneManager.getFileStatus(OzoneManager.java:3450) ~[ozone-manager-1.4.0-SNAPSHOT.jar:?]
	at org.apache.hadoop.ozone.protocolPB.OzoneManagerRequestHandler.getOzoneFileStatus(OzoneManagerRequestHandler.java:933) ~[ozone-manager-1.4.0-SNAPSHOT.jar:?]
	at org.apache.hadoop.ozone.protocolPB.OzoneManagerRequestHandler.handleReadRequest(OzoneManagerRequestHandler.java:238) ~[ozone-manager-1.4.0-SNAPSHOT.jar:?]
	at org.apache.hadoop.ozone.protocolPB.OzoneManagerProtocolServerSideTranslatorPB.submitReadRequestToOM(OzoneManagerProtocolServerSideTranslatorPB.java:223) ~[ozone-manager-1.4.0-SNAPSHOT.jar:?]
	at org.apache.hadoop.ozone.protocolPB.OzoneManagerProtocolServerSideTranslatorPB.processRequest(OzoneManagerProtocolServerSideTranslatorPB.java:177) ~[ozone-manager-1.4.0-SNAPSHOT.jar:?]
	at org.apache.hadoop.hdds.server.OzoneProtocolMessageDispatcher.processRequest(OzoneProtocolMessageDispatcher.java:87) [hdds-server-framework-1.4.0-SNAPSHOT.jar:?]
	at org.apache.hadoop.ozone.protocolPB.OzoneManagerProtocolServerSideTranslatorPB.submitRequest(OzoneManagerProtocolServerSideTranslatorPB.java:147) [ozone-manager-1.4.0-SNAPSHOT.jar:?]
	at org.apache.hadoop.ozone.protocol.proto.OzoneManagerProtocolProtos$OzoneManagerService$2.callBlockingMethod(OzoneManagerProtocolProtos.java) [ozone-interface-client-1.4.0-SNAPSHOT.jar:?]
	at org.apache.hadoop.ipc.ProtobufRpcEngine$Server.processCall(ProtobufRpcEngine.java:465) [hadoop-common-3.3.4.jar:?]
	at org.apache.hadoop.ipc.ProtobufRpcEngine2$Server$ProtoBufRpcInvoker.call(ProtobufRpcEngine2.java:578) [hadoop-common-3.3.4.jar:?]
	at org.apache.hadoop.ipc.ProtobufRpcEngine2$Server$ProtoBufRpcInvoker.call(ProtobufRpcEngine2.java:556) [hadoop-common-3.3.4.jar:?]
	at org.apache.hadoop.ipc.RPC$Server.call(RPC.java:1093) [hadoop-common-3.3.4.jar:?]
	at org.apache.hadoop.ipc.Server$RpcCall.run(Server.java:1043) [hadoop-common-3.3.4.jar:?]
	at org.apache.hadoop.ipc.Server$RpcCall.run(Server.java:971) [hadoop-common-3.3.4.jar:?]
	at java.security.AccessController.doPrivileged(Native Method) ~[?:1.8.0_362]
	at javax.security.auth.Subject.doAs(Subject.java:422) [?:1.8.0_362]
	at org.apache.hadoop.security.UserGroupInformation.doAs(UserGroupInformation.java:1878) [hadoop-common-3.3.4.jar:?]
	at org.apache.hadoop.ipc.Server$Handler.run(Server.java:2976) [hadoop-common-3.3.4.jar:?]
13:40:25.153 [IPC Server handler 16 on default port 34503] ERROR OMAudit - user=runner | ip=127.0.0.1 | op=GET_FILE_STATUS {volume=volume47855, bucket=bucket64015, key=level0/level2/file1, dataSize=0, replicationConfig=null} | ret=FAILURE
org.apache.hadoop.ozone.om.exceptions.OMException: Unable to get file status: volume: volume47855 bucket: bucket64015 key: level0/level2/file1
	at org.apache.hadoop.ozone.om.KeyManagerImpl.getOzoneFileStatus(KeyManagerImpl.java:1162) ~[ozone-manager-1.4.0-SNAPSHOT.jar:?]
	at org.apache.hadoop.ozone.om.KeyManagerImpl.getFileStatus(KeyManagerImpl.java:1080) ~[ozone-manager-1.4.0-SNAPSHOT.jar:?]
	at org.apache.hadoop.ozone.om.OmMetadataReader.getFileStatus(OmMetadataReader.java:288) ~[ozone-manager-1.4.0-SNAPSHOT.jar:?]
	at org.apache.hadoop.ozone.om.OzoneManager.getFileStatus(OzoneManager.java:3450) ~[ozone-manager-1.4.0-SNAPSHOT.jar:?]
	at org.apache.hadoop.ozone.protocolPB.OzoneManagerRequestHandler.getOzoneFileStatus(OzoneManagerRequestHandler.java:933) ~[ozone-manager-1.4.0-SNAPSHOT.jar:?]
	at org.apache.hadoop.ozone.protocolPB.OzoneManagerRequestHandler.handleReadRequest(OzoneManagerRequestHandler.java:238) ~[ozone-manager-1.4.0-SNAPSHOT.jar:?]
	at org.apache.hadoop.ozone.protocolPB.OzoneManagerProtocolServerSideTranslatorPB.submitReadRequestToOM(OzoneManagerProtocolServerSideTranslatorPB.java:223) ~[ozone-manager-1.4.0-SNAPSHOT.jar:?]
	at org.apache.hadoop.ozone.protocolPB.OzoneManagerProtocolServerSideTranslatorPB.processRequest(OzoneManagerProtocolServerSideTranslatorPB.java:177) ~[ozone-manager-1.4.0-SNAPSHOT.jar:?]
	at org.apache.hadoop.hdds.server.OzoneProtocolMessageDispatcher.processRequest(OzoneProtocolMessageDispatcher.java:87) [hdds-server-framework-1.4.0-SNAPSHOT.jar:?]
	at org.apache.hadoop.ozone.protocolPB.OzoneManagerProtocolServerSideTranslatorPB.submitRequest(OzoneManagerProtocolServerSideTranslatorPB.java:147) [ozone-manager-1.4.0-SNAPSHOT.jar:?]
	at org.apache.hadoop.ozone.protocol.proto.OzoneManagerProtocolProtos$OzoneManagerService$2.callBlockingMethod(OzoneManagerProtocolProtos.java) [ozone-interface-client-1.4.0-SNAPSHOT.jar:?]
	at org.apache.hadoop.ipc.ProtobufRpcEngine$Server.processCall(ProtobufRpcEngine.java:465) [hadoop-common-3.3.4.jar:?]
	at org.apache.hadoop.ipc.ProtobufRpcEngine2$Server$ProtoBufRpcInvoker.call(ProtobufRpcEngine2.java:578) [hadoop-common-3.3.4.jar:?]
	at org.apache.hadoop.ipc.ProtobufRpcEngine2$Server$ProtoBufRpcInvoker.call(ProtobufRpcEngine2.java:556) [hadoop-common-3.3.4.jar:?]
	at org.apache.hadoop.ipc.RPC$Server.call(RPC.java:1093) [hadoop-common-3.3.4.jar:?]
	at org.apache.hadoop.ipc.Server$RpcCall.run(Server.java:1043) [hadoop-common-3.3.4.jar:?]
	at org.apache.hadoop.ipc.Server$RpcCall.run(Server.java:971) [hadoop-common-3.3.4.jar:?]
	at java.security.AccessController.doPrivileged(Native Method) ~[?:1.8.0_362]
	at javax.security.auth.Subject.doAs(Subject.java:422) [?:1.8.0_362]
	at org.apache.hadoop.security.UserGroupInformation.doAs(UserGroupInformation.java:1878) [hadoop-common-3.3.4.jar:?]
	at org.apache.hadoop.ipc.Server$Handler.run(Server.java:2976) [hadoop-common-3.3.4.jar:?]
13:40:25.155 [IPC Server handler 19 on default port 34503] ERROR OMAudit - user=runner | ip=127.0.0.1 | op=GET_FILE_STATUS {volume=volume47855, bucket=bucket64015, key=level0/level2/level2/file1, dataSize=0, replicationConfig=null} | ret=FAILURE
org.apache.hadoop.ozone.om.exceptions.OMException: Unable to get file status: volume: volume47855 bucket: bucket64015 key: level0/level2/level2/file1
	at org.apache.hadoop.ozone.om.KeyManagerImpl.getOzoneFileStatus(KeyManagerImpl.java:1162) ~[ozone-manager-1.4.0-SNAPSHOT.jar:?]
	at org.apache.hadoop.ozone.om.KeyManagerImpl.getFileStatus(KeyManagerImpl.java:1080) ~[ozone-manager-1.4.0-SNAPSHOT.jar:?]
	at org.apache.hadoop.ozone.om.OmMetadataReader.getFileStatus(OmMetadataReader.java:288) ~[ozone-manager-1.4.0-SNAPSHOT.jar:?]
	at org.apache.hadoop.ozone.om.OzoneManager.getFileStatus(OzoneManager.java:3450) ~[ozone-manager-1.4.0-SNAPSHOT.jar:?]
	at org.apache.hadoop.ozone.protocolPB.OzoneManagerRequestHandler.getOzoneFileStatus(OzoneManagerRequestHandler.java:933) ~[ozone-manager-1.4.0-SNAPSHOT.jar:?]
	at org.apache.hadoop.ozone.protocolPB.OzoneManagerRequestHandler.handleReadRequest(OzoneManagerRequestHandler.java:238) ~[ozone-manager-1.4.0-SNAPSHOT.jar:?]
	at org.apache.hadoop.ozone.protocolPB.OzoneManagerProtocolServerSideTranslatorPB.submitReadRequestToOM(OzoneManagerProtocolServerSideTranslatorPB.java:223) ~[ozone-manager-1.4.0-SNAPSHOT.jar:?]
	at org.apache.hadoop.ozone.protocolPB.OzoneManagerProtocolServerSideTranslatorPB.processRequest(OzoneManagerProtocolServerSideTranslatorPB.java:177) ~[ozone-manager-1.4.0-SNAPSHOT.jar:?]
	at org.apache.hadoop.hdds.server.OzoneProtocolMessageDispatcher.processRequest(OzoneProtocolMessageDispatcher.java:87) [hdds-server-framework-1.4.0-SNAPSHOT.jar:?]
	at org.apache.hadoop.ozone.protocolPB.OzoneManagerProtocolServerSideTranslatorPB.submitRequest(OzoneManagerProtocolServerSideTranslatorPB.java:147) [ozone-manager-1.4.0-SNAPSHOT.jar:?]
	at org.apache.hadoop.ozone.protocol.proto.OzoneManagerProtocolProtos$OzoneManagerService$2.callBlockingMethod(OzoneManagerProtocolProtos.java) [ozone-interface-client-1.4.0-SNAPSHOT.jar:?]
	at org.apache.hadoop.ipc.ProtobufRpcEngine$Server.processCall(ProtobufRpcEngine.java:465) [hadoop-common-3.3.4.jar:?]
	at org.apache.hadoop.ipc.ProtobufRpcEngine2$Server$ProtoBufRpcInvoker.call(ProtobufRpcEngine2.java:578) [hadoop-common-3.3.4.jar:?]
	at org.apache.hadoop.ipc.ProtobufRpcEngine2$Server$ProtoBufRpcInvoker.call(ProtobufRpcEngine2.java:556) [hadoop-common-3.3.4.jar:?]
	at org.apache.hadoop.ipc.RPC$Server.call(RPC.java:1093) [hadoop-common-3.3.4.jar:?]
	at org.apache.hadoop.ipc.Server$RpcCall.run(Server.java:1043) [hadoop-common-3.3.4.jar:?]
	at org.apache.hadoop.ipc.Server$RpcCall.run(Server.java:971) [hadoop-common-3.3.4.jar:?]
	at java.security.AccessController.doPrivileged(Native Method) ~[?:1.8.0_362]
	at javax.security.auth.Subject.doAs(Subject.java:422) [?:1.8.0_362]
	at org.apache.hadoop.security.UserGroupInformation.doAs(UserGroupInformation.java:1878) [hadoop-common-3.3.4.jar:?]
	at org.apache.hadoop.ipc.Server$Handler.run(Server.java:2976) [hadoop-common-3.3.4.jar:?]
13:40:25.156 [IPC Server handler 2 on default port 34503] ERROR OMAudit - user=runner | ip=127.0.0.1 | op=GET_FILE_STATUS {volume=volume47855, bucket=bucket64015, key=level0/level3, dataSize=0, replicationConfig=null} | ret=FAILURE
org.apache.hadoop.ozone.om.exceptions.OMException: Unable to get file status: volume: volume47855 bucket: bucket64015 key: level0/level3
	at org.apache.hadoop.ozone.om.KeyManagerImpl.getOzoneFileStatus(KeyManagerImpl.java:1162) ~[ozone-manager-1.4.0-SNAPSHOT.jar:?]
	at org.apache.hadoop.ozone.om.KeyManagerImpl.getFileStatus(KeyManagerImpl.java:1080) ~[ozone-manager-1.4.0-SNAPSHOT.jar:?]
	at org.apache.hadoop.ozone.om.OmMetadataReader.getFileStatus(OmMetadataReader.java:288) ~[ozone-manager-1.4.0-SNAPSHOT.jar:?]
	at org.apache.hadoop.ozone.om.OzoneManager.getFileStatus(OzoneManager.java:3450) ~[ozone-manager-1.4.0-SNAPSHOT.jar:?]
	at org.apache.hadoop.ozone.protocolPB.OzoneManagerRequestHandler.getOzoneFileStatus(OzoneManagerRequestHandler.java:933) ~[ozone-manager-1.4.0-SNAPSHOT.jar:?]
	at org.apache.hadoop.ozone.protocolPB.OzoneManagerRequestHandler.handleReadRequest(OzoneManagerRequestHandler.java:238) ~[ozone-manager-1.4.0-SNAPSHOT.jar:?]
	at org.apache.hadoop.ozone.protocolPB.OzoneManagerProtocolServerSideTranslatorPB.submitReadRequestToOM(OzoneManagerProtocolServerSideTranslatorPB.java:223) ~[ozone-manager-1.4.0-SNAPSHOT.jar:?]
	at org.apache.hadoop.ozone.protocolPB.OzoneManagerProtocolServerSideTranslatorPB.processRequest(OzoneManagerProtocolServerSideTranslatorPB.java:177) ~[ozone-manager-1.4.0-SNAPSHOT.jar:?]
	at org.apache.hadoop.hdds.server.OzoneProtocolMessageDispatcher.processRequest(OzoneProtocolMessageDispatcher.java:87) [hdds-server-framework-1.4.0-SNAPSHOT.jar:?]
	at org.apache.hadoop.ozone.protocolPB.OzoneManagerProtocolServerSideTranslatorPB.submitRequest(OzoneManagerProtocolServerSideTranslatorPB.java:147) [ozone-manager-1.4.0-SNAPSHOT.jar:?]
	at org.apache.hadoop.ozone.protocol.proto.OzoneManagerProtocolProtos$OzoneManagerService$2.callBlockingMethod(OzoneManagerProtocolProtos.java) [ozone-interface-client-1.4.0-SNAPSHOT.jar:?]
	at org.apache.hadoop.ipc.ProtobufRpcEngine$Server.processCall(ProtobufRpcEngine.java:465) [hadoop-common-3.3.4.jar:?]
	at org.apache.hadoop.ipc.ProtobufRpcEngine2$Server$ProtoBufRpcInvoker.call(ProtobufRpcEngine2.java:578) [hadoop-common-3.3.4.jar:?]
	at org.apache.hadoop.ipc.ProtobufRpcEngine2$Server$ProtoBufRpcInvoker.call(ProtobufRpcEngine2.java:556) [hadoop-common-3.3.4.jar:?]
	at org.apache.hadoop.ipc.RPC$Server.call(RPC.java:1093) [hadoop-common-3.3.4.jar:?]
	at org.apache.hadoop.ipc.Server$RpcCall.run(Server.java:1043) [hadoop-common-3.3.4.jar:?]
	at org.apache.hadoop.ipc.Server$RpcCall.run(Server.java:971) [hadoop-common-3.3.4.jar:?]
	at java.security.AccessController.doPrivileged(Native Method) ~[?:1.8.0_362]
	at javax.security.auth.Subject.doAs(Subject.java:422) [?:1.8.0_362]
	at org.apache.hadoop.security.UserGroupInformation.doAs(UserGroupInformation.java:1878) [hadoop-common-3.3.4.jar:?]
	at org.apache.hadoop.ipc.Server$Handler.run(Server.java:2976) [hadoop-common-3.3.4.jar:?]
13:40:25.159 [IPC Server handler 1 on default port 34503] ERROR OMAudit - user=runner | ip=127.0.0.1 | op=GET_FILE_STATUS {volume=volume47855, bucket=bucket64015, key=level0/level3/level3, dataSize=0, replicationConfig=null} | ret=FAILURE
org.apache.hadoop.ozone.om.exceptions.OMException: Unable to get file status: volume: volume47855 bucket: bucket64015 key: level0/level3/level3
	at org.apache.hadoop.ozone.om.KeyManagerImpl.getOzoneFileStatus(KeyManagerImpl.java:1162) ~[ozone-manager-1.4.0-SNAPSHOT.jar:?]
	at org.apache.hadoop.ozone.om.KeyManagerImpl.getFileStatus(KeyManagerImpl.java:1080) ~[ozone-manager-1.4.0-SNAPSHOT.jar:?]
	at org.apache.hadoop.ozone.om.OmMetadataReader.getFileStatus(OmMetadataReader.java:288) ~[ozone-manager-1.4.0-SNAPSHOT.jar:?]
	at org.apache.hadoop.ozone.om.OzoneManager.getFileStatus(OzoneManager.java:3450) ~[ozone-manager-1.4.0-SNAPSHOT.jar:?]
	at org.apache.hadoop.ozone.protocolPB.OzoneManagerRequestHandler.getOzoneFileStatus(OzoneManagerRequestHandler.java:933) ~[ozone-manager-1.4.0-SNAPSHOT.jar:?]
	at org.apache.hadoop.ozone.protocolPB.OzoneManagerRequestHandler.handleReadRequest(OzoneManagerRequestHandler.java:238) ~[ozone-manager-1.4.0-SNAPSHOT.jar:?]
	at org.apache.hadoop.ozone.protocolPB.OzoneManagerProtocolServerSideTranslatorPB.submitReadRequestToOM(OzoneManagerProtocolServerSideTranslatorPB.java:223) ~[ozone-manager-1.4.0-SNAPSHOT.jar:?]
	at org.apache.hadoop.ozone.protocolPB.OzoneManagerProtocolServerSideTranslatorPB.processRequest(OzoneManagerProtocolServerSideTranslatorPB.java:177) ~[ozone-manager-1.4.0-SNAPSHOT.jar:?]
	at org.apache.hadoop.hdds.server.OzoneProtocolMessageDispatcher.processRequest(OzoneProtocolMessageDispatcher.java:87) [hdds-server-framework-1.4.0-SNAPSHOT.jar:?]
	at org.apache.hadoop.ozone.protocolPB.OzoneManagerProtocolServerSideTranslatorPB.submitRequest(OzoneManagerProtocolServerSideTranslatorPB.java:147) [ozone-manager-1.4.0-SNAPSHOT.jar:?]
	at org.apache.hadoop.ozone.protocol.proto.OzoneManagerProtocolProtos$OzoneManagerService$2.callBlockingMethod(OzoneManagerProtocolProtos.java) [ozone-interface-client-1.4.0-SNAPSHOT.jar:?]
	at org.apache.hadoop.ipc.ProtobufRpcEngine$Server.processCall(ProtobufRpcEngine.java:465) [hadoop-common-3.3.4.jar:?]
	at org.apache.hadoop.ipc.ProtobufRpcEngine2$Server$ProtoBufRpcInvoker.call(ProtobufRpcEngine2.java:578) [hadoop-common-3.3.4.jar:?]
	at org.apache.hadoop.ipc.ProtobufRpcEngine2$Server$ProtoBufRpcInvoker.call(ProtobufRpcEngine2.java:556) [hadoop-common-3.3.4.jar:?]
	at org.apache.hadoop.ipc.RPC$Server.call(RPC.java:1093) [hadoop-common-3.3.4.jar:?]
	at org.apache.hadoop.ipc.Server$RpcCall.run(Server.java:1043) [hadoop-common-3.3.4.jar:?]
	at org.apache.hadoop.ipc.Server$RpcCall.run(Server.java:971) [hadoop-common-3.3.4.jar:?]
	at java.security.AccessController.doPrivileged(Native Method) ~[?:1.8.0_362]
	at javax.security.auth.Subject.doAs(Subject.java:422) [?:1.8.0_362]
	at org.apache.hadoop.security.UserGroupInformation.doAs(UserGroupInformation.java:1878) [hadoop-common-3.3.4.jar:?]
	at org.apache.hadoop.ipc.Server$Handler.run(Server.java:2976) [hadoop-common-3.3.4.jar:?]
13:40:25.161 [IPC Server handler 3 on default port 34503] ERROR OMAudit - user=runner | ip=127.0.0.1 | op=GET_FILE_STATUS {volume=volume47855, bucket=bucket64015, key=level0/level3/file1, dataSize=0, replicationConfig=null} | ret=FAILURE
org.apache.hadoop.ozone.om.exceptions.OMException: Unable to get file status: volume: volume47855 bucket: bucket64015 key: level0/level3/file1
	at org.apache.hadoop.ozone.om.KeyManagerImpl.getOzoneFileStatus(KeyManagerImpl.java:1162) ~[ozone-manager-1.4.0-SNAPSHOT.jar:?]
	at org.apache.hadoop.ozone.om.KeyManagerImpl.getFileStatus(KeyManagerImpl.java:1080) ~[ozone-manager-1.4.0-SNAPSHOT.jar:?]
	at org.apache.hadoop.ozone.om.OmMetadataReader.getFileStatus(OmMetadataReader.java:288) ~[ozone-manager-1.4.0-SNAPSHOT.jar:?]
	at org.apache.hadoop.ozone.om.OzoneManager.getFileStatus(OzoneManager.java:3450) ~[ozone-manager-1.4.0-SNAPSHOT.jar:?]
	at org.apache.hadoop.ozone.protocolPB.OzoneManagerRequestHandler.getOzoneFileStatus(OzoneManagerRequestHandler.java:933) ~[ozone-manager-1.4.0-SNAPSHOT.jar:?]
	at org.apache.hadoop.ozone.protocolPB.OzoneManagerRequestHandler.handleReadRequest(OzoneManagerRequestHandler.java:238) ~[ozone-manager-1.4.0-SNAPSHOT.jar:?]
	at org.apache.hadoop.ozone.protocolPB.OzoneManagerProtocolServerSideTranslatorPB.submitReadRequestToOM(OzoneManagerProtocolServerSideTranslatorPB.java:223) ~[ozone-manager-1.4.0-SNAPSHOT.jar:?]
	at org.apache.hadoop.ozone.protocolPB.OzoneManagerProtocolServerSideTranslatorPB.processRequest(OzoneManagerProtocolServerSideTranslatorPB.java:177) ~[ozone-manager-1.4.0-SNAPSHOT.jar:?]
	at org.apache.hadoop.hdds.server.OzoneProtocolMessageDispatcher.processRequest(OzoneProtocolMessageDispatcher.java:87) [hdds-server-framework-1.4.0-SNAPSHOT.jar:?]
	at org.apache.hadoop.ozone.protocolPB.OzoneManagerProtocolServerSideTranslatorPB.submitRequest(OzoneManagerProtocolServerSideTranslatorPB.java:147) [ozone-manager-1.4.0-SNAPSHOT.jar:?]
	at org.apache.hadoop.ozone.protocol.proto.OzoneManagerProtocolProtos$OzoneManagerService$2.callBlockingMethod(OzoneManagerProtocolProtos.java) [ozone-interface-client-1.4.0-SNAPSHOT.jar:?]
	at org.apache.hadoop.ipc.ProtobufRpcEngine$Server.processCall(ProtobufRpcEngine.java:465) [hadoop-common-3.3.4.jar:?]
	at org.apache.hadoop.ipc.ProtobufRpcEngine2$Server$ProtoBufRpcInvoker.call(ProtobufRpcEngine2.java:578) [hadoop-common-3.3.4.jar:?]
	at org.apache.hadoop.ipc.ProtobufRpcEngine2$Server$ProtoBufRpcInvoker.call(ProtobufRpcEngine2.java:556) [hadoop-common-3.3.4.jar:?]
	at org.apache.hadoop.ipc.RPC$Server.call(RPC.java:1093) [hadoop-common-3.3.4.jar:?]
	at org.apache.hadoop.ipc.Server$RpcCall.run(Server.java:1043) [hadoop-common-3.3.4.jar:?]
	at org.apache.hadoop.ipc.Server$RpcCall.run(Server.java:971) [hadoop-common-3.3.4.jar:?]
	at java.security.AccessController.doPrivileged(Native Method) ~[?:1.8.0_362]
	at javax.security.auth.Subject.doAs(Subject.java:422) [?:1.8.0_362]
	at org.apache.hadoop.security.UserGroupInformation.doAs(UserGroupInformation.java:1878) [hadoop-common-3.3.4.jar:?]
	at org.apache.hadoop.ipc.Server$Handler.run(Server.java:2976) [hadoop-common-3.3.4.jar:?]
13:40:25.162 [IPC Server handler 0 on default port 34503] ERROR OMAudit - user=runner | ip=127.0.0.1 | op=GET_FILE_STATUS {volume=volume47855, bucket=bucket64015, key=level0/level3/level3/file1, dataSize=0, replicationConfig=null} | ret=FAILURE
org.apache.hadoop.ozone.om.exceptions.OMException: Unable to get file status: volume: volume47855 bucket: bucket64015 key: level0/level3/level3/file1
	at org.apache.hadoop.ozone.om.KeyManagerImpl.getOzoneFileStatus(KeyManagerImpl.java:1162) ~[ozone-manager-1.4.0-SNAPSHOT.jar:?]
	at org.apache.hadoop.ozone.om.KeyManagerImpl.getFileStatus(KeyManagerImpl.java:1080) ~[ozone-manager-1.4.0-SNAPSHOT.jar:?]
	at org.apache.hadoop.ozone.om.OmMetadataReader.getFileStatus(OmMetadataReader.java:288) ~[ozone-manager-1.4.0-SNAPSHOT.jar:?]
	at org.apache.hadoop.ozone.om.OzoneManager.getFileStatus(OzoneManager.java:3450) ~[ozone-manager-1.4.0-SNAPSHOT.jar:?]
	at org.apache.hadoop.ozone.protocolPB.OzoneManagerRequestHandler.getOzoneFileStatus(OzoneManagerRequestHandler.java:933) ~[ozone-manager-1.4.0-SNAPSHOT.jar:?]
	at org.apache.hadoop.ozone.protocolPB.OzoneManagerRequestHandler.handleReadRequest(OzoneManagerRequestHandler.java:238) ~[ozone-manager-1.4.0-SNAPSHOT.jar:?]
	at org.apache.hadoop.ozone.protocolPB.OzoneManagerProtocolServerSideTranslatorPB.submitReadRequestToOM(OzoneManagerProtocolServerSideTranslatorPB.java:223) ~[ozone-manager-1.4.0-SNAPSHOT.jar:?]
	at org.apache.hadoop.ozone.protocolPB.OzoneManagerProtocolServerSideTranslatorPB.processRequest(OzoneManagerProtocolServerSideTranslatorPB.java:177) ~[ozone-manager-1.4.0-SNAPSHOT.jar:?]
	at org.apache.hadoop.hdds.server.OzoneProtocolMessageDispatcher.processRequest(OzoneProtocolMessageDispatcher.java:87) [hdds-server-framework-1.4.0-SNAPSHOT.jar:?]
	at org.apache.hadoop.ozone.protocolPB.OzoneManagerProtocolServerSideTranslatorPB.submitRequest(OzoneManagerProtocolServerSideTranslatorPB.java:147) [ozone-manager-1.4.0-SNAPSHOT.jar:?]
	at org.apache.hadoop.ozone.protocol.proto.OzoneManagerProtocolProtos$OzoneManagerService$2.callBlockingMethod(OzoneManagerProtocolProtos.java) [ozone-interface-client-1.4.0-SNAPSHOT.jar:?]
	at org.apache.hadoop.ipc.ProtobufRpcEngine$Server.processCall(ProtobufRpcEngine.java:465) [hadoop-common-3.3.4.jar:?]
	at org.apache.hadoop.ipc.ProtobufRpcEngine2$Server$ProtoBufRpcInvoker.call(ProtobufRpcEngine2.java:578) [hadoop-common-3.3.4.jar:?]
	at org.apache.hadoop.ipc.ProtobufRpcEngine2$Server$ProtoBufRpcInvoker.call(ProtobufRpcEngine2.java:556) [hadoop-common-3.3.4.jar:?]
	at org.apache.hadoop.ipc.RPC$Server.call(RPC.java:1093) [hadoop-common-3.3.4.jar:?]
	at org.apache.hadoop.ipc.Server$RpcCall.run(Server.java:1043) [hadoop-common-3.3.4.jar:?]
	at org.apache.hadoop.ipc.Server$RpcCall.run(Server.java:971) [hadoop-common-3.3.4.jar:?]
	at java.security.AccessController.doPrivileged(Native Method) ~[?:1.8.0_362]
	at javax.security.auth.Subject.doAs(Subject.java:422) [?:1.8.0_362]
	at org.apache.hadoop.security.UserGroupInformation.doAs(UserGroupInformation.java:1878) [hadoop-common-3.3.4.jar:?]
	at org.apache.hadoop.ipc.Server$Handler.run(Server.java:2976) [hadoop-common-3.3.4.jar:?]
]]></system-out>
  </testcase>
  <testcase name="testRecursiveDelete" classname="TestOzoneFileSystem" time="0.123">
    <system-out><![CDATA[2023-02-21 13:41:34,022 [IPC Server handler 6 on default port 40765] INFO  key.OMKeyRequest (OMKeyRequest.java:wrapUncommittedBlocksAsPseudoKey(837)) - Detect allocated but uncommitted blocks [{blockID={containerID=1, localID=111677748019200014}, length=4194304, offset=0, token=null, pipeline=null, createVersion=0, partNumber=0}] in key gdir1/pdir1/child.
2023-02-21 13:41:34,025 [IPC Server handler 19 on default port 40765] INFO  key.OMKeyRequest (OMKeyRequest.java:wrapUncommittedBlocksAsPseudoKey(837)) - Detect allocated but uncommitted blocks [{blockID={containerID=2, localID=111677748019200015}, length=4194304, offset=0, token=null, pipeline=null, createVersion=0, partNumber=0}] in key gdir1/pdir2/child.
2023-02-21 13:41:34,029 [IPC Server handler 17 on default port 40765] INFO  key.OMKeyRequest (OMKeyRequest.java:wrapUncommittedBlocksAsPseudoKey(837)) - Detect allocated but uncommitted blocks [{blockID={containerID=4, localID=111677748019200016}, length=4194304, offset=0, token=null, pipeline=null, createVersion=0, partNumber=0}] in key gdir1/pdir3/child.
2023-02-21 13:41:34,033 [IPC Server handler 14 on default port 40765] INFO  key.OMKeyRequest (OMKeyRequest.java:wrapUncommittedBlocksAsPseudoKey(837)) - Detect allocated but uncommitted blocks [{blockID={containerID=1, localID=111677748019200017}, length=4194304, offset=0, token=null, pipeline=null, createVersion=0, partNumber=0}] in key gdir1/pdir4/child.
2023-02-21 13:41:34,035 [IPC Server handler 15 on default port 40765] INFO  key.OMKeyRequest (OMKeyRequest.java:wrapUncommittedBlocksAsPseudoKey(837)) - Detect allocated but uncommitted blocks [{blockID={containerID=2, localID=111677748019200018}, length=4194304, offset=0, token=null, pipeline=null, createVersion=0, partNumber=0}] in key gdir1/pdir5/child.
2023-02-21 13:41:34,038 [IPC Server handler 12 on default port 40765] INFO  key.OMKeyRequest (OMKeyRequest.java:wrapUncommittedBlocksAsPseudoKey(837)) - Detect allocated but uncommitted blocks [{blockID={containerID=1, localID=111677748019200019}, length=4194304, offset=0, token=null, pipeline=null, createVersion=0, partNumber=0}] in key gdir1/pdir6/child.
2023-02-21 13:41:34,041 [IPC Server handler 1 on default port 40765] INFO  key.OMKeyRequest (OMKeyRequest.java:wrapUncommittedBlocksAsPseudoKey(837)) - Detect allocated but uncommitted blocks [{blockID={containerID=2, localID=111677748019200020}, length=4194304, offset=0, token=null, pipeline=null, createVersion=0, partNumber=0}] in key gdir1/pdir7/child.
2023-02-21 13:41:34,044 [IPC Server handler 3 on default port 40765] INFO  key.OMKeyRequest (OMKeyRequest.java:wrapUncommittedBlocksAsPseudoKey(837)) - Detect allocated but uncommitted blocks [{blockID={containerID=3, localID=111677748019200021}, length=4194304, offset=0, token=null, pipeline=null, createVersion=0, partNumber=0}] in key gdir1/pdir8/child.
2023-02-21 13:41:34,047 [IPC Server handler 7 on default port 40765] INFO  key.OMKeyRequest (OMKeyRequest.java:wrapUncommittedBlocksAsPseudoKey(837)) - Detect allocated but uncommitted blocks [{blockID={containerID=1, localID=111677748019200022}, length=4194304, offset=0, token=null, pipeline=null, createVersion=0, partNumber=0}] in key gdir1/pdir9/child.
2023-02-21 13:41:34,050 [IPC Server handler 11 on default port 40765] INFO  key.OMKeyRequest (OMKeyRequest.java:wrapUncommittedBlocksAsPseudoKey(837)) - Detect allocated but uncommitted blocks [{blockID={containerID=2, localID=111677748019200023}, length=4194304, offset=0, token=null, pipeline=null, createVersion=0, partNumber=0}] in key gdir1/pdir10/child.
13:41:34.061 [IPC Server handler 9 on default port 40765] ERROR OMAudit - user=runner | ip=127.0.0.1 | op=GET_FILE_STATUS {volume=volume82902, bucket=bucket15199, key=gdir1, dataSize=0, replicationConfig=null} | ret=FAILURE
org.apache.hadoop.ozone.om.exceptions.OMException: Unable to get file status: volume: volume82902 bucket: bucket15199 key: gdir1
	at org.apache.hadoop.ozone.om.KeyManagerImpl.getOzoneFileStatus(KeyManagerImpl.java:1162) ~[ozone-manager-1.4.0-SNAPSHOT.jar:?]
	at org.apache.hadoop.ozone.om.KeyManagerImpl.getFileStatus(KeyManagerImpl.java:1080) ~[ozone-manager-1.4.0-SNAPSHOT.jar:?]
	at org.apache.hadoop.ozone.om.OmMetadataReader.getFileStatus(OmMetadataReader.java:288) ~[ozone-manager-1.4.0-SNAPSHOT.jar:?]
	at org.apache.hadoop.ozone.om.OzoneManager.getFileStatus(OzoneManager.java:3450) ~[ozone-manager-1.4.0-SNAPSHOT.jar:?]
	at org.apache.hadoop.ozone.protocolPB.OzoneManagerRequestHandler.getOzoneFileStatus(OzoneManagerRequestHandler.java:933) ~[ozone-manager-1.4.0-SNAPSHOT.jar:?]
	at org.apache.hadoop.ozone.protocolPB.OzoneManagerRequestHandler.handleReadRequest(OzoneManagerRequestHandler.java:238) ~[ozone-manager-1.4.0-SNAPSHOT.jar:?]
	at org.apache.hadoop.ozone.protocolPB.OzoneManagerProtocolServerSideTranslatorPB.submitRequestDirectlyToOM(OzoneManagerProtocolServerSideTranslatorPB.java:271) ~[ozone-manager-1.4.0-SNAPSHOT.jar:?]
	at org.apache.hadoop.ozone.protocolPB.OzoneManagerProtocolServerSideTranslatorPB.processRequest(OzoneManagerProtocolServerSideTranslatorPB.java:173) ~[ozone-manager-1.4.0-SNAPSHOT.jar:?]
	at org.apache.hadoop.hdds.server.OzoneProtocolMessageDispatcher.processRequest(OzoneProtocolMessageDispatcher.java:87) [hdds-server-framework-1.4.0-SNAPSHOT.jar:?]
	at org.apache.hadoop.ozone.protocolPB.OzoneManagerProtocolServerSideTranslatorPB.submitRequest(OzoneManagerProtocolServerSideTranslatorPB.java:147) [ozone-manager-1.4.0-SNAPSHOT.jar:?]
	at org.apache.hadoop.ozone.protocol.proto.OzoneManagerProtocolProtos$OzoneManagerService$2.callBlockingMethod(OzoneManagerProtocolProtos.java) [ozone-interface-client-1.4.0-SNAPSHOT.jar:?]
	at org.apache.hadoop.ipc.ProtobufRpcEngine$Server.processCall(ProtobufRpcEngine.java:465) [hadoop-common-3.3.4.jar:?]
	at org.apache.hadoop.ipc.ProtobufRpcEngine2$Server$ProtoBufRpcInvoker.call(ProtobufRpcEngine2.java:578) [hadoop-common-3.3.4.jar:?]
	at org.apache.hadoop.ipc.ProtobufRpcEngine2$Server$ProtoBufRpcInvoker.call(ProtobufRpcEngine2.java:556) [hadoop-common-3.3.4.jar:?]
	at org.apache.hadoop.ipc.RPC$Server.call(RPC.java:1093) [hadoop-common-3.3.4.jar:?]
	at org.apache.hadoop.ipc.Server$RpcCall.run(Server.java:1043) [hadoop-common-3.3.4.jar:?]
	at org.apache.hadoop.ipc.Server$RpcCall.run(Server.java:971) [hadoop-common-3.3.4.jar:?]
	at java.security.AccessController.doPrivileged(Native Method) ~[?:1.8.0_362]
	at javax.security.auth.Subject.doAs(Subject.java:422) [?:1.8.0_362]
	at org.apache.hadoop.security.UserGroupInformation.doAs(UserGroupInformation.java:1878) [hadoop-common-3.3.4.jar:?]
	at org.apache.hadoop.ipc.Server$Handler.run(Server.java:2976) [hadoop-common-3.3.4.jar:?]
13:41:34.062 [IPC Server handler 11 on default port 40765] ERROR OMAudit - user=runner | ip=127.0.0.1 | op=GET_FILE_STATUS {volume=volume82902, bucket=bucket15199, key=gdir1/dir1, dataSize=0, replicationConfig=null} | ret=FAILURE
org.apache.hadoop.ozone.om.exceptions.OMException: Unable to get file status: volume: volume82902 bucket: bucket15199 key: gdir1/dir1
	at org.apache.hadoop.ozone.om.KeyManagerImpl.getOzoneFileStatus(KeyManagerImpl.java:1162) ~[ozone-manager-1.4.0-SNAPSHOT.jar:?]
	at org.apache.hadoop.ozone.om.KeyManagerImpl.getFileStatus(KeyManagerImpl.java:1080) ~[ozone-manager-1.4.0-SNAPSHOT.jar:?]
	at org.apache.hadoop.ozone.om.OmMetadataReader.getFileStatus(OmMetadataReader.java:288) ~[ozone-manager-1.4.0-SNAPSHOT.jar:?]
	at org.apache.hadoop.ozone.om.OzoneManager.getFileStatus(OzoneManager.java:3450) ~[ozone-manager-1.4.0-SNAPSHOT.jar:?]
	at org.apache.hadoop.ozone.protocolPB.OzoneManagerRequestHandler.getOzoneFileStatus(OzoneManagerRequestHandler.java:933) ~[ozone-manager-1.4.0-SNAPSHOT.jar:?]
	at org.apache.hadoop.ozone.protocolPB.OzoneManagerRequestHandler.handleReadRequest(OzoneManagerRequestHandler.java:238) ~[ozone-manager-1.4.0-SNAPSHOT.jar:?]
	at org.apache.hadoop.ozone.protocolPB.OzoneManagerProtocolServerSideTranslatorPB.submitRequestDirectlyToOM(OzoneManagerProtocolServerSideTranslatorPB.java:271) ~[ozone-manager-1.4.0-SNAPSHOT.jar:?]
	at org.apache.hadoop.ozone.protocolPB.OzoneManagerProtocolServerSideTranslatorPB.processRequest(OzoneManagerProtocolServerSideTranslatorPB.java:173) ~[ozone-manager-1.4.0-SNAPSHOT.jar:?]
	at org.apache.hadoop.hdds.server.OzoneProtocolMessageDispatcher.processRequest(OzoneProtocolMessageDispatcher.java:87) [hdds-server-framework-1.4.0-SNAPSHOT.jar:?]
	at org.apache.hadoop.ozone.protocolPB.OzoneManagerProtocolServerSideTranslatorPB.submitRequest(OzoneManagerProtocolServerSideTranslatorPB.java:147) [ozone-manager-1.4.0-SNAPSHOT.jar:?]
	at org.apache.hadoop.ozone.protocol.proto.OzoneManagerProtocolProtos$OzoneManagerService$2.callBlockingMethod(OzoneManagerProtocolProtos.java) [ozone-interface-client-1.4.0-SNAPSHOT.jar:?]
	at org.apache.hadoop.ipc.ProtobufRpcEngine$Server.processCall(ProtobufRpcEngine.java:465) [hadoop-common-3.3.4.jar:?]
	at org.apache.hadoop.ipc.ProtobufRpcEngine2$Server$ProtoBufRpcInvoker.call(ProtobufRpcEngine2.java:578) [hadoop-common-3.3.4.jar:?]
	at org.apache.hadoop.ipc.ProtobufRpcEngine2$Server$ProtoBufRpcInvoker.call(ProtobufRpcEngine2.java:556) [hadoop-common-3.3.4.jar:?]
	at org.apache.hadoop.ipc.RPC$Server.call(RPC.java:1093) [hadoop-common-3.3.4.jar:?]
	at org.apache.hadoop.ipc.Server$RpcCall.run(Server.java:1043) [hadoop-common-3.3.4.jar:?]
	at org.apache.hadoop.ipc.Server$RpcCall.run(Server.java:971) [hadoop-common-3.3.4.jar:?]
	at java.security.AccessController.doPrivileged(Native Method) ~[?:1.8.0_362]
	at javax.security.auth.Subject.doAs(Subject.java:422) [?:1.8.0_362]
	at org.apache.hadoop.security.UserGroupInformation.doAs(UserGroupInformation.java:1878) [hadoop-common-3.3.4.jar:?]
	at org.apache.hadoop.ipc.Server$Handler.run(Server.java:2976) [hadoop-common-3.3.4.jar:?]
13:41:34.064 [IPC Server handler 8 on default port 40765] ERROR OMAudit - user=runner | ip=127.0.0.1 | op=GET_FILE_STATUS {volume=volume82902, bucket=bucket15199, key=gdir1/dir1/child, dataSize=0, replicationConfig=null} | ret=FAILURE
org.apache.hadoop.ozone.om.exceptions.OMException: Unable to get file status: volume: volume82902 bucket: bucket15199 key: gdir1/dir1/child
	at org.apache.hadoop.ozone.om.KeyManagerImpl.getOzoneFileStatus(KeyManagerImpl.java:1162) ~[ozone-manager-1.4.0-SNAPSHOT.jar:?]
	at org.apache.hadoop.ozone.om.KeyManagerImpl.getFileStatus(KeyManagerImpl.java:1080) ~[ozone-manager-1.4.0-SNAPSHOT.jar:?]
	at org.apache.hadoop.ozone.om.OmMetadataReader.getFileStatus(OmMetadataReader.java:288) ~[ozone-manager-1.4.0-SNAPSHOT.jar:?]
	at org.apache.hadoop.ozone.om.OzoneManager.getFileStatus(OzoneManager.java:3450) ~[ozone-manager-1.4.0-SNAPSHOT.jar:?]
	at org.apache.hadoop.ozone.protocolPB.OzoneManagerRequestHandler.getOzoneFileStatus(OzoneManagerRequestHandler.java:933) ~[ozone-manager-1.4.0-SNAPSHOT.jar:?]
	at org.apache.hadoop.ozone.protocolPB.OzoneManagerRequestHandler.handleReadRequest(OzoneManagerRequestHandler.java:238) ~[ozone-manager-1.4.0-SNAPSHOT.jar:?]
	at org.apache.hadoop.ozone.protocolPB.OzoneManagerProtocolServerSideTranslatorPB.submitRequestDirectlyToOM(OzoneManagerProtocolServerSideTranslatorPB.java:271) ~[ozone-manager-1.4.0-SNAPSHOT.jar:?]
	at org.apache.hadoop.ozone.protocolPB.OzoneManagerProtocolServerSideTranslatorPB.processRequest(OzoneManagerProtocolServerSideTranslatorPB.java:173) ~[ozone-manager-1.4.0-SNAPSHOT.jar:?]
	at org.apache.hadoop.hdds.server.OzoneProtocolMessageDispatcher.processRequest(OzoneProtocolMessageDispatcher.java:87) [hdds-server-framework-1.4.0-SNAPSHOT.jar:?]
	at org.apache.hadoop.ozone.protocolPB.OzoneManagerProtocolServerSideTranslatorPB.submitRequest(OzoneManagerProtocolServerSideTranslatorPB.java:147) [ozone-manager-1.4.0-SNAPSHOT.jar:?]
	at org.apache.hadoop.ozone.protocol.proto.OzoneManagerProtocolProtos$OzoneManagerService$2.callBlockingMethod(OzoneManagerProtocolProtos.java) [ozone-interface-client-1.4.0-SNAPSHOT.jar:?]
	at org.apache.hadoop.ipc.ProtobufRpcEngine$Server.processCall(ProtobufRpcEngine.java:465) [hadoop-common-3.3.4.jar:?]
	at org.apache.hadoop.ipc.ProtobufRpcEngine2$Server$ProtoBufRpcInvoker.call(ProtobufRpcEngine2.java:578) [hadoop-common-3.3.4.jar:?]
	at org.apache.hadoop.ipc.ProtobufRpcEngine2$Server$ProtoBufRpcInvoker.call(ProtobufRpcEngine2.java:556) [hadoop-common-3.3.4.jar:?]
	at org.apache.hadoop.ipc.RPC$Server.call(RPC.java:1093) [hadoop-common-3.3.4.jar:?]
	at org.apache.hadoop.ipc.Server$RpcCall.run(Server.java:1043) [hadoop-common-3.3.4.jar:?]
	at org.apache.hadoop.ipc.Server$RpcCall.run(Server.java:971) [hadoop-common-3.3.4.jar:?]
	at java.security.AccessController.doPrivileged(Native Method) ~[?:1.8.0_362]
	at javax.security.auth.Subject.doAs(Subject.java:422) [?:1.8.0_362]
	at org.apache.hadoop.security.UserGroupInformation.doAs(UserGroupInformation.java:1878) [hadoop-common-3.3.4.jar:?]
	at org.apache.hadoop.ipc.Server$Handler.run(Server.java:2976) [hadoop-common-3.3.4.jar:?]
13:41:34.067 [IPC Server handler 6 on default port 40765] ERROR OMAudit - user=runner | ip=127.0.0.1 | op=GET_FILE_STATUS {volume=volume82902, bucket=bucket15199, key=gdir1/dir2, dataSize=0, replicationConfig=null} | ret=FAILURE
org.apache.hadoop.ozone.om.exceptions.OMException: Unable to get file status: volume: volume82902 bucket: bucket15199 key: gdir1/dir2
	at org.apache.hadoop.ozone.om.KeyManagerImpl.getOzoneFileStatus(KeyManagerImpl.java:1162) ~[ozone-manager-1.4.0-SNAPSHOT.jar:?]
	at org.apache.hadoop.ozone.om.KeyManagerImpl.getFileStatus(KeyManagerImpl.java:1080) ~[ozone-manager-1.4.0-SNAPSHOT.jar:?]
	at org.apache.hadoop.ozone.om.OmMetadataReader.getFileStatus(OmMetadataReader.java:288) ~[ozone-manager-1.4.0-SNAPSHOT.jar:?]
	at org.apache.hadoop.ozone.om.OzoneManager.getFileStatus(OzoneManager.java:3450) ~[ozone-manager-1.4.0-SNAPSHOT.jar:?]
	at org.apache.hadoop.ozone.protocolPB.OzoneManagerRequestHandler.getOzoneFileStatus(OzoneManagerRequestHandler.java:933) ~[ozone-manager-1.4.0-SNAPSHOT.jar:?]
	at org.apache.hadoop.ozone.protocolPB.OzoneManagerRequestHandler.handleReadRequest(OzoneManagerRequestHandler.java:238) ~[ozone-manager-1.4.0-SNAPSHOT.jar:?]
	at org.apache.hadoop.ozone.protocolPB.OzoneManagerProtocolServerSideTranslatorPB.submitRequestDirectlyToOM(OzoneManagerProtocolServerSideTranslatorPB.java:271) ~[ozone-manager-1.4.0-SNAPSHOT.jar:?]
	at org.apache.hadoop.ozone.protocolPB.OzoneManagerProtocolServerSideTranslatorPB.processRequest(OzoneManagerProtocolServerSideTranslatorPB.java:173) ~[ozone-manager-1.4.0-SNAPSHOT.jar:?]
	at org.apache.hadoop.hdds.server.OzoneProtocolMessageDispatcher.processRequest(OzoneProtocolMessageDispatcher.java:87) [hdds-server-framework-1.4.0-SNAPSHOT.jar:?]
	at org.apache.hadoop.ozone.protocolPB.OzoneManagerProtocolServerSideTranslatorPB.submitRequest(OzoneManagerProtocolServerSideTranslatorPB.java:147) [ozone-manager-1.4.0-SNAPSHOT.jar:?]
	at org.apache.hadoop.ozone.protocol.proto.OzoneManagerProtocolProtos$OzoneManagerService$2.callBlockingMethod(OzoneManagerProtocolProtos.java) [ozone-interface-client-1.4.0-SNAPSHOT.jar:?]
	at org.apache.hadoop.ipc.ProtobufRpcEngine$Server.processCall(ProtobufRpcEngine.java:465) [hadoop-common-3.3.4.jar:?]
	at org.apache.hadoop.ipc.ProtobufRpcEngine2$Server$ProtoBufRpcInvoker.call(ProtobufRpcEngine2.java:578) [hadoop-common-3.3.4.jar:?]
	at org.apache.hadoop.ipc.ProtobufRpcEngine2$Server$ProtoBufRpcInvoker.call(ProtobufRpcEngine2.java:556) [hadoop-common-3.3.4.jar:?]
	at org.apache.hadoop.ipc.RPC$Server.call(RPC.java:1093) [hadoop-common-3.3.4.jar:?]
	at org.apache.hadoop.ipc.Server$RpcCall.run(Server.java:1043) [hadoop-common-3.3.4.jar:?]
	at org.apache.hadoop.ipc.Server$RpcCall.run(Server.java:971) [hadoop-common-3.3.4.jar:?]
	at java.security.AccessController.doPrivileged(Native Method) ~[?:1.8.0_362]
	at javax.security.auth.Subject.doAs(Subject.java:422) [?:1.8.0_362]
	at org.apache.hadoop.security.UserGroupInformation.doAs(UserGroupInformation.java:1878) [hadoop-common-3.3.4.jar:?]
	at org.apache.hadoop.ipc.Server$Handler.run(Server.java:2976) [hadoop-common-3.3.4.jar:?]
13:41:34.068 [IPC Server handler 4 on default port 40765] ERROR OMAudit - user=runner | ip=127.0.0.1 | op=GET_FILE_STATUS {volume=volume82902, bucket=bucket15199, key=gdir1/dir2/child, dataSize=0, replicationConfig=null} | ret=FAILURE
org.apache.hadoop.ozone.om.exceptions.OMException: Unable to get file status: volume: volume82902 bucket: bucket15199 key: gdir1/dir2/child
	at org.apache.hadoop.ozone.om.KeyManagerImpl.getOzoneFileStatus(KeyManagerImpl.java:1162) ~[ozone-manager-1.4.0-SNAPSHOT.jar:?]
	at org.apache.hadoop.ozone.om.KeyManagerImpl.getFileStatus(KeyManagerImpl.java:1080) ~[ozone-manager-1.4.0-SNAPSHOT.jar:?]
	at org.apache.hadoop.ozone.om.OmMetadataReader.getFileStatus(OmMetadataReader.java:288) ~[ozone-manager-1.4.0-SNAPSHOT.jar:?]
	at org.apache.hadoop.ozone.om.OzoneManager.getFileStatus(OzoneManager.java:3450) ~[ozone-manager-1.4.0-SNAPSHOT.jar:?]
	at org.apache.hadoop.ozone.protocolPB.OzoneManagerRequestHandler.getOzoneFileStatus(OzoneManagerRequestHandler.java:933) ~[ozone-manager-1.4.0-SNAPSHOT.jar:?]
	at org.apache.hadoop.ozone.protocolPB.OzoneManagerRequestHandler.handleReadRequest(OzoneManagerRequestHandler.java:238) ~[ozone-manager-1.4.0-SNAPSHOT.jar:?]
	at org.apache.hadoop.ozone.protocolPB.OzoneManagerProtocolServerSideTranslatorPB.submitRequestDirectlyToOM(OzoneManagerProtocolServerSideTranslatorPB.java:271) ~[ozone-manager-1.4.0-SNAPSHOT.jar:?]
	at org.apache.hadoop.ozone.protocolPB.OzoneManagerProtocolServerSideTranslatorPB.processRequest(OzoneManagerProtocolServerSideTranslatorPB.java:173) ~[ozone-manager-1.4.0-SNAPSHOT.jar:?]
	at org.apache.hadoop.hdds.server.OzoneProtocolMessageDispatcher.processRequest(OzoneProtocolMessageDispatcher.java:87) [hdds-server-framework-1.4.0-SNAPSHOT.jar:?]
	at org.apache.hadoop.ozone.protocolPB.OzoneManagerProtocolServerSideTranslatorPB.submitRequest(OzoneManagerProtocolServerSideTranslatorPB.java:147) [ozone-manager-1.4.0-SNAPSHOT.jar:?]
	at org.apache.hadoop.ozone.protocol.proto.OzoneManagerProtocolProtos$OzoneManagerService$2.callBlockingMethod(OzoneManagerProtocolProtos.java) [ozone-interface-client-1.4.0-SNAPSHOT.jar:?]
	at org.apache.hadoop.ipc.ProtobufRpcEngine$Server.processCall(ProtobufRpcEngine.java:465) [hadoop-common-3.3.4.jar:?]
	at org.apache.hadoop.ipc.ProtobufRpcEngine2$Server$ProtoBufRpcInvoker.call(ProtobufRpcEngine2.java:578) [hadoop-common-3.3.4.jar:?]
	at org.apache.hadoop.ipc.ProtobufRpcEngine2$Server$ProtoBufRpcInvoker.call(ProtobufRpcEngine2.java:556) [hadoop-common-3.3.4.jar:?]
	at org.apache.hadoop.ipc.RPC$Server.call(RPC.java:1093) [hadoop-common-3.3.4.jar:?]
	at org.apache.hadoop.ipc.Server$RpcCall.run(Server.java:1043) [hadoop-common-3.3.4.jar:?]
	at org.apache.hadoop.ipc.Server$RpcCall.run(Server.java:971) [hadoop-common-3.3.4.jar:?]
	at java.security.AccessController.doPrivileged(Native Method) ~[?:1.8.0_362]
	at javax.security.auth.Subject.doAs(Subject.java:422) [?:1.8.0_362]
	at org.apache.hadoop.security.UserGroupInformation.doAs(UserGroupInformation.java:1878) [hadoop-common-3.3.4.jar:?]
	at org.apache.hadoop.ipc.Server$Handler.run(Server.java:2976) [hadoop-common-3.3.4.jar:?]
13:41:34.068 [IPC Server handler 19 on default port 40765] ERROR OMAudit - user=runner | ip=127.0.0.1 | op=GET_FILE_STATUS {volume=volume82902, bucket=bucket15199, key=gdir1/dir3, dataSize=0, replicationConfig=null} | ret=FAILURE
org.apache.hadoop.ozone.om.exceptions.OMException: Unable to get file status: volume: volume82902 bucket: bucket15199 key: gdir1/dir3
	at org.apache.hadoop.ozone.om.KeyManagerImpl.getOzoneFileStatus(KeyManagerImpl.java:1162) ~[ozone-manager-1.4.0-SNAPSHOT.jar:?]
	at org.apache.hadoop.ozone.om.KeyManagerImpl.getFileStatus(KeyManagerImpl.java:1080) ~[ozone-manager-1.4.0-SNAPSHOT.jar:?]
	at org.apache.hadoop.ozone.om.OmMetadataReader.getFileStatus(OmMetadataReader.java:288) ~[ozone-manager-1.4.0-SNAPSHOT.jar:?]
	at org.apache.hadoop.ozone.om.OzoneManager.getFileStatus(OzoneManager.java:3450) ~[ozone-manager-1.4.0-SNAPSHOT.jar:?]
	at org.apache.hadoop.ozone.protocolPB.OzoneManagerRequestHandler.getOzoneFileStatus(OzoneManagerRequestHandler.java:933) ~[ozone-manager-1.4.0-SNAPSHOT.jar:?]
	at org.apache.hadoop.ozone.protocolPB.OzoneManagerRequestHandler.handleReadRequest(OzoneManagerRequestHandler.java:238) ~[ozone-manager-1.4.0-SNAPSHOT.jar:?]
	at org.apache.hadoop.ozone.protocolPB.OzoneManagerProtocolServerSideTranslatorPB.submitRequestDirectlyToOM(OzoneManagerProtocolServerSideTranslatorPB.java:271) ~[ozone-manager-1.4.0-SNAPSHOT.jar:?]
	at org.apache.hadoop.ozone.protocolPB.OzoneManagerProtocolServerSideTranslatorPB.processRequest(OzoneManagerProtocolServerSideTranslatorPB.java:173) ~[ozone-manager-1.4.0-SNAPSHOT.jar:?]
	at org.apache.hadoop.hdds.server.OzoneProtocolMessageDispatcher.processRequest(OzoneProtocolMessageDispatcher.java:87) [hdds-server-framework-1.4.0-SNAPSHOT.jar:?]
	at org.apache.hadoop.ozone.protocolPB.OzoneManagerProtocolServerSideTranslatorPB.submitRequest(OzoneManagerProtocolServerSideTranslatorPB.java:147) [ozone-manager-1.4.0-SNAPSHOT.jar:?]
	at org.apache.hadoop.ozone.protocol.proto.OzoneManagerProtocolProtos$OzoneManagerService$2.callBlockingMethod(OzoneManagerProtocolProtos.java) [ozone-interface-client-1.4.0-SNAPSHOT.jar:?]
	at org.apache.hadoop.ipc.ProtobufRpcEngine$Server.processCall(ProtobufRpcEngine.java:465) [hadoop-common-3.3.4.jar:?]
	at org.apache.hadoop.ipc.ProtobufRpcEngine2$Server$ProtoBufRpcInvoker.call(ProtobufRpcEngine2.java:578) [hadoop-common-3.3.4.jar:?]
	at org.apache.hadoop.ipc.ProtobufRpcEngine2$Server$ProtoBufRpcInvoker.call(ProtobufRpcEngine2.java:556) [hadoop-common-3.3.4.jar:?]
	at org.apache.hadoop.ipc.RPC$Server.call(RPC.java:1093) [hadoop-common-3.3.4.jar:?]
	at org.apache.hadoop.ipc.Server$RpcCall.run(Server.java:1043) [hadoop-common-3.3.4.jar:?]
	at org.apache.hadoop.ipc.Server$RpcCall.run(Server.java:971) [hadoop-common-3.3.4.jar:?]
	at java.security.AccessController.doPrivileged(Native Method) ~[?:1.8.0_362]
	at javax.security.auth.Subject.doAs(Subject.java:422) [?:1.8.0_362]
	at org.apache.hadoop.security.UserGroupInformation.doAs(UserGroupInformation.java:1878) [hadoop-common-3.3.4.jar:?]
	at org.apache.hadoop.ipc.Server$Handler.run(Server.java:2976) [hadoop-common-3.3.4.jar:?]
13:41:34.069 [IPC Server handler 18 on default port 40765] ERROR OMAudit - user=runner | ip=127.0.0.1 | op=GET_FILE_STATUS {volume=volume82902, bucket=bucket15199, key=gdir1/dir3/child, dataSize=0, replicationConfig=null} | ret=FAILURE
org.apache.hadoop.ozone.om.exceptions.OMException: Unable to get file status: volume: volume82902 bucket: bucket15199 key: gdir1/dir3/child
	at org.apache.hadoop.ozone.om.KeyManagerImpl.getOzoneFileStatus(KeyManagerImpl.java:1162) ~[ozone-manager-1.4.0-SNAPSHOT.jar:?]
	at org.apache.hadoop.ozone.om.KeyManagerImpl.getFileStatus(KeyManagerImpl.java:1080) ~[ozone-manager-1.4.0-SNAPSHOT.jar:?]
	at org.apache.hadoop.ozone.om.OmMetadataReader.getFileStatus(OmMetadataReader.java:288) ~[ozone-manager-1.4.0-SNAPSHOT.jar:?]
	at org.apache.hadoop.ozone.om.OzoneManager.getFileStatus(OzoneManager.java:3450) ~[ozone-manager-1.4.0-SNAPSHOT.jar:?]
	at org.apache.hadoop.ozone.protocolPB.OzoneManagerRequestHandler.getOzoneFileStatus(OzoneManagerRequestHandler.java:933) ~[ozone-manager-1.4.0-SNAPSHOT.jar:?]
	at org.apache.hadoop.ozone.protocolPB.OzoneManagerRequestHandler.handleReadRequest(OzoneManagerRequestHandler.java:238) ~[ozone-manager-1.4.0-SNAPSHOT.jar:?]
	at org.apache.hadoop.ozone.protocolPB.OzoneManagerProtocolServerSideTranslatorPB.submitRequestDirectlyToOM(OzoneManagerProtocolServerSideTranslatorPB.java:271) ~[ozone-manager-1.4.0-SNAPSHOT.jar:?]
	at org.apache.hadoop.ozone.protocolPB.OzoneManagerProtocolServerSideTranslatorPB.processRequest(OzoneManagerProtocolServerSideTranslatorPB.java:173) ~[ozone-manager-1.4.0-SNAPSHOT.jar:?]
	at org.apache.hadoop.hdds.server.OzoneProtocolMessageDispatcher.processRequest(OzoneProtocolMessageDispatcher.java:87) [hdds-server-framework-1.4.0-SNAPSHOT.jar:?]
	at org.apache.hadoop.ozone.protocolPB.OzoneManagerProtocolServerSideTranslatorPB.submitRequest(OzoneManagerProtocolServerSideTranslatorPB.java:147) [ozone-manager-1.4.0-SNAPSHOT.jar:?]
	at org.apache.hadoop.ozone.protocol.proto.OzoneManagerProtocolProtos$OzoneManagerService$2.callBlockingMethod(OzoneManagerProtocolProtos.java) [ozone-interface-client-1.4.0-SNAPSHOT.jar:?]
	at org.apache.hadoop.ipc.ProtobufRpcEngine$Server.processCall(ProtobufRpcEngine.java:465) [hadoop-common-3.3.4.jar:?]
	at org.apache.hadoop.ipc.ProtobufRpcEngine2$Server$ProtoBufRpcInvoker.call(ProtobufRpcEngine2.java:578) [hadoop-common-3.3.4.jar:?]
	at org.apache.hadoop.ipc.ProtobufRpcEngine2$Server$ProtoBufRpcInvoker.call(ProtobufRpcEngine2.java:556) [hadoop-common-3.3.4.jar:?]
	at org.apache.hadoop.ipc.RPC$Server.call(RPC.java:1093) [hadoop-common-3.3.4.jar:?]
	at org.apache.hadoop.ipc.Server$RpcCall.run(Server.java:1043) [hadoop-common-3.3.4.jar:?]
	at org.apache.hadoop.ipc.Server$RpcCall.run(Server.java:971) [hadoop-common-3.3.4.jar:?]
	at java.security.AccessController.doPrivileged(Native Method) ~[?:1.8.0_362]
	at javax.security.auth.Subject.doAs(Subject.java:422) [?:1.8.0_362]
	at org.apache.hadoop.security.UserGroupInformation.doAs(UserGroupInformation.java:1878) [hadoop-common-3.3.4.jar:?]
	at org.apache.hadoop.ipc.Server$Handler.run(Server.java:2976) [hadoop-common-3.3.4.jar:?]
13:41:34.070 [IPC Server handler 17 on default port 40765] ERROR OMAudit - user=runner | ip=127.0.0.1 | op=GET_FILE_STATUS {volume=volume82902, bucket=bucket15199, key=gdir1/dir4, dataSize=0, replicationConfig=null} | ret=FAILURE
org.apache.hadoop.ozone.om.exceptions.OMException: Unable to get file status: volume: volume82902 bucket: bucket15199 key: gdir1/dir4
	at org.apache.hadoop.ozone.om.KeyManagerImpl.getOzoneFileStatus(KeyManagerImpl.java:1162) ~[ozone-manager-1.4.0-SNAPSHOT.jar:?]
	at org.apache.hadoop.ozone.om.KeyManagerImpl.getFileStatus(KeyManagerImpl.java:1080) ~[ozone-manager-1.4.0-SNAPSHOT.jar:?]
	at org.apache.hadoop.ozone.om.OmMetadataReader.getFileStatus(OmMetadataReader.java:288) ~[ozone-manager-1.4.0-SNAPSHOT.jar:?]
	at org.apache.hadoop.ozone.om.OzoneManager.getFileStatus(OzoneManager.java:3450) ~[ozone-manager-1.4.0-SNAPSHOT.jar:?]
	at org.apache.hadoop.ozone.protocolPB.OzoneManagerRequestHandler.getOzoneFileStatus(OzoneManagerRequestHandler.java:933) ~[ozone-manager-1.4.0-SNAPSHOT.jar:?]
	at org.apache.hadoop.ozone.protocolPB.OzoneManagerRequestHandler.handleReadRequest(OzoneManagerRequestHandler.java:238) ~[ozone-manager-1.4.0-SNAPSHOT.jar:?]
	at org.apache.hadoop.ozone.protocolPB.OzoneManagerProtocolServerSideTranslatorPB.submitRequestDirectlyToOM(OzoneManagerProtocolServerSideTranslatorPB.java:271) ~[ozone-manager-1.4.0-SNAPSHOT.jar:?]
	at org.apache.hadoop.ozone.protocolPB.OzoneManagerProtocolServerSideTranslatorPB.processRequest(OzoneManagerProtocolServerSideTranslatorPB.java:173) ~[ozone-manager-1.4.0-SNAPSHOT.jar:?]
	at org.apache.hadoop.hdds.server.OzoneProtocolMessageDispatcher.processRequest(OzoneProtocolMessageDispatcher.java:87) [hdds-server-framework-1.4.0-SNAPSHOT.jar:?]
	at org.apache.hadoop.ozone.protocolPB.OzoneManagerProtocolServerSideTranslatorPB.submitRequest(OzoneManagerProtocolServerSideTranslatorPB.java:147) [ozone-manager-1.4.0-SNAPSHOT.jar:?]
	at org.apache.hadoop.ozone.protocol.proto.OzoneManagerProtocolProtos$OzoneManagerService$2.callBlockingMethod(OzoneManagerProtocolProtos.java) [ozone-interface-client-1.4.0-SNAPSHOT.jar:?]
	at org.apache.hadoop.ipc.ProtobufRpcEngine$Server.processCall(ProtobufRpcEngine.java:465) [hadoop-common-3.3.4.jar:?]
	at org.apache.hadoop.ipc.ProtobufRpcEngine2$Server$ProtoBufRpcInvoker.call(ProtobufRpcEngine2.java:578) [hadoop-common-3.3.4.jar:?]
	at org.apache.hadoop.ipc.ProtobufRpcEngine2$Server$ProtoBufRpcInvoker.call(ProtobufRpcEngine2.java:556) [hadoop-common-3.3.4.jar:?]
	at org.apache.hadoop.ipc.RPC$Server.call(RPC.java:1093) [hadoop-common-3.3.4.jar:?]
	at org.apache.hadoop.ipc.Server$RpcCall.run(Server.java:1043) [hadoop-common-3.3.4.jar:?]
	at org.apache.hadoop.ipc.Server$RpcCall.run(Server.java:971) [hadoop-common-3.3.4.jar:?]
	at java.security.AccessController.doPrivileged(Native Method) ~[?:1.8.0_362]
	at javax.security.auth.Subject.doAs(Subject.java:422) [?:1.8.0_362]
	at org.apache.hadoop.security.UserGroupInformation.doAs(UserGroupInformation.java:1878) [hadoop-common-3.3.4.jar:?]
	at org.apache.hadoop.ipc.Server$Handler.run(Server.java:2976) [hadoop-common-3.3.4.jar:?]
13:41:34.071 [IPC Server handler 16 on default port 40765] ERROR OMAudit - user=runner | ip=127.0.0.1 | op=GET_FILE_STATUS {volume=volume82902, bucket=bucket15199, key=gdir1/dir4/child, dataSize=0, replicationConfig=null} | ret=FAILURE
org.apache.hadoop.ozone.om.exceptions.OMException: Unable to get file status: volume: volume82902 bucket: bucket15199 key: gdir1/dir4/child
	at org.apache.hadoop.ozone.om.KeyManagerImpl.getOzoneFileStatus(KeyManagerImpl.java:1162) ~[ozone-manager-1.4.0-SNAPSHOT.jar:?]
	at org.apache.hadoop.ozone.om.KeyManagerImpl.getFileStatus(KeyManagerImpl.java:1080) ~[ozone-manager-1.4.0-SNAPSHOT.jar:?]
	at org.apache.hadoop.ozone.om.OmMetadataReader.getFileStatus(OmMetadataReader.java:288) ~[ozone-manager-1.4.0-SNAPSHOT.jar:?]
	at org.apache.hadoop.ozone.om.OzoneManager.getFileStatus(OzoneManager.java:3450) ~[ozone-manager-1.4.0-SNAPSHOT.jar:?]
	at org.apache.hadoop.ozone.protocolPB.OzoneManagerRequestHandler.getOzoneFileStatus(OzoneManagerRequestHandler.java:933) ~[ozone-manager-1.4.0-SNAPSHOT.jar:?]
	at org.apache.hadoop.ozone.protocolPB.OzoneManagerRequestHandler.handleReadRequest(OzoneManagerRequestHandler.java:238) ~[ozone-manager-1.4.0-SNAPSHOT.jar:?]
	at org.apache.hadoop.ozone.protocolPB.OzoneManagerProtocolServerSideTranslatorPB.submitRequestDirectlyToOM(OzoneManagerProtocolServerSideTranslatorPB.java:271) ~[ozone-manager-1.4.0-SNAPSHOT.jar:?]
	at org.apache.hadoop.ozone.protocolPB.OzoneManagerProtocolServerSideTranslatorPB.processRequest(OzoneManagerProtocolServerSideTranslatorPB.java:173) ~[ozone-manager-1.4.0-SNAPSHOT.jar:?]
	at org.apache.hadoop.hdds.server.OzoneProtocolMessageDispatcher.processRequest(OzoneProtocolMessageDispatcher.java:87) [hdds-server-framework-1.4.0-SNAPSHOT.jar:?]
	at org.apache.hadoop.ozone.protocolPB.OzoneManagerProtocolServerSideTranslatorPB.submitRequest(OzoneManagerProtocolServerSideTranslatorPB.java:147) [ozone-manager-1.4.0-SNAPSHOT.jar:?]
	at org.apache.hadoop.ozone.protocol.proto.OzoneManagerProtocolProtos$OzoneManagerService$2.callBlockingMethod(OzoneManagerProtocolProtos.java) [ozone-interface-client-1.4.0-SNAPSHOT.jar:?]
	at org.apache.hadoop.ipc.ProtobufRpcEngine$Server.processCall(ProtobufRpcEngine.java:465) [hadoop-common-3.3.4.jar:?]
	at org.apache.hadoop.ipc.ProtobufRpcEngine2$Server$ProtoBufRpcInvoker.call(ProtobufRpcEngine2.java:578) [hadoop-common-3.3.4.jar:?]
	at org.apache.hadoop.ipc.ProtobufRpcEngine2$Server$ProtoBufRpcInvoker.call(ProtobufRpcEngine2.java:556) [hadoop-common-3.3.4.jar:?]
	at org.apache.hadoop.ipc.RPC$Server.call(RPC.java:1093) [hadoop-common-3.3.4.jar:?]
	at org.apache.hadoop.ipc.Server$RpcCall.run(Server.java:1043) [hadoop-common-3.3.4.jar:?]
	at org.apache.hadoop.ipc.Server$RpcCall.run(Server.java:971) [hadoop-common-3.3.4.jar:?]
	at java.security.AccessController.doPrivileged(Native Method) ~[?:1.8.0_362]
	at javax.security.auth.Subject.doAs(Subject.java:422) [?:1.8.0_362]
	at org.apache.hadoop.security.UserGroupInformation.doAs(UserGroupInformation.java:1878) [hadoop-common-3.3.4.jar:?]
	at org.apache.hadoop.ipc.Server$Handler.run(Server.java:2976) [hadoop-common-3.3.4.jar:?]
13:41:34.073 [IPC Server handler 14 on default port 40765] ERROR OMAudit - user=runner | ip=127.0.0.1 | op=GET_FILE_STATUS {volume=volume82902, bucket=bucket15199, key=gdir1/dir5, dataSize=0, replicationConfig=null} | ret=FAILURE
org.apache.hadoop.ozone.om.exceptions.OMException: Unable to get file status: volume: volume82902 bucket: bucket15199 key: gdir1/dir5
	at org.apache.hadoop.ozone.om.KeyManagerImpl.getOzoneFileStatus(KeyManagerImpl.java:1162) ~[ozone-manager-1.4.0-SNAPSHOT.jar:?]
	at org.apache.hadoop.ozone.om.KeyManagerImpl.getFileStatus(KeyManagerImpl.java:1080) ~[ozone-manager-1.4.0-SNAPSHOT.jar:?]
	at org.apache.hadoop.ozone.om.OmMetadataReader.getFileStatus(OmMetadataReader.java:288) ~[ozone-manager-1.4.0-SNAPSHOT.jar:?]
	at org.apache.hadoop.ozone.om.OzoneManager.getFileStatus(OzoneManager.java:3450) ~[ozone-manager-1.4.0-SNAPSHOT.jar:?]
	at org.apache.hadoop.ozone.protocolPB.OzoneManagerRequestHandler.getOzoneFileStatus(OzoneManagerRequestHandler.java:933) ~[ozone-manager-1.4.0-SNAPSHOT.jar:?]
	at org.apache.hadoop.ozone.protocolPB.OzoneManagerRequestHandler.handleReadRequest(OzoneManagerRequestHandler.java:238) ~[ozone-manager-1.4.0-SNAPSHOT.jar:?]
	at org.apache.hadoop.ozone.protocolPB.OzoneManagerProtocolServerSideTranslatorPB.submitRequestDirectlyToOM(OzoneManagerProtocolServerSideTranslatorPB.java:271) ~[ozone-manager-1.4.0-SNAPSHOT.jar:?]
	at org.apache.hadoop.ozone.protocolPB.OzoneManagerProtocolServerSideTranslatorPB.processRequest(OzoneManagerProtocolServerSideTranslatorPB.java:173) ~[ozone-manager-1.4.0-SNAPSHOT.jar:?]
	at org.apache.hadoop.hdds.server.OzoneProtocolMessageDispatcher.processRequest(OzoneProtocolMessageDispatcher.java:87) [hdds-server-framework-1.4.0-SNAPSHOT.jar:?]
	at org.apache.hadoop.ozone.protocolPB.OzoneManagerProtocolServerSideTranslatorPB.submitRequest(OzoneManagerProtocolServerSideTranslatorPB.java:147) [ozone-manager-1.4.0-SNAPSHOT.jar:?]
	at org.apache.hadoop.ozone.protocol.proto.OzoneManagerProtocolProtos$OzoneManagerService$2.callBlockingMethod(OzoneManagerProtocolProtos.java) [ozone-interface-client-1.4.0-SNAPSHOT.jar:?]
	at org.apache.hadoop.ipc.ProtobufRpcEngine$Server.processCall(ProtobufRpcEngine.java:465) [hadoop-common-3.3.4.jar:?]
	at org.apache.hadoop.ipc.ProtobufRpcEngine2$Server$ProtoBufRpcInvoker.call(ProtobufRpcEngine2.java:578) [hadoop-common-3.3.4.jar:?]
	at org.apache.hadoop.ipc.ProtobufRpcEngine2$Server$ProtoBufRpcInvoker.call(ProtobufRpcEngine2.java:556) [hadoop-common-3.3.4.jar:?]
	at org.apache.hadoop.ipc.RPC$Server.call(RPC.java:1093) [hadoop-common-3.3.4.jar:?]
	at org.apache.hadoop.ipc.Server$RpcCall.run(Server.java:1043) [hadoop-common-3.3.4.jar:?]
	at org.apache.hadoop.ipc.Server$RpcCall.run(Server.java:971) [hadoop-common-3.3.4.jar:?]
	at java.security.AccessController.doPrivileged(Native Method) ~[?:1.8.0_362]
	at javax.security.auth.Subject.doAs(Subject.java:422) [?:1.8.0_362]
	at org.apache.hadoop.security.UserGroupInformation.doAs(UserGroupInformation.java:1878) [hadoop-common-3.3.4.jar:?]
	at org.apache.hadoop.ipc.Server$Handler.run(Server.java:2976) [hadoop-common-3.3.4.jar:?]
13:41:34.074 [IPC Server handler 13 on default port 40765] ERROR OMAudit - user=runner | ip=127.0.0.1 | op=GET_FILE_STATUS {volume=volume82902, bucket=bucket15199, key=gdir1/dir5/child, dataSize=0, replicationConfig=null} | ret=FAILURE
org.apache.hadoop.ozone.om.exceptions.OMException: Unable to get file status: volume: volume82902 bucket: bucket15199 key: gdir1/dir5/child
	at org.apache.hadoop.ozone.om.KeyManagerImpl.getOzoneFileStatus(KeyManagerImpl.java:1162) ~[ozone-manager-1.4.0-SNAPSHOT.jar:?]
	at org.apache.hadoop.ozone.om.KeyManagerImpl.getFileStatus(KeyManagerImpl.java:1080) ~[ozone-manager-1.4.0-SNAPSHOT.jar:?]
	at org.apache.hadoop.ozone.om.OmMetadataReader.getFileStatus(OmMetadataReader.java:288) ~[ozone-manager-1.4.0-SNAPSHOT.jar:?]
	at org.apache.hadoop.ozone.om.OzoneManager.getFileStatus(OzoneManager.java:3450) ~[ozone-manager-1.4.0-SNAPSHOT.jar:?]
	at org.apache.hadoop.ozone.protocolPB.OzoneManagerRequestHandler.getOzoneFileStatus(OzoneManagerRequestHandler.java:933) ~[ozone-manager-1.4.0-SNAPSHOT.jar:?]
	at org.apache.hadoop.ozone.protocolPB.OzoneManagerRequestHandler.handleReadRequest(OzoneManagerRequestHandler.java:238) ~[ozone-manager-1.4.0-SNAPSHOT.jar:?]
	at org.apache.hadoop.ozone.protocolPB.OzoneManagerProtocolServerSideTranslatorPB.submitRequestDirectlyToOM(OzoneManagerProtocolServerSideTranslatorPB.java:271) ~[ozone-manager-1.4.0-SNAPSHOT.jar:?]
	at org.apache.hadoop.ozone.protocolPB.OzoneManagerProtocolServerSideTranslatorPB.processRequest(OzoneManagerProtocolServerSideTranslatorPB.java:173) ~[ozone-manager-1.4.0-SNAPSHOT.jar:?]
	at org.apache.hadoop.hdds.server.OzoneProtocolMessageDispatcher.processRequest(OzoneProtocolMessageDispatcher.java:87) [hdds-server-framework-1.4.0-SNAPSHOT.jar:?]
	at org.apache.hadoop.ozone.protocolPB.OzoneManagerProtocolServerSideTranslatorPB.submitRequest(OzoneManagerProtocolServerSideTranslatorPB.java:147) [ozone-manager-1.4.0-SNAPSHOT.jar:?]
	at org.apache.hadoop.ozone.protocol.proto.OzoneManagerProtocolProtos$OzoneManagerService$2.callBlockingMethod(OzoneManagerProtocolProtos.java) [ozone-interface-client-1.4.0-SNAPSHOT.jar:?]
	at org.apache.hadoop.ipc.ProtobufRpcEngine$Server.processCall(ProtobufRpcEngine.java:465) [hadoop-common-3.3.4.jar:?]
	at org.apache.hadoop.ipc.ProtobufRpcEngine2$Server$ProtoBufRpcInvoker.call(ProtobufRpcEngine2.java:578) [hadoop-common-3.3.4.jar:?]
	at org.apache.hadoop.ipc.ProtobufRpcEngine2$Server$ProtoBufRpcInvoker.call(ProtobufRpcEngine2.java:556) [hadoop-common-3.3.4.jar:?]
	at org.apache.hadoop.ipc.RPC$Server.call(RPC.java:1093) [hadoop-common-3.3.4.jar:?]
	at org.apache.hadoop.ipc.Server$RpcCall.run(Server.java:1043) [hadoop-common-3.3.4.jar:?]
	at org.apache.hadoop.ipc.Server$RpcCall.run(Server.java:971) [hadoop-common-3.3.4.jar:?]
	at java.security.AccessController.doPrivileged(Native Method) ~[?:1.8.0_362]
	at javax.security.auth.Subject.doAs(Subject.java:422) [?:1.8.0_362]
	at org.apache.hadoop.security.UserGroupInformation.doAs(UserGroupInformation.java:1878) [hadoop-common-3.3.4.jar:?]
	at org.apache.hadoop.ipc.Server$Handler.run(Server.java:2976) [hadoop-common-3.3.4.jar:?]
13:41:34.075 [IPC Server handler 15 on default port 40765] ERROR OMAudit - user=runner | ip=127.0.0.1 | op=GET_FILE_STATUS {volume=volume82902, bucket=bucket15199, key=gdir1/dir6, dataSize=0, replicationConfig=null} | ret=FAILURE
org.apache.hadoop.ozone.om.exceptions.OMException: Unable to get file status: volume: volume82902 bucket: bucket15199 key: gdir1/dir6
	at org.apache.hadoop.ozone.om.KeyManagerImpl.getOzoneFileStatus(KeyManagerImpl.java:1162) ~[ozone-manager-1.4.0-SNAPSHOT.jar:?]
	at org.apache.hadoop.ozone.om.KeyManagerImpl.getFileStatus(KeyManagerImpl.java:1080) ~[ozone-manager-1.4.0-SNAPSHOT.jar:?]
	at org.apache.hadoop.ozone.om.OmMetadataReader.getFileStatus(OmMetadataReader.java:288) ~[ozone-manager-1.4.0-SNAPSHOT.jar:?]
	at org.apache.hadoop.ozone.om.OzoneManager.getFileStatus(OzoneManager.java:3450) ~[ozone-manager-1.4.0-SNAPSHOT.jar:?]
	at org.apache.hadoop.ozone.protocolPB.OzoneManagerRequestHandler.getOzoneFileStatus(OzoneManagerRequestHandler.java:933) ~[ozone-manager-1.4.0-SNAPSHOT.jar:?]
	at org.apache.hadoop.ozone.protocolPB.OzoneManagerRequestHandler.handleReadRequest(OzoneManagerRequestHandler.java:238) ~[ozone-manager-1.4.0-SNAPSHOT.jar:?]
	at org.apache.hadoop.ozone.protocolPB.OzoneManagerProtocolServerSideTranslatorPB.submitRequestDirectlyToOM(OzoneManagerProtocolServerSideTranslatorPB.java:271) ~[ozone-manager-1.4.0-SNAPSHOT.jar:?]
	at org.apache.hadoop.ozone.protocolPB.OzoneManagerProtocolServerSideTranslatorPB.processRequest(OzoneManagerProtocolServerSideTranslatorPB.java:173) ~[ozone-manager-1.4.0-SNAPSHOT.jar:?]
	at org.apache.hadoop.hdds.server.OzoneProtocolMessageDispatcher.processRequest(OzoneProtocolMessageDispatcher.java:87) [hdds-server-framework-1.4.0-SNAPSHOT.jar:?]
	at org.apache.hadoop.ozone.protocolPB.OzoneManagerProtocolServerSideTranslatorPB.submitRequest(OzoneManagerProtocolServerSideTranslatorPB.java:147) [ozone-manager-1.4.0-SNAPSHOT.jar:?]
	at org.apache.hadoop.ozone.protocol.proto.OzoneManagerProtocolProtos$OzoneManagerService$2.callBlockingMethod(OzoneManagerProtocolProtos.java) [ozone-interface-client-1.4.0-SNAPSHOT.jar:?]
	at org.apache.hadoop.ipc.ProtobufRpcEngine$Server.processCall(ProtobufRpcEngine.java:465) [hadoop-common-3.3.4.jar:?]
	at org.apache.hadoop.ipc.ProtobufRpcEngine2$Server$ProtoBufRpcInvoker.call(ProtobufRpcEngine2.java:578) [hadoop-common-3.3.4.jar:?]
	at org.apache.hadoop.ipc.ProtobufRpcEngine2$Server$ProtoBufRpcInvoker.call(ProtobufRpcEngine2.java:556) [hadoop-common-3.3.4.jar:?]
	at org.apache.hadoop.ipc.RPC$Server.call(RPC.java:1093) [hadoop-common-3.3.4.jar:?]
	at org.apache.hadoop.ipc.Server$RpcCall.run(Server.java:1043) [hadoop-common-3.3.4.jar:?]
	at org.apache.hadoop.ipc.Server$RpcCall.run(Server.java:971) [hadoop-common-3.3.4.jar:?]
	at java.security.AccessController.doPrivileged(Native Method) ~[?:1.8.0_362]
	at javax.security.auth.Subject.doAs(Subject.java:422) [?:1.8.0_362]
	at org.apache.hadoop.security.UserGroupInformation.doAs(UserGroupInformation.java:1878) [hadoop-common-3.3.4.jar:?]
	at org.apache.hadoop.ipc.Server$Handler.run(Server.java:2976) [hadoop-common-3.3.4.jar:?]
13:41:34.076 [IPC Server handler 10 on default port 40765] ERROR OMAudit - user=runner | ip=127.0.0.1 | op=GET_FILE_STATUS {volume=volume82902, bucket=bucket15199, key=gdir1/dir6/child, dataSize=0, replicationConfig=null} | ret=FAILURE
org.apache.hadoop.ozone.om.exceptions.OMException: Unable to get file status: volume: volume82902 bucket: bucket15199 key: gdir1/dir6/child
	at org.apache.hadoop.ozone.om.KeyManagerImpl.getOzoneFileStatus(KeyManagerImpl.java:1162) ~[ozone-manager-1.4.0-SNAPSHOT.jar:?]
	at org.apache.hadoop.ozone.om.KeyManagerImpl.getFileStatus(KeyManagerImpl.java:1080) ~[ozone-manager-1.4.0-SNAPSHOT.jar:?]
	at org.apache.hadoop.ozone.om.OmMetadataReader.getFileStatus(OmMetadataReader.java:288) ~[ozone-manager-1.4.0-SNAPSHOT.jar:?]
	at org.apache.hadoop.ozone.om.OzoneManager.getFileStatus(OzoneManager.java:3450) ~[ozone-manager-1.4.0-SNAPSHOT.jar:?]
	at org.apache.hadoop.ozone.protocolPB.OzoneManagerRequestHandler.getOzoneFileStatus(OzoneManagerRequestHandler.java:933) ~[ozone-manager-1.4.0-SNAPSHOT.jar:?]
	at org.apache.hadoop.ozone.protocolPB.OzoneManagerRequestHandler.handleReadRequest(OzoneManagerRequestHandler.java:238) ~[ozone-manager-1.4.0-SNAPSHOT.jar:?]
	at org.apache.hadoop.ozone.protocolPB.OzoneManagerProtocolServerSideTranslatorPB.submitRequestDirectlyToOM(OzoneManagerProtocolServerSideTranslatorPB.java:271) ~[ozone-manager-1.4.0-SNAPSHOT.jar:?]
	at org.apache.hadoop.ozone.protocolPB.OzoneManagerProtocolServerSideTranslatorPB.processRequest(OzoneManagerProtocolServerSideTranslatorPB.java:173) ~[ozone-manager-1.4.0-SNAPSHOT.jar:?]
	at org.apache.hadoop.hdds.server.OzoneProtocolMessageDispatcher.processRequest(OzoneProtocolMessageDispatcher.java:87) [hdds-server-framework-1.4.0-SNAPSHOT.jar:?]
	at org.apache.hadoop.ozone.protocolPB.OzoneManagerProtocolServerSideTranslatorPB.submitRequest(OzoneManagerProtocolServerSideTranslatorPB.java:147) [ozone-manager-1.4.0-SNAPSHOT.jar:?]
	at org.apache.hadoop.ozone.protocol.proto.OzoneManagerProtocolProtos$OzoneManagerService$2.callBlockingMethod(OzoneManagerProtocolProtos.java) [ozone-interface-client-1.4.0-SNAPSHOT.jar:?]
	at org.apache.hadoop.ipc.ProtobufRpcEngine$Server.processCall(ProtobufRpcEngine.java:465) [hadoop-common-3.3.4.jar:?]
	at org.apache.hadoop.ipc.ProtobufRpcEngine2$Server$ProtoBufRpcInvoker.call(ProtobufRpcEngine2.java:578) [hadoop-common-3.3.4.jar:?]
	at org.apache.hadoop.ipc.ProtobufRpcEngine2$Server$ProtoBufRpcInvoker.call(ProtobufRpcEngine2.java:556) [hadoop-common-3.3.4.jar:?]
	at org.apache.hadoop.ipc.RPC$Server.call(RPC.java:1093) [hadoop-common-3.3.4.jar:?]
	at org.apache.hadoop.ipc.Server$RpcCall.run(Server.java:1043) [hadoop-common-3.3.4.jar:?]
	at org.apache.hadoop.ipc.Server$RpcCall.run(Server.java:971) [hadoop-common-3.3.4.jar:?]
	at java.security.AccessController.doPrivileged(Native Method) ~[?:1.8.0_362]
	at javax.security.auth.Subject.doAs(Subject.java:422) [?:1.8.0_362]
	at org.apache.hadoop.security.UserGroupInformation.doAs(UserGroupInformation.java:1878) [hadoop-common-3.3.4.jar:?]
	at org.apache.hadoop.ipc.Server$Handler.run(Server.java:2976) [hadoop-common-3.3.4.jar:?]
13:41:34.076 [IPC Server handler 12 on default port 40765] ERROR OMAudit - user=runner | ip=127.0.0.1 | op=GET_FILE_STATUS {volume=volume82902, bucket=bucket15199, key=gdir1/dir7, dataSize=0, replicationConfig=null} | ret=FAILURE
org.apache.hadoop.ozone.om.exceptions.OMException: Unable to get file status: volume: volume82902 bucket: bucket15199 key: gdir1/dir7
	at org.apache.hadoop.ozone.om.KeyManagerImpl.getOzoneFileStatus(KeyManagerImpl.java:1162) ~[ozone-manager-1.4.0-SNAPSHOT.jar:?]
	at org.apache.hadoop.ozone.om.KeyManagerImpl.getFileStatus(KeyManagerImpl.java:1080) ~[ozone-manager-1.4.0-SNAPSHOT.jar:?]
	at org.apache.hadoop.ozone.om.OmMetadataReader.getFileStatus(OmMetadataReader.java:288) ~[ozone-manager-1.4.0-SNAPSHOT.jar:?]
	at org.apache.hadoop.ozone.om.OzoneManager.getFileStatus(OzoneManager.java:3450) ~[ozone-manager-1.4.0-SNAPSHOT.jar:?]
	at org.apache.hadoop.ozone.protocolPB.OzoneManagerRequestHandler.getOzoneFileStatus(OzoneManagerRequestHandler.java:933) ~[ozone-manager-1.4.0-SNAPSHOT.jar:?]
	at org.apache.hadoop.ozone.protocolPB.OzoneManagerRequestHandler.handleReadRequest(OzoneManagerRequestHandler.java:238) ~[ozone-manager-1.4.0-SNAPSHOT.jar:?]
	at org.apache.hadoop.ozone.protocolPB.OzoneManagerProtocolServerSideTranslatorPB.submitRequestDirectlyToOM(OzoneManagerProtocolServerSideTranslatorPB.java:271) ~[ozone-manager-1.4.0-SNAPSHOT.jar:?]
	at org.apache.hadoop.ozone.protocolPB.OzoneManagerProtocolServerSideTranslatorPB.processRequest(OzoneManagerProtocolServerSideTranslatorPB.java:173) ~[ozone-manager-1.4.0-SNAPSHOT.jar:?]
	at org.apache.hadoop.hdds.server.OzoneProtocolMessageDispatcher.processRequest(OzoneProtocolMessageDispatcher.java:87) [hdds-server-framework-1.4.0-SNAPSHOT.jar:?]
	at org.apache.hadoop.ozone.protocolPB.OzoneManagerProtocolServerSideTranslatorPB.submitRequest(OzoneManagerProtocolServerSideTranslatorPB.java:147) [ozone-manager-1.4.0-SNAPSHOT.jar:?]
	at org.apache.hadoop.ozone.protocol.proto.OzoneManagerProtocolProtos$OzoneManagerService$2.callBlockingMethod(OzoneManagerProtocolProtos.java) [ozone-interface-client-1.4.0-SNAPSHOT.jar:?]
	at org.apache.hadoop.ipc.ProtobufRpcEngine$Server.processCall(ProtobufRpcEngine.java:465) [hadoop-common-3.3.4.jar:?]
	at org.apache.hadoop.ipc.ProtobufRpcEngine2$Server$ProtoBufRpcInvoker.call(ProtobufRpcEngine2.java:578) [hadoop-common-3.3.4.jar:?]
	at org.apache.hadoop.ipc.ProtobufRpcEngine2$Server$ProtoBufRpcInvoker.call(ProtobufRpcEngine2.java:556) [hadoop-common-3.3.4.jar:?]
	at org.apache.hadoop.ipc.RPC$Server.call(RPC.java:1093) [hadoop-common-3.3.4.jar:?]
	at org.apache.hadoop.ipc.Server$RpcCall.run(Server.java:1043) [hadoop-common-3.3.4.jar:?]
	at org.apache.hadoop.ipc.Server$RpcCall.run(Server.java:971) [hadoop-common-3.3.4.jar:?]
	at java.security.AccessController.doPrivileged(Native Method) ~[?:1.8.0_362]
	at javax.security.auth.Subject.doAs(Subject.java:422) [?:1.8.0_362]
	at org.apache.hadoop.security.UserGroupInformation.doAs(UserGroupInformation.java:1878) [hadoop-common-3.3.4.jar:?]
	at org.apache.hadoop.ipc.Server$Handler.run(Server.java:2976) [hadoop-common-3.3.4.jar:?]
13:41:34.079 [IPC Server handler 0 on default port 40765] ERROR OMAudit - user=runner | ip=127.0.0.1 | op=GET_FILE_STATUS {volume=volume82902, bucket=bucket15199, key=gdir1/dir7/child, dataSize=0, replicationConfig=null} | ret=FAILURE
org.apache.hadoop.ozone.om.exceptions.OMException: Unable to get file status: volume: volume82902 bucket: bucket15199 key: gdir1/dir7/child
	at org.apache.hadoop.ozone.om.KeyManagerImpl.getOzoneFileStatus(KeyManagerImpl.java:1162) ~[ozone-manager-1.4.0-SNAPSHOT.jar:?]
	at org.apache.hadoop.ozone.om.KeyManagerImpl.getFileStatus(KeyManagerImpl.java:1080) ~[ozone-manager-1.4.0-SNAPSHOT.jar:?]
	at org.apache.hadoop.ozone.om.OmMetadataReader.getFileStatus(OmMetadataReader.java:288) ~[ozone-manager-1.4.0-SNAPSHOT.jar:?]
	at org.apache.hadoop.ozone.om.OzoneManager.getFileStatus(OzoneManager.java:3450) ~[ozone-manager-1.4.0-SNAPSHOT.jar:?]
	at org.apache.hadoop.ozone.protocolPB.OzoneManagerRequestHandler.getOzoneFileStatus(OzoneManagerRequestHandler.java:933) ~[ozone-manager-1.4.0-SNAPSHOT.jar:?]
	at org.apache.hadoop.ozone.protocolPB.OzoneManagerRequestHandler.handleReadRequest(OzoneManagerRequestHandler.java:238) ~[ozone-manager-1.4.0-SNAPSHOT.jar:?]
	at org.apache.hadoop.ozone.protocolPB.OzoneManagerProtocolServerSideTranslatorPB.submitRequestDirectlyToOM(OzoneManagerProtocolServerSideTranslatorPB.java:271) ~[ozone-manager-1.4.0-SNAPSHOT.jar:?]
	at org.apache.hadoop.ozone.protocolPB.OzoneManagerProtocolServerSideTranslatorPB.processRequest(OzoneManagerProtocolServerSideTranslatorPB.java:173) ~[ozone-manager-1.4.0-SNAPSHOT.jar:?]
	at org.apache.hadoop.hdds.server.OzoneProtocolMessageDispatcher.processRequest(OzoneProtocolMessageDispatcher.java:87) [hdds-server-framework-1.4.0-SNAPSHOT.jar:?]
	at org.apache.hadoop.ozone.protocolPB.OzoneManagerProtocolServerSideTranslatorPB.submitRequest(OzoneManagerProtocolServerSideTranslatorPB.java:147) [ozone-manager-1.4.0-SNAPSHOT.jar:?]
	at org.apache.hadoop.ozone.protocol.proto.OzoneManagerProtocolProtos$OzoneManagerService$2.callBlockingMethod(OzoneManagerProtocolProtos.java) [ozone-interface-client-1.4.0-SNAPSHOT.jar:?]
	at org.apache.hadoop.ipc.ProtobufRpcEngine$Server.processCall(ProtobufRpcEngine.java:465) [hadoop-common-3.3.4.jar:?]
	at org.apache.hadoop.ipc.ProtobufRpcEngine2$Server$ProtoBufRpcInvoker.call(ProtobufRpcEngine2.java:578) [hadoop-common-3.3.4.jar:?]
	at org.apache.hadoop.ipc.ProtobufRpcEngine2$Server$ProtoBufRpcInvoker.call(ProtobufRpcEngine2.java:556) [hadoop-common-3.3.4.jar:?]
	at org.apache.hadoop.ipc.RPC$Server.call(RPC.java:1093) [hadoop-common-3.3.4.jar:?]
	at org.apache.hadoop.ipc.Server$RpcCall.run(Server.java:1043) [hadoop-common-3.3.4.jar:?]
	at org.apache.hadoop.ipc.Server$RpcCall.run(Server.java:971) [hadoop-common-3.3.4.jar:?]
	at java.security.AccessController.doPrivileged(Native Method) ~[?:1.8.0_362]
	at javax.security.auth.Subject.doAs(Subject.java:422) [?:1.8.0_362]
	at org.apache.hadoop.security.UserGroupInformation.doAs(UserGroupInformation.java:1878) [hadoop-common-3.3.4.jar:?]
	at org.apache.hadoop.ipc.Server$Handler.run(Server.java:2976) [hadoop-common-3.3.4.jar:?]
13:41:34.085 [IPC Server handler 1 on default port 40765] ERROR OMAudit - user=runner | ip=127.0.0.1 | op=GET_FILE_STATUS {volume=volume82902, bucket=bucket15199, key=gdir1/dir8, dataSize=0, replicationConfig=null} | ret=FAILURE
org.apache.hadoop.ozone.om.exceptions.OMException: Unable to get file status: volume: volume82902 bucket: bucket15199 key: gdir1/dir8
	at org.apache.hadoop.ozone.om.KeyManagerImpl.getOzoneFileStatus(KeyManagerImpl.java:1162) ~[ozone-manager-1.4.0-SNAPSHOT.jar:?]
	at org.apache.hadoop.ozone.om.KeyManagerImpl.getFileStatus(KeyManagerImpl.java:1080) ~[ozone-manager-1.4.0-SNAPSHOT.jar:?]
	at org.apache.hadoop.ozone.om.OmMetadataReader.getFileStatus(OmMetadataReader.java:288) ~[ozone-manager-1.4.0-SNAPSHOT.jar:?]
	at org.apache.hadoop.ozone.om.OzoneManager.getFileStatus(OzoneManager.java:3450) ~[ozone-manager-1.4.0-SNAPSHOT.jar:?]
	at org.apache.hadoop.ozone.protocolPB.OzoneManagerRequestHandler.getOzoneFileStatus(OzoneManagerRequestHandler.java:933) ~[ozone-manager-1.4.0-SNAPSHOT.jar:?]
	at org.apache.hadoop.ozone.protocolPB.OzoneManagerRequestHandler.handleReadRequest(OzoneManagerRequestHandler.java:238) ~[ozone-manager-1.4.0-SNAPSHOT.jar:?]
	at org.apache.hadoop.ozone.protocolPB.OzoneManagerProtocolServerSideTranslatorPB.submitRequestDirectlyToOM(OzoneManagerProtocolServerSideTranslatorPB.java:271) ~[ozone-manager-1.4.0-SNAPSHOT.jar:?]
	at org.apache.hadoop.ozone.protocolPB.OzoneManagerProtocolServerSideTranslatorPB.processRequest(OzoneManagerProtocolServerSideTranslatorPB.java:173) ~[ozone-manager-1.4.0-SNAPSHOT.jar:?]
	at org.apache.hadoop.hdds.server.OzoneProtocolMessageDispatcher.processRequest(OzoneProtocolMessageDispatcher.java:87) [hdds-server-framework-1.4.0-SNAPSHOT.jar:?]
	at org.apache.hadoop.ozone.protocolPB.OzoneManagerProtocolServerSideTranslatorPB.submitRequest(OzoneManagerProtocolServerSideTranslatorPB.java:147) [ozone-manager-1.4.0-SNAPSHOT.jar:?]
	at org.apache.hadoop.ozone.protocol.proto.OzoneManagerProtocolProtos$OzoneManagerService$2.callBlockingMethod(OzoneManagerProtocolProtos.java) [ozone-interface-client-1.4.0-SNAPSHOT.jar:?]
	at org.apache.hadoop.ipc.ProtobufRpcEngine$Server.processCall(ProtobufRpcEngine.java:465) [hadoop-common-3.3.4.jar:?]
	at org.apache.hadoop.ipc.ProtobufRpcEngine2$Server$ProtoBufRpcInvoker.call(ProtobufRpcEngine2.java:578) [hadoop-common-3.3.4.jar:?]
	at org.apache.hadoop.ipc.ProtobufRpcEngine2$Server$ProtoBufRpcInvoker.call(ProtobufRpcEngine2.java:556) [hadoop-common-3.3.4.jar:?]
	at org.apache.hadoop.ipc.RPC$Server.call(RPC.java:1093) [hadoop-common-3.3.4.jar:?]
	at org.apache.hadoop.ipc.Server$RpcCall.run(Server.java:1043) [hadoop-common-3.3.4.jar:?]
	at org.apache.hadoop.ipc.Server$RpcCall.run(Server.java:971) [hadoop-common-3.3.4.jar:?]
	at java.security.AccessController.doPrivileged(Native Method) ~[?:1.8.0_362]
	at javax.security.auth.Subject.doAs(Subject.java:422) [?:1.8.0_362]
	at org.apache.hadoop.security.UserGroupInformation.doAs(UserGroupInformation.java:1878) [hadoop-common-3.3.4.jar:?]
	at org.apache.hadoop.ipc.Server$Handler.run(Server.java:2976) [hadoop-common-3.3.4.jar:?]
13:41:34.094 [IPC Server handler 2 on default port 40765] ERROR OMAudit - user=runner | ip=127.0.0.1 | op=GET_FILE_STATUS {volume=volume82902, bucket=bucket15199, key=gdir1/dir8/child, dataSize=0, replicationConfig=null} | ret=FAILURE
org.apache.hadoop.ozone.om.exceptions.OMException: Unable to get file status: volume: volume82902 bucket: bucket15199 key: gdir1/dir8/child
	at org.apache.hadoop.ozone.om.KeyManagerImpl.getOzoneFileStatus(KeyManagerImpl.java:1162) ~[ozone-manager-1.4.0-SNAPSHOT.jar:?]
	at org.apache.hadoop.ozone.om.KeyManagerImpl.getFileStatus(KeyManagerImpl.java:1080) ~[ozone-manager-1.4.0-SNAPSHOT.jar:?]
	at org.apache.hadoop.ozone.om.OmMetadataReader.getFileStatus(OmMetadataReader.java:288) ~[ozone-manager-1.4.0-SNAPSHOT.jar:?]
	at org.apache.hadoop.ozone.om.OzoneManager.getFileStatus(OzoneManager.java:3450) ~[ozone-manager-1.4.0-SNAPSHOT.jar:?]
	at org.apache.hadoop.ozone.protocolPB.OzoneManagerRequestHandler.getOzoneFileStatus(OzoneManagerRequestHandler.java:933) ~[ozone-manager-1.4.0-SNAPSHOT.jar:?]
	at org.apache.hadoop.ozone.protocolPB.OzoneManagerRequestHandler.handleReadRequest(OzoneManagerRequestHandler.java:238) ~[ozone-manager-1.4.0-SNAPSHOT.jar:?]
	at org.apache.hadoop.ozone.protocolPB.OzoneManagerProtocolServerSideTranslatorPB.submitRequestDirectlyToOM(OzoneManagerProtocolServerSideTranslatorPB.java:271) ~[ozone-manager-1.4.0-SNAPSHOT.jar:?]
	at org.apache.hadoop.ozone.protocolPB.OzoneManagerProtocolServerSideTranslatorPB.processRequest(OzoneManagerProtocolServerSideTranslatorPB.java:173) ~[ozone-manager-1.4.0-SNAPSHOT.jar:?]
	at org.apache.hadoop.hdds.server.OzoneProtocolMessageDispatcher.processRequest(OzoneProtocolMessageDispatcher.java:87) [hdds-server-framework-1.4.0-SNAPSHOT.jar:?]
	at org.apache.hadoop.ozone.protocolPB.OzoneManagerProtocolServerSideTranslatorPB.submitRequest(OzoneManagerProtocolServerSideTranslatorPB.java:147) [ozone-manager-1.4.0-SNAPSHOT.jar:?]
	at org.apache.hadoop.ozone.protocol.proto.OzoneManagerProtocolProtos$OzoneManagerService$2.callBlockingMethod(OzoneManagerProtocolProtos.java) [ozone-interface-client-1.4.0-SNAPSHOT.jar:?]
	at org.apache.hadoop.ipc.ProtobufRpcEngine$Server.processCall(ProtobufRpcEngine.java:465) [hadoop-common-3.3.4.jar:?]
	at org.apache.hadoop.ipc.ProtobufRpcEngine2$Server$ProtoBufRpcInvoker.call(ProtobufRpcEngine2.java:578) [hadoop-common-3.3.4.jar:?]
	at org.apache.hadoop.ipc.ProtobufRpcEngine2$Server$ProtoBufRpcInvoker.call(ProtobufRpcEngine2.java:556) [hadoop-common-3.3.4.jar:?]
	at org.apache.hadoop.ipc.RPC$Server.call(RPC.java:1093) [hadoop-common-3.3.4.jar:?]
	at org.apache.hadoop.ipc.Server$RpcCall.run(Server.java:1043) [hadoop-common-3.3.4.jar:?]
	at org.apache.hadoop.ipc.Server$RpcCall.run(Server.java:971) [hadoop-common-3.3.4.jar:?]
	at java.security.AccessController.doPrivileged(Native Method) ~[?:1.8.0_362]
	at javax.security.auth.Subject.doAs(Subject.java:422) [?:1.8.0_362]
	at org.apache.hadoop.security.UserGroupInformation.doAs(UserGroupInformation.java:1878) [hadoop-common-3.3.4.jar:?]
	at org.apache.hadoop.ipc.Server$Handler.run(Server.java:2976) [hadoop-common-3.3.4.jar:?]
13:41:34.095 [IPC Server handler 3 on default port 40765] ERROR OMAudit - user=runner | ip=127.0.0.1 | op=GET_FILE_STATUS {volume=volume82902, bucket=bucket15199, key=gdir1/dir9, dataSize=0, replicationConfig=null} | ret=FAILURE
org.apache.hadoop.ozone.om.exceptions.OMException: Unable to get file status: volume: volume82902 bucket: bucket15199 key: gdir1/dir9
	at org.apache.hadoop.ozone.om.KeyManagerImpl.getOzoneFileStatus(KeyManagerImpl.java:1162) ~[ozone-manager-1.4.0-SNAPSHOT.jar:?]
	at org.apache.hadoop.ozone.om.KeyManagerImpl.getFileStatus(KeyManagerImpl.java:1080) ~[ozone-manager-1.4.0-SNAPSHOT.jar:?]
	at org.apache.hadoop.ozone.om.OmMetadataReader.getFileStatus(OmMetadataReader.java:288) ~[ozone-manager-1.4.0-SNAPSHOT.jar:?]
	at org.apache.hadoop.ozone.om.OzoneManager.getFileStatus(OzoneManager.java:3450) ~[ozone-manager-1.4.0-SNAPSHOT.jar:?]
	at org.apache.hadoop.ozone.protocolPB.OzoneManagerRequestHandler.getOzoneFileStatus(OzoneManagerRequestHandler.java:933) ~[ozone-manager-1.4.0-SNAPSHOT.jar:?]
	at org.apache.hadoop.ozone.protocolPB.OzoneManagerRequestHandler.handleReadRequest(OzoneManagerRequestHandler.java:238) ~[ozone-manager-1.4.0-SNAPSHOT.jar:?]
	at org.apache.hadoop.ozone.protocolPB.OzoneManagerProtocolServerSideTranslatorPB.submitRequestDirectlyToOM(OzoneManagerProtocolServerSideTranslatorPB.java:271) ~[ozone-manager-1.4.0-SNAPSHOT.jar:?]
	at org.apache.hadoop.ozone.protocolPB.OzoneManagerProtocolServerSideTranslatorPB.processRequest(OzoneManagerProtocolServerSideTranslatorPB.java:173) ~[ozone-manager-1.4.0-SNAPSHOT.jar:?]
	at org.apache.hadoop.hdds.server.OzoneProtocolMessageDispatcher.processRequest(OzoneProtocolMessageDispatcher.java:87) [hdds-server-framework-1.4.0-SNAPSHOT.jar:?]
	at org.apache.hadoop.ozone.protocolPB.OzoneManagerProtocolServerSideTranslatorPB.submitRequest(OzoneManagerProtocolServerSideTranslatorPB.java:147) [ozone-manager-1.4.0-SNAPSHOT.jar:?]
	at org.apache.hadoop.ozone.protocol.proto.OzoneManagerProtocolProtos$OzoneManagerService$2.callBlockingMethod(OzoneManagerProtocolProtos.java) [ozone-interface-client-1.4.0-SNAPSHOT.jar:?]
	at org.apache.hadoop.ipc.ProtobufRpcEngine$Server.processCall(ProtobufRpcEngine.java:465) [hadoop-common-3.3.4.jar:?]
	at org.apache.hadoop.ipc.ProtobufRpcEngine2$Server$ProtoBufRpcInvoker.call(ProtobufRpcEngine2.java:578) [hadoop-common-3.3.4.jar:?]
	at org.apache.hadoop.ipc.ProtobufRpcEngine2$Server$ProtoBufRpcInvoker.call(ProtobufRpcEngine2.java:556) [hadoop-common-3.3.4.jar:?]
	at org.apache.hadoop.ipc.RPC$Server.call(RPC.java:1093) [hadoop-common-3.3.4.jar:?]
	at org.apache.hadoop.ipc.Server$RpcCall.run(Server.java:1043) [hadoop-common-3.3.4.jar:?]
	at org.apache.hadoop.ipc.Server$RpcCall.run(Server.java:971) [hadoop-common-3.3.4.jar:?]
	at java.security.AccessController.doPrivileged(Native Method) ~[?:1.8.0_362]
	at javax.security.auth.Subject.doAs(Subject.java:422) [?:1.8.0_362]
	at org.apache.hadoop.security.UserGroupInformation.doAs(UserGroupInformation.java:1878) [hadoop-common-3.3.4.jar:?]
	at org.apache.hadoop.ipc.Server$Handler.run(Server.java:2976) [hadoop-common-3.3.4.jar:?]
13:41:34.096 [IPC Server handler 5 on default port 40765] ERROR OMAudit - user=runner | ip=127.0.0.1 | op=GET_FILE_STATUS {volume=volume82902, bucket=bucket15199, key=gdir1/dir9/child, dataSize=0, replicationConfig=null} | ret=FAILURE
org.apache.hadoop.ozone.om.exceptions.OMException: Unable to get file status: volume: volume82902 bucket: bucket15199 key: gdir1/dir9/child
	at org.apache.hadoop.ozone.om.KeyManagerImpl.getOzoneFileStatus(KeyManagerImpl.java:1162) ~[ozone-manager-1.4.0-SNAPSHOT.jar:?]
	at org.apache.hadoop.ozone.om.KeyManagerImpl.getFileStatus(KeyManagerImpl.java:1080) ~[ozone-manager-1.4.0-SNAPSHOT.jar:?]
	at org.apache.hadoop.ozone.om.OmMetadataReader.getFileStatus(OmMetadataReader.java:288) ~[ozone-manager-1.4.0-SNAPSHOT.jar:?]
	at org.apache.hadoop.ozone.om.OzoneManager.getFileStatus(OzoneManager.java:3450) ~[ozone-manager-1.4.0-SNAPSHOT.jar:?]
	at org.apache.hadoop.ozone.protocolPB.OzoneManagerRequestHandler.getOzoneFileStatus(OzoneManagerRequestHandler.java:933) ~[ozone-manager-1.4.0-SNAPSHOT.jar:?]
	at org.apache.hadoop.ozone.protocolPB.OzoneManagerRequestHandler.handleReadRequest(OzoneManagerRequestHandler.java:238) ~[ozone-manager-1.4.0-SNAPSHOT.jar:?]
	at org.apache.hadoop.ozone.protocolPB.OzoneManagerProtocolServerSideTranslatorPB.submitRequestDirectlyToOM(OzoneManagerProtocolServerSideTranslatorPB.java:271) ~[ozone-manager-1.4.0-SNAPSHOT.jar:?]
	at org.apache.hadoop.ozone.protocolPB.OzoneManagerProtocolServerSideTranslatorPB.processRequest(OzoneManagerProtocolServerSideTranslatorPB.java:173) ~[ozone-manager-1.4.0-SNAPSHOT.jar:?]
	at org.apache.hadoop.hdds.server.OzoneProtocolMessageDispatcher.processRequest(OzoneProtocolMessageDispatcher.java:87) [hdds-server-framework-1.4.0-SNAPSHOT.jar:?]
	at org.apache.hadoop.ozone.protocolPB.OzoneManagerProtocolServerSideTranslatorPB.submitRequest(OzoneManagerProtocolServerSideTranslatorPB.java:147) [ozone-manager-1.4.0-SNAPSHOT.jar:?]
	at org.apache.hadoop.ozone.protocol.proto.OzoneManagerProtocolProtos$OzoneManagerService$2.callBlockingMethod(OzoneManagerProtocolProtos.java) [ozone-interface-client-1.4.0-SNAPSHOT.jar:?]
	at org.apache.hadoop.ipc.ProtobufRpcEngine$Server.processCall(ProtobufRpcEngine.java:465) [hadoop-common-3.3.4.jar:?]
	at org.apache.hadoop.ipc.ProtobufRpcEngine2$Server$ProtoBufRpcInvoker.call(ProtobufRpcEngine2.java:578) [hadoop-common-3.3.4.jar:?]
	at org.apache.hadoop.ipc.ProtobufRpcEngine2$Server$ProtoBufRpcInvoker.call(ProtobufRpcEngine2.java:556) [hadoop-common-3.3.4.jar:?]
	at org.apache.hadoop.ipc.RPC$Server.call(RPC.java:1093) [hadoop-common-3.3.4.jar:?]
	at org.apache.hadoop.ipc.Server$RpcCall.run(Server.java:1043) [hadoop-common-3.3.4.jar:?]
	at org.apache.hadoop.ipc.Server$RpcCall.run(Server.java:971) [hadoop-common-3.3.4.jar:?]
	at java.security.AccessController.doPrivileged(Native Method) ~[?:1.8.0_362]
	at javax.security.auth.Subject.doAs(Subject.java:422) [?:1.8.0_362]
	at org.apache.hadoop.security.UserGroupInformation.doAs(UserGroupInformation.java:1878) [hadoop-common-3.3.4.jar:?]
	at org.apache.hadoop.ipc.Server$Handler.run(Server.java:2976) [hadoop-common-3.3.4.jar:?]
13:41:34.096 [IPC Server handler 7 on default port 40765] ERROR OMAudit - user=runner | ip=127.0.0.1 | op=GET_FILE_STATUS {volume=volume82902, bucket=bucket15199, key=gdir1/dir10, dataSize=0, replicationConfig=null} | ret=FAILURE
org.apache.hadoop.ozone.om.exceptions.OMException: Unable to get file status: volume: volume82902 bucket: bucket15199 key: gdir1/dir10
	at org.apache.hadoop.ozone.om.KeyManagerImpl.getOzoneFileStatus(KeyManagerImpl.java:1162) ~[ozone-manager-1.4.0-SNAPSHOT.jar:?]
	at org.apache.hadoop.ozone.om.KeyManagerImpl.getFileStatus(KeyManagerImpl.java:1080) ~[ozone-manager-1.4.0-SNAPSHOT.jar:?]
	at org.apache.hadoop.ozone.om.OmMetadataReader.getFileStatus(OmMetadataReader.java:288) ~[ozone-manager-1.4.0-SNAPSHOT.jar:?]
	at org.apache.hadoop.ozone.om.OzoneManager.getFileStatus(OzoneManager.java:3450) ~[ozone-manager-1.4.0-SNAPSHOT.jar:?]
	at org.apache.hadoop.ozone.protocolPB.OzoneManagerRequestHandler.getOzoneFileStatus(OzoneManagerRequestHandler.java:933) ~[ozone-manager-1.4.0-SNAPSHOT.jar:?]
	at org.apache.hadoop.ozone.protocolPB.OzoneManagerRequestHandler.handleReadRequest(OzoneManagerRequestHandler.java:238) ~[ozone-manager-1.4.0-SNAPSHOT.jar:?]
	at org.apache.hadoop.ozone.protocolPB.OzoneManagerProtocolServerSideTranslatorPB.submitRequestDirectlyToOM(OzoneManagerProtocolServerSideTranslatorPB.java:271) ~[ozone-manager-1.4.0-SNAPSHOT.jar:?]
	at org.apache.hadoop.ozone.protocolPB.OzoneManagerProtocolServerSideTranslatorPB.processRequest(OzoneManagerProtocolServerSideTranslatorPB.java:173) ~[ozone-manager-1.4.0-SNAPSHOT.jar:?]
	at org.apache.hadoop.hdds.server.OzoneProtocolMessageDispatcher.processRequest(OzoneProtocolMessageDispatcher.java:87) [hdds-server-framework-1.4.0-SNAPSHOT.jar:?]
	at org.apache.hadoop.ozone.protocolPB.OzoneManagerProtocolServerSideTranslatorPB.submitRequest(OzoneManagerProtocolServerSideTranslatorPB.java:147) [ozone-manager-1.4.0-SNAPSHOT.jar:?]
	at org.apache.hadoop.ozone.protocol.proto.OzoneManagerProtocolProtos$OzoneManagerService$2.callBlockingMethod(OzoneManagerProtocolProtos.java) [ozone-interface-client-1.4.0-SNAPSHOT.jar:?]
	at org.apache.hadoop.ipc.ProtobufRpcEngine$Server.processCall(ProtobufRpcEngine.java:465) [hadoop-common-3.3.4.jar:?]
	at org.apache.hadoop.ipc.ProtobufRpcEngine2$Server$ProtoBufRpcInvoker.call(ProtobufRpcEngine2.java:578) [hadoop-common-3.3.4.jar:?]
	at org.apache.hadoop.ipc.ProtobufRpcEngine2$Server$ProtoBufRpcInvoker.call(ProtobufRpcEngine2.java:556) [hadoop-common-3.3.4.jar:?]
	at org.apache.hadoop.ipc.RPC$Server.call(RPC.java:1093) [hadoop-common-3.3.4.jar:?]
	at org.apache.hadoop.ipc.Server$RpcCall.run(Server.java:1043) [hadoop-common-3.3.4.jar:?]
	at org.apache.hadoop.ipc.Server$RpcCall.run(Server.java:971) [hadoop-common-3.3.4.jar:?]
	at java.security.AccessController.doPrivileged(Native Method) ~[?:1.8.0_362]
	at javax.security.auth.Subject.doAs(Subject.java:422) [?:1.8.0_362]
	at org.apache.hadoop.security.UserGroupInformation.doAs(UserGroupInformation.java:1878) [hadoop-common-3.3.4.jar:?]
	at org.apache.hadoop.ipc.Server$Handler.run(Server.java:2976) [hadoop-common-3.3.4.jar:?]
13:41:34.097 [IPC Server handler 9 on default port 40765] ERROR OMAudit - user=runner | ip=127.0.0.1 | op=GET_FILE_STATUS {volume=volume82902, bucket=bucket15199, key=gdir1/dir10/child, dataSize=0, replicationConfig=null} | ret=FAILURE
org.apache.hadoop.ozone.om.exceptions.OMException: Unable to get file status: volume: volume82902 bucket: bucket15199 key: gdir1/dir10/child
	at org.apache.hadoop.ozone.om.KeyManagerImpl.getOzoneFileStatus(KeyManagerImpl.java:1162) ~[ozone-manager-1.4.0-SNAPSHOT.jar:?]
	at org.apache.hadoop.ozone.om.KeyManagerImpl.getFileStatus(KeyManagerImpl.java:1080) ~[ozone-manager-1.4.0-SNAPSHOT.jar:?]
	at org.apache.hadoop.ozone.om.OmMetadataReader.getFileStatus(OmMetadataReader.java:288) ~[ozone-manager-1.4.0-SNAPSHOT.jar:?]
	at org.apache.hadoop.ozone.om.OzoneManager.getFileStatus(OzoneManager.java:3450) ~[ozone-manager-1.4.0-SNAPSHOT.jar:?]
	at org.apache.hadoop.ozone.protocolPB.OzoneManagerRequestHandler.getOzoneFileStatus(OzoneManagerRequestHandler.java:933) ~[ozone-manager-1.4.0-SNAPSHOT.jar:?]
	at org.apache.hadoop.ozone.protocolPB.OzoneManagerRequestHandler.handleReadRequest(OzoneManagerRequestHandler.java:238) ~[ozone-manager-1.4.0-SNAPSHOT.jar:?]
	at org.apache.hadoop.ozone.protocolPB.OzoneManagerProtocolServerSideTranslatorPB.submitRequestDirectlyToOM(OzoneManagerProtocolServerSideTranslatorPB.java:271) ~[ozone-manager-1.4.0-SNAPSHOT.jar:?]
	at org.apache.hadoop.ozone.protocolPB.OzoneManagerProtocolServerSideTranslatorPB.processRequest(OzoneManagerProtocolServerSideTranslatorPB.java:173) ~[ozone-manager-1.4.0-SNAPSHOT.jar:?]
	at org.apache.hadoop.hdds.server.OzoneProtocolMessageDispatcher.processRequest(OzoneProtocolMessageDispatcher.java:87) [hdds-server-framework-1.4.0-SNAPSHOT.jar:?]
	at org.apache.hadoop.ozone.protocolPB.OzoneManagerProtocolServerSideTranslatorPB.submitRequest(OzoneManagerProtocolServerSideTranslatorPB.java:147) [ozone-manager-1.4.0-SNAPSHOT.jar:?]
	at org.apache.hadoop.ozone.protocol.proto.OzoneManagerProtocolProtos$OzoneManagerService$2.callBlockingMethod(OzoneManagerProtocolProtos.java) [ozone-interface-client-1.4.0-SNAPSHOT.jar:?]
	at org.apache.hadoop.ipc.ProtobufRpcEngine$Server.processCall(ProtobufRpcEngine.java:465) [hadoop-common-3.3.4.jar:?]
	at org.apache.hadoop.ipc.ProtobufRpcEngine2$Server$ProtoBufRpcInvoker.call(ProtobufRpcEngine2.java:578) [hadoop-common-3.3.4.jar:?]
	at org.apache.hadoop.ipc.ProtobufRpcEngine2$Server$ProtoBufRpcInvoker.call(ProtobufRpcEngine2.java:556) [hadoop-common-3.3.4.jar:?]
	at org.apache.hadoop.ipc.RPC$Server.call(RPC.java:1093) [hadoop-common-3.3.4.jar:?]
	at org.apache.hadoop.ipc.Server$RpcCall.run(Server.java:1043) [hadoop-common-3.3.4.jar:?]
	at org.apache.hadoop.ipc.Server$RpcCall.run(Server.java:971) [hadoop-common-3.3.4.jar:?]
	at java.security.AccessController.doPrivileged(Native Method) ~[?:1.8.0_362]
	at javax.security.auth.Subject.doAs(Subject.java:422) [?:1.8.0_362]
	at org.apache.hadoop.security.UserGroupInformation.doAs(UserGroupInformation.java:1878) [hadoop-common-3.3.4.jar:?]
	at org.apache.hadoop.ipc.Server$Handler.run(Server.java:2976) [hadoop-common-3.3.4.jar:?]
2023-02-21 13:41:34,101 [IPC Server handler 8 on default port 40765] INFO  key.OMKeyRequest (OMKeyRequest.java:wrapUncommittedBlocksAsPseudoKey(837)) - Detect allocated but uncommitted blocks [{blockID={containerID=4, localID=111677748019200024}, length=4194304, offset=0, token=null, pipeline=null, createVersion=0, partNumber=0}] in key level0/level1/file1.
2023-02-21 13:41:34,103 [IPC Server handler 4 on default port 40765] INFO  key.OMKeyRequest (OMKeyRequest.java:wrapUncommittedBlocksAsPseudoKey(837)) - Detect allocated but uncommitted blocks [{blockID={containerID=1, localID=111677748019200025}, length=4194304, offset=0, token=null, pipeline=null, createVersion=0, partNumber=0}] in key level0/level1/level1/file1.
2023-02-21 13:41:34,106 [IPC Server handler 18 on default port 40765] INFO  key.OMKeyRequest (OMKeyRequest.java:wrapUncommittedBlocksAsPseudoKey(837)) - Detect allocated but uncommitted blocks [{blockID={containerID=3, localID=111677748019200026}, length=4194304, offset=0, token=null, pipeline=null, createVersion=0, partNumber=0}] in key level0/level2/file1.
2023-02-21 13:41:34,109 [IPC Server handler 16 on default port 40765] INFO  key.OMKeyRequest (OMKeyRequest.java:wrapUncommittedBlocksAsPseudoKey(837)) - Detect allocated but uncommitted blocks [{blockID={containerID=2, localID=111677748019200027}, length=4194304, offset=0, token=null, pipeline=null, createVersion=0, partNumber=0}] in key level0/level2/level2/file1.
2023-02-21 13:41:34,111 [IPC Server handler 13 on default port 40765] INFO  key.OMKeyRequest (OMKeyRequest.java:wrapUncommittedBlocksAsPseudoKey(837)) - Detect allocated but uncommitted blocks [{blockID={containerID=4, localID=111677748019200028}, length=4194304, offset=0, token=null, pipeline=null, createVersion=0, partNumber=0}] in key level0/level3/file1.
2023-02-21 13:41:34,114 [IPC Server handler 10 on default port 40765] INFO  key.OMKeyRequest (OMKeyRequest.java:wrapUncommittedBlocksAsPseudoKey(837)) - Detect allocated but uncommitted blocks [{blockID={containerID=1, localID=111677748019200029}, length=4194304, offset=0, token=null, pipeline=null, createVersion=0, partNumber=0}] in key level0/level3/level3/file1.
13:41:34.130 [IPC Server handler 0 on default port 40765] ERROR OMAudit - user=runner | ip=127.0.0.1 | op=GET_FILE_STATUS {volume=volume82902, bucket=bucket15199, key=level0, dataSize=0, replicationConfig=null} | ret=FAILURE
org.apache.hadoop.ozone.om.exceptions.OMException: Unable to get file status: volume: volume82902 bucket: bucket15199 key: level0
	at org.apache.hadoop.ozone.om.KeyManagerImpl.getOzoneFileStatus(KeyManagerImpl.java:1162) ~[ozone-manager-1.4.0-SNAPSHOT.jar:?]
	at org.apache.hadoop.ozone.om.KeyManagerImpl.getFileStatus(KeyManagerImpl.java:1080) ~[ozone-manager-1.4.0-SNAPSHOT.jar:?]
	at org.apache.hadoop.ozone.om.OmMetadataReader.getFileStatus(OmMetadataReader.java:288) ~[ozone-manager-1.4.0-SNAPSHOT.jar:?]
	at org.apache.hadoop.ozone.om.OzoneManager.getFileStatus(OzoneManager.java:3450) ~[ozone-manager-1.4.0-SNAPSHOT.jar:?]
	at org.apache.hadoop.ozone.protocolPB.OzoneManagerRequestHandler.getOzoneFileStatus(OzoneManagerRequestHandler.java:933) ~[ozone-manager-1.4.0-SNAPSHOT.jar:?]
	at org.apache.hadoop.ozone.protocolPB.OzoneManagerRequestHandler.handleReadRequest(OzoneManagerRequestHandler.java:238) ~[ozone-manager-1.4.0-SNAPSHOT.jar:?]
	at org.apache.hadoop.ozone.protocolPB.OzoneManagerProtocolServerSideTranslatorPB.submitRequestDirectlyToOM(OzoneManagerProtocolServerSideTranslatorPB.java:271) ~[ozone-manager-1.4.0-SNAPSHOT.jar:?]
	at org.apache.hadoop.ozone.protocolPB.OzoneManagerProtocolServerSideTranslatorPB.processRequest(OzoneManagerProtocolServerSideTranslatorPB.java:173) ~[ozone-manager-1.4.0-SNAPSHOT.jar:?]
	at org.apache.hadoop.hdds.server.OzoneProtocolMessageDispatcher.processRequest(OzoneProtocolMessageDispatcher.java:87) [hdds-server-framework-1.4.0-SNAPSHOT.jar:?]
	at org.apache.hadoop.ozone.protocolPB.OzoneManagerProtocolServerSideTranslatorPB.submitRequest(OzoneManagerProtocolServerSideTranslatorPB.java:147) [ozone-manager-1.4.0-SNAPSHOT.jar:?]
	at org.apache.hadoop.ozone.protocol.proto.OzoneManagerProtocolProtos$OzoneManagerService$2.callBlockingMethod(OzoneManagerProtocolProtos.java) [ozone-interface-client-1.4.0-SNAPSHOT.jar:?]
	at org.apache.hadoop.ipc.ProtobufRpcEngine$Server.processCall(ProtobufRpcEngine.java:465) [hadoop-common-3.3.4.jar:?]
	at org.apache.hadoop.ipc.ProtobufRpcEngine2$Server$ProtoBufRpcInvoker.call(ProtobufRpcEngine2.java:578) [hadoop-common-3.3.4.jar:?]
	at org.apache.hadoop.ipc.ProtobufRpcEngine2$Server$ProtoBufRpcInvoker.call(ProtobufRpcEngine2.java:556) [hadoop-common-3.3.4.jar:?]
	at org.apache.hadoop.ipc.RPC$Server.call(RPC.java:1093) [hadoop-common-3.3.4.jar:?]
	at org.apache.hadoop.ipc.Server$RpcCall.run(Server.java:1043) [hadoop-common-3.3.4.jar:?]
	at org.apache.hadoop.ipc.Server$RpcCall.run(Server.java:971) [hadoop-common-3.3.4.jar:?]
	at java.security.AccessController.doPrivileged(Native Method) ~[?:1.8.0_362]
	at javax.security.auth.Subject.doAs(Subject.java:422) [?:1.8.0_362]
	at org.apache.hadoop.security.UserGroupInformation.doAs(UserGroupInformation.java:1878) [hadoop-common-3.3.4.jar:?]
	at org.apache.hadoop.ipc.Server$Handler.run(Server.java:2976) [hadoop-common-3.3.4.jar:?]
13:41:34.131 [IPC Server handler 1 on default port 40765] ERROR OMAudit - user=runner | ip=127.0.0.1 | op=GET_FILE_STATUS {volume=volume82902, bucket=bucket15199, key=level0/level1, dataSize=0, replicationConfig=null} | ret=FAILURE
org.apache.hadoop.ozone.om.exceptions.OMException: Unable to get file status: volume: volume82902 bucket: bucket15199 key: level0/level1
	at org.apache.hadoop.ozone.om.KeyManagerImpl.getOzoneFileStatus(KeyManagerImpl.java:1162) ~[ozone-manager-1.4.0-SNAPSHOT.jar:?]
	at org.apache.hadoop.ozone.om.KeyManagerImpl.getFileStatus(KeyManagerImpl.java:1080) ~[ozone-manager-1.4.0-SNAPSHOT.jar:?]
	at org.apache.hadoop.ozone.om.OmMetadataReader.getFileStatus(OmMetadataReader.java:288) ~[ozone-manager-1.4.0-SNAPSHOT.jar:?]
	at org.apache.hadoop.ozone.om.OzoneManager.getFileStatus(OzoneManager.java:3450) ~[ozone-manager-1.4.0-SNAPSHOT.jar:?]
	at org.apache.hadoop.ozone.protocolPB.OzoneManagerRequestHandler.getOzoneFileStatus(OzoneManagerRequestHandler.java:933) ~[ozone-manager-1.4.0-SNAPSHOT.jar:?]
	at org.apache.hadoop.ozone.protocolPB.OzoneManagerRequestHandler.handleReadRequest(OzoneManagerRequestHandler.java:238) ~[ozone-manager-1.4.0-SNAPSHOT.jar:?]
	at org.apache.hadoop.ozone.protocolPB.OzoneManagerProtocolServerSideTranslatorPB.submitRequestDirectlyToOM(OzoneManagerProtocolServerSideTranslatorPB.java:271) ~[ozone-manager-1.4.0-SNAPSHOT.jar:?]
	at org.apache.hadoop.ozone.protocolPB.OzoneManagerProtocolServerSideTranslatorPB.processRequest(OzoneManagerProtocolServerSideTranslatorPB.java:173) ~[ozone-manager-1.4.0-SNAPSHOT.jar:?]
	at org.apache.hadoop.hdds.server.OzoneProtocolMessageDispatcher.processRequest(OzoneProtocolMessageDispatcher.java:87) [hdds-server-framework-1.4.0-SNAPSHOT.jar:?]
	at org.apache.hadoop.ozone.protocolPB.OzoneManagerProtocolServerSideTranslatorPB.submitRequest(OzoneManagerProtocolServerSideTranslatorPB.java:147) [ozone-manager-1.4.0-SNAPSHOT.jar:?]
	at org.apache.hadoop.ozone.protocol.proto.OzoneManagerProtocolProtos$OzoneManagerService$2.callBlockingMethod(OzoneManagerProtocolProtos.java) [ozone-interface-client-1.4.0-SNAPSHOT.jar:?]
	at org.apache.hadoop.ipc.ProtobufRpcEngine$Server.processCall(ProtobufRpcEngine.java:465) [hadoop-common-3.3.4.jar:?]
	at org.apache.hadoop.ipc.ProtobufRpcEngine2$Server$ProtoBufRpcInvoker.call(ProtobufRpcEngine2.java:578) [hadoop-common-3.3.4.jar:?]
	at org.apache.hadoop.ipc.ProtobufRpcEngine2$Server$ProtoBufRpcInvoker.call(ProtobufRpcEngine2.java:556) [hadoop-common-3.3.4.jar:?]
	at org.apache.hadoop.ipc.RPC$Server.call(RPC.java:1093) [hadoop-common-3.3.4.jar:?]
	at org.apache.hadoop.ipc.Server$RpcCall.run(Server.java:1043) [hadoop-common-3.3.4.jar:?]
	at org.apache.hadoop.ipc.Server$RpcCall.run(Server.java:971) [hadoop-common-3.3.4.jar:?]
	at java.security.AccessController.doPrivileged(Native Method) ~[?:1.8.0_362]
	at javax.security.auth.Subject.doAs(Subject.java:422) [?:1.8.0_362]
	at org.apache.hadoop.security.UserGroupInformation.doAs(UserGroupInformation.java:1878) [hadoop-common-3.3.4.jar:?]
	at org.apache.hadoop.ipc.Server$Handler.run(Server.java:2976) [hadoop-common-3.3.4.jar:?]
13:41:34.132 [IPC Server handler 2 on default port 40765] ERROR OMAudit - user=runner | ip=127.0.0.1 | op=GET_FILE_STATUS {volume=volume82902, bucket=bucket15199, key=level0/level1/level1, dataSize=0, replicationConfig=null} | ret=FAILURE
org.apache.hadoop.ozone.om.exceptions.OMException: Unable to get file status: volume: volume82902 bucket: bucket15199 key: level0/level1/level1
	at org.apache.hadoop.ozone.om.KeyManagerImpl.getOzoneFileStatus(KeyManagerImpl.java:1162) ~[ozone-manager-1.4.0-SNAPSHOT.jar:?]
	at org.apache.hadoop.ozone.om.KeyManagerImpl.getFileStatus(KeyManagerImpl.java:1080) ~[ozone-manager-1.4.0-SNAPSHOT.jar:?]
	at org.apache.hadoop.ozone.om.OmMetadataReader.getFileStatus(OmMetadataReader.java:288) ~[ozone-manager-1.4.0-SNAPSHOT.jar:?]
	at org.apache.hadoop.ozone.om.OzoneManager.getFileStatus(OzoneManager.java:3450) ~[ozone-manager-1.4.0-SNAPSHOT.jar:?]
	at org.apache.hadoop.ozone.protocolPB.OzoneManagerRequestHandler.getOzoneFileStatus(OzoneManagerRequestHandler.java:933) ~[ozone-manager-1.4.0-SNAPSHOT.jar:?]
	at org.apache.hadoop.ozone.protocolPB.OzoneManagerRequestHandler.handleReadRequest(OzoneManagerRequestHandler.java:238) ~[ozone-manager-1.4.0-SNAPSHOT.jar:?]
	at org.apache.hadoop.ozone.protocolPB.OzoneManagerProtocolServerSideTranslatorPB.submitRequestDirectlyToOM(OzoneManagerProtocolServerSideTranslatorPB.java:271) ~[ozone-manager-1.4.0-SNAPSHOT.jar:?]
	at org.apache.hadoop.ozone.protocolPB.OzoneManagerProtocolServerSideTranslatorPB.processRequest(OzoneManagerProtocolServerSideTranslatorPB.java:173) ~[ozone-manager-1.4.0-SNAPSHOT.jar:?]
	at org.apache.hadoop.hdds.server.OzoneProtocolMessageDispatcher.processRequest(OzoneProtocolMessageDispatcher.java:87) [hdds-server-framework-1.4.0-SNAPSHOT.jar:?]
	at org.apache.hadoop.ozone.protocolPB.OzoneManagerProtocolServerSideTranslatorPB.submitRequest(OzoneManagerProtocolServerSideTranslatorPB.java:147) [ozone-manager-1.4.0-SNAPSHOT.jar:?]
	at org.apache.hadoop.ozone.protocol.proto.OzoneManagerProtocolProtos$OzoneManagerService$2.callBlockingMethod(OzoneManagerProtocolProtos.java) [ozone-interface-client-1.4.0-SNAPSHOT.jar:?]
	at org.apache.hadoop.ipc.ProtobufRpcEngine$Server.processCall(ProtobufRpcEngine.java:465) [hadoop-common-3.3.4.jar:?]
	at org.apache.hadoop.ipc.ProtobufRpcEngine2$Server$ProtoBufRpcInvoker.call(ProtobufRpcEngine2.java:578) [hadoop-common-3.3.4.jar:?]
	at org.apache.hadoop.ipc.ProtobufRpcEngine2$Server$ProtoBufRpcInvoker.call(ProtobufRpcEngine2.java:556) [hadoop-common-3.3.4.jar:?]
	at org.apache.hadoop.ipc.RPC$Server.call(RPC.java:1093) [hadoop-common-3.3.4.jar:?]
	at org.apache.hadoop.ipc.Server$RpcCall.run(Server.java:1043) [hadoop-common-3.3.4.jar:?]
	at org.apache.hadoop.ipc.Server$RpcCall.run(Server.java:971) [hadoop-common-3.3.4.jar:?]
	at java.security.AccessController.doPrivileged(Native Method) ~[?:1.8.0_362]
	at javax.security.auth.Subject.doAs(Subject.java:422) [?:1.8.0_362]
	at org.apache.hadoop.security.UserGroupInformation.doAs(UserGroupInformation.java:1878) [hadoop-common-3.3.4.jar:?]
	at org.apache.hadoop.ipc.Server$Handler.run(Server.java:2976) [hadoop-common-3.3.4.jar:?]
13:41:34.132 [IPC Server handler 3 on default port 40765] ERROR OMAudit - user=runner | ip=127.0.0.1 | op=GET_FILE_STATUS {volume=volume82902, bucket=bucket15199, key=level0/level1/file1, dataSize=0, replicationConfig=null} | ret=FAILURE
org.apache.hadoop.ozone.om.exceptions.OMException: Unable to get file status: volume: volume82902 bucket: bucket15199 key: level0/level1/file1
	at org.apache.hadoop.ozone.om.KeyManagerImpl.getOzoneFileStatus(KeyManagerImpl.java:1162) ~[ozone-manager-1.4.0-SNAPSHOT.jar:?]
	at org.apache.hadoop.ozone.om.KeyManagerImpl.getFileStatus(KeyManagerImpl.java:1080) ~[ozone-manager-1.4.0-SNAPSHOT.jar:?]
	at org.apache.hadoop.ozone.om.OmMetadataReader.getFileStatus(OmMetadataReader.java:288) ~[ozone-manager-1.4.0-SNAPSHOT.jar:?]
	at org.apache.hadoop.ozone.om.OzoneManager.getFileStatus(OzoneManager.java:3450) ~[ozone-manager-1.4.0-SNAPSHOT.jar:?]
	at org.apache.hadoop.ozone.protocolPB.OzoneManagerRequestHandler.getOzoneFileStatus(OzoneManagerRequestHandler.java:933) ~[ozone-manager-1.4.0-SNAPSHOT.jar:?]
	at org.apache.hadoop.ozone.protocolPB.OzoneManagerRequestHandler.handleReadRequest(OzoneManagerRequestHandler.java:238) ~[ozone-manager-1.4.0-SNAPSHOT.jar:?]
	at org.apache.hadoop.ozone.protocolPB.OzoneManagerProtocolServerSideTranslatorPB.submitRequestDirectlyToOM(OzoneManagerProtocolServerSideTranslatorPB.java:271) ~[ozone-manager-1.4.0-SNAPSHOT.jar:?]
	at org.apache.hadoop.ozone.protocolPB.OzoneManagerProtocolServerSideTranslatorPB.processRequest(OzoneManagerProtocolServerSideTranslatorPB.java:173) ~[ozone-manager-1.4.0-SNAPSHOT.jar:?]
	at org.apache.hadoop.hdds.server.OzoneProtocolMessageDispatcher.processRequest(OzoneProtocolMessageDispatcher.java:87) [hdds-server-framework-1.4.0-SNAPSHOT.jar:?]
	at org.apache.hadoop.ozone.protocolPB.OzoneManagerProtocolServerSideTranslatorPB.submitRequest(OzoneManagerProtocolServerSideTranslatorPB.java:147) [ozone-manager-1.4.0-SNAPSHOT.jar:?]
	at org.apache.hadoop.ozone.protocol.proto.OzoneManagerProtocolProtos$OzoneManagerService$2.callBlockingMethod(OzoneManagerProtocolProtos.java) [ozone-interface-client-1.4.0-SNAPSHOT.jar:?]
	at org.apache.hadoop.ipc.ProtobufRpcEngine$Server.processCall(ProtobufRpcEngine.java:465) [hadoop-common-3.3.4.jar:?]
	at org.apache.hadoop.ipc.ProtobufRpcEngine2$Server$ProtoBufRpcInvoker.call(ProtobufRpcEngine2.java:578) [hadoop-common-3.3.4.jar:?]
	at org.apache.hadoop.ipc.ProtobufRpcEngine2$Server$ProtoBufRpcInvoker.call(ProtobufRpcEngine2.java:556) [hadoop-common-3.3.4.jar:?]
	at org.apache.hadoop.ipc.RPC$Server.call(RPC.java:1093) [hadoop-common-3.3.4.jar:?]
	at org.apache.hadoop.ipc.Server$RpcCall.run(Server.java:1043) [hadoop-common-3.3.4.jar:?]
	at org.apache.hadoop.ipc.Server$RpcCall.run(Server.java:971) [hadoop-common-3.3.4.jar:?]
	at java.security.AccessController.doPrivileged(Native Method) ~[?:1.8.0_362]
	at javax.security.auth.Subject.doAs(Subject.java:422) [?:1.8.0_362]
	at org.apache.hadoop.security.UserGroupInformation.doAs(UserGroupInformation.java:1878) [hadoop-common-3.3.4.jar:?]
	at org.apache.hadoop.ipc.Server$Handler.run(Server.java:2976) [hadoop-common-3.3.4.jar:?]
13:41:34.133 [IPC Server handler 5 on default port 40765] ERROR OMAudit - user=runner | ip=127.0.0.1 | op=GET_FILE_STATUS {volume=volume82902, bucket=bucket15199, key=level0/level1/level1/file1, dataSize=0, replicationConfig=null} | ret=FAILURE
org.apache.hadoop.ozone.om.exceptions.OMException: Unable to get file status: volume: volume82902 bucket: bucket15199 key: level0/level1/level1/file1
	at org.apache.hadoop.ozone.om.KeyManagerImpl.getOzoneFileStatus(KeyManagerImpl.java:1162) ~[ozone-manager-1.4.0-SNAPSHOT.jar:?]
	at org.apache.hadoop.ozone.om.KeyManagerImpl.getFileStatus(KeyManagerImpl.java:1080) ~[ozone-manager-1.4.0-SNAPSHOT.jar:?]
	at org.apache.hadoop.ozone.om.OmMetadataReader.getFileStatus(OmMetadataReader.java:288) ~[ozone-manager-1.4.0-SNAPSHOT.jar:?]
	at org.apache.hadoop.ozone.om.OzoneManager.getFileStatus(OzoneManager.java:3450) ~[ozone-manager-1.4.0-SNAPSHOT.jar:?]
	at org.apache.hadoop.ozone.protocolPB.OzoneManagerRequestHandler.getOzoneFileStatus(OzoneManagerRequestHandler.java:933) ~[ozone-manager-1.4.0-SNAPSHOT.jar:?]
	at org.apache.hadoop.ozone.protocolPB.OzoneManagerRequestHandler.handleReadRequest(OzoneManagerRequestHandler.java:238) ~[ozone-manager-1.4.0-SNAPSHOT.jar:?]
	at org.apache.hadoop.ozone.protocolPB.OzoneManagerProtocolServerSideTranslatorPB.submitRequestDirectlyToOM(OzoneManagerProtocolServerSideTranslatorPB.java:271) ~[ozone-manager-1.4.0-SNAPSHOT.jar:?]
	at org.apache.hadoop.ozone.protocolPB.OzoneManagerProtocolServerSideTranslatorPB.processRequest(OzoneManagerProtocolServerSideTranslatorPB.java:173) ~[ozone-manager-1.4.0-SNAPSHOT.jar:?]
	at org.apache.hadoop.hdds.server.OzoneProtocolMessageDispatcher.processRequest(OzoneProtocolMessageDispatcher.java:87) [hdds-server-framework-1.4.0-SNAPSHOT.jar:?]
	at org.apache.hadoop.ozone.protocolPB.OzoneManagerProtocolServerSideTranslatorPB.submitRequest(OzoneManagerProtocolServerSideTranslatorPB.java:147) [ozone-manager-1.4.0-SNAPSHOT.jar:?]
	at org.apache.hadoop.ozone.protocol.proto.OzoneManagerProtocolProtos$OzoneManagerService$2.callBlockingMethod(OzoneManagerProtocolProtos.java) [ozone-interface-client-1.4.0-SNAPSHOT.jar:?]
	at org.apache.hadoop.ipc.ProtobufRpcEngine$Server.processCall(ProtobufRpcEngine.java:465) [hadoop-common-3.3.4.jar:?]
	at org.apache.hadoop.ipc.ProtobufRpcEngine2$Server$ProtoBufRpcInvoker.call(ProtobufRpcEngine2.java:578) [hadoop-common-3.3.4.jar:?]
	at org.apache.hadoop.ipc.ProtobufRpcEngine2$Server$ProtoBufRpcInvoker.call(ProtobufRpcEngine2.java:556) [hadoop-common-3.3.4.jar:?]
	at org.apache.hadoop.ipc.RPC$Server.call(RPC.java:1093) [hadoop-common-3.3.4.jar:?]
	at org.apache.hadoop.ipc.Server$RpcCall.run(Server.java:1043) [hadoop-common-3.3.4.jar:?]
	at org.apache.hadoop.ipc.Server$RpcCall.run(Server.java:971) [hadoop-common-3.3.4.jar:?]
	at java.security.AccessController.doPrivileged(Native Method) ~[?:1.8.0_362]
	at javax.security.auth.Subject.doAs(Subject.java:422) [?:1.8.0_362]
	at org.apache.hadoop.security.UserGroupInformation.doAs(UserGroupInformation.java:1878) [hadoop-common-3.3.4.jar:?]
	at org.apache.hadoop.ipc.Server$Handler.run(Server.java:2976) [hadoop-common-3.3.4.jar:?]
13:41:34.134 [IPC Server handler 7 on default port 40765] ERROR OMAudit - user=runner | ip=127.0.0.1 | op=GET_FILE_STATUS {volume=volume82902, bucket=bucket15199, key=level0/level2, dataSize=0, replicationConfig=null} | ret=FAILURE
org.apache.hadoop.ozone.om.exceptions.OMException: Unable to get file status: volume: volume82902 bucket: bucket15199 key: level0/level2
	at org.apache.hadoop.ozone.om.KeyManagerImpl.getOzoneFileStatus(KeyManagerImpl.java:1162) ~[ozone-manager-1.4.0-SNAPSHOT.jar:?]
	at org.apache.hadoop.ozone.om.KeyManagerImpl.getFileStatus(KeyManagerImpl.java:1080) ~[ozone-manager-1.4.0-SNAPSHOT.jar:?]
	at org.apache.hadoop.ozone.om.OmMetadataReader.getFileStatus(OmMetadataReader.java:288) ~[ozone-manager-1.4.0-SNAPSHOT.jar:?]
	at org.apache.hadoop.ozone.om.OzoneManager.getFileStatus(OzoneManager.java:3450) ~[ozone-manager-1.4.0-SNAPSHOT.jar:?]
	at org.apache.hadoop.ozone.protocolPB.OzoneManagerRequestHandler.getOzoneFileStatus(OzoneManagerRequestHandler.java:933) ~[ozone-manager-1.4.0-SNAPSHOT.jar:?]
	at org.apache.hadoop.ozone.protocolPB.OzoneManagerRequestHandler.handleReadRequest(OzoneManagerRequestHandler.java:238) ~[ozone-manager-1.4.0-SNAPSHOT.jar:?]
	at org.apache.hadoop.ozone.protocolPB.OzoneManagerProtocolServerSideTranslatorPB.submitRequestDirectlyToOM(OzoneManagerProtocolServerSideTranslatorPB.java:271) ~[ozone-manager-1.4.0-SNAPSHOT.jar:?]
	at org.apache.hadoop.ozone.protocolPB.OzoneManagerProtocolServerSideTranslatorPB.processRequest(OzoneManagerProtocolServerSideTranslatorPB.java:173) ~[ozone-manager-1.4.0-SNAPSHOT.jar:?]
	at org.apache.hadoop.hdds.server.OzoneProtocolMessageDispatcher.processRequest(OzoneProtocolMessageDispatcher.java:87) [hdds-server-framework-1.4.0-SNAPSHOT.jar:?]
	at org.apache.hadoop.ozone.protocolPB.OzoneManagerProtocolServerSideTranslatorPB.submitRequest(OzoneManagerProtocolServerSideTranslatorPB.java:147) [ozone-manager-1.4.0-SNAPSHOT.jar:?]
	at org.apache.hadoop.ozone.protocol.proto.OzoneManagerProtocolProtos$OzoneManagerService$2.callBlockingMethod(OzoneManagerProtocolProtos.java) [ozone-interface-client-1.4.0-SNAPSHOT.jar:?]
	at org.apache.hadoop.ipc.ProtobufRpcEngine$Server.processCall(ProtobufRpcEngine.java:465) [hadoop-common-3.3.4.jar:?]
	at org.apache.hadoop.ipc.ProtobufRpcEngine2$Server$ProtoBufRpcInvoker.call(ProtobufRpcEngine2.java:578) [hadoop-common-3.3.4.jar:?]
	at org.apache.hadoop.ipc.ProtobufRpcEngine2$Server$ProtoBufRpcInvoker.call(ProtobufRpcEngine2.java:556) [hadoop-common-3.3.4.jar:?]
	at org.apache.hadoop.ipc.RPC$Server.call(RPC.java:1093) [hadoop-common-3.3.4.jar:?]
	at org.apache.hadoop.ipc.Server$RpcCall.run(Server.java:1043) [hadoop-common-3.3.4.jar:?]
	at org.apache.hadoop.ipc.Server$RpcCall.run(Server.java:971) [hadoop-common-3.3.4.jar:?]
	at java.security.AccessController.doPrivileged(Native Method) ~[?:1.8.0_362]
	at javax.security.auth.Subject.doAs(Subject.java:422) [?:1.8.0_362]
	at org.apache.hadoop.security.UserGroupInformation.doAs(UserGroupInformation.java:1878) [hadoop-common-3.3.4.jar:?]
	at org.apache.hadoop.ipc.Server$Handler.run(Server.java:2976) [hadoop-common-3.3.4.jar:?]
13:41:34.134 [IPC Server handler 9 on default port 40765] ERROR OMAudit - user=runner | ip=127.0.0.1 | op=GET_FILE_STATUS {volume=volume82902, bucket=bucket15199, key=level0/level2/level2, dataSize=0, replicationConfig=null} | ret=FAILURE
org.apache.hadoop.ozone.om.exceptions.OMException: Unable to get file status: volume: volume82902 bucket: bucket15199 key: level0/level2/level2
	at org.apache.hadoop.ozone.om.KeyManagerImpl.getOzoneFileStatus(KeyManagerImpl.java:1162) ~[ozone-manager-1.4.0-SNAPSHOT.jar:?]
	at org.apache.hadoop.ozone.om.KeyManagerImpl.getFileStatus(KeyManagerImpl.java:1080) ~[ozone-manager-1.4.0-SNAPSHOT.jar:?]
	at org.apache.hadoop.ozone.om.OmMetadataReader.getFileStatus(OmMetadataReader.java:288) ~[ozone-manager-1.4.0-SNAPSHOT.jar:?]
	at org.apache.hadoop.ozone.om.OzoneManager.getFileStatus(OzoneManager.java:3450) ~[ozone-manager-1.4.0-SNAPSHOT.jar:?]
	at org.apache.hadoop.ozone.protocolPB.OzoneManagerRequestHandler.getOzoneFileStatus(OzoneManagerRequestHandler.java:933) ~[ozone-manager-1.4.0-SNAPSHOT.jar:?]
	at org.apache.hadoop.ozone.protocolPB.OzoneManagerRequestHandler.handleReadRequest(OzoneManagerRequestHandler.java:238) ~[ozone-manager-1.4.0-SNAPSHOT.jar:?]
	at org.apache.hadoop.ozone.protocolPB.OzoneManagerProtocolServerSideTranslatorPB.submitRequestDirectlyToOM(OzoneManagerProtocolServerSideTranslatorPB.java:271) ~[ozone-manager-1.4.0-SNAPSHOT.jar:?]
	at org.apache.hadoop.ozone.protocolPB.OzoneManagerProtocolServerSideTranslatorPB.processRequest(OzoneManagerProtocolServerSideTranslatorPB.java:173) ~[ozone-manager-1.4.0-SNAPSHOT.jar:?]
	at org.apache.hadoop.hdds.server.OzoneProtocolMessageDispatcher.processRequest(OzoneProtocolMessageDispatcher.java:87) [hdds-server-framework-1.4.0-SNAPSHOT.jar:?]
	at org.apache.hadoop.ozone.protocolPB.OzoneManagerProtocolServerSideTranslatorPB.submitRequest(OzoneManagerProtocolServerSideTranslatorPB.java:147) [ozone-manager-1.4.0-SNAPSHOT.jar:?]
	at org.apache.hadoop.ozone.protocol.proto.OzoneManagerProtocolProtos$OzoneManagerService$2.callBlockingMethod(OzoneManagerProtocolProtos.java) [ozone-interface-client-1.4.0-SNAPSHOT.jar:?]
	at org.apache.hadoop.ipc.ProtobufRpcEngine$Server.processCall(ProtobufRpcEngine.java:465) [hadoop-common-3.3.4.jar:?]
	at org.apache.hadoop.ipc.ProtobufRpcEngine2$Server$ProtoBufRpcInvoker.call(ProtobufRpcEngine2.java:578) [hadoop-common-3.3.4.jar:?]
	at org.apache.hadoop.ipc.ProtobufRpcEngine2$Server$ProtoBufRpcInvoker.call(ProtobufRpcEngine2.java:556) [hadoop-common-3.3.4.jar:?]
	at org.apache.hadoop.ipc.RPC$Server.call(RPC.java:1093) [hadoop-common-3.3.4.jar:?]
	at org.apache.hadoop.ipc.Server$RpcCall.run(Server.java:1043) [hadoop-common-3.3.4.jar:?]
	at org.apache.hadoop.ipc.Server$RpcCall.run(Server.java:971) [hadoop-common-3.3.4.jar:?]
	at java.security.AccessController.doPrivileged(Native Method) ~[?:1.8.0_362]
	at javax.security.auth.Subject.doAs(Subject.java:422) [?:1.8.0_362]
	at org.apache.hadoop.security.UserGroupInformation.doAs(UserGroupInformation.java:1878) [hadoop-common-3.3.4.jar:?]
	at org.apache.hadoop.ipc.Server$Handler.run(Server.java:2976) [hadoop-common-3.3.4.jar:?]
13:41:34.135 [IPC Server handler 11 on default port 40765] ERROR OMAudit - user=runner | ip=127.0.0.1 | op=GET_FILE_STATUS {volume=volume82902, bucket=bucket15199, key=level0/level2/file1, dataSize=0, replicationConfig=null} | ret=FAILURE
org.apache.hadoop.ozone.om.exceptions.OMException: Unable to get file status: volume: volume82902 bucket: bucket15199 key: level0/level2/file1
	at org.apache.hadoop.ozone.om.KeyManagerImpl.getOzoneFileStatus(KeyManagerImpl.java:1162) ~[ozone-manager-1.4.0-SNAPSHOT.jar:?]
	at org.apache.hadoop.ozone.om.KeyManagerImpl.getFileStatus(KeyManagerImpl.java:1080) ~[ozone-manager-1.4.0-SNAPSHOT.jar:?]
	at org.apache.hadoop.ozone.om.OmMetadataReader.getFileStatus(OmMetadataReader.java:288) ~[ozone-manager-1.4.0-SNAPSHOT.jar:?]
	at org.apache.hadoop.ozone.om.OzoneManager.getFileStatus(OzoneManager.java:3450) ~[ozone-manager-1.4.0-SNAPSHOT.jar:?]
	at org.apache.hadoop.ozone.protocolPB.OzoneManagerRequestHandler.getOzoneFileStatus(OzoneManagerRequestHandler.java:933) ~[ozone-manager-1.4.0-SNAPSHOT.jar:?]
	at org.apache.hadoop.ozone.protocolPB.OzoneManagerRequestHandler.handleReadRequest(OzoneManagerRequestHandler.java:238) ~[ozone-manager-1.4.0-SNAPSHOT.jar:?]
	at org.apache.hadoop.ozone.protocolPB.OzoneManagerProtocolServerSideTranslatorPB.submitRequestDirectlyToOM(OzoneManagerProtocolServerSideTranslatorPB.java:271) ~[ozone-manager-1.4.0-SNAPSHOT.jar:?]
	at org.apache.hadoop.ozone.protocolPB.OzoneManagerProtocolServerSideTranslatorPB.processRequest(OzoneManagerProtocolServerSideTranslatorPB.java:173) ~[ozone-manager-1.4.0-SNAPSHOT.jar:?]
	at org.apache.hadoop.hdds.server.OzoneProtocolMessageDispatcher.processRequest(OzoneProtocolMessageDispatcher.java:87) [hdds-server-framework-1.4.0-SNAPSHOT.jar:?]
	at org.apache.hadoop.ozone.protocolPB.OzoneManagerProtocolServerSideTranslatorPB.submitRequest(OzoneManagerProtocolServerSideTranslatorPB.java:147) [ozone-manager-1.4.0-SNAPSHOT.jar:?]
	at org.apache.hadoop.ozone.protocol.proto.OzoneManagerProtocolProtos$OzoneManagerService$2.callBlockingMethod(OzoneManagerProtocolProtos.java) [ozone-interface-client-1.4.0-SNAPSHOT.jar:?]
	at org.apache.hadoop.ipc.ProtobufRpcEngine$Server.processCall(ProtobufRpcEngine.java:465) [hadoop-common-3.3.4.jar:?]
	at org.apache.hadoop.ipc.ProtobufRpcEngine2$Server$ProtoBufRpcInvoker.call(ProtobufRpcEngine2.java:578) [hadoop-common-3.3.4.jar:?]
	at org.apache.hadoop.ipc.ProtobufRpcEngine2$Server$ProtoBufRpcInvoker.call(ProtobufRpcEngine2.java:556) [hadoop-common-3.3.4.jar:?]
	at org.apache.hadoop.ipc.RPC$Server.call(RPC.java:1093) [hadoop-common-3.3.4.jar:?]
	at org.apache.hadoop.ipc.Server$RpcCall.run(Server.java:1043) [hadoop-common-3.3.4.jar:?]
	at org.apache.hadoop.ipc.Server$RpcCall.run(Server.java:971) [hadoop-common-3.3.4.jar:?]
	at java.security.AccessController.doPrivileged(Native Method) ~[?:1.8.0_362]
	at javax.security.auth.Subject.doAs(Subject.java:422) [?:1.8.0_362]
	at org.apache.hadoop.security.UserGroupInformation.doAs(UserGroupInformation.java:1878) [hadoop-common-3.3.4.jar:?]
	at org.apache.hadoop.ipc.Server$Handler.run(Server.java:2976) [hadoop-common-3.3.4.jar:?]
13:41:34.137 [IPC Server handler 8 on default port 40765] ERROR OMAudit - user=runner | ip=127.0.0.1 | op=GET_FILE_STATUS {volume=volume82902, bucket=bucket15199, key=level0/level2/level2/file1, dataSize=0, replicationConfig=null} | ret=FAILURE
org.apache.hadoop.ozone.om.exceptions.OMException: Unable to get file status: volume: volume82902 bucket: bucket15199 key: level0/level2/level2/file1
	at org.apache.hadoop.ozone.om.KeyManagerImpl.getOzoneFileStatus(KeyManagerImpl.java:1162) ~[ozone-manager-1.4.0-SNAPSHOT.jar:?]
	at org.apache.hadoop.ozone.om.KeyManagerImpl.getFileStatus(KeyManagerImpl.java:1080) ~[ozone-manager-1.4.0-SNAPSHOT.jar:?]
	at org.apache.hadoop.ozone.om.OmMetadataReader.getFileStatus(OmMetadataReader.java:288) ~[ozone-manager-1.4.0-SNAPSHOT.jar:?]
	at org.apache.hadoop.ozone.om.OzoneManager.getFileStatus(OzoneManager.java:3450) ~[ozone-manager-1.4.0-SNAPSHOT.jar:?]
	at org.apache.hadoop.ozone.protocolPB.OzoneManagerRequestHandler.getOzoneFileStatus(OzoneManagerRequestHandler.java:933) ~[ozone-manager-1.4.0-SNAPSHOT.jar:?]
	at org.apache.hadoop.ozone.protocolPB.OzoneManagerRequestHandler.handleReadRequest(OzoneManagerRequestHandler.java:238) ~[ozone-manager-1.4.0-SNAPSHOT.jar:?]
	at org.apache.hadoop.ozone.protocolPB.OzoneManagerProtocolServerSideTranslatorPB.submitRequestDirectlyToOM(OzoneManagerProtocolServerSideTranslatorPB.java:271) ~[ozone-manager-1.4.0-SNAPSHOT.jar:?]
	at org.apache.hadoop.ozone.protocolPB.OzoneManagerProtocolServerSideTranslatorPB.processRequest(OzoneManagerProtocolServerSideTranslatorPB.java:173) ~[ozone-manager-1.4.0-SNAPSHOT.jar:?]
	at org.apache.hadoop.hdds.server.OzoneProtocolMessageDispatcher.processRequest(OzoneProtocolMessageDispatcher.java:87) [hdds-server-framework-1.4.0-SNAPSHOT.jar:?]
	at org.apache.hadoop.ozone.protocolPB.OzoneManagerProtocolServerSideTranslatorPB.submitRequest(OzoneManagerProtocolServerSideTranslatorPB.java:147) [ozone-manager-1.4.0-SNAPSHOT.jar:?]
	at org.apache.hadoop.ozone.protocol.proto.OzoneManagerProtocolProtos$OzoneManagerService$2.callBlockingMethod(OzoneManagerProtocolProtos.java) [ozone-interface-client-1.4.0-SNAPSHOT.jar:?]
	at org.apache.hadoop.ipc.ProtobufRpcEngine$Server.processCall(ProtobufRpcEngine.java:465) [hadoop-common-3.3.4.jar:?]
	at org.apache.hadoop.ipc.ProtobufRpcEngine2$Server$ProtoBufRpcInvoker.call(ProtobufRpcEngine2.java:578) [hadoop-common-3.3.4.jar:?]
	at org.apache.hadoop.ipc.ProtobufRpcEngine2$Server$ProtoBufRpcInvoker.call(ProtobufRpcEngine2.java:556) [hadoop-common-3.3.4.jar:?]
	at org.apache.hadoop.ipc.RPC$Server.call(RPC.java:1093) [hadoop-common-3.3.4.jar:?]
	at org.apache.hadoop.ipc.Server$RpcCall.run(Server.java:1043) [hadoop-common-3.3.4.jar:?]
	at org.apache.hadoop.ipc.Server$RpcCall.run(Server.java:971) [hadoop-common-3.3.4.jar:?]
	at java.security.AccessController.doPrivileged(Native Method) ~[?:1.8.0_362]
	at javax.security.auth.Subject.doAs(Subject.java:422) [?:1.8.0_362]
	at org.apache.hadoop.security.UserGroupInformation.doAs(UserGroupInformation.java:1878) [hadoop-common-3.3.4.jar:?]
	at org.apache.hadoop.ipc.Server$Handler.run(Server.java:2976) [hadoop-common-3.3.4.jar:?]
13:41:34.138 [IPC Server handler 6 on default port 40765] ERROR OMAudit - user=runner | ip=127.0.0.1 | op=GET_FILE_STATUS {volume=volume82902, bucket=bucket15199, key=level0/level3, dataSize=0, replicationConfig=null} | ret=FAILURE
org.apache.hadoop.ozone.om.exceptions.OMException: Unable to get file status: volume: volume82902 bucket: bucket15199 key: level0/level3
	at org.apache.hadoop.ozone.om.KeyManagerImpl.getOzoneFileStatus(KeyManagerImpl.java:1162) ~[ozone-manager-1.4.0-SNAPSHOT.jar:?]
	at org.apache.hadoop.ozone.om.KeyManagerImpl.getFileStatus(KeyManagerImpl.java:1080) ~[ozone-manager-1.4.0-SNAPSHOT.jar:?]
	at org.apache.hadoop.ozone.om.OmMetadataReader.getFileStatus(OmMetadataReader.java:288) ~[ozone-manager-1.4.0-SNAPSHOT.jar:?]
	at org.apache.hadoop.ozone.om.OzoneManager.getFileStatus(OzoneManager.java:3450) ~[ozone-manager-1.4.0-SNAPSHOT.jar:?]
	at org.apache.hadoop.ozone.protocolPB.OzoneManagerRequestHandler.getOzoneFileStatus(OzoneManagerRequestHandler.java:933) ~[ozone-manager-1.4.0-SNAPSHOT.jar:?]
	at org.apache.hadoop.ozone.protocolPB.OzoneManagerRequestHandler.handleReadRequest(OzoneManagerRequestHandler.java:238) ~[ozone-manager-1.4.0-SNAPSHOT.jar:?]
	at org.apache.hadoop.ozone.protocolPB.OzoneManagerProtocolServerSideTranslatorPB.submitRequestDirectlyToOM(OzoneManagerProtocolServerSideTranslatorPB.java:271) ~[ozone-manager-1.4.0-SNAPSHOT.jar:?]
	at org.apache.hadoop.ozone.protocolPB.OzoneManagerProtocolServerSideTranslatorPB.processRequest(OzoneManagerProtocolServerSideTranslatorPB.java:173) ~[ozone-manager-1.4.0-SNAPSHOT.jar:?]
	at org.apache.hadoop.hdds.server.OzoneProtocolMessageDispatcher.processRequest(OzoneProtocolMessageDispatcher.java:87) [hdds-server-framework-1.4.0-SNAPSHOT.jar:?]
	at org.apache.hadoop.ozone.protocolPB.OzoneManagerProtocolServerSideTranslatorPB.submitRequest(OzoneManagerProtocolServerSideTranslatorPB.java:147) [ozone-manager-1.4.0-SNAPSHOT.jar:?]
	at org.apache.hadoop.ozone.protocol.proto.OzoneManagerProtocolProtos$OzoneManagerService$2.callBlockingMethod(OzoneManagerProtocolProtos.java) [ozone-interface-client-1.4.0-SNAPSHOT.jar:?]
	at org.apache.hadoop.ipc.ProtobufRpcEngine$Server.processCall(ProtobufRpcEngine.java:465) [hadoop-common-3.3.4.jar:?]
	at org.apache.hadoop.ipc.ProtobufRpcEngine2$Server$ProtoBufRpcInvoker.call(ProtobufRpcEngine2.java:578) [hadoop-common-3.3.4.jar:?]
	at org.apache.hadoop.ipc.ProtobufRpcEngine2$Server$ProtoBufRpcInvoker.call(ProtobufRpcEngine2.java:556) [hadoop-common-3.3.4.jar:?]
	at org.apache.hadoop.ipc.RPC$Server.call(RPC.java:1093) [hadoop-common-3.3.4.jar:?]
	at org.apache.hadoop.ipc.Server$RpcCall.run(Server.java:1043) [hadoop-common-3.3.4.jar:?]
	at org.apache.hadoop.ipc.Server$RpcCall.run(Server.java:971) [hadoop-common-3.3.4.jar:?]
	at java.security.AccessController.doPrivileged(Native Method) ~[?:1.8.0_362]
	at javax.security.auth.Subject.doAs(Subject.java:422) [?:1.8.0_362]
	at org.apache.hadoop.security.UserGroupInformation.doAs(UserGroupInformation.java:1878) [hadoop-common-3.3.4.jar:?]
	at org.apache.hadoop.ipc.Server$Handler.run(Server.java:2976) [hadoop-common-3.3.4.jar:?]
13:41:34.138 [IPC Server handler 4 on default port 40765] ERROR OMAudit - user=runner | ip=127.0.0.1 | op=GET_FILE_STATUS {volume=volume82902, bucket=bucket15199, key=level0/level3/level3, dataSize=0, replicationConfig=null} | ret=FAILURE
org.apache.hadoop.ozone.om.exceptions.OMException: Unable to get file status: volume: volume82902 bucket: bucket15199 key: level0/level3/level3
	at org.apache.hadoop.ozone.om.KeyManagerImpl.getOzoneFileStatus(KeyManagerImpl.java:1162) ~[ozone-manager-1.4.0-SNAPSHOT.jar:?]
	at org.apache.hadoop.ozone.om.KeyManagerImpl.getFileStatus(KeyManagerImpl.java:1080) ~[ozone-manager-1.4.0-SNAPSHOT.jar:?]
	at org.apache.hadoop.ozone.om.OmMetadataReader.getFileStatus(OmMetadataReader.java:288) ~[ozone-manager-1.4.0-SNAPSHOT.jar:?]
	at org.apache.hadoop.ozone.om.OzoneManager.getFileStatus(OzoneManager.java:3450) ~[ozone-manager-1.4.0-SNAPSHOT.jar:?]
	at org.apache.hadoop.ozone.protocolPB.OzoneManagerRequestHandler.getOzoneFileStatus(OzoneManagerRequestHandler.java:933) ~[ozone-manager-1.4.0-SNAPSHOT.jar:?]
	at org.apache.hadoop.ozone.protocolPB.OzoneManagerRequestHandler.handleReadRequest(OzoneManagerRequestHandler.java:238) ~[ozone-manager-1.4.0-SNAPSHOT.jar:?]
	at org.apache.hadoop.ozone.protocolPB.OzoneManagerProtocolServerSideTranslatorPB.submitRequestDirectlyToOM(OzoneManagerProtocolServerSideTranslatorPB.java:271) ~[ozone-manager-1.4.0-SNAPSHOT.jar:?]
	at org.apache.hadoop.ozone.protocolPB.OzoneManagerProtocolServerSideTranslatorPB.processRequest(OzoneManagerProtocolServerSideTranslatorPB.java:173) ~[ozone-manager-1.4.0-SNAPSHOT.jar:?]
	at org.apache.hadoop.hdds.server.OzoneProtocolMessageDispatcher.processRequest(OzoneProtocolMessageDispatcher.java:87) [hdds-server-framework-1.4.0-SNAPSHOT.jar:?]
	at org.apache.hadoop.ozone.protocolPB.OzoneManagerProtocolServerSideTranslatorPB.submitRequest(OzoneManagerProtocolServerSideTranslatorPB.java:147) [ozone-manager-1.4.0-SNAPSHOT.jar:?]
	at org.apache.hadoop.ozone.protocol.proto.OzoneManagerProtocolProtos$OzoneManagerService$2.callBlockingMethod(OzoneManagerProtocolProtos.java) [ozone-interface-client-1.4.0-SNAPSHOT.jar:?]
	at org.apache.hadoop.ipc.ProtobufRpcEngine$Server.processCall(ProtobufRpcEngine.java:465) [hadoop-common-3.3.4.jar:?]
	at org.apache.hadoop.ipc.ProtobufRpcEngine2$Server$ProtoBufRpcInvoker.call(ProtobufRpcEngine2.java:578) [hadoop-common-3.3.4.jar:?]
	at org.apache.hadoop.ipc.ProtobufRpcEngine2$Server$ProtoBufRpcInvoker.call(ProtobufRpcEngine2.java:556) [hadoop-common-3.3.4.jar:?]
	at org.apache.hadoop.ipc.RPC$Server.call(RPC.java:1093) [hadoop-common-3.3.4.jar:?]
	at org.apache.hadoop.ipc.Server$RpcCall.run(Server.java:1043) [hadoop-common-3.3.4.jar:?]
	at org.apache.hadoop.ipc.Server$RpcCall.run(Server.java:971) [hadoop-common-3.3.4.jar:?]
	at java.security.AccessController.doPrivileged(Native Method) ~[?:1.8.0_362]
	at javax.security.auth.Subject.doAs(Subject.java:422) [?:1.8.0_362]
	at org.apache.hadoop.security.UserGroupInformation.doAs(UserGroupInformation.java:1878) [hadoop-common-3.3.4.jar:?]
	at org.apache.hadoop.ipc.Server$Handler.run(Server.java:2976) [hadoop-common-3.3.4.jar:?]
13:41:34.139 [IPC Server handler 19 on default port 40765] ERROR OMAudit - user=runner | ip=127.0.0.1 | op=GET_FILE_STATUS {volume=volume82902, bucket=bucket15199, key=level0/level3/file1, dataSize=0, replicationConfig=null} | ret=FAILURE
org.apache.hadoop.ozone.om.exceptions.OMException: Unable to get file status: volume: volume82902 bucket: bucket15199 key: level0/level3/file1
	at org.apache.hadoop.ozone.om.KeyManagerImpl.getOzoneFileStatus(KeyManagerImpl.java:1162) ~[ozone-manager-1.4.0-SNAPSHOT.jar:?]
	at org.apache.hadoop.ozone.om.KeyManagerImpl.getFileStatus(KeyManagerImpl.java:1080) ~[ozone-manager-1.4.0-SNAPSHOT.jar:?]
	at org.apache.hadoop.ozone.om.OmMetadataReader.getFileStatus(OmMetadataReader.java:288) ~[ozone-manager-1.4.0-SNAPSHOT.jar:?]
	at org.apache.hadoop.ozone.om.OzoneManager.getFileStatus(OzoneManager.java:3450) ~[ozone-manager-1.4.0-SNAPSHOT.jar:?]
	at org.apache.hadoop.ozone.protocolPB.OzoneManagerRequestHandler.getOzoneFileStatus(OzoneManagerRequestHandler.java:933) ~[ozone-manager-1.4.0-SNAPSHOT.jar:?]
	at org.apache.hadoop.ozone.protocolPB.OzoneManagerRequestHandler.handleReadRequest(OzoneManagerRequestHandler.java:238) ~[ozone-manager-1.4.0-SNAPSHOT.jar:?]
	at org.apache.hadoop.ozone.protocolPB.OzoneManagerProtocolServerSideTranslatorPB.submitRequestDirectlyToOM(OzoneManagerProtocolServerSideTranslatorPB.java:271) ~[ozone-manager-1.4.0-SNAPSHOT.jar:?]
	at org.apache.hadoop.ozone.protocolPB.OzoneManagerProtocolServerSideTranslatorPB.processRequest(OzoneManagerProtocolServerSideTranslatorPB.java:173) ~[ozone-manager-1.4.0-SNAPSHOT.jar:?]
	at org.apache.hadoop.hdds.server.OzoneProtocolMessageDispatcher.processRequest(OzoneProtocolMessageDispatcher.java:87) [hdds-server-framework-1.4.0-SNAPSHOT.jar:?]
	at org.apache.hadoop.ozone.protocolPB.OzoneManagerProtocolServerSideTranslatorPB.submitRequest(OzoneManagerProtocolServerSideTranslatorPB.java:147) [ozone-manager-1.4.0-SNAPSHOT.jar:?]
	at org.apache.hadoop.ozone.protocol.proto.OzoneManagerProtocolProtos$OzoneManagerService$2.callBlockingMethod(OzoneManagerProtocolProtos.java) [ozone-interface-client-1.4.0-SNAPSHOT.jar:?]
	at org.apache.hadoop.ipc.ProtobufRpcEngine$Server.processCall(ProtobufRpcEngine.java:465) [hadoop-common-3.3.4.jar:?]
	at org.apache.hadoop.ipc.ProtobufRpcEngine2$Server$ProtoBufRpcInvoker.call(ProtobufRpcEngine2.java:578) [hadoop-common-3.3.4.jar:?]
	at org.apache.hadoop.ipc.ProtobufRpcEngine2$Server$ProtoBufRpcInvoker.call(ProtobufRpcEngine2.java:556) [hadoop-common-3.3.4.jar:?]
	at org.apache.hadoop.ipc.RPC$Server.call(RPC.java:1093) [hadoop-common-3.3.4.jar:?]
	at org.apache.hadoop.ipc.Server$RpcCall.run(Server.java:1043) [hadoop-common-3.3.4.jar:?]
	at org.apache.hadoop.ipc.Server$RpcCall.run(Server.java:971) [hadoop-common-3.3.4.jar:?]
	at java.security.AccessController.doPrivileged(Native Method) ~[?:1.8.0_362]
	at javax.security.auth.Subject.doAs(Subject.java:422) [?:1.8.0_362]
	at org.apache.hadoop.security.UserGroupInformation.doAs(UserGroupInformation.java:1878) [hadoop-common-3.3.4.jar:?]
	at org.apache.hadoop.ipc.Server$Handler.run(Server.java:2976) [hadoop-common-3.3.4.jar:?]
13:41:34.140 [IPC Server handler 18 on default port 40765] ERROR OMAudit - user=runner | ip=127.0.0.1 | op=GET_FILE_STATUS {volume=volume82902, bucket=bucket15199, key=level0/level3/level3/file1, dataSize=0, replicationConfig=null} | ret=FAILURE
org.apache.hadoop.ozone.om.exceptions.OMException: Unable to get file status: volume: volume82902 bucket: bucket15199 key: level0/level3/level3/file1
	at org.apache.hadoop.ozone.om.KeyManagerImpl.getOzoneFileStatus(KeyManagerImpl.java:1162) ~[ozone-manager-1.4.0-SNAPSHOT.jar:?]
	at org.apache.hadoop.ozone.om.KeyManagerImpl.getFileStatus(KeyManagerImpl.java:1080) ~[ozone-manager-1.4.0-SNAPSHOT.jar:?]
	at org.apache.hadoop.ozone.om.OmMetadataReader.getFileStatus(OmMetadataReader.java:288) ~[ozone-manager-1.4.0-SNAPSHOT.jar:?]
	at org.apache.hadoop.ozone.om.OzoneManager.getFileStatus(OzoneManager.java:3450) ~[ozone-manager-1.4.0-SNAPSHOT.jar:?]
	at org.apache.hadoop.ozone.protocolPB.OzoneManagerRequestHandler.getOzoneFileStatus(OzoneManagerRequestHandler.java:933) ~[ozone-manager-1.4.0-SNAPSHOT.jar:?]
	at org.apache.hadoop.ozone.protocolPB.OzoneManagerRequestHandler.handleReadRequest(OzoneManagerRequestHandler.java:238) ~[ozone-manager-1.4.0-SNAPSHOT.jar:?]
	at org.apache.hadoop.ozone.protocolPB.OzoneManagerProtocolServerSideTranslatorPB.submitRequestDirectlyToOM(OzoneManagerProtocolServerSideTranslatorPB.java:271) ~[ozone-manager-1.4.0-SNAPSHOT.jar:?]
	at org.apache.hadoop.ozone.protocolPB.OzoneManagerProtocolServerSideTranslatorPB.processRequest(OzoneManagerProtocolServerSideTranslatorPB.java:173) ~[ozone-manager-1.4.0-SNAPSHOT.jar:?]
	at org.apache.hadoop.hdds.server.OzoneProtocolMessageDispatcher.processRequest(OzoneProtocolMessageDispatcher.java:87) [hdds-server-framework-1.4.0-SNAPSHOT.jar:?]
	at org.apache.hadoop.ozone.protocolPB.OzoneManagerProtocolServerSideTranslatorPB.submitRequest(OzoneManagerProtocolServerSideTranslatorPB.java:147) [ozone-manager-1.4.0-SNAPSHOT.jar:?]
	at org.apache.hadoop.ozone.protocol.proto.OzoneManagerProtocolProtos$OzoneManagerService$2.callBlockingMethod(OzoneManagerProtocolProtos.java) [ozone-interface-client-1.4.0-SNAPSHOT.jar:?]
	at org.apache.hadoop.ipc.ProtobufRpcEngine$Server.processCall(ProtobufRpcEngine.java:465) [hadoop-common-3.3.4.jar:?]
	at org.apache.hadoop.ipc.ProtobufRpcEngine2$Server$ProtoBufRpcInvoker.call(ProtobufRpcEngine2.java:578) [hadoop-common-3.3.4.jar:?]
	at org.apache.hadoop.ipc.ProtobufRpcEngine2$Server$ProtoBufRpcInvoker.call(ProtobufRpcEngine2.java:556) [hadoop-common-3.3.4.jar:?]
	at org.apache.hadoop.ipc.RPC$Server.call(RPC.java:1093) [hadoop-common-3.3.4.jar:?]
	at org.apache.hadoop.ipc.Server$RpcCall.run(Server.java:1043) [hadoop-common-3.3.4.jar:?]
	at org.apache.hadoop.ipc.Server$RpcCall.run(Server.java:971) [hadoop-common-3.3.4.jar:?]
	at java.security.AccessController.doPrivileged(Native Method) ~[?:1.8.0_362]
	at javax.security.auth.Subject.doAs(Subject.java:422) [?:1.8.0_362]
	at org.apache.hadoop.security.UserGroupInformation.doAs(UserGroupInformation.java:1878) [hadoop-common-3.3.4.jar:?]
	at org.apache.hadoop.ipc.Server$Handler.run(Server.java:2976) [hadoop-common-3.3.4.jar:?]
]]></system-out>
  </testcase>
  <testcase name="testGetTrashRoots" classname="TestOzoneFileSystem" time="0.068">
    <system-out><![CDATA[13:38:03.092 [IPC Server handler 3 on default port 35721] ERROR OMAudit - user=runner | ip=127.0.0.1 | op=GET_FILE_STATUS {volume=volume06454, bucket=bucket10538, key=.Trash/runner, dataSize=0, replicationConfig=null} | ret=FAILURE
org.apache.hadoop.ozone.om.exceptions.OMException: Unable to get file status: volume: volume06454 bucket: bucket10538 key: .Trash/runner
	at org.apache.hadoop.ozone.om.KeyManagerImpl.getOzoneFileStatus(KeyManagerImpl.java:1162) ~[ozone-manager-1.4.0-SNAPSHOT.jar:?]
	at org.apache.hadoop.ozone.om.KeyManagerImpl.getFileStatus(KeyManagerImpl.java:1080) ~[ozone-manager-1.4.0-SNAPSHOT.jar:?]
	at org.apache.hadoop.ozone.om.OmMetadataReader.getFileStatus(OmMetadataReader.java:288) ~[ozone-manager-1.4.0-SNAPSHOT.jar:?]
	at org.apache.hadoop.ozone.om.OzoneManager.getFileStatus(OzoneManager.java:3450) ~[ozone-manager-1.4.0-SNAPSHOT.jar:?]
	at org.apache.hadoop.ozone.protocolPB.OzoneManagerRequestHandler.getOzoneFileStatus(OzoneManagerRequestHandler.java:933) ~[ozone-manager-1.4.0-SNAPSHOT.jar:?]
	at org.apache.hadoop.ozone.protocolPB.OzoneManagerRequestHandler.handleReadRequest(OzoneManagerRequestHandler.java:238) ~[ozone-manager-1.4.0-SNAPSHOT.jar:?]
	at org.apache.hadoop.ozone.protocolPB.OzoneManagerProtocolServerSideTranslatorPB.submitReadRequestToOM(OzoneManagerProtocolServerSideTranslatorPB.java:223) ~[ozone-manager-1.4.0-SNAPSHOT.jar:?]
	at org.apache.hadoop.ozone.protocolPB.OzoneManagerProtocolServerSideTranslatorPB.processRequest(OzoneManagerProtocolServerSideTranslatorPB.java:177) ~[ozone-manager-1.4.0-SNAPSHOT.jar:?]
	at org.apache.hadoop.hdds.server.OzoneProtocolMessageDispatcher.processRequest(OzoneProtocolMessageDispatcher.java:87) [hdds-server-framework-1.4.0-SNAPSHOT.jar:?]
	at org.apache.hadoop.ozone.protocolPB.OzoneManagerProtocolServerSideTranslatorPB.submitRequest(OzoneManagerProtocolServerSideTranslatorPB.java:147) [ozone-manager-1.4.0-SNAPSHOT.jar:?]
	at org.apache.hadoop.ozone.protocol.proto.OzoneManagerProtocolProtos$OzoneManagerService$2.callBlockingMethod(OzoneManagerProtocolProtos.java) [ozone-interface-client-1.4.0-SNAPSHOT.jar:?]
	at org.apache.hadoop.ipc.ProtobufRpcEngine$Server.processCall(ProtobufRpcEngine.java:465) [hadoop-common-3.3.4.jar:?]
	at org.apache.hadoop.ipc.ProtobufRpcEngine2$Server$ProtoBufRpcInvoker.call(ProtobufRpcEngine2.java:578) [hadoop-common-3.3.4.jar:?]
	at org.apache.hadoop.ipc.ProtobufRpcEngine2$Server$ProtoBufRpcInvoker.call(ProtobufRpcEngine2.java:556) [hadoop-common-3.3.4.jar:?]
	at org.apache.hadoop.ipc.RPC$Server.call(RPC.java:1093) [hadoop-common-3.3.4.jar:?]
	at org.apache.hadoop.ipc.Server$RpcCall.run(Server.java:1043) [hadoop-common-3.3.4.jar:?]
	at org.apache.hadoop.ipc.Server$RpcCall.run(Server.java:971) [hadoop-common-3.3.4.jar:?]
	at java.security.AccessController.doPrivileged(Native Method) ~[?:1.8.0_362]
	at javax.security.auth.Subject.doAs(Subject.java:422) [?:1.8.0_362]
	at org.apache.hadoop.security.UserGroupInformation.doAs(UserGroupInformation.java:1878) [hadoop-common-3.3.4.jar:?]
	at org.apache.hadoop.ipc.Server$Handler.run(Server.java:2976) [hadoop-common-3.3.4.jar:?]
]]></system-out>
  </testcase>
  <testcase name="testGetTrashRoots" classname="TestOzoneFileSystem" time="0.028">
    <system-out><![CDATA[13:39:26.579 [IPC Server handler 8 on default port 40229] ERROR OMAudit - user=runner | ip=127.0.0.1 | op=GET_FILE_STATUS {volume=volume46490, bucket=bucket73093, key=.Trash/runner, dataSize=0, replicationConfig=null} | ret=FAILURE
org.apache.hadoop.ozone.om.exceptions.OMException: Unable to get file status: volume: volume46490 bucket: bucket73093 key: .Trash/runner
	at org.apache.hadoop.ozone.om.KeyManagerImpl.getOzoneFileStatus(KeyManagerImpl.java:1162) ~[ozone-manager-1.4.0-SNAPSHOT.jar:?]
	at org.apache.hadoop.ozone.om.KeyManagerImpl.getFileStatus(KeyManagerImpl.java:1080) ~[ozone-manager-1.4.0-SNAPSHOT.jar:?]
	at org.apache.hadoop.ozone.om.OmMetadataReader.getFileStatus(OmMetadataReader.java:288) ~[ozone-manager-1.4.0-SNAPSHOT.jar:?]
	at org.apache.hadoop.ozone.om.OzoneManager.getFileStatus(OzoneManager.java:3450) ~[ozone-manager-1.4.0-SNAPSHOT.jar:?]
	at org.apache.hadoop.ozone.protocolPB.OzoneManagerRequestHandler.getOzoneFileStatus(OzoneManagerRequestHandler.java:933) ~[ozone-manager-1.4.0-SNAPSHOT.jar:?]
	at org.apache.hadoop.ozone.protocolPB.OzoneManagerRequestHandler.handleReadRequest(OzoneManagerRequestHandler.java:238) ~[ozone-manager-1.4.0-SNAPSHOT.jar:?]
	at org.apache.hadoop.ozone.protocolPB.OzoneManagerProtocolServerSideTranslatorPB.submitRequestDirectlyToOM(OzoneManagerProtocolServerSideTranslatorPB.java:271) ~[ozone-manager-1.4.0-SNAPSHOT.jar:?]
	at org.apache.hadoop.ozone.protocolPB.OzoneManagerProtocolServerSideTranslatorPB.processRequest(OzoneManagerProtocolServerSideTranslatorPB.java:173) ~[ozone-manager-1.4.0-SNAPSHOT.jar:?]
	at org.apache.hadoop.hdds.server.OzoneProtocolMessageDispatcher.processRequest(OzoneProtocolMessageDispatcher.java:87) [hdds-server-framework-1.4.0-SNAPSHOT.jar:?]
	at org.apache.hadoop.ozone.protocolPB.OzoneManagerProtocolServerSideTranslatorPB.submitRequest(OzoneManagerProtocolServerSideTranslatorPB.java:147) [ozone-manager-1.4.0-SNAPSHOT.jar:?]
	at org.apache.hadoop.ozone.protocol.proto.OzoneManagerProtocolProtos$OzoneManagerService$2.callBlockingMethod(OzoneManagerProtocolProtos.java) [ozone-interface-client-1.4.0-SNAPSHOT.jar:?]
	at org.apache.hadoop.ipc.ProtobufRpcEngine$Server.processCall(ProtobufRpcEngine.java:465) [hadoop-common-3.3.4.jar:?]
	at org.apache.hadoop.ipc.ProtobufRpcEngine2$Server$ProtoBufRpcInvoker.call(ProtobufRpcEngine2.java:578) [hadoop-common-3.3.4.jar:?]
	at org.apache.hadoop.ipc.ProtobufRpcEngine2$Server$ProtoBufRpcInvoker.call(ProtobufRpcEngine2.java:556) [hadoop-common-3.3.4.jar:?]
	at org.apache.hadoop.ipc.RPC$Server.call(RPC.java:1093) [hadoop-common-3.3.4.jar:?]
	at org.apache.hadoop.ipc.Server$RpcCall.run(Server.java:1043) [hadoop-common-3.3.4.jar:?]
	at org.apache.hadoop.ipc.Server$RpcCall.run(Server.java:971) [hadoop-common-3.3.4.jar:?]
	at java.security.AccessController.doPrivileged(Native Method) ~[?:1.8.0_362]
	at javax.security.auth.Subject.doAs(Subject.java:422) [?:1.8.0_362]
	at org.apache.hadoop.security.UserGroupInformation.doAs(UserGroupInformation.java:1878) [hadoop-common-3.3.4.jar:?]
	at org.apache.hadoop.ipc.Server$Handler.run(Server.java:2976) [hadoop-common-3.3.4.jar:?]
]]></system-out>
  </testcase>
  <testcase name="testGetTrashRoots" classname="TestOzoneFileSystem" time="0.024">
    <system-out><![CDATA[13:40:25.164 [IPC Server handler 11 on default port 34503] ERROR OMAudit - user=runner | ip=127.0.0.1 | op=GET_FILE_STATUS {volume=volume47855, bucket=bucket64015, key=.Trash/runner, dataSize=0, replicationConfig=null} | ret=FAILURE
org.apache.hadoop.ozone.om.exceptions.OMException: Unable to get file status: volume: volume47855 bucket: bucket64015 key: .Trash/runner
	at org.apache.hadoop.ozone.om.KeyManagerImpl.getOzoneFileStatus(KeyManagerImpl.java:1162) ~[ozone-manager-1.4.0-SNAPSHOT.jar:?]
	at org.apache.hadoop.ozone.om.KeyManagerImpl.getFileStatus(KeyManagerImpl.java:1080) ~[ozone-manager-1.4.0-SNAPSHOT.jar:?]
	at org.apache.hadoop.ozone.om.OmMetadataReader.getFileStatus(OmMetadataReader.java:288) ~[ozone-manager-1.4.0-SNAPSHOT.jar:?]
	at org.apache.hadoop.ozone.om.OzoneManager.getFileStatus(OzoneManager.java:3450) ~[ozone-manager-1.4.0-SNAPSHOT.jar:?]
	at org.apache.hadoop.ozone.protocolPB.OzoneManagerRequestHandler.getOzoneFileStatus(OzoneManagerRequestHandler.java:933) ~[ozone-manager-1.4.0-SNAPSHOT.jar:?]
	at org.apache.hadoop.ozone.protocolPB.OzoneManagerRequestHandler.handleReadRequest(OzoneManagerRequestHandler.java:238) ~[ozone-manager-1.4.0-SNAPSHOT.jar:?]
	at org.apache.hadoop.ozone.protocolPB.OzoneManagerProtocolServerSideTranslatorPB.submitReadRequestToOM(OzoneManagerProtocolServerSideTranslatorPB.java:223) ~[ozone-manager-1.4.0-SNAPSHOT.jar:?]
	at org.apache.hadoop.ozone.protocolPB.OzoneManagerProtocolServerSideTranslatorPB.processRequest(OzoneManagerProtocolServerSideTranslatorPB.java:177) ~[ozone-manager-1.4.0-SNAPSHOT.jar:?]
	at org.apache.hadoop.hdds.server.OzoneProtocolMessageDispatcher.processRequest(OzoneProtocolMessageDispatcher.java:87) [hdds-server-framework-1.4.0-SNAPSHOT.jar:?]
	at org.apache.hadoop.ozone.protocolPB.OzoneManagerProtocolServerSideTranslatorPB.submitRequest(OzoneManagerProtocolServerSideTranslatorPB.java:147) [ozone-manager-1.4.0-SNAPSHOT.jar:?]
	at org.apache.hadoop.ozone.protocol.proto.OzoneManagerProtocolProtos$OzoneManagerService$2.callBlockingMethod(OzoneManagerProtocolProtos.java) [ozone-interface-client-1.4.0-SNAPSHOT.jar:?]
	at org.apache.hadoop.ipc.ProtobufRpcEngine$Server.processCall(ProtobufRpcEngine.java:465) [hadoop-common-3.3.4.jar:?]
	at org.apache.hadoop.ipc.ProtobufRpcEngine2$Server$ProtoBufRpcInvoker.call(ProtobufRpcEngine2.java:578) [hadoop-common-3.3.4.jar:?]
	at org.apache.hadoop.ipc.ProtobufRpcEngine2$Server$ProtoBufRpcInvoker.call(ProtobufRpcEngine2.java:556) [hadoop-common-3.3.4.jar:?]
	at org.apache.hadoop.ipc.RPC$Server.call(RPC.java:1093) [hadoop-common-3.3.4.jar:?]
	at org.apache.hadoop.ipc.Server$RpcCall.run(Server.java:1043) [hadoop-common-3.3.4.jar:?]
	at org.apache.hadoop.ipc.Server$RpcCall.run(Server.java:971) [hadoop-common-3.3.4.jar:?]
	at java.security.AccessController.doPrivileged(Native Method) ~[?:1.8.0_362]
	at javax.security.auth.Subject.doAs(Subject.java:422) [?:1.8.0_362]
	at org.apache.hadoop.security.UserGroupInformation.doAs(UserGroupInformation.java:1878) [hadoop-common-3.3.4.jar:?]
	at org.apache.hadoop.ipc.Server$Handler.run(Server.java:2976) [hadoop-common-3.3.4.jar:?]
]]></system-out>
  </testcase>
  <testcase name="testGetTrashRoots" classname="TestOzoneFileSystem" time="0.017">
    <system-out><![CDATA[13:41:34.143 [IPC Server handler 16 on default port 40765] ERROR OMAudit - user=runner | ip=127.0.0.1 | op=GET_FILE_STATUS {volume=volume82902, bucket=bucket15199, key=.Trash/runner, dataSize=0, replicationConfig=null} | ret=FAILURE
org.apache.hadoop.ozone.om.exceptions.OMException: Unable to get file status: volume: volume82902 bucket: bucket15199 key: .Trash/runner
	at org.apache.hadoop.ozone.om.KeyManagerImpl.getOzoneFileStatus(KeyManagerImpl.java:1162) ~[ozone-manager-1.4.0-SNAPSHOT.jar:?]
	at org.apache.hadoop.ozone.om.KeyManagerImpl.getFileStatus(KeyManagerImpl.java:1080) ~[ozone-manager-1.4.0-SNAPSHOT.jar:?]
	at org.apache.hadoop.ozone.om.OmMetadataReader.getFileStatus(OmMetadataReader.java:288) ~[ozone-manager-1.4.0-SNAPSHOT.jar:?]
	at org.apache.hadoop.ozone.om.OzoneManager.getFileStatus(OzoneManager.java:3450) ~[ozone-manager-1.4.0-SNAPSHOT.jar:?]
	at org.apache.hadoop.ozone.protocolPB.OzoneManagerRequestHandler.getOzoneFileStatus(OzoneManagerRequestHandler.java:933) ~[ozone-manager-1.4.0-SNAPSHOT.jar:?]
	at org.apache.hadoop.ozone.protocolPB.OzoneManagerRequestHandler.handleReadRequest(OzoneManagerRequestHandler.java:238) ~[ozone-manager-1.4.0-SNAPSHOT.jar:?]
	at org.apache.hadoop.ozone.protocolPB.OzoneManagerProtocolServerSideTranslatorPB.submitRequestDirectlyToOM(OzoneManagerProtocolServerSideTranslatorPB.java:271) ~[ozone-manager-1.4.0-SNAPSHOT.jar:?]
	at org.apache.hadoop.ozone.protocolPB.OzoneManagerProtocolServerSideTranslatorPB.processRequest(OzoneManagerProtocolServerSideTranslatorPB.java:173) ~[ozone-manager-1.4.0-SNAPSHOT.jar:?]
	at org.apache.hadoop.hdds.server.OzoneProtocolMessageDispatcher.processRequest(OzoneProtocolMessageDispatcher.java:87) [hdds-server-framework-1.4.0-SNAPSHOT.jar:?]
	at org.apache.hadoop.ozone.protocolPB.OzoneManagerProtocolServerSideTranslatorPB.submitRequest(OzoneManagerProtocolServerSideTranslatorPB.java:147) [ozone-manager-1.4.0-SNAPSHOT.jar:?]
	at org.apache.hadoop.ozone.protocol.proto.OzoneManagerProtocolProtos$OzoneManagerService$2.callBlockingMethod(OzoneManagerProtocolProtos.java) [ozone-interface-client-1.4.0-SNAPSHOT.jar:?]
	at org.apache.hadoop.ipc.ProtobufRpcEngine$Server.processCall(ProtobufRpcEngine.java:465) [hadoop-common-3.3.4.jar:?]
	at org.apache.hadoop.ipc.ProtobufRpcEngine2$Server$ProtoBufRpcInvoker.call(ProtobufRpcEngine2.java:578) [hadoop-common-3.3.4.jar:?]
	at org.apache.hadoop.ipc.ProtobufRpcEngine2$Server$ProtoBufRpcInvoker.call(ProtobufRpcEngine2.java:556) [hadoop-common-3.3.4.jar:?]
	at org.apache.hadoop.ipc.RPC$Server.call(RPC.java:1093) [hadoop-common-3.3.4.jar:?]
	at org.apache.hadoop.ipc.Server$RpcCall.run(Server.java:1043) [hadoop-common-3.3.4.jar:?]
	at org.apache.hadoop.ipc.Server$RpcCall.run(Server.java:971) [hadoop-common-3.3.4.jar:?]
	at java.security.AccessController.doPrivileged(Native Method) ~[?:1.8.0_362]
	at javax.security.auth.Subject.doAs(Subject.java:422) [?:1.8.0_362]
	at org.apache.hadoop.security.UserGroupInformation.doAs(UserGroupInformation.java:1878) [hadoop-common-3.3.4.jar:?]
	at org.apache.hadoop.ipc.Server$Handler.run(Server.java:2976) [hadoop-common-3.3.4.jar:?]
]]></system-out>
  </testcase>
  <testcase name="testCreateDoesNotAddParentDirKeys" classname="TestOzoneFileSystem" time="0.047">
    <system-out><![CDATA[2023-02-21 13:38:03,172 [OM StateMachine ApplyTransaction Thread - 0] INFO  key.OMKeyRequest (OMKeyRequest.java:wrapUncommittedBlocksAsPseudoKey(837)) - Detect allocated but uncommitted blocks [{blockID={containerID=4, localID=111677748019200031}, length=4194304, offset=0, token=null, pipeline=null, createVersion=0, partNumber=0}] in key testCreateDoesNotAddParentDirKeys/parent/child.
]]></system-out>
  </testcase>
  <testcase name="testCreateDoesNotAddParentDirKeys" classname="TestOzoneFileSystem" time="0.02">
    <system-out><![CDATA[2023-02-21 13:39:26,611 [IPC Server handler 12 on default port 40229] INFO  key.OMKeyRequest (OMKeyRequest.java:wrapUncommittedBlocksAsPseudoKey(837)) - Detect allocated but uncommitted blocks [{blockID={containerID=2, localID=111677748019200031}, length=4194304, offset=0, token=null, pipeline=null, createVersion=0, partNumber=0}] in key testCreateDoesNotAddParentDirKeys/parent/child.
]]></system-out>
  </testcase>
  <testcase name="testCreateDoesNotAddParentDirKeys" classname="TestOzoneFileSystem" time="0.018">
    <system-out><![CDATA[2023-02-21 13:40:25,194 [OM StateMachine ApplyTransaction Thread - 0] INFO  key.OMKeyRequest (OMKeyRequest.java:wrapUncommittedBlocksAsPseudoKey(837)) - Detect allocated but uncommitted blocks [{blockID={containerID=4, localID=111677748019200031}, length=4194304, offset=0, token=null, pipeline=null, createVersion=0, partNumber=0}] in key testCreateDoesNotAddParentDirKeys/parent/child.
]]></system-out>
  </testcase>
  <testcase name="testCreateDoesNotAddParentDirKeys" classname="TestOzoneFileSystem" time="0.016">
    <system-out><![CDATA[2023-02-21 13:41:34,164 [IPC Server handler 0 on default port 40765] INFO  key.OMKeyRequest (OMKeyRequest.java:wrapUncommittedBlocksAsPseudoKey(837)) - Detect allocated but uncommitted blocks [{blockID={containerID=3, localID=111677748019200031}, length=4194304, offset=0, token=null, pipeline=null, createVersion=0, partNumber=0}] in key testCreateDoesNotAddParentDirKeys/parent/child.
]]></system-out>
  </testcase>
  <testcase name="testDeleteCreatesFakeParentDir" classname="TestOzoneFileSystem" time="0.039">
    <system-out><![CDATA[2023-02-21 13:38:03,221 [OM StateMachine ApplyTransaction Thread - 0] INFO  key.OMKeyRequest (OMKeyRequest.java:wrapUncommittedBlocksAsPseudoKey(837)) - Detect allocated but uncommitted blocks [{blockID={containerID=3, localID=111677748019200032}, length=4194304, offset=0, token=null, pipeline=null, createVersion=0, partNumber=0}] in key testDeleteCreatesFakeParentDir/parent/child.
]]></system-out>
  </testcase>
  <testcase name="testDeleteCreatesFakeParentDir" classname="TestOzoneFileSystem" time="0.028">
    <system-out><![CDATA[2023-02-21 13:39:26,639 [IPC Server handler 10 on default port 40229] INFO  key.OMKeyRequest (OMKeyRequest.java:wrapUncommittedBlocksAsPseudoKey(837)) - Detect allocated but uncommitted blocks [{blockID={containerID=1, localID=111677748019200032}, length=4194304, offset=0, token=null, pipeline=null, createVersion=0, partNumber=0}] in key testDeleteCreatesFakeParentDir/parent/child.
]]></system-out>
  </testcase>
  <testcase name="testDeleteCreatesFakeParentDir" classname="TestOzoneFileSystem" time="0.018">
    <system-out><![CDATA[2023-02-21 13:40:25,215 [OM StateMachine ApplyTransaction Thread - 0] INFO  key.OMKeyRequest (OMKeyRequest.java:wrapUncommittedBlocksAsPseudoKey(837)) - Detect allocated but uncommitted blocks [{blockID={containerID=3, localID=111677748019200032}, length=4194304, offset=0, token=null, pipeline=null, createVersion=0, partNumber=0}] in key testDeleteCreatesFakeParentDir/parent/child.
]]></system-out>
  </testcase>
  <testcase name="testDeleteCreatesFakeParentDir" classname="TestOzoneFileSystem" time="0.01">
    <system-out><![CDATA[2023-02-21 13:41:34,177 [IPC Server handler 13 on default port 40765] INFO  key.OMKeyRequest (OMKeyRequest.java:wrapUncommittedBlocksAsPseudoKey(837)) - Detect allocated but uncommitted blocks [{blockID={containerID=4, localID=111677748019200032}, length=4194304, offset=0, token=null, pipeline=null, createVersion=0, partNumber=0}] in key testDeleteCreatesFakeParentDir/parent/child.
]]></system-out>
  </testcase>
  <testcase name="testListStatusOnKeyNameContainDelimiter" classname="TestOzoneFileSystem" time="0.042">
    <system-out><![CDATA[2023-02-21 13:38:03,269 [OM StateMachine ApplyTransaction Thread - 0] INFO  key.OMKeyRequest (OMKeyRequest.java:wrapUncommittedBlocksAsPseudoKey(837)) - Detect allocated but uncommitted blocks [{blockID={containerID=5, localID=111677748019200033}, length=4194304, offset=0, token=null, pipeline=null, createVersion=0, partNumber=0}] in key dir1/dir2/key1.
]]></system-out>
  </testcase>
  <testcase name="testListStatusOnKeyNameContainDelimiter" classname="TestOzoneFileSystem" time="0.028">
    <system-out><![CDATA[2023-02-21 13:39:26,671 [IPC Server handler 2 on default port 40229] INFO  key.OMKeyRequest (OMKeyRequest.java:wrapUncommittedBlocksAsPseudoKey(837)) - Detect allocated but uncommitted blocks [{blockID={containerID=5, localID=111677748019200033}, length=4194304, offset=0, token=null, pipeline=null, createVersion=0, partNumber=0}] in key dir1/dir2/key1.
]]></system-out>
  </testcase>
  <testcase name="testListStatusOnKeyNameContainDelimiter" classname="TestOzoneFileSystem" time="0.022">
    <system-out><![CDATA[2023-02-21 13:40:25,239 [OM StateMachine ApplyTransaction Thread - 0] INFO  key.OMKeyRequest (OMKeyRequest.java:wrapUncommittedBlocksAsPseudoKey(837)) - Detect allocated but uncommitted blocks [{blockID={containerID=5, localID=111677748019200033}, length=4194304, offset=0, token=null, pipeline=null, createVersion=0, partNumber=0}] in key dir1/dir2/key1.
]]></system-out>
  </testcase>
  <testcase name="testListStatusOnKeyNameContainDelimiter" classname="TestOzoneFileSystem" time="0.017">
    <system-out><![CDATA[2023-02-21 13:41:34,195 [IPC Server handler 19 on default port 40765] INFO  key.OMKeyRequest (OMKeyRequest.java:wrapUncommittedBlocksAsPseudoKey(837)) - Detect allocated but uncommitted blocks [{blockID={containerID=5, localID=111677748019200033}, length=4194304, offset=0, token=null, pipeline=null, createVersion=0, partNumber=0}] in key dir1/dir2/key1.
]]></system-out>
  </testcase>
  <testcase name="testNonExplicitlyCreatedPathExistsAfterItsLeafsWereRemoved" classname="TestOzoneFileSystem" time="0.052">
    <system-out><![CDATA[13:38:03.305 [IPC Server handler 10 on default port 35721] ERROR OMAudit - user=runner | ip=127.0.0.1 | op=GET_FILE_STATUS {volume=volume06454, bucket=bucket10538, key=target/leaf, dataSize=0, replicationConfig=null} | ret=FAILURE
org.apache.hadoop.ozone.om.exceptions.OMException: Unable to get file status: volume: volume06454 bucket: bucket10538 key: target/leaf
	at org.apache.hadoop.ozone.om.KeyManagerImpl.getOzoneFileStatus(KeyManagerImpl.java:1162) ~[ozone-manager-1.4.0-SNAPSHOT.jar:?]
	at org.apache.hadoop.ozone.om.KeyManagerImpl.getFileStatus(KeyManagerImpl.java:1080) ~[ozone-manager-1.4.0-SNAPSHOT.jar:?]
	at org.apache.hadoop.ozone.om.OmMetadataReader.getFileStatus(OmMetadataReader.java:288) ~[ozone-manager-1.4.0-SNAPSHOT.jar:?]
	at org.apache.hadoop.ozone.om.OzoneManager.getFileStatus(OzoneManager.java:3450) ~[ozone-manager-1.4.0-SNAPSHOT.jar:?]
	at org.apache.hadoop.ozone.protocolPB.OzoneManagerRequestHandler.getOzoneFileStatus(OzoneManagerRequestHandler.java:933) ~[ozone-manager-1.4.0-SNAPSHOT.jar:?]
	at org.apache.hadoop.ozone.protocolPB.OzoneManagerRequestHandler.handleReadRequest(OzoneManagerRequestHandler.java:238) ~[ozone-manager-1.4.0-SNAPSHOT.jar:?]
	at org.apache.hadoop.ozone.protocolPB.OzoneManagerProtocolServerSideTranslatorPB.submitReadRequestToOM(OzoneManagerProtocolServerSideTranslatorPB.java:223) ~[ozone-manager-1.4.0-SNAPSHOT.jar:?]
	at org.apache.hadoop.ozone.protocolPB.OzoneManagerProtocolServerSideTranslatorPB.processRequest(OzoneManagerProtocolServerSideTranslatorPB.java:177) ~[ozone-manager-1.4.0-SNAPSHOT.jar:?]
	at org.apache.hadoop.hdds.server.OzoneProtocolMessageDispatcher.processRequest(OzoneProtocolMessageDispatcher.java:87) [hdds-server-framework-1.4.0-SNAPSHOT.jar:?]
	at org.apache.hadoop.ozone.protocolPB.OzoneManagerProtocolServerSideTranslatorPB.submitRequest(OzoneManagerProtocolServerSideTranslatorPB.java:147) [ozone-manager-1.4.0-SNAPSHOT.jar:?]
	at org.apache.hadoop.ozone.protocol.proto.OzoneManagerProtocolProtos$OzoneManagerService$2.callBlockingMethod(OzoneManagerProtocolProtos.java) [ozone-interface-client-1.4.0-SNAPSHOT.jar:?]
	at org.apache.hadoop.ipc.ProtobufRpcEngine$Server.processCall(ProtobufRpcEngine.java:465) [hadoop-common-3.3.4.jar:?]
	at org.apache.hadoop.ipc.ProtobufRpcEngine2$Server$ProtoBufRpcInvoker.call(ProtobufRpcEngine2.java:578) [hadoop-common-3.3.4.jar:?]
	at org.apache.hadoop.ipc.ProtobufRpcEngine2$Server$ProtoBufRpcInvoker.call(ProtobufRpcEngine2.java:556) [hadoop-common-3.3.4.jar:?]
	at org.apache.hadoop.ipc.RPC$Server.call(RPC.java:1093) [hadoop-common-3.3.4.jar:?]
	at org.apache.hadoop.ipc.Server$RpcCall.run(Server.java:1043) [hadoop-common-3.3.4.jar:?]
	at org.apache.hadoop.ipc.Server$RpcCall.run(Server.java:971) [hadoop-common-3.3.4.jar:?]
	at java.security.AccessController.doPrivileged(Native Method) ~[?:1.8.0_362]
	at javax.security.auth.Subject.doAs(Subject.java:422) [?:1.8.0_362]
	at org.apache.hadoop.security.UserGroupInformation.doAs(UserGroupInformation.java:1878) [hadoop-common-3.3.4.jar:?]
	at org.apache.hadoop.ipc.Server$Handler.run(Server.java:2976) [hadoop-common-3.3.4.jar:?]
]]></system-out>
  </testcase>
  <testcase name="testNonExplicitlyCreatedPathExistsAfterItsLeafsWereRemoved" classname="TestOzoneFileSystem" time="0.024">
    <system-out><![CDATA[13:39:26.691 [IPC Server handler 19 on default port 40229] ERROR OMAudit - user=runner | ip=127.0.0.1 | op=GET_FILE_STATUS {volume=volume46490, bucket=bucket73093, key=target/leaf, dataSize=0, replicationConfig=null} | ret=FAILURE
org.apache.hadoop.ozone.om.exceptions.OMException: Unable to get file status: volume: volume46490 bucket: bucket73093 key: target/leaf
	at org.apache.hadoop.ozone.om.KeyManagerImpl.getOzoneFileStatus(KeyManagerImpl.java:1162) ~[ozone-manager-1.4.0-SNAPSHOT.jar:?]
	at org.apache.hadoop.ozone.om.KeyManagerImpl.getFileStatus(KeyManagerImpl.java:1080) ~[ozone-manager-1.4.0-SNAPSHOT.jar:?]
	at org.apache.hadoop.ozone.om.OmMetadataReader.getFileStatus(OmMetadataReader.java:288) ~[ozone-manager-1.4.0-SNAPSHOT.jar:?]
	at org.apache.hadoop.ozone.om.OzoneManager.getFileStatus(OzoneManager.java:3450) ~[ozone-manager-1.4.0-SNAPSHOT.jar:?]
	at org.apache.hadoop.ozone.protocolPB.OzoneManagerRequestHandler.getOzoneFileStatus(OzoneManagerRequestHandler.java:933) ~[ozone-manager-1.4.0-SNAPSHOT.jar:?]
	at org.apache.hadoop.ozone.protocolPB.OzoneManagerRequestHandler.handleReadRequest(OzoneManagerRequestHandler.java:238) ~[ozone-manager-1.4.0-SNAPSHOT.jar:?]
	at org.apache.hadoop.ozone.protocolPB.OzoneManagerProtocolServerSideTranslatorPB.submitRequestDirectlyToOM(OzoneManagerProtocolServerSideTranslatorPB.java:271) ~[ozone-manager-1.4.0-SNAPSHOT.jar:?]
	at org.apache.hadoop.ozone.protocolPB.OzoneManagerProtocolServerSideTranslatorPB.processRequest(OzoneManagerProtocolServerSideTranslatorPB.java:173) ~[ozone-manager-1.4.0-SNAPSHOT.jar:?]
	at org.apache.hadoop.hdds.server.OzoneProtocolMessageDispatcher.processRequest(OzoneProtocolMessageDispatcher.java:87) [hdds-server-framework-1.4.0-SNAPSHOT.jar:?]
	at org.apache.hadoop.ozone.protocolPB.OzoneManagerProtocolServerSideTranslatorPB.submitRequest(OzoneManagerProtocolServerSideTranslatorPB.java:147) [ozone-manager-1.4.0-SNAPSHOT.jar:?]
	at org.apache.hadoop.ozone.protocol.proto.OzoneManagerProtocolProtos$OzoneManagerService$2.callBlockingMethod(OzoneManagerProtocolProtos.java) [ozone-interface-client-1.4.0-SNAPSHOT.jar:?]
	at org.apache.hadoop.ipc.ProtobufRpcEngine$Server.processCall(ProtobufRpcEngine.java:465) [hadoop-common-3.3.4.jar:?]
	at org.apache.hadoop.ipc.ProtobufRpcEngine2$Server$ProtoBufRpcInvoker.call(ProtobufRpcEngine2.java:578) [hadoop-common-3.3.4.jar:?]
	at org.apache.hadoop.ipc.ProtobufRpcEngine2$Server$ProtoBufRpcInvoker.call(ProtobufRpcEngine2.java:556) [hadoop-common-3.3.4.jar:?]
	at org.apache.hadoop.ipc.RPC$Server.call(RPC.java:1093) [hadoop-common-3.3.4.jar:?]
	at org.apache.hadoop.ipc.Server$RpcCall.run(Server.java:1043) [hadoop-common-3.3.4.jar:?]
	at org.apache.hadoop.ipc.Server$RpcCall.run(Server.java:971) [hadoop-common-3.3.4.jar:?]
	at java.security.AccessController.doPrivileged(Native Method) ~[?:1.8.0_362]
	at javax.security.auth.Subject.doAs(Subject.java:422) [?:1.8.0_362]
	at org.apache.hadoop.security.UserGroupInformation.doAs(UserGroupInformation.java:1878) [hadoop-common-3.3.4.jar:?]
	at org.apache.hadoop.ipc.Server$Handler.run(Server.java:2976) [hadoop-common-3.3.4.jar:?]
]]></system-out>
  </testcase>
  <testcase name="testNonExplicitlyCreatedPathExistsAfterItsLeafsWereRemoved" classname="TestOzoneFileSystem" time="0.023">
    <system-out><![CDATA[13:40:25.257 [IPC Server handler 6 on default port 34503] ERROR OMAudit - user=runner | ip=127.0.0.1 | op=GET_FILE_STATUS {volume=volume47855, bucket=bucket64015, key=target/leaf, dataSize=0, replicationConfig=null} | ret=FAILURE
org.apache.hadoop.ozone.om.exceptions.OMException: Unable to get file status: volume: volume47855 bucket: bucket64015 key: target/leaf
	at org.apache.hadoop.ozone.om.KeyManagerImpl.getOzoneFileStatus(KeyManagerImpl.java:1162) ~[ozone-manager-1.4.0-SNAPSHOT.jar:?]
	at org.apache.hadoop.ozone.om.KeyManagerImpl.getFileStatus(KeyManagerImpl.java:1080) ~[ozone-manager-1.4.0-SNAPSHOT.jar:?]
	at org.apache.hadoop.ozone.om.OmMetadataReader.getFileStatus(OmMetadataReader.java:288) ~[ozone-manager-1.4.0-SNAPSHOT.jar:?]
	at org.apache.hadoop.ozone.om.OzoneManager.getFileStatus(OzoneManager.java:3450) ~[ozone-manager-1.4.0-SNAPSHOT.jar:?]
	at org.apache.hadoop.ozone.protocolPB.OzoneManagerRequestHandler.getOzoneFileStatus(OzoneManagerRequestHandler.java:933) ~[ozone-manager-1.4.0-SNAPSHOT.jar:?]
	at org.apache.hadoop.ozone.protocolPB.OzoneManagerRequestHandler.handleReadRequest(OzoneManagerRequestHandler.java:238) ~[ozone-manager-1.4.0-SNAPSHOT.jar:?]
	at org.apache.hadoop.ozone.protocolPB.OzoneManagerProtocolServerSideTranslatorPB.submitReadRequestToOM(OzoneManagerProtocolServerSideTranslatorPB.java:223) ~[ozone-manager-1.4.0-SNAPSHOT.jar:?]
	at org.apache.hadoop.ozone.protocolPB.OzoneManagerProtocolServerSideTranslatorPB.processRequest(OzoneManagerProtocolServerSideTranslatorPB.java:177) ~[ozone-manager-1.4.0-SNAPSHOT.jar:?]
	at org.apache.hadoop.hdds.server.OzoneProtocolMessageDispatcher.processRequest(OzoneProtocolMessageDispatcher.java:87) [hdds-server-framework-1.4.0-SNAPSHOT.jar:?]
	at org.apache.hadoop.ozone.protocolPB.OzoneManagerProtocolServerSideTranslatorPB.submitRequest(OzoneManagerProtocolServerSideTranslatorPB.java:147) [ozone-manager-1.4.0-SNAPSHOT.jar:?]
	at org.apache.hadoop.ozone.protocol.proto.OzoneManagerProtocolProtos$OzoneManagerService$2.callBlockingMethod(OzoneManagerProtocolProtos.java) [ozone-interface-client-1.4.0-SNAPSHOT.jar:?]
	at org.apache.hadoop.ipc.ProtobufRpcEngine$Server.processCall(ProtobufRpcEngine.java:465) [hadoop-common-3.3.4.jar:?]
	at org.apache.hadoop.ipc.ProtobufRpcEngine2$Server$ProtoBufRpcInvoker.call(ProtobufRpcEngine2.java:578) [hadoop-common-3.3.4.jar:?]
	at org.apache.hadoop.ipc.ProtobufRpcEngine2$Server$ProtoBufRpcInvoker.call(ProtobufRpcEngine2.java:556) [hadoop-common-3.3.4.jar:?]
	at org.apache.hadoop.ipc.RPC$Server.call(RPC.java:1093) [hadoop-common-3.3.4.jar:?]
	at org.apache.hadoop.ipc.Server$RpcCall.run(Server.java:1043) [hadoop-common-3.3.4.jar:?]
	at org.apache.hadoop.ipc.Server$RpcCall.run(Server.java:971) [hadoop-common-3.3.4.jar:?]
	at java.security.AccessController.doPrivileged(Native Method) ~[?:1.8.0_362]
	at javax.security.auth.Subject.doAs(Subject.java:422) [?:1.8.0_362]
	at org.apache.hadoop.security.UserGroupInformation.doAs(UserGroupInformation.java:1878) [hadoop-common-3.3.4.jar:?]
	at org.apache.hadoop.ipc.Server$Handler.run(Server.java:2976) [hadoop-common-3.3.4.jar:?]
]]></system-out>
  </testcase>
  <testcase name="testNonExplicitlyCreatedPathExistsAfterItsLeafsWereRemoved" classname="TestOzoneFileSystem" time="0.012">
    <system-out><![CDATA[13:41:34.204 [IPC Server handler 7 on default port 40765] ERROR OMAudit - user=runner | ip=127.0.0.1 | op=GET_FILE_STATUS {volume=volume82902, bucket=bucket15199, key=target/leaf, dataSize=0, replicationConfig=null} | ret=FAILURE
org.apache.hadoop.ozone.om.exceptions.OMException: Unable to get file status: volume: volume82902 bucket: bucket15199 key: target/leaf
	at org.apache.hadoop.ozone.om.KeyManagerImpl.getOzoneFileStatus(KeyManagerImpl.java:1162) ~[ozone-manager-1.4.0-SNAPSHOT.jar:?]
	at org.apache.hadoop.ozone.om.KeyManagerImpl.getFileStatus(KeyManagerImpl.java:1080) ~[ozone-manager-1.4.0-SNAPSHOT.jar:?]
	at org.apache.hadoop.ozone.om.OmMetadataReader.getFileStatus(OmMetadataReader.java:288) ~[ozone-manager-1.4.0-SNAPSHOT.jar:?]
	at org.apache.hadoop.ozone.om.OzoneManager.getFileStatus(OzoneManager.java:3450) ~[ozone-manager-1.4.0-SNAPSHOT.jar:?]
	at org.apache.hadoop.ozone.protocolPB.OzoneManagerRequestHandler.getOzoneFileStatus(OzoneManagerRequestHandler.java:933) ~[ozone-manager-1.4.0-SNAPSHOT.jar:?]
	at org.apache.hadoop.ozone.protocolPB.OzoneManagerRequestHandler.handleReadRequest(OzoneManagerRequestHandler.java:238) ~[ozone-manager-1.4.0-SNAPSHOT.jar:?]
	at org.apache.hadoop.ozone.protocolPB.OzoneManagerProtocolServerSideTranslatorPB.submitRequestDirectlyToOM(OzoneManagerProtocolServerSideTranslatorPB.java:271) ~[ozone-manager-1.4.0-SNAPSHOT.jar:?]
	at org.apache.hadoop.ozone.protocolPB.OzoneManagerProtocolServerSideTranslatorPB.processRequest(OzoneManagerProtocolServerSideTranslatorPB.java:173) ~[ozone-manager-1.4.0-SNAPSHOT.jar:?]
	at org.apache.hadoop.hdds.server.OzoneProtocolMessageDispatcher.processRequest(OzoneProtocolMessageDispatcher.java:87) [hdds-server-framework-1.4.0-SNAPSHOT.jar:?]
	at org.apache.hadoop.ozone.protocolPB.OzoneManagerProtocolServerSideTranslatorPB.submitRequest(OzoneManagerProtocolServerSideTranslatorPB.java:147) [ozone-manager-1.4.0-SNAPSHOT.jar:?]
	at org.apache.hadoop.ozone.protocol.proto.OzoneManagerProtocolProtos$OzoneManagerService$2.callBlockingMethod(OzoneManagerProtocolProtos.java) [ozone-interface-client-1.4.0-SNAPSHOT.jar:?]
	at org.apache.hadoop.ipc.ProtobufRpcEngine$Server.processCall(ProtobufRpcEngine.java:465) [hadoop-common-3.3.4.jar:?]
	at org.apache.hadoop.ipc.ProtobufRpcEngine2$Server$ProtoBufRpcInvoker.call(ProtobufRpcEngine2.java:578) [hadoop-common-3.3.4.jar:?]
	at org.apache.hadoop.ipc.ProtobufRpcEngine2$Server$ProtoBufRpcInvoker.call(ProtobufRpcEngine2.java:556) [hadoop-common-3.3.4.jar:?]
	at org.apache.hadoop.ipc.RPC$Server.call(RPC.java:1093) [hadoop-common-3.3.4.jar:?]
	at org.apache.hadoop.ipc.Server$RpcCall.run(Server.java:1043) [hadoop-common-3.3.4.jar:?]
	at org.apache.hadoop.ipc.Server$RpcCall.run(Server.java:971) [hadoop-common-3.3.4.jar:?]
	at java.security.AccessController.doPrivileged(Native Method) ~[?:1.8.0_362]
	at javax.security.auth.Subject.doAs(Subject.java:422) [?:1.8.0_362]
	at org.apache.hadoop.security.UserGroupInformation.doAs(UserGroupInformation.java:1878) [hadoop-common-3.3.4.jar:?]
	at org.apache.hadoop.ipc.Server$Handler.run(Server.java:2976) [hadoop-common-3.3.4.jar:?]
]]></system-out>
  </testcase>
  <testcase name="testCreateFileShouldCheckExistenceOfDirWithSameName" classname="TestOzoneFileSystem" time="0.063">
    <system-out><![CDATA[2023-02-21 13:38:03,353 [OM StateMachine ApplyTransaction Thread - 0] INFO  key.OMKeyRequest (OMKeyRequest.java:wrapUncommittedBlocksAsPseudoKey(837)) - Detect allocated but uncommitted blocks [{blockID={containerID=2, localID=111677748019200034}, length=4194304, offset=0, token=null, pipeline=null, createVersion=0, partNumber=0}] in key d1/d2/d3/d4/key1.
13:38:03.362 [OM StateMachine ApplyTransaction Thread - 0] ERROR OMAudit - user=runner | ip=127.0.0.1 | op=CREATE_FILE {volume=volume06454, bucket=bucket10538, key=d1/d2/d3/d4/key2, dataSize=4194304, replicationType=RATIS, replicationFactor=THREE} | ret=FAILURE
org.apache.hadoop.ozone.om.exceptions.OMException: Can not write to directory: d1/d2/d3/d4/key2
	at org.apache.hadoop.ozone.om.request.file.OMFileCreateRequest.checkDirectoryResult(OMFileCreateRequest.java:363) ~[ozone-manager-1.4.0-SNAPSHOT.jar:?]
	at org.apache.hadoop.ozone.om.request.file.OMFileCreateRequest.validateAndUpdateCache(OMFileCreateRequest.java:238) ~[ozone-manager-1.4.0-SNAPSHOT.jar:?]
	at org.apache.hadoop.ozone.protocolPB.OzoneManagerRequestHandler.handleWriteRequest(OzoneManagerRequestHandler.java:337) ~[ozone-manager-1.4.0-SNAPSHOT.jar:?]
	at org.apache.hadoop.ozone.om.ratis.OzoneManagerStateMachine.runCommand(OzoneManagerStateMachine.java:533) ~[ozone-manager-1.4.0-SNAPSHOT.jar:?]
	at org.apache.hadoop.ozone.om.ratis.OzoneManagerStateMachine.lambda$1(OzoneManagerStateMachine.java:324) ~[ozone-manager-1.4.0-SNAPSHOT.jar:?]
	at java.util.concurrent.CompletableFuture$AsyncSupply.run(CompletableFuture.java:1604) [?:1.8.0_362]
	at java.util.concurrent.ThreadPoolExecutor.runWorker(ThreadPoolExecutor.java:1149) [?:1.8.0_362]
	at java.util.concurrent.ThreadPoolExecutor$Worker.run(ThreadPoolExecutor.java:624) [?:1.8.0_362]
	at java.lang.Thread.run(Thread.java:750) [?:1.8.0_362]
2023-02-21 13:38:03,363 [OM StateMachine ApplyTransaction Thread - 0] ERROR file.OMFileCreateRequest (OMFileCreateRequest.java:validateAndUpdateCache(336)) - File create failed. Volume:volume06454, Bucket:bucket10538, Keyd1/d2/d3/d4/key2.
NOT_A_FILE org.apache.hadoop.ozone.om.exceptions.OMException: Can not write to directory: d1/d2/d3/d4/key2
	at org.apache.hadoop.ozone.om.request.file.OMFileCreateRequest.checkDirectoryResult(OMFileCreateRequest.java:363)
	at org.apache.hadoop.ozone.om.request.file.OMFileCreateRequest.validateAndUpdateCache(OMFileCreateRequest.java:238)
	at org.apache.hadoop.ozone.protocolPB.OzoneManagerRequestHandler.handleWriteRequest(OzoneManagerRequestHandler.java:337)
	at org.apache.hadoop.ozone.om.ratis.OzoneManagerStateMachine.runCommand(OzoneManagerStateMachine.java:533)
	at org.apache.hadoop.ozone.om.ratis.OzoneManagerStateMachine.lambda$1(OzoneManagerStateMachine.java:324)
	at java.util.concurrent.CompletableFuture$AsyncSupply.run(CompletableFuture.java:1604)
	at java.util.concurrent.ThreadPoolExecutor.runWorker(ThreadPoolExecutor.java:1149)
	at java.util.concurrent.ThreadPoolExecutor$Worker.run(ThreadPoolExecutor.java:624)
	at java.lang.Thread.run(Thread.java:750)
2023-02-21 13:38:03,374 [OM StateMachine ApplyTransaction Thread - 0] INFO  key.OMKeyRequest (OMKeyRequest.java:wrapUncommittedBlocksAsPseudoKey(837)) - Detect allocated but uncommitted blocks [{blockID={containerID=2, localID=111677748019200036}, length=4194304, offset=0, token=null, pipeline=null, createVersion=0, partNumber=0}] in key d1/d2/d3/d4/key3.
13:38:03.377 [OM StateMachine ApplyTransaction Thread - 0] ERROR OMAudit - user=runner | ip=127.0.0.1 | op=CREATE_DIRECTORY {volume=volume06454, bucket=bucket10538, key=d1/d2/d3/d4/key3, dataSize=0, replicationType=NONE, replicationFactor=ZERO} | ret=FAILURE
org.apache.hadoop.ozone.om.exceptions.OMException: Unable to create directory: d1/d2/d3/d4/key3 in volume/bucket: volume06454/bucket10538
	at org.apache.hadoop.ozone.om.request.file.OMDirectoryCreateRequest.validateAndUpdateCache(OMDirectoryCreateRequest.java:196) ~[ozone-manager-1.4.0-SNAPSHOT.jar:?]
	at org.apache.hadoop.ozone.protocolPB.OzoneManagerRequestHandler.handleWriteRequest(OzoneManagerRequestHandler.java:337) ~[ozone-manager-1.4.0-SNAPSHOT.jar:?]
	at org.apache.hadoop.ozone.om.ratis.OzoneManagerStateMachine.runCommand(OzoneManagerStateMachine.java:533) ~[ozone-manager-1.4.0-SNAPSHOT.jar:?]
	at org.apache.hadoop.ozone.om.ratis.OzoneManagerStateMachine.lambda$1(OzoneManagerStateMachine.java:324) ~[ozone-manager-1.4.0-SNAPSHOT.jar:?]
	at java.util.concurrent.CompletableFuture$AsyncSupply.run(CompletableFuture.java:1604) [?:1.8.0_362]
	at java.util.concurrent.ThreadPoolExecutor.runWorker(ThreadPoolExecutor.java:1149) [?:1.8.0_362]
	at java.util.concurrent.ThreadPoolExecutor$Worker.run(ThreadPoolExecutor.java:624) [?:1.8.0_362]
	at java.lang.Thread.run(Thread.java:750) [?:1.8.0_362]
2023-02-21 13:38:03,377 [OM StateMachine ApplyTransaction Thread - 0] ERROR file.OMDirectoryCreateRequest (OMDirectoryCreateRequest.java:logResult(335)) - Directory creation failed. Volume:volume06454, Bucket:bucket10538, Keyd1/d2/d3/d4/key3. Exception:{}
FILE_ALREADY_EXISTS org.apache.hadoop.ozone.om.exceptions.OMException: Unable to create directory: d1/d2/d3/d4/key3 in volume/bucket: volume06454/bucket10538
	at org.apache.hadoop.ozone.om.request.file.OMDirectoryCreateRequest.validateAndUpdateCache(OMDirectoryCreateRequest.java:196)
	at org.apache.hadoop.ozone.protocolPB.OzoneManagerRequestHandler.handleWriteRequest(OzoneManagerRequestHandler.java:337)
	at org.apache.hadoop.ozone.om.ratis.OzoneManagerStateMachine.runCommand(OzoneManagerStateMachine.java:533)
	at org.apache.hadoop.ozone.om.ratis.OzoneManagerStateMachine.lambda$1(OzoneManagerStateMachine.java:324)
	at java.util.concurrent.CompletableFuture$AsyncSupply.run(CompletableFuture.java:1604)
	at java.util.concurrent.ThreadPoolExecutor.runWorker(ThreadPoolExecutor.java:1149)
	at java.util.concurrent.ThreadPoolExecutor$Worker.run(ThreadPoolExecutor.java:624)
	at java.lang.Thread.run(Thread.java:750)
13:38:03.382 [OM StateMachine ApplyTransaction Thread - 0] ERROR OMAudit - user=runner | ip=127.0.0.1 | op=CREATE_FILE {volume=volume06454, bucket=bucket10538, key=d1/d2/d3, dataSize=4194304, replicationType=RATIS, replicationFactor=THREE} | ret=FAILURE
org.apache.hadoop.ozone.om.exceptions.OMException: Can not write to directory: d1/d2/d3
	at org.apache.hadoop.ozone.om.request.file.OMFileCreateRequest.checkDirectoryResult(OMFileCreateRequest.java:363) ~[ozone-manager-1.4.0-SNAPSHOT.jar:?]
	at org.apache.hadoop.ozone.om.request.file.OMFileCreateRequest.validateAndUpdateCache(OMFileCreateRequest.java:238) ~[ozone-manager-1.4.0-SNAPSHOT.jar:?]
	at org.apache.hadoop.ozone.protocolPB.OzoneManagerRequestHandler.handleWriteRequest(OzoneManagerRequestHandler.java:337) ~[ozone-manager-1.4.0-SNAPSHOT.jar:?]
	at org.apache.hadoop.ozone.om.ratis.OzoneManagerStateMachine.runCommand(OzoneManagerStateMachine.java:533) ~[ozone-manager-1.4.0-SNAPSHOT.jar:?]
	at org.apache.hadoop.ozone.om.ratis.OzoneManagerStateMachine.lambda$1(OzoneManagerStateMachine.java:324) ~[ozone-manager-1.4.0-SNAPSHOT.jar:?]
	at java.util.concurrent.CompletableFuture$AsyncSupply.run(CompletableFuture.java:1604) [?:1.8.0_362]
	at java.util.concurrent.ThreadPoolExecutor.runWorker(ThreadPoolExecutor.java:1149) [?:1.8.0_362]
	at java.util.concurrent.ThreadPoolExecutor$Worker.run(ThreadPoolExecutor.java:624) [?:1.8.0_362]
	at java.lang.Thread.run(Thread.java:750) [?:1.8.0_362]
2023-02-21 13:38:03,383 [OM StateMachine ApplyTransaction Thread - 0] ERROR file.OMFileCreateRequest (OMFileCreateRequest.java:validateAndUpdateCache(336)) - File create failed. Volume:volume06454, Bucket:bucket10538, Keyd1/d2/d3.
NOT_A_FILE org.apache.hadoop.ozone.om.exceptions.OMException: Can not write to directory: d1/d2/d3
	at org.apache.hadoop.ozone.om.request.file.OMFileCreateRequest.checkDirectoryResult(OMFileCreateRequest.java:363)
	at org.apache.hadoop.ozone.om.request.file.OMFileCreateRequest.validateAndUpdateCache(OMFileCreateRequest.java:238)
	at org.apache.hadoop.ozone.protocolPB.OzoneManagerRequestHandler.handleWriteRequest(OzoneManagerRequestHandler.java:337)
	at org.apache.hadoop.ozone.om.ratis.OzoneManagerStateMachine.runCommand(OzoneManagerStateMachine.java:533)
	at org.apache.hadoop.ozone.om.ratis.OzoneManagerStateMachine.lambda$1(OzoneManagerStateMachine.java:324)
	at java.util.concurrent.CompletableFuture$AsyncSupply.run(CompletableFuture.java:1604)
	at java.util.concurrent.ThreadPoolExecutor.runWorker(ThreadPoolExecutor.java:1149)
	at java.util.concurrent.ThreadPoolExecutor$Worker.run(ThreadPoolExecutor.java:624)
	at java.lang.Thread.run(Thread.java:750)
13:38:03.386 [IPC Server handler 3 on default port 35721] ERROR OMAudit - user=runner | ip=127.0.0.1 | op=GET_FILE_STATUS {volume=volume06454, bucket=bucket10538, key=d1/d2/d3/d4/key3/invalid, dataSize=0, replicationConfig=null} | ret=FAILURE
org.apache.hadoop.ozone.om.exceptions.OMException: Unable to get file status: volume: volume06454 bucket: bucket10538 key: d1/d2/d3/d4/key3/invalid
	at org.apache.hadoop.ozone.om.KeyManagerImpl.getOzoneFileStatus(KeyManagerImpl.java:1162) ~[ozone-manager-1.4.0-SNAPSHOT.jar:?]
	at org.apache.hadoop.ozone.om.KeyManagerImpl.getFileStatus(KeyManagerImpl.java:1080) ~[ozone-manager-1.4.0-SNAPSHOT.jar:?]
	at org.apache.hadoop.ozone.om.OmMetadataReader.getFileStatus(OmMetadataReader.java:288) ~[ozone-manager-1.4.0-SNAPSHOT.jar:?]
	at org.apache.hadoop.ozone.om.OzoneManager.getFileStatus(OzoneManager.java:3450) ~[ozone-manager-1.4.0-SNAPSHOT.jar:?]
	at org.apache.hadoop.ozone.protocolPB.OzoneManagerRequestHandler.getOzoneFileStatus(OzoneManagerRequestHandler.java:933) ~[ozone-manager-1.4.0-SNAPSHOT.jar:?]
	at org.apache.hadoop.ozone.protocolPB.OzoneManagerRequestHandler.handleReadRequest(OzoneManagerRequestHandler.java:238) ~[ozone-manager-1.4.0-SNAPSHOT.jar:?]
	at org.apache.hadoop.ozone.protocolPB.OzoneManagerProtocolServerSideTranslatorPB.submitReadRequestToOM(OzoneManagerProtocolServerSideTranslatorPB.java:223) ~[ozone-manager-1.4.0-SNAPSHOT.jar:?]
	at org.apache.hadoop.ozone.protocolPB.OzoneManagerProtocolServerSideTranslatorPB.processRequest(OzoneManagerProtocolServerSideTranslatorPB.java:177) ~[ozone-manager-1.4.0-SNAPSHOT.jar:?]
	at org.apache.hadoop.hdds.server.OzoneProtocolMessageDispatcher.processRequest(OzoneProtocolMessageDispatcher.java:87) [hdds-server-framework-1.4.0-SNAPSHOT.jar:?]
	at org.apache.hadoop.ozone.protocolPB.OzoneManagerProtocolServerSideTranslatorPB.submitRequest(OzoneManagerProtocolServerSideTranslatorPB.java:147) [ozone-manager-1.4.0-SNAPSHOT.jar:?]
	at org.apache.hadoop.ozone.protocol.proto.OzoneManagerProtocolProtos$OzoneManagerService$2.callBlockingMethod(OzoneManagerProtocolProtos.java) [ozone-interface-client-1.4.0-SNAPSHOT.jar:?]
	at org.apache.hadoop.ipc.ProtobufRpcEngine$Server.processCall(ProtobufRpcEngine.java:465) [hadoop-common-3.3.4.jar:?]
	at org.apache.hadoop.ipc.ProtobufRpcEngine2$Server$ProtoBufRpcInvoker.call(ProtobufRpcEngine2.java:578) [hadoop-common-3.3.4.jar:?]
	at org.apache.hadoop.ipc.ProtobufRpcEngine2$Server$ProtoBufRpcInvoker.call(ProtobufRpcEngine2.java:556) [hadoop-common-3.3.4.jar:?]
	at org.apache.hadoop.ipc.RPC$Server.call(RPC.java:1093) [hadoop-common-3.3.4.jar:?]
	at org.apache.hadoop.ipc.Server$RpcCall.run(Server.java:1043) [hadoop-common-3.3.4.jar:?]
	at org.apache.hadoop.ipc.Server$RpcCall.run(Server.java:971) [hadoop-common-3.3.4.jar:?]
	at java.security.AccessController.doPrivileged(Native Method) ~[?:1.8.0_362]
	at javax.security.auth.Subject.doAs(Subject.java:422) [?:1.8.0_362]
	at org.apache.hadoop.security.UserGroupInformation.doAs(UserGroupInformation.java:1878) [hadoop-common-3.3.4.jar:?]
	at org.apache.hadoop.ipc.Server$Handler.run(Server.java:2976) [hadoop-common-3.3.4.jar:?]
13:38:03.388 [IPC Server handler 11 on default port 35721] ERROR OMAudit - user=runner | ip=127.0.0.1 | op=GET_FILE_STATUS {volume=volume06454, bucket=bucket10538, key=d1/d2/d3/d4/invalidkey, dataSize=0, replicationConfig=null} | ret=FAILURE
org.apache.hadoop.ozone.om.exceptions.OMException: Unable to get file status: volume: volume06454 bucket: bucket10538 key: d1/d2/d3/d4/invalidkey
	at org.apache.hadoop.ozone.om.KeyManagerImpl.getOzoneFileStatus(KeyManagerImpl.java:1162) ~[ozone-manager-1.4.0-SNAPSHOT.jar:?]
	at org.apache.hadoop.ozone.om.KeyManagerImpl.getFileStatus(KeyManagerImpl.java:1080) ~[ozone-manager-1.4.0-SNAPSHOT.jar:?]
	at org.apache.hadoop.ozone.om.OmMetadataReader.getFileStatus(OmMetadataReader.java:288) ~[ozone-manager-1.4.0-SNAPSHOT.jar:?]
	at org.apache.hadoop.ozone.om.OzoneManager.getFileStatus(OzoneManager.java:3450) ~[ozone-manager-1.4.0-SNAPSHOT.jar:?]
	at org.apache.hadoop.ozone.protocolPB.OzoneManagerRequestHandler.getOzoneFileStatus(OzoneManagerRequestHandler.java:933) ~[ozone-manager-1.4.0-SNAPSHOT.jar:?]
	at org.apache.hadoop.ozone.protocolPB.OzoneManagerRequestHandler.handleReadRequest(OzoneManagerRequestHandler.java:238) ~[ozone-manager-1.4.0-SNAPSHOT.jar:?]
	at org.apache.hadoop.ozone.protocolPB.OzoneManagerProtocolServerSideTranslatorPB.submitReadRequestToOM(OzoneManagerProtocolServerSideTranslatorPB.java:223) ~[ozone-manager-1.4.0-SNAPSHOT.jar:?]
	at org.apache.hadoop.ozone.protocolPB.OzoneManagerProtocolServerSideTranslatorPB.processRequest(OzoneManagerProtocolServerSideTranslatorPB.java:177) ~[ozone-manager-1.4.0-SNAPSHOT.jar:?]
	at org.apache.hadoop.hdds.server.OzoneProtocolMessageDispatcher.processRequest(OzoneProtocolMessageDispatcher.java:87) [hdds-server-framework-1.4.0-SNAPSHOT.jar:?]
	at org.apache.hadoop.ozone.protocolPB.OzoneManagerProtocolServerSideTranslatorPB.submitRequest(OzoneManagerProtocolServerSideTranslatorPB.java:147) [ozone-manager-1.4.0-SNAPSHOT.jar:?]
	at org.apache.hadoop.ozone.protocol.proto.OzoneManagerProtocolProtos$OzoneManagerService$2.callBlockingMethod(OzoneManagerProtocolProtos.java) [ozone-interface-client-1.4.0-SNAPSHOT.jar:?]
	at org.apache.hadoop.ipc.ProtobufRpcEngine$Server.processCall(ProtobufRpcEngine.java:465) [hadoop-common-3.3.4.jar:?]
	at org.apache.hadoop.ipc.ProtobufRpcEngine2$Server$ProtoBufRpcInvoker.call(ProtobufRpcEngine2.java:578) [hadoop-common-3.3.4.jar:?]
	at org.apache.hadoop.ipc.ProtobufRpcEngine2$Server$ProtoBufRpcInvoker.call(ProtobufRpcEngine2.java:556) [hadoop-common-3.3.4.jar:?]
	at org.apache.hadoop.ipc.RPC$Server.call(RPC.java:1093) [hadoop-common-3.3.4.jar:?]
	at org.apache.hadoop.ipc.Server$RpcCall.run(Server.java:1043) [hadoop-common-3.3.4.jar:?]
	at org.apache.hadoop.ipc.Server$RpcCall.run(Server.java:971) [hadoop-common-3.3.4.jar:?]
	at java.security.AccessController.doPrivileged(Native Method) ~[?:1.8.0_362]
	at javax.security.auth.Subject.doAs(Subject.java:422) [?:1.8.0_362]
	at org.apache.hadoop.security.UserGroupInformation.doAs(UserGroupInformation.java:1878) [hadoop-common-3.3.4.jar:?]
	at org.apache.hadoop.ipc.Server$Handler.run(Server.java:2976) [hadoop-common-3.3.4.jar:?]
]]></system-out>
  </testcase>
  <testcase name="testCreateFileShouldCheckExistenceOfDirWithSameName" classname="TestOzoneFileSystem" time="0.04">
    <system-out><![CDATA[2023-02-21 13:39:26,714 [IPC Server handler 16 on default port 40229] INFO  key.OMKeyRequest (OMKeyRequest.java:wrapUncommittedBlocksAsPseudoKey(837)) - Detect allocated but uncommitted blocks [{blockID={containerID=4, localID=111677748019200034}, length=4194304, offset=0, token=null, pipeline=null, createVersion=0, partNumber=0}] in key d1/d2/d3/d4/key1.
13:39:26.717 [IPC Server handler 17 on default port 40229] ERROR OMAudit - user=runner | ip=127.0.0.1 | op=CREATE_FILE {volume=volume46490, bucket=bucket73093, key=d1/d2/d3/d4/key2, dataSize=4194304, replicationType=RATIS, replicationFactor=THREE} | ret=FAILURE
org.apache.hadoop.ozone.om.exceptions.OMException: Can not write to directory: d1/d2/d3/d4/key2
	at org.apache.hadoop.ozone.om.request.file.OMFileCreateRequest.checkDirectoryResult(OMFileCreateRequest.java:363) ~[ozone-manager-1.4.0-SNAPSHOT.jar:?]
	at org.apache.hadoop.ozone.om.request.file.OMFileCreateRequest.validateAndUpdateCache(OMFileCreateRequest.java:238) ~[ozone-manager-1.4.0-SNAPSHOT.jar:?]
	at org.apache.hadoop.ozone.protocolPB.OzoneManagerRequestHandler.handleWriteRequest(OzoneManagerRequestHandler.java:337) ~[ozone-manager-1.4.0-SNAPSHOT.jar:?]
	at org.apache.hadoop.ozone.protocolPB.OzoneManagerProtocolServerSideTranslatorPB.submitRequestDirectlyToOM(OzoneManagerProtocolServerSideTranslatorPB.java:277) ~[ozone-manager-1.4.0-SNAPSHOT.jar:?]
	at org.apache.hadoop.ozone.protocolPB.OzoneManagerProtocolServerSideTranslatorPB.processRequest(OzoneManagerProtocolServerSideTranslatorPB.java:173) ~[ozone-manager-1.4.0-SNAPSHOT.jar:?]
	at org.apache.hadoop.hdds.server.OzoneProtocolMessageDispatcher.processRequest(OzoneProtocolMessageDispatcher.java:87) [hdds-server-framework-1.4.0-SNAPSHOT.jar:?]
	at org.apache.hadoop.ozone.protocolPB.OzoneManagerProtocolServerSideTranslatorPB.submitRequest(OzoneManagerProtocolServerSideTranslatorPB.java:147) [ozone-manager-1.4.0-SNAPSHOT.jar:?]
	at org.apache.hadoop.ozone.protocol.proto.OzoneManagerProtocolProtos$OzoneManagerService$2.callBlockingMethod(OzoneManagerProtocolProtos.java) [ozone-interface-client-1.4.0-SNAPSHOT.jar:?]
	at org.apache.hadoop.ipc.ProtobufRpcEngine$Server.processCall(ProtobufRpcEngine.java:465) [hadoop-common-3.3.4.jar:?]
	at org.apache.hadoop.ipc.ProtobufRpcEngine2$Server$ProtoBufRpcInvoker.call(ProtobufRpcEngine2.java:578) [hadoop-common-3.3.4.jar:?]
	at org.apache.hadoop.ipc.ProtobufRpcEngine2$Server$ProtoBufRpcInvoker.call(ProtobufRpcEngine2.java:556) [hadoop-common-3.3.4.jar:?]
	at org.apache.hadoop.ipc.RPC$Server.call(RPC.java:1093) [hadoop-common-3.3.4.jar:?]
	at org.apache.hadoop.ipc.Server$RpcCall.run(Server.java:1043) [hadoop-common-3.3.4.jar:?]
	at org.apache.hadoop.ipc.Server$RpcCall.run(Server.java:971) [hadoop-common-3.3.4.jar:?]
	at java.security.AccessController.doPrivileged(Native Method) ~[?:1.8.0_362]
	at javax.security.auth.Subject.doAs(Subject.java:422) [?:1.8.0_362]
	at org.apache.hadoop.security.UserGroupInformation.doAs(UserGroupInformation.java:1878) [hadoop-common-3.3.4.jar:?]
	at org.apache.hadoop.ipc.Server$Handler.run(Server.java:2976) [hadoop-common-3.3.4.jar:?]
2023-02-21 13:39:26,719 [IPC Server handler 17 on default port 40229] ERROR file.OMFileCreateRequest (OMFileCreateRequest.java:validateAndUpdateCache(336)) - File create failed. Volume:volume46490, Bucket:bucket73093, Keyd1/d2/d3/d4/key2.
NOT_A_FILE org.apache.hadoop.ozone.om.exceptions.OMException: Can not write to directory: d1/d2/d3/d4/key2
	at org.apache.hadoop.ozone.om.request.file.OMFileCreateRequest.checkDirectoryResult(OMFileCreateRequest.java:363)
	at org.apache.hadoop.ozone.om.request.file.OMFileCreateRequest.validateAndUpdateCache(OMFileCreateRequest.java:238)
	at org.apache.hadoop.ozone.protocolPB.OzoneManagerRequestHandler.handleWriteRequest(OzoneManagerRequestHandler.java:337)
	at org.apache.hadoop.ozone.protocolPB.OzoneManagerProtocolServerSideTranslatorPB.submitRequestDirectlyToOM(OzoneManagerProtocolServerSideTranslatorPB.java:277)
	at org.apache.hadoop.ozone.protocolPB.OzoneManagerProtocolServerSideTranslatorPB.processRequest(OzoneManagerProtocolServerSideTranslatorPB.java:173)
	at org.apache.hadoop.hdds.server.OzoneProtocolMessageDispatcher.processRequest(OzoneProtocolMessageDispatcher.java:87)
	at org.apache.hadoop.ozone.protocolPB.OzoneManagerProtocolServerSideTranslatorPB.submitRequest(OzoneManagerProtocolServerSideTranslatorPB.java:147)
	at org.apache.hadoop.ozone.protocol.proto.OzoneManagerProtocolProtos$OzoneManagerService$2.callBlockingMethod(OzoneManagerProtocolProtos.java)
	at org.apache.hadoop.ipc.ProtobufRpcEngine$Server.processCall(ProtobufRpcEngine.java:465)
	at org.apache.hadoop.ipc.ProtobufRpcEngine2$Server$ProtoBufRpcInvoker.call(ProtobufRpcEngine2.java:578)
	at org.apache.hadoop.ipc.ProtobufRpcEngine2$Server$ProtoBufRpcInvoker.call(ProtobufRpcEngine2.java:556)
	at org.apache.hadoop.ipc.RPC$Server.call(RPC.java:1093)
	at org.apache.hadoop.ipc.Server$RpcCall.run(Server.java:1043)
	at org.apache.hadoop.ipc.Server$RpcCall.run(Server.java:971)
	at java.security.AccessController.doPrivileged(Native Method)
	at javax.security.auth.Subject.doAs(Subject.java:422)
	at org.apache.hadoop.security.UserGroupInformation.doAs(UserGroupInformation.java:1878)
	at org.apache.hadoop.ipc.Server$Handler.run(Server.java:2976)
2023-02-21 13:39:26,723 [IPC Server handler 1 on default port 40229] INFO  key.OMKeyRequest (OMKeyRequest.java:wrapUncommittedBlocksAsPseudoKey(837)) - Detect allocated but uncommitted blocks [{blockID={containerID=3, localID=111677748019200036}, length=4194304, offset=0, token=null, pipeline=null, createVersion=0, partNumber=0}] in key d1/d2/d3/d4/key3.
13:39:26.724 [IPC Server handler 2 on default port 40229] ERROR OMAudit - user=runner | ip=127.0.0.1 | op=CREATE_DIRECTORY {volume=volume46490, bucket=bucket73093, key=d1/d2/d3/d4/key3, dataSize=0, replicationType=NONE, replicationFactor=ZERO} | ret=FAILURE
org.apache.hadoop.ozone.om.exceptions.OMException: Unable to create directory: d1/d2/d3/d4/key3 in volume/bucket: volume46490/bucket73093
	at org.apache.hadoop.ozone.om.request.file.OMDirectoryCreateRequest.validateAndUpdateCache(OMDirectoryCreateRequest.java:196) ~[ozone-manager-1.4.0-SNAPSHOT.jar:?]
	at org.apache.hadoop.ozone.protocolPB.OzoneManagerRequestHandler.handleWriteRequest(OzoneManagerRequestHandler.java:337) ~[ozone-manager-1.4.0-SNAPSHOT.jar:?]
	at org.apache.hadoop.ozone.protocolPB.OzoneManagerProtocolServerSideTranslatorPB.submitRequestDirectlyToOM(OzoneManagerProtocolServerSideTranslatorPB.java:277) ~[ozone-manager-1.4.0-SNAPSHOT.jar:?]
	at org.apache.hadoop.ozone.protocolPB.OzoneManagerProtocolServerSideTranslatorPB.processRequest(OzoneManagerProtocolServerSideTranslatorPB.java:173) ~[ozone-manager-1.4.0-SNAPSHOT.jar:?]
	at org.apache.hadoop.hdds.server.OzoneProtocolMessageDispatcher.processRequest(OzoneProtocolMessageDispatcher.java:87) [hdds-server-framework-1.4.0-SNAPSHOT.jar:?]
	at org.apache.hadoop.ozone.protocolPB.OzoneManagerProtocolServerSideTranslatorPB.submitRequest(OzoneManagerProtocolServerSideTranslatorPB.java:147) [ozone-manager-1.4.0-SNAPSHOT.jar:?]
	at org.apache.hadoop.ozone.protocol.proto.OzoneManagerProtocolProtos$OzoneManagerService$2.callBlockingMethod(OzoneManagerProtocolProtos.java) [ozone-interface-client-1.4.0-SNAPSHOT.jar:?]
	at org.apache.hadoop.ipc.ProtobufRpcEngine$Server.processCall(ProtobufRpcEngine.java:465) [hadoop-common-3.3.4.jar:?]
	at org.apache.hadoop.ipc.ProtobufRpcEngine2$Server$ProtoBufRpcInvoker.call(ProtobufRpcEngine2.java:578) [hadoop-common-3.3.4.jar:?]
	at org.apache.hadoop.ipc.ProtobufRpcEngine2$Server$ProtoBufRpcInvoker.call(ProtobufRpcEngine2.java:556) [hadoop-common-3.3.4.jar:?]
	at org.apache.hadoop.ipc.RPC$Server.call(RPC.java:1093) [hadoop-common-3.3.4.jar:?]
	at org.apache.hadoop.ipc.Server$RpcCall.run(Server.java:1043) [hadoop-common-3.3.4.jar:?]
	at org.apache.hadoop.ipc.Server$RpcCall.run(Server.java:971) [hadoop-common-3.3.4.jar:?]
	at java.security.AccessController.doPrivileged(Native Method) ~[?:1.8.0_362]
	at javax.security.auth.Subject.doAs(Subject.java:422) [?:1.8.0_362]
	at org.apache.hadoop.security.UserGroupInformation.doAs(UserGroupInformation.java:1878) [hadoop-common-3.3.4.jar:?]
	at org.apache.hadoop.ipc.Server$Handler.run(Server.java:2976) [hadoop-common-3.3.4.jar:?]
2023-02-21 13:39:26,724 [IPC Server handler 2 on default port 40229] ERROR file.OMDirectoryCreateRequest (OMDirectoryCreateRequest.java:logResult(335)) - Directory creation failed. Volume:volume46490, Bucket:bucket73093, Keyd1/d2/d3/d4/key3. Exception:{}
FILE_ALREADY_EXISTS org.apache.hadoop.ozone.om.exceptions.OMException: Unable to create directory: d1/d2/d3/d4/key3 in volume/bucket: volume46490/bucket73093
	at org.apache.hadoop.ozone.om.request.file.OMDirectoryCreateRequest.validateAndUpdateCache(OMDirectoryCreateRequest.java:196)
	at org.apache.hadoop.ozone.protocolPB.OzoneManagerRequestHandler.handleWriteRequest(OzoneManagerRequestHandler.java:337)
	at org.apache.hadoop.ozone.protocolPB.OzoneManagerProtocolServerSideTranslatorPB.submitRequestDirectlyToOM(OzoneManagerProtocolServerSideTranslatorPB.java:277)
	at org.apache.hadoop.ozone.protocolPB.OzoneManagerProtocolServerSideTranslatorPB.processRequest(OzoneManagerProtocolServerSideTranslatorPB.java:173)
	at org.apache.hadoop.hdds.server.OzoneProtocolMessageDispatcher.processRequest(OzoneProtocolMessageDispatcher.java:87)
	at org.apache.hadoop.ozone.protocolPB.OzoneManagerProtocolServerSideTranslatorPB.submitRequest(OzoneManagerProtocolServerSideTranslatorPB.java:147)
	at org.apache.hadoop.ozone.protocol.proto.OzoneManagerProtocolProtos$OzoneManagerService$2.callBlockingMethod(OzoneManagerProtocolProtos.java)
	at org.apache.hadoop.ipc.ProtobufRpcEngine$Server.processCall(ProtobufRpcEngine.java:465)
	at org.apache.hadoop.ipc.ProtobufRpcEngine2$Server$ProtoBufRpcInvoker.call(ProtobufRpcEngine2.java:578)
	at org.apache.hadoop.ipc.ProtobufRpcEngine2$Server$ProtoBufRpcInvoker.call(ProtobufRpcEngine2.java:556)
	at org.apache.hadoop.ipc.RPC$Server.call(RPC.java:1093)
	at org.apache.hadoop.ipc.Server$RpcCall.run(Server.java:1043)
	at org.apache.hadoop.ipc.Server$RpcCall.run(Server.java:971)
	at java.security.AccessController.doPrivileged(Native Method)
	at javax.security.auth.Subject.doAs(Subject.java:422)
	at org.apache.hadoop.security.UserGroupInformation.doAs(UserGroupInformation.java:1878)
	at org.apache.hadoop.ipc.Server$Handler.run(Server.java:2976)
13:39:26.727 [IPC Server handler 9 on default port 40229] ERROR OMAudit - user=runner | ip=127.0.0.1 | op=CREATE_FILE {volume=volume46490, bucket=bucket73093, key=d1/d2/d3, dataSize=4194304, replicationType=RATIS, replicationFactor=THREE} | ret=FAILURE
org.apache.hadoop.ozone.om.exceptions.OMException: Can not write to directory: d1/d2/d3
	at org.apache.hadoop.ozone.om.request.file.OMFileCreateRequest.checkDirectoryResult(OMFileCreateRequest.java:363) ~[ozone-manager-1.4.0-SNAPSHOT.jar:?]
	at org.apache.hadoop.ozone.om.request.file.OMFileCreateRequest.validateAndUpdateCache(OMFileCreateRequest.java:238) ~[ozone-manager-1.4.0-SNAPSHOT.jar:?]
	at org.apache.hadoop.ozone.protocolPB.OzoneManagerRequestHandler.handleWriteRequest(OzoneManagerRequestHandler.java:337) ~[ozone-manager-1.4.0-SNAPSHOT.jar:?]
	at org.apache.hadoop.ozone.protocolPB.OzoneManagerProtocolServerSideTranslatorPB.submitRequestDirectlyToOM(OzoneManagerProtocolServerSideTranslatorPB.java:277) ~[ozone-manager-1.4.0-SNAPSHOT.jar:?]
	at org.apache.hadoop.ozone.protocolPB.OzoneManagerProtocolServerSideTranslatorPB.processRequest(OzoneManagerProtocolServerSideTranslatorPB.java:173) ~[ozone-manager-1.4.0-SNAPSHOT.jar:?]
	at org.apache.hadoop.hdds.server.OzoneProtocolMessageDispatcher.processRequest(OzoneProtocolMessageDispatcher.java:87) [hdds-server-framework-1.4.0-SNAPSHOT.jar:?]
	at org.apache.hadoop.ozone.protocolPB.OzoneManagerProtocolServerSideTranslatorPB.submitRequest(OzoneManagerProtocolServerSideTranslatorPB.java:147) [ozone-manager-1.4.0-SNAPSHOT.jar:?]
	at org.apache.hadoop.ozone.protocol.proto.OzoneManagerProtocolProtos$OzoneManagerService$2.callBlockingMethod(OzoneManagerProtocolProtos.java) [ozone-interface-client-1.4.0-SNAPSHOT.jar:?]
	at org.apache.hadoop.ipc.ProtobufRpcEngine$Server.processCall(ProtobufRpcEngine.java:465) [hadoop-common-3.3.4.jar:?]
	at org.apache.hadoop.ipc.ProtobufRpcEngine2$Server$ProtoBufRpcInvoker.call(ProtobufRpcEngine2.java:578) [hadoop-common-3.3.4.jar:?]
	at org.apache.hadoop.ipc.ProtobufRpcEngine2$Server$ProtoBufRpcInvoker.call(ProtobufRpcEngine2.java:556) [hadoop-common-3.3.4.jar:?]
	at org.apache.hadoop.ipc.RPC$Server.call(RPC.java:1093) [hadoop-common-3.3.4.jar:?]
	at org.apache.hadoop.ipc.Server$RpcCall.run(Server.java:1043) [hadoop-common-3.3.4.jar:?]
	at org.apache.hadoop.ipc.Server$RpcCall.run(Server.java:971) [hadoop-common-3.3.4.jar:?]
	at java.security.AccessController.doPrivileged(Native Method) ~[?:1.8.0_362]
	at javax.security.auth.Subject.doAs(Subject.java:422) [?:1.8.0_362]
	at org.apache.hadoop.security.UserGroupInformation.doAs(UserGroupInformation.java:1878) [hadoop-common-3.3.4.jar:?]
	at org.apache.hadoop.ipc.Server$Handler.run(Server.java:2976) [hadoop-common-3.3.4.jar:?]
2023-02-21 13:39:26,727 [IPC Server handler 9 on default port 40229] ERROR file.OMFileCreateRequest (OMFileCreateRequest.java:validateAndUpdateCache(336)) - File create failed. Volume:volume46490, Bucket:bucket73093, Keyd1/d2/d3.
NOT_A_FILE org.apache.hadoop.ozone.om.exceptions.OMException: Can not write to directory: d1/d2/d3
	at org.apache.hadoop.ozone.om.request.file.OMFileCreateRequest.checkDirectoryResult(OMFileCreateRequest.java:363)
	at org.apache.hadoop.ozone.om.request.file.OMFileCreateRequest.validateAndUpdateCache(OMFileCreateRequest.java:238)
	at org.apache.hadoop.ozone.protocolPB.OzoneManagerRequestHandler.handleWriteRequest(OzoneManagerRequestHandler.java:337)
	at org.apache.hadoop.ozone.protocolPB.OzoneManagerProtocolServerSideTranslatorPB.submitRequestDirectlyToOM(OzoneManagerProtocolServerSideTranslatorPB.java:277)
	at org.apache.hadoop.ozone.protocolPB.OzoneManagerProtocolServerSideTranslatorPB.processRequest(OzoneManagerProtocolServerSideTranslatorPB.java:173)
	at org.apache.hadoop.hdds.server.OzoneProtocolMessageDispatcher.processRequest(OzoneProtocolMessageDispatcher.java:87)
	at org.apache.hadoop.ozone.protocolPB.OzoneManagerProtocolServerSideTranslatorPB.submitRequest(OzoneManagerProtocolServerSideTranslatorPB.java:147)
	at org.apache.hadoop.ozone.protocol.proto.OzoneManagerProtocolProtos$OzoneManagerService$2.callBlockingMethod(OzoneManagerProtocolProtos.java)
	at org.apache.hadoop.ipc.ProtobufRpcEngine$Server.processCall(ProtobufRpcEngine.java:465)
	at org.apache.hadoop.ipc.ProtobufRpcEngine2$Server$ProtoBufRpcInvoker.call(ProtobufRpcEngine2.java:578)
	at org.apache.hadoop.ipc.ProtobufRpcEngine2$Server$ProtoBufRpcInvoker.call(ProtobufRpcEngine2.java:556)
	at org.apache.hadoop.ipc.RPC$Server.call(RPC.java:1093)
	at org.apache.hadoop.ipc.Server$RpcCall.run(Server.java:1043)
	at org.apache.hadoop.ipc.Server$RpcCall.run(Server.java:971)
	at java.security.AccessController.doPrivileged(Native Method)
	at javax.security.auth.Subject.doAs(Subject.java:422)
	at org.apache.hadoop.security.UserGroupInformation.doAs(UserGroupInformation.java:1878)
	at org.apache.hadoop.ipc.Server$Handler.run(Server.java:2976)
13:39:26.739 [IPC Server handler 8 on default port 40229] ERROR OMAudit - user=runner | ip=127.0.0.1 | op=GET_FILE_STATUS {volume=volume46490, bucket=bucket73093, key=d1/d2/d3/d4/key3/invalid, dataSize=0, replicationConfig=null} | ret=FAILURE
org.apache.hadoop.ozone.om.exceptions.OMException: Unable to get file status: volume: volume46490 bucket: bucket73093 key: d1/d2/d3/d4/key3/invalid
	at org.apache.hadoop.ozone.om.KeyManagerImpl.getOzoneFileStatus(KeyManagerImpl.java:1162) ~[ozone-manager-1.4.0-SNAPSHOT.jar:?]
	at org.apache.hadoop.ozone.om.KeyManagerImpl.getFileStatus(KeyManagerImpl.java:1080) ~[ozone-manager-1.4.0-SNAPSHOT.jar:?]
	at org.apache.hadoop.ozone.om.OmMetadataReader.getFileStatus(OmMetadataReader.java:288) ~[ozone-manager-1.4.0-SNAPSHOT.jar:?]
	at org.apache.hadoop.ozone.om.OzoneManager.getFileStatus(OzoneManager.java:3450) ~[ozone-manager-1.4.0-SNAPSHOT.jar:?]
	at org.apache.hadoop.ozone.protocolPB.OzoneManagerRequestHandler.getOzoneFileStatus(OzoneManagerRequestHandler.java:933) ~[ozone-manager-1.4.0-SNAPSHOT.jar:?]
	at org.apache.hadoop.ozone.protocolPB.OzoneManagerRequestHandler.handleReadRequest(OzoneManagerRequestHandler.java:238) ~[ozone-manager-1.4.0-SNAPSHOT.jar:?]
	at org.apache.hadoop.ozone.protocolPB.OzoneManagerProtocolServerSideTranslatorPB.submitRequestDirectlyToOM(OzoneManagerProtocolServerSideTranslatorPB.java:271) ~[ozone-manager-1.4.0-SNAPSHOT.jar:?]
	at org.apache.hadoop.ozone.protocolPB.OzoneManagerProtocolServerSideTranslatorPB.processRequest(OzoneManagerProtocolServerSideTranslatorPB.java:173) ~[ozone-manager-1.4.0-SNAPSHOT.jar:?]
	at org.apache.hadoop.hdds.server.OzoneProtocolMessageDispatcher.processRequest(OzoneProtocolMessageDispatcher.java:87) [hdds-server-framework-1.4.0-SNAPSHOT.jar:?]
	at org.apache.hadoop.ozone.protocolPB.OzoneManagerProtocolServerSideTranslatorPB.submitRequest(OzoneManagerProtocolServerSideTranslatorPB.java:147) [ozone-manager-1.4.0-SNAPSHOT.jar:?]
	at org.apache.hadoop.ozone.protocol.proto.OzoneManagerProtocolProtos$OzoneManagerService$2.callBlockingMethod(OzoneManagerProtocolProtos.java) [ozone-interface-client-1.4.0-SNAPSHOT.jar:?]
	at org.apache.hadoop.ipc.ProtobufRpcEngine$Server.processCall(ProtobufRpcEngine.java:465) [hadoop-common-3.3.4.jar:?]
	at org.apache.hadoop.ipc.ProtobufRpcEngine2$Server$ProtoBufRpcInvoker.call(ProtobufRpcEngine2.java:578) [hadoop-common-3.3.4.jar:?]
	at org.apache.hadoop.ipc.ProtobufRpcEngine2$Server$ProtoBufRpcInvoker.call(ProtobufRpcEngine2.java:556) [hadoop-common-3.3.4.jar:?]
	at org.apache.hadoop.ipc.RPC$Server.call(RPC.java:1093) [hadoop-common-3.3.4.jar:?]
	at org.apache.hadoop.ipc.Server$RpcCall.run(Server.java:1043) [hadoop-common-3.3.4.jar:?]
	at org.apache.hadoop.ipc.Server$RpcCall.run(Server.java:971) [hadoop-common-3.3.4.jar:?]
	at java.security.AccessController.doPrivileged(Native Method) ~[?:1.8.0_362]
	at javax.security.auth.Subject.doAs(Subject.java:422) [?:1.8.0_362]
	at org.apache.hadoop.security.UserGroupInformation.doAs(UserGroupInformation.java:1878) [hadoop-common-3.3.4.jar:?]
	at org.apache.hadoop.ipc.Server$Handler.run(Server.java:2976) [hadoop-common-3.3.4.jar:?]
13:39:26.740 [IPC Server handler 7 on default port 40229] ERROR OMAudit - user=runner | ip=127.0.0.1 | op=GET_FILE_STATUS {volume=volume46490, bucket=bucket73093, key=d1/d2/d3/d4/invalidkey, dataSize=0, replicationConfig=null} | ret=FAILURE
org.apache.hadoop.ozone.om.exceptions.OMException: Unable to get file status: volume: volume46490 bucket: bucket73093 key: d1/d2/d3/d4/invalidkey
	at org.apache.hadoop.ozone.om.KeyManagerImpl.getOzoneFileStatus(KeyManagerImpl.java:1162) ~[ozone-manager-1.4.0-SNAPSHOT.jar:?]
	at org.apache.hadoop.ozone.om.KeyManagerImpl.getFileStatus(KeyManagerImpl.java:1080) ~[ozone-manager-1.4.0-SNAPSHOT.jar:?]
	at org.apache.hadoop.ozone.om.OmMetadataReader.getFileStatus(OmMetadataReader.java:288) ~[ozone-manager-1.4.0-SNAPSHOT.jar:?]
	at org.apache.hadoop.ozone.om.OzoneManager.getFileStatus(OzoneManager.java:3450) ~[ozone-manager-1.4.0-SNAPSHOT.jar:?]
	at org.apache.hadoop.ozone.protocolPB.OzoneManagerRequestHandler.getOzoneFileStatus(OzoneManagerRequestHandler.java:933) ~[ozone-manager-1.4.0-SNAPSHOT.jar:?]
	at org.apache.hadoop.ozone.protocolPB.OzoneManagerRequestHandler.handleReadRequest(OzoneManagerRequestHandler.java:238) ~[ozone-manager-1.4.0-SNAPSHOT.jar:?]
	at org.apache.hadoop.ozone.protocolPB.OzoneManagerProtocolServerSideTranslatorPB.submitRequestDirectlyToOM(OzoneManagerProtocolServerSideTranslatorPB.java:271) ~[ozone-manager-1.4.0-SNAPSHOT.jar:?]
	at org.apache.hadoop.ozone.protocolPB.OzoneManagerProtocolServerSideTranslatorPB.processRequest(OzoneManagerProtocolServerSideTranslatorPB.java:173) ~[ozone-manager-1.4.0-SNAPSHOT.jar:?]
	at org.apache.hadoop.hdds.server.OzoneProtocolMessageDispatcher.processRequest(OzoneProtocolMessageDispatcher.java:87) [hdds-server-framework-1.4.0-SNAPSHOT.jar:?]
	at org.apache.hadoop.ozone.protocolPB.OzoneManagerProtocolServerSideTranslatorPB.submitRequest(OzoneManagerProtocolServerSideTranslatorPB.java:147) [ozone-manager-1.4.0-SNAPSHOT.jar:?]
	at org.apache.hadoop.ozone.protocol.proto.OzoneManagerProtocolProtos$OzoneManagerService$2.callBlockingMethod(OzoneManagerProtocolProtos.java) [ozone-interface-client-1.4.0-SNAPSHOT.jar:?]
	at org.apache.hadoop.ipc.ProtobufRpcEngine$Server.processCall(ProtobufRpcEngine.java:465) [hadoop-common-3.3.4.jar:?]
	at org.apache.hadoop.ipc.ProtobufRpcEngine2$Server$ProtoBufRpcInvoker.call(ProtobufRpcEngine2.java:578) [hadoop-common-3.3.4.jar:?]
	at org.apache.hadoop.ipc.ProtobufRpcEngine2$Server$ProtoBufRpcInvoker.call(ProtobufRpcEngine2.java:556) [hadoop-common-3.3.4.jar:?]
	at org.apache.hadoop.ipc.RPC$Server.call(RPC.java:1093) [hadoop-common-3.3.4.jar:?]
	at org.apache.hadoop.ipc.Server$RpcCall.run(Server.java:1043) [hadoop-common-3.3.4.jar:?]
	at org.apache.hadoop.ipc.Server$RpcCall.run(Server.java:971) [hadoop-common-3.3.4.jar:?]
	at java.security.AccessController.doPrivileged(Native Method) ~[?:1.8.0_362]
	at javax.security.auth.Subject.doAs(Subject.java:422) [?:1.8.0_362]
	at org.apache.hadoop.security.UserGroupInformation.doAs(UserGroupInformation.java:1878) [hadoop-common-3.3.4.jar:?]
	at org.apache.hadoop.ipc.Server$Handler.run(Server.java:2976) [hadoop-common-3.3.4.jar:?]
]]></system-out>
  </testcase>
  <testcase name="testCreateFileShouldCheckExistenceOfDirWithSameName" classname="TestOzoneFileSystem" time="0.039">
    <system-out><![CDATA[2023-02-21 13:40:25,280 [OM StateMachine ApplyTransaction Thread - 0] INFO  key.OMKeyRequest (OMKeyRequest.java:wrapUncommittedBlocksAsPseudoKey(837)) - Detect allocated but uncommitted blocks [{blockID={containerID=2, localID=111677748019200034}, length=4194304, offset=0, token=null, pipeline=null, createVersion=0, partNumber=0}] in key d1/d2/d3/d4/key1.
13:40:25.285 [OM StateMachine ApplyTransaction Thread - 0] ERROR OMAudit - user=runner | ip=127.0.0.1 | op=CREATE_FILE {volume=volume47855, bucket=bucket64015, key=d1/d2/d3/d4/key2, dataSize=4194304, replicationType=RATIS, replicationFactor=THREE} | ret=FAILURE
org.apache.hadoop.ozone.om.exceptions.OMException: Can not write to directory: d1/d2/d3/d4/key2
	at org.apache.hadoop.ozone.om.request.file.OMFileCreateRequest.checkDirectoryResult(OMFileCreateRequest.java:363) ~[ozone-manager-1.4.0-SNAPSHOT.jar:?]
	at org.apache.hadoop.ozone.om.request.file.OMFileCreateRequest.validateAndUpdateCache(OMFileCreateRequest.java:238) ~[ozone-manager-1.4.0-SNAPSHOT.jar:?]
	at org.apache.hadoop.ozone.protocolPB.OzoneManagerRequestHandler.handleWriteRequest(OzoneManagerRequestHandler.java:337) ~[ozone-manager-1.4.0-SNAPSHOT.jar:?]
	at org.apache.hadoop.ozone.om.ratis.OzoneManagerStateMachine.runCommand(OzoneManagerStateMachine.java:533) ~[ozone-manager-1.4.0-SNAPSHOT.jar:?]
	at org.apache.hadoop.ozone.om.ratis.OzoneManagerStateMachine.lambda$1(OzoneManagerStateMachine.java:324) ~[ozone-manager-1.4.0-SNAPSHOT.jar:?]
	at java.util.concurrent.CompletableFuture$AsyncSupply.run(CompletableFuture.java:1604) [?:1.8.0_362]
	at java.util.concurrent.ThreadPoolExecutor.runWorker(ThreadPoolExecutor.java:1149) [?:1.8.0_362]
	at java.util.concurrent.ThreadPoolExecutor$Worker.run(ThreadPoolExecutor.java:624) [?:1.8.0_362]
	at java.lang.Thread.run(Thread.java:750) [?:1.8.0_362]
2023-02-21 13:40:25,285 [OM StateMachine ApplyTransaction Thread - 0] ERROR file.OMFileCreateRequest (OMFileCreateRequest.java:validateAndUpdateCache(336)) - File create failed. Volume:volume47855, Bucket:bucket64015, Keyd1/d2/d3/d4/key2.
NOT_A_FILE org.apache.hadoop.ozone.om.exceptions.OMException: Can not write to directory: d1/d2/d3/d4/key2
	at org.apache.hadoop.ozone.om.request.file.OMFileCreateRequest.checkDirectoryResult(OMFileCreateRequest.java:363)
	at org.apache.hadoop.ozone.om.request.file.OMFileCreateRequest.validateAndUpdateCache(OMFileCreateRequest.java:238)
	at org.apache.hadoop.ozone.protocolPB.OzoneManagerRequestHandler.handleWriteRequest(OzoneManagerRequestHandler.java:337)
	at org.apache.hadoop.ozone.om.ratis.OzoneManagerStateMachine.runCommand(OzoneManagerStateMachine.java:533)
	at org.apache.hadoop.ozone.om.ratis.OzoneManagerStateMachine.lambda$1(OzoneManagerStateMachine.java:324)
	at java.util.concurrent.CompletableFuture$AsyncSupply.run(CompletableFuture.java:1604)
	at java.util.concurrent.ThreadPoolExecutor.runWorker(ThreadPoolExecutor.java:1149)
	at java.util.concurrent.ThreadPoolExecutor$Worker.run(ThreadPoolExecutor.java:624)
	at java.lang.Thread.run(Thread.java:750)
2023-02-21 13:40:25,292 [OM StateMachine ApplyTransaction Thread - 0] INFO  key.OMKeyRequest (OMKeyRequest.java:wrapUncommittedBlocksAsPseudoKey(837)) - Detect allocated but uncommitted blocks [{blockID={containerID=4, localID=111677748019200036}, length=4194304, offset=0, token=null, pipeline=null, createVersion=0, partNumber=0}] in key d1/d2/d3/d4/key3.
13:40:25.294 [OM StateMachine ApplyTransaction Thread - 0] ERROR OMAudit - user=runner | ip=127.0.0.1 | op=CREATE_DIRECTORY {volume=volume47855, bucket=bucket64015, key=d1/d2/d3/d4/key3, dataSize=0, replicationType=NONE, replicationFactor=ZERO} | ret=FAILURE
org.apache.hadoop.ozone.om.exceptions.OMException: Unable to create directory: d1/d2/d3/d4/key3 in volume/bucket: volume47855/bucket64015
	at org.apache.hadoop.ozone.om.request.file.OMDirectoryCreateRequest.validateAndUpdateCache(OMDirectoryCreateRequest.java:196) ~[ozone-manager-1.4.0-SNAPSHOT.jar:?]
	at org.apache.hadoop.ozone.protocolPB.OzoneManagerRequestHandler.handleWriteRequest(OzoneManagerRequestHandler.java:337) ~[ozone-manager-1.4.0-SNAPSHOT.jar:?]
	at org.apache.hadoop.ozone.om.ratis.OzoneManagerStateMachine.runCommand(OzoneManagerStateMachine.java:533) ~[ozone-manager-1.4.0-SNAPSHOT.jar:?]
	at org.apache.hadoop.ozone.om.ratis.OzoneManagerStateMachine.lambda$1(OzoneManagerStateMachine.java:324) ~[ozone-manager-1.4.0-SNAPSHOT.jar:?]
	at java.util.concurrent.CompletableFuture$AsyncSupply.run(CompletableFuture.java:1604) [?:1.8.0_362]
	at java.util.concurrent.ThreadPoolExecutor.runWorker(ThreadPoolExecutor.java:1149) [?:1.8.0_362]
	at java.util.concurrent.ThreadPoolExecutor$Worker.run(ThreadPoolExecutor.java:624) [?:1.8.0_362]
	at java.lang.Thread.run(Thread.java:750) [?:1.8.0_362]
2023-02-21 13:40:25,294 [OM StateMachine ApplyTransaction Thread - 0] ERROR file.OMDirectoryCreateRequest (OMDirectoryCreateRequest.java:logResult(335)) - Directory creation failed. Volume:volume47855, Bucket:bucket64015, Keyd1/d2/d3/d4/key3. Exception:{}
FILE_ALREADY_EXISTS org.apache.hadoop.ozone.om.exceptions.OMException: Unable to create directory: d1/d2/d3/d4/key3 in volume/bucket: volume47855/bucket64015
	at org.apache.hadoop.ozone.om.request.file.OMDirectoryCreateRequest.validateAndUpdateCache(OMDirectoryCreateRequest.java:196)
	at org.apache.hadoop.ozone.protocolPB.OzoneManagerRequestHandler.handleWriteRequest(OzoneManagerRequestHandler.java:337)
	at org.apache.hadoop.ozone.om.ratis.OzoneManagerStateMachine.runCommand(OzoneManagerStateMachine.java:533)
	at org.apache.hadoop.ozone.om.ratis.OzoneManagerStateMachine.lambda$1(OzoneManagerStateMachine.java:324)
	at java.util.concurrent.CompletableFuture$AsyncSupply.run(CompletableFuture.java:1604)
	at java.util.concurrent.ThreadPoolExecutor.runWorker(ThreadPoolExecutor.java:1149)
	at java.util.concurrent.ThreadPoolExecutor$Worker.run(ThreadPoolExecutor.java:624)
	at java.lang.Thread.run(Thread.java:750)
13:40:25.299 [OM StateMachine ApplyTransaction Thread - 0] ERROR OMAudit - user=runner | ip=127.0.0.1 | op=CREATE_FILE {volume=volume47855, bucket=bucket64015, key=d1/d2/d3, dataSize=4194304, replicationType=RATIS, replicationFactor=THREE} | ret=FAILURE
org.apache.hadoop.ozone.om.exceptions.OMException: Can not write to directory: d1/d2/d3
	at org.apache.hadoop.ozone.om.request.file.OMFileCreateRequest.checkDirectoryResult(OMFileCreateRequest.java:363) ~[ozone-manager-1.4.0-SNAPSHOT.jar:?]
	at org.apache.hadoop.ozone.om.request.file.OMFileCreateRequest.validateAndUpdateCache(OMFileCreateRequest.java:238) ~[ozone-manager-1.4.0-SNAPSHOT.jar:?]
	at org.apache.hadoop.ozone.protocolPB.OzoneManagerRequestHandler.handleWriteRequest(OzoneManagerRequestHandler.java:337) ~[ozone-manager-1.4.0-SNAPSHOT.jar:?]
	at org.apache.hadoop.ozone.om.ratis.OzoneManagerStateMachine.runCommand(OzoneManagerStateMachine.java:533) ~[ozone-manager-1.4.0-SNAPSHOT.jar:?]
	at org.apache.hadoop.ozone.om.ratis.OzoneManagerStateMachine.lambda$1(OzoneManagerStateMachine.java:324) ~[ozone-manager-1.4.0-SNAPSHOT.jar:?]
	at java.util.concurrent.CompletableFuture$AsyncSupply.run(CompletableFuture.java:1604) [?:1.8.0_362]
	at java.util.concurrent.ThreadPoolExecutor.runWorker(ThreadPoolExecutor.java:1149) [?:1.8.0_362]
	at java.util.concurrent.ThreadPoolExecutor$Worker.run(ThreadPoolExecutor.java:624) [?:1.8.0_362]
	at java.lang.Thread.run(Thread.java:750) [?:1.8.0_362]
2023-02-21 13:40:25,299 [OM StateMachine ApplyTransaction Thread - 0] ERROR file.OMFileCreateRequest (OMFileCreateRequest.java:validateAndUpdateCache(336)) - File create failed. Volume:volume47855, Bucket:bucket64015, Keyd1/d2/d3.
NOT_A_FILE org.apache.hadoop.ozone.om.exceptions.OMException: Can not write to directory: d1/d2/d3
	at org.apache.hadoop.ozone.om.request.file.OMFileCreateRequest.checkDirectoryResult(OMFileCreateRequest.java:363)
	at org.apache.hadoop.ozone.om.request.file.OMFileCreateRequest.validateAndUpdateCache(OMFileCreateRequest.java:238)
	at org.apache.hadoop.ozone.protocolPB.OzoneManagerRequestHandler.handleWriteRequest(OzoneManagerRequestHandler.java:337)
	at org.apache.hadoop.ozone.om.ratis.OzoneManagerStateMachine.runCommand(OzoneManagerStateMachine.java:533)
	at org.apache.hadoop.ozone.om.ratis.OzoneManagerStateMachine.lambda$1(OzoneManagerStateMachine.java:324)
	at java.util.concurrent.CompletableFuture$AsyncSupply.run(CompletableFuture.java:1604)
	at java.util.concurrent.ThreadPoolExecutor.runWorker(ThreadPoolExecutor.java:1149)
	at java.util.concurrent.ThreadPoolExecutor$Worker.run(ThreadPoolExecutor.java:624)
	at java.lang.Thread.run(Thread.java:750)
13:40:25.302 [IPC Server handler 11 on default port 34503] ERROR OMAudit - user=runner | ip=127.0.0.1 | op=GET_FILE_STATUS {volume=volume47855, bucket=bucket64015, key=d1/d2/d3/d4/key3/invalid, dataSize=0, replicationConfig=null} | ret=FAILURE
org.apache.hadoop.ozone.om.exceptions.OMException: Unable to get file status: volume: volume47855 bucket: bucket64015 key: d1/d2/d3/d4/key3/invalid
	at org.apache.hadoop.ozone.om.KeyManagerImpl.getOzoneFileStatus(KeyManagerImpl.java:1162) ~[ozone-manager-1.4.0-SNAPSHOT.jar:?]
	at org.apache.hadoop.ozone.om.KeyManagerImpl.getFileStatus(KeyManagerImpl.java:1080) ~[ozone-manager-1.4.0-SNAPSHOT.jar:?]
	at org.apache.hadoop.ozone.om.OmMetadataReader.getFileStatus(OmMetadataReader.java:288) ~[ozone-manager-1.4.0-SNAPSHOT.jar:?]
	at org.apache.hadoop.ozone.om.OzoneManager.getFileStatus(OzoneManager.java:3450) ~[ozone-manager-1.4.0-SNAPSHOT.jar:?]
	at org.apache.hadoop.ozone.protocolPB.OzoneManagerRequestHandler.getOzoneFileStatus(OzoneManagerRequestHandler.java:933) ~[ozone-manager-1.4.0-SNAPSHOT.jar:?]
	at org.apache.hadoop.ozone.protocolPB.OzoneManagerRequestHandler.handleReadRequest(OzoneManagerRequestHandler.java:238) ~[ozone-manager-1.4.0-SNAPSHOT.jar:?]
	at org.apache.hadoop.ozone.protocolPB.OzoneManagerProtocolServerSideTranslatorPB.submitReadRequestToOM(OzoneManagerProtocolServerSideTranslatorPB.java:223) ~[ozone-manager-1.4.0-SNAPSHOT.jar:?]
	at org.apache.hadoop.ozone.protocolPB.OzoneManagerProtocolServerSideTranslatorPB.processRequest(OzoneManagerProtocolServerSideTranslatorPB.java:177) ~[ozone-manager-1.4.0-SNAPSHOT.jar:?]
	at org.apache.hadoop.hdds.server.OzoneProtocolMessageDispatcher.processRequest(OzoneProtocolMessageDispatcher.java:87) [hdds-server-framework-1.4.0-SNAPSHOT.jar:?]
	at org.apache.hadoop.ozone.protocolPB.OzoneManagerProtocolServerSideTranslatorPB.submitRequest(OzoneManagerProtocolServerSideTranslatorPB.java:147) [ozone-manager-1.4.0-SNAPSHOT.jar:?]
	at org.apache.hadoop.ozone.protocol.proto.OzoneManagerProtocolProtos$OzoneManagerService$2.callBlockingMethod(OzoneManagerProtocolProtos.java) [ozone-interface-client-1.4.0-SNAPSHOT.jar:?]
	at org.apache.hadoop.ipc.ProtobufRpcEngine$Server.processCall(ProtobufRpcEngine.java:465) [hadoop-common-3.3.4.jar:?]
	at org.apache.hadoop.ipc.ProtobufRpcEngine2$Server$ProtoBufRpcInvoker.call(ProtobufRpcEngine2.java:578) [hadoop-common-3.3.4.jar:?]
	at org.apache.hadoop.ipc.ProtobufRpcEngine2$Server$ProtoBufRpcInvoker.call(ProtobufRpcEngine2.java:556) [hadoop-common-3.3.4.jar:?]
	at org.apache.hadoop.ipc.RPC$Server.call(RPC.java:1093) [hadoop-common-3.3.4.jar:?]
	at org.apache.hadoop.ipc.Server$RpcCall.run(Server.java:1043) [hadoop-common-3.3.4.jar:?]
	at org.apache.hadoop.ipc.Server$RpcCall.run(Server.java:971) [hadoop-common-3.3.4.jar:?]
	at java.security.AccessController.doPrivileged(Native Method) ~[?:1.8.0_362]
	at javax.security.auth.Subject.doAs(Subject.java:422) [?:1.8.0_362]
	at org.apache.hadoop.security.UserGroupInformation.doAs(UserGroupInformation.java:1878) [hadoop-common-3.3.4.jar:?]
	at org.apache.hadoop.ipc.Server$Handler.run(Server.java:2976) [hadoop-common-3.3.4.jar:?]
13:40:25.303 [IPC Server handler 9 on default port 34503] ERROR OMAudit - user=runner | ip=127.0.0.1 | op=GET_FILE_STATUS {volume=volume47855, bucket=bucket64015, key=d1/d2/d3/d4/invalidkey, dataSize=0, replicationConfig=null} | ret=FAILURE
org.apache.hadoop.ozone.om.exceptions.OMException: Unable to get file status: volume: volume47855 bucket: bucket64015 key: d1/d2/d3/d4/invalidkey
	at org.apache.hadoop.ozone.om.KeyManagerImpl.getOzoneFileStatus(KeyManagerImpl.java:1162) ~[ozone-manager-1.4.0-SNAPSHOT.jar:?]
	at org.apache.hadoop.ozone.om.KeyManagerImpl.getFileStatus(KeyManagerImpl.java:1080) ~[ozone-manager-1.4.0-SNAPSHOT.jar:?]
	at org.apache.hadoop.ozone.om.OmMetadataReader.getFileStatus(OmMetadataReader.java:288) ~[ozone-manager-1.4.0-SNAPSHOT.jar:?]
	at org.apache.hadoop.ozone.om.OzoneManager.getFileStatus(OzoneManager.java:3450) ~[ozone-manager-1.4.0-SNAPSHOT.jar:?]
	at org.apache.hadoop.ozone.protocolPB.OzoneManagerRequestHandler.getOzoneFileStatus(OzoneManagerRequestHandler.java:933) ~[ozone-manager-1.4.0-SNAPSHOT.jar:?]
	at org.apache.hadoop.ozone.protocolPB.OzoneManagerRequestHandler.handleReadRequest(OzoneManagerRequestHandler.java:238) ~[ozone-manager-1.4.0-SNAPSHOT.jar:?]
	at org.apache.hadoop.ozone.protocolPB.OzoneManagerProtocolServerSideTranslatorPB.submitReadRequestToOM(OzoneManagerProtocolServerSideTranslatorPB.java:223) ~[ozone-manager-1.4.0-SNAPSHOT.jar:?]
	at org.apache.hadoop.ozone.protocolPB.OzoneManagerProtocolServerSideTranslatorPB.processRequest(OzoneManagerProtocolServerSideTranslatorPB.java:177) ~[ozone-manager-1.4.0-SNAPSHOT.jar:?]
	at org.apache.hadoop.hdds.server.OzoneProtocolMessageDispatcher.processRequest(OzoneProtocolMessageDispatcher.java:87) [hdds-server-framework-1.4.0-SNAPSHOT.jar:?]
	at org.apache.hadoop.ozone.protocolPB.OzoneManagerProtocolServerSideTranslatorPB.submitRequest(OzoneManagerProtocolServerSideTranslatorPB.java:147) [ozone-manager-1.4.0-SNAPSHOT.jar:?]
	at org.apache.hadoop.ozone.protocol.proto.OzoneManagerProtocolProtos$OzoneManagerService$2.callBlockingMethod(OzoneManagerProtocolProtos.java) [ozone-interface-client-1.4.0-SNAPSHOT.jar:?]
	at org.apache.hadoop.ipc.ProtobufRpcEngine$Server.processCall(ProtobufRpcEngine.java:465) [hadoop-common-3.3.4.jar:?]
	at org.apache.hadoop.ipc.ProtobufRpcEngine2$Server$ProtoBufRpcInvoker.call(ProtobufRpcEngine2.java:578) [hadoop-common-3.3.4.jar:?]
	at org.apache.hadoop.ipc.ProtobufRpcEngine2$Server$ProtoBufRpcInvoker.call(ProtobufRpcEngine2.java:556) [hadoop-common-3.3.4.jar:?]
	at org.apache.hadoop.ipc.RPC$Server.call(RPC.java:1093) [hadoop-common-3.3.4.jar:?]
	at org.apache.hadoop.ipc.Server$RpcCall.run(Server.java:1043) [hadoop-common-3.3.4.jar:?]
	at org.apache.hadoop.ipc.Server$RpcCall.run(Server.java:971) [hadoop-common-3.3.4.jar:?]
	at java.security.AccessController.doPrivileged(Native Method) ~[?:1.8.0_362]
	at javax.security.auth.Subject.doAs(Subject.java:422) [?:1.8.0_362]
	at org.apache.hadoop.security.UserGroupInformation.doAs(UserGroupInformation.java:1878) [hadoop-common-3.3.4.jar:?]
	at org.apache.hadoop.ipc.Server$Handler.run(Server.java:2976) [hadoop-common-3.3.4.jar:?]
]]></system-out>
  </testcase>
  <testcase name="testCreateFileShouldCheckExistenceOfDirWithSameName" classname="TestOzoneFileSystem" time="0.024">
    <system-out><![CDATA[2023-02-21 13:41:34,218 [IPC Server handler 9 on default port 40765] INFO  key.OMKeyRequest (OMKeyRequest.java:wrapUncommittedBlocksAsPseudoKey(837)) - Detect allocated but uncommitted blocks [{blockID={containerID=1, localID=111677748019200034}, length=4194304, offset=0, token=null, pipeline=null, createVersion=0, partNumber=0}] in key d1/d2/d3/d4/key1.
13:41:34.221 [IPC Server handler 8 on default port 40765] ERROR OMAudit - user=runner | ip=127.0.0.1 | op=CREATE_FILE {volume=volume82902, bucket=bucket15199, key=d1/d2/d3/d4/key2, dataSize=4194304, replicationType=RATIS, replicationFactor=THREE} | ret=FAILURE
org.apache.hadoop.ozone.om.exceptions.OMException: Can not write to directory: d1/d2/d3/d4/key2
	at org.apache.hadoop.ozone.om.request.file.OMFileCreateRequest.checkDirectoryResult(OMFileCreateRequest.java:363) ~[ozone-manager-1.4.0-SNAPSHOT.jar:?]
	at org.apache.hadoop.ozone.om.request.file.OMFileCreateRequest.validateAndUpdateCache(OMFileCreateRequest.java:238) ~[ozone-manager-1.4.0-SNAPSHOT.jar:?]
	at org.apache.hadoop.ozone.protocolPB.OzoneManagerRequestHandler.handleWriteRequest(OzoneManagerRequestHandler.java:337) ~[ozone-manager-1.4.0-SNAPSHOT.jar:?]
	at org.apache.hadoop.ozone.protocolPB.OzoneManagerProtocolServerSideTranslatorPB.submitRequestDirectlyToOM(OzoneManagerProtocolServerSideTranslatorPB.java:277) ~[ozone-manager-1.4.0-SNAPSHOT.jar:?]
	at org.apache.hadoop.ozone.protocolPB.OzoneManagerProtocolServerSideTranslatorPB.processRequest(OzoneManagerProtocolServerSideTranslatorPB.java:173) ~[ozone-manager-1.4.0-SNAPSHOT.jar:?]
	at org.apache.hadoop.hdds.server.OzoneProtocolMessageDispatcher.processRequest(OzoneProtocolMessageDispatcher.java:87) [hdds-server-framework-1.4.0-SNAPSHOT.jar:?]
	at org.apache.hadoop.ozone.protocolPB.OzoneManagerProtocolServerSideTranslatorPB.submitRequest(OzoneManagerProtocolServerSideTranslatorPB.java:147) [ozone-manager-1.4.0-SNAPSHOT.jar:?]
	at org.apache.hadoop.ozone.protocol.proto.OzoneManagerProtocolProtos$OzoneManagerService$2.callBlockingMethod(OzoneManagerProtocolProtos.java) [ozone-interface-client-1.4.0-SNAPSHOT.jar:?]
	at org.apache.hadoop.ipc.ProtobufRpcEngine$Server.processCall(ProtobufRpcEngine.java:465) [hadoop-common-3.3.4.jar:?]
	at org.apache.hadoop.ipc.ProtobufRpcEngine2$Server$ProtoBufRpcInvoker.call(ProtobufRpcEngine2.java:578) [hadoop-common-3.3.4.jar:?]
	at org.apache.hadoop.ipc.ProtobufRpcEngine2$Server$ProtoBufRpcInvoker.call(ProtobufRpcEngine2.java:556) [hadoop-common-3.3.4.jar:?]
	at org.apache.hadoop.ipc.RPC$Server.call(RPC.java:1093) [hadoop-common-3.3.4.jar:?]
	at org.apache.hadoop.ipc.Server$RpcCall.run(Server.java:1043) [hadoop-common-3.3.4.jar:?]
	at org.apache.hadoop.ipc.Server$RpcCall.run(Server.java:971) [hadoop-common-3.3.4.jar:?]
	at java.security.AccessController.doPrivileged(Native Method) ~[?:1.8.0_362]
	at javax.security.auth.Subject.doAs(Subject.java:422) [?:1.8.0_362]
	at org.apache.hadoop.security.UserGroupInformation.doAs(UserGroupInformation.java:1878) [hadoop-common-3.3.4.jar:?]
	at org.apache.hadoop.ipc.Server$Handler.run(Server.java:2976) [hadoop-common-3.3.4.jar:?]
2023-02-21 13:41:34,221 [IPC Server handler 8 on default port 40765] ERROR file.OMFileCreateRequest (OMFileCreateRequest.java:validateAndUpdateCache(336)) - File create failed. Volume:volume82902, Bucket:bucket15199, Keyd1/d2/d3/d4/key2.
NOT_A_FILE org.apache.hadoop.ozone.om.exceptions.OMException: Can not write to directory: d1/d2/d3/d4/key2
	at org.apache.hadoop.ozone.om.request.file.OMFileCreateRequest.checkDirectoryResult(OMFileCreateRequest.java:363)
	at org.apache.hadoop.ozone.om.request.file.OMFileCreateRequest.validateAndUpdateCache(OMFileCreateRequest.java:238)
	at org.apache.hadoop.ozone.protocolPB.OzoneManagerRequestHandler.handleWriteRequest(OzoneManagerRequestHandler.java:337)
	at org.apache.hadoop.ozone.protocolPB.OzoneManagerProtocolServerSideTranslatorPB.submitRequestDirectlyToOM(OzoneManagerProtocolServerSideTranslatorPB.java:277)
	at org.apache.hadoop.ozone.protocolPB.OzoneManagerProtocolServerSideTranslatorPB.processRequest(OzoneManagerProtocolServerSideTranslatorPB.java:173)
	at org.apache.hadoop.hdds.server.OzoneProtocolMessageDispatcher.processRequest(OzoneProtocolMessageDispatcher.java:87)
	at org.apache.hadoop.ozone.protocolPB.OzoneManagerProtocolServerSideTranslatorPB.submitRequest(OzoneManagerProtocolServerSideTranslatorPB.java:147)
	at org.apache.hadoop.ozone.protocol.proto.OzoneManagerProtocolProtos$OzoneManagerService$2.callBlockingMethod(OzoneManagerProtocolProtos.java)
	at org.apache.hadoop.ipc.ProtobufRpcEngine$Server.processCall(ProtobufRpcEngine.java:465)
	at org.apache.hadoop.ipc.ProtobufRpcEngine2$Server$ProtoBufRpcInvoker.call(ProtobufRpcEngine2.java:578)
	at org.apache.hadoop.ipc.ProtobufRpcEngine2$Server$ProtoBufRpcInvoker.call(ProtobufRpcEngine2.java:556)
	at org.apache.hadoop.ipc.RPC$Server.call(RPC.java:1093)
	at org.apache.hadoop.ipc.Server$RpcCall.run(Server.java:1043)
	at org.apache.hadoop.ipc.Server$RpcCall.run(Server.java:971)
	at java.security.AccessController.doPrivileged(Native Method)
	at javax.security.auth.Subject.doAs(Subject.java:422)
	at org.apache.hadoop.security.UserGroupInformation.doAs(UserGroupInformation.java:1878)
	at org.apache.hadoop.ipc.Server$Handler.run(Server.java:2976)
2023-02-21 13:41:34,225 [IPC Server handler 4 on default port 40765] INFO  key.OMKeyRequest (OMKeyRequest.java:wrapUncommittedBlocksAsPseudoKey(837)) - Detect allocated but uncommitted blocks [{blockID={containerID=2, localID=111677748019200036}, length=4194304, offset=0, token=null, pipeline=null, createVersion=0, partNumber=0}] in key d1/d2/d3/d4/key3.
13:41:34.226 [IPC Server handler 19 on default port 40765] ERROR OMAudit - user=runner | ip=127.0.0.1 | op=CREATE_DIRECTORY {volume=volume82902, bucket=bucket15199, key=d1/d2/d3/d4/key3, dataSize=0, replicationType=NONE, replicationFactor=ZERO} | ret=FAILURE
org.apache.hadoop.ozone.om.exceptions.OMException: Unable to create directory: d1/d2/d3/d4/key3 in volume/bucket: volume82902/bucket15199
	at org.apache.hadoop.ozone.om.request.file.OMDirectoryCreateRequest.validateAndUpdateCache(OMDirectoryCreateRequest.java:196) ~[ozone-manager-1.4.0-SNAPSHOT.jar:?]
	at org.apache.hadoop.ozone.protocolPB.OzoneManagerRequestHandler.handleWriteRequest(OzoneManagerRequestHandler.java:337) ~[ozone-manager-1.4.0-SNAPSHOT.jar:?]
	at org.apache.hadoop.ozone.protocolPB.OzoneManagerProtocolServerSideTranslatorPB.submitRequestDirectlyToOM(OzoneManagerProtocolServerSideTranslatorPB.java:277) ~[ozone-manager-1.4.0-SNAPSHOT.jar:?]
	at org.apache.hadoop.ozone.protocolPB.OzoneManagerProtocolServerSideTranslatorPB.processRequest(OzoneManagerProtocolServerSideTranslatorPB.java:173) ~[ozone-manager-1.4.0-SNAPSHOT.jar:?]
	at org.apache.hadoop.hdds.server.OzoneProtocolMessageDispatcher.processRequest(OzoneProtocolMessageDispatcher.java:87) [hdds-server-framework-1.4.0-SNAPSHOT.jar:?]
	at org.apache.hadoop.ozone.protocolPB.OzoneManagerProtocolServerSideTranslatorPB.submitRequest(OzoneManagerProtocolServerSideTranslatorPB.java:147) [ozone-manager-1.4.0-SNAPSHOT.jar:?]
	at org.apache.hadoop.ozone.protocol.proto.OzoneManagerProtocolProtos$OzoneManagerService$2.callBlockingMethod(OzoneManagerProtocolProtos.java) [ozone-interface-client-1.4.0-SNAPSHOT.jar:?]
	at org.apache.hadoop.ipc.ProtobufRpcEngine$Server.processCall(ProtobufRpcEngine.java:465) [hadoop-common-3.3.4.jar:?]
	at org.apache.hadoop.ipc.ProtobufRpcEngine2$Server$ProtoBufRpcInvoker.call(ProtobufRpcEngine2.java:578) [hadoop-common-3.3.4.jar:?]
	at org.apache.hadoop.ipc.ProtobufRpcEngine2$Server$ProtoBufRpcInvoker.call(ProtobufRpcEngine2.java:556) [hadoop-common-3.3.4.jar:?]
	at org.apache.hadoop.ipc.RPC$Server.call(RPC.java:1093) [hadoop-common-3.3.4.jar:?]
	at org.apache.hadoop.ipc.Server$RpcCall.run(Server.java:1043) [hadoop-common-3.3.4.jar:?]
	at org.apache.hadoop.ipc.Server$RpcCall.run(Server.java:971) [hadoop-common-3.3.4.jar:?]
	at java.security.AccessController.doPrivileged(Native Method) ~[?:1.8.0_362]
	at javax.security.auth.Subject.doAs(Subject.java:422) [?:1.8.0_362]
	at org.apache.hadoop.security.UserGroupInformation.doAs(UserGroupInformation.java:1878) [hadoop-common-3.3.4.jar:?]
	at org.apache.hadoop.ipc.Server$Handler.run(Server.java:2976) [hadoop-common-3.3.4.jar:?]
2023-02-21 13:41:34,226 [IPC Server handler 19 on default port 40765] ERROR file.OMDirectoryCreateRequest (OMDirectoryCreateRequest.java:logResult(335)) - Directory creation failed. Volume:volume82902, Bucket:bucket15199, Keyd1/d2/d3/d4/key3. Exception:{}
FILE_ALREADY_EXISTS org.apache.hadoop.ozone.om.exceptions.OMException: Unable to create directory: d1/d2/d3/d4/key3 in volume/bucket: volume82902/bucket15199
	at org.apache.hadoop.ozone.om.request.file.OMDirectoryCreateRequest.validateAndUpdateCache(OMDirectoryCreateRequest.java:196)
	at org.apache.hadoop.ozone.protocolPB.OzoneManagerRequestHandler.handleWriteRequest(OzoneManagerRequestHandler.java:337)
	at org.apache.hadoop.ozone.protocolPB.OzoneManagerProtocolServerSideTranslatorPB.submitRequestDirectlyToOM(OzoneManagerProtocolServerSideTranslatorPB.java:277)
	at org.apache.hadoop.ozone.protocolPB.OzoneManagerProtocolServerSideTranslatorPB.processRequest(OzoneManagerProtocolServerSideTranslatorPB.java:173)
	at org.apache.hadoop.hdds.server.OzoneProtocolMessageDispatcher.processRequest(OzoneProtocolMessageDispatcher.java:87)
	at org.apache.hadoop.ozone.protocolPB.OzoneManagerProtocolServerSideTranslatorPB.submitRequest(OzoneManagerProtocolServerSideTranslatorPB.java:147)
	at org.apache.hadoop.ozone.protocol.proto.OzoneManagerProtocolProtos$OzoneManagerService$2.callBlockingMethod(OzoneManagerProtocolProtos.java)
	at org.apache.hadoop.ipc.ProtobufRpcEngine$Server.processCall(ProtobufRpcEngine.java:465)
	at org.apache.hadoop.ipc.ProtobufRpcEngine2$Server$ProtoBufRpcInvoker.call(ProtobufRpcEngine2.java:578)
	at org.apache.hadoop.ipc.ProtobufRpcEngine2$Server$ProtoBufRpcInvoker.call(ProtobufRpcEngine2.java:556)
	at org.apache.hadoop.ipc.RPC$Server.call(RPC.java:1093)
	at org.apache.hadoop.ipc.Server$RpcCall.run(Server.java:1043)
	at org.apache.hadoop.ipc.Server$RpcCall.run(Server.java:971)
	at java.security.AccessController.doPrivileged(Native Method)
	at javax.security.auth.Subject.doAs(Subject.java:422)
	at org.apache.hadoop.security.UserGroupInformation.doAs(UserGroupInformation.java:1878)
	at org.apache.hadoop.ipc.Server$Handler.run(Server.java:2976)
13:41:34.229 [IPC Server handler 18 on default port 40765] ERROR OMAudit - user=runner | ip=127.0.0.1 | op=CREATE_FILE {volume=volume82902, bucket=bucket15199, key=d1/d2/d3, dataSize=4194304, replicationType=RATIS, replicationFactor=THREE} | ret=FAILURE
org.apache.hadoop.ozone.om.exceptions.OMException: Can not write to directory: d1/d2/d3
	at org.apache.hadoop.ozone.om.request.file.OMFileCreateRequest.checkDirectoryResult(OMFileCreateRequest.java:363) ~[ozone-manager-1.4.0-SNAPSHOT.jar:?]
	at org.apache.hadoop.ozone.om.request.file.OMFileCreateRequest.validateAndUpdateCache(OMFileCreateRequest.java:238) ~[ozone-manager-1.4.0-SNAPSHOT.jar:?]
	at org.apache.hadoop.ozone.protocolPB.OzoneManagerRequestHandler.handleWriteRequest(OzoneManagerRequestHandler.java:337) ~[ozone-manager-1.4.0-SNAPSHOT.jar:?]
	at org.apache.hadoop.ozone.protocolPB.OzoneManagerProtocolServerSideTranslatorPB.submitRequestDirectlyToOM(OzoneManagerProtocolServerSideTranslatorPB.java:277) ~[ozone-manager-1.4.0-SNAPSHOT.jar:?]
	at org.apache.hadoop.ozone.protocolPB.OzoneManagerProtocolServerSideTranslatorPB.processRequest(OzoneManagerProtocolServerSideTranslatorPB.java:173) ~[ozone-manager-1.4.0-SNAPSHOT.jar:?]
	at org.apache.hadoop.hdds.server.OzoneProtocolMessageDispatcher.processRequest(OzoneProtocolMessageDispatcher.java:87) [hdds-server-framework-1.4.0-SNAPSHOT.jar:?]
	at org.apache.hadoop.ozone.protocolPB.OzoneManagerProtocolServerSideTranslatorPB.submitRequest(OzoneManagerProtocolServerSideTranslatorPB.java:147) [ozone-manager-1.4.0-SNAPSHOT.jar:?]
	at org.apache.hadoop.ozone.protocol.proto.OzoneManagerProtocolProtos$OzoneManagerService$2.callBlockingMethod(OzoneManagerProtocolProtos.java) [ozone-interface-client-1.4.0-SNAPSHOT.jar:?]
	at org.apache.hadoop.ipc.ProtobufRpcEngine$Server.processCall(ProtobufRpcEngine.java:465) [hadoop-common-3.3.4.jar:?]
	at org.apache.hadoop.ipc.ProtobufRpcEngine2$Server$ProtoBufRpcInvoker.call(ProtobufRpcEngine2.java:578) [hadoop-common-3.3.4.jar:?]
	at org.apache.hadoop.ipc.ProtobufRpcEngine2$Server$ProtoBufRpcInvoker.call(ProtobufRpcEngine2.java:556) [hadoop-common-3.3.4.jar:?]
	at org.apache.hadoop.ipc.RPC$Server.call(RPC.java:1093) [hadoop-common-3.3.4.jar:?]
	at org.apache.hadoop.ipc.Server$RpcCall.run(Server.java:1043) [hadoop-common-3.3.4.jar:?]
	at org.apache.hadoop.ipc.Server$RpcCall.run(Server.java:971) [hadoop-common-3.3.4.jar:?]
	at java.security.AccessController.doPrivileged(Native Method) ~[?:1.8.0_362]
	at javax.security.auth.Subject.doAs(Subject.java:422) [?:1.8.0_362]
	at org.apache.hadoop.security.UserGroupInformation.doAs(UserGroupInformation.java:1878) [hadoop-common-3.3.4.jar:?]
	at org.apache.hadoop.ipc.Server$Handler.run(Server.java:2976) [hadoop-common-3.3.4.jar:?]
2023-02-21 13:41:34,229 [IPC Server handler 18 on default port 40765] ERROR file.OMFileCreateRequest (OMFileCreateRequest.java:validateAndUpdateCache(336)) - File create failed. Volume:volume82902, Bucket:bucket15199, Keyd1/d2/d3.
NOT_A_FILE org.apache.hadoop.ozone.om.exceptions.OMException: Can not write to directory: d1/d2/d3
	at org.apache.hadoop.ozone.om.request.file.OMFileCreateRequest.checkDirectoryResult(OMFileCreateRequest.java:363)
	at org.apache.hadoop.ozone.om.request.file.OMFileCreateRequest.validateAndUpdateCache(OMFileCreateRequest.java:238)
	at org.apache.hadoop.ozone.protocolPB.OzoneManagerRequestHandler.handleWriteRequest(OzoneManagerRequestHandler.java:337)
	at org.apache.hadoop.ozone.protocolPB.OzoneManagerProtocolServerSideTranslatorPB.submitRequestDirectlyToOM(OzoneManagerProtocolServerSideTranslatorPB.java:277)
	at org.apache.hadoop.ozone.protocolPB.OzoneManagerProtocolServerSideTranslatorPB.processRequest(OzoneManagerProtocolServerSideTranslatorPB.java:173)
	at org.apache.hadoop.hdds.server.OzoneProtocolMessageDispatcher.processRequest(OzoneProtocolMessageDispatcher.java:87)
	at org.apache.hadoop.ozone.protocolPB.OzoneManagerProtocolServerSideTranslatorPB.submitRequest(OzoneManagerProtocolServerSideTranslatorPB.java:147)
	at org.apache.hadoop.ozone.protocol.proto.OzoneManagerProtocolProtos$OzoneManagerService$2.callBlockingMethod(OzoneManagerProtocolProtos.java)
	at org.apache.hadoop.ipc.ProtobufRpcEngine$Server.processCall(ProtobufRpcEngine.java:465)
	at org.apache.hadoop.ipc.ProtobufRpcEngine2$Server$ProtoBufRpcInvoker.call(ProtobufRpcEngine2.java:578)
	at org.apache.hadoop.ipc.ProtobufRpcEngine2$Server$ProtoBufRpcInvoker.call(ProtobufRpcEngine2.java:556)
	at org.apache.hadoop.ipc.RPC$Server.call(RPC.java:1093)
	at org.apache.hadoop.ipc.Server$RpcCall.run(Server.java:1043)
	at org.apache.hadoop.ipc.Server$RpcCall.run(Server.java:971)
	at java.security.AccessController.doPrivileged(Native Method)
	at javax.security.auth.Subject.doAs(Subject.java:422)
	at org.apache.hadoop.security.UserGroupInformation.doAs(UserGroupInformation.java:1878)
	at org.apache.hadoop.ipc.Server$Handler.run(Server.java:2976)
13:41:34.232 [IPC Server handler 16 on default port 40765] ERROR OMAudit - user=runner | ip=127.0.0.1 | op=GET_FILE_STATUS {volume=volume82902, bucket=bucket15199, key=d1/d2/d3/d4/key3/invalid, dataSize=0, replicationConfig=null} | ret=FAILURE
org.apache.hadoop.ozone.om.exceptions.OMException: Unable to get file status: volume: volume82902 bucket: bucket15199 key: d1/d2/d3/d4/key3/invalid
	at org.apache.hadoop.ozone.om.KeyManagerImpl.getOzoneFileStatus(KeyManagerImpl.java:1162) ~[ozone-manager-1.4.0-SNAPSHOT.jar:?]
	at org.apache.hadoop.ozone.om.KeyManagerImpl.getFileStatus(KeyManagerImpl.java:1080) ~[ozone-manager-1.4.0-SNAPSHOT.jar:?]
	at org.apache.hadoop.ozone.om.OmMetadataReader.getFileStatus(OmMetadataReader.java:288) ~[ozone-manager-1.4.0-SNAPSHOT.jar:?]
	at org.apache.hadoop.ozone.om.OzoneManager.getFileStatus(OzoneManager.java:3450) ~[ozone-manager-1.4.0-SNAPSHOT.jar:?]
	at org.apache.hadoop.ozone.protocolPB.OzoneManagerRequestHandler.getOzoneFileStatus(OzoneManagerRequestHandler.java:933) ~[ozone-manager-1.4.0-SNAPSHOT.jar:?]
	at org.apache.hadoop.ozone.protocolPB.OzoneManagerRequestHandler.handleReadRequest(OzoneManagerRequestHandler.java:238) ~[ozone-manager-1.4.0-SNAPSHOT.jar:?]
	at org.apache.hadoop.ozone.protocolPB.OzoneManagerProtocolServerSideTranslatorPB.submitRequestDirectlyToOM(OzoneManagerProtocolServerSideTranslatorPB.java:271) ~[ozone-manager-1.4.0-SNAPSHOT.jar:?]
	at org.apache.hadoop.ozone.protocolPB.OzoneManagerProtocolServerSideTranslatorPB.processRequest(OzoneManagerProtocolServerSideTranslatorPB.java:173) ~[ozone-manager-1.4.0-SNAPSHOT.jar:?]
	at org.apache.hadoop.hdds.server.OzoneProtocolMessageDispatcher.processRequest(OzoneProtocolMessageDispatcher.java:87) [hdds-server-framework-1.4.0-SNAPSHOT.jar:?]
	at org.apache.hadoop.ozone.protocolPB.OzoneManagerProtocolServerSideTranslatorPB.submitRequest(OzoneManagerProtocolServerSideTranslatorPB.java:147) [ozone-manager-1.4.0-SNAPSHOT.jar:?]
	at org.apache.hadoop.ozone.protocol.proto.OzoneManagerProtocolProtos$OzoneManagerService$2.callBlockingMethod(OzoneManagerProtocolProtos.java) [ozone-interface-client-1.4.0-SNAPSHOT.jar:?]
	at org.apache.hadoop.ipc.ProtobufRpcEngine$Server.processCall(ProtobufRpcEngine.java:465) [hadoop-common-3.3.4.jar:?]
	at org.apache.hadoop.ipc.ProtobufRpcEngine2$Server$ProtoBufRpcInvoker.call(ProtobufRpcEngine2.java:578) [hadoop-common-3.3.4.jar:?]
	at org.apache.hadoop.ipc.ProtobufRpcEngine2$Server$ProtoBufRpcInvoker.call(ProtobufRpcEngine2.java:556) [hadoop-common-3.3.4.jar:?]
	at org.apache.hadoop.ipc.RPC$Server.call(RPC.java:1093) [hadoop-common-3.3.4.jar:?]
	at org.apache.hadoop.ipc.Server$RpcCall.run(Server.java:1043) [hadoop-common-3.3.4.jar:?]
	at org.apache.hadoop.ipc.Server$RpcCall.run(Server.java:971) [hadoop-common-3.3.4.jar:?]
	at java.security.AccessController.doPrivileged(Native Method) ~[?:1.8.0_362]
	at javax.security.auth.Subject.doAs(Subject.java:422) [?:1.8.0_362]
	at org.apache.hadoop.security.UserGroupInformation.doAs(UserGroupInformation.java:1878) [hadoop-common-3.3.4.jar:?]
	at org.apache.hadoop.ipc.Server$Handler.run(Server.java:2976) [hadoop-common-3.3.4.jar:?]
13:41:34.233 [IPC Server handler 14 on default port 40765] ERROR OMAudit - user=runner | ip=127.0.0.1 | op=GET_FILE_STATUS {volume=volume82902, bucket=bucket15199, key=d1/d2/d3/d4/invalidkey, dataSize=0, replicationConfig=null} | ret=FAILURE
org.apache.hadoop.ozone.om.exceptions.OMException: Unable to get file status: volume: volume82902 bucket: bucket15199 key: d1/d2/d3/d4/invalidkey
	at org.apache.hadoop.ozone.om.KeyManagerImpl.getOzoneFileStatus(KeyManagerImpl.java:1162) ~[ozone-manager-1.4.0-SNAPSHOT.jar:?]
	at org.apache.hadoop.ozone.om.KeyManagerImpl.getFileStatus(KeyManagerImpl.java:1080) ~[ozone-manager-1.4.0-SNAPSHOT.jar:?]
	at org.apache.hadoop.ozone.om.OmMetadataReader.getFileStatus(OmMetadataReader.java:288) ~[ozone-manager-1.4.0-SNAPSHOT.jar:?]
	at org.apache.hadoop.ozone.om.OzoneManager.getFileStatus(OzoneManager.java:3450) ~[ozone-manager-1.4.0-SNAPSHOT.jar:?]
	at org.apache.hadoop.ozone.protocolPB.OzoneManagerRequestHandler.getOzoneFileStatus(OzoneManagerRequestHandler.java:933) ~[ozone-manager-1.4.0-SNAPSHOT.jar:?]
	at org.apache.hadoop.ozone.protocolPB.OzoneManagerRequestHandler.handleReadRequest(OzoneManagerRequestHandler.java:238) ~[ozone-manager-1.4.0-SNAPSHOT.jar:?]
	at org.apache.hadoop.ozone.protocolPB.OzoneManagerProtocolServerSideTranslatorPB.submitRequestDirectlyToOM(OzoneManagerProtocolServerSideTranslatorPB.java:271) ~[ozone-manager-1.4.0-SNAPSHOT.jar:?]
	at org.apache.hadoop.ozone.protocolPB.OzoneManagerProtocolServerSideTranslatorPB.processRequest(OzoneManagerProtocolServerSideTranslatorPB.java:173) ~[ozone-manager-1.4.0-SNAPSHOT.jar:?]
	at org.apache.hadoop.hdds.server.OzoneProtocolMessageDispatcher.processRequest(OzoneProtocolMessageDispatcher.java:87) [hdds-server-framework-1.4.0-SNAPSHOT.jar:?]
	at org.apache.hadoop.ozone.protocolPB.OzoneManagerProtocolServerSideTranslatorPB.submitRequest(OzoneManagerProtocolServerSideTranslatorPB.java:147) [ozone-manager-1.4.0-SNAPSHOT.jar:?]
	at org.apache.hadoop.ozone.protocol.proto.OzoneManagerProtocolProtos$OzoneManagerService$2.callBlockingMethod(OzoneManagerProtocolProtos.java) [ozone-interface-client-1.4.0-SNAPSHOT.jar:?]
	at org.apache.hadoop.ipc.ProtobufRpcEngine$Server.processCall(ProtobufRpcEngine.java:465) [hadoop-common-3.3.4.jar:?]
	at org.apache.hadoop.ipc.ProtobufRpcEngine2$Server$ProtoBufRpcInvoker.call(ProtobufRpcEngine2.java:578) [hadoop-common-3.3.4.jar:?]
	at org.apache.hadoop.ipc.ProtobufRpcEngine2$Server$ProtoBufRpcInvoker.call(ProtobufRpcEngine2.java:556) [hadoop-common-3.3.4.jar:?]
	at org.apache.hadoop.ipc.RPC$Server.call(RPC.java:1093) [hadoop-common-3.3.4.jar:?]
	at org.apache.hadoop.ipc.Server$RpcCall.run(Server.java:1043) [hadoop-common-3.3.4.jar:?]
	at org.apache.hadoop.ipc.Server$RpcCall.run(Server.java:971) [hadoop-common-3.3.4.jar:?]
	at java.security.AccessController.doPrivileged(Native Method) ~[?:1.8.0_362]
	at javax.security.auth.Subject.doAs(Subject.java:422) [?:1.8.0_362]
	at org.apache.hadoop.security.UserGroupInformation.doAs(UserGroupInformation.java:1878) [hadoop-common-3.3.4.jar:?]
	at org.apache.hadoop.ipc.Server$Handler.run(Server.java:2976) [hadoop-common-3.3.4.jar:?]
]]></system-out>
  </testcase>
  <testcase name="testRenameContainDelimiterFile" classname="TestOzoneFileSystem" time="0.043">
    <system-out><![CDATA[2023-02-21 13:38:03,417 [OM StateMachine ApplyTransaction Thread - 0] INFO  key.OMKeyRequest (OMKeyRequest.java:wrapUncommittedBlocksAsPseudoKey(837)) - Detect allocated but uncommitted blocks [{blockID={containerID=6, localID=111677748019200038}, length=4194304, offset=0, token=null, pipeline=null, createVersion=0, partNumber=0}] in key dir1/dir2/key1.
13:38:03.421 [IPC Server handler 8 on default port 35721] ERROR OMAudit - user=runner | ip=127.0.0.1 | op=GET_FILE_STATUS {volume=volume06454, bucket=bucket10538, key=dir1/dir2/key2, dataSize=0, replicationConfig=null} | ret=FAILURE
org.apache.hadoop.ozone.om.exceptions.OMException: Unable to get file status: volume: volume06454 bucket: bucket10538 key: dir1/dir2/key2
	at org.apache.hadoop.ozone.om.KeyManagerImpl.getOzoneFileStatus(KeyManagerImpl.java:1162) ~[ozone-manager-1.4.0-SNAPSHOT.jar:?]
	at org.apache.hadoop.ozone.om.KeyManagerImpl.getFileStatus(KeyManagerImpl.java:1080) ~[ozone-manager-1.4.0-SNAPSHOT.jar:?]
	at org.apache.hadoop.ozone.om.OmMetadataReader.getFileStatus(OmMetadataReader.java:288) ~[ozone-manager-1.4.0-SNAPSHOT.jar:?]
	at org.apache.hadoop.ozone.om.OzoneManager.getFileStatus(OzoneManager.java:3450) ~[ozone-manager-1.4.0-SNAPSHOT.jar:?]
	at org.apache.hadoop.ozone.protocolPB.OzoneManagerRequestHandler.getOzoneFileStatus(OzoneManagerRequestHandler.java:933) ~[ozone-manager-1.4.0-SNAPSHOT.jar:?]
	at org.apache.hadoop.ozone.protocolPB.OzoneManagerRequestHandler.handleReadRequest(OzoneManagerRequestHandler.java:238) ~[ozone-manager-1.4.0-SNAPSHOT.jar:?]
	at org.apache.hadoop.ozone.protocolPB.OzoneManagerProtocolServerSideTranslatorPB.submitReadRequestToOM(OzoneManagerProtocolServerSideTranslatorPB.java:223) ~[ozone-manager-1.4.0-SNAPSHOT.jar:?]
	at org.apache.hadoop.ozone.protocolPB.OzoneManagerProtocolServerSideTranslatorPB.processRequest(OzoneManagerProtocolServerSideTranslatorPB.java:177) ~[ozone-manager-1.4.0-SNAPSHOT.jar:?]
	at org.apache.hadoop.hdds.server.OzoneProtocolMessageDispatcher.processRequest(OzoneProtocolMessageDispatcher.java:87) [hdds-server-framework-1.4.0-SNAPSHOT.jar:?]
	at org.apache.hadoop.ozone.protocolPB.OzoneManagerProtocolServerSideTranslatorPB.submitRequest(OzoneManagerProtocolServerSideTranslatorPB.java:147) [ozone-manager-1.4.0-SNAPSHOT.jar:?]
	at org.apache.hadoop.ozone.protocol.proto.OzoneManagerProtocolProtos$OzoneManagerService$2.callBlockingMethod(OzoneManagerProtocolProtos.java) [ozone-interface-client-1.4.0-SNAPSHOT.jar:?]
	at org.apache.hadoop.ipc.ProtobufRpcEngine$Server.processCall(ProtobufRpcEngine.java:465) [hadoop-common-3.3.4.jar:?]
	at org.apache.hadoop.ipc.ProtobufRpcEngine2$Server$ProtoBufRpcInvoker.call(ProtobufRpcEngine2.java:578) [hadoop-common-3.3.4.jar:?]
	at org.apache.hadoop.ipc.ProtobufRpcEngine2$Server$ProtoBufRpcInvoker.call(ProtobufRpcEngine2.java:556) [hadoop-common-3.3.4.jar:?]
	at org.apache.hadoop.ipc.RPC$Server.call(RPC.java:1093) [hadoop-common-3.3.4.jar:?]
	at org.apache.hadoop.ipc.Server$RpcCall.run(Server.java:1043) [hadoop-common-3.3.4.jar:?]
	at org.apache.hadoop.ipc.Server$RpcCall.run(Server.java:971) [hadoop-common-3.3.4.jar:?]
	at java.security.AccessController.doPrivileged(Native Method) ~[?:1.8.0_362]
	at javax.security.auth.Subject.doAs(Subject.java:422) [?:1.8.0_362]
	at org.apache.hadoop.security.UserGroupInformation.doAs(UserGroupInformation.java:1878) [hadoop-common-3.3.4.jar:?]
	at org.apache.hadoop.ipc.Server$Handler.run(Server.java:2976) [hadoop-common-3.3.4.jar:?]
13:38:03.430 [IPC Server handler 13 on default port 35721] ERROR OMAudit - user=runner | ip=127.0.0.1 | op=GET_FILE_STATUS {volume=volume06454, bucket=bucket10538, key=dir1/dir2/key1, dataSize=0, replicationConfig=null} | ret=FAILURE
org.apache.hadoop.ozone.om.exceptions.OMException: Unable to get file status: volume: volume06454 bucket: bucket10538 key: dir1/dir2/key1
	at org.apache.hadoop.ozone.om.KeyManagerImpl.getOzoneFileStatus(KeyManagerImpl.java:1162) ~[ozone-manager-1.4.0-SNAPSHOT.jar:?]
	at org.apache.hadoop.ozone.om.KeyManagerImpl.getFileStatus(KeyManagerImpl.java:1080) ~[ozone-manager-1.4.0-SNAPSHOT.jar:?]
	at org.apache.hadoop.ozone.om.OmMetadataReader.getFileStatus(OmMetadataReader.java:288) ~[ozone-manager-1.4.0-SNAPSHOT.jar:?]
	at org.apache.hadoop.ozone.om.OzoneManager.getFileStatus(OzoneManager.java:3450) ~[ozone-manager-1.4.0-SNAPSHOT.jar:?]
	at org.apache.hadoop.ozone.protocolPB.OzoneManagerRequestHandler.getOzoneFileStatus(OzoneManagerRequestHandler.java:933) ~[ozone-manager-1.4.0-SNAPSHOT.jar:?]
	at org.apache.hadoop.ozone.protocolPB.OzoneManagerRequestHandler.handleReadRequest(OzoneManagerRequestHandler.java:238) ~[ozone-manager-1.4.0-SNAPSHOT.jar:?]
	at org.apache.hadoop.ozone.protocolPB.OzoneManagerProtocolServerSideTranslatorPB.submitReadRequestToOM(OzoneManagerProtocolServerSideTranslatorPB.java:223) ~[ozone-manager-1.4.0-SNAPSHOT.jar:?]
	at org.apache.hadoop.ozone.protocolPB.OzoneManagerProtocolServerSideTranslatorPB.processRequest(OzoneManagerProtocolServerSideTranslatorPB.java:177) ~[ozone-manager-1.4.0-SNAPSHOT.jar:?]
	at org.apache.hadoop.hdds.server.OzoneProtocolMessageDispatcher.processRequest(OzoneProtocolMessageDispatcher.java:87) [hdds-server-framework-1.4.0-SNAPSHOT.jar:?]
	at org.apache.hadoop.ozone.protocolPB.OzoneManagerProtocolServerSideTranslatorPB.submitRequest(OzoneManagerProtocolServerSideTranslatorPB.java:147) [ozone-manager-1.4.0-SNAPSHOT.jar:?]
	at org.apache.hadoop.ozone.protocol.proto.OzoneManagerProtocolProtos$OzoneManagerService$2.callBlockingMethod(OzoneManagerProtocolProtos.java) [ozone-interface-client-1.4.0-SNAPSHOT.jar:?]
	at org.apache.hadoop.ipc.ProtobufRpcEngine$Server.processCall(ProtobufRpcEngine.java:465) [hadoop-common-3.3.4.jar:?]
	at org.apache.hadoop.ipc.ProtobufRpcEngine2$Server$ProtoBufRpcInvoker.call(ProtobufRpcEngine2.java:578) [hadoop-common-3.3.4.jar:?]
	at org.apache.hadoop.ipc.ProtobufRpcEngine2$Server$ProtoBufRpcInvoker.call(ProtobufRpcEngine2.java:556) [hadoop-common-3.3.4.jar:?]
	at org.apache.hadoop.ipc.RPC$Server.call(RPC.java:1093) [hadoop-common-3.3.4.jar:?]
	at org.apache.hadoop.ipc.Server$RpcCall.run(Server.java:1043) [hadoop-common-3.3.4.jar:?]
	at org.apache.hadoop.ipc.Server$RpcCall.run(Server.java:971) [hadoop-common-3.3.4.jar:?]
	at java.security.AccessController.doPrivileged(Native Method) ~[?:1.8.0_362]
	at javax.security.auth.Subject.doAs(Subject.java:422) [?:1.8.0_362]
	at org.apache.hadoop.security.UserGroupInformation.doAs(UserGroupInformation.java:1878) [hadoop-common-3.3.4.jar:?]
	at org.apache.hadoop.ipc.Server$Handler.run(Server.java:2976) [hadoop-common-3.3.4.jar:?]
13:38:03.433 [IPC Server handler 3 on default port 35721] ERROR OMAudit - user=runner | ip=127.0.0.1 | op=GET_FILE_STATUS {volume=volume06454, bucket=bucket10538, key=user/runner/dir1, dataSize=0, replicationConfig=null} | ret=FAILURE
org.apache.hadoop.ozone.om.exceptions.OMException: Unable to get file status: volume: volume06454 bucket: bucket10538 key: user/runner/dir1
	at org.apache.hadoop.ozone.om.KeyManagerImpl.getOzoneFileStatus(KeyManagerImpl.java:1162) ~[ozone-manager-1.4.0-SNAPSHOT.jar:?]
	at org.apache.hadoop.ozone.om.KeyManagerImpl.getFileStatus(KeyManagerImpl.java:1080) ~[ozone-manager-1.4.0-SNAPSHOT.jar:?]
	at org.apache.hadoop.ozone.om.OmMetadataReader.getFileStatus(OmMetadataReader.java:288) ~[ozone-manager-1.4.0-SNAPSHOT.jar:?]
	at org.apache.hadoop.ozone.om.OzoneManager.getFileStatus(OzoneManager.java:3450) ~[ozone-manager-1.4.0-SNAPSHOT.jar:?]
	at org.apache.hadoop.ozone.protocolPB.OzoneManagerRequestHandler.getOzoneFileStatus(OzoneManagerRequestHandler.java:933) ~[ozone-manager-1.4.0-SNAPSHOT.jar:?]
	at org.apache.hadoop.ozone.protocolPB.OzoneManagerRequestHandler.handleReadRequest(OzoneManagerRequestHandler.java:238) ~[ozone-manager-1.4.0-SNAPSHOT.jar:?]
	at org.apache.hadoop.ozone.protocolPB.OzoneManagerProtocolServerSideTranslatorPB.submitReadRequestToOM(OzoneManagerProtocolServerSideTranslatorPB.java:223) ~[ozone-manager-1.4.0-SNAPSHOT.jar:?]
	at org.apache.hadoop.ozone.protocolPB.OzoneManagerProtocolServerSideTranslatorPB.processRequest(OzoneManagerProtocolServerSideTranslatorPB.java:177) ~[ozone-manager-1.4.0-SNAPSHOT.jar:?]
	at org.apache.hadoop.hdds.server.OzoneProtocolMessageDispatcher.processRequest(OzoneProtocolMessageDispatcher.java:87) [hdds-server-framework-1.4.0-SNAPSHOT.jar:?]
	at org.apache.hadoop.ozone.protocolPB.OzoneManagerProtocolServerSideTranslatorPB.submitRequest(OzoneManagerProtocolServerSideTranslatorPB.java:147) [ozone-manager-1.4.0-SNAPSHOT.jar:?]
	at org.apache.hadoop.ozone.protocol.proto.OzoneManagerProtocolProtos$OzoneManagerService$2.callBlockingMethod(OzoneManagerProtocolProtos.java) [ozone-interface-client-1.4.0-SNAPSHOT.jar:?]
	at org.apache.hadoop.ipc.ProtobufRpcEngine$Server.processCall(ProtobufRpcEngine.java:465) [hadoop-common-3.3.4.jar:?]
	at org.apache.hadoop.ipc.ProtobufRpcEngine2$Server$ProtoBufRpcInvoker.call(ProtobufRpcEngine2.java:578) [hadoop-common-3.3.4.jar:?]
	at org.apache.hadoop.ipc.ProtobufRpcEngine2$Server$ProtoBufRpcInvoker.call(ProtobufRpcEngine2.java:556) [hadoop-common-3.3.4.jar:?]
	at org.apache.hadoop.ipc.RPC$Server.call(RPC.java:1093) [hadoop-common-3.3.4.jar:?]
	at org.apache.hadoop.ipc.Server$RpcCall.run(Server.java:1043) [hadoop-common-3.3.4.jar:?]
	at org.apache.hadoop.ipc.Server$RpcCall.run(Server.java:971) [hadoop-common-3.3.4.jar:?]
	at java.security.AccessController.doPrivileged(Native Method) ~[?:1.8.0_362]
	at javax.security.auth.Subject.doAs(Subject.java:422) [?:1.8.0_362]
	at org.apache.hadoop.security.UserGroupInformation.doAs(UserGroupInformation.java:1878) [hadoop-common-3.3.4.jar:?]
	at org.apache.hadoop.ipc.Server$Handler.run(Server.java:2976) [hadoop-common-3.3.4.jar:?]
13:38:03.434 [IPC Server handler 11 on default port 35721] ERROR OMAudit - user=runner | ip=127.0.0.1 | op=GET_FILE_STATUS {volume=volume06454, bucket=bucket10538, key=user/runner/dir1/dir2, dataSize=0, replicationConfig=null} | ret=FAILURE
org.apache.hadoop.ozone.om.exceptions.OMException: Unable to get file status: volume: volume06454 bucket: bucket10538 key: user/runner/dir1/dir2
	at org.apache.hadoop.ozone.om.KeyManagerImpl.getOzoneFileStatus(KeyManagerImpl.java:1162) ~[ozone-manager-1.4.0-SNAPSHOT.jar:?]
	at org.apache.hadoop.ozone.om.KeyManagerImpl.getFileStatus(KeyManagerImpl.java:1080) ~[ozone-manager-1.4.0-SNAPSHOT.jar:?]
	at org.apache.hadoop.ozone.om.OmMetadataReader.getFileStatus(OmMetadataReader.java:288) ~[ozone-manager-1.4.0-SNAPSHOT.jar:?]
	at org.apache.hadoop.ozone.om.OzoneManager.getFileStatus(OzoneManager.java:3450) ~[ozone-manager-1.4.0-SNAPSHOT.jar:?]
	at org.apache.hadoop.ozone.protocolPB.OzoneManagerRequestHandler.getOzoneFileStatus(OzoneManagerRequestHandler.java:933) ~[ozone-manager-1.4.0-SNAPSHOT.jar:?]
	at org.apache.hadoop.ozone.protocolPB.OzoneManagerRequestHandler.handleReadRequest(OzoneManagerRequestHandler.java:238) ~[ozone-manager-1.4.0-SNAPSHOT.jar:?]
	at org.apache.hadoop.ozone.protocolPB.OzoneManagerProtocolServerSideTranslatorPB.submitReadRequestToOM(OzoneManagerProtocolServerSideTranslatorPB.java:223) ~[ozone-manager-1.4.0-SNAPSHOT.jar:?]
	at org.apache.hadoop.ozone.protocolPB.OzoneManagerProtocolServerSideTranslatorPB.processRequest(OzoneManagerProtocolServerSideTranslatorPB.java:177) ~[ozone-manager-1.4.0-SNAPSHOT.jar:?]
	at org.apache.hadoop.hdds.server.OzoneProtocolMessageDispatcher.processRequest(OzoneProtocolMessageDispatcher.java:87) [hdds-server-framework-1.4.0-SNAPSHOT.jar:?]
	at org.apache.hadoop.ozone.protocolPB.OzoneManagerProtocolServerSideTranslatorPB.submitRequest(OzoneManagerProtocolServerSideTranslatorPB.java:147) [ozone-manager-1.4.0-SNAPSHOT.jar:?]
	at org.apache.hadoop.ozone.protocol.proto.OzoneManagerProtocolProtos$OzoneManagerService$2.callBlockingMethod(OzoneManagerProtocolProtos.java) [ozone-interface-client-1.4.0-SNAPSHOT.jar:?]
	at org.apache.hadoop.ipc.ProtobufRpcEngine$Server.processCall(ProtobufRpcEngine.java:465) [hadoop-common-3.3.4.jar:?]
	at org.apache.hadoop.ipc.ProtobufRpcEngine2$Server$ProtoBufRpcInvoker.call(ProtobufRpcEngine2.java:578) [hadoop-common-3.3.4.jar:?]
	at org.apache.hadoop.ipc.ProtobufRpcEngine2$Server$ProtoBufRpcInvoker.call(ProtobufRpcEngine2.java:556) [hadoop-common-3.3.4.jar:?]
	at org.apache.hadoop.ipc.RPC$Server.call(RPC.java:1093) [hadoop-common-3.3.4.jar:?]
	at org.apache.hadoop.ipc.Server$RpcCall.run(Server.java:1043) [hadoop-common-3.3.4.jar:?]
	at org.apache.hadoop.ipc.Server$RpcCall.run(Server.java:971) [hadoop-common-3.3.4.jar:?]
	at java.security.AccessController.doPrivileged(Native Method) ~[?:1.8.0_362]
	at javax.security.auth.Subject.doAs(Subject.java:422) [?:1.8.0_362]
	at org.apache.hadoop.security.UserGroupInformation.doAs(UserGroupInformation.java:1878) [hadoop-common-3.3.4.jar:?]
	at org.apache.hadoop.ipc.Server$Handler.run(Server.java:2976) [hadoop-common-3.3.4.jar:?]
]]></system-out>
  </testcase>
  <testcase name="testRenameContainDelimiterFile" classname="TestOzoneFileSystem" time="0.021">
    <system-out><![CDATA[2023-02-21 13:39:26,753 [IPC Server handler 3 on default port 40229] INFO  key.OMKeyRequest (OMKeyRequest.java:wrapUncommittedBlocksAsPseudoKey(837)) - Detect allocated but uncommitted blocks [{blockID={containerID=6, localID=111677748019200038}, length=4194304, offset=0, token=null, pipeline=null, createVersion=0, partNumber=0}] in key dir1/dir2/key1.
13:39:26.755 [IPC Server handler 16 on default port 40229] ERROR OMAudit - user=runner | ip=127.0.0.1 | op=GET_FILE_STATUS {volume=volume46490, bucket=bucket73093, key=dir1/dir2/key2, dataSize=0, replicationConfig=null} | ret=FAILURE
org.apache.hadoop.ozone.om.exceptions.OMException: Unable to get file status: volume: volume46490 bucket: bucket73093 key: dir1/dir2/key2
	at org.apache.hadoop.ozone.om.KeyManagerImpl.getOzoneFileStatus(KeyManagerImpl.java:1162) ~[ozone-manager-1.4.0-SNAPSHOT.jar:?]
	at org.apache.hadoop.ozone.om.KeyManagerImpl.getFileStatus(KeyManagerImpl.java:1080) ~[ozone-manager-1.4.0-SNAPSHOT.jar:?]
	at org.apache.hadoop.ozone.om.OmMetadataReader.getFileStatus(OmMetadataReader.java:288) ~[ozone-manager-1.4.0-SNAPSHOT.jar:?]
	at org.apache.hadoop.ozone.om.OzoneManager.getFileStatus(OzoneManager.java:3450) ~[ozone-manager-1.4.0-SNAPSHOT.jar:?]
	at org.apache.hadoop.ozone.protocolPB.OzoneManagerRequestHandler.getOzoneFileStatus(OzoneManagerRequestHandler.java:933) ~[ozone-manager-1.4.0-SNAPSHOT.jar:?]
	at org.apache.hadoop.ozone.protocolPB.OzoneManagerRequestHandler.handleReadRequest(OzoneManagerRequestHandler.java:238) ~[ozone-manager-1.4.0-SNAPSHOT.jar:?]
	at org.apache.hadoop.ozone.protocolPB.OzoneManagerProtocolServerSideTranslatorPB.submitRequestDirectlyToOM(OzoneManagerProtocolServerSideTranslatorPB.java:271) ~[ozone-manager-1.4.0-SNAPSHOT.jar:?]
	at org.apache.hadoop.ozone.protocolPB.OzoneManagerProtocolServerSideTranslatorPB.processRequest(OzoneManagerProtocolServerSideTranslatorPB.java:173) ~[ozone-manager-1.4.0-SNAPSHOT.jar:?]
	at org.apache.hadoop.hdds.server.OzoneProtocolMessageDispatcher.processRequest(OzoneProtocolMessageDispatcher.java:87) [hdds-server-framework-1.4.0-SNAPSHOT.jar:?]
	at org.apache.hadoop.ozone.protocolPB.OzoneManagerProtocolServerSideTranslatorPB.submitRequest(OzoneManagerProtocolServerSideTranslatorPB.java:147) [ozone-manager-1.4.0-SNAPSHOT.jar:?]
	at org.apache.hadoop.ozone.protocol.proto.OzoneManagerProtocolProtos$OzoneManagerService$2.callBlockingMethod(OzoneManagerProtocolProtos.java) [ozone-interface-client-1.4.0-SNAPSHOT.jar:?]
	at org.apache.hadoop.ipc.ProtobufRpcEngine$Server.processCall(ProtobufRpcEngine.java:465) [hadoop-common-3.3.4.jar:?]
	at org.apache.hadoop.ipc.ProtobufRpcEngine2$Server$ProtoBufRpcInvoker.call(ProtobufRpcEngine2.java:578) [hadoop-common-3.3.4.jar:?]
	at org.apache.hadoop.ipc.ProtobufRpcEngine2$Server$ProtoBufRpcInvoker.call(ProtobufRpcEngine2.java:556) [hadoop-common-3.3.4.jar:?]
	at org.apache.hadoop.ipc.RPC$Server.call(RPC.java:1093) [hadoop-common-3.3.4.jar:?]
	at org.apache.hadoop.ipc.Server$RpcCall.run(Server.java:1043) [hadoop-common-3.3.4.jar:?]
	at org.apache.hadoop.ipc.Server$RpcCall.run(Server.java:971) [hadoop-common-3.3.4.jar:?]
	at java.security.AccessController.doPrivileged(Native Method) ~[?:1.8.0_362]
	at javax.security.auth.Subject.doAs(Subject.java:422) [?:1.8.0_362]
	at org.apache.hadoop.security.UserGroupInformation.doAs(UserGroupInformation.java:1878) [hadoop-common-3.3.4.jar:?]
	at org.apache.hadoop.ipc.Server$Handler.run(Server.java:2976) [hadoop-common-3.3.4.jar:?]
13:39:26.760 [IPC Server handler 9 on default port 40229] ERROR OMAudit - user=runner | ip=127.0.0.1 | op=GET_FILE_STATUS {volume=volume46490, bucket=bucket73093, key=dir1/dir2/key1, dataSize=0, replicationConfig=null} | ret=FAILURE
org.apache.hadoop.ozone.om.exceptions.OMException: Unable to get file status: volume: volume46490 bucket: bucket73093 key: dir1/dir2/key1
	at org.apache.hadoop.ozone.om.KeyManagerImpl.getOzoneFileStatus(KeyManagerImpl.java:1162) ~[ozone-manager-1.4.0-SNAPSHOT.jar:?]
	at org.apache.hadoop.ozone.om.KeyManagerImpl.getFileStatus(KeyManagerImpl.java:1080) ~[ozone-manager-1.4.0-SNAPSHOT.jar:?]
	at org.apache.hadoop.ozone.om.OmMetadataReader.getFileStatus(OmMetadataReader.java:288) ~[ozone-manager-1.4.0-SNAPSHOT.jar:?]
	at org.apache.hadoop.ozone.om.OzoneManager.getFileStatus(OzoneManager.java:3450) ~[ozone-manager-1.4.0-SNAPSHOT.jar:?]
	at org.apache.hadoop.ozone.protocolPB.OzoneManagerRequestHandler.getOzoneFileStatus(OzoneManagerRequestHandler.java:933) ~[ozone-manager-1.4.0-SNAPSHOT.jar:?]
	at org.apache.hadoop.ozone.protocolPB.OzoneManagerRequestHandler.handleReadRequest(OzoneManagerRequestHandler.java:238) ~[ozone-manager-1.4.0-SNAPSHOT.jar:?]
	at org.apache.hadoop.ozone.protocolPB.OzoneManagerProtocolServerSideTranslatorPB.submitRequestDirectlyToOM(OzoneManagerProtocolServerSideTranslatorPB.java:271) ~[ozone-manager-1.4.0-SNAPSHOT.jar:?]
	at org.apache.hadoop.ozone.protocolPB.OzoneManagerProtocolServerSideTranslatorPB.processRequest(OzoneManagerProtocolServerSideTranslatorPB.java:173) ~[ozone-manager-1.4.0-SNAPSHOT.jar:?]
	at org.apache.hadoop.hdds.server.OzoneProtocolMessageDispatcher.processRequest(OzoneProtocolMessageDispatcher.java:87) [hdds-server-framework-1.4.0-SNAPSHOT.jar:?]
	at org.apache.hadoop.ozone.protocolPB.OzoneManagerProtocolServerSideTranslatorPB.submitRequest(OzoneManagerProtocolServerSideTranslatorPB.java:147) [ozone-manager-1.4.0-SNAPSHOT.jar:?]
	at org.apache.hadoop.ozone.protocol.proto.OzoneManagerProtocolProtos$OzoneManagerService$2.callBlockingMethod(OzoneManagerProtocolProtos.java) [ozone-interface-client-1.4.0-SNAPSHOT.jar:?]
	at org.apache.hadoop.ipc.ProtobufRpcEngine$Server.processCall(ProtobufRpcEngine.java:465) [hadoop-common-3.3.4.jar:?]
	at org.apache.hadoop.ipc.ProtobufRpcEngine2$Server$ProtoBufRpcInvoker.call(ProtobufRpcEngine2.java:578) [hadoop-common-3.3.4.jar:?]
	at org.apache.hadoop.ipc.ProtobufRpcEngine2$Server$ProtoBufRpcInvoker.call(ProtobufRpcEngine2.java:556) [hadoop-common-3.3.4.jar:?]
	at org.apache.hadoop.ipc.RPC$Server.call(RPC.java:1093) [hadoop-common-3.3.4.jar:?]
	at org.apache.hadoop.ipc.Server$RpcCall.run(Server.java:1043) [hadoop-common-3.3.4.jar:?]
	at org.apache.hadoop.ipc.Server$RpcCall.run(Server.java:971) [hadoop-common-3.3.4.jar:?]
	at java.security.AccessController.doPrivileged(Native Method) ~[?:1.8.0_362]
	at javax.security.auth.Subject.doAs(Subject.java:422) [?:1.8.0_362]
	at org.apache.hadoop.security.UserGroupInformation.doAs(UserGroupInformation.java:1878) [hadoop-common-3.3.4.jar:?]
	at org.apache.hadoop.ipc.Server$Handler.run(Server.java:2976) [hadoop-common-3.3.4.jar:?]
13:39:26.761 [IPC Server handler 7 on default port 40229] ERROR OMAudit - user=runner | ip=127.0.0.1 | op=GET_FILE_STATUS {volume=volume46490, bucket=bucket73093, key=user/runner/dir1, dataSize=0, replicationConfig=null} | ret=FAILURE
org.apache.hadoop.ozone.om.exceptions.OMException: Unable to get file status: volume: volume46490 bucket: bucket73093 key: user/runner/dir1
	at org.apache.hadoop.ozone.om.KeyManagerImpl.getOzoneFileStatus(KeyManagerImpl.java:1162) ~[ozone-manager-1.4.0-SNAPSHOT.jar:?]
	at org.apache.hadoop.ozone.om.KeyManagerImpl.getFileStatus(KeyManagerImpl.java:1080) ~[ozone-manager-1.4.0-SNAPSHOT.jar:?]
	at org.apache.hadoop.ozone.om.OmMetadataReader.getFileStatus(OmMetadataReader.java:288) ~[ozone-manager-1.4.0-SNAPSHOT.jar:?]
	at org.apache.hadoop.ozone.om.OzoneManager.getFileStatus(OzoneManager.java:3450) ~[ozone-manager-1.4.0-SNAPSHOT.jar:?]
	at org.apache.hadoop.ozone.protocolPB.OzoneManagerRequestHandler.getOzoneFileStatus(OzoneManagerRequestHandler.java:933) ~[ozone-manager-1.4.0-SNAPSHOT.jar:?]
	at org.apache.hadoop.ozone.protocolPB.OzoneManagerRequestHandler.handleReadRequest(OzoneManagerRequestHandler.java:238) ~[ozone-manager-1.4.0-SNAPSHOT.jar:?]
	at org.apache.hadoop.ozone.protocolPB.OzoneManagerProtocolServerSideTranslatorPB.submitRequestDirectlyToOM(OzoneManagerProtocolServerSideTranslatorPB.java:271) ~[ozone-manager-1.4.0-SNAPSHOT.jar:?]
	at org.apache.hadoop.ozone.protocolPB.OzoneManagerProtocolServerSideTranslatorPB.processRequest(OzoneManagerProtocolServerSideTranslatorPB.java:173) ~[ozone-manager-1.4.0-SNAPSHOT.jar:?]
	at org.apache.hadoop.hdds.server.OzoneProtocolMessageDispatcher.processRequest(OzoneProtocolMessageDispatcher.java:87) [hdds-server-framework-1.4.0-SNAPSHOT.jar:?]
	at org.apache.hadoop.ozone.protocolPB.OzoneManagerProtocolServerSideTranslatorPB.submitRequest(OzoneManagerProtocolServerSideTranslatorPB.java:147) [ozone-manager-1.4.0-SNAPSHOT.jar:?]
	at org.apache.hadoop.ozone.protocol.proto.OzoneManagerProtocolProtos$OzoneManagerService$2.callBlockingMethod(OzoneManagerProtocolProtos.java) [ozone-interface-client-1.4.0-SNAPSHOT.jar:?]
	at org.apache.hadoop.ipc.ProtobufRpcEngine$Server.processCall(ProtobufRpcEngine.java:465) [hadoop-common-3.3.4.jar:?]
	at org.apache.hadoop.ipc.ProtobufRpcEngine2$Server$ProtoBufRpcInvoker.call(ProtobufRpcEngine2.java:578) [hadoop-common-3.3.4.jar:?]
	at org.apache.hadoop.ipc.ProtobufRpcEngine2$Server$ProtoBufRpcInvoker.call(ProtobufRpcEngine2.java:556) [hadoop-common-3.3.4.jar:?]
	at org.apache.hadoop.ipc.RPC$Server.call(RPC.java:1093) [hadoop-common-3.3.4.jar:?]
	at org.apache.hadoop.ipc.Server$RpcCall.run(Server.java:1043) [hadoop-common-3.3.4.jar:?]
	at org.apache.hadoop.ipc.Server$RpcCall.run(Server.java:971) [hadoop-common-3.3.4.jar:?]
	at java.security.AccessController.doPrivileged(Native Method) ~[?:1.8.0_362]
	at javax.security.auth.Subject.doAs(Subject.java:422) [?:1.8.0_362]
	at org.apache.hadoop.security.UserGroupInformation.doAs(UserGroupInformation.java:1878) [hadoop-common-3.3.4.jar:?]
	at org.apache.hadoop.ipc.Server$Handler.run(Server.java:2976) [hadoop-common-3.3.4.jar:?]
13:39:26.762 [IPC Server handler 10 on default port 40229] ERROR OMAudit - user=runner | ip=127.0.0.1 | op=GET_FILE_STATUS {volume=volume46490, bucket=bucket73093, key=user/runner/dir1/dir2, dataSize=0, replicationConfig=null} | ret=FAILURE
org.apache.hadoop.ozone.om.exceptions.OMException: Unable to get file status: volume: volume46490 bucket: bucket73093 key: user/runner/dir1/dir2
	at org.apache.hadoop.ozone.om.KeyManagerImpl.getOzoneFileStatus(KeyManagerImpl.java:1162) ~[ozone-manager-1.4.0-SNAPSHOT.jar:?]
	at org.apache.hadoop.ozone.om.KeyManagerImpl.getFileStatus(KeyManagerImpl.java:1080) ~[ozone-manager-1.4.0-SNAPSHOT.jar:?]
	at org.apache.hadoop.ozone.om.OmMetadataReader.getFileStatus(OmMetadataReader.java:288) ~[ozone-manager-1.4.0-SNAPSHOT.jar:?]
	at org.apache.hadoop.ozone.om.OzoneManager.getFileStatus(OzoneManager.java:3450) ~[ozone-manager-1.4.0-SNAPSHOT.jar:?]
	at org.apache.hadoop.ozone.protocolPB.OzoneManagerRequestHandler.getOzoneFileStatus(OzoneManagerRequestHandler.java:933) ~[ozone-manager-1.4.0-SNAPSHOT.jar:?]
	at org.apache.hadoop.ozone.protocolPB.OzoneManagerRequestHandler.handleReadRequest(OzoneManagerRequestHandler.java:238) ~[ozone-manager-1.4.0-SNAPSHOT.jar:?]
	at org.apache.hadoop.ozone.protocolPB.OzoneManagerProtocolServerSideTranslatorPB.submitRequestDirectlyToOM(OzoneManagerProtocolServerSideTranslatorPB.java:271) ~[ozone-manager-1.4.0-SNAPSHOT.jar:?]
	at org.apache.hadoop.ozone.protocolPB.OzoneManagerProtocolServerSideTranslatorPB.processRequest(OzoneManagerProtocolServerSideTranslatorPB.java:173) ~[ozone-manager-1.4.0-SNAPSHOT.jar:?]
	at org.apache.hadoop.hdds.server.OzoneProtocolMessageDispatcher.processRequest(OzoneProtocolMessageDispatcher.java:87) [hdds-server-framework-1.4.0-SNAPSHOT.jar:?]
	at org.apache.hadoop.ozone.protocolPB.OzoneManagerProtocolServerSideTranslatorPB.submitRequest(OzoneManagerProtocolServerSideTranslatorPB.java:147) [ozone-manager-1.4.0-SNAPSHOT.jar:?]
	at org.apache.hadoop.ozone.protocol.proto.OzoneManagerProtocolProtos$OzoneManagerService$2.callBlockingMethod(OzoneManagerProtocolProtos.java) [ozone-interface-client-1.4.0-SNAPSHOT.jar:?]
	at org.apache.hadoop.ipc.ProtobufRpcEngine$Server.processCall(ProtobufRpcEngine.java:465) [hadoop-common-3.3.4.jar:?]
	at org.apache.hadoop.ipc.ProtobufRpcEngine2$Server$ProtoBufRpcInvoker.call(ProtobufRpcEngine2.java:578) [hadoop-common-3.3.4.jar:?]
	at org.apache.hadoop.ipc.ProtobufRpcEngine2$Server$ProtoBufRpcInvoker.call(ProtobufRpcEngine2.java:556) [hadoop-common-3.3.4.jar:?]
	at org.apache.hadoop.ipc.RPC$Server.call(RPC.java:1093) [hadoop-common-3.3.4.jar:?]
	at org.apache.hadoop.ipc.Server$RpcCall.run(Server.java:1043) [hadoop-common-3.3.4.jar:?]
	at org.apache.hadoop.ipc.Server$RpcCall.run(Server.java:971) [hadoop-common-3.3.4.jar:?]
	at java.security.AccessController.doPrivileged(Native Method) ~[?:1.8.0_362]
	at javax.security.auth.Subject.doAs(Subject.java:422) [?:1.8.0_362]
	at org.apache.hadoop.security.UserGroupInformation.doAs(UserGroupInformation.java:1878) [hadoop-common-3.3.4.jar:?]
	at org.apache.hadoop.ipc.Server$Handler.run(Server.java:2976) [hadoop-common-3.3.4.jar:?]
]]></system-out>
  </testcase>
  <testcase name="testRenameContainDelimiterFile" classname="TestOzoneFileSystem" time="0.029">
    <system-out><![CDATA[2023-02-21 13:40:25,321 [OM StateMachine ApplyTransaction Thread - 0] INFO  key.OMKeyRequest (OMKeyRequest.java:wrapUncommittedBlocksAsPseudoKey(837)) - Detect allocated but uncommitted blocks [{blockID={containerID=6, localID=111677748019200038}, length=4194304, offset=0, token=null, pipeline=null, createVersion=0, partNumber=0}] in key dir1/dir2/key1.
13:40:25.325 [IPC Server handler 13 on default port 34503] ERROR OMAudit - user=runner | ip=127.0.0.1 | op=GET_FILE_STATUS {volume=volume47855, bucket=bucket64015, key=dir1/dir2/key2, dataSize=0, replicationConfig=null} | ret=FAILURE
org.apache.hadoop.ozone.om.exceptions.OMException: Unable to get file status: volume: volume47855 bucket: bucket64015 key: dir1/dir2/key2
	at org.apache.hadoop.ozone.om.KeyManagerImpl.getOzoneFileStatus(KeyManagerImpl.java:1162) ~[ozone-manager-1.4.0-SNAPSHOT.jar:?]
	at org.apache.hadoop.ozone.om.KeyManagerImpl.getFileStatus(KeyManagerImpl.java:1080) ~[ozone-manager-1.4.0-SNAPSHOT.jar:?]
	at org.apache.hadoop.ozone.om.OmMetadataReader.getFileStatus(OmMetadataReader.java:288) ~[ozone-manager-1.4.0-SNAPSHOT.jar:?]
	at org.apache.hadoop.ozone.om.OzoneManager.getFileStatus(OzoneManager.java:3450) ~[ozone-manager-1.4.0-SNAPSHOT.jar:?]
	at org.apache.hadoop.ozone.protocolPB.OzoneManagerRequestHandler.getOzoneFileStatus(OzoneManagerRequestHandler.java:933) ~[ozone-manager-1.4.0-SNAPSHOT.jar:?]
	at org.apache.hadoop.ozone.protocolPB.OzoneManagerRequestHandler.handleReadRequest(OzoneManagerRequestHandler.java:238) ~[ozone-manager-1.4.0-SNAPSHOT.jar:?]
	at org.apache.hadoop.ozone.protocolPB.OzoneManagerProtocolServerSideTranslatorPB.submitReadRequestToOM(OzoneManagerProtocolServerSideTranslatorPB.java:223) ~[ozone-manager-1.4.0-SNAPSHOT.jar:?]
	at org.apache.hadoop.ozone.protocolPB.OzoneManagerProtocolServerSideTranslatorPB.processRequest(OzoneManagerProtocolServerSideTranslatorPB.java:177) ~[ozone-manager-1.4.0-SNAPSHOT.jar:?]
	at org.apache.hadoop.hdds.server.OzoneProtocolMessageDispatcher.processRequest(OzoneProtocolMessageDispatcher.java:87) [hdds-server-framework-1.4.0-SNAPSHOT.jar:?]
	at org.apache.hadoop.ozone.protocolPB.OzoneManagerProtocolServerSideTranslatorPB.submitRequest(OzoneManagerProtocolServerSideTranslatorPB.java:147) [ozone-manager-1.4.0-SNAPSHOT.jar:?]
	at org.apache.hadoop.ozone.protocol.proto.OzoneManagerProtocolProtos$OzoneManagerService$2.callBlockingMethod(OzoneManagerProtocolProtos.java) [ozone-interface-client-1.4.0-SNAPSHOT.jar:?]
	at org.apache.hadoop.ipc.ProtobufRpcEngine$Server.processCall(ProtobufRpcEngine.java:465) [hadoop-common-3.3.4.jar:?]
	at org.apache.hadoop.ipc.ProtobufRpcEngine2$Server$ProtoBufRpcInvoker.call(ProtobufRpcEngine2.java:578) [hadoop-common-3.3.4.jar:?]
	at org.apache.hadoop.ipc.ProtobufRpcEngine2$Server$ProtoBufRpcInvoker.call(ProtobufRpcEngine2.java:556) [hadoop-common-3.3.4.jar:?]
	at org.apache.hadoop.ipc.RPC$Server.call(RPC.java:1093) [hadoop-common-3.3.4.jar:?]
	at org.apache.hadoop.ipc.Server$RpcCall.run(Server.java:1043) [hadoop-common-3.3.4.jar:?]
	at org.apache.hadoop.ipc.Server$RpcCall.run(Server.java:971) [hadoop-common-3.3.4.jar:?]
	at java.security.AccessController.doPrivileged(Native Method) ~[?:1.8.0_362]
	at javax.security.auth.Subject.doAs(Subject.java:422) [?:1.8.0_362]
	at org.apache.hadoop.security.UserGroupInformation.doAs(UserGroupInformation.java:1878) [hadoop-common-3.3.4.jar:?]
	at org.apache.hadoop.ipc.Server$Handler.run(Server.java:2976) [hadoop-common-3.3.4.jar:?]
13:40:25.331 [IPC Server handler 0 on default port 34503] ERROR OMAudit - user=runner | ip=127.0.0.1 | op=GET_FILE_STATUS {volume=volume47855, bucket=bucket64015, key=dir1/dir2/key1, dataSize=0, replicationConfig=null} | ret=FAILURE
org.apache.hadoop.ozone.om.exceptions.OMException: Unable to get file status: volume: volume47855 bucket: bucket64015 key: dir1/dir2/key1
	at org.apache.hadoop.ozone.om.KeyManagerImpl.getOzoneFileStatus(KeyManagerImpl.java:1162) ~[ozone-manager-1.4.0-SNAPSHOT.jar:?]
	at org.apache.hadoop.ozone.om.KeyManagerImpl.getFileStatus(KeyManagerImpl.java:1080) ~[ozone-manager-1.4.0-SNAPSHOT.jar:?]
	at org.apache.hadoop.ozone.om.OmMetadataReader.getFileStatus(OmMetadataReader.java:288) ~[ozone-manager-1.4.0-SNAPSHOT.jar:?]
	at org.apache.hadoop.ozone.om.OzoneManager.getFileStatus(OzoneManager.java:3450) ~[ozone-manager-1.4.0-SNAPSHOT.jar:?]
	at org.apache.hadoop.ozone.protocolPB.OzoneManagerRequestHandler.getOzoneFileStatus(OzoneManagerRequestHandler.java:933) ~[ozone-manager-1.4.0-SNAPSHOT.jar:?]
	at org.apache.hadoop.ozone.protocolPB.OzoneManagerRequestHandler.handleReadRequest(OzoneManagerRequestHandler.java:238) ~[ozone-manager-1.4.0-SNAPSHOT.jar:?]
	at org.apache.hadoop.ozone.protocolPB.OzoneManagerProtocolServerSideTranslatorPB.submitReadRequestToOM(OzoneManagerProtocolServerSideTranslatorPB.java:223) ~[ozone-manager-1.4.0-SNAPSHOT.jar:?]
	at org.apache.hadoop.ozone.protocolPB.OzoneManagerProtocolServerSideTranslatorPB.processRequest(OzoneManagerProtocolServerSideTranslatorPB.java:177) ~[ozone-manager-1.4.0-SNAPSHOT.jar:?]
	at org.apache.hadoop.hdds.server.OzoneProtocolMessageDispatcher.processRequest(OzoneProtocolMessageDispatcher.java:87) [hdds-server-framework-1.4.0-SNAPSHOT.jar:?]
	at org.apache.hadoop.ozone.protocolPB.OzoneManagerProtocolServerSideTranslatorPB.submitRequest(OzoneManagerProtocolServerSideTranslatorPB.java:147) [ozone-manager-1.4.0-SNAPSHOT.jar:?]
	at org.apache.hadoop.ozone.protocol.proto.OzoneManagerProtocolProtos$OzoneManagerService$2.callBlockingMethod(OzoneManagerProtocolProtos.java) [ozone-interface-client-1.4.0-SNAPSHOT.jar:?]
	at org.apache.hadoop.ipc.ProtobufRpcEngine$Server.processCall(ProtobufRpcEngine.java:465) [hadoop-common-3.3.4.jar:?]
	at org.apache.hadoop.ipc.ProtobufRpcEngine2$Server$ProtoBufRpcInvoker.call(ProtobufRpcEngine2.java:578) [hadoop-common-3.3.4.jar:?]
	at org.apache.hadoop.ipc.ProtobufRpcEngine2$Server$ProtoBufRpcInvoker.call(ProtobufRpcEngine2.java:556) [hadoop-common-3.3.4.jar:?]
	at org.apache.hadoop.ipc.RPC$Server.call(RPC.java:1093) [hadoop-common-3.3.4.jar:?]
	at org.apache.hadoop.ipc.Server$RpcCall.run(Server.java:1043) [hadoop-common-3.3.4.jar:?]
	at org.apache.hadoop.ipc.Server$RpcCall.run(Server.java:971) [hadoop-common-3.3.4.jar:?]
	at java.security.AccessController.doPrivileged(Native Method) ~[?:1.8.0_362]
	at javax.security.auth.Subject.doAs(Subject.java:422) [?:1.8.0_362]
	at org.apache.hadoop.security.UserGroupInformation.doAs(UserGroupInformation.java:1878) [hadoop-common-3.3.4.jar:?]
	at org.apache.hadoop.ipc.Server$Handler.run(Server.java:2976) [hadoop-common-3.3.4.jar:?]
13:40:25.332 [IPC Server handler 11 on default port 34503] ERROR OMAudit - user=runner | ip=127.0.0.1 | op=GET_FILE_STATUS {volume=volume47855, bucket=bucket64015, key=user/runner/dir1, dataSize=0, replicationConfig=null} | ret=FAILURE
org.apache.hadoop.ozone.om.exceptions.OMException: Unable to get file status: volume: volume47855 bucket: bucket64015 key: user/runner/dir1
	at org.apache.hadoop.ozone.om.KeyManagerImpl.getOzoneFileStatus(KeyManagerImpl.java:1162) ~[ozone-manager-1.4.0-SNAPSHOT.jar:?]
	at org.apache.hadoop.ozone.om.KeyManagerImpl.getFileStatus(KeyManagerImpl.java:1080) ~[ozone-manager-1.4.0-SNAPSHOT.jar:?]
	at org.apache.hadoop.ozone.om.OmMetadataReader.getFileStatus(OmMetadataReader.java:288) ~[ozone-manager-1.4.0-SNAPSHOT.jar:?]
	at org.apache.hadoop.ozone.om.OzoneManager.getFileStatus(OzoneManager.java:3450) ~[ozone-manager-1.4.0-SNAPSHOT.jar:?]
	at org.apache.hadoop.ozone.protocolPB.OzoneManagerRequestHandler.getOzoneFileStatus(OzoneManagerRequestHandler.java:933) ~[ozone-manager-1.4.0-SNAPSHOT.jar:?]
	at org.apache.hadoop.ozone.protocolPB.OzoneManagerRequestHandler.handleReadRequest(OzoneManagerRequestHandler.java:238) ~[ozone-manager-1.4.0-SNAPSHOT.jar:?]
	at org.apache.hadoop.ozone.protocolPB.OzoneManagerProtocolServerSideTranslatorPB.submitReadRequestToOM(OzoneManagerProtocolServerSideTranslatorPB.java:223) ~[ozone-manager-1.4.0-SNAPSHOT.jar:?]
	at org.apache.hadoop.ozone.protocolPB.OzoneManagerProtocolServerSideTranslatorPB.processRequest(OzoneManagerProtocolServerSideTranslatorPB.java:177) ~[ozone-manager-1.4.0-SNAPSHOT.jar:?]
	at org.apache.hadoop.hdds.server.OzoneProtocolMessageDispatcher.processRequest(OzoneProtocolMessageDispatcher.java:87) [hdds-server-framework-1.4.0-SNAPSHOT.jar:?]
	at org.apache.hadoop.ozone.protocolPB.OzoneManagerProtocolServerSideTranslatorPB.submitRequest(OzoneManagerProtocolServerSideTranslatorPB.java:147) [ozone-manager-1.4.0-SNAPSHOT.jar:?]
	at org.apache.hadoop.ozone.protocol.proto.OzoneManagerProtocolProtos$OzoneManagerService$2.callBlockingMethod(OzoneManagerProtocolProtos.java) [ozone-interface-client-1.4.0-SNAPSHOT.jar:?]
	at org.apache.hadoop.ipc.ProtobufRpcEngine$Server.processCall(ProtobufRpcEngine.java:465) [hadoop-common-3.3.4.jar:?]
	at org.apache.hadoop.ipc.ProtobufRpcEngine2$Server$ProtoBufRpcInvoker.call(ProtobufRpcEngine2.java:578) [hadoop-common-3.3.4.jar:?]
	at org.apache.hadoop.ipc.ProtobufRpcEngine2$Server$ProtoBufRpcInvoker.call(ProtobufRpcEngine2.java:556) [hadoop-common-3.3.4.jar:?]
	at org.apache.hadoop.ipc.RPC$Server.call(RPC.java:1093) [hadoop-common-3.3.4.jar:?]
	at org.apache.hadoop.ipc.Server$RpcCall.run(Server.java:1043) [hadoop-common-3.3.4.jar:?]
	at org.apache.hadoop.ipc.Server$RpcCall.run(Server.java:971) [hadoop-common-3.3.4.jar:?]
	at java.security.AccessController.doPrivileged(Native Method) ~[?:1.8.0_362]
	at javax.security.auth.Subject.doAs(Subject.java:422) [?:1.8.0_362]
	at org.apache.hadoop.security.UserGroupInformation.doAs(UserGroupInformation.java:1878) [hadoop-common-3.3.4.jar:?]
	at org.apache.hadoop.ipc.Server$Handler.run(Server.java:2976) [hadoop-common-3.3.4.jar:?]
13:40:25.333 [IPC Server handler 9 on default port 34503] ERROR OMAudit - user=runner | ip=127.0.0.1 | op=GET_FILE_STATUS {volume=volume47855, bucket=bucket64015, key=user/runner/dir1/dir2, dataSize=0, replicationConfig=null} | ret=FAILURE
org.apache.hadoop.ozone.om.exceptions.OMException: Unable to get file status: volume: volume47855 bucket: bucket64015 key: user/runner/dir1/dir2
	at org.apache.hadoop.ozone.om.KeyManagerImpl.getOzoneFileStatus(KeyManagerImpl.java:1162) ~[ozone-manager-1.4.0-SNAPSHOT.jar:?]
	at org.apache.hadoop.ozone.om.KeyManagerImpl.getFileStatus(KeyManagerImpl.java:1080) ~[ozone-manager-1.4.0-SNAPSHOT.jar:?]
	at org.apache.hadoop.ozone.om.OmMetadataReader.getFileStatus(OmMetadataReader.java:288) ~[ozone-manager-1.4.0-SNAPSHOT.jar:?]
	at org.apache.hadoop.ozone.om.OzoneManager.getFileStatus(OzoneManager.java:3450) ~[ozone-manager-1.4.0-SNAPSHOT.jar:?]
	at org.apache.hadoop.ozone.protocolPB.OzoneManagerRequestHandler.getOzoneFileStatus(OzoneManagerRequestHandler.java:933) ~[ozone-manager-1.4.0-SNAPSHOT.jar:?]
	at org.apache.hadoop.ozone.protocolPB.OzoneManagerRequestHandler.handleReadRequest(OzoneManagerRequestHandler.java:238) ~[ozone-manager-1.4.0-SNAPSHOT.jar:?]
	at org.apache.hadoop.ozone.protocolPB.OzoneManagerProtocolServerSideTranslatorPB.submitReadRequestToOM(OzoneManagerProtocolServerSideTranslatorPB.java:223) ~[ozone-manager-1.4.0-SNAPSHOT.jar:?]
	at org.apache.hadoop.ozone.protocolPB.OzoneManagerProtocolServerSideTranslatorPB.processRequest(OzoneManagerProtocolServerSideTranslatorPB.java:177) ~[ozone-manager-1.4.0-SNAPSHOT.jar:?]
	at org.apache.hadoop.hdds.server.OzoneProtocolMessageDispatcher.processRequest(OzoneProtocolMessageDispatcher.java:87) [hdds-server-framework-1.4.0-SNAPSHOT.jar:?]
	at org.apache.hadoop.ozone.protocolPB.OzoneManagerProtocolServerSideTranslatorPB.submitRequest(OzoneManagerProtocolServerSideTranslatorPB.java:147) [ozone-manager-1.4.0-SNAPSHOT.jar:?]
	at org.apache.hadoop.ozone.protocol.proto.OzoneManagerProtocolProtos$OzoneManagerService$2.callBlockingMethod(OzoneManagerProtocolProtos.java) [ozone-interface-client-1.4.0-SNAPSHOT.jar:?]
	at org.apache.hadoop.ipc.ProtobufRpcEngine$Server.processCall(ProtobufRpcEngine.java:465) [hadoop-common-3.3.4.jar:?]
	at org.apache.hadoop.ipc.ProtobufRpcEngine2$Server$ProtoBufRpcInvoker.call(ProtobufRpcEngine2.java:578) [hadoop-common-3.3.4.jar:?]
	at org.apache.hadoop.ipc.ProtobufRpcEngine2$Server$ProtoBufRpcInvoker.call(ProtobufRpcEngine2.java:556) [hadoop-common-3.3.4.jar:?]
	at org.apache.hadoop.ipc.RPC$Server.call(RPC.java:1093) [hadoop-common-3.3.4.jar:?]
	at org.apache.hadoop.ipc.Server$RpcCall.run(Server.java:1043) [hadoop-common-3.3.4.jar:?]
	at org.apache.hadoop.ipc.Server$RpcCall.run(Server.java:971) [hadoop-common-3.3.4.jar:?]
	at java.security.AccessController.doPrivileged(Native Method) ~[?:1.8.0_362]
	at javax.security.auth.Subject.doAs(Subject.java:422) [?:1.8.0_362]
	at org.apache.hadoop.security.UserGroupInformation.doAs(UserGroupInformation.java:1878) [hadoop-common-3.3.4.jar:?]
	at org.apache.hadoop.ipc.Server$Handler.run(Server.java:2976) [hadoop-common-3.3.4.jar:?]
]]></system-out>
  </testcase>
  <testcase name="testRenameContainDelimiterFile" classname="TestOzoneFileSystem" time="0.014">
    <system-out><![CDATA[2023-02-21 13:41:34,241 [IPC Server handler 5 on default port 40765] INFO  key.OMKeyRequest (OMKeyRequest.java:wrapUncommittedBlocksAsPseudoKey(837)) - Detect allocated but uncommitted blocks [{blockID={containerID=6, localID=111677748019200038}, length=4194304, offset=0, token=null, pipeline=null, createVersion=0, partNumber=0}] in key dir1/dir2/key1.
13:41:34.243 [IPC Server handler 9 on default port 40765] ERROR OMAudit - user=runner | ip=127.0.0.1 | op=GET_FILE_STATUS {volume=volume82902, bucket=bucket15199, key=dir1/dir2/key2, dataSize=0, replicationConfig=null} | ret=FAILURE
org.apache.hadoop.ozone.om.exceptions.OMException: Unable to get file status: volume: volume82902 bucket: bucket15199 key: dir1/dir2/key2
	at org.apache.hadoop.ozone.om.KeyManagerImpl.getOzoneFileStatus(KeyManagerImpl.java:1162) ~[ozone-manager-1.4.0-SNAPSHOT.jar:?]
	at org.apache.hadoop.ozone.om.KeyManagerImpl.getFileStatus(KeyManagerImpl.java:1080) ~[ozone-manager-1.4.0-SNAPSHOT.jar:?]
	at org.apache.hadoop.ozone.om.OmMetadataReader.getFileStatus(OmMetadataReader.java:288) ~[ozone-manager-1.4.0-SNAPSHOT.jar:?]
	at org.apache.hadoop.ozone.om.OzoneManager.getFileStatus(OzoneManager.java:3450) ~[ozone-manager-1.4.0-SNAPSHOT.jar:?]
	at org.apache.hadoop.ozone.protocolPB.OzoneManagerRequestHandler.getOzoneFileStatus(OzoneManagerRequestHandler.java:933) ~[ozone-manager-1.4.0-SNAPSHOT.jar:?]
	at org.apache.hadoop.ozone.protocolPB.OzoneManagerRequestHandler.handleReadRequest(OzoneManagerRequestHandler.java:238) ~[ozone-manager-1.4.0-SNAPSHOT.jar:?]
	at org.apache.hadoop.ozone.protocolPB.OzoneManagerProtocolServerSideTranslatorPB.submitRequestDirectlyToOM(OzoneManagerProtocolServerSideTranslatorPB.java:271) ~[ozone-manager-1.4.0-SNAPSHOT.jar:?]
	at org.apache.hadoop.ozone.protocolPB.OzoneManagerProtocolServerSideTranslatorPB.processRequest(OzoneManagerProtocolServerSideTranslatorPB.java:173) ~[ozone-manager-1.4.0-SNAPSHOT.jar:?]
	at org.apache.hadoop.hdds.server.OzoneProtocolMessageDispatcher.processRequest(OzoneProtocolMessageDispatcher.java:87) [hdds-server-framework-1.4.0-SNAPSHOT.jar:?]
	at org.apache.hadoop.ozone.protocolPB.OzoneManagerProtocolServerSideTranslatorPB.submitRequest(OzoneManagerProtocolServerSideTranslatorPB.java:147) [ozone-manager-1.4.0-SNAPSHOT.jar:?]
	at org.apache.hadoop.ozone.protocol.proto.OzoneManagerProtocolProtos$OzoneManagerService$2.callBlockingMethod(OzoneManagerProtocolProtos.java) [ozone-interface-client-1.4.0-SNAPSHOT.jar:?]
	at org.apache.hadoop.ipc.ProtobufRpcEngine$Server.processCall(ProtobufRpcEngine.java:465) [hadoop-common-3.3.4.jar:?]
	at org.apache.hadoop.ipc.ProtobufRpcEngine2$Server$ProtoBufRpcInvoker.call(ProtobufRpcEngine2.java:578) [hadoop-common-3.3.4.jar:?]
	at org.apache.hadoop.ipc.ProtobufRpcEngine2$Server$ProtoBufRpcInvoker.call(ProtobufRpcEngine2.java:556) [hadoop-common-3.3.4.jar:?]
	at org.apache.hadoop.ipc.RPC$Server.call(RPC.java:1093) [hadoop-common-3.3.4.jar:?]
	at org.apache.hadoop.ipc.Server$RpcCall.run(Server.java:1043) [hadoop-common-3.3.4.jar:?]
	at org.apache.hadoop.ipc.Server$RpcCall.run(Server.java:971) [hadoop-common-3.3.4.jar:?]
	at java.security.AccessController.doPrivileged(Native Method) ~[?:1.8.0_362]
	at javax.security.auth.Subject.doAs(Subject.java:422) [?:1.8.0_362]
	at org.apache.hadoop.security.UserGroupInformation.doAs(UserGroupInformation.java:1878) [hadoop-common-3.3.4.jar:?]
	at org.apache.hadoop.ipc.Server$Handler.run(Server.java:2976) [hadoop-common-3.3.4.jar:?]
13:41:34.246 [IPC Server handler 18 on default port 40765] ERROR OMAudit - user=runner | ip=127.0.0.1 | op=GET_FILE_STATUS {volume=volume82902, bucket=bucket15199, key=dir1/dir2/key1, dataSize=0, replicationConfig=null} | ret=FAILURE
org.apache.hadoop.ozone.om.exceptions.OMException: Unable to get file status: volume: volume82902 bucket: bucket15199 key: dir1/dir2/key1
	at org.apache.hadoop.ozone.om.KeyManagerImpl.getOzoneFileStatus(KeyManagerImpl.java:1162) ~[ozone-manager-1.4.0-SNAPSHOT.jar:?]
	at org.apache.hadoop.ozone.om.KeyManagerImpl.getFileStatus(KeyManagerImpl.java:1080) ~[ozone-manager-1.4.0-SNAPSHOT.jar:?]
	at org.apache.hadoop.ozone.om.OmMetadataReader.getFileStatus(OmMetadataReader.java:288) ~[ozone-manager-1.4.0-SNAPSHOT.jar:?]
	at org.apache.hadoop.ozone.om.OzoneManager.getFileStatus(OzoneManager.java:3450) ~[ozone-manager-1.4.0-SNAPSHOT.jar:?]
	at org.apache.hadoop.ozone.protocolPB.OzoneManagerRequestHandler.getOzoneFileStatus(OzoneManagerRequestHandler.java:933) ~[ozone-manager-1.4.0-SNAPSHOT.jar:?]
	at org.apache.hadoop.ozone.protocolPB.OzoneManagerRequestHandler.handleReadRequest(OzoneManagerRequestHandler.java:238) ~[ozone-manager-1.4.0-SNAPSHOT.jar:?]
	at org.apache.hadoop.ozone.protocolPB.OzoneManagerProtocolServerSideTranslatorPB.submitRequestDirectlyToOM(OzoneManagerProtocolServerSideTranslatorPB.java:271) ~[ozone-manager-1.4.0-SNAPSHOT.jar:?]
	at org.apache.hadoop.ozone.protocolPB.OzoneManagerProtocolServerSideTranslatorPB.processRequest(OzoneManagerProtocolServerSideTranslatorPB.java:173) ~[ozone-manager-1.4.0-SNAPSHOT.jar:?]
	at org.apache.hadoop.hdds.server.OzoneProtocolMessageDispatcher.processRequest(OzoneProtocolMessageDispatcher.java:87) [hdds-server-framework-1.4.0-SNAPSHOT.jar:?]
	at org.apache.hadoop.ozone.protocolPB.OzoneManagerProtocolServerSideTranslatorPB.submitRequest(OzoneManagerProtocolServerSideTranslatorPB.java:147) [ozone-manager-1.4.0-SNAPSHOT.jar:?]
	at org.apache.hadoop.ozone.protocol.proto.OzoneManagerProtocolProtos$OzoneManagerService$2.callBlockingMethod(OzoneManagerProtocolProtos.java) [ozone-interface-client-1.4.0-SNAPSHOT.jar:?]
	at org.apache.hadoop.ipc.ProtobufRpcEngine$Server.processCall(ProtobufRpcEngine.java:465) [hadoop-common-3.3.4.jar:?]
	at org.apache.hadoop.ipc.ProtobufRpcEngine2$Server$ProtoBufRpcInvoker.call(ProtobufRpcEngine2.java:578) [hadoop-common-3.3.4.jar:?]
	at org.apache.hadoop.ipc.ProtobufRpcEngine2$Server$ProtoBufRpcInvoker.call(ProtobufRpcEngine2.java:556) [hadoop-common-3.3.4.jar:?]
	at org.apache.hadoop.ipc.RPC$Server.call(RPC.java:1093) [hadoop-common-3.3.4.jar:?]
	at org.apache.hadoop.ipc.Server$RpcCall.run(Server.java:1043) [hadoop-common-3.3.4.jar:?]
	at org.apache.hadoop.ipc.Server$RpcCall.run(Server.java:971) [hadoop-common-3.3.4.jar:?]
	at java.security.AccessController.doPrivileged(Native Method) ~[?:1.8.0_362]
	at javax.security.auth.Subject.doAs(Subject.java:422) [?:1.8.0_362]
	at org.apache.hadoop.security.UserGroupInformation.doAs(UserGroupInformation.java:1878) [hadoop-common-3.3.4.jar:?]
	at org.apache.hadoop.ipc.Server$Handler.run(Server.java:2976) [hadoop-common-3.3.4.jar:?]
13:41:34.247 [IPC Server handler 16 on default port 40765] ERROR OMAudit - user=runner | ip=127.0.0.1 | op=GET_FILE_STATUS {volume=volume82902, bucket=bucket15199, key=user/runner/dir1, dataSize=0, replicationConfig=null} | ret=FAILURE
org.apache.hadoop.ozone.om.exceptions.OMException: Unable to get file status: volume: volume82902 bucket: bucket15199 key: user/runner/dir1
	at org.apache.hadoop.ozone.om.KeyManagerImpl.getOzoneFileStatus(KeyManagerImpl.java:1162) ~[ozone-manager-1.4.0-SNAPSHOT.jar:?]
	at org.apache.hadoop.ozone.om.KeyManagerImpl.getFileStatus(KeyManagerImpl.java:1080) ~[ozone-manager-1.4.0-SNAPSHOT.jar:?]
	at org.apache.hadoop.ozone.om.OmMetadataReader.getFileStatus(OmMetadataReader.java:288) ~[ozone-manager-1.4.0-SNAPSHOT.jar:?]
	at org.apache.hadoop.ozone.om.OzoneManager.getFileStatus(OzoneManager.java:3450) ~[ozone-manager-1.4.0-SNAPSHOT.jar:?]
	at org.apache.hadoop.ozone.protocolPB.OzoneManagerRequestHandler.getOzoneFileStatus(OzoneManagerRequestHandler.java:933) ~[ozone-manager-1.4.0-SNAPSHOT.jar:?]
	at org.apache.hadoop.ozone.protocolPB.OzoneManagerRequestHandler.handleReadRequest(OzoneManagerRequestHandler.java:238) ~[ozone-manager-1.4.0-SNAPSHOT.jar:?]
	at org.apache.hadoop.ozone.protocolPB.OzoneManagerProtocolServerSideTranslatorPB.submitRequestDirectlyToOM(OzoneManagerProtocolServerSideTranslatorPB.java:271) ~[ozone-manager-1.4.0-SNAPSHOT.jar:?]
	at org.apache.hadoop.ozone.protocolPB.OzoneManagerProtocolServerSideTranslatorPB.processRequest(OzoneManagerProtocolServerSideTranslatorPB.java:173) ~[ozone-manager-1.4.0-SNAPSHOT.jar:?]
	at org.apache.hadoop.hdds.server.OzoneProtocolMessageDispatcher.processRequest(OzoneProtocolMessageDispatcher.java:87) [hdds-server-framework-1.4.0-SNAPSHOT.jar:?]
	at org.apache.hadoop.ozone.protocolPB.OzoneManagerProtocolServerSideTranslatorPB.submitRequest(OzoneManagerProtocolServerSideTranslatorPB.java:147) [ozone-manager-1.4.0-SNAPSHOT.jar:?]
	at org.apache.hadoop.ozone.protocol.proto.OzoneManagerProtocolProtos$OzoneManagerService$2.callBlockingMethod(OzoneManagerProtocolProtos.java) [ozone-interface-client-1.4.0-SNAPSHOT.jar:?]
	at org.apache.hadoop.ipc.ProtobufRpcEngine$Server.processCall(ProtobufRpcEngine.java:465) [hadoop-common-3.3.4.jar:?]
	at org.apache.hadoop.ipc.ProtobufRpcEngine2$Server$ProtoBufRpcInvoker.call(ProtobufRpcEngine2.java:578) [hadoop-common-3.3.4.jar:?]
	at org.apache.hadoop.ipc.ProtobufRpcEngine2$Server$ProtoBufRpcInvoker.call(ProtobufRpcEngine2.java:556) [hadoop-common-3.3.4.jar:?]
	at org.apache.hadoop.ipc.RPC$Server.call(RPC.java:1093) [hadoop-common-3.3.4.jar:?]
	at org.apache.hadoop.ipc.Server$RpcCall.run(Server.java:1043) [hadoop-common-3.3.4.jar:?]
	at org.apache.hadoop.ipc.Server$RpcCall.run(Server.java:971) [hadoop-common-3.3.4.jar:?]
	at java.security.AccessController.doPrivileged(Native Method) ~[?:1.8.0_362]
	at javax.security.auth.Subject.doAs(Subject.java:422) [?:1.8.0_362]
	at org.apache.hadoop.security.UserGroupInformation.doAs(UserGroupInformation.java:1878) [hadoop-common-3.3.4.jar:?]
	at org.apache.hadoop.ipc.Server$Handler.run(Server.java:2976) [hadoop-common-3.3.4.jar:?]
13:41:34.247 [IPC Server handler 14 on default port 40765] ERROR OMAudit - user=runner | ip=127.0.0.1 | op=GET_FILE_STATUS {volume=volume82902, bucket=bucket15199, key=user/runner/dir1/dir2, dataSize=0, replicationConfig=null} | ret=FAILURE
org.apache.hadoop.ozone.om.exceptions.OMException: Unable to get file status: volume: volume82902 bucket: bucket15199 key: user/runner/dir1/dir2
	at org.apache.hadoop.ozone.om.KeyManagerImpl.getOzoneFileStatus(KeyManagerImpl.java:1162) ~[ozone-manager-1.4.0-SNAPSHOT.jar:?]
	at org.apache.hadoop.ozone.om.KeyManagerImpl.getFileStatus(KeyManagerImpl.java:1080) ~[ozone-manager-1.4.0-SNAPSHOT.jar:?]
	at org.apache.hadoop.ozone.om.OmMetadataReader.getFileStatus(OmMetadataReader.java:288) ~[ozone-manager-1.4.0-SNAPSHOT.jar:?]
	at org.apache.hadoop.ozone.om.OzoneManager.getFileStatus(OzoneManager.java:3450) ~[ozone-manager-1.4.0-SNAPSHOT.jar:?]
	at org.apache.hadoop.ozone.protocolPB.OzoneManagerRequestHandler.getOzoneFileStatus(OzoneManagerRequestHandler.java:933) ~[ozone-manager-1.4.0-SNAPSHOT.jar:?]
	at org.apache.hadoop.ozone.protocolPB.OzoneManagerRequestHandler.handleReadRequest(OzoneManagerRequestHandler.java:238) ~[ozone-manager-1.4.0-SNAPSHOT.jar:?]
	at org.apache.hadoop.ozone.protocolPB.OzoneManagerProtocolServerSideTranslatorPB.submitRequestDirectlyToOM(OzoneManagerProtocolServerSideTranslatorPB.java:271) ~[ozone-manager-1.4.0-SNAPSHOT.jar:?]
	at org.apache.hadoop.ozone.protocolPB.OzoneManagerProtocolServerSideTranslatorPB.processRequest(OzoneManagerProtocolServerSideTranslatorPB.java:173) ~[ozone-manager-1.4.0-SNAPSHOT.jar:?]
	at org.apache.hadoop.hdds.server.OzoneProtocolMessageDispatcher.processRequest(OzoneProtocolMessageDispatcher.java:87) [hdds-server-framework-1.4.0-SNAPSHOT.jar:?]
	at org.apache.hadoop.ozone.protocolPB.OzoneManagerProtocolServerSideTranslatorPB.submitRequest(OzoneManagerProtocolServerSideTranslatorPB.java:147) [ozone-manager-1.4.0-SNAPSHOT.jar:?]
	at org.apache.hadoop.ozone.protocol.proto.OzoneManagerProtocolProtos$OzoneManagerService$2.callBlockingMethod(OzoneManagerProtocolProtos.java) [ozone-interface-client-1.4.0-SNAPSHOT.jar:?]
	at org.apache.hadoop.ipc.ProtobufRpcEngine$Server.processCall(ProtobufRpcEngine.java:465) [hadoop-common-3.3.4.jar:?]
	at org.apache.hadoop.ipc.ProtobufRpcEngine2$Server$ProtoBufRpcInvoker.call(ProtobufRpcEngine2.java:578) [hadoop-common-3.3.4.jar:?]
	at org.apache.hadoop.ipc.ProtobufRpcEngine2$Server$ProtoBufRpcInvoker.call(ProtobufRpcEngine2.java:556) [hadoop-common-3.3.4.jar:?]
	at org.apache.hadoop.ipc.RPC$Server.call(RPC.java:1093) [hadoop-common-3.3.4.jar:?]
	at org.apache.hadoop.ipc.Server$RpcCall.run(Server.java:1043) [hadoop-common-3.3.4.jar:?]
	at org.apache.hadoop.ipc.Server$RpcCall.run(Server.java:971) [hadoop-common-3.3.4.jar:?]
	at java.security.AccessController.doPrivileged(Native Method) ~[?:1.8.0_362]
	at javax.security.auth.Subject.doAs(Subject.java:422) [?:1.8.0_362]
	at org.apache.hadoop.security.UserGroupInformation.doAs(UserGroupInformation.java:1878) [hadoop-common-3.3.4.jar:?]
	at org.apache.hadoop.ipc.Server$Handler.run(Server.java:2976) [hadoop-common-3.3.4.jar:?]
]]></system-out>
  </testcase>
  <testcase name="testMakeDirsWithAnFakeDirectory" classname="TestOzoneFileSystem" time="0.047">
    <system-out><![CDATA[2023-02-21 13:38:03,463 [OM StateMachine ApplyTransaction Thread - 0] INFO  key.OMKeyRequest (OMKeyRequest.java:wrapUncommittedBlocksAsPseudoKey(837)) - Detect allocated but uncommitted blocks [{blockID={containerID=7, localID=111677748019200039}, length=4194304, offset=0, token=null, pipeline=null, createVersion=0, partNumber=0}] in key dir1/dir2/key1.
13:38:03.465 [IPC Server handler 18 on default port 35721] ERROR OMAudit - user=runner | ip=127.0.0.1 | op=GET_FILE_STATUS {volume=volume06454, bucket=bucket10538, key=user/runner/dir1/dir2, dataSize=0, replicationConfig=null} | ret=FAILURE
org.apache.hadoop.ozone.om.exceptions.OMException: Unable to get file status: volume: volume06454 bucket: bucket10538 key: user/runner/dir1/dir2
	at org.apache.hadoop.ozone.om.KeyManagerImpl.getOzoneFileStatus(KeyManagerImpl.java:1162) ~[ozone-manager-1.4.0-SNAPSHOT.jar:?]
	at org.apache.hadoop.ozone.om.KeyManagerImpl.getFileStatus(KeyManagerImpl.java:1080) ~[ozone-manager-1.4.0-SNAPSHOT.jar:?]
	at org.apache.hadoop.ozone.om.OmMetadataReader.getFileStatus(OmMetadataReader.java:288) ~[ozone-manager-1.4.0-SNAPSHOT.jar:?]
	at org.apache.hadoop.ozone.om.OzoneManager.getFileStatus(OzoneManager.java:3450) ~[ozone-manager-1.4.0-SNAPSHOT.jar:?]
	at org.apache.hadoop.ozone.protocolPB.OzoneManagerRequestHandler.getOzoneFileStatus(OzoneManagerRequestHandler.java:933) ~[ozone-manager-1.4.0-SNAPSHOT.jar:?]
	at org.apache.hadoop.ozone.protocolPB.OzoneManagerRequestHandler.handleReadRequest(OzoneManagerRequestHandler.java:238) ~[ozone-manager-1.4.0-SNAPSHOT.jar:?]
	at org.apache.hadoop.ozone.protocolPB.OzoneManagerProtocolServerSideTranslatorPB.submitReadRequestToOM(OzoneManagerProtocolServerSideTranslatorPB.java:223) ~[ozone-manager-1.4.0-SNAPSHOT.jar:?]
	at org.apache.hadoop.ozone.protocolPB.OzoneManagerProtocolServerSideTranslatorPB.processRequest(OzoneManagerProtocolServerSideTranslatorPB.java:177) ~[ozone-manager-1.4.0-SNAPSHOT.jar:?]
	at org.apache.hadoop.hdds.server.OzoneProtocolMessageDispatcher.processRequest(OzoneProtocolMessageDispatcher.java:87) [hdds-server-framework-1.4.0-SNAPSHOT.jar:?]
	at org.apache.hadoop.ozone.protocolPB.OzoneManagerProtocolServerSideTranslatorPB.submitRequest(OzoneManagerProtocolServerSideTranslatorPB.java:147) [ozone-manager-1.4.0-SNAPSHOT.jar:?]
	at org.apache.hadoop.ozone.protocol.proto.OzoneManagerProtocolProtos$OzoneManagerService$2.callBlockingMethod(OzoneManagerProtocolProtos.java) [ozone-interface-client-1.4.0-SNAPSHOT.jar:?]
	at org.apache.hadoop.ipc.ProtobufRpcEngine$Server.processCall(ProtobufRpcEngine.java:465) [hadoop-common-3.3.4.jar:?]
	at org.apache.hadoop.ipc.ProtobufRpcEngine2$Server$ProtoBufRpcInvoker.call(ProtobufRpcEngine2.java:578) [hadoop-common-3.3.4.jar:?]
	at org.apache.hadoop.ipc.ProtobufRpcEngine2$Server$ProtoBufRpcInvoker.call(ProtobufRpcEngine2.java:556) [hadoop-common-3.3.4.jar:?]
	at org.apache.hadoop.ipc.RPC$Server.call(RPC.java:1093) [hadoop-common-3.3.4.jar:?]
	at org.apache.hadoop.ipc.Server$RpcCall.run(Server.java:1043) [hadoop-common-3.3.4.jar:?]
	at org.apache.hadoop.ipc.Server$RpcCall.run(Server.java:971) [hadoop-common-3.3.4.jar:?]
	at java.security.AccessController.doPrivileged(Native Method) ~[?:1.8.0_362]
	at javax.security.auth.Subject.doAs(Subject.java:422) [?:1.8.0_362]
	at org.apache.hadoop.security.UserGroupInformation.doAs(UserGroupInformation.java:1878) [hadoop-common-3.3.4.jar:?]
	at org.apache.hadoop.ipc.Server$Handler.run(Server.java:2976) [hadoop-common-3.3.4.jar:?]
]]></system-out>
  </testcase>
  <testcase name="testMakeDirsWithAnFakeDirectory" classname="TestOzoneFileSystem" time="0.021">
    <system-out><![CDATA[2023-02-21 13:39:26,772 [IPC Server handler 14 on default port 40229] INFO  key.OMKeyRequest (OMKeyRequest.java:wrapUncommittedBlocksAsPseudoKey(837)) - Detect allocated but uncommitted blocks [{blockID={containerID=7, localID=111677748019200039}, length=4194304, offset=0, token=null, pipeline=null, createVersion=0, partNumber=0}] in key dir1/dir2/key1.
13:39:26.773 [IPC Server handler 3 on default port 40229] ERROR OMAudit - user=runner | ip=127.0.0.1 | op=GET_FILE_STATUS {volume=volume46490, bucket=bucket73093, key=user/runner/dir1/dir2, dataSize=0, replicationConfig=null} | ret=FAILURE
org.apache.hadoop.ozone.om.exceptions.OMException: Unable to get file status: volume: volume46490 bucket: bucket73093 key: user/runner/dir1/dir2
	at org.apache.hadoop.ozone.om.KeyManagerImpl.getOzoneFileStatus(KeyManagerImpl.java:1162) ~[ozone-manager-1.4.0-SNAPSHOT.jar:?]
	at org.apache.hadoop.ozone.om.KeyManagerImpl.getFileStatus(KeyManagerImpl.java:1080) ~[ozone-manager-1.4.0-SNAPSHOT.jar:?]
	at org.apache.hadoop.ozone.om.OmMetadataReader.getFileStatus(OmMetadataReader.java:288) ~[ozone-manager-1.4.0-SNAPSHOT.jar:?]
	at org.apache.hadoop.ozone.om.OzoneManager.getFileStatus(OzoneManager.java:3450) ~[ozone-manager-1.4.0-SNAPSHOT.jar:?]
	at org.apache.hadoop.ozone.protocolPB.OzoneManagerRequestHandler.getOzoneFileStatus(OzoneManagerRequestHandler.java:933) ~[ozone-manager-1.4.0-SNAPSHOT.jar:?]
	at org.apache.hadoop.ozone.protocolPB.OzoneManagerRequestHandler.handleReadRequest(OzoneManagerRequestHandler.java:238) ~[ozone-manager-1.4.0-SNAPSHOT.jar:?]
	at org.apache.hadoop.ozone.protocolPB.OzoneManagerProtocolServerSideTranslatorPB.submitRequestDirectlyToOM(OzoneManagerProtocolServerSideTranslatorPB.java:271) ~[ozone-manager-1.4.0-SNAPSHOT.jar:?]
	at org.apache.hadoop.ozone.protocolPB.OzoneManagerProtocolServerSideTranslatorPB.processRequest(OzoneManagerProtocolServerSideTranslatorPB.java:173) ~[ozone-manager-1.4.0-SNAPSHOT.jar:?]
	at org.apache.hadoop.hdds.server.OzoneProtocolMessageDispatcher.processRequest(OzoneProtocolMessageDispatcher.java:87) [hdds-server-framework-1.4.0-SNAPSHOT.jar:?]
	at org.apache.hadoop.ozone.protocolPB.OzoneManagerProtocolServerSideTranslatorPB.submitRequest(OzoneManagerProtocolServerSideTranslatorPB.java:147) [ozone-manager-1.4.0-SNAPSHOT.jar:?]
	at org.apache.hadoop.ozone.protocol.proto.OzoneManagerProtocolProtos$OzoneManagerService$2.callBlockingMethod(OzoneManagerProtocolProtos.java) [ozone-interface-client-1.4.0-SNAPSHOT.jar:?]
	at org.apache.hadoop.ipc.ProtobufRpcEngine$Server.processCall(ProtobufRpcEngine.java:465) [hadoop-common-3.3.4.jar:?]
	at org.apache.hadoop.ipc.ProtobufRpcEngine2$Server$ProtoBufRpcInvoker.call(ProtobufRpcEngine2.java:578) [hadoop-common-3.3.4.jar:?]
	at org.apache.hadoop.ipc.ProtobufRpcEngine2$Server$ProtoBufRpcInvoker.call(ProtobufRpcEngine2.java:556) [hadoop-common-3.3.4.jar:?]
	at org.apache.hadoop.ipc.RPC$Server.call(RPC.java:1093) [hadoop-common-3.3.4.jar:?]
	at org.apache.hadoop.ipc.Server$RpcCall.run(Server.java:1043) [hadoop-common-3.3.4.jar:?]
	at org.apache.hadoop.ipc.Server$RpcCall.run(Server.java:971) [hadoop-common-3.3.4.jar:?]
	at java.security.AccessController.doPrivileged(Native Method) ~[?:1.8.0_362]
	at javax.security.auth.Subject.doAs(Subject.java:422) [?:1.8.0_362]
	at org.apache.hadoop.security.UserGroupInformation.doAs(UserGroupInformation.java:1878) [hadoop-common-3.3.4.jar:?]
	at org.apache.hadoop.ipc.Server$Handler.run(Server.java:2976) [hadoop-common-3.3.4.jar:?]
]]></system-out>
  </testcase>
  <testcase name="testMakeDirsWithAnFakeDirectory" classname="TestOzoneFileSystem" time="0.021">
    <system-out><![CDATA[2023-02-21 13:40:25,347 [OM StateMachine ApplyTransaction Thread - 0] INFO  key.OMKeyRequest (OMKeyRequest.java:wrapUncommittedBlocksAsPseudoKey(837)) - Detect allocated but uncommitted blocks [{blockID={containerID=7, localID=111677748019200039}, length=4194304, offset=0, token=null, pipeline=null, createVersion=0, partNumber=0}] in key dir1/dir2/key1.
13:40:25.348 [IPC Server handler 4 on default port 34503] ERROR OMAudit - user=runner | ip=127.0.0.1 | op=GET_FILE_STATUS {volume=volume47855, bucket=bucket64015, key=user/runner/dir1/dir2, dataSize=0, replicationConfig=null} | ret=FAILURE
org.apache.hadoop.ozone.om.exceptions.OMException: Unable to get file status: volume: volume47855 bucket: bucket64015 key: user/runner/dir1/dir2
	at org.apache.hadoop.ozone.om.KeyManagerImpl.getOzoneFileStatus(KeyManagerImpl.java:1162) ~[ozone-manager-1.4.0-SNAPSHOT.jar:?]
	at org.apache.hadoop.ozone.om.KeyManagerImpl.getFileStatus(KeyManagerImpl.java:1080) ~[ozone-manager-1.4.0-SNAPSHOT.jar:?]
	at org.apache.hadoop.ozone.om.OmMetadataReader.getFileStatus(OmMetadataReader.java:288) ~[ozone-manager-1.4.0-SNAPSHOT.jar:?]
	at org.apache.hadoop.ozone.om.OzoneManager.getFileStatus(OzoneManager.java:3450) ~[ozone-manager-1.4.0-SNAPSHOT.jar:?]
	at org.apache.hadoop.ozone.protocolPB.OzoneManagerRequestHandler.getOzoneFileStatus(OzoneManagerRequestHandler.java:933) ~[ozone-manager-1.4.0-SNAPSHOT.jar:?]
	at org.apache.hadoop.ozone.protocolPB.OzoneManagerRequestHandler.handleReadRequest(OzoneManagerRequestHandler.java:238) ~[ozone-manager-1.4.0-SNAPSHOT.jar:?]
	at org.apache.hadoop.ozone.protocolPB.OzoneManagerProtocolServerSideTranslatorPB.submitReadRequestToOM(OzoneManagerProtocolServerSideTranslatorPB.java:223) ~[ozone-manager-1.4.0-SNAPSHOT.jar:?]
	at org.apache.hadoop.ozone.protocolPB.OzoneManagerProtocolServerSideTranslatorPB.processRequest(OzoneManagerProtocolServerSideTranslatorPB.java:177) ~[ozone-manager-1.4.0-SNAPSHOT.jar:?]
	at org.apache.hadoop.hdds.server.OzoneProtocolMessageDispatcher.processRequest(OzoneProtocolMessageDispatcher.java:87) [hdds-server-framework-1.4.0-SNAPSHOT.jar:?]
	at org.apache.hadoop.ozone.protocolPB.OzoneManagerProtocolServerSideTranslatorPB.submitRequest(OzoneManagerProtocolServerSideTranslatorPB.java:147) [ozone-manager-1.4.0-SNAPSHOT.jar:?]
	at org.apache.hadoop.ozone.protocol.proto.OzoneManagerProtocolProtos$OzoneManagerService$2.callBlockingMethod(OzoneManagerProtocolProtos.java) [ozone-interface-client-1.4.0-SNAPSHOT.jar:?]
	at org.apache.hadoop.ipc.ProtobufRpcEngine$Server.processCall(ProtobufRpcEngine.java:465) [hadoop-common-3.3.4.jar:?]
	at org.apache.hadoop.ipc.ProtobufRpcEngine2$Server$ProtoBufRpcInvoker.call(ProtobufRpcEngine2.java:578) [hadoop-common-3.3.4.jar:?]
	at org.apache.hadoop.ipc.ProtobufRpcEngine2$Server$ProtoBufRpcInvoker.call(ProtobufRpcEngine2.java:556) [hadoop-common-3.3.4.jar:?]
	at org.apache.hadoop.ipc.RPC$Server.call(RPC.java:1093) [hadoop-common-3.3.4.jar:?]
	at org.apache.hadoop.ipc.Server$RpcCall.run(Server.java:1043) [hadoop-common-3.3.4.jar:?]
	at org.apache.hadoop.ipc.Server$RpcCall.run(Server.java:971) [hadoop-common-3.3.4.jar:?]
	at java.security.AccessController.doPrivileged(Native Method) ~[?:1.8.0_362]
	at javax.security.auth.Subject.doAs(Subject.java:422) [?:1.8.0_362]
	at org.apache.hadoop.security.UserGroupInformation.doAs(UserGroupInformation.java:1878) [hadoop-common-3.3.4.jar:?]
	at org.apache.hadoop.ipc.Server$Handler.run(Server.java:2976) [hadoop-common-3.3.4.jar:?]
]]></system-out>
  </testcase>
  <testcase name="testMakeDirsWithAnFakeDirectory" classname="TestOzoneFileSystem" time="0.011">
    <system-out><![CDATA[2023-02-21 13:41:34,254 [IPC Server handler 3 on default port 40765] INFO  key.OMKeyRequest (OMKeyRequest.java:wrapUncommittedBlocksAsPseudoKey(837)) - Detect allocated but uncommitted blocks [{blockID={containerID=7, localID=111677748019200039}, length=4194304, offset=0, token=null, pipeline=null, createVersion=0, partNumber=0}] in key dir1/dir2/key1.
13:41:34.255 [IPC Server handler 5 on default port 40765] ERROR OMAudit - user=runner | ip=127.0.0.1 | op=GET_FILE_STATUS {volume=volume82902, bucket=bucket15199, key=user/runner/dir1/dir2, dataSize=0, replicationConfig=null} | ret=FAILURE
org.apache.hadoop.ozone.om.exceptions.OMException: Unable to get file status: volume: volume82902 bucket: bucket15199 key: user/runner/dir1/dir2
	at org.apache.hadoop.ozone.om.KeyManagerImpl.getOzoneFileStatus(KeyManagerImpl.java:1162) ~[ozone-manager-1.4.0-SNAPSHOT.jar:?]
	at org.apache.hadoop.ozone.om.KeyManagerImpl.getFileStatus(KeyManagerImpl.java:1080) ~[ozone-manager-1.4.0-SNAPSHOT.jar:?]
	at org.apache.hadoop.ozone.om.OmMetadataReader.getFileStatus(OmMetadataReader.java:288) ~[ozone-manager-1.4.0-SNAPSHOT.jar:?]
	at org.apache.hadoop.ozone.om.OzoneManager.getFileStatus(OzoneManager.java:3450) ~[ozone-manager-1.4.0-SNAPSHOT.jar:?]
	at org.apache.hadoop.ozone.protocolPB.OzoneManagerRequestHandler.getOzoneFileStatus(OzoneManagerRequestHandler.java:933) ~[ozone-manager-1.4.0-SNAPSHOT.jar:?]
	at org.apache.hadoop.ozone.protocolPB.OzoneManagerRequestHandler.handleReadRequest(OzoneManagerRequestHandler.java:238) ~[ozone-manager-1.4.0-SNAPSHOT.jar:?]
	at org.apache.hadoop.ozone.protocolPB.OzoneManagerProtocolServerSideTranslatorPB.submitRequestDirectlyToOM(OzoneManagerProtocolServerSideTranslatorPB.java:271) ~[ozone-manager-1.4.0-SNAPSHOT.jar:?]
	at org.apache.hadoop.ozone.protocolPB.OzoneManagerProtocolServerSideTranslatorPB.processRequest(OzoneManagerProtocolServerSideTranslatorPB.java:173) ~[ozone-manager-1.4.0-SNAPSHOT.jar:?]
	at org.apache.hadoop.hdds.server.OzoneProtocolMessageDispatcher.processRequest(OzoneProtocolMessageDispatcher.java:87) [hdds-server-framework-1.4.0-SNAPSHOT.jar:?]
	at org.apache.hadoop.ozone.protocolPB.OzoneManagerProtocolServerSideTranslatorPB.submitRequest(OzoneManagerProtocolServerSideTranslatorPB.java:147) [ozone-manager-1.4.0-SNAPSHOT.jar:?]
	at org.apache.hadoop.ozone.protocol.proto.OzoneManagerProtocolProtos$OzoneManagerService$2.callBlockingMethod(OzoneManagerProtocolProtos.java) [ozone-interface-client-1.4.0-SNAPSHOT.jar:?]
	at org.apache.hadoop.ipc.ProtobufRpcEngine$Server.processCall(ProtobufRpcEngine.java:465) [hadoop-common-3.3.4.jar:?]
	at org.apache.hadoop.ipc.ProtobufRpcEngine2$Server$ProtoBufRpcInvoker.call(ProtobufRpcEngine2.java:578) [hadoop-common-3.3.4.jar:?]
	at org.apache.hadoop.ipc.ProtobufRpcEngine2$Server$ProtoBufRpcInvoker.call(ProtobufRpcEngine2.java:556) [hadoop-common-3.3.4.jar:?]
	at org.apache.hadoop.ipc.RPC$Server.call(RPC.java:1093) [hadoop-common-3.3.4.jar:?]
	at org.apache.hadoop.ipc.Server$RpcCall.run(Server.java:1043) [hadoop-common-3.3.4.jar:?]
	at org.apache.hadoop.ipc.Server$RpcCall.run(Server.java:971) [hadoop-common-3.3.4.jar:?]
	at java.security.AccessController.doPrivileged(Native Method) ~[?:1.8.0_362]
	at javax.security.auth.Subject.doAs(Subject.java:422) [?:1.8.0_362]
	at org.apache.hadoop.security.UserGroupInformation.doAs(UserGroupInformation.java:1878) [hadoop-common-3.3.4.jar:?]
	at org.apache.hadoop.ipc.Server$Handler.run(Server.java:2976) [hadoop-common-3.3.4.jar:?]
]]></system-out>
  </testcase>
  <testcase name="testFileDelete" classname="TestOzoneFileSystem" time="0.224">
    <system-out><![CDATA[2023-02-21 13:38:03,506 [OM StateMachine ApplyTransaction Thread - 0] INFO  key.OMKeyRequest (OMKeyRequest.java:wrapUncommittedBlocksAsPseudoKey(837)) - Detect allocated but uncommitted blocks [{blockID={containerID=2, localID=111677748019200040}, length=4194304, offset=0, token=null, pipeline=null, createVersion=0, partNumber=0}] in key testBatchDelete/parent/child0.
2023-02-21 13:38:03,517 [OM StateMachine ApplyTransaction Thread - 0] INFO  key.OMKeyRequest (OMKeyRequest.java:wrapUncommittedBlocksAsPseudoKey(837)) - Detect allocated but uncommitted blocks [{blockID={containerID=4, localID=111677748019200041}, length=4194304, offset=0, token=null, pipeline=null, createVersion=0, partNumber=0}] in key testBatchDelete/parent/childFolder/child0.
2023-02-21 13:38:03,526 [OM StateMachine ApplyTransaction Thread - 0] INFO  key.OMKeyRequest (OMKeyRequest.java:wrapUncommittedBlocksAsPseudoKey(837)) - Detect allocated but uncommitted blocks [{blockID={containerID=2, localID=111677748019200042}, length=4194304, offset=0, token=null, pipeline=null, createVersion=0, partNumber=0}] in key testBatchDelete/parent/child1.
2023-02-21 13:38:03,536 [OM StateMachine ApplyTransaction Thread - 0] INFO  key.OMKeyRequest (OMKeyRequest.java:wrapUncommittedBlocksAsPseudoKey(837)) - Detect allocated but uncommitted blocks [{blockID={containerID=4, localID=111677748019200043}, length=4194304, offset=0, token=null, pipeline=null, createVersion=0, partNumber=0}] in key testBatchDelete/parent/childFolder/child1.
2023-02-21 13:38:03,546 [OM StateMachine ApplyTransaction Thread - 0] INFO  key.OMKeyRequest (OMKeyRequest.java:wrapUncommittedBlocksAsPseudoKey(837)) - Detect allocated but uncommitted blocks [{blockID={containerID=1, localID=111677748019200044}, length=4194304, offset=0, token=null, pipeline=null, createVersion=0, partNumber=0}] in key testBatchDelete/parent/child2.
2023-02-21 13:38:03,556 [OM StateMachine ApplyTransaction Thread - 0] INFO  key.OMKeyRequest (OMKeyRequest.java:wrapUncommittedBlocksAsPseudoKey(837)) - Detect allocated but uncommitted blocks [{blockID={containerID=3, localID=111677748019200045}, length=4194304, offset=0, token=null, pipeline=null, createVersion=0, partNumber=0}] in key testBatchDelete/parent/childFolder/child2.
2023-02-21 13:38:03,565 [OM StateMachine ApplyTransaction Thread - 0] INFO  key.OMKeyRequest (OMKeyRequest.java:wrapUncommittedBlocksAsPseudoKey(837)) - Detect allocated but uncommitted blocks [{blockID={containerID=1, localID=111677748019200046}, length=4194304, offset=0, token=null, pipeline=null, createVersion=0, partNumber=0}] in key testBatchDelete/parent/child3.
2023-02-21 13:38:03,575 [OM StateMachine ApplyTransaction Thread - 0] INFO  key.OMKeyRequest (OMKeyRequest.java:wrapUncommittedBlocksAsPseudoKey(837)) - Detect allocated but uncommitted blocks [{blockID={containerID=2, localID=111677748019200047}, length=4194304, offset=0, token=null, pipeline=null, createVersion=0, partNumber=0}] in key testBatchDelete/parent/childFolder/child3.
2023-02-21 13:38:03,587 [OM StateMachine ApplyTransaction Thread - 0] INFO  key.OMKeyRequest (OMKeyRequest.java:wrapUncommittedBlocksAsPseudoKey(837)) - Detect allocated but uncommitted blocks [{blockID={containerID=4, localID=111677748019200048}, length=4194304, offset=0, token=null, pipeline=null, createVersion=0, partNumber=0}] in key testBatchDelete/parent/child4.
2023-02-21 13:38:03,596 [OM StateMachine ApplyTransaction Thread - 0] INFO  key.OMKeyRequest (OMKeyRequest.java:wrapUncommittedBlocksAsPseudoKey(837)) - Detect allocated but uncommitted blocks [{blockID={containerID=3, localID=111677748019200049}, length=4194304, offset=0, token=null, pipeline=null, createVersion=0, partNumber=0}] in key testBatchDelete/parent/childFolder/child4.
2023-02-21 13:38:03,606 [OM StateMachine ApplyTransaction Thread - 0] INFO  key.OMKeyRequest (OMKeyRequest.java:wrapUncommittedBlocksAsPseudoKey(837)) - Detect allocated but uncommitted blocks [{blockID={containerID=1, localID=111677748019200050}, length=4194304, offset=0, token=null, pipeline=null, createVersion=0, partNumber=0}] in key testBatchDelete/parent/child5.
2023-02-21 13:38:03,617 [OM StateMachine ApplyTransaction Thread - 0] INFO  key.OMKeyRequest (OMKeyRequest.java:wrapUncommittedBlocksAsPseudoKey(837)) - Detect allocated but uncommitted blocks [{blockID={containerID=2, localID=111677748019200051}, length=4194304, offset=0, token=null, pipeline=null, createVersion=0, partNumber=0}] in key testBatchDelete/parent/childFolder/child5.
2023-02-21 13:38:03,627 [OM StateMachine ApplyTransaction Thread - 0] INFO  key.OMKeyRequest (OMKeyRequest.java:wrapUncommittedBlocksAsPseudoKey(837)) - Detect allocated but uncommitted blocks [{blockID={containerID=3, localID=111677748019200052}, length=4194304, offset=0, token=null, pipeline=null, createVersion=0, partNumber=0}] in key testBatchDelete/parent/child6.
2023-02-21 13:38:03,637 [OM StateMachine ApplyTransaction Thread - 0] INFO  key.OMKeyRequest (OMKeyRequest.java:wrapUncommittedBlocksAsPseudoKey(837)) - Detect allocated but uncommitted blocks [{blockID={containerID=4, localID=111677748019200053}, length=4194304, offset=0, token=null, pipeline=null, createVersion=0, partNumber=0}] in key testBatchDelete/parent/childFolder/child6.
2023-02-21 13:38:03,648 [OM StateMachine ApplyTransaction Thread - 0] INFO  key.OMKeyRequest (OMKeyRequest.java:wrapUncommittedBlocksAsPseudoKey(837)) - Detect allocated but uncommitted blocks [{blockID={containerID=2, localID=111677748019200054}, length=4194304, offset=0, token=null, pipeline=null, createVersion=0, partNumber=0}] in key testBatchDelete/parent/child7.
2023-02-21 13:38:03,658 [OM StateMachine ApplyTransaction Thread - 0] INFO  key.OMKeyRequest (OMKeyRequest.java:wrapUncommittedBlocksAsPseudoKey(837)) - Detect allocated but uncommitted blocks [{blockID={containerID=4, localID=111677748019200055}, length=4194304, offset=0, token=null, pipeline=null, createVersion=0, partNumber=0}] in key testBatchDelete/parent/childFolder/child7.
13:38:03.689 [IPC Server handler 0 on default port 35721] ERROR OMAudit - user=runner | ip=127.0.0.1 | op=GET_FILE_STATUS {volume=volume06454, bucket=bucket10538, key=testBatchDelete, dataSize=0, replicationConfig=null} | ret=FAILURE
org.apache.hadoop.ozone.om.exceptions.OMException: Unable to get file status: volume: volume06454 bucket: bucket10538 key: testBatchDelete
	at org.apache.hadoop.ozone.om.KeyManagerImpl.getOzoneFileStatus(KeyManagerImpl.java:1162) ~[ozone-manager-1.4.0-SNAPSHOT.jar:?]
	at org.apache.hadoop.ozone.om.KeyManagerImpl.getFileStatus(KeyManagerImpl.java:1080) ~[ozone-manager-1.4.0-SNAPSHOT.jar:?]
	at org.apache.hadoop.ozone.om.OmMetadataReader.getFileStatus(OmMetadataReader.java:288) ~[ozone-manager-1.4.0-SNAPSHOT.jar:?]
	at org.apache.hadoop.ozone.om.OzoneManager.getFileStatus(OzoneManager.java:3450) ~[ozone-manager-1.4.0-SNAPSHOT.jar:?]
	at org.apache.hadoop.ozone.protocolPB.OzoneManagerRequestHandler.getOzoneFileStatus(OzoneManagerRequestHandler.java:933) ~[ozone-manager-1.4.0-SNAPSHOT.jar:?]
	at org.apache.hadoop.ozone.protocolPB.OzoneManagerRequestHandler.handleReadRequest(OzoneManagerRequestHandler.java:238) ~[ozone-manager-1.4.0-SNAPSHOT.jar:?]
	at org.apache.hadoop.ozone.protocolPB.OzoneManagerProtocolServerSideTranslatorPB.submitReadRequestToOM(OzoneManagerProtocolServerSideTranslatorPB.java:223) ~[ozone-manager-1.4.0-SNAPSHOT.jar:?]
	at org.apache.hadoop.ozone.protocolPB.OzoneManagerProtocolServerSideTranslatorPB.processRequest(OzoneManagerProtocolServerSideTranslatorPB.java:177) ~[ozone-manager-1.4.0-SNAPSHOT.jar:?]
	at org.apache.hadoop.hdds.server.OzoneProtocolMessageDispatcher.processRequest(OzoneProtocolMessageDispatcher.java:87) [hdds-server-framework-1.4.0-SNAPSHOT.jar:?]
	at org.apache.hadoop.ozone.protocolPB.OzoneManagerProtocolServerSideTranslatorPB.submitRequest(OzoneManagerProtocolServerSideTranslatorPB.java:147) [ozone-manager-1.4.0-SNAPSHOT.jar:?]
	at org.apache.hadoop.ozone.protocol.proto.OzoneManagerProtocolProtos$OzoneManagerService$2.callBlockingMethod(OzoneManagerProtocolProtos.java) [ozone-interface-client-1.4.0-SNAPSHOT.jar:?]
	at org.apache.hadoop.ipc.ProtobufRpcEngine$Server.processCall(ProtobufRpcEngine.java:465) [hadoop-common-3.3.4.jar:?]
	at org.apache.hadoop.ipc.ProtobufRpcEngine2$Server$ProtoBufRpcInvoker.call(ProtobufRpcEngine2.java:578) [hadoop-common-3.3.4.jar:?]
	at org.apache.hadoop.ipc.ProtobufRpcEngine2$Server$ProtoBufRpcInvoker.call(ProtobufRpcEngine2.java:556) [hadoop-common-3.3.4.jar:?]
	at org.apache.hadoop.ipc.RPC$Server.call(RPC.java:1093) [hadoop-common-3.3.4.jar:?]
	at org.apache.hadoop.ipc.Server$RpcCall.run(Server.java:1043) [hadoop-common-3.3.4.jar:?]
	at org.apache.hadoop.ipc.Server$RpcCall.run(Server.java:971) [hadoop-common-3.3.4.jar:?]
	at java.security.AccessController.doPrivileged(Native Method) ~[?:1.8.0_362]
	at javax.security.auth.Subject.doAs(Subject.java:422) [?:1.8.0_362]
	at org.apache.hadoop.security.UserGroupInformation.doAs(UserGroupInformation.java:1878) [hadoop-common-3.3.4.jar:?]
	at org.apache.hadoop.ipc.Server$Handler.run(Server.java:2976) [hadoop-common-3.3.4.jar:?]
13:38:03.691 [IPC Server handler 4 on default port 35721] ERROR OMAudit - user=runner | ip=127.0.0.1 | op=GET_FILE_STATUS {volume=volume06454, bucket=bucket10538, key=testBatchDelete/parent/child0, dataSize=0, replicationConfig=null} | ret=FAILURE
org.apache.hadoop.ozone.om.exceptions.OMException: Unable to get file status: volume: volume06454 bucket: bucket10538 key: testBatchDelete/parent/child0
	at org.apache.hadoop.ozone.om.KeyManagerImpl.getOzoneFileStatus(KeyManagerImpl.java:1162) ~[ozone-manager-1.4.0-SNAPSHOT.jar:?]
	at org.apache.hadoop.ozone.om.KeyManagerImpl.getFileStatus(KeyManagerImpl.java:1080) ~[ozone-manager-1.4.0-SNAPSHOT.jar:?]
	at org.apache.hadoop.ozone.om.OmMetadataReader.getFileStatus(OmMetadataReader.java:288) ~[ozone-manager-1.4.0-SNAPSHOT.jar:?]
	at org.apache.hadoop.ozone.om.OzoneManager.getFileStatus(OzoneManager.java:3450) ~[ozone-manager-1.4.0-SNAPSHOT.jar:?]
	at org.apache.hadoop.ozone.protocolPB.OzoneManagerRequestHandler.getOzoneFileStatus(OzoneManagerRequestHandler.java:933) ~[ozone-manager-1.4.0-SNAPSHOT.jar:?]
	at org.apache.hadoop.ozone.protocolPB.OzoneManagerRequestHandler.handleReadRequest(OzoneManagerRequestHandler.java:238) ~[ozone-manager-1.4.0-SNAPSHOT.jar:?]
	at org.apache.hadoop.ozone.protocolPB.OzoneManagerProtocolServerSideTranslatorPB.submitReadRequestToOM(OzoneManagerProtocolServerSideTranslatorPB.java:223) ~[ozone-manager-1.4.0-SNAPSHOT.jar:?]
	at org.apache.hadoop.ozone.protocolPB.OzoneManagerProtocolServerSideTranslatorPB.processRequest(OzoneManagerProtocolServerSideTranslatorPB.java:177) ~[ozone-manager-1.4.0-SNAPSHOT.jar:?]
	at org.apache.hadoop.hdds.server.OzoneProtocolMessageDispatcher.processRequest(OzoneProtocolMessageDispatcher.java:87) [hdds-server-framework-1.4.0-SNAPSHOT.jar:?]
	at org.apache.hadoop.ozone.protocolPB.OzoneManagerProtocolServerSideTranslatorPB.submitRequest(OzoneManagerProtocolServerSideTranslatorPB.java:147) [ozone-manager-1.4.0-SNAPSHOT.jar:?]
	at org.apache.hadoop.ozone.protocol.proto.OzoneManagerProtocolProtos$OzoneManagerService$2.callBlockingMethod(OzoneManagerProtocolProtos.java) [ozone-interface-client-1.4.0-SNAPSHOT.jar:?]
	at org.apache.hadoop.ipc.ProtobufRpcEngine$Server.processCall(ProtobufRpcEngine.java:465) [hadoop-common-3.3.4.jar:?]
	at org.apache.hadoop.ipc.ProtobufRpcEngine2$Server$ProtoBufRpcInvoker.call(ProtobufRpcEngine2.java:578) [hadoop-common-3.3.4.jar:?]
	at org.apache.hadoop.ipc.ProtobufRpcEngine2$Server$ProtoBufRpcInvoker.call(ProtobufRpcEngine2.java:556) [hadoop-common-3.3.4.jar:?]
	at org.apache.hadoop.ipc.RPC$Server.call(RPC.java:1093) [hadoop-common-3.3.4.jar:?]
	at org.apache.hadoop.ipc.Server$RpcCall.run(Server.java:1043) [hadoop-common-3.3.4.jar:?]
	at org.apache.hadoop.ipc.Server$RpcCall.run(Server.java:971) [hadoop-common-3.3.4.jar:?]
	at java.security.AccessController.doPrivileged(Native Method) ~[?:1.8.0_362]
	at javax.security.auth.Subject.doAs(Subject.java:422) [?:1.8.0_362]
	at org.apache.hadoop.security.UserGroupInformation.doAs(UserGroupInformation.java:1878) [hadoop-common-3.3.4.jar:?]
	at org.apache.hadoop.ipc.Server$Handler.run(Server.java:2976) [hadoop-common-3.3.4.jar:?]
13:38:03.693 [IPC Server handler 18 on default port 35721] ERROR OMAudit - user=runner | ip=127.0.0.1 | op=GET_FILE_STATUS {volume=volume06454, bucket=bucket10538, key=testBatchDelete/parent/childFolder/child0, dataSize=0, replicationConfig=null} | ret=FAILURE
org.apache.hadoop.ozone.om.exceptions.OMException: Unable to get file status: volume: volume06454 bucket: bucket10538 key: testBatchDelete/parent/childFolder/child0
	at org.apache.hadoop.ozone.om.KeyManagerImpl.getOzoneFileStatus(KeyManagerImpl.java:1162) ~[ozone-manager-1.4.0-SNAPSHOT.jar:?]
	at org.apache.hadoop.ozone.om.KeyManagerImpl.getFileStatus(KeyManagerImpl.java:1080) ~[ozone-manager-1.4.0-SNAPSHOT.jar:?]
	at org.apache.hadoop.ozone.om.OmMetadataReader.getFileStatus(OmMetadataReader.java:288) ~[ozone-manager-1.4.0-SNAPSHOT.jar:?]
	at org.apache.hadoop.ozone.om.OzoneManager.getFileStatus(OzoneManager.java:3450) ~[ozone-manager-1.4.0-SNAPSHOT.jar:?]
	at org.apache.hadoop.ozone.protocolPB.OzoneManagerRequestHandler.getOzoneFileStatus(OzoneManagerRequestHandler.java:933) ~[ozone-manager-1.4.0-SNAPSHOT.jar:?]
	at org.apache.hadoop.ozone.protocolPB.OzoneManagerRequestHandler.handleReadRequest(OzoneManagerRequestHandler.java:238) ~[ozone-manager-1.4.0-SNAPSHOT.jar:?]
	at org.apache.hadoop.ozone.protocolPB.OzoneManagerProtocolServerSideTranslatorPB.submitReadRequestToOM(OzoneManagerProtocolServerSideTranslatorPB.java:223) ~[ozone-manager-1.4.0-SNAPSHOT.jar:?]
	at org.apache.hadoop.ozone.protocolPB.OzoneManagerProtocolServerSideTranslatorPB.processRequest(OzoneManagerProtocolServerSideTranslatorPB.java:177) ~[ozone-manager-1.4.0-SNAPSHOT.jar:?]
	at org.apache.hadoop.hdds.server.OzoneProtocolMessageDispatcher.processRequest(OzoneProtocolMessageDispatcher.java:87) [hdds-server-framework-1.4.0-SNAPSHOT.jar:?]
	at org.apache.hadoop.ozone.protocolPB.OzoneManagerProtocolServerSideTranslatorPB.submitRequest(OzoneManagerProtocolServerSideTranslatorPB.java:147) [ozone-manager-1.4.0-SNAPSHOT.jar:?]
	at org.apache.hadoop.ozone.protocol.proto.OzoneManagerProtocolProtos$OzoneManagerService$2.callBlockingMethod(OzoneManagerProtocolProtos.java) [ozone-interface-client-1.4.0-SNAPSHOT.jar:?]
	at org.apache.hadoop.ipc.ProtobufRpcEngine$Server.processCall(ProtobufRpcEngine.java:465) [hadoop-common-3.3.4.jar:?]
	at org.apache.hadoop.ipc.ProtobufRpcEngine2$Server$ProtoBufRpcInvoker.call(ProtobufRpcEngine2.java:578) [hadoop-common-3.3.4.jar:?]
	at org.apache.hadoop.ipc.ProtobufRpcEngine2$Server$ProtoBufRpcInvoker.call(ProtobufRpcEngine2.java:556) [hadoop-common-3.3.4.jar:?]
	at org.apache.hadoop.ipc.RPC$Server.call(RPC.java:1093) [hadoop-common-3.3.4.jar:?]
	at org.apache.hadoop.ipc.Server$RpcCall.run(Server.java:1043) [hadoop-common-3.3.4.jar:?]
	at org.apache.hadoop.ipc.Server$RpcCall.run(Server.java:971) [hadoop-common-3.3.4.jar:?]
	at java.security.AccessController.doPrivileged(Native Method) ~[?:1.8.0_362]
	at javax.security.auth.Subject.doAs(Subject.java:422) [?:1.8.0_362]
	at org.apache.hadoop.security.UserGroupInformation.doAs(UserGroupInformation.java:1878) [hadoop-common-3.3.4.jar:?]
	at org.apache.hadoop.ipc.Server$Handler.run(Server.java:2976) [hadoop-common-3.3.4.jar:?]
13:38:03.694 [IPC Server handler 10 on default port 35721] ERROR OMAudit - user=runner | ip=127.0.0.1 | op=GET_FILE_STATUS {volume=volume06454, bucket=bucket10538, key=testBatchDelete/parent/child1, dataSize=0, replicationConfig=null} | ret=FAILURE
org.apache.hadoop.ozone.om.exceptions.OMException: Unable to get file status: volume: volume06454 bucket: bucket10538 key: testBatchDelete/parent/child1
	at org.apache.hadoop.ozone.om.KeyManagerImpl.getOzoneFileStatus(KeyManagerImpl.java:1162) ~[ozone-manager-1.4.0-SNAPSHOT.jar:?]
	at org.apache.hadoop.ozone.om.KeyManagerImpl.getFileStatus(KeyManagerImpl.java:1080) ~[ozone-manager-1.4.0-SNAPSHOT.jar:?]
	at org.apache.hadoop.ozone.om.OmMetadataReader.getFileStatus(OmMetadataReader.java:288) ~[ozone-manager-1.4.0-SNAPSHOT.jar:?]
	at org.apache.hadoop.ozone.om.OzoneManager.getFileStatus(OzoneManager.java:3450) ~[ozone-manager-1.4.0-SNAPSHOT.jar:?]
	at org.apache.hadoop.ozone.protocolPB.OzoneManagerRequestHandler.getOzoneFileStatus(OzoneManagerRequestHandler.java:933) ~[ozone-manager-1.4.0-SNAPSHOT.jar:?]
	at org.apache.hadoop.ozone.protocolPB.OzoneManagerRequestHandler.handleReadRequest(OzoneManagerRequestHandler.java:238) ~[ozone-manager-1.4.0-SNAPSHOT.jar:?]
	at org.apache.hadoop.ozone.protocolPB.OzoneManagerProtocolServerSideTranslatorPB.submitReadRequestToOM(OzoneManagerProtocolServerSideTranslatorPB.java:223) ~[ozone-manager-1.4.0-SNAPSHOT.jar:?]
	at org.apache.hadoop.ozone.protocolPB.OzoneManagerProtocolServerSideTranslatorPB.processRequest(OzoneManagerProtocolServerSideTranslatorPB.java:177) ~[ozone-manager-1.4.0-SNAPSHOT.jar:?]
	at org.apache.hadoop.hdds.server.OzoneProtocolMessageDispatcher.processRequest(OzoneProtocolMessageDispatcher.java:87) [hdds-server-framework-1.4.0-SNAPSHOT.jar:?]
	at org.apache.hadoop.ozone.protocolPB.OzoneManagerProtocolServerSideTranslatorPB.submitRequest(OzoneManagerProtocolServerSideTranslatorPB.java:147) [ozone-manager-1.4.0-SNAPSHOT.jar:?]
	at org.apache.hadoop.ozone.protocol.proto.OzoneManagerProtocolProtos$OzoneManagerService$2.callBlockingMethod(OzoneManagerProtocolProtos.java) [ozone-interface-client-1.4.0-SNAPSHOT.jar:?]
	at org.apache.hadoop.ipc.ProtobufRpcEngine$Server.processCall(ProtobufRpcEngine.java:465) [hadoop-common-3.3.4.jar:?]
	at org.apache.hadoop.ipc.ProtobufRpcEngine2$Server$ProtoBufRpcInvoker.call(ProtobufRpcEngine2.java:578) [hadoop-common-3.3.4.jar:?]
	at org.apache.hadoop.ipc.ProtobufRpcEngine2$Server$ProtoBufRpcInvoker.call(ProtobufRpcEngine2.java:556) [hadoop-common-3.3.4.jar:?]
	at org.apache.hadoop.ipc.RPC$Server.call(RPC.java:1093) [hadoop-common-3.3.4.jar:?]
	at org.apache.hadoop.ipc.Server$RpcCall.run(Server.java:1043) [hadoop-common-3.3.4.jar:?]
	at org.apache.hadoop.ipc.Server$RpcCall.run(Server.java:971) [hadoop-common-3.3.4.jar:?]
	at java.security.AccessController.doPrivileged(Native Method) ~[?:1.8.0_362]
	at javax.security.auth.Subject.doAs(Subject.java:422) [?:1.8.0_362]
	at org.apache.hadoop.security.UserGroupInformation.doAs(UserGroupInformation.java:1878) [hadoop-common-3.3.4.jar:?]
	at org.apache.hadoop.ipc.Server$Handler.run(Server.java:2976) [hadoop-common-3.3.4.jar:?]
13:38:03.695 [IPC Server handler 8 on default port 35721] ERROR OMAudit - user=runner | ip=127.0.0.1 | op=GET_FILE_STATUS {volume=volume06454, bucket=bucket10538, key=testBatchDelete/parent/childFolder/child1, dataSize=0, replicationConfig=null} | ret=FAILURE
org.apache.hadoop.ozone.om.exceptions.OMException: Unable to get file status: volume: volume06454 bucket: bucket10538 key: testBatchDelete/parent/childFolder/child1
	at org.apache.hadoop.ozone.om.KeyManagerImpl.getOzoneFileStatus(KeyManagerImpl.java:1162) ~[ozone-manager-1.4.0-SNAPSHOT.jar:?]
	at org.apache.hadoop.ozone.om.KeyManagerImpl.getFileStatus(KeyManagerImpl.java:1080) ~[ozone-manager-1.4.0-SNAPSHOT.jar:?]
	at org.apache.hadoop.ozone.om.OmMetadataReader.getFileStatus(OmMetadataReader.java:288) ~[ozone-manager-1.4.0-SNAPSHOT.jar:?]
	at org.apache.hadoop.ozone.om.OzoneManager.getFileStatus(OzoneManager.java:3450) ~[ozone-manager-1.4.0-SNAPSHOT.jar:?]
	at org.apache.hadoop.ozone.protocolPB.OzoneManagerRequestHandler.getOzoneFileStatus(OzoneManagerRequestHandler.java:933) ~[ozone-manager-1.4.0-SNAPSHOT.jar:?]
	at org.apache.hadoop.ozone.protocolPB.OzoneManagerRequestHandler.handleReadRequest(OzoneManagerRequestHandler.java:238) ~[ozone-manager-1.4.0-SNAPSHOT.jar:?]
	at org.apache.hadoop.ozone.protocolPB.OzoneManagerProtocolServerSideTranslatorPB.submitReadRequestToOM(OzoneManagerProtocolServerSideTranslatorPB.java:223) ~[ozone-manager-1.4.0-SNAPSHOT.jar:?]
	at org.apache.hadoop.ozone.protocolPB.OzoneManagerProtocolServerSideTranslatorPB.processRequest(OzoneManagerProtocolServerSideTranslatorPB.java:177) ~[ozone-manager-1.4.0-SNAPSHOT.jar:?]
	at org.apache.hadoop.hdds.server.OzoneProtocolMessageDispatcher.processRequest(OzoneProtocolMessageDispatcher.java:87) [hdds-server-framework-1.4.0-SNAPSHOT.jar:?]
	at org.apache.hadoop.ozone.protocolPB.OzoneManagerProtocolServerSideTranslatorPB.submitRequest(OzoneManagerProtocolServerSideTranslatorPB.java:147) [ozone-manager-1.4.0-SNAPSHOT.jar:?]
	at org.apache.hadoop.ozone.protocol.proto.OzoneManagerProtocolProtos$OzoneManagerService$2.callBlockingMethod(OzoneManagerProtocolProtos.java) [ozone-interface-client-1.4.0-SNAPSHOT.jar:?]
	at org.apache.hadoop.ipc.ProtobufRpcEngine$Server.processCall(ProtobufRpcEngine.java:465) [hadoop-common-3.3.4.jar:?]
	at org.apache.hadoop.ipc.ProtobufRpcEngine2$Server$ProtoBufRpcInvoker.call(ProtobufRpcEngine2.java:578) [hadoop-common-3.3.4.jar:?]
	at org.apache.hadoop.ipc.ProtobufRpcEngine2$Server$ProtoBufRpcInvoker.call(ProtobufRpcEngine2.java:556) [hadoop-common-3.3.4.jar:?]
	at org.apache.hadoop.ipc.RPC$Server.call(RPC.java:1093) [hadoop-common-3.3.4.jar:?]
	at org.apache.hadoop.ipc.Server$RpcCall.run(Server.java:1043) [hadoop-common-3.3.4.jar:?]
	at org.apache.hadoop.ipc.Server$RpcCall.run(Server.java:971) [hadoop-common-3.3.4.jar:?]
	at java.security.AccessController.doPrivileged(Native Method) ~[?:1.8.0_362]
	at javax.security.auth.Subject.doAs(Subject.java:422) [?:1.8.0_362]
	at org.apache.hadoop.security.UserGroupInformation.doAs(UserGroupInformation.java:1878) [hadoop-common-3.3.4.jar:?]
	at org.apache.hadoop.ipc.Server$Handler.run(Server.java:2976) [hadoop-common-3.3.4.jar:?]
13:38:03.697 [IPC Server handler 17 on default port 35721] ERROR OMAudit - user=runner | ip=127.0.0.1 | op=GET_FILE_STATUS {volume=volume06454, bucket=bucket10538, key=testBatchDelete/parent/child2, dataSize=0, replicationConfig=null} | ret=FAILURE
org.apache.hadoop.ozone.om.exceptions.OMException: Unable to get file status: volume: volume06454 bucket: bucket10538 key: testBatchDelete/parent/child2
	at org.apache.hadoop.ozone.om.KeyManagerImpl.getOzoneFileStatus(KeyManagerImpl.java:1162) ~[ozone-manager-1.4.0-SNAPSHOT.jar:?]
	at org.apache.hadoop.ozone.om.KeyManagerImpl.getFileStatus(KeyManagerImpl.java:1080) ~[ozone-manager-1.4.0-SNAPSHOT.jar:?]
	at org.apache.hadoop.ozone.om.OmMetadataReader.getFileStatus(OmMetadataReader.java:288) ~[ozone-manager-1.4.0-SNAPSHOT.jar:?]
	at org.apache.hadoop.ozone.om.OzoneManager.getFileStatus(OzoneManager.java:3450) ~[ozone-manager-1.4.0-SNAPSHOT.jar:?]
	at org.apache.hadoop.ozone.protocolPB.OzoneManagerRequestHandler.getOzoneFileStatus(OzoneManagerRequestHandler.java:933) ~[ozone-manager-1.4.0-SNAPSHOT.jar:?]
	at org.apache.hadoop.ozone.protocolPB.OzoneManagerRequestHandler.handleReadRequest(OzoneManagerRequestHandler.java:238) ~[ozone-manager-1.4.0-SNAPSHOT.jar:?]
	at org.apache.hadoop.ozone.protocolPB.OzoneManagerProtocolServerSideTranslatorPB.submitReadRequestToOM(OzoneManagerProtocolServerSideTranslatorPB.java:223) ~[ozone-manager-1.4.0-SNAPSHOT.jar:?]
	at org.apache.hadoop.ozone.protocolPB.OzoneManagerProtocolServerSideTranslatorPB.processRequest(OzoneManagerProtocolServerSideTranslatorPB.java:177) ~[ozone-manager-1.4.0-SNAPSHOT.jar:?]
	at org.apache.hadoop.hdds.server.OzoneProtocolMessageDispatcher.processRequest(OzoneProtocolMessageDispatcher.java:87) [hdds-server-framework-1.4.0-SNAPSHOT.jar:?]
	at org.apache.hadoop.ozone.protocolPB.OzoneManagerProtocolServerSideTranslatorPB.submitRequest(OzoneManagerProtocolServerSideTranslatorPB.java:147) [ozone-manager-1.4.0-SNAPSHOT.jar:?]
	at org.apache.hadoop.ozone.protocol.proto.OzoneManagerProtocolProtos$OzoneManagerService$2.callBlockingMethod(OzoneManagerProtocolProtos.java) [ozone-interface-client-1.4.0-SNAPSHOT.jar:?]
	at org.apache.hadoop.ipc.ProtobufRpcEngine$Server.processCall(ProtobufRpcEngine.java:465) [hadoop-common-3.3.4.jar:?]
	at org.apache.hadoop.ipc.ProtobufRpcEngine2$Server$ProtoBufRpcInvoker.call(ProtobufRpcEngine2.java:578) [hadoop-common-3.3.4.jar:?]
	at org.apache.hadoop.ipc.ProtobufRpcEngine2$Server$ProtoBufRpcInvoker.call(ProtobufRpcEngine2.java:556) [hadoop-common-3.3.4.jar:?]
	at org.apache.hadoop.ipc.RPC$Server.call(RPC.java:1093) [hadoop-common-3.3.4.jar:?]
	at org.apache.hadoop.ipc.Server$RpcCall.run(Server.java:1043) [hadoop-common-3.3.4.jar:?]
	at org.apache.hadoop.ipc.Server$RpcCall.run(Server.java:971) [hadoop-common-3.3.4.jar:?]
	at java.security.AccessController.doPrivileged(Native Method) ~[?:1.8.0_362]
	at javax.security.auth.Subject.doAs(Subject.java:422) [?:1.8.0_362]
	at org.apache.hadoop.security.UserGroupInformation.doAs(UserGroupInformation.java:1878) [hadoop-common-3.3.4.jar:?]
	at org.apache.hadoop.ipc.Server$Handler.run(Server.java:2976) [hadoop-common-3.3.4.jar:?]
13:38:03.698 [IPC Server handler 14 on default port 35721] ERROR OMAudit - user=runner | ip=127.0.0.1 | op=GET_FILE_STATUS {volume=volume06454, bucket=bucket10538, key=testBatchDelete/parent/childFolder/child2, dataSize=0, replicationConfig=null} | ret=FAILURE
org.apache.hadoop.ozone.om.exceptions.OMException: Unable to get file status: volume: volume06454 bucket: bucket10538 key: testBatchDelete/parent/childFolder/child2
	at org.apache.hadoop.ozone.om.KeyManagerImpl.getOzoneFileStatus(KeyManagerImpl.java:1162) ~[ozone-manager-1.4.0-SNAPSHOT.jar:?]
	at org.apache.hadoop.ozone.om.KeyManagerImpl.getFileStatus(KeyManagerImpl.java:1080) ~[ozone-manager-1.4.0-SNAPSHOT.jar:?]
	at org.apache.hadoop.ozone.om.OmMetadataReader.getFileStatus(OmMetadataReader.java:288) ~[ozone-manager-1.4.0-SNAPSHOT.jar:?]
	at org.apache.hadoop.ozone.om.OzoneManager.getFileStatus(OzoneManager.java:3450) ~[ozone-manager-1.4.0-SNAPSHOT.jar:?]
	at org.apache.hadoop.ozone.protocolPB.OzoneManagerRequestHandler.getOzoneFileStatus(OzoneManagerRequestHandler.java:933) ~[ozone-manager-1.4.0-SNAPSHOT.jar:?]
	at org.apache.hadoop.ozone.protocolPB.OzoneManagerRequestHandler.handleReadRequest(OzoneManagerRequestHandler.java:238) ~[ozone-manager-1.4.0-SNAPSHOT.jar:?]
	at org.apache.hadoop.ozone.protocolPB.OzoneManagerProtocolServerSideTranslatorPB.submitReadRequestToOM(OzoneManagerProtocolServerSideTranslatorPB.java:223) ~[ozone-manager-1.4.0-SNAPSHOT.jar:?]
	at org.apache.hadoop.ozone.protocolPB.OzoneManagerProtocolServerSideTranslatorPB.processRequest(OzoneManagerProtocolServerSideTranslatorPB.java:177) ~[ozone-manager-1.4.0-SNAPSHOT.jar:?]
	at org.apache.hadoop.hdds.server.OzoneProtocolMessageDispatcher.processRequest(OzoneProtocolMessageDispatcher.java:87) [hdds-server-framework-1.4.0-SNAPSHOT.jar:?]
	at org.apache.hadoop.ozone.protocolPB.OzoneManagerProtocolServerSideTranslatorPB.submitRequest(OzoneManagerProtocolServerSideTranslatorPB.java:147) [ozone-manager-1.4.0-SNAPSHOT.jar:?]
	at org.apache.hadoop.ozone.protocol.proto.OzoneManagerProtocolProtos$OzoneManagerService$2.callBlockingMethod(OzoneManagerProtocolProtos.java) [ozone-interface-client-1.4.0-SNAPSHOT.jar:?]
	at org.apache.hadoop.ipc.ProtobufRpcEngine$Server.processCall(ProtobufRpcEngine.java:465) [hadoop-common-3.3.4.jar:?]
	at org.apache.hadoop.ipc.ProtobufRpcEngine2$Server$ProtoBufRpcInvoker.call(ProtobufRpcEngine2.java:578) [hadoop-common-3.3.4.jar:?]
	at org.apache.hadoop.ipc.ProtobufRpcEngine2$Server$ProtoBufRpcInvoker.call(ProtobufRpcEngine2.java:556) [hadoop-common-3.3.4.jar:?]
	at org.apache.hadoop.ipc.RPC$Server.call(RPC.java:1093) [hadoop-common-3.3.4.jar:?]
	at org.apache.hadoop.ipc.Server$RpcCall.run(Server.java:1043) [hadoop-common-3.3.4.jar:?]
	at org.apache.hadoop.ipc.Server$RpcCall.run(Server.java:971) [hadoop-common-3.3.4.jar:?]
	at java.security.AccessController.doPrivileged(Native Method) ~[?:1.8.0_362]
	at javax.security.auth.Subject.doAs(Subject.java:422) [?:1.8.0_362]
	at org.apache.hadoop.security.UserGroupInformation.doAs(UserGroupInformation.java:1878) [hadoop-common-3.3.4.jar:?]
	at org.apache.hadoop.ipc.Server$Handler.run(Server.java:2976) [hadoop-common-3.3.4.jar:?]
13:38:03.699 [IPC Server handler 9 on default port 35721] ERROR OMAudit - user=runner | ip=127.0.0.1 | op=GET_FILE_STATUS {volume=volume06454, bucket=bucket10538, key=testBatchDelete/parent/child3, dataSize=0, replicationConfig=null} | ret=FAILURE
org.apache.hadoop.ozone.om.exceptions.OMException: Unable to get file status: volume: volume06454 bucket: bucket10538 key: testBatchDelete/parent/child3
	at org.apache.hadoop.ozone.om.KeyManagerImpl.getOzoneFileStatus(KeyManagerImpl.java:1162) ~[ozone-manager-1.4.0-SNAPSHOT.jar:?]
	at org.apache.hadoop.ozone.om.KeyManagerImpl.getFileStatus(KeyManagerImpl.java:1080) ~[ozone-manager-1.4.0-SNAPSHOT.jar:?]
	at org.apache.hadoop.ozone.om.OmMetadataReader.getFileStatus(OmMetadataReader.java:288) ~[ozone-manager-1.4.0-SNAPSHOT.jar:?]
	at org.apache.hadoop.ozone.om.OzoneManager.getFileStatus(OzoneManager.java:3450) ~[ozone-manager-1.4.0-SNAPSHOT.jar:?]
	at org.apache.hadoop.ozone.protocolPB.OzoneManagerRequestHandler.getOzoneFileStatus(OzoneManagerRequestHandler.java:933) ~[ozone-manager-1.4.0-SNAPSHOT.jar:?]
	at org.apache.hadoop.ozone.protocolPB.OzoneManagerRequestHandler.handleReadRequest(OzoneManagerRequestHandler.java:238) ~[ozone-manager-1.4.0-SNAPSHOT.jar:?]
	at org.apache.hadoop.ozone.protocolPB.OzoneManagerProtocolServerSideTranslatorPB.submitReadRequestToOM(OzoneManagerProtocolServerSideTranslatorPB.java:223) ~[ozone-manager-1.4.0-SNAPSHOT.jar:?]
	at org.apache.hadoop.ozone.protocolPB.OzoneManagerProtocolServerSideTranslatorPB.processRequest(OzoneManagerProtocolServerSideTranslatorPB.java:177) ~[ozone-manager-1.4.0-SNAPSHOT.jar:?]
	at org.apache.hadoop.hdds.server.OzoneProtocolMessageDispatcher.processRequest(OzoneProtocolMessageDispatcher.java:87) [hdds-server-framework-1.4.0-SNAPSHOT.jar:?]
	at org.apache.hadoop.ozone.protocolPB.OzoneManagerProtocolServerSideTranslatorPB.submitRequest(OzoneManagerProtocolServerSideTranslatorPB.java:147) [ozone-manager-1.4.0-SNAPSHOT.jar:?]
	at org.apache.hadoop.ozone.protocol.proto.OzoneManagerProtocolProtos$OzoneManagerService$2.callBlockingMethod(OzoneManagerProtocolProtos.java) [ozone-interface-client-1.4.0-SNAPSHOT.jar:?]
	at org.apache.hadoop.ipc.ProtobufRpcEngine$Server.processCall(ProtobufRpcEngine.java:465) [hadoop-common-3.3.4.jar:?]
	at org.apache.hadoop.ipc.ProtobufRpcEngine2$Server$ProtoBufRpcInvoker.call(ProtobufRpcEngine2.java:578) [hadoop-common-3.3.4.jar:?]
	at org.apache.hadoop.ipc.ProtobufRpcEngine2$Server$ProtoBufRpcInvoker.call(ProtobufRpcEngine2.java:556) [hadoop-common-3.3.4.jar:?]
	at org.apache.hadoop.ipc.RPC$Server.call(RPC.java:1093) [hadoop-common-3.3.4.jar:?]
	at org.apache.hadoop.ipc.Server$RpcCall.run(Server.java:1043) [hadoop-common-3.3.4.jar:?]
	at org.apache.hadoop.ipc.Server$RpcCall.run(Server.java:971) [hadoop-common-3.3.4.jar:?]
	at java.security.AccessController.doPrivileged(Native Method) ~[?:1.8.0_362]
	at javax.security.auth.Subject.doAs(Subject.java:422) [?:1.8.0_362]
	at org.apache.hadoop.security.UserGroupInformation.doAs(UserGroupInformation.java:1878) [hadoop-common-3.3.4.jar:?]
	at org.apache.hadoop.ipc.Server$Handler.run(Server.java:2976) [hadoop-common-3.3.4.jar:?]
13:38:03.701 [IPC Server handler 7 on default port 35721] ERROR OMAudit - user=runner | ip=127.0.0.1 | op=GET_FILE_STATUS {volume=volume06454, bucket=bucket10538, key=testBatchDelete/parent/childFolder/child3, dataSize=0, replicationConfig=null} | ret=FAILURE
org.apache.hadoop.ozone.om.exceptions.OMException: Unable to get file status: volume: volume06454 bucket: bucket10538 key: testBatchDelete/parent/childFolder/child3
	at org.apache.hadoop.ozone.om.KeyManagerImpl.getOzoneFileStatus(KeyManagerImpl.java:1162) ~[ozone-manager-1.4.0-SNAPSHOT.jar:?]
	at org.apache.hadoop.ozone.om.KeyManagerImpl.getFileStatus(KeyManagerImpl.java:1080) ~[ozone-manager-1.4.0-SNAPSHOT.jar:?]
	at org.apache.hadoop.ozone.om.OmMetadataReader.getFileStatus(OmMetadataReader.java:288) ~[ozone-manager-1.4.0-SNAPSHOT.jar:?]
	at org.apache.hadoop.ozone.om.OzoneManager.getFileStatus(OzoneManager.java:3450) ~[ozone-manager-1.4.0-SNAPSHOT.jar:?]
	at org.apache.hadoop.ozone.protocolPB.OzoneManagerRequestHandler.getOzoneFileStatus(OzoneManagerRequestHandler.java:933) ~[ozone-manager-1.4.0-SNAPSHOT.jar:?]
	at org.apache.hadoop.ozone.protocolPB.OzoneManagerRequestHandler.handleReadRequest(OzoneManagerRequestHandler.java:238) ~[ozone-manager-1.4.0-SNAPSHOT.jar:?]
	at org.apache.hadoop.ozone.protocolPB.OzoneManagerProtocolServerSideTranslatorPB.submitReadRequestToOM(OzoneManagerProtocolServerSideTranslatorPB.java:223) ~[ozone-manager-1.4.0-SNAPSHOT.jar:?]
	at org.apache.hadoop.ozone.protocolPB.OzoneManagerProtocolServerSideTranslatorPB.processRequest(OzoneManagerProtocolServerSideTranslatorPB.java:177) ~[ozone-manager-1.4.0-SNAPSHOT.jar:?]
	at org.apache.hadoop.hdds.server.OzoneProtocolMessageDispatcher.processRequest(OzoneProtocolMessageDispatcher.java:87) [hdds-server-framework-1.4.0-SNAPSHOT.jar:?]
	at org.apache.hadoop.ozone.protocolPB.OzoneManagerProtocolServerSideTranslatorPB.submitRequest(OzoneManagerProtocolServerSideTranslatorPB.java:147) [ozone-manager-1.4.0-SNAPSHOT.jar:?]
	at org.apache.hadoop.ozone.protocol.proto.OzoneManagerProtocolProtos$OzoneManagerService$2.callBlockingMethod(OzoneManagerProtocolProtos.java) [ozone-interface-client-1.4.0-SNAPSHOT.jar:?]
	at org.apache.hadoop.ipc.ProtobufRpcEngine$Server.processCall(ProtobufRpcEngine.java:465) [hadoop-common-3.3.4.jar:?]
	at org.apache.hadoop.ipc.ProtobufRpcEngine2$Server$ProtoBufRpcInvoker.call(ProtobufRpcEngine2.java:578) [hadoop-common-3.3.4.jar:?]
	at org.apache.hadoop.ipc.ProtobufRpcEngine2$Server$ProtoBufRpcInvoker.call(ProtobufRpcEngine2.java:556) [hadoop-common-3.3.4.jar:?]
	at org.apache.hadoop.ipc.RPC$Server.call(RPC.java:1093) [hadoop-common-3.3.4.jar:?]
	at org.apache.hadoop.ipc.Server$RpcCall.run(Server.java:1043) [hadoop-common-3.3.4.jar:?]
	at org.apache.hadoop.ipc.Server$RpcCall.run(Server.java:971) [hadoop-common-3.3.4.jar:?]
	at java.security.AccessController.doPrivileged(Native Method) ~[?:1.8.0_362]
	at javax.security.auth.Subject.doAs(Subject.java:422) [?:1.8.0_362]
	at org.apache.hadoop.security.UserGroupInformation.doAs(UserGroupInformation.java:1878) [hadoop-common-3.3.4.jar:?]
	at org.apache.hadoop.ipc.Server$Handler.run(Server.java:2976) [hadoop-common-3.3.4.jar:?]
13:38:03.702 [IPC Server handler 2 on default port 35721] ERROR OMAudit - user=runner | ip=127.0.0.1 | op=GET_FILE_STATUS {volume=volume06454, bucket=bucket10538, key=testBatchDelete/parent/child4, dataSize=0, replicationConfig=null} | ret=FAILURE
org.apache.hadoop.ozone.om.exceptions.OMException: Unable to get file status: volume: volume06454 bucket: bucket10538 key: testBatchDelete/parent/child4
	at org.apache.hadoop.ozone.om.KeyManagerImpl.getOzoneFileStatus(KeyManagerImpl.java:1162) ~[ozone-manager-1.4.0-SNAPSHOT.jar:?]
	at org.apache.hadoop.ozone.om.KeyManagerImpl.getFileStatus(KeyManagerImpl.java:1080) ~[ozone-manager-1.4.0-SNAPSHOT.jar:?]
	at org.apache.hadoop.ozone.om.OmMetadataReader.getFileStatus(OmMetadataReader.java:288) ~[ozone-manager-1.4.0-SNAPSHOT.jar:?]
	at org.apache.hadoop.ozone.om.OzoneManager.getFileStatus(OzoneManager.java:3450) ~[ozone-manager-1.4.0-SNAPSHOT.jar:?]
	at org.apache.hadoop.ozone.protocolPB.OzoneManagerRequestHandler.getOzoneFileStatus(OzoneManagerRequestHandler.java:933) ~[ozone-manager-1.4.0-SNAPSHOT.jar:?]
	at org.apache.hadoop.ozone.protocolPB.OzoneManagerRequestHandler.handleReadRequest(OzoneManagerRequestHandler.java:238) ~[ozone-manager-1.4.0-SNAPSHOT.jar:?]
	at org.apache.hadoop.ozone.protocolPB.OzoneManagerProtocolServerSideTranslatorPB.submitReadRequestToOM(OzoneManagerProtocolServerSideTranslatorPB.java:223) ~[ozone-manager-1.4.0-SNAPSHOT.jar:?]
	at org.apache.hadoop.ozone.protocolPB.OzoneManagerProtocolServerSideTranslatorPB.processRequest(OzoneManagerProtocolServerSideTranslatorPB.java:177) ~[ozone-manager-1.4.0-SNAPSHOT.jar:?]
	at org.apache.hadoop.hdds.server.OzoneProtocolMessageDispatcher.processRequest(OzoneProtocolMessageDispatcher.java:87) [hdds-server-framework-1.4.0-SNAPSHOT.jar:?]
	at org.apache.hadoop.ozone.protocolPB.OzoneManagerProtocolServerSideTranslatorPB.submitRequest(OzoneManagerProtocolServerSideTranslatorPB.java:147) [ozone-manager-1.4.0-SNAPSHOT.jar:?]
	at org.apache.hadoop.ozone.protocol.proto.OzoneManagerProtocolProtos$OzoneManagerService$2.callBlockingMethod(OzoneManagerProtocolProtos.java) [ozone-interface-client-1.4.0-SNAPSHOT.jar:?]
	at org.apache.hadoop.ipc.ProtobufRpcEngine$Server.processCall(ProtobufRpcEngine.java:465) [hadoop-common-3.3.4.jar:?]
	at org.apache.hadoop.ipc.ProtobufRpcEngine2$Server$ProtoBufRpcInvoker.call(ProtobufRpcEngine2.java:578) [hadoop-common-3.3.4.jar:?]
	at org.apache.hadoop.ipc.ProtobufRpcEngine2$Server$ProtoBufRpcInvoker.call(ProtobufRpcEngine2.java:556) [hadoop-common-3.3.4.jar:?]
	at org.apache.hadoop.ipc.RPC$Server.call(RPC.java:1093) [hadoop-common-3.3.4.jar:?]
	at org.apache.hadoop.ipc.Server$RpcCall.run(Server.java:1043) [hadoop-common-3.3.4.jar:?]
	at org.apache.hadoop.ipc.Server$RpcCall.run(Server.java:971) [hadoop-common-3.3.4.jar:?]
	at java.security.AccessController.doPrivileged(Native Method) ~[?:1.8.0_362]
	at javax.security.auth.Subject.doAs(Subject.java:422) [?:1.8.0_362]
	at org.apache.hadoop.security.UserGroupInformation.doAs(UserGroupInformation.java:1878) [hadoop-common-3.3.4.jar:?]
	at org.apache.hadoop.ipc.Server$Handler.run(Server.java:2976) [hadoop-common-3.3.4.jar:?]
13:38:03.703 [IPC Server handler 13 on default port 35721] ERROR OMAudit - user=runner | ip=127.0.0.1 | op=GET_FILE_STATUS {volume=volume06454, bucket=bucket10538, key=testBatchDelete/parent/childFolder/child4, dataSize=0, replicationConfig=null} | ret=FAILURE
org.apache.hadoop.ozone.om.exceptions.OMException: Unable to get file status: volume: volume06454 bucket: bucket10538 key: testBatchDelete/parent/childFolder/child4
	at org.apache.hadoop.ozone.om.KeyManagerImpl.getOzoneFileStatus(KeyManagerImpl.java:1162) ~[ozone-manager-1.4.0-SNAPSHOT.jar:?]
	at org.apache.hadoop.ozone.om.KeyManagerImpl.getFileStatus(KeyManagerImpl.java:1080) ~[ozone-manager-1.4.0-SNAPSHOT.jar:?]
	at org.apache.hadoop.ozone.om.OmMetadataReader.getFileStatus(OmMetadataReader.java:288) ~[ozone-manager-1.4.0-SNAPSHOT.jar:?]
	at org.apache.hadoop.ozone.om.OzoneManager.getFileStatus(OzoneManager.java:3450) ~[ozone-manager-1.4.0-SNAPSHOT.jar:?]
	at org.apache.hadoop.ozone.protocolPB.OzoneManagerRequestHandler.getOzoneFileStatus(OzoneManagerRequestHandler.java:933) ~[ozone-manager-1.4.0-SNAPSHOT.jar:?]
	at org.apache.hadoop.ozone.protocolPB.OzoneManagerRequestHandler.handleReadRequest(OzoneManagerRequestHandler.java:238) ~[ozone-manager-1.4.0-SNAPSHOT.jar:?]
	at org.apache.hadoop.ozone.protocolPB.OzoneManagerProtocolServerSideTranslatorPB.submitReadRequestToOM(OzoneManagerProtocolServerSideTranslatorPB.java:223) ~[ozone-manager-1.4.0-SNAPSHOT.jar:?]
	at org.apache.hadoop.ozone.protocolPB.OzoneManagerProtocolServerSideTranslatorPB.processRequest(OzoneManagerProtocolServerSideTranslatorPB.java:177) ~[ozone-manager-1.4.0-SNAPSHOT.jar:?]
	at org.apache.hadoop.hdds.server.OzoneProtocolMessageDispatcher.processRequest(OzoneProtocolMessageDispatcher.java:87) [hdds-server-framework-1.4.0-SNAPSHOT.jar:?]
	at org.apache.hadoop.ozone.protocolPB.OzoneManagerProtocolServerSideTranslatorPB.submitRequest(OzoneManagerProtocolServerSideTranslatorPB.java:147) [ozone-manager-1.4.0-SNAPSHOT.jar:?]
	at org.apache.hadoop.ozone.protocol.proto.OzoneManagerProtocolProtos$OzoneManagerService$2.callBlockingMethod(OzoneManagerProtocolProtos.java) [ozone-interface-client-1.4.0-SNAPSHOT.jar:?]
	at org.apache.hadoop.ipc.ProtobufRpcEngine$Server.processCall(ProtobufRpcEngine.java:465) [hadoop-common-3.3.4.jar:?]
	at org.apache.hadoop.ipc.ProtobufRpcEngine2$Server$ProtoBufRpcInvoker.call(ProtobufRpcEngine2.java:578) [hadoop-common-3.3.4.jar:?]
	at org.apache.hadoop.ipc.ProtobufRpcEngine2$Server$ProtoBufRpcInvoker.call(ProtobufRpcEngine2.java:556) [hadoop-common-3.3.4.jar:?]
	at org.apache.hadoop.ipc.RPC$Server.call(RPC.java:1093) [hadoop-common-3.3.4.jar:?]
	at org.apache.hadoop.ipc.Server$RpcCall.run(Server.java:1043) [hadoop-common-3.3.4.jar:?]
	at org.apache.hadoop.ipc.Server$RpcCall.run(Server.java:971) [hadoop-common-3.3.4.jar:?]
	at java.security.AccessController.doPrivileged(Native Method) ~[?:1.8.0_362]
	at javax.security.auth.Subject.doAs(Subject.java:422) [?:1.8.0_362]
	at org.apache.hadoop.security.UserGroupInformation.doAs(UserGroupInformation.java:1878) [hadoop-common-3.3.4.jar:?]
	at org.apache.hadoop.ipc.Server$Handler.run(Server.java:2976) [hadoop-common-3.3.4.jar:?]
13:38:03.705 [IPC Server handler 1 on default port 35721] ERROR OMAudit - user=runner | ip=127.0.0.1 | op=GET_FILE_STATUS {volume=volume06454, bucket=bucket10538, key=testBatchDelete/parent/child5, dataSize=0, replicationConfig=null} | ret=FAILURE
org.apache.hadoop.ozone.om.exceptions.OMException: Unable to get file status: volume: volume06454 bucket: bucket10538 key: testBatchDelete/parent/child5
	at org.apache.hadoop.ozone.om.KeyManagerImpl.getOzoneFileStatus(KeyManagerImpl.java:1162) ~[ozone-manager-1.4.0-SNAPSHOT.jar:?]
	at org.apache.hadoop.ozone.om.KeyManagerImpl.getFileStatus(KeyManagerImpl.java:1080) ~[ozone-manager-1.4.0-SNAPSHOT.jar:?]
	at org.apache.hadoop.ozone.om.OmMetadataReader.getFileStatus(OmMetadataReader.java:288) ~[ozone-manager-1.4.0-SNAPSHOT.jar:?]
	at org.apache.hadoop.ozone.om.OzoneManager.getFileStatus(OzoneManager.java:3450) ~[ozone-manager-1.4.0-SNAPSHOT.jar:?]
	at org.apache.hadoop.ozone.protocolPB.OzoneManagerRequestHandler.getOzoneFileStatus(OzoneManagerRequestHandler.java:933) ~[ozone-manager-1.4.0-SNAPSHOT.jar:?]
	at org.apache.hadoop.ozone.protocolPB.OzoneManagerRequestHandler.handleReadRequest(OzoneManagerRequestHandler.java:238) ~[ozone-manager-1.4.0-SNAPSHOT.jar:?]
	at org.apache.hadoop.ozone.protocolPB.OzoneManagerProtocolServerSideTranslatorPB.submitReadRequestToOM(OzoneManagerProtocolServerSideTranslatorPB.java:223) ~[ozone-manager-1.4.0-SNAPSHOT.jar:?]
	at org.apache.hadoop.ozone.protocolPB.OzoneManagerProtocolServerSideTranslatorPB.processRequest(OzoneManagerProtocolServerSideTranslatorPB.java:177) ~[ozone-manager-1.4.0-SNAPSHOT.jar:?]
	at org.apache.hadoop.hdds.server.OzoneProtocolMessageDispatcher.processRequest(OzoneProtocolMessageDispatcher.java:87) [hdds-server-framework-1.4.0-SNAPSHOT.jar:?]
	at org.apache.hadoop.ozone.protocolPB.OzoneManagerProtocolServerSideTranslatorPB.submitRequest(OzoneManagerProtocolServerSideTranslatorPB.java:147) [ozone-manager-1.4.0-SNAPSHOT.jar:?]
	at org.apache.hadoop.ozone.protocol.proto.OzoneManagerProtocolProtos$OzoneManagerService$2.callBlockingMethod(OzoneManagerProtocolProtos.java) [ozone-interface-client-1.4.0-SNAPSHOT.jar:?]
	at org.apache.hadoop.ipc.ProtobufRpcEngine$Server.processCall(ProtobufRpcEngine.java:465) [hadoop-common-3.3.4.jar:?]
	at org.apache.hadoop.ipc.ProtobufRpcEngine2$Server$ProtoBufRpcInvoker.call(ProtobufRpcEngine2.java:578) [hadoop-common-3.3.4.jar:?]
	at org.apache.hadoop.ipc.ProtobufRpcEngine2$Server$ProtoBufRpcInvoker.call(ProtobufRpcEngine2.java:556) [hadoop-common-3.3.4.jar:?]
	at org.apache.hadoop.ipc.RPC$Server.call(RPC.java:1093) [hadoop-common-3.3.4.jar:?]
	at org.apache.hadoop.ipc.Server$RpcCall.run(Server.java:1043) [hadoop-common-3.3.4.jar:?]
	at org.apache.hadoop.ipc.Server$RpcCall.run(Server.java:971) [hadoop-common-3.3.4.jar:?]
	at java.security.AccessController.doPrivileged(Native Method) ~[?:1.8.0_362]
	at javax.security.auth.Subject.doAs(Subject.java:422) [?:1.8.0_362]
	at org.apache.hadoop.security.UserGroupInformation.doAs(UserGroupInformation.java:1878) [hadoop-common-3.3.4.jar:?]
	at org.apache.hadoop.ipc.Server$Handler.run(Server.java:2976) [hadoop-common-3.3.4.jar:?]
13:38:03.706 [IPC Server handler 3 on default port 35721] ERROR OMAudit - user=runner | ip=127.0.0.1 | op=GET_FILE_STATUS {volume=volume06454, bucket=bucket10538, key=testBatchDelete/parent/childFolder/child5, dataSize=0, replicationConfig=null} | ret=FAILURE
org.apache.hadoop.ozone.om.exceptions.OMException: Unable to get file status: volume: volume06454 bucket: bucket10538 key: testBatchDelete/parent/childFolder/child5
	at org.apache.hadoop.ozone.om.KeyManagerImpl.getOzoneFileStatus(KeyManagerImpl.java:1162) ~[ozone-manager-1.4.0-SNAPSHOT.jar:?]
	at org.apache.hadoop.ozone.om.KeyManagerImpl.getFileStatus(KeyManagerImpl.java:1080) ~[ozone-manager-1.4.0-SNAPSHOT.jar:?]
	at org.apache.hadoop.ozone.om.OmMetadataReader.getFileStatus(OmMetadataReader.java:288) ~[ozone-manager-1.4.0-SNAPSHOT.jar:?]
	at org.apache.hadoop.ozone.om.OzoneManager.getFileStatus(OzoneManager.java:3450) ~[ozone-manager-1.4.0-SNAPSHOT.jar:?]
	at org.apache.hadoop.ozone.protocolPB.OzoneManagerRequestHandler.getOzoneFileStatus(OzoneManagerRequestHandler.java:933) ~[ozone-manager-1.4.0-SNAPSHOT.jar:?]
	at org.apache.hadoop.ozone.protocolPB.OzoneManagerRequestHandler.handleReadRequest(OzoneManagerRequestHandler.java:238) ~[ozone-manager-1.4.0-SNAPSHOT.jar:?]
	at org.apache.hadoop.ozone.protocolPB.OzoneManagerProtocolServerSideTranslatorPB.submitReadRequestToOM(OzoneManagerProtocolServerSideTranslatorPB.java:223) ~[ozone-manager-1.4.0-SNAPSHOT.jar:?]
	at org.apache.hadoop.ozone.protocolPB.OzoneManagerProtocolServerSideTranslatorPB.processRequest(OzoneManagerProtocolServerSideTranslatorPB.java:177) ~[ozone-manager-1.4.0-SNAPSHOT.jar:?]
	at org.apache.hadoop.hdds.server.OzoneProtocolMessageDispatcher.processRequest(OzoneProtocolMessageDispatcher.java:87) [hdds-server-framework-1.4.0-SNAPSHOT.jar:?]
	at org.apache.hadoop.ozone.protocolPB.OzoneManagerProtocolServerSideTranslatorPB.submitRequest(OzoneManagerProtocolServerSideTranslatorPB.java:147) [ozone-manager-1.4.0-SNAPSHOT.jar:?]
	at org.apache.hadoop.ozone.protocol.proto.OzoneManagerProtocolProtos$OzoneManagerService$2.callBlockingMethod(OzoneManagerProtocolProtos.java) [ozone-interface-client-1.4.0-SNAPSHOT.jar:?]
	at org.apache.hadoop.ipc.ProtobufRpcEngine$Server.processCall(ProtobufRpcEngine.java:465) [hadoop-common-3.3.4.jar:?]
	at org.apache.hadoop.ipc.ProtobufRpcEngine2$Server$ProtoBufRpcInvoker.call(ProtobufRpcEngine2.java:578) [hadoop-common-3.3.4.jar:?]
	at org.apache.hadoop.ipc.ProtobufRpcEngine2$Server$ProtoBufRpcInvoker.call(ProtobufRpcEngine2.java:556) [hadoop-common-3.3.4.jar:?]
	at org.apache.hadoop.ipc.RPC$Server.call(RPC.java:1093) [hadoop-common-3.3.4.jar:?]
	at org.apache.hadoop.ipc.Server$RpcCall.run(Server.java:1043) [hadoop-common-3.3.4.jar:?]
	at org.apache.hadoop.ipc.Server$RpcCall.run(Server.java:971) [hadoop-common-3.3.4.jar:?]
	at java.security.AccessController.doPrivileged(Native Method) ~[?:1.8.0_362]
	at javax.security.auth.Subject.doAs(Subject.java:422) [?:1.8.0_362]
	at org.apache.hadoop.security.UserGroupInformation.doAs(UserGroupInformation.java:1878) [hadoop-common-3.3.4.jar:?]
	at org.apache.hadoop.ipc.Server$Handler.run(Server.java:2976) [hadoop-common-3.3.4.jar:?]
13:38:03.708 [IPC Server handler 11 on default port 35721] ERROR OMAudit - user=runner | ip=127.0.0.1 | op=GET_FILE_STATUS {volume=volume06454, bucket=bucket10538, key=testBatchDelete/parent/child6, dataSize=0, replicationConfig=null} | ret=FAILURE
org.apache.hadoop.ozone.om.exceptions.OMException: Unable to get file status: volume: volume06454 bucket: bucket10538 key: testBatchDelete/parent/child6
	at org.apache.hadoop.ozone.om.KeyManagerImpl.getOzoneFileStatus(KeyManagerImpl.java:1162) ~[ozone-manager-1.4.0-SNAPSHOT.jar:?]
	at org.apache.hadoop.ozone.om.KeyManagerImpl.getFileStatus(KeyManagerImpl.java:1080) ~[ozone-manager-1.4.0-SNAPSHOT.jar:?]
	at org.apache.hadoop.ozone.om.OmMetadataReader.getFileStatus(OmMetadataReader.java:288) ~[ozone-manager-1.4.0-SNAPSHOT.jar:?]
	at org.apache.hadoop.ozone.om.OzoneManager.getFileStatus(OzoneManager.java:3450) ~[ozone-manager-1.4.0-SNAPSHOT.jar:?]
	at org.apache.hadoop.ozone.protocolPB.OzoneManagerRequestHandler.getOzoneFileStatus(OzoneManagerRequestHandler.java:933) ~[ozone-manager-1.4.0-SNAPSHOT.jar:?]
	at org.apache.hadoop.ozone.protocolPB.OzoneManagerRequestHandler.handleReadRequest(OzoneManagerRequestHandler.java:238) ~[ozone-manager-1.4.0-SNAPSHOT.jar:?]
	at org.apache.hadoop.ozone.protocolPB.OzoneManagerProtocolServerSideTranslatorPB.submitReadRequestToOM(OzoneManagerProtocolServerSideTranslatorPB.java:223) ~[ozone-manager-1.4.0-SNAPSHOT.jar:?]
	at org.apache.hadoop.ozone.protocolPB.OzoneManagerProtocolServerSideTranslatorPB.processRequest(OzoneManagerProtocolServerSideTranslatorPB.java:177) ~[ozone-manager-1.4.0-SNAPSHOT.jar:?]
	at org.apache.hadoop.hdds.server.OzoneProtocolMessageDispatcher.processRequest(OzoneProtocolMessageDispatcher.java:87) [hdds-server-framework-1.4.0-SNAPSHOT.jar:?]
	at org.apache.hadoop.ozone.protocolPB.OzoneManagerProtocolServerSideTranslatorPB.submitRequest(OzoneManagerProtocolServerSideTranslatorPB.java:147) [ozone-manager-1.4.0-SNAPSHOT.jar:?]
	at org.apache.hadoop.ozone.protocol.proto.OzoneManagerProtocolProtos$OzoneManagerService$2.callBlockingMethod(OzoneManagerProtocolProtos.java) [ozone-interface-client-1.4.0-SNAPSHOT.jar:?]
	at org.apache.hadoop.ipc.ProtobufRpcEngine$Server.processCall(ProtobufRpcEngine.java:465) [hadoop-common-3.3.4.jar:?]
	at org.apache.hadoop.ipc.ProtobufRpcEngine2$Server$ProtoBufRpcInvoker.call(ProtobufRpcEngine2.java:578) [hadoop-common-3.3.4.jar:?]
	at org.apache.hadoop.ipc.ProtobufRpcEngine2$Server$ProtoBufRpcInvoker.call(ProtobufRpcEngine2.java:556) [hadoop-common-3.3.4.jar:?]
	at org.apache.hadoop.ipc.RPC$Server.call(RPC.java:1093) [hadoop-common-3.3.4.jar:?]
	at org.apache.hadoop.ipc.Server$RpcCall.run(Server.java:1043) [hadoop-common-3.3.4.jar:?]
	at org.apache.hadoop.ipc.Server$RpcCall.run(Server.java:971) [hadoop-common-3.3.4.jar:?]
	at java.security.AccessController.doPrivileged(Native Method) ~[?:1.8.0_362]
	at javax.security.auth.Subject.doAs(Subject.java:422) [?:1.8.0_362]
	at org.apache.hadoop.security.UserGroupInformation.doAs(UserGroupInformation.java:1878) [hadoop-common-3.3.4.jar:?]
	at org.apache.hadoop.ipc.Server$Handler.run(Server.java:2976) [hadoop-common-3.3.4.jar:?]
13:38:03.710 [IPC Server handler 12 on default port 35721] ERROR OMAudit - user=runner | ip=127.0.0.1 | op=GET_FILE_STATUS {volume=volume06454, bucket=bucket10538, key=testBatchDelete/parent/childFolder/child6, dataSize=0, replicationConfig=null} | ret=FAILURE
org.apache.hadoop.ozone.om.exceptions.OMException: Unable to get file status: volume: volume06454 bucket: bucket10538 key: testBatchDelete/parent/childFolder/child6
	at org.apache.hadoop.ozone.om.KeyManagerImpl.getOzoneFileStatus(KeyManagerImpl.java:1162) ~[ozone-manager-1.4.0-SNAPSHOT.jar:?]
	at org.apache.hadoop.ozone.om.KeyManagerImpl.getFileStatus(KeyManagerImpl.java:1080) ~[ozone-manager-1.4.0-SNAPSHOT.jar:?]
	at org.apache.hadoop.ozone.om.OmMetadataReader.getFileStatus(OmMetadataReader.java:288) ~[ozone-manager-1.4.0-SNAPSHOT.jar:?]
	at org.apache.hadoop.ozone.om.OzoneManager.getFileStatus(OzoneManager.java:3450) ~[ozone-manager-1.4.0-SNAPSHOT.jar:?]
	at org.apache.hadoop.ozone.protocolPB.OzoneManagerRequestHandler.getOzoneFileStatus(OzoneManagerRequestHandler.java:933) ~[ozone-manager-1.4.0-SNAPSHOT.jar:?]
	at org.apache.hadoop.ozone.protocolPB.OzoneManagerRequestHandler.handleReadRequest(OzoneManagerRequestHandler.java:238) ~[ozone-manager-1.4.0-SNAPSHOT.jar:?]
	at org.apache.hadoop.ozone.protocolPB.OzoneManagerProtocolServerSideTranslatorPB.submitReadRequestToOM(OzoneManagerProtocolServerSideTranslatorPB.java:223) ~[ozone-manager-1.4.0-SNAPSHOT.jar:?]
	at org.apache.hadoop.ozone.protocolPB.OzoneManagerProtocolServerSideTranslatorPB.processRequest(OzoneManagerProtocolServerSideTranslatorPB.java:177) ~[ozone-manager-1.4.0-SNAPSHOT.jar:?]
	at org.apache.hadoop.hdds.server.OzoneProtocolMessageDispatcher.processRequest(OzoneProtocolMessageDispatcher.java:87) [hdds-server-framework-1.4.0-SNAPSHOT.jar:?]
	at org.apache.hadoop.ozone.protocolPB.OzoneManagerProtocolServerSideTranslatorPB.submitRequest(OzoneManagerProtocolServerSideTranslatorPB.java:147) [ozone-manager-1.4.0-SNAPSHOT.jar:?]
	at org.apache.hadoop.ozone.protocol.proto.OzoneManagerProtocolProtos$OzoneManagerService$2.callBlockingMethod(OzoneManagerProtocolProtos.java) [ozone-interface-client-1.4.0-SNAPSHOT.jar:?]
	at org.apache.hadoop.ipc.ProtobufRpcEngine$Server.processCall(ProtobufRpcEngine.java:465) [hadoop-common-3.3.4.jar:?]
	at org.apache.hadoop.ipc.ProtobufRpcEngine2$Server$ProtoBufRpcInvoker.call(ProtobufRpcEngine2.java:578) [hadoop-common-3.3.4.jar:?]
	at org.apache.hadoop.ipc.ProtobufRpcEngine2$Server$ProtoBufRpcInvoker.call(ProtobufRpcEngine2.java:556) [hadoop-common-3.3.4.jar:?]
	at org.apache.hadoop.ipc.RPC$Server.call(RPC.java:1093) [hadoop-common-3.3.4.jar:?]
	at org.apache.hadoop.ipc.Server$RpcCall.run(Server.java:1043) [hadoop-common-3.3.4.jar:?]
	at org.apache.hadoop.ipc.Server$RpcCall.run(Server.java:971) [hadoop-common-3.3.4.jar:?]
	at java.security.AccessController.doPrivileged(Native Method) ~[?:1.8.0_362]
	at javax.security.auth.Subject.doAs(Subject.java:422) [?:1.8.0_362]
	at org.apache.hadoop.security.UserGroupInformation.doAs(UserGroupInformation.java:1878) [hadoop-common-3.3.4.jar:?]
	at org.apache.hadoop.ipc.Server$Handler.run(Server.java:2976) [hadoop-common-3.3.4.jar:?]
13:38:03.711 [IPC Server handler 5 on default port 35721] ERROR OMAudit - user=runner | ip=127.0.0.1 | op=GET_FILE_STATUS {volume=volume06454, bucket=bucket10538, key=testBatchDelete/parent/child7, dataSize=0, replicationConfig=null} | ret=FAILURE
org.apache.hadoop.ozone.om.exceptions.OMException: Unable to get file status: volume: volume06454 bucket: bucket10538 key: testBatchDelete/parent/child7
	at org.apache.hadoop.ozone.om.KeyManagerImpl.getOzoneFileStatus(KeyManagerImpl.java:1162) ~[ozone-manager-1.4.0-SNAPSHOT.jar:?]
	at org.apache.hadoop.ozone.om.KeyManagerImpl.getFileStatus(KeyManagerImpl.java:1080) ~[ozone-manager-1.4.0-SNAPSHOT.jar:?]
	at org.apache.hadoop.ozone.om.OmMetadataReader.getFileStatus(OmMetadataReader.java:288) ~[ozone-manager-1.4.0-SNAPSHOT.jar:?]
	at org.apache.hadoop.ozone.om.OzoneManager.getFileStatus(OzoneManager.java:3450) ~[ozone-manager-1.4.0-SNAPSHOT.jar:?]
	at org.apache.hadoop.ozone.protocolPB.OzoneManagerRequestHandler.getOzoneFileStatus(OzoneManagerRequestHandler.java:933) ~[ozone-manager-1.4.0-SNAPSHOT.jar:?]
	at org.apache.hadoop.ozone.protocolPB.OzoneManagerRequestHandler.handleReadRequest(OzoneManagerRequestHandler.java:238) ~[ozone-manager-1.4.0-SNAPSHOT.jar:?]
	at org.apache.hadoop.ozone.protocolPB.OzoneManagerProtocolServerSideTranslatorPB.submitReadRequestToOM(OzoneManagerProtocolServerSideTranslatorPB.java:223) ~[ozone-manager-1.4.0-SNAPSHOT.jar:?]
	at org.apache.hadoop.ozone.protocolPB.OzoneManagerProtocolServerSideTranslatorPB.processRequest(OzoneManagerProtocolServerSideTranslatorPB.java:177) ~[ozone-manager-1.4.0-SNAPSHOT.jar:?]
	at org.apache.hadoop.hdds.server.OzoneProtocolMessageDispatcher.processRequest(OzoneProtocolMessageDispatcher.java:87) [hdds-server-framework-1.4.0-SNAPSHOT.jar:?]
	at org.apache.hadoop.ozone.protocolPB.OzoneManagerProtocolServerSideTranslatorPB.submitRequest(OzoneManagerProtocolServerSideTranslatorPB.java:147) [ozone-manager-1.4.0-SNAPSHOT.jar:?]
	at org.apache.hadoop.ozone.protocol.proto.OzoneManagerProtocolProtos$OzoneManagerService$2.callBlockingMethod(OzoneManagerProtocolProtos.java) [ozone-interface-client-1.4.0-SNAPSHOT.jar:?]
	at org.apache.hadoop.ipc.ProtobufRpcEngine$Server.processCall(ProtobufRpcEngine.java:465) [hadoop-common-3.3.4.jar:?]
	at org.apache.hadoop.ipc.ProtobufRpcEngine2$Server$ProtoBufRpcInvoker.call(ProtobufRpcEngine2.java:578) [hadoop-common-3.3.4.jar:?]
	at org.apache.hadoop.ipc.ProtobufRpcEngine2$Server$ProtoBufRpcInvoker.call(ProtobufRpcEngine2.java:556) [hadoop-common-3.3.4.jar:?]
	at org.apache.hadoop.ipc.RPC$Server.call(RPC.java:1093) [hadoop-common-3.3.4.jar:?]
	at org.apache.hadoop.ipc.Server$RpcCall.run(Server.java:1043) [hadoop-common-3.3.4.jar:?]
	at org.apache.hadoop.ipc.Server$RpcCall.run(Server.java:971) [hadoop-common-3.3.4.jar:?]
	at java.security.AccessController.doPrivileged(Native Method) ~[?:1.8.0_362]
	at javax.security.auth.Subject.doAs(Subject.java:422) [?:1.8.0_362]
	at org.apache.hadoop.security.UserGroupInformation.doAs(UserGroupInformation.java:1878) [hadoop-common-3.3.4.jar:?]
	at org.apache.hadoop.ipc.Server$Handler.run(Server.java:2976) [hadoop-common-3.3.4.jar:?]
13:38:03.713 [IPC Server handler 19 on default port 35721] ERROR OMAudit - user=runner | ip=127.0.0.1 | op=GET_FILE_STATUS {volume=volume06454, bucket=bucket10538, key=testBatchDelete/parent/childFolder/child7, dataSize=0, replicationConfig=null} | ret=FAILURE
org.apache.hadoop.ozone.om.exceptions.OMException: Unable to get file status: volume: volume06454 bucket: bucket10538 key: testBatchDelete/parent/childFolder/child7
	at org.apache.hadoop.ozone.om.KeyManagerImpl.getOzoneFileStatus(KeyManagerImpl.java:1162) ~[ozone-manager-1.4.0-SNAPSHOT.jar:?]
	at org.apache.hadoop.ozone.om.KeyManagerImpl.getFileStatus(KeyManagerImpl.java:1080) ~[ozone-manager-1.4.0-SNAPSHOT.jar:?]
	at org.apache.hadoop.ozone.om.OmMetadataReader.getFileStatus(OmMetadataReader.java:288) ~[ozone-manager-1.4.0-SNAPSHOT.jar:?]
	at org.apache.hadoop.ozone.om.OzoneManager.getFileStatus(OzoneManager.java:3450) ~[ozone-manager-1.4.0-SNAPSHOT.jar:?]
	at org.apache.hadoop.ozone.protocolPB.OzoneManagerRequestHandler.getOzoneFileStatus(OzoneManagerRequestHandler.java:933) ~[ozone-manager-1.4.0-SNAPSHOT.jar:?]
	at org.apache.hadoop.ozone.protocolPB.OzoneManagerRequestHandler.handleReadRequest(OzoneManagerRequestHandler.java:238) ~[ozone-manager-1.4.0-SNAPSHOT.jar:?]
	at org.apache.hadoop.ozone.protocolPB.OzoneManagerProtocolServerSideTranslatorPB.submitReadRequestToOM(OzoneManagerProtocolServerSideTranslatorPB.java:223) ~[ozone-manager-1.4.0-SNAPSHOT.jar:?]
	at org.apache.hadoop.ozone.protocolPB.OzoneManagerProtocolServerSideTranslatorPB.processRequest(OzoneManagerProtocolServerSideTranslatorPB.java:177) ~[ozone-manager-1.4.0-SNAPSHOT.jar:?]
	at org.apache.hadoop.hdds.server.OzoneProtocolMessageDispatcher.processRequest(OzoneProtocolMessageDispatcher.java:87) [hdds-server-framework-1.4.0-SNAPSHOT.jar:?]
	at org.apache.hadoop.ozone.protocolPB.OzoneManagerProtocolServerSideTranslatorPB.submitRequest(OzoneManagerProtocolServerSideTranslatorPB.java:147) [ozone-manager-1.4.0-SNAPSHOT.jar:?]
	at org.apache.hadoop.ozone.protocol.proto.OzoneManagerProtocolProtos$OzoneManagerService$2.callBlockingMethod(OzoneManagerProtocolProtos.java) [ozone-interface-client-1.4.0-SNAPSHOT.jar:?]
	at org.apache.hadoop.ipc.ProtobufRpcEngine$Server.processCall(ProtobufRpcEngine.java:465) [hadoop-common-3.3.4.jar:?]
	at org.apache.hadoop.ipc.ProtobufRpcEngine2$Server$ProtoBufRpcInvoker.call(ProtobufRpcEngine2.java:578) [hadoop-common-3.3.4.jar:?]
	at org.apache.hadoop.ipc.ProtobufRpcEngine2$Server$ProtoBufRpcInvoker.call(ProtobufRpcEngine2.java:556) [hadoop-common-3.3.4.jar:?]
	at org.apache.hadoop.ipc.RPC$Server.call(RPC.java:1093) [hadoop-common-3.3.4.jar:?]
	at org.apache.hadoop.ipc.Server$RpcCall.run(Server.java:1043) [hadoop-common-3.3.4.jar:?]
	at org.apache.hadoop.ipc.Server$RpcCall.run(Server.java:971) [hadoop-common-3.3.4.jar:?]
	at java.security.AccessController.doPrivileged(Native Method) ~[?:1.8.0_362]
	at javax.security.auth.Subject.doAs(Subject.java:422) [?:1.8.0_362]
	at org.apache.hadoop.security.UserGroupInformation.doAs(UserGroupInformation.java:1878) [hadoop-common-3.3.4.jar:?]
	at org.apache.hadoop.ipc.Server$Handler.run(Server.java:2976) [hadoop-common-3.3.4.jar:?]
13:38:03.714 [IPC Server handler 16 on default port 35721] ERROR OMAudit - user=runner | ip=127.0.0.1 | op=GET_FILE_STATUS {volume=volume06454, bucket=bucket10538, key=testBatchDelete/parent, dataSize=0, replicationConfig=null} | ret=FAILURE
org.apache.hadoop.ozone.om.exceptions.OMException: Unable to get file status: volume: volume06454 bucket: bucket10538 key: testBatchDelete/parent
	at org.apache.hadoop.ozone.om.KeyManagerImpl.getOzoneFileStatus(KeyManagerImpl.java:1162) ~[ozone-manager-1.4.0-SNAPSHOT.jar:?]
	at org.apache.hadoop.ozone.om.KeyManagerImpl.getFileStatus(KeyManagerImpl.java:1080) ~[ozone-manager-1.4.0-SNAPSHOT.jar:?]
	at org.apache.hadoop.ozone.om.OmMetadataReader.getFileStatus(OmMetadataReader.java:288) ~[ozone-manager-1.4.0-SNAPSHOT.jar:?]
	at org.apache.hadoop.ozone.om.OzoneManager.getFileStatus(OzoneManager.java:3450) ~[ozone-manager-1.4.0-SNAPSHOT.jar:?]
	at org.apache.hadoop.ozone.protocolPB.OzoneManagerRequestHandler.getOzoneFileStatus(OzoneManagerRequestHandler.java:933) ~[ozone-manager-1.4.0-SNAPSHOT.jar:?]
	at org.apache.hadoop.ozone.protocolPB.OzoneManagerRequestHandler.handleReadRequest(OzoneManagerRequestHandler.java:238) ~[ozone-manager-1.4.0-SNAPSHOT.jar:?]
	at org.apache.hadoop.ozone.protocolPB.OzoneManagerProtocolServerSideTranslatorPB.submitReadRequestToOM(OzoneManagerProtocolServerSideTranslatorPB.java:223) ~[ozone-manager-1.4.0-SNAPSHOT.jar:?]
	at org.apache.hadoop.ozone.protocolPB.OzoneManagerProtocolServerSideTranslatorPB.processRequest(OzoneManagerProtocolServerSideTranslatorPB.java:177) ~[ozone-manager-1.4.0-SNAPSHOT.jar:?]
	at org.apache.hadoop.hdds.server.OzoneProtocolMessageDispatcher.processRequest(OzoneProtocolMessageDispatcher.java:87) [hdds-server-framework-1.4.0-SNAPSHOT.jar:?]
	at org.apache.hadoop.ozone.protocolPB.OzoneManagerProtocolServerSideTranslatorPB.submitRequest(OzoneManagerProtocolServerSideTranslatorPB.java:147) [ozone-manager-1.4.0-SNAPSHOT.jar:?]
	at org.apache.hadoop.ozone.protocol.proto.OzoneManagerProtocolProtos$OzoneManagerService$2.callBlockingMethod(OzoneManagerProtocolProtos.java) [ozone-interface-client-1.4.0-SNAPSHOT.jar:?]
	at org.apache.hadoop.ipc.ProtobufRpcEngine$Server.processCall(ProtobufRpcEngine.java:465) [hadoop-common-3.3.4.jar:?]
	at org.apache.hadoop.ipc.ProtobufRpcEngine2$Server$ProtoBufRpcInvoker.call(ProtobufRpcEngine2.java:578) [hadoop-common-3.3.4.jar:?]
	at org.apache.hadoop.ipc.ProtobufRpcEngine2$Server$ProtoBufRpcInvoker.call(ProtobufRpcEngine2.java:556) [hadoop-common-3.3.4.jar:?]
	at org.apache.hadoop.ipc.RPC$Server.call(RPC.java:1093) [hadoop-common-3.3.4.jar:?]
	at org.apache.hadoop.ipc.Server$RpcCall.run(Server.java:1043) [hadoop-common-3.3.4.jar:?]
	at org.apache.hadoop.ipc.Server$RpcCall.run(Server.java:971) [hadoop-common-3.3.4.jar:?]
	at java.security.AccessController.doPrivileged(Native Method) ~[?:1.8.0_362]
	at javax.security.auth.Subject.doAs(Subject.java:422) [?:1.8.0_362]
	at org.apache.hadoop.security.UserGroupInformation.doAs(UserGroupInformation.java:1878) [hadoop-common-3.3.4.jar:?]
	at org.apache.hadoop.ipc.Server$Handler.run(Server.java:2976) [hadoop-common-3.3.4.jar:?]
2023-02-21 13:38:03,716 [Time-limited test] WARN  ozone.BasicOzoneFileSystem (BasicOzoneFileSystem.java:delete(559)) - delete: Path does not exist: /testBatchDelete/parent
]]></system-out>
  </testcase>
  <testcase name="testFileDelete" classname="TestOzoneFileSystem" time="0.097">
    <system-out><![CDATA[2023-02-21 13:39:26,796 [IPC Server handler 12 on default port 40229] INFO  key.OMKeyRequest (OMKeyRequest.java:wrapUncommittedBlocksAsPseudoKey(837)) - Detect allocated but uncommitted blocks [{blockID={containerID=2, localID=111677748019200040}, length=4194304, offset=0, token=null, pipeline=null, createVersion=0, partNumber=0}] in key testBatchDelete/parent/child0.
2023-02-21 13:39:26,800 [IPC Server handler 13 on default port 40229] INFO  key.OMKeyRequest (OMKeyRequest.java:wrapUncommittedBlocksAsPseudoKey(837)) - Detect allocated but uncommitted blocks [{blockID={containerID=4, localID=111677748019200041}, length=4194304, offset=0, token=null, pipeline=null, createVersion=0, partNumber=0}] in key testBatchDelete/parent/childFolder/child0.
2023-02-21 13:39:26,804 [IPC Server handler 3 on default port 40229] INFO  key.OMKeyRequest (OMKeyRequest.java:wrapUncommittedBlocksAsPseudoKey(837)) - Detect allocated but uncommitted blocks [{blockID={containerID=1, localID=111677748019200042}, length=4194304, offset=0, token=null, pipeline=null, createVersion=0, partNumber=0}] in key testBatchDelete/parent/child1.
2023-02-21 13:39:26,811 [IPC Server handler 16 on default port 40229] INFO  key.OMKeyRequest (OMKeyRequest.java:wrapUncommittedBlocksAsPseudoKey(837)) - Detect allocated but uncommitted blocks [{blockID={containerID=2, localID=111677748019200043}, length=4194304, offset=0, token=null, pipeline=null, createVersion=0, partNumber=0}] in key testBatchDelete/parent/childFolder/child1.
2023-02-21 13:39:26,815 [IPC Server handler 17 on default port 40229] INFO  key.OMKeyRequest (OMKeyRequest.java:wrapUncommittedBlocksAsPseudoKey(837)) - Detect allocated but uncommitted blocks [{blockID={containerID=3, localID=111677748019200044}, length=4194304, offset=0, token=null, pipeline=null, createVersion=0, partNumber=0}] in key testBatchDelete/parent/child2.
2023-02-21 13:39:26,818 [IPC Server handler 1 on default port 40229] INFO  key.OMKeyRequest (OMKeyRequest.java:wrapUncommittedBlocksAsPseudoKey(837)) - Detect allocated but uncommitted blocks [{blockID={containerID=4, localID=111677748019200045}, length=4194304, offset=0, token=null, pipeline=null, createVersion=0, partNumber=0}] in key testBatchDelete/parent/childFolder/child2.
2023-02-21 13:39:26,822 [IPC Server handler 9 on default port 40229] INFO  key.OMKeyRequest (OMKeyRequest.java:wrapUncommittedBlocksAsPseudoKey(837)) - Detect allocated but uncommitted blocks [{blockID={containerID=2, localID=111677748019200046}, length=4194304, offset=0, token=null, pipeline=null, createVersion=0, partNumber=0}] in key testBatchDelete/parent/child3.
2023-02-21 13:39:26,827 [IPC Server handler 7 on default port 40229] INFO  key.OMKeyRequest (OMKeyRequest.java:wrapUncommittedBlocksAsPseudoKey(837)) - Detect allocated but uncommitted blocks [{blockID={containerID=4, localID=111677748019200047}, length=4194304, offset=0, token=null, pipeline=null, createVersion=0, partNumber=0}] in key testBatchDelete/parent/childFolder/child3.
2023-02-21 13:39:26,831 [IPC Server handler 8 on default port 40229] INFO  key.OMKeyRequest (OMKeyRequest.java:wrapUncommittedBlocksAsPseudoKey(837)) - Detect allocated but uncommitted blocks [{blockID={containerID=2, localID=111677748019200048}, length=4194304, offset=0, token=null, pipeline=null, createVersion=0, partNumber=0}] in key testBatchDelete/parent/child4.
2023-02-21 13:39:26,835 [IPC Server handler 4 on default port 40229] INFO  key.OMKeyRequest (OMKeyRequest.java:wrapUncommittedBlocksAsPseudoKey(837)) - Detect allocated but uncommitted blocks [{blockID={containerID=4, localID=111677748019200049}, length=4194304, offset=0, token=null, pipeline=null, createVersion=0, partNumber=0}] in key testBatchDelete/parent/childFolder/child4.
2023-02-21 13:39:26,839 [IPC Server handler 12 on default port 40229] INFO  key.OMKeyRequest (OMKeyRequest.java:wrapUncommittedBlocksAsPseudoKey(837)) - Detect allocated but uncommitted blocks [{blockID={containerID=1, localID=111677748019200050}, length=4194304, offset=0, token=null, pipeline=null, createVersion=0, partNumber=0}] in key testBatchDelete/parent/child5.
2023-02-21 13:39:26,842 [IPC Server handler 13 on default port 40229] INFO  key.OMKeyRequest (OMKeyRequest.java:wrapUncommittedBlocksAsPseudoKey(837)) - Detect allocated but uncommitted blocks [{blockID={containerID=3, localID=111677748019200051}, length=4194304, offset=0, token=null, pipeline=null, createVersion=0, partNumber=0}] in key testBatchDelete/parent/childFolder/child5.
2023-02-21 13:39:26,846 [IPC Server handler 3 on default port 40229] INFO  key.OMKeyRequest (OMKeyRequest.java:wrapUncommittedBlocksAsPseudoKey(837)) - Detect allocated but uncommitted blocks [{blockID={containerID=2, localID=111677748019200052}, length=4194304, offset=0, token=null, pipeline=null, createVersion=0, partNumber=0}] in key testBatchDelete/parent/child6.
2023-02-21 13:39:26,850 [IPC Server handler 16 on default port 40229] INFO  key.OMKeyRequest (OMKeyRequest.java:wrapUncommittedBlocksAsPseudoKey(837)) - Detect allocated but uncommitted blocks [{blockID={containerID=1, localID=111677748019200053}, length=4194304, offset=0, token=null, pipeline=null, createVersion=0, partNumber=0}] in key testBatchDelete/parent/childFolder/child6.
2023-02-21 13:39:26,853 [IPC Server handler 17 on default port 40229] INFO  key.OMKeyRequest (OMKeyRequest.java:wrapUncommittedBlocksAsPseudoKey(837)) - Detect allocated but uncommitted blocks [{blockID={containerID=3, localID=111677748019200054}, length=4194304, offset=0, token=null, pipeline=null, createVersion=0, partNumber=0}] in key testBatchDelete/parent/child7.
2023-02-21 13:39:26,857 [IPC Server handler 1 on default port 40229] INFO  key.OMKeyRequest (OMKeyRequest.java:wrapUncommittedBlocksAsPseudoKey(837)) - Detect allocated but uncommitted blocks [{blockID={containerID=4, localID=111677748019200055}, length=4194304, offset=0, token=null, pipeline=null, createVersion=0, partNumber=0}] in key testBatchDelete/parent/childFolder/child7.
13:39:26.867 [IPC Server handler 13 on default port 40229] ERROR OMAudit - user=runner | ip=127.0.0.1 | op=GET_FILE_STATUS {volume=volume46490, bucket=bucket73093, key=testBatchDelete, dataSize=0, replicationConfig=null} | ret=FAILURE
org.apache.hadoop.ozone.om.exceptions.OMException: Unable to get file status: volume: volume46490 bucket: bucket73093 key: testBatchDelete
	at org.apache.hadoop.ozone.om.KeyManagerImpl.getOzoneFileStatus(KeyManagerImpl.java:1162) ~[ozone-manager-1.4.0-SNAPSHOT.jar:?]
	at org.apache.hadoop.ozone.om.KeyManagerImpl.getFileStatus(KeyManagerImpl.java:1080) ~[ozone-manager-1.4.0-SNAPSHOT.jar:?]
	at org.apache.hadoop.ozone.om.OmMetadataReader.getFileStatus(OmMetadataReader.java:288) ~[ozone-manager-1.4.0-SNAPSHOT.jar:?]
	at org.apache.hadoop.ozone.om.OzoneManager.getFileStatus(OzoneManager.java:3450) ~[ozone-manager-1.4.0-SNAPSHOT.jar:?]
	at org.apache.hadoop.ozone.protocolPB.OzoneManagerRequestHandler.getOzoneFileStatus(OzoneManagerRequestHandler.java:933) ~[ozone-manager-1.4.0-SNAPSHOT.jar:?]
	at org.apache.hadoop.ozone.protocolPB.OzoneManagerRequestHandler.handleReadRequest(OzoneManagerRequestHandler.java:238) ~[ozone-manager-1.4.0-SNAPSHOT.jar:?]
	at org.apache.hadoop.ozone.protocolPB.OzoneManagerProtocolServerSideTranslatorPB.submitRequestDirectlyToOM(OzoneManagerProtocolServerSideTranslatorPB.java:271) ~[ozone-manager-1.4.0-SNAPSHOT.jar:?]
	at org.apache.hadoop.ozone.protocolPB.OzoneManagerProtocolServerSideTranslatorPB.processRequest(OzoneManagerProtocolServerSideTranslatorPB.java:173) ~[ozone-manager-1.4.0-SNAPSHOT.jar:?]
	at org.apache.hadoop.hdds.server.OzoneProtocolMessageDispatcher.processRequest(OzoneProtocolMessageDispatcher.java:87) [hdds-server-framework-1.4.0-SNAPSHOT.jar:?]
	at org.apache.hadoop.ozone.protocolPB.OzoneManagerProtocolServerSideTranslatorPB.submitRequest(OzoneManagerProtocolServerSideTranslatorPB.java:147) [ozone-manager-1.4.0-SNAPSHOT.jar:?]
	at org.apache.hadoop.ozone.protocol.proto.OzoneManagerProtocolProtos$OzoneManagerService$2.callBlockingMethod(OzoneManagerProtocolProtos.java) [ozone-interface-client-1.4.0-SNAPSHOT.jar:?]
	at org.apache.hadoop.ipc.ProtobufRpcEngine$Server.processCall(ProtobufRpcEngine.java:465) [hadoop-common-3.3.4.jar:?]
	at org.apache.hadoop.ipc.ProtobufRpcEngine2$Server$ProtoBufRpcInvoker.call(ProtobufRpcEngine2.java:578) [hadoop-common-3.3.4.jar:?]
	at org.apache.hadoop.ipc.ProtobufRpcEngine2$Server$ProtoBufRpcInvoker.call(ProtobufRpcEngine2.java:556) [hadoop-common-3.3.4.jar:?]
	at org.apache.hadoop.ipc.RPC$Server.call(RPC.java:1093) [hadoop-common-3.3.4.jar:?]
	at org.apache.hadoop.ipc.Server$RpcCall.run(Server.java:1043) [hadoop-common-3.3.4.jar:?]
	at org.apache.hadoop.ipc.Server$RpcCall.run(Server.java:971) [hadoop-common-3.3.4.jar:?]
	at java.security.AccessController.doPrivileged(Native Method) ~[?:1.8.0_362]
	at javax.security.auth.Subject.doAs(Subject.java:422) [?:1.8.0_362]
	at org.apache.hadoop.security.UserGroupInformation.doAs(UserGroupInformation.java:1878) [hadoop-common-3.3.4.jar:?]
	at org.apache.hadoop.ipc.Server$Handler.run(Server.java:2976) [hadoop-common-3.3.4.jar:?]
13:39:26.868 [IPC Server handler 14 on default port 40229] ERROR OMAudit - user=runner | ip=127.0.0.1 | op=GET_FILE_STATUS {volume=volume46490, bucket=bucket73093, key=testBatchDelete/parent/child0, dataSize=0, replicationConfig=null} | ret=FAILURE
org.apache.hadoop.ozone.om.exceptions.OMException: Unable to get file status: volume: volume46490 bucket: bucket73093 key: testBatchDelete/parent/child0
	at org.apache.hadoop.ozone.om.KeyManagerImpl.getOzoneFileStatus(KeyManagerImpl.java:1162) ~[ozone-manager-1.4.0-SNAPSHOT.jar:?]
	at org.apache.hadoop.ozone.om.KeyManagerImpl.getFileStatus(KeyManagerImpl.java:1080) ~[ozone-manager-1.4.0-SNAPSHOT.jar:?]
	at org.apache.hadoop.ozone.om.OmMetadataReader.getFileStatus(OmMetadataReader.java:288) ~[ozone-manager-1.4.0-SNAPSHOT.jar:?]
	at org.apache.hadoop.ozone.om.OzoneManager.getFileStatus(OzoneManager.java:3450) ~[ozone-manager-1.4.0-SNAPSHOT.jar:?]
	at org.apache.hadoop.ozone.protocolPB.OzoneManagerRequestHandler.getOzoneFileStatus(OzoneManagerRequestHandler.java:933) ~[ozone-manager-1.4.0-SNAPSHOT.jar:?]
	at org.apache.hadoop.ozone.protocolPB.OzoneManagerRequestHandler.handleReadRequest(OzoneManagerRequestHandler.java:238) ~[ozone-manager-1.4.0-SNAPSHOT.jar:?]
	at org.apache.hadoop.ozone.protocolPB.OzoneManagerProtocolServerSideTranslatorPB.submitRequestDirectlyToOM(OzoneManagerProtocolServerSideTranslatorPB.java:271) ~[ozone-manager-1.4.0-SNAPSHOT.jar:?]
	at org.apache.hadoop.ozone.protocolPB.OzoneManagerProtocolServerSideTranslatorPB.processRequest(OzoneManagerProtocolServerSideTranslatorPB.java:173) ~[ozone-manager-1.4.0-SNAPSHOT.jar:?]
	at org.apache.hadoop.hdds.server.OzoneProtocolMessageDispatcher.processRequest(OzoneProtocolMessageDispatcher.java:87) [hdds-server-framework-1.4.0-SNAPSHOT.jar:?]
	at org.apache.hadoop.ozone.protocolPB.OzoneManagerProtocolServerSideTranslatorPB.submitRequest(OzoneManagerProtocolServerSideTranslatorPB.java:147) [ozone-manager-1.4.0-SNAPSHOT.jar:?]
	at org.apache.hadoop.ozone.protocol.proto.OzoneManagerProtocolProtos$OzoneManagerService$2.callBlockingMethod(OzoneManagerProtocolProtos.java) [ozone-interface-client-1.4.0-SNAPSHOT.jar:?]
	at org.apache.hadoop.ipc.ProtobufRpcEngine$Server.processCall(ProtobufRpcEngine.java:465) [hadoop-common-3.3.4.jar:?]
	at org.apache.hadoop.ipc.ProtobufRpcEngine2$Server$ProtoBufRpcInvoker.call(ProtobufRpcEngine2.java:578) [hadoop-common-3.3.4.jar:?]
	at org.apache.hadoop.ipc.ProtobufRpcEngine2$Server$ProtoBufRpcInvoker.call(ProtobufRpcEngine2.java:556) [hadoop-common-3.3.4.jar:?]
	at org.apache.hadoop.ipc.RPC$Server.call(RPC.java:1093) [hadoop-common-3.3.4.jar:?]
	at org.apache.hadoop.ipc.Server$RpcCall.run(Server.java:1043) [hadoop-common-3.3.4.jar:?]
	at org.apache.hadoop.ipc.Server$RpcCall.run(Server.java:971) [hadoop-common-3.3.4.jar:?]
	at java.security.AccessController.doPrivileged(Native Method) ~[?:1.8.0_362]
	at javax.security.auth.Subject.doAs(Subject.java:422) [?:1.8.0_362]
	at org.apache.hadoop.security.UserGroupInformation.doAs(UserGroupInformation.java:1878) [hadoop-common-3.3.4.jar:?]
	at org.apache.hadoop.ipc.Server$Handler.run(Server.java:2976) [hadoop-common-3.3.4.jar:?]
13:39:26.869 [IPC Server handler 3 on default port 40229] ERROR OMAudit - user=runner | ip=127.0.0.1 | op=GET_FILE_STATUS {volume=volume46490, bucket=bucket73093, key=testBatchDelete/parent/childFolder/child0, dataSize=0, replicationConfig=null} | ret=FAILURE
org.apache.hadoop.ozone.om.exceptions.OMException: Unable to get file status: volume: volume46490 bucket: bucket73093 key: testBatchDelete/parent/childFolder/child0
	at org.apache.hadoop.ozone.om.KeyManagerImpl.getOzoneFileStatus(KeyManagerImpl.java:1162) ~[ozone-manager-1.4.0-SNAPSHOT.jar:?]
	at org.apache.hadoop.ozone.om.KeyManagerImpl.getFileStatus(KeyManagerImpl.java:1080) ~[ozone-manager-1.4.0-SNAPSHOT.jar:?]
	at org.apache.hadoop.ozone.om.OmMetadataReader.getFileStatus(OmMetadataReader.java:288) ~[ozone-manager-1.4.0-SNAPSHOT.jar:?]
	at org.apache.hadoop.ozone.om.OzoneManager.getFileStatus(OzoneManager.java:3450) ~[ozone-manager-1.4.0-SNAPSHOT.jar:?]
	at org.apache.hadoop.ozone.protocolPB.OzoneManagerRequestHandler.getOzoneFileStatus(OzoneManagerRequestHandler.java:933) ~[ozone-manager-1.4.0-SNAPSHOT.jar:?]
	at org.apache.hadoop.ozone.protocolPB.OzoneManagerRequestHandler.handleReadRequest(OzoneManagerRequestHandler.java:238) ~[ozone-manager-1.4.0-SNAPSHOT.jar:?]
	at org.apache.hadoop.ozone.protocolPB.OzoneManagerProtocolServerSideTranslatorPB.submitRequestDirectlyToOM(OzoneManagerProtocolServerSideTranslatorPB.java:271) ~[ozone-manager-1.4.0-SNAPSHOT.jar:?]
	at org.apache.hadoop.ozone.protocolPB.OzoneManagerProtocolServerSideTranslatorPB.processRequest(OzoneManagerProtocolServerSideTranslatorPB.java:173) ~[ozone-manager-1.4.0-SNAPSHOT.jar:?]
	at org.apache.hadoop.hdds.server.OzoneProtocolMessageDispatcher.processRequest(OzoneProtocolMessageDispatcher.java:87) [hdds-server-framework-1.4.0-SNAPSHOT.jar:?]
	at org.apache.hadoop.ozone.protocolPB.OzoneManagerProtocolServerSideTranslatorPB.submitRequest(OzoneManagerProtocolServerSideTranslatorPB.java:147) [ozone-manager-1.4.0-SNAPSHOT.jar:?]
	at org.apache.hadoop.ozone.protocol.proto.OzoneManagerProtocolProtos$OzoneManagerService$2.callBlockingMethod(OzoneManagerProtocolProtos.java) [ozone-interface-client-1.4.0-SNAPSHOT.jar:?]
	at org.apache.hadoop.ipc.ProtobufRpcEngine$Server.processCall(ProtobufRpcEngine.java:465) [hadoop-common-3.3.4.jar:?]
	at org.apache.hadoop.ipc.ProtobufRpcEngine2$Server$ProtoBufRpcInvoker.call(ProtobufRpcEngine2.java:578) [hadoop-common-3.3.4.jar:?]
	at org.apache.hadoop.ipc.ProtobufRpcEngine2$Server$ProtoBufRpcInvoker.call(ProtobufRpcEngine2.java:556) [hadoop-common-3.3.4.jar:?]
	at org.apache.hadoop.ipc.RPC$Server.call(RPC.java:1093) [hadoop-common-3.3.4.jar:?]
	at org.apache.hadoop.ipc.Server$RpcCall.run(Server.java:1043) [hadoop-common-3.3.4.jar:?]
	at org.apache.hadoop.ipc.Server$RpcCall.run(Server.java:971) [hadoop-common-3.3.4.jar:?]
	at java.security.AccessController.doPrivileged(Native Method) ~[?:1.8.0_362]
	at javax.security.auth.Subject.doAs(Subject.java:422) [?:1.8.0_362]
	at org.apache.hadoop.security.UserGroupInformation.doAs(UserGroupInformation.java:1878) [hadoop-common-3.3.4.jar:?]
	at org.apache.hadoop.ipc.Server$Handler.run(Server.java:2976) [hadoop-common-3.3.4.jar:?]
13:39:26.870 [IPC Server handler 19 on default port 40229] ERROR OMAudit - user=runner | ip=127.0.0.1 | op=GET_FILE_STATUS {volume=volume46490, bucket=bucket73093, key=testBatchDelete/parent/child1, dataSize=0, replicationConfig=null} | ret=FAILURE
org.apache.hadoop.ozone.om.exceptions.OMException: Unable to get file status: volume: volume46490 bucket: bucket73093 key: testBatchDelete/parent/child1
	at org.apache.hadoop.ozone.om.KeyManagerImpl.getOzoneFileStatus(KeyManagerImpl.java:1162) ~[ozone-manager-1.4.0-SNAPSHOT.jar:?]
	at org.apache.hadoop.ozone.om.KeyManagerImpl.getFileStatus(KeyManagerImpl.java:1080) ~[ozone-manager-1.4.0-SNAPSHOT.jar:?]
	at org.apache.hadoop.ozone.om.OmMetadataReader.getFileStatus(OmMetadataReader.java:288) ~[ozone-manager-1.4.0-SNAPSHOT.jar:?]
	at org.apache.hadoop.ozone.om.OzoneManager.getFileStatus(OzoneManager.java:3450) ~[ozone-manager-1.4.0-SNAPSHOT.jar:?]
	at org.apache.hadoop.ozone.protocolPB.OzoneManagerRequestHandler.getOzoneFileStatus(OzoneManagerRequestHandler.java:933) ~[ozone-manager-1.4.0-SNAPSHOT.jar:?]
	at org.apache.hadoop.ozone.protocolPB.OzoneManagerRequestHandler.handleReadRequest(OzoneManagerRequestHandler.java:238) ~[ozone-manager-1.4.0-SNAPSHOT.jar:?]
	at org.apache.hadoop.ozone.protocolPB.OzoneManagerProtocolServerSideTranslatorPB.submitRequestDirectlyToOM(OzoneManagerProtocolServerSideTranslatorPB.java:271) ~[ozone-manager-1.4.0-SNAPSHOT.jar:?]
	at org.apache.hadoop.ozone.protocolPB.OzoneManagerProtocolServerSideTranslatorPB.processRequest(OzoneManagerProtocolServerSideTranslatorPB.java:173) ~[ozone-manager-1.4.0-SNAPSHOT.jar:?]
	at org.apache.hadoop.hdds.server.OzoneProtocolMessageDispatcher.processRequest(OzoneProtocolMessageDispatcher.java:87) [hdds-server-framework-1.4.0-SNAPSHOT.jar:?]
	at org.apache.hadoop.ozone.protocolPB.OzoneManagerProtocolServerSideTranslatorPB.submitRequest(OzoneManagerProtocolServerSideTranslatorPB.java:147) [ozone-manager-1.4.0-SNAPSHOT.jar:?]
	at org.apache.hadoop.ozone.protocol.proto.OzoneManagerProtocolProtos$OzoneManagerService$2.callBlockingMethod(OzoneManagerProtocolProtos.java) [ozone-interface-client-1.4.0-SNAPSHOT.jar:?]
	at org.apache.hadoop.ipc.ProtobufRpcEngine$Server.processCall(ProtobufRpcEngine.java:465) [hadoop-common-3.3.4.jar:?]
	at org.apache.hadoop.ipc.ProtobufRpcEngine2$Server$ProtoBufRpcInvoker.call(ProtobufRpcEngine2.java:578) [hadoop-common-3.3.4.jar:?]
	at org.apache.hadoop.ipc.ProtobufRpcEngine2$Server$ProtoBufRpcInvoker.call(ProtobufRpcEngine2.java:556) [hadoop-common-3.3.4.jar:?]
	at org.apache.hadoop.ipc.RPC$Server.call(RPC.java:1093) [hadoop-common-3.3.4.jar:?]
	at org.apache.hadoop.ipc.Server$RpcCall.run(Server.java:1043) [hadoop-common-3.3.4.jar:?]
	at org.apache.hadoop.ipc.Server$RpcCall.run(Server.java:971) [hadoop-common-3.3.4.jar:?]
	at java.security.AccessController.doPrivileged(Native Method) ~[?:1.8.0_362]
	at javax.security.auth.Subject.doAs(Subject.java:422) [?:1.8.0_362]
	at org.apache.hadoop.security.UserGroupInformation.doAs(UserGroupInformation.java:1878) [hadoop-common-3.3.4.jar:?]
	at org.apache.hadoop.ipc.Server$Handler.run(Server.java:2976) [hadoop-common-3.3.4.jar:?]
13:39:26.871 [IPC Server handler 16 on default port 40229] ERROR OMAudit - user=runner | ip=127.0.0.1 | op=GET_FILE_STATUS {volume=volume46490, bucket=bucket73093, key=testBatchDelete/parent/childFolder/child1, dataSize=0, replicationConfig=null} | ret=FAILURE
org.apache.hadoop.ozone.om.exceptions.OMException: Unable to get file status: volume: volume46490 bucket: bucket73093 key: testBatchDelete/parent/childFolder/child1
	at org.apache.hadoop.ozone.om.KeyManagerImpl.getOzoneFileStatus(KeyManagerImpl.java:1162) ~[ozone-manager-1.4.0-SNAPSHOT.jar:?]
	at org.apache.hadoop.ozone.om.KeyManagerImpl.getFileStatus(KeyManagerImpl.java:1080) ~[ozone-manager-1.4.0-SNAPSHOT.jar:?]
	at org.apache.hadoop.ozone.om.OmMetadataReader.getFileStatus(OmMetadataReader.java:288) ~[ozone-manager-1.4.0-SNAPSHOT.jar:?]
	at org.apache.hadoop.ozone.om.OzoneManager.getFileStatus(OzoneManager.java:3450) ~[ozone-manager-1.4.0-SNAPSHOT.jar:?]
	at org.apache.hadoop.ozone.protocolPB.OzoneManagerRequestHandler.getOzoneFileStatus(OzoneManagerRequestHandler.java:933) ~[ozone-manager-1.4.0-SNAPSHOT.jar:?]
	at org.apache.hadoop.ozone.protocolPB.OzoneManagerRequestHandler.handleReadRequest(OzoneManagerRequestHandler.java:238) ~[ozone-manager-1.4.0-SNAPSHOT.jar:?]
	at org.apache.hadoop.ozone.protocolPB.OzoneManagerProtocolServerSideTranslatorPB.submitRequestDirectlyToOM(OzoneManagerProtocolServerSideTranslatorPB.java:271) ~[ozone-manager-1.4.0-SNAPSHOT.jar:?]
	at org.apache.hadoop.ozone.protocolPB.OzoneManagerProtocolServerSideTranslatorPB.processRequest(OzoneManagerProtocolServerSideTranslatorPB.java:173) ~[ozone-manager-1.4.0-SNAPSHOT.jar:?]
	at org.apache.hadoop.hdds.server.OzoneProtocolMessageDispatcher.processRequest(OzoneProtocolMessageDispatcher.java:87) [hdds-server-framework-1.4.0-SNAPSHOT.jar:?]
	at org.apache.hadoop.ozone.protocolPB.OzoneManagerProtocolServerSideTranslatorPB.submitRequest(OzoneManagerProtocolServerSideTranslatorPB.java:147) [ozone-manager-1.4.0-SNAPSHOT.jar:?]
	at org.apache.hadoop.ozone.protocol.proto.OzoneManagerProtocolProtos$OzoneManagerService$2.callBlockingMethod(OzoneManagerProtocolProtos.java) [ozone-interface-client-1.4.0-SNAPSHOT.jar:?]
	at org.apache.hadoop.ipc.ProtobufRpcEngine$Server.processCall(ProtobufRpcEngine.java:465) [hadoop-common-3.3.4.jar:?]
	at org.apache.hadoop.ipc.ProtobufRpcEngine2$Server$ProtoBufRpcInvoker.call(ProtobufRpcEngine2.java:578) [hadoop-common-3.3.4.jar:?]
	at org.apache.hadoop.ipc.ProtobufRpcEngine2$Server$ProtoBufRpcInvoker.call(ProtobufRpcEngine2.java:556) [hadoop-common-3.3.4.jar:?]
	at org.apache.hadoop.ipc.RPC$Server.call(RPC.java:1093) [hadoop-common-3.3.4.jar:?]
	at org.apache.hadoop.ipc.Server$RpcCall.run(Server.java:1043) [hadoop-common-3.3.4.jar:?]
	at org.apache.hadoop.ipc.Server$RpcCall.run(Server.java:971) [hadoop-common-3.3.4.jar:?]
	at java.security.AccessController.doPrivileged(Native Method) ~[?:1.8.0_362]
	at javax.security.auth.Subject.doAs(Subject.java:422) [?:1.8.0_362]
	at org.apache.hadoop.security.UserGroupInformation.doAs(UserGroupInformation.java:1878) [hadoop-common-3.3.4.jar:?]
	at org.apache.hadoop.ipc.Server$Handler.run(Server.java:2976) [hadoop-common-3.3.4.jar:?]
13:39:26.871 [IPC Server handler 18 on default port 40229] ERROR OMAudit - user=runner | ip=127.0.0.1 | op=GET_FILE_STATUS {volume=volume46490, bucket=bucket73093, key=testBatchDelete/parent/child2, dataSize=0, replicationConfig=null} | ret=FAILURE
org.apache.hadoop.ozone.om.exceptions.OMException: Unable to get file status: volume: volume46490 bucket: bucket73093 key: testBatchDelete/parent/child2
	at org.apache.hadoop.ozone.om.KeyManagerImpl.getOzoneFileStatus(KeyManagerImpl.java:1162) ~[ozone-manager-1.4.0-SNAPSHOT.jar:?]
	at org.apache.hadoop.ozone.om.KeyManagerImpl.getFileStatus(KeyManagerImpl.java:1080) ~[ozone-manager-1.4.0-SNAPSHOT.jar:?]
	at org.apache.hadoop.ozone.om.OmMetadataReader.getFileStatus(OmMetadataReader.java:288) ~[ozone-manager-1.4.0-SNAPSHOT.jar:?]
	at org.apache.hadoop.ozone.om.OzoneManager.getFileStatus(OzoneManager.java:3450) ~[ozone-manager-1.4.0-SNAPSHOT.jar:?]
	at org.apache.hadoop.ozone.protocolPB.OzoneManagerRequestHandler.getOzoneFileStatus(OzoneManagerRequestHandler.java:933) ~[ozone-manager-1.4.0-SNAPSHOT.jar:?]
	at org.apache.hadoop.ozone.protocolPB.OzoneManagerRequestHandler.handleReadRequest(OzoneManagerRequestHandler.java:238) ~[ozone-manager-1.4.0-SNAPSHOT.jar:?]
	at org.apache.hadoop.ozone.protocolPB.OzoneManagerProtocolServerSideTranslatorPB.submitRequestDirectlyToOM(OzoneManagerProtocolServerSideTranslatorPB.java:271) ~[ozone-manager-1.4.0-SNAPSHOT.jar:?]
	at org.apache.hadoop.ozone.protocolPB.OzoneManagerProtocolServerSideTranslatorPB.processRequest(OzoneManagerProtocolServerSideTranslatorPB.java:173) ~[ozone-manager-1.4.0-SNAPSHOT.jar:?]
	at org.apache.hadoop.hdds.server.OzoneProtocolMessageDispatcher.processRequest(OzoneProtocolMessageDispatcher.java:87) [hdds-server-framework-1.4.0-SNAPSHOT.jar:?]
	at org.apache.hadoop.ozone.protocolPB.OzoneManagerProtocolServerSideTranslatorPB.submitRequest(OzoneManagerProtocolServerSideTranslatorPB.java:147) [ozone-manager-1.4.0-SNAPSHOT.jar:?]
	at org.apache.hadoop.ozone.protocol.proto.OzoneManagerProtocolProtos$OzoneManagerService$2.callBlockingMethod(OzoneManagerProtocolProtos.java) [ozone-interface-client-1.4.0-SNAPSHOT.jar:?]
	at org.apache.hadoop.ipc.ProtobufRpcEngine$Server.processCall(ProtobufRpcEngine.java:465) [hadoop-common-3.3.4.jar:?]
	at org.apache.hadoop.ipc.ProtobufRpcEngine2$Server$ProtoBufRpcInvoker.call(ProtobufRpcEngine2.java:578) [hadoop-common-3.3.4.jar:?]
	at org.apache.hadoop.ipc.ProtobufRpcEngine2$Server$ProtoBufRpcInvoker.call(ProtobufRpcEngine2.java:556) [hadoop-common-3.3.4.jar:?]
	at org.apache.hadoop.ipc.RPC$Server.call(RPC.java:1093) [hadoop-common-3.3.4.jar:?]
	at org.apache.hadoop.ipc.Server$RpcCall.run(Server.java:1043) [hadoop-common-3.3.4.jar:?]
	at org.apache.hadoop.ipc.Server$RpcCall.run(Server.java:971) [hadoop-common-3.3.4.jar:?]
	at java.security.AccessController.doPrivileged(Native Method) ~[?:1.8.0_362]
	at javax.security.auth.Subject.doAs(Subject.java:422) [?:1.8.0_362]
	at org.apache.hadoop.security.UserGroupInformation.doAs(UserGroupInformation.java:1878) [hadoop-common-3.3.4.jar:?]
	at org.apache.hadoop.ipc.Server$Handler.run(Server.java:2976) [hadoop-common-3.3.4.jar:?]
13:39:26.872 [IPC Server handler 17 on default port 40229] ERROR OMAudit - user=runner | ip=127.0.0.1 | op=GET_FILE_STATUS {volume=volume46490, bucket=bucket73093, key=testBatchDelete/parent/childFolder/child2, dataSize=0, replicationConfig=null} | ret=FAILURE
org.apache.hadoop.ozone.om.exceptions.OMException: Unable to get file status: volume: volume46490 bucket: bucket73093 key: testBatchDelete/parent/childFolder/child2
	at org.apache.hadoop.ozone.om.KeyManagerImpl.getOzoneFileStatus(KeyManagerImpl.java:1162) ~[ozone-manager-1.4.0-SNAPSHOT.jar:?]
	at org.apache.hadoop.ozone.om.KeyManagerImpl.getFileStatus(KeyManagerImpl.java:1080) ~[ozone-manager-1.4.0-SNAPSHOT.jar:?]
	at org.apache.hadoop.ozone.om.OmMetadataReader.getFileStatus(OmMetadataReader.java:288) ~[ozone-manager-1.4.0-SNAPSHOT.jar:?]
	at org.apache.hadoop.ozone.om.OzoneManager.getFileStatus(OzoneManager.java:3450) ~[ozone-manager-1.4.0-SNAPSHOT.jar:?]
	at org.apache.hadoop.ozone.protocolPB.OzoneManagerRequestHandler.getOzoneFileStatus(OzoneManagerRequestHandler.java:933) ~[ozone-manager-1.4.0-SNAPSHOT.jar:?]
	at org.apache.hadoop.ozone.protocolPB.OzoneManagerRequestHandler.handleReadRequest(OzoneManagerRequestHandler.java:238) ~[ozone-manager-1.4.0-SNAPSHOT.jar:?]
	at org.apache.hadoop.ozone.protocolPB.OzoneManagerProtocolServerSideTranslatorPB.submitRequestDirectlyToOM(OzoneManagerProtocolServerSideTranslatorPB.java:271) ~[ozone-manager-1.4.0-SNAPSHOT.jar:?]
	at org.apache.hadoop.ozone.protocolPB.OzoneManagerProtocolServerSideTranslatorPB.processRequest(OzoneManagerProtocolServerSideTranslatorPB.java:173) ~[ozone-manager-1.4.0-SNAPSHOT.jar:?]
	at org.apache.hadoop.hdds.server.OzoneProtocolMessageDispatcher.processRequest(OzoneProtocolMessageDispatcher.java:87) [hdds-server-framework-1.4.0-SNAPSHOT.jar:?]
	at org.apache.hadoop.ozone.protocolPB.OzoneManagerProtocolServerSideTranslatorPB.submitRequest(OzoneManagerProtocolServerSideTranslatorPB.java:147) [ozone-manager-1.4.0-SNAPSHOT.jar:?]
	at org.apache.hadoop.ozone.protocol.proto.OzoneManagerProtocolProtos$OzoneManagerService$2.callBlockingMethod(OzoneManagerProtocolProtos.java) [ozone-interface-client-1.4.0-SNAPSHOT.jar:?]
	at org.apache.hadoop.ipc.ProtobufRpcEngine$Server.processCall(ProtobufRpcEngine.java:465) [hadoop-common-3.3.4.jar:?]
	at org.apache.hadoop.ipc.ProtobufRpcEngine2$Server$ProtoBufRpcInvoker.call(ProtobufRpcEngine2.java:578) [hadoop-common-3.3.4.jar:?]
	at org.apache.hadoop.ipc.ProtobufRpcEngine2$Server$ProtoBufRpcInvoker.call(ProtobufRpcEngine2.java:556) [hadoop-common-3.3.4.jar:?]
	at org.apache.hadoop.ipc.RPC$Server.call(RPC.java:1093) [hadoop-common-3.3.4.jar:?]
	at org.apache.hadoop.ipc.Server$RpcCall.run(Server.java:1043) [hadoop-common-3.3.4.jar:?]
	at org.apache.hadoop.ipc.Server$RpcCall.run(Server.java:971) [hadoop-common-3.3.4.jar:?]
	at java.security.AccessController.doPrivileged(Native Method) ~[?:1.8.0_362]
	at javax.security.auth.Subject.doAs(Subject.java:422) [?:1.8.0_362]
	at org.apache.hadoop.security.UserGroupInformation.doAs(UserGroupInformation.java:1878) [hadoop-common-3.3.4.jar:?]
	at org.apache.hadoop.ipc.Server$Handler.run(Server.java:2976) [hadoop-common-3.3.4.jar:?]
13:39:26.873 [IPC Server handler 0 on default port 40229] ERROR OMAudit - user=runner | ip=127.0.0.1 | op=GET_FILE_STATUS {volume=volume46490, bucket=bucket73093, key=testBatchDelete/parent/child3, dataSize=0, replicationConfig=null} | ret=FAILURE
org.apache.hadoop.ozone.om.exceptions.OMException: Unable to get file status: volume: volume46490 bucket: bucket73093 key: testBatchDelete/parent/child3
	at org.apache.hadoop.ozone.om.KeyManagerImpl.getOzoneFileStatus(KeyManagerImpl.java:1162) ~[ozone-manager-1.4.0-SNAPSHOT.jar:?]
	at org.apache.hadoop.ozone.om.KeyManagerImpl.getFileStatus(KeyManagerImpl.java:1080) ~[ozone-manager-1.4.0-SNAPSHOT.jar:?]
	at org.apache.hadoop.ozone.om.OmMetadataReader.getFileStatus(OmMetadataReader.java:288) ~[ozone-manager-1.4.0-SNAPSHOT.jar:?]
	at org.apache.hadoop.ozone.om.OzoneManager.getFileStatus(OzoneManager.java:3450) ~[ozone-manager-1.4.0-SNAPSHOT.jar:?]
	at org.apache.hadoop.ozone.protocolPB.OzoneManagerRequestHandler.getOzoneFileStatus(OzoneManagerRequestHandler.java:933) ~[ozone-manager-1.4.0-SNAPSHOT.jar:?]
	at org.apache.hadoop.ozone.protocolPB.OzoneManagerRequestHandler.handleReadRequest(OzoneManagerRequestHandler.java:238) ~[ozone-manager-1.4.0-SNAPSHOT.jar:?]
	at org.apache.hadoop.ozone.protocolPB.OzoneManagerProtocolServerSideTranslatorPB.submitRequestDirectlyToOM(OzoneManagerProtocolServerSideTranslatorPB.java:271) ~[ozone-manager-1.4.0-SNAPSHOT.jar:?]
	at org.apache.hadoop.ozone.protocolPB.OzoneManagerProtocolServerSideTranslatorPB.processRequest(OzoneManagerProtocolServerSideTranslatorPB.java:173) ~[ozone-manager-1.4.0-SNAPSHOT.jar:?]
	at org.apache.hadoop.hdds.server.OzoneProtocolMessageDispatcher.processRequest(OzoneProtocolMessageDispatcher.java:87) [hdds-server-framework-1.4.0-SNAPSHOT.jar:?]
	at org.apache.hadoop.ozone.protocolPB.OzoneManagerProtocolServerSideTranslatorPB.submitRequest(OzoneManagerProtocolServerSideTranslatorPB.java:147) [ozone-manager-1.4.0-SNAPSHOT.jar:?]
	at org.apache.hadoop.ozone.protocol.proto.OzoneManagerProtocolProtos$OzoneManagerService$2.callBlockingMethod(OzoneManagerProtocolProtos.java) [ozone-interface-client-1.4.0-SNAPSHOT.jar:?]
	at org.apache.hadoop.ipc.ProtobufRpcEngine$Server.processCall(ProtobufRpcEngine.java:465) [hadoop-common-3.3.4.jar:?]
	at org.apache.hadoop.ipc.ProtobufRpcEngine2$Server$ProtoBufRpcInvoker.call(ProtobufRpcEngine2.java:578) [hadoop-common-3.3.4.jar:?]
	at org.apache.hadoop.ipc.ProtobufRpcEngine2$Server$ProtoBufRpcInvoker.call(ProtobufRpcEngine2.java:556) [hadoop-common-3.3.4.jar:?]
	at org.apache.hadoop.ipc.RPC$Server.call(RPC.java:1093) [hadoop-common-3.3.4.jar:?]
	at org.apache.hadoop.ipc.Server$RpcCall.run(Server.java:1043) [hadoop-common-3.3.4.jar:?]
	at org.apache.hadoop.ipc.Server$RpcCall.run(Server.java:971) [hadoop-common-3.3.4.jar:?]
	at java.security.AccessController.doPrivileged(Native Method) ~[?:1.8.0_362]
	at javax.security.auth.Subject.doAs(Subject.java:422) [?:1.8.0_362]
	at org.apache.hadoop.security.UserGroupInformation.doAs(UserGroupInformation.java:1878) [hadoop-common-3.3.4.jar:?]
	at org.apache.hadoop.ipc.Server$Handler.run(Server.java:2976) [hadoop-common-3.3.4.jar:?]
13:39:26.874 [IPC Server handler 1 on default port 40229] ERROR OMAudit - user=runner | ip=127.0.0.1 | op=GET_FILE_STATUS {volume=volume46490, bucket=bucket73093, key=testBatchDelete/parent/childFolder/child3, dataSize=0, replicationConfig=null} | ret=FAILURE
org.apache.hadoop.ozone.om.exceptions.OMException: Unable to get file status: volume: volume46490 bucket: bucket73093 key: testBatchDelete/parent/childFolder/child3
	at org.apache.hadoop.ozone.om.KeyManagerImpl.getOzoneFileStatus(KeyManagerImpl.java:1162) ~[ozone-manager-1.4.0-SNAPSHOT.jar:?]
	at org.apache.hadoop.ozone.om.KeyManagerImpl.getFileStatus(KeyManagerImpl.java:1080) ~[ozone-manager-1.4.0-SNAPSHOT.jar:?]
	at org.apache.hadoop.ozone.om.OmMetadataReader.getFileStatus(OmMetadataReader.java:288) ~[ozone-manager-1.4.0-SNAPSHOT.jar:?]
	at org.apache.hadoop.ozone.om.OzoneManager.getFileStatus(OzoneManager.java:3450) ~[ozone-manager-1.4.0-SNAPSHOT.jar:?]
	at org.apache.hadoop.ozone.protocolPB.OzoneManagerRequestHandler.getOzoneFileStatus(OzoneManagerRequestHandler.java:933) ~[ozone-manager-1.4.0-SNAPSHOT.jar:?]
	at org.apache.hadoop.ozone.protocolPB.OzoneManagerRequestHandler.handleReadRequest(OzoneManagerRequestHandler.java:238) ~[ozone-manager-1.4.0-SNAPSHOT.jar:?]
	at org.apache.hadoop.ozone.protocolPB.OzoneManagerProtocolServerSideTranslatorPB.submitRequestDirectlyToOM(OzoneManagerProtocolServerSideTranslatorPB.java:271) ~[ozone-manager-1.4.0-SNAPSHOT.jar:?]
	at org.apache.hadoop.ozone.protocolPB.OzoneManagerProtocolServerSideTranslatorPB.processRequest(OzoneManagerProtocolServerSideTranslatorPB.java:173) ~[ozone-manager-1.4.0-SNAPSHOT.jar:?]
	at org.apache.hadoop.hdds.server.OzoneProtocolMessageDispatcher.processRequest(OzoneProtocolMessageDispatcher.java:87) [hdds-server-framework-1.4.0-SNAPSHOT.jar:?]
	at org.apache.hadoop.ozone.protocolPB.OzoneManagerProtocolServerSideTranslatorPB.submitRequest(OzoneManagerProtocolServerSideTranslatorPB.java:147) [ozone-manager-1.4.0-SNAPSHOT.jar:?]
	at org.apache.hadoop.ozone.protocol.proto.OzoneManagerProtocolProtos$OzoneManagerService$2.callBlockingMethod(OzoneManagerProtocolProtos.java) [ozone-interface-client-1.4.0-SNAPSHOT.jar:?]
	at org.apache.hadoop.ipc.ProtobufRpcEngine$Server.processCall(ProtobufRpcEngine.java:465) [hadoop-common-3.3.4.jar:?]
	at org.apache.hadoop.ipc.ProtobufRpcEngine2$Server$ProtoBufRpcInvoker.call(ProtobufRpcEngine2.java:578) [hadoop-common-3.3.4.jar:?]
	at org.apache.hadoop.ipc.ProtobufRpcEngine2$Server$ProtoBufRpcInvoker.call(ProtobufRpcEngine2.java:556) [hadoop-common-3.3.4.jar:?]
	at org.apache.hadoop.ipc.RPC$Server.call(RPC.java:1093) [hadoop-common-3.3.4.jar:?]
	at org.apache.hadoop.ipc.Server$RpcCall.run(Server.java:1043) [hadoop-common-3.3.4.jar:?]
	at org.apache.hadoop.ipc.Server$RpcCall.run(Server.java:971) [hadoop-common-3.3.4.jar:?]
	at java.security.AccessController.doPrivileged(Native Method) ~[?:1.8.0_362]
	at javax.security.auth.Subject.doAs(Subject.java:422) [?:1.8.0_362]
	at org.apache.hadoop.security.UserGroupInformation.doAs(UserGroupInformation.java:1878) [hadoop-common-3.3.4.jar:?]
	at org.apache.hadoop.ipc.Server$Handler.run(Server.java:2976) [hadoop-common-3.3.4.jar:?]
13:39:26.875 [IPC Server handler 2 on default port 40229] ERROR OMAudit - user=runner | ip=127.0.0.1 | op=GET_FILE_STATUS {volume=volume46490, bucket=bucket73093, key=testBatchDelete/parent/child4, dataSize=0, replicationConfig=null} | ret=FAILURE
org.apache.hadoop.ozone.om.exceptions.OMException: Unable to get file status: volume: volume46490 bucket: bucket73093 key: testBatchDelete/parent/child4
	at org.apache.hadoop.ozone.om.KeyManagerImpl.getOzoneFileStatus(KeyManagerImpl.java:1162) ~[ozone-manager-1.4.0-SNAPSHOT.jar:?]
	at org.apache.hadoop.ozone.om.KeyManagerImpl.getFileStatus(KeyManagerImpl.java:1080) ~[ozone-manager-1.4.0-SNAPSHOT.jar:?]
	at org.apache.hadoop.ozone.om.OmMetadataReader.getFileStatus(OmMetadataReader.java:288) ~[ozone-manager-1.4.0-SNAPSHOT.jar:?]
	at org.apache.hadoop.ozone.om.OzoneManager.getFileStatus(OzoneManager.java:3450) ~[ozone-manager-1.4.0-SNAPSHOT.jar:?]
	at org.apache.hadoop.ozone.protocolPB.OzoneManagerRequestHandler.getOzoneFileStatus(OzoneManagerRequestHandler.java:933) ~[ozone-manager-1.4.0-SNAPSHOT.jar:?]
	at org.apache.hadoop.ozone.protocolPB.OzoneManagerRequestHandler.handleReadRequest(OzoneManagerRequestHandler.java:238) ~[ozone-manager-1.4.0-SNAPSHOT.jar:?]
	at org.apache.hadoop.ozone.protocolPB.OzoneManagerProtocolServerSideTranslatorPB.submitRequestDirectlyToOM(OzoneManagerProtocolServerSideTranslatorPB.java:271) ~[ozone-manager-1.4.0-SNAPSHOT.jar:?]
	at org.apache.hadoop.ozone.protocolPB.OzoneManagerProtocolServerSideTranslatorPB.processRequest(OzoneManagerProtocolServerSideTranslatorPB.java:173) ~[ozone-manager-1.4.0-SNAPSHOT.jar:?]
	at org.apache.hadoop.hdds.server.OzoneProtocolMessageDispatcher.processRequest(OzoneProtocolMessageDispatcher.java:87) [hdds-server-framework-1.4.0-SNAPSHOT.jar:?]
	at org.apache.hadoop.ozone.protocolPB.OzoneManagerProtocolServerSideTranslatorPB.submitRequest(OzoneManagerProtocolServerSideTranslatorPB.java:147) [ozone-manager-1.4.0-SNAPSHOT.jar:?]
	at org.apache.hadoop.ozone.protocol.proto.OzoneManagerProtocolProtos$OzoneManagerService$2.callBlockingMethod(OzoneManagerProtocolProtos.java) [ozone-interface-client-1.4.0-SNAPSHOT.jar:?]
	at org.apache.hadoop.ipc.ProtobufRpcEngine$Server.processCall(ProtobufRpcEngine.java:465) [hadoop-common-3.3.4.jar:?]
	at org.apache.hadoop.ipc.ProtobufRpcEngine2$Server$ProtoBufRpcInvoker.call(ProtobufRpcEngine2.java:578) [hadoop-common-3.3.4.jar:?]
	at org.apache.hadoop.ipc.ProtobufRpcEngine2$Server$ProtoBufRpcInvoker.call(ProtobufRpcEngine2.java:556) [hadoop-common-3.3.4.jar:?]
	at org.apache.hadoop.ipc.RPC$Server.call(RPC.java:1093) [hadoop-common-3.3.4.jar:?]
	at org.apache.hadoop.ipc.Server$RpcCall.run(Server.java:1043) [hadoop-common-3.3.4.jar:?]
	at org.apache.hadoop.ipc.Server$RpcCall.run(Server.java:971) [hadoop-common-3.3.4.jar:?]
	at java.security.AccessController.doPrivileged(Native Method) ~[?:1.8.0_362]
	at javax.security.auth.Subject.doAs(Subject.java:422) [?:1.8.0_362]
	at org.apache.hadoop.security.UserGroupInformation.doAs(UserGroupInformation.java:1878) [hadoop-common-3.3.4.jar:?]
	at org.apache.hadoop.ipc.Server$Handler.run(Server.java:2976) [hadoop-common-3.3.4.jar:?]
13:39:26.876 [IPC Server handler 9 on default port 40229] ERROR OMAudit - user=runner | ip=127.0.0.1 | op=GET_FILE_STATUS {volume=volume46490, bucket=bucket73093, key=testBatchDelete/parent/childFolder/child4, dataSize=0, replicationConfig=null} | ret=FAILURE
org.apache.hadoop.ozone.om.exceptions.OMException: Unable to get file status: volume: volume46490 bucket: bucket73093 key: testBatchDelete/parent/childFolder/child4
	at org.apache.hadoop.ozone.om.KeyManagerImpl.getOzoneFileStatus(KeyManagerImpl.java:1162) ~[ozone-manager-1.4.0-SNAPSHOT.jar:?]
	at org.apache.hadoop.ozone.om.KeyManagerImpl.getFileStatus(KeyManagerImpl.java:1080) ~[ozone-manager-1.4.0-SNAPSHOT.jar:?]
	at org.apache.hadoop.ozone.om.OmMetadataReader.getFileStatus(OmMetadataReader.java:288) ~[ozone-manager-1.4.0-SNAPSHOT.jar:?]
	at org.apache.hadoop.ozone.om.OzoneManager.getFileStatus(OzoneManager.java:3450) ~[ozone-manager-1.4.0-SNAPSHOT.jar:?]
	at org.apache.hadoop.ozone.protocolPB.OzoneManagerRequestHandler.getOzoneFileStatus(OzoneManagerRequestHandler.java:933) ~[ozone-manager-1.4.0-SNAPSHOT.jar:?]
	at org.apache.hadoop.ozone.protocolPB.OzoneManagerRequestHandler.handleReadRequest(OzoneManagerRequestHandler.java:238) ~[ozone-manager-1.4.0-SNAPSHOT.jar:?]
	at org.apache.hadoop.ozone.protocolPB.OzoneManagerProtocolServerSideTranslatorPB.submitRequestDirectlyToOM(OzoneManagerProtocolServerSideTranslatorPB.java:271) ~[ozone-manager-1.4.0-SNAPSHOT.jar:?]
	at org.apache.hadoop.ozone.protocolPB.OzoneManagerProtocolServerSideTranslatorPB.processRequest(OzoneManagerProtocolServerSideTranslatorPB.java:173) ~[ozone-manager-1.4.0-SNAPSHOT.jar:?]
	at org.apache.hadoop.hdds.server.OzoneProtocolMessageDispatcher.processRequest(OzoneProtocolMessageDispatcher.java:87) [hdds-server-framework-1.4.0-SNAPSHOT.jar:?]
	at org.apache.hadoop.ozone.protocolPB.OzoneManagerProtocolServerSideTranslatorPB.submitRequest(OzoneManagerProtocolServerSideTranslatorPB.java:147) [ozone-manager-1.4.0-SNAPSHOT.jar:?]
	at org.apache.hadoop.ozone.protocol.proto.OzoneManagerProtocolProtos$OzoneManagerService$2.callBlockingMethod(OzoneManagerProtocolProtos.java) [ozone-interface-client-1.4.0-SNAPSHOT.jar:?]
	at org.apache.hadoop.ipc.ProtobufRpcEngine$Server.processCall(ProtobufRpcEngine.java:465) [hadoop-common-3.3.4.jar:?]
	at org.apache.hadoop.ipc.ProtobufRpcEngine2$Server$ProtoBufRpcInvoker.call(ProtobufRpcEngine2.java:578) [hadoop-common-3.3.4.jar:?]
	at org.apache.hadoop.ipc.ProtobufRpcEngine2$Server$ProtoBufRpcInvoker.call(ProtobufRpcEngine2.java:556) [hadoop-common-3.3.4.jar:?]
	at org.apache.hadoop.ipc.RPC$Server.call(RPC.java:1093) [hadoop-common-3.3.4.jar:?]
	at org.apache.hadoop.ipc.Server$RpcCall.run(Server.java:1043) [hadoop-common-3.3.4.jar:?]
	at org.apache.hadoop.ipc.Server$RpcCall.run(Server.java:971) [hadoop-common-3.3.4.jar:?]
	at java.security.AccessController.doPrivileged(Native Method) ~[?:1.8.0_362]
	at javax.security.auth.Subject.doAs(Subject.java:422) [?:1.8.0_362]
	at org.apache.hadoop.security.UserGroupInformation.doAs(UserGroupInformation.java:1878) [hadoop-common-3.3.4.jar:?]
	at org.apache.hadoop.ipc.Server$Handler.run(Server.java:2976) [hadoop-common-3.3.4.jar:?]
13:39:26.877 [IPC Server handler 6 on default port 40229] ERROR OMAudit - user=runner | ip=127.0.0.1 | op=GET_FILE_STATUS {volume=volume46490, bucket=bucket73093, key=testBatchDelete/parent/child5, dataSize=0, replicationConfig=null} | ret=FAILURE
org.apache.hadoop.ozone.om.exceptions.OMException: Unable to get file status: volume: volume46490 bucket: bucket73093 key: testBatchDelete/parent/child5
	at org.apache.hadoop.ozone.om.KeyManagerImpl.getOzoneFileStatus(KeyManagerImpl.java:1162) ~[ozone-manager-1.4.0-SNAPSHOT.jar:?]
	at org.apache.hadoop.ozone.om.KeyManagerImpl.getFileStatus(KeyManagerImpl.java:1080) ~[ozone-manager-1.4.0-SNAPSHOT.jar:?]
	at org.apache.hadoop.ozone.om.OmMetadataReader.getFileStatus(OmMetadataReader.java:288) ~[ozone-manager-1.4.0-SNAPSHOT.jar:?]
	at org.apache.hadoop.ozone.om.OzoneManager.getFileStatus(OzoneManager.java:3450) ~[ozone-manager-1.4.0-SNAPSHOT.jar:?]
	at org.apache.hadoop.ozone.protocolPB.OzoneManagerRequestHandler.getOzoneFileStatus(OzoneManagerRequestHandler.java:933) ~[ozone-manager-1.4.0-SNAPSHOT.jar:?]
	at org.apache.hadoop.ozone.protocolPB.OzoneManagerRequestHandler.handleReadRequest(OzoneManagerRequestHandler.java:238) ~[ozone-manager-1.4.0-SNAPSHOT.jar:?]
	at org.apache.hadoop.ozone.protocolPB.OzoneManagerProtocolServerSideTranslatorPB.submitRequestDirectlyToOM(OzoneManagerProtocolServerSideTranslatorPB.java:271) ~[ozone-manager-1.4.0-SNAPSHOT.jar:?]
	at org.apache.hadoop.ozone.protocolPB.OzoneManagerProtocolServerSideTranslatorPB.processRequest(OzoneManagerProtocolServerSideTranslatorPB.java:173) ~[ozone-manager-1.4.0-SNAPSHOT.jar:?]
	at org.apache.hadoop.hdds.server.OzoneProtocolMessageDispatcher.processRequest(OzoneProtocolMessageDispatcher.java:87) [hdds-server-framework-1.4.0-SNAPSHOT.jar:?]
	at org.apache.hadoop.ozone.protocolPB.OzoneManagerProtocolServerSideTranslatorPB.submitRequest(OzoneManagerProtocolServerSideTranslatorPB.java:147) [ozone-manager-1.4.0-SNAPSHOT.jar:?]
	at org.apache.hadoop.ozone.protocol.proto.OzoneManagerProtocolProtos$OzoneManagerService$2.callBlockingMethod(OzoneManagerProtocolProtos.java) [ozone-interface-client-1.4.0-SNAPSHOT.jar:?]
	at org.apache.hadoop.ipc.ProtobufRpcEngine$Server.processCall(ProtobufRpcEngine.java:465) [hadoop-common-3.3.4.jar:?]
	at org.apache.hadoop.ipc.ProtobufRpcEngine2$Server$ProtoBufRpcInvoker.call(ProtobufRpcEngine2.java:578) [hadoop-common-3.3.4.jar:?]
	at org.apache.hadoop.ipc.ProtobufRpcEngine2$Server$ProtoBufRpcInvoker.call(ProtobufRpcEngine2.java:556) [hadoop-common-3.3.4.jar:?]
	at org.apache.hadoop.ipc.RPC$Server.call(RPC.java:1093) [hadoop-common-3.3.4.jar:?]
	at org.apache.hadoop.ipc.Server$RpcCall.run(Server.java:1043) [hadoop-common-3.3.4.jar:?]
	at org.apache.hadoop.ipc.Server$RpcCall.run(Server.java:971) [hadoop-common-3.3.4.jar:?]
	at java.security.AccessController.doPrivileged(Native Method) ~[?:1.8.0_362]
	at javax.security.auth.Subject.doAs(Subject.java:422) [?:1.8.0_362]
	at org.apache.hadoop.security.UserGroupInformation.doAs(UserGroupInformation.java:1878) [hadoop-common-3.3.4.jar:?]
	at org.apache.hadoop.ipc.Server$Handler.run(Server.java:2976) [hadoop-common-3.3.4.jar:?]
13:39:26.878 [IPC Server handler 7 on default port 40229] ERROR OMAudit - user=runner | ip=127.0.0.1 | op=GET_FILE_STATUS {volume=volume46490, bucket=bucket73093, key=testBatchDelete/parent/childFolder/child5, dataSize=0, replicationConfig=null} | ret=FAILURE
org.apache.hadoop.ozone.om.exceptions.OMException: Unable to get file status: volume: volume46490 bucket: bucket73093 key: testBatchDelete/parent/childFolder/child5
	at org.apache.hadoop.ozone.om.KeyManagerImpl.getOzoneFileStatus(KeyManagerImpl.java:1162) ~[ozone-manager-1.4.0-SNAPSHOT.jar:?]
	at org.apache.hadoop.ozone.om.KeyManagerImpl.getFileStatus(KeyManagerImpl.java:1080) ~[ozone-manager-1.4.0-SNAPSHOT.jar:?]
	at org.apache.hadoop.ozone.om.OmMetadataReader.getFileStatus(OmMetadataReader.java:288) ~[ozone-manager-1.4.0-SNAPSHOT.jar:?]
	at org.apache.hadoop.ozone.om.OzoneManager.getFileStatus(OzoneManager.java:3450) ~[ozone-manager-1.4.0-SNAPSHOT.jar:?]
	at org.apache.hadoop.ozone.protocolPB.OzoneManagerRequestHandler.getOzoneFileStatus(OzoneManagerRequestHandler.java:933) ~[ozone-manager-1.4.0-SNAPSHOT.jar:?]
	at org.apache.hadoop.ozone.protocolPB.OzoneManagerRequestHandler.handleReadRequest(OzoneManagerRequestHandler.java:238) ~[ozone-manager-1.4.0-SNAPSHOT.jar:?]
	at org.apache.hadoop.ozone.protocolPB.OzoneManagerProtocolServerSideTranslatorPB.submitRequestDirectlyToOM(OzoneManagerProtocolServerSideTranslatorPB.java:271) ~[ozone-manager-1.4.0-SNAPSHOT.jar:?]
	at org.apache.hadoop.ozone.protocolPB.OzoneManagerProtocolServerSideTranslatorPB.processRequest(OzoneManagerProtocolServerSideTranslatorPB.java:173) ~[ozone-manager-1.4.0-SNAPSHOT.jar:?]
	at org.apache.hadoop.hdds.server.OzoneProtocolMessageDispatcher.processRequest(OzoneProtocolMessageDispatcher.java:87) [hdds-server-framework-1.4.0-SNAPSHOT.jar:?]
	at org.apache.hadoop.ozone.protocolPB.OzoneManagerProtocolServerSideTranslatorPB.submitRequest(OzoneManagerProtocolServerSideTranslatorPB.java:147) [ozone-manager-1.4.0-SNAPSHOT.jar:?]
	at org.apache.hadoop.ozone.protocol.proto.OzoneManagerProtocolProtos$OzoneManagerService$2.callBlockingMethod(OzoneManagerProtocolProtos.java) [ozone-interface-client-1.4.0-SNAPSHOT.jar:?]
	at org.apache.hadoop.ipc.ProtobufRpcEngine$Server.processCall(ProtobufRpcEngine.java:465) [hadoop-common-3.3.4.jar:?]
	at org.apache.hadoop.ipc.ProtobufRpcEngine2$Server$ProtoBufRpcInvoker.call(ProtobufRpcEngine2.java:578) [hadoop-common-3.3.4.jar:?]
	at org.apache.hadoop.ipc.ProtobufRpcEngine2$Server$ProtoBufRpcInvoker.call(ProtobufRpcEngine2.java:556) [hadoop-common-3.3.4.jar:?]
	at org.apache.hadoop.ipc.RPC$Server.call(RPC.java:1093) [hadoop-common-3.3.4.jar:?]
	at org.apache.hadoop.ipc.Server$RpcCall.run(Server.java:1043) [hadoop-common-3.3.4.jar:?]
	at org.apache.hadoop.ipc.Server$RpcCall.run(Server.java:971) [hadoop-common-3.3.4.jar:?]
	at java.security.AccessController.doPrivileged(Native Method) ~[?:1.8.0_362]
	at javax.security.auth.Subject.doAs(Subject.java:422) [?:1.8.0_362]
	at org.apache.hadoop.security.UserGroupInformation.doAs(UserGroupInformation.java:1878) [hadoop-common-3.3.4.jar:?]
	at org.apache.hadoop.ipc.Server$Handler.run(Server.java:2976) [hadoop-common-3.3.4.jar:?]
13:39:26.879 [IPC Server handler 10 on default port 40229] ERROR OMAudit - user=runner | ip=127.0.0.1 | op=GET_FILE_STATUS {volume=volume46490, bucket=bucket73093, key=testBatchDelete/parent/child6, dataSize=0, replicationConfig=null} | ret=FAILURE
org.apache.hadoop.ozone.om.exceptions.OMException: Unable to get file status: volume: volume46490 bucket: bucket73093 key: testBatchDelete/parent/child6
	at org.apache.hadoop.ozone.om.KeyManagerImpl.getOzoneFileStatus(KeyManagerImpl.java:1162) ~[ozone-manager-1.4.0-SNAPSHOT.jar:?]
	at org.apache.hadoop.ozone.om.KeyManagerImpl.getFileStatus(KeyManagerImpl.java:1080) ~[ozone-manager-1.4.0-SNAPSHOT.jar:?]
	at org.apache.hadoop.ozone.om.OmMetadataReader.getFileStatus(OmMetadataReader.java:288) ~[ozone-manager-1.4.0-SNAPSHOT.jar:?]
	at org.apache.hadoop.ozone.om.OzoneManager.getFileStatus(OzoneManager.java:3450) ~[ozone-manager-1.4.0-SNAPSHOT.jar:?]
	at org.apache.hadoop.ozone.protocolPB.OzoneManagerRequestHandler.getOzoneFileStatus(OzoneManagerRequestHandler.java:933) ~[ozone-manager-1.4.0-SNAPSHOT.jar:?]
	at org.apache.hadoop.ozone.protocolPB.OzoneManagerRequestHandler.handleReadRequest(OzoneManagerRequestHandler.java:238) ~[ozone-manager-1.4.0-SNAPSHOT.jar:?]
	at org.apache.hadoop.ozone.protocolPB.OzoneManagerProtocolServerSideTranslatorPB.submitRequestDirectlyToOM(OzoneManagerProtocolServerSideTranslatorPB.java:271) ~[ozone-manager-1.4.0-SNAPSHOT.jar:?]
	at org.apache.hadoop.ozone.protocolPB.OzoneManagerProtocolServerSideTranslatorPB.processRequest(OzoneManagerProtocolServerSideTranslatorPB.java:173) ~[ozone-manager-1.4.0-SNAPSHOT.jar:?]
	at org.apache.hadoop.hdds.server.OzoneProtocolMessageDispatcher.processRequest(OzoneProtocolMessageDispatcher.java:87) [hdds-server-framework-1.4.0-SNAPSHOT.jar:?]
	at org.apache.hadoop.ozone.protocolPB.OzoneManagerProtocolServerSideTranslatorPB.submitRequest(OzoneManagerProtocolServerSideTranslatorPB.java:147) [ozone-manager-1.4.0-SNAPSHOT.jar:?]
	at org.apache.hadoop.ozone.protocol.proto.OzoneManagerProtocolProtos$OzoneManagerService$2.callBlockingMethod(OzoneManagerProtocolProtos.java) [ozone-interface-client-1.4.0-SNAPSHOT.jar:?]
	at org.apache.hadoop.ipc.ProtobufRpcEngine$Server.processCall(ProtobufRpcEngine.java:465) [hadoop-common-3.3.4.jar:?]
	at org.apache.hadoop.ipc.ProtobufRpcEngine2$Server$ProtoBufRpcInvoker.call(ProtobufRpcEngine2.java:578) [hadoop-common-3.3.4.jar:?]
	at org.apache.hadoop.ipc.ProtobufRpcEngine2$Server$ProtoBufRpcInvoker.call(ProtobufRpcEngine2.java:556) [hadoop-common-3.3.4.jar:?]
	at org.apache.hadoop.ipc.RPC$Server.call(RPC.java:1093) [hadoop-common-3.3.4.jar:?]
	at org.apache.hadoop.ipc.Server$RpcCall.run(Server.java:1043) [hadoop-common-3.3.4.jar:?]
	at org.apache.hadoop.ipc.Server$RpcCall.run(Server.java:971) [hadoop-common-3.3.4.jar:?]
	at java.security.AccessController.doPrivileged(Native Method) ~[?:1.8.0_362]
	at javax.security.auth.Subject.doAs(Subject.java:422) [?:1.8.0_362]
	at org.apache.hadoop.security.UserGroupInformation.doAs(UserGroupInformation.java:1878) [hadoop-common-3.3.4.jar:?]
	at org.apache.hadoop.ipc.Server$Handler.run(Server.java:2976) [hadoop-common-3.3.4.jar:?]
13:39:26.881 [IPC Server handler 8 on default port 40229] ERROR OMAudit - user=runner | ip=127.0.0.1 | op=GET_FILE_STATUS {volume=volume46490, bucket=bucket73093, key=testBatchDelete/parent/childFolder/child6, dataSize=0, replicationConfig=null} | ret=FAILURE
org.apache.hadoop.ozone.om.exceptions.OMException: Unable to get file status: volume: volume46490 bucket: bucket73093 key: testBatchDelete/parent/childFolder/child6
	at org.apache.hadoop.ozone.om.KeyManagerImpl.getOzoneFileStatus(KeyManagerImpl.java:1162) ~[ozone-manager-1.4.0-SNAPSHOT.jar:?]
	at org.apache.hadoop.ozone.om.KeyManagerImpl.getFileStatus(KeyManagerImpl.java:1080) ~[ozone-manager-1.4.0-SNAPSHOT.jar:?]
	at org.apache.hadoop.ozone.om.OmMetadataReader.getFileStatus(OmMetadataReader.java:288) ~[ozone-manager-1.4.0-SNAPSHOT.jar:?]
	at org.apache.hadoop.ozone.om.OzoneManager.getFileStatus(OzoneManager.java:3450) ~[ozone-manager-1.4.0-SNAPSHOT.jar:?]
	at org.apache.hadoop.ozone.protocolPB.OzoneManagerRequestHandler.getOzoneFileStatus(OzoneManagerRequestHandler.java:933) ~[ozone-manager-1.4.0-SNAPSHOT.jar:?]
	at org.apache.hadoop.ozone.protocolPB.OzoneManagerRequestHandler.handleReadRequest(OzoneManagerRequestHandler.java:238) ~[ozone-manager-1.4.0-SNAPSHOT.jar:?]
	at org.apache.hadoop.ozone.protocolPB.OzoneManagerProtocolServerSideTranslatorPB.submitRequestDirectlyToOM(OzoneManagerProtocolServerSideTranslatorPB.java:271) ~[ozone-manager-1.4.0-SNAPSHOT.jar:?]
	at org.apache.hadoop.ozone.protocolPB.OzoneManagerProtocolServerSideTranslatorPB.processRequest(OzoneManagerProtocolServerSideTranslatorPB.java:173) ~[ozone-manager-1.4.0-SNAPSHOT.jar:?]
	at org.apache.hadoop.hdds.server.OzoneProtocolMessageDispatcher.processRequest(OzoneProtocolMessageDispatcher.java:87) [hdds-server-framework-1.4.0-SNAPSHOT.jar:?]
	at org.apache.hadoop.ozone.protocolPB.OzoneManagerProtocolServerSideTranslatorPB.submitRequest(OzoneManagerProtocolServerSideTranslatorPB.java:147) [ozone-manager-1.4.0-SNAPSHOT.jar:?]
	at org.apache.hadoop.ozone.protocol.proto.OzoneManagerProtocolProtos$OzoneManagerService$2.callBlockingMethod(OzoneManagerProtocolProtos.java) [ozone-interface-client-1.4.0-SNAPSHOT.jar:?]
	at org.apache.hadoop.ipc.ProtobufRpcEngine$Server.processCall(ProtobufRpcEngine.java:465) [hadoop-common-3.3.4.jar:?]
	at org.apache.hadoop.ipc.ProtobufRpcEngine2$Server$ProtoBufRpcInvoker.call(ProtobufRpcEngine2.java:578) [hadoop-common-3.3.4.jar:?]
	at org.apache.hadoop.ipc.ProtobufRpcEngine2$Server$ProtoBufRpcInvoker.call(ProtobufRpcEngine2.java:556) [hadoop-common-3.3.4.jar:?]
	at org.apache.hadoop.ipc.RPC$Server.call(RPC.java:1093) [hadoop-common-3.3.4.jar:?]
	at org.apache.hadoop.ipc.Server$RpcCall.run(Server.java:1043) [hadoop-common-3.3.4.jar:?]
	at org.apache.hadoop.ipc.Server$RpcCall.run(Server.java:971) [hadoop-common-3.3.4.jar:?]
	at java.security.AccessController.doPrivileged(Native Method) ~[?:1.8.0_362]
	at javax.security.auth.Subject.doAs(Subject.java:422) [?:1.8.0_362]
	at org.apache.hadoop.security.UserGroupInformation.doAs(UserGroupInformation.java:1878) [hadoop-common-3.3.4.jar:?]
	at org.apache.hadoop.ipc.Server$Handler.run(Server.java:2976) [hadoop-common-3.3.4.jar:?]
13:39:26.882 [IPC Server handler 11 on default port 40229] ERROR OMAudit - user=runner | ip=127.0.0.1 | op=GET_FILE_STATUS {volume=volume46490, bucket=bucket73093, key=testBatchDelete/parent/child7, dataSize=0, replicationConfig=null} | ret=FAILURE
org.apache.hadoop.ozone.om.exceptions.OMException: Unable to get file status: volume: volume46490 bucket: bucket73093 key: testBatchDelete/parent/child7
	at org.apache.hadoop.ozone.om.KeyManagerImpl.getOzoneFileStatus(KeyManagerImpl.java:1162) ~[ozone-manager-1.4.0-SNAPSHOT.jar:?]
	at org.apache.hadoop.ozone.om.KeyManagerImpl.getFileStatus(KeyManagerImpl.java:1080) ~[ozone-manager-1.4.0-SNAPSHOT.jar:?]
	at org.apache.hadoop.ozone.om.OmMetadataReader.getFileStatus(OmMetadataReader.java:288) ~[ozone-manager-1.4.0-SNAPSHOT.jar:?]
	at org.apache.hadoop.ozone.om.OzoneManager.getFileStatus(OzoneManager.java:3450) ~[ozone-manager-1.4.0-SNAPSHOT.jar:?]
	at org.apache.hadoop.ozone.protocolPB.OzoneManagerRequestHandler.getOzoneFileStatus(OzoneManagerRequestHandler.java:933) ~[ozone-manager-1.4.0-SNAPSHOT.jar:?]
	at org.apache.hadoop.ozone.protocolPB.OzoneManagerRequestHandler.handleReadRequest(OzoneManagerRequestHandler.java:238) ~[ozone-manager-1.4.0-SNAPSHOT.jar:?]
	at org.apache.hadoop.ozone.protocolPB.OzoneManagerProtocolServerSideTranslatorPB.submitRequestDirectlyToOM(OzoneManagerProtocolServerSideTranslatorPB.java:271) ~[ozone-manager-1.4.0-SNAPSHOT.jar:?]
	at org.apache.hadoop.ozone.protocolPB.OzoneManagerProtocolServerSideTranslatorPB.processRequest(OzoneManagerProtocolServerSideTranslatorPB.java:173) ~[ozone-manager-1.4.0-SNAPSHOT.jar:?]
	at org.apache.hadoop.hdds.server.OzoneProtocolMessageDispatcher.processRequest(OzoneProtocolMessageDispatcher.java:87) [hdds-server-framework-1.4.0-SNAPSHOT.jar:?]
	at org.apache.hadoop.ozone.protocolPB.OzoneManagerProtocolServerSideTranslatorPB.submitRequest(OzoneManagerProtocolServerSideTranslatorPB.java:147) [ozone-manager-1.4.0-SNAPSHOT.jar:?]
	at org.apache.hadoop.ozone.protocol.proto.OzoneManagerProtocolProtos$OzoneManagerService$2.callBlockingMethod(OzoneManagerProtocolProtos.java) [ozone-interface-client-1.4.0-SNAPSHOT.jar:?]
	at org.apache.hadoop.ipc.ProtobufRpcEngine$Server.processCall(ProtobufRpcEngine.java:465) [hadoop-common-3.3.4.jar:?]
	at org.apache.hadoop.ipc.ProtobufRpcEngine2$Server$ProtoBufRpcInvoker.call(ProtobufRpcEngine2.java:578) [hadoop-common-3.3.4.jar:?]
	at org.apache.hadoop.ipc.ProtobufRpcEngine2$Server$ProtoBufRpcInvoker.call(ProtobufRpcEngine2.java:556) [hadoop-common-3.3.4.jar:?]
	at org.apache.hadoop.ipc.RPC$Server.call(RPC.java:1093) [hadoop-common-3.3.4.jar:?]
	at org.apache.hadoop.ipc.Server$RpcCall.run(Server.java:1043) [hadoop-common-3.3.4.jar:?]
	at org.apache.hadoop.ipc.Server$RpcCall.run(Server.java:971) [hadoop-common-3.3.4.jar:?]
	at java.security.AccessController.doPrivileged(Native Method) ~[?:1.8.0_362]
	at javax.security.auth.Subject.doAs(Subject.java:422) [?:1.8.0_362]
	at org.apache.hadoop.security.UserGroupInformation.doAs(UserGroupInformation.java:1878) [hadoop-common-3.3.4.jar:?]
	at org.apache.hadoop.ipc.Server$Handler.run(Server.java:2976) [hadoop-common-3.3.4.jar:?]
13:39:26.882 [IPC Server handler 4 on default port 40229] ERROR OMAudit - user=runner | ip=127.0.0.1 | op=GET_FILE_STATUS {volume=volume46490, bucket=bucket73093, key=testBatchDelete/parent/childFolder/child7, dataSize=0, replicationConfig=null} | ret=FAILURE
org.apache.hadoop.ozone.om.exceptions.OMException: Unable to get file status: volume: volume46490 bucket: bucket73093 key: testBatchDelete/parent/childFolder/child7
	at org.apache.hadoop.ozone.om.KeyManagerImpl.getOzoneFileStatus(KeyManagerImpl.java:1162) ~[ozone-manager-1.4.0-SNAPSHOT.jar:?]
	at org.apache.hadoop.ozone.om.KeyManagerImpl.getFileStatus(KeyManagerImpl.java:1080) ~[ozone-manager-1.4.0-SNAPSHOT.jar:?]
	at org.apache.hadoop.ozone.om.OmMetadataReader.getFileStatus(OmMetadataReader.java:288) ~[ozone-manager-1.4.0-SNAPSHOT.jar:?]
	at org.apache.hadoop.ozone.om.OzoneManager.getFileStatus(OzoneManager.java:3450) ~[ozone-manager-1.4.0-SNAPSHOT.jar:?]
	at org.apache.hadoop.ozone.protocolPB.OzoneManagerRequestHandler.getOzoneFileStatus(OzoneManagerRequestHandler.java:933) ~[ozone-manager-1.4.0-SNAPSHOT.jar:?]
	at org.apache.hadoop.ozone.protocolPB.OzoneManagerRequestHandler.handleReadRequest(OzoneManagerRequestHandler.java:238) ~[ozone-manager-1.4.0-SNAPSHOT.jar:?]
	at org.apache.hadoop.ozone.protocolPB.OzoneManagerProtocolServerSideTranslatorPB.submitRequestDirectlyToOM(OzoneManagerProtocolServerSideTranslatorPB.java:271) ~[ozone-manager-1.4.0-SNAPSHOT.jar:?]
	at org.apache.hadoop.ozone.protocolPB.OzoneManagerProtocolServerSideTranslatorPB.processRequest(OzoneManagerProtocolServerSideTranslatorPB.java:173) ~[ozone-manager-1.4.0-SNAPSHOT.jar:?]
	at org.apache.hadoop.hdds.server.OzoneProtocolMessageDispatcher.processRequest(OzoneProtocolMessageDispatcher.java:87) [hdds-server-framework-1.4.0-SNAPSHOT.jar:?]
	at org.apache.hadoop.ozone.protocolPB.OzoneManagerProtocolServerSideTranslatorPB.submitRequest(OzoneManagerProtocolServerSideTranslatorPB.java:147) [ozone-manager-1.4.0-SNAPSHOT.jar:?]
	at org.apache.hadoop.ozone.protocol.proto.OzoneManagerProtocolProtos$OzoneManagerService$2.callBlockingMethod(OzoneManagerProtocolProtos.java) [ozone-interface-client-1.4.0-SNAPSHOT.jar:?]
	at org.apache.hadoop.ipc.ProtobufRpcEngine$Server.processCall(ProtobufRpcEngine.java:465) [hadoop-common-3.3.4.jar:?]
	at org.apache.hadoop.ipc.ProtobufRpcEngine2$Server$ProtoBufRpcInvoker.call(ProtobufRpcEngine2.java:578) [hadoop-common-3.3.4.jar:?]
	at org.apache.hadoop.ipc.ProtobufRpcEngine2$Server$ProtoBufRpcInvoker.call(ProtobufRpcEngine2.java:556) [hadoop-common-3.3.4.jar:?]
	at org.apache.hadoop.ipc.RPC$Server.call(RPC.java:1093) [hadoop-common-3.3.4.jar:?]
	at org.apache.hadoop.ipc.Server$RpcCall.run(Server.java:1043) [hadoop-common-3.3.4.jar:?]
	at org.apache.hadoop.ipc.Server$RpcCall.run(Server.java:971) [hadoop-common-3.3.4.jar:?]
	at java.security.AccessController.doPrivileged(Native Method) ~[?:1.8.0_362]
	at javax.security.auth.Subject.doAs(Subject.java:422) [?:1.8.0_362]
	at org.apache.hadoop.security.UserGroupInformation.doAs(UserGroupInformation.java:1878) [hadoop-common-3.3.4.jar:?]
	at org.apache.hadoop.ipc.Server$Handler.run(Server.java:2976) [hadoop-common-3.3.4.jar:?]
13:39:26.883 [IPC Server handler 5 on default port 40229] ERROR OMAudit - user=runner | ip=127.0.0.1 | op=GET_FILE_STATUS {volume=volume46490, bucket=bucket73093, key=testBatchDelete/parent, dataSize=0, replicationConfig=null} | ret=FAILURE
org.apache.hadoop.ozone.om.exceptions.OMException: Unable to get file status: volume: volume46490 bucket: bucket73093 key: testBatchDelete/parent
	at org.apache.hadoop.ozone.om.KeyManagerImpl.getOzoneFileStatus(KeyManagerImpl.java:1162) ~[ozone-manager-1.4.0-SNAPSHOT.jar:?]
	at org.apache.hadoop.ozone.om.KeyManagerImpl.getFileStatus(KeyManagerImpl.java:1080) ~[ozone-manager-1.4.0-SNAPSHOT.jar:?]
	at org.apache.hadoop.ozone.om.OmMetadataReader.getFileStatus(OmMetadataReader.java:288) ~[ozone-manager-1.4.0-SNAPSHOT.jar:?]
	at org.apache.hadoop.ozone.om.OzoneManager.getFileStatus(OzoneManager.java:3450) ~[ozone-manager-1.4.0-SNAPSHOT.jar:?]
	at org.apache.hadoop.ozone.protocolPB.OzoneManagerRequestHandler.getOzoneFileStatus(OzoneManagerRequestHandler.java:933) ~[ozone-manager-1.4.0-SNAPSHOT.jar:?]
	at org.apache.hadoop.ozone.protocolPB.OzoneManagerRequestHandler.handleReadRequest(OzoneManagerRequestHandler.java:238) ~[ozone-manager-1.4.0-SNAPSHOT.jar:?]
	at org.apache.hadoop.ozone.protocolPB.OzoneManagerProtocolServerSideTranslatorPB.submitRequestDirectlyToOM(OzoneManagerProtocolServerSideTranslatorPB.java:271) ~[ozone-manager-1.4.0-SNAPSHOT.jar:?]
	at org.apache.hadoop.ozone.protocolPB.OzoneManagerProtocolServerSideTranslatorPB.processRequest(OzoneManagerProtocolServerSideTranslatorPB.java:173) ~[ozone-manager-1.4.0-SNAPSHOT.jar:?]
	at org.apache.hadoop.hdds.server.OzoneProtocolMessageDispatcher.processRequest(OzoneProtocolMessageDispatcher.java:87) [hdds-server-framework-1.4.0-SNAPSHOT.jar:?]
	at org.apache.hadoop.ozone.protocolPB.OzoneManagerProtocolServerSideTranslatorPB.submitRequest(OzoneManagerProtocolServerSideTranslatorPB.java:147) [ozone-manager-1.4.0-SNAPSHOT.jar:?]
	at org.apache.hadoop.ozone.protocol.proto.OzoneManagerProtocolProtos$OzoneManagerService$2.callBlockingMethod(OzoneManagerProtocolProtos.java) [ozone-interface-client-1.4.0-SNAPSHOT.jar:?]
	at org.apache.hadoop.ipc.ProtobufRpcEngine$Server.processCall(ProtobufRpcEngine.java:465) [hadoop-common-3.3.4.jar:?]
	at org.apache.hadoop.ipc.ProtobufRpcEngine2$Server$ProtoBufRpcInvoker.call(ProtobufRpcEngine2.java:578) [hadoop-common-3.3.4.jar:?]
	at org.apache.hadoop.ipc.ProtobufRpcEngine2$Server$ProtoBufRpcInvoker.call(ProtobufRpcEngine2.java:556) [hadoop-common-3.3.4.jar:?]
	at org.apache.hadoop.ipc.RPC$Server.call(RPC.java:1093) [hadoop-common-3.3.4.jar:?]
	at org.apache.hadoop.ipc.Server$RpcCall.run(Server.java:1043) [hadoop-common-3.3.4.jar:?]
	at org.apache.hadoop.ipc.Server$RpcCall.run(Server.java:971) [hadoop-common-3.3.4.jar:?]
	at java.security.AccessController.doPrivileged(Native Method) ~[?:1.8.0_362]
	at javax.security.auth.Subject.doAs(Subject.java:422) [?:1.8.0_362]
	at org.apache.hadoop.security.UserGroupInformation.doAs(UserGroupInformation.java:1878) [hadoop-common-3.3.4.jar:?]
	at org.apache.hadoop.ipc.Server$Handler.run(Server.java:2976) [hadoop-common-3.3.4.jar:?]
2023-02-21 13:39:26,884 [Time-limited test] WARN  ozone.BasicOzoneFileSystem (BasicOzoneFileSystem.java:delete(559)) - delete: Path does not exist: /testBatchDelete/parent
]]></system-out>
  </testcase>
  <testcase name="testFileDelete" classname="TestOzoneFileSystem" time="0.112">
    <system-out><![CDATA[2023-02-21 13:40:25,368 [OM StateMachine ApplyTransaction Thread - 0] INFO  key.OMKeyRequest (OMKeyRequest.java:wrapUncommittedBlocksAsPseudoKey(837)) - Detect allocated but uncommitted blocks [{blockID={containerID=4, localID=111677748019200040}, length=4194304, offset=0, token=null, pipeline=null, createVersion=0, partNumber=0}] in key testBatchDelete/parent/child0.
2023-02-21 13:40:25,373 [OM StateMachine ApplyTransaction Thread - 0] INFO  key.OMKeyRequest (OMKeyRequest.java:wrapUncommittedBlocksAsPseudoKey(837)) - Detect allocated but uncommitted blocks [{blockID={containerID=3, localID=111677748019200041}, length=4194304, offset=0, token=null, pipeline=null, createVersion=0, partNumber=0}] in key testBatchDelete/parent/childFolder/child0.
2023-02-21 13:40:25,378 [OM StateMachine ApplyTransaction Thread - 0] INFO  key.OMKeyRequest (OMKeyRequest.java:wrapUncommittedBlocksAsPseudoKey(837)) - Detect allocated but uncommitted blocks [{blockID={containerID=2, localID=111677748019200042}, length=4194304, offset=0, token=null, pipeline=null, createVersion=0, partNumber=0}] in key testBatchDelete/parent/child1.
2023-02-21 13:40:25,383 [OM StateMachine ApplyTransaction Thread - 0] INFO  key.OMKeyRequest (OMKeyRequest.java:wrapUncommittedBlocksAsPseudoKey(837)) - Detect allocated but uncommitted blocks [{blockID={containerID=4, localID=111677748019200043}, length=4194304, offset=0, token=null, pipeline=null, createVersion=0, partNumber=0}] in key testBatchDelete/parent/childFolder/child1.
2023-02-21 13:40:25,389 [OM StateMachine ApplyTransaction Thread - 0] INFO  key.OMKeyRequest (OMKeyRequest.java:wrapUncommittedBlocksAsPseudoKey(837)) - Detect allocated but uncommitted blocks [{blockID={containerID=3, localID=111677748019200044}, length=4194304, offset=0, token=null, pipeline=null, createVersion=0, partNumber=0}] in key testBatchDelete/parent/child2.
2023-02-21 13:40:25,395 [OM StateMachine ApplyTransaction Thread - 0] INFO  key.OMKeyRequest (OMKeyRequest.java:wrapUncommittedBlocksAsPseudoKey(837)) - Detect allocated but uncommitted blocks [{blockID={containerID=1, localID=111677748019200045}, length=4194304, offset=0, token=null, pipeline=null, createVersion=0, partNumber=0}] in key testBatchDelete/parent/childFolder/child2.
2023-02-21 13:40:25,400 [OM StateMachine ApplyTransaction Thread - 0] INFO  key.OMKeyRequest (OMKeyRequest.java:wrapUncommittedBlocksAsPseudoKey(837)) - Detect allocated but uncommitted blocks [{blockID={containerID=4, localID=111677748019200046}, length=4194304, offset=0, token=null, pipeline=null, createVersion=0, partNumber=0}] in key testBatchDelete/parent/child3.
2023-02-21 13:40:25,406 [OM StateMachine ApplyTransaction Thread - 0] INFO  key.OMKeyRequest (OMKeyRequest.java:wrapUncommittedBlocksAsPseudoKey(837)) - Detect allocated but uncommitted blocks [{blockID={containerID=2, localID=111677748019200047}, length=4194304, offset=0, token=null, pipeline=null, createVersion=0, partNumber=0}] in key testBatchDelete/parent/childFolder/child3.
2023-02-21 13:40:25,410 [OM StateMachine ApplyTransaction Thread - 0] INFO  key.OMKeyRequest (OMKeyRequest.java:wrapUncommittedBlocksAsPseudoKey(837)) - Detect allocated but uncommitted blocks [{blockID={containerID=1, localID=111677748019200048}, length=4194304, offset=0, token=null, pipeline=null, createVersion=0, partNumber=0}] in key testBatchDelete/parent/child4.
2023-02-21 13:40:25,415 [OM StateMachine ApplyTransaction Thread - 0] INFO  key.OMKeyRequest (OMKeyRequest.java:wrapUncommittedBlocksAsPseudoKey(837)) - Detect allocated but uncommitted blocks [{blockID={containerID=2, localID=111677748019200049}, length=4194304, offset=0, token=null, pipeline=null, createVersion=0, partNumber=0}] in key testBatchDelete/parent/childFolder/child4.
2023-02-21 13:40:25,420 [OM StateMachine ApplyTransaction Thread - 0] INFO  key.OMKeyRequest (OMKeyRequest.java:wrapUncommittedBlocksAsPseudoKey(837)) - Detect allocated but uncommitted blocks [{blockID={containerID=3, localID=111677748019200050}, length=4194304, offset=0, token=null, pipeline=null, createVersion=0, partNumber=0}] in key testBatchDelete/parent/child5.
2023-02-21 13:40:25,425 [OM StateMachine ApplyTransaction Thread - 0] INFO  key.OMKeyRequest (OMKeyRequest.java:wrapUncommittedBlocksAsPseudoKey(837)) - Detect allocated but uncommitted blocks [{blockID={containerID=1, localID=111677748019200051}, length=4194304, offset=0, token=null, pipeline=null, createVersion=0, partNumber=0}] in key testBatchDelete/parent/childFolder/child5.
2023-02-21 13:40:25,430 [OM StateMachine ApplyTransaction Thread - 0] INFO  key.OMKeyRequest (OMKeyRequest.java:wrapUncommittedBlocksAsPseudoKey(837)) - Detect allocated but uncommitted blocks [{blockID={containerID=2, localID=111677748019200052}, length=4194304, offset=0, token=null, pipeline=null, createVersion=0, partNumber=0}] in key testBatchDelete/parent/child6.
2023-02-21 13:40:25,434 [OM StateMachine ApplyTransaction Thread - 0] INFO  key.OMKeyRequest (OMKeyRequest.java:wrapUncommittedBlocksAsPseudoKey(837)) - Detect allocated but uncommitted blocks [{blockID={containerID=4, localID=111677748019200053}, length=4194304, offset=0, token=null, pipeline=null, createVersion=0, partNumber=0}] in key testBatchDelete/parent/childFolder/child6.
2023-02-21 13:40:25,439 [OM StateMachine ApplyTransaction Thread - 0] INFO  key.OMKeyRequest (OMKeyRequest.java:wrapUncommittedBlocksAsPseudoKey(837)) - Detect allocated but uncommitted blocks [{blockID={containerID=3, localID=111677748019200054}, length=4194304, offset=0, token=null, pipeline=null, createVersion=0, partNumber=0}] in key testBatchDelete/parent/child7.
2023-02-21 13:40:25,444 [OM StateMachine ApplyTransaction Thread - 0] INFO  key.OMKeyRequest (OMKeyRequest.java:wrapUncommittedBlocksAsPseudoKey(837)) - Detect allocated but uncommitted blocks [{blockID={containerID=4, localID=111677748019200055}, length=4194304, offset=0, token=null, pipeline=null, createVersion=0, partNumber=0}] in key testBatchDelete/parent/childFolder/child7.
13:40:25.455 [IPC Server handler 12 on default port 34503] ERROR OMAudit - user=runner | ip=127.0.0.1 | op=GET_FILE_STATUS {volume=volume47855, bucket=bucket64015, key=testBatchDelete, dataSize=0, replicationConfig=null} | ret=FAILURE
org.apache.hadoop.ozone.om.exceptions.OMException: Unable to get file status: volume: volume47855 bucket: bucket64015 key: testBatchDelete
	at org.apache.hadoop.ozone.om.KeyManagerImpl.getOzoneFileStatus(KeyManagerImpl.java:1162) ~[ozone-manager-1.4.0-SNAPSHOT.jar:?]
	at org.apache.hadoop.ozone.om.KeyManagerImpl.getFileStatus(KeyManagerImpl.java:1080) ~[ozone-manager-1.4.0-SNAPSHOT.jar:?]
	at org.apache.hadoop.ozone.om.OmMetadataReader.getFileStatus(OmMetadataReader.java:288) ~[ozone-manager-1.4.0-SNAPSHOT.jar:?]
	at org.apache.hadoop.ozone.om.OzoneManager.getFileStatus(OzoneManager.java:3450) ~[ozone-manager-1.4.0-SNAPSHOT.jar:?]
	at org.apache.hadoop.ozone.protocolPB.OzoneManagerRequestHandler.getOzoneFileStatus(OzoneManagerRequestHandler.java:933) ~[ozone-manager-1.4.0-SNAPSHOT.jar:?]
	at org.apache.hadoop.ozone.protocolPB.OzoneManagerRequestHandler.handleReadRequest(OzoneManagerRequestHandler.java:238) ~[ozone-manager-1.4.0-SNAPSHOT.jar:?]
	at org.apache.hadoop.ozone.protocolPB.OzoneManagerProtocolServerSideTranslatorPB.submitReadRequestToOM(OzoneManagerProtocolServerSideTranslatorPB.java:223) ~[ozone-manager-1.4.0-SNAPSHOT.jar:?]
	at org.apache.hadoop.ozone.protocolPB.OzoneManagerProtocolServerSideTranslatorPB.processRequest(OzoneManagerProtocolServerSideTranslatorPB.java:177) ~[ozone-manager-1.4.0-SNAPSHOT.jar:?]
	at org.apache.hadoop.hdds.server.OzoneProtocolMessageDispatcher.processRequest(OzoneProtocolMessageDispatcher.java:87) [hdds-server-framework-1.4.0-SNAPSHOT.jar:?]
	at org.apache.hadoop.ozone.protocolPB.OzoneManagerProtocolServerSideTranslatorPB.submitRequest(OzoneManagerProtocolServerSideTranslatorPB.java:147) [ozone-manager-1.4.0-SNAPSHOT.jar:?]
	at org.apache.hadoop.ozone.protocol.proto.OzoneManagerProtocolProtos$OzoneManagerService$2.callBlockingMethod(OzoneManagerProtocolProtos.java) [ozone-interface-client-1.4.0-SNAPSHOT.jar:?]
	at org.apache.hadoop.ipc.ProtobufRpcEngine$Server.processCall(ProtobufRpcEngine.java:465) [hadoop-common-3.3.4.jar:?]
	at org.apache.hadoop.ipc.ProtobufRpcEngine2$Server$ProtoBufRpcInvoker.call(ProtobufRpcEngine2.java:578) [hadoop-common-3.3.4.jar:?]
	at org.apache.hadoop.ipc.ProtobufRpcEngine2$Server$ProtoBufRpcInvoker.call(ProtobufRpcEngine2.java:556) [hadoop-common-3.3.4.jar:?]
	at org.apache.hadoop.ipc.RPC$Server.call(RPC.java:1093) [hadoop-common-3.3.4.jar:?]
	at org.apache.hadoop.ipc.Server$RpcCall.run(Server.java:1043) [hadoop-common-3.3.4.jar:?]
	at org.apache.hadoop.ipc.Server$RpcCall.run(Server.java:971) [hadoop-common-3.3.4.jar:?]
	at java.security.AccessController.doPrivileged(Native Method) ~[?:1.8.0_362]
	at javax.security.auth.Subject.doAs(Subject.java:422) [?:1.8.0_362]
	at org.apache.hadoop.security.UserGroupInformation.doAs(UserGroupInformation.java:1878) [hadoop-common-3.3.4.jar:?]
	at org.apache.hadoop.ipc.Server$Handler.run(Server.java:2976) [hadoop-common-3.3.4.jar:?]
13:40:25.456 [IPC Server handler 10 on default port 34503] ERROR OMAudit - user=runner | ip=127.0.0.1 | op=GET_FILE_STATUS {volume=volume47855, bucket=bucket64015, key=testBatchDelete/parent/child0, dataSize=0, replicationConfig=null} | ret=FAILURE
org.apache.hadoop.ozone.om.exceptions.OMException: Unable to get file status: volume: volume47855 bucket: bucket64015 key: testBatchDelete/parent/child0
	at org.apache.hadoop.ozone.om.KeyManagerImpl.getOzoneFileStatus(KeyManagerImpl.java:1162) ~[ozone-manager-1.4.0-SNAPSHOT.jar:?]
	at org.apache.hadoop.ozone.om.KeyManagerImpl.getFileStatus(KeyManagerImpl.java:1080) ~[ozone-manager-1.4.0-SNAPSHOT.jar:?]
	at org.apache.hadoop.ozone.om.OmMetadataReader.getFileStatus(OmMetadataReader.java:288) ~[ozone-manager-1.4.0-SNAPSHOT.jar:?]
	at org.apache.hadoop.ozone.om.OzoneManager.getFileStatus(OzoneManager.java:3450) ~[ozone-manager-1.4.0-SNAPSHOT.jar:?]
	at org.apache.hadoop.ozone.protocolPB.OzoneManagerRequestHandler.getOzoneFileStatus(OzoneManagerRequestHandler.java:933) ~[ozone-manager-1.4.0-SNAPSHOT.jar:?]
	at org.apache.hadoop.ozone.protocolPB.OzoneManagerRequestHandler.handleReadRequest(OzoneManagerRequestHandler.java:238) ~[ozone-manager-1.4.0-SNAPSHOT.jar:?]
	at org.apache.hadoop.ozone.protocolPB.OzoneManagerProtocolServerSideTranslatorPB.submitReadRequestToOM(OzoneManagerProtocolServerSideTranslatorPB.java:223) ~[ozone-manager-1.4.0-SNAPSHOT.jar:?]
	at org.apache.hadoop.ozone.protocolPB.OzoneManagerProtocolServerSideTranslatorPB.processRequest(OzoneManagerProtocolServerSideTranslatorPB.java:177) ~[ozone-manager-1.4.0-SNAPSHOT.jar:?]
	at org.apache.hadoop.hdds.server.OzoneProtocolMessageDispatcher.processRequest(OzoneProtocolMessageDispatcher.java:87) [hdds-server-framework-1.4.0-SNAPSHOT.jar:?]
	at org.apache.hadoop.ozone.protocolPB.OzoneManagerProtocolServerSideTranslatorPB.submitRequest(OzoneManagerProtocolServerSideTranslatorPB.java:147) [ozone-manager-1.4.0-SNAPSHOT.jar:?]
	at org.apache.hadoop.ozone.protocol.proto.OzoneManagerProtocolProtos$OzoneManagerService$2.callBlockingMethod(OzoneManagerProtocolProtos.java) [ozone-interface-client-1.4.0-SNAPSHOT.jar:?]
	at org.apache.hadoop.ipc.ProtobufRpcEngine$Server.processCall(ProtobufRpcEngine.java:465) [hadoop-common-3.3.4.jar:?]
	at org.apache.hadoop.ipc.ProtobufRpcEngine2$Server$ProtoBufRpcInvoker.call(ProtobufRpcEngine2.java:578) [hadoop-common-3.3.4.jar:?]
	at org.apache.hadoop.ipc.ProtobufRpcEngine2$Server$ProtoBufRpcInvoker.call(ProtobufRpcEngine2.java:556) [hadoop-common-3.3.4.jar:?]
	at org.apache.hadoop.ipc.RPC$Server.call(RPC.java:1093) [hadoop-common-3.3.4.jar:?]
	at org.apache.hadoop.ipc.Server$RpcCall.run(Server.java:1043) [hadoop-common-3.3.4.jar:?]
	at org.apache.hadoop.ipc.Server$RpcCall.run(Server.java:971) [hadoop-common-3.3.4.jar:?]
	at java.security.AccessController.doPrivileged(Native Method) ~[?:1.8.0_362]
	at javax.security.auth.Subject.doAs(Subject.java:422) [?:1.8.0_362]
	at org.apache.hadoop.security.UserGroupInformation.doAs(UserGroupInformation.java:1878) [hadoop-common-3.3.4.jar:?]
	at org.apache.hadoop.ipc.Server$Handler.run(Server.java:2976) [hadoop-common-3.3.4.jar:?]
13:40:25.457 [IPC Server handler 4 on default port 34503] ERROR OMAudit - user=runner | ip=127.0.0.1 | op=GET_FILE_STATUS {volume=volume47855, bucket=bucket64015, key=testBatchDelete/parent/childFolder/child0, dataSize=0, replicationConfig=null} | ret=FAILURE
org.apache.hadoop.ozone.om.exceptions.OMException: Unable to get file status: volume: volume47855 bucket: bucket64015 key: testBatchDelete/parent/childFolder/child0
	at org.apache.hadoop.ozone.om.KeyManagerImpl.getOzoneFileStatus(KeyManagerImpl.java:1162) ~[ozone-manager-1.4.0-SNAPSHOT.jar:?]
	at org.apache.hadoop.ozone.om.KeyManagerImpl.getFileStatus(KeyManagerImpl.java:1080) ~[ozone-manager-1.4.0-SNAPSHOT.jar:?]
	at org.apache.hadoop.ozone.om.OmMetadataReader.getFileStatus(OmMetadataReader.java:288) ~[ozone-manager-1.4.0-SNAPSHOT.jar:?]
	at org.apache.hadoop.ozone.om.OzoneManager.getFileStatus(OzoneManager.java:3450) ~[ozone-manager-1.4.0-SNAPSHOT.jar:?]
	at org.apache.hadoop.ozone.protocolPB.OzoneManagerRequestHandler.getOzoneFileStatus(OzoneManagerRequestHandler.java:933) ~[ozone-manager-1.4.0-SNAPSHOT.jar:?]
	at org.apache.hadoop.ozone.protocolPB.OzoneManagerRequestHandler.handleReadRequest(OzoneManagerRequestHandler.java:238) ~[ozone-manager-1.4.0-SNAPSHOT.jar:?]
	at org.apache.hadoop.ozone.protocolPB.OzoneManagerProtocolServerSideTranslatorPB.submitReadRequestToOM(OzoneManagerProtocolServerSideTranslatorPB.java:223) ~[ozone-manager-1.4.0-SNAPSHOT.jar:?]
	at org.apache.hadoop.ozone.protocolPB.OzoneManagerProtocolServerSideTranslatorPB.processRequest(OzoneManagerProtocolServerSideTranslatorPB.java:177) ~[ozone-manager-1.4.0-SNAPSHOT.jar:?]
	at org.apache.hadoop.hdds.server.OzoneProtocolMessageDispatcher.processRequest(OzoneProtocolMessageDispatcher.java:87) [hdds-server-framework-1.4.0-SNAPSHOT.jar:?]
	at org.apache.hadoop.ozone.protocolPB.OzoneManagerProtocolServerSideTranslatorPB.submitRequest(OzoneManagerProtocolServerSideTranslatorPB.java:147) [ozone-manager-1.4.0-SNAPSHOT.jar:?]
	at org.apache.hadoop.ozone.protocol.proto.OzoneManagerProtocolProtos$OzoneManagerService$2.callBlockingMethod(OzoneManagerProtocolProtos.java) [ozone-interface-client-1.4.0-SNAPSHOT.jar:?]
	at org.apache.hadoop.ipc.ProtobufRpcEngine$Server.processCall(ProtobufRpcEngine.java:465) [hadoop-common-3.3.4.jar:?]
	at org.apache.hadoop.ipc.ProtobufRpcEngine2$Server$ProtoBufRpcInvoker.call(ProtobufRpcEngine2.java:578) [hadoop-common-3.3.4.jar:?]
	at org.apache.hadoop.ipc.ProtobufRpcEngine2$Server$ProtoBufRpcInvoker.call(ProtobufRpcEngine2.java:556) [hadoop-common-3.3.4.jar:?]
	at org.apache.hadoop.ipc.RPC$Server.call(RPC.java:1093) [hadoop-common-3.3.4.jar:?]
	at org.apache.hadoop.ipc.Server$RpcCall.run(Server.java:1043) [hadoop-common-3.3.4.jar:?]
	at org.apache.hadoop.ipc.Server$RpcCall.run(Server.java:971) [hadoop-common-3.3.4.jar:?]
	at java.security.AccessController.doPrivileged(Native Method) ~[?:1.8.0_362]
	at javax.security.auth.Subject.doAs(Subject.java:422) [?:1.8.0_362]
	at org.apache.hadoop.security.UserGroupInformation.doAs(UserGroupInformation.java:1878) [hadoop-common-3.3.4.jar:?]
	at org.apache.hadoop.ipc.Server$Handler.run(Server.java:2976) [hadoop-common-3.3.4.jar:?]
13:40:25.457 [IPC Server handler 6 on default port 34503] ERROR OMAudit - user=runner | ip=127.0.0.1 | op=GET_FILE_STATUS {volume=volume47855, bucket=bucket64015, key=testBatchDelete/parent/child1, dataSize=0, replicationConfig=null} | ret=FAILURE
org.apache.hadoop.ozone.om.exceptions.OMException: Unable to get file status: volume: volume47855 bucket: bucket64015 key: testBatchDelete/parent/child1
	at org.apache.hadoop.ozone.om.KeyManagerImpl.getOzoneFileStatus(KeyManagerImpl.java:1162) ~[ozone-manager-1.4.0-SNAPSHOT.jar:?]
	at org.apache.hadoop.ozone.om.KeyManagerImpl.getFileStatus(KeyManagerImpl.java:1080) ~[ozone-manager-1.4.0-SNAPSHOT.jar:?]
	at org.apache.hadoop.ozone.om.OmMetadataReader.getFileStatus(OmMetadataReader.java:288) ~[ozone-manager-1.4.0-SNAPSHOT.jar:?]
	at org.apache.hadoop.ozone.om.OzoneManager.getFileStatus(OzoneManager.java:3450) ~[ozone-manager-1.4.0-SNAPSHOT.jar:?]
	at org.apache.hadoop.ozone.protocolPB.OzoneManagerRequestHandler.getOzoneFileStatus(OzoneManagerRequestHandler.java:933) ~[ozone-manager-1.4.0-SNAPSHOT.jar:?]
	at org.apache.hadoop.ozone.protocolPB.OzoneManagerRequestHandler.handleReadRequest(OzoneManagerRequestHandler.java:238) ~[ozone-manager-1.4.0-SNAPSHOT.jar:?]
	at org.apache.hadoop.ozone.protocolPB.OzoneManagerProtocolServerSideTranslatorPB.submitReadRequestToOM(OzoneManagerProtocolServerSideTranslatorPB.java:223) ~[ozone-manager-1.4.0-SNAPSHOT.jar:?]
	at org.apache.hadoop.ozone.protocolPB.OzoneManagerProtocolServerSideTranslatorPB.processRequest(OzoneManagerProtocolServerSideTranslatorPB.java:177) ~[ozone-manager-1.4.0-SNAPSHOT.jar:?]
	at org.apache.hadoop.hdds.server.OzoneProtocolMessageDispatcher.processRequest(OzoneProtocolMessageDispatcher.java:87) [hdds-server-framework-1.4.0-SNAPSHOT.jar:?]
	at org.apache.hadoop.ozone.protocolPB.OzoneManagerProtocolServerSideTranslatorPB.submitRequest(OzoneManagerProtocolServerSideTranslatorPB.java:147) [ozone-manager-1.4.0-SNAPSHOT.jar:?]
	at org.apache.hadoop.ozone.protocol.proto.OzoneManagerProtocolProtos$OzoneManagerService$2.callBlockingMethod(OzoneManagerProtocolProtos.java) [ozone-interface-client-1.4.0-SNAPSHOT.jar:?]
	at org.apache.hadoop.ipc.ProtobufRpcEngine$Server.processCall(ProtobufRpcEngine.java:465) [hadoop-common-3.3.4.jar:?]
	at org.apache.hadoop.ipc.ProtobufRpcEngine2$Server$ProtoBufRpcInvoker.call(ProtobufRpcEngine2.java:578) [hadoop-common-3.3.4.jar:?]
	at org.apache.hadoop.ipc.ProtobufRpcEngine2$Server$ProtoBufRpcInvoker.call(ProtobufRpcEngine2.java:556) [hadoop-common-3.3.4.jar:?]
	at org.apache.hadoop.ipc.RPC$Server.call(RPC.java:1093) [hadoop-common-3.3.4.jar:?]
	at org.apache.hadoop.ipc.Server$RpcCall.run(Server.java:1043) [hadoop-common-3.3.4.jar:?]
	at org.apache.hadoop.ipc.Server$RpcCall.run(Server.java:971) [hadoop-common-3.3.4.jar:?]
	at java.security.AccessController.doPrivileged(Native Method) ~[?:1.8.0_362]
	at javax.security.auth.Subject.doAs(Subject.java:422) [?:1.8.0_362]
	at org.apache.hadoop.security.UserGroupInformation.doAs(UserGroupInformation.java:1878) [hadoop-common-3.3.4.jar:?]
	at org.apache.hadoop.ipc.Server$Handler.run(Server.java:2976) [hadoop-common-3.3.4.jar:?]
13:40:25.458 [IPC Server handler 13 on default port 34503] ERROR OMAudit - user=runner | ip=127.0.0.1 | op=GET_FILE_STATUS {volume=volume47855, bucket=bucket64015, key=testBatchDelete/parent/childFolder/child1, dataSize=0, replicationConfig=null} | ret=FAILURE
org.apache.hadoop.ozone.om.exceptions.OMException: Unable to get file status: volume: volume47855 bucket: bucket64015 key: testBatchDelete/parent/childFolder/child1
	at org.apache.hadoop.ozone.om.KeyManagerImpl.getOzoneFileStatus(KeyManagerImpl.java:1162) ~[ozone-manager-1.4.0-SNAPSHOT.jar:?]
	at org.apache.hadoop.ozone.om.KeyManagerImpl.getFileStatus(KeyManagerImpl.java:1080) ~[ozone-manager-1.4.0-SNAPSHOT.jar:?]
	at org.apache.hadoop.ozone.om.OmMetadataReader.getFileStatus(OmMetadataReader.java:288) ~[ozone-manager-1.4.0-SNAPSHOT.jar:?]
	at org.apache.hadoop.ozone.om.OzoneManager.getFileStatus(OzoneManager.java:3450) ~[ozone-manager-1.4.0-SNAPSHOT.jar:?]
	at org.apache.hadoop.ozone.protocolPB.OzoneManagerRequestHandler.getOzoneFileStatus(OzoneManagerRequestHandler.java:933) ~[ozone-manager-1.4.0-SNAPSHOT.jar:?]
	at org.apache.hadoop.ozone.protocolPB.OzoneManagerRequestHandler.handleReadRequest(OzoneManagerRequestHandler.java:238) ~[ozone-manager-1.4.0-SNAPSHOT.jar:?]
	at org.apache.hadoop.ozone.protocolPB.OzoneManagerProtocolServerSideTranslatorPB.submitReadRequestToOM(OzoneManagerProtocolServerSideTranslatorPB.java:223) ~[ozone-manager-1.4.0-SNAPSHOT.jar:?]
	at org.apache.hadoop.ozone.protocolPB.OzoneManagerProtocolServerSideTranslatorPB.processRequest(OzoneManagerProtocolServerSideTranslatorPB.java:177) ~[ozone-manager-1.4.0-SNAPSHOT.jar:?]
	at org.apache.hadoop.hdds.server.OzoneProtocolMessageDispatcher.processRequest(OzoneProtocolMessageDispatcher.java:87) [hdds-server-framework-1.4.0-SNAPSHOT.jar:?]
	at org.apache.hadoop.ozone.protocolPB.OzoneManagerProtocolServerSideTranslatorPB.submitRequest(OzoneManagerProtocolServerSideTranslatorPB.java:147) [ozone-manager-1.4.0-SNAPSHOT.jar:?]
	at org.apache.hadoop.ozone.protocol.proto.OzoneManagerProtocolProtos$OzoneManagerService$2.callBlockingMethod(OzoneManagerProtocolProtos.java) [ozone-interface-client-1.4.0-SNAPSHOT.jar:?]
	at org.apache.hadoop.ipc.ProtobufRpcEngine$Server.processCall(ProtobufRpcEngine.java:465) [hadoop-common-3.3.4.jar:?]
	at org.apache.hadoop.ipc.ProtobufRpcEngine2$Server$ProtoBufRpcInvoker.call(ProtobufRpcEngine2.java:578) [hadoop-common-3.3.4.jar:?]
	at org.apache.hadoop.ipc.ProtobufRpcEngine2$Server$ProtoBufRpcInvoker.call(ProtobufRpcEngine2.java:556) [hadoop-common-3.3.4.jar:?]
	at org.apache.hadoop.ipc.RPC$Server.call(RPC.java:1093) [hadoop-common-3.3.4.jar:?]
	at org.apache.hadoop.ipc.Server$RpcCall.run(Server.java:1043) [hadoop-common-3.3.4.jar:?]
	at org.apache.hadoop.ipc.Server$RpcCall.run(Server.java:971) [hadoop-common-3.3.4.jar:?]
	at java.security.AccessController.doPrivileged(Native Method) ~[?:1.8.0_362]
	at javax.security.auth.Subject.doAs(Subject.java:422) [?:1.8.0_362]
	at org.apache.hadoop.security.UserGroupInformation.doAs(UserGroupInformation.java:1878) [hadoop-common-3.3.4.jar:?]
	at org.apache.hadoop.ipc.Server$Handler.run(Server.java:2976) [hadoop-common-3.3.4.jar:?]
13:40:25.459 [IPC Server handler 16 on default port 34503] ERROR OMAudit - user=runner | ip=127.0.0.1 | op=GET_FILE_STATUS {volume=volume47855, bucket=bucket64015, key=testBatchDelete/parent/child2, dataSize=0, replicationConfig=null} | ret=FAILURE
org.apache.hadoop.ozone.om.exceptions.OMException: Unable to get file status: volume: volume47855 bucket: bucket64015 key: testBatchDelete/parent/child2
	at org.apache.hadoop.ozone.om.KeyManagerImpl.getOzoneFileStatus(KeyManagerImpl.java:1162) ~[ozone-manager-1.4.0-SNAPSHOT.jar:?]
	at org.apache.hadoop.ozone.om.KeyManagerImpl.getFileStatus(KeyManagerImpl.java:1080) ~[ozone-manager-1.4.0-SNAPSHOT.jar:?]
	at org.apache.hadoop.ozone.om.OmMetadataReader.getFileStatus(OmMetadataReader.java:288) ~[ozone-manager-1.4.0-SNAPSHOT.jar:?]
	at org.apache.hadoop.ozone.om.OzoneManager.getFileStatus(OzoneManager.java:3450) ~[ozone-manager-1.4.0-SNAPSHOT.jar:?]
	at org.apache.hadoop.ozone.protocolPB.OzoneManagerRequestHandler.getOzoneFileStatus(OzoneManagerRequestHandler.java:933) ~[ozone-manager-1.4.0-SNAPSHOT.jar:?]
	at org.apache.hadoop.ozone.protocolPB.OzoneManagerRequestHandler.handleReadRequest(OzoneManagerRequestHandler.java:238) ~[ozone-manager-1.4.0-SNAPSHOT.jar:?]
	at org.apache.hadoop.ozone.protocolPB.OzoneManagerProtocolServerSideTranslatorPB.submitReadRequestToOM(OzoneManagerProtocolServerSideTranslatorPB.java:223) ~[ozone-manager-1.4.0-SNAPSHOT.jar:?]
	at org.apache.hadoop.ozone.protocolPB.OzoneManagerProtocolServerSideTranslatorPB.processRequest(OzoneManagerProtocolServerSideTranslatorPB.java:177) ~[ozone-manager-1.4.0-SNAPSHOT.jar:?]
	at org.apache.hadoop.hdds.server.OzoneProtocolMessageDispatcher.processRequest(OzoneProtocolMessageDispatcher.java:87) [hdds-server-framework-1.4.0-SNAPSHOT.jar:?]
	at org.apache.hadoop.ozone.protocolPB.OzoneManagerProtocolServerSideTranslatorPB.submitRequest(OzoneManagerProtocolServerSideTranslatorPB.java:147) [ozone-manager-1.4.0-SNAPSHOT.jar:?]
	at org.apache.hadoop.ozone.protocol.proto.OzoneManagerProtocolProtos$OzoneManagerService$2.callBlockingMethod(OzoneManagerProtocolProtos.java) [ozone-interface-client-1.4.0-SNAPSHOT.jar:?]
	at org.apache.hadoop.ipc.ProtobufRpcEngine$Server.processCall(ProtobufRpcEngine.java:465) [hadoop-common-3.3.4.jar:?]
	at org.apache.hadoop.ipc.ProtobufRpcEngine2$Server$ProtoBufRpcInvoker.call(ProtobufRpcEngine2.java:578) [hadoop-common-3.3.4.jar:?]
	at org.apache.hadoop.ipc.ProtobufRpcEngine2$Server$ProtoBufRpcInvoker.call(ProtobufRpcEngine2.java:556) [hadoop-common-3.3.4.jar:?]
	at org.apache.hadoop.ipc.RPC$Server.call(RPC.java:1093) [hadoop-common-3.3.4.jar:?]
	at org.apache.hadoop.ipc.Server$RpcCall.run(Server.java:1043) [hadoop-common-3.3.4.jar:?]
	at org.apache.hadoop.ipc.Server$RpcCall.run(Server.java:971) [hadoop-common-3.3.4.jar:?]
	at java.security.AccessController.doPrivileged(Native Method) ~[?:1.8.0_362]
	at javax.security.auth.Subject.doAs(Subject.java:422) [?:1.8.0_362]
	at org.apache.hadoop.security.UserGroupInformation.doAs(UserGroupInformation.java:1878) [hadoop-common-3.3.4.jar:?]
	at org.apache.hadoop.ipc.Server$Handler.run(Server.java:2976) [hadoop-common-3.3.4.jar:?]
13:40:25.460 [IPC Server handler 19 on default port 34503] ERROR OMAudit - user=runner | ip=127.0.0.1 | op=GET_FILE_STATUS {volume=volume47855, bucket=bucket64015, key=testBatchDelete/parent/childFolder/child2, dataSize=0, replicationConfig=null} | ret=FAILURE
org.apache.hadoop.ozone.om.exceptions.OMException: Unable to get file status: volume: volume47855 bucket: bucket64015 key: testBatchDelete/parent/childFolder/child2
	at org.apache.hadoop.ozone.om.KeyManagerImpl.getOzoneFileStatus(KeyManagerImpl.java:1162) ~[ozone-manager-1.4.0-SNAPSHOT.jar:?]
	at org.apache.hadoop.ozone.om.KeyManagerImpl.getFileStatus(KeyManagerImpl.java:1080) ~[ozone-manager-1.4.0-SNAPSHOT.jar:?]
	at org.apache.hadoop.ozone.om.OmMetadataReader.getFileStatus(OmMetadataReader.java:288) ~[ozone-manager-1.4.0-SNAPSHOT.jar:?]
	at org.apache.hadoop.ozone.om.OzoneManager.getFileStatus(OzoneManager.java:3450) ~[ozone-manager-1.4.0-SNAPSHOT.jar:?]
	at org.apache.hadoop.ozone.protocolPB.OzoneManagerRequestHandler.getOzoneFileStatus(OzoneManagerRequestHandler.java:933) ~[ozone-manager-1.4.0-SNAPSHOT.jar:?]
	at org.apache.hadoop.ozone.protocolPB.OzoneManagerRequestHandler.handleReadRequest(OzoneManagerRequestHandler.java:238) ~[ozone-manager-1.4.0-SNAPSHOT.jar:?]
	at org.apache.hadoop.ozone.protocolPB.OzoneManagerProtocolServerSideTranslatorPB.submitReadRequestToOM(OzoneManagerProtocolServerSideTranslatorPB.java:223) ~[ozone-manager-1.4.0-SNAPSHOT.jar:?]
	at org.apache.hadoop.ozone.protocolPB.OzoneManagerProtocolServerSideTranslatorPB.processRequest(OzoneManagerProtocolServerSideTranslatorPB.java:177) ~[ozone-manager-1.4.0-SNAPSHOT.jar:?]
	at org.apache.hadoop.hdds.server.OzoneProtocolMessageDispatcher.processRequest(OzoneProtocolMessageDispatcher.java:87) [hdds-server-framework-1.4.0-SNAPSHOT.jar:?]
	at org.apache.hadoop.ozone.protocolPB.OzoneManagerProtocolServerSideTranslatorPB.submitRequest(OzoneManagerProtocolServerSideTranslatorPB.java:147) [ozone-manager-1.4.0-SNAPSHOT.jar:?]
	at org.apache.hadoop.ozone.protocol.proto.OzoneManagerProtocolProtos$OzoneManagerService$2.callBlockingMethod(OzoneManagerProtocolProtos.java) [ozone-interface-client-1.4.0-SNAPSHOT.jar:?]
	at org.apache.hadoop.ipc.ProtobufRpcEngine$Server.processCall(ProtobufRpcEngine.java:465) [hadoop-common-3.3.4.jar:?]
	at org.apache.hadoop.ipc.ProtobufRpcEngine2$Server$ProtoBufRpcInvoker.call(ProtobufRpcEngine2.java:578) [hadoop-common-3.3.4.jar:?]
	at org.apache.hadoop.ipc.ProtobufRpcEngine2$Server$ProtoBufRpcInvoker.call(ProtobufRpcEngine2.java:556) [hadoop-common-3.3.4.jar:?]
	at org.apache.hadoop.ipc.RPC$Server.call(RPC.java:1093) [hadoop-common-3.3.4.jar:?]
	at org.apache.hadoop.ipc.Server$RpcCall.run(Server.java:1043) [hadoop-common-3.3.4.jar:?]
	at org.apache.hadoop.ipc.Server$RpcCall.run(Server.java:971) [hadoop-common-3.3.4.jar:?]
	at java.security.AccessController.doPrivileged(Native Method) ~[?:1.8.0_362]
	at javax.security.auth.Subject.doAs(Subject.java:422) [?:1.8.0_362]
	at org.apache.hadoop.security.UserGroupInformation.doAs(UserGroupInformation.java:1878) [hadoop-common-3.3.4.jar:?]
	at org.apache.hadoop.ipc.Server$Handler.run(Server.java:2976) [hadoop-common-3.3.4.jar:?]
13:40:25.460 [IPC Server handler 2 on default port 34503] ERROR OMAudit - user=runner | ip=127.0.0.1 | op=GET_FILE_STATUS {volume=volume47855, bucket=bucket64015, key=testBatchDelete/parent/child3, dataSize=0, replicationConfig=null} | ret=FAILURE
org.apache.hadoop.ozone.om.exceptions.OMException: Unable to get file status: volume: volume47855 bucket: bucket64015 key: testBatchDelete/parent/child3
	at org.apache.hadoop.ozone.om.KeyManagerImpl.getOzoneFileStatus(KeyManagerImpl.java:1162) ~[ozone-manager-1.4.0-SNAPSHOT.jar:?]
	at org.apache.hadoop.ozone.om.KeyManagerImpl.getFileStatus(KeyManagerImpl.java:1080) ~[ozone-manager-1.4.0-SNAPSHOT.jar:?]
	at org.apache.hadoop.ozone.om.OmMetadataReader.getFileStatus(OmMetadataReader.java:288) ~[ozone-manager-1.4.0-SNAPSHOT.jar:?]
	at org.apache.hadoop.ozone.om.OzoneManager.getFileStatus(OzoneManager.java:3450) ~[ozone-manager-1.4.0-SNAPSHOT.jar:?]
	at org.apache.hadoop.ozone.protocolPB.OzoneManagerRequestHandler.getOzoneFileStatus(OzoneManagerRequestHandler.java:933) ~[ozone-manager-1.4.0-SNAPSHOT.jar:?]
	at org.apache.hadoop.ozone.protocolPB.OzoneManagerRequestHandler.handleReadRequest(OzoneManagerRequestHandler.java:238) ~[ozone-manager-1.4.0-SNAPSHOT.jar:?]
	at org.apache.hadoop.ozone.protocolPB.OzoneManagerProtocolServerSideTranslatorPB.submitReadRequestToOM(OzoneManagerProtocolServerSideTranslatorPB.java:223) ~[ozone-manager-1.4.0-SNAPSHOT.jar:?]
	at org.apache.hadoop.ozone.protocolPB.OzoneManagerProtocolServerSideTranslatorPB.processRequest(OzoneManagerProtocolServerSideTranslatorPB.java:177) ~[ozone-manager-1.4.0-SNAPSHOT.jar:?]
	at org.apache.hadoop.hdds.server.OzoneProtocolMessageDispatcher.processRequest(OzoneProtocolMessageDispatcher.java:87) [hdds-server-framework-1.4.0-SNAPSHOT.jar:?]
	at org.apache.hadoop.ozone.protocolPB.OzoneManagerProtocolServerSideTranslatorPB.submitRequest(OzoneManagerProtocolServerSideTranslatorPB.java:147) [ozone-manager-1.4.0-SNAPSHOT.jar:?]
	at org.apache.hadoop.ozone.protocol.proto.OzoneManagerProtocolProtos$OzoneManagerService$2.callBlockingMethod(OzoneManagerProtocolProtos.java) [ozone-interface-client-1.4.0-SNAPSHOT.jar:?]
	at org.apache.hadoop.ipc.ProtobufRpcEngine$Server.processCall(ProtobufRpcEngine.java:465) [hadoop-common-3.3.4.jar:?]
	at org.apache.hadoop.ipc.ProtobufRpcEngine2$Server$ProtoBufRpcInvoker.call(ProtobufRpcEngine2.java:578) [hadoop-common-3.3.4.jar:?]
	at org.apache.hadoop.ipc.ProtobufRpcEngine2$Server$ProtoBufRpcInvoker.call(ProtobufRpcEngine2.java:556) [hadoop-common-3.3.4.jar:?]
	at org.apache.hadoop.ipc.RPC$Server.call(RPC.java:1093) [hadoop-common-3.3.4.jar:?]
	at org.apache.hadoop.ipc.Server$RpcCall.run(Server.java:1043) [hadoop-common-3.3.4.jar:?]
	at org.apache.hadoop.ipc.Server$RpcCall.run(Server.java:971) [hadoop-common-3.3.4.jar:?]
	at java.security.AccessController.doPrivileged(Native Method) ~[?:1.8.0_362]
	at javax.security.auth.Subject.doAs(Subject.java:422) [?:1.8.0_362]
	at org.apache.hadoop.security.UserGroupInformation.doAs(UserGroupInformation.java:1878) [hadoop-common-3.3.4.jar:?]
	at org.apache.hadoop.ipc.Server$Handler.run(Server.java:2976) [hadoop-common-3.3.4.jar:?]
13:40:25.461 [IPC Server handler 1 on default port 34503] ERROR OMAudit - user=runner | ip=127.0.0.1 | op=GET_FILE_STATUS {volume=volume47855, bucket=bucket64015, key=testBatchDelete/parent/childFolder/child3, dataSize=0, replicationConfig=null} | ret=FAILURE
org.apache.hadoop.ozone.om.exceptions.OMException: Unable to get file status: volume: volume47855 bucket: bucket64015 key: testBatchDelete/parent/childFolder/child3
	at org.apache.hadoop.ozone.om.KeyManagerImpl.getOzoneFileStatus(KeyManagerImpl.java:1162) ~[ozone-manager-1.4.0-SNAPSHOT.jar:?]
	at org.apache.hadoop.ozone.om.KeyManagerImpl.getFileStatus(KeyManagerImpl.java:1080) ~[ozone-manager-1.4.0-SNAPSHOT.jar:?]
	at org.apache.hadoop.ozone.om.OmMetadataReader.getFileStatus(OmMetadataReader.java:288) ~[ozone-manager-1.4.0-SNAPSHOT.jar:?]
	at org.apache.hadoop.ozone.om.OzoneManager.getFileStatus(OzoneManager.java:3450) ~[ozone-manager-1.4.0-SNAPSHOT.jar:?]
	at org.apache.hadoop.ozone.protocolPB.OzoneManagerRequestHandler.getOzoneFileStatus(OzoneManagerRequestHandler.java:933) ~[ozone-manager-1.4.0-SNAPSHOT.jar:?]
	at org.apache.hadoop.ozone.protocolPB.OzoneManagerRequestHandler.handleReadRequest(OzoneManagerRequestHandler.java:238) ~[ozone-manager-1.4.0-SNAPSHOT.jar:?]
	at org.apache.hadoop.ozone.protocolPB.OzoneManagerProtocolServerSideTranslatorPB.submitReadRequestToOM(OzoneManagerProtocolServerSideTranslatorPB.java:223) ~[ozone-manager-1.4.0-SNAPSHOT.jar:?]
	at org.apache.hadoop.ozone.protocolPB.OzoneManagerProtocolServerSideTranslatorPB.processRequest(OzoneManagerProtocolServerSideTranslatorPB.java:177) ~[ozone-manager-1.4.0-SNAPSHOT.jar:?]
	at org.apache.hadoop.hdds.server.OzoneProtocolMessageDispatcher.processRequest(OzoneProtocolMessageDispatcher.java:87) [hdds-server-framework-1.4.0-SNAPSHOT.jar:?]
	at org.apache.hadoop.ozone.protocolPB.OzoneManagerProtocolServerSideTranslatorPB.submitRequest(OzoneManagerProtocolServerSideTranslatorPB.java:147) [ozone-manager-1.4.0-SNAPSHOT.jar:?]
	at org.apache.hadoop.ozone.protocol.proto.OzoneManagerProtocolProtos$OzoneManagerService$2.callBlockingMethod(OzoneManagerProtocolProtos.java) [ozone-interface-client-1.4.0-SNAPSHOT.jar:?]
	at org.apache.hadoop.ipc.ProtobufRpcEngine$Server.processCall(ProtobufRpcEngine.java:465) [hadoop-common-3.3.4.jar:?]
	at org.apache.hadoop.ipc.ProtobufRpcEngine2$Server$ProtoBufRpcInvoker.call(ProtobufRpcEngine2.java:578) [hadoop-common-3.3.4.jar:?]
	at org.apache.hadoop.ipc.ProtobufRpcEngine2$Server$ProtoBufRpcInvoker.call(ProtobufRpcEngine2.java:556) [hadoop-common-3.3.4.jar:?]
	at org.apache.hadoop.ipc.RPC$Server.call(RPC.java:1093) [hadoop-common-3.3.4.jar:?]
	at org.apache.hadoop.ipc.Server$RpcCall.run(Server.java:1043) [hadoop-common-3.3.4.jar:?]
	at org.apache.hadoop.ipc.Server$RpcCall.run(Server.java:971) [hadoop-common-3.3.4.jar:?]
	at java.security.AccessController.doPrivileged(Native Method) ~[?:1.8.0_362]
	at javax.security.auth.Subject.doAs(Subject.java:422) [?:1.8.0_362]
	at org.apache.hadoop.security.UserGroupInformation.doAs(UserGroupInformation.java:1878) [hadoop-common-3.3.4.jar:?]
	at org.apache.hadoop.ipc.Server$Handler.run(Server.java:2976) [hadoop-common-3.3.4.jar:?]
13:40:25.462 [IPC Server handler 3 on default port 34503] ERROR OMAudit - user=runner | ip=127.0.0.1 | op=GET_FILE_STATUS {volume=volume47855, bucket=bucket64015, key=testBatchDelete/parent/child4, dataSize=0, replicationConfig=null} | ret=FAILURE
org.apache.hadoop.ozone.om.exceptions.OMException: Unable to get file status: volume: volume47855 bucket: bucket64015 key: testBatchDelete/parent/child4
	at org.apache.hadoop.ozone.om.KeyManagerImpl.getOzoneFileStatus(KeyManagerImpl.java:1162) ~[ozone-manager-1.4.0-SNAPSHOT.jar:?]
	at org.apache.hadoop.ozone.om.KeyManagerImpl.getFileStatus(KeyManagerImpl.java:1080) ~[ozone-manager-1.4.0-SNAPSHOT.jar:?]
	at org.apache.hadoop.ozone.om.OmMetadataReader.getFileStatus(OmMetadataReader.java:288) ~[ozone-manager-1.4.0-SNAPSHOT.jar:?]
	at org.apache.hadoop.ozone.om.OzoneManager.getFileStatus(OzoneManager.java:3450) ~[ozone-manager-1.4.0-SNAPSHOT.jar:?]
	at org.apache.hadoop.ozone.protocolPB.OzoneManagerRequestHandler.getOzoneFileStatus(OzoneManagerRequestHandler.java:933) ~[ozone-manager-1.4.0-SNAPSHOT.jar:?]
	at org.apache.hadoop.ozone.protocolPB.OzoneManagerRequestHandler.handleReadRequest(OzoneManagerRequestHandler.java:238) ~[ozone-manager-1.4.0-SNAPSHOT.jar:?]
	at org.apache.hadoop.ozone.protocolPB.OzoneManagerProtocolServerSideTranslatorPB.submitReadRequestToOM(OzoneManagerProtocolServerSideTranslatorPB.java:223) ~[ozone-manager-1.4.0-SNAPSHOT.jar:?]
	at org.apache.hadoop.ozone.protocolPB.OzoneManagerProtocolServerSideTranslatorPB.processRequest(OzoneManagerProtocolServerSideTranslatorPB.java:177) ~[ozone-manager-1.4.0-SNAPSHOT.jar:?]
	at org.apache.hadoop.hdds.server.OzoneProtocolMessageDispatcher.processRequest(OzoneProtocolMessageDispatcher.java:87) [hdds-server-framework-1.4.0-SNAPSHOT.jar:?]
	at org.apache.hadoop.ozone.protocolPB.OzoneManagerProtocolServerSideTranslatorPB.submitRequest(OzoneManagerProtocolServerSideTranslatorPB.java:147) [ozone-manager-1.4.0-SNAPSHOT.jar:?]
	at org.apache.hadoop.ozone.protocol.proto.OzoneManagerProtocolProtos$OzoneManagerService$2.callBlockingMethod(OzoneManagerProtocolProtos.java) [ozone-interface-client-1.4.0-SNAPSHOT.jar:?]
	at org.apache.hadoop.ipc.ProtobufRpcEngine$Server.processCall(ProtobufRpcEngine.java:465) [hadoop-common-3.3.4.jar:?]
	at org.apache.hadoop.ipc.ProtobufRpcEngine2$Server$ProtoBufRpcInvoker.call(ProtobufRpcEngine2.java:578) [hadoop-common-3.3.4.jar:?]
	at org.apache.hadoop.ipc.ProtobufRpcEngine2$Server$ProtoBufRpcInvoker.call(ProtobufRpcEngine2.java:556) [hadoop-common-3.3.4.jar:?]
	at org.apache.hadoop.ipc.RPC$Server.call(RPC.java:1093) [hadoop-common-3.3.4.jar:?]
	at org.apache.hadoop.ipc.Server$RpcCall.run(Server.java:1043) [hadoop-common-3.3.4.jar:?]
	at org.apache.hadoop.ipc.Server$RpcCall.run(Server.java:971) [hadoop-common-3.3.4.jar:?]
	at java.security.AccessController.doPrivileged(Native Method) ~[?:1.8.0_362]
	at javax.security.auth.Subject.doAs(Subject.java:422) [?:1.8.0_362]
	at org.apache.hadoop.security.UserGroupInformation.doAs(UserGroupInformation.java:1878) [hadoop-common-3.3.4.jar:?]
	at org.apache.hadoop.ipc.Server$Handler.run(Server.java:2976) [hadoop-common-3.3.4.jar:?]
13:40:25.463 [IPC Server handler 0 on default port 34503] ERROR OMAudit - user=runner | ip=127.0.0.1 | op=GET_FILE_STATUS {volume=volume47855, bucket=bucket64015, key=testBatchDelete/parent/childFolder/child4, dataSize=0, replicationConfig=null} | ret=FAILURE
org.apache.hadoop.ozone.om.exceptions.OMException: Unable to get file status: volume: volume47855 bucket: bucket64015 key: testBatchDelete/parent/childFolder/child4
	at org.apache.hadoop.ozone.om.KeyManagerImpl.getOzoneFileStatus(KeyManagerImpl.java:1162) ~[ozone-manager-1.4.0-SNAPSHOT.jar:?]
	at org.apache.hadoop.ozone.om.KeyManagerImpl.getFileStatus(KeyManagerImpl.java:1080) ~[ozone-manager-1.4.0-SNAPSHOT.jar:?]
	at org.apache.hadoop.ozone.om.OmMetadataReader.getFileStatus(OmMetadataReader.java:288) ~[ozone-manager-1.4.0-SNAPSHOT.jar:?]
	at org.apache.hadoop.ozone.om.OzoneManager.getFileStatus(OzoneManager.java:3450) ~[ozone-manager-1.4.0-SNAPSHOT.jar:?]
	at org.apache.hadoop.ozone.protocolPB.OzoneManagerRequestHandler.getOzoneFileStatus(OzoneManagerRequestHandler.java:933) ~[ozone-manager-1.4.0-SNAPSHOT.jar:?]
	at org.apache.hadoop.ozone.protocolPB.OzoneManagerRequestHandler.handleReadRequest(OzoneManagerRequestHandler.java:238) ~[ozone-manager-1.4.0-SNAPSHOT.jar:?]
	at org.apache.hadoop.ozone.protocolPB.OzoneManagerProtocolServerSideTranslatorPB.submitReadRequestToOM(OzoneManagerProtocolServerSideTranslatorPB.java:223) ~[ozone-manager-1.4.0-SNAPSHOT.jar:?]
	at org.apache.hadoop.ozone.protocolPB.OzoneManagerProtocolServerSideTranslatorPB.processRequest(OzoneManagerProtocolServerSideTranslatorPB.java:177) ~[ozone-manager-1.4.0-SNAPSHOT.jar:?]
	at org.apache.hadoop.hdds.server.OzoneProtocolMessageDispatcher.processRequest(OzoneProtocolMessageDispatcher.java:87) [hdds-server-framework-1.4.0-SNAPSHOT.jar:?]
	at org.apache.hadoop.ozone.protocolPB.OzoneManagerProtocolServerSideTranslatorPB.submitRequest(OzoneManagerProtocolServerSideTranslatorPB.java:147) [ozone-manager-1.4.0-SNAPSHOT.jar:?]
	at org.apache.hadoop.ozone.protocol.proto.OzoneManagerProtocolProtos$OzoneManagerService$2.callBlockingMethod(OzoneManagerProtocolProtos.java) [ozone-interface-client-1.4.0-SNAPSHOT.jar:?]
	at org.apache.hadoop.ipc.ProtobufRpcEngine$Server.processCall(ProtobufRpcEngine.java:465) [hadoop-common-3.3.4.jar:?]
	at org.apache.hadoop.ipc.ProtobufRpcEngine2$Server$ProtoBufRpcInvoker.call(ProtobufRpcEngine2.java:578) [hadoop-common-3.3.4.jar:?]
	at org.apache.hadoop.ipc.ProtobufRpcEngine2$Server$ProtoBufRpcInvoker.call(ProtobufRpcEngine2.java:556) [hadoop-common-3.3.4.jar:?]
	at org.apache.hadoop.ipc.RPC$Server.call(RPC.java:1093) [hadoop-common-3.3.4.jar:?]
	at org.apache.hadoop.ipc.Server$RpcCall.run(Server.java:1043) [hadoop-common-3.3.4.jar:?]
	at org.apache.hadoop.ipc.Server$RpcCall.run(Server.java:971) [hadoop-common-3.3.4.jar:?]
	at java.security.AccessController.doPrivileged(Native Method) ~[?:1.8.0_362]
	at javax.security.auth.Subject.doAs(Subject.java:422) [?:1.8.0_362]
	at org.apache.hadoop.security.UserGroupInformation.doAs(UserGroupInformation.java:1878) [hadoop-common-3.3.4.jar:?]
	at org.apache.hadoop.ipc.Server$Handler.run(Server.java:2976) [hadoop-common-3.3.4.jar:?]
13:40:25.464 [IPC Server handler 18 on default port 34503] ERROR OMAudit - user=runner | ip=127.0.0.1 | op=GET_FILE_STATUS {volume=volume47855, bucket=bucket64015, key=testBatchDelete/parent/child5, dataSize=0, replicationConfig=null} | ret=FAILURE
org.apache.hadoop.ozone.om.exceptions.OMException: Unable to get file status: volume: volume47855 bucket: bucket64015 key: testBatchDelete/parent/child5
	at org.apache.hadoop.ozone.om.KeyManagerImpl.getOzoneFileStatus(KeyManagerImpl.java:1162) ~[ozone-manager-1.4.0-SNAPSHOT.jar:?]
	at org.apache.hadoop.ozone.om.KeyManagerImpl.getFileStatus(KeyManagerImpl.java:1080) ~[ozone-manager-1.4.0-SNAPSHOT.jar:?]
	at org.apache.hadoop.ozone.om.OmMetadataReader.getFileStatus(OmMetadataReader.java:288) ~[ozone-manager-1.4.0-SNAPSHOT.jar:?]
	at org.apache.hadoop.ozone.om.OzoneManager.getFileStatus(OzoneManager.java:3450) ~[ozone-manager-1.4.0-SNAPSHOT.jar:?]
	at org.apache.hadoop.ozone.protocolPB.OzoneManagerRequestHandler.getOzoneFileStatus(OzoneManagerRequestHandler.java:933) ~[ozone-manager-1.4.0-SNAPSHOT.jar:?]
	at org.apache.hadoop.ozone.protocolPB.OzoneManagerRequestHandler.handleReadRequest(OzoneManagerRequestHandler.java:238) ~[ozone-manager-1.4.0-SNAPSHOT.jar:?]
	at org.apache.hadoop.ozone.protocolPB.OzoneManagerProtocolServerSideTranslatorPB.submitReadRequestToOM(OzoneManagerProtocolServerSideTranslatorPB.java:223) ~[ozone-manager-1.4.0-SNAPSHOT.jar:?]
	at org.apache.hadoop.ozone.protocolPB.OzoneManagerProtocolServerSideTranslatorPB.processRequest(OzoneManagerProtocolServerSideTranslatorPB.java:177) ~[ozone-manager-1.4.0-SNAPSHOT.jar:?]
	at org.apache.hadoop.hdds.server.OzoneProtocolMessageDispatcher.processRequest(OzoneProtocolMessageDispatcher.java:87) [hdds-server-framework-1.4.0-SNAPSHOT.jar:?]
	at org.apache.hadoop.ozone.protocolPB.OzoneManagerProtocolServerSideTranslatorPB.submitRequest(OzoneManagerProtocolServerSideTranslatorPB.java:147) [ozone-manager-1.4.0-SNAPSHOT.jar:?]
	at org.apache.hadoop.ozone.protocol.proto.OzoneManagerProtocolProtos$OzoneManagerService$2.callBlockingMethod(OzoneManagerProtocolProtos.java) [ozone-interface-client-1.4.0-SNAPSHOT.jar:?]
	at org.apache.hadoop.ipc.ProtobufRpcEngine$Server.processCall(ProtobufRpcEngine.java:465) [hadoop-common-3.3.4.jar:?]
	at org.apache.hadoop.ipc.ProtobufRpcEngine2$Server$ProtoBufRpcInvoker.call(ProtobufRpcEngine2.java:578) [hadoop-common-3.3.4.jar:?]
	at org.apache.hadoop.ipc.ProtobufRpcEngine2$Server$ProtoBufRpcInvoker.call(ProtobufRpcEngine2.java:556) [hadoop-common-3.3.4.jar:?]
	at org.apache.hadoop.ipc.RPC$Server.call(RPC.java:1093) [hadoop-common-3.3.4.jar:?]
	at org.apache.hadoop.ipc.Server$RpcCall.run(Server.java:1043) [hadoop-common-3.3.4.jar:?]
	at org.apache.hadoop.ipc.Server$RpcCall.run(Server.java:971) [hadoop-common-3.3.4.jar:?]
	at java.security.AccessController.doPrivileged(Native Method) ~[?:1.8.0_362]
	at javax.security.auth.Subject.doAs(Subject.java:422) [?:1.8.0_362]
	at org.apache.hadoop.security.UserGroupInformation.doAs(UserGroupInformation.java:1878) [hadoop-common-3.3.4.jar:?]
	at org.apache.hadoop.ipc.Server$Handler.run(Server.java:2976) [hadoop-common-3.3.4.jar:?]
13:40:25.465 [IPC Server handler 11 on default port 34503] ERROR OMAudit - user=runner | ip=127.0.0.1 | op=GET_FILE_STATUS {volume=volume47855, bucket=bucket64015, key=testBatchDelete/parent/childFolder/child5, dataSize=0, replicationConfig=null} | ret=FAILURE
org.apache.hadoop.ozone.om.exceptions.OMException: Unable to get file status: volume: volume47855 bucket: bucket64015 key: testBatchDelete/parent/childFolder/child5
	at org.apache.hadoop.ozone.om.KeyManagerImpl.getOzoneFileStatus(KeyManagerImpl.java:1162) ~[ozone-manager-1.4.0-SNAPSHOT.jar:?]
	at org.apache.hadoop.ozone.om.KeyManagerImpl.getFileStatus(KeyManagerImpl.java:1080) ~[ozone-manager-1.4.0-SNAPSHOT.jar:?]
	at org.apache.hadoop.ozone.om.OmMetadataReader.getFileStatus(OmMetadataReader.java:288) ~[ozone-manager-1.4.0-SNAPSHOT.jar:?]
	at org.apache.hadoop.ozone.om.OzoneManager.getFileStatus(OzoneManager.java:3450) ~[ozone-manager-1.4.0-SNAPSHOT.jar:?]
	at org.apache.hadoop.ozone.protocolPB.OzoneManagerRequestHandler.getOzoneFileStatus(OzoneManagerRequestHandler.java:933) ~[ozone-manager-1.4.0-SNAPSHOT.jar:?]
	at org.apache.hadoop.ozone.protocolPB.OzoneManagerRequestHandler.handleReadRequest(OzoneManagerRequestHandler.java:238) ~[ozone-manager-1.4.0-SNAPSHOT.jar:?]
	at org.apache.hadoop.ozone.protocolPB.OzoneManagerProtocolServerSideTranslatorPB.submitReadRequestToOM(OzoneManagerProtocolServerSideTranslatorPB.java:223) ~[ozone-manager-1.4.0-SNAPSHOT.jar:?]
	at org.apache.hadoop.ozone.protocolPB.OzoneManagerProtocolServerSideTranslatorPB.processRequest(OzoneManagerProtocolServerSideTranslatorPB.java:177) ~[ozone-manager-1.4.0-SNAPSHOT.jar:?]
	at org.apache.hadoop.hdds.server.OzoneProtocolMessageDispatcher.processRequest(OzoneProtocolMessageDispatcher.java:87) [hdds-server-framework-1.4.0-SNAPSHOT.jar:?]
	at org.apache.hadoop.ozone.protocolPB.OzoneManagerProtocolServerSideTranslatorPB.submitRequest(OzoneManagerProtocolServerSideTranslatorPB.java:147) [ozone-manager-1.4.0-SNAPSHOT.jar:?]
	at org.apache.hadoop.ozone.protocol.proto.OzoneManagerProtocolProtos$OzoneManagerService$2.callBlockingMethod(OzoneManagerProtocolProtos.java) [ozone-interface-client-1.4.0-SNAPSHOT.jar:?]
	at org.apache.hadoop.ipc.ProtobufRpcEngine$Server.processCall(ProtobufRpcEngine.java:465) [hadoop-common-3.3.4.jar:?]
	at org.apache.hadoop.ipc.ProtobufRpcEngine2$Server$ProtoBufRpcInvoker.call(ProtobufRpcEngine2.java:578) [hadoop-common-3.3.4.jar:?]
	at org.apache.hadoop.ipc.ProtobufRpcEngine2$Server$ProtoBufRpcInvoker.call(ProtobufRpcEngine2.java:556) [hadoop-common-3.3.4.jar:?]
	at org.apache.hadoop.ipc.RPC$Server.call(RPC.java:1093) [hadoop-common-3.3.4.jar:?]
	at org.apache.hadoop.ipc.Server$RpcCall.run(Server.java:1043) [hadoop-common-3.3.4.jar:?]
	at org.apache.hadoop.ipc.Server$RpcCall.run(Server.java:971) [hadoop-common-3.3.4.jar:?]
	at java.security.AccessController.doPrivileged(Native Method) ~[?:1.8.0_362]
	at javax.security.auth.Subject.doAs(Subject.java:422) [?:1.8.0_362]
	at org.apache.hadoop.security.UserGroupInformation.doAs(UserGroupInformation.java:1878) [hadoop-common-3.3.4.jar:?]
	at org.apache.hadoop.ipc.Server$Handler.run(Server.java:2976) [hadoop-common-3.3.4.jar:?]
13:40:25.465 [IPC Server handler 9 on default port 34503] ERROR OMAudit - user=runner | ip=127.0.0.1 | op=GET_FILE_STATUS {volume=volume47855, bucket=bucket64015, key=testBatchDelete/parent/child6, dataSize=0, replicationConfig=null} | ret=FAILURE
org.apache.hadoop.ozone.om.exceptions.OMException: Unable to get file status: volume: volume47855 bucket: bucket64015 key: testBatchDelete/parent/child6
	at org.apache.hadoop.ozone.om.KeyManagerImpl.getOzoneFileStatus(KeyManagerImpl.java:1162) ~[ozone-manager-1.4.0-SNAPSHOT.jar:?]
	at org.apache.hadoop.ozone.om.KeyManagerImpl.getFileStatus(KeyManagerImpl.java:1080) ~[ozone-manager-1.4.0-SNAPSHOT.jar:?]
	at org.apache.hadoop.ozone.om.OmMetadataReader.getFileStatus(OmMetadataReader.java:288) ~[ozone-manager-1.4.0-SNAPSHOT.jar:?]
	at org.apache.hadoop.ozone.om.OzoneManager.getFileStatus(OzoneManager.java:3450) ~[ozone-manager-1.4.0-SNAPSHOT.jar:?]
	at org.apache.hadoop.ozone.protocolPB.OzoneManagerRequestHandler.getOzoneFileStatus(OzoneManagerRequestHandler.java:933) ~[ozone-manager-1.4.0-SNAPSHOT.jar:?]
	at org.apache.hadoop.ozone.protocolPB.OzoneManagerRequestHandler.handleReadRequest(OzoneManagerRequestHandler.java:238) ~[ozone-manager-1.4.0-SNAPSHOT.jar:?]
	at org.apache.hadoop.ozone.protocolPB.OzoneManagerProtocolServerSideTranslatorPB.submitReadRequestToOM(OzoneManagerProtocolServerSideTranslatorPB.java:223) ~[ozone-manager-1.4.0-SNAPSHOT.jar:?]
	at org.apache.hadoop.ozone.protocolPB.OzoneManagerProtocolServerSideTranslatorPB.processRequest(OzoneManagerProtocolServerSideTranslatorPB.java:177) ~[ozone-manager-1.4.0-SNAPSHOT.jar:?]
	at org.apache.hadoop.hdds.server.OzoneProtocolMessageDispatcher.processRequest(OzoneProtocolMessageDispatcher.java:87) [hdds-server-framework-1.4.0-SNAPSHOT.jar:?]
	at org.apache.hadoop.ozone.protocolPB.OzoneManagerProtocolServerSideTranslatorPB.submitRequest(OzoneManagerProtocolServerSideTranslatorPB.java:147) [ozone-manager-1.4.0-SNAPSHOT.jar:?]
	at org.apache.hadoop.ozone.protocol.proto.OzoneManagerProtocolProtos$OzoneManagerService$2.callBlockingMethod(OzoneManagerProtocolProtos.java) [ozone-interface-client-1.4.0-SNAPSHOT.jar:?]
	at org.apache.hadoop.ipc.ProtobufRpcEngine$Server.processCall(ProtobufRpcEngine.java:465) [hadoop-common-3.3.4.jar:?]
	at org.apache.hadoop.ipc.ProtobufRpcEngine2$Server$ProtoBufRpcInvoker.call(ProtobufRpcEngine2.java:578) [hadoop-common-3.3.4.jar:?]
	at org.apache.hadoop.ipc.ProtobufRpcEngine2$Server$ProtoBufRpcInvoker.call(ProtobufRpcEngine2.java:556) [hadoop-common-3.3.4.jar:?]
	at org.apache.hadoop.ipc.RPC$Server.call(RPC.java:1093) [hadoop-common-3.3.4.jar:?]
	at org.apache.hadoop.ipc.Server$RpcCall.run(Server.java:1043) [hadoop-common-3.3.4.jar:?]
	at org.apache.hadoop.ipc.Server$RpcCall.run(Server.java:971) [hadoop-common-3.3.4.jar:?]
	at java.security.AccessController.doPrivileged(Native Method) ~[?:1.8.0_362]
	at javax.security.auth.Subject.doAs(Subject.java:422) [?:1.8.0_362]
	at org.apache.hadoop.security.UserGroupInformation.doAs(UserGroupInformation.java:1878) [hadoop-common-3.3.4.jar:?]
	at org.apache.hadoop.ipc.Server$Handler.run(Server.java:2976) [hadoop-common-3.3.4.jar:?]
13:40:25.467 [IPC Server handler 14 on default port 34503] ERROR OMAudit - user=runner | ip=127.0.0.1 | op=GET_FILE_STATUS {volume=volume47855, bucket=bucket64015, key=testBatchDelete/parent/childFolder/child6, dataSize=0, replicationConfig=null} | ret=FAILURE
org.apache.hadoop.ozone.om.exceptions.OMException: Unable to get file status: volume: volume47855 bucket: bucket64015 key: testBatchDelete/parent/childFolder/child6
	at org.apache.hadoop.ozone.om.KeyManagerImpl.getOzoneFileStatus(KeyManagerImpl.java:1162) ~[ozone-manager-1.4.0-SNAPSHOT.jar:?]
	at org.apache.hadoop.ozone.om.KeyManagerImpl.getFileStatus(KeyManagerImpl.java:1080) ~[ozone-manager-1.4.0-SNAPSHOT.jar:?]
	at org.apache.hadoop.ozone.om.OmMetadataReader.getFileStatus(OmMetadataReader.java:288) ~[ozone-manager-1.4.0-SNAPSHOT.jar:?]
	at org.apache.hadoop.ozone.om.OzoneManager.getFileStatus(OzoneManager.java:3450) ~[ozone-manager-1.4.0-SNAPSHOT.jar:?]
	at org.apache.hadoop.ozone.protocolPB.OzoneManagerRequestHandler.getOzoneFileStatus(OzoneManagerRequestHandler.java:933) ~[ozone-manager-1.4.0-SNAPSHOT.jar:?]
	at org.apache.hadoop.ozone.protocolPB.OzoneManagerRequestHandler.handleReadRequest(OzoneManagerRequestHandler.java:238) ~[ozone-manager-1.4.0-SNAPSHOT.jar:?]
	at org.apache.hadoop.ozone.protocolPB.OzoneManagerProtocolServerSideTranslatorPB.submitReadRequestToOM(OzoneManagerProtocolServerSideTranslatorPB.java:223) ~[ozone-manager-1.4.0-SNAPSHOT.jar:?]
	at org.apache.hadoop.ozone.protocolPB.OzoneManagerProtocolServerSideTranslatorPB.processRequest(OzoneManagerProtocolServerSideTranslatorPB.java:177) ~[ozone-manager-1.4.0-SNAPSHOT.jar:?]
	at org.apache.hadoop.hdds.server.OzoneProtocolMessageDispatcher.processRequest(OzoneProtocolMessageDispatcher.java:87) [hdds-server-framework-1.4.0-SNAPSHOT.jar:?]
	at org.apache.hadoop.ozone.protocolPB.OzoneManagerProtocolServerSideTranslatorPB.submitRequest(OzoneManagerProtocolServerSideTranslatorPB.java:147) [ozone-manager-1.4.0-SNAPSHOT.jar:?]
	at org.apache.hadoop.ozone.protocol.proto.OzoneManagerProtocolProtos$OzoneManagerService$2.callBlockingMethod(OzoneManagerProtocolProtos.java) [ozone-interface-client-1.4.0-SNAPSHOT.jar:?]
	at org.apache.hadoop.ipc.ProtobufRpcEngine$Server.processCall(ProtobufRpcEngine.java:465) [hadoop-common-3.3.4.jar:?]
	at org.apache.hadoop.ipc.ProtobufRpcEngine2$Server$ProtoBufRpcInvoker.call(ProtobufRpcEngine2.java:578) [hadoop-common-3.3.4.jar:?]
	at org.apache.hadoop.ipc.ProtobufRpcEngine2$Server$ProtoBufRpcInvoker.call(ProtobufRpcEngine2.java:556) [hadoop-common-3.3.4.jar:?]
	at org.apache.hadoop.ipc.RPC$Server.call(RPC.java:1093) [hadoop-common-3.3.4.jar:?]
	at org.apache.hadoop.ipc.Server$RpcCall.run(Server.java:1043) [hadoop-common-3.3.4.jar:?]
	at org.apache.hadoop.ipc.Server$RpcCall.run(Server.java:971) [hadoop-common-3.3.4.jar:?]
	at java.security.AccessController.doPrivileged(Native Method) ~[?:1.8.0_362]
	at javax.security.auth.Subject.doAs(Subject.java:422) [?:1.8.0_362]
	at org.apache.hadoop.security.UserGroupInformation.doAs(UserGroupInformation.java:1878) [hadoop-common-3.3.4.jar:?]
	at org.apache.hadoop.ipc.Server$Handler.run(Server.java:2976) [hadoop-common-3.3.4.jar:?]
13:40:25.468 [IPC Server handler 7 on default port 34503] ERROR OMAudit - user=runner | ip=127.0.0.1 | op=GET_FILE_STATUS {volume=volume47855, bucket=bucket64015, key=testBatchDelete/parent/child7, dataSize=0, replicationConfig=null} | ret=FAILURE
org.apache.hadoop.ozone.om.exceptions.OMException: Unable to get file status: volume: volume47855 bucket: bucket64015 key: testBatchDelete/parent/child7
	at org.apache.hadoop.ozone.om.KeyManagerImpl.getOzoneFileStatus(KeyManagerImpl.java:1162) ~[ozone-manager-1.4.0-SNAPSHOT.jar:?]
	at org.apache.hadoop.ozone.om.KeyManagerImpl.getFileStatus(KeyManagerImpl.java:1080) ~[ozone-manager-1.4.0-SNAPSHOT.jar:?]
	at org.apache.hadoop.ozone.om.OmMetadataReader.getFileStatus(OmMetadataReader.java:288) ~[ozone-manager-1.4.0-SNAPSHOT.jar:?]
	at org.apache.hadoop.ozone.om.OzoneManager.getFileStatus(OzoneManager.java:3450) ~[ozone-manager-1.4.0-SNAPSHOT.jar:?]
	at org.apache.hadoop.ozone.protocolPB.OzoneManagerRequestHandler.getOzoneFileStatus(OzoneManagerRequestHandler.java:933) ~[ozone-manager-1.4.0-SNAPSHOT.jar:?]
	at org.apache.hadoop.ozone.protocolPB.OzoneManagerRequestHandler.handleReadRequest(OzoneManagerRequestHandler.java:238) ~[ozone-manager-1.4.0-SNAPSHOT.jar:?]
	at org.apache.hadoop.ozone.protocolPB.OzoneManagerProtocolServerSideTranslatorPB.submitReadRequestToOM(OzoneManagerProtocolServerSideTranslatorPB.java:223) ~[ozone-manager-1.4.0-SNAPSHOT.jar:?]
	at org.apache.hadoop.ozone.protocolPB.OzoneManagerProtocolServerSideTranslatorPB.processRequest(OzoneManagerProtocolServerSideTranslatorPB.java:177) ~[ozone-manager-1.4.0-SNAPSHOT.jar:?]
	at org.apache.hadoop.hdds.server.OzoneProtocolMessageDispatcher.processRequest(OzoneProtocolMessageDispatcher.java:87) [hdds-server-framework-1.4.0-SNAPSHOT.jar:?]
	at org.apache.hadoop.ozone.protocolPB.OzoneManagerProtocolServerSideTranslatorPB.submitRequest(OzoneManagerProtocolServerSideTranslatorPB.java:147) [ozone-manager-1.4.0-SNAPSHOT.jar:?]
	at org.apache.hadoop.ozone.protocol.proto.OzoneManagerProtocolProtos$OzoneManagerService$2.callBlockingMethod(OzoneManagerProtocolProtos.java) [ozone-interface-client-1.4.0-SNAPSHOT.jar:?]
	at org.apache.hadoop.ipc.ProtobufRpcEngine$Server.processCall(ProtobufRpcEngine.java:465) [hadoop-common-3.3.4.jar:?]
	at org.apache.hadoop.ipc.ProtobufRpcEngine2$Server$ProtoBufRpcInvoker.call(ProtobufRpcEngine2.java:578) [hadoop-common-3.3.4.jar:?]
	at org.apache.hadoop.ipc.ProtobufRpcEngine2$Server$ProtoBufRpcInvoker.call(ProtobufRpcEngine2.java:556) [hadoop-common-3.3.4.jar:?]
	at org.apache.hadoop.ipc.RPC$Server.call(RPC.java:1093) [hadoop-common-3.3.4.jar:?]
	at org.apache.hadoop.ipc.Server$RpcCall.run(Server.java:1043) [hadoop-common-3.3.4.jar:?]
	at org.apache.hadoop.ipc.Server$RpcCall.run(Server.java:971) [hadoop-common-3.3.4.jar:?]
	at java.security.AccessController.doPrivileged(Native Method) ~[?:1.8.0_362]
	at javax.security.auth.Subject.doAs(Subject.java:422) [?:1.8.0_362]
	at org.apache.hadoop.security.UserGroupInformation.doAs(UserGroupInformation.java:1878) [hadoop-common-3.3.4.jar:?]
	at org.apache.hadoop.ipc.Server$Handler.run(Server.java:2976) [hadoop-common-3.3.4.jar:?]
13:40:25.469 [IPC Server handler 15 on default port 34503] ERROR OMAudit - user=runner | ip=127.0.0.1 | op=GET_FILE_STATUS {volume=volume47855, bucket=bucket64015, key=testBatchDelete/parent/childFolder/child7, dataSize=0, replicationConfig=null} | ret=FAILURE
org.apache.hadoop.ozone.om.exceptions.OMException: Unable to get file status: volume: volume47855 bucket: bucket64015 key: testBatchDelete/parent/childFolder/child7
	at org.apache.hadoop.ozone.om.KeyManagerImpl.getOzoneFileStatus(KeyManagerImpl.java:1162) ~[ozone-manager-1.4.0-SNAPSHOT.jar:?]
	at org.apache.hadoop.ozone.om.KeyManagerImpl.getFileStatus(KeyManagerImpl.java:1080) ~[ozone-manager-1.4.0-SNAPSHOT.jar:?]
	at org.apache.hadoop.ozone.om.OmMetadataReader.getFileStatus(OmMetadataReader.java:288) ~[ozone-manager-1.4.0-SNAPSHOT.jar:?]
	at org.apache.hadoop.ozone.om.OzoneManager.getFileStatus(OzoneManager.java:3450) ~[ozone-manager-1.4.0-SNAPSHOT.jar:?]
	at org.apache.hadoop.ozone.protocolPB.OzoneManagerRequestHandler.getOzoneFileStatus(OzoneManagerRequestHandler.java:933) ~[ozone-manager-1.4.0-SNAPSHOT.jar:?]
	at org.apache.hadoop.ozone.protocolPB.OzoneManagerRequestHandler.handleReadRequest(OzoneManagerRequestHandler.java:238) ~[ozone-manager-1.4.0-SNAPSHOT.jar:?]
	at org.apache.hadoop.ozone.protocolPB.OzoneManagerProtocolServerSideTranslatorPB.submitReadRequestToOM(OzoneManagerProtocolServerSideTranslatorPB.java:223) ~[ozone-manager-1.4.0-SNAPSHOT.jar:?]
	at org.apache.hadoop.ozone.protocolPB.OzoneManagerProtocolServerSideTranslatorPB.processRequest(OzoneManagerProtocolServerSideTranslatorPB.java:177) ~[ozone-manager-1.4.0-SNAPSHOT.jar:?]
	at org.apache.hadoop.hdds.server.OzoneProtocolMessageDispatcher.processRequest(OzoneProtocolMessageDispatcher.java:87) [hdds-server-framework-1.4.0-SNAPSHOT.jar:?]
	at org.apache.hadoop.ozone.protocolPB.OzoneManagerProtocolServerSideTranslatorPB.submitRequest(OzoneManagerProtocolServerSideTranslatorPB.java:147) [ozone-manager-1.4.0-SNAPSHOT.jar:?]
	at org.apache.hadoop.ozone.protocol.proto.OzoneManagerProtocolProtos$OzoneManagerService$2.callBlockingMethod(OzoneManagerProtocolProtos.java) [ozone-interface-client-1.4.0-SNAPSHOT.jar:?]
	at org.apache.hadoop.ipc.ProtobufRpcEngine$Server.processCall(ProtobufRpcEngine.java:465) [hadoop-common-3.3.4.jar:?]
	at org.apache.hadoop.ipc.ProtobufRpcEngine2$Server$ProtoBufRpcInvoker.call(ProtobufRpcEngine2.java:578) [hadoop-common-3.3.4.jar:?]
	at org.apache.hadoop.ipc.ProtobufRpcEngine2$Server$ProtoBufRpcInvoker.call(ProtobufRpcEngine2.java:556) [hadoop-common-3.3.4.jar:?]
	at org.apache.hadoop.ipc.RPC$Server.call(RPC.java:1093) [hadoop-common-3.3.4.jar:?]
	at org.apache.hadoop.ipc.Server$RpcCall.run(Server.java:1043) [hadoop-common-3.3.4.jar:?]
	at org.apache.hadoop.ipc.Server$RpcCall.run(Server.java:971) [hadoop-common-3.3.4.jar:?]
	at java.security.AccessController.doPrivileged(Native Method) ~[?:1.8.0_362]
	at javax.security.auth.Subject.doAs(Subject.java:422) [?:1.8.0_362]
	at org.apache.hadoop.security.UserGroupInformation.doAs(UserGroupInformation.java:1878) [hadoop-common-3.3.4.jar:?]
	at org.apache.hadoop.ipc.Server$Handler.run(Server.java:2976) [hadoop-common-3.3.4.jar:?]
13:40:25.470 [IPC Server handler 5 on default port 34503] ERROR OMAudit - user=runner | ip=127.0.0.1 | op=GET_FILE_STATUS {volume=volume47855, bucket=bucket64015, key=testBatchDelete/parent, dataSize=0, replicationConfig=null} | ret=FAILURE
org.apache.hadoop.ozone.om.exceptions.OMException: Unable to get file status: volume: volume47855 bucket: bucket64015 key: testBatchDelete/parent
	at org.apache.hadoop.ozone.om.KeyManagerImpl.getOzoneFileStatus(KeyManagerImpl.java:1162) ~[ozone-manager-1.4.0-SNAPSHOT.jar:?]
	at org.apache.hadoop.ozone.om.KeyManagerImpl.getFileStatus(KeyManagerImpl.java:1080) ~[ozone-manager-1.4.0-SNAPSHOT.jar:?]
	at org.apache.hadoop.ozone.om.OmMetadataReader.getFileStatus(OmMetadataReader.java:288) ~[ozone-manager-1.4.0-SNAPSHOT.jar:?]
	at org.apache.hadoop.ozone.om.OzoneManager.getFileStatus(OzoneManager.java:3450) ~[ozone-manager-1.4.0-SNAPSHOT.jar:?]
	at org.apache.hadoop.ozone.protocolPB.OzoneManagerRequestHandler.getOzoneFileStatus(OzoneManagerRequestHandler.java:933) ~[ozone-manager-1.4.0-SNAPSHOT.jar:?]
	at org.apache.hadoop.ozone.protocolPB.OzoneManagerRequestHandler.handleReadRequest(OzoneManagerRequestHandler.java:238) ~[ozone-manager-1.4.0-SNAPSHOT.jar:?]
	at org.apache.hadoop.ozone.protocolPB.OzoneManagerProtocolServerSideTranslatorPB.submitReadRequestToOM(OzoneManagerProtocolServerSideTranslatorPB.java:223) ~[ozone-manager-1.4.0-SNAPSHOT.jar:?]
	at org.apache.hadoop.ozone.protocolPB.OzoneManagerProtocolServerSideTranslatorPB.processRequest(OzoneManagerProtocolServerSideTranslatorPB.java:177) ~[ozone-manager-1.4.0-SNAPSHOT.jar:?]
	at org.apache.hadoop.hdds.server.OzoneProtocolMessageDispatcher.processRequest(OzoneProtocolMessageDispatcher.java:87) [hdds-server-framework-1.4.0-SNAPSHOT.jar:?]
	at org.apache.hadoop.ozone.protocolPB.OzoneManagerProtocolServerSideTranslatorPB.submitRequest(OzoneManagerProtocolServerSideTranslatorPB.java:147) [ozone-manager-1.4.0-SNAPSHOT.jar:?]
	at org.apache.hadoop.ozone.protocol.proto.OzoneManagerProtocolProtos$OzoneManagerService$2.callBlockingMethod(OzoneManagerProtocolProtos.java) [ozone-interface-client-1.4.0-SNAPSHOT.jar:?]
	at org.apache.hadoop.ipc.ProtobufRpcEngine$Server.processCall(ProtobufRpcEngine.java:465) [hadoop-common-3.3.4.jar:?]
	at org.apache.hadoop.ipc.ProtobufRpcEngine2$Server$ProtoBufRpcInvoker.call(ProtobufRpcEngine2.java:578) [hadoop-common-3.3.4.jar:?]
	at org.apache.hadoop.ipc.ProtobufRpcEngine2$Server$ProtoBufRpcInvoker.call(ProtobufRpcEngine2.java:556) [hadoop-common-3.3.4.jar:?]
	at org.apache.hadoop.ipc.RPC$Server.call(RPC.java:1093) [hadoop-common-3.3.4.jar:?]
	at org.apache.hadoop.ipc.Server$RpcCall.run(Server.java:1043) [hadoop-common-3.3.4.jar:?]
	at org.apache.hadoop.ipc.Server$RpcCall.run(Server.java:971) [hadoop-common-3.3.4.jar:?]
	at java.security.AccessController.doPrivileged(Native Method) ~[?:1.8.0_362]
	at javax.security.auth.Subject.doAs(Subject.java:422) [?:1.8.0_362]
	at org.apache.hadoop.security.UserGroupInformation.doAs(UserGroupInformation.java:1878) [hadoop-common-3.3.4.jar:?]
	at org.apache.hadoop.ipc.Server$Handler.run(Server.java:2976) [hadoop-common-3.3.4.jar:?]
2023-02-21 13:40:25,470 [Time-limited test] WARN  ozone.BasicOzoneFileSystem (BasicOzoneFileSystem.java:delete(559)) - delete: Path does not exist: /testBatchDelete/parent
]]></system-out>
  </testcase>
  <testcase name="testFileDelete" classname="TestOzoneFileSystem" time="0.071">
    <system-out><![CDATA[2023-02-21 13:41:34,266 [IPC Server handler 0 on default port 40765] INFO  key.OMKeyRequest (OMKeyRequest.java:wrapUncommittedBlocksAsPseudoKey(837)) - Detect allocated but uncommitted blocks [{blockID={containerID=4, localID=111677748019200040}, length=4194304, offset=0, token=null, pipeline=null, createVersion=0, partNumber=0}] in key testBatchDelete/parent/child0.
2023-02-21 13:41:34,272 [IPC Server handler 2 on default port 40765] INFO  key.OMKeyRequest (OMKeyRequest.java:wrapUncommittedBlocksAsPseudoKey(837)) - Detect allocated but uncommitted blocks [{blockID={containerID=2, localID=111677748019200041}, length=4194304, offset=0, token=null, pipeline=null, createVersion=0, partNumber=0}] in key testBatchDelete/parent/childFolder/child0.
2023-02-21 13:41:34,276 [IPC Server handler 5 on default port 40765] INFO  key.OMKeyRequest (OMKeyRequest.java:wrapUncommittedBlocksAsPseudoKey(837)) - Detect allocated but uncommitted blocks [{blockID={containerID=3, localID=111677748019200042}, length=4194304, offset=0, token=null, pipeline=null, createVersion=0, partNumber=0}] in key testBatchDelete/parent/child1.
2023-02-21 13:41:34,278 [IPC Server handler 9 on default port 40765] INFO  key.OMKeyRequest (OMKeyRequest.java:wrapUncommittedBlocksAsPseudoKey(837)) - Detect allocated but uncommitted blocks [{blockID={containerID=4, localID=111677748019200043}, length=4194304, offset=0, token=null, pipeline=null, createVersion=0, partNumber=0}] in key testBatchDelete/parent/childFolder/child1.
2023-02-21 13:41:34,281 [IPC Server handler 8 on default port 40765] INFO  key.OMKeyRequest (OMKeyRequest.java:wrapUncommittedBlocksAsPseudoKey(837)) - Detect allocated but uncommitted blocks [{blockID={containerID=3, localID=111677748019200044}, length=4194304, offset=0, token=null, pipeline=null, createVersion=0, partNumber=0}] in key testBatchDelete/parent/child2.
2023-02-21 13:41:34,285 [IPC Server handler 4 on default port 40765] INFO  key.OMKeyRequest (OMKeyRequest.java:wrapUncommittedBlocksAsPseudoKey(837)) - Detect allocated but uncommitted blocks [{blockID={containerID=4, localID=111677748019200045}, length=4194304, offset=0, token=null, pipeline=null, createVersion=0, partNumber=0}] in key testBatchDelete/parent/childFolder/child2.
2023-02-21 13:41:34,287 [IPC Server handler 18 on default port 40765] INFO  key.OMKeyRequest (OMKeyRequest.java:wrapUncommittedBlocksAsPseudoKey(837)) - Detect allocated but uncommitted blocks [{blockID={containerID=1, localID=111677748019200046}, length=4194304, offset=0, token=null, pipeline=null, createVersion=0, partNumber=0}] in key testBatchDelete/parent/child3.
2023-02-21 13:41:34,290 [IPC Server handler 16 on default port 40765] INFO  key.OMKeyRequest (OMKeyRequest.java:wrapUncommittedBlocksAsPseudoKey(837)) - Detect allocated but uncommitted blocks [{blockID={containerID=3, localID=111677748019200047}, length=4194304, offset=0, token=null, pipeline=null, createVersion=0, partNumber=0}] in key testBatchDelete/parent/childFolder/child3.
2023-02-21 13:41:34,293 [IPC Server handler 13 on default port 40765] INFO  key.OMKeyRequest (OMKeyRequest.java:wrapUncommittedBlocksAsPseudoKey(837)) - Detect allocated but uncommitted blocks [{blockID={containerID=4, localID=111677748019200048}, length=4194304, offset=0, token=null, pipeline=null, createVersion=0, partNumber=0}] in key testBatchDelete/parent/child4.
2023-02-21 13:41:34,296 [IPC Server handler 10 on default port 40765] INFO  key.OMKeyRequest (OMKeyRequest.java:wrapUncommittedBlocksAsPseudoKey(837)) - Detect allocated but uncommitted blocks [{blockID={containerID=3, localID=111677748019200049}, length=4194304, offset=0, token=null, pipeline=null, createVersion=0, partNumber=0}] in key testBatchDelete/parent/childFolder/child4.
2023-02-21 13:41:34,299 [IPC Server handler 0 on default port 40765] INFO  key.OMKeyRequest (OMKeyRequest.java:wrapUncommittedBlocksAsPseudoKey(837)) - Detect allocated but uncommitted blocks [{blockID={containerID=4, localID=111677748019200050}, length=4194304, offset=0, token=null, pipeline=null, createVersion=0, partNumber=0}] in key testBatchDelete/parent/child5.
2023-02-21 13:41:34,302 [IPC Server handler 2 on default port 40765] INFO  key.OMKeyRequest (OMKeyRequest.java:wrapUncommittedBlocksAsPseudoKey(837)) - Detect allocated but uncommitted blocks [{blockID={containerID=2, localID=111677748019200051}, length=4194304, offset=0, token=null, pipeline=null, createVersion=0, partNumber=0}] in key testBatchDelete/parent/childFolder/child5.
2023-02-21 13:41:34,304 [IPC Server handler 5 on default port 40765] INFO  key.OMKeyRequest (OMKeyRequest.java:wrapUncommittedBlocksAsPseudoKey(837)) - Detect allocated but uncommitted blocks [{blockID={containerID=3, localID=111677748019200052}, length=4194304, offset=0, token=null, pipeline=null, createVersion=0, partNumber=0}] in key testBatchDelete/parent/child6.
2023-02-21 13:41:34,307 [IPC Server handler 9 on default port 40765] INFO  key.OMKeyRequest (OMKeyRequest.java:wrapUncommittedBlocksAsPseudoKey(837)) - Detect allocated but uncommitted blocks [{blockID={containerID=4, localID=111677748019200053}, length=4194304, offset=0, token=null, pipeline=null, createVersion=0, partNumber=0}] in key testBatchDelete/parent/childFolder/child6.
2023-02-21 13:41:34,310 [IPC Server handler 8 on default port 40765] INFO  key.OMKeyRequest (OMKeyRequest.java:wrapUncommittedBlocksAsPseudoKey(837)) - Detect allocated but uncommitted blocks [{blockID={containerID=1, localID=111677748019200054}, length=4194304, offset=0, token=null, pipeline=null, createVersion=0, partNumber=0}] in key testBatchDelete/parent/child7.
2023-02-21 13:41:34,313 [IPC Server handler 4 on default port 40765] INFO  key.OMKeyRequest (OMKeyRequest.java:wrapUncommittedBlocksAsPseudoKey(837)) - Detect allocated but uncommitted blocks [{blockID={containerID=3, localID=111677748019200055}, length=4194304, offset=0, token=null, pipeline=null, createVersion=0, partNumber=0}] in key testBatchDelete/parent/childFolder/child7.
13:41:34.319 [IPC Server handler 2 on default port 40765] ERROR OMAudit - user=runner | ip=127.0.0.1 | op=GET_FILE_STATUS {volume=volume82902, bucket=bucket15199, key=testBatchDelete, dataSize=0, replicationConfig=null} | ret=FAILURE
org.apache.hadoop.ozone.om.exceptions.OMException: Unable to get file status: volume: volume82902 bucket: bucket15199 key: testBatchDelete
	at org.apache.hadoop.ozone.om.KeyManagerImpl.getOzoneFileStatus(KeyManagerImpl.java:1162) ~[ozone-manager-1.4.0-SNAPSHOT.jar:?]
	at org.apache.hadoop.ozone.om.KeyManagerImpl.getFileStatus(KeyManagerImpl.java:1080) ~[ozone-manager-1.4.0-SNAPSHOT.jar:?]
	at org.apache.hadoop.ozone.om.OmMetadataReader.getFileStatus(OmMetadataReader.java:288) ~[ozone-manager-1.4.0-SNAPSHOT.jar:?]
	at org.apache.hadoop.ozone.om.OzoneManager.getFileStatus(OzoneManager.java:3450) ~[ozone-manager-1.4.0-SNAPSHOT.jar:?]
	at org.apache.hadoop.ozone.protocolPB.OzoneManagerRequestHandler.getOzoneFileStatus(OzoneManagerRequestHandler.java:933) ~[ozone-manager-1.4.0-SNAPSHOT.jar:?]
	at org.apache.hadoop.ozone.protocolPB.OzoneManagerRequestHandler.handleReadRequest(OzoneManagerRequestHandler.java:238) ~[ozone-manager-1.4.0-SNAPSHOT.jar:?]
	at org.apache.hadoop.ozone.protocolPB.OzoneManagerProtocolServerSideTranslatorPB.submitRequestDirectlyToOM(OzoneManagerProtocolServerSideTranslatorPB.java:271) ~[ozone-manager-1.4.0-SNAPSHOT.jar:?]
	at org.apache.hadoop.ozone.protocolPB.OzoneManagerProtocolServerSideTranslatorPB.processRequest(OzoneManagerProtocolServerSideTranslatorPB.java:173) ~[ozone-manager-1.4.0-SNAPSHOT.jar:?]
	at org.apache.hadoop.hdds.server.OzoneProtocolMessageDispatcher.processRequest(OzoneProtocolMessageDispatcher.java:87) [hdds-server-framework-1.4.0-SNAPSHOT.jar:?]
	at org.apache.hadoop.ozone.protocolPB.OzoneManagerProtocolServerSideTranslatorPB.submitRequest(OzoneManagerProtocolServerSideTranslatorPB.java:147) [ozone-manager-1.4.0-SNAPSHOT.jar:?]
	at org.apache.hadoop.ozone.protocol.proto.OzoneManagerProtocolProtos$OzoneManagerService$2.callBlockingMethod(OzoneManagerProtocolProtos.java) [ozone-interface-client-1.4.0-SNAPSHOT.jar:?]
	at org.apache.hadoop.ipc.ProtobufRpcEngine$Server.processCall(ProtobufRpcEngine.java:465) [hadoop-common-3.3.4.jar:?]
	at org.apache.hadoop.ipc.ProtobufRpcEngine2$Server$ProtoBufRpcInvoker.call(ProtobufRpcEngine2.java:578) [hadoop-common-3.3.4.jar:?]
	at org.apache.hadoop.ipc.ProtobufRpcEngine2$Server$ProtoBufRpcInvoker.call(ProtobufRpcEngine2.java:556) [hadoop-common-3.3.4.jar:?]
	at org.apache.hadoop.ipc.RPC$Server.call(RPC.java:1093) [hadoop-common-3.3.4.jar:?]
	at org.apache.hadoop.ipc.Server$RpcCall.run(Server.java:1043) [hadoop-common-3.3.4.jar:?]
	at org.apache.hadoop.ipc.Server$RpcCall.run(Server.java:971) [hadoop-common-3.3.4.jar:?]
	at java.security.AccessController.doPrivileged(Native Method) ~[?:1.8.0_362]
	at javax.security.auth.Subject.doAs(Subject.java:422) [?:1.8.0_362]
	at org.apache.hadoop.security.UserGroupInformation.doAs(UserGroupInformation.java:1878) [hadoop-common-3.3.4.jar:?]
	at org.apache.hadoop.ipc.Server$Handler.run(Server.java:2976) [hadoop-common-3.3.4.jar:?]
13:41:34.320 [IPC Server handler 3 on default port 40765] ERROR OMAudit - user=runner | ip=127.0.0.1 | op=GET_FILE_STATUS {volume=volume82902, bucket=bucket15199, key=testBatchDelete/parent/child0, dataSize=0, replicationConfig=null} | ret=FAILURE
org.apache.hadoop.ozone.om.exceptions.OMException: Unable to get file status: volume: volume82902 bucket: bucket15199 key: testBatchDelete/parent/child0
	at org.apache.hadoop.ozone.om.KeyManagerImpl.getOzoneFileStatus(KeyManagerImpl.java:1162) ~[ozone-manager-1.4.0-SNAPSHOT.jar:?]
	at org.apache.hadoop.ozone.om.KeyManagerImpl.getFileStatus(KeyManagerImpl.java:1080) ~[ozone-manager-1.4.0-SNAPSHOT.jar:?]
	at org.apache.hadoop.ozone.om.OmMetadataReader.getFileStatus(OmMetadataReader.java:288) ~[ozone-manager-1.4.0-SNAPSHOT.jar:?]
	at org.apache.hadoop.ozone.om.OzoneManager.getFileStatus(OzoneManager.java:3450) ~[ozone-manager-1.4.0-SNAPSHOT.jar:?]
	at org.apache.hadoop.ozone.protocolPB.OzoneManagerRequestHandler.getOzoneFileStatus(OzoneManagerRequestHandler.java:933) ~[ozone-manager-1.4.0-SNAPSHOT.jar:?]
	at org.apache.hadoop.ozone.protocolPB.OzoneManagerRequestHandler.handleReadRequest(OzoneManagerRequestHandler.java:238) ~[ozone-manager-1.4.0-SNAPSHOT.jar:?]
	at org.apache.hadoop.ozone.protocolPB.OzoneManagerProtocolServerSideTranslatorPB.submitRequestDirectlyToOM(OzoneManagerProtocolServerSideTranslatorPB.java:271) ~[ozone-manager-1.4.0-SNAPSHOT.jar:?]
	at org.apache.hadoop.ozone.protocolPB.OzoneManagerProtocolServerSideTranslatorPB.processRequest(OzoneManagerProtocolServerSideTranslatorPB.java:173) ~[ozone-manager-1.4.0-SNAPSHOT.jar:?]
	at org.apache.hadoop.hdds.server.OzoneProtocolMessageDispatcher.processRequest(OzoneProtocolMessageDispatcher.java:87) [hdds-server-framework-1.4.0-SNAPSHOT.jar:?]
	at org.apache.hadoop.ozone.protocolPB.OzoneManagerProtocolServerSideTranslatorPB.submitRequest(OzoneManagerProtocolServerSideTranslatorPB.java:147) [ozone-manager-1.4.0-SNAPSHOT.jar:?]
	at org.apache.hadoop.ozone.protocol.proto.OzoneManagerProtocolProtos$OzoneManagerService$2.callBlockingMethod(OzoneManagerProtocolProtos.java) [ozone-interface-client-1.4.0-SNAPSHOT.jar:?]
	at org.apache.hadoop.ipc.ProtobufRpcEngine$Server.processCall(ProtobufRpcEngine.java:465) [hadoop-common-3.3.4.jar:?]
	at org.apache.hadoop.ipc.ProtobufRpcEngine2$Server$ProtoBufRpcInvoker.call(ProtobufRpcEngine2.java:578) [hadoop-common-3.3.4.jar:?]
	at org.apache.hadoop.ipc.ProtobufRpcEngine2$Server$ProtoBufRpcInvoker.call(ProtobufRpcEngine2.java:556) [hadoop-common-3.3.4.jar:?]
	at org.apache.hadoop.ipc.RPC$Server.call(RPC.java:1093) [hadoop-common-3.3.4.jar:?]
	at org.apache.hadoop.ipc.Server$RpcCall.run(Server.java:1043) [hadoop-common-3.3.4.jar:?]
	at org.apache.hadoop.ipc.Server$RpcCall.run(Server.java:971) [hadoop-common-3.3.4.jar:?]
	at java.security.AccessController.doPrivileged(Native Method) ~[?:1.8.0_362]
	at javax.security.auth.Subject.doAs(Subject.java:422) [?:1.8.0_362]
	at org.apache.hadoop.security.UserGroupInformation.doAs(UserGroupInformation.java:1878) [hadoop-common-3.3.4.jar:?]
	at org.apache.hadoop.ipc.Server$Handler.run(Server.java:2976) [hadoop-common-3.3.4.jar:?]
13:41:34.321 [IPC Server handler 5 on default port 40765] ERROR OMAudit - user=runner | ip=127.0.0.1 | op=GET_FILE_STATUS {volume=volume82902, bucket=bucket15199, key=testBatchDelete/parent/childFolder/child0, dataSize=0, replicationConfig=null} | ret=FAILURE
org.apache.hadoop.ozone.om.exceptions.OMException: Unable to get file status: volume: volume82902 bucket: bucket15199 key: testBatchDelete/parent/childFolder/child0
	at org.apache.hadoop.ozone.om.KeyManagerImpl.getOzoneFileStatus(KeyManagerImpl.java:1162) ~[ozone-manager-1.4.0-SNAPSHOT.jar:?]
	at org.apache.hadoop.ozone.om.KeyManagerImpl.getFileStatus(KeyManagerImpl.java:1080) ~[ozone-manager-1.4.0-SNAPSHOT.jar:?]
	at org.apache.hadoop.ozone.om.OmMetadataReader.getFileStatus(OmMetadataReader.java:288) ~[ozone-manager-1.4.0-SNAPSHOT.jar:?]
	at org.apache.hadoop.ozone.om.OzoneManager.getFileStatus(OzoneManager.java:3450) ~[ozone-manager-1.4.0-SNAPSHOT.jar:?]
	at org.apache.hadoop.ozone.protocolPB.OzoneManagerRequestHandler.getOzoneFileStatus(OzoneManagerRequestHandler.java:933) ~[ozone-manager-1.4.0-SNAPSHOT.jar:?]
	at org.apache.hadoop.ozone.protocolPB.OzoneManagerRequestHandler.handleReadRequest(OzoneManagerRequestHandler.java:238) ~[ozone-manager-1.4.0-SNAPSHOT.jar:?]
	at org.apache.hadoop.ozone.protocolPB.OzoneManagerProtocolServerSideTranslatorPB.submitRequestDirectlyToOM(OzoneManagerProtocolServerSideTranslatorPB.java:271) ~[ozone-manager-1.4.0-SNAPSHOT.jar:?]
	at org.apache.hadoop.ozone.protocolPB.OzoneManagerProtocolServerSideTranslatorPB.processRequest(OzoneManagerProtocolServerSideTranslatorPB.java:173) ~[ozone-manager-1.4.0-SNAPSHOT.jar:?]
	at org.apache.hadoop.hdds.server.OzoneProtocolMessageDispatcher.processRequest(OzoneProtocolMessageDispatcher.java:87) [hdds-server-framework-1.4.0-SNAPSHOT.jar:?]
	at org.apache.hadoop.ozone.protocolPB.OzoneManagerProtocolServerSideTranslatorPB.submitRequest(OzoneManagerProtocolServerSideTranslatorPB.java:147) [ozone-manager-1.4.0-SNAPSHOT.jar:?]
	at org.apache.hadoop.ozone.protocol.proto.OzoneManagerProtocolProtos$OzoneManagerService$2.callBlockingMethod(OzoneManagerProtocolProtos.java) [ozone-interface-client-1.4.0-SNAPSHOT.jar:?]
	at org.apache.hadoop.ipc.ProtobufRpcEngine$Server.processCall(ProtobufRpcEngine.java:465) [hadoop-common-3.3.4.jar:?]
	at org.apache.hadoop.ipc.ProtobufRpcEngine2$Server$ProtoBufRpcInvoker.call(ProtobufRpcEngine2.java:578) [hadoop-common-3.3.4.jar:?]
	at org.apache.hadoop.ipc.ProtobufRpcEngine2$Server$ProtoBufRpcInvoker.call(ProtobufRpcEngine2.java:556) [hadoop-common-3.3.4.jar:?]
	at org.apache.hadoop.ipc.RPC$Server.call(RPC.java:1093) [hadoop-common-3.3.4.jar:?]
	at org.apache.hadoop.ipc.Server$RpcCall.run(Server.java:1043) [hadoop-common-3.3.4.jar:?]
	at org.apache.hadoop.ipc.Server$RpcCall.run(Server.java:971) [hadoop-common-3.3.4.jar:?]
	at java.security.AccessController.doPrivileged(Native Method) ~[?:1.8.0_362]
	at javax.security.auth.Subject.doAs(Subject.java:422) [?:1.8.0_362]
	at org.apache.hadoop.security.UserGroupInformation.doAs(UserGroupInformation.java:1878) [hadoop-common-3.3.4.jar:?]
	at org.apache.hadoop.ipc.Server$Handler.run(Server.java:2976) [hadoop-common-3.3.4.jar:?]
13:41:34.321 [IPC Server handler 7 on default port 40765] ERROR OMAudit - user=runner | ip=127.0.0.1 | op=GET_FILE_STATUS {volume=volume82902, bucket=bucket15199, key=testBatchDelete/parent/child1, dataSize=0, replicationConfig=null} | ret=FAILURE
org.apache.hadoop.ozone.om.exceptions.OMException: Unable to get file status: volume: volume82902 bucket: bucket15199 key: testBatchDelete/parent/child1
	at org.apache.hadoop.ozone.om.KeyManagerImpl.getOzoneFileStatus(KeyManagerImpl.java:1162) ~[ozone-manager-1.4.0-SNAPSHOT.jar:?]
	at org.apache.hadoop.ozone.om.KeyManagerImpl.getFileStatus(KeyManagerImpl.java:1080) ~[ozone-manager-1.4.0-SNAPSHOT.jar:?]
	at org.apache.hadoop.ozone.om.OmMetadataReader.getFileStatus(OmMetadataReader.java:288) ~[ozone-manager-1.4.0-SNAPSHOT.jar:?]
	at org.apache.hadoop.ozone.om.OzoneManager.getFileStatus(OzoneManager.java:3450) ~[ozone-manager-1.4.0-SNAPSHOT.jar:?]
	at org.apache.hadoop.ozone.protocolPB.OzoneManagerRequestHandler.getOzoneFileStatus(OzoneManagerRequestHandler.java:933) ~[ozone-manager-1.4.0-SNAPSHOT.jar:?]
	at org.apache.hadoop.ozone.protocolPB.OzoneManagerRequestHandler.handleReadRequest(OzoneManagerRequestHandler.java:238) ~[ozone-manager-1.4.0-SNAPSHOT.jar:?]
	at org.apache.hadoop.ozone.protocolPB.OzoneManagerProtocolServerSideTranslatorPB.submitRequestDirectlyToOM(OzoneManagerProtocolServerSideTranslatorPB.java:271) ~[ozone-manager-1.4.0-SNAPSHOT.jar:?]
	at org.apache.hadoop.ozone.protocolPB.OzoneManagerProtocolServerSideTranslatorPB.processRequest(OzoneManagerProtocolServerSideTranslatorPB.java:173) ~[ozone-manager-1.4.0-SNAPSHOT.jar:?]
	at org.apache.hadoop.hdds.server.OzoneProtocolMessageDispatcher.processRequest(OzoneProtocolMessageDispatcher.java:87) [hdds-server-framework-1.4.0-SNAPSHOT.jar:?]
	at org.apache.hadoop.ozone.protocolPB.OzoneManagerProtocolServerSideTranslatorPB.submitRequest(OzoneManagerProtocolServerSideTranslatorPB.java:147) [ozone-manager-1.4.0-SNAPSHOT.jar:?]
	at org.apache.hadoop.ozone.protocol.proto.OzoneManagerProtocolProtos$OzoneManagerService$2.callBlockingMethod(OzoneManagerProtocolProtos.java) [ozone-interface-client-1.4.0-SNAPSHOT.jar:?]
	at org.apache.hadoop.ipc.ProtobufRpcEngine$Server.processCall(ProtobufRpcEngine.java:465) [hadoop-common-3.3.4.jar:?]
	at org.apache.hadoop.ipc.ProtobufRpcEngine2$Server$ProtoBufRpcInvoker.call(ProtobufRpcEngine2.java:578) [hadoop-common-3.3.4.jar:?]
	at org.apache.hadoop.ipc.ProtobufRpcEngine2$Server$ProtoBufRpcInvoker.call(ProtobufRpcEngine2.java:556) [hadoop-common-3.3.4.jar:?]
	at org.apache.hadoop.ipc.RPC$Server.call(RPC.java:1093) [hadoop-common-3.3.4.jar:?]
	at org.apache.hadoop.ipc.Server$RpcCall.run(Server.java:1043) [hadoop-common-3.3.4.jar:?]
	at org.apache.hadoop.ipc.Server$RpcCall.run(Server.java:971) [hadoop-common-3.3.4.jar:?]
	at java.security.AccessController.doPrivileged(Native Method) ~[?:1.8.0_362]
	at javax.security.auth.Subject.doAs(Subject.java:422) [?:1.8.0_362]
	at org.apache.hadoop.security.UserGroupInformation.doAs(UserGroupInformation.java:1878) [hadoop-common-3.3.4.jar:?]
	at org.apache.hadoop.ipc.Server$Handler.run(Server.java:2976) [hadoop-common-3.3.4.jar:?]
13:41:34.322 [IPC Server handler 9 on default port 40765] ERROR OMAudit - user=runner | ip=127.0.0.1 | op=GET_FILE_STATUS {volume=volume82902, bucket=bucket15199, key=testBatchDelete/parent/childFolder/child1, dataSize=0, replicationConfig=null} | ret=FAILURE
org.apache.hadoop.ozone.om.exceptions.OMException: Unable to get file status: volume: volume82902 bucket: bucket15199 key: testBatchDelete/parent/childFolder/child1
	at org.apache.hadoop.ozone.om.KeyManagerImpl.getOzoneFileStatus(KeyManagerImpl.java:1162) ~[ozone-manager-1.4.0-SNAPSHOT.jar:?]
	at org.apache.hadoop.ozone.om.KeyManagerImpl.getFileStatus(KeyManagerImpl.java:1080) ~[ozone-manager-1.4.0-SNAPSHOT.jar:?]
	at org.apache.hadoop.ozone.om.OmMetadataReader.getFileStatus(OmMetadataReader.java:288) ~[ozone-manager-1.4.0-SNAPSHOT.jar:?]
	at org.apache.hadoop.ozone.om.OzoneManager.getFileStatus(OzoneManager.java:3450) ~[ozone-manager-1.4.0-SNAPSHOT.jar:?]
	at org.apache.hadoop.ozone.protocolPB.OzoneManagerRequestHandler.getOzoneFileStatus(OzoneManagerRequestHandler.java:933) ~[ozone-manager-1.4.0-SNAPSHOT.jar:?]
	at org.apache.hadoop.ozone.protocolPB.OzoneManagerRequestHandler.handleReadRequest(OzoneManagerRequestHandler.java:238) ~[ozone-manager-1.4.0-SNAPSHOT.jar:?]
	at org.apache.hadoop.ozone.protocolPB.OzoneManagerProtocolServerSideTranslatorPB.submitRequestDirectlyToOM(OzoneManagerProtocolServerSideTranslatorPB.java:271) ~[ozone-manager-1.4.0-SNAPSHOT.jar:?]
	at org.apache.hadoop.ozone.protocolPB.OzoneManagerProtocolServerSideTranslatorPB.processRequest(OzoneManagerProtocolServerSideTranslatorPB.java:173) ~[ozone-manager-1.4.0-SNAPSHOT.jar:?]
	at org.apache.hadoop.hdds.server.OzoneProtocolMessageDispatcher.processRequest(OzoneProtocolMessageDispatcher.java:87) [hdds-server-framework-1.4.0-SNAPSHOT.jar:?]
	at org.apache.hadoop.ozone.protocolPB.OzoneManagerProtocolServerSideTranslatorPB.submitRequest(OzoneManagerProtocolServerSideTranslatorPB.java:147) [ozone-manager-1.4.0-SNAPSHOT.jar:?]
	at org.apache.hadoop.ozone.protocol.proto.OzoneManagerProtocolProtos$OzoneManagerService$2.callBlockingMethod(OzoneManagerProtocolProtos.java) [ozone-interface-client-1.4.0-SNAPSHOT.jar:?]
	at org.apache.hadoop.ipc.ProtobufRpcEngine$Server.processCall(ProtobufRpcEngine.java:465) [hadoop-common-3.3.4.jar:?]
	at org.apache.hadoop.ipc.ProtobufRpcEngine2$Server$ProtoBufRpcInvoker.call(ProtobufRpcEngine2.java:578) [hadoop-common-3.3.4.jar:?]
	at org.apache.hadoop.ipc.ProtobufRpcEngine2$Server$ProtoBufRpcInvoker.call(ProtobufRpcEngine2.java:556) [hadoop-common-3.3.4.jar:?]
	at org.apache.hadoop.ipc.RPC$Server.call(RPC.java:1093) [hadoop-common-3.3.4.jar:?]
	at org.apache.hadoop.ipc.Server$RpcCall.run(Server.java:1043) [hadoop-common-3.3.4.jar:?]
	at org.apache.hadoop.ipc.Server$RpcCall.run(Server.java:971) [hadoop-common-3.3.4.jar:?]
	at java.security.AccessController.doPrivileged(Native Method) ~[?:1.8.0_362]
	at javax.security.auth.Subject.doAs(Subject.java:422) [?:1.8.0_362]
	at org.apache.hadoop.security.UserGroupInformation.doAs(UserGroupInformation.java:1878) [hadoop-common-3.3.4.jar:?]
	at org.apache.hadoop.ipc.Server$Handler.run(Server.java:2976) [hadoop-common-3.3.4.jar:?]
13:41:34.323 [IPC Server handler 11 on default port 40765] ERROR OMAudit - user=runner | ip=127.0.0.1 | op=GET_FILE_STATUS {volume=volume82902, bucket=bucket15199, key=testBatchDelete/parent/child2, dataSize=0, replicationConfig=null} | ret=FAILURE
org.apache.hadoop.ozone.om.exceptions.OMException: Unable to get file status: volume: volume82902 bucket: bucket15199 key: testBatchDelete/parent/child2
	at org.apache.hadoop.ozone.om.KeyManagerImpl.getOzoneFileStatus(KeyManagerImpl.java:1162) ~[ozone-manager-1.4.0-SNAPSHOT.jar:?]
	at org.apache.hadoop.ozone.om.KeyManagerImpl.getFileStatus(KeyManagerImpl.java:1080) ~[ozone-manager-1.4.0-SNAPSHOT.jar:?]
	at org.apache.hadoop.ozone.om.OmMetadataReader.getFileStatus(OmMetadataReader.java:288) ~[ozone-manager-1.4.0-SNAPSHOT.jar:?]
	at org.apache.hadoop.ozone.om.OzoneManager.getFileStatus(OzoneManager.java:3450) ~[ozone-manager-1.4.0-SNAPSHOT.jar:?]
	at org.apache.hadoop.ozone.protocolPB.OzoneManagerRequestHandler.getOzoneFileStatus(OzoneManagerRequestHandler.java:933) ~[ozone-manager-1.4.0-SNAPSHOT.jar:?]
	at org.apache.hadoop.ozone.protocolPB.OzoneManagerRequestHandler.handleReadRequest(OzoneManagerRequestHandler.java:238) ~[ozone-manager-1.4.0-SNAPSHOT.jar:?]
	at org.apache.hadoop.ozone.protocolPB.OzoneManagerProtocolServerSideTranslatorPB.submitRequestDirectlyToOM(OzoneManagerProtocolServerSideTranslatorPB.java:271) ~[ozone-manager-1.4.0-SNAPSHOT.jar:?]
	at org.apache.hadoop.ozone.protocolPB.OzoneManagerProtocolServerSideTranslatorPB.processRequest(OzoneManagerProtocolServerSideTranslatorPB.java:173) ~[ozone-manager-1.4.0-SNAPSHOT.jar:?]
	at org.apache.hadoop.hdds.server.OzoneProtocolMessageDispatcher.processRequest(OzoneProtocolMessageDispatcher.java:87) [hdds-server-framework-1.4.0-SNAPSHOT.jar:?]
	at org.apache.hadoop.ozone.protocolPB.OzoneManagerProtocolServerSideTranslatorPB.submitRequest(OzoneManagerProtocolServerSideTranslatorPB.java:147) [ozone-manager-1.4.0-SNAPSHOT.jar:?]
	at org.apache.hadoop.ozone.protocol.proto.OzoneManagerProtocolProtos$OzoneManagerService$2.callBlockingMethod(OzoneManagerProtocolProtos.java) [ozone-interface-client-1.4.0-SNAPSHOT.jar:?]
	at org.apache.hadoop.ipc.ProtobufRpcEngine$Server.processCall(ProtobufRpcEngine.java:465) [hadoop-common-3.3.4.jar:?]
	at org.apache.hadoop.ipc.ProtobufRpcEngine2$Server$ProtoBufRpcInvoker.call(ProtobufRpcEngine2.java:578) [hadoop-common-3.3.4.jar:?]
	at org.apache.hadoop.ipc.ProtobufRpcEngine2$Server$ProtoBufRpcInvoker.call(ProtobufRpcEngine2.java:556) [hadoop-common-3.3.4.jar:?]
	at org.apache.hadoop.ipc.RPC$Server.call(RPC.java:1093) [hadoop-common-3.3.4.jar:?]
	at org.apache.hadoop.ipc.Server$RpcCall.run(Server.java:1043) [hadoop-common-3.3.4.jar:?]
	at org.apache.hadoop.ipc.Server$RpcCall.run(Server.java:971) [hadoop-common-3.3.4.jar:?]
	at java.security.AccessController.doPrivileged(Native Method) ~[?:1.8.0_362]
	at javax.security.auth.Subject.doAs(Subject.java:422) [?:1.8.0_362]
	at org.apache.hadoop.security.UserGroupInformation.doAs(UserGroupInformation.java:1878) [hadoop-common-3.3.4.jar:?]
	at org.apache.hadoop.ipc.Server$Handler.run(Server.java:2976) [hadoop-common-3.3.4.jar:?]
13:41:34.323 [IPC Server handler 8 on default port 40765] ERROR OMAudit - user=runner | ip=127.0.0.1 | op=GET_FILE_STATUS {volume=volume82902, bucket=bucket15199, key=testBatchDelete/parent/childFolder/child2, dataSize=0, replicationConfig=null} | ret=FAILURE
org.apache.hadoop.ozone.om.exceptions.OMException: Unable to get file status: volume: volume82902 bucket: bucket15199 key: testBatchDelete/parent/childFolder/child2
	at org.apache.hadoop.ozone.om.KeyManagerImpl.getOzoneFileStatus(KeyManagerImpl.java:1162) ~[ozone-manager-1.4.0-SNAPSHOT.jar:?]
	at org.apache.hadoop.ozone.om.KeyManagerImpl.getFileStatus(KeyManagerImpl.java:1080) ~[ozone-manager-1.4.0-SNAPSHOT.jar:?]
	at org.apache.hadoop.ozone.om.OmMetadataReader.getFileStatus(OmMetadataReader.java:288) ~[ozone-manager-1.4.0-SNAPSHOT.jar:?]
	at org.apache.hadoop.ozone.om.OzoneManager.getFileStatus(OzoneManager.java:3450) ~[ozone-manager-1.4.0-SNAPSHOT.jar:?]
	at org.apache.hadoop.ozone.protocolPB.OzoneManagerRequestHandler.getOzoneFileStatus(OzoneManagerRequestHandler.java:933) ~[ozone-manager-1.4.0-SNAPSHOT.jar:?]
	at org.apache.hadoop.ozone.protocolPB.OzoneManagerRequestHandler.handleReadRequest(OzoneManagerRequestHandler.java:238) ~[ozone-manager-1.4.0-SNAPSHOT.jar:?]
	at org.apache.hadoop.ozone.protocolPB.OzoneManagerProtocolServerSideTranslatorPB.submitRequestDirectlyToOM(OzoneManagerProtocolServerSideTranslatorPB.java:271) ~[ozone-manager-1.4.0-SNAPSHOT.jar:?]
	at org.apache.hadoop.ozone.protocolPB.OzoneManagerProtocolServerSideTranslatorPB.processRequest(OzoneManagerProtocolServerSideTranslatorPB.java:173) ~[ozone-manager-1.4.0-SNAPSHOT.jar:?]
	at org.apache.hadoop.hdds.server.OzoneProtocolMessageDispatcher.processRequest(OzoneProtocolMessageDispatcher.java:87) [hdds-server-framework-1.4.0-SNAPSHOT.jar:?]
	at org.apache.hadoop.ozone.protocolPB.OzoneManagerProtocolServerSideTranslatorPB.submitRequest(OzoneManagerProtocolServerSideTranslatorPB.java:147) [ozone-manager-1.4.0-SNAPSHOT.jar:?]
	at org.apache.hadoop.ozone.protocol.proto.OzoneManagerProtocolProtos$OzoneManagerService$2.callBlockingMethod(OzoneManagerProtocolProtos.java) [ozone-interface-client-1.4.0-SNAPSHOT.jar:?]
	at org.apache.hadoop.ipc.ProtobufRpcEngine$Server.processCall(ProtobufRpcEngine.java:465) [hadoop-common-3.3.4.jar:?]
	at org.apache.hadoop.ipc.ProtobufRpcEngine2$Server$ProtoBufRpcInvoker.call(ProtobufRpcEngine2.java:578) [hadoop-common-3.3.4.jar:?]
	at org.apache.hadoop.ipc.ProtobufRpcEngine2$Server$ProtoBufRpcInvoker.call(ProtobufRpcEngine2.java:556) [hadoop-common-3.3.4.jar:?]
	at org.apache.hadoop.ipc.RPC$Server.call(RPC.java:1093) [hadoop-common-3.3.4.jar:?]
	at org.apache.hadoop.ipc.Server$RpcCall.run(Server.java:1043) [hadoop-common-3.3.4.jar:?]
	at org.apache.hadoop.ipc.Server$RpcCall.run(Server.java:971) [hadoop-common-3.3.4.jar:?]
	at java.security.AccessController.doPrivileged(Native Method) ~[?:1.8.0_362]
	at javax.security.auth.Subject.doAs(Subject.java:422) [?:1.8.0_362]
	at org.apache.hadoop.security.UserGroupInformation.doAs(UserGroupInformation.java:1878) [hadoop-common-3.3.4.jar:?]
	at org.apache.hadoop.ipc.Server$Handler.run(Server.java:2976) [hadoop-common-3.3.4.jar:?]
13:41:34.324 [IPC Server handler 6 on default port 40765] ERROR OMAudit - user=runner | ip=127.0.0.1 | op=GET_FILE_STATUS {volume=volume82902, bucket=bucket15199, key=testBatchDelete/parent/child3, dataSize=0, replicationConfig=null} | ret=FAILURE
org.apache.hadoop.ozone.om.exceptions.OMException: Unable to get file status: volume: volume82902 bucket: bucket15199 key: testBatchDelete/parent/child3
	at org.apache.hadoop.ozone.om.KeyManagerImpl.getOzoneFileStatus(KeyManagerImpl.java:1162) ~[ozone-manager-1.4.0-SNAPSHOT.jar:?]
	at org.apache.hadoop.ozone.om.KeyManagerImpl.getFileStatus(KeyManagerImpl.java:1080) ~[ozone-manager-1.4.0-SNAPSHOT.jar:?]
	at org.apache.hadoop.ozone.om.OmMetadataReader.getFileStatus(OmMetadataReader.java:288) ~[ozone-manager-1.4.0-SNAPSHOT.jar:?]
	at org.apache.hadoop.ozone.om.OzoneManager.getFileStatus(OzoneManager.java:3450) ~[ozone-manager-1.4.0-SNAPSHOT.jar:?]
	at org.apache.hadoop.ozone.protocolPB.OzoneManagerRequestHandler.getOzoneFileStatus(OzoneManagerRequestHandler.java:933) ~[ozone-manager-1.4.0-SNAPSHOT.jar:?]
	at org.apache.hadoop.ozone.protocolPB.OzoneManagerRequestHandler.handleReadRequest(OzoneManagerRequestHandler.java:238) ~[ozone-manager-1.4.0-SNAPSHOT.jar:?]
	at org.apache.hadoop.ozone.protocolPB.OzoneManagerProtocolServerSideTranslatorPB.submitRequestDirectlyToOM(OzoneManagerProtocolServerSideTranslatorPB.java:271) ~[ozone-manager-1.4.0-SNAPSHOT.jar:?]
	at org.apache.hadoop.ozone.protocolPB.OzoneManagerProtocolServerSideTranslatorPB.processRequest(OzoneManagerProtocolServerSideTranslatorPB.java:173) ~[ozone-manager-1.4.0-SNAPSHOT.jar:?]
	at org.apache.hadoop.hdds.server.OzoneProtocolMessageDispatcher.processRequest(OzoneProtocolMessageDispatcher.java:87) [hdds-server-framework-1.4.0-SNAPSHOT.jar:?]
	at org.apache.hadoop.ozone.protocolPB.OzoneManagerProtocolServerSideTranslatorPB.submitRequest(OzoneManagerProtocolServerSideTranslatorPB.java:147) [ozone-manager-1.4.0-SNAPSHOT.jar:?]
	at org.apache.hadoop.ozone.protocol.proto.OzoneManagerProtocolProtos$OzoneManagerService$2.callBlockingMethod(OzoneManagerProtocolProtos.java) [ozone-interface-client-1.4.0-SNAPSHOT.jar:?]
	at org.apache.hadoop.ipc.ProtobufRpcEngine$Server.processCall(ProtobufRpcEngine.java:465) [hadoop-common-3.3.4.jar:?]
	at org.apache.hadoop.ipc.ProtobufRpcEngine2$Server$ProtoBufRpcInvoker.call(ProtobufRpcEngine2.java:578) [hadoop-common-3.3.4.jar:?]
	at org.apache.hadoop.ipc.ProtobufRpcEngine2$Server$ProtoBufRpcInvoker.call(ProtobufRpcEngine2.java:556) [hadoop-common-3.3.4.jar:?]
	at org.apache.hadoop.ipc.RPC$Server.call(RPC.java:1093) [hadoop-common-3.3.4.jar:?]
	at org.apache.hadoop.ipc.Server$RpcCall.run(Server.java:1043) [hadoop-common-3.3.4.jar:?]
	at org.apache.hadoop.ipc.Server$RpcCall.run(Server.java:971) [hadoop-common-3.3.4.jar:?]
	at java.security.AccessController.doPrivileged(Native Method) ~[?:1.8.0_362]
	at javax.security.auth.Subject.doAs(Subject.java:422) [?:1.8.0_362]
	at org.apache.hadoop.security.UserGroupInformation.doAs(UserGroupInformation.java:1878) [hadoop-common-3.3.4.jar:?]
	at org.apache.hadoop.ipc.Server$Handler.run(Server.java:2976) [hadoop-common-3.3.4.jar:?]
13:41:34.325 [IPC Server handler 4 on default port 40765] ERROR OMAudit - user=runner | ip=127.0.0.1 | op=GET_FILE_STATUS {volume=volume82902, bucket=bucket15199, key=testBatchDelete/parent/childFolder/child3, dataSize=0, replicationConfig=null} | ret=FAILURE
org.apache.hadoop.ozone.om.exceptions.OMException: Unable to get file status: volume: volume82902 bucket: bucket15199 key: testBatchDelete/parent/childFolder/child3
	at org.apache.hadoop.ozone.om.KeyManagerImpl.getOzoneFileStatus(KeyManagerImpl.java:1162) ~[ozone-manager-1.4.0-SNAPSHOT.jar:?]
	at org.apache.hadoop.ozone.om.KeyManagerImpl.getFileStatus(KeyManagerImpl.java:1080) ~[ozone-manager-1.4.0-SNAPSHOT.jar:?]
	at org.apache.hadoop.ozone.om.OmMetadataReader.getFileStatus(OmMetadataReader.java:288) ~[ozone-manager-1.4.0-SNAPSHOT.jar:?]
	at org.apache.hadoop.ozone.om.OzoneManager.getFileStatus(OzoneManager.java:3450) ~[ozone-manager-1.4.0-SNAPSHOT.jar:?]
	at org.apache.hadoop.ozone.protocolPB.OzoneManagerRequestHandler.getOzoneFileStatus(OzoneManagerRequestHandler.java:933) ~[ozone-manager-1.4.0-SNAPSHOT.jar:?]
	at org.apache.hadoop.ozone.protocolPB.OzoneManagerRequestHandler.handleReadRequest(OzoneManagerRequestHandler.java:238) ~[ozone-manager-1.4.0-SNAPSHOT.jar:?]
	at org.apache.hadoop.ozone.protocolPB.OzoneManagerProtocolServerSideTranslatorPB.submitRequestDirectlyToOM(OzoneManagerProtocolServerSideTranslatorPB.java:271) ~[ozone-manager-1.4.0-SNAPSHOT.jar:?]
	at org.apache.hadoop.ozone.protocolPB.OzoneManagerProtocolServerSideTranslatorPB.processRequest(OzoneManagerProtocolServerSideTranslatorPB.java:173) ~[ozone-manager-1.4.0-SNAPSHOT.jar:?]
	at org.apache.hadoop.hdds.server.OzoneProtocolMessageDispatcher.processRequest(OzoneProtocolMessageDispatcher.java:87) [hdds-server-framework-1.4.0-SNAPSHOT.jar:?]
	at org.apache.hadoop.ozone.protocolPB.OzoneManagerProtocolServerSideTranslatorPB.submitRequest(OzoneManagerProtocolServerSideTranslatorPB.java:147) [ozone-manager-1.4.0-SNAPSHOT.jar:?]
	at org.apache.hadoop.ozone.protocol.proto.OzoneManagerProtocolProtos$OzoneManagerService$2.callBlockingMethod(OzoneManagerProtocolProtos.java) [ozone-interface-client-1.4.0-SNAPSHOT.jar:?]
	at org.apache.hadoop.ipc.ProtobufRpcEngine$Server.processCall(ProtobufRpcEngine.java:465) [hadoop-common-3.3.4.jar:?]
	at org.apache.hadoop.ipc.ProtobufRpcEngine2$Server$ProtoBufRpcInvoker.call(ProtobufRpcEngine2.java:578) [hadoop-common-3.3.4.jar:?]
	at org.apache.hadoop.ipc.ProtobufRpcEngine2$Server$ProtoBufRpcInvoker.call(ProtobufRpcEngine2.java:556) [hadoop-common-3.3.4.jar:?]
	at org.apache.hadoop.ipc.RPC$Server.call(RPC.java:1093) [hadoop-common-3.3.4.jar:?]
	at org.apache.hadoop.ipc.Server$RpcCall.run(Server.java:1043) [hadoop-common-3.3.4.jar:?]
	at org.apache.hadoop.ipc.Server$RpcCall.run(Server.java:971) [hadoop-common-3.3.4.jar:?]
	at java.security.AccessController.doPrivileged(Native Method) ~[?:1.8.0_362]
	at javax.security.auth.Subject.doAs(Subject.java:422) [?:1.8.0_362]
	at org.apache.hadoop.security.UserGroupInformation.doAs(UserGroupInformation.java:1878) [hadoop-common-3.3.4.jar:?]
	at org.apache.hadoop.ipc.Server$Handler.run(Server.java:2976) [hadoop-common-3.3.4.jar:?]
13:41:34.325 [IPC Server handler 19 on default port 40765] ERROR OMAudit - user=runner | ip=127.0.0.1 | op=GET_FILE_STATUS {volume=volume82902, bucket=bucket15199, key=testBatchDelete/parent/child4, dataSize=0, replicationConfig=null} | ret=FAILURE
org.apache.hadoop.ozone.om.exceptions.OMException: Unable to get file status: volume: volume82902 bucket: bucket15199 key: testBatchDelete/parent/child4
	at org.apache.hadoop.ozone.om.KeyManagerImpl.getOzoneFileStatus(KeyManagerImpl.java:1162) ~[ozone-manager-1.4.0-SNAPSHOT.jar:?]
	at org.apache.hadoop.ozone.om.KeyManagerImpl.getFileStatus(KeyManagerImpl.java:1080) ~[ozone-manager-1.4.0-SNAPSHOT.jar:?]
	at org.apache.hadoop.ozone.om.OmMetadataReader.getFileStatus(OmMetadataReader.java:288) ~[ozone-manager-1.4.0-SNAPSHOT.jar:?]
	at org.apache.hadoop.ozone.om.OzoneManager.getFileStatus(OzoneManager.java:3450) ~[ozone-manager-1.4.0-SNAPSHOT.jar:?]
	at org.apache.hadoop.ozone.protocolPB.OzoneManagerRequestHandler.getOzoneFileStatus(OzoneManagerRequestHandler.java:933) ~[ozone-manager-1.4.0-SNAPSHOT.jar:?]
	at org.apache.hadoop.ozone.protocolPB.OzoneManagerRequestHandler.handleReadRequest(OzoneManagerRequestHandler.java:238) ~[ozone-manager-1.4.0-SNAPSHOT.jar:?]
	at org.apache.hadoop.ozone.protocolPB.OzoneManagerProtocolServerSideTranslatorPB.submitRequestDirectlyToOM(OzoneManagerProtocolServerSideTranslatorPB.java:271) ~[ozone-manager-1.4.0-SNAPSHOT.jar:?]
	at org.apache.hadoop.ozone.protocolPB.OzoneManagerProtocolServerSideTranslatorPB.processRequest(OzoneManagerProtocolServerSideTranslatorPB.java:173) ~[ozone-manager-1.4.0-SNAPSHOT.jar:?]
	at org.apache.hadoop.hdds.server.OzoneProtocolMessageDispatcher.processRequest(OzoneProtocolMessageDispatcher.java:87) [hdds-server-framework-1.4.0-SNAPSHOT.jar:?]
	at org.apache.hadoop.ozone.protocolPB.OzoneManagerProtocolServerSideTranslatorPB.submitRequest(OzoneManagerProtocolServerSideTranslatorPB.java:147) [ozone-manager-1.4.0-SNAPSHOT.jar:?]
	at org.apache.hadoop.ozone.protocol.proto.OzoneManagerProtocolProtos$OzoneManagerService$2.callBlockingMethod(OzoneManagerProtocolProtos.java) [ozone-interface-client-1.4.0-SNAPSHOT.jar:?]
	at org.apache.hadoop.ipc.ProtobufRpcEngine$Server.processCall(ProtobufRpcEngine.java:465) [hadoop-common-3.3.4.jar:?]
	at org.apache.hadoop.ipc.ProtobufRpcEngine2$Server$ProtoBufRpcInvoker.call(ProtobufRpcEngine2.java:578) [hadoop-common-3.3.4.jar:?]
	at org.apache.hadoop.ipc.ProtobufRpcEngine2$Server$ProtoBufRpcInvoker.call(ProtobufRpcEngine2.java:556) [hadoop-common-3.3.4.jar:?]
	at org.apache.hadoop.ipc.RPC$Server.call(RPC.java:1093) [hadoop-common-3.3.4.jar:?]
	at org.apache.hadoop.ipc.Server$RpcCall.run(Server.java:1043) [hadoop-common-3.3.4.jar:?]
	at org.apache.hadoop.ipc.Server$RpcCall.run(Server.java:971) [hadoop-common-3.3.4.jar:?]
	at java.security.AccessController.doPrivileged(Native Method) ~[?:1.8.0_362]
	at javax.security.auth.Subject.doAs(Subject.java:422) [?:1.8.0_362]
	at org.apache.hadoop.security.UserGroupInformation.doAs(UserGroupInformation.java:1878) [hadoop-common-3.3.4.jar:?]
	at org.apache.hadoop.ipc.Server$Handler.run(Server.java:2976) [hadoop-common-3.3.4.jar:?]
13:41:34.326 [IPC Server handler 18 on default port 40765] ERROR OMAudit - user=runner | ip=127.0.0.1 | op=GET_FILE_STATUS {volume=volume82902, bucket=bucket15199, key=testBatchDelete/parent/childFolder/child4, dataSize=0, replicationConfig=null} | ret=FAILURE
org.apache.hadoop.ozone.om.exceptions.OMException: Unable to get file status: volume: volume82902 bucket: bucket15199 key: testBatchDelete/parent/childFolder/child4
	at org.apache.hadoop.ozone.om.KeyManagerImpl.getOzoneFileStatus(KeyManagerImpl.java:1162) ~[ozone-manager-1.4.0-SNAPSHOT.jar:?]
	at org.apache.hadoop.ozone.om.KeyManagerImpl.getFileStatus(KeyManagerImpl.java:1080) ~[ozone-manager-1.4.0-SNAPSHOT.jar:?]
	at org.apache.hadoop.ozone.om.OmMetadataReader.getFileStatus(OmMetadataReader.java:288) ~[ozone-manager-1.4.0-SNAPSHOT.jar:?]
	at org.apache.hadoop.ozone.om.OzoneManager.getFileStatus(OzoneManager.java:3450) ~[ozone-manager-1.4.0-SNAPSHOT.jar:?]
	at org.apache.hadoop.ozone.protocolPB.OzoneManagerRequestHandler.getOzoneFileStatus(OzoneManagerRequestHandler.java:933) ~[ozone-manager-1.4.0-SNAPSHOT.jar:?]
	at org.apache.hadoop.ozone.protocolPB.OzoneManagerRequestHandler.handleReadRequest(OzoneManagerRequestHandler.java:238) ~[ozone-manager-1.4.0-SNAPSHOT.jar:?]
	at org.apache.hadoop.ozone.protocolPB.OzoneManagerProtocolServerSideTranslatorPB.submitRequestDirectlyToOM(OzoneManagerProtocolServerSideTranslatorPB.java:271) ~[ozone-manager-1.4.0-SNAPSHOT.jar:?]
	at org.apache.hadoop.ozone.protocolPB.OzoneManagerProtocolServerSideTranslatorPB.processRequest(OzoneManagerProtocolServerSideTranslatorPB.java:173) ~[ozone-manager-1.4.0-SNAPSHOT.jar:?]
	at org.apache.hadoop.hdds.server.OzoneProtocolMessageDispatcher.processRequest(OzoneProtocolMessageDispatcher.java:87) [hdds-server-framework-1.4.0-SNAPSHOT.jar:?]
	at org.apache.hadoop.ozone.protocolPB.OzoneManagerProtocolServerSideTranslatorPB.submitRequest(OzoneManagerProtocolServerSideTranslatorPB.java:147) [ozone-manager-1.4.0-SNAPSHOT.jar:?]
	at org.apache.hadoop.ozone.protocol.proto.OzoneManagerProtocolProtos$OzoneManagerService$2.callBlockingMethod(OzoneManagerProtocolProtos.java) [ozone-interface-client-1.4.0-SNAPSHOT.jar:?]
	at org.apache.hadoop.ipc.ProtobufRpcEngine$Server.processCall(ProtobufRpcEngine.java:465) [hadoop-common-3.3.4.jar:?]
	at org.apache.hadoop.ipc.ProtobufRpcEngine2$Server$ProtoBufRpcInvoker.call(ProtobufRpcEngine2.java:578) [hadoop-common-3.3.4.jar:?]
	at org.apache.hadoop.ipc.ProtobufRpcEngine2$Server$ProtoBufRpcInvoker.call(ProtobufRpcEngine2.java:556) [hadoop-common-3.3.4.jar:?]
	at org.apache.hadoop.ipc.RPC$Server.call(RPC.java:1093) [hadoop-common-3.3.4.jar:?]
	at org.apache.hadoop.ipc.Server$RpcCall.run(Server.java:1043) [hadoop-common-3.3.4.jar:?]
	at org.apache.hadoop.ipc.Server$RpcCall.run(Server.java:971) [hadoop-common-3.3.4.jar:?]
	at java.security.AccessController.doPrivileged(Native Method) ~[?:1.8.0_362]
	at javax.security.auth.Subject.doAs(Subject.java:422) [?:1.8.0_362]
	at org.apache.hadoop.security.UserGroupInformation.doAs(UserGroupInformation.java:1878) [hadoop-common-3.3.4.jar:?]
	at org.apache.hadoop.ipc.Server$Handler.run(Server.java:2976) [hadoop-common-3.3.4.jar:?]
13:41:34.326 [IPC Server handler 17 on default port 40765] ERROR OMAudit - user=runner | ip=127.0.0.1 | op=GET_FILE_STATUS {volume=volume82902, bucket=bucket15199, key=testBatchDelete/parent/child5, dataSize=0, replicationConfig=null} | ret=FAILURE
org.apache.hadoop.ozone.om.exceptions.OMException: Unable to get file status: volume: volume82902 bucket: bucket15199 key: testBatchDelete/parent/child5
	at org.apache.hadoop.ozone.om.KeyManagerImpl.getOzoneFileStatus(KeyManagerImpl.java:1162) ~[ozone-manager-1.4.0-SNAPSHOT.jar:?]
	at org.apache.hadoop.ozone.om.KeyManagerImpl.getFileStatus(KeyManagerImpl.java:1080) ~[ozone-manager-1.4.0-SNAPSHOT.jar:?]
	at org.apache.hadoop.ozone.om.OmMetadataReader.getFileStatus(OmMetadataReader.java:288) ~[ozone-manager-1.4.0-SNAPSHOT.jar:?]
	at org.apache.hadoop.ozone.om.OzoneManager.getFileStatus(OzoneManager.java:3450) ~[ozone-manager-1.4.0-SNAPSHOT.jar:?]
	at org.apache.hadoop.ozone.protocolPB.OzoneManagerRequestHandler.getOzoneFileStatus(OzoneManagerRequestHandler.java:933) ~[ozone-manager-1.4.0-SNAPSHOT.jar:?]
	at org.apache.hadoop.ozone.protocolPB.OzoneManagerRequestHandler.handleReadRequest(OzoneManagerRequestHandler.java:238) ~[ozone-manager-1.4.0-SNAPSHOT.jar:?]
	at org.apache.hadoop.ozone.protocolPB.OzoneManagerProtocolServerSideTranslatorPB.submitRequestDirectlyToOM(OzoneManagerProtocolServerSideTranslatorPB.java:271) ~[ozone-manager-1.4.0-SNAPSHOT.jar:?]
	at org.apache.hadoop.ozone.protocolPB.OzoneManagerProtocolServerSideTranslatorPB.processRequest(OzoneManagerProtocolServerSideTranslatorPB.java:173) ~[ozone-manager-1.4.0-SNAPSHOT.jar:?]
	at org.apache.hadoop.hdds.server.OzoneProtocolMessageDispatcher.processRequest(OzoneProtocolMessageDispatcher.java:87) [hdds-server-framework-1.4.0-SNAPSHOT.jar:?]
	at org.apache.hadoop.ozone.protocolPB.OzoneManagerProtocolServerSideTranslatorPB.submitRequest(OzoneManagerProtocolServerSideTranslatorPB.java:147) [ozone-manager-1.4.0-SNAPSHOT.jar:?]
	at org.apache.hadoop.ozone.protocol.proto.OzoneManagerProtocolProtos$OzoneManagerService$2.callBlockingMethod(OzoneManagerProtocolProtos.java) [ozone-interface-client-1.4.0-SNAPSHOT.jar:?]
	at org.apache.hadoop.ipc.ProtobufRpcEngine$Server.processCall(ProtobufRpcEngine.java:465) [hadoop-common-3.3.4.jar:?]
	at org.apache.hadoop.ipc.ProtobufRpcEngine2$Server$ProtoBufRpcInvoker.call(ProtobufRpcEngine2.java:578) [hadoop-common-3.3.4.jar:?]
	at org.apache.hadoop.ipc.ProtobufRpcEngine2$Server$ProtoBufRpcInvoker.call(ProtobufRpcEngine2.java:556) [hadoop-common-3.3.4.jar:?]
	at org.apache.hadoop.ipc.RPC$Server.call(RPC.java:1093) [hadoop-common-3.3.4.jar:?]
	at org.apache.hadoop.ipc.Server$RpcCall.run(Server.java:1043) [hadoop-common-3.3.4.jar:?]
	at org.apache.hadoop.ipc.Server$RpcCall.run(Server.java:971) [hadoop-common-3.3.4.jar:?]
	at java.security.AccessController.doPrivileged(Native Method) ~[?:1.8.0_362]
	at javax.security.auth.Subject.doAs(Subject.java:422) [?:1.8.0_362]
	at org.apache.hadoop.security.UserGroupInformation.doAs(UserGroupInformation.java:1878) [hadoop-common-3.3.4.jar:?]
	at org.apache.hadoop.ipc.Server$Handler.run(Server.java:2976) [hadoop-common-3.3.4.jar:?]
13:41:34.327 [IPC Server handler 16 on default port 40765] ERROR OMAudit - user=runner | ip=127.0.0.1 | op=GET_FILE_STATUS {volume=volume82902, bucket=bucket15199, key=testBatchDelete/parent/childFolder/child5, dataSize=0, replicationConfig=null} | ret=FAILURE
org.apache.hadoop.ozone.om.exceptions.OMException: Unable to get file status: volume: volume82902 bucket: bucket15199 key: testBatchDelete/parent/childFolder/child5
	at org.apache.hadoop.ozone.om.KeyManagerImpl.getOzoneFileStatus(KeyManagerImpl.java:1162) ~[ozone-manager-1.4.0-SNAPSHOT.jar:?]
	at org.apache.hadoop.ozone.om.KeyManagerImpl.getFileStatus(KeyManagerImpl.java:1080) ~[ozone-manager-1.4.0-SNAPSHOT.jar:?]
	at org.apache.hadoop.ozone.om.OmMetadataReader.getFileStatus(OmMetadataReader.java:288) ~[ozone-manager-1.4.0-SNAPSHOT.jar:?]
	at org.apache.hadoop.ozone.om.OzoneManager.getFileStatus(OzoneManager.java:3450) ~[ozone-manager-1.4.0-SNAPSHOT.jar:?]
	at org.apache.hadoop.ozone.protocolPB.OzoneManagerRequestHandler.getOzoneFileStatus(OzoneManagerRequestHandler.java:933) ~[ozone-manager-1.4.0-SNAPSHOT.jar:?]
	at org.apache.hadoop.ozone.protocolPB.OzoneManagerRequestHandler.handleReadRequest(OzoneManagerRequestHandler.java:238) ~[ozone-manager-1.4.0-SNAPSHOT.jar:?]
	at org.apache.hadoop.ozone.protocolPB.OzoneManagerProtocolServerSideTranslatorPB.submitRequestDirectlyToOM(OzoneManagerProtocolServerSideTranslatorPB.java:271) ~[ozone-manager-1.4.0-SNAPSHOT.jar:?]
	at org.apache.hadoop.ozone.protocolPB.OzoneManagerProtocolServerSideTranslatorPB.processRequest(OzoneManagerProtocolServerSideTranslatorPB.java:173) ~[ozone-manager-1.4.0-SNAPSHOT.jar:?]
	at org.apache.hadoop.hdds.server.OzoneProtocolMessageDispatcher.processRequest(OzoneProtocolMessageDispatcher.java:87) [hdds-server-framework-1.4.0-SNAPSHOT.jar:?]
	at org.apache.hadoop.ozone.protocolPB.OzoneManagerProtocolServerSideTranslatorPB.submitRequest(OzoneManagerProtocolServerSideTranslatorPB.java:147) [ozone-manager-1.4.0-SNAPSHOT.jar:?]
	at org.apache.hadoop.ozone.protocol.proto.OzoneManagerProtocolProtos$OzoneManagerService$2.callBlockingMethod(OzoneManagerProtocolProtos.java) [ozone-interface-client-1.4.0-SNAPSHOT.jar:?]
	at org.apache.hadoop.ipc.ProtobufRpcEngine$Server.processCall(ProtobufRpcEngine.java:465) [hadoop-common-3.3.4.jar:?]
	at org.apache.hadoop.ipc.ProtobufRpcEngine2$Server$ProtoBufRpcInvoker.call(ProtobufRpcEngine2.java:578) [hadoop-common-3.3.4.jar:?]
	at org.apache.hadoop.ipc.ProtobufRpcEngine2$Server$ProtoBufRpcInvoker.call(ProtobufRpcEngine2.java:556) [hadoop-common-3.3.4.jar:?]
	at org.apache.hadoop.ipc.RPC$Server.call(RPC.java:1093) [hadoop-common-3.3.4.jar:?]
	at org.apache.hadoop.ipc.Server$RpcCall.run(Server.java:1043) [hadoop-common-3.3.4.jar:?]
	at org.apache.hadoop.ipc.Server$RpcCall.run(Server.java:971) [hadoop-common-3.3.4.jar:?]
	at java.security.AccessController.doPrivileged(Native Method) ~[?:1.8.0_362]
	at javax.security.auth.Subject.doAs(Subject.java:422) [?:1.8.0_362]
	at org.apache.hadoop.security.UserGroupInformation.doAs(UserGroupInformation.java:1878) [hadoop-common-3.3.4.jar:?]
	at org.apache.hadoop.ipc.Server$Handler.run(Server.java:2976) [hadoop-common-3.3.4.jar:?]
13:41:34.328 [IPC Server handler 14 on default port 40765] ERROR OMAudit - user=runner | ip=127.0.0.1 | op=GET_FILE_STATUS {volume=volume82902, bucket=bucket15199, key=testBatchDelete/parent/child6, dataSize=0, replicationConfig=null} | ret=FAILURE
org.apache.hadoop.ozone.om.exceptions.OMException: Unable to get file status: volume: volume82902 bucket: bucket15199 key: testBatchDelete/parent/child6
	at org.apache.hadoop.ozone.om.KeyManagerImpl.getOzoneFileStatus(KeyManagerImpl.java:1162) ~[ozone-manager-1.4.0-SNAPSHOT.jar:?]
	at org.apache.hadoop.ozone.om.KeyManagerImpl.getFileStatus(KeyManagerImpl.java:1080) ~[ozone-manager-1.4.0-SNAPSHOT.jar:?]
	at org.apache.hadoop.ozone.om.OmMetadataReader.getFileStatus(OmMetadataReader.java:288) ~[ozone-manager-1.4.0-SNAPSHOT.jar:?]
	at org.apache.hadoop.ozone.om.OzoneManager.getFileStatus(OzoneManager.java:3450) ~[ozone-manager-1.4.0-SNAPSHOT.jar:?]
	at org.apache.hadoop.ozone.protocolPB.OzoneManagerRequestHandler.getOzoneFileStatus(OzoneManagerRequestHandler.java:933) ~[ozone-manager-1.4.0-SNAPSHOT.jar:?]
	at org.apache.hadoop.ozone.protocolPB.OzoneManagerRequestHandler.handleReadRequest(OzoneManagerRequestHandler.java:238) ~[ozone-manager-1.4.0-SNAPSHOT.jar:?]
	at org.apache.hadoop.ozone.protocolPB.OzoneManagerProtocolServerSideTranslatorPB.submitRequestDirectlyToOM(OzoneManagerProtocolServerSideTranslatorPB.java:271) ~[ozone-manager-1.4.0-SNAPSHOT.jar:?]
	at org.apache.hadoop.ozone.protocolPB.OzoneManagerProtocolServerSideTranslatorPB.processRequest(OzoneManagerProtocolServerSideTranslatorPB.java:173) ~[ozone-manager-1.4.0-SNAPSHOT.jar:?]
	at org.apache.hadoop.hdds.server.OzoneProtocolMessageDispatcher.processRequest(OzoneProtocolMessageDispatcher.java:87) [hdds-server-framework-1.4.0-SNAPSHOT.jar:?]
	at org.apache.hadoop.ozone.protocolPB.OzoneManagerProtocolServerSideTranslatorPB.submitRequest(OzoneManagerProtocolServerSideTranslatorPB.java:147) [ozone-manager-1.4.0-SNAPSHOT.jar:?]
	at org.apache.hadoop.ozone.protocol.proto.OzoneManagerProtocolProtos$OzoneManagerService$2.callBlockingMethod(OzoneManagerProtocolProtos.java) [ozone-interface-client-1.4.0-SNAPSHOT.jar:?]
	at org.apache.hadoop.ipc.ProtobufRpcEngine$Server.processCall(ProtobufRpcEngine.java:465) [hadoop-common-3.3.4.jar:?]
	at org.apache.hadoop.ipc.ProtobufRpcEngine2$Server$ProtoBufRpcInvoker.call(ProtobufRpcEngine2.java:578) [hadoop-common-3.3.4.jar:?]
	at org.apache.hadoop.ipc.ProtobufRpcEngine2$Server$ProtoBufRpcInvoker.call(ProtobufRpcEngine2.java:556) [hadoop-common-3.3.4.jar:?]
	at org.apache.hadoop.ipc.RPC$Server.call(RPC.java:1093) [hadoop-common-3.3.4.jar:?]
	at org.apache.hadoop.ipc.Server$RpcCall.run(Server.java:1043) [hadoop-common-3.3.4.jar:?]
	at org.apache.hadoop.ipc.Server$RpcCall.run(Server.java:971) [hadoop-common-3.3.4.jar:?]
	at java.security.AccessController.doPrivileged(Native Method) ~[?:1.8.0_362]
	at javax.security.auth.Subject.doAs(Subject.java:422) [?:1.8.0_362]
	at org.apache.hadoop.security.UserGroupInformation.doAs(UserGroupInformation.java:1878) [hadoop-common-3.3.4.jar:?]
	at org.apache.hadoop.ipc.Server$Handler.run(Server.java:2976) [hadoop-common-3.3.4.jar:?]
13:41:34.330 [IPC Server handler 13 on default port 40765] ERROR OMAudit - user=runner | ip=127.0.0.1 | op=GET_FILE_STATUS {volume=volume82902, bucket=bucket15199, key=testBatchDelete/parent/childFolder/child6, dataSize=0, replicationConfig=null} | ret=FAILURE
org.apache.hadoop.ozone.om.exceptions.OMException: Unable to get file status: volume: volume82902 bucket: bucket15199 key: testBatchDelete/parent/childFolder/child6
	at org.apache.hadoop.ozone.om.KeyManagerImpl.getOzoneFileStatus(KeyManagerImpl.java:1162) ~[ozone-manager-1.4.0-SNAPSHOT.jar:?]
	at org.apache.hadoop.ozone.om.KeyManagerImpl.getFileStatus(KeyManagerImpl.java:1080) ~[ozone-manager-1.4.0-SNAPSHOT.jar:?]
	at org.apache.hadoop.ozone.om.OmMetadataReader.getFileStatus(OmMetadataReader.java:288) ~[ozone-manager-1.4.0-SNAPSHOT.jar:?]
	at org.apache.hadoop.ozone.om.OzoneManager.getFileStatus(OzoneManager.java:3450) ~[ozone-manager-1.4.0-SNAPSHOT.jar:?]
	at org.apache.hadoop.ozone.protocolPB.OzoneManagerRequestHandler.getOzoneFileStatus(OzoneManagerRequestHandler.java:933) ~[ozone-manager-1.4.0-SNAPSHOT.jar:?]
	at org.apache.hadoop.ozone.protocolPB.OzoneManagerRequestHandler.handleReadRequest(OzoneManagerRequestHandler.java:238) ~[ozone-manager-1.4.0-SNAPSHOT.jar:?]
	at org.apache.hadoop.ozone.protocolPB.OzoneManagerProtocolServerSideTranslatorPB.submitRequestDirectlyToOM(OzoneManagerProtocolServerSideTranslatorPB.java:271) ~[ozone-manager-1.4.0-SNAPSHOT.jar:?]
	at org.apache.hadoop.ozone.protocolPB.OzoneManagerProtocolServerSideTranslatorPB.processRequest(OzoneManagerProtocolServerSideTranslatorPB.java:173) ~[ozone-manager-1.4.0-SNAPSHOT.jar:?]
	at org.apache.hadoop.hdds.server.OzoneProtocolMessageDispatcher.processRequest(OzoneProtocolMessageDispatcher.java:87) [hdds-server-framework-1.4.0-SNAPSHOT.jar:?]
	at org.apache.hadoop.ozone.protocolPB.OzoneManagerProtocolServerSideTranslatorPB.submitRequest(OzoneManagerProtocolServerSideTranslatorPB.java:147) [ozone-manager-1.4.0-SNAPSHOT.jar:?]
	at org.apache.hadoop.ozone.protocol.proto.OzoneManagerProtocolProtos$OzoneManagerService$2.callBlockingMethod(OzoneManagerProtocolProtos.java) [ozone-interface-client-1.4.0-SNAPSHOT.jar:?]
	at org.apache.hadoop.ipc.ProtobufRpcEngine$Server.processCall(ProtobufRpcEngine.java:465) [hadoop-common-3.3.4.jar:?]
	at org.apache.hadoop.ipc.ProtobufRpcEngine2$Server$ProtoBufRpcInvoker.call(ProtobufRpcEngine2.java:578) [hadoop-common-3.3.4.jar:?]
	at org.apache.hadoop.ipc.ProtobufRpcEngine2$Server$ProtoBufRpcInvoker.call(ProtobufRpcEngine2.java:556) [hadoop-common-3.3.4.jar:?]
	at org.apache.hadoop.ipc.RPC$Server.call(RPC.java:1093) [hadoop-common-3.3.4.jar:?]
	at org.apache.hadoop.ipc.Server$RpcCall.run(Server.java:1043) [hadoop-common-3.3.4.jar:?]
	at org.apache.hadoop.ipc.Server$RpcCall.run(Server.java:971) [hadoop-common-3.3.4.jar:?]
	at java.security.AccessController.doPrivileged(Native Method) ~[?:1.8.0_362]
	at javax.security.auth.Subject.doAs(Subject.java:422) [?:1.8.0_362]
	at org.apache.hadoop.security.UserGroupInformation.doAs(UserGroupInformation.java:1878) [hadoop-common-3.3.4.jar:?]
	at org.apache.hadoop.ipc.Server$Handler.run(Server.java:2976) [hadoop-common-3.3.4.jar:?]
13:41:34.330 [IPC Server handler 15 on default port 40765] ERROR OMAudit - user=runner | ip=127.0.0.1 | op=GET_FILE_STATUS {volume=volume82902, bucket=bucket15199, key=testBatchDelete/parent/child7, dataSize=0, replicationConfig=null} | ret=FAILURE
org.apache.hadoop.ozone.om.exceptions.OMException: Unable to get file status: volume: volume82902 bucket: bucket15199 key: testBatchDelete/parent/child7
	at org.apache.hadoop.ozone.om.KeyManagerImpl.getOzoneFileStatus(KeyManagerImpl.java:1162) ~[ozone-manager-1.4.0-SNAPSHOT.jar:?]
	at org.apache.hadoop.ozone.om.KeyManagerImpl.getFileStatus(KeyManagerImpl.java:1080) ~[ozone-manager-1.4.0-SNAPSHOT.jar:?]
	at org.apache.hadoop.ozone.om.OmMetadataReader.getFileStatus(OmMetadataReader.java:288) ~[ozone-manager-1.4.0-SNAPSHOT.jar:?]
	at org.apache.hadoop.ozone.om.OzoneManager.getFileStatus(OzoneManager.java:3450) ~[ozone-manager-1.4.0-SNAPSHOT.jar:?]
	at org.apache.hadoop.ozone.protocolPB.OzoneManagerRequestHandler.getOzoneFileStatus(OzoneManagerRequestHandler.java:933) ~[ozone-manager-1.4.0-SNAPSHOT.jar:?]
	at org.apache.hadoop.ozone.protocolPB.OzoneManagerRequestHandler.handleReadRequest(OzoneManagerRequestHandler.java:238) ~[ozone-manager-1.4.0-SNAPSHOT.jar:?]
	at org.apache.hadoop.ozone.protocolPB.OzoneManagerProtocolServerSideTranslatorPB.submitRequestDirectlyToOM(OzoneManagerProtocolServerSideTranslatorPB.java:271) ~[ozone-manager-1.4.0-SNAPSHOT.jar:?]
	at org.apache.hadoop.ozone.protocolPB.OzoneManagerProtocolServerSideTranslatorPB.processRequest(OzoneManagerProtocolServerSideTranslatorPB.java:173) ~[ozone-manager-1.4.0-SNAPSHOT.jar:?]
	at org.apache.hadoop.hdds.server.OzoneProtocolMessageDispatcher.processRequest(OzoneProtocolMessageDispatcher.java:87) [hdds-server-framework-1.4.0-SNAPSHOT.jar:?]
	at org.apache.hadoop.ozone.protocolPB.OzoneManagerProtocolServerSideTranslatorPB.submitRequest(OzoneManagerProtocolServerSideTranslatorPB.java:147) [ozone-manager-1.4.0-SNAPSHOT.jar:?]
	at org.apache.hadoop.ozone.protocol.proto.OzoneManagerProtocolProtos$OzoneManagerService$2.callBlockingMethod(OzoneManagerProtocolProtos.java) [ozone-interface-client-1.4.0-SNAPSHOT.jar:?]
	at org.apache.hadoop.ipc.ProtobufRpcEngine$Server.processCall(ProtobufRpcEngine.java:465) [hadoop-common-3.3.4.jar:?]
	at org.apache.hadoop.ipc.ProtobufRpcEngine2$Server$ProtoBufRpcInvoker.call(ProtobufRpcEngine2.java:578) [hadoop-common-3.3.4.jar:?]
	at org.apache.hadoop.ipc.ProtobufRpcEngine2$Server$ProtoBufRpcInvoker.call(ProtobufRpcEngine2.java:556) [hadoop-common-3.3.4.jar:?]
	at org.apache.hadoop.ipc.RPC$Server.call(RPC.java:1093) [hadoop-common-3.3.4.jar:?]
	at org.apache.hadoop.ipc.Server$RpcCall.run(Server.java:1043) [hadoop-common-3.3.4.jar:?]
	at org.apache.hadoop.ipc.Server$RpcCall.run(Server.java:971) [hadoop-common-3.3.4.jar:?]
	at java.security.AccessController.doPrivileged(Native Method) ~[?:1.8.0_362]
	at javax.security.auth.Subject.doAs(Subject.java:422) [?:1.8.0_362]
	at org.apache.hadoop.security.UserGroupInformation.doAs(UserGroupInformation.java:1878) [hadoop-common-3.3.4.jar:?]
	at org.apache.hadoop.ipc.Server$Handler.run(Server.java:2976) [hadoop-common-3.3.4.jar:?]
13:41:34.331 [IPC Server handler 10 on default port 40765] ERROR OMAudit - user=runner | ip=127.0.0.1 | op=GET_FILE_STATUS {volume=volume82902, bucket=bucket15199, key=testBatchDelete/parent/childFolder/child7, dataSize=0, replicationConfig=null} | ret=FAILURE
org.apache.hadoop.ozone.om.exceptions.OMException: Unable to get file status: volume: volume82902 bucket: bucket15199 key: testBatchDelete/parent/childFolder/child7
	at org.apache.hadoop.ozone.om.KeyManagerImpl.getOzoneFileStatus(KeyManagerImpl.java:1162) ~[ozone-manager-1.4.0-SNAPSHOT.jar:?]
	at org.apache.hadoop.ozone.om.KeyManagerImpl.getFileStatus(KeyManagerImpl.java:1080) ~[ozone-manager-1.4.0-SNAPSHOT.jar:?]
	at org.apache.hadoop.ozone.om.OmMetadataReader.getFileStatus(OmMetadataReader.java:288) ~[ozone-manager-1.4.0-SNAPSHOT.jar:?]
	at org.apache.hadoop.ozone.om.OzoneManager.getFileStatus(OzoneManager.java:3450) ~[ozone-manager-1.4.0-SNAPSHOT.jar:?]
	at org.apache.hadoop.ozone.protocolPB.OzoneManagerRequestHandler.getOzoneFileStatus(OzoneManagerRequestHandler.java:933) ~[ozone-manager-1.4.0-SNAPSHOT.jar:?]
	at org.apache.hadoop.ozone.protocolPB.OzoneManagerRequestHandler.handleReadRequest(OzoneManagerRequestHandler.java:238) ~[ozone-manager-1.4.0-SNAPSHOT.jar:?]
	at org.apache.hadoop.ozone.protocolPB.OzoneManagerProtocolServerSideTranslatorPB.submitRequestDirectlyToOM(OzoneManagerProtocolServerSideTranslatorPB.java:271) ~[ozone-manager-1.4.0-SNAPSHOT.jar:?]
	at org.apache.hadoop.ozone.protocolPB.OzoneManagerProtocolServerSideTranslatorPB.processRequest(OzoneManagerProtocolServerSideTranslatorPB.java:173) ~[ozone-manager-1.4.0-SNAPSHOT.jar:?]
	at org.apache.hadoop.hdds.server.OzoneProtocolMessageDispatcher.processRequest(OzoneProtocolMessageDispatcher.java:87) [hdds-server-framework-1.4.0-SNAPSHOT.jar:?]
	at org.apache.hadoop.ozone.protocolPB.OzoneManagerProtocolServerSideTranslatorPB.submitRequest(OzoneManagerProtocolServerSideTranslatorPB.java:147) [ozone-manager-1.4.0-SNAPSHOT.jar:?]
	at org.apache.hadoop.ozone.protocol.proto.OzoneManagerProtocolProtos$OzoneManagerService$2.callBlockingMethod(OzoneManagerProtocolProtos.java) [ozone-interface-client-1.4.0-SNAPSHOT.jar:?]
	at org.apache.hadoop.ipc.ProtobufRpcEngine$Server.processCall(ProtobufRpcEngine.java:465) [hadoop-common-3.3.4.jar:?]
	at org.apache.hadoop.ipc.ProtobufRpcEngine2$Server$ProtoBufRpcInvoker.call(ProtobufRpcEngine2.java:578) [hadoop-common-3.3.4.jar:?]
	at org.apache.hadoop.ipc.ProtobufRpcEngine2$Server$ProtoBufRpcInvoker.call(ProtobufRpcEngine2.java:556) [hadoop-common-3.3.4.jar:?]
	at org.apache.hadoop.ipc.RPC$Server.call(RPC.java:1093) [hadoop-common-3.3.4.jar:?]
	at org.apache.hadoop.ipc.Server$RpcCall.run(Server.java:1043) [hadoop-common-3.3.4.jar:?]
	at org.apache.hadoop.ipc.Server$RpcCall.run(Server.java:971) [hadoop-common-3.3.4.jar:?]
	at java.security.AccessController.doPrivileged(Native Method) ~[?:1.8.0_362]
	at javax.security.auth.Subject.doAs(Subject.java:422) [?:1.8.0_362]
	at org.apache.hadoop.security.UserGroupInformation.doAs(UserGroupInformation.java:1878) [hadoop-common-3.3.4.jar:?]
	at org.apache.hadoop.ipc.Server$Handler.run(Server.java:2976) [hadoop-common-3.3.4.jar:?]
13:41:34.332 [IPC Server handler 12 on default port 40765] ERROR OMAudit - user=runner | ip=127.0.0.1 | op=GET_FILE_STATUS {volume=volume82902, bucket=bucket15199, key=testBatchDelete/parent, dataSize=0, replicationConfig=null} | ret=FAILURE
org.apache.hadoop.ozone.om.exceptions.OMException: Unable to get file status: volume: volume82902 bucket: bucket15199 key: testBatchDelete/parent
	at org.apache.hadoop.ozone.om.KeyManagerImpl.getOzoneFileStatus(KeyManagerImpl.java:1162) ~[ozone-manager-1.4.0-SNAPSHOT.jar:?]
	at org.apache.hadoop.ozone.om.KeyManagerImpl.getFileStatus(KeyManagerImpl.java:1080) ~[ozone-manager-1.4.0-SNAPSHOT.jar:?]
	at org.apache.hadoop.ozone.om.OmMetadataReader.getFileStatus(OmMetadataReader.java:288) ~[ozone-manager-1.4.0-SNAPSHOT.jar:?]
	at org.apache.hadoop.ozone.om.OzoneManager.getFileStatus(OzoneManager.java:3450) ~[ozone-manager-1.4.0-SNAPSHOT.jar:?]
	at org.apache.hadoop.ozone.protocolPB.OzoneManagerRequestHandler.getOzoneFileStatus(OzoneManagerRequestHandler.java:933) ~[ozone-manager-1.4.0-SNAPSHOT.jar:?]
	at org.apache.hadoop.ozone.protocolPB.OzoneManagerRequestHandler.handleReadRequest(OzoneManagerRequestHandler.java:238) ~[ozone-manager-1.4.0-SNAPSHOT.jar:?]
	at org.apache.hadoop.ozone.protocolPB.OzoneManagerProtocolServerSideTranslatorPB.submitRequestDirectlyToOM(OzoneManagerProtocolServerSideTranslatorPB.java:271) ~[ozone-manager-1.4.0-SNAPSHOT.jar:?]
	at org.apache.hadoop.ozone.protocolPB.OzoneManagerProtocolServerSideTranslatorPB.processRequest(OzoneManagerProtocolServerSideTranslatorPB.java:173) ~[ozone-manager-1.4.0-SNAPSHOT.jar:?]
	at org.apache.hadoop.hdds.server.OzoneProtocolMessageDispatcher.processRequest(OzoneProtocolMessageDispatcher.java:87) [hdds-server-framework-1.4.0-SNAPSHOT.jar:?]
	at org.apache.hadoop.ozone.protocolPB.OzoneManagerProtocolServerSideTranslatorPB.submitRequest(OzoneManagerProtocolServerSideTranslatorPB.java:147) [ozone-manager-1.4.0-SNAPSHOT.jar:?]
	at org.apache.hadoop.ozone.protocol.proto.OzoneManagerProtocolProtos$OzoneManagerService$2.callBlockingMethod(OzoneManagerProtocolProtos.java) [ozone-interface-client-1.4.0-SNAPSHOT.jar:?]
	at org.apache.hadoop.ipc.ProtobufRpcEngine$Server.processCall(ProtobufRpcEngine.java:465) [hadoop-common-3.3.4.jar:?]
	at org.apache.hadoop.ipc.ProtobufRpcEngine2$Server$ProtoBufRpcInvoker.call(ProtobufRpcEngine2.java:578) [hadoop-common-3.3.4.jar:?]
	at org.apache.hadoop.ipc.ProtobufRpcEngine2$Server$ProtoBufRpcInvoker.call(ProtobufRpcEngine2.java:556) [hadoop-common-3.3.4.jar:?]
	at org.apache.hadoop.ipc.RPC$Server.call(RPC.java:1093) [hadoop-common-3.3.4.jar:?]
	at org.apache.hadoop.ipc.Server$RpcCall.run(Server.java:1043) [hadoop-common-3.3.4.jar:?]
	at org.apache.hadoop.ipc.Server$RpcCall.run(Server.java:971) [hadoop-common-3.3.4.jar:?]
	at java.security.AccessController.doPrivileged(Native Method) ~[?:1.8.0_362]
	at javax.security.auth.Subject.doAs(Subject.java:422) [?:1.8.0_362]
	at org.apache.hadoop.security.UserGroupInformation.doAs(UserGroupInformation.java:1878) [hadoop-common-3.3.4.jar:?]
	at org.apache.hadoop.ipc.Server$Handler.run(Server.java:2976) [hadoop-common-3.3.4.jar:?]
2023-02-21 13:41:34,332 [Time-limited test] WARN  ozone.BasicOzoneFileSystem (BasicOzoneFileSystem.java:delete(559)) - delete: Path does not exist: /testBatchDelete/parent
]]></system-out>
  </testcase>
  <testcase name="testListStatusIteratorOnPageSize" classname="TestOzoneFileSystem" time="42.892">
    <system-out><![CDATA[2023-02-21 13:38:05,049 [Under Replicated Processor] INFO  replication.UnhealthyReplicationProcessor (UnhealthyReplicationProcessor.java:processAll(112)) - Processed 0 containers with health state counts {},failed processing 0
2023-02-21 13:38:05,060 [Over Replicated Processor] INFO  replication.UnhealthyReplicationProcessor (UnhealthyReplicationProcessor.java:processAll(112)) - Processed 0 containers with health state counts {},failed processing 0
2023-02-21 13:38:35,049 [Under Replicated Processor] INFO  replication.UnhealthyReplicationProcessor (UnhealthyReplicationProcessor.java:processAll(112)) - Processed 0 containers with health state counts {},failed processing 0
2023-02-21 13:38:35,060 [Over Replicated Processor] INFO  replication.UnhealthyReplicationProcessor (UnhealthyReplicationProcessor.java:processAll(112)) - Processed 0 containers with health state counts {},failed processing 0
2023-02-21 13:38:40,110 [IPC Server handler 19 on default port 36255] INFO  ha.SequenceIdGenerator (SequenceIdGenerator.java:getNextId(128)) - Allocate a batch for delTxnId, change lastId from 0 to 1000.
]]></system-out>
  </testcase>
  <testcase name="testListStatusIteratorOnPageSize" classname="TestOzoneFileSystem" time="25.509">
    <system-out><![CDATA[2023-02-21 13:39:36,624 [Under Replicated Processor] INFO  replication.UnhealthyReplicationProcessor (UnhealthyReplicationProcessor.java:processAll(112)) - Processed 0 containers with health state counts {},failed processing 0
2023-02-21 13:39:36,629 [Over Replicated Processor] INFO  replication.UnhealthyReplicationProcessor (UnhealthyReplicationProcessor.java:processAll(112)) - Processed 0 containers with health state counts {},failed processing 0
]]></system-out>
  </testcase>
  <testcase name="testListStatusIteratorOnPageSize" classname="TestOzoneFileSystem" time="33.205">
    <system-out><![CDATA[2023-02-21 13:40:35,869 [Over Replicated Processor] INFO  replication.UnhealthyReplicationProcessor (UnhealthyReplicationProcessor.java:processAll(112)) - Processed 0 containers with health state counts {},failed processing 0
2023-02-21 13:40:35,870 [Under Replicated Processor] INFO  replication.UnhealthyReplicationProcessor (UnhealthyReplicationProcessor.java:processAll(112)) - Processed 0 containers with health state counts {},failed processing 0
]]></system-out>
  </testcase>
  <testcase name="testListStatusIteratorOnPageSize" classname="TestOzoneFileSystem" time="23.326">
    <system-out><![CDATA[2023-02-21 13:41:45,563 [Under Replicated Processor] INFO  replication.UnhealthyReplicationProcessor (UnhealthyReplicationProcessor.java:processAll(112)) - Processed 0 containers with health state counts {},failed processing 0
2023-02-21 13:41:45,565 [Over Replicated Processor] INFO  replication.UnhealthyReplicationProcessor (UnhealthyReplicationProcessor.java:processAll(112)) - Processed 0 containers with health state counts {},failed processing 0
2023-02-21 13:41:49,877 [JvmPauseMonitor18] WARN  util.JvmPauseMonitor (JvmPauseMonitor.java:detectPause(126)) - JvmPauseMonitor-41686b04-70c8-46c5-a517-6ec9de94494c: Detected pause in JVM or host machine (eg GC): pause of approximately 165928559ns.
GC pool 'PS MarkSweep' had collection(s): count=1 time=432ms
GC pool 'PS Scavenge' had collection(s): count=1 time=204ms
2023-02-21 13:41:49,879 [JvmPauseMonitor19] WARN  util.JvmPauseMonitor (JvmPauseMonitor.java:detectPause(126)) - JvmPauseMonitor-7309d6a4-9c1d-4dc9-b84b-2418a7036ef2: Detected pause in JVM or host machine (eg GC): pause of approximately 267086650ns.
GC pool 'PS MarkSweep' had collection(s): count=1 time=432ms
GC pool 'PS Scavenge' had collection(s): count=1 time=204ms
2023-02-21 13:41:49,879 [30d23356-b820-4c87-80b9-55beb4a3056d@group-4A9D858258DA-FollowerState] WARN  impl.FollowerState (FollowerState.java:run(130)) - Unexpected long sleep: sleep 5152ms but took extra 302294930ns (> threshold = 300ms)
2023-02-21 13:41:49,880 [7309d6a4-9c1d-4dc9-b84b-2418a7036ef2@group-B1B7CB2BEB3E-FollowerState] WARN  impl.FollowerState (FollowerState.java:run(130)) - Unexpected long sleep: sleep 5079ms but took extra 418513122ns (> threshold = 300ms)
2023-02-21 13:41:49,880 [JvmPauseMonitor20] WARN  util.JvmPauseMonitor (JvmPauseMonitor.java:detectPause(126)) - JvmPauseMonitor-e005f503-ad61-467d-ad83-422b074b570a: Detected pause in JVM or host machine (eg GC): pause of approximately 419096637ns.
GC pool 'PS MarkSweep' had collection(s): count=1 time=432ms
GC pool 'PS Scavenge' had collection(s): count=1 time=204ms
2023-02-21 13:41:49,880 [41686b04-70c8-46c5-a517-6ec9de94494c@group-B1B7CB2BEB3E-FollowerState] WARN  impl.FollowerState (FollowerState.java:run(130)) - Unexpected long sleep: sleep 5135ms but took extra 425073855ns (> threshold = 300ms)
2023-02-21 13:41:49,880 [JvmPauseMonitor21] WARN  util.JvmPauseMonitor (JvmPauseMonitor.java:detectPause(126)) - JvmPauseMonitor-01e18597-a4ca-46a9-ac7d-09d343b6c1b0: Detected pause in JVM or host machine (eg GC): pause of approximately 509348408ns.
GC pool 'PS MarkSweep' had collection(s): count=1 time=432ms
GC pool 'PS Scavenge' had collection(s): count=1 time=204ms
2023-02-21 13:41:49,880 [JvmPauseMonitor17] WARN  util.JvmPauseMonitor (JvmPauseMonitor.java:detectPause(126)) - JvmPauseMonitor-30d23356-b820-4c87-80b9-55beb4a3056d: Detected pause in JVM or host machine (eg GC): pause of approximately 509450609ns.
GC pool 'PS MarkSweep' had collection(s): count=1 time=432ms
GC pool 'PS Scavenge' had collection(s): count=1 time=204ms
]]></system-out>
  </testcase>
  <testcase name="testRenameToTrashEnabled" classname="TestOzoneFileSystem" time="0.113">
    <system-out><![CDATA[13:38:46.698 [IPC Server handler 4 on default port 35721] ERROR OMAudit - user=runner | ip=127.0.0.1 | op=GET_FILE_STATUS {volume=volume06454, bucket=bucket10538, key=.Trash/runner/Current/testKey1, dataSize=0, replicationConfig=null} | ret=FAILURE
org.apache.hadoop.ozone.om.exceptions.OMException: Unable to get file status: volume: volume06454 bucket: bucket10538 key: .Trash/runner/Current/testKey1
	at org.apache.hadoop.ozone.om.KeyManagerImpl.getOzoneFileStatus(KeyManagerImpl.java:1162) ~[ozone-manager-1.4.0-SNAPSHOT.jar:?]
	at org.apache.hadoop.ozone.om.KeyManagerImpl.getFileStatus(KeyManagerImpl.java:1080) ~[ozone-manager-1.4.0-SNAPSHOT.jar:?]
	at org.apache.hadoop.ozone.om.OmMetadataReader.getFileStatus(OmMetadataReader.java:288) ~[ozone-manager-1.4.0-SNAPSHOT.jar:?]
	at org.apache.hadoop.ozone.om.OzoneManager.getFileStatus(OzoneManager.java:3450) ~[ozone-manager-1.4.0-SNAPSHOT.jar:?]
	at org.apache.hadoop.ozone.protocolPB.OzoneManagerRequestHandler.getOzoneFileStatus(OzoneManagerRequestHandler.java:933) ~[ozone-manager-1.4.0-SNAPSHOT.jar:?]
	at org.apache.hadoop.ozone.protocolPB.OzoneManagerRequestHandler.handleReadRequest(OzoneManagerRequestHandler.java:238) ~[ozone-manager-1.4.0-SNAPSHOT.jar:?]
	at org.apache.hadoop.ozone.protocolPB.OzoneManagerProtocolServerSideTranslatorPB.submitReadRequestToOM(OzoneManagerProtocolServerSideTranslatorPB.java:223) ~[ozone-manager-1.4.0-SNAPSHOT.jar:?]
	at org.apache.hadoop.ozone.protocolPB.OzoneManagerProtocolServerSideTranslatorPB.processRequest(OzoneManagerProtocolServerSideTranslatorPB.java:177) ~[ozone-manager-1.4.0-SNAPSHOT.jar:?]
	at org.apache.hadoop.hdds.server.OzoneProtocolMessageDispatcher.processRequest(OzoneProtocolMessageDispatcher.java:87) [hdds-server-framework-1.4.0-SNAPSHOT.jar:?]
	at org.apache.hadoop.ozone.protocolPB.OzoneManagerProtocolServerSideTranslatorPB.submitRequest(OzoneManagerProtocolServerSideTranslatorPB.java:147) [ozone-manager-1.4.0-SNAPSHOT.jar:?]
	at org.apache.hadoop.ozone.protocol.proto.OzoneManagerProtocolProtos$OzoneManagerService$2.callBlockingMethod(OzoneManagerProtocolProtos.java) [ozone-interface-client-1.4.0-SNAPSHOT.jar:?]
	at org.apache.hadoop.ipc.ProtobufRpcEngine$Server.processCall(ProtobufRpcEngine.java:465) [hadoop-common-3.3.4.jar:?]
	at org.apache.hadoop.ipc.ProtobufRpcEngine2$Server$ProtoBufRpcInvoker.call(ProtobufRpcEngine2.java:578) [hadoop-common-3.3.4.jar:?]
	at org.apache.hadoop.ipc.ProtobufRpcEngine2$Server$ProtoBufRpcInvoker.call(ProtobufRpcEngine2.java:556) [hadoop-common-3.3.4.jar:?]
	at org.apache.hadoop.ipc.RPC$Server.call(RPC.java:1093) [hadoop-common-3.3.4.jar:?]
	at org.apache.hadoop.ipc.Server$RpcCall.run(Server.java:1043) [hadoop-common-3.3.4.jar:?]
	at org.apache.hadoop.ipc.Server$RpcCall.run(Server.java:971) [hadoop-common-3.3.4.jar:?]
	at java.security.AccessController.doPrivileged(Native Method) ~[?:1.8.0_362]
	at javax.security.auth.Subject.doAs(Subject.java:422) [?:1.8.0_362]
	at org.apache.hadoop.security.UserGroupInformation.doAs(UserGroupInformation.java:1878) [hadoop-common-3.3.4.jar:?]
	at org.apache.hadoop.ipc.Server$Handler.run(Server.java:2976) [hadoop-common-3.3.4.jar:?]
13:38:46.702 [IPC Server handler 18 on default port 35721] ERROR OMAudit - user=runner | ip=127.0.0.1 | op=GET_FILE_STATUS {volume=volume06454, bucket=bucket10538, key=.Trash/runner/Current/testKey1, dataSize=0, replicationConfig=null} | ret=FAILURE
org.apache.hadoop.ozone.om.exceptions.OMException: Unable to get file status: volume: volume06454 bucket: bucket10538 key: .Trash/runner/Current/testKey1
	at org.apache.hadoop.ozone.om.KeyManagerImpl.getOzoneFileStatus(KeyManagerImpl.java:1162) ~[ozone-manager-1.4.0-SNAPSHOT.jar:?]
	at org.apache.hadoop.ozone.om.KeyManagerImpl.getFileStatus(KeyManagerImpl.java:1080) ~[ozone-manager-1.4.0-SNAPSHOT.jar:?]
	at org.apache.hadoop.ozone.om.OmMetadataReader.getFileStatus(OmMetadataReader.java:288) ~[ozone-manager-1.4.0-SNAPSHOT.jar:?]
	at org.apache.hadoop.ozone.om.OzoneManager.getFileStatus(OzoneManager.java:3450) ~[ozone-manager-1.4.0-SNAPSHOT.jar:?]
	at org.apache.hadoop.ozone.protocolPB.OzoneManagerRequestHandler.getOzoneFileStatus(OzoneManagerRequestHandler.java:933) ~[ozone-manager-1.4.0-SNAPSHOT.jar:?]
	at org.apache.hadoop.ozone.protocolPB.OzoneManagerRequestHandler.handleReadRequest(OzoneManagerRequestHandler.java:238) ~[ozone-manager-1.4.0-SNAPSHOT.jar:?]
	at org.apache.hadoop.ozone.protocolPB.OzoneManagerProtocolServerSideTranslatorPB.submitReadRequestToOM(OzoneManagerProtocolServerSideTranslatorPB.java:223) ~[ozone-manager-1.4.0-SNAPSHOT.jar:?]
	at org.apache.hadoop.ozone.protocolPB.OzoneManagerProtocolServerSideTranslatorPB.processRequest(OzoneManagerProtocolServerSideTranslatorPB.java:177) ~[ozone-manager-1.4.0-SNAPSHOT.jar:?]
	at org.apache.hadoop.hdds.server.OzoneProtocolMessageDispatcher.processRequest(OzoneProtocolMessageDispatcher.java:87) [hdds-server-framework-1.4.0-SNAPSHOT.jar:?]
	at org.apache.hadoop.ozone.protocolPB.OzoneManagerProtocolServerSideTranslatorPB.submitRequest(OzoneManagerProtocolServerSideTranslatorPB.java:147) [ozone-manager-1.4.0-SNAPSHOT.jar:?]
	at org.apache.hadoop.ozone.protocol.proto.OzoneManagerProtocolProtos$OzoneManagerService$2.callBlockingMethod(OzoneManagerProtocolProtos.java) [ozone-interface-client-1.4.0-SNAPSHOT.jar:?]
	at org.apache.hadoop.ipc.ProtobufRpcEngine$Server.processCall(ProtobufRpcEngine.java:465) [hadoop-common-3.3.4.jar:?]
	at org.apache.hadoop.ipc.ProtobufRpcEngine2$Server$ProtoBufRpcInvoker.call(ProtobufRpcEngine2.java:578) [hadoop-common-3.3.4.jar:?]
	at org.apache.hadoop.ipc.ProtobufRpcEngine2$Server$ProtoBufRpcInvoker.call(ProtobufRpcEngine2.java:556) [hadoop-common-3.3.4.jar:?]
	at org.apache.hadoop.ipc.RPC$Server.call(RPC.java:1093) [hadoop-common-3.3.4.jar:?]
	at org.apache.hadoop.ipc.Server$RpcCall.run(Server.java:1043) [hadoop-common-3.3.4.jar:?]
	at org.apache.hadoop.ipc.Server$RpcCall.run(Server.java:971) [hadoop-common-3.3.4.jar:?]
	at java.security.AccessController.doPrivileged(Native Method) ~[?:1.8.0_362]
	at javax.security.auth.Subject.doAs(Subject.java:422) [?:1.8.0_362]
	at org.apache.hadoop.security.UserGroupInformation.doAs(UserGroupInformation.java:1878) [hadoop-common-3.3.4.jar:?]
	at org.apache.hadoop.ipc.Server$Handler.run(Server.java:2976) [hadoop-common-3.3.4.jar:?]
2023-02-21 13:38:46,710 [Time-limited test] INFO  om.TrashPolicyOzone (TrashPolicyOzone.java:moveToTrash(209)) - Moved: '/testKey1' to trash at: /.Trash/runner/Current/testKey1
]]></system-out>
  </testcase>
  <testcase name="testRenameToTrashEnabled" classname="TestOzoneFileSystem" time="0.127">
    <system-out><![CDATA[13:39:52.496 [IPC Server handler 14 on default port 40229] ERROR OMAudit - user=runner | ip=127.0.0.1 | op=GET_FILE_STATUS {volume=volume46490, bucket=bucket73093, key=.Trash/runner/Current/testKey1, dataSize=0, replicationConfig=null} | ret=FAILURE
org.apache.hadoop.ozone.om.exceptions.OMException: Unable to get file status: volume: volume46490 bucket: bucket73093 key: .Trash/runner/Current/testKey1
	at org.apache.hadoop.ozone.om.KeyManagerImpl.getOzoneFileStatus(KeyManagerImpl.java:1162) ~[ozone-manager-1.4.0-SNAPSHOT.jar:?]
	at org.apache.hadoop.ozone.om.KeyManagerImpl.getFileStatus(KeyManagerImpl.java:1080) ~[ozone-manager-1.4.0-SNAPSHOT.jar:?]
	at org.apache.hadoop.ozone.om.OmMetadataReader.getFileStatus(OmMetadataReader.java:288) ~[ozone-manager-1.4.0-SNAPSHOT.jar:?]
	at org.apache.hadoop.ozone.om.OzoneManager.getFileStatus(OzoneManager.java:3450) ~[ozone-manager-1.4.0-SNAPSHOT.jar:?]
	at org.apache.hadoop.ozone.protocolPB.OzoneManagerRequestHandler.getOzoneFileStatus(OzoneManagerRequestHandler.java:933) ~[ozone-manager-1.4.0-SNAPSHOT.jar:?]
	at org.apache.hadoop.ozone.protocolPB.OzoneManagerRequestHandler.handleReadRequest(OzoneManagerRequestHandler.java:238) ~[ozone-manager-1.4.0-SNAPSHOT.jar:?]
	at org.apache.hadoop.ozone.protocolPB.OzoneManagerProtocolServerSideTranslatorPB.submitRequestDirectlyToOM(OzoneManagerProtocolServerSideTranslatorPB.java:271) ~[ozone-manager-1.4.0-SNAPSHOT.jar:?]
	at org.apache.hadoop.ozone.protocolPB.OzoneManagerProtocolServerSideTranslatorPB.processRequest(OzoneManagerProtocolServerSideTranslatorPB.java:173) ~[ozone-manager-1.4.0-SNAPSHOT.jar:?]
	at org.apache.hadoop.hdds.server.OzoneProtocolMessageDispatcher.processRequest(OzoneProtocolMessageDispatcher.java:87) [hdds-server-framework-1.4.0-SNAPSHOT.jar:?]
	at org.apache.hadoop.ozone.protocolPB.OzoneManagerProtocolServerSideTranslatorPB.submitRequest(OzoneManagerProtocolServerSideTranslatorPB.java:147) [ozone-manager-1.4.0-SNAPSHOT.jar:?]
	at org.apache.hadoop.ozone.protocol.proto.OzoneManagerProtocolProtos$OzoneManagerService$2.callBlockingMethod(OzoneManagerProtocolProtos.java) [ozone-interface-client-1.4.0-SNAPSHOT.jar:?]
	at org.apache.hadoop.ipc.ProtobufRpcEngine$Server.processCall(ProtobufRpcEngine.java:465) [hadoop-common-3.3.4.jar:?]
	at org.apache.hadoop.ipc.ProtobufRpcEngine2$Server$ProtoBufRpcInvoker.call(ProtobufRpcEngine2.java:578) [hadoop-common-3.3.4.jar:?]
	at org.apache.hadoop.ipc.ProtobufRpcEngine2$Server$ProtoBufRpcInvoker.call(ProtobufRpcEngine2.java:556) [hadoop-common-3.3.4.jar:?]
	at org.apache.hadoop.ipc.RPC$Server.call(RPC.java:1093) [hadoop-common-3.3.4.jar:?]
	at org.apache.hadoop.ipc.Server$RpcCall.run(Server.java:1043) [hadoop-common-3.3.4.jar:?]
	at org.apache.hadoop.ipc.Server$RpcCall.run(Server.java:971) [hadoop-common-3.3.4.jar:?]
	at java.security.AccessController.doPrivileged(Native Method) ~[?:1.8.0_362]
	at javax.security.auth.Subject.doAs(Subject.java:422) [?:1.8.0_362]
	at org.apache.hadoop.security.UserGroupInformation.doAs(UserGroupInformation.java:1878) [hadoop-common-3.3.4.jar:?]
	at org.apache.hadoop.ipc.Server$Handler.run(Server.java:2976) [hadoop-common-3.3.4.jar:?]
13:39:52.503 [IPC Server handler 19 on default port 40229] ERROR OMAudit - user=runner | ip=127.0.0.1 | op=GET_FILE_STATUS {volume=volume46490, bucket=bucket73093, key=.Trash/runner/Current/testKey1, dataSize=0, replicationConfig=null} | ret=FAILURE
org.apache.hadoop.ozone.om.exceptions.OMException: Unable to get file status: volume: volume46490 bucket: bucket73093 key: .Trash/runner/Current/testKey1
	at org.apache.hadoop.ozone.om.KeyManagerImpl.getOzoneFileStatus(KeyManagerImpl.java:1162) ~[ozone-manager-1.4.0-SNAPSHOT.jar:?]
	at org.apache.hadoop.ozone.om.KeyManagerImpl.getFileStatus(KeyManagerImpl.java:1080) ~[ozone-manager-1.4.0-SNAPSHOT.jar:?]
	at org.apache.hadoop.ozone.om.OmMetadataReader.getFileStatus(OmMetadataReader.java:288) ~[ozone-manager-1.4.0-SNAPSHOT.jar:?]
	at org.apache.hadoop.ozone.om.OzoneManager.getFileStatus(OzoneManager.java:3450) ~[ozone-manager-1.4.0-SNAPSHOT.jar:?]
	at org.apache.hadoop.ozone.protocolPB.OzoneManagerRequestHandler.getOzoneFileStatus(OzoneManagerRequestHandler.java:933) ~[ozone-manager-1.4.0-SNAPSHOT.jar:?]
	at org.apache.hadoop.ozone.protocolPB.OzoneManagerRequestHandler.handleReadRequest(OzoneManagerRequestHandler.java:238) ~[ozone-manager-1.4.0-SNAPSHOT.jar:?]
	at org.apache.hadoop.ozone.protocolPB.OzoneManagerProtocolServerSideTranslatorPB.submitRequestDirectlyToOM(OzoneManagerProtocolServerSideTranslatorPB.java:271) ~[ozone-manager-1.4.0-SNAPSHOT.jar:?]
	at org.apache.hadoop.ozone.protocolPB.OzoneManagerProtocolServerSideTranslatorPB.processRequest(OzoneManagerProtocolServerSideTranslatorPB.java:173) ~[ozone-manager-1.4.0-SNAPSHOT.jar:?]
	at org.apache.hadoop.hdds.server.OzoneProtocolMessageDispatcher.processRequest(OzoneProtocolMessageDispatcher.java:87) [hdds-server-framework-1.4.0-SNAPSHOT.jar:?]
	at org.apache.hadoop.ozone.protocolPB.OzoneManagerProtocolServerSideTranslatorPB.submitRequest(OzoneManagerProtocolServerSideTranslatorPB.java:147) [ozone-manager-1.4.0-SNAPSHOT.jar:?]
	at org.apache.hadoop.ozone.protocol.proto.OzoneManagerProtocolProtos$OzoneManagerService$2.callBlockingMethod(OzoneManagerProtocolProtos.java) [ozone-interface-client-1.4.0-SNAPSHOT.jar:?]
	at org.apache.hadoop.ipc.ProtobufRpcEngine$Server.processCall(ProtobufRpcEngine.java:465) [hadoop-common-3.3.4.jar:?]
	at org.apache.hadoop.ipc.ProtobufRpcEngine2$Server$ProtoBufRpcInvoker.call(ProtobufRpcEngine2.java:578) [hadoop-common-3.3.4.jar:?]
	at org.apache.hadoop.ipc.ProtobufRpcEngine2$Server$ProtoBufRpcInvoker.call(ProtobufRpcEngine2.java:556) [hadoop-common-3.3.4.jar:?]
	at org.apache.hadoop.ipc.RPC$Server.call(RPC.java:1093) [hadoop-common-3.3.4.jar:?]
	at org.apache.hadoop.ipc.Server$RpcCall.run(Server.java:1043) [hadoop-common-3.3.4.jar:?]
	at org.apache.hadoop.ipc.Server$RpcCall.run(Server.java:971) [hadoop-common-3.3.4.jar:?]
	at java.security.AccessController.doPrivileged(Native Method) ~[?:1.8.0_362]
	at javax.security.auth.Subject.doAs(Subject.java:422) [?:1.8.0_362]
	at org.apache.hadoop.security.UserGroupInformation.doAs(UserGroupInformation.java:1878) [hadoop-common-3.3.4.jar:?]
	at org.apache.hadoop.ipc.Server$Handler.run(Server.java:2976) [hadoop-common-3.3.4.jar:?]
2023-02-21 13:39:52,509 [Time-limited test] INFO  om.TrashPolicyOzone (TrashPolicyOzone.java:moveToTrash(209)) - Moved: '/testKey1' to trash at: /.Trash/runner/Current/testKey1
2023-02-21 13:39:52,520 [IPC Server handler 11 on default port 40229] ERROR key.OMKeysDeleteRequest (OMKeysDeleteRequest.java:validateAndUpdateCache(146)) - Received a request to delete a Key does not exist /volume46490/bucket73093/.Trash/runner/Current/testKey1
2023-02-21 13:39:52,521 [Time-limited test] ERROR ozone.BasicOzoneClientAdapterImpl (BasicOzoneClientAdapterImpl.java:deleteObjects(378)) - delete key failed 
]]></system-out>
  </testcase>
  <testcase name="testRenameToTrashEnabled" classname="TestOzoneFileSystem" time="0.116">
    <system-out><![CDATA[13:40:58.771 [IPC Server handler 4 on default port 34503] ERROR OMAudit - user=runner | ip=127.0.0.1 | op=GET_FILE_STATUS {volume=volume47855, bucket=bucket64015, key=.Trash/runner/Current/testKey1, dataSize=0, replicationConfig=null} | ret=FAILURE
org.apache.hadoop.ozone.om.exceptions.OMException: Unable to get file status: volume: volume47855 bucket: bucket64015 key: .Trash/runner/Current/testKey1
	at org.apache.hadoop.ozone.om.KeyManagerImpl.getOzoneFileStatus(KeyManagerImpl.java:1162) ~[ozone-manager-1.4.0-SNAPSHOT.jar:?]
	at org.apache.hadoop.ozone.om.KeyManagerImpl.getFileStatus(KeyManagerImpl.java:1080) ~[ozone-manager-1.4.0-SNAPSHOT.jar:?]
	at org.apache.hadoop.ozone.om.OmMetadataReader.getFileStatus(OmMetadataReader.java:288) ~[ozone-manager-1.4.0-SNAPSHOT.jar:?]
	at org.apache.hadoop.ozone.om.OzoneManager.getFileStatus(OzoneManager.java:3450) ~[ozone-manager-1.4.0-SNAPSHOT.jar:?]
	at org.apache.hadoop.ozone.protocolPB.OzoneManagerRequestHandler.getOzoneFileStatus(OzoneManagerRequestHandler.java:933) ~[ozone-manager-1.4.0-SNAPSHOT.jar:?]
	at org.apache.hadoop.ozone.protocolPB.OzoneManagerRequestHandler.handleReadRequest(OzoneManagerRequestHandler.java:238) ~[ozone-manager-1.4.0-SNAPSHOT.jar:?]
	at org.apache.hadoop.ozone.protocolPB.OzoneManagerProtocolServerSideTranslatorPB.submitReadRequestToOM(OzoneManagerProtocolServerSideTranslatorPB.java:223) ~[ozone-manager-1.4.0-SNAPSHOT.jar:?]
	at org.apache.hadoop.ozone.protocolPB.OzoneManagerProtocolServerSideTranslatorPB.processRequest(OzoneManagerProtocolServerSideTranslatorPB.java:177) ~[ozone-manager-1.4.0-SNAPSHOT.jar:?]
	at org.apache.hadoop.hdds.server.OzoneProtocolMessageDispatcher.processRequest(OzoneProtocolMessageDispatcher.java:87) [hdds-server-framework-1.4.0-SNAPSHOT.jar:?]
	at org.apache.hadoop.ozone.protocolPB.OzoneManagerProtocolServerSideTranslatorPB.submitRequest(OzoneManagerProtocolServerSideTranslatorPB.java:147) [ozone-manager-1.4.0-SNAPSHOT.jar:?]
	at org.apache.hadoop.ozone.protocol.proto.OzoneManagerProtocolProtos$OzoneManagerService$2.callBlockingMethod(OzoneManagerProtocolProtos.java) [ozone-interface-client-1.4.0-SNAPSHOT.jar:?]
	at org.apache.hadoop.ipc.ProtobufRpcEngine$Server.processCall(ProtobufRpcEngine.java:465) [hadoop-common-3.3.4.jar:?]
	at org.apache.hadoop.ipc.ProtobufRpcEngine2$Server$ProtoBufRpcInvoker.call(ProtobufRpcEngine2.java:578) [hadoop-common-3.3.4.jar:?]
	at org.apache.hadoop.ipc.ProtobufRpcEngine2$Server$ProtoBufRpcInvoker.call(ProtobufRpcEngine2.java:556) [hadoop-common-3.3.4.jar:?]
	at org.apache.hadoop.ipc.RPC$Server.call(RPC.java:1093) [hadoop-common-3.3.4.jar:?]
	at org.apache.hadoop.ipc.Server$RpcCall.run(Server.java:1043) [hadoop-common-3.3.4.jar:?]
	at org.apache.hadoop.ipc.Server$RpcCall.run(Server.java:971) [hadoop-common-3.3.4.jar:?]
	at java.security.AccessController.doPrivileged(Native Method) ~[?:1.8.0_362]
	at javax.security.auth.Subject.doAs(Subject.java:422) [?:1.8.0_362]
	at org.apache.hadoop.security.UserGroupInformation.doAs(UserGroupInformation.java:1878) [hadoop-common-3.3.4.jar:?]
	at org.apache.hadoop.ipc.Server$Handler.run(Server.java:2976) [hadoop-common-3.3.4.jar:?]
13:40:58.774 [IPC Server handler 6 on default port 34503] ERROR OMAudit - user=runner | ip=127.0.0.1 | op=GET_FILE_STATUS {volume=volume47855, bucket=bucket64015, key=.Trash/runner/Current/testKey1, dataSize=0, replicationConfig=null} | ret=FAILURE
org.apache.hadoop.ozone.om.exceptions.OMException: Unable to get file status: volume: volume47855 bucket: bucket64015 key: .Trash/runner/Current/testKey1
	at org.apache.hadoop.ozone.om.KeyManagerImpl.getOzoneFileStatus(KeyManagerImpl.java:1162) ~[ozone-manager-1.4.0-SNAPSHOT.jar:?]
	at org.apache.hadoop.ozone.om.KeyManagerImpl.getFileStatus(KeyManagerImpl.java:1080) ~[ozone-manager-1.4.0-SNAPSHOT.jar:?]
	at org.apache.hadoop.ozone.om.OmMetadataReader.getFileStatus(OmMetadataReader.java:288) ~[ozone-manager-1.4.0-SNAPSHOT.jar:?]
	at org.apache.hadoop.ozone.om.OzoneManager.getFileStatus(OzoneManager.java:3450) ~[ozone-manager-1.4.0-SNAPSHOT.jar:?]
	at org.apache.hadoop.ozone.protocolPB.OzoneManagerRequestHandler.getOzoneFileStatus(OzoneManagerRequestHandler.java:933) ~[ozone-manager-1.4.0-SNAPSHOT.jar:?]
	at org.apache.hadoop.ozone.protocolPB.OzoneManagerRequestHandler.handleReadRequest(OzoneManagerRequestHandler.java:238) ~[ozone-manager-1.4.0-SNAPSHOT.jar:?]
	at org.apache.hadoop.ozone.protocolPB.OzoneManagerProtocolServerSideTranslatorPB.submitReadRequestToOM(OzoneManagerProtocolServerSideTranslatorPB.java:223) ~[ozone-manager-1.4.0-SNAPSHOT.jar:?]
	at org.apache.hadoop.ozone.protocolPB.OzoneManagerProtocolServerSideTranslatorPB.processRequest(OzoneManagerProtocolServerSideTranslatorPB.java:177) ~[ozone-manager-1.4.0-SNAPSHOT.jar:?]
	at org.apache.hadoop.hdds.server.OzoneProtocolMessageDispatcher.processRequest(OzoneProtocolMessageDispatcher.java:87) [hdds-server-framework-1.4.0-SNAPSHOT.jar:?]
	at org.apache.hadoop.ozone.protocolPB.OzoneManagerProtocolServerSideTranslatorPB.submitRequest(OzoneManagerProtocolServerSideTranslatorPB.java:147) [ozone-manager-1.4.0-SNAPSHOT.jar:?]
	at org.apache.hadoop.ozone.protocol.proto.OzoneManagerProtocolProtos$OzoneManagerService$2.callBlockingMethod(OzoneManagerProtocolProtos.java) [ozone-interface-client-1.4.0-SNAPSHOT.jar:?]
	at org.apache.hadoop.ipc.ProtobufRpcEngine$Server.processCall(ProtobufRpcEngine.java:465) [hadoop-common-3.3.4.jar:?]
	at org.apache.hadoop.ipc.ProtobufRpcEngine2$Server$ProtoBufRpcInvoker.call(ProtobufRpcEngine2.java:578) [hadoop-common-3.3.4.jar:?]
	at org.apache.hadoop.ipc.ProtobufRpcEngine2$Server$ProtoBufRpcInvoker.call(ProtobufRpcEngine2.java:556) [hadoop-common-3.3.4.jar:?]
	at org.apache.hadoop.ipc.RPC$Server.call(RPC.java:1093) [hadoop-common-3.3.4.jar:?]
	at org.apache.hadoop.ipc.Server$RpcCall.run(Server.java:1043) [hadoop-common-3.3.4.jar:?]
	at org.apache.hadoop.ipc.Server$RpcCall.run(Server.java:971) [hadoop-common-3.3.4.jar:?]
	at java.security.AccessController.doPrivileged(Native Method) ~[?:1.8.0_362]
	at javax.security.auth.Subject.doAs(Subject.java:422) [?:1.8.0_362]
	at org.apache.hadoop.security.UserGroupInformation.doAs(UserGroupInformation.java:1878) [hadoop-common-3.3.4.jar:?]
	at org.apache.hadoop.ipc.Server$Handler.run(Server.java:2976) [hadoop-common-3.3.4.jar:?]
2023-02-21 13:40:58,780 [Time-limited test] INFO  om.TrashPolicyOzone (TrashPolicyOzone.java:moveToTrash(209)) - Moved: '/testKey1' to trash at: /.Trash/runner/Current/testKey1
]]></system-out>
  </testcase>
  <testcase name="testRenameToTrashEnabled" classname="TestOzoneFileSystem" time="0.105">
    <system-out><![CDATA[13:41:57.744 [IPC Server handler 2 on default port 40765] ERROR OMAudit - user=runner | ip=127.0.0.1 | op=GET_FILE_STATUS {volume=volume82902, bucket=bucket15199, key=.Trash/runner/Current/testKey1, dataSize=0, replicationConfig=null} | ret=FAILURE
org.apache.hadoop.ozone.om.exceptions.OMException: Unable to get file status: volume: volume82902 bucket: bucket15199 key: .Trash/runner/Current/testKey1
	at org.apache.hadoop.ozone.om.KeyManagerImpl.getOzoneFileStatus(KeyManagerImpl.java:1162) ~[ozone-manager-1.4.0-SNAPSHOT.jar:?]
	at org.apache.hadoop.ozone.om.KeyManagerImpl.getFileStatus(KeyManagerImpl.java:1080) ~[ozone-manager-1.4.0-SNAPSHOT.jar:?]
	at org.apache.hadoop.ozone.om.OmMetadataReader.getFileStatus(OmMetadataReader.java:288) ~[ozone-manager-1.4.0-SNAPSHOT.jar:?]
	at org.apache.hadoop.ozone.om.OzoneManager.getFileStatus(OzoneManager.java:3450) ~[ozone-manager-1.4.0-SNAPSHOT.jar:?]
	at org.apache.hadoop.ozone.protocolPB.OzoneManagerRequestHandler.getOzoneFileStatus(OzoneManagerRequestHandler.java:933) ~[ozone-manager-1.4.0-SNAPSHOT.jar:?]
	at org.apache.hadoop.ozone.protocolPB.OzoneManagerRequestHandler.handleReadRequest(OzoneManagerRequestHandler.java:238) ~[ozone-manager-1.4.0-SNAPSHOT.jar:?]
	at org.apache.hadoop.ozone.protocolPB.OzoneManagerProtocolServerSideTranslatorPB.submitRequestDirectlyToOM(OzoneManagerProtocolServerSideTranslatorPB.java:271) ~[ozone-manager-1.4.0-SNAPSHOT.jar:?]
	at org.apache.hadoop.ozone.protocolPB.OzoneManagerProtocolServerSideTranslatorPB.processRequest(OzoneManagerProtocolServerSideTranslatorPB.java:173) ~[ozone-manager-1.4.0-SNAPSHOT.jar:?]
	at org.apache.hadoop.hdds.server.OzoneProtocolMessageDispatcher.processRequest(OzoneProtocolMessageDispatcher.java:87) [hdds-server-framework-1.4.0-SNAPSHOT.jar:?]
	at org.apache.hadoop.ozone.protocolPB.OzoneManagerProtocolServerSideTranslatorPB.submitRequest(OzoneManagerProtocolServerSideTranslatorPB.java:147) [ozone-manager-1.4.0-SNAPSHOT.jar:?]
	at org.apache.hadoop.ozone.protocol.proto.OzoneManagerProtocolProtos$OzoneManagerService$2.callBlockingMethod(OzoneManagerProtocolProtos.java) [ozone-interface-client-1.4.0-SNAPSHOT.jar:?]
	at org.apache.hadoop.ipc.ProtobufRpcEngine$Server.processCall(ProtobufRpcEngine.java:465) [hadoop-common-3.3.4.jar:?]
	at org.apache.hadoop.ipc.ProtobufRpcEngine2$Server$ProtoBufRpcInvoker.call(ProtobufRpcEngine2.java:578) [hadoop-common-3.3.4.jar:?]
	at org.apache.hadoop.ipc.ProtobufRpcEngine2$Server$ProtoBufRpcInvoker.call(ProtobufRpcEngine2.java:556) [hadoop-common-3.3.4.jar:?]
	at org.apache.hadoop.ipc.RPC$Server.call(RPC.java:1093) [hadoop-common-3.3.4.jar:?]
	at org.apache.hadoop.ipc.Server$RpcCall.run(Server.java:1043) [hadoop-common-3.3.4.jar:?]
	at org.apache.hadoop.ipc.Server$RpcCall.run(Server.java:971) [hadoop-common-3.3.4.jar:?]
	at java.security.AccessController.doPrivileged(Native Method) ~[?:1.8.0_362]
	at javax.security.auth.Subject.doAs(Subject.java:422) [?:1.8.0_362]
	at org.apache.hadoop.security.UserGroupInformation.doAs(UserGroupInformation.java:1878) [hadoop-common-3.3.4.jar:?]
	at org.apache.hadoop.ipc.Server$Handler.run(Server.java:2976) [hadoop-common-3.3.4.jar:?]
13:41:57.747 [IPC Server handler 5 on default port 40765] ERROR OMAudit - user=runner | ip=127.0.0.1 | op=GET_FILE_STATUS {volume=volume82902, bucket=bucket15199, key=.Trash/runner/Current/testKey1, dataSize=0, replicationConfig=null} | ret=FAILURE
org.apache.hadoop.ozone.om.exceptions.OMException: Unable to get file status: volume: volume82902 bucket: bucket15199 key: .Trash/runner/Current/testKey1
	at org.apache.hadoop.ozone.om.KeyManagerImpl.getOzoneFileStatus(KeyManagerImpl.java:1162) ~[ozone-manager-1.4.0-SNAPSHOT.jar:?]
	at org.apache.hadoop.ozone.om.KeyManagerImpl.getFileStatus(KeyManagerImpl.java:1080) ~[ozone-manager-1.4.0-SNAPSHOT.jar:?]
	at org.apache.hadoop.ozone.om.OmMetadataReader.getFileStatus(OmMetadataReader.java:288) ~[ozone-manager-1.4.0-SNAPSHOT.jar:?]
	at org.apache.hadoop.ozone.om.OzoneManager.getFileStatus(OzoneManager.java:3450) ~[ozone-manager-1.4.0-SNAPSHOT.jar:?]
	at org.apache.hadoop.ozone.protocolPB.OzoneManagerRequestHandler.getOzoneFileStatus(OzoneManagerRequestHandler.java:933) ~[ozone-manager-1.4.0-SNAPSHOT.jar:?]
	at org.apache.hadoop.ozone.protocolPB.OzoneManagerRequestHandler.handleReadRequest(OzoneManagerRequestHandler.java:238) ~[ozone-manager-1.4.0-SNAPSHOT.jar:?]
	at org.apache.hadoop.ozone.protocolPB.OzoneManagerProtocolServerSideTranslatorPB.submitRequestDirectlyToOM(OzoneManagerProtocolServerSideTranslatorPB.java:271) ~[ozone-manager-1.4.0-SNAPSHOT.jar:?]
	at org.apache.hadoop.ozone.protocolPB.OzoneManagerProtocolServerSideTranslatorPB.processRequest(OzoneManagerProtocolServerSideTranslatorPB.java:173) ~[ozone-manager-1.4.0-SNAPSHOT.jar:?]
	at org.apache.hadoop.hdds.server.OzoneProtocolMessageDispatcher.processRequest(OzoneProtocolMessageDispatcher.java:87) [hdds-server-framework-1.4.0-SNAPSHOT.jar:?]
	at org.apache.hadoop.ozone.protocolPB.OzoneManagerProtocolServerSideTranslatorPB.submitRequest(OzoneManagerProtocolServerSideTranslatorPB.java:147) [ozone-manager-1.4.0-SNAPSHOT.jar:?]
	at org.apache.hadoop.ozone.protocol.proto.OzoneManagerProtocolProtos$OzoneManagerService$2.callBlockingMethod(OzoneManagerProtocolProtos.java) [ozone-interface-client-1.4.0-SNAPSHOT.jar:?]
	at org.apache.hadoop.ipc.ProtobufRpcEngine$Server.processCall(ProtobufRpcEngine.java:465) [hadoop-common-3.3.4.jar:?]
	at org.apache.hadoop.ipc.ProtobufRpcEngine2$Server$ProtoBufRpcInvoker.call(ProtobufRpcEngine2.java:578) [hadoop-common-3.3.4.jar:?]
	at org.apache.hadoop.ipc.ProtobufRpcEngine2$Server$ProtoBufRpcInvoker.call(ProtobufRpcEngine2.java:556) [hadoop-common-3.3.4.jar:?]
	at org.apache.hadoop.ipc.RPC$Server.call(RPC.java:1093) [hadoop-common-3.3.4.jar:?]
	at org.apache.hadoop.ipc.Server$RpcCall.run(Server.java:1043) [hadoop-common-3.3.4.jar:?]
	at org.apache.hadoop.ipc.Server$RpcCall.run(Server.java:971) [hadoop-common-3.3.4.jar:?]
	at java.security.AccessController.doPrivileged(Native Method) ~[?:1.8.0_362]
	at javax.security.auth.Subject.doAs(Subject.java:422) [?:1.8.0_362]
	at org.apache.hadoop.security.UserGroupInformation.doAs(UserGroupInformation.java:1878) [hadoop-common-3.3.4.jar:?]
	at org.apache.hadoop.ipc.Server$Handler.run(Server.java:2976) [hadoop-common-3.3.4.jar:?]
2023-02-21 13:41:57,752 [Time-limited test] INFO  om.TrashPolicyOzone (TrashPolicyOzone.java:moveToTrash(209)) - Moved: '/testKey1' to trash at: /.Trash/runner/Current/testKey1
]]></system-out>
  </testcase>
  <testcase name="testListStatusWithIntermediateDir" classname="TestOzoneFileSystem" time="0.048">
    <system-out><![CDATA[2023-02-21 13:38:46,741 [IPC Server handler 19 on default port 36255] INFO  pipeline.PipelineStateManagerImpl (PipelineStateManagerImpl.java:addPipeline(103)) - Created pipeline Pipeline[ Id: 14f61b67-7bd8-42f1-8855-f5fbde37e169, Nodes: 16e51c86-b54f-4418-8274-5609a4b0e8e9(fv-az318-260.ewvrrcgabbbubjc05i3n4a3pph.dx.internal.cloudapp.net/10.1.0.81), ReplicationConfig: STANDALONE/ONE, State:OPEN, leaderId:, CreationTimestamp2023-02-21T13:38:46.740Z[Etc/UTC]].
2023-02-21 13:38:46,752 [OM StateMachine ApplyTransaction Thread - 0] INFO  key.OMKeyRequest (OMKeyRequest.java:wrapUncommittedBlocksAsPseudoKey(837)) - Detect allocated but uncommitted blocks [{blockID={containerID=8, localID=111677748019200057}, length=4194304, offset=0, token=null, pipeline=null, createVersion=0, partNumber=0}] in key object-dir/object-name.
]]></system-out>
  </testcase>
  <testcase name="testListStatusWithIntermediateDir" classname="TestOzoneFileSystem" time="0.04">
    <failure type="java.lang.AssertionError"><![CDATA[java.lang.AssertionError: expected:<1> but was:<2>
	at org.junit.Assert.fail(Assert.java:89)
	at org.junit.Assert.failNotEquals(Assert.java:835)
	at org.junit.Assert.assertEquals(Assert.java:647)
	at org.junit.Assert.assertEquals(Assert.java:633)
	at org.apache.hadoop.fs.ozone.TestOzoneFileSystem.testListStatusWithIntermediateDir(TestOzoneFileSystem.java:642)
	at sun.reflect.NativeMethodAccessorImpl.invoke0(Native Method)
	at sun.reflect.NativeMethodAccessorImpl.invoke(NativeMethodAccessorImpl.java:62)
	at sun.reflect.DelegatingMethodAccessorImpl.invoke(DelegatingMethodAccessorImpl.java:43)
	at java.lang.reflect.Method.invoke(Method.java:498)
	at org.junit.runners.model.FrameworkMethod$1.runReflectiveCall(FrameworkMethod.java:59)
	at org.junit.internal.runners.model.ReflectiveCallable.run(ReflectiveCallable.java:12)
	at org.junit.runners.model.FrameworkMethod.invokeExplosively(FrameworkMethod.java:56)
	at org.junit.internal.runners.statements.InvokeMethod.evaluate(InvokeMethod.java:17)
	at org.junit.internal.runners.statements.RunAfters.evaluate(RunAfters.java:27)
	at org.junit.internal.runners.statements.FailOnTimeout$CallableStatement.call(FailOnTimeout.java:288)
	at org.junit.internal.runners.statements.FailOnTimeout$CallableStatement.call(FailOnTimeout.java:282)
	at java.util.concurrent.FutureTask.run(FutureTask.java:266)
	at java.lang.Thread.run(Thread.java:750)
]]></failure>
    <system-out><![CDATA[2023-02-21 13:39:52,534 [IPC Server handler 5 on default port 33483] INFO  pipeline.PipelineStateManagerImpl (PipelineStateManagerImpl.java:addPipeline(103)) - Created pipeline Pipeline[ Id: ea2343b4-1df6-4b2d-872d-7afe4654c117, Nodes: e9aaeb2c-5ca1-4644-9e1d-ecde78d55867(fv-az318-260.ewvrrcgabbbubjc05i3n4a3pph.dx.internal.cloudapp.net/10.1.0.81), ReplicationConfig: STANDALONE/ONE, State:OPEN, leaderId:, CreationTimestamp2023-02-21T13:39:52.533Z[Etc/UTC]].
2023-02-21 13:39:52,540 [IPC Server handler 5 on default port 40229] INFO  key.OMKeyRequest (OMKeyRequest.java:wrapUncommittedBlocksAsPseudoKey(837)) - Detect allocated but uncommitted blocks [{blockID={containerID=8, localID=111677748019200057}, length=4194304, offset=0, token=null, pipeline=null, createVersion=0, partNumber=0}] in key object-dir/object-name.
]]></system-out>
  </testcase>
  <testcase name="testListStatusWithIntermediateDir" classname="TestOzoneFileSystem" time="0.026">
    <system-out><![CDATA[2023-02-21 13:40:58,797 [IPC Server handler 7 on default port 35825] INFO  pipeline.PipelineStateManagerImpl (PipelineStateManagerImpl.java:addPipeline(103)) - Created pipeline Pipeline[ Id: a6ebc712-f1c0-4136-b4e2-73a2587bc190, Nodes: 114eb3b6-0965-4949-a11e-bb51ff0d0ac6(fv-az318-260.ewvrrcgabbbubjc05i3n4a3pph.dx.internal.cloudapp.net/10.1.0.81), ReplicationConfig: STANDALONE/ONE, State:OPEN, leaderId:, CreationTimestamp2023-02-21T13:40:58.796Z[Etc/UTC]].
2023-02-21 13:40:58,802 [OM StateMachine ApplyTransaction Thread - 0] INFO  key.OMKeyRequest (OMKeyRequest.java:wrapUncommittedBlocksAsPseudoKey(837)) - Detect allocated but uncommitted blocks [{blockID={containerID=8, localID=111677748019200057}, length=4194304, offset=0, token=null, pipeline=null, createVersion=0, partNumber=0}] in key object-dir/object-name.
]]></system-out>
  </testcase>
  <testcase name="testListStatusWithIntermediateDir" classname="TestOzoneFileSystem" time="0.032">
    <system-out><![CDATA[2023-02-21 13:41:57,775 [IPC Server handler 6 on default port 43879] INFO  pipeline.PipelineStateManagerImpl (PipelineStateManagerImpl.java:addPipeline(103)) - Created pipeline Pipeline[ Id: 99814fac-c1bc-42c3-940b-7a83ad1cd5af, Nodes: e005f503-ad61-467d-ad83-422b074b570a(fv-az318-260.ewvrrcgabbbubjc05i3n4a3pph.dx.internal.cloudapp.net/10.1.0.81), ReplicationConfig: STANDALONE/ONE, State:OPEN, leaderId:, CreationTimestamp2023-02-21T13:41:57.774Z[Etc/UTC]].
2023-02-21 13:41:57,778 [IPC Server handler 10 on default port 40765] INFO  key.OMKeyRequest (OMKeyRequest.java:wrapUncommittedBlocksAsPseudoKey(837)) - Detect allocated but uncommitted blocks [{blockID={containerID=8, localID=111677748019200057}, length=4194304, offset=0, token=null, pipeline=null, createVersion=0, partNumber=0}] in key object-dir/object-name.
]]></system-out>
  </testcase>
  <testcase name="testRenameSourceAndDestinAreSame" classname="TestOzoneFileSystem" time="0.026">
    <system-out><![CDATA[2023-02-21 13:38:46,786 [OM StateMachine ApplyTransaction Thread - 0] INFO  key.OMKeyRequest (OMKeyRequest.java:wrapUncommittedBlocksAsPseudoKey(837)) - Detect allocated but uncommitted blocks [{blockID={containerID=2, localID=111677748019200058}, length=4194304, offset=0, token=null, pipeline=null, createVersion=0, partNumber=0}] in key root/dir1/dir2/file1.
]]></system-out>
  </testcase>
  <testcase name="testRenameSourceAndDestinAreSame" classname="TestOzoneFileSystem" time="0.023">
    <system-out><![CDATA[2023-02-21 13:39:52,578 [IPC Server handler 7 on default port 40229] INFO  key.OMKeyRequest (OMKeyRequest.java:wrapUncommittedBlocksAsPseudoKey(837)) - Detect allocated but uncommitted blocks [{blockID={containerID=1, localID=111677748019200058}, length=4194304, offset=0, token=null, pipeline=null, createVersion=0, partNumber=0}] in key root/dir1/dir2/file1.
]]></system-out>
  </testcase>
  <testcase name="testRenameSourceAndDestinAreSame" classname="TestOzoneFileSystem" time="0.023">
    <system-out><![CDATA[2023-02-21 13:40:58,826 [OM StateMachine ApplyTransaction Thread - 0] INFO  key.OMKeyRequest (OMKeyRequest.java:wrapUncommittedBlocksAsPseudoKey(837)) - Detect allocated but uncommitted blocks [{blockID={containerID=3, localID=111677748019200058}, length=4194304, offset=0, token=null, pipeline=null, createVersion=0, partNumber=0}] in key root/dir1/dir2/file1.
]]></system-out>
  </testcase>
  <testcase name="testRenameSourceAndDestinAreSame" classname="TestOzoneFileSystem" time="0.014">
    <system-out><![CDATA[2023-02-21 13:41:57,802 [IPC Server handler 7 on default port 40765] INFO  key.OMKeyRequest (OMKeyRequest.java:wrapUncommittedBlocksAsPseudoKey(837)) - Detect allocated but uncommitted blocks [{blockID={containerID=4, localID=111677748019200058}, length=4194304, offset=0, token=null, pipeline=null, createVersion=0, partNumber=0}] in key root/dir1/dir2/file1.
]]></system-out>
  </testcase>
  <testcase name="testListStatusIteratorWithDir" classname="TestOzoneFileSystem" time="0.062">
    <system-out><![CDATA[2023-02-21 13:38:46,818 [OM StateMachine ApplyTransaction Thread - 0] INFO  key.OMKeyRequest (OMKeyRequest.java:wrapUncommittedBlocksAsPseudoKey(837)) - Detect allocated but uncommitted blocks [{blockID={containerID=4, localID=111677748019200059}, length=4194304, offset=0, token=null, pipeline=null, createVersion=0, partNumber=0}] in key testListStatus/key1.
2023-02-21 13:38:46,824 [OM StateMachine ApplyTransaction Thread - 0] INFO  key.OMKeyRequest (OMKeyRequest.java:wrapUncommittedBlocksAsPseudoKey(837)) - Detect allocated but uncommitted blocks [{blockID={containerID=2, localID=111677748019200060}, length=4194304, offset=0, token=null, pipeline=null, createVersion=0, partNumber=0}] in key testListStatus/key2.
2023-02-21 13:38:46,837 [OM StateMachine ApplyTransaction Thread - 0] INFO  key.OMKeyRequest (OMKeyRequest.java:wrapUncommittedBlocksAsPseudoKey(837)) - Detect allocated but uncommitted blocks [{blockID={containerID=3, localID=111677748019200061}, length=4194304, offset=0, token=null, pipeline=null, createVersion=0, partNumber=0}] in key testListStatus/dir1/key3.
2023-02-21 13:38:46,843 [OM StateMachine ApplyTransaction Thread - 0] INFO  key.OMKeyRequest (OMKeyRequest.java:wrapUncommittedBlocksAsPseudoKey(837)) - Detect allocated but uncommitted blocks [{blockID={containerID=4, localID=111677748019200062}, length=4194304, offset=0, token=null, pipeline=null, createVersion=0, partNumber=0}] in key testListStatus/dir1/key4.
]]></system-out>
  </testcase>
  <testcase name="testListStatusIteratorWithDir" classname="TestOzoneFileSystem" time="0.044">
    <system-out><![CDATA[2023-02-21 13:39:52,598 [IPC Server handler 14 on default port 40229] INFO  key.OMKeyRequest (OMKeyRequest.java:wrapUncommittedBlocksAsPseudoKey(837)) - Detect allocated but uncommitted blocks [{blockID={containerID=3, localID=111677748019200059}, length=4194304, offset=0, token=null, pipeline=null, createVersion=0, partNumber=0}] in key testListStatus/key1.
2023-02-21 13:39:52,602 [IPC Server handler 19 on default port 40229] INFO  key.OMKeyRequest (OMKeyRequest.java:wrapUncommittedBlocksAsPseudoKey(837)) - Detect allocated but uncommitted blocks [{blockID={containerID=4, localID=111677748019200060}, length=4194304, offset=0, token=null, pipeline=null, createVersion=0, partNumber=0}] in key testListStatus/key2.
2023-02-21 13:39:52,611 [IPC Server handler 0 on default port 40229] INFO  key.OMKeyRequest (OMKeyRequest.java:wrapUncommittedBlocksAsPseudoKey(837)) - Detect allocated but uncommitted blocks [{blockID={containerID=2, localID=111677748019200061}, length=4194304, offset=0, token=null, pipeline=null, createVersion=0, partNumber=0}] in key testListStatus/dir1/key3.
2023-02-21 13:39:52,614 [IPC Server handler 2 on default port 40229] INFO  key.OMKeyRequest (OMKeyRequest.java:wrapUncommittedBlocksAsPseudoKey(837)) - Detect allocated but uncommitted blocks [{blockID={containerID=4, localID=111677748019200062}, length=4194304, offset=0, token=null, pipeline=null, createVersion=0, partNumber=0}] in key testListStatus/dir1/key4.
]]></system-out>
  </testcase>
  <testcase name="testListStatusIteratorWithDir" classname="TestOzoneFileSystem" time="0.049">
    <system-out><![CDATA[2023-02-21 13:40:58,853 [OM StateMachine ApplyTransaction Thread - 0] INFO  key.OMKeyRequest (OMKeyRequest.java:wrapUncommittedBlocksAsPseudoKey(837)) - Detect allocated but uncommitted blocks [{blockID={containerID=4, localID=111677748019200059}, length=4194304, offset=0, token=null, pipeline=null, createVersion=0, partNumber=0}] in key testListStatus/key1.
2023-02-21 13:40:58,858 [OM StateMachine ApplyTransaction Thread - 0] INFO  key.OMKeyRequest (OMKeyRequest.java:wrapUncommittedBlocksAsPseudoKey(837)) - Detect allocated but uncommitted blocks [{blockID={containerID=2, localID=111677748019200060}, length=4194304, offset=0, token=null, pipeline=null, createVersion=0, partNumber=0}] in key testListStatus/key2.
2023-02-21 13:40:58,868 [OM StateMachine ApplyTransaction Thread - 0] INFO  key.OMKeyRequest (OMKeyRequest.java:wrapUncommittedBlocksAsPseudoKey(837)) - Detect allocated but uncommitted blocks [{blockID={containerID=3, localID=111677748019200061}, length=4194304, offset=0, token=null, pipeline=null, createVersion=0, partNumber=0}] in key testListStatus/dir1/key3.
2023-02-21 13:40:58,874 [OM StateMachine ApplyTransaction Thread - 0] INFO  key.OMKeyRequest (OMKeyRequest.java:wrapUncommittedBlocksAsPseudoKey(837)) - Detect allocated but uncommitted blocks [{blockID={containerID=1, localID=111677748019200062}, length=4194304, offset=0, token=null, pipeline=null, createVersion=0, partNumber=0}] in key testListStatus/dir1/key4.
]]></system-out>
  </testcase>
  <testcase name="testListStatusIteratorWithDir" classname="TestOzoneFileSystem" time="0.048">
    <system-out><![CDATA[2023-02-21 13:41:57,822 [IPC Server handler 16 on default port 40765] INFO  key.OMKeyRequest (OMKeyRequest.java:wrapUncommittedBlocksAsPseudoKey(837)) - Detect allocated but uncommitted blocks [{blockID={containerID=1, localID=111677748019200059}, length=4194304, offset=0, token=null, pipeline=null, createVersion=0, partNumber=0}] in key testListStatus/key1.
2023-02-21 13:41:57,828 [IPC Server handler 13 on default port 40765] INFO  key.OMKeyRequest (OMKeyRequest.java:wrapUncommittedBlocksAsPseudoKey(837)) - Detect allocated but uncommitted blocks [{blockID={containerID=3, localID=111677748019200060}, length=4194304, offset=0, token=null, pipeline=null, createVersion=0, partNumber=0}] in key testListStatus/key2.
2023-02-21 13:41:57,839 [IPC Server handler 1 on default port 40765] INFO  key.OMKeyRequest (OMKeyRequest.java:wrapUncommittedBlocksAsPseudoKey(837)) - Detect allocated but uncommitted blocks [{blockID={containerID=4, localID=111677748019200061}, length=4194304, offset=0, token=null, pipeline=null, createVersion=0, partNumber=0}] in key testListStatus/dir1/key3.
2023-02-21 13:41:57,844 [IPC Server handler 2 on default port 40765] INFO  key.OMKeyRequest (OMKeyRequest.java:wrapUncommittedBlocksAsPseudoKey(837)) - Detect allocated but uncommitted blocks [{blockID={containerID=3, localID=111677748019200062}, length=4194304, offset=0, token=null, pipeline=null, createVersion=0, partNumber=0}] in key testListStatus/dir1/key4.
]]></system-out>
  </testcase>
  <testcase name="testListStatusOnLargeDirectory" classname="TestOzoneFileSystem" time="8.699"/>
  <testcase name="testListStatusOnLargeDirectory" classname="TestOzoneFileSystem" time="4.954"/>
  <testcase name="testListStatusOnLargeDirectory" classname="TestOzoneFileSystem" time="6.817"/>
  <testcase name="testListStatusOnLargeDirectory" classname="TestOzoneFileSystem" time="4.938"/>
  <testcase name="testCreateKeyShouldUseRefreshedBucketReplicationConfig" classname="TestOzoneFileSystem" time="0.418">
    <system-out><![CDATA[2023-02-21 13:38:55,602 [Time-limited test] INFO  rpc.RpcClient (RpcClient.java:createVolume(476)) - Creating Volume: volume53425, with user82760 as owner and space quota set to -1 bytes, counts quota set to -1
2023-02-21 13:38:55,608 [OM StateMachine ApplyTransaction Thread - 0] INFO  volume.OMVolumeCreateRequest (OMVolumeCreateRequest.java:validateAndUpdateCache(195)) - created volume:volume53425 for user:user82760
2023-02-21 13:38:55,616 [Time-limited test] INFO  rpc.RpcClient (RpcClient.java:createBucket(698)) - Creating Bucket: volume53425/bucket36453, with bucket layout LEGACY, runner as owner, Versioning false, Storage Type set to DISK and Encryption set to false, Replication Type set to server-side default replication type, Namespace Quota set to -1, Space Quota set to -1 
2023-02-21 13:38:55,618 [OM StateMachine ApplyTransaction Thread - 0] INFO  bucket.OMBucketCreateRequest (OMBucketCreateRequest.java:validateAndUpdateCache(263)) - created bucket: bucket36453 of layout LEGACY in volume: volume53425
2023-02-21 13:38:55,647 [OM StateMachine ApplyTransaction Thread - 0] INFO  key.OMKeyRequest (OMKeyRequest.java:wrapUncommittedBlocksAsPseudoKey(837)) - Detect allocated but uncommitted blocks [{blockID={containerID=2, localID=111677748019200063}, length=4194304, offset=0, token=null, pipeline=null, createVersion=0, partNumber=0}] in key key.
2023-02-21 13:38:55,682 [OM StateMachine ApplyTransaction Thread - 0] INFO  key.OMKeyRequest (OMKeyRequest.java:wrapUncommittedBlocksAsPseudoKey(837)) - Detect allocated but uncommitted blocks [{blockID={containerID=1, localID=111677748019200064}, length=4194304, offset=0, token=null, pipeline=null, createVersion=0, partNumber=0}] in key key1.
2023-02-21 13:38:55,694 [IPC Server handler 8 on default port 36255] INFO  pipeline.PipelineStateManagerImpl (PipelineStateManagerImpl.java:addPipeline(103)) - Created pipeline Pipeline[ Id: 05bb7eb2-3652-472f-82e9-da8bcf97eb2f, Nodes: 49687013-9189-4ed6-aa07-d793b1b94e57(fv-az318-260.ewvrrcgabbbubjc05i3n4a3pph.dx.internal.cloudapp.net/10.1.0.81)a9e05f5c-46cf-4b5a-96e6-bc07cdc5b6c0(fv-az318-260.ewvrrcgabbbubjc05i3n4a3pph.dx.internal.cloudapp.net/10.1.0.81)16e51c86-b54f-4418-8274-5609a4b0e8e9(fv-az318-260.ewvrrcgabbbubjc05i3n4a3pph.dx.internal.cloudapp.net/10.1.0.81)55112d89-11b5-415b-b3d0-c3d2a8542f19(fv-az318-260.ewvrrcgabbbubjc05i3n4a3pph.dx.internal.cloudapp.net/10.1.0.81)13b316d7-19fe-4f46-8ee4-74122f1e4c34(fv-az318-260.ewvrrcgabbbubjc05i3n4a3pph.dx.internal.cloudapp.net/10.1.0.81), ReplicationConfig: EC/ECReplicationConfig{data=3, parity=2, ecChunkSize=1048576, codec=rs}, State:ALLOCATED, leaderId:, CreationTimestamp2023-02-21T13:38:55.693Z[Etc/UTC]].
2023-02-21 13:38:55,695 [IPC Server handler 8 on default port 36255] INFO  pipeline.PipelineManagerImpl (PipelineManagerImpl.java:openPipeline(367)) - Pipeline Pipeline[ Id: 05bb7eb2-3652-472f-82e9-da8bcf97eb2f, Nodes: 49687013-9189-4ed6-aa07-d793b1b94e57(fv-az318-260.ewvrrcgabbbubjc05i3n4a3pph.dx.internal.cloudapp.net/10.1.0.81)a9e05f5c-46cf-4b5a-96e6-bc07cdc5b6c0(fv-az318-260.ewvrrcgabbbubjc05i3n4a3pph.dx.internal.cloudapp.net/10.1.0.81)16e51c86-b54f-4418-8274-5609a4b0e8e9(fv-az318-260.ewvrrcgabbbubjc05i3n4a3pph.dx.internal.cloudapp.net/10.1.0.81)55112d89-11b5-415b-b3d0-c3d2a8542f19(fv-az318-260.ewvrrcgabbbubjc05i3n4a3pph.dx.internal.cloudapp.net/10.1.0.81)13b316d7-19fe-4f46-8ee4-74122f1e4c34(fv-az318-260.ewvrrcgabbbubjc05i3n4a3pph.dx.internal.cloudapp.net/10.1.0.81), ReplicationConfig: EC/ECReplicationConfig{data=3, parity=2, ecChunkSize=1048576, codec=rs}, State:ALLOCATED, leaderId:, CreationTimestamp2023-02-21T13:38:55.693Z[Etc/UTC]] moved to OPEN state
2023-02-21 13:38:55,769 [Time-limited test] WARN  erasurecode.ErasureCodeNative (ErasureCodeNative.java:<clinit>(55)) - ISA-L support is not available in your platform... using builtin-java codec where applicable
2023-02-21 13:38:55,897 [OM StateMachine ApplyTransaction Thread - 0] INFO  key.OMKeyRequest (OMKeyRequest.java:wrapUncommittedBlocksAsPseudoKey(837)) - Detect allocated but uncommitted blocks [{blockID={containerID=9, localID=111677748019200065}, length=4194304, offset=0, token=null, pipeline=null, createVersion=0, partNumber=0}] in key key2.
2023-02-21 13:38:55,913 [IPC Server handler 13 on default port 36255] INFO  pipeline.PipelineStateManagerImpl (PipelineStateManagerImpl.java:addPipeline(103)) - Created pipeline Pipeline[ Id: c98d4bfb-3cfb-480f-bd1f-2a187dfbfa60, Nodes: 49687013-9189-4ed6-aa07-d793b1b94e57(fv-az318-260.ewvrrcgabbbubjc05i3n4a3pph.dx.internal.cloudapp.net/10.1.0.81)13b316d7-19fe-4f46-8ee4-74122f1e4c34(fv-az318-260.ewvrrcgabbbubjc05i3n4a3pph.dx.internal.cloudapp.net/10.1.0.81)16e51c86-b54f-4418-8274-5609a4b0e8e9(fv-az318-260.ewvrrcgabbbubjc05i3n4a3pph.dx.internal.cloudapp.net/10.1.0.81)a9e05f5c-46cf-4b5a-96e6-bc07cdc5b6c0(fv-az318-260.ewvrrcgabbbubjc05i3n4a3pph.dx.internal.cloudapp.net/10.1.0.81)55112d89-11b5-415b-b3d0-c3d2a8542f19(fv-az318-260.ewvrrcgabbbubjc05i3n4a3pph.dx.internal.cloudapp.net/10.1.0.81), ReplicationConfig: EC/ECReplicationConfig{data=3, parity=2, ecChunkSize=1048576, codec=rs}, State:ALLOCATED, leaderId:, CreationTimestamp2023-02-21T13:38:55.912Z[Etc/UTC]].
2023-02-21 13:38:55,913 [IPC Server handler 13 on default port 36255] INFO  pipeline.PipelineManagerImpl (PipelineManagerImpl.java:openPipeline(367)) - Pipeline Pipeline[ Id: c98d4bfb-3cfb-480f-bd1f-2a187dfbfa60, Nodes: 49687013-9189-4ed6-aa07-d793b1b94e57(fv-az318-260.ewvrrcgabbbubjc05i3n4a3pph.dx.internal.cloudapp.net/10.1.0.81)13b316d7-19fe-4f46-8ee4-74122f1e4c34(fv-az318-260.ewvrrcgabbbubjc05i3n4a3pph.dx.internal.cloudapp.net/10.1.0.81)16e51c86-b54f-4418-8274-5609a4b0e8e9(fv-az318-260.ewvrrcgabbbubjc05i3n4a3pph.dx.internal.cloudapp.net/10.1.0.81)a9e05f5c-46cf-4b5a-96e6-bc07cdc5b6c0(fv-az318-260.ewvrrcgabbbubjc05i3n4a3pph.dx.internal.cloudapp.net/10.1.0.81)55112d89-11b5-415b-b3d0-c3d2a8542f19(fv-az318-260.ewvrrcgabbbubjc05i3n4a3pph.dx.internal.cloudapp.net/10.1.0.81), ReplicationConfig: EC/ECReplicationConfig{data=3, parity=2, ecChunkSize=1048576, codec=rs}, State:ALLOCATED, leaderId:, CreationTimestamp2023-02-21T13:38:55.912Z[Etc/UTC]] moved to OPEN state
2023-02-21 13:38:55,957 [OM StateMachine ApplyTransaction Thread - 0] INFO  key.OMKeyRequest (OMKeyRequest.java:wrapUncommittedBlocksAsPseudoKey(837)) - Detect allocated but uncommitted blocks [{blockID={containerID=10, localID=111677748019200066}, length=4194304, offset=0, token=null, pipeline=null, createVersion=0, partNumber=0}] in key key3.
2023-02-21 13:38:55,971 [OM StateMachine ApplyTransaction Thread - 0] INFO  key.OMKeyRequest (OMKeyRequest.java:wrapUncommittedBlocksAsPseudoKey(837)) - Detect allocated but uncommitted blocks [{blockID={containerID=4, localID=111677748019200067}, length=4194304, offset=0, token=null, pipeline=null, createVersion=0, partNumber=0}] in key key4.
]]></system-out>
  </testcase>
  <testcase name="testCreateKeyShouldUseRefreshedBucketReplicationConfig" classname="TestOzoneFileSystem" time="0.147">
    <system-out><![CDATA[2023-02-21 13:39:57,616 [Time-limited test] INFO  rpc.RpcClient (RpcClient.java:createVolume(476)) - Creating Volume: volume06109, with user21999 as owner and space quota set to -1 bytes, counts quota set to -1
2023-02-21 13:39:57,617 [IPC Server handler 14 on default port 40229] INFO  volume.OMVolumeCreateRequest (OMVolumeCreateRequest.java:validateAndUpdateCache(195)) - created volume:volume06109 for user:user21999
2023-02-21 13:39:57,619 [Time-limited test] INFO  rpc.RpcClient (RpcClient.java:createBucket(698)) - Creating Bucket: volume06109/bucket99900, with bucket layout LEGACY, runner as owner, Versioning false, Storage Type set to DISK and Encryption set to false, Replication Type set to server-side default replication type, Namespace Quota set to -1, Space Quota set to -1 
2023-02-21 13:39:57,620 [IPC Server handler 19 on default port 40229] INFO  bucket.OMBucketCreateRequest (OMBucketCreateRequest.java:validateAndUpdateCache(263)) - created bucket: bucket99900 of layout LEGACY in volume: volume06109
2023-02-21 13:39:57,649 [IPC Server handler 2 on default port 40229] INFO  key.OMKeyRequest (OMKeyRequest.java:wrapUncommittedBlocksAsPseudoKey(837)) - Detect allocated but uncommitted blocks [{blockID={containerID=1, localID=111677748019200063}, length=4194304, offset=0, token=null, pipeline=null, createVersion=0, partNumber=0}] in key key.
2023-02-21 13:39:57,654 [IPC Server handler 10 on default port 40229] INFO  key.OMKeyRequest (OMKeyRequest.java:wrapUncommittedBlocksAsPseudoKey(837)) - Detect allocated but uncommitted blocks [{blockID={containerID=3, localID=111677748019200064}, length=4194304, offset=0, token=null, pipeline=null, createVersion=0, partNumber=0}] in key key1.
2023-02-21 13:39:57,658 [IPC Server handler 12 on default port 33483] INFO  pipeline.PipelineStateManagerImpl (PipelineStateManagerImpl.java:addPipeline(103)) - Created pipeline Pipeline[ Id: c2140752-49ac-48fa-bb78-385eb7d09021, Nodes: 3e39c96d-43de-444f-825b-71406d153b89(fv-az318-260.ewvrrcgabbbubjc05i3n4a3pph.dx.internal.cloudapp.net/10.1.0.81)24a59b6b-5580-49f4-8674-e10ef71be698(fv-az318-260.ewvrrcgabbbubjc05i3n4a3pph.dx.internal.cloudapp.net/10.1.0.81)66960b80-c593-4b74-88fd-c621ad684876(fv-az318-260.ewvrrcgabbbubjc05i3n4a3pph.dx.internal.cloudapp.net/10.1.0.81)e9aaeb2c-5ca1-4644-9e1d-ecde78d55867(fv-az318-260.ewvrrcgabbbubjc05i3n4a3pph.dx.internal.cloudapp.net/10.1.0.81)b8864c6c-2f32-4f18-b19e-2e05a8dee4a2(fv-az318-260.ewvrrcgabbbubjc05i3n4a3pph.dx.internal.cloudapp.net/10.1.0.81), ReplicationConfig: EC/ECReplicationConfig{data=3, parity=2, ecChunkSize=1048576, codec=rs}, State:ALLOCATED, leaderId:, CreationTimestamp2023-02-21T13:39:57.658Z[Etc/UTC]].
2023-02-21 13:39:57,658 [IPC Server handler 12 on default port 33483] INFO  pipeline.PipelineManagerImpl (PipelineManagerImpl.java:openPipeline(367)) - Pipeline Pipeline[ Id: c2140752-49ac-48fa-bb78-385eb7d09021, Nodes: 3e39c96d-43de-444f-825b-71406d153b89(fv-az318-260.ewvrrcgabbbubjc05i3n4a3pph.dx.internal.cloudapp.net/10.1.0.81)24a59b6b-5580-49f4-8674-e10ef71be698(fv-az318-260.ewvrrcgabbbubjc05i3n4a3pph.dx.internal.cloudapp.net/10.1.0.81)66960b80-c593-4b74-88fd-c621ad684876(fv-az318-260.ewvrrcgabbbubjc05i3n4a3pph.dx.internal.cloudapp.net/10.1.0.81)e9aaeb2c-5ca1-4644-9e1d-ecde78d55867(fv-az318-260.ewvrrcgabbbubjc05i3n4a3pph.dx.internal.cloudapp.net/10.1.0.81)b8864c6c-2f32-4f18-b19e-2e05a8dee4a2(fv-az318-260.ewvrrcgabbbubjc05i3n4a3pph.dx.internal.cloudapp.net/10.1.0.81), ReplicationConfig: EC/ECReplicationConfig{data=3, parity=2, ecChunkSize=1048576, codec=rs}, State:ALLOCATED, leaderId:, CreationTimestamp2023-02-21T13:39:57.658Z[Etc/UTC]] moved to OPEN state
2023-02-21 13:39:57,683 [IPC Server handler 5 on default port 40229] INFO  key.OMKeyRequest (OMKeyRequest.java:wrapUncommittedBlocksAsPseudoKey(837)) - Detect allocated but uncommitted blocks [{blockID={containerID=9, localID=111677748019200065}, length=4194304, offset=0, token=null, pipeline=null, createVersion=0, partNumber=0}] in key key2.
2023-02-21 13:39:57,691 [IPC Server handler 0 on default port 33483] INFO  pipeline.PipelineStateManagerImpl (PipelineStateManagerImpl.java:addPipeline(103)) - Created pipeline Pipeline[ Id: 1685e60f-e43d-4c12-9b9e-10167b343aa1, Nodes: e9aaeb2c-5ca1-4644-9e1d-ecde78d55867(fv-az318-260.ewvrrcgabbbubjc05i3n4a3pph.dx.internal.cloudapp.net/10.1.0.81)b8864c6c-2f32-4f18-b19e-2e05a8dee4a2(fv-az318-260.ewvrrcgabbbubjc05i3n4a3pph.dx.internal.cloudapp.net/10.1.0.81)66960b80-c593-4b74-88fd-c621ad684876(fv-az318-260.ewvrrcgabbbubjc05i3n4a3pph.dx.internal.cloudapp.net/10.1.0.81)24a59b6b-5580-49f4-8674-e10ef71be698(fv-az318-260.ewvrrcgabbbubjc05i3n4a3pph.dx.internal.cloudapp.net/10.1.0.81)3e39c96d-43de-444f-825b-71406d153b89(fv-az318-260.ewvrrcgabbbubjc05i3n4a3pph.dx.internal.cloudapp.net/10.1.0.81), ReplicationConfig: EC/ECReplicationConfig{data=3, parity=2, ecChunkSize=1048576, codec=rs}, State:ALLOCATED, leaderId:, CreationTimestamp2023-02-21T13:39:57.690Z[Etc/UTC]].
2023-02-21 13:39:57,691 [IPC Server handler 0 on default port 33483] INFO  pipeline.PipelineManagerImpl (PipelineManagerImpl.java:openPipeline(367)) - Pipeline Pipeline[ Id: 1685e60f-e43d-4c12-9b9e-10167b343aa1, Nodes: e9aaeb2c-5ca1-4644-9e1d-ecde78d55867(fv-az318-260.ewvrrcgabbbubjc05i3n4a3pph.dx.internal.cloudapp.net/10.1.0.81)b8864c6c-2f32-4f18-b19e-2e05a8dee4a2(fv-az318-260.ewvrrcgabbbubjc05i3n4a3pph.dx.internal.cloudapp.net/10.1.0.81)66960b80-c593-4b74-88fd-c621ad684876(fv-az318-260.ewvrrcgabbbubjc05i3n4a3pph.dx.internal.cloudapp.net/10.1.0.81)24a59b6b-5580-49f4-8674-e10ef71be698(fv-az318-260.ewvrrcgabbbubjc05i3n4a3pph.dx.internal.cloudapp.net/10.1.0.81)3e39c96d-43de-444f-825b-71406d153b89(fv-az318-260.ewvrrcgabbbubjc05i3n4a3pph.dx.internal.cloudapp.net/10.1.0.81), ReplicationConfig: EC/ECReplicationConfig{data=3, parity=2, ecChunkSize=1048576, codec=rs}, State:ALLOCATED, leaderId:, CreationTimestamp2023-02-21T13:39:57.690Z[Etc/UTC]] moved to OPEN state
2023-02-21 13:39:57,723 [IPC Server handler 14 on default port 40229] INFO  key.OMKeyRequest (OMKeyRequest.java:wrapUncommittedBlocksAsPseudoKey(837)) - Detect allocated but uncommitted blocks [{blockID={containerID=10, localID=111677748019200066}, length=4194304, offset=0, token=null, pipeline=null, createVersion=0, partNumber=0}] in key key3.
2023-02-21 13:39:57,728 [IPC Server handler 16 on default port 40229] INFO  key.OMKeyRequest (OMKeyRequest.java:wrapUncommittedBlocksAsPseudoKey(837)) - Detect allocated but uncommitted blocks [{blockID={containerID=1, localID=111677748019200067}, length=4194304, offset=0, token=null, pipeline=null, createVersion=0, partNumber=0}] in key key4.
]]></system-out>
  </testcase>
  <testcase name="testCreateKeyShouldUseRefreshedBucketReplicationConfig" classname="TestOzoneFileSystem" time="0.135">
    <system-out><![CDATA[2023-02-21 13:41:05,726 [Time-limited test] INFO  rpc.RpcClient (RpcClient.java:createVolume(476)) - Creating Volume: volume74811, with user03794 as owner and space quota set to -1 bytes, counts quota set to -1
2023-02-21 13:41:05,728 [OM StateMachine ApplyTransaction Thread - 0] INFO  volume.OMVolumeCreateRequest (OMVolumeCreateRequest.java:validateAndUpdateCache(195)) - created volume:volume74811 for user:user03794
2023-02-21 13:41:05,730 [Time-limited test] INFO  rpc.RpcClient (RpcClient.java:createBucket(698)) - Creating Bucket: volume74811/bucket43078, with bucket layout LEGACY, runner as owner, Versioning false, Storage Type set to DISK and Encryption set to false, Replication Type set to server-side default replication type, Namespace Quota set to -1, Space Quota set to -1 
2023-02-21 13:41:05,732 [OM StateMachine ApplyTransaction Thread - 0] INFO  bucket.OMBucketCreateRequest (OMBucketCreateRequest.java:validateAndUpdateCache(263)) - created bucket: bucket43078 of layout LEGACY in volume: volume74811
2023-02-21 13:41:05,752 [OM StateMachine ApplyTransaction Thread - 0] INFO  key.OMKeyRequest (OMKeyRequest.java:wrapUncommittedBlocksAsPseudoKey(837)) - Detect allocated but uncommitted blocks [{blockID={containerID=2, localID=111677748019200063}, length=4194304, offset=0, token=null, pipeline=null, createVersion=0, partNumber=0}] in key key.
2023-02-21 13:41:05,759 [OM StateMachine ApplyTransaction Thread - 0] INFO  key.OMKeyRequest (OMKeyRequest.java:wrapUncommittedBlocksAsPseudoKey(837)) - Detect allocated but uncommitted blocks [{blockID={containerID=1, localID=111677748019200064}, length=4194304, offset=0, token=null, pipeline=null, createVersion=0, partNumber=0}] in key key1.
2023-02-21 13:41:05,773 [IPC Server handler 1 on default port 35825] INFO  pipeline.PipelineStateManagerImpl (PipelineStateManagerImpl.java:addPipeline(103)) - Created pipeline Pipeline[ Id: 394a7b4f-4c37-4742-9716-7dbb7351835c, Nodes: 114eb3b6-0965-4949-a11e-bb51ff0d0ac6(fv-az318-260.ewvrrcgabbbubjc05i3n4a3pph.dx.internal.cloudapp.net/10.1.0.81)17d7dac2-7ff4-442d-8cd9-ba857e0cf65e(fv-az318-260.ewvrrcgabbbubjc05i3n4a3pph.dx.internal.cloudapp.net/10.1.0.81)ddc1ce43-6958-4d2f-a962-1f2187968283(fv-az318-260.ewvrrcgabbbubjc05i3n4a3pph.dx.internal.cloudapp.net/10.1.0.81)cc21282f-5934-42bf-9918-cc8c0aab7e68(fv-az318-260.ewvrrcgabbbubjc05i3n4a3pph.dx.internal.cloudapp.net/10.1.0.81)0f4d0b38-f1c8-489e-92ab-b78f82fc2ecb(fv-az318-260.ewvrrcgabbbubjc05i3n4a3pph.dx.internal.cloudapp.net/10.1.0.81), ReplicationConfig: EC/ECReplicationConfig{data=3, parity=2, ecChunkSize=1048576, codec=rs}, State:ALLOCATED, leaderId:, CreationTimestamp2023-02-21T13:41:05.773Z[Etc/UTC]].
2023-02-21 13:41:05,774 [IPC Server handler 1 on default port 35825] INFO  pipeline.PipelineManagerImpl (PipelineManagerImpl.java:openPipeline(367)) - Pipeline Pipeline[ Id: 394a7b4f-4c37-4742-9716-7dbb7351835c, Nodes: 114eb3b6-0965-4949-a11e-bb51ff0d0ac6(fv-az318-260.ewvrrcgabbbubjc05i3n4a3pph.dx.internal.cloudapp.net/10.1.0.81)17d7dac2-7ff4-442d-8cd9-ba857e0cf65e(fv-az318-260.ewvrrcgabbbubjc05i3n4a3pph.dx.internal.cloudapp.net/10.1.0.81)ddc1ce43-6958-4d2f-a962-1f2187968283(fv-az318-260.ewvrrcgabbbubjc05i3n4a3pph.dx.internal.cloudapp.net/10.1.0.81)cc21282f-5934-42bf-9918-cc8c0aab7e68(fv-az318-260.ewvrrcgabbbubjc05i3n4a3pph.dx.internal.cloudapp.net/10.1.0.81)0f4d0b38-f1c8-489e-92ab-b78f82fc2ecb(fv-az318-260.ewvrrcgabbbubjc05i3n4a3pph.dx.internal.cloudapp.net/10.1.0.81), ReplicationConfig: EC/ECReplicationConfig{data=3, parity=2, ecChunkSize=1048576, codec=rs}, State:ALLOCATED, leaderId:, CreationTimestamp2023-02-21T13:41:05.773Z[Etc/UTC]] moved to OPEN state
2023-02-21 13:41:05,800 [OM StateMachine ApplyTransaction Thread - 0] INFO  key.OMKeyRequest (OMKeyRequest.java:wrapUncommittedBlocksAsPseudoKey(837)) - Detect allocated but uncommitted blocks [{blockID={containerID=9, localID=111677748019200065}, length=4194304, offset=0, token=null, pipeline=null, createVersion=0, partNumber=0}] in key key2.
2023-02-21 13:41:05,806 [IPC Server handler 5 on default port 35825] INFO  pipeline.PipelineStateManagerImpl (PipelineStateManagerImpl.java:addPipeline(103)) - Created pipeline Pipeline[ Id: c7d3806f-2d89-4123-89bd-02bd9c417d39, Nodes: cc21282f-5934-42bf-9918-cc8c0aab7e68(fv-az318-260.ewvrrcgabbbubjc05i3n4a3pph.dx.internal.cloudapp.net/10.1.0.81)0f4d0b38-f1c8-489e-92ab-b78f82fc2ecb(fv-az318-260.ewvrrcgabbbubjc05i3n4a3pph.dx.internal.cloudapp.net/10.1.0.81)ddc1ce43-6958-4d2f-a962-1f2187968283(fv-az318-260.ewvrrcgabbbubjc05i3n4a3pph.dx.internal.cloudapp.net/10.1.0.81)17d7dac2-7ff4-442d-8cd9-ba857e0cf65e(fv-az318-260.ewvrrcgabbbubjc05i3n4a3pph.dx.internal.cloudapp.net/10.1.0.81)114eb3b6-0965-4949-a11e-bb51ff0d0ac6(fv-az318-260.ewvrrcgabbbubjc05i3n4a3pph.dx.internal.cloudapp.net/10.1.0.81), ReplicationConfig: EC/ECReplicationConfig{data=3, parity=2, ecChunkSize=1048576, codec=rs}, State:ALLOCATED, leaderId:, CreationTimestamp2023-02-21T13:41:05.806Z[Etc/UTC]].
2023-02-21 13:41:05,807 [IPC Server handler 5 on default port 35825] INFO  pipeline.PipelineManagerImpl (PipelineManagerImpl.java:openPipeline(367)) - Pipeline Pipeline[ Id: c7d3806f-2d89-4123-89bd-02bd9c417d39, Nodes: cc21282f-5934-42bf-9918-cc8c0aab7e68(fv-az318-260.ewvrrcgabbbubjc05i3n4a3pph.dx.internal.cloudapp.net/10.1.0.81)0f4d0b38-f1c8-489e-92ab-b78f82fc2ecb(fv-az318-260.ewvrrcgabbbubjc05i3n4a3pph.dx.internal.cloudapp.net/10.1.0.81)ddc1ce43-6958-4d2f-a962-1f2187968283(fv-az318-260.ewvrrcgabbbubjc05i3n4a3pph.dx.internal.cloudapp.net/10.1.0.81)17d7dac2-7ff4-442d-8cd9-ba857e0cf65e(fv-az318-260.ewvrrcgabbbubjc05i3n4a3pph.dx.internal.cloudapp.net/10.1.0.81)114eb3b6-0965-4949-a11e-bb51ff0d0ac6(fv-az318-260.ewvrrcgabbbubjc05i3n4a3pph.dx.internal.cloudapp.net/10.1.0.81), ReplicationConfig: EC/ECReplicationConfig{data=3, parity=2, ecChunkSize=1048576, codec=rs}, State:ALLOCATED, leaderId:, CreationTimestamp2023-02-21T13:41:05.806Z[Etc/UTC]] moved to OPEN state
2023-02-21 13:41:05,830 [OM StateMachine ApplyTransaction Thread - 0] INFO  key.OMKeyRequest (OMKeyRequest.java:wrapUncommittedBlocksAsPseudoKey(837)) - Detect allocated but uncommitted blocks [{blockID={containerID=10, localID=111677748019200066}, length=4194304, offset=0, token=null, pipeline=null, createVersion=0, partNumber=0}] in key key3.
2023-02-21 13:41:05,836 [OM StateMachine ApplyTransaction Thread - 0] INFO  key.OMKeyRequest (OMKeyRequest.java:wrapUncommittedBlocksAsPseudoKey(837)) - Detect allocated but uncommitted blocks [{blockID={containerID=4, localID=111677748019200067}, length=4194304, offset=0, token=null, pipeline=null, createVersion=0, partNumber=0}] in key key4.
]]></system-out>
  </testcase>
  <testcase name="testCreateKeyShouldUseRefreshedBucketReplicationConfig" classname="TestOzoneFileSystem" time="0.131">
    <system-out><![CDATA[2023-02-21 13:42:02,825 [Time-limited test] INFO  rpc.RpcClient (RpcClient.java:createVolume(476)) - Creating Volume: volume26504, with user67308 as owner and space quota set to -1 bytes, counts quota set to -1
2023-02-21 13:42:02,827 [IPC Server handler 16 on default port 40765] INFO  volume.OMVolumeCreateRequest (OMVolumeCreateRequest.java:validateAndUpdateCache(195)) - created volume:volume26504 for user:user67308
2023-02-21 13:42:02,829 [Time-limited test] INFO  rpc.RpcClient (RpcClient.java:createBucket(698)) - Creating Bucket: volume26504/bucket31591, with bucket layout LEGACY, runner as owner, Versioning false, Storage Type set to DISK and Encryption set to false, Replication Type set to server-side default replication type, Namespace Quota set to -1, Space Quota set to -1 
2023-02-21 13:42:02,829 [IPC Server handler 13 on default port 40765] INFO  bucket.OMBucketCreateRequest (OMBucketCreateRequest.java:validateAndUpdateCache(263)) - created bucket: bucket31591 of layout LEGACY in volume: volume26504
2023-02-21 13:42:02,845 [IPC Server handler 2 on default port 40765] INFO  key.OMKeyRequest (OMKeyRequest.java:wrapUncommittedBlocksAsPseudoKey(837)) - Detect allocated but uncommitted blocks [{blockID={containerID=4, localID=111677748019200063}, length=4194304, offset=0, token=null, pipeline=null, createVersion=0, partNumber=0}] in key key.
2023-02-21 13:42:02,849 [IPC Server handler 9 on default port 40765] INFO  key.OMKeyRequest (OMKeyRequest.java:wrapUncommittedBlocksAsPseudoKey(837)) - Detect allocated but uncommitted blocks [{blockID={containerID=2, localID=111677748019200064}, length=4194304, offset=0, token=null, pipeline=null, createVersion=0, partNumber=0}] in key key1.
2023-02-21 13:42:02,853 [IPC Server handler 3 on default port 43879] INFO  pipeline.PipelineStateManagerImpl (PipelineStateManagerImpl.java:addPipeline(103)) - Created pipeline Pipeline[ Id: 68fa7886-ceaa-4704-aaf3-331f94be6e7c, Nodes: 01e18597-a4ca-46a9-ac7d-09d343b6c1b0(fv-az318-260.ewvrrcgabbbubjc05i3n4a3pph.dx.internal.cloudapp.net/10.1.0.81)30d23356-b820-4c87-80b9-55beb4a3056d(fv-az318-260.ewvrrcgabbbubjc05i3n4a3pph.dx.internal.cloudapp.net/10.1.0.81)41686b04-70c8-46c5-a517-6ec9de94494c(fv-az318-260.ewvrrcgabbbubjc05i3n4a3pph.dx.internal.cloudapp.net/10.1.0.81)7309d6a4-9c1d-4dc9-b84b-2418a7036ef2(fv-az318-260.ewvrrcgabbbubjc05i3n4a3pph.dx.internal.cloudapp.net/10.1.0.81)e005f503-ad61-467d-ad83-422b074b570a(fv-az318-260.ewvrrcgabbbubjc05i3n4a3pph.dx.internal.cloudapp.net/10.1.0.81), ReplicationConfig: EC/ECReplicationConfig{data=3, parity=2, ecChunkSize=1048576, codec=rs}, State:ALLOCATED, leaderId:, CreationTimestamp2023-02-21T13:42:02.852Z[Etc/UTC]].
2023-02-21 13:42:02,853 [IPC Server handler 3 on default port 43879] INFO  pipeline.PipelineManagerImpl (PipelineManagerImpl.java:openPipeline(367)) - Pipeline Pipeline[ Id: 68fa7886-ceaa-4704-aaf3-331f94be6e7c, Nodes: 01e18597-a4ca-46a9-ac7d-09d343b6c1b0(fv-az318-260.ewvrrcgabbbubjc05i3n4a3pph.dx.internal.cloudapp.net/10.1.0.81)30d23356-b820-4c87-80b9-55beb4a3056d(fv-az318-260.ewvrrcgabbbubjc05i3n4a3pph.dx.internal.cloudapp.net/10.1.0.81)41686b04-70c8-46c5-a517-6ec9de94494c(fv-az318-260.ewvrrcgabbbubjc05i3n4a3pph.dx.internal.cloudapp.net/10.1.0.81)7309d6a4-9c1d-4dc9-b84b-2418a7036ef2(fv-az318-260.ewvrrcgabbbubjc05i3n4a3pph.dx.internal.cloudapp.net/10.1.0.81)e005f503-ad61-467d-ad83-422b074b570a(fv-az318-260.ewvrrcgabbbubjc05i3n4a3pph.dx.internal.cloudapp.net/10.1.0.81), ReplicationConfig: EC/ECReplicationConfig{data=3, parity=2, ecChunkSize=1048576, codec=rs}, State:ALLOCATED, leaderId:, CreationTimestamp2023-02-21T13:42:02.852Z[Etc/UTC]] moved to OPEN state
2023-02-21 13:42:02,878 [IPC Server handler 4 on default port 40765] INFO  key.OMKeyRequest (OMKeyRequest.java:wrapUncommittedBlocksAsPseudoKey(837)) - Detect allocated but uncommitted blocks [{blockID={containerID=9, localID=111677748019200065}, length=4194304, offset=0, token=null, pipeline=null, createVersion=0, partNumber=0}] in key key2.
2023-02-21 13:42:02,883 [IPC Server handler 19 on default port 43879] INFO  pipeline.PipelineStateManagerImpl (PipelineStateManagerImpl.java:addPipeline(103)) - Created pipeline Pipeline[ Id: ef0f9f29-f52b-4ace-8573-22cb3223b64f, Nodes: 30d23356-b820-4c87-80b9-55beb4a3056d(fv-az318-260.ewvrrcgabbbubjc05i3n4a3pph.dx.internal.cloudapp.net/10.1.0.81)7309d6a4-9c1d-4dc9-b84b-2418a7036ef2(fv-az318-260.ewvrrcgabbbubjc05i3n4a3pph.dx.internal.cloudapp.net/10.1.0.81)e005f503-ad61-467d-ad83-422b074b570a(fv-az318-260.ewvrrcgabbbubjc05i3n4a3pph.dx.internal.cloudapp.net/10.1.0.81)41686b04-70c8-46c5-a517-6ec9de94494c(fv-az318-260.ewvrrcgabbbubjc05i3n4a3pph.dx.internal.cloudapp.net/10.1.0.81)01e18597-a4ca-46a9-ac7d-09d343b6c1b0(fv-az318-260.ewvrrcgabbbubjc05i3n4a3pph.dx.internal.cloudapp.net/10.1.0.81), ReplicationConfig: EC/ECReplicationConfig{data=3, parity=2, ecChunkSize=1048576, codec=rs}, State:ALLOCATED, leaderId:, CreationTimestamp2023-02-21T13:42:02.883Z[Etc/UTC]].
2023-02-21 13:42:02,884 [IPC Server handler 19 on default port 43879] INFO  pipeline.PipelineManagerImpl (PipelineManagerImpl.java:openPipeline(367)) - Pipeline Pipeline[ Id: ef0f9f29-f52b-4ace-8573-22cb3223b64f, Nodes: 30d23356-b820-4c87-80b9-55beb4a3056d(fv-az318-260.ewvrrcgabbbubjc05i3n4a3pph.dx.internal.cloudapp.net/10.1.0.81)7309d6a4-9c1d-4dc9-b84b-2418a7036ef2(fv-az318-260.ewvrrcgabbbubjc05i3n4a3pph.dx.internal.cloudapp.net/10.1.0.81)e005f503-ad61-467d-ad83-422b074b570a(fv-az318-260.ewvrrcgabbbubjc05i3n4a3pph.dx.internal.cloudapp.net/10.1.0.81)41686b04-70c8-46c5-a517-6ec9de94494c(fv-az318-260.ewvrrcgabbbubjc05i3n4a3pph.dx.internal.cloudapp.net/10.1.0.81)01e18597-a4ca-46a9-ac7d-09d343b6c1b0(fv-az318-260.ewvrrcgabbbubjc05i3n4a3pph.dx.internal.cloudapp.net/10.1.0.81), ReplicationConfig: EC/ECReplicationConfig{data=3, parity=2, ecChunkSize=1048576, codec=rs}, State:ALLOCATED, leaderId:, CreationTimestamp2023-02-21T13:42:02.883Z[Etc/UTC]] moved to OPEN state
2023-02-21 13:42:02,916 [IPC Server handler 16 on default port 40765] INFO  key.OMKeyRequest (OMKeyRequest.java:wrapUncommittedBlocksAsPseudoKey(837)) - Detect allocated but uncommitted blocks [{blockID={containerID=10, localID=111677748019200066}, length=4194304, offset=0, token=null, pipeline=null, createVersion=0, partNumber=0}] in key key3.
2023-02-21 13:42:02,925 [IPC Server handler 10 on default port 40765] INFO  key.OMKeyRequest (OMKeyRequest.java:wrapUncommittedBlocksAsPseudoKey(837)) - Detect allocated but uncommitted blocks [{blockID={containerID=3, localID=111677748019200067}, length=4194304, offset=0, token=null, pipeline=null, createVersion=0, partNumber=0}] in key key4.
]]></system-out>
  </testcase>
  <testcase name="testListStatusIteratorOnRoot" classname="TestOzoneFileSystem" time="0.039"/>
  <testcase name="testListStatusIteratorOnRoot" classname="TestOzoneFileSystem" time="0.024"/>
  <testcase name="testListStatusIteratorOnRoot" classname="TestOzoneFileSystem" time="0.03">
    <system-out><![CDATA[2023-02-21 13:41:05,869 [Over Replicated Processor] INFO  replication.UnhealthyReplicationProcessor (UnhealthyReplicationProcessor.java:processAll(112)) - Processed 0 containers with health state counts {},failed processing 0
2023-02-21 13:41:05,870 [Under Replicated Processor] INFO  replication.UnhealthyReplicationProcessor (UnhealthyReplicationProcessor.java:processAll(112)) - Processed 0 containers with health state counts {},failed processing 0
]]></system-out>
  </testcase>
  <testcase name="testListStatusIteratorOnRoot" classname="TestOzoneFileSystem" time="0.022"/>
  <testcase name="testRenameDirToFile" classname="TestOzoneFileSystem" time="0.04">
    <system-out><![CDATA[2023-02-21 13:38:56,032 [OM StateMachine ApplyTransaction Thread - 0] INFO  key.OMKeyRequest (OMKeyRequest.java:wrapUncommittedBlocksAsPseudoKey(837)) - Detect allocated but uncommitted blocks [{blockID={containerID=3, localID=111677748019200068}, length=4194304, offset=0, token=null, pipeline=null, createVersion=0, partNumber=0}] in key root/file1.
2023-02-21 13:38:56,037 [Time-limited test] WARN  ozone.BasicOzoneFileSystem (BasicOzoneFileSystem.java:rename(423)) - Failed to rename o3fs://bucket10538.volume06454/a/b/c to o3fs://bucket10538.volume06454/root/file1, file already exists!
]]></system-out>
  </testcase>
  <testcase name="testRenameDirToFile" classname="TestOzoneFileSystem" time="0.025">
    <system-out><![CDATA[2023-02-21 13:39:57,766 [IPC Server handler 18 on default port 40229] INFO  key.OMKeyRequest (OMKeyRequest.java:wrapUncommittedBlocksAsPseudoKey(837)) - Detect allocated but uncommitted blocks [{blockID={containerID=2, localID=111677748019200068}, length=4194304, offset=0, token=null, pipeline=null, createVersion=0, partNumber=0}] in key root/file1.
2023-02-21 13:39:57,768 [Time-limited test] WARN  ozone.BasicOzoneFileSystem (BasicOzoneFileSystem.java:rename(423)) - Failed to rename o3fs://bucket73093.volume46490/a/b/c to o3fs://bucket73093.volume46490/root/file1, file already exists!
]]></system-out>
  </testcase>
  <testcase name="testRenameDirToFile" classname="TestOzoneFileSystem" time="0.039">
    <system-out><![CDATA[2023-02-21 13:41:05,881 [OM StateMachine ApplyTransaction Thread - 0] INFO  key.OMKeyRequest (OMKeyRequest.java:wrapUncommittedBlocksAsPseudoKey(837)) - Detect allocated but uncommitted blocks [{blockID={containerID=3, localID=111677748019200068}, length=4194304, offset=0, token=null, pipeline=null, createVersion=0, partNumber=0}] in key root/file1.
2023-02-21 13:41:05,886 [Time-limited test] WARN  ozone.BasicOzoneFileSystem (BasicOzoneFileSystem.java:rename(423)) - Failed to rename o3fs://bucket64015.volume47855/a/b/c to o3fs://bucket64015.volume47855/root/file1, file already exists!
]]></system-out>
  </testcase>
  <testcase name="testRenameDirToFile" classname="TestOzoneFileSystem" time="0.022">
    <system-out><![CDATA[2023-02-21 13:42:02,961 [IPC Server handler 10 on default port 40765] INFO  key.OMKeyRequest (OMKeyRequest.java:wrapUncommittedBlocksAsPseudoKey(837)) - Detect allocated but uncommitted blocks [{blockID={containerID=1, localID=111677748019200068}, length=4194304, offset=0, token=null, pipeline=null, createVersion=0, partNumber=0}] in key root/file1.
2023-02-21 13:42:02,964 [Time-limited test] WARN  ozone.BasicOzoneFileSystem (BasicOzoneFileSystem.java:rename(423)) - Failed to rename o3fs://bucket15199.volume82902/a/b/c to o3fs://bucket15199.volume82902/root/file1, file already exists!
]]></system-out>
  </testcase>
  <testcase name="testRenameToNewSubDirShouldNotExist" classname="TestOzoneFileSystem" time="0.067">
    <system-out><![CDATA[2023-02-21 13:38:56,075 [Time-limited test] WARN  ozone.BasicOzoneFileSystem (BasicOzoneFileSystem.java:rename(417)) - Failed to rename o3fs://bucket10538.volume06454/a to o3fs://bucket10538.volume06454/b/a, file already exists or not empty!
2023-02-21 13:38:56,083 [OM StateMachine ApplyTransaction Thread - 0] INFO  key.OMKeyRequest (OMKeyRequest.java:wrapUncommittedBlocksAsPseudoKey(837)) - Detect allocated but uncommitted blocks [{blockID={containerID=1, localID=111677748019200069}, length=4194304, offset=0, token=null, pipeline=null, createVersion=0, partNumber=0}] in key file1.
2023-02-21 13:38:56,090 [OM StateMachine ApplyTransaction Thread - 0] INFO  key.OMKeyRequest (OMKeyRequest.java:wrapUncommittedBlocksAsPseudoKey(837)) - Detect allocated but uncommitted blocks [{blockID={containerID=2, localID=111677748019200070}, length=4194304, offset=0, token=null, pipeline=null, createVersion=0, partNumber=0}] in key a/file1.
2023-02-21 13:38:56,093 [Time-limited test] WARN  ozone.BasicOzoneFileSystem (BasicOzoneFileSystem.java:rename(417)) - Failed to rename o3fs://bucket10538.volume06454/file1 to o3fs://bucket10538.volume06454/a/file1, file already exists or not empty!
]]></system-out>
  </testcase>
  <testcase name="testRenameToNewSubDirShouldNotExist" classname="TestOzoneFileSystem" time="0.037">
    <system-out><![CDATA[2023-02-21 13:39:57,792 [Time-limited test] WARN  ozone.BasicOzoneFileSystem (BasicOzoneFileSystem.java:rename(417)) - Failed to rename o3fs://bucket73093.volume46490/a to o3fs://bucket73093.volume46490/b/a, file already exists or not empty!
2023-02-21 13:39:57,797 [IPC Server handler 0 on default port 40229] INFO  key.OMKeyRequest (OMKeyRequest.java:wrapUncommittedBlocksAsPseudoKey(837)) - Detect allocated but uncommitted blocks [{blockID={containerID=4, localID=111677748019200069}, length=4194304, offset=0, token=null, pipeline=null, createVersion=0, partNumber=0}] in key file1.
2023-02-21 13:39:57,801 [IPC Server handler 2 on default port 40229] INFO  key.OMKeyRequest (OMKeyRequest.java:wrapUncommittedBlocksAsPseudoKey(837)) - Detect allocated but uncommitted blocks [{blockID={containerID=2, localID=111677748019200070}, length=4194304, offset=0, token=null, pipeline=null, createVersion=0, partNumber=0}] in key a/file1.
2023-02-21 13:39:57,806 [Time-limited test] WARN  ozone.BasicOzoneFileSystem (BasicOzoneFileSystem.java:rename(417)) - Failed to rename o3fs://bucket73093.volume46490/file1 to o3fs://bucket73093.volume46490/a/file1, file already exists or not empty!
]]></system-out>
  </testcase>
  <testcase name="testRenameToNewSubDirShouldNotExist" classname="TestOzoneFileSystem" time="0.043">
    <system-out><![CDATA[2023-02-21 13:41:05,927 [Time-limited test] WARN  ozone.BasicOzoneFileSystem (BasicOzoneFileSystem.java:rename(417)) - Failed to rename o3fs://bucket64015.volume47855/a to o3fs://bucket64015.volume47855/b/a, file already exists or not empty!
2023-02-21 13:41:05,932 [OM StateMachine ApplyTransaction Thread - 0] INFO  key.OMKeyRequest (OMKeyRequest.java:wrapUncommittedBlocksAsPseudoKey(837)) - Detect allocated but uncommitted blocks [{blockID={containerID=4, localID=111677748019200069}, length=4194304, offset=0, token=null, pipeline=null, createVersion=0, partNumber=0}] in key file1.
2023-02-21 13:41:05,936 [OM StateMachine ApplyTransaction Thread - 0] INFO  key.OMKeyRequest (OMKeyRequest.java:wrapUncommittedBlocksAsPseudoKey(837)) - Detect allocated but uncommitted blocks [{blockID={containerID=3, localID=111677748019200070}, length=4194304, offset=0, token=null, pipeline=null, createVersion=0, partNumber=0}] in key a/file1.
2023-02-21 13:41:05,938 [Time-limited test] WARN  ozone.BasicOzoneFileSystem (BasicOzoneFileSystem.java:rename(417)) - Failed to rename o3fs://bucket64015.volume47855/file1 to o3fs://bucket64015.volume47855/a/file1, file already exists or not empty!
]]></system-out>
  </testcase>
  <testcase name="testRenameToNewSubDirShouldNotExist" classname="TestOzoneFileSystem" time="0.036">
    <system-out><![CDATA[2023-02-21 13:42:02,986 [Time-limited test] WARN  ozone.BasicOzoneFileSystem (BasicOzoneFileSystem.java:rename(417)) - Failed to rename o3fs://bucket15199.volume82902/a to o3fs://bucket15199.volume82902/b/a, file already exists or not empty!
2023-02-21 13:42:02,989 [IPC Server handler 0 on default port 40765] INFO  key.OMKeyRequest (OMKeyRequest.java:wrapUncommittedBlocksAsPseudoKey(837)) - Detect allocated but uncommitted blocks [{blockID={containerID=2, localID=111677748019200069}, length=4194304, offset=0, token=null, pipeline=null, createVersion=0, partNumber=0}] in key file1.
2023-02-21 13:42:02,993 [IPC Server handler 3 on default port 40765] INFO  key.OMKeyRequest (OMKeyRequest.java:wrapUncommittedBlocksAsPseudoKey(837)) - Detect allocated but uncommitted blocks [{blockID={containerID=1, localID=111677748019200070}, length=4194304, offset=0, token=null, pipeline=null, createVersion=0, partNumber=0}] in key a/file1.
2023-02-21 13:42:02,995 [Time-limited test] WARN  ozone.BasicOzoneFileSystem (BasicOzoneFileSystem.java:rename(417)) - Failed to rename o3fs://bucket15199.volume82902/file1 to o3fs://bucket15199.volume82902/a/file1, file already exists or not empty!
]]></system-out>
  </testcase>
  <testcase name="testListStatusOnLargeDirectoryForACLCheck" classname="TestOzoneFileSystem" time="3.442">
    <system-out><![CDATA[2023-02-21 13:38:59,474 [om1-client-thread1] INFO  segmented.SegmentedRaftLogWorker (SegmentedRaftLogWorker.java:rollLogSegment(457)) - om1@group-C5BA1605619E-SegmentedRaftLogWorker: Rolling segment log-0_36896 to index:36896
2023-02-21 13:38:59,476 [om1@group-C5BA1605619E-SegmentedRaftLogWorker] INFO  segmented.SegmentedRaftLogWorker (SegmentedRaftLogWorker.java:execute(613)) - om1@group-C5BA1605619E-SegmentedRaftLogWorker: Rolled log segment from /home/runner/work/ozone/ozone/hadoop-ozone/integration-test/target/test-dir/MiniOzoneClusterImpl-af67ded0-52d4-4e8d-8917-e8c7ba660466/ozone-meta/ratis/bf265839-605b-3f16-9796-c5ba1605619e/current/log_inprogress_0 to /home/runner/work/ozone/ozone/hadoop-ozone/integration-test/target/test-dir/MiniOzoneClusterImpl-af67ded0-52d4-4e8d-8917-e8c7ba660466/ozone-meta/ratis/bf265839-605b-3f16-9796-c5ba1605619e/current/log_0-36896
2023-02-21 13:38:59,488 [om1@group-C5BA1605619E-SegmentedRaftLogWorker] INFO  segmented.SegmentedRaftLogWorker (SegmentedRaftLogWorker.java:execute(656)) - om1@group-C5BA1605619E-SegmentedRaftLogWorker: created new log segment /home/runner/work/ozone/ozone/hadoop-ozone/integration-test/target/test-dir/MiniOzoneClusterImpl-af67ded0-52d4-4e8d-8917-e8c7ba660466/ozone-meta/ratis/bf265839-605b-3f16-9796-c5ba1605619e/current/log_inprogress_36897
]]></system-out>
  </testcase>
  <testcase name="testListStatusOnLargeDirectoryForACLCheck" classname="TestOzoneFileSystem" time="1.357"/>
  <testcase name="testListStatusOnLargeDirectoryForACLCheck" classname="TestOzoneFileSystem" time="2.866">
    <system-out><![CDATA[2023-02-21 13:41:06,841 [IPC Server handler 14 on default port 35825] INFO  ha.SequenceIdGenerator (SequenceIdGenerator.java:getNextId(128)) - Allocate a batch for delTxnId, change lastId from 0 to 1000.
2023-02-21 13:41:08,731 [om1-client-thread2] INFO  segmented.SegmentedRaftLogWorker (SegmentedRaftLogWorker.java:rollLogSegment(457)) - om1@group-C5BA1605619E-SegmentedRaftLogWorker: Rolling segment log-0_36867 to index:36867
2023-02-21 13:41:08,732 [om1@group-C5BA1605619E-SegmentedRaftLogWorker] INFO  segmented.SegmentedRaftLogWorker (SegmentedRaftLogWorker.java:execute(613)) - om1@group-C5BA1605619E-SegmentedRaftLogWorker: Rolled log segment from /home/runner/work/ozone/ozone/hadoop-ozone/integration-test/target/test-dir/MiniOzoneClusterImpl-c6aa46b2-3083-4aae-be29-8199bb906922/ozone-meta/ratis/bf265839-605b-3f16-9796-c5ba1605619e/current/log_inprogress_0 to /home/runner/work/ozone/ozone/hadoop-ozone/integration-test/target/test-dir/MiniOzoneClusterImpl-c6aa46b2-3083-4aae-be29-8199bb906922/ozone-meta/ratis/bf265839-605b-3f16-9796-c5ba1605619e/current/log_0-36867
2023-02-21 13:41:08,744 [om1@group-C5BA1605619E-SegmentedRaftLogWorker] INFO  segmented.SegmentedRaftLogWorker (SegmentedRaftLogWorker.java:execute(656)) - om1@group-C5BA1605619E-SegmentedRaftLogWorker: created new log segment /home/runner/work/ozone/ozone/hadoop-ozone/integration-test/target/test-dir/MiniOzoneClusterImpl-c6aa46b2-3083-4aae-be29-8199bb906922/ozone-meta/ratis/bf265839-605b-3f16-9796-c5ba1605619e/current/log_inprogress_36868
]]></system-out>
  </testcase>
  <testcase name="testListStatusOnLargeDirectoryForACLCheck" classname="TestOzoneFileSystem" time="1.273"/>
  <testcase name="testRenameFileToDir" classname="TestOzoneFileSystem" time="0.05">
    <system-out><![CDATA[2023-02-21 13:38:59,583 [OM StateMachine ApplyTransaction Thread - 0] INFO  key.OMKeyRequest (OMKeyRequest.java:wrapUncommittedBlocksAsPseudoKey(837)) - Detect allocated but uncommitted blocks [{blockID={containerID=3, localID=111677748019200071}, length=4194304, offset=0, token=null, pipeline=null, createVersion=0, partNumber=0}] in key root/file1.
13:38:59.590 [IPC Server handler 6 on default port 35721] ERROR OMAudit - user=runner | ip=127.0.0.1 | op=LIST_STATUS {volume=volume06454, bucket=bucket10538, key=a/b/c/file1, dataSize=0, replicationConfig=null} | ret=FAILURE
org.apache.hadoop.ozone.om.exceptions.OMException: Unable to get file status: volume: volume06454 bucket: bucket10538 key: a/b/c/file1
	at org.apache.hadoop.ozone.om.KeyManagerImpl.getOzoneFileStatus(KeyManagerImpl.java:1162) ~[ozone-manager-1.4.0-SNAPSHOT.jar:?]
	at org.apache.hadoop.ozone.om.KeyManagerImpl.getFileStatus(KeyManagerImpl.java:1080) ~[ozone-manager-1.4.0-SNAPSHOT.jar:?]
	at org.apache.hadoop.ozone.om.KeyManagerImpl.listStatus(KeyManagerImpl.java:1443) ~[ozone-manager-1.4.0-SNAPSHOT.jar:?]
	at org.apache.hadoop.ozone.om.OmMetadataReader.listStatus(OmMetadataReader.java:261) ~[ozone-manager-1.4.0-SNAPSHOT.jar:?]
	at org.apache.hadoop.ozone.om.OzoneManager.listStatus(OzoneManager.java:3469) ~[ozone-manager-1.4.0-SNAPSHOT.jar:?]
	at org.apache.hadoop.ozone.protocolPB.OzoneManagerRequestHandler.listStatus(OzoneManagerRequestHandler.java:1097) ~[ozone-manager-1.4.0-SNAPSHOT.jar:?]
	at org.apache.hadoop.ozone.protocolPB.OzoneManagerRequestHandler.handleReadRequest(OzoneManagerRequestHandler.java:249) ~[ozone-manager-1.4.0-SNAPSHOT.jar:?]
	at org.apache.hadoop.ozone.protocolPB.OzoneManagerProtocolServerSideTranslatorPB.submitReadRequestToOM(OzoneManagerProtocolServerSideTranslatorPB.java:223) ~[ozone-manager-1.4.0-SNAPSHOT.jar:?]
	at org.apache.hadoop.ozone.protocolPB.OzoneManagerProtocolServerSideTranslatorPB.processRequest(OzoneManagerProtocolServerSideTranslatorPB.java:177) ~[ozone-manager-1.4.0-SNAPSHOT.jar:?]
	at org.apache.hadoop.hdds.server.OzoneProtocolMessageDispatcher.processRequest(OzoneProtocolMessageDispatcher.java:87) [hdds-server-framework-1.4.0-SNAPSHOT.jar:?]
	at org.apache.hadoop.ozone.protocolPB.OzoneManagerProtocolServerSideTranslatorPB.submitRequest(OzoneManagerProtocolServerSideTranslatorPB.java:147) [ozone-manager-1.4.0-SNAPSHOT.jar:?]
	at org.apache.hadoop.ozone.protocol.proto.OzoneManagerProtocolProtos$OzoneManagerService$2.callBlockingMethod(OzoneManagerProtocolProtos.java) [ozone-interface-client-1.4.0-SNAPSHOT.jar:?]
	at org.apache.hadoop.ipc.ProtobufRpcEngine$Server.processCall(ProtobufRpcEngine.java:465) [hadoop-common-3.3.4.jar:?]
	at org.apache.hadoop.ipc.ProtobufRpcEngine2$Server$ProtoBufRpcInvoker.call(ProtobufRpcEngine2.java:578) [hadoop-common-3.3.4.jar:?]
	at org.apache.hadoop.ipc.ProtobufRpcEngine2$Server$ProtoBufRpcInvoker.call(ProtobufRpcEngine2.java:556) [hadoop-common-3.3.4.jar:?]
	at org.apache.hadoop.ipc.RPC$Server.call(RPC.java:1093) [hadoop-common-3.3.4.jar:?]
	at org.apache.hadoop.ipc.Server$RpcCall.run(Server.java:1043) [hadoop-common-3.3.4.jar:?]
	at org.apache.hadoop.ipc.Server$RpcCall.run(Server.java:971) [hadoop-common-3.3.4.jar:?]
	at java.security.AccessController.doPrivileged(Native Method) ~[?:1.8.0_362]
	at javax.security.auth.Subject.doAs(Subject.java:422) [?:1.8.0_362]
	at org.apache.hadoop.security.UserGroupInformation.doAs(UserGroupInformation.java:1878) [hadoop-common-3.3.4.jar:?]
	at org.apache.hadoop.ipc.Server$Handler.run(Server.java:2976) [hadoop-common-3.3.4.jar:?]
]]></system-out>
  </testcase>
  <testcase name="testRenameFileToDir" classname="TestOzoneFileSystem" time="0.032">
    <system-out><![CDATA[2023-02-21 13:39:59,182 [IPC Server handler 12 on default port 40229] INFO  key.OMKeyRequest (OMKeyRequest.java:wrapUncommittedBlocksAsPseudoKey(837)) - Detect allocated but uncommitted blocks [{blockID={containerID=4, localID=111677748019200071}, length=4194304, offset=0, token=null, pipeline=null, createVersion=0, partNumber=0}] in key root/file1.
13:39:59.185 [IPC Server handler 3 on default port 40229] ERROR OMAudit - user=runner | ip=127.0.0.1 | op=LIST_STATUS {volume=volume46490, bucket=bucket73093, key=a/b/c/file1, dataSize=0, replicationConfig=null} | ret=FAILURE
org.apache.hadoop.ozone.om.exceptions.OMException: Unable to get file status: volume: volume46490 bucket: bucket73093 key: a/b/c/file1
	at org.apache.hadoop.ozone.om.KeyManagerImpl.getOzoneFileStatus(KeyManagerImpl.java:1162) ~[ozone-manager-1.4.0-SNAPSHOT.jar:?]
	at org.apache.hadoop.ozone.om.KeyManagerImpl.getFileStatus(KeyManagerImpl.java:1080) ~[ozone-manager-1.4.0-SNAPSHOT.jar:?]
	at org.apache.hadoop.ozone.om.KeyManagerImpl.listStatus(KeyManagerImpl.java:1443) ~[ozone-manager-1.4.0-SNAPSHOT.jar:?]
	at org.apache.hadoop.ozone.om.OmMetadataReader.listStatus(OmMetadataReader.java:261) ~[ozone-manager-1.4.0-SNAPSHOT.jar:?]
	at org.apache.hadoop.ozone.om.OzoneManager.listStatus(OzoneManager.java:3469) ~[ozone-manager-1.4.0-SNAPSHOT.jar:?]
	at org.apache.hadoop.ozone.protocolPB.OzoneManagerRequestHandler.listStatus(OzoneManagerRequestHandler.java:1097) ~[ozone-manager-1.4.0-SNAPSHOT.jar:?]
	at org.apache.hadoop.ozone.protocolPB.OzoneManagerRequestHandler.handleReadRequest(OzoneManagerRequestHandler.java:249) ~[ozone-manager-1.4.0-SNAPSHOT.jar:?]
	at org.apache.hadoop.ozone.protocolPB.OzoneManagerProtocolServerSideTranslatorPB.submitRequestDirectlyToOM(OzoneManagerProtocolServerSideTranslatorPB.java:271) ~[ozone-manager-1.4.0-SNAPSHOT.jar:?]
	at org.apache.hadoop.ozone.protocolPB.OzoneManagerProtocolServerSideTranslatorPB.processRequest(OzoneManagerProtocolServerSideTranslatorPB.java:173) ~[ozone-manager-1.4.0-SNAPSHOT.jar:?]
	at org.apache.hadoop.hdds.server.OzoneProtocolMessageDispatcher.processRequest(OzoneProtocolMessageDispatcher.java:87) [hdds-server-framework-1.4.0-SNAPSHOT.jar:?]
	at org.apache.hadoop.ozone.protocolPB.OzoneManagerProtocolServerSideTranslatorPB.submitRequest(OzoneManagerProtocolServerSideTranslatorPB.java:147) [ozone-manager-1.4.0-SNAPSHOT.jar:?]
	at org.apache.hadoop.ozone.protocol.proto.OzoneManagerProtocolProtos$OzoneManagerService$2.callBlockingMethod(OzoneManagerProtocolProtos.java) [ozone-interface-client-1.4.0-SNAPSHOT.jar:?]
	at org.apache.hadoop.ipc.ProtobufRpcEngine$Server.processCall(ProtobufRpcEngine.java:465) [hadoop-common-3.3.4.jar:?]
	at org.apache.hadoop.ipc.ProtobufRpcEngine2$Server$ProtoBufRpcInvoker.call(ProtobufRpcEngine2.java:578) [hadoop-common-3.3.4.jar:?]
	at org.apache.hadoop.ipc.ProtobufRpcEngine2$Server$ProtoBufRpcInvoker.call(ProtobufRpcEngine2.java:556) [hadoop-common-3.3.4.jar:?]
	at org.apache.hadoop.ipc.RPC$Server.call(RPC.java:1093) [hadoop-common-3.3.4.jar:?]
	at org.apache.hadoop.ipc.Server$RpcCall.run(Server.java:1043) [hadoop-common-3.3.4.jar:?]
	at org.apache.hadoop.ipc.Server$RpcCall.run(Server.java:971) [hadoop-common-3.3.4.jar:?]
	at java.security.AccessController.doPrivileged(Native Method) ~[?:1.8.0_362]
	at javax.security.auth.Subject.doAs(Subject.java:422) [?:1.8.0_362]
	at org.apache.hadoop.security.UserGroupInformation.doAs(UserGroupInformation.java:1878) [hadoop-common-3.3.4.jar:?]
	at org.apache.hadoop.ipc.Server$Handler.run(Server.java:2976) [hadoop-common-3.3.4.jar:?]
]]></system-out>
  </testcase>
  <testcase name="testRenameFileToDir" classname="TestOzoneFileSystem" time="0.038">
    <system-out><![CDATA[2023-02-21 13:41:08,830 [OM StateMachine ApplyTransaction Thread - 0] INFO  key.OMKeyRequest (OMKeyRequest.java:wrapUncommittedBlocksAsPseudoKey(837)) - Detect allocated but uncommitted blocks [{blockID={containerID=2, localID=111677748019200071}, length=4194304, offset=0, token=null, pipeline=null, createVersion=0, partNumber=0}] in key root/file1.
13:41:08.833 [IPC Server handler 11 on default port 34503] ERROR OMAudit - user=runner | ip=127.0.0.1 | op=LIST_STATUS {volume=volume47855, bucket=bucket64015, key=a/b/c/file1, dataSize=0, replicationConfig=null} | ret=FAILURE
org.apache.hadoop.ozone.om.exceptions.OMException: Unable to get file status: volume: volume47855 bucket: bucket64015 key: a/b/c/file1
	at org.apache.hadoop.ozone.om.KeyManagerImpl.getOzoneFileStatus(KeyManagerImpl.java:1162) ~[ozone-manager-1.4.0-SNAPSHOT.jar:?]
	at org.apache.hadoop.ozone.om.KeyManagerImpl.getFileStatus(KeyManagerImpl.java:1080) ~[ozone-manager-1.4.0-SNAPSHOT.jar:?]
	at org.apache.hadoop.ozone.om.KeyManagerImpl.listStatus(KeyManagerImpl.java:1443) ~[ozone-manager-1.4.0-SNAPSHOT.jar:?]
	at org.apache.hadoop.ozone.om.OmMetadataReader.listStatus(OmMetadataReader.java:261) ~[ozone-manager-1.4.0-SNAPSHOT.jar:?]
	at org.apache.hadoop.ozone.om.OzoneManager.listStatus(OzoneManager.java:3469) ~[ozone-manager-1.4.0-SNAPSHOT.jar:?]
	at org.apache.hadoop.ozone.protocolPB.OzoneManagerRequestHandler.listStatus(OzoneManagerRequestHandler.java:1097) ~[ozone-manager-1.4.0-SNAPSHOT.jar:?]
	at org.apache.hadoop.ozone.protocolPB.OzoneManagerRequestHandler.handleReadRequest(OzoneManagerRequestHandler.java:249) ~[ozone-manager-1.4.0-SNAPSHOT.jar:?]
	at org.apache.hadoop.ozone.protocolPB.OzoneManagerProtocolServerSideTranslatorPB.submitReadRequestToOM(OzoneManagerProtocolServerSideTranslatorPB.java:223) ~[ozone-manager-1.4.0-SNAPSHOT.jar:?]
	at org.apache.hadoop.ozone.protocolPB.OzoneManagerProtocolServerSideTranslatorPB.processRequest(OzoneManagerProtocolServerSideTranslatorPB.java:177) ~[ozone-manager-1.4.0-SNAPSHOT.jar:?]
	at org.apache.hadoop.hdds.server.OzoneProtocolMessageDispatcher.processRequest(OzoneProtocolMessageDispatcher.java:87) [hdds-server-framework-1.4.0-SNAPSHOT.jar:?]
	at org.apache.hadoop.ozone.protocolPB.OzoneManagerProtocolServerSideTranslatorPB.submitRequest(OzoneManagerProtocolServerSideTranslatorPB.java:147) [ozone-manager-1.4.0-SNAPSHOT.jar:?]
	at org.apache.hadoop.ozone.protocol.proto.OzoneManagerProtocolProtos$OzoneManagerService$2.callBlockingMethod(OzoneManagerProtocolProtos.java) [ozone-interface-client-1.4.0-SNAPSHOT.jar:?]
	at org.apache.hadoop.ipc.ProtobufRpcEngine$Server.processCall(ProtobufRpcEngine.java:465) [hadoop-common-3.3.4.jar:?]
	at org.apache.hadoop.ipc.ProtobufRpcEngine2$Server$ProtoBufRpcInvoker.call(ProtobufRpcEngine2.java:578) [hadoop-common-3.3.4.jar:?]
	at org.apache.hadoop.ipc.ProtobufRpcEngine2$Server$ProtoBufRpcInvoker.call(ProtobufRpcEngine2.java:556) [hadoop-common-3.3.4.jar:?]
	at org.apache.hadoop.ipc.RPC$Server.call(RPC.java:1093) [hadoop-common-3.3.4.jar:?]
	at org.apache.hadoop.ipc.Server$RpcCall.run(Server.java:1043) [hadoop-common-3.3.4.jar:?]
	at org.apache.hadoop.ipc.Server$RpcCall.run(Server.java:971) [hadoop-common-3.3.4.jar:?]
	at java.security.AccessController.doPrivileged(Native Method) ~[?:1.8.0_362]
	at javax.security.auth.Subject.doAs(Subject.java:422) [?:1.8.0_362]
	at org.apache.hadoop.security.UserGroupInformation.doAs(UserGroupInformation.java:1878) [hadoop-common-3.3.4.jar:?]
	at org.apache.hadoop.ipc.Server$Handler.run(Server.java:2976) [hadoop-common-3.3.4.jar:?]
]]></system-out>
  </testcase>
  <testcase name="testRenameFileToDir" classname="TestOzoneFileSystem" time="0.033">
    <system-out><![CDATA[2023-02-21 13:42:04,290 [IPC Server handler 18 on default port 40765] INFO  key.OMKeyRequest (OMKeyRequest.java:wrapUncommittedBlocksAsPseudoKey(837)) - Detect allocated but uncommitted blocks [{blockID={containerID=4, localID=111677748019200071}, length=4194304, offset=0, token=null, pipeline=null, createVersion=0, partNumber=0}] in key root/file1.
13:42:04.294 [IPC Server handler 13 on default port 40765] ERROR OMAudit - user=runner | ip=127.0.0.1 | op=LIST_STATUS {volume=volume82902, bucket=bucket15199, key=a/b/c/file1, dataSize=0, replicationConfig=null} | ret=FAILURE
org.apache.hadoop.ozone.om.exceptions.OMException: Unable to get file status: volume: volume82902 bucket: bucket15199 key: a/b/c/file1
	at org.apache.hadoop.ozone.om.KeyManagerImpl.getOzoneFileStatus(KeyManagerImpl.java:1162) ~[ozone-manager-1.4.0-SNAPSHOT.jar:?]
	at org.apache.hadoop.ozone.om.KeyManagerImpl.getFileStatus(KeyManagerImpl.java:1080) ~[ozone-manager-1.4.0-SNAPSHOT.jar:?]
	at org.apache.hadoop.ozone.om.KeyManagerImpl.listStatus(KeyManagerImpl.java:1443) ~[ozone-manager-1.4.0-SNAPSHOT.jar:?]
	at org.apache.hadoop.ozone.om.OmMetadataReader.listStatus(OmMetadataReader.java:261) ~[ozone-manager-1.4.0-SNAPSHOT.jar:?]
	at org.apache.hadoop.ozone.om.OzoneManager.listStatus(OzoneManager.java:3469) ~[ozone-manager-1.4.0-SNAPSHOT.jar:?]
	at org.apache.hadoop.ozone.protocolPB.OzoneManagerRequestHandler.listStatus(OzoneManagerRequestHandler.java:1097) ~[ozone-manager-1.4.0-SNAPSHOT.jar:?]
	at org.apache.hadoop.ozone.protocolPB.OzoneManagerRequestHandler.handleReadRequest(OzoneManagerRequestHandler.java:249) ~[ozone-manager-1.4.0-SNAPSHOT.jar:?]
	at org.apache.hadoop.ozone.protocolPB.OzoneManagerProtocolServerSideTranslatorPB.submitRequestDirectlyToOM(OzoneManagerProtocolServerSideTranslatorPB.java:271) ~[ozone-manager-1.4.0-SNAPSHOT.jar:?]
	at org.apache.hadoop.ozone.protocolPB.OzoneManagerProtocolServerSideTranslatorPB.processRequest(OzoneManagerProtocolServerSideTranslatorPB.java:173) ~[ozone-manager-1.4.0-SNAPSHOT.jar:?]
	at org.apache.hadoop.hdds.server.OzoneProtocolMessageDispatcher.processRequest(OzoneProtocolMessageDispatcher.java:87) [hdds-server-framework-1.4.0-SNAPSHOT.jar:?]
	at org.apache.hadoop.ozone.protocolPB.OzoneManagerProtocolServerSideTranslatorPB.submitRequest(OzoneManagerProtocolServerSideTranslatorPB.java:147) [ozone-manager-1.4.0-SNAPSHOT.jar:?]
	at org.apache.hadoop.ozone.protocol.proto.OzoneManagerProtocolProtos$OzoneManagerService$2.callBlockingMethod(OzoneManagerProtocolProtos.java) [ozone-interface-client-1.4.0-SNAPSHOT.jar:?]
	at org.apache.hadoop.ipc.ProtobufRpcEngine$Server.processCall(ProtobufRpcEngine.java:465) [hadoop-common-3.3.4.jar:?]
	at org.apache.hadoop.ipc.ProtobufRpcEngine2$Server$ProtoBufRpcInvoker.call(ProtobufRpcEngine2.java:578) [hadoop-common-3.3.4.jar:?]
	at org.apache.hadoop.ipc.ProtobufRpcEngine2$Server$ProtoBufRpcInvoker.call(ProtobufRpcEngine2.java:556) [hadoop-common-3.3.4.jar:?]
	at org.apache.hadoop.ipc.RPC$Server.call(RPC.java:1093) [hadoop-common-3.3.4.jar:?]
	at org.apache.hadoop.ipc.Server$RpcCall.run(Server.java:1043) [hadoop-common-3.3.4.jar:?]
	at org.apache.hadoop.ipc.Server$RpcCall.run(Server.java:971) [hadoop-common-3.3.4.jar:?]
	at java.security.AccessController.doPrivileged(Native Method) ~[?:1.8.0_362]
	at javax.security.auth.Subject.doAs(Subject.java:422) [?:1.8.0_362]
	at org.apache.hadoop.security.UserGroupInformation.doAs(UserGroupInformation.java:1878) [hadoop-common-3.3.4.jar:?]
	at org.apache.hadoop.ipc.Server$Handler.run(Server.java:2976) [hadoop-common-3.3.4.jar:?]
]]></system-out>
  </testcase>
  <testcase name="testListStatusWithIntermediateDirWithECEnabled" classname="TestOzoneFileSystem" time="0.046">
    <system-out><![CDATA[2023-02-21 13:38:59,629 [IPC Server handler 3 on default port 36255] INFO  pipeline.PipelineStateManagerImpl (PipelineStateManagerImpl.java:addPipeline(103)) - Created pipeline Pipeline[ Id: 0134d7dd-d4fc-43b6-b319-4e1d71936613, Nodes: 13b316d7-19fe-4f46-8ee4-74122f1e4c34(fv-az318-260.ewvrrcgabbbubjc05i3n4a3pph.dx.internal.cloudapp.net/10.1.0.81)55112d89-11b5-415b-b3d0-c3d2a8542f19(fv-az318-260.ewvrrcgabbbubjc05i3n4a3pph.dx.internal.cloudapp.net/10.1.0.81)49687013-9189-4ed6-aa07-d793b1b94e57(fv-az318-260.ewvrrcgabbbubjc05i3n4a3pph.dx.internal.cloudapp.net/10.1.0.81)16e51c86-b54f-4418-8274-5609a4b0e8e9(fv-az318-260.ewvrrcgabbbubjc05i3n4a3pph.dx.internal.cloudapp.net/10.1.0.81)a9e05f5c-46cf-4b5a-96e6-bc07cdc5b6c0(fv-az318-260.ewvrrcgabbbubjc05i3n4a3pph.dx.internal.cloudapp.net/10.1.0.81), ReplicationConfig: EC/ECReplicationConfig{data=3, parity=2, ecChunkSize=1048576, codec=rs}, State:ALLOCATED, leaderId:, CreationTimestamp2023-02-21T13:38:59.628Z[Etc/UTC]].
2023-02-21 13:38:59,629 [IPC Server handler 3 on default port 36255] INFO  pipeline.PipelineManagerImpl (PipelineManagerImpl.java:openPipeline(367)) - Pipeline Pipeline[ Id: 0134d7dd-d4fc-43b6-b319-4e1d71936613, Nodes: 13b316d7-19fe-4f46-8ee4-74122f1e4c34(fv-az318-260.ewvrrcgabbbubjc05i3n4a3pph.dx.internal.cloudapp.net/10.1.0.81)55112d89-11b5-415b-b3d0-c3d2a8542f19(fv-az318-260.ewvrrcgabbbubjc05i3n4a3pph.dx.internal.cloudapp.net/10.1.0.81)49687013-9189-4ed6-aa07-d793b1b94e57(fv-az318-260.ewvrrcgabbbubjc05i3n4a3pph.dx.internal.cloudapp.net/10.1.0.81)16e51c86-b54f-4418-8274-5609a4b0e8e9(fv-az318-260.ewvrrcgabbbubjc05i3n4a3pph.dx.internal.cloudapp.net/10.1.0.81)a9e05f5c-46cf-4b5a-96e6-bc07cdc5b6c0(fv-az318-260.ewvrrcgabbbubjc05i3n4a3pph.dx.internal.cloudapp.net/10.1.0.81), ReplicationConfig: EC/ECReplicationConfig{data=3, parity=2, ecChunkSize=1048576, codec=rs}, State:ALLOCATED, leaderId:, CreationTimestamp2023-02-21T13:38:59.628Z[Etc/UTC]] moved to OPEN state
2023-02-21 13:38:59,637 [OM StateMachine ApplyTransaction Thread - 0] INFO  key.OMKeyRequest (OMKeyRequest.java:wrapUncommittedBlocksAsPseudoKey(837)) - Detect allocated but uncommitted blocks [{blockID={containerID=11, localID=111677748019200072}, length=4194304, offset=0, token=null, pipeline=null, createVersion=0, partNumber=0}] in key object-dir/object-name1.
]]></system-out>
  </testcase>
  <testcase name="testListStatusWithIntermediateDirWithECEnabled" classname="TestOzoneFileSystem" time="0.023">
    <system-out><![CDATA[2023-02-21 13:39:59,212 [IPC Server handler 5 on default port 33483] INFO  pipeline.PipelineStateManagerImpl (PipelineStateManagerImpl.java:addPipeline(103)) - Created pipeline Pipeline[ Id: 42142934-bb7f-4a5f-9168-ed00efb2b4b9, Nodes: 24a59b6b-5580-49f4-8674-e10ef71be698(fv-az318-260.ewvrrcgabbbubjc05i3n4a3pph.dx.internal.cloudapp.net/10.1.0.81)e9aaeb2c-5ca1-4644-9e1d-ecde78d55867(fv-az318-260.ewvrrcgabbbubjc05i3n4a3pph.dx.internal.cloudapp.net/10.1.0.81)3e39c96d-43de-444f-825b-71406d153b89(fv-az318-260.ewvrrcgabbbubjc05i3n4a3pph.dx.internal.cloudapp.net/10.1.0.81)b8864c6c-2f32-4f18-b19e-2e05a8dee4a2(fv-az318-260.ewvrrcgabbbubjc05i3n4a3pph.dx.internal.cloudapp.net/10.1.0.81)66960b80-c593-4b74-88fd-c621ad684876(fv-az318-260.ewvrrcgabbbubjc05i3n4a3pph.dx.internal.cloudapp.net/10.1.0.81), ReplicationConfig: EC/ECReplicationConfig{data=3, parity=2, ecChunkSize=1048576, codec=rs}, State:ALLOCATED, leaderId:, CreationTimestamp2023-02-21T13:39:59.212Z[Etc/UTC]].
2023-02-21 13:39:59,213 [IPC Server handler 5 on default port 33483] INFO  pipeline.PipelineManagerImpl (PipelineManagerImpl.java:openPipeline(367)) - Pipeline Pipeline[ Id: 42142934-bb7f-4a5f-9168-ed00efb2b4b9, Nodes: 24a59b6b-5580-49f4-8674-e10ef71be698(fv-az318-260.ewvrrcgabbbubjc05i3n4a3pph.dx.internal.cloudapp.net/10.1.0.81)e9aaeb2c-5ca1-4644-9e1d-ecde78d55867(fv-az318-260.ewvrrcgabbbubjc05i3n4a3pph.dx.internal.cloudapp.net/10.1.0.81)3e39c96d-43de-444f-825b-71406d153b89(fv-az318-260.ewvrrcgabbbubjc05i3n4a3pph.dx.internal.cloudapp.net/10.1.0.81)b8864c6c-2f32-4f18-b19e-2e05a8dee4a2(fv-az318-260.ewvrrcgabbbubjc05i3n4a3pph.dx.internal.cloudapp.net/10.1.0.81)66960b80-c593-4b74-88fd-c621ad684876(fv-az318-260.ewvrrcgabbbubjc05i3n4a3pph.dx.internal.cloudapp.net/10.1.0.81), ReplicationConfig: EC/ECReplicationConfig{data=3, parity=2, ecChunkSize=1048576, codec=rs}, State:ALLOCATED, leaderId:, CreationTimestamp2023-02-21T13:39:59.212Z[Etc/UTC]] moved to OPEN state
2023-02-21 13:39:59,215 [IPC Server handler 13 on default port 40229] INFO  key.OMKeyRequest (OMKeyRequest.java:wrapUncommittedBlocksAsPseudoKey(837)) - Detect allocated but uncommitted blocks [{blockID={containerID=11, localID=111677748019200072}, length=4194304, offset=0, token=null, pipeline=null, createVersion=0, partNumber=0}] in key object-dir/object-name1.
]]></system-out>
  </testcase>
  <testcase name="testListStatusWithIntermediateDirWithECEnabled" classname="TestOzoneFileSystem" time="0.036">
    <system-out><![CDATA[2023-02-21 13:41:08,867 [IPC Server handler 9 on default port 35825] INFO  pipeline.PipelineStateManagerImpl (PipelineStateManagerImpl.java:addPipeline(103)) - Created pipeline Pipeline[ Id: 9bb6f741-a168-4cd6-b138-b4013a5551bb, Nodes: 114eb3b6-0965-4949-a11e-bb51ff0d0ac6(fv-az318-260.ewvrrcgabbbubjc05i3n4a3pph.dx.internal.cloudapp.net/10.1.0.81)cc21282f-5934-42bf-9918-cc8c0aab7e68(fv-az318-260.ewvrrcgabbbubjc05i3n4a3pph.dx.internal.cloudapp.net/10.1.0.81)17d7dac2-7ff4-442d-8cd9-ba857e0cf65e(fv-az318-260.ewvrrcgabbbubjc05i3n4a3pph.dx.internal.cloudapp.net/10.1.0.81)ddc1ce43-6958-4d2f-a962-1f2187968283(fv-az318-260.ewvrrcgabbbubjc05i3n4a3pph.dx.internal.cloudapp.net/10.1.0.81)0f4d0b38-f1c8-489e-92ab-b78f82fc2ecb(fv-az318-260.ewvrrcgabbbubjc05i3n4a3pph.dx.internal.cloudapp.net/10.1.0.81), ReplicationConfig: EC/ECReplicationConfig{data=3, parity=2, ecChunkSize=1048576, codec=rs}, State:ALLOCATED, leaderId:, CreationTimestamp2023-02-21T13:41:08.867Z[Etc/UTC]].
2023-02-21 13:41:08,868 [IPC Server handler 9 on default port 35825] INFO  pipeline.PipelineManagerImpl (PipelineManagerImpl.java:openPipeline(367)) - Pipeline Pipeline[ Id: 9bb6f741-a168-4cd6-b138-b4013a5551bb, Nodes: 114eb3b6-0965-4949-a11e-bb51ff0d0ac6(fv-az318-260.ewvrrcgabbbubjc05i3n4a3pph.dx.internal.cloudapp.net/10.1.0.81)cc21282f-5934-42bf-9918-cc8c0aab7e68(fv-az318-260.ewvrrcgabbbubjc05i3n4a3pph.dx.internal.cloudapp.net/10.1.0.81)17d7dac2-7ff4-442d-8cd9-ba857e0cf65e(fv-az318-260.ewvrrcgabbbubjc05i3n4a3pph.dx.internal.cloudapp.net/10.1.0.81)ddc1ce43-6958-4d2f-a962-1f2187968283(fv-az318-260.ewvrrcgabbbubjc05i3n4a3pph.dx.internal.cloudapp.net/10.1.0.81)0f4d0b38-f1c8-489e-92ab-b78f82fc2ecb(fv-az318-260.ewvrrcgabbbubjc05i3n4a3pph.dx.internal.cloudapp.net/10.1.0.81), ReplicationConfig: EC/ECReplicationConfig{data=3, parity=2, ecChunkSize=1048576, codec=rs}, State:ALLOCATED, leaderId:, CreationTimestamp2023-02-21T13:41:08.867Z[Etc/UTC]] moved to OPEN state
2023-02-21 13:41:08,873 [OM StateMachine ApplyTransaction Thread - 0] INFO  key.OMKeyRequest (OMKeyRequest.java:wrapUncommittedBlocksAsPseudoKey(837)) - Detect allocated but uncommitted blocks [{blockID={containerID=11, localID=111677748019200072}, length=4194304, offset=0, token=null, pipeline=null, createVersion=0, partNumber=0}] in key object-dir/object-name1.
]]></system-out>
  </testcase>
  <testcase name="testListStatusWithIntermediateDirWithECEnabled" classname="TestOzoneFileSystem" time="0.026">
    <system-out><![CDATA[2023-02-21 13:42:04,322 [IPC Server handler 7 on default port 43879] INFO  pipeline.PipelineStateManagerImpl (PipelineStateManagerImpl.java:addPipeline(103)) - Created pipeline Pipeline[ Id: 8b268483-6f22-4197-9268-db9caec33de1, Nodes: 41686b04-70c8-46c5-a517-6ec9de94494c(fv-az318-260.ewvrrcgabbbubjc05i3n4a3pph.dx.internal.cloudapp.net/10.1.0.81)30d23356-b820-4c87-80b9-55beb4a3056d(fv-az318-260.ewvrrcgabbbubjc05i3n4a3pph.dx.internal.cloudapp.net/10.1.0.81)7309d6a4-9c1d-4dc9-b84b-2418a7036ef2(fv-az318-260.ewvrrcgabbbubjc05i3n4a3pph.dx.internal.cloudapp.net/10.1.0.81)e005f503-ad61-467d-ad83-422b074b570a(fv-az318-260.ewvrrcgabbbubjc05i3n4a3pph.dx.internal.cloudapp.net/10.1.0.81)01e18597-a4ca-46a9-ac7d-09d343b6c1b0(fv-az318-260.ewvrrcgabbbubjc05i3n4a3pph.dx.internal.cloudapp.net/10.1.0.81), ReplicationConfig: EC/ECReplicationConfig{data=3, parity=2, ecChunkSize=1048576, codec=rs}, State:ALLOCATED, leaderId:, CreationTimestamp2023-02-21T13:42:04.321Z[Etc/UTC]].
2023-02-21 13:42:04,322 [IPC Server handler 7 on default port 43879] INFO  pipeline.PipelineManagerImpl (PipelineManagerImpl.java:openPipeline(367)) - Pipeline Pipeline[ Id: 8b268483-6f22-4197-9268-db9caec33de1, Nodes: 41686b04-70c8-46c5-a517-6ec9de94494c(fv-az318-260.ewvrrcgabbbubjc05i3n4a3pph.dx.internal.cloudapp.net/10.1.0.81)30d23356-b820-4c87-80b9-55beb4a3056d(fv-az318-260.ewvrrcgabbbubjc05i3n4a3pph.dx.internal.cloudapp.net/10.1.0.81)7309d6a4-9c1d-4dc9-b84b-2418a7036ef2(fv-az318-260.ewvrrcgabbbubjc05i3n4a3pph.dx.internal.cloudapp.net/10.1.0.81)e005f503-ad61-467d-ad83-422b074b570a(fv-az318-260.ewvrrcgabbbubjc05i3n4a3pph.dx.internal.cloudapp.net/10.1.0.81)01e18597-a4ca-46a9-ac7d-09d343b6c1b0(fv-az318-260.ewvrrcgabbbubjc05i3n4a3pph.dx.internal.cloudapp.net/10.1.0.81), ReplicationConfig: EC/ECReplicationConfig{data=3, parity=2, ecChunkSize=1048576, codec=rs}, State:ALLOCATED, leaderId:, CreationTimestamp2023-02-21T13:42:04.321Z[Etc/UTC]] moved to OPEN state
2023-02-21 13:42:04,327 [IPC Server handler 16 on default port 40765] INFO  key.OMKeyRequest (OMKeyRequest.java:wrapUncommittedBlocksAsPseudoKey(837)) - Detect allocated but uncommitted blocks [{blockID={containerID=11, localID=111677748019200072}, length=4194304, offset=0, token=null, pipeline=null, createVersion=0, partNumber=0}] in key object-dir/object-name1.
]]></system-out>
  </testcase>
  <testcase name="testMakeDirsWithAnExistingDirectoryPath" classname="TestOzoneFileSystem" time="0.028">
    <system-out><![CDATA[2023-02-21 13:38:59,678 [OM StateMachine ApplyTransaction Thread - 0] INFO  key.OMKeyRequest (OMKeyRequest.java:wrapUncommittedBlocksAsPseudoKey(837)) - Detect allocated but uncommitted blocks [{blockID={containerID=1, localID=111677748019200073}, length=4194304, offset=0, token=null, pipeline=null, createVersion=0, partNumber=0}] in key d1/d2/d3/d4/key1.
]]></system-out>
  </testcase>
  <testcase name="testMakeDirsWithAnExistingDirectoryPath" classname="TestOzoneFileSystem" time="0.021">
    <system-out><![CDATA[2023-02-21 13:39:59,241 [IPC Server handler 9 on default port 40229] INFO  key.OMKeyRequest (OMKeyRequest.java:wrapUncommittedBlocksAsPseudoKey(837)) - Detect allocated but uncommitted blocks [{blockID={containerID=3, localID=111677748019200073}, length=4194304, offset=0, token=null, pipeline=null, createVersion=0, partNumber=0}] in key d1/d2/d3/d4/key1.
]]></system-out>
  </testcase>
  <testcase name="testMakeDirsWithAnExistingDirectoryPath" classname="TestOzoneFileSystem" time="0.023">
    <system-out><![CDATA[2023-02-21 13:41:08,903 [OM StateMachine ApplyTransaction Thread - 0] INFO  key.OMKeyRequest (OMKeyRequest.java:wrapUncommittedBlocksAsPseudoKey(837)) - Detect allocated but uncommitted blocks [{blockID={containerID=4, localID=111677748019200073}, length=4194304, offset=0, token=null, pipeline=null, createVersion=0, partNumber=0}] in key d1/d2/d3/d4/key1.
]]></system-out>
  </testcase>
  <testcase name="testMakeDirsWithAnExistingDirectoryPath" classname="TestOzoneFileSystem" time="0.019">
    <system-out><![CDATA[2023-02-21 13:42:04,352 [IPC Server handler 0 on default port 40765] INFO  key.OMKeyRequest (OMKeyRequest.java:wrapUncommittedBlocksAsPseudoKey(837)) - Detect allocated but uncommitted blocks [{blockID={containerID=2, localID=111677748019200073}, length=4194304, offset=0, token=null, pipeline=null, createVersion=0, partNumber=0}] in key d1/d2/d3/d4/key1.
]]></system-out>
  </testcase>
</testsuite>