<?xml version="1.0" encoding="UTF-8"?>
<testsuite xmlns:xsi="http://www.w3.org/2001/XMLSchema-instance" xsi:noNamespaceSchemaLocation="https://maven.apache.org/surefire/maven-surefire-plugin/xsd/surefire-test-report.xsd" name="org.apache.hadoop.hdds.upgrade.TestHDDSUpgrade" time="599.669" tests="13" errors="0" skipped="4" failures="1">
  <properties>
    <property name="awt.toolkit" value="sun.awt.X11.XToolkit"/>
    <property name="file.encoding.pkg" value="sun.io"/>
    <property name="java.specification.version" value="1.8"/>
    <property name="sun.cpu.isalist" value=""/>
    <property name="sun.jnu.encoding" value="UTF-8"/>
    <property name="java.class.path" value="/home/runner/work/ozone/ozone/mnt/ozone/hadoop-ozone/integration-test/target/test-classes:/home/runner/work/ozone/ozone/mnt/ozone/hadoop-ozone/integration-test/target/classes:/home/runner/.m2/repository/org/apache/ozone/ozone-common/1.2.0-SNAPSHOT/ozone-common-1.2.0-SNAPSHOT.jar:/home/runner/.m2/repository/org/apache/commons/commons-compress/1.20/commons-compress-1.20.jar:/home/runner/.m2/repository/org/apache/ozone/hdds-common/1.2.0-SNAPSHOT/hdds-common-1.2.0-SNAPSHOT.jar:/home/runner/.m2/repository/org/apache/ozone/hdds-client/1.2.0-SNAPSHOT/hdds-client-1.2.0-SNAPSHOT.jar:/home/runner/.m2/repository/org/apache/ozone/ozone-interface-client/1.2.0-SNAPSHOT/ozone-interface-client-1.2.0-SNAPSHOT.jar:/home/runner/.m2/repository/org/apache/ozone/hdds-server-framework/1.2.0-SNAPSHOT/hdds-server-framework-1.2.0-SNAPSHOT.jar:/home/runner/.m2/repository/org/apache/ozone/hdds-interface-server/1.2.0-SNAPSHOT/hdds-interface-server-1.2.0-SNAPSHOT.jar:/home/runner/.m2/repository/org/eclipse/jetty/jetty-servlet/9.4.35.v20201120/jetty-servlet-9.4.35.v20201120.jar:/home/runner/.m2/repository/org/eclipse/jetty/jetty-security/9.4.35.v20201120/jetty-security-9.4.35.v20201120.jar:/home/runner/.m2/repository/org/rocksdb/rocksdbjni/6.20.3/rocksdbjni-6.20.3.jar:/home/runner/.m2/repository/io/prometheus/simpleclient_dropwizard/0.7.0/simpleclient_dropwizard-0.7.0.jar:/home/runner/.m2/repository/io/prometheus/simpleclient/0.7.0/simpleclient-0.7.0.jar:/home/runner/.m2/repository/io/prometheus/simpleclient_common/0.7.0/simpleclient_common-0.7.0.jar:/home/runner/.m2/repository/com/fasterxml/jackson/datatype/jackson-datatype-jsr310/2.12.1/jackson-datatype-jsr310-2.12.1.jar:/home/runner/.m2/repository/org/apache/ozone/hdds-test-utils/1.2.0-SNAPSHOT/hdds-test-utils-1.2.0-SNAPSHOT.jar:/home/runner/.m2/repository/com/google/guava/guava/30.1.1-jre/guava-30.1.1-jre.jar:/home/runner/.m2/repository/com/google/guava/failureaccess/1.0.1/failureaccess-1.0.1.jar:/home/runner/.m2/repository/com/google/guava/listenablefuture/9999.0-empty-to-avoid-conflict-with-guava/listenablefuture-9999.0-empty-to-avoid-conflict-with-guava.jar:/home/runner/.m2/repository/com/google/code/findbugs/jsr305/3.0.0/jsr305-3.0.0.jar:/home/runner/.m2/repository/org/checkerframework/checker-qual/3.8.0/checker-qual-3.8.0.jar:/home/runner/.m2/repository/com/google/errorprone/error_prone_annotations/2.2.0/error_prone_annotations-2.2.0.jar:/home/runner/.m2/repository/com/google/j2objc/j2objc-annotations/1.3/j2objc-annotations-1.3.jar:/home/runner/.m2/repository/commons-io/commons-io/2.8.0/commons-io-2.8.0.jar:/home/runner/.m2/repository/commons-logging/commons-logging/1.2/commons-logging-1.2.jar:/home/runner/.m2/repository/log4j/log4j/1.2.17/log4j-1.2.17.jar:/home/runner/.m2/repository/org/slf4j/slf4j-api/1.7.30/slf4j-api-1.7.30.jar:/home/runner/.m2/repository/org/apache/ozone/hdds-server-scm/1.2.0-SNAPSHOT/hdds-server-scm-1.2.0-SNAPSHOT.jar:/home/runner/.m2/repository/org/apache/ozone/hdds-container-service/1.2.0-SNAPSHOT/hdds-container-service-1.2.0-SNAPSHOT.jar:/home/runner/.m2/repository/org/apache/ozone/hdds-hadoop-dependency-server/1.2.0-SNAPSHOT/hdds-hadoop-dependency-server-1.2.0-SNAPSHOT.jar:/home/runner/.m2/repository/org/apache/hadoop/hadoop-hdfs/3.3.1/hadoop-hdfs-3.3.1.jar:/home/runner/.m2/repository/io/dropwizard/metrics/metrics-core/3.2.4/metrics-core-3.2.4.jar:/home/runner/.m2/repository/org/apache/hadoop/hadoop-hdfs-client/3.3.1/hadoop-hdfs-client-3.3.1.jar:/home/runner/.m2/repository/org/bouncycastle/bcprov-jdk15on/1.67/bcprov-jdk15on-1.67.jar:/home/runner/.m2/repository/com/google/protobuf/protobuf-java/2.5.0/protobuf-java-2.5.0.jar:/home/runner/.m2/repository/org/apache/ozone/ozone-manager/1.2.0-SNAPSHOT/ozone-manager-1.2.0-SNAPSHOT.jar:/home/runner/.m2/repository/org/aspectj/aspectjrt/1.8.9/aspectjrt-1.8.9.jar:/home/runner/.m2/repository/org/aspectj/aspectjweaver/1.8.9/aspectjweaver-1.8.9.jar:/home/runner/.m2/repository/org/apache/ozone/hdds-interface-client/1.2.0-SNAPSHOT/hdds-interface-client-1.2.0-SNAPSHOT.jar:/home/runner/.m2/repository/org/apache/hadoop/thirdparty/hadoop-shaded-protobuf_3_7/1.1.1/hadoop-shaded-protobuf_3_7-1.1.1.jar:/home/runner/.m2/repository/org/apache/ratis/ratis-thirdparty-misc/0.7.0/ratis-thirdparty-misc-0.7.0.jar:/home/runner/.m2/repository/org/apache/ozone/ozone-interface-storage/1.2.0-SNAPSHOT/ozone-interface-storage-1.2.0-SNAPSHOT.jar:/home/runner/.m2/repository/org/reflections/reflections/0.9.11/reflections-0.9.11.jar:/home/runner/.m2/repository/org/apache/hadoop/hadoop-minikdc/3.3.1/hadoop-minikdc-3.3.1.jar:/home/runner/.m2/repository/org/apache/kerby/kerb-simplekdc/1.0.1/kerb-simplekdc-1.0.1.jar:/home/runner/.m2/repository/org/apache/kerby/kerb-client/1.0.1/kerb-client-1.0.1.jar:/home/runner/.m2/repository/org/apache/kerby/kerby-config/1.0.1/kerby-config-1.0.1.jar:/home/runner/.m2/repository/org/apache/kerby/kerb-common/1.0.1/kerb-common-1.0.1.jar:/home/runner/.m2/repository/org/apache/kerby/kerb-crypto/1.0.1/kerb-crypto-1.0.1.jar:/home/runner/.m2/repository/org/apache/kerby/kerb-util/1.0.1/kerb-util-1.0.1.jar:/home/runner/.m2/repository/org/apache/kerby/token-provider/1.0.1/token-provider-1.0.1.jar:/home/runner/.m2/repository/org/apache/kerby/kerb-admin/1.0.1/kerb-admin-1.0.1.jar:/home/runner/.m2/repository/org/apache/kerby/kerb-server/1.0.1/kerb-server-1.0.1.jar:/home/runner/.m2/repository/org/apache/kerby/kerb-identity/1.0.1/kerb-identity-1.0.1.jar:/home/runner/.m2/repository/org/apache/kerby/kerby-xdr/1.0.1/kerby-xdr-1.0.1.jar:/home/runner/.m2/repository/org/slf4j/slf4j-log4j12/1.7.30/slf4j-log4j12-1.7.30.jar:/home/runner/.m2/repository/org/apache/ozone/ozone-s3gateway/1.2.0-SNAPSHOT/ozone-s3gateway-1.2.0-SNAPSHOT.jar:/home/runner/.m2/repository/org/javassist/javassist/3.21.0-GA/javassist-3.21.0-GA.jar:/home/runner/.m2/repository/org/jboss/weld/servlet/weld-servlet/2.4.7.Final/weld-servlet-2.4.7.Final.jar:/home/runner/.m2/repository/org/glassfish/jersey/containers/jersey-container-servlet-core/2.33/jersey-container-servlet-core-2.33.jar:/home/runner/.m2/repository/org/glassfish/hk2/external/jakarta.inject/2.6.1/jakarta.inject-2.6.1.jar:/home/runner/.m2/repository/org/glassfish/jersey/core/jersey-common/2.33/jersey-common-2.33.jar:/home/runner/.m2/repository/jakarta/ws/rs/jakarta.ws.rs-api/2.1.6/jakarta.ws.rs-api-2.1.6.jar:/home/runner/.m2/repository/org/glassfish/jersey/ext/cdi/jersey-cdi1x/2.33/jersey-cdi1x-2.33.jar:/home/runner/.m2/repository/org/glassfish/jersey/inject/jersey-hk2/2.33/jersey-hk2-2.33.jar:/home/runner/.m2/repository/org/glassfish/hk2/hk2-locator/2.6.1/hk2-locator-2.6.1.jar:/home/runner/.m2/repository/org/glassfish/jersey/media/jersey-media-jaxb/2.33/jersey-media-jaxb-2.33.jar:/home/runner/.m2/repository/org/glassfish/hk2/osgi-resource-locator/1.0.3/osgi-resource-locator-1.0.3.jar:/home/runner/.m2/repository/org/glassfish/hk2/hk2-api/2.5.0/hk2-api-2.5.0.jar:/home/runner/.m2/repository/org/glassfish/hk2/hk2-utils/2.5.0/hk2-utils-2.5.0.jar:/home/runner/.m2/repository/org/glassfish/hk2/external/aopalliance-repackaged/2.5.0/aopalliance-repackaged-2.5.0.jar:/home/runner/.m2/repository/com/fasterxml/jackson/dataformat/jackson-dataformat-xml/2.12.1/jackson-dataformat-xml-2.12.1.jar:/home/runner/.m2/repository/com/fasterxml/jackson/core/jackson-core/2.12.1/jackson-core-2.12.1.jar:/home/runner/.m2/repository/com/fasterxml/jackson/module/jackson-module-jaxb-annotations/2.12.1/jackson-module-jaxb-annotations-2.12.1.jar:/home/runner/.m2/repository/jakarta/xml/bind/jakarta.xml.bind-api/2.3.2/jakarta.xml.bind-api-2.3.2.jar:/home/runner/.m2/repository/org/codehaus/woodstox/stax2-api/3.1.4/stax2-api-3.1.4.jar:/home/runner/.m2/repository/com/fasterxml/woodstox/woodstox-core/5.0.3/woodstox-core-5.0.3.jar:/home/runner/.m2/repository/javax/enterprise/cdi-api/1.2/cdi-api-1.2.jar:/home/runner/.m2/repository/javax/el/javax.el-api/3.0.0/javax.el-api-3.0.0.jar:/home/runner/.m2/repository/javax/interceptor/javax.interceptor-api/1.2/javax.interceptor-api-1.2.jar:/home/runner/.m2/repository/javax/inject/javax.inject/1/javax.inject-1.jar:/home/runner/.m2/repository/javax/xml/bind/jaxb-api/2.3.0/jaxb-api-2.3.0.jar:/home/runner/.m2/repository/org/glassfish/jaxb/jaxb-runtime/2.3.0.1/jaxb-runtime-2.3.0.1.jar:/home/runner/.m2/repository/org/glassfish/jaxb/jaxb-core/2.3.0.1/jaxb-core-2.3.0.1.jar:/home/runner/.m2/repository/org/glassfish/jaxb/txw2/2.3.0.1/txw2-2.3.0.1.jar:/home/runner/.m2/repository/com/sun/istack/istack-commons-runtime/3.0.5/istack-commons-runtime-3.0.5.jar:/home/runner/.m2/repository/org/jvnet/staxex/stax-ex/1.7.8/stax-ex-1.7.8.jar:/home/runner/.m2/repository/com/sun/xml/fastinfoset/FastInfoset/1.2.13/FastInfoset-1.2.13.jar:/home/runner/.m2/repository/javax/activation/activation/1.1.1/activation-1.1.1.jar:/home/runner/.m2/repository/org/apache/ozone/ozone-csi/1.2.0-SNAPSHOT/ozone-csi-1.2.0-SNAPSHOT.jar:/home/runner/.m2/repository/com/google/protobuf/protobuf-java-util/3.12.0/protobuf-java-util-3.12.0.jar:/home/runner/.m2/repository/com/google/code/gson/gson/2.2.4/gson-2.2.4.jar:/home/runner/.m2/repository/org/apache/ozone/hdds-config/1.2.0-SNAPSHOT/hdds-config-1.2.0-SNAPSHOT.jar:/home/runner/.m2/repository/io/grpc/grpc-netty/1.33.0/grpc-netty-1.33.0.jar:/home/runner/.m2/repository/io/grpc/grpc-core/1.33.0/grpc-core-1.33.0.jar:/home/runner/.m2/repository/com/google/android/annotations/4.1.1.4/annotations-4.1.1.4.jar:/home/runner/.m2/repository/io/netty/netty-codec-http2/4.1.63.Final/netty-codec-http2-4.1.63.Final.jar:/home/runner/.m2/repository/io/netty/netty-codec-http/4.1.63.Final/netty-codec-http-4.1.63.Final.jar:/home/runner/.m2/repository/io/netty/netty-handler-proxy/4.1.63.Final/netty-handler-proxy-4.1.63.Final.jar:/home/runner/.m2/repository/io/netty/netty-codec-socks/4.1.63.Final/netty-codec-socks-4.1.63.Final.jar:/home/runner/.m2/repository/io/perfmark/perfmark-api/0.19.0/perfmark-api-0.19.0.jar:/home/runner/.m2/repository/org/codehaus/mojo/animal-sniffer-annotations/1.18/animal-sniffer-annotations-1.18.jar:/home/runner/.m2/repository/io/netty/netty-transport-native-epoll/4.1.63.Final/netty-transport-native-epoll-4.1.63.Final.jar:/home/runner/.m2/repository/io/netty/netty-common/4.1.63.Final/netty-common-4.1.63.Final.jar:/home/runner/.m2/repository/io/netty/netty-buffer/4.1.63.Final/netty-buffer-4.1.63.Final.jar:/home/runner/.m2/repository/io/netty/netty-transport-native-unix-common/4.1.63.Final/netty-transport-native-unix-common-4.1.63.Final.jar:/home/runner/.m2/repository/io/grpc/grpc-protobuf/1.33.0/grpc-protobuf-1.33.0.jar:/home/runner/.m2/repository/io/grpc/grpc-api/1.33.0/grpc-api-1.33.0.jar:/home/runner/.m2/repository/io/grpc/grpc-context/1.33.0/grpc-context-1.33.0.jar:/home/runner/.m2/repository/com/google/api/grpc/proto-google-common-protos/1.17.0/proto-google-common-protos-1.17.0.jar:/home/runner/.m2/repository/io/grpc/grpc-protobuf-lite/1.33.0/grpc-protobuf-lite-1.33.0.jar:/home/runner/.m2/repository/io/grpc/grpc-stub/1.33.0/grpc-stub-1.33.0.jar:/home/runner/.m2/repository/org/apache/ozone/ozone-recon/1.2.0-SNAPSHOT/ozone-recon-1.2.0-SNAPSHOT.jar:/home/runner/.m2/repository/org/apache/ozone/ozone-reconcodegen/1.2.0-SNAPSHOT/ozone-reconcodegen-1.2.0-SNAPSHOT.jar:/home/runner/.m2/repository/com/google/inject/extensions/guice-multibindings/4.0/guice-multibindings-4.0.jar:/home/runner/.m2/repository/com/google/inject/guice/4.0/guice-4.0.jar:/home/runner/.m2/repository/aopalliance/aopalliance/1.0/aopalliance-1.0.jar:/home/runner/.m2/repository/com/google/inject/extensions/guice-assistedinject/4.0/guice-assistedinject-4.0.jar:/home/runner/.m2/repository/com/google/inject/extensions/guice-servlet/4.0/guice-servlet-4.0.jar:/home/runner/.m2/repository/org/glassfish/jersey/containers/jersey-container-servlet/2.33/jersey-container-servlet-2.33.jar:/home/runner/.m2/repository/org/glassfish/hk2/guice-bridge/2.5.0/guice-bridge-2.5.0.jar:/home/runner/.m2/repository/org/glassfish/jersey/core/jersey-server/2.33/jersey-server-2.33.jar:/home/runner/.m2/repository/org/glassfish/jersey/core/jersey-client/2.33/jersey-client-2.33.jar:/home/runner/.m2/repository/jakarta/annotation/jakarta.annotation-api/1.3.5/jakarta.annotation-api-1.3.5.jar:/home/runner/.m2/repository/jakarta/validation/jakarta.validation-api/2.0.2/jakarta.validation-api-2.0.2.jar:/home/runner/.m2/repository/org/glassfish/jersey/media/jersey-media-json-jackson/2.33/jersey-media-json-jackson-2.33.jar:/home/runner/.m2/repository/org/glassfish/jersey/ext/jersey-entity-filtering/2.33/jersey-entity-filtering-2.33.jar:/home/runner/.m2/repository/org/jooq/jooq/3.11.10/jooq-3.11.10.jar:/home/runner/.m2/repository/org/jooq/jooq-meta/3.11.10/jooq-meta-3.11.10.jar:/home/runner/.m2/repository/org/jooq/jooq-codegen/3.11.10/jooq-codegen-3.11.10.jar:/home/runner/.m2/repository/com/jolbox/bonecp/0.8.0.RELEASE/bonecp-0.8.0.RELEASE.jar:/home/runner/.m2/repository/org/apache/derby/derby/10.14.2.0/derby-10.14.2.0.jar:/home/runner/.m2/repository/org/xerial/sqlite-jdbc/3.25.2/sqlite-jdbc-3.25.2.jar:/home/runner/.m2/repository/org/springframework/spring-jdbc/5.2.11.RELEASE/spring-jdbc-5.2.11.RELEASE.jar:/home/runner/.m2/repository/org/springframework/spring-beans/5.2.11.RELEASE/spring-beans-5.2.11.RELEASE.jar:/home/runner/.m2/repository/org/springframework/spring-core/5.2.11.RELEASE/spring-core-5.2.11.RELEASE.jar:/home/runner/.m2/repository/org/springframework/spring-jcl/5.2.11.RELEASE/spring-jcl-5.2.11.RELEASE.jar:/home/runner/.m2/repository/org/springframework/spring-tx/5.2.11.RELEASE/spring-tx-5.2.11.RELEASE.jar:/home/runner/.m2/repository/org/apache/ozone/ozone-client/1.2.0-SNAPSHOT/ozone-client-1.2.0-SNAPSHOT.jar:/home/runner/.m2/repository/org/apache/ozone/ozone-filesystem/1.2.0-SNAPSHOT/ozone-filesystem-1.2.0-SNAPSHOT.jar:/home/runner/.m2/repository/org/apache/ozone/ozone-filesystem-common/1.2.0-SNAPSHOT/ozone-filesystem-common-1.2.0-SNAPSHOT.jar:/home/runner/.m2/repository/org/apache/ozone/ozone-tools/1.2.0-SNAPSHOT/ozone-tools-1.2.0-SNAPSHOT.jar:/home/runner/.m2/repository/org/apache/ratis/ratis-tools/2.1.0/ratis-tools-2.1.0.jar:/home/runner/.m2/repository/org/apache/ratis/ratis-proto/2.1.0/ratis-proto-2.1.0.jar:/home/runner/.m2/repository/org/apache/ratis/ratis-common/2.1.0/ratis-common-2.1.0.jar:/home/runner/.m2/repository/com/amazonaws/aws-java-sdk-core/1.11.901/aws-java-sdk-core-1.11.901.jar:/home/runner/.m2/repository/org/apache/httpcomponents/httpclient/4.5.13/httpclient-4.5.13.jar:/home/runner/.m2/repository/org/apache/httpcomponents/httpcore/4.4.13/httpcore-4.4.13.jar:/home/runner/.m2/repository/software/amazon/ion/ion-java/1.0.2/ion-java-1.0.2.jar:/home/runner/.m2/repository/com/fasterxml/jackson/dataformat/jackson-dataformat-cbor/2.12.1/jackson-dataformat-cbor-2.12.1.jar:/home/runner/.m2/repository/joda-time/joda-time/2.8.1/joda-time-2.8.1.jar:/home/runner/.m2/repository/com/amazonaws/aws-java-sdk-s3/1.11.901/aws-java-sdk-s3-1.11.901.jar:/home/runner/.m2/repository/com/amazonaws/aws-java-sdk-kms/1.11.901/aws-java-sdk-kms-1.11.901.jar:/home/runner/.m2/repository/com/amazonaws/jmespath-java/1.11.901/jmespath-java-1.11.901.jar:/home/runner/.m2/repository/org/kohsuke/metainf-services/metainf-services/1.8/metainf-services-1.8.jar:/home/runner/.m2/repository/org/apache/ozone/hdds-tools/1.2.0-SNAPSHOT/hdds-tools-1.2.0-SNAPSHOT.jar:/home/runner/.m2/repository/commons-cli/commons-cli/1.2/commons-cli-1.2.jar:/home/runner/.m2/repository/org/apache/commons/commons-lang3/3.7/commons-lang3-3.7.jar:/home/runner/.m2/repository/org/apache/ozone/ozone-manager/1.2.0-SNAPSHOT/ozone-manager-1.2.0-SNAPSHOT-tests.jar:/home/runner/.m2/repository/org/apache/ozone/hdds-common/1.2.0-SNAPSHOT/hdds-common-1.2.0-SNAPSHOT-tests.jar:/home/runner/.m2/repository/org/apache/ozone/hdds-hadoop-dependency-client/1.2.0-SNAPSHOT/hdds-hadoop-dependency-client-1.2.0-SNAPSHOT.jar:/home/runner/.m2/repository/info/picocli/picocli/4.4.0/picocli-4.4.0.jar:/home/runner/.m2/repository/com/fasterxml/jackson/core/jackson-annotations/2.12.1/jackson-annotations-2.12.1.jar:/home/runner/.m2/repository/javax/annotation/javax.annotation-api/1.2/javax.annotation-api-1.2.jar:/home/runner/.m2/repository/org/apache/ratis/ratis-server/2.1.0/ratis-server-2.1.0.jar:/home/runner/.m2/repository/org/apache/ratis/ratis-client/2.1.0/ratis-client-2.1.0.jar:/home/runner/.m2/repository/org/apache/ratis/ratis-server-api/2.1.0/ratis-server-api-2.1.0.jar:/home/runner/.m2/repository/org/apache/ratis/ratis-metrics/2.1.0/ratis-metrics-2.1.0.jar:/home/runner/.m2/repository/org/apache/ratis/ratis-netty/2.1.0/ratis-netty-2.1.0.jar:/home/runner/.m2/repository/org/apache/ratis/ratis-grpc/2.1.0/ratis-grpc-2.1.0.jar:/home/runner/.m2/repository/org/apache/logging/log4j/log4j-api/2.13.3/log4j-api-2.13.3.jar:/home/runner/.m2/repository/org/apache/logging/log4j/log4j-core/2.13.3/log4j-core-2.13.3.jar:/home/runner/.m2/repository/com/lmax/disruptor/3.4.2/disruptor-3.4.2.jar:/home/runner/.m2/repository/org/apache/commons/commons-pool2/2.6.0/commons-pool2-2.6.0.jar:/home/runner/.m2/repository/org/bouncycastle/bcpkix-jdk15on/1.67/bcpkix-jdk15on-1.67.jar:/home/runner/.m2/repository/commons-validator/commons-validator/1.6/commons-validator-1.6.jar:/home/runner/.m2/repository/commons-beanutils/commons-beanutils/1.9.4/commons-beanutils-1.9.4.jar:/home/runner/.m2/repository/commons-digester/commons-digester/1.8.1/commons-digester-1.8.1.jar:/home/runner/.m2/repository/commons-collections/commons-collections/3.2.2/commons-collections-3.2.2.jar:/home/runner/.m2/repository/io/jaegertracing/jaeger-client/1.6.0/jaeger-client-1.6.0.jar:/home/runner/.m2/repository/io/jaegertracing/jaeger-thrift/1.6.0/jaeger-thrift-1.6.0.jar:/home/runner/.m2/repository/org/apache/thrift/libthrift/0.14.1/libthrift-0.14.1.jar:/home/runner/.m2/repository/com/squareup/okhttp3/okhttp/4.9.0/okhttp-4.9.0.jar:/home/runner/.m2/repository/com/squareup/okio/okio/2.8.0/okio-2.8.0.jar:/home/runner/.m2/repository/io/jaegertracing/jaeger-core/1.6.0/jaeger-core-1.6.0.jar:/home/runner/.m2/repository/io/jaegertracing/jaeger-tracerresolver/1.6.0/jaeger-tracerresolver-1.6.0.jar:/home/runner/.m2/repository/io/opentracing/contrib/opentracing-tracerresolver/0.1.8/opentracing-tracerresolver-0.1.8.jar:/home/runner/.m2/repository/org/jetbrains/kotlin/kotlin-stdlib/1.4.31/kotlin-stdlib-1.4.31.jar:/home/runner/.m2/repository/org/jetbrains/kotlin/kotlin-stdlib-common/1.4.31/kotlin-stdlib-common-1.4.31.jar:/home/runner/.m2/repository/org/jetbrains/annotations/13.0/annotations-13.0.jar:/home/runner/.m2/repository/io/opentracing/opentracing-util/0.33.0/opentracing-util-0.33.0.jar:/home/runner/.m2/repository/io/opentracing/opentracing-api/0.33.0/opentracing-api-0.33.0.jar:/home/runner/.m2/repository/io/opentracing/opentracing-noop/0.33.0/opentracing-noop-0.33.0.jar:/home/runner/.m2/repository/org/yaml/snakeyaml/1.26/snakeyaml-1.26.jar:/home/runner/.m2/repository/org/apache/ozone/hdds-interface-admin/1.2.0-SNAPSHOT/hdds-interface-admin-1.2.0-SNAPSHOT.jar:/home/runner/.m2/repository/junit/junit/4.13.1/junit-4.13.1.jar:/home/runner/.m2/repository/org/hamcrest/hamcrest-core/1.3/hamcrest-core-1.3.jar:/home/runner/.m2/repository/org/junit/jupiter/junit-jupiter-api/5.7.0/junit-jupiter-api-5.7.0.jar:/home/runner/.m2/repository/org/apiguardian/apiguardian-api/1.1.0/apiguardian-api-1.1.0.jar:/home/runner/.m2/repository/org/opentest4j/opentest4j/1.2.0/opentest4j-1.2.0.jar:/home/runner/.m2/repository/org/junit/platform/junit-platform-commons/1.7.0/junit-platform-commons-1.7.0.jar:/home/runner/.m2/repository/org/junit/jupiter/junit-jupiter-engine/5.7.0/junit-jupiter-engine-5.7.0.jar:/home/runner/.m2/repository/org/junit/platform/junit-platform-engine/1.7.0/junit-platform-engine-1.7.0.jar:/home/runner/.m2/repository/org/junit/vintage/junit-vintage-engine/5.7.0/junit-vintage-engine-5.7.0.jar:/home/runner/.m2/repository/org/junit/platform/junit-platform-launcher/1.7.0/junit-platform-launcher-1.7.0.jar:/home/runner/.m2/repository/org/openjdk/jmh/jmh-core/1.19/jmh-core-1.19.jar:/home/runner/.m2/repository/net/sf/jopt-simple/jopt-simple/4.6/jopt-simple-4.6.jar:/home/runner/.m2/repository/org/apache/commons/commons-math3/3.1.1/commons-math3-3.1.1.jar:/home/runner/.m2/repository/org/openjdk/jmh/jmh-generator-annprocess/1.19/jmh-generator-annprocess-1.19.jar:/home/runner/.m2/repository/org/mockito/mockito-core/2.28.2/mockito-core-2.28.2.jar:/home/runner/.m2/repository/net/bytebuddy/byte-buddy/1.9.10/byte-buddy-1.9.10.jar:/home/runner/.m2/repository/net/bytebuddy/byte-buddy-agent/1.9.10/byte-buddy-agent-1.9.10.jar:/home/runner/.m2/repository/org/objenesis/objenesis/1.0/objenesis-1.0.jar:/home/runner/.m2/repository/org/apache/hadoop/hadoop-kms/3.3.1/hadoop-kms-3.3.1.jar:/home/runner/.m2/repository/org/apache/hadoop/hadoop-auth/3.3.1/hadoop-auth-3.3.1.jar:/home/runner/.m2/repository/com/nimbusds/nimbus-jose-jwt/7.9/nimbus-jose-jwt-7.9.jar:/home/runner/.m2/repository/com/github/stephenc/jcip/jcip-annotations/1.0-1/jcip-annotations-1.0-1.jar:/home/runner/.m2/repository/net/minidev/json-smart/2.3/json-smart-2.3.jar:/home/runner/.m2/repository/net/minidev/accessors-smart/1.2/accessors-smart-1.2.jar:/home/runner/.m2/repository/org/ow2/asm/asm/5.0.4/asm-5.0.4.jar:/home/runner/.m2/repository/org/apache/zookeeper/zookeeper/3.5.6/zookeeper-3.5.6.jar:/home/runner/.m2/repository/org/apache/zookeeper/zookeeper-jute/3.5.6/zookeeper-jute-3.5.6.jar:/home/runner/.m2/repository/org/apache/yetus/audience-annotations/0.5.0/audience-annotations-0.5.0.jar:/home/runner/.m2/repository/org/apache/curator/curator-framework/4.2.0/curator-framework-4.2.0.jar:/home/runner/.m2/repository/org/apache/hadoop/thirdparty/hadoop-shaded-guava/1.1.1/hadoop-shaded-guava-1.1.1.jar:/home/runner/.m2/repository/com/sun/jersey/jersey-core/1.19/jersey-core-1.19.jar:/home/runner/.m2/repository/javax/ws/rs/jsr311-api/1.1.1/jsr311-api-1.1.1.jar:/home/runner/.m2/repository/com/sun/jersey/jersey-server/1.19/jersey-server-1.19.jar:/home/runner/.m2/repository/javax/servlet/javax.servlet-api/3.1.0/javax.servlet-api-3.1.0.jar:/home/runner/.m2/repository/org/eclipse/jetty/jetty-server/9.4.35.v20201120/jetty-server-9.4.35.v20201120.jar:/home/runner/.m2/repository/org/eclipse/jetty/jetty-http/9.4.35.v20201120/jetty-http-9.4.35.v20201120.jar:/home/runner/.m2/repository/org/eclipse/jetty/jetty-io/9.4.35.v20201120/jetty-io-9.4.35.v20201120.jar:/home/runner/.m2/repository/org/eclipse/jetty/jetty-webapp/9.4.35.v20201120/jetty-webapp-9.4.35.v20201120.jar:/home/runner/.m2/repository/org/eclipse/jetty/jetty-xml/9.4.35.v20201120/jetty-xml-9.4.35.v20201120.jar:/home/runner/.m2/repository/org/apache/hadoop/hadoop-common/3.3.1/hadoop-common-3.3.1.jar:/home/runner/.m2/repository/commons-net/commons-net/3.6/commons-net-3.6.jar:/home/runner/.m2/repository/jakarta/activation/jakarta.activation-api/1.2.1/jakarta.activation-api-1.2.1.jar:/home/runner/.m2/repository/com/sun/jersey/jersey-servlet/1.19/jersey-servlet-1.19.jar:/home/runner/.m2/repository/com/sun/jersey/jersey-json/1.19/jersey-json-1.19.jar:/home/runner/.m2/repository/org/codehaus/jettison/jettison/1.1/jettison-1.1.jar:/home/runner/.m2/repository/com/sun/xml/bind/jaxb-impl/2.2.3-1/jaxb-impl-2.2.3-1.jar:/home/runner/.m2/repository/org/codehaus/jackson/jackson-jaxrs/1.9.2/jackson-jaxrs-1.9.2.jar:/home/runner/.m2/repository/org/codehaus/jackson/jackson-xc/1.9.2/jackson-xc-1.9.2.jar:/home/runner/.m2/repository/org/apache/commons/commons-configuration2/2.1.1/commons-configuration2-2.1.1.jar:/home/runner/.m2/repository/org/apache/commons/commons-text/1.4/commons-text-1.4.jar:/home/runner/.m2/repository/com/google/re2j/re2j/1.1/re2j-1.1.jar:/home/runner/.m2/repository/com/jcraft/jsch/0.1.54/jsch-0.1.54.jar:/home/runner/.m2/repository/org/apache/curator/curator-client/4.2.0/curator-client-4.2.0.jar:/home/runner/.m2/repository/org/apache/curator/curator-recipes/4.2.0/curator-recipes-4.2.0.jar:/home/runner/.m2/repository/org/apache/kerby/kerb-core/1.0.1/kerb-core-1.0.1.jar:/home/runner/.m2/repository/org/apache/kerby/kerby-pkix/1.0.1/kerby-pkix-1.0.1.jar:/home/runner/.m2/repository/org/apache/kerby/kerby-asn1/1.0.1/kerby-asn1-1.0.1.jar:/home/runner/.m2/repository/org/apache/kerby/kerby-util/1.0.1/kerby-util-1.0.1.jar:/home/runner/.m2/repository/dnsjava/dnsjava/2.1.7/dnsjava-2.1.7.jar:/home/runner/.m2/repository/org/xerial/snappy/snappy-java/1.1.8.2/snappy-java-1.1.8.2.jar:/home/runner/.m2/repository/org/slf4j/jul-to-slf4j/1.7.30/jul-to-slf4j-1.7.30.jar:/home/runner/.m2/repository/org/eclipse/jetty/jetty-util/9.4.35.v20201120/jetty-util-9.4.35.v20201120.jar:/home/runner/.m2/repository/com/fasterxml/jackson/core/jackson-databind/2.12.1/jackson-databind-2.12.1.jar:/home/runner/.m2/repository/org/apache/hadoop/hadoop-kms/3.3.1/hadoop-kms-3.3.1-tests.jar:/home/runner/.m2/repository/org/apache/ozone/hdds-server-scm/1.2.0-SNAPSHOT/hdds-server-scm-1.2.0-SNAPSHOT-tests.jar:/home/runner/.m2/repository/org/apache/ozone/hdds-container-service/1.2.0-SNAPSHOT/hdds-container-service-1.2.0-SNAPSHOT-tests.jar:/home/runner/.m2/repository/commons-codec/commons-codec/1.11/commons-codec-1.11.jar:/home/runner/.m2/repository/io/netty/netty-transport/4.1.63.Final/netty-transport-4.1.63.Final.jar:/home/runner/.m2/repository/io/netty/netty-resolver/4.1.63.Final/netty-resolver-4.1.63.Final.jar:/home/runner/.m2/repository/io/netty/netty-codec/4.1.63.Final/netty-codec-4.1.63.Final.jar:/home/runner/.m2/repository/io/netty/netty-handler/4.1.63.Final/netty-handler-4.1.63.Final.jar:/home/runner/.m2/repository/org/apache/ozone/hdds-hadoop-dependency-test/1.2.0-SNAPSHOT/hdds-hadoop-dependency-test-1.2.0-SNAPSHOT.jar:/home/runner/.m2/repository/org/apache/hadoop/hadoop-common/3.3.1/hadoop-common-3.3.1-tests.jar:/home/runner/.m2/repository/org/assertj/assertj-core/3.12.2/assertj-core-3.12.2.jar:/home/runner/.m2/repository/org/apache/hadoop/hadoop-hdfs/3.3.1/hadoop-hdfs-3.3.1-tests.jar:/home/runner/.m2/repository/org/eclipse/jetty/jetty-util-ajax/9.4.35.v20201120/jetty-util-ajax-9.4.35.v20201120.jar:/home/runner/.m2/repository/commons-daemon/commons-daemon/1.0.13/commons-daemon-1.0.13.jar:/home/runner/.m2/repository/io/netty/netty/3.10.6.Final/netty-3.10.6.Final.jar:/home/runner/.m2/repository/io/netty/netty-all/4.1.63.Final/netty-all-4.1.63.Final.jar:/home/runner/.m2/repository/org/apache/htrace/htrace-core4/4.1.0-incubating/htrace-core4-4.1.0-incubating.jar:/home/runner/.m2/repository/org/fusesource/leveldbjni/leveldbjni-all/1.8/leveldbjni-all-1.8.jar:/home/runner/.m2/repository/org/apache/hadoop/hadoop-distcp/3.3.1/hadoop-distcp-3.3.1.jar:/home/runner/.m2/repository/org/apache/hadoop/hadoop-mapreduce-client-jobclient/3.3.1/hadoop-mapreduce-client-jobclient-3.3.1.jar:/home/runner/.m2/repository/org/apache/hadoop/hadoop-mapreduce-client-common/3.3.1/hadoop-mapreduce-client-common-3.3.1.jar:/home/runner/.m2/repository/org/apache/hadoop/hadoop-yarn-common/3.3.1/hadoop-yarn-common-3.3.1.jar:/home/runner/.m2/repository/org/apache/hadoop/hadoop-yarn-api/3.3.1/hadoop-yarn-api-3.3.1.jar:/home/runner/.m2/repository/com/sun/jersey/jersey-client/1.19/jersey-client-1.19.jar:/home/runner/.m2/repository/com/sun/jersey/contribs/jersey-guice/1.19/jersey-guice-1.19.jar:/home/runner/.m2/repository/com/fasterxml/jackson/jaxrs/jackson-jaxrs-json-provider/2.12.1/jackson-jaxrs-json-provider-2.12.1.jar:/home/runner/.m2/repository/com/fasterxml/jackson/jaxrs/jackson-jaxrs-base/2.12.1/jackson-jaxrs-base-2.12.1.jar:/home/runner/.m2/repository/org/apache/hadoop/hadoop-yarn-client/3.3.1/hadoop-yarn-client-3.3.1.jar:/home/runner/.m2/repository/org/eclipse/jetty/websocket/websocket-client/9.4.40.v20210413/websocket-client-9.4.40.v20210413.jar:/home/runner/.m2/repository/org/eclipse/jetty/jetty-client/9.4.40.v20210413/jetty-client-9.4.40.v20210413.jar:/home/runner/.m2/repository/org/eclipse/jetty/websocket/websocket-common/9.4.40.v20210413/websocket-common-9.4.40.v20210413.jar:/home/runner/.m2/repository/org/eclipse/jetty/websocket/websocket-api/9.4.40.v20210413/websocket-api-9.4.40.v20210413.jar:/home/runner/.m2/repository/org/jline/jline/3.9.0/jline-3.9.0.jar:/home/runner/.m2/repository/org/apache/hadoop/hadoop-mapreduce-client-core/3.3.1/hadoop-mapreduce-client-core-3.3.1.jar:/home/runner/.m2/repository/org/apache/avro/avro/1.7.7/avro-1.7.7.jar:/home/runner/.m2/repository/org/codehaus/jackson/jackson-core-asl/1.9.13/jackson-core-asl-1.9.13.jar:/home/runner/.m2/repository/org/codehaus/jackson/jackson-mapper-asl/1.9.13/jackson-mapper-asl-1.9.13.jar:/home/runner/.m2/repository/com/thoughtworks/paranamer/paranamer/2.3/paranamer-2.3.jar:/home/runner/.m2/repository/org/apache/hadoop/hadoop-annotations/3.3.1/hadoop-annotations-3.3.1.jar:/usr/lib/jvm/adoptopenjdk-8-hotspot-amd64/jre/../lib/tools.jar:/home/runner/.m2/repository/org/apache/hadoop/hadoop-distcp/3.3.1/hadoop-distcp-3.3.1-tests.jar:"/>
    <property name="java.vm.vendor" value="AdoptOpenJDK"/>
    <property name="sun.arch.data.model" value="64"/>
    <property name="test.build.dir" value="/home/runner/work/ozone/ozone/mnt/ozone/hadoop-ozone/integration-test/target/test-dir"/>
    <property name="test.cache.data" value=""/>
    <property name="java.vendor.url" value="https://adoptopenjdk.net/"/>
    <property name="user.timezone" value=""/>
    <property name="java.vm.specification.version" value="1.8"/>
    <property name="os.name" value="Linux"/>
    <property name="test.build.data" value="/home/runner/work/ozone/ozone/mnt/ozone/hadoop-ozone/integration-test/target/test-dir"/>
    <property name="sun.java.launcher" value="SUN_STANDARD"/>
    <property name="sun.boot.library.path" value="/usr/lib/jvm/adoptopenjdk-8-hotspot-amd64/jre/lib/amd64"/>
    <property name="sun.java.command" value="/home/runner/work/ozone/ozone/mnt/ozone/hadoop-ozone/integration-test/target/surefire/surefirebooter8356144597194289446.jar /home/runner/work/ozone/ozone/mnt/ozone/hadoop-ozone/integration-test/target/surefire 2021-08-04T04-43-57_292-jvmRun1 surefire2857147856311252867tmp surefire_133256507355409037264tmp"/>
    <property name="surefire.test.class.path" value="/home/runner/work/ozone/ozone/mnt/ozone/hadoop-ozone/integration-test/target/test-classes:/home/runner/work/ozone/ozone/mnt/ozone/hadoop-ozone/integration-test/target/classes:/home/runner/.m2/repository/org/apache/ozone/ozone-common/1.2.0-SNAPSHOT/ozone-common-1.2.0-SNAPSHOT.jar:/home/runner/.m2/repository/org/apache/commons/commons-compress/1.20/commons-compress-1.20.jar:/home/runner/.m2/repository/org/apache/ozone/hdds-common/1.2.0-SNAPSHOT/hdds-common-1.2.0-SNAPSHOT.jar:/home/runner/.m2/repository/org/apache/ozone/hdds-client/1.2.0-SNAPSHOT/hdds-client-1.2.0-SNAPSHOT.jar:/home/runner/.m2/repository/org/apache/ozone/ozone-interface-client/1.2.0-SNAPSHOT/ozone-interface-client-1.2.0-SNAPSHOT.jar:/home/runner/.m2/repository/org/apache/ozone/hdds-server-framework/1.2.0-SNAPSHOT/hdds-server-framework-1.2.0-SNAPSHOT.jar:/home/runner/.m2/repository/org/apache/ozone/hdds-interface-server/1.2.0-SNAPSHOT/hdds-interface-server-1.2.0-SNAPSHOT.jar:/home/runner/.m2/repository/org/eclipse/jetty/jetty-servlet/9.4.35.v20201120/jetty-servlet-9.4.35.v20201120.jar:/home/runner/.m2/repository/org/eclipse/jetty/jetty-security/9.4.35.v20201120/jetty-security-9.4.35.v20201120.jar:/home/runner/.m2/repository/org/rocksdb/rocksdbjni/6.20.3/rocksdbjni-6.20.3.jar:/home/runner/.m2/repository/io/prometheus/simpleclient_dropwizard/0.7.0/simpleclient_dropwizard-0.7.0.jar:/home/runner/.m2/repository/io/prometheus/simpleclient/0.7.0/simpleclient-0.7.0.jar:/home/runner/.m2/repository/io/prometheus/simpleclient_common/0.7.0/simpleclient_common-0.7.0.jar:/home/runner/.m2/repository/com/fasterxml/jackson/datatype/jackson-datatype-jsr310/2.12.1/jackson-datatype-jsr310-2.12.1.jar:/home/runner/.m2/repository/org/apache/ozone/hdds-test-utils/1.2.0-SNAPSHOT/hdds-test-utils-1.2.0-SNAPSHOT.jar:/home/runner/.m2/repository/com/google/guava/guava/30.1.1-jre/guava-30.1.1-jre.jar:/home/runner/.m2/repository/com/google/guava/failureaccess/1.0.1/failureaccess-1.0.1.jar:/home/runner/.m2/repository/com/google/guava/listenablefuture/9999.0-empty-to-avoid-conflict-with-guava/listenablefuture-9999.0-empty-to-avoid-conflict-with-guava.jar:/home/runner/.m2/repository/com/google/code/findbugs/jsr305/3.0.0/jsr305-3.0.0.jar:/home/runner/.m2/repository/org/checkerframework/checker-qual/3.8.0/checker-qual-3.8.0.jar:/home/runner/.m2/repository/com/google/errorprone/error_prone_annotations/2.2.0/error_prone_annotations-2.2.0.jar:/home/runner/.m2/repository/com/google/j2objc/j2objc-annotations/1.3/j2objc-annotations-1.3.jar:/home/runner/.m2/repository/commons-io/commons-io/2.8.0/commons-io-2.8.0.jar:/home/runner/.m2/repository/commons-logging/commons-logging/1.2/commons-logging-1.2.jar:/home/runner/.m2/repository/log4j/log4j/1.2.17/log4j-1.2.17.jar:/home/runner/.m2/repository/org/slf4j/slf4j-api/1.7.30/slf4j-api-1.7.30.jar:/home/runner/.m2/repository/org/apache/ozone/hdds-server-scm/1.2.0-SNAPSHOT/hdds-server-scm-1.2.0-SNAPSHOT.jar:/home/runner/.m2/repository/org/apache/ozone/hdds-container-service/1.2.0-SNAPSHOT/hdds-container-service-1.2.0-SNAPSHOT.jar:/home/runner/.m2/repository/org/apache/ozone/hdds-hadoop-dependency-server/1.2.0-SNAPSHOT/hdds-hadoop-dependency-server-1.2.0-SNAPSHOT.jar:/home/runner/.m2/repository/org/apache/hadoop/hadoop-hdfs/3.3.1/hadoop-hdfs-3.3.1.jar:/home/runner/.m2/repository/io/dropwizard/metrics/metrics-core/3.2.4/metrics-core-3.2.4.jar:/home/runner/.m2/repository/org/apache/hadoop/hadoop-hdfs-client/3.3.1/hadoop-hdfs-client-3.3.1.jar:/home/runner/.m2/repository/org/bouncycastle/bcprov-jdk15on/1.67/bcprov-jdk15on-1.67.jar:/home/runner/.m2/repository/com/google/protobuf/protobuf-java/2.5.0/protobuf-java-2.5.0.jar:/home/runner/.m2/repository/org/apache/ozone/ozone-manager/1.2.0-SNAPSHOT/ozone-manager-1.2.0-SNAPSHOT.jar:/home/runner/.m2/repository/org/aspectj/aspectjrt/1.8.9/aspectjrt-1.8.9.jar:/home/runner/.m2/repository/org/aspectj/aspectjweaver/1.8.9/aspectjweaver-1.8.9.jar:/home/runner/.m2/repository/org/apache/ozone/hdds-interface-client/1.2.0-SNAPSHOT/hdds-interface-client-1.2.0-SNAPSHOT.jar:/home/runner/.m2/repository/org/apache/hadoop/thirdparty/hadoop-shaded-protobuf_3_7/1.1.1/hadoop-shaded-protobuf_3_7-1.1.1.jar:/home/runner/.m2/repository/org/apache/ratis/ratis-thirdparty-misc/0.7.0/ratis-thirdparty-misc-0.7.0.jar:/home/runner/.m2/repository/org/apache/ozone/ozone-interface-storage/1.2.0-SNAPSHOT/ozone-interface-storage-1.2.0-SNAPSHOT.jar:/home/runner/.m2/repository/org/reflections/reflections/0.9.11/reflections-0.9.11.jar:/home/runner/.m2/repository/org/apache/hadoop/hadoop-minikdc/3.3.1/hadoop-minikdc-3.3.1.jar:/home/runner/.m2/repository/org/apache/kerby/kerb-simplekdc/1.0.1/kerb-simplekdc-1.0.1.jar:/home/runner/.m2/repository/org/apache/kerby/kerb-client/1.0.1/kerb-client-1.0.1.jar:/home/runner/.m2/repository/org/apache/kerby/kerby-config/1.0.1/kerby-config-1.0.1.jar:/home/runner/.m2/repository/org/apache/kerby/kerb-common/1.0.1/kerb-common-1.0.1.jar:/home/runner/.m2/repository/org/apache/kerby/kerb-crypto/1.0.1/kerb-crypto-1.0.1.jar:/home/runner/.m2/repository/org/apache/kerby/kerb-util/1.0.1/kerb-util-1.0.1.jar:/home/runner/.m2/repository/org/apache/kerby/token-provider/1.0.1/token-provider-1.0.1.jar:/home/runner/.m2/repository/org/apache/kerby/kerb-admin/1.0.1/kerb-admin-1.0.1.jar:/home/runner/.m2/repository/org/apache/kerby/kerb-server/1.0.1/kerb-server-1.0.1.jar:/home/runner/.m2/repository/org/apache/kerby/kerb-identity/1.0.1/kerb-identity-1.0.1.jar:/home/runner/.m2/repository/org/apache/kerby/kerby-xdr/1.0.1/kerby-xdr-1.0.1.jar:/home/runner/.m2/repository/org/slf4j/slf4j-log4j12/1.7.30/slf4j-log4j12-1.7.30.jar:/home/runner/.m2/repository/org/apache/ozone/ozone-s3gateway/1.2.0-SNAPSHOT/ozone-s3gateway-1.2.0-SNAPSHOT.jar:/home/runner/.m2/repository/org/javassist/javassist/3.21.0-GA/javassist-3.21.0-GA.jar:/home/runner/.m2/repository/org/jboss/weld/servlet/weld-servlet/2.4.7.Final/weld-servlet-2.4.7.Final.jar:/home/runner/.m2/repository/org/glassfish/jersey/containers/jersey-container-servlet-core/2.33/jersey-container-servlet-core-2.33.jar:/home/runner/.m2/repository/org/glassfish/hk2/external/jakarta.inject/2.6.1/jakarta.inject-2.6.1.jar:/home/runner/.m2/repository/org/glassfish/jersey/core/jersey-common/2.33/jersey-common-2.33.jar:/home/runner/.m2/repository/jakarta/ws/rs/jakarta.ws.rs-api/2.1.6/jakarta.ws.rs-api-2.1.6.jar:/home/runner/.m2/repository/org/glassfish/jersey/ext/cdi/jersey-cdi1x/2.33/jersey-cdi1x-2.33.jar:/home/runner/.m2/repository/org/glassfish/jersey/inject/jersey-hk2/2.33/jersey-hk2-2.33.jar:/home/runner/.m2/repository/org/glassfish/hk2/hk2-locator/2.6.1/hk2-locator-2.6.1.jar:/home/runner/.m2/repository/org/glassfish/jersey/media/jersey-media-jaxb/2.33/jersey-media-jaxb-2.33.jar:/home/runner/.m2/repository/org/glassfish/hk2/osgi-resource-locator/1.0.3/osgi-resource-locator-1.0.3.jar:/home/runner/.m2/repository/org/glassfish/hk2/hk2-api/2.5.0/hk2-api-2.5.0.jar:/home/runner/.m2/repository/org/glassfish/hk2/hk2-utils/2.5.0/hk2-utils-2.5.0.jar:/home/runner/.m2/repository/org/glassfish/hk2/external/aopalliance-repackaged/2.5.0/aopalliance-repackaged-2.5.0.jar:/home/runner/.m2/repository/com/fasterxml/jackson/dataformat/jackson-dataformat-xml/2.12.1/jackson-dataformat-xml-2.12.1.jar:/home/runner/.m2/repository/com/fasterxml/jackson/core/jackson-core/2.12.1/jackson-core-2.12.1.jar:/home/runner/.m2/repository/com/fasterxml/jackson/module/jackson-module-jaxb-annotations/2.12.1/jackson-module-jaxb-annotations-2.12.1.jar:/home/runner/.m2/repository/jakarta/xml/bind/jakarta.xml.bind-api/2.3.2/jakarta.xml.bind-api-2.3.2.jar:/home/runner/.m2/repository/org/codehaus/woodstox/stax2-api/3.1.4/stax2-api-3.1.4.jar:/home/runner/.m2/repository/com/fasterxml/woodstox/woodstox-core/5.0.3/woodstox-core-5.0.3.jar:/home/runner/.m2/repository/javax/enterprise/cdi-api/1.2/cdi-api-1.2.jar:/home/runner/.m2/repository/javax/el/javax.el-api/3.0.0/javax.el-api-3.0.0.jar:/home/runner/.m2/repository/javax/interceptor/javax.interceptor-api/1.2/javax.interceptor-api-1.2.jar:/home/runner/.m2/repository/javax/inject/javax.inject/1/javax.inject-1.jar:/home/runner/.m2/repository/javax/xml/bind/jaxb-api/2.3.0/jaxb-api-2.3.0.jar:/home/runner/.m2/repository/org/glassfish/jaxb/jaxb-runtime/2.3.0.1/jaxb-runtime-2.3.0.1.jar:/home/runner/.m2/repository/org/glassfish/jaxb/jaxb-core/2.3.0.1/jaxb-core-2.3.0.1.jar:/home/runner/.m2/repository/org/glassfish/jaxb/txw2/2.3.0.1/txw2-2.3.0.1.jar:/home/runner/.m2/repository/com/sun/istack/istack-commons-runtime/3.0.5/istack-commons-runtime-3.0.5.jar:/home/runner/.m2/repository/org/jvnet/staxex/stax-ex/1.7.8/stax-ex-1.7.8.jar:/home/runner/.m2/repository/com/sun/xml/fastinfoset/FastInfoset/1.2.13/FastInfoset-1.2.13.jar:/home/runner/.m2/repository/javax/activation/activation/1.1.1/activation-1.1.1.jar:/home/runner/.m2/repository/org/apache/ozone/ozone-csi/1.2.0-SNAPSHOT/ozone-csi-1.2.0-SNAPSHOT.jar:/home/runner/.m2/repository/com/google/protobuf/protobuf-java-util/3.12.0/protobuf-java-util-3.12.0.jar:/home/runner/.m2/repository/com/google/code/gson/gson/2.2.4/gson-2.2.4.jar:/home/runner/.m2/repository/org/apache/ozone/hdds-config/1.2.0-SNAPSHOT/hdds-config-1.2.0-SNAPSHOT.jar:/home/runner/.m2/repository/io/grpc/grpc-netty/1.33.0/grpc-netty-1.33.0.jar:/home/runner/.m2/repository/io/grpc/grpc-core/1.33.0/grpc-core-1.33.0.jar:/home/runner/.m2/repository/com/google/android/annotations/4.1.1.4/annotations-4.1.1.4.jar:/home/runner/.m2/repository/io/netty/netty-codec-http2/4.1.63.Final/netty-codec-http2-4.1.63.Final.jar:/home/runner/.m2/repository/io/netty/netty-codec-http/4.1.63.Final/netty-codec-http-4.1.63.Final.jar:/home/runner/.m2/repository/io/netty/netty-handler-proxy/4.1.63.Final/netty-handler-proxy-4.1.63.Final.jar:/home/runner/.m2/repository/io/netty/netty-codec-socks/4.1.63.Final/netty-codec-socks-4.1.63.Final.jar:/home/runner/.m2/repository/io/perfmark/perfmark-api/0.19.0/perfmark-api-0.19.0.jar:/home/runner/.m2/repository/org/codehaus/mojo/animal-sniffer-annotations/1.18/animal-sniffer-annotations-1.18.jar:/home/runner/.m2/repository/io/netty/netty-transport-native-epoll/4.1.63.Final/netty-transport-native-epoll-4.1.63.Final.jar:/home/runner/.m2/repository/io/netty/netty-common/4.1.63.Final/netty-common-4.1.63.Final.jar:/home/runner/.m2/repository/io/netty/netty-buffer/4.1.63.Final/netty-buffer-4.1.63.Final.jar:/home/runner/.m2/repository/io/netty/netty-transport-native-unix-common/4.1.63.Final/netty-transport-native-unix-common-4.1.63.Final.jar:/home/runner/.m2/repository/io/grpc/grpc-protobuf/1.33.0/grpc-protobuf-1.33.0.jar:/home/runner/.m2/repository/io/grpc/grpc-api/1.33.0/grpc-api-1.33.0.jar:/home/runner/.m2/repository/io/grpc/grpc-context/1.33.0/grpc-context-1.33.0.jar:/home/runner/.m2/repository/com/google/api/grpc/proto-google-common-protos/1.17.0/proto-google-common-protos-1.17.0.jar:/home/runner/.m2/repository/io/grpc/grpc-protobuf-lite/1.33.0/grpc-protobuf-lite-1.33.0.jar:/home/runner/.m2/repository/io/grpc/grpc-stub/1.33.0/grpc-stub-1.33.0.jar:/home/runner/.m2/repository/org/apache/ozone/ozone-recon/1.2.0-SNAPSHOT/ozone-recon-1.2.0-SNAPSHOT.jar:/home/runner/.m2/repository/org/apache/ozone/ozone-reconcodegen/1.2.0-SNAPSHOT/ozone-reconcodegen-1.2.0-SNAPSHOT.jar:/home/runner/.m2/repository/com/google/inject/extensions/guice-multibindings/4.0/guice-multibindings-4.0.jar:/home/runner/.m2/repository/com/google/inject/guice/4.0/guice-4.0.jar:/home/runner/.m2/repository/aopalliance/aopalliance/1.0/aopalliance-1.0.jar:/home/runner/.m2/repository/com/google/inject/extensions/guice-assistedinject/4.0/guice-assistedinject-4.0.jar:/home/runner/.m2/repository/com/google/inject/extensions/guice-servlet/4.0/guice-servlet-4.0.jar:/home/runner/.m2/repository/org/glassfish/jersey/containers/jersey-container-servlet/2.33/jersey-container-servlet-2.33.jar:/home/runner/.m2/repository/org/glassfish/hk2/guice-bridge/2.5.0/guice-bridge-2.5.0.jar:/home/runner/.m2/repository/org/glassfish/jersey/core/jersey-server/2.33/jersey-server-2.33.jar:/home/runner/.m2/repository/org/glassfish/jersey/core/jersey-client/2.33/jersey-client-2.33.jar:/home/runner/.m2/repository/jakarta/annotation/jakarta.annotation-api/1.3.5/jakarta.annotation-api-1.3.5.jar:/home/runner/.m2/repository/jakarta/validation/jakarta.validation-api/2.0.2/jakarta.validation-api-2.0.2.jar:/home/runner/.m2/repository/org/glassfish/jersey/media/jersey-media-json-jackson/2.33/jersey-media-json-jackson-2.33.jar:/home/runner/.m2/repository/org/glassfish/jersey/ext/jersey-entity-filtering/2.33/jersey-entity-filtering-2.33.jar:/home/runner/.m2/repository/org/jooq/jooq/3.11.10/jooq-3.11.10.jar:/home/runner/.m2/repository/org/jooq/jooq-meta/3.11.10/jooq-meta-3.11.10.jar:/home/runner/.m2/repository/org/jooq/jooq-codegen/3.11.10/jooq-codegen-3.11.10.jar:/home/runner/.m2/repository/com/jolbox/bonecp/0.8.0.RELEASE/bonecp-0.8.0.RELEASE.jar:/home/runner/.m2/repository/org/apache/derby/derby/10.14.2.0/derby-10.14.2.0.jar:/home/runner/.m2/repository/org/xerial/sqlite-jdbc/3.25.2/sqlite-jdbc-3.25.2.jar:/home/runner/.m2/repository/org/springframework/spring-jdbc/5.2.11.RELEASE/spring-jdbc-5.2.11.RELEASE.jar:/home/runner/.m2/repository/org/springframework/spring-beans/5.2.11.RELEASE/spring-beans-5.2.11.RELEASE.jar:/home/runner/.m2/repository/org/springframework/spring-core/5.2.11.RELEASE/spring-core-5.2.11.RELEASE.jar:/home/runner/.m2/repository/org/springframework/spring-jcl/5.2.11.RELEASE/spring-jcl-5.2.11.RELEASE.jar:/home/runner/.m2/repository/org/springframework/spring-tx/5.2.11.RELEASE/spring-tx-5.2.11.RELEASE.jar:/home/runner/.m2/repository/org/apache/ozone/ozone-client/1.2.0-SNAPSHOT/ozone-client-1.2.0-SNAPSHOT.jar:/home/runner/.m2/repository/org/apache/ozone/ozone-filesystem/1.2.0-SNAPSHOT/ozone-filesystem-1.2.0-SNAPSHOT.jar:/home/runner/.m2/repository/org/apache/ozone/ozone-filesystem-common/1.2.0-SNAPSHOT/ozone-filesystem-common-1.2.0-SNAPSHOT.jar:/home/runner/.m2/repository/org/apache/ozone/ozone-tools/1.2.0-SNAPSHOT/ozone-tools-1.2.0-SNAPSHOT.jar:/home/runner/.m2/repository/org/apache/ratis/ratis-tools/2.1.0/ratis-tools-2.1.0.jar:/home/runner/.m2/repository/org/apache/ratis/ratis-proto/2.1.0/ratis-proto-2.1.0.jar:/home/runner/.m2/repository/org/apache/ratis/ratis-common/2.1.0/ratis-common-2.1.0.jar:/home/runner/.m2/repository/com/amazonaws/aws-java-sdk-core/1.11.901/aws-java-sdk-core-1.11.901.jar:/home/runner/.m2/repository/org/apache/httpcomponents/httpclient/4.5.13/httpclient-4.5.13.jar:/home/runner/.m2/repository/org/apache/httpcomponents/httpcore/4.4.13/httpcore-4.4.13.jar:/home/runner/.m2/repository/software/amazon/ion/ion-java/1.0.2/ion-java-1.0.2.jar:/home/runner/.m2/repository/com/fasterxml/jackson/dataformat/jackson-dataformat-cbor/2.12.1/jackson-dataformat-cbor-2.12.1.jar:/home/runner/.m2/repository/joda-time/joda-time/2.8.1/joda-time-2.8.1.jar:/home/runner/.m2/repository/com/amazonaws/aws-java-sdk-s3/1.11.901/aws-java-sdk-s3-1.11.901.jar:/home/runner/.m2/repository/com/amazonaws/aws-java-sdk-kms/1.11.901/aws-java-sdk-kms-1.11.901.jar:/home/runner/.m2/repository/com/amazonaws/jmespath-java/1.11.901/jmespath-java-1.11.901.jar:/home/runner/.m2/repository/org/kohsuke/metainf-services/metainf-services/1.8/metainf-services-1.8.jar:/home/runner/.m2/repository/org/apache/ozone/hdds-tools/1.2.0-SNAPSHOT/hdds-tools-1.2.0-SNAPSHOT.jar:/home/runner/.m2/repository/commons-cli/commons-cli/1.2/commons-cli-1.2.jar:/home/runner/.m2/repository/org/apache/commons/commons-lang3/3.7/commons-lang3-3.7.jar:/home/runner/.m2/repository/org/apache/ozone/ozone-manager/1.2.0-SNAPSHOT/ozone-manager-1.2.0-SNAPSHOT-tests.jar:/home/runner/.m2/repository/org/apache/ozone/hdds-common/1.2.0-SNAPSHOT/hdds-common-1.2.0-SNAPSHOT-tests.jar:/home/runner/.m2/repository/org/apache/ozone/hdds-hadoop-dependency-client/1.2.0-SNAPSHOT/hdds-hadoop-dependency-client-1.2.0-SNAPSHOT.jar:/home/runner/.m2/repository/info/picocli/picocli/4.4.0/picocli-4.4.0.jar:/home/runner/.m2/repository/com/fasterxml/jackson/core/jackson-annotations/2.12.1/jackson-annotations-2.12.1.jar:/home/runner/.m2/repository/javax/annotation/javax.annotation-api/1.2/javax.annotation-api-1.2.jar:/home/runner/.m2/repository/org/apache/ratis/ratis-server/2.1.0/ratis-server-2.1.0.jar:/home/runner/.m2/repository/org/apache/ratis/ratis-client/2.1.0/ratis-client-2.1.0.jar:/home/runner/.m2/repository/org/apache/ratis/ratis-server-api/2.1.0/ratis-server-api-2.1.0.jar:/home/runner/.m2/repository/org/apache/ratis/ratis-metrics/2.1.0/ratis-metrics-2.1.0.jar:/home/runner/.m2/repository/org/apache/ratis/ratis-netty/2.1.0/ratis-netty-2.1.0.jar:/home/runner/.m2/repository/org/apache/ratis/ratis-grpc/2.1.0/ratis-grpc-2.1.0.jar:/home/runner/.m2/repository/org/apache/logging/log4j/log4j-api/2.13.3/log4j-api-2.13.3.jar:/home/runner/.m2/repository/org/apache/logging/log4j/log4j-core/2.13.3/log4j-core-2.13.3.jar:/home/runner/.m2/repository/com/lmax/disruptor/3.4.2/disruptor-3.4.2.jar:/home/runner/.m2/repository/org/apache/commons/commons-pool2/2.6.0/commons-pool2-2.6.0.jar:/home/runner/.m2/repository/org/bouncycastle/bcpkix-jdk15on/1.67/bcpkix-jdk15on-1.67.jar:/home/runner/.m2/repository/commons-validator/commons-validator/1.6/commons-validator-1.6.jar:/home/runner/.m2/repository/commons-beanutils/commons-beanutils/1.9.4/commons-beanutils-1.9.4.jar:/home/runner/.m2/repository/commons-digester/commons-digester/1.8.1/commons-digester-1.8.1.jar:/home/runner/.m2/repository/commons-collections/commons-collections/3.2.2/commons-collections-3.2.2.jar:/home/runner/.m2/repository/io/jaegertracing/jaeger-client/1.6.0/jaeger-client-1.6.0.jar:/home/runner/.m2/repository/io/jaegertracing/jaeger-thrift/1.6.0/jaeger-thrift-1.6.0.jar:/home/runner/.m2/repository/org/apache/thrift/libthrift/0.14.1/libthrift-0.14.1.jar:/home/runner/.m2/repository/com/squareup/okhttp3/okhttp/4.9.0/okhttp-4.9.0.jar:/home/runner/.m2/repository/com/squareup/okio/okio/2.8.0/okio-2.8.0.jar:/home/runner/.m2/repository/io/jaegertracing/jaeger-core/1.6.0/jaeger-core-1.6.0.jar:/home/runner/.m2/repository/io/jaegertracing/jaeger-tracerresolver/1.6.0/jaeger-tracerresolver-1.6.0.jar:/home/runner/.m2/repository/io/opentracing/contrib/opentracing-tracerresolver/0.1.8/opentracing-tracerresolver-0.1.8.jar:/home/runner/.m2/repository/org/jetbrains/kotlin/kotlin-stdlib/1.4.31/kotlin-stdlib-1.4.31.jar:/home/runner/.m2/repository/org/jetbrains/kotlin/kotlin-stdlib-common/1.4.31/kotlin-stdlib-common-1.4.31.jar:/home/runner/.m2/repository/org/jetbrains/annotations/13.0/annotations-13.0.jar:/home/runner/.m2/repository/io/opentracing/opentracing-util/0.33.0/opentracing-util-0.33.0.jar:/home/runner/.m2/repository/io/opentracing/opentracing-api/0.33.0/opentracing-api-0.33.0.jar:/home/runner/.m2/repository/io/opentracing/opentracing-noop/0.33.0/opentracing-noop-0.33.0.jar:/home/runner/.m2/repository/org/yaml/snakeyaml/1.26/snakeyaml-1.26.jar:/home/runner/.m2/repository/org/apache/ozone/hdds-interface-admin/1.2.0-SNAPSHOT/hdds-interface-admin-1.2.0-SNAPSHOT.jar:/home/runner/.m2/repository/junit/junit/4.13.1/junit-4.13.1.jar:/home/runner/.m2/repository/org/hamcrest/hamcrest-core/1.3/hamcrest-core-1.3.jar:/home/runner/.m2/repository/org/junit/jupiter/junit-jupiter-api/5.7.0/junit-jupiter-api-5.7.0.jar:/home/runner/.m2/repository/org/apiguardian/apiguardian-api/1.1.0/apiguardian-api-1.1.0.jar:/home/runner/.m2/repository/org/opentest4j/opentest4j/1.2.0/opentest4j-1.2.0.jar:/home/runner/.m2/repository/org/junit/platform/junit-platform-commons/1.7.0/junit-platform-commons-1.7.0.jar:/home/runner/.m2/repository/org/junit/jupiter/junit-jupiter-engine/5.7.0/junit-jupiter-engine-5.7.0.jar:/home/runner/.m2/repository/org/junit/platform/junit-platform-engine/1.7.0/junit-platform-engine-1.7.0.jar:/home/runner/.m2/repository/org/junit/vintage/junit-vintage-engine/5.7.0/junit-vintage-engine-5.7.0.jar:/home/runner/.m2/repository/org/junit/platform/junit-platform-launcher/1.7.0/junit-platform-launcher-1.7.0.jar:/home/runner/.m2/repository/org/openjdk/jmh/jmh-core/1.19/jmh-core-1.19.jar:/home/runner/.m2/repository/net/sf/jopt-simple/jopt-simple/4.6/jopt-simple-4.6.jar:/home/runner/.m2/repository/org/apache/commons/commons-math3/3.1.1/commons-math3-3.1.1.jar:/home/runner/.m2/repository/org/openjdk/jmh/jmh-generator-annprocess/1.19/jmh-generator-annprocess-1.19.jar:/home/runner/.m2/repository/org/mockito/mockito-core/2.28.2/mockito-core-2.28.2.jar:/home/runner/.m2/repository/net/bytebuddy/byte-buddy/1.9.10/byte-buddy-1.9.10.jar:/home/runner/.m2/repository/net/bytebuddy/byte-buddy-agent/1.9.10/byte-buddy-agent-1.9.10.jar:/home/runner/.m2/repository/org/objenesis/objenesis/1.0/objenesis-1.0.jar:/home/runner/.m2/repository/org/apache/hadoop/hadoop-kms/3.3.1/hadoop-kms-3.3.1.jar:/home/runner/.m2/repository/org/apache/hadoop/hadoop-auth/3.3.1/hadoop-auth-3.3.1.jar:/home/runner/.m2/repository/com/nimbusds/nimbus-jose-jwt/7.9/nimbus-jose-jwt-7.9.jar:/home/runner/.m2/repository/com/github/stephenc/jcip/jcip-annotations/1.0-1/jcip-annotations-1.0-1.jar:/home/runner/.m2/repository/net/minidev/json-smart/2.3/json-smart-2.3.jar:/home/runner/.m2/repository/net/minidev/accessors-smart/1.2/accessors-smart-1.2.jar:/home/runner/.m2/repository/org/ow2/asm/asm/5.0.4/asm-5.0.4.jar:/home/runner/.m2/repository/org/apache/zookeeper/zookeeper/3.5.6/zookeeper-3.5.6.jar:/home/runner/.m2/repository/org/apache/zookeeper/zookeeper-jute/3.5.6/zookeeper-jute-3.5.6.jar:/home/runner/.m2/repository/org/apache/yetus/audience-annotations/0.5.0/audience-annotations-0.5.0.jar:/home/runner/.m2/repository/org/apache/curator/curator-framework/4.2.0/curator-framework-4.2.0.jar:/home/runner/.m2/repository/org/apache/hadoop/thirdparty/hadoop-shaded-guava/1.1.1/hadoop-shaded-guava-1.1.1.jar:/home/runner/.m2/repository/com/sun/jersey/jersey-core/1.19/jersey-core-1.19.jar:/home/runner/.m2/repository/javax/ws/rs/jsr311-api/1.1.1/jsr311-api-1.1.1.jar:/home/runner/.m2/repository/com/sun/jersey/jersey-server/1.19/jersey-server-1.19.jar:/home/runner/.m2/repository/javax/servlet/javax.servlet-api/3.1.0/javax.servlet-api-3.1.0.jar:/home/runner/.m2/repository/org/eclipse/jetty/jetty-server/9.4.35.v20201120/jetty-server-9.4.35.v20201120.jar:/home/runner/.m2/repository/org/eclipse/jetty/jetty-http/9.4.35.v20201120/jetty-http-9.4.35.v20201120.jar:/home/runner/.m2/repository/org/eclipse/jetty/jetty-io/9.4.35.v20201120/jetty-io-9.4.35.v20201120.jar:/home/runner/.m2/repository/org/eclipse/jetty/jetty-webapp/9.4.35.v20201120/jetty-webapp-9.4.35.v20201120.jar:/home/runner/.m2/repository/org/eclipse/jetty/jetty-xml/9.4.35.v20201120/jetty-xml-9.4.35.v20201120.jar:/home/runner/.m2/repository/org/apache/hadoop/hadoop-common/3.3.1/hadoop-common-3.3.1.jar:/home/runner/.m2/repository/commons-net/commons-net/3.6/commons-net-3.6.jar:/home/runner/.m2/repository/jakarta/activation/jakarta.activation-api/1.2.1/jakarta.activation-api-1.2.1.jar:/home/runner/.m2/repository/com/sun/jersey/jersey-servlet/1.19/jersey-servlet-1.19.jar:/home/runner/.m2/repository/com/sun/jersey/jersey-json/1.19/jersey-json-1.19.jar:/home/runner/.m2/repository/org/codehaus/jettison/jettison/1.1/jettison-1.1.jar:/home/runner/.m2/repository/com/sun/xml/bind/jaxb-impl/2.2.3-1/jaxb-impl-2.2.3-1.jar:/home/runner/.m2/repository/org/codehaus/jackson/jackson-jaxrs/1.9.2/jackson-jaxrs-1.9.2.jar:/home/runner/.m2/repository/org/codehaus/jackson/jackson-xc/1.9.2/jackson-xc-1.9.2.jar:/home/runner/.m2/repository/org/apache/commons/commons-configuration2/2.1.1/commons-configuration2-2.1.1.jar:/home/runner/.m2/repository/org/apache/commons/commons-text/1.4/commons-text-1.4.jar:/home/runner/.m2/repository/com/google/re2j/re2j/1.1/re2j-1.1.jar:/home/runner/.m2/repository/com/jcraft/jsch/0.1.54/jsch-0.1.54.jar:/home/runner/.m2/repository/org/apache/curator/curator-client/4.2.0/curator-client-4.2.0.jar:/home/runner/.m2/repository/org/apache/curator/curator-recipes/4.2.0/curator-recipes-4.2.0.jar:/home/runner/.m2/repository/org/apache/kerby/kerb-core/1.0.1/kerb-core-1.0.1.jar:/home/runner/.m2/repository/org/apache/kerby/kerby-pkix/1.0.1/kerby-pkix-1.0.1.jar:/home/runner/.m2/repository/org/apache/kerby/kerby-asn1/1.0.1/kerby-asn1-1.0.1.jar:/home/runner/.m2/repository/org/apache/kerby/kerby-util/1.0.1/kerby-util-1.0.1.jar:/home/runner/.m2/repository/dnsjava/dnsjava/2.1.7/dnsjava-2.1.7.jar:/home/runner/.m2/repository/org/xerial/snappy/snappy-java/1.1.8.2/snappy-java-1.1.8.2.jar:/home/runner/.m2/repository/org/slf4j/jul-to-slf4j/1.7.30/jul-to-slf4j-1.7.30.jar:/home/runner/.m2/repository/org/eclipse/jetty/jetty-util/9.4.35.v20201120/jetty-util-9.4.35.v20201120.jar:/home/runner/.m2/repository/com/fasterxml/jackson/core/jackson-databind/2.12.1/jackson-databind-2.12.1.jar:/home/runner/.m2/repository/org/apache/hadoop/hadoop-kms/3.3.1/hadoop-kms-3.3.1-tests.jar:/home/runner/.m2/repository/org/apache/ozone/hdds-server-scm/1.2.0-SNAPSHOT/hdds-server-scm-1.2.0-SNAPSHOT-tests.jar:/home/runner/.m2/repository/org/apache/ozone/hdds-container-service/1.2.0-SNAPSHOT/hdds-container-service-1.2.0-SNAPSHOT-tests.jar:/home/runner/.m2/repository/commons-codec/commons-codec/1.11/commons-codec-1.11.jar:/home/runner/.m2/repository/io/netty/netty-transport/4.1.63.Final/netty-transport-4.1.63.Final.jar:/home/runner/.m2/repository/io/netty/netty-resolver/4.1.63.Final/netty-resolver-4.1.63.Final.jar:/home/runner/.m2/repository/io/netty/netty-codec/4.1.63.Final/netty-codec-4.1.63.Final.jar:/home/runner/.m2/repository/io/netty/netty-handler/4.1.63.Final/netty-handler-4.1.63.Final.jar:/home/runner/.m2/repository/org/apache/ozone/hdds-hadoop-dependency-test/1.2.0-SNAPSHOT/hdds-hadoop-dependency-test-1.2.0-SNAPSHOT.jar:/home/runner/.m2/repository/org/apache/hadoop/hadoop-common/3.3.1/hadoop-common-3.3.1-tests.jar:/home/runner/.m2/repository/org/assertj/assertj-core/3.12.2/assertj-core-3.12.2.jar:/home/runner/.m2/repository/org/apache/hadoop/hadoop-hdfs/3.3.1/hadoop-hdfs-3.3.1-tests.jar:/home/runner/.m2/repository/org/eclipse/jetty/jetty-util-ajax/9.4.35.v20201120/jetty-util-ajax-9.4.35.v20201120.jar:/home/runner/.m2/repository/commons-daemon/commons-daemon/1.0.13/commons-daemon-1.0.13.jar:/home/runner/.m2/repository/io/netty/netty/3.10.6.Final/netty-3.10.6.Final.jar:/home/runner/.m2/repository/io/netty/netty-all/4.1.63.Final/netty-all-4.1.63.Final.jar:/home/runner/.m2/repository/org/apache/htrace/htrace-core4/4.1.0-incubating/htrace-core4-4.1.0-incubating.jar:/home/runner/.m2/repository/org/fusesource/leveldbjni/leveldbjni-all/1.8/leveldbjni-all-1.8.jar:/home/runner/.m2/repository/org/apache/hadoop/hadoop-distcp/3.3.1/hadoop-distcp-3.3.1.jar:/home/runner/.m2/repository/org/apache/hadoop/hadoop-mapreduce-client-jobclient/3.3.1/hadoop-mapreduce-client-jobclient-3.3.1.jar:/home/runner/.m2/repository/org/apache/hadoop/hadoop-mapreduce-client-common/3.3.1/hadoop-mapreduce-client-common-3.3.1.jar:/home/runner/.m2/repository/org/apache/hadoop/hadoop-yarn-common/3.3.1/hadoop-yarn-common-3.3.1.jar:/home/runner/.m2/repository/org/apache/hadoop/hadoop-yarn-api/3.3.1/hadoop-yarn-api-3.3.1.jar:/home/runner/.m2/repository/com/sun/jersey/jersey-client/1.19/jersey-client-1.19.jar:/home/runner/.m2/repository/com/sun/jersey/contribs/jersey-guice/1.19/jersey-guice-1.19.jar:/home/runner/.m2/repository/com/fasterxml/jackson/jaxrs/jackson-jaxrs-json-provider/2.12.1/jackson-jaxrs-json-provider-2.12.1.jar:/home/runner/.m2/repository/com/fasterxml/jackson/jaxrs/jackson-jaxrs-base/2.12.1/jackson-jaxrs-base-2.12.1.jar:/home/runner/.m2/repository/org/apache/hadoop/hadoop-yarn-client/3.3.1/hadoop-yarn-client-3.3.1.jar:/home/runner/.m2/repository/org/eclipse/jetty/websocket/websocket-client/9.4.40.v20210413/websocket-client-9.4.40.v20210413.jar:/home/runner/.m2/repository/org/eclipse/jetty/jetty-client/9.4.40.v20210413/jetty-client-9.4.40.v20210413.jar:/home/runner/.m2/repository/org/eclipse/jetty/websocket/websocket-common/9.4.40.v20210413/websocket-common-9.4.40.v20210413.jar:/home/runner/.m2/repository/org/eclipse/jetty/websocket/websocket-api/9.4.40.v20210413/websocket-api-9.4.40.v20210413.jar:/home/runner/.m2/repository/org/jline/jline/3.9.0/jline-3.9.0.jar:/home/runner/.m2/repository/org/apache/hadoop/hadoop-mapreduce-client-core/3.3.1/hadoop-mapreduce-client-core-3.3.1.jar:/home/runner/.m2/repository/org/apache/avro/avro/1.7.7/avro-1.7.7.jar:/home/runner/.m2/repository/org/codehaus/jackson/jackson-core-asl/1.9.13/jackson-core-asl-1.9.13.jar:/home/runner/.m2/repository/org/codehaus/jackson/jackson-mapper-asl/1.9.13/jackson-mapper-asl-1.9.13.jar:/home/runner/.m2/repository/com/thoughtworks/paranamer/paranamer/2.3/paranamer-2.3.jar:/home/runner/.m2/repository/org/apache/hadoop/hadoop-annotations/3.3.1/hadoop-annotations-3.3.1.jar:/usr/lib/jvm/adoptopenjdk-8-hotspot-amd64/jre/../lib/tools.jar:/home/runner/.m2/repository/org/apache/hadoop/hadoop-distcp/3.3.1/hadoop-distcp-3.3.1-tests.jar:"/>
    <property name="sun.cpu.endian" value="little"/>
    <property name="user.home" value="/home/runner"/>
    <property name="user.language" value="en"/>
    <property name="java.specification.vendor" value="Oracle Corporation"/>
    <property name="java.home" value="/usr/lib/jvm/adoptopenjdk-8-hotspot-amd64/jre"/>
    <property name="java.security.krb5.conf" value="/home/runner/work/ozone/ozone/mnt/ozone/hadoop-ozone/integration-test/target/test-classes/krb5.conf"/>
    <property name="basedir" value="/home/runner/work/ozone/ozone/mnt/ozone/hadoop-ozone/integration-test"/>
    <property name="file.separator" value="/"/>
    <property name="line.separator" value="&#10;"/>
    <property name="java.vm.specification.vendor" value="Oracle Corporation"/>
    <property name="java.specification.name" value="Java Platform API Specification"/>
    <property name="java.awt.graphicsenv" value="sun.awt.X11GraphicsEnvironment"/>
    <property name="skip.installnpx" value="true"/>
    <property name="surefire.real.class.path" value="/home/runner/work/ozone/ozone/mnt/ozone/hadoop-ozone/integration-test/target/surefire/surefirebooter8356144597194289446.jar:/home/runner/.m2/repository/org/jacoco/org.jacoco.agent/0.8.5/org.jacoco.agent-0.8.5-runtime.jar"/>
    <property name="hadoop.log.dir" value="/home/runner/work/ozone/ozone/mnt/ozone/hadoop-ozone/integration-test/target/log"/>
    <property name="sun.boot.class.path" value="/usr/lib/jvm/adoptopenjdk-8-hotspot-amd64/jre/lib/resources.jar:/usr/lib/jvm/adoptopenjdk-8-hotspot-amd64/jre/lib/rt.jar:/usr/lib/jvm/adoptopenjdk-8-hotspot-amd64/jre/lib/sunrsasign.jar:/usr/lib/jvm/adoptopenjdk-8-hotspot-amd64/jre/lib/jsse.jar:/usr/lib/jvm/adoptopenjdk-8-hotspot-amd64/jre/lib/jce.jar:/usr/lib/jvm/adoptopenjdk-8-hotspot-amd64/jre/lib/charsets.jar:/usr/lib/jvm/adoptopenjdk-8-hotspot-amd64/jre/lib/jfr.jar:/usr/lib/jvm/adoptopenjdk-8-hotspot-amd64/jre/classes"/>
    <property name="sun.management.compiler" value="HotSpot 64-Bit Tiered Compilers"/>
    <property name="skip.npx" value="true"/>
    <property name="java.runtime.version" value="1.8.0_292-b10"/>
    <property name="java.net.preferIPv4Stack" value="true"/>
    <property name="user.name" value="runner"/>
    <property name="path.separator" value=":"/>
    <property name="java.security.egd" value="file:///dev/urandom"/>
    <property name="os.version" value="5.4.0-1055-azure"/>
    <property name="java.endorsed.dirs" value="/usr/lib/jvm/adoptopenjdk-8-hotspot-amd64/jre/lib/endorsed"/>
    <property name="java.runtime.name" value="OpenJDK Runtime Environment"/>
    <property name="file.encoding" value="UTF-8"/>
    <property name="java.vm.name" value="OpenJDK 64-Bit Server VM"/>
    <property name="test.build.webapps" value=""/>
    <property name="localRepository" value="/home/runner/.m2/repository"/>
    <property name="java.vendor.url.bug" value="https://github.com/AdoptOpenJDK/openjdk-support/issues"/>
    <property name="java.io.tmpdir" value="/tmp"/>
    <property name="require.test.libhadoop" value=""/>
    <property name="java.version" value="1.8.0_292"/>
    <property name="user.dir" value="/home/runner/work/ozone/ozone/mnt/ozone/hadoop-ozone/integration-test"/>
    <property name="os.arch" value="amd64"/>
    <property name="java.vm.specification.name" value="Java Virtual Machine Specification"/>
    <property name="test.build.classes" value="/home/runner/work/ozone/ozone/mnt/ozone/hadoop-ozone/integration-test/target/test-classes"/>
    <property name="java.awt.printerjob" value="sun.print.PSPrinterJob"/>
    <property name="sun.os.patch.level" value="unknown"/>
    <property name="hadoop.tmp.dir" value="/home/runner/work/ozone/ozone/mnt/ozone/hadoop-ozone/integration-test/target/tmp"/>
    <property name="java.library.path" value="/usr/java/packages/lib/amd64:/usr/lib64:/lib64:/lib:/usr/lib"/>
    <property name="java.vm.info" value="mixed mode"/>
    <property name="java.vendor" value="AdoptOpenJDK"/>
    <property name="java.vm.version" value="25.292-b10"/>
    <property name="java.ext.dirs" value="/usr/lib/jvm/adoptopenjdk-8-hotspot-amd64/jre/lib/ext:/usr/java/packages/lib/ext"/>
    <property name="sun.io.unicode.encoding" value="UnicodeLittle"/>
    <property name="java.class.version" value="52.0"/>
  </properties>
  <testcase name="testDataNodeAndSCMFailuresTogetherDuringDataNodeUpgrade" classname="org.apache.hadoop.hdds.upgrade.TestHDDSUpgrade" time="0">
    <skipped/>
  </testcase>
  <testcase name="testDataNodeAndSCMFailuresTogetherDuringSCMUpgrade" classname="org.apache.hadoop.hdds.upgrade.TestHDDSUpgrade" time="0">
    <skipped/>
  </testcase>
  <testcase name="testScmFailuresAfterScmPostFinalizeUpgrade" classname="org.apache.hadoop.hdds.upgrade.TestHDDSUpgrade" time="71.275"/>
  <testcase name="testScmFailuresAfterScmPreFinalizeUpgrade" classname="org.apache.hadoop.hdds.upgrade.TestHDDSUpgrade" time="117.345">
    <failure message="Timeout waiting for Upgrade to complete on SCM." type="java.lang.AssertionError">java.lang.AssertionError: Timeout waiting for Upgrade to complete on SCM.
	at org.junit.Assert.fail(Assert.java:89)
	at org.apache.hadoop.hdds.upgrade.TestHDDSUpgrade.testPostUpgradeConditionsSCM(TestHDDSUpgrade.java:226)
	at org.apache.hadoop.hdds.upgrade.TestHDDSUpgrade.testFinalizationWithFailureInjectionHelper(TestHDDSUpgrade.java:1030)
	at org.apache.hadoop.hdds.upgrade.TestHDDSUpgrade.testScmFailuresAfterScmPreFinalizeUpgrade(TestHDDSUpgrade.java:657)
	at sun.reflect.NativeMethodAccessorImpl.invoke0(Native Method)
	at sun.reflect.NativeMethodAccessorImpl.invoke(NativeMethodAccessorImpl.java:62)
	at sun.reflect.DelegatingMethodAccessorImpl.invoke(DelegatingMethodAccessorImpl.java:43)
	at java.lang.reflect.Method.invoke(Method.java:498)
	at org.junit.runners.model.FrameworkMethod$1.runReflectiveCall(FrameworkMethod.java:59)
	at org.junit.internal.runners.model.ReflectiveCallable.run(ReflectiveCallable.java:12)
	at org.junit.runners.model.FrameworkMethod.invokeExplosively(FrameworkMethod.java:56)
	at org.junit.internal.runners.statements.InvokeMethod.evaluate(InvokeMethod.java:17)
	at org.junit.internal.runners.statements.RunBefores.evaluate(RunBefores.java:26)
	at org.junit.internal.runners.statements.RunAfters.evaluate(RunAfters.java:27)
	at org.junit.internal.runners.statements.FailOnTimeout$CallableStatement.call(FailOnTimeout.java:288)
	at org.junit.internal.runners.statements.FailOnTimeout$CallableStatement.call(FailOnTimeout.java:282)
	at java.util.concurrent.FutureTask.run(FutureTask.java:266)
	at java.lang.Thread.run(Thread.java:748)
</failure>
    <system-out><![CDATA[2021-08-04 04:52:34,910 [Time-limited test] WARN  server.ServerUtils (ServerUtils.java:getScmDbDir(148)) - ozone.scm.db.dirs is not configured. We recommend adding this setting. Falling back to ozone.metadata.dirs instead.
2021-08-04 04:52:34,912 [Time-limited test] INFO  ha.SCMHANodeDetails (SCMHANodeDetails.java:loadSCMHAConfig(157)) - ServiceID for StorageContainerManager is null
2021-08-04 04:52:34,912 [Time-limited test] INFO  ha.SCMHANodeDetails (SCMHANodeDetails.java:loadSCMHAConfig(162)) - ozone.scm.default.service.id is not defined, falling back to ozone.scm.service.ids to find serviceID for StorageContainerManager if it is HA enabled cluster
2021-08-04 04:52:34,912 [Time-limited test] WARN  server.ServerUtils (ServerUtils.java:getScmDbDir(148)) - ozone.scm.db.dirs is not configured. We recommend adding this setting. Falling back to ozone.metadata.dirs instead.
2021-08-04 04:52:34,913 [Time-limited test] INFO  upgrade.AbstractLayoutVersionManager (AbstractLayoutVersionManager.java:init(70)) - Initializing Layout version manager with metadata layout = INITIAL_VERSION (version = 0), software layout = SCM_HA (version = 2)
2021-08-04 04:52:34,952 [Time-limited test] INFO  reflections.Reflections (Reflections.java:scan(232)) - Reflections took 38 ms to scan 7 urls, producing 120 keys and 273 values 
2021-08-04 04:52:34,953 [Time-limited test] INFO  upgrade.HDDSLayoutVersionManager (HDDSLayoutVersionManager.java:lambda$registerUpgradeActions$0(76)) - Registering Upgrade Action : DatanodeSchemaV2FinalizeAction
2021-08-04 04:52:34,953 [Time-limited test] INFO  upgrade.HDDSLayoutVersionManager (HDDSLayoutVersionManager.java:lambda$registerUpgradeActions$0(76)) - Registering Upgrade Action : ScmOnFinalizeActionForDatanodeSchemaV2
2021-08-04 04:52:34,953 [Time-limited test] INFO  upgrade.HDDSLayoutVersionManager (HDDSLayoutVersionManager.java:lambda$registerUpgradeActions$0(76)) - Registering Upgrade Action : ScmHAFirstUpgradeLayoutChangeAction
2021-08-04 04:52:34,953 [Time-limited test] INFO  upgrade.HDDSLayoutVersionManager (HDDSLayoutVersionManager.java:lambda$registerUpgradeActions$0(76)) - Registering Upgrade Action : ScmHAUnfinalizedStateValidationAction
2021-08-04 04:52:34,953 [Time-limited test] WARN  utils.HAUtils (HAUtils.java:getMetaDir(342)) - ozone.scm.db.dirs is not configured. We recommend adding this setting. Falling back to ozone.metadata.dirs instead.
2021-08-04 04:52:34,954 [Time-limited test] WARN  db.DBStoreBuilder (DBStoreBuilder.java:applyDBDefinition(145)) - ozone.scm.db.dirs is not configured. We recommend adding this setting. Falling back to ozone.metadata.dirs instead.
2021-08-04 04:52:35,033 [Time-limited test] INFO  net.NodeSchemaLoader (NodeSchemaLoader.java:loadSchemaFromFile(129)) - Loading schema from [jar:file:/home/runner/.m2/repository/org/apache/ozone/hdds-common/1.2.0-SNAPSHOT/hdds-common-1.2.0-SNAPSHOT.jar!/network-topology-default.xml]
2021-08-04 04:52:35,033 [Time-limited test] INFO  net.NodeSchemaLoader (NodeSchemaLoader.java:loadSchema(176)) - Loading network topology layer schema file
2021-08-04 04:52:35,035 [Time-limited test] INFO  ha.SequenceIdGenerator (SequenceIdGenerator.java:upgradeToSequenceId(327)) - upgrade localId to 107544261427200000
2021-08-04 04:52:35,036 [Time-limited test] INFO  ha.SequenceIdGenerator (SequenceIdGenerator.java:upgradeToSequenceId(337)) - upgrade delTxnId to 0
2021-08-04 04:52:35,036 [Time-limited test] INFO  ha.SequenceIdGenerator (SequenceIdGenerator.java:upgradeToSequenceId(351)) - upgrade containerId to 0
2021-08-04 04:52:35,036 [Time-limited test] INFO  ha.SequenceIdGenerator (SequenceIdGenerator.java:<init>(217)) - Init the HA SequenceIdGenerator.
2021-08-04 04:52:35,037 [Time-limited test] INFO  node.SCMNodeManager (SCMNodeManager.java:<init>(141)) - Entering startup safe mode.
2021-08-04 04:52:35,038 [Time-limited test] INFO  algorithms.ContainerPlacementPolicyFactory (ContainerPlacementPolicyFactory.java:getPolicy(60)) - Create container placement policy of type org.apache.hadoop.hdds.scm.container.placement.algorithms.SCMContainerPlacementRandom
2021-08-04 04:52:35,038 [Time-limited test] INFO  pipeline.PipelineStateManager (PipelineStateManagerV2Impl.java:initialize(78)) - No pipeline exists in current db
2021-08-04 04:52:35,038 [Time-limited test] INFO  algorithms.LeaderChoosePolicyFactory (LeaderChoosePolicyFactory.java:getPolicy(57)) - Create leader choose policy of type org.apache.hadoop.hdds.scm.pipeline.leader.choose.algorithms.MinLeaderCountChoosePolicy
2021-08-04 04:52:35,039 [Time-limited test] INFO  ha.SCMServiceManager (SCMServiceManager.java:register(43)) - Registering service BackgroundPipelineCreator.
2021-08-04 04:52:35,039 [Time-limited test] INFO  pipeline.BackgroundPipelineCreator (BackgroundPipelineCreatorV2.java:start(130)) - Starting RatisPipelineUtilsThread.
2021-08-04 04:52:35,043 [Time-limited test] INFO  algorithms.PipelineChoosePolicyFactory (PipelineChoosePolicyFactory.java:createPipelineChoosePolicyFromClass(73)) - Create pipeline choose policy of type org.apache.hadoop.hdds.scm.pipeline.choose.algorithms.RandomPipelineChoosePolicy
2021-08-04 04:52:35,044 [Time-limited test] INFO  ha.SCMServiceManager (SCMServiceManager.java:register(43)) - Registering service SCMBlockDeletingService.
2021-08-04 04:52:35,044 [Time-limited test] INFO  ha.SCMServiceManager (SCMServiceManager.java:register(43)) - Registering service ReplicationManager.
2021-08-04 04:52:35,044 [Time-limited test] INFO  container.ReplicationManager (ReplicationManager.java:start(286)) - Starting Replication Monitor Thread.
2021-08-04 04:52:35,045 [Time-limited test] INFO  safemode.ContainerSafeModeRule (ContainerSafeModeRule.java:<init>(89)) - containers with one replica threshold count 0
2021-08-04 04:52:35,045 [Time-limited test] INFO  safemode.HealthyPipelineSafeModeRule (HealthyPipelineSafeModeRule.java:initializeRule(156)) - Total pipeline count is 0, healthy pipeline threshold count is 1
2021-08-04 04:52:35,046 [Time-limited test] INFO  safemode.OneReplicaPipelineSafeModeRule (OneReplicaPipelineSafeModeRule.java:initializeRule(180)) - Total pipeline count is 0, pipeline's with at least one datanode reported threshold count is 0
2021-08-04 04:52:35,048 [ReplicationMonitor] INFO  container.ReplicationManager (ReplicationManager.java:processAll(341)) - Replication Monitor Thread took 0 milliseconds for processing 0 containers.
2021-08-04 04:52:35,049 [Time-limited test] INFO  ipc.CallQueueManager (CallQueueManager.java:<init>(90)) - Using callQueue: class java.util.concurrent.LinkedBlockingQueue, queueCapacity: 2000, scheduler: class org.apache.hadoop.ipc.DefaultRpcScheduler, ipcBackoff: false.
2021-08-04 04:52:35,050 [Socket Reader #1 for port 0] INFO  ipc.Server (Server.java:run(1265)) - Starting Socket Reader #1 for port 0
2021-08-04 04:52:35,050 [Listener at 0.0.0.0/37201] INFO  ipc.CallQueueManager (CallQueueManager.java:<init>(90)) - Using callQueue: class java.util.concurrent.LinkedBlockingQueue, queueCapacity: 2000, scheduler: class org.apache.hadoop.ipc.DefaultRpcScheduler, ipcBackoff: false.
2021-08-04 04:52:35,052 [Socket Reader #1 for port 0] INFO  ipc.Server (Server.java:run(1265)) - Starting Socket Reader #1 for port 0
2021-08-04 04:52:35,053 [Listener at 0.0.0.0/38965] INFO  ipc.CallQueueManager (CallQueueManager.java:<init>(90)) - Using callQueue: class java.util.concurrent.LinkedBlockingQueue, queueCapacity: 2000, scheduler: class org.apache.hadoop.ipc.DefaultRpcScheduler, ipcBackoff: false.
2021-08-04 04:52:35,053 [Socket Reader #1 for port 0] INFO  ipc.Server (Server.java:run(1265)) - Starting Socket Reader #1 for port 0
2021-08-04 04:52:35,076 [Listener at 0.0.0.0/43893] INFO  server.StorageContainerManager (StorageContainerManager.java:<init>(380)) - 
Container Balancer status:
Key                            Value
Running                        true
Container Balancer Configuration values:
Key                            Value
Threshold                      0.1
Max Datanodes to Balance       5
Max Size to Move               10737418240B

2021-08-04 04:52:35,076 [Listener at 0.0.0.0/43893] WARN  events.EventQueue (EventQueue.java:fireEvent(194)) - No event handler registered for event TypedEvent{payloadType=SafeModeStatus, name='Safe mode status'}
2021-08-04 04:52:35,076 [Listener at 0.0.0.0/43893] INFO  ha.SCMContext (SCMContext.java:updateSafeModeStatus(205)) - Update SafeModeStatus from SafeModeStatus{safeModeStatus=true, preCheckPassed=false} to SafeModeStatus{safeModeStatus=true, preCheckPassed=false}.
2021-08-04 04:52:35,076 [Listener at 0.0.0.0/43893] INFO  upgrade.UpgradeFinalizer (BasicUpgradeFinalizer.java:runPrefinalizeStateActions(234)) - Running pre-finalized state validations for unfinalized layout features.
2021-08-04 04:52:35,077 [Listener at 0.0.0.0/43893] INFO  upgrade.UpgradeFinalizer (BasicUpgradeFinalizer.java:runValidationAction(263)) - Executing pre finalize state validation ScmHAUnfinalizedStateValidationAction
2021-08-04 04:52:35,077 [Listener at 0.0.0.0/43893] INFO  upgrade.AbstractLayoutVersionManager (AbstractLayoutVersionManager.java:init(70)) - Initializing Layout version manager with metadata layout = INITIAL_VERSION (version = 0), software layout = SCM_HA (version = 2)
2021-08-04 04:52:35,113 [Listener at 0.0.0.0/43893] INFO  reflections.Reflections (Reflections.java:scan(232)) - Reflections took 35 ms to scan 7 urls, producing 120 keys and 273 values 
2021-08-04 04:52:35,115 [Listener at 0.0.0.0/43893] INFO  upgrade.HDDSLayoutVersionManager (HDDSLayoutVersionManager.java:lambda$registerUpgradeActions$0(76)) - Registering Upgrade Action : DatanodeSchemaV2FinalizeAction
2021-08-04 04:52:35,115 [Listener at 0.0.0.0/43893] INFO  upgrade.HDDSLayoutVersionManager (HDDSLayoutVersionManager.java:lambda$registerUpgradeActions$0(76)) - Registering Upgrade Action : ScmOnFinalizeActionForDatanodeSchemaV2
2021-08-04 04:52:35,115 [Listener at 0.0.0.0/43893] INFO  upgrade.HDDSLayoutVersionManager (HDDSLayoutVersionManager.java:lambda$registerUpgradeActions$0(76)) - Registering Upgrade Action : ScmHAFirstUpgradeLayoutChangeAction
2021-08-04 04:52:35,115 [Listener at 0.0.0.0/43893] INFO  upgrade.HDDSLayoutVersionManager (HDDSLayoutVersionManager.java:lambda$registerUpgradeActions$0(76)) - Registering Upgrade Action : ScmHAUnfinalizedStateValidationAction
2021-08-04 04:52:35,115 [Listener at 0.0.0.0/43893] INFO  upgrade.UpgradeFinalizer (BasicUpgradeFinalizer.java:runPrefinalizeStateActions(247)) - Running first upgrade commands for unfinalized layout features.
2021-08-04 04:52:35,115 [Listener at 0.0.0.0/43893] INFO  server.StorageContainerManager (StorageContainerManager.java:start(1245)) - StorageContainerLocationProtocol RPC server is listening at /0.0.0.0:43893
2021-08-04 04:52:35,117 [Listener at 0.0.0.0/43893] WARN  impl.MetricsConfig (MetricsConfig.java:loadFirst(136)) - Cannot locate configuration: tried hadoop-metrics2-storagecontainermanager.properties,hadoop-metrics2.properties
2021-08-04 04:52:35,117 [Listener at 0.0.0.0/43893] INFO  impl.MetricsSystemImpl (MetricsSystemImpl.java:startTimer(378)) - Scheduled Metric snapshot period at 10 second(s).
2021-08-04 04:52:35,117 [Listener at 0.0.0.0/43893] INFO  impl.MetricsSystemImpl (MetricsSystemImpl.java:start(191)) - StorageContainerManager metrics system started
2021-08-04 04:52:35,123 [Listener at 0.0.0.0/43893] INFO  impl.MetricsSinkAdapter (MetricsSinkAdapter.java:start(204)) - Sink prometheus started
2021-08-04 04:52:35,123 [Listener at 0.0.0.0/43893] INFO  impl.MetricsSystemImpl (MetricsSystemImpl.java:registerSink(305)) - Registered sink prometheus
2021-08-04 04:52:35,143 [Listener at 0.0.0.0/43893] INFO  server.SCMClientProtocolServer (SCMClientProtocolServer.java:start(165)) - RPC server for Client  is listening at /0.0.0.0:43893
2021-08-04 04:52:35,143 [IPC Server Responder] INFO  ipc.Server (Server.java:run(1507)) - IPC Server Responder: starting
2021-08-04 04:52:35,148 [IPC Server listener on 0] INFO  ipc.Server (Server.java:run(1344)) - IPC Server listener on 0: starting
2021-08-04 04:52:35,167 [Listener at 0.0.0.0/43893] INFO  server.StorageContainerManager (StorageContainerManager.java:start(1260)) - ScmBlockLocationProtocol RPC server is listening at /0.0.0.0:38965
2021-08-04 04:52:35,167 [Listener at 0.0.0.0/43893] INFO  server.SCMBlockProtocolServer (SCMBlockProtocolServer.java:start(151)) - RPC server for Block Protocol is listening at /0.0.0.0:38965
2021-08-04 04:52:35,168 [IPC Server Responder] INFO  ipc.Server (Server.java:run(1507)) - IPC Server Responder: starting
2021-08-04 04:52:35,168 [IPC Server listener on 0] INFO  ipc.Server (Server.java:run(1344)) - IPC Server listener on 0: starting
2021-08-04 04:52:35,172 [Listener at 0.0.0.0/43893] INFO  server.StorageContainerManager (StorageContainerManager.java:start(1266)) - ScmDatanodeProtocl RPC server is listening at /0.0.0.0:37201
2021-08-04 04:52:35,172 [Listener at 0.0.0.0/43893] INFO  server.SCMDatanodeProtocolServer (SCMDatanodeProtocolServer.java:start(181)) - RPC server for DataNodes is listening at /0.0.0.0:37201
2021-08-04 04:52:35,173 [IPC Server Responder] INFO  ipc.Server (Server.java:run(1507)) - IPC Server Responder: starting
2021-08-04 04:52:35,173 [IPC Server listener on 0] INFO  ipc.Server (Server.java:run(1344)) - IPC Server listener on 0: starting
2021-08-04 04:52:35,178 [Listener at 0.0.0.0/43893] INFO  http.BaseHttpServer (BaseHttpServer.java:newHttpServer2BuilderForOzone(209)) - Starting Web-server for scm at: http://0.0.0.0:0
2021-08-04 04:52:35,178 [Listener at 0.0.0.0/43893] INFO  http.BaseHttpServer (BaseHttpServer.java:<init>(107)) - Hadoop Security Enabled: false Ozone Security Enabled: false Ozone HTTP Security Enabled: false 
2021-08-04 04:52:35,179 [Listener at 0.0.0.0/43893] INFO  server.AuthenticationFilter (AuthenticationFilter.java:constructSecretProvider(240)) - Unable to initialize FileSignerSecretProvider, falling back to use random secrets.
2021-08-04 04:52:35,180 [Listener at 0.0.0.0/43893] WARN  http.HttpRequestLog (HttpRequestLog.java:getRequestLog(103)) - Jetty request log can only be enabled using Log4j
2021-08-04 04:52:35,181 [Listener at 0.0.0.0/43893] INFO  http.HttpServer2 (HttpServer2.java:addGlobalFilter(1020)) - Added global filter 'safety' (class=org.apache.hadoop.hdds.server.http.HttpServer2$QuotingInputFilter)
2021-08-04 04:52:35,182 [Listener at 0.0.0.0/43893] INFO  http.HttpServer2 (HttpServer2.java:addFilter(996)) - Added filter static_user_filter (class=org.apache.hadoop.http.lib.StaticUserWebFilter$StaticUserFilter) to context scm
2021-08-04 04:52:35,182 [Listener at 0.0.0.0/43893] INFO  http.HttpServer2 (HttpServer2.java:addFilter(1004)) - Added filter static_user_filter (class=org.apache.hadoop.http.lib.StaticUserWebFilter$StaticUserFilter) to context static
2021-08-04 04:52:35,182 [Listener at 0.0.0.0/43893] INFO  http.HttpServer2 (HttpServer2.java:addFilter(1004)) - Added filter static_user_filter (class=org.apache.hadoop.http.lib.StaticUserWebFilter$StaticUserFilter) to context logs
2021-08-04 04:52:35,183 [Listener at 0.0.0.0/43893] INFO  http.HttpServer2 (HttpServer2.java:bindListener(1239)) - Jetty bound to port 44185
2021-08-04 04:52:35,183 [Listener at 0.0.0.0/43893] INFO  server.Server (Server.java:doStart(375)) - jetty-9.4.35.v20201120; built: 2020-11-20T21:17:03.964Z; git: bdc54f03a5e0a7e280fab27f55c3c75ee8da89fb; jvm 1.8.0_292-b10
2021-08-04 04:52:35,184 [Listener at 0.0.0.0/43893] INFO  server.session (DefaultSessionIdManager.java:doStart(334)) - DefaultSessionIdManager workerName=node0
2021-08-04 04:52:35,185 [Listener at 0.0.0.0/43893] INFO  server.session (DefaultSessionIdManager.java:doStart(339)) - No SessionScavenger set, using defaults
2021-08-04 04:52:35,185 [Listener at 0.0.0.0/43893] INFO  server.session (HouseKeeper.java:startScavenging(132)) - node0 Scavenging every 600000ms
2021-08-04 04:52:35,185 [Listener at 0.0.0.0/43893] INFO  handler.ContextHandler (ContextHandler.java:doStart(916)) - Started o.e.j.s.ServletContextHandler@60a06cec{logs,/logs,file:///home/runner/work/ozone/ozone/mnt/ozone/hadoop-ozone/integration-test/target/log,AVAILABLE}
2021-08-04 04:52:35,186 [Listener at 0.0.0.0/43893] INFO  handler.ContextHandler (ContextHandler.java:doStart(916)) - Started o.e.j.s.ServletContextHandler@a0c885c{static,/static,file:///home/runner/work/ozone/ozone/mnt/ozone/hadoop-ozone/integration-test/target/test-classes/webapps/static,AVAILABLE}
2021-08-04 04:52:35,188 [org.apache.hadoop.util.JvmPauseMonitor$Monitor@5462bc75] INFO  util.JvmPauseMonitor (JvmPauseMonitor.java:run(188)) - Starting JVM pause monitor
2021-08-04 04:52:35,189 [Listener at 0.0.0.0/43893] INFO  handler.ContextHandler (ContextHandler.java:doStart(916)) - Started o.e.j.w.WebAppContext@6e5d39b8{scm,/,file:///home/runner/work/ozone/ozone/mnt/ozone/hadoop-ozone/integration-test/target/test-classes/webapps/scm/,AVAILABLE}{file:/home/runner/work/ozone/ozone/mnt/ozone/hadoop-ozone/integration-test/target/test-classes/webapps/scm}
2021-08-04 04:52:35,191 [Listener at 0.0.0.0/43893] INFO  server.AbstractConnector (AbstractConnector.java:doStart(331)) - Started ServerConnector@5d136f97{HTTP/1.1, (http/1.1)}{0.0.0.0:44185}
2021-08-04 04:52:35,191 [Listener at 0.0.0.0/43893] INFO  server.Server (Server.java:doStart(415)) - Started @72676ms
2021-08-04 04:52:35,191 [Listener at 0.0.0.0/43893] WARN  impl.MetricsSystemImpl (MetricsSystemImpl.java:register(279)) - Sink prometheus already exists!
2021-08-04 04:52:35,192 [Listener at 0.0.0.0/43893] INFO  http.BaseHttpServer (BaseHttpServer.java:updateConnectorAddress(329)) - HTTP server of scm listening at http://0.0.0.0:44185
2021-08-04 04:52:35,192 [Listener at 0.0.0.0/43893] WARN  server.ServerUtils (ServerUtils.java:getDBPath(225)) - ozone.om.db.dirs is not configured. We recommend adding this setting. Falling back to ozone.metadata.dirs instead.
2021-08-04 04:52:35,194 [Listener at 0.0.0.0/43893] INFO  ha.OMHANodeDetails (OMHANodeDetails.java:loadOMHAConfig(112)) - ozone.om.internal.service.id is not defined, falling back to ozone.om.service.ids to find serviceID for OzoneManager if it is HA enabled cluster
2021-08-04 04:52:35,194 [Listener at 0.0.0.0/43893] INFO  ha.OMHANodeDetails (OMHANodeDetails.java:loadOMHAConfig(219)) - Configuration does not have ozone.om.address set. Falling back to the default OM address /127.0.0.1:0
2021-08-04 04:52:35,194 [Listener at 0.0.0.0/43893] INFO  ha.OMHANodeDetails (OMHANodeDetails.java:getOMNodeDetails(247)) - OM Service ID is not set. Setting it to the default ID: omServiceIdDefault
2021-08-04 04:52:35,194 [Listener at 0.0.0.0/43893] INFO  ha.OMHANodeDetails (OMHANodeDetails.java:getOMNodeDetails(254)) - OM Node ID is not set. Setting it to the default ID: om1
2021-08-04 04:52:35,195 [Listener at 0.0.0.0/43893] WARN  server.ServerUtils (ServerUtils.java:getDBPath(225)) - ozone.om.db.dirs is not configured. We recommend adding this setting. Falling back to ozone.metadata.dirs instead.
2021-08-04 04:52:35,195 [Listener at 0.0.0.0/43893] INFO  upgrade.AbstractLayoutVersionManager (AbstractLayoutVersionManager.java:init(70)) - Initializing Layout version manager with metadata layout = INITIAL_VERSION (version = 0), software layout = INITIAL_VERSION (version = 0)
2021-08-04 04:52:35,243 [Listener at 0.0.0.0/43893] INFO  reflections.Reflections (Reflections.java:scan(232)) - Reflections took 46 ms to scan 2 urls, producing 131 keys and 342 values [using 2 cores]
2021-08-04 04:52:35,243 [Listener at 0.0.0.0/43893] INFO  upgrade.OMLayoutVersionManager (OMLayoutVersionManager.java:lambda$0(116)) - Skipping Upgrade Action MockOmUpgradeAction since it has been finalized.
2021-08-04 04:52:35,243 [Listener at 0.0.0.0/43893] WARN  server.ServerUtils (ServerUtils.java:getDBPath(225)) - ozone.om.db.dirs is not configured. We recommend adding this setting. Falling back to ozone.metadata.dirs instead.
2021-08-04 04:52:35,256 [Listener at 0.0.0.0/43893] WARN  server.ServerUtils (ServerUtils.java:getDBPath(225)) - ozone.om.db.dirs is not configured. We recommend adding this setting. Falling back to ozone.metadata.dirs instead.
2021-08-04 04:52:35,256 [Listener at 0.0.0.0/43893] INFO  codec.OmKeyInfoCodec (OmKeyInfoCodec.java:<init>(51)) - OmKeyInfoCodec ignorePipeline = true
2021-08-04 04:52:35,256 [Listener at 0.0.0.0/43893] INFO  codec.RepeatedOmKeyInfoCodec (RepeatedOmKeyInfoCodec.java:<init>(42)) - RepeatedOmKeyInfoCodec ignorePipeline = true
2021-08-04 04:52:35,385 [Listener at 0.0.0.0/43893] INFO  om.OzoneManager (OzoneManager.java:addS3GVolumeToDB(4084)) - Created Volume s3v With Owner runner required for S3Gateway operations.
2021-08-04 04:52:35,385 [Listener at 0.0.0.0/43893] WARN  server.ServerUtils (ServerUtils.java:getDefaultRatisDirectory(237)) - Storage directory for Ratis is not configured. It is a good idea to map this to an SSD disk. Falling back to ozone.metadata.dirs
2021-08-04 04:52:35,385 [Listener at 0.0.0.0/43893] WARN  utils.OzoneManagerRatisUtils (OzoneManagerRatisUtils.java:getOMRatisSnapshotDirectory(391)) - ozone.om.ratis.snapshot.dir is not configured. Falling back to ozone.metadata.dirs config
2021-08-04 04:52:35,385 [Listener at 0.0.0.0/43893] WARN  impl.MetricRegistriesImpl (MetricRegistriesImpl.java:addReporterRegistration(111)) - New reporters are added after registries were created. Some metrics will be missing from the reporter. Please add reporter before adding any new registry.
2021-08-04 04:52:35,385 [Listener at 0.0.0.0/43893] WARN  impl.MetricRegistriesImpl (MetricRegistriesImpl.java:addReporterRegistration(111)) - New reporters are added after registries were created. Some metrics will be missing from the reporter. Please add reporter before adding any new registry.
2021-08-04 04:52:35,386 [Listener at 0.0.0.0/43893] WARN  server.ServerUtils (ServerUtils.java:getDefaultRatisDirectory(237)) - Storage directory for Ratis is not configured. It is a good idea to map this to an SSD disk. Falling back to ozone.metadata.dirs
2021-08-04 04:52:35,387 [Listener at 0.0.0.0/43893] INFO  ratis.OzoneManagerRatisServer (OzoneManagerRatisServer.java:<init>(158)) - Instantiating OM Ratis server with groupID: omServiceIdDefault and peers: localhost:9872
2021-08-04 04:52:35,388 [Listener at 0.0.0.0/43893] INFO  ratis.OzoneManagerStateMachine (OzoneManagerStateMachine.java:loadSnapshotInfoFromDB(605)) - LastAppliedIndex is set from TransactionInfo from OM DB as (t:0, i:~)
2021-08-04 04:52:35,388 [Listener at 0.0.0.0/43893] INFO  server.RaftServer (ConfUtils.java:logGet(44)) - raft.rpc.type = GRPC (default)
2021-08-04 04:52:35,388 [Listener at 0.0.0.0/43893] INFO  grpc.GrpcFactory (GrpcFactory.java:checkPooledByteBufAllocatorUseCacheForAllThreads(48)) - PERFORMANCE WARNING: useCacheForAllThreads is true that may cause Netty to create a lot garbage objects and, as a result, trigger GC.
	It is recommended to disable useCacheForAllThreads by setting -Dorg.apache.ratis.thirdparty.io.netty.allocator.useCacheForAllThreads=false in command line.
2021-08-04 04:52:35,388 [Listener at 0.0.0.0/43893] INFO  grpc.GrpcConfigKeys (ConfUtils.java:logGet(44)) - raft.grpc.admin.port = -1 (default)
2021-08-04 04:52:35,389 [Listener at 0.0.0.0/43893] INFO  grpc.GrpcConfigKeys (ConfUtils.java:logGet(44)) - raft.grpc.server.port = 9872 (custom)
2021-08-04 04:52:35,389 [Listener at 0.0.0.0/43893] INFO  grpc.GrpcConfigKeys (ConfUtils.java:logGet(44)) - raft.grpc.client.port = -1 (default)
2021-08-04 04:52:35,389 [Listener at 0.0.0.0/43893] INFO  grpc.GrpcConfigKeys (ConfUtils.java:logGet(44)) - raft.grpc.server.port = 9872 (custom)
2021-08-04 04:52:35,389 [Listener at 0.0.0.0/43893] INFO  grpc.GrpcConfigKeys (ConfUtils.java:logGet(44)) - raft.grpc.server.port = 9872 (custom)
2021-08-04 04:52:35,389 [Listener at 0.0.0.0/43893] INFO  server.GrpcService (ConfUtils.java:logGet(44)) - raft.grpc.message.size.max = 33554432 (custom)
2021-08-04 04:52:35,389 [Listener at 0.0.0.0/43893] INFO  server.RaftServerConfigKeys (ConfUtils.java:logGet(44)) - raft.server.log.appender.buffer.byte-limit = 33554432 (custom)
2021-08-04 04:52:35,389 [Listener at 0.0.0.0/43893] INFO  server.GrpcService (ConfUtils.java:logGet(44)) - raft.grpc.flow.control.window = 1MB (=1048576) (default)
2021-08-04 04:52:35,389 [Listener at 0.0.0.0/43893] INFO  server.RaftServerConfigKeys (ConfUtils.java:logGet(44)) - raft.server.rpc.request.timeout = 3000ms (default)
2021-08-04 04:52:35,391 [Listener at 0.0.0.0/43893] INFO  impl.DataStreamServerImpl (ConfUtils.java:logGet(44)) - raft.datastream.type = DISABLED (default)
2021-08-04 04:52:35,391 [Listener at 0.0.0.0/43893] INFO  server.RaftServerConfigKeys (ConfUtils.java:logGet(44)) - raft.server.rpc.slowness.timeout = 120s (custom)
2021-08-04 04:52:35,391 [Listener at 0.0.0.0/43893] INFO  server.RaftServerConfigKeys (ConfUtils.java:logGet(44)) - raft.server.leaderelection.leader.step-down.wait-time = 10s (default)
2021-08-04 04:52:35,391 [Listener at 0.0.0.0/43893] INFO  server.RaftServerConfigKeys (ConfUtils.java:logGet(44)) - raft.server.storage.dir = [/home/runner/work/ozone/ozone/mnt/ozone/hadoop-ozone/integration-test/target/test-dir/MiniOzoneClusterImpl-f8689e89-4432-43a3-ae55-b25b0dce3dad/ozone-meta/ratis] (custom)
2021-08-04 04:52:35,392 [Listener at 0.0.0.0/43893] INFO  server.RaftServer (RaftServerProxy.java:addNew(95)) - om1: addNew group-C5BA1605619E:[om1|rpc:localhost:9872|priority:0] returns group-C5BA1605619E:java.util.concurrent.CompletableFuture@102cbd14[Not completed]
2021-08-04 04:52:35,392 [Listener at 0.0.0.0/43893] INFO  om.OzoneManager (OzoneManager.java:initializeRatisServer(1542)) - OzoneManager Ratis server initialized at port 9872
2021-08-04 04:52:35,393 [Listener at 0.0.0.0/43893] INFO  ipc.CallQueueManager (CallQueueManager.java:<init>(90)) - Using callQueue: class java.util.concurrent.LinkedBlockingQueue, queueCapacity: 2000, scheduler: class org.apache.hadoop.ipc.DefaultRpcScheduler, ipcBackoff: false.
2021-08-04 04:52:35,394 [Socket Reader #1 for port 0] INFO  ipc.Server (Server.java:run(1265)) - Starting Socket Reader #1 for port 0
2021-08-04 04:52:35,394 [pool-181-thread-1] INFO  server.RaftServer$Division (RaftServerImpl.java:<init>(181)) - om1: new RaftServerImpl for group-C5BA1605619E:[om1|rpc:localhost:9872|priority:0] with OzoneManagerStateMachine:uninitialized
2021-08-04 04:52:35,399 [pool-181-thread-1] INFO  server.RaftServerConfigKeys (ConfUtils.java:logGet(44)) - raft.server.rpc.timeout.min = 1s (custom)
2021-08-04 04:52:35,399 [pool-181-thread-1] INFO  server.RaftServerConfigKeys (ConfUtils.java:logGet(44)) - raft.server.rpc.timeout.max = 1200ms (custom)
2021-08-04 04:52:35,399 [pool-181-thread-1] INFO  server.RaftServerConfigKeys (ConfUtils.java:logGet(44)) - raft.server.rpc.sleep.time = 25ms (default)
2021-08-04 04:52:35,399 [pool-181-thread-1] INFO  server.RaftServerConfigKeys (ConfUtils.java:logGet(44)) - raft.server.rpc.slowness.timeout = 120s (custom)
2021-08-04 04:52:35,400 [pool-181-thread-1] INFO  server.RaftServerConfigKeys (ConfUtils.java:logGet(44)) - raft.server.leaderelection.leader.step-down.wait-time = 10s (default)
2021-08-04 04:52:35,400 [pool-181-thread-1] INFO  server.RaftServerConfigKeys (ConfUtils.java:logGet(44)) - raft.server.sleep.deviation.threshold = 300ms (default)
2021-08-04 04:52:35,400 [pool-181-thread-1] INFO  server.RaftServerConfigKeys (ConfUtils.java:logGet(44)) - raft.server.log.appender.install.snapshot.enabled = false (custom)
2021-08-04 04:52:35,400 [pool-181-thread-1] INFO  server.RaftServer$Division (ServerState.java:<init>(105)) - om1@group-C5BA1605619E: ConfigurationManager, init=-1: [om1|rpc:localhost:9872|priority:0], old=null, confs=<EMPTY_MAP>
2021-08-04 04:52:35,401 [pool-181-thread-1] INFO  server.RaftServerConfigKeys (ConfUtils.java:logGet(44)) - raft.server.storage.dir = [/home/runner/work/ozone/ozone/mnt/ozone/hadoop-ozone/integration-test/target/test-dir/MiniOzoneClusterImpl-f8689e89-4432-43a3-ae55-b25b0dce3dad/ozone-meta/ratis] (custom)
2021-08-04 04:52:35,401 [pool-181-thread-1] INFO  server.RaftServerConfigKeys (ConfUtils.java:logGet(44)) - raft.server.log.corruption.policy = EXCEPTION (default)
2021-08-04 04:52:35,401 [pool-181-thread-1] INFO  server.RaftServerConfigKeys (ConfUtils.java:logGet(44)) - raft.server.storage.free-space.min = 0MB (=0) (default)
2021-08-04 04:52:35,401 [pool-181-thread-1] INFO  storage.RaftStorageDirectory (RaftStorageDirectoryImpl.java:analyzeStorage(135)) - The storage directory /home/runner/work/ozone/ozone/mnt/ozone/hadoop-ozone/integration-test/target/test-dir/MiniOzoneClusterImpl-f8689e89-4432-43a3-ae55-b25b0dce3dad/ozone-meta/ratis/bf265839-605b-3f16-9796-c5ba1605619e does not exist. Creating ...
2021-08-04 04:52:35,403 [pool-181-thread-1] INFO  storage.RaftStorageDirectory (RaftStorageDirectoryImpl.java:tryLock(230)) - Lock on /home/runner/work/ozone/ozone/mnt/ozone/hadoop-ozone/integration-test/target/test-dir/MiniOzoneClusterImpl-f8689e89-4432-43a3-ae55-b25b0dce3dad/ozone-meta/ratis/bf265839-605b-3f16-9796-c5ba1605619e/in_use.lock acquired by nodename 11023@fv-az291-261
2021-08-04 04:52:35,405 [pool-181-thread-1] INFO  storage.RaftStorage (RaftStorageImpl.java:format(89)) - Storage directory /home/runner/work/ozone/ozone/mnt/ozone/hadoop-ozone/integration-test/target/test-dir/MiniOzoneClusterImpl-f8689e89-4432-43a3-ae55-b25b0dce3dad/ozone-meta/ratis/bf265839-605b-3f16-9796-c5ba1605619e has been successfully formatted.
2021-08-04 04:52:35,405 [pool-181-thread-1] INFO  server.RaftServerConfigKeys (ConfUtils.java:logGet(44)) - raft.server.notification.no-leader.timeout = 120s (custom)
2021-08-04 04:52:35,405 [pool-181-thread-1] INFO  server.RaftServerConfigKeys (ConfUtils.java:logGet(44)) - raft.server.log.use.memory = false (default)
2021-08-04 04:52:35,406 [pool-181-thread-1] INFO  server.RaftServerConfigKeys (ConfUtils.java:logGet(44)) - raft.server.log.purge.gap = 1000000 (custom)
2021-08-04 04:52:35,406 [pool-181-thread-1] INFO  server.RaftServerConfigKeys (ConfUtils.java:logGet(44)) - raft.server.log.appender.buffer.byte-limit = 33554432 (custom)
2021-08-04 04:52:35,415 [pool-181-thread-1] INFO  server.RaftServerConfigKeys (ConfUtils.java:logGet(44)) - raft.server.log.segment.size.max = 4194304 (custom)
2021-08-04 04:52:35,416 [pool-181-thread-1] INFO  server.RaftServerConfigKeys (ConfUtils.java:logGet(44)) - raft.server.log.segment.cache.num.max = 2 (custom)
2021-08-04 04:52:35,416 [pool-181-thread-1] INFO  server.RaftServerConfigKeys (ConfUtils.java:logGet(44)) - raft.server.log.segment.cache.size.max = 200MB (=209715200) (default)
2021-08-04 04:52:35,416 [pool-181-thread-1] INFO  segmented.SegmentedRaftLogWorker (SegmentedRaftLogWorker.java:<init>(182)) - new om1@group-C5BA1605619E-SegmentedRaftLogWorker for RaftStorageImpl:Storage Directory /home/runner/work/ozone/ozone/mnt/ozone/hadoop-ozone/integration-test/target/test-dir/MiniOzoneClusterImpl-f8689e89-4432-43a3-ae55-b25b0dce3dad/ozone-meta/ratis/bf265839-605b-3f16-9796-c5ba1605619e
2021-08-04 04:52:35,416 [pool-181-thread-1] INFO  server.RaftServerConfigKeys (ConfUtils.java:logGet(44)) - raft.server.log.queue.byte-limit = 64MB (=67108864) (default)
2021-08-04 04:52:35,416 [pool-181-thread-1] INFO  server.RaftServerConfigKeys (ConfUtils.java:logGet(44)) - raft.server.log.queue.element-limit = 4096 (default)
2021-08-04 04:52:35,416 [pool-181-thread-1] INFO  server.RaftServerConfigKeys (ConfUtils.java:logGet(44)) - raft.server.log.segment.size.max = 4194304 (custom)
2021-08-04 04:52:35,416 [pool-181-thread-1] INFO  server.RaftServerConfigKeys (ConfUtils.java:logGet(44)) - raft.server.log.preallocated.size = 4194304 (custom)
2021-08-04 04:52:35,417 [pool-181-thread-1] INFO  server.RaftServerConfigKeys (ConfUtils.java:logGet(44)) - raft.server.log.force.sync.num = 128 (default)
2021-08-04 04:52:35,417 [pool-181-thread-1] INFO  server.RaftServerConfigKeys (ConfUtils.java:logGet(44)) - raft.server.log.statemachine.data.sync = true (default)
2021-08-04 04:52:35,417 [pool-181-thread-1] INFO  server.RaftServerConfigKeys (ConfUtils.java:logGet(44)) - raft.server.log.statemachine.data.sync.timeout = 10s (default)
2021-08-04 04:52:35,417 [pool-181-thread-1] INFO  server.RaftServerConfigKeys (ConfUtils.java:logGet(44)) - raft.server.log.statemachine.data.sync.timeout.retry = -1 (default)
2021-08-04 04:52:35,418 [Listener at 127.0.0.1/34825] INFO  om.OzoneManager (OzoneManager.java:initFSOLayout(4290)) - Configured ozone.om.metadata.layout=SIMPLE and disabled optimized OM FS operations
2021-08-04 04:52:35,418 [Listener at 127.0.0.1/34825] INFO  impl.MetricsSystemImpl (MetricsSystemImpl.java:init(158)) - OzoneManager metrics system started (again)
2021-08-04 04:52:35,430 [Listener at 127.0.0.1/34825] INFO  om.OzoneManager (OzoneManager.java:start(1239)) - OzoneManager RPC server is listening at localhost/127.0.0.1:34825
2021-08-04 04:52:35,430 [Listener at 127.0.0.1/34825] INFO  ratis.OzoneManagerRatisServer (OzoneManagerRatisServer.java:start(516)) - Starting OzoneManagerRatisServer om1 at port 9872
2021-08-04 04:52:35,435 [pool-181-thread-1] INFO  server.RaftServerConfigKeys (ConfUtils.java:logGet(44)) - raft.server.log.write.buffer.size = 64KB (=65536) (default)
2021-08-04 04:52:35,435 [pool-181-thread-1] INFO  server.RaftServerConfigKeys (ConfUtils.java:logGet(44)) - raft.server.log.statemachine.data.caching.enabled = false (default)
2021-08-04 04:52:35,435 [pool-181-thread-1] INFO  segmented.SegmentedRaftLogWorker (SegmentedRaftLogWorker.java:lambda$new$0(133)) - om1@group-C5BA1605619E-SegmentedRaftLogWorker: flushIndex: setUnconditionally 0 -> -1
2021-08-04 04:52:35,435 [pool-181-thread-1] INFO  segmented.SegmentedRaftLogWorker (SegmentedRaftLogWorker.java:lambda$new$0(133)) - om1@group-C5BA1605619E-SegmentedRaftLogWorker: safeCacheEvictIndex: setUnconditionally 0 -> -1
2021-08-04 04:52:35,436 [pool-181-thread-1] INFO  server.RaftServerConfigKeys (ConfUtils.java:logGet(44)) - raft.server.snapshot.auto.trigger.enabled = true (custom)
2021-08-04 04:52:35,436 [pool-181-thread-1] INFO  server.RaftServerConfigKeys (ConfUtils.java:logGet(44)) - raft.server.snapshot.auto.trigger.threshold = 400000 (default)
2021-08-04 04:52:35,436 [pool-181-thread-1] INFO  server.RaftServerConfigKeys (ConfUtils.java:logGet(44)) - raft.server.snapshot.retention.file.num = -1 (default)
2021-08-04 04:52:35,436 [pool-181-thread-1] INFO  server.RaftServerConfigKeys (ConfUtils.java:logGet(44)) - raft.server.log.purge.upto.snapshot.index = true (custom)
2021-08-04 04:52:35,436 [pool-181-thread-1] INFO  server.RaftServerConfigKeys (ConfUtils.java:logGet(44)) - raft.server.retrycache.expirytime = 300s (custom)
2021-08-04 04:52:35,436 [pool-181-thread-1] INFO  server.RaftServerConfigKeys (ConfUtils.java:logGet(44)) - raft.server.retrycache.statistics.expirytime = 100μs (default)
2021-08-04 04:52:35,437 [Listener at 127.0.0.1/34825] INFO  server.RaftServer$Division (RaftServerImpl.java:start(296)) - om1@group-C5BA1605619E: start as a follower, conf=-1: [om1|rpc:localhost:9872|priority:0], old=null
2021-08-04 04:52:35,437 [Listener at 127.0.0.1/34825] INFO  server.RaftServer$Division (RaftServerImpl.java:setRole(285)) - om1@group-C5BA1605619E: changes role from      null to FOLLOWER at term 0 for startAsFollower
2021-08-04 04:52:35,437 [Listener at 127.0.0.1/34825] INFO  impl.RoleInfo (RoleInfo.java:updateAndGet(130)) - om1: start om1@group-C5BA1605619E-FollowerState
2021-08-04 04:52:35,438 [Listener at 127.0.0.1/34825] INFO  util.JmxRegister (JmxRegister.java:tryRegister(44)) - Successfully registered JMX Bean with object name Ratis:service=RaftServer,group=group-C5BA1605619E,id=om1
2021-08-04 04:52:35,438 [Listener at 127.0.0.1/34825] INFO  server.RaftServer (RaftServerProxy.java:lambda$start$5(374)) - om1: start RPC server
2021-08-04 04:52:35,439 [Listener at 127.0.0.1/34825] INFO  server.GrpcService (GrpcService.java:startImpl(253)) - om1: GrpcService started, listening on 9872
2021-08-04 04:52:35,440 [Listener at 127.0.0.1/34825] INFO  om.OzoneManager (OzoneManager.java:start(1257)) - Version File has different layout version (0) than OM DB (null). That is expected if this OM has never been finalized to a newer layout version.
2021-08-04 04:52:35,440 [org.apache.ratis.util.JvmPauseMonitor$$Lambda$530/46818722@7a5fcd18] INFO  util.JvmPauseMonitor (JvmPauseMonitor.java:run(103)) - JvmPauseMonitor-om1: Started
2021-08-04 04:52:35,443 [Listener at 127.0.0.1/34825] INFO  http.BaseHttpServer (BaseHttpServer.java:newHttpServer2BuilderForOzone(209)) - Starting Web-server for ozoneManager at: http://0.0.0.0:0
2021-08-04 04:52:35,443 [Listener at 127.0.0.1/34825] INFO  http.BaseHttpServer (BaseHttpServer.java:<init>(107)) - Hadoop Security Enabled: false Ozone Security Enabled: false Ozone HTTP Security Enabled: false 
2021-08-04 04:52:35,445 [Listener at 127.0.0.1/34825] INFO  server.AuthenticationFilter (AuthenticationFilter.java:constructSecretProvider(240)) - Unable to initialize FileSignerSecretProvider, falling back to use random secrets.
2021-08-04 04:52:35,448 [Listener at 127.0.0.1/34825] WARN  http.HttpRequestLog (HttpRequestLog.java:getRequestLog(103)) - Jetty request log can only be enabled using Log4j
2021-08-04 04:52:35,449 [Listener at 127.0.0.1/34825] INFO  http.HttpServer2 (HttpServer2.java:addGlobalFilter(1020)) - Added global filter 'safety' (class=org.apache.hadoop.hdds.server.http.HttpServer2$QuotingInputFilter)
2021-08-04 04:52:35,450 [Listener at 127.0.0.1/34825] INFO  http.HttpServer2 (HttpServer2.java:addFilter(996)) - Added filter static_user_filter (class=org.apache.hadoop.http.lib.StaticUserWebFilter$StaticUserFilter) to context ozoneManager
2021-08-04 04:52:35,451 [Listener at 127.0.0.1/34825] INFO  http.HttpServer2 (HttpServer2.java:addFilter(1004)) - Added filter static_user_filter (class=org.apache.hadoop.http.lib.StaticUserWebFilter$StaticUserFilter) to context static
2021-08-04 04:52:35,451 [Listener at 127.0.0.1/34825] INFO  http.HttpServer2 (HttpServer2.java:addFilter(1004)) - Added filter static_user_filter (class=org.apache.hadoop.http.lib.StaticUserWebFilter$StaticUserFilter) to context logs
2021-08-04 04:52:35,453 [Listener at 127.0.0.1/34825] INFO  http.HttpServer2 (HttpServer2.java:bindListener(1239)) - Jetty bound to port 42571
2021-08-04 04:52:35,454 [Listener at 127.0.0.1/34825] INFO  server.Server (Server.java:doStart(375)) - jetty-9.4.35.v20201120; built: 2020-11-20T21:17:03.964Z; git: bdc54f03a5e0a7e280fab27f55c3c75ee8da89fb; jvm 1.8.0_292-b10
2021-08-04 04:52:35,455 [Listener at 127.0.0.1/34825] INFO  server.session (DefaultSessionIdManager.java:doStart(334)) - DefaultSessionIdManager workerName=node0
2021-08-04 04:52:35,455 [Listener at 127.0.0.1/34825] INFO  server.session (DefaultSessionIdManager.java:doStart(339)) - No SessionScavenger set, using defaults
2021-08-04 04:52:35,455 [Listener at 127.0.0.1/34825] INFO  server.session (HouseKeeper.java:startScavenging(132)) - node0 Scavenging every 600000ms
2021-08-04 04:52:35,457 [Listener at 127.0.0.1/34825] INFO  handler.ContextHandler (ContextHandler.java:doStart(916)) - Started o.e.j.s.ServletContextHandler@4601734d{logs,/logs,file:///home/runner/work/ozone/ozone/mnt/ozone/hadoop-ozone/integration-test/target/log,AVAILABLE}
2021-08-04 04:52:35,458 [Listener at 127.0.0.1/34825] INFO  handler.ContextHandler (ContextHandler.java:doStart(916)) - Started o.e.j.s.ServletContextHandler@5b15ac1f{static,/static,file:///home/runner/work/ozone/ozone/mnt/ozone/hadoop-ozone/integration-test/target/test-classes/webapps/static,AVAILABLE}
2021-08-04 04:52:35,466 [Listener at 127.0.0.1/34825] INFO  handler.ContextHandler (ContextHandler.java:doStart(916)) - Started o.e.j.w.WebAppContext@2574044a{ozoneManager,/,file:///home/runner/work/ozone/ozone/mnt/ozone/hadoop-ozone/integration-test/target/test-classes/webapps/ozoneManager/,AVAILABLE}{file:/home/runner/work/ozone/ozone/mnt/ozone/hadoop-ozone/integration-test/target/test-classes/webapps/ozoneManager}
2021-08-04 04:52:35,468 [Listener at 127.0.0.1/34825] INFO  server.AbstractConnector (AbstractConnector.java:doStart(331)) - Started ServerConnector@330d273b{HTTP/1.1, (http/1.1)}{0.0.0.0:42571}
2021-08-04 04:52:35,468 [Listener at 127.0.0.1/34825] INFO  server.Server (Server.java:doStart(415)) - Started @72953ms
2021-08-04 04:52:35,468 [Listener at 127.0.0.1/34825] WARN  impl.MetricsSystemImpl (MetricsSystemImpl.java:register(279)) - Sink prometheus already exists!
2021-08-04 04:52:35,471 [Listener at 127.0.0.1/34825] INFO  http.BaseHttpServer (BaseHttpServer.java:updateConnectorAddress(329)) - HTTP server of ozoneManager listening at http://0.0.0.0:42571
2021-08-04 04:52:35,472 [IPC Server Responder] INFO  ipc.Server (Server.java:run(1507)) - IPC Server Responder: starting
2021-08-04 04:52:35,475 [IPC Server listener on 0] INFO  ipc.Server (Server.java:run(1344)) - IPC Server listener on 0: starting
2021-08-04 04:52:35,481 [Listener at 127.0.0.1/34825] INFO  om.OzoneManager (OzoneManager.java:startTrashEmptier(1500)) - Trash Interval set to 0. Files deleted will not move to trash
2021-08-04 04:52:35,481 [org.apache.hadoop.util.JvmPauseMonitor$Monitor@7042162c] INFO  util.JvmPauseMonitor (JvmPauseMonitor.java:run(188)) - Starting JVM pause monitor
2021-08-04 04:52:35,494 [Listener at 127.0.0.1/34825] WARN  impl.MetricRegistriesImpl (MetricRegistriesImpl.java:addReporterRegistration(111)) - New reporters are added after registries were created. Some metrics will be missing from the reporter. Please add reporter before adding any new registry.
2021-08-04 04:52:35,494 [Listener at 127.0.0.1/34825] WARN  impl.MetricRegistriesImpl (MetricRegistriesImpl.java:addReporterRegistration(111)) - New reporters are added after registries were created. Some metrics will be missing from the reporter. Please add reporter before adding any new registry.
2021-08-04 04:52:35,494 [Listener at 127.0.0.1/34825] INFO  impl.MetricsSystemImpl (MetricsSystemImpl.java:init(158)) - HddsDatanode metrics system started (again)
2021-08-04 04:52:35,507 [Listener at 127.0.0.1/34825] INFO  ozone.HddsDatanodeService (HddsDatanodeService.java:start(234)) - HddsDatanodeService host:fv-az291-261.wgnan5asplgejimfprtllbpdch.jx.internal.cloudapp.net ip:10.1.0.14
2021-08-04 04:52:35,533 [Listener at 127.0.0.1/34825] INFO  upgrade.AbstractLayoutVersionManager (AbstractLayoutVersionManager.java:init(70)) - Initializing Layout version manager with metadata layout = INITIAL_VERSION (version = 0), software layout = SCM_HA (version = 2)
2021-08-04 04:52:35,571 [Listener at 127.0.0.1/34825] INFO  reflections.Reflections (Reflections.java:scan(232)) - Reflections took 36 ms to scan 7 urls, producing 120 keys and 273 values 
2021-08-04 04:52:35,572 [Listener at 127.0.0.1/34825] INFO  upgrade.HDDSLayoutVersionManager (HDDSLayoutVersionManager.java:lambda$registerUpgradeActions$0(76)) - Registering Upgrade Action : DatanodeSchemaV2FinalizeAction
2021-08-04 04:52:35,572 [Listener at 127.0.0.1/34825] INFO  upgrade.HDDSLayoutVersionManager (HDDSLayoutVersionManager.java:lambda$registerUpgradeActions$0(76)) - Registering Upgrade Action : ScmOnFinalizeActionForDatanodeSchemaV2
2021-08-04 04:52:35,572 [Listener at 127.0.0.1/34825] INFO  upgrade.HDDSLayoutVersionManager (HDDSLayoutVersionManager.java:lambda$registerUpgradeActions$0(76)) - Registering Upgrade Action : ScmHAFirstUpgradeLayoutChangeAction
2021-08-04 04:52:35,572 [Listener at 127.0.0.1/34825] INFO  upgrade.HDDSLayoutVersionManager (HDDSLayoutVersionManager.java:lambda$registerUpgradeActions$0(76)) - Registering Upgrade Action : ScmHAUnfinalizedStateValidationAction
2021-08-04 04:52:35,574 [Listener at 127.0.0.1/34825] INFO  volume.HddsVolume (HddsVolume.java:<init>(120)) - Creating HddsVolume: /home/runner/work/ozone/ozone/mnt/ozone/hadoop-ozone/integration-test/target/test-dir/MiniOzoneClusterImpl-f8689e89-4432-43a3-ae55-b25b0dce3dad/datanode-0/data-0/containers/hdds of storage type : DISK capacity : 9223372036854775807
2021-08-04 04:52:35,574 [Listener at 127.0.0.1/34825] INFO  volume.MutableVolumeSet (MutableVolumeSet.java:initializeVolumeSet(181)) - Added Volume : /home/runner/work/ozone/ozone/mnt/ozone/hadoop-ozone/integration-test/target/test-dir/MiniOzoneClusterImpl-f8689e89-4432-43a3-ae55-b25b0dce3dad/datanode-0/data-0/containers/hdds to VolumeSet
2021-08-04 04:52:35,574 [Listener at 127.0.0.1/34825] INFO  volume.ThrottledAsyncChecker (ThrottledAsyncChecker.java:schedule(141)) - Scheduling a check for /home/runner/work/ozone/ozone/mnt/ozone/hadoop-ozone/integration-test/target/test-dir/MiniOzoneClusterImpl-f8689e89-4432-43a3-ae55-b25b0dce3dad/datanode-0/data-0/containers/hdds
2021-08-04 04:52:35,578 [Listener at 127.0.0.1/34825] INFO  volume.StorageVolumeChecker (StorageVolumeChecker.java:checkAllVolumes(202)) - Scheduled health check for volume /home/runner/work/ozone/ozone/mnt/ozone/hadoop-ozone/integration-test/target/test-dir/MiniOzoneClusterImpl-f8689e89-4432-43a3-ae55-b25b0dce3dad/datanode-0/data-0/containers/hdds
2021-08-04 04:52:35,591 [Listener at 127.0.0.1/34825] INFO  volume.MutableVolumeSet (MutableVolumeSet.java:initializeVolumeSet(181)) - Added Volume : /home/runner/work/ozone/ozone/mnt/ozone/hadoop-ozone/integration-test/target/test-dir/MiniOzoneClusterImpl-f8689e89-4432-43a3-ae55-b25b0dce3dad/datanode-0/data/ratis to VolumeSet
2021-08-04 04:52:35,592 [Listener at 127.0.0.1/34825] INFO  volume.ThrottledAsyncChecker (ThrottledAsyncChecker.java:schedule(141)) - Scheduling a check for /home/runner/work/ozone/ozone/mnt/ozone/hadoop-ozone/integration-test/target/test-dir/MiniOzoneClusterImpl-f8689e89-4432-43a3-ae55-b25b0dce3dad/datanode-0/data/ratis
2021-08-04 04:52:35,592 [Listener at 127.0.0.1/34825] INFO  volume.StorageVolumeChecker (StorageVolumeChecker.java:checkAllVolumes(202)) - Scheduled health check for volume /home/runner/work/ozone/ozone/mnt/ozone/hadoop-ozone/integration-test/target/test-dir/MiniOzoneClusterImpl-f8689e89-4432-43a3-ae55-b25b0dce3dad/datanode-0/data/ratis
2021-08-04 04:52:35,604 [Listener at 127.0.0.1/34825] INFO  ozoneimpl.ContainerReader (ContainerReader.java:<init>(98)) - Running in upgrade mode:true
2021-08-04 04:52:35,604 [Thread-532] INFO  ozoneimpl.ContainerReader (ContainerReader.java:readVolume(142)) - Start to verify containers on volume /home/runner/work/ozone/ozone/mnt/ozone/hadoop-ozone/integration-test/target/test-dir/MiniOzoneClusterImpl-f8689e89-4432-43a3-ae55-b25b0dce3dad/datanode-0/data-0/containers/hdds
2021-08-04 04:52:35,604 [Thread-532] INFO  ozoneimpl.ContainerReader (ContainerReader.java:readVolume(174)) - Finish verifying containers on volume /home/runner/work/ozone/ozone/mnt/ozone/hadoop-ozone/integration-test/target/test-dir/MiniOzoneClusterImpl-f8689e89-4432-43a3-ae55-b25b0dce3dad/datanode-0/data-0/containers/hdds
2021-08-04 04:52:35,604 [Listener at 127.0.0.1/34825] INFO  ozoneimpl.OzoneContainer (OzoneContainer.java:buildContainerSet(237)) - Build ContainerSet costs 0s
2021-08-04 04:52:35,607 [Listener at 127.0.0.1/34825] INFO  server.RaftServer (ConfUtils.java:logGet(44)) - raft.rpc.type = GRPC (default)
2021-08-04 04:52:35,607 [Listener at 127.0.0.1/34825] INFO  grpc.GrpcFactory (GrpcFactory.java:checkPooledByteBufAllocatorUseCacheForAllThreads(48)) - PERFORMANCE WARNING: useCacheForAllThreads is true that may cause Netty to create a lot garbage objects and, as a result, trigger GC.
	It is recommended to disable useCacheForAllThreads by setting -Dorg.apache.ratis.thirdparty.io.netty.allocator.useCacheForAllThreads=false in command line.
2021-08-04 04:52:35,607 [Listener at 127.0.0.1/34825] INFO  grpc.GrpcConfigKeys (ConfUtils.java:logGet(44)) - raft.grpc.admin.port = 0 (custom)
2021-08-04 04:52:35,607 [Listener at 127.0.0.1/34825] INFO  grpc.GrpcConfigKeys (ConfUtils.java:logGet(44)) - raft.grpc.client.port = 0 (custom)
2021-08-04 04:52:35,607 [Listener at 127.0.0.1/34825] INFO  grpc.GrpcConfigKeys (ConfUtils.java:logGet(44)) - raft.grpc.server.port = 0 (default)
2021-08-04 04:52:35,607 [Listener at 127.0.0.1/34825] INFO  server.GrpcService (ConfUtils.java:logGet(44)) - raft.grpc.message.size.max = 32MB (=33554432) (custom)
2021-08-04 04:52:35,607 [Listener at 127.0.0.1/34825] INFO  server.RaftServerConfigKeys (ConfUtils.java:logGet(44)) - raft.server.log.appender.buffer.byte-limit = 33554432 (custom)
2021-08-04 04:52:35,607 [Listener at 127.0.0.1/34825] INFO  server.GrpcService (ConfUtils.java:logGet(44)) - raft.grpc.flow.control.window = 5MB (=5242880) (custom)
2021-08-04 04:52:35,608 [Listener at 127.0.0.1/34825] INFO  server.RaftServerConfigKeys (ConfUtils.java:logGet(44)) - raft.server.rpc.request.timeout = 60s (custom)
2021-08-04 04:52:35,608 [Listener at 127.0.0.1/34825] INFO  impl.DataStreamServerImpl (ConfUtils.java:logGet(44)) - raft.datastream.type = DISABLED (default)
2021-08-04 04:52:35,609 [Listener at 127.0.0.1/34825] INFO  server.RaftServerConfigKeys (ConfUtils.java:logGet(44)) - raft.server.rpc.slowness.timeout = 300s (custom)
2021-08-04 04:52:35,609 [Listener at 127.0.0.1/34825] INFO  server.RaftServerConfigKeys (ConfUtils.java:logGet(44)) - raft.server.leaderelection.leader.step-down.wait-time = 10s (default)
2021-08-04 04:52:35,609 [Listener at 127.0.0.1/34825] INFO  server.RaftServerConfigKeys (ConfUtils.java:logGet(44)) - raft.server.storage.dir = [/home/runner/work/ozone/ozone/mnt/ozone/hadoop-ozone/integration-test/target/test-dir/MiniOzoneClusterImpl-f8689e89-4432-43a3-ae55-b25b0dce3dad/datanode-0/data/ratis] (custom)
2021-08-04 04:52:35,614 [Listener at 127.0.0.1/34825] INFO  http.BaseHttpServer (BaseHttpServer.java:newHttpServer2BuilderForOzone(209)) - Starting Web-server for hddsDatanode at: http://0.0.0.0:0
2021-08-04 04:52:35,614 [Listener at 127.0.0.1/34825] INFO  http.BaseHttpServer (BaseHttpServer.java:<init>(107)) - Hadoop Security Enabled: false Ozone Security Enabled: false Ozone HTTP Security Enabled: false 
2021-08-04 04:52:35,616 [Listener at 127.0.0.1/34825] INFO  server.AuthenticationFilter (AuthenticationFilter.java:constructSecretProvider(240)) - Unable to initialize FileSignerSecretProvider, falling back to use random secrets.
2021-08-04 04:52:35,623 [Listener at 127.0.0.1/34825] WARN  http.HttpRequestLog (HttpRequestLog.java:getRequestLog(103)) - Jetty request log can only be enabled using Log4j
2021-08-04 04:52:35,624 [Listener at 127.0.0.1/34825] INFO  http.HttpServer2 (HttpServer2.java:addGlobalFilter(1020)) - Added global filter 'safety' (class=org.apache.hadoop.hdds.server.http.HttpServer2$QuotingInputFilter)
2021-08-04 04:52:35,625 [Listener at 127.0.0.1/34825] INFO  http.HttpServer2 (HttpServer2.java:addFilter(996)) - Added filter static_user_filter (class=org.apache.hadoop.http.lib.StaticUserWebFilter$StaticUserFilter) to context hddsDatanode
2021-08-04 04:52:35,626 [Listener at 127.0.0.1/34825] INFO  http.HttpServer2 (HttpServer2.java:addFilter(1004)) - Added filter static_user_filter (class=org.apache.hadoop.http.lib.StaticUserWebFilter$StaticUserFilter) to context static
2021-08-04 04:52:35,626 [Listener at 127.0.0.1/34825] INFO  http.HttpServer2 (HttpServer2.java:addFilter(1004)) - Added filter static_user_filter (class=org.apache.hadoop.http.lib.StaticUserWebFilter$StaticUserFilter) to context logs
2021-08-04 04:52:35,626 [Listener at 127.0.0.1/34825] INFO  http.HttpServer2 (HttpServer2.java:bindListener(1239)) - Jetty bound to port 33007
2021-08-04 04:52:35,627 [Listener at 127.0.0.1/34825] INFO  server.Server (Server.java:doStart(375)) - jetty-9.4.35.v20201120; built: 2020-11-20T21:17:03.964Z; git: bdc54f03a5e0a7e280fab27f55c3c75ee8da89fb; jvm 1.8.0_292-b10
2021-08-04 04:52:35,628 [Listener at 127.0.0.1/34825] INFO  server.session (DefaultSessionIdManager.java:doStart(334)) - DefaultSessionIdManager workerName=node0
2021-08-04 04:52:35,628 [Listener at 127.0.0.1/34825] INFO  server.session (DefaultSessionIdManager.java:doStart(339)) - No SessionScavenger set, using defaults
2021-08-04 04:52:35,628 [Listener at 127.0.0.1/34825] INFO  server.session (HouseKeeper.java:startScavenging(132)) - node0 Scavenging every 660000ms
2021-08-04 04:52:35,629 [Listener at 127.0.0.1/34825] INFO  handler.ContextHandler (ContextHandler.java:doStart(916)) - Started o.e.j.s.ServletContextHandler@773b2500{logs,/logs,file:///home/runner/work/ozone/ozone/mnt/ozone/hadoop-ozone/integration-test/target/log,AVAILABLE}
2021-08-04 04:52:35,629 [Listener at 127.0.0.1/34825] INFO  handler.ContextHandler (ContextHandler.java:doStart(916)) - Started o.e.j.s.ServletContextHandler@400e6d9{static,/static,jar:file:/home/runner/.m2/repository/org/apache/ozone/hdds-container-service/1.2.0-SNAPSHOT/hdds-container-service-1.2.0-SNAPSHOT.jar!/webapps/static,AVAILABLE}
2021-08-04 04:52:35,670 [Listener at 127.0.0.1/34825] INFO  handler.ContextHandler (ContextHandler.java:doStart(916)) - Started o.e.j.w.WebAppContext@9d9f611{hddsDatanode,/,file:///tmp/jetty-0_0_0_0-33007-hdds-container-service-1_2_0-SNAPSHOT_jar-_-any-7846244137771088186/webapp/,AVAILABLE}{jar:file:/home/runner/.m2/repository/org/apache/ozone/hdds-container-service/1.2.0-SNAPSHOT/hdds-container-service-1.2.0-SNAPSHOT.jar!/webapps/hddsDatanode}
2021-08-04 04:52:35,672 [Listener at 127.0.0.1/34825] INFO  server.AbstractConnector (AbstractConnector.java:doStart(331)) - Started ServerConnector@52ded990{HTTP/1.1, (http/1.1)}{0.0.0.0:33007}
2021-08-04 04:52:35,672 [Listener at 127.0.0.1/34825] INFO  server.Server (Server.java:doStart(415)) - Started @73157ms
2021-08-04 04:52:35,672 [Listener at 127.0.0.1/34825] WARN  impl.MetricsSystemImpl (MetricsSystemImpl.java:register(279)) - Sink prometheus already exists!
2021-08-04 04:52:35,673 [Listener at 127.0.0.1/34825] INFO  http.BaseHttpServer (BaseHttpServer.java:updateConnectorAddress(329)) - HTTP server of hddsDatanode listening at http://0.0.0.0:33007
2021-08-04 04:52:35,675 [Listener at 127.0.0.1/34825] WARN  impl.MetricRegistriesImpl (MetricRegistriesImpl.java:addReporterRegistration(111)) - New reporters are added after registries were created. Some metrics will be missing from the reporter. Please add reporter before adding any new registry.
2021-08-04 04:52:35,676 [Listener at 127.0.0.1/34825] WARN  impl.MetricRegistriesImpl (MetricRegistriesImpl.java:addReporterRegistration(111)) - New reporters are added after registries were created. Some metrics will be missing from the reporter. Please add reporter before adding any new registry.
2021-08-04 04:52:35,676 [Listener at 127.0.0.1/34825] INFO  impl.MetricsSystemImpl (MetricsSystemImpl.java:init(158)) - HddsDatanode metrics system started (again)
2021-08-04 04:52:35,683 [Datanode State Machine Thread - 0] INFO  upgrade.UpgradeFinalizer (BasicUpgradeFinalizer.java:runPrefinalizeStateActions(234)) - Running pre-finalized state validations for unfinalized layout features.
2021-08-04 04:52:35,684 [Datanode State Machine Thread - 0] INFO  upgrade.UpgradeFinalizer (BasicUpgradeFinalizer.java:runPrefinalizeStateActions(247)) - Running first upgrade commands for unfinalized layout features.
2021-08-04 04:52:35,684 [Datanode State Machine Thread - 0] INFO  upgrade.UpgradeFinalizer (BasicUpgradeFinalizer.java:runFirstUpgradeAction(280)) - Executing first upgrade start action ScmHAFirstUpgradeLayoutChangeAction
2021-08-04 04:52:35,684 [Datanode State Machine Thread - 0] INFO  upgrade.ScmHAFirstUpgradeLayoutChangeAction (ScmHAFirstUpgradeLayoutChangeAction.java:execute(43)) - Upgrade Datanode container layout for SCM HA support.
2021-08-04 04:52:35,691 [Listener at 127.0.0.1/34825] INFO  ozone.HddsDatanodeService (HddsDatanodeService.java:start(234)) - HddsDatanodeService host:fv-az291-261.wgnan5asplgejimfprtllbpdch.jx.internal.cloudapp.net ip:10.1.0.14
2021-08-04 04:52:35,693 [org.apache.hadoop.util.JvmPauseMonitor$Monitor@1bf99d46] INFO  util.JvmPauseMonitor (JvmPauseMonitor.java:run(188)) - Starting JVM pause monitor
2021-08-04 04:52:35,707 [Datanode State Machine Task Thread - 0] INFO  datanode.InitDatanodeState (InitDatanodeState.java:persistContainerDatanodeDetails(145)) - DatanodeDetails is persisted to /home/runner/work/ozone/ozone/mnt/ozone/hadoop-ozone/integration-test/target/test-dir/MiniOzoneClusterImpl-f8689e89-4432-43a3-ae55-b25b0dce3dad/datanode-0/meta/datanode.id
2021-08-04 04:52:35,718 [Listener at 127.0.0.1/34825] INFO  upgrade.AbstractLayoutVersionManager (AbstractLayoutVersionManager.java:init(70)) - Initializing Layout version manager with metadata layout = INITIAL_VERSION (version = 0), software layout = SCM_HA (version = 2)
2021-08-04 04:52:35,756 [Listener at 127.0.0.1/34825] INFO  reflections.Reflections (Reflections.java:scan(232)) - Reflections took 37 ms to scan 7 urls, producing 120 keys and 273 values 
2021-08-04 04:52:35,758 [Listener at 127.0.0.1/34825] INFO  upgrade.HDDSLayoutVersionManager (HDDSLayoutVersionManager.java:lambda$registerUpgradeActions$0(76)) - Registering Upgrade Action : DatanodeSchemaV2FinalizeAction
2021-08-04 04:52:35,758 [Listener at 127.0.0.1/34825] INFO  upgrade.HDDSLayoutVersionManager (HDDSLayoutVersionManager.java:lambda$registerUpgradeActions$0(76)) - Registering Upgrade Action : ScmOnFinalizeActionForDatanodeSchemaV2
2021-08-04 04:52:35,758 [Listener at 127.0.0.1/34825] INFO  upgrade.HDDSLayoutVersionManager (HDDSLayoutVersionManager.java:lambda$registerUpgradeActions$0(76)) - Registering Upgrade Action : ScmHAFirstUpgradeLayoutChangeAction
2021-08-04 04:52:35,758 [Listener at 127.0.0.1/34825] INFO  upgrade.HDDSLayoutVersionManager (HDDSLayoutVersionManager.java:lambda$registerUpgradeActions$0(76)) - Registering Upgrade Action : ScmHAUnfinalizedStateValidationAction
2021-08-04 04:52:35,760 [Listener at 127.0.0.1/34825] INFO  volume.HddsVolume (HddsVolume.java:<init>(120)) - Creating HddsVolume: /home/runner/work/ozone/ozone/mnt/ozone/hadoop-ozone/integration-test/target/test-dir/MiniOzoneClusterImpl-f8689e89-4432-43a3-ae55-b25b0dce3dad/datanode-1/data-0/containers/hdds of storage type : DISK capacity : 9223372036854775807
2021-08-04 04:52:35,761 [Listener at 127.0.0.1/34825] INFO  volume.MutableVolumeSet (MutableVolumeSet.java:initializeVolumeSet(181)) - Added Volume : /home/runner/work/ozone/ozone/mnt/ozone/hadoop-ozone/integration-test/target/test-dir/MiniOzoneClusterImpl-f8689e89-4432-43a3-ae55-b25b0dce3dad/datanode-1/data-0/containers/hdds to VolumeSet
2021-08-04 04:52:35,761 [Listener at 127.0.0.1/34825] INFO  volume.ThrottledAsyncChecker (ThrottledAsyncChecker.java:schedule(141)) - Scheduling a check for /home/runner/work/ozone/ozone/mnt/ozone/hadoop-ozone/integration-test/target/test-dir/MiniOzoneClusterImpl-f8689e89-4432-43a3-ae55-b25b0dce3dad/datanode-1/data-0/containers/hdds
2021-08-04 04:52:35,761 [Listener at 127.0.0.1/34825] INFO  volume.StorageVolumeChecker (StorageVolumeChecker.java:checkAllVolumes(202)) - Scheduled health check for volume /home/runner/work/ozone/ozone/mnt/ozone/hadoop-ozone/integration-test/target/test-dir/MiniOzoneClusterImpl-f8689e89-4432-43a3-ae55-b25b0dce3dad/datanode-1/data-0/containers/hdds
2021-08-04 04:52:35,775 [Listener at 127.0.0.1/34825] INFO  volume.MutableVolumeSet (MutableVolumeSet.java:initializeVolumeSet(181)) - Added Volume : /home/runner/work/ozone/ozone/mnt/ozone/hadoop-ozone/integration-test/target/test-dir/MiniOzoneClusterImpl-f8689e89-4432-43a3-ae55-b25b0dce3dad/datanode-1/data/ratis to VolumeSet
2021-08-04 04:52:35,776 [Listener at 127.0.0.1/34825] INFO  volume.ThrottledAsyncChecker (ThrottledAsyncChecker.java:schedule(141)) - Scheduling a check for /home/runner/work/ozone/ozone/mnt/ozone/hadoop-ozone/integration-test/target/test-dir/MiniOzoneClusterImpl-f8689e89-4432-43a3-ae55-b25b0dce3dad/datanode-1/data/ratis
2021-08-04 04:52:35,776 [Listener at 127.0.0.1/34825] INFO  volume.StorageVolumeChecker (StorageVolumeChecker.java:checkAllVolumes(202)) - Scheduled health check for volume /home/runner/work/ozone/ozone/mnt/ozone/hadoop-ozone/integration-test/target/test-dir/MiniOzoneClusterImpl-f8689e89-4432-43a3-ae55-b25b0dce3dad/datanode-1/data/ratis
2021-08-04 04:52:35,789 [Listener at 127.0.0.1/34825] INFO  ozoneimpl.ContainerReader (ContainerReader.java:<init>(98)) - Running in upgrade mode:true
2021-08-04 04:52:35,789 [Thread-543] INFO  ozoneimpl.ContainerReader (ContainerReader.java:readVolume(142)) - Start to verify containers on volume /home/runner/work/ozone/ozone/mnt/ozone/hadoop-ozone/integration-test/target/test-dir/MiniOzoneClusterImpl-f8689e89-4432-43a3-ae55-b25b0dce3dad/datanode-1/data-0/containers/hdds
2021-08-04 04:52:35,789 [Thread-543] INFO  ozoneimpl.ContainerReader (ContainerReader.java:readVolume(174)) - Finish verifying containers on volume /home/runner/work/ozone/ozone/mnt/ozone/hadoop-ozone/integration-test/target/test-dir/MiniOzoneClusterImpl-f8689e89-4432-43a3-ae55-b25b0dce3dad/datanode-1/data-0/containers/hdds
2021-08-04 04:52:35,789 [Listener at 127.0.0.1/34825] INFO  ozoneimpl.OzoneContainer (OzoneContainer.java:buildContainerSet(237)) - Build ContainerSet costs 0s
2021-08-04 04:52:35,794 [Listener at 127.0.0.1/34825] INFO  server.RaftServer (ConfUtils.java:logGet(44)) - raft.rpc.type = GRPC (default)
2021-08-04 04:52:35,794 [Listener at 127.0.0.1/34825] INFO  grpc.GrpcFactory (GrpcFactory.java:checkPooledByteBufAllocatorUseCacheForAllThreads(48)) - PERFORMANCE WARNING: useCacheForAllThreads is true that may cause Netty to create a lot garbage objects and, as a result, trigger GC.
	It is recommended to disable useCacheForAllThreads by setting -Dorg.apache.ratis.thirdparty.io.netty.allocator.useCacheForAllThreads=false in command line.
2021-08-04 04:52:35,794 [Listener at 127.0.0.1/34825] INFO  grpc.GrpcConfigKeys (ConfUtils.java:logGet(44)) - raft.grpc.admin.port = 0 (custom)
2021-08-04 04:52:35,794 [Listener at 127.0.0.1/34825] INFO  grpc.GrpcConfigKeys (ConfUtils.java:logGet(44)) - raft.grpc.client.port = 0 (custom)
2021-08-04 04:52:35,794 [Listener at 127.0.0.1/34825] INFO  grpc.GrpcConfigKeys (ConfUtils.java:logGet(44)) - raft.grpc.server.port = 0 (default)
2021-08-04 04:52:35,795 [Listener at 127.0.0.1/34825] INFO  server.GrpcService (ConfUtils.java:logGet(44)) - raft.grpc.message.size.max = 32MB (=33554432) (custom)
2021-08-04 04:52:35,795 [Listener at 127.0.0.1/34825] INFO  server.RaftServerConfigKeys (ConfUtils.java:logGet(44)) - raft.server.log.appender.buffer.byte-limit = 33554432 (custom)
2021-08-04 04:52:35,795 [Listener at 127.0.0.1/34825] INFO  server.GrpcService (ConfUtils.java:logGet(44)) - raft.grpc.flow.control.window = 5MB (=5242880) (custom)
2021-08-04 04:52:35,795 [Listener at 127.0.0.1/34825] INFO  server.RaftServerConfigKeys (ConfUtils.java:logGet(44)) - raft.server.rpc.request.timeout = 60s (custom)
2021-08-04 04:52:35,796 [Listener at 127.0.0.1/34825] INFO  impl.DataStreamServerImpl (ConfUtils.java:logGet(44)) - raft.datastream.type = DISABLED (default)
2021-08-04 04:52:35,796 [Listener at 127.0.0.1/34825] INFO  server.RaftServerConfigKeys (ConfUtils.java:logGet(44)) - raft.server.rpc.slowness.timeout = 300s (custom)
2021-08-04 04:52:35,796 [Listener at 127.0.0.1/34825] INFO  server.RaftServerConfigKeys (ConfUtils.java:logGet(44)) - raft.server.leaderelection.leader.step-down.wait-time = 10s (default)
2021-08-04 04:52:35,797 [Listener at 127.0.0.1/34825] INFO  server.RaftServerConfigKeys (ConfUtils.java:logGet(44)) - raft.server.storage.dir = [/home/runner/work/ozone/ozone/mnt/ozone/hadoop-ozone/integration-test/target/test-dir/MiniOzoneClusterImpl-f8689e89-4432-43a3-ae55-b25b0dce3dad/datanode-1/data/ratis] (custom)
2021-08-04 04:52:35,802 [Listener at 127.0.0.1/34825] INFO  http.BaseHttpServer (BaseHttpServer.java:newHttpServer2BuilderForOzone(209)) - Starting Web-server for hddsDatanode at: http://0.0.0.0:0
2021-08-04 04:52:35,802 [Listener at 127.0.0.1/34825] INFO  http.BaseHttpServer (BaseHttpServer.java:<init>(107)) - Hadoop Security Enabled: false Ozone Security Enabled: false Ozone HTTP Security Enabled: false 
2021-08-04 04:52:35,808 [Listener at 127.0.0.1/34825] INFO  server.AuthenticationFilter (AuthenticationFilter.java:constructSecretProvider(240)) - Unable to initialize FileSignerSecretProvider, falling back to use random secrets.
2021-08-04 04:52:35,808 [Listener at 127.0.0.1/34825] WARN  http.HttpRequestLog (HttpRequestLog.java:getRequestLog(103)) - Jetty request log can only be enabled using Log4j
2021-08-04 04:52:35,811 [Listener at 127.0.0.1/34825] INFO  http.HttpServer2 (HttpServer2.java:addGlobalFilter(1020)) - Added global filter 'safety' (class=org.apache.hadoop.hdds.server.http.HttpServer2$QuotingInputFilter)
2021-08-04 04:52:35,812 [Listener at 127.0.0.1/34825] INFO  http.HttpServer2 (HttpServer2.java:addFilter(996)) - Added filter static_user_filter (class=org.apache.hadoop.http.lib.StaticUserWebFilter$StaticUserFilter) to context hddsDatanode
2021-08-04 04:52:35,812 [Listener at 127.0.0.1/34825] INFO  http.HttpServer2 (HttpServer2.java:addFilter(1004)) - Added filter static_user_filter (class=org.apache.hadoop.http.lib.StaticUserWebFilter$StaticUserFilter) to context logs
2021-08-04 04:52:35,812 [Listener at 127.0.0.1/34825] INFO  http.HttpServer2 (HttpServer2.java:addFilter(1004)) - Added filter static_user_filter (class=org.apache.hadoop.http.lib.StaticUserWebFilter$StaticUserFilter) to context static
2021-08-04 04:52:35,813 [Listener at 127.0.0.1/34825] INFO  http.HttpServer2 (HttpServer2.java:bindListener(1239)) - Jetty bound to port 40399
2021-08-04 04:52:35,813 [Listener at 127.0.0.1/34825] INFO  server.Server (Server.java:doStart(375)) - jetty-9.4.35.v20201120; built: 2020-11-20T21:17:03.964Z; git: bdc54f03a5e0a7e280fab27f55c3c75ee8da89fb; jvm 1.8.0_292-b10
2021-08-04 04:52:35,814 [Listener at 127.0.0.1/34825] INFO  server.session (DefaultSessionIdManager.java:doStart(334)) - DefaultSessionIdManager workerName=node0
2021-08-04 04:52:35,815 [Listener at 127.0.0.1/34825] INFO  server.session (DefaultSessionIdManager.java:doStart(339)) - No SessionScavenger set, using defaults
2021-08-04 04:52:35,815 [Listener at 127.0.0.1/34825] INFO  server.session (HouseKeeper.java:startScavenging(132)) - node0 Scavenging every 600000ms
2021-08-04 04:52:35,816 [Listener at 127.0.0.1/34825] INFO  handler.ContextHandler (ContextHandler.java:doStart(916)) - Started o.e.j.s.ServletContextHandler@55e52f55{logs,/logs,file:///home/runner/work/ozone/ozone/mnt/ozone/hadoop-ozone/integration-test/target/log,AVAILABLE}
2021-08-04 04:52:35,818 [Listener at 127.0.0.1/34825] INFO  handler.ContextHandler (ContextHandler.java:doStart(916)) - Started o.e.j.s.ServletContextHandler@1e0fad4e{static,/static,jar:file:/home/runner/.m2/repository/org/apache/ozone/hdds-container-service/1.2.0-SNAPSHOT/hdds-container-service-1.2.0-SNAPSHOT.jar!/webapps/static,AVAILABLE}
2021-08-04 04:52:35,864 [Listener at 127.0.0.1/34825] INFO  handler.ContextHandler (ContextHandler.java:doStart(916)) - Started o.e.j.w.WebAppContext@2e76eb7{hddsDatanode,/,file:///tmp/jetty-0_0_0_0-40399-hdds-container-service-1_2_0-SNAPSHOT_jar-_-any-5633065235509985512/webapp/,AVAILABLE}{jar:file:/home/runner/.m2/repository/org/apache/ozone/hdds-container-service/1.2.0-SNAPSHOT/hdds-container-service-1.2.0-SNAPSHOT.jar!/webapps/hddsDatanode}
2021-08-04 04:52:35,865 [Listener at 127.0.0.1/34825] INFO  server.AbstractConnector (AbstractConnector.java:doStart(331)) - Started ServerConnector@a4bdb14{HTTP/1.1, (http/1.1)}{0.0.0.0:40399}
2021-08-04 04:52:35,865 [Listener at 127.0.0.1/34825] INFO  server.Server (Server.java:doStart(415)) - Started @73350ms
2021-08-04 04:52:35,865 [Listener at 127.0.0.1/34825] WARN  impl.MetricsSystemImpl (MetricsSystemImpl.java:register(279)) - Sink prometheus already exists!
2021-08-04 04:52:35,866 [Listener at 127.0.0.1/34825] INFO  http.BaseHttpServer (BaseHttpServer.java:updateConnectorAddress(329)) - HTTP server of hddsDatanode listening at http://0.0.0.0:40399
2021-08-04 04:52:35,867 [Listener at 127.0.0.1/34825] WARN  impl.MetricRegistriesImpl (MetricRegistriesImpl.java:addReporterRegistration(111)) - New reporters are added after registries were created. Some metrics will be missing from the reporter. Please add reporter before adding any new registry.
2021-08-04 04:52:35,867 [Listener at 127.0.0.1/34825] WARN  impl.MetricRegistriesImpl (MetricRegistriesImpl.java:addReporterRegistration(111)) - New reporters are added after registries were created. Some metrics will be missing from the reporter. Please add reporter before adding any new registry.
2021-08-04 04:52:35,867 [Listener at 127.0.0.1/34825] INFO  impl.MetricsSystemImpl (MetricsSystemImpl.java:init(158)) - HddsDatanode metrics system started (again)
2021-08-04 04:52:35,876 [Datanode State Machine Thread - 0] INFO  upgrade.UpgradeFinalizer (BasicUpgradeFinalizer.java:runPrefinalizeStateActions(234)) - Running pre-finalized state validations for unfinalized layout features.
2021-08-04 04:52:35,876 [Datanode State Machine Thread - 0] INFO  upgrade.UpgradeFinalizer (BasicUpgradeFinalizer.java:runPrefinalizeStateActions(247)) - Running first upgrade commands for unfinalized layout features.
2021-08-04 04:52:35,876 [Datanode State Machine Thread - 0] INFO  upgrade.UpgradeFinalizer (BasicUpgradeFinalizer.java:runFirstUpgradeAction(280)) - Executing first upgrade start action ScmHAFirstUpgradeLayoutChangeAction
2021-08-04 04:52:35,876 [Datanode State Machine Thread - 0] INFO  upgrade.ScmHAFirstUpgradeLayoutChangeAction (ScmHAFirstUpgradeLayoutChangeAction.java:execute(43)) - Upgrade Datanode container layout for SCM HA support.
2021-08-04 04:52:35,882 [Listener at 127.0.0.1/34825] INFO  ozone.HddsDatanodeService (HddsDatanodeService.java:start(234)) - HddsDatanodeService host:fv-az291-261.wgnan5asplgejimfprtllbpdch.jx.internal.cloudapp.net ip:10.1.0.14
2021-08-04 04:52:35,882 [org.apache.hadoop.util.JvmPauseMonitor$Monitor@7ffe1e4b] INFO  util.JvmPauseMonitor (JvmPauseMonitor.java:run(188)) - Starting JVM pause monitor
2021-08-04 04:52:35,898 [Datanode State Machine Task Thread - 0] INFO  datanode.InitDatanodeState (InitDatanodeState.java:persistContainerDatanodeDetails(145)) - DatanodeDetails is persisted to /home/runner/work/ozone/ozone/mnt/ozone/hadoop-ozone/integration-test/target/test-dir/MiniOzoneClusterImpl-f8689e89-4432-43a3-ae55-b25b0dce3dad/datanode-1/meta/datanode.id
2021-08-04 04:52:35,915 [Listener at 127.0.0.1/34825] INFO  upgrade.AbstractLayoutVersionManager (AbstractLayoutVersionManager.java:init(70)) - Initializing Layout version manager with metadata layout = INITIAL_VERSION (version = 0), software layout = SCM_HA (version = 2)
2021-08-04 04:52:35,954 [Listener at 127.0.0.1/34825] INFO  reflections.Reflections (Reflections.java:scan(232)) - Reflections took 38 ms to scan 7 urls, producing 120 keys and 273 values 
2021-08-04 04:52:35,957 [Listener at 127.0.0.1/34825] INFO  upgrade.HDDSLayoutVersionManager (HDDSLayoutVersionManager.java:lambda$registerUpgradeActions$0(76)) - Registering Upgrade Action : DatanodeSchemaV2FinalizeAction
2021-08-04 04:52:35,958 [Listener at 127.0.0.1/34825] INFO  upgrade.HDDSLayoutVersionManager (HDDSLayoutVersionManager.java:lambda$registerUpgradeActions$0(76)) - Registering Upgrade Action : ScmOnFinalizeActionForDatanodeSchemaV2
2021-08-04 04:52:35,958 [Listener at 127.0.0.1/34825] INFO  upgrade.HDDSLayoutVersionManager (HDDSLayoutVersionManager.java:lambda$registerUpgradeActions$0(76)) - Registering Upgrade Action : ScmHAFirstUpgradeLayoutChangeAction
2021-08-04 04:52:35,958 [Listener at 127.0.0.1/34825] INFO  upgrade.HDDSLayoutVersionManager (HDDSLayoutVersionManager.java:lambda$registerUpgradeActions$0(76)) - Registering Upgrade Action : ScmHAUnfinalizedStateValidationAction
2021-08-04 04:52:35,961 [Listener at 127.0.0.1/34825] INFO  volume.HddsVolume (HddsVolume.java:<init>(120)) - Creating HddsVolume: /home/runner/work/ozone/ozone/mnt/ozone/hadoop-ozone/integration-test/target/test-dir/MiniOzoneClusterImpl-f8689e89-4432-43a3-ae55-b25b0dce3dad/datanode-2/data-0/containers/hdds of storage type : DISK capacity : 9223372036854775807
2021-08-04 04:52:35,962 [Listener at 127.0.0.1/34825] INFO  volume.MutableVolumeSet (MutableVolumeSet.java:initializeVolumeSet(181)) - Added Volume : /home/runner/work/ozone/ozone/mnt/ozone/hadoop-ozone/integration-test/target/test-dir/MiniOzoneClusterImpl-f8689e89-4432-43a3-ae55-b25b0dce3dad/datanode-2/data-0/containers/hdds to VolumeSet
2021-08-04 04:52:35,962 [Listener at 127.0.0.1/34825] INFO  volume.ThrottledAsyncChecker (ThrottledAsyncChecker.java:schedule(141)) - Scheduling a check for /home/runner/work/ozone/ozone/mnt/ozone/hadoop-ozone/integration-test/target/test-dir/MiniOzoneClusterImpl-f8689e89-4432-43a3-ae55-b25b0dce3dad/datanode-2/data-0/containers/hdds
2021-08-04 04:52:35,962 [Listener at 127.0.0.1/34825] INFO  volume.StorageVolumeChecker (StorageVolumeChecker.java:checkAllVolumes(202)) - Scheduled health check for volume /home/runner/work/ozone/ozone/mnt/ozone/hadoop-ozone/integration-test/target/test-dir/MiniOzoneClusterImpl-f8689e89-4432-43a3-ae55-b25b0dce3dad/datanode-2/data-0/containers/hdds
2021-08-04 04:52:35,977 [Listener at 127.0.0.1/34825] INFO  volume.MutableVolumeSet (MutableVolumeSet.java:initializeVolumeSet(181)) - Added Volume : /home/runner/work/ozone/ozone/mnt/ozone/hadoop-ozone/integration-test/target/test-dir/MiniOzoneClusterImpl-f8689e89-4432-43a3-ae55-b25b0dce3dad/datanode-2/data/ratis to VolumeSet
2021-08-04 04:52:35,977 [Listener at 127.0.0.1/34825] INFO  volume.ThrottledAsyncChecker (ThrottledAsyncChecker.java:schedule(141)) - Scheduling a check for /home/runner/work/ozone/ozone/mnt/ozone/hadoop-ozone/integration-test/target/test-dir/MiniOzoneClusterImpl-f8689e89-4432-43a3-ae55-b25b0dce3dad/datanode-2/data/ratis
2021-08-04 04:52:35,977 [Listener at 127.0.0.1/34825] INFO  volume.StorageVolumeChecker (StorageVolumeChecker.java:checkAllVolumes(202)) - Scheduled health check for volume /home/runner/work/ozone/ozone/mnt/ozone/hadoop-ozone/integration-test/target/test-dir/MiniOzoneClusterImpl-f8689e89-4432-43a3-ae55-b25b0dce3dad/datanode-2/data/ratis
2021-08-04 04:52:35,989 [Listener at 127.0.0.1/34825] INFO  ozoneimpl.ContainerReader (ContainerReader.java:<init>(98)) - Running in upgrade mode:true
2021-08-04 04:52:35,989 [Thread-554] INFO  ozoneimpl.ContainerReader (ContainerReader.java:readVolume(142)) - Start to verify containers on volume /home/runner/work/ozone/ozone/mnt/ozone/hadoop-ozone/integration-test/target/test-dir/MiniOzoneClusterImpl-f8689e89-4432-43a3-ae55-b25b0dce3dad/datanode-2/data-0/containers/hdds
2021-08-04 04:52:35,989 [Thread-554] INFO  ozoneimpl.ContainerReader (ContainerReader.java:readVolume(174)) - Finish verifying containers on volume /home/runner/work/ozone/ozone/mnt/ozone/hadoop-ozone/integration-test/target/test-dir/MiniOzoneClusterImpl-f8689e89-4432-43a3-ae55-b25b0dce3dad/datanode-2/data-0/containers/hdds
2021-08-04 04:52:35,989 [Listener at 127.0.0.1/34825] INFO  ozoneimpl.OzoneContainer (OzoneContainer.java:buildContainerSet(237)) - Build ContainerSet costs 0s
2021-08-04 04:52:35,992 [Listener at 127.0.0.1/34825] INFO  server.RaftServer (ConfUtils.java:logGet(44)) - raft.rpc.type = GRPC (default)
2021-08-04 04:52:35,993 [Listener at 127.0.0.1/34825] INFO  grpc.GrpcFactory (GrpcFactory.java:checkPooledByteBufAllocatorUseCacheForAllThreads(48)) - PERFORMANCE WARNING: useCacheForAllThreads is true that may cause Netty to create a lot garbage objects and, as a result, trigger GC.
	It is recommended to disable useCacheForAllThreads by setting -Dorg.apache.ratis.thirdparty.io.netty.allocator.useCacheForAllThreads=false in command line.
2021-08-04 04:52:35,993 [Listener at 127.0.0.1/34825] INFO  grpc.GrpcConfigKeys (ConfUtils.java:logGet(44)) - raft.grpc.admin.port = 0 (custom)
2021-08-04 04:52:35,993 [Listener at 127.0.0.1/34825] INFO  grpc.GrpcConfigKeys (ConfUtils.java:logGet(44)) - raft.grpc.client.port = 0 (custom)
2021-08-04 04:52:35,993 [Listener at 127.0.0.1/34825] INFO  grpc.GrpcConfigKeys (ConfUtils.java:logGet(44)) - raft.grpc.server.port = 0 (default)
2021-08-04 04:52:35,993 [Listener at 127.0.0.1/34825] INFO  server.GrpcService (ConfUtils.java:logGet(44)) - raft.grpc.message.size.max = 32MB (=33554432) (custom)
2021-08-04 04:52:35,993 [Listener at 127.0.0.1/34825] INFO  server.RaftServerConfigKeys (ConfUtils.java:logGet(44)) - raft.server.log.appender.buffer.byte-limit = 33554432 (custom)
2021-08-04 04:52:35,993 [Listener at 127.0.0.1/34825] INFO  server.GrpcService (ConfUtils.java:logGet(44)) - raft.grpc.flow.control.window = 5MB (=5242880) (custom)
2021-08-04 04:52:35,993 [Listener at 127.0.0.1/34825] INFO  server.RaftServerConfigKeys (ConfUtils.java:logGet(44)) - raft.server.rpc.request.timeout = 60s (custom)
2021-08-04 04:52:35,995 [Listener at 127.0.0.1/34825] INFO  impl.DataStreamServerImpl (ConfUtils.java:logGet(44)) - raft.datastream.type = DISABLED (default)
2021-08-04 04:52:35,995 [Listener at 127.0.0.1/34825] INFO  server.RaftServerConfigKeys (ConfUtils.java:logGet(44)) - raft.server.rpc.slowness.timeout = 300s (custom)
2021-08-04 04:52:35,995 [Listener at 127.0.0.1/34825] INFO  server.RaftServerConfigKeys (ConfUtils.java:logGet(44)) - raft.server.leaderelection.leader.step-down.wait-time = 10s (default)
2021-08-04 04:52:35,995 [Listener at 127.0.0.1/34825] INFO  server.RaftServerConfigKeys (ConfUtils.java:logGet(44)) - raft.server.storage.dir = [/home/runner/work/ozone/ozone/mnt/ozone/hadoop-ozone/integration-test/target/test-dir/MiniOzoneClusterImpl-f8689e89-4432-43a3-ae55-b25b0dce3dad/datanode-2/data/ratis] (custom)
2021-08-04 04:52:35,998 [Listener at 127.0.0.1/34825] INFO  http.BaseHttpServer (BaseHttpServer.java:newHttpServer2BuilderForOzone(209)) - Starting Web-server for hddsDatanode at: http://0.0.0.0:0
2021-08-04 04:52:35,998 [Listener at 127.0.0.1/34825] INFO  http.BaseHttpServer (BaseHttpServer.java:<init>(107)) - Hadoop Security Enabled: false Ozone Security Enabled: false Ozone HTTP Security Enabled: false 
2021-08-04 04:52:35,999 [Listener at 127.0.0.1/34825] INFO  server.AuthenticationFilter (AuthenticationFilter.java:constructSecretProvider(240)) - Unable to initialize FileSignerSecretProvider, falling back to use random secrets.
2021-08-04 04:52:35,999 [Listener at 127.0.0.1/34825] WARN  http.HttpRequestLog (HttpRequestLog.java:getRequestLog(103)) - Jetty request log can only be enabled using Log4j
2021-08-04 04:52:36,000 [Listener at 127.0.0.1/34825] INFO  http.HttpServer2 (HttpServer2.java:addGlobalFilter(1020)) - Added global filter 'safety' (class=org.apache.hadoop.hdds.server.http.HttpServer2$QuotingInputFilter)
2021-08-04 04:52:36,000 [Listener at 127.0.0.1/34825] INFO  http.HttpServer2 (HttpServer2.java:addFilter(996)) - Added filter static_user_filter (class=org.apache.hadoop.http.lib.StaticUserWebFilter$StaticUserFilter) to context hddsDatanode
2021-08-04 04:52:36,000 [Listener at 127.0.0.1/34825] INFO  http.HttpServer2 (HttpServer2.java:addFilter(1004)) - Added filter static_user_filter (class=org.apache.hadoop.http.lib.StaticUserWebFilter$StaticUserFilter) to context logs
2021-08-04 04:52:36,000 [Listener at 127.0.0.1/34825] INFO  http.HttpServer2 (HttpServer2.java:addFilter(1004)) - Added filter static_user_filter (class=org.apache.hadoop.http.lib.StaticUserWebFilter$StaticUserFilter) to context static
2021-08-04 04:52:36,001 [Listener at 127.0.0.1/34825] INFO  http.HttpServer2 (HttpServer2.java:bindListener(1239)) - Jetty bound to port 39887
2021-08-04 04:52:36,001 [Listener at 127.0.0.1/34825] INFO  server.Server (Server.java:doStart(375)) - jetty-9.4.35.v20201120; built: 2020-11-20T21:17:03.964Z; git: bdc54f03a5e0a7e280fab27f55c3c75ee8da89fb; jvm 1.8.0_292-b10
2021-08-04 04:52:36,003 [Listener at 127.0.0.1/34825] INFO  server.session (DefaultSessionIdManager.java:doStart(334)) - DefaultSessionIdManager workerName=node0
2021-08-04 04:52:36,003 [Listener at 127.0.0.1/34825] INFO  server.session (DefaultSessionIdManager.java:doStart(339)) - No SessionScavenger set, using defaults
2021-08-04 04:52:36,003 [Listener at 127.0.0.1/34825] INFO  server.session (HouseKeeper.java:startScavenging(132)) - node0 Scavenging every 600000ms
2021-08-04 04:52:36,004 [Listener at 127.0.0.1/34825] INFO  handler.ContextHandler (ContextHandler.java:doStart(916)) - Started o.e.j.s.ServletContextHandler@3cc3362a{logs,/logs,file:///home/runner/work/ozone/ozone/mnt/ozone/hadoop-ozone/integration-test/target/log,AVAILABLE}
2021-08-04 04:52:36,004 [Listener at 127.0.0.1/34825] INFO  handler.ContextHandler (ContextHandler.java:doStart(916)) - Started o.e.j.s.ServletContextHandler@2be02e0c{static,/static,jar:file:/home/runner/.m2/repository/org/apache/ozone/hdds-container-service/1.2.0-SNAPSHOT/hdds-container-service-1.2.0-SNAPSHOT.jar!/webapps/static,AVAILABLE}
2021-08-04 04:52:36,043 [Listener at 127.0.0.1/34825] INFO  handler.ContextHandler (ContextHandler.java:doStart(916)) - Started o.e.j.w.WebAppContext@1999e251{hddsDatanode,/,file:///tmp/jetty-0_0_0_0-39887-hdds-container-service-1_2_0-SNAPSHOT_jar-_-any-2517400582543439608/webapp/,AVAILABLE}{jar:file:/home/runner/.m2/repository/org/apache/ozone/hdds-container-service/1.2.0-SNAPSHOT/hdds-container-service-1.2.0-SNAPSHOT.jar!/webapps/hddsDatanode}
2021-08-04 04:52:36,044 [Listener at 127.0.0.1/34825] INFO  server.AbstractConnector (AbstractConnector.java:doStart(331)) - Started ServerConnector@279a90dc{HTTP/1.1, (http/1.1)}{0.0.0.0:39887}
2021-08-04 04:52:36,044 [Listener at 127.0.0.1/34825] INFO  server.Server (Server.java:doStart(415)) - Started @73529ms
2021-08-04 04:52:36,044 [Listener at 127.0.0.1/34825] WARN  impl.MetricsSystemImpl (MetricsSystemImpl.java:register(279)) - Sink prometheus already exists!
2021-08-04 04:52:36,044 [Listener at 127.0.0.1/34825] INFO  http.BaseHttpServer (BaseHttpServer.java:updateConnectorAddress(329)) - HTTP server of hddsDatanode listening at http://0.0.0.0:39887
2021-08-04 04:52:36,046 [Listener at 127.0.0.1/34825] INFO  ozone.MiniOzoneClusterImpl (MiniOzoneClusterImpl.java:lambda$waitForClusterToBeReady$0(235)) - Waiting for nodes to be ready. Got 0 of 3 DN Heartbeats.
2021-08-04 04:52:36,050 [Listener at 127.0.0.1/34825] INFO  ozone.MiniOzoneClusterImpl (MiniOzoneClusterImpl.java:lambda$waitForClusterToBeReady$0(238)) - Waiting for cluster to exit safe mode
2021-08-04 04:52:36,050 [Listener at 127.0.0.1/34825] INFO  ozone.MiniOzoneClusterImpl (MiniOzoneClusterImpl.java:lambda$waitForClusterToBeReady$0(240)) - SCM became leader
2021-08-04 04:52:36,055 [Datanode State Machine Thread - 0] INFO  upgrade.UpgradeFinalizer (BasicUpgradeFinalizer.java:runPrefinalizeStateActions(234)) - Running pre-finalized state validations for unfinalized layout features.
2021-08-04 04:52:36,055 [Datanode State Machine Thread - 0] INFO  upgrade.UpgradeFinalizer (BasicUpgradeFinalizer.java:runPrefinalizeStateActions(247)) - Running first upgrade commands for unfinalized layout features.
2021-08-04 04:52:36,055 [Datanode State Machine Thread - 0] INFO  upgrade.UpgradeFinalizer (BasicUpgradeFinalizer.java:runFirstUpgradeAction(280)) - Executing first upgrade start action ScmHAFirstUpgradeLayoutChangeAction
2021-08-04 04:52:36,055 [Datanode State Machine Thread - 0] INFO  upgrade.ScmHAFirstUpgradeLayoutChangeAction (ScmHAFirstUpgradeLayoutChangeAction.java:execute(43)) - Upgrade Datanode container layout for SCM HA support.
2021-08-04 04:52:36,067 [org.apache.hadoop.util.JvmPauseMonitor$Monitor@679e5029] INFO  util.JvmPauseMonitor (JvmPauseMonitor.java:run(188)) - Starting JVM pause monitor
2021-08-04 04:52:36,068 [Datanode State Machine Task Thread - 0] INFO  datanode.InitDatanodeState (InitDatanodeState.java:persistContainerDatanodeDetails(145)) - DatanodeDetails is persisted to /home/runner/work/ozone/ozone/mnt/ozone/hadoop-ozone/integration-test/target/test-dir/MiniOzoneClusterImpl-f8689e89-4432-43a3-ae55-b25b0dce3dad/datanode-2/meta/datanode.id
2021-08-04 04:52:36,540 [om1@group-C5BA1605619E-FollowerState] INFO  impl.FollowerState (FollowerState.java:run(134)) - om1@group-C5BA1605619E-FollowerState: change to CANDIDATE, lastRpcElapsedTime:1102586062ns, electionTimeout:1102ms
2021-08-04 04:52:36,540 [om1@group-C5BA1605619E-FollowerState] INFO  impl.RoleInfo (RoleInfo.java:shutdownFollowerState(108)) - om1: shutdown om1@group-C5BA1605619E-FollowerState
2021-08-04 04:52:36,540 [om1@group-C5BA1605619E-FollowerState] INFO  server.RaftServer$Division (RaftServerImpl.java:setRole(285)) - om1@group-C5BA1605619E: changes role from  FOLLOWER to CANDIDATE at term 0 for changeToCandidate
2021-08-04 04:52:36,540 [om1@group-C5BA1605619E-FollowerState] INFO  server.RaftServerConfigKeys (ConfUtils.java:logGet(44)) - raft.server.leaderelection.pre-vote = false (custom)
2021-08-04 04:52:36,540 [om1@group-C5BA1605619E-FollowerState] INFO  impl.RoleInfo (RoleInfo.java:updateAndGet(130)) - om1: start om1@group-C5BA1605619E-LeaderElection16
2021-08-04 04:52:36,545 [om1@group-C5BA1605619E-LeaderElection16] INFO  impl.LeaderElection (LeaderElection.java:askForVotes(306)) - om1@group-C5BA1605619E-LeaderElection16 ELECTION round 0: submit vote requests at term 1 for -1: [om1|rpc:localhost:9872|priority:0], old=null
2021-08-04 04:52:36,545 [om1@group-C5BA1605619E-LeaderElection16] INFO  impl.LeaderElection (LeaderElection.java:askForVotes(308)) - om1@group-C5BA1605619E-LeaderElection16 ELECTION round 0: result PASSED (term=1)
2021-08-04 04:52:36,545 [om1@group-C5BA1605619E-LeaderElection16] INFO  impl.RoleInfo (RoleInfo.java:shutdownLeaderElection(121)) - om1: shutdown om1@group-C5BA1605619E-LeaderElection16
2021-08-04 04:52:36,545 [om1@group-C5BA1605619E-LeaderElection16] INFO  server.RaftServer$Division (RaftServerImpl.java:setRole(285)) - om1@group-C5BA1605619E: changes role from CANDIDATE to LEADER at term 1 for changeToLeader
2021-08-04 04:52:36,545 [om1@group-C5BA1605619E-LeaderElection16] INFO  server.RaftServer$Division (ServerState.java:setLeader(285)) - om1@group-C5BA1605619E: change Leader from null to om1 at term 1 for becomeLeader, leader elected after 1139ms
2021-08-04 04:52:36,545 [om1@group-C5BA1605619E-LeaderElection16] INFO  server.RaftServerConfigKeys (ConfUtils.java:logGet(44)) - raft.server.staging.catchup.gap = 1000 (default)
2021-08-04 04:52:36,545 [om1@group-C5BA1605619E-LeaderElection16] INFO  server.RaftServerConfigKeys (ConfUtils.java:logGet(44)) - raft.server.write.element-limit = 4096 (default)
2021-08-04 04:52:36,545 [om1@group-C5BA1605619E-LeaderElection16] INFO  server.RaftServerConfigKeys (ConfUtils.java:logGet(44)) - raft.server.write.byte-limit = 64MB (=67108864) (default)
2021-08-04 04:52:36,546 [om1@group-C5BA1605619E-LeaderElection16] INFO  server.RaftServerConfigKeys (ConfUtils.java:logGet(44)) - raft.server.watch.timeout = 10s (default)
2021-08-04 04:52:36,546 [om1@group-C5BA1605619E-LeaderElection16] INFO  server.RaftServerConfigKeys (ConfUtils.java:logGet(44)) - raft.server.watch.timeout.denomination = 1s (default)
2021-08-04 04:52:36,546 [om1@group-C5BA1605619E-LeaderElection16] INFO  server.RaftServerConfigKeys (ConfUtils.java:logGet(44)) - raft.server.watch.element-limit = 65536 (default)
2021-08-04 04:52:36,546 [om1@group-C5BA1605619E-LeaderElection16] INFO  impl.RoleInfo (RoleInfo.java:updateAndGet(130)) - om1: start om1@group-C5BA1605619E-LeaderStateImpl
2021-08-04 04:52:36,546 [om1@group-C5BA1605619E-LeaderElection16] INFO  segmented.SegmentedRaftLogWorker (SegmentedRaftLogWorker.java:startLogSegment(394)) - om1@group-C5BA1605619E-SegmentedRaftLogWorker: Starting segment from index:0
2021-08-04 04:52:36,552 [om1@group-C5BA1605619E-LeaderElection16] INFO  server.RaftServer$Division (ServerState.java:setRaftConf(387)) - om1@group-C5BA1605619E: set configuration 0: [om1|rpc:localhost:9872|admin:|client:|dataStream:|priority:0], old=null
2021-08-04 04:52:36,553 [om1@group-C5BA1605619E-SegmentedRaftLogWorker] INFO  segmented.SegmentedRaftLogWorker (SegmentedRaftLogWorker.java:execute(601)) - om1@group-C5BA1605619E-SegmentedRaftLogWorker: created new log segment /home/runner/work/ozone/ozone/mnt/ozone/hadoop-ozone/integration-test/target/test-dir/MiniOzoneClusterImpl-f8689e89-4432-43a3-ae55-b25b0dce3dad/ozone-meta/ratis/bf265839-605b-3f16-9796-c5ba1605619e/current/log_inprogress_0
2021-08-04 04:52:36,555 [om1@group-C5BA1605619E-StateMachineUpdater] INFO  ratis.OzoneManagerStateMachine (OzoneManagerStateMachine.java:notifyConfigurationChanged(188)) - Received Configuration change notification from Ratis. New Peer list:
[id: "om1"
address: "localhost:9872"
]
2021-08-04 04:52:37,051 [Listener at 127.0.0.1/34825] INFO  ozone.MiniOzoneClusterImpl (MiniOzoneClusterImpl.java:lambda$waitForClusterToBeReady$0(235)) - Waiting for nodes to be ready. Got 0 of 3 DN Heartbeats.
2021-08-04 04:52:37,051 [Listener at 127.0.0.1/34825] INFO  ozone.MiniOzoneClusterImpl (MiniOzoneClusterImpl.java:lambda$waitForClusterToBeReady$0(238)) - Waiting for cluster to exit safe mode
2021-08-04 04:52:37,051 [Listener at 127.0.0.1/34825] INFO  ozone.MiniOzoneClusterImpl (MiniOzoneClusterImpl.java:lambda$waitForClusterToBeReady$0(240)) - SCM became leader
2021-08-04 04:52:37,701 [EndpointStateMachine task thread for /0.0.0.0:37201 - 0 ] INFO  ozoneimpl.OzoneContainer (OzoneContainer.java:start(305)) - Attempting to start container services.
2021-08-04 04:52:37,701 [EndpointStateMachine task thread for /0.0.0.0:37201 - 0 ] INFO  ozoneimpl.OzoneContainer (OzoneContainer.java:startContainerScrub(250)) - Background container scanner has been disabled.
2021-08-04 04:52:37,703 [EndpointStateMachine task thread for /0.0.0.0:37201 - 0 ] INFO  replication.ReplicationServer (ReplicationServer.java:start(106)) - ReplicationServer is started using port 38125
2021-08-04 04:52:37,703 [EndpointStateMachine task thread for /0.0.0.0:37201 - 0 ] INFO  ratis.XceiverServerRatis (XceiverServerRatis.java:start(478)) - Starting XceiverServerRatis 8a31fd49-3da4-4fd9-acfc-b2bde89e3d95
2021-08-04 04:52:37,711 [EndpointStateMachine task thread for /0.0.0.0:37201 - 0 ] INFO  server.RaftServer (RaftServerProxy.java:lambda$start$5(374)) - 8a31fd49-3da4-4fd9-acfc-b2bde89e3d95: start RPC server
2021-08-04 04:52:37,712 [EndpointStateMachine task thread for /0.0.0.0:37201 - 0 ] INFO  server.GrpcService (GrpcService.java:startImpl(253)) - 8a31fd49-3da4-4fd9-acfc-b2bde89e3d95: GrpcService started, listening on 37907
2021-08-04 04:52:37,712 [EndpointStateMachine task thread for /0.0.0.0:37201 - 0 ] INFO  ratis.XceiverServerRatis (XceiverServerRatis.java:getRealPort(499)) - XceiverServerRatis 8a31fd49-3da4-4fd9-acfc-b2bde89e3d95 is started using port 37907 for RATIS
2021-08-04 04:52:37,712 [EndpointStateMachine task thread for /0.0.0.0:37201 - 0 ] INFO  ratis.XceiverServerRatis (XceiverServerRatis.java:getRealPort(499)) - XceiverServerRatis 8a31fd49-3da4-4fd9-acfc-b2bde89e3d95 is started using port 37907 for RATIS_ADMIN
2021-08-04 04:52:37,712 [EndpointStateMachine task thread for /0.0.0.0:37201 - 0 ] INFO  ratis.XceiverServerRatis (XceiverServerRatis.java:getRealPort(499)) - XceiverServerRatis 8a31fd49-3da4-4fd9-acfc-b2bde89e3d95 is started using port 37907 for RATIS_SERVER
2021-08-04 04:52:37,712 [org.apache.ratis.util.JvmPauseMonitor$$Lambda$530/46818722@6ea4d0b1] INFO  util.JvmPauseMonitor (JvmPauseMonitor.java:run(103)) - JvmPauseMonitor-8a31fd49-3da4-4fd9-acfc-b2bde89e3d95: Started
2021-08-04 04:52:37,713 [EndpointStateMachine task thread for /0.0.0.0:37201 - 0 ] INFO  server.XceiverServerGrpc (XceiverServerGrpc.java:start(135)) - XceiverServerGrpc 8a31fd49-3da4-4fd9-acfc-b2bde89e3d95 is started using port 42413
2021-08-04 04:52:37,887 [EndpointStateMachine task thread for /0.0.0.0:37201 - 0 ] INFO  ozoneimpl.OzoneContainer (OzoneContainer.java:start(305)) - Attempting to start container services.
2021-08-04 04:52:37,888 [EndpointStateMachine task thread for /0.0.0.0:37201 - 0 ] INFO  ozoneimpl.OzoneContainer (OzoneContainer.java:startContainerScrub(250)) - Background container scanner has been disabled.
2021-08-04 04:52:37,889 [EndpointStateMachine task thread for /0.0.0.0:37201 - 0 ] INFO  replication.ReplicationServer (ReplicationServer.java:start(106)) - ReplicationServer is started using port 33107
2021-08-04 04:52:37,889 [EndpointStateMachine task thread for /0.0.0.0:37201 - 0 ] INFO  ratis.XceiverServerRatis (XceiverServerRatis.java:start(478)) - Starting XceiverServerRatis 387044f6-9ada-47c7-9f57-c4453de21297
2021-08-04 04:52:37,895 [EndpointStateMachine task thread for /0.0.0.0:37201 - 0 ] INFO  server.RaftServer (RaftServerProxy.java:lambda$start$5(374)) - 387044f6-9ada-47c7-9f57-c4453de21297: start RPC server
2021-08-04 04:52:37,896 [EndpointStateMachine task thread for /0.0.0.0:37201 - 0 ] INFO  server.GrpcService (GrpcService.java:startImpl(253)) - 387044f6-9ada-47c7-9f57-c4453de21297: GrpcService started, listening on 39215
2021-08-04 04:52:37,897 [EndpointStateMachine task thread for /0.0.0.0:37201 - 0 ] INFO  ratis.XceiverServerRatis (XceiverServerRatis.java:getRealPort(499)) - XceiverServerRatis 387044f6-9ada-47c7-9f57-c4453de21297 is started using port 39215 for RATIS
2021-08-04 04:52:37,897 [EndpointStateMachine task thread for /0.0.0.0:37201 - 0 ] INFO  ratis.XceiverServerRatis (XceiverServerRatis.java:getRealPort(499)) - XceiverServerRatis 387044f6-9ada-47c7-9f57-c4453de21297 is started using port 39215 for RATIS_ADMIN
2021-08-04 04:52:37,897 [org.apache.ratis.util.JvmPauseMonitor$$Lambda$530/46818722@3cb073fe] INFO  util.JvmPauseMonitor (JvmPauseMonitor.java:run(103)) - JvmPauseMonitor-387044f6-9ada-47c7-9f57-c4453de21297: Started
2021-08-04 04:52:37,897 [EndpointStateMachine task thread for /0.0.0.0:37201 - 0 ] INFO  ratis.XceiverServerRatis (XceiverServerRatis.java:getRealPort(499)) - XceiverServerRatis 387044f6-9ada-47c7-9f57-c4453de21297 is started using port 39215 for RATIS_SERVER
2021-08-04 04:52:37,898 [EndpointStateMachine task thread for /0.0.0.0:37201 - 0 ] INFO  server.XceiverServerGrpc (XceiverServerGrpc.java:start(135)) - XceiverServerGrpc 387044f6-9ada-47c7-9f57-c4453de21297 is started using port 42459
2021-08-04 04:52:38,051 [Listener at 127.0.0.1/34825] INFO  ozone.MiniOzoneClusterImpl (MiniOzoneClusterImpl.java:lambda$waitForClusterToBeReady$0(235)) - Waiting for nodes to be ready. Got 0 of 3 DN Heartbeats.
2021-08-04 04:52:38,051 [Listener at 127.0.0.1/34825] INFO  ozone.MiniOzoneClusterImpl (MiniOzoneClusterImpl.java:lambda$waitForClusterToBeReady$0(238)) - Waiting for cluster to exit safe mode
2021-08-04 04:52:38,051 [Listener at 127.0.0.1/34825] INFO  ozone.MiniOzoneClusterImpl (MiniOzoneClusterImpl.java:lambda$waitForClusterToBeReady$0(240)) - SCM became leader
2021-08-04 04:52:38,070 [EndpointStateMachine task thread for /0.0.0.0:37201 - 0 ] INFO  ozoneimpl.OzoneContainer (OzoneContainer.java:start(305)) - Attempting to start container services.
2021-08-04 04:52:38,070 [EndpointStateMachine task thread for /0.0.0.0:37201 - 0 ] INFO  ozoneimpl.OzoneContainer (OzoneContainer.java:startContainerScrub(250)) - Background container scanner has been disabled.
2021-08-04 04:52:38,073 [EndpointStateMachine task thread for /0.0.0.0:37201 - 0 ] INFO  replication.ReplicationServer (ReplicationServer.java:start(106)) - ReplicationServer is started using port 37687
2021-08-04 04:52:38,074 [EndpointStateMachine task thread for /0.0.0.0:37201 - 0 ] INFO  ratis.XceiverServerRatis (XceiverServerRatis.java:start(478)) - Starting XceiverServerRatis 3b35e8af-4420-4337-880c-bcb538b04dba
2021-08-04 04:52:38,075 [EndpointStateMachine task thread for /0.0.0.0:37201 - 0 ] INFO  server.RaftServer (RaftServerProxy.java:lambda$start$5(374)) - 3b35e8af-4420-4337-880c-bcb538b04dba: start RPC server
2021-08-04 04:52:38,075 [EndpointStateMachine task thread for /0.0.0.0:37201 - 0 ] INFO  server.GrpcService (GrpcService.java:startImpl(253)) - 3b35e8af-4420-4337-880c-bcb538b04dba: GrpcService started, listening on 40083
2021-08-04 04:52:38,076 [EndpointStateMachine task thread for /0.0.0.0:37201 - 0 ] INFO  ratis.XceiverServerRatis (XceiverServerRatis.java:getRealPort(499)) - XceiverServerRatis 3b35e8af-4420-4337-880c-bcb538b04dba is started using port 40083 for RATIS
2021-08-04 04:52:38,076 [org.apache.ratis.util.JvmPauseMonitor$$Lambda$530/46818722@34d1216f] INFO  util.JvmPauseMonitor (JvmPauseMonitor.java:run(103)) - JvmPauseMonitor-3b35e8af-4420-4337-880c-bcb538b04dba: Started
2021-08-04 04:52:38,076 [EndpointStateMachine task thread for /0.0.0.0:37201 - 0 ] INFO  ratis.XceiverServerRatis (XceiverServerRatis.java:getRealPort(499)) - XceiverServerRatis 3b35e8af-4420-4337-880c-bcb538b04dba is started using port 40083 for RATIS_ADMIN
2021-08-04 04:52:38,076 [EndpointStateMachine task thread for /0.0.0.0:37201 - 0 ] INFO  ratis.XceiverServerRatis (XceiverServerRatis.java:getRealPort(499)) - XceiverServerRatis 3b35e8af-4420-4337-880c-bcb538b04dba is started using port 40083 for RATIS_SERVER
2021-08-04 04:52:38,078 [EndpointStateMachine task thread for /0.0.0.0:37201 - 0 ] INFO  server.XceiverServerGrpc (XceiverServerGrpc.java:start(135)) - XceiverServerGrpc 3b35e8af-4420-4337-880c-bcb538b04dba is started using port 43785
2021-08-04 04:52:39,052 [Listener at 127.0.0.1/34825] INFO  ozone.MiniOzoneClusterImpl (MiniOzoneClusterImpl.java:lambda$waitForClusterToBeReady$0(235)) - Waiting for nodes to be ready. Got 0 of 3 DN Heartbeats.
2021-08-04 04:52:39,052 [Listener at 127.0.0.1/34825] INFO  ozone.MiniOzoneClusterImpl (MiniOzoneClusterImpl.java:lambda$waitForClusterToBeReady$0(238)) - Waiting for cluster to exit safe mode
2021-08-04 04:52:39,052 [Listener at 127.0.0.1/34825] INFO  ozone.MiniOzoneClusterImpl (MiniOzoneClusterImpl.java:lambda$waitForClusterToBeReady$0(240)) - SCM became leader
2021-08-04 04:52:39,694 [IPC Server handler 0 on default port 37201] INFO  net.NetworkTopologyImpl (NetworkTopologyImpl.java:add(112)) - Added a new node: /default-rack/8a31fd49-3da4-4fd9-acfc-b2bde89e3d95
2021-08-04 04:52:39,694 [IPC Server handler 0 on default port 37201] INFO  node.SCMNodeManager (SCMNodeManager.java:register(386)) - Registered Data node : 8a31fd49-3da4-4fd9-acfc-b2bde89e3d95{ip: 10.1.0.14, host: fv-az291-261.wgnan5asplgejimfprtllbpdch.jx.internal.cloudapp.net, ports: [REPLICATION=38125, RATIS=37907, RATIS_ADMIN=37907, RATIS_SERVER=37907, STANDALONE=42413], networkLocation: /default-rack, certSerialId: null, persistedOpState: null, persistedOpStateExpiryEpochSec: 0}
2021-08-04 04:52:39,699 [EventQueue-NewNodeForNewNodeHandler] INFO  pipeline.BackgroundPipelineCreator (BackgroundPipelineCreatorV2.java:notifyEventTriggered(285)) - trigger a one-shot run on RatisPipelineUtilsThread.
2021-08-04 04:52:39,699 [RatisPipelineUtilsThread - 0] INFO  pipeline.RatisPipelineProvider (RatisPipelineProvider.java:lambda$create$0(183)) - Sending CreatePipelineCommand for pipeline:PipelineID=c9347d10-3db1-454b-b98d-f1353276f7d1 to datanode:8a31fd49-3da4-4fd9-acfc-b2bde89e3d95
2021-08-04 04:52:39,699 [EventQueue-NodeRegistrationContainerReportForDataNodeSafeModeRule] INFO  safemode.SCMSafeModeManager (DataNodeSafeModeRule.java:process(71)) - SCM in safe mode. 1 DataNodes registered, 3 required.
2021-08-04 04:52:39,700 [EventQueue-NodeRegistrationContainerReportForContainerSafeModeRule] INFO  safemode.SCMSafeModeManager (SCMSafeModeManager.java:validateSafeModeExitRules(204)) - ContainerSafeModeRule rule is successfully validated
2021-08-04 04:52:39,700 [RatisPipelineUtilsThread - 0] INFO  pipeline.PipelineStateManager (PipelineStateManagerV2Impl.java:addPipeline(101)) - Created pipeline Pipeline[ Id: c9347d10-3db1-454b-b98d-f1353276f7d1, Nodes: 8a31fd49-3da4-4fd9-acfc-b2bde89e3d95{ip: 10.1.0.14, host: fv-az291-261.wgnan5asplgejimfprtllbpdch.jx.internal.cloudapp.net, ports: [REPLICATION=38125, RATIS=37907, RATIS_ADMIN=37907, RATIS_SERVER=37907, STANDALONE=42413], networkLocation: /default-rack, certSerialId: null, persistedOpState: IN_SERVICE, persistedOpStateExpiryEpochSec: 0}, ReplicationConfig: RATIS/ONE, State:ALLOCATED, leaderId:, CreationTimestamp2021-08-04T04:52:39.699Z[Etc/UTC]].
2021-08-04 04:52:39,701 [EventQueue-PipelineReportForOneReplicaPipelineSafeModeRule] INFO  safemode.SCMSafeModeManager (SCMSafeModeManager.java:validateSafeModeExitRules(204)) - AtleastOneDatanodeReportedRule rule is successfully validated
2021-08-04 04:52:39,884 [IPC Server handler 1 on default port 37201] INFO  net.NetworkTopologyImpl (NetworkTopologyImpl.java:add(112)) - Added a new node: /default-rack/387044f6-9ada-47c7-9f57-c4453de21297
2021-08-04 04:52:39,884 [IPC Server handler 1 on default port 37201] INFO  node.SCMNodeManager (SCMNodeManager.java:register(386)) - Registered Data node : 387044f6-9ada-47c7-9f57-c4453de21297{ip: 10.1.0.14, host: fv-az291-261.wgnan5asplgejimfprtllbpdch.jx.internal.cloudapp.net, ports: [REPLICATION=33107, RATIS=39215, RATIS_ADMIN=39215, RATIS_SERVER=39215, STANDALONE=42459], networkLocation: /default-rack, certSerialId: null, persistedOpState: null, persistedOpStateExpiryEpochSec: 0}
2021-08-04 04:52:39,885 [EventQueue-NewNodeForNewNodeHandler] INFO  pipeline.BackgroundPipelineCreator (BackgroundPipelineCreatorV2.java:notifyEventTriggered(285)) - trigger a one-shot run on RatisPipelineUtilsThread.
2021-08-04 04:52:39,885 [EventQueue-NodeRegistrationContainerReportForDataNodeSafeModeRule] INFO  safemode.SCMSafeModeManager (DataNodeSafeModeRule.java:process(71)) - SCM in safe mode. 2 DataNodes registered, 3 required.
2021-08-04 04:52:39,885 [RatisPipelineUtilsThread - 0] INFO  pipeline.RatisPipelineProvider (RatisPipelineProvider.java:lambda$create$0(183)) - Sending CreatePipelineCommand for pipeline:PipelineID=09679ef3-b699-481a-8067-f7822bde2d76 to datanode:387044f6-9ada-47c7-9f57-c4453de21297
2021-08-04 04:52:39,886 [RatisPipelineUtilsThread - 0] INFO  pipeline.PipelineStateManager (PipelineStateManagerV2Impl.java:addPipeline(101)) - Created pipeline Pipeline[ Id: 09679ef3-b699-481a-8067-f7822bde2d76, Nodes: 387044f6-9ada-47c7-9f57-c4453de21297{ip: 10.1.0.14, host: fv-az291-261.wgnan5asplgejimfprtllbpdch.jx.internal.cloudapp.net, ports: [REPLICATION=33107, RATIS=39215, RATIS_ADMIN=39215, RATIS_SERVER=39215, STANDALONE=42459], networkLocation: /default-rack, certSerialId: null, persistedOpState: IN_SERVICE, persistedOpStateExpiryEpochSec: 0}, ReplicationConfig: RATIS/ONE, State:ALLOCATED, leaderId:, CreationTimestamp2021-08-04T04:52:39.885Z[Etc/UTC]].
2021-08-04 04:52:40,052 [Listener at 127.0.0.1/34825] INFO  ozone.MiniOzoneClusterImpl (MiniOzoneClusterImpl.java:lambda$waitForClusterToBeReady$0(235)) - Waiting for nodes to be ready. Got 2 of 3 DN Heartbeats.
2021-08-04 04:52:40,052 [Listener at 127.0.0.1/34825] INFO  ozone.MiniOzoneClusterImpl (MiniOzoneClusterImpl.java:lambda$waitForClusterToBeReady$0(238)) - Waiting for cluster to exit safe mode
2021-08-04 04:52:40,052 [Listener at 127.0.0.1/34825] INFO  ozone.MiniOzoneClusterImpl (MiniOzoneClusterImpl.java:lambda$waitForClusterToBeReady$0(240)) - SCM became leader
2021-08-04 04:52:40,069 [IPC Server handler 2 on default port 37201] INFO  net.NetworkTopologyImpl (NetworkTopologyImpl.java:add(112)) - Added a new node: /default-rack/3b35e8af-4420-4337-880c-bcb538b04dba
2021-08-04 04:52:40,069 [IPC Server handler 2 on default port 37201] INFO  node.SCMNodeManager (SCMNodeManager.java:register(386)) - Registered Data node : 3b35e8af-4420-4337-880c-bcb538b04dba{ip: 10.1.0.14, host: fv-az291-261.wgnan5asplgejimfprtllbpdch.jx.internal.cloudapp.net, ports: [REPLICATION=37687, RATIS=40083, RATIS_ADMIN=40083, RATIS_SERVER=40083, STANDALONE=43785], networkLocation: /default-rack, certSerialId: null, persistedOpState: null, persistedOpStateExpiryEpochSec: 0}
2021-08-04 04:52:40,069 [EventQueue-NewNodeForNewNodeHandler] INFO  pipeline.BackgroundPipelineCreator (BackgroundPipelineCreatorV2.java:notifyEventTriggered(285)) - trigger a one-shot run on RatisPipelineUtilsThread.
2021-08-04 04:52:40,070 [EventQueue-NodeRegistrationContainerReportForDataNodeSafeModeRule] INFO  safemode.SCMSafeModeManager (DataNodeSafeModeRule.java:process(71)) - SCM in safe mode. 3 DataNodes registered, 3 required.
2021-08-04 04:52:40,070 [EventQueue-NodeRegistrationContainerReportForDataNodeSafeModeRule] INFO  safemode.SCMSafeModeManager (SCMSafeModeManager.java:validateSafeModeExitRules(204)) - DataNodeSafeModeRule rule is successfully validated
2021-08-04 04:52:40,070 [EventQueue-NodeRegistrationContainerReportForDataNodeSafeModeRule] INFO  safemode.SCMSafeModeManager (SCMSafeModeManager.java:completePreCheck(233)) - All SCM safe mode pre check rules have passed
2021-08-04 04:52:40,070 [EventQueue-NodeRegistrationContainerReportForDataNodeSafeModeRule] WARN  events.EventQueue (EventQueue.java:fireEvent(194)) - No event handler registered for event TypedEvent{payloadType=SafeModeStatus, name='Safe mode status'}
2021-08-04 04:52:40,070 [EventQueue-NodeRegistrationContainerReportForDataNodeSafeModeRule] INFO  ha.SCMContext (SCMContext.java:updateSafeModeStatus(205)) - Update SafeModeStatus from SafeModeStatus{safeModeStatus=true, preCheckPassed=false} to SafeModeStatus{safeModeStatus=true, preCheckPassed=true}.
2021-08-04 04:52:40,070 [EventQueue-NodeRegistrationContainerReportForDataNodeSafeModeRule] INFO  pipeline.BackgroundPipelineCreator (BackgroundPipelineCreatorV2.java:notifyEventTriggered(285)) - trigger a one-shot run on RatisPipelineUtilsThread.
2021-08-04 04:52:40,070 [RatisPipelineUtilsThread - 0] INFO  pipeline.RatisPipelineProvider (RatisPipelineProvider.java:lambda$create$0(183)) - Sending CreatePipelineCommand for pipeline:PipelineID=446447bf-1478-4b6c-990c-397e682be2ab to datanode:3b35e8af-4420-4337-880c-bcb538b04dba
2021-08-04 04:52:40,071 [RatisPipelineUtilsThread - 0] INFO  pipeline.PipelineStateManager (PipelineStateManagerV2Impl.java:addPipeline(101)) - Created pipeline Pipeline[ Id: 446447bf-1478-4b6c-990c-397e682be2ab, Nodes: 3b35e8af-4420-4337-880c-bcb538b04dba{ip: 10.1.0.14, host: fv-az291-261.wgnan5asplgejimfprtllbpdch.jx.internal.cloudapp.net, ports: [REPLICATION=37687, RATIS=40083, RATIS_ADMIN=40083, RATIS_SERVER=40083, STANDALONE=43785], networkLocation: /default-rack, certSerialId: null, persistedOpState: IN_SERVICE, persistedOpStateExpiryEpochSec: 0}, ReplicationConfig: RATIS/ONE, State:ALLOCATED, leaderId:, CreationTimestamp2021-08-04T04:52:40.070Z[Etc/UTC]].
2021-08-04 04:52:40,071 [RatisPipelineUtilsThread - 0] INFO  pipeline.RatisPipelineProvider (RatisPipelineProvider.java:lambda$create$0(183)) - Sending CreatePipelineCommand for pipeline:PipelineID=4028e4d2-302d-4748-ac75-aa84e7d7b4ec to datanode:3b35e8af-4420-4337-880c-bcb538b04dba
2021-08-04 04:52:40,071 [RatisPipelineUtilsThread - 0] INFO  pipeline.RatisPipelineProvider (RatisPipelineProvider.java:lambda$create$0(183)) - Sending CreatePipelineCommand for pipeline:PipelineID=4028e4d2-302d-4748-ac75-aa84e7d7b4ec to datanode:8a31fd49-3da4-4fd9-acfc-b2bde89e3d95
2021-08-04 04:52:40,071 [RatisPipelineUtilsThread - 0] INFO  pipeline.RatisPipelineProvider (RatisPipelineProvider.java:lambda$create$0(183)) - Sending CreatePipelineCommand for pipeline:PipelineID=4028e4d2-302d-4748-ac75-aa84e7d7b4ec to datanode:387044f6-9ada-47c7-9f57-c4453de21297
2021-08-04 04:52:40,072 [RatisPipelineUtilsThread - 0] INFO  pipeline.PipelineStateManager (PipelineStateManagerV2Impl.java:addPipeline(101)) - Created pipeline Pipeline[ Id: 4028e4d2-302d-4748-ac75-aa84e7d7b4ec, Nodes: 3b35e8af-4420-4337-880c-bcb538b04dba{ip: 10.1.0.14, host: fv-az291-261.wgnan5asplgejimfprtllbpdch.jx.internal.cloudapp.net, ports: [REPLICATION=37687, RATIS=40083, RATIS_ADMIN=40083, RATIS_SERVER=40083, STANDALONE=43785], networkLocation: /default-rack, certSerialId: null, persistedOpState: IN_SERVICE, persistedOpStateExpiryEpochSec: 0}8a31fd49-3da4-4fd9-acfc-b2bde89e3d95{ip: 10.1.0.14, host: fv-az291-261.wgnan5asplgejimfprtllbpdch.jx.internal.cloudapp.net, ports: [REPLICATION=38125, RATIS=37907, RATIS_ADMIN=37907, RATIS_SERVER=37907, STANDALONE=42413], networkLocation: /default-rack, certSerialId: null, persistedOpState: IN_SERVICE, persistedOpStateExpiryEpochSec: 0}387044f6-9ada-47c7-9f57-c4453de21297{ip: 10.1.0.14, host: fv-az291-261.wgnan5asplgejimfprtllbpdch.jx.internal.cloudapp.net, ports: [REPLICATION=33107, RATIS=39215, RATIS_ADMIN=39215, RATIS_SERVER=39215, STANDALONE=42459], networkLocation: /default-rack, certSerialId: null, persistedOpState: IN_SERVICE, persistedOpStateExpiryEpochSec: 0}, ReplicationConfig: RATIS/THREE, State:ALLOCATED, leaderId:, CreationTimestamp2021-08-04T04:52:40.071Z[Etc/UTC]].
2021-08-04 04:52:41,053 [Listener at 127.0.0.1/34825] INFO  ozone.MiniOzoneClusterImpl (MiniOzoneClusterImpl.java:lambda$waitForClusterToBeReady$0(235)) - Nodes are ready. Got 3 of 3 DN Heartbeats.
2021-08-04 04:52:41,053 [Listener at 127.0.0.1/34825] INFO  ozone.MiniOzoneClusterImpl (MiniOzoneClusterImpl.java:lambda$waitForClusterToBeReady$0(238)) - Waiting for cluster to exit safe mode
2021-08-04 04:52:41,053 [Listener at 127.0.0.1/34825] INFO  ozone.MiniOzoneClusterImpl (MiniOzoneClusterImpl.java:lambda$waitForClusterToBeReady$0(240)) - SCM became leader
2021-08-04 04:52:42,053 [Listener at 127.0.0.1/34825] INFO  ozone.MiniOzoneClusterImpl (MiniOzoneClusterImpl.java:lambda$waitForClusterToBeReady$0(235)) - Nodes are ready. Got 3 of 3 DN Heartbeats.
2021-08-04 04:52:42,053 [Listener at 127.0.0.1/34825] INFO  ozone.MiniOzoneClusterImpl (MiniOzoneClusterImpl.java:lambda$waitForClusterToBeReady$0(238)) - Waiting for cluster to exit safe mode
2021-08-04 04:52:42,054 [Listener at 127.0.0.1/34825] INFO  ozone.MiniOzoneClusterImpl (MiniOzoneClusterImpl.java:lambda$waitForClusterToBeReady$0(240)) - SCM became leader
2021-08-04 04:52:42,694 [Command processor thread] INFO  server.RaftServer (RaftServerProxy.java:addNew(95)) - 8a31fd49-3da4-4fd9-acfc-b2bde89e3d95: addNew group-F1353276F7D1:[8a31fd49-3da4-4fd9-acfc-b2bde89e3d95|rpc:10.1.0.14:37907|priority:1] returns group-F1353276F7D1:java.util.concurrent.CompletableFuture@33ec04cb[Not completed]
2021-08-04 04:52:42,695 [pool-194-thread-1] INFO  server.RaftServer$Division (RaftServerImpl.java:<init>(181)) - 8a31fd49-3da4-4fd9-acfc-b2bde89e3d95: new RaftServerImpl for group-F1353276F7D1:[8a31fd49-3da4-4fd9-acfc-b2bde89e3d95|rpc:10.1.0.14:37907|priority:1] with ContainerStateMachine:uninitialized
2021-08-04 04:52:42,695 [pool-194-thread-1] INFO  server.RaftServerConfigKeys (ConfUtils.java:logGet(44)) - raft.server.rpc.timeout.min = 5s (custom)
2021-08-04 04:52:42,695 [pool-194-thread-1] INFO  server.RaftServerConfigKeys (ConfUtils.java:logGet(44)) - raft.server.rpc.timeout.max = 5200ms (custom)
2021-08-04 04:52:42,695 [pool-194-thread-1] INFO  server.RaftServerConfigKeys (ConfUtils.java:logGet(44)) - raft.server.rpc.sleep.time = 25ms (default)
2021-08-04 04:52:42,695 [pool-194-thread-1] INFO  server.RaftServerConfigKeys (ConfUtils.java:logGet(44)) - raft.server.rpc.slowness.timeout = 300s (custom)
2021-08-04 04:52:42,695 [pool-194-thread-1] INFO  server.RaftServerConfigKeys (ConfUtils.java:logGet(44)) - raft.server.leaderelection.leader.step-down.wait-time = 10s (default)
2021-08-04 04:52:42,696 [pool-194-thread-1] INFO  server.RaftServerConfigKeys (ConfUtils.java:logGet(44)) - raft.server.sleep.deviation.threshold = 300ms (default)
2021-08-04 04:52:42,696 [pool-194-thread-1] INFO  server.RaftServerConfigKeys (ConfUtils.java:logGet(44)) - raft.server.log.appender.install.snapshot.enabled = false (custom)
2021-08-04 04:52:42,696 [pool-194-thread-1] INFO  server.RaftServer$Division (ServerState.java:<init>(105)) - 8a31fd49-3da4-4fd9-acfc-b2bde89e3d95@group-F1353276F7D1: ConfigurationManager, init=-1: [8a31fd49-3da4-4fd9-acfc-b2bde89e3d95|rpc:10.1.0.14:37907|priority:1], old=null, confs=<EMPTY_MAP>
2021-08-04 04:52:42,696 [pool-194-thread-1] INFO  server.RaftServerConfigKeys (ConfUtils.java:logGet(44)) - raft.server.storage.dir = [/home/runner/work/ozone/ozone/mnt/ozone/hadoop-ozone/integration-test/target/test-dir/MiniOzoneClusterImpl-f8689e89-4432-43a3-ae55-b25b0dce3dad/datanode-0/data/ratis] (custom)
2021-08-04 04:52:42,696 [pool-194-thread-1] INFO  server.RaftServerConfigKeys (ConfUtils.java:logGet(44)) - raft.server.log.corruption.policy = EXCEPTION (default)
2021-08-04 04:52:42,696 [pool-194-thread-1] INFO  server.RaftServerConfigKeys (ConfUtils.java:logGet(44)) - raft.server.storage.free-space.min = 0MB (=0) (default)
2021-08-04 04:52:42,696 [pool-194-thread-1] INFO  storage.RaftStorageDirectory (RaftStorageDirectoryImpl.java:analyzeStorage(135)) - The storage directory /home/runner/work/ozone/ozone/mnt/ozone/hadoop-ozone/integration-test/target/test-dir/MiniOzoneClusterImpl-f8689e89-4432-43a3-ae55-b25b0dce3dad/datanode-0/data/ratis/c9347d10-3db1-454b-b98d-f1353276f7d1 does not exist. Creating ...
2021-08-04 04:52:42,697 [pool-194-thread-1] INFO  storage.RaftStorageDirectory (RaftStorageDirectoryImpl.java:tryLock(230)) - Lock on /home/runner/work/ozone/ozone/mnt/ozone/hadoop-ozone/integration-test/target/test-dir/MiniOzoneClusterImpl-f8689e89-4432-43a3-ae55-b25b0dce3dad/datanode-0/data/ratis/c9347d10-3db1-454b-b98d-f1353276f7d1/in_use.lock acquired by nodename 11023@fv-az291-261
2021-08-04 04:52:42,699 [pool-194-thread-1] INFO  storage.RaftStorage (RaftStorageImpl.java:format(89)) - Storage directory /home/runner/work/ozone/ozone/mnt/ozone/hadoop-ozone/integration-test/target/test-dir/MiniOzoneClusterImpl-f8689e89-4432-43a3-ae55-b25b0dce3dad/datanode-0/data/ratis/c9347d10-3db1-454b-b98d-f1353276f7d1 has been successfully formatted.
2021-08-04 04:52:42,700 [pool-194-thread-1] INFO  ratis.ContainerStateMachine (ContainerStateMachine.java:loadSnapshot(223)) - group-F1353276F7D1: The snapshot info is null. Setting the last applied indexto:(t:0, i:~)
2021-08-04 04:52:42,700 [pool-194-thread-1] INFO  server.RaftServerConfigKeys (ConfUtils.java:logGet(44)) - raft.server.notification.no-leader.timeout = 300s (custom)
2021-08-04 04:52:42,700 [pool-194-thread-1] INFO  server.RaftServerConfigKeys (ConfUtils.java:logGet(44)) - raft.server.log.use.memory = false (default)
2021-08-04 04:52:42,700 [pool-194-thread-1] INFO  server.RaftServerConfigKeys (ConfUtils.java:logGet(44)) - raft.server.log.purge.gap = 1000000 (custom)
2021-08-04 04:52:42,701 [pool-194-thread-1] INFO  server.RaftServerConfigKeys (ConfUtils.java:logGet(44)) - raft.server.log.appender.buffer.byte-limit = 33554432 (custom)
2021-08-04 04:52:42,701 [pool-194-thread-1] INFO  server.RaftServerConfigKeys (ConfUtils.java:logGet(44)) - raft.server.log.segment.size.max = 1048576 (custom)
2021-08-04 04:52:42,701 [EventQueue-PipelineReportForPipelineReportHandler] INFO  pipeline.PipelineManagerV2Impl (PipelineManagerV2Impl.java:openPipeline(283)) - Pipeline Pipeline[ Id: c9347d10-3db1-454b-b98d-f1353276f7d1, Nodes: 8a31fd49-3da4-4fd9-acfc-b2bde89e3d95{ip: 10.1.0.14, host: fv-az291-261.wgnan5asplgejimfprtllbpdch.jx.internal.cloudapp.net, ports: [REPLICATION=38125, RATIS=37907, RATIS_ADMIN=37907, RATIS_SERVER=37907, STANDALONE=42413], networkLocation: /default-rack, certSerialId: null, persistedOpState: IN_SERVICE, persistedOpStateExpiryEpochSec: 0}, ReplicationConfig: RATIS/ONE, State:ALLOCATED, leaderId:8a31fd49-3da4-4fd9-acfc-b2bde89e3d95, CreationTimestamp2021-08-04T04:52:39.699Z[Etc/UTC]] moved to OPEN state
2021-08-04 04:52:42,701 [pool-194-thread-1] INFO  server.RaftServerConfigKeys (ConfUtils.java:logGet(44)) - raft.server.log.segment.cache.num.max = 2 (custom)
2021-08-04 04:52:42,701 [pool-194-thread-1] INFO  server.RaftServerConfigKeys (ConfUtils.java:logGet(44)) - raft.server.log.segment.cache.size.max = 200MB (=209715200) (default)
2021-08-04 04:52:42,701 [pool-194-thread-1] INFO  segmented.SegmentedRaftLogWorker (SegmentedRaftLogWorker.java:<init>(182)) - new 8a31fd49-3da4-4fd9-acfc-b2bde89e3d95@group-F1353276F7D1-SegmentedRaftLogWorker for RaftStorageImpl:Storage Directory /home/runner/work/ozone/ozone/mnt/ozone/hadoop-ozone/integration-test/target/test-dir/MiniOzoneClusterImpl-f8689e89-4432-43a3-ae55-b25b0dce3dad/datanode-0/data/ratis/c9347d10-3db1-454b-b98d-f1353276f7d1
2021-08-04 04:52:42,701 [pool-194-thread-1] INFO  server.RaftServerConfigKeys (ConfUtils.java:logGet(44)) - raft.server.log.queue.byte-limit = 2147483647 (custom)
2021-08-04 04:52:42,702 [pool-194-thread-1] INFO  server.RaftServerConfigKeys (ConfUtils.java:logGet(44)) - raft.server.log.queue.element-limit = 1024 (custom)
2021-08-04 04:52:42,702 [pool-194-thread-1] INFO  server.RaftServerConfigKeys (ConfUtils.java:logGet(44)) - raft.server.log.segment.size.max = 1048576 (custom)
2021-08-04 04:52:42,702 [pool-194-thread-1] INFO  server.RaftServerConfigKeys (ConfUtils.java:logGet(44)) - raft.server.log.preallocated.size = 16384 (custom)
2021-08-04 04:52:42,702 [pool-194-thread-1] INFO  server.RaftServerConfigKeys (ConfUtils.java:logGet(44)) - raft.server.log.force.sync.num = 128 (default)
2021-08-04 04:52:42,702 [pool-194-thread-1] INFO  server.RaftServerConfigKeys (ConfUtils.java:logGet(44)) - raft.server.log.statemachine.data.sync = true (default)
2021-08-04 04:52:42,702 [pool-194-thread-1] INFO  server.RaftServerConfigKeys (ConfUtils.java:logGet(44)) - raft.server.log.statemachine.data.sync.timeout = 10s (default)
2021-08-04 04:52:42,702 [pool-194-thread-1] INFO  server.RaftServerConfigKeys (ConfUtils.java:logGet(44)) - raft.server.log.statemachine.data.sync.timeout.retry = -1 (default)
2021-08-04 04:52:42,703 [pool-194-thread-1] INFO  server.RaftServerConfigKeys (ConfUtils.java:logGet(44)) - raft.server.log.write.buffer.size = 1048576 (custom)
2021-08-04 04:52:42,704 [pool-194-thread-1] INFO  server.RaftServerConfigKeys (ConfUtils.java:logGet(44)) - raft.server.log.statemachine.data.caching.enabled = true (custom)
2021-08-04 04:52:42,704 [pool-194-thread-1] INFO  segmented.SegmentedRaftLogWorker (SegmentedRaftLogWorker.java:lambda$new$0(133)) - 8a31fd49-3da4-4fd9-acfc-b2bde89e3d95@group-F1353276F7D1-SegmentedRaftLogWorker: flushIndex: setUnconditionally 0 -> -1
2021-08-04 04:52:42,704 [pool-194-thread-1] INFO  segmented.SegmentedRaftLogWorker (SegmentedRaftLogWorker.java:lambda$new$0(133)) - 8a31fd49-3da4-4fd9-acfc-b2bde89e3d95@group-F1353276F7D1-SegmentedRaftLogWorker: safeCacheEvictIndex: setUnconditionally 0 -> -1
2021-08-04 04:52:42,707 [pool-194-thread-1] INFO  server.RaftServerConfigKeys (ConfUtils.java:logGet(44)) - raft.server.snapshot.auto.trigger.enabled = true (custom)
2021-08-04 04:52:42,707 [pool-194-thread-1] INFO  server.RaftServerConfigKeys (ConfUtils.java:logGet(44)) - raft.server.snapshot.auto.trigger.threshold = 10000 (custom)
2021-08-04 04:52:42,707 [pool-194-thread-1] INFO  server.RaftServerConfigKeys (ConfUtils.java:logGet(44)) - raft.server.snapshot.retention.file.num = 5 (custom)
2021-08-04 04:52:42,707 [pool-194-thread-1] INFO  server.RaftServerConfigKeys (ConfUtils.java:logGet(44)) - raft.server.log.purge.upto.snapshot.index = false (default)
2021-08-04 04:52:42,707 [pool-194-thread-1] INFO  server.RaftServerConfigKeys (ConfUtils.java:logGet(44)) - raft.server.retrycache.expirytime = 600000ms (custom)
2021-08-04 04:52:42,707 [pool-194-thread-1] INFO  server.RaftServerConfigKeys (ConfUtils.java:logGet(44)) - raft.server.retrycache.statistics.expirytime = 100μs (default)
2021-08-04 04:52:42,709 [pool-194-thread-1] INFO  server.RaftServer$Division (RaftServerImpl.java:start(296)) - 8a31fd49-3da4-4fd9-acfc-b2bde89e3d95@group-F1353276F7D1: start as a follower, conf=-1: [8a31fd49-3da4-4fd9-acfc-b2bde89e3d95|rpc:10.1.0.14:37907|priority:1], old=null
2021-08-04 04:52:42,710 [pool-194-thread-1] INFO  server.RaftServer$Division (RaftServerImpl.java:setRole(285)) - 8a31fd49-3da4-4fd9-acfc-b2bde89e3d95@group-F1353276F7D1: changes role from      null to FOLLOWER at term 0 for startAsFollower
2021-08-04 04:52:42,710 [pool-194-thread-1] INFO  impl.RoleInfo (RoleInfo.java:updateAndGet(130)) - 8a31fd49-3da4-4fd9-acfc-b2bde89e3d95: start 8a31fd49-3da4-4fd9-acfc-b2bde89e3d95@group-F1353276F7D1-FollowerState
2021-08-04 04:52:42,710 [EventQueue-OpenPipelineForHealthyPipelineSafeModeRule] INFO  safemode.SCMSafeModeManager (HealthyPipelineSafeModeRule.java:process(124)) - SCM in safe mode. Healthy pipelines reported count is 0, required healthy pipeline reported count is 1
2021-08-04 04:52:42,710 [pool-194-thread-1] INFO  util.JmxRegister (JmxRegister.java:tryRegister(44)) - Successfully registered JMX Bean with object name Ratis:service=RaftServer,group=group-F1353276F7D1,id=8a31fd49-3da4-4fd9-acfc-b2bde89e3d95
2021-08-04 04:52:42,711 [Command processor thread] INFO  ratis.XceiverServerRatis (XceiverServerRatis.java:addGroup(759)) - Created group PipelineID=c9347d10-3db1-454b-b98d-f1353276f7d1
2021-08-04 04:52:42,711 [Command processor thread] INFO  commandhandler.CreatePipelineCommandHandler (CreatePipelineCommandHandler.java:handle(106)) - Created Pipeline RATIS ONE PipelineID=c9347d10-3db1-454b-b98d-f1353276f7d1.
2021-08-04 04:52:42,711 [Command processor thread] INFO  server.RaftServer (RaftServerProxy.java:addNew(95)) - 8a31fd49-3da4-4fd9-acfc-b2bde89e3d95: addNew group-AA84E7D7B4EC:[3b35e8af-4420-4337-880c-bcb538b04dba|rpc:10.1.0.14:40083|priority:0, 387044f6-9ada-47c7-9f57-c4453de21297|rpc:10.1.0.14:39215|priority:1, 8a31fd49-3da4-4fd9-acfc-b2bde89e3d95|rpc:10.1.0.14:37907|priority:0] returns group-AA84E7D7B4EC:java.util.concurrent.CompletableFuture@37d3866e[Not completed]
2021-08-04 04:52:42,712 [pool-194-thread-1] INFO  server.RaftServer$Division (RaftServerImpl.java:<init>(181)) - 8a31fd49-3da4-4fd9-acfc-b2bde89e3d95: new RaftServerImpl for group-AA84E7D7B4EC:[3b35e8af-4420-4337-880c-bcb538b04dba|rpc:10.1.0.14:40083|priority:0, 387044f6-9ada-47c7-9f57-c4453de21297|rpc:10.1.0.14:39215|priority:1, 8a31fd49-3da4-4fd9-acfc-b2bde89e3d95|rpc:10.1.0.14:37907|priority:0] with ContainerStateMachine:uninitialized
2021-08-04 04:52:42,712 [pool-194-thread-1] INFO  server.RaftServerConfigKeys (ConfUtils.java:logGet(44)) - raft.server.rpc.timeout.min = 5s (custom)
2021-08-04 04:52:42,712 [pool-194-thread-1] INFO  server.RaftServerConfigKeys (ConfUtils.java:logGet(44)) - raft.server.rpc.timeout.max = 5200ms (custom)
2021-08-04 04:52:42,712 [pool-194-thread-1] INFO  server.RaftServerConfigKeys (ConfUtils.java:logGet(44)) - raft.server.rpc.sleep.time = 25ms (default)
2021-08-04 04:52:42,712 [pool-194-thread-1] INFO  server.RaftServerConfigKeys (ConfUtils.java:logGet(44)) - raft.server.rpc.slowness.timeout = 300s (custom)
2021-08-04 04:52:42,712 [pool-194-thread-1] INFO  server.RaftServerConfigKeys (ConfUtils.java:logGet(44)) - raft.server.leaderelection.leader.step-down.wait-time = 10s (default)
2021-08-04 04:52:42,712 [pool-194-thread-1] INFO  server.RaftServerConfigKeys (ConfUtils.java:logGet(44)) - raft.server.sleep.deviation.threshold = 300ms (default)
2021-08-04 04:52:42,712 [pool-194-thread-1] INFO  server.RaftServerConfigKeys (ConfUtils.java:logGet(44)) - raft.server.log.appender.install.snapshot.enabled = false (custom)
2021-08-04 04:52:42,712 [pool-194-thread-1] INFO  server.RaftServer$Division (ServerState.java:<init>(105)) - 8a31fd49-3da4-4fd9-acfc-b2bde89e3d95@group-AA84E7D7B4EC: ConfigurationManager, init=-1: [3b35e8af-4420-4337-880c-bcb538b04dba|rpc:10.1.0.14:40083|priority:0, 387044f6-9ada-47c7-9f57-c4453de21297|rpc:10.1.0.14:39215|priority:1, 8a31fd49-3da4-4fd9-acfc-b2bde89e3d95|rpc:10.1.0.14:37907|priority:0], old=null, confs=<EMPTY_MAP>
2021-08-04 04:52:42,712 [pool-194-thread-1] INFO  server.RaftServerConfigKeys (ConfUtils.java:logGet(44)) - raft.server.storage.dir = [/home/runner/work/ozone/ozone/mnt/ozone/hadoop-ozone/integration-test/target/test-dir/MiniOzoneClusterImpl-f8689e89-4432-43a3-ae55-b25b0dce3dad/datanode-0/data/ratis] (custom)
2021-08-04 04:52:42,712 [pool-194-thread-1] INFO  server.RaftServerConfigKeys (ConfUtils.java:logGet(44)) - raft.server.log.corruption.policy = EXCEPTION (default)
2021-08-04 04:52:42,712 [pool-194-thread-1] INFO  server.RaftServerConfigKeys (ConfUtils.java:logGet(44)) - raft.server.storage.free-space.min = 0MB (=0) (default)
2021-08-04 04:52:42,713 [pool-194-thread-1] INFO  storage.RaftStorageDirectory (RaftStorageDirectoryImpl.java:analyzeStorage(135)) - The storage directory /home/runner/work/ozone/ozone/mnt/ozone/hadoop-ozone/integration-test/target/test-dir/MiniOzoneClusterImpl-f8689e89-4432-43a3-ae55-b25b0dce3dad/datanode-0/data/ratis/4028e4d2-302d-4748-ac75-aa84e7d7b4ec does not exist. Creating ...
2021-08-04 04:52:42,714 [pool-194-thread-1] INFO  storage.RaftStorageDirectory (RaftStorageDirectoryImpl.java:tryLock(230)) - Lock on /home/runner/work/ozone/ozone/mnt/ozone/hadoop-ozone/integration-test/target/test-dir/MiniOzoneClusterImpl-f8689e89-4432-43a3-ae55-b25b0dce3dad/datanode-0/data/ratis/4028e4d2-302d-4748-ac75-aa84e7d7b4ec/in_use.lock acquired by nodename 11023@fv-az291-261
2021-08-04 04:52:42,716 [pool-194-thread-1] INFO  storage.RaftStorage (RaftStorageImpl.java:format(89)) - Storage directory /home/runner/work/ozone/ozone/mnt/ozone/hadoop-ozone/integration-test/target/test-dir/MiniOzoneClusterImpl-f8689e89-4432-43a3-ae55-b25b0dce3dad/datanode-0/data/ratis/4028e4d2-302d-4748-ac75-aa84e7d7b4ec has been successfully formatted.
2021-08-04 04:52:42,716 [Datanode State Machine Thread - 0] WARN  statemachine.StateContext (StateContext.java:execute(621)) - No available thread in pool for past 0 seconds.
2021-08-04 04:52:42,717 [pool-194-thread-1] INFO  ratis.ContainerStateMachine (ContainerStateMachine.java:loadSnapshot(223)) - group-AA84E7D7B4EC: The snapshot info is null. Setting the last applied indexto:(t:0, i:~)
2021-08-04 04:52:42,717 [pool-194-thread-1] INFO  server.RaftServerConfigKeys (ConfUtils.java:logGet(44)) - raft.server.notification.no-leader.timeout = 300s (custom)
2021-08-04 04:52:42,717 [pool-194-thread-1] INFO  server.RaftServerConfigKeys (ConfUtils.java:logGet(44)) - raft.server.log.use.memory = false (default)
2021-08-04 04:52:42,717 [pool-194-thread-1] INFO  server.RaftServerConfigKeys (ConfUtils.java:logGet(44)) - raft.server.log.purge.gap = 1000000 (custom)
2021-08-04 04:52:42,717 [pool-194-thread-1] INFO  server.RaftServerConfigKeys (ConfUtils.java:logGet(44)) - raft.server.log.appender.buffer.byte-limit = 33554432 (custom)
2021-08-04 04:52:42,718 [pool-194-thread-1] INFO  server.RaftServerConfigKeys (ConfUtils.java:logGet(44)) - raft.server.log.segment.size.max = 1048576 (custom)
2021-08-04 04:52:42,718 [pool-194-thread-1] INFO  server.RaftServerConfigKeys (ConfUtils.java:logGet(44)) - raft.server.log.segment.cache.num.max = 2 (custom)
2021-08-04 04:52:42,718 [pool-194-thread-1] INFO  server.RaftServerConfigKeys (ConfUtils.java:logGet(44)) - raft.server.log.segment.cache.size.max = 200MB (=209715200) (default)
2021-08-04 04:52:42,718 [pool-194-thread-1] INFO  segmented.SegmentedRaftLogWorker (SegmentedRaftLogWorker.java:<init>(182)) - new 8a31fd49-3da4-4fd9-acfc-b2bde89e3d95@group-AA84E7D7B4EC-SegmentedRaftLogWorker for RaftStorageImpl:Storage Directory /home/runner/work/ozone/ozone/mnt/ozone/hadoop-ozone/integration-test/target/test-dir/MiniOzoneClusterImpl-f8689e89-4432-43a3-ae55-b25b0dce3dad/datanode-0/data/ratis/4028e4d2-302d-4748-ac75-aa84e7d7b4ec
2021-08-04 04:52:42,718 [pool-194-thread-1] INFO  server.RaftServerConfigKeys (ConfUtils.java:logGet(44)) - raft.server.log.queue.byte-limit = 2147483647 (custom)
2021-08-04 04:52:42,719 [pool-194-thread-1] INFO  server.RaftServerConfigKeys (ConfUtils.java:logGet(44)) - raft.server.log.queue.element-limit = 1024 (custom)
2021-08-04 04:52:42,719 [pool-194-thread-1] INFO  server.RaftServerConfigKeys (ConfUtils.java:logGet(44)) - raft.server.log.segment.size.max = 1048576 (custom)
2021-08-04 04:52:42,719 [pool-194-thread-1] INFO  server.RaftServerConfigKeys (ConfUtils.java:logGet(44)) - raft.server.log.preallocated.size = 16384 (custom)
2021-08-04 04:52:42,719 [pool-194-thread-1] INFO  server.RaftServerConfigKeys (ConfUtils.java:logGet(44)) - raft.server.log.force.sync.num = 128 (default)
2021-08-04 04:52:42,719 [pool-194-thread-1] INFO  server.RaftServerConfigKeys (ConfUtils.java:logGet(44)) - raft.server.log.statemachine.data.sync = true (default)
2021-08-04 04:52:42,719 [pool-194-thread-1] INFO  server.RaftServerConfigKeys (ConfUtils.java:logGet(44)) - raft.server.log.statemachine.data.sync.timeout = 10s (default)
2021-08-04 04:52:42,719 [pool-194-thread-1] INFO  server.RaftServerConfigKeys (ConfUtils.java:logGet(44)) - raft.server.log.statemachine.data.sync.timeout.retry = -1 (default)
2021-08-04 04:52:42,720 [pool-194-thread-1] INFO  server.RaftServerConfigKeys (ConfUtils.java:logGet(44)) - raft.server.log.write.buffer.size = 1048576 (custom)
2021-08-04 04:52:42,720 [EventQueue-OpenPipelineForHealthyPipelineSafeModeRule] INFO  safemode.SCMSafeModeManager (HealthyPipelineSafeModeRule.java:process(124)) - SCM in safe mode. Healthy pipelines reported count is 0, required healthy pipeline reported count is 1
2021-08-04 04:52:42,721 [pool-194-thread-1] INFO  server.RaftServerConfigKeys (ConfUtils.java:logGet(44)) - raft.server.log.statemachine.data.caching.enabled = true (custom)
2021-08-04 04:52:42,721 [pool-194-thread-1] INFO  segmented.SegmentedRaftLogWorker (SegmentedRaftLogWorker.java:lambda$new$0(133)) - 8a31fd49-3da4-4fd9-acfc-b2bde89e3d95@group-AA84E7D7B4EC-SegmentedRaftLogWorker: flushIndex: setUnconditionally 0 -> -1
2021-08-04 04:52:42,721 [pool-194-thread-1] INFO  segmented.SegmentedRaftLogWorker (SegmentedRaftLogWorker.java:lambda$new$0(133)) - 8a31fd49-3da4-4fd9-acfc-b2bde89e3d95@group-AA84E7D7B4EC-SegmentedRaftLogWorker: safeCacheEvictIndex: setUnconditionally 0 -> -1
2021-08-04 04:52:42,721 [pool-194-thread-1] INFO  server.RaftServerConfigKeys (ConfUtils.java:logGet(44)) - raft.server.snapshot.auto.trigger.enabled = true (custom)
2021-08-04 04:52:42,721 [pool-194-thread-1] INFO  server.RaftServerConfigKeys (ConfUtils.java:logGet(44)) - raft.server.snapshot.auto.trigger.threshold = 10000 (custom)
2021-08-04 04:52:42,721 [pool-194-thread-1] INFO  server.RaftServerConfigKeys (ConfUtils.java:logGet(44)) - raft.server.snapshot.retention.file.num = 5 (custom)
2021-08-04 04:52:42,721 [pool-194-thread-1] INFO  server.RaftServerConfigKeys (ConfUtils.java:logGet(44)) - raft.server.log.purge.upto.snapshot.index = false (default)
2021-08-04 04:52:42,721 [pool-194-thread-1] INFO  server.RaftServerConfigKeys (ConfUtils.java:logGet(44)) - raft.server.retrycache.expirytime = 600000ms (custom)
2021-08-04 04:52:42,721 [pool-194-thread-1] INFO  server.RaftServerConfigKeys (ConfUtils.java:logGet(44)) - raft.server.retrycache.statistics.expirytime = 100μs (default)
2021-08-04 04:52:42,722 [pool-194-thread-1] INFO  server.RaftServer$Division (RaftServerImpl.java:start(296)) - 8a31fd49-3da4-4fd9-acfc-b2bde89e3d95@group-AA84E7D7B4EC: start as a follower, conf=-1: [3b35e8af-4420-4337-880c-bcb538b04dba|rpc:10.1.0.14:40083|priority:0, 387044f6-9ada-47c7-9f57-c4453de21297|rpc:10.1.0.14:39215|priority:1, 8a31fd49-3da4-4fd9-acfc-b2bde89e3d95|rpc:10.1.0.14:37907|priority:0], old=null
2021-08-04 04:52:42,723 [pool-194-thread-1] INFO  server.RaftServer$Division (RaftServerImpl.java:setRole(285)) - 8a31fd49-3da4-4fd9-acfc-b2bde89e3d95@group-AA84E7D7B4EC: changes role from      null to FOLLOWER at term 0 for startAsFollower
2021-08-04 04:52:42,723 [pool-194-thread-1] INFO  impl.RoleInfo (RoleInfo.java:updateAndGet(130)) - 8a31fd49-3da4-4fd9-acfc-b2bde89e3d95: start 8a31fd49-3da4-4fd9-acfc-b2bde89e3d95@group-AA84E7D7B4EC-FollowerState
2021-08-04 04:52:42,727 [pool-194-thread-1] INFO  util.JmxRegister (JmxRegister.java:tryRegister(44)) - Successfully registered JMX Bean with object name Ratis:service=RaftServer,group=group-AA84E7D7B4EC,id=8a31fd49-3da4-4fd9-acfc-b2bde89e3d95
2021-08-04 04:52:42,727 [Command processor thread] INFO  ratis.XceiverServerRatis (XceiverServerRatis.java:addGroup(759)) - Created group PipelineID=4028e4d2-302d-4748-ac75-aa84e7d7b4ec
2021-08-04 04:52:42,736 [grpc-default-executor-3] INFO  server.RaftServer (RaftServerProxy.java:addNew(95)) - 3b35e8af-4420-4337-880c-bcb538b04dba: addNew group-AA84E7D7B4EC:[3b35e8af-4420-4337-880c-bcb538b04dba|rpc:10.1.0.14:40083|dataStream:|priority:0, 387044f6-9ada-47c7-9f57-c4453de21297|rpc:10.1.0.14:39215|dataStream:|priority:1, 8a31fd49-3da4-4fd9-acfc-b2bde89e3d95|rpc:10.1.0.14:37907|dataStream:|priority:0] returns group-AA84E7D7B4EC:java.util.concurrent.CompletableFuture@4a5713d3[Not completed]
2021-08-04 04:52:42,740 [pool-230-thread-1] INFO  server.RaftServer$Division (RaftServerImpl.java:<init>(181)) - 3b35e8af-4420-4337-880c-bcb538b04dba: new RaftServerImpl for group-AA84E7D7B4EC:[3b35e8af-4420-4337-880c-bcb538b04dba|rpc:10.1.0.14:40083|dataStream:|priority:0, 387044f6-9ada-47c7-9f57-c4453de21297|rpc:10.1.0.14:39215|dataStream:|priority:1, 8a31fd49-3da4-4fd9-acfc-b2bde89e3d95|rpc:10.1.0.14:37907|dataStream:|priority:0] with ContainerStateMachine:uninitialized
2021-08-04 04:52:42,740 [pool-230-thread-1] INFO  server.RaftServerConfigKeys (ConfUtils.java:logGet(44)) - raft.server.rpc.timeout.min = 5s (custom)
2021-08-04 04:52:42,740 [pool-230-thread-1] INFO  server.RaftServerConfigKeys (ConfUtils.java:logGet(44)) - raft.server.rpc.timeout.max = 5200ms (custom)
2021-08-04 04:52:42,741 [pool-230-thread-1] INFO  server.RaftServerConfigKeys (ConfUtils.java:logGet(44)) - raft.server.rpc.sleep.time = 25ms (default)
2021-08-04 04:52:42,741 [pool-230-thread-1] INFO  server.RaftServerConfigKeys (ConfUtils.java:logGet(44)) - raft.server.rpc.slowness.timeout = 300s (custom)
2021-08-04 04:52:42,741 [pool-230-thread-1] INFO  server.RaftServerConfigKeys (ConfUtils.java:logGet(44)) - raft.server.leaderelection.leader.step-down.wait-time = 10s (default)
2021-08-04 04:52:42,741 [pool-230-thread-1] INFO  server.RaftServerConfigKeys (ConfUtils.java:logGet(44)) - raft.server.sleep.deviation.threshold = 300ms (default)
2021-08-04 04:52:42,741 [pool-230-thread-1] INFO  server.RaftServerConfigKeys (ConfUtils.java:logGet(44)) - raft.server.log.appender.install.snapshot.enabled = false (custom)
2021-08-04 04:52:42,741 [pool-230-thread-1] INFO  server.RaftServer$Division (ServerState.java:<init>(105)) - 3b35e8af-4420-4337-880c-bcb538b04dba@group-AA84E7D7B4EC: ConfigurationManager, init=-1: [3b35e8af-4420-4337-880c-bcb538b04dba|rpc:10.1.0.14:40083|dataStream:|priority:0, 387044f6-9ada-47c7-9f57-c4453de21297|rpc:10.1.0.14:39215|dataStream:|priority:1, 8a31fd49-3da4-4fd9-acfc-b2bde89e3d95|rpc:10.1.0.14:37907|dataStream:|priority:0], old=null, confs=<EMPTY_MAP>
2021-08-04 04:52:42,741 [pool-230-thread-1] INFO  server.RaftServerConfigKeys (ConfUtils.java:logGet(44)) - raft.server.storage.dir = [/home/runner/work/ozone/ozone/mnt/ozone/hadoop-ozone/integration-test/target/test-dir/MiniOzoneClusterImpl-f8689e89-4432-43a3-ae55-b25b0dce3dad/datanode-2/data/ratis] (custom)
2021-08-04 04:52:42,741 [pool-230-thread-1] INFO  server.RaftServerConfigKeys (ConfUtils.java:logGet(44)) - raft.server.log.corruption.policy = EXCEPTION (default)
2021-08-04 04:52:42,741 [pool-230-thread-1] INFO  server.RaftServerConfigKeys (ConfUtils.java:logGet(44)) - raft.server.storage.free-space.min = 0MB (=0) (default)
2021-08-04 04:52:42,742 [pool-230-thread-1] INFO  storage.RaftStorageDirectory (RaftStorageDirectoryImpl.java:analyzeStorage(135)) - The storage directory /home/runner/work/ozone/ozone/mnt/ozone/hadoop-ozone/integration-test/target/test-dir/MiniOzoneClusterImpl-f8689e89-4432-43a3-ae55-b25b0dce3dad/datanode-2/data/ratis/4028e4d2-302d-4748-ac75-aa84e7d7b4ec does not exist. Creating ...
2021-08-04 04:52:42,743 [pool-230-thread-1] INFO  storage.RaftStorageDirectory (RaftStorageDirectoryImpl.java:tryLock(230)) - Lock on /home/runner/work/ozone/ozone/mnt/ozone/hadoop-ozone/integration-test/target/test-dir/MiniOzoneClusterImpl-f8689e89-4432-43a3-ae55-b25b0dce3dad/datanode-2/data/ratis/4028e4d2-302d-4748-ac75-aa84e7d7b4ec/in_use.lock acquired by nodename 11023@fv-az291-261
2021-08-04 04:52:42,744 [pool-230-thread-1] INFO  storage.RaftStorage (RaftStorageImpl.java:format(89)) - Storage directory /home/runner/work/ozone/ozone/mnt/ozone/hadoop-ozone/integration-test/target/test-dir/MiniOzoneClusterImpl-f8689e89-4432-43a3-ae55-b25b0dce3dad/datanode-2/data/ratis/4028e4d2-302d-4748-ac75-aa84e7d7b4ec has been successfully formatted.
2021-08-04 04:52:42,745 [pool-230-thread-1] INFO  ratis.ContainerStateMachine (ContainerStateMachine.java:loadSnapshot(223)) - group-AA84E7D7B4EC: The snapshot info is null. Setting the last applied indexto:(t:0, i:~)
2021-08-04 04:52:42,745 [pool-230-thread-1] INFO  server.RaftServerConfigKeys (ConfUtils.java:logGet(44)) - raft.server.notification.no-leader.timeout = 300s (custom)
2021-08-04 04:52:42,746 [pool-230-thread-1] INFO  server.RaftServerConfigKeys (ConfUtils.java:logGet(44)) - raft.server.log.use.memory = false (default)
2021-08-04 04:52:42,749 [pool-230-thread-1] INFO  server.RaftServerConfigKeys (ConfUtils.java:logGet(44)) - raft.server.log.purge.gap = 1000000 (custom)
2021-08-04 04:52:42,752 [pool-230-thread-1] INFO  server.RaftServerConfigKeys (ConfUtils.java:logGet(44)) - raft.server.log.appender.buffer.byte-limit = 33554432 (custom)
2021-08-04 04:52:42,752 [pool-230-thread-1] INFO  server.RaftServerConfigKeys (ConfUtils.java:logGet(44)) - raft.server.log.segment.size.max = 1048576 (custom)
2021-08-04 04:52:42,755 [pool-230-thread-1] INFO  server.RaftServerConfigKeys (ConfUtils.java:logGet(44)) - raft.server.log.segment.cache.num.max = 2 (custom)
2021-08-04 04:52:42,755 [pool-230-thread-1] INFO  server.RaftServerConfigKeys (ConfUtils.java:logGet(44)) - raft.server.log.segment.cache.size.max = 200MB (=209715200) (default)
2021-08-04 04:52:42,755 [pool-230-thread-1] INFO  segmented.SegmentedRaftLogWorker (SegmentedRaftLogWorker.java:<init>(182)) - new 3b35e8af-4420-4337-880c-bcb538b04dba@group-AA84E7D7B4EC-SegmentedRaftLogWorker for RaftStorageImpl:Storage Directory /home/runner/work/ozone/ozone/mnt/ozone/hadoop-ozone/integration-test/target/test-dir/MiniOzoneClusterImpl-f8689e89-4432-43a3-ae55-b25b0dce3dad/datanode-2/data/ratis/4028e4d2-302d-4748-ac75-aa84e7d7b4ec
2021-08-04 04:52:42,755 [pool-230-thread-1] INFO  server.RaftServerConfigKeys (ConfUtils.java:logGet(44)) - raft.server.log.queue.byte-limit = 2147483647 (custom)
2021-08-04 04:52:42,755 [pool-230-thread-1] INFO  server.RaftServerConfigKeys (ConfUtils.java:logGet(44)) - raft.server.log.queue.element-limit = 1024 (custom)
2021-08-04 04:52:42,755 [pool-230-thread-1] INFO  server.RaftServerConfigKeys (ConfUtils.java:logGet(44)) - raft.server.log.segment.size.max = 1048576 (custom)
2021-08-04 04:52:42,755 [pool-230-thread-1] INFO  server.RaftServerConfigKeys (ConfUtils.java:logGet(44)) - raft.server.log.preallocated.size = 16384 (custom)
2021-08-04 04:52:42,756 [pool-230-thread-1] INFO  server.RaftServerConfigKeys (ConfUtils.java:logGet(44)) - raft.server.log.force.sync.num = 128 (default)
2021-08-04 04:52:42,756 [pool-230-thread-1] INFO  server.RaftServerConfigKeys (ConfUtils.java:logGet(44)) - raft.server.log.statemachine.data.sync = true (default)
2021-08-04 04:52:42,756 [pool-230-thread-1] INFO  server.RaftServerConfigKeys (ConfUtils.java:logGet(44)) - raft.server.log.statemachine.data.sync.timeout = 10s (default)
2021-08-04 04:52:42,756 [pool-230-thread-1] INFO  server.RaftServerConfigKeys (ConfUtils.java:logGet(44)) - raft.server.log.statemachine.data.sync.timeout.retry = -1 (default)
2021-08-04 04:52:42,757 [pool-230-thread-1] INFO  server.RaftServerConfigKeys (ConfUtils.java:logGet(44)) - raft.server.log.write.buffer.size = 1048576 (custom)
2021-08-04 04:52:42,758 [pool-230-thread-1] INFO  server.RaftServerConfigKeys (ConfUtils.java:logGet(44)) - raft.server.log.statemachine.data.caching.enabled = true (custom)
2021-08-04 04:52:42,758 [pool-230-thread-1] INFO  segmented.SegmentedRaftLogWorker (SegmentedRaftLogWorker.java:lambda$new$0(133)) - 3b35e8af-4420-4337-880c-bcb538b04dba@group-AA84E7D7B4EC-SegmentedRaftLogWorker: flushIndex: setUnconditionally 0 -> -1
2021-08-04 04:52:42,758 [pool-230-thread-1] INFO  segmented.SegmentedRaftLogWorker (SegmentedRaftLogWorker.java:lambda$new$0(133)) - 3b35e8af-4420-4337-880c-bcb538b04dba@group-AA84E7D7B4EC-SegmentedRaftLogWorker: safeCacheEvictIndex: setUnconditionally 0 -> -1
2021-08-04 04:52:42,758 [pool-230-thread-1] INFO  server.RaftServerConfigKeys (ConfUtils.java:logGet(44)) - raft.server.snapshot.auto.trigger.enabled = true (custom)
2021-08-04 04:52:42,758 [pool-230-thread-1] INFO  server.RaftServerConfigKeys (ConfUtils.java:logGet(44)) - raft.server.snapshot.auto.trigger.threshold = 10000 (custom)
2021-08-04 04:52:42,758 [pool-230-thread-1] INFO  server.RaftServerConfigKeys (ConfUtils.java:logGet(44)) - raft.server.snapshot.retention.file.num = 5 (custom)
2021-08-04 04:52:42,758 [pool-230-thread-1] INFO  server.RaftServerConfigKeys (ConfUtils.java:logGet(44)) - raft.server.log.purge.upto.snapshot.index = false (default)
2021-08-04 04:52:42,758 [pool-230-thread-1] INFO  server.RaftServerConfigKeys (ConfUtils.java:logGet(44)) - raft.server.retrycache.expirytime = 600000ms (custom)
2021-08-04 04:52:42,758 [pool-230-thread-1] INFO  server.RaftServerConfigKeys (ConfUtils.java:logGet(44)) - raft.server.retrycache.statistics.expirytime = 100μs (default)
2021-08-04 04:52:42,760 [pool-230-thread-1] INFO  server.RaftServer$Division (RaftServerImpl.java:start(296)) - 3b35e8af-4420-4337-880c-bcb538b04dba@group-AA84E7D7B4EC: start as a follower, conf=-1: [3b35e8af-4420-4337-880c-bcb538b04dba|rpc:10.1.0.14:40083|dataStream:|priority:0, 387044f6-9ada-47c7-9f57-c4453de21297|rpc:10.1.0.14:39215|dataStream:|priority:1, 8a31fd49-3da4-4fd9-acfc-b2bde89e3d95|rpc:10.1.0.14:37907|dataStream:|priority:0], old=null
2021-08-04 04:52:42,760 [pool-230-thread-1] INFO  server.RaftServer$Division (RaftServerImpl.java:setRole(285)) - 3b35e8af-4420-4337-880c-bcb538b04dba@group-AA84E7D7B4EC: changes role from      null to FOLLOWER at term 0 for startAsFollower
2021-08-04 04:52:42,760 [pool-230-thread-1] INFO  impl.RoleInfo (RoleInfo.java:updateAndGet(130)) - 3b35e8af-4420-4337-880c-bcb538b04dba: start 3b35e8af-4420-4337-880c-bcb538b04dba@group-AA84E7D7B4EC-FollowerState
2021-08-04 04:52:42,763 [pool-230-thread-1] INFO  util.JmxRegister (JmxRegister.java:tryRegister(44)) - Successfully registered JMX Bean with object name Ratis:service=RaftServer,group=group-AA84E7D7B4EC,id=3b35e8af-4420-4337-880c-bcb538b04dba
2021-08-04 04:52:42,782 [grpc-default-executor-3] INFO  server.RaftServer (RaftServerProxy.java:addNew(95)) - 387044f6-9ada-47c7-9f57-c4453de21297: addNew group-AA84E7D7B4EC:[3b35e8af-4420-4337-880c-bcb538b04dba|rpc:10.1.0.14:40083|dataStream:|priority:0, 387044f6-9ada-47c7-9f57-c4453de21297|rpc:10.1.0.14:39215|dataStream:|priority:1, 8a31fd49-3da4-4fd9-acfc-b2bde89e3d95|rpc:10.1.0.14:37907|dataStream:|priority:0] returns group-AA84E7D7B4EC:java.util.concurrent.CompletableFuture@75d8d530[Not completed]
2021-08-04 04:52:42,783 [pool-212-thread-1] INFO  server.RaftServer$Division (RaftServerImpl.java:<init>(181)) - 387044f6-9ada-47c7-9f57-c4453de21297: new RaftServerImpl for group-AA84E7D7B4EC:[3b35e8af-4420-4337-880c-bcb538b04dba|rpc:10.1.0.14:40083|dataStream:|priority:0, 387044f6-9ada-47c7-9f57-c4453de21297|rpc:10.1.0.14:39215|dataStream:|priority:1, 8a31fd49-3da4-4fd9-acfc-b2bde89e3d95|rpc:10.1.0.14:37907|dataStream:|priority:0] with ContainerStateMachine:uninitialized
2021-08-04 04:52:42,784 [pool-212-thread-1] INFO  server.RaftServerConfigKeys (ConfUtils.java:logGet(44)) - raft.server.rpc.timeout.min = 5s (custom)
2021-08-04 04:52:42,784 [pool-212-thread-1] INFO  server.RaftServerConfigKeys (ConfUtils.java:logGet(44)) - raft.server.rpc.timeout.max = 5200ms (custom)
2021-08-04 04:52:42,784 [pool-212-thread-1] INFO  server.RaftServerConfigKeys (ConfUtils.java:logGet(44)) - raft.server.rpc.sleep.time = 25ms (default)
2021-08-04 04:52:42,784 [pool-212-thread-1] INFO  server.RaftServerConfigKeys (ConfUtils.java:logGet(44)) - raft.server.rpc.slowness.timeout = 300s (custom)
2021-08-04 04:52:42,784 [pool-212-thread-1] INFO  server.RaftServerConfigKeys (ConfUtils.java:logGet(44)) - raft.server.leaderelection.leader.step-down.wait-time = 10s (default)
2021-08-04 04:52:42,784 [pool-212-thread-1] INFO  server.RaftServerConfigKeys (ConfUtils.java:logGet(44)) - raft.server.sleep.deviation.threshold = 300ms (default)
2021-08-04 04:52:42,784 [pool-212-thread-1] INFO  server.RaftServerConfigKeys (ConfUtils.java:logGet(44)) - raft.server.log.appender.install.snapshot.enabled = false (custom)
2021-08-04 04:52:42,784 [pool-212-thread-1] INFO  server.RaftServer$Division (ServerState.java:<init>(105)) - 387044f6-9ada-47c7-9f57-c4453de21297@group-AA84E7D7B4EC: ConfigurationManager, init=-1: [3b35e8af-4420-4337-880c-bcb538b04dba|rpc:10.1.0.14:40083|dataStream:|priority:0, 387044f6-9ada-47c7-9f57-c4453de21297|rpc:10.1.0.14:39215|dataStream:|priority:1, 8a31fd49-3da4-4fd9-acfc-b2bde89e3d95|rpc:10.1.0.14:37907|dataStream:|priority:0], old=null, confs=<EMPTY_MAP>
2021-08-04 04:52:42,784 [pool-212-thread-1] INFO  server.RaftServerConfigKeys (ConfUtils.java:logGet(44)) - raft.server.storage.dir = [/home/runner/work/ozone/ozone/mnt/ozone/hadoop-ozone/integration-test/target/test-dir/MiniOzoneClusterImpl-f8689e89-4432-43a3-ae55-b25b0dce3dad/datanode-1/data/ratis] (custom)
2021-08-04 04:52:42,785 [pool-212-thread-1] INFO  server.RaftServerConfigKeys (ConfUtils.java:logGet(44)) - raft.server.log.corruption.policy = EXCEPTION (default)
2021-08-04 04:52:42,785 [pool-212-thread-1] INFO  server.RaftServerConfigKeys (ConfUtils.java:logGet(44)) - raft.server.storage.free-space.min = 0MB (=0) (default)
2021-08-04 04:52:42,785 [pool-212-thread-1] INFO  storage.RaftStorageDirectory (RaftStorageDirectoryImpl.java:analyzeStorage(135)) - The storage directory /home/runner/work/ozone/ozone/mnt/ozone/hadoop-ozone/integration-test/target/test-dir/MiniOzoneClusterImpl-f8689e89-4432-43a3-ae55-b25b0dce3dad/datanode-1/data/ratis/4028e4d2-302d-4748-ac75-aa84e7d7b4ec does not exist. Creating ...
2021-08-04 04:52:42,786 [pool-212-thread-1] INFO  storage.RaftStorageDirectory (RaftStorageDirectoryImpl.java:tryLock(230)) - Lock on /home/runner/work/ozone/ozone/mnt/ozone/hadoop-ozone/integration-test/target/test-dir/MiniOzoneClusterImpl-f8689e89-4432-43a3-ae55-b25b0dce3dad/datanode-1/data/ratis/4028e4d2-302d-4748-ac75-aa84e7d7b4ec/in_use.lock acquired by nodename 11023@fv-az291-261
2021-08-04 04:52:42,787 [pool-212-thread-1] INFO  storage.RaftStorage (RaftStorageImpl.java:format(89)) - Storage directory /home/runner/work/ozone/ozone/mnt/ozone/hadoop-ozone/integration-test/target/test-dir/MiniOzoneClusterImpl-f8689e89-4432-43a3-ae55-b25b0dce3dad/datanode-1/data/ratis/4028e4d2-302d-4748-ac75-aa84e7d7b4ec has been successfully formatted.
2021-08-04 04:52:42,788 [Datanode State Machine Thread - 0] WARN  statemachine.StateContext (StateContext.java:execute(621)) - No available thread in pool for past 0 seconds.
2021-08-04 04:52:42,789 [pool-212-thread-1] INFO  ratis.ContainerStateMachine (ContainerStateMachine.java:loadSnapshot(223)) - group-AA84E7D7B4EC: The snapshot info is null. Setting the last applied indexto:(t:0, i:~)
2021-08-04 04:52:42,789 [pool-212-thread-1] INFO  server.RaftServerConfigKeys (ConfUtils.java:logGet(44)) - raft.server.notification.no-leader.timeout = 300s (custom)
2021-08-04 04:52:42,789 [pool-212-thread-1] INFO  server.RaftServerConfigKeys (ConfUtils.java:logGet(44)) - raft.server.log.use.memory = false (default)
2021-08-04 04:52:42,790 [pool-212-thread-1] INFO  server.RaftServerConfigKeys (ConfUtils.java:logGet(44)) - raft.server.log.purge.gap = 1000000 (custom)
2021-08-04 04:52:42,790 [pool-212-thread-1] INFO  server.RaftServerConfigKeys (ConfUtils.java:logGet(44)) - raft.server.log.appender.buffer.byte-limit = 33554432 (custom)
2021-08-04 04:52:42,790 [pool-212-thread-1] INFO  server.RaftServerConfigKeys (ConfUtils.java:logGet(44)) - raft.server.log.segment.size.max = 1048576 (custom)
2021-08-04 04:52:42,790 [pool-212-thread-1] INFO  server.RaftServerConfigKeys (ConfUtils.java:logGet(44)) - raft.server.log.segment.cache.num.max = 2 (custom)
2021-08-04 04:52:42,790 [pool-212-thread-1] INFO  server.RaftServerConfigKeys (ConfUtils.java:logGet(44)) - raft.server.log.segment.cache.size.max = 200MB (=209715200) (default)
2021-08-04 04:52:42,790 [pool-212-thread-1] INFO  segmented.SegmentedRaftLogWorker (SegmentedRaftLogWorker.java:<init>(182)) - new 387044f6-9ada-47c7-9f57-c4453de21297@group-AA84E7D7B4EC-SegmentedRaftLogWorker for RaftStorageImpl:Storage Directory /home/runner/work/ozone/ozone/mnt/ozone/hadoop-ozone/integration-test/target/test-dir/MiniOzoneClusterImpl-f8689e89-4432-43a3-ae55-b25b0dce3dad/datanode-1/data/ratis/4028e4d2-302d-4748-ac75-aa84e7d7b4ec
2021-08-04 04:52:42,791 [pool-212-thread-1] INFO  server.RaftServerConfigKeys (ConfUtils.java:logGet(44)) - raft.server.log.queue.byte-limit = 2147483647 (custom)
2021-08-04 04:52:42,791 [pool-212-thread-1] INFO  server.RaftServerConfigKeys (ConfUtils.java:logGet(44)) - raft.server.log.queue.element-limit = 1024 (custom)
2021-08-04 04:52:42,791 [pool-212-thread-1] INFO  server.RaftServerConfigKeys (ConfUtils.java:logGet(44)) - raft.server.log.segment.size.max = 1048576 (custom)
2021-08-04 04:52:42,791 [pool-212-thread-1] INFO  server.RaftServerConfigKeys (ConfUtils.java:logGet(44)) - raft.server.log.preallocated.size = 16384 (custom)
2021-08-04 04:52:42,791 [pool-212-thread-1] INFO  server.RaftServerConfigKeys (ConfUtils.java:logGet(44)) - raft.server.log.force.sync.num = 128 (default)
2021-08-04 04:52:42,791 [pool-212-thread-1] INFO  server.RaftServerConfigKeys (ConfUtils.java:logGet(44)) - raft.server.log.statemachine.data.sync = true (default)
2021-08-04 04:52:42,791 [pool-212-thread-1] INFO  server.RaftServerConfigKeys (ConfUtils.java:logGet(44)) - raft.server.log.statemachine.data.sync.timeout = 10s (default)
2021-08-04 04:52:42,791 [pool-212-thread-1] INFO  server.RaftServerConfigKeys (ConfUtils.java:logGet(44)) - raft.server.log.statemachine.data.sync.timeout.retry = -1 (default)
2021-08-04 04:52:42,792 [pool-212-thread-1] INFO  server.RaftServerConfigKeys (ConfUtils.java:logGet(44)) - raft.server.log.write.buffer.size = 1048576 (custom)
2021-08-04 04:52:42,793 [pool-212-thread-1] INFO  server.RaftServerConfigKeys (ConfUtils.java:logGet(44)) - raft.server.log.statemachine.data.caching.enabled = true (custom)
2021-08-04 04:52:42,793 [pool-212-thread-1] INFO  segmented.SegmentedRaftLogWorker (SegmentedRaftLogWorker.java:lambda$new$0(133)) - 387044f6-9ada-47c7-9f57-c4453de21297@group-AA84E7D7B4EC-SegmentedRaftLogWorker: flushIndex: setUnconditionally 0 -> -1
2021-08-04 04:52:42,793 [pool-212-thread-1] INFO  segmented.SegmentedRaftLogWorker (SegmentedRaftLogWorker.java:lambda$new$0(133)) - 387044f6-9ada-47c7-9f57-c4453de21297@group-AA84E7D7B4EC-SegmentedRaftLogWorker: safeCacheEvictIndex: setUnconditionally 0 -> -1
2021-08-04 04:52:42,794 [pool-212-thread-1] INFO  server.RaftServerConfigKeys (ConfUtils.java:logGet(44)) - raft.server.snapshot.auto.trigger.enabled = true (custom)
2021-08-04 04:52:42,794 [pool-212-thread-1] INFO  server.RaftServerConfigKeys (ConfUtils.java:logGet(44)) - raft.server.snapshot.auto.trigger.threshold = 10000 (custom)
2021-08-04 04:52:42,794 [pool-212-thread-1] INFO  server.RaftServerConfigKeys (ConfUtils.java:logGet(44)) - raft.server.snapshot.retention.file.num = 5 (custom)
2021-08-04 04:52:42,794 [pool-212-thread-1] INFO  server.RaftServerConfigKeys (ConfUtils.java:logGet(44)) - raft.server.log.purge.upto.snapshot.index = false (default)
2021-08-04 04:52:42,794 [pool-212-thread-1] INFO  server.RaftServerConfigKeys (ConfUtils.java:logGet(44)) - raft.server.retrycache.expirytime = 600000ms (custom)
2021-08-04 04:52:42,794 [pool-212-thread-1] INFO  server.RaftServerConfigKeys (ConfUtils.java:logGet(44)) - raft.server.retrycache.statistics.expirytime = 100μs (default)
2021-08-04 04:52:42,795 [pool-212-thread-1] INFO  server.RaftServer$Division (RaftServerImpl.java:start(296)) - 387044f6-9ada-47c7-9f57-c4453de21297@group-AA84E7D7B4EC: start as a follower, conf=-1: [3b35e8af-4420-4337-880c-bcb538b04dba|rpc:10.1.0.14:40083|dataStream:|priority:0, 387044f6-9ada-47c7-9f57-c4453de21297|rpc:10.1.0.14:39215|dataStream:|priority:1, 8a31fd49-3da4-4fd9-acfc-b2bde89e3d95|rpc:10.1.0.14:37907|dataStream:|priority:0], old=null
2021-08-04 04:52:42,795 [pool-212-thread-1] INFO  server.RaftServer$Division (RaftServerImpl.java:setRole(285)) - 387044f6-9ada-47c7-9f57-c4453de21297@group-AA84E7D7B4EC: changes role from      null to FOLLOWER at term 0 for startAsFollower
2021-08-04 04:52:42,795 [pool-212-thread-1] INFO  impl.RoleInfo (RoleInfo.java:updateAndGet(130)) - 387044f6-9ada-47c7-9f57-c4453de21297: start 387044f6-9ada-47c7-9f57-c4453de21297@group-AA84E7D7B4EC-FollowerState
2021-08-04 04:52:42,795 [pool-212-thread-1] INFO  util.JmxRegister (JmxRegister.java:tryRegister(44)) - Successfully registered JMX Bean with object name Ratis:service=RaftServer,group=group-AA84E7D7B4EC,id=387044f6-9ada-47c7-9f57-c4453de21297
2021-08-04 04:52:42,800 [Command processor thread] INFO  commandhandler.CreatePipelineCommandHandler (CreatePipelineCommandHandler.java:handle(106)) - Created Pipeline RATIS THREE PipelineID=4028e4d2-302d-4748-ac75-aa84e7d7b4ec.
2021-08-04 04:52:42,883 [Command processor thread] INFO  server.RaftServer (RaftServerProxy.java:addNew(95)) - 387044f6-9ada-47c7-9f57-c4453de21297: addNew group-F7822BDE2D76:[387044f6-9ada-47c7-9f57-c4453de21297|rpc:10.1.0.14:39215|priority:1] returns group-F7822BDE2D76:java.util.concurrent.CompletableFuture@490f97bd[Not completed]
2021-08-04 04:52:42,884 [pool-212-thread-1] INFO  server.RaftServer$Division (RaftServerImpl.java:<init>(181)) - 387044f6-9ada-47c7-9f57-c4453de21297: new RaftServerImpl for group-F7822BDE2D76:[387044f6-9ada-47c7-9f57-c4453de21297|rpc:10.1.0.14:39215|priority:1] with ContainerStateMachine:uninitialized
2021-08-04 04:52:42,884 [pool-212-thread-1] INFO  server.RaftServerConfigKeys (ConfUtils.java:logGet(44)) - raft.server.rpc.timeout.min = 5s (custom)
2021-08-04 04:52:42,884 [pool-212-thread-1] INFO  server.RaftServerConfigKeys (ConfUtils.java:logGet(44)) - raft.server.rpc.timeout.max = 5200ms (custom)
2021-08-04 04:52:42,884 [pool-212-thread-1] INFO  server.RaftServerConfigKeys (ConfUtils.java:logGet(44)) - raft.server.rpc.sleep.time = 25ms (default)
2021-08-04 04:52:42,884 [pool-212-thread-1] INFO  server.RaftServerConfigKeys (ConfUtils.java:logGet(44)) - raft.server.rpc.slowness.timeout = 300s (custom)
2021-08-04 04:52:42,884 [pool-212-thread-1] INFO  server.RaftServerConfigKeys (ConfUtils.java:logGet(44)) - raft.server.leaderelection.leader.step-down.wait-time = 10s (default)
2021-08-04 04:52:42,884 [pool-212-thread-1] INFO  server.RaftServerConfigKeys (ConfUtils.java:logGet(44)) - raft.server.sleep.deviation.threshold = 300ms (default)
2021-08-04 04:52:42,884 [pool-212-thread-1] INFO  server.RaftServerConfigKeys (ConfUtils.java:logGet(44)) - raft.server.log.appender.install.snapshot.enabled = false (custom)
2021-08-04 04:52:42,884 [pool-212-thread-1] INFO  server.RaftServer$Division (ServerState.java:<init>(105)) - 387044f6-9ada-47c7-9f57-c4453de21297@group-F7822BDE2D76: ConfigurationManager, init=-1: [387044f6-9ada-47c7-9f57-c4453de21297|rpc:10.1.0.14:39215|priority:1], old=null, confs=<EMPTY_MAP>
2021-08-04 04:52:42,884 [pool-212-thread-1] INFO  server.RaftServerConfigKeys (ConfUtils.java:logGet(44)) - raft.server.storage.dir = [/home/runner/work/ozone/ozone/mnt/ozone/hadoop-ozone/integration-test/target/test-dir/MiniOzoneClusterImpl-f8689e89-4432-43a3-ae55-b25b0dce3dad/datanode-1/data/ratis] (custom)
2021-08-04 04:52:42,884 [pool-212-thread-1] INFO  server.RaftServerConfigKeys (ConfUtils.java:logGet(44)) - raft.server.log.corruption.policy = EXCEPTION (default)
2021-08-04 04:52:42,884 [pool-212-thread-1] INFO  server.RaftServerConfigKeys (ConfUtils.java:logGet(44)) - raft.server.storage.free-space.min = 0MB (=0) (default)
2021-08-04 04:52:42,885 [pool-212-thread-1] INFO  storage.RaftStorageDirectory (RaftStorageDirectoryImpl.java:analyzeStorage(135)) - The storage directory /home/runner/work/ozone/ozone/mnt/ozone/hadoop-ozone/integration-test/target/test-dir/MiniOzoneClusterImpl-f8689e89-4432-43a3-ae55-b25b0dce3dad/datanode-1/data/ratis/09679ef3-b699-481a-8067-f7822bde2d76 does not exist. Creating ...
2021-08-04 04:52:42,886 [pool-212-thread-1] INFO  storage.RaftStorageDirectory (RaftStorageDirectoryImpl.java:tryLock(230)) - Lock on /home/runner/work/ozone/ozone/mnt/ozone/hadoop-ozone/integration-test/target/test-dir/MiniOzoneClusterImpl-f8689e89-4432-43a3-ae55-b25b0dce3dad/datanode-1/data/ratis/09679ef3-b699-481a-8067-f7822bde2d76/in_use.lock acquired by nodename 11023@fv-az291-261
2021-08-04 04:52:42,887 [pool-212-thread-1] INFO  storage.RaftStorage (RaftStorageImpl.java:format(89)) - Storage directory /home/runner/work/ozone/ozone/mnt/ozone/hadoop-ozone/integration-test/target/test-dir/MiniOzoneClusterImpl-f8689e89-4432-43a3-ae55-b25b0dce3dad/datanode-1/data/ratis/09679ef3-b699-481a-8067-f7822bde2d76 has been successfully formatted.
2021-08-04 04:52:42,887 [pool-212-thread-1] INFO  ratis.ContainerStateMachine (ContainerStateMachine.java:loadSnapshot(223)) - group-F7822BDE2D76: The snapshot info is null. Setting the last applied indexto:(t:0, i:~)
2021-08-04 04:52:42,888 [Datanode State Machine Thread - 0] WARN  statemachine.StateContext (StateContext.java:execute(621)) - No available thread in pool for past 0 seconds.
2021-08-04 04:52:42,888 [pool-212-thread-1] INFO  server.RaftServerConfigKeys (ConfUtils.java:logGet(44)) - raft.server.notification.no-leader.timeout = 300s (custom)
2021-08-04 04:52:42,888 [pool-212-thread-1] INFO  server.RaftServerConfigKeys (ConfUtils.java:logGet(44)) - raft.server.log.use.memory = false (default)
2021-08-04 04:52:42,888 [pool-212-thread-1] INFO  server.RaftServerConfigKeys (ConfUtils.java:logGet(44)) - raft.server.log.purge.gap = 1000000 (custom)
2021-08-04 04:52:42,888 [pool-212-thread-1] INFO  server.RaftServerConfigKeys (ConfUtils.java:logGet(44)) - raft.server.log.appender.buffer.byte-limit = 33554432 (custom)
2021-08-04 04:52:42,889 [pool-212-thread-1] INFO  server.RaftServerConfigKeys (ConfUtils.java:logGet(44)) - raft.server.log.segment.size.max = 1048576 (custom)
2021-08-04 04:52:42,889 [pool-212-thread-1] INFO  server.RaftServerConfigKeys (ConfUtils.java:logGet(44)) - raft.server.log.segment.cache.num.max = 2 (custom)
2021-08-04 04:52:42,889 [pool-212-thread-1] INFO  server.RaftServerConfigKeys (ConfUtils.java:logGet(44)) - raft.server.log.segment.cache.size.max = 200MB (=209715200) (default)
2021-08-04 04:52:42,889 [pool-212-thread-1] INFO  segmented.SegmentedRaftLogWorker (SegmentedRaftLogWorker.java:<init>(182)) - new 387044f6-9ada-47c7-9f57-c4453de21297@group-F7822BDE2D76-SegmentedRaftLogWorker for RaftStorageImpl:Storage Directory /home/runner/work/ozone/ozone/mnt/ozone/hadoop-ozone/integration-test/target/test-dir/MiniOzoneClusterImpl-f8689e89-4432-43a3-ae55-b25b0dce3dad/datanode-1/data/ratis/09679ef3-b699-481a-8067-f7822bde2d76
2021-08-04 04:52:42,890 [pool-212-thread-1] INFO  server.RaftServerConfigKeys (ConfUtils.java:logGet(44)) - raft.server.log.queue.byte-limit = 2147483647 (custom)
2021-08-04 04:52:42,890 [pool-212-thread-1] INFO  server.RaftServerConfigKeys (ConfUtils.java:logGet(44)) - raft.server.log.queue.element-limit = 1024 (custom)
2021-08-04 04:52:42,890 [pool-212-thread-1] INFO  server.RaftServerConfigKeys (ConfUtils.java:logGet(44)) - raft.server.log.segment.size.max = 1048576 (custom)
2021-08-04 04:52:42,890 [pool-212-thread-1] INFO  server.RaftServerConfigKeys (ConfUtils.java:logGet(44)) - raft.server.log.preallocated.size = 16384 (custom)
2021-08-04 04:52:42,890 [pool-212-thread-1] INFO  server.RaftServerConfigKeys (ConfUtils.java:logGet(44)) - raft.server.log.force.sync.num = 128 (default)
2021-08-04 04:52:42,890 [pool-212-thread-1] INFO  server.RaftServerConfigKeys (ConfUtils.java:logGet(44)) - raft.server.log.statemachine.data.sync = true (default)
2021-08-04 04:52:42,890 [pool-212-thread-1] INFO  server.RaftServerConfigKeys (ConfUtils.java:logGet(44)) - raft.server.log.statemachine.data.sync.timeout = 10s (default)
2021-08-04 04:52:42,890 [pool-212-thread-1] INFO  server.RaftServerConfigKeys (ConfUtils.java:logGet(44)) - raft.server.log.statemachine.data.sync.timeout.retry = -1 (default)
2021-08-04 04:52:42,891 [pool-212-thread-1] INFO  server.RaftServerConfigKeys (ConfUtils.java:logGet(44)) - raft.server.log.write.buffer.size = 1048576 (custom)
2021-08-04 04:52:42,891 [pool-212-thread-1] INFO  server.RaftServerConfigKeys (ConfUtils.java:logGet(44)) - raft.server.log.statemachine.data.caching.enabled = true (custom)
2021-08-04 04:52:42,891 [pool-212-thread-1] INFO  segmented.SegmentedRaftLogWorker (SegmentedRaftLogWorker.java:lambda$new$0(133)) - 387044f6-9ada-47c7-9f57-c4453de21297@group-F7822BDE2D76-SegmentedRaftLogWorker: flushIndex: setUnconditionally 0 -> -1
2021-08-04 04:52:42,892 [pool-212-thread-1] INFO  segmented.SegmentedRaftLogWorker (SegmentedRaftLogWorker.java:lambda$new$0(133)) - 387044f6-9ada-47c7-9f57-c4453de21297@group-F7822BDE2D76-SegmentedRaftLogWorker: safeCacheEvictIndex: setUnconditionally 0 -> -1
2021-08-04 04:52:42,892 [pool-212-thread-1] INFO  server.RaftServerConfigKeys (ConfUtils.java:logGet(44)) - raft.server.snapshot.auto.trigger.enabled = true (custom)
2021-08-04 04:52:42,892 [pool-212-thread-1] INFO  server.RaftServerConfigKeys (ConfUtils.java:logGet(44)) - raft.server.snapshot.auto.trigger.threshold = 10000 (custom)
2021-08-04 04:52:42,892 [pool-212-thread-1] INFO  server.RaftServerConfigKeys (ConfUtils.java:logGet(44)) - raft.server.snapshot.retention.file.num = 5 (custom)
2021-08-04 04:52:42,892 [pool-212-thread-1] INFO  server.RaftServerConfigKeys (ConfUtils.java:logGet(44)) - raft.server.log.purge.upto.snapshot.index = false (default)
2021-08-04 04:52:42,892 [pool-212-thread-1] INFO  server.RaftServerConfigKeys (ConfUtils.java:logGet(44)) - raft.server.retrycache.expirytime = 600000ms (custom)
2021-08-04 04:52:42,892 [pool-212-thread-1] INFO  server.RaftServerConfigKeys (ConfUtils.java:logGet(44)) - raft.server.retrycache.statistics.expirytime = 100μs (default)
2021-08-04 04:52:42,893 [pool-212-thread-1] INFO  server.RaftServer$Division (RaftServerImpl.java:start(296)) - 387044f6-9ada-47c7-9f57-c4453de21297@group-F7822BDE2D76: start as a follower, conf=-1: [387044f6-9ada-47c7-9f57-c4453de21297|rpc:10.1.0.14:39215|priority:1], old=null
2021-08-04 04:52:42,893 [pool-212-thread-1] INFO  server.RaftServer$Division (RaftServerImpl.java:setRole(285)) - 387044f6-9ada-47c7-9f57-c4453de21297@group-F7822BDE2D76: changes role from      null to FOLLOWER at term 0 for startAsFollower
2021-08-04 04:52:42,893 [pool-212-thread-1] INFO  impl.RoleInfo (RoleInfo.java:updateAndGet(130)) - 387044f6-9ada-47c7-9f57-c4453de21297: start 387044f6-9ada-47c7-9f57-c4453de21297@group-F7822BDE2D76-FollowerState
2021-08-04 04:52:42,894 [EventQueue-PipelineReportForPipelineReportHandler] INFO  pipeline.PipelineManagerV2Impl (PipelineManagerV2Impl.java:openPipeline(283)) - Pipeline Pipeline[ Id: 09679ef3-b699-481a-8067-f7822bde2d76, Nodes: 387044f6-9ada-47c7-9f57-c4453de21297{ip: 10.1.0.14, host: fv-az291-261.wgnan5asplgejimfprtllbpdch.jx.internal.cloudapp.net, ports: [REPLICATION=33107, RATIS=39215, RATIS_ADMIN=39215, RATIS_SERVER=39215, STANDALONE=42459], networkLocation: /default-rack, certSerialId: null, persistedOpState: IN_SERVICE, persistedOpStateExpiryEpochSec: 0}, ReplicationConfig: RATIS/ONE, State:ALLOCATED, leaderId:387044f6-9ada-47c7-9f57-c4453de21297, CreationTimestamp2021-08-04T04:52:39.885Z[Etc/UTC]] moved to OPEN state
2021-08-04 04:52:42,894 [EventQueue-OpenPipelineForHealthyPipelineSafeModeRule] INFO  safemode.SCMSafeModeManager (HealthyPipelineSafeModeRule.java:process(124)) - SCM in safe mode. Healthy pipelines reported count is 0, required healthy pipeline reported count is 1
2021-08-04 04:52:42,895 [pool-212-thread-1] INFO  util.JmxRegister (JmxRegister.java:tryRegister(44)) - Successfully registered JMX Bean with object name Ratis:service=RaftServer,group=group-F7822BDE2D76,id=387044f6-9ada-47c7-9f57-c4453de21297
2021-08-04 04:52:42,899 [Command processor thread] INFO  ratis.XceiverServerRatis (XceiverServerRatis.java:addGroup(759)) - Created group PipelineID=09679ef3-b699-481a-8067-f7822bde2d76
2021-08-04 04:52:42,899 [Command processor thread] INFO  commandhandler.CreatePipelineCommandHandler (CreatePipelineCommandHandler.java:handle(106)) - Created Pipeline RATIS ONE PipelineID=09679ef3-b699-481a-8067-f7822bde2d76.
2021-08-04 04:52:43,054 [Listener at 127.0.0.1/34825] INFO  ozone.MiniOzoneClusterImpl (MiniOzoneClusterImpl.java:lambda$waitForClusterToBeReady$0(235)) - Nodes are ready. Got 3 of 3 DN Heartbeats.
2021-08-04 04:52:43,054 [Listener at 127.0.0.1/34825] INFO  ozone.MiniOzoneClusterImpl (MiniOzoneClusterImpl.java:lambda$waitForClusterToBeReady$0(238)) - Waiting for cluster to exit safe mode
2021-08-04 04:52:43,054 [Listener at 127.0.0.1/34825] INFO  ozone.MiniOzoneClusterImpl (MiniOzoneClusterImpl.java:lambda$waitForClusterToBeReady$0(240)) - SCM became leader
2021-08-04 04:52:43,068 [Command processor thread] INFO  server.RaftServer (RaftServerProxy.java:addNew(95)) - 3b35e8af-4420-4337-880c-bcb538b04dba: addNew group-397E682BE2AB:[3b35e8af-4420-4337-880c-bcb538b04dba|rpc:10.1.0.14:40083|priority:1] returns group-397E682BE2AB:java.util.concurrent.CompletableFuture@2a3f376e[Not completed]
2021-08-04 04:52:43,069 [pool-230-thread-1] INFO  server.RaftServer$Division (RaftServerImpl.java:<init>(181)) - 3b35e8af-4420-4337-880c-bcb538b04dba: new RaftServerImpl for group-397E682BE2AB:[3b35e8af-4420-4337-880c-bcb538b04dba|rpc:10.1.0.14:40083|priority:1] with ContainerStateMachine:uninitialized
2021-08-04 04:52:43,069 [pool-230-thread-1] INFO  server.RaftServerConfigKeys (ConfUtils.java:logGet(44)) - raft.server.rpc.timeout.min = 5s (custom)
2021-08-04 04:52:43,070 [pool-230-thread-1] INFO  server.RaftServerConfigKeys (ConfUtils.java:logGet(44)) - raft.server.rpc.timeout.max = 5200ms (custom)
2021-08-04 04:52:43,070 [pool-230-thread-1] INFO  server.RaftServerConfigKeys (ConfUtils.java:logGet(44)) - raft.server.rpc.sleep.time = 25ms (default)
2021-08-04 04:52:43,070 [pool-230-thread-1] INFO  server.RaftServerConfigKeys (ConfUtils.java:logGet(44)) - raft.server.rpc.slowness.timeout = 300s (custom)
2021-08-04 04:52:43,070 [pool-230-thread-1] INFO  server.RaftServerConfigKeys (ConfUtils.java:logGet(44)) - raft.server.leaderelection.leader.step-down.wait-time = 10s (default)
2021-08-04 04:52:43,070 [pool-230-thread-1] INFO  server.RaftServerConfigKeys (ConfUtils.java:logGet(44)) - raft.server.sleep.deviation.threshold = 300ms (default)
2021-08-04 04:52:43,070 [pool-230-thread-1] INFO  server.RaftServerConfigKeys (ConfUtils.java:logGet(44)) - raft.server.log.appender.install.snapshot.enabled = false (custom)
2021-08-04 04:52:43,070 [pool-230-thread-1] INFO  server.RaftServer$Division (ServerState.java:<init>(105)) - 3b35e8af-4420-4337-880c-bcb538b04dba@group-397E682BE2AB: ConfigurationManager, init=-1: [3b35e8af-4420-4337-880c-bcb538b04dba|rpc:10.1.0.14:40083|priority:1], old=null, confs=<EMPTY_MAP>
2021-08-04 04:52:43,070 [pool-230-thread-1] INFO  server.RaftServerConfigKeys (ConfUtils.java:logGet(44)) - raft.server.storage.dir = [/home/runner/work/ozone/ozone/mnt/ozone/hadoop-ozone/integration-test/target/test-dir/MiniOzoneClusterImpl-f8689e89-4432-43a3-ae55-b25b0dce3dad/datanode-2/data/ratis] (custom)
2021-08-04 04:52:43,070 [pool-230-thread-1] INFO  server.RaftServerConfigKeys (ConfUtils.java:logGet(44)) - raft.server.log.corruption.policy = EXCEPTION (default)
2021-08-04 04:52:43,070 [pool-230-thread-1] INFO  server.RaftServerConfigKeys (ConfUtils.java:logGet(44)) - raft.server.storage.free-space.min = 0MB (=0) (default)
2021-08-04 04:52:43,070 [pool-230-thread-1] INFO  storage.RaftStorageDirectory (RaftStorageDirectoryImpl.java:analyzeStorage(135)) - The storage directory /home/runner/work/ozone/ozone/mnt/ozone/hadoop-ozone/integration-test/target/test-dir/MiniOzoneClusterImpl-f8689e89-4432-43a3-ae55-b25b0dce3dad/datanode-2/data/ratis/446447bf-1478-4b6c-990c-397e682be2ab does not exist. Creating ...
2021-08-04 04:52:43,072 [pool-230-thread-1] INFO  storage.RaftStorageDirectory (RaftStorageDirectoryImpl.java:tryLock(230)) - Lock on /home/runner/work/ozone/ozone/mnt/ozone/hadoop-ozone/integration-test/target/test-dir/MiniOzoneClusterImpl-f8689e89-4432-43a3-ae55-b25b0dce3dad/datanode-2/data/ratis/446447bf-1478-4b6c-990c-397e682be2ab/in_use.lock acquired by nodename 11023@fv-az291-261
2021-08-04 04:52:43,073 [pool-230-thread-1] INFO  storage.RaftStorage (RaftStorageImpl.java:format(89)) - Storage directory /home/runner/work/ozone/ozone/mnt/ozone/hadoop-ozone/integration-test/target/test-dir/MiniOzoneClusterImpl-f8689e89-4432-43a3-ae55-b25b0dce3dad/datanode-2/data/ratis/446447bf-1478-4b6c-990c-397e682be2ab has been successfully formatted.
2021-08-04 04:52:43,074 [pool-230-thread-1] INFO  ratis.ContainerStateMachine (ContainerStateMachine.java:loadSnapshot(223)) - group-397E682BE2AB: The snapshot info is null. Setting the last applied indexto:(t:0, i:~)
2021-08-04 04:52:43,075 [EventQueue-PipelineReportForPipelineReportHandler] INFO  pipeline.PipelineManagerV2Impl (PipelineManagerV2Impl.java:openPipeline(283)) - Pipeline Pipeline[ Id: 446447bf-1478-4b6c-990c-397e682be2ab, Nodes: 3b35e8af-4420-4337-880c-bcb538b04dba{ip: 10.1.0.14, host: fv-az291-261.wgnan5asplgejimfprtllbpdch.jx.internal.cloudapp.net, ports: [REPLICATION=37687, RATIS=40083, RATIS_ADMIN=40083, RATIS_SERVER=40083, STANDALONE=43785], networkLocation: /default-rack, certSerialId: null, persistedOpState: IN_SERVICE, persistedOpStateExpiryEpochSec: 0}, ReplicationConfig: RATIS/ONE, State:ALLOCATED, leaderId:3b35e8af-4420-4337-880c-bcb538b04dba, CreationTimestamp2021-08-04T04:52:40.070Z[Etc/UTC]] moved to OPEN state
2021-08-04 04:52:43,075 [pool-230-thread-1] INFO  server.RaftServerConfigKeys (ConfUtils.java:logGet(44)) - raft.server.notification.no-leader.timeout = 300s (custom)
2021-08-04 04:52:43,075 [pool-230-thread-1] INFO  server.RaftServerConfigKeys (ConfUtils.java:logGet(44)) - raft.server.log.use.memory = false (default)
2021-08-04 04:52:43,075 [pool-230-thread-1] INFO  server.RaftServerConfigKeys (ConfUtils.java:logGet(44)) - raft.server.log.purge.gap = 1000000 (custom)
2021-08-04 04:52:43,075 [pool-230-thread-1] INFO  server.RaftServerConfigKeys (ConfUtils.java:logGet(44)) - raft.server.log.appender.buffer.byte-limit = 33554432 (custom)
2021-08-04 04:52:43,075 [EventQueue-OpenPipelineForHealthyPipelineSafeModeRule] INFO  safemode.SCMSafeModeManager (HealthyPipelineSafeModeRule.java:process(124)) - SCM in safe mode. Healthy pipelines reported count is 0, required healthy pipeline reported count is 1
2021-08-04 04:52:43,076 [pool-230-thread-1] INFO  server.RaftServerConfigKeys (ConfUtils.java:logGet(44)) - raft.server.log.segment.size.max = 1048576 (custom)
2021-08-04 04:52:43,076 [pool-230-thread-1] INFO  server.RaftServerConfigKeys (ConfUtils.java:logGet(44)) - raft.server.log.segment.cache.num.max = 2 (custom)
2021-08-04 04:52:43,076 [pool-230-thread-1] INFO  server.RaftServerConfigKeys (ConfUtils.java:logGet(44)) - raft.server.log.segment.cache.size.max = 200MB (=209715200) (default)
2021-08-04 04:52:43,076 [pool-230-thread-1] INFO  segmented.SegmentedRaftLogWorker (SegmentedRaftLogWorker.java:<init>(182)) - new 3b35e8af-4420-4337-880c-bcb538b04dba@group-397E682BE2AB-SegmentedRaftLogWorker for RaftStorageImpl:Storage Directory /home/runner/work/ozone/ozone/mnt/ozone/hadoop-ozone/integration-test/target/test-dir/MiniOzoneClusterImpl-f8689e89-4432-43a3-ae55-b25b0dce3dad/datanode-2/data/ratis/446447bf-1478-4b6c-990c-397e682be2ab
2021-08-04 04:52:43,076 [pool-230-thread-1] INFO  server.RaftServerConfigKeys (ConfUtils.java:logGet(44)) - raft.server.log.queue.byte-limit = 2147483647 (custom)
2021-08-04 04:52:43,077 [pool-230-thread-1] INFO  server.RaftServerConfigKeys (ConfUtils.java:logGet(44)) - raft.server.log.queue.element-limit = 1024 (custom)
2021-08-04 04:52:43,077 [pool-230-thread-1] INFO  server.RaftServerConfigKeys (ConfUtils.java:logGet(44)) - raft.server.log.segment.size.max = 1048576 (custom)
2021-08-04 04:52:43,077 [pool-230-thread-1] INFO  server.RaftServerConfigKeys (ConfUtils.java:logGet(44)) - raft.server.log.preallocated.size = 16384 (custom)
2021-08-04 04:52:43,077 [pool-230-thread-1] INFO  server.RaftServerConfigKeys (ConfUtils.java:logGet(44)) - raft.server.log.force.sync.num = 128 (default)
2021-08-04 04:52:43,077 [pool-230-thread-1] INFO  server.RaftServerConfigKeys (ConfUtils.java:logGet(44)) - raft.server.log.statemachine.data.sync = true (default)
2021-08-04 04:52:43,077 [pool-230-thread-1] INFO  server.RaftServerConfigKeys (ConfUtils.java:logGet(44)) - raft.server.log.statemachine.data.sync.timeout = 10s (default)
2021-08-04 04:52:43,077 [pool-230-thread-1] INFO  server.RaftServerConfigKeys (ConfUtils.java:logGet(44)) - raft.server.log.statemachine.data.sync.timeout.retry = -1 (default)
2021-08-04 04:52:43,078 [pool-230-thread-1] INFO  server.RaftServerConfigKeys (ConfUtils.java:logGet(44)) - raft.server.log.write.buffer.size = 1048576 (custom)
2021-08-04 04:52:43,078 [pool-230-thread-1] INFO  server.RaftServerConfigKeys (ConfUtils.java:logGet(44)) - raft.server.log.statemachine.data.caching.enabled = true (custom)
2021-08-04 04:52:43,078 [pool-230-thread-1] INFO  segmented.SegmentedRaftLogWorker (SegmentedRaftLogWorker.java:lambda$new$0(133)) - 3b35e8af-4420-4337-880c-bcb538b04dba@group-397E682BE2AB-SegmentedRaftLogWorker: flushIndex: setUnconditionally 0 -> -1
2021-08-04 04:52:43,079 [pool-230-thread-1] INFO  segmented.SegmentedRaftLogWorker (SegmentedRaftLogWorker.java:lambda$new$0(133)) - 3b35e8af-4420-4337-880c-bcb538b04dba@group-397E682BE2AB-SegmentedRaftLogWorker: safeCacheEvictIndex: setUnconditionally 0 -> -1
2021-08-04 04:52:43,082 [pool-230-thread-1] INFO  server.RaftServerConfigKeys (ConfUtils.java:logGet(44)) - raft.server.snapshot.auto.trigger.enabled = true (custom)
2021-08-04 04:52:43,082 [pool-230-thread-1] INFO  server.RaftServerConfigKeys (ConfUtils.java:logGet(44)) - raft.server.snapshot.auto.trigger.threshold = 10000 (custom)
2021-08-04 04:52:43,082 [pool-230-thread-1] INFO  server.RaftServerConfigKeys (ConfUtils.java:logGet(44)) - raft.server.snapshot.retention.file.num = 5 (custom)
2021-08-04 04:52:43,082 [pool-230-thread-1] INFO  server.RaftServerConfigKeys (ConfUtils.java:logGet(44)) - raft.server.log.purge.upto.snapshot.index = false (default)
2021-08-04 04:52:43,082 [pool-230-thread-1] INFO  server.RaftServerConfigKeys (ConfUtils.java:logGet(44)) - raft.server.retrycache.expirytime = 600000ms (custom)
2021-08-04 04:52:43,082 [pool-230-thread-1] INFO  server.RaftServerConfigKeys (ConfUtils.java:logGet(44)) - raft.server.retrycache.statistics.expirytime = 100μs (default)
2021-08-04 04:52:43,084 [pool-230-thread-1] INFO  server.RaftServer$Division (RaftServerImpl.java:start(296)) - 3b35e8af-4420-4337-880c-bcb538b04dba@group-397E682BE2AB: start as a follower, conf=-1: [3b35e8af-4420-4337-880c-bcb538b04dba|rpc:10.1.0.14:40083|priority:1], old=null
2021-08-04 04:52:43,084 [pool-230-thread-1] INFO  server.RaftServer$Division (RaftServerImpl.java:setRole(285)) - 3b35e8af-4420-4337-880c-bcb538b04dba@group-397E682BE2AB: changes role from      null to FOLLOWER at term 0 for startAsFollower
2021-08-04 04:52:43,084 [pool-230-thread-1] INFO  impl.RoleInfo (RoleInfo.java:updateAndGet(130)) - 3b35e8af-4420-4337-880c-bcb538b04dba: start 3b35e8af-4420-4337-880c-bcb538b04dba@group-397E682BE2AB-FollowerState
2021-08-04 04:52:43,092 [pool-230-thread-1] INFO  util.JmxRegister (JmxRegister.java:tryRegister(44)) - Successfully registered JMX Bean with object name Ratis:service=RaftServer,group=group-397E682BE2AB,id=3b35e8af-4420-4337-880c-bcb538b04dba
2021-08-04 04:52:43,093 [Command processor thread] INFO  ratis.XceiverServerRatis (XceiverServerRatis.java:addGroup(759)) - Created group PipelineID=446447bf-1478-4b6c-990c-397e682be2ab
2021-08-04 04:52:43,093 [Command processor thread] INFO  commandhandler.CreatePipelineCommandHandler (CreatePipelineCommandHandler.java:handle(106)) - Created Pipeline RATIS ONE PipelineID=446447bf-1478-4b6c-990c-397e682be2ab.
2021-08-04 04:52:43,575 [EventQueue-OpenPipelineForHealthyPipelineSafeModeRule] INFO  safemode.SCMSafeModeManager (HealthyPipelineSafeModeRule.java:process(124)) - SCM in safe mode. Healthy pipelines reported count is 0, required healthy pipeline reported count is 1
2021-08-04 04:52:43,717 [EventQueue-OpenPipelineForHealthyPipelineSafeModeRule] INFO  safemode.SCMSafeModeManager (HealthyPipelineSafeModeRule.java:process(124)) - SCM in safe mode. Healthy pipelines reported count is 0, required healthy pipeline reported count is 1
2021-08-04 04:52:44,054 [Listener at 127.0.0.1/34825] INFO  ozone.MiniOzoneClusterImpl (MiniOzoneClusterImpl.java:lambda$waitForClusterToBeReady$0(235)) - Nodes are ready. Got 3 of 3 DN Heartbeats.
2021-08-04 04:52:44,055 [Listener at 127.0.0.1/34825] INFO  ozone.MiniOzoneClusterImpl (MiniOzoneClusterImpl.java:lambda$waitForClusterToBeReady$0(238)) - Waiting for cluster to exit safe mode
2021-08-04 04:52:44,055 [Listener at 127.0.0.1/34825] INFO  ozone.MiniOzoneClusterImpl (MiniOzoneClusterImpl.java:lambda$waitForClusterToBeReady$0(240)) - SCM became leader
2021-08-04 04:52:44,889 [EventQueue-OpenPipelineForHealthyPipelineSafeModeRule] INFO  safemode.SCMSafeModeManager (HealthyPipelineSafeModeRule.java:process(124)) - SCM in safe mode. Healthy pipelines reported count is 0, required healthy pipeline reported count is 1
2021-08-04 04:52:45,055 [Listener at 127.0.0.1/34825] INFO  ozone.MiniOzoneClusterImpl (MiniOzoneClusterImpl.java:lambda$waitForClusterToBeReady$0(235)) - Nodes are ready. Got 3 of 3 DN Heartbeats.
2021-08-04 04:52:45,055 [Listener at 127.0.0.1/34825] INFO  ozone.MiniOzoneClusterImpl (MiniOzoneClusterImpl.java:lambda$waitForClusterToBeReady$0(238)) - Waiting for cluster to exit safe mode
2021-08-04 04:52:45,055 [Listener at 127.0.0.1/34825] INFO  ozone.MiniOzoneClusterImpl (MiniOzoneClusterImpl.java:lambda$waitForClusterToBeReady$0(240)) - SCM became leader
2021-08-04 04:52:45,218 [EventQueue-OpenPipelineForHealthyPipelineSafeModeRule] INFO  safemode.SCMSafeModeManager (HealthyPipelineSafeModeRule.java:process(124)) - SCM in safe mode. Healthy pipelines reported count is 0, required healthy pipeline reported count is 1
2021-08-04 04:52:45,575 [EventQueue-OpenPipelineForHealthyPipelineSafeModeRule] INFO  safemode.SCMSafeModeManager (HealthyPipelineSafeModeRule.java:process(124)) - SCM in safe mode. Healthy pipelines reported count is 0, required healthy pipeline reported count is 1
2021-08-04 04:52:45,888 [EventQueue-OpenPipelineForHealthyPipelineSafeModeRule] INFO  safemode.SCMSafeModeManager (HealthyPipelineSafeModeRule.java:process(124)) - SCM in safe mode. Healthy pipelines reported count is 0, required healthy pipeline reported count is 1
2021-08-04 04:52:46,055 [Listener at 127.0.0.1/34825] INFO  ozone.MiniOzoneClusterImpl (MiniOzoneClusterImpl.java:lambda$waitForClusterToBeReady$0(235)) - Nodes are ready. Got 3 of 3 DN Heartbeats.
2021-08-04 04:52:46,056 [Listener at 127.0.0.1/34825] INFO  ozone.MiniOzoneClusterImpl (MiniOzoneClusterImpl.java:lambda$waitForClusterToBeReady$0(238)) - Waiting for cluster to exit safe mode
2021-08-04 04:52:46,056 [Listener at 127.0.0.1/34825] INFO  ozone.MiniOzoneClusterImpl (MiniOzoneClusterImpl.java:lambda$waitForClusterToBeReady$0(240)) - SCM became leader
2021-08-04 04:52:46,576 [EventQueue-OpenPipelineForHealthyPipelineSafeModeRule] INFO  safemode.SCMSafeModeManager (HealthyPipelineSafeModeRule.java:process(124)) - SCM in safe mode. Healthy pipelines reported count is 0, required healthy pipeline reported count is 1
2021-08-04 04:52:47,056 [Listener at 127.0.0.1/34825] INFO  ozone.MiniOzoneClusterImpl (MiniOzoneClusterImpl.java:lambda$waitForClusterToBeReady$0(235)) - Nodes are ready. Got 3 of 3 DN Heartbeats.
2021-08-04 04:52:47,056 [Listener at 127.0.0.1/34825] INFO  ozone.MiniOzoneClusterImpl (MiniOzoneClusterImpl.java:lambda$waitForClusterToBeReady$0(238)) - Waiting for cluster to exit safe mode
2021-08-04 04:52:47,056 [Listener at 127.0.0.1/34825] INFO  ozone.MiniOzoneClusterImpl (MiniOzoneClusterImpl.java:lambda$waitForClusterToBeReady$0(240)) - SCM became leader
2021-08-04 04:52:47,217 [EventQueue-OpenPipelineForHealthyPipelineSafeModeRule] INFO  safemode.SCMSafeModeManager (HealthyPipelineSafeModeRule.java:process(124)) - SCM in safe mode. Healthy pipelines reported count is 0, required healthy pipeline reported count is 1
2021-08-04 04:52:47,785 [8a31fd49-3da4-4fd9-acfc-b2bde89e3d95@group-AA84E7D7B4EC-FollowerState] INFO  impl.FollowerState (FollowerState.java:run(134)) - 8a31fd49-3da4-4fd9-acfc-b2bde89e3d95@group-AA84E7D7B4EC-FollowerState: change to CANDIDATE, lastRpcElapsedTime:5061970295ns, electionTimeout:5057ms
2021-08-04 04:52:47,785 [8a31fd49-3da4-4fd9-acfc-b2bde89e3d95@group-AA84E7D7B4EC-FollowerState] INFO  impl.RoleInfo (RoleInfo.java:shutdownFollowerState(108)) - 8a31fd49-3da4-4fd9-acfc-b2bde89e3d95: shutdown 8a31fd49-3da4-4fd9-acfc-b2bde89e3d95@group-AA84E7D7B4EC-FollowerState
2021-08-04 04:52:47,785 [8a31fd49-3da4-4fd9-acfc-b2bde89e3d95@group-AA84E7D7B4EC-FollowerState] INFO  server.RaftServer$Division (RaftServerImpl.java:setRole(285)) - 8a31fd49-3da4-4fd9-acfc-b2bde89e3d95@group-AA84E7D7B4EC: changes role from  FOLLOWER to CANDIDATE at term 0 for changeToCandidate
2021-08-04 04:52:47,786 [8a31fd49-3da4-4fd9-acfc-b2bde89e3d95@group-AA84E7D7B4EC-FollowerState] INFO  server.RaftServerConfigKeys (ConfUtils.java:logGet(44)) - raft.server.leaderelection.pre-vote = false (custom)
2021-08-04 04:52:47,786 [8a31fd49-3da4-4fd9-acfc-b2bde89e3d95@group-AA84E7D7B4EC-FollowerState] INFO  impl.RoleInfo (RoleInfo.java:updateAndGet(130)) - 8a31fd49-3da4-4fd9-acfc-b2bde89e3d95: start 8a31fd49-3da4-4fd9-acfc-b2bde89e3d95@group-AA84E7D7B4EC-LeaderElection17
2021-08-04 04:52:47,792 [8a31fd49-3da4-4fd9-acfc-b2bde89e3d95@group-AA84E7D7B4EC-LeaderElection17] INFO  impl.LeaderElection (LeaderElection.java:askForVotes(306)) - 8a31fd49-3da4-4fd9-acfc-b2bde89e3d95@group-AA84E7D7B4EC-LeaderElection17 ELECTION round 0: submit vote requests at term 1 for -1: [3b35e8af-4420-4337-880c-bcb538b04dba|rpc:10.1.0.14:40083|priority:0, 387044f6-9ada-47c7-9f57-c4453de21297|rpc:10.1.0.14:39215|priority:1, 8a31fd49-3da4-4fd9-acfc-b2bde89e3d95|rpc:10.1.0.14:37907|priority:0], old=null
2021-08-04 04:52:47,805 [grpc-default-executor-3] INFO  server.RaftServer$Division (RaftServerImpl.java:requestVote(1043)) - 3b35e8af-4420-4337-880c-bcb538b04dba@group-AA84E7D7B4EC: receive requestVote(ELECTION, 8a31fd49-3da4-4fd9-acfc-b2bde89e3d95, group-AA84E7D7B4EC, 1, (t:0, i:0))
2021-08-04 04:52:47,805 [grpc-default-executor-3] INFO  impl.VoteContext (VoteContext.java:log(48)) - 3b35e8af-4420-4337-880c-bcb538b04dba@group-AA84E7D7B4EC-FOLLOWER: accept ELECTION from 8a31fd49-3da4-4fd9-acfc-b2bde89e3d95: our priority 0 <= candidate's priority 0
2021-08-04 04:52:47,805 [grpc-default-executor-3] INFO  server.RaftServer$Division (RaftServerImpl.java:setRole(285)) - 3b35e8af-4420-4337-880c-bcb538b04dba@group-AA84E7D7B4EC: changes role from  FOLLOWER to FOLLOWER at term 1 for candidate:8a31fd49-3da4-4fd9-acfc-b2bde89e3d95
2021-08-04 04:52:47,806 [grpc-default-executor-3] INFO  impl.RoleInfo (RoleInfo.java:shutdownFollowerState(108)) - 3b35e8af-4420-4337-880c-bcb538b04dba: shutdown 3b35e8af-4420-4337-880c-bcb538b04dba@group-AA84E7D7B4EC-FollowerState
2021-08-04 04:52:47,806 [grpc-default-executor-3] INFO  impl.RoleInfo (RoleInfo.java:updateAndGet(130)) - 3b35e8af-4420-4337-880c-bcb538b04dba: start 3b35e8af-4420-4337-880c-bcb538b04dba@group-AA84E7D7B4EC-FollowerState
2021-08-04 04:52:47,806 [3b35e8af-4420-4337-880c-bcb538b04dba@group-AA84E7D7B4EC-FollowerState] INFO  impl.FollowerState (FollowerState.java:run(143)) - 3b35e8af-4420-4337-880c-bcb538b04dba@group-AA84E7D7B4EC-FollowerState was interrupted: {}
java.lang.InterruptedException: sleep interrupted
	at java.lang.Thread.sleep(Native Method)
	at java.lang.Thread.sleep(Thread.java:340)
	at java.util.concurrent.TimeUnit.sleep(TimeUnit.java:386)
	at org.apache.ratis.util.TimeDuration.sleep(TimeDuration.java:324)
	at org.apache.ratis.util.TimeDuration.sleep(TimeDuration.java:309)
	at org.apache.ratis.server.impl.FollowerState.run(FollowerState.java:118)
2021-08-04 04:52:47,813 [grpc-default-executor-2] INFO  server.RaftServer$Division (RaftServerImpl.java:requestVote(1043)) - 387044f6-9ada-47c7-9f57-c4453de21297@group-AA84E7D7B4EC: receive requestVote(ELECTION, 8a31fd49-3da4-4fd9-acfc-b2bde89e3d95, group-AA84E7D7B4EC, 1, (t:0, i:0))
2021-08-04 04:52:47,813 [grpc-default-executor-2] INFO  impl.VoteContext (VoteContext.java:log(48)) - 387044f6-9ada-47c7-9f57-c4453de21297@group-AA84E7D7B4EC-FOLLOWER: reject ELECTION from 8a31fd49-3da4-4fd9-acfc-b2bde89e3d95: our priority 1 > candidate's priority 0
2021-08-04 04:52:47,813 [grpc-default-executor-2] INFO  server.RaftServer$Division (RaftServerImpl.java:setRole(285)) - 387044f6-9ada-47c7-9f57-c4453de21297@group-AA84E7D7B4EC: changes role from  FOLLOWER to FOLLOWER at term 1 for candidate:8a31fd49-3da4-4fd9-acfc-b2bde89e3d95
2021-08-04 04:52:47,813 [grpc-default-executor-2] INFO  impl.RoleInfo (RoleInfo.java:shutdownFollowerState(108)) - 387044f6-9ada-47c7-9f57-c4453de21297: shutdown 387044f6-9ada-47c7-9f57-c4453de21297@group-AA84E7D7B4EC-FollowerState
2021-08-04 04:52:47,813 [grpc-default-executor-2] INFO  impl.RoleInfo (RoleInfo.java:updateAndGet(130)) - 387044f6-9ada-47c7-9f57-c4453de21297: start 387044f6-9ada-47c7-9f57-c4453de21297@group-AA84E7D7B4EC-FollowerState
2021-08-04 04:52:47,813 [387044f6-9ada-47c7-9f57-c4453de21297@group-AA84E7D7B4EC-FollowerState] INFO  impl.FollowerState (FollowerState.java:run(143)) - 387044f6-9ada-47c7-9f57-c4453de21297@group-AA84E7D7B4EC-FollowerState was interrupted: {}
java.lang.InterruptedException: sleep interrupted
	at java.lang.Thread.sleep(Native Method)
	at java.lang.Thread.sleep(Thread.java:340)
	at java.util.concurrent.TimeUnit.sleep(TimeUnit.java:386)
	at org.apache.ratis.util.TimeDuration.sleep(TimeDuration.java:324)
	at org.apache.ratis.util.TimeDuration.sleep(TimeDuration.java:309)
	at org.apache.ratis.server.impl.FollowerState.run(FollowerState.java:118)
2021-08-04 04:52:47,813 [8a31fd49-3da4-4fd9-acfc-b2bde89e3d95@group-F1353276F7D1-FollowerState] INFO  impl.FollowerState (FollowerState.java:run(134)) - 8a31fd49-3da4-4fd9-acfc-b2bde89e3d95@group-F1353276F7D1-FollowerState: change to CANDIDATE, lastRpcElapsedTime:5103527730ns, electionTimeout:5102ms
2021-08-04 04:52:47,814 [8a31fd49-3da4-4fd9-acfc-b2bde89e3d95@group-F1353276F7D1-FollowerState] INFO  impl.RoleInfo (RoleInfo.java:shutdownFollowerState(108)) - 8a31fd49-3da4-4fd9-acfc-b2bde89e3d95: shutdown 8a31fd49-3da4-4fd9-acfc-b2bde89e3d95@group-F1353276F7D1-FollowerState
2021-08-04 04:52:47,814 [8a31fd49-3da4-4fd9-acfc-b2bde89e3d95@group-F1353276F7D1-FollowerState] INFO  server.RaftServer$Division (RaftServerImpl.java:setRole(285)) - 8a31fd49-3da4-4fd9-acfc-b2bde89e3d95@group-F1353276F7D1: changes role from  FOLLOWER to CANDIDATE at term 0 for changeToCandidate
2021-08-04 04:52:47,814 [8a31fd49-3da4-4fd9-acfc-b2bde89e3d95@group-F1353276F7D1-FollowerState] INFO  server.RaftServerConfigKeys (ConfUtils.java:logGet(44)) - raft.server.leaderelection.pre-vote = false (custom)
2021-08-04 04:52:47,814 [8a31fd49-3da4-4fd9-acfc-b2bde89e3d95@group-F1353276F7D1-FollowerState] INFO  impl.RoleInfo (RoleInfo.java:updateAndGet(130)) - 8a31fd49-3da4-4fd9-acfc-b2bde89e3d95: start 8a31fd49-3da4-4fd9-acfc-b2bde89e3d95@group-F1353276F7D1-LeaderElection18
2021-08-04 04:52:47,815 [grpc-default-executor-2] INFO  server.RaftServer$Division (RaftServerImpl.java:requestVote(1075)) - 387044f6-9ada-47c7-9f57-c4453de21297@group-AA84E7D7B4EC replies to ELECTION vote request: 8a31fd49-3da4-4fd9-acfc-b2bde89e3d95<-387044f6-9ada-47c7-9f57-c4453de21297#0:FAIL-t1. Peer's state: 387044f6-9ada-47c7-9f57-c4453de21297@group-AA84E7D7B4EC:t1, leader=null, voted=null, raftlog=387044f6-9ada-47c7-9f57-c4453de21297@group-AA84E7D7B4EC-SegmentedRaftLog:OPENED:c-1,f-1,i0, conf=-1: [3b35e8af-4420-4337-880c-bcb538b04dba|rpc:10.1.0.14:40083|dataStream:|priority:0, 387044f6-9ada-47c7-9f57-c4453de21297|rpc:10.1.0.14:39215|dataStream:|priority:1, 8a31fd49-3da4-4fd9-acfc-b2bde89e3d95|rpc:10.1.0.14:37907|dataStream:|priority:0], old=null
2021-08-04 04:52:47,823 [grpc-default-executor-3] INFO  server.RaftServer$Division (RaftServerImpl.java:requestVote(1075)) - 3b35e8af-4420-4337-880c-bcb538b04dba@group-AA84E7D7B4EC replies to ELECTION vote request: 8a31fd49-3da4-4fd9-acfc-b2bde89e3d95<-3b35e8af-4420-4337-880c-bcb538b04dba#0:OK-t1. Peer's state: 3b35e8af-4420-4337-880c-bcb538b04dba@group-AA84E7D7B4EC:t1, leader=null, voted=8a31fd49-3da4-4fd9-acfc-b2bde89e3d95, raftlog=3b35e8af-4420-4337-880c-bcb538b04dba@group-AA84E7D7B4EC-SegmentedRaftLog:OPENED:c-1,f-1,i0, conf=-1: [3b35e8af-4420-4337-880c-bcb538b04dba|rpc:10.1.0.14:40083|dataStream:|priority:0, 387044f6-9ada-47c7-9f57-c4453de21297|rpc:10.1.0.14:39215|dataStream:|priority:1, 8a31fd49-3da4-4fd9-acfc-b2bde89e3d95|rpc:10.1.0.14:37907|dataStream:|priority:0], old=null
2021-08-04 04:52:47,825 [8a31fd49-3da4-4fd9-acfc-b2bde89e3d95@group-F1353276F7D1-LeaderElection18] INFO  impl.LeaderElection (LeaderElection.java:askForVotes(306)) - 8a31fd49-3da4-4fd9-acfc-b2bde89e3d95@group-F1353276F7D1-LeaderElection18 ELECTION round 0: submit vote requests at term 1 for -1: [8a31fd49-3da4-4fd9-acfc-b2bde89e3d95|rpc:10.1.0.14:37907|priority:1], old=null
2021-08-04 04:52:47,825 [8a31fd49-3da4-4fd9-acfc-b2bde89e3d95@group-F1353276F7D1-LeaderElection18] INFO  impl.LeaderElection (LeaderElection.java:askForVotes(308)) - 8a31fd49-3da4-4fd9-acfc-b2bde89e3d95@group-F1353276F7D1-LeaderElection18 ELECTION round 0: result PASSED (term=1)
2021-08-04 04:52:47,825 [8a31fd49-3da4-4fd9-acfc-b2bde89e3d95@group-F1353276F7D1-LeaderElection18] INFO  impl.RoleInfo (RoleInfo.java:shutdownLeaderElection(121)) - 8a31fd49-3da4-4fd9-acfc-b2bde89e3d95: shutdown 8a31fd49-3da4-4fd9-acfc-b2bde89e3d95@group-F1353276F7D1-LeaderElection18
2021-08-04 04:52:47,825 [8a31fd49-3da4-4fd9-acfc-b2bde89e3d95@group-F1353276F7D1-LeaderElection18] INFO  server.RaftServer$Division (RaftServerImpl.java:setRole(285)) - 8a31fd49-3da4-4fd9-acfc-b2bde89e3d95@group-F1353276F7D1: changes role from CANDIDATE to LEADER at term 1 for changeToLeader
2021-08-04 04:52:47,825 [8a31fd49-3da4-4fd9-acfc-b2bde89e3d95@group-F1353276F7D1-LeaderElection18] INFO  ratis.XceiverServerRatis (XceiverServerRatis.java:handleLeaderChangedNotification(857)) - Leader change notification received for group: group-F1353276F7D1 with new leaderId: 8a31fd49-3da4-4fd9-acfc-b2bde89e3d95
2021-08-04 04:52:47,826 [Datanode State Machine Thread - 0] WARN  statemachine.StateContext (StateContext.java:execute(621)) - No available thread in pool for past 0 seconds.
2021-08-04 04:52:47,826 [8a31fd49-3da4-4fd9-acfc-b2bde89e3d95@group-F1353276F7D1-LeaderElection18] INFO  server.RaftServer$Division (ServerState.java:setLeader(285)) - 8a31fd49-3da4-4fd9-acfc-b2bde89e3d95@group-F1353276F7D1: change Leader from null to 8a31fd49-3da4-4fd9-acfc-b2bde89e3d95 at term 1 for becomeLeader, leader elected after 5125ms
2021-08-04 04:52:47,826 [8a31fd49-3da4-4fd9-acfc-b2bde89e3d95@group-F1353276F7D1-LeaderElection18] INFO  server.RaftServerConfigKeys (ConfUtils.java:logGet(44)) - raft.server.staging.catchup.gap = 1000 (default)
2021-08-04 04:52:47,826 [8a31fd49-3da4-4fd9-acfc-b2bde89e3d95@group-F1353276F7D1-LeaderElection18] INFO  server.RaftServerConfigKeys (ConfUtils.java:logGet(44)) - raft.server.write.element-limit = 1024 (custom)
2021-08-04 04:52:47,826 [8a31fd49-3da4-4fd9-acfc-b2bde89e3d95@group-F1353276F7D1-LeaderElection18] INFO  server.RaftServerConfigKeys (ConfUtils.java:logGet(44)) - raft.server.write.byte-limit = 1073741824 (custom)
2021-08-04 04:52:47,827 [8a31fd49-3da4-4fd9-acfc-b2bde89e3d95@group-F1353276F7D1-LeaderElection18] INFO  server.RaftServerConfigKeys (ConfUtils.java:logGet(44)) - raft.server.watch.timeout = 180s (custom)
2021-08-04 04:52:47,827 [8a31fd49-3da4-4fd9-acfc-b2bde89e3d95@group-F1353276F7D1-LeaderElection18] INFO  server.RaftServerConfigKeys (ConfUtils.java:logGet(44)) - raft.server.watch.timeout.denomination = 1s (default)
2021-08-04 04:52:47,827 [EventQueue-OpenPipelineForHealthyPipelineSafeModeRule] INFO  safemode.SCMSafeModeManager (HealthyPipelineSafeModeRule.java:process(124)) - SCM in safe mode. Healthy pipelines reported count is 0, required healthy pipeline reported count is 1
2021-08-04 04:52:47,827 [8a31fd49-3da4-4fd9-acfc-b2bde89e3d95@group-F1353276F7D1-LeaderElection18] INFO  server.RaftServerConfigKeys (ConfUtils.java:logGet(44)) - raft.server.watch.element-limit = 65536 (default)
2021-08-04 04:52:47,828 [8a31fd49-3da4-4fd9-acfc-b2bde89e3d95@group-F1353276F7D1-LeaderElection18] INFO  impl.RoleInfo (RoleInfo.java:updateAndGet(130)) - 8a31fd49-3da4-4fd9-acfc-b2bde89e3d95: start 8a31fd49-3da4-4fd9-acfc-b2bde89e3d95@group-F1353276F7D1-LeaderStateImpl
2021-08-04 04:52:47,828 [8a31fd49-3da4-4fd9-acfc-b2bde89e3d95@group-F1353276F7D1-LeaderElection18] INFO  segmented.SegmentedRaftLogWorker (SegmentedRaftLogWorker.java:startLogSegment(394)) - 8a31fd49-3da4-4fd9-acfc-b2bde89e3d95@group-F1353276F7D1-SegmentedRaftLogWorker: Starting segment from index:0
2021-08-04 04:52:47,835 [8a31fd49-3da4-4fd9-acfc-b2bde89e3d95@group-F1353276F7D1-LeaderElection18] INFO  server.RaftServer$Division (ServerState.java:setRaftConf(387)) - 8a31fd49-3da4-4fd9-acfc-b2bde89e3d95@group-F1353276F7D1: set configuration 0: [8a31fd49-3da4-4fd9-acfc-b2bde89e3d95|rpc:10.1.0.14:37907|dataStream:|priority:1], old=null
2021-08-04 04:52:47,835 [8a31fd49-3da4-4fd9-acfc-b2bde89e3d95@group-F1353276F7D1-SegmentedRaftLogWorker] INFO  segmented.SegmentedRaftLogWorker (SegmentedRaftLogWorker.java:execute(601)) - 8a31fd49-3da4-4fd9-acfc-b2bde89e3d95@group-F1353276F7D1-SegmentedRaftLogWorker: created new log segment /home/runner/work/ozone/ozone/mnt/ozone/hadoop-ozone/integration-test/target/test-dir/MiniOzoneClusterImpl-f8689e89-4432-43a3-ae55-b25b0dce3dad/datanode-0/data/ratis/c9347d10-3db1-454b-b98d-f1353276f7d1/current/log_inprogress_0
2021-08-04 04:52:47,836 [8a31fd49-3da4-4fd9-acfc-b2bde89e3d95@group-AA84E7D7B4EC-LeaderElection17] INFO  impl.LeaderElection (LeaderElection.java:logAndReturn(89)) - 8a31fd49-3da4-4fd9-acfc-b2bde89e3d95@group-AA84E7D7B4EC-LeaderElection17: ELECTION REJECTED received 2 response(s) and 0 exception(s):
2021-08-04 04:52:47,836 [8a31fd49-3da4-4fd9-acfc-b2bde89e3d95@group-AA84E7D7B4EC-LeaderElection17] INFO  impl.LeaderElection (LeaderElection.java:logAndReturn(93)) -   Response 0: 8a31fd49-3da4-4fd9-acfc-b2bde89e3d95<-3b35e8af-4420-4337-880c-bcb538b04dba#0:OK-t1
2021-08-04 04:52:47,836 [8a31fd49-3da4-4fd9-acfc-b2bde89e3d95@group-AA84E7D7B4EC-LeaderElection17] INFO  impl.LeaderElection (LeaderElection.java:logAndReturn(93)) -   Response 1: 8a31fd49-3da4-4fd9-acfc-b2bde89e3d95<-387044f6-9ada-47c7-9f57-c4453de21297#0:FAIL-t1
2021-08-04 04:52:47,836 [8a31fd49-3da4-4fd9-acfc-b2bde89e3d95@group-AA84E7D7B4EC-LeaderElection17] INFO  impl.LeaderElection (LeaderElection.java:askForVotes(308)) - 8a31fd49-3da4-4fd9-acfc-b2bde89e3d95@group-AA84E7D7B4EC-LeaderElection17 ELECTION round 0: result REJECTED
2021-08-04 04:52:47,836 [8a31fd49-3da4-4fd9-acfc-b2bde89e3d95@group-AA84E7D7B4EC-LeaderElection17] INFO  server.RaftServer$Division (RaftServerImpl.java:setRole(285)) - 8a31fd49-3da4-4fd9-acfc-b2bde89e3d95@group-AA84E7D7B4EC: changes role from CANDIDATE to FOLLOWER at term 1 for REJECTED
2021-08-04 04:52:47,836 [8a31fd49-3da4-4fd9-acfc-b2bde89e3d95@group-AA84E7D7B4EC-LeaderElection17] INFO  impl.RoleInfo (RoleInfo.java:shutdownLeaderElection(121)) - 8a31fd49-3da4-4fd9-acfc-b2bde89e3d95: shutdown 8a31fd49-3da4-4fd9-acfc-b2bde89e3d95@group-AA84E7D7B4EC-LeaderElection17
2021-08-04 04:52:47,836 [8a31fd49-3da4-4fd9-acfc-b2bde89e3d95@group-AA84E7D7B4EC-LeaderElection17] INFO  impl.RoleInfo (RoleInfo.java:updateAndGet(130)) - 8a31fd49-3da4-4fd9-acfc-b2bde89e3d95: start 8a31fd49-3da4-4fd9-acfc-b2bde89e3d95@group-AA84E7D7B4EC-FollowerState
2021-08-04 04:52:47,889 [EventQueue-OpenPipelineForHealthyPipelineSafeModeRule] INFO  safemode.SCMSafeModeManager (HealthyPipelineSafeModeRule.java:process(124)) - SCM in safe mode. Healthy pipelines reported count is 0, required healthy pipeline reported count is 1
2021-08-04 04:52:48,003 [387044f6-9ada-47c7-9f57-c4453de21297@group-F7822BDE2D76-FollowerState] INFO  impl.FollowerState (FollowerState.java:run(134)) - 387044f6-9ada-47c7-9f57-c4453de21297@group-F7822BDE2D76-FollowerState: change to CANDIDATE, lastRpcElapsedTime:5109621649ns, electionTimeout:5108ms
2021-08-04 04:52:48,003 [387044f6-9ada-47c7-9f57-c4453de21297@group-F7822BDE2D76-FollowerState] INFO  impl.RoleInfo (RoleInfo.java:shutdownFollowerState(108)) - 387044f6-9ada-47c7-9f57-c4453de21297: shutdown 387044f6-9ada-47c7-9f57-c4453de21297@group-F7822BDE2D76-FollowerState
2021-08-04 04:52:48,003 [387044f6-9ada-47c7-9f57-c4453de21297@group-F7822BDE2D76-FollowerState] INFO  server.RaftServer$Division (RaftServerImpl.java:setRole(285)) - 387044f6-9ada-47c7-9f57-c4453de21297@group-F7822BDE2D76: changes role from  FOLLOWER to CANDIDATE at term 0 for changeToCandidate
2021-08-04 04:52:48,003 [387044f6-9ada-47c7-9f57-c4453de21297@group-F7822BDE2D76-FollowerState] INFO  server.RaftServerConfigKeys (ConfUtils.java:logGet(44)) - raft.server.leaderelection.pre-vote = false (custom)
2021-08-04 04:52:48,003 [387044f6-9ada-47c7-9f57-c4453de21297@group-F7822BDE2D76-FollowerState] INFO  impl.RoleInfo (RoleInfo.java:updateAndGet(130)) - 387044f6-9ada-47c7-9f57-c4453de21297: start 387044f6-9ada-47c7-9f57-c4453de21297@group-F7822BDE2D76-LeaderElection19
2021-08-04 04:52:48,006 [387044f6-9ada-47c7-9f57-c4453de21297@group-F7822BDE2D76-LeaderElection19] INFO  impl.LeaderElection (LeaderElection.java:askForVotes(306)) - 387044f6-9ada-47c7-9f57-c4453de21297@group-F7822BDE2D76-LeaderElection19 ELECTION round 0: submit vote requests at term 1 for -1: [387044f6-9ada-47c7-9f57-c4453de21297|rpc:10.1.0.14:39215|priority:1], old=null
2021-08-04 04:52:48,007 [387044f6-9ada-47c7-9f57-c4453de21297@group-F7822BDE2D76-LeaderElection19] INFO  impl.LeaderElection (LeaderElection.java:askForVotes(308)) - 387044f6-9ada-47c7-9f57-c4453de21297@group-F7822BDE2D76-LeaderElection19 ELECTION round 0: result PASSED (term=1)
2021-08-04 04:52:48,007 [387044f6-9ada-47c7-9f57-c4453de21297@group-F7822BDE2D76-LeaderElection19] INFO  impl.RoleInfo (RoleInfo.java:shutdownLeaderElection(121)) - 387044f6-9ada-47c7-9f57-c4453de21297: shutdown 387044f6-9ada-47c7-9f57-c4453de21297@group-F7822BDE2D76-LeaderElection19
2021-08-04 04:52:48,007 [387044f6-9ada-47c7-9f57-c4453de21297@group-F7822BDE2D76-LeaderElection19] INFO  server.RaftServer$Division (RaftServerImpl.java:setRole(285)) - 387044f6-9ada-47c7-9f57-c4453de21297@group-F7822BDE2D76: changes role from CANDIDATE to LEADER at term 1 for changeToLeader
2021-08-04 04:52:48,007 [387044f6-9ada-47c7-9f57-c4453de21297@group-F7822BDE2D76-LeaderElection19] INFO  ratis.XceiverServerRatis (XceiverServerRatis.java:handleLeaderChangedNotification(857)) - Leader change notification received for group: group-F7822BDE2D76 with new leaderId: 387044f6-9ada-47c7-9f57-c4453de21297
2021-08-04 04:52:48,007 [387044f6-9ada-47c7-9f57-c4453de21297@group-F7822BDE2D76-LeaderElection19] INFO  server.RaftServer$Division (ServerState.java:setLeader(285)) - 387044f6-9ada-47c7-9f57-c4453de21297@group-F7822BDE2D76: change Leader from null to 387044f6-9ada-47c7-9f57-c4453de21297 at term 1 for becomeLeader, leader elected after 5119ms
2021-08-04 04:52:48,008 [387044f6-9ada-47c7-9f57-c4453de21297@group-F7822BDE2D76-LeaderElection19] INFO  server.RaftServerConfigKeys (ConfUtils.java:logGet(44)) - raft.server.staging.catchup.gap = 1000 (default)
2021-08-04 04:52:48,009 [EventQueue-OpenPipelineForHealthyPipelineSafeModeRule] INFO  safemode.SCMSafeModeManager (HealthyPipelineSafeModeRule.java:process(124)) - SCM in safe mode. Healthy pipelines reported count is 0, required healthy pipeline reported count is 1
2021-08-04 04:52:48,009 [387044f6-9ada-47c7-9f57-c4453de21297@group-F7822BDE2D76-LeaderElection19] INFO  server.RaftServerConfigKeys (ConfUtils.java:logGet(44)) - raft.server.write.element-limit = 1024 (custom)
2021-08-04 04:52:48,009 [387044f6-9ada-47c7-9f57-c4453de21297@group-F7822BDE2D76-LeaderElection19] INFO  server.RaftServerConfigKeys (ConfUtils.java:logGet(44)) - raft.server.write.byte-limit = 1073741824 (custom)
2021-08-04 04:52:48,010 [387044f6-9ada-47c7-9f57-c4453de21297@group-F7822BDE2D76-LeaderElection19] INFO  server.RaftServerConfigKeys (ConfUtils.java:logGet(44)) - raft.server.watch.timeout = 180s (custom)
2021-08-04 04:52:48,010 [387044f6-9ada-47c7-9f57-c4453de21297@group-F7822BDE2D76-LeaderElection19] INFO  server.RaftServerConfigKeys (ConfUtils.java:logGet(44)) - raft.server.watch.timeout.denomination = 1s (default)
2021-08-04 04:52:48,010 [387044f6-9ada-47c7-9f57-c4453de21297@group-F7822BDE2D76-LeaderElection19] INFO  server.RaftServerConfigKeys (ConfUtils.java:logGet(44)) - raft.server.watch.element-limit = 65536 (default)
2021-08-04 04:52:48,010 [387044f6-9ada-47c7-9f57-c4453de21297@group-F7822BDE2D76-LeaderElection19] INFO  impl.RoleInfo (RoleInfo.java:updateAndGet(130)) - 387044f6-9ada-47c7-9f57-c4453de21297: start 387044f6-9ada-47c7-9f57-c4453de21297@group-F7822BDE2D76-LeaderStateImpl
2021-08-04 04:52:48,011 [387044f6-9ada-47c7-9f57-c4453de21297@group-F7822BDE2D76-LeaderElection19] INFO  segmented.SegmentedRaftLogWorker (SegmentedRaftLogWorker.java:startLogSegment(394)) - 387044f6-9ada-47c7-9f57-c4453de21297@group-F7822BDE2D76-SegmentedRaftLogWorker: Starting segment from index:0
2021-08-04 04:52:48,012 [387044f6-9ada-47c7-9f57-c4453de21297@group-F7822BDE2D76-SegmentedRaftLogWorker] INFO  segmented.SegmentedRaftLogWorker (SegmentedRaftLogWorker.java:execute(601)) - 387044f6-9ada-47c7-9f57-c4453de21297@group-F7822BDE2D76-SegmentedRaftLogWorker: created new log segment /home/runner/work/ozone/ozone/mnt/ozone/hadoop-ozone/integration-test/target/test-dir/MiniOzoneClusterImpl-f8689e89-4432-43a3-ae55-b25b0dce3dad/datanode-1/data/ratis/09679ef3-b699-481a-8067-f7822bde2d76/current/log_inprogress_0
2021-08-04 04:52:48,013 [387044f6-9ada-47c7-9f57-c4453de21297@group-F7822BDE2D76-LeaderElection19] INFO  server.RaftServer$Division (ServerState.java:setRaftConf(387)) - 387044f6-9ada-47c7-9f57-c4453de21297@group-F7822BDE2D76: set configuration 0: [387044f6-9ada-47c7-9f57-c4453de21297|rpc:10.1.0.14:39215|dataStream:|priority:1], old=null
2021-08-04 04:52:48,056 [Listener at 127.0.0.1/34825] INFO  ozone.MiniOzoneClusterImpl (MiniOzoneClusterImpl.java:lambda$waitForClusterToBeReady$0(235)) - Nodes are ready. Got 3 of 3 DN Heartbeats.
2021-08-04 04:52:48,057 [Listener at 127.0.0.1/34825] INFO  ozone.MiniOzoneClusterImpl (MiniOzoneClusterImpl.java:lambda$waitForClusterToBeReady$0(238)) - Waiting for cluster to exit safe mode
2021-08-04 04:52:48,057 [Listener at 127.0.0.1/34825] INFO  ozone.MiniOzoneClusterImpl (MiniOzoneClusterImpl.java:lambda$waitForClusterToBeReady$0(240)) - SCM became leader
2021-08-04 04:52:48,074 [EventQueue-OpenPipelineForHealthyPipelineSafeModeRule] INFO  safemode.SCMSafeModeManager (HealthyPipelineSafeModeRule.java:process(124)) - SCM in safe mode. Healthy pipelines reported count is 0, required healthy pipeline reported count is 1
2021-08-04 04:52:48,189 [3b35e8af-4420-4337-880c-bcb538b04dba@group-397E682BE2AB-FollowerState] INFO  impl.FollowerState (FollowerState.java:run(134)) - 3b35e8af-4420-4337-880c-bcb538b04dba@group-397E682BE2AB-FollowerState: change to CANDIDATE, lastRpcElapsedTime:5105564737ns, electionTimeout:5097ms
2021-08-04 04:52:48,190 [3b35e8af-4420-4337-880c-bcb538b04dba@group-397E682BE2AB-FollowerState] INFO  impl.RoleInfo (RoleInfo.java:shutdownFollowerState(108)) - 3b35e8af-4420-4337-880c-bcb538b04dba: shutdown 3b35e8af-4420-4337-880c-bcb538b04dba@group-397E682BE2AB-FollowerState
2021-08-04 04:52:48,190 [3b35e8af-4420-4337-880c-bcb538b04dba@group-397E682BE2AB-FollowerState] INFO  server.RaftServer$Division (RaftServerImpl.java:setRole(285)) - 3b35e8af-4420-4337-880c-bcb538b04dba@group-397E682BE2AB: changes role from  FOLLOWER to CANDIDATE at term 0 for changeToCandidate
2021-08-04 04:52:48,190 [3b35e8af-4420-4337-880c-bcb538b04dba@group-397E682BE2AB-FollowerState] INFO  server.RaftServerConfigKeys (ConfUtils.java:logGet(44)) - raft.server.leaderelection.pre-vote = false (custom)
2021-08-04 04:52:48,190 [3b35e8af-4420-4337-880c-bcb538b04dba@group-397E682BE2AB-FollowerState] INFO  impl.RoleInfo (RoleInfo.java:updateAndGet(130)) - 3b35e8af-4420-4337-880c-bcb538b04dba: start 3b35e8af-4420-4337-880c-bcb538b04dba@group-397E682BE2AB-LeaderElection20
2021-08-04 04:52:48,193 [3b35e8af-4420-4337-880c-bcb538b04dba@group-397E682BE2AB-LeaderElection20] INFO  impl.LeaderElection (LeaderElection.java:askForVotes(306)) - 3b35e8af-4420-4337-880c-bcb538b04dba@group-397E682BE2AB-LeaderElection20 ELECTION round 0: submit vote requests at term 1 for -1: [3b35e8af-4420-4337-880c-bcb538b04dba|rpc:10.1.0.14:40083|priority:1], old=null
2021-08-04 04:52:48,193 [3b35e8af-4420-4337-880c-bcb538b04dba@group-397E682BE2AB-LeaderElection20] INFO  impl.LeaderElection (LeaderElection.java:askForVotes(308)) - 3b35e8af-4420-4337-880c-bcb538b04dba@group-397E682BE2AB-LeaderElection20 ELECTION round 0: result PASSED (term=1)
2021-08-04 04:52:48,193 [3b35e8af-4420-4337-880c-bcb538b04dba@group-397E682BE2AB-LeaderElection20] INFO  impl.RoleInfo (RoleInfo.java:shutdownLeaderElection(121)) - 3b35e8af-4420-4337-880c-bcb538b04dba: shutdown 3b35e8af-4420-4337-880c-bcb538b04dba@group-397E682BE2AB-LeaderElection20
2021-08-04 04:52:48,193 [3b35e8af-4420-4337-880c-bcb538b04dba@group-397E682BE2AB-LeaderElection20] INFO  server.RaftServer$Division (RaftServerImpl.java:setRole(285)) - 3b35e8af-4420-4337-880c-bcb538b04dba@group-397E682BE2AB: changes role from CANDIDATE to LEADER at term 1 for changeToLeader
2021-08-04 04:52:48,193 [3b35e8af-4420-4337-880c-bcb538b04dba@group-397E682BE2AB-LeaderElection20] INFO  ratis.XceiverServerRatis (XceiverServerRatis.java:handleLeaderChangedNotification(857)) - Leader change notification received for group: group-397E682BE2AB with new leaderId: 3b35e8af-4420-4337-880c-bcb538b04dba
2021-08-04 04:52:48,194 [3b35e8af-4420-4337-880c-bcb538b04dba@group-397E682BE2AB-LeaderElection20] INFO  server.RaftServer$Division (ServerState.java:setLeader(285)) - 3b35e8af-4420-4337-880c-bcb538b04dba@group-397E682BE2AB: change Leader from null to 3b35e8af-4420-4337-880c-bcb538b04dba at term 1 for becomeLeader, leader elected after 5118ms
2021-08-04 04:52:48,194 [3b35e8af-4420-4337-880c-bcb538b04dba@group-397E682BE2AB-LeaderElection20] INFO  server.RaftServerConfigKeys (ConfUtils.java:logGet(44)) - raft.server.staging.catchup.gap = 1000 (default)
2021-08-04 04:52:48,194 [Datanode State Machine Thread - 0] WARN  statemachine.StateContext (StateContext.java:execute(621)) - No available thread in pool for past 0 seconds.
2021-08-04 04:52:48,195 [EventQueue-OpenPipelineForHealthyPipelineSafeModeRule] INFO  safemode.SCMSafeModeManager (HealthyPipelineSafeModeRule.java:process(124)) - SCM in safe mode. Healthy pipelines reported count is 0, required healthy pipeline reported count is 1
2021-08-04 04:52:48,195 [3b35e8af-4420-4337-880c-bcb538b04dba@group-397E682BE2AB-LeaderElection20] INFO  server.RaftServerConfigKeys (ConfUtils.java:logGet(44)) - raft.server.write.element-limit = 1024 (custom)
2021-08-04 04:52:48,195 [3b35e8af-4420-4337-880c-bcb538b04dba@group-397E682BE2AB-LeaderElection20] INFO  server.RaftServerConfigKeys (ConfUtils.java:logGet(44)) - raft.server.write.byte-limit = 1073741824 (custom)
2021-08-04 04:52:48,195 [3b35e8af-4420-4337-880c-bcb538b04dba@group-397E682BE2AB-LeaderElection20] INFO  server.RaftServerConfigKeys (ConfUtils.java:logGet(44)) - raft.server.watch.timeout = 180s (custom)
2021-08-04 04:52:48,196 [3b35e8af-4420-4337-880c-bcb538b04dba@group-397E682BE2AB-LeaderElection20] INFO  server.RaftServerConfigKeys (ConfUtils.java:logGet(44)) - raft.server.watch.timeout.denomination = 1s (default)
2021-08-04 04:52:48,196 [3b35e8af-4420-4337-880c-bcb538b04dba@group-397E682BE2AB-LeaderElection20] INFO  server.RaftServerConfigKeys (ConfUtils.java:logGet(44)) - raft.server.watch.element-limit = 65536 (default)
2021-08-04 04:52:48,196 [3b35e8af-4420-4337-880c-bcb538b04dba@group-397E682BE2AB-LeaderElection20] INFO  impl.RoleInfo (RoleInfo.java:updateAndGet(130)) - 3b35e8af-4420-4337-880c-bcb538b04dba: start 3b35e8af-4420-4337-880c-bcb538b04dba@group-397E682BE2AB-LeaderStateImpl
2021-08-04 04:52:48,196 [3b35e8af-4420-4337-880c-bcb538b04dba@group-397E682BE2AB-LeaderElection20] INFO  segmented.SegmentedRaftLogWorker (SegmentedRaftLogWorker.java:startLogSegment(394)) - 3b35e8af-4420-4337-880c-bcb538b04dba@group-397E682BE2AB-SegmentedRaftLogWorker: Starting segment from index:0
2021-08-04 04:52:48,198 [3b35e8af-4420-4337-880c-bcb538b04dba@group-397E682BE2AB-SegmentedRaftLogWorker] INFO  segmented.SegmentedRaftLogWorker (SegmentedRaftLogWorker.java:execute(601)) - 3b35e8af-4420-4337-880c-bcb538b04dba@group-397E682BE2AB-SegmentedRaftLogWorker: created new log segment /home/runner/work/ozone/ozone/mnt/ozone/hadoop-ozone/integration-test/target/test-dir/MiniOzoneClusterImpl-f8689e89-4432-43a3-ae55-b25b0dce3dad/datanode-2/data/ratis/446447bf-1478-4b6c-990c-397e682be2ab/current/log_inprogress_0
2021-08-04 04:52:48,198 [3b35e8af-4420-4337-880c-bcb538b04dba@group-397E682BE2AB-LeaderElection20] INFO  server.RaftServer$Division (ServerState.java:setRaftConf(387)) - 3b35e8af-4420-4337-880c-bcb538b04dba@group-397E682BE2AB: set configuration 0: [3b35e8af-4420-4337-880c-bcb538b04dba|rpc:10.1.0.14:40083|dataStream:|priority:1], old=null
2021-08-04 04:52:48,828 [EventQueue-OpenPipelineForHealthyPipelineSafeModeRule] INFO  safemode.SCMSafeModeManager (HealthyPipelineSafeModeRule.java:process(124)) - SCM in safe mode. Healthy pipelines reported count is 0, required healthy pipeline reported count is 1
2021-08-04 04:52:49,057 [Listener at 127.0.0.1/34825] INFO  ozone.MiniOzoneClusterImpl (MiniOzoneClusterImpl.java:lambda$waitForClusterToBeReady$0(235)) - Nodes are ready. Got 3 of 3 DN Heartbeats.
2021-08-04 04:52:49,057 [Listener at 127.0.0.1/34825] INFO  ozone.MiniOzoneClusterImpl (MiniOzoneClusterImpl.java:lambda$waitForClusterToBeReady$0(238)) - Waiting for cluster to exit safe mode
2021-08-04 04:52:49,057 [Listener at 127.0.0.1/34825] INFO  ozone.MiniOzoneClusterImpl (MiniOzoneClusterImpl.java:lambda$waitForClusterToBeReady$0(240)) - SCM became leader
2021-08-04 04:52:49,195 [EventQueue-OpenPipelineForHealthyPipelineSafeModeRule] INFO  safemode.SCMSafeModeManager (HealthyPipelineSafeModeRule.java:process(124)) - SCM in safe mode. Healthy pipelines reported count is 0, required healthy pipeline reported count is 1
2021-08-04 04:52:49,509 [EventQueue-OpenPipelineForHealthyPipelineSafeModeRule] INFO  safemode.SCMSafeModeManager (HealthyPipelineSafeModeRule.java:process(124)) - SCM in safe mode. Healthy pipelines reported count is 0, required healthy pipeline reported count is 1
2021-08-04 04:52:50,057 [Listener at 127.0.0.1/34825] INFO  ozone.MiniOzoneClusterImpl (MiniOzoneClusterImpl.java:lambda$waitForClusterToBeReady$0(235)) - Nodes are ready. Got 3 of 3 DN Heartbeats.
2021-08-04 04:52:50,058 [Listener at 127.0.0.1/34825] INFO  ozone.MiniOzoneClusterImpl (MiniOzoneClusterImpl.java:lambda$waitForClusterToBeReady$0(238)) - Waiting for cluster to exit safe mode
2021-08-04 04:52:50,058 [Listener at 127.0.0.1/34825] INFO  ozone.MiniOzoneClusterImpl (MiniOzoneClusterImpl.java:lambda$waitForClusterToBeReady$0(240)) - SCM became leader
2021-08-04 04:52:50,196 [EventQueue-OpenPipelineForHealthyPipelineSafeModeRule] INFO  safemode.SCMSafeModeManager (HealthyPipelineSafeModeRule.java:process(124)) - SCM in safe mode. Healthy pipelines reported count is 0, required healthy pipeline reported count is 1
2021-08-04 04:52:50,328 [EventQueue-OpenPipelineForHealthyPipelineSafeModeRule] INFO  safemode.SCMSafeModeManager (HealthyPipelineSafeModeRule.java:process(124)) - SCM in safe mode. Healthy pipelines reported count is 0, required healthy pipeline reported count is 1
2021-08-04 04:52:50,509 [EventQueue-OpenPipelineForHealthyPipelineSafeModeRule] INFO  safemode.SCMSafeModeManager (HealthyPipelineSafeModeRule.java:process(124)) - SCM in safe mode. Healthy pipelines reported count is 0, required healthy pipeline reported count is 1
2021-08-04 04:52:51,058 [Listener at 127.0.0.1/34825] INFO  ozone.MiniOzoneClusterImpl (MiniOzoneClusterImpl.java:lambda$waitForClusterToBeReady$0(235)) - Nodes are ready. Got 3 of 3 DN Heartbeats.
2021-08-04 04:52:51,058 [Listener at 127.0.0.1/34825] INFO  ozone.MiniOzoneClusterImpl (MiniOzoneClusterImpl.java:lambda$waitForClusterToBeReady$0(238)) - Waiting for cluster to exit safe mode
2021-08-04 04:52:51,058 [Listener at 127.0.0.1/34825] INFO  ozone.MiniOzoneClusterImpl (MiniOzoneClusterImpl.java:lambda$waitForClusterToBeReady$0(240)) - SCM became leader
2021-08-04 04:52:51,197 [EventQueue-OpenPipelineForHealthyPipelineSafeModeRule] INFO  safemode.SCMSafeModeManager (HealthyPipelineSafeModeRule.java:process(124)) - SCM in safe mode. Healthy pipelines reported count is 0, required healthy pipeline reported count is 1
2021-08-04 04:52:52,010 [EventQueue-OpenPipelineForHealthyPipelineSafeModeRule] INFO  safemode.SCMSafeModeManager (HealthyPipelineSafeModeRule.java:process(124)) - SCM in safe mode. Healthy pipelines reported count is 0, required healthy pipeline reported count is 1
2021-08-04 04:52:52,058 [Listener at 127.0.0.1/34825] INFO  ozone.MiniOzoneClusterImpl (MiniOzoneClusterImpl.java:lambda$waitForClusterToBeReady$0(235)) - Nodes are ready. Got 3 of 3 DN Heartbeats.
2021-08-04 04:52:52,059 [Listener at 127.0.0.1/34825] INFO  ozone.MiniOzoneClusterImpl (MiniOzoneClusterImpl.java:lambda$waitForClusterToBeReady$0(238)) - Waiting for cluster to exit safe mode
2021-08-04 04:52:52,059 [Listener at 127.0.0.1/34825] INFO  ozone.MiniOzoneClusterImpl (MiniOzoneClusterImpl.java:lambda$waitForClusterToBeReady$0(240)) - SCM became leader
2021-08-04 04:52:52,197 [EventQueue-OpenPipelineForHealthyPipelineSafeModeRule] INFO  safemode.SCMSafeModeManager (HealthyPipelineSafeModeRule.java:process(124)) - SCM in safe mode. Healthy pipelines reported count is 0, required healthy pipeline reported count is 1
2021-08-04 04:52:52,327 [EventQueue-OpenPipelineForHealthyPipelineSafeModeRule] INFO  safemode.SCMSafeModeManager (HealthyPipelineSafeModeRule.java:process(124)) - SCM in safe mode. Healthy pipelines reported count is 0, required healthy pipeline reported count is 1
2021-08-04 04:52:52,885 [387044f6-9ada-47c7-9f57-c4453de21297@group-AA84E7D7B4EC-FollowerState] INFO  impl.FollowerState (FollowerState.java:run(134)) - 387044f6-9ada-47c7-9f57-c4453de21297@group-AA84E7D7B4EC-FollowerState: change to CANDIDATE, lastRpcElapsedTime:5071795049ns, electionTimeout:5060ms
2021-08-04 04:52:52,885 [387044f6-9ada-47c7-9f57-c4453de21297@group-AA84E7D7B4EC-FollowerState] INFO  impl.RoleInfo (RoleInfo.java:shutdownFollowerState(108)) - 387044f6-9ada-47c7-9f57-c4453de21297: shutdown 387044f6-9ada-47c7-9f57-c4453de21297@group-AA84E7D7B4EC-FollowerState
2021-08-04 04:52:52,885 [387044f6-9ada-47c7-9f57-c4453de21297@group-AA84E7D7B4EC-FollowerState] INFO  server.RaftServer$Division (RaftServerImpl.java:setRole(285)) - 387044f6-9ada-47c7-9f57-c4453de21297@group-AA84E7D7B4EC: changes role from  FOLLOWER to CANDIDATE at term 1 for changeToCandidate
2021-08-04 04:52:52,885 [387044f6-9ada-47c7-9f57-c4453de21297@group-AA84E7D7B4EC-FollowerState] INFO  server.RaftServerConfigKeys (ConfUtils.java:logGet(44)) - raft.server.leaderelection.pre-vote = false (custom)
2021-08-04 04:52:52,885 [387044f6-9ada-47c7-9f57-c4453de21297@group-AA84E7D7B4EC-FollowerState] INFO  impl.RoleInfo (RoleInfo.java:updateAndGet(130)) - 387044f6-9ada-47c7-9f57-c4453de21297: start 387044f6-9ada-47c7-9f57-c4453de21297@group-AA84E7D7B4EC-LeaderElection21
2021-08-04 04:52:52,887 [387044f6-9ada-47c7-9f57-c4453de21297@group-AA84E7D7B4EC-LeaderElection21] INFO  impl.LeaderElection (LeaderElection.java:askForVotes(306)) - 387044f6-9ada-47c7-9f57-c4453de21297@group-AA84E7D7B4EC-LeaderElection21 ELECTION round 0: submit vote requests at term 2 for -1: [3b35e8af-4420-4337-880c-bcb538b04dba|rpc:10.1.0.14:40083|dataStream:|priority:0, 387044f6-9ada-47c7-9f57-c4453de21297|rpc:10.1.0.14:39215|dataStream:|priority:1, 8a31fd49-3da4-4fd9-acfc-b2bde89e3d95|rpc:10.1.0.14:37907|dataStream:|priority:0], old=null
2021-08-04 04:52:52,897 [grpc-default-executor-3] INFO  server.RaftServer$Division (RaftServerImpl.java:requestVote(1043)) - 3b35e8af-4420-4337-880c-bcb538b04dba@group-AA84E7D7B4EC: receive requestVote(ELECTION, 387044f6-9ada-47c7-9f57-c4453de21297, group-AA84E7D7B4EC, 2, (t:0, i:0))
2021-08-04 04:52:52,897 [grpc-default-executor-3] INFO  impl.VoteContext (VoteContext.java:log(48)) - 3b35e8af-4420-4337-880c-bcb538b04dba@group-AA84E7D7B4EC-FOLLOWER: accept ELECTION from 387044f6-9ada-47c7-9f57-c4453de21297: our priority 0 <= candidate's priority 1
2021-08-04 04:52:52,897 [grpc-default-executor-3] INFO  server.RaftServer$Division (RaftServerImpl.java:setRole(285)) - 3b35e8af-4420-4337-880c-bcb538b04dba@group-AA84E7D7B4EC: changes role from  FOLLOWER to FOLLOWER at term 2 for candidate:387044f6-9ada-47c7-9f57-c4453de21297
2021-08-04 04:52:52,897 [grpc-default-executor-3] INFO  impl.RoleInfo (RoleInfo.java:shutdownFollowerState(108)) - 3b35e8af-4420-4337-880c-bcb538b04dba: shutdown 3b35e8af-4420-4337-880c-bcb538b04dba@group-AA84E7D7B4EC-FollowerState
2021-08-04 04:52:52,897 [grpc-default-executor-3] INFO  impl.RoleInfo (RoleInfo.java:updateAndGet(130)) - 3b35e8af-4420-4337-880c-bcb538b04dba: start 3b35e8af-4420-4337-880c-bcb538b04dba@group-AA84E7D7B4EC-FollowerState
2021-08-04 04:52:52,898 [3b35e8af-4420-4337-880c-bcb538b04dba@group-AA84E7D7B4EC-FollowerState] INFO  impl.FollowerState (FollowerState.java:run(143)) - 3b35e8af-4420-4337-880c-bcb538b04dba@group-AA84E7D7B4EC-FollowerState was interrupted: {}
java.lang.InterruptedException: sleep interrupted
	at java.lang.Thread.sleep(Native Method)
	at java.lang.Thread.sleep(Thread.java:340)
	at java.util.concurrent.TimeUnit.sleep(TimeUnit.java:386)
	at org.apache.ratis.util.TimeDuration.sleep(TimeDuration.java:324)
	at org.apache.ratis.util.TimeDuration.sleep(TimeDuration.java:309)
	at org.apache.ratis.server.impl.FollowerState.run(FollowerState.java:118)
2021-08-04 04:52:52,903 [grpc-default-executor-3] INFO  server.RaftServer$Division (RaftServerImpl.java:requestVote(1075)) - 3b35e8af-4420-4337-880c-bcb538b04dba@group-AA84E7D7B4EC replies to ELECTION vote request: 387044f6-9ada-47c7-9f57-c4453de21297<-3b35e8af-4420-4337-880c-bcb538b04dba#0:OK-t2. Peer's state: 3b35e8af-4420-4337-880c-bcb538b04dba@group-AA84E7D7B4EC:t2, leader=null, voted=387044f6-9ada-47c7-9f57-c4453de21297, raftlog=3b35e8af-4420-4337-880c-bcb538b04dba@group-AA84E7D7B4EC-SegmentedRaftLog:OPENED:c-1,f-1,i0, conf=-1: [3b35e8af-4420-4337-880c-bcb538b04dba|rpc:10.1.0.14:40083|dataStream:|priority:0, 387044f6-9ada-47c7-9f57-c4453de21297|rpc:10.1.0.14:39215|dataStream:|priority:1, 8a31fd49-3da4-4fd9-acfc-b2bde89e3d95|rpc:10.1.0.14:37907|dataStream:|priority:0], old=null
2021-08-04 04:52:52,904 [387044f6-9ada-47c7-9f57-c4453de21297@group-AA84E7D7B4EC-LeaderElection21] INFO  impl.LeaderElection (LeaderElection.java:logAndReturn(89)) - 387044f6-9ada-47c7-9f57-c4453de21297@group-AA84E7D7B4EC-LeaderElection21: ELECTION PASSED received 1 response(s) and 0 exception(s):
2021-08-04 04:52:52,904 [387044f6-9ada-47c7-9f57-c4453de21297@group-AA84E7D7B4EC-LeaderElection21] INFO  impl.LeaderElection (LeaderElection.java:logAndReturn(93)) -   Response 0: 387044f6-9ada-47c7-9f57-c4453de21297<-3b35e8af-4420-4337-880c-bcb538b04dba#0:OK-t2
2021-08-04 04:52:52,904 [387044f6-9ada-47c7-9f57-c4453de21297@group-AA84E7D7B4EC-LeaderElection21] INFO  impl.LeaderElection (LeaderElection.java:askForVotes(308)) - 387044f6-9ada-47c7-9f57-c4453de21297@group-AA84E7D7B4EC-LeaderElection21 ELECTION round 0: result PASSED
2021-08-04 04:52:52,904 [387044f6-9ada-47c7-9f57-c4453de21297@group-AA84E7D7B4EC-LeaderElection21] INFO  impl.RoleInfo (RoleInfo.java:shutdownLeaderElection(121)) - 387044f6-9ada-47c7-9f57-c4453de21297: shutdown 387044f6-9ada-47c7-9f57-c4453de21297@group-AA84E7D7B4EC-LeaderElection21
2021-08-04 04:52:52,904 [387044f6-9ada-47c7-9f57-c4453de21297@group-AA84E7D7B4EC-LeaderElection21] INFO  server.RaftServer$Division (RaftServerImpl.java:setRole(285)) - 387044f6-9ada-47c7-9f57-c4453de21297@group-AA84E7D7B4EC: changes role from CANDIDATE to LEADER at term 2 for changeToLeader
2021-08-04 04:52:52,904 [387044f6-9ada-47c7-9f57-c4453de21297@group-AA84E7D7B4EC-LeaderElection21] INFO  ratis.XceiverServerRatis (XceiverServerRatis.java:handleLeaderChangedNotification(857)) - Leader change notification received for group: group-AA84E7D7B4EC with new leaderId: 387044f6-9ada-47c7-9f57-c4453de21297
2021-08-04 04:52:52,905 [387044f6-9ada-47c7-9f57-c4453de21297@group-AA84E7D7B4EC-LeaderElection21] INFO  server.RaftServer$Division (ServerState.java:setLeader(285)) - 387044f6-9ada-47c7-9f57-c4453de21297@group-AA84E7D7B4EC: change Leader from null to 387044f6-9ada-47c7-9f57-c4453de21297 at term 2 for becomeLeader, leader elected after 10115ms
2021-08-04 04:52:52,905 [387044f6-9ada-47c7-9f57-c4453de21297@group-AA84E7D7B4EC-LeaderElection21] INFO  server.RaftServerConfigKeys (ConfUtils.java:logGet(44)) - raft.server.staging.catchup.gap = 1000 (default)
2021-08-04 04:52:52,905 [Datanode State Machine Thread - 0] WARN  statemachine.StateContext (StateContext.java:execute(621)) - No available thread in pool for past 0 seconds.
2021-08-04 04:52:52,905 [387044f6-9ada-47c7-9f57-c4453de21297@group-AA84E7D7B4EC-LeaderElection21] INFO  server.RaftServerConfigKeys (ConfUtils.java:logGet(44)) - raft.server.write.element-limit = 1024 (custom)
2021-08-04 04:52:52,905 [387044f6-9ada-47c7-9f57-c4453de21297@group-AA84E7D7B4EC-LeaderElection21] INFO  server.RaftServerConfigKeys (ConfUtils.java:logGet(44)) - raft.server.write.byte-limit = 1073741824 (custom)
2021-08-04 04:52:52,905 [387044f6-9ada-47c7-9f57-c4453de21297@group-AA84E7D7B4EC-LeaderElection21] INFO  server.RaftServerConfigKeys (ConfUtils.java:logGet(44)) - raft.server.watch.timeout = 180s (custom)
2021-08-04 04:52:52,905 [387044f6-9ada-47c7-9f57-c4453de21297@group-AA84E7D7B4EC-LeaderElection21] INFO  server.RaftServerConfigKeys (ConfUtils.java:logGet(44)) - raft.server.watch.timeout.denomination = 1s (default)
2021-08-04 04:52:52,905 [387044f6-9ada-47c7-9f57-c4453de21297@group-AA84E7D7B4EC-LeaderElection21] INFO  server.RaftServerConfigKeys (ConfUtils.java:logGet(44)) - raft.server.watch.element-limit = 65536 (default)
2021-08-04 04:52:52,906 [387044f6-9ada-47c7-9f57-c4453de21297@group-AA84E7D7B4EC-LeaderElection21] INFO  server.RaftServerConfigKeys (ConfUtils.java:logGet(44)) - raft.server.log.appender.snapshot.chunk.size.max = 16MB (=16777216) (default)
2021-08-04 04:52:52,906 [387044f6-9ada-47c7-9f57-c4453de21297@group-AA84E7D7B4EC-LeaderElection21] INFO  server.RaftServerConfigKeys (ConfUtils.java:logGet(44)) - raft.server.log.appender.buffer.byte-limit = 33554432 (custom)
2021-08-04 04:52:52,906 [EventQueue-PipelineReportForPipelineReportHandler] INFO  pipeline.PipelineManagerV2Impl (PipelineManagerV2Impl.java:openPipeline(283)) - Pipeline Pipeline[ Id: 4028e4d2-302d-4748-ac75-aa84e7d7b4ec, Nodes: 3b35e8af-4420-4337-880c-bcb538b04dba{ip: 10.1.0.14, host: fv-az291-261.wgnan5asplgejimfprtllbpdch.jx.internal.cloudapp.net, ports: [REPLICATION=37687, RATIS=40083, RATIS_ADMIN=40083, RATIS_SERVER=40083, STANDALONE=43785], networkLocation: /default-rack, certSerialId: null, persistedOpState: IN_SERVICE, persistedOpStateExpiryEpochSec: 0}8a31fd49-3da4-4fd9-acfc-b2bde89e3d95{ip: 10.1.0.14, host: fv-az291-261.wgnan5asplgejimfprtllbpdch.jx.internal.cloudapp.net, ports: [REPLICATION=38125, RATIS=37907, RATIS_ADMIN=37907, RATIS_SERVER=37907, STANDALONE=42413], networkLocation: /default-rack, certSerialId: null, persistedOpState: IN_SERVICE, persistedOpStateExpiryEpochSec: 0}387044f6-9ada-47c7-9f57-c4453de21297{ip: 10.1.0.14, host: fv-az291-261.wgnan5asplgejimfprtllbpdch.jx.internal.cloudapp.net, ports: [REPLICATION=33107, RATIS=39215, RATIS_ADMIN=39215, RATIS_SERVER=39215, STANDALONE=42459], networkLocation: /default-rack, certSerialId: null, persistedOpState: IN_SERVICE, persistedOpStateExpiryEpochSec: 0}, ReplicationConfig: RATIS/THREE, State:ALLOCATED, leaderId:387044f6-9ada-47c7-9f57-c4453de21297, CreationTimestamp2021-08-04T04:52:40.071Z[Etc/UTC]] moved to OPEN state
2021-08-04 04:52:52,906 [387044f6-9ada-47c7-9f57-c4453de21297@group-AA84E7D7B4EC-LeaderElection21] INFO  server.RaftServerConfigKeys (ConfUtils.java:logGet(44)) - raft.server.log.appender.buffer.element-limit = 1 (custom)
2021-08-04 04:52:52,907 [387044f6-9ada-47c7-9f57-c4453de21297@group-AA84E7D7B4EC-LeaderElection21] INFO  grpc.GrpcConfigKeys (ConfUtils.java:logGet(44)) - raft.grpc.server.leader.outstanding.appends.max = 128 (default)
2021-08-04 04:52:52,907 [387044f6-9ada-47c7-9f57-c4453de21297@group-AA84E7D7B4EC-LeaderElection21] INFO  server.RaftServerConfigKeys (ConfUtils.java:logGet(44)) - raft.server.rpc.request.timeout = 60s (custom)
2021-08-04 04:52:52,907 [387044f6-9ada-47c7-9f57-c4453de21297@group-AA84E7D7B4EC-LeaderElection21] INFO  server.RaftServerConfigKeys (ConfUtils.java:logGet(44)) - raft.server.log.appender.install.snapshot.enabled = false (custom)
2021-08-04 04:52:52,908 [EventQueue-OpenPipelineForHealthyPipelineSafeModeRule] INFO  safemode.SCMSafeModeManager (HealthyPipelineSafeModeRule.java:process(124)) - SCM in safe mode. Healthy pipelines reported count is 1, required healthy pipeline reported count is 1
2021-08-04 04:52:52,908 [EventQueue-OpenPipelineForHealthyPipelineSafeModeRule] INFO  safemode.SCMSafeModeManager (SCMSafeModeManager.java:validateSafeModeExitRules(204)) - HealthyPipelineSafeModeRule rule is successfully validated
2021-08-04 04:52:52,908 [EventQueue-OpenPipelineForHealthyPipelineSafeModeRule] INFO  safemode.SCMSafeModeManager (SCMSafeModeManager.java:validateSafeModeExitRules(219)) - ScmSafeModeManager, all rules are successfully validated
2021-08-04 04:52:52,908 [EventQueue-OpenPipelineForHealthyPipelineSafeModeRule] INFO  safemode.SCMSafeModeManager (SCMSafeModeManager.java:exitSafeMode(248)) - SCM exiting safe mode.
2021-08-04 04:52:52,908 [EventQueue-OpenPipelineForHealthyPipelineSafeModeRule] WARN  events.EventQueue (EventQueue.java:fireEvent(194)) - No event handler registered for event TypedEvent{payloadType=SafeModeStatus, name='Safe mode status'}
2021-08-04 04:52:52,908 [EventQueue-OpenPipelineForHealthyPipelineSafeModeRule] INFO  ha.SCMContext (SCMContext.java:updateSafeModeStatus(205)) - Update SafeModeStatus from SafeModeStatus{safeModeStatus=true, preCheckPassed=true} to SafeModeStatus{safeModeStatus=false, preCheckPassed=true}.
2021-08-04 04:52:52,908 [EventQueue-OpenPipelineForHealthyPipelineSafeModeRule] INFO  pipeline.BackgroundPipelineCreator (BackgroundPipelineCreatorV2.java:notifyStatusChanged(264)) - Service BackgroundPipelineCreator transitions to RUNNING.
2021-08-04 04:52:52,908 [EventQueue-OpenPipelineForHealthyPipelineSafeModeRule] INFO  container.ReplicationManager (ReplicationManager.java:notifyStatusChanged(1674)) - Service ReplicationManager transitions to RUNNING.
2021-08-04 04:52:52,908 [387044f6-9ada-47c7-9f57-c4453de21297@group-AA84E7D7B4EC-LeaderElection21] INFO  server.RaftServerConfigKeys (ConfUtils.java:logGet(44)) - raft.server.log.appender.snapshot.chunk.size.max = 16MB (=16777216) (default)
2021-08-04 04:52:52,908 [387044f6-9ada-47c7-9f57-c4453de21297@group-AA84E7D7B4EC-LeaderElection21] INFO  server.RaftServerConfigKeys (ConfUtils.java:logGet(44)) - raft.server.log.appender.buffer.byte-limit = 33554432 (custom)
2021-08-04 04:52:52,908 [387044f6-9ada-47c7-9f57-c4453de21297@group-AA84E7D7B4EC-LeaderElection21] INFO  server.RaftServerConfigKeys (ConfUtils.java:logGet(44)) - raft.server.log.appender.buffer.element-limit = 1 (custom)
2021-08-04 04:52:52,908 [387044f6-9ada-47c7-9f57-c4453de21297@group-AA84E7D7B4EC-LeaderElection21] INFO  grpc.GrpcConfigKeys (ConfUtils.java:logGet(44)) - raft.grpc.server.leader.outstanding.appends.max = 128 (default)
2021-08-04 04:52:52,908 [387044f6-9ada-47c7-9f57-c4453de21297@group-AA84E7D7B4EC-LeaderElection21] INFO  server.RaftServerConfigKeys (ConfUtils.java:logGet(44)) - raft.server.rpc.request.timeout = 60s (custom)
2021-08-04 04:52:52,908 [387044f6-9ada-47c7-9f57-c4453de21297@group-AA84E7D7B4EC-LeaderElection21] INFO  server.RaftServerConfigKeys (ConfUtils.java:logGet(44)) - raft.server.log.appender.install.snapshot.enabled = false (custom)
2021-08-04 04:52:52,909 [387044f6-9ada-47c7-9f57-c4453de21297@group-AA84E7D7B4EC-LeaderElection21] INFO  impl.RoleInfo (RoleInfo.java:updateAndGet(130)) - 387044f6-9ada-47c7-9f57-c4453de21297: start 387044f6-9ada-47c7-9f57-c4453de21297@group-AA84E7D7B4EC-LeaderStateImpl
2021-08-04 04:52:52,909 [387044f6-9ada-47c7-9f57-c4453de21297@group-AA84E7D7B4EC-LeaderElection21] INFO  segmented.SegmentedRaftLogWorker (SegmentedRaftLogWorker.java:startLogSegment(394)) - 387044f6-9ada-47c7-9f57-c4453de21297@group-AA84E7D7B4EC-SegmentedRaftLogWorker: Starting segment from index:0
2021-08-04 04:52:52,911 [387044f6-9ada-47c7-9f57-c4453de21297@group-AA84E7D7B4EC-SegmentedRaftLogWorker] INFO  segmented.SegmentedRaftLogWorker (SegmentedRaftLogWorker.java:execute(601)) - 387044f6-9ada-47c7-9f57-c4453de21297@group-AA84E7D7B4EC-SegmentedRaftLogWorker: created new log segment /home/runner/work/ozone/ozone/mnt/ozone/hadoop-ozone/integration-test/target/test-dir/MiniOzoneClusterImpl-f8689e89-4432-43a3-ae55-b25b0dce3dad/datanode-1/data/ratis/4028e4d2-302d-4748-ac75-aa84e7d7b4ec/current/log_inprogress_0
2021-08-04 04:52:52,920 [grpc-default-executor-3] INFO  server.RaftServer$Division (RaftServerImpl.java:requestVote(1043)) - 8a31fd49-3da4-4fd9-acfc-b2bde89e3d95@group-AA84E7D7B4EC: receive requestVote(ELECTION, 387044f6-9ada-47c7-9f57-c4453de21297, group-AA84E7D7B4EC, 2, (t:0, i:0))
2021-08-04 04:52:52,920 [grpc-default-executor-3] INFO  impl.VoteContext (VoteContext.java:log(48)) - 8a31fd49-3da4-4fd9-acfc-b2bde89e3d95@group-AA84E7D7B4EC-FOLLOWER: accept ELECTION from 387044f6-9ada-47c7-9f57-c4453de21297: our priority 0 <= candidate's priority 1
2021-08-04 04:52:52,920 [grpc-default-executor-3] INFO  server.RaftServer$Division (RaftServerImpl.java:setRole(285)) - 8a31fd49-3da4-4fd9-acfc-b2bde89e3d95@group-AA84E7D7B4EC: changes role from  FOLLOWER to FOLLOWER at term 2 for candidate:387044f6-9ada-47c7-9f57-c4453de21297
2021-08-04 04:52:52,920 [grpc-default-executor-3] INFO  impl.RoleInfo (RoleInfo.java:shutdownFollowerState(108)) - 8a31fd49-3da4-4fd9-acfc-b2bde89e3d95: shutdown 8a31fd49-3da4-4fd9-acfc-b2bde89e3d95@group-AA84E7D7B4EC-FollowerState
2021-08-04 04:52:52,920 [grpc-default-executor-3] INFO  impl.RoleInfo (RoleInfo.java:updateAndGet(130)) - 8a31fd49-3da4-4fd9-acfc-b2bde89e3d95: start 8a31fd49-3da4-4fd9-acfc-b2bde89e3d95@group-AA84E7D7B4EC-FollowerState
2021-08-04 04:52:52,920 [387044f6-9ada-47c7-9f57-c4453de21297@group-AA84E7D7B4EC-LeaderElection21] INFO  server.RaftServer$Division (ServerState.java:setRaftConf(387)) - 387044f6-9ada-47c7-9f57-c4453de21297@group-AA84E7D7B4EC: set configuration 0: [3b35e8af-4420-4337-880c-bcb538b04dba|rpc:10.1.0.14:40083|dataStream:|priority:0, 387044f6-9ada-47c7-9f57-c4453de21297|rpc:10.1.0.14:39215|dataStream:|priority:1, 8a31fd49-3da4-4fd9-acfc-b2bde89e3d95|rpc:10.1.0.14:37907|dataStream:|priority:0], old=null
2021-08-04 04:52:52,920 [8a31fd49-3da4-4fd9-acfc-b2bde89e3d95@group-AA84E7D7B4EC-FollowerState] INFO  impl.FollowerState (FollowerState.java:run(143)) - 8a31fd49-3da4-4fd9-acfc-b2bde89e3d95@group-AA84E7D7B4EC-FollowerState was interrupted: {}
java.lang.InterruptedException: sleep interrupted
	at java.lang.Thread.sleep(Native Method)
	at java.lang.Thread.sleep(Thread.java:340)
	at java.util.concurrent.TimeUnit.sleep(TimeUnit.java:386)
	at org.apache.ratis.util.TimeDuration.sleep(TimeDuration.java:324)
	at org.apache.ratis.util.TimeDuration.sleep(TimeDuration.java:309)
	at org.apache.ratis.server.impl.FollowerState.run(FollowerState.java:118)
2021-08-04 04:52:52,922 [grpc-default-executor-3] INFO  server.RaftServer$Division (RaftServerImpl.java:requestVote(1075)) - 8a31fd49-3da4-4fd9-acfc-b2bde89e3d95@group-AA84E7D7B4EC replies to ELECTION vote request: 387044f6-9ada-47c7-9f57-c4453de21297<-8a31fd49-3da4-4fd9-acfc-b2bde89e3d95#0:OK-t2. Peer's state: 8a31fd49-3da4-4fd9-acfc-b2bde89e3d95@group-AA84E7D7B4EC:t2, leader=null, voted=387044f6-9ada-47c7-9f57-c4453de21297, raftlog=8a31fd49-3da4-4fd9-acfc-b2bde89e3d95@group-AA84E7D7B4EC-SegmentedRaftLog:OPENED:c-1,f-1,i0, conf=-1: [3b35e8af-4420-4337-880c-bcb538b04dba|rpc:10.1.0.14:40083|priority:0, 387044f6-9ada-47c7-9f57-c4453de21297|rpc:10.1.0.14:39215|priority:1, 8a31fd49-3da4-4fd9-acfc-b2bde89e3d95|rpc:10.1.0.14:37907|priority:0], old=null
2021-08-04 04:52:52,937 [grpc-default-executor-2] INFO  ratis.XceiverServerRatis (XceiverServerRatis.java:handleLeaderChangedNotification(857)) - Leader change notification received for group: group-AA84E7D7B4EC with new leaderId: 387044f6-9ada-47c7-9f57-c4453de21297
2021-08-04 04:52:52,937 [grpc-default-executor-2] INFO  server.RaftServer$Division (ServerState.java:setLeader(285)) - 3b35e8af-4420-4337-880c-bcb538b04dba@group-AA84E7D7B4EC: change Leader from null to 387044f6-9ada-47c7-9f57-c4453de21297 at term 2 for appendEntries, leader elected after 10191ms
2021-08-04 04:52:52,937 [grpc-default-executor-3] INFO  ratis.XceiverServerRatis (XceiverServerRatis.java:handleLeaderChangedNotification(857)) - Leader change notification received for group: group-AA84E7D7B4EC with new leaderId: 387044f6-9ada-47c7-9f57-c4453de21297
2021-08-04 04:52:52,938 [grpc-default-executor-3] INFO  server.RaftServer$Division (ServerState.java:setLeader(285)) - 8a31fd49-3da4-4fd9-acfc-b2bde89e3d95@group-AA84E7D7B4EC: change Leader from null to 387044f6-9ada-47c7-9f57-c4453de21297 at term 2 for appendEntries, leader elected after 10220ms
2021-08-04 04:52:52,942 [grpc-default-executor-2] INFO  server.RaftServer$Division (ServerState.java:setRaftConf(387)) - 3b35e8af-4420-4337-880c-bcb538b04dba@group-AA84E7D7B4EC: set configuration 0: [3b35e8af-4420-4337-880c-bcb538b04dba|rpc:10.1.0.14:40083|dataStream:|priority:0, 387044f6-9ada-47c7-9f57-c4453de21297|rpc:10.1.0.14:39215|dataStream:|priority:1, 8a31fd49-3da4-4fd9-acfc-b2bde89e3d95|rpc:10.1.0.14:37907|dataStream:|priority:0], old=null
2021-08-04 04:52:52,942 [grpc-default-executor-2] INFO  segmented.SegmentedRaftLogWorker (SegmentedRaftLogWorker.java:startLogSegment(394)) - 3b35e8af-4420-4337-880c-bcb538b04dba@group-AA84E7D7B4EC-SegmentedRaftLogWorker: Starting segment from index:0
2021-08-04 04:52:52,944 [3b35e8af-4420-4337-880c-bcb538b04dba@group-AA84E7D7B4EC-SegmentedRaftLogWorker] INFO  segmented.SegmentedRaftLogWorker (SegmentedRaftLogWorker.java:execute(601)) - 3b35e8af-4420-4337-880c-bcb538b04dba@group-AA84E7D7B4EC-SegmentedRaftLogWorker: created new log segment /home/runner/work/ozone/ozone/mnt/ozone/hadoop-ozone/integration-test/target/test-dir/MiniOzoneClusterImpl-f8689e89-4432-43a3-ae55-b25b0dce3dad/datanode-2/data/ratis/4028e4d2-302d-4748-ac75-aa84e7d7b4ec/current/log_inprogress_0
2021-08-04 04:52:52,947 [grpc-default-executor-2] INFO  server.RaftServer$Division (ServerState.java:setRaftConf(387)) - 8a31fd49-3da4-4fd9-acfc-b2bde89e3d95@group-AA84E7D7B4EC: set configuration 0: [3b35e8af-4420-4337-880c-bcb538b04dba|rpc:10.1.0.14:40083|dataStream:|priority:0, 387044f6-9ada-47c7-9f57-c4453de21297|rpc:10.1.0.14:39215|dataStream:|priority:1, 8a31fd49-3da4-4fd9-acfc-b2bde89e3d95|rpc:10.1.0.14:37907|dataStream:|priority:0], old=null
2021-08-04 04:52:52,948 [grpc-default-executor-2] INFO  segmented.SegmentedRaftLogWorker (SegmentedRaftLogWorker.java:startLogSegment(394)) - 8a31fd49-3da4-4fd9-acfc-b2bde89e3d95@group-AA84E7D7B4EC-SegmentedRaftLogWorker: Starting segment from index:0
2021-08-04 04:52:52,949 [8a31fd49-3da4-4fd9-acfc-b2bde89e3d95@group-AA84E7D7B4EC-SegmentedRaftLogWorker] INFO  segmented.SegmentedRaftLogWorker (SegmentedRaftLogWorker.java:execute(601)) - 8a31fd49-3da4-4fd9-acfc-b2bde89e3d95@group-AA84E7D7B4EC-SegmentedRaftLogWorker: created new log segment /home/runner/work/ozone/ozone/mnt/ozone/hadoop-ozone/integration-test/target/test-dir/MiniOzoneClusterImpl-f8689e89-4432-43a3-ae55-b25b0dce3dad/datanode-0/data/ratis/4028e4d2-302d-4748-ac75-aa84e7d7b4ec/current/log_inprogress_0
2021-08-04 04:52:53,059 [Listener at 127.0.0.1/34825] INFO  ozone.MiniOzoneClusterImpl (MiniOzoneClusterImpl.java:lambda$waitForClusterToBeReady$0(235)) - Nodes are ready. Got 3 of 3 DN Heartbeats.
2021-08-04 04:52:53,059 [Listener at 127.0.0.1/34825] INFO  ozone.MiniOzoneClusterImpl (MiniOzoneClusterImpl.java:lambda$waitForClusterToBeReady$0(238)) - Cluster exits safe mode
2021-08-04 04:52:53,059 [Listener at 127.0.0.1/34825] INFO  ozone.MiniOzoneClusterImpl (MiniOzoneClusterImpl.java:lambda$waitForClusterToBeReady$0(240)) - SCM became leader
2021-08-04 04:52:53,060 [Listener at 127.0.0.1/34825] INFO  ha.SequenceIdGenerator (SequenceIdGenerator.java:getNextId(127)) - Allocate a batch for containerId, change lastId from 0 to 1000.
2021-08-04 04:52:53,111 [Datanode State Machine Thread - 0] WARN  statemachine.StateContext (StateContext.java:execute(621)) - No available thread in pool for past 0 seconds.
2021-08-04 04:52:53,134 [Listener at 127.0.0.1/34825] INFO  rpc.RpcClient (RpcClient.java:createVolume(342)) - Creating Volume: testhddsupgrade, with runner as owner and space quota set to -1 bytes, counts quota set to -1
2021-08-04 04:52:53,139 [OM StateMachine ApplyTransaction Thread - 0] INFO  volume.OMVolumeCreateRequest (OMVolumeCreateRequest.java:validateAndUpdateCache(195)) - created volume:testhddsupgrade for user:runner
2021-08-04 04:52:53,149 [Listener at 127.0.0.1/34825] INFO  rpc.RpcClient (RpcClient.java:createBucket(502)) - Creating Bucket: testhddsupgrade/testhddsupgrade, with Versioning false and Storage Type set to DISK and Encryption set to false 
2021-08-04 04:52:53,162 [IPC Server handler 4 on default port 38965] WARN  ha.SequenceIdGenerator (SequenceIdGenerator.java:allocateBatch(234)) - Failed to allocate a batch for localId, expected lastId is 0, actual lastId is 107544261427200000.
2021-08-04 04:52:53,162 [IPC Server handler 4 on default port 38965] INFO  ha.SequenceIdGenerator (SequenceIdGenerator.java:getNextId(127)) - Allocate a batch for localId, change lastId from 107544261427200000 to 107544261427201000.
2021-08-04 04:52:53,219 [Datanode State Machine Thread - 0] WARN  statemachine.StateContext (StateContext.java:execute(621)) - No available thread in pool for past 0 seconds.
2021-08-04 04:52:53,225 [Datanode State Machine Thread - 0] WARN  statemachine.StateContext (StateContext.java:execute(621)) - No available thread in pool for past 0 seconds.
2021-08-04 04:52:53,226 [Datanode State Machine Thread - 0] WARN  statemachine.StateContext (StateContext.java:execute(621)) - No available thread in pool for past 0 seconds.
2021-08-04 04:52:53,273 [Listener at 127.0.0.1/34825] INFO  upgrade.UpgradeFinalizer (BasicUpgradeFinalizer.java:logAndEmit(341)) - Finalization started.
2021-08-04 04:52:53,273 [Listener at 127.0.0.1/34825] INFO  pipeline.BackgroundPipelineCreator (BackgroundPipelineCreatorV2.java:stop(158)) - Stopping RatisPipelineUtilsThread.
2021-08-04 04:52:53,274 [Listener at 127.0.0.1/34825] INFO  pipeline.PipelineManagerV2Impl (PipelineManagerV2Impl.java:closePipeline(343)) - Pipeline Pipeline[ Id: c9347d10-3db1-454b-b98d-f1353276f7d1, Nodes: 8a31fd49-3da4-4fd9-acfc-b2bde89e3d95{ip: 10.1.0.14, host: fv-az291-261.wgnan5asplgejimfprtllbpdch.jx.internal.cloudapp.net, ports: [REPLICATION=38125, RATIS=37907, RATIS_ADMIN=37907, RATIS_SERVER=37907, STANDALONE=42413], networkLocation: /default-rack, certSerialId: null, persistedOpState: IN_SERVICE, persistedOpStateExpiryEpochSec: 0}, ReplicationConfig: RATIS/ONE, State:OPEN, leaderId:8a31fd49-3da4-4fd9-acfc-b2bde89e3d95, CreationTimestamp2021-08-04T04:52:39.699Z[Etc/UTC]] moved to CLOSED state
2021-08-04 04:52:53,274 [Listener at 127.0.0.1/34825] INFO  pipeline.RatisPipelineProvider (RatisPipelineProvider.java:lambda$close$1(222)) - Send pipeline:PipelineID=c9347d10-3db1-454b-b98d-f1353276f7d1 close command to datanode 8a31fd49-3da4-4fd9-acfc-b2bde89e3d95
2021-08-04 04:52:53,275 [Listener at 127.0.0.1/34825] INFO  pipeline.PipelineStateManager (PipelineStateManagerV2Impl.java:removePipeline(211)) - Pipeline Pipeline[ Id: c9347d10-3db1-454b-b98d-f1353276f7d1, Nodes: 8a31fd49-3da4-4fd9-acfc-b2bde89e3d95{ip: 10.1.0.14, host: fv-az291-261.wgnan5asplgejimfprtllbpdch.jx.internal.cloudapp.net, ports: [REPLICATION=38125, RATIS=37907, RATIS_ADMIN=37907, RATIS_SERVER=37907, STANDALONE=42413], networkLocation: /default-rack, certSerialId: null, persistedOpState: IN_SERVICE, persistedOpStateExpiryEpochSec: 0}, ReplicationConfig: RATIS/ONE, State:CLOSED, leaderId:8a31fd49-3da4-4fd9-acfc-b2bde89e3d95, CreationTimestamp2021-08-04T04:52:39.699Z[Etc/UTC]] removed.
2021-08-04 04:52:53,275 [Listener at 127.0.0.1/34825] INFO  pipeline.PipelineManagerV2Impl (PipelineManagerV2Impl.java:closePipeline(343)) - Pipeline Pipeline[ Id: 4028e4d2-302d-4748-ac75-aa84e7d7b4ec, Nodes: 3b35e8af-4420-4337-880c-bcb538b04dba{ip: 10.1.0.14, host: fv-az291-261.wgnan5asplgejimfprtllbpdch.jx.internal.cloudapp.net, ports: [REPLICATION=37687, RATIS=40083, RATIS_ADMIN=40083, RATIS_SERVER=40083, STANDALONE=43785], networkLocation: /default-rack, certSerialId: null, persistedOpState: IN_SERVICE, persistedOpStateExpiryEpochSec: 0}8a31fd49-3da4-4fd9-acfc-b2bde89e3d95{ip: 10.1.0.14, host: fv-az291-261.wgnan5asplgejimfprtllbpdch.jx.internal.cloudapp.net, ports: [REPLICATION=38125, RATIS=37907, RATIS_ADMIN=37907, RATIS_SERVER=37907, STANDALONE=42413], networkLocation: /default-rack, certSerialId: null, persistedOpState: IN_SERVICE, persistedOpStateExpiryEpochSec: 0}387044f6-9ada-47c7-9f57-c4453de21297{ip: 10.1.0.14, host: fv-az291-261.wgnan5asplgejimfprtllbpdch.jx.internal.cloudapp.net, ports: [REPLICATION=33107, RATIS=39215, RATIS_ADMIN=39215, RATIS_SERVER=39215, STANDALONE=42459], networkLocation: /default-rack, certSerialId: null, persistedOpState: IN_SERVICE, persistedOpStateExpiryEpochSec: 0}, ReplicationConfig: RATIS/THREE, State:OPEN, leaderId:387044f6-9ada-47c7-9f57-c4453de21297, CreationTimestamp2021-08-04T04:52:40.071Z[Etc/UTC]] moved to CLOSED state
2021-08-04 04:52:53,276 [Listener at 127.0.0.1/34825] INFO  pipeline.RatisPipelineProvider (RatisPipelineProvider.java:lambda$close$1(222)) - Send pipeline:PipelineID=4028e4d2-302d-4748-ac75-aa84e7d7b4ec close command to datanode 3b35e8af-4420-4337-880c-bcb538b04dba
2021-08-04 04:52:53,276 [Listener at 127.0.0.1/34825] INFO  pipeline.RatisPipelineProvider (RatisPipelineProvider.java:lambda$close$1(222)) - Send pipeline:PipelineID=4028e4d2-302d-4748-ac75-aa84e7d7b4ec close command to datanode 8a31fd49-3da4-4fd9-acfc-b2bde89e3d95
2021-08-04 04:52:53,276 [Listener at 127.0.0.1/34825] INFO  pipeline.RatisPipelineProvider (RatisPipelineProvider.java:lambda$close$1(222)) - Send pipeline:PipelineID=4028e4d2-302d-4748-ac75-aa84e7d7b4ec close command to datanode 387044f6-9ada-47c7-9f57-c4453de21297
2021-08-04 04:52:53,276 [Listener at 127.0.0.1/34825] INFO  pipeline.PipelineStateManager (PipelineStateManagerV2Impl.java:removePipeline(211)) - Pipeline Pipeline[ Id: 4028e4d2-302d-4748-ac75-aa84e7d7b4ec, Nodes: 3b35e8af-4420-4337-880c-bcb538b04dba{ip: 10.1.0.14, host: fv-az291-261.wgnan5asplgejimfprtllbpdch.jx.internal.cloudapp.net, ports: [REPLICATION=37687, RATIS=40083, RATIS_ADMIN=40083, RATIS_SERVER=40083, STANDALONE=43785], networkLocation: /default-rack, certSerialId: null, persistedOpState: IN_SERVICE, persistedOpStateExpiryEpochSec: 0}8a31fd49-3da4-4fd9-acfc-b2bde89e3d95{ip: 10.1.0.14, host: fv-az291-261.wgnan5asplgejimfprtllbpdch.jx.internal.cloudapp.net, ports: [REPLICATION=38125, RATIS=37907, RATIS_ADMIN=37907, RATIS_SERVER=37907, STANDALONE=42413], networkLocation: /default-rack, certSerialId: null, persistedOpState: IN_SERVICE, persistedOpStateExpiryEpochSec: 0}387044f6-9ada-47c7-9f57-c4453de21297{ip: 10.1.0.14, host: fv-az291-261.wgnan5asplgejimfprtllbpdch.jx.internal.cloudapp.net, ports: [REPLICATION=33107, RATIS=39215, RATIS_ADMIN=39215, RATIS_SERVER=39215, STANDALONE=42459], networkLocation: /default-rack, certSerialId: null, persistedOpState: IN_SERVICE, persistedOpStateExpiryEpochSec: 0}, ReplicationConfig: RATIS/THREE, State:CLOSED, leaderId:387044f6-9ada-47c7-9f57-c4453de21297, CreationTimestamp2021-08-04T04:52:40.071Z[Etc/UTC]] removed.
2021-08-04 04:52:53,276 [Listener at 127.0.0.1/34825] INFO  pipeline.PipelineManagerV2Impl (PipelineManagerV2Impl.java:closePipeline(343)) - Pipeline Pipeline[ Id: 09679ef3-b699-481a-8067-f7822bde2d76, Nodes: 387044f6-9ada-47c7-9f57-c4453de21297{ip: 10.1.0.14, host: fv-az291-261.wgnan5asplgejimfprtllbpdch.jx.internal.cloudapp.net, ports: [REPLICATION=33107, RATIS=39215, RATIS_ADMIN=39215, RATIS_SERVER=39215, STANDALONE=42459], networkLocation: /default-rack, certSerialId: null, persistedOpState: IN_SERVICE, persistedOpStateExpiryEpochSec: 0}, ReplicationConfig: RATIS/ONE, State:OPEN, leaderId:387044f6-9ada-47c7-9f57-c4453de21297, CreationTimestamp2021-08-04T04:52:39.885Z[Etc/UTC]] moved to CLOSED state
2021-08-04 04:52:53,277 [Listener at 127.0.0.1/34825] INFO  pipeline.RatisPipelineProvider (RatisPipelineProvider.java:lambda$close$1(222)) - Send pipeline:PipelineID=09679ef3-b699-481a-8067-f7822bde2d76 close command to datanode 387044f6-9ada-47c7-9f57-c4453de21297
2021-08-04 04:52:53,277 [Listener at 127.0.0.1/34825] INFO  pipeline.PipelineStateManager (PipelineStateManagerV2Impl.java:removePipeline(211)) - Pipeline Pipeline[ Id: 09679ef3-b699-481a-8067-f7822bde2d76, Nodes: 387044f6-9ada-47c7-9f57-c4453de21297{ip: 10.1.0.14, host: fv-az291-261.wgnan5asplgejimfprtllbpdch.jx.internal.cloudapp.net, ports: [REPLICATION=33107, RATIS=39215, RATIS_ADMIN=39215, RATIS_SERVER=39215, STANDALONE=42459], networkLocation: /default-rack, certSerialId: null, persistedOpState: IN_SERVICE, persistedOpStateExpiryEpochSec: 0}, ReplicationConfig: RATIS/ONE, State:CLOSED, leaderId:387044f6-9ada-47c7-9f57-c4453de21297, CreationTimestamp2021-08-04T04:52:39.885Z[Etc/UTC]] removed.
2021-08-04 04:52:53,277 [Listener at 127.0.0.1/34825] INFO  pipeline.PipelineManagerV2Impl (PipelineManagerV2Impl.java:closePipeline(343)) - Pipeline Pipeline[ Id: 446447bf-1478-4b6c-990c-397e682be2ab, Nodes: 3b35e8af-4420-4337-880c-bcb538b04dba{ip: 10.1.0.14, host: fv-az291-261.wgnan5asplgejimfprtllbpdch.jx.internal.cloudapp.net, ports: [REPLICATION=37687, RATIS=40083, RATIS_ADMIN=40083, RATIS_SERVER=40083, STANDALONE=43785], networkLocation: /default-rack, certSerialId: null, persistedOpState: IN_SERVICE, persistedOpStateExpiryEpochSec: 0}, ReplicationConfig: RATIS/ONE, State:OPEN, leaderId:3b35e8af-4420-4337-880c-bcb538b04dba, CreationTimestamp2021-08-04T04:52:40.070Z[Etc/UTC]] moved to CLOSED state
2021-08-04 04:52:53,277 [Listener at 127.0.0.1/34825] INFO  pipeline.RatisPipelineProvider (RatisPipelineProvider.java:lambda$close$1(222)) - Send pipeline:PipelineID=446447bf-1478-4b6c-990c-397e682be2ab close command to datanode 3b35e8af-4420-4337-880c-bcb538b04dba
2021-08-04 04:52:53,277 [Listener at 127.0.0.1/34825] INFO  pipeline.PipelineStateManager (PipelineStateManagerV2Impl.java:removePipeline(211)) - Pipeline Pipeline[ Id: 446447bf-1478-4b6c-990c-397e682be2ab, Nodes: 3b35e8af-4420-4337-880c-bcb538b04dba{ip: 10.1.0.14, host: fv-az291-261.wgnan5asplgejimfprtllbpdch.jx.internal.cloudapp.net, ports: [REPLICATION=37687, RATIS=40083, RATIS_ADMIN=40083, RATIS_SERVER=40083, STANDALONE=43785], networkLocation: /default-rack, certSerialId: null, persistedOpState: IN_SERVICE, persistedOpStateExpiryEpochSec: 0}, ReplicationConfig: RATIS/ONE, State:CLOSED, leaderId:3b35e8af-4420-4337-880c-bcb538b04dba, CreationTimestamp2021-08-04T04:52:40.070Z[Etc/UTC]] removed.
2021-08-04 04:52:53,277 [Listener at 127.0.0.1/34825] INFO  upgrade.UpgradeFinalizer (SCMUpgradeFinalizer.java:waitForAllPipelinesToDestroy(154)) - Waiting for all pipelines to close.
2021-08-04 04:52:53,278 [EventQueue-CloseContainerForCloseContainerEventHandler] INFO  container.CloseContainerEventHandler (CloseContainerEventHandler.java:onMessage(69)) - Close container Event triggered for container : #1
2021-08-04 04:52:53,278 [EventQueue-CloseContainerForCloseContainerEventHandler] INFO  pipeline.PipelineStateManager (PipelineStateManagerV2Impl.java:removeContainerFromPipeline(237)) - Pipeline PipelineID=4028e4d2-302d-4748-ac75-aa84e7d7b4ec is not found in the pipeline2ContainerMap. Pipeline may have been closed already.
2021-08-04 04:52:53,278 [EventQueue-CloseContainerForCloseContainerEventHandler] INFO  container.CloseContainerEventHandler (CloseContainerEventHandler.java:onMessage(69)) - Close container Event triggered for container : #2
2021-08-04 04:52:53,278 [EventQueue-CloseContainerForCloseContainerEventHandler] INFO  pipeline.PipelineStateManager (PipelineStateManagerV2Impl.java:removeContainerFromPipeline(237)) - Pipeline PipelineID=4028e4d2-302d-4748-ac75-aa84e7d7b4ec is not found in the pipeline2ContainerMap. Pipeline may have been closed already.
2021-08-04 04:52:53,727 [EventQueue-PipelineReportForPipelineReportHandler] INFO  pipeline.PipelineReportHandler (PipelineReportHandler.java:processPipelineReport(111)) - Reported pipeline PipelineID=4028e4d2-302d-4748-ac75-aa84e7d7b4ec is not found
2021-08-04 04:52:53,727 [EventQueue-PipelineReportForPipelineReportHandler] INFO  pipeline.PipelineReportHandler (PipelineReportHandler.java:processPipelineReport(111)) - Reported pipeline PipelineID=446447bf-1478-4b6c-990c-397e682be2ab is not found
2021-08-04 04:52:54,009 [Command processor thread] INFO  server.RaftServer (RaftServerProxy.java:remove(106)) - 387044f6-9ada-47c7-9f57-c4453de21297: remove    LEADER 387044f6-9ada-47c7-9f57-c4453de21297@group-AA84E7D7B4EC:t2, leader=387044f6-9ada-47c7-9f57-c4453de21297, voted=387044f6-9ada-47c7-9f57-c4453de21297, raftlog=387044f6-9ada-47c7-9f57-c4453de21297@group-AA84E7D7B4EC-SegmentedRaftLog:OPENED:c6,f6,i6, conf=0: [3b35e8af-4420-4337-880c-bcb538b04dba|rpc:10.1.0.14:40083|dataStream:|priority:0, 387044f6-9ada-47c7-9f57-c4453de21297|rpc:10.1.0.14:39215|dataStream:|priority:1, 8a31fd49-3da4-4fd9-acfc-b2bde89e3d95|rpc:10.1.0.14:37907|dataStream:|priority:0], old=null RUNNING
2021-08-04 04:52:54,009 [Command processor thread] INFO  server.RaftServer$Division (RaftServerImpl.java:lambda$close$4(407)) - 387044f6-9ada-47c7-9f57-c4453de21297@group-AA84E7D7B4EC: shutdown
2021-08-04 04:52:54,009 [Command processor thread] INFO  util.JmxRegister (JmxRegister.java:unregister(73)) - Successfully un-registered JMX Bean with object name Ratis:service=RaftServer,group=group-AA84E7D7B4EC,id=387044f6-9ada-47c7-9f57-c4453de21297
2021-08-04 04:52:54,009 [Command processor thread] INFO  impl.RoleInfo (RoleInfo.java:shutdownLeaderState(91)) - 387044f6-9ada-47c7-9f57-c4453de21297: shutdown 387044f6-9ada-47c7-9f57-c4453de21297@group-AA84E7D7B4EC-LeaderStateImpl
2021-08-04 04:52:54,009 [Command processor thread] INFO  impl.PendingRequests (PendingRequests.java:sendNotLeaderResponses(249)) - 387044f6-9ada-47c7-9f57-c4453de21297@group-AA84E7D7B4EC-PendingRequests: sendNotLeaderResponses
2021-08-04 04:52:54,009 [387044f6-9ada-47c7-9f57-c4453de21297@group-AA84E7D7B4EC->8a31fd49-3da4-4fd9-acfc-b2bde89e3d95-GrpcLogAppender-LogAppenderDaemon] WARN  server.GrpcLogAppender (GrpcLogAppender.java:mayWait(175)) - 387044f6-9ada-47c7-9f57-c4453de21297@group-AA84E7D7B4EC->8a31fd49-3da4-4fd9-acfc-b2bde89e3d95-GrpcLogAppender: Wait interrupted by java.lang.InterruptedException
2021-08-04 04:52:54,011 [387044f6-9ada-47c7-9f57-c4453de21297@group-AA84E7D7B4EC->3b35e8af-4420-4337-880c-bcb538b04dba-GrpcLogAppender-LogAppenderDaemon] WARN  server.GrpcLogAppender (GrpcLogAppender.java:mayWait(175)) - 387044f6-9ada-47c7-9f57-c4453de21297@group-AA84E7D7B4EC->3b35e8af-4420-4337-880c-bcb538b04dba-GrpcLogAppender: Wait interrupted by java.lang.InterruptedException
2021-08-04 04:52:54,012 [Command processor thread] INFO  impl.StateMachineUpdater (StateMachineUpdater.java:stopAndJoin(149)) - 387044f6-9ada-47c7-9f57-c4453de21297@group-AA84E7D7B4EC-StateMachineUpdater: set stopIndex = 6
2021-08-04 04:52:54,013 [grpc-default-executor-2] INFO  server.GrpcServerProtocolService (GrpcServerProtocolService.java:onCompleted(140)) - 3b35e8af-4420-4337-880c-bcb538b04dba: Completed APPEND_ENTRIES, lastRequest: 387044f6-9ada-47c7-9f57-c4453de21297->3b35e8af-4420-4337-880c-bcb538b04dba#24-t2,previous=(t:2, i:5),leaderCommit=4,initializing? true,entries: size=1, first=(t:2, i:6), METADATAENTRY(c:4)
2021-08-04 04:52:54,014 [387044f6-9ada-47c7-9f57-c4453de21297@group-AA84E7D7B4EC-StateMachineUpdater] INFO  ratis.ContainerStateMachine (ContainerStateMachine.java:takeSnapshot(291)) - group-AA84E7D7B4EC: Taking a snapshot at:(t:2, i:6) file /home/runner/work/ozone/ozone/mnt/ozone/hadoop-ozone/integration-test/target/test-dir/MiniOzoneClusterImpl-f8689e89-4432-43a3-ae55-b25b0dce3dad/datanode-1/data/ratis/4028e4d2-302d-4748-ac75-aa84e7d7b4ec/sm/snapshot.2_6
2021-08-04 04:52:54,015 [387044f6-9ada-47c7-9f57-c4453de21297@group-AA84E7D7B4EC-StateMachineUpdater] INFO  ratis.ContainerStateMachine (ContainerStateMachine.java:takeSnapshot(302)) - group-AA84E7D7B4EC: Finished taking a snapshot at:(t:2, i:6) file:/home/runner/work/ozone/ozone/mnt/ozone/hadoop-ozone/integration-test/target/test-dir/MiniOzoneClusterImpl-f8689e89-4432-43a3-ae55-b25b0dce3dad/datanode-1/data/ratis/4028e4d2-302d-4748-ac75-aa84e7d7b4ec/sm/snapshot.2_6 took: 1 ms
2021-08-04 04:52:54,015 [387044f6-9ada-47c7-9f57-c4453de21297@group-AA84E7D7B4EC-StateMachineUpdater] INFO  impl.StateMachineUpdater (StateMachineUpdater.java:takeSnapshot(281)) - 387044f6-9ada-47c7-9f57-c4453de21297@group-AA84E7D7B4EC-StateMachineUpdater: Took a snapshot at index 6
2021-08-04 04:52:54,015 [387044f6-9ada-47c7-9f57-c4453de21297@group-AA84E7D7B4EC-StateMachineUpdater] INFO  impl.StateMachineUpdater (StateMachineUpdater.java:lambda$new$0(89)) - 387044f6-9ada-47c7-9f57-c4453de21297@group-AA84E7D7B4EC-StateMachineUpdater: snapshotIndex: updateIncreasingly -1 -> 6
2021-08-04 04:52:54,016 [grpc-default-executor-3] INFO  server.GrpcServerProtocolService (GrpcServerProtocolService.java:onCompleted(140)) - 8a31fd49-3da4-4fd9-acfc-b2bde89e3d95: Completed APPEND_ENTRIES, lastRequest: 387044f6-9ada-47c7-9f57-c4453de21297->8a31fd49-3da4-4fd9-acfc-b2bde89e3d95#21-t2,previous=(t:2, i:5),leaderCommit=4,initializing? true,entries: size=1, first=(t:2, i:6), METADATAENTRY(c:4)
2021-08-04 04:52:54,016 [grpc-default-executor-2] INFO  server.GrpcLogAppender (GrpcLogAppender.java:onCompleted(344)) - 387044f6-9ada-47c7-9f57-c4453de21297@group-AA84E7D7B4EC->8a31fd49-3da4-4fd9-acfc-b2bde89e3d95-AppendLogResponseHandler: follower responses appendEntries COMPLETED
2021-08-04 04:52:54,016 [grpc-default-executor-2] INFO  leader.FollowerInfo (FollowerInfoImpl.java:lambda$new$0(46)) - 387044f6-9ada-47c7-9f57-c4453de21297@group-AA84E7D7B4EC->8a31fd49-3da4-4fd9-acfc-b2bde89e3d95: nextIndex: updateUnconditionally 7 -> 6
2021-08-04 04:52:54,023 [Command processor thread] INFO  server.RaftServer$Division (ServerState.java:close(419)) - 387044f6-9ada-47c7-9f57-c4453de21297@group-AA84E7D7B4EC: closes. applyIndex: 6
2021-08-04 04:52:54,023 [387044f6-9ada-47c7-9f57-c4453de21297@group-AA84E7D7B4EC-SegmentedRaftLogWorker] INFO  segmented.SegmentedRaftLogWorker (SegmentedRaftLogWorker.java:run(327)) - 387044f6-9ada-47c7-9f57-c4453de21297@group-AA84E7D7B4EC-SegmentedRaftLogWorker was interrupted, exiting. There are 0 tasks remaining in the queue.
2021-08-04 04:52:54,023 [grpc-default-executor-5] INFO  server.GrpcLogAppender (GrpcLogAppender.java:onCompleted(344)) - 387044f6-9ada-47c7-9f57-c4453de21297@group-AA84E7D7B4EC->3b35e8af-4420-4337-880c-bcb538b04dba-AppendLogResponseHandler: follower responses appendEntries COMPLETED
2021-08-04 04:52:54,024 [Command processor thread] INFO  segmented.SegmentedRaftLogWorker (SegmentedRaftLogWorker.java:close(237)) - 387044f6-9ada-47c7-9f57-c4453de21297@group-AA84E7D7B4EC-SegmentedRaftLogWorker close()
2021-08-04 04:52:54,030 [grpc-default-executor-5] INFO  leader.FollowerInfo (FollowerInfoImpl.java:lambda$new$0(46)) - 387044f6-9ada-47c7-9f57-c4453de21297@group-AA84E7D7B4EC->3b35e8af-4420-4337-880c-bcb538b04dba: nextIndex: updateUnconditionally 7 -> 6
2021-08-04 04:52:54,033 [Datanode State Machine Thread - 0] WARN  statemachine.StateContext (StateContext.java:execute(621)) - No available thread in pool for past 0 seconds.
2021-08-04 04:52:54,034 [Command processor thread] INFO  keyvalue.KeyValueContainer (KeyValueContainer.java:flushAndSyncDB(397)) - Container 1 is synced with bcsId 0.
2021-08-04 04:52:54,034 [Command processor thread] INFO  keyvalue.KeyValueContainer (KeyValueContainer.java:flushAndSyncDB(397)) - Container 1 is synced with bcsId 0.
2021-08-04 04:52:54,036 [EventQueue-PipelineReportForPipelineReportHandler] INFO  pipeline.PipelineReportHandler (PipelineReportHandler.java:processPipelineReport(111)) - Reported pipeline PipelineID=4028e4d2-302d-4748-ac75-aa84e7d7b4ec is not found
2021-08-04 04:52:54,036 [EventQueue-PipelineReportForPipelineReportHandler] INFO  pipeline.PipelineReportHandler (PipelineReportHandler.java:processPipelineReport(111)) - Reported pipeline PipelineID=09679ef3-b699-481a-8067-f7822bde2d76 is not found
2021-08-04 04:52:54,040 [EventQueue-IncrementalContainerReportForIncrementalContainerReportHandler] INFO  container.IncrementalContainerReportHandler (AbstractContainerReportHandler.java:updateContainerState(216)) - Moving container #1 to QUASI_CLOSED state, datanode 387044f6-9ada-47c7-9f57-c4453de21297{ip: 10.1.0.14, host: fv-az291-261.wgnan5asplgejimfprtllbpdch.jx.internal.cloudapp.net, ports: [REPLICATION=33107, RATIS=39215, RATIS_ADMIN=39215, RATIS_SERVER=39215, STANDALONE=42459], networkLocation: /default-rack, certSerialId: null, persistedOpState: IN_SERVICE, persistedOpStateExpiryEpochSec: 0} reported QUASI_CLOSED replica.
2021-08-04 04:52:54,045 [Command processor thread] INFO  keyvalue.KeyValueContainer (KeyValueContainer.java:flushAndSyncDB(397)) - Container 2 is synced with bcsId 4.
2021-08-04 04:52:54,045 [Command processor thread] INFO  keyvalue.KeyValueContainer (KeyValueContainer.java:flushAndSyncDB(397)) - Container 2 is synced with bcsId 4.
2021-08-04 04:52:54,048 [EventQueue-IncrementalContainerReportForIncrementalContainerReportHandler] INFO  container.IncrementalContainerReportHandler (AbstractContainerReportHandler.java:updateContainerState(216)) - Moving container #2 to QUASI_CLOSED state, datanode 387044f6-9ada-47c7-9f57-c4453de21297{ip: 10.1.0.14, host: fv-az291-261.wgnan5asplgejimfprtllbpdch.jx.internal.cloudapp.net, ports: [REPLICATION=33107, RATIS=39215, RATIS_ADMIN=39215, RATIS_SERVER=39215, STANDALONE=42459], networkLocation: /default-rack, certSerialId: null, persistedOpState: IN_SERVICE, persistedOpStateExpiryEpochSec: 0} reported QUASI_CLOSED replica.
2021-08-04 04:52:54,049 [Command processor thread] INFO  server.RaftServer$Division (RaftServerImpl.java:groupRemove(377)) - 387044f6-9ada-47c7-9f57-c4453de21297@group-AA84E7D7B4EC: Succeed to remove RaftStorageDirectory Storage Directory /home/runner/work/ozone/ozone/mnt/ozone/hadoop-ozone/integration-test/target/test-dir/MiniOzoneClusterImpl-f8689e89-4432-43a3-ae55-b25b0dce3dad/datanode-1/data/ratis/4028e4d2-302d-4748-ac75-aa84e7d7b4ec
2021-08-04 04:52:54,049 [Command processor thread] INFO  commandhandler.ClosePipelineCommandHandler (ClosePipelineCommandHandler.java:handle(75)) - Close Pipeline PipelineID=4028e4d2-302d-4748-ac75-aa84e7d7b4ec command on datanode 387044f6-9ada-47c7-9f57-c4453de21297.
2021-08-04 04:52:54,049 [Command processor thread] INFO  server.RaftServer (RaftServerProxy.java:remove(106)) - 387044f6-9ada-47c7-9f57-c4453de21297: remove    LEADER 387044f6-9ada-47c7-9f57-c4453de21297@group-F7822BDE2D76:t1, leader=387044f6-9ada-47c7-9f57-c4453de21297, voted=387044f6-9ada-47c7-9f57-c4453de21297, raftlog=387044f6-9ada-47c7-9f57-c4453de21297@group-F7822BDE2D76-SegmentedRaftLog:OPENED:c0,f0,i0, conf=0: [387044f6-9ada-47c7-9f57-c4453de21297|rpc:10.1.0.14:39215|dataStream:|priority:1], old=null RUNNING
2021-08-04 04:52:54,049 [Command processor thread] INFO  server.RaftServer$Division (RaftServerImpl.java:lambda$close$4(407)) - 387044f6-9ada-47c7-9f57-c4453de21297@group-F7822BDE2D76: shutdown
2021-08-04 04:52:54,049 [Command processor thread] INFO  util.JmxRegister (JmxRegister.java:unregister(73)) - Successfully un-registered JMX Bean with object name Ratis:service=RaftServer,group=group-F7822BDE2D76,id=387044f6-9ada-47c7-9f57-c4453de21297
2021-08-04 04:52:54,049 [Command processor thread] INFO  impl.RoleInfo (RoleInfo.java:shutdownLeaderState(91)) - 387044f6-9ada-47c7-9f57-c4453de21297: shutdown 387044f6-9ada-47c7-9f57-c4453de21297@group-F7822BDE2D76-LeaderStateImpl
2021-08-04 04:52:54,050 [Command processor thread] INFO  impl.PendingRequests (PendingRequests.java:sendNotLeaderResponses(249)) - 387044f6-9ada-47c7-9f57-c4453de21297@group-F7822BDE2D76-PendingRequests: sendNotLeaderResponses
2021-08-04 04:52:54,050 [Command processor thread] INFO  impl.StateMachineUpdater (StateMachineUpdater.java:stopAndJoin(149)) - 387044f6-9ada-47c7-9f57-c4453de21297@group-F7822BDE2D76-StateMachineUpdater: set stopIndex = 0
2021-08-04 04:52:54,050 [387044f6-9ada-47c7-9f57-c4453de21297@group-F7822BDE2D76-StateMachineUpdater] INFO  ratis.ContainerStateMachine (ContainerStateMachine.java:takeSnapshot(291)) - group-F7822BDE2D76: Taking a snapshot at:(t:1, i:0) file /home/runner/work/ozone/ozone/mnt/ozone/hadoop-ozone/integration-test/target/test-dir/MiniOzoneClusterImpl-f8689e89-4432-43a3-ae55-b25b0dce3dad/datanode-1/data/ratis/09679ef3-b699-481a-8067-f7822bde2d76/sm/snapshot.1_0
2021-08-04 04:52:54,051 [387044f6-9ada-47c7-9f57-c4453de21297@group-F7822BDE2D76-StateMachineUpdater] INFO  ratis.ContainerStateMachine (ContainerStateMachine.java:takeSnapshot(302)) - group-F7822BDE2D76: Finished taking a snapshot at:(t:1, i:0) file:/home/runner/work/ozone/ozone/mnt/ozone/hadoop-ozone/integration-test/target/test-dir/MiniOzoneClusterImpl-f8689e89-4432-43a3-ae55-b25b0dce3dad/datanode-1/data/ratis/09679ef3-b699-481a-8067-f7822bde2d76/sm/snapshot.1_0 took: 1 ms
2021-08-04 04:52:54,051 [387044f6-9ada-47c7-9f57-c4453de21297@group-F7822BDE2D76-StateMachineUpdater] INFO  impl.StateMachineUpdater (StateMachineUpdater.java:takeSnapshot(281)) - 387044f6-9ada-47c7-9f57-c4453de21297@group-F7822BDE2D76-StateMachineUpdater: Took a snapshot at index 0
2021-08-04 04:52:54,051 [387044f6-9ada-47c7-9f57-c4453de21297@group-F7822BDE2D76-StateMachineUpdater] INFO  impl.StateMachineUpdater (StateMachineUpdater.java:lambda$new$0(89)) - 387044f6-9ada-47c7-9f57-c4453de21297@group-F7822BDE2D76-StateMachineUpdater: snapshotIndex: updateIncreasingly -1 -> 0
2021-08-04 04:52:54,051 [Command processor thread] INFO  server.RaftServer$Division (ServerState.java:close(419)) - 387044f6-9ada-47c7-9f57-c4453de21297@group-F7822BDE2D76: closes. applyIndex: 0
2021-08-04 04:52:54,052 [387044f6-9ada-47c7-9f57-c4453de21297@group-F7822BDE2D76-SegmentedRaftLogWorker] INFO  segmented.SegmentedRaftLogWorker (SegmentedRaftLogWorker.java:run(327)) - 387044f6-9ada-47c7-9f57-c4453de21297@group-F7822BDE2D76-SegmentedRaftLogWorker was interrupted, exiting. There are 0 tasks remaining in the queue.
2021-08-04 04:52:54,052 [Command processor thread] INFO  segmented.SegmentedRaftLogWorker (SegmentedRaftLogWorker.java:close(237)) - 387044f6-9ada-47c7-9f57-c4453de21297@group-F7822BDE2D76-SegmentedRaftLogWorker close()
2021-08-04 04:52:54,053 [Command processor thread] INFO  server.RaftServer$Division (RaftServerImpl.java:groupRemove(377)) - 387044f6-9ada-47c7-9f57-c4453de21297@group-F7822BDE2D76: Succeed to remove RaftStorageDirectory Storage Directory /home/runner/work/ozone/ozone/mnt/ozone/hadoop-ozone/integration-test/target/test-dir/MiniOzoneClusterImpl-f8689e89-4432-43a3-ae55-b25b0dce3dad/datanode-1/data/ratis/09679ef3-b699-481a-8067-f7822bde2d76
2021-08-04 04:52:54,054 [Command processor thread] INFO  commandhandler.ClosePipelineCommandHandler (ClosePipelineCommandHandler.java:handle(75)) - Close Pipeline PipelineID=09679ef3-b699-481a-8067-f7822bde2d76 command on datanode 387044f6-9ada-47c7-9f57-c4453de21297.
2021-08-04 04:52:54,054 [Command processor thread] WARN  server.RaftServer (RaftServerProxy.java:remove(101)) - 387044f6-9ada-47c7-9f57-c4453de21297: does not contain group: group-AA84E7D7B4EC
2021-08-04 04:52:54,054 [Command processor thread] ERROR commandhandler.ClosePipelineCommandHandler (ClosePipelineCommandHandler.java:handle(78)) - Can't close pipeline PipelineID=4028e4d2-302d-4748-ac75-aa84e7d7b4ec
java.io.IOException: 387044f6-9ada-47c7-9f57-c4453de21297: Group group-AA84E7D7B4EC not found.
	at org.apache.hadoop.ozone.container.common.transport.server.ratis.XceiverServerRatis.removeGroup(XceiverServerRatis.java:777)
	at org.apache.hadoop.ozone.container.common.statemachine.commandhandler.ClosePipelineCommandHandler.handle(ClosePipelineCommandHandler.java:74)
	at org.apache.hadoop.ozone.container.common.statemachine.commandhandler.CommandDispatcher.handle(CommandDispatcher.java:99)
	at org.apache.hadoop.ozone.container.common.statemachine.DatanodeStateMachine.lambda$initCommandHandlerThread$2(DatanodeStateMachine.java:555)
	at java.lang.Thread.run(Thread.java:748)
Caused by: org.apache.ratis.protocol.exceptions.GroupMismatchException: 387044f6-9ada-47c7-9f57-c4453de21297: Group group-AA84E7D7B4EC not found.
	at org.apache.ratis.server.impl.RaftServerProxy.groupRemoveAsync(RaftServerProxy.java:504)
	at org.apache.ratis.server.impl.RaftServerProxy.groupManagementAsync(RaftServerProxy.java:460)
	at org.apache.ratis.server.impl.RaftServerProxy.groupManagement(RaftServerProxy.java:440)
	at org.apache.hadoop.ozone.container.common.transport.server.ratis.XceiverServerRatis.removeGroup(XceiverServerRatis.java:775)
	... 4 more
2021-08-04 04:52:54,055 [Command processor thread] WARN  server.RaftServer (RaftServerProxy.java:remove(101)) - 387044f6-9ada-47c7-9f57-c4453de21297: does not contain group: group-F7822BDE2D76
2021-08-04 04:52:54,055 [Command processor thread] ERROR commandhandler.ClosePipelineCommandHandler (ClosePipelineCommandHandler.java:handle(78)) - Can't close pipeline PipelineID=09679ef3-b699-481a-8067-f7822bde2d76
java.io.IOException: 387044f6-9ada-47c7-9f57-c4453de21297: Group group-F7822BDE2D76 not found.
	at org.apache.hadoop.ozone.container.common.transport.server.ratis.XceiverServerRatis.removeGroup(XceiverServerRatis.java:777)
	at org.apache.hadoop.ozone.container.common.statemachine.commandhandler.ClosePipelineCommandHandler.handle(ClosePipelineCommandHandler.java:74)
	at org.apache.hadoop.ozone.container.common.statemachine.commandhandler.CommandDispatcher.handle(CommandDispatcher.java:99)
	at org.apache.hadoop.ozone.container.common.statemachine.DatanodeStateMachine.lambda$initCommandHandlerThread$2(DatanodeStateMachine.java:555)
	at java.lang.Thread.run(Thread.java:748)
Caused by: org.apache.ratis.protocol.exceptions.GroupMismatchException: 387044f6-9ada-47c7-9f57-c4453de21297: Group group-F7822BDE2D76 not found.
	at org.apache.ratis.server.impl.RaftServerProxy.groupRemoveAsync(RaftServerProxy.java:504)
	at org.apache.ratis.server.impl.RaftServerProxy.groupManagementAsync(RaftServerProxy.java:460)
	at org.apache.ratis.server.impl.RaftServerProxy.groupManagement(RaftServerProxy.java:440)
	at org.apache.hadoop.ozone.container.common.transport.server.ratis.XceiverServerRatis.removeGroup(XceiverServerRatis.java:775)
	... 4 more
2021-08-04 04:52:54,227 [EventQueue-PipelineReportForPipelineReportHandler] INFO  pipeline.PipelineReportHandler (PipelineReportHandler.java:processPipelineReport(111)) - Reported pipeline PipelineID=c9347d10-3db1-454b-b98d-f1353276f7d1 is not found
2021-08-04 04:52:54,227 [EventQueue-PipelineReportForPipelineReportHandler] INFO  pipeline.PipelineReportHandler (PipelineReportHandler.java:processPipelineReport(111)) - Reported pipeline PipelineID=4028e4d2-302d-4748-ac75-aa84e7d7b4ec is not found
2021-08-04 04:52:54,326 [Command processor thread] INFO  server.RaftServer (RaftServerProxy.java:remove(106)) - 8a31fd49-3da4-4fd9-acfc-b2bde89e3d95: remove    LEADER 8a31fd49-3da4-4fd9-acfc-b2bde89e3d95@group-F1353276F7D1:t1, leader=8a31fd49-3da4-4fd9-acfc-b2bde89e3d95, voted=8a31fd49-3da4-4fd9-acfc-b2bde89e3d95, raftlog=8a31fd49-3da4-4fd9-acfc-b2bde89e3d95@group-F1353276F7D1-SegmentedRaftLog:OPENED:c0,f0,i0, conf=0: [8a31fd49-3da4-4fd9-acfc-b2bde89e3d95|rpc:10.1.0.14:37907|dataStream:|priority:1], old=null RUNNING
2021-08-04 04:52:54,326 [Command processor thread] INFO  server.RaftServer$Division (RaftServerImpl.java:lambda$close$4(407)) - 8a31fd49-3da4-4fd9-acfc-b2bde89e3d95@group-F1353276F7D1: shutdown
2021-08-04 04:52:54,326 [Command processor thread] INFO  util.JmxRegister (JmxRegister.java:unregister(73)) - Successfully un-registered JMX Bean with object name Ratis:service=RaftServer,group=group-F1353276F7D1,id=8a31fd49-3da4-4fd9-acfc-b2bde89e3d95
2021-08-04 04:52:54,327 [Command processor thread] INFO  impl.RoleInfo (RoleInfo.java:shutdownLeaderState(91)) - 8a31fd49-3da4-4fd9-acfc-b2bde89e3d95: shutdown 8a31fd49-3da4-4fd9-acfc-b2bde89e3d95@group-F1353276F7D1-LeaderStateImpl
2021-08-04 04:52:54,327 [Command processor thread] INFO  impl.PendingRequests (PendingRequests.java:sendNotLeaderResponses(249)) - 8a31fd49-3da4-4fd9-acfc-b2bde89e3d95@group-F1353276F7D1-PendingRequests: sendNotLeaderResponses
2021-08-04 04:52:54,327 [Command processor thread] INFO  impl.StateMachineUpdater (StateMachineUpdater.java:stopAndJoin(149)) - 8a31fd49-3da4-4fd9-acfc-b2bde89e3d95@group-F1353276F7D1-StateMachineUpdater: set stopIndex = 0
2021-08-04 04:52:54,327 [8a31fd49-3da4-4fd9-acfc-b2bde89e3d95@group-F1353276F7D1-StateMachineUpdater] INFO  ratis.ContainerStateMachine (ContainerStateMachine.java:takeSnapshot(291)) - group-F1353276F7D1: Taking a snapshot at:(t:1, i:0) file /home/runner/work/ozone/ozone/mnt/ozone/hadoop-ozone/integration-test/target/test-dir/MiniOzoneClusterImpl-f8689e89-4432-43a3-ae55-b25b0dce3dad/datanode-0/data/ratis/c9347d10-3db1-454b-b98d-f1353276f7d1/sm/snapshot.1_0
2021-08-04 04:52:54,329 [8a31fd49-3da4-4fd9-acfc-b2bde89e3d95@group-F1353276F7D1-StateMachineUpdater] INFO  ratis.ContainerStateMachine (ContainerStateMachine.java:takeSnapshot(302)) - group-F1353276F7D1: Finished taking a snapshot at:(t:1, i:0) file:/home/runner/work/ozone/ozone/mnt/ozone/hadoop-ozone/integration-test/target/test-dir/MiniOzoneClusterImpl-f8689e89-4432-43a3-ae55-b25b0dce3dad/datanode-0/data/ratis/c9347d10-3db1-454b-b98d-f1353276f7d1/sm/snapshot.1_0 took: 1 ms
2021-08-04 04:52:54,329 [8a31fd49-3da4-4fd9-acfc-b2bde89e3d95@group-F1353276F7D1-StateMachineUpdater] INFO  impl.StateMachineUpdater (StateMachineUpdater.java:takeSnapshot(281)) - 8a31fd49-3da4-4fd9-acfc-b2bde89e3d95@group-F1353276F7D1-StateMachineUpdater: Took a snapshot at index 0
2021-08-04 04:52:54,329 [8a31fd49-3da4-4fd9-acfc-b2bde89e3d95@group-F1353276F7D1-StateMachineUpdater] INFO  impl.StateMachineUpdater (StateMachineUpdater.java:lambda$new$0(89)) - 8a31fd49-3da4-4fd9-acfc-b2bde89e3d95@group-F1353276F7D1-StateMachineUpdater: snapshotIndex: updateIncreasingly -1 -> 0
2021-08-04 04:52:54,329 [Command processor thread] INFO  server.RaftServer$Division (ServerState.java:close(419)) - 8a31fd49-3da4-4fd9-acfc-b2bde89e3d95@group-F1353276F7D1: closes. applyIndex: 0
2021-08-04 04:52:54,329 [8a31fd49-3da4-4fd9-acfc-b2bde89e3d95@group-F1353276F7D1-SegmentedRaftLogWorker] INFO  segmented.SegmentedRaftLogWorker (SegmentedRaftLogWorker.java:run(327)) - 8a31fd49-3da4-4fd9-acfc-b2bde89e3d95@group-F1353276F7D1-SegmentedRaftLogWorker was interrupted, exiting. There are 0 tasks remaining in the queue.
2021-08-04 04:52:54,330 [Command processor thread] INFO  segmented.SegmentedRaftLogWorker (SegmentedRaftLogWorker.java:close(237)) - 8a31fd49-3da4-4fd9-acfc-b2bde89e3d95@group-F1353276F7D1-SegmentedRaftLogWorker close()
2021-08-04 04:52:54,331 [Command processor thread] INFO  server.RaftServer$Division (RaftServerImpl.java:groupRemove(377)) - 8a31fd49-3da4-4fd9-acfc-b2bde89e3d95@group-F1353276F7D1: Succeed to remove RaftStorageDirectory Storage Directory /home/runner/work/ozone/ozone/mnt/ozone/hadoop-ozone/integration-test/target/test-dir/MiniOzoneClusterImpl-f8689e89-4432-43a3-ae55-b25b0dce3dad/datanode-0/data/ratis/c9347d10-3db1-454b-b98d-f1353276f7d1
2021-08-04 04:52:54,331 [Command processor thread] INFO  commandhandler.ClosePipelineCommandHandler (ClosePipelineCommandHandler.java:handle(75)) - Close Pipeline PipelineID=c9347d10-3db1-454b-b98d-f1353276f7d1 command on datanode 8a31fd49-3da4-4fd9-acfc-b2bde89e3d95.
2021-08-04 04:52:54,332 [Command processor thread] INFO  server.RaftServer (RaftServerProxy.java:remove(106)) - 8a31fd49-3da4-4fd9-acfc-b2bde89e3d95: remove  FOLLOWER 8a31fd49-3da4-4fd9-acfc-b2bde89e3d95@group-AA84E7D7B4EC:t2, leader=387044f6-9ada-47c7-9f57-c4453de21297, voted=387044f6-9ada-47c7-9f57-c4453de21297, raftlog=8a31fd49-3da4-4fd9-acfc-b2bde89e3d95@group-AA84E7D7B4EC-SegmentedRaftLog:OPENED:c4,f6,i6, conf=0: [3b35e8af-4420-4337-880c-bcb538b04dba|rpc:10.1.0.14:40083|dataStream:|priority:0, 387044f6-9ada-47c7-9f57-c4453de21297|rpc:10.1.0.14:39215|dataStream:|priority:1, 8a31fd49-3da4-4fd9-acfc-b2bde89e3d95|rpc:10.1.0.14:37907|dataStream:|priority:0], old=null RUNNING
2021-08-04 04:52:54,332 [Command processor thread] INFO  server.RaftServer$Division (RaftServerImpl.java:lambda$close$4(407)) - 8a31fd49-3da4-4fd9-acfc-b2bde89e3d95@group-AA84E7D7B4EC: shutdown
2021-08-04 04:52:54,332 [Command processor thread] INFO  util.JmxRegister (JmxRegister.java:unregister(73)) - Successfully un-registered JMX Bean with object name Ratis:service=RaftServer,group=group-AA84E7D7B4EC,id=8a31fd49-3da4-4fd9-acfc-b2bde89e3d95
2021-08-04 04:52:54,332 [Command processor thread] INFO  impl.RoleInfo (RoleInfo.java:shutdownFollowerState(108)) - 8a31fd49-3da4-4fd9-acfc-b2bde89e3d95: shutdown 8a31fd49-3da4-4fd9-acfc-b2bde89e3d95@group-AA84E7D7B4EC-FollowerState
2021-08-04 04:52:54,332 [8a31fd49-3da4-4fd9-acfc-b2bde89e3d95@group-AA84E7D7B4EC-FollowerState] INFO  impl.FollowerState (FollowerState.java:run(143)) - 8a31fd49-3da4-4fd9-acfc-b2bde89e3d95@group-AA84E7D7B4EC-FollowerState was interrupted: {}
java.lang.InterruptedException: sleep interrupted
	at java.lang.Thread.sleep(Native Method)
	at java.lang.Thread.sleep(Thread.java:340)
	at java.util.concurrent.TimeUnit.sleep(TimeUnit.java:386)
	at org.apache.ratis.util.TimeDuration.sleep(TimeDuration.java:324)
	at org.apache.ratis.util.TimeDuration.sleep(TimeDuration.java:309)
	at org.apache.ratis.server.impl.FollowerState.run(FollowerState.java:118)
2021-08-04 04:52:54,332 [8a31fd49-3da4-4fd9-acfc-b2bde89e3d95@group-AA84E7D7B4EC-StateMachineUpdater] INFO  ratis.ContainerStateMachine (ContainerStateMachine.java:takeSnapshot(291)) - group-AA84E7D7B4EC: Taking a snapshot at:(t:2, i:4) file /home/runner/work/ozone/ozone/mnt/ozone/hadoop-ozone/integration-test/target/test-dir/MiniOzoneClusterImpl-f8689e89-4432-43a3-ae55-b25b0dce3dad/datanode-0/data/ratis/4028e4d2-302d-4748-ac75-aa84e7d7b4ec/sm/snapshot.2_4
2021-08-04 04:52:54,333 [Command processor thread] INFO  impl.StateMachineUpdater (StateMachineUpdater.java:stopAndJoin(149)) - 8a31fd49-3da4-4fd9-acfc-b2bde89e3d95@group-AA84E7D7B4EC-StateMachineUpdater: set stopIndex = 4
2021-08-04 04:52:54,334 [8a31fd49-3da4-4fd9-acfc-b2bde89e3d95@group-AA84E7D7B4EC-StateMachineUpdater] INFO  ratis.ContainerStateMachine (ContainerStateMachine.java:takeSnapshot(302)) - group-AA84E7D7B4EC: Finished taking a snapshot at:(t:2, i:4) file:/home/runner/work/ozone/ozone/mnt/ozone/hadoop-ozone/integration-test/target/test-dir/MiniOzoneClusterImpl-f8689e89-4432-43a3-ae55-b25b0dce3dad/datanode-0/data/ratis/4028e4d2-302d-4748-ac75-aa84e7d7b4ec/sm/snapshot.2_4 took: 2 ms
2021-08-04 04:52:54,334 [8a31fd49-3da4-4fd9-acfc-b2bde89e3d95@group-AA84E7D7B4EC-StateMachineUpdater] INFO  impl.StateMachineUpdater (StateMachineUpdater.java:takeSnapshot(281)) - 8a31fd49-3da4-4fd9-acfc-b2bde89e3d95@group-AA84E7D7B4EC-StateMachineUpdater: Took a snapshot at index 4
2021-08-04 04:52:54,334 [8a31fd49-3da4-4fd9-acfc-b2bde89e3d95@group-AA84E7D7B4EC-StateMachineUpdater] INFO  impl.StateMachineUpdater (StateMachineUpdater.java:lambda$new$0(89)) - 8a31fd49-3da4-4fd9-acfc-b2bde89e3d95@group-AA84E7D7B4EC-StateMachineUpdater: snapshotIndex: updateIncreasingly -1 -> 4
2021-08-04 04:52:54,334 [Command processor thread] INFO  server.RaftServer$Division (ServerState.java:close(419)) - 8a31fd49-3da4-4fd9-acfc-b2bde89e3d95@group-AA84E7D7B4EC: closes. applyIndex: 4
2021-08-04 04:52:54,334 [8a31fd49-3da4-4fd9-acfc-b2bde89e3d95@group-AA84E7D7B4EC-SegmentedRaftLogWorker] INFO  segmented.SegmentedRaftLogWorker (SegmentedRaftLogWorker.java:run(327)) - 8a31fd49-3da4-4fd9-acfc-b2bde89e3d95@group-AA84E7D7B4EC-SegmentedRaftLogWorker was interrupted, exiting. There are 0 tasks remaining in the queue.
2021-08-04 04:52:54,336 [Command processor thread] INFO  segmented.SegmentedRaftLogWorker (SegmentedRaftLogWorker.java:close(237)) - 8a31fd49-3da4-4fd9-acfc-b2bde89e3d95@group-AA84E7D7B4EC-SegmentedRaftLogWorker close()
2021-08-04 04:52:54,341 [Datanode State Machine Thread - 0] WARN  statemachine.StateContext (StateContext.java:execute(621)) - No available thread in pool for past 0 seconds.
2021-08-04 04:52:54,341 [Command processor thread] INFO  keyvalue.KeyValueContainer (KeyValueContainer.java:flushAndSyncDB(397)) - Container 1 is synced with bcsId 0.
2021-08-04 04:52:54,341 [Command processor thread] INFO  keyvalue.KeyValueContainer (KeyValueContainer.java:flushAndSyncDB(397)) - Container 1 is synced with bcsId 0.
2021-08-04 04:52:54,345 [Datanode State Machine Thread - 0] WARN  statemachine.StateContext (StateContext.java:execute(621)) - No available thread in pool for past 0 seconds.
2021-08-04 04:52:54,349 [Command processor thread] INFO  keyvalue.KeyValueContainer (KeyValueContainer.java:flushAndSyncDB(397)) - Container 2 is synced with bcsId 4.
2021-08-04 04:52:54,350 [Command processor thread] INFO  keyvalue.KeyValueContainer (KeyValueContainer.java:flushAndSyncDB(397)) - Container 2 is synced with bcsId 4.
2021-08-04 04:52:54,352 [Datanode State Machine Thread - 0] WARN  statemachine.StateContext (StateContext.java:execute(621)) - No available thread in pool for past 0 seconds.
2021-08-04 04:52:54,352 [Command processor thread] INFO  server.RaftServer$Division (RaftServerImpl.java:groupRemove(377)) - 8a31fd49-3da4-4fd9-acfc-b2bde89e3d95@group-AA84E7D7B4EC: Succeed to remove RaftStorageDirectory Storage Directory /home/runner/work/ozone/ozone/mnt/ozone/hadoop-ozone/integration-test/target/test-dir/MiniOzoneClusterImpl-f8689e89-4432-43a3-ae55-b25b0dce3dad/datanode-0/data/ratis/4028e4d2-302d-4748-ac75-aa84e7d7b4ec
2021-08-04 04:52:54,353 [Command processor thread] INFO  commandhandler.ClosePipelineCommandHandler (ClosePipelineCommandHandler.java:handle(75)) - Close Pipeline PipelineID=4028e4d2-302d-4748-ac75-aa84e7d7b4ec command on datanode 8a31fd49-3da4-4fd9-acfc-b2bde89e3d95.
2021-08-04 04:52:54,353 [Command processor thread] WARN  server.RaftServer (RaftServerProxy.java:remove(101)) - 8a31fd49-3da4-4fd9-acfc-b2bde89e3d95: does not contain group: group-F1353276F7D1
2021-08-04 04:52:54,353 [Command processor thread] ERROR commandhandler.ClosePipelineCommandHandler (ClosePipelineCommandHandler.java:handle(78)) - Can't close pipeline PipelineID=c9347d10-3db1-454b-b98d-f1353276f7d1
java.io.IOException: 8a31fd49-3da4-4fd9-acfc-b2bde89e3d95: Group group-F1353276F7D1 not found.
	at org.apache.hadoop.ozone.container.common.transport.server.ratis.XceiverServerRatis.removeGroup(XceiverServerRatis.java:777)
	at org.apache.hadoop.ozone.container.common.statemachine.commandhandler.ClosePipelineCommandHandler.handle(ClosePipelineCommandHandler.java:74)
	at org.apache.hadoop.ozone.container.common.statemachine.commandhandler.CommandDispatcher.handle(CommandDispatcher.java:99)
	at org.apache.hadoop.ozone.container.common.statemachine.DatanodeStateMachine.lambda$initCommandHandlerThread$2(DatanodeStateMachine.java:555)
	at java.lang.Thread.run(Thread.java:748)
Caused by: org.apache.ratis.protocol.exceptions.GroupMismatchException: 8a31fd49-3da4-4fd9-acfc-b2bde89e3d95: Group group-F1353276F7D1 not found.
	at org.apache.ratis.server.impl.RaftServerProxy.groupRemoveAsync(RaftServerProxy.java:504)
	at org.apache.ratis.server.impl.RaftServerProxy.groupManagementAsync(RaftServerProxy.java:460)
	at org.apache.ratis.server.impl.RaftServerProxy.groupManagement(RaftServerProxy.java:440)
	at org.apache.hadoop.ozone.container.common.transport.server.ratis.XceiverServerRatis.removeGroup(XceiverServerRatis.java:775)
	... 4 more
2021-08-04 04:52:54,354 [Command processor thread] WARN  server.RaftServer (RaftServerProxy.java:remove(101)) - 8a31fd49-3da4-4fd9-acfc-b2bde89e3d95: does not contain group: group-AA84E7D7B4EC
2021-08-04 04:52:54,354 [Command processor thread] ERROR commandhandler.ClosePipelineCommandHandler (ClosePipelineCommandHandler.java:handle(78)) - Can't close pipeline PipelineID=4028e4d2-302d-4748-ac75-aa84e7d7b4ec
java.io.IOException: 8a31fd49-3da4-4fd9-acfc-b2bde89e3d95: Group group-AA84E7D7B4EC not found.
	at org.apache.hadoop.ozone.container.common.transport.server.ratis.XceiverServerRatis.removeGroup(XceiverServerRatis.java:777)
	at org.apache.hadoop.ozone.container.common.statemachine.commandhandler.ClosePipelineCommandHandler.handle(ClosePipelineCommandHandler.java:74)
	at org.apache.hadoop.ozone.container.common.statemachine.commandhandler.CommandDispatcher.handle(CommandDispatcher.java:99)
	at org.apache.hadoop.ozone.container.common.statemachine.DatanodeStateMachine.lambda$initCommandHandlerThread$2(DatanodeStateMachine.java:555)
	at java.lang.Thread.run(Thread.java:748)
Caused by: org.apache.ratis.protocol.exceptions.GroupMismatchException: 8a31fd49-3da4-4fd9-acfc-b2bde89e3d95: Group group-AA84E7D7B4EC not found.
	at org.apache.ratis.server.impl.RaftServerProxy.groupRemoveAsync(RaftServerProxy.java:504)
	at org.apache.ratis.server.impl.RaftServerProxy.groupManagementAsync(RaftServerProxy.java:460)
	at org.apache.ratis.server.impl.RaftServerProxy.groupManagement(RaftServerProxy.java:440)
	at org.apache.hadoop.ozone.container.common.transport.server.ratis.XceiverServerRatis.removeGroup(XceiverServerRatis.java:775)
	... 4 more
2021-08-04 04:52:54,611 [Command processor thread] INFO  server.RaftServer (RaftServerProxy.java:remove(106)) - 3b35e8af-4420-4337-880c-bcb538b04dba: remove  FOLLOWER 3b35e8af-4420-4337-880c-bcb538b04dba@group-AA84E7D7B4EC:t2, leader=387044f6-9ada-47c7-9f57-c4453de21297, voted=387044f6-9ada-47c7-9f57-c4453de21297, raftlog=3b35e8af-4420-4337-880c-bcb538b04dba@group-AA84E7D7B4EC-SegmentedRaftLog:OPENED:c4,f6,i6, conf=0: [3b35e8af-4420-4337-880c-bcb538b04dba|rpc:10.1.0.14:40083|dataStream:|priority:0, 387044f6-9ada-47c7-9f57-c4453de21297|rpc:10.1.0.14:39215|dataStream:|priority:1, 8a31fd49-3da4-4fd9-acfc-b2bde89e3d95|rpc:10.1.0.14:37907|dataStream:|priority:0], old=null RUNNING
2021-08-04 04:52:54,611 [Command processor thread] INFO  server.RaftServer$Division (RaftServerImpl.java:lambda$close$4(407)) - 3b35e8af-4420-4337-880c-bcb538b04dba@group-AA84E7D7B4EC: shutdown
2021-08-04 04:52:54,611 [Command processor thread] INFO  util.JmxRegister (JmxRegister.java:unregister(73)) - Successfully un-registered JMX Bean with object name Ratis:service=RaftServer,group=group-AA84E7D7B4EC,id=3b35e8af-4420-4337-880c-bcb538b04dba
2021-08-04 04:52:54,612 [Command processor thread] INFO  impl.RoleInfo (RoleInfo.java:shutdownFollowerState(108)) - 3b35e8af-4420-4337-880c-bcb538b04dba: shutdown 3b35e8af-4420-4337-880c-bcb538b04dba@group-AA84E7D7B4EC-FollowerState
2021-08-04 04:52:54,612 [Command processor thread] INFO  impl.StateMachineUpdater (StateMachineUpdater.java:stopAndJoin(149)) - 3b35e8af-4420-4337-880c-bcb538b04dba@group-AA84E7D7B4EC-StateMachineUpdater: set stopIndex = 4
2021-08-04 04:52:54,612 [3b35e8af-4420-4337-880c-bcb538b04dba@group-AA84E7D7B4EC-FollowerState] INFO  impl.FollowerState (FollowerState.java:run(143)) - 3b35e8af-4420-4337-880c-bcb538b04dba@group-AA84E7D7B4EC-FollowerState was interrupted: {}
java.lang.InterruptedException: sleep interrupted
	at java.lang.Thread.sleep(Native Method)
	at java.lang.Thread.sleep(Thread.java:340)
	at java.util.concurrent.TimeUnit.sleep(TimeUnit.java:386)
	at org.apache.ratis.util.TimeDuration.sleep(TimeDuration.java:324)
	at org.apache.ratis.util.TimeDuration.sleep(TimeDuration.java:309)
	at org.apache.ratis.server.impl.FollowerState.run(FollowerState.java:118)
2021-08-04 04:52:54,613 [3b35e8af-4420-4337-880c-bcb538b04dba@group-AA84E7D7B4EC-StateMachineUpdater] INFO  ratis.ContainerStateMachine (ContainerStateMachine.java:takeSnapshot(291)) - group-AA84E7D7B4EC: Taking a snapshot at:(t:2, i:4) file /home/runner/work/ozone/ozone/mnt/ozone/hadoop-ozone/integration-test/target/test-dir/MiniOzoneClusterImpl-f8689e89-4432-43a3-ae55-b25b0dce3dad/datanode-2/data/ratis/4028e4d2-302d-4748-ac75-aa84e7d7b4ec/sm/snapshot.2_4
2021-08-04 04:52:54,615 [3b35e8af-4420-4337-880c-bcb538b04dba@group-AA84E7D7B4EC-StateMachineUpdater] INFO  ratis.ContainerStateMachine (ContainerStateMachine.java:takeSnapshot(302)) - group-AA84E7D7B4EC: Finished taking a snapshot at:(t:2, i:4) file:/home/runner/work/ozone/ozone/mnt/ozone/hadoop-ozone/integration-test/target/test-dir/MiniOzoneClusterImpl-f8689e89-4432-43a3-ae55-b25b0dce3dad/datanode-2/data/ratis/4028e4d2-302d-4748-ac75-aa84e7d7b4ec/sm/snapshot.2_4 took: 2 ms
2021-08-04 04:52:54,615 [3b35e8af-4420-4337-880c-bcb538b04dba@group-AA84E7D7B4EC-StateMachineUpdater] INFO  impl.StateMachineUpdater (StateMachineUpdater.java:takeSnapshot(281)) - 3b35e8af-4420-4337-880c-bcb538b04dba@group-AA84E7D7B4EC-StateMachineUpdater: Took a snapshot at index 4
2021-08-04 04:52:54,615 [3b35e8af-4420-4337-880c-bcb538b04dba@group-AA84E7D7B4EC-StateMachineUpdater] INFO  impl.StateMachineUpdater (StateMachineUpdater.java:lambda$new$0(89)) - 3b35e8af-4420-4337-880c-bcb538b04dba@group-AA84E7D7B4EC-StateMachineUpdater: snapshotIndex: updateIncreasingly -1 -> 4
2021-08-04 04:52:54,616 [Command processor thread] INFO  server.RaftServer$Division (ServerState.java:close(419)) - 3b35e8af-4420-4337-880c-bcb538b04dba@group-AA84E7D7B4EC: closes. applyIndex: 4
2021-08-04 04:52:54,616 [3b35e8af-4420-4337-880c-bcb538b04dba@group-AA84E7D7B4EC-SegmentedRaftLogWorker] INFO  segmented.SegmentedRaftLogWorker (SegmentedRaftLogWorker.java:run(327)) - 3b35e8af-4420-4337-880c-bcb538b04dba@group-AA84E7D7B4EC-SegmentedRaftLogWorker was interrupted, exiting. There are 0 tasks remaining in the queue.
2021-08-04 04:52:54,616 [Command processor thread] INFO  segmented.SegmentedRaftLogWorker (SegmentedRaftLogWorker.java:close(237)) - 3b35e8af-4420-4337-880c-bcb538b04dba@group-AA84E7D7B4EC-SegmentedRaftLogWorker close()
2021-08-04 04:52:54,621 [Command processor thread] INFO  keyvalue.KeyValueContainer (KeyValueContainer.java:flushAndSyncDB(397)) - Container 1 is synced with bcsId 0.
2021-08-04 04:52:54,622 [Command processor thread] INFO  keyvalue.KeyValueContainer (KeyValueContainer.java:flushAndSyncDB(397)) - Container 1 is synced with bcsId 0.
2021-08-04 04:52:54,624 [Datanode State Machine Thread - 0] WARN  statemachine.StateContext (StateContext.java:execute(621)) - No available thread in pool for past 0 seconds.
2021-08-04 04:52:54,626 [Datanode State Machine Thread - 0] WARN  statemachine.StateContext (StateContext.java:execute(621)) - No available thread in pool for past 0 seconds.
2021-08-04 04:52:54,628 [Command processor thread] INFO  keyvalue.KeyValueContainer (KeyValueContainer.java:flushAndSyncDB(397)) - Container 2 is synced with bcsId 4.
2021-08-04 04:52:54,628 [Command processor thread] INFO  keyvalue.KeyValueContainer (KeyValueContainer.java:flushAndSyncDB(397)) - Container 2 is synced with bcsId 4.
2021-08-04 04:52:54,630 [Datanode State Machine Thread - 0] WARN  statemachine.StateContext (StateContext.java:execute(621)) - No available thread in pool for past 0 seconds.
2021-08-04 04:52:54,631 [Command processor thread] INFO  server.RaftServer$Division (RaftServerImpl.java:groupRemove(377)) - 3b35e8af-4420-4337-880c-bcb538b04dba@group-AA84E7D7B4EC: Succeed to remove RaftStorageDirectory Storage Directory /home/runner/work/ozone/ozone/mnt/ozone/hadoop-ozone/integration-test/target/test-dir/MiniOzoneClusterImpl-f8689e89-4432-43a3-ae55-b25b0dce3dad/datanode-2/data/ratis/4028e4d2-302d-4748-ac75-aa84e7d7b4ec
2021-08-04 04:52:54,631 [Command processor thread] INFO  commandhandler.ClosePipelineCommandHandler (ClosePipelineCommandHandler.java:handle(75)) - Close Pipeline PipelineID=4028e4d2-302d-4748-ac75-aa84e7d7b4ec command on datanode 3b35e8af-4420-4337-880c-bcb538b04dba.
2021-08-04 04:52:54,631 [Command processor thread] INFO  server.RaftServer (RaftServerProxy.java:remove(106)) - 3b35e8af-4420-4337-880c-bcb538b04dba: remove    LEADER 3b35e8af-4420-4337-880c-bcb538b04dba@group-397E682BE2AB:t1, leader=3b35e8af-4420-4337-880c-bcb538b04dba, voted=3b35e8af-4420-4337-880c-bcb538b04dba, raftlog=3b35e8af-4420-4337-880c-bcb538b04dba@group-397E682BE2AB-SegmentedRaftLog:OPENED:c0,f0,i0, conf=0: [3b35e8af-4420-4337-880c-bcb538b04dba|rpc:10.1.0.14:40083|dataStream:|priority:1], old=null RUNNING
2021-08-04 04:52:54,631 [Command processor thread] INFO  server.RaftServer$Division (RaftServerImpl.java:lambda$close$4(407)) - 3b35e8af-4420-4337-880c-bcb538b04dba@group-397E682BE2AB: shutdown
2021-08-04 04:52:54,631 [Command processor thread] INFO  util.JmxRegister (JmxRegister.java:unregister(73)) - Successfully un-registered JMX Bean with object name Ratis:service=RaftServer,group=group-397E682BE2AB,id=3b35e8af-4420-4337-880c-bcb538b04dba
2021-08-04 04:52:54,632 [Command processor thread] INFO  impl.RoleInfo (RoleInfo.java:shutdownLeaderState(91)) - 3b35e8af-4420-4337-880c-bcb538b04dba: shutdown 3b35e8af-4420-4337-880c-bcb538b04dba@group-397E682BE2AB-LeaderStateImpl
2021-08-04 04:52:54,632 [Command processor thread] INFO  impl.PendingRequests (PendingRequests.java:sendNotLeaderResponses(249)) - 3b35e8af-4420-4337-880c-bcb538b04dba@group-397E682BE2AB-PendingRequests: sendNotLeaderResponses
2021-08-04 04:52:54,632 [3b35e8af-4420-4337-880c-bcb538b04dba@group-397E682BE2AB-StateMachineUpdater] INFO  ratis.ContainerStateMachine (ContainerStateMachine.java:takeSnapshot(291)) - group-397E682BE2AB: Taking a snapshot at:(t:1, i:0) file /home/runner/work/ozone/ozone/mnt/ozone/hadoop-ozone/integration-test/target/test-dir/MiniOzoneClusterImpl-f8689e89-4432-43a3-ae55-b25b0dce3dad/datanode-2/data/ratis/446447bf-1478-4b6c-990c-397e682be2ab/sm/snapshot.1_0
2021-08-04 04:52:54,633 [Command processor thread] INFO  impl.StateMachineUpdater (StateMachineUpdater.java:stopAndJoin(149)) - 3b35e8af-4420-4337-880c-bcb538b04dba@group-397E682BE2AB-StateMachineUpdater: set stopIndex = 0
2021-08-04 04:52:54,633 [3b35e8af-4420-4337-880c-bcb538b04dba@group-397E682BE2AB-StateMachineUpdater] INFO  ratis.ContainerStateMachine (ContainerStateMachine.java:takeSnapshot(302)) - group-397E682BE2AB: Finished taking a snapshot at:(t:1, i:0) file:/home/runner/work/ozone/ozone/mnt/ozone/hadoop-ozone/integration-test/target/test-dir/MiniOzoneClusterImpl-f8689e89-4432-43a3-ae55-b25b0dce3dad/datanode-2/data/ratis/446447bf-1478-4b6c-990c-397e682be2ab/sm/snapshot.1_0 took: 1 ms
2021-08-04 04:52:54,634 [3b35e8af-4420-4337-880c-bcb538b04dba@group-397E682BE2AB-StateMachineUpdater] INFO  impl.StateMachineUpdater (StateMachineUpdater.java:takeSnapshot(281)) - 3b35e8af-4420-4337-880c-bcb538b04dba@group-397E682BE2AB-StateMachineUpdater: Took a snapshot at index 0
2021-08-04 04:52:54,634 [3b35e8af-4420-4337-880c-bcb538b04dba@group-397E682BE2AB-StateMachineUpdater] INFO  impl.StateMachineUpdater (StateMachineUpdater.java:lambda$new$0(89)) - 3b35e8af-4420-4337-880c-bcb538b04dba@group-397E682BE2AB-StateMachineUpdater: snapshotIndex: updateIncreasingly -1 -> 0
2021-08-04 04:52:54,634 [Command processor thread] INFO  server.RaftServer$Division (ServerState.java:close(419)) - 3b35e8af-4420-4337-880c-bcb538b04dba@group-397E682BE2AB: closes. applyIndex: 0
2021-08-04 04:52:54,634 [3b35e8af-4420-4337-880c-bcb538b04dba@group-397E682BE2AB-SegmentedRaftLogWorker] INFO  segmented.SegmentedRaftLogWorker (SegmentedRaftLogWorker.java:run(327)) - 3b35e8af-4420-4337-880c-bcb538b04dba@group-397E682BE2AB-SegmentedRaftLogWorker was interrupted, exiting. There are 0 tasks remaining in the queue.
2021-08-04 04:52:54,635 [Command processor thread] INFO  segmented.SegmentedRaftLogWorker (SegmentedRaftLogWorker.java:close(237)) - 3b35e8af-4420-4337-880c-bcb538b04dba@group-397E682BE2AB-SegmentedRaftLogWorker close()
2021-08-04 04:52:54,636 [Command processor thread] INFO  server.RaftServer$Division (RaftServerImpl.java:groupRemove(377)) - 3b35e8af-4420-4337-880c-bcb538b04dba@group-397E682BE2AB: Succeed to remove RaftStorageDirectory Storage Directory /home/runner/work/ozone/ozone/mnt/ozone/hadoop-ozone/integration-test/target/test-dir/MiniOzoneClusterImpl-f8689e89-4432-43a3-ae55-b25b0dce3dad/datanode-2/data/ratis/446447bf-1478-4b6c-990c-397e682be2ab
2021-08-04 04:52:54,642 [Command processor thread] INFO  commandhandler.ClosePipelineCommandHandler (ClosePipelineCommandHandler.java:handle(75)) - Close Pipeline PipelineID=446447bf-1478-4b6c-990c-397e682be2ab command on datanode 3b35e8af-4420-4337-880c-bcb538b04dba.
2021-08-04 04:52:54,642 [Command processor thread] WARN  server.RaftServer (RaftServerProxy.java:remove(101)) - 3b35e8af-4420-4337-880c-bcb538b04dba: does not contain group: group-AA84E7D7B4EC
2021-08-04 04:52:54,642 [Command processor thread] ERROR commandhandler.ClosePipelineCommandHandler (ClosePipelineCommandHandler.java:handle(78)) - Can't close pipeline PipelineID=4028e4d2-302d-4748-ac75-aa84e7d7b4ec
java.io.IOException: 3b35e8af-4420-4337-880c-bcb538b04dba: Group group-AA84E7D7B4EC not found.
	at org.apache.hadoop.ozone.container.common.transport.server.ratis.XceiverServerRatis.removeGroup(XceiverServerRatis.java:777)
	at org.apache.hadoop.ozone.container.common.statemachine.commandhandler.ClosePipelineCommandHandler.handle(ClosePipelineCommandHandler.java:74)
	at org.apache.hadoop.ozone.container.common.statemachine.commandhandler.CommandDispatcher.handle(CommandDispatcher.java:99)
	at org.apache.hadoop.ozone.container.common.statemachine.DatanodeStateMachine.lambda$initCommandHandlerThread$2(DatanodeStateMachine.java:555)
	at java.lang.Thread.run(Thread.java:748)
Caused by: org.apache.ratis.protocol.exceptions.GroupMismatchException: 3b35e8af-4420-4337-880c-bcb538b04dba: Group group-AA84E7D7B4EC not found.
	at org.apache.ratis.server.impl.RaftServerProxy.groupRemoveAsync(RaftServerProxy.java:504)
	at org.apache.ratis.server.impl.RaftServerProxy.groupManagementAsync(RaftServerProxy.java:460)
	at org.apache.ratis.server.impl.RaftServerProxy.groupManagement(RaftServerProxy.java:440)
	at org.apache.hadoop.ozone.container.common.transport.server.ratis.XceiverServerRatis.removeGroup(XceiverServerRatis.java:775)
	... 4 more
2021-08-04 04:52:54,643 [Command processor thread] WARN  server.RaftServer (RaftServerProxy.java:remove(101)) - 3b35e8af-4420-4337-880c-bcb538b04dba: does not contain group: group-397E682BE2AB
2021-08-04 04:52:54,643 [Command processor thread] ERROR commandhandler.ClosePipelineCommandHandler (ClosePipelineCommandHandler.java:handle(78)) - Can't close pipeline PipelineID=446447bf-1478-4b6c-990c-397e682be2ab
java.io.IOException: 3b35e8af-4420-4337-880c-bcb538b04dba: Group group-397E682BE2AB not found.
	at org.apache.hadoop.ozone.container.common.transport.server.ratis.XceiverServerRatis.removeGroup(XceiverServerRatis.java:777)
	at org.apache.hadoop.ozone.container.common.statemachine.commandhandler.ClosePipelineCommandHandler.handle(ClosePipelineCommandHandler.java:74)
	at org.apache.hadoop.ozone.container.common.statemachine.commandhandler.CommandDispatcher.handle(CommandDispatcher.java:99)
	at org.apache.hadoop.ozone.container.common.statemachine.DatanodeStateMachine.lambda$initCommandHandlerThread$2(DatanodeStateMachine.java:555)
	at java.lang.Thread.run(Thread.java:748)
Caused by: org.apache.ratis.protocol.exceptions.GroupMismatchException: 3b35e8af-4420-4337-880c-bcb538b04dba: Group group-397E682BE2AB not found.
	at org.apache.ratis.server.impl.RaftServerProxy.groupRemoveAsync(RaftServerProxy.java:504)
	at org.apache.ratis.server.impl.RaftServerProxy.groupManagementAsync(RaftServerProxy.java:460)
	at org.apache.ratis.server.impl.RaftServerProxy.groupManagement(RaftServerProxy.java:440)
	at org.apache.hadoop.ozone.container.common.transport.server.ratis.XceiverServerRatis.removeGroup(XceiverServerRatis.java:775)
	... 4 more
2021-08-04 04:52:58,278 [Listener at 127.0.0.1/34825] INFO  upgrade.UpgradeFinalizer (BasicUpgradeFinalizer.java:logAndEmit(341)) -   Existing pipelines and containers will be closed during Upgrade.
  New pipelines creation will remain frozen until Upgrade is finalized.
2021-08-04 04:52:58,278 [Listener at 127.0.0.1/34825] INFO  ozone.MiniOzoneClusterImpl (MiniOzoneClusterImpl.java:restartStorageContainerManager(361)) - Restarting SCM in cluster class org.apache.hadoop.ozone.MiniOzoneClusterImpl
2021-08-04 04:52:58,278 [Listener at 127.0.0.1/34825] INFO  server.StorageContainerManager (StorageContainerManager.java:stop(1337)) - Stopping Replication Manager Service.
2021-08-04 04:52:58,278 [Listener at 127.0.0.1/34825] INFO  container.ReplicationManager (ReplicationManager.java:stop(317)) - Stopping Replication Monitor Thread.
2021-08-04 04:52:58,278 [Listener at 127.0.0.1/34825] INFO  server.StorageContainerManager (StorageContainerManager.java:stop(1344)) - Stopping the Datanode Admin Monitor.
2021-08-04 04:52:58,278 [Listener at 127.0.0.1/34825] INFO  server.StorageContainerManager (StorageContainerManager.java:stop(1351)) - Stopping Lease Manager of the command watchers
2021-08-04 04:52:58,278 [Listener at 127.0.0.1/34825] INFO  server.StorageContainerManager (StorageContainerManager.java:stop(1358)) - Stopping datanode service RPC server
2021-08-04 04:52:58,278 [Listener at 127.0.0.1/34825] INFO  server.SCMDatanodeProtocolServer (SCMDatanodeProtocolServer.java:stop(389)) - Stopping the RPC server for DataNodes
2021-08-04 04:52:58,278 [Listener at 127.0.0.1/34825] INFO  ipc.Server (Server.java:stop(3414)) - Stopping server on 37201
2021-08-04 04:52:58,283 [IPC Server Responder] INFO  ipc.Server (Server.java:run(1512)) - Stopping IPC Server Responder
2021-08-04 04:52:58,283 [IPC Server listener on 0] INFO  ipc.Server (Server.java:run(1376)) - Stopping IPC Server listener on 0
2021-08-04 04:52:58,353 [EndpointStateMachine task thread for /0.0.0.0:37201 - 0 ] WARN  statemachine.EndpointStateMachine (EndpointStateMachine.java:logIfNeeded(236)) - Unable to communicate to SCM server at 0.0.0.0:37201 for past 0 seconds.
java.io.EOFException: End of File Exception between local host is: "fv-az291-261/10.1.0.14"; destination host is: "0.0.0.0":37201; : java.io.EOFException; For more details see:  http://wiki.apache.org/hadoop/EOFException
	at sun.reflect.NativeConstructorAccessorImpl.newInstance0(Native Method)
	at sun.reflect.NativeConstructorAccessorImpl.newInstance(NativeConstructorAccessorImpl.java:62)
	at sun.reflect.DelegatingConstructorAccessorImpl.newInstance(DelegatingConstructorAccessorImpl.java:45)
	at java.lang.reflect.Constructor.newInstance(Constructor.java:423)
	at org.apache.hadoop.net.NetUtils.wrapWithMessage(NetUtils.java:913)
	at org.apache.hadoop.net.NetUtils.wrapException(NetUtils.java:862)
	at org.apache.hadoop.ipc.Client.getRpcResponse(Client.java:1577)
	at org.apache.hadoop.ipc.Client.call(Client.java:1519)
	at org.apache.hadoop.ipc.Client.call(Client.java:1416)
	at org.apache.hadoop.ipc.ProtobufRpcEngine$Invoker.invoke(ProtobufRpcEngine.java:236)
	at org.apache.hadoop.ipc.ProtobufRpcEngine$Invoker.invoke(ProtobufRpcEngine.java:123)
	at com.sun.proxy.$Proxy48.submitRequest(Unknown Source)
	at org.apache.hadoop.ozone.protocolPB.StorageContainerDatanodeProtocolClientSideTranslatorPB.submitRequest(StorageContainerDatanodeProtocolClientSideTranslatorPB.java:117)
	at org.apache.hadoop.ozone.protocolPB.StorageContainerDatanodeProtocolClientSideTranslatorPB.sendHeartbeat(StorageContainerDatanodeProtocolClientSideTranslatorPB.java:149)
	at org.apache.hadoop.ozone.container.common.states.endpoint.HeartbeatEndpointTask.call(HeartbeatEndpointTask.java:179)
	at org.apache.hadoop.ozone.container.common.states.endpoint.HeartbeatEndpointTask.call(HeartbeatEndpointTask.java:82)
	at java.util.concurrent.FutureTask.run(FutureTask.java:266)
	at java.util.concurrent.ThreadPoolExecutor.runWorker(ThreadPoolExecutor.java:1149)
	at java.util.concurrent.ThreadPoolExecutor$Worker.run(ThreadPoolExecutor.java:624)
	at java.lang.Thread.run(Thread.java:748)
Caused by: java.io.EOFException
	at java.io.DataInputStream.readInt(DataInputStream.java:392)
	at org.apache.hadoop.ipc.Client$IpcStreams.readResponse(Client.java:1892)
	at org.apache.hadoop.ipc.Client$Connection.receiveRpcResponse(Client.java:1202)
	at org.apache.hadoop.ipc.Client$Connection.run(Client.java:1098)
2021-08-04 04:52:58,545 [SCM Heartbeat Processing Thread - 0] WARN  node.NodeStateManager (NodeStateManager.java:scheduleNextHealthCheck(799)) - Current Thread is interrupted, shutting down HB processing thread for Node Manager.
2021-08-04 04:52:58,545 [Listener at 127.0.0.1/34825] INFO  server.StorageContainerManager (StorageContainerManager.java:stop(1366)) - Stopping block service RPC server
2021-08-04 04:52:58,545 [Listener at 127.0.0.1/34825] INFO  server.SCMBlockProtocolServer (SCMBlockProtocolServer.java:stop(160)) - Stopping the RPC server for Block Protocol
2021-08-04 04:52:58,545 [Listener at 127.0.0.1/34825] INFO  ipc.Server (Server.java:stop(3414)) - Stopping server on 38965
2021-08-04 04:52:58,547 [IPC Server Responder] INFO  ipc.Server (Server.java:run(1512)) - Stopping IPC Server Responder
2021-08-04 04:52:58,547 [Listener at 127.0.0.1/34825] INFO  server.StorageContainerManager (StorageContainerManager.java:stop(1373)) - Stopping the StorageContainerLocationProtocol RPC server
2021-08-04 04:52:58,547 [Listener at 127.0.0.1/34825] INFO  server.SCMClientProtocolServer (SCMClientProtocolServer.java:stop(174)) - Stopping the RPC server for Client Protocol
2021-08-04 04:52:58,547 [Listener at 127.0.0.1/34825] INFO  ipc.Server (Server.java:stop(3414)) - Stopping server on 43893
2021-08-04 04:52:58,548 [IPC Server listener on 0] INFO  ipc.Server (Server.java:run(1376)) - Stopping IPC Server listener on 0
2021-08-04 04:52:58,550 [Listener at 127.0.0.1/34825] INFO  server.StorageContainerManager (StorageContainerManager.java:stop(1380)) - Stopping Storage Container Manager HTTP server.
2021-08-04 04:52:58,551 [Listener at 127.0.0.1/34825] INFO  handler.ContextHandler (ContextHandler.java:doStop(1154)) - Stopped o.e.j.w.WebAppContext@6e5d39b8{scm,/,null,STOPPED}{file:/home/runner/work/ozone/ozone/mnt/ozone/hadoop-ozone/integration-test/target/test-classes/webapps/scm}
2021-08-04 04:52:58,551 [IPC Server Responder] INFO  ipc.Server (Server.java:run(1512)) - Stopping IPC Server Responder
2021-08-04 04:52:58,551 [IPC Server listener on 0] INFO  ipc.Server (Server.java:run(1376)) - Stopping IPC Server listener on 0
2021-08-04 04:52:58,552 [Listener at 127.0.0.1/34825] INFO  server.AbstractConnector (AbstractConnector.java:doStop(381)) - Stopped ServerConnector@5d136f97{HTTP/1.1, (http/1.1)}{0.0.0.0:0}
2021-08-04 04:52:58,552 [Listener at 127.0.0.1/34825] INFO  server.session (HouseKeeper.java:stopScavenging(149)) - node0 Stopped scavenging
2021-08-04 04:52:58,552 [Listener at 127.0.0.1/34825] INFO  handler.ContextHandler (ContextHandler.java:doStop(1154)) - Stopped o.e.j.s.ServletContextHandler@a0c885c{static,/static,file:///home/runner/work/ozone/ozone/mnt/ozone/hadoop-ozone/integration-test/target/test-classes/webapps/static,STOPPED}
2021-08-04 04:52:58,552 [Listener at 127.0.0.1/34825] INFO  handler.ContextHandler (ContextHandler.java:doStop(1154)) - Stopped o.e.j.s.ServletContextHandler@60a06cec{logs,/logs,file:///home/runner/work/ozone/ozone/mnt/ozone/hadoop-ozone/integration-test/target/log,STOPPED}
2021-08-04 04:52:58,554 [Listener at 127.0.0.1/34825] INFO  server.StorageContainerManager (StorageContainerManager.java:stop(1391)) - Stopping Block Manager Service.
2021-08-04 04:52:58,554 [Listener at 127.0.0.1/34825] INFO  utils.BackgroundService (BackgroundService.java:shutdown(132)) - Shutting down service SCMBlockDeletingService
2021-08-04 04:52:58,554 [Listener at 127.0.0.1/34825] INFO  utils.BackgroundService (BackgroundService.java:shutdown(132)) - Shutting down service SCMBlockDeletingService
2021-08-04 04:52:58,554 [Listener at 127.0.0.1/34825] INFO  server.StorageContainerManager (StorageContainerManager.java:stop(1418)) - Stopping SCM Event Queue.
2021-08-04 04:52:58,556 [Listener at 127.0.0.1/34825] INFO  server.StorageContainerManager (StorageContainerManager.java:stop(1429)) - Stopping SCM HA services.
2021-08-04 04:52:58,556 [Listener at 127.0.0.1/34825] WARN  pipeline.BackgroundPipelineCreator (BackgroundPipelineCreatorV2.java:stop(154)) - RatisPipelineUtilsThread is not running, just ignore.
2021-08-04 04:52:58,556 [Listener at 127.0.0.1/34825] INFO  server.StorageContainerManager (StorageContainerManager.java:stop(1439)) - Stopping SCM MetadataStore.
2021-08-04 04:52:58,556 [Listener at 127.0.0.1/34825] INFO  impl.MetricsSystemImpl (MetricsSystemImpl.java:stop(210)) - Stopping HddsDatanode metrics system...
2021-08-04 04:52:58,564 [prometheus] INFO  impl.MetricsSinkAdapter (MetricsSinkAdapter.java:publishMetricsFromQueue(141)) - prometheus thread interrupted.
2021-08-04 04:52:58,565 [Listener at 127.0.0.1/34825] INFO  impl.MetricsSystemImpl (MetricsSystemImpl.java:stop(216)) - HddsDatanode metrics system stopped.
2021-08-04 04:52:58,566 [Listener at 127.0.0.1/34825] INFO  ha.SCMHANodeDetails (SCMHANodeDetails.java:loadSCMHAConfig(157)) - ServiceID for StorageContainerManager is null
2021-08-04 04:52:58,566 [Listener at 127.0.0.1/34825] INFO  ha.SCMHANodeDetails (SCMHANodeDetails.java:loadSCMHAConfig(162)) - ozone.scm.default.service.id is not defined, falling back to ozone.scm.service.ids to find serviceID for StorageContainerManager if it is HA enabled cluster
2021-08-04 04:52:58,566 [Listener at 127.0.0.1/34825] WARN  server.ServerUtils (ServerUtils.java:getScmDbDir(148)) - ozone.scm.db.dirs is not configured. We recommend adding this setting. Falling back to ozone.metadata.dirs instead.
2021-08-04 04:52:58,567 [Listener at 127.0.0.1/34825] INFO  upgrade.AbstractLayoutVersionManager (AbstractLayoutVersionManager.java:init(70)) - Initializing Layout version manager with metadata layout = INITIAL_VERSION (version = 0), software layout = SCM_HA (version = 2)
2021-08-04 04:52:58,609 [Listener at 127.0.0.1/34825] INFO  reflections.Reflections (Reflections.java:scan(232)) - Reflections took 41 ms to scan 7 urls, producing 120 keys and 273 values 
2021-08-04 04:52:58,610 [Listener at 127.0.0.1/34825] INFO  upgrade.HDDSLayoutVersionManager (HDDSLayoutVersionManager.java:lambda$registerUpgradeActions$0(76)) - Registering Upgrade Action : DatanodeSchemaV2FinalizeAction
2021-08-04 04:52:58,610 [Listener at 127.0.0.1/34825] INFO  upgrade.HDDSLayoutVersionManager (HDDSLayoutVersionManager.java:lambda$registerUpgradeActions$0(76)) - Registering Upgrade Action : ScmOnFinalizeActionForDatanodeSchemaV2
2021-08-04 04:52:58,611 [Listener at 127.0.0.1/34825] INFO  upgrade.HDDSLayoutVersionManager (HDDSLayoutVersionManager.java:lambda$registerUpgradeActions$0(76)) - Registering Upgrade Action : ScmHAFirstUpgradeLayoutChangeAction
2021-08-04 04:52:58,611 [Listener at 127.0.0.1/34825] INFO  upgrade.HDDSLayoutVersionManager (HDDSLayoutVersionManager.java:lambda$registerUpgradeActions$0(76)) - Registering Upgrade Action : ScmHAUnfinalizedStateValidationAction
2021-08-04 04:52:58,611 [Listener at 127.0.0.1/34825] WARN  utils.HAUtils (HAUtils.java:getMetaDir(342)) - ozone.scm.db.dirs is not configured. We recommend adding this setting. Falling back to ozone.metadata.dirs instead.
2021-08-04 04:52:58,612 [Listener at 127.0.0.1/34825] WARN  db.DBStoreBuilder (DBStoreBuilder.java:applyDBDefinition(145)) - ozone.scm.db.dirs is not configured. We recommend adding this setting. Falling back to ozone.metadata.dirs instead.
2021-08-04 04:52:58,645 [Listener at 127.0.0.1/34825] INFO  net.NodeSchemaLoader (NodeSchemaLoader.java:loadSchemaFromFile(129)) - Loading schema from [jar:file:/home/runner/.m2/repository/org/apache/ozone/hdds-common/1.2.0-SNAPSHOT/hdds-common-1.2.0-SNAPSHOT.jar!/network-topology-default.xml]
2021-08-04 04:52:58,645 [Listener at 127.0.0.1/34825] INFO  net.NodeSchemaLoader (NodeSchemaLoader.java:loadSchema(176)) - Loading network topology layer schema file
2021-08-04 04:52:58,648 [Listener at 127.0.0.1/34825] INFO  ha.SequenceIdGenerator (SequenceIdGenerator.java:<init>(217)) - Init the HA SequenceIdGenerator.
2021-08-04 04:52:58,651 [Listener at 127.0.0.1/34825] INFO  node.SCMNodeManager (SCMNodeManager.java:<init>(141)) - Entering startup safe mode.
2021-08-04 04:52:58,651 [Listener at 127.0.0.1/34825] INFO  algorithms.ContainerPlacementPolicyFactory (ContainerPlacementPolicyFactory.java:getPolicy(60)) - Create container placement policy of type org.apache.hadoop.hdds.scm.container.placement.algorithms.SCMContainerPlacementRandom
2021-08-04 04:52:58,651 [Listener at 127.0.0.1/34825] INFO  pipeline.PipelineStateManager (PipelineStateManagerV2Impl.java:initialize(78)) - No pipeline exists in current db
2021-08-04 04:52:58,651 [Listener at 127.0.0.1/34825] INFO  algorithms.LeaderChoosePolicyFactory (LeaderChoosePolicyFactory.java:getPolicy(57)) - Create leader choose policy of type org.apache.hadoop.hdds.scm.pipeline.leader.choose.algorithms.MinLeaderCountChoosePolicy
2021-08-04 04:52:58,652 [Listener at 127.0.0.1/34825] INFO  ha.SCMServiceManager (SCMServiceManager.java:register(43)) - Registering service BackgroundPipelineCreator.
2021-08-04 04:52:58,652 [Listener at 127.0.0.1/34825] INFO  pipeline.BackgroundPipelineCreator (BackgroundPipelineCreatorV2.java:start(130)) - Starting RatisPipelineUtilsThread.
2021-08-04 04:52:58,653 [Listener at 127.0.0.1/34825] INFO  algorithms.PipelineChoosePolicyFactory (PipelineChoosePolicyFactory.java:createPipelineChoosePolicyFromClass(73)) - Create pipeline choose policy of type org.apache.hadoop.hdds.scm.pipeline.choose.algorithms.RandomPipelineChoosePolicy
2021-08-04 04:52:58,653 [Listener at 127.0.0.1/34825] INFO  ha.SCMServiceManager (SCMServiceManager.java:register(43)) - Registering service SCMBlockDeletingService.
2021-08-04 04:52:58,653 [Listener at 127.0.0.1/34825] INFO  ha.SCMServiceManager (SCMServiceManager.java:register(43)) - Registering service ReplicationManager.
2021-08-04 04:52:58,653 [Listener at 127.0.0.1/34825] INFO  container.ReplicationManager (ReplicationManager.java:start(286)) - Starting Replication Monitor Thread.
2021-08-04 04:52:58,654 [Listener at 127.0.0.1/34825] INFO  safemode.ContainerSafeModeRule (ContainerSafeModeRule.java:<init>(89)) - containers with one replica threshold count 2
2021-08-04 04:52:58,654 [Listener at 127.0.0.1/34825] INFO  safemode.HealthyPipelineSafeModeRule (HealthyPipelineSafeModeRule.java:initializeRule(156)) - Total pipeline count is 0, healthy pipeline threshold count is 1
2021-08-04 04:52:58,654 [Listener at 127.0.0.1/34825] INFO  safemode.OneReplicaPipelineSafeModeRule (OneReplicaPipelineSafeModeRule.java:initializeRule(180)) - Total pipeline count is 0, pipeline's with at least one datanode reported threshold count is 0
2021-08-04 04:52:58,655 [Listener at 127.0.0.1/34825] INFO  ipc.CallQueueManager (CallQueueManager.java:<init>(90)) - Using callQueue: class java.util.concurrent.LinkedBlockingQueue, queueCapacity: 2000, scheduler: class org.apache.hadoop.ipc.DefaultRpcScheduler, ipcBackoff: false.
2021-08-04 04:52:58,659 [Socket Reader #1 for port 37201] INFO  ipc.Server (Server.java:run(1265)) - Starting Socket Reader #1 for port 37201
2021-08-04 04:52:58,659 [Listener at 0.0.0.0/37201] INFO  ipc.CallQueueManager (CallQueueManager.java:<init>(90)) - Using callQueue: class java.util.concurrent.LinkedBlockingQueue, queueCapacity: 2000, scheduler: class org.apache.hadoop.ipc.DefaultRpcScheduler, ipcBackoff: false.
2021-08-04 04:52:58,660 [Socket Reader #1 for port 38965] INFO  ipc.Server (Server.java:run(1265)) - Starting Socket Reader #1 for port 38965
2021-08-04 04:52:58,661 [Listener at 0.0.0.0/38965] INFO  ipc.CallQueueManager (CallQueueManager.java:<init>(90)) - Using callQueue: class java.util.concurrent.LinkedBlockingQueue, queueCapacity: 2000, scheduler: class org.apache.hadoop.ipc.DefaultRpcScheduler, ipcBackoff: false.
2021-08-04 04:52:58,661 [Socket Reader #1 for port 43893] INFO  ipc.Server (Server.java:run(1265)) - Starting Socket Reader #1 for port 43893
2021-08-04 04:52:58,662 [ReplicationMonitor] INFO  container.ReplicationManager (ReplicationManager.java:processAll(341)) - Replication Monitor Thread took 4 milliseconds for processing 2 containers.
2021-08-04 04:52:58,680 [Listener at 0.0.0.0/43893] INFO  server.StorageContainerManager (StorageContainerManager.java:<init>(380)) - 
Container Balancer status:
Key                            Value
Running                        true
Container Balancer Configuration values:
Key                            Value
Threshold                      0.1
Max Datanodes to Balance       5
Max Size to Move               10737418240B

2021-08-04 04:52:58,680 [Listener at 0.0.0.0/43893] WARN  events.EventQueue (EventQueue.java:fireEvent(194)) - No event handler registered for event TypedEvent{payloadType=SafeModeStatus, name='Safe mode status'}
2021-08-04 04:52:58,680 [Listener at 0.0.0.0/43893] INFO  ha.SCMContext (SCMContext.java:updateSafeModeStatus(205)) - Update SafeModeStatus from SafeModeStatus{safeModeStatus=true, preCheckPassed=false} to SafeModeStatus{safeModeStatus=true, preCheckPassed=false}.
2021-08-04 04:52:58,681 [Listener at 0.0.0.0/43893] INFO  upgrade.UpgradeFinalizer (BasicUpgradeFinalizer.java:runPrefinalizeStateActions(234)) - Running pre-finalized state validations for unfinalized layout features.
2021-08-04 04:52:58,681 [Listener at 0.0.0.0/43893] INFO  upgrade.UpgradeFinalizer (BasicUpgradeFinalizer.java:runValidationAction(263)) - Executing pre finalize state validation ScmHAUnfinalizedStateValidationAction
2021-08-04 04:52:58,681 [Listener at 0.0.0.0/43893] INFO  upgrade.AbstractLayoutVersionManager (AbstractLayoutVersionManager.java:init(70)) - Initializing Layout version manager with metadata layout = INITIAL_VERSION (version = 0), software layout = SCM_HA (version = 2)
2021-08-04 04:52:58,719 [Listener at 0.0.0.0/43893] INFO  reflections.Reflections (Reflections.java:scan(232)) - Reflections took 37 ms to scan 7 urls, producing 120 keys and 273 values 
2021-08-04 04:52:58,720 [Listener at 0.0.0.0/43893] INFO  upgrade.HDDSLayoutVersionManager (HDDSLayoutVersionManager.java:lambda$registerUpgradeActions$0(76)) - Registering Upgrade Action : DatanodeSchemaV2FinalizeAction
2021-08-04 04:52:58,720 [Listener at 0.0.0.0/43893] INFO  upgrade.HDDSLayoutVersionManager (HDDSLayoutVersionManager.java:lambda$registerUpgradeActions$0(76)) - Registering Upgrade Action : ScmOnFinalizeActionForDatanodeSchemaV2
2021-08-04 04:52:58,720 [Listener at 0.0.0.0/43893] INFO  upgrade.HDDSLayoutVersionManager (HDDSLayoutVersionManager.java:lambda$registerUpgradeActions$0(76)) - Registering Upgrade Action : ScmHAFirstUpgradeLayoutChangeAction
2021-08-04 04:52:58,721 [Listener at 0.0.0.0/43893] INFO  upgrade.HDDSLayoutVersionManager (HDDSLayoutVersionManager.java:lambda$registerUpgradeActions$0(76)) - Registering Upgrade Action : ScmHAUnfinalizedStateValidationAction
2021-08-04 04:52:58,721 [Listener at 0.0.0.0/43893] INFO  upgrade.UpgradeFinalizer (BasicUpgradeFinalizer.java:runPrefinalizeStateActions(247)) - Running first upgrade commands for unfinalized layout features.
2021-08-04 04:52:58,721 [Listener at 0.0.0.0/43893] INFO  server.StorageContainerManager (StorageContainerManager.java:start(1245)) - StorageContainerLocationProtocol RPC server is listening at /0.0.0.0:43893
2021-08-04 04:52:58,722 [Listener at 0.0.0.0/43893] WARN  impl.MetricsConfig (MetricsConfig.java:loadFirst(136)) - Cannot locate configuration: tried hadoop-metrics2-storagecontainermanager.properties,hadoop-metrics2.properties
2021-08-04 04:52:58,735 [Listener at 0.0.0.0/43893] INFO  impl.MetricsSystemImpl (MetricsSystemImpl.java:startTimer(378)) - Scheduled Metric snapshot period at 10 second(s).
2021-08-04 04:52:58,735 [Listener at 0.0.0.0/43893] INFO  impl.MetricsSystemImpl (MetricsSystemImpl.java:start(191)) - StorageContainerManager metrics system started
2021-08-04 04:52:58,754 [Listener at 0.0.0.0/43893] INFO  impl.MetricsSinkAdapter (MetricsSinkAdapter.java:start(204)) - Sink prometheus started
2021-08-04 04:52:58,754 [Listener at 0.0.0.0/43893] INFO  impl.MetricsSystemImpl (MetricsSystemImpl.java:registerSink(305)) - Registered sink prometheus
2021-08-04 04:52:58,772 [Listener at 0.0.0.0/43893] INFO  server.SCMClientProtocolServer (SCMClientProtocolServer.java:start(165)) - RPC server for Client  is listening at /0.0.0.0:43893
2021-08-04 04:52:58,772 [IPC Server Responder] INFO  ipc.Server (Server.java:run(1507)) - IPC Server Responder: starting
2021-08-04 04:52:58,772 [IPC Server listener on 43893] INFO  ipc.Server (Server.java:run(1344)) - IPC Server listener on 43893: starting
2021-08-04 04:52:58,784 [Listener at 0.0.0.0/43893] INFO  server.StorageContainerManager (StorageContainerManager.java:start(1260)) - ScmBlockLocationProtocol RPC server is listening at /0.0.0.0:38965
2021-08-04 04:52:58,784 [Listener at 0.0.0.0/43893] INFO  server.SCMBlockProtocolServer (SCMBlockProtocolServer.java:start(151)) - RPC server for Block Protocol is listening at /0.0.0.0:38965
2021-08-04 04:52:58,785 [IPC Server Responder] INFO  ipc.Server (Server.java:run(1507)) - IPC Server Responder: starting
2021-08-04 04:52:58,785 [IPC Server listener on 38965] INFO  ipc.Server (Server.java:run(1344)) - IPC Server listener on 38965: starting
2021-08-04 04:52:58,815 [Listener at 0.0.0.0/43893] INFO  server.StorageContainerManager (StorageContainerManager.java:start(1266)) - ScmDatanodeProtocl RPC server is listening at /0.0.0.0:37201
2021-08-04 04:52:58,815 [Listener at 0.0.0.0/43893] INFO  server.SCMDatanodeProtocolServer (SCMDatanodeProtocolServer.java:start(181)) - RPC server for DataNodes is listening at /0.0.0.0:37201
2021-08-04 04:52:58,819 [IPC Server Responder] INFO  ipc.Server (Server.java:run(1507)) - IPC Server Responder: starting
2021-08-04 04:52:58,827 [IPC Server listener on 37201] INFO  ipc.Server (Server.java:run(1344)) - IPC Server listener on 37201: starting
2021-08-04 04:52:58,863 [org.apache.hadoop.util.JvmPauseMonitor$Monitor@133e1330] INFO  util.JvmPauseMonitor (JvmPauseMonitor.java:run(188)) - Starting JVM pause monitor
2021-08-04 04:52:58,863 [Listener at 0.0.0.0/43893] INFO  http.BaseHttpServer (BaseHttpServer.java:newHttpServer2BuilderForOzone(209)) - Starting Web-server for scm at: http://0.0.0.0:44185
2021-08-04 04:52:58,863 [Listener at 0.0.0.0/43893] INFO  http.BaseHttpServer (BaseHttpServer.java:<init>(107)) - Hadoop Security Enabled: false Ozone Security Enabled: false Ozone HTTP Security Enabled: false 
2021-08-04 04:52:58,865 [Listener at 0.0.0.0/43893] INFO  server.AuthenticationFilter (AuthenticationFilter.java:constructSecretProvider(240)) - Unable to initialize FileSignerSecretProvider, falling back to use random secrets.
2021-08-04 04:52:58,865 [Listener at 0.0.0.0/43893] WARN  http.HttpRequestLog (HttpRequestLog.java:getRequestLog(103)) - Jetty request log can only be enabled using Log4j
2021-08-04 04:52:58,866 [Listener at 0.0.0.0/43893] INFO  http.HttpServer2 (HttpServer2.java:addGlobalFilter(1020)) - Added global filter 'safety' (class=org.apache.hadoop.hdds.server.http.HttpServer2$QuotingInputFilter)
2021-08-04 04:52:58,866 [Listener at 0.0.0.0/43893] INFO  http.HttpServer2 (HttpServer2.java:addFilter(996)) - Added filter static_user_filter (class=org.apache.hadoop.http.lib.StaticUserWebFilter$StaticUserFilter) to context scm
2021-08-04 04:52:58,866 [Listener at 0.0.0.0/43893] INFO  http.HttpServer2 (HttpServer2.java:addFilter(1004)) - Added filter static_user_filter (class=org.apache.hadoop.http.lib.StaticUserWebFilter$StaticUserFilter) to context logs
2021-08-04 04:52:58,866 [Listener at 0.0.0.0/43893] INFO  http.HttpServer2 (HttpServer2.java:addFilter(1004)) - Added filter static_user_filter (class=org.apache.hadoop.http.lib.StaticUserWebFilter$StaticUserFilter) to context static
2021-08-04 04:52:58,868 [Listener at 0.0.0.0/43893] INFO  http.HttpServer2 (HttpServer2.java:bindListener(1239)) - Jetty bound to port 44185
2021-08-04 04:52:58,868 [Listener at 0.0.0.0/43893] INFO  server.Server (Server.java:doStart(375)) - jetty-9.4.35.v20201120; built: 2020-11-20T21:17:03.964Z; git: bdc54f03a5e0a7e280fab27f55c3c75ee8da89fb; jvm 1.8.0_292-b10
2021-08-04 04:52:58,870 [Listener at 0.0.0.0/43893] INFO  server.session (DefaultSessionIdManager.java:doStart(334)) - DefaultSessionIdManager workerName=node0
2021-08-04 04:52:58,870 [Listener at 0.0.0.0/43893] INFO  server.session (DefaultSessionIdManager.java:doStart(339)) - No SessionScavenger set, using defaults
2021-08-04 04:52:58,871 [Listener at 0.0.0.0/43893] INFO  server.session (HouseKeeper.java:startScavenging(132)) - node0 Scavenging every 660000ms
2021-08-04 04:52:58,871 [Listener at 0.0.0.0/43893] INFO  handler.ContextHandler (ContextHandler.java:doStart(916)) - Started o.e.j.s.ServletContextHandler@71272364{logs,/logs,file:///home/runner/work/ozone/ozone/mnt/ozone/hadoop-ozone/integration-test/target/log,AVAILABLE}
2021-08-04 04:52:58,872 [Listener at 0.0.0.0/43893] INFO  handler.ContextHandler (ContextHandler.java:doStart(916)) - Started o.e.j.s.ServletContextHandler@5c4b28e7{static,/static,file:///home/runner/work/ozone/ozone/mnt/ozone/hadoop-ozone/integration-test/target/test-classes/webapps/static,AVAILABLE}
2021-08-04 04:52:58,874 [Listener at 0.0.0.0/43893] INFO  handler.ContextHandler (ContextHandler.java:doStart(916)) - Started o.e.j.w.WebAppContext@27b8cac8{scm,/,file:///home/runner/work/ozone/ozone/mnt/ozone/hadoop-ozone/integration-test/target/test-classes/webapps/scm/,AVAILABLE}{file:/home/runner/work/ozone/ozone/mnt/ozone/hadoop-ozone/integration-test/target/test-classes/webapps/scm}
2021-08-04 04:52:58,883 [Listener at 0.0.0.0/43893] INFO  server.AbstractConnector (AbstractConnector.java:doStart(331)) - Started ServerConnector@3afe94ea{HTTP/1.1, (http/1.1)}{0.0.0.0:44185}
2021-08-04 04:52:58,883 [Listener at 0.0.0.0/43893] INFO  server.Server (Server.java:doStart(415)) - Started @96368ms
2021-08-04 04:52:58,883 [Listener at 0.0.0.0/43893] WARN  impl.MetricsSystemImpl (MetricsSystemImpl.java:register(279)) - Sink prometheus already exists!
2021-08-04 04:52:58,884 [Listener at 0.0.0.0/43893] INFO  http.BaseHttpServer (BaseHttpServer.java:updateConnectorAddress(329)) - HTTP server of scm listening at http://0.0.0.0:44185
2021-08-04 04:52:58,884 [Listener at 0.0.0.0/43893] INFO  ozone.MiniOzoneClusterImpl (MiniOzoneClusterImpl.java:lambda$waitForClusterToBeReady$0(235)) - Waiting for nodes to be ready. Got 0 of 3 DN Heartbeats.
2021-08-04 04:52:58,884 [Listener at 0.0.0.0/43893] INFO  ozone.MiniOzoneClusterImpl (MiniOzoneClusterImpl.java:lambda$waitForClusterToBeReady$0(238)) - Waiting for cluster to exit safe mode
2021-08-04 04:52:58,884 [Listener at 0.0.0.0/43893] INFO  ozone.MiniOzoneClusterImpl (MiniOzoneClusterImpl.java:lambda$waitForClusterToBeReady$0(240)) - SCM became leader
2021-08-04 04:52:59,552 [EndpointStateMachine task thread for /0.0.0.0:37201 - 0 ] INFO  ipc.Client (Client.java:handleConnectionFailure(977)) - Retrying connect to server: 0.0.0.0/0.0.0.0:37201. Already tried 0 time(s); retry policy is RetryUpToMaximumCountWithFixedSleep(maxRetries=15, sleepTime=1000 MILLISECONDS)
2021-08-04 04:52:59,563 [IPC Server handler 1 on default port 37201] INFO  server.SCMDatanodeHeartbeatDispatcher (SCMDatanodeHeartbeatDispatcher.java:dispatch(101)) - SCM received heartbeat from an unregistered datanode 3b35e8af-4420-4337-880c-bcb538b04dba{ip: 10.1.0.14, host: fv-az291-261.wgnan5asplgejimfprtllbpdch.jx.internal.cloudapp.net, ports: [REPLICATION=37687, RATIS=40083, RATIS_ADMIN=40083, RATIS_SERVER=40083, STANDALONE=43785], networkLocation: /default-rack, certSerialId: null, persistedOpState: null, persistedOpStateExpiryEpochSec: 0}. Asking datanode to re-register.
2021-08-04 04:52:59,563 [IPC Server handler 2 on default port 37201] INFO  server.SCMDatanodeHeartbeatDispatcher (SCMDatanodeHeartbeatDispatcher.java:dispatch(101)) - SCM received heartbeat from an unregistered datanode 8a31fd49-3da4-4fd9-acfc-b2bde89e3d95{ip: 10.1.0.14, host: fv-az291-261.wgnan5asplgejimfprtllbpdch.jx.internal.cloudapp.net, ports: [REPLICATION=38125, RATIS=37907, RATIS_ADMIN=37907, RATIS_SERVER=37907, STANDALONE=42413], networkLocation: /default-rack, certSerialId: null, persistedOpState: null, persistedOpStateExpiryEpochSec: 0}. Asking datanode to re-register.
2021-08-04 04:52:59,564 [IPC Server handler 0 on default port 37201] INFO  server.SCMDatanodeHeartbeatDispatcher (SCMDatanodeHeartbeatDispatcher.java:dispatch(101)) - SCM received heartbeat from an unregistered datanode 387044f6-9ada-47c7-9f57-c4453de21297{ip: 10.1.0.14, host: fv-az291-261.wgnan5asplgejimfprtllbpdch.jx.internal.cloudapp.net, ports: [REPLICATION=33107, RATIS=39215, RATIS_ADMIN=39215, RATIS_SERVER=39215, STANDALONE=42459], networkLocation: /default-rack, certSerialId: null, persistedOpState: null, persistedOpStateExpiryEpochSec: 0}. Asking datanode to re-register.
2021-08-04 04:52:59,565 [IPC Server handler 3 on default port 37201] INFO  server.SCMDatanodeHeartbeatDispatcher (SCMDatanodeHeartbeatDispatcher.java:dispatch(101)) - SCM received heartbeat from an unregistered datanode 8a31fd49-3da4-4fd9-acfc-b2bde89e3d95{ip: 10.1.0.14, host: fv-az291-261.wgnan5asplgejimfprtllbpdch.jx.internal.cloudapp.net, ports: [REPLICATION=38125, RATIS=37907, RATIS_ADMIN=37907, RATIS_SERVER=37907, STANDALONE=42413], networkLocation: /default-rack, certSerialId: null, persistedOpState: null, persistedOpStateExpiryEpochSec: 0}. Asking datanode to re-register.
2021-08-04 04:52:59,566 [IPC Server handler 3 on default port 37201] INFO  server.SCMDatanodeHeartbeatDispatcher (SCMDatanodeHeartbeatDispatcher.java:dispatch(101)) - SCM received heartbeat from an unregistered datanode 3b35e8af-4420-4337-880c-bcb538b04dba{ip: 10.1.0.14, host: fv-az291-261.wgnan5asplgejimfprtllbpdch.jx.internal.cloudapp.net, ports: [REPLICATION=37687, RATIS=40083, RATIS_ADMIN=40083, RATIS_SERVER=40083, STANDALONE=43785], networkLocation: /default-rack, certSerialId: null, persistedOpState: null, persistedOpStateExpiryEpochSec: 0}. Asking datanode to re-register.
2021-08-04 04:52:59,566 [IPC Server handler 4 on default port 37201] INFO  server.SCMDatanodeHeartbeatDispatcher (SCMDatanodeHeartbeatDispatcher.java:dispatch(101)) - SCM received heartbeat from an unregistered datanode 387044f6-9ada-47c7-9f57-c4453de21297{ip: 10.1.0.14, host: fv-az291-261.wgnan5asplgejimfprtllbpdch.jx.internal.cloudapp.net, ports: [REPLICATION=33107, RATIS=39215, RATIS_ADMIN=39215, RATIS_SERVER=39215, STANDALONE=42459], networkLocation: /default-rack, certSerialId: null, persistedOpState: null, persistedOpStateExpiryEpochSec: 0}. Asking datanode to re-register.
2021-08-04 04:52:59,567 [IPC Server handler 6 on default port 37201] INFO  server.SCMDatanodeHeartbeatDispatcher (SCMDatanodeHeartbeatDispatcher.java:dispatch(101)) - SCM received heartbeat from an unregistered datanode 387044f6-9ada-47c7-9f57-c4453de21297{ip: 10.1.0.14, host: fv-az291-261.wgnan5asplgejimfprtllbpdch.jx.internal.cloudapp.net, ports: [REPLICATION=33107, RATIS=39215, RATIS_ADMIN=39215, RATIS_SERVER=39215, STANDALONE=42459], networkLocation: /default-rack, certSerialId: null, persistedOpState: null, persistedOpStateExpiryEpochSec: 0}. Asking datanode to re-register.
2021-08-04 04:52:59,633 [IPC Server handler 7 on default port 37201] INFO  net.NetworkTopologyImpl (NetworkTopologyImpl.java:add(112)) - Added a new node: /default-rack/3b35e8af-4420-4337-880c-bcb538b04dba
2021-08-04 04:52:59,633 [IPC Server handler 7 on default port 37201] INFO  node.SCMNodeManager (SCMNodeManager.java:register(386)) - Registered Data node : 3b35e8af-4420-4337-880c-bcb538b04dba{ip: 10.1.0.14, host: fv-az291-261.wgnan5asplgejimfprtllbpdch.jx.internal.cloudapp.net, ports: [REPLICATION=37687, RATIS=40083, RATIS_ADMIN=40083, RATIS_SERVER=40083, STANDALONE=43785], networkLocation: /default-rack, certSerialId: null, persistedOpState: null, persistedOpStateExpiryEpochSec: 0}
2021-08-04 04:52:59,641 [EventQueue-NewNodeForNewNodeHandler] INFO  pipeline.BackgroundPipelineCreator (BackgroundPipelineCreatorV2.java:notifyEventTriggered(285)) - trigger a one-shot run on RatisPipelineUtilsThread.
2021-08-04 04:52:59,641 [RatisPipelineUtilsThread - 0] INFO  pipeline.RatisPipelineProvider (RatisPipelineProvider.java:lambda$create$0(183)) - Sending CreatePipelineCommand for pipeline:PipelineID=de5b46cd-9575-4562-a570-dd69081e450c to datanode:3b35e8af-4420-4337-880c-bcb538b04dba
2021-08-04 04:52:59,641 [EventQueue-NodeRegistrationContainerReportForContainerSafeModeRule] INFO  safemode.SCMSafeModeManager (ContainerSafeModeRule.java:process(127)) - SCM in safe mode. 100.0 % containers have at least one reported replica.
2021-08-04 04:52:59,641 [EventQueue-NodeRegistrationContainerReportForContainerSafeModeRule] INFO  safemode.SCMSafeModeManager (SCMSafeModeManager.java:validateSafeModeExitRules(204)) - ContainerSafeModeRule rule is successfully validated
2021-08-04 04:52:59,643 [EventQueue-NodeRegistrationContainerReportForDataNodeSafeModeRule] INFO  safemode.SCMSafeModeManager (DataNodeSafeModeRule.java:process(71)) - SCM in safe mode. 1 DataNodes registered, 3 required.
2021-08-04 04:52:59,647 [EventQueue-PipelineReportForOneReplicaPipelineSafeModeRule] INFO  safemode.SCMSafeModeManager (SCMSafeModeManager.java:validateSafeModeExitRules(204)) - AtleastOneDatanodeReportedRule rule is successfully validated
2021-08-04 04:52:59,647 [RatisPipelineUtilsThread - 0] INFO  pipeline.PipelineStateManager (PipelineStateManagerV2Impl.java:addPipeline(101)) - Created pipeline Pipeline[ Id: de5b46cd-9575-4562-a570-dd69081e450c, Nodes: 3b35e8af-4420-4337-880c-bcb538b04dba{ip: 10.1.0.14, host: fv-az291-261.wgnan5asplgejimfprtllbpdch.jx.internal.cloudapp.net, ports: [REPLICATION=37687, RATIS=40083, RATIS_ADMIN=40083, RATIS_SERVER=40083, STANDALONE=43785], networkLocation: /default-rack, certSerialId: null, persistedOpState: IN_SERVICE, persistedOpStateExpiryEpochSec: 0}, ReplicationConfig: RATIS/ONE, State:ALLOCATED, leaderId:, CreationTimestamp2021-08-04T04:52:59.641Z[Etc/UTC]].
2021-08-04 04:52:59,859 [IPC Server handler 8 on default port 37201] INFO  net.NetworkTopologyImpl (NetworkTopologyImpl.java:add(112)) - Added a new node: /default-rack/8a31fd49-3da4-4fd9-acfc-b2bde89e3d95
2021-08-04 04:52:59,859 [IPC Server handler 8 on default port 37201] INFO  node.SCMNodeManager (SCMNodeManager.java:register(386)) - Registered Data node : 8a31fd49-3da4-4fd9-acfc-b2bde89e3d95{ip: 10.1.0.14, host: fv-az291-261.wgnan5asplgejimfprtllbpdch.jx.internal.cloudapp.net, ports: [REPLICATION=38125, RATIS=37907, RATIS_ADMIN=37907, RATIS_SERVER=37907, STANDALONE=42413], networkLocation: /default-rack, certSerialId: null, persistedOpState: null, persistedOpStateExpiryEpochSec: 0}
2021-08-04 04:52:59,859 [EventQueue-NewNodeForNewNodeHandler] INFO  pipeline.BackgroundPipelineCreator (BackgroundPipelineCreatorV2.java:notifyEventTriggered(285)) - trigger a one-shot run on RatisPipelineUtilsThread.
2021-08-04 04:52:59,860 [EventQueue-NodeRegistrationContainerReportForDataNodeSafeModeRule] INFO  safemode.SCMSafeModeManager (DataNodeSafeModeRule.java:process(71)) - SCM in safe mode. 2 DataNodes registered, 3 required.
2021-08-04 04:52:59,862 [RatisPipelineUtilsThread - 0] INFO  pipeline.RatisPipelineProvider (RatisPipelineProvider.java:lambda$create$0(183)) - Sending CreatePipelineCommand for pipeline:PipelineID=65304c26-2da6-4d58-9f8d-a4c91b0c17f2 to datanode:8a31fd49-3da4-4fd9-acfc-b2bde89e3d95
2021-08-04 04:52:59,863 [RatisPipelineUtilsThread - 0] INFO  pipeline.PipelineStateManager (PipelineStateManagerV2Impl.java:addPipeline(101)) - Created pipeline Pipeline[ Id: 65304c26-2da6-4d58-9f8d-a4c91b0c17f2, Nodes: 8a31fd49-3da4-4fd9-acfc-b2bde89e3d95{ip: 10.1.0.14, host: fv-az291-261.wgnan5asplgejimfprtllbpdch.jx.internal.cloudapp.net, ports: [REPLICATION=38125, RATIS=37907, RATIS_ADMIN=37907, RATIS_SERVER=37907, STANDALONE=42413], networkLocation: /default-rack, certSerialId: null, persistedOpState: IN_SERVICE, persistedOpStateExpiryEpochSec: 0}, ReplicationConfig: RATIS/ONE, State:ALLOCATED, leaderId:, CreationTimestamp2021-08-04T04:52:59.862Z[Etc/UTC]].
2021-08-04 04:52:59,885 [Listener at 0.0.0.0/43893] INFO  ozone.MiniOzoneClusterImpl (MiniOzoneClusterImpl.java:lambda$waitForClusterToBeReady$0(235)) - Waiting for nodes to be ready. Got 2 of 3 DN Heartbeats.
2021-08-04 04:52:59,885 [Listener at 0.0.0.0/43893] INFO  ozone.MiniOzoneClusterImpl (MiniOzoneClusterImpl.java:lambda$waitForClusterToBeReady$0(238)) - Waiting for cluster to exit safe mode
2021-08-04 04:52:59,885 [Listener at 0.0.0.0/43893] INFO  ozone.MiniOzoneClusterImpl (MiniOzoneClusterImpl.java:lambda$waitForClusterToBeReady$0(240)) - SCM became leader
2021-08-04 04:53:00,050 [IPC Server handler 2 on default port 37201] INFO  net.NetworkTopologyImpl (NetworkTopologyImpl.java:add(112)) - Added a new node: /default-rack/387044f6-9ada-47c7-9f57-c4453de21297
2021-08-04 04:53:00,050 [IPC Server handler 2 on default port 37201] INFO  node.SCMNodeManager (SCMNodeManager.java:register(386)) - Registered Data node : 387044f6-9ada-47c7-9f57-c4453de21297{ip: 10.1.0.14, host: fv-az291-261.wgnan5asplgejimfprtllbpdch.jx.internal.cloudapp.net, ports: [REPLICATION=33107, RATIS=39215, RATIS_ADMIN=39215, RATIS_SERVER=39215, STANDALONE=42459], networkLocation: /default-rack, certSerialId: null, persistedOpState: null, persistedOpStateExpiryEpochSec: 0}
2021-08-04 04:53:00,050 [EventQueue-NewNodeForNewNodeHandler] INFO  pipeline.BackgroundPipelineCreator (BackgroundPipelineCreatorV2.java:notifyEventTriggered(285)) - trigger a one-shot run on RatisPipelineUtilsThread.
2021-08-04 04:53:00,051 [RatisPipelineUtilsThread - 0] INFO  pipeline.RatisPipelineProvider (RatisPipelineProvider.java:lambda$create$0(183)) - Sending CreatePipelineCommand for pipeline:PipelineID=e34c8042-5bc0-4086-b5df-74e1530c603f to datanode:387044f6-9ada-47c7-9f57-c4453de21297
2021-08-04 04:53:00,051 [RatisPipelineUtilsThread - 0] INFO  pipeline.PipelineStateManager (PipelineStateManagerV2Impl.java:addPipeline(101)) - Created pipeline Pipeline[ Id: e34c8042-5bc0-4086-b5df-74e1530c603f, Nodes: 387044f6-9ada-47c7-9f57-c4453de21297{ip: 10.1.0.14, host: fv-az291-261.wgnan5asplgejimfprtllbpdch.jx.internal.cloudapp.net, ports: [REPLICATION=33107, RATIS=39215, RATIS_ADMIN=39215, RATIS_SERVER=39215, STANDALONE=42459], networkLocation: /default-rack, certSerialId: null, persistedOpState: IN_SERVICE, persistedOpStateExpiryEpochSec: 0}, ReplicationConfig: RATIS/ONE, State:ALLOCATED, leaderId:, CreationTimestamp2021-08-04T04:53:00.051Z[Etc/UTC]].
2021-08-04 04:53:00,052 [EventQueue-NodeRegistrationContainerReportForDataNodeSafeModeRule] INFO  safemode.SCMSafeModeManager (DataNodeSafeModeRule.java:process(71)) - SCM in safe mode. 3 DataNodes registered, 3 required.
2021-08-04 04:53:00,052 [EventQueue-NodeRegistrationContainerReportForDataNodeSafeModeRule] INFO  safemode.SCMSafeModeManager (SCMSafeModeManager.java:validateSafeModeExitRules(204)) - DataNodeSafeModeRule rule is successfully validated
2021-08-04 04:53:00,052 [EventQueue-NodeRegistrationContainerReportForDataNodeSafeModeRule] INFO  safemode.SCMSafeModeManager (SCMSafeModeManager.java:completePreCheck(233)) - All SCM safe mode pre check rules have passed
2021-08-04 04:53:00,052 [EventQueue-NodeRegistrationContainerReportForDataNodeSafeModeRule] WARN  events.EventQueue (EventQueue.java:fireEvent(194)) - No event handler registered for event TypedEvent{payloadType=SafeModeStatus, name='Safe mode status'}
2021-08-04 04:53:00,052 [EventQueue-NodeRegistrationContainerReportForDataNodeSafeModeRule] INFO  ha.SCMContext (SCMContext.java:updateSafeModeStatus(205)) - Update SafeModeStatus from SafeModeStatus{safeModeStatus=true, preCheckPassed=false} to SafeModeStatus{safeModeStatus=true, preCheckPassed=true}.
2021-08-04 04:53:00,052 [EventQueue-NodeRegistrationContainerReportForDataNodeSafeModeRule] INFO  pipeline.BackgroundPipelineCreator (BackgroundPipelineCreatorV2.java:notifyEventTriggered(285)) - trigger a one-shot run on RatisPipelineUtilsThread.
2021-08-04 04:53:00,053 [RatisPipelineUtilsThread - 0] INFO  pipeline.RatisPipelineProvider (RatisPipelineProvider.java:lambda$create$0(183)) - Sending CreatePipelineCommand for pipeline:PipelineID=cae475d7-d59d-4af5-b20b-39bbdec9243b to datanode:3b35e8af-4420-4337-880c-bcb538b04dba
2021-08-04 04:53:00,053 [RatisPipelineUtilsThread - 0] INFO  pipeline.RatisPipelineProvider (RatisPipelineProvider.java:lambda$create$0(183)) - Sending CreatePipelineCommand for pipeline:PipelineID=cae475d7-d59d-4af5-b20b-39bbdec9243b to datanode:8a31fd49-3da4-4fd9-acfc-b2bde89e3d95
2021-08-04 04:53:00,053 [RatisPipelineUtilsThread - 0] INFO  pipeline.RatisPipelineProvider (RatisPipelineProvider.java:lambda$create$0(183)) - Sending CreatePipelineCommand for pipeline:PipelineID=cae475d7-d59d-4af5-b20b-39bbdec9243b to datanode:387044f6-9ada-47c7-9f57-c4453de21297
2021-08-04 04:53:00,055 [RatisPipelineUtilsThread - 0] INFO  pipeline.PipelineStateManager (PipelineStateManagerV2Impl.java:addPipeline(101)) - Created pipeline Pipeline[ Id: cae475d7-d59d-4af5-b20b-39bbdec9243b, Nodes: 3b35e8af-4420-4337-880c-bcb538b04dba{ip: 10.1.0.14, host: fv-az291-261.wgnan5asplgejimfprtllbpdch.jx.internal.cloudapp.net, ports: [REPLICATION=37687, RATIS=40083, RATIS_ADMIN=40083, RATIS_SERVER=40083, STANDALONE=43785], networkLocation: /default-rack, certSerialId: null, persistedOpState: IN_SERVICE, persistedOpStateExpiryEpochSec: 0}8a31fd49-3da4-4fd9-acfc-b2bde89e3d95{ip: 10.1.0.14, host: fv-az291-261.wgnan5asplgejimfprtllbpdch.jx.internal.cloudapp.net, ports: [REPLICATION=38125, RATIS=37907, RATIS_ADMIN=37907, RATIS_SERVER=37907, STANDALONE=42413], networkLocation: /default-rack, certSerialId: null, persistedOpState: IN_SERVICE, persistedOpStateExpiryEpochSec: 0}387044f6-9ada-47c7-9f57-c4453de21297{ip: 10.1.0.14, host: fv-az291-261.wgnan5asplgejimfprtllbpdch.jx.internal.cloudapp.net, ports: [REPLICATION=33107, RATIS=39215, RATIS_ADMIN=39215, RATIS_SERVER=39215, STANDALONE=42459], networkLocation: /default-rack, certSerialId: null, persistedOpState: IN_SERVICE, persistedOpStateExpiryEpochSec: 0}, ReplicationConfig: RATIS/THREE, State:ALLOCATED, leaderId:, CreationTimestamp2021-08-04T04:53:00.053Z[Etc/UTC]].
2021-08-04 04:53:00,631 [Command processor thread] INFO  server.RaftServer (RaftServerProxy.java:addNew(95)) - 3b35e8af-4420-4337-880c-bcb538b04dba: addNew group-DD69081E450C:[3b35e8af-4420-4337-880c-bcb538b04dba|rpc:10.1.0.14:40083|priority:1] returns group-DD69081E450C:java.util.concurrent.CompletableFuture@13dce5f3[Not completed]
2021-08-04 04:53:00,632 [pool-230-thread-1] INFO  server.RaftServer$Division (RaftServerImpl.java:<init>(181)) - 3b35e8af-4420-4337-880c-bcb538b04dba: new RaftServerImpl for group-DD69081E450C:[3b35e8af-4420-4337-880c-bcb538b04dba|rpc:10.1.0.14:40083|priority:1] with ContainerStateMachine:uninitialized
2021-08-04 04:53:00,632 [pool-230-thread-1] INFO  server.RaftServerConfigKeys (ConfUtils.java:logGet(44)) - raft.server.rpc.timeout.min = 5s (custom)
2021-08-04 04:53:00,632 [pool-230-thread-1] INFO  server.RaftServerConfigKeys (ConfUtils.java:logGet(44)) - raft.server.rpc.timeout.max = 5200ms (custom)
2021-08-04 04:53:00,632 [pool-230-thread-1] INFO  server.RaftServerConfigKeys (ConfUtils.java:logGet(44)) - raft.server.rpc.sleep.time = 25ms (default)
2021-08-04 04:53:00,632 [pool-230-thread-1] INFO  server.RaftServerConfigKeys (ConfUtils.java:logGet(44)) - raft.server.rpc.slowness.timeout = 300s (custom)
2021-08-04 04:53:00,632 [pool-230-thread-1] INFO  server.RaftServerConfigKeys (ConfUtils.java:logGet(44)) - raft.server.leaderelection.leader.step-down.wait-time = 10s (default)
2021-08-04 04:53:00,632 [pool-230-thread-1] INFO  server.RaftServerConfigKeys (ConfUtils.java:logGet(44)) - raft.server.sleep.deviation.threshold = 300ms (default)
2021-08-04 04:53:00,632 [pool-230-thread-1] INFO  server.RaftServerConfigKeys (ConfUtils.java:logGet(44)) - raft.server.log.appender.install.snapshot.enabled = false (custom)
2021-08-04 04:53:00,632 [pool-230-thread-1] INFO  server.RaftServer$Division (ServerState.java:<init>(105)) - 3b35e8af-4420-4337-880c-bcb538b04dba@group-DD69081E450C: ConfigurationManager, init=-1: [3b35e8af-4420-4337-880c-bcb538b04dba|rpc:10.1.0.14:40083|priority:1], old=null, confs=<EMPTY_MAP>
2021-08-04 04:53:00,633 [pool-230-thread-1] INFO  server.RaftServerConfigKeys (ConfUtils.java:logGet(44)) - raft.server.storage.dir = [/home/runner/work/ozone/ozone/mnt/ozone/hadoop-ozone/integration-test/target/test-dir/MiniOzoneClusterImpl-f8689e89-4432-43a3-ae55-b25b0dce3dad/datanode-2/data/ratis] (custom)
2021-08-04 04:53:00,633 [pool-230-thread-1] INFO  server.RaftServerConfigKeys (ConfUtils.java:logGet(44)) - raft.server.log.corruption.policy = EXCEPTION (default)
2021-08-04 04:53:00,633 [pool-230-thread-1] INFO  server.RaftServerConfigKeys (ConfUtils.java:logGet(44)) - raft.server.storage.free-space.min = 0MB (=0) (default)
2021-08-04 04:53:00,633 [pool-230-thread-1] INFO  storage.RaftStorageDirectory (RaftStorageDirectoryImpl.java:analyzeStorage(135)) - The storage directory /home/runner/work/ozone/ozone/mnt/ozone/hadoop-ozone/integration-test/target/test-dir/MiniOzoneClusterImpl-f8689e89-4432-43a3-ae55-b25b0dce3dad/datanode-2/data/ratis/de5b46cd-9575-4562-a570-dd69081e450c does not exist. Creating ...
2021-08-04 04:53:00,635 [pool-230-thread-1] INFO  storage.RaftStorageDirectory (RaftStorageDirectoryImpl.java:tryLock(230)) - Lock on /home/runner/work/ozone/ozone/mnt/ozone/hadoop-ozone/integration-test/target/test-dir/MiniOzoneClusterImpl-f8689e89-4432-43a3-ae55-b25b0dce3dad/datanode-2/data/ratis/de5b46cd-9575-4562-a570-dd69081e450c/in_use.lock acquired by nodename 11023@fv-az291-261
2021-08-04 04:53:00,637 [pool-230-thread-1] INFO  storage.RaftStorage (RaftStorageImpl.java:format(89)) - Storage directory /home/runner/work/ozone/ozone/mnt/ozone/hadoop-ozone/integration-test/target/test-dir/MiniOzoneClusterImpl-f8689e89-4432-43a3-ae55-b25b0dce3dad/datanode-2/data/ratis/de5b46cd-9575-4562-a570-dd69081e450c has been successfully formatted.
2021-08-04 04:53:00,637 [pool-230-thread-1] INFO  ratis.ContainerStateMachine (ContainerStateMachine.java:loadSnapshot(223)) - group-DD69081E450C: The snapshot info is null. Setting the last applied indexto:(t:0, i:~)
2021-08-04 04:53:00,638 [EventQueue-PipelineReportForPipelineReportHandler] INFO  pipeline.PipelineManagerV2Impl (PipelineManagerV2Impl.java:openPipeline(283)) - Pipeline Pipeline[ Id: de5b46cd-9575-4562-a570-dd69081e450c, Nodes: 3b35e8af-4420-4337-880c-bcb538b04dba{ip: 10.1.0.14, host: fv-az291-261.wgnan5asplgejimfprtllbpdch.jx.internal.cloudapp.net, ports: [REPLICATION=37687, RATIS=40083, RATIS_ADMIN=40083, RATIS_SERVER=40083, STANDALONE=43785], networkLocation: /default-rack, certSerialId: null, persistedOpState: IN_SERVICE, persistedOpStateExpiryEpochSec: 0}, ReplicationConfig: RATIS/ONE, State:ALLOCATED, leaderId:3b35e8af-4420-4337-880c-bcb538b04dba, CreationTimestamp2021-08-04T04:52:59.641Z[Etc/UTC]] moved to OPEN state
2021-08-04 04:53:00,639 [pool-230-thread-1] INFO  server.RaftServerConfigKeys (ConfUtils.java:logGet(44)) - raft.server.notification.no-leader.timeout = 300s (custom)
2021-08-04 04:53:00,639 [pool-230-thread-1] INFO  server.RaftServerConfigKeys (ConfUtils.java:logGet(44)) - raft.server.log.use.memory = false (default)
2021-08-04 04:53:00,640 [pool-230-thread-1] INFO  server.RaftServerConfigKeys (ConfUtils.java:logGet(44)) - raft.server.log.purge.gap = 1000000 (custom)
2021-08-04 04:53:00,640 [pool-230-thread-1] INFO  server.RaftServerConfigKeys (ConfUtils.java:logGet(44)) - raft.server.log.appender.buffer.byte-limit = 33554432 (custom)
2021-08-04 04:53:00,640 [pool-230-thread-1] INFO  server.RaftServerConfigKeys (ConfUtils.java:logGet(44)) - raft.server.log.segment.size.max = 1048576 (custom)
2021-08-04 04:53:00,640 [pool-230-thread-1] INFO  server.RaftServerConfigKeys (ConfUtils.java:logGet(44)) - raft.server.log.segment.cache.num.max = 2 (custom)
2021-08-04 04:53:00,640 [pool-230-thread-1] INFO  server.RaftServerConfigKeys (ConfUtils.java:logGet(44)) - raft.server.log.segment.cache.size.max = 200MB (=209715200) (default)
2021-08-04 04:53:00,640 [pool-230-thread-1] INFO  segmented.SegmentedRaftLogWorker (SegmentedRaftLogWorker.java:<init>(182)) - new 3b35e8af-4420-4337-880c-bcb538b04dba@group-DD69081E450C-SegmentedRaftLogWorker for RaftStorageImpl:Storage Directory /home/runner/work/ozone/ozone/mnt/ozone/hadoop-ozone/integration-test/target/test-dir/MiniOzoneClusterImpl-f8689e89-4432-43a3-ae55-b25b0dce3dad/datanode-2/data/ratis/de5b46cd-9575-4562-a570-dd69081e450c
2021-08-04 04:53:00,641 [pool-230-thread-1] INFO  server.RaftServerConfigKeys (ConfUtils.java:logGet(44)) - raft.server.log.queue.byte-limit = 2147483647 (custom)
2021-08-04 04:53:00,641 [pool-230-thread-1] INFO  server.RaftServerConfigKeys (ConfUtils.java:logGet(44)) - raft.server.log.queue.element-limit = 1024 (custom)
2021-08-04 04:53:00,641 [pool-230-thread-1] INFO  server.RaftServerConfigKeys (ConfUtils.java:logGet(44)) - raft.server.log.segment.size.max = 1048576 (custom)
2021-08-04 04:53:00,641 [pool-230-thread-1] INFO  server.RaftServerConfigKeys (ConfUtils.java:logGet(44)) - raft.server.log.preallocated.size = 16384 (custom)
2021-08-04 04:53:00,641 [pool-230-thread-1] INFO  server.RaftServerConfigKeys (ConfUtils.java:logGet(44)) - raft.server.log.force.sync.num = 128 (default)
2021-08-04 04:53:00,641 [pool-230-thread-1] INFO  server.RaftServerConfigKeys (ConfUtils.java:logGet(44)) - raft.server.log.statemachine.data.sync = true (default)
2021-08-04 04:53:00,641 [pool-230-thread-1] INFO  server.RaftServerConfigKeys (ConfUtils.java:logGet(44)) - raft.server.log.statemachine.data.sync.timeout = 10s (default)
2021-08-04 04:53:00,641 [pool-230-thread-1] INFO  server.RaftServerConfigKeys (ConfUtils.java:logGet(44)) - raft.server.log.statemachine.data.sync.timeout.retry = -1 (default)
2021-08-04 04:53:00,642 [pool-230-thread-1] INFO  server.RaftServerConfigKeys (ConfUtils.java:logGet(44)) - raft.server.log.write.buffer.size = 1048576 (custom)
2021-08-04 04:53:00,642 [pool-230-thread-1] INFO  server.RaftServerConfigKeys (ConfUtils.java:logGet(44)) - raft.server.log.statemachine.data.caching.enabled = true (custom)
2021-08-04 04:53:00,642 [pool-230-thread-1] INFO  segmented.SegmentedRaftLogWorker (SegmentedRaftLogWorker.java:lambda$new$0(133)) - 3b35e8af-4420-4337-880c-bcb538b04dba@group-DD69081E450C-SegmentedRaftLogWorker: flushIndex: setUnconditionally 0 -> -1
2021-08-04 04:53:00,642 [pool-230-thread-1] INFO  segmented.SegmentedRaftLogWorker (SegmentedRaftLogWorker.java:lambda$new$0(133)) - 3b35e8af-4420-4337-880c-bcb538b04dba@group-DD69081E450C-SegmentedRaftLogWorker: safeCacheEvictIndex: setUnconditionally 0 -> -1
2021-08-04 04:53:00,643 [pool-230-thread-1] INFO  server.RaftServerConfigKeys (ConfUtils.java:logGet(44)) - raft.server.snapshot.auto.trigger.enabled = true (custom)
2021-08-04 04:53:00,643 [pool-230-thread-1] INFO  server.RaftServerConfigKeys (ConfUtils.java:logGet(44)) - raft.server.snapshot.auto.trigger.threshold = 10000 (custom)
2021-08-04 04:53:00,643 [pool-230-thread-1] INFO  server.RaftServerConfigKeys (ConfUtils.java:logGet(44)) - raft.server.snapshot.retention.file.num = 5 (custom)
2021-08-04 04:53:00,643 [pool-230-thread-1] INFO  server.RaftServerConfigKeys (ConfUtils.java:logGet(44)) - raft.server.log.purge.upto.snapshot.index = false (default)
2021-08-04 04:53:00,643 [pool-230-thread-1] INFO  server.RaftServerConfigKeys (ConfUtils.java:logGet(44)) - raft.server.retrycache.expirytime = 600000ms (custom)
2021-08-04 04:53:00,643 [pool-230-thread-1] INFO  server.RaftServerConfigKeys (ConfUtils.java:logGet(44)) - raft.server.retrycache.statistics.expirytime = 100μs (default)
2021-08-04 04:53:00,644 [pool-230-thread-1] INFO  server.RaftServer$Division (RaftServerImpl.java:start(296)) - 3b35e8af-4420-4337-880c-bcb538b04dba@group-DD69081E450C: start as a follower, conf=-1: [3b35e8af-4420-4337-880c-bcb538b04dba|rpc:10.1.0.14:40083|priority:1], old=null
2021-08-04 04:53:00,644 [pool-230-thread-1] INFO  server.RaftServer$Division (RaftServerImpl.java:setRole(285)) - 3b35e8af-4420-4337-880c-bcb538b04dba@group-DD69081E450C: changes role from      null to FOLLOWER at term 0 for startAsFollower
2021-08-04 04:53:00,644 [pool-230-thread-1] INFO  impl.RoleInfo (RoleInfo.java:updateAndGet(130)) - 3b35e8af-4420-4337-880c-bcb538b04dba: start 3b35e8af-4420-4337-880c-bcb538b04dba@group-DD69081E450C-FollowerState
2021-08-04 04:53:00,645 [pool-230-thread-1] INFO  util.JmxRegister (JmxRegister.java:tryRegister(44)) - Successfully registered JMX Bean with object name Ratis:service=RaftServer,group=group-DD69081E450C,id=3b35e8af-4420-4337-880c-bcb538b04dba
2021-08-04 04:53:00,648 [EventQueue-OpenPipelineForHealthyPipelineSafeModeRule] INFO  safemode.SCMSafeModeManager (HealthyPipelineSafeModeRule.java:process(124)) - SCM in safe mode. Healthy pipelines reported count is 0, required healthy pipeline reported count is 1
2021-08-04 04:53:00,648 [Command processor thread] INFO  ratis.XceiverServerRatis (XceiverServerRatis.java:addGroup(759)) - Created group PipelineID=de5b46cd-9575-4562-a570-dd69081e450c
2021-08-04 04:53:00,648 [Command processor thread] INFO  commandhandler.CreatePipelineCommandHandler (CreatePipelineCommandHandler.java:handle(106)) - Created Pipeline RATIS ONE PipelineID=de5b46cd-9575-4562-a570-dd69081e450c.
2021-08-04 04:53:00,648 [Command processor thread] INFO  server.RaftServer (RaftServerProxy.java:addNew(95)) - 3b35e8af-4420-4337-880c-bcb538b04dba: addNew group-39BBDEC9243B:[3b35e8af-4420-4337-880c-bcb538b04dba|rpc:10.1.0.14:40083|priority:0, 387044f6-9ada-47c7-9f57-c4453de21297|rpc:10.1.0.14:39215|priority:1, 8a31fd49-3da4-4fd9-acfc-b2bde89e3d95|rpc:10.1.0.14:37907|priority:0] returns group-39BBDEC9243B:java.util.concurrent.CompletableFuture@544d1fc2[Not completed]
2021-08-04 04:53:00,649 [pool-230-thread-1] INFO  server.RaftServer$Division (RaftServerImpl.java:<init>(181)) - 3b35e8af-4420-4337-880c-bcb538b04dba: new RaftServerImpl for group-39BBDEC9243B:[3b35e8af-4420-4337-880c-bcb538b04dba|rpc:10.1.0.14:40083|priority:0, 387044f6-9ada-47c7-9f57-c4453de21297|rpc:10.1.0.14:39215|priority:1, 8a31fd49-3da4-4fd9-acfc-b2bde89e3d95|rpc:10.1.0.14:37907|priority:0] with ContainerStateMachine:uninitialized
2021-08-04 04:53:00,650 [pool-230-thread-1] INFO  server.RaftServerConfigKeys (ConfUtils.java:logGet(44)) - raft.server.rpc.timeout.min = 5s (custom)
2021-08-04 04:53:00,650 [pool-230-thread-1] INFO  server.RaftServerConfigKeys (ConfUtils.java:logGet(44)) - raft.server.rpc.timeout.max = 5200ms (custom)
2021-08-04 04:53:00,650 [pool-230-thread-1] INFO  server.RaftServerConfigKeys (ConfUtils.java:logGet(44)) - raft.server.rpc.sleep.time = 25ms (default)
2021-08-04 04:53:00,650 [pool-230-thread-1] INFO  server.RaftServerConfigKeys (ConfUtils.java:logGet(44)) - raft.server.rpc.slowness.timeout = 300s (custom)
2021-08-04 04:53:00,650 [pool-230-thread-1] INFO  server.RaftServerConfigKeys (ConfUtils.java:logGet(44)) - raft.server.leaderelection.leader.step-down.wait-time = 10s (default)
2021-08-04 04:53:00,650 [pool-230-thread-1] INFO  server.RaftServerConfigKeys (ConfUtils.java:logGet(44)) - raft.server.sleep.deviation.threshold = 300ms (default)
2021-08-04 04:53:00,650 [pool-230-thread-1] INFO  server.RaftServerConfigKeys (ConfUtils.java:logGet(44)) - raft.server.log.appender.install.snapshot.enabled = false (custom)
2021-08-04 04:53:00,650 [pool-230-thread-1] INFO  server.RaftServer$Division (ServerState.java:<init>(105)) - 3b35e8af-4420-4337-880c-bcb538b04dba@group-39BBDEC9243B: ConfigurationManager, init=-1: [3b35e8af-4420-4337-880c-bcb538b04dba|rpc:10.1.0.14:40083|priority:0, 387044f6-9ada-47c7-9f57-c4453de21297|rpc:10.1.0.14:39215|priority:1, 8a31fd49-3da4-4fd9-acfc-b2bde89e3d95|rpc:10.1.0.14:37907|priority:0], old=null, confs=<EMPTY_MAP>
2021-08-04 04:53:00,650 [pool-230-thread-1] INFO  server.RaftServerConfigKeys (ConfUtils.java:logGet(44)) - raft.server.storage.dir = [/home/runner/work/ozone/ozone/mnt/ozone/hadoop-ozone/integration-test/target/test-dir/MiniOzoneClusterImpl-f8689e89-4432-43a3-ae55-b25b0dce3dad/datanode-2/data/ratis] (custom)
2021-08-04 04:53:00,650 [pool-230-thread-1] INFO  server.RaftServerConfigKeys (ConfUtils.java:logGet(44)) - raft.server.log.corruption.policy = EXCEPTION (default)
2021-08-04 04:53:00,650 [pool-230-thread-1] INFO  server.RaftServerConfigKeys (ConfUtils.java:logGet(44)) - raft.server.storage.free-space.min = 0MB (=0) (default)
2021-08-04 04:53:00,650 [pool-230-thread-1] INFO  storage.RaftStorageDirectory (RaftStorageDirectoryImpl.java:analyzeStorage(135)) - The storage directory /home/runner/work/ozone/ozone/mnt/ozone/hadoop-ozone/integration-test/target/test-dir/MiniOzoneClusterImpl-f8689e89-4432-43a3-ae55-b25b0dce3dad/datanode-2/data/ratis/cae475d7-d59d-4af5-b20b-39bbdec9243b does not exist. Creating ...
2021-08-04 04:53:00,652 [pool-230-thread-1] INFO  storage.RaftStorageDirectory (RaftStorageDirectoryImpl.java:tryLock(230)) - Lock on /home/runner/work/ozone/ozone/mnt/ozone/hadoop-ozone/integration-test/target/test-dir/MiniOzoneClusterImpl-f8689e89-4432-43a3-ae55-b25b0dce3dad/datanode-2/data/ratis/cae475d7-d59d-4af5-b20b-39bbdec9243b/in_use.lock acquired by nodename 11023@fv-az291-261
2021-08-04 04:53:00,653 [pool-230-thread-1] INFO  storage.RaftStorage (RaftStorageImpl.java:format(89)) - Storage directory /home/runner/work/ozone/ozone/mnt/ozone/hadoop-ozone/integration-test/target/test-dir/MiniOzoneClusterImpl-f8689e89-4432-43a3-ae55-b25b0dce3dad/datanode-2/data/ratis/cae475d7-d59d-4af5-b20b-39bbdec9243b has been successfully formatted.
2021-08-04 04:53:00,653 [pool-230-thread-1] INFO  ratis.ContainerStateMachine (ContainerStateMachine.java:loadSnapshot(223)) - group-39BBDEC9243B: The snapshot info is null. Setting the last applied indexto:(t:0, i:~)
2021-08-04 04:53:00,654 [Datanode State Machine Thread - 0] WARN  statemachine.StateContext (StateContext.java:execute(621)) - No available thread in pool for past 0 seconds.
2021-08-04 04:53:00,654 [pool-230-thread-1] INFO  server.RaftServerConfigKeys (ConfUtils.java:logGet(44)) - raft.server.notification.no-leader.timeout = 300s (custom)
2021-08-04 04:53:00,654 [pool-230-thread-1] INFO  server.RaftServerConfigKeys (ConfUtils.java:logGet(44)) - raft.server.log.use.memory = false (default)
2021-08-04 04:53:00,654 [pool-230-thread-1] INFO  server.RaftServerConfigKeys (ConfUtils.java:logGet(44)) - raft.server.log.purge.gap = 1000000 (custom)
2021-08-04 04:53:00,654 [EventQueue-OpenPipelineForHealthyPipelineSafeModeRule] INFO  safemode.SCMSafeModeManager (HealthyPipelineSafeModeRule.java:process(124)) - SCM in safe mode. Healthy pipelines reported count is 0, required healthy pipeline reported count is 1
2021-08-04 04:53:00,655 [pool-230-thread-1] INFO  server.RaftServerConfigKeys (ConfUtils.java:logGet(44)) - raft.server.log.appender.buffer.byte-limit = 33554432 (custom)
2021-08-04 04:53:00,655 [pool-230-thread-1] INFO  server.RaftServerConfigKeys (ConfUtils.java:logGet(44)) - raft.server.log.segment.size.max = 1048576 (custom)
2021-08-04 04:53:00,655 [pool-230-thread-1] INFO  server.RaftServerConfigKeys (ConfUtils.java:logGet(44)) - raft.server.log.segment.cache.num.max = 2 (custom)
2021-08-04 04:53:00,655 [pool-230-thread-1] INFO  server.RaftServerConfigKeys (ConfUtils.java:logGet(44)) - raft.server.log.segment.cache.size.max = 200MB (=209715200) (default)
2021-08-04 04:53:00,655 [pool-230-thread-1] INFO  segmented.SegmentedRaftLogWorker (SegmentedRaftLogWorker.java:<init>(182)) - new 3b35e8af-4420-4337-880c-bcb538b04dba@group-39BBDEC9243B-SegmentedRaftLogWorker for RaftStorageImpl:Storage Directory /home/runner/work/ozone/ozone/mnt/ozone/hadoop-ozone/integration-test/target/test-dir/MiniOzoneClusterImpl-f8689e89-4432-43a3-ae55-b25b0dce3dad/datanode-2/data/ratis/cae475d7-d59d-4af5-b20b-39bbdec9243b
2021-08-04 04:53:00,655 [pool-230-thread-1] INFO  server.RaftServerConfigKeys (ConfUtils.java:logGet(44)) - raft.server.log.queue.byte-limit = 2147483647 (custom)
2021-08-04 04:53:00,655 [pool-230-thread-1] INFO  server.RaftServerConfigKeys (ConfUtils.java:logGet(44)) - raft.server.log.queue.element-limit = 1024 (custom)
2021-08-04 04:53:00,655 [pool-230-thread-1] INFO  server.RaftServerConfigKeys (ConfUtils.java:logGet(44)) - raft.server.log.segment.size.max = 1048576 (custom)
2021-08-04 04:53:00,655 [pool-230-thread-1] INFO  server.RaftServerConfigKeys (ConfUtils.java:logGet(44)) - raft.server.log.preallocated.size = 16384 (custom)
2021-08-04 04:53:00,655 [pool-230-thread-1] INFO  server.RaftServerConfigKeys (ConfUtils.java:logGet(44)) - raft.server.log.force.sync.num = 128 (default)
2021-08-04 04:53:00,656 [pool-230-thread-1] INFO  server.RaftServerConfigKeys (ConfUtils.java:logGet(44)) - raft.server.log.statemachine.data.sync = true (default)
2021-08-04 04:53:00,656 [pool-230-thread-1] INFO  server.RaftServerConfigKeys (ConfUtils.java:logGet(44)) - raft.server.log.statemachine.data.sync.timeout = 10s (default)
2021-08-04 04:53:00,656 [pool-230-thread-1] INFO  server.RaftServerConfigKeys (ConfUtils.java:logGet(44)) - raft.server.log.statemachine.data.sync.timeout.retry = -1 (default)
2021-08-04 04:53:00,656 [pool-230-thread-1] INFO  server.RaftServerConfigKeys (ConfUtils.java:logGet(44)) - raft.server.log.write.buffer.size = 1048576 (custom)
2021-08-04 04:53:00,657 [pool-230-thread-1] INFO  server.RaftServerConfigKeys (ConfUtils.java:logGet(44)) - raft.server.log.statemachine.data.caching.enabled = true (custom)
2021-08-04 04:53:00,658 [pool-230-thread-1] INFO  segmented.SegmentedRaftLogWorker (SegmentedRaftLogWorker.java:lambda$new$0(133)) - 3b35e8af-4420-4337-880c-bcb538b04dba@group-39BBDEC9243B-SegmentedRaftLogWorker: flushIndex: setUnconditionally 0 -> -1
2021-08-04 04:53:00,658 [pool-230-thread-1] INFO  segmented.SegmentedRaftLogWorker (SegmentedRaftLogWorker.java:lambda$new$0(133)) - 3b35e8af-4420-4337-880c-bcb538b04dba@group-39BBDEC9243B-SegmentedRaftLogWorker: safeCacheEvictIndex: setUnconditionally 0 -> -1
2021-08-04 04:53:00,659 [pool-230-thread-1] INFO  server.RaftServerConfigKeys (ConfUtils.java:logGet(44)) - raft.server.snapshot.auto.trigger.enabled = true (custom)
2021-08-04 04:53:00,659 [pool-230-thread-1] INFO  server.RaftServerConfigKeys (ConfUtils.java:logGet(44)) - raft.server.snapshot.auto.trigger.threshold = 10000 (custom)
2021-08-04 04:53:00,659 [pool-230-thread-1] INFO  server.RaftServerConfigKeys (ConfUtils.java:logGet(44)) - raft.server.snapshot.retention.file.num = 5 (custom)
2021-08-04 04:53:00,659 [pool-230-thread-1] INFO  server.RaftServerConfigKeys (ConfUtils.java:logGet(44)) - raft.server.log.purge.upto.snapshot.index = false (default)
2021-08-04 04:53:00,659 [pool-230-thread-1] INFO  server.RaftServerConfigKeys (ConfUtils.java:logGet(44)) - raft.server.retrycache.expirytime = 600000ms (custom)
2021-08-04 04:53:00,659 [pool-230-thread-1] INFO  server.RaftServerConfigKeys (ConfUtils.java:logGet(44)) - raft.server.retrycache.statistics.expirytime = 100μs (default)
2021-08-04 04:53:00,660 [pool-230-thread-1] INFO  server.RaftServer$Division (RaftServerImpl.java:start(296)) - 3b35e8af-4420-4337-880c-bcb538b04dba@group-39BBDEC9243B: start as a follower, conf=-1: [3b35e8af-4420-4337-880c-bcb538b04dba|rpc:10.1.0.14:40083|priority:0, 387044f6-9ada-47c7-9f57-c4453de21297|rpc:10.1.0.14:39215|priority:1, 8a31fd49-3da4-4fd9-acfc-b2bde89e3d95|rpc:10.1.0.14:37907|priority:0], old=null
2021-08-04 04:53:00,660 [pool-230-thread-1] INFO  server.RaftServer$Division (RaftServerImpl.java:setRole(285)) - 3b35e8af-4420-4337-880c-bcb538b04dba@group-39BBDEC9243B: changes role from      null to FOLLOWER at term 0 for startAsFollower
2021-08-04 04:53:00,660 [pool-230-thread-1] INFO  impl.RoleInfo (RoleInfo.java:updateAndGet(130)) - 3b35e8af-4420-4337-880c-bcb538b04dba: start 3b35e8af-4420-4337-880c-bcb538b04dba@group-39BBDEC9243B-FollowerState
2021-08-04 04:53:00,660 [pool-230-thread-1] INFO  util.JmxRegister (JmxRegister.java:tryRegister(44)) - Successfully registered JMX Bean with object name Ratis:service=RaftServer,group=group-39BBDEC9243B,id=3b35e8af-4420-4337-880c-bcb538b04dba
2021-08-04 04:53:00,668 [Command processor thread] INFO  ratis.XceiverServerRatis (XceiverServerRatis.java:addGroup(759)) - Created group PipelineID=cae475d7-d59d-4af5-b20b-39bbdec9243b
2021-08-04 04:53:00,682 [grpc-default-executor-5] INFO  server.RaftServer (RaftServerProxy.java:addNew(95)) - 8a31fd49-3da4-4fd9-acfc-b2bde89e3d95: addNew group-39BBDEC9243B:[3b35e8af-4420-4337-880c-bcb538b04dba|rpc:10.1.0.14:40083|dataStream:|priority:0, 387044f6-9ada-47c7-9f57-c4453de21297|rpc:10.1.0.14:39215|dataStream:|priority:1, 8a31fd49-3da4-4fd9-acfc-b2bde89e3d95|rpc:10.1.0.14:37907|dataStream:|priority:0] returns group-39BBDEC9243B:java.util.concurrent.CompletableFuture@242c9c27[Not completed]
2021-08-04 04:53:00,683 [pool-194-thread-1] INFO  server.RaftServer$Division (RaftServerImpl.java:<init>(181)) - 8a31fd49-3da4-4fd9-acfc-b2bde89e3d95: new RaftServerImpl for group-39BBDEC9243B:[3b35e8af-4420-4337-880c-bcb538b04dba|rpc:10.1.0.14:40083|dataStream:|priority:0, 387044f6-9ada-47c7-9f57-c4453de21297|rpc:10.1.0.14:39215|dataStream:|priority:1, 8a31fd49-3da4-4fd9-acfc-b2bde89e3d95|rpc:10.1.0.14:37907|dataStream:|priority:0] with ContainerStateMachine:uninitialized
2021-08-04 04:53:00,683 [pool-194-thread-1] INFO  server.RaftServerConfigKeys (ConfUtils.java:logGet(44)) - raft.server.rpc.timeout.min = 5s (custom)
2021-08-04 04:53:00,683 [pool-194-thread-1] INFO  server.RaftServerConfigKeys (ConfUtils.java:logGet(44)) - raft.server.rpc.timeout.max = 5200ms (custom)
2021-08-04 04:53:00,683 [pool-194-thread-1] INFO  server.RaftServerConfigKeys (ConfUtils.java:logGet(44)) - raft.server.rpc.sleep.time = 25ms (default)
2021-08-04 04:53:00,683 [pool-194-thread-1] INFO  server.RaftServerConfigKeys (ConfUtils.java:logGet(44)) - raft.server.rpc.slowness.timeout = 300s (custom)
2021-08-04 04:53:00,683 [pool-194-thread-1] INFO  server.RaftServerConfigKeys (ConfUtils.java:logGet(44)) - raft.server.leaderelection.leader.step-down.wait-time = 10s (default)
2021-08-04 04:53:00,683 [pool-194-thread-1] INFO  server.RaftServerConfigKeys (ConfUtils.java:logGet(44)) - raft.server.sleep.deviation.threshold = 300ms (default)
2021-08-04 04:53:00,683 [pool-194-thread-1] INFO  server.RaftServerConfigKeys (ConfUtils.java:logGet(44)) - raft.server.log.appender.install.snapshot.enabled = false (custom)
2021-08-04 04:53:00,683 [pool-194-thread-1] INFO  server.RaftServer$Division (ServerState.java:<init>(105)) - 8a31fd49-3da4-4fd9-acfc-b2bde89e3d95@group-39BBDEC9243B: ConfigurationManager, init=-1: [3b35e8af-4420-4337-880c-bcb538b04dba|rpc:10.1.0.14:40083|dataStream:|priority:0, 387044f6-9ada-47c7-9f57-c4453de21297|rpc:10.1.0.14:39215|dataStream:|priority:1, 8a31fd49-3da4-4fd9-acfc-b2bde89e3d95|rpc:10.1.0.14:37907|dataStream:|priority:0], old=null, confs=<EMPTY_MAP>
2021-08-04 04:53:00,683 [pool-194-thread-1] INFO  server.RaftServerConfigKeys (ConfUtils.java:logGet(44)) - raft.server.storage.dir = [/home/runner/work/ozone/ozone/mnt/ozone/hadoop-ozone/integration-test/target/test-dir/MiniOzoneClusterImpl-f8689e89-4432-43a3-ae55-b25b0dce3dad/datanode-0/data/ratis] (custom)
2021-08-04 04:53:00,684 [pool-194-thread-1] INFO  server.RaftServerConfigKeys (ConfUtils.java:logGet(44)) - raft.server.log.corruption.policy = EXCEPTION (default)
2021-08-04 04:53:00,684 [pool-194-thread-1] INFO  server.RaftServerConfigKeys (ConfUtils.java:logGet(44)) - raft.server.storage.free-space.min = 0MB (=0) (default)
2021-08-04 04:53:00,684 [pool-194-thread-1] INFO  storage.RaftStorageDirectory (RaftStorageDirectoryImpl.java:analyzeStorage(135)) - The storage directory /home/runner/work/ozone/ozone/mnt/ozone/hadoop-ozone/integration-test/target/test-dir/MiniOzoneClusterImpl-f8689e89-4432-43a3-ae55-b25b0dce3dad/datanode-0/data/ratis/cae475d7-d59d-4af5-b20b-39bbdec9243b does not exist. Creating ...
2021-08-04 04:53:00,686 [pool-194-thread-1] INFO  storage.RaftStorageDirectory (RaftStorageDirectoryImpl.java:tryLock(230)) - Lock on /home/runner/work/ozone/ozone/mnt/ozone/hadoop-ozone/integration-test/target/test-dir/MiniOzoneClusterImpl-f8689e89-4432-43a3-ae55-b25b0dce3dad/datanode-0/data/ratis/cae475d7-d59d-4af5-b20b-39bbdec9243b/in_use.lock acquired by nodename 11023@fv-az291-261
2021-08-04 04:53:00,687 [pool-194-thread-1] INFO  storage.RaftStorage (RaftStorageImpl.java:format(89)) - Storage directory /home/runner/work/ozone/ozone/mnt/ozone/hadoop-ozone/integration-test/target/test-dir/MiniOzoneClusterImpl-f8689e89-4432-43a3-ae55-b25b0dce3dad/datanode-0/data/ratis/cae475d7-d59d-4af5-b20b-39bbdec9243b has been successfully formatted.
2021-08-04 04:53:00,687 [Datanode State Machine Thread - 0] WARN  statemachine.StateContext (StateContext.java:execute(621)) - No available thread in pool for past 0 seconds.
2021-08-04 04:53:00,688 [pool-194-thread-1] INFO  ratis.ContainerStateMachine (ContainerStateMachine.java:loadSnapshot(223)) - group-39BBDEC9243B: The snapshot info is null. Setting the last applied indexto:(t:0, i:~)
2021-08-04 04:53:00,689 [pool-194-thread-1] INFO  server.RaftServerConfigKeys (ConfUtils.java:logGet(44)) - raft.server.notification.no-leader.timeout = 300s (custom)
2021-08-04 04:53:00,689 [pool-194-thread-1] INFO  server.RaftServerConfigKeys (ConfUtils.java:logGet(44)) - raft.server.log.use.memory = false (default)
2021-08-04 04:53:00,689 [pool-194-thread-1] INFO  server.RaftServerConfigKeys (ConfUtils.java:logGet(44)) - raft.server.log.purge.gap = 1000000 (custom)
2021-08-04 04:53:00,689 [pool-194-thread-1] INFO  server.RaftServerConfigKeys (ConfUtils.java:logGet(44)) - raft.server.log.appender.buffer.byte-limit = 33554432 (custom)
2021-08-04 04:53:00,690 [pool-194-thread-1] INFO  server.RaftServerConfigKeys (ConfUtils.java:logGet(44)) - raft.server.log.segment.size.max = 1048576 (custom)
2021-08-04 04:53:00,690 [pool-194-thread-1] INFO  server.RaftServerConfigKeys (ConfUtils.java:logGet(44)) - raft.server.log.segment.cache.num.max = 2 (custom)
2021-08-04 04:53:00,690 [pool-194-thread-1] INFO  server.RaftServerConfigKeys (ConfUtils.java:logGet(44)) - raft.server.log.segment.cache.size.max = 200MB (=209715200) (default)
2021-08-04 04:53:00,690 [pool-194-thread-1] INFO  segmented.SegmentedRaftLogWorker (SegmentedRaftLogWorker.java:<init>(182)) - new 8a31fd49-3da4-4fd9-acfc-b2bde89e3d95@group-39BBDEC9243B-SegmentedRaftLogWorker for RaftStorageImpl:Storage Directory /home/runner/work/ozone/ozone/mnt/ozone/hadoop-ozone/integration-test/target/test-dir/MiniOzoneClusterImpl-f8689e89-4432-43a3-ae55-b25b0dce3dad/datanode-0/data/ratis/cae475d7-d59d-4af5-b20b-39bbdec9243b
2021-08-04 04:53:00,690 [pool-194-thread-1] INFO  server.RaftServerConfigKeys (ConfUtils.java:logGet(44)) - raft.server.log.queue.byte-limit = 2147483647 (custom)
2021-08-04 04:53:00,690 [pool-194-thread-1] INFO  server.RaftServerConfigKeys (ConfUtils.java:logGet(44)) - raft.server.log.queue.element-limit = 1024 (custom)
2021-08-04 04:53:00,690 [pool-194-thread-1] INFO  server.RaftServerConfigKeys (ConfUtils.java:logGet(44)) - raft.server.log.segment.size.max = 1048576 (custom)
2021-08-04 04:53:00,691 [pool-194-thread-1] INFO  server.RaftServerConfigKeys (ConfUtils.java:logGet(44)) - raft.server.log.preallocated.size = 16384 (custom)
2021-08-04 04:53:00,691 [pool-194-thread-1] INFO  server.RaftServerConfigKeys (ConfUtils.java:logGet(44)) - raft.server.log.force.sync.num = 128 (default)
2021-08-04 04:53:00,691 [pool-194-thread-1] INFO  server.RaftServerConfigKeys (ConfUtils.java:logGet(44)) - raft.server.log.statemachine.data.sync = true (default)
2021-08-04 04:53:00,691 [pool-194-thread-1] INFO  server.RaftServerConfigKeys (ConfUtils.java:logGet(44)) - raft.server.log.statemachine.data.sync.timeout = 10s (default)
2021-08-04 04:53:00,691 [pool-194-thread-1] INFO  server.RaftServerConfigKeys (ConfUtils.java:logGet(44)) - raft.server.log.statemachine.data.sync.timeout.retry = -1 (default)
2021-08-04 04:53:00,692 [pool-194-thread-1] INFO  server.RaftServerConfigKeys (ConfUtils.java:logGet(44)) - raft.server.log.write.buffer.size = 1048576 (custom)
2021-08-04 04:53:00,692 [pool-194-thread-1] INFO  server.RaftServerConfigKeys (ConfUtils.java:logGet(44)) - raft.server.log.statemachine.data.caching.enabled = true (custom)
2021-08-04 04:53:00,692 [pool-194-thread-1] INFO  segmented.SegmentedRaftLogWorker (SegmentedRaftLogWorker.java:lambda$new$0(133)) - 8a31fd49-3da4-4fd9-acfc-b2bde89e3d95@group-39BBDEC9243B-SegmentedRaftLogWorker: flushIndex: setUnconditionally 0 -> -1
2021-08-04 04:53:00,692 [pool-194-thread-1] INFO  segmented.SegmentedRaftLogWorker (SegmentedRaftLogWorker.java:lambda$new$0(133)) - 8a31fd49-3da4-4fd9-acfc-b2bde89e3d95@group-39BBDEC9243B-SegmentedRaftLogWorker: safeCacheEvictIndex: setUnconditionally 0 -> -1
2021-08-04 04:53:00,692 [pool-194-thread-1] INFO  server.RaftServerConfigKeys (ConfUtils.java:logGet(44)) - raft.server.snapshot.auto.trigger.enabled = true (custom)
2021-08-04 04:53:00,692 [pool-194-thread-1] INFO  server.RaftServerConfigKeys (ConfUtils.java:logGet(44)) - raft.server.snapshot.auto.trigger.threshold = 10000 (custom)
2021-08-04 04:53:00,692 [pool-194-thread-1] INFO  server.RaftServerConfigKeys (ConfUtils.java:logGet(44)) - raft.server.snapshot.retention.file.num = 5 (custom)
2021-08-04 04:53:00,693 [pool-194-thread-1] INFO  server.RaftServerConfigKeys (ConfUtils.java:logGet(44)) - raft.server.log.purge.upto.snapshot.index = false (default)
2021-08-04 04:53:00,693 [pool-194-thread-1] INFO  server.RaftServerConfigKeys (ConfUtils.java:logGet(44)) - raft.server.retrycache.expirytime = 600000ms (custom)
2021-08-04 04:53:00,693 [pool-194-thread-1] INFO  server.RaftServerConfigKeys (ConfUtils.java:logGet(44)) - raft.server.retrycache.statistics.expirytime = 100μs (default)
2021-08-04 04:53:00,694 [pool-194-thread-1] INFO  server.RaftServer$Division (RaftServerImpl.java:start(296)) - 8a31fd49-3da4-4fd9-acfc-b2bde89e3d95@group-39BBDEC9243B: start as a follower, conf=-1: [3b35e8af-4420-4337-880c-bcb538b04dba|rpc:10.1.0.14:40083|dataStream:|priority:0, 387044f6-9ada-47c7-9f57-c4453de21297|rpc:10.1.0.14:39215|dataStream:|priority:1, 8a31fd49-3da4-4fd9-acfc-b2bde89e3d95|rpc:10.1.0.14:37907|dataStream:|priority:0], old=null
2021-08-04 04:53:00,694 [pool-194-thread-1] INFO  server.RaftServer$Division (RaftServerImpl.java:setRole(285)) - 8a31fd49-3da4-4fd9-acfc-b2bde89e3d95@group-39BBDEC9243B: changes role from      null to FOLLOWER at term 0 for startAsFollower
2021-08-04 04:53:00,694 [pool-194-thread-1] INFO  impl.RoleInfo (RoleInfo.java:updateAndGet(130)) - 8a31fd49-3da4-4fd9-acfc-b2bde89e3d95: start 8a31fd49-3da4-4fd9-acfc-b2bde89e3d95@group-39BBDEC9243B-FollowerState
2021-08-04 04:53:00,694 [pool-194-thread-1] INFO  util.JmxRegister (JmxRegister.java:tryRegister(44)) - Successfully registered JMX Bean with object name Ratis:service=RaftServer,group=group-39BBDEC9243B,id=8a31fd49-3da4-4fd9-acfc-b2bde89e3d95
2021-08-04 04:53:00,714 [grpc-default-executor-5] INFO  server.RaftServer (RaftServerProxy.java:addNew(95)) - 387044f6-9ada-47c7-9f57-c4453de21297: addNew group-39BBDEC9243B:[3b35e8af-4420-4337-880c-bcb538b04dba|rpc:10.1.0.14:40083|dataStream:|priority:0, 387044f6-9ada-47c7-9f57-c4453de21297|rpc:10.1.0.14:39215|dataStream:|priority:1, 8a31fd49-3da4-4fd9-acfc-b2bde89e3d95|rpc:10.1.0.14:37907|dataStream:|priority:0] returns group-39BBDEC9243B:java.util.concurrent.CompletableFuture@2aeb76d2[Not completed]
2021-08-04 04:53:00,714 [pool-212-thread-1] INFO  server.RaftServer$Division (RaftServerImpl.java:<init>(181)) - 387044f6-9ada-47c7-9f57-c4453de21297: new RaftServerImpl for group-39BBDEC9243B:[3b35e8af-4420-4337-880c-bcb538b04dba|rpc:10.1.0.14:40083|dataStream:|priority:0, 387044f6-9ada-47c7-9f57-c4453de21297|rpc:10.1.0.14:39215|dataStream:|priority:1, 8a31fd49-3da4-4fd9-acfc-b2bde89e3d95|rpc:10.1.0.14:37907|dataStream:|priority:0] with ContainerStateMachine:uninitialized
2021-08-04 04:53:00,714 [pool-212-thread-1] INFO  server.RaftServerConfigKeys (ConfUtils.java:logGet(44)) - raft.server.rpc.timeout.min = 5s (custom)
2021-08-04 04:53:00,714 [pool-212-thread-1] INFO  server.RaftServerConfigKeys (ConfUtils.java:logGet(44)) - raft.server.rpc.timeout.max = 5200ms (custom)
2021-08-04 04:53:00,715 [pool-212-thread-1] INFO  server.RaftServerConfigKeys (ConfUtils.java:logGet(44)) - raft.server.rpc.sleep.time = 25ms (default)
2021-08-04 04:53:00,715 [pool-212-thread-1] INFO  server.RaftServerConfigKeys (ConfUtils.java:logGet(44)) - raft.server.rpc.slowness.timeout = 300s (custom)
2021-08-04 04:53:00,715 [pool-212-thread-1] INFO  server.RaftServerConfigKeys (ConfUtils.java:logGet(44)) - raft.server.leaderelection.leader.step-down.wait-time = 10s (default)
2021-08-04 04:53:00,715 [pool-212-thread-1] INFO  server.RaftServerConfigKeys (ConfUtils.java:logGet(44)) - raft.server.sleep.deviation.threshold = 300ms (default)
2021-08-04 04:53:00,715 [pool-212-thread-1] INFO  server.RaftServerConfigKeys (ConfUtils.java:logGet(44)) - raft.server.log.appender.install.snapshot.enabled = false (custom)
2021-08-04 04:53:00,715 [pool-212-thread-1] INFO  server.RaftServer$Division (ServerState.java:<init>(105)) - 387044f6-9ada-47c7-9f57-c4453de21297@group-39BBDEC9243B: ConfigurationManager, init=-1: [3b35e8af-4420-4337-880c-bcb538b04dba|rpc:10.1.0.14:40083|dataStream:|priority:0, 387044f6-9ada-47c7-9f57-c4453de21297|rpc:10.1.0.14:39215|dataStream:|priority:1, 8a31fd49-3da4-4fd9-acfc-b2bde89e3d95|rpc:10.1.0.14:37907|dataStream:|priority:0], old=null, confs=<EMPTY_MAP>
2021-08-04 04:53:00,715 [pool-212-thread-1] INFO  server.RaftServerConfigKeys (ConfUtils.java:logGet(44)) - raft.server.storage.dir = [/home/runner/work/ozone/ozone/mnt/ozone/hadoop-ozone/integration-test/target/test-dir/MiniOzoneClusterImpl-f8689e89-4432-43a3-ae55-b25b0dce3dad/datanode-1/data/ratis] (custom)
2021-08-04 04:53:00,715 [pool-212-thread-1] INFO  server.RaftServerConfigKeys (ConfUtils.java:logGet(44)) - raft.server.log.corruption.policy = EXCEPTION (default)
2021-08-04 04:53:00,715 [pool-212-thread-1] INFO  server.RaftServerConfigKeys (ConfUtils.java:logGet(44)) - raft.server.storage.free-space.min = 0MB (=0) (default)
2021-08-04 04:53:00,715 [pool-212-thread-1] INFO  storage.RaftStorageDirectory (RaftStorageDirectoryImpl.java:analyzeStorage(135)) - The storage directory /home/runner/work/ozone/ozone/mnt/ozone/hadoop-ozone/integration-test/target/test-dir/MiniOzoneClusterImpl-f8689e89-4432-43a3-ae55-b25b0dce3dad/datanode-1/data/ratis/cae475d7-d59d-4af5-b20b-39bbdec9243b does not exist. Creating ...
2021-08-04 04:53:00,717 [pool-212-thread-1] INFO  storage.RaftStorageDirectory (RaftStorageDirectoryImpl.java:tryLock(230)) - Lock on /home/runner/work/ozone/ozone/mnt/ozone/hadoop-ozone/integration-test/target/test-dir/MiniOzoneClusterImpl-f8689e89-4432-43a3-ae55-b25b0dce3dad/datanode-1/data/ratis/cae475d7-d59d-4af5-b20b-39bbdec9243b/in_use.lock acquired by nodename 11023@fv-az291-261
2021-08-04 04:53:00,719 [pool-212-thread-1] INFO  storage.RaftStorage (RaftStorageImpl.java:format(89)) - Storage directory /home/runner/work/ozone/ozone/mnt/ozone/hadoop-ozone/integration-test/target/test-dir/MiniOzoneClusterImpl-f8689e89-4432-43a3-ae55-b25b0dce3dad/datanode-1/data/ratis/cae475d7-d59d-4af5-b20b-39bbdec9243b has been successfully formatted.
2021-08-04 04:53:00,719 [pool-212-thread-1] INFO  ratis.ContainerStateMachine (ContainerStateMachine.java:loadSnapshot(223)) - group-39BBDEC9243B: The snapshot info is null. Setting the last applied indexto:(t:0, i:~)
2021-08-04 04:53:00,719 [Datanode State Machine Thread - 0] WARN  statemachine.StateContext (StateContext.java:execute(621)) - No available thread in pool for past 0 seconds.
2021-08-04 04:53:00,719 [pool-212-thread-1] INFO  server.RaftServerConfigKeys (ConfUtils.java:logGet(44)) - raft.server.notification.no-leader.timeout = 300s (custom)
2021-08-04 04:53:00,719 [pool-212-thread-1] INFO  server.RaftServerConfigKeys (ConfUtils.java:logGet(44)) - raft.server.log.use.memory = false (default)
2021-08-04 04:53:00,719 [pool-212-thread-1] INFO  server.RaftServerConfigKeys (ConfUtils.java:logGet(44)) - raft.server.log.purge.gap = 1000000 (custom)
2021-08-04 04:53:00,720 [pool-212-thread-1] INFO  server.RaftServerConfigKeys (ConfUtils.java:logGet(44)) - raft.server.log.appender.buffer.byte-limit = 33554432 (custom)
2021-08-04 04:53:00,720 [pool-212-thread-1] INFO  server.RaftServerConfigKeys (ConfUtils.java:logGet(44)) - raft.server.log.segment.size.max = 1048576 (custom)
2021-08-04 04:53:00,721 [pool-212-thread-1] INFO  server.RaftServerConfigKeys (ConfUtils.java:logGet(44)) - raft.server.log.segment.cache.num.max = 2 (custom)
2021-08-04 04:53:00,721 [pool-212-thread-1] INFO  server.RaftServerConfigKeys (ConfUtils.java:logGet(44)) - raft.server.log.segment.cache.size.max = 200MB (=209715200) (default)
2021-08-04 04:53:00,721 [pool-212-thread-1] INFO  segmented.SegmentedRaftLogWorker (SegmentedRaftLogWorker.java:<init>(182)) - new 387044f6-9ada-47c7-9f57-c4453de21297@group-39BBDEC9243B-SegmentedRaftLogWorker for RaftStorageImpl:Storage Directory /home/runner/work/ozone/ozone/mnt/ozone/hadoop-ozone/integration-test/target/test-dir/MiniOzoneClusterImpl-f8689e89-4432-43a3-ae55-b25b0dce3dad/datanode-1/data/ratis/cae475d7-d59d-4af5-b20b-39bbdec9243b
2021-08-04 04:53:00,721 [pool-212-thread-1] INFO  server.RaftServerConfigKeys (ConfUtils.java:logGet(44)) - raft.server.log.queue.byte-limit = 2147483647 (custom)
2021-08-04 04:53:00,721 [pool-212-thread-1] INFO  server.RaftServerConfigKeys (ConfUtils.java:logGet(44)) - raft.server.log.queue.element-limit = 1024 (custom)
2021-08-04 04:53:00,722 [pool-212-thread-1] INFO  server.RaftServerConfigKeys (ConfUtils.java:logGet(44)) - raft.server.log.segment.size.max = 1048576 (custom)
2021-08-04 04:53:00,722 [pool-212-thread-1] INFO  server.RaftServerConfigKeys (ConfUtils.java:logGet(44)) - raft.server.log.preallocated.size = 16384 (custom)
2021-08-04 04:53:00,722 [pool-212-thread-1] INFO  server.RaftServerConfigKeys (ConfUtils.java:logGet(44)) - raft.server.log.force.sync.num = 128 (default)
2021-08-04 04:53:00,722 [pool-212-thread-1] INFO  server.RaftServerConfigKeys (ConfUtils.java:logGet(44)) - raft.server.log.statemachine.data.sync = true (default)
2021-08-04 04:53:00,722 [pool-212-thread-1] INFO  server.RaftServerConfigKeys (ConfUtils.java:logGet(44)) - raft.server.log.statemachine.data.sync.timeout = 10s (default)
2021-08-04 04:53:00,722 [pool-212-thread-1] INFO  server.RaftServerConfigKeys (ConfUtils.java:logGet(44)) - raft.server.log.statemachine.data.sync.timeout.retry = -1 (default)
2021-08-04 04:53:00,723 [pool-212-thread-1] INFO  server.RaftServerConfigKeys (ConfUtils.java:logGet(44)) - raft.server.log.write.buffer.size = 1048576 (custom)
2021-08-04 04:53:00,724 [pool-212-thread-1] INFO  server.RaftServerConfigKeys (ConfUtils.java:logGet(44)) - raft.server.log.statemachine.data.caching.enabled = true (custom)
2021-08-04 04:53:00,724 [pool-212-thread-1] INFO  segmented.SegmentedRaftLogWorker (SegmentedRaftLogWorker.java:lambda$new$0(133)) - 387044f6-9ada-47c7-9f57-c4453de21297@group-39BBDEC9243B-SegmentedRaftLogWorker: flushIndex: setUnconditionally 0 -> -1
2021-08-04 04:53:00,724 [pool-212-thread-1] INFO  segmented.SegmentedRaftLogWorker (SegmentedRaftLogWorker.java:lambda$new$0(133)) - 387044f6-9ada-47c7-9f57-c4453de21297@group-39BBDEC9243B-SegmentedRaftLogWorker: safeCacheEvictIndex: setUnconditionally 0 -> -1
2021-08-04 04:53:00,724 [pool-212-thread-1] INFO  server.RaftServerConfigKeys (ConfUtils.java:logGet(44)) - raft.server.snapshot.auto.trigger.enabled = true (custom)
2021-08-04 04:53:00,724 [pool-212-thread-1] INFO  server.RaftServerConfigKeys (ConfUtils.java:logGet(44)) - raft.server.snapshot.auto.trigger.threshold = 10000 (custom)
2021-08-04 04:53:00,724 [pool-212-thread-1] INFO  server.RaftServerConfigKeys (ConfUtils.java:logGet(44)) - raft.server.snapshot.retention.file.num = 5 (custom)
2021-08-04 04:53:00,724 [pool-212-thread-1] INFO  server.RaftServerConfigKeys (ConfUtils.java:logGet(44)) - raft.server.log.purge.upto.snapshot.index = false (default)
2021-08-04 04:53:00,725 [pool-212-thread-1] INFO  server.RaftServerConfigKeys (ConfUtils.java:logGet(44)) - raft.server.retrycache.expirytime = 600000ms (custom)
2021-08-04 04:53:00,725 [pool-212-thread-1] INFO  server.RaftServerConfigKeys (ConfUtils.java:logGet(44)) - raft.server.retrycache.statistics.expirytime = 100μs (default)
2021-08-04 04:53:00,725 [pool-212-thread-1] INFO  server.RaftServer$Division (RaftServerImpl.java:start(296)) - 387044f6-9ada-47c7-9f57-c4453de21297@group-39BBDEC9243B: start as a follower, conf=-1: [3b35e8af-4420-4337-880c-bcb538b04dba|rpc:10.1.0.14:40083|dataStream:|priority:0, 387044f6-9ada-47c7-9f57-c4453de21297|rpc:10.1.0.14:39215|dataStream:|priority:1, 8a31fd49-3da4-4fd9-acfc-b2bde89e3d95|rpc:10.1.0.14:37907|dataStream:|priority:0], old=null
2021-08-04 04:53:00,726 [pool-212-thread-1] INFO  server.RaftServer$Division (RaftServerImpl.java:setRole(285)) - 387044f6-9ada-47c7-9f57-c4453de21297@group-39BBDEC9243B: changes role from      null to FOLLOWER at term 0 for startAsFollower
2021-08-04 04:53:00,726 [pool-212-thread-1] INFO  impl.RoleInfo (RoleInfo.java:updateAndGet(130)) - 387044f6-9ada-47c7-9f57-c4453de21297: start 387044f6-9ada-47c7-9f57-c4453de21297@group-39BBDEC9243B-FollowerState
2021-08-04 04:53:00,727 [pool-212-thread-1] INFO  util.JmxRegister (JmxRegister.java:tryRegister(44)) - Successfully registered JMX Bean with object name Ratis:service=RaftServer,group=group-39BBDEC9243B,id=387044f6-9ada-47c7-9f57-c4453de21297
2021-08-04 04:53:00,732 [Command processor thread] INFO  commandhandler.CreatePipelineCommandHandler (CreatePipelineCommandHandler.java:handle(106)) - Created Pipeline RATIS THREE PipelineID=cae475d7-d59d-4af5-b20b-39bbdec9243b.
2021-08-04 04:53:00,885 [Listener at 0.0.0.0/43893] INFO  ozone.MiniOzoneClusterImpl (MiniOzoneClusterImpl.java:lambda$waitForClusterToBeReady$0(235)) - Nodes are ready. Got 3 of 3 DN Heartbeats.
2021-08-04 04:53:00,885 [Listener at 0.0.0.0/43893] INFO  ozone.MiniOzoneClusterImpl (MiniOzoneClusterImpl.java:lambda$waitForClusterToBeReady$0(238)) - Waiting for cluster to exit safe mode
2021-08-04 04:53:00,885 [Listener at 0.0.0.0/43893] INFO  ozone.MiniOzoneClusterImpl (MiniOzoneClusterImpl.java:lambda$waitForClusterToBeReady$0(240)) - SCM became leader
2021-08-04 04:53:01,549 [Command processor thread] INFO  server.RaftServer (RaftServerProxy.java:addNew(95)) - 387044f6-9ada-47c7-9f57-c4453de21297: addNew group-74E1530C603F:[387044f6-9ada-47c7-9f57-c4453de21297|rpc:10.1.0.14:39215|priority:1] returns group-74E1530C603F:java.util.concurrent.CompletableFuture@678633dd[Not completed]
2021-08-04 04:53:01,549 [pool-212-thread-1] INFO  server.RaftServer$Division (RaftServerImpl.java:<init>(181)) - 387044f6-9ada-47c7-9f57-c4453de21297: new RaftServerImpl for group-74E1530C603F:[387044f6-9ada-47c7-9f57-c4453de21297|rpc:10.1.0.14:39215|priority:1] with ContainerStateMachine:uninitialized
2021-08-04 04:53:01,550 [pool-212-thread-1] INFO  server.RaftServerConfigKeys (ConfUtils.java:logGet(44)) - raft.server.rpc.timeout.min = 5s (custom)
2021-08-04 04:53:01,550 [pool-212-thread-1] INFO  server.RaftServerConfigKeys (ConfUtils.java:logGet(44)) - raft.server.rpc.timeout.max = 5200ms (custom)
2021-08-04 04:53:01,550 [pool-212-thread-1] INFO  server.RaftServerConfigKeys (ConfUtils.java:logGet(44)) - raft.server.rpc.sleep.time = 25ms (default)
2021-08-04 04:53:01,550 [pool-212-thread-1] INFO  server.RaftServerConfigKeys (ConfUtils.java:logGet(44)) - raft.server.rpc.slowness.timeout = 300s (custom)
2021-08-04 04:53:01,550 [pool-212-thread-1] INFO  server.RaftServerConfigKeys (ConfUtils.java:logGet(44)) - raft.server.leaderelection.leader.step-down.wait-time = 10s (default)
2021-08-04 04:53:01,550 [pool-212-thread-1] INFO  server.RaftServerConfigKeys (ConfUtils.java:logGet(44)) - raft.server.sleep.deviation.threshold = 300ms (default)
2021-08-04 04:53:01,550 [pool-212-thread-1] INFO  server.RaftServerConfigKeys (ConfUtils.java:logGet(44)) - raft.server.log.appender.install.snapshot.enabled = false (custom)
2021-08-04 04:53:01,550 [pool-212-thread-1] INFO  server.RaftServer$Division (ServerState.java:<init>(105)) - 387044f6-9ada-47c7-9f57-c4453de21297@group-74E1530C603F: ConfigurationManager, init=-1: [387044f6-9ada-47c7-9f57-c4453de21297|rpc:10.1.0.14:39215|priority:1], old=null, confs=<EMPTY_MAP>
2021-08-04 04:53:01,550 [pool-212-thread-1] INFO  server.RaftServerConfigKeys (ConfUtils.java:logGet(44)) - raft.server.storage.dir = [/home/runner/work/ozone/ozone/mnt/ozone/hadoop-ozone/integration-test/target/test-dir/MiniOzoneClusterImpl-f8689e89-4432-43a3-ae55-b25b0dce3dad/datanode-1/data/ratis] (custom)
2021-08-04 04:53:01,550 [pool-212-thread-1] INFO  server.RaftServerConfigKeys (ConfUtils.java:logGet(44)) - raft.server.log.corruption.policy = EXCEPTION (default)
2021-08-04 04:53:01,550 [pool-212-thread-1] INFO  server.RaftServerConfigKeys (ConfUtils.java:logGet(44)) - raft.server.storage.free-space.min = 0MB (=0) (default)
2021-08-04 04:53:01,551 [pool-212-thread-1] INFO  storage.RaftStorageDirectory (RaftStorageDirectoryImpl.java:analyzeStorage(135)) - The storage directory /home/runner/work/ozone/ozone/mnt/ozone/hadoop-ozone/integration-test/target/test-dir/MiniOzoneClusterImpl-f8689e89-4432-43a3-ae55-b25b0dce3dad/datanode-1/data/ratis/e34c8042-5bc0-4086-b5df-74e1530c603f does not exist. Creating ...
2021-08-04 04:53:01,555 [pool-212-thread-1] INFO  storage.RaftStorageDirectory (RaftStorageDirectoryImpl.java:tryLock(230)) - Lock on /home/runner/work/ozone/ozone/mnt/ozone/hadoop-ozone/integration-test/target/test-dir/MiniOzoneClusterImpl-f8689e89-4432-43a3-ae55-b25b0dce3dad/datanode-1/data/ratis/e34c8042-5bc0-4086-b5df-74e1530c603f/in_use.lock acquired by nodename 11023@fv-az291-261
2021-08-04 04:53:01,556 [pool-212-thread-1] INFO  storage.RaftStorage (RaftStorageImpl.java:format(89)) - Storage directory /home/runner/work/ozone/ozone/mnt/ozone/hadoop-ozone/integration-test/target/test-dir/MiniOzoneClusterImpl-f8689e89-4432-43a3-ae55-b25b0dce3dad/datanode-1/data/ratis/e34c8042-5bc0-4086-b5df-74e1530c603f has been successfully formatted.
2021-08-04 04:53:01,557 [Datanode State Machine Thread - 0] WARN  statemachine.StateContext (StateContext.java:execute(621)) - No available thread in pool for past 0 seconds.
2021-08-04 04:53:01,558 [pool-212-thread-1] INFO  ratis.ContainerStateMachine (ContainerStateMachine.java:loadSnapshot(223)) - group-74E1530C603F: The snapshot info is null. Setting the last applied indexto:(t:0, i:~)
2021-08-04 04:53:01,558 [pool-212-thread-1] INFO  server.RaftServerConfigKeys (ConfUtils.java:logGet(44)) - raft.server.notification.no-leader.timeout = 300s (custom)
2021-08-04 04:53:01,558 [pool-212-thread-1] INFO  server.RaftServerConfigKeys (ConfUtils.java:logGet(44)) - raft.server.log.use.memory = false (default)
2021-08-04 04:53:01,558 [pool-212-thread-1] INFO  server.RaftServerConfigKeys (ConfUtils.java:logGet(44)) - raft.server.log.purge.gap = 1000000 (custom)
2021-08-04 04:53:01,558 [pool-212-thread-1] INFO  server.RaftServerConfigKeys (ConfUtils.java:logGet(44)) - raft.server.log.appender.buffer.byte-limit = 33554432 (custom)
2021-08-04 04:53:01,558 [pool-212-thread-1] INFO  server.RaftServerConfigKeys (ConfUtils.java:logGet(44)) - raft.server.log.segment.size.max = 1048576 (custom)
2021-08-04 04:53:01,559 [pool-212-thread-1] INFO  server.RaftServerConfigKeys (ConfUtils.java:logGet(44)) - raft.server.log.segment.cache.num.max = 2 (custom)
2021-08-04 04:53:01,559 [pool-212-thread-1] INFO  server.RaftServerConfigKeys (ConfUtils.java:logGet(44)) - raft.server.log.segment.cache.size.max = 200MB (=209715200) (default)
2021-08-04 04:53:01,559 [pool-212-thread-1] INFO  segmented.SegmentedRaftLogWorker (SegmentedRaftLogWorker.java:<init>(182)) - new 387044f6-9ada-47c7-9f57-c4453de21297@group-74E1530C603F-SegmentedRaftLogWorker for RaftStorageImpl:Storage Directory /home/runner/work/ozone/ozone/mnt/ozone/hadoop-ozone/integration-test/target/test-dir/MiniOzoneClusterImpl-f8689e89-4432-43a3-ae55-b25b0dce3dad/datanode-1/data/ratis/e34c8042-5bc0-4086-b5df-74e1530c603f
2021-08-04 04:53:01,559 [pool-212-thread-1] INFO  server.RaftServerConfigKeys (ConfUtils.java:logGet(44)) - raft.server.log.queue.byte-limit = 2147483647 (custom)
2021-08-04 04:53:01,559 [pool-212-thread-1] INFO  server.RaftServerConfigKeys (ConfUtils.java:logGet(44)) - raft.server.log.queue.element-limit = 1024 (custom)
2021-08-04 04:53:01,559 [pool-212-thread-1] INFO  server.RaftServerConfigKeys (ConfUtils.java:logGet(44)) - raft.server.log.segment.size.max = 1048576 (custom)
2021-08-04 04:53:01,559 [pool-212-thread-1] INFO  server.RaftServerConfigKeys (ConfUtils.java:logGet(44)) - raft.server.log.preallocated.size = 16384 (custom)
2021-08-04 04:53:01,559 [pool-212-thread-1] INFO  server.RaftServerConfigKeys (ConfUtils.java:logGet(44)) - raft.server.log.force.sync.num = 128 (default)
2021-08-04 04:53:01,559 [pool-212-thread-1] INFO  server.RaftServerConfigKeys (ConfUtils.java:logGet(44)) - raft.server.log.statemachine.data.sync = true (default)
2021-08-04 04:53:01,559 [pool-212-thread-1] INFO  server.RaftServerConfigKeys (ConfUtils.java:logGet(44)) - raft.server.log.statemachine.data.sync.timeout = 10s (default)
2021-08-04 04:53:01,560 [pool-212-thread-1] INFO  server.RaftServerConfigKeys (ConfUtils.java:logGet(44)) - raft.server.log.statemachine.data.sync.timeout.retry = -1 (default)
2021-08-04 04:53:01,560 [pool-212-thread-1] INFO  server.RaftServerConfigKeys (ConfUtils.java:logGet(44)) - raft.server.log.write.buffer.size = 1048576 (custom)
2021-08-04 04:53:01,560 [pool-212-thread-1] INFO  server.RaftServerConfigKeys (ConfUtils.java:logGet(44)) - raft.server.log.statemachine.data.caching.enabled = true (custom)
2021-08-04 04:53:01,561 [pool-212-thread-1] INFO  segmented.SegmentedRaftLogWorker (SegmentedRaftLogWorker.java:lambda$new$0(133)) - 387044f6-9ada-47c7-9f57-c4453de21297@group-74E1530C603F-SegmentedRaftLogWorker: flushIndex: setUnconditionally 0 -> -1
2021-08-04 04:53:01,561 [pool-212-thread-1] INFO  segmented.SegmentedRaftLogWorker (SegmentedRaftLogWorker.java:lambda$new$0(133)) - 387044f6-9ada-47c7-9f57-c4453de21297@group-74E1530C603F-SegmentedRaftLogWorker: safeCacheEvictIndex: setUnconditionally 0 -> -1
2021-08-04 04:53:01,561 [EventQueue-PipelineReportForPipelineReportHandler] INFO  pipeline.PipelineManagerV2Impl (PipelineManagerV2Impl.java:openPipeline(283)) - Pipeline Pipeline[ Id: e34c8042-5bc0-4086-b5df-74e1530c603f, Nodes: 387044f6-9ada-47c7-9f57-c4453de21297{ip: 10.1.0.14, host: fv-az291-261.wgnan5asplgejimfprtllbpdch.jx.internal.cloudapp.net, ports: [REPLICATION=33107, RATIS=39215, RATIS_ADMIN=39215, RATIS_SERVER=39215, STANDALONE=42459], networkLocation: /default-rack, certSerialId: null, persistedOpState: IN_SERVICE, persistedOpStateExpiryEpochSec: 0}, ReplicationConfig: RATIS/ONE, State:ALLOCATED, leaderId:387044f6-9ada-47c7-9f57-c4453de21297, CreationTimestamp2021-08-04T04:53:00.051Z[Etc/UTC]] moved to OPEN state
2021-08-04 04:53:01,561 [pool-212-thread-1] INFO  server.RaftServerConfigKeys (ConfUtils.java:logGet(44)) - raft.server.snapshot.auto.trigger.enabled = true (custom)
2021-08-04 04:53:01,561 [pool-212-thread-1] INFO  server.RaftServerConfigKeys (ConfUtils.java:logGet(44)) - raft.server.snapshot.auto.trigger.threshold = 10000 (custom)
2021-08-04 04:53:01,561 [pool-212-thread-1] INFO  server.RaftServerConfigKeys (ConfUtils.java:logGet(44)) - raft.server.snapshot.retention.file.num = 5 (custom)
2021-08-04 04:53:01,561 [pool-212-thread-1] INFO  server.RaftServerConfigKeys (ConfUtils.java:logGet(44)) - raft.server.log.purge.upto.snapshot.index = false (default)
2021-08-04 04:53:01,561 [EventQueue-OpenPipelineForHealthyPipelineSafeModeRule] INFO  safemode.SCMSafeModeManager (HealthyPipelineSafeModeRule.java:process(124)) - SCM in safe mode. Healthy pipelines reported count is 0, required healthy pipeline reported count is 1
2021-08-04 04:53:01,561 [pool-212-thread-1] INFO  server.RaftServerConfigKeys (ConfUtils.java:logGet(44)) - raft.server.retrycache.expirytime = 600000ms (custom)
2021-08-04 04:53:01,561 [pool-212-thread-1] INFO  server.RaftServerConfigKeys (ConfUtils.java:logGet(44)) - raft.server.retrycache.statistics.expirytime = 100μs (default)
2021-08-04 04:53:01,562 [pool-212-thread-1] INFO  server.RaftServer$Division (RaftServerImpl.java:start(296)) - 387044f6-9ada-47c7-9f57-c4453de21297@group-74E1530C603F: start as a follower, conf=-1: [387044f6-9ada-47c7-9f57-c4453de21297|rpc:10.1.0.14:39215|priority:1], old=null
2021-08-04 04:53:01,562 [pool-212-thread-1] INFO  server.RaftServer$Division (RaftServerImpl.java:setRole(285)) - 387044f6-9ada-47c7-9f57-c4453de21297@group-74E1530C603F: changes role from      null to FOLLOWER at term 0 for startAsFollower
2021-08-04 04:53:01,562 [pool-212-thread-1] INFO  impl.RoleInfo (RoleInfo.java:updateAndGet(130)) - 387044f6-9ada-47c7-9f57-c4453de21297: start 387044f6-9ada-47c7-9f57-c4453de21297@group-74E1530C603F-FollowerState
2021-08-04 04:53:01,562 [pool-212-thread-1] INFO  util.JmxRegister (JmxRegister.java:tryRegister(44)) - Successfully registered JMX Bean with object name Ratis:service=RaftServer,group=group-74E1530C603F,id=387044f6-9ada-47c7-9f57-c4453de21297
2021-08-04 04:53:01,564 [Command processor thread] INFO  ratis.XceiverServerRatis (XceiverServerRatis.java:addGroup(759)) - Created group PipelineID=e34c8042-5bc0-4086-b5df-74e1530c603f
2021-08-04 04:53:01,564 [Command processor thread] INFO  commandhandler.CreatePipelineCommandHandler (CreatePipelineCommandHandler.java:handle(106)) - Created Pipeline RATIS ONE PipelineID=e34c8042-5bc0-4086-b5df-74e1530c603f.
2021-08-04 04:53:01,656 [EventQueue-OpenPipelineForHealthyPipelineSafeModeRule] INFO  safemode.SCMSafeModeManager (HealthyPipelineSafeModeRule.java:process(124)) - SCM in safe mode. Healthy pipelines reported count is 0, required healthy pipeline reported count is 1
2021-08-04 04:53:01,857 [Command processor thread] INFO  server.RaftServer (RaftServerProxy.java:addNew(95)) - 8a31fd49-3da4-4fd9-acfc-b2bde89e3d95: addNew group-A4C91B0C17F2:[8a31fd49-3da4-4fd9-acfc-b2bde89e3d95|rpc:10.1.0.14:37907|priority:1] returns group-A4C91B0C17F2:java.util.concurrent.CompletableFuture@264c91d4[Not completed]
2021-08-04 04:53:01,858 [pool-194-thread-1] INFO  server.RaftServer$Division (RaftServerImpl.java:<init>(181)) - 8a31fd49-3da4-4fd9-acfc-b2bde89e3d95: new RaftServerImpl for group-A4C91B0C17F2:[8a31fd49-3da4-4fd9-acfc-b2bde89e3d95|rpc:10.1.0.14:37907|priority:1] with ContainerStateMachine:uninitialized
2021-08-04 04:53:01,858 [pool-194-thread-1] INFO  server.RaftServerConfigKeys (ConfUtils.java:logGet(44)) - raft.server.rpc.timeout.min = 5s (custom)
2021-08-04 04:53:01,858 [pool-194-thread-1] INFO  server.RaftServerConfigKeys (ConfUtils.java:logGet(44)) - raft.server.rpc.timeout.max = 5200ms (custom)
2021-08-04 04:53:01,858 [pool-194-thread-1] INFO  server.RaftServerConfigKeys (ConfUtils.java:logGet(44)) - raft.server.rpc.sleep.time = 25ms (default)
2021-08-04 04:53:01,858 [pool-194-thread-1] INFO  server.RaftServerConfigKeys (ConfUtils.java:logGet(44)) - raft.server.rpc.slowness.timeout = 300s (custom)
2021-08-04 04:53:01,859 [pool-194-thread-1] INFO  server.RaftServerConfigKeys (ConfUtils.java:logGet(44)) - raft.server.leaderelection.leader.step-down.wait-time = 10s (default)
2021-08-04 04:53:01,859 [pool-194-thread-1] INFO  server.RaftServerConfigKeys (ConfUtils.java:logGet(44)) - raft.server.sleep.deviation.threshold = 300ms (default)
2021-08-04 04:53:01,859 [pool-194-thread-1] INFO  server.RaftServerConfigKeys (ConfUtils.java:logGet(44)) - raft.server.log.appender.install.snapshot.enabled = false (custom)
2021-08-04 04:53:01,859 [pool-194-thread-1] INFO  server.RaftServer$Division (ServerState.java:<init>(105)) - 8a31fd49-3da4-4fd9-acfc-b2bde89e3d95@group-A4C91B0C17F2: ConfigurationManager, init=-1: [8a31fd49-3da4-4fd9-acfc-b2bde89e3d95|rpc:10.1.0.14:37907|priority:1], old=null, confs=<EMPTY_MAP>
2021-08-04 04:53:01,859 [pool-194-thread-1] INFO  server.RaftServerConfigKeys (ConfUtils.java:logGet(44)) - raft.server.storage.dir = [/home/runner/work/ozone/ozone/mnt/ozone/hadoop-ozone/integration-test/target/test-dir/MiniOzoneClusterImpl-f8689e89-4432-43a3-ae55-b25b0dce3dad/datanode-0/data/ratis] (custom)
2021-08-04 04:53:01,859 [pool-194-thread-1] INFO  server.RaftServerConfigKeys (ConfUtils.java:logGet(44)) - raft.server.log.corruption.policy = EXCEPTION (default)
2021-08-04 04:53:01,859 [pool-194-thread-1] INFO  server.RaftServerConfigKeys (ConfUtils.java:logGet(44)) - raft.server.storage.free-space.min = 0MB (=0) (default)
2021-08-04 04:53:01,859 [pool-194-thread-1] INFO  storage.RaftStorageDirectory (RaftStorageDirectoryImpl.java:analyzeStorage(135)) - The storage directory /home/runner/work/ozone/ozone/mnt/ozone/hadoop-ozone/integration-test/target/test-dir/MiniOzoneClusterImpl-f8689e89-4432-43a3-ae55-b25b0dce3dad/datanode-0/data/ratis/65304c26-2da6-4d58-9f8d-a4c91b0c17f2 does not exist. Creating ...
2021-08-04 04:53:01,861 [pool-194-thread-1] INFO  storage.RaftStorageDirectory (RaftStorageDirectoryImpl.java:tryLock(230)) - Lock on /home/runner/work/ozone/ozone/mnt/ozone/hadoop-ozone/integration-test/target/test-dir/MiniOzoneClusterImpl-f8689e89-4432-43a3-ae55-b25b0dce3dad/datanode-0/data/ratis/65304c26-2da6-4d58-9f8d-a4c91b0c17f2/in_use.lock acquired by nodename 11023@fv-az291-261
2021-08-04 04:53:01,863 [pool-194-thread-1] INFO  storage.RaftStorage (RaftStorageImpl.java:format(89)) - Storage directory /home/runner/work/ozone/ozone/mnt/ozone/hadoop-ozone/integration-test/target/test-dir/MiniOzoneClusterImpl-f8689e89-4432-43a3-ae55-b25b0dce3dad/datanode-0/data/ratis/65304c26-2da6-4d58-9f8d-a4c91b0c17f2 has been successfully formatted.
2021-08-04 04:53:01,863 [Datanode State Machine Thread - 0] WARN  statemachine.StateContext (StateContext.java:execute(621)) - No available thread in pool for past 0 seconds.
2021-08-04 04:53:01,864 [pool-194-thread-1] INFO  ratis.ContainerStateMachine (ContainerStateMachine.java:loadSnapshot(223)) - group-A4C91B0C17F2: The snapshot info is null. Setting the last applied indexto:(t:0, i:~)
2021-08-04 04:53:01,865 [EventQueue-PipelineReportForPipelineReportHandler] INFO  pipeline.PipelineManagerV2Impl (PipelineManagerV2Impl.java:openPipeline(283)) - Pipeline Pipeline[ Id: 65304c26-2da6-4d58-9f8d-a4c91b0c17f2, Nodes: 8a31fd49-3da4-4fd9-acfc-b2bde89e3d95{ip: 10.1.0.14, host: fv-az291-261.wgnan5asplgejimfprtllbpdch.jx.internal.cloudapp.net, ports: [REPLICATION=38125, RATIS=37907, RATIS_ADMIN=37907, RATIS_SERVER=37907, STANDALONE=42413], networkLocation: /default-rack, certSerialId: null, persistedOpState: IN_SERVICE, persistedOpStateExpiryEpochSec: 0}, ReplicationConfig: RATIS/ONE, State:ALLOCATED, leaderId:8a31fd49-3da4-4fd9-acfc-b2bde89e3d95, CreationTimestamp2021-08-04T04:52:59.862Z[Etc/UTC]] moved to OPEN state
2021-08-04 04:53:01,865 [EventQueue-OpenPipelineForHealthyPipelineSafeModeRule] INFO  safemode.SCMSafeModeManager (HealthyPipelineSafeModeRule.java:process(124)) - SCM in safe mode. Healthy pipelines reported count is 0, required healthy pipeline reported count is 1
2021-08-04 04:53:01,865 [pool-194-thread-1] INFO  server.RaftServerConfigKeys (ConfUtils.java:logGet(44)) - raft.server.notification.no-leader.timeout = 300s (custom)
2021-08-04 04:53:01,865 [pool-194-thread-1] INFO  server.RaftServerConfigKeys (ConfUtils.java:logGet(44)) - raft.server.log.use.memory = false (default)
2021-08-04 04:53:01,865 [pool-194-thread-1] INFO  server.RaftServerConfigKeys (ConfUtils.java:logGet(44)) - raft.server.log.purge.gap = 1000000 (custom)
2021-08-04 04:53:01,865 [pool-194-thread-1] INFO  server.RaftServerConfigKeys (ConfUtils.java:logGet(44)) - raft.server.log.appender.buffer.byte-limit = 33554432 (custom)
2021-08-04 04:53:01,865 [pool-194-thread-1] INFO  server.RaftServerConfigKeys (ConfUtils.java:logGet(44)) - raft.server.log.segment.size.max = 1048576 (custom)
2021-08-04 04:53:01,866 [pool-194-thread-1] INFO  server.RaftServerConfigKeys (ConfUtils.java:logGet(44)) - raft.server.log.segment.cache.num.max = 2 (custom)
2021-08-04 04:53:01,866 [pool-194-thread-1] INFO  server.RaftServerConfigKeys (ConfUtils.java:logGet(44)) - raft.server.log.segment.cache.size.max = 200MB (=209715200) (default)
2021-08-04 04:53:01,866 [pool-194-thread-1] INFO  segmented.SegmentedRaftLogWorker (SegmentedRaftLogWorker.java:<init>(182)) - new 8a31fd49-3da4-4fd9-acfc-b2bde89e3d95@group-A4C91B0C17F2-SegmentedRaftLogWorker for RaftStorageImpl:Storage Directory /home/runner/work/ozone/ozone/mnt/ozone/hadoop-ozone/integration-test/target/test-dir/MiniOzoneClusterImpl-f8689e89-4432-43a3-ae55-b25b0dce3dad/datanode-0/data/ratis/65304c26-2da6-4d58-9f8d-a4c91b0c17f2
2021-08-04 04:53:01,866 [pool-194-thread-1] INFO  server.RaftServerConfigKeys (ConfUtils.java:logGet(44)) - raft.server.log.queue.byte-limit = 2147483647 (custom)
2021-08-04 04:53:01,866 [pool-194-thread-1] INFO  server.RaftServerConfigKeys (ConfUtils.java:logGet(44)) - raft.server.log.queue.element-limit = 1024 (custom)
2021-08-04 04:53:01,866 [pool-194-thread-1] INFO  server.RaftServerConfigKeys (ConfUtils.java:logGet(44)) - raft.server.log.segment.size.max = 1048576 (custom)
2021-08-04 04:53:01,866 [pool-194-thread-1] INFO  server.RaftServerConfigKeys (ConfUtils.java:logGet(44)) - raft.server.log.preallocated.size = 16384 (custom)
2021-08-04 04:53:01,866 [pool-194-thread-1] INFO  server.RaftServerConfigKeys (ConfUtils.java:logGet(44)) - raft.server.log.force.sync.num = 128 (default)
2021-08-04 04:53:01,866 [pool-194-thread-1] INFO  server.RaftServerConfigKeys (ConfUtils.java:logGet(44)) - raft.server.log.statemachine.data.sync = true (default)
2021-08-04 04:53:01,866 [pool-194-thread-1] INFO  server.RaftServerConfigKeys (ConfUtils.java:logGet(44)) - raft.server.log.statemachine.data.sync.timeout = 10s (default)
2021-08-04 04:53:01,867 [pool-194-thread-1] INFO  server.RaftServerConfigKeys (ConfUtils.java:logGet(44)) - raft.server.log.statemachine.data.sync.timeout.retry = -1 (default)
2021-08-04 04:53:01,867 [pool-194-thread-1] INFO  server.RaftServerConfigKeys (ConfUtils.java:logGet(44)) - raft.server.log.write.buffer.size = 1048576 (custom)
2021-08-04 04:53:01,868 [pool-194-thread-1] INFO  server.RaftServerConfigKeys (ConfUtils.java:logGet(44)) - raft.server.log.statemachine.data.caching.enabled = true (custom)
2021-08-04 04:53:01,868 [pool-194-thread-1] INFO  segmented.SegmentedRaftLogWorker (SegmentedRaftLogWorker.java:lambda$new$0(133)) - 8a31fd49-3da4-4fd9-acfc-b2bde89e3d95@group-A4C91B0C17F2-SegmentedRaftLogWorker: flushIndex: setUnconditionally 0 -> -1
2021-08-04 04:53:01,868 [pool-194-thread-1] INFO  segmented.SegmentedRaftLogWorker (SegmentedRaftLogWorker.java:lambda$new$0(133)) - 8a31fd49-3da4-4fd9-acfc-b2bde89e3d95@group-A4C91B0C17F2-SegmentedRaftLogWorker: safeCacheEvictIndex: setUnconditionally 0 -> -1
2021-08-04 04:53:01,871 [pool-194-thread-1] INFO  server.RaftServerConfigKeys (ConfUtils.java:logGet(44)) - raft.server.snapshot.auto.trigger.enabled = true (custom)
2021-08-04 04:53:01,871 [pool-194-thread-1] INFO  server.RaftServerConfigKeys (ConfUtils.java:logGet(44)) - raft.server.snapshot.auto.trigger.threshold = 10000 (custom)
2021-08-04 04:53:01,871 [pool-194-thread-1] INFO  server.RaftServerConfigKeys (ConfUtils.java:logGet(44)) - raft.server.snapshot.retention.file.num = 5 (custom)
2021-08-04 04:53:01,871 [pool-194-thread-1] INFO  server.RaftServerConfigKeys (ConfUtils.java:logGet(44)) - raft.server.log.purge.upto.snapshot.index = false (default)
2021-08-04 04:53:01,871 [pool-194-thread-1] INFO  server.RaftServerConfigKeys (ConfUtils.java:logGet(44)) - raft.server.retrycache.expirytime = 600000ms (custom)
2021-08-04 04:53:01,871 [pool-194-thread-1] INFO  server.RaftServerConfigKeys (ConfUtils.java:logGet(44)) - raft.server.retrycache.statistics.expirytime = 100μs (default)
2021-08-04 04:53:01,872 [pool-194-thread-1] INFO  server.RaftServer$Division (RaftServerImpl.java:start(296)) - 8a31fd49-3da4-4fd9-acfc-b2bde89e3d95@group-A4C91B0C17F2: start as a follower, conf=-1: [8a31fd49-3da4-4fd9-acfc-b2bde89e3d95|rpc:10.1.0.14:37907|priority:1], old=null
2021-08-04 04:53:01,872 [pool-194-thread-1] INFO  server.RaftServer$Division (RaftServerImpl.java:setRole(285)) - 8a31fd49-3da4-4fd9-acfc-b2bde89e3d95@group-A4C91B0C17F2: changes role from      null to FOLLOWER at term 0 for startAsFollower
2021-08-04 04:53:01,872 [pool-194-thread-1] INFO  impl.RoleInfo (RoleInfo.java:updateAndGet(130)) - 8a31fd49-3da4-4fd9-acfc-b2bde89e3d95: start 8a31fd49-3da4-4fd9-acfc-b2bde89e3d95@group-A4C91B0C17F2-FollowerState
2021-08-04 04:53:01,879 [pool-194-thread-1] INFO  util.JmxRegister (JmxRegister.java:tryRegister(44)) - Successfully registered JMX Bean with object name Ratis:service=RaftServer,group=group-A4C91B0C17F2,id=8a31fd49-3da4-4fd9-acfc-b2bde89e3d95
2021-08-04 04:53:01,879 [Command processor thread] INFO  ratis.XceiverServerRatis (XceiverServerRatis.java:addGroup(759)) - Created group PipelineID=65304c26-2da6-4d58-9f8d-a4c91b0c17f2
2021-08-04 04:53:01,879 [Command processor thread] INFO  commandhandler.CreatePipelineCommandHandler (CreatePipelineCommandHandler.java:handle(106)) - Created Pipeline RATIS ONE PipelineID=65304c26-2da6-4d58-9f8d-a4c91b0c17f2.
2021-08-04 04:53:01,886 [Listener at 0.0.0.0/43893] INFO  ozone.MiniOzoneClusterImpl (MiniOzoneClusterImpl.java:lambda$waitForClusterToBeReady$0(235)) - Nodes are ready. Got 3 of 3 DN Heartbeats.
2021-08-04 04:53:01,886 [Listener at 0.0.0.0/43893] INFO  ozone.MiniOzoneClusterImpl (MiniOzoneClusterImpl.java:lambda$waitForClusterToBeReady$0(238)) - Waiting for cluster to exit safe mode
2021-08-04 04:53:01,886 [Listener at 0.0.0.0/43893] INFO  ozone.MiniOzoneClusterImpl (MiniOzoneClusterImpl.java:lambda$waitForClusterToBeReady$0(240)) - SCM became leader
2021-08-04 04:53:02,364 [EventQueue-OpenPipelineForHealthyPipelineSafeModeRule] INFO  safemode.SCMSafeModeManager (HealthyPipelineSafeModeRule.java:process(124)) - SCM in safe mode. Healthy pipelines reported count is 0, required healthy pipeline reported count is 1
2021-08-04 04:53:02,655 [EventQueue-OpenPipelineForHealthyPipelineSafeModeRule] INFO  safemode.SCMSafeModeManager (HealthyPipelineSafeModeRule.java:process(124)) - SCM in safe mode. Healthy pipelines reported count is 0, required healthy pipeline reported count is 1
2021-08-04 04:53:02,886 [Listener at 0.0.0.0/43893] INFO  ozone.MiniOzoneClusterImpl (MiniOzoneClusterImpl.java:lambda$waitForClusterToBeReady$0(235)) - Nodes are ready. Got 3 of 3 DN Heartbeats.
2021-08-04 04:53:02,886 [Listener at 0.0.0.0/43893] INFO  ozone.MiniOzoneClusterImpl (MiniOzoneClusterImpl.java:lambda$waitForClusterToBeReady$0(238)) - Waiting for cluster to exit safe mode
2021-08-04 04:53:02,886 [Listener at 0.0.0.0/43893] INFO  ozone.MiniOzoneClusterImpl (MiniOzoneClusterImpl.java:lambda$waitForClusterToBeReady$0(240)) - SCM became leader
2021-08-04 04:53:03,059 [EventQueue-OpenPipelineForHealthyPipelineSafeModeRule] INFO  safemode.SCMSafeModeManager (HealthyPipelineSafeModeRule.java:process(124)) - SCM in safe mode. Healthy pipelines reported count is 0, required healthy pipeline reported count is 1
2021-08-04 04:53:03,865 [EventQueue-OpenPipelineForHealthyPipelineSafeModeRule] INFO  safemode.SCMSafeModeManager (HealthyPipelineSafeModeRule.java:process(124)) - SCM in safe mode. Healthy pipelines reported count is 0, required healthy pipeline reported count is 1
2021-08-04 04:53:03,887 [Listener at 0.0.0.0/43893] INFO  ozone.MiniOzoneClusterImpl (MiniOzoneClusterImpl.java:lambda$waitForClusterToBeReady$0(235)) - Nodes are ready. Got 3 of 3 DN Heartbeats.
2021-08-04 04:53:03,887 [Listener at 0.0.0.0/43893] INFO  ozone.MiniOzoneClusterImpl (MiniOzoneClusterImpl.java:lambda$waitForClusterToBeReady$0(238)) - Waiting for cluster to exit safe mode
2021-08-04 04:53:03,887 [Listener at 0.0.0.0/43893] INFO  ozone.MiniOzoneClusterImpl (MiniOzoneClusterImpl.java:lambda$waitForClusterToBeReady$0(240)) - SCM became leader
2021-08-04 04:53:04,155 [EventQueue-OpenPipelineForHealthyPipelineSafeModeRule] INFO  safemode.SCMSafeModeManager (HealthyPipelineSafeModeRule.java:process(124)) - SCM in safe mode. Healthy pipelines reported count is 0, required healthy pipeline reported count is 1
2021-08-04 04:53:04,560 [EventQueue-OpenPipelineForHealthyPipelineSafeModeRule] INFO  safemode.SCMSafeModeManager (HealthyPipelineSafeModeRule.java:process(124)) - SCM in safe mode. Healthy pipelines reported count is 0, required healthy pipeline reported count is 1
2021-08-04 04:53:04,887 [Listener at 0.0.0.0/43893] INFO  ozone.MiniOzoneClusterImpl (MiniOzoneClusterImpl.java:lambda$waitForClusterToBeReady$0(235)) - Nodes are ready. Got 3 of 3 DN Heartbeats.
2021-08-04 04:53:04,887 [Listener at 0.0.0.0/43893] INFO  ozone.MiniOzoneClusterImpl (MiniOzoneClusterImpl.java:lambda$waitForClusterToBeReady$0(238)) - Waiting for cluster to exit safe mode
2021-08-04 04:53:04,887 [Listener at 0.0.0.0/43893] INFO  ozone.MiniOzoneClusterImpl (MiniOzoneClusterImpl.java:lambda$waitForClusterToBeReady$0(240)) - SCM became leader
2021-08-04 04:53:05,365 [EventQueue-OpenPipelineForHealthyPipelineSafeModeRule] INFO  safemode.SCMSafeModeManager (HealthyPipelineSafeModeRule.java:process(124)) - SCM in safe mode. Healthy pipelines reported count is 0, required healthy pipeline reported count is 1
2021-08-04 04:53:05,657 [EventQueue-OpenPipelineForHealthyPipelineSafeModeRule] INFO  safemode.SCMSafeModeManager (HealthyPipelineSafeModeRule.java:process(124)) - SCM in safe mode. Healthy pipelines reported count is 0, required healthy pipeline reported count is 1
2021-08-04 04:53:05,728 [3b35e8af-4420-4337-880c-bcb538b04dba@group-39BBDEC9243B-FollowerState] INFO  impl.FollowerState (FollowerState.java:run(134)) - 3b35e8af-4420-4337-880c-bcb538b04dba@group-39BBDEC9243B-FollowerState: change to CANDIDATE, lastRpcElapsedTime:5067988786ns, electionTimeout:5061ms
2021-08-04 04:53:05,728 [3b35e8af-4420-4337-880c-bcb538b04dba@group-39BBDEC9243B-FollowerState] INFO  impl.RoleInfo (RoleInfo.java:shutdownFollowerState(108)) - 3b35e8af-4420-4337-880c-bcb538b04dba: shutdown 3b35e8af-4420-4337-880c-bcb538b04dba@group-39BBDEC9243B-FollowerState
2021-08-04 04:53:05,728 [3b35e8af-4420-4337-880c-bcb538b04dba@group-39BBDEC9243B-FollowerState] INFO  server.RaftServer$Division (RaftServerImpl.java:setRole(285)) - 3b35e8af-4420-4337-880c-bcb538b04dba@group-39BBDEC9243B: changes role from  FOLLOWER to CANDIDATE at term 0 for changeToCandidate
2021-08-04 04:53:05,728 [3b35e8af-4420-4337-880c-bcb538b04dba@group-39BBDEC9243B-FollowerState] INFO  server.RaftServerConfigKeys (ConfUtils.java:logGet(44)) - raft.server.leaderelection.pre-vote = false (custom)
2021-08-04 04:53:05,728 [3b35e8af-4420-4337-880c-bcb538b04dba@group-39BBDEC9243B-FollowerState] INFO  impl.RoleInfo (RoleInfo.java:updateAndGet(130)) - 3b35e8af-4420-4337-880c-bcb538b04dba: start 3b35e8af-4420-4337-880c-bcb538b04dba@group-39BBDEC9243B-LeaderElection22
2021-08-04 04:53:05,732 [3b35e8af-4420-4337-880c-bcb538b04dba@group-39BBDEC9243B-LeaderElection22] INFO  impl.LeaderElection (LeaderElection.java:askForVotes(306)) - 3b35e8af-4420-4337-880c-bcb538b04dba@group-39BBDEC9243B-LeaderElection22 ELECTION round 0: submit vote requests at term 1 for -1: [3b35e8af-4420-4337-880c-bcb538b04dba|rpc:10.1.0.14:40083|priority:0, 387044f6-9ada-47c7-9f57-c4453de21297|rpc:10.1.0.14:39215|priority:1, 8a31fd49-3da4-4fd9-acfc-b2bde89e3d95|rpc:10.1.0.14:37907|priority:0], old=null
2021-08-04 04:53:05,753 [grpc-default-executor-5] INFO  server.RaftServer$Division (RaftServerImpl.java:requestVote(1043)) - 387044f6-9ada-47c7-9f57-c4453de21297@group-39BBDEC9243B: receive requestVote(ELECTION, 3b35e8af-4420-4337-880c-bcb538b04dba, group-39BBDEC9243B, 1, (t:0, i:0))
2021-08-04 04:53:05,753 [grpc-default-executor-5] INFO  impl.VoteContext (VoteContext.java:log(48)) - 387044f6-9ada-47c7-9f57-c4453de21297@group-39BBDEC9243B-FOLLOWER: reject ELECTION from 3b35e8af-4420-4337-880c-bcb538b04dba: our priority 1 > candidate's priority 0
2021-08-04 04:53:05,753 [grpc-default-executor-5] INFO  server.RaftServer$Division (RaftServerImpl.java:setRole(285)) - 387044f6-9ada-47c7-9f57-c4453de21297@group-39BBDEC9243B: changes role from  FOLLOWER to FOLLOWER at term 1 for candidate:3b35e8af-4420-4337-880c-bcb538b04dba
2021-08-04 04:53:05,753 [grpc-default-executor-5] INFO  impl.RoleInfo (RoleInfo.java:shutdownFollowerState(108)) - 387044f6-9ada-47c7-9f57-c4453de21297: shutdown 387044f6-9ada-47c7-9f57-c4453de21297@group-39BBDEC9243B-FollowerState
2021-08-04 04:53:05,753 [grpc-default-executor-5] INFO  impl.RoleInfo (RoleInfo.java:updateAndGet(130)) - 387044f6-9ada-47c7-9f57-c4453de21297: start 387044f6-9ada-47c7-9f57-c4453de21297@group-39BBDEC9243B-FollowerState
2021-08-04 04:53:05,753 [387044f6-9ada-47c7-9f57-c4453de21297@group-39BBDEC9243B-FollowerState] INFO  impl.FollowerState (FollowerState.java:run(143)) - 387044f6-9ada-47c7-9f57-c4453de21297@group-39BBDEC9243B-FollowerState was interrupted: {}
java.lang.InterruptedException: sleep interrupted
	at java.lang.Thread.sleep(Native Method)
	at java.lang.Thread.sleep(Thread.java:340)
	at java.util.concurrent.TimeUnit.sleep(TimeUnit.java:386)
	at org.apache.ratis.util.TimeDuration.sleep(TimeDuration.java:324)
	at org.apache.ratis.util.TimeDuration.sleep(TimeDuration.java:309)
	at org.apache.ratis.server.impl.FollowerState.run(FollowerState.java:118)
2021-08-04 04:53:05,755 [grpc-default-executor-3] INFO  server.RaftServer$Division (RaftServerImpl.java:requestVote(1043)) - 8a31fd49-3da4-4fd9-acfc-b2bde89e3d95@group-39BBDEC9243B: receive requestVote(ELECTION, 3b35e8af-4420-4337-880c-bcb538b04dba, group-39BBDEC9243B, 1, (t:0, i:0))
2021-08-04 04:53:05,755 [grpc-default-executor-3] INFO  impl.VoteContext (VoteContext.java:log(48)) - 8a31fd49-3da4-4fd9-acfc-b2bde89e3d95@group-39BBDEC9243B-FOLLOWER: accept ELECTION from 3b35e8af-4420-4337-880c-bcb538b04dba: our priority 0 <= candidate's priority 0
2021-08-04 04:53:05,755 [grpc-default-executor-3] INFO  server.RaftServer$Division (RaftServerImpl.java:setRole(285)) - 8a31fd49-3da4-4fd9-acfc-b2bde89e3d95@group-39BBDEC9243B: changes role from  FOLLOWER to FOLLOWER at term 1 for candidate:3b35e8af-4420-4337-880c-bcb538b04dba
2021-08-04 04:53:05,756 [grpc-default-executor-3] INFO  impl.RoleInfo (RoleInfo.java:shutdownFollowerState(108)) - 8a31fd49-3da4-4fd9-acfc-b2bde89e3d95: shutdown 8a31fd49-3da4-4fd9-acfc-b2bde89e3d95@group-39BBDEC9243B-FollowerState
2021-08-04 04:53:05,756 [grpc-default-executor-3] INFO  impl.RoleInfo (RoleInfo.java:updateAndGet(130)) - 8a31fd49-3da4-4fd9-acfc-b2bde89e3d95: start 8a31fd49-3da4-4fd9-acfc-b2bde89e3d95@group-39BBDEC9243B-FollowerState
2021-08-04 04:53:05,756 [8a31fd49-3da4-4fd9-acfc-b2bde89e3d95@group-39BBDEC9243B-FollowerState] INFO  impl.FollowerState (FollowerState.java:run(143)) - 8a31fd49-3da4-4fd9-acfc-b2bde89e3d95@group-39BBDEC9243B-FollowerState was interrupted: {}
java.lang.InterruptedException: sleep interrupted
	at java.lang.Thread.sleep(Native Method)
	at java.lang.Thread.sleep(Thread.java:340)
	at java.util.concurrent.TimeUnit.sleep(TimeUnit.java:386)
	at org.apache.ratis.util.TimeDuration.sleep(TimeDuration.java:324)
	at org.apache.ratis.util.TimeDuration.sleep(TimeDuration.java:309)
	at org.apache.ratis.server.impl.FollowerState.run(FollowerState.java:118)
2021-08-04 04:53:05,757 [grpc-default-executor-5] INFO  server.RaftServer$Division (RaftServerImpl.java:requestVote(1075)) - 387044f6-9ada-47c7-9f57-c4453de21297@group-39BBDEC9243B replies to ELECTION vote request: 3b35e8af-4420-4337-880c-bcb538b04dba<-387044f6-9ada-47c7-9f57-c4453de21297#0:FAIL-t1. Peer's state: 387044f6-9ada-47c7-9f57-c4453de21297@group-39BBDEC9243B:t1, leader=null, voted=null, raftlog=387044f6-9ada-47c7-9f57-c4453de21297@group-39BBDEC9243B-SegmentedRaftLog:OPENED:c-1,f-1,i0, conf=-1: [3b35e8af-4420-4337-880c-bcb538b04dba|rpc:10.1.0.14:40083|dataStream:|priority:0, 387044f6-9ada-47c7-9f57-c4453de21297|rpc:10.1.0.14:39215|dataStream:|priority:1, 8a31fd49-3da4-4fd9-acfc-b2bde89e3d95|rpc:10.1.0.14:37907|dataStream:|priority:0], old=null
2021-08-04 04:53:05,758 [3b35e8af-4420-4337-880c-bcb538b04dba@group-39BBDEC9243B-LeaderElection22] INFO  impl.LeaderElection (LeaderElection.java:logAndReturn(89)) - 3b35e8af-4420-4337-880c-bcb538b04dba@group-39BBDEC9243B-LeaderElection22: ELECTION REJECTED received 1 response(s) and 0 exception(s):
2021-08-04 04:53:05,758 [3b35e8af-4420-4337-880c-bcb538b04dba@group-39BBDEC9243B-LeaderElection22] INFO  impl.LeaderElection (LeaderElection.java:logAndReturn(93)) -   Response 0: 3b35e8af-4420-4337-880c-bcb538b04dba<-387044f6-9ada-47c7-9f57-c4453de21297#0:FAIL-t1
2021-08-04 04:53:05,758 [3b35e8af-4420-4337-880c-bcb538b04dba@group-39BBDEC9243B-LeaderElection22] INFO  impl.LeaderElection (LeaderElection.java:askForVotes(308)) - 3b35e8af-4420-4337-880c-bcb538b04dba@group-39BBDEC9243B-LeaderElection22 ELECTION round 0: result REJECTED
2021-08-04 04:53:05,758 [3b35e8af-4420-4337-880c-bcb538b04dba@group-39BBDEC9243B-LeaderElection22] INFO  server.RaftServer$Division (RaftServerImpl.java:setRole(285)) - 3b35e8af-4420-4337-880c-bcb538b04dba@group-39BBDEC9243B: changes role from CANDIDATE to FOLLOWER at term 1 for REJECTED
2021-08-04 04:53:05,758 [3b35e8af-4420-4337-880c-bcb538b04dba@group-39BBDEC9243B-LeaderElection22] INFO  impl.RoleInfo (RoleInfo.java:shutdownLeaderElection(121)) - 3b35e8af-4420-4337-880c-bcb538b04dba: shutdown 3b35e8af-4420-4337-880c-bcb538b04dba@group-39BBDEC9243B-LeaderElection22
2021-08-04 04:53:05,758 [3b35e8af-4420-4337-880c-bcb538b04dba@group-39BBDEC9243B-LeaderElection22] INFO  impl.RoleInfo (RoleInfo.java:updateAndGet(130)) - 3b35e8af-4420-4337-880c-bcb538b04dba: start 3b35e8af-4420-4337-880c-bcb538b04dba@group-39BBDEC9243B-FollowerState
2021-08-04 04:53:05,759 [grpc-default-executor-3] INFO  server.RaftServer$Division (RaftServerImpl.java:requestVote(1075)) - 8a31fd49-3da4-4fd9-acfc-b2bde89e3d95@group-39BBDEC9243B replies to ELECTION vote request: 3b35e8af-4420-4337-880c-bcb538b04dba<-8a31fd49-3da4-4fd9-acfc-b2bde89e3d95#0:OK-t1. Peer's state: 8a31fd49-3da4-4fd9-acfc-b2bde89e3d95@group-39BBDEC9243B:t1, leader=null, voted=3b35e8af-4420-4337-880c-bcb538b04dba, raftlog=8a31fd49-3da4-4fd9-acfc-b2bde89e3d95@group-39BBDEC9243B-SegmentedRaftLog:OPENED:c-1,f-1,i0, conf=-1: [3b35e8af-4420-4337-880c-bcb538b04dba|rpc:10.1.0.14:40083|dataStream:|priority:0, 387044f6-9ada-47c7-9f57-c4453de21297|rpc:10.1.0.14:39215|dataStream:|priority:1, 8a31fd49-3da4-4fd9-acfc-b2bde89e3d95|rpc:10.1.0.14:37907|dataStream:|priority:0], old=null
2021-08-04 04:53:05,799 [3b35e8af-4420-4337-880c-bcb538b04dba@group-DD69081E450C-FollowerState] INFO  impl.FollowerState (FollowerState.java:run(134)) - 3b35e8af-4420-4337-880c-bcb538b04dba@group-DD69081E450C-FollowerState: change to CANDIDATE, lastRpcElapsedTime:5154972542ns, electionTimeout:5154ms
2021-08-04 04:53:05,799 [3b35e8af-4420-4337-880c-bcb538b04dba@group-DD69081E450C-FollowerState] INFO  impl.RoleInfo (RoleInfo.java:shutdownFollowerState(108)) - 3b35e8af-4420-4337-880c-bcb538b04dba: shutdown 3b35e8af-4420-4337-880c-bcb538b04dba@group-DD69081E450C-FollowerState
2021-08-04 04:53:05,800 [3b35e8af-4420-4337-880c-bcb538b04dba@group-DD69081E450C-FollowerState] INFO  server.RaftServer$Division (RaftServerImpl.java:setRole(285)) - 3b35e8af-4420-4337-880c-bcb538b04dba@group-DD69081E450C: changes role from  FOLLOWER to CANDIDATE at term 0 for changeToCandidate
2021-08-04 04:53:05,800 [3b35e8af-4420-4337-880c-bcb538b04dba@group-DD69081E450C-FollowerState] INFO  server.RaftServerConfigKeys (ConfUtils.java:logGet(44)) - raft.server.leaderelection.pre-vote = false (custom)
2021-08-04 04:53:05,800 [3b35e8af-4420-4337-880c-bcb538b04dba@group-DD69081E450C-FollowerState] INFO  impl.RoleInfo (RoleInfo.java:updateAndGet(130)) - 3b35e8af-4420-4337-880c-bcb538b04dba: start 3b35e8af-4420-4337-880c-bcb538b04dba@group-DD69081E450C-LeaderElection23
2021-08-04 04:53:05,809 [3b35e8af-4420-4337-880c-bcb538b04dba@group-DD69081E450C-LeaderElection23] INFO  impl.LeaderElection (LeaderElection.java:askForVotes(306)) - 3b35e8af-4420-4337-880c-bcb538b04dba@group-DD69081E450C-LeaderElection23 ELECTION round 0: submit vote requests at term 1 for -1: [3b35e8af-4420-4337-880c-bcb538b04dba|rpc:10.1.0.14:40083|priority:1], old=null
2021-08-04 04:53:05,809 [3b35e8af-4420-4337-880c-bcb538b04dba@group-DD69081E450C-LeaderElection23] INFO  impl.LeaderElection (LeaderElection.java:askForVotes(308)) - 3b35e8af-4420-4337-880c-bcb538b04dba@group-DD69081E450C-LeaderElection23 ELECTION round 0: result PASSED (term=1)
2021-08-04 04:53:05,809 [3b35e8af-4420-4337-880c-bcb538b04dba@group-DD69081E450C-LeaderElection23] INFO  impl.RoleInfo (RoleInfo.java:shutdownLeaderElection(121)) - 3b35e8af-4420-4337-880c-bcb538b04dba: shutdown 3b35e8af-4420-4337-880c-bcb538b04dba@group-DD69081E450C-LeaderElection23
2021-08-04 04:53:05,809 [3b35e8af-4420-4337-880c-bcb538b04dba@group-DD69081E450C-LeaderElection23] INFO  server.RaftServer$Division (RaftServerImpl.java:setRole(285)) - 3b35e8af-4420-4337-880c-bcb538b04dba@group-DD69081E450C: changes role from CANDIDATE to LEADER at term 1 for changeToLeader
2021-08-04 04:53:05,809 [3b35e8af-4420-4337-880c-bcb538b04dba@group-DD69081E450C-LeaderElection23] INFO  ratis.XceiverServerRatis (XceiverServerRatis.java:handleLeaderChangedNotification(857)) - Leader change notification received for group: group-DD69081E450C with new leaderId: 3b35e8af-4420-4337-880c-bcb538b04dba
2021-08-04 04:53:05,810 [3b35e8af-4420-4337-880c-bcb538b04dba@group-DD69081E450C-LeaderElection23] INFO  server.RaftServer$Division (ServerState.java:setLeader(285)) - 3b35e8af-4420-4337-880c-bcb538b04dba@group-DD69081E450C: change Leader from null to 3b35e8af-4420-4337-880c-bcb538b04dba at term 1 for becomeLeader, leader elected after 5170ms
2021-08-04 04:53:05,810 [3b35e8af-4420-4337-880c-bcb538b04dba@group-DD69081E450C-LeaderElection23] INFO  server.RaftServerConfigKeys (ConfUtils.java:logGet(44)) - raft.server.staging.catchup.gap = 1000 (default)
2021-08-04 04:53:05,810 [Datanode State Machine Thread - 0] WARN  statemachine.StateContext (StateContext.java:execute(621)) - No available thread in pool for past 0 seconds.
2021-08-04 04:53:05,815 [EventQueue-OpenPipelineForHealthyPipelineSafeModeRule] INFO  safemode.SCMSafeModeManager (HealthyPipelineSafeModeRule.java:process(124)) - SCM in safe mode. Healthy pipelines reported count is 0, required healthy pipeline reported count is 1
2021-08-04 04:53:05,816 [3b35e8af-4420-4337-880c-bcb538b04dba@group-DD69081E450C-LeaderElection23] INFO  server.RaftServerConfigKeys (ConfUtils.java:logGet(44)) - raft.server.write.element-limit = 1024 (custom)
2021-08-04 04:53:05,816 [3b35e8af-4420-4337-880c-bcb538b04dba@group-DD69081E450C-LeaderElection23] INFO  server.RaftServerConfigKeys (ConfUtils.java:logGet(44)) - raft.server.write.byte-limit = 1073741824 (custom)
2021-08-04 04:53:05,816 [3b35e8af-4420-4337-880c-bcb538b04dba@group-DD69081E450C-LeaderElection23] INFO  server.RaftServerConfigKeys (ConfUtils.java:logGet(44)) - raft.server.watch.timeout = 180s (custom)
2021-08-04 04:53:05,816 [3b35e8af-4420-4337-880c-bcb538b04dba@group-DD69081E450C-LeaderElection23] INFO  server.RaftServerConfigKeys (ConfUtils.java:logGet(44)) - raft.server.watch.timeout.denomination = 1s (default)
2021-08-04 04:53:05,816 [3b35e8af-4420-4337-880c-bcb538b04dba@group-DD69081E450C-LeaderElection23] INFO  server.RaftServerConfigKeys (ConfUtils.java:logGet(44)) - raft.server.watch.element-limit = 65536 (default)
2021-08-04 04:53:05,817 [3b35e8af-4420-4337-880c-bcb538b04dba@group-DD69081E450C-LeaderElection23] INFO  impl.RoleInfo (RoleInfo.java:updateAndGet(130)) - 3b35e8af-4420-4337-880c-bcb538b04dba: start 3b35e8af-4420-4337-880c-bcb538b04dba@group-DD69081E450C-LeaderStateImpl
2021-08-04 04:53:05,817 [3b35e8af-4420-4337-880c-bcb538b04dba@group-DD69081E450C-LeaderElection23] INFO  segmented.SegmentedRaftLogWorker (SegmentedRaftLogWorker.java:startLogSegment(394)) - 3b35e8af-4420-4337-880c-bcb538b04dba@group-DD69081E450C-SegmentedRaftLogWorker: Starting segment from index:0
2021-08-04 04:53:05,818 [3b35e8af-4420-4337-880c-bcb538b04dba@group-DD69081E450C-LeaderElection23] INFO  server.RaftServer$Division (ServerState.java:setRaftConf(387)) - 3b35e8af-4420-4337-880c-bcb538b04dba@group-DD69081E450C: set configuration 0: [3b35e8af-4420-4337-880c-bcb538b04dba|rpc:10.1.0.14:40083|dataStream:|priority:1], old=null
2021-08-04 04:53:05,818 [3b35e8af-4420-4337-880c-bcb538b04dba@group-DD69081E450C-SegmentedRaftLogWorker] INFO  segmented.SegmentedRaftLogWorker (SegmentedRaftLogWorker.java:execute(601)) - 3b35e8af-4420-4337-880c-bcb538b04dba@group-DD69081E450C-SegmentedRaftLogWorker: created new log segment /home/runner/work/ozone/ozone/mnt/ozone/hadoop-ozone/integration-test/target/test-dir/MiniOzoneClusterImpl-f8689e89-4432-43a3-ae55-b25b0dce3dad/datanode-2/data/ratis/de5b46cd-9575-4562-a570-dd69081e450c/current/log_inprogress_0
2021-08-04 04:53:05,888 [Listener at 0.0.0.0/43893] INFO  ozone.MiniOzoneClusterImpl (MiniOzoneClusterImpl.java:lambda$waitForClusterToBeReady$0(235)) - Nodes are ready. Got 3 of 3 DN Heartbeats.
2021-08-04 04:53:05,888 [Listener at 0.0.0.0/43893] INFO  ozone.MiniOzoneClusterImpl (MiniOzoneClusterImpl.java:lambda$waitForClusterToBeReady$0(238)) - Waiting for cluster to exit safe mode
2021-08-04 04:53:05,888 [Listener at 0.0.0.0/43893] INFO  ozone.MiniOzoneClusterImpl (MiniOzoneClusterImpl.java:lambda$waitForClusterToBeReady$0(240)) - SCM became leader
2021-08-04 04:53:06,365 [EventQueue-OpenPipelineForHealthyPipelineSafeModeRule] INFO  safemode.SCMSafeModeManager (HealthyPipelineSafeModeRule.java:process(124)) - SCM in safe mode. Healthy pipelines reported count is 0, required healthy pipeline reported count is 1
2021-08-04 04:53:06,560 [EventQueue-OpenPipelineForHealthyPipelineSafeModeRule] INFO  safemode.SCMSafeModeManager (HealthyPipelineSafeModeRule.java:process(124)) - SCM in safe mode. Healthy pipelines reported count is 0, required healthy pipeline reported count is 1
2021-08-04 04:53:06,654 [387044f6-9ada-47c7-9f57-c4453de21297@group-74E1530C603F-FollowerState] INFO  impl.FollowerState (FollowerState.java:run(134)) - 387044f6-9ada-47c7-9f57-c4453de21297@group-74E1530C603F-FollowerState: change to CANDIDATE, lastRpcElapsedTime:5091833491ns, electionTimeout:5091ms
2021-08-04 04:53:06,654 [387044f6-9ada-47c7-9f57-c4453de21297@group-74E1530C603F-FollowerState] INFO  impl.RoleInfo (RoleInfo.java:shutdownFollowerState(108)) - 387044f6-9ada-47c7-9f57-c4453de21297: shutdown 387044f6-9ada-47c7-9f57-c4453de21297@group-74E1530C603F-FollowerState
2021-08-04 04:53:06,654 [387044f6-9ada-47c7-9f57-c4453de21297@group-74E1530C603F-FollowerState] INFO  server.RaftServer$Division (RaftServerImpl.java:setRole(285)) - 387044f6-9ada-47c7-9f57-c4453de21297@group-74E1530C603F: changes role from  FOLLOWER to CANDIDATE at term 0 for changeToCandidate
2021-08-04 04:53:06,655 [387044f6-9ada-47c7-9f57-c4453de21297@group-74E1530C603F-FollowerState] INFO  server.RaftServerConfigKeys (ConfUtils.java:logGet(44)) - raft.server.leaderelection.pre-vote = false (custom)
2021-08-04 04:53:06,655 [387044f6-9ada-47c7-9f57-c4453de21297@group-74E1530C603F-FollowerState] INFO  impl.RoleInfo (RoleInfo.java:updateAndGet(130)) - 387044f6-9ada-47c7-9f57-c4453de21297: start 387044f6-9ada-47c7-9f57-c4453de21297@group-74E1530C603F-LeaderElection24
2021-08-04 04:53:06,658 [387044f6-9ada-47c7-9f57-c4453de21297@group-74E1530C603F-LeaderElection24] INFO  impl.LeaderElection (LeaderElection.java:askForVotes(306)) - 387044f6-9ada-47c7-9f57-c4453de21297@group-74E1530C603F-LeaderElection24 ELECTION round 0: submit vote requests at term 1 for -1: [387044f6-9ada-47c7-9f57-c4453de21297|rpc:10.1.0.14:39215|priority:1], old=null
2021-08-04 04:53:06,658 [387044f6-9ada-47c7-9f57-c4453de21297@group-74E1530C603F-LeaderElection24] INFO  impl.LeaderElection (LeaderElection.java:askForVotes(308)) - 387044f6-9ada-47c7-9f57-c4453de21297@group-74E1530C603F-LeaderElection24 ELECTION round 0: result PASSED (term=1)
2021-08-04 04:53:06,658 [387044f6-9ada-47c7-9f57-c4453de21297@group-74E1530C603F-LeaderElection24] INFO  impl.RoleInfo (RoleInfo.java:shutdownLeaderElection(121)) - 387044f6-9ada-47c7-9f57-c4453de21297: shutdown 387044f6-9ada-47c7-9f57-c4453de21297@group-74E1530C603F-LeaderElection24
2021-08-04 04:53:06,658 [387044f6-9ada-47c7-9f57-c4453de21297@group-74E1530C603F-LeaderElection24] INFO  server.RaftServer$Division (RaftServerImpl.java:setRole(285)) - 387044f6-9ada-47c7-9f57-c4453de21297@group-74E1530C603F: changes role from CANDIDATE to LEADER at term 1 for changeToLeader
2021-08-04 04:53:06,658 [387044f6-9ada-47c7-9f57-c4453de21297@group-74E1530C603F-LeaderElection24] INFO  ratis.XceiverServerRatis (XceiverServerRatis.java:handleLeaderChangedNotification(857)) - Leader change notification received for group: group-74E1530C603F with new leaderId: 387044f6-9ada-47c7-9f57-c4453de21297
2021-08-04 04:53:06,658 [387044f6-9ada-47c7-9f57-c4453de21297@group-74E1530C603F-LeaderElection24] INFO  server.RaftServer$Division (ServerState.java:setLeader(285)) - 387044f6-9ada-47c7-9f57-c4453de21297@group-74E1530C603F: change Leader from null to 387044f6-9ada-47c7-9f57-c4453de21297 at term 1 for becomeLeader, leader elected after 5100ms
2021-08-04 04:53:06,659 [387044f6-9ada-47c7-9f57-c4453de21297@group-74E1530C603F-LeaderElection24] INFO  server.RaftServerConfigKeys (ConfUtils.java:logGet(44)) - raft.server.staging.catchup.gap = 1000 (default)
2021-08-04 04:53:06,659 [387044f6-9ada-47c7-9f57-c4453de21297@group-74E1530C603F-LeaderElection24] INFO  server.RaftServerConfigKeys (ConfUtils.java:logGet(44)) - raft.server.write.element-limit = 1024 (custom)
2021-08-04 04:53:06,659 [387044f6-9ada-47c7-9f57-c4453de21297@group-74E1530C603F-LeaderElection24] INFO  server.RaftServerConfigKeys (ConfUtils.java:logGet(44)) - raft.server.write.byte-limit = 1073741824 (custom)
2021-08-04 04:53:06,659 [387044f6-9ada-47c7-9f57-c4453de21297@group-74E1530C603F-LeaderElection24] INFO  server.RaftServerConfigKeys (ConfUtils.java:logGet(44)) - raft.server.watch.timeout = 180s (custom)
2021-08-04 04:53:06,659 [387044f6-9ada-47c7-9f57-c4453de21297@group-74E1530C603F-LeaderElection24] INFO  server.RaftServerConfigKeys (ConfUtils.java:logGet(44)) - raft.server.watch.timeout.denomination = 1s (default)
2021-08-04 04:53:06,659 [Datanode State Machine Thread - 0] WARN  statemachine.StateContext (StateContext.java:execute(621)) - No available thread in pool for past 0 seconds.
2021-08-04 04:53:06,659 [387044f6-9ada-47c7-9f57-c4453de21297@group-74E1530C603F-LeaderElection24] INFO  server.RaftServerConfigKeys (ConfUtils.java:logGet(44)) - raft.server.watch.element-limit = 65536 (default)
2021-08-04 04:53:06,659 [387044f6-9ada-47c7-9f57-c4453de21297@group-74E1530C603F-LeaderElection24] INFO  impl.RoleInfo (RoleInfo.java:updateAndGet(130)) - 387044f6-9ada-47c7-9f57-c4453de21297: start 387044f6-9ada-47c7-9f57-c4453de21297@group-74E1530C603F-LeaderStateImpl
2021-08-04 04:53:06,660 [EventQueue-OpenPipelineForHealthyPipelineSafeModeRule] INFO  safemode.SCMSafeModeManager (HealthyPipelineSafeModeRule.java:process(124)) - SCM in safe mode. Healthy pipelines reported count is 0, required healthy pipeline reported count is 1
2021-08-04 04:53:06,660 [387044f6-9ada-47c7-9f57-c4453de21297@group-74E1530C603F-LeaderElection24] INFO  segmented.SegmentedRaftLogWorker (SegmentedRaftLogWorker.java:startLogSegment(394)) - 387044f6-9ada-47c7-9f57-c4453de21297@group-74E1530C603F-SegmentedRaftLogWorker: Starting segment from index:0
2021-08-04 04:53:06,662 [387044f6-9ada-47c7-9f57-c4453de21297@group-74E1530C603F-SegmentedRaftLogWorker] INFO  segmented.SegmentedRaftLogWorker (SegmentedRaftLogWorker.java:execute(601)) - 387044f6-9ada-47c7-9f57-c4453de21297@group-74E1530C603F-SegmentedRaftLogWorker: created new log segment /home/runner/work/ozone/ozone/mnt/ozone/hadoop-ozone/integration-test/target/test-dir/MiniOzoneClusterImpl-f8689e89-4432-43a3-ae55-b25b0dce3dad/datanode-1/data/ratis/e34c8042-5bc0-4086-b5df-74e1530c603f/current/log_inprogress_0
2021-08-04 04:53:06,664 [387044f6-9ada-47c7-9f57-c4453de21297@group-74E1530C603F-LeaderElection24] INFO  server.RaftServer$Division (ServerState.java:setRaftConf(387)) - 387044f6-9ada-47c7-9f57-c4453de21297@group-74E1530C603F: set configuration 0: [387044f6-9ada-47c7-9f57-c4453de21297|rpc:10.1.0.14:39215|dataStream:|priority:1], old=null
2021-08-04 04:53:06,811 [EventQueue-OpenPipelineForHealthyPipelineSafeModeRule] INFO  safemode.SCMSafeModeManager (HealthyPipelineSafeModeRule.java:process(124)) - SCM in safe mode. Healthy pipelines reported count is 0, required healthy pipeline reported count is 1
2021-08-04 04:53:06,888 [Listener at 0.0.0.0/43893] INFO  ozone.MiniOzoneClusterImpl (MiniOzoneClusterImpl.java:lambda$waitForClusterToBeReady$0(235)) - Nodes are ready. Got 3 of 3 DN Heartbeats.
2021-08-04 04:53:06,888 [Listener at 0.0.0.0/43893] INFO  ozone.MiniOzoneClusterImpl (MiniOzoneClusterImpl.java:lambda$waitForClusterToBeReady$0(238)) - Waiting for cluster to exit safe mode
2021-08-04 04:53:06,888 [Listener at 0.0.0.0/43893] INFO  ozone.MiniOzoneClusterImpl (MiniOzoneClusterImpl.java:lambda$waitForClusterToBeReady$0(240)) - SCM became leader
2021-08-04 04:53:06,958 [8a31fd49-3da4-4fd9-acfc-b2bde89e3d95@group-A4C91B0C17F2-FollowerState] INFO  impl.FollowerState (FollowerState.java:run(134)) - 8a31fd49-3da4-4fd9-acfc-b2bde89e3d95@group-A4C91B0C17F2-FollowerState: change to CANDIDATE, lastRpcElapsedTime:5085812760ns, electionTimeout:5079ms
2021-08-04 04:53:06,958 [8a31fd49-3da4-4fd9-acfc-b2bde89e3d95@group-A4C91B0C17F2-FollowerState] INFO  impl.RoleInfo (RoleInfo.java:shutdownFollowerState(108)) - 8a31fd49-3da4-4fd9-acfc-b2bde89e3d95: shutdown 8a31fd49-3da4-4fd9-acfc-b2bde89e3d95@group-A4C91B0C17F2-FollowerState
2021-08-04 04:53:06,958 [8a31fd49-3da4-4fd9-acfc-b2bde89e3d95@group-A4C91B0C17F2-FollowerState] INFO  server.RaftServer$Division (RaftServerImpl.java:setRole(285)) - 8a31fd49-3da4-4fd9-acfc-b2bde89e3d95@group-A4C91B0C17F2: changes role from  FOLLOWER to CANDIDATE at term 0 for changeToCandidate
2021-08-04 04:53:06,958 [8a31fd49-3da4-4fd9-acfc-b2bde89e3d95@group-A4C91B0C17F2-FollowerState] INFO  server.RaftServerConfigKeys (ConfUtils.java:logGet(44)) - raft.server.leaderelection.pre-vote = false (custom)
2021-08-04 04:53:06,958 [8a31fd49-3da4-4fd9-acfc-b2bde89e3d95@group-A4C91B0C17F2-FollowerState] INFO  impl.RoleInfo (RoleInfo.java:updateAndGet(130)) - 8a31fd49-3da4-4fd9-acfc-b2bde89e3d95: start 8a31fd49-3da4-4fd9-acfc-b2bde89e3d95@group-A4C91B0C17F2-LeaderElection25
2021-08-04 04:53:06,961 [8a31fd49-3da4-4fd9-acfc-b2bde89e3d95@group-A4C91B0C17F2-LeaderElection25] INFO  impl.LeaderElection (LeaderElection.java:askForVotes(306)) - 8a31fd49-3da4-4fd9-acfc-b2bde89e3d95@group-A4C91B0C17F2-LeaderElection25 ELECTION round 0: submit vote requests at term 1 for -1: [8a31fd49-3da4-4fd9-acfc-b2bde89e3d95|rpc:10.1.0.14:37907|priority:1], old=null
2021-08-04 04:53:06,961 [8a31fd49-3da4-4fd9-acfc-b2bde89e3d95@group-A4C91B0C17F2-LeaderElection25] INFO  impl.LeaderElection (LeaderElection.java:askForVotes(308)) - 8a31fd49-3da4-4fd9-acfc-b2bde89e3d95@group-A4C91B0C17F2-LeaderElection25 ELECTION round 0: result PASSED (term=1)
2021-08-04 04:53:06,961 [8a31fd49-3da4-4fd9-acfc-b2bde89e3d95@group-A4C91B0C17F2-LeaderElection25] INFO  impl.RoleInfo (RoleInfo.java:shutdownLeaderElection(121)) - 8a31fd49-3da4-4fd9-acfc-b2bde89e3d95: shutdown 8a31fd49-3da4-4fd9-acfc-b2bde89e3d95@group-A4C91B0C17F2-LeaderElection25
2021-08-04 04:53:06,961 [8a31fd49-3da4-4fd9-acfc-b2bde89e3d95@group-A4C91B0C17F2-LeaderElection25] INFO  server.RaftServer$Division (RaftServerImpl.java:setRole(285)) - 8a31fd49-3da4-4fd9-acfc-b2bde89e3d95@group-A4C91B0C17F2: changes role from CANDIDATE to LEADER at term 1 for changeToLeader
2021-08-04 04:53:06,961 [8a31fd49-3da4-4fd9-acfc-b2bde89e3d95@group-A4C91B0C17F2-LeaderElection25] INFO  ratis.XceiverServerRatis (XceiverServerRatis.java:handleLeaderChangedNotification(857)) - Leader change notification received for group: group-A4C91B0C17F2 with new leaderId: 8a31fd49-3da4-4fd9-acfc-b2bde89e3d95
2021-08-04 04:53:06,962 [8a31fd49-3da4-4fd9-acfc-b2bde89e3d95@group-A4C91B0C17F2-LeaderElection25] INFO  server.RaftServer$Division (ServerState.java:setLeader(285)) - 8a31fd49-3da4-4fd9-acfc-b2bde89e3d95@group-A4C91B0C17F2: change Leader from null to 8a31fd49-3da4-4fd9-acfc-b2bde89e3d95 at term 1 for becomeLeader, leader elected after 5096ms
2021-08-04 04:53:06,962 [8a31fd49-3da4-4fd9-acfc-b2bde89e3d95@group-A4C91B0C17F2-LeaderElection25] INFO  server.RaftServerConfigKeys (ConfUtils.java:logGet(44)) - raft.server.staging.catchup.gap = 1000 (default)
2021-08-04 04:53:06,964 [EventQueue-OpenPipelineForHealthyPipelineSafeModeRule] INFO  safemode.SCMSafeModeManager (HealthyPipelineSafeModeRule.java:process(124)) - SCM in safe mode. Healthy pipelines reported count is 0, required healthy pipeline reported count is 1
2021-08-04 04:53:06,964 [8a31fd49-3da4-4fd9-acfc-b2bde89e3d95@group-A4C91B0C17F2-LeaderElection25] INFO  server.RaftServerConfigKeys (ConfUtils.java:logGet(44)) - raft.server.write.element-limit = 1024 (custom)
2021-08-04 04:53:06,964 [8a31fd49-3da4-4fd9-acfc-b2bde89e3d95@group-A4C91B0C17F2-LeaderElection25] INFO  server.RaftServerConfigKeys (ConfUtils.java:logGet(44)) - raft.server.write.byte-limit = 1073741824 (custom)
2021-08-04 04:53:06,965 [8a31fd49-3da4-4fd9-acfc-b2bde89e3d95@group-A4C91B0C17F2-LeaderElection25] INFO  server.RaftServerConfigKeys (ConfUtils.java:logGet(44)) - raft.server.watch.timeout = 180s (custom)
2021-08-04 04:53:06,965 [8a31fd49-3da4-4fd9-acfc-b2bde89e3d95@group-A4C91B0C17F2-LeaderElection25] INFO  server.RaftServerConfigKeys (ConfUtils.java:logGet(44)) - raft.server.watch.timeout.denomination = 1s (default)
2021-08-04 04:53:06,965 [8a31fd49-3da4-4fd9-acfc-b2bde89e3d95@group-A4C91B0C17F2-LeaderElection25] INFO  server.RaftServerConfigKeys (ConfUtils.java:logGet(44)) - raft.server.watch.element-limit = 65536 (default)
2021-08-04 04:53:06,965 [8a31fd49-3da4-4fd9-acfc-b2bde89e3d95@group-A4C91B0C17F2-LeaderElection25] INFO  impl.RoleInfo (RoleInfo.java:updateAndGet(130)) - 8a31fd49-3da4-4fd9-acfc-b2bde89e3d95: start 8a31fd49-3da4-4fd9-acfc-b2bde89e3d95@group-A4C91B0C17F2-LeaderStateImpl
2021-08-04 04:53:06,965 [8a31fd49-3da4-4fd9-acfc-b2bde89e3d95@group-A4C91B0C17F2-LeaderElection25] INFO  segmented.SegmentedRaftLogWorker (SegmentedRaftLogWorker.java:startLogSegment(394)) - 8a31fd49-3da4-4fd9-acfc-b2bde89e3d95@group-A4C91B0C17F2-SegmentedRaftLogWorker: Starting segment from index:0
2021-08-04 04:53:06,962 [Datanode State Machine Thread - 0] WARN  statemachine.StateContext (StateContext.java:execute(621)) - No available thread in pool for past 0 seconds.
2021-08-04 04:53:06,971 [8a31fd49-3da4-4fd9-acfc-b2bde89e3d95@group-A4C91B0C17F2-LeaderElection25] INFO  server.RaftServer$Division (ServerState.java:setRaftConf(387)) - 8a31fd49-3da4-4fd9-acfc-b2bde89e3d95@group-A4C91B0C17F2: set configuration 0: [8a31fd49-3da4-4fd9-acfc-b2bde89e3d95|rpc:10.1.0.14:37907|dataStream:|priority:1], old=null
2021-08-04 04:53:06,971 [8a31fd49-3da4-4fd9-acfc-b2bde89e3d95@group-A4C91B0C17F2-SegmentedRaftLogWorker] INFO  segmented.SegmentedRaftLogWorker (SegmentedRaftLogWorker.java:execute(601)) - 8a31fd49-3da4-4fd9-acfc-b2bde89e3d95@group-A4C91B0C17F2-SegmentedRaftLogWorker: created new log segment /home/runner/work/ozone/ozone/mnt/ozone/hadoop-ozone/integration-test/target/test-dir/MiniOzoneClusterImpl-f8689e89-4432-43a3-ae55-b25b0dce3dad/datanode-0/data/ratis/65304c26-2da6-4d58-9f8d-a4c91b0c17f2/current/log_inprogress_0
2021-08-04 04:53:07,661 [EventQueue-OpenPipelineForHealthyPipelineSafeModeRule] INFO  safemode.SCMSafeModeManager (HealthyPipelineSafeModeRule.java:process(124)) - SCM in safe mode. Healthy pipelines reported count is 0, required healthy pipeline reported count is 1
2021-08-04 04:53:07,811 [EventQueue-OpenPipelineForHealthyPipelineSafeModeRule] INFO  safemode.SCMSafeModeManager (HealthyPipelineSafeModeRule.java:process(124)) - SCM in safe mode. Healthy pipelines reported count is 0, required healthy pipeline reported count is 1
2021-08-04 04:53:07,889 [Listener at 0.0.0.0/43893] INFO  ozone.MiniOzoneClusterImpl (MiniOzoneClusterImpl.java:lambda$waitForClusterToBeReady$0(235)) - Nodes are ready. Got 3 of 3 DN Heartbeats.
2021-08-04 04:53:07,889 [Listener at 0.0.0.0/43893] INFO  ozone.MiniOzoneClusterImpl (MiniOzoneClusterImpl.java:lambda$waitForClusterToBeReady$0(238)) - Waiting for cluster to exit safe mode
2021-08-04 04:53:07,889 [Listener at 0.0.0.0/43893] INFO  ozone.MiniOzoneClusterImpl (MiniOzoneClusterImpl.java:lambda$waitForClusterToBeReady$0(240)) - SCM became leader
2021-08-04 04:53:07,963 [EventQueue-OpenPipelineForHealthyPipelineSafeModeRule] INFO  safemode.SCMSafeModeManager (HealthyPipelineSafeModeRule.java:process(124)) - SCM in safe mode. Healthy pipelines reported count is 0, required healthy pipeline reported count is 1
2021-08-04 04:53:08,889 [Listener at 0.0.0.0/43893] INFO  ozone.MiniOzoneClusterImpl (MiniOzoneClusterImpl.java:lambda$waitForClusterToBeReady$0(235)) - Nodes are ready. Got 3 of 3 DN Heartbeats.
2021-08-04 04:53:08,889 [Listener at 0.0.0.0/43893] INFO  ozone.MiniOzoneClusterImpl (MiniOzoneClusterImpl.java:lambda$waitForClusterToBeReady$0(238)) - Waiting for cluster to exit safe mode
2021-08-04 04:53:08,889 [Listener at 0.0.0.0/43893] INFO  ozone.MiniOzoneClusterImpl (MiniOzoneClusterImpl.java:lambda$waitForClusterToBeReady$0(240)) - SCM became leader
2021-08-04 04:53:09,660 [EventQueue-OpenPipelineForHealthyPipelineSafeModeRule] INFO  safemode.SCMSafeModeManager (HealthyPipelineSafeModeRule.java:process(124)) - SCM in safe mode. Healthy pipelines reported count is 0, required healthy pipeline reported count is 1
2021-08-04 04:53:09,812 [EventQueue-OpenPipelineForHealthyPipelineSafeModeRule] INFO  safemode.SCMSafeModeManager (HealthyPipelineSafeModeRule.java:process(124)) - SCM in safe mode. Healthy pipelines reported count is 0, required healthy pipeline reported count is 1
2021-08-04 04:53:09,890 [Listener at 0.0.0.0/43893] INFO  ozone.MiniOzoneClusterImpl (MiniOzoneClusterImpl.java:lambda$waitForClusterToBeReady$0(235)) - Nodes are ready. Got 3 of 3 DN Heartbeats.
2021-08-04 04:53:09,890 [Listener at 0.0.0.0/43893] INFO  ozone.MiniOzoneClusterImpl (MiniOzoneClusterImpl.java:lambda$waitForClusterToBeReady$0(238)) - Waiting for cluster to exit safe mode
2021-08-04 04:53:09,890 [Listener at 0.0.0.0/43893] INFO  ozone.MiniOzoneClusterImpl (MiniOzoneClusterImpl.java:lambda$waitForClusterToBeReady$0(240)) - SCM became leader
2021-08-04 04:53:09,964 [EventQueue-OpenPipelineForHealthyPipelineSafeModeRule] INFO  safemode.SCMSafeModeManager (HealthyPipelineSafeModeRule.java:process(124)) - SCM in safe mode. Healthy pipelines reported count is 0, required healthy pipeline reported count is 1
2021-08-04 04:53:10,660 [EventQueue-OpenPipelineForHealthyPipelineSafeModeRule] INFO  safemode.SCMSafeModeManager (HealthyPipelineSafeModeRule.java:process(124)) - SCM in safe mode. Healthy pipelines reported count is 0, required healthy pipeline reported count is 1
2021-08-04 04:53:10,879 [8a31fd49-3da4-4fd9-acfc-b2bde89e3d95@group-39BBDEC9243B-FollowerState] INFO  impl.FollowerState (FollowerState.java:run(134)) - 8a31fd49-3da4-4fd9-acfc-b2bde89e3d95@group-39BBDEC9243B-FollowerState: change to CANDIDATE, lastRpcElapsedTime:5120522146ns, electionTimeout:5120ms
2021-08-04 04:53:10,880 [8a31fd49-3da4-4fd9-acfc-b2bde89e3d95@group-39BBDEC9243B-FollowerState] INFO  impl.RoleInfo (RoleInfo.java:shutdownFollowerState(108)) - 8a31fd49-3da4-4fd9-acfc-b2bde89e3d95: shutdown 8a31fd49-3da4-4fd9-acfc-b2bde89e3d95@group-39BBDEC9243B-FollowerState
2021-08-04 04:53:10,880 [8a31fd49-3da4-4fd9-acfc-b2bde89e3d95@group-39BBDEC9243B-FollowerState] INFO  server.RaftServer$Division (RaftServerImpl.java:setRole(285)) - 8a31fd49-3da4-4fd9-acfc-b2bde89e3d95@group-39BBDEC9243B: changes role from  FOLLOWER to CANDIDATE at term 1 for changeToCandidate
2021-08-04 04:53:10,880 [8a31fd49-3da4-4fd9-acfc-b2bde89e3d95@group-39BBDEC9243B-FollowerState] INFO  server.RaftServerConfigKeys (ConfUtils.java:logGet(44)) - raft.server.leaderelection.pre-vote = false (custom)
2021-08-04 04:53:10,880 [8a31fd49-3da4-4fd9-acfc-b2bde89e3d95@group-39BBDEC9243B-FollowerState] INFO  impl.RoleInfo (RoleInfo.java:updateAndGet(130)) - 8a31fd49-3da4-4fd9-acfc-b2bde89e3d95: start 8a31fd49-3da4-4fd9-acfc-b2bde89e3d95@group-39BBDEC9243B-LeaderElection26
2021-08-04 04:53:10,883 [8a31fd49-3da4-4fd9-acfc-b2bde89e3d95@group-39BBDEC9243B-LeaderElection26] INFO  impl.LeaderElection (LeaderElection.java:askForVotes(306)) - 8a31fd49-3da4-4fd9-acfc-b2bde89e3d95@group-39BBDEC9243B-LeaderElection26 ELECTION round 0: submit vote requests at term 2 for -1: [3b35e8af-4420-4337-880c-bcb538b04dba|rpc:10.1.0.14:40083|dataStream:|priority:0, 387044f6-9ada-47c7-9f57-c4453de21297|rpc:10.1.0.14:39215|dataStream:|priority:1, 8a31fd49-3da4-4fd9-acfc-b2bde89e3d95|rpc:10.1.0.14:37907|dataStream:|priority:0], old=null
2021-08-04 04:53:10,886 [grpc-default-executor-5] INFO  server.RaftServer$Division (RaftServerImpl.java:requestVote(1043)) - 387044f6-9ada-47c7-9f57-c4453de21297@group-39BBDEC9243B: receive requestVote(ELECTION, 8a31fd49-3da4-4fd9-acfc-b2bde89e3d95, group-39BBDEC9243B, 2, (t:0, i:0))
2021-08-04 04:53:10,886 [grpc-default-executor-5] INFO  impl.VoteContext (VoteContext.java:log(48)) - 387044f6-9ada-47c7-9f57-c4453de21297@group-39BBDEC9243B-FOLLOWER: reject ELECTION from 8a31fd49-3da4-4fd9-acfc-b2bde89e3d95: our priority 1 > candidate's priority 0
2021-08-04 04:53:10,886 [grpc-default-executor-5] INFO  server.RaftServer$Division (RaftServerImpl.java:setRole(285)) - 387044f6-9ada-47c7-9f57-c4453de21297@group-39BBDEC9243B: changes role from  FOLLOWER to FOLLOWER at term 2 for candidate:8a31fd49-3da4-4fd9-acfc-b2bde89e3d95
2021-08-04 04:53:10,886 [grpc-default-executor-5] INFO  impl.RoleInfo (RoleInfo.java:shutdownFollowerState(108)) - 387044f6-9ada-47c7-9f57-c4453de21297: shutdown 387044f6-9ada-47c7-9f57-c4453de21297@group-39BBDEC9243B-FollowerState
2021-08-04 04:53:10,886 [grpc-default-executor-5] INFO  impl.RoleInfo (RoleInfo.java:updateAndGet(130)) - 387044f6-9ada-47c7-9f57-c4453de21297: start 387044f6-9ada-47c7-9f57-c4453de21297@group-39BBDEC9243B-FollowerState
2021-08-04 04:53:10,886 [387044f6-9ada-47c7-9f57-c4453de21297@group-39BBDEC9243B-FollowerState] INFO  impl.FollowerState (FollowerState.java:run(143)) - 387044f6-9ada-47c7-9f57-c4453de21297@group-39BBDEC9243B-FollowerState was interrupted: {}
java.lang.InterruptedException: sleep interrupted
	at java.lang.Thread.sleep(Native Method)
	at java.lang.Thread.sleep(Thread.java:340)
	at java.util.concurrent.TimeUnit.sleep(TimeUnit.java:386)
	at org.apache.ratis.util.TimeDuration.sleep(TimeDuration.java:324)
	at org.apache.ratis.util.TimeDuration.sleep(TimeDuration.java:309)
	at org.apache.ratis.server.impl.FollowerState.run(FollowerState.java:118)
2021-08-04 04:53:10,887 [grpc-default-executor-3] INFO  server.RaftServer$Division (RaftServerImpl.java:requestVote(1043)) - 3b35e8af-4420-4337-880c-bcb538b04dba@group-39BBDEC9243B: receive requestVote(ELECTION, 8a31fd49-3da4-4fd9-acfc-b2bde89e3d95, group-39BBDEC9243B, 2, (t:0, i:0))
2021-08-04 04:53:10,887 [grpc-default-executor-3] INFO  impl.VoteContext (VoteContext.java:log(48)) - 3b35e8af-4420-4337-880c-bcb538b04dba@group-39BBDEC9243B-FOLLOWER: accept ELECTION from 8a31fd49-3da4-4fd9-acfc-b2bde89e3d95: our priority 0 <= candidate's priority 0
2021-08-04 04:53:10,887 [grpc-default-executor-3] INFO  server.RaftServer$Division (RaftServerImpl.java:setRole(285)) - 3b35e8af-4420-4337-880c-bcb538b04dba@group-39BBDEC9243B: changes role from  FOLLOWER to FOLLOWER at term 2 for candidate:8a31fd49-3da4-4fd9-acfc-b2bde89e3d95
2021-08-04 04:53:10,887 [grpc-default-executor-3] INFO  impl.RoleInfo (RoleInfo.java:shutdownFollowerState(108)) - 3b35e8af-4420-4337-880c-bcb538b04dba: shutdown 3b35e8af-4420-4337-880c-bcb538b04dba@group-39BBDEC9243B-FollowerState
2021-08-04 04:53:10,887 [grpc-default-executor-3] INFO  impl.RoleInfo (RoleInfo.java:updateAndGet(130)) - 3b35e8af-4420-4337-880c-bcb538b04dba: start 3b35e8af-4420-4337-880c-bcb538b04dba@group-39BBDEC9243B-FollowerState
2021-08-04 04:53:10,887 [3b35e8af-4420-4337-880c-bcb538b04dba@group-39BBDEC9243B-FollowerState] INFO  impl.FollowerState (FollowerState.java:run(143)) - 3b35e8af-4420-4337-880c-bcb538b04dba@group-39BBDEC9243B-FollowerState was interrupted: {}
java.lang.InterruptedException: sleep interrupted
	at java.lang.Thread.sleep(Native Method)
	at java.lang.Thread.sleep(Thread.java:340)
	at java.util.concurrent.TimeUnit.sleep(TimeUnit.java:386)
	at org.apache.ratis.util.TimeDuration.sleep(TimeDuration.java:324)
	at org.apache.ratis.util.TimeDuration.sleep(TimeDuration.java:309)
	at org.apache.ratis.server.impl.FollowerState.run(FollowerState.java:118)
2021-08-04 04:53:10,892 [grpc-default-executor-5] INFO  server.RaftServer$Division (RaftServerImpl.java:requestVote(1075)) - 387044f6-9ada-47c7-9f57-c4453de21297@group-39BBDEC9243B replies to ELECTION vote request: 8a31fd49-3da4-4fd9-acfc-b2bde89e3d95<-387044f6-9ada-47c7-9f57-c4453de21297#0:FAIL-t2. Peer's state: 387044f6-9ada-47c7-9f57-c4453de21297@group-39BBDEC9243B:t2, leader=null, voted=null, raftlog=387044f6-9ada-47c7-9f57-c4453de21297@group-39BBDEC9243B-SegmentedRaftLog:OPENED:c-1,f-1,i0, conf=-1: [3b35e8af-4420-4337-880c-bcb538b04dba|rpc:10.1.0.14:40083|dataStream:|priority:0, 387044f6-9ada-47c7-9f57-c4453de21297|rpc:10.1.0.14:39215|dataStream:|priority:1, 8a31fd49-3da4-4fd9-acfc-b2bde89e3d95|rpc:10.1.0.14:37907|dataStream:|priority:0], old=null
2021-08-04 04:53:10,893 [Listener at 0.0.0.0/43893] INFO  ozone.MiniOzoneClusterImpl (MiniOzoneClusterImpl.java:lambda$waitForClusterToBeReady$0(235)) - Nodes are ready. Got 3 of 3 DN Heartbeats.
2021-08-04 04:53:10,893 [Listener at 0.0.0.0/43893] INFO  ozone.MiniOzoneClusterImpl (MiniOzoneClusterImpl.java:lambda$waitForClusterToBeReady$0(238)) - Waiting for cluster to exit safe mode
2021-08-04 04:53:10,893 [Listener at 0.0.0.0/43893] INFO  ozone.MiniOzoneClusterImpl (MiniOzoneClusterImpl.java:lambda$waitForClusterToBeReady$0(240)) - SCM became leader
2021-08-04 04:53:10,894 [grpc-default-executor-3] INFO  server.RaftServer$Division (RaftServerImpl.java:requestVote(1075)) - 3b35e8af-4420-4337-880c-bcb538b04dba@group-39BBDEC9243B replies to ELECTION vote request: 8a31fd49-3da4-4fd9-acfc-b2bde89e3d95<-3b35e8af-4420-4337-880c-bcb538b04dba#0:OK-t2. Peer's state: 3b35e8af-4420-4337-880c-bcb538b04dba@group-39BBDEC9243B:t2, leader=null, voted=8a31fd49-3da4-4fd9-acfc-b2bde89e3d95, raftlog=3b35e8af-4420-4337-880c-bcb538b04dba@group-39BBDEC9243B-SegmentedRaftLog:OPENED:c-1,f-1,i0, conf=-1: [3b35e8af-4420-4337-880c-bcb538b04dba|rpc:10.1.0.14:40083|priority:0, 387044f6-9ada-47c7-9f57-c4453de21297|rpc:10.1.0.14:39215|priority:1, 8a31fd49-3da4-4fd9-acfc-b2bde89e3d95|rpc:10.1.0.14:37907|priority:0], old=null
2021-08-04 04:53:10,896 [8a31fd49-3da4-4fd9-acfc-b2bde89e3d95@group-39BBDEC9243B-LeaderElection26] INFO  impl.LeaderElection (LeaderElection.java:logAndReturn(89)) - 8a31fd49-3da4-4fd9-acfc-b2bde89e3d95@group-39BBDEC9243B-LeaderElection26: ELECTION REJECTED received 1 response(s) and 0 exception(s):
2021-08-04 04:53:10,896 [8a31fd49-3da4-4fd9-acfc-b2bde89e3d95@group-39BBDEC9243B-LeaderElection26] INFO  impl.LeaderElection (LeaderElection.java:logAndReturn(93)) -   Response 0: 8a31fd49-3da4-4fd9-acfc-b2bde89e3d95<-387044f6-9ada-47c7-9f57-c4453de21297#0:FAIL-t2
2021-08-04 04:53:10,897 [8a31fd49-3da4-4fd9-acfc-b2bde89e3d95@group-39BBDEC9243B-LeaderElection26] INFO  impl.LeaderElection (LeaderElection.java:askForVotes(308)) - 8a31fd49-3da4-4fd9-acfc-b2bde89e3d95@group-39BBDEC9243B-LeaderElection26 ELECTION round 0: result REJECTED
2021-08-04 04:53:10,897 [8a31fd49-3da4-4fd9-acfc-b2bde89e3d95@group-39BBDEC9243B-LeaderElection26] INFO  server.RaftServer$Division (RaftServerImpl.java:setRole(285)) - 8a31fd49-3da4-4fd9-acfc-b2bde89e3d95@group-39BBDEC9243B: changes role from CANDIDATE to FOLLOWER at term 2 for REJECTED
2021-08-04 04:53:10,897 [8a31fd49-3da4-4fd9-acfc-b2bde89e3d95@group-39BBDEC9243B-LeaderElection26] INFO  impl.RoleInfo (RoleInfo.java:shutdownLeaderElection(121)) - 8a31fd49-3da4-4fd9-acfc-b2bde89e3d95: shutdown 8a31fd49-3da4-4fd9-acfc-b2bde89e3d95@group-39BBDEC9243B-LeaderElection26
2021-08-04 04:53:10,897 [8a31fd49-3da4-4fd9-acfc-b2bde89e3d95@group-39BBDEC9243B-LeaderElection26] INFO  impl.RoleInfo (RoleInfo.java:updateAndGet(130)) - 8a31fd49-3da4-4fd9-acfc-b2bde89e3d95: start 8a31fd49-3da4-4fd9-acfc-b2bde89e3d95@group-39BBDEC9243B-FollowerState
2021-08-04 04:53:11,312 [EventQueue-OpenPipelineForHealthyPipelineSafeModeRule] INFO  safemode.SCMSafeModeManager (HealthyPipelineSafeModeRule.java:process(124)) - SCM in safe mode. Healthy pipelines reported count is 0, required healthy pipeline reported count is 1
2021-08-04 04:53:11,465 [EventQueue-OpenPipelineForHealthyPipelineSafeModeRule] INFO  safemode.SCMSafeModeManager (HealthyPipelineSafeModeRule.java:process(124)) - SCM in safe mode. Healthy pipelines reported count is 0, required healthy pipeline reported count is 1
2021-08-04 04:53:11,893 [Listener at 0.0.0.0/43893] INFO  ozone.MiniOzoneClusterImpl (MiniOzoneClusterImpl.java:lambda$waitForClusterToBeReady$0(235)) - Nodes are ready. Got 3 of 3 DN Heartbeats.
2021-08-04 04:53:11,893 [Listener at 0.0.0.0/43893] INFO  ozone.MiniOzoneClusterImpl (MiniOzoneClusterImpl.java:lambda$waitForClusterToBeReady$0(238)) - Waiting for cluster to exit safe mode
2021-08-04 04:53:11,893 [Listener at 0.0.0.0/43893] INFO  ozone.MiniOzoneClusterImpl (MiniOzoneClusterImpl.java:lambda$waitForClusterToBeReady$0(240)) - SCM became leader
2021-08-04 04:53:12,465 [EventQueue-OpenPipelineForHealthyPipelineSafeModeRule] INFO  safemode.SCMSafeModeManager (HealthyPipelineSafeModeRule.java:process(124)) - SCM in safe mode. Healthy pipelines reported count is 0, required healthy pipeline reported count is 1
2021-08-04 04:53:12,660 [EventQueue-OpenPipelineForHealthyPipelineSafeModeRule] INFO  safemode.SCMSafeModeManager (HealthyPipelineSafeModeRule.java:process(124)) - SCM in safe mode. Healthy pipelines reported count is 0, required healthy pipeline reported count is 1
2021-08-04 04:53:12,813 [EventQueue-OpenPipelineForHealthyPipelineSafeModeRule] INFO  safemode.SCMSafeModeManager (HealthyPipelineSafeModeRule.java:process(124)) - SCM in safe mode. Healthy pipelines reported count is 0, required healthy pipeline reported count is 1
2021-08-04 04:53:12,894 [Listener at 0.0.0.0/43893] INFO  ozone.MiniOzoneClusterImpl (MiniOzoneClusterImpl.java:lambda$waitForClusterToBeReady$0(235)) - Nodes are ready. Got 3 of 3 DN Heartbeats.
2021-08-04 04:53:12,894 [Listener at 0.0.0.0/43893] INFO  ozone.MiniOzoneClusterImpl (MiniOzoneClusterImpl.java:lambda$waitForClusterToBeReady$0(238)) - Waiting for cluster to exit safe mode
2021-08-04 04:53:12,894 [Listener at 0.0.0.0/43893] INFO  ozone.MiniOzoneClusterImpl (MiniOzoneClusterImpl.java:lambda$waitForClusterToBeReady$0(240)) - SCM became leader
2021-08-04 04:53:13,894 [Listener at 0.0.0.0/43893] INFO  ozone.MiniOzoneClusterImpl (MiniOzoneClusterImpl.java:lambda$waitForClusterToBeReady$0(235)) - Nodes are ready. Got 3 of 3 DN Heartbeats.
2021-08-04 04:53:13,894 [Listener at 0.0.0.0/43893] INFO  ozone.MiniOzoneClusterImpl (MiniOzoneClusterImpl.java:lambda$waitForClusterToBeReady$0(238)) - Waiting for cluster to exit safe mode
2021-08-04 04:53:13,894 [Listener at 0.0.0.0/43893] INFO  ozone.MiniOzoneClusterImpl (MiniOzoneClusterImpl.java:lambda$waitForClusterToBeReady$0(240)) - SCM became leader
2021-08-04 04:53:13,966 [EventQueue-OpenPipelineForHealthyPipelineSafeModeRule] INFO  safemode.SCMSafeModeManager (HealthyPipelineSafeModeRule.java:process(124)) - SCM in safe mode. Healthy pipelines reported count is 0, required healthy pipeline reported count is 1
2021-08-04 04:53:14,160 [EventQueue-OpenPipelineForHealthyPipelineSafeModeRule] INFO  safemode.SCMSafeModeManager (HealthyPipelineSafeModeRule.java:process(124)) - SCM in safe mode. Healthy pipelines reported count is 0, required healthy pipeline reported count is 1
2021-08-04 04:53:14,814 [EventQueue-OpenPipelineForHealthyPipelineSafeModeRule] INFO  safemode.SCMSafeModeManager (HealthyPipelineSafeModeRule.java:process(124)) - SCM in safe mode. Healthy pipelines reported count is 0, required healthy pipeline reported count is 1
2021-08-04 04:53:14,895 [Listener at 0.0.0.0/43893] INFO  ozone.MiniOzoneClusterImpl (MiniOzoneClusterImpl.java:lambda$waitForClusterToBeReady$0(235)) - Nodes are ready. Got 3 of 3 DN Heartbeats.
2021-08-04 04:53:14,895 [Listener at 0.0.0.0/43893] INFO  ozone.MiniOzoneClusterImpl (MiniOzoneClusterImpl.java:lambda$waitForClusterToBeReady$0(238)) - Waiting for cluster to exit safe mode
2021-08-04 04:53:14,895 [Listener at 0.0.0.0/43893] INFO  ozone.MiniOzoneClusterImpl (MiniOzoneClusterImpl.java:lambda$waitForClusterToBeReady$0(240)) - SCM became leader
2021-08-04 04:53:14,966 [EventQueue-OpenPipelineForHealthyPipelineSafeModeRule] INFO  safemode.SCMSafeModeManager (HealthyPipelineSafeModeRule.java:process(124)) - SCM in safe mode. Healthy pipelines reported count is 0, required healthy pipeline reported count is 1
2021-08-04 04:53:15,660 [EventQueue-OpenPipelineForHealthyPipelineSafeModeRule] INFO  safemode.SCMSafeModeManager (HealthyPipelineSafeModeRule.java:process(124)) - SCM in safe mode. Healthy pipelines reported count is 0, required healthy pipeline reported count is 1
2021-08-04 04:53:15,895 [Listener at 0.0.0.0/43893] INFO  ozone.MiniOzoneClusterImpl (MiniOzoneClusterImpl.java:lambda$waitForClusterToBeReady$0(235)) - Nodes are ready. Got 3 of 3 DN Heartbeats.
2021-08-04 04:53:15,895 [Listener at 0.0.0.0/43893] INFO  ozone.MiniOzoneClusterImpl (MiniOzoneClusterImpl.java:lambda$waitForClusterToBeReady$0(238)) - Waiting for cluster to exit safe mode
2021-08-04 04:53:15,895 [Listener at 0.0.0.0/43893] INFO  ozone.MiniOzoneClusterImpl (MiniOzoneClusterImpl.java:lambda$waitForClusterToBeReady$0(240)) - SCM became leader
2021-08-04 04:53:15,899 [387044f6-9ada-47c7-9f57-c4453de21297@group-39BBDEC9243B-FollowerState] INFO  impl.FollowerState (FollowerState.java:run(134)) - 387044f6-9ada-47c7-9f57-c4453de21297@group-39BBDEC9243B-FollowerState: change to CANDIDATE, lastRpcElapsedTime:5012498010ns, electionTimeout:5010ms
2021-08-04 04:53:15,899 [387044f6-9ada-47c7-9f57-c4453de21297@group-39BBDEC9243B-FollowerState] INFO  impl.RoleInfo (RoleInfo.java:shutdownFollowerState(108)) - 387044f6-9ada-47c7-9f57-c4453de21297: shutdown 387044f6-9ada-47c7-9f57-c4453de21297@group-39BBDEC9243B-FollowerState
2021-08-04 04:53:15,899 [387044f6-9ada-47c7-9f57-c4453de21297@group-39BBDEC9243B-FollowerState] INFO  server.RaftServer$Division (RaftServerImpl.java:setRole(285)) - 387044f6-9ada-47c7-9f57-c4453de21297@group-39BBDEC9243B: changes role from  FOLLOWER to CANDIDATE at term 2 for changeToCandidate
2021-08-04 04:53:15,899 [387044f6-9ada-47c7-9f57-c4453de21297@group-39BBDEC9243B-FollowerState] INFO  server.RaftServerConfigKeys (ConfUtils.java:logGet(44)) - raft.server.leaderelection.pre-vote = false (custom)
2021-08-04 04:53:15,899 [387044f6-9ada-47c7-9f57-c4453de21297@group-39BBDEC9243B-FollowerState] INFO  impl.RoleInfo (RoleInfo.java:updateAndGet(130)) - 387044f6-9ada-47c7-9f57-c4453de21297: start 387044f6-9ada-47c7-9f57-c4453de21297@group-39BBDEC9243B-LeaderElection27
2021-08-04 04:53:15,904 [387044f6-9ada-47c7-9f57-c4453de21297@group-39BBDEC9243B-LeaderElection27] INFO  impl.LeaderElection (LeaderElection.java:askForVotes(306)) - 387044f6-9ada-47c7-9f57-c4453de21297@group-39BBDEC9243B-LeaderElection27 ELECTION round 0: submit vote requests at term 3 for -1: [3b35e8af-4420-4337-880c-bcb538b04dba|rpc:10.1.0.14:40083|dataStream:|priority:0, 387044f6-9ada-47c7-9f57-c4453de21297|rpc:10.1.0.14:39215|dataStream:|priority:1, 8a31fd49-3da4-4fd9-acfc-b2bde89e3d95|rpc:10.1.0.14:37907|dataStream:|priority:0], old=null
2021-08-04 04:53:15,911 [grpc-default-executor-3] INFO  server.RaftServer$Division (RaftServerImpl.java:requestVote(1043)) - 3b35e8af-4420-4337-880c-bcb538b04dba@group-39BBDEC9243B: receive requestVote(ELECTION, 387044f6-9ada-47c7-9f57-c4453de21297, group-39BBDEC9243B, 3, (t:0, i:0))
2021-08-04 04:53:15,911 [grpc-default-executor-3] INFO  impl.VoteContext (VoteContext.java:log(48)) - 3b35e8af-4420-4337-880c-bcb538b04dba@group-39BBDEC9243B-FOLLOWER: accept ELECTION from 387044f6-9ada-47c7-9f57-c4453de21297: our priority 0 <= candidate's priority 1
2021-08-04 04:53:15,911 [grpc-default-executor-3] INFO  server.RaftServer$Division (RaftServerImpl.java:setRole(285)) - 3b35e8af-4420-4337-880c-bcb538b04dba@group-39BBDEC9243B: changes role from  FOLLOWER to FOLLOWER at term 3 for candidate:387044f6-9ada-47c7-9f57-c4453de21297
2021-08-04 04:53:15,911 [grpc-default-executor-3] INFO  impl.RoleInfo (RoleInfo.java:shutdownFollowerState(108)) - 3b35e8af-4420-4337-880c-bcb538b04dba: shutdown 3b35e8af-4420-4337-880c-bcb538b04dba@group-39BBDEC9243B-FollowerState
2021-08-04 04:53:15,911 [grpc-default-executor-3] INFO  impl.RoleInfo (RoleInfo.java:updateAndGet(130)) - 3b35e8af-4420-4337-880c-bcb538b04dba: start 3b35e8af-4420-4337-880c-bcb538b04dba@group-39BBDEC9243B-FollowerState
2021-08-04 04:53:15,911 [3b35e8af-4420-4337-880c-bcb538b04dba@group-39BBDEC9243B-FollowerState] INFO  impl.FollowerState (FollowerState.java:run(143)) - 3b35e8af-4420-4337-880c-bcb538b04dba@group-39BBDEC9243B-FollowerState was interrupted: {}
java.lang.InterruptedException: sleep interrupted
	at java.lang.Thread.sleep(Native Method)
	at java.lang.Thread.sleep(Thread.java:340)
	at java.util.concurrent.TimeUnit.sleep(TimeUnit.java:386)
	at org.apache.ratis.util.TimeDuration.sleep(TimeDuration.java:324)
	at org.apache.ratis.util.TimeDuration.sleep(TimeDuration.java:309)
	at org.apache.ratis.server.impl.FollowerState.run(FollowerState.java:118)
2021-08-04 04:53:15,915 [grpc-default-executor-5] INFO  server.RaftServer$Division (RaftServerImpl.java:requestVote(1043)) - 8a31fd49-3da4-4fd9-acfc-b2bde89e3d95@group-39BBDEC9243B: receive requestVote(ELECTION, 387044f6-9ada-47c7-9f57-c4453de21297, group-39BBDEC9243B, 3, (t:0, i:0))
2021-08-04 04:53:15,915 [grpc-default-executor-5] INFO  impl.VoteContext (VoteContext.java:log(48)) - 8a31fd49-3da4-4fd9-acfc-b2bde89e3d95@group-39BBDEC9243B-FOLLOWER: accept ELECTION from 387044f6-9ada-47c7-9f57-c4453de21297: our priority 0 <= candidate's priority 1
2021-08-04 04:53:15,915 [grpc-default-executor-5] INFO  server.RaftServer$Division (RaftServerImpl.java:setRole(285)) - 8a31fd49-3da4-4fd9-acfc-b2bde89e3d95@group-39BBDEC9243B: changes role from  FOLLOWER to FOLLOWER at term 3 for candidate:387044f6-9ada-47c7-9f57-c4453de21297
2021-08-04 04:53:15,915 [grpc-default-executor-5] INFO  impl.RoleInfo (RoleInfo.java:shutdownFollowerState(108)) - 8a31fd49-3da4-4fd9-acfc-b2bde89e3d95: shutdown 8a31fd49-3da4-4fd9-acfc-b2bde89e3d95@group-39BBDEC9243B-FollowerState
2021-08-04 04:53:15,915 [grpc-default-executor-5] INFO  impl.RoleInfo (RoleInfo.java:updateAndGet(130)) - 8a31fd49-3da4-4fd9-acfc-b2bde89e3d95: start 8a31fd49-3da4-4fd9-acfc-b2bde89e3d95@group-39BBDEC9243B-FollowerState
2021-08-04 04:53:15,915 [8a31fd49-3da4-4fd9-acfc-b2bde89e3d95@group-39BBDEC9243B-FollowerState] INFO  impl.FollowerState (FollowerState.java:run(143)) - 8a31fd49-3da4-4fd9-acfc-b2bde89e3d95@group-39BBDEC9243B-FollowerState was interrupted: {}
java.lang.InterruptedException: sleep interrupted
	at java.lang.Thread.sleep(Native Method)
	at java.lang.Thread.sleep(Thread.java:340)
	at java.util.concurrent.TimeUnit.sleep(TimeUnit.java:386)
	at org.apache.ratis.util.TimeDuration.sleep(TimeDuration.java:324)
	at org.apache.ratis.util.TimeDuration.sleep(TimeDuration.java:309)
	at org.apache.ratis.server.impl.FollowerState.run(FollowerState.java:118)
2021-08-04 04:53:15,927 [grpc-default-executor-3] INFO  server.RaftServer$Division (RaftServerImpl.java:requestVote(1075)) - 3b35e8af-4420-4337-880c-bcb538b04dba@group-39BBDEC9243B replies to ELECTION vote request: 387044f6-9ada-47c7-9f57-c4453de21297<-3b35e8af-4420-4337-880c-bcb538b04dba#0:OK-t3. Peer's state: 3b35e8af-4420-4337-880c-bcb538b04dba@group-39BBDEC9243B:t3, leader=null, voted=387044f6-9ada-47c7-9f57-c4453de21297, raftlog=3b35e8af-4420-4337-880c-bcb538b04dba@group-39BBDEC9243B-SegmentedRaftLog:OPENED:c-1,f-1,i0, conf=-1: [3b35e8af-4420-4337-880c-bcb538b04dba|rpc:10.1.0.14:40083|priority:0, 387044f6-9ada-47c7-9f57-c4453de21297|rpc:10.1.0.14:39215|priority:1, 8a31fd49-3da4-4fd9-acfc-b2bde89e3d95|rpc:10.1.0.14:37907|priority:0], old=null
2021-08-04 04:53:15,929 [387044f6-9ada-47c7-9f57-c4453de21297@group-39BBDEC9243B-LeaderElection27] INFO  impl.LeaderElection (LeaderElection.java:logAndReturn(89)) - 387044f6-9ada-47c7-9f57-c4453de21297@group-39BBDEC9243B-LeaderElection27: ELECTION PASSED received 1 response(s) and 0 exception(s):
2021-08-04 04:53:15,929 [387044f6-9ada-47c7-9f57-c4453de21297@group-39BBDEC9243B-LeaderElection27] INFO  impl.LeaderElection (LeaderElection.java:logAndReturn(93)) -   Response 0: 387044f6-9ada-47c7-9f57-c4453de21297<-3b35e8af-4420-4337-880c-bcb538b04dba#0:OK-t3
2021-08-04 04:53:15,929 [387044f6-9ada-47c7-9f57-c4453de21297@group-39BBDEC9243B-LeaderElection27] INFO  impl.LeaderElection (LeaderElection.java:askForVotes(308)) - 387044f6-9ada-47c7-9f57-c4453de21297@group-39BBDEC9243B-LeaderElection27 ELECTION round 0: result PASSED
2021-08-04 04:53:15,929 [387044f6-9ada-47c7-9f57-c4453de21297@group-39BBDEC9243B-LeaderElection27] INFO  impl.RoleInfo (RoleInfo.java:shutdownLeaderElection(121)) - 387044f6-9ada-47c7-9f57-c4453de21297: shutdown 387044f6-9ada-47c7-9f57-c4453de21297@group-39BBDEC9243B-LeaderElection27
2021-08-04 04:53:15,930 [387044f6-9ada-47c7-9f57-c4453de21297@group-39BBDEC9243B-LeaderElection27] INFO  server.RaftServer$Division (RaftServerImpl.java:setRole(285)) - 387044f6-9ada-47c7-9f57-c4453de21297@group-39BBDEC9243B: changes role from CANDIDATE to LEADER at term 3 for changeToLeader
2021-08-04 04:53:15,930 [387044f6-9ada-47c7-9f57-c4453de21297@group-39BBDEC9243B-LeaderElection27] INFO  ratis.XceiverServerRatis (XceiverServerRatis.java:handleLeaderChangedNotification(857)) - Leader change notification received for group: group-39BBDEC9243B with new leaderId: 387044f6-9ada-47c7-9f57-c4453de21297
2021-08-04 04:53:15,930 [grpc-default-executor-5] INFO  server.RaftServer$Division (RaftServerImpl.java:requestVote(1075)) - 8a31fd49-3da4-4fd9-acfc-b2bde89e3d95@group-39BBDEC9243B replies to ELECTION vote request: 387044f6-9ada-47c7-9f57-c4453de21297<-8a31fd49-3da4-4fd9-acfc-b2bde89e3d95#0:OK-t3. Peer's state: 8a31fd49-3da4-4fd9-acfc-b2bde89e3d95@group-39BBDEC9243B:t3, leader=null, voted=387044f6-9ada-47c7-9f57-c4453de21297, raftlog=8a31fd49-3da4-4fd9-acfc-b2bde89e3d95@group-39BBDEC9243B-SegmentedRaftLog:OPENED:c-1,f-1,i0, conf=-1: [3b35e8af-4420-4337-880c-bcb538b04dba|rpc:10.1.0.14:40083|dataStream:|priority:0, 387044f6-9ada-47c7-9f57-c4453de21297|rpc:10.1.0.14:39215|dataStream:|priority:1, 8a31fd49-3da4-4fd9-acfc-b2bde89e3d95|rpc:10.1.0.14:37907|dataStream:|priority:0], old=null
2021-08-04 04:53:15,930 [387044f6-9ada-47c7-9f57-c4453de21297@group-39BBDEC9243B-LeaderElection27] INFO  server.RaftServer$Division (ServerState.java:setLeader(285)) - 387044f6-9ada-47c7-9f57-c4453de21297@group-39BBDEC9243B: change Leader from null to 387044f6-9ada-47c7-9f57-c4453de21297 at term 3 for becomeLeader, leader elected after 15210ms
2021-08-04 04:53:15,930 [387044f6-9ada-47c7-9f57-c4453de21297@group-39BBDEC9243B-LeaderElection27] INFO  server.RaftServerConfigKeys (ConfUtils.java:logGet(44)) - raft.server.staging.catchup.gap = 1000 (default)
2021-08-04 04:53:15,930 [387044f6-9ada-47c7-9f57-c4453de21297@group-39BBDEC9243B-LeaderElection27] INFO  server.RaftServerConfigKeys (ConfUtils.java:logGet(44)) - raft.server.write.element-limit = 1024 (custom)
2021-08-04 04:53:15,930 [387044f6-9ada-47c7-9f57-c4453de21297@group-39BBDEC9243B-LeaderElection27] INFO  server.RaftServerConfigKeys (ConfUtils.java:logGet(44)) - raft.server.write.byte-limit = 1073741824 (custom)
2021-08-04 04:53:15,930 [387044f6-9ada-47c7-9f57-c4453de21297@group-39BBDEC9243B-LeaderElection27] INFO  server.RaftServerConfigKeys (ConfUtils.java:logGet(44)) - raft.server.watch.timeout = 180s (custom)
2021-08-04 04:53:15,930 [387044f6-9ada-47c7-9f57-c4453de21297@group-39BBDEC9243B-LeaderElection27] INFO  server.RaftServerConfigKeys (ConfUtils.java:logGet(44)) - raft.server.watch.timeout.denomination = 1s (default)
2021-08-04 04:53:15,931 [387044f6-9ada-47c7-9f57-c4453de21297@group-39BBDEC9243B-LeaderElection27] INFO  server.RaftServerConfigKeys (ConfUtils.java:logGet(44)) - raft.server.watch.element-limit = 65536 (default)
2021-08-04 04:53:15,931 [Datanode State Machine Thread - 0] WARN  statemachine.StateContext (StateContext.java:execute(621)) - No available thread in pool for past 0 seconds.
2021-08-04 04:53:15,931 [387044f6-9ada-47c7-9f57-c4453de21297@group-39BBDEC9243B-LeaderElection27] INFO  server.RaftServerConfigKeys (ConfUtils.java:logGet(44)) - raft.server.log.appender.snapshot.chunk.size.max = 16MB (=16777216) (default)
2021-08-04 04:53:15,931 [387044f6-9ada-47c7-9f57-c4453de21297@group-39BBDEC9243B-LeaderElection27] INFO  server.RaftServerConfigKeys (ConfUtils.java:logGet(44)) - raft.server.log.appender.buffer.byte-limit = 33554432 (custom)
2021-08-04 04:53:15,931 [387044f6-9ada-47c7-9f57-c4453de21297@group-39BBDEC9243B-LeaderElection27] INFO  server.RaftServerConfigKeys (ConfUtils.java:logGet(44)) - raft.server.log.appender.buffer.element-limit = 1 (custom)
2021-08-04 04:53:15,931 [387044f6-9ada-47c7-9f57-c4453de21297@group-39BBDEC9243B-LeaderElection27] INFO  grpc.GrpcConfigKeys (ConfUtils.java:logGet(44)) - raft.grpc.server.leader.outstanding.appends.max = 128 (default)
2021-08-04 04:53:15,931 [387044f6-9ada-47c7-9f57-c4453de21297@group-39BBDEC9243B-LeaderElection27] INFO  server.RaftServerConfigKeys (ConfUtils.java:logGet(44)) - raft.server.rpc.request.timeout = 60s (custom)
2021-08-04 04:53:15,931 [387044f6-9ada-47c7-9f57-c4453de21297@group-39BBDEC9243B-LeaderElection27] INFO  server.RaftServerConfigKeys (ConfUtils.java:logGet(44)) - raft.server.log.appender.install.snapshot.enabled = false (custom)
2021-08-04 04:53:15,932 [387044f6-9ada-47c7-9f57-c4453de21297@group-39BBDEC9243B-LeaderElection27] INFO  server.RaftServerConfigKeys (ConfUtils.java:logGet(44)) - raft.server.log.appender.snapshot.chunk.size.max = 16MB (=16777216) (default)
2021-08-04 04:53:15,932 [387044f6-9ada-47c7-9f57-c4453de21297@group-39BBDEC9243B-LeaderElection27] INFO  server.RaftServerConfigKeys (ConfUtils.java:logGet(44)) - raft.server.log.appender.buffer.byte-limit = 33554432 (custom)
2021-08-04 04:53:15,932 [387044f6-9ada-47c7-9f57-c4453de21297@group-39BBDEC9243B-LeaderElection27] INFO  server.RaftServerConfigKeys (ConfUtils.java:logGet(44)) - raft.server.log.appender.buffer.element-limit = 1 (custom)
2021-08-04 04:53:15,932 [387044f6-9ada-47c7-9f57-c4453de21297@group-39BBDEC9243B-LeaderElection27] INFO  grpc.GrpcConfigKeys (ConfUtils.java:logGet(44)) - raft.grpc.server.leader.outstanding.appends.max = 128 (default)
2021-08-04 04:53:15,932 [387044f6-9ada-47c7-9f57-c4453de21297@group-39BBDEC9243B-LeaderElection27] INFO  server.RaftServerConfigKeys (ConfUtils.java:logGet(44)) - raft.server.rpc.request.timeout = 60s (custom)
2021-08-04 04:53:15,932 [387044f6-9ada-47c7-9f57-c4453de21297@group-39BBDEC9243B-LeaderElection27] INFO  server.RaftServerConfigKeys (ConfUtils.java:logGet(44)) - raft.server.log.appender.install.snapshot.enabled = false (custom)
2021-08-04 04:53:15,933 [387044f6-9ada-47c7-9f57-c4453de21297@group-39BBDEC9243B-LeaderElection27] INFO  impl.RoleInfo (RoleInfo.java:updateAndGet(130)) - 387044f6-9ada-47c7-9f57-c4453de21297: start 387044f6-9ada-47c7-9f57-c4453de21297@group-39BBDEC9243B-LeaderStateImpl
2021-08-04 04:53:15,933 [387044f6-9ada-47c7-9f57-c4453de21297@group-39BBDEC9243B-LeaderElection27] INFO  segmented.SegmentedRaftLogWorker (SegmentedRaftLogWorker.java:startLogSegment(394)) - 387044f6-9ada-47c7-9f57-c4453de21297@group-39BBDEC9243B-SegmentedRaftLogWorker: Starting segment from index:0
2021-08-04 04:53:15,935 [EventQueue-PipelineReportForPipelineReportHandler] INFO  pipeline.PipelineManagerV2Impl (PipelineManagerV2Impl.java:openPipeline(283)) - Pipeline Pipeline[ Id: cae475d7-d59d-4af5-b20b-39bbdec9243b, Nodes: 3b35e8af-4420-4337-880c-bcb538b04dba{ip: 10.1.0.14, host: fv-az291-261.wgnan5asplgejimfprtllbpdch.jx.internal.cloudapp.net, ports: [REPLICATION=37687, RATIS=40083, RATIS_ADMIN=40083, RATIS_SERVER=40083, STANDALONE=43785], networkLocation: /default-rack, certSerialId: null, persistedOpState: IN_SERVICE, persistedOpStateExpiryEpochSec: 0}8a31fd49-3da4-4fd9-acfc-b2bde89e3d95{ip: 10.1.0.14, host: fv-az291-261.wgnan5asplgejimfprtllbpdch.jx.internal.cloudapp.net, ports: [REPLICATION=38125, RATIS=37907, RATIS_ADMIN=37907, RATIS_SERVER=37907, STANDALONE=42413], networkLocation: /default-rack, certSerialId: null, persistedOpState: IN_SERVICE, persistedOpStateExpiryEpochSec: 0}387044f6-9ada-47c7-9f57-c4453de21297{ip: 10.1.0.14, host: fv-az291-261.wgnan5asplgejimfprtllbpdch.jx.internal.cloudapp.net, ports: [REPLICATION=33107, RATIS=39215, RATIS_ADMIN=39215, RATIS_SERVER=39215, STANDALONE=42459], networkLocation: /default-rack, certSerialId: null, persistedOpState: IN_SERVICE, persistedOpStateExpiryEpochSec: 0}, ReplicationConfig: RATIS/THREE, State:ALLOCATED, leaderId:387044f6-9ada-47c7-9f57-c4453de21297, CreationTimestamp2021-08-04T04:53:00.053Z[Etc/UTC]] moved to OPEN state
2021-08-04 04:53:15,936 [EventQueue-OpenPipelineForHealthyPipelineSafeModeRule] INFO  safemode.SCMSafeModeManager (HealthyPipelineSafeModeRule.java:process(124)) - SCM in safe mode. Healthy pipelines reported count is 0, required healthy pipeline reported count is 1
2021-08-04 04:53:15,936 [EventQueue-OpenPipelineForHealthyPipelineSafeModeRule] INFO  safemode.SCMSafeModeManager (HealthyPipelineSafeModeRule.java:process(124)) - SCM in safe mode. Healthy pipelines reported count is 1, required healthy pipeline reported count is 1
2021-08-04 04:53:15,936 [EventQueue-OpenPipelineForHealthyPipelineSafeModeRule] INFO  safemode.SCMSafeModeManager (SCMSafeModeManager.java:validateSafeModeExitRules(204)) - HealthyPipelineSafeModeRule rule is successfully validated
2021-08-04 04:53:15,936 [EventQueue-OpenPipelineForHealthyPipelineSafeModeRule] INFO  safemode.SCMSafeModeManager (SCMSafeModeManager.java:validateSafeModeExitRules(219)) - ScmSafeModeManager, all rules are successfully validated
2021-08-04 04:53:15,936 [EventQueue-OpenPipelineForHealthyPipelineSafeModeRule] INFO  safemode.SCMSafeModeManager (SCMSafeModeManager.java:exitSafeMode(248)) - SCM exiting safe mode.
2021-08-04 04:53:15,936 [EventQueue-OpenPipelineForHealthyPipelineSafeModeRule] WARN  events.EventQueue (EventQueue.java:fireEvent(194)) - No event handler registered for event TypedEvent{payloadType=SafeModeStatus, name='Safe mode status'}
2021-08-04 04:53:15,936 [EventQueue-OpenPipelineForHealthyPipelineSafeModeRule] INFO  ha.SCMContext (SCMContext.java:updateSafeModeStatus(205)) - Update SafeModeStatus from SafeModeStatus{safeModeStatus=true, preCheckPassed=true} to SafeModeStatus{safeModeStatus=false, preCheckPassed=true}.
2021-08-04 04:53:15,936 [EventQueue-OpenPipelineForHealthyPipelineSafeModeRule] INFO  pipeline.BackgroundPipelineCreator (BackgroundPipelineCreatorV2.java:notifyStatusChanged(264)) - Service BackgroundPipelineCreator transitions to RUNNING.
2021-08-04 04:53:15,936 [EventQueue-OpenPipelineForHealthyPipelineSafeModeRule] INFO  container.ReplicationManager (ReplicationManager.java:notifyStatusChanged(1674)) - Service ReplicationManager transitions to RUNNING.
2021-08-04 04:53:15,939 [387044f6-9ada-47c7-9f57-c4453de21297@group-39BBDEC9243B-SegmentedRaftLogWorker] INFO  segmented.SegmentedRaftLogWorker (SegmentedRaftLogWorker.java:execute(601)) - 387044f6-9ada-47c7-9f57-c4453de21297@group-39BBDEC9243B-SegmentedRaftLogWorker: created new log segment /home/runner/work/ozone/ozone/mnt/ozone/hadoop-ozone/integration-test/target/test-dir/MiniOzoneClusterImpl-f8689e89-4432-43a3-ae55-b25b0dce3dad/datanode-1/data/ratis/cae475d7-d59d-4af5-b20b-39bbdec9243b/current/log_inprogress_0
2021-08-04 04:53:15,944 [grpc-default-executor-5] INFO  ratis.XceiverServerRatis (XceiverServerRatis.java:handleLeaderChangedNotification(857)) - Leader change notification received for group: group-39BBDEC9243B with new leaderId: 387044f6-9ada-47c7-9f57-c4453de21297
2021-08-04 04:53:15,944 [grpc-default-executor-5] INFO  server.RaftServer$Division (ServerState.java:setLeader(285)) - 3b35e8af-4420-4337-880c-bcb538b04dba@group-39BBDEC9243B: change Leader from null to 387044f6-9ada-47c7-9f57-c4453de21297 at term 3 for appendEntries, leader elected after 15290ms
2021-08-04 04:53:15,946 [387044f6-9ada-47c7-9f57-c4453de21297@group-39BBDEC9243B-LeaderElection27] INFO  server.RaftServer$Division (ServerState.java:setRaftConf(387)) - 387044f6-9ada-47c7-9f57-c4453de21297@group-39BBDEC9243B: set configuration 0: [3b35e8af-4420-4337-880c-bcb538b04dba|rpc:10.1.0.14:40083|dataStream:|priority:0, 387044f6-9ada-47c7-9f57-c4453de21297|rpc:10.1.0.14:39215|dataStream:|priority:1, 8a31fd49-3da4-4fd9-acfc-b2bde89e3d95|rpc:10.1.0.14:37907|dataStream:|priority:0], old=null
2021-08-04 04:53:15,949 [grpc-default-executor-5] INFO  server.RaftServer$Division (ServerState.java:setRaftConf(387)) - 3b35e8af-4420-4337-880c-bcb538b04dba@group-39BBDEC9243B: set configuration 0: [3b35e8af-4420-4337-880c-bcb538b04dba|rpc:10.1.0.14:40083|dataStream:|priority:0, 387044f6-9ada-47c7-9f57-c4453de21297|rpc:10.1.0.14:39215|dataStream:|priority:1, 8a31fd49-3da4-4fd9-acfc-b2bde89e3d95|rpc:10.1.0.14:37907|dataStream:|priority:0], old=null
2021-08-04 04:53:15,949 [grpc-default-executor-5] INFO  segmented.SegmentedRaftLogWorker (SegmentedRaftLogWorker.java:startLogSegment(394)) - 3b35e8af-4420-4337-880c-bcb538b04dba@group-39BBDEC9243B-SegmentedRaftLogWorker: Starting segment from index:0
2021-08-04 04:53:15,950 [3b35e8af-4420-4337-880c-bcb538b04dba@group-39BBDEC9243B-SegmentedRaftLogWorker] INFO  segmented.SegmentedRaftLogWorker (SegmentedRaftLogWorker.java:execute(601)) - 3b35e8af-4420-4337-880c-bcb538b04dba@group-39BBDEC9243B-SegmentedRaftLogWorker: created new log segment /home/runner/work/ozone/ozone/mnt/ozone/hadoop-ozone/integration-test/target/test-dir/MiniOzoneClusterImpl-f8689e89-4432-43a3-ae55-b25b0dce3dad/datanode-2/data/ratis/cae475d7-d59d-4af5-b20b-39bbdec9243b/current/log_inprogress_0
2021-08-04 04:53:15,958 [grpc-default-executor-5] INFO  ratis.XceiverServerRatis (XceiverServerRatis.java:handleLeaderChangedNotification(857)) - Leader change notification received for group: group-39BBDEC9243B with new leaderId: 387044f6-9ada-47c7-9f57-c4453de21297
2021-08-04 04:53:15,958 [grpc-default-executor-5] INFO  server.RaftServer$Division (ServerState.java:setLeader(285)) - 8a31fd49-3da4-4fd9-acfc-b2bde89e3d95@group-39BBDEC9243B: change Leader from null to 387044f6-9ada-47c7-9f57-c4453de21297 at term 3 for appendEntries, leader elected after 15268ms
2021-08-04 04:53:15,961 [grpc-default-executor-5] INFO  server.RaftServer$Division (ServerState.java:setRaftConf(387)) - 8a31fd49-3da4-4fd9-acfc-b2bde89e3d95@group-39BBDEC9243B: set configuration 0: [3b35e8af-4420-4337-880c-bcb538b04dba|rpc:10.1.0.14:40083|dataStream:|priority:0, 387044f6-9ada-47c7-9f57-c4453de21297|rpc:10.1.0.14:39215|dataStream:|priority:1, 8a31fd49-3da4-4fd9-acfc-b2bde89e3d95|rpc:10.1.0.14:37907|dataStream:|priority:0], old=null
2021-08-04 04:53:15,962 [grpc-default-executor-5] INFO  segmented.SegmentedRaftLogWorker (SegmentedRaftLogWorker.java:startLogSegment(394)) - 8a31fd49-3da4-4fd9-acfc-b2bde89e3d95@group-39BBDEC9243B-SegmentedRaftLogWorker: Starting segment from index:0
2021-08-04 04:53:15,964 [8a31fd49-3da4-4fd9-acfc-b2bde89e3d95@group-39BBDEC9243B-SegmentedRaftLogWorker] INFO  segmented.SegmentedRaftLogWorker (SegmentedRaftLogWorker.java:execute(601)) - 8a31fd49-3da4-4fd9-acfc-b2bde89e3d95@group-39BBDEC9243B-SegmentedRaftLogWorker: created new log segment /home/runner/work/ozone/ozone/mnt/ozone/hadoop-ozone/integration-test/target/test-dir/MiniOzoneClusterImpl-f8689e89-4432-43a3-ae55-b25b0dce3dad/datanode-0/data/ratis/cae475d7-d59d-4af5-b20b-39bbdec9243b/current/log_inprogress_0
2021-08-04 04:53:16,896 [Listener at 0.0.0.0/43893] INFO  ozone.MiniOzoneClusterImpl (MiniOzoneClusterImpl.java:lambda$waitForClusterToBeReady$0(235)) - Nodes are ready. Got 3 of 3 DN Heartbeats.
2021-08-04 04:53:16,896 [Listener at 0.0.0.0/43893] INFO  ozone.MiniOzoneClusterImpl (MiniOzoneClusterImpl.java:lambda$waitForClusterToBeReady$0(238)) - Cluster exits safe mode
2021-08-04 04:53:16,896 [Listener at 0.0.0.0/43893] INFO  ozone.MiniOzoneClusterImpl (MiniOzoneClusterImpl.java:lambda$waitForClusterToBeReady$0(240)) - SCM became leader
2021-08-04 04:53:16,896 [Listener at 0.0.0.0/43893] WARN  upgrade.InjectedUpgradeFinalizationExecutor (InjectedUpgradeFinalizationExecutor.java:execute(90)) - Upgrade Finalization failed with following Exception.
org.apache.hadoop.ozone.upgrade.InjectedUpgradeFinalizationExecutor$UpgradeTestInjectionAbort
	at org.apache.hadoop.ozone.upgrade.InjectedUpgradeFinalizationExecutor.injectTestFunctionAtThisPoint(InjectedUpgradeFinalizationExecutor.java:124)
	at org.apache.hadoop.ozone.upgrade.InjectedUpgradeFinalizationExecutor.execute(InjectedUpgradeFinalizationExecutor.java:80)
	at org.apache.hadoop.ozone.upgrade.BasicUpgradeFinalizer.finalize(BasicUpgradeFinalizer.java:75)
	at org.apache.hadoop.hdds.scm.server.StorageContainerManager.finalizeUpgrade(StorageContainerManager.java:1774)
	at org.apache.hadoop.hdds.upgrade.TestHDDSUpgrade.testFinalizationWithFailureInjectionHelper(TestHDDSUpgrade.java:1007)
	at org.apache.hadoop.hdds.upgrade.TestHDDSUpgrade.testScmFailuresAfterScmPreFinalizeUpgrade(TestHDDSUpgrade.java:657)
	at sun.reflect.NativeMethodAccessorImpl.invoke0(Native Method)
	at sun.reflect.NativeMethodAccessorImpl.invoke(NativeMethodAccessorImpl.java:62)
	at sun.reflect.DelegatingMethodAccessorImpl.invoke(DelegatingMethodAccessorImpl.java:43)
	at java.lang.reflect.Method.invoke(Method.java:498)
	at org.junit.runners.model.FrameworkMethod$1.runReflectiveCall(FrameworkMethod.java:59)
	at org.junit.internal.runners.model.ReflectiveCallable.run(ReflectiveCallable.java:12)
	at org.junit.runners.model.FrameworkMethod.invokeExplosively(FrameworkMethod.java:56)
	at org.junit.internal.runners.statements.InvokeMethod.evaluate(InvokeMethod.java:17)
	at org.junit.internal.runners.statements.RunBefores.evaluate(RunBefores.java:26)
	at org.junit.internal.runners.statements.RunAfters.evaluate(RunAfters.java:27)
	at org.junit.internal.runners.statements.FailOnTimeout$CallableStatement.call(FailOnTimeout.java:288)
	at org.junit.internal.runners.statements.FailOnTimeout$CallableStatement.call(FailOnTimeout.java:282)
	at java.util.concurrent.FutureTask.run(FutureTask.java:266)
	at java.lang.Thread.run(Thread.java:748)
2021-08-04 04:53:16,897 [Thread-787] INFO  upgrade.UpgradeFinalizer (BasicUpgradeFinalizer.java:logAndEmit(341)) - Finalization started.
2021-08-04 04:53:16,898 [Thread-787] INFO  pipeline.BackgroundPipelineCreator (BackgroundPipelineCreatorV2.java:stop(158)) - Stopping RatisPipelineUtilsThread.
2021-08-04 04:53:16,901 [Thread-787] INFO  pipeline.PipelineManagerV2Impl (PipelineManagerV2Impl.java:closePipeline(343)) - Pipeline Pipeline[ Id: 65304c26-2da6-4d58-9f8d-a4c91b0c17f2, Nodes: 8a31fd49-3da4-4fd9-acfc-b2bde89e3d95{ip: 10.1.0.14, host: fv-az291-261.wgnan5asplgejimfprtllbpdch.jx.internal.cloudapp.net, ports: [REPLICATION=38125, RATIS=37907, RATIS_ADMIN=37907, RATIS_SERVER=37907, STANDALONE=42413], networkLocation: /default-rack, certSerialId: null, persistedOpState: IN_SERVICE, persistedOpStateExpiryEpochSec: 0}, ReplicationConfig: RATIS/ONE, State:OPEN, leaderId:8a31fd49-3da4-4fd9-acfc-b2bde89e3d95, CreationTimestamp2021-08-04T04:52:59.862Z[Etc/UTC]] moved to CLOSED state
2021-08-04 04:53:16,901 [Thread-787] INFO  pipeline.RatisPipelineProvider (RatisPipelineProvider.java:lambda$close$1(222)) - Send pipeline:PipelineID=65304c26-2da6-4d58-9f8d-a4c91b0c17f2 close command to datanode 8a31fd49-3da4-4fd9-acfc-b2bde89e3d95
2021-08-04 04:53:16,911 [Thread-787] INFO  pipeline.PipelineStateManager (PipelineStateManagerV2Impl.java:removePipeline(211)) - Pipeline Pipeline[ Id: 65304c26-2da6-4d58-9f8d-a4c91b0c17f2, Nodes: 8a31fd49-3da4-4fd9-acfc-b2bde89e3d95{ip: 10.1.0.14, host: fv-az291-261.wgnan5asplgejimfprtllbpdch.jx.internal.cloudapp.net, ports: [REPLICATION=38125, RATIS=37907, RATIS_ADMIN=37907, RATIS_SERVER=37907, STANDALONE=42413], networkLocation: /default-rack, certSerialId: null, persistedOpState: IN_SERVICE, persistedOpStateExpiryEpochSec: 0}, ReplicationConfig: RATIS/ONE, State:CLOSED, leaderId:8a31fd49-3da4-4fd9-acfc-b2bde89e3d95, CreationTimestamp2021-08-04T04:52:59.862Z[Etc/UTC]] removed.
2021-08-04 04:53:16,911 [Thread-787] INFO  pipeline.PipelineManagerV2Impl (PipelineManagerV2Impl.java:closePipeline(343)) - Pipeline Pipeline[ Id: e34c8042-5bc0-4086-b5df-74e1530c603f, Nodes: 387044f6-9ada-47c7-9f57-c4453de21297{ip: 10.1.0.14, host: fv-az291-261.wgnan5asplgejimfprtllbpdch.jx.internal.cloudapp.net, ports: [REPLICATION=33107, RATIS=39215, RATIS_ADMIN=39215, RATIS_SERVER=39215, STANDALONE=42459], networkLocation: /default-rack, certSerialId: null, persistedOpState: IN_SERVICE, persistedOpStateExpiryEpochSec: 0}, ReplicationConfig: RATIS/ONE, State:OPEN, leaderId:387044f6-9ada-47c7-9f57-c4453de21297, CreationTimestamp2021-08-04T04:53:00.051Z[Etc/UTC]] moved to CLOSED state
2021-08-04 04:53:16,911 [Thread-787] INFO  pipeline.RatisPipelineProvider (RatisPipelineProvider.java:lambda$close$1(222)) - Send pipeline:PipelineID=e34c8042-5bc0-4086-b5df-74e1530c603f close command to datanode 387044f6-9ada-47c7-9f57-c4453de21297
2021-08-04 04:53:16,911 [Thread-787] INFO  pipeline.PipelineStateManager (PipelineStateManagerV2Impl.java:removePipeline(211)) - Pipeline Pipeline[ Id: e34c8042-5bc0-4086-b5df-74e1530c603f, Nodes: 387044f6-9ada-47c7-9f57-c4453de21297{ip: 10.1.0.14, host: fv-az291-261.wgnan5asplgejimfprtllbpdch.jx.internal.cloudapp.net, ports: [REPLICATION=33107, RATIS=39215, RATIS_ADMIN=39215, RATIS_SERVER=39215, STANDALONE=42459], networkLocation: /default-rack, certSerialId: null, persistedOpState: IN_SERVICE, persistedOpStateExpiryEpochSec: 0}, ReplicationConfig: RATIS/ONE, State:CLOSED, leaderId:387044f6-9ada-47c7-9f57-c4453de21297, CreationTimestamp2021-08-04T04:53:00.051Z[Etc/UTC]] removed.
2021-08-04 04:53:16,911 [Thread-787] INFO  pipeline.PipelineManagerV2Impl (PipelineManagerV2Impl.java:closePipeline(343)) - Pipeline Pipeline[ Id: cae475d7-d59d-4af5-b20b-39bbdec9243b, Nodes: 3b35e8af-4420-4337-880c-bcb538b04dba{ip: 10.1.0.14, host: fv-az291-261.wgnan5asplgejimfprtllbpdch.jx.internal.cloudapp.net, ports: [REPLICATION=37687, RATIS=40083, RATIS_ADMIN=40083, RATIS_SERVER=40083, STANDALONE=43785], networkLocation: /default-rack, certSerialId: null, persistedOpState: IN_SERVICE, persistedOpStateExpiryEpochSec: 0}8a31fd49-3da4-4fd9-acfc-b2bde89e3d95{ip: 10.1.0.14, host: fv-az291-261.wgnan5asplgejimfprtllbpdch.jx.internal.cloudapp.net, ports: [REPLICATION=38125, RATIS=37907, RATIS_ADMIN=37907, RATIS_SERVER=37907, STANDALONE=42413], networkLocation: /default-rack, certSerialId: null, persistedOpState: IN_SERVICE, persistedOpStateExpiryEpochSec: 0}387044f6-9ada-47c7-9f57-c4453de21297{ip: 10.1.0.14, host: fv-az291-261.wgnan5asplgejimfprtllbpdch.jx.internal.cloudapp.net, ports: [REPLICATION=33107, RATIS=39215, RATIS_ADMIN=39215, RATIS_SERVER=39215, STANDALONE=42459], networkLocation: /default-rack, certSerialId: null, persistedOpState: IN_SERVICE, persistedOpStateExpiryEpochSec: 0}, ReplicationConfig: RATIS/THREE, State:OPEN, leaderId:387044f6-9ada-47c7-9f57-c4453de21297, CreationTimestamp2021-08-04T04:53:00.053Z[Etc/UTC]] moved to CLOSED state
2021-08-04 04:53:16,911 [Thread-787] INFO  pipeline.RatisPipelineProvider (RatisPipelineProvider.java:lambda$close$1(222)) - Send pipeline:PipelineID=cae475d7-d59d-4af5-b20b-39bbdec9243b close command to datanode 3b35e8af-4420-4337-880c-bcb538b04dba
2021-08-04 04:53:16,911 [Thread-787] INFO  pipeline.RatisPipelineProvider (RatisPipelineProvider.java:lambda$close$1(222)) - Send pipeline:PipelineID=cae475d7-d59d-4af5-b20b-39bbdec9243b close command to datanode 8a31fd49-3da4-4fd9-acfc-b2bde89e3d95
2021-08-04 04:53:16,911 [Thread-787] INFO  pipeline.RatisPipelineProvider (RatisPipelineProvider.java:lambda$close$1(222)) - Send pipeline:PipelineID=cae475d7-d59d-4af5-b20b-39bbdec9243b close command to datanode 387044f6-9ada-47c7-9f57-c4453de21297
2021-08-04 04:53:16,912 [Thread-787] INFO  pipeline.PipelineStateManager (PipelineStateManagerV2Impl.java:removePipeline(211)) - Pipeline Pipeline[ Id: cae475d7-d59d-4af5-b20b-39bbdec9243b, Nodes: 3b35e8af-4420-4337-880c-bcb538b04dba{ip: 10.1.0.14, host: fv-az291-261.wgnan5asplgejimfprtllbpdch.jx.internal.cloudapp.net, ports: [REPLICATION=37687, RATIS=40083, RATIS_ADMIN=40083, RATIS_SERVER=40083, STANDALONE=43785], networkLocation: /default-rack, certSerialId: null, persistedOpState: IN_SERVICE, persistedOpStateExpiryEpochSec: 0}8a31fd49-3da4-4fd9-acfc-b2bde89e3d95{ip: 10.1.0.14, host: fv-az291-261.wgnan5asplgejimfprtllbpdch.jx.internal.cloudapp.net, ports: [REPLICATION=38125, RATIS=37907, RATIS_ADMIN=37907, RATIS_SERVER=37907, STANDALONE=42413], networkLocation: /default-rack, certSerialId: null, persistedOpState: IN_SERVICE, persistedOpStateExpiryEpochSec: 0}387044f6-9ada-47c7-9f57-c4453de21297{ip: 10.1.0.14, host: fv-az291-261.wgnan5asplgejimfprtllbpdch.jx.internal.cloudapp.net, ports: [REPLICATION=33107, RATIS=39215, RATIS_ADMIN=39215, RATIS_SERVER=39215, STANDALONE=42459], networkLocation: /default-rack, certSerialId: null, persistedOpState: IN_SERVICE, persistedOpStateExpiryEpochSec: 0}, ReplicationConfig: RATIS/THREE, State:CLOSED, leaderId:387044f6-9ada-47c7-9f57-c4453de21297, CreationTimestamp2021-08-04T04:53:00.053Z[Etc/UTC]] removed.
2021-08-04 04:53:16,912 [Thread-787] INFO  pipeline.PipelineManagerV2Impl (PipelineManagerV2Impl.java:closePipeline(343)) - Pipeline Pipeline[ Id: de5b46cd-9575-4562-a570-dd69081e450c, Nodes: 3b35e8af-4420-4337-880c-bcb538b04dba{ip: 10.1.0.14, host: fv-az291-261.wgnan5asplgejimfprtllbpdch.jx.internal.cloudapp.net, ports: [REPLICATION=37687, RATIS=40083, RATIS_ADMIN=40083, RATIS_SERVER=40083, STANDALONE=43785], networkLocation: /default-rack, certSerialId: null, persistedOpState: IN_SERVICE, persistedOpStateExpiryEpochSec: 0}, ReplicationConfig: RATIS/ONE, State:OPEN, leaderId:3b35e8af-4420-4337-880c-bcb538b04dba, CreationTimestamp2021-08-04T04:52:59.641Z[Etc/UTC]] moved to CLOSED state
2021-08-04 04:53:16,912 [Thread-787] INFO  pipeline.RatisPipelineProvider (RatisPipelineProvider.java:lambda$close$1(222)) - Send pipeline:PipelineID=de5b46cd-9575-4562-a570-dd69081e450c close command to datanode 3b35e8af-4420-4337-880c-bcb538b04dba
2021-08-04 04:53:16,913 [Thread-787] INFO  pipeline.PipelineStateManager (PipelineStateManagerV2Impl.java:removePipeline(211)) - Pipeline Pipeline[ Id: de5b46cd-9575-4562-a570-dd69081e450c, Nodes: 3b35e8af-4420-4337-880c-bcb538b04dba{ip: 10.1.0.14, host: fv-az291-261.wgnan5asplgejimfprtllbpdch.jx.internal.cloudapp.net, ports: [REPLICATION=37687, RATIS=40083, RATIS_ADMIN=40083, RATIS_SERVER=40083, STANDALONE=43785], networkLocation: /default-rack, certSerialId: null, persistedOpState: IN_SERVICE, persistedOpStateExpiryEpochSec: 0}, ReplicationConfig: RATIS/ONE, State:CLOSED, leaderId:3b35e8af-4420-4337-880c-bcb538b04dba, CreationTimestamp2021-08-04T04:52:59.641Z[Etc/UTC]] removed.
2021-08-04 04:53:16,913 [Thread-787] INFO  upgrade.UpgradeFinalizer (SCMUpgradeFinalizer.java:waitForAllPipelinesToDestroy(154)) - Waiting for all pipelines to close.
2021-08-04 04:53:16,968 [EventQueue-PipelineReportForPipelineReportHandler] INFO  pipeline.PipelineReportHandler (PipelineReportHandler.java:processPipelineReport(111)) - Reported pipeline PipelineID=65304c26-2da6-4d58-9f8d-a4c91b0c17f2 is not found
2021-08-04 04:53:16,968 [EventQueue-PipelineReportForPipelineReportHandler] INFO  pipeline.PipelineReportHandler (PipelineReportHandler.java:processPipelineReport(111)) - Reported pipeline PipelineID=cae475d7-d59d-4af5-b20b-39bbdec9243b is not found
2021-08-04 04:53:17,430 [Command processor thread] INFO  server.RaftServer (RaftServerProxy.java:remove(106)) - 387044f6-9ada-47c7-9f57-c4453de21297: remove    LEADER 387044f6-9ada-47c7-9f57-c4453de21297@group-74E1530C603F:t1, leader=387044f6-9ada-47c7-9f57-c4453de21297, voted=387044f6-9ada-47c7-9f57-c4453de21297, raftlog=387044f6-9ada-47c7-9f57-c4453de21297@group-74E1530C603F-SegmentedRaftLog:OPENED:c0,f0,i0, conf=0: [387044f6-9ada-47c7-9f57-c4453de21297|rpc:10.1.0.14:39215|dataStream:|priority:1], old=null RUNNING
2021-08-04 04:53:17,430 [Command processor thread] INFO  server.RaftServer$Division (RaftServerImpl.java:lambda$close$4(407)) - 387044f6-9ada-47c7-9f57-c4453de21297@group-74E1530C603F: shutdown
2021-08-04 04:53:17,430 [Command processor thread] INFO  util.JmxRegister (JmxRegister.java:unregister(73)) - Successfully un-registered JMX Bean with object name Ratis:service=RaftServer,group=group-74E1530C603F,id=387044f6-9ada-47c7-9f57-c4453de21297
2021-08-04 04:53:17,431 [Command processor thread] INFO  impl.RoleInfo (RoleInfo.java:shutdownLeaderState(91)) - 387044f6-9ada-47c7-9f57-c4453de21297: shutdown 387044f6-9ada-47c7-9f57-c4453de21297@group-74E1530C603F-LeaderStateImpl
2021-08-04 04:53:17,431 [Command processor thread] INFO  impl.PendingRequests (PendingRequests.java:sendNotLeaderResponses(249)) - 387044f6-9ada-47c7-9f57-c4453de21297@group-74E1530C603F-PendingRequests: sendNotLeaderResponses
2021-08-04 04:53:17,431 [Command processor thread] INFO  impl.StateMachineUpdater (StateMachineUpdater.java:stopAndJoin(149)) - 387044f6-9ada-47c7-9f57-c4453de21297@group-74E1530C603F-StateMachineUpdater: set stopIndex = 0
2021-08-04 04:53:17,432 [387044f6-9ada-47c7-9f57-c4453de21297@group-74E1530C603F-StateMachineUpdater] INFO  ratis.ContainerStateMachine (ContainerStateMachine.java:takeSnapshot(291)) - group-74E1530C603F: Taking a snapshot at:(t:1, i:0) file /home/runner/work/ozone/ozone/mnt/ozone/hadoop-ozone/integration-test/target/test-dir/MiniOzoneClusterImpl-f8689e89-4432-43a3-ae55-b25b0dce3dad/datanode-1/data/ratis/e34c8042-5bc0-4086-b5df-74e1530c603f/sm/snapshot.1_0
2021-08-04 04:53:17,433 [EventQueue-PipelineReportForPipelineReportHandler] INFO  pipeline.PipelineReportHandler (PipelineReportHandler.java:processPipelineReport(111)) - Reported pipeline PipelineID=e34c8042-5bc0-4086-b5df-74e1530c603f is not found
2021-08-04 04:53:17,433 [EventQueue-PipelineReportForPipelineReportHandler] INFO  pipeline.PipelineReportHandler (PipelineReportHandler.java:processPipelineReport(111)) - Reported pipeline PipelineID=cae475d7-d59d-4af5-b20b-39bbdec9243b is not found
2021-08-04 04:53:17,433 [387044f6-9ada-47c7-9f57-c4453de21297@group-74E1530C603F-StateMachineUpdater] INFO  ratis.ContainerStateMachine (ContainerStateMachine.java:takeSnapshot(302)) - group-74E1530C603F: Finished taking a snapshot at:(t:1, i:0) file:/home/runner/work/ozone/ozone/mnt/ozone/hadoop-ozone/integration-test/target/test-dir/MiniOzoneClusterImpl-f8689e89-4432-43a3-ae55-b25b0dce3dad/datanode-1/data/ratis/e34c8042-5bc0-4086-b5df-74e1530c603f/sm/snapshot.1_0 took: 2 ms
2021-08-04 04:53:17,434 [387044f6-9ada-47c7-9f57-c4453de21297@group-74E1530C603F-StateMachineUpdater] INFO  impl.StateMachineUpdater (StateMachineUpdater.java:takeSnapshot(281)) - 387044f6-9ada-47c7-9f57-c4453de21297@group-74E1530C603F-StateMachineUpdater: Took a snapshot at index 0
2021-08-04 04:53:17,434 [387044f6-9ada-47c7-9f57-c4453de21297@group-74E1530C603F-StateMachineUpdater] INFO  impl.StateMachineUpdater (StateMachineUpdater.java:lambda$new$0(89)) - 387044f6-9ada-47c7-9f57-c4453de21297@group-74E1530C603F-StateMachineUpdater: snapshotIndex: updateIncreasingly -1 -> 0
2021-08-04 04:53:17,437 [Command processor thread] INFO  server.RaftServer$Division (ServerState.java:close(419)) - 387044f6-9ada-47c7-9f57-c4453de21297@group-74E1530C603F: closes. applyIndex: 0
2021-08-04 04:53:17,437 [387044f6-9ada-47c7-9f57-c4453de21297@group-74E1530C603F-SegmentedRaftLogWorker] INFO  segmented.SegmentedRaftLogWorker (SegmentedRaftLogWorker.java:run(327)) - 387044f6-9ada-47c7-9f57-c4453de21297@group-74E1530C603F-SegmentedRaftLogWorker was interrupted, exiting. There are 0 tasks remaining in the queue.
2021-08-04 04:53:17,438 [Command processor thread] INFO  segmented.SegmentedRaftLogWorker (SegmentedRaftLogWorker.java:close(237)) - 387044f6-9ada-47c7-9f57-c4453de21297@group-74E1530C603F-SegmentedRaftLogWorker close()
2021-08-04 04:53:17,440 [Command processor thread] INFO  server.RaftServer$Division (RaftServerImpl.java:groupRemove(377)) - 387044f6-9ada-47c7-9f57-c4453de21297@group-74E1530C603F: Succeed to remove RaftStorageDirectory Storage Directory /home/runner/work/ozone/ozone/mnt/ozone/hadoop-ozone/integration-test/target/test-dir/MiniOzoneClusterImpl-f8689e89-4432-43a3-ae55-b25b0dce3dad/datanode-1/data/ratis/e34c8042-5bc0-4086-b5df-74e1530c603f
2021-08-04 04:53:17,440 [Command processor thread] INFO  commandhandler.ClosePipelineCommandHandler (ClosePipelineCommandHandler.java:handle(75)) - Close Pipeline PipelineID=e34c8042-5bc0-4086-b5df-74e1530c603f command on datanode 387044f6-9ada-47c7-9f57-c4453de21297.
2021-08-04 04:53:17,440 [Command processor thread] INFO  server.RaftServer (RaftServerProxy.java:remove(106)) - 387044f6-9ada-47c7-9f57-c4453de21297: remove    LEADER 387044f6-9ada-47c7-9f57-c4453de21297@group-39BBDEC9243B:t3, leader=387044f6-9ada-47c7-9f57-c4453de21297, voted=387044f6-9ada-47c7-9f57-c4453de21297, raftlog=387044f6-9ada-47c7-9f57-c4453de21297@group-39BBDEC9243B-SegmentedRaftLog:OPENED:c0,f0,i0, conf=0: [3b35e8af-4420-4337-880c-bcb538b04dba|rpc:10.1.0.14:40083|dataStream:|priority:0, 387044f6-9ada-47c7-9f57-c4453de21297|rpc:10.1.0.14:39215|dataStream:|priority:1, 8a31fd49-3da4-4fd9-acfc-b2bde89e3d95|rpc:10.1.0.14:37907|dataStream:|priority:0], old=null RUNNING
2021-08-04 04:53:17,440 [Command processor thread] INFO  server.RaftServer$Division (RaftServerImpl.java:lambda$close$4(407)) - 387044f6-9ada-47c7-9f57-c4453de21297@group-39BBDEC9243B: shutdown
2021-08-04 04:53:17,440 [Command processor thread] INFO  util.JmxRegister (JmxRegister.java:unregister(73)) - Successfully un-registered JMX Bean with object name Ratis:service=RaftServer,group=group-39BBDEC9243B,id=387044f6-9ada-47c7-9f57-c4453de21297
2021-08-04 04:53:17,440 [Command processor thread] INFO  impl.RoleInfo (RoleInfo.java:shutdownLeaderState(91)) - 387044f6-9ada-47c7-9f57-c4453de21297: shutdown 387044f6-9ada-47c7-9f57-c4453de21297@group-39BBDEC9243B-LeaderStateImpl
2021-08-04 04:53:17,440 [Command processor thread] INFO  impl.PendingRequests (PendingRequests.java:sendNotLeaderResponses(249)) - 387044f6-9ada-47c7-9f57-c4453de21297@group-39BBDEC9243B-PendingRequests: sendNotLeaderResponses
2021-08-04 04:53:17,441 [387044f6-9ada-47c7-9f57-c4453de21297@group-39BBDEC9243B->3b35e8af-4420-4337-880c-bcb538b04dba-GrpcLogAppender-LogAppenderDaemon] WARN  server.GrpcLogAppender (GrpcLogAppender.java:mayWait(175)) - 387044f6-9ada-47c7-9f57-c4453de21297@group-39BBDEC9243B->3b35e8af-4420-4337-880c-bcb538b04dba-GrpcLogAppender: Wait interrupted by java.lang.InterruptedException
2021-08-04 04:53:17,441 [387044f6-9ada-47c7-9f57-c4453de21297@group-39BBDEC9243B->8a31fd49-3da4-4fd9-acfc-b2bde89e3d95-GrpcLogAppender-LogAppenderDaemon] WARN  server.GrpcLogAppender (GrpcLogAppender.java:mayWait(175)) - 387044f6-9ada-47c7-9f57-c4453de21297@group-39BBDEC9243B->8a31fd49-3da4-4fd9-acfc-b2bde89e3d95-GrpcLogAppender: Wait interrupted by java.lang.InterruptedException
2021-08-04 04:53:17,442 [grpc-default-executor-5] INFO  server.GrpcServerProtocolService (GrpcServerProtocolService.java:onCompleted(140)) - 3b35e8af-4420-4337-880c-bcb538b04dba: Completed APPEND_ENTRIES, lastRequest: 387044f6-9ada-47c7-9f57-c4453de21297->3b35e8af-4420-4337-880c-bcb538b04dba#1-t3,previous=(t:0, i:0),leaderCommit=0,initializing? true,entries: size=1, first=(t:3, i:0), CONFIGURATIONENTRY
2021-08-04 04:53:17,442 [grpc-default-executor-3] INFO  server.GrpcServerProtocolService (GrpcServerProtocolService.java:onCompleted(140)) - 8a31fd49-3da4-4fd9-acfc-b2bde89e3d95: Completed APPEND_ENTRIES, lastRequest: 387044f6-9ada-47c7-9f57-c4453de21297->8a31fd49-3da4-4fd9-acfc-b2bde89e3d95#1-t3,previous=(t:0, i:0),leaderCommit=0,initializing? true,entries: size=1, first=(t:3, i:0), CONFIGURATIONENTRY
2021-08-04 04:53:17,443 [grpc-default-executor-4] INFO  server.GrpcLogAppender (GrpcLogAppender.java:onCompleted(344)) - 387044f6-9ada-47c7-9f57-c4453de21297@group-39BBDEC9243B->3b35e8af-4420-4337-880c-bcb538b04dba-AppendLogResponseHandler: follower responses appendEntries COMPLETED
2021-08-04 04:53:17,443 [grpc-default-executor-4] INFO  leader.FollowerInfo (FollowerInfoImpl.java:lambda$new$0(46)) - 387044f6-9ada-47c7-9f57-c4453de21297@group-39BBDEC9243B->3b35e8af-4420-4337-880c-bcb538b04dba: nextIndex: updateUnconditionally 1 -> 0
2021-08-04 04:53:17,443 [grpc-default-executor-4] INFO  server.GrpcLogAppender (GrpcLogAppender.java:onCompleted(344)) - 387044f6-9ada-47c7-9f57-c4453de21297@group-39BBDEC9243B->8a31fd49-3da4-4fd9-acfc-b2bde89e3d95-AppendLogResponseHandler: follower responses appendEntries COMPLETED
2021-08-04 04:53:17,443 [grpc-default-executor-4] INFO  leader.FollowerInfo (FollowerInfoImpl.java:lambda$new$0(46)) - 387044f6-9ada-47c7-9f57-c4453de21297@group-39BBDEC9243B->8a31fd49-3da4-4fd9-acfc-b2bde89e3d95: nextIndex: updateUnconditionally 1 -> 0
2021-08-04 04:53:17,447 [387044f6-9ada-47c7-9f57-c4453de21297@group-39BBDEC9243B-StateMachineUpdater] INFO  ratis.ContainerStateMachine (ContainerStateMachine.java:takeSnapshot(291)) - group-39BBDEC9243B: Taking a snapshot at:(t:3, i:0) file /home/runner/work/ozone/ozone/mnt/ozone/hadoop-ozone/integration-test/target/test-dir/MiniOzoneClusterImpl-f8689e89-4432-43a3-ae55-b25b0dce3dad/datanode-1/data/ratis/cae475d7-d59d-4af5-b20b-39bbdec9243b/sm/snapshot.3_0
2021-08-04 04:53:17,447 [Command processor thread] INFO  impl.StateMachineUpdater (StateMachineUpdater.java:stopAndJoin(149)) - 387044f6-9ada-47c7-9f57-c4453de21297@group-39BBDEC9243B-StateMachineUpdater: set stopIndex = 0
2021-08-04 04:53:17,448 [387044f6-9ada-47c7-9f57-c4453de21297@group-39BBDEC9243B-StateMachineUpdater] INFO  ratis.ContainerStateMachine (ContainerStateMachine.java:takeSnapshot(302)) - group-39BBDEC9243B: Finished taking a snapshot at:(t:3, i:0) file:/home/runner/work/ozone/ozone/mnt/ozone/hadoop-ozone/integration-test/target/test-dir/MiniOzoneClusterImpl-f8689e89-4432-43a3-ae55-b25b0dce3dad/datanode-1/data/ratis/cae475d7-d59d-4af5-b20b-39bbdec9243b/sm/snapshot.3_0 took: 1 ms
2021-08-04 04:53:17,448 [387044f6-9ada-47c7-9f57-c4453de21297@group-39BBDEC9243B-StateMachineUpdater] INFO  impl.StateMachineUpdater (StateMachineUpdater.java:takeSnapshot(281)) - 387044f6-9ada-47c7-9f57-c4453de21297@group-39BBDEC9243B-StateMachineUpdater: Took a snapshot at index 0
2021-08-04 04:53:17,448 [387044f6-9ada-47c7-9f57-c4453de21297@group-39BBDEC9243B-StateMachineUpdater] INFO  impl.StateMachineUpdater (StateMachineUpdater.java:lambda$new$0(89)) - 387044f6-9ada-47c7-9f57-c4453de21297@group-39BBDEC9243B-StateMachineUpdater: snapshotIndex: updateIncreasingly -1 -> 0
2021-08-04 04:53:17,448 [Command processor thread] INFO  server.RaftServer$Division (ServerState.java:close(419)) - 387044f6-9ada-47c7-9f57-c4453de21297@group-39BBDEC9243B: closes. applyIndex: 0
2021-08-04 04:53:17,449 [387044f6-9ada-47c7-9f57-c4453de21297@group-39BBDEC9243B-SegmentedRaftLogWorker] INFO  segmented.SegmentedRaftLogWorker (SegmentedRaftLogWorker.java:run(327)) - 387044f6-9ada-47c7-9f57-c4453de21297@group-39BBDEC9243B-SegmentedRaftLogWorker was interrupted, exiting. There are 0 tasks remaining in the queue.
2021-08-04 04:53:17,454 [Command processor thread] INFO  segmented.SegmentedRaftLogWorker (SegmentedRaftLogWorker.java:close(237)) - 387044f6-9ada-47c7-9f57-c4453de21297@group-39BBDEC9243B-SegmentedRaftLogWorker close()
2021-08-04 04:53:17,455 [Command processor thread] INFO  server.RaftServer$Division (RaftServerImpl.java:groupRemove(377)) - 387044f6-9ada-47c7-9f57-c4453de21297@group-39BBDEC9243B: Succeed to remove RaftStorageDirectory Storage Directory /home/runner/work/ozone/ozone/mnt/ozone/hadoop-ozone/integration-test/target/test-dir/MiniOzoneClusterImpl-f8689e89-4432-43a3-ae55-b25b0dce3dad/datanode-1/data/ratis/cae475d7-d59d-4af5-b20b-39bbdec9243b
2021-08-04 04:53:17,455 [Command processor thread] INFO  commandhandler.ClosePipelineCommandHandler (ClosePipelineCommandHandler.java:handle(75)) - Close Pipeline PipelineID=cae475d7-d59d-4af5-b20b-39bbdec9243b command on datanode 387044f6-9ada-47c7-9f57-c4453de21297.
2021-08-04 04:53:17,814 [Command processor thread] INFO  server.RaftServer (RaftServerProxy.java:remove(106)) - 3b35e8af-4420-4337-880c-bcb538b04dba: remove  FOLLOWER 3b35e8af-4420-4337-880c-bcb538b04dba@group-39BBDEC9243B:t3, leader=387044f6-9ada-47c7-9f57-c4453de21297, voted=387044f6-9ada-47c7-9f57-c4453de21297, raftlog=3b35e8af-4420-4337-880c-bcb538b04dba@group-39BBDEC9243B-SegmentedRaftLog:OPENED:c0,f0,i0, conf=0: [3b35e8af-4420-4337-880c-bcb538b04dba|rpc:10.1.0.14:40083|dataStream:|priority:0, 387044f6-9ada-47c7-9f57-c4453de21297|rpc:10.1.0.14:39215|dataStream:|priority:1, 8a31fd49-3da4-4fd9-acfc-b2bde89e3d95|rpc:10.1.0.14:37907|dataStream:|priority:0], old=null RUNNING
2021-08-04 04:53:17,814 [Command processor thread] INFO  server.RaftServer$Division (RaftServerImpl.java:lambda$close$4(407)) - 3b35e8af-4420-4337-880c-bcb538b04dba@group-39BBDEC9243B: shutdown
2021-08-04 04:53:17,814 [Command processor thread] INFO  util.JmxRegister (JmxRegister.java:unregister(73)) - Successfully un-registered JMX Bean with object name Ratis:service=RaftServer,group=group-39BBDEC9243B,id=3b35e8af-4420-4337-880c-bcb538b04dba
2021-08-04 04:53:17,814 [Command processor thread] INFO  impl.RoleInfo (RoleInfo.java:shutdownFollowerState(108)) - 3b35e8af-4420-4337-880c-bcb538b04dba: shutdown 3b35e8af-4420-4337-880c-bcb538b04dba@group-39BBDEC9243B-FollowerState
2021-08-04 04:53:17,814 [Command processor thread] INFO  impl.StateMachineUpdater (StateMachineUpdater.java:stopAndJoin(149)) - 3b35e8af-4420-4337-880c-bcb538b04dba@group-39BBDEC9243B-StateMachineUpdater: set stopIndex = 0
2021-08-04 04:53:17,814 [3b35e8af-4420-4337-880c-bcb538b04dba@group-39BBDEC9243B-FollowerState] INFO  impl.FollowerState (FollowerState.java:run(143)) - 3b35e8af-4420-4337-880c-bcb538b04dba@group-39BBDEC9243B-FollowerState was interrupted: {}
java.lang.InterruptedException: sleep interrupted
	at java.lang.Thread.sleep(Native Method)
	at java.lang.Thread.sleep(Thread.java:340)
	at java.util.concurrent.TimeUnit.sleep(TimeUnit.java:386)
	at org.apache.ratis.util.TimeDuration.sleep(TimeDuration.java:324)
	at org.apache.ratis.util.TimeDuration.sleep(TimeDuration.java:309)
	at org.apache.ratis.server.impl.FollowerState.run(FollowerState.java:118)
2021-08-04 04:53:17,815 [3b35e8af-4420-4337-880c-bcb538b04dba@group-39BBDEC9243B-StateMachineUpdater] INFO  ratis.ContainerStateMachine (ContainerStateMachine.java:takeSnapshot(291)) - group-39BBDEC9243B: Taking a snapshot at:(t:3, i:0) file /home/runner/work/ozone/ozone/mnt/ozone/hadoop-ozone/integration-test/target/test-dir/MiniOzoneClusterImpl-f8689e89-4432-43a3-ae55-b25b0dce3dad/datanode-2/data/ratis/cae475d7-d59d-4af5-b20b-39bbdec9243b/sm/snapshot.3_0
2021-08-04 04:53:17,816 [EventQueue-PipelineReportForPipelineReportHandler] INFO  pipeline.PipelineReportHandler (PipelineReportHandler.java:processPipelineReport(111)) - Reported pipeline PipelineID=cae475d7-d59d-4af5-b20b-39bbdec9243b is not found
2021-08-04 04:53:17,816 [EventQueue-PipelineReportForPipelineReportHandler] INFO  pipeline.PipelineReportHandler (PipelineReportHandler.java:processPipelineReport(111)) - Reported pipeline PipelineID=de5b46cd-9575-4562-a570-dd69081e450c is not found
2021-08-04 04:53:17,817 [3b35e8af-4420-4337-880c-bcb538b04dba@group-39BBDEC9243B-StateMachineUpdater] INFO  ratis.ContainerStateMachine (ContainerStateMachine.java:takeSnapshot(302)) - group-39BBDEC9243B: Finished taking a snapshot at:(t:3, i:0) file:/home/runner/work/ozone/ozone/mnt/ozone/hadoop-ozone/integration-test/target/test-dir/MiniOzoneClusterImpl-f8689e89-4432-43a3-ae55-b25b0dce3dad/datanode-2/data/ratis/cae475d7-d59d-4af5-b20b-39bbdec9243b/sm/snapshot.3_0 took: 1 ms
2021-08-04 04:53:17,817 [3b35e8af-4420-4337-880c-bcb538b04dba@group-39BBDEC9243B-StateMachineUpdater] INFO  impl.StateMachineUpdater (StateMachineUpdater.java:takeSnapshot(281)) - 3b35e8af-4420-4337-880c-bcb538b04dba@group-39BBDEC9243B-StateMachineUpdater: Took a snapshot at index 0
2021-08-04 04:53:17,817 [3b35e8af-4420-4337-880c-bcb538b04dba@group-39BBDEC9243B-StateMachineUpdater] INFO  impl.StateMachineUpdater (StateMachineUpdater.java:lambda$new$0(89)) - 3b35e8af-4420-4337-880c-bcb538b04dba@group-39BBDEC9243B-StateMachineUpdater: snapshotIndex: updateIncreasingly -1 -> 0
2021-08-04 04:53:17,817 [Command processor thread] INFO  server.RaftServer$Division (ServerState.java:close(419)) - 3b35e8af-4420-4337-880c-bcb538b04dba@group-39BBDEC9243B: closes. applyIndex: 0
2021-08-04 04:53:17,817 [3b35e8af-4420-4337-880c-bcb538b04dba@group-39BBDEC9243B-SegmentedRaftLogWorker] INFO  segmented.SegmentedRaftLogWorker (SegmentedRaftLogWorker.java:run(327)) - 3b35e8af-4420-4337-880c-bcb538b04dba@group-39BBDEC9243B-SegmentedRaftLogWorker was interrupted, exiting. There are 0 tasks remaining in the queue.
2021-08-04 04:53:17,818 [Command processor thread] INFO  segmented.SegmentedRaftLogWorker (SegmentedRaftLogWorker.java:close(237)) - 3b35e8af-4420-4337-880c-bcb538b04dba@group-39BBDEC9243B-SegmentedRaftLogWorker close()
2021-08-04 04:53:17,819 [Command processor thread] INFO  server.RaftServer$Division (RaftServerImpl.java:groupRemove(377)) - 3b35e8af-4420-4337-880c-bcb538b04dba@group-39BBDEC9243B: Succeed to remove RaftStorageDirectory Storage Directory /home/runner/work/ozone/ozone/mnt/ozone/hadoop-ozone/integration-test/target/test-dir/MiniOzoneClusterImpl-f8689e89-4432-43a3-ae55-b25b0dce3dad/datanode-2/data/ratis/cae475d7-d59d-4af5-b20b-39bbdec9243b
2021-08-04 04:53:17,819 [Command processor thread] INFO  commandhandler.ClosePipelineCommandHandler (ClosePipelineCommandHandler.java:handle(75)) - Close Pipeline PipelineID=cae475d7-d59d-4af5-b20b-39bbdec9243b command on datanode 3b35e8af-4420-4337-880c-bcb538b04dba.
2021-08-04 04:53:17,819 [Command processor thread] INFO  server.RaftServer (RaftServerProxy.java:remove(106)) - 3b35e8af-4420-4337-880c-bcb538b04dba: remove    LEADER 3b35e8af-4420-4337-880c-bcb538b04dba@group-DD69081E450C:t1, leader=3b35e8af-4420-4337-880c-bcb538b04dba, voted=3b35e8af-4420-4337-880c-bcb538b04dba, raftlog=3b35e8af-4420-4337-880c-bcb538b04dba@group-DD69081E450C-SegmentedRaftLog:OPENED:c0,f0,i0, conf=0: [3b35e8af-4420-4337-880c-bcb538b04dba|rpc:10.1.0.14:40083|dataStream:|priority:1], old=null RUNNING
2021-08-04 04:53:17,819 [Command processor thread] INFO  server.RaftServer$Division (RaftServerImpl.java:lambda$close$4(407)) - 3b35e8af-4420-4337-880c-bcb538b04dba@group-DD69081E450C: shutdown
2021-08-04 04:53:17,819 [Command processor thread] INFO  util.JmxRegister (JmxRegister.java:unregister(73)) - Successfully un-registered JMX Bean with object name Ratis:service=RaftServer,group=group-DD69081E450C,id=3b35e8af-4420-4337-880c-bcb538b04dba
2021-08-04 04:53:17,819 [Command processor thread] INFO  impl.RoleInfo (RoleInfo.java:shutdownLeaderState(91)) - 3b35e8af-4420-4337-880c-bcb538b04dba: shutdown 3b35e8af-4420-4337-880c-bcb538b04dba@group-DD69081E450C-LeaderStateImpl
2021-08-04 04:53:17,819 [Command processor thread] INFO  impl.PendingRequests (PendingRequests.java:sendNotLeaderResponses(249)) - 3b35e8af-4420-4337-880c-bcb538b04dba@group-DD69081E450C-PendingRequests: sendNotLeaderResponses
2021-08-04 04:53:17,819 [Command processor thread] INFO  impl.StateMachineUpdater (StateMachineUpdater.java:stopAndJoin(149)) - 3b35e8af-4420-4337-880c-bcb538b04dba@group-DD69081E450C-StateMachineUpdater: set stopIndex = 0
2021-08-04 04:53:17,820 [3b35e8af-4420-4337-880c-bcb538b04dba@group-DD69081E450C-StateMachineUpdater] INFO  ratis.ContainerStateMachine (ContainerStateMachine.java:takeSnapshot(291)) - group-DD69081E450C: Taking a snapshot at:(t:1, i:0) file /home/runner/work/ozone/ozone/mnt/ozone/hadoop-ozone/integration-test/target/test-dir/MiniOzoneClusterImpl-f8689e89-4432-43a3-ae55-b25b0dce3dad/datanode-2/data/ratis/de5b46cd-9575-4562-a570-dd69081e450c/sm/snapshot.1_0
2021-08-04 04:53:17,821 [3b35e8af-4420-4337-880c-bcb538b04dba@group-DD69081E450C-StateMachineUpdater] INFO  ratis.ContainerStateMachine (ContainerStateMachine.java:takeSnapshot(302)) - group-DD69081E450C: Finished taking a snapshot at:(t:1, i:0) file:/home/runner/work/ozone/ozone/mnt/ozone/hadoop-ozone/integration-test/target/test-dir/MiniOzoneClusterImpl-f8689e89-4432-43a3-ae55-b25b0dce3dad/datanode-2/data/ratis/de5b46cd-9575-4562-a570-dd69081e450c/sm/snapshot.1_0 took: 0 ms
2021-08-04 04:53:17,821 [3b35e8af-4420-4337-880c-bcb538b04dba@group-DD69081E450C-StateMachineUpdater] INFO  impl.StateMachineUpdater (StateMachineUpdater.java:takeSnapshot(281)) - 3b35e8af-4420-4337-880c-bcb538b04dba@group-DD69081E450C-StateMachineUpdater: Took a snapshot at index 0
2021-08-04 04:53:17,821 [3b35e8af-4420-4337-880c-bcb538b04dba@group-DD69081E450C-StateMachineUpdater] INFO  impl.StateMachineUpdater (StateMachineUpdater.java:lambda$new$0(89)) - 3b35e8af-4420-4337-880c-bcb538b04dba@group-DD69081E450C-StateMachineUpdater: snapshotIndex: updateIncreasingly -1 -> 0
2021-08-04 04:53:17,821 [Command processor thread] INFO  server.RaftServer$Division (ServerState.java:close(419)) - 3b35e8af-4420-4337-880c-bcb538b04dba@group-DD69081E450C: closes. applyIndex: 0
2021-08-04 04:53:17,821 [3b35e8af-4420-4337-880c-bcb538b04dba@group-DD69081E450C-SegmentedRaftLogWorker] INFO  segmented.SegmentedRaftLogWorker (SegmentedRaftLogWorker.java:run(327)) - 3b35e8af-4420-4337-880c-bcb538b04dba@group-DD69081E450C-SegmentedRaftLogWorker was interrupted, exiting. There are 0 tasks remaining in the queue.
2021-08-04 04:53:17,823 [Command processor thread] INFO  segmented.SegmentedRaftLogWorker (SegmentedRaftLogWorker.java:close(237)) - 3b35e8af-4420-4337-880c-bcb538b04dba@group-DD69081E450C-SegmentedRaftLogWorker close()
2021-08-04 04:53:17,824 [Command processor thread] INFO  server.RaftServer$Division (RaftServerImpl.java:groupRemove(377)) - 3b35e8af-4420-4337-880c-bcb538b04dba@group-DD69081E450C: Succeed to remove RaftStorageDirectory Storage Directory /home/runner/work/ozone/ozone/mnt/ozone/hadoop-ozone/integration-test/target/test-dir/MiniOzoneClusterImpl-f8689e89-4432-43a3-ae55-b25b0dce3dad/datanode-2/data/ratis/de5b46cd-9575-4562-a570-dd69081e450c
2021-08-04 04:53:17,824 [Command processor thread] INFO  commandhandler.ClosePipelineCommandHandler (ClosePipelineCommandHandler.java:handle(75)) - Close Pipeline PipelineID=de5b46cd-9575-4562-a570-dd69081e450c command on datanode 3b35e8af-4420-4337-880c-bcb538b04dba.
2021-08-04 04:53:18,466 [Command processor thread] INFO  server.RaftServer (RaftServerProxy.java:remove(106)) - 8a31fd49-3da4-4fd9-acfc-b2bde89e3d95: remove    LEADER 8a31fd49-3da4-4fd9-acfc-b2bde89e3d95@group-A4C91B0C17F2:t1, leader=8a31fd49-3da4-4fd9-acfc-b2bde89e3d95, voted=8a31fd49-3da4-4fd9-acfc-b2bde89e3d95, raftlog=8a31fd49-3da4-4fd9-acfc-b2bde89e3d95@group-A4C91B0C17F2-SegmentedRaftLog:OPENED:c0,f0,i0, conf=0: [8a31fd49-3da4-4fd9-acfc-b2bde89e3d95|rpc:10.1.0.14:37907|dataStream:|priority:1], old=null RUNNING
2021-08-04 04:53:18,466 [Command processor thread] INFO  server.RaftServer$Division (RaftServerImpl.java:lambda$close$4(407)) - 8a31fd49-3da4-4fd9-acfc-b2bde89e3d95@group-A4C91B0C17F2: shutdown
2021-08-04 04:53:18,466 [Command processor thread] INFO  util.JmxRegister (JmxRegister.java:unregister(73)) - Successfully un-registered JMX Bean with object name Ratis:service=RaftServer,group=group-A4C91B0C17F2,id=8a31fd49-3da4-4fd9-acfc-b2bde89e3d95
2021-08-04 04:53:18,466 [Command processor thread] INFO  impl.RoleInfo (RoleInfo.java:shutdownLeaderState(91)) - 8a31fd49-3da4-4fd9-acfc-b2bde89e3d95: shutdown 8a31fd49-3da4-4fd9-acfc-b2bde89e3d95@group-A4C91B0C17F2-LeaderStateImpl
2021-08-04 04:53:18,466 [Command processor thread] INFO  impl.PendingRequests (PendingRequests.java:sendNotLeaderResponses(249)) - 8a31fd49-3da4-4fd9-acfc-b2bde89e3d95@group-A4C91B0C17F2-PendingRequests: sendNotLeaderResponses
2021-08-04 04:53:18,467 [Command processor thread] INFO  impl.StateMachineUpdater (StateMachineUpdater.java:stopAndJoin(149)) - 8a31fd49-3da4-4fd9-acfc-b2bde89e3d95@group-A4C91B0C17F2-StateMachineUpdater: set stopIndex = 0
2021-08-04 04:53:18,467 [8a31fd49-3da4-4fd9-acfc-b2bde89e3d95@group-A4C91B0C17F2-StateMachineUpdater] INFO  ratis.ContainerStateMachine (ContainerStateMachine.java:takeSnapshot(291)) - group-A4C91B0C17F2: Taking a snapshot at:(t:1, i:0) file /home/runner/work/ozone/ozone/mnt/ozone/hadoop-ozone/integration-test/target/test-dir/MiniOzoneClusterImpl-f8689e89-4432-43a3-ae55-b25b0dce3dad/datanode-0/data/ratis/65304c26-2da6-4d58-9f8d-a4c91b0c17f2/sm/snapshot.1_0
2021-08-04 04:53:18,468 [8a31fd49-3da4-4fd9-acfc-b2bde89e3d95@group-A4C91B0C17F2-StateMachineUpdater] INFO  ratis.ContainerStateMachine (ContainerStateMachine.java:takeSnapshot(302)) - group-A4C91B0C17F2: Finished taking a snapshot at:(t:1, i:0) file:/home/runner/work/ozone/ozone/mnt/ozone/hadoop-ozone/integration-test/target/test-dir/MiniOzoneClusterImpl-f8689e89-4432-43a3-ae55-b25b0dce3dad/datanode-0/data/ratis/65304c26-2da6-4d58-9f8d-a4c91b0c17f2/sm/snapshot.1_0 took: 1 ms
2021-08-04 04:53:18,468 [EventQueue-PipelineReportForPipelineReportHandler] INFO  pipeline.PipelineReportHandler (PipelineReportHandler.java:processPipelineReport(111)) - Reported pipeline PipelineID=65304c26-2da6-4d58-9f8d-a4c91b0c17f2 is not found
2021-08-04 04:53:18,468 [EventQueue-PipelineReportForPipelineReportHandler] INFO  pipeline.PipelineReportHandler (PipelineReportHandler.java:processPipelineReport(111)) - Reported pipeline PipelineID=cae475d7-d59d-4af5-b20b-39bbdec9243b is not found
2021-08-04 04:53:18,468 [8a31fd49-3da4-4fd9-acfc-b2bde89e3d95@group-A4C91B0C17F2-StateMachineUpdater] INFO  impl.StateMachineUpdater (StateMachineUpdater.java:takeSnapshot(281)) - 8a31fd49-3da4-4fd9-acfc-b2bde89e3d95@group-A4C91B0C17F2-StateMachineUpdater: Took a snapshot at index 0
2021-08-04 04:53:18,468 [8a31fd49-3da4-4fd9-acfc-b2bde89e3d95@group-A4C91B0C17F2-StateMachineUpdater] INFO  impl.StateMachineUpdater (StateMachineUpdater.java:lambda$new$0(89)) - 8a31fd49-3da4-4fd9-acfc-b2bde89e3d95@group-A4C91B0C17F2-StateMachineUpdater: snapshotIndex: updateIncreasingly -1 -> 0
2021-08-04 04:53:18,470 [Command processor thread] INFO  server.RaftServer$Division (ServerState.java:close(419)) - 8a31fd49-3da4-4fd9-acfc-b2bde89e3d95@group-A4C91B0C17F2: closes. applyIndex: 0
2021-08-04 04:53:18,470 [8a31fd49-3da4-4fd9-acfc-b2bde89e3d95@group-A4C91B0C17F2-SegmentedRaftLogWorker] INFO  segmented.SegmentedRaftLogWorker (SegmentedRaftLogWorker.java:run(327)) - 8a31fd49-3da4-4fd9-acfc-b2bde89e3d95@group-A4C91B0C17F2-SegmentedRaftLogWorker was interrupted, exiting. There are 0 tasks remaining in the queue.
2021-08-04 04:53:18,478 [Command processor thread] INFO  segmented.SegmentedRaftLogWorker (SegmentedRaftLogWorker.java:close(237)) - 8a31fd49-3da4-4fd9-acfc-b2bde89e3d95@group-A4C91B0C17F2-SegmentedRaftLogWorker close()
2021-08-04 04:53:18,479 [Command processor thread] INFO  server.RaftServer$Division (RaftServerImpl.java:groupRemove(377)) - 8a31fd49-3da4-4fd9-acfc-b2bde89e3d95@group-A4C91B0C17F2: Succeed to remove RaftStorageDirectory Storage Directory /home/runner/work/ozone/ozone/mnt/ozone/hadoop-ozone/integration-test/target/test-dir/MiniOzoneClusterImpl-f8689e89-4432-43a3-ae55-b25b0dce3dad/datanode-0/data/ratis/65304c26-2da6-4d58-9f8d-a4c91b0c17f2
2021-08-04 04:53:18,480 [Command processor thread] INFO  commandhandler.ClosePipelineCommandHandler (ClosePipelineCommandHandler.java:handle(75)) - Close Pipeline PipelineID=65304c26-2da6-4d58-9f8d-a4c91b0c17f2 command on datanode 8a31fd49-3da4-4fd9-acfc-b2bde89e3d95.
2021-08-04 04:53:18,480 [Command processor thread] INFO  server.RaftServer (RaftServerProxy.java:remove(106)) - 8a31fd49-3da4-4fd9-acfc-b2bde89e3d95: remove  FOLLOWER 8a31fd49-3da4-4fd9-acfc-b2bde89e3d95@group-39BBDEC9243B:t3, leader=387044f6-9ada-47c7-9f57-c4453de21297, voted=387044f6-9ada-47c7-9f57-c4453de21297, raftlog=8a31fd49-3da4-4fd9-acfc-b2bde89e3d95@group-39BBDEC9243B-SegmentedRaftLog:OPENED:c0,f0,i0, conf=0: [3b35e8af-4420-4337-880c-bcb538b04dba|rpc:10.1.0.14:40083|dataStream:|priority:0, 387044f6-9ada-47c7-9f57-c4453de21297|rpc:10.1.0.14:39215|dataStream:|priority:1, 8a31fd49-3da4-4fd9-acfc-b2bde89e3d95|rpc:10.1.0.14:37907|dataStream:|priority:0], old=null RUNNING
2021-08-04 04:53:18,480 [Command processor thread] INFO  server.RaftServer$Division (RaftServerImpl.java:lambda$close$4(407)) - 8a31fd49-3da4-4fd9-acfc-b2bde89e3d95@group-39BBDEC9243B: shutdown
2021-08-04 04:53:18,480 [Command processor thread] INFO  util.JmxRegister (JmxRegister.java:unregister(73)) - Successfully un-registered JMX Bean with object name Ratis:service=RaftServer,group=group-39BBDEC9243B,id=8a31fd49-3da4-4fd9-acfc-b2bde89e3d95
2021-08-04 04:53:18,480 [Command processor thread] INFO  impl.RoleInfo (RoleInfo.java:shutdownFollowerState(108)) - 8a31fd49-3da4-4fd9-acfc-b2bde89e3d95: shutdown 8a31fd49-3da4-4fd9-acfc-b2bde89e3d95@group-39BBDEC9243B-FollowerState
2021-08-04 04:53:18,480 [Command processor thread] INFO  impl.StateMachineUpdater (StateMachineUpdater.java:stopAndJoin(149)) - 8a31fd49-3da4-4fd9-acfc-b2bde89e3d95@group-39BBDEC9243B-StateMachineUpdater: set stopIndex = 0
2021-08-04 04:53:18,480 [8a31fd49-3da4-4fd9-acfc-b2bde89e3d95@group-39BBDEC9243B-StateMachineUpdater] INFO  ratis.ContainerStateMachine (ContainerStateMachine.java:takeSnapshot(291)) - group-39BBDEC9243B: Taking a snapshot at:(t:3, i:0) file /home/runner/work/ozone/ozone/mnt/ozone/hadoop-ozone/integration-test/target/test-dir/MiniOzoneClusterImpl-f8689e89-4432-43a3-ae55-b25b0dce3dad/datanode-0/data/ratis/cae475d7-d59d-4af5-b20b-39bbdec9243b/sm/snapshot.3_0
2021-08-04 04:53:18,480 [8a31fd49-3da4-4fd9-acfc-b2bde89e3d95@group-39BBDEC9243B-FollowerState] INFO  impl.FollowerState (FollowerState.java:run(143)) - 8a31fd49-3da4-4fd9-acfc-b2bde89e3d95@group-39BBDEC9243B-FollowerState was interrupted: {}
java.lang.InterruptedException: sleep interrupted
	at java.lang.Thread.sleep(Native Method)
	at java.lang.Thread.sleep(Thread.java:340)
	at java.util.concurrent.TimeUnit.sleep(TimeUnit.java:386)
	at org.apache.ratis.util.TimeDuration.sleep(TimeDuration.java:324)
	at org.apache.ratis.util.TimeDuration.sleep(TimeDuration.java:309)
	at org.apache.ratis.server.impl.FollowerState.run(FollowerState.java:118)
2021-08-04 04:53:18,481 [8a31fd49-3da4-4fd9-acfc-b2bde89e3d95@group-39BBDEC9243B-StateMachineUpdater] INFO  ratis.ContainerStateMachine (ContainerStateMachine.java:takeSnapshot(302)) - group-39BBDEC9243B: Finished taking a snapshot at:(t:3, i:0) file:/home/runner/work/ozone/ozone/mnt/ozone/hadoop-ozone/integration-test/target/test-dir/MiniOzoneClusterImpl-f8689e89-4432-43a3-ae55-b25b0dce3dad/datanode-0/data/ratis/cae475d7-d59d-4af5-b20b-39bbdec9243b/sm/snapshot.3_0 took: 1 ms
2021-08-04 04:53:18,482 [8a31fd49-3da4-4fd9-acfc-b2bde89e3d95@group-39BBDEC9243B-StateMachineUpdater] INFO  impl.StateMachineUpdater (StateMachineUpdater.java:takeSnapshot(281)) - 8a31fd49-3da4-4fd9-acfc-b2bde89e3d95@group-39BBDEC9243B-StateMachineUpdater: Took a snapshot at index 0
2021-08-04 04:53:18,482 [8a31fd49-3da4-4fd9-acfc-b2bde89e3d95@group-39BBDEC9243B-StateMachineUpdater] INFO  impl.StateMachineUpdater (StateMachineUpdater.java:lambda$new$0(89)) - 8a31fd49-3da4-4fd9-acfc-b2bde89e3d95@group-39BBDEC9243B-StateMachineUpdater: snapshotIndex: updateIncreasingly -1 -> 0
2021-08-04 04:53:18,482 [Command processor thread] INFO  server.RaftServer$Division (ServerState.java:close(419)) - 8a31fd49-3da4-4fd9-acfc-b2bde89e3d95@group-39BBDEC9243B: closes. applyIndex: 0
2021-08-04 04:53:18,482 [8a31fd49-3da4-4fd9-acfc-b2bde89e3d95@group-39BBDEC9243B-SegmentedRaftLogWorker] INFO  segmented.SegmentedRaftLogWorker (SegmentedRaftLogWorker.java:run(327)) - 8a31fd49-3da4-4fd9-acfc-b2bde89e3d95@group-39BBDEC9243B-SegmentedRaftLogWorker was interrupted, exiting. There are 0 tasks remaining in the queue.
2021-08-04 04:53:18,483 [Command processor thread] INFO  segmented.SegmentedRaftLogWorker (SegmentedRaftLogWorker.java:close(237)) - 8a31fd49-3da4-4fd9-acfc-b2bde89e3d95@group-39BBDEC9243B-SegmentedRaftLogWorker close()
2021-08-04 04:53:18,484 [Command processor thread] INFO  server.RaftServer$Division (RaftServerImpl.java:groupRemove(377)) - 8a31fd49-3da4-4fd9-acfc-b2bde89e3d95@group-39BBDEC9243B: Succeed to remove RaftStorageDirectory Storage Directory /home/runner/work/ozone/ozone/mnt/ozone/hadoop-ozone/integration-test/target/test-dir/MiniOzoneClusterImpl-f8689e89-4432-43a3-ae55-b25b0dce3dad/datanode-0/data/ratis/cae475d7-d59d-4af5-b20b-39bbdec9243b
2021-08-04 04:53:18,484 [Command processor thread] INFO  commandhandler.ClosePipelineCommandHandler (ClosePipelineCommandHandler.java:handle(75)) - Close Pipeline PipelineID=cae475d7-d59d-4af5-b20b-39bbdec9243b command on datanode 8a31fd49-3da4-4fd9-acfc-b2bde89e3d95.
2021-08-04 04:53:18,484 [Command processor thread] WARN  server.RaftServer (RaftServerProxy.java:remove(101)) - 8a31fd49-3da4-4fd9-acfc-b2bde89e3d95: does not contain group: group-A4C91B0C17F2
2021-08-04 04:53:18,484 [Command processor thread] ERROR commandhandler.ClosePipelineCommandHandler (ClosePipelineCommandHandler.java:handle(78)) - Can't close pipeline PipelineID=65304c26-2da6-4d58-9f8d-a4c91b0c17f2
java.io.IOException: 8a31fd49-3da4-4fd9-acfc-b2bde89e3d95: Group group-A4C91B0C17F2 not found.
	at org.apache.hadoop.ozone.container.common.transport.server.ratis.XceiverServerRatis.removeGroup(XceiverServerRatis.java:777)
	at org.apache.hadoop.ozone.container.common.statemachine.commandhandler.ClosePipelineCommandHandler.handle(ClosePipelineCommandHandler.java:74)
	at org.apache.hadoop.ozone.container.common.statemachine.commandhandler.CommandDispatcher.handle(CommandDispatcher.java:99)
	at org.apache.hadoop.ozone.container.common.statemachine.DatanodeStateMachine.lambda$initCommandHandlerThread$2(DatanodeStateMachine.java:555)
	at java.lang.Thread.run(Thread.java:748)
Caused by: org.apache.ratis.protocol.exceptions.GroupMismatchException: 8a31fd49-3da4-4fd9-acfc-b2bde89e3d95: Group group-A4C91B0C17F2 not found.
	at org.apache.ratis.server.impl.RaftServerProxy.groupRemoveAsync(RaftServerProxy.java:504)
	at org.apache.ratis.server.impl.RaftServerProxy.groupManagementAsync(RaftServerProxy.java:460)
	at org.apache.ratis.server.impl.RaftServerProxy.groupManagement(RaftServerProxy.java:440)
	at org.apache.hadoop.ozone.container.common.transport.server.ratis.XceiverServerRatis.removeGroup(XceiverServerRatis.java:775)
	... 4 more
2021-08-04 04:53:18,484 [Command processor thread] WARN  server.RaftServer (RaftServerProxy.java:remove(101)) - 8a31fd49-3da4-4fd9-acfc-b2bde89e3d95: does not contain group: group-39BBDEC9243B
2021-08-04 04:53:18,485 [Command processor thread] ERROR commandhandler.ClosePipelineCommandHandler (ClosePipelineCommandHandler.java:handle(78)) - Can't close pipeline PipelineID=cae475d7-d59d-4af5-b20b-39bbdec9243b
java.io.IOException: 8a31fd49-3da4-4fd9-acfc-b2bde89e3d95: Group group-39BBDEC9243B not found.
	at org.apache.hadoop.ozone.container.common.transport.server.ratis.XceiverServerRatis.removeGroup(XceiverServerRatis.java:777)
	at org.apache.hadoop.ozone.container.common.statemachine.commandhandler.ClosePipelineCommandHandler.handle(ClosePipelineCommandHandler.java:74)
	at org.apache.hadoop.ozone.container.common.statemachine.commandhandler.CommandDispatcher.handle(CommandDispatcher.java:99)
	at org.apache.hadoop.ozone.container.common.statemachine.DatanodeStateMachine.lambda$initCommandHandlerThread$2(DatanodeStateMachine.java:555)
	at java.lang.Thread.run(Thread.java:748)
Caused by: org.apache.ratis.protocol.exceptions.GroupMismatchException: 8a31fd49-3da4-4fd9-acfc-b2bde89e3d95: Group group-39BBDEC9243B not found.
	at org.apache.ratis.server.impl.RaftServerProxy.groupRemoveAsync(RaftServerProxy.java:504)
	at org.apache.ratis.server.impl.RaftServerProxy.groupManagementAsync(RaftServerProxy.java:460)
	at org.apache.ratis.server.impl.RaftServerProxy.groupManagement(RaftServerProxy.java:440)
	at org.apache.hadoop.ozone.container.common.transport.server.ratis.XceiverServerRatis.removeGroup(XceiverServerRatis.java:775)
	... 4 more
2021-08-04 04:53:18,931 [Command processor thread] WARN  server.RaftServer (RaftServerProxy.java:remove(101)) - 387044f6-9ada-47c7-9f57-c4453de21297: does not contain group: group-74E1530C603F
2021-08-04 04:53:18,931 [Command processor thread] ERROR commandhandler.ClosePipelineCommandHandler (ClosePipelineCommandHandler.java:handle(78)) - Can't close pipeline PipelineID=e34c8042-5bc0-4086-b5df-74e1530c603f
java.io.IOException: 387044f6-9ada-47c7-9f57-c4453de21297: Group group-74E1530C603F not found.
	at org.apache.hadoop.ozone.container.common.transport.server.ratis.XceiverServerRatis.removeGroup(XceiverServerRatis.java:777)
	at org.apache.hadoop.ozone.container.common.statemachine.commandhandler.ClosePipelineCommandHandler.handle(ClosePipelineCommandHandler.java:74)
	at org.apache.hadoop.ozone.container.common.statemachine.commandhandler.CommandDispatcher.handle(CommandDispatcher.java:99)
	at org.apache.hadoop.ozone.container.common.statemachine.DatanodeStateMachine.lambda$initCommandHandlerThread$2(DatanodeStateMachine.java:555)
	at java.lang.Thread.run(Thread.java:748)
Caused by: org.apache.ratis.protocol.exceptions.GroupMismatchException: 387044f6-9ada-47c7-9f57-c4453de21297: Group group-74E1530C603F not found.
	at org.apache.ratis.server.impl.RaftServerProxy.groupRemoveAsync(RaftServerProxy.java:504)
	at org.apache.ratis.server.impl.RaftServerProxy.groupManagementAsync(RaftServerProxy.java:460)
	at org.apache.ratis.server.impl.RaftServerProxy.groupManagement(RaftServerProxy.java:440)
	at org.apache.hadoop.ozone.container.common.transport.server.ratis.XceiverServerRatis.removeGroup(XceiverServerRatis.java:775)
	... 4 more
2021-08-04 04:53:18,931 [Command processor thread] WARN  server.RaftServer (RaftServerProxy.java:remove(101)) - 387044f6-9ada-47c7-9f57-c4453de21297: does not contain group: group-39BBDEC9243B
2021-08-04 04:53:18,931 [Command processor thread] ERROR commandhandler.ClosePipelineCommandHandler (ClosePipelineCommandHandler.java:handle(78)) - Can't close pipeline PipelineID=cae475d7-d59d-4af5-b20b-39bbdec9243b
java.io.IOException: 387044f6-9ada-47c7-9f57-c4453de21297: Group group-39BBDEC9243B not found.
	at org.apache.hadoop.ozone.container.common.transport.server.ratis.XceiverServerRatis.removeGroup(XceiverServerRatis.java:777)
	at org.apache.hadoop.ozone.container.common.statemachine.commandhandler.ClosePipelineCommandHandler.handle(ClosePipelineCommandHandler.java:74)
	at org.apache.hadoop.ozone.container.common.statemachine.commandhandler.CommandDispatcher.handle(CommandDispatcher.java:99)
	at org.apache.hadoop.ozone.container.common.statemachine.DatanodeStateMachine.lambda$initCommandHandlerThread$2(DatanodeStateMachine.java:555)
	at java.lang.Thread.run(Thread.java:748)
Caused by: org.apache.ratis.protocol.exceptions.GroupMismatchException: 387044f6-9ada-47c7-9f57-c4453de21297: Group group-39BBDEC9243B not found.
	at org.apache.ratis.server.impl.RaftServerProxy.groupRemoveAsync(RaftServerProxy.java:504)
	at org.apache.ratis.server.impl.RaftServerProxy.groupManagementAsync(RaftServerProxy.java:460)
	at org.apache.ratis.server.impl.RaftServerProxy.groupManagement(RaftServerProxy.java:440)
	at org.apache.hadoop.ozone.container.common.transport.server.ratis.XceiverServerRatis.removeGroup(XceiverServerRatis.java:775)
	... 4 more
2021-08-04 04:53:19,313 [Command processor thread] WARN  server.RaftServer (RaftServerProxy.java:remove(101)) - 3b35e8af-4420-4337-880c-bcb538b04dba: does not contain group: group-39BBDEC9243B
2021-08-04 04:53:19,313 [Command processor thread] ERROR commandhandler.ClosePipelineCommandHandler (ClosePipelineCommandHandler.java:handle(78)) - Can't close pipeline PipelineID=cae475d7-d59d-4af5-b20b-39bbdec9243b
java.io.IOException: 3b35e8af-4420-4337-880c-bcb538b04dba: Group group-39BBDEC9243B not found.
	at org.apache.hadoop.ozone.container.common.transport.server.ratis.XceiverServerRatis.removeGroup(XceiverServerRatis.java:777)
	at org.apache.hadoop.ozone.container.common.statemachine.commandhandler.ClosePipelineCommandHandler.handle(ClosePipelineCommandHandler.java:74)
	at org.apache.hadoop.ozone.container.common.statemachine.commandhandler.CommandDispatcher.handle(CommandDispatcher.java:99)
	at org.apache.hadoop.ozone.container.common.statemachine.DatanodeStateMachine.lambda$initCommandHandlerThread$2(DatanodeStateMachine.java:555)
	at java.lang.Thread.run(Thread.java:748)
Caused by: org.apache.ratis.protocol.exceptions.GroupMismatchException: 3b35e8af-4420-4337-880c-bcb538b04dba: Group group-39BBDEC9243B not found.
	at org.apache.ratis.server.impl.RaftServerProxy.groupRemoveAsync(RaftServerProxy.java:504)
	at org.apache.ratis.server.impl.RaftServerProxy.groupManagementAsync(RaftServerProxy.java:460)
	at org.apache.ratis.server.impl.RaftServerProxy.groupManagement(RaftServerProxy.java:440)
	at org.apache.hadoop.ozone.container.common.transport.server.ratis.XceiverServerRatis.removeGroup(XceiverServerRatis.java:775)
	... 4 more
2021-08-04 04:53:19,314 [Command processor thread] WARN  server.RaftServer (RaftServerProxy.java:remove(101)) - 3b35e8af-4420-4337-880c-bcb538b04dba: does not contain group: group-DD69081E450C
2021-08-04 04:53:19,314 [Command processor thread] ERROR commandhandler.ClosePipelineCommandHandler (ClosePipelineCommandHandler.java:handle(78)) - Can't close pipeline PipelineID=de5b46cd-9575-4562-a570-dd69081e450c
java.io.IOException: 3b35e8af-4420-4337-880c-bcb538b04dba: Group group-DD69081E450C not found.
	at org.apache.hadoop.ozone.container.common.transport.server.ratis.XceiverServerRatis.removeGroup(XceiverServerRatis.java:777)
	at org.apache.hadoop.ozone.container.common.statemachine.commandhandler.ClosePipelineCommandHandler.handle(ClosePipelineCommandHandler.java:74)
	at org.apache.hadoop.ozone.container.common.statemachine.commandhandler.CommandDispatcher.handle(CommandDispatcher.java:99)
	at org.apache.hadoop.ozone.container.common.statemachine.DatanodeStateMachine.lambda$initCommandHandlerThread$2(DatanodeStateMachine.java:555)
	at java.lang.Thread.run(Thread.java:748)
Caused by: org.apache.ratis.protocol.exceptions.GroupMismatchException: 3b35e8af-4420-4337-880c-bcb538b04dba: Group group-DD69081E450C not found.
	at org.apache.ratis.server.impl.RaftServerProxy.groupRemoveAsync(RaftServerProxy.java:504)
	at org.apache.ratis.server.impl.RaftServerProxy.groupManagementAsync(RaftServerProxy.java:460)
	at org.apache.ratis.server.impl.RaftServerProxy.groupManagement(RaftServerProxy.java:440)
	at org.apache.hadoop.ozone.container.common.transport.server.ratis.XceiverServerRatis.removeGroup(XceiverServerRatis.java:775)
	... 4 more
2021-08-04 04:53:19,968 [Command processor thread] WARN  server.RaftServer (RaftServerProxy.java:remove(101)) - 8a31fd49-3da4-4fd9-acfc-b2bde89e3d95: does not contain group: group-A4C91B0C17F2
2021-08-04 04:53:19,968 [Command processor thread] ERROR commandhandler.ClosePipelineCommandHandler (ClosePipelineCommandHandler.java:handle(78)) - Can't close pipeline PipelineID=65304c26-2da6-4d58-9f8d-a4c91b0c17f2
java.io.IOException: 8a31fd49-3da4-4fd9-acfc-b2bde89e3d95: Group group-A4C91B0C17F2 not found.
	at org.apache.hadoop.ozone.container.common.transport.server.ratis.XceiverServerRatis.removeGroup(XceiverServerRatis.java:777)
	at org.apache.hadoop.ozone.container.common.statemachine.commandhandler.ClosePipelineCommandHandler.handle(ClosePipelineCommandHandler.java:74)
	at org.apache.hadoop.ozone.container.common.statemachine.commandhandler.CommandDispatcher.handle(CommandDispatcher.java:99)
	at org.apache.hadoop.ozone.container.common.statemachine.DatanodeStateMachine.lambda$initCommandHandlerThread$2(DatanodeStateMachine.java:555)
	at java.lang.Thread.run(Thread.java:748)
Caused by: org.apache.ratis.protocol.exceptions.GroupMismatchException: 8a31fd49-3da4-4fd9-acfc-b2bde89e3d95: Group group-A4C91B0C17F2 not found.
	at org.apache.ratis.server.impl.RaftServerProxy.groupRemoveAsync(RaftServerProxy.java:504)
	at org.apache.ratis.server.impl.RaftServerProxy.groupManagementAsync(RaftServerProxy.java:460)
	at org.apache.ratis.server.impl.RaftServerProxy.groupManagement(RaftServerProxy.java:440)
	at org.apache.hadoop.ozone.container.common.transport.server.ratis.XceiverServerRatis.removeGroup(XceiverServerRatis.java:775)
	... 4 more
2021-08-04 04:53:19,968 [Command processor thread] WARN  server.RaftServer (RaftServerProxy.java:remove(101)) - 8a31fd49-3da4-4fd9-acfc-b2bde89e3d95: does not contain group: group-39BBDEC9243B
2021-08-04 04:53:19,968 [Command processor thread] ERROR commandhandler.ClosePipelineCommandHandler (ClosePipelineCommandHandler.java:handle(78)) - Can't close pipeline PipelineID=cae475d7-d59d-4af5-b20b-39bbdec9243b
java.io.IOException: 8a31fd49-3da4-4fd9-acfc-b2bde89e3d95: Group group-39BBDEC9243B not found.
	at org.apache.hadoop.ozone.container.common.transport.server.ratis.XceiverServerRatis.removeGroup(XceiverServerRatis.java:777)
	at org.apache.hadoop.ozone.container.common.statemachine.commandhandler.ClosePipelineCommandHandler.handle(ClosePipelineCommandHandler.java:74)
	at org.apache.hadoop.ozone.container.common.statemachine.commandhandler.CommandDispatcher.handle(CommandDispatcher.java:99)
	at org.apache.hadoop.ozone.container.common.statemachine.DatanodeStateMachine.lambda$initCommandHandlerThread$2(DatanodeStateMachine.java:555)
	at java.lang.Thread.run(Thread.java:748)
Caused by: org.apache.ratis.protocol.exceptions.GroupMismatchException: 8a31fd49-3da4-4fd9-acfc-b2bde89e3d95: Group group-39BBDEC9243B not found.
	at org.apache.ratis.server.impl.RaftServerProxy.groupRemoveAsync(RaftServerProxy.java:504)
	at org.apache.ratis.server.impl.RaftServerProxy.groupManagementAsync(RaftServerProxy.java:460)
	at org.apache.ratis.server.impl.RaftServerProxy.groupManagement(RaftServerProxy.java:440)
	at org.apache.hadoop.ozone.container.common.transport.server.ratis.XceiverServerRatis.removeGroup(XceiverServerRatis.java:775)
	... 4 more
2021-08-04 04:53:21,913 [Thread-787] INFO  upgrade.UpgradeFinalizer (BasicUpgradeFinalizer.java:logAndEmit(341)) -   Existing pipelines and containers will be closed during Upgrade.
  New pipelines creation will remain frozen until Upgrade is finalized.
2021-08-04 04:53:21,913 [Thread-787] INFO  upgrade.UpgradeFinalizer (BasicUpgradeFinalizer.java:logAndEmit(341)) - No onFinalize work defined for feature: DATANODE_SCHEMA_V2.
2021-08-04 04:53:21,923 [Thread-787] INFO  upgrade.UpgradeFinalizer (BasicUpgradeFinalizer.java:logAndEmit(341)) - No onFinalize work defined for feature: SCM_HA.
2021-08-04 04:53:21,927 [Thread-787] INFO  pipeline.BackgroundPipelineCreator (BackgroundPipelineCreatorV2.java:start(130)) - Starting RatisPipelineUtilsThread.
2021-08-04 04:53:21,927 [EventQueue-HealthyReadonlyNodeForHealthyReadOnlyNodeHandler] INFO  node.HealthyReadOnlyNodeHandler (HealthyReadOnlyNodeHandler.java:onMessage(56)) - Datanode 387044f6-9ada-47c7-9f57-c4453de21297{ip: 10.1.0.14, host: fv-az291-261.wgnan5asplgejimfprtllbpdch.jx.internal.cloudapp.net, ports: [REPLICATION=33107, RATIS=39215, RATIS_ADMIN=39215, RATIS_SERVER=39215, STANDALONE=42459], networkLocation: /default-rack, certSerialId: null, persistedOpState: IN_SERVICE, persistedOpStateExpiryEpochSec: 0} moved to HEALTHY READONLY state.
2021-08-04 04:53:21,927 [EventQueue-HealthyReadonlyNodeForHealthyReadOnlyNodeHandler] INFO  node.HealthyReadOnlyNodeHandler (HealthyReadOnlyNodeHandler.java:onMessage(56)) - Datanode 3b35e8af-4420-4337-880c-bcb538b04dba{ip: 10.1.0.14, host: fv-az291-261.wgnan5asplgejimfprtllbpdch.jx.internal.cloudapp.net, ports: [REPLICATION=37687, RATIS=40083, RATIS_ADMIN=40083, RATIS_SERVER=40083, STANDALONE=43785], networkLocation: /default-rack, certSerialId: null, persistedOpState: IN_SERVICE, persistedOpStateExpiryEpochSec: 0} moved to HEALTHY READONLY state.
2021-08-04 04:53:21,927 [EventQueue-HealthyReadonlyNodeForHealthyReadOnlyNodeHandler] INFO  node.HealthyReadOnlyNodeHandler (HealthyReadOnlyNodeHandler.java:onMessage(56)) - Datanode 8a31fd49-3da4-4fd9-acfc-b2bde89e3d95{ip: 10.1.0.14, host: fv-az291-261.wgnan5asplgejimfprtllbpdch.jx.internal.cloudapp.net, ports: [REPLICATION=38125, RATIS=37907, RATIS_ADMIN=37907, RATIS_SERVER=37907, STANDALONE=42413], networkLocation: /default-rack, certSerialId: null, persistedOpState: IN_SERVICE, persistedOpStateExpiryEpochSec: 0} moved to HEALTHY READONLY state.
2021-08-04 04:53:21,933 [Thread-787] INFO  upgrade.UpgradeFinalizer (SCMUpgradeFinalizer.java:postFinalizeUpgrade(114)) - Waiting for at least one open pipeline after SCM finalization.
2021-08-04 04:53:21,934 [RatisPipelineUtilsThread - 0] ERROR scm.SCMCommonPlacementPolicy (SCMCommonPlacementPolicy.java:filterNodesWithSpace(168)) - Unable to find enough nodes that meet the space requirement of 1073741824 bytes for metadata and 5368709120 bytes for data in healthy node set. Required 3. Found 0.
2021-08-04 04:53:21,937 [IPC Server handler 6 on default port 37201] WARN  node.SCMNodeManager (SCMNodeManager.java:processLayoutVersionReport(595)) - Data node fv-az291-261.wgnan5asplgejimfprtllbpdch.jx.internal.cloudapp.net can not be used in any pipeline in the cluster. DataNode MetadataLayoutVersion = 0, SCM MetadataLayoutVersion = 2
2021-08-04 04:53:21,969 [IPC Server handler 7 on default port 37201] WARN  node.SCMNodeManager (SCMNodeManager.java:processLayoutVersionReport(595)) - Data node fv-az291-261.wgnan5asplgejimfprtllbpdch.jx.internal.cloudapp.net can not be used in any pipeline in the cluster. DataNode MetadataLayoutVersion = 0, SCM MetadataLayoutVersion = 2
2021-08-04 04:53:22,315 [IPC Server handler 16 on default port 37201] WARN  node.SCMNodeManager (SCMNodeManager.java:processLayoutVersionReport(595)) - Data node fv-az291-261.wgnan5asplgejimfprtllbpdch.jx.internal.cloudapp.net can not be used in any pipeline in the cluster. DataNode MetadataLayoutVersion = 0, SCM MetadataLayoutVersion = 2
2021-08-04 04:53:22,438 [IPC Server handler 9 on default port 37201] WARN  node.SCMNodeManager (SCMNodeManager.java:processLayoutVersionReport(595)) - Data node fv-az291-261.wgnan5asplgejimfprtllbpdch.jx.internal.cloudapp.net can not be used in any pipeline in the cluster. DataNode MetadataLayoutVersion = 0, SCM MetadataLayoutVersion = 2
2021-08-04 04:53:22,469 [IPC Server handler 10 on default port 37201] WARN  node.SCMNodeManager (SCMNodeManager.java:processLayoutVersionReport(595)) - Data node fv-az291-261.wgnan5asplgejimfprtllbpdch.jx.internal.cloudapp.net can not be used in any pipeline in the cluster. DataNode MetadataLayoutVersion = 0, SCM MetadataLayoutVersion = 2
2021-08-04 04:53:22,816 [IPC Server handler 18 on default port 37201] WARN  node.SCMNodeManager (SCMNodeManager.java:processLayoutVersionReport(595)) - Data node fv-az291-261.wgnan5asplgejimfprtllbpdch.jx.internal.cloudapp.net can not be used in any pipeline in the cluster. DataNode MetadataLayoutVersion = 0, SCM MetadataLayoutVersion = 2
2021-08-04 04:53:22,937 [IPC Server handler 6 on default port 37201] WARN  node.SCMNodeManager (SCMNodeManager.java:processLayoutVersionReport(595)) - Data node fv-az291-261.wgnan5asplgejimfprtllbpdch.jx.internal.cloudapp.net can not be used in any pipeline in the cluster. DataNode MetadataLayoutVersion = 0, SCM MetadataLayoutVersion = 2
2021-08-04 04:53:22,969 [IPC Server handler 7 on default port 37201] WARN  node.SCMNodeManager (SCMNodeManager.java:processLayoutVersionReport(595)) - Data node fv-az291-261.wgnan5asplgejimfprtllbpdch.jx.internal.cloudapp.net can not be used in any pipeline in the cluster. DataNode MetadataLayoutVersion = 0, SCM MetadataLayoutVersion = 2
2021-08-04 04:53:23,315 [IPC Server handler 8 on default port 37201] WARN  node.SCMNodeManager (SCMNodeManager.java:processLayoutVersionReport(595)) - Data node fv-az291-261.wgnan5asplgejimfprtllbpdch.jx.internal.cloudapp.net can not be used in any pipeline in the cluster. DataNode MetadataLayoutVersion = 0, SCM MetadataLayoutVersion = 2
2021-08-04 04:53:23,437 [Command processor thread] INFO  commandhandler.FinalizeNewLayoutVersionCommandHandler (FinalizeNewLayoutVersionCommandHandler.java:handle(64)) - Processing FinalizeNewLayoutVersionCommandHandler command.
2021-08-04 04:53:23,437 [Command processor thread] INFO  commandhandler.FinalizeNewLayoutVersionCommandHandler (FinalizeNewLayoutVersionCommandHandler.java:handle(77)) - Finalize Upgrade called!
2021-08-04 04:53:23,437 [Command processor thread] INFO  upgrade.UpgradeFinalizer (BasicUpgradeFinalizer.java:logAndEmit(341)) - Finalization started.
2021-08-04 04:53:23,437 [Command processor thread] INFO  upgrade.UpgradeFinalizer (BasicUpgradeFinalizer.java:logAndEmit(341)) - No onFinalize work defined for feature: DATANODE_SCHEMA_V2.
2021-08-04 04:53:23,438 [IPC Server handler 9 on default port 37201] WARN  node.SCMNodeManager (SCMNodeManager.java:processLayoutVersionReport(595)) - Data node fv-az291-261.wgnan5asplgejimfprtllbpdch.jx.internal.cloudapp.net can not be used in any pipeline in the cluster. DataNode MetadataLayoutVersion = 0, SCM MetadataLayoutVersion = 2
2021-08-04 04:53:23,439 [Command processor thread] INFO  upgrade.UpgradeFinalizer (BasicUpgradeFinalizer.java:logAndEmit(341)) - No onFinalize work defined for feature: SCM_HA.
2021-08-04 04:53:23,440 [Command processor thread] INFO  upgrade.UpgradeFinalizer (BasicUpgradeFinalizer.java:logAndEmit(341)) - Finalization is done.
2021-08-04 04:53:23,440 [Command processor thread] INFO  commandhandler.FinalizeNewLayoutVersionCommandHandler (FinalizeNewLayoutVersionCommandHandler.java:handle(64)) - Processing FinalizeNewLayoutVersionCommandHandler command.
2021-08-04 04:53:23,440 [Command processor thread] INFO  commandhandler.FinalizeNewLayoutVersionCommandHandler (FinalizeNewLayoutVersionCommandHandler.java:handle(64)) - Processing FinalizeNewLayoutVersionCommandHandler command.
2021-08-04 04:53:23,469 [IPC Server handler 10 on default port 37201] WARN  node.SCMNodeManager (SCMNodeManager.java:processLayoutVersionReport(595)) - Data node fv-az291-261.wgnan5asplgejimfprtllbpdch.jx.internal.cloudapp.net can not be used in any pipeline in the cluster. DataNode MetadataLayoutVersion = 0, SCM MetadataLayoutVersion = 2
2021-08-04 04:53:23,814 [Command processor thread] INFO  commandhandler.FinalizeNewLayoutVersionCommandHandler (FinalizeNewLayoutVersionCommandHandler.java:handle(64)) - Processing FinalizeNewLayoutVersionCommandHandler command.
2021-08-04 04:53:23,814 [Command processor thread] INFO  commandhandler.FinalizeNewLayoutVersionCommandHandler (FinalizeNewLayoutVersionCommandHandler.java:handle(77)) - Finalize Upgrade called!
2021-08-04 04:53:23,814 [Command processor thread] INFO  upgrade.UpgradeFinalizer (BasicUpgradeFinalizer.java:logAndEmit(341)) - Finalization started.
2021-08-04 04:53:23,815 [Command processor thread] INFO  upgrade.UpgradeFinalizer (BasicUpgradeFinalizer.java:logAndEmit(341)) - No onFinalize work defined for feature: DATANODE_SCHEMA_V2.
2021-08-04 04:53:23,816 [Command processor thread] INFO  upgrade.UpgradeFinalizer (BasicUpgradeFinalizer.java:logAndEmit(341)) - No onFinalize work defined for feature: SCM_HA.
2021-08-04 04:53:23,816 [IPC Server handler 18 on default port 37201] WARN  node.SCMNodeManager (SCMNodeManager.java:processLayoutVersionReport(595)) - Data node fv-az291-261.wgnan5asplgejimfprtllbpdch.jx.internal.cloudapp.net can not be used in any pipeline in the cluster. DataNode MetadataLayoutVersion = 0, SCM MetadataLayoutVersion = 2
2021-08-04 04:53:23,818 [Command processor thread] INFO  upgrade.UpgradeFinalizer (BasicUpgradeFinalizer.java:logAndEmit(341)) - Finalization is done.
2021-08-04 04:53:23,818 [Command processor thread] INFO  commandhandler.FinalizeNewLayoutVersionCommandHandler (FinalizeNewLayoutVersionCommandHandler.java:handle(64)) - Processing FinalizeNewLayoutVersionCommandHandler command.
2021-08-04 04:53:23,818 [Command processor thread] INFO  commandhandler.FinalizeNewLayoutVersionCommandHandler (FinalizeNewLayoutVersionCommandHandler.java:handle(64)) - Processing FinalizeNewLayoutVersionCommandHandler command.
2021-08-04 04:53:23,969 [Command processor thread] INFO  commandhandler.FinalizeNewLayoutVersionCommandHandler (FinalizeNewLayoutVersionCommandHandler.java:handle(64)) - Processing FinalizeNewLayoutVersionCommandHandler command.
2021-08-04 04:53:23,969 [Command processor thread] INFO  commandhandler.FinalizeNewLayoutVersionCommandHandler (FinalizeNewLayoutVersionCommandHandler.java:handle(77)) - Finalize Upgrade called!
2021-08-04 04:53:23,969 [Command processor thread] INFO  upgrade.UpgradeFinalizer (BasicUpgradeFinalizer.java:logAndEmit(341)) - Finalization started.
2021-08-04 04:53:23,969 [Command processor thread] INFO  upgrade.UpgradeFinalizer (BasicUpgradeFinalizer.java:logAndEmit(341)) - No onFinalize work defined for feature: DATANODE_SCHEMA_V2.
2021-08-04 04:53:23,970 [IPC Server handler 7 on default port 37201] WARN  node.SCMNodeManager (SCMNodeManager.java:processLayoutVersionReport(595)) - Data node fv-az291-261.wgnan5asplgejimfprtllbpdch.jx.internal.cloudapp.net can not be used in any pipeline in the cluster. DataNode MetadataLayoutVersion = 0, SCM MetadataLayoutVersion = 2
2021-08-04 04:53:23,971 [Command processor thread] INFO  upgrade.UpgradeFinalizer (BasicUpgradeFinalizer.java:logAndEmit(341)) - No onFinalize work defined for feature: SCM_HA.
2021-08-04 04:53:23,973 [Command processor thread] INFO  upgrade.UpgradeFinalizer (BasicUpgradeFinalizer.java:logAndEmit(341)) - Finalization is done.
2021-08-04 04:53:23,973 [Command processor thread] INFO  commandhandler.FinalizeNewLayoutVersionCommandHandler (FinalizeNewLayoutVersionCommandHandler.java:handle(64)) - Processing FinalizeNewLayoutVersionCommandHandler command.
2021-08-04 04:53:23,973 [Command processor thread] INFO  commandhandler.FinalizeNewLayoutVersionCommandHandler (FinalizeNewLayoutVersionCommandHandler.java:handle(64)) - Processing FinalizeNewLayoutVersionCommandHandler command.
2021-08-04 04:53:23,973 [Command processor thread] INFO  commandhandler.FinalizeNewLayoutVersionCommandHandler (FinalizeNewLayoutVersionCommandHandler.java:handle(64)) - Processing FinalizeNewLayoutVersionCommandHandler command.
2021-08-04 04:53:24,164 [EventQueue-HealthyReadonlyToHealthyNodeForReadOnlyHealthyToHealthyNodeHandler] INFO  node.ReadOnlyHealthyToHealthyNodeHandler (ReadOnlyHealthyToHealthyNodeHandler.java:onMessage(51)) - Datanode 387044f6-9ada-47c7-9f57-c4453de21297{ip: 10.1.0.14, host: fv-az291-261.wgnan5asplgejimfprtllbpdch.jx.internal.cloudapp.net, ports: [REPLICATION=33107, RATIS=39215, RATIS_ADMIN=39215, RATIS_SERVER=39215, STANDALONE=42459], networkLocation: /default-rack, certSerialId: null, persistedOpState: IN_SERVICE, persistedOpStateExpiryEpochSec: 0} moved to HEALTHY state.
2021-08-04 04:53:24,165 [EventQueue-HealthyReadonlyToHealthyNodeForReadOnlyHealthyToHealthyNodeHandler] INFO  pipeline.BackgroundPipelineCreator (BackgroundPipelineCreatorV2.java:notifyEventTriggered(285)) - trigger a one-shot run on RatisPipelineUtilsThread.
2021-08-04 04:53:24,165 [RatisPipelineUtilsThread - 0] INFO  pipeline.RatisPipelineProvider (RatisPipelineProvider.java:lambda$create$0(183)) - Sending CreatePipelineCommand for pipeline:PipelineID=9fb1c133-6622-4cc0-b39e-0faa29aad80c to datanode:387044f6-9ada-47c7-9f57-c4453de21297
2021-08-04 04:53:24,166 [RatisPipelineUtilsThread - 0] INFO  pipeline.PipelineStateManager (PipelineStateManagerV2Impl.java:addPipeline(101)) - Created pipeline Pipeline[ Id: 9fb1c133-6622-4cc0-b39e-0faa29aad80c, Nodes: 387044f6-9ada-47c7-9f57-c4453de21297{ip: 10.1.0.14, host: fv-az291-261.wgnan5asplgejimfprtllbpdch.jx.internal.cloudapp.net, ports: [REPLICATION=33107, RATIS=39215, RATIS_ADMIN=39215, RATIS_SERVER=39215, STANDALONE=42459], networkLocation: /default-rack, certSerialId: null, persistedOpState: IN_SERVICE, persistedOpStateExpiryEpochSec: 0}, ReplicationConfig: RATIS/ONE, State:ALLOCATED, leaderId:, CreationTimestamp2021-08-04T04:53:24.165Z[Etc/UTC]].
2021-08-04 04:53:24,166 [RatisPipelineUtilsThread - 0] ERROR scm.SCMCommonPlacementPolicy (SCMCommonPlacementPolicy.java:filterNodesWithSpace(168)) - Unable to find enough nodes that meet the space requirement of 1073741824 bytes for metadata and 5368709120 bytes for data in healthy node set. Required 3. Found 1.
2021-08-04 04:53:24,665 [EventQueue-HealthyReadonlyToHealthyNodeForReadOnlyHealthyToHealthyNodeHandler] INFO  node.ReadOnlyHealthyToHealthyNodeHandler (ReadOnlyHealthyToHealthyNodeHandler.java:onMessage(51)) - Datanode 3b35e8af-4420-4337-880c-bcb538b04dba{ip: 10.1.0.14, host: fv-az291-261.wgnan5asplgejimfprtllbpdch.jx.internal.cloudapp.net, ports: [REPLICATION=37687, RATIS=40083, RATIS_ADMIN=40083, RATIS_SERVER=40083, STANDALONE=43785], networkLocation: /default-rack, certSerialId: null, persistedOpState: IN_SERVICE, persistedOpStateExpiryEpochSec: 0} moved to HEALTHY state.
2021-08-04 04:53:24,665 [EventQueue-HealthyReadonlyToHealthyNodeForReadOnlyHealthyToHealthyNodeHandler] INFO  pipeline.BackgroundPipelineCreator (BackgroundPipelineCreatorV2.java:notifyEventTriggered(285)) - trigger a one-shot run on RatisPipelineUtilsThread.
2021-08-04 04:53:24,665 [EventQueue-HealthyReadonlyToHealthyNodeForReadOnlyHealthyToHealthyNodeHandler] INFO  node.ReadOnlyHealthyToHealthyNodeHandler (ReadOnlyHealthyToHealthyNodeHandler.java:onMessage(51)) - Datanode 8a31fd49-3da4-4fd9-acfc-b2bde89e3d95{ip: 10.1.0.14, host: fv-az291-261.wgnan5asplgejimfprtllbpdch.jx.internal.cloudapp.net, ports: [REPLICATION=38125, RATIS=37907, RATIS_ADMIN=37907, RATIS_SERVER=37907, STANDALONE=42413], networkLocation: /default-rack, certSerialId: null, persistedOpState: IN_SERVICE, persistedOpStateExpiryEpochSec: 0} moved to HEALTHY state.
2021-08-04 04:53:24,665 [EventQueue-HealthyReadonlyToHealthyNodeForReadOnlyHealthyToHealthyNodeHandler] INFO  pipeline.BackgroundPipelineCreator (BackgroundPipelineCreatorV2.java:notifyEventTriggered(285)) - trigger a one-shot run on RatisPipelineUtilsThread.
2021-08-04 04:53:24,665 [RatisPipelineUtilsThread - 0] INFO  pipeline.RatisPipelineProvider (RatisPipelineProvider.java:lambda$create$0(183)) - Sending CreatePipelineCommand for pipeline:PipelineID=435b2694-c7c5-439d-867e-a2c98a64a929 to datanode:3b35e8af-4420-4337-880c-bcb538b04dba
2021-08-04 04:53:24,666 [RatisPipelineUtilsThread - 0] INFO  pipeline.PipelineStateManager (PipelineStateManagerV2Impl.java:addPipeline(101)) - Created pipeline Pipeline[ Id: 435b2694-c7c5-439d-867e-a2c98a64a929, Nodes: 3b35e8af-4420-4337-880c-bcb538b04dba{ip: 10.1.0.14, host: fv-az291-261.wgnan5asplgejimfprtllbpdch.jx.internal.cloudapp.net, ports: [REPLICATION=37687, RATIS=40083, RATIS_ADMIN=40083, RATIS_SERVER=40083, STANDALONE=43785], networkLocation: /default-rack, certSerialId: null, persistedOpState: IN_SERVICE, persistedOpStateExpiryEpochSec: 0}, ReplicationConfig: RATIS/ONE, State:ALLOCATED, leaderId:, CreationTimestamp2021-08-04T04:53:24.665Z[Etc/UTC]].
2021-08-04 04:53:24,666 [RatisPipelineUtilsThread - 0] INFO  pipeline.RatisPipelineProvider (RatisPipelineProvider.java:lambda$create$0(183)) - Sending CreatePipelineCommand for pipeline:PipelineID=26c9065b-b333-4a66-b9f4-24b6e1ccf0b2 to datanode:8a31fd49-3da4-4fd9-acfc-b2bde89e3d95
2021-08-04 04:53:24,666 [RatisPipelineUtilsThread - 0] INFO  pipeline.RatisPipelineProvider (RatisPipelineProvider.java:lambda$create$0(183)) - Sending CreatePipelineCommand for pipeline:PipelineID=26c9065b-b333-4a66-b9f4-24b6e1ccf0b2 to datanode:3b35e8af-4420-4337-880c-bcb538b04dba
2021-08-04 04:53:24,666 [RatisPipelineUtilsThread - 0] INFO  pipeline.RatisPipelineProvider (RatisPipelineProvider.java:lambda$create$0(183)) - Sending CreatePipelineCommand for pipeline:PipelineID=26c9065b-b333-4a66-b9f4-24b6e1ccf0b2 to datanode:387044f6-9ada-47c7-9f57-c4453de21297
2021-08-04 04:53:24,667 [RatisPipelineUtilsThread - 0] INFO  pipeline.PipelineStateManager (PipelineStateManagerV2Impl.java:addPipeline(101)) - Created pipeline Pipeline[ Id: 26c9065b-b333-4a66-b9f4-24b6e1ccf0b2, Nodes: 8a31fd49-3da4-4fd9-acfc-b2bde89e3d95{ip: 10.1.0.14, host: fv-az291-261.wgnan5asplgejimfprtllbpdch.jx.internal.cloudapp.net, ports: [REPLICATION=38125, RATIS=37907, RATIS_ADMIN=37907, RATIS_SERVER=37907, STANDALONE=42413], networkLocation: /default-rack, certSerialId: null, persistedOpState: IN_SERVICE, persistedOpStateExpiryEpochSec: 0}3b35e8af-4420-4337-880c-bcb538b04dba{ip: 10.1.0.14, host: fv-az291-261.wgnan5asplgejimfprtllbpdch.jx.internal.cloudapp.net, ports: [REPLICATION=37687, RATIS=40083, RATIS_ADMIN=40083, RATIS_SERVER=40083, STANDALONE=43785], networkLocation: /default-rack, certSerialId: null, persistedOpState: IN_SERVICE, persistedOpStateExpiryEpochSec: 0}387044f6-9ada-47c7-9f57-c4453de21297{ip: 10.1.0.14, host: fv-az291-261.wgnan5asplgejimfprtllbpdch.jx.internal.cloudapp.net, ports: [REPLICATION=33107, RATIS=39215, RATIS_ADMIN=39215, RATIS_SERVER=39215, STANDALONE=42459], networkLocation: /default-rack, certSerialId: null, persistedOpState: IN_SERVICE, persistedOpStateExpiryEpochSec: 0}, ReplicationConfig: RATIS/THREE, State:ALLOCATED, leaderId:, CreationTimestamp2021-08-04T04:53:24.666Z[Etc/UTC]].
2021-08-04 04:53:24,668 [RatisPipelineUtilsThread - 0] INFO  pipeline.RatisPipelineProvider (RatisPipelineProvider.java:lambda$create$0(183)) - Sending CreatePipelineCommand for pipeline:PipelineID=82af518e-b7bd-4ce1-930d-6a9400823284 to datanode:8a31fd49-3da4-4fd9-acfc-b2bde89e3d95
2021-08-04 04:53:24,668 [RatisPipelineUtilsThread - 0] INFO  pipeline.PipelineStateManager (PipelineStateManagerV2Impl.java:addPipeline(101)) - Created pipeline Pipeline[ Id: 82af518e-b7bd-4ce1-930d-6a9400823284, Nodes: 8a31fd49-3da4-4fd9-acfc-b2bde89e3d95{ip: 10.1.0.14, host: fv-az291-261.wgnan5asplgejimfprtllbpdch.jx.internal.cloudapp.net, ports: [REPLICATION=38125, RATIS=37907, RATIS_ADMIN=37907, RATIS_SERVER=37907, STANDALONE=42413], networkLocation: /default-rack, certSerialId: null, persistedOpState: IN_SERVICE, persistedOpStateExpiryEpochSec: 0}, ReplicationConfig: RATIS/ONE, State:ALLOCATED, leaderId:, CreationTimestamp2021-08-04T04:53:24.668Z[Etc/UTC]].
2021-08-04 04:53:24,937 [Command processor thread] INFO  commandhandler.FinalizeNewLayoutVersionCommandHandler (FinalizeNewLayoutVersionCommandHandler.java:handle(64)) - Processing FinalizeNewLayoutVersionCommandHandler command.
2021-08-04 04:53:24,938 [Command processor thread] INFO  server.RaftServer (RaftServerProxy.java:addNew(95)) - 387044f6-9ada-47c7-9f57-c4453de21297: addNew group-0FAA29AAD80C:[387044f6-9ada-47c7-9f57-c4453de21297|rpc:10.1.0.14:39215|priority:1] returns group-0FAA29AAD80C:java.util.concurrent.CompletableFuture@44644610[Not completed]
2021-08-04 04:53:24,939 [pool-212-thread-1] INFO  server.RaftServer$Division (RaftServerImpl.java:<init>(181)) - 387044f6-9ada-47c7-9f57-c4453de21297: new RaftServerImpl for group-0FAA29AAD80C:[387044f6-9ada-47c7-9f57-c4453de21297|rpc:10.1.0.14:39215|priority:1] with ContainerStateMachine:uninitialized
2021-08-04 04:53:24,939 [pool-212-thread-1] INFO  server.RaftServerConfigKeys (ConfUtils.java:logGet(44)) - raft.server.rpc.timeout.min = 5s (custom)
2021-08-04 04:53:24,939 [pool-212-thread-1] INFO  server.RaftServerConfigKeys (ConfUtils.java:logGet(44)) - raft.server.rpc.timeout.max = 5200ms (custom)
2021-08-04 04:53:24,939 [pool-212-thread-1] INFO  server.RaftServerConfigKeys (ConfUtils.java:logGet(44)) - raft.server.rpc.sleep.time = 25ms (default)
2021-08-04 04:53:24,939 [pool-212-thread-1] INFO  server.RaftServerConfigKeys (ConfUtils.java:logGet(44)) - raft.server.rpc.slowness.timeout = 300s (custom)
2021-08-04 04:53:24,939 [pool-212-thread-1] INFO  server.RaftServerConfigKeys (ConfUtils.java:logGet(44)) - raft.server.leaderelection.leader.step-down.wait-time = 10s (default)
2021-08-04 04:53:24,939 [pool-212-thread-1] INFO  server.RaftServerConfigKeys (ConfUtils.java:logGet(44)) - raft.server.sleep.deviation.threshold = 300ms (default)
2021-08-04 04:53:24,939 [pool-212-thread-1] INFO  server.RaftServerConfigKeys (ConfUtils.java:logGet(44)) - raft.server.log.appender.install.snapshot.enabled = false (custom)
2021-08-04 04:53:24,939 [pool-212-thread-1] INFO  server.RaftServer$Division (ServerState.java:<init>(105)) - 387044f6-9ada-47c7-9f57-c4453de21297@group-0FAA29AAD80C: ConfigurationManager, init=-1: [387044f6-9ada-47c7-9f57-c4453de21297|rpc:10.1.0.14:39215|priority:1], old=null, confs=<EMPTY_MAP>
2021-08-04 04:53:24,940 [pool-212-thread-1] INFO  server.RaftServerConfigKeys (ConfUtils.java:logGet(44)) - raft.server.storage.dir = [/home/runner/work/ozone/ozone/mnt/ozone/hadoop-ozone/integration-test/target/test-dir/MiniOzoneClusterImpl-f8689e89-4432-43a3-ae55-b25b0dce3dad/datanode-1/data/ratis] (custom)
2021-08-04 04:53:24,940 [pool-212-thread-1] INFO  server.RaftServerConfigKeys (ConfUtils.java:logGet(44)) - raft.server.log.corruption.policy = EXCEPTION (default)
2021-08-04 04:53:24,940 [pool-212-thread-1] INFO  server.RaftServerConfigKeys (ConfUtils.java:logGet(44)) - raft.server.storage.free-space.min = 0MB (=0) (default)
2021-08-04 04:53:24,940 [pool-212-thread-1] INFO  storage.RaftStorageDirectory (RaftStorageDirectoryImpl.java:analyzeStorage(135)) - The storage directory /home/runner/work/ozone/ozone/mnt/ozone/hadoop-ozone/integration-test/target/test-dir/MiniOzoneClusterImpl-f8689e89-4432-43a3-ae55-b25b0dce3dad/datanode-1/data/ratis/9fb1c133-6622-4cc0-b39e-0faa29aad80c does not exist. Creating ...
2021-08-04 04:53:24,941 [pool-212-thread-1] INFO  storage.RaftStorageDirectory (RaftStorageDirectoryImpl.java:tryLock(230)) - Lock on /home/runner/work/ozone/ozone/mnt/ozone/hadoop-ozone/integration-test/target/test-dir/MiniOzoneClusterImpl-f8689e89-4432-43a3-ae55-b25b0dce3dad/datanode-1/data/ratis/9fb1c133-6622-4cc0-b39e-0faa29aad80c/in_use.lock acquired by nodename 11023@fv-az291-261
2021-08-04 04:53:24,943 [pool-212-thread-1] INFO  storage.RaftStorage (RaftStorageImpl.java:format(89)) - Storage directory /home/runner/work/ozone/ozone/mnt/ozone/hadoop-ozone/integration-test/target/test-dir/MiniOzoneClusterImpl-f8689e89-4432-43a3-ae55-b25b0dce3dad/datanode-1/data/ratis/9fb1c133-6622-4cc0-b39e-0faa29aad80c has been successfully formatted.
2021-08-04 04:53:24,943 [pool-212-thread-1] INFO  ratis.ContainerStateMachine (ContainerStateMachine.java:loadSnapshot(223)) - group-0FAA29AAD80C: The snapshot info is null. Setting the last applied indexto:(t:0, i:~)
2021-08-04 04:53:24,943 [Datanode State Machine Thread - 0] WARN  statemachine.StateContext (StateContext.java:execute(621)) - No available thread in pool for past 0 seconds.
2021-08-04 04:53:24,943 [pool-212-thread-1] INFO  server.RaftServerConfigKeys (ConfUtils.java:logGet(44)) - raft.server.notification.no-leader.timeout = 300s (custom)
2021-08-04 04:53:24,943 [pool-212-thread-1] INFO  server.RaftServerConfigKeys (ConfUtils.java:logGet(44)) - raft.server.log.use.memory = false (default)
2021-08-04 04:53:24,943 [pool-212-thread-1] INFO  server.RaftServerConfigKeys (ConfUtils.java:logGet(44)) - raft.server.log.purge.gap = 1000000 (custom)
2021-08-04 04:53:24,944 [pool-212-thread-1] INFO  server.RaftServerConfigKeys (ConfUtils.java:logGet(44)) - raft.server.log.appender.buffer.byte-limit = 33554432 (custom)
2021-08-04 04:53:24,944 [EventQueue-PipelineReportForPipelineReportHandler] INFO  pipeline.PipelineManagerV2Impl (PipelineManagerV2Impl.java:openPipeline(283)) - Pipeline Pipeline[ Id: 9fb1c133-6622-4cc0-b39e-0faa29aad80c, Nodes: 387044f6-9ada-47c7-9f57-c4453de21297{ip: 10.1.0.14, host: fv-az291-261.wgnan5asplgejimfprtllbpdch.jx.internal.cloudapp.net, ports: [REPLICATION=33107, RATIS=39215, RATIS_ADMIN=39215, RATIS_SERVER=39215, STANDALONE=42459], networkLocation: /default-rack, certSerialId: null, persistedOpState: IN_SERVICE, persistedOpStateExpiryEpochSec: 0}, ReplicationConfig: RATIS/ONE, State:ALLOCATED, leaderId:387044f6-9ada-47c7-9f57-c4453de21297, CreationTimestamp2021-08-04T04:53:24.165Z[Etc/UTC]] moved to OPEN state
2021-08-04 04:53:24,944 [pool-212-thread-1] INFO  server.RaftServerConfigKeys (ConfUtils.java:logGet(44)) - raft.server.log.segment.size.max = 1048576 (custom)
2021-08-04 04:53:24,944 [pool-212-thread-1] INFO  server.RaftServerConfigKeys (ConfUtils.java:logGet(44)) - raft.server.log.segment.cache.num.max = 2 (custom)
2021-08-04 04:53:24,944 [pool-212-thread-1] INFO  server.RaftServerConfigKeys (ConfUtils.java:logGet(44)) - raft.server.log.segment.cache.size.max = 200MB (=209715200) (default)
2021-08-04 04:53:24,944 [pool-212-thread-1] INFO  segmented.SegmentedRaftLogWorker (SegmentedRaftLogWorker.java:<init>(182)) - new 387044f6-9ada-47c7-9f57-c4453de21297@group-0FAA29AAD80C-SegmentedRaftLogWorker for RaftStorageImpl:Storage Directory /home/runner/work/ozone/ozone/mnt/ozone/hadoop-ozone/integration-test/target/test-dir/MiniOzoneClusterImpl-f8689e89-4432-43a3-ae55-b25b0dce3dad/datanode-1/data/ratis/9fb1c133-6622-4cc0-b39e-0faa29aad80c
2021-08-04 04:53:24,944 [pool-212-thread-1] INFO  server.RaftServerConfigKeys (ConfUtils.java:logGet(44)) - raft.server.log.queue.byte-limit = 2147483647 (custom)
2021-08-04 04:53:24,944 [pool-212-thread-1] INFO  server.RaftServerConfigKeys (ConfUtils.java:logGet(44)) - raft.server.log.queue.element-limit = 1024 (custom)
2021-08-04 04:53:24,945 [pool-212-thread-1] INFO  server.RaftServerConfigKeys (ConfUtils.java:logGet(44)) - raft.server.log.segment.size.max = 1048576 (custom)
2021-08-04 04:53:24,945 [pool-212-thread-1] INFO  server.RaftServerConfigKeys (ConfUtils.java:logGet(44)) - raft.server.log.preallocated.size = 16384 (custom)
2021-08-04 04:53:24,945 [pool-212-thread-1] INFO  server.RaftServerConfigKeys (ConfUtils.java:logGet(44)) - raft.server.log.force.sync.num = 128 (default)
2021-08-04 04:53:24,945 [pool-212-thread-1] INFO  server.RaftServerConfigKeys (ConfUtils.java:logGet(44)) - raft.server.log.statemachine.data.sync = true (default)
2021-08-04 04:53:24,945 [pool-212-thread-1] INFO  server.RaftServerConfigKeys (ConfUtils.java:logGet(44)) - raft.server.log.statemachine.data.sync.timeout = 10s (default)
2021-08-04 04:53:24,945 [pool-212-thread-1] INFO  server.RaftServerConfigKeys (ConfUtils.java:logGet(44)) - raft.server.log.statemachine.data.sync.timeout.retry = -1 (default)
2021-08-04 04:53:24,946 [pool-212-thread-1] INFO  server.RaftServerConfigKeys (ConfUtils.java:logGet(44)) - raft.server.log.write.buffer.size = 1048576 (custom)
2021-08-04 04:53:24,947 [pool-212-thread-1] INFO  server.RaftServerConfigKeys (ConfUtils.java:logGet(44)) - raft.server.log.statemachine.data.caching.enabled = true (custom)
2021-08-04 04:53:24,947 [pool-212-thread-1] INFO  segmented.SegmentedRaftLogWorker (SegmentedRaftLogWorker.java:lambda$new$0(133)) - 387044f6-9ada-47c7-9f57-c4453de21297@group-0FAA29AAD80C-SegmentedRaftLogWorker: flushIndex: setUnconditionally 0 -> -1
2021-08-04 04:53:24,947 [pool-212-thread-1] INFO  segmented.SegmentedRaftLogWorker (SegmentedRaftLogWorker.java:lambda$new$0(133)) - 387044f6-9ada-47c7-9f57-c4453de21297@group-0FAA29AAD80C-SegmentedRaftLogWorker: safeCacheEvictIndex: setUnconditionally 0 -> -1
2021-08-04 04:53:24,947 [pool-212-thread-1] INFO  server.RaftServerConfigKeys (ConfUtils.java:logGet(44)) - raft.server.snapshot.auto.trigger.enabled = true (custom)
2021-08-04 04:53:24,947 [pool-212-thread-1] INFO  server.RaftServerConfigKeys (ConfUtils.java:logGet(44)) - raft.server.snapshot.auto.trigger.threshold = 10000 (custom)
2021-08-04 04:53:24,947 [pool-212-thread-1] INFO  server.RaftServerConfigKeys (ConfUtils.java:logGet(44)) - raft.server.snapshot.retention.file.num = 5 (custom)
2021-08-04 04:53:24,947 [pool-212-thread-1] INFO  server.RaftServerConfigKeys (ConfUtils.java:logGet(44)) - raft.server.log.purge.upto.snapshot.index = false (default)
2021-08-04 04:53:24,947 [pool-212-thread-1] INFO  server.RaftServerConfigKeys (ConfUtils.java:logGet(44)) - raft.server.retrycache.expirytime = 600000ms (custom)
2021-08-04 04:53:24,948 [pool-212-thread-1] INFO  server.RaftServerConfigKeys (ConfUtils.java:logGet(44)) - raft.server.retrycache.statistics.expirytime = 100μs (default)
2021-08-04 04:53:24,948 [pool-212-thread-1] INFO  server.RaftServer$Division (RaftServerImpl.java:start(296)) - 387044f6-9ada-47c7-9f57-c4453de21297@group-0FAA29AAD80C: start as a follower, conf=-1: [387044f6-9ada-47c7-9f57-c4453de21297|rpc:10.1.0.14:39215|priority:1], old=null
2021-08-04 04:53:24,948 [pool-212-thread-1] INFO  server.RaftServer$Division (RaftServerImpl.java:setRole(285)) - 387044f6-9ada-47c7-9f57-c4453de21297@group-0FAA29AAD80C: changes role from      null to FOLLOWER at term 0 for startAsFollower
2021-08-04 04:53:24,948 [pool-212-thread-1] INFO  impl.RoleInfo (RoleInfo.java:updateAndGet(130)) - 387044f6-9ada-47c7-9f57-c4453de21297: start 387044f6-9ada-47c7-9f57-c4453de21297@group-0FAA29AAD80C-FollowerState
2021-08-04 04:53:24,950 [pool-212-thread-1] INFO  util.JmxRegister (JmxRegister.java:tryRegister(44)) - Successfully registered JMX Bean with object name Ratis:service=RaftServer,group=group-0FAA29AAD80C,id=387044f6-9ada-47c7-9f57-c4453de21297
2021-08-04 04:53:24,951 [Command processor thread] INFO  ratis.XceiverServerRatis (XceiverServerRatis.java:addGroup(759)) - Created group PipelineID=9fb1c133-6622-4cc0-b39e-0faa29aad80c
2021-08-04 04:53:24,951 [Command processor thread] INFO  commandhandler.CreatePipelineCommandHandler (CreatePipelineCommandHandler.java:handle(106)) - Created Pipeline RATIS ONE PipelineID=9fb1c133-6622-4cc0-b39e-0faa29aad80c.
2021-08-04 04:53:24,951 [Command processor thread] INFO  server.RaftServer (RaftServerProxy.java:addNew(95)) - 387044f6-9ada-47c7-9f57-c4453de21297: addNew group-24B6E1CCF0B2:[3b35e8af-4420-4337-880c-bcb538b04dba|rpc:10.1.0.14:40083|priority:0, 387044f6-9ada-47c7-9f57-c4453de21297|rpc:10.1.0.14:39215|priority:0, 8a31fd49-3da4-4fd9-acfc-b2bde89e3d95|rpc:10.1.0.14:37907|priority:1] returns group-24B6E1CCF0B2:java.util.concurrent.CompletableFuture@30f01564[Not completed]
2021-08-04 04:53:24,952 [pool-212-thread-1] INFO  server.RaftServer$Division (RaftServerImpl.java:<init>(181)) - 387044f6-9ada-47c7-9f57-c4453de21297: new RaftServerImpl for group-24B6E1CCF0B2:[3b35e8af-4420-4337-880c-bcb538b04dba|rpc:10.1.0.14:40083|priority:0, 387044f6-9ada-47c7-9f57-c4453de21297|rpc:10.1.0.14:39215|priority:0, 8a31fd49-3da4-4fd9-acfc-b2bde89e3d95|rpc:10.1.0.14:37907|priority:1] with ContainerStateMachine:uninitialized
2021-08-04 04:53:24,952 [pool-212-thread-1] INFO  server.RaftServerConfigKeys (ConfUtils.java:logGet(44)) - raft.server.rpc.timeout.min = 5s (custom)
2021-08-04 04:53:24,952 [pool-212-thread-1] INFO  server.RaftServerConfigKeys (ConfUtils.java:logGet(44)) - raft.server.rpc.timeout.max = 5200ms (custom)
2021-08-04 04:53:24,952 [pool-212-thread-1] INFO  server.RaftServerConfigKeys (ConfUtils.java:logGet(44)) - raft.server.rpc.sleep.time = 25ms (default)
2021-08-04 04:53:24,952 [pool-212-thread-1] INFO  server.RaftServerConfigKeys (ConfUtils.java:logGet(44)) - raft.server.rpc.slowness.timeout = 300s (custom)
2021-08-04 04:53:24,952 [pool-212-thread-1] INFO  server.RaftServerConfigKeys (ConfUtils.java:logGet(44)) - raft.server.leaderelection.leader.step-down.wait-time = 10s (default)
2021-08-04 04:53:24,952 [pool-212-thread-1] INFO  server.RaftServerConfigKeys (ConfUtils.java:logGet(44)) - raft.server.sleep.deviation.threshold = 300ms (default)
2021-08-04 04:53:24,952 [pool-212-thread-1] INFO  server.RaftServerConfigKeys (ConfUtils.java:logGet(44)) - raft.server.log.appender.install.snapshot.enabled = false (custom)
2021-08-04 04:53:24,952 [pool-212-thread-1] INFO  server.RaftServer$Division (ServerState.java:<init>(105)) - 387044f6-9ada-47c7-9f57-c4453de21297@group-24B6E1CCF0B2: ConfigurationManager, init=-1: [3b35e8af-4420-4337-880c-bcb538b04dba|rpc:10.1.0.14:40083|priority:0, 387044f6-9ada-47c7-9f57-c4453de21297|rpc:10.1.0.14:39215|priority:0, 8a31fd49-3da4-4fd9-acfc-b2bde89e3d95|rpc:10.1.0.14:37907|priority:1], old=null, confs=<EMPTY_MAP>
2021-08-04 04:53:24,952 [pool-212-thread-1] INFO  server.RaftServerConfigKeys (ConfUtils.java:logGet(44)) - raft.server.storage.dir = [/home/runner/work/ozone/ozone/mnt/ozone/hadoop-ozone/integration-test/target/test-dir/MiniOzoneClusterImpl-f8689e89-4432-43a3-ae55-b25b0dce3dad/datanode-1/data/ratis] (custom)
2021-08-04 04:53:24,952 [pool-212-thread-1] INFO  server.RaftServerConfigKeys (ConfUtils.java:logGet(44)) - raft.server.log.corruption.policy = EXCEPTION (default)
2021-08-04 04:53:24,952 [pool-212-thread-1] INFO  server.RaftServerConfigKeys (ConfUtils.java:logGet(44)) - raft.server.storage.free-space.min = 0MB (=0) (default)
2021-08-04 04:53:24,952 [pool-212-thread-1] INFO  storage.RaftStorageDirectory (RaftStorageDirectoryImpl.java:analyzeStorage(135)) - The storage directory /home/runner/work/ozone/ozone/mnt/ozone/hadoop-ozone/integration-test/target/test-dir/MiniOzoneClusterImpl-f8689e89-4432-43a3-ae55-b25b0dce3dad/datanode-1/data/ratis/26c9065b-b333-4a66-b9f4-24b6e1ccf0b2 does not exist. Creating ...
2021-08-04 04:53:24,953 [pool-212-thread-1] INFO  storage.RaftStorageDirectory (RaftStorageDirectoryImpl.java:tryLock(230)) - Lock on /home/runner/work/ozone/ozone/mnt/ozone/hadoop-ozone/integration-test/target/test-dir/MiniOzoneClusterImpl-f8689e89-4432-43a3-ae55-b25b0dce3dad/datanode-1/data/ratis/26c9065b-b333-4a66-b9f4-24b6e1ccf0b2/in_use.lock acquired by nodename 11023@fv-az291-261
2021-08-04 04:53:24,955 [pool-212-thread-1] INFO  storage.RaftStorage (RaftStorageImpl.java:format(89)) - Storage directory /home/runner/work/ozone/ozone/mnt/ozone/hadoop-ozone/integration-test/target/test-dir/MiniOzoneClusterImpl-f8689e89-4432-43a3-ae55-b25b0dce3dad/datanode-1/data/ratis/26c9065b-b333-4a66-b9f4-24b6e1ccf0b2 has been successfully formatted.
2021-08-04 04:53:24,955 [pool-212-thread-1] INFO  ratis.ContainerStateMachine (ContainerStateMachine.java:loadSnapshot(223)) - group-24B6E1CCF0B2: The snapshot info is null. Setting the last applied indexto:(t:0, i:~)
2021-08-04 04:53:24,956 [pool-212-thread-1] INFO  server.RaftServerConfigKeys (ConfUtils.java:logGet(44)) - raft.server.notification.no-leader.timeout = 300s (custom)
2021-08-04 04:53:24,956 [pool-212-thread-1] INFO  server.RaftServerConfigKeys (ConfUtils.java:logGet(44)) - raft.server.log.use.memory = false (default)
2021-08-04 04:53:24,957 [pool-212-thread-1] INFO  server.RaftServerConfigKeys (ConfUtils.java:logGet(44)) - raft.server.log.purge.gap = 1000000 (custom)
2021-08-04 04:53:24,957 [pool-212-thread-1] INFO  server.RaftServerConfigKeys (ConfUtils.java:logGet(44)) - raft.server.log.appender.buffer.byte-limit = 33554432 (custom)
2021-08-04 04:53:24,957 [pool-212-thread-1] INFO  server.RaftServerConfigKeys (ConfUtils.java:logGet(44)) - raft.server.log.segment.size.max = 1048576 (custom)
2021-08-04 04:53:24,957 [pool-212-thread-1] INFO  server.RaftServerConfigKeys (ConfUtils.java:logGet(44)) - raft.server.log.segment.cache.num.max = 2 (custom)
2021-08-04 04:53:24,957 [pool-212-thread-1] INFO  server.RaftServerConfigKeys (ConfUtils.java:logGet(44)) - raft.server.log.segment.cache.size.max = 200MB (=209715200) (default)
2021-08-04 04:53:24,957 [pool-212-thread-1] INFO  segmented.SegmentedRaftLogWorker (SegmentedRaftLogWorker.java:<init>(182)) - new 387044f6-9ada-47c7-9f57-c4453de21297@group-24B6E1CCF0B2-SegmentedRaftLogWorker for RaftStorageImpl:Storage Directory /home/runner/work/ozone/ozone/mnt/ozone/hadoop-ozone/integration-test/target/test-dir/MiniOzoneClusterImpl-f8689e89-4432-43a3-ae55-b25b0dce3dad/datanode-1/data/ratis/26c9065b-b333-4a66-b9f4-24b6e1ccf0b2
2021-08-04 04:53:24,957 [pool-212-thread-1] INFO  server.RaftServerConfigKeys (ConfUtils.java:logGet(44)) - raft.server.log.queue.byte-limit = 2147483647 (custom)
2021-08-04 04:53:24,957 [pool-212-thread-1] INFO  server.RaftServerConfigKeys (ConfUtils.java:logGet(44)) - raft.server.log.queue.element-limit = 1024 (custom)
2021-08-04 04:53:24,957 [pool-212-thread-1] INFO  server.RaftServerConfigKeys (ConfUtils.java:logGet(44)) - raft.server.log.segment.size.max = 1048576 (custom)
2021-08-04 04:53:24,957 [pool-212-thread-1] INFO  server.RaftServerConfigKeys (ConfUtils.java:logGet(44)) - raft.server.log.preallocated.size = 16384 (custom)
2021-08-04 04:53:24,958 [pool-212-thread-1] INFO  server.RaftServerConfigKeys (ConfUtils.java:logGet(44)) - raft.server.log.force.sync.num = 128 (default)
2021-08-04 04:53:24,958 [pool-212-thread-1] INFO  server.RaftServerConfigKeys (ConfUtils.java:logGet(44)) - raft.server.log.statemachine.data.sync = true (default)
2021-08-04 04:53:24,958 [pool-212-thread-1] INFO  server.RaftServerConfigKeys (ConfUtils.java:logGet(44)) - raft.server.log.statemachine.data.sync.timeout = 10s (default)
2021-08-04 04:53:24,958 [pool-212-thread-1] INFO  server.RaftServerConfigKeys (ConfUtils.java:logGet(44)) - raft.server.log.statemachine.data.sync.timeout.retry = -1 (default)
2021-08-04 04:53:24,958 [pool-212-thread-1] INFO  server.RaftServerConfigKeys (ConfUtils.java:logGet(44)) - raft.server.log.write.buffer.size = 1048576 (custom)
2021-08-04 04:53:24,958 [pool-212-thread-1] INFO  server.RaftServerConfigKeys (ConfUtils.java:logGet(44)) - raft.server.log.statemachine.data.caching.enabled = true (custom)
2021-08-04 04:53:24,959 [pool-212-thread-1] INFO  segmented.SegmentedRaftLogWorker (SegmentedRaftLogWorker.java:lambda$new$0(133)) - 387044f6-9ada-47c7-9f57-c4453de21297@group-24B6E1CCF0B2-SegmentedRaftLogWorker: flushIndex: setUnconditionally 0 -> -1
2021-08-04 04:53:24,959 [pool-212-thread-1] INFO  segmented.SegmentedRaftLogWorker (SegmentedRaftLogWorker.java:lambda$new$0(133)) - 387044f6-9ada-47c7-9f57-c4453de21297@group-24B6E1CCF0B2-SegmentedRaftLogWorker: safeCacheEvictIndex: setUnconditionally 0 -> -1
2021-08-04 04:53:24,959 [pool-212-thread-1] INFO  server.RaftServerConfigKeys (ConfUtils.java:logGet(44)) - raft.server.snapshot.auto.trigger.enabled = true (custom)
2021-08-04 04:53:24,959 [pool-212-thread-1] INFO  server.RaftServerConfigKeys (ConfUtils.java:logGet(44)) - raft.server.snapshot.auto.trigger.threshold = 10000 (custom)
2021-08-04 04:53:24,959 [pool-212-thread-1] INFO  server.RaftServerConfigKeys (ConfUtils.java:logGet(44)) - raft.server.snapshot.retention.file.num = 5 (custom)
2021-08-04 04:53:24,959 [pool-212-thread-1] INFO  server.RaftServerConfigKeys (ConfUtils.java:logGet(44)) - raft.server.log.purge.upto.snapshot.index = false (default)
2021-08-04 04:53:24,959 [pool-212-thread-1] INFO  server.RaftServerConfigKeys (ConfUtils.java:logGet(44)) - raft.server.retrycache.expirytime = 600000ms (custom)
2021-08-04 04:53:24,959 [pool-212-thread-1] INFO  server.RaftServerConfigKeys (ConfUtils.java:logGet(44)) - raft.server.retrycache.statistics.expirytime = 100μs (default)
2021-08-04 04:53:24,960 [pool-212-thread-1] INFO  server.RaftServer$Division (RaftServerImpl.java:start(296)) - 387044f6-9ada-47c7-9f57-c4453de21297@group-24B6E1CCF0B2: start as a follower, conf=-1: [3b35e8af-4420-4337-880c-bcb538b04dba|rpc:10.1.0.14:40083|priority:0, 387044f6-9ada-47c7-9f57-c4453de21297|rpc:10.1.0.14:39215|priority:0, 8a31fd49-3da4-4fd9-acfc-b2bde89e3d95|rpc:10.1.0.14:37907|priority:1], old=null
2021-08-04 04:53:24,960 [pool-212-thread-1] INFO  server.RaftServer$Division (RaftServerImpl.java:setRole(285)) - 387044f6-9ada-47c7-9f57-c4453de21297@group-24B6E1CCF0B2: changes role from      null to FOLLOWER at term 0 for startAsFollower
2021-08-04 04:53:24,960 [pool-212-thread-1] INFO  impl.RoleInfo (RoleInfo.java:updateAndGet(130)) - 387044f6-9ada-47c7-9f57-c4453de21297: start 387044f6-9ada-47c7-9f57-c4453de21297@group-24B6E1CCF0B2-FollowerState
2021-08-04 04:53:24,963 [pool-212-thread-1] INFO  util.JmxRegister (JmxRegister.java:tryRegister(44)) - Successfully registered JMX Bean with object name Ratis:service=RaftServer,group=group-24B6E1CCF0B2,id=387044f6-9ada-47c7-9f57-c4453de21297
2021-08-04 04:53:24,963 [Command processor thread] INFO  ratis.XceiverServerRatis (XceiverServerRatis.java:addGroup(759)) - Created group PipelineID=26c9065b-b333-4a66-b9f4-24b6e1ccf0b2
2021-08-04 04:53:24,976 [grpc-default-executor-3] INFO  server.RaftServer (RaftServerProxy.java:addNew(95)) - 8a31fd49-3da4-4fd9-acfc-b2bde89e3d95: addNew group-24B6E1CCF0B2:[3b35e8af-4420-4337-880c-bcb538b04dba|rpc:10.1.0.14:40083|dataStream:|priority:0, 387044f6-9ada-47c7-9f57-c4453de21297|rpc:10.1.0.14:39215|dataStream:|priority:0, 8a31fd49-3da4-4fd9-acfc-b2bde89e3d95|rpc:10.1.0.14:37907|dataStream:|priority:1] returns group-24B6E1CCF0B2:java.util.concurrent.CompletableFuture@1ff687f4[Not completed]
2021-08-04 04:53:24,977 [pool-194-thread-1] INFO  server.RaftServer$Division (RaftServerImpl.java:<init>(181)) - 8a31fd49-3da4-4fd9-acfc-b2bde89e3d95: new RaftServerImpl for group-24B6E1CCF0B2:[3b35e8af-4420-4337-880c-bcb538b04dba|rpc:10.1.0.14:40083|dataStream:|priority:0, 387044f6-9ada-47c7-9f57-c4453de21297|rpc:10.1.0.14:39215|dataStream:|priority:0, 8a31fd49-3da4-4fd9-acfc-b2bde89e3d95|rpc:10.1.0.14:37907|dataStream:|priority:1] with ContainerStateMachine:uninitialized
2021-08-04 04:53:24,977 [pool-194-thread-1] INFO  server.RaftServerConfigKeys (ConfUtils.java:logGet(44)) - raft.server.rpc.timeout.min = 5s (custom)
2021-08-04 04:53:24,977 [pool-194-thread-1] INFO  server.RaftServerConfigKeys (ConfUtils.java:logGet(44)) - raft.server.rpc.timeout.max = 5200ms (custom)
2021-08-04 04:53:24,977 [pool-194-thread-1] INFO  server.RaftServerConfigKeys (ConfUtils.java:logGet(44)) - raft.server.rpc.sleep.time = 25ms (default)
2021-08-04 04:53:24,977 [pool-194-thread-1] INFO  server.RaftServerConfigKeys (ConfUtils.java:logGet(44)) - raft.server.rpc.slowness.timeout = 300s (custom)
2021-08-04 04:53:24,977 [pool-194-thread-1] INFO  server.RaftServerConfigKeys (ConfUtils.java:logGet(44)) - raft.server.leaderelection.leader.step-down.wait-time = 10s (default)
2021-08-04 04:53:24,977 [pool-194-thread-1] INFO  server.RaftServerConfigKeys (ConfUtils.java:logGet(44)) - raft.server.sleep.deviation.threshold = 300ms (default)
2021-08-04 04:53:24,977 [pool-194-thread-1] INFO  server.RaftServerConfigKeys (ConfUtils.java:logGet(44)) - raft.server.log.appender.install.snapshot.enabled = false (custom)
2021-08-04 04:53:24,977 [pool-194-thread-1] INFO  server.RaftServer$Division (ServerState.java:<init>(105)) - 8a31fd49-3da4-4fd9-acfc-b2bde89e3d95@group-24B6E1CCF0B2: ConfigurationManager, init=-1: [3b35e8af-4420-4337-880c-bcb538b04dba|rpc:10.1.0.14:40083|dataStream:|priority:0, 387044f6-9ada-47c7-9f57-c4453de21297|rpc:10.1.0.14:39215|dataStream:|priority:0, 8a31fd49-3da4-4fd9-acfc-b2bde89e3d95|rpc:10.1.0.14:37907|dataStream:|priority:1], old=null, confs=<EMPTY_MAP>
2021-08-04 04:53:24,977 [pool-194-thread-1] INFO  server.RaftServerConfigKeys (ConfUtils.java:logGet(44)) - raft.server.storage.dir = [/home/runner/work/ozone/ozone/mnt/ozone/hadoop-ozone/integration-test/target/test-dir/MiniOzoneClusterImpl-f8689e89-4432-43a3-ae55-b25b0dce3dad/datanode-0/data/ratis] (custom)
2021-08-04 04:53:24,978 [pool-194-thread-1] INFO  server.RaftServerConfigKeys (ConfUtils.java:logGet(44)) - raft.server.log.corruption.policy = EXCEPTION (default)
2021-08-04 04:53:24,978 [pool-194-thread-1] INFO  server.RaftServerConfigKeys (ConfUtils.java:logGet(44)) - raft.server.storage.free-space.min = 0MB (=0) (default)
2021-08-04 04:53:24,978 [pool-194-thread-1] INFO  storage.RaftStorageDirectory (RaftStorageDirectoryImpl.java:analyzeStorage(135)) - The storage directory /home/runner/work/ozone/ozone/mnt/ozone/hadoop-ozone/integration-test/target/test-dir/MiniOzoneClusterImpl-f8689e89-4432-43a3-ae55-b25b0dce3dad/datanode-0/data/ratis/26c9065b-b333-4a66-b9f4-24b6e1ccf0b2 does not exist. Creating ...
2021-08-04 04:53:24,979 [pool-194-thread-1] INFO  storage.RaftStorageDirectory (RaftStorageDirectoryImpl.java:tryLock(230)) - Lock on /home/runner/work/ozone/ozone/mnt/ozone/hadoop-ozone/integration-test/target/test-dir/MiniOzoneClusterImpl-f8689e89-4432-43a3-ae55-b25b0dce3dad/datanode-0/data/ratis/26c9065b-b333-4a66-b9f4-24b6e1ccf0b2/in_use.lock acquired by nodename 11023@fv-az291-261
2021-08-04 04:53:24,981 [pool-194-thread-1] INFO  storage.RaftStorage (RaftStorageImpl.java:format(89)) - Storage directory /home/runner/work/ozone/ozone/mnt/ozone/hadoop-ozone/integration-test/target/test-dir/MiniOzoneClusterImpl-f8689e89-4432-43a3-ae55-b25b0dce3dad/datanode-0/data/ratis/26c9065b-b333-4a66-b9f4-24b6e1ccf0b2 has been successfully formatted.
2021-08-04 04:53:24,981 [pool-194-thread-1] INFO  ratis.ContainerStateMachine (ContainerStateMachine.java:loadSnapshot(223)) - group-24B6E1CCF0B2: The snapshot info is null. Setting the last applied indexto:(t:0, i:~)
2021-08-04 04:53:24,981 [Datanode State Machine Thread - 0] WARN  statemachine.StateContext (StateContext.java:execute(621)) - No available thread in pool for past 0 seconds.
2021-08-04 04:53:24,981 [pool-194-thread-1] INFO  server.RaftServerConfigKeys (ConfUtils.java:logGet(44)) - raft.server.notification.no-leader.timeout = 300s (custom)
2021-08-04 04:53:24,981 [pool-194-thread-1] INFO  server.RaftServerConfigKeys (ConfUtils.java:logGet(44)) - raft.server.log.use.memory = false (default)
2021-08-04 04:53:24,981 [pool-194-thread-1] INFO  server.RaftServerConfigKeys (ConfUtils.java:logGet(44)) - raft.server.log.purge.gap = 1000000 (custom)
2021-08-04 04:53:24,981 [pool-194-thread-1] INFO  server.RaftServerConfigKeys (ConfUtils.java:logGet(44)) - raft.server.log.appender.buffer.byte-limit = 33554432 (custom)
2021-08-04 04:53:24,981 [pool-194-thread-1] INFO  server.RaftServerConfigKeys (ConfUtils.java:logGet(44)) - raft.server.log.segment.size.max = 1048576 (custom)
2021-08-04 04:53:24,982 [pool-194-thread-1] INFO  server.RaftServerConfigKeys (ConfUtils.java:logGet(44)) - raft.server.log.segment.cache.num.max = 2 (custom)
2021-08-04 04:53:24,982 [pool-194-thread-1] INFO  server.RaftServerConfigKeys (ConfUtils.java:logGet(44)) - raft.server.log.segment.cache.size.max = 200MB (=209715200) (default)
2021-08-04 04:53:24,982 [pool-194-thread-1] INFO  segmented.SegmentedRaftLogWorker (SegmentedRaftLogWorker.java:<init>(182)) - new 8a31fd49-3da4-4fd9-acfc-b2bde89e3d95@group-24B6E1CCF0B2-SegmentedRaftLogWorker for RaftStorageImpl:Storage Directory /home/runner/work/ozone/ozone/mnt/ozone/hadoop-ozone/integration-test/target/test-dir/MiniOzoneClusterImpl-f8689e89-4432-43a3-ae55-b25b0dce3dad/datanode-0/data/ratis/26c9065b-b333-4a66-b9f4-24b6e1ccf0b2
2021-08-04 04:53:24,982 [pool-194-thread-1] INFO  server.RaftServerConfigKeys (ConfUtils.java:logGet(44)) - raft.server.log.queue.byte-limit = 2147483647 (custom)
2021-08-04 04:53:24,982 [pool-194-thread-1] INFO  server.RaftServerConfigKeys (ConfUtils.java:logGet(44)) - raft.server.log.queue.element-limit = 1024 (custom)
2021-08-04 04:53:24,982 [pool-194-thread-1] INFO  server.RaftServerConfigKeys (ConfUtils.java:logGet(44)) - raft.server.log.segment.size.max = 1048576 (custom)
2021-08-04 04:53:24,982 [pool-194-thread-1] INFO  server.RaftServerConfigKeys (ConfUtils.java:logGet(44)) - raft.server.log.preallocated.size = 16384 (custom)
2021-08-04 04:53:24,982 [pool-194-thread-1] INFO  server.RaftServerConfigKeys (ConfUtils.java:logGet(44)) - raft.server.log.force.sync.num = 128 (default)
2021-08-04 04:53:24,982 [pool-194-thread-1] INFO  server.RaftServerConfigKeys (ConfUtils.java:logGet(44)) - raft.server.log.statemachine.data.sync = true (default)
2021-08-04 04:53:24,982 [pool-194-thread-1] INFO  server.RaftServerConfigKeys (ConfUtils.java:logGet(44)) - raft.server.log.statemachine.data.sync.timeout = 10s (default)
2021-08-04 04:53:24,982 [pool-194-thread-1] INFO  server.RaftServerConfigKeys (ConfUtils.java:logGet(44)) - raft.server.log.statemachine.data.sync.timeout.retry = -1 (default)
2021-08-04 04:53:24,983 [pool-194-thread-1] INFO  server.RaftServerConfigKeys (ConfUtils.java:logGet(44)) - raft.server.log.write.buffer.size = 1048576 (custom)
2021-08-04 04:53:24,983 [pool-194-thread-1] INFO  server.RaftServerConfigKeys (ConfUtils.java:logGet(44)) - raft.server.log.statemachine.data.caching.enabled = true (custom)
2021-08-04 04:53:24,983 [pool-194-thread-1] INFO  segmented.SegmentedRaftLogWorker (SegmentedRaftLogWorker.java:lambda$new$0(133)) - 8a31fd49-3da4-4fd9-acfc-b2bde89e3d95@group-24B6E1CCF0B2-SegmentedRaftLogWorker: flushIndex: setUnconditionally 0 -> -1
2021-08-04 04:53:24,983 [pool-194-thread-1] INFO  segmented.SegmentedRaftLogWorker (SegmentedRaftLogWorker.java:lambda$new$0(133)) - 8a31fd49-3da4-4fd9-acfc-b2bde89e3d95@group-24B6E1CCF0B2-SegmentedRaftLogWorker: safeCacheEvictIndex: setUnconditionally 0 -> -1
2021-08-04 04:53:24,989 [pool-194-thread-1] INFO  server.RaftServerConfigKeys (ConfUtils.java:logGet(44)) - raft.server.snapshot.auto.trigger.enabled = true (custom)
2021-08-04 04:53:24,989 [pool-194-thread-1] INFO  server.RaftServerConfigKeys (ConfUtils.java:logGet(44)) - raft.server.snapshot.auto.trigger.threshold = 10000 (custom)
2021-08-04 04:53:24,989 [pool-194-thread-1] INFO  server.RaftServerConfigKeys (ConfUtils.java:logGet(44)) - raft.server.snapshot.retention.file.num = 5 (custom)
2021-08-04 04:53:24,989 [pool-194-thread-1] INFO  server.RaftServerConfigKeys (ConfUtils.java:logGet(44)) - raft.server.log.purge.upto.snapshot.index = false (default)
2021-08-04 04:53:24,989 [pool-194-thread-1] INFO  server.RaftServerConfigKeys (ConfUtils.java:logGet(44)) - raft.server.retrycache.expirytime = 600000ms (custom)
2021-08-04 04:53:24,989 [pool-194-thread-1] INFO  server.RaftServerConfigKeys (ConfUtils.java:logGet(44)) - raft.server.retrycache.statistics.expirytime = 100μs (default)
2021-08-04 04:53:24,990 [pool-194-thread-1] INFO  server.RaftServer$Division (RaftServerImpl.java:start(296)) - 8a31fd49-3da4-4fd9-acfc-b2bde89e3d95@group-24B6E1CCF0B2: start as a follower, conf=-1: [3b35e8af-4420-4337-880c-bcb538b04dba|rpc:10.1.0.14:40083|dataStream:|priority:0, 387044f6-9ada-47c7-9f57-c4453de21297|rpc:10.1.0.14:39215|dataStream:|priority:0, 8a31fd49-3da4-4fd9-acfc-b2bde89e3d95|rpc:10.1.0.14:37907|dataStream:|priority:1], old=null
2021-08-04 04:53:24,990 [pool-194-thread-1] INFO  server.RaftServer$Division (RaftServerImpl.java:setRole(285)) - 8a31fd49-3da4-4fd9-acfc-b2bde89e3d95@group-24B6E1CCF0B2: changes role from      null to FOLLOWER at term 0 for startAsFollower
2021-08-04 04:53:24,990 [pool-194-thread-1] INFO  impl.RoleInfo (RoleInfo.java:updateAndGet(130)) - 8a31fd49-3da4-4fd9-acfc-b2bde89e3d95: start 8a31fd49-3da4-4fd9-acfc-b2bde89e3d95@group-24B6E1CCF0B2-FollowerState
2021-08-04 04:53:24,995 [pool-194-thread-1] INFO  util.JmxRegister (JmxRegister.java:tryRegister(44)) - Successfully registered JMX Bean with object name Ratis:service=RaftServer,group=group-24B6E1CCF0B2,id=8a31fd49-3da4-4fd9-acfc-b2bde89e3d95
2021-08-04 04:53:25,009 [grpc-default-executor-3] INFO  server.RaftServer (RaftServerProxy.java:addNew(95)) - 3b35e8af-4420-4337-880c-bcb538b04dba: addNew group-24B6E1CCF0B2:[3b35e8af-4420-4337-880c-bcb538b04dba|rpc:10.1.0.14:40083|dataStream:|priority:0, 387044f6-9ada-47c7-9f57-c4453de21297|rpc:10.1.0.14:39215|dataStream:|priority:0, 8a31fd49-3da4-4fd9-acfc-b2bde89e3d95|rpc:10.1.0.14:37907|dataStream:|priority:1] returns group-24B6E1CCF0B2:java.util.concurrent.CompletableFuture@5684100f[Not completed]
2021-08-04 04:53:25,010 [pool-230-thread-1] INFO  server.RaftServer$Division (RaftServerImpl.java:<init>(181)) - 3b35e8af-4420-4337-880c-bcb538b04dba: new RaftServerImpl for group-24B6E1CCF0B2:[3b35e8af-4420-4337-880c-bcb538b04dba|rpc:10.1.0.14:40083|dataStream:|priority:0, 387044f6-9ada-47c7-9f57-c4453de21297|rpc:10.1.0.14:39215|dataStream:|priority:0, 8a31fd49-3da4-4fd9-acfc-b2bde89e3d95|rpc:10.1.0.14:37907|dataStream:|priority:1] with ContainerStateMachine:uninitialized
2021-08-04 04:53:25,010 [pool-230-thread-1] INFO  server.RaftServerConfigKeys (ConfUtils.java:logGet(44)) - raft.server.rpc.timeout.min = 5s (custom)
2021-08-04 04:53:25,010 [pool-230-thread-1] INFO  server.RaftServerConfigKeys (ConfUtils.java:logGet(44)) - raft.server.rpc.timeout.max = 5200ms (custom)
2021-08-04 04:53:25,010 [pool-230-thread-1] INFO  server.RaftServerConfigKeys (ConfUtils.java:logGet(44)) - raft.server.rpc.sleep.time = 25ms (default)
2021-08-04 04:53:25,010 [pool-230-thread-1] INFO  server.RaftServerConfigKeys (ConfUtils.java:logGet(44)) - raft.server.rpc.slowness.timeout = 300s (custom)
2021-08-04 04:53:25,010 [pool-230-thread-1] INFO  server.RaftServerConfigKeys (ConfUtils.java:logGet(44)) - raft.server.leaderelection.leader.step-down.wait-time = 10s (default)
2021-08-04 04:53:25,010 [pool-230-thread-1] INFO  server.RaftServerConfigKeys (ConfUtils.java:logGet(44)) - raft.server.sleep.deviation.threshold = 300ms (default)
2021-08-04 04:53:25,010 [pool-230-thread-1] INFO  server.RaftServerConfigKeys (ConfUtils.java:logGet(44)) - raft.server.log.appender.install.snapshot.enabled = false (custom)
2021-08-04 04:53:25,010 [pool-230-thread-1] INFO  server.RaftServer$Division (ServerState.java:<init>(105)) - 3b35e8af-4420-4337-880c-bcb538b04dba@group-24B6E1CCF0B2: ConfigurationManager, init=-1: [3b35e8af-4420-4337-880c-bcb538b04dba|rpc:10.1.0.14:40083|dataStream:|priority:0, 387044f6-9ada-47c7-9f57-c4453de21297|rpc:10.1.0.14:39215|dataStream:|priority:0, 8a31fd49-3da4-4fd9-acfc-b2bde89e3d95|rpc:10.1.0.14:37907|dataStream:|priority:1], old=null, confs=<EMPTY_MAP>
2021-08-04 04:53:25,010 [pool-230-thread-1] INFO  server.RaftServerConfigKeys (ConfUtils.java:logGet(44)) - raft.server.storage.dir = [/home/runner/work/ozone/ozone/mnt/ozone/hadoop-ozone/integration-test/target/test-dir/MiniOzoneClusterImpl-f8689e89-4432-43a3-ae55-b25b0dce3dad/datanode-2/data/ratis] (custom)
2021-08-04 04:53:25,010 [pool-230-thread-1] INFO  server.RaftServerConfigKeys (ConfUtils.java:logGet(44)) - raft.server.log.corruption.policy = EXCEPTION (default)
2021-08-04 04:53:25,010 [pool-230-thread-1] INFO  server.RaftServerConfigKeys (ConfUtils.java:logGet(44)) - raft.server.storage.free-space.min = 0MB (=0) (default)
2021-08-04 04:53:25,010 [pool-230-thread-1] INFO  storage.RaftStorageDirectory (RaftStorageDirectoryImpl.java:analyzeStorage(135)) - The storage directory /home/runner/work/ozone/ozone/mnt/ozone/hadoop-ozone/integration-test/target/test-dir/MiniOzoneClusterImpl-f8689e89-4432-43a3-ae55-b25b0dce3dad/datanode-2/data/ratis/26c9065b-b333-4a66-b9f4-24b6e1ccf0b2 does not exist. Creating ...
2021-08-04 04:53:25,012 [pool-230-thread-1] INFO  storage.RaftStorageDirectory (RaftStorageDirectoryImpl.java:tryLock(230)) - Lock on /home/runner/work/ozone/ozone/mnt/ozone/hadoop-ozone/integration-test/target/test-dir/MiniOzoneClusterImpl-f8689e89-4432-43a3-ae55-b25b0dce3dad/datanode-2/data/ratis/26c9065b-b333-4a66-b9f4-24b6e1ccf0b2/in_use.lock acquired by nodename 11023@fv-az291-261
2021-08-04 04:53:25,014 [pool-230-thread-1] INFO  storage.RaftStorage (RaftStorageImpl.java:format(89)) - Storage directory /home/runner/work/ozone/ozone/mnt/ozone/hadoop-ozone/integration-test/target/test-dir/MiniOzoneClusterImpl-f8689e89-4432-43a3-ae55-b25b0dce3dad/datanode-2/data/ratis/26c9065b-b333-4a66-b9f4-24b6e1ccf0b2 has been successfully formatted.
2021-08-04 04:53:25,014 [Datanode State Machine Thread - 0] WARN  statemachine.StateContext (StateContext.java:execute(621)) - No available thread in pool for past 0 seconds.
2021-08-04 04:53:25,014 [pool-230-thread-1] INFO  ratis.ContainerStateMachine (ContainerStateMachine.java:loadSnapshot(223)) - group-24B6E1CCF0B2: The snapshot info is null. Setting the last applied indexto:(t:0, i:~)
2021-08-04 04:53:25,014 [pool-230-thread-1] INFO  server.RaftServerConfigKeys (ConfUtils.java:logGet(44)) - raft.server.notification.no-leader.timeout = 300s (custom)
2021-08-04 04:53:25,015 [pool-230-thread-1] INFO  server.RaftServerConfigKeys (ConfUtils.java:logGet(44)) - raft.server.log.use.memory = false (default)
2021-08-04 04:53:25,015 [pool-230-thread-1] INFO  server.RaftServerConfigKeys (ConfUtils.java:logGet(44)) - raft.server.log.purge.gap = 1000000 (custom)
2021-08-04 04:53:25,015 [pool-230-thread-1] INFO  server.RaftServerConfigKeys (ConfUtils.java:logGet(44)) - raft.server.log.appender.buffer.byte-limit = 33554432 (custom)
2021-08-04 04:53:25,015 [pool-230-thread-1] INFO  server.RaftServerConfigKeys (ConfUtils.java:logGet(44)) - raft.server.log.segment.size.max = 1048576 (custom)
2021-08-04 04:53:25,015 [pool-230-thread-1] INFO  server.RaftServerConfigKeys (ConfUtils.java:logGet(44)) - raft.server.log.segment.cache.num.max = 2 (custom)
2021-08-04 04:53:25,015 [pool-230-thread-1] INFO  server.RaftServerConfigKeys (ConfUtils.java:logGet(44)) - raft.server.log.segment.cache.size.max = 200MB (=209715200) (default)
2021-08-04 04:53:25,015 [pool-230-thread-1] INFO  segmented.SegmentedRaftLogWorker (SegmentedRaftLogWorker.java:<init>(182)) - new 3b35e8af-4420-4337-880c-bcb538b04dba@group-24B6E1CCF0B2-SegmentedRaftLogWorker for RaftStorageImpl:Storage Directory /home/runner/work/ozone/ozone/mnt/ozone/hadoop-ozone/integration-test/target/test-dir/MiniOzoneClusterImpl-f8689e89-4432-43a3-ae55-b25b0dce3dad/datanode-2/data/ratis/26c9065b-b333-4a66-b9f4-24b6e1ccf0b2
2021-08-04 04:53:25,016 [pool-230-thread-1] INFO  server.RaftServerConfigKeys (ConfUtils.java:logGet(44)) - raft.server.log.queue.byte-limit = 2147483647 (custom)
2021-08-04 04:53:25,016 [pool-230-thread-1] INFO  server.RaftServerConfigKeys (ConfUtils.java:logGet(44)) - raft.server.log.queue.element-limit = 1024 (custom)
2021-08-04 04:53:25,016 [pool-230-thread-1] INFO  server.RaftServerConfigKeys (ConfUtils.java:logGet(44)) - raft.server.log.segment.size.max = 1048576 (custom)
2021-08-04 04:53:25,016 [pool-230-thread-1] INFO  server.RaftServerConfigKeys (ConfUtils.java:logGet(44)) - raft.server.log.preallocated.size = 16384 (custom)
2021-08-04 04:53:25,016 [pool-230-thread-1] INFO  server.RaftServerConfigKeys (ConfUtils.java:logGet(44)) - raft.server.log.force.sync.num = 128 (default)
2021-08-04 04:53:25,016 [pool-230-thread-1] INFO  server.RaftServerConfigKeys (ConfUtils.java:logGet(44)) - raft.server.log.statemachine.data.sync = true (default)
2021-08-04 04:53:25,016 [pool-230-thread-1] INFO  server.RaftServerConfigKeys (ConfUtils.java:logGet(44)) - raft.server.log.statemachine.data.sync.timeout = 10s (default)
2021-08-04 04:53:25,016 [pool-230-thread-1] INFO  server.RaftServerConfigKeys (ConfUtils.java:logGet(44)) - raft.server.log.statemachine.data.sync.timeout.retry = -1 (default)
2021-08-04 04:53:25,017 [pool-230-thread-1] INFO  server.RaftServerConfigKeys (ConfUtils.java:logGet(44)) - raft.server.log.write.buffer.size = 1048576 (custom)
2021-08-04 04:53:25,018 [pool-230-thread-1] INFO  server.RaftServerConfigKeys (ConfUtils.java:logGet(44)) - raft.server.log.statemachine.data.caching.enabled = true (custom)
2021-08-04 04:53:25,018 [pool-230-thread-1] INFO  segmented.SegmentedRaftLogWorker (SegmentedRaftLogWorker.java:lambda$new$0(133)) - 3b35e8af-4420-4337-880c-bcb538b04dba@group-24B6E1CCF0B2-SegmentedRaftLogWorker: flushIndex: setUnconditionally 0 -> -1
2021-08-04 04:53:25,018 [pool-230-thread-1] INFO  segmented.SegmentedRaftLogWorker (SegmentedRaftLogWorker.java:lambda$new$0(133)) - 3b35e8af-4420-4337-880c-bcb538b04dba@group-24B6E1CCF0B2-SegmentedRaftLogWorker: safeCacheEvictIndex: setUnconditionally 0 -> -1
2021-08-04 04:53:25,019 [pool-230-thread-1] INFO  server.RaftServerConfigKeys (ConfUtils.java:logGet(44)) - raft.server.snapshot.auto.trigger.enabled = true (custom)
2021-08-04 04:53:25,019 [pool-230-thread-1] INFO  server.RaftServerConfigKeys (ConfUtils.java:logGet(44)) - raft.server.snapshot.auto.trigger.threshold = 10000 (custom)
2021-08-04 04:53:25,019 [pool-230-thread-1] INFO  server.RaftServerConfigKeys (ConfUtils.java:logGet(44)) - raft.server.snapshot.retention.file.num = 5 (custom)
2021-08-04 04:53:25,019 [pool-230-thread-1] INFO  server.RaftServerConfigKeys (ConfUtils.java:logGet(44)) - raft.server.log.purge.upto.snapshot.index = false (default)
2021-08-04 04:53:25,019 [pool-230-thread-1] INFO  server.RaftServerConfigKeys (ConfUtils.java:logGet(44)) - raft.server.retrycache.expirytime = 600000ms (custom)
2021-08-04 04:53:25,019 [pool-230-thread-1] INFO  server.RaftServerConfigKeys (ConfUtils.java:logGet(44)) - raft.server.retrycache.statistics.expirytime = 100μs (default)
2021-08-04 04:53:25,019 [pool-230-thread-1] INFO  server.RaftServer$Division (RaftServerImpl.java:start(296)) - 3b35e8af-4420-4337-880c-bcb538b04dba@group-24B6E1CCF0B2: start as a follower, conf=-1: [3b35e8af-4420-4337-880c-bcb538b04dba|rpc:10.1.0.14:40083|dataStream:|priority:0, 387044f6-9ada-47c7-9f57-c4453de21297|rpc:10.1.0.14:39215|dataStream:|priority:0, 8a31fd49-3da4-4fd9-acfc-b2bde89e3d95|rpc:10.1.0.14:37907|dataStream:|priority:1], old=null
2021-08-04 04:53:25,020 [pool-230-thread-1] INFO  server.RaftServer$Division (RaftServerImpl.java:setRole(285)) - 3b35e8af-4420-4337-880c-bcb538b04dba@group-24B6E1CCF0B2: changes role from      null to FOLLOWER at term 0 for startAsFollower
2021-08-04 04:53:25,020 [pool-230-thread-1] INFO  impl.RoleInfo (RoleInfo.java:updateAndGet(130)) - 3b35e8af-4420-4337-880c-bcb538b04dba: start 3b35e8af-4420-4337-880c-bcb538b04dba@group-24B6E1CCF0B2-FollowerState
2021-08-04 04:53:25,023 [pool-230-thread-1] INFO  util.JmxRegister (JmxRegister.java:tryRegister(44)) - Successfully registered JMX Bean with object name Ratis:service=RaftServer,group=group-24B6E1CCF0B2,id=3b35e8af-4420-4337-880c-bcb538b04dba
2021-08-04 04:53:25,028 [Command processor thread] INFO  commandhandler.CreatePipelineCommandHandler (CreatePipelineCommandHandler.java:handle(106)) - Created Pipeline RATIS THREE PipelineID=26c9065b-b333-4a66-b9f4-24b6e1ccf0b2.
2021-08-04 04:53:25,315 [Command processor thread] INFO  commandhandler.FinalizeNewLayoutVersionCommandHandler (FinalizeNewLayoutVersionCommandHandler.java:handle(64)) - Processing FinalizeNewLayoutVersionCommandHandler command.
2021-08-04 04:53:25,315 [Command processor thread] INFO  server.RaftServer (RaftServerProxy.java:addNew(95)) - 3b35e8af-4420-4337-880c-bcb538b04dba: addNew group-A2C98A64A929:[3b35e8af-4420-4337-880c-bcb538b04dba|rpc:10.1.0.14:40083|priority:1] returns group-A2C98A64A929:java.util.concurrent.CompletableFuture@1286eb3f[Not completed]
2021-08-04 04:53:25,316 [pool-230-thread-1] INFO  server.RaftServer$Division (RaftServerImpl.java:<init>(181)) - 3b35e8af-4420-4337-880c-bcb538b04dba: new RaftServerImpl for group-A2C98A64A929:[3b35e8af-4420-4337-880c-bcb538b04dba|rpc:10.1.0.14:40083|priority:1] with ContainerStateMachine:uninitialized
2021-08-04 04:53:25,316 [pool-230-thread-1] INFO  server.RaftServerConfigKeys (ConfUtils.java:logGet(44)) - raft.server.rpc.timeout.min = 5s (custom)
2021-08-04 04:53:25,316 [pool-230-thread-1] INFO  server.RaftServerConfigKeys (ConfUtils.java:logGet(44)) - raft.server.rpc.timeout.max = 5200ms (custom)
2021-08-04 04:53:25,316 [pool-230-thread-1] INFO  server.RaftServerConfigKeys (ConfUtils.java:logGet(44)) - raft.server.rpc.sleep.time = 25ms (default)
2021-08-04 04:53:25,316 [pool-230-thread-1] INFO  server.RaftServerConfigKeys (ConfUtils.java:logGet(44)) - raft.server.rpc.slowness.timeout = 300s (custom)
2021-08-04 04:53:25,316 [pool-230-thread-1] INFO  server.RaftServerConfigKeys (ConfUtils.java:logGet(44)) - raft.server.leaderelection.leader.step-down.wait-time = 10s (default)
2021-08-04 04:53:25,316 [pool-230-thread-1] INFO  server.RaftServerConfigKeys (ConfUtils.java:logGet(44)) - raft.server.sleep.deviation.threshold = 300ms (default)
2021-08-04 04:53:25,317 [pool-230-thread-1] INFO  server.RaftServerConfigKeys (ConfUtils.java:logGet(44)) - raft.server.log.appender.install.snapshot.enabled = false (custom)
2021-08-04 04:53:25,317 [pool-230-thread-1] INFO  server.RaftServer$Division (ServerState.java:<init>(105)) - 3b35e8af-4420-4337-880c-bcb538b04dba@group-A2C98A64A929: ConfigurationManager, init=-1: [3b35e8af-4420-4337-880c-bcb538b04dba|rpc:10.1.0.14:40083|priority:1], old=null, confs=<EMPTY_MAP>
2021-08-04 04:53:25,317 [pool-230-thread-1] INFO  server.RaftServerConfigKeys (ConfUtils.java:logGet(44)) - raft.server.storage.dir = [/home/runner/work/ozone/ozone/mnt/ozone/hadoop-ozone/integration-test/target/test-dir/MiniOzoneClusterImpl-f8689e89-4432-43a3-ae55-b25b0dce3dad/datanode-2/data/ratis] (custom)
2021-08-04 04:53:25,317 [pool-230-thread-1] INFO  server.RaftServerConfigKeys (ConfUtils.java:logGet(44)) - raft.server.log.corruption.policy = EXCEPTION (default)
2021-08-04 04:53:25,317 [pool-230-thread-1] INFO  server.RaftServerConfigKeys (ConfUtils.java:logGet(44)) - raft.server.storage.free-space.min = 0MB (=0) (default)
2021-08-04 04:53:25,317 [pool-230-thread-1] INFO  storage.RaftStorageDirectory (RaftStorageDirectoryImpl.java:analyzeStorage(135)) - The storage directory /home/runner/work/ozone/ozone/mnt/ozone/hadoop-ozone/integration-test/target/test-dir/MiniOzoneClusterImpl-f8689e89-4432-43a3-ae55-b25b0dce3dad/datanode-2/data/ratis/435b2694-c7c5-439d-867e-a2c98a64a929 does not exist. Creating ...
2021-08-04 04:53:25,318 [pool-230-thread-1] INFO  storage.RaftStorageDirectory (RaftStorageDirectoryImpl.java:tryLock(230)) - Lock on /home/runner/work/ozone/ozone/mnt/ozone/hadoop-ozone/integration-test/target/test-dir/MiniOzoneClusterImpl-f8689e89-4432-43a3-ae55-b25b0dce3dad/datanode-2/data/ratis/435b2694-c7c5-439d-867e-a2c98a64a929/in_use.lock acquired by nodename 11023@fv-az291-261
2021-08-04 04:53:25,320 [pool-230-thread-1] INFO  storage.RaftStorage (RaftStorageImpl.java:format(89)) - Storage directory /home/runner/work/ozone/ozone/mnt/ozone/hadoop-ozone/integration-test/target/test-dir/MiniOzoneClusterImpl-f8689e89-4432-43a3-ae55-b25b0dce3dad/datanode-2/data/ratis/435b2694-c7c5-439d-867e-a2c98a64a929 has been successfully formatted.
2021-08-04 04:53:25,321 [pool-230-thread-1] INFO  ratis.ContainerStateMachine (ContainerStateMachine.java:loadSnapshot(223)) - group-A2C98A64A929: The snapshot info is null. Setting the last applied indexto:(t:0, i:~)
2021-08-04 04:53:25,321 [Datanode State Machine Thread - 0] WARN  statemachine.StateContext (StateContext.java:execute(621)) - No available thread in pool for past 0 seconds.
2021-08-04 04:53:25,321 [pool-230-thread-1] INFO  server.RaftServerConfigKeys (ConfUtils.java:logGet(44)) - raft.server.notification.no-leader.timeout = 300s (custom)
2021-08-04 04:53:25,321 [pool-230-thread-1] INFO  server.RaftServerConfigKeys (ConfUtils.java:logGet(44)) - raft.server.log.use.memory = false (default)
2021-08-04 04:53:25,321 [pool-230-thread-1] INFO  server.RaftServerConfigKeys (ConfUtils.java:logGet(44)) - raft.server.log.purge.gap = 1000000 (custom)
2021-08-04 04:53:25,321 [pool-230-thread-1] INFO  server.RaftServerConfigKeys (ConfUtils.java:logGet(44)) - raft.server.log.appender.buffer.byte-limit = 33554432 (custom)
2021-08-04 04:53:25,321 [pool-230-thread-1] INFO  server.RaftServerConfigKeys (ConfUtils.java:logGet(44)) - raft.server.log.segment.size.max = 1048576 (custom)
2021-08-04 04:53:25,322 [pool-230-thread-1] INFO  server.RaftServerConfigKeys (ConfUtils.java:logGet(44)) - raft.server.log.segment.cache.num.max = 2 (custom)
2021-08-04 04:53:25,322 [pool-230-thread-1] INFO  server.RaftServerConfigKeys (ConfUtils.java:logGet(44)) - raft.server.log.segment.cache.size.max = 200MB (=209715200) (default)
2021-08-04 04:53:25,322 [pool-230-thread-1] INFO  segmented.SegmentedRaftLogWorker (SegmentedRaftLogWorker.java:<init>(182)) - new 3b35e8af-4420-4337-880c-bcb538b04dba@group-A2C98A64A929-SegmentedRaftLogWorker for RaftStorageImpl:Storage Directory /home/runner/work/ozone/ozone/mnt/ozone/hadoop-ozone/integration-test/target/test-dir/MiniOzoneClusterImpl-f8689e89-4432-43a3-ae55-b25b0dce3dad/datanode-2/data/ratis/435b2694-c7c5-439d-867e-a2c98a64a929
2021-08-04 04:53:25,322 [pool-230-thread-1] INFO  server.RaftServerConfigKeys (ConfUtils.java:logGet(44)) - raft.server.log.queue.byte-limit = 2147483647 (custom)
2021-08-04 04:53:25,322 [pool-230-thread-1] INFO  server.RaftServerConfigKeys (ConfUtils.java:logGet(44)) - raft.server.log.queue.element-limit = 1024 (custom)
2021-08-04 04:53:25,322 [EventQueue-PipelineReportForPipelineReportHandler] INFO  pipeline.PipelineManagerV2Impl (PipelineManagerV2Impl.java:openPipeline(283)) - Pipeline Pipeline[ Id: 435b2694-c7c5-439d-867e-a2c98a64a929, Nodes: 3b35e8af-4420-4337-880c-bcb538b04dba{ip: 10.1.0.14, host: fv-az291-261.wgnan5asplgejimfprtllbpdch.jx.internal.cloudapp.net, ports: [REPLICATION=37687, RATIS=40083, RATIS_ADMIN=40083, RATIS_SERVER=40083, STANDALONE=43785], networkLocation: /default-rack, certSerialId: null, persistedOpState: IN_SERVICE, persistedOpStateExpiryEpochSec: 0}, ReplicationConfig: RATIS/ONE, State:ALLOCATED, leaderId:3b35e8af-4420-4337-880c-bcb538b04dba, CreationTimestamp2021-08-04T04:53:24.665Z[Etc/UTC]] moved to OPEN state
2021-08-04 04:53:25,322 [pool-230-thread-1] INFO  server.RaftServerConfigKeys (ConfUtils.java:logGet(44)) - raft.server.log.segment.size.max = 1048576 (custom)
2021-08-04 04:53:25,322 [pool-230-thread-1] INFO  server.RaftServerConfigKeys (ConfUtils.java:logGet(44)) - raft.server.log.preallocated.size = 16384 (custom)
2021-08-04 04:53:25,322 [pool-230-thread-1] INFO  server.RaftServerConfigKeys (ConfUtils.java:logGet(44)) - raft.server.log.force.sync.num = 128 (default)
2021-08-04 04:53:25,322 [pool-230-thread-1] INFO  server.RaftServerConfigKeys (ConfUtils.java:logGet(44)) - raft.server.log.statemachine.data.sync = true (default)
2021-08-04 04:53:25,322 [pool-230-thread-1] INFO  server.RaftServerConfigKeys (ConfUtils.java:logGet(44)) - raft.server.log.statemachine.data.sync.timeout = 10s (default)
2021-08-04 04:53:25,323 [pool-230-thread-1] INFO  server.RaftServerConfigKeys (ConfUtils.java:logGet(44)) - raft.server.log.statemachine.data.sync.timeout.retry = -1 (default)
2021-08-04 04:53:25,323 [pool-230-thread-1] INFO  server.RaftServerConfigKeys (ConfUtils.java:logGet(44)) - raft.server.log.write.buffer.size = 1048576 (custom)
2021-08-04 04:53:25,323 [pool-230-thread-1] INFO  server.RaftServerConfigKeys (ConfUtils.java:logGet(44)) - raft.server.log.statemachine.data.caching.enabled = true (custom)
2021-08-04 04:53:25,323 [pool-230-thread-1] INFO  segmented.SegmentedRaftLogWorker (SegmentedRaftLogWorker.java:lambda$new$0(133)) - 3b35e8af-4420-4337-880c-bcb538b04dba@group-A2C98A64A929-SegmentedRaftLogWorker: flushIndex: setUnconditionally 0 -> -1
2021-08-04 04:53:25,323 [pool-230-thread-1] INFO  segmented.SegmentedRaftLogWorker (SegmentedRaftLogWorker.java:lambda$new$0(133)) - 3b35e8af-4420-4337-880c-bcb538b04dba@group-A2C98A64A929-SegmentedRaftLogWorker: safeCacheEvictIndex: setUnconditionally 0 -> -1
2021-08-04 04:53:25,324 [pool-230-thread-1] INFO  server.RaftServerConfigKeys (ConfUtils.java:logGet(44)) - raft.server.snapshot.auto.trigger.enabled = true (custom)
2021-08-04 04:53:25,324 [pool-230-thread-1] INFO  server.RaftServerConfigKeys (ConfUtils.java:logGet(44)) - raft.server.snapshot.auto.trigger.threshold = 10000 (custom)
2021-08-04 04:53:25,324 [pool-230-thread-1] INFO  server.RaftServerConfigKeys (ConfUtils.java:logGet(44)) - raft.server.snapshot.retention.file.num = 5 (custom)
2021-08-04 04:53:25,324 [pool-230-thread-1] INFO  server.RaftServerConfigKeys (ConfUtils.java:logGet(44)) - raft.server.log.purge.upto.snapshot.index = false (default)
2021-08-04 04:53:25,324 [pool-230-thread-1] INFO  server.RaftServerConfigKeys (ConfUtils.java:logGet(44)) - raft.server.retrycache.expirytime = 600000ms (custom)
2021-08-04 04:53:25,324 [pool-230-thread-1] INFO  server.RaftServerConfigKeys (ConfUtils.java:logGet(44)) - raft.server.retrycache.statistics.expirytime = 100μs (default)
2021-08-04 04:53:25,325 [pool-230-thread-1] INFO  server.RaftServer$Division (RaftServerImpl.java:start(296)) - 3b35e8af-4420-4337-880c-bcb538b04dba@group-A2C98A64A929: start as a follower, conf=-1: [3b35e8af-4420-4337-880c-bcb538b04dba|rpc:10.1.0.14:40083|priority:1], old=null
2021-08-04 04:53:25,325 [pool-230-thread-1] INFO  server.RaftServer$Division (RaftServerImpl.java:setRole(285)) - 3b35e8af-4420-4337-880c-bcb538b04dba@group-A2C98A64A929: changes role from      null to FOLLOWER at term 0 for startAsFollower
2021-08-04 04:53:25,325 [pool-230-thread-1] INFO  impl.RoleInfo (RoleInfo.java:updateAndGet(130)) - 3b35e8af-4420-4337-880c-bcb538b04dba: start 3b35e8af-4420-4337-880c-bcb538b04dba@group-A2C98A64A929-FollowerState
2021-08-04 04:53:25,325 [pool-230-thread-1] INFO  util.JmxRegister (JmxRegister.java:tryRegister(44)) - Successfully registered JMX Bean with object name Ratis:service=RaftServer,group=group-A2C98A64A929,id=3b35e8af-4420-4337-880c-bcb538b04dba
2021-08-04 04:53:25,325 [Command processor thread] INFO  ratis.XceiverServerRatis (XceiverServerRatis.java:addGroup(759)) - Created group PipelineID=435b2694-c7c5-439d-867e-a2c98a64a929
2021-08-04 04:53:25,325 [Command processor thread] INFO  commandhandler.CreatePipelineCommandHandler (CreatePipelineCommandHandler.java:handle(106)) - Created Pipeline RATIS ONE PipelineID=435b2694-c7c5-439d-867e-a2c98a64a929.
2021-08-04 04:53:25,469 [Command processor thread] INFO  commandhandler.FinalizeNewLayoutVersionCommandHandler (FinalizeNewLayoutVersionCommandHandler.java:handle(64)) - Processing FinalizeNewLayoutVersionCommandHandler command.
2021-08-04 04:53:25,470 [Command processor thread] INFO  server.RaftServer (RaftServerProxy.java:addNew(95)) - 8a31fd49-3da4-4fd9-acfc-b2bde89e3d95: addNew group-6A9400823284:[8a31fd49-3da4-4fd9-acfc-b2bde89e3d95|rpc:10.1.0.14:37907|priority:1] returns group-6A9400823284:java.util.concurrent.CompletableFuture@1f5ac398[Not completed]
2021-08-04 04:53:25,470 [pool-194-thread-1] INFO  server.RaftServer$Division (RaftServerImpl.java:<init>(181)) - 8a31fd49-3da4-4fd9-acfc-b2bde89e3d95: new RaftServerImpl for group-6A9400823284:[8a31fd49-3da4-4fd9-acfc-b2bde89e3d95|rpc:10.1.0.14:37907|priority:1] with ContainerStateMachine:uninitialized
2021-08-04 04:53:25,471 [pool-194-thread-1] INFO  server.RaftServerConfigKeys (ConfUtils.java:logGet(44)) - raft.server.rpc.timeout.min = 5s (custom)
2021-08-04 04:53:25,471 [pool-194-thread-1] INFO  server.RaftServerConfigKeys (ConfUtils.java:logGet(44)) - raft.server.rpc.timeout.max = 5200ms (custom)
2021-08-04 04:53:25,471 [pool-194-thread-1] INFO  server.RaftServerConfigKeys (ConfUtils.java:logGet(44)) - raft.server.rpc.sleep.time = 25ms (default)
2021-08-04 04:53:25,471 [pool-194-thread-1] INFO  server.RaftServerConfigKeys (ConfUtils.java:logGet(44)) - raft.server.rpc.slowness.timeout = 300s (custom)
2021-08-04 04:53:25,471 [pool-194-thread-1] INFO  server.RaftServerConfigKeys (ConfUtils.java:logGet(44)) - raft.server.leaderelection.leader.step-down.wait-time = 10s (default)
2021-08-04 04:53:25,471 [pool-194-thread-1] INFO  server.RaftServerConfigKeys (ConfUtils.java:logGet(44)) - raft.server.sleep.deviation.threshold = 300ms (default)
2021-08-04 04:53:25,471 [pool-194-thread-1] INFO  server.RaftServerConfigKeys (ConfUtils.java:logGet(44)) - raft.server.log.appender.install.snapshot.enabled = false (custom)
2021-08-04 04:53:25,471 [pool-194-thread-1] INFO  server.RaftServer$Division (ServerState.java:<init>(105)) - 8a31fd49-3da4-4fd9-acfc-b2bde89e3d95@group-6A9400823284: ConfigurationManager, init=-1: [8a31fd49-3da4-4fd9-acfc-b2bde89e3d95|rpc:10.1.0.14:37907|priority:1], old=null, confs=<EMPTY_MAP>
2021-08-04 04:53:25,471 [pool-194-thread-1] INFO  server.RaftServerConfigKeys (ConfUtils.java:logGet(44)) - raft.server.storage.dir = [/home/runner/work/ozone/ozone/mnt/ozone/hadoop-ozone/integration-test/target/test-dir/MiniOzoneClusterImpl-f8689e89-4432-43a3-ae55-b25b0dce3dad/datanode-0/data/ratis] (custom)
2021-08-04 04:53:25,471 [pool-194-thread-1] INFO  server.RaftServerConfigKeys (ConfUtils.java:logGet(44)) - raft.server.log.corruption.policy = EXCEPTION (default)
2021-08-04 04:53:25,471 [pool-194-thread-1] INFO  server.RaftServerConfigKeys (ConfUtils.java:logGet(44)) - raft.server.storage.free-space.min = 0MB (=0) (default)
2021-08-04 04:53:25,471 [pool-194-thread-1] INFO  storage.RaftStorageDirectory (RaftStorageDirectoryImpl.java:analyzeStorage(135)) - The storage directory /home/runner/work/ozone/ozone/mnt/ozone/hadoop-ozone/integration-test/target/test-dir/MiniOzoneClusterImpl-f8689e89-4432-43a3-ae55-b25b0dce3dad/datanode-0/data/ratis/82af518e-b7bd-4ce1-930d-6a9400823284 does not exist. Creating ...
2021-08-04 04:53:25,473 [pool-194-thread-1] INFO  storage.RaftStorageDirectory (RaftStorageDirectoryImpl.java:tryLock(230)) - Lock on /home/runner/work/ozone/ozone/mnt/ozone/hadoop-ozone/integration-test/target/test-dir/MiniOzoneClusterImpl-f8689e89-4432-43a3-ae55-b25b0dce3dad/datanode-0/data/ratis/82af518e-b7bd-4ce1-930d-6a9400823284/in_use.lock acquired by nodename 11023@fv-az291-261
2021-08-04 04:53:25,475 [pool-194-thread-1] INFO  storage.RaftStorage (RaftStorageImpl.java:format(89)) - Storage directory /home/runner/work/ozone/ozone/mnt/ozone/hadoop-ozone/integration-test/target/test-dir/MiniOzoneClusterImpl-f8689e89-4432-43a3-ae55-b25b0dce3dad/datanode-0/data/ratis/82af518e-b7bd-4ce1-930d-6a9400823284 has been successfully formatted.
2021-08-04 04:53:25,475 [pool-194-thread-1] INFO  ratis.ContainerStateMachine (ContainerStateMachine.java:loadSnapshot(223)) - group-6A9400823284: The snapshot info is null. Setting the last applied indexto:(t:0, i:~)
2021-08-04 04:53:25,475 [Datanode State Machine Thread - 0] WARN  statemachine.StateContext (StateContext.java:execute(621)) - No available thread in pool for past 0 seconds.
2021-08-04 04:53:25,475 [pool-194-thread-1] INFO  server.RaftServerConfigKeys (ConfUtils.java:logGet(44)) - raft.server.notification.no-leader.timeout = 300s (custom)
2021-08-04 04:53:25,475 [pool-194-thread-1] INFO  server.RaftServerConfigKeys (ConfUtils.java:logGet(44)) - raft.server.log.use.memory = false (default)
2021-08-04 04:53:25,476 [EventQueue-PipelineReportForPipelineReportHandler] INFO  pipeline.PipelineManagerV2Impl (PipelineManagerV2Impl.java:openPipeline(283)) - Pipeline Pipeline[ Id: 82af518e-b7bd-4ce1-930d-6a9400823284, Nodes: 8a31fd49-3da4-4fd9-acfc-b2bde89e3d95{ip: 10.1.0.14, host: fv-az291-261.wgnan5asplgejimfprtllbpdch.jx.internal.cloudapp.net, ports: [REPLICATION=38125, RATIS=37907, RATIS_ADMIN=37907, RATIS_SERVER=37907, STANDALONE=42413], networkLocation: /default-rack, certSerialId: null, persistedOpState: IN_SERVICE, persistedOpStateExpiryEpochSec: 0}, ReplicationConfig: RATIS/ONE, State:ALLOCATED, leaderId:8a31fd49-3da4-4fd9-acfc-b2bde89e3d95, CreationTimestamp2021-08-04T04:53:24.668Z[Etc/UTC]] moved to OPEN state
2021-08-04 04:53:25,476 [pool-194-thread-1] INFO  server.RaftServerConfigKeys (ConfUtils.java:logGet(44)) - raft.server.log.purge.gap = 1000000 (custom)
2021-08-04 04:53:25,476 [pool-194-thread-1] INFO  server.RaftServerConfigKeys (ConfUtils.java:logGet(44)) - raft.server.log.appender.buffer.byte-limit = 33554432 (custom)
2021-08-04 04:53:25,476 [pool-194-thread-1] INFO  server.RaftServerConfigKeys (ConfUtils.java:logGet(44)) - raft.server.log.segment.size.max = 1048576 (custom)
2021-08-04 04:53:25,476 [pool-194-thread-1] INFO  server.RaftServerConfigKeys (ConfUtils.java:logGet(44)) - raft.server.log.segment.cache.num.max = 2 (custom)
2021-08-04 04:53:25,476 [pool-194-thread-1] INFO  server.RaftServerConfigKeys (ConfUtils.java:logGet(44)) - raft.server.log.segment.cache.size.max = 200MB (=209715200) (default)
2021-08-04 04:53:25,476 [pool-194-thread-1] INFO  segmented.SegmentedRaftLogWorker (SegmentedRaftLogWorker.java:<init>(182)) - new 8a31fd49-3da4-4fd9-acfc-b2bde89e3d95@group-6A9400823284-SegmentedRaftLogWorker for RaftStorageImpl:Storage Directory /home/runner/work/ozone/ozone/mnt/ozone/hadoop-ozone/integration-test/target/test-dir/MiniOzoneClusterImpl-f8689e89-4432-43a3-ae55-b25b0dce3dad/datanode-0/data/ratis/82af518e-b7bd-4ce1-930d-6a9400823284
2021-08-04 04:53:25,477 [pool-194-thread-1] INFO  server.RaftServerConfigKeys (ConfUtils.java:logGet(44)) - raft.server.log.queue.byte-limit = 2147483647 (custom)
2021-08-04 04:53:25,477 [pool-194-thread-1] INFO  server.RaftServerConfigKeys (ConfUtils.java:logGet(44)) - raft.server.log.queue.element-limit = 1024 (custom)
2021-08-04 04:53:25,477 [pool-194-thread-1] INFO  server.RaftServerConfigKeys (ConfUtils.java:logGet(44)) - raft.server.log.segment.size.max = 1048576 (custom)
2021-08-04 04:53:25,477 [pool-194-thread-1] INFO  server.RaftServerConfigKeys (ConfUtils.java:logGet(44)) - raft.server.log.preallocated.size = 16384 (custom)
2021-08-04 04:53:25,477 [pool-194-thread-1] INFO  server.RaftServerConfigKeys (ConfUtils.java:logGet(44)) - raft.server.log.force.sync.num = 128 (default)
2021-08-04 04:53:25,477 [pool-194-thread-1] INFO  server.RaftServerConfigKeys (ConfUtils.java:logGet(44)) - raft.server.log.statemachine.data.sync = true (default)
2021-08-04 04:53:25,477 [pool-194-thread-1] INFO  server.RaftServerConfigKeys (ConfUtils.java:logGet(44)) - raft.server.log.statemachine.data.sync.timeout = 10s (default)
2021-08-04 04:53:25,477 [pool-194-thread-1] INFO  server.RaftServerConfigKeys (ConfUtils.java:logGet(44)) - raft.server.log.statemachine.data.sync.timeout.retry = -1 (default)
2021-08-04 04:53:25,478 [pool-194-thread-1] INFO  server.RaftServerConfigKeys (ConfUtils.java:logGet(44)) - raft.server.log.write.buffer.size = 1048576 (custom)
2021-08-04 04:53:25,478 [pool-194-thread-1] INFO  server.RaftServerConfigKeys (ConfUtils.java:logGet(44)) - raft.server.log.statemachine.data.caching.enabled = true (custom)
2021-08-04 04:53:25,478 [pool-194-thread-1] INFO  segmented.SegmentedRaftLogWorker (SegmentedRaftLogWorker.java:lambda$new$0(133)) - 8a31fd49-3da4-4fd9-acfc-b2bde89e3d95@group-6A9400823284-SegmentedRaftLogWorker: flushIndex: setUnconditionally 0 -> -1
2021-08-04 04:53:25,479 [pool-194-thread-1] INFO  segmented.SegmentedRaftLogWorker (SegmentedRaftLogWorker.java:lambda$new$0(133)) - 8a31fd49-3da4-4fd9-acfc-b2bde89e3d95@group-6A9400823284-SegmentedRaftLogWorker: safeCacheEvictIndex: setUnconditionally 0 -> -1
2021-08-04 04:53:25,479 [pool-194-thread-1] INFO  server.RaftServerConfigKeys (ConfUtils.java:logGet(44)) - raft.server.snapshot.auto.trigger.enabled = true (custom)
2021-08-04 04:53:25,479 [pool-194-thread-1] INFO  server.RaftServerConfigKeys (ConfUtils.java:logGet(44)) - raft.server.snapshot.auto.trigger.threshold = 10000 (custom)
2021-08-04 04:53:25,479 [pool-194-thread-1] INFO  server.RaftServerConfigKeys (ConfUtils.java:logGet(44)) - raft.server.snapshot.retention.file.num = 5 (custom)
2021-08-04 04:53:25,479 [pool-194-thread-1] INFO  server.RaftServerConfigKeys (ConfUtils.java:logGet(44)) - raft.server.log.purge.upto.snapshot.index = false (default)
2021-08-04 04:53:25,479 [pool-194-thread-1] INFO  server.RaftServerConfigKeys (ConfUtils.java:logGet(44)) - raft.server.retrycache.expirytime = 600000ms (custom)
2021-08-04 04:53:25,479 [pool-194-thread-1] INFO  server.RaftServerConfigKeys (ConfUtils.java:logGet(44)) - raft.server.retrycache.statistics.expirytime = 100μs (default)
2021-08-04 04:53:25,480 [pool-194-thread-1] INFO  server.RaftServer$Division (RaftServerImpl.java:start(296)) - 8a31fd49-3da4-4fd9-acfc-b2bde89e3d95@group-6A9400823284: start as a follower, conf=-1: [8a31fd49-3da4-4fd9-acfc-b2bde89e3d95|rpc:10.1.0.14:37907|priority:1], old=null
2021-08-04 04:53:25,480 [pool-194-thread-1] INFO  server.RaftServer$Division (RaftServerImpl.java:setRole(285)) - 8a31fd49-3da4-4fd9-acfc-b2bde89e3d95@group-6A9400823284: changes role from      null to FOLLOWER at term 0 for startAsFollower
2021-08-04 04:53:25,480 [pool-194-thread-1] INFO  impl.RoleInfo (RoleInfo.java:updateAndGet(130)) - 8a31fd49-3da4-4fd9-acfc-b2bde89e3d95: start 8a31fd49-3da4-4fd9-acfc-b2bde89e3d95@group-6A9400823284-FollowerState
2021-08-04 04:53:25,480 [pool-194-thread-1] INFO  util.JmxRegister (JmxRegister.java:tryRegister(44)) - Successfully registered JMX Bean with object name Ratis:service=RaftServer,group=group-6A9400823284,id=8a31fd49-3da4-4fd9-acfc-b2bde89e3d95
2021-08-04 04:53:25,481 [Command processor thread] INFO  ratis.XceiverServerRatis (XceiverServerRatis.java:addGroup(759)) - Created group PipelineID=82af518e-b7bd-4ce1-930d-6a9400823284
2021-08-04 04:53:25,481 [Command processor thread] INFO  commandhandler.CreatePipelineCommandHandler (CreatePipelineCommandHandler.java:handle(106)) - Created Pipeline RATIS ONE PipelineID=82af518e-b7bd-4ce1-930d-6a9400823284.
2021-08-04 04:53:26,933 [Thread-787] INFO  upgrade.UpgradeFinalizer (SCMUpgradeFinalizer.java:postFinalizeUpgrade(114)) - Waiting for at least one open pipeline after SCM finalization.
2021-08-04 04:53:30,019 [387044f6-9ada-47c7-9f57-c4453de21297@group-24B6E1CCF0B2-FollowerState] INFO  impl.FollowerState (FollowerState.java:run(134)) - 387044f6-9ada-47c7-9f57-c4453de21297@group-24B6E1CCF0B2-FollowerState: change to CANDIDATE, lastRpcElapsedTime:5059430998ns, electionTimeout:5056ms
2021-08-04 04:53:30,020 [387044f6-9ada-47c7-9f57-c4453de21297@group-24B6E1CCF0B2-FollowerState] INFO  impl.RoleInfo (RoleInfo.java:shutdownFollowerState(108)) - 387044f6-9ada-47c7-9f57-c4453de21297: shutdown 387044f6-9ada-47c7-9f57-c4453de21297@group-24B6E1CCF0B2-FollowerState
2021-08-04 04:53:30,020 [387044f6-9ada-47c7-9f57-c4453de21297@group-24B6E1CCF0B2-FollowerState] INFO  server.RaftServer$Division (RaftServerImpl.java:setRole(285)) - 387044f6-9ada-47c7-9f57-c4453de21297@group-24B6E1CCF0B2: changes role from  FOLLOWER to CANDIDATE at term 0 for changeToCandidate
2021-08-04 04:53:30,020 [387044f6-9ada-47c7-9f57-c4453de21297@group-24B6E1CCF0B2-FollowerState] INFO  server.RaftServerConfigKeys (ConfUtils.java:logGet(44)) - raft.server.leaderelection.pre-vote = false (custom)
2021-08-04 04:53:30,020 [387044f6-9ada-47c7-9f57-c4453de21297@group-24B6E1CCF0B2-FollowerState] INFO  impl.RoleInfo (RoleInfo.java:updateAndGet(130)) - 387044f6-9ada-47c7-9f57-c4453de21297: start 387044f6-9ada-47c7-9f57-c4453de21297@group-24B6E1CCF0B2-LeaderElection28
2021-08-04 04:53:30,023 [387044f6-9ada-47c7-9f57-c4453de21297@group-24B6E1CCF0B2-LeaderElection28] INFO  impl.LeaderElection (LeaderElection.java:askForVotes(306)) - 387044f6-9ada-47c7-9f57-c4453de21297@group-24B6E1CCF0B2-LeaderElection28 ELECTION round 0: submit vote requests at term 1 for -1: [3b35e8af-4420-4337-880c-bcb538b04dba|rpc:10.1.0.14:40083|priority:0, 387044f6-9ada-47c7-9f57-c4453de21297|rpc:10.1.0.14:39215|priority:0, 8a31fd49-3da4-4fd9-acfc-b2bde89e3d95|rpc:10.1.0.14:37907|priority:1], old=null
2021-08-04 04:53:30,027 [grpc-default-executor-3] INFO  server.RaftServer$Division (RaftServerImpl.java:requestVote(1043)) - 8a31fd49-3da4-4fd9-acfc-b2bde89e3d95@group-24B6E1CCF0B2: receive requestVote(ELECTION, 387044f6-9ada-47c7-9f57-c4453de21297, group-24B6E1CCF0B2, 1, (t:0, i:0))
2021-08-04 04:53:30,027 [grpc-default-executor-3] INFO  impl.VoteContext (VoteContext.java:log(48)) - 8a31fd49-3da4-4fd9-acfc-b2bde89e3d95@group-24B6E1CCF0B2-FOLLOWER: reject ELECTION from 387044f6-9ada-47c7-9f57-c4453de21297: our priority 1 > candidate's priority 0
2021-08-04 04:53:30,028 [grpc-default-executor-3] INFO  server.RaftServer$Division (RaftServerImpl.java:setRole(285)) - 8a31fd49-3da4-4fd9-acfc-b2bde89e3d95@group-24B6E1CCF0B2: changes role from  FOLLOWER to FOLLOWER at term 1 for candidate:387044f6-9ada-47c7-9f57-c4453de21297
2021-08-04 04:53:30,028 [grpc-default-executor-3] INFO  impl.RoleInfo (RoleInfo.java:shutdownFollowerState(108)) - 8a31fd49-3da4-4fd9-acfc-b2bde89e3d95: shutdown 8a31fd49-3da4-4fd9-acfc-b2bde89e3d95@group-24B6E1CCF0B2-FollowerState
2021-08-04 04:53:30,028 [grpc-default-executor-3] INFO  impl.RoleInfo (RoleInfo.java:updateAndGet(130)) - 8a31fd49-3da4-4fd9-acfc-b2bde89e3d95: start 8a31fd49-3da4-4fd9-acfc-b2bde89e3d95@group-24B6E1CCF0B2-FollowerState
2021-08-04 04:53:30,028 [8a31fd49-3da4-4fd9-acfc-b2bde89e3d95@group-24B6E1CCF0B2-FollowerState] INFO  impl.FollowerState (FollowerState.java:run(143)) - 8a31fd49-3da4-4fd9-acfc-b2bde89e3d95@group-24B6E1CCF0B2-FollowerState was interrupted: {}
java.lang.InterruptedException: sleep interrupted
	at java.lang.Thread.sleep(Native Method)
	at java.lang.Thread.sleep(Thread.java:340)
	at java.util.concurrent.TimeUnit.sleep(TimeUnit.java:386)
	at org.apache.ratis.util.TimeDuration.sleep(TimeDuration.java:324)
	at org.apache.ratis.util.TimeDuration.sleep(TimeDuration.java:309)
	at org.apache.ratis.server.impl.FollowerState.run(FollowerState.java:118)
2021-08-04 04:53:30,028 [grpc-default-executor-4] INFO  server.RaftServer$Division (RaftServerImpl.java:requestVote(1043)) - 3b35e8af-4420-4337-880c-bcb538b04dba@group-24B6E1CCF0B2: receive requestVote(ELECTION, 387044f6-9ada-47c7-9f57-c4453de21297, group-24B6E1CCF0B2, 1, (t:0, i:0))
2021-08-04 04:53:30,028 [grpc-default-executor-4] INFO  impl.VoteContext (VoteContext.java:log(48)) - 3b35e8af-4420-4337-880c-bcb538b04dba@group-24B6E1CCF0B2-FOLLOWER: accept ELECTION from 387044f6-9ada-47c7-9f57-c4453de21297: our priority 0 <= candidate's priority 0
2021-08-04 04:53:30,028 [grpc-default-executor-4] INFO  server.RaftServer$Division (RaftServerImpl.java:setRole(285)) - 3b35e8af-4420-4337-880c-bcb538b04dba@group-24B6E1CCF0B2: changes role from  FOLLOWER to FOLLOWER at term 1 for candidate:387044f6-9ada-47c7-9f57-c4453de21297
2021-08-04 04:53:30,028 [grpc-default-executor-4] INFO  impl.RoleInfo (RoleInfo.java:shutdownFollowerState(108)) - 3b35e8af-4420-4337-880c-bcb538b04dba: shutdown 3b35e8af-4420-4337-880c-bcb538b04dba@group-24B6E1CCF0B2-FollowerState
2021-08-04 04:53:30,029 [grpc-default-executor-4] INFO  impl.RoleInfo (RoleInfo.java:updateAndGet(130)) - 3b35e8af-4420-4337-880c-bcb538b04dba: start 3b35e8af-4420-4337-880c-bcb538b04dba@group-24B6E1CCF0B2-FollowerState
2021-08-04 04:53:30,029 [3b35e8af-4420-4337-880c-bcb538b04dba@group-24B6E1CCF0B2-FollowerState] INFO  impl.FollowerState (FollowerState.java:run(143)) - 3b35e8af-4420-4337-880c-bcb538b04dba@group-24B6E1CCF0B2-FollowerState was interrupted: {}
java.lang.InterruptedException: sleep interrupted
	at java.lang.Thread.sleep(Native Method)
	at java.lang.Thread.sleep(Thread.java:340)
	at java.util.concurrent.TimeUnit.sleep(TimeUnit.java:386)
	at org.apache.ratis.util.TimeDuration.sleep(TimeDuration.java:324)
	at org.apache.ratis.util.TimeDuration.sleep(TimeDuration.java:309)
	at org.apache.ratis.server.impl.FollowerState.run(FollowerState.java:118)
2021-08-04 04:53:30,035 [grpc-default-executor-3] INFO  server.RaftServer$Division (RaftServerImpl.java:requestVote(1075)) - 8a31fd49-3da4-4fd9-acfc-b2bde89e3d95@group-24B6E1CCF0B2 replies to ELECTION vote request: 387044f6-9ada-47c7-9f57-c4453de21297<-8a31fd49-3da4-4fd9-acfc-b2bde89e3d95#0:FAIL-t1. Peer's state: 8a31fd49-3da4-4fd9-acfc-b2bde89e3d95@group-24B6E1CCF0B2:t1, leader=null, voted=null, raftlog=8a31fd49-3da4-4fd9-acfc-b2bde89e3d95@group-24B6E1CCF0B2-SegmentedRaftLog:OPENED:c-1,f-1,i0, conf=-1: [3b35e8af-4420-4337-880c-bcb538b04dba|rpc:10.1.0.14:40083|dataStream:|priority:0, 387044f6-9ada-47c7-9f57-c4453de21297|rpc:10.1.0.14:39215|dataStream:|priority:0, 8a31fd49-3da4-4fd9-acfc-b2bde89e3d95|rpc:10.1.0.14:37907|dataStream:|priority:1], old=null
2021-08-04 04:53:30,035 [grpc-default-executor-4] INFO  server.RaftServer$Division (RaftServerImpl.java:requestVote(1075)) - 3b35e8af-4420-4337-880c-bcb538b04dba@group-24B6E1CCF0B2 replies to ELECTION vote request: 387044f6-9ada-47c7-9f57-c4453de21297<-3b35e8af-4420-4337-880c-bcb538b04dba#0:OK-t1. Peer's state: 3b35e8af-4420-4337-880c-bcb538b04dba@group-24B6E1CCF0B2:t1, leader=null, voted=387044f6-9ada-47c7-9f57-c4453de21297, raftlog=3b35e8af-4420-4337-880c-bcb538b04dba@group-24B6E1CCF0B2-SegmentedRaftLog:OPENED:c-1,f-1,i0, conf=-1: [3b35e8af-4420-4337-880c-bcb538b04dba|rpc:10.1.0.14:40083|dataStream:|priority:0, 387044f6-9ada-47c7-9f57-c4453de21297|rpc:10.1.0.14:39215|dataStream:|priority:0, 8a31fd49-3da4-4fd9-acfc-b2bde89e3d95|rpc:10.1.0.14:37907|dataStream:|priority:1], old=null
2021-08-04 04:53:30,039 [387044f6-9ada-47c7-9f57-c4453de21297@group-24B6E1CCF0B2-LeaderElection28] INFO  impl.LeaderElection (LeaderElection.java:logAndReturn(89)) - 387044f6-9ada-47c7-9f57-c4453de21297@group-24B6E1CCF0B2-LeaderElection28: ELECTION REJECTED received 2 response(s) and 0 exception(s):
2021-08-04 04:53:30,039 [387044f6-9ada-47c7-9f57-c4453de21297@group-24B6E1CCF0B2-LeaderElection28] INFO  impl.LeaderElection (LeaderElection.java:logAndReturn(93)) -   Response 0: 387044f6-9ada-47c7-9f57-c4453de21297<-3b35e8af-4420-4337-880c-bcb538b04dba#0:OK-t1
2021-08-04 04:53:30,039 [387044f6-9ada-47c7-9f57-c4453de21297@group-24B6E1CCF0B2-LeaderElection28] INFO  impl.LeaderElection (LeaderElection.java:logAndReturn(93)) -   Response 1: 387044f6-9ada-47c7-9f57-c4453de21297<-8a31fd49-3da4-4fd9-acfc-b2bde89e3d95#0:FAIL-t1
2021-08-04 04:53:30,040 [387044f6-9ada-47c7-9f57-c4453de21297@group-24B6E1CCF0B2-LeaderElection28] INFO  impl.LeaderElection (LeaderElection.java:askForVotes(308)) - 387044f6-9ada-47c7-9f57-c4453de21297@group-24B6E1CCF0B2-LeaderElection28 ELECTION round 0: result REJECTED
2021-08-04 04:53:30,040 [387044f6-9ada-47c7-9f57-c4453de21297@group-24B6E1CCF0B2-LeaderElection28] INFO  server.RaftServer$Division (RaftServerImpl.java:setRole(285)) - 387044f6-9ada-47c7-9f57-c4453de21297@group-24B6E1CCF0B2: changes role from CANDIDATE to FOLLOWER at term 1 for REJECTED
2021-08-04 04:53:30,040 [387044f6-9ada-47c7-9f57-c4453de21297@group-24B6E1CCF0B2-LeaderElection28] INFO  impl.RoleInfo (RoleInfo.java:shutdownLeaderElection(121)) - 387044f6-9ada-47c7-9f57-c4453de21297: shutdown 387044f6-9ada-47c7-9f57-c4453de21297@group-24B6E1CCF0B2-LeaderElection28
2021-08-04 04:53:30,040 [387044f6-9ada-47c7-9f57-c4453de21297@group-24B6E1CCF0B2-LeaderElection28] INFO  impl.RoleInfo (RoleInfo.java:updateAndGet(130)) - 387044f6-9ada-47c7-9f57-c4453de21297: start 387044f6-9ada-47c7-9f57-c4453de21297@group-24B6E1CCF0B2-FollowerState
2021-08-04 04:53:30,081 [387044f6-9ada-47c7-9f57-c4453de21297@group-0FAA29AAD80C-FollowerState] INFO  impl.FollowerState (FollowerState.java:run(134)) - 387044f6-9ada-47c7-9f57-c4453de21297@group-0FAA29AAD80C-FollowerState: change to CANDIDATE, lastRpcElapsedTime:5132906705ns, electionTimeout:5131ms
2021-08-04 04:53:30,082 [387044f6-9ada-47c7-9f57-c4453de21297@group-0FAA29AAD80C-FollowerState] INFO  impl.RoleInfo (RoleInfo.java:shutdownFollowerState(108)) - 387044f6-9ada-47c7-9f57-c4453de21297: shutdown 387044f6-9ada-47c7-9f57-c4453de21297@group-0FAA29AAD80C-FollowerState
2021-08-04 04:53:30,082 [387044f6-9ada-47c7-9f57-c4453de21297@group-0FAA29AAD80C-FollowerState] INFO  server.RaftServer$Division (RaftServerImpl.java:setRole(285)) - 387044f6-9ada-47c7-9f57-c4453de21297@group-0FAA29AAD80C: changes role from  FOLLOWER to CANDIDATE at term 0 for changeToCandidate
2021-08-04 04:53:30,082 [387044f6-9ada-47c7-9f57-c4453de21297@group-0FAA29AAD80C-FollowerState] INFO  server.RaftServerConfigKeys (ConfUtils.java:logGet(44)) - raft.server.leaderelection.pre-vote = false (custom)
2021-08-04 04:53:30,082 [387044f6-9ada-47c7-9f57-c4453de21297@group-0FAA29AAD80C-FollowerState] INFO  impl.RoleInfo (RoleInfo.java:updateAndGet(130)) - 387044f6-9ada-47c7-9f57-c4453de21297: start 387044f6-9ada-47c7-9f57-c4453de21297@group-0FAA29AAD80C-LeaderElection29
2021-08-04 04:53:30,089 [387044f6-9ada-47c7-9f57-c4453de21297@group-0FAA29AAD80C-LeaderElection29] INFO  impl.LeaderElection (LeaderElection.java:askForVotes(306)) - 387044f6-9ada-47c7-9f57-c4453de21297@group-0FAA29AAD80C-LeaderElection29 ELECTION round 0: submit vote requests at term 1 for -1: [387044f6-9ada-47c7-9f57-c4453de21297|rpc:10.1.0.14:39215|priority:1], old=null
2021-08-04 04:53:30,089 [387044f6-9ada-47c7-9f57-c4453de21297@group-0FAA29AAD80C-LeaderElection29] INFO  impl.LeaderElection (LeaderElection.java:askForVotes(308)) - 387044f6-9ada-47c7-9f57-c4453de21297@group-0FAA29AAD80C-LeaderElection29 ELECTION round 0: result PASSED (term=1)
2021-08-04 04:53:30,089 [387044f6-9ada-47c7-9f57-c4453de21297@group-0FAA29AAD80C-LeaderElection29] INFO  impl.RoleInfo (RoleInfo.java:shutdownLeaderElection(121)) - 387044f6-9ada-47c7-9f57-c4453de21297: shutdown 387044f6-9ada-47c7-9f57-c4453de21297@group-0FAA29AAD80C-LeaderElection29
2021-08-04 04:53:30,089 [387044f6-9ada-47c7-9f57-c4453de21297@group-0FAA29AAD80C-LeaderElection29] INFO  server.RaftServer$Division (RaftServerImpl.java:setRole(285)) - 387044f6-9ada-47c7-9f57-c4453de21297@group-0FAA29AAD80C: changes role from CANDIDATE to LEADER at term 1 for changeToLeader
2021-08-04 04:53:30,090 [387044f6-9ada-47c7-9f57-c4453de21297@group-0FAA29AAD80C-LeaderElection29] INFO  ratis.XceiverServerRatis (XceiverServerRatis.java:handleLeaderChangedNotification(857)) - Leader change notification received for group: group-0FAA29AAD80C with new leaderId: 387044f6-9ada-47c7-9f57-c4453de21297
2021-08-04 04:53:30,090 [387044f6-9ada-47c7-9f57-c4453de21297@group-0FAA29AAD80C-LeaderElection29] INFO  server.RaftServer$Division (ServerState.java:setLeader(285)) - 387044f6-9ada-47c7-9f57-c4453de21297@group-0FAA29AAD80C: change Leader from null to 387044f6-9ada-47c7-9f57-c4453de21297 at term 1 for becomeLeader, leader elected after 5146ms
2021-08-04 04:53:30,090 [387044f6-9ada-47c7-9f57-c4453de21297@group-0FAA29AAD80C-LeaderElection29] INFO  server.RaftServerConfigKeys (ConfUtils.java:logGet(44)) - raft.server.staging.catchup.gap = 1000 (default)
2021-08-04 04:53:30,090 [Datanode State Machine Thread - 0] WARN  statemachine.StateContext (StateContext.java:execute(621)) - No available thread in pool for past 0 seconds.
2021-08-04 04:53:30,090 [387044f6-9ada-47c7-9f57-c4453de21297@group-0FAA29AAD80C-LeaderElection29] INFO  server.RaftServerConfigKeys (ConfUtils.java:logGet(44)) - raft.server.write.element-limit = 1024 (custom)
2021-08-04 04:53:30,093 [387044f6-9ada-47c7-9f57-c4453de21297@group-0FAA29AAD80C-LeaderElection29] INFO  server.RaftServerConfigKeys (ConfUtils.java:logGet(44)) - raft.server.write.byte-limit = 1073741824 (custom)
2021-08-04 04:53:30,093 [387044f6-9ada-47c7-9f57-c4453de21297@group-0FAA29AAD80C-LeaderElection29] INFO  server.RaftServerConfigKeys (ConfUtils.java:logGet(44)) - raft.server.watch.timeout = 180s (custom)
2021-08-04 04:53:30,093 [387044f6-9ada-47c7-9f57-c4453de21297@group-0FAA29AAD80C-LeaderElection29] INFO  server.RaftServerConfigKeys (ConfUtils.java:logGet(44)) - raft.server.watch.timeout.denomination = 1s (default)
2021-08-04 04:53:30,093 [387044f6-9ada-47c7-9f57-c4453de21297@group-0FAA29AAD80C-LeaderElection29] INFO  server.RaftServerConfigKeys (ConfUtils.java:logGet(44)) - raft.server.watch.element-limit = 65536 (default)
2021-08-04 04:53:30,095 [387044f6-9ada-47c7-9f57-c4453de21297@group-0FAA29AAD80C-LeaderElection29] INFO  impl.RoleInfo (RoleInfo.java:updateAndGet(130)) - 387044f6-9ada-47c7-9f57-c4453de21297: start 387044f6-9ada-47c7-9f57-c4453de21297@group-0FAA29AAD80C-LeaderStateImpl
2021-08-04 04:53:30,095 [387044f6-9ada-47c7-9f57-c4453de21297@group-0FAA29AAD80C-LeaderElection29] INFO  segmented.SegmentedRaftLogWorker (SegmentedRaftLogWorker.java:startLogSegment(394)) - 387044f6-9ada-47c7-9f57-c4453de21297@group-0FAA29AAD80C-SegmentedRaftLogWorker: Starting segment from index:0
2021-08-04 04:53:30,096 [387044f6-9ada-47c7-9f57-c4453de21297@group-0FAA29AAD80C-LeaderElection29] INFO  server.RaftServer$Division (ServerState.java:setRaftConf(387)) - 387044f6-9ada-47c7-9f57-c4453de21297@group-0FAA29AAD80C: set configuration 0: [387044f6-9ada-47c7-9f57-c4453de21297|rpc:10.1.0.14:39215|dataStream:|priority:1], old=null
2021-08-04 04:53:30,097 [387044f6-9ada-47c7-9f57-c4453de21297@group-0FAA29AAD80C-SegmentedRaftLogWorker] INFO  segmented.SegmentedRaftLogWorker (SegmentedRaftLogWorker.java:execute(601)) - 387044f6-9ada-47c7-9f57-c4453de21297@group-0FAA29AAD80C-SegmentedRaftLogWorker: created new log segment /home/runner/work/ozone/ozone/mnt/ozone/hadoop-ozone/integration-test/target/test-dir/MiniOzoneClusterImpl-f8689e89-4432-43a3-ae55-b25b0dce3dad/datanode-1/data/ratis/9fb1c133-6622-4cc0-b39e-0faa29aad80c/current/log_inprogress_0
2021-08-04 04:53:30,478 [3b35e8af-4420-4337-880c-bcb538b04dba@group-A2C98A64A929-FollowerState] INFO  impl.FollowerState (FollowerState.java:run(134)) - 3b35e8af-4420-4337-880c-bcb538b04dba@group-A2C98A64A929-FollowerState: change to CANDIDATE, lastRpcElapsedTime:5153348185ns, electionTimeout:5153ms
2021-08-04 04:53:30,478 [3b35e8af-4420-4337-880c-bcb538b04dba@group-A2C98A64A929-FollowerState] INFO  impl.RoleInfo (RoleInfo.java:shutdownFollowerState(108)) - 3b35e8af-4420-4337-880c-bcb538b04dba: shutdown 3b35e8af-4420-4337-880c-bcb538b04dba@group-A2C98A64A929-FollowerState
2021-08-04 04:53:30,478 [3b35e8af-4420-4337-880c-bcb538b04dba@group-A2C98A64A929-FollowerState] INFO  server.RaftServer$Division (RaftServerImpl.java:setRole(285)) - 3b35e8af-4420-4337-880c-bcb538b04dba@group-A2C98A64A929: changes role from  FOLLOWER to CANDIDATE at term 0 for changeToCandidate
2021-08-04 04:53:30,479 [3b35e8af-4420-4337-880c-bcb538b04dba@group-A2C98A64A929-FollowerState] INFO  server.RaftServerConfigKeys (ConfUtils.java:logGet(44)) - raft.server.leaderelection.pre-vote = false (custom)
2021-08-04 04:53:30,479 [3b35e8af-4420-4337-880c-bcb538b04dba@group-A2C98A64A929-FollowerState] INFO  impl.RoleInfo (RoleInfo.java:updateAndGet(130)) - 3b35e8af-4420-4337-880c-bcb538b04dba: start 3b35e8af-4420-4337-880c-bcb538b04dba@group-A2C98A64A929-LeaderElection30
2021-08-04 04:53:30,482 [3b35e8af-4420-4337-880c-bcb538b04dba@group-A2C98A64A929-LeaderElection30] INFO  impl.LeaderElection (LeaderElection.java:askForVotes(306)) - 3b35e8af-4420-4337-880c-bcb538b04dba@group-A2C98A64A929-LeaderElection30 ELECTION round 0: submit vote requests at term 1 for -1: [3b35e8af-4420-4337-880c-bcb538b04dba|rpc:10.1.0.14:40083|priority:1], old=null
2021-08-04 04:53:30,483 [3b35e8af-4420-4337-880c-bcb538b04dba@group-A2C98A64A929-LeaderElection30] INFO  impl.LeaderElection (LeaderElection.java:askForVotes(308)) - 3b35e8af-4420-4337-880c-bcb538b04dba@group-A2C98A64A929-LeaderElection30 ELECTION round 0: result PASSED (term=1)
2021-08-04 04:53:30,483 [3b35e8af-4420-4337-880c-bcb538b04dba@group-A2C98A64A929-LeaderElection30] INFO  impl.RoleInfo (RoleInfo.java:shutdownLeaderElection(121)) - 3b35e8af-4420-4337-880c-bcb538b04dba: shutdown 3b35e8af-4420-4337-880c-bcb538b04dba@group-A2C98A64A929-LeaderElection30
2021-08-04 04:53:30,483 [3b35e8af-4420-4337-880c-bcb538b04dba@group-A2C98A64A929-LeaderElection30] INFO  server.RaftServer$Division (RaftServerImpl.java:setRole(285)) - 3b35e8af-4420-4337-880c-bcb538b04dba@group-A2C98A64A929: changes role from CANDIDATE to LEADER at term 1 for changeToLeader
2021-08-04 04:53:30,483 [3b35e8af-4420-4337-880c-bcb538b04dba@group-A2C98A64A929-LeaderElection30] INFO  ratis.XceiverServerRatis (XceiverServerRatis.java:handleLeaderChangedNotification(857)) - Leader change notification received for group: group-A2C98A64A929 with new leaderId: 3b35e8af-4420-4337-880c-bcb538b04dba
2021-08-04 04:53:30,483 [3b35e8af-4420-4337-880c-bcb538b04dba@group-A2C98A64A929-LeaderElection30] INFO  server.RaftServer$Division (ServerState.java:setLeader(285)) - 3b35e8af-4420-4337-880c-bcb538b04dba@group-A2C98A64A929: change Leader from null to 3b35e8af-4420-4337-880c-bcb538b04dba at term 1 for becomeLeader, leader elected after 5162ms
2021-08-04 04:53:30,483 [3b35e8af-4420-4337-880c-bcb538b04dba@group-A2C98A64A929-LeaderElection30] INFO  server.RaftServerConfigKeys (ConfUtils.java:logGet(44)) - raft.server.staging.catchup.gap = 1000 (default)
2021-08-04 04:53:30,483 [Datanode State Machine Thread - 0] WARN  statemachine.StateContext (StateContext.java:execute(621)) - No available thread in pool for past 0 seconds.
2021-08-04 04:53:30,484 [3b35e8af-4420-4337-880c-bcb538b04dba@group-A2C98A64A929-LeaderElection30] INFO  server.RaftServerConfigKeys (ConfUtils.java:logGet(44)) - raft.server.write.element-limit = 1024 (custom)
2021-08-04 04:53:30,484 [3b35e8af-4420-4337-880c-bcb538b04dba@group-A2C98A64A929-LeaderElection30] INFO  server.RaftServerConfigKeys (ConfUtils.java:logGet(44)) - raft.server.write.byte-limit = 1073741824 (custom)
2021-08-04 04:53:30,484 [3b35e8af-4420-4337-880c-bcb538b04dba@group-A2C98A64A929-LeaderElection30] INFO  server.RaftServerConfigKeys (ConfUtils.java:logGet(44)) - raft.server.watch.timeout = 180s (custom)
2021-08-04 04:53:30,484 [3b35e8af-4420-4337-880c-bcb538b04dba@group-A2C98A64A929-LeaderElection30] INFO  server.RaftServerConfigKeys (ConfUtils.java:logGet(44)) - raft.server.watch.timeout.denomination = 1s (default)
2021-08-04 04:53:30,484 [3b35e8af-4420-4337-880c-bcb538b04dba@group-A2C98A64A929-LeaderElection30] INFO  server.RaftServerConfigKeys (ConfUtils.java:logGet(44)) - raft.server.watch.element-limit = 65536 (default)
2021-08-04 04:53:30,484 [3b35e8af-4420-4337-880c-bcb538b04dba@group-A2C98A64A929-LeaderElection30] INFO  impl.RoleInfo (RoleInfo.java:updateAndGet(130)) - 3b35e8af-4420-4337-880c-bcb538b04dba: start 3b35e8af-4420-4337-880c-bcb538b04dba@group-A2C98A64A929-LeaderStateImpl
2021-08-04 04:53:30,484 [3b35e8af-4420-4337-880c-bcb538b04dba@group-A2C98A64A929-LeaderElection30] INFO  segmented.SegmentedRaftLogWorker (SegmentedRaftLogWorker.java:startLogSegment(394)) - 3b35e8af-4420-4337-880c-bcb538b04dba@group-A2C98A64A929-SegmentedRaftLogWorker: Starting segment from index:0
2021-08-04 04:53:30,486 [3b35e8af-4420-4337-880c-bcb538b04dba@group-A2C98A64A929-SegmentedRaftLogWorker] INFO  segmented.SegmentedRaftLogWorker (SegmentedRaftLogWorker.java:execute(601)) - 3b35e8af-4420-4337-880c-bcb538b04dba@group-A2C98A64A929-SegmentedRaftLogWorker: created new log segment /home/runner/work/ozone/ozone/mnt/ozone/hadoop-ozone/integration-test/target/test-dir/MiniOzoneClusterImpl-f8689e89-4432-43a3-ae55-b25b0dce3dad/datanode-2/data/ratis/435b2694-c7c5-439d-867e-a2c98a64a929/current/log_inprogress_0
2021-08-04 04:53:30,487 [3b35e8af-4420-4337-880c-bcb538b04dba@group-A2C98A64A929-LeaderElection30] INFO  server.RaftServer$Division (ServerState.java:setRaftConf(387)) - 3b35e8af-4420-4337-880c-bcb538b04dba@group-A2C98A64A929: set configuration 0: [3b35e8af-4420-4337-880c-bcb538b04dba|rpc:10.1.0.14:40083|dataStream:|priority:1], old=null
2021-08-04 04:53:30,641 [8a31fd49-3da4-4fd9-acfc-b2bde89e3d95@group-6A9400823284-FollowerState] INFO  impl.FollowerState (FollowerState.java:run(134)) - 8a31fd49-3da4-4fd9-acfc-b2bde89e3d95@group-6A9400823284-FollowerState: change to CANDIDATE, lastRpcElapsedTime:5161321916ns, electionTimeout:5161ms
2021-08-04 04:53:30,641 [8a31fd49-3da4-4fd9-acfc-b2bde89e3d95@group-6A9400823284-FollowerState] INFO  impl.RoleInfo (RoleInfo.java:shutdownFollowerState(108)) - 8a31fd49-3da4-4fd9-acfc-b2bde89e3d95: shutdown 8a31fd49-3da4-4fd9-acfc-b2bde89e3d95@group-6A9400823284-FollowerState
2021-08-04 04:53:30,642 [8a31fd49-3da4-4fd9-acfc-b2bde89e3d95@group-6A9400823284-FollowerState] INFO  server.RaftServer$Division (RaftServerImpl.java:setRole(285)) - 8a31fd49-3da4-4fd9-acfc-b2bde89e3d95@group-6A9400823284: changes role from  FOLLOWER to CANDIDATE at term 0 for changeToCandidate
2021-08-04 04:53:30,642 [8a31fd49-3da4-4fd9-acfc-b2bde89e3d95@group-6A9400823284-FollowerState] INFO  server.RaftServerConfigKeys (ConfUtils.java:logGet(44)) - raft.server.leaderelection.pre-vote = false (custom)
2021-08-04 04:53:30,642 [8a31fd49-3da4-4fd9-acfc-b2bde89e3d95@group-6A9400823284-FollowerState] INFO  impl.RoleInfo (RoleInfo.java:updateAndGet(130)) - 8a31fd49-3da4-4fd9-acfc-b2bde89e3d95: start 8a31fd49-3da4-4fd9-acfc-b2bde89e3d95@group-6A9400823284-LeaderElection31
2021-08-04 04:53:30,644 [8a31fd49-3da4-4fd9-acfc-b2bde89e3d95@group-6A9400823284-LeaderElection31] INFO  impl.LeaderElection (LeaderElection.java:askForVotes(306)) - 8a31fd49-3da4-4fd9-acfc-b2bde89e3d95@group-6A9400823284-LeaderElection31 ELECTION round 0: submit vote requests at term 1 for -1: [8a31fd49-3da4-4fd9-acfc-b2bde89e3d95|rpc:10.1.0.14:37907|priority:1], old=null
2021-08-04 04:53:30,644 [8a31fd49-3da4-4fd9-acfc-b2bde89e3d95@group-6A9400823284-LeaderElection31] INFO  impl.LeaderElection (LeaderElection.java:askForVotes(308)) - 8a31fd49-3da4-4fd9-acfc-b2bde89e3d95@group-6A9400823284-LeaderElection31 ELECTION round 0: result PASSED (term=1)
2021-08-04 04:53:30,644 [8a31fd49-3da4-4fd9-acfc-b2bde89e3d95@group-6A9400823284-LeaderElection31] INFO  impl.RoleInfo (RoleInfo.java:shutdownLeaderElection(121)) - 8a31fd49-3da4-4fd9-acfc-b2bde89e3d95: shutdown 8a31fd49-3da4-4fd9-acfc-b2bde89e3d95@group-6A9400823284-LeaderElection31
2021-08-04 04:53:30,644 [8a31fd49-3da4-4fd9-acfc-b2bde89e3d95@group-6A9400823284-LeaderElection31] INFO  server.RaftServer$Division (RaftServerImpl.java:setRole(285)) - 8a31fd49-3da4-4fd9-acfc-b2bde89e3d95@group-6A9400823284: changes role from CANDIDATE to LEADER at term 1 for changeToLeader
2021-08-04 04:53:30,644 [8a31fd49-3da4-4fd9-acfc-b2bde89e3d95@group-6A9400823284-LeaderElection31] INFO  ratis.XceiverServerRatis (XceiverServerRatis.java:handleLeaderChangedNotification(857)) - Leader change notification received for group: group-6A9400823284 with new leaderId: 8a31fd49-3da4-4fd9-acfc-b2bde89e3d95
2021-08-04 04:53:30,644 [8a31fd49-3da4-4fd9-acfc-b2bde89e3d95@group-6A9400823284-LeaderElection31] INFO  server.RaftServer$Division (ServerState.java:setLeader(285)) - 8a31fd49-3da4-4fd9-acfc-b2bde89e3d95@group-6A9400823284: change Leader from null to 8a31fd49-3da4-4fd9-acfc-b2bde89e3d95 at term 1 for becomeLeader, leader elected after 5169ms
2021-08-04 04:53:30,645 [8a31fd49-3da4-4fd9-acfc-b2bde89e3d95@group-6A9400823284-LeaderElection31] INFO  server.RaftServerConfigKeys (ConfUtils.java:logGet(44)) - raft.server.staging.catchup.gap = 1000 (default)
2021-08-04 04:53:30,645 [Datanode State Machine Thread - 0] WARN  statemachine.StateContext (StateContext.java:execute(621)) - No available thread in pool for past 0 seconds.
2021-08-04 04:53:30,645 [8a31fd49-3da4-4fd9-acfc-b2bde89e3d95@group-6A9400823284-LeaderElection31] INFO  server.RaftServerConfigKeys (ConfUtils.java:logGet(44)) - raft.server.write.element-limit = 1024 (custom)
2021-08-04 04:53:30,645 [8a31fd49-3da4-4fd9-acfc-b2bde89e3d95@group-6A9400823284-LeaderElection31] INFO  server.RaftServerConfigKeys (ConfUtils.java:logGet(44)) - raft.server.write.byte-limit = 1073741824 (custom)
2021-08-04 04:53:30,645 [8a31fd49-3da4-4fd9-acfc-b2bde89e3d95@group-6A9400823284-LeaderElection31] INFO  server.RaftServerConfigKeys (ConfUtils.java:logGet(44)) - raft.server.watch.timeout = 180s (custom)
2021-08-04 04:53:30,645 [8a31fd49-3da4-4fd9-acfc-b2bde89e3d95@group-6A9400823284-LeaderElection31] INFO  server.RaftServerConfigKeys (ConfUtils.java:logGet(44)) - raft.server.watch.timeout.denomination = 1s (default)
2021-08-04 04:53:30,645 [8a31fd49-3da4-4fd9-acfc-b2bde89e3d95@group-6A9400823284-LeaderElection31] INFO  server.RaftServerConfigKeys (ConfUtils.java:logGet(44)) - raft.server.watch.element-limit = 65536 (default)
2021-08-04 04:53:30,645 [8a31fd49-3da4-4fd9-acfc-b2bde89e3d95@group-6A9400823284-LeaderElection31] INFO  impl.RoleInfo (RoleInfo.java:updateAndGet(130)) - 8a31fd49-3da4-4fd9-acfc-b2bde89e3d95: start 8a31fd49-3da4-4fd9-acfc-b2bde89e3d95@group-6A9400823284-LeaderStateImpl
2021-08-04 04:53:30,646 [8a31fd49-3da4-4fd9-acfc-b2bde89e3d95@group-6A9400823284-LeaderElection31] INFO  segmented.SegmentedRaftLogWorker (SegmentedRaftLogWorker.java:startLogSegment(394)) - 8a31fd49-3da4-4fd9-acfc-b2bde89e3d95@group-6A9400823284-SegmentedRaftLogWorker: Starting segment from index:0
2021-08-04 04:53:30,647 [8a31fd49-3da4-4fd9-acfc-b2bde89e3d95@group-6A9400823284-LeaderElection31] INFO  server.RaftServer$Division (ServerState.java:setRaftConf(387)) - 8a31fd49-3da4-4fd9-acfc-b2bde89e3d95@group-6A9400823284: set configuration 0: [8a31fd49-3da4-4fd9-acfc-b2bde89e3d95|rpc:10.1.0.14:37907|dataStream:|priority:1], old=null
2021-08-04 04:53:30,647 [8a31fd49-3da4-4fd9-acfc-b2bde89e3d95@group-6A9400823284-SegmentedRaftLogWorker] INFO  segmented.SegmentedRaftLogWorker (SegmentedRaftLogWorker.java:execute(601)) - 8a31fd49-3da4-4fd9-acfc-b2bde89e3d95@group-6A9400823284-SegmentedRaftLogWorker: created new log segment /home/runner/work/ozone/ozone/mnt/ozone/hadoop-ozone/integration-test/target/test-dir/MiniOzoneClusterImpl-f8689e89-4432-43a3-ae55-b25b0dce3dad/datanode-0/data/ratis/82af518e-b7bd-4ce1-930d-6a9400823284/current/log_inprogress_0
2021-08-04 04:53:31,934 [Thread-787] INFO  upgrade.UpgradeFinalizer (SCMUpgradeFinalizer.java:postFinalizeUpgrade(114)) - Waiting for at least one open pipeline after SCM finalization.
2021-08-04 04:53:35,091 [3b35e8af-4420-4337-880c-bcb538b04dba@group-24B6E1CCF0B2-FollowerState] INFO  impl.FollowerState (FollowerState.java:run(134)) - 3b35e8af-4420-4337-880c-bcb538b04dba@group-24B6E1CCF0B2-FollowerState: change to CANDIDATE, lastRpcElapsedTime:5055793009ns, electionTimeout:5055ms
2021-08-04 04:53:35,091 [3b35e8af-4420-4337-880c-bcb538b04dba@group-24B6E1CCF0B2-FollowerState] INFO  impl.RoleInfo (RoleInfo.java:shutdownFollowerState(108)) - 3b35e8af-4420-4337-880c-bcb538b04dba: shutdown 3b35e8af-4420-4337-880c-bcb538b04dba@group-24B6E1CCF0B2-FollowerState
2021-08-04 04:53:35,091 [3b35e8af-4420-4337-880c-bcb538b04dba@group-24B6E1CCF0B2-FollowerState] INFO  server.RaftServer$Division (RaftServerImpl.java:setRole(285)) - 3b35e8af-4420-4337-880c-bcb538b04dba@group-24B6E1CCF0B2: changes role from  FOLLOWER to CANDIDATE at term 1 for changeToCandidate
2021-08-04 04:53:35,091 [3b35e8af-4420-4337-880c-bcb538b04dba@group-24B6E1CCF0B2-FollowerState] INFO  server.RaftServerConfigKeys (ConfUtils.java:logGet(44)) - raft.server.leaderelection.pre-vote = false (custom)
2021-08-04 04:53:35,091 [3b35e8af-4420-4337-880c-bcb538b04dba@group-24B6E1CCF0B2-FollowerState] INFO  impl.RoleInfo (RoleInfo.java:updateAndGet(130)) - 3b35e8af-4420-4337-880c-bcb538b04dba: start 3b35e8af-4420-4337-880c-bcb538b04dba@group-24B6E1CCF0B2-LeaderElection32
2021-08-04 04:53:35,094 [3b35e8af-4420-4337-880c-bcb538b04dba@group-24B6E1CCF0B2-LeaderElection32] INFO  impl.LeaderElection (LeaderElection.java:askForVotes(306)) - 3b35e8af-4420-4337-880c-bcb538b04dba@group-24B6E1CCF0B2-LeaderElection32 ELECTION round 0: submit vote requests at term 2 for -1: [3b35e8af-4420-4337-880c-bcb538b04dba|rpc:10.1.0.14:40083|dataStream:|priority:0, 387044f6-9ada-47c7-9f57-c4453de21297|rpc:10.1.0.14:39215|dataStream:|priority:0, 8a31fd49-3da4-4fd9-acfc-b2bde89e3d95|rpc:10.1.0.14:37907|dataStream:|priority:1], old=null
2021-08-04 04:53:35,103 [grpc-default-executor-4] INFO  server.RaftServer$Division (RaftServerImpl.java:requestVote(1043)) - 8a31fd49-3da4-4fd9-acfc-b2bde89e3d95@group-24B6E1CCF0B2: receive requestVote(ELECTION, 3b35e8af-4420-4337-880c-bcb538b04dba, group-24B6E1CCF0B2, 2, (t:0, i:0))
2021-08-04 04:53:35,103 [grpc-default-executor-4] INFO  impl.VoteContext (VoteContext.java:log(48)) - 8a31fd49-3da4-4fd9-acfc-b2bde89e3d95@group-24B6E1CCF0B2-FOLLOWER: reject ELECTION from 3b35e8af-4420-4337-880c-bcb538b04dba: our priority 1 > candidate's priority 0
2021-08-04 04:53:35,104 [grpc-default-executor-4] INFO  server.RaftServer$Division (RaftServerImpl.java:setRole(285)) - 8a31fd49-3da4-4fd9-acfc-b2bde89e3d95@group-24B6E1CCF0B2: changes role from  FOLLOWER to FOLLOWER at term 2 for candidate:3b35e8af-4420-4337-880c-bcb538b04dba
2021-08-04 04:53:35,104 [grpc-default-executor-4] INFO  impl.RoleInfo (RoleInfo.java:shutdownFollowerState(108)) - 8a31fd49-3da4-4fd9-acfc-b2bde89e3d95: shutdown 8a31fd49-3da4-4fd9-acfc-b2bde89e3d95@group-24B6E1CCF0B2-FollowerState
2021-08-04 04:53:35,104 [grpc-default-executor-4] INFO  impl.RoleInfo (RoleInfo.java:updateAndGet(130)) - 8a31fd49-3da4-4fd9-acfc-b2bde89e3d95: start 8a31fd49-3da4-4fd9-acfc-b2bde89e3d95@group-24B6E1CCF0B2-FollowerState
2021-08-04 04:53:35,104 [8a31fd49-3da4-4fd9-acfc-b2bde89e3d95@group-24B6E1CCF0B2-FollowerState] INFO  impl.FollowerState (FollowerState.java:run(143)) - 8a31fd49-3da4-4fd9-acfc-b2bde89e3d95@group-24B6E1CCF0B2-FollowerState was interrupted: {}
java.lang.InterruptedException: sleep interrupted
	at java.lang.Thread.sleep(Native Method)
	at java.lang.Thread.sleep(Thread.java:340)
	at java.util.concurrent.TimeUnit.sleep(TimeUnit.java:386)
	at org.apache.ratis.util.TimeDuration.sleep(TimeDuration.java:324)
	at org.apache.ratis.util.TimeDuration.sleep(TimeDuration.java:309)
	at org.apache.ratis.server.impl.FollowerState.run(FollowerState.java:118)
2021-08-04 04:53:35,106 [grpc-default-executor-4] INFO  server.RaftServer$Division (RaftServerImpl.java:requestVote(1075)) - 8a31fd49-3da4-4fd9-acfc-b2bde89e3d95@group-24B6E1CCF0B2 replies to ELECTION vote request: 3b35e8af-4420-4337-880c-bcb538b04dba<-8a31fd49-3da4-4fd9-acfc-b2bde89e3d95#0:FAIL-t2. Peer's state: 8a31fd49-3da4-4fd9-acfc-b2bde89e3d95@group-24B6E1CCF0B2:t2, leader=null, voted=null, raftlog=8a31fd49-3da4-4fd9-acfc-b2bde89e3d95@group-24B6E1CCF0B2-SegmentedRaftLog:OPENED:c-1,f-1,i0, conf=-1: [3b35e8af-4420-4337-880c-bcb538b04dba|rpc:10.1.0.14:40083|dataStream:|priority:0, 387044f6-9ada-47c7-9f57-c4453de21297|rpc:10.1.0.14:39215|dataStream:|priority:0, 8a31fd49-3da4-4fd9-acfc-b2bde89e3d95|rpc:10.1.0.14:37907|dataStream:|priority:1], old=null
2021-08-04 04:53:35,111 [grpc-default-executor-4] INFO  server.RaftServer$Division (RaftServerImpl.java:requestVote(1043)) - 387044f6-9ada-47c7-9f57-c4453de21297@group-24B6E1CCF0B2: receive requestVote(ELECTION, 3b35e8af-4420-4337-880c-bcb538b04dba, group-24B6E1CCF0B2, 2, (t:0, i:0))
2021-08-04 04:53:35,111 [grpc-default-executor-4] INFO  impl.VoteContext (VoteContext.java:log(48)) - 387044f6-9ada-47c7-9f57-c4453de21297@group-24B6E1CCF0B2-FOLLOWER: accept ELECTION from 3b35e8af-4420-4337-880c-bcb538b04dba: our priority 0 <= candidate's priority 0
2021-08-04 04:53:35,111 [grpc-default-executor-4] INFO  server.RaftServer$Division (RaftServerImpl.java:setRole(285)) - 387044f6-9ada-47c7-9f57-c4453de21297@group-24B6E1CCF0B2: changes role from  FOLLOWER to FOLLOWER at term 2 for candidate:3b35e8af-4420-4337-880c-bcb538b04dba
2021-08-04 04:53:35,111 [grpc-default-executor-4] INFO  impl.RoleInfo (RoleInfo.java:shutdownFollowerState(108)) - 387044f6-9ada-47c7-9f57-c4453de21297: shutdown 387044f6-9ada-47c7-9f57-c4453de21297@group-24B6E1CCF0B2-FollowerState
2021-08-04 04:53:35,111 [grpc-default-executor-4] INFO  impl.RoleInfo (RoleInfo.java:updateAndGet(130)) - 387044f6-9ada-47c7-9f57-c4453de21297: start 387044f6-9ada-47c7-9f57-c4453de21297@group-24B6E1CCF0B2-FollowerState
2021-08-04 04:53:35,111 [387044f6-9ada-47c7-9f57-c4453de21297@group-24B6E1CCF0B2-FollowerState] INFO  impl.FollowerState (FollowerState.java:run(143)) - 387044f6-9ada-47c7-9f57-c4453de21297@group-24B6E1CCF0B2-FollowerState was interrupted: {}
java.lang.InterruptedException: sleep interrupted
	at java.lang.Thread.sleep(Native Method)
	at java.lang.Thread.sleep(Thread.java:340)
	at java.util.concurrent.TimeUnit.sleep(TimeUnit.java:386)
	at org.apache.ratis.util.TimeDuration.sleep(TimeDuration.java:324)
	at org.apache.ratis.util.TimeDuration.sleep(TimeDuration.java:309)
	at org.apache.ratis.server.impl.FollowerState.run(FollowerState.java:118)
2021-08-04 04:53:35,116 [grpc-default-executor-4] INFO  server.RaftServer$Division (RaftServerImpl.java:requestVote(1075)) - 387044f6-9ada-47c7-9f57-c4453de21297@group-24B6E1CCF0B2 replies to ELECTION vote request: 3b35e8af-4420-4337-880c-bcb538b04dba<-387044f6-9ada-47c7-9f57-c4453de21297#0:OK-t2. Peer's state: 387044f6-9ada-47c7-9f57-c4453de21297@group-24B6E1CCF0B2:t2, leader=null, voted=3b35e8af-4420-4337-880c-bcb538b04dba, raftlog=387044f6-9ada-47c7-9f57-c4453de21297@group-24B6E1CCF0B2-SegmentedRaftLog:OPENED:c-1,f-1,i0, conf=-1: [3b35e8af-4420-4337-880c-bcb538b04dba|rpc:10.1.0.14:40083|priority:0, 387044f6-9ada-47c7-9f57-c4453de21297|rpc:10.1.0.14:39215|priority:0, 8a31fd49-3da4-4fd9-acfc-b2bde89e3d95|rpc:10.1.0.14:37907|priority:1], old=null
2021-08-04 04:53:35,117 [3b35e8af-4420-4337-880c-bcb538b04dba@group-24B6E1CCF0B2-LeaderElection32] INFO  impl.LeaderElection (LeaderElection.java:logAndReturn(89)) - 3b35e8af-4420-4337-880c-bcb538b04dba@group-24B6E1CCF0B2-LeaderElection32: ELECTION REJECTED received 1 response(s) and 0 exception(s):
2021-08-04 04:53:35,117 [3b35e8af-4420-4337-880c-bcb538b04dba@group-24B6E1CCF0B2-LeaderElection32] INFO  impl.LeaderElection (LeaderElection.java:logAndReturn(93)) -   Response 0: 3b35e8af-4420-4337-880c-bcb538b04dba<-8a31fd49-3da4-4fd9-acfc-b2bde89e3d95#0:FAIL-t2
2021-08-04 04:53:35,117 [3b35e8af-4420-4337-880c-bcb538b04dba@group-24B6E1CCF0B2-LeaderElection32] INFO  impl.LeaderElection (LeaderElection.java:askForVotes(308)) - 3b35e8af-4420-4337-880c-bcb538b04dba@group-24B6E1CCF0B2-LeaderElection32 ELECTION round 0: result REJECTED
2021-08-04 04:53:35,117 [3b35e8af-4420-4337-880c-bcb538b04dba@group-24B6E1CCF0B2-LeaderElection32] INFO  server.RaftServer$Division (RaftServerImpl.java:setRole(285)) - 3b35e8af-4420-4337-880c-bcb538b04dba@group-24B6E1CCF0B2: changes role from CANDIDATE to FOLLOWER at term 2 for REJECTED
2021-08-04 04:53:35,118 [3b35e8af-4420-4337-880c-bcb538b04dba@group-24B6E1CCF0B2-LeaderElection32] INFO  impl.RoleInfo (RoleInfo.java:shutdownLeaderElection(121)) - 3b35e8af-4420-4337-880c-bcb538b04dba: shutdown 3b35e8af-4420-4337-880c-bcb538b04dba@group-24B6E1CCF0B2-LeaderElection32
2021-08-04 04:53:35,118 [3b35e8af-4420-4337-880c-bcb538b04dba@group-24B6E1CCF0B2-LeaderElection32] INFO  impl.RoleInfo (RoleInfo.java:updateAndGet(130)) - 3b35e8af-4420-4337-880c-bcb538b04dba: start 3b35e8af-4420-4337-880c-bcb538b04dba@group-24B6E1CCF0B2-FollowerState
2021-08-04 04:53:36,934 [Thread-787] INFO  upgrade.UpgradeFinalizer (SCMUpgradeFinalizer.java:postFinalizeUpgrade(114)) - Waiting for at least one open pipeline after SCM finalization.
2021-08-04 04:53:40,285 [3b35e8af-4420-4337-880c-bcb538b04dba@group-24B6E1CCF0B2-FollowerState] INFO  impl.FollowerState (FollowerState.java:run(134)) - 3b35e8af-4420-4337-880c-bcb538b04dba@group-24B6E1CCF0B2-FollowerState: change to CANDIDATE, lastRpcElapsedTime:5167135300ns, electionTimeout:5164ms
2021-08-04 04:53:40,285 [3b35e8af-4420-4337-880c-bcb538b04dba@group-24B6E1CCF0B2-FollowerState] INFO  impl.RoleInfo (RoleInfo.java:shutdownFollowerState(108)) - 3b35e8af-4420-4337-880c-bcb538b04dba: shutdown 3b35e8af-4420-4337-880c-bcb538b04dba@group-24B6E1CCF0B2-FollowerState
2021-08-04 04:53:40,285 [3b35e8af-4420-4337-880c-bcb538b04dba@group-24B6E1CCF0B2-FollowerState] INFO  server.RaftServer$Division (RaftServerImpl.java:setRole(285)) - 3b35e8af-4420-4337-880c-bcb538b04dba@group-24B6E1CCF0B2: changes role from  FOLLOWER to CANDIDATE at term 2 for changeToCandidate
2021-08-04 04:53:40,285 [3b35e8af-4420-4337-880c-bcb538b04dba@group-24B6E1CCF0B2-FollowerState] INFO  server.RaftServerConfigKeys (ConfUtils.java:logGet(44)) - raft.server.leaderelection.pre-vote = false (custom)
2021-08-04 04:53:40,285 [3b35e8af-4420-4337-880c-bcb538b04dba@group-24B6E1CCF0B2-FollowerState] INFO  impl.RoleInfo (RoleInfo.java:updateAndGet(130)) - 3b35e8af-4420-4337-880c-bcb538b04dba: start 3b35e8af-4420-4337-880c-bcb538b04dba@group-24B6E1CCF0B2-LeaderElection33
2021-08-04 04:53:40,289 [3b35e8af-4420-4337-880c-bcb538b04dba@group-24B6E1CCF0B2-LeaderElection33] INFO  impl.LeaderElection (LeaderElection.java:askForVotes(306)) - 3b35e8af-4420-4337-880c-bcb538b04dba@group-24B6E1CCF0B2-LeaderElection33 ELECTION round 0: submit vote requests at term 3 for -1: [3b35e8af-4420-4337-880c-bcb538b04dba|rpc:10.1.0.14:40083|dataStream:|priority:0, 387044f6-9ada-47c7-9f57-c4453de21297|rpc:10.1.0.14:39215|dataStream:|priority:0, 8a31fd49-3da4-4fd9-acfc-b2bde89e3d95|rpc:10.1.0.14:37907|dataStream:|priority:1], old=null
2021-08-04 04:53:40,292 [grpc-default-executor-3] INFO  server.RaftServer$Division (RaftServerImpl.java:requestVote(1043)) - 8a31fd49-3da4-4fd9-acfc-b2bde89e3d95@group-24B6E1CCF0B2: receive requestVote(ELECTION, 3b35e8af-4420-4337-880c-bcb538b04dba, group-24B6E1CCF0B2, 3, (t:0, i:0))
2021-08-04 04:53:40,292 [grpc-default-executor-3] INFO  impl.VoteContext (VoteContext.java:log(48)) - 8a31fd49-3da4-4fd9-acfc-b2bde89e3d95@group-24B6E1CCF0B2-FOLLOWER: reject ELECTION from 3b35e8af-4420-4337-880c-bcb538b04dba: our priority 1 > candidate's priority 0
2021-08-04 04:53:40,292 [grpc-default-executor-3] INFO  server.RaftServer$Division (RaftServerImpl.java:setRole(285)) - 8a31fd49-3da4-4fd9-acfc-b2bde89e3d95@group-24B6E1CCF0B2: changes role from  FOLLOWER to FOLLOWER at term 3 for candidate:3b35e8af-4420-4337-880c-bcb538b04dba
2021-08-04 04:53:40,292 [grpc-default-executor-3] INFO  impl.RoleInfo (RoleInfo.java:shutdownFollowerState(108)) - 8a31fd49-3da4-4fd9-acfc-b2bde89e3d95: shutdown 8a31fd49-3da4-4fd9-acfc-b2bde89e3d95@group-24B6E1CCF0B2-FollowerState
2021-08-04 04:53:40,292 [grpc-default-executor-3] INFO  impl.RoleInfo (RoleInfo.java:updateAndGet(130)) - 8a31fd49-3da4-4fd9-acfc-b2bde89e3d95: start 8a31fd49-3da4-4fd9-acfc-b2bde89e3d95@group-24B6E1CCF0B2-FollowerState
2021-08-04 04:53:40,292 [8a31fd49-3da4-4fd9-acfc-b2bde89e3d95@group-24B6E1CCF0B2-FollowerState] INFO  impl.FollowerState (FollowerState.java:run(143)) - 8a31fd49-3da4-4fd9-acfc-b2bde89e3d95@group-24B6E1CCF0B2-FollowerState was interrupted: {}
java.lang.InterruptedException: sleep interrupted
	at java.lang.Thread.sleep(Native Method)
	at java.lang.Thread.sleep(Thread.java:340)
	at java.util.concurrent.TimeUnit.sleep(TimeUnit.java:386)
	at org.apache.ratis.util.TimeDuration.sleep(TimeDuration.java:324)
	at org.apache.ratis.util.TimeDuration.sleep(TimeDuration.java:309)
	at org.apache.ratis.server.impl.FollowerState.run(FollowerState.java:118)
2021-08-04 04:53:40,294 [grpc-default-executor-4] INFO  server.RaftServer$Division (RaftServerImpl.java:requestVote(1043)) - 387044f6-9ada-47c7-9f57-c4453de21297@group-24B6E1CCF0B2: receive requestVote(ELECTION, 3b35e8af-4420-4337-880c-bcb538b04dba, group-24B6E1CCF0B2, 3, (t:0, i:0))
2021-08-04 04:53:40,294 [grpc-default-executor-4] INFO  impl.VoteContext (VoteContext.java:log(48)) - 387044f6-9ada-47c7-9f57-c4453de21297@group-24B6E1CCF0B2-FOLLOWER: accept ELECTION from 3b35e8af-4420-4337-880c-bcb538b04dba: our priority 0 <= candidate's priority 0
2021-08-04 04:53:40,294 [grpc-default-executor-4] INFO  server.RaftServer$Division (RaftServerImpl.java:setRole(285)) - 387044f6-9ada-47c7-9f57-c4453de21297@group-24B6E1CCF0B2: changes role from  FOLLOWER to FOLLOWER at term 3 for candidate:3b35e8af-4420-4337-880c-bcb538b04dba
2021-08-04 04:53:40,294 [grpc-default-executor-3] INFO  server.RaftServer$Division (RaftServerImpl.java:requestVote(1075)) - 8a31fd49-3da4-4fd9-acfc-b2bde89e3d95@group-24B6E1CCF0B2 replies to ELECTION vote request: 3b35e8af-4420-4337-880c-bcb538b04dba<-8a31fd49-3da4-4fd9-acfc-b2bde89e3d95#0:FAIL-t3. Peer's state: 8a31fd49-3da4-4fd9-acfc-b2bde89e3d95@group-24B6E1CCF0B2:t3, leader=null, voted=null, raftlog=8a31fd49-3da4-4fd9-acfc-b2bde89e3d95@group-24B6E1CCF0B2-SegmentedRaftLog:OPENED:c-1,f-1,i0, conf=-1: [3b35e8af-4420-4337-880c-bcb538b04dba|rpc:10.1.0.14:40083|dataStream:|priority:0, 387044f6-9ada-47c7-9f57-c4453de21297|rpc:10.1.0.14:39215|dataStream:|priority:0, 8a31fd49-3da4-4fd9-acfc-b2bde89e3d95|rpc:10.1.0.14:37907|dataStream:|priority:1], old=null
2021-08-04 04:53:40,294 [grpc-default-executor-4] INFO  impl.RoleInfo (RoleInfo.java:shutdownFollowerState(108)) - 387044f6-9ada-47c7-9f57-c4453de21297: shutdown 387044f6-9ada-47c7-9f57-c4453de21297@group-24B6E1CCF0B2-FollowerState
2021-08-04 04:53:40,294 [grpc-default-executor-4] INFO  impl.RoleInfo (RoleInfo.java:updateAndGet(130)) - 387044f6-9ada-47c7-9f57-c4453de21297: start 387044f6-9ada-47c7-9f57-c4453de21297@group-24B6E1CCF0B2-FollowerState
2021-08-04 04:53:40,295 [387044f6-9ada-47c7-9f57-c4453de21297@group-24B6E1CCF0B2-FollowerState] INFO  impl.FollowerState (FollowerState.java:run(143)) - 387044f6-9ada-47c7-9f57-c4453de21297@group-24B6E1CCF0B2-FollowerState was interrupted: {}
java.lang.InterruptedException: sleep interrupted
	at java.lang.Thread.sleep(Native Method)
	at java.lang.Thread.sleep(Thread.java:340)
	at java.util.concurrent.TimeUnit.sleep(TimeUnit.java:386)
	at org.apache.ratis.util.TimeDuration.sleep(TimeDuration.java:324)
	at org.apache.ratis.util.TimeDuration.sleep(TimeDuration.java:309)
	at org.apache.ratis.server.impl.FollowerState.run(FollowerState.java:118)
2021-08-04 04:53:40,298 [3b35e8af-4420-4337-880c-bcb538b04dba@group-24B6E1CCF0B2-LeaderElection33] INFO  impl.LeaderElection (LeaderElection.java:logAndReturn(89)) - 3b35e8af-4420-4337-880c-bcb538b04dba@group-24B6E1CCF0B2-LeaderElection33: ELECTION REJECTED received 1 response(s) and 0 exception(s):
2021-08-04 04:53:40,298 [3b35e8af-4420-4337-880c-bcb538b04dba@group-24B6E1CCF0B2-LeaderElection33] INFO  impl.LeaderElection (LeaderElection.java:logAndReturn(93)) -   Response 0: 3b35e8af-4420-4337-880c-bcb538b04dba<-8a31fd49-3da4-4fd9-acfc-b2bde89e3d95#0:FAIL-t3
2021-08-04 04:53:40,299 [3b35e8af-4420-4337-880c-bcb538b04dba@group-24B6E1CCF0B2-LeaderElection33] INFO  impl.LeaderElection (LeaderElection.java:askForVotes(308)) - 3b35e8af-4420-4337-880c-bcb538b04dba@group-24B6E1CCF0B2-LeaderElection33 ELECTION round 0: result REJECTED
2021-08-04 04:53:40,299 [3b35e8af-4420-4337-880c-bcb538b04dba@group-24B6E1CCF0B2-LeaderElection33] INFO  server.RaftServer$Division (RaftServerImpl.java:setRole(285)) - 3b35e8af-4420-4337-880c-bcb538b04dba@group-24B6E1CCF0B2: changes role from CANDIDATE to FOLLOWER at term 3 for REJECTED
2021-08-04 04:53:40,299 [3b35e8af-4420-4337-880c-bcb538b04dba@group-24B6E1CCF0B2-LeaderElection33] INFO  impl.RoleInfo (RoleInfo.java:shutdownLeaderElection(121)) - 3b35e8af-4420-4337-880c-bcb538b04dba: shutdown 3b35e8af-4420-4337-880c-bcb538b04dba@group-24B6E1CCF0B2-LeaderElection33
2021-08-04 04:53:40,299 [3b35e8af-4420-4337-880c-bcb538b04dba@group-24B6E1CCF0B2-LeaderElection33] INFO  impl.RoleInfo (RoleInfo.java:updateAndGet(130)) - 3b35e8af-4420-4337-880c-bcb538b04dba: start 3b35e8af-4420-4337-880c-bcb538b04dba@group-24B6E1CCF0B2-FollowerState
2021-08-04 04:53:40,300 [grpc-default-executor-4] INFO  server.RaftServer$Division (RaftServerImpl.java:requestVote(1075)) - 387044f6-9ada-47c7-9f57-c4453de21297@group-24B6E1CCF0B2 replies to ELECTION vote request: 3b35e8af-4420-4337-880c-bcb538b04dba<-387044f6-9ada-47c7-9f57-c4453de21297#0:OK-t3. Peer's state: 387044f6-9ada-47c7-9f57-c4453de21297@group-24B6E1CCF0B2:t3, leader=null, voted=3b35e8af-4420-4337-880c-bcb538b04dba, raftlog=387044f6-9ada-47c7-9f57-c4453de21297@group-24B6E1CCF0B2-SegmentedRaftLog:OPENED:c-1,f-1,i0, conf=-1: [3b35e8af-4420-4337-880c-bcb538b04dba|rpc:10.1.0.14:40083|priority:0, 387044f6-9ada-47c7-9f57-c4453de21297|rpc:10.1.0.14:39215|priority:0, 8a31fd49-3da4-4fd9-acfc-b2bde89e3d95|rpc:10.1.0.14:37907|priority:1], old=null
2021-08-04 04:53:41,934 [Thread-787] INFO  upgrade.UpgradeFinalizer (SCMUpgradeFinalizer.java:postFinalizeUpgrade(114)) - Waiting for at least one open pipeline after SCM finalization.
2021-08-04 04:53:45,305 [3b35e8af-4420-4337-880c-bcb538b04dba@group-24B6E1CCF0B2-FollowerState] INFO  impl.FollowerState (FollowerState.java:run(134)) - 3b35e8af-4420-4337-880c-bcb538b04dba@group-24B6E1CCF0B2-FollowerState: change to CANDIDATE, lastRpcElapsedTime:5006353961ns, electionTimeout:5006ms
2021-08-04 04:53:45,305 [3b35e8af-4420-4337-880c-bcb538b04dba@group-24B6E1CCF0B2-FollowerState] INFO  impl.RoleInfo (RoleInfo.java:shutdownFollowerState(108)) - 3b35e8af-4420-4337-880c-bcb538b04dba: shutdown 3b35e8af-4420-4337-880c-bcb538b04dba@group-24B6E1CCF0B2-FollowerState
2021-08-04 04:53:45,305 [3b35e8af-4420-4337-880c-bcb538b04dba@group-24B6E1CCF0B2-FollowerState] INFO  server.RaftServer$Division (RaftServerImpl.java:setRole(285)) - 3b35e8af-4420-4337-880c-bcb538b04dba@group-24B6E1CCF0B2: changes role from  FOLLOWER to CANDIDATE at term 3 for changeToCandidate
2021-08-04 04:53:45,305 [3b35e8af-4420-4337-880c-bcb538b04dba@group-24B6E1CCF0B2-FollowerState] INFO  server.RaftServerConfigKeys (ConfUtils.java:logGet(44)) - raft.server.leaderelection.pre-vote = false (custom)
2021-08-04 04:53:45,306 [3b35e8af-4420-4337-880c-bcb538b04dba@group-24B6E1CCF0B2-FollowerState] INFO  impl.RoleInfo (RoleInfo.java:updateAndGet(130)) - 3b35e8af-4420-4337-880c-bcb538b04dba: start 3b35e8af-4420-4337-880c-bcb538b04dba@group-24B6E1CCF0B2-LeaderElection34
2021-08-04 04:53:45,309 [3b35e8af-4420-4337-880c-bcb538b04dba@group-24B6E1CCF0B2-LeaderElection34] INFO  impl.LeaderElection (LeaderElection.java:askForVotes(306)) - 3b35e8af-4420-4337-880c-bcb538b04dba@group-24B6E1CCF0B2-LeaderElection34 ELECTION round 0: submit vote requests at term 4 for -1: [3b35e8af-4420-4337-880c-bcb538b04dba|rpc:10.1.0.14:40083|dataStream:|priority:0, 387044f6-9ada-47c7-9f57-c4453de21297|rpc:10.1.0.14:39215|dataStream:|priority:0, 8a31fd49-3da4-4fd9-acfc-b2bde89e3d95|rpc:10.1.0.14:37907|dataStream:|priority:1], old=null
2021-08-04 04:53:45,313 [grpc-default-executor-4] INFO  server.RaftServer$Division (RaftServerImpl.java:requestVote(1043)) - 387044f6-9ada-47c7-9f57-c4453de21297@group-24B6E1CCF0B2: receive requestVote(ELECTION, 3b35e8af-4420-4337-880c-bcb538b04dba, group-24B6E1CCF0B2, 4, (t:0, i:0))
2021-08-04 04:53:45,314 [grpc-default-executor-4] INFO  impl.VoteContext (VoteContext.java:log(48)) - 387044f6-9ada-47c7-9f57-c4453de21297@group-24B6E1CCF0B2-FOLLOWER: accept ELECTION from 3b35e8af-4420-4337-880c-bcb538b04dba: our priority 0 <= candidate's priority 0
2021-08-04 04:53:45,314 [grpc-default-executor-4] INFO  server.RaftServer$Division (RaftServerImpl.java:setRole(285)) - 387044f6-9ada-47c7-9f57-c4453de21297@group-24B6E1CCF0B2: changes role from  FOLLOWER to FOLLOWER at term 4 for candidate:3b35e8af-4420-4337-880c-bcb538b04dba
2021-08-04 04:53:45,314 [grpc-default-executor-4] INFO  impl.RoleInfo (RoleInfo.java:shutdownFollowerState(108)) - 387044f6-9ada-47c7-9f57-c4453de21297: shutdown 387044f6-9ada-47c7-9f57-c4453de21297@group-24B6E1CCF0B2-FollowerState
2021-08-04 04:53:45,314 [grpc-default-executor-4] INFO  impl.RoleInfo (RoleInfo.java:updateAndGet(130)) - 387044f6-9ada-47c7-9f57-c4453de21297: start 387044f6-9ada-47c7-9f57-c4453de21297@group-24B6E1CCF0B2-FollowerState
2021-08-04 04:53:45,314 [387044f6-9ada-47c7-9f57-c4453de21297@group-24B6E1CCF0B2-FollowerState] INFO  impl.FollowerState (FollowerState.java:run(143)) - 387044f6-9ada-47c7-9f57-c4453de21297@group-24B6E1CCF0B2-FollowerState was interrupted: {}
java.lang.InterruptedException: sleep interrupted
	at java.lang.Thread.sleep(Native Method)
	at java.lang.Thread.sleep(Thread.java:340)
	at java.util.concurrent.TimeUnit.sleep(TimeUnit.java:386)
	at org.apache.ratis.util.TimeDuration.sleep(TimeDuration.java:324)
	at org.apache.ratis.util.TimeDuration.sleep(TimeDuration.java:309)
	at org.apache.ratis.server.impl.FollowerState.run(FollowerState.java:118)
2021-08-04 04:53:45,315 [grpc-default-executor-3] INFO  server.RaftServer$Division (RaftServerImpl.java:requestVote(1043)) - 8a31fd49-3da4-4fd9-acfc-b2bde89e3d95@group-24B6E1CCF0B2: receive requestVote(ELECTION, 3b35e8af-4420-4337-880c-bcb538b04dba, group-24B6E1CCF0B2, 4, (t:0, i:0))
2021-08-04 04:53:45,315 [grpc-default-executor-3] INFO  impl.VoteContext (VoteContext.java:log(48)) - 8a31fd49-3da4-4fd9-acfc-b2bde89e3d95@group-24B6E1CCF0B2-FOLLOWER: reject ELECTION from 3b35e8af-4420-4337-880c-bcb538b04dba: our priority 1 > candidate's priority 0
2021-08-04 04:53:45,315 [grpc-default-executor-3] INFO  server.RaftServer$Division (RaftServerImpl.java:setRole(285)) - 8a31fd49-3da4-4fd9-acfc-b2bde89e3d95@group-24B6E1CCF0B2: changes role from  FOLLOWER to FOLLOWER at term 4 for candidate:3b35e8af-4420-4337-880c-bcb538b04dba
2021-08-04 04:53:45,315 [grpc-default-executor-3] INFO  impl.RoleInfo (RoleInfo.java:shutdownFollowerState(108)) - 8a31fd49-3da4-4fd9-acfc-b2bde89e3d95: shutdown 8a31fd49-3da4-4fd9-acfc-b2bde89e3d95@group-24B6E1CCF0B2-FollowerState
2021-08-04 04:53:45,316 [grpc-default-executor-3] INFO  impl.RoleInfo (RoleInfo.java:updateAndGet(130)) - 8a31fd49-3da4-4fd9-acfc-b2bde89e3d95: start 8a31fd49-3da4-4fd9-acfc-b2bde89e3d95@group-24B6E1CCF0B2-FollowerState
2021-08-04 04:53:45,316 [8a31fd49-3da4-4fd9-acfc-b2bde89e3d95@group-24B6E1CCF0B2-FollowerState] INFO  impl.FollowerState (FollowerState.java:run(143)) - 8a31fd49-3da4-4fd9-acfc-b2bde89e3d95@group-24B6E1CCF0B2-FollowerState was interrupted: {}
java.lang.InterruptedException: sleep interrupted
	at java.lang.Thread.sleep(Native Method)
	at java.lang.Thread.sleep(Thread.java:340)
	at java.util.concurrent.TimeUnit.sleep(TimeUnit.java:386)
	at org.apache.ratis.util.TimeDuration.sleep(TimeDuration.java:324)
	at org.apache.ratis.util.TimeDuration.sleep(TimeDuration.java:309)
	at org.apache.ratis.server.impl.FollowerState.run(FollowerState.java:118)
2021-08-04 04:53:45,317 [grpc-default-executor-4] INFO  server.RaftServer$Division (RaftServerImpl.java:requestVote(1075)) - 387044f6-9ada-47c7-9f57-c4453de21297@group-24B6E1CCF0B2 replies to ELECTION vote request: 3b35e8af-4420-4337-880c-bcb538b04dba<-387044f6-9ada-47c7-9f57-c4453de21297#0:OK-t4. Peer's state: 387044f6-9ada-47c7-9f57-c4453de21297@group-24B6E1CCF0B2:t4, leader=null, voted=3b35e8af-4420-4337-880c-bcb538b04dba, raftlog=387044f6-9ada-47c7-9f57-c4453de21297@group-24B6E1CCF0B2-SegmentedRaftLog:OPENED:c-1,f-1,i0, conf=-1: [3b35e8af-4420-4337-880c-bcb538b04dba|rpc:10.1.0.14:40083|priority:0, 387044f6-9ada-47c7-9f57-c4453de21297|rpc:10.1.0.14:39215|priority:0, 8a31fd49-3da4-4fd9-acfc-b2bde89e3d95|rpc:10.1.0.14:37907|priority:1], old=null
2021-08-04 04:53:45,322 [grpc-default-executor-3] INFO  server.RaftServer$Division (RaftServerImpl.java:requestVote(1075)) - 8a31fd49-3da4-4fd9-acfc-b2bde89e3d95@group-24B6E1CCF0B2 replies to ELECTION vote request: 3b35e8af-4420-4337-880c-bcb538b04dba<-8a31fd49-3da4-4fd9-acfc-b2bde89e3d95#0:FAIL-t4. Peer's state: 8a31fd49-3da4-4fd9-acfc-b2bde89e3d95@group-24B6E1CCF0B2:t4, leader=null, voted=null, raftlog=8a31fd49-3da4-4fd9-acfc-b2bde89e3d95@group-24B6E1CCF0B2-SegmentedRaftLog:OPENED:c-1,f-1,i0, conf=-1: [3b35e8af-4420-4337-880c-bcb538b04dba|rpc:10.1.0.14:40083|dataStream:|priority:0, 387044f6-9ada-47c7-9f57-c4453de21297|rpc:10.1.0.14:39215|dataStream:|priority:0, 8a31fd49-3da4-4fd9-acfc-b2bde89e3d95|rpc:10.1.0.14:37907|dataStream:|priority:1], old=null
2021-08-04 04:53:45,323 [3b35e8af-4420-4337-880c-bcb538b04dba@group-24B6E1CCF0B2-LeaderElection34] INFO  impl.LeaderElection (LeaderElection.java:logAndReturn(89)) - 3b35e8af-4420-4337-880c-bcb538b04dba@group-24B6E1CCF0B2-LeaderElection34: ELECTION REJECTED received 2 response(s) and 0 exception(s):
2021-08-04 04:53:45,323 [3b35e8af-4420-4337-880c-bcb538b04dba@group-24B6E1CCF0B2-LeaderElection34] INFO  impl.LeaderElection (LeaderElection.java:logAndReturn(93)) -   Response 0: 3b35e8af-4420-4337-880c-bcb538b04dba<-387044f6-9ada-47c7-9f57-c4453de21297#0:OK-t4
2021-08-04 04:53:45,323 [3b35e8af-4420-4337-880c-bcb538b04dba@group-24B6E1CCF0B2-LeaderElection34] INFO  impl.LeaderElection (LeaderElection.java:logAndReturn(93)) -   Response 1: 3b35e8af-4420-4337-880c-bcb538b04dba<-8a31fd49-3da4-4fd9-acfc-b2bde89e3d95#0:FAIL-t4
2021-08-04 04:53:45,323 [3b35e8af-4420-4337-880c-bcb538b04dba@group-24B6E1CCF0B2-LeaderElection34] INFO  impl.LeaderElection (LeaderElection.java:askForVotes(308)) - 3b35e8af-4420-4337-880c-bcb538b04dba@group-24B6E1CCF0B2-LeaderElection34 ELECTION round 0: result REJECTED
2021-08-04 04:53:45,323 [3b35e8af-4420-4337-880c-bcb538b04dba@group-24B6E1CCF0B2-LeaderElection34] INFO  server.RaftServer$Division (RaftServerImpl.java:setRole(285)) - 3b35e8af-4420-4337-880c-bcb538b04dba@group-24B6E1CCF0B2: changes role from CANDIDATE to FOLLOWER at term 4 for REJECTED
2021-08-04 04:53:45,324 [3b35e8af-4420-4337-880c-bcb538b04dba@group-24B6E1CCF0B2-LeaderElection34] INFO  impl.RoleInfo (RoleInfo.java:shutdownLeaderElection(121)) - 3b35e8af-4420-4337-880c-bcb538b04dba: shutdown 3b35e8af-4420-4337-880c-bcb538b04dba@group-24B6E1CCF0B2-LeaderElection34
2021-08-04 04:53:45,324 [3b35e8af-4420-4337-880c-bcb538b04dba@group-24B6E1CCF0B2-LeaderElection34] INFO  impl.RoleInfo (RoleInfo.java:updateAndGet(130)) - 3b35e8af-4420-4337-880c-bcb538b04dba: start 3b35e8af-4420-4337-880c-bcb538b04dba@group-24B6E1CCF0B2-FollowerState
2021-08-04 04:53:46,935 [Thread-787] INFO  upgrade.UpgradeFinalizer (SCMUpgradeFinalizer.java:postFinalizeUpgrade(114)) - Waiting for at least one open pipeline after SCM finalization.
2021-08-04 04:53:50,407 [3b35e8af-4420-4337-880c-bcb538b04dba@group-24B6E1CCF0B2-FollowerState] INFO  impl.FollowerState (FollowerState.java:run(134)) - 3b35e8af-4420-4337-880c-bcb538b04dba@group-24B6E1CCF0B2-FollowerState: change to CANDIDATE, lastRpcElapsedTime:5083725014ns, electionTimeout:5083ms
2021-08-04 04:53:50,408 [3b35e8af-4420-4337-880c-bcb538b04dba@group-24B6E1CCF0B2-FollowerState] INFO  impl.RoleInfo (RoleInfo.java:shutdownFollowerState(108)) - 3b35e8af-4420-4337-880c-bcb538b04dba: shutdown 3b35e8af-4420-4337-880c-bcb538b04dba@group-24B6E1CCF0B2-FollowerState
2021-08-04 04:53:50,408 [3b35e8af-4420-4337-880c-bcb538b04dba@group-24B6E1CCF0B2-FollowerState] INFO  server.RaftServer$Division (RaftServerImpl.java:setRole(285)) - 3b35e8af-4420-4337-880c-bcb538b04dba@group-24B6E1CCF0B2: changes role from  FOLLOWER to CANDIDATE at term 4 for changeToCandidate
2021-08-04 04:53:50,408 [3b35e8af-4420-4337-880c-bcb538b04dba@group-24B6E1CCF0B2-FollowerState] INFO  server.RaftServerConfigKeys (ConfUtils.java:logGet(44)) - raft.server.leaderelection.pre-vote = false (custom)
2021-08-04 04:53:50,408 [3b35e8af-4420-4337-880c-bcb538b04dba@group-24B6E1CCF0B2-FollowerState] INFO  impl.RoleInfo (RoleInfo.java:updateAndGet(130)) - 3b35e8af-4420-4337-880c-bcb538b04dba: start 3b35e8af-4420-4337-880c-bcb538b04dba@group-24B6E1CCF0B2-LeaderElection35
2021-08-04 04:53:50,410 [3b35e8af-4420-4337-880c-bcb538b04dba@group-24B6E1CCF0B2-LeaderElection35] INFO  impl.LeaderElection (LeaderElection.java:askForVotes(306)) - 3b35e8af-4420-4337-880c-bcb538b04dba@group-24B6E1CCF0B2-LeaderElection35 ELECTION round 0: submit vote requests at term 5 for -1: [3b35e8af-4420-4337-880c-bcb538b04dba|rpc:10.1.0.14:40083|dataStream:|priority:0, 387044f6-9ada-47c7-9f57-c4453de21297|rpc:10.1.0.14:39215|dataStream:|priority:0, 8a31fd49-3da4-4fd9-acfc-b2bde89e3d95|rpc:10.1.0.14:37907|dataStream:|priority:1], old=null
2021-08-04 04:53:50,413 [grpc-default-executor-3] INFO  server.RaftServer$Division (RaftServerImpl.java:requestVote(1043)) - 387044f6-9ada-47c7-9f57-c4453de21297@group-24B6E1CCF0B2: receive requestVote(ELECTION, 3b35e8af-4420-4337-880c-bcb538b04dba, group-24B6E1CCF0B2, 5, (t:0, i:0))
2021-08-04 04:53:50,413 [grpc-default-executor-3] INFO  impl.VoteContext (VoteContext.java:log(48)) - 387044f6-9ada-47c7-9f57-c4453de21297@group-24B6E1CCF0B2-FOLLOWER: accept ELECTION from 3b35e8af-4420-4337-880c-bcb538b04dba: our priority 0 <= candidate's priority 0
2021-08-04 04:53:50,413 [grpc-default-executor-3] INFO  server.RaftServer$Division (RaftServerImpl.java:setRole(285)) - 387044f6-9ada-47c7-9f57-c4453de21297@group-24B6E1CCF0B2: changes role from  FOLLOWER to FOLLOWER at term 5 for candidate:3b35e8af-4420-4337-880c-bcb538b04dba
2021-08-04 04:53:50,413 [grpc-default-executor-3] INFO  impl.RoleInfo (RoleInfo.java:shutdownFollowerState(108)) - 387044f6-9ada-47c7-9f57-c4453de21297: shutdown 387044f6-9ada-47c7-9f57-c4453de21297@group-24B6E1CCF0B2-FollowerState
2021-08-04 04:53:50,413 [grpc-default-executor-3] INFO  impl.RoleInfo (RoleInfo.java:updateAndGet(130)) - 387044f6-9ada-47c7-9f57-c4453de21297: start 387044f6-9ada-47c7-9f57-c4453de21297@group-24B6E1CCF0B2-FollowerState
2021-08-04 04:53:50,413 [387044f6-9ada-47c7-9f57-c4453de21297@group-24B6E1CCF0B2-FollowerState] INFO  impl.FollowerState (FollowerState.java:run(143)) - 387044f6-9ada-47c7-9f57-c4453de21297@group-24B6E1CCF0B2-FollowerState was interrupted: {}
java.lang.InterruptedException: sleep interrupted
	at java.lang.Thread.sleep(Native Method)
	at java.lang.Thread.sleep(Thread.java:340)
	at java.util.concurrent.TimeUnit.sleep(TimeUnit.java:386)
	at org.apache.ratis.util.TimeDuration.sleep(TimeDuration.java:324)
	at org.apache.ratis.util.TimeDuration.sleep(TimeDuration.java:309)
	at org.apache.ratis.server.impl.FollowerState.run(FollowerState.java:118)
2021-08-04 04:53:50,419 [grpc-default-executor-3] INFO  server.RaftServer$Division (RaftServerImpl.java:requestVote(1075)) - 387044f6-9ada-47c7-9f57-c4453de21297@group-24B6E1CCF0B2 replies to ELECTION vote request: 3b35e8af-4420-4337-880c-bcb538b04dba<-387044f6-9ada-47c7-9f57-c4453de21297#0:OK-t5. Peer's state: 387044f6-9ada-47c7-9f57-c4453de21297@group-24B6E1CCF0B2:t5, leader=null, voted=3b35e8af-4420-4337-880c-bcb538b04dba, raftlog=387044f6-9ada-47c7-9f57-c4453de21297@group-24B6E1CCF0B2-SegmentedRaftLog:OPENED:c-1,f-1,i0, conf=-1: [3b35e8af-4420-4337-880c-bcb538b04dba|rpc:10.1.0.14:40083|priority:0, 387044f6-9ada-47c7-9f57-c4453de21297|rpc:10.1.0.14:39215|priority:0, 8a31fd49-3da4-4fd9-acfc-b2bde89e3d95|rpc:10.1.0.14:37907|priority:1], old=null
2021-08-04 04:53:50,419 [grpc-default-executor-4] INFO  server.RaftServer$Division (RaftServerImpl.java:requestVote(1043)) - 8a31fd49-3da4-4fd9-acfc-b2bde89e3d95@group-24B6E1CCF0B2: receive requestVote(ELECTION, 3b35e8af-4420-4337-880c-bcb538b04dba, group-24B6E1CCF0B2, 5, (t:0, i:0))
2021-08-04 04:53:50,419 [grpc-default-executor-4] INFO  impl.VoteContext (VoteContext.java:log(48)) - 8a31fd49-3da4-4fd9-acfc-b2bde89e3d95@group-24B6E1CCF0B2-FOLLOWER: reject ELECTION from 3b35e8af-4420-4337-880c-bcb538b04dba: our priority 1 > candidate's priority 0
2021-08-04 04:53:50,419 [grpc-default-executor-4] INFO  server.RaftServer$Division (RaftServerImpl.java:setRole(285)) - 8a31fd49-3da4-4fd9-acfc-b2bde89e3d95@group-24B6E1CCF0B2: changes role from  FOLLOWER to FOLLOWER at term 5 for candidate:3b35e8af-4420-4337-880c-bcb538b04dba
2021-08-04 04:53:50,419 [grpc-default-executor-4] INFO  impl.RoleInfo (RoleInfo.java:shutdownFollowerState(108)) - 8a31fd49-3da4-4fd9-acfc-b2bde89e3d95: shutdown 8a31fd49-3da4-4fd9-acfc-b2bde89e3d95@group-24B6E1CCF0B2-FollowerState
2021-08-04 04:53:50,419 [grpc-default-executor-4] INFO  impl.RoleInfo (RoleInfo.java:updateAndGet(130)) - 8a31fd49-3da4-4fd9-acfc-b2bde89e3d95: start 8a31fd49-3da4-4fd9-acfc-b2bde89e3d95@group-24B6E1CCF0B2-FollowerState
2021-08-04 04:53:50,419 [8a31fd49-3da4-4fd9-acfc-b2bde89e3d95@group-24B6E1CCF0B2-FollowerState] INFO  impl.FollowerState (FollowerState.java:run(143)) - 8a31fd49-3da4-4fd9-acfc-b2bde89e3d95@group-24B6E1CCF0B2-FollowerState was interrupted: {}
java.lang.InterruptedException: sleep interrupted
	at java.lang.Thread.sleep(Native Method)
	at java.lang.Thread.sleep(Thread.java:340)
	at java.util.concurrent.TimeUnit.sleep(TimeUnit.java:386)
	at org.apache.ratis.util.TimeDuration.sleep(TimeDuration.java:324)
	at org.apache.ratis.util.TimeDuration.sleep(TimeDuration.java:309)
	at org.apache.ratis.server.impl.FollowerState.run(FollowerState.java:118)
2021-08-04 04:53:50,423 [grpc-default-executor-4] INFO  server.RaftServer$Division (RaftServerImpl.java:requestVote(1075)) - 8a31fd49-3da4-4fd9-acfc-b2bde89e3d95@group-24B6E1CCF0B2 replies to ELECTION vote request: 3b35e8af-4420-4337-880c-bcb538b04dba<-8a31fd49-3da4-4fd9-acfc-b2bde89e3d95#0:FAIL-t5. Peer's state: 8a31fd49-3da4-4fd9-acfc-b2bde89e3d95@group-24B6E1CCF0B2:t5, leader=null, voted=null, raftlog=8a31fd49-3da4-4fd9-acfc-b2bde89e3d95@group-24B6E1CCF0B2-SegmentedRaftLog:OPENED:c-1,f-1,i0, conf=-1: [3b35e8af-4420-4337-880c-bcb538b04dba|rpc:10.1.0.14:40083|dataStream:|priority:0, 387044f6-9ada-47c7-9f57-c4453de21297|rpc:10.1.0.14:39215|dataStream:|priority:0, 8a31fd49-3da4-4fd9-acfc-b2bde89e3d95|rpc:10.1.0.14:37907|dataStream:|priority:1], old=null
2021-08-04 04:53:50,424 [3b35e8af-4420-4337-880c-bcb538b04dba@group-24B6E1CCF0B2-LeaderElection35] INFO  impl.LeaderElection (LeaderElection.java:logAndReturn(89)) - 3b35e8af-4420-4337-880c-bcb538b04dba@group-24B6E1CCF0B2-LeaderElection35: ELECTION REJECTED received 1 response(s) and 0 exception(s):
2021-08-04 04:53:50,424 [3b35e8af-4420-4337-880c-bcb538b04dba@group-24B6E1CCF0B2-LeaderElection35] INFO  impl.LeaderElection (LeaderElection.java:logAndReturn(93)) -   Response 0: 3b35e8af-4420-4337-880c-bcb538b04dba<-8a31fd49-3da4-4fd9-acfc-b2bde89e3d95#0:FAIL-t5
2021-08-04 04:53:50,424 [3b35e8af-4420-4337-880c-bcb538b04dba@group-24B6E1CCF0B2-LeaderElection35] INFO  impl.LeaderElection (LeaderElection.java:askForVotes(308)) - 3b35e8af-4420-4337-880c-bcb538b04dba@group-24B6E1CCF0B2-LeaderElection35 ELECTION round 0: result REJECTED
2021-08-04 04:53:50,424 [3b35e8af-4420-4337-880c-bcb538b04dba@group-24B6E1CCF0B2-LeaderElection35] INFO  server.RaftServer$Division (RaftServerImpl.java:setRole(285)) - 3b35e8af-4420-4337-880c-bcb538b04dba@group-24B6E1CCF0B2: changes role from CANDIDATE to FOLLOWER at term 5 for REJECTED
2021-08-04 04:53:50,424 [3b35e8af-4420-4337-880c-bcb538b04dba@group-24B6E1CCF0B2-LeaderElection35] INFO  impl.RoleInfo (RoleInfo.java:shutdownLeaderElection(121)) - 3b35e8af-4420-4337-880c-bcb538b04dba: shutdown 3b35e8af-4420-4337-880c-bcb538b04dba@group-24B6E1CCF0B2-LeaderElection35
2021-08-04 04:53:50,424 [3b35e8af-4420-4337-880c-bcb538b04dba@group-24B6E1CCF0B2-LeaderElection35] INFO  impl.RoleInfo (RoleInfo.java:updateAndGet(130)) - 3b35e8af-4420-4337-880c-bcb538b04dba: start 3b35e8af-4420-4337-880c-bcb538b04dba@group-24B6E1CCF0B2-FollowerState
2021-08-04 04:53:51,935 [Thread-787] INFO  upgrade.UpgradeFinalizer (SCMUpgradeFinalizer.java:postFinalizeUpgrade(114)) - Waiting for at least one open pipeline after SCM finalization.
2021-08-04 04:53:55,491 [387044f6-9ada-47c7-9f57-c4453de21297@group-24B6E1CCF0B2-FollowerState] INFO  impl.FollowerState (FollowerState.java:run(134)) - 387044f6-9ada-47c7-9f57-c4453de21297@group-24B6E1CCF0B2-FollowerState: change to CANDIDATE, lastRpcElapsedTime:5072488099ns, electionTimeout:5072ms
2021-08-04 04:53:55,492 [387044f6-9ada-47c7-9f57-c4453de21297@group-24B6E1CCF0B2-FollowerState] INFO  impl.RoleInfo (RoleInfo.java:shutdownFollowerState(108)) - 387044f6-9ada-47c7-9f57-c4453de21297: shutdown 387044f6-9ada-47c7-9f57-c4453de21297@group-24B6E1CCF0B2-FollowerState
2021-08-04 04:53:55,492 [387044f6-9ada-47c7-9f57-c4453de21297@group-24B6E1CCF0B2-FollowerState] INFO  server.RaftServer$Division (RaftServerImpl.java:setRole(285)) - 387044f6-9ada-47c7-9f57-c4453de21297@group-24B6E1CCF0B2: changes role from  FOLLOWER to CANDIDATE at term 5 for changeToCandidate
2021-08-04 04:53:55,492 [387044f6-9ada-47c7-9f57-c4453de21297@group-24B6E1CCF0B2-FollowerState] INFO  server.RaftServerConfigKeys (ConfUtils.java:logGet(44)) - raft.server.leaderelection.pre-vote = false (custom)
2021-08-04 04:53:55,492 [387044f6-9ada-47c7-9f57-c4453de21297@group-24B6E1CCF0B2-FollowerState] INFO  impl.RoleInfo (RoleInfo.java:updateAndGet(130)) - 387044f6-9ada-47c7-9f57-c4453de21297: start 387044f6-9ada-47c7-9f57-c4453de21297@group-24B6E1CCF0B2-LeaderElection36
2021-08-04 04:53:55,495 [387044f6-9ada-47c7-9f57-c4453de21297@group-24B6E1CCF0B2-LeaderElection36] INFO  impl.LeaderElection (LeaderElection.java:askForVotes(306)) - 387044f6-9ada-47c7-9f57-c4453de21297@group-24B6E1CCF0B2-LeaderElection36 ELECTION round 0: submit vote requests at term 6 for -1: [3b35e8af-4420-4337-880c-bcb538b04dba|rpc:10.1.0.14:40083|priority:0, 387044f6-9ada-47c7-9f57-c4453de21297|rpc:10.1.0.14:39215|priority:0, 8a31fd49-3da4-4fd9-acfc-b2bde89e3d95|rpc:10.1.0.14:37907|priority:1], old=null
2021-08-04 04:53:55,497 [grpc-default-executor-3] INFO  server.RaftServer$Division (RaftServerImpl.java:requestVote(1043)) - 3b35e8af-4420-4337-880c-bcb538b04dba@group-24B6E1CCF0B2: receive requestVote(ELECTION, 387044f6-9ada-47c7-9f57-c4453de21297, group-24B6E1CCF0B2, 6, (t:0, i:0))
2021-08-04 04:53:55,497 [grpc-default-executor-3] INFO  impl.VoteContext (VoteContext.java:log(48)) - 3b35e8af-4420-4337-880c-bcb538b04dba@group-24B6E1CCF0B2-FOLLOWER: accept ELECTION from 387044f6-9ada-47c7-9f57-c4453de21297: our priority 0 <= candidate's priority 0
2021-08-04 04:53:55,498 [grpc-default-executor-3] INFO  server.RaftServer$Division (RaftServerImpl.java:setRole(285)) - 3b35e8af-4420-4337-880c-bcb538b04dba@group-24B6E1CCF0B2: changes role from  FOLLOWER to FOLLOWER at term 6 for candidate:387044f6-9ada-47c7-9f57-c4453de21297
2021-08-04 04:53:55,498 [grpc-default-executor-3] INFO  impl.RoleInfo (RoleInfo.java:shutdownFollowerState(108)) - 3b35e8af-4420-4337-880c-bcb538b04dba: shutdown 3b35e8af-4420-4337-880c-bcb538b04dba@group-24B6E1CCF0B2-FollowerState
2021-08-04 04:53:55,498 [grpc-default-executor-3] INFO  impl.RoleInfo (RoleInfo.java:updateAndGet(130)) - 3b35e8af-4420-4337-880c-bcb538b04dba: start 3b35e8af-4420-4337-880c-bcb538b04dba@group-24B6E1CCF0B2-FollowerState
2021-08-04 04:53:55,498 [3b35e8af-4420-4337-880c-bcb538b04dba@group-24B6E1CCF0B2-FollowerState] INFO  impl.FollowerState (FollowerState.java:run(143)) - 3b35e8af-4420-4337-880c-bcb538b04dba@group-24B6E1CCF0B2-FollowerState was interrupted: {}
java.lang.InterruptedException: sleep interrupted
	at java.lang.Thread.sleep(Native Method)
	at java.lang.Thread.sleep(Thread.java:340)
	at java.util.concurrent.TimeUnit.sleep(TimeUnit.java:386)
	at org.apache.ratis.util.TimeDuration.sleep(TimeDuration.java:324)
	at org.apache.ratis.util.TimeDuration.sleep(TimeDuration.java:309)
	at org.apache.ratis.server.impl.FollowerState.run(FollowerState.java:118)
2021-08-04 04:53:55,499 [grpc-default-executor-4] INFO  server.RaftServer$Division (RaftServerImpl.java:requestVote(1043)) - 8a31fd49-3da4-4fd9-acfc-b2bde89e3d95@group-24B6E1CCF0B2: receive requestVote(ELECTION, 387044f6-9ada-47c7-9f57-c4453de21297, group-24B6E1CCF0B2, 6, (t:0, i:0))
2021-08-04 04:53:55,499 [grpc-default-executor-3] INFO  server.RaftServer$Division (RaftServerImpl.java:requestVote(1075)) - 3b35e8af-4420-4337-880c-bcb538b04dba@group-24B6E1CCF0B2 replies to ELECTION vote request: 387044f6-9ada-47c7-9f57-c4453de21297<-3b35e8af-4420-4337-880c-bcb538b04dba#0:OK-t6. Peer's state: 3b35e8af-4420-4337-880c-bcb538b04dba@group-24B6E1CCF0B2:t6, leader=null, voted=387044f6-9ada-47c7-9f57-c4453de21297, raftlog=3b35e8af-4420-4337-880c-bcb538b04dba@group-24B6E1CCF0B2-SegmentedRaftLog:OPENED:c-1,f-1,i0, conf=-1: [3b35e8af-4420-4337-880c-bcb538b04dba|rpc:10.1.0.14:40083|dataStream:|priority:0, 387044f6-9ada-47c7-9f57-c4453de21297|rpc:10.1.0.14:39215|dataStream:|priority:0, 8a31fd49-3da4-4fd9-acfc-b2bde89e3d95|rpc:10.1.0.14:37907|dataStream:|priority:1], old=null
2021-08-04 04:53:55,499 [grpc-default-executor-4] INFO  impl.VoteContext (VoteContext.java:log(48)) - 8a31fd49-3da4-4fd9-acfc-b2bde89e3d95@group-24B6E1CCF0B2-FOLLOWER: reject ELECTION from 387044f6-9ada-47c7-9f57-c4453de21297: our priority 1 > candidate's priority 0
2021-08-04 04:53:55,500 [grpc-default-executor-4] INFO  server.RaftServer$Division (RaftServerImpl.java:setRole(285)) - 8a31fd49-3da4-4fd9-acfc-b2bde89e3d95@group-24B6E1CCF0B2: changes role from  FOLLOWER to FOLLOWER at term 6 for candidate:387044f6-9ada-47c7-9f57-c4453de21297
2021-08-04 04:53:55,500 [grpc-default-executor-4] INFO  impl.RoleInfo (RoleInfo.java:shutdownFollowerState(108)) - 8a31fd49-3da4-4fd9-acfc-b2bde89e3d95: shutdown 8a31fd49-3da4-4fd9-acfc-b2bde89e3d95@group-24B6E1CCF0B2-FollowerState
2021-08-04 04:53:55,500 [grpc-default-executor-4] INFO  impl.RoleInfo (RoleInfo.java:updateAndGet(130)) - 8a31fd49-3da4-4fd9-acfc-b2bde89e3d95: start 8a31fd49-3da4-4fd9-acfc-b2bde89e3d95@group-24B6E1CCF0B2-FollowerState
2021-08-04 04:53:55,500 [8a31fd49-3da4-4fd9-acfc-b2bde89e3d95@group-24B6E1CCF0B2-FollowerState] INFO  impl.FollowerState (FollowerState.java:run(143)) - 8a31fd49-3da4-4fd9-acfc-b2bde89e3d95@group-24B6E1CCF0B2-FollowerState was interrupted: {}
java.lang.InterruptedException: sleep interrupted
	at java.lang.Thread.sleep(Native Method)
	at java.lang.Thread.sleep(Thread.java:340)
	at java.util.concurrent.TimeUnit.sleep(TimeUnit.java:386)
	at org.apache.ratis.util.TimeDuration.sleep(TimeDuration.java:324)
	at org.apache.ratis.util.TimeDuration.sleep(TimeDuration.java:309)
	at org.apache.ratis.server.impl.FollowerState.run(FollowerState.java:118)
2021-08-04 04:53:55,504 [grpc-default-executor-4] INFO  server.RaftServer$Division (RaftServerImpl.java:requestVote(1075)) - 8a31fd49-3da4-4fd9-acfc-b2bde89e3d95@group-24B6E1CCF0B2 replies to ELECTION vote request: 387044f6-9ada-47c7-9f57-c4453de21297<-8a31fd49-3da4-4fd9-acfc-b2bde89e3d95#0:FAIL-t6. Peer's state: 8a31fd49-3da4-4fd9-acfc-b2bde89e3d95@group-24B6E1CCF0B2:t6, leader=null, voted=null, raftlog=8a31fd49-3da4-4fd9-acfc-b2bde89e3d95@group-24B6E1CCF0B2-SegmentedRaftLog:OPENED:c-1,f-1,i0, conf=-1: [3b35e8af-4420-4337-880c-bcb538b04dba|rpc:10.1.0.14:40083|dataStream:|priority:0, 387044f6-9ada-47c7-9f57-c4453de21297|rpc:10.1.0.14:39215|dataStream:|priority:0, 8a31fd49-3da4-4fd9-acfc-b2bde89e3d95|rpc:10.1.0.14:37907|dataStream:|priority:1], old=null
2021-08-04 04:53:55,504 [387044f6-9ada-47c7-9f57-c4453de21297@group-24B6E1CCF0B2-LeaderElection36] INFO  impl.LeaderElection (LeaderElection.java:logAndReturn(89)) - 387044f6-9ada-47c7-9f57-c4453de21297@group-24B6E1CCF0B2-LeaderElection36: ELECTION REJECTED received 2 response(s) and 0 exception(s):
2021-08-04 04:53:55,504 [387044f6-9ada-47c7-9f57-c4453de21297@group-24B6E1CCF0B2-LeaderElection36] INFO  impl.LeaderElection (LeaderElection.java:logAndReturn(93)) -   Response 0: 387044f6-9ada-47c7-9f57-c4453de21297<-3b35e8af-4420-4337-880c-bcb538b04dba#0:OK-t6
2021-08-04 04:53:55,504 [387044f6-9ada-47c7-9f57-c4453de21297@group-24B6E1CCF0B2-LeaderElection36] INFO  impl.LeaderElection (LeaderElection.java:logAndReturn(93)) -   Response 1: 387044f6-9ada-47c7-9f57-c4453de21297<-8a31fd49-3da4-4fd9-acfc-b2bde89e3d95#0:FAIL-t6
2021-08-04 04:53:55,504 [387044f6-9ada-47c7-9f57-c4453de21297@group-24B6E1CCF0B2-LeaderElection36] INFO  impl.LeaderElection (LeaderElection.java:askForVotes(308)) - 387044f6-9ada-47c7-9f57-c4453de21297@group-24B6E1CCF0B2-LeaderElection36 ELECTION round 0: result REJECTED
2021-08-04 04:53:55,504 [387044f6-9ada-47c7-9f57-c4453de21297@group-24B6E1CCF0B2-LeaderElection36] INFO  server.RaftServer$Division (RaftServerImpl.java:setRole(285)) - 387044f6-9ada-47c7-9f57-c4453de21297@group-24B6E1CCF0B2: changes role from CANDIDATE to FOLLOWER at term 6 for REJECTED
2021-08-04 04:53:55,504 [387044f6-9ada-47c7-9f57-c4453de21297@group-24B6E1CCF0B2-LeaderElection36] INFO  impl.RoleInfo (RoleInfo.java:shutdownLeaderElection(121)) - 387044f6-9ada-47c7-9f57-c4453de21297: shutdown 387044f6-9ada-47c7-9f57-c4453de21297@group-24B6E1CCF0B2-LeaderElection36
2021-08-04 04:53:55,504 [387044f6-9ada-47c7-9f57-c4453de21297@group-24B6E1CCF0B2-LeaderElection36] INFO  impl.RoleInfo (RoleInfo.java:updateAndGet(130)) - 387044f6-9ada-47c7-9f57-c4453de21297: start 387044f6-9ada-47c7-9f57-c4453de21297@group-24B6E1CCF0B2-FollowerState
2021-08-04 04:53:56,935 [Thread-787] INFO  upgrade.UpgradeFinalizer (SCMUpgradeFinalizer.java:postFinalizeUpgrade(114)) - Waiting for at least one open pipeline after SCM finalization.
2021-08-04 04:54:00,601 [387044f6-9ada-47c7-9f57-c4453de21297@group-24B6E1CCF0B2-FollowerState] INFO  impl.FollowerState (FollowerState.java:run(134)) - 387044f6-9ada-47c7-9f57-c4453de21297@group-24B6E1CCF0B2-FollowerState: change to CANDIDATE, lastRpcElapsedTime:5096947134ns, electionTimeout:5092ms
2021-08-04 04:54:00,602 [387044f6-9ada-47c7-9f57-c4453de21297@group-24B6E1CCF0B2-FollowerState] INFO  impl.RoleInfo (RoleInfo.java:shutdownFollowerState(108)) - 387044f6-9ada-47c7-9f57-c4453de21297: shutdown 387044f6-9ada-47c7-9f57-c4453de21297@group-24B6E1CCF0B2-FollowerState
2021-08-04 04:54:00,602 [387044f6-9ada-47c7-9f57-c4453de21297@group-24B6E1CCF0B2-FollowerState] INFO  server.RaftServer$Division (RaftServerImpl.java:setRole(285)) - 387044f6-9ada-47c7-9f57-c4453de21297@group-24B6E1CCF0B2: changes role from  FOLLOWER to CANDIDATE at term 6 for changeToCandidate
2021-08-04 04:54:00,602 [387044f6-9ada-47c7-9f57-c4453de21297@group-24B6E1CCF0B2-FollowerState] INFO  server.RaftServerConfigKeys (ConfUtils.java:logGet(44)) - raft.server.leaderelection.pre-vote = false (custom)
2021-08-04 04:54:00,602 [387044f6-9ada-47c7-9f57-c4453de21297@group-24B6E1CCF0B2-FollowerState] INFO  impl.RoleInfo (RoleInfo.java:updateAndGet(130)) - 387044f6-9ada-47c7-9f57-c4453de21297: start 387044f6-9ada-47c7-9f57-c4453de21297@group-24B6E1CCF0B2-LeaderElection37
2021-08-04 04:54:00,604 [387044f6-9ada-47c7-9f57-c4453de21297@group-24B6E1CCF0B2-LeaderElection37] INFO  impl.LeaderElection (LeaderElection.java:askForVotes(306)) - 387044f6-9ada-47c7-9f57-c4453de21297@group-24B6E1CCF0B2-LeaderElection37 ELECTION round 0: submit vote requests at term 7 for -1: [3b35e8af-4420-4337-880c-bcb538b04dba|rpc:10.1.0.14:40083|priority:0, 387044f6-9ada-47c7-9f57-c4453de21297|rpc:10.1.0.14:39215|priority:0, 8a31fd49-3da4-4fd9-acfc-b2bde89e3d95|rpc:10.1.0.14:37907|priority:1], old=null
2021-08-04 04:54:00,608 [grpc-default-executor-4] INFO  server.RaftServer$Division (RaftServerImpl.java:requestVote(1043)) - 8a31fd49-3da4-4fd9-acfc-b2bde89e3d95@group-24B6E1CCF0B2: receive requestVote(ELECTION, 387044f6-9ada-47c7-9f57-c4453de21297, group-24B6E1CCF0B2, 7, (t:0, i:0))
2021-08-04 04:54:00,608 [grpc-default-executor-4] INFO  impl.VoteContext (VoteContext.java:log(48)) - 8a31fd49-3da4-4fd9-acfc-b2bde89e3d95@group-24B6E1CCF0B2-FOLLOWER: reject ELECTION from 387044f6-9ada-47c7-9f57-c4453de21297: our priority 1 > candidate's priority 0
2021-08-04 04:54:00,608 [grpc-default-executor-4] INFO  server.RaftServer$Division (RaftServerImpl.java:setRole(285)) - 8a31fd49-3da4-4fd9-acfc-b2bde89e3d95@group-24B6E1CCF0B2: changes role from  FOLLOWER to FOLLOWER at term 7 for candidate:387044f6-9ada-47c7-9f57-c4453de21297
2021-08-04 04:54:00,609 [grpc-default-executor-4] INFO  impl.RoleInfo (RoleInfo.java:shutdownFollowerState(108)) - 8a31fd49-3da4-4fd9-acfc-b2bde89e3d95: shutdown 8a31fd49-3da4-4fd9-acfc-b2bde89e3d95@group-24B6E1CCF0B2-FollowerState
2021-08-04 04:54:00,609 [grpc-default-executor-4] INFO  impl.RoleInfo (RoleInfo.java:updateAndGet(130)) - 8a31fd49-3da4-4fd9-acfc-b2bde89e3d95: start 8a31fd49-3da4-4fd9-acfc-b2bde89e3d95@group-24B6E1CCF0B2-FollowerState
2021-08-04 04:54:00,609 [8a31fd49-3da4-4fd9-acfc-b2bde89e3d95@group-24B6E1CCF0B2-FollowerState] INFO  impl.FollowerState (FollowerState.java:run(143)) - 8a31fd49-3da4-4fd9-acfc-b2bde89e3d95@group-24B6E1CCF0B2-FollowerState was interrupted: {}
java.lang.InterruptedException: sleep interrupted
	at java.lang.Thread.sleep(Native Method)
	at java.lang.Thread.sleep(Thread.java:340)
	at java.util.concurrent.TimeUnit.sleep(TimeUnit.java:386)
	at org.apache.ratis.util.TimeDuration.sleep(TimeDuration.java:324)
	at org.apache.ratis.util.TimeDuration.sleep(TimeDuration.java:309)
	at org.apache.ratis.server.impl.FollowerState.run(FollowerState.java:118)
2021-08-04 04:54:00,615 [grpc-default-executor-3] INFO  server.RaftServer$Division (RaftServerImpl.java:requestVote(1043)) - 3b35e8af-4420-4337-880c-bcb538b04dba@group-24B6E1CCF0B2: receive requestVote(ELECTION, 387044f6-9ada-47c7-9f57-c4453de21297, group-24B6E1CCF0B2, 7, (t:0, i:0))
2021-08-04 04:54:00,615 [grpc-default-executor-4] INFO  server.RaftServer$Division (RaftServerImpl.java:requestVote(1075)) - 8a31fd49-3da4-4fd9-acfc-b2bde89e3d95@group-24B6E1CCF0B2 replies to ELECTION vote request: 387044f6-9ada-47c7-9f57-c4453de21297<-8a31fd49-3da4-4fd9-acfc-b2bde89e3d95#0:FAIL-t7. Peer's state: 8a31fd49-3da4-4fd9-acfc-b2bde89e3d95@group-24B6E1CCF0B2:t7, leader=null, voted=null, raftlog=8a31fd49-3da4-4fd9-acfc-b2bde89e3d95@group-24B6E1CCF0B2-SegmentedRaftLog:OPENED:c-1,f-1,i0, conf=-1: [3b35e8af-4420-4337-880c-bcb538b04dba|rpc:10.1.0.14:40083|dataStream:|priority:0, 387044f6-9ada-47c7-9f57-c4453de21297|rpc:10.1.0.14:39215|dataStream:|priority:0, 8a31fd49-3da4-4fd9-acfc-b2bde89e3d95|rpc:10.1.0.14:37907|dataStream:|priority:1], old=null
2021-08-04 04:54:00,616 [387044f6-9ada-47c7-9f57-c4453de21297@group-24B6E1CCF0B2-LeaderElection37] INFO  impl.LeaderElection (LeaderElection.java:logAndReturn(89)) - 387044f6-9ada-47c7-9f57-c4453de21297@group-24B6E1CCF0B2-LeaderElection37: ELECTION REJECTED received 1 response(s) and 0 exception(s):
2021-08-04 04:54:00,616 [387044f6-9ada-47c7-9f57-c4453de21297@group-24B6E1CCF0B2-LeaderElection37] INFO  impl.LeaderElection (LeaderElection.java:logAndReturn(93)) -   Response 0: 387044f6-9ada-47c7-9f57-c4453de21297<-8a31fd49-3da4-4fd9-acfc-b2bde89e3d95#0:FAIL-t7
2021-08-04 04:54:00,616 [387044f6-9ada-47c7-9f57-c4453de21297@group-24B6E1CCF0B2-LeaderElection37] INFO  impl.LeaderElection (LeaderElection.java:askForVotes(308)) - 387044f6-9ada-47c7-9f57-c4453de21297@group-24B6E1CCF0B2-LeaderElection37 ELECTION round 0: result REJECTED
2021-08-04 04:54:00,616 [387044f6-9ada-47c7-9f57-c4453de21297@group-24B6E1CCF0B2-LeaderElection37] INFO  server.RaftServer$Division (RaftServerImpl.java:setRole(285)) - 387044f6-9ada-47c7-9f57-c4453de21297@group-24B6E1CCF0B2: changes role from CANDIDATE to FOLLOWER at term 7 for REJECTED
2021-08-04 04:54:00,617 [387044f6-9ada-47c7-9f57-c4453de21297@group-24B6E1CCF0B2-LeaderElection37] INFO  impl.RoleInfo (RoleInfo.java:shutdownLeaderElection(121)) - 387044f6-9ada-47c7-9f57-c4453de21297: shutdown 387044f6-9ada-47c7-9f57-c4453de21297@group-24B6E1CCF0B2-LeaderElection37
2021-08-04 04:54:00,617 [387044f6-9ada-47c7-9f57-c4453de21297@group-24B6E1CCF0B2-LeaderElection37] INFO  impl.RoleInfo (RoleInfo.java:updateAndGet(130)) - 387044f6-9ada-47c7-9f57-c4453de21297: start 387044f6-9ada-47c7-9f57-c4453de21297@group-24B6E1CCF0B2-FollowerState
2021-08-04 04:54:00,615 [grpc-default-executor-3] INFO  impl.VoteContext (VoteContext.java:log(48)) - 3b35e8af-4420-4337-880c-bcb538b04dba@group-24B6E1CCF0B2-FOLLOWER: accept ELECTION from 387044f6-9ada-47c7-9f57-c4453de21297: our priority 0 <= candidate's priority 0
2021-08-04 04:54:00,617 [grpc-default-executor-3] INFO  server.RaftServer$Division (RaftServerImpl.java:setRole(285)) - 3b35e8af-4420-4337-880c-bcb538b04dba@group-24B6E1CCF0B2: changes role from  FOLLOWER to FOLLOWER at term 7 for candidate:387044f6-9ada-47c7-9f57-c4453de21297
2021-08-04 04:54:00,617 [grpc-default-executor-3] INFO  impl.RoleInfo (RoleInfo.java:shutdownFollowerState(108)) - 3b35e8af-4420-4337-880c-bcb538b04dba: shutdown 3b35e8af-4420-4337-880c-bcb538b04dba@group-24B6E1CCF0B2-FollowerState
2021-08-04 04:54:00,617 [grpc-default-executor-3] INFO  impl.RoleInfo (RoleInfo.java:updateAndGet(130)) - 3b35e8af-4420-4337-880c-bcb538b04dba: start 3b35e8af-4420-4337-880c-bcb538b04dba@group-24B6E1CCF0B2-FollowerState
2021-08-04 04:54:00,618 [3b35e8af-4420-4337-880c-bcb538b04dba@group-24B6E1CCF0B2-FollowerState] INFO  impl.FollowerState (FollowerState.java:run(143)) - 3b35e8af-4420-4337-880c-bcb538b04dba@group-24B6E1CCF0B2-FollowerState was interrupted: {}
java.lang.InterruptedException: sleep interrupted
	at java.lang.Thread.sleep(Native Method)
	at java.lang.Thread.sleep(Thread.java:340)
	at java.util.concurrent.TimeUnit.sleep(TimeUnit.java:386)
	at org.apache.ratis.util.TimeDuration.sleep(TimeDuration.java:324)
	at org.apache.ratis.util.TimeDuration.sleep(TimeDuration.java:309)
	at org.apache.ratis.server.impl.FollowerState.run(FollowerState.java:118)
2021-08-04 04:54:00,619 [grpc-default-executor-3] INFO  server.RaftServer$Division (RaftServerImpl.java:requestVote(1075)) - 3b35e8af-4420-4337-880c-bcb538b04dba@group-24B6E1CCF0B2 replies to ELECTION vote request: 387044f6-9ada-47c7-9f57-c4453de21297<-3b35e8af-4420-4337-880c-bcb538b04dba#0:OK-t7. Peer's state: 3b35e8af-4420-4337-880c-bcb538b04dba@group-24B6E1CCF0B2:t7, leader=null, voted=387044f6-9ada-47c7-9f57-c4453de21297, raftlog=3b35e8af-4420-4337-880c-bcb538b04dba@group-24B6E1CCF0B2-SegmentedRaftLog:OPENED:c-1,f-1,i0, conf=-1: [3b35e8af-4420-4337-880c-bcb538b04dba|rpc:10.1.0.14:40083|dataStream:|priority:0, 387044f6-9ada-47c7-9f57-c4453de21297|rpc:10.1.0.14:39215|dataStream:|priority:0, 8a31fd49-3da4-4fd9-acfc-b2bde89e3d95|rpc:10.1.0.14:37907|dataStream:|priority:1], old=null
2021-08-04 04:54:01,936 [Thread-787] INFO  upgrade.UpgradeFinalizer (SCMUpgradeFinalizer.java:postFinalizeUpgrade(114)) - Waiting for at least one open pipeline after SCM finalization.
2021-08-04 04:54:05,796 [387044f6-9ada-47c7-9f57-c4453de21297@group-24B6E1CCF0B2-FollowerState] INFO  impl.FollowerState (FollowerState.java:run(134)) - 387044f6-9ada-47c7-9f57-c4453de21297@group-24B6E1CCF0B2-FollowerState: change to CANDIDATE, lastRpcElapsedTime:5179175803ns, electionTimeout:5178ms
2021-08-04 04:54:05,796 [387044f6-9ada-47c7-9f57-c4453de21297@group-24B6E1CCF0B2-FollowerState] INFO  impl.RoleInfo (RoleInfo.java:shutdownFollowerState(108)) - 387044f6-9ada-47c7-9f57-c4453de21297: shutdown 387044f6-9ada-47c7-9f57-c4453de21297@group-24B6E1CCF0B2-FollowerState
2021-08-04 04:54:05,796 [387044f6-9ada-47c7-9f57-c4453de21297@group-24B6E1CCF0B2-FollowerState] INFO  server.RaftServer$Division (RaftServerImpl.java:setRole(285)) - 387044f6-9ada-47c7-9f57-c4453de21297@group-24B6E1CCF0B2: changes role from  FOLLOWER to CANDIDATE at term 7 for changeToCandidate
2021-08-04 04:54:05,796 [387044f6-9ada-47c7-9f57-c4453de21297@group-24B6E1CCF0B2-FollowerState] INFO  server.RaftServerConfigKeys (ConfUtils.java:logGet(44)) - raft.server.leaderelection.pre-vote = false (custom)
2021-08-04 04:54:05,796 [387044f6-9ada-47c7-9f57-c4453de21297@group-24B6E1CCF0B2-FollowerState] INFO  impl.RoleInfo (RoleInfo.java:updateAndGet(130)) - 387044f6-9ada-47c7-9f57-c4453de21297: start 387044f6-9ada-47c7-9f57-c4453de21297@group-24B6E1CCF0B2-LeaderElection38
2021-08-04 04:54:05,799 [387044f6-9ada-47c7-9f57-c4453de21297@group-24B6E1CCF0B2-LeaderElection38] INFO  impl.LeaderElection (LeaderElection.java:askForVotes(306)) - 387044f6-9ada-47c7-9f57-c4453de21297@group-24B6E1CCF0B2-LeaderElection38 ELECTION round 0: submit vote requests at term 8 for -1: [3b35e8af-4420-4337-880c-bcb538b04dba|rpc:10.1.0.14:40083|priority:0, 387044f6-9ada-47c7-9f57-c4453de21297|rpc:10.1.0.14:39215|priority:0, 8a31fd49-3da4-4fd9-acfc-b2bde89e3d95|rpc:10.1.0.14:37907|priority:1], old=null
2021-08-04 04:54:05,802 [grpc-default-executor-3] INFO  server.RaftServer$Division (RaftServerImpl.java:requestVote(1043)) - 3b35e8af-4420-4337-880c-bcb538b04dba@group-24B6E1CCF0B2: receive requestVote(ELECTION, 387044f6-9ada-47c7-9f57-c4453de21297, group-24B6E1CCF0B2, 8, (t:0, i:0))
2021-08-04 04:54:05,802 [grpc-default-executor-3] INFO  impl.VoteContext (VoteContext.java:log(48)) - 3b35e8af-4420-4337-880c-bcb538b04dba@group-24B6E1CCF0B2-FOLLOWER: accept ELECTION from 387044f6-9ada-47c7-9f57-c4453de21297: our priority 0 <= candidate's priority 0
2021-08-04 04:54:05,802 [grpc-default-executor-3] INFO  server.RaftServer$Division (RaftServerImpl.java:setRole(285)) - 3b35e8af-4420-4337-880c-bcb538b04dba@group-24B6E1CCF0B2: changes role from  FOLLOWER to FOLLOWER at term 8 for candidate:387044f6-9ada-47c7-9f57-c4453de21297
2021-08-04 04:54:05,802 [grpc-default-executor-3] INFO  impl.RoleInfo (RoleInfo.java:shutdownFollowerState(108)) - 3b35e8af-4420-4337-880c-bcb538b04dba: shutdown 3b35e8af-4420-4337-880c-bcb538b04dba@group-24B6E1CCF0B2-FollowerState
2021-08-04 04:54:05,802 [grpc-default-executor-3] INFO  impl.RoleInfo (RoleInfo.java:updateAndGet(130)) - 3b35e8af-4420-4337-880c-bcb538b04dba: start 3b35e8af-4420-4337-880c-bcb538b04dba@group-24B6E1CCF0B2-FollowerState
2021-08-04 04:54:05,802 [3b35e8af-4420-4337-880c-bcb538b04dba@group-24B6E1CCF0B2-FollowerState] INFO  impl.FollowerState (FollowerState.java:run(143)) - 3b35e8af-4420-4337-880c-bcb538b04dba@group-24B6E1CCF0B2-FollowerState was interrupted: {}
java.lang.InterruptedException: sleep interrupted
	at java.lang.Thread.sleep(Native Method)
	at java.lang.Thread.sleep(Thread.java:340)
	at java.util.concurrent.TimeUnit.sleep(TimeUnit.java:386)
	at org.apache.ratis.util.TimeDuration.sleep(TimeDuration.java:324)
	at org.apache.ratis.util.TimeDuration.sleep(TimeDuration.java:309)
	at org.apache.ratis.server.impl.FollowerState.run(FollowerState.java:118)
2021-08-04 04:54:05,811 [8a31fd49-3da4-4fd9-acfc-b2bde89e3d95@group-24B6E1CCF0B2-FollowerState] INFO  impl.FollowerState (FollowerState.java:run(134)) - 8a31fd49-3da4-4fd9-acfc-b2bde89e3d95@group-24B6E1CCF0B2-FollowerState: change to CANDIDATE, lastRpcElapsedTime:5202702400ns, electionTimeout:5187ms
2021-08-04 04:54:05,811 [8a31fd49-3da4-4fd9-acfc-b2bde89e3d95@group-24B6E1CCF0B2-FollowerState] INFO  impl.RoleInfo (RoleInfo.java:shutdownFollowerState(108)) - 8a31fd49-3da4-4fd9-acfc-b2bde89e3d95: shutdown 8a31fd49-3da4-4fd9-acfc-b2bde89e3d95@group-24B6E1CCF0B2-FollowerState
2021-08-04 04:54:05,811 [8a31fd49-3da4-4fd9-acfc-b2bde89e3d95@group-24B6E1CCF0B2-FollowerState] INFO  server.RaftServer$Division (RaftServerImpl.java:setRole(285)) - 8a31fd49-3da4-4fd9-acfc-b2bde89e3d95@group-24B6E1CCF0B2: changes role from  FOLLOWER to CANDIDATE at term 7 for changeToCandidate
2021-08-04 04:54:05,812 [8a31fd49-3da4-4fd9-acfc-b2bde89e3d95@group-24B6E1CCF0B2-FollowerState] INFO  server.RaftServerConfigKeys (ConfUtils.java:logGet(44)) - raft.server.leaderelection.pre-vote = false (custom)
2021-08-04 04:54:05,812 [8a31fd49-3da4-4fd9-acfc-b2bde89e3d95@group-24B6E1CCF0B2-FollowerState] INFO  impl.RoleInfo (RoleInfo.java:updateAndGet(130)) - 8a31fd49-3da4-4fd9-acfc-b2bde89e3d95: start 8a31fd49-3da4-4fd9-acfc-b2bde89e3d95@group-24B6E1CCF0B2-LeaderElection39
2021-08-04 04:54:05,813 [grpc-default-executor-3] INFO  server.RaftServer$Division (RaftServerImpl.java:requestVote(1075)) - 3b35e8af-4420-4337-880c-bcb538b04dba@group-24B6E1CCF0B2 replies to ELECTION vote request: 387044f6-9ada-47c7-9f57-c4453de21297<-3b35e8af-4420-4337-880c-bcb538b04dba#0:OK-t8. Peer's state: 3b35e8af-4420-4337-880c-bcb538b04dba@group-24B6E1CCF0B2:t8, leader=null, voted=387044f6-9ada-47c7-9f57-c4453de21297, raftlog=3b35e8af-4420-4337-880c-bcb538b04dba@group-24B6E1CCF0B2-SegmentedRaftLog:OPENED:c-1,f-1,i0, conf=-1: [3b35e8af-4420-4337-880c-bcb538b04dba|rpc:10.1.0.14:40083|dataStream:|priority:0, 387044f6-9ada-47c7-9f57-c4453de21297|rpc:10.1.0.14:39215|dataStream:|priority:0, 8a31fd49-3da4-4fd9-acfc-b2bde89e3d95|rpc:10.1.0.14:37907|dataStream:|priority:1], old=null
2021-08-04 04:54:05,813 [grpc-default-executor-3] INFO  server.RaftServer$Division (RaftServerImpl.java:requestVote(1043)) - 8a31fd49-3da4-4fd9-acfc-b2bde89e3d95@group-24B6E1CCF0B2: receive requestVote(ELECTION, 387044f6-9ada-47c7-9f57-c4453de21297, group-24B6E1CCF0B2, 8, (t:0, i:0))
2021-08-04 04:54:05,813 [grpc-default-executor-3] INFO  impl.VoteContext (VoteContext.java:log(48)) - 8a31fd49-3da4-4fd9-acfc-b2bde89e3d95@group-24B6E1CCF0B2-CANDIDATE: reject ELECTION from 387044f6-9ada-47c7-9f57-c4453de21297: our priority 1 > candidate's priority 0
2021-08-04 04:54:05,813 [grpc-default-executor-3] INFO  server.RaftServer$Division (RaftServerImpl.java:setRole(285)) - 8a31fd49-3da4-4fd9-acfc-b2bde89e3d95@group-24B6E1CCF0B2: changes role from CANDIDATE to FOLLOWER at term 8 for candidate:387044f6-9ada-47c7-9f57-c4453de21297
2021-08-04 04:54:05,813 [grpc-default-executor-3] INFO  impl.RoleInfo (RoleInfo.java:shutdownLeaderElection(121)) - 8a31fd49-3da4-4fd9-acfc-b2bde89e3d95: shutdown 8a31fd49-3da4-4fd9-acfc-b2bde89e3d95@group-24B6E1CCF0B2-LeaderElection39
2021-08-04 04:54:05,813 [grpc-default-executor-3] INFO  impl.RoleInfo (RoleInfo.java:updateAndGet(130)) - 8a31fd49-3da4-4fd9-acfc-b2bde89e3d95: start 8a31fd49-3da4-4fd9-acfc-b2bde89e3d95@group-24B6E1CCF0B2-FollowerState
2021-08-04 04:54:05,813 [8a31fd49-3da4-4fd9-acfc-b2bde89e3d95@group-24B6E1CCF0B2-LeaderElection39] INFO  impl.LeaderElection (LeaderElection.java:run(230)) - 8a31fd49-3da4-4fd9-acfc-b2bde89e3d95@group-24B6E1CCF0B2-LeaderElection39: skip running since this is already CLOSING
2021-08-04 04:54:05,816 [grpc-default-executor-3] INFO  server.RaftServer$Division (RaftServerImpl.java:requestVote(1075)) - 8a31fd49-3da4-4fd9-acfc-b2bde89e3d95@group-24B6E1CCF0B2 replies to ELECTION vote request: 387044f6-9ada-47c7-9f57-c4453de21297<-8a31fd49-3da4-4fd9-acfc-b2bde89e3d95#0:FAIL-t8. Peer's state: 8a31fd49-3da4-4fd9-acfc-b2bde89e3d95@group-24B6E1CCF0B2:t8, leader=null, voted=null, raftlog=8a31fd49-3da4-4fd9-acfc-b2bde89e3d95@group-24B6E1CCF0B2-SegmentedRaftLog:OPENED:c-1,f-1,i0, conf=-1: [3b35e8af-4420-4337-880c-bcb538b04dba|rpc:10.1.0.14:40083|dataStream:|priority:0, 387044f6-9ada-47c7-9f57-c4453de21297|rpc:10.1.0.14:39215|dataStream:|priority:0, 8a31fd49-3da4-4fd9-acfc-b2bde89e3d95|rpc:10.1.0.14:37907|dataStream:|priority:1], old=null
2021-08-04 04:54:05,817 [387044f6-9ada-47c7-9f57-c4453de21297@group-24B6E1CCF0B2-LeaderElection38] INFO  impl.LeaderElection (LeaderElection.java:logAndReturn(89)) - 387044f6-9ada-47c7-9f57-c4453de21297@group-24B6E1CCF0B2-LeaderElection38: ELECTION REJECTED received 2 response(s) and 0 exception(s):
2021-08-04 04:54:05,817 [387044f6-9ada-47c7-9f57-c4453de21297@group-24B6E1CCF0B2-LeaderElection38] INFO  impl.LeaderElection (LeaderElection.java:logAndReturn(93)) -   Response 0: 387044f6-9ada-47c7-9f57-c4453de21297<-3b35e8af-4420-4337-880c-bcb538b04dba#0:OK-t8
2021-08-04 04:54:05,817 [387044f6-9ada-47c7-9f57-c4453de21297@group-24B6E1CCF0B2-LeaderElection38] INFO  impl.LeaderElection (LeaderElection.java:logAndReturn(93)) -   Response 1: 387044f6-9ada-47c7-9f57-c4453de21297<-8a31fd49-3da4-4fd9-acfc-b2bde89e3d95#0:FAIL-t8
2021-08-04 04:54:05,817 [387044f6-9ada-47c7-9f57-c4453de21297@group-24B6E1CCF0B2-LeaderElection38] INFO  impl.LeaderElection (LeaderElection.java:askForVotes(308)) - 387044f6-9ada-47c7-9f57-c4453de21297@group-24B6E1CCF0B2-LeaderElection38 ELECTION round 0: result REJECTED
2021-08-04 04:54:05,817 [387044f6-9ada-47c7-9f57-c4453de21297@group-24B6E1CCF0B2-LeaderElection38] INFO  server.RaftServer$Division (RaftServerImpl.java:setRole(285)) - 387044f6-9ada-47c7-9f57-c4453de21297@group-24B6E1CCF0B2: changes role from CANDIDATE to FOLLOWER at term 8 for REJECTED
2021-08-04 04:54:05,817 [387044f6-9ada-47c7-9f57-c4453de21297@group-24B6E1CCF0B2-LeaderElection38] INFO  impl.RoleInfo (RoleInfo.java:shutdownLeaderElection(121)) - 387044f6-9ada-47c7-9f57-c4453de21297: shutdown 387044f6-9ada-47c7-9f57-c4453de21297@group-24B6E1CCF0B2-LeaderElection38
2021-08-04 04:54:05,817 [387044f6-9ada-47c7-9f57-c4453de21297@group-24B6E1CCF0B2-LeaderElection38] INFO  impl.RoleInfo (RoleInfo.java:updateAndGet(130)) - 387044f6-9ada-47c7-9f57-c4453de21297: start 387044f6-9ada-47c7-9f57-c4453de21297@group-24B6E1CCF0B2-FollowerState
2021-08-04 04:54:06,936 [Thread-787] INFO  upgrade.UpgradeFinalizer (SCMUpgradeFinalizer.java:postFinalizeUpgrade(114)) - Waiting for at least one open pipeline after SCM finalization.
2021-08-04 04:54:10,874 [387044f6-9ada-47c7-9f57-c4453de21297@group-24B6E1CCF0B2-FollowerState] INFO  impl.FollowerState (FollowerState.java:run(134)) - 387044f6-9ada-47c7-9f57-c4453de21297@group-24B6E1CCF0B2-FollowerState: change to CANDIDATE, lastRpcElapsedTime:5056404437ns, electionTimeout:5053ms
2021-08-04 04:54:10,874 [387044f6-9ada-47c7-9f57-c4453de21297@group-24B6E1CCF0B2-FollowerState] INFO  impl.RoleInfo (RoleInfo.java:shutdownFollowerState(108)) - 387044f6-9ada-47c7-9f57-c4453de21297: shutdown 387044f6-9ada-47c7-9f57-c4453de21297@group-24B6E1CCF0B2-FollowerState
2021-08-04 04:54:10,874 [387044f6-9ada-47c7-9f57-c4453de21297@group-24B6E1CCF0B2-FollowerState] INFO  server.RaftServer$Division (RaftServerImpl.java:setRole(285)) - 387044f6-9ada-47c7-9f57-c4453de21297@group-24B6E1CCF0B2: changes role from  FOLLOWER to CANDIDATE at term 8 for changeToCandidate
2021-08-04 04:54:10,874 [387044f6-9ada-47c7-9f57-c4453de21297@group-24B6E1CCF0B2-FollowerState] INFO  server.RaftServerConfigKeys (ConfUtils.java:logGet(44)) - raft.server.leaderelection.pre-vote = false (custom)
2021-08-04 04:54:10,874 [387044f6-9ada-47c7-9f57-c4453de21297@group-24B6E1CCF0B2-FollowerState] INFO  impl.RoleInfo (RoleInfo.java:updateAndGet(130)) - 387044f6-9ada-47c7-9f57-c4453de21297: start 387044f6-9ada-47c7-9f57-c4453de21297@group-24B6E1CCF0B2-LeaderElection40
2021-08-04 04:54:10,877 [387044f6-9ada-47c7-9f57-c4453de21297@group-24B6E1CCF0B2-LeaderElection40] INFO  impl.LeaderElection (LeaderElection.java:askForVotes(306)) - 387044f6-9ada-47c7-9f57-c4453de21297@group-24B6E1CCF0B2-LeaderElection40 ELECTION round 0: submit vote requests at term 9 for -1: [3b35e8af-4420-4337-880c-bcb538b04dba|rpc:10.1.0.14:40083|priority:0, 387044f6-9ada-47c7-9f57-c4453de21297|rpc:10.1.0.14:39215|priority:0, 8a31fd49-3da4-4fd9-acfc-b2bde89e3d95|rpc:10.1.0.14:37907|priority:1], old=null
2021-08-04 04:54:10,879 [grpc-default-executor-3] INFO  server.RaftServer$Division (RaftServerImpl.java:requestVote(1043)) - 8a31fd49-3da4-4fd9-acfc-b2bde89e3d95@group-24B6E1CCF0B2: receive requestVote(ELECTION, 387044f6-9ada-47c7-9f57-c4453de21297, group-24B6E1CCF0B2, 9, (t:0, i:0))
2021-08-04 04:54:10,880 [grpc-default-executor-3] INFO  impl.VoteContext (VoteContext.java:log(48)) - 8a31fd49-3da4-4fd9-acfc-b2bde89e3d95@group-24B6E1CCF0B2-FOLLOWER: reject ELECTION from 387044f6-9ada-47c7-9f57-c4453de21297: our priority 1 > candidate's priority 0
2021-08-04 04:54:10,880 [grpc-default-executor-3] INFO  server.RaftServer$Division (RaftServerImpl.java:setRole(285)) - 8a31fd49-3da4-4fd9-acfc-b2bde89e3d95@group-24B6E1CCF0B2: changes role from  FOLLOWER to FOLLOWER at term 9 for candidate:387044f6-9ada-47c7-9f57-c4453de21297
2021-08-04 04:54:10,880 [grpc-default-executor-3] INFO  impl.RoleInfo (RoleInfo.java:shutdownFollowerState(108)) - 8a31fd49-3da4-4fd9-acfc-b2bde89e3d95: shutdown 8a31fd49-3da4-4fd9-acfc-b2bde89e3d95@group-24B6E1CCF0B2-FollowerState
2021-08-04 04:54:10,880 [grpc-default-executor-3] INFO  impl.RoleInfo (RoleInfo.java:updateAndGet(130)) - 8a31fd49-3da4-4fd9-acfc-b2bde89e3d95: start 8a31fd49-3da4-4fd9-acfc-b2bde89e3d95@group-24B6E1CCF0B2-FollowerState
2021-08-04 04:54:10,880 [8a31fd49-3da4-4fd9-acfc-b2bde89e3d95@group-24B6E1CCF0B2-FollowerState] INFO  impl.FollowerState (FollowerState.java:run(143)) - 8a31fd49-3da4-4fd9-acfc-b2bde89e3d95@group-24B6E1CCF0B2-FollowerState was interrupted: {}
java.lang.InterruptedException: sleep interrupted
	at java.lang.Thread.sleep(Native Method)
	at java.lang.Thread.sleep(Thread.java:340)
	at java.util.concurrent.TimeUnit.sleep(TimeUnit.java:386)
	at org.apache.ratis.util.TimeDuration.sleep(TimeDuration.java:324)
	at org.apache.ratis.util.TimeDuration.sleep(TimeDuration.java:309)
	at org.apache.ratis.server.impl.FollowerState.run(FollowerState.java:118)
2021-08-04 04:54:10,884 [grpc-default-executor-4] INFO  server.RaftServer$Division (RaftServerImpl.java:requestVote(1043)) - 3b35e8af-4420-4337-880c-bcb538b04dba@group-24B6E1CCF0B2: receive requestVote(ELECTION, 387044f6-9ada-47c7-9f57-c4453de21297, group-24B6E1CCF0B2, 9, (t:0, i:0))
2021-08-04 04:54:10,884 [grpc-default-executor-4] INFO  impl.VoteContext (VoteContext.java:log(48)) - 3b35e8af-4420-4337-880c-bcb538b04dba@group-24B6E1CCF0B2-FOLLOWER: accept ELECTION from 387044f6-9ada-47c7-9f57-c4453de21297: our priority 0 <= candidate's priority 0
2021-08-04 04:54:10,884 [grpc-default-executor-4] INFO  server.RaftServer$Division (RaftServerImpl.java:setRole(285)) - 3b35e8af-4420-4337-880c-bcb538b04dba@group-24B6E1CCF0B2: changes role from  FOLLOWER to FOLLOWER at term 9 for candidate:387044f6-9ada-47c7-9f57-c4453de21297
2021-08-04 04:54:10,884 [grpc-default-executor-4] INFO  impl.RoleInfo (RoleInfo.java:shutdownFollowerState(108)) - 3b35e8af-4420-4337-880c-bcb538b04dba: shutdown 3b35e8af-4420-4337-880c-bcb538b04dba@group-24B6E1CCF0B2-FollowerState
2021-08-04 04:54:10,884 [grpc-default-executor-4] INFO  impl.RoleInfo (RoleInfo.java:updateAndGet(130)) - 3b35e8af-4420-4337-880c-bcb538b04dba: start 3b35e8af-4420-4337-880c-bcb538b04dba@group-24B6E1CCF0B2-FollowerState
2021-08-04 04:54:10,884 [grpc-default-executor-3] INFO  server.RaftServer$Division (RaftServerImpl.java:requestVote(1075)) - 8a31fd49-3da4-4fd9-acfc-b2bde89e3d95@group-24B6E1CCF0B2 replies to ELECTION vote request: 387044f6-9ada-47c7-9f57-c4453de21297<-8a31fd49-3da4-4fd9-acfc-b2bde89e3d95#0:FAIL-t9. Peer's state: 8a31fd49-3da4-4fd9-acfc-b2bde89e3d95@group-24B6E1CCF0B2:t9, leader=null, voted=null, raftlog=8a31fd49-3da4-4fd9-acfc-b2bde89e3d95@group-24B6E1CCF0B2-SegmentedRaftLog:OPENED:c-1,f-1,i0, conf=-1: [3b35e8af-4420-4337-880c-bcb538b04dba|rpc:10.1.0.14:40083|dataStream:|priority:0, 387044f6-9ada-47c7-9f57-c4453de21297|rpc:10.1.0.14:39215|dataStream:|priority:0, 8a31fd49-3da4-4fd9-acfc-b2bde89e3d95|rpc:10.1.0.14:37907|dataStream:|priority:1], old=null
2021-08-04 04:54:10,884 [3b35e8af-4420-4337-880c-bcb538b04dba@group-24B6E1CCF0B2-FollowerState] INFO  impl.FollowerState (FollowerState.java:run(143)) - 3b35e8af-4420-4337-880c-bcb538b04dba@group-24B6E1CCF0B2-FollowerState was interrupted: {}
java.lang.InterruptedException: sleep interrupted
	at java.lang.Thread.sleep(Native Method)
	at java.lang.Thread.sleep(Thread.java:340)
	at java.util.concurrent.TimeUnit.sleep(TimeUnit.java:386)
	at org.apache.ratis.util.TimeDuration.sleep(TimeDuration.java:324)
	at org.apache.ratis.util.TimeDuration.sleep(TimeDuration.java:309)
	at org.apache.ratis.server.impl.FollowerState.run(FollowerState.java:118)
2021-08-04 04:54:10,887 [387044f6-9ada-47c7-9f57-c4453de21297@group-24B6E1CCF0B2-LeaderElection40] INFO  impl.LeaderElection (LeaderElection.java:logAndReturn(89)) - 387044f6-9ada-47c7-9f57-c4453de21297@group-24B6E1CCF0B2-LeaderElection40: ELECTION REJECTED received 1 response(s) and 0 exception(s):
2021-08-04 04:54:10,887 [387044f6-9ada-47c7-9f57-c4453de21297@group-24B6E1CCF0B2-LeaderElection40] INFO  impl.LeaderElection (LeaderElection.java:logAndReturn(93)) -   Response 0: 387044f6-9ada-47c7-9f57-c4453de21297<-8a31fd49-3da4-4fd9-acfc-b2bde89e3d95#0:FAIL-t9
2021-08-04 04:54:10,887 [387044f6-9ada-47c7-9f57-c4453de21297@group-24B6E1CCF0B2-LeaderElection40] INFO  impl.LeaderElection (LeaderElection.java:askForVotes(308)) - 387044f6-9ada-47c7-9f57-c4453de21297@group-24B6E1CCF0B2-LeaderElection40 ELECTION round 0: result REJECTED
2021-08-04 04:54:10,887 [grpc-default-executor-4] INFO  server.RaftServer$Division (RaftServerImpl.java:requestVote(1075)) - 3b35e8af-4420-4337-880c-bcb538b04dba@group-24B6E1CCF0B2 replies to ELECTION vote request: 387044f6-9ada-47c7-9f57-c4453de21297<-3b35e8af-4420-4337-880c-bcb538b04dba#0:OK-t9. Peer's state: 3b35e8af-4420-4337-880c-bcb538b04dba@group-24B6E1CCF0B2:t9, leader=null, voted=387044f6-9ada-47c7-9f57-c4453de21297, raftlog=3b35e8af-4420-4337-880c-bcb538b04dba@group-24B6E1CCF0B2-SegmentedRaftLog:OPENED:c-1,f-1,i0, conf=-1: [3b35e8af-4420-4337-880c-bcb538b04dba|rpc:10.1.0.14:40083|dataStream:|priority:0, 387044f6-9ada-47c7-9f57-c4453de21297|rpc:10.1.0.14:39215|dataStream:|priority:0, 8a31fd49-3da4-4fd9-acfc-b2bde89e3d95|rpc:10.1.0.14:37907|dataStream:|priority:1], old=null
2021-08-04 04:54:10,887 [387044f6-9ada-47c7-9f57-c4453de21297@group-24B6E1CCF0B2-LeaderElection40] INFO  server.RaftServer$Division (RaftServerImpl.java:setRole(285)) - 387044f6-9ada-47c7-9f57-c4453de21297@group-24B6E1CCF0B2: changes role from CANDIDATE to FOLLOWER at term 9 for REJECTED
2021-08-04 04:54:10,887 [387044f6-9ada-47c7-9f57-c4453de21297@group-24B6E1CCF0B2-LeaderElection40] INFO  impl.RoleInfo (RoleInfo.java:shutdownLeaderElection(121)) - 387044f6-9ada-47c7-9f57-c4453de21297: shutdown 387044f6-9ada-47c7-9f57-c4453de21297@group-24B6E1CCF0B2-LeaderElection40
2021-08-04 04:54:10,887 [387044f6-9ada-47c7-9f57-c4453de21297@group-24B6E1CCF0B2-LeaderElection40] INFO  impl.RoleInfo (RoleInfo.java:updateAndGet(130)) - 387044f6-9ada-47c7-9f57-c4453de21297: start 387044f6-9ada-47c7-9f57-c4453de21297@group-24B6E1CCF0B2-FollowerState
2021-08-04 04:54:11,936 [Thread-787] INFO  upgrade.UpgradeFinalizer (SCMUpgradeFinalizer.java:postFinalizeUpgrade(114)) - Waiting for at least one open pipeline after SCM finalization.
2021-08-04 04:54:15,906 [387044f6-9ada-47c7-9f57-c4453de21297@group-24B6E1CCF0B2-FollowerState] INFO  impl.FollowerState (FollowerState.java:run(134)) - 387044f6-9ada-47c7-9f57-c4453de21297@group-24B6E1CCF0B2-FollowerState: change to CANDIDATE, lastRpcElapsedTime:5018509220ns, electionTimeout:5017ms
2021-08-04 04:54:15,906 [387044f6-9ada-47c7-9f57-c4453de21297@group-24B6E1CCF0B2-FollowerState] INFO  impl.RoleInfo (RoleInfo.java:shutdownFollowerState(108)) - 387044f6-9ada-47c7-9f57-c4453de21297: shutdown 387044f6-9ada-47c7-9f57-c4453de21297@group-24B6E1CCF0B2-FollowerState
2021-08-04 04:54:15,906 [387044f6-9ada-47c7-9f57-c4453de21297@group-24B6E1CCF0B2-FollowerState] INFO  server.RaftServer$Division (RaftServerImpl.java:setRole(285)) - 387044f6-9ada-47c7-9f57-c4453de21297@group-24B6E1CCF0B2: changes role from  FOLLOWER to CANDIDATE at term 9 for changeToCandidate
2021-08-04 04:54:15,906 [387044f6-9ada-47c7-9f57-c4453de21297@group-24B6E1CCF0B2-FollowerState] INFO  server.RaftServerConfigKeys (ConfUtils.java:logGet(44)) - raft.server.leaderelection.pre-vote = false (custom)
2021-08-04 04:54:15,906 [387044f6-9ada-47c7-9f57-c4453de21297@group-24B6E1CCF0B2-FollowerState] INFO  impl.RoleInfo (RoleInfo.java:updateAndGet(130)) - 387044f6-9ada-47c7-9f57-c4453de21297: start 387044f6-9ada-47c7-9f57-c4453de21297@group-24B6E1CCF0B2-LeaderElection41
2021-08-04 04:54:15,909 [387044f6-9ada-47c7-9f57-c4453de21297@group-24B6E1CCF0B2-LeaderElection41] INFO  impl.LeaderElection (LeaderElection.java:askForVotes(306)) - 387044f6-9ada-47c7-9f57-c4453de21297@group-24B6E1CCF0B2-LeaderElection41 ELECTION round 0: submit vote requests at term 10 for -1: [3b35e8af-4420-4337-880c-bcb538b04dba|rpc:10.1.0.14:40083|priority:0, 387044f6-9ada-47c7-9f57-c4453de21297|rpc:10.1.0.14:39215|priority:0, 8a31fd49-3da4-4fd9-acfc-b2bde89e3d95|rpc:10.1.0.14:37907|priority:1], old=null
2021-08-04 04:54:15,913 [grpc-default-executor-4] INFO  server.RaftServer$Division (RaftServerImpl.java:requestVote(1043)) - 3b35e8af-4420-4337-880c-bcb538b04dba@group-24B6E1CCF0B2: receive requestVote(ELECTION, 387044f6-9ada-47c7-9f57-c4453de21297, group-24B6E1CCF0B2, 10, (t:0, i:0))
2021-08-04 04:54:15,913 [grpc-default-executor-4] INFO  impl.VoteContext (VoteContext.java:log(48)) - 3b35e8af-4420-4337-880c-bcb538b04dba@group-24B6E1CCF0B2-FOLLOWER: accept ELECTION from 387044f6-9ada-47c7-9f57-c4453de21297: our priority 0 <= candidate's priority 0
2021-08-04 04:54:15,913 [grpc-default-executor-4] INFO  server.RaftServer$Division (RaftServerImpl.java:setRole(285)) - 3b35e8af-4420-4337-880c-bcb538b04dba@group-24B6E1CCF0B2: changes role from  FOLLOWER to FOLLOWER at term 10 for candidate:387044f6-9ada-47c7-9f57-c4453de21297
2021-08-04 04:54:15,914 [grpc-default-executor-4] INFO  impl.RoleInfo (RoleInfo.java:shutdownFollowerState(108)) - 3b35e8af-4420-4337-880c-bcb538b04dba: shutdown 3b35e8af-4420-4337-880c-bcb538b04dba@group-24B6E1CCF0B2-FollowerState
2021-08-04 04:54:15,914 [grpc-default-executor-4] INFO  impl.RoleInfo (RoleInfo.java:updateAndGet(130)) - 3b35e8af-4420-4337-880c-bcb538b04dba: start 3b35e8af-4420-4337-880c-bcb538b04dba@group-24B6E1CCF0B2-FollowerState
2021-08-04 04:54:15,914 [3b35e8af-4420-4337-880c-bcb538b04dba@group-24B6E1CCF0B2-FollowerState] INFO  impl.FollowerState (FollowerState.java:run(143)) - 3b35e8af-4420-4337-880c-bcb538b04dba@group-24B6E1CCF0B2-FollowerState was interrupted: {}
java.lang.InterruptedException: sleep interrupted
	at java.lang.Thread.sleep(Native Method)
	at java.lang.Thread.sleep(Thread.java:340)
	at java.util.concurrent.TimeUnit.sleep(TimeUnit.java:386)
	at org.apache.ratis.util.TimeDuration.sleep(TimeDuration.java:324)
	at org.apache.ratis.util.TimeDuration.sleep(TimeDuration.java:309)
	at org.apache.ratis.server.impl.FollowerState.run(FollowerState.java:118)
2021-08-04 04:54:15,919 [grpc-default-executor-3] INFO  server.RaftServer$Division (RaftServerImpl.java:requestVote(1043)) - 8a31fd49-3da4-4fd9-acfc-b2bde89e3d95@group-24B6E1CCF0B2: receive requestVote(ELECTION, 387044f6-9ada-47c7-9f57-c4453de21297, group-24B6E1CCF0B2, 10, (t:0, i:0))
2021-08-04 04:54:15,919 [grpc-default-executor-3] INFO  impl.VoteContext (VoteContext.java:log(48)) - 8a31fd49-3da4-4fd9-acfc-b2bde89e3d95@group-24B6E1CCF0B2-FOLLOWER: reject ELECTION from 387044f6-9ada-47c7-9f57-c4453de21297: our priority 1 > candidate's priority 0
2021-08-04 04:54:15,919 [grpc-default-executor-3] INFO  server.RaftServer$Division (RaftServerImpl.java:setRole(285)) - 8a31fd49-3da4-4fd9-acfc-b2bde89e3d95@group-24B6E1CCF0B2: changes role from  FOLLOWER to FOLLOWER at term 10 for candidate:387044f6-9ada-47c7-9f57-c4453de21297
2021-08-04 04:54:15,919 [grpc-default-executor-3] INFO  impl.RoleInfo (RoleInfo.java:shutdownFollowerState(108)) - 8a31fd49-3da4-4fd9-acfc-b2bde89e3d95: shutdown 8a31fd49-3da4-4fd9-acfc-b2bde89e3d95@group-24B6E1CCF0B2-FollowerState
2021-08-04 04:54:15,919 [grpc-default-executor-3] INFO  impl.RoleInfo (RoleInfo.java:updateAndGet(130)) - 8a31fd49-3da4-4fd9-acfc-b2bde89e3d95: start 8a31fd49-3da4-4fd9-acfc-b2bde89e3d95@group-24B6E1CCF0B2-FollowerState
2021-08-04 04:54:15,919 [8a31fd49-3da4-4fd9-acfc-b2bde89e3d95@group-24B6E1CCF0B2-FollowerState] INFO  impl.FollowerState (FollowerState.java:run(143)) - 8a31fd49-3da4-4fd9-acfc-b2bde89e3d95@group-24B6E1CCF0B2-FollowerState was interrupted: {}
java.lang.InterruptedException: sleep interrupted
	at java.lang.Thread.sleep(Native Method)
	at java.lang.Thread.sleep(Thread.java:340)
	at java.util.concurrent.TimeUnit.sleep(TimeUnit.java:386)
	at org.apache.ratis.util.TimeDuration.sleep(TimeDuration.java:324)
	at org.apache.ratis.util.TimeDuration.sleep(TimeDuration.java:309)
	at org.apache.ratis.server.impl.FollowerState.run(FollowerState.java:118)
2021-08-04 04:54:15,922 [grpc-default-executor-4] INFO  server.RaftServer$Division (RaftServerImpl.java:requestVote(1075)) - 3b35e8af-4420-4337-880c-bcb538b04dba@group-24B6E1CCF0B2 replies to ELECTION vote request: 387044f6-9ada-47c7-9f57-c4453de21297<-3b35e8af-4420-4337-880c-bcb538b04dba#0:OK-t10. Peer's state: 3b35e8af-4420-4337-880c-bcb538b04dba@group-24B6E1CCF0B2:t10, leader=null, voted=387044f6-9ada-47c7-9f57-c4453de21297, raftlog=3b35e8af-4420-4337-880c-bcb538b04dba@group-24B6E1CCF0B2-SegmentedRaftLog:OPENED:c-1,f-1,i0, conf=-1: [3b35e8af-4420-4337-880c-bcb538b04dba|rpc:10.1.0.14:40083|dataStream:|priority:0, 387044f6-9ada-47c7-9f57-c4453de21297|rpc:10.1.0.14:39215|dataStream:|priority:0, 8a31fd49-3da4-4fd9-acfc-b2bde89e3d95|rpc:10.1.0.14:37907|dataStream:|priority:1], old=null
2021-08-04 04:54:15,924 [grpc-default-executor-3] INFO  server.RaftServer$Division (RaftServerImpl.java:requestVote(1075)) - 8a31fd49-3da4-4fd9-acfc-b2bde89e3d95@group-24B6E1CCF0B2 replies to ELECTION vote request: 387044f6-9ada-47c7-9f57-c4453de21297<-8a31fd49-3da4-4fd9-acfc-b2bde89e3d95#0:FAIL-t10. Peer's state: 8a31fd49-3da4-4fd9-acfc-b2bde89e3d95@group-24B6E1CCF0B2:t10, leader=null, voted=null, raftlog=8a31fd49-3da4-4fd9-acfc-b2bde89e3d95@group-24B6E1CCF0B2-SegmentedRaftLog:OPENED:c-1,f-1,i0, conf=-1: [3b35e8af-4420-4337-880c-bcb538b04dba|rpc:10.1.0.14:40083|dataStream:|priority:0, 387044f6-9ada-47c7-9f57-c4453de21297|rpc:10.1.0.14:39215|dataStream:|priority:0, 8a31fd49-3da4-4fd9-acfc-b2bde89e3d95|rpc:10.1.0.14:37907|dataStream:|priority:1], old=null
2021-08-04 04:54:15,925 [387044f6-9ada-47c7-9f57-c4453de21297@group-24B6E1CCF0B2-LeaderElection41] INFO  impl.LeaderElection (LeaderElection.java:logAndReturn(89)) - 387044f6-9ada-47c7-9f57-c4453de21297@group-24B6E1CCF0B2-LeaderElection41: ELECTION REJECTED received 2 response(s) and 0 exception(s):
2021-08-04 04:54:15,925 [387044f6-9ada-47c7-9f57-c4453de21297@group-24B6E1CCF0B2-LeaderElection41] INFO  impl.LeaderElection (LeaderElection.java:logAndReturn(93)) -   Response 0: 387044f6-9ada-47c7-9f57-c4453de21297<-3b35e8af-4420-4337-880c-bcb538b04dba#0:OK-t10
2021-08-04 04:54:15,925 [387044f6-9ada-47c7-9f57-c4453de21297@group-24B6E1CCF0B2-LeaderElection41] INFO  impl.LeaderElection (LeaderElection.java:logAndReturn(93)) -   Response 1: 387044f6-9ada-47c7-9f57-c4453de21297<-8a31fd49-3da4-4fd9-acfc-b2bde89e3d95#0:FAIL-t10
2021-08-04 04:54:15,925 [387044f6-9ada-47c7-9f57-c4453de21297@group-24B6E1CCF0B2-LeaderElection41] INFO  impl.LeaderElection (LeaderElection.java:askForVotes(308)) - 387044f6-9ada-47c7-9f57-c4453de21297@group-24B6E1CCF0B2-LeaderElection41 ELECTION round 0: result REJECTED
2021-08-04 04:54:15,925 [387044f6-9ada-47c7-9f57-c4453de21297@group-24B6E1CCF0B2-LeaderElection41] INFO  server.RaftServer$Division (RaftServerImpl.java:setRole(285)) - 387044f6-9ada-47c7-9f57-c4453de21297@group-24B6E1CCF0B2: changes role from CANDIDATE to FOLLOWER at term 10 for REJECTED
2021-08-04 04:54:15,925 [387044f6-9ada-47c7-9f57-c4453de21297@group-24B6E1CCF0B2-LeaderElection41] INFO  impl.RoleInfo (RoleInfo.java:shutdownLeaderElection(121)) - 387044f6-9ada-47c7-9f57-c4453de21297: shutdown 387044f6-9ada-47c7-9f57-c4453de21297@group-24B6E1CCF0B2-LeaderElection41
2021-08-04 04:54:15,926 [387044f6-9ada-47c7-9f57-c4453de21297@group-24B6E1CCF0B2-LeaderElection41] INFO  impl.RoleInfo (RoleInfo.java:updateAndGet(130)) - 387044f6-9ada-47c7-9f57-c4453de21297: start 387044f6-9ada-47c7-9f57-c4453de21297@group-24B6E1CCF0B2-FollowerState
2021-08-04 04:54:16,937 [Thread-787] INFO  upgrade.UpgradeFinalizer (SCMUpgradeFinalizer.java:postFinalizeUpgrade(114)) - Waiting for at least one open pipeline after SCM finalization.
2021-08-04 04:54:20,984 [387044f6-9ada-47c7-9f57-c4453de21297@group-24B6E1CCF0B2-FollowerState] INFO  impl.FollowerState (FollowerState.java:run(134)) - 387044f6-9ada-47c7-9f57-c4453de21297@group-24B6E1CCF0B2-FollowerState: change to CANDIDATE, lastRpcElapsedTime:5058522223ns, electionTimeout:5058ms
2021-08-04 04:54:20,984 [387044f6-9ada-47c7-9f57-c4453de21297@group-24B6E1CCF0B2-FollowerState] INFO  impl.RoleInfo (RoleInfo.java:shutdownFollowerState(108)) - 387044f6-9ada-47c7-9f57-c4453de21297: shutdown 387044f6-9ada-47c7-9f57-c4453de21297@group-24B6E1CCF0B2-FollowerState
2021-08-04 04:54:20,984 [387044f6-9ada-47c7-9f57-c4453de21297@group-24B6E1CCF0B2-FollowerState] INFO  server.RaftServer$Division (RaftServerImpl.java:setRole(285)) - 387044f6-9ada-47c7-9f57-c4453de21297@group-24B6E1CCF0B2: changes role from  FOLLOWER to CANDIDATE at term 10 for changeToCandidate
2021-08-04 04:54:20,984 [387044f6-9ada-47c7-9f57-c4453de21297@group-24B6E1CCF0B2-FollowerState] INFO  server.RaftServerConfigKeys (ConfUtils.java:logGet(44)) - raft.server.leaderelection.pre-vote = false (custom)
2021-08-04 04:54:20,984 [387044f6-9ada-47c7-9f57-c4453de21297@group-24B6E1CCF0B2-FollowerState] INFO  impl.RoleInfo (RoleInfo.java:updateAndGet(130)) - 387044f6-9ada-47c7-9f57-c4453de21297: start 387044f6-9ada-47c7-9f57-c4453de21297@group-24B6E1CCF0B2-LeaderElection42
2021-08-04 04:54:20,987 [387044f6-9ada-47c7-9f57-c4453de21297@group-24B6E1CCF0B2-LeaderElection42] INFO  impl.LeaderElection (LeaderElection.java:askForVotes(306)) - 387044f6-9ada-47c7-9f57-c4453de21297@group-24B6E1CCF0B2-LeaderElection42 ELECTION round 0: submit vote requests at term 11 for -1: [3b35e8af-4420-4337-880c-bcb538b04dba|rpc:10.1.0.14:40083|priority:0, 387044f6-9ada-47c7-9f57-c4453de21297|rpc:10.1.0.14:39215|priority:0, 8a31fd49-3da4-4fd9-acfc-b2bde89e3d95|rpc:10.1.0.14:37907|priority:1], old=null
2021-08-04 04:54:20,991 [grpc-default-executor-3] INFO  server.RaftServer$Division (RaftServerImpl.java:requestVote(1043)) - 8a31fd49-3da4-4fd9-acfc-b2bde89e3d95@group-24B6E1CCF0B2: receive requestVote(ELECTION, 387044f6-9ada-47c7-9f57-c4453de21297, group-24B6E1CCF0B2, 11, (t:0, i:0))
2021-08-04 04:54:20,991 [grpc-default-executor-3] INFO  impl.VoteContext (VoteContext.java:log(48)) - 8a31fd49-3da4-4fd9-acfc-b2bde89e3d95@group-24B6E1CCF0B2-FOLLOWER: reject ELECTION from 387044f6-9ada-47c7-9f57-c4453de21297: our priority 1 > candidate's priority 0
2021-08-04 04:54:20,991 [grpc-default-executor-3] INFO  server.RaftServer$Division (RaftServerImpl.java:setRole(285)) - 8a31fd49-3da4-4fd9-acfc-b2bde89e3d95@group-24B6E1CCF0B2: changes role from  FOLLOWER to FOLLOWER at term 11 for candidate:387044f6-9ada-47c7-9f57-c4453de21297
2021-08-04 04:54:20,991 [grpc-default-executor-3] INFO  impl.RoleInfo (RoleInfo.java:shutdownFollowerState(108)) - 8a31fd49-3da4-4fd9-acfc-b2bde89e3d95: shutdown 8a31fd49-3da4-4fd9-acfc-b2bde89e3d95@group-24B6E1CCF0B2-FollowerState
2021-08-04 04:54:20,991 [grpc-default-executor-3] INFO  impl.RoleInfo (RoleInfo.java:updateAndGet(130)) - 8a31fd49-3da4-4fd9-acfc-b2bde89e3d95: start 8a31fd49-3da4-4fd9-acfc-b2bde89e3d95@group-24B6E1CCF0B2-FollowerState
2021-08-04 04:54:20,991 [8a31fd49-3da4-4fd9-acfc-b2bde89e3d95@group-24B6E1CCF0B2-FollowerState] INFO  impl.FollowerState (FollowerState.java:run(143)) - 8a31fd49-3da4-4fd9-acfc-b2bde89e3d95@group-24B6E1CCF0B2-FollowerState was interrupted: {}
java.lang.InterruptedException: sleep interrupted
	at java.lang.Thread.sleep(Native Method)
	at java.lang.Thread.sleep(Thread.java:340)
	at java.util.concurrent.TimeUnit.sleep(TimeUnit.java:386)
	at org.apache.ratis.util.TimeDuration.sleep(TimeDuration.java:324)
	at org.apache.ratis.util.TimeDuration.sleep(TimeDuration.java:309)
	at org.apache.ratis.server.impl.FollowerState.run(FollowerState.java:118)
2021-08-04 04:54:20,991 [grpc-default-executor-4] INFO  server.RaftServer$Division (RaftServerImpl.java:requestVote(1043)) - 3b35e8af-4420-4337-880c-bcb538b04dba@group-24B6E1CCF0B2: receive requestVote(ELECTION, 387044f6-9ada-47c7-9f57-c4453de21297, group-24B6E1CCF0B2, 11, (t:0, i:0))
2021-08-04 04:54:20,991 [grpc-default-executor-4] INFO  impl.VoteContext (VoteContext.java:log(48)) - 3b35e8af-4420-4337-880c-bcb538b04dba@group-24B6E1CCF0B2-FOLLOWER: accept ELECTION from 387044f6-9ada-47c7-9f57-c4453de21297: our priority 0 <= candidate's priority 0
2021-08-04 04:54:20,991 [grpc-default-executor-4] INFO  server.RaftServer$Division (RaftServerImpl.java:setRole(285)) - 3b35e8af-4420-4337-880c-bcb538b04dba@group-24B6E1CCF0B2: changes role from  FOLLOWER to FOLLOWER at term 11 for candidate:387044f6-9ada-47c7-9f57-c4453de21297
2021-08-04 04:54:20,992 [grpc-default-executor-4] INFO  impl.RoleInfo (RoleInfo.java:shutdownFollowerState(108)) - 3b35e8af-4420-4337-880c-bcb538b04dba: shutdown 3b35e8af-4420-4337-880c-bcb538b04dba@group-24B6E1CCF0B2-FollowerState
2021-08-04 04:54:20,998 [grpc-default-executor-4] INFO  impl.RoleInfo (RoleInfo.java:updateAndGet(130)) - 3b35e8af-4420-4337-880c-bcb538b04dba: start 3b35e8af-4420-4337-880c-bcb538b04dba@group-24B6E1CCF0B2-FollowerState
2021-08-04 04:54:20,999 [3b35e8af-4420-4337-880c-bcb538b04dba@group-24B6E1CCF0B2-FollowerState] INFO  impl.FollowerState (FollowerState.java:run(143)) - 3b35e8af-4420-4337-880c-bcb538b04dba@group-24B6E1CCF0B2-FollowerState was interrupted: {}
java.lang.InterruptedException: sleep interrupted
	at java.lang.Thread.sleep(Native Method)
	at java.lang.Thread.sleep(Thread.java:340)
	at java.util.concurrent.TimeUnit.sleep(TimeUnit.java:386)
	at org.apache.ratis.util.TimeDuration.sleep(TimeDuration.java:324)
	at org.apache.ratis.util.TimeDuration.sleep(TimeDuration.java:309)
	at org.apache.ratis.server.impl.FollowerState.run(FollowerState.java:118)
2021-08-04 04:54:21,000 [grpc-default-executor-3] INFO  server.RaftServer$Division (RaftServerImpl.java:requestVote(1075)) - 8a31fd49-3da4-4fd9-acfc-b2bde89e3d95@group-24B6E1CCF0B2 replies to ELECTION vote request: 387044f6-9ada-47c7-9f57-c4453de21297<-8a31fd49-3da4-4fd9-acfc-b2bde89e3d95#0:FAIL-t11. Peer's state: 8a31fd49-3da4-4fd9-acfc-b2bde89e3d95@group-24B6E1CCF0B2:t11, leader=null, voted=null, raftlog=8a31fd49-3da4-4fd9-acfc-b2bde89e3d95@group-24B6E1CCF0B2-SegmentedRaftLog:OPENED:c-1,f-1,i0, conf=-1: [3b35e8af-4420-4337-880c-bcb538b04dba|rpc:10.1.0.14:40083|dataStream:|priority:0, 387044f6-9ada-47c7-9f57-c4453de21297|rpc:10.1.0.14:39215|dataStream:|priority:0, 8a31fd49-3da4-4fd9-acfc-b2bde89e3d95|rpc:10.1.0.14:37907|dataStream:|priority:1], old=null
2021-08-04 04:54:21,000 [grpc-default-executor-4] INFO  server.RaftServer$Division (RaftServerImpl.java:requestVote(1075)) - 3b35e8af-4420-4337-880c-bcb538b04dba@group-24B6E1CCF0B2 replies to ELECTION vote request: 387044f6-9ada-47c7-9f57-c4453de21297<-3b35e8af-4420-4337-880c-bcb538b04dba#0:OK-t11. Peer's state: 3b35e8af-4420-4337-880c-bcb538b04dba@group-24B6E1CCF0B2:t11, leader=null, voted=387044f6-9ada-47c7-9f57-c4453de21297, raftlog=3b35e8af-4420-4337-880c-bcb538b04dba@group-24B6E1CCF0B2-SegmentedRaftLog:OPENED:c-1,f-1,i0, conf=-1: [3b35e8af-4420-4337-880c-bcb538b04dba|rpc:10.1.0.14:40083|dataStream:|priority:0, 387044f6-9ada-47c7-9f57-c4453de21297|rpc:10.1.0.14:39215|dataStream:|priority:0, 8a31fd49-3da4-4fd9-acfc-b2bde89e3d95|rpc:10.1.0.14:37907|dataStream:|priority:1], old=null
2021-08-04 04:54:21,003 [387044f6-9ada-47c7-9f57-c4453de21297@group-24B6E1CCF0B2-LeaderElection42] INFO  impl.LeaderElection (LeaderElection.java:logAndReturn(89)) - 387044f6-9ada-47c7-9f57-c4453de21297@group-24B6E1CCF0B2-LeaderElection42: ELECTION REJECTED received 2 response(s) and 0 exception(s):
2021-08-04 04:54:21,003 [387044f6-9ada-47c7-9f57-c4453de21297@group-24B6E1CCF0B2-LeaderElection42] INFO  impl.LeaderElection (LeaderElection.java:logAndReturn(93)) -   Response 0: 387044f6-9ada-47c7-9f57-c4453de21297<-3b35e8af-4420-4337-880c-bcb538b04dba#0:OK-t11
2021-08-04 04:54:21,003 [387044f6-9ada-47c7-9f57-c4453de21297@group-24B6E1CCF0B2-LeaderElection42] INFO  impl.LeaderElection (LeaderElection.java:logAndReturn(93)) -   Response 1: 387044f6-9ada-47c7-9f57-c4453de21297<-8a31fd49-3da4-4fd9-acfc-b2bde89e3d95#0:FAIL-t11
2021-08-04 04:54:21,003 [387044f6-9ada-47c7-9f57-c4453de21297@group-24B6E1CCF0B2-LeaderElection42] INFO  impl.LeaderElection (LeaderElection.java:askForVotes(308)) - 387044f6-9ada-47c7-9f57-c4453de21297@group-24B6E1CCF0B2-LeaderElection42 ELECTION round 0: result REJECTED
2021-08-04 04:54:21,003 [387044f6-9ada-47c7-9f57-c4453de21297@group-24B6E1CCF0B2-LeaderElection42] INFO  server.RaftServer$Division (RaftServerImpl.java:setRole(285)) - 387044f6-9ada-47c7-9f57-c4453de21297@group-24B6E1CCF0B2: changes role from CANDIDATE to FOLLOWER at term 11 for REJECTED
2021-08-04 04:54:21,003 [387044f6-9ada-47c7-9f57-c4453de21297@group-24B6E1CCF0B2-LeaderElection42] INFO  impl.RoleInfo (RoleInfo.java:shutdownLeaderElection(121)) - 387044f6-9ada-47c7-9f57-c4453de21297: shutdown 387044f6-9ada-47c7-9f57-c4453de21297@group-24B6E1CCF0B2-LeaderElection42
2021-08-04 04:54:21,003 [387044f6-9ada-47c7-9f57-c4453de21297@group-24B6E1CCF0B2-LeaderElection42] INFO  impl.RoleInfo (RoleInfo.java:updateAndGet(130)) - 387044f6-9ada-47c7-9f57-c4453de21297: start 387044f6-9ada-47c7-9f57-c4453de21297@group-24B6E1CCF0B2-FollowerState
2021-08-04 04:54:21,937 [Thread-787] INFO  upgrade.UpgradeFinalizer (SCMUpgradeFinalizer.java:postFinalizeUpgrade(114)) - Waiting for at least one open pipeline after SCM finalization.
2021-08-04 04:54:21,970 [Listener at 0.0.0.0/43893] INFO  ozone.MiniOzoneClusterImpl (MiniOzoneClusterImpl.java:shutdown(453)) - Shutting down the Mini Ozone Cluster
2021-08-04 04:54:21,970 [Listener at 0.0.0.0/43893] INFO  ozone.MiniOzoneClusterImpl (MiniOzoneClusterImpl.java:stop(468)) - Stopping the Mini Ozone Cluster
2021-08-04 04:54:21,970 [Listener at 0.0.0.0/43893] INFO  ozone.MiniOzoneClusterImpl (MiniOzoneClusterImpl.java:stopOM(550)) - Stopping the OzoneManager
2021-08-04 04:54:21,971 [Listener at 0.0.0.0/43893] INFO  om.OzoneManager (OzoneManager.java:stop(1601)) - Stopping Ozone Manager
2021-08-04 04:54:21,971 [Listener at 0.0.0.0/43893] INFO  ipc.Server (Server.java:stop(3414)) - Stopping server on 34825
2021-08-04 04:54:21,974 [IPC Server listener on 0] INFO  ipc.Server (Server.java:run(1376)) - Stopping IPC Server listener on 0
2021-08-04 04:54:21,974 [IPC Server Responder] INFO  ipc.Server (Server.java:run(1512)) - Stopping IPC Server Responder
2021-08-04 04:54:21,974 [Listener at 0.0.0.0/43893] INFO  server.RaftServer (RaftServerProxy.java:lambda$close$6(391)) - om1: close
2021-08-04 04:54:21,974 [Listener at 0.0.0.0/43893] INFO  server.RaftServer$Division (RaftServerImpl.java:lambda$close$4(407)) - om1@group-C5BA1605619E: shutdown
2021-08-04 04:54:21,974 [Listener at 0.0.0.0/43893] INFO  util.JmxRegister (JmxRegister.java:unregister(73)) - Successfully un-registered JMX Bean with object name Ratis:service=RaftServer,group=group-C5BA1605619E,id=om1
2021-08-04 04:54:21,974 [Listener at 0.0.0.0/43893] INFO  impl.RoleInfo (RoleInfo.java:shutdownLeaderState(91)) - om1: shutdown om1@group-C5BA1605619E-LeaderStateImpl
2021-08-04 04:54:21,974 [Listener at 0.0.0.0/43893] INFO  impl.PendingRequests (PendingRequests.java:sendNotLeaderResponses(249)) - om1@group-C5BA1605619E-PendingRequests: sendNotLeaderResponses
2021-08-04 04:54:21,976 [om1@group-C5BA1605619E-StateMachineUpdater] INFO  ratis.OzoneManagerStateMachine (OzoneManagerStateMachine.java:takeSnapshot(417)) - Current Snapshot Index (t:1, i:8)
2021-08-04 04:54:21,976 [om1@group-C5BA1605619E-StateMachineUpdater] INFO  impl.StateMachineUpdater (StateMachineUpdater.java:takeSnapshot(281)) - om1@group-C5BA1605619E-StateMachineUpdater: Took a snapshot at index 8
2021-08-04 04:54:21,976 [om1@group-C5BA1605619E-StateMachineUpdater] INFO  impl.StateMachineUpdater (StateMachineUpdater.java:lambda$new$0(89)) - om1@group-C5BA1605619E-StateMachineUpdater: snapshotIndex: updateIncreasingly -1 -> 8
2021-08-04 04:54:21,976 [om1@group-C5BA1605619E-StateMachineUpdater] INFO  ratis.OzoneManagerStateMachine (OzoneManagerStateMachine.java:close(471)) - StateMachine has shutdown. Shutdown OzoneManager if not already shutdown.
2021-08-04 04:54:21,978 [Listener at 0.0.0.0/43893] INFO  impl.StateMachineUpdater (StateMachineUpdater.java:stopAndJoin(149)) - om1@group-C5BA1605619E-StateMachineUpdater: set stopIndex = 8
2021-08-04 04:54:21,978 [Listener at 0.0.0.0/43893] INFO  server.RaftServer$Division (ServerState.java:close(419)) - om1@group-C5BA1605619E: closes. applyIndex: 8
2021-08-04 04:54:21,978 [om1@group-C5BA1605619E-SegmentedRaftLogWorker] INFO  segmented.SegmentedRaftLogWorker (SegmentedRaftLogWorker.java:run(327)) - om1@group-C5BA1605619E-SegmentedRaftLogWorker was interrupted, exiting. There are 0 tasks remaining in the queue.
2021-08-04 04:54:21,979 [Listener at 0.0.0.0/43893] INFO  segmented.SegmentedRaftLogWorker (SegmentedRaftLogWorker.java:close(237)) - om1@group-C5BA1605619E-SegmentedRaftLogWorker close()
2021-08-04 04:54:21,980 [Listener at 0.0.0.0/43893] INFO  server.GrpcService (GrpcService.java:closeImpl(262)) - om1: shutdown server with port 9872 now
2021-08-04 04:54:21,980 [Listener at 0.0.0.0/43893] INFO  server.GrpcService (GrpcService.java:closeImpl(271)) - om1: shutdown server with port 9872 successfully
2021-08-04 04:54:21,980 [org.apache.ratis.util.JvmPauseMonitor$$Lambda$530/46818722@7a5fcd18] INFO  util.JvmPauseMonitor (JvmPauseMonitor.java:run(109)) - JvmPauseMonitor-om1: Stopped
2021-08-04 04:54:21,981 [Listener at 0.0.0.0/43893] INFO  ratis.OzoneManagerDoubleBuffer (OzoneManagerDoubleBuffer.java:stop(437)) - Stopping OMDoubleBuffer flush thread
2021-08-04 04:54:21,981 [OMDoubleBufferFlushThread] INFO  ratis.OzoneManagerDoubleBuffer (OzoneManagerDoubleBuffer.java:flushTransactions(356)) - OMDoubleBuffer flush thread OMDoubleBufferFlushThread is interrupted and will exit. OMDoubleBufferFlushThread
2021-08-04 04:54:21,981 [Listener at 0.0.0.0/43893] INFO  utils.BackgroundService (BackgroundService.java:shutdown(132)) - Shutting down service KeyDeletingService
2021-08-04 04:54:21,982 [Listener at 0.0.0.0/43893] INFO  handler.ContextHandler (ContextHandler.java:doStop(1154)) - Stopped o.e.j.w.WebAppContext@2574044a{ozoneManager,/,null,STOPPED}{file:/home/runner/work/ozone/ozone/mnt/ozone/hadoop-ozone/integration-test/target/test-classes/webapps/ozoneManager}
2021-08-04 04:54:21,985 [Listener at 0.0.0.0/43893] INFO  server.AbstractConnector (AbstractConnector.java:doStop(381)) - Stopped ServerConnector@330d273b{HTTP/1.1, (http/1.1)}{0.0.0.0:0}
2021-08-04 04:54:21,985 [Listener at 0.0.0.0/43893] INFO  server.session (HouseKeeper.java:stopScavenging(149)) - node0 Stopped scavenging
2021-08-04 04:54:21,986 [Listener at 0.0.0.0/43893] INFO  handler.ContextHandler (ContextHandler.java:doStop(1154)) - Stopped o.e.j.s.ServletContextHandler@5b15ac1f{static,/static,file:///home/runner/work/ozone/ozone/mnt/ozone/hadoop-ozone/integration-test/target/test-classes/webapps/static,STOPPED}
2021-08-04 04:54:21,986 [Listener at 0.0.0.0/43893] INFO  handler.ContextHandler (ContextHandler.java:doStop(1154)) - Stopped o.e.j.s.ServletContextHandler@4601734d{logs,/logs,file:///home/runner/work/ozone/ozone/mnt/ozone/hadoop-ozone/integration-test/target/log,STOPPED}
2021-08-04 04:54:21,988 [Listener at 0.0.0.0/43893] INFO  ozone.MiniOzoneClusterImpl (MiniOzoneClusterImpl.java:stopDatanodes(527)) - Stopping the HddsDatanodes
2021-08-04 04:54:22,109 [Datanode State Machine Thread - 0] INFO  statemachine.DatanodeStateMachine (DatanodeStateMachine.java:lambda$startDaemon$0(456)) - Ozone container server started.
2021-08-04 04:54:22,154 [Datanode State Machine Thread - 0] INFO  statemachine.DatanodeStateMachine (DatanodeStateMachine.java:lambda$startDaemon$0(456)) - Ozone container server started.
2021-08-04 04:54:26,110 [8a31fd49-3da4-4fd9-acfc-b2bde89e3d95@group-24B6E1CCF0B2-FollowerState] INFO  impl.FollowerState (FollowerState.java:run(134)) - 8a31fd49-3da4-4fd9-acfc-b2bde89e3d95@group-24B6E1CCF0B2-FollowerState: change to CANDIDATE, lastRpcElapsedTime:5119042207ns, electionTimeout:5110ms
2021-08-04 04:54:26,110 [8a31fd49-3da4-4fd9-acfc-b2bde89e3d95@group-24B6E1CCF0B2-FollowerState] INFO  impl.RoleInfo (RoleInfo.java:shutdownFollowerState(108)) - 8a31fd49-3da4-4fd9-acfc-b2bde89e3d95: shutdown 8a31fd49-3da4-4fd9-acfc-b2bde89e3d95@group-24B6E1CCF0B2-FollowerState
2021-08-04 04:54:26,110 [8a31fd49-3da4-4fd9-acfc-b2bde89e3d95@group-24B6E1CCF0B2-FollowerState] INFO  server.RaftServer$Division (RaftServerImpl.java:setRole(285)) - 8a31fd49-3da4-4fd9-acfc-b2bde89e3d95@group-24B6E1CCF0B2: changes role from  FOLLOWER to CANDIDATE at term 11 for changeToCandidate
2021-08-04 04:54:26,110 [8a31fd49-3da4-4fd9-acfc-b2bde89e3d95@group-24B6E1CCF0B2-FollowerState] INFO  server.RaftServerConfigKeys (ConfUtils.java:logGet(44)) - raft.server.leaderelection.pre-vote = false (custom)
2021-08-04 04:54:26,110 [8a31fd49-3da4-4fd9-acfc-b2bde89e3d95@group-24B6E1CCF0B2-FollowerState] INFO  impl.RoleInfo (RoleInfo.java:updateAndGet(130)) - 8a31fd49-3da4-4fd9-acfc-b2bde89e3d95: start 8a31fd49-3da4-4fd9-acfc-b2bde89e3d95@group-24B6E1CCF0B2-LeaderElection43
2021-08-04 04:54:26,112 [8a31fd49-3da4-4fd9-acfc-b2bde89e3d95@group-24B6E1CCF0B2-LeaderElection43] INFO  impl.LeaderElection (LeaderElection.java:askForVotes(306)) - 8a31fd49-3da4-4fd9-acfc-b2bde89e3d95@group-24B6E1CCF0B2-LeaderElection43 ELECTION round 0: submit vote requests at term 12 for -1: [3b35e8af-4420-4337-880c-bcb538b04dba|rpc:10.1.0.14:40083|dataStream:|priority:0, 387044f6-9ada-47c7-9f57-c4453de21297|rpc:10.1.0.14:39215|dataStream:|priority:0, 8a31fd49-3da4-4fd9-acfc-b2bde89e3d95|rpc:10.1.0.14:37907|dataStream:|priority:1], old=null
2021-08-04 04:54:26,119 [grpc-default-executor-4] INFO  server.RaftServer$Division (RaftServerImpl.java:requestVote(1043)) - 3b35e8af-4420-4337-880c-bcb538b04dba@group-24B6E1CCF0B2: receive requestVote(ELECTION, 8a31fd49-3da4-4fd9-acfc-b2bde89e3d95, group-24B6E1CCF0B2, 12, (t:0, i:0))
2021-08-04 04:54:26,119 [grpc-default-executor-4] INFO  impl.VoteContext (VoteContext.java:log(48)) - 3b35e8af-4420-4337-880c-bcb538b04dba@group-24B6E1CCF0B2-FOLLOWER: accept ELECTION from 8a31fd49-3da4-4fd9-acfc-b2bde89e3d95: our priority 0 <= candidate's priority 1
2021-08-04 04:54:26,119 [grpc-default-executor-4] INFO  server.RaftServer$Division (RaftServerImpl.java:setRole(285)) - 3b35e8af-4420-4337-880c-bcb538b04dba@group-24B6E1CCF0B2: changes role from  FOLLOWER to FOLLOWER at term 12 for candidate:8a31fd49-3da4-4fd9-acfc-b2bde89e3d95
2021-08-04 04:54:26,119 [grpc-default-executor-4] INFO  impl.RoleInfo (RoleInfo.java:shutdownFollowerState(108)) - 3b35e8af-4420-4337-880c-bcb538b04dba: shutdown 3b35e8af-4420-4337-880c-bcb538b04dba@group-24B6E1CCF0B2-FollowerState
2021-08-04 04:54:26,119 [grpc-default-executor-4] INFO  impl.RoleInfo (RoleInfo.java:updateAndGet(130)) - 3b35e8af-4420-4337-880c-bcb538b04dba: start 3b35e8af-4420-4337-880c-bcb538b04dba@group-24B6E1CCF0B2-FollowerState
2021-08-04 04:54:26,119 [3b35e8af-4420-4337-880c-bcb538b04dba@group-24B6E1CCF0B2-FollowerState] INFO  impl.FollowerState (FollowerState.java:run(143)) - 3b35e8af-4420-4337-880c-bcb538b04dba@group-24B6E1CCF0B2-FollowerState was interrupted: {}
java.lang.InterruptedException: sleep interrupted
	at java.lang.Thread.sleep(Native Method)
	at java.lang.Thread.sleep(Thread.java:340)
	at java.util.concurrent.TimeUnit.sleep(TimeUnit.java:386)
	at org.apache.ratis.util.TimeDuration.sleep(TimeDuration.java:324)
	at org.apache.ratis.util.TimeDuration.sleep(TimeDuration.java:309)
	at org.apache.ratis.server.impl.FollowerState.run(FollowerState.java:118)
2021-08-04 04:54:26,120 [grpc-default-executor-3] INFO  server.RaftServer$Division (RaftServerImpl.java:requestVote(1043)) - 387044f6-9ada-47c7-9f57-c4453de21297@group-24B6E1CCF0B2: receive requestVote(ELECTION, 8a31fd49-3da4-4fd9-acfc-b2bde89e3d95, group-24B6E1CCF0B2, 12, (t:0, i:0))
2021-08-04 04:54:26,120 [grpc-default-executor-3] INFO  impl.VoteContext (VoteContext.java:log(48)) - 387044f6-9ada-47c7-9f57-c4453de21297@group-24B6E1CCF0B2-FOLLOWER: accept ELECTION from 8a31fd49-3da4-4fd9-acfc-b2bde89e3d95: our priority 0 <= candidate's priority 1
2021-08-04 04:54:26,120 [grpc-default-executor-3] INFO  server.RaftServer$Division (RaftServerImpl.java:setRole(285)) - 387044f6-9ada-47c7-9f57-c4453de21297@group-24B6E1CCF0B2: changes role from  FOLLOWER to FOLLOWER at term 12 for candidate:8a31fd49-3da4-4fd9-acfc-b2bde89e3d95
2021-08-04 04:54:26,120 [grpc-default-executor-3] INFO  impl.RoleInfo (RoleInfo.java:shutdownFollowerState(108)) - 387044f6-9ada-47c7-9f57-c4453de21297: shutdown 387044f6-9ada-47c7-9f57-c4453de21297@group-24B6E1CCF0B2-FollowerState
2021-08-04 04:54:26,120 [grpc-default-executor-3] INFO  impl.RoleInfo (RoleInfo.java:updateAndGet(130)) - 387044f6-9ada-47c7-9f57-c4453de21297: start 387044f6-9ada-47c7-9f57-c4453de21297@group-24B6E1CCF0B2-FollowerState
2021-08-04 04:54:26,120 [387044f6-9ada-47c7-9f57-c4453de21297@group-24B6E1CCF0B2-FollowerState] INFO  impl.FollowerState (FollowerState.java:run(143)) - 387044f6-9ada-47c7-9f57-c4453de21297@group-24B6E1CCF0B2-FollowerState was interrupted: {}
java.lang.InterruptedException: sleep interrupted
	at java.lang.Thread.sleep(Native Method)
	at java.lang.Thread.sleep(Thread.java:340)
	at java.util.concurrent.TimeUnit.sleep(TimeUnit.java:386)
	at org.apache.ratis.util.TimeDuration.sleep(TimeDuration.java:324)
	at org.apache.ratis.util.TimeDuration.sleep(TimeDuration.java:309)
	at org.apache.ratis.server.impl.FollowerState.run(FollowerState.java:118)
2021-08-04 04:54:26,121 [grpc-default-executor-4] INFO  server.RaftServer$Division (RaftServerImpl.java:requestVote(1075)) - 3b35e8af-4420-4337-880c-bcb538b04dba@group-24B6E1CCF0B2 replies to ELECTION vote request: 8a31fd49-3da4-4fd9-acfc-b2bde89e3d95<-3b35e8af-4420-4337-880c-bcb538b04dba#0:OK-t12. Peer's state: 3b35e8af-4420-4337-880c-bcb538b04dba@group-24B6E1CCF0B2:t12, leader=null, voted=8a31fd49-3da4-4fd9-acfc-b2bde89e3d95, raftlog=3b35e8af-4420-4337-880c-bcb538b04dba@group-24B6E1CCF0B2-SegmentedRaftLog:OPENED:c-1,f-1,i0, conf=-1: [3b35e8af-4420-4337-880c-bcb538b04dba|rpc:10.1.0.14:40083|dataStream:|priority:0, 387044f6-9ada-47c7-9f57-c4453de21297|rpc:10.1.0.14:39215|dataStream:|priority:0, 8a31fd49-3da4-4fd9-acfc-b2bde89e3d95|rpc:10.1.0.14:37907|dataStream:|priority:1], old=null
2021-08-04 04:54:26,122 [grpc-default-executor-3] INFO  server.RaftServer$Division (RaftServerImpl.java:requestVote(1075)) - 387044f6-9ada-47c7-9f57-c4453de21297@group-24B6E1CCF0B2 replies to ELECTION vote request: 8a31fd49-3da4-4fd9-acfc-b2bde89e3d95<-387044f6-9ada-47c7-9f57-c4453de21297#0:OK-t12. Peer's state: 387044f6-9ada-47c7-9f57-c4453de21297@group-24B6E1CCF0B2:t12, leader=null, voted=8a31fd49-3da4-4fd9-acfc-b2bde89e3d95, raftlog=387044f6-9ada-47c7-9f57-c4453de21297@group-24B6E1CCF0B2-SegmentedRaftLog:OPENED:c-1,f-1,i0, conf=-1: [3b35e8af-4420-4337-880c-bcb538b04dba|rpc:10.1.0.14:40083|priority:0, 387044f6-9ada-47c7-9f57-c4453de21297|rpc:10.1.0.14:39215|priority:0, 8a31fd49-3da4-4fd9-acfc-b2bde89e3d95|rpc:10.1.0.14:37907|priority:1], old=null
2021-08-04 04:54:26,123 [8a31fd49-3da4-4fd9-acfc-b2bde89e3d95@group-24B6E1CCF0B2-LeaderElection43] INFO  impl.LeaderElection (LeaderElection.java:logAndReturn(89)) - 8a31fd49-3da4-4fd9-acfc-b2bde89e3d95@group-24B6E1CCF0B2-LeaderElection43: ELECTION PASSED received 1 response(s) and 0 exception(s):
2021-08-04 04:54:26,123 [8a31fd49-3da4-4fd9-acfc-b2bde89e3d95@group-24B6E1CCF0B2-LeaderElection43] INFO  impl.LeaderElection (LeaderElection.java:logAndReturn(93)) -   Response 0: 8a31fd49-3da4-4fd9-acfc-b2bde89e3d95<-387044f6-9ada-47c7-9f57-c4453de21297#0:OK-t12
2021-08-04 04:54:26,123 [8a31fd49-3da4-4fd9-acfc-b2bde89e3d95@group-24B6E1CCF0B2-LeaderElection43] INFO  impl.LeaderElection (LeaderElection.java:askForVotes(308)) - 8a31fd49-3da4-4fd9-acfc-b2bde89e3d95@group-24B6E1CCF0B2-LeaderElection43 ELECTION round 0: result PASSED
2021-08-04 04:54:26,123 [8a31fd49-3da4-4fd9-acfc-b2bde89e3d95@group-24B6E1CCF0B2-LeaderElection43] INFO  impl.RoleInfo (RoleInfo.java:shutdownLeaderElection(121)) - 8a31fd49-3da4-4fd9-acfc-b2bde89e3d95: shutdown 8a31fd49-3da4-4fd9-acfc-b2bde89e3d95@group-24B6E1CCF0B2-LeaderElection43
2021-08-04 04:54:26,123 [8a31fd49-3da4-4fd9-acfc-b2bde89e3d95@group-24B6E1CCF0B2-LeaderElection43] INFO  server.RaftServer$Division (RaftServerImpl.java:setRole(285)) - 8a31fd49-3da4-4fd9-acfc-b2bde89e3d95@group-24B6E1CCF0B2: changes role from CANDIDATE to LEADER at term 12 for changeToLeader
2021-08-04 04:54:26,123 [8a31fd49-3da4-4fd9-acfc-b2bde89e3d95@group-24B6E1CCF0B2-LeaderElection43] INFO  ratis.XceiverServerRatis (XceiverServerRatis.java:handleLeaderChangedNotification(857)) - Leader change notification received for group: group-24B6E1CCF0B2 with new leaderId: 8a31fd49-3da4-4fd9-acfc-b2bde89e3d95
2021-08-04 04:54:26,123 [8a31fd49-3da4-4fd9-acfc-b2bde89e3d95@group-24B6E1CCF0B2-LeaderElection43] INFO  server.RaftServer$Division (ServerState.java:setLeader(285)) - 8a31fd49-3da4-4fd9-acfc-b2bde89e3d95@group-24B6E1CCF0B2: change Leader from null to 8a31fd49-3da4-4fd9-acfc-b2bde89e3d95 at term 12 for becomeLeader, leader elected after 61142ms
2021-08-04 04:54:26,123 [8a31fd49-3da4-4fd9-acfc-b2bde89e3d95@group-24B6E1CCF0B2-LeaderElection43] INFO  server.RaftServerConfigKeys (ConfUtils.java:logGet(44)) - raft.server.staging.catchup.gap = 1000 (default)
2021-08-04 04:54:26,124 [8a31fd49-3da4-4fd9-acfc-b2bde89e3d95@group-24B6E1CCF0B2-LeaderElection43] INFO  server.RaftServerConfigKeys (ConfUtils.java:logGet(44)) - raft.server.write.element-limit = 1024 (custom)
2021-08-04 04:54:26,124 [8a31fd49-3da4-4fd9-acfc-b2bde89e3d95@group-24B6E1CCF0B2-LeaderElection43] INFO  server.RaftServerConfigKeys (ConfUtils.java:logGet(44)) - raft.server.write.byte-limit = 1073741824 (custom)
2021-08-04 04:54:26,124 [8a31fd49-3da4-4fd9-acfc-b2bde89e3d95@group-24B6E1CCF0B2-LeaderElection43] INFO  server.RaftServerConfigKeys (ConfUtils.java:logGet(44)) - raft.server.watch.timeout = 180s (custom)
2021-08-04 04:54:26,124 [8a31fd49-3da4-4fd9-acfc-b2bde89e3d95@group-24B6E1CCF0B2-LeaderElection43] INFO  server.RaftServerConfigKeys (ConfUtils.java:logGet(44)) - raft.server.watch.timeout.denomination = 1s (default)
2021-08-04 04:54:26,124 [8a31fd49-3da4-4fd9-acfc-b2bde89e3d95@group-24B6E1CCF0B2-LeaderElection43] INFO  server.RaftServerConfigKeys (ConfUtils.java:logGet(44)) - raft.server.watch.element-limit = 65536 (default)
2021-08-04 04:54:26,124 [8a31fd49-3da4-4fd9-acfc-b2bde89e3d95@group-24B6E1CCF0B2-LeaderElection43] INFO  server.RaftServerConfigKeys (ConfUtils.java:logGet(44)) - raft.server.log.appender.snapshot.chunk.size.max = 16MB (=16777216) (default)
2021-08-04 04:54:26,124 [8a31fd49-3da4-4fd9-acfc-b2bde89e3d95@group-24B6E1CCF0B2-LeaderElection43] INFO  server.RaftServerConfigKeys (ConfUtils.java:logGet(44)) - raft.server.log.appender.buffer.byte-limit = 33554432 (custom)
2021-08-04 04:54:26,124 [8a31fd49-3da4-4fd9-acfc-b2bde89e3d95@group-24B6E1CCF0B2-LeaderElection43] INFO  server.RaftServerConfigKeys (ConfUtils.java:logGet(44)) - raft.server.log.appender.buffer.element-limit = 1 (custom)
2021-08-04 04:54:26,124 [8a31fd49-3da4-4fd9-acfc-b2bde89e3d95@group-24B6E1CCF0B2-LeaderElection43] INFO  grpc.GrpcConfigKeys (ConfUtils.java:logGet(44)) - raft.grpc.server.leader.outstanding.appends.max = 128 (default)
2021-08-04 04:54:26,124 [8a31fd49-3da4-4fd9-acfc-b2bde89e3d95@group-24B6E1CCF0B2-LeaderElection43] INFO  server.RaftServerConfigKeys (ConfUtils.java:logGet(44)) - raft.server.rpc.request.timeout = 60s (custom)
2021-08-04 04:54:26,124 [8a31fd49-3da4-4fd9-acfc-b2bde89e3d95@group-24B6E1CCF0B2-LeaderElection43] INFO  server.RaftServerConfigKeys (ConfUtils.java:logGet(44)) - raft.server.log.appender.install.snapshot.enabled = false (custom)
2021-08-04 04:54:26,125 [8a31fd49-3da4-4fd9-acfc-b2bde89e3d95@group-24B6E1CCF0B2-LeaderElection43] INFO  server.RaftServerConfigKeys (ConfUtils.java:logGet(44)) - raft.server.log.appender.snapshot.chunk.size.max = 16MB (=16777216) (default)
2021-08-04 04:54:26,125 [8a31fd49-3da4-4fd9-acfc-b2bde89e3d95@group-24B6E1CCF0B2-LeaderElection43] INFO  server.RaftServerConfigKeys (ConfUtils.java:logGet(44)) - raft.server.log.appender.buffer.byte-limit = 33554432 (custom)
2021-08-04 04:54:26,125 [8a31fd49-3da4-4fd9-acfc-b2bde89e3d95@group-24B6E1CCF0B2-LeaderElection43] INFO  server.RaftServerConfigKeys (ConfUtils.java:logGet(44)) - raft.server.log.appender.buffer.element-limit = 1 (custom)
2021-08-04 04:54:26,125 [8a31fd49-3da4-4fd9-acfc-b2bde89e3d95@group-24B6E1CCF0B2-LeaderElection43] INFO  grpc.GrpcConfigKeys (ConfUtils.java:logGet(44)) - raft.grpc.server.leader.outstanding.appends.max = 128 (default)
2021-08-04 04:54:26,125 [8a31fd49-3da4-4fd9-acfc-b2bde89e3d95@group-24B6E1CCF0B2-LeaderElection43] INFO  server.RaftServerConfigKeys (ConfUtils.java:logGet(44)) - raft.server.rpc.request.timeout = 60s (custom)
2021-08-04 04:54:26,125 [8a31fd49-3da4-4fd9-acfc-b2bde89e3d95@group-24B6E1CCF0B2-LeaderElection43] INFO  server.RaftServerConfigKeys (ConfUtils.java:logGet(44)) - raft.server.log.appender.install.snapshot.enabled = false (custom)
2021-08-04 04:54:26,126 [8a31fd49-3da4-4fd9-acfc-b2bde89e3d95@group-24B6E1CCF0B2-LeaderElection43] INFO  impl.RoleInfo (RoleInfo.java:updateAndGet(130)) - 8a31fd49-3da4-4fd9-acfc-b2bde89e3d95: start 8a31fd49-3da4-4fd9-acfc-b2bde89e3d95@group-24B6E1CCF0B2-LeaderStateImpl
2021-08-04 04:54:26,126 [8a31fd49-3da4-4fd9-acfc-b2bde89e3d95@group-24B6E1CCF0B2-LeaderElection43] INFO  segmented.SegmentedRaftLogWorker (SegmentedRaftLogWorker.java:startLogSegment(394)) - 8a31fd49-3da4-4fd9-acfc-b2bde89e3d95@group-24B6E1CCF0B2-SegmentedRaftLogWorker: Starting segment from index:0
2021-08-04 04:54:26,128 [8a31fd49-3da4-4fd9-acfc-b2bde89e3d95@group-24B6E1CCF0B2-SegmentedRaftLogWorker] INFO  segmented.SegmentedRaftLogWorker (SegmentedRaftLogWorker.java:execute(601)) - 8a31fd49-3da4-4fd9-acfc-b2bde89e3d95@group-24B6E1CCF0B2-SegmentedRaftLogWorker: created new log segment /home/runner/work/ozone/ozone/mnt/ozone/hadoop-ozone/integration-test/target/test-dir/MiniOzoneClusterImpl-f8689e89-4432-43a3-ae55-b25b0dce3dad/datanode-0/data/ratis/26c9065b-b333-4a66-b9f4-24b6e1ccf0b2/current/log_inprogress_0
2021-08-04 04:54:26,128 [grpc-default-executor-4] INFO  ratis.XceiverServerRatis (XceiverServerRatis.java:handleLeaderChangedNotification(857)) - Leader change notification received for group: group-24B6E1CCF0B2 with new leaderId: 8a31fd49-3da4-4fd9-acfc-b2bde89e3d95
2021-08-04 04:54:26,129 [grpc-default-executor-4] INFO  server.RaftServer$Division (ServerState.java:setLeader(285)) - 3b35e8af-4420-4337-880c-bcb538b04dba@group-24B6E1CCF0B2: change Leader from null to 8a31fd49-3da4-4fd9-acfc-b2bde89e3d95 at term 12 for appendEntries, leader elected after 61114ms
2021-08-04 04:54:26,132 [grpc-default-executor-6] INFO  ratis.XceiverServerRatis (XceiverServerRatis.java:handleLeaderChangedNotification(857)) - Leader change notification received for group: group-24B6E1CCF0B2 with new leaderId: 8a31fd49-3da4-4fd9-acfc-b2bde89e3d95
2021-08-04 04:54:26,132 [grpc-default-executor-6] INFO  server.RaftServer$Division (ServerState.java:setLeader(285)) - 387044f6-9ada-47c7-9f57-c4453de21297@group-24B6E1CCF0B2: change Leader from null to 8a31fd49-3da4-4fd9-acfc-b2bde89e3d95 at term 12 for appendEntries, leader elected after 61176ms
2021-08-04 04:54:26,137 [8a31fd49-3da4-4fd9-acfc-b2bde89e3d95@group-24B6E1CCF0B2-LeaderElection43] INFO  server.RaftServer$Division (ServerState.java:setRaftConf(387)) - 8a31fd49-3da4-4fd9-acfc-b2bde89e3d95@group-24B6E1CCF0B2: set configuration 0: [3b35e8af-4420-4337-880c-bcb538b04dba|rpc:10.1.0.14:40083|dataStream:|priority:0, 387044f6-9ada-47c7-9f57-c4453de21297|rpc:10.1.0.14:39215|dataStream:|priority:0, 8a31fd49-3da4-4fd9-acfc-b2bde89e3d95|rpc:10.1.0.14:37907|dataStream:|priority:1], old=null
2021-08-04 04:54:26,143 [grpc-default-executor-4] INFO  server.RaftServer$Division (ServerState.java:setRaftConf(387)) - 3b35e8af-4420-4337-880c-bcb538b04dba@group-24B6E1CCF0B2: set configuration 0: [3b35e8af-4420-4337-880c-bcb538b04dba|rpc:10.1.0.14:40083|dataStream:|priority:0, 387044f6-9ada-47c7-9f57-c4453de21297|rpc:10.1.0.14:39215|dataStream:|priority:0, 8a31fd49-3da4-4fd9-acfc-b2bde89e3d95|rpc:10.1.0.14:37907|dataStream:|priority:1], old=null
2021-08-04 04:54:26,143 [grpc-default-executor-4] INFO  segmented.SegmentedRaftLogWorker (SegmentedRaftLogWorker.java:startLogSegment(394)) - 3b35e8af-4420-4337-880c-bcb538b04dba@group-24B6E1CCF0B2-SegmentedRaftLogWorker: Starting segment from index:0
2021-08-04 04:54:26,148 [3b35e8af-4420-4337-880c-bcb538b04dba@group-24B6E1CCF0B2-SegmentedRaftLogWorker] INFO  segmented.SegmentedRaftLogWorker (SegmentedRaftLogWorker.java:execute(601)) - 3b35e8af-4420-4337-880c-bcb538b04dba@group-24B6E1CCF0B2-SegmentedRaftLogWorker: created new log segment /home/runner/work/ozone/ozone/mnt/ozone/hadoop-ozone/integration-test/target/test-dir/MiniOzoneClusterImpl-f8689e89-4432-43a3-ae55-b25b0dce3dad/datanode-2/data/ratis/26c9065b-b333-4a66-b9f4-24b6e1ccf0b2/current/log_inprogress_0
2021-08-04 04:54:26,150 [grpc-default-executor-4] INFO  server.RaftServer$Division (ServerState.java:setRaftConf(387)) - 387044f6-9ada-47c7-9f57-c4453de21297@group-24B6E1CCF0B2: set configuration 0: [3b35e8af-4420-4337-880c-bcb538b04dba|rpc:10.1.0.14:40083|dataStream:|priority:0, 387044f6-9ada-47c7-9f57-c4453de21297|rpc:10.1.0.14:39215|dataStream:|priority:0, 8a31fd49-3da4-4fd9-acfc-b2bde89e3d95|rpc:10.1.0.14:37907|dataStream:|priority:1], old=null
2021-08-04 04:54:26,150 [grpc-default-executor-4] INFO  segmented.SegmentedRaftLogWorker (SegmentedRaftLogWorker.java:startLogSegment(394)) - 387044f6-9ada-47c7-9f57-c4453de21297@group-24B6E1CCF0B2-SegmentedRaftLogWorker: Starting segment from index:0
2021-08-04 04:54:26,151 [387044f6-9ada-47c7-9f57-c4453de21297@group-24B6E1CCF0B2-SegmentedRaftLogWorker] INFO  segmented.SegmentedRaftLogWorker (SegmentedRaftLogWorker.java:execute(601)) - 387044f6-9ada-47c7-9f57-c4453de21297@group-24B6E1CCF0B2-SegmentedRaftLogWorker: created new log segment /home/runner/work/ozone/ozone/mnt/ozone/hadoop-ozone/integration-test/target/test-dir/MiniOzoneClusterImpl-f8689e89-4432-43a3-ae55-b25b0dce3dad/datanode-1/data/ratis/26c9065b-b333-4a66-b9f4-24b6e1ccf0b2/current/log_inprogress_0
2021-08-04 04:54:26,937 [Thread-787] INFO  upgrade.UpgradeFinalizer (SCMUpgradeFinalizer.java:postFinalizeUpgrade(114)) - Waiting for at least one open pipeline after SCM finalization.
2021-08-04 04:54:26,995 [Listener at 0.0.0.0/43893] INFO  ozoneimpl.OzoneContainer (OzoneContainer.java:stop(326)) - Attempting to stop container services.
2021-08-04 04:54:26,995 [ForkJoinPool.commonPool-worker-1] INFO  ozoneimpl.OzoneContainer (OzoneContainer.java:stop(326)) - Attempting to stop container services.
2021-08-04 04:54:26,996 [Listener at 0.0.0.0/43893] INFO  server.RaftServer (RaftServerProxy.java:lambda$close$6(391)) - 387044f6-9ada-47c7-9f57-c4453de21297: close
2021-08-04 04:54:26,996 [ForkJoinPool.commonPool-worker-1] INFO  server.RaftServer (RaftServerProxy.java:lambda$close$6(391)) - 8a31fd49-3da4-4fd9-acfc-b2bde89e3d95: close
2021-08-04 04:54:26,996 [Listener at 0.0.0.0/43893] INFO  server.RaftServer$Division (RaftServerImpl.java:lambda$close$4(407)) - 387044f6-9ada-47c7-9f57-c4453de21297@group-0FAA29AAD80C: shutdown
2021-08-04 04:54:26,996 [Listener at 0.0.0.0/43893] INFO  util.JmxRegister (JmxRegister.java:unregister(73)) - Successfully un-registered JMX Bean with object name Ratis:service=RaftServer,group=group-0FAA29AAD80C,id=387044f6-9ada-47c7-9f57-c4453de21297
2021-08-04 04:54:26,996 [Listener at 0.0.0.0/43893] INFO  impl.RoleInfo (RoleInfo.java:shutdownLeaderState(91)) - 387044f6-9ada-47c7-9f57-c4453de21297: shutdown 387044f6-9ada-47c7-9f57-c4453de21297@group-0FAA29AAD80C-LeaderStateImpl
2021-08-04 04:54:26,997 [Listener at 0.0.0.0/43893] INFO  impl.PendingRequests (PendingRequests.java:sendNotLeaderResponses(249)) - 387044f6-9ada-47c7-9f57-c4453de21297@group-0FAA29AAD80C-PendingRequests: sendNotLeaderResponses
2021-08-04 04:54:26,997 [Listener at 0.0.0.0/43893] INFO  impl.StateMachineUpdater (StateMachineUpdater.java:stopAndJoin(149)) - 387044f6-9ada-47c7-9f57-c4453de21297@group-0FAA29AAD80C-StateMachineUpdater: set stopIndex = 0
2021-08-04 04:54:26,996 [ForkJoinPool.commonPool-worker-1] INFO  server.RaftServer$Division (RaftServerImpl.java:lambda$close$4(407)) - 8a31fd49-3da4-4fd9-acfc-b2bde89e3d95@group-6A9400823284: shutdown
2021-08-04 04:54:26,997 [ForkJoinPool.commonPool-worker-1] INFO  util.JmxRegister (JmxRegister.java:unregister(73)) - Successfully un-registered JMX Bean with object name Ratis:service=RaftServer,group=group-6A9400823284,id=8a31fd49-3da4-4fd9-acfc-b2bde89e3d95
2021-08-04 04:54:26,997 [ForkJoinPool.commonPool-worker-1] INFO  impl.RoleInfo (RoleInfo.java:shutdownLeaderState(91)) - 8a31fd49-3da4-4fd9-acfc-b2bde89e3d95: shutdown 8a31fd49-3da4-4fd9-acfc-b2bde89e3d95@group-6A9400823284-LeaderStateImpl
2021-08-04 04:54:26,997 [387044f6-9ada-47c7-9f57-c4453de21297@group-0FAA29AAD80C-StateMachineUpdater] INFO  ratis.ContainerStateMachine (ContainerStateMachine.java:takeSnapshot(291)) - group-0FAA29AAD80C: Taking a snapshot at:(t:1, i:0) file /home/runner/work/ozone/ozone/mnt/ozone/hadoop-ozone/integration-test/target/test-dir/MiniOzoneClusterImpl-f8689e89-4432-43a3-ae55-b25b0dce3dad/datanode-1/data/ratis/9fb1c133-6622-4cc0-b39e-0faa29aad80c/sm/snapshot.1_0
2021-08-04 04:54:26,998 [ForkJoinPool.commonPool-worker-1] INFO  impl.PendingRequests (PendingRequests.java:sendNotLeaderResponses(249)) - 8a31fd49-3da4-4fd9-acfc-b2bde89e3d95@group-6A9400823284-PendingRequests: sendNotLeaderResponses
2021-08-04 04:54:26,998 [ForkJoinPool.commonPool-worker-1] INFO  impl.StateMachineUpdater (StateMachineUpdater.java:stopAndJoin(149)) - 8a31fd49-3da4-4fd9-acfc-b2bde89e3d95@group-6A9400823284-StateMachineUpdater: set stopIndex = 0
2021-08-04 04:54:26,998 [8a31fd49-3da4-4fd9-acfc-b2bde89e3d95@group-6A9400823284-StateMachineUpdater] INFO  ratis.ContainerStateMachine (ContainerStateMachine.java:takeSnapshot(291)) - group-6A9400823284: Taking a snapshot at:(t:1, i:0) file /home/runner/work/ozone/ozone/mnt/ozone/hadoop-ozone/integration-test/target/test-dir/MiniOzoneClusterImpl-f8689e89-4432-43a3-ae55-b25b0dce3dad/datanode-0/data/ratis/82af518e-b7bd-4ce1-930d-6a9400823284/sm/snapshot.1_0
2021-08-04 04:54:26,998 [387044f6-9ada-47c7-9f57-c4453de21297@group-0FAA29AAD80C-StateMachineUpdater] INFO  ratis.ContainerStateMachine (ContainerStateMachine.java:takeSnapshot(302)) - group-0FAA29AAD80C: Finished taking a snapshot at:(t:1, i:0) file:/home/runner/work/ozone/ozone/mnt/ozone/hadoop-ozone/integration-test/target/test-dir/MiniOzoneClusterImpl-f8689e89-4432-43a3-ae55-b25b0dce3dad/datanode-1/data/ratis/9fb1c133-6622-4cc0-b39e-0faa29aad80c/sm/snapshot.1_0 took: 1 ms
2021-08-04 04:54:26,999 [387044f6-9ada-47c7-9f57-c4453de21297@group-0FAA29AAD80C-StateMachineUpdater] INFO  impl.StateMachineUpdater (StateMachineUpdater.java:takeSnapshot(281)) - 387044f6-9ada-47c7-9f57-c4453de21297@group-0FAA29AAD80C-StateMachineUpdater: Took a snapshot at index 0
2021-08-04 04:54:26,999 [387044f6-9ada-47c7-9f57-c4453de21297@group-0FAA29AAD80C-StateMachineUpdater] INFO  impl.StateMachineUpdater (StateMachineUpdater.java:lambda$new$0(89)) - 387044f6-9ada-47c7-9f57-c4453de21297@group-0FAA29AAD80C-StateMachineUpdater: snapshotIndex: updateIncreasingly -1 -> 0
2021-08-04 04:54:26,999 [8a31fd49-3da4-4fd9-acfc-b2bde89e3d95@group-6A9400823284-StateMachineUpdater] INFO  ratis.ContainerStateMachine (ContainerStateMachine.java:takeSnapshot(302)) - group-6A9400823284: Finished taking a snapshot at:(t:1, i:0) file:/home/runner/work/ozone/ozone/mnt/ozone/hadoop-ozone/integration-test/target/test-dir/MiniOzoneClusterImpl-f8689e89-4432-43a3-ae55-b25b0dce3dad/datanode-0/data/ratis/82af518e-b7bd-4ce1-930d-6a9400823284/sm/snapshot.1_0 took: 1 ms
2021-08-04 04:54:26,999 [Listener at 0.0.0.0/43893] INFO  server.RaftServer$Division (ServerState.java:close(419)) - 387044f6-9ada-47c7-9f57-c4453de21297@group-0FAA29AAD80C: closes. applyIndex: 0
2021-08-04 04:54:26,999 [8a31fd49-3da4-4fd9-acfc-b2bde89e3d95@group-6A9400823284-StateMachineUpdater] INFO  impl.StateMachineUpdater (StateMachineUpdater.java:takeSnapshot(281)) - 8a31fd49-3da4-4fd9-acfc-b2bde89e3d95@group-6A9400823284-StateMachineUpdater: Took a snapshot at index 0
2021-08-04 04:54:26,999 [8a31fd49-3da4-4fd9-acfc-b2bde89e3d95@group-6A9400823284-StateMachineUpdater] INFO  impl.StateMachineUpdater (StateMachineUpdater.java:lambda$new$0(89)) - 8a31fd49-3da4-4fd9-acfc-b2bde89e3d95@group-6A9400823284-StateMachineUpdater: snapshotIndex: updateIncreasingly -1 -> 0
2021-08-04 04:54:26,999 [387044f6-9ada-47c7-9f57-c4453de21297@group-0FAA29AAD80C-SegmentedRaftLogWorker] INFO  segmented.SegmentedRaftLogWorker (SegmentedRaftLogWorker.java:run(327)) - 387044f6-9ada-47c7-9f57-c4453de21297@group-0FAA29AAD80C-SegmentedRaftLogWorker was interrupted, exiting. There are 0 tasks remaining in the queue.
2021-08-04 04:54:27,000 [ForkJoinPool.commonPool-worker-1] INFO  server.RaftServer$Division (ServerState.java:close(419)) - 8a31fd49-3da4-4fd9-acfc-b2bde89e3d95@group-6A9400823284: closes. applyIndex: 0
2021-08-04 04:54:27,000 [8a31fd49-3da4-4fd9-acfc-b2bde89e3d95@group-6A9400823284-SegmentedRaftLogWorker] INFO  segmented.SegmentedRaftLogWorker (SegmentedRaftLogWorker.java:run(327)) - 8a31fd49-3da4-4fd9-acfc-b2bde89e3d95@group-6A9400823284-SegmentedRaftLogWorker was interrupted, exiting. There are 0 tasks remaining in the queue.
2021-08-04 04:54:27,000 [Listener at 0.0.0.0/43893] INFO  segmented.SegmentedRaftLogWorker (SegmentedRaftLogWorker.java:close(237)) - 387044f6-9ada-47c7-9f57-c4453de21297@group-0FAA29AAD80C-SegmentedRaftLogWorker close()
2021-08-04 04:54:27,001 [ForkJoinPool.commonPool-worker-1] INFO  segmented.SegmentedRaftLogWorker (SegmentedRaftLogWorker.java:close(237)) - 8a31fd49-3da4-4fd9-acfc-b2bde89e3d95@group-6A9400823284-SegmentedRaftLogWorker close()
2021-08-04 04:54:27,002 [Listener at 0.0.0.0/43893] INFO  server.RaftServer$Division (RaftServerImpl.java:lambda$close$4(407)) - 387044f6-9ada-47c7-9f57-c4453de21297@group-24B6E1CCF0B2: shutdown
2021-08-04 04:54:27,002 [ForkJoinPool.commonPool-worker-1] INFO  server.RaftServer$Division (RaftServerImpl.java:lambda$close$4(407)) - 8a31fd49-3da4-4fd9-acfc-b2bde89e3d95@group-24B6E1CCF0B2: shutdown
2021-08-04 04:54:27,002 [ForkJoinPool.commonPool-worker-1] INFO  util.JmxRegister (JmxRegister.java:unregister(73)) - Successfully un-registered JMX Bean with object name Ratis:service=RaftServer,group=group-24B6E1CCF0B2,id=8a31fd49-3da4-4fd9-acfc-b2bde89e3d95
2021-08-04 04:54:27,002 [ForkJoinPool.commonPool-worker-1] INFO  impl.RoleInfo (RoleInfo.java:shutdownLeaderState(91)) - 8a31fd49-3da4-4fd9-acfc-b2bde89e3d95: shutdown 8a31fd49-3da4-4fd9-acfc-b2bde89e3d95@group-24B6E1CCF0B2-LeaderStateImpl
2021-08-04 04:54:27,002 [Listener at 0.0.0.0/43893] INFO  util.JmxRegister (JmxRegister.java:unregister(73)) - Successfully un-registered JMX Bean with object name Ratis:service=RaftServer,group=group-24B6E1CCF0B2,id=387044f6-9ada-47c7-9f57-c4453de21297
2021-08-04 04:54:27,002 [Listener at 0.0.0.0/43893] INFO  impl.RoleInfo (RoleInfo.java:shutdownFollowerState(108)) - 387044f6-9ada-47c7-9f57-c4453de21297: shutdown 387044f6-9ada-47c7-9f57-c4453de21297@group-24B6E1CCF0B2-FollowerState
2021-08-04 04:54:27,002 [ForkJoinPool.commonPool-worker-1] INFO  impl.PendingRequests (PendingRequests.java:sendNotLeaderResponses(249)) - 8a31fd49-3da4-4fd9-acfc-b2bde89e3d95@group-24B6E1CCF0B2-PendingRequests: sendNotLeaderResponses
2021-08-04 04:54:27,003 [387044f6-9ada-47c7-9f57-c4453de21297@group-24B6E1CCF0B2-FollowerState] INFO  impl.FollowerState (FollowerState.java:run(143)) - 387044f6-9ada-47c7-9f57-c4453de21297@group-24B6E1CCF0B2-FollowerState was interrupted: {}
java.lang.InterruptedException: sleep interrupted
	at java.lang.Thread.sleep(Native Method)
	at java.lang.Thread.sleep(Thread.java:340)
	at java.util.concurrent.TimeUnit.sleep(TimeUnit.java:386)
	at org.apache.ratis.util.TimeDuration.sleep(TimeDuration.java:324)
	at org.apache.ratis.util.TimeDuration.sleep(TimeDuration.java:309)
	at org.apache.ratis.server.impl.FollowerState.run(FollowerState.java:118)
2021-08-04 04:54:27,003 [387044f6-9ada-47c7-9f57-c4453de21297@group-24B6E1CCF0B2-StateMachineUpdater] INFO  ratis.ContainerStateMachine (ContainerStateMachine.java:takeSnapshot(291)) - group-24B6E1CCF0B2: Taking a snapshot at:(t:12, i:0) file /home/runner/work/ozone/ozone/mnt/ozone/hadoop-ozone/integration-test/target/test-dir/MiniOzoneClusterImpl-f8689e89-4432-43a3-ae55-b25b0dce3dad/datanode-1/data/ratis/26c9065b-b333-4a66-b9f4-24b6e1ccf0b2/sm/snapshot.12_0
2021-08-04 04:54:27,003 [8a31fd49-3da4-4fd9-acfc-b2bde89e3d95@group-24B6E1CCF0B2-StateMachineUpdater] INFO  ratis.ContainerStateMachine (ContainerStateMachine.java:takeSnapshot(291)) - group-24B6E1CCF0B2: Taking a snapshot at:(t:12, i:0) file /home/runner/work/ozone/ozone/mnt/ozone/hadoop-ozone/integration-test/target/test-dir/MiniOzoneClusterImpl-f8689e89-4432-43a3-ae55-b25b0dce3dad/datanode-0/data/ratis/26c9065b-b333-4a66-b9f4-24b6e1ccf0b2/sm/snapshot.12_0
2021-08-04 04:54:27,005 [387044f6-9ada-47c7-9f57-c4453de21297@group-24B6E1CCF0B2-StateMachineUpdater] INFO  ratis.ContainerStateMachine (ContainerStateMachine.java:takeSnapshot(302)) - group-24B6E1CCF0B2: Finished taking a snapshot at:(t:12, i:0) file:/home/runner/work/ozone/ozone/mnt/ozone/hadoop-ozone/integration-test/target/test-dir/MiniOzoneClusterImpl-f8689e89-4432-43a3-ae55-b25b0dce3dad/datanode-1/data/ratis/26c9065b-b333-4a66-b9f4-24b6e1ccf0b2/sm/snapshot.12_0 took: 1 ms
2021-08-04 04:54:27,005 [387044f6-9ada-47c7-9f57-c4453de21297@group-24B6E1CCF0B2-StateMachineUpdater] INFO  impl.StateMachineUpdater (StateMachineUpdater.java:takeSnapshot(281)) - 387044f6-9ada-47c7-9f57-c4453de21297@group-24B6E1CCF0B2-StateMachineUpdater: Took a snapshot at index 0
2021-08-04 04:54:27,005 [387044f6-9ada-47c7-9f57-c4453de21297@group-24B6E1CCF0B2-StateMachineUpdater] INFO  impl.StateMachineUpdater (StateMachineUpdater.java:lambda$new$0(89)) - 387044f6-9ada-47c7-9f57-c4453de21297@group-24B6E1CCF0B2-StateMachineUpdater: snapshotIndex: updateIncreasingly -1 -> 0
2021-08-04 04:54:27,003 [8a31fd49-3da4-4fd9-acfc-b2bde89e3d95@group-24B6E1CCF0B2->387044f6-9ada-47c7-9f57-c4453de21297-GrpcLogAppender-LogAppenderDaemon] WARN  server.GrpcLogAppender (GrpcLogAppender.java:mayWait(175)) - 8a31fd49-3da4-4fd9-acfc-b2bde89e3d95@group-24B6E1CCF0B2->387044f6-9ada-47c7-9f57-c4453de21297-GrpcLogAppender: Wait interrupted by java.lang.InterruptedException
2021-08-04 04:54:27,006 [grpc-default-executor-6] INFO  server.GrpcServerProtocolService (GrpcServerProtocolService.java:onCompleted(140)) - 387044f6-9ada-47c7-9f57-c4453de21297: Completed APPEND_ENTRIES, lastRequest: 8a31fd49-3da4-4fd9-acfc-b2bde89e3d95->387044f6-9ada-47c7-9f57-c4453de21297#1-t12,previous=(t:0, i:0),leaderCommit=-1,initializing? true,entries: size=1, first=(t:12, i:0), CONFIGURATIONENTRY
2021-08-04 04:54:27,002 [8a31fd49-3da4-4fd9-acfc-b2bde89e3d95@group-24B6E1CCF0B2->3b35e8af-4420-4337-880c-bcb538b04dba-GrpcLogAppender-LogAppenderDaemon] WARN  server.GrpcLogAppender (GrpcLogAppender.java:mayWait(175)) - 8a31fd49-3da4-4fd9-acfc-b2bde89e3d95@group-24B6E1CCF0B2->3b35e8af-4420-4337-880c-bcb538b04dba-GrpcLogAppender: Wait interrupted by java.lang.InterruptedException
2021-08-04 04:54:27,007 [grpc-default-executor-4] INFO  server.GrpcLogAppender (GrpcLogAppender.java:onCompleted(344)) - 8a31fd49-3da4-4fd9-acfc-b2bde89e3d95@group-24B6E1CCF0B2->387044f6-9ada-47c7-9f57-c4453de21297-AppendLogResponseHandler: follower responses appendEntries COMPLETED
2021-08-04 04:54:27,007 [grpc-default-executor-4] INFO  leader.FollowerInfo (FollowerInfoImpl.java:lambda$new$0(46)) - 8a31fd49-3da4-4fd9-acfc-b2bde89e3d95@group-24B6E1CCF0B2->387044f6-9ada-47c7-9f57-c4453de21297: nextIndex: updateUnconditionally 1 -> 0
2021-08-04 04:54:27,003 [Listener at 0.0.0.0/43893] INFO  impl.StateMachineUpdater (StateMachineUpdater.java:stopAndJoin(149)) - 387044f6-9ada-47c7-9f57-c4453de21297@group-24B6E1CCF0B2-StateMachineUpdater: set stopIndex = 0
2021-08-04 04:54:27,007 [ForkJoinPool.commonPool-worker-1] INFO  impl.StateMachineUpdater (StateMachineUpdater.java:stopAndJoin(149)) - 8a31fd49-3da4-4fd9-acfc-b2bde89e3d95@group-24B6E1CCF0B2-StateMachineUpdater: set stopIndex = 0
2021-08-04 04:54:27,007 [8a31fd49-3da4-4fd9-acfc-b2bde89e3d95@group-24B6E1CCF0B2-StateMachineUpdater] INFO  ratis.ContainerStateMachine (ContainerStateMachine.java:takeSnapshot(302)) - group-24B6E1CCF0B2: Finished taking a snapshot at:(t:12, i:0) file:/home/runner/work/ozone/ozone/mnt/ozone/hadoop-ozone/integration-test/target/test-dir/MiniOzoneClusterImpl-f8689e89-4432-43a3-ae55-b25b0dce3dad/datanode-0/data/ratis/26c9065b-b333-4a66-b9f4-24b6e1ccf0b2/sm/snapshot.12_0 took: 4 ms
2021-08-04 04:54:27,008 [8a31fd49-3da4-4fd9-acfc-b2bde89e3d95@group-24B6E1CCF0B2-StateMachineUpdater] INFO  impl.StateMachineUpdater (StateMachineUpdater.java:takeSnapshot(281)) - 8a31fd49-3da4-4fd9-acfc-b2bde89e3d95@group-24B6E1CCF0B2-StateMachineUpdater: Took a snapshot at index 0
2021-08-04 04:54:27,008 [8a31fd49-3da4-4fd9-acfc-b2bde89e3d95@group-24B6E1CCF0B2-StateMachineUpdater] INFO  impl.StateMachineUpdater (StateMachineUpdater.java:lambda$new$0(89)) - 8a31fd49-3da4-4fd9-acfc-b2bde89e3d95@group-24B6E1CCF0B2-StateMachineUpdater: snapshotIndex: updateIncreasingly -1 -> 0
2021-08-04 04:54:27,008 [ForkJoinPool.commonPool-worker-1] INFO  server.RaftServer$Division (ServerState.java:close(419)) - 8a31fd49-3da4-4fd9-acfc-b2bde89e3d95@group-24B6E1CCF0B2: closes. applyIndex: 0
2021-08-04 04:54:27,008 [8a31fd49-3da4-4fd9-acfc-b2bde89e3d95@group-24B6E1CCF0B2-SegmentedRaftLogWorker] INFO  segmented.SegmentedRaftLogWorker (SegmentedRaftLogWorker.java:run(327)) - 8a31fd49-3da4-4fd9-acfc-b2bde89e3d95@group-24B6E1CCF0B2-SegmentedRaftLogWorker was interrupted, exiting. There are 0 tasks remaining in the queue.
2021-08-04 04:54:27,008 [grpc-default-executor-4] INFO  server.GrpcServerProtocolService (GrpcServerProtocolService.java:onCompleted(140)) - 3b35e8af-4420-4337-880c-bcb538b04dba: Completed APPEND_ENTRIES, lastRequest: 8a31fd49-3da4-4fd9-acfc-b2bde89e3d95->3b35e8af-4420-4337-880c-bcb538b04dba#1-t12,previous=(t:0, i:0),leaderCommit=-1,initializing? true,entries: size=1, first=(t:12, i:0), CONFIGURATIONENTRY
2021-08-04 04:54:27,007 [Listener at 0.0.0.0/43893] INFO  server.RaftServer$Division (ServerState.java:close(419)) - 387044f6-9ada-47c7-9f57-c4453de21297@group-24B6E1CCF0B2: closes. applyIndex: 0
2021-08-04 04:54:27,009 [ForkJoinPool.commonPool-worker-1] INFO  segmented.SegmentedRaftLogWorker (SegmentedRaftLogWorker.java:close(237)) - 8a31fd49-3da4-4fd9-acfc-b2bde89e3d95@group-24B6E1CCF0B2-SegmentedRaftLogWorker close()
2021-08-04 04:54:27,009 [387044f6-9ada-47c7-9f57-c4453de21297@group-24B6E1CCF0B2-SegmentedRaftLogWorker] INFO  segmented.SegmentedRaftLogWorker (SegmentedRaftLogWorker.java:run(327)) - 387044f6-9ada-47c7-9f57-c4453de21297@group-24B6E1CCF0B2-SegmentedRaftLogWorker was interrupted, exiting. There are 0 tasks remaining in the queue.
2021-08-04 04:54:27,009 [grpc-default-executor-6] INFO  server.GrpcLogAppender (GrpcLogAppender.java:onCompleted(344)) - 8a31fd49-3da4-4fd9-acfc-b2bde89e3d95@group-24B6E1CCF0B2->3b35e8af-4420-4337-880c-bcb538b04dba-AppendLogResponseHandler: follower responses appendEntries COMPLETED
2021-08-04 04:54:27,009 [grpc-default-executor-6] INFO  leader.FollowerInfo (FollowerInfoImpl.java:lambda$new$0(46)) - 8a31fd49-3da4-4fd9-acfc-b2bde89e3d95@group-24B6E1CCF0B2->3b35e8af-4420-4337-880c-bcb538b04dba: nextIndex: updateUnconditionally 1 -> 0
2021-08-04 04:54:27,011 [Listener at 0.0.0.0/43893] INFO  segmented.SegmentedRaftLogWorker (SegmentedRaftLogWorker.java:close(237)) - 387044f6-9ada-47c7-9f57-c4453de21297@group-24B6E1CCF0B2-SegmentedRaftLogWorker close()
2021-08-04 04:54:27,012 [ForkJoinPool.commonPool-worker-1] INFO  server.GrpcService (GrpcService.java:closeImpl(262)) - 8a31fd49-3da4-4fd9-acfc-b2bde89e3d95: shutdown server with port 37907 now
2021-08-04 04:54:27,012 [Listener at 0.0.0.0/43893] INFO  server.GrpcService (GrpcService.java:closeImpl(262)) - 387044f6-9ada-47c7-9f57-c4453de21297: shutdown server with port 39215 now
2021-08-04 04:54:27,027 [Listener at 0.0.0.0/43893] INFO  server.GrpcService (GrpcService.java:closeImpl(271)) - 387044f6-9ada-47c7-9f57-c4453de21297: shutdown server with port 39215 successfully
2021-08-04 04:54:27,027 [ForkJoinPool.commonPool-worker-1] INFO  server.GrpcService (GrpcService.java:closeImpl(271)) - 8a31fd49-3da4-4fd9-acfc-b2bde89e3d95: shutdown server with port 37907 successfully
2021-08-04 04:54:27,028 [org.apache.ratis.util.JvmPauseMonitor$$Lambda$530/46818722@3cb073fe] INFO  util.JvmPauseMonitor (JvmPauseMonitor.java:run(109)) - JvmPauseMonitor-387044f6-9ada-47c7-9f57-c4453de21297: Stopped
2021-08-04 04:54:27,028 [org.apache.ratis.util.JvmPauseMonitor$$Lambda$530/46818722@6ea4d0b1] INFO  util.JvmPauseMonitor (JvmPauseMonitor.java:run(109)) - JvmPauseMonitor-8a31fd49-3da4-4fd9-acfc-b2bde89e3d95: Stopped
2021-08-04 04:54:27,029 [Listener at 0.0.0.0/43893] INFO  utils.BackgroundService (BackgroundService.java:shutdown(132)) - Shutting down service BlockDeletingService
2021-08-04 04:54:27,040 [ForkJoinPool.commonPool-worker-1] INFO  utils.BackgroundService (BackgroundService.java:shutdown(132)) - Shutting down service BlockDeletingService
2021-08-04 04:54:27,041 [Listener at 0.0.0.0/43893] INFO  statemachine.DatanodeStateMachine (DatanodeStateMachine.java:stopDaemon(514)) - Ozone container server stopped.
2021-08-04 04:54:27,042 [Listener at 0.0.0.0/43893] INFO  handler.ContextHandler (ContextHandler.java:doStop(1154)) - Stopped o.e.j.w.WebAppContext@2e76eb7{hddsDatanode,/,null,STOPPED}{jar:file:/home/runner/.m2/repository/org/apache/ozone/hdds-container-service/1.2.0-SNAPSHOT/hdds-container-service-1.2.0-SNAPSHOT.jar!/webapps/hddsDatanode}
2021-08-04 04:54:27,043 [ForkJoinPool.commonPool-worker-1] INFO  statemachine.DatanodeStateMachine (DatanodeStateMachine.java:stopDaemon(514)) - Ozone container server stopped.
2021-08-04 04:54:27,043 [Listener at 0.0.0.0/43893] INFO  server.AbstractConnector (AbstractConnector.java:doStop(381)) - Stopped ServerConnector@a4bdb14{HTTP/1.1, (http/1.1)}{0.0.0.0:0}
2021-08-04 04:54:27,043 [Listener at 0.0.0.0/43893] INFO  server.session (HouseKeeper.java:stopScavenging(149)) - node0 Stopped scavenging
2021-08-04 04:54:27,043 [Listener at 0.0.0.0/43893] INFO  handler.ContextHandler (ContextHandler.java:doStop(1154)) - Stopped o.e.j.s.ServletContextHandler@1e0fad4e{static,/static,jar:file:/home/runner/.m2/repository/org/apache/ozone/hdds-container-service/1.2.0-SNAPSHOT/hdds-container-service-1.2.0-SNAPSHOT.jar!/webapps/static,STOPPED}
2021-08-04 04:54:27,043 [Listener at 0.0.0.0/43893] INFO  handler.ContextHandler (ContextHandler.java:doStop(1154)) - Stopped o.e.j.s.ServletContextHandler@55e52f55{logs,/logs,file:///home/runner/work/ozone/ozone/mnt/ozone/hadoop-ozone/integration-test/target/log,STOPPED}
2021-08-04 04:54:27,046 [ForkJoinPool.commonPool-worker-1] INFO  handler.ContextHandler (ContextHandler.java:doStop(1154)) - Stopped o.e.j.w.WebAppContext@9d9f611{hddsDatanode,/,null,STOPPED}{jar:file:/home/runner/.m2/repository/org/apache/ozone/hdds-container-service/1.2.0-SNAPSHOT/hdds-container-service-1.2.0-SNAPSHOT.jar!/webapps/hddsDatanode}
2021-08-04 04:54:27,046 [ForkJoinPool.commonPool-worker-1] INFO  server.AbstractConnector (AbstractConnector.java:doStop(381)) - Stopped ServerConnector@52ded990{HTTP/1.1, (http/1.1)}{0.0.0.0:0}
2021-08-04 04:54:27,046 [ForkJoinPool.commonPool-worker-1] INFO  server.session (HouseKeeper.java:stopScavenging(149)) - node0 Stopped scavenging
2021-08-04 04:54:27,046 [ForkJoinPool.commonPool-worker-1] INFO  handler.ContextHandler (ContextHandler.java:doStop(1154)) - Stopped o.e.j.s.ServletContextHandler@400e6d9{static,/static,jar:file:/home/runner/.m2/repository/org/apache/ozone/hdds-container-service/1.2.0-SNAPSHOT/hdds-container-service-1.2.0-SNAPSHOT.jar!/webapps/static,STOPPED}
2021-08-04 04:54:27,047 [ForkJoinPool.commonPool-worker-1] INFO  handler.ContextHandler (ContextHandler.java:doStop(1154)) - Stopped o.e.j.s.ServletContextHandler@773b2500{logs,/logs,file:///home/runner/work/ozone/ozone/mnt/ozone/hadoop-ozone/integration-test/target/log,STOPPED}
2021-08-04 04:54:27,504 [Datanode State Machine Thread - 0] INFO  statemachine.DatanodeStateMachine (DatanodeStateMachine.java:lambda$startDaemon$0(456)) - Ozone container server started.
2021-08-04 04:54:31,938 [Thread-787] INFO  upgrade.UpgradeFinalizer (SCMUpgradeFinalizer.java:postFinalizeUpgrade(114)) - Waiting for at least one open pipeline after SCM finalization.
2021-08-04 04:54:32,047 [Listener at 0.0.0.0/43893] INFO  ozoneimpl.OzoneContainer (OzoneContainer.java:stop(326)) - Attempting to stop container services.
2021-08-04 04:54:32,047 [Listener at 0.0.0.0/43893] INFO  server.RaftServer (RaftServerProxy.java:lambda$close$6(391)) - 3b35e8af-4420-4337-880c-bcb538b04dba: close
2021-08-04 04:54:32,048 [Listener at 0.0.0.0/43893] INFO  server.RaftServer$Division (RaftServerImpl.java:lambda$close$4(407)) - 3b35e8af-4420-4337-880c-bcb538b04dba@group-24B6E1CCF0B2: shutdown
2021-08-04 04:54:32,048 [Listener at 0.0.0.0/43893] INFO  util.JmxRegister (JmxRegister.java:unregister(73)) - Successfully un-registered JMX Bean with object name Ratis:service=RaftServer,group=group-24B6E1CCF0B2,id=3b35e8af-4420-4337-880c-bcb538b04dba
2021-08-04 04:54:32,048 [Listener at 0.0.0.0/43893] INFO  impl.RoleInfo (RoleInfo.java:shutdownFollowerState(108)) - 3b35e8af-4420-4337-880c-bcb538b04dba: shutdown 3b35e8af-4420-4337-880c-bcb538b04dba@group-24B6E1CCF0B2-FollowerState
2021-08-04 04:54:32,048 [Listener at 0.0.0.0/43893] INFO  impl.StateMachineUpdater (StateMachineUpdater.java:stopAndJoin(149)) - 3b35e8af-4420-4337-880c-bcb538b04dba@group-24B6E1CCF0B2-StateMachineUpdater: set stopIndex = -1
2021-08-04 04:54:32,049 [Listener at 0.0.0.0/43893] INFO  server.RaftServer$Division (ServerState.java:close(419)) - 3b35e8af-4420-4337-880c-bcb538b04dba@group-24B6E1CCF0B2: closes. applyIndex: -1
2021-08-04 04:54:32,048 [3b35e8af-4420-4337-880c-bcb538b04dba@group-24B6E1CCF0B2-FollowerState] INFO  impl.FollowerState (FollowerState.java:run(143)) - 3b35e8af-4420-4337-880c-bcb538b04dba@group-24B6E1CCF0B2-FollowerState was interrupted: {}
java.lang.InterruptedException: sleep interrupted
	at java.lang.Thread.sleep(Native Method)
	at java.lang.Thread.sleep(Thread.java:340)
	at java.util.concurrent.TimeUnit.sleep(TimeUnit.java:386)
	at org.apache.ratis.util.TimeDuration.sleep(TimeDuration.java:324)
	at org.apache.ratis.util.TimeDuration.sleep(TimeDuration.java:309)
	at org.apache.ratis.server.impl.FollowerState.run(FollowerState.java:118)
2021-08-04 04:54:32,049 [3b35e8af-4420-4337-880c-bcb538b04dba@group-24B6E1CCF0B2-SegmentedRaftLogWorker] INFO  segmented.SegmentedRaftLogWorker (SegmentedRaftLogWorker.java:run(327)) - 3b35e8af-4420-4337-880c-bcb538b04dba@group-24B6E1CCF0B2-SegmentedRaftLogWorker was interrupted, exiting. There are 0 tasks remaining in the queue.
2021-08-04 04:54:32,050 [Listener at 0.0.0.0/43893] INFO  segmented.SegmentedRaftLogWorker (SegmentedRaftLogWorker.java:close(237)) - 3b35e8af-4420-4337-880c-bcb538b04dba@group-24B6E1CCF0B2-SegmentedRaftLogWorker close()
2021-08-04 04:54:32,051 [Listener at 0.0.0.0/43893] INFO  server.RaftServer$Division (RaftServerImpl.java:lambda$close$4(407)) - 3b35e8af-4420-4337-880c-bcb538b04dba@group-A2C98A64A929: shutdown
2021-08-04 04:54:32,051 [Listener at 0.0.0.0/43893] INFO  util.JmxRegister (JmxRegister.java:unregister(73)) - Successfully un-registered JMX Bean with object name Ratis:service=RaftServer,group=group-A2C98A64A929,id=3b35e8af-4420-4337-880c-bcb538b04dba
2021-08-04 04:54:32,051 [Listener at 0.0.0.0/43893] INFO  impl.RoleInfo (RoleInfo.java:shutdownLeaderState(91)) - 3b35e8af-4420-4337-880c-bcb538b04dba: shutdown 3b35e8af-4420-4337-880c-bcb538b04dba@group-A2C98A64A929-LeaderStateImpl
2021-08-04 04:54:32,051 [Listener at 0.0.0.0/43893] INFO  impl.PendingRequests (PendingRequests.java:sendNotLeaderResponses(249)) - 3b35e8af-4420-4337-880c-bcb538b04dba@group-A2C98A64A929-PendingRequests: sendNotLeaderResponses
2021-08-04 04:54:32,052 [3b35e8af-4420-4337-880c-bcb538b04dba@group-A2C98A64A929-StateMachineUpdater] INFO  ratis.ContainerStateMachine (ContainerStateMachine.java:takeSnapshot(291)) - group-A2C98A64A929: Taking a snapshot at:(t:1, i:0) file /home/runner/work/ozone/ozone/mnt/ozone/hadoop-ozone/integration-test/target/test-dir/MiniOzoneClusterImpl-f8689e89-4432-43a3-ae55-b25b0dce3dad/datanode-2/data/ratis/435b2694-c7c5-439d-867e-a2c98a64a929/sm/snapshot.1_0
2021-08-04 04:54:32,052 [Listener at 0.0.0.0/43893] INFO  impl.StateMachineUpdater (StateMachineUpdater.java:stopAndJoin(149)) - 3b35e8af-4420-4337-880c-bcb538b04dba@group-A2C98A64A929-StateMachineUpdater: set stopIndex = 0
2021-08-04 04:54:32,053 [3b35e8af-4420-4337-880c-bcb538b04dba@group-A2C98A64A929-StateMachineUpdater] INFO  ratis.ContainerStateMachine (ContainerStateMachine.java:takeSnapshot(302)) - group-A2C98A64A929: Finished taking a snapshot at:(t:1, i:0) file:/home/runner/work/ozone/ozone/mnt/ozone/hadoop-ozone/integration-test/target/test-dir/MiniOzoneClusterImpl-f8689e89-4432-43a3-ae55-b25b0dce3dad/datanode-2/data/ratis/435b2694-c7c5-439d-867e-a2c98a64a929/sm/snapshot.1_0 took: 1 ms
2021-08-04 04:54:32,053 [3b35e8af-4420-4337-880c-bcb538b04dba@group-A2C98A64A929-StateMachineUpdater] INFO  impl.StateMachineUpdater (StateMachineUpdater.java:takeSnapshot(281)) - 3b35e8af-4420-4337-880c-bcb538b04dba@group-A2C98A64A929-StateMachineUpdater: Took a snapshot at index 0
2021-08-04 04:54:32,053 [3b35e8af-4420-4337-880c-bcb538b04dba@group-A2C98A64A929-StateMachineUpdater] INFO  impl.StateMachineUpdater (StateMachineUpdater.java:lambda$new$0(89)) - 3b35e8af-4420-4337-880c-bcb538b04dba@group-A2C98A64A929-StateMachineUpdater: snapshotIndex: updateIncreasingly -1 -> 0
2021-08-04 04:54:32,053 [Listener at 0.0.0.0/43893] INFO  server.RaftServer$Division (ServerState.java:close(419)) - 3b35e8af-4420-4337-880c-bcb538b04dba@group-A2C98A64A929: closes. applyIndex: 0
2021-08-04 04:54:32,054 [3b35e8af-4420-4337-880c-bcb538b04dba@group-A2C98A64A929-SegmentedRaftLogWorker] INFO  segmented.SegmentedRaftLogWorker (SegmentedRaftLogWorker.java:run(327)) - 3b35e8af-4420-4337-880c-bcb538b04dba@group-A2C98A64A929-SegmentedRaftLogWorker was interrupted, exiting. There are 0 tasks remaining in the queue.
2021-08-04 04:54:32,054 [Listener at 0.0.0.0/43893] INFO  segmented.SegmentedRaftLogWorker (SegmentedRaftLogWorker.java:close(237)) - 3b35e8af-4420-4337-880c-bcb538b04dba@group-A2C98A64A929-SegmentedRaftLogWorker close()
2021-08-04 04:54:32,054 [Listener at 0.0.0.0/43893] INFO  server.GrpcService (GrpcService.java:closeImpl(262)) - 3b35e8af-4420-4337-880c-bcb538b04dba: shutdown server with port 40083 now
2021-08-04 04:54:32,056 [Listener at 0.0.0.0/43893] INFO  server.GrpcService (GrpcService.java:closeImpl(271)) - 3b35e8af-4420-4337-880c-bcb538b04dba: shutdown server with port 40083 successfully
2021-08-04 04:54:32,056 [org.apache.ratis.util.JvmPauseMonitor$$Lambda$530/46818722@34d1216f] INFO  util.JvmPauseMonitor (JvmPauseMonitor.java:run(109)) - JvmPauseMonitor-3b35e8af-4420-4337-880c-bcb538b04dba: Stopped
2021-08-04 04:54:32,057 [Listener at 0.0.0.0/43893] INFO  utils.BackgroundService (BackgroundService.java:shutdown(132)) - Shutting down service BlockDeletingService
2021-08-04 04:54:32,058 [Listener at 0.0.0.0/43893] INFO  statemachine.DatanodeStateMachine (DatanodeStateMachine.java:stopDaemon(514)) - Ozone container server stopped.
2021-08-04 04:54:32,059 [Listener at 0.0.0.0/43893] INFO  handler.ContextHandler (ContextHandler.java:doStop(1154)) - Stopped o.e.j.w.WebAppContext@1999e251{hddsDatanode,/,null,STOPPED}{jar:file:/home/runner/.m2/repository/org/apache/ozone/hdds-container-service/1.2.0-SNAPSHOT/hdds-container-service-1.2.0-SNAPSHOT.jar!/webapps/hddsDatanode}
2021-08-04 04:54:32,059 [Listener at 0.0.0.0/43893] INFO  server.AbstractConnector (AbstractConnector.java:doStop(381)) - Stopped ServerConnector@279a90dc{HTTP/1.1, (http/1.1)}{0.0.0.0:0}
2021-08-04 04:54:32,059 [Listener at 0.0.0.0/43893] INFO  server.session (HouseKeeper.java:stopScavenging(149)) - node0 Stopped scavenging
2021-08-04 04:54:32,060 [Listener at 0.0.0.0/43893] INFO  handler.ContextHandler (ContextHandler.java:doStop(1154)) - Stopped o.e.j.s.ServletContextHandler@2be02e0c{static,/static,jar:file:/home/runner/.m2/repository/org/apache/ozone/hdds-container-service/1.2.0-SNAPSHOT/hdds-container-service-1.2.0-SNAPSHOT.jar!/webapps/static,STOPPED}
2021-08-04 04:54:32,060 [Listener at 0.0.0.0/43893] INFO  handler.ContextHandler (ContextHandler.java:doStop(1154)) - Stopped o.e.j.s.ServletContextHandler@3cc3362a{logs,/logs,file:///home/runner/work/ozone/ozone/mnt/ozone/hadoop-ozone/integration-test/target/log,STOPPED}
2021-08-04 04:54:32,061 [Listener at 0.0.0.0/43893] INFO  ozone.MiniOzoneClusterImpl (MiniOzoneClusterImpl.java:stopSCM(542)) - Stopping the StorageContainerManager
2021-08-04 04:54:32,061 [Listener at 0.0.0.0/43893] INFO  server.StorageContainerManager (StorageContainerManager.java:stop(1337)) - Stopping Replication Manager Service.
2021-08-04 04:54:32,061 [Listener at 0.0.0.0/43893] INFO  container.ReplicationManager (ReplicationManager.java:stop(317)) - Stopping Replication Monitor Thread.
2021-08-04 04:54:32,061 [Listener at 0.0.0.0/43893] INFO  server.StorageContainerManager (StorageContainerManager.java:stop(1344)) - Stopping the Datanode Admin Monitor.
2021-08-04 04:54:32,062 [Listener at 0.0.0.0/43893] INFO  server.StorageContainerManager (StorageContainerManager.java:stop(1351)) - Stopping Lease Manager of the command watchers
2021-08-04 04:54:32,062 [Listener at 0.0.0.0/43893] INFO  server.StorageContainerManager (StorageContainerManager.java:stop(1358)) - Stopping datanode service RPC server
2021-08-04 04:54:32,062 [Listener at 0.0.0.0/43893] INFO  server.SCMDatanodeProtocolServer (SCMDatanodeProtocolServer.java:stop(389)) - Stopping the RPC server for DataNodes
2021-08-04 04:54:32,062 [Listener at 0.0.0.0/43893] INFO  ipc.Server (Server.java:stop(3414)) - Stopping server on 37201
2021-08-04 04:54:32,064 [IPC Server Responder] INFO  ipc.Server (Server.java:run(1512)) - Stopping IPC Server Responder
2021-08-04 04:54:32,064 [IPC Server listener on 37201] INFO  ipc.Server (Server.java:run(1376)) - Stopping IPC Server listener on 37201
2021-08-04 04:54:32,188 [SCM Heartbeat Processing Thread - 0] WARN  node.NodeStateManager (NodeStateManager.java:scheduleNextHealthCheck(799)) - Current Thread is interrupted, shutting down HB processing thread for Node Manager.
2021-08-04 04:54:32,189 [Listener at 0.0.0.0/43893] INFO  server.StorageContainerManager (StorageContainerManager.java:stop(1366)) - Stopping block service RPC server
2021-08-04 04:54:32,189 [Listener at 0.0.0.0/43893] INFO  server.SCMBlockProtocolServer (SCMBlockProtocolServer.java:stop(160)) - Stopping the RPC server for Block Protocol
2021-08-04 04:54:32,189 [Listener at 0.0.0.0/43893] INFO  ipc.Server (Server.java:stop(3414)) - Stopping server on 38965
2021-08-04 04:54:32,191 [IPC Server listener on 38965] INFO  ipc.Server (Server.java:run(1376)) - Stopping IPC Server listener on 38965
2021-08-04 04:54:32,191 [Listener at 0.0.0.0/43893] INFO  server.StorageContainerManager (StorageContainerManager.java:stop(1373)) - Stopping the StorageContainerLocationProtocol RPC server
2021-08-04 04:54:32,191 [Listener at 0.0.0.0/43893] INFO  server.SCMClientProtocolServer (SCMClientProtocolServer.java:stop(174)) - Stopping the RPC server for Client Protocol
2021-08-04 04:54:32,191 [Listener at 0.0.0.0/43893] INFO  ipc.Server (Server.java:stop(3414)) - Stopping server on 43893
2021-08-04 04:54:32,191 [IPC Server Responder] INFO  ipc.Server (Server.java:run(1512)) - Stopping IPC Server Responder
2021-08-04 04:54:32,192 [IPC Server Responder] INFO  ipc.Server (Server.java:run(1512)) - Stopping IPC Server Responder
2021-08-04 04:54:32,192 [Listener at 0.0.0.0/43893] INFO  server.StorageContainerManager (StorageContainerManager.java:stop(1380)) - Stopping Storage Container Manager HTTP server.
2021-08-04 04:54:32,193 [IPC Server listener on 43893] INFO  ipc.Server (Server.java:run(1376)) - Stopping IPC Server listener on 43893
2021-08-04 04:54:32,193 [Listener at 0.0.0.0/43893] INFO  handler.ContextHandler (ContextHandler.java:doStop(1154)) - Stopped o.e.j.w.WebAppContext@27b8cac8{scm,/,null,STOPPED}{file:/home/runner/work/ozone/ozone/mnt/ozone/hadoop-ozone/integration-test/target/test-classes/webapps/scm}
2021-08-04 04:54:32,194 [Listener at 0.0.0.0/43893] INFO  server.AbstractConnector (AbstractConnector.java:doStop(381)) - Stopped ServerConnector@3afe94ea{HTTP/1.1, (http/1.1)}{0.0.0.0:44185}
2021-08-04 04:54:32,194 [Listener at 0.0.0.0/43893] INFO  server.session (HouseKeeper.java:stopScavenging(149)) - node0 Stopped scavenging
2021-08-04 04:54:32,194 [Listener at 0.0.0.0/43893] INFO  handler.ContextHandler (ContextHandler.java:doStop(1154)) - Stopped o.e.j.s.ServletContextHandler@5c4b28e7{static,/static,file:///home/runner/work/ozone/ozone/mnt/ozone/hadoop-ozone/integration-test/target/test-classes/webapps/static,STOPPED}
2021-08-04 04:54:32,194 [Listener at 0.0.0.0/43893] INFO  handler.ContextHandler (ContextHandler.java:doStop(1154)) - Stopped o.e.j.s.ServletContextHandler@71272364{logs,/logs,file:///home/runner/work/ozone/ozone/mnt/ozone/hadoop-ozone/integration-test/target/log,STOPPED}
2021-08-04 04:54:32,195 [Listener at 0.0.0.0/43893] INFO  server.StorageContainerManager (StorageContainerManager.java:stop(1391)) - Stopping Block Manager Service.
2021-08-04 04:54:32,195 [Listener at 0.0.0.0/43893] INFO  utils.BackgroundService (BackgroundService.java:shutdown(132)) - Shutting down service SCMBlockDeletingService
2021-08-04 04:54:32,195 [Listener at 0.0.0.0/43893] INFO  utils.BackgroundService (BackgroundService.java:shutdown(132)) - Shutting down service SCMBlockDeletingService
2021-08-04 04:54:32,195 [Listener at 0.0.0.0/43893] INFO  server.StorageContainerManager (StorageContainerManager.java:stop(1418)) - Stopping SCM Event Queue.
2021-08-04 04:54:32,196 [Listener at 0.0.0.0/43893] INFO  server.StorageContainerManager (StorageContainerManager.java:stop(1429)) - Stopping SCM HA services.
2021-08-04 04:54:32,196 [Listener at 0.0.0.0/43893] INFO  pipeline.BackgroundPipelineCreator (BackgroundPipelineCreatorV2.java:stop(158)) - Stopping RatisPipelineUtilsThread.
2021-08-04 04:54:32,197 [Listener at 0.0.0.0/43893] INFO  server.StorageContainerManager (StorageContainerManager.java:stop(1439)) - Stopping SCM MetadataStore.
2021-08-04 04:54:32,197 [Listener at 0.0.0.0/43893] INFO  impl.MetricsSystemImpl (MetricsSystemImpl.java:stop(210)) - Stopping StorageContainerManager metrics system...
2021-08-04 04:54:32,203 [prometheus] INFO  impl.MetricsSinkAdapter (MetricsSinkAdapter.java:publishMetricsFromQueue(141)) - prometheus thread interrupted.
2021-08-04 04:54:32,203 [Listener at 0.0.0.0/43893] INFO  impl.MetricsSystemImpl (MetricsSystemImpl.java:stop(216)) - StorageContainerManager metrics system stopped.
]]></system-out>
  </testcase>
  <testcase name="testAllDataNodeFailuresAfterScmPreFinalizeUpgrade" classname="org.apache.hadoop.hdds.upgrade.TestHDDSUpgrade" time="74.189"/>
  <testcase name="testAllDataNodeFailuresBeforeScmPreFinalizeUpgrade" classname="org.apache.hadoop.hdds.upgrade.TestHDDSUpgrade" time="69.695"/>
  <testcase name="testScmFailuresAfterScmCompleteFinalization" classname="org.apache.hadoop.hdds.upgrade.TestHDDSUpgrade" time="44.279"/>
  <testcase name="testScmFailuresBeforeScmPreFinalizeUpgrade" classname="org.apache.hadoop.hdds.upgrade.TestHDDSUpgrade" time="65.298"/>
  <testcase name="testDataNodeFailuresDuringDataNodeUpgrade" classname="org.apache.hadoop.hdds.upgrade.TestHDDSUpgrade" time="0">
    <skipped/>
  </testcase>
  <testcase name="testAllPossibleDataNodeFailuresAndSCMFailures" classname="org.apache.hadoop.hdds.upgrade.TestHDDSUpgrade" time="0">
    <skipped/>
  </testcase>
  <testcase name="testAllDataNodeFailuresAfterScmCompleteFinalization" classname="org.apache.hadoop.hdds.upgrade.TestHDDSUpgrade" time="54.191"/>
  <testcase name="testAllDataNodeFailuresAfterScmPostFinalizeUpgrade" classname="org.apache.hadoop.hdds.upgrade.TestHDDSUpgrade" time="54.693"/>
  <testcase name="testFinalizationFromInitialVersionToLatestVersion" classname="org.apache.hadoop.hdds.upgrade.TestHDDSUpgrade" time="48.688"/>
</testsuite>