<?xml version="1.0" encoding="UTF-8"?>
<testsuite xmlns:xsi="http://www.w3.org/2001/XMLSchema-instance" xsi:noNamespaceSchemaLocation="https://maven.apache.org/surefire/maven-surefire-plugin/xsd/surefire-test-report.xsd" name="org.apache.hadoop.ozone.om.TestOzoneManagerHAWithData" time="182.118" tests="7" errors="1" skipped="1" failures="0">
  <properties>
    <property name="awt.toolkit" value="sun.awt.X11.XToolkit"/>
    <property name="file.encoding.pkg" value="sun.io"/>
    <property name="java.specification.version" value="1.8"/>
    <property name="sun.cpu.isalist" value=""/>
    <property name="sun.jnu.encoding" value="UTF-8"/>
    <property name="java.class.path" value="/home/runner/work/ozone/ozone/hadoop-ozone/integration-test/target/test-classes:/home/runner/work/ozone/ozone/hadoop-ozone/integration-test/target/classes:/home/runner/.m2/repository/org/apache/ozone/ozone-common/1.3.0-SNAPSHOT/ozone-common-1.3.0-SNAPSHOT.jar:/home/runner/.m2/repository/org/apache/commons/commons-compress/1.21/commons-compress-1.21.jar:/home/runner/.m2/repository/org/apache/ozone/hdds-common/1.3.0-SNAPSHOT/hdds-common-1.3.0-SNAPSHOT.jar:/home/runner/.m2/repository/org/apache/ozone/hdds-client/1.3.0-SNAPSHOT/hdds-client-1.3.0-SNAPSHOT.jar:/home/runner/.m2/repository/org/apache/ozone/ozone-interface-client/1.3.0-SNAPSHOT/ozone-interface-client-1.3.0-SNAPSHOT.jar:/home/runner/.m2/repository/org/apache/ozone/hdds-test-utils/1.3.0-SNAPSHOT/hdds-test-utils-1.3.0-SNAPSHOT.jar:/home/runner/.m2/repository/com/google/guava/guava/30.1.1-jre/guava-30.1.1-jre.jar:/home/runner/.m2/repository/com/google/guava/failureaccess/1.0.1/failureaccess-1.0.1.jar:/home/runner/.m2/repository/com/google/guava/listenablefuture/9999.0-empty-to-avoid-conflict-with-guava/listenablefuture-9999.0-empty-to-avoid-conflict-with-guava.jar:/home/runner/.m2/repository/com/google/code/findbugs/jsr305/3.0.0/jsr305-3.0.0.jar:/home/runner/.m2/repository/org/checkerframework/checker-qual/3.8.0/checker-qual-3.8.0.jar:/home/runner/.m2/repository/com/google/errorprone/error_prone_annotations/2.2.0/error_prone_annotations-2.2.0.jar:/home/runner/.m2/repository/com/google/j2objc/j2objc-annotations/1.3/j2objc-annotations-1.3.jar:/home/runner/.m2/repository/commons-io/commons-io/2.11.0/commons-io-2.11.0.jar:/home/runner/.m2/repository/commons-logging/commons-logging/1.2/commons-logging-1.2.jar:/home/runner/.m2/repository/log4j/log4j/1.2.17/log4j-1.2.17.jar:/home/runner/.m2/repository/org/slf4j/slf4j-api/1.7.30/slf4j-api-1.7.30.jar:/home/runner/.m2/repository/org/apache/ozone/hdds-server-scm/1.3.0-SNAPSHOT/hdds-server-scm-1.3.0-SNAPSHOT.jar:/home/runner/.m2/repository/org/apache/ozone/hdds-container-service/1.3.0-SNAPSHOT/hdds-container-service-1.3.0-SNAPSHOT.jar:/home/runner/.m2/repository/org/apache/ozone/hdds-hadoop-dependency-server/1.3.0-SNAPSHOT/hdds-hadoop-dependency-server-1.3.0-SNAPSHOT.jar:/home/runner/.m2/repository/org/apache/hadoop/hadoop-hdfs/3.3.1/hadoop-hdfs-3.3.1.jar:/home/runner/.m2/repository/org/apache/ozone/hdds-server-framework/1.3.0-SNAPSHOT/hdds-server-framework-1.3.0-SNAPSHOT.jar:/home/runner/.m2/repository/org/apache/ozone/hdds-interface-server/1.3.0-SNAPSHOT/hdds-interface-server-1.3.0-SNAPSHOT.jar:/home/runner/.m2/repository/org/eclipse/jetty/jetty-servlet/9.4.43.v20210629/jetty-servlet-9.4.43.v20210629.jar:/home/runner/.m2/repository/org/eclipse/jetty/jetty-security/9.4.43.v20210629/jetty-security-9.4.43.v20210629.jar:/home/runner/.m2/repository/org/rocksdb/rocksdbjni/6.25.3/rocksdbjni-6.25.3.jar:/home/runner/.m2/repository/io/prometheus/simpleclient_dropwizard/0.7.0/simpleclient_dropwizard-0.7.0.jar:/home/runner/.m2/repository/io/prometheus/simpleclient/0.7.0/simpleclient-0.7.0.jar:/home/runner/.m2/repository/io/prometheus/simpleclient_common/0.7.0/simpleclient_common-0.7.0.jar:/home/runner/.m2/repository/com/fasterxml/jackson/datatype/jackson-datatype-jsr310/2.12.1/jackson-datatype-jsr310-2.12.1.jar:/home/runner/.m2/repository/io/dropwizard/metrics/metrics-core/3.2.4/metrics-core-3.2.4.jar:/home/runner/.m2/repository/org/apache/hadoop/hadoop-hdfs-client/3.3.1/hadoop-hdfs-client-3.3.1.jar:/home/runner/.m2/repository/org/bouncycastle/bcprov-jdk15on/1.67/bcprov-jdk15on-1.67.jar:/home/runner/.m2/repository/com/google/protobuf/protobuf-java/2.5.0/protobuf-java-2.5.0.jar:/home/runner/.m2/repository/org/apache/ozone/ozone-manager/1.3.0-SNAPSHOT/ozone-manager-1.3.0-SNAPSHOT.jar:/home/runner/.m2/repository/org/aspectj/aspectjrt/1.9.7/aspectjrt-1.9.7.jar:/home/runner/.m2/repository/org/aspectj/aspectjweaver/1.9.7/aspectjweaver-1.9.7.jar:/home/runner/.m2/repository/org/apache/ozone/hdds-interface-client/1.3.0-SNAPSHOT/hdds-interface-client-1.3.0-SNAPSHOT.jar:/home/runner/.m2/repository/org/apache/hadoop/thirdparty/hadoop-shaded-protobuf_3_7/1.1.1/hadoop-shaded-protobuf_3_7-1.1.1.jar:/home/runner/.m2/repository/org/apache/ozone/ozone-interface-storage/1.3.0-SNAPSHOT/ozone-interface-storage-1.3.0-SNAPSHOT.jar:/home/runner/.m2/repository/org/reflections/reflections/0.9.11/reflections-0.9.11.jar:/home/runner/.m2/repository/org/apache/hadoop/hadoop-minikdc/3.3.1/hadoop-minikdc-3.3.1.jar:/home/runner/.m2/repository/org/apache/kerby/kerb-simplekdc/1.0.1/kerb-simplekdc-1.0.1.jar:/home/runner/.m2/repository/org/apache/kerby/kerb-client/1.0.1/kerb-client-1.0.1.jar:/home/runner/.m2/repository/org/apache/kerby/kerby-config/1.0.1/kerby-config-1.0.1.jar:/home/runner/.m2/repository/org/apache/kerby/kerb-common/1.0.1/kerb-common-1.0.1.jar:/home/runner/.m2/repository/org/apache/kerby/kerb-crypto/1.0.1/kerb-crypto-1.0.1.jar:/home/runner/.m2/repository/org/apache/kerby/kerb-util/1.0.1/kerb-util-1.0.1.jar:/home/runner/.m2/repository/org/apache/kerby/token-provider/1.0.1/token-provider-1.0.1.jar:/home/runner/.m2/repository/org/apache/kerby/kerb-admin/1.0.1/kerb-admin-1.0.1.jar:/home/runner/.m2/repository/org/apache/kerby/kerb-server/1.0.1/kerb-server-1.0.1.jar:/home/runner/.m2/repository/org/apache/kerby/kerb-identity/1.0.1/kerb-identity-1.0.1.jar:/home/runner/.m2/repository/org/apache/kerby/kerby-xdr/1.0.1/kerby-xdr-1.0.1.jar:/home/runner/.m2/repository/org/slf4j/slf4j-log4j12/1.7.30/slf4j-log4j12-1.7.30.jar:/home/runner/.m2/repository/org/apache/ozone/ozone-s3gateway/1.3.0-SNAPSHOT/ozone-s3gateway-1.3.0-SNAPSHOT.jar:/home/runner/.m2/repository/org/javassist/javassist/3.21.0-GA/javassist-3.21.0-GA.jar:/home/runner/.m2/repository/org/jboss/weld/servlet/weld-servlet/2.4.7.Final/weld-servlet-2.4.7.Final.jar:/home/runner/.m2/repository/org/glassfish/jersey/containers/jersey-container-servlet-core/2.33/jersey-container-servlet-core-2.33.jar:/home/runner/.m2/repository/org/glassfish/hk2/external/jakarta.inject/2.6.1/jakarta.inject-2.6.1.jar:/home/runner/.m2/repository/org/glassfish/jersey/core/jersey-common/2.33/jersey-common-2.33.jar:/home/runner/.m2/repository/jakarta/ws/rs/jakarta.ws.rs-api/2.1.6/jakarta.ws.rs-api-2.1.6.jar:/home/runner/.m2/repository/org/glassfish/jersey/ext/cdi/jersey-cdi1x/2.33/jersey-cdi1x-2.33.jar:/home/runner/.m2/repository/org/glassfish/jersey/inject/jersey-hk2/2.33/jersey-hk2-2.33.jar:/home/runner/.m2/repository/org/glassfish/hk2/hk2-locator/2.6.1/hk2-locator-2.6.1.jar:/home/runner/.m2/repository/org/glassfish/jersey/media/jersey-media-jaxb/2.33/jersey-media-jaxb-2.33.jar:/home/runner/.m2/repository/org/glassfish/hk2/osgi-resource-locator/1.0.3/osgi-resource-locator-1.0.3.jar:/home/runner/.m2/repository/org/glassfish/hk2/hk2-api/2.5.0/hk2-api-2.5.0.jar:/home/runner/.m2/repository/org/glassfish/hk2/hk2-utils/2.5.0/hk2-utils-2.5.0.jar:/home/runner/.m2/repository/org/glassfish/hk2/external/aopalliance-repackaged/2.5.0/aopalliance-repackaged-2.5.0.jar:/home/runner/.m2/repository/com/fasterxml/jackson/dataformat/jackson-dataformat-xml/2.12.1/jackson-dataformat-xml-2.12.1.jar:/home/runner/.m2/repository/com/fasterxml/jackson/core/jackson-core/2.12.1/jackson-core-2.12.1.jar:/home/runner/.m2/repository/com/fasterxml/jackson/module/jackson-module-jaxb-annotations/2.12.1/jackson-module-jaxb-annotations-2.12.1.jar:/home/runner/.m2/repository/jakarta/xml/bind/jakarta.xml.bind-api/2.3.2/jakarta.xml.bind-api-2.3.2.jar:/home/runner/.m2/repository/org/codehaus/woodstox/stax2-api/3.1.4/stax2-api-3.1.4.jar:/home/runner/.m2/repository/com/fasterxml/woodstox/woodstox-core/5.0.3/woodstox-core-5.0.3.jar:/home/runner/.m2/repository/javax/enterprise/cdi-api/1.2/cdi-api-1.2.jar:/home/runner/.m2/repository/javax/el/javax.el-api/3.0.0/javax.el-api-3.0.0.jar:/home/runner/.m2/repository/javax/interceptor/javax.interceptor-api/1.2/javax.interceptor-api-1.2.jar:/home/runner/.m2/repository/javax/inject/javax.inject/1/javax.inject-1.jar:/home/runner/.m2/repository/javax/xml/bind/jaxb-api/2.3.0/jaxb-api-2.3.0.jar:/home/runner/.m2/repository/org/glassfish/jaxb/jaxb-runtime/2.3.0.1/jaxb-runtime-2.3.0.1.jar:/home/runner/.m2/repository/org/glassfish/jaxb/jaxb-core/2.3.0.1/jaxb-core-2.3.0.1.jar:/home/runner/.m2/repository/org/glassfish/jaxb/txw2/2.3.0.1/txw2-2.3.0.1.jar:/home/runner/.m2/repository/com/sun/istack/istack-commons-runtime/3.0.5/istack-commons-runtime-3.0.5.jar:/home/runner/.m2/repository/org/jvnet/staxex/stax-ex/1.7.8/stax-ex-1.7.8.jar:/home/runner/.m2/repository/com/sun/xml/fastinfoset/FastInfoset/1.2.13/FastInfoset-1.2.13.jar:/home/runner/.m2/repository/javax/activation/activation/1.1.1/activation-1.1.1.jar:/home/runner/.m2/repository/org/apache/ozone/ozone-csi/1.3.0-SNAPSHOT/ozone-csi-1.3.0-SNAPSHOT.jar:/home/runner/.m2/repository/com/google/protobuf/protobuf-java-util/3.12.0/protobuf-java-util-3.12.0.jar:/home/runner/.m2/repository/com/google/code/gson/gson/2.2.4/gson-2.2.4.jar:/home/runner/.m2/repository/org/apache/ozone/hdds-config/1.3.0-SNAPSHOT/hdds-config-1.3.0-SNAPSHOT.jar:/home/runner/.m2/repository/io/grpc/grpc-netty/1.33.0/grpc-netty-1.33.0.jar:/home/runner/.m2/repository/io/grpc/grpc-core/1.33.0/grpc-core-1.33.0.jar:/home/runner/.m2/repository/com/google/android/annotations/4.1.1.4/annotations-4.1.1.4.jar:/home/runner/.m2/repository/io/netty/netty-codec-http2/4.1.63.Final/netty-codec-http2-4.1.63.Final.jar:/home/runner/.m2/repository/io/netty/netty-codec-http/4.1.63.Final/netty-codec-http-4.1.63.Final.jar:/home/runner/.m2/repository/io/netty/netty-handler-proxy/4.1.63.Final/netty-handler-proxy-4.1.63.Final.jar:/home/runner/.m2/repository/io/netty/netty-codec-socks/4.1.63.Final/netty-codec-socks-4.1.63.Final.jar:/home/runner/.m2/repository/io/perfmark/perfmark-api/0.19.0/perfmark-api-0.19.0.jar:/home/runner/.m2/repository/org/codehaus/mojo/animal-sniffer-annotations/1.18/animal-sniffer-annotations-1.18.jar:/home/runner/.m2/repository/io/netty/netty-transport-native-epoll/4.1.63.Final/netty-transport-native-epoll-4.1.63.Final.jar:/home/runner/.m2/repository/io/netty/netty-common/4.1.63.Final/netty-common-4.1.63.Final.jar:/home/runner/.m2/repository/io/netty/netty-buffer/4.1.63.Final/netty-buffer-4.1.63.Final.jar:/home/runner/.m2/repository/io/netty/netty-transport-native-unix-common/4.1.63.Final/netty-transport-native-unix-common-4.1.63.Final.jar:/home/runner/.m2/repository/io/grpc/grpc-protobuf/1.33.0/grpc-protobuf-1.33.0.jar:/home/runner/.m2/repository/io/grpc/grpc-api/1.33.0/grpc-api-1.33.0.jar:/home/runner/.m2/repository/io/grpc/grpc-context/1.33.0/grpc-context-1.33.0.jar:/home/runner/.m2/repository/com/google/api/grpc/proto-google-common-protos/1.17.0/proto-google-common-protos-1.17.0.jar:/home/runner/.m2/repository/io/grpc/grpc-protobuf-lite/1.33.0/grpc-protobuf-lite-1.33.0.jar:/home/runner/.m2/repository/io/grpc/grpc-stub/1.33.0/grpc-stub-1.33.0.jar:/home/runner/.m2/repository/org/apache/ozone/ozone-recon/1.3.0-SNAPSHOT/ozone-recon-1.3.0-SNAPSHOT.jar:/home/runner/.m2/repository/org/apache/ozone/ozone-reconcodegen/1.3.0-SNAPSHOT/ozone-reconcodegen-1.3.0-SNAPSHOT.jar:/home/runner/.m2/repository/com/google/inject/extensions/guice-multibindings/4.0/guice-multibindings-4.0.jar:/home/runner/.m2/repository/com/google/inject/guice/4.0/guice-4.0.jar:/home/runner/.m2/repository/aopalliance/aopalliance/1.0/aopalliance-1.0.jar:/home/runner/.m2/repository/com/google/inject/extensions/guice-assistedinject/4.0/guice-assistedinject-4.0.jar:/home/runner/.m2/repository/com/google/inject/extensions/guice-servlet/4.0/guice-servlet-4.0.jar:/home/runner/.m2/repository/org/glassfish/jersey/containers/jersey-container-servlet/2.33/jersey-container-servlet-2.33.jar:/home/runner/.m2/repository/org/glassfish/hk2/guice-bridge/2.5.0/guice-bridge-2.5.0.jar:/home/runner/.m2/repository/org/glassfish/jersey/core/jersey-server/2.33/jersey-server-2.33.jar:/home/runner/.m2/repository/org/glassfish/jersey/core/jersey-client/2.33/jersey-client-2.33.jar:/home/runner/.m2/repository/jakarta/annotation/jakarta.annotation-api/1.3.5/jakarta.annotation-api-1.3.5.jar:/home/runner/.m2/repository/jakarta/validation/jakarta.validation-api/2.0.2/jakarta.validation-api-2.0.2.jar:/home/runner/.m2/repository/org/glassfish/jersey/media/jersey-media-json-jackson/2.33/jersey-media-json-jackson-2.33.jar:/home/runner/.m2/repository/org/glassfish/jersey/ext/jersey-entity-filtering/2.33/jersey-entity-filtering-2.33.jar:/home/runner/.m2/repository/org/jooq/jooq/3.11.10/jooq-3.11.10.jar:/home/runner/.m2/repository/org/jooq/jooq-meta/3.11.10/jooq-meta-3.11.10.jar:/home/runner/.m2/repository/org/jooq/jooq-codegen/3.11.10/jooq-codegen-3.11.10.jar:/home/runner/.m2/repository/com/jolbox/bonecp/0.8.0.RELEASE/bonecp-0.8.0.RELEASE.jar:/home/runner/.m2/repository/org/apache/derby/derby/10.14.2.0/derby-10.14.2.0.jar:/home/runner/.m2/repository/org/xerial/sqlite-jdbc/3.25.2/sqlite-jdbc-3.25.2.jar:/home/runner/.m2/repository/org/springframework/spring-jdbc/5.2.18.RELEASE/spring-jdbc-5.2.18.RELEASE.jar:/home/runner/.m2/repository/org/springframework/spring-beans/5.2.18.RELEASE/spring-beans-5.2.18.RELEASE.jar:/home/runner/.m2/repository/org/springframework/spring-core/5.2.18.RELEASE/spring-core-5.2.18.RELEASE.jar:/home/runner/.m2/repository/org/springframework/spring-jcl/5.2.18.RELEASE/spring-jcl-5.2.18.RELEASE.jar:/home/runner/.m2/repository/org/springframework/spring-tx/5.2.18.RELEASE/spring-tx-5.2.18.RELEASE.jar:/home/runner/.m2/repository/org/apache/ozone/ozone-client/1.3.0-SNAPSHOT/ozone-client-1.3.0-SNAPSHOT.jar:/home/runner/.m2/repository/org/apache/ozone/ozone-filesystem/1.3.0-SNAPSHOT/ozone-filesystem-1.3.0-SNAPSHOT.jar:/home/runner/.m2/repository/org/apache/ozone/ozone-filesystem-common/1.3.0-SNAPSHOT/ozone-filesystem-common-1.3.0-SNAPSHOT.jar:/home/runner/.m2/repository/org/apache/ozone/ozone-tools/1.3.0-SNAPSHOT/ozone-tools-1.3.0-SNAPSHOT.jar:/home/runner/.m2/repository/org/apache/ratis/ratis-tools/2.2.0/ratis-tools-2.2.0.jar:/home/runner/.m2/repository/com/amazonaws/aws-java-sdk-core/1.11.1034/aws-java-sdk-core-1.11.1034.jar:/home/runner/.m2/repository/org/apache/httpcomponents/httpclient/4.5.13/httpclient-4.5.13.jar:/home/runner/.m2/repository/org/apache/httpcomponents/httpcore/4.4.13/httpcore-4.4.13.jar:/home/runner/.m2/repository/software/amazon/ion/ion-java/1.0.2/ion-java-1.0.2.jar:/home/runner/.m2/repository/com/fasterxml/jackson/dataformat/jackson-dataformat-cbor/2.12.1/jackson-dataformat-cbor-2.12.1.jar:/home/runner/.m2/repository/joda-time/joda-time/2.8.1/joda-time-2.8.1.jar:/home/runner/.m2/repository/com/amazonaws/aws-java-sdk-s3/1.11.1034/aws-java-sdk-s3-1.11.1034.jar:/home/runner/.m2/repository/com/amazonaws/aws-java-sdk-kms/1.11.1034/aws-java-sdk-kms-1.11.1034.jar:/home/runner/.m2/repository/com/amazonaws/jmespath-java/1.11.1034/jmespath-java-1.11.1034.jar:/home/runner/.m2/repository/org/kohsuke/metainf-services/metainf-services/1.8/metainf-services-1.8.jar:/home/runner/.m2/repository/org/apache/ozone/hdds-tools/1.3.0-SNAPSHOT/hdds-tools-1.3.0-SNAPSHOT.jar:/home/runner/.m2/repository/commons-cli/commons-cli/1.2/commons-cli-1.2.jar:/home/runner/.m2/repository/org/apache/commons/commons-lang3/3.7/commons-lang3-3.7.jar:/home/runner/.m2/repository/org/apache/ozone/ozone-manager/1.3.0-SNAPSHOT/ozone-manager-1.3.0-SNAPSHOT-tests.jar:/home/runner/.m2/repository/org/apache/ozone/hdds-common/1.3.0-SNAPSHOT/hdds-common-1.3.0-SNAPSHOT-tests.jar:/home/runner/.m2/repository/org/apache/ozone/hdds-hadoop-dependency-client/1.3.0-SNAPSHOT/hdds-hadoop-dependency-client-1.3.0-SNAPSHOT.jar:/home/runner/.m2/repository/info/picocli/picocli/4.6.1/picocli-4.6.1.jar:/home/runner/.m2/repository/com/fasterxml/jackson/core/jackson-annotations/2.12.1/jackson-annotations-2.12.1.jar:/home/runner/.m2/repository/javax/annotation/javax.annotation-api/1.2/javax.annotation-api-1.2.jar:/home/runner/.m2/repository/org/apache/ratis/ratis-server/2.2.0/ratis-server-2.2.0.jar:/home/runner/.m2/repository/org/apache/ratis/ratis-client/2.2.0/ratis-client-2.2.0.jar:/home/runner/.m2/repository/org/apache/ratis/ratis-server-api/2.2.0/ratis-server-api-2.2.0.jar:/home/runner/.m2/repository/org/apache/ratis/ratis-metrics/2.2.0/ratis-metrics-2.2.0.jar:/home/runner/.m2/repository/org/apache/ratis/ratis-netty/2.2.0/ratis-netty-2.2.0.jar:/home/runner/.m2/repository/org/apache/ratis/ratis-grpc/2.2.0/ratis-grpc-2.2.0.jar:/home/runner/.m2/repository/org/apache/logging/log4j/log4j-api/2.13.3/log4j-api-2.13.3.jar:/home/runner/.m2/repository/org/apache/logging/log4j/log4j-core/2.13.3/log4j-core-2.13.3.jar:/home/runner/.m2/repository/com/lmax/disruptor/3.4.2/disruptor-3.4.2.jar:/home/runner/.m2/repository/org/apache/commons/commons-pool2/2.6.0/commons-pool2-2.6.0.jar:/home/runner/.m2/repository/org/bouncycastle/bcpkix-jdk15on/1.67/bcpkix-jdk15on-1.67.jar:/home/runner/.m2/repository/commons-validator/commons-validator/1.6/commons-validator-1.6.jar:/home/runner/.m2/repository/commons-beanutils/commons-beanutils/1.9.4/commons-beanutils-1.9.4.jar:/home/runner/.m2/repository/commons-digester/commons-digester/1.8.1/commons-digester-1.8.1.jar:/home/runner/.m2/repository/commons-collections/commons-collections/3.2.2/commons-collections-3.2.2.jar:/home/runner/.m2/repository/io/jaegertracing/jaeger-client/1.6.0/jaeger-client-1.6.0.jar:/home/runner/.m2/repository/io/jaegertracing/jaeger-thrift/1.6.0/jaeger-thrift-1.6.0.jar:/home/runner/.m2/repository/org/apache/thrift/libthrift/0.14.1/libthrift-0.14.1.jar:/home/runner/.m2/repository/com/squareup/okhttp3/okhttp/4.9.0/okhttp-4.9.0.jar:/home/runner/.m2/repository/com/squareup/okio/okio/2.8.0/okio-2.8.0.jar:/home/runner/.m2/repository/io/jaegertracing/jaeger-core/1.6.0/jaeger-core-1.6.0.jar:/home/runner/.m2/repository/io/jaegertracing/jaeger-tracerresolver/1.6.0/jaeger-tracerresolver-1.6.0.jar:/home/runner/.m2/repository/io/opentracing/contrib/opentracing-tracerresolver/0.1.8/opentracing-tracerresolver-0.1.8.jar:/home/runner/.m2/repository/org/jetbrains/kotlin/kotlin-stdlib/1.4.31/kotlin-stdlib-1.4.31.jar:/home/runner/.m2/repository/org/jetbrains/kotlin/kotlin-stdlib-common/1.4.31/kotlin-stdlib-common-1.4.31.jar:/home/runner/.m2/repository/org/jetbrains/annotations/13.0/annotations-13.0.jar:/home/runner/.m2/repository/io/opentracing/opentracing-util/0.33.0/opentracing-util-0.33.0.jar:/home/runner/.m2/repository/io/opentracing/opentracing-api/0.33.0/opentracing-api-0.33.0.jar:/home/runner/.m2/repository/io/opentracing/opentracing-noop/0.33.0/opentracing-noop-0.33.0.jar:/home/runner/.m2/repository/org/yaml/snakeyaml/1.26/snakeyaml-1.26.jar:/home/runner/.m2/repository/org/apache/ozone/hdds-interface-admin/1.3.0-SNAPSHOT/hdds-interface-admin-1.3.0-SNAPSHOT.jar:/home/runner/.m2/repository/junit/junit/4.13.1/junit-4.13.1.jar:/home/runner/.m2/repository/org/hamcrest/hamcrest-core/1.3/hamcrest-core-1.3.jar:/home/runner/.m2/repository/org/junit/jupiter/junit-jupiter-api/5.7.0/junit-jupiter-api-5.7.0.jar:/home/runner/.m2/repository/org/apiguardian/apiguardian-api/1.1.0/apiguardian-api-1.1.0.jar:/home/runner/.m2/repository/org/opentest4j/opentest4j/1.2.0/opentest4j-1.2.0.jar:/home/runner/.m2/repository/org/junit/platform/junit-platform-commons/1.7.0/junit-platform-commons-1.7.0.jar:/home/runner/.m2/repository/org/junit/jupiter/junit-jupiter-engine/5.7.0/junit-jupiter-engine-5.7.0.jar:/home/runner/.m2/repository/org/junit/platform/junit-platform-engine/1.7.0/junit-platform-engine-1.7.0.jar:/home/runner/.m2/repository/org/junit/vintage/junit-vintage-engine/5.7.0/junit-vintage-engine-5.7.0.jar:/home/runner/.m2/repository/org/junit/platform/junit-platform-launcher/1.7.0/junit-platform-launcher-1.7.0.jar:/home/runner/.m2/repository/org/openjdk/jmh/jmh-core/1.19/jmh-core-1.19.jar:/home/runner/.m2/repository/net/sf/jopt-simple/jopt-simple/4.6/jopt-simple-4.6.jar:/home/runner/.m2/repository/org/apache/commons/commons-math3/3.1.1/commons-math3-3.1.1.jar:/home/runner/.m2/repository/org/openjdk/jmh/jmh-generator-annprocess/1.19/jmh-generator-annprocess-1.19.jar:/home/runner/.m2/repository/org/mockito/mockito-core/2.28.2/mockito-core-2.28.2.jar:/home/runner/.m2/repository/net/bytebuddy/byte-buddy/1.9.10/byte-buddy-1.9.10.jar:/home/runner/.m2/repository/net/bytebuddy/byte-buddy-agent/1.9.10/byte-buddy-agent-1.9.10.jar:/home/runner/.m2/repository/org/objenesis/objenesis/1.0/objenesis-1.0.jar:/home/runner/.m2/repository/org/apache/hadoop/hadoop-kms/3.3.1/hadoop-kms-3.3.1.jar:/home/runner/.m2/repository/org/apache/hadoop/hadoop-auth/3.3.1/hadoop-auth-3.3.1.jar:/home/runner/.m2/repository/com/nimbusds/nimbus-jose-jwt/7.9/nimbus-jose-jwt-7.9.jar:/home/runner/.m2/repository/com/github/stephenc/jcip/jcip-annotations/1.0-1/jcip-annotations-1.0-1.jar:/home/runner/.m2/repository/net/minidev/json-smart/2.3.1/json-smart-2.3.1.jar:/home/runner/.m2/repository/net/minidev/accessors-smart/2.3.1/accessors-smart-2.3.1.jar:/home/runner/.m2/repository/org/ow2/asm/asm/5.0.4/asm-5.0.4.jar:/home/runner/.m2/repository/org/apache/zookeeper/zookeeper/3.5.6/zookeeper-3.5.6.jar:/home/runner/.m2/repository/org/apache/zookeeper/zookeeper-jute/3.5.6/zookeeper-jute-3.5.6.jar:/home/runner/.m2/repository/org/apache/yetus/audience-annotations/0.5.0/audience-annotations-0.5.0.jar:/home/runner/.m2/repository/org/apache/curator/curator-framework/4.2.0/curator-framework-4.2.0.jar:/home/runner/.m2/repository/org/apache/hadoop/thirdparty/hadoop-shaded-guava/1.1.1/hadoop-shaded-guava-1.1.1.jar:/home/runner/.m2/repository/com/sun/jersey/jersey-core/1.19/jersey-core-1.19.jar:/home/runner/.m2/repository/javax/ws/rs/jsr311-api/1.1.1/jsr311-api-1.1.1.jar:/home/runner/.m2/repository/com/sun/jersey/jersey-server/1.19/jersey-server-1.19.jar:/home/runner/.m2/repository/javax/servlet/javax.servlet-api/3.1.0/javax.servlet-api-3.1.0.jar:/home/runner/.m2/repository/org/eclipse/jetty/jetty-server/9.4.43.v20210629/jetty-server-9.4.43.v20210629.jar:/home/runner/.m2/repository/org/eclipse/jetty/jetty-http/9.4.43.v20210629/jetty-http-9.4.43.v20210629.jar:/home/runner/.m2/repository/org/eclipse/jetty/jetty-io/9.4.43.v20210629/jetty-io-9.4.43.v20210629.jar:/home/runner/.m2/repository/org/eclipse/jetty/jetty-webapp/9.4.43.v20210629/jetty-webapp-9.4.43.v20210629.jar:/home/runner/.m2/repository/org/eclipse/jetty/jetty-xml/9.4.43.v20210629/jetty-xml-9.4.43.v20210629.jar:/home/runner/.m2/repository/org/apache/hadoop/hadoop-common/3.3.1/hadoop-common-3.3.1.jar:/home/runner/.m2/repository/commons-net/commons-net/3.6/commons-net-3.6.jar:/home/runner/.m2/repository/jakarta/activation/jakarta.activation-api/1.2.1/jakarta.activation-api-1.2.1.jar:/home/runner/.m2/repository/com/sun/jersey/jersey-servlet/1.19/jersey-servlet-1.19.jar:/home/runner/.m2/repository/com/sun/jersey/jersey-json/1.19/jersey-json-1.19.jar:/home/runner/.m2/repository/org/codehaus/jettison/jettison/1.1/jettison-1.1.jar:/home/runner/.m2/repository/com/sun/xml/bind/jaxb-impl/2.2.3-1/jaxb-impl-2.2.3-1.jar:/home/runner/.m2/repository/org/codehaus/jackson/jackson-jaxrs/1.9.2/jackson-jaxrs-1.9.2.jar:/home/runner/.m2/repository/org/codehaus/jackson/jackson-xc/1.9.2/jackson-xc-1.9.2.jar:/home/runner/.m2/repository/org/apache/commons/commons-configuration2/2.1.1/commons-configuration2-2.1.1.jar:/home/runner/.m2/repository/org/apache/commons/commons-text/1.4/commons-text-1.4.jar:/home/runner/.m2/repository/com/google/re2j/re2j/1.1/re2j-1.1.jar:/home/runner/.m2/repository/com/jcraft/jsch/0.1.54/jsch-0.1.54.jar:/home/runner/.m2/repository/org/apache/curator/curator-client/4.2.0/curator-client-4.2.0.jar:/home/runner/.m2/repository/org/apache/curator/curator-recipes/4.2.0/curator-recipes-4.2.0.jar:/home/runner/.m2/repository/org/apache/kerby/kerb-core/1.0.1/kerb-core-1.0.1.jar:/home/runner/.m2/repository/org/apache/kerby/kerby-pkix/1.0.1/kerby-pkix-1.0.1.jar:/home/runner/.m2/repository/org/apache/kerby/kerby-asn1/1.0.1/kerby-asn1-1.0.1.jar:/home/runner/.m2/repository/org/apache/kerby/kerby-util/1.0.1/kerby-util-1.0.1.jar:/home/runner/.m2/repository/dnsjava/dnsjava/2.1.7/dnsjava-2.1.7.jar:/home/runner/.m2/repository/org/xerial/snappy/snappy-java/1.1.8.2/snappy-java-1.1.8.2.jar:/home/runner/.m2/repository/org/slf4j/jul-to-slf4j/1.7.30/jul-to-slf4j-1.7.30.jar:/home/runner/.m2/repository/org/eclipse/jetty/jetty-util/9.4.43.v20210629/jetty-util-9.4.43.v20210629.jar:/home/runner/.m2/repository/com/fasterxml/jackson/core/jackson-databind/2.12.1/jackson-databind-2.12.1.jar:/home/runner/.m2/repository/org/apache/hadoop/hadoop-kms/3.3.1/hadoop-kms-3.3.1-tests.jar:/home/runner/.m2/repository/org/apache/ozone/hdds-server-scm/1.3.0-SNAPSHOT/hdds-server-scm-1.3.0-SNAPSHOT-tests.jar:/home/runner/.m2/repository/org/apache/ozone/hdds-container-service/1.3.0-SNAPSHOT/hdds-container-service-1.3.0-SNAPSHOT-tests.jar:/home/runner/.m2/repository/commons-codec/commons-codec/1.11/commons-codec-1.11.jar:/home/runner/.m2/repository/io/netty/netty-transport/4.1.63.Final/netty-transport-4.1.63.Final.jar:/home/runner/.m2/repository/io/netty/netty-resolver/4.1.63.Final/netty-resolver-4.1.63.Final.jar:/home/runner/.m2/repository/io/netty/netty-codec/4.1.63.Final/netty-codec-4.1.63.Final.jar:/home/runner/.m2/repository/io/netty/netty-handler/4.1.63.Final/netty-handler-4.1.63.Final.jar:/home/runner/.m2/repository/org/apache/ozone/hdds-hadoop-dependency-test/1.3.0-SNAPSHOT/hdds-hadoop-dependency-test-1.3.0-SNAPSHOT.jar:/home/runner/.m2/repository/org/apache/hadoop/hadoop-common/3.3.1/hadoop-common-3.3.1-tests.jar:/home/runner/.m2/repository/org/assertj/assertj-core/3.12.2/assertj-core-3.12.2.jar:/home/runner/.m2/repository/org/apache/hadoop/hadoop-hdfs/3.3.1/hadoop-hdfs-3.3.1-tests.jar:/home/runner/.m2/repository/org/eclipse/jetty/jetty-util-ajax/9.4.43.v20210629/jetty-util-ajax-9.4.43.v20210629.jar:/home/runner/.m2/repository/commons-daemon/commons-daemon/1.0.13/commons-daemon-1.0.13.jar:/home/runner/.m2/repository/io/netty/netty/3.10.6.Final/netty-3.10.6.Final.jar:/home/runner/.m2/repository/io/netty/netty-all/4.1.63.Final/netty-all-4.1.63.Final.jar:/home/runner/.m2/repository/org/apache/htrace/htrace-core4/4.1.0-incubating/htrace-core4-4.1.0-incubating.jar:/home/runner/.m2/repository/org/fusesource/leveldbjni/leveldbjni-all/1.8/leveldbjni-all-1.8.jar:/home/runner/.m2/repository/org/apache/hadoop/hadoop-distcp/3.3.1/hadoop-distcp-3.3.1.jar:/home/runner/.m2/repository/org/apache/hadoop/hadoop-mapreduce-client-jobclient/3.3.1/hadoop-mapreduce-client-jobclient-3.3.1.jar:/home/runner/.m2/repository/org/apache/hadoop/hadoop-mapreduce-client-common/3.3.1/hadoop-mapreduce-client-common-3.3.1.jar:/home/runner/.m2/repository/org/apache/hadoop/hadoop-yarn-common/3.3.1/hadoop-yarn-common-3.3.1.jar:/home/runner/.m2/repository/org/apache/hadoop/hadoop-yarn-api/3.3.1/hadoop-yarn-api-3.3.1.jar:/home/runner/.m2/repository/com/sun/jersey/jersey-client/1.19/jersey-client-1.19.jar:/home/runner/.m2/repository/com/sun/jersey/contribs/jersey-guice/1.19/jersey-guice-1.19.jar:/home/runner/.m2/repository/com/fasterxml/jackson/jaxrs/jackson-jaxrs-json-provider/2.12.1/jackson-jaxrs-json-provider-2.12.1.jar:/home/runner/.m2/repository/com/fasterxml/jackson/jaxrs/jackson-jaxrs-base/2.12.1/jackson-jaxrs-base-2.12.1.jar:/home/runner/.m2/repository/org/apache/hadoop/hadoop-yarn-client/3.3.1/hadoop-yarn-client-3.3.1.jar:/home/runner/.m2/repository/org/eclipse/jetty/websocket/websocket-client/9.4.40.v20210413/websocket-client-9.4.40.v20210413.jar:/home/runner/.m2/repository/org/eclipse/jetty/jetty-client/9.4.40.v20210413/jetty-client-9.4.40.v20210413.jar:/home/runner/.m2/repository/org/eclipse/jetty/websocket/websocket-common/9.4.40.v20210413/websocket-common-9.4.40.v20210413.jar:/home/runner/.m2/repository/org/eclipse/jetty/websocket/websocket-api/9.4.40.v20210413/websocket-api-9.4.40.v20210413.jar:/home/runner/.m2/repository/org/jline/jline/3.9.0/jline-3.9.0.jar:/home/runner/.m2/repository/org/apache/hadoop/hadoop-mapreduce-client-core/3.3.1/hadoop-mapreduce-client-core-3.3.1.jar:/home/runner/.m2/repository/org/apache/avro/avro/1.7.7/avro-1.7.7.jar:/home/runner/.m2/repository/org/codehaus/jackson/jackson-core-asl/1.9.13/jackson-core-asl-1.9.13.jar:/home/runner/.m2/repository/org/codehaus/jackson/jackson-mapper-asl/1.9.13/jackson-mapper-asl-1.9.13.jar:/home/runner/.m2/repository/com/thoughtworks/paranamer/paranamer/2.3/paranamer-2.3.jar:/home/runner/.m2/repository/org/apache/hadoop/hadoop-annotations/3.3.1/hadoop-annotations-3.3.1.jar:/usr/lib/jvm/adoptopenjdk-8-hotspot-amd64/jre/../lib/tools.jar:/home/runner/.m2/repository/org/apache/hadoop/hadoop-distcp/3.3.1/hadoop-distcp-3.3.1-tests.jar:/home/runner/.m2/repository/org/apache/ratis/ratis-common/2.2.0/ratis-common-2.2.0.jar:/home/runner/.m2/repository/org/apache/ratis/ratis-thirdparty-misc/0.7.0/ratis-thirdparty-misc-0.7.0.jar:/home/runner/.m2/repository/org/apache/ratis/ratis-proto/2.2.0/ratis-proto-2.2.0.jar:"/>
    <property name="java.vm.vendor" value="AdoptOpenJDK"/>
    <property name="sun.arch.data.model" value="64"/>
    <property name="test.build.dir" value="/home/runner/work/ozone/ozone/hadoop-ozone/integration-test/target/test-dir"/>
    <property name="test.cache.data" value=""/>
    <property name="java.vendor.url" value="https://adoptopenjdk.net/"/>
    <property name="user.timezone" value=""/>
    <property name="java.vm.specification.version" value="1.8"/>
    <property name="os.name" value="Linux"/>
    <property name="test.build.data" value="/home/runner/work/ozone/ozone/hadoop-ozone/integration-test/target/test-dir"/>
    <property name="sun.java.launcher" value="SUN_STANDARD"/>
    <property name="sun.boot.library.path" value="/usr/lib/jvm/adoptopenjdk-8-hotspot-amd64/jre/lib/amd64"/>
    <property name="sun.java.command" value="/home/runner/work/ozone/ozone/hadoop-ozone/integration-test/target/surefire/surefirebooter8160609749200246593.jar /home/runner/work/ozone/ozone/hadoop-ozone/integration-test/target/surefire 2021-12-03T05-29-42_529-jvmRun1 surefire2998278468852267117tmp surefire_376427296423402484698tmp"/>
    <property name="surefire.test.class.path" value="/home/runner/work/ozone/ozone/hadoop-ozone/integration-test/target/test-classes:/home/runner/work/ozone/ozone/hadoop-ozone/integration-test/target/classes:/home/runner/.m2/repository/org/apache/ozone/ozone-common/1.3.0-SNAPSHOT/ozone-common-1.3.0-SNAPSHOT.jar:/home/runner/.m2/repository/org/apache/commons/commons-compress/1.21/commons-compress-1.21.jar:/home/runner/.m2/repository/org/apache/ozone/hdds-common/1.3.0-SNAPSHOT/hdds-common-1.3.0-SNAPSHOT.jar:/home/runner/.m2/repository/org/apache/ozone/hdds-client/1.3.0-SNAPSHOT/hdds-client-1.3.0-SNAPSHOT.jar:/home/runner/.m2/repository/org/apache/ozone/ozone-interface-client/1.3.0-SNAPSHOT/ozone-interface-client-1.3.0-SNAPSHOT.jar:/home/runner/.m2/repository/org/apache/ozone/hdds-test-utils/1.3.0-SNAPSHOT/hdds-test-utils-1.3.0-SNAPSHOT.jar:/home/runner/.m2/repository/com/google/guava/guava/30.1.1-jre/guava-30.1.1-jre.jar:/home/runner/.m2/repository/com/google/guava/failureaccess/1.0.1/failureaccess-1.0.1.jar:/home/runner/.m2/repository/com/google/guava/listenablefuture/9999.0-empty-to-avoid-conflict-with-guava/listenablefuture-9999.0-empty-to-avoid-conflict-with-guava.jar:/home/runner/.m2/repository/com/google/code/findbugs/jsr305/3.0.0/jsr305-3.0.0.jar:/home/runner/.m2/repository/org/checkerframework/checker-qual/3.8.0/checker-qual-3.8.0.jar:/home/runner/.m2/repository/com/google/errorprone/error_prone_annotations/2.2.0/error_prone_annotations-2.2.0.jar:/home/runner/.m2/repository/com/google/j2objc/j2objc-annotations/1.3/j2objc-annotations-1.3.jar:/home/runner/.m2/repository/commons-io/commons-io/2.11.0/commons-io-2.11.0.jar:/home/runner/.m2/repository/commons-logging/commons-logging/1.2/commons-logging-1.2.jar:/home/runner/.m2/repository/log4j/log4j/1.2.17/log4j-1.2.17.jar:/home/runner/.m2/repository/org/slf4j/slf4j-api/1.7.30/slf4j-api-1.7.30.jar:/home/runner/.m2/repository/org/apache/ozone/hdds-server-scm/1.3.0-SNAPSHOT/hdds-server-scm-1.3.0-SNAPSHOT.jar:/home/runner/.m2/repository/org/apache/ozone/hdds-container-service/1.3.0-SNAPSHOT/hdds-container-service-1.3.0-SNAPSHOT.jar:/home/runner/.m2/repository/org/apache/ozone/hdds-hadoop-dependency-server/1.3.0-SNAPSHOT/hdds-hadoop-dependency-server-1.3.0-SNAPSHOT.jar:/home/runner/.m2/repository/org/apache/hadoop/hadoop-hdfs/3.3.1/hadoop-hdfs-3.3.1.jar:/home/runner/.m2/repository/org/apache/ozone/hdds-server-framework/1.3.0-SNAPSHOT/hdds-server-framework-1.3.0-SNAPSHOT.jar:/home/runner/.m2/repository/org/apache/ozone/hdds-interface-server/1.3.0-SNAPSHOT/hdds-interface-server-1.3.0-SNAPSHOT.jar:/home/runner/.m2/repository/org/eclipse/jetty/jetty-servlet/9.4.43.v20210629/jetty-servlet-9.4.43.v20210629.jar:/home/runner/.m2/repository/org/eclipse/jetty/jetty-security/9.4.43.v20210629/jetty-security-9.4.43.v20210629.jar:/home/runner/.m2/repository/org/rocksdb/rocksdbjni/6.25.3/rocksdbjni-6.25.3.jar:/home/runner/.m2/repository/io/prometheus/simpleclient_dropwizard/0.7.0/simpleclient_dropwizard-0.7.0.jar:/home/runner/.m2/repository/io/prometheus/simpleclient/0.7.0/simpleclient-0.7.0.jar:/home/runner/.m2/repository/io/prometheus/simpleclient_common/0.7.0/simpleclient_common-0.7.0.jar:/home/runner/.m2/repository/com/fasterxml/jackson/datatype/jackson-datatype-jsr310/2.12.1/jackson-datatype-jsr310-2.12.1.jar:/home/runner/.m2/repository/io/dropwizard/metrics/metrics-core/3.2.4/metrics-core-3.2.4.jar:/home/runner/.m2/repository/org/apache/hadoop/hadoop-hdfs-client/3.3.1/hadoop-hdfs-client-3.3.1.jar:/home/runner/.m2/repository/org/bouncycastle/bcprov-jdk15on/1.67/bcprov-jdk15on-1.67.jar:/home/runner/.m2/repository/com/google/protobuf/protobuf-java/2.5.0/protobuf-java-2.5.0.jar:/home/runner/.m2/repository/org/apache/ozone/ozone-manager/1.3.0-SNAPSHOT/ozone-manager-1.3.0-SNAPSHOT.jar:/home/runner/.m2/repository/org/aspectj/aspectjrt/1.9.7/aspectjrt-1.9.7.jar:/home/runner/.m2/repository/org/aspectj/aspectjweaver/1.9.7/aspectjweaver-1.9.7.jar:/home/runner/.m2/repository/org/apache/ozone/hdds-interface-client/1.3.0-SNAPSHOT/hdds-interface-client-1.3.0-SNAPSHOT.jar:/home/runner/.m2/repository/org/apache/hadoop/thirdparty/hadoop-shaded-protobuf_3_7/1.1.1/hadoop-shaded-protobuf_3_7-1.1.1.jar:/home/runner/.m2/repository/org/apache/ozone/ozone-interface-storage/1.3.0-SNAPSHOT/ozone-interface-storage-1.3.0-SNAPSHOT.jar:/home/runner/.m2/repository/org/reflections/reflections/0.9.11/reflections-0.9.11.jar:/home/runner/.m2/repository/org/apache/hadoop/hadoop-minikdc/3.3.1/hadoop-minikdc-3.3.1.jar:/home/runner/.m2/repository/org/apache/kerby/kerb-simplekdc/1.0.1/kerb-simplekdc-1.0.1.jar:/home/runner/.m2/repository/org/apache/kerby/kerb-client/1.0.1/kerb-client-1.0.1.jar:/home/runner/.m2/repository/org/apache/kerby/kerby-config/1.0.1/kerby-config-1.0.1.jar:/home/runner/.m2/repository/org/apache/kerby/kerb-common/1.0.1/kerb-common-1.0.1.jar:/home/runner/.m2/repository/org/apache/kerby/kerb-crypto/1.0.1/kerb-crypto-1.0.1.jar:/home/runner/.m2/repository/org/apache/kerby/kerb-util/1.0.1/kerb-util-1.0.1.jar:/home/runner/.m2/repository/org/apache/kerby/token-provider/1.0.1/token-provider-1.0.1.jar:/home/runner/.m2/repository/org/apache/kerby/kerb-admin/1.0.1/kerb-admin-1.0.1.jar:/home/runner/.m2/repository/org/apache/kerby/kerb-server/1.0.1/kerb-server-1.0.1.jar:/home/runner/.m2/repository/org/apache/kerby/kerb-identity/1.0.1/kerb-identity-1.0.1.jar:/home/runner/.m2/repository/org/apache/kerby/kerby-xdr/1.0.1/kerby-xdr-1.0.1.jar:/home/runner/.m2/repository/org/slf4j/slf4j-log4j12/1.7.30/slf4j-log4j12-1.7.30.jar:/home/runner/.m2/repository/org/apache/ozone/ozone-s3gateway/1.3.0-SNAPSHOT/ozone-s3gateway-1.3.0-SNAPSHOT.jar:/home/runner/.m2/repository/org/javassist/javassist/3.21.0-GA/javassist-3.21.0-GA.jar:/home/runner/.m2/repository/org/jboss/weld/servlet/weld-servlet/2.4.7.Final/weld-servlet-2.4.7.Final.jar:/home/runner/.m2/repository/org/glassfish/jersey/containers/jersey-container-servlet-core/2.33/jersey-container-servlet-core-2.33.jar:/home/runner/.m2/repository/org/glassfish/hk2/external/jakarta.inject/2.6.1/jakarta.inject-2.6.1.jar:/home/runner/.m2/repository/org/glassfish/jersey/core/jersey-common/2.33/jersey-common-2.33.jar:/home/runner/.m2/repository/jakarta/ws/rs/jakarta.ws.rs-api/2.1.6/jakarta.ws.rs-api-2.1.6.jar:/home/runner/.m2/repository/org/glassfish/jersey/ext/cdi/jersey-cdi1x/2.33/jersey-cdi1x-2.33.jar:/home/runner/.m2/repository/org/glassfish/jersey/inject/jersey-hk2/2.33/jersey-hk2-2.33.jar:/home/runner/.m2/repository/org/glassfish/hk2/hk2-locator/2.6.1/hk2-locator-2.6.1.jar:/home/runner/.m2/repository/org/glassfish/jersey/media/jersey-media-jaxb/2.33/jersey-media-jaxb-2.33.jar:/home/runner/.m2/repository/org/glassfish/hk2/osgi-resource-locator/1.0.3/osgi-resource-locator-1.0.3.jar:/home/runner/.m2/repository/org/glassfish/hk2/hk2-api/2.5.0/hk2-api-2.5.0.jar:/home/runner/.m2/repository/org/glassfish/hk2/hk2-utils/2.5.0/hk2-utils-2.5.0.jar:/home/runner/.m2/repository/org/glassfish/hk2/external/aopalliance-repackaged/2.5.0/aopalliance-repackaged-2.5.0.jar:/home/runner/.m2/repository/com/fasterxml/jackson/dataformat/jackson-dataformat-xml/2.12.1/jackson-dataformat-xml-2.12.1.jar:/home/runner/.m2/repository/com/fasterxml/jackson/core/jackson-core/2.12.1/jackson-core-2.12.1.jar:/home/runner/.m2/repository/com/fasterxml/jackson/module/jackson-module-jaxb-annotations/2.12.1/jackson-module-jaxb-annotations-2.12.1.jar:/home/runner/.m2/repository/jakarta/xml/bind/jakarta.xml.bind-api/2.3.2/jakarta.xml.bind-api-2.3.2.jar:/home/runner/.m2/repository/org/codehaus/woodstox/stax2-api/3.1.4/stax2-api-3.1.4.jar:/home/runner/.m2/repository/com/fasterxml/woodstox/woodstox-core/5.0.3/woodstox-core-5.0.3.jar:/home/runner/.m2/repository/javax/enterprise/cdi-api/1.2/cdi-api-1.2.jar:/home/runner/.m2/repository/javax/el/javax.el-api/3.0.0/javax.el-api-3.0.0.jar:/home/runner/.m2/repository/javax/interceptor/javax.interceptor-api/1.2/javax.interceptor-api-1.2.jar:/home/runner/.m2/repository/javax/inject/javax.inject/1/javax.inject-1.jar:/home/runner/.m2/repository/javax/xml/bind/jaxb-api/2.3.0/jaxb-api-2.3.0.jar:/home/runner/.m2/repository/org/glassfish/jaxb/jaxb-runtime/2.3.0.1/jaxb-runtime-2.3.0.1.jar:/home/runner/.m2/repository/org/glassfish/jaxb/jaxb-core/2.3.0.1/jaxb-core-2.3.0.1.jar:/home/runner/.m2/repository/org/glassfish/jaxb/txw2/2.3.0.1/txw2-2.3.0.1.jar:/home/runner/.m2/repository/com/sun/istack/istack-commons-runtime/3.0.5/istack-commons-runtime-3.0.5.jar:/home/runner/.m2/repository/org/jvnet/staxex/stax-ex/1.7.8/stax-ex-1.7.8.jar:/home/runner/.m2/repository/com/sun/xml/fastinfoset/FastInfoset/1.2.13/FastInfoset-1.2.13.jar:/home/runner/.m2/repository/javax/activation/activation/1.1.1/activation-1.1.1.jar:/home/runner/.m2/repository/org/apache/ozone/ozone-csi/1.3.0-SNAPSHOT/ozone-csi-1.3.0-SNAPSHOT.jar:/home/runner/.m2/repository/com/google/protobuf/protobuf-java-util/3.12.0/protobuf-java-util-3.12.0.jar:/home/runner/.m2/repository/com/google/code/gson/gson/2.2.4/gson-2.2.4.jar:/home/runner/.m2/repository/org/apache/ozone/hdds-config/1.3.0-SNAPSHOT/hdds-config-1.3.0-SNAPSHOT.jar:/home/runner/.m2/repository/io/grpc/grpc-netty/1.33.0/grpc-netty-1.33.0.jar:/home/runner/.m2/repository/io/grpc/grpc-core/1.33.0/grpc-core-1.33.0.jar:/home/runner/.m2/repository/com/google/android/annotations/4.1.1.4/annotations-4.1.1.4.jar:/home/runner/.m2/repository/io/netty/netty-codec-http2/4.1.63.Final/netty-codec-http2-4.1.63.Final.jar:/home/runner/.m2/repository/io/netty/netty-codec-http/4.1.63.Final/netty-codec-http-4.1.63.Final.jar:/home/runner/.m2/repository/io/netty/netty-handler-proxy/4.1.63.Final/netty-handler-proxy-4.1.63.Final.jar:/home/runner/.m2/repository/io/netty/netty-codec-socks/4.1.63.Final/netty-codec-socks-4.1.63.Final.jar:/home/runner/.m2/repository/io/perfmark/perfmark-api/0.19.0/perfmark-api-0.19.0.jar:/home/runner/.m2/repository/org/codehaus/mojo/animal-sniffer-annotations/1.18/animal-sniffer-annotations-1.18.jar:/home/runner/.m2/repository/io/netty/netty-transport-native-epoll/4.1.63.Final/netty-transport-native-epoll-4.1.63.Final.jar:/home/runner/.m2/repository/io/netty/netty-common/4.1.63.Final/netty-common-4.1.63.Final.jar:/home/runner/.m2/repository/io/netty/netty-buffer/4.1.63.Final/netty-buffer-4.1.63.Final.jar:/home/runner/.m2/repository/io/netty/netty-transport-native-unix-common/4.1.63.Final/netty-transport-native-unix-common-4.1.63.Final.jar:/home/runner/.m2/repository/io/grpc/grpc-protobuf/1.33.0/grpc-protobuf-1.33.0.jar:/home/runner/.m2/repository/io/grpc/grpc-api/1.33.0/grpc-api-1.33.0.jar:/home/runner/.m2/repository/io/grpc/grpc-context/1.33.0/grpc-context-1.33.0.jar:/home/runner/.m2/repository/com/google/api/grpc/proto-google-common-protos/1.17.0/proto-google-common-protos-1.17.0.jar:/home/runner/.m2/repository/io/grpc/grpc-protobuf-lite/1.33.0/grpc-protobuf-lite-1.33.0.jar:/home/runner/.m2/repository/io/grpc/grpc-stub/1.33.0/grpc-stub-1.33.0.jar:/home/runner/.m2/repository/org/apache/ozone/ozone-recon/1.3.0-SNAPSHOT/ozone-recon-1.3.0-SNAPSHOT.jar:/home/runner/.m2/repository/org/apache/ozone/ozone-reconcodegen/1.3.0-SNAPSHOT/ozone-reconcodegen-1.3.0-SNAPSHOT.jar:/home/runner/.m2/repository/com/google/inject/extensions/guice-multibindings/4.0/guice-multibindings-4.0.jar:/home/runner/.m2/repository/com/google/inject/guice/4.0/guice-4.0.jar:/home/runner/.m2/repository/aopalliance/aopalliance/1.0/aopalliance-1.0.jar:/home/runner/.m2/repository/com/google/inject/extensions/guice-assistedinject/4.0/guice-assistedinject-4.0.jar:/home/runner/.m2/repository/com/google/inject/extensions/guice-servlet/4.0/guice-servlet-4.0.jar:/home/runner/.m2/repository/org/glassfish/jersey/containers/jersey-container-servlet/2.33/jersey-container-servlet-2.33.jar:/home/runner/.m2/repository/org/glassfish/hk2/guice-bridge/2.5.0/guice-bridge-2.5.0.jar:/home/runner/.m2/repository/org/glassfish/jersey/core/jersey-server/2.33/jersey-server-2.33.jar:/home/runner/.m2/repository/org/glassfish/jersey/core/jersey-client/2.33/jersey-client-2.33.jar:/home/runner/.m2/repository/jakarta/annotation/jakarta.annotation-api/1.3.5/jakarta.annotation-api-1.3.5.jar:/home/runner/.m2/repository/jakarta/validation/jakarta.validation-api/2.0.2/jakarta.validation-api-2.0.2.jar:/home/runner/.m2/repository/org/glassfish/jersey/media/jersey-media-json-jackson/2.33/jersey-media-json-jackson-2.33.jar:/home/runner/.m2/repository/org/glassfish/jersey/ext/jersey-entity-filtering/2.33/jersey-entity-filtering-2.33.jar:/home/runner/.m2/repository/org/jooq/jooq/3.11.10/jooq-3.11.10.jar:/home/runner/.m2/repository/org/jooq/jooq-meta/3.11.10/jooq-meta-3.11.10.jar:/home/runner/.m2/repository/org/jooq/jooq-codegen/3.11.10/jooq-codegen-3.11.10.jar:/home/runner/.m2/repository/com/jolbox/bonecp/0.8.0.RELEASE/bonecp-0.8.0.RELEASE.jar:/home/runner/.m2/repository/org/apache/derby/derby/10.14.2.0/derby-10.14.2.0.jar:/home/runner/.m2/repository/org/xerial/sqlite-jdbc/3.25.2/sqlite-jdbc-3.25.2.jar:/home/runner/.m2/repository/org/springframework/spring-jdbc/5.2.18.RELEASE/spring-jdbc-5.2.18.RELEASE.jar:/home/runner/.m2/repository/org/springframework/spring-beans/5.2.18.RELEASE/spring-beans-5.2.18.RELEASE.jar:/home/runner/.m2/repository/org/springframework/spring-core/5.2.18.RELEASE/spring-core-5.2.18.RELEASE.jar:/home/runner/.m2/repository/org/springframework/spring-jcl/5.2.18.RELEASE/spring-jcl-5.2.18.RELEASE.jar:/home/runner/.m2/repository/org/springframework/spring-tx/5.2.18.RELEASE/spring-tx-5.2.18.RELEASE.jar:/home/runner/.m2/repository/org/apache/ozone/ozone-client/1.3.0-SNAPSHOT/ozone-client-1.3.0-SNAPSHOT.jar:/home/runner/.m2/repository/org/apache/ozone/ozone-filesystem/1.3.0-SNAPSHOT/ozone-filesystem-1.3.0-SNAPSHOT.jar:/home/runner/.m2/repository/org/apache/ozone/ozone-filesystem-common/1.3.0-SNAPSHOT/ozone-filesystem-common-1.3.0-SNAPSHOT.jar:/home/runner/.m2/repository/org/apache/ozone/ozone-tools/1.3.0-SNAPSHOT/ozone-tools-1.3.0-SNAPSHOT.jar:/home/runner/.m2/repository/org/apache/ratis/ratis-tools/2.2.0/ratis-tools-2.2.0.jar:/home/runner/.m2/repository/com/amazonaws/aws-java-sdk-core/1.11.1034/aws-java-sdk-core-1.11.1034.jar:/home/runner/.m2/repository/org/apache/httpcomponents/httpclient/4.5.13/httpclient-4.5.13.jar:/home/runner/.m2/repository/org/apache/httpcomponents/httpcore/4.4.13/httpcore-4.4.13.jar:/home/runner/.m2/repository/software/amazon/ion/ion-java/1.0.2/ion-java-1.0.2.jar:/home/runner/.m2/repository/com/fasterxml/jackson/dataformat/jackson-dataformat-cbor/2.12.1/jackson-dataformat-cbor-2.12.1.jar:/home/runner/.m2/repository/joda-time/joda-time/2.8.1/joda-time-2.8.1.jar:/home/runner/.m2/repository/com/amazonaws/aws-java-sdk-s3/1.11.1034/aws-java-sdk-s3-1.11.1034.jar:/home/runner/.m2/repository/com/amazonaws/aws-java-sdk-kms/1.11.1034/aws-java-sdk-kms-1.11.1034.jar:/home/runner/.m2/repository/com/amazonaws/jmespath-java/1.11.1034/jmespath-java-1.11.1034.jar:/home/runner/.m2/repository/org/kohsuke/metainf-services/metainf-services/1.8/metainf-services-1.8.jar:/home/runner/.m2/repository/org/apache/ozone/hdds-tools/1.3.0-SNAPSHOT/hdds-tools-1.3.0-SNAPSHOT.jar:/home/runner/.m2/repository/commons-cli/commons-cli/1.2/commons-cli-1.2.jar:/home/runner/.m2/repository/org/apache/commons/commons-lang3/3.7/commons-lang3-3.7.jar:/home/runner/.m2/repository/org/apache/ozone/ozone-manager/1.3.0-SNAPSHOT/ozone-manager-1.3.0-SNAPSHOT-tests.jar:/home/runner/.m2/repository/org/apache/ozone/hdds-common/1.3.0-SNAPSHOT/hdds-common-1.3.0-SNAPSHOT-tests.jar:/home/runner/.m2/repository/org/apache/ozone/hdds-hadoop-dependency-client/1.3.0-SNAPSHOT/hdds-hadoop-dependency-client-1.3.0-SNAPSHOT.jar:/home/runner/.m2/repository/info/picocli/picocli/4.6.1/picocli-4.6.1.jar:/home/runner/.m2/repository/com/fasterxml/jackson/core/jackson-annotations/2.12.1/jackson-annotations-2.12.1.jar:/home/runner/.m2/repository/javax/annotation/javax.annotation-api/1.2/javax.annotation-api-1.2.jar:/home/runner/.m2/repository/org/apache/ratis/ratis-server/2.2.0/ratis-server-2.2.0.jar:/home/runner/.m2/repository/org/apache/ratis/ratis-client/2.2.0/ratis-client-2.2.0.jar:/home/runner/.m2/repository/org/apache/ratis/ratis-server-api/2.2.0/ratis-server-api-2.2.0.jar:/home/runner/.m2/repository/org/apache/ratis/ratis-metrics/2.2.0/ratis-metrics-2.2.0.jar:/home/runner/.m2/repository/org/apache/ratis/ratis-netty/2.2.0/ratis-netty-2.2.0.jar:/home/runner/.m2/repository/org/apache/ratis/ratis-grpc/2.2.0/ratis-grpc-2.2.0.jar:/home/runner/.m2/repository/org/apache/logging/log4j/log4j-api/2.13.3/log4j-api-2.13.3.jar:/home/runner/.m2/repository/org/apache/logging/log4j/log4j-core/2.13.3/log4j-core-2.13.3.jar:/home/runner/.m2/repository/com/lmax/disruptor/3.4.2/disruptor-3.4.2.jar:/home/runner/.m2/repository/org/apache/commons/commons-pool2/2.6.0/commons-pool2-2.6.0.jar:/home/runner/.m2/repository/org/bouncycastle/bcpkix-jdk15on/1.67/bcpkix-jdk15on-1.67.jar:/home/runner/.m2/repository/commons-validator/commons-validator/1.6/commons-validator-1.6.jar:/home/runner/.m2/repository/commons-beanutils/commons-beanutils/1.9.4/commons-beanutils-1.9.4.jar:/home/runner/.m2/repository/commons-digester/commons-digester/1.8.1/commons-digester-1.8.1.jar:/home/runner/.m2/repository/commons-collections/commons-collections/3.2.2/commons-collections-3.2.2.jar:/home/runner/.m2/repository/io/jaegertracing/jaeger-client/1.6.0/jaeger-client-1.6.0.jar:/home/runner/.m2/repository/io/jaegertracing/jaeger-thrift/1.6.0/jaeger-thrift-1.6.0.jar:/home/runner/.m2/repository/org/apache/thrift/libthrift/0.14.1/libthrift-0.14.1.jar:/home/runner/.m2/repository/com/squareup/okhttp3/okhttp/4.9.0/okhttp-4.9.0.jar:/home/runner/.m2/repository/com/squareup/okio/okio/2.8.0/okio-2.8.0.jar:/home/runner/.m2/repository/io/jaegertracing/jaeger-core/1.6.0/jaeger-core-1.6.0.jar:/home/runner/.m2/repository/io/jaegertracing/jaeger-tracerresolver/1.6.0/jaeger-tracerresolver-1.6.0.jar:/home/runner/.m2/repository/io/opentracing/contrib/opentracing-tracerresolver/0.1.8/opentracing-tracerresolver-0.1.8.jar:/home/runner/.m2/repository/org/jetbrains/kotlin/kotlin-stdlib/1.4.31/kotlin-stdlib-1.4.31.jar:/home/runner/.m2/repository/org/jetbrains/kotlin/kotlin-stdlib-common/1.4.31/kotlin-stdlib-common-1.4.31.jar:/home/runner/.m2/repository/org/jetbrains/annotations/13.0/annotations-13.0.jar:/home/runner/.m2/repository/io/opentracing/opentracing-util/0.33.0/opentracing-util-0.33.0.jar:/home/runner/.m2/repository/io/opentracing/opentracing-api/0.33.0/opentracing-api-0.33.0.jar:/home/runner/.m2/repository/io/opentracing/opentracing-noop/0.33.0/opentracing-noop-0.33.0.jar:/home/runner/.m2/repository/org/yaml/snakeyaml/1.26/snakeyaml-1.26.jar:/home/runner/.m2/repository/org/apache/ozone/hdds-interface-admin/1.3.0-SNAPSHOT/hdds-interface-admin-1.3.0-SNAPSHOT.jar:/home/runner/.m2/repository/junit/junit/4.13.1/junit-4.13.1.jar:/home/runner/.m2/repository/org/hamcrest/hamcrest-core/1.3/hamcrest-core-1.3.jar:/home/runner/.m2/repository/org/junit/jupiter/junit-jupiter-api/5.7.0/junit-jupiter-api-5.7.0.jar:/home/runner/.m2/repository/org/apiguardian/apiguardian-api/1.1.0/apiguardian-api-1.1.0.jar:/home/runner/.m2/repository/org/opentest4j/opentest4j/1.2.0/opentest4j-1.2.0.jar:/home/runner/.m2/repository/org/junit/platform/junit-platform-commons/1.7.0/junit-platform-commons-1.7.0.jar:/home/runner/.m2/repository/org/junit/jupiter/junit-jupiter-engine/5.7.0/junit-jupiter-engine-5.7.0.jar:/home/runner/.m2/repository/org/junit/platform/junit-platform-engine/1.7.0/junit-platform-engine-1.7.0.jar:/home/runner/.m2/repository/org/junit/vintage/junit-vintage-engine/5.7.0/junit-vintage-engine-5.7.0.jar:/home/runner/.m2/repository/org/junit/platform/junit-platform-launcher/1.7.0/junit-platform-launcher-1.7.0.jar:/home/runner/.m2/repository/org/openjdk/jmh/jmh-core/1.19/jmh-core-1.19.jar:/home/runner/.m2/repository/net/sf/jopt-simple/jopt-simple/4.6/jopt-simple-4.6.jar:/home/runner/.m2/repository/org/apache/commons/commons-math3/3.1.1/commons-math3-3.1.1.jar:/home/runner/.m2/repository/org/openjdk/jmh/jmh-generator-annprocess/1.19/jmh-generator-annprocess-1.19.jar:/home/runner/.m2/repository/org/mockito/mockito-core/2.28.2/mockito-core-2.28.2.jar:/home/runner/.m2/repository/net/bytebuddy/byte-buddy/1.9.10/byte-buddy-1.9.10.jar:/home/runner/.m2/repository/net/bytebuddy/byte-buddy-agent/1.9.10/byte-buddy-agent-1.9.10.jar:/home/runner/.m2/repository/org/objenesis/objenesis/1.0/objenesis-1.0.jar:/home/runner/.m2/repository/org/apache/hadoop/hadoop-kms/3.3.1/hadoop-kms-3.3.1.jar:/home/runner/.m2/repository/org/apache/hadoop/hadoop-auth/3.3.1/hadoop-auth-3.3.1.jar:/home/runner/.m2/repository/com/nimbusds/nimbus-jose-jwt/7.9/nimbus-jose-jwt-7.9.jar:/home/runner/.m2/repository/com/github/stephenc/jcip/jcip-annotations/1.0-1/jcip-annotations-1.0-1.jar:/home/runner/.m2/repository/net/minidev/json-smart/2.3.1/json-smart-2.3.1.jar:/home/runner/.m2/repository/net/minidev/accessors-smart/2.3.1/accessors-smart-2.3.1.jar:/home/runner/.m2/repository/org/ow2/asm/asm/5.0.4/asm-5.0.4.jar:/home/runner/.m2/repository/org/apache/zookeeper/zookeeper/3.5.6/zookeeper-3.5.6.jar:/home/runner/.m2/repository/org/apache/zookeeper/zookeeper-jute/3.5.6/zookeeper-jute-3.5.6.jar:/home/runner/.m2/repository/org/apache/yetus/audience-annotations/0.5.0/audience-annotations-0.5.0.jar:/home/runner/.m2/repository/org/apache/curator/curator-framework/4.2.0/curator-framework-4.2.0.jar:/home/runner/.m2/repository/org/apache/hadoop/thirdparty/hadoop-shaded-guava/1.1.1/hadoop-shaded-guava-1.1.1.jar:/home/runner/.m2/repository/com/sun/jersey/jersey-core/1.19/jersey-core-1.19.jar:/home/runner/.m2/repository/javax/ws/rs/jsr311-api/1.1.1/jsr311-api-1.1.1.jar:/home/runner/.m2/repository/com/sun/jersey/jersey-server/1.19/jersey-server-1.19.jar:/home/runner/.m2/repository/javax/servlet/javax.servlet-api/3.1.0/javax.servlet-api-3.1.0.jar:/home/runner/.m2/repository/org/eclipse/jetty/jetty-server/9.4.43.v20210629/jetty-server-9.4.43.v20210629.jar:/home/runner/.m2/repository/org/eclipse/jetty/jetty-http/9.4.43.v20210629/jetty-http-9.4.43.v20210629.jar:/home/runner/.m2/repository/org/eclipse/jetty/jetty-io/9.4.43.v20210629/jetty-io-9.4.43.v20210629.jar:/home/runner/.m2/repository/org/eclipse/jetty/jetty-webapp/9.4.43.v20210629/jetty-webapp-9.4.43.v20210629.jar:/home/runner/.m2/repository/org/eclipse/jetty/jetty-xml/9.4.43.v20210629/jetty-xml-9.4.43.v20210629.jar:/home/runner/.m2/repository/org/apache/hadoop/hadoop-common/3.3.1/hadoop-common-3.3.1.jar:/home/runner/.m2/repository/commons-net/commons-net/3.6/commons-net-3.6.jar:/home/runner/.m2/repository/jakarta/activation/jakarta.activation-api/1.2.1/jakarta.activation-api-1.2.1.jar:/home/runner/.m2/repository/com/sun/jersey/jersey-servlet/1.19/jersey-servlet-1.19.jar:/home/runner/.m2/repository/com/sun/jersey/jersey-json/1.19/jersey-json-1.19.jar:/home/runner/.m2/repository/org/codehaus/jettison/jettison/1.1/jettison-1.1.jar:/home/runner/.m2/repository/com/sun/xml/bind/jaxb-impl/2.2.3-1/jaxb-impl-2.2.3-1.jar:/home/runner/.m2/repository/org/codehaus/jackson/jackson-jaxrs/1.9.2/jackson-jaxrs-1.9.2.jar:/home/runner/.m2/repository/org/codehaus/jackson/jackson-xc/1.9.2/jackson-xc-1.9.2.jar:/home/runner/.m2/repository/org/apache/commons/commons-configuration2/2.1.1/commons-configuration2-2.1.1.jar:/home/runner/.m2/repository/org/apache/commons/commons-text/1.4/commons-text-1.4.jar:/home/runner/.m2/repository/com/google/re2j/re2j/1.1/re2j-1.1.jar:/home/runner/.m2/repository/com/jcraft/jsch/0.1.54/jsch-0.1.54.jar:/home/runner/.m2/repository/org/apache/curator/curator-client/4.2.0/curator-client-4.2.0.jar:/home/runner/.m2/repository/org/apache/curator/curator-recipes/4.2.0/curator-recipes-4.2.0.jar:/home/runner/.m2/repository/org/apache/kerby/kerb-core/1.0.1/kerb-core-1.0.1.jar:/home/runner/.m2/repository/org/apache/kerby/kerby-pkix/1.0.1/kerby-pkix-1.0.1.jar:/home/runner/.m2/repository/org/apache/kerby/kerby-asn1/1.0.1/kerby-asn1-1.0.1.jar:/home/runner/.m2/repository/org/apache/kerby/kerby-util/1.0.1/kerby-util-1.0.1.jar:/home/runner/.m2/repository/dnsjava/dnsjava/2.1.7/dnsjava-2.1.7.jar:/home/runner/.m2/repository/org/xerial/snappy/snappy-java/1.1.8.2/snappy-java-1.1.8.2.jar:/home/runner/.m2/repository/org/slf4j/jul-to-slf4j/1.7.30/jul-to-slf4j-1.7.30.jar:/home/runner/.m2/repository/org/eclipse/jetty/jetty-util/9.4.43.v20210629/jetty-util-9.4.43.v20210629.jar:/home/runner/.m2/repository/com/fasterxml/jackson/core/jackson-databind/2.12.1/jackson-databind-2.12.1.jar:/home/runner/.m2/repository/org/apache/hadoop/hadoop-kms/3.3.1/hadoop-kms-3.3.1-tests.jar:/home/runner/.m2/repository/org/apache/ozone/hdds-server-scm/1.3.0-SNAPSHOT/hdds-server-scm-1.3.0-SNAPSHOT-tests.jar:/home/runner/.m2/repository/org/apache/ozone/hdds-container-service/1.3.0-SNAPSHOT/hdds-container-service-1.3.0-SNAPSHOT-tests.jar:/home/runner/.m2/repository/commons-codec/commons-codec/1.11/commons-codec-1.11.jar:/home/runner/.m2/repository/io/netty/netty-transport/4.1.63.Final/netty-transport-4.1.63.Final.jar:/home/runner/.m2/repository/io/netty/netty-resolver/4.1.63.Final/netty-resolver-4.1.63.Final.jar:/home/runner/.m2/repository/io/netty/netty-codec/4.1.63.Final/netty-codec-4.1.63.Final.jar:/home/runner/.m2/repository/io/netty/netty-handler/4.1.63.Final/netty-handler-4.1.63.Final.jar:/home/runner/.m2/repository/org/apache/ozone/hdds-hadoop-dependency-test/1.3.0-SNAPSHOT/hdds-hadoop-dependency-test-1.3.0-SNAPSHOT.jar:/home/runner/.m2/repository/org/apache/hadoop/hadoop-common/3.3.1/hadoop-common-3.3.1-tests.jar:/home/runner/.m2/repository/org/assertj/assertj-core/3.12.2/assertj-core-3.12.2.jar:/home/runner/.m2/repository/org/apache/hadoop/hadoop-hdfs/3.3.1/hadoop-hdfs-3.3.1-tests.jar:/home/runner/.m2/repository/org/eclipse/jetty/jetty-util-ajax/9.4.43.v20210629/jetty-util-ajax-9.4.43.v20210629.jar:/home/runner/.m2/repository/commons-daemon/commons-daemon/1.0.13/commons-daemon-1.0.13.jar:/home/runner/.m2/repository/io/netty/netty/3.10.6.Final/netty-3.10.6.Final.jar:/home/runner/.m2/repository/io/netty/netty-all/4.1.63.Final/netty-all-4.1.63.Final.jar:/home/runner/.m2/repository/org/apache/htrace/htrace-core4/4.1.0-incubating/htrace-core4-4.1.0-incubating.jar:/home/runner/.m2/repository/org/fusesource/leveldbjni/leveldbjni-all/1.8/leveldbjni-all-1.8.jar:/home/runner/.m2/repository/org/apache/hadoop/hadoop-distcp/3.3.1/hadoop-distcp-3.3.1.jar:/home/runner/.m2/repository/org/apache/hadoop/hadoop-mapreduce-client-jobclient/3.3.1/hadoop-mapreduce-client-jobclient-3.3.1.jar:/home/runner/.m2/repository/org/apache/hadoop/hadoop-mapreduce-client-common/3.3.1/hadoop-mapreduce-client-common-3.3.1.jar:/home/runner/.m2/repository/org/apache/hadoop/hadoop-yarn-common/3.3.1/hadoop-yarn-common-3.3.1.jar:/home/runner/.m2/repository/org/apache/hadoop/hadoop-yarn-api/3.3.1/hadoop-yarn-api-3.3.1.jar:/home/runner/.m2/repository/com/sun/jersey/jersey-client/1.19/jersey-client-1.19.jar:/home/runner/.m2/repository/com/sun/jersey/contribs/jersey-guice/1.19/jersey-guice-1.19.jar:/home/runner/.m2/repository/com/fasterxml/jackson/jaxrs/jackson-jaxrs-json-provider/2.12.1/jackson-jaxrs-json-provider-2.12.1.jar:/home/runner/.m2/repository/com/fasterxml/jackson/jaxrs/jackson-jaxrs-base/2.12.1/jackson-jaxrs-base-2.12.1.jar:/home/runner/.m2/repository/org/apache/hadoop/hadoop-yarn-client/3.3.1/hadoop-yarn-client-3.3.1.jar:/home/runner/.m2/repository/org/eclipse/jetty/websocket/websocket-client/9.4.40.v20210413/websocket-client-9.4.40.v20210413.jar:/home/runner/.m2/repository/org/eclipse/jetty/jetty-client/9.4.40.v20210413/jetty-client-9.4.40.v20210413.jar:/home/runner/.m2/repository/org/eclipse/jetty/websocket/websocket-common/9.4.40.v20210413/websocket-common-9.4.40.v20210413.jar:/home/runner/.m2/repository/org/eclipse/jetty/websocket/websocket-api/9.4.40.v20210413/websocket-api-9.4.40.v20210413.jar:/home/runner/.m2/repository/org/jline/jline/3.9.0/jline-3.9.0.jar:/home/runner/.m2/repository/org/apache/hadoop/hadoop-mapreduce-client-core/3.3.1/hadoop-mapreduce-client-core-3.3.1.jar:/home/runner/.m2/repository/org/apache/avro/avro/1.7.7/avro-1.7.7.jar:/home/runner/.m2/repository/org/codehaus/jackson/jackson-core-asl/1.9.13/jackson-core-asl-1.9.13.jar:/home/runner/.m2/repository/org/codehaus/jackson/jackson-mapper-asl/1.9.13/jackson-mapper-asl-1.9.13.jar:/home/runner/.m2/repository/com/thoughtworks/paranamer/paranamer/2.3/paranamer-2.3.jar:/home/runner/.m2/repository/org/apache/hadoop/hadoop-annotations/3.3.1/hadoop-annotations-3.3.1.jar:/usr/lib/jvm/adoptopenjdk-8-hotspot-amd64/jre/../lib/tools.jar:/home/runner/.m2/repository/org/apache/hadoop/hadoop-distcp/3.3.1/hadoop-distcp-3.3.1-tests.jar:/home/runner/.m2/repository/org/apache/ratis/ratis-common/2.2.0/ratis-common-2.2.0.jar:/home/runner/.m2/repository/org/apache/ratis/ratis-thirdparty-misc/0.7.0/ratis-thirdparty-misc-0.7.0.jar:/home/runner/.m2/repository/org/apache/ratis/ratis-proto/2.2.0/ratis-proto-2.2.0.jar:"/>
    <property name="sun.cpu.endian" value="little"/>
    <property name="user.home" value="/home/runner"/>
    <property name="user.language" value="en"/>
    <property name="java.specification.vendor" value="Oracle Corporation"/>
    <property name="java.home" value="/usr/lib/jvm/adoptopenjdk-8-hotspot-amd64/jre"/>
    <property name="java.security.krb5.conf" value="/home/runner/work/ozone/ozone/hadoop-ozone/integration-test/target/test-classes/krb5.conf"/>
    <property name="basedir" value="/home/runner/work/ozone/ozone/hadoop-ozone/integration-test"/>
    <property name="file.separator" value="/"/>
    <property name="line.separator" value="&#10;"/>
    <property name="java.vm.specification.vendor" value="Oracle Corporation"/>
    <property name="java.specification.name" value="Java Platform API Specification"/>
    <property name="java.awt.graphicsenv" value="sun.awt.X11GraphicsEnvironment"/>
    <property name="skip.installnpx" value="true"/>
    <property name="surefire.real.class.path" value="/home/runner/work/ozone/ozone/hadoop-ozone/integration-test/target/surefire/surefirebooter8160609749200246593.jar:/home/runner/.m2/repository/org/jacoco/org.jacoco.agent/0.8.5/org.jacoco.agent-0.8.5-runtime.jar"/>
    <property name="hadoop.log.dir" value="/home/runner/work/ozone/ozone/hadoop-ozone/integration-test/target/log"/>
    <property name="sun.boot.class.path" value="/usr/lib/jvm/adoptopenjdk-8-hotspot-amd64/jre/lib/resources.jar:/usr/lib/jvm/adoptopenjdk-8-hotspot-amd64/jre/lib/rt.jar:/usr/lib/jvm/adoptopenjdk-8-hotspot-amd64/jre/lib/sunrsasign.jar:/usr/lib/jvm/adoptopenjdk-8-hotspot-amd64/jre/lib/jsse.jar:/usr/lib/jvm/adoptopenjdk-8-hotspot-amd64/jre/lib/jce.jar:/usr/lib/jvm/adoptopenjdk-8-hotspot-amd64/jre/lib/charsets.jar:/usr/lib/jvm/adoptopenjdk-8-hotspot-amd64/jre/lib/jfr.jar:/usr/lib/jvm/adoptopenjdk-8-hotspot-amd64/jre/classes"/>
    <property name="sun.management.compiler" value="HotSpot 64-Bit Tiered Compilers"/>
    <property name="skip.npx" value="true"/>
    <property name="java.runtime.version" value="1.8.0_292-b10"/>
    <property name="java.net.preferIPv4Stack" value="true"/>
    <property name="user.name" value="runner"/>
    <property name="path.separator" value=":"/>
    <property name="java.security.egd" value="file:///dev/urandom"/>
    <property name="os.version" value="5.4.0-1063-azure"/>
    <property name="java.endorsed.dirs" value="/usr/lib/jvm/adoptopenjdk-8-hotspot-amd64/jre/lib/endorsed"/>
    <property name="java.runtime.name" value="OpenJDK Runtime Environment"/>
    <property name="file.encoding" value="UTF-8"/>
    <property name="java.vm.name" value="OpenJDK 64-Bit Server VM"/>
    <property name="test.build.webapps" value=""/>
    <property name="localRepository" value="/home/runner/.m2/repository"/>
    <property name="java.vendor.url.bug" value="https://github.com/AdoptOpenJDK/openjdk-support/issues"/>
    <property name="java.io.tmpdir" value="/tmp"/>
    <property name="require.test.libhadoop" value=""/>
    <property name="java.version" value="1.8.0_292"/>
    <property name="user.dir" value="/home/runner/work/ozone/ozone/hadoop-ozone/integration-test"/>
    <property name="os.arch" value="amd64"/>
    <property name="java.vm.specification.name" value="Java Virtual Machine Specification"/>
    <property name="test.build.classes" value="/home/runner/work/ozone/ozone/hadoop-ozone/integration-test/target/test-classes"/>
    <property name="java.awt.printerjob" value="sun.print.PSPrinterJob"/>
    <property name="sun.os.patch.level" value="unknown"/>
    <property name="hadoop.tmp.dir" value="/home/runner/work/ozone/ozone/hadoop-ozone/integration-test/target/tmp"/>
    <property name="java.library.path" value="/usr/java/packages/lib/amd64:/usr/lib64:/lib64:/lib:/usr/lib"/>
    <property name="java.vm.info" value="mixed mode"/>
    <property name="java.vendor" value="AdoptOpenJDK"/>
    <property name="java.vm.version" value="25.292-b10"/>
    <property name="java.ext.dirs" value="/usr/lib/jvm/adoptopenjdk-8-hotspot-amd64/jre/lib/ext:/usr/java/packages/lib/ext"/>
    <property name="sun.io.unicode.encoding" value="UnicodeLittle"/>
    <property name="java.class.version" value="52.0"/>
  </properties>
  <testcase name="testMultipartUpload" classname="org.apache.hadoop.ozone.om.TestOzoneManagerHAWithData" time="10.125"/>
  <testcase name="testOMRatisSnapshot" classname="org.apache.hadoop.ozone.om.TestOzoneManagerHAWithData" time="3.372"/>
  <testcase name="testListParts" classname="org.apache.hadoop.ozone.om.TestOzoneManagerHAWithData" time="13.127"/>
  <testcase name="testFileOperationsAndDelete" classname="org.apache.hadoop.ozone.om.TestOzoneManagerHAWithData" time="7.172"/>
  <testcase name="testAllOMNodesRunningAndOneDown" classname="org.apache.hadoop.ozone.om.TestOzoneManagerHAWithData" time="35.963">
    <error message="omNode-2 is Leader but not ready to process request yet.&#10;	at org.apache.hadoop.ozone.om.ratis.utils.OzoneManagerRatisUtils.createLeaderNotReadyException(OzoneManagerRatisUtils.java:364)&#10;	at org.apache.hadoop.ozone.om.ratis.utils.OzoneManagerRatisUtils.checkLeaderStatus(OzoneManagerRatisUtils.java:337)&#10;	at org.apache.hadoop.ozone.protocolPB.OzoneManagerProtocolServerSideTranslatorPB.checkLeaderStatus(OzoneManagerProtocolServerSideTranslatorPB.java:279)&#10;	at org.apache.hadoop.ozone.protocolPB.OzoneManagerProtocolServerSideTranslatorPB.processRequest(OzoneManagerProtocolServerSideTranslatorPB.java:158)&#10;	at org.apache.hadoop.hdds.server.OzoneProtocolMessageDispatcher.processRequest(OzoneProtocolMessageDispatcher.java:87)&#10;	at org.apache.hadoop.ozone.protocolPB.OzoneManagerProtocolServerSideTranslatorPB.submitRequest(OzoneManagerProtocolServerSideTranslatorPB.java:124)&#10;	at org.apache.hadoop.ozone.protocol.proto.OzoneManagerProtocolProtos$OzoneManagerService$2.callBlockingMethod(OzoneManagerProtocolProtos.java)&#10;	at org.apache.hadoop.ipc.ProtobufRpcEngine$Server.processCall(ProtobufRpcEngine.java:466)&#10;	at org.apache.hadoop.ipc.ProtobufRpcEngine2$Server$ProtoBufRpcInvoker.call(ProtobufRpcEngine2.java:574)&#10;	at org.apache.hadoop.ipc.ProtobufRpcEngine2$Server$ProtoBufRpcInvoker.call(ProtobufRpcEngine2.java:552)&#10;	at org.apache.hadoop.ipc.RPC$Server.call(RPC.java:1093)&#10;	at org.apache.hadoop.ipc.Server$RpcCall.run(Server.java:1035)&#10;	at org.apache.hadoop.ipc.Server$RpcCall.run(Server.java:963)&#10;	at java.security.AccessController.doPrivileged(Native Method)&#10;	at javax.security.auth.Subject.doAs(Subject.java:422)&#10;	at org.apache.hadoop.security.UserGroupInformation.doAs(UserGroupInformation.java:1878)&#10;	at org.apache.hadoop.ipc.Server$Handler.run(Server.java:2966)&#10;" type="org.apache.hadoop.ipc.RemoteException(org.apache.hadoop.ozone.om.exceptions.OMLeaderNotReadyException)">org.apache.hadoop.ipc.RemoteException(org.apache.hadoop.ozone.om.exceptions.OMLeaderNotReadyException): omNode-2 is Leader but not ready to process request yet.
	at org.apache.hadoop.ozone.om.ratis.utils.OzoneManagerRatisUtils.createLeaderNotReadyException(OzoneManagerRatisUtils.java:364)
	at org.apache.hadoop.ozone.om.ratis.utils.OzoneManagerRatisUtils.checkLeaderStatus(OzoneManagerRatisUtils.java:337)
	at org.apache.hadoop.ozone.protocolPB.OzoneManagerProtocolServerSideTranslatorPB.checkLeaderStatus(OzoneManagerProtocolServerSideTranslatorPB.java:279)
	at org.apache.hadoop.ozone.protocolPB.OzoneManagerProtocolServerSideTranslatorPB.processRequest(OzoneManagerProtocolServerSideTranslatorPB.java:158)
	at org.apache.hadoop.hdds.server.OzoneProtocolMessageDispatcher.processRequest(OzoneProtocolMessageDispatcher.java:87)
	at org.apache.hadoop.ozone.protocolPB.OzoneManagerProtocolServerSideTranslatorPB.submitRequest(OzoneManagerProtocolServerSideTranslatorPB.java:124)
	at org.apache.hadoop.ozone.protocol.proto.OzoneManagerProtocolProtos$OzoneManagerService$2.callBlockingMethod(OzoneManagerProtocolProtos.java)
	at org.apache.hadoop.ipc.ProtobufRpcEngine$Server.processCall(ProtobufRpcEngine.java:466)
	at org.apache.hadoop.ipc.ProtobufRpcEngine2$Server$ProtoBufRpcInvoker.call(ProtobufRpcEngine2.java:574)
	at org.apache.hadoop.ipc.ProtobufRpcEngine2$Server$ProtoBufRpcInvoker.call(ProtobufRpcEngine2.java:552)
	at org.apache.hadoop.ipc.RPC$Server.call(RPC.java:1093)
	at org.apache.hadoop.ipc.Server$RpcCall.run(Server.java:1035)
	at org.apache.hadoop.ipc.Server$RpcCall.run(Server.java:963)
	at java.security.AccessController.doPrivileged(Native Method)
	at javax.security.auth.Subject.doAs(Subject.java:422)
	at org.apache.hadoop.security.UserGroupInformation.doAs(UserGroupInformation.java:1878)
	at org.apache.hadoop.ipc.Server$Handler.run(Server.java:2966)

	at org.apache.hadoop.ipc.Client.getRpcResponse(Client.java:1573)
	at org.apache.hadoop.ipc.Client.call(Client.java:1519)
	at org.apache.hadoop.ipc.Client.call(Client.java:1416)
	at org.apache.hadoop.ipc.ProtobufRpcEngine$Invoker.invoke(ProtobufRpcEngine.java:236)
	at org.apache.hadoop.ipc.ProtobufRpcEngine$Invoker.invoke(ProtobufRpcEngine.java:123)
	at com.sun.proxy.$Proxy51.submitRequest(Unknown Source)
	at sun.reflect.GeneratedMethodAccessor48.invoke(Unknown Source)
	at sun.reflect.DelegatingMethodAccessorImpl.invoke(DelegatingMethodAccessorImpl.java:43)
	at java.lang.reflect.Method.invoke(Method.java:498)
	at org.apache.hadoop.io.retry.RetryInvocationHandler.invokeMethod(RetryInvocationHandler.java:422)
	at org.apache.hadoop.io.retry.RetryInvocationHandler$Call.invokeMethod(RetryInvocationHandler.java:165)
	at org.apache.hadoop.io.retry.RetryInvocationHandler$Call.invoke(RetryInvocationHandler.java:157)
	at org.apache.hadoop.io.retry.RetryInvocationHandler$Call.invokeOnce(RetryInvocationHandler.java:95)
	at org.apache.hadoop.io.retry.RetryInvocationHandler.invoke(RetryInvocationHandler.java:359)
	at com.sun.proxy.$Proxy51.submitRequest(Unknown Source)
	at org.apache.hadoop.ozone.om.protocolPB.Hadoop3OmTransport.submitRequest(Hadoop3OmTransport.java:80)
	at org.apache.hadoop.ozone.om.protocolPB.OzoneManagerProtocolClientSideTranslatorPB.submitRequest(OzoneManagerProtocolClientSideTranslatorPB.java:247)
	at org.apache.hadoop.ozone.om.protocolPB.OzoneManagerProtocolClientSideTranslatorPB.createVolume(OzoneManagerProtocolClientSideTranslatorPB.java:269)
	at org.apache.hadoop.ozone.client.rpc.RpcClient.createVolume(RpcClient.java:393)
	at org.apache.hadoop.ozone.client.ObjectStore.createVolume(ObjectStore.java:106)
	at org.apache.hadoop.ozone.om.TestOzoneManagerHA.createVolumeTest(TestOzoneManagerHA.java:288)
	at org.apache.hadoop.ozone.om.TestOzoneManagerHAWithData.testAllOMNodesRunningAndOneDown(TestOzoneManagerHAWithData.java:72)
	at sun.reflect.NativeMethodAccessorImpl.invoke0(Native Method)
	at sun.reflect.NativeMethodAccessorImpl.invoke(NativeMethodAccessorImpl.java:62)
	at sun.reflect.DelegatingMethodAccessorImpl.invoke(DelegatingMethodAccessorImpl.java:43)
	at java.lang.reflect.Method.invoke(Method.java:498)
	at org.junit.runners.model.FrameworkMethod$1.runReflectiveCall(FrameworkMethod.java:59)
	at org.junit.internal.runners.model.ReflectiveCallable.run(ReflectiveCallable.java:12)
	at org.junit.runners.model.FrameworkMethod.invokeExplosively(FrameworkMethod.java:56)
	at org.junit.internal.runners.statements.InvokeMethod.evaluate(InvokeMethod.java:17)
	at org.junit.internal.runners.statements.RunAfters.evaluate(RunAfters.java:27)
	at org.junit.rules.ExpectedException$ExpectedExceptionStatement.evaluate(ExpectedException.java:258)
	at org.junit.internal.runners.statements.FailOnTimeout$CallableStatement.call(FailOnTimeout.java:288)
	at org.junit.internal.runners.statements.FailOnTimeout$CallableStatement.call(FailOnTimeout.java:282)
	at java.util.concurrent.FutureTask.run(FutureTask.java:266)
	at java.lang.Thread.run(Thread.java:748)
</error>
    <system-out><![CDATA[2021-12-03 06:11:58,995 [org.apache.hadoop.util.JvmPauseMonitor$Monitor@151ea5e1] INFO  util.JvmPauseMonitor (JvmPauseMonitor.java:run(188)) - Starting JVM pause monitor
2021-12-03 06:11:59,032 [Time-limited test] INFO  rpc.RpcClient (RpcClient.java:createVolume(389)) - Creating Volume: volume04356, with user06841 as owner and space quota set to -1 bytes, counts quota set to -1
2021-12-03 06:11:59,034 [Time-limited test] INFO  retry.RetryInvocationHandler (RetryInvocationHandler.java:log(411)) - com.google.protobuf.ServiceException: java.io.EOFException: End of File Exception between local host is: "fv-az12-681/10.1.0.42"; destination host is: "localhost":10276; : java.io.EOFException; For more details see:  http://wiki.apache.org/hadoop/EOFException, while invoking $Proxy51.submitRequest over nodeId=omNode-3,nodeAddress=127.0.0.1:10276. Trying to failover after sleeping for 2000ms.
2021-12-03 06:11:59,371 [omNode-3@group-523986131536-FollowerState] INFO  impl.FollowerState (FollowerState.java:run(134)) - omNode-3@group-523986131536-FollowerState: change to CANDIDATE, lastRpcElapsedTime:1010368331ns, electionTimeout:1009ms
2021-12-03 06:11:59,372 [omNode-3@group-523986131536-FollowerState] INFO  impl.RoleInfo (RoleInfo.java:shutdownFollowerState(108)) - omNode-3: shutdown omNode-3@group-523986131536-FollowerState
2021-12-03 06:11:59,372 [omNode-3@group-523986131536-FollowerState] INFO  server.RaftServer$Division (RaftServerImpl.java:setRole(290)) - omNode-3@group-523986131536: changes role from  FOLLOWER to CANDIDATE at term 7 for changeToCandidate
2021-12-03 06:11:59,372 [omNode-3@group-523986131536-FollowerState] INFO  server.RaftServerConfigKeys (ConfUtils.java:logGet(44)) - raft.server.leaderelection.pre-vote = false (custom)
2021-12-03 06:11:59,372 [omNode-3@group-523986131536-FollowerState] INFO  impl.RoleInfo (RoleInfo.java:updateAndGet(130)) - omNode-3: start omNode-3@group-523986131536-LeaderElection22
2021-12-03 06:11:59,377 [omNode-3@group-523986131536-LeaderElection22] INFO  impl.LeaderElection (LeaderElection.java:askForVotes(306)) - omNode-3@group-523986131536-LeaderElection22 ELECTION round 0: submit vote requests at term 8 for 133: [omNode-3|rpc:localhost:10280|admin:|client:|dataStream:|priority:0, omNode-1|rpc:localhost:10268|admin:|client:|dataStream:|priority:0, omNode-2|rpc:localhost:10274|admin:|client:|dataStream:|priority:0], old=null
2021-12-03 06:11:59,389 [grpc-default-executor-5] INFO  server.RaftServer$Division (RaftServerImpl.java:requestVote(1046)) - omNode-1@group-523986131536: receive requestVote(ELECTION, omNode-3, group-523986131536, 8, (t:7, i:218))
2021-12-03 06:11:59,389 [grpc-default-executor-5] INFO  impl.VoteContext (VoteContext.java:log(48)) - omNode-1@group-523986131536-FOLLOWER: reject ELECTION from omNode-3: already has voted for omNode-2 at current term 8
2021-12-03 06:11:59,389 [grpc-default-executor-5] INFO  server.RaftServer$Division (RaftServerImpl.java:requestVote(1078)) - omNode-1@group-523986131536 replies to ELECTION vote request: omNode-3<-omNode-1#0:FAIL-t8. Peer's state: omNode-1@group-523986131536:t8, leader=null, voted=omNode-2, raftlog=omNode-1@group-523986131536-SegmentedRaftLog:OPENED:c220, conf=219: [omNode-3|rpc:localhost:10280|admin:|client:|dataStream:|priority:0, omNode-1|rpc:localhost:10268|admin:|client:|dataStream:|priority:0, omNode-2|rpc:localhost:10274|admin:|client:|dataStream:|priority:0], old=null
2021-12-03 06:11:59,389 [grpc-default-executor-3] INFO  server.RaftServer$Division (RaftServerImpl.java:requestVote(1046)) - omNode-2@group-523986131536: receive requestVote(ELECTION, omNode-3, group-523986131536, 8, (t:7, i:218))
2021-12-03 06:11:59,390 [grpc-default-executor-3] INFO  impl.VoteContext (VoteContext.java:log(48)) - omNode-2@group-523986131536-FOLLOWER: reject ELECTION from omNode-3: already has voted for omNode-2 at current term 8
2021-12-03 06:11:59,390 [grpc-default-executor-3] INFO  server.RaftServer$Division (RaftServerImpl.java:requestVote(1078)) - omNode-2@group-523986131536 replies to ELECTION vote request: omNode-3<-omNode-2#0:FAIL-t8. Peer's state: omNode-2@group-523986131536:t8, leader=null, voted=omNode-2, raftlog=omNode-2@group-523986131536-SegmentedRaftLog:OPENED:c220, conf=219: [omNode-3|rpc:localhost:10280|admin:|client:|dataStream:|priority:0, omNode-1|rpc:localhost:10268|admin:|client:|dataStream:|priority:0, omNode-2|rpc:localhost:10274|admin:|client:|dataStream:|priority:0], old=null
2021-12-03 06:11:59,394 [omNode-3@group-523986131536-LeaderElection22] INFO  impl.LeaderElection (LeaderElection.java:logAndReturn(89)) - omNode-3@group-523986131536-LeaderElection22: ELECTION REJECTED received 2 response(s) and 0 exception(s):
2021-12-03 06:11:59,394 [omNode-3@group-523986131536-LeaderElection22] INFO  impl.LeaderElection (LeaderElection.java:logAndReturn(93)) -   Response 0: omNode-3<-omNode-1#0:FAIL-t8
2021-12-03 06:11:59,394 [omNode-3@group-523986131536-LeaderElection22] INFO  impl.LeaderElection (LeaderElection.java:logAndReturn(93)) -   Response 1: omNode-3<-omNode-2#0:FAIL-t8
2021-12-03 06:11:59,394 [omNode-3@group-523986131536-LeaderElection22] INFO  impl.LeaderElection (LeaderElection.java:askForVotes(308)) - omNode-3@group-523986131536-LeaderElection22 ELECTION round 0: result REJECTED
2021-12-03 06:11:59,394 [omNode-3@group-523986131536-LeaderElection22] INFO  server.RaftServer$Division (RaftServerImpl.java:setRole(290)) - omNode-3@group-523986131536: changes role from CANDIDATE to FOLLOWER at term 8 for REJECTED
2021-12-03 06:11:59,394 [omNode-3@group-523986131536-LeaderElection22] INFO  impl.RoleInfo (RoleInfo.java:shutdownLeaderElection(121)) - omNode-3: shutdown omNode-3@group-523986131536-LeaderElection22
2021-12-03 06:11:59,394 [omNode-3@group-523986131536-LeaderElection22] INFO  impl.RoleInfo (RoleInfo.java:updateAndGet(130)) - omNode-3: start omNode-3@group-523986131536-FollowerState
2021-12-03 06:11:59,768 [omNode-1@group-523986131536-FollowerState] INFO  impl.FollowerState (FollowerState.java:run(134)) - omNode-1@group-523986131536-FollowerState: change to CANDIDATE, lastRpcElapsedTime:1031399844ns, electionTimeout:1029ms
2021-12-03 06:11:59,768 [omNode-1@group-523986131536-FollowerState] INFO  impl.RoleInfo (RoleInfo.java:shutdownFollowerState(108)) - omNode-1: shutdown omNode-1@group-523986131536-FollowerState
2021-12-03 06:11:59,768 [omNode-1@group-523986131536-FollowerState] INFO  server.RaftServer$Division (RaftServerImpl.java:setRole(290)) - omNode-1@group-523986131536: changes role from  FOLLOWER to CANDIDATE at term 8 for changeToCandidate
2021-12-03 06:11:59,768 [omNode-1@group-523986131536-FollowerState] INFO  server.RaftServerConfigKeys (ConfUtils.java:logGet(44)) - raft.server.leaderelection.pre-vote = false (custom)
2021-12-03 06:11:59,768 [omNode-1@group-523986131536-FollowerState] INFO  impl.RoleInfo (RoleInfo.java:updateAndGet(130)) - omNode-1: start omNode-1@group-523986131536-LeaderElection23
2021-12-03 06:11:59,773 [omNode-1@group-523986131536-LeaderElection23] INFO  impl.LeaderElection (LeaderElection.java:askForVotes(306)) - omNode-1@group-523986131536-LeaderElection23 ELECTION round 0: submit vote requests at term 9 for 219: [omNode-3|rpc:localhost:10280|admin:|client:|dataStream:|priority:0, omNode-1|rpc:localhost:10268|admin:|client:|dataStream:|priority:0, omNode-2|rpc:localhost:10274|admin:|client:|dataStream:|priority:0], old=null
2021-12-03 06:11:59,784 [grpc-default-executor-3] INFO  server.RaftServer$Division (RaftServerImpl.java:requestVote(1046)) - omNode-2@group-523986131536: receive requestVote(ELECTION, omNode-1, group-523986131536, 9, (t:8, i:220))
2021-12-03 06:11:59,784 [grpc-default-executor-3] INFO  impl.VoteContext (VoteContext.java:log(48)) - omNode-2@group-523986131536-FOLLOWER: accept ELECTION from omNode-1: our priority 0 <= candidate's priority 0
2021-12-03 06:11:59,784 [grpc-default-executor-3] INFO  server.RaftServer$Division (RaftServerImpl.java:setRole(290)) - omNode-2@group-523986131536: changes role from  FOLLOWER to FOLLOWER at term 9 for candidate:omNode-1
2021-12-03 06:11:59,784 [grpc-default-executor-3] INFO  impl.RoleInfo (RoleInfo.java:shutdownFollowerState(108)) - omNode-2: shutdown omNode-2@group-523986131536-FollowerState
2021-12-03 06:11:59,784 [grpc-default-executor-3] INFO  impl.RoleInfo (RoleInfo.java:updateAndGet(130)) - omNode-2: start omNode-2@group-523986131536-FollowerState
2021-12-03 06:11:59,784 [omNode-2@group-523986131536-FollowerState] INFO  impl.FollowerState (FollowerState.java:run(143)) - omNode-2@group-523986131536-FollowerState was interrupted: {}
java.lang.InterruptedException: sleep interrupted
	at java.lang.Thread.sleep(Native Method)
	at java.lang.Thread.sleep(Thread.java:340)
	at java.util.concurrent.TimeUnit.sleep(TimeUnit.java:386)
	at org.apache.ratis.util.TimeDuration.sleep(TimeDuration.java:324)
	at org.apache.ratis.util.TimeDuration.sleep(TimeDuration.java:309)
	at org.apache.ratis.server.impl.FollowerState.run(FollowerState.java:118)
2021-12-03 06:11:59,786 [grpc-default-executor-3] INFO  server.RaftServer$Division (RaftServerImpl.java:requestVote(1078)) - omNode-2@group-523986131536 replies to ELECTION vote request: omNode-1<-omNode-2#0:OK-t9. Peer's state: omNode-2@group-523986131536:t9, leader=null, voted=omNode-1, raftlog=omNode-2@group-523986131536-SegmentedRaftLog:OPENED:c220, conf=219: [omNode-3|rpc:localhost:10280|admin:|client:|dataStream:|priority:0, omNode-1|rpc:localhost:10268|admin:|client:|dataStream:|priority:0, omNode-2|rpc:localhost:10274|admin:|client:|dataStream:|priority:0], old=null
2021-12-03 06:11:59,794 [grpc-default-executor-3] INFO  server.RaftServer$Division (RaftServerImpl.java:requestVote(1046)) - omNode-3@group-523986131536: receive requestVote(ELECTION, omNode-1, group-523986131536, 9, (t:8, i:220))
2021-12-03 06:11:59,794 [grpc-default-executor-3] INFO  impl.VoteContext (VoteContext.java:log(48)) - omNode-3@group-523986131536-FOLLOWER: accept ELECTION from omNode-1: our last entry (t:7, i:218) < candidate's last entry (t:8, i:220)
2021-12-03 06:11:59,794 [grpc-default-executor-3] INFO  server.RaftServer$Division (RaftServerImpl.java:setRole(290)) - omNode-3@group-523986131536: changes role from  FOLLOWER to FOLLOWER at term 9 for candidate:omNode-1
2021-12-03 06:11:59,794 [grpc-default-executor-3] INFO  impl.RoleInfo (RoleInfo.java:shutdownFollowerState(108)) - omNode-3: shutdown omNode-3@group-523986131536-FollowerState
2021-12-03 06:11:59,795 [grpc-default-executor-3] INFO  impl.RoleInfo (RoleInfo.java:updateAndGet(130)) - omNode-3: start omNode-3@group-523986131536-FollowerState
2021-12-03 06:11:59,795 [omNode-3@group-523986131536-FollowerState] INFO  impl.FollowerState (FollowerState.java:run(143)) - omNode-3@group-523986131536-FollowerState was interrupted: {}
java.lang.InterruptedException: sleep interrupted
	at java.lang.Thread.sleep(Native Method)
	at java.lang.Thread.sleep(Thread.java:340)
	at java.util.concurrent.TimeUnit.sleep(TimeUnit.java:386)
	at org.apache.ratis.util.TimeDuration.sleep(TimeDuration.java:324)
	at org.apache.ratis.util.TimeDuration.sleep(TimeDuration.java:309)
	at org.apache.ratis.server.impl.FollowerState.run(FollowerState.java:118)
2021-12-03 06:11:59,797 [grpc-default-executor-3] INFO  server.RaftServer$Division (RaftServerImpl.java:requestVote(1078)) - omNode-3@group-523986131536 replies to ELECTION vote request: omNode-1<-omNode-3#0:OK-t9. Peer's state: omNode-3@group-523986131536:t9, leader=null, voted=omNode-1, raftlog=omNode-3@group-523986131536-SegmentedRaftLog:OPENED:c218, conf=133: [omNode-3|rpc:localhost:10280|admin:|client:|dataStream:|priority:0, omNode-1|rpc:localhost:10268|admin:|client:|dataStream:|priority:0, omNode-2|rpc:localhost:10274|admin:|client:|dataStream:|priority:0], old=null
2021-12-03 06:11:59,799 [omNode-1@group-523986131536-LeaderElection23] INFO  impl.LeaderElection (LeaderElection.java:logAndReturn(89)) - omNode-1@group-523986131536-LeaderElection23: ELECTION PASSED received 1 response(s) and 0 exception(s):
2021-12-03 06:11:59,799 [omNode-1@group-523986131536-LeaderElection23] INFO  impl.LeaderElection (LeaderElection.java:logAndReturn(93)) -   Response 0: omNode-1<-omNode-2#0:OK-t9
2021-12-03 06:11:59,799 [omNode-1@group-523986131536-LeaderElection23] INFO  impl.LeaderElection (LeaderElection.java:askForVotes(308)) - omNode-1@group-523986131536-LeaderElection23 ELECTION round 0: result PASSED
2021-12-03 06:11:59,799 [omNode-1@group-523986131536-LeaderElection23] INFO  impl.RoleInfo (RoleInfo.java:shutdownLeaderElection(121)) - omNode-1: shutdown omNode-1@group-523986131536-LeaderElection23
2021-12-03 06:11:59,799 [omNode-1@group-523986131536-LeaderElection23] INFO  server.RaftServer$Division (RaftServerImpl.java:setRole(290)) - omNode-1@group-523986131536: changes role from CANDIDATE to LEADER at term 9 for changeToLeader
2021-12-03 06:11:59,799 [omNode-1@group-523986131536-LeaderElection23] INFO  server.RaftServer$Division (ServerState.java:setLeader(285)) - omNode-1@group-523986131536: change Leader from null to omNode-1 at term 9 for becomeLeader, leader elected after 1074ms
2021-12-03 06:11:59,799 [omNode-1@group-523986131536-LeaderElection23] INFO  server.RaftServerConfigKeys (ConfUtils.java:logGet(44)) - raft.server.staging.catchup.gap = 1000 (default)
2021-12-03 06:11:59,799 [omNode-1@group-523986131536-LeaderElection23] INFO  server.RaftServerConfigKeys (ConfUtils.java:logGet(44)) - raft.server.write.element-limit = 4096 (default)
2021-12-03 06:11:59,799 [omNode-1@group-523986131536-LeaderElection23] INFO  server.RaftServerConfigKeys (ConfUtils.java:logGet(44)) - raft.server.write.byte-limit = 64MB (=67108864) (default)
2021-12-03 06:11:59,799 [omNode-1@group-523986131536-LeaderElection23] INFO  server.RaftServerConfigKeys (ConfUtils.java:logGet(44)) - raft.server.watch.timeout = 10s (default)
2021-12-03 06:11:59,800 [omNode-1@group-523986131536-LeaderElection23] INFO  server.RaftServerConfigKeys (ConfUtils.java:logGet(44)) - raft.server.watch.timeout.denomination = 1s (default)
2021-12-03 06:11:59,800 [omNode-1@group-523986131536-LeaderElection23] INFO  server.RaftServerConfigKeys (ConfUtils.java:logGet(44)) - raft.server.watch.element-limit = 65536 (default)
2021-12-03 06:11:59,800 [omNode-1@group-523986131536-LeaderElection23] INFO  server.RaftServerConfigKeys (ConfUtils.java:logGet(44)) - raft.server.write.element-limit = 4096 (default)
2021-12-03 06:11:59,800 [omNode-1@group-523986131536-LeaderElection23] INFO  server.RaftServerConfigKeys (ConfUtils.java:logGet(44)) - raft.server.write.follower.gap.ratio.max = -1.0 (default)
2021-12-03 06:11:59,800 [omNode-1@group-523986131536-LeaderElection23] INFO  server.RaftServerConfigKeys (ConfUtils.java:logGet(44)) - raft.server.log.appender.snapshot.chunk.size.max = 16MB (=16777216) (default)
2021-12-03 06:11:59,800 [omNode-1@group-523986131536-LeaderElection23] INFO  server.RaftServerConfigKeys (ConfUtils.java:logGet(44)) - raft.server.log.appender.buffer.byte-limit = 33554432 (custom)
2021-12-03 06:11:59,800 [omNode-1@group-523986131536-LeaderElection23] INFO  server.RaftServerConfigKeys (ConfUtils.java:logGet(44)) - raft.server.log.appender.buffer.element-limit = 1024 (custom)
2021-12-03 06:11:59,800 [omNode-1@group-523986131536-LeaderElection23] INFO  grpc.GrpcConfigKeys (ConfUtils.java:logGet(44)) - raft.grpc.server.leader.outstanding.appends.max = 128 (default)
2021-12-03 06:11:59,800 [omNode-1@group-523986131536-LeaderElection23] INFO  server.RaftServerConfigKeys (ConfUtils.java:logGet(44)) - raft.server.rpc.request.timeout = 3000ms (default)
2021-12-03 06:11:59,800 [omNode-1@group-523986131536-LeaderElection23] INFO  server.RaftServerConfigKeys (ConfUtils.java:logGet(44)) - raft.server.log.appender.install.snapshot.enabled = false (custom)
2021-12-03 06:11:59,801 [omNode-1@group-523986131536-LeaderElection23] INFO  server.RaftServerConfigKeys (ConfUtils.java:logGet(44)) - raft.server.log.appender.snapshot.chunk.size.max = 16MB (=16777216) (default)
2021-12-03 06:11:59,801 [omNode-1@group-523986131536-LeaderElection23] INFO  server.RaftServerConfigKeys (ConfUtils.java:logGet(44)) - raft.server.log.appender.buffer.byte-limit = 33554432 (custom)
2021-12-03 06:11:59,801 [omNode-1@group-523986131536-LeaderElection23] INFO  server.RaftServerConfigKeys (ConfUtils.java:logGet(44)) - raft.server.log.appender.buffer.element-limit = 1024 (custom)
2021-12-03 06:11:59,801 [omNode-1@group-523986131536-LeaderElection23] INFO  grpc.GrpcConfigKeys (ConfUtils.java:logGet(44)) - raft.grpc.server.leader.outstanding.appends.max = 128 (default)
2021-12-03 06:11:59,801 [omNode-1@group-523986131536-LeaderElection23] INFO  server.RaftServerConfigKeys (ConfUtils.java:logGet(44)) - raft.server.rpc.request.timeout = 3000ms (default)
2021-12-03 06:11:59,801 [omNode-1@group-523986131536-LeaderElection23] INFO  server.RaftServerConfigKeys (ConfUtils.java:logGet(44)) - raft.server.log.appender.install.snapshot.enabled = false (custom)
2021-12-03 06:11:59,802 [omNode-1@group-523986131536-LeaderElection23] INFO  impl.RoleInfo (RoleInfo.java:updateAndGet(130)) - omNode-1: start omNode-1@group-523986131536-LeaderStateImpl
2021-12-03 06:11:59,802 [omNode-1@group-523986131536-LeaderElection23] INFO  segmented.SegmentedRaftLogWorker (SegmentedRaftLogWorker.java:rollLogSegment(399)) - omNode-1@group-523986131536-SegmentedRaftLogWorker: Rolling segment log-219_220 to index:220
2021-12-03 06:11:59,803 [omNode-1@group-523986131536-SegmentedRaftLogWorker] INFO  segmented.SegmentedRaftLogWorker (SegmentedRaftLogWorker.java:execute(558)) - omNode-1@group-523986131536-SegmentedRaftLogWorker: Rolled log segment from /home/runner/work/ozone/ozone/hadoop-ozone/integration-test/target/test-dir/MiniOzoneClusterImpl-534ecdf6-6327-4b2f-8372-e39e4f15c404/omNode-1/ratis/c9bc4cf4-3bc3-3c60-a66b-523986131536/current/log_inprogress_219 to /home/runner/work/ozone/ozone/hadoop-ozone/integration-test/target/test-dir/MiniOzoneClusterImpl-534ecdf6-6327-4b2f-8372-e39e4f15c404/omNode-1/ratis/c9bc4cf4-3bc3-3c60-a66b-523986131536/current/log_219-220
2021-12-03 06:11:59,809 [omNode-1@group-523986131536-SegmentedRaftLogWorker] INFO  segmented.SegmentedRaftLogWorker (SegmentedRaftLogWorker.java:execute(601)) - omNode-1@group-523986131536-SegmentedRaftLogWorker: created new log segment /home/runner/work/ozone/ozone/hadoop-ozone/integration-test/target/test-dir/MiniOzoneClusterImpl-534ecdf6-6327-4b2f-8372-e39e4f15c404/omNode-1/ratis/c9bc4cf4-3bc3-3c60-a66b-523986131536/current/log_inprogress_221
2021-12-03 06:11:59,815 [omNode-1@group-523986131536-LeaderElection23] INFO  server.RaftServer$Division (ServerState.java:setRaftConf(387)) - omNode-1@group-523986131536: set configuration 221: [omNode-3|rpc:localhost:10280|admin:|client:|dataStream:|priority:0, omNode-1|rpc:localhost:10268|admin:|client:|dataStream:|priority:0, omNode-2|rpc:localhost:10274|admin:|client:|dataStream:|priority:0], old=null
2021-12-03 06:11:59,819 [grpc-default-executor-3] INFO  server.RaftServer$Division (ServerState.java:setLeader(285)) - omNode-2@group-523986131536: change Leader from null to omNode-1 at term 9 for appendEntries, leader elected after 904ms
2021-12-03 06:11:59,826 [grpc-default-executor-5] INFO  server.RaftServer$Division (ServerState.java:setLeader(285)) - omNode-3@group-523986131536: change Leader from null to omNode-1 at term 9 for appendEntries, leader elected after 1471ms
2021-12-03 06:11:59,826 [grpc-default-executor-5] INFO  server.RaftServer$Division (RaftServerImpl.java:checkInconsistentAppendEntries(1322)) - omNode-3@group-523986131536: Failed appendEntries as previous log entry ((t:8, i:220)) is not found
2021-12-03 06:11:59,826 [grpc-default-executor-5] INFO  server.RaftServer$Division (RaftServerImpl.java:checkInconsistentAppendEntries(1288)) - omNode-3@group-523986131536: inconsistency entries. Reply:omNode-1<-omNode-3#0:FAIL-t9,INCONSISTENCY,nextIndex=219,followerCommit=218
2021-12-03 06:11:59,827 [grpc-default-executor-5] INFO  server.RaftServer$Division (RaftServerImpl.java:checkInconsistentAppendEntries(1322)) - omNode-3@group-523986131536: Failed appendEntries as previous log entry ((t:8, i:220)) is not found
2021-12-03 06:11:59,827 [grpc-default-executor-5] INFO  server.RaftServer$Division (RaftServerImpl.java:checkInconsistentAppendEntries(1288)) - omNode-3@group-523986131536: inconsistency entries. Reply:omNode-1<-omNode-3#1:FAIL-t9,INCONSISTENCY,nextIndex=219,followerCommit=218
2021-12-03 06:11:59,827 [grpc-default-executor-2] INFO  leader.FollowerInfo (FollowerInfoImpl.java:lambda$new$0(47)) - omNode-1@group-523986131536->omNode-3: nextIndex: updateUnconditionally 222 -> 219
2021-12-03 06:11:59,833 [grpc-default-executor-3] INFO  server.RaftServer$Division (ServerState.java:setRaftConf(387)) - omNode-2@group-523986131536: set configuration 221: [omNode-3|rpc:localhost:10280|admin:|client:|dataStream:|priority:0, omNode-1|rpc:localhost:10268|admin:|client:|dataStream:|priority:0, omNode-2|rpc:localhost:10274|admin:|client:|dataStream:|priority:0], old=null
2021-12-03 06:11:59,833 [grpc-default-executor-3] INFO  segmented.SegmentedRaftLogWorker (SegmentedRaftLogWorker.java:rollLogSegment(399)) - omNode-2@group-523986131536-SegmentedRaftLogWorker: Rolling segment log-219_220 to index:220
2021-12-03 06:11:59,833 [grpc-default-executor-3] INFO  leader.FollowerInfo (FollowerInfoImpl.java:lambda$new$0(47)) - omNode-1@group-523986131536->omNode-3: nextIndex: updateUnconditionally 219 -> 219
2021-12-03 06:11:59,833 [omNode-2@group-523986131536-SegmentedRaftLogWorker] INFO  segmented.SegmentedRaftLogWorker (SegmentedRaftLogWorker.java:execute(558)) - omNode-2@group-523986131536-SegmentedRaftLogWorker: Rolled log segment from /home/runner/work/ozone/ozone/hadoop-ozone/integration-test/target/test-dir/MiniOzoneClusterImpl-534ecdf6-6327-4b2f-8372-e39e4f15c404/omNode-2/ratis/c9bc4cf4-3bc3-3c60-a66b-523986131536/current/log_inprogress_219 to /home/runner/work/ozone/ozone/hadoop-ozone/integration-test/target/test-dir/MiniOzoneClusterImpl-534ecdf6-6327-4b2f-8372-e39e4f15c404/omNode-2/ratis/c9bc4cf4-3bc3-3c60-a66b-523986131536/current/log_219-220
2021-12-03 06:11:59,840 [omNode-2@group-523986131536-SegmentedRaftLogWorker] INFO  segmented.SegmentedRaftLogWorker (SegmentedRaftLogWorker.java:execute(601)) - omNode-2@group-523986131536-SegmentedRaftLogWorker: created new log segment /home/runner/work/ozone/ozone/hadoop-ozone/integration-test/target/test-dir/MiniOzoneClusterImpl-534ecdf6-6327-4b2f-8372-e39e4f15c404/omNode-2/ratis/c9bc4cf4-3bc3-3c60-a66b-523986131536/current/log_inprogress_221
2021-12-03 06:11:59,833 [omNode-1@group-523986131536->omNode-3-GrpcLogAppender-LogAppenderDaemon] ERROR leader.LogAppenderDaemon (LogAppenderDaemon.java:run(86)) - omNode-1@group-523986131536->omNode-3-GrpcLogAppender-LogAppenderDaemon failed
java.lang.NullPointerException: omNode-1@group-523986131536->omNode-3: Previous TermIndex not found for firstIndex = 219
	at java.util.Objects.requireNonNull(Objects.java:290)
	at org.apache.ratis.server.leader.LogAppenderBase.assertProtos(LogAppenderBase.java:169)
	at org.apache.ratis.server.leader.LogAppenderBase.newAppendEntriesRequest(LogAppenderBase.java:154)
	at org.apache.ratis.grpc.server.GrpcLogAppender.appendLog(GrpcLogAppender.java:213)
	at org.apache.ratis.grpc.server.GrpcLogAppender.run(GrpcLogAppender.java:147)
	at org.apache.ratis.server.leader.LogAppenderDaemon.run(LogAppenderDaemon.java:77)
	at java.lang.Thread.run(Thread.java:748)
2021-12-03 06:11:59,841 [omNode-1@group-523986131536->omNode-3-GrpcLogAppender-LogAppenderDaemon] INFO  server.RaftServer$Division (LeaderStateImpl.java:restart(514)) - omNode-1@group-523986131536-LeaderStateImpl: Restarting GrpcLogAppender for omNode-1@group-523986131536->omNode-3
2021-12-03 06:11:59,841 [omNode-1@group-523986131536->omNode-3-GrpcLogAppender-LogAppenderDaemon] INFO  server.RaftServerConfigKeys (ConfUtils.java:logGet(44)) - raft.server.log.appender.snapshot.chunk.size.max = 16MB (=16777216) (default)
2021-12-03 06:11:59,841 [omNode-1@group-523986131536->omNode-3-GrpcLogAppender-LogAppenderDaemon] INFO  server.RaftServerConfigKeys (ConfUtils.java:logGet(44)) - raft.server.log.appender.buffer.byte-limit = 33554432 (custom)
2021-12-03 06:11:59,841 [omNode-1@group-523986131536->omNode-3-GrpcLogAppender-LogAppenderDaemon] INFO  server.RaftServerConfigKeys (ConfUtils.java:logGet(44)) - raft.server.log.appender.buffer.element-limit = 1024 (custom)
2021-12-03 06:11:59,841 [omNode-1@group-523986131536->omNode-3-GrpcLogAppender-LogAppenderDaemon] INFO  grpc.GrpcConfigKeys (ConfUtils.java:logGet(44)) - raft.grpc.server.leader.outstanding.appends.max = 128 (default)
2021-12-03 06:11:59,841 [omNode-1@group-523986131536->omNode-3-GrpcLogAppender-LogAppenderDaemon] INFO  server.RaftServerConfigKeys (ConfUtils.java:logGet(44)) - raft.server.rpc.request.timeout = 3000ms (default)
2021-12-03 06:11:59,841 [omNode-1@group-523986131536->omNode-3-GrpcLogAppender-LogAppenderDaemon] INFO  server.RaftServerConfigKeys (ConfUtils.java:logGet(44)) - raft.server.log.appender.install.snapshot.enabled = false (custom)
2021-12-03 06:11:59,854 [omNode-1@group-523986131536-StateMachineUpdater] INFO  ratis.OzoneManagerStateMachine (OzoneManagerStateMachine.java:notifyConfigurationChanged(188)) - Received Configuration change notification from Ratis. New Peer list:
[id: "omNode-3"
address: "localhost:10280"
, id: "omNode-1"
address: "localhost:10268"
, id: "omNode-2"
address: "localhost:10274"
]
2021-12-03 06:11:59,856 [omNode-1@group-523986131536->omNode-3-GrpcLogAppender-LogAppenderDaemon] INFO  server.GrpcLogAppender (GrpcLogAppender.java:installSnapshot(550)) - omNode-1@group-523986131536->omNode-3-GrpcLogAppender: followerNextIndex = 0 but logStartIndex = 219, notify follower to install snapshot-(t:8, i:219)
2021-12-03 06:11:59,856 [omNode-1@group-523986131536->omNode-3-GrpcLogAppender-LogAppenderDaemon] INFO  server.GrpcLogAppender (GrpcLogAppender.java:installSnapshot(558)) - omNode-1@group-523986131536->omNode-3-GrpcLogAppender: send omNode-1->omNode-3#0-t9,notify:(t:8, i:219)
2021-12-03 06:11:59,858 [omNode-2@group-523986131536-StateMachineUpdater] INFO  ratis.OzoneManagerStateMachine (OzoneManagerStateMachine.java:notifyConfigurationChanged(188)) - Received Configuration change notification from Ratis. New Peer list:
[id: "omNode-3"
address: "localhost:10280"
, id: "omNode-1"
address: "localhost:10268"
, id: "omNode-2"
address: "localhost:10274"
]
2021-12-03 06:11:59,858 [grpc-default-executor-3] INFO  server.RaftServer$Division (RaftServerImpl.java:installSnapshot(1332)) - omNode-3@group-523986131536: receive installSnapshot: omNode-1->omNode-3#0-t9,notify:(t:8, i:219)
2021-12-03 06:11:59,858 [grpc-default-executor-3] INFO  server.RaftServer$Division (RaftServerImpl.java:notifyStateMachineToInstallSnapshot(1551)) - omNode-3@group-523986131536: Received notification to install snapshot at index 219
2021-12-03 06:11:59,858 [grpc-default-executor-3] INFO  server.RaftServer$Division (RaftServerImpl.java:notifyStateMachineToInstallSnapshot(1559)) - omNode-3@group-523986131536: InstallSnapshot notification result: ALREADY_INSTALLED, current snapshot index: 218
2021-12-03 06:11:59,859 [grpc-default-executor-3] INFO  server.RaftServer$Division (RaftServerImpl.java:installSnapshotImpl(1462)) - omNode-3@group-523986131536: set new configuration index: 221
configurationEntry {
  peers {
    id: "omNode-3"
    address: "localhost:10280"
  }
  peers {
    id: "omNode-1"
    address: "localhost:10268"
  }
  peers {
    id: "omNode-2"
    address: "localhost:10274"
  }
}
 from snapshot
2021-12-03 06:11:59,859 [grpc-default-executor-3] INFO  server.RaftServer$Division (ServerState.java:setRaftConf(387)) - omNode-3@group-523986131536: set configuration 221: [omNode-3|rpc:localhost:10280|admin:|client:|dataStream:|priority:0, omNode-1|rpc:localhost:10268|admin:|client:|dataStream:|priority:0, omNode-2|rpc:localhost:10274|admin:|client:|dataStream:|priority:0], old=null
2021-12-03 06:11:59,860 [grpc-default-executor-3] INFO  ratis.OzoneManagerStateMachine (OzoneManagerStateMachine.java:notifyConfigurationChanged(188)) - Received Configuration change notification from Ratis. New Peer list:
[id: "omNode-3"
address: "localhost:10280"
, id: "omNode-1"
address: "localhost:10268"
, id: "omNode-2"
address: "localhost:10274"
]
2021-12-03 06:11:59,860 [grpc-default-executor-3] INFO  server.RaftServer$Division (RaftServerImpl.java:installSnapshot(1343)) - omNode-3@group-523986131536: reply installSnapshot: omNode-1<-omNode-3#0:FAIL-t9,ALREADY_INSTALLED,snapshotIndex=218
2021-12-03 06:11:59,861 [grpc-default-executor-3] INFO  server.GrpcServerProtocolService (GrpcServerProtocolService.java:onCompleted(140)) - omNode-3: Completed INSTALL_SNAPSHOT, lastRequest: omNode-1->omNode-3#0-t9,notify:(t:8, i:219)
2021-12-03 06:11:59,866 [grpc-default-executor-2] INFO  server.GrpcLogAppender (GrpcLogAppender.java:onNext(410)) - omNode-1@group-523986131536->omNode-3-InstallSnapshotResponseHandler: received the first reply omNode-1<-omNode-3#0:FAIL-t9,ALREADY_INSTALLED,snapshotIndex=218
2021-12-03 06:11:59,866 [grpc-default-executor-2] INFO  server.GrpcLogAppender (GrpcLogAppender.java:onNext(433)) - omNode-1@group-523986131536->omNode-3-InstallSnapshotResponseHandler: Follower snapshot is already at index 218.
2021-12-03 06:11:59,866 [grpc-default-executor-2] INFO  leader.FollowerInfo (FollowerInfoImpl.java:lambda$new$0(47)) - omNode-1@group-523986131536->omNode-3: snapshotIndex: setUnconditionally 0 -> 218
2021-12-03 06:11:59,866 [grpc-default-executor-2] INFO  leader.FollowerInfo (FollowerInfoImpl.java:lambda$new$0(47)) - omNode-1@group-523986131536->omNode-3: matchIndex: setUnconditionally 0 -> 218
2021-12-03 06:11:59,866 [grpc-default-executor-2] INFO  leader.FollowerInfo (FollowerInfoImpl.java:lambda$new$0(47)) - omNode-1@group-523986131536->omNode-3: nextIndex: setUnconditionally 0 -> 219
2021-12-03 06:11:59,866 [grpc-default-executor-2] INFO  leader.FollowerInfo (FollowerInfoImpl.java:setAttemptedToInstallSnapshot(116)) - Follower omNode-1@group-523986131536->omNode-3 acknowledged installing snapshot
2021-12-03 06:11:59,866 [grpc-default-executor-2] INFO  leader.FollowerInfo (FollowerInfoImpl.java:lambda$new$0(47)) - omNode-1@group-523986131536->omNode-3: nextIndex: updateToMax old=219, new=219, updated? false
2021-12-03 06:12:00,371 [grpc-default-executor-3] INFO  server.RaftServer$Division (RaftServerImpl.java:checkInconsistentAppendEntries(1322)) - omNode-3@group-523986131536: Failed appendEntries as previous log entry ((t:9, i:222)) is not found
2021-12-03 06:12:00,371 [grpc-default-executor-3] INFO  server.RaftServer$Division (RaftServerImpl.java:checkInconsistentAppendEntries(1288)) - omNode-3@group-523986131536: inconsistency entries. Reply:omNode-1<-omNode-3#52:FAIL-t9,INCONSISTENCY,nextIndex=219,followerCommit=218
2021-12-03 06:12:00,372 [grpc-default-executor-3] INFO  leader.FollowerInfo (FollowerInfoImpl.java:lambda$new$0(47)) - omNode-1@group-523986131536->omNode-3: nextIndex: updateUnconditionally 223 -> 219
2021-12-03 06:12:00,874 [grpc-default-executor-3] INFO  server.RaftServer$Division (RaftServerImpl.java:checkInconsistentAppendEntries(1322)) - omNode-3@group-523986131536: Failed appendEntries as previous log entry ((t:9, i:222)) is not found
2021-12-03 06:12:00,874 [grpc-default-executor-3] INFO  server.RaftServer$Division (RaftServerImpl.java:checkInconsistentAppendEntries(1288)) - omNode-3@group-523986131536: inconsistency entries. Reply:omNode-1<-omNode-3#103:FAIL-t9,INCONSISTENCY,nextIndex=219,followerCommit=218
2021-12-03 06:12:00,875 [grpc-default-executor-3] INFO  leader.FollowerInfo (FollowerInfoImpl.java:lambda$new$0(47)) - omNode-1@group-523986131536->omNode-3: nextIndex: updateUnconditionally 223 -> 219
2021-12-03 06:12:01,036 [Time-limited test] INFO  retry.RetryInvocationHandler (RetryInvocationHandler.java:log(411)) - com.google.protobuf.ServiceException: java.io.EOFException: End of File Exception between local host is: "fv-az12-681/10.1.0.42"; destination host is: "localhost":10264; : java.io.EOFException; For more details see:  http://wiki.apache.org/hadoop/EOFException, while invoking $Proxy51.submitRequest over nodeId=omNode-1,nodeAddress=127.0.0.1:10264 after 1 failover attempts. Trying to failover immediately.
2021-12-03 06:12:01,037 [Time-limited test] INFO  retry.RetryInvocationHandler (RetryInvocationHandler.java:log(411)) - com.google.protobuf.ServiceException: java.io.EOFException: End of File Exception between local host is: "fv-az12-681/10.1.0.42"; destination host is: "localhost":10270; : java.io.EOFException; For more details see:  http://wiki.apache.org/hadoop/EOFException, while invoking $Proxy51.submitRequest over nodeId=omNode-2,nodeAddress=127.0.0.1:10270 after 2 failover attempts. Trying to failover immediately.
2021-12-03 06:12:01,047 [Time-limited test] INFO  retry.RetryInvocationHandler (RetryInvocationHandler.java:log(411)) - com.google.protobuf.ServiceException: org.apache.hadoop.ipc.RemoteException(org.apache.hadoop.ozone.om.exceptions.OMNotLeaderException): OM:omNode-3 is not the leader. Could not determine the leader node.
	at org.apache.hadoop.ozone.om.ratis.utils.OzoneManagerRatisUtils.createNotLeaderException(OzoneManagerRatisUtils.java:353)
	at org.apache.hadoop.ozone.om.ratis.utils.OzoneManagerRatisUtils.checkLeaderStatus(OzoneManagerRatisUtils.java:339)
	at org.apache.hadoop.ozone.protocolPB.OzoneManagerProtocolServerSideTranslatorPB.checkLeaderStatus(OzoneManagerProtocolServerSideTranslatorPB.java:279)
	at org.apache.hadoop.ozone.protocolPB.OzoneManagerProtocolServerSideTranslatorPB.processRequest(OzoneManagerProtocolServerSideTranslatorPB.java:158)
	at org.apache.hadoop.hdds.server.OzoneProtocolMessageDispatcher.processRequest(OzoneProtocolMessageDispatcher.java:87)
	at org.apache.hadoop.ozone.protocolPB.OzoneManagerProtocolServerSideTranslatorPB.submitRequest(OzoneManagerProtocolServerSideTranslatorPB.java:124)
	at org.apache.hadoop.ozone.protocol.proto.OzoneManagerProtocolProtos$OzoneManagerService$2.callBlockingMethod(OzoneManagerProtocolProtos.java)
	at org.apache.hadoop.ipc.ProtobufRpcEngine$Server.processCall(ProtobufRpcEngine.java:466)
	at org.apache.hadoop.ipc.ProtobufRpcEngine2$Server$ProtoBufRpcInvoker.call(ProtobufRpcEngine2.java:574)
	at org.apache.hadoop.ipc.ProtobufRpcEngine2$Server$ProtoBufRpcInvoker.call(ProtobufRpcEngine2.java:552)
	at org.apache.hadoop.ipc.RPC$Server.call(RPC.java:1093)
	at org.apache.hadoop.ipc.Server$RpcCall.run(Server.java:1035)
	at org.apache.hadoop.ipc.Server$RpcCall.run(Server.java:963)
	at java.security.AccessController.doPrivileged(Native Method)
	at javax.security.auth.Subject.doAs(Subject.java:422)
	at org.apache.hadoop.security.UserGroupInformation.doAs(UserGroupInformation.java:1878)
	at org.apache.hadoop.ipc.Server$Handler.run(Server.java:2966)
, while invoking $Proxy51.submitRequest over nodeId=omNode-3,nodeAddress=127.0.0.1:10276 after 3 failover attempts. Trying to failover after sleeping for 2000ms.
2021-12-03 06:12:01,376 [grpc-default-executor-3] INFO  server.RaftServer$Division (RaftServerImpl.java:checkInconsistentAppendEntries(1322)) - omNode-3@group-523986131536: Failed appendEntries as previous log entry ((t:9, i:222)) is not found
2021-12-03 06:12:01,376 [grpc-default-executor-3] INFO  server.RaftServer$Division (RaftServerImpl.java:checkInconsistentAppendEntries(1288)) - omNode-3@group-523986131536: inconsistency entries. Reply:omNode-1<-omNode-3#154:FAIL-t9,INCONSISTENCY,nextIndex=219,followerCommit=218
2021-12-03 06:12:01,376 [grpc-default-executor-3] INFO  leader.FollowerInfo (FollowerInfoImpl.java:lambda$new$0(47)) - omNode-1@group-523986131536->omNode-3: nextIndex: updateUnconditionally 223 -> 219
2021-12-03 06:12:01,878 [grpc-default-executor-3] INFO  server.RaftServer$Division (RaftServerImpl.java:checkInconsistentAppendEntries(1322)) - omNode-3@group-523986131536: Failed appendEntries as previous log entry ((t:9, i:222)) is not found
2021-12-03 06:12:01,878 [grpc-default-executor-3] INFO  server.RaftServer$Division (RaftServerImpl.java:checkInconsistentAppendEntries(1288)) - omNode-3@group-523986131536: inconsistency entries. Reply:omNode-1<-omNode-3#205:FAIL-t9,INCONSISTENCY,nextIndex=219,followerCommit=218
2021-12-03 06:12:01,878 [grpc-default-executor-3] INFO  leader.FollowerInfo (FollowerInfoImpl.java:lambda$new$0(47)) - omNode-1@group-523986131536->omNode-3: nextIndex: updateUnconditionally 223 -> 219
2021-12-03 06:12:02,380 [grpc-default-executor-3] INFO  server.RaftServer$Division (RaftServerImpl.java:checkInconsistentAppendEntries(1322)) - omNode-3@group-523986131536: Failed appendEntries as previous log entry ((t:9, i:222)) is not found
2021-12-03 06:12:02,380 [grpc-default-executor-3] INFO  server.RaftServer$Division (RaftServerImpl.java:checkInconsistentAppendEntries(1288)) - omNode-3@group-523986131536: inconsistency entries. Reply:omNode-1<-omNode-3#256:FAIL-t9,INCONSISTENCY,nextIndex=219,followerCommit=218
2021-12-03 06:12:02,380 [grpc-default-executor-3] INFO  leader.FollowerInfo (FollowerInfoImpl.java:lambda$new$0(47)) - omNode-1@group-523986131536->omNode-3: nextIndex: updateUnconditionally 223 -> 219
2021-12-03 06:12:02,882 [grpc-default-executor-3] INFO  server.RaftServer$Division (RaftServerImpl.java:checkInconsistentAppendEntries(1322)) - omNode-3@group-523986131536: Failed appendEntries as previous log entry ((t:9, i:222)) is not found
2021-12-03 06:12:02,882 [grpc-default-executor-3] INFO  server.RaftServer$Division (RaftServerImpl.java:checkInconsistentAppendEntries(1288)) - omNode-3@group-523986131536: inconsistency entries. Reply:omNode-1<-omNode-3#307:FAIL-t9,INCONSISTENCY,nextIndex=219,followerCommit=218
2021-12-03 06:12:02,883 [grpc-default-executor-3] INFO  leader.FollowerInfo (FollowerInfoImpl.java:lambda$new$0(47)) - omNode-1@group-523986131536->omNode-3: nextIndex: updateUnconditionally 223 -> 219
2021-12-03 06:12:03,071 [grpc-default-executor-3] INFO  server.RaftServer$Division (RaftServerImpl.java:checkInconsistentAppendEntries(1322)) - omNode-3@group-523986131536: Failed appendEntries as previous log entry ((t:9, i:222)) is not found
2021-12-03 06:12:03,071 [grpc-default-executor-3] INFO  server.RaftServer$Division (RaftServerImpl.java:checkInconsistentAppendEntries(1288)) - omNode-3@group-523986131536: inconsistency entries. Reply:omNode-1<-omNode-3#326:FAIL-t9,INCONSISTENCY,nextIndex=219,followerCommit=218
2021-12-03 06:12:03,080 [grpc-default-executor-2] INFO  server.RaftServer$Division (RaftServerImpl.java:checkInconsistentAppendEntries(1322)) - omNode-3@group-523986131536: Failed appendEntries as previous log entry ((t:9, i:223)) is not found
2021-12-03 06:12:03,080 [grpc-default-executor-2] INFO  server.RaftServer$Division (RaftServerImpl.java:checkInconsistentAppendEntries(1288)) - omNode-3@group-523986131536: inconsistency entries. Reply:omNode-1<-omNode-3#327:FAIL-t9,INCONSISTENCY,nextIndex=219,followerCommit=218
2021-12-03 06:12:03,089 [OM StateMachine ApplyTransaction Thread - 0] INFO  volume.OMVolumeCreateRequest (OMVolumeCreateRequest.java:validateAndUpdateCache(195)) - created volume:volume04356 for user:user06841
2021-12-03 06:12:03,116 [OM StateMachine ApplyTransaction Thread - 0] INFO  volume.OMVolumeCreateRequest (OMVolumeCreateRequest.java:validateAndUpdateCache(195)) - created volume:volume04356 for user:user06841
2021-12-03 06:12:03,150 [Time-limited test] INFO  rpc.RpcClient (RpcClient.java:createVolume(389)) - Creating Volume: volume30480, with user42999 as owner and space quota set to -1 bytes, counts quota set to -1
2021-12-03 06:12:03,155 [grpc-default-executor-2] INFO  server.RaftServer$Division (RaftServerImpl.java:checkInconsistentAppendEntries(1322)) - omNode-3@group-523986131536: Failed appendEntries as previous log entry ((t:9, i:224)) is not found
2021-12-03 06:12:03,155 [grpc-default-executor-2] INFO  server.RaftServer$Division (RaftServerImpl.java:checkInconsistentAppendEntries(1288)) - omNode-3@group-523986131536: inconsistency entries. Reply:omNode-1<-omNode-3#336:FAIL-t9,INCONSISTENCY,nextIndex=219,followerCommit=218
2021-12-03 06:12:03,167 [OM StateMachine ApplyTransaction Thread - 0] INFO  volume.OMVolumeCreateRequest (OMVolumeCreateRequest.java:validateAndUpdateCache(195)) - created volume:volume30480 for user:user42999
2021-12-03 06:12:03,167 [grpc-default-executor-2] INFO  server.RaftServer$Division (RaftServerImpl.java:checkInconsistentAppendEntries(1322)) - omNode-3@group-523986131536: Failed appendEntries as previous log entry ((t:9, i:225)) is not found
2021-12-03 06:12:03,168 [grpc-default-executor-2] INFO  server.RaftServer$Division (RaftServerImpl.java:checkInconsistentAppendEntries(1288)) - omNode-3@group-523986131536: inconsistency entries. Reply:omNode-1<-omNode-3#338:FAIL-t9,INCONSISTENCY,nextIndex=219,followerCommit=218
2021-12-03 06:12:03,169 [Time-limited test] INFO  rpc.RpcClient (RpcClient.java:createBucket(549)) - Creating Bucket: volume30480/f77789b9-fcdf-4ecd-a4ff-3a67d580d715, with Versioning false and Storage Type set to DISK and Encryption set to false 
2021-12-03 06:12:03,171 [grpc-default-executor-2] INFO  server.RaftServer$Division (RaftServerImpl.java:checkInconsistentAppendEntries(1322)) - omNode-3@group-523986131536: Failed appendEntries as previous log entry ((t:9, i:226)) is not found
2021-12-03 06:12:03,171 [grpc-default-executor-2] INFO  server.RaftServer$Division (RaftServerImpl.java:checkInconsistentAppendEntries(1288)) - omNode-3@group-523986131536: inconsistency entries. Reply:omNode-1<-omNode-3#339:FAIL-t9,INCONSISTENCY,nextIndex=219,followerCommit=218
2021-12-03 06:12:03,176 [OM StateMachine ApplyTransaction Thread - 0] INFO  volume.OMVolumeCreateRequest (OMVolumeCreateRequest.java:validateAndUpdateCache(195)) - created volume:volume30480 for user:user42999
2021-12-03 06:12:03,186 [grpc-default-executor-2] INFO  server.RaftServer$Division (RaftServerImpl.java:checkInconsistentAppendEntries(1322)) - omNode-3@group-523986131536: Failed appendEntries as previous log entry ((t:9, i:227)) is not found
2021-12-03 06:12:03,187 [grpc-default-executor-2] INFO  server.RaftServer$Division (RaftServerImpl.java:checkInconsistentAppendEntries(1288)) - omNode-3@group-523986131536: inconsistency entries. Reply:omNode-1<-omNode-3#342:FAIL-t9,INCONSISTENCY,nextIndex=219,followerCommit=218
2021-12-03 06:12:03,200 [grpc-default-executor-2] INFO  server.RaftServer$Division (RaftServerImpl.java:checkInconsistentAppendEntries(1322)) - omNode-3@group-523986131536: Failed appendEntries as previous log entry ((t:9, i:228)) is not found
2021-12-03 06:12:03,200 [grpc-default-executor-2] INFO  server.RaftServer$Division (RaftServerImpl.java:checkInconsistentAppendEntries(1288)) - omNode-3@group-523986131536: inconsistency entries. Reply:omNode-1<-omNode-3#345:FAIL-t9,INCONSISTENCY,nextIndex=219,followerCommit=218
2021-12-03 06:12:03,206 [grpc-default-executor-3] INFO  server.RaftServer$Division (RaftServerImpl.java:checkInconsistentAppendEntries(1322)) - omNode-3@group-523986131536: Failed appendEntries as previous log entry ((t:9, i:229)) is not found
2021-12-03 06:12:03,206 [grpc-default-executor-3] INFO  server.RaftServer$Division (RaftServerImpl.java:checkInconsistentAppendEntries(1288)) - omNode-3@group-523986131536: inconsistency entries. Reply:omNode-1<-omNode-3#346:FAIL-t9,INCONSISTENCY,nextIndex=219,followerCommit=218
2021-12-03 06:12:03,265 [grpc-default-executor-2] INFO  server.RaftServer$Division (RaftServerImpl.java:checkInconsistentAppendEntries(1322)) - omNode-3@group-523986131536: Failed appendEntries as previous log entry ((t:9, i:230)) is not found
2021-12-03 06:12:03,265 [grpc-default-executor-2] INFO  server.RaftServer$Division (RaftServerImpl.java:checkInconsistentAppendEntries(1288)) - omNode-3@group-523986131536: inconsistency entries. Reply:omNode-1<-omNode-3#354:FAIL-t9,INCONSISTENCY,nextIndex=219,followerCommit=218
2021-12-03 06:12:03,268 [grpc-default-executor-2] INFO  server.RaftServer$Division (RaftServerImpl.java:checkInconsistentAppendEntries(1322)) - omNode-3@group-523986131536: Failed appendEntries as previous log entry ((t:9, i:231)) is not found
2021-12-03 06:12:03,268 [grpc-default-executor-2] INFO  server.RaftServer$Division (RaftServerImpl.java:checkInconsistentAppendEntries(1288)) - omNode-3@group-523986131536: inconsistency entries. Reply:omNode-1<-omNode-3#356:FAIL-t9,INCONSISTENCY,nextIndex=219,followerCommit=218
2021-12-03 06:12:03,289 [Time-limited test] INFO  om.OzoneManager (OzoneManager.java:stop(1830)) - omNode-1[localhost:10264]: Stopping Ozone Manager
2021-12-03 06:12:03,289 [Time-limited test] INFO  ipc.Server (Server.java:stop(3414)) - Stopping server on 10264
2021-12-03 06:12:03,292 [IPC Server Responder] INFO  ipc.Server (Server.java:run(1512)) - Stopping IPC Server Responder
2021-12-03 06:12:03,292 [IPC Server listener on 10264] INFO  ipc.Server (Server.java:run(1376)) - Stopping IPC Server listener on 10264
2021-12-03 06:12:03,294 [Time-limited test] INFO  server.RaftServer (RaftServerProxy.java:lambda$close$6(391)) - omNode-1: close
2021-12-03 06:12:03,294 [Time-limited test] INFO  server.RaftServer$Division (RaftServerImpl.java:lambda$close$4(412)) - omNode-1@group-523986131536: shutdown
2021-12-03 06:12:03,294 [Time-limited test] INFO  util.JmxRegister (JmxRegister.java:unregister(73)) - Successfully un-registered JMX Bean with object name Ratis:service=RaftServer,group=group-523986131536,id=omNode-1
2021-12-03 06:12:03,294 [Time-limited test] INFO  impl.RoleInfo (RoleInfo.java:shutdownLeaderState(91)) - omNode-1: shutdown omNode-1@group-523986131536-LeaderStateImpl
2021-12-03 06:12:03,294 [omNode-1@group-523986131536->omNode-3-GrpcLogAppender-LogAppenderDaemon] WARN  server.GrpcLogAppender (GrpcLogAppender.java:mayWait(177)) - omNode-1@group-523986131536->omNode-3-GrpcLogAppender: Wait interrupted by java.lang.InterruptedException
2021-12-03 06:12:03,295 [grpc-default-executor-2] INFO  server.GrpcServerProtocolService (GrpcServerProtocolService.java:onCompleted(140)) - omNode-3: Completed APPEND_ENTRIES, lastRequest: omNode-1->omNode-3#356-t9,previous=(t:9, i:231),leaderCommit=231,initializing? false,entries: size=1, first=(t:9, i:232), METADATAENTRY(c:231)
2021-12-03 06:12:03,295 [omNode-1@group-523986131536->omNode-2-GrpcLogAppender-LogAppenderDaemon] WARN  server.GrpcLogAppender (GrpcLogAppender.java:mayWait(177)) - omNode-1@group-523986131536->omNode-2-GrpcLogAppender: Wait interrupted by java.lang.InterruptedException
2021-12-03 06:12:03,295 [grpc-default-executor-2] INFO  server.GrpcLogAppender (GrpcLogAppender.java:onCompleted(346)) - omNode-1@group-523986131536->omNode-3-AppendLogResponseHandler: follower responses appendEntries COMPLETED
2021-12-03 06:12:03,296 [grpc-default-executor-2] INFO  leader.FollowerInfo (FollowerInfoImpl.java:lambda$new$0(47)) - omNode-1@group-523986131536->omNode-3: nextIndex: updateUnconditionally 233 -> 219
2021-12-03 06:12:03,296 [grpc-default-executor-3] INFO  server.GrpcServerProtocolService (GrpcServerProtocolService.java:onCompleted(140)) - omNode-2: Completed APPEND_ENTRIES, lastRequest: omNode-1->omNode-2#86-t9,previous=(t:9, i:231),leaderCommit=231,initializing? true,entries: size=1, first=(t:9, i:232), METADATAENTRY(c:231)
2021-12-03 06:12:03,296 [grpc-default-executor-3] INFO  server.GrpcLogAppender (GrpcLogAppender.java:onCompleted(346)) - omNode-1@group-523986131536->omNode-2-AppendLogResponseHandler: follower responses appendEntries COMPLETED
2021-12-03 06:12:03,296 [grpc-default-executor-3] INFO  leader.FollowerInfo (FollowerInfoImpl.java:lambda$new$0(47)) - omNode-1@group-523986131536->omNode-2: nextIndex: updateUnconditionally 233 -> 232
2021-12-03 06:12:03,296 [Time-limited test] INFO  impl.PendingRequests (PendingRequests.java:sendNotLeaderResponses(282)) - omNode-1@group-523986131536-PendingRequests: sendNotLeaderResponses
2021-12-03 06:12:03,298 [Time-limited test] INFO  impl.StateMachineUpdater (StateMachineUpdater.java:stopAndJoin(149)) - omNode-1@group-523986131536-StateMachineUpdater: set stopIndex = 232
2021-12-03 06:12:03,298 [omNode-1@group-523986131536-StateMachineUpdater] INFO  ratis.OzoneManagerStateMachine (OzoneManagerStateMachine.java:takeSnapshot(417)) - Current Snapshot Index (t:9, i:232)
2021-12-03 06:12:03,298 [omNode-1@group-523986131536-StateMachineUpdater] INFO  impl.StateMachineUpdater (StateMachineUpdater.java:takeSnapshot(281)) - omNode-1@group-523986131536-StateMachineUpdater: Took a snapshot at index 232
2021-12-03 06:12:03,299 [omNode-1@group-523986131536-StateMachineUpdater] INFO  impl.StateMachineUpdater (StateMachineUpdater.java:lambda$new$0(89)) - omNode-1@group-523986131536-StateMachineUpdater: snapshotIndex: updateIncreasingly 220 -> 232
2021-12-03 06:12:03,299 [omNode-1@group-523986131536-StateMachineUpdater] INFO  ratis.OzoneManagerStateMachine (OzoneManagerStateMachine.java:close(471)) - StateMachine has shutdown. Shutdown OzoneManager if not already shutdown.
2021-12-03 06:12:03,300 [Time-limited test] INFO  server.RaftServer$Division (ServerState.java:close(419)) - omNode-1@group-523986131536: closes. applyIndex: 232
2021-12-03 06:12:03,300 [omNode-1@group-523986131536-SegmentedRaftLogWorker] INFO  segmented.SegmentedRaftLogWorker (SegmentedRaftLogWorker.java:run(327)) - omNode-1@group-523986131536-SegmentedRaftLogWorker was interrupted, exiting. There are 0 tasks remaining in the queue.
2021-12-03 06:12:03,300 [Time-limited test] INFO  segmented.SegmentedRaftLogWorker (SegmentedRaftLogWorker.java:close(237)) - omNode-1@group-523986131536-SegmentedRaftLogWorker close()
2021-12-03 06:12:03,301 [Time-limited test] INFO  server.GrpcService (GrpcService.java:closeImpl(262)) - omNode-1: shutdown server with port 10268 now
2021-12-03 06:12:05,209 [omNode-2@group-523986131536-FollowerState] INFO  impl.FollowerState (FollowerState.java:run(134)) - omNode-2@group-523986131536-FollowerState: change to CANDIDATE, lastRpcElapsedTime:1929193463ns, electionTimeout:1134ms
2021-12-03 06:12:05,209 [omNode-2@group-523986131536-FollowerState] INFO  impl.RoleInfo (RoleInfo.java:shutdownFollowerState(108)) - omNode-2: shutdown omNode-2@group-523986131536-FollowerState
2021-12-03 06:12:05,209 [omNode-2@group-523986131536-FollowerState] INFO  server.RaftServer$Division (RaftServerImpl.java:setRole(290)) - omNode-2@group-523986131536: changes role from  FOLLOWER to CANDIDATE at term 9 for changeToCandidate
2021-12-03 06:12:05,209 [omNode-2@group-523986131536-FollowerState] INFO  server.RaftServerConfigKeys (ConfUtils.java:logGet(44)) - raft.server.leaderelection.pre-vote = false (custom)
2021-12-03 06:12:05,209 [omNode-2@group-523986131536-FollowerState] INFO  impl.RoleInfo (RoleInfo.java:updateAndGet(130)) - omNode-2: start omNode-2@group-523986131536-LeaderElection24
2021-12-03 06:12:05,211 [omNode-2@group-523986131536-LeaderElection24] INFO  server.RaftServer$Division (ServerState.java:setLeader(285)) - omNode-2@group-523986131536: change Leader from omNode-1 to null at term 9 for ELECTION
2021-12-03 06:12:05,213 [omNode-2@group-523986131536-LeaderElection24] INFO  impl.LeaderElection (LeaderElection.java:askForVotes(306)) - omNode-2@group-523986131536-LeaderElection24 ELECTION round 0: submit vote requests at term 10 for 221: [omNode-3|rpc:localhost:10280|admin:|client:|dataStream:|priority:0, omNode-1|rpc:localhost:10268|admin:|client:|dataStream:|priority:0, omNode-2|rpc:localhost:10274|admin:|client:|dataStream:|priority:0], old=null
2021-12-03 06:12:05,221 [omNode-2@group-523986131536-LeaderElection24] INFO  impl.LeaderElection (LogUtils.java:infoOrTrace(137)) - omNode-2@group-523986131536-LeaderElection24 got exception when requesting votes: java.util.concurrent.ExecutionException: org.apache.ratis.thirdparty.io.grpc.StatusRuntimeException: UNAVAILABLE: io exception
2021-12-03 06:12:05,223 [grpc-default-executor-3] INFO  server.RaftServer$Division (RaftServerImpl.java:requestVote(1046)) - omNode-3@group-523986131536: receive requestVote(ELECTION, omNode-2, group-523986131536, 10, (t:9, i:232))
2021-12-03 06:12:05,223 [grpc-default-executor-3] INFO  impl.VoteContext (VoteContext.java:log(48)) - omNode-3@group-523986131536-FOLLOWER: accept ELECTION from omNode-2: our last entry (t:7, i:218) < candidate's last entry (t:9, i:232)
2021-12-03 06:12:05,223 [grpc-default-executor-3] INFO  server.RaftServer$Division (ServerState.java:setLeader(285)) - omNode-3@group-523986131536: change Leader from omNode-1 to null at term 10 for updateCurrentTerm
2021-12-03 06:12:05,223 [grpc-default-executor-3] INFO  server.RaftServer$Division (RaftServerImpl.java:setRole(290)) - omNode-3@group-523986131536: changes role from  FOLLOWER to FOLLOWER at term 10 for candidate:omNode-2
2021-12-03 06:12:05,223 [grpc-default-executor-3] INFO  impl.RoleInfo (RoleInfo.java:shutdownFollowerState(108)) - omNode-3: shutdown omNode-3@group-523986131536-FollowerState
2021-12-03 06:12:05,223 [grpc-default-executor-3] INFO  impl.RoleInfo (RoleInfo.java:updateAndGet(130)) - omNode-3: start omNode-3@group-523986131536-FollowerState
2021-12-03 06:12:05,223 [omNode-3@group-523986131536-FollowerState] INFO  impl.FollowerState (FollowerState.java:run(143)) - omNode-3@group-523986131536-FollowerState was interrupted: {}
java.lang.InterruptedException: sleep interrupted
	at java.lang.Thread.sleep(Native Method)
	at java.lang.Thread.sleep(Thread.java:340)
	at java.util.concurrent.TimeUnit.sleep(TimeUnit.java:386)
	at org.apache.ratis.util.TimeDuration.sleep(TimeDuration.java:324)
	at org.apache.ratis.util.TimeDuration.sleep(TimeDuration.java:309)
	at org.apache.ratis.server.impl.FollowerState.run(FollowerState.java:118)
2021-12-03 06:12:05,229 [grpc-default-executor-3] INFO  server.RaftServer$Division (RaftServerImpl.java:requestVote(1078)) - omNode-3@group-523986131536 replies to ELECTION vote request: omNode-2<-omNode-3#0:OK-t10. Peer's state: omNode-3@group-523986131536:t10, leader=null, voted=omNode-2, raftlog=omNode-3@group-523986131536-SegmentedRaftLog:OPENED:c218, conf=221: [omNode-3|rpc:localhost:10280|admin:|client:|dataStream:|priority:0, omNode-1|rpc:localhost:10268|admin:|client:|dataStream:|priority:0, omNode-2|rpc:localhost:10274|admin:|client:|dataStream:|priority:0], old=null
2021-12-03 06:12:05,231 [omNode-2@group-523986131536-LeaderElection24] INFO  impl.LeaderElection (LeaderElection.java:logAndReturn(89)) - omNode-2@group-523986131536-LeaderElection24: ELECTION PASSED received 1 response(s) and 1 exception(s):
2021-12-03 06:12:05,231 [omNode-2@group-523986131536-LeaderElection24] INFO  impl.LeaderElection (LeaderElection.java:logAndReturn(93)) -   Response 0: omNode-2<-omNode-3#0:OK-t10
2021-12-03 06:12:05,231 [omNode-2@group-523986131536-LeaderElection24] INFO  impl.LeaderElection (LogUtils.java:infoOrTrace(137)) -   Exception 1: java.util.concurrent.ExecutionException: org.apache.ratis.thirdparty.io.grpc.StatusRuntimeException: UNAVAILABLE: io exception
2021-12-03 06:12:05,231 [omNode-2@group-523986131536-LeaderElection24] INFO  impl.LeaderElection (LeaderElection.java:askForVotes(308)) - omNode-2@group-523986131536-LeaderElection24 ELECTION round 0: result PASSED
2021-12-03 06:12:05,231 [omNode-2@group-523986131536-LeaderElection24] INFO  impl.RoleInfo (RoleInfo.java:shutdownLeaderElection(121)) - omNode-2: shutdown omNode-2@group-523986131536-LeaderElection24
2021-12-03 06:12:05,231 [omNode-2@group-523986131536-LeaderElection24] INFO  server.RaftServer$Division (RaftServerImpl.java:setRole(290)) - omNode-2@group-523986131536: changes role from CANDIDATE to LEADER at term 10 for changeToLeader
2021-12-03 06:12:05,231 [omNode-2@group-523986131536-LeaderElection24] INFO  server.RaftServer$Division (ServerState.java:setLeader(285)) - omNode-2@group-523986131536: change Leader from null to omNode-2 at term 10 for becomeLeader, leader elected after 20ms
2021-12-03 06:12:05,231 [omNode-2@group-523986131536-LeaderElection24] INFO  server.RaftServerConfigKeys (ConfUtils.java:logGet(44)) - raft.server.staging.catchup.gap = 1000 (default)
2021-12-03 06:12:05,231 [omNode-2@group-523986131536-LeaderElection24] INFO  server.RaftServerConfigKeys (ConfUtils.java:logGet(44)) - raft.server.write.element-limit = 4096 (default)
2021-12-03 06:12:05,231 [omNode-2@group-523986131536-LeaderElection24] INFO  server.RaftServerConfigKeys (ConfUtils.java:logGet(44)) - raft.server.write.byte-limit = 64MB (=67108864) (default)
2021-12-03 06:12:05,232 [omNode-2@group-523986131536-LeaderElection24] INFO  server.RaftServerConfigKeys (ConfUtils.java:logGet(44)) - raft.server.watch.timeout = 10s (default)
2021-12-03 06:12:05,232 [omNode-2@group-523986131536-LeaderElection24] INFO  server.RaftServerConfigKeys (ConfUtils.java:logGet(44)) - raft.server.watch.timeout.denomination = 1s (default)
2021-12-03 06:12:05,232 [omNode-2@group-523986131536-LeaderElection24] INFO  server.RaftServerConfigKeys (ConfUtils.java:logGet(44)) - raft.server.watch.element-limit = 65536 (default)
2021-12-03 06:12:05,232 [omNode-2@group-523986131536-LeaderElection24] INFO  server.RaftServerConfigKeys (ConfUtils.java:logGet(44)) - raft.server.write.element-limit = 4096 (default)
2021-12-03 06:12:05,232 [omNode-2@group-523986131536-LeaderElection24] INFO  server.RaftServerConfigKeys (ConfUtils.java:logGet(44)) - raft.server.write.follower.gap.ratio.max = -1.0 (default)
2021-12-03 06:12:05,232 [omNode-2@group-523986131536-LeaderElection24] INFO  server.RaftServerConfigKeys (ConfUtils.java:logGet(44)) - raft.server.log.appender.snapshot.chunk.size.max = 16MB (=16777216) (default)
2021-12-03 06:12:05,232 [omNode-2@group-523986131536-LeaderElection24] INFO  server.RaftServerConfigKeys (ConfUtils.java:logGet(44)) - raft.server.log.appender.buffer.byte-limit = 33554432 (custom)
2021-12-03 06:12:05,233 [omNode-2@group-523986131536-LeaderElection24] INFO  server.RaftServerConfigKeys (ConfUtils.java:logGet(44)) - raft.server.log.appender.buffer.element-limit = 1024 (custom)
2021-12-03 06:12:05,233 [omNode-2@group-523986131536-LeaderElection24] INFO  grpc.GrpcConfigKeys (ConfUtils.java:logGet(44)) - raft.grpc.server.leader.outstanding.appends.max = 128 (default)
2021-12-03 06:12:05,233 [omNode-2@group-523986131536-LeaderElection24] INFO  server.RaftServerConfigKeys (ConfUtils.java:logGet(44)) - raft.server.rpc.request.timeout = 3000ms (default)
2021-12-03 06:12:05,233 [omNode-2@group-523986131536-LeaderElection24] INFO  server.RaftServerConfigKeys (ConfUtils.java:logGet(44)) - raft.server.log.appender.install.snapshot.enabled = false (custom)
2021-12-03 06:12:05,234 [omNode-2@group-523986131536-LeaderElection24] INFO  server.RaftServerConfigKeys (ConfUtils.java:logGet(44)) - raft.server.log.appender.snapshot.chunk.size.max = 16MB (=16777216) (default)
2021-12-03 06:12:05,234 [omNode-2@group-523986131536-LeaderElection24] INFO  server.RaftServerConfigKeys (ConfUtils.java:logGet(44)) - raft.server.log.appender.buffer.byte-limit = 33554432 (custom)
2021-12-03 06:12:05,234 [omNode-2@group-523986131536-LeaderElection24] INFO  server.RaftServerConfigKeys (ConfUtils.java:logGet(44)) - raft.server.log.appender.buffer.element-limit = 1024 (custom)
2021-12-03 06:12:05,234 [omNode-2@group-523986131536-LeaderElection24] INFO  grpc.GrpcConfigKeys (ConfUtils.java:logGet(44)) - raft.grpc.server.leader.outstanding.appends.max = 128 (default)
2021-12-03 06:12:05,234 [omNode-2@group-523986131536-LeaderElection24] INFO  server.RaftServerConfigKeys (ConfUtils.java:logGet(44)) - raft.server.rpc.request.timeout = 3000ms (default)
2021-12-03 06:12:05,234 [omNode-2@group-523986131536-LeaderElection24] INFO  server.RaftServerConfigKeys (ConfUtils.java:logGet(44)) - raft.server.log.appender.install.snapshot.enabled = false (custom)
2021-12-03 06:12:05,235 [omNode-2@group-523986131536-LeaderElection24] INFO  impl.RoleInfo (RoleInfo.java:updateAndGet(130)) - omNode-2: start omNode-2@group-523986131536-LeaderStateImpl
2021-12-03 06:12:05,235 [omNode-2@group-523986131536-LeaderElection24] INFO  segmented.SegmentedRaftLogWorker (SegmentedRaftLogWorker.java:rollLogSegment(399)) - omNode-2@group-523986131536-SegmentedRaftLogWorker: Rolling segment log-221_232 to index:232
2021-12-03 06:12:05,236 [omNode-2@group-523986131536-SegmentedRaftLogWorker] INFO  segmented.SegmentedRaftLogWorker (SegmentedRaftLogWorker.java:execute(558)) - omNode-2@group-523986131536-SegmentedRaftLogWorker: Rolled log segment from /home/runner/work/ozone/ozone/hadoop-ozone/integration-test/target/test-dir/MiniOzoneClusterImpl-534ecdf6-6327-4b2f-8372-e39e4f15c404/omNode-2/ratis/c9bc4cf4-3bc3-3c60-a66b-523986131536/current/log_inprogress_221 to /home/runner/work/ozone/ozone/hadoop-ozone/integration-test/target/test-dir/MiniOzoneClusterImpl-534ecdf6-6327-4b2f-8372-e39e4f15c404/omNode-2/ratis/c9bc4cf4-3bc3-3c60-a66b-523986131536/current/log_221-232
2021-12-03 06:12:05,242 [omNode-2@group-523986131536-LeaderElection24] INFO  server.RaftServer$Division (ServerState.java:setRaftConf(387)) - omNode-2@group-523986131536: set configuration 233: [omNode-3|rpc:localhost:10280|admin:|client:|dataStream:|priority:0, omNode-1|rpc:localhost:10268|admin:|client:|dataStream:|priority:0, omNode-2|rpc:localhost:10274|admin:|client:|dataStream:|priority:0], old=null
2021-12-03 06:12:05,242 [omNode-2@group-523986131536-SegmentedRaftLogWorker] INFO  segmented.SegmentedRaftLogWorker (SegmentedRaftLogWorker.java:execute(601)) - omNode-2@group-523986131536-SegmentedRaftLogWorker: created new log segment /home/runner/work/ozone/ozone/hadoop-ozone/integration-test/target/test-dir/MiniOzoneClusterImpl-534ecdf6-6327-4b2f-8372-e39e4f15c404/omNode-2/ratis/c9bc4cf4-3bc3-3c60-a66b-523986131536/current/log_inprogress_233
2021-12-03 06:12:05,243 [grpc-default-executor-3] INFO  server.RaftServer$Division (ServerState.java:setLeader(285)) - omNode-3@group-523986131536: change Leader from null to omNode-2 at term 10 for appendEntries, leader elected after 20ms
2021-12-03 06:12:05,243 [grpc-default-executor-3] INFO  server.RaftServer$Division (RaftServerImpl.java:checkInconsistentAppendEntries(1322)) - omNode-3@group-523986131536: Failed appendEntries as previous log entry ((t:9, i:232)) is not found
2021-12-03 06:12:05,243 [grpc-default-executor-3] INFO  server.RaftServer$Division (RaftServerImpl.java:checkInconsistentAppendEntries(1288)) - omNode-3@group-523986131536: inconsistency entries. Reply:omNode-2<-omNode-3#0:FAIL-t10,INCONSISTENCY,nextIndex=219,followerCommit=218
2021-12-03 06:12:05,243 [grpc-default-executor-2] WARN  server.GrpcLogAppender (LogUtils.java:warn(122)) - omNode-2@group-523986131536->omNode-1-AppendLogResponseHandler: Failed appendEntries: org.apache.ratis.thirdparty.io.grpc.StatusRuntimeException: UNAVAILABLE: io exception
2021-12-03 06:12:05,244 [grpc-default-executor-2] WARN  server.GrpcLogAppender (GrpcLogAppender.java:resetClient(110)) - omNode-2@group-523986131536->omNode-1-GrpcLogAppender: Leader has not got in touch with Follower omNode-2@group-523986131536->omNode-1(c-1,m0,n233, attendVote=true, lastRpcSendTime=1211, lastRpcResponseTime=1211) yet, just keep nextIndex unchanged and retry.
2021-12-03 06:12:05,244 [grpc-default-executor-3] INFO  leader.FollowerInfo (FollowerInfoImpl.java:lambda$new$0(47)) - omNode-2@group-523986131536->omNode-3: nextIndex: updateUnconditionally 233 -> 219
2021-12-03 06:12:05,245 [grpc-default-executor-2] WARN  server.GrpcLogAppender (LogUtils.java:warn(122)) - omNode-2@group-523986131536->omNode-1-AppendLogResponseHandler: Failed appendEntries: org.apache.ratis.thirdparty.io.grpc.StatusRuntimeException: UNAVAILABLE: io exception
2021-12-03 06:12:05,246 [grpc-default-executor-2] WARN  server.GrpcLogAppender (GrpcLogAppender.java:resetClient(110)) - omNode-2@group-523986131536->omNode-1-GrpcLogAppender: Leader has not got in touch with Follower omNode-2@group-523986131536->omNode-1(c-1,m0,n234, attendVote=true, lastRpcSendTime=0, lastRpcResponseTime=1213) yet, just keep nextIndex unchanged and retry.
2021-12-03 06:12:05,254 [omNode-2@group-523986131536->omNode-3-GrpcLogAppender-LogAppenderDaemon] ERROR leader.LogAppenderDaemon (LogAppenderDaemon.java:run(86)) - omNode-2@group-523986131536->omNode-3-GrpcLogAppender-LogAppenderDaemon failed
java.lang.NullPointerException: omNode-2@group-523986131536->omNode-3: Previous TermIndex not found for firstIndex = 219
	at java.util.Objects.requireNonNull(Objects.java:290)
	at org.apache.ratis.server.leader.LogAppenderBase.assertProtos(LogAppenderBase.java:169)
	at org.apache.ratis.server.leader.LogAppenderBase.newAppendEntriesRequest(LogAppenderBase.java:154)
	at org.apache.ratis.grpc.server.GrpcLogAppender.appendLog(GrpcLogAppender.java:213)
	at org.apache.ratis.grpc.server.GrpcLogAppender.run(GrpcLogAppender.java:147)
	at org.apache.ratis.server.leader.LogAppenderDaemon.run(LogAppenderDaemon.java:77)
	at java.lang.Thread.run(Thread.java:748)
2021-12-03 06:12:05,254 [omNode-2@group-523986131536->omNode-3-GrpcLogAppender-LogAppenderDaemon] INFO  server.RaftServer$Division (LeaderStateImpl.java:restart(514)) - omNode-2@group-523986131536-LeaderStateImpl: Restarting GrpcLogAppender for omNode-2@group-523986131536->omNode-3
2021-12-03 06:12:05,255 [omNode-2@group-523986131536->omNode-3-GrpcLogAppender-LogAppenderDaemon] INFO  server.RaftServerConfigKeys (ConfUtils.java:logGet(44)) - raft.server.log.appender.snapshot.chunk.size.max = 16MB (=16777216) (default)
2021-12-03 06:12:05,255 [omNode-2@group-523986131536->omNode-3-GrpcLogAppender-LogAppenderDaemon] INFO  server.RaftServerConfigKeys (ConfUtils.java:logGet(44)) - raft.server.log.appender.buffer.byte-limit = 33554432 (custom)
2021-12-03 06:12:05,255 [omNode-2@group-523986131536->omNode-3-GrpcLogAppender-LogAppenderDaemon] INFO  server.RaftServerConfigKeys (ConfUtils.java:logGet(44)) - raft.server.log.appender.buffer.element-limit = 1024 (custom)
2021-12-03 06:12:05,255 [omNode-2@group-523986131536->omNode-3-GrpcLogAppender-LogAppenderDaemon] INFO  grpc.GrpcConfigKeys (ConfUtils.java:logGet(44)) - raft.grpc.server.leader.outstanding.appends.max = 128 (default)
2021-12-03 06:12:05,255 [omNode-2@group-523986131536->omNode-3-GrpcLogAppender-LogAppenderDaemon] INFO  server.RaftServerConfigKeys (ConfUtils.java:logGet(44)) - raft.server.rpc.request.timeout = 3000ms (default)
2021-12-03 06:12:05,255 [omNode-2@group-523986131536->omNode-3-GrpcLogAppender-LogAppenderDaemon] INFO  server.RaftServerConfigKeys (ConfUtils.java:logGet(44)) - raft.server.log.appender.install.snapshot.enabled = false (custom)
2021-12-03 06:12:05,256 [omNode-2@group-523986131536->omNode-3-GrpcLogAppender-LogAppenderDaemon] INFO  server.GrpcLogAppender (GrpcLogAppender.java:installSnapshot(550)) - omNode-2@group-523986131536->omNode-3-GrpcLogAppender: followerNextIndex = 0 but logStartIndex = 219, notify follower to install snapshot-(t:8, i:219)
2021-12-03 06:12:05,256 [omNode-2@group-523986131536->omNode-3-GrpcLogAppender-LogAppenderDaemon] INFO  server.GrpcLogAppender (GrpcLogAppender.java:installSnapshot(558)) - omNode-2@group-523986131536->omNode-3-GrpcLogAppender: send omNode-2->omNode-3#0-t10,notify:(t:8, i:219)
2021-12-03 06:12:05,257 [grpc-default-executor-2] INFO  server.RaftServer$Division (RaftServerImpl.java:installSnapshot(1332)) - omNode-3@group-523986131536: receive installSnapshot: omNode-2->omNode-3#0-t10,notify:(t:8, i:219)
2021-12-03 06:12:05,257 [grpc-default-executor-2] INFO  server.RaftServer$Division (RaftServerImpl.java:notifyStateMachineToInstallSnapshot(1551)) - omNode-3@group-523986131536: Received notification to install snapshot at index 219
2021-12-03 06:12:05,257 [grpc-default-executor-2] INFO  server.RaftServer$Division (RaftServerImpl.java:notifyStateMachineToInstallSnapshot(1559)) - omNode-3@group-523986131536: InstallSnapshot notification result: ALREADY_INSTALLED, current snapshot index: 218
2021-12-03 06:12:05,257 [grpc-default-executor-2] INFO  server.RaftServer$Division (RaftServerImpl.java:installSnapshotImpl(1462)) - omNode-3@group-523986131536: set new configuration index: 233
configurationEntry {
  peers {
    id: "omNode-3"
    address: "localhost:10280"
  }
  peers {
    id: "omNode-1"
    address: "localhost:10268"
  }
  peers {
    id: "omNode-2"
    address: "localhost:10274"
  }
}
 from snapshot
2021-12-03 06:12:05,257 [grpc-default-executor-2] INFO  server.RaftServer$Division (ServerState.java:setRaftConf(387)) - omNode-3@group-523986131536: set configuration 233: [omNode-3|rpc:localhost:10280|admin:|client:|dataStream:|priority:0, omNode-1|rpc:localhost:10268|admin:|client:|dataStream:|priority:0, omNode-2|rpc:localhost:10274|admin:|client:|dataStream:|priority:0], old=null
2021-12-03 06:12:05,258 [grpc-default-executor-2] INFO  ratis.OzoneManagerStateMachine (OzoneManagerStateMachine.java:notifyConfigurationChanged(188)) - Received Configuration change notification from Ratis. New Peer list:
[id: "omNode-3"
address: "localhost:10280"
, id: "omNode-1"
address: "localhost:10268"
, id: "omNode-2"
address: "localhost:10274"
]
2021-12-03 06:12:05,258 [grpc-default-executor-2] INFO  server.RaftServer$Division (RaftServerImpl.java:installSnapshot(1343)) - omNode-3@group-523986131536: reply installSnapshot: omNode-2<-omNode-3#0:FAIL-t10,ALREADY_INSTALLED,snapshotIndex=218
2021-12-03 06:12:05,259 [grpc-default-executor-2] INFO  server.GrpcServerProtocolService (GrpcServerProtocolService.java:onCompleted(140)) - omNode-3: Completed INSTALL_SNAPSHOT, lastRequest: omNode-2->omNode-3#0-t10,notify:(t:8, i:219)
2021-12-03 06:12:05,259 [grpc-default-executor-3] INFO  server.GrpcLogAppender (GrpcLogAppender.java:onNext(410)) - omNode-2@group-523986131536->omNode-3-InstallSnapshotResponseHandler: received the first reply omNode-2<-omNode-3#0:FAIL-t10,ALREADY_INSTALLED,snapshotIndex=218
2021-12-03 06:12:05,259 [grpc-default-executor-3] INFO  server.GrpcLogAppender (GrpcLogAppender.java:onNext(433)) - omNode-2@group-523986131536->omNode-3-InstallSnapshotResponseHandler: Follower snapshot is already at index 218.
2021-12-03 06:12:05,259 [grpc-default-executor-3] INFO  leader.FollowerInfo (FollowerInfoImpl.java:lambda$new$0(47)) - omNode-2@group-523986131536->omNode-3: snapshotIndex: setUnconditionally 0 -> 218
2021-12-03 06:12:05,259 [grpc-default-executor-3] INFO  leader.FollowerInfo (FollowerInfoImpl.java:lambda$new$0(47)) - omNode-2@group-523986131536->omNode-3: matchIndex: setUnconditionally 0 -> 218
2021-12-03 06:12:05,259 [grpc-default-executor-3] INFO  leader.FollowerInfo (FollowerInfoImpl.java:lambda$new$0(47)) - omNode-2@group-523986131536->omNode-3: nextIndex: setUnconditionally 0 -> 219
2021-12-03 06:12:05,259 [grpc-default-executor-3] INFO  leader.FollowerInfo (FollowerInfoImpl.java:setAttemptedToInstallSnapshot(116)) - Follower omNode-2@group-523986131536->omNode-3 acknowledged installing snapshot
2021-12-03 06:12:05,259 [grpc-default-executor-3] INFO  leader.FollowerInfo (FollowerInfoImpl.java:lambda$new$0(47)) - omNode-2@group-523986131536->omNode-3: nextIndex: updateToMax old=219, new=219, updated? false
2021-12-03 06:12:05,745 [grpc-default-executor-3] WARN  server.GrpcLogAppender (LogUtils.java:warn(122)) - omNode-2@group-523986131536->omNode-1-AppendLogResponseHandler: Failed appendEntries: org.apache.ratis.thirdparty.io.grpc.StatusRuntimeException: UNAVAILABLE: io exception
2021-12-03 06:12:05,746 [grpc-default-executor-3] WARN  server.GrpcLogAppender (GrpcLogAppender.java:resetClient(110)) - omNode-2@group-523986131536->omNode-1-GrpcLogAppender: Leader has not got in touch with Follower omNode-2@group-523986131536->omNode-1(c-1,m0,n234, attendVote=true, lastRpcSendTime=0, lastRpcResponseTime=1713) yet, just keep nextIndex unchanged and retry.
2021-12-03 06:12:05,766 [grpc-default-executor-3] INFO  server.RaftServer$Division (RaftServerImpl.java:checkInconsistentAppendEntries(1322)) - omNode-3@group-523986131536: Failed appendEntries as previous log entry ((t:10, i:233)) is not found
2021-12-03 06:12:05,767 [grpc-default-executor-3] INFO  server.RaftServer$Division (RaftServerImpl.java:checkInconsistentAppendEntries(1288)) - omNode-3@group-523986131536: inconsistency entries. Reply:omNode-2<-omNode-3#51:FAIL-t10,INCONSISTENCY,nextIndex=219,followerCommit=218
2021-12-03 06:12:05,772 [grpc-default-executor-3] INFO  leader.FollowerInfo (FollowerInfoImpl.java:lambda$new$0(47)) - omNode-2@group-523986131536->omNode-3: nextIndex: updateUnconditionally 234 -> 219
2021-12-03 06:12:06,245 [grpc-default-executor-3] WARN  server.GrpcLogAppender (LogUtils.java:warn(122)) - omNode-2@group-523986131536->omNode-1-AppendLogResponseHandler: Failed appendEntries: org.apache.ratis.thirdparty.io.grpc.StatusRuntimeException: UNAVAILABLE: io exception
2021-12-03 06:12:06,246 [grpc-default-executor-3] WARN  server.GrpcLogAppender (GrpcLogAppender.java:resetClient(110)) - omNode-2@group-523986131536->omNode-1-GrpcLogAppender: Leader has not got in touch with Follower omNode-2@group-523986131536->omNode-1(c-1,m0,n234, attendVote=true, lastRpcSendTime=0, lastRpcResponseTime=2213) yet, just keep nextIndex unchanged and retry.
2021-12-03 06:12:06,273 [grpc-default-executor-3] INFO  server.RaftServer$Division (RaftServerImpl.java:checkInconsistentAppendEntries(1322)) - omNode-3@group-523986131536: Failed appendEntries as previous log entry ((t:10, i:233)) is not found
2021-12-03 06:12:06,274 [grpc-default-executor-3] INFO  server.RaftServer$Division (RaftServerImpl.java:checkInconsistentAppendEntries(1288)) - omNode-3@group-523986131536: inconsistency entries. Reply:omNode-2<-omNode-3#101:FAIL-t10,INCONSISTENCY,nextIndex=219,followerCommit=218
2021-12-03 06:12:06,274 [grpc-default-executor-3] INFO  leader.FollowerInfo (FollowerInfoImpl.java:lambda$new$0(47)) - omNode-2@group-523986131536->omNode-3: nextIndex: updateUnconditionally 234 -> 219
2021-12-03 06:12:06,305 [Time-limited test] WARN  grpc.GrpcUtil (GrpcUtil.java:shutdownManagedChannel(216)) - Timed out gracefully shutting down connection: ManagedChannelOrphanWrapper{delegate=ManagedChannelImpl{logId=386, target=localhost:10280}}. 
2021-12-03 06:12:06,307 [grpc-default-executor-5] WARN  server.GrpcServerProtocolService (LogUtils.java:warn(122)) - omNode-3: installSnapshot onError, lastRequest: omNode-1->omNode-3#1-t9,previous=(t:8, i:220),leaderCommit=220,initializing? true,entries: size=1, first=(t:9, i:221), CONFIGURATIONENTRY: org.apache.ratis.thirdparty.io.grpc.StatusRuntimeException: CANCELLED: client cancelled
2021-12-03 06:12:06,307 [grpc-default-executor-3] INFO  server.GrpcLogAppender (GrpcLogAppender.java:onError(335)) - omNode-1@group-523986131536->omNode-3-GrpcLogAppender is stopped
2021-12-03 06:12:06,310 [Time-limited test] INFO  server.GrpcService (GrpcService.java:closeImpl(271)) - omNode-1: shutdown server with port 10268 successfully
2021-12-03 06:12:06,310 [org.apache.ratis.util.JvmPauseMonitor$$Lambda$525/54615406@7ee2d784] INFO  util.JvmPauseMonitor (JvmPauseMonitor.java:run(109)) - JvmPauseMonitor-omNode-1: Stopped
2021-12-03 06:12:06,311 [Time-limited test] INFO  ratis.OzoneManagerDoubleBuffer (OzoneManagerDoubleBuffer.java:stop(437)) - Stopping OMDoubleBuffer flush thread
2021-12-03 06:12:06,311 [OMDoubleBufferFlushThread] INFO  ratis.OzoneManagerDoubleBuffer (OzoneManagerDoubleBuffer.java:flushTransactions(356)) - OMDoubleBuffer flush thread OMDoubleBufferFlushThread is interrupted and will exit. OMDoubleBufferFlushThread
2021-12-03 06:12:06,312 [Time-limited test] INFO  handler.ContextHandler (ContextHandler.java:doStop(1153)) - Stopped o.e.j.w.WebAppContext@625b0188{ozoneManager,/,null,STOPPED}{file:/home/runner/work/ozone/ozone/hadoop-ozone/integration-test/target/test-classes/webapps/ozoneManager}
2021-12-03 06:12:06,312 [Time-limited test] INFO  server.AbstractConnector (AbstractConnector.java:doStop(381)) - Stopped ServerConnector@17e3ed83{HTTP/1.1, (http/1.1)}{0.0.0.0:10266}
2021-12-03 06:12:06,312 [Time-limited test] INFO  server.session (HouseKeeper.java:stopScavenging(149)) - node0 Stopped scavenging
2021-12-03 06:12:06,312 [Time-limited test] INFO  handler.ContextHandler (ContextHandler.java:doStop(1153)) - Stopped o.e.j.s.ServletContextHandler@1e00505f{static,/static,file:///home/runner/work/ozone/ozone/hadoop-ozone/integration-test/target/test-classes/webapps/static,STOPPED}
2021-12-03 06:12:06,313 [Time-limited test] INFO  handler.ContextHandler (ContextHandler.java:doStop(1153)) - Stopped o.e.j.s.ServletContextHandler@43c7f9f7{logs,/logs,file:///home/runner/work/ozone/ozone/hadoop-ozone/integration-test/target/log,STOPPED}
2021-12-03 06:12:06,745 [grpc-default-executor-3] WARN  server.GrpcLogAppender (LogUtils.java:warn(122)) - omNode-2@group-523986131536->omNode-1-AppendLogResponseHandler: Failed appendEntries: org.apache.ratis.thirdparty.io.grpc.StatusRuntimeException: UNAVAILABLE: io exception
2021-12-03 06:12:06,747 [grpc-default-executor-3] WARN  server.GrpcLogAppender (GrpcLogAppender.java:resetClient(110)) - omNode-2@group-523986131536->omNode-1-GrpcLogAppender: Leader has not got in touch with Follower omNode-2@group-523986131536->omNode-1(c-1,m0,n234, attendVote=true, lastRpcSendTime=1, lastRpcResponseTime=2714) yet, just keep nextIndex unchanged and retry.
2021-12-03 06:12:06,775 [grpc-default-executor-3] INFO  server.RaftServer$Division (RaftServerImpl.java:checkInconsistentAppendEntries(1322)) - omNode-3@group-523986131536: Failed appendEntries as previous log entry ((t:10, i:233)) is not found
2021-12-03 06:12:06,775 [grpc-default-executor-3] INFO  server.RaftServer$Division (RaftServerImpl.java:checkInconsistentAppendEntries(1288)) - omNode-3@group-523986131536: inconsistency entries. Reply:omNode-2<-omNode-3#152:FAIL-t10,INCONSISTENCY,nextIndex=219,followerCommit=218
2021-12-03 06:12:06,776 [grpc-default-executor-3] INFO  leader.FollowerInfo (FollowerInfoImpl.java:lambda$new$0(47)) - omNode-2@group-523986131536->omNode-3: nextIndex: updateUnconditionally 234 -> 219
2021-12-03 06:12:07,246 [grpc-default-executor-3] WARN  server.GrpcLogAppender (LogUtils.java:warn(122)) - omNode-2@group-523986131536->omNode-1-AppendLogResponseHandler: Failed appendEntries: org.apache.ratis.thirdparty.io.grpc.StatusRuntimeException: UNAVAILABLE: io exception
2021-12-03 06:12:07,247 [grpc-default-executor-3] WARN  server.GrpcLogAppender (GrpcLogAppender.java:resetClient(110)) - omNode-2@group-523986131536->omNode-1-GrpcLogAppender: Leader has not got in touch with Follower omNode-2@group-523986131536->omNode-1(c-1,m0,n234, attendVote=true, lastRpcSendTime=0, lastRpcResponseTime=3214) yet, just keep nextIndex unchanged and retry.
2021-12-03 06:12:07,277 [grpc-default-executor-3] INFO  server.RaftServer$Division (RaftServerImpl.java:checkInconsistentAppendEntries(1322)) - omNode-3@group-523986131536: Failed appendEntries as previous log entry ((t:10, i:233)) is not found
2021-12-03 06:12:07,278 [grpc-default-executor-3] INFO  server.RaftServer$Division (RaftServerImpl.java:checkInconsistentAppendEntries(1288)) - omNode-3@group-523986131536: inconsistency entries. Reply:omNode-2<-omNode-3#202:FAIL-t10,INCONSISTENCY,nextIndex=219,followerCommit=218
2021-12-03 06:12:07,278 [grpc-default-executor-3] INFO  leader.FollowerInfo (FollowerInfoImpl.java:lambda$new$0(47)) - omNode-2@group-523986131536->omNode-3: nextIndex: updateUnconditionally 234 -> 219
2021-12-03 06:12:07,746 [grpc-default-executor-3] WARN  server.GrpcLogAppender (LogUtils.java:warn(122)) - omNode-2@group-523986131536->omNode-1-AppendLogResponseHandler: Failed appendEntries: org.apache.ratis.thirdparty.io.grpc.StatusRuntimeException: UNAVAILABLE: io exception
2021-12-03 06:12:07,747 [grpc-default-executor-3] WARN  server.GrpcLogAppender (GrpcLogAppender.java:resetClient(110)) - omNode-2@group-523986131536->omNode-1-GrpcLogAppender: Leader has not got in touch with Follower omNode-2@group-523986131536->omNode-1(c-1,m0,n234, attendVote=true, lastRpcSendTime=0, lastRpcResponseTime=3714) yet, just keep nextIndex unchanged and retry.
2021-12-03 06:12:07,779 [grpc-default-executor-3] INFO  server.RaftServer$Division (RaftServerImpl.java:checkInconsistentAppendEntries(1322)) - omNode-3@group-523986131536: Failed appendEntries as previous log entry ((t:10, i:233)) is not found
2021-12-03 06:12:07,779 [grpc-default-executor-3] INFO  server.RaftServer$Division (RaftServerImpl.java:checkInconsistentAppendEntries(1288)) - omNode-3@group-523986131536: inconsistency entries. Reply:omNode-2<-omNode-3#251:FAIL-t10,INCONSISTENCY,nextIndex=219,followerCommit=218
2021-12-03 06:12:07,780 [grpc-default-executor-3] INFO  leader.FollowerInfo (FollowerInfoImpl.java:lambda$new$0(47)) - omNode-2@group-523986131536->omNode-3: nextIndex: updateUnconditionally 234 -> 219
2021-12-03 06:12:08,246 [grpc-default-executor-3] WARN  server.GrpcLogAppender (LogUtils.java:warn(122)) - omNode-2@group-523986131536->omNode-1-AppendLogResponseHandler: Failed appendEntries: org.apache.ratis.thirdparty.io.grpc.StatusRuntimeException: UNAVAILABLE: io exception
2021-12-03 06:12:08,247 [grpc-default-executor-3] WARN  server.GrpcLogAppender (GrpcLogAppender.java:resetClient(110)) - omNode-2@group-523986131536->omNode-1-GrpcLogAppender: Leader has not got in touch with Follower omNode-2@group-523986131536->omNode-1(c-1,m0,n234, attendVote=true, lastRpcSendTime=0, lastRpcResponseTime=4214) yet, just keep nextIndex unchanged and retry.
2021-12-03 06:12:08,282 [grpc-default-executor-3] INFO  server.RaftServer$Division (RaftServerImpl.java:checkInconsistentAppendEntries(1322)) - omNode-3@group-523986131536: Failed appendEntries as previous log entry ((t:10, i:233)) is not found
2021-12-03 06:12:08,282 [grpc-default-executor-3] INFO  server.RaftServer$Division (RaftServerImpl.java:checkInconsistentAppendEntries(1288)) - omNode-3@group-523986131536: inconsistency entries. Reply:omNode-2<-omNode-3#302:FAIL-t10,INCONSISTENCY,nextIndex=219,followerCommit=218
2021-12-03 06:12:08,283 [grpc-default-executor-3] INFO  leader.FollowerInfo (FollowerInfoImpl.java:lambda$new$0(47)) - omNode-2@group-523986131536->omNode-3: nextIndex: updateUnconditionally 234 -> 219
2021-12-03 06:12:08,746 [grpc-default-executor-3] WARN  server.GrpcLogAppender (LogUtils.java:warn(122)) - omNode-2@group-523986131536->omNode-1-AppendLogResponseHandler: Failed appendEntries: org.apache.ratis.thirdparty.io.grpc.StatusRuntimeException: UNAVAILABLE: io exception
2021-12-03 06:12:08,747 [grpc-default-executor-3] WARN  server.GrpcLogAppender (GrpcLogAppender.java:resetClient(110)) - omNode-2@group-523986131536->omNode-1-GrpcLogAppender: Leader has not got in touch with Follower omNode-2@group-523986131536->omNode-1(c-1,m0,n234, attendVote=true, lastRpcSendTime=0, lastRpcResponseTime=4715) yet, just keep nextIndex unchanged and retry.
2021-12-03 06:12:08,785 [grpc-default-executor-3] INFO  server.RaftServer$Division (RaftServerImpl.java:checkInconsistentAppendEntries(1322)) - omNode-3@group-523986131536: Failed appendEntries as previous log entry ((t:10, i:233)) is not found
2021-12-03 06:12:08,785 [grpc-default-executor-3] INFO  server.RaftServer$Division (RaftServerImpl.java:checkInconsistentAppendEntries(1288)) - omNode-3@group-523986131536: inconsistency entries. Reply:omNode-2<-omNode-3#353:FAIL-t10,INCONSISTENCY,nextIndex=219,followerCommit=218
2021-12-03 06:12:08,787 [grpc-default-executor-3] INFO  leader.FollowerInfo (FollowerInfoImpl.java:lambda$new$0(47)) - omNode-2@group-523986131536->omNode-3: nextIndex: updateUnconditionally 234 -> 219
2021-12-03 06:12:09,247 [grpc-default-executor-3] WARN  server.GrpcLogAppender (LogUtils.java:warn(122)) - omNode-2@group-523986131536->omNode-1-AppendLogResponseHandler: Failed appendEntries: org.apache.ratis.thirdparty.io.grpc.StatusRuntimeException: UNAVAILABLE: io exception
2021-12-03 06:12:09,248 [grpc-default-executor-3] WARN  server.GrpcLogAppender (GrpcLogAppender.java:resetClient(110)) - omNode-2@group-523986131536->omNode-1-GrpcLogAppender: Leader has not got in touch with Follower omNode-2@group-523986131536->omNode-1(c-1,m0,n234, attendVote=true, lastRpcSendTime=0, lastRpcResponseTime=5215) yet, just keep nextIndex unchanged and retry.
2021-12-03 06:12:09,293 [grpc-default-executor-3] INFO  server.RaftServer$Division (RaftServerImpl.java:checkInconsistentAppendEntries(1322)) - omNode-3@group-523986131536: Failed appendEntries as previous log entry ((t:10, i:233)) is not found
2021-12-03 06:12:09,294 [grpc-default-executor-3] INFO  server.RaftServer$Division (RaftServerImpl.java:checkInconsistentAppendEntries(1288)) - omNode-3@group-523986131536: inconsistency entries. Reply:omNode-2<-omNode-3#403:FAIL-t10,INCONSISTENCY,nextIndex=219,followerCommit=218
2021-12-03 06:12:09,294 [grpc-default-executor-3] INFO  leader.FollowerInfo (FollowerInfoImpl.java:lambda$new$0(47)) - omNode-2@group-523986131536->omNode-3: nextIndex: updateUnconditionally 234 -> 219
2021-12-03 06:12:09,747 [grpc-default-executor-3] WARN  server.GrpcLogAppender (LogUtils.java:warn(122)) - omNode-2@group-523986131536->omNode-1-AppendLogResponseHandler: Failed appendEntries: org.apache.ratis.thirdparty.io.grpc.StatusRuntimeException: UNAVAILABLE: io exception
2021-12-03 06:12:09,748 [grpc-default-executor-3] WARN  server.GrpcLogAppender (GrpcLogAppender.java:resetClient(110)) - omNode-2@group-523986131536->omNode-1-GrpcLogAppender: Leader has not got in touch with Follower omNode-2@group-523986131536->omNode-1(c-1,m0,n234, attendVote=true, lastRpcSendTime=0, lastRpcResponseTime=5715) yet, just keep nextIndex unchanged and retry.
2021-12-03 06:12:09,796 [grpc-default-executor-3] INFO  server.RaftServer$Division (RaftServerImpl.java:checkInconsistentAppendEntries(1322)) - omNode-3@group-523986131536: Failed appendEntries as previous log entry ((t:10, i:233)) is not found
2021-12-03 06:12:09,796 [grpc-default-executor-3] INFO  server.RaftServer$Division (RaftServerImpl.java:checkInconsistentAppendEntries(1288)) - omNode-3@group-523986131536: inconsistency entries. Reply:omNode-2<-omNode-3#453:FAIL-t10,INCONSISTENCY,nextIndex=219,followerCommit=218
2021-12-03 06:12:09,797 [grpc-default-executor-3] INFO  leader.FollowerInfo (FollowerInfoImpl.java:lambda$new$0(47)) - omNode-2@group-523986131536->omNode-3: nextIndex: updateUnconditionally 234 -> 219
2021-12-03 06:12:10,247 [grpc-default-executor-3] WARN  server.GrpcLogAppender (LogUtils.java:warn(122)) - omNode-2@group-523986131536->omNode-1-AppendLogResponseHandler: Failed appendEntries: org.apache.ratis.thirdparty.io.grpc.StatusRuntimeException: UNAVAILABLE: io exception
2021-12-03 06:12:10,248 [grpc-default-executor-3] WARN  server.GrpcLogAppender (GrpcLogAppender.java:resetClient(110)) - omNode-2@group-523986131536->omNode-1-GrpcLogAppender: Leader has not got in touch with Follower omNode-2@group-523986131536->omNode-1(c-1,m0,n234, attendVote=true, lastRpcSendTime=0, lastRpcResponseTime=6215) yet, just keep nextIndex unchanged and retry.
2021-12-03 06:12:10,303 [grpc-default-executor-3] INFO  server.RaftServer$Division (RaftServerImpl.java:checkInconsistentAppendEntries(1322)) - omNode-3@group-523986131536: Failed appendEntries as previous log entry ((t:10, i:233)) is not found
2021-12-03 06:12:10,303 [grpc-default-executor-3] INFO  server.RaftServer$Division (RaftServerImpl.java:checkInconsistentAppendEntries(1288)) - omNode-3@group-523986131536: inconsistency entries. Reply:omNode-2<-omNode-3#504:FAIL-t10,INCONSISTENCY,nextIndex=219,followerCommit=218
2021-12-03 06:12:10,303 [grpc-default-executor-3] INFO  leader.FollowerInfo (FollowerInfoImpl.java:lambda$new$0(47)) - omNode-2@group-523986131536->omNode-3: nextIndex: updateUnconditionally 234 -> 219
2021-12-03 06:12:10,747 [grpc-default-executor-3] WARN  server.GrpcLogAppender (LogUtils.java:warn(122)) - omNode-2@group-523986131536->omNode-1-AppendLogResponseHandler: Failed appendEntries: org.apache.ratis.thirdparty.io.grpc.StatusRuntimeException: UNAVAILABLE: io exception
2021-12-03 06:12:10,748 [grpc-default-executor-3] WARN  server.GrpcLogAppender (GrpcLogAppender.java:resetClient(110)) - omNode-2@group-523986131536->omNode-1-GrpcLogAppender: Leader has not got in touch with Follower omNode-2@group-523986131536->omNode-1(c-1,m0,n234, attendVote=true, lastRpcSendTime=0, lastRpcResponseTime=6715) yet, just keep nextIndex unchanged and retry.
2021-12-03 06:12:10,806 [grpc-default-executor-3] INFO  server.RaftServer$Division (RaftServerImpl.java:checkInconsistentAppendEntries(1322)) - omNode-3@group-523986131536: Failed appendEntries as previous log entry ((t:10, i:233)) is not found
2021-12-03 06:12:10,806 [grpc-default-executor-3] INFO  server.RaftServer$Division (RaftServerImpl.java:checkInconsistentAppendEntries(1288)) - omNode-3@group-523986131536: inconsistency entries. Reply:omNode-2<-omNode-3#554:FAIL-t10,INCONSISTENCY,nextIndex=219,followerCommit=218
2021-12-03 06:12:10,807 [grpc-default-executor-3] INFO  leader.FollowerInfo (FollowerInfoImpl.java:lambda$new$0(47)) - omNode-2@group-523986131536->omNode-3: nextIndex: updateUnconditionally 234 -> 219
2021-12-03 06:12:11,248 [grpc-default-executor-3] WARN  server.GrpcLogAppender (LogUtils.java:warn(122)) - omNode-2@group-523986131536->omNode-1-AppendLogResponseHandler: Failed appendEntries: org.apache.ratis.thirdparty.io.grpc.StatusRuntimeException: UNAVAILABLE: io exception
2021-12-03 06:12:11,248 [grpc-default-executor-3] WARN  server.GrpcLogAppender (GrpcLogAppender.java:resetClient(110)) - omNode-2@group-523986131536->omNode-1-GrpcLogAppender: Leader has not got in touch with Follower omNode-2@group-523986131536->omNode-1(c-1,m0,n234, attendVote=true, lastRpcSendTime=0, lastRpcResponseTime=7216) yet, just keep nextIndex unchanged and retry.
2021-12-03 06:12:11,308 [grpc-default-executor-3] INFO  server.RaftServer$Division (RaftServerImpl.java:checkInconsistentAppendEntries(1322)) - omNode-3@group-523986131536: Failed appendEntries as previous log entry ((t:10, i:233)) is not found
2021-12-03 06:12:11,308 [grpc-default-executor-3] INFO  server.RaftServer$Division (RaftServerImpl.java:checkInconsistentAppendEntries(1288)) - omNode-3@group-523986131536: inconsistency entries. Reply:omNode-2<-omNode-3#604:FAIL-t10,INCONSISTENCY,nextIndex=219,followerCommit=218
2021-12-03 06:12:11,309 [grpc-default-executor-3] INFO  leader.FollowerInfo (FollowerInfoImpl.java:lambda$new$0(47)) - omNode-2@group-523986131536->omNode-3: nextIndex: updateUnconditionally 234 -> 219
2021-12-03 06:12:11,748 [grpc-default-executor-3] WARN  server.GrpcLogAppender (LogUtils.java:warn(122)) - omNode-2@group-523986131536->omNode-1-AppendLogResponseHandler: Failed appendEntries: org.apache.ratis.thirdparty.io.grpc.StatusRuntimeException: UNAVAILABLE: io exception
2021-12-03 06:12:11,749 [grpc-default-executor-3] WARN  server.GrpcLogAppender (GrpcLogAppender.java:resetClient(110)) - omNode-2@group-523986131536->omNode-1-GrpcLogAppender: Leader has not got in touch with Follower omNode-2@group-523986131536->omNode-1(c-1,m0,n234, attendVote=true, lastRpcSendTime=0, lastRpcResponseTime=7716) yet, just keep nextIndex unchanged and retry.
2021-12-03 06:12:11,811 [grpc-default-executor-3] INFO  server.RaftServer$Division (RaftServerImpl.java:checkInconsistentAppendEntries(1322)) - omNode-3@group-523986131536: Failed appendEntries as previous log entry ((t:10, i:233)) is not found
2021-12-03 06:12:11,811 [grpc-default-executor-3] INFO  server.RaftServer$Division (RaftServerImpl.java:checkInconsistentAppendEntries(1288)) - omNode-3@group-523986131536: inconsistency entries. Reply:omNode-2<-omNode-3#655:FAIL-t10,INCONSISTENCY,nextIndex=219,followerCommit=218
2021-12-03 06:12:11,811 [grpc-default-executor-3] INFO  leader.FollowerInfo (FollowerInfoImpl.java:lambda$new$0(47)) - omNode-2@group-523986131536->omNode-3: nextIndex: updateUnconditionally 234 -> 219
2021-12-03 06:12:12,248 [grpc-default-executor-3] WARN  server.GrpcLogAppender (LogUtils.java:warn(122)) - omNode-2@group-523986131536->omNode-1-AppendLogResponseHandler: Failed appendEntries: org.apache.ratis.thirdparty.io.grpc.StatusRuntimeException: UNAVAILABLE: io exception
2021-12-03 06:12:12,249 [grpc-default-executor-3] WARN  server.GrpcLogAppender (GrpcLogAppender.java:resetClient(110)) - omNode-2@group-523986131536->omNode-1-GrpcLogAppender: Leader has not got in touch with Follower omNode-2@group-523986131536->omNode-1(c-1,m0,n234, attendVote=true, lastRpcSendTime=0, lastRpcResponseTime=8216) yet, just keep nextIndex unchanged and retry.
2021-12-03 06:12:12,313 [grpc-default-executor-3] INFO  server.RaftServer$Division (RaftServerImpl.java:checkInconsistentAppendEntries(1322)) - omNode-3@group-523986131536: Failed appendEntries as previous log entry ((t:10, i:233)) is not found
2021-12-03 06:12:12,314 [grpc-default-executor-3] INFO  server.RaftServer$Division (RaftServerImpl.java:checkInconsistentAppendEntries(1288)) - omNode-3@group-523986131536: inconsistency entries. Reply:omNode-2<-omNode-3#706:FAIL-t10,INCONSISTENCY,nextIndex=219,followerCommit=218
2021-12-03 06:12:12,314 [grpc-default-executor-3] INFO  leader.FollowerInfo (FollowerInfoImpl.java:lambda$new$0(47)) - omNode-2@group-523986131536->omNode-3: nextIndex: updateUnconditionally 234 -> 219
2021-12-03 06:12:12,748 [grpc-default-executor-3] WARN  server.GrpcLogAppender (LogUtils.java:warn(122)) - omNode-2@group-523986131536->omNode-1-AppendLogResponseHandler: Failed appendEntries: org.apache.ratis.thirdparty.io.grpc.StatusRuntimeException: UNAVAILABLE: io exception
2021-12-03 06:12:12,749 [grpc-default-executor-3] WARN  server.GrpcLogAppender (GrpcLogAppender.java:resetClient(110)) - omNode-2@group-523986131536->omNode-1-GrpcLogAppender: Leader has not got in touch with Follower omNode-2@group-523986131536->omNode-1(c-1,m0,n234, attendVote=true, lastRpcSendTime=0, lastRpcResponseTime=8717) yet, just keep nextIndex unchanged and retry.
2021-12-03 06:12:12,817 [grpc-default-executor-3] INFO  server.RaftServer$Division (RaftServerImpl.java:checkInconsistentAppendEntries(1322)) - omNode-3@group-523986131536: Failed appendEntries as previous log entry ((t:10, i:233)) is not found
2021-12-03 06:12:12,817 [grpc-default-executor-3] INFO  server.RaftServer$Division (RaftServerImpl.java:checkInconsistentAppendEntries(1288)) - omNode-3@group-523986131536: inconsistency entries. Reply:omNode-2<-omNode-3#757:FAIL-t10,INCONSISTENCY,nextIndex=219,followerCommit=218
2021-12-03 06:12:12,817 [grpc-default-executor-3] INFO  leader.FollowerInfo (FollowerInfoImpl.java:lambda$new$0(47)) - omNode-2@group-523986131536->omNode-3: nextIndex: updateUnconditionally 234 -> 219
2021-12-03 06:12:13,249 [grpc-default-executor-3] WARN  server.GrpcLogAppender (LogUtils.java:warn(122)) - omNode-2@group-523986131536->omNode-1-AppendLogResponseHandler: Failed appendEntries: org.apache.ratis.thirdparty.io.grpc.StatusRuntimeException: UNAVAILABLE: io exception
2021-12-03 06:12:13,250 [grpc-default-executor-3] WARN  server.GrpcLogAppender (GrpcLogAppender.java:resetClient(110)) - omNode-2@group-523986131536->omNode-1-GrpcLogAppender: Leader has not got in touch with Follower omNode-2@group-523986131536->omNode-1(c-1,m0,n234, attendVote=true, lastRpcSendTime=1, lastRpcResponseTime=9218) yet, just keep nextIndex unchanged and retry.
2021-12-03 06:12:13,319 [grpc-default-executor-3] INFO  server.RaftServer$Division (RaftServerImpl.java:checkInconsistentAppendEntries(1322)) - omNode-3@group-523986131536: Failed appendEntries as previous log entry ((t:10, i:233)) is not found
2021-12-03 06:12:13,319 [grpc-default-executor-3] INFO  server.RaftServer$Division (RaftServerImpl.java:checkInconsistentAppendEntries(1288)) - omNode-3@group-523986131536: inconsistency entries. Reply:omNode-2<-omNode-3#807:FAIL-t10,INCONSISTENCY,nextIndex=219,followerCommit=218
2021-12-03 06:12:13,320 [grpc-default-executor-3] INFO  leader.FollowerInfo (FollowerInfoImpl.java:lambda$new$0(47)) - omNode-2@group-523986131536->omNode-3: nextIndex: updateUnconditionally 234 -> 219
2021-12-03 06:12:13,750 [grpc-default-executor-3] WARN  server.GrpcLogAppender (LogUtils.java:warn(122)) - omNode-2@group-523986131536->omNode-1-AppendLogResponseHandler: Failed appendEntries: org.apache.ratis.thirdparty.io.grpc.StatusRuntimeException: UNAVAILABLE: io exception
2021-12-03 06:12:13,751 [grpc-default-executor-3] WARN  server.GrpcLogAppender (GrpcLogAppender.java:resetClient(110)) - omNode-2@group-523986131536->omNode-1-GrpcLogAppender: Leader has not got in touch with Follower omNode-2@group-523986131536->omNode-1(c-1,m0,n234, attendVote=true, lastRpcSendTime=1, lastRpcResponseTime=9718) yet, just keep nextIndex unchanged and retry.
2021-12-03 06:12:13,822 [grpc-default-executor-3] INFO  server.RaftServer$Division (RaftServerImpl.java:checkInconsistentAppendEntries(1322)) - omNode-3@group-523986131536: Failed appendEntries as previous log entry ((t:10, i:233)) is not found
2021-12-03 06:12:13,822 [grpc-default-executor-3] INFO  server.RaftServer$Division (RaftServerImpl.java:checkInconsistentAppendEntries(1288)) - omNode-3@group-523986131536: inconsistency entries. Reply:omNode-2<-omNode-3#858:FAIL-t10,INCONSISTENCY,nextIndex=219,followerCommit=218
2021-12-03 06:12:13,823 [grpc-default-executor-3] INFO  leader.FollowerInfo (FollowerInfoImpl.java:lambda$new$0(47)) - omNode-2@group-523986131536->omNode-3: nextIndex: updateUnconditionally 234 -> 219
2021-12-03 06:12:14,250 [grpc-default-executor-3] WARN  server.GrpcLogAppender (LogUtils.java:warn(122)) - omNode-2@group-523986131536->omNode-1-AppendLogResponseHandler: Failed appendEntries: org.apache.ratis.thirdparty.io.grpc.StatusRuntimeException: UNAVAILABLE: io exception
2021-12-03 06:12:14,251 [grpc-default-executor-3] WARN  server.GrpcLogAppender (GrpcLogAppender.java:resetClient(110)) - omNode-2@group-523986131536->omNode-1-GrpcLogAppender: Leader has not got in touch with Follower omNode-2@group-523986131536->omNode-1(c-1,m0,n234, attendVote=true, lastRpcSendTime=0, lastRpcResponseTime=10218) yet, just keep nextIndex unchanged and retry.
2021-12-03 06:12:14,326 [grpc-default-executor-3] INFO  server.RaftServer$Division (RaftServerImpl.java:checkInconsistentAppendEntries(1322)) - omNode-3@group-523986131536: Failed appendEntries as previous log entry ((t:10, i:233)) is not found
2021-12-03 06:12:14,326 [grpc-default-executor-3] INFO  server.RaftServer$Division (RaftServerImpl.java:checkInconsistentAppendEntries(1288)) - omNode-3@group-523986131536: inconsistency entries. Reply:omNode-2<-omNode-3#909:FAIL-t10,INCONSISTENCY,nextIndex=219,followerCommit=218
2021-12-03 06:12:14,327 [grpc-default-executor-3] INFO  leader.FollowerInfo (FollowerInfoImpl.java:lambda$new$0(47)) - omNode-2@group-523986131536->omNode-3: nextIndex: updateUnconditionally 234 -> 219
2021-12-03 06:12:14,330 [Time-limited test] INFO  rpc.RpcClient (RpcClient.java:createVolume(389)) - Creating Volume: volume42968, with user76865 as owner and space quota set to -1 bytes, counts quota set to -1
2021-12-03 06:12:14,332 [Time-limited test] INFO  retry.RetryInvocationHandler (RetryInvocationHandler.java:log(411)) - com.google.protobuf.ServiceException: java.net.ConnectException: Call From fv-az12-681/10.1.0.42 to localhost:10264 failed on connection exception: java.net.ConnectException: Connection refused; For more details see:  http://wiki.apache.org/hadoop/ConnectionRefused, while invoking $Proxy51.submitRequest over nodeId=omNode-1,nodeAddress=127.0.0.1:10264. Trying to failover immediately.
2021-12-03 06:12:14,347 [Time-limited test] INFO  retry.RetryInvocationHandler (RetryInvocationHandler.java:log(411)) - com.google.protobuf.ServiceException: org.apache.hadoop.ipc.RemoteException(org.apache.hadoop.ozone.om.exceptions.OMLeaderNotReadyException): omNode-2 is Leader but not ready to process request yet.
	at org.apache.hadoop.ozone.om.ratis.utils.OzoneManagerRatisUtils.createLeaderNotReadyException(OzoneManagerRatisUtils.java:364)
	at org.apache.hadoop.ozone.om.ratis.utils.OzoneManagerRatisUtils.checkLeaderStatus(OzoneManagerRatisUtils.java:337)
	at org.apache.hadoop.ozone.protocolPB.OzoneManagerProtocolServerSideTranslatorPB.checkLeaderStatus(OzoneManagerProtocolServerSideTranslatorPB.java:279)
	at org.apache.hadoop.ozone.protocolPB.OzoneManagerProtocolServerSideTranslatorPB.processRequest(OzoneManagerProtocolServerSideTranslatorPB.java:158)
	at org.apache.hadoop.hdds.server.OzoneProtocolMessageDispatcher.processRequest(OzoneProtocolMessageDispatcher.java:87)
	at org.apache.hadoop.ozone.protocolPB.OzoneManagerProtocolServerSideTranslatorPB.submitRequest(OzoneManagerProtocolServerSideTranslatorPB.java:124)
	at org.apache.hadoop.ozone.protocol.proto.OzoneManagerProtocolProtos$OzoneManagerService$2.callBlockingMethod(OzoneManagerProtocolProtos.java)
	at org.apache.hadoop.ipc.ProtobufRpcEngine$Server.processCall(ProtobufRpcEngine.java:466)
	at org.apache.hadoop.ipc.ProtobufRpcEngine2$Server$ProtoBufRpcInvoker.call(ProtobufRpcEngine2.java:574)
	at org.apache.hadoop.ipc.ProtobufRpcEngine2$Server$ProtoBufRpcInvoker.call(ProtobufRpcEngine2.java:552)
	at org.apache.hadoop.ipc.RPC$Server.call(RPC.java:1093)
	at org.apache.hadoop.ipc.Server$RpcCall.run(Server.java:1035)
	at org.apache.hadoop.ipc.Server$RpcCall.run(Server.java:963)
	at java.security.AccessController.doPrivileged(Native Method)
	at javax.security.auth.Subject.doAs(Subject.java:422)
	at org.apache.hadoop.security.UserGroupInformation.doAs(UserGroupInformation.java:1878)
	at org.apache.hadoop.ipc.Server$Handler.run(Server.java:2966)
, while invoking $Proxy51.submitRequest over nodeId=omNode-2,nodeAddress=127.0.0.1:10270 after 1 failover attempts. Trying to failover after sleeping for 2000ms.
2021-12-03 06:12:14,750 [grpc-default-executor-3] WARN  server.GrpcLogAppender (LogUtils.java:warn(122)) - omNode-2@group-523986131536->omNode-1-AppendLogResponseHandler: Failed appendEntries: org.apache.ratis.thirdparty.io.grpc.StatusRuntimeException: UNAVAILABLE: io exception
2021-12-03 06:12:14,751 [grpc-default-executor-3] WARN  server.GrpcLogAppender (GrpcLogAppender.java:resetClient(110)) - omNode-2@group-523986131536->omNode-1-GrpcLogAppender: Leader has not got in touch with Follower omNode-2@group-523986131536->omNode-1(c-1,m0,n234, attendVote=true, lastRpcSendTime=0, lastRpcResponseTime=10718) yet, just keep nextIndex unchanged and retry.
2021-12-03 06:12:14,828 [grpc-default-executor-3] INFO  server.RaftServer$Division (RaftServerImpl.java:checkInconsistentAppendEntries(1322)) - omNode-3@group-523986131536: Failed appendEntries as previous log entry ((t:10, i:233)) is not found
2021-12-03 06:12:14,828 [grpc-default-executor-3] INFO  server.RaftServer$Division (RaftServerImpl.java:checkInconsistentAppendEntries(1288)) - omNode-3@group-523986131536: inconsistency entries. Reply:omNode-2<-omNode-3#959:FAIL-t10,INCONSISTENCY,nextIndex=219,followerCommit=218
2021-12-03 06:12:14,829 [grpc-default-executor-3] INFO  leader.FollowerInfo (FollowerInfoImpl.java:lambda$new$0(47)) - omNode-2@group-523986131536->omNode-3: nextIndex: updateUnconditionally 234 -> 219
2021-12-03 06:12:15,251 [grpc-default-executor-3] WARN  server.GrpcLogAppender (LogUtils.java:warn(122)) - omNode-2@group-523986131536->omNode-1-AppendLogResponseHandler: Failed appendEntries: org.apache.ratis.thirdparty.io.grpc.StatusRuntimeException: UNAVAILABLE: io exception
2021-12-03 06:12:15,251 [grpc-default-executor-3] WARN  server.GrpcLogAppender (GrpcLogAppender.java:resetClient(110)) - omNode-2@group-523986131536->omNode-1-GrpcLogAppender: Leader has not got in touch with Follower omNode-2@group-523986131536->omNode-1(c-1,m0,n234, attendVote=true, lastRpcSendTime=0, lastRpcResponseTime=11219) yet, just keep nextIndex unchanged and retry.
2021-12-03 06:12:15,330 [grpc-default-executor-3] INFO  server.RaftServer$Division (RaftServerImpl.java:checkInconsistentAppendEntries(1322)) - omNode-3@group-523986131536: Failed appendEntries as previous log entry ((t:10, i:233)) is not found
2021-12-03 06:12:15,332 [grpc-default-executor-3] INFO  server.RaftServer$Division (RaftServerImpl.java:checkInconsistentAppendEntries(1288)) - omNode-3@group-523986131536: inconsistency entries. Reply:omNode-2<-omNode-3#1010:FAIL-t10,INCONSISTENCY,nextIndex=219,followerCommit=218
2021-12-03 06:12:15,332 [grpc-default-executor-3] INFO  leader.FollowerInfo (FollowerInfoImpl.java:lambda$new$0(47)) - omNode-2@group-523986131536->omNode-3: nextIndex: updateUnconditionally 234 -> 219
2021-12-03 06:12:15,751 [grpc-default-executor-3] WARN  server.GrpcLogAppender (LogUtils.java:warn(122)) - omNode-2@group-523986131536->omNode-1-AppendLogResponseHandler: Failed appendEntries: org.apache.ratis.thirdparty.io.grpc.StatusRuntimeException: UNAVAILABLE: io exception
2021-12-03 06:12:15,752 [grpc-default-executor-3] WARN  server.GrpcLogAppender (GrpcLogAppender.java:resetClient(110)) - omNode-2@group-523986131536->omNode-1-GrpcLogAppender: Leader has not got in touch with Follower omNode-2@group-523986131536->omNode-1(c-1,m0,n234, attendVote=true, lastRpcSendTime=0, lastRpcResponseTime=11719) yet, just keep nextIndex unchanged and retry.
2021-12-03 06:12:15,834 [grpc-default-executor-3] INFO  server.RaftServer$Division (RaftServerImpl.java:checkInconsistentAppendEntries(1322)) - omNode-3@group-523986131536: Failed appendEntries as previous log entry ((t:10, i:233)) is not found
2021-12-03 06:12:15,834 [grpc-default-executor-3] INFO  server.RaftServer$Division (RaftServerImpl.java:checkInconsistentAppendEntries(1288)) - omNode-3@group-523986131536: inconsistency entries. Reply:omNode-2<-omNode-3#1061:FAIL-t10,INCONSISTENCY,nextIndex=219,followerCommit=218
2021-12-03 06:12:15,835 [grpc-default-executor-3] INFO  leader.FollowerInfo (FollowerInfoImpl.java:lambda$new$0(47)) - omNode-2@group-523986131536->omNode-3: nextIndex: updateUnconditionally 234 -> 219
2021-12-03 06:12:16,251 [grpc-default-executor-3] WARN  server.GrpcLogAppender (LogUtils.java:warn(122)) - omNode-2@group-523986131536->omNode-1-AppendLogResponseHandler: Failed appendEntries: org.apache.ratis.thirdparty.io.grpc.StatusRuntimeException: UNAVAILABLE: io exception
2021-12-03 06:12:16,252 [grpc-default-executor-3] WARN  server.GrpcLogAppender (GrpcLogAppender.java:resetClient(110)) - omNode-2@group-523986131536->omNode-1-GrpcLogAppender: Leader has not got in touch with Follower omNode-2@group-523986131536->omNode-1(c-1,m0,n234, attendVote=true, lastRpcSendTime=0, lastRpcResponseTime=12219) yet, just keep nextIndex unchanged and retry.
2021-12-03 06:12:16,336 [grpc-default-executor-3] INFO  server.RaftServer$Division (RaftServerImpl.java:checkInconsistentAppendEntries(1322)) - omNode-3@group-523986131536: Failed appendEntries as previous log entry ((t:10, i:233)) is not found
2021-12-03 06:12:16,337 [grpc-default-executor-3] INFO  server.RaftServer$Division (RaftServerImpl.java:checkInconsistentAppendEntries(1288)) - omNode-3@group-523986131536: inconsistency entries. Reply:omNode-2<-omNode-3#1111:FAIL-t10,INCONSISTENCY,nextIndex=219,followerCommit=218
2021-12-03 06:12:16,337 [grpc-default-executor-5] INFO  leader.FollowerInfo (FollowerInfoImpl.java:lambda$new$0(47)) - omNode-2@group-523986131536->omNode-3: nextIndex: updateUnconditionally 234 -> 219
2021-12-03 06:12:16,352 [Time-limited test] INFO  retry.RetryInvocationHandler (RetryInvocationHandler.java:log(411)) - com.google.protobuf.ServiceException: org.apache.hadoop.ipc.RemoteException(org.apache.hadoop.ozone.om.exceptions.OMLeaderNotReadyException): omNode-2 is Leader but not ready to process request yet.
	at org.apache.hadoop.ozone.om.ratis.utils.OzoneManagerRatisUtils.createLeaderNotReadyException(OzoneManagerRatisUtils.java:364)
	at org.apache.hadoop.ozone.om.ratis.utils.OzoneManagerRatisUtils.checkLeaderStatus(OzoneManagerRatisUtils.java:337)
	at org.apache.hadoop.ozone.protocolPB.OzoneManagerProtocolServerSideTranslatorPB.checkLeaderStatus(OzoneManagerProtocolServerSideTranslatorPB.java:279)
	at org.apache.hadoop.ozone.protocolPB.OzoneManagerProtocolServerSideTranslatorPB.processRequest(OzoneManagerProtocolServerSideTranslatorPB.java:158)
	at org.apache.hadoop.hdds.server.OzoneProtocolMessageDispatcher.processRequest(OzoneProtocolMessageDispatcher.java:87)
	at org.apache.hadoop.ozone.protocolPB.OzoneManagerProtocolServerSideTranslatorPB.submitRequest(OzoneManagerProtocolServerSideTranslatorPB.java:124)
	at org.apache.hadoop.ozone.protocol.proto.OzoneManagerProtocolProtos$OzoneManagerService$2.callBlockingMethod(OzoneManagerProtocolProtos.java)
	at org.apache.hadoop.ipc.ProtobufRpcEngine$Server.processCall(ProtobufRpcEngine.java:466)
	at org.apache.hadoop.ipc.ProtobufRpcEngine2$Server$ProtoBufRpcInvoker.call(ProtobufRpcEngine2.java:574)
	at org.apache.hadoop.ipc.ProtobufRpcEngine2$Server$ProtoBufRpcInvoker.call(ProtobufRpcEngine2.java:552)
	at org.apache.hadoop.ipc.RPC$Server.call(RPC.java:1093)
	at org.apache.hadoop.ipc.Server$RpcCall.run(Server.java:1035)
	at org.apache.hadoop.ipc.Server$RpcCall.run(Server.java:963)
	at java.security.AccessController.doPrivileged(Native Method)
	at javax.security.auth.Subject.doAs(Subject.java:422)
	at org.apache.hadoop.security.UserGroupInformation.doAs(UserGroupInformation.java:1878)
	at org.apache.hadoop.ipc.Server$Handler.run(Server.java:2966)
, while invoking $Proxy51.submitRequest over nodeId=omNode-2,nodeAddress=127.0.0.1:10270 after 2 failover attempts. Trying to failover after sleeping for 4000ms.
2021-12-03 06:12:16,751 [grpc-default-executor-3] WARN  server.GrpcLogAppender (LogUtils.java:warn(122)) - omNode-2@group-523986131536->omNode-1-AppendLogResponseHandler: Failed appendEntries: org.apache.ratis.thirdparty.io.grpc.StatusRuntimeException: UNAVAILABLE: io exception
2021-12-03 06:12:16,752 [grpc-default-executor-3] WARN  server.GrpcLogAppender (GrpcLogAppender.java:resetClient(110)) - omNode-2@group-523986131536->omNode-1-GrpcLogAppender: Leader has not got in touch with Follower omNode-2@group-523986131536->omNode-1(c-1,m0,n234, attendVote=true, lastRpcSendTime=0, lastRpcResponseTime=12719) yet, just keep nextIndex unchanged and retry.
2021-12-03 06:12:16,838 [grpc-default-executor-3] INFO  server.RaftServer$Division (RaftServerImpl.java:checkInconsistentAppendEntries(1322)) - omNode-3@group-523986131536: Failed appendEntries as previous log entry ((t:10, i:233)) is not found
2021-12-03 06:12:16,839 [grpc-default-executor-3] INFO  server.RaftServer$Division (RaftServerImpl.java:checkInconsistentAppendEntries(1288)) - omNode-3@group-523986131536: inconsistency entries. Reply:omNode-2<-omNode-3#1162:FAIL-t10,INCONSISTENCY,nextIndex=219,followerCommit=218
2021-12-03 06:12:16,839 [grpc-default-executor-3] INFO  leader.FollowerInfo (FollowerInfoImpl.java:lambda$new$0(47)) - omNode-2@group-523986131536->omNode-3: nextIndex: updateUnconditionally 234 -> 219
2021-12-03 06:12:17,252 [grpc-default-executor-3] WARN  server.GrpcLogAppender (LogUtils.java:warn(122)) - omNode-2@group-523986131536->omNode-1-AppendLogResponseHandler: Failed appendEntries: org.apache.ratis.thirdparty.io.grpc.StatusRuntimeException: UNAVAILABLE: io exception
2021-12-03 06:12:17,252 [grpc-default-executor-3] WARN  server.GrpcLogAppender (GrpcLogAppender.java:resetClient(110)) - omNode-2@group-523986131536->omNode-1-GrpcLogAppender: Leader has not got in touch with Follower omNode-2@group-523986131536->omNode-1(c-1,m0,n234, attendVote=true, lastRpcSendTime=1, lastRpcResponseTime=13220) yet, just keep nextIndex unchanged and retry.
2021-12-03 06:12:17,343 [grpc-default-executor-3] INFO  server.RaftServer$Division (RaftServerImpl.java:checkInconsistentAppendEntries(1322)) - omNode-3@group-523986131536: Failed appendEntries as previous log entry ((t:10, i:233)) is not found
2021-12-03 06:12:17,343 [grpc-default-executor-3] INFO  server.RaftServer$Division (RaftServerImpl.java:checkInconsistentAppendEntries(1288)) - omNode-3@group-523986131536: inconsistency entries. Reply:omNode-2<-omNode-3#1213:FAIL-t10,INCONSISTENCY,nextIndex=219,followerCommit=218
2021-12-03 06:12:17,344 [grpc-default-executor-3] INFO  leader.FollowerInfo (FollowerInfoImpl.java:lambda$new$0(47)) - omNode-2@group-523986131536->omNode-3: nextIndex: updateUnconditionally 234 -> 219
2021-12-03 06:12:17,752 [grpc-default-executor-3] WARN  server.GrpcLogAppender (LogUtils.java:warn(122)) - omNode-2@group-523986131536->omNode-1-AppendLogResponseHandler: Failed appendEntries: org.apache.ratis.thirdparty.io.grpc.StatusRuntimeException: UNAVAILABLE: io exception
2021-12-03 06:12:17,753 [grpc-default-executor-3] WARN  server.GrpcLogAppender (GrpcLogAppender.java:resetClient(110)) - omNode-2@group-523986131536->omNode-1-GrpcLogAppender: Leader has not got in touch with Follower omNode-2@group-523986131536->omNode-1(c-1,m0,n234, attendVote=true, lastRpcSendTime=1, lastRpcResponseTime=13721) yet, just keep nextIndex unchanged and retry.
2021-12-03 06:12:17,846 [grpc-default-executor-3] INFO  server.RaftServer$Division (RaftServerImpl.java:checkInconsistentAppendEntries(1322)) - omNode-3@group-523986131536: Failed appendEntries as previous log entry ((t:10, i:233)) is not found
2021-12-03 06:12:17,846 [grpc-default-executor-3] INFO  server.RaftServer$Division (RaftServerImpl.java:checkInconsistentAppendEntries(1288)) - omNode-3@group-523986131536: inconsistency entries. Reply:omNode-2<-omNode-3#1264:FAIL-t10,INCONSISTENCY,nextIndex=219,followerCommit=218
2021-12-03 06:12:17,847 [grpc-default-executor-3] INFO  leader.FollowerInfo (FollowerInfoImpl.java:lambda$new$0(47)) - omNode-2@group-523986131536->omNode-3: nextIndex: updateUnconditionally 234 -> 219
2021-12-03 06:12:18,252 [grpc-default-executor-3] WARN  server.GrpcLogAppender (LogUtils.java:warn(122)) - omNode-2@group-523986131536->omNode-1-AppendLogResponseHandler: Failed appendEntries: org.apache.ratis.thirdparty.io.grpc.StatusRuntimeException: UNAVAILABLE: io exception
2021-12-03 06:12:18,253 [grpc-default-executor-3] WARN  server.GrpcLogAppender (GrpcLogAppender.java:resetClient(110)) - omNode-2@group-523986131536->omNode-1-GrpcLogAppender: Leader has not got in touch with Follower omNode-2@group-523986131536->omNode-1(c-1,m0,n234, attendVote=true, lastRpcSendTime=1, lastRpcResponseTime=14220) yet, just keep nextIndex unchanged and retry.
2021-12-03 06:12:18,348 [grpc-default-executor-3] INFO  server.RaftServer$Division (RaftServerImpl.java:checkInconsistentAppendEntries(1322)) - omNode-3@group-523986131536: Failed appendEntries as previous log entry ((t:10, i:233)) is not found
2021-12-03 06:12:18,349 [grpc-default-executor-3] INFO  server.RaftServer$Division (RaftServerImpl.java:checkInconsistentAppendEntries(1288)) - omNode-3@group-523986131536: inconsistency entries. Reply:omNode-2<-omNode-3#1314:FAIL-t10,INCONSISTENCY,nextIndex=219,followerCommit=218
2021-12-03 06:12:18,353 [grpc-default-executor-3] INFO  leader.FollowerInfo (FollowerInfoImpl.java:lambda$new$0(47)) - omNode-2@group-523986131536->omNode-3: nextIndex: updateUnconditionally 234 -> 219
2021-12-03 06:12:18,752 [grpc-default-executor-3] WARN  server.GrpcLogAppender (LogUtils.java:warn(122)) - omNode-2@group-523986131536->omNode-1-AppendLogResponseHandler: Failed appendEntries: org.apache.ratis.thirdparty.io.grpc.StatusRuntimeException: UNAVAILABLE: io exception
2021-12-03 06:12:18,753 [grpc-default-executor-3] WARN  server.GrpcLogAppender (GrpcLogAppender.java:resetClient(110)) - omNode-2@group-523986131536->omNode-1-GrpcLogAppender: Leader has not got in touch with Follower omNode-2@group-523986131536->omNode-1(c-1,m0,n234, attendVote=true, lastRpcSendTime=0, lastRpcResponseTime=14721) yet, just keep nextIndex unchanged and retry.
2021-12-03 06:12:18,855 [grpc-default-executor-3] INFO  server.RaftServer$Division (RaftServerImpl.java:checkInconsistentAppendEntries(1322)) - omNode-3@group-523986131536: Failed appendEntries as previous log entry ((t:10, i:233)) is not found
2021-12-03 06:12:18,855 [grpc-default-executor-3] INFO  server.RaftServer$Division (RaftServerImpl.java:checkInconsistentAppendEntries(1288)) - omNode-3@group-523986131536: inconsistency entries. Reply:omNode-2<-omNode-3#1365:FAIL-t10,INCONSISTENCY,nextIndex=219,followerCommit=218
2021-12-03 06:12:18,856 [grpc-default-executor-3] INFO  leader.FollowerInfo (FollowerInfoImpl.java:lambda$new$0(47)) - omNode-2@group-523986131536->omNode-3: nextIndex: updateUnconditionally 234 -> 219
2021-12-03 06:12:19,253 [grpc-default-executor-3] WARN  server.GrpcLogAppender (LogUtils.java:warn(122)) - omNode-2@group-523986131536->omNode-1-AppendLogResponseHandler: Failed appendEntries: org.apache.ratis.thirdparty.io.grpc.StatusRuntimeException: UNAVAILABLE: io exception
2021-12-03 06:12:19,254 [grpc-default-executor-3] WARN  server.GrpcLogAppender (GrpcLogAppender.java:resetClient(110)) - omNode-2@group-523986131536->omNode-1-GrpcLogAppender: Leader has not got in touch with Follower omNode-2@group-523986131536->omNode-1(c-1,m0,n234, attendVote=true, lastRpcSendTime=1, lastRpcResponseTime=15221) yet, just keep nextIndex unchanged and retry.
2021-12-03 06:12:19,357 [grpc-default-executor-3] INFO  server.RaftServer$Division (RaftServerImpl.java:checkInconsistentAppendEntries(1322)) - omNode-3@group-523986131536: Failed appendEntries as previous log entry ((t:10, i:233)) is not found
2021-12-03 06:12:19,357 [grpc-default-executor-3] INFO  server.RaftServer$Division (RaftServerImpl.java:checkInconsistentAppendEntries(1288)) - omNode-3@group-523986131536: inconsistency entries. Reply:omNode-2<-omNode-3#1416:FAIL-t10,INCONSISTENCY,nextIndex=219,followerCommit=218
2021-12-03 06:12:19,358 [grpc-default-executor-3] INFO  leader.FollowerInfo (FollowerInfoImpl.java:lambda$new$0(47)) - omNode-2@group-523986131536->omNode-3: nextIndex: updateUnconditionally 234 -> 219
2021-12-03 06:12:19,753 [grpc-default-executor-3] WARN  server.GrpcLogAppender (LogUtils.java:warn(122)) - omNode-2@group-523986131536->omNode-1-AppendLogResponseHandler: Failed appendEntries: org.apache.ratis.thirdparty.io.grpc.StatusRuntimeException: UNAVAILABLE: io exception
2021-12-03 06:12:19,754 [grpc-default-executor-3] WARN  server.GrpcLogAppender (GrpcLogAppender.java:resetClient(110)) - omNode-2@group-523986131536->omNode-1-GrpcLogAppender: Leader has not got in touch with Follower omNode-2@group-523986131536->omNode-1(c-1,m0,n234, attendVote=true, lastRpcSendTime=1, lastRpcResponseTime=15721) yet, just keep nextIndex unchanged and retry.
2021-12-03 06:12:19,860 [grpc-default-executor-3] INFO  server.RaftServer$Division (RaftServerImpl.java:checkInconsistentAppendEntries(1322)) - omNode-3@group-523986131536: Failed appendEntries as previous log entry ((t:10, i:233)) is not found
2021-12-03 06:12:19,860 [grpc-default-executor-3] INFO  server.RaftServer$Division (RaftServerImpl.java:checkInconsistentAppendEntries(1288)) - omNode-3@group-523986131536: inconsistency entries. Reply:omNode-2<-omNode-3#1467:FAIL-t10,INCONSISTENCY,nextIndex=219,followerCommit=218
2021-12-03 06:12:19,861 [grpc-default-executor-3] INFO  leader.FollowerInfo (FollowerInfoImpl.java:lambda$new$0(47)) - omNode-2@group-523986131536->omNode-3: nextIndex: updateUnconditionally 234 -> 219
2021-12-03 06:12:20,253 [grpc-default-executor-3] WARN  server.GrpcLogAppender (LogUtils.java:warn(122)) - omNode-2@group-523986131536->omNode-1-AppendLogResponseHandler: Failed appendEntries: org.apache.ratis.thirdparty.io.grpc.StatusRuntimeException: UNAVAILABLE: io exception
2021-12-03 06:12:20,254 [grpc-default-executor-3] WARN  server.GrpcLogAppender (GrpcLogAppender.java:resetClient(110)) - omNode-2@group-523986131536->omNode-1-GrpcLogAppender: Leader has not got in touch with Follower omNode-2@group-523986131536->omNode-1(c-1,m0,n234, attendVote=true, lastRpcSendTime=1, lastRpcResponseTime=16221) yet, just keep nextIndex unchanged and retry.
2021-12-03 06:12:20,356 [Time-limited test] INFO  retry.RetryInvocationHandler (RetryInvocationHandler.java:log(411)) - com.google.protobuf.ServiceException: org.apache.hadoop.ipc.RemoteException(org.apache.hadoop.ozone.om.exceptions.OMLeaderNotReadyException): omNode-2 is Leader but not ready to process request yet.
	at org.apache.hadoop.ozone.om.ratis.utils.OzoneManagerRatisUtils.createLeaderNotReadyException(OzoneManagerRatisUtils.java:364)
	at org.apache.hadoop.ozone.om.ratis.utils.OzoneManagerRatisUtils.checkLeaderStatus(OzoneManagerRatisUtils.java:337)
	at org.apache.hadoop.ozone.protocolPB.OzoneManagerProtocolServerSideTranslatorPB.checkLeaderStatus(OzoneManagerProtocolServerSideTranslatorPB.java:279)
	at org.apache.hadoop.ozone.protocolPB.OzoneManagerProtocolServerSideTranslatorPB.processRequest(OzoneManagerProtocolServerSideTranslatorPB.java:158)
	at org.apache.hadoop.hdds.server.OzoneProtocolMessageDispatcher.processRequest(OzoneProtocolMessageDispatcher.java:87)
	at org.apache.hadoop.ozone.protocolPB.OzoneManagerProtocolServerSideTranslatorPB.submitRequest(OzoneManagerProtocolServerSideTranslatorPB.java:124)
	at org.apache.hadoop.ozone.protocol.proto.OzoneManagerProtocolProtos$OzoneManagerService$2.callBlockingMethod(OzoneManagerProtocolProtos.java)
	at org.apache.hadoop.ipc.ProtobufRpcEngine$Server.processCall(ProtobufRpcEngine.java:466)
	at org.apache.hadoop.ipc.ProtobufRpcEngine2$Server$ProtoBufRpcInvoker.call(ProtobufRpcEngine2.java:574)
	at org.apache.hadoop.ipc.ProtobufRpcEngine2$Server$ProtoBufRpcInvoker.call(ProtobufRpcEngine2.java:552)
	at org.apache.hadoop.ipc.RPC$Server.call(RPC.java:1093)
	at org.apache.hadoop.ipc.Server$RpcCall.run(Server.java:1035)
	at org.apache.hadoop.ipc.Server$RpcCall.run(Server.java:963)
	at java.security.AccessController.doPrivileged(Native Method)
	at javax.security.auth.Subject.doAs(Subject.java:422)
	at org.apache.hadoop.security.UserGroupInformation.doAs(UserGroupInformation.java:1878)
	at org.apache.hadoop.ipc.Server$Handler.run(Server.java:2966)
, while invoking $Proxy51.submitRequest over nodeId=omNode-2,nodeAddress=127.0.0.1:10270 after 3 failover attempts. Trying to failover after sleeping for 6000ms.
2021-12-03 06:12:20,362 [grpc-default-executor-3] INFO  server.RaftServer$Division (RaftServerImpl.java:checkInconsistentAppendEntries(1322)) - omNode-3@group-523986131536: Failed appendEntries as previous log entry ((t:10, i:233)) is not found
2021-12-03 06:12:20,362 [grpc-default-executor-3] INFO  server.RaftServer$Division (RaftServerImpl.java:checkInconsistentAppendEntries(1288)) - omNode-3@group-523986131536: inconsistency entries. Reply:omNode-2<-omNode-3#1518:FAIL-t10,INCONSISTENCY,nextIndex=219,followerCommit=218
2021-12-03 06:12:20,363 [grpc-default-executor-3] INFO  leader.FollowerInfo (FollowerInfoImpl.java:lambda$new$0(47)) - omNode-2@group-523986131536->omNode-3: nextIndex: updateUnconditionally 234 -> 219
2021-12-03 06:12:20,754 [grpc-default-executor-3] WARN  server.GrpcLogAppender (LogUtils.java:warn(122)) - omNode-2@group-523986131536->omNode-1-AppendLogResponseHandler: Failed appendEntries: org.apache.ratis.thirdparty.io.grpc.StatusRuntimeException: UNAVAILABLE: io exception
2021-12-03 06:12:20,754 [grpc-default-executor-3] WARN  server.GrpcLogAppender (GrpcLogAppender.java:resetClient(110)) - omNode-2@group-523986131536->omNode-1-GrpcLogAppender: Leader has not got in touch with Follower omNode-2@group-523986131536->omNode-1(c-1,m0,n234, attendVote=true, lastRpcSendTime=0, lastRpcResponseTime=16722) yet, just keep nextIndex unchanged and retry.
2021-12-03 06:12:20,865 [grpc-default-executor-3] INFO  server.RaftServer$Division (RaftServerImpl.java:checkInconsistentAppendEntries(1322)) - omNode-3@group-523986131536: Failed appendEntries as previous log entry ((t:10, i:233)) is not found
2021-12-03 06:12:20,865 [grpc-default-executor-3] INFO  server.RaftServer$Division (RaftServerImpl.java:checkInconsistentAppendEntries(1288)) - omNode-3@group-523986131536: inconsistency entries. Reply:omNode-2<-omNode-3#1569:FAIL-t10,INCONSISTENCY,nextIndex=219,followerCommit=218
2021-12-03 06:12:20,866 [grpc-default-executor-3] INFO  leader.FollowerInfo (FollowerInfoImpl.java:lambda$new$0(47)) - omNode-2@group-523986131536->omNode-3: nextIndex: updateUnconditionally 234 -> 219
2021-12-03 06:12:21,254 [grpc-default-executor-3] WARN  server.GrpcLogAppender (LogUtils.java:warn(122)) - omNode-2@group-523986131536->omNode-1-AppendLogResponseHandler: Failed appendEntries: org.apache.ratis.thirdparty.io.grpc.StatusRuntimeException: UNAVAILABLE: io exception
2021-12-03 06:12:21,255 [grpc-default-executor-3] WARN  server.GrpcLogAppender (GrpcLogAppender.java:resetClient(110)) - omNode-2@group-523986131536->omNode-1-GrpcLogAppender: Leader has not got in touch with Follower omNode-2@group-523986131536->omNode-1(c-1,m0,n234, attendVote=true, lastRpcSendTime=1, lastRpcResponseTime=17222) yet, just keep nextIndex unchanged and retry.
2021-12-03 06:12:21,367 [grpc-default-executor-3] INFO  server.RaftServer$Division (RaftServerImpl.java:checkInconsistentAppendEntries(1322)) - omNode-3@group-523986131536: Failed appendEntries as previous log entry ((t:10, i:233)) is not found
2021-12-03 06:12:21,367 [grpc-default-executor-3] INFO  server.RaftServer$Division (RaftServerImpl.java:checkInconsistentAppendEntries(1288)) - omNode-3@group-523986131536: inconsistency entries. Reply:omNode-2<-omNode-3#1619:FAIL-t10,INCONSISTENCY,nextIndex=219,followerCommit=218
2021-12-03 06:12:21,368 [grpc-default-executor-3] INFO  leader.FollowerInfo (FollowerInfoImpl.java:lambda$new$0(47)) - omNode-2@group-523986131536->omNode-3: nextIndex: updateUnconditionally 234 -> 219
2021-12-03 06:12:21,754 [grpc-default-executor-3] WARN  server.GrpcLogAppender (LogUtils.java:warn(122)) - omNode-2@group-523986131536->omNode-1-AppendLogResponseHandler: Failed appendEntries: org.apache.ratis.thirdparty.io.grpc.StatusRuntimeException: UNAVAILABLE: io exception
2021-12-03 06:12:21,755 [grpc-default-executor-3] WARN  server.GrpcLogAppender (GrpcLogAppender.java:resetClient(110)) - omNode-2@group-523986131536->omNode-1-GrpcLogAppender: Leader has not got in touch with Follower omNode-2@group-523986131536->omNode-1(c-1,m0,n234, attendVote=true, lastRpcSendTime=0, lastRpcResponseTime=17722) yet, just keep nextIndex unchanged and retry.
2021-12-03 06:12:21,871 [grpc-default-executor-3] INFO  server.RaftServer$Division (RaftServerImpl.java:checkInconsistentAppendEntries(1322)) - omNode-3@group-523986131536: Failed appendEntries as previous log entry ((t:10, i:233)) is not found
2021-12-03 06:12:21,871 [grpc-default-executor-3] INFO  server.RaftServer$Division (RaftServerImpl.java:checkInconsistentAppendEntries(1288)) - omNode-3@group-523986131536: inconsistency entries. Reply:omNode-2<-omNode-3#1670:FAIL-t10,INCONSISTENCY,nextIndex=219,followerCommit=218
2021-12-03 06:12:21,872 [grpc-default-executor-3] INFO  leader.FollowerInfo (FollowerInfoImpl.java:lambda$new$0(47)) - omNode-2@group-523986131536->omNode-3: nextIndex: updateUnconditionally 234 -> 219
2021-12-03 06:12:22,254 [grpc-default-executor-3] WARN  server.GrpcLogAppender (LogUtils.java:warn(122)) - omNode-2@group-523986131536->omNode-1-AppendLogResponseHandler: Failed appendEntries: org.apache.ratis.thirdparty.io.grpc.StatusRuntimeException: UNAVAILABLE: io exception
2021-12-03 06:12:22,255 [grpc-default-executor-3] WARN  server.GrpcLogAppender (GrpcLogAppender.java:resetClient(110)) - omNode-2@group-523986131536->omNode-1-GrpcLogAppender: Leader has not got in touch with Follower omNode-2@group-523986131536->omNode-1(c-1,m0,n234, attendVote=true, lastRpcSendTime=0, lastRpcResponseTime=18222) yet, just keep nextIndex unchanged and retry.
2021-12-03 06:12:22,373 [grpc-default-executor-3] INFO  server.RaftServer$Division (RaftServerImpl.java:checkInconsistentAppendEntries(1322)) - omNode-3@group-523986131536: Failed appendEntries as previous log entry ((t:10, i:233)) is not found
2021-12-03 06:12:22,374 [grpc-default-executor-3] INFO  server.RaftServer$Division (RaftServerImpl.java:checkInconsistentAppendEntries(1288)) - omNode-3@group-523986131536: inconsistency entries. Reply:omNode-2<-omNode-3#1721:FAIL-t10,INCONSISTENCY,nextIndex=219,followerCommit=218
2021-12-03 06:12:22,374 [grpc-default-executor-3] INFO  leader.FollowerInfo (FollowerInfoImpl.java:lambda$new$0(47)) - omNode-2@group-523986131536->omNode-3: nextIndex: updateUnconditionally 234 -> 219
2021-12-03 06:12:22,755 [grpc-default-executor-3] WARN  server.GrpcLogAppender (LogUtils.java:warn(122)) - omNode-2@group-523986131536->omNode-1-AppendLogResponseHandler: Failed appendEntries: org.apache.ratis.thirdparty.io.grpc.StatusRuntimeException: UNAVAILABLE: io exception
2021-12-03 06:12:22,755 [grpc-default-executor-3] WARN  server.GrpcLogAppender (GrpcLogAppender.java:resetClient(110)) - omNode-2@group-523986131536->omNode-1-GrpcLogAppender: Leader has not got in touch with Follower omNode-2@group-523986131536->omNode-1(c-1,m0,n234, attendVote=true, lastRpcSendTime=0, lastRpcResponseTime=18723) yet, just keep nextIndex unchanged and retry.
2021-12-03 06:12:22,876 [grpc-default-executor-3] INFO  server.RaftServer$Division (RaftServerImpl.java:checkInconsistentAppendEntries(1322)) - omNode-3@group-523986131536: Failed appendEntries as previous log entry ((t:10, i:233)) is not found
2021-12-03 06:12:22,877 [grpc-default-executor-3] INFO  server.RaftServer$Division (RaftServerImpl.java:checkInconsistentAppendEntries(1288)) - omNode-3@group-523986131536: inconsistency entries. Reply:omNode-2<-omNode-3#1772:FAIL-t10,INCONSISTENCY,nextIndex=219,followerCommit=218
2021-12-03 06:12:22,877 [grpc-default-executor-3] INFO  leader.FollowerInfo (FollowerInfoImpl.java:lambda$new$0(47)) - omNode-2@group-523986131536->omNode-3: nextIndex: updateUnconditionally 234 -> 219
2021-12-03 06:12:23,255 [grpc-default-executor-3] WARN  server.GrpcLogAppender (LogUtils.java:warn(122)) - omNode-2@group-523986131536->omNode-1-AppendLogResponseHandler: Failed appendEntries: org.apache.ratis.thirdparty.io.grpc.StatusRuntimeException: UNAVAILABLE: io exception
2021-12-03 06:12:23,256 [grpc-default-executor-3] WARN  server.GrpcLogAppender (GrpcLogAppender.java:resetClient(110)) - omNode-2@group-523986131536->omNode-1-GrpcLogAppender: Leader has not got in touch with Follower omNode-2@group-523986131536->omNode-1(c-1,m0,n234, attendVote=true, lastRpcSendTime=0, lastRpcResponseTime=19223) yet, just keep nextIndex unchanged and retry.
2021-12-03 06:12:23,378 [grpc-default-executor-3] INFO  server.RaftServer$Division (RaftServerImpl.java:checkInconsistentAppendEntries(1322)) - omNode-3@group-523986131536: Failed appendEntries as previous log entry ((t:10, i:233)) is not found
2021-12-03 06:12:23,379 [grpc-default-executor-3] INFO  server.RaftServer$Division (RaftServerImpl.java:checkInconsistentAppendEntries(1288)) - omNode-3@group-523986131536: inconsistency entries. Reply:omNode-2<-omNode-3#1822:FAIL-t10,INCONSISTENCY,nextIndex=219,followerCommit=218
2021-12-03 06:12:23,379 [grpc-default-executor-3] INFO  leader.FollowerInfo (FollowerInfoImpl.java:lambda$new$0(47)) - omNode-2@group-523986131536->omNode-3: nextIndex: updateUnconditionally 234 -> 219
2021-12-03 06:12:23,755 [grpc-default-executor-3] WARN  server.GrpcLogAppender (LogUtils.java:warn(122)) - omNode-2@group-523986131536->omNode-1-AppendLogResponseHandler: Failed appendEntries: org.apache.ratis.thirdparty.io.grpc.StatusRuntimeException: UNAVAILABLE: io exception
2021-12-03 06:12:23,756 [grpc-default-executor-3] WARN  server.GrpcLogAppender (GrpcLogAppender.java:resetClient(110)) - omNode-2@group-523986131536->omNode-1-GrpcLogAppender: Leader has not got in touch with Follower omNode-2@group-523986131536->omNode-1(c-1,m0,n234, attendVote=true, lastRpcSendTime=0, lastRpcResponseTime=19723) yet, just keep nextIndex unchanged and retry.
2021-12-03 06:12:23,880 [grpc-default-executor-3] INFO  server.RaftServer$Division (RaftServerImpl.java:checkInconsistentAppendEntries(1322)) - omNode-3@group-523986131536: Failed appendEntries as previous log entry ((t:10, i:233)) is not found
2021-12-03 06:12:23,880 [grpc-default-executor-3] INFO  server.RaftServer$Division (RaftServerImpl.java:checkInconsistentAppendEntries(1288)) - omNode-3@group-523986131536: inconsistency entries. Reply:omNode-2<-omNode-3#1872:FAIL-t10,INCONSISTENCY,nextIndex=219,followerCommit=218
2021-12-03 06:12:23,881 [grpc-default-executor-3] INFO  leader.FollowerInfo (FollowerInfoImpl.java:lambda$new$0(47)) - omNode-2@group-523986131536->omNode-3: nextIndex: updateUnconditionally 234 -> 219
2021-12-03 06:12:24,255 [grpc-default-executor-3] WARN  server.GrpcLogAppender (LogUtils.java:warn(122)) - omNode-2@group-523986131536->omNode-1-AppendLogResponseHandler: Failed appendEntries: org.apache.ratis.thirdparty.io.grpc.StatusRuntimeException: UNAVAILABLE: io exception
2021-12-03 06:12:24,256 [grpc-default-executor-3] WARN  server.GrpcLogAppender (GrpcLogAppender.java:resetClient(110)) - omNode-2@group-523986131536->omNode-1-GrpcLogAppender: Leader has not got in touch with Follower omNode-2@group-523986131536->omNode-1(c-1,m0,n234, attendVote=true, lastRpcSendTime=0, lastRpcResponseTime=20224) yet, just keep nextIndex unchanged and retry.
2021-12-03 06:12:24,383 [grpc-default-executor-3] INFO  server.RaftServer$Division (RaftServerImpl.java:checkInconsistentAppendEntries(1322)) - omNode-3@group-523986131536: Failed appendEntries as previous log entry ((t:10, i:233)) is not found
2021-12-03 06:12:24,384 [grpc-default-executor-3] INFO  server.RaftServer$Division (RaftServerImpl.java:checkInconsistentAppendEntries(1288)) - omNode-3@group-523986131536: inconsistency entries. Reply:omNode-2<-omNode-3#1923:FAIL-t10,INCONSISTENCY,nextIndex=219,followerCommit=218
2021-12-03 06:12:24,384 [grpc-default-executor-3] INFO  leader.FollowerInfo (FollowerInfoImpl.java:lambda$new$0(47)) - omNode-2@group-523986131536->omNode-3: nextIndex: updateUnconditionally 234 -> 219
2021-12-03 06:12:24,756 [grpc-default-executor-5] WARN  server.GrpcLogAppender (LogUtils.java:warn(122)) - omNode-2@group-523986131536->omNode-1-AppendLogResponseHandler: Failed appendEntries: org.apache.ratis.thirdparty.io.grpc.StatusRuntimeException: UNAVAILABLE: io exception
2021-12-03 06:12:24,757 [grpc-default-executor-5] WARN  server.GrpcLogAppender (GrpcLogAppender.java:resetClient(110)) - omNode-2@group-523986131536->omNode-1-GrpcLogAppender: Leader has not got in touch with Follower omNode-2@group-523986131536->omNode-1(c-1,m0,n234, attendVote=true, lastRpcSendTime=1, lastRpcResponseTime=20724) yet, just keep nextIndex unchanged and retry.
2021-12-03 06:12:24,887 [grpc-default-executor-5] INFO  server.RaftServer$Division (RaftServerImpl.java:checkInconsistentAppendEntries(1322)) - omNode-3@group-523986131536: Failed appendEntries as previous log entry ((t:10, i:233)) is not found
2021-12-03 06:12:24,887 [grpc-default-executor-5] INFO  server.RaftServer$Division (RaftServerImpl.java:checkInconsistentAppendEntries(1288)) - omNode-3@group-523986131536: inconsistency entries. Reply:omNode-2<-omNode-3#1974:FAIL-t10,INCONSISTENCY,nextIndex=219,followerCommit=218
2021-12-03 06:12:24,887 [grpc-default-executor-5] INFO  leader.FollowerInfo (FollowerInfoImpl.java:lambda$new$0(47)) - omNode-2@group-523986131536->omNode-3: nextIndex: updateUnconditionally 234 -> 219
2021-12-03 06:12:25,256 [grpc-default-executor-5] WARN  server.GrpcLogAppender (LogUtils.java:warn(122)) - omNode-2@group-523986131536->omNode-1-AppendLogResponseHandler: Failed appendEntries: org.apache.ratis.thirdparty.io.grpc.StatusRuntimeException: UNAVAILABLE: io exception
2021-12-03 06:12:25,257 [grpc-default-executor-5] WARN  server.GrpcLogAppender (GrpcLogAppender.java:resetClient(110)) - omNode-2@group-523986131536->omNode-1-GrpcLogAppender: Leader has not got in touch with Follower omNode-2@group-523986131536->omNode-1(c-1,m0,n234, attendVote=true, lastRpcSendTime=0, lastRpcResponseTime=21224) yet, just keep nextIndex unchanged and retry.
2021-12-03 06:12:25,389 [grpc-default-executor-5] INFO  server.RaftServer$Division (RaftServerImpl.java:checkInconsistentAppendEntries(1322)) - omNode-3@group-523986131536: Failed appendEntries as previous log entry ((t:10, i:233)) is not found
2021-12-03 06:12:25,390 [grpc-default-executor-5] INFO  server.RaftServer$Division (RaftServerImpl.java:checkInconsistentAppendEntries(1288)) - omNode-3@group-523986131536: inconsistency entries. Reply:omNode-2<-omNode-3#2025:FAIL-t10,INCONSISTENCY,nextIndex=219,followerCommit=218
2021-12-03 06:12:25,390 [grpc-default-executor-5] INFO  leader.FollowerInfo (FollowerInfoImpl.java:lambda$new$0(47)) - omNode-2@group-523986131536->omNode-3: nextIndex: updateUnconditionally 234 -> 219
2021-12-03 06:12:25,756 [grpc-default-executor-5] WARN  server.GrpcLogAppender (LogUtils.java:warn(122)) - omNode-2@group-523986131536->omNode-1-AppendLogResponseHandler: Failed appendEntries: org.apache.ratis.thirdparty.io.grpc.StatusRuntimeException: UNAVAILABLE: io exception
2021-12-03 06:12:25,757 [grpc-default-executor-5] WARN  server.GrpcLogAppender (GrpcLogAppender.java:resetClient(110)) - omNode-2@group-523986131536->omNode-1-GrpcLogAppender: Leader has not got in touch with Follower omNode-2@group-523986131536->omNode-1(c-1,m0,n234, attendVote=true, lastRpcSendTime=0, lastRpcResponseTime=21724) yet, just keep nextIndex unchanged and retry.
2021-12-03 06:12:25,892 [grpc-default-executor-5] INFO  server.RaftServer$Division (RaftServerImpl.java:checkInconsistentAppendEntries(1322)) - omNode-3@group-523986131536: Failed appendEntries as previous log entry ((t:10, i:233)) is not found
2021-12-03 06:12:25,892 [grpc-default-executor-5] INFO  server.RaftServer$Division (RaftServerImpl.java:checkInconsistentAppendEntries(1288)) - omNode-3@group-523986131536: inconsistency entries. Reply:omNode-2<-omNode-3#2075:FAIL-t10,INCONSISTENCY,nextIndex=219,followerCommit=218
2021-12-03 06:12:25,892 [grpc-default-executor-5] INFO  leader.FollowerInfo (FollowerInfoImpl.java:lambda$new$0(47)) - omNode-2@group-523986131536->omNode-3: nextIndex: updateUnconditionally 234 -> 219
2021-12-03 06:12:26,257 [grpc-default-executor-5] WARN  server.GrpcLogAppender (LogUtils.java:warn(122)) - omNode-2@group-523986131536->omNode-1-AppendLogResponseHandler: Failed appendEntries: org.apache.ratis.thirdparty.io.grpc.StatusRuntimeException: UNAVAILABLE: io exception
2021-12-03 06:12:26,257 [grpc-default-executor-5] WARN  server.GrpcLogAppender (GrpcLogAppender.java:resetClient(110)) - omNode-2@group-523986131536->omNode-1-GrpcLogAppender: Leader has not got in touch with Follower omNode-2@group-523986131536->omNode-1(c-1,m0,n234, attendVote=true, lastRpcSendTime=0, lastRpcResponseTime=22225) yet, just keep nextIndex unchanged and retry.
2021-12-03 06:12:26,363 [Time-limited test] INFO  retry.RetryInvocationHandler (RetryInvocationHandler.java:log(411)) - com.google.protobuf.ServiceException: org.apache.hadoop.ipc.RemoteException(org.apache.hadoop.ozone.om.exceptions.OMLeaderNotReadyException): omNode-2 is Leader but not ready to process request yet.
	at org.apache.hadoop.ozone.om.ratis.utils.OzoneManagerRatisUtils.createLeaderNotReadyException(OzoneManagerRatisUtils.java:364)
	at org.apache.hadoop.ozone.om.ratis.utils.OzoneManagerRatisUtils.checkLeaderStatus(OzoneManagerRatisUtils.java:337)
	at org.apache.hadoop.ozone.protocolPB.OzoneManagerProtocolServerSideTranslatorPB.checkLeaderStatus(OzoneManagerProtocolServerSideTranslatorPB.java:279)
	at org.apache.hadoop.ozone.protocolPB.OzoneManagerProtocolServerSideTranslatorPB.processRequest(OzoneManagerProtocolServerSideTranslatorPB.java:158)
	at org.apache.hadoop.hdds.server.OzoneProtocolMessageDispatcher.processRequest(OzoneProtocolMessageDispatcher.java:87)
	at org.apache.hadoop.ozone.protocolPB.OzoneManagerProtocolServerSideTranslatorPB.submitRequest(OzoneManagerProtocolServerSideTranslatorPB.java:124)
	at org.apache.hadoop.ozone.protocol.proto.OzoneManagerProtocolProtos$OzoneManagerService$2.callBlockingMethod(OzoneManagerProtocolProtos.java)
	at org.apache.hadoop.ipc.ProtobufRpcEngine$Server.processCall(ProtobufRpcEngine.java:466)
	at org.apache.hadoop.ipc.ProtobufRpcEngine2$Server$ProtoBufRpcInvoker.call(ProtobufRpcEngine2.java:574)
	at org.apache.hadoop.ipc.ProtobufRpcEngine2$Server$ProtoBufRpcInvoker.call(ProtobufRpcEngine2.java:552)
	at org.apache.hadoop.ipc.RPC$Server.call(RPC.java:1093)
	at org.apache.hadoop.ipc.Server$RpcCall.run(Server.java:1035)
	at org.apache.hadoop.ipc.Server$RpcCall.run(Server.java:963)
	at java.security.AccessController.doPrivileged(Native Method)
	at javax.security.auth.Subject.doAs(Subject.java:422)
	at org.apache.hadoop.security.UserGroupInformation.doAs(UserGroupInformation.java:1878)
	at org.apache.hadoop.ipc.Server$Handler.run(Server.java:2966)
, while invoking $Proxy51.submitRequest over nodeId=omNode-2,nodeAddress=127.0.0.1:10270 after 4 failover attempts. Trying to failover after sleeping for 8000ms.
2021-12-03 06:12:26,394 [grpc-default-executor-5] INFO  server.RaftServer$Division (RaftServerImpl.java:checkInconsistentAppendEntries(1322)) - omNode-3@group-523986131536: Failed appendEntries as previous log entry ((t:10, i:233)) is not found
2021-12-03 06:12:26,394 [grpc-default-executor-5] INFO  server.RaftServer$Division (RaftServerImpl.java:checkInconsistentAppendEntries(1288)) - omNode-3@group-523986131536: inconsistency entries. Reply:omNode-2<-omNode-3#2126:FAIL-t10,INCONSISTENCY,nextIndex=219,followerCommit=218
2021-12-03 06:12:26,394 [grpc-default-executor-5] INFO  leader.FollowerInfo (FollowerInfoImpl.java:lambda$new$0(47)) - omNode-2@group-523986131536->omNode-3: nextIndex: updateUnconditionally 234 -> 219
2021-12-03 06:12:26,757 [grpc-default-executor-5] WARN  server.GrpcLogAppender (LogUtils.java:warn(122)) - omNode-2@group-523986131536->omNode-1-AppendLogResponseHandler: Failed appendEntries: org.apache.ratis.thirdparty.io.grpc.StatusRuntimeException: UNAVAILABLE: io exception
2021-12-03 06:12:26,758 [grpc-default-executor-5] WARN  server.GrpcLogAppender (GrpcLogAppender.java:resetClient(110)) - omNode-2@group-523986131536->omNode-1-GrpcLogAppender: Leader has not got in touch with Follower omNode-2@group-523986131536->omNode-1(c-1,m0,n234, attendVote=true, lastRpcSendTime=0, lastRpcResponseTime=22725) yet, just keep nextIndex unchanged and retry.
2021-12-03 06:12:26,898 [grpc-default-executor-5] INFO  server.RaftServer$Division (RaftServerImpl.java:checkInconsistentAppendEntries(1322)) - omNode-3@group-523986131536: Failed appendEntries as previous log entry ((t:10, i:233)) is not found
2021-12-03 06:12:26,898 [grpc-default-executor-5] INFO  server.RaftServer$Division (RaftServerImpl.java:checkInconsistentAppendEntries(1288)) - omNode-3@group-523986131536: inconsistency entries. Reply:omNode-2<-omNode-3#2177:FAIL-t10,INCONSISTENCY,nextIndex=219,followerCommit=218
2021-12-03 06:12:26,899 [grpc-default-executor-5] INFO  leader.FollowerInfo (FollowerInfoImpl.java:lambda$new$0(47)) - omNode-2@group-523986131536->omNode-3: nextIndex: updateUnconditionally 234 -> 219
2021-12-03 06:12:27,257 [grpc-default-executor-5] WARN  server.GrpcLogAppender (LogUtils.java:warn(122)) - omNode-2@group-523986131536->omNode-1-AppendLogResponseHandler: Failed appendEntries: org.apache.ratis.thirdparty.io.grpc.StatusRuntimeException: UNAVAILABLE: io exception
2021-12-03 06:12:27,258 [grpc-default-executor-5] WARN  server.GrpcLogAppender (GrpcLogAppender.java:resetClient(110)) - omNode-2@group-523986131536->omNode-1-GrpcLogAppender: Leader has not got in touch with Follower omNode-2@group-523986131536->omNode-1(c-1,m0,n234, attendVote=true, lastRpcSendTime=0, lastRpcResponseTime=23225) yet, just keep nextIndex unchanged and retry.
2021-12-03 06:12:27,400 [grpc-default-executor-5] INFO  server.RaftServer$Division (RaftServerImpl.java:checkInconsistentAppendEntries(1322)) - omNode-3@group-523986131536: Failed appendEntries as previous log entry ((t:10, i:233)) is not found
2021-12-03 06:12:27,400 [grpc-default-executor-5] INFO  server.RaftServer$Division (RaftServerImpl.java:checkInconsistentAppendEntries(1288)) - omNode-3@group-523986131536: inconsistency entries. Reply:omNode-2<-omNode-3#2227:FAIL-t10,INCONSISTENCY,nextIndex=219,followerCommit=218
2021-12-03 06:12:27,401 [grpc-default-executor-5] INFO  leader.FollowerInfo (FollowerInfoImpl.java:lambda$new$0(47)) - omNode-2@group-523986131536->omNode-3: nextIndex: updateUnconditionally 234 -> 219
2021-12-03 06:12:27,757 [grpc-default-executor-5] WARN  server.GrpcLogAppender (LogUtils.java:warn(122)) - omNode-2@group-523986131536->omNode-1-AppendLogResponseHandler: Failed appendEntries: org.apache.ratis.thirdparty.io.grpc.StatusRuntimeException: UNAVAILABLE: io exception
2021-12-03 06:12:27,758 [grpc-default-executor-5] WARN  server.GrpcLogAppender (GrpcLogAppender.java:resetClient(110)) - omNode-2@group-523986131536->omNode-1-GrpcLogAppender: Leader has not got in touch with Follower omNode-2@group-523986131536->omNode-1(c-1,m0,n234, attendVote=true, lastRpcSendTime=0, lastRpcResponseTime=23725) yet, just keep nextIndex unchanged and retry.
2021-12-03 06:12:27,902 [grpc-default-executor-5] INFO  server.RaftServer$Division (RaftServerImpl.java:checkInconsistentAppendEntries(1322)) - omNode-3@group-523986131536: Failed appendEntries as previous log entry ((t:10, i:233)) is not found
2021-12-03 06:12:27,902 [grpc-default-executor-5] INFO  server.RaftServer$Division (RaftServerImpl.java:checkInconsistentAppendEntries(1288)) - omNode-3@group-523986131536: inconsistency entries. Reply:omNode-2<-omNode-3#2278:FAIL-t10,INCONSISTENCY,nextIndex=219,followerCommit=218
2021-12-03 06:12:27,903 [grpc-default-executor-5] INFO  leader.FollowerInfo (FollowerInfoImpl.java:lambda$new$0(47)) - omNode-2@group-523986131536->omNode-3: nextIndex: updateUnconditionally 234 -> 219
2021-12-03 06:12:28,258 [grpc-default-executor-5] WARN  server.GrpcLogAppender (LogUtils.java:warn(122)) - omNode-2@group-523986131536->omNode-1-AppendLogResponseHandler: Failed appendEntries: org.apache.ratis.thirdparty.io.grpc.StatusRuntimeException: UNAVAILABLE: io exception
2021-12-03 06:12:28,258 [grpc-default-executor-5] WARN  server.GrpcLogAppender (GrpcLogAppender.java:resetClient(110)) - omNode-2@group-523986131536->omNode-1-GrpcLogAppender: Leader has not got in touch with Follower omNode-2@group-523986131536->omNode-1(c-1,m0,n234, attendVote=true, lastRpcSendTime=0, lastRpcResponseTime=24226) yet, just keep nextIndex unchanged and retry.
2021-12-03 06:12:28,405 [grpc-default-executor-5] INFO  server.RaftServer$Division (RaftServerImpl.java:checkInconsistentAppendEntries(1322)) - omNode-3@group-523986131536: Failed appendEntries as previous log entry ((t:10, i:233)) is not found
2021-12-03 06:12:28,405 [grpc-default-executor-5] INFO  server.RaftServer$Division (RaftServerImpl.java:checkInconsistentAppendEntries(1288)) - omNode-3@group-523986131536: inconsistency entries. Reply:omNode-2<-omNode-3#2329:FAIL-t10,INCONSISTENCY,nextIndex=219,followerCommit=218
2021-12-03 06:12:28,405 [grpc-default-executor-3] INFO  leader.FollowerInfo (FollowerInfoImpl.java:lambda$new$0(47)) - omNode-2@group-523986131536->omNode-3: nextIndex: updateUnconditionally 234 -> 219
2021-12-03 06:12:28,758 [grpc-default-executor-3] WARN  server.GrpcLogAppender (LogUtils.java:warn(122)) - omNode-2@group-523986131536->omNode-1-AppendLogResponseHandler: Failed appendEntries: org.apache.ratis.thirdparty.io.grpc.StatusRuntimeException: UNAVAILABLE: io exception
2021-12-03 06:12:28,759 [grpc-default-executor-3] WARN  server.GrpcLogAppender (GrpcLogAppender.java:resetClient(110)) - omNode-2@group-523986131536->omNode-1-GrpcLogAppender: Leader has not got in touch with Follower omNode-2@group-523986131536->omNode-1(c-1,m0,n234, attendVote=true, lastRpcSendTime=0, lastRpcResponseTime=24726) yet, just keep nextIndex unchanged and retry.
2021-12-03 06:12:28,908 [grpc-default-executor-3] INFO  server.RaftServer$Division (RaftServerImpl.java:checkInconsistentAppendEntries(1322)) - omNode-3@group-523986131536: Failed appendEntries as previous log entry ((t:10, i:233)) is not found
2021-12-03 06:12:28,908 [grpc-default-executor-3] INFO  server.RaftServer$Division (RaftServerImpl.java:checkInconsistentAppendEntries(1288)) - omNode-3@group-523986131536: inconsistency entries. Reply:omNode-2<-omNode-3#2380:FAIL-t10,INCONSISTENCY,nextIndex=219,followerCommit=218
2021-12-03 06:12:28,908 [grpc-default-executor-3] INFO  leader.FollowerInfo (FollowerInfoImpl.java:lambda$new$0(47)) - omNode-2@group-523986131536->omNode-3: nextIndex: updateUnconditionally 234 -> 219
2021-12-03 06:12:29,258 [grpc-default-executor-3] WARN  server.GrpcLogAppender (LogUtils.java:warn(122)) - omNode-2@group-523986131536->omNode-1-AppendLogResponseHandler: Failed appendEntries: org.apache.ratis.thirdparty.io.grpc.StatusRuntimeException: UNAVAILABLE: io exception
2021-12-03 06:12:29,259 [grpc-default-executor-3] WARN  server.GrpcLogAppender (GrpcLogAppender.java:resetClient(110)) - omNode-2@group-523986131536->omNode-1-GrpcLogAppender: Leader has not got in touch with Follower omNode-2@group-523986131536->omNode-1(c-1,m0,n234, attendVote=true, lastRpcSendTime=0, lastRpcResponseTime=25226) yet, just keep nextIndex unchanged and retry.
2021-12-03 06:12:29,410 [grpc-default-executor-3] INFO  server.RaftServer$Division (RaftServerImpl.java:checkInconsistentAppendEntries(1322)) - omNode-3@group-523986131536: Failed appendEntries as previous log entry ((t:10, i:233)) is not found
2021-12-03 06:12:29,411 [grpc-default-executor-3] INFO  server.RaftServer$Division (RaftServerImpl.java:checkInconsistentAppendEntries(1288)) - omNode-3@group-523986131536: inconsistency entries. Reply:omNode-2<-omNode-3#2431:FAIL-t10,INCONSISTENCY,nextIndex=219,followerCommit=218
2021-12-03 06:12:29,411 [grpc-default-executor-3] INFO  leader.FollowerInfo (FollowerInfoImpl.java:lambda$new$0(47)) - omNode-2@group-523986131536->omNode-3: nextIndex: updateUnconditionally 234 -> 219
2021-12-03 06:12:29,758 [grpc-default-executor-3] WARN  server.GrpcLogAppender (LogUtils.java:warn(122)) - omNode-2@group-523986131536->omNode-1-AppendLogResponseHandler: Failed appendEntries: org.apache.ratis.thirdparty.io.grpc.StatusRuntimeException: UNAVAILABLE: io exception
2021-12-03 06:12:29,759 [grpc-default-executor-3] WARN  server.GrpcLogAppender (GrpcLogAppender.java:resetClient(110)) - omNode-2@group-523986131536->omNode-1-GrpcLogAppender: Leader has not got in touch with Follower omNode-2@group-523986131536->omNode-1(c-1,m0,n234, attendVote=true, lastRpcSendTime=0, lastRpcResponseTime=25726) yet, just keep nextIndex unchanged and retry.
2021-12-03 06:12:29,914 [grpc-default-executor-3] INFO  server.RaftServer$Division (RaftServerImpl.java:checkInconsistentAppendEntries(1322)) - omNode-3@group-523986131536: Failed appendEntries as previous log entry ((t:10, i:233)) is not found
2021-12-03 06:12:29,914 [grpc-default-executor-3] INFO  server.RaftServer$Division (RaftServerImpl.java:checkInconsistentAppendEntries(1288)) - omNode-3@group-523986131536: inconsistency entries. Reply:omNode-2<-omNode-3#2481:FAIL-t10,INCONSISTENCY,nextIndex=219,followerCommit=218
2021-12-03 06:12:29,914 [grpc-default-executor-3] INFO  leader.FollowerInfo (FollowerInfoImpl.java:lambda$new$0(47)) - omNode-2@group-523986131536->omNode-3: nextIndex: updateUnconditionally 234 -> 219
2021-12-03 06:12:30,259 [grpc-default-executor-3] WARN  server.GrpcLogAppender (LogUtils.java:warn(122)) - omNode-2@group-523986131536->omNode-1-AppendLogResponseHandler: Failed appendEntries: org.apache.ratis.thirdparty.io.grpc.StatusRuntimeException: UNAVAILABLE: io exception
2021-12-03 06:12:30,259 [grpc-default-executor-3] WARN  server.GrpcLogAppender (GrpcLogAppender.java:resetClient(110)) - omNode-2@group-523986131536->omNode-1-GrpcLogAppender: Leader has not got in touch with Follower omNode-2@group-523986131536->omNode-1(c-1,m0,n234, attendVote=true, lastRpcSendTime=0, lastRpcResponseTime=26227) yet, just keep nextIndex unchanged and retry.
2021-12-03 06:12:30,419 [grpc-default-executor-3] INFO  server.RaftServer$Division (RaftServerImpl.java:checkInconsistentAppendEntries(1322)) - omNode-3@group-523986131536: Failed appendEntries as previous log entry ((t:10, i:233)) is not found
2021-12-03 06:12:30,419 [grpc-default-executor-3] INFO  server.RaftServer$Division (RaftServerImpl.java:checkInconsistentAppendEntries(1288)) - omNode-3@group-523986131536: inconsistency entries. Reply:omNode-2<-omNode-3#2532:FAIL-t10,INCONSISTENCY,nextIndex=219,followerCommit=218
2021-12-03 06:12:30,419 [grpc-default-executor-3] INFO  leader.FollowerInfo (FollowerInfoImpl.java:lambda$new$0(47)) - omNode-2@group-523986131536->omNode-3: nextIndex: updateUnconditionally 234 -> 219
2021-12-03 06:12:30,759 [grpc-default-executor-3] WARN  server.GrpcLogAppender (LogUtils.java:warn(122)) - omNode-2@group-523986131536->omNode-1-AppendLogResponseHandler: Failed appendEntries: org.apache.ratis.thirdparty.io.grpc.StatusRuntimeException: UNAVAILABLE: io exception
2021-12-03 06:12:30,760 [grpc-default-executor-3] WARN  server.GrpcLogAppender (GrpcLogAppender.java:resetClient(110)) - omNode-2@group-523986131536->omNode-1-GrpcLogAppender: Leader has not got in touch with Follower omNode-2@group-523986131536->omNode-1(c-1,m0,n234, attendVote=true, lastRpcSendTime=0, lastRpcResponseTime=26727) yet, just keep nextIndex unchanged and retry.
2021-12-03 06:12:30,921 [grpc-default-executor-3] INFO  server.RaftServer$Division (RaftServerImpl.java:checkInconsistentAppendEntries(1322)) - omNode-3@group-523986131536: Failed appendEntries as previous log entry ((t:10, i:233)) is not found
2021-12-03 06:12:30,921 [grpc-default-executor-3] INFO  server.RaftServer$Division (RaftServerImpl.java:checkInconsistentAppendEntries(1288)) - omNode-3@group-523986131536: inconsistency entries. Reply:omNode-2<-omNode-3#2583:FAIL-t10,INCONSISTENCY,nextIndex=219,followerCommit=218
2021-12-03 06:12:30,922 [grpc-default-executor-3] INFO  leader.FollowerInfo (FollowerInfoImpl.java:lambda$new$0(47)) - omNode-2@group-523986131536->omNode-3: nextIndex: updateUnconditionally 234 -> 219
2021-12-03 06:12:31,259 [grpc-default-executor-3] WARN  server.GrpcLogAppender (LogUtils.java:warn(122)) - omNode-2@group-523986131536->omNode-1-AppendLogResponseHandler: Failed appendEntries: org.apache.ratis.thirdparty.io.grpc.StatusRuntimeException: UNAVAILABLE: io exception
2021-12-03 06:12:31,260 [grpc-default-executor-3] WARN  server.GrpcLogAppender (GrpcLogAppender.java:resetClient(110)) - omNode-2@group-523986131536->omNode-1-GrpcLogAppender: Leader has not got in touch with Follower omNode-2@group-523986131536->omNode-1(c-1,m0,n234, attendVote=true, lastRpcSendTime=1, lastRpcResponseTime=27228) yet, just keep nextIndex unchanged and retry.
2021-12-03 06:12:31,424 [grpc-default-executor-3] INFO  server.RaftServer$Division (RaftServerImpl.java:checkInconsistentAppendEntries(1322)) - omNode-3@group-523986131536: Failed appendEntries as previous log entry ((t:10, i:233)) is not found
2021-12-03 06:12:31,424 [grpc-default-executor-3] INFO  server.RaftServer$Division (RaftServerImpl.java:checkInconsistentAppendEntries(1288)) - omNode-3@group-523986131536: inconsistency entries. Reply:omNode-2<-omNode-3#2634:FAIL-t10,INCONSISTENCY,nextIndex=219,followerCommit=218
2021-12-03 06:12:31,424 [grpc-default-executor-3] INFO  leader.FollowerInfo (FollowerInfoImpl.java:lambda$new$0(47)) - omNode-2@group-523986131536->omNode-3: nextIndex: updateUnconditionally 234 -> 219
2021-12-03 06:12:31,759 [grpc-default-executor-3] WARN  server.GrpcLogAppender (LogUtils.java:warn(122)) - omNode-2@group-523986131536->omNode-1-AppendLogResponseHandler: Failed appendEntries: org.apache.ratis.thirdparty.io.grpc.StatusRuntimeException: UNAVAILABLE: io exception
2021-12-03 06:12:31,760 [grpc-default-executor-3] WARN  server.GrpcLogAppender (GrpcLogAppender.java:resetClient(110)) - omNode-2@group-523986131536->omNode-1-GrpcLogAppender: Leader has not got in touch with Follower omNode-2@group-523986131536->omNode-1(c-1,m0,n234, attendVote=true, lastRpcSendTime=1, lastRpcResponseTime=27728) yet, just keep nextIndex unchanged and retry.
2021-12-03 06:12:31,926 [grpc-default-executor-3] INFO  server.RaftServer$Division (RaftServerImpl.java:checkInconsistentAppendEntries(1322)) - omNode-3@group-523986131536: Failed appendEntries as previous log entry ((t:10, i:233)) is not found
2021-12-03 06:12:31,926 [grpc-default-executor-3] INFO  server.RaftServer$Division (RaftServerImpl.java:checkInconsistentAppendEntries(1288)) - omNode-3@group-523986131536: inconsistency entries. Reply:omNode-2<-omNode-3#2685:FAIL-t10,INCONSISTENCY,nextIndex=219,followerCommit=218
2021-12-03 06:12:31,927 [grpc-default-executor-3] INFO  leader.FollowerInfo (FollowerInfoImpl.java:lambda$new$0(47)) - omNode-2@group-523986131536->omNode-3: nextIndex: updateUnconditionally 234 -> 219
2021-12-03 06:12:32,260 [grpc-default-executor-3] WARN  server.GrpcLogAppender (LogUtils.java:warn(122)) - omNode-2@group-523986131536->omNode-1-AppendLogResponseHandler: Failed appendEntries: org.apache.ratis.thirdparty.io.grpc.StatusRuntimeException: UNAVAILABLE: io exception
2021-12-03 06:12:32,261 [grpc-default-executor-3] WARN  server.GrpcLogAppender (GrpcLogAppender.java:resetClient(110)) - omNode-2@group-523986131536->omNode-1-GrpcLogAppender: Leader has not got in touch with Follower omNode-2@group-523986131536->omNode-1(c-1,m0,n234, attendVote=true, lastRpcSendTime=1, lastRpcResponseTime=28228) yet, just keep nextIndex unchanged and retry.
2021-12-03 06:12:32,429 [grpc-default-executor-3] INFO  server.RaftServer$Division (RaftServerImpl.java:checkInconsistentAppendEntries(1322)) - omNode-3@group-523986131536: Failed appendEntries as previous log entry ((t:10, i:233)) is not found
2021-12-03 06:12:32,429 [grpc-default-executor-3] INFO  server.RaftServer$Division (RaftServerImpl.java:checkInconsistentAppendEntries(1288)) - omNode-3@group-523986131536: inconsistency entries. Reply:omNode-2<-omNode-3#2736:FAIL-t10,INCONSISTENCY,nextIndex=219,followerCommit=218
2021-12-03 06:12:32,429 [grpc-default-executor-3] INFO  leader.FollowerInfo (FollowerInfoImpl.java:lambda$new$0(47)) - omNode-2@group-523986131536->omNode-3: nextIndex: updateUnconditionally 234 -> 219
2021-12-03 06:12:32,760 [grpc-default-executor-3] WARN  server.GrpcLogAppender (LogUtils.java:warn(122)) - omNode-2@group-523986131536->omNode-1-AppendLogResponseHandler: Failed appendEntries: org.apache.ratis.thirdparty.io.grpc.StatusRuntimeException: UNAVAILABLE: io exception
2021-12-03 06:12:32,761 [grpc-default-executor-3] WARN  server.GrpcLogAppender (GrpcLogAppender.java:resetClient(110)) - omNode-2@group-523986131536->omNode-1-GrpcLogAppender: Leader has not got in touch with Follower omNode-2@group-523986131536->omNode-1(c-1,m0,n234, attendVote=true, lastRpcSendTime=0, lastRpcResponseTime=28728) yet, just keep nextIndex unchanged and retry.
2021-12-03 06:12:32,931 [grpc-default-executor-3] INFO  server.RaftServer$Division (RaftServerImpl.java:checkInconsistentAppendEntries(1322)) - omNode-3@group-523986131536: Failed appendEntries as previous log entry ((t:10, i:233)) is not found
2021-12-03 06:12:32,932 [grpc-default-executor-3] INFO  server.RaftServer$Division (RaftServerImpl.java:checkInconsistentAppendEntries(1288)) - omNode-3@group-523986131536: inconsistency entries. Reply:omNode-2<-omNode-3#2787:FAIL-t10,INCONSISTENCY,nextIndex=219,followerCommit=218
2021-12-03 06:12:32,932 [grpc-default-executor-3] INFO  leader.FollowerInfo (FollowerInfoImpl.java:lambda$new$0(47)) - omNode-2@group-523986131536->omNode-3: nextIndex: updateUnconditionally 234 -> 219
2021-12-03 06:12:33,260 [grpc-default-executor-3] WARN  server.GrpcLogAppender (LogUtils.java:warn(122)) - omNode-2@group-523986131536->omNode-1-AppendLogResponseHandler: Failed appendEntries: org.apache.ratis.thirdparty.io.grpc.StatusRuntimeException: UNAVAILABLE: io exception
2021-12-03 06:12:33,261 [grpc-default-executor-3] WARN  server.GrpcLogAppender (GrpcLogAppender.java:resetClient(110)) - omNode-2@group-523986131536->omNode-1-GrpcLogAppender: Leader has not got in touch with Follower omNode-2@group-523986131536->omNode-1(c-1,m0,n234, attendVote=true, lastRpcSendTime=0, lastRpcResponseTime=29228) yet, just keep nextIndex unchanged and retry.
2021-12-03 06:12:33,433 [grpc-default-executor-3] INFO  server.RaftServer$Division (RaftServerImpl.java:checkInconsistentAppendEntries(1322)) - omNode-3@group-523986131536: Failed appendEntries as previous log entry ((t:10, i:233)) is not found
2021-12-03 06:12:33,433 [grpc-default-executor-3] INFO  server.RaftServer$Division (RaftServerImpl.java:checkInconsistentAppendEntries(1288)) - omNode-3@group-523986131536: inconsistency entries. Reply:omNode-2<-omNode-3#2836:FAIL-t10,INCONSISTENCY,nextIndex=219,followerCommit=218
2021-12-03 06:12:33,434 [grpc-default-executor-3] INFO  leader.FollowerInfo (FollowerInfoImpl.java:lambda$new$0(47)) - omNode-2@group-523986131536->omNode-3: nextIndex: updateUnconditionally 234 -> 219
2021-12-03 06:12:33,760 [grpc-default-executor-3] WARN  server.GrpcLogAppender (LogUtils.java:warn(122)) - omNode-2@group-523986131536->omNode-1-AppendLogResponseHandler: Failed appendEntries: org.apache.ratis.thirdparty.io.grpc.StatusRuntimeException: UNAVAILABLE: io exception
2021-12-03 06:12:33,761 [grpc-default-executor-3] WARN  server.GrpcLogAppender (GrpcLogAppender.java:resetClient(110)) - omNode-2@group-523986131536->omNode-1-GrpcLogAppender: Leader has not got in touch with Follower omNode-2@group-523986131536->omNode-1(c-1,m0,n234, attendVote=true, lastRpcSendTime=0, lastRpcResponseTime=29728) yet, just keep nextIndex unchanged and retry.
2021-12-03 06:12:33,935 [grpc-default-executor-3] INFO  server.RaftServer$Division (RaftServerImpl.java:checkInconsistentAppendEntries(1322)) - omNode-3@group-523986131536: Failed appendEntries as previous log entry ((t:10, i:233)) is not found
2021-12-03 06:12:33,935 [grpc-default-executor-3] INFO  server.RaftServer$Division (RaftServerImpl.java:checkInconsistentAppendEntries(1288)) - omNode-3@group-523986131536: inconsistency entries. Reply:omNode-2<-omNode-3#2886:FAIL-t10,INCONSISTENCY,nextIndex=219,followerCommit=218
2021-12-03 06:12:33,936 [grpc-default-executor-3] INFO  leader.FollowerInfo (FollowerInfoImpl.java:lambda$new$0(47)) - omNode-2@group-523986131536->omNode-3: nextIndex: updateUnconditionally 234 -> 219
2021-12-03 06:12:34,261 [grpc-default-executor-3] WARN  server.GrpcLogAppender (LogUtils.java:warn(122)) - omNode-2@group-523986131536->omNode-1-AppendLogResponseHandler: Failed appendEntries: org.apache.ratis.thirdparty.io.grpc.StatusRuntimeException: UNAVAILABLE: io exception
2021-12-03 06:12:34,262 [grpc-default-executor-3] WARN  server.GrpcLogAppender (GrpcLogAppender.java:resetClient(110)) - omNode-2@group-523986131536->omNode-1-GrpcLogAppender: Leader has not got in touch with Follower omNode-2@group-523986131536->omNode-1(c-1,m0,n234, attendVote=true, lastRpcSendTime=0, lastRpcResponseTime=30229) yet, just keep nextIndex unchanged and retry.
2021-12-03 06:12:34,367 [Time-limited test] ERROR ha.OMFailoverProxyProvider (OMFailoverProxyProvider.java:getRetryAction(295)) - Failed to connect to OMs: [nodeId=omNode-3,nodeAddress=127.0.0.1:10276, nodeId=omNode-1,nodeAddress=127.0.0.1:10264, nodeId=omNode-2,nodeAddress=127.0.0.1:10270]. Attempted 5 failovers.
2021-12-03 06:12:34,369 [Time-limited test] INFO  om.OzoneManager (OzoneManager.java:stop(1830)) - omNode-3[localhost:10276]: Stopping Ozone Manager
2021-12-03 06:12:34,369 [Time-limited test] INFO  ipc.Server (Server.java:stop(3414)) - Stopping server on 10276
2021-12-03 06:12:34,373 [IPC Server listener on 10276] INFO  ipc.Server (Server.java:run(1376)) - Stopping IPC Server listener on 10276
2021-12-03 06:12:34,375 [IPC Server Responder] INFO  ipc.Server (Server.java:run(1512)) - Stopping IPC Server Responder
2021-12-03 06:12:34,375 [Time-limited test] INFO  server.RaftServer (RaftServerProxy.java:lambda$close$6(391)) - omNode-3: close
2021-12-03 06:12:34,375 [Time-limited test] INFO  server.RaftServer$Division (RaftServerImpl.java:lambda$close$4(412)) - omNode-3@group-523986131536: shutdown
2021-12-03 06:12:34,375 [Time-limited test] INFO  util.JmxRegister (JmxRegister.java:unregister(73)) - Successfully un-registered JMX Bean with object name Ratis:service=RaftServer,group=group-523986131536,id=omNode-3
2021-12-03 06:12:34,375 [Time-limited test] INFO  impl.RoleInfo (RoleInfo.java:shutdownFollowerState(108)) - omNode-3: shutdown omNode-3@group-523986131536-FollowerState
2021-12-03 06:12:34,375 [omNode-3@group-523986131536-FollowerState] INFO  impl.FollowerState (FollowerState.java:run(143)) - omNode-3@group-523986131536-FollowerState was interrupted: {}
java.lang.InterruptedException: sleep interrupted
	at java.lang.Thread.sleep(Native Method)
	at java.lang.Thread.sleep(Thread.java:340)
	at java.util.concurrent.TimeUnit.sleep(TimeUnit.java:386)
	at org.apache.ratis.util.TimeDuration.sleep(TimeDuration.java:324)
	at org.apache.ratis.util.TimeDuration.sleep(TimeDuration.java:309)
	at org.apache.ratis.server.impl.FollowerState.run(FollowerState.java:118)
2021-12-03 06:12:34,376 [Time-limited test] INFO  impl.StateMachineUpdater (StateMachineUpdater.java:stopAndJoin(149)) - omNode-3@group-523986131536-StateMachineUpdater: set stopIndex = 218
2021-12-03 06:12:34,376 [omNode-3@group-523986131536-StateMachineUpdater] INFO  ratis.OzoneManagerStateMachine (OzoneManagerStateMachine.java:close(471)) - StateMachine has shutdown. Shutdown OzoneManager if not already shutdown.
2021-12-03 06:12:34,377 [Time-limited test] INFO  server.RaftServer$Division (ServerState.java:close(419)) - omNode-3@group-523986131536: closes. applyIndex: 218
2021-12-03 06:12:34,377 [omNode-3@group-523986131536-SegmentedRaftLogWorker] INFO  segmented.SegmentedRaftLogWorker (SegmentedRaftLogWorker.java:run(327)) - omNode-3@group-523986131536-SegmentedRaftLogWorker was interrupted, exiting. There are 0 tasks remaining in the queue.
2021-12-03 06:12:34,377 [Time-limited test] INFO  segmented.SegmentedRaftLogWorker (SegmentedRaftLogWorker.java:close(237)) - omNode-3@group-523986131536-SegmentedRaftLogWorker close()
2021-12-03 06:12:34,378 [Time-limited test] INFO  server.GrpcService (GrpcService.java:closeImpl(262)) - omNode-3: shutdown server with port 10280 now
2021-12-03 06:12:34,379 [grpc-default-executor-1] WARN  server.GrpcServerProtocolService (LogUtils.java:warn(122)) - omNode-3: installSnapshot onError, lastRequest: omNode-2->omNode-3#2887-t10,previous=(t:0, i:0),leaderCommit=15,initializing? false,entries: size=15, first=(t:8, i:219), CONFIGURATIONENTRY: org.apache.ratis.thirdparty.io.grpc.StatusRuntimeException: CANCELLED: client cancelled
2021-12-03 06:12:34,379 [grpc-default-executor-4] INFO  server.GrpcLogAppender (GrpcLogAppender.java:onError(335)) - omNode-2@group-523986131536->omNode-3-GrpcLogAppender is stopped
2021-12-03 06:12:34,379 [grpc-default-executor-5] WARN  server.GrpcServerProtocolService (LogUtils.java:warn(122)) - omNode-3: installSnapshot onError, lastRequest: null: org.apache.ratis.thirdparty.io.grpc.StatusRuntimeException: CANCELLED: client cancelled
2021-12-03 06:12:34,380 [grpc-default-executor-6] WARN  server.GrpcLogAppender (LogUtils.java:warn(122)) - omNode-2@group-523986131536->omNode-3-AppendLogResponseHandler: Failed appendEntries: org.apache.ratis.thirdparty.io.grpc.StatusRuntimeException: CANCELLED: HTTP/2 error code: CANCEL
Received Rst Stream
2021-12-03 06:12:34,380 [grpc-default-executor-6] INFO  leader.FollowerInfo (FollowerInfoImpl.java:lambda$new$0(47)) - omNode-2@group-523986131536->omNode-3: nextIndex: updateUnconditionally 234 -> 219
2021-12-03 06:12:34,385 [Time-limited test] INFO  server.GrpcService (GrpcService.java:closeImpl(271)) - omNode-3: shutdown server with port 10280 successfully
2021-12-03 06:12:34,386 [org.apache.ratis.util.JvmPauseMonitor$$Lambda$525/54615406@31dcd245] INFO  util.JvmPauseMonitor (JvmPauseMonitor.java:run(109)) - JvmPauseMonitor-omNode-3: Stopped
2021-12-03 06:12:34,386 [Time-limited test] INFO  ratis.OzoneManagerDoubleBuffer (OzoneManagerDoubleBuffer.java:stop(437)) - Stopping OMDoubleBuffer flush thread
2021-12-03 06:12:34,387 [OMDoubleBufferFlushThread] INFO  ratis.OzoneManagerDoubleBuffer (OzoneManagerDoubleBuffer.java:flushTransactions(356)) - OMDoubleBuffer flush thread OMDoubleBufferFlushThread is interrupted and will exit. OMDoubleBufferFlushThread
2021-12-03 06:12:34,388 [Time-limited test] INFO  handler.ContextHandler (ContextHandler.java:doStop(1153)) - Stopped o.e.j.w.WebAppContext@55c716bc{ozoneManager,/,null,STOPPED}{file:/home/runner/work/ozone/ozone/hadoop-ozone/integration-test/target/test-classes/webapps/ozoneManager}
2021-12-03 06:12:34,389 [grpc-default-executor-2] WARN  server.GrpcLogAppender (LogUtils.java:warn(122)) - omNode-2@group-523986131536->omNode-3-AppendLogResponseHandler: Failed appendEntries: org.apache.ratis.thirdparty.io.grpc.StatusRuntimeException: UNAVAILABLE: io exception
2021-12-03 06:12:34,389 [grpc-default-executor-2] INFO  leader.FollowerInfo (FollowerInfoImpl.java:lambda$new$0(47)) - omNode-2@group-523986131536->omNode-3: nextIndex: updateUnconditionally 234 -> 219
2021-12-03 06:12:34,393 [Time-limited test] INFO  server.AbstractConnector (AbstractConnector.java:doStop(381)) - Stopped ServerConnector@18d62687{HTTP/1.1, (http/1.1)}{0.0.0.0:10278}
2021-12-03 06:12:34,393 [Time-limited test] INFO  server.session (HouseKeeper.java:stopScavenging(149)) - node0 Stopped scavenging
2021-12-03 06:12:34,393 [Time-limited test] INFO  handler.ContextHandler (ContextHandler.java:doStop(1153)) - Stopped o.e.j.s.ServletContextHandler@4a7add89{static,/static,file:///home/runner/work/ozone/ozone/hadoop-ozone/integration-test/target/test-classes/webapps/static,STOPPED}
2021-12-03 06:12:34,394 [Time-limited test] INFO  handler.ContextHandler (ContextHandler.java:doStop(1153)) - Stopped o.e.j.s.ServletContextHandler@7cf7edc4{logs,/logs,file:///home/runner/work/ozone/ozone/hadoop-ozone/integration-test/target/log,STOPPED}
2021-12-03 06:12:34,406 [Time-limited test] INFO  om.OzoneManager (OzoneManager.java:initFSOLayout(3786)) - Configured ozone.om.metadata.layout=SIMPLE and disabled optimized OM FS operations
2021-12-03 06:12:34,406 [Time-limited test] INFO  om.OzoneManager (OzoneManager.java:restart(1452)) - OzoneManager RPC server is listening at localhost/127.0.0.1:10276
2021-12-03 06:12:34,406 [Time-limited test] INFO  impl.MetricsSystemImpl (MetricsSystemImpl.java:init(158)) - OzoneManager metrics system started (again)
2021-12-03 06:12:34,435 [Time-limited test] WARN  server.ServerUtils (ServerUtils.java:getDBPath(225)) - ozone.om.db.dirs is not configured. We recommend adding this setting. Falling back to ozone.metadata.dirs instead.
2021-12-03 06:12:34,436 [Time-limited test] INFO  codec.OmKeyInfoCodec (OmKeyInfoCodec.java:<init>(50)) - OmKeyInfoCodec ignorePipeline = true
2021-12-03 06:12:34,437 [Time-limited test] INFO  codec.RepeatedOmKeyInfoCodec (RepeatedOmKeyInfoCodec.java:<init>(42)) - RepeatedOmKeyInfoCodec ignorePipeline = true
2021-12-03 06:12:34,498 [Time-limited test] WARN  impl.MetricRegistriesImpl (MetricRegistriesImpl.java:addReporterRegistration(111)) - New reporters are added after registries were created. Some metrics will be missing from the reporter. Please add reporter before adding any new registry.
2021-12-03 06:12:34,498 [Time-limited test] WARN  impl.MetricRegistriesImpl (MetricRegistriesImpl.java:addReporterRegistration(111)) - New reporters are added after registries were created. Some metrics will be missing from the reporter. Please add reporter before adding any new registry.
2021-12-03 06:12:34,498 [Time-limited test] WARN  server.ServerUtils (ServerUtils.java:getDefaultRatisDirectory(237)) - Storage directory for Ratis is not configured. It is a good idea to map this to an SSD disk. Falling back to ozone.metadata.dirs
2021-12-03 06:12:34,511 [Time-limited test] INFO  ratis.OzoneManagerRatisServer (OzoneManagerRatisServer.java:<init>(159)) - Instantiating OM Ratis server with groupID: om-service-test1 and peers: localhost:10280, localhost:10268, localhost:10274
2021-12-03 06:12:34,511 [Time-limited test] INFO  ratis.OzoneManagerStateMachine (OzoneManagerStateMachine.java:loadSnapshotInfoFromDB(605)) - LastAppliedIndex is set from TransactionInfo from OM DB as (t:7, i:218)
2021-12-03 06:12:34,516 [Time-limited test] INFO  server.RaftServer (ConfUtils.java:logGet(44)) - raft.rpc.type = GRPC (default)
2021-12-03 06:12:34,516 [Time-limited test] INFO  grpc.GrpcFactory (GrpcFactory.java:checkPooledByteBufAllocatorUseCacheForAllThreads(48)) - PERFORMANCE WARNING: useCacheForAllThreads is true that may cause Netty to create a lot garbage objects and, as a result, trigger GC.
	It is recommended to disable useCacheForAllThreads by setting -Dorg.apache.ratis.thirdparty.io.netty.allocator.useCacheForAllThreads=false in command line.
2021-12-03 06:12:34,516 [Time-limited test] INFO  grpc.GrpcConfigKeys (ConfUtils.java:logGet(44)) - raft.grpc.admin.port = -1 (default)
2021-12-03 06:12:34,516 [Time-limited test] INFO  grpc.GrpcConfigKeys (ConfUtils.java:logGet(44)) - raft.grpc.server.port = 10280 (custom)
2021-12-03 06:12:34,516 [Time-limited test] INFO  grpc.GrpcConfigKeys (ConfUtils.java:logGet(44)) - raft.grpc.client.port = -1 (default)
2021-12-03 06:12:34,516 [Time-limited test] INFO  grpc.GrpcConfigKeys (ConfUtils.java:logGet(44)) - raft.grpc.server.port = 10280 (custom)
2021-12-03 06:12:34,516 [Time-limited test] INFO  grpc.GrpcConfigKeys (ConfUtils.java:logGet(44)) - raft.grpc.server.port = 10280 (custom)
2021-12-03 06:12:34,516 [Time-limited test] INFO  server.GrpcService (ConfUtils.java:logGet(44)) - raft.grpc.message.size.max = 33554432 (custom)
2021-12-03 06:12:34,516 [Time-limited test] INFO  server.RaftServerConfigKeys (ConfUtils.java:logGet(44)) - raft.server.log.appender.buffer.byte-limit = 33554432 (custom)
2021-12-03 06:12:34,517 [Time-limited test] INFO  server.GrpcService (ConfUtils.java:logGet(44)) - raft.grpc.flow.control.window = 1MB (=1048576) (default)
2021-12-03 06:12:34,517 [Time-limited test] INFO  server.RaftServerConfigKeys (ConfUtils.java:logGet(44)) - raft.server.rpc.request.timeout = 3000ms (default)
2021-12-03 06:12:34,518 [Time-limited test] INFO  impl.DataStreamServerImpl (ConfUtils.java:logGet(44)) - raft.datastream.type = DISABLED (default)
2021-12-03 06:12:34,518 [Time-limited test] INFO  server.RaftServerConfigKeys (ConfUtils.java:logGet(44)) - raft.server.rpc.slowness.timeout = 2s (custom)
2021-12-03 06:12:34,518 [Time-limited test] INFO  server.RaftServerConfigKeys (ConfUtils.java:logGet(44)) - raft.server.leaderelection.leader.step-down.wait-time = 10s (default)
2021-12-03 06:12:34,518 [Time-limited test] INFO  server.RaftServerConfigKeys (ConfUtils.java:logGet(44)) - raft.server.storage.dir = [/home/runner/work/ozone/ozone/hadoop-ozone/integration-test/target/test-dir/MiniOzoneClusterImpl-534ecdf6-6327-4b2f-8372-e39e4f15c404/omNode-3/ratis] (custom)
2021-12-03 06:12:34,519 [Time-limited test] INFO  server.RaftServer (RaftServerProxy.java:lambda$null$1(235)) - omNode-3: found a subdirectory /home/runner/work/ozone/ozone/hadoop-ozone/integration-test/target/test-dir/MiniOzoneClusterImpl-534ecdf6-6327-4b2f-8372-e39e4f15c404/omNode-3/ratis/c9bc4cf4-3bc3-3c60-a66b-523986131536
2021-12-03 06:12:34,526 [Time-limited test] INFO  server.RaftServer (RaftServerProxy.java:addNew(95)) - omNode-3: addNew group-523986131536:[omNode-3|rpc:localhost:10280|priority:0, omNode-1|rpc:localhost:10268|priority:0, omNode-2|rpc:localhost:10274|priority:0] returns group-523986131536:java.util.concurrent.CompletableFuture@258cac7c[Not completed]
2021-12-03 06:12:34,526 [Time-limited test] INFO  om.OzoneManager (OzoneManager.java:initializeRatisServer(1771)) - OzoneManager Ratis server initialized at port 10280
2021-12-03 06:12:34,526 [Time-limited test] INFO  ratis.OzoneManagerRatisServer (OzoneManagerRatisServer.java:start(516)) - Starting OzoneManagerRatisServer omNode-3 at port 10280
2021-12-03 06:12:34,526 [pool-520-thread-1] INFO  server.RaftServer$Division (RaftServerImpl.java:<init>(184)) - omNode-3: new RaftServerImpl for group-523986131536:[omNode-3|rpc:localhost:10280|priority:0, omNode-1|rpc:localhost:10268|priority:0, omNode-2|rpc:localhost:10274|priority:0] with OzoneManagerStateMachine:uninitialized
2021-12-03 06:12:34,527 [pool-520-thread-1] INFO  server.RaftServerConfigKeys (ConfUtils.java:logGet(44)) - raft.server.rpc.timeout.min = 1s (custom)
2021-12-03 06:12:34,528 [pool-520-thread-1] INFO  server.RaftServerConfigKeys (ConfUtils.java:logGet(44)) - raft.server.rpc.timeout.max = 1200ms (custom)
2021-12-03 06:12:34,528 [pool-520-thread-1] INFO  server.RaftServerConfigKeys (ConfUtils.java:logGet(44)) - raft.server.rpc.sleep.time = 25ms (default)
2021-12-03 06:12:34,528 [pool-520-thread-1] INFO  server.RaftServerConfigKeys (ConfUtils.java:logGet(44)) - raft.server.rpc.slowness.timeout = 2s (custom)
2021-12-03 06:12:34,528 [pool-520-thread-1] INFO  server.RaftServerConfigKeys (ConfUtils.java:logGet(44)) - raft.server.leaderelection.leader.step-down.wait-time = 10s (default)
2021-12-03 06:12:34,528 [pool-520-thread-1] INFO  server.RaftServerConfigKeys (ConfUtils.java:logGet(44)) - raft.server.sleep.deviation.threshold = 300ms (default)
2021-12-03 06:12:34,528 [pool-520-thread-1] INFO  server.RaftServerConfigKeys (ConfUtils.java:logGet(44)) - raft.server.log.appender.install.snapshot.enabled = false (custom)
2021-12-03 06:12:34,528 [pool-520-thread-1] INFO  server.RaftServer$Division (ServerState.java:<init>(105)) - omNode-3@group-523986131536: ConfigurationManager, init=-1: [omNode-3|rpc:localhost:10280|priority:0, omNode-1|rpc:localhost:10268|priority:0, omNode-2|rpc:localhost:10274|priority:0], old=null, confs=<EMPTY_MAP>
2021-12-03 06:12:34,528 [pool-520-thread-1] INFO  server.RaftServerConfigKeys (ConfUtils.java:logGet(44)) - raft.server.storage.dir = [/home/runner/work/ozone/ozone/hadoop-ozone/integration-test/target/test-dir/MiniOzoneClusterImpl-534ecdf6-6327-4b2f-8372-e39e4f15c404/omNode-3/ratis] (custom)
2021-12-03 06:12:34,528 [pool-520-thread-1] INFO  server.RaftServerConfigKeys (ConfUtils.java:logGet(44)) - raft.server.log.corruption.policy = EXCEPTION (default)
2021-12-03 06:12:34,528 [pool-520-thread-1] INFO  server.RaftServerConfigKeys (ConfUtils.java:logGet(44)) - raft.server.storage.free-space.min = 0MB (=0) (default)
2021-12-03 06:12:34,530 [pool-520-thread-1] INFO  storage.RaftStorageDirectory (RaftStorageDirectoryImpl.java:tryLock(230)) - Lock on /home/runner/work/ozone/ozone/hadoop-ozone/integration-test/target/test-dir/MiniOzoneClusterImpl-534ecdf6-6327-4b2f-8372-e39e4f15c404/omNode-3/ratis/c9bc4cf4-3bc3-3c60-a66b-523986131536/in_use.lock acquired by nodename 23585@fv-az12-681
2021-12-03 06:12:34,530 [pool-520-thread-1] INFO  storage.RaftStorage (RaftStorageImpl.java:analyzeAndRecoverStorage(110)) - Read RaftStorageMetadata{term=10, votedFor=omNode-2} from /home/runner/work/ozone/ozone/hadoop-ozone/integration-test/target/test-dir/MiniOzoneClusterImpl-534ecdf6-6327-4b2f-8372-e39e4f15c404/omNode-3/ratis/c9bc4cf4-3bc3-3c60-a66b-523986131536/current/raft-meta
2021-12-03 06:12:34,530 [pool-520-thread-1] INFO  server.RaftServer$Division (ServerState.java:setRaftConf(387)) - omNode-3@group-523986131536: set configuration 233: [omNode-3|rpc:localhost:10280|admin:|client:|dataStream:|priority:0, omNode-1|rpc:localhost:10268|admin:|client:|dataStream:|priority:0, omNode-2|rpc:localhost:10274|admin:|client:|dataStream:|priority:0], old=null
2021-12-03 06:12:34,530 [pool-520-thread-1] INFO  server.RaftServerConfigKeys (ConfUtils.java:logGet(44)) - raft.server.notification.no-leader.timeout = 2s (custom)
2021-12-03 06:12:34,530 [pool-520-thread-1] INFO  server.RaftServerConfigKeys (ConfUtils.java:logGet(44)) - raft.server.log.use.memory = false (default)
2021-12-03 06:12:34,531 [pool-520-thread-1] INFO  server.RaftServerConfigKeys (ConfUtils.java:logGet(44)) - raft.server.log.purge.gap = 50 (custom)
2021-12-03 06:12:34,531 [pool-520-thread-1] INFO  server.RaftServerConfigKeys (ConfUtils.java:logGet(44)) - raft.server.log.appender.buffer.byte-limit = 33554432 (custom)
2021-12-03 06:12:34,531 [pool-520-thread-1] INFO  server.RaftServerConfigKeys (ConfUtils.java:logGet(44)) - raft.server.log.segment.size.max = 4194304 (custom)
2021-12-03 06:12:34,531 [pool-520-thread-1] INFO  server.RaftServerConfigKeys (ConfUtils.java:logGet(44)) - raft.server.log.segment.cache.num.max = 2 (custom)
2021-12-03 06:12:34,531 [pool-520-thread-1] INFO  server.RaftServerConfigKeys (ConfUtils.java:logGet(44)) - raft.server.log.segment.cache.size.max = 200MB (=209715200) (default)
2021-12-03 06:12:34,531 [pool-520-thread-1] INFO  segmented.SegmentedRaftLogWorker (SegmentedRaftLogWorker.java:<init>(182)) - new omNode-3@group-523986131536-SegmentedRaftLogWorker for RaftStorageImpl:Storage Directory /home/runner/work/ozone/ozone/hadoop-ozone/integration-test/target/test-dir/MiniOzoneClusterImpl-534ecdf6-6327-4b2f-8372-e39e4f15c404/omNode-3/ratis/c9bc4cf4-3bc3-3c60-a66b-523986131536
2021-12-03 06:12:34,532 [pool-520-thread-1] INFO  server.RaftServerConfigKeys (ConfUtils.java:logGet(44)) - raft.server.log.queue.byte-limit = 64MB (=67108864) (default)
2021-12-03 06:12:34,532 [pool-520-thread-1] INFO  server.RaftServerConfigKeys (ConfUtils.java:logGet(44)) - raft.server.log.queue.element-limit = 4096 (default)
2021-12-03 06:12:34,532 [pool-520-thread-1] INFO  server.RaftServerConfigKeys (ConfUtils.java:logGet(44)) - raft.server.log.segment.size.max = 4194304 (custom)
2021-12-03 06:12:34,532 [pool-520-thread-1] INFO  server.RaftServerConfigKeys (ConfUtils.java:logGet(44)) - raft.server.log.preallocated.size = 4194304 (custom)
2021-12-03 06:12:34,532 [pool-520-thread-1] INFO  server.RaftServerConfigKeys (ConfUtils.java:logGet(44)) - raft.server.log.force.sync.num = 128 (default)
2021-12-03 06:12:34,532 [pool-520-thread-1] INFO  server.RaftServerConfigKeys (ConfUtils.java:logGet(44)) - raft.server.log.statemachine.data.sync = true (default)
2021-12-03 06:12:34,532 [pool-520-thread-1] INFO  server.RaftServerConfigKeys (ConfUtils.java:logGet(44)) - raft.server.log.statemachine.data.sync.timeout = 10s (default)
2021-12-03 06:12:34,532 [pool-520-thread-1] INFO  server.RaftServerConfigKeys (ConfUtils.java:logGet(44)) - raft.server.log.statemachine.data.sync.timeout.retry = -1 (default)
2021-12-03 06:12:34,533 [pool-520-thread-1] INFO  server.RaftServerConfigKeys (ConfUtils.java:logGet(44)) - raft.server.log.write.buffer.size = 64KB (=65536) (default)
2021-12-03 06:12:34,533 [pool-520-thread-1] INFO  server.RaftServerConfigKeys (ConfUtils.java:logGet(44)) - raft.server.log.statemachine.data.caching.enabled = false (default)
2021-12-03 06:12:34,534 [pool-520-thread-1] INFO  server.RaftServer$Division (ServerState.java:setRaftConf(387)) - omNode-3@group-523986131536: set configuration 133: [omNode-3|rpc:localhost:10280|admin:|client:|dataStream:|priority:0, omNode-1|rpc:localhost:10268|admin:|client:|dataStream:|priority:0, omNode-2|rpc:localhost:10274|admin:|client:|dataStream:|priority:0], old=null
2021-12-03 06:12:34,540 [pool-520-thread-1] INFO  segmented.LogSegment (LogSegment.java:loadSegment(173)) - Successfully read 86 entries from segment file /home/runner/work/ozone/ozone/hadoop-ozone/integration-test/target/test-dir/MiniOzoneClusterImpl-534ecdf6-6327-4b2f-8372-e39e4f15c404/omNode-3/ratis/c9bc4cf4-3bc3-3c60-a66b-523986131536/current/log_inprogress_133
2021-12-03 06:12:34,542 [pool-520-thread-1] INFO  segmented.SegmentedRaftLogWorker (SegmentedRaftLogWorker.java:lambda$new$0(133)) - omNode-3@group-523986131536-SegmentedRaftLogWorker: flushIndex: setUnconditionally 0 -> 218
2021-12-03 06:12:34,542 [pool-520-thread-1] INFO  segmented.SegmentedRaftLogWorker (SegmentedRaftLogWorker.java:lambda$new$0(133)) - omNode-3@group-523986131536-SegmentedRaftLogWorker: safeCacheEvictIndex: setUnconditionally 0 -> -1
2021-12-03 06:12:34,550 [pool-520-thread-1] INFO  raftlog.RaftLog (RaftLogBase.java:lambda$new$0(53)) - omNode-3@group-523986131536-SegmentedRaftLog: commitIndex: updateToMax old=218, new=217, updated? false
2021-12-03 06:12:34,550 [pool-520-thread-1] INFO  raftlog.RaftLog (RaftLogBase.java:lambda$new$0(53)) - omNode-3@group-523986131536-SegmentedRaftLog: purgeIndex: updateIncreasingly -1 -> 132
2021-12-03 06:12:34,550 [pool-520-thread-1] INFO  server.RaftServerConfigKeys (ConfUtils.java:logGet(44)) - raft.server.snapshot.auto.trigger.enabled = true (custom)
2021-12-03 06:12:34,550 [pool-520-thread-1] INFO  server.RaftServerConfigKeys (ConfUtils.java:logGet(44)) - raft.server.snapshot.auto.trigger.threshold = 50 (custom)
2021-12-03 06:12:34,550 [pool-520-thread-1] INFO  server.RaftServerConfigKeys (ConfUtils.java:logGet(44)) - raft.server.snapshot.retention.file.num = -1 (default)
2021-12-03 06:12:34,550 [pool-520-thread-1] INFO  server.RaftServerConfigKeys (ConfUtils.java:logGet(44)) - raft.server.log.purge.upto.snapshot.index = true (custom)
2021-12-03 06:12:34,550 [pool-520-thread-1] INFO  server.RaftServerConfigKeys (ConfUtils.java:logGet(44)) - raft.server.retrycache.expirytime = 30000ms (custom)
2021-12-03 06:12:34,550 [pool-520-thread-1] INFO  server.RaftServerConfigKeys (ConfUtils.java:logGet(44)) - raft.server.retrycache.statistics.expirytime = 100μs (default)
2021-12-03 06:12:34,552 [Time-limited test] INFO  server.RaftServer$Division (RaftServerImpl.java:start(301)) - omNode-3@group-523986131536: start as a follower, conf=233: [omNode-3|rpc:localhost:10280|admin:|client:|dataStream:|priority:0, omNode-1|rpc:localhost:10268|admin:|client:|dataStream:|priority:0, omNode-2|rpc:localhost:10274|admin:|client:|dataStream:|priority:0], old=null
2021-12-03 06:12:34,552 [Time-limited test] INFO  server.RaftServer$Division (RaftServerImpl.java:setRole(290)) - omNode-3@group-523986131536: changes role from      null to FOLLOWER at term 10 for startAsFollower
2021-12-03 06:12:34,552 [Time-limited test] INFO  impl.RoleInfo (RoleInfo.java:updateAndGet(130)) - omNode-3: start omNode-3@group-523986131536-FollowerState
2021-12-03 06:12:34,553 [Time-limited test] INFO  util.JmxRegister (JmxRegister.java:tryRegister(44)) - Successfully registered JMX Bean with object name Ratis:service=RaftServer,group=group-523986131536,id=omNode-3
2021-12-03 06:12:34,553 [Time-limited test] INFO  server.RaftServer (RaftServerProxy.java:lambda$start$5(374)) - omNode-3: start RPC server
2021-12-03 06:12:34,555 [Time-limited test] INFO  server.GrpcService (GrpcService.java:startImpl(253)) - omNode-3: GrpcService started, listening on 10280
2021-12-03 06:12:34,558 [Time-limited test] INFO  ipc.CallQueueManager (CallQueueManager.java:<init>(90)) - Using callQueue: class java.util.concurrent.LinkedBlockingQueue, queueCapacity: 2000, scheduler: class org.apache.hadoop.ipc.DefaultRpcScheduler, ipcBackoff: false.
2021-12-03 06:12:34,559 [org.apache.ratis.util.JvmPauseMonitor$$Lambda$525/54615406@107823c2] INFO  util.JvmPauseMonitor (JvmPauseMonitor.java:run(103)) - JvmPauseMonitor-omNode-3: Started
2021-12-03 06:12:34,559 [Socket Reader #1 for port 10276] INFO  ipc.Server (Server.java:run(1265)) - Starting Socket Reader #1 for port 10276
2021-12-03 06:12:34,567 [Listener at localhost/10276] INFO  http.BaseHttpServer (BaseHttpServer.java:newHttpServer2BuilderForOzone(209)) - Starting Web-server for ozoneManager at: http://0.0.0.0:10278
2021-12-03 06:12:34,568 [Listener at localhost/10276] INFO  http.BaseHttpServer (BaseHttpServer.java:<init>(107)) - Hadoop Security Enabled: false Ozone Security Enabled: false Ozone HTTP Security Enabled: false 
2021-12-03 06:12:34,572 [Listener at localhost/10276] INFO  server.AuthenticationFilter (AuthenticationFilter.java:constructSecretProvider(240)) - Unable to initialize FileSignerSecretProvider, falling back to use random secrets.
2021-12-03 06:12:34,572 [Listener at localhost/10276] WARN  http.HttpRequestLog (HttpRequestLog.java:getRequestLog(103)) - Jetty request log can only be enabled using Log4j
2021-12-03 06:12:34,573 [Listener at localhost/10276] INFO  http.HttpServer2 (HttpServer2.java:addGlobalFilter(1030)) - Added global filter 'safety' (class=org.apache.hadoop.hdds.server.http.HttpServer2$QuotingInputFilter)
2021-12-03 06:12:34,574 [Listener at localhost/10276] INFO  http.HttpServer2 (HttpServer2.java:addFilter(1006)) - Added filter static_user_filter (class=org.apache.hadoop.http.lib.StaticUserWebFilter$StaticUserFilter) to context ozoneManager
2021-12-03 06:12:34,574 [Listener at localhost/10276] INFO  http.HttpServer2 (HttpServer2.java:addFilter(1014)) - Added filter static_user_filter (class=org.apache.hadoop.http.lib.StaticUserWebFilter$StaticUserFilter) to context static
2021-12-03 06:12:34,574 [Listener at localhost/10276] INFO  http.HttpServer2 (HttpServer2.java:addFilter(1014)) - Added filter static_user_filter (class=org.apache.hadoop.http.lib.StaticUserWebFilter$StaticUserFilter) to context logs
2021-12-03 06:12:34,574 [Listener at localhost/10276] INFO  http.HttpServer2 (HttpServer2.java:bindListener(1249)) - Jetty bound to port 10278
2021-12-03 06:12:34,574 [Listener at localhost/10276] INFO  server.Server (Server.java:doStart(375)) - jetty-9.4.43.v20210629; built: 2021-06-30T11:07:22.254Z; git: 526006ecfa3af7f1a27ef3a288e2bef7ea9dd7e8; jvm 1.8.0_292-b10
2021-12-03 06:12:34,576 [Listener at localhost/10276] INFO  server.session (DefaultSessionIdManager.java:doStart(334)) - DefaultSessionIdManager workerName=node0
2021-12-03 06:12:34,576 [Listener at localhost/10276] INFO  server.session (DefaultSessionIdManager.java:doStart(339)) - No SessionScavenger set, using defaults
2021-12-03 06:12:34,579 [Listener at localhost/10276] INFO  server.session (HouseKeeper.java:startScavenging(132)) - node0 Scavenging every 660000ms
2021-12-03 06:12:34,581 [Listener at localhost/10276] INFO  handler.ContextHandler (ContextHandler.java:doStart(915)) - Started o.e.j.s.ServletContextHandler@fa123bc{logs,/logs,file:///home/runner/work/ozone/ozone/hadoop-ozone/integration-test/target/log,AVAILABLE}
2021-12-03 06:12:34,582 [Listener at localhost/10276] INFO  handler.ContextHandler (ContextHandler.java:doStart(915)) - Started o.e.j.s.ServletContextHandler@6420358c{static,/static,file:///home/runner/work/ozone/ozone/hadoop-ozone/integration-test/target/test-classes/webapps/static,AVAILABLE}
2021-12-03 06:12:34,585 [Listener at localhost/10276] INFO  handler.ContextHandler (ContextHandler.java:doStart(915)) - Started o.e.j.w.WebAppContext@ce9eeb{ozoneManager,/,file:///home/runner/work/ozone/ozone/hadoop-ozone/integration-test/target/test-classes/webapps/ozoneManager/,AVAILABLE}{file:/home/runner/work/ozone/ozone/hadoop-ozone/integration-test/target/test-classes/webapps/ozoneManager}
2021-12-03 06:12:34,588 [Listener at localhost/10276] INFO  server.AbstractConnector (AbstractConnector.java:doStart(331)) - Started ServerConnector@5459c9c0{HTTP/1.1, (http/1.1)}{0.0.0.0:10278}
2021-12-03 06:12:34,590 [Listener at localhost/10276] INFO  server.Server (Server.java:doStart(415)) - Started @95527ms
2021-12-03 06:12:34,590 [Listener at localhost/10276] WARN  impl.MetricsSystemImpl (MetricsSystemImpl.java:register(279)) - Sink prometheus already exists!
2021-12-03 06:12:34,591 [Listener at localhost/10276] INFO  http.BaseHttpServer (BaseHttpServer.java:updateConnectorAddress(329)) - HTTP server of ozoneManager listening at http://0.0.0.0:10278
2021-12-03 06:12:34,591 [IPC Server Responder] INFO  ipc.Server (Server.java:run(1507)) - IPC Server Responder: starting
2021-12-03 06:12:34,591 [IPC Server listener on 10276] INFO  ipc.Server (Server.java:run(1344)) - IPC Server listener on 10276: starting
2021-12-03 06:12:34,599 [Listener at localhost/10276] INFO  om.OzoneManager (OzoneManager.java:startTrashEmptier(1729)) - Trash Interval set to 0. Files deleted will not move to trash
2021-12-03 06:12:34,600 [Listener at localhost/10276] INFO  om.OzoneManager (OzoneManager.java:stop(1830)) - omNode-1[localhost:10264]: Stopping Ozone Manager
2021-12-03 06:12:34,600 [Listener at localhost/10276] INFO  ipc.Server (Server.java:stop(3414)) - Stopping server on 10264
2021-12-03 06:12:34,600 [Listener at localhost/10276] INFO  om.OzoneManager (OzoneManager.java:initFSOLayout(3786)) - Configured ozone.om.metadata.layout=SIMPLE and disabled optimized OM FS operations
2021-12-03 06:12:34,600 [Listener at localhost/10276] INFO  om.OzoneManager (OzoneManager.java:restart(1452)) - OzoneManager RPC server is listening at localhost/127.0.0.1:10264
2021-12-03 06:12:34,600 [Listener at localhost/10276] INFO  impl.MetricsSystemImpl (MetricsSystemImpl.java:init(158)) - OzoneManager metrics system started (again)
2021-12-03 06:12:34,612 [org.apache.hadoop.util.JvmPauseMonitor$Monitor@500b3373] INFO  util.JvmPauseMonitor (JvmPauseMonitor.java:run(188)) - Starting JVM pause monitor
2021-12-03 06:12:34,647 [Listener at localhost/10276] WARN  server.ServerUtils (ServerUtils.java:getDBPath(225)) - ozone.om.db.dirs is not configured. We recommend adding this setting. Falling back to ozone.metadata.dirs instead.
2021-12-03 06:12:34,648 [Listener at localhost/10276] INFO  codec.OmKeyInfoCodec (OmKeyInfoCodec.java:<init>(50)) - OmKeyInfoCodec ignorePipeline = true
2021-12-03 06:12:34,648 [Listener at localhost/10276] INFO  codec.RepeatedOmKeyInfoCodec (RepeatedOmKeyInfoCodec.java:<init>(42)) - RepeatedOmKeyInfoCodec ignorePipeline = true
2021-12-03 06:12:34,726 [Listener at localhost/10276] WARN  impl.MetricRegistriesImpl (MetricRegistriesImpl.java:addReporterRegistration(111)) - New reporters are added after registries were created. Some metrics will be missing from the reporter. Please add reporter before adding any new registry.
2021-12-03 06:12:34,726 [Listener at localhost/10276] WARN  impl.MetricRegistriesImpl (MetricRegistriesImpl.java:addReporterRegistration(111)) - New reporters are added after registries were created. Some metrics will be missing from the reporter. Please add reporter before adding any new registry.
2021-12-03 06:12:34,726 [Listener at localhost/10276] WARN  server.ServerUtils (ServerUtils.java:getDefaultRatisDirectory(237)) - Storage directory for Ratis is not configured. It is a good idea to map this to an SSD disk. Falling back to ozone.metadata.dirs
2021-12-03 06:12:34,727 [Listener at localhost/10276] INFO  ratis.OzoneManagerRatisServer (OzoneManagerRatisServer.java:<init>(159)) - Instantiating OM Ratis server with groupID: om-service-test1 and peers: localhost:10268, localhost:10280, localhost:10274
2021-12-03 06:12:34,727 [Listener at localhost/10276] INFO  ratis.OzoneManagerStateMachine (OzoneManagerStateMachine.java:loadSnapshotInfoFromDB(605)) - LastAppliedIndex is set from TransactionInfo from OM DB as (t:9, i:232)
2021-12-03 06:12:34,730 [Listener at localhost/10276] INFO  server.RaftServer (ConfUtils.java:logGet(44)) - raft.rpc.type = GRPC (default)
2021-12-03 06:12:34,730 [Listener at localhost/10276] INFO  grpc.GrpcFactory (GrpcFactory.java:checkPooledByteBufAllocatorUseCacheForAllThreads(48)) - PERFORMANCE WARNING: useCacheForAllThreads is true that may cause Netty to create a lot garbage objects and, as a result, trigger GC.
	It is recommended to disable useCacheForAllThreads by setting -Dorg.apache.ratis.thirdparty.io.netty.allocator.useCacheForAllThreads=false in command line.
2021-12-03 06:12:34,730 [Listener at localhost/10276] INFO  grpc.GrpcConfigKeys (ConfUtils.java:logGet(44)) - raft.grpc.admin.port = -1 (default)
2021-12-03 06:12:34,730 [Listener at localhost/10276] INFO  grpc.GrpcConfigKeys (ConfUtils.java:logGet(44)) - raft.grpc.server.port = 10268 (custom)
2021-12-03 06:12:34,730 [Listener at localhost/10276] INFO  grpc.GrpcConfigKeys (ConfUtils.java:logGet(44)) - raft.grpc.client.port = -1 (default)
2021-12-03 06:12:34,730 [Listener at localhost/10276] INFO  grpc.GrpcConfigKeys (ConfUtils.java:logGet(44)) - raft.grpc.server.port = 10268 (custom)
2021-12-03 06:12:34,731 [Listener at localhost/10276] INFO  grpc.GrpcConfigKeys (ConfUtils.java:logGet(44)) - raft.grpc.server.port = 10268 (custom)
2021-12-03 06:12:34,731 [Listener at localhost/10276] INFO  server.GrpcService (ConfUtils.java:logGet(44)) - raft.grpc.message.size.max = 33554432 (custom)
2021-12-03 06:12:34,731 [Listener at localhost/10276] INFO  server.RaftServerConfigKeys (ConfUtils.java:logGet(44)) - raft.server.log.appender.buffer.byte-limit = 33554432 (custom)
2021-12-03 06:12:34,731 [Listener at localhost/10276] INFO  server.GrpcService (ConfUtils.java:logGet(44)) - raft.grpc.flow.control.window = 1MB (=1048576) (default)
2021-12-03 06:12:34,731 [Listener at localhost/10276] INFO  server.RaftServerConfigKeys (ConfUtils.java:logGet(44)) - raft.server.rpc.request.timeout = 3000ms (default)
2021-12-03 06:12:34,734 [Listener at localhost/10276] INFO  impl.DataStreamServerImpl (ConfUtils.java:logGet(44)) - raft.datastream.type = DISABLED (default)
2021-12-03 06:12:34,735 [Listener at localhost/10276] INFO  server.RaftServerConfigKeys (ConfUtils.java:logGet(44)) - raft.server.rpc.slowness.timeout = 2s (custom)
2021-12-03 06:12:34,735 [Listener at localhost/10276] INFO  server.RaftServerConfigKeys (ConfUtils.java:logGet(44)) - raft.server.leaderelection.leader.step-down.wait-time = 10s (default)
2021-12-03 06:12:34,735 [Listener at localhost/10276] INFO  server.RaftServerConfigKeys (ConfUtils.java:logGet(44)) - raft.server.storage.dir = [/home/runner/work/ozone/ozone/hadoop-ozone/integration-test/target/test-dir/MiniOzoneClusterImpl-534ecdf6-6327-4b2f-8372-e39e4f15c404/omNode-1/ratis] (custom)
2021-12-03 06:12:34,735 [Listener at localhost/10276] INFO  server.RaftServer (RaftServerProxy.java:lambda$null$1(235)) - omNode-1: found a subdirectory /home/runner/work/ozone/ozone/hadoop-ozone/integration-test/target/test-dir/MiniOzoneClusterImpl-534ecdf6-6327-4b2f-8372-e39e4f15c404/omNode-1/ratis/c9bc4cf4-3bc3-3c60-a66b-523986131536
2021-12-03 06:12:34,739 [Listener at localhost/10276] INFO  server.RaftServer (RaftServerProxy.java:addNew(95)) - omNode-1: addNew group-523986131536:[omNode-3|rpc:localhost:10280|priority:0, omNode-1|rpc:localhost:10268|priority:0, omNode-2|rpc:localhost:10274|priority:0] returns group-523986131536:java.util.concurrent.CompletableFuture@435e7b21[Not completed]
2021-12-03 06:12:34,740 [Listener at localhost/10276] INFO  om.OzoneManager (OzoneManager.java:initializeRatisServer(1771)) - OzoneManager Ratis server initialized at port 10268
2021-12-03 06:12:34,740 [Listener at localhost/10276] INFO  ratis.OzoneManagerRatisServer (OzoneManagerRatisServer.java:start(516)) - Starting OzoneManagerRatisServer omNode-1 at port 10268
2021-12-03 06:12:34,740 [pool-540-thread-1] INFO  server.RaftServer$Division (RaftServerImpl.java:<init>(184)) - omNode-1: new RaftServerImpl for group-523986131536:[omNode-3|rpc:localhost:10280|priority:0, omNode-1|rpc:localhost:10268|priority:0, omNode-2|rpc:localhost:10274|priority:0] with OzoneManagerStateMachine:uninitialized
2021-12-03 06:12:34,741 [pool-540-thread-1] INFO  server.RaftServerConfigKeys (ConfUtils.java:logGet(44)) - raft.server.rpc.timeout.min = 1s (custom)
2021-12-03 06:12:34,741 [pool-540-thread-1] INFO  server.RaftServerConfigKeys (ConfUtils.java:logGet(44)) - raft.server.rpc.timeout.max = 1200ms (custom)
2021-12-03 06:12:34,741 [pool-540-thread-1] INFO  server.RaftServerConfigKeys (ConfUtils.java:logGet(44)) - raft.server.rpc.sleep.time = 25ms (default)
2021-12-03 06:12:34,741 [pool-540-thread-1] INFO  server.RaftServerConfigKeys (ConfUtils.java:logGet(44)) - raft.server.rpc.slowness.timeout = 2s (custom)
2021-12-03 06:12:34,741 [pool-540-thread-1] INFO  server.RaftServerConfigKeys (ConfUtils.java:logGet(44)) - raft.server.leaderelection.leader.step-down.wait-time = 10s (default)
2021-12-03 06:12:34,741 [pool-540-thread-1] INFO  server.RaftServerConfigKeys (ConfUtils.java:logGet(44)) - raft.server.sleep.deviation.threshold = 300ms (default)
2021-12-03 06:12:34,742 [pool-540-thread-1] INFO  server.RaftServerConfigKeys (ConfUtils.java:logGet(44)) - raft.server.log.appender.install.snapshot.enabled = false (custom)
2021-12-03 06:12:34,742 [pool-540-thread-1] INFO  server.RaftServer$Division (ServerState.java:<init>(105)) - omNode-1@group-523986131536: ConfigurationManager, init=-1: [omNode-3|rpc:localhost:10280|priority:0, omNode-1|rpc:localhost:10268|priority:0, omNode-2|rpc:localhost:10274|priority:0], old=null, confs=<EMPTY_MAP>
2021-12-03 06:12:34,742 [pool-540-thread-1] INFO  server.RaftServerConfigKeys (ConfUtils.java:logGet(44)) - raft.server.storage.dir = [/home/runner/work/ozone/ozone/hadoop-ozone/integration-test/target/test-dir/MiniOzoneClusterImpl-534ecdf6-6327-4b2f-8372-e39e4f15c404/omNode-1/ratis] (custom)
2021-12-03 06:12:34,742 [pool-540-thread-1] INFO  server.RaftServerConfigKeys (ConfUtils.java:logGet(44)) - raft.server.log.corruption.policy = EXCEPTION (default)
2021-12-03 06:12:34,742 [pool-540-thread-1] INFO  server.RaftServerConfigKeys (ConfUtils.java:logGet(44)) - raft.server.storage.free-space.min = 0MB (=0) (default)
2021-12-03 06:12:34,744 [pool-540-thread-1] INFO  storage.RaftStorageDirectory (RaftStorageDirectoryImpl.java:tryLock(230)) - Lock on /home/runner/work/ozone/ozone/hadoop-ozone/integration-test/target/test-dir/MiniOzoneClusterImpl-534ecdf6-6327-4b2f-8372-e39e4f15c404/omNode-1/ratis/c9bc4cf4-3bc3-3c60-a66b-523986131536/in_use.lock acquired by nodename 23585@fv-az12-681
2021-12-03 06:12:34,744 [pool-540-thread-1] INFO  storage.RaftStorage (RaftStorageImpl.java:analyzeAndRecoverStorage(110)) - Read RaftStorageMetadata{term=9, votedFor=omNode-1} from /home/runner/work/ozone/ozone/hadoop-ozone/integration-test/target/test-dir/MiniOzoneClusterImpl-534ecdf6-6327-4b2f-8372-e39e4f15c404/omNode-1/ratis/c9bc4cf4-3bc3-3c60-a66b-523986131536/current/raft-meta
2021-12-03 06:12:34,744 [pool-540-thread-1] INFO  server.RaftServer$Division (ServerState.java:setRaftConf(387)) - omNode-1@group-523986131536: set configuration 221: [omNode-3|rpc:localhost:10280|admin:|client:|dataStream:|priority:0, omNode-1|rpc:localhost:10268|admin:|client:|dataStream:|priority:0, omNode-2|rpc:localhost:10274|admin:|client:|dataStream:|priority:0], old=null
2021-12-03 06:12:34,746 [pool-540-thread-1] INFO  server.RaftServerConfigKeys (ConfUtils.java:logGet(44)) - raft.server.notification.no-leader.timeout = 2s (custom)
2021-12-03 06:12:34,746 [pool-540-thread-1] INFO  server.RaftServerConfigKeys (ConfUtils.java:logGet(44)) - raft.server.log.use.memory = false (default)
2021-12-03 06:12:34,746 [pool-540-thread-1] INFO  server.RaftServerConfigKeys (ConfUtils.java:logGet(44)) - raft.server.log.purge.gap = 50 (custom)
2021-12-03 06:12:34,746 [pool-540-thread-1] INFO  server.RaftServerConfigKeys (ConfUtils.java:logGet(44)) - raft.server.log.appender.buffer.byte-limit = 33554432 (custom)
2021-12-03 06:12:34,747 [pool-540-thread-1] INFO  server.RaftServerConfigKeys (ConfUtils.java:logGet(44)) - raft.server.log.segment.size.max = 4194304 (custom)
2021-12-03 06:12:34,747 [pool-540-thread-1] INFO  server.RaftServerConfigKeys (ConfUtils.java:logGet(44)) - raft.server.log.segment.cache.num.max = 2 (custom)
2021-12-03 06:12:34,747 [pool-540-thread-1] INFO  server.RaftServerConfigKeys (ConfUtils.java:logGet(44)) - raft.server.log.segment.cache.size.max = 200MB (=209715200) (default)
2021-12-03 06:12:34,747 [pool-540-thread-1] INFO  segmented.SegmentedRaftLogWorker (SegmentedRaftLogWorker.java:<init>(182)) - new omNode-1@group-523986131536-SegmentedRaftLogWorker for RaftStorageImpl:Storage Directory /home/runner/work/ozone/ozone/hadoop-ozone/integration-test/target/test-dir/MiniOzoneClusterImpl-534ecdf6-6327-4b2f-8372-e39e4f15c404/omNode-1/ratis/c9bc4cf4-3bc3-3c60-a66b-523986131536
2021-12-03 06:12:34,747 [pool-540-thread-1] INFO  server.RaftServerConfigKeys (ConfUtils.java:logGet(44)) - raft.server.log.queue.byte-limit = 64MB (=67108864) (default)
2021-12-03 06:12:34,747 [pool-540-thread-1] INFO  server.RaftServerConfigKeys (ConfUtils.java:logGet(44)) - raft.server.log.queue.element-limit = 4096 (default)
2021-12-03 06:12:34,747 [pool-540-thread-1] INFO  server.RaftServerConfigKeys (ConfUtils.java:logGet(44)) - raft.server.log.segment.size.max = 4194304 (custom)
2021-12-03 06:12:34,748 [pool-540-thread-1] INFO  server.RaftServerConfigKeys (ConfUtils.java:logGet(44)) - raft.server.log.preallocated.size = 4194304 (custom)
2021-12-03 06:12:34,748 [pool-540-thread-1] INFO  server.RaftServerConfigKeys (ConfUtils.java:logGet(44)) - raft.server.log.force.sync.num = 128 (default)
2021-12-03 06:12:34,748 [pool-540-thread-1] INFO  server.RaftServerConfigKeys (ConfUtils.java:logGet(44)) - raft.server.log.statemachine.data.sync = true (default)
2021-12-03 06:12:34,748 [pool-540-thread-1] INFO  server.RaftServerConfigKeys (ConfUtils.java:logGet(44)) - raft.server.log.statemachine.data.sync.timeout = 10s (default)
2021-12-03 06:12:34,748 [pool-540-thread-1] INFO  server.RaftServerConfigKeys (ConfUtils.java:logGet(44)) - raft.server.log.statemachine.data.sync.timeout.retry = -1 (default)
2021-12-03 06:12:34,749 [pool-540-thread-1] INFO  server.RaftServerConfigKeys (ConfUtils.java:logGet(44)) - raft.server.log.write.buffer.size = 64KB (=65536) (default)
2021-12-03 06:12:34,749 [pool-540-thread-1] INFO  server.RaftServerConfigKeys (ConfUtils.java:logGet(44)) - raft.server.log.statemachine.data.caching.enabled = false (default)
2021-12-03 06:12:34,750 [pool-540-thread-1] INFO  server.RaftServer$Division (ServerState.java:setRaftConf(387)) - omNode-1@group-523986131536: set configuration 219: [omNode-3|rpc:localhost:10280|admin:|client:|dataStream:|priority:0, omNode-1|rpc:localhost:10268|admin:|client:|dataStream:|priority:0, omNode-2|rpc:localhost:10274|admin:|client:|dataStream:|priority:0], old=null
2021-12-03 06:12:34,750 [pool-540-thread-1] INFO  segmented.LogSegment (LogSegment.java:loadSegment(173)) - Successfully read 2 entries from segment file /home/runner/work/ozone/ozone/hadoop-ozone/integration-test/target/test-dir/MiniOzoneClusterImpl-534ecdf6-6327-4b2f-8372-e39e4f15c404/omNode-1/ratis/c9bc4cf4-3bc3-3c60-a66b-523986131536/current/log_219-220
2021-12-03 06:12:34,751 [pool-540-thread-1] INFO  server.RaftServer$Division (ServerState.java:setRaftConf(387)) - omNode-1@group-523986131536: set configuration 221: [omNode-3|rpc:localhost:10280|admin:|client:|dataStream:|priority:0, omNode-1|rpc:localhost:10268|admin:|client:|dataStream:|priority:0, omNode-2|rpc:localhost:10274|admin:|client:|dataStream:|priority:0], old=null
2021-12-03 06:12:34,751 [pool-540-thread-1] INFO  segmented.LogSegment (LogSegment.java:loadSegment(173)) - Successfully read 12 entries from segment file /home/runner/work/ozone/ozone/hadoop-ozone/integration-test/target/test-dir/MiniOzoneClusterImpl-534ecdf6-6327-4b2f-8372-e39e4f15c404/omNode-1/ratis/c9bc4cf4-3bc3-3c60-a66b-523986131536/current/log_inprogress_221
2021-12-03 06:12:34,752 [pool-540-thread-1] INFO  segmented.SegmentedRaftLogWorker (SegmentedRaftLogWorker.java:lambda$new$0(133)) - omNode-1@group-523986131536-SegmentedRaftLogWorker: flushIndex: setUnconditionally 0 -> 232
2021-12-03 06:12:34,752 [pool-540-thread-1] INFO  segmented.SegmentedRaftLogWorker (SegmentedRaftLogWorker.java:lambda$new$0(133)) - omNode-1@group-523986131536-SegmentedRaftLogWorker: safeCacheEvictIndex: setUnconditionally 0 -> 220
2021-12-03 06:12:34,754 [pool-540-thread-1] INFO  raftlog.RaftLog (RaftLogBase.java:lambda$new$0(53)) - omNode-1@group-523986131536-SegmentedRaftLog: commitIndex: updateToMax old=232, new=231, updated? false
2021-12-03 06:12:34,754 [pool-540-thread-1] INFO  raftlog.RaftLog (RaftLogBase.java:lambda$new$0(53)) - omNode-1@group-523986131536-SegmentedRaftLog: purgeIndex: updateIncreasingly -1 -> 218
2021-12-03 06:12:34,754 [pool-540-thread-1] INFO  server.RaftServerConfigKeys (ConfUtils.java:logGet(44)) - raft.server.snapshot.auto.trigger.enabled = true (custom)
2021-12-03 06:12:34,754 [pool-540-thread-1] INFO  server.RaftServerConfigKeys (ConfUtils.java:logGet(44)) - raft.server.snapshot.auto.trigger.threshold = 50 (custom)
2021-12-03 06:12:34,754 [pool-540-thread-1] INFO  server.RaftServerConfigKeys (ConfUtils.java:logGet(44)) - raft.server.snapshot.retention.file.num = -1 (default)
2021-12-03 06:12:34,754 [pool-540-thread-1] INFO  server.RaftServerConfigKeys (ConfUtils.java:logGet(44)) - raft.server.log.purge.upto.snapshot.index = true (custom)
2021-12-03 06:12:34,755 [pool-540-thread-1] INFO  server.RaftServerConfigKeys (ConfUtils.java:logGet(44)) - raft.server.retrycache.expirytime = 30000ms (custom)
2021-12-03 06:12:34,755 [pool-540-thread-1] INFO  server.RaftServerConfigKeys (ConfUtils.java:logGet(44)) - raft.server.retrycache.statistics.expirytime = 100μs (default)
2021-12-03 06:12:34,756 [Listener at localhost/10276] INFO  server.RaftServer$Division (RaftServerImpl.java:start(301)) - omNode-1@group-523986131536: start as a follower, conf=221: [omNode-3|rpc:localhost:10280|admin:|client:|dataStream:|priority:0, omNode-1|rpc:localhost:10268|admin:|client:|dataStream:|priority:0, omNode-2|rpc:localhost:10274|admin:|client:|dataStream:|priority:0], old=null
2021-12-03 06:12:34,756 [Listener at localhost/10276] INFO  server.RaftServer$Division (RaftServerImpl.java:setRole(290)) - omNode-1@group-523986131536: changes role from      null to FOLLOWER at term 9 for startAsFollower
2021-12-03 06:12:34,756 [Listener at localhost/10276] INFO  impl.RoleInfo (RoleInfo.java:updateAndGet(130)) - omNode-1: start omNode-1@group-523986131536-FollowerState
2021-12-03 06:12:34,756 [Listener at localhost/10276] INFO  util.JmxRegister (JmxRegister.java:tryRegister(44)) - Successfully registered JMX Bean with object name Ratis:service=RaftServer,group=group-523986131536,id=omNode-1
2021-12-03 06:12:34,757 [Listener at localhost/10276] INFO  server.RaftServer (RaftServerProxy.java:lambda$start$5(374)) - omNode-1: start RPC server
2021-12-03 06:12:34,757 [Listener at localhost/10276] INFO  server.GrpcService (GrpcService.java:startImpl(253)) - omNode-1: GrpcService started, listening on 10268
2021-12-03 06:12:34,758 [Listener at localhost/10276] INFO  ipc.CallQueueManager (CallQueueManager.java:<init>(90)) - Using callQueue: class java.util.concurrent.LinkedBlockingQueue, queueCapacity: 2000, scheduler: class org.apache.hadoop.ipc.DefaultRpcScheduler, ipcBackoff: false.
2021-12-03 06:12:34,759 [org.apache.ratis.util.JvmPauseMonitor$$Lambda$525/54615406@11731b35] INFO  util.JvmPauseMonitor (JvmPauseMonitor.java:run(103)) - JvmPauseMonitor-omNode-1: Started
2021-12-03 06:12:34,759 [Socket Reader #1 for port 10264] INFO  ipc.Server (Server.java:run(1265)) - Starting Socket Reader #1 for port 10264
2021-12-03 06:12:34,762 [Listener at localhost/10264] INFO  http.BaseHttpServer (BaseHttpServer.java:newHttpServer2BuilderForOzone(209)) - Starting Web-server for ozoneManager at: http://0.0.0.0:10266
2021-12-03 06:12:34,762 [Listener at localhost/10264] INFO  http.BaseHttpServer (BaseHttpServer.java:<init>(107)) - Hadoop Security Enabled: false Ozone Security Enabled: false Ozone HTTP Security Enabled: false 
2021-12-03 06:12:34,763 [Listener at localhost/10264] INFO  server.AuthenticationFilter (AuthenticationFilter.java:constructSecretProvider(240)) - Unable to initialize FileSignerSecretProvider, falling back to use random secrets.
2021-12-03 06:12:34,763 [grpc-default-executor-2] WARN  server.GrpcLogAppender (LogUtils.java:warn(122)) - omNode-2@group-523986131536->omNode-1-AppendLogResponseHandler: Failed appendEntries: org.apache.ratis.thirdparty.io.grpc.StatusRuntimeException: UNAVAILABLE: io exception
2021-12-03 06:12:34,763 [Listener at localhost/10264] WARN  http.HttpRequestLog (HttpRequestLog.java:getRequestLog(103)) - Jetty request log can only be enabled using Log4j
2021-12-03 06:12:34,764 [grpc-default-executor-2] WARN  server.GrpcLogAppender (GrpcLogAppender.java:resetClient(110)) - omNode-2@group-523986131536->omNode-1-GrpcLogAppender: Leader has not got in touch with Follower omNode-2@group-523986131536->omNode-1(c-1,m0,n234, attendVote=true, lastRpcSendTime=1, lastRpcResponseTime=30731) yet, just keep nextIndex unchanged and retry.
2021-12-03 06:12:34,767 [Listener at localhost/10264] INFO  http.HttpServer2 (HttpServer2.java:addGlobalFilter(1030)) - Added global filter 'safety' (class=org.apache.hadoop.hdds.server.http.HttpServer2$QuotingInputFilter)
2021-12-03 06:12:34,767 [Listener at localhost/10264] INFO  http.HttpServer2 (HttpServer2.java:addFilter(1006)) - Added filter static_user_filter (class=org.apache.hadoop.http.lib.StaticUserWebFilter$StaticUserFilter) to context ozoneManager
2021-12-03 06:12:34,767 [Listener at localhost/10264] INFO  http.HttpServer2 (HttpServer2.java:addFilter(1014)) - Added filter static_user_filter (class=org.apache.hadoop.http.lib.StaticUserWebFilter$StaticUserFilter) to context static
2021-12-03 06:12:34,767 [Listener at localhost/10264] INFO  http.HttpServer2 (HttpServer2.java:addFilter(1014)) - Added filter static_user_filter (class=org.apache.hadoop.http.lib.StaticUserWebFilter$StaticUserFilter) to context logs
2021-12-03 06:12:34,768 [Listener at localhost/10264] INFO  http.HttpServer2 (HttpServer2.java:bindListener(1249)) - Jetty bound to port 10266
2021-12-03 06:12:34,768 [Listener at localhost/10264] INFO  server.Server (Server.java:doStart(375)) - jetty-9.4.43.v20210629; built: 2021-06-30T11:07:22.254Z; git: 526006ecfa3af7f1a27ef3a288e2bef7ea9dd7e8; jvm 1.8.0_292-b10
2021-12-03 06:12:34,769 [Listener at localhost/10264] INFO  server.session (DefaultSessionIdManager.java:doStart(334)) - DefaultSessionIdManager workerName=node0
2021-12-03 06:12:34,769 [Listener at localhost/10264] INFO  server.session (DefaultSessionIdManager.java:doStart(339)) - No SessionScavenger set, using defaults
2021-12-03 06:12:34,769 [Listener at localhost/10264] INFO  server.session (HouseKeeper.java:startScavenging(132)) - node0 Scavenging every 600000ms
2021-12-03 06:12:34,770 [Listener at localhost/10264] INFO  handler.ContextHandler (ContextHandler.java:doStart(915)) - Started o.e.j.s.ServletContextHandler@93cb797{logs,/logs,file:///home/runner/work/ozone/ozone/hadoop-ozone/integration-test/target/log,AVAILABLE}
2021-12-03 06:12:34,770 [Listener at localhost/10264] INFO  handler.ContextHandler (ContextHandler.java:doStart(915)) - Started o.e.j.s.ServletContextHandler@188c9f1c{static,/static,file:///home/runner/work/ozone/ozone/hadoop-ozone/integration-test/target/test-classes/webapps/static,AVAILABLE}
2021-12-03 06:12:34,773 [Listener at localhost/10264] INFO  handler.ContextHandler (ContextHandler.java:doStart(915)) - Started o.e.j.w.WebAppContext@41954e50{ozoneManager,/,file:///home/runner/work/ozone/ozone/hadoop-ozone/integration-test/target/test-classes/webapps/ozoneManager/,AVAILABLE}{file:/home/runner/work/ozone/ozone/hadoop-ozone/integration-test/target/test-classes/webapps/ozoneManager}
2021-12-03 06:12:34,775 [Listener at localhost/10264] INFO  server.AbstractConnector (AbstractConnector.java:doStart(331)) - Started ServerConnector@7bacd1b9{HTTP/1.1, (http/1.1)}{0.0.0.0:10266}
2021-12-03 06:12:34,775 [Listener at localhost/10264] INFO  server.Server (Server.java:doStart(415)) - Started @95712ms
2021-12-03 06:12:34,775 [Listener at localhost/10264] WARN  impl.MetricsSystemImpl (MetricsSystemImpl.java:register(279)) - Sink prometheus already exists!
2021-12-03 06:12:34,776 [Listener at localhost/10264] INFO  http.BaseHttpServer (BaseHttpServer.java:updateConnectorAddress(329)) - HTTP server of ozoneManager listening at http://0.0.0.0:10266
2021-12-03 06:12:34,776 [IPC Server Responder] INFO  ipc.Server (Server.java:run(1507)) - IPC Server Responder: starting
2021-12-03 06:12:34,776 [IPC Server listener on 10264] INFO  ipc.Server (Server.java:run(1344)) - IPC Server listener on 10264: starting
2021-12-03 06:12:34,786 [Listener at localhost/10264] INFO  om.OzoneManager (OzoneManager.java:startTrashEmptier(1729)) - Trash Interval set to 0. Files deleted will not move to trash
2021-12-03 06:12:34,787 [Listener at localhost/10264] INFO  om.OzoneManager (OzoneManager.java:stop(1830)) - omNode-2[localhost:10270]: Stopping Ozone Manager
2021-12-03 06:12:34,787 [Listener at localhost/10264] INFO  ipc.Server (Server.java:stop(3414)) - Stopping server on 10270
2021-12-03 06:12:34,791 [org.apache.hadoop.util.JvmPauseMonitor$Monitor@c411dfd] INFO  util.JvmPauseMonitor (JvmPauseMonitor.java:run(188)) - Starting JVM pause monitor
2021-12-03 06:12:34,795 [IPC Server listener on 10270] INFO  ipc.Server (Server.java:run(1376)) - Stopping IPC Server listener on 10270
2021-12-03 06:12:34,798 [IPC Server Responder] INFO  ipc.Server (Server.java:run(1512)) - Stopping IPC Server Responder
2021-12-03 06:12:34,799 [Listener at localhost/10264] INFO  server.RaftServer (RaftServerProxy.java:lambda$close$6(391)) - omNode-2: close
2021-12-03 06:12:34,799 [Listener at localhost/10264] INFO  server.RaftServer$Division (RaftServerImpl.java:lambda$close$4(412)) - omNode-2@group-523986131536: shutdown
2021-12-03 06:12:34,799 [Listener at localhost/10264] INFO  util.JmxRegister (JmxRegister.java:unregister(73)) - Successfully un-registered JMX Bean with object name Ratis:service=RaftServer,group=group-523986131536,id=omNode-2
2021-12-03 06:12:34,799 [Listener at localhost/10264] INFO  impl.RoleInfo (RoleInfo.java:shutdownLeaderState(91)) - omNode-2: shutdown omNode-2@group-523986131536-LeaderStateImpl
2021-12-03 06:12:34,799 [omNode-2@group-523986131536->omNode-3-GrpcLogAppender-LogAppenderDaemon] WARN  server.GrpcLogAppender (GrpcLogAppender.java:mayWait(177)) - omNode-2@group-523986131536->omNode-3-GrpcLogAppender: Wait interrupted by java.lang.InterruptedException
2021-12-03 06:12:34,800 [Listener at localhost/10264] INFO  impl.PendingRequests (PendingRequests.java:sendNotLeaderResponses(282)) - omNode-2@group-523986131536-PendingRequests: sendNotLeaderResponses
2021-12-03 06:12:34,801 [Listener at localhost/10264] INFO  impl.StateMachineUpdater (StateMachineUpdater.java:stopAndJoin(149)) - omNode-2@group-523986131536-StateMachineUpdater: set stopIndex = 231
2021-12-03 06:12:34,802 [omNode-2@group-523986131536-StateMachineUpdater] INFO  ratis.OzoneManagerStateMachine (OzoneManagerStateMachine.java:takeSnapshot(417)) - Current Snapshot Index (t:9, i:231)
2021-12-03 06:12:34,802 [omNode-2@group-523986131536-StateMachineUpdater] INFO  impl.StateMachineUpdater (StateMachineUpdater.java:takeSnapshot(281)) - omNode-2@group-523986131536-StateMachineUpdater: Took a snapshot at index 231
2021-12-03 06:12:34,802 [omNode-2@group-523986131536-StateMachineUpdater] INFO  impl.StateMachineUpdater (StateMachineUpdater.java:lambda$new$0(89)) - omNode-2@group-523986131536-StateMachineUpdater: snapshotIndex: updateIncreasingly 220 -> 231
2021-12-03 06:12:34,802 [omNode-2@group-523986131536-StateMachineUpdater] INFO  ratis.OzoneManagerStateMachine (OzoneManagerStateMachine.java:close(471)) - StateMachine has shutdown. Shutdown OzoneManager if not already shutdown.
2021-12-03 06:12:34,802 [Listener at localhost/10264] INFO  server.RaftServer$Division (ServerState.java:close(419)) - omNode-2@group-523986131536: closes. applyIndex: 231
2021-12-03 06:12:34,802 [omNode-2@group-523986131536-SegmentedRaftLogWorker] INFO  segmented.SegmentedRaftLogWorker (SegmentedRaftLogWorker.java:run(327)) - omNode-2@group-523986131536-SegmentedRaftLogWorker was interrupted, exiting. There are 0 tasks remaining in the queue.
2021-12-03 06:12:34,803 [Listener at localhost/10264] INFO  segmented.SegmentedRaftLogWorker (SegmentedRaftLogWorker.java:close(237)) - omNode-2@group-523986131536-SegmentedRaftLogWorker close()
2021-12-03 06:12:34,804 [Listener at localhost/10264] INFO  server.GrpcService (GrpcService.java:closeImpl(262)) - omNode-2: shutdown server with port 10274 now
2021-12-03 06:12:34,807 [Listener at localhost/10264] INFO  server.GrpcService (GrpcService.java:closeImpl(271)) - omNode-2: shutdown server with port 10274 successfully
2021-12-03 06:12:34,807 [org.apache.ratis.util.JvmPauseMonitor$$Lambda$525/54615406@6908edd7] INFO  util.JvmPauseMonitor (JvmPauseMonitor.java:run(109)) - JvmPauseMonitor-omNode-2: Stopped
2021-12-03 06:12:34,807 [Listener at localhost/10264] INFO  ratis.OzoneManagerDoubleBuffer (OzoneManagerDoubleBuffer.java:stop(437)) - Stopping OMDoubleBuffer flush thread
2021-12-03 06:12:34,808 [OMDoubleBufferFlushThread] INFO  ratis.OzoneManagerDoubleBuffer (OzoneManagerDoubleBuffer.java:flushTransactions(356)) - OMDoubleBuffer flush thread OMDoubleBufferFlushThread is interrupted and will exit. OMDoubleBufferFlushThread
2021-12-03 06:12:34,808 [Listener at localhost/10264] INFO  handler.ContextHandler (ContextHandler.java:doStop(1153)) - Stopped o.e.j.w.WebAppContext@48fdaa90{ozoneManager,/,null,STOPPED}{file:/home/runner/work/ozone/ozone/hadoop-ozone/integration-test/target/test-classes/webapps/ozoneManager}
2021-12-03 06:12:34,808 [Listener at localhost/10264] INFO  server.AbstractConnector (AbstractConnector.java:doStop(381)) - Stopped ServerConnector@4f6e8dbc{HTTP/1.1, (http/1.1)}{0.0.0.0:10272}
2021-12-03 06:12:34,809 [Listener at localhost/10264] INFO  server.session (HouseKeeper.java:stopScavenging(149)) - node0 Stopped scavenging
2021-12-03 06:12:34,809 [Listener at localhost/10264] INFO  handler.ContextHandler (ContextHandler.java:doStop(1153)) - Stopped o.e.j.s.ServletContextHandler@11f70506{static,/static,file:///home/runner/work/ozone/ozone/hadoop-ozone/integration-test/target/test-classes/webapps/static,STOPPED}
2021-12-03 06:12:34,809 [Listener at localhost/10264] INFO  handler.ContextHandler (ContextHandler.java:doStop(1153)) - Stopped o.e.j.s.ServletContextHandler@7e0a3731{logs,/logs,file:///home/runner/work/ozone/ozone/hadoop-ozone/integration-test/target/log,STOPPED}
2021-12-03 06:12:34,811 [Listener at localhost/10264] INFO  om.OzoneManager (OzoneManager.java:initFSOLayout(3786)) - Configured ozone.om.metadata.layout=SIMPLE and disabled optimized OM FS operations
2021-12-03 06:12:34,811 [Listener at localhost/10264] INFO  om.OzoneManager (OzoneManager.java:restart(1452)) - OzoneManager RPC server is listening at localhost/127.0.0.1:10270
2021-12-03 06:12:34,811 [Listener at localhost/10264] INFO  impl.MetricsSystemImpl (MetricsSystemImpl.java:init(158)) - OzoneManager metrics system started (again)
2021-12-03 06:12:34,823 [Listener at localhost/10264] WARN  server.ServerUtils (ServerUtils.java:getDBPath(225)) - ozone.om.db.dirs is not configured. We recommend adding this setting. Falling back to ozone.metadata.dirs instead.
2021-12-03 06:12:34,826 [Listener at localhost/10264] INFO  codec.OmKeyInfoCodec (OmKeyInfoCodec.java:<init>(50)) - OmKeyInfoCodec ignorePipeline = true
2021-12-03 06:12:34,826 [Listener at localhost/10264] INFO  codec.RepeatedOmKeyInfoCodec (RepeatedOmKeyInfoCodec.java:<init>(42)) - RepeatedOmKeyInfoCodec ignorePipeline = true
2021-12-03 06:12:34,883 [Listener at localhost/10264] WARN  impl.MetricRegistriesImpl (MetricRegistriesImpl.java:addReporterRegistration(111)) - New reporters are added after registries were created. Some metrics will be missing from the reporter. Please add reporter before adding any new registry.
2021-12-03 06:12:34,883 [Listener at localhost/10264] WARN  impl.MetricRegistriesImpl (MetricRegistriesImpl.java:addReporterRegistration(111)) - New reporters are added after registries were created. Some metrics will be missing from the reporter. Please add reporter before adding any new registry.
2021-12-03 06:12:34,883 [Listener at localhost/10264] WARN  server.ServerUtils (ServerUtils.java:getDefaultRatisDirectory(237)) - Storage directory for Ratis is not configured. It is a good idea to map this to an SSD disk. Falling back to ozone.metadata.dirs
2021-12-03 06:12:34,884 [Listener at localhost/10264] INFO  ratis.OzoneManagerRatisServer (OzoneManagerRatisServer.java:<init>(159)) - Instantiating OM Ratis server with groupID: om-service-test1 and peers: localhost:10274, localhost:10280, localhost:10268
2021-12-03 06:12:34,884 [Listener at localhost/10264] INFO  ratis.OzoneManagerStateMachine (OzoneManagerStateMachine.java:loadSnapshotInfoFromDB(605)) - LastAppliedIndex is set from TransactionInfo from OM DB as (t:9, i:231)
2021-12-03 06:12:34,885 [Listener at localhost/10264] INFO  server.RaftServer (ConfUtils.java:logGet(44)) - raft.rpc.type = GRPC (default)
2021-12-03 06:12:34,885 [Listener at localhost/10264] INFO  grpc.GrpcFactory (GrpcFactory.java:checkPooledByteBufAllocatorUseCacheForAllThreads(48)) - PERFORMANCE WARNING: useCacheForAllThreads is true that may cause Netty to create a lot garbage objects and, as a result, trigger GC.
	It is recommended to disable useCacheForAllThreads by setting -Dorg.apache.ratis.thirdparty.io.netty.allocator.useCacheForAllThreads=false in command line.
2021-12-03 06:12:34,885 [Listener at localhost/10264] INFO  grpc.GrpcConfigKeys (ConfUtils.java:logGet(44)) - raft.grpc.admin.port = -1 (default)
2021-12-03 06:12:34,885 [Listener at localhost/10264] INFO  grpc.GrpcConfigKeys (ConfUtils.java:logGet(44)) - raft.grpc.server.port = 10274 (custom)
2021-12-03 06:12:34,885 [Listener at localhost/10264] INFO  grpc.GrpcConfigKeys (ConfUtils.java:logGet(44)) - raft.grpc.client.port = -1 (default)
2021-12-03 06:12:34,885 [Listener at localhost/10264] INFO  grpc.GrpcConfigKeys (ConfUtils.java:logGet(44)) - raft.grpc.server.port = 10274 (custom)
2021-12-03 06:12:34,885 [Listener at localhost/10264] INFO  grpc.GrpcConfigKeys (ConfUtils.java:logGet(44)) - raft.grpc.server.port = 10274 (custom)
2021-12-03 06:12:34,886 [Listener at localhost/10264] INFO  server.GrpcService (ConfUtils.java:logGet(44)) - raft.grpc.message.size.max = 33554432 (custom)
2021-12-03 06:12:34,886 [Listener at localhost/10264] INFO  server.RaftServerConfigKeys (ConfUtils.java:logGet(44)) - raft.server.log.appender.buffer.byte-limit = 33554432 (custom)
2021-12-03 06:12:34,886 [Listener at localhost/10264] INFO  server.GrpcService (ConfUtils.java:logGet(44)) - raft.grpc.flow.control.window = 1MB (=1048576) (default)
2021-12-03 06:12:34,886 [Listener at localhost/10264] INFO  server.RaftServerConfigKeys (ConfUtils.java:logGet(44)) - raft.server.rpc.request.timeout = 3000ms (default)
2021-12-03 06:12:34,887 [Listener at localhost/10264] INFO  impl.DataStreamServerImpl (ConfUtils.java:logGet(44)) - raft.datastream.type = DISABLED (default)
2021-12-03 06:12:34,888 [Listener at localhost/10264] INFO  server.RaftServerConfigKeys (ConfUtils.java:logGet(44)) - raft.server.rpc.slowness.timeout = 2s (custom)
2021-12-03 06:12:34,888 [Listener at localhost/10264] INFO  server.RaftServerConfigKeys (ConfUtils.java:logGet(44)) - raft.server.leaderelection.leader.step-down.wait-time = 10s (default)
2021-12-03 06:12:34,888 [Listener at localhost/10264] INFO  server.RaftServerConfigKeys (ConfUtils.java:logGet(44)) - raft.server.storage.dir = [/home/runner/work/ozone/ozone/hadoop-ozone/integration-test/target/test-dir/MiniOzoneClusterImpl-534ecdf6-6327-4b2f-8372-e39e4f15c404/omNode-2/ratis] (custom)
2021-12-03 06:12:34,888 [Listener at localhost/10264] INFO  server.RaftServer (RaftServerProxy.java:lambda$null$1(235)) - omNode-2: found a subdirectory /home/runner/work/ozone/ozone/hadoop-ozone/integration-test/target/test-dir/MiniOzoneClusterImpl-534ecdf6-6327-4b2f-8372-e39e4f15c404/omNode-2/ratis/c9bc4cf4-3bc3-3c60-a66b-523986131536
2021-12-03 06:12:34,888 [Listener at localhost/10264] INFO  server.RaftServer (RaftServerProxy.java:addNew(95)) - omNode-2: addNew group-523986131536:[omNode-3|rpc:localhost:10280|priority:0, omNode-1|rpc:localhost:10268|priority:0, omNode-2|rpc:localhost:10274|priority:0] returns group-523986131536:java.util.concurrent.CompletableFuture@188b9644[Not completed]
2021-12-03 06:12:34,888 [pool-560-thread-1] INFO  server.RaftServer$Division (RaftServerImpl.java:<init>(184)) - omNode-2: new RaftServerImpl for group-523986131536:[omNode-3|rpc:localhost:10280|priority:0, omNode-1|rpc:localhost:10268|priority:0, omNode-2|rpc:localhost:10274|priority:0] with OzoneManagerStateMachine:uninitialized
2021-12-03 06:12:34,888 [Listener at localhost/10264] INFO  om.OzoneManager (OzoneManager.java:initializeRatisServer(1771)) - OzoneManager Ratis server initialized at port 10274
2021-12-03 06:12:34,890 [Listener at localhost/10264] INFO  ratis.OzoneManagerRatisServer (OzoneManagerRatisServer.java:start(516)) - Starting OzoneManagerRatisServer omNode-2 at port 10274
2021-12-03 06:12:34,890 [pool-560-thread-1] INFO  server.RaftServerConfigKeys (ConfUtils.java:logGet(44)) - raft.server.rpc.timeout.min = 1s (custom)
2021-12-03 06:12:34,891 [pool-560-thread-1] INFO  server.RaftServerConfigKeys (ConfUtils.java:logGet(44)) - raft.server.rpc.timeout.max = 1200ms (custom)
2021-12-03 06:12:34,891 [pool-560-thread-1] INFO  server.RaftServerConfigKeys (ConfUtils.java:logGet(44)) - raft.server.rpc.sleep.time = 25ms (default)
2021-12-03 06:12:34,891 [pool-560-thread-1] INFO  server.RaftServerConfigKeys (ConfUtils.java:logGet(44)) - raft.server.rpc.slowness.timeout = 2s (custom)
2021-12-03 06:12:34,891 [pool-560-thread-1] INFO  server.RaftServerConfigKeys (ConfUtils.java:logGet(44)) - raft.server.leaderelection.leader.step-down.wait-time = 10s (default)
2021-12-03 06:12:34,891 [pool-560-thread-1] INFO  server.RaftServerConfigKeys (ConfUtils.java:logGet(44)) - raft.server.sleep.deviation.threshold = 300ms (default)
2021-12-03 06:12:34,892 [pool-560-thread-1] INFO  server.RaftServerConfigKeys (ConfUtils.java:logGet(44)) - raft.server.log.appender.install.snapshot.enabled = false (custom)
2021-12-03 06:12:34,892 [pool-560-thread-1] INFO  server.RaftServer$Division (ServerState.java:<init>(105)) - omNode-2@group-523986131536: ConfigurationManager, init=-1: [omNode-3|rpc:localhost:10280|priority:0, omNode-1|rpc:localhost:10268|priority:0, omNode-2|rpc:localhost:10274|priority:0], old=null, confs=<EMPTY_MAP>
2021-12-03 06:12:34,892 [pool-560-thread-1] INFO  server.RaftServerConfigKeys (ConfUtils.java:logGet(44)) - raft.server.storage.dir = [/home/runner/work/ozone/ozone/hadoop-ozone/integration-test/target/test-dir/MiniOzoneClusterImpl-534ecdf6-6327-4b2f-8372-e39e4f15c404/omNode-2/ratis] (custom)
2021-12-03 06:12:34,892 [pool-560-thread-1] INFO  server.RaftServerConfigKeys (ConfUtils.java:logGet(44)) - raft.server.log.corruption.policy = EXCEPTION (default)
2021-12-03 06:12:34,892 [pool-560-thread-1] INFO  server.RaftServerConfigKeys (ConfUtils.java:logGet(44)) - raft.server.storage.free-space.min = 0MB (=0) (default)
2021-12-03 06:12:34,893 [pool-560-thread-1] INFO  storage.RaftStorageDirectory (RaftStorageDirectoryImpl.java:tryLock(230)) - Lock on /home/runner/work/ozone/ozone/hadoop-ozone/integration-test/target/test-dir/MiniOzoneClusterImpl-534ecdf6-6327-4b2f-8372-e39e4f15c404/omNode-2/ratis/c9bc4cf4-3bc3-3c60-a66b-523986131536/in_use.lock acquired by nodename 23585@fv-az12-681
2021-12-03 06:12:34,893 [pool-560-thread-1] INFO  storage.RaftStorage (RaftStorageImpl.java:analyzeAndRecoverStorage(110)) - Read RaftStorageMetadata{term=10, votedFor=omNode-2} from /home/runner/work/ozone/ozone/hadoop-ozone/integration-test/target/test-dir/MiniOzoneClusterImpl-534ecdf6-6327-4b2f-8372-e39e4f15c404/omNode-2/ratis/c9bc4cf4-3bc3-3c60-a66b-523986131536/current/raft-meta
2021-12-03 06:12:34,893 [pool-560-thread-1] INFO  server.RaftServer$Division (ServerState.java:setRaftConf(387)) - omNode-2@group-523986131536: set configuration 221: [omNode-3|rpc:localhost:10280|admin:|client:|dataStream:|priority:0, omNode-1|rpc:localhost:10268|admin:|client:|dataStream:|priority:0, omNode-2|rpc:localhost:10274|admin:|client:|dataStream:|priority:0], old=null
2021-12-03 06:12:34,894 [pool-560-thread-1] INFO  server.RaftServerConfigKeys (ConfUtils.java:logGet(44)) - raft.server.notification.no-leader.timeout = 2s (custom)
2021-12-03 06:12:34,894 [pool-560-thread-1] INFO  server.RaftServerConfigKeys (ConfUtils.java:logGet(44)) - raft.server.log.use.memory = false (default)
2021-12-03 06:12:34,894 [pool-560-thread-1] INFO  server.RaftServerConfigKeys (ConfUtils.java:logGet(44)) - raft.server.log.purge.gap = 50 (custom)
2021-12-03 06:12:34,894 [pool-560-thread-1] INFO  server.RaftServerConfigKeys (ConfUtils.java:logGet(44)) - raft.server.log.appender.buffer.byte-limit = 33554432 (custom)
2021-12-03 06:12:34,894 [pool-560-thread-1] INFO  server.RaftServerConfigKeys (ConfUtils.java:logGet(44)) - raft.server.log.segment.size.max = 4194304 (custom)
2021-12-03 06:12:34,894 [pool-560-thread-1] INFO  server.RaftServerConfigKeys (ConfUtils.java:logGet(44)) - raft.server.log.segment.cache.num.max = 2 (custom)
2021-12-03 06:12:34,895 [pool-560-thread-1] INFO  server.RaftServerConfigKeys (ConfUtils.java:logGet(44)) - raft.server.log.segment.cache.size.max = 200MB (=209715200) (default)
2021-12-03 06:12:34,895 [pool-560-thread-1] INFO  segmented.SegmentedRaftLogWorker (SegmentedRaftLogWorker.java:<init>(182)) - new omNode-2@group-523986131536-SegmentedRaftLogWorker for RaftStorageImpl:Storage Directory /home/runner/work/ozone/ozone/hadoop-ozone/integration-test/target/test-dir/MiniOzoneClusterImpl-534ecdf6-6327-4b2f-8372-e39e4f15c404/omNode-2/ratis/c9bc4cf4-3bc3-3c60-a66b-523986131536
2021-12-03 06:12:34,895 [pool-560-thread-1] INFO  server.RaftServerConfigKeys (ConfUtils.java:logGet(44)) - raft.server.log.queue.byte-limit = 64MB (=67108864) (default)
2021-12-03 06:12:34,895 [pool-560-thread-1] INFO  server.RaftServerConfigKeys (ConfUtils.java:logGet(44)) - raft.server.log.queue.element-limit = 4096 (default)
2021-12-03 06:12:34,895 [pool-560-thread-1] INFO  server.RaftServerConfigKeys (ConfUtils.java:logGet(44)) - raft.server.log.segment.size.max = 4194304 (custom)
2021-12-03 06:12:34,895 [pool-560-thread-1] INFO  server.RaftServerConfigKeys (ConfUtils.java:logGet(44)) - raft.server.log.preallocated.size = 4194304 (custom)
2021-12-03 06:12:34,895 [pool-560-thread-1] INFO  server.RaftServerConfigKeys (ConfUtils.java:logGet(44)) - raft.server.log.force.sync.num = 128 (default)
2021-12-03 06:12:34,895 [pool-560-thread-1] INFO  server.RaftServerConfigKeys (ConfUtils.java:logGet(44)) - raft.server.log.statemachine.data.sync = true (default)
2021-12-03 06:12:34,895 [pool-560-thread-1] INFO  server.RaftServerConfigKeys (ConfUtils.java:logGet(44)) - raft.server.log.statemachine.data.sync.timeout = 10s (default)
2021-12-03 06:12:34,895 [pool-560-thread-1] INFO  server.RaftServerConfigKeys (ConfUtils.java:logGet(44)) - raft.server.log.statemachine.data.sync.timeout.retry = -1 (default)
2021-12-03 06:12:34,896 [pool-560-thread-1] INFO  server.RaftServerConfigKeys (ConfUtils.java:logGet(44)) - raft.server.log.write.buffer.size = 64KB (=65536) (default)
2021-12-03 06:12:34,896 [pool-560-thread-1] INFO  server.RaftServerConfigKeys (ConfUtils.java:logGet(44)) - raft.server.log.statemachine.data.caching.enabled = false (default)
2021-12-03 06:12:34,898 [pool-560-thread-1] INFO  server.RaftServer$Division (ServerState.java:setRaftConf(387)) - omNode-2@group-523986131536: set configuration 219: [omNode-3|rpc:localhost:10280|admin:|client:|dataStream:|priority:0, omNode-1|rpc:localhost:10268|admin:|client:|dataStream:|priority:0, omNode-2|rpc:localhost:10274|admin:|client:|dataStream:|priority:0], old=null
2021-12-03 06:12:34,898 [pool-560-thread-1] INFO  segmented.LogSegment (LogSegment.java:loadSegment(173)) - Successfully read 2 entries from segment file /home/runner/work/ozone/ozone/hadoop-ozone/integration-test/target/test-dir/MiniOzoneClusterImpl-534ecdf6-6327-4b2f-8372-e39e4f15c404/omNode-2/ratis/c9bc4cf4-3bc3-3c60-a66b-523986131536/current/log_219-220
2021-12-03 06:12:34,898 [pool-560-thread-1] INFO  server.RaftServer$Division (ServerState.java:setRaftConf(387)) - omNode-2@group-523986131536: set configuration 221: [omNode-3|rpc:localhost:10280|admin:|client:|dataStream:|priority:0, omNode-1|rpc:localhost:10268|admin:|client:|dataStream:|priority:0, omNode-2|rpc:localhost:10274|admin:|client:|dataStream:|priority:0], old=null
2021-12-03 06:12:34,898 [pool-560-thread-1] INFO  segmented.LogSegment (LogSegment.java:loadSegment(173)) - Successfully read 12 entries from segment file /home/runner/work/ozone/ozone/hadoop-ozone/integration-test/target/test-dir/MiniOzoneClusterImpl-534ecdf6-6327-4b2f-8372-e39e4f15c404/omNode-2/ratis/c9bc4cf4-3bc3-3c60-a66b-523986131536/current/log_221-232
2021-12-03 06:12:34,899 [pool-560-thread-1] INFO  server.RaftServer$Division (ServerState.java:setRaftConf(387)) - omNode-2@group-523986131536: set configuration 233: [omNode-3|rpc:localhost:10280|admin:|client:|dataStream:|priority:0, omNode-1|rpc:localhost:10268|admin:|client:|dataStream:|priority:0, omNode-2|rpc:localhost:10274|admin:|client:|dataStream:|priority:0], old=null
2021-12-03 06:12:34,899 [pool-560-thread-1] INFO  segmented.LogSegment (LogSegment.java:loadSegment(173)) - Successfully read 1 entries from segment file /home/runner/work/ozone/ozone/hadoop-ozone/integration-test/target/test-dir/MiniOzoneClusterImpl-534ecdf6-6327-4b2f-8372-e39e4f15c404/omNode-2/ratis/c9bc4cf4-3bc3-3c60-a66b-523986131536/current/log_inprogress_233
2021-12-03 06:12:34,899 [pool-560-thread-1] INFO  segmented.SegmentedRaftLogWorker (SegmentedRaftLogWorker.java:lambda$new$0(133)) - omNode-2@group-523986131536-SegmentedRaftLogWorker: flushIndex: setUnconditionally 0 -> 233
2021-12-03 06:12:34,899 [pool-560-thread-1] INFO  segmented.SegmentedRaftLogWorker (SegmentedRaftLogWorker.java:lambda$new$0(133)) - omNode-2@group-523986131536-SegmentedRaftLogWorker: safeCacheEvictIndex: setUnconditionally 0 -> 231
2021-12-03 06:12:34,899 [pool-560-thread-1] INFO  raftlog.RaftLog (RaftLogBase.java:lambda$new$0(53)) - omNode-2@group-523986131536-SegmentedRaftLog: commitIndex: updateToMax old=231, new=231, updated? false
2021-12-03 06:12:34,899 [pool-560-thread-1] INFO  raftlog.RaftLog (RaftLogBase.java:lambda$new$0(53)) - omNode-2@group-523986131536-SegmentedRaftLog: purgeIndex: updateIncreasingly -1 -> 218
2021-12-03 06:12:34,899 [pool-560-thread-1] INFO  server.RaftServerConfigKeys (ConfUtils.java:logGet(44)) - raft.server.snapshot.auto.trigger.enabled = true (custom)
2021-12-03 06:12:34,899 [pool-560-thread-1] INFO  server.RaftServerConfigKeys (ConfUtils.java:logGet(44)) - raft.server.snapshot.auto.trigger.threshold = 50 (custom)
2021-12-03 06:12:34,900 [pool-560-thread-1] INFO  server.RaftServerConfigKeys (ConfUtils.java:logGet(44)) - raft.server.snapshot.retention.file.num = -1 (default)
2021-12-03 06:12:34,900 [pool-560-thread-1] INFO  server.RaftServerConfigKeys (ConfUtils.java:logGet(44)) - raft.server.log.purge.upto.snapshot.index = true (custom)
2021-12-03 06:12:34,900 [pool-560-thread-1] INFO  server.RaftServerConfigKeys (ConfUtils.java:logGet(44)) - raft.server.retrycache.expirytime = 30000ms (custom)
2021-12-03 06:12:34,900 [pool-560-thread-1] INFO  server.RaftServerConfigKeys (ConfUtils.java:logGet(44)) - raft.server.retrycache.statistics.expirytime = 100μs (default)
2021-12-03 06:12:34,901 [Listener at localhost/10264] INFO  server.RaftServer$Division (RaftServerImpl.java:start(301)) - omNode-2@group-523986131536: start as a follower, conf=233: [omNode-3|rpc:localhost:10280|admin:|client:|dataStream:|priority:0, omNode-1|rpc:localhost:10268|admin:|client:|dataStream:|priority:0, omNode-2|rpc:localhost:10274|admin:|client:|dataStream:|priority:0], old=null
2021-12-03 06:12:34,901 [Listener at localhost/10264] INFO  server.RaftServer$Division (RaftServerImpl.java:setRole(290)) - omNode-2@group-523986131536: changes role from      null to FOLLOWER at term 10 for startAsFollower
2021-12-03 06:12:34,901 [Listener at localhost/10264] INFO  impl.RoleInfo (RoleInfo.java:updateAndGet(130)) - omNode-2: start omNode-2@group-523986131536-FollowerState
2021-12-03 06:12:34,901 [Listener at localhost/10264] INFO  util.JmxRegister (JmxRegister.java:tryRegister(44)) - Successfully registered JMX Bean with object name Ratis:service=RaftServer,group=group-523986131536,id=omNode-2
2021-12-03 06:12:34,902 [Listener at localhost/10264] INFO  server.RaftServer (RaftServerProxy.java:lambda$start$5(374)) - omNode-2: start RPC server
2021-12-03 06:12:34,902 [Listener at localhost/10264] INFO  server.GrpcService (GrpcService.java:startImpl(253)) - omNode-2: GrpcService started, listening on 10274
2021-12-03 06:12:34,903 [org.apache.ratis.util.JvmPauseMonitor$$Lambda$525/54615406@79a4ef32] INFO  util.JvmPauseMonitor (JvmPauseMonitor.java:run(103)) - JvmPauseMonitor-omNode-2: Started
2021-12-03 06:12:34,903 [Listener at localhost/10264] INFO  ipc.CallQueueManager (CallQueueManager.java:<init>(90)) - Using callQueue: class java.util.concurrent.LinkedBlockingQueue, queueCapacity: 2000, scheduler: class org.apache.hadoop.ipc.DefaultRpcScheduler, ipcBackoff: false.
2021-12-03 06:12:34,903 [Socket Reader #1 for port 10270] INFO  ipc.Server (Server.java:run(1265)) - Starting Socket Reader #1 for port 10270
2021-12-03 06:12:34,906 [Listener at localhost/10270] INFO  http.BaseHttpServer (BaseHttpServer.java:newHttpServer2BuilderForOzone(209)) - Starting Web-server for ozoneManager at: http://0.0.0.0:10272
2021-12-03 06:12:34,906 [Listener at localhost/10270] INFO  http.BaseHttpServer (BaseHttpServer.java:<init>(107)) - Hadoop Security Enabled: false Ozone Security Enabled: false Ozone HTTP Security Enabled: false 
2021-12-03 06:12:34,907 [Listener at localhost/10270] INFO  server.AuthenticationFilter (AuthenticationFilter.java:constructSecretProvider(240)) - Unable to initialize FileSignerSecretProvider, falling back to use random secrets.
2021-12-03 06:12:34,907 [Listener at localhost/10270] WARN  http.HttpRequestLog (HttpRequestLog.java:getRequestLog(103)) - Jetty request log can only be enabled using Log4j
2021-12-03 06:12:34,908 [Listener at localhost/10270] INFO  http.HttpServer2 (HttpServer2.java:addGlobalFilter(1030)) - Added global filter 'safety' (class=org.apache.hadoop.hdds.server.http.HttpServer2$QuotingInputFilter)
2021-12-03 06:12:34,909 [Listener at localhost/10270] INFO  http.HttpServer2 (HttpServer2.java:addFilter(1006)) - Added filter static_user_filter (class=org.apache.hadoop.http.lib.StaticUserWebFilter$StaticUserFilter) to context ozoneManager
2021-12-03 06:12:34,909 [Listener at localhost/10270] INFO  http.HttpServer2 (HttpServer2.java:addFilter(1014)) - Added filter static_user_filter (class=org.apache.hadoop.http.lib.StaticUserWebFilter$StaticUserFilter) to context logs
2021-12-03 06:12:34,909 [Listener at localhost/10270] INFO  http.HttpServer2 (HttpServer2.java:addFilter(1014)) - Added filter static_user_filter (class=org.apache.hadoop.http.lib.StaticUserWebFilter$StaticUserFilter) to context static
2021-12-03 06:12:34,909 [Listener at localhost/10270] INFO  http.HttpServer2 (HttpServer2.java:bindListener(1249)) - Jetty bound to port 10272
2021-12-03 06:12:34,909 [Listener at localhost/10270] INFO  server.Server (Server.java:doStart(375)) - jetty-9.4.43.v20210629; built: 2021-06-30T11:07:22.254Z; git: 526006ecfa3af7f1a27ef3a288e2bef7ea9dd7e8; jvm 1.8.0_292-b10
2021-12-03 06:12:34,917 [Listener at localhost/10270] INFO  server.session (DefaultSessionIdManager.java:doStart(334)) - DefaultSessionIdManager workerName=node0
2021-12-03 06:12:34,917 [Listener at localhost/10270] INFO  server.session (DefaultSessionIdManager.java:doStart(339)) - No SessionScavenger set, using defaults
2021-12-03 06:12:34,917 [Listener at localhost/10270] INFO  server.session (HouseKeeper.java:startScavenging(132)) - node0 Scavenging every 600000ms
2021-12-03 06:12:34,918 [Listener at localhost/10270] INFO  handler.ContextHandler (ContextHandler.java:doStart(915)) - Started o.e.j.s.ServletContextHandler@37a8f88c{logs,/logs,file:///home/runner/work/ozone/ozone/hadoop-ozone/integration-test/target/log,AVAILABLE}
2021-12-03 06:12:34,918 [Listener at localhost/10270] INFO  handler.ContextHandler (ContextHandler.java:doStart(915)) - Started o.e.j.s.ServletContextHandler@749e22b8{static,/static,file:///home/runner/work/ozone/ozone/hadoop-ozone/integration-test/target/test-classes/webapps/static,AVAILABLE}
2021-12-03 06:12:34,921 [Listener at localhost/10270] INFO  handler.ContextHandler (ContextHandler.java:doStart(915)) - Started o.e.j.w.WebAppContext@50c3fdf0{ozoneManager,/,file:///home/runner/work/ozone/ozone/hadoop-ozone/integration-test/target/test-classes/webapps/ozoneManager/,AVAILABLE}{file:/home/runner/work/ozone/ozone/hadoop-ozone/integration-test/target/test-classes/webapps/ozoneManager}
2021-12-03 06:12:34,926 [Listener at localhost/10270] INFO  server.AbstractConnector (AbstractConnector.java:doStart(331)) - Started ServerConnector@6b538715{HTTP/1.1, (http/1.1)}{0.0.0.0:10272}
2021-12-03 06:12:34,926 [Listener at localhost/10270] INFO  server.Server (Server.java:doStart(415)) - Started @95863ms
2021-12-03 06:12:34,926 [Listener at localhost/10270] WARN  impl.MetricsSystemImpl (MetricsSystemImpl.java:register(279)) - Sink prometheus already exists!
2021-12-03 06:12:34,930 [Listener at localhost/10270] INFO  http.BaseHttpServer (BaseHttpServer.java:updateConnectorAddress(329)) - HTTP server of ozoneManager listening at http://0.0.0.0:10272
2021-12-03 06:12:34,930 [IPC Server Responder] INFO  ipc.Server (Server.java:run(1507)) - IPC Server Responder: starting
2021-12-03 06:12:34,935 [IPC Server listener on 10270] INFO  ipc.Server (Server.java:run(1344)) - IPC Server listener on 10270: starting
2021-12-03 06:12:34,947 [Listener at localhost/10270] INFO  om.OzoneManager (OzoneManager.java:startTrashEmptier(1729)) - Trash Interval set to 0. Files deleted will not move to trash
2021-12-03 06:12:34,948 [org.apache.hadoop.util.JvmPauseMonitor$Monitor@666185f5] INFO  util.JvmPauseMonitor (JvmPauseMonitor.java:run(188)) - Starting JVM pause monitor
]]></system-out>
  </testcase>
  <testcase name="testTwoOMNodesDown" classname="org.apache.hadoop.ozone.om.TestOzoneManagerHAWithData" time="0">
    <skipped message="This test is failing randomly. It will be enabled after fixing it."/>
  </testcase>
  <testcase name="testOMRestart" classname="org.apache.hadoop.ozone.om.TestOzoneManagerHAWithData" time="57.005"/>
</testsuite>