<?xml version="1.0" encoding="UTF-8"?>
<testsuite xmlns:xsi="http://www.w3.org/2001/XMLSchema-instance" xsi:noNamespaceSchemaLocation="https://maven.apache.org/surefire/maven-surefire-plugin/xsd/surefire-test-report-3.0.xsd" version="3.0" name="org.apache.hadoop.fs.ozone.TestOzoneFileSystem" time="361.963" tests="176" errors="0" skipped="0" failures="1">
  <properties>
    <property name="awt.toolkit" value="sun.awt.X11.XToolkit"/>
    <property name="file.encoding.pkg" value="sun.io"/>
    <property name="java.specification.version" value="1.8"/>
    <property name="sun.cpu.isalist" value=""/>
    <property name="sun.jnu.encoding" value="UTF-8"/>
    <property name="java.class.path" value="/home/runner/work/ozone/ozone/hadoop-ozone/integration-test/target/test-classes:/home/runner/work/ozone/ozone/hadoop-ozone/integration-test/target/classes:/home/runner/.m2/repository/org/apache/ozone/ozone-common/1.4.0-SNAPSHOT/ozone-common-1.4.0-SNAPSHOT.jar:/home/runner/.m2/repository/io/grpc/grpc-netty/1.51.1/grpc-netty-1.51.1.jar:/home/runner/.m2/repository/io/grpc/grpc-core/1.51.1/grpc-core-1.51.1.jar:/home/runner/.m2/repository/com/google/android/annotations/4.1.1.4/annotations-4.1.1.4.jar:/home/runner/.m2/repository/org/codehaus/mojo/animal-sniffer-annotations/1.21/animal-sniffer-annotations-1.21.jar:/home/runner/.m2/repository/com/google/errorprone/error_prone_annotations/2.2.0/error_prone_annotations-2.2.0.jar:/home/runner/.m2/repository/io/perfmark/perfmark-api/0.25.0/perfmark-api-0.25.0.jar:/home/runner/.m2/repository/io/netty/netty-codec-http2/4.1.94.Final/netty-codec-http2-4.1.94.Final.jar:/home/runner/.m2/repository/io/netty/netty-common/4.1.94.Final/netty-common-4.1.94.Final.jar:/home/runner/.m2/repository/io/netty/netty-buffer/4.1.94.Final/netty-buffer-4.1.94.Final.jar:/home/runner/.m2/repository/io/netty/netty-codec-http/4.1.94.Final/netty-codec-http-4.1.94.Final.jar:/home/runner/.m2/repository/io/netty/netty-handler-proxy/4.1.94.Final/netty-handler-proxy-4.1.94.Final.jar:/home/runner/.m2/repository/io/netty/netty-codec-socks/4.1.94.Final/netty-codec-socks-4.1.94.Final.jar:/home/runner/.m2/repository/io/netty/netty-tcnative-boringssl-static/2.0.61.Final/netty-tcnative-boringssl-static-2.0.61.Final.jar:/home/runner/.m2/repository/io/netty/netty-tcnative-classes/2.0.61.Final/netty-tcnative-classes-2.0.61.Final.jar:/home/runner/.m2/repository/io/netty/netty-tcnative-boringssl-static/2.0.61.Final/netty-tcnative-boringssl-static-2.0.61.Final-linux-x86_64.jar:/home/runner/.m2/repository/io/netty/netty-tcnative-boringssl-static/2.0.61.Final/netty-tcnative-boringssl-static-2.0.61.Final-linux-aarch_64.jar:/home/runner/.m2/repository/io/netty/netty-tcnative-boringssl-static/2.0.61.Final/netty-tcnative-boringssl-static-2.0.61.Final-osx-x86_64.jar:/home/runner/.m2/repository/io/netty/netty-tcnative-boringssl-static/2.0.61.Final/netty-tcnative-boringssl-static-2.0.61.Final-osx-aarch_64.jar:/home/runner/.m2/repository/io/netty/netty-tcnative-boringssl-static/2.0.61.Final/netty-tcnative-boringssl-static-2.0.61.Final-windows-x86_64.jar:/home/runner/.m2/repository/org/apache/commons/commons-compress/1.21/commons-compress-1.21.jar:/home/runner/.m2/repository/org/apache/ozone/hdds-common/1.4.0-SNAPSHOT/hdds-common-1.4.0-SNAPSHOT.jar:/home/runner/.m2/repository/org/apache/ozone/hdds-client/1.4.0-SNAPSHOT/hdds-client-1.4.0-SNAPSHOT.jar:/home/runner/.m2/repository/org/apache/ozone/ozone-interface-client/1.4.0-SNAPSHOT/ozone-interface-client-1.4.0-SNAPSHOT.jar:/home/runner/.m2/repository/org/apache/hadoop/hadoop-hdfs-client/3.3.6/hadoop-hdfs-client-3.3.6.jar:/home/runner/.m2/repository/com/squareup/okhttp3/okhttp/4.9.3/okhttp-4.9.3.jar:/home/runner/.m2/repository/com/squareup/okio/okio/3.4.0/okio-3.4.0.jar:/home/runner/.m2/repository/com/squareup/okio/okio-jvm/3.4.0/okio-jvm-3.4.0.jar:/home/runner/.m2/repository/org/jetbrains/kotlin/kotlin-stdlib-jdk8/1.8.0/kotlin-stdlib-jdk8-1.8.0.jar:/home/runner/.m2/repository/org/jetbrains/kotlin/kotlin-stdlib-jdk7/1.8.0/kotlin-stdlib-jdk7-1.8.0.jar:/home/runner/.m2/repository/org/jetbrains/kotlin/kotlin-stdlib-common/1.6.21/kotlin-stdlib-common-1.6.21.jar:/home/runner/.m2/repository/org/apache/ozone/hdds-test-utils/1.4.0-SNAPSHOT/hdds-test-utils-1.4.0-SNAPSHOT.jar:/home/runner/.m2/repository/com/google/guava/guava/32.0.0-jre/guava-32.0.0-jre.jar:/home/runner/.m2/repository/com/google/guava/failureaccess/1.0.1/failureaccess-1.0.1.jar:/home/runner/.m2/repository/com/google/guava/listenablefuture/9999.0-empty-to-avoid-conflict-with-guava/listenablefuture-9999.0-empty-to-avoid-conflict-with-guava.jar:/home/runner/.m2/repository/com/google/code/findbugs/jsr305/3.0.0/jsr305-3.0.0.jar:/home/runner/.m2/repository/org/checkerframework/checker-qual/3.33.0/checker-qual-3.33.0.jar:/home/runner/.m2/repository/com/google/j2objc/j2objc-annotations/2.8/j2objc-annotations-2.8.jar:/home/runner/.m2/repository/commons-io/commons-io/2.11.0/commons-io-2.11.0.jar:/home/runner/.m2/repository/commons-logging/commons-logging/1.2/commons-logging-1.2.jar:/home/runner/.m2/repository/ch/qos/reload4j/reload4j/1.2.22/reload4j-1.2.22.jar:/home/runner/.m2/repository/org/slf4j/slf4j-api/1.7.36/slf4j-api-1.7.36.jar:/home/runner/.m2/repository/org/apache/logging/log4j/log4j-api/2.17.1/log4j-api-2.17.1.jar:/home/runner/.m2/repository/org/apache/ozone/hdds-server-scm/1.4.0-SNAPSHOT/hdds-server-scm-1.4.0-SNAPSHOT.jar:/home/runner/.m2/repository/org/apache/ozone/hdds-container-service/1.4.0-SNAPSHOT/hdds-container-service-1.4.0-SNAPSHOT.jar:/home/runner/.m2/repository/org/apache/ozone/hdds-hadoop-dependency-server/1.4.0-SNAPSHOT/hdds-hadoop-dependency-server-1.4.0-SNAPSHOT.jar:/home/runner/.m2/repository/org/apache/hadoop/hadoop-hdfs/3.3.6/hadoop-hdfs-3.3.6.jar:/home/runner/.m2/repository/commons-daemon/commons-daemon/1.0.13/commons-daemon-1.0.13.jar:/home/runner/.m2/repository/org/apache/ozone/hdds-server-framework/1.4.0-SNAPSHOT/hdds-server-framework-1.4.0-SNAPSHOT.jar:/home/runner/.m2/repository/io/dropwizard/metrics/metrics-core/3.2.4/metrics-core-3.2.4.jar:/home/runner/.m2/repository/org/apache/commons/commons-text/1.10.0/commons-text-1.10.0.jar:/home/runner/.m2/repository/org/bouncycastle/bcprov-jdk15on/1.67/bcprov-jdk15on-1.67.jar:/home/runner/.m2/repository/com/google/protobuf/protobuf-java/2.5.0/protobuf-java-2.5.0.jar:/home/runner/.m2/repository/org/apache/ozone/hdds-server-framework/1.4.0-SNAPSHOT/hdds-server-framework-1.4.0-SNAPSHOT-tests.jar:/home/runner/.m2/repository/org/apache/ozone/hdds-interface-server/1.4.0-SNAPSHOT/hdds-interface-server-1.4.0-SNAPSHOT.jar:/home/runner/.m2/repository/org/apache/ozone/hdds-interface-admin/1.4.0-SNAPSHOT/hdds-interface-admin-1.4.0-SNAPSHOT.jar:/home/runner/.m2/repository/org/apache/ozone/hdds-managed-rocksdb/1.4.0-SNAPSHOT/hdds-managed-rocksdb-1.4.0-SNAPSHOT.jar:/home/runner/.m2/repository/org/rocksdb/rocksdbjni/7.7.3/rocksdbjni-7.7.3.jar:/home/runner/.m2/repository/org/slf4j/slf4j-reload4j/1.7.36/slf4j-reload4j-1.7.36.jar:/home/runner/.m2/repository/org/apache/commons/commons-configuration2/2.1.1/commons-configuration2-2.1.1.jar:/home/runner/.m2/repository/commons-fileupload/commons-fileupload/1.5/commons-fileupload-1.5.jar:/home/runner/.m2/repository/org/apache/logging/log4j/log4j-core/2.17.1/log4j-core-2.17.1.jar:/home/runner/.m2/repository/com/lmax/disruptor/3.4.2/disruptor-3.4.2.jar:/home/runner/.m2/repository/org/eclipse/jetty/jetty-util/9.4.51.v20230217/jetty-util-9.4.51.v20230217.jar:/home/runner/.m2/repository/org/eclipse/jetty/jetty-server/9.4.51.v20230217/jetty-server-9.4.51.v20230217.jar:/home/runner/.m2/repository/org/eclipse/jetty/jetty-http/9.4.51.v20230217/jetty-http-9.4.51.v20230217.jar:/home/runner/.m2/repository/org/eclipse/jetty/jetty-io/9.4.51.v20230217/jetty-io-9.4.51.v20230217.jar:/home/runner/.m2/repository/org/eclipse/jetty/jetty-servlet/9.4.51.v20230217/jetty-servlet-9.4.51.v20230217.jar:/home/runner/.m2/repository/org/eclipse/jetty/jetty-security/9.4.51.v20230217/jetty-security-9.4.51.v20230217.jar:/home/runner/.m2/repository/org/eclipse/jetty/jetty-util-ajax/9.4.51.v20230217/jetty-util-ajax-9.4.51.v20230217.jar:/home/runner/.m2/repository/org/eclipse/jetty/jetty-webapp/9.4.51.v20230217/jetty-webapp-9.4.51.v20230217.jar:/home/runner/.m2/repository/org/eclipse/jetty/jetty-xml/9.4.51.v20230217/jetty-xml-9.4.51.v20230217.jar:/home/runner/.m2/repository/org/apache/ratis/ratis-server/2.5.1/ratis-server-2.5.1.jar:/home/runner/.m2/repository/org/apache/ratis/ratis-thirdparty-misc/1.0.4/ratis-thirdparty-misc-1.0.4.jar:/home/runner/.m2/repository/org/apache/ratis/ratis-proto/2.5.1/ratis-proto-2.5.1.jar:/home/runner/.m2/repository/org/apache/ratis/ratis-common/2.5.1/ratis-common-2.5.1.jar:/home/runner/.m2/repository/org/apache/ratis/ratis-client/2.5.1/ratis-client-2.5.1.jar:/home/runner/.m2/repository/org/apache/ratis/ratis-server-api/2.5.1/ratis-server-api-2.5.1.jar:/home/runner/.m2/repository/org/apache/ratis/ratis-metrics/2.5.1/ratis-metrics-2.5.1.jar:/home/runner/.m2/repository/io/prometheus/simpleclient_dropwizard/0.7.0/simpleclient_dropwizard-0.7.0.jar:/home/runner/.m2/repository/io/prometheus/simpleclient/0.7.0/simpleclient-0.7.0.jar:/home/runner/.m2/repository/io/prometheus/simpleclient_common/0.7.0/simpleclient_common-0.7.0.jar:/home/runner/.m2/repository/com/fasterxml/jackson/datatype/jackson-datatype-jsr310/2.13.4/jackson-datatype-jsr310-2.13.4.jar:/home/runner/.m2/repository/com/fasterxml/jackson/core/jackson-core/2.13.4/jackson-core-2.13.4.jar:/home/runner/.m2/repository/com/github/spotbugs/spotbugs-annotations/3.1.12/spotbugs-annotations-3.1.12.jar:/home/runner/.m2/repository/org/apache/ozone/rocksdb-checkpoint-differ/1.4.0-SNAPSHOT/rocksdb-checkpoint-differ-1.4.0-SNAPSHOT.jar:/home/runner/.m2/repository/org/jgrapht/jgrapht-core/1.0.1/jgrapht-core-1.0.1.jar:/home/runner/.m2/repository/org/jgrapht/jgrapht-ext/1.0.1/jgrapht-ext-1.0.1.jar:/home/runner/.m2/repository/org/tinyjee/jgraphx/jgraphx/2.0.0.1/jgraphx-2.0.0.1.jar:/home/runner/.m2/repository/jgraph/jgraph/5.13.0.0/jgraph-5.13.0.0.jar:/home/runner/.m2/repository/org/antlr/antlr4-runtime/4.5.3/antlr4-runtime-4.5.3.jar:/home/runner/.m2/repository/org/awaitility/awaitility/4.2.0/awaitility-4.2.0.jar:/home/runner/.m2/repository/org/hamcrest/hamcrest/2.1/hamcrest-2.1.jar:/home/runner/.m2/repository/org/apache/ozone/ozone-manager/1.4.0-SNAPSHOT/ozone-manager-1.4.0-SNAPSHOT.jar:/home/runner/.m2/repository/org/aspectj/aspectjrt/1.9.7/aspectjrt-1.9.7.jar:/home/runner/.m2/repository/org/aspectj/aspectjweaver/1.9.7/aspectjweaver-1.9.7.jar:/home/runner/.m2/repository/org/apache/ozone/hdds-interface-client/1.4.0-SNAPSHOT/hdds-interface-client-1.4.0-SNAPSHOT.jar:/home/runner/.m2/repository/org/apache/hadoop/thirdparty/hadoop-shaded-protobuf_3_7/1.1.1/hadoop-shaded-protobuf_3_7-1.1.1.jar:/home/runner/.m2/repository/org/apache/ozone/ozone-interface-storage/1.4.0-SNAPSHOT/ozone-interface-storage-1.4.0-SNAPSHOT.jar:/home/runner/.m2/repository/org/reflections/reflections/0.9.11/reflections-0.9.11.jar:/home/runner/.m2/repository/com/sun/jersey/jersey-client/1.19/jersey-client-1.19.jar:/home/runner/.m2/repository/org/codehaus/jackson/jackson-core-asl/1.9.13/jackson-core-asl-1.9.13.jar:/home/runner/.m2/repository/org/codehaus/jackson/jackson-mapper-asl/1.9.13/jackson-mapper-asl-1.9.13.jar:/home/runner/.m2/repository/org/codehaus/jackson/jackson-jaxrs/1.9.13/jackson-jaxrs-1.9.13.jar:/home/runner/.m2/repository/org/apache/ranger/ranger-intg/2.3.0/ranger-intg-2.3.0.jar:/home/runner/.m2/repository/org/apache/ranger/ranger-plugins-common/2.3.0/ranger-plugins-common-2.3.0.jar:/home/runner/.m2/repository/commons-lang/commons-lang/2.6/commons-lang-2.6.jar:/home/runner/.m2/repository/org/apache/ranger/ranger-plugins-cred/2.3.0/ranger-plugins-cred-2.3.0.jar:/home/runner/.m2/repository/org/apache/ranger/ranger-plugins-audit/2.3.0/ranger-plugins-audit-2.3.0.jar:/home/runner/.m2/repository/org/eclipse/jetty/jetty-client/9.4.51.v20230217/jetty-client-9.4.51.v20230217.jar:/home/runner/.m2/repository/org/apache/httpcomponents/httpmime/4.5.6/httpmime-4.5.6.jar:/home/runner/.m2/repository/org/apache/httpcomponents/httpcore-nio/4.4.13/httpcore-nio-4.4.13.jar:/home/runner/.m2/repository/org/apache/httpcomponents/httpasyncclient/4.1.3/httpasyncclient-4.1.3.jar:/home/runner/.m2/repository/com/carrotsearch/hppc/0.8.0/hppc-0.8.0.jar:/home/runner/.m2/repository/org/apache/orc/orc-core/1.5.8/orc-core-1.5.8.jar:/home/runner/.m2/repository/net/java/dev/jna/jna/5.2.0/jna-5.2.0.jar:/home/runner/.m2/repository/net/java/dev/jna/jna-platform/5.2.0/jna-platform-5.2.0.jar:/home/runner/.m2/repository/com/kstruct/gethostname4j/0.0.2/gethostname4j-0.0.2.jar:/home/runner/.m2/repository/org/apache/ranger/ranger-plugin-classloader/2.3.0/ranger-plugin-classloader-2.3.0.jar:/home/runner/.m2/repository/org/apache/ozone/hdds-rocks-native/1.4.0-SNAPSHOT/hdds-rocks-native-1.4.0-SNAPSHOT.jar:/home/runner/.m2/repository/org/apache/hadoop/hadoop-minikdc/3.3.6/hadoop-minikdc-3.3.6.jar:/home/runner/.m2/repository/org/apache/kerby/kerb-simplekdc/1.0.1/kerb-simplekdc-1.0.1.jar:/home/runner/.m2/repository/org/apache/kerby/kerb-client/1.0.1/kerb-client-1.0.1.jar:/home/runner/.m2/repository/org/apache/kerby/kerby-config/1.0.1/kerby-config-1.0.1.jar:/home/runner/.m2/repository/org/apache/kerby/kerb-common/1.0.1/kerb-common-1.0.1.jar:/home/runner/.m2/repository/org/apache/kerby/kerb-crypto/1.0.1/kerb-crypto-1.0.1.jar:/home/runner/.m2/repository/org/apache/kerby/kerb-util/1.0.1/kerb-util-1.0.1.jar:/home/runner/.m2/repository/org/apache/kerby/token-provider/1.0.1/token-provider-1.0.1.jar:/home/runner/.m2/repository/org/apache/kerby/kerb-admin/1.0.1/kerb-admin-1.0.1.jar:/home/runner/.m2/repository/org/apache/kerby/kerb-server/1.0.1/kerb-server-1.0.1.jar:/home/runner/.m2/repository/org/apache/kerby/kerb-identity/1.0.1/kerb-identity-1.0.1.jar:/home/runner/.m2/repository/org/apache/kerby/kerby-xdr/1.0.1/kerby-xdr-1.0.1.jar:/home/runner/.m2/repository/org/apache/ozone/ozone-s3gateway/1.4.0-SNAPSHOT/ozone-s3gateway-1.4.0-SNAPSHOT.jar:/home/runner/.m2/repository/org/javassist/javassist/3.21.0-GA/javassist-3.21.0-GA.jar:/home/runner/.m2/repository/org/jboss/weld/servlet/weld-servlet-shaded/3.1.9.Final/weld-servlet-shaded-3.1.9.Final.jar:/home/runner/.m2/repository/org/glassfish/jersey/containers/jersey-container-servlet-core/2.34/jersey-container-servlet-core-2.34.jar:/home/runner/.m2/repository/org/glassfish/hk2/external/jakarta.inject/2.6.1/jakarta.inject-2.6.1.jar:/home/runner/.m2/repository/org/glassfish/jersey/core/jersey-common/2.34/jersey-common-2.34.jar:/home/runner/.m2/repository/jakarta/ws/rs/jakarta.ws.rs-api/2.1.6/jakarta.ws.rs-api-2.1.6.jar:/home/runner/.m2/repository/org/glassfish/jersey/ext/cdi/jersey-cdi1x/2.34/jersey-cdi1x-2.34.jar:/home/runner/.m2/repository/org/glassfish/jersey/inject/jersey-hk2/2.34/jersey-hk2-2.34.jar:/home/runner/.m2/repository/org/glassfish/hk2/hk2-locator/2.6.1/hk2-locator-2.6.1.jar:/home/runner/.m2/repository/org/glassfish/jersey/media/jersey-media-jaxb/2.34/jersey-media-jaxb-2.34.jar:/home/runner/.m2/repository/org/glassfish/hk2/osgi-resource-locator/1.0.3/osgi-resource-locator-1.0.3.jar:/home/runner/.m2/repository/org/glassfish/hk2/hk2-api/2.5.0/hk2-api-2.5.0.jar:/home/runner/.m2/repository/org/glassfish/hk2/hk2-utils/2.5.0/hk2-utils-2.5.0.jar:/home/runner/.m2/repository/org/glassfish/hk2/external/aopalliance-repackaged/2.5.0/aopalliance-repackaged-2.5.0.jar:/home/runner/.m2/repository/com/fasterxml/jackson/dataformat/jackson-dataformat-xml/2.13.4/jackson-dataformat-xml-2.13.4.jar:/home/runner/.m2/repository/org/codehaus/woodstox/stax2-api/4.2.1/stax2-api-4.2.1.jar:/home/runner/.m2/repository/com/fasterxml/woodstox/woodstox-core/5.4.0/woodstox-core-5.4.0.jar:/home/runner/.m2/repository/com/fasterxml/jackson/module/jackson-module-jaxb-annotations/2.13.4/jackson-module-jaxb-annotations-2.13.4.jar:/home/runner/.m2/repository/jakarta/xml/bind/jakarta.xml.bind-api/2.3.3/jakarta.xml.bind-api-2.3.3.jar:/home/runner/.m2/repository/jakarta/activation/jakarta.activation-api/1.2.2/jakarta.activation-api-1.2.2.jar:/home/runner/.m2/repository/javax/enterprise/cdi-api/2.0/cdi-api-2.0.jar:/home/runner/.m2/repository/javax/el/javax.el-api/3.0.0/javax.el-api-3.0.0.jar:/home/runner/.m2/repository/javax/interceptor/javax.interceptor-api/1.2/javax.interceptor-api-1.2.jar:/home/runner/.m2/repository/javax/inject/javax.inject/1/javax.inject-1.jar:/home/runner/.m2/repository/javax/xml/bind/jaxb-api/2.3.0/jaxb-api-2.3.0.jar:/home/runner/.m2/repository/org/glassfish/jaxb/jaxb-runtime/2.3.0.1/jaxb-runtime-2.3.0.1.jar:/home/runner/.m2/repository/org/glassfish/jaxb/jaxb-core/2.3.0.1/jaxb-core-2.3.0.1.jar:/home/runner/.m2/repository/org/glassfish/jaxb/txw2/2.3.0.1/txw2-2.3.0.1.jar:/home/runner/.m2/repository/com/sun/istack/istack-commons-runtime/3.0.5/istack-commons-runtime-3.0.5.jar:/home/runner/.m2/repository/org/jvnet/staxex/stax-ex/1.7.8/stax-ex-1.7.8.jar:/home/runner/.m2/repository/com/sun/xml/fastinfoset/FastInfoset/1.2.13/FastInfoset-1.2.13.jar:/home/runner/.m2/repository/javax/activation/activation/1.1.1/activation-1.1.1.jar:/home/runner/.m2/repository/io/grpc/grpc-protobuf/1.51.1/grpc-protobuf-1.51.1.jar:/home/runner/.m2/repository/com/google/api/grpc/proto-google-common-protos/2.9.0/proto-google-common-protos-2.9.0.jar:/home/runner/.m2/repository/io/grpc/grpc-protobuf-lite/1.51.1/grpc-protobuf-lite-1.51.1.jar:/home/runner/.m2/repository/io/grpc/grpc-stub/1.51.1/grpc-stub-1.51.1.jar:/home/runner/.m2/repository/io/netty/netty-transport/4.1.94.Final/netty-transport-4.1.94.Final.jar:/home/runner/.m2/repository/io/netty/netty-resolver/4.1.94.Final/netty-resolver-4.1.94.Final.jar:/home/runner/.m2/repository/org/apache/ozone/ozone-csi/1.4.0-SNAPSHOT/ozone-csi-1.4.0-SNAPSHOT.jar:/home/runner/.m2/repository/com/google/protobuf/protobuf-java-util/3.19.6/protobuf-java-util-3.19.6.jar:/home/runner/.m2/repository/com/google/code/gson/gson/2.9.0/gson-2.9.0.jar:/home/runner/.m2/repository/org/apache/ozone/hdds-config/1.4.0-SNAPSHOT/hdds-config-1.4.0-SNAPSHOT.jar:/home/runner/.m2/repository/io/netty/netty-transport-native-epoll/4.1.94.Final/netty-transport-native-epoll-4.1.94.Final-linux-x86_64.jar:/home/runner/.m2/repository/io/netty/netty-transport-classes-epoll/4.1.94.Final/netty-transport-classes-epoll-4.1.94.Final.jar:/home/runner/.m2/repository/io/netty/netty-transport-native-unix-common/4.1.94.Final/netty-transport-native-unix-common-4.1.94.Final.jar:/home/runner/.m2/repository/org/apache/ozone/ozone-recon/1.4.0-SNAPSHOT/ozone-recon-1.4.0-SNAPSHOT.jar:/home/runner/.m2/repository/org/apache/ozone/ozone-reconcodegen/1.4.0-SNAPSHOT/ozone-reconcodegen-1.4.0-SNAPSHOT.jar:/home/runner/.m2/repository/com/google/inject/guice/5.1.0/guice-5.1.0.jar:/home/runner/.m2/repository/aopalliance/aopalliance/1.0/aopalliance-1.0.jar:/home/runner/.m2/repository/com/google/inject/extensions/guice-assistedinject/5.1.0/guice-assistedinject-5.1.0.jar:/home/runner/.m2/repository/com/google/inject/extensions/guice-servlet/5.1.0/guice-servlet-5.1.0.jar:/home/runner/.m2/repository/org/glassfish/jersey/containers/jersey-container-servlet/2.34/jersey-container-servlet-2.34.jar:/home/runner/.m2/repository/org/glassfish/hk2/guice-bridge/2.5.0/guice-bridge-2.5.0.jar:/home/runner/.m2/repository/org/glassfish/jersey/core/jersey-server/2.34/jersey-server-2.34.jar:/home/runner/.m2/repository/org/glassfish/jersey/core/jersey-client/2.34/jersey-client-2.34.jar:/home/runner/.m2/repository/jakarta/annotation/jakarta.annotation-api/1.3.5/jakarta.annotation-api-1.3.5.jar:/home/runner/.m2/repository/jakarta/validation/jakarta.validation-api/2.0.2/jakarta.validation-api-2.0.2.jar:/home/runner/.m2/repository/org/glassfish/jersey/media/jersey-media-json-jackson/2.34/jersey-media-json-jackson-2.34.jar:/home/runner/.m2/repository/org/glassfish/jersey/ext/jersey-entity-filtering/2.34/jersey-entity-filtering-2.34.jar:/home/runner/.m2/repository/org/jooq/jooq/3.11.10/jooq-3.11.10.jar:/home/runner/.m2/repository/org/jooq/jooq-meta/3.11.10/jooq-meta-3.11.10.jar:/home/runner/.m2/repository/org/jooq/jooq-codegen/3.11.10/jooq-codegen-3.11.10.jar:/home/runner/.m2/repository/com/jolbox/bonecp/0.8.0.RELEASE/bonecp-0.8.0.RELEASE.jar:/home/runner/.m2/repository/org/apache/derby/derby/10.14.2.0/derby-10.14.2.0.jar:/home/runner/.m2/repository/org/xerial/sqlite-jdbc/3.41.2.2/sqlite-jdbc-3.41.2.2.jar:/home/runner/.m2/repository/org/springframework/spring-jdbc/5.3.27/spring-jdbc-5.3.27.jar:/home/runner/.m2/repository/org/springframework/spring-beans/5.3.27/spring-beans-5.3.27.jar:/home/runner/.m2/repository/org/springframework/spring-core/5.3.27/spring-core-5.3.27.jar:/home/runner/.m2/repository/org/springframework/spring-tx/5.3.27/spring-tx-5.3.27.jar:/home/runner/.m2/repository/org/apache/ozone/ozone-client/1.4.0-SNAPSHOT/ozone-client-1.4.0-SNAPSHOT.jar:/home/runner/.m2/repository/org/apache/ozone/hdds-erasurecode/1.4.0-SNAPSHOT/hdds-erasurecode-1.4.0-SNAPSHOT.jar:/home/runner/.m2/repository/org/apache/ozone/ozone-filesystem/1.4.0-SNAPSHOT/ozone-filesystem-1.4.0-SNAPSHOT.jar:/home/runner/.m2/repository/org/apache/ozone/ozone-filesystem-common/1.4.0-SNAPSHOT/ozone-filesystem-common-1.4.0-SNAPSHOT.jar:/home/runner/.m2/repository/org/apache/ozone/ozone-tools/1.4.0-SNAPSHOT/ozone-tools-1.4.0-SNAPSHOT.jar:/home/runner/.m2/repository/com/amazonaws/aws-java-sdk-core/1.12.261/aws-java-sdk-core-1.12.261.jar:/home/runner/.m2/repository/org/apache/httpcomponents/httpclient/4.5.13/httpclient-4.5.13.jar:/home/runner/.m2/repository/org/apache/httpcomponents/httpcore/4.4.13/httpcore-4.4.13.jar:/home/runner/.m2/repository/software/amazon/ion/ion-java/1.0.2/ion-java-1.0.2.jar:/home/runner/.m2/repository/com/fasterxml/jackson/dataformat/jackson-dataformat-cbor/2.13.4/jackson-dataformat-cbor-2.13.4.jar:/home/runner/.m2/repository/joda-time/joda-time/2.10.6/joda-time-2.10.6.jar:/home/runner/.m2/repository/com/amazonaws/aws-java-sdk-s3/1.12.261/aws-java-sdk-s3-1.12.261.jar:/home/runner/.m2/repository/com/amazonaws/aws-java-sdk-kms/1.12.261/aws-java-sdk-kms-1.12.261.jar:/home/runner/.m2/repository/com/amazonaws/jmespath-java/1.12.261/jmespath-java-1.12.261.jar:/home/runner/.m2/repository/org/kohsuke/metainf-services/metainf-services/1.8/metainf-services-1.8.jar:/home/runner/.m2/repository/org/apache/ozone/hdds-tools/1.4.0-SNAPSHOT/hdds-tools-1.4.0-SNAPSHOT.jar:/home/runner/.m2/repository/org/apache/ratis/ratis-tools/2.5.1/ratis-tools-2.5.1.jar:/home/runner/.m2/repository/commons-cli/commons-cli/1.2/commons-cli-1.2.jar:/home/runner/.m2/repository/org/apache/commons/commons-lang3/3.7/commons-lang3-3.7.jar:/home/runner/.m2/repository/org/apache/ozone/ozone-manager/1.4.0-SNAPSHOT/ozone-manager-1.4.0-SNAPSHOT-tests.jar:/home/runner/.m2/repository/org/apache/ozone/hdds-common/1.4.0-SNAPSHOT/hdds-common-1.4.0-SNAPSHOT-tests.jar:/home/runner/.m2/repository/org/apache/ozone/hdds-hadoop-dependency-client/1.4.0-SNAPSHOT/hdds-hadoop-dependency-client-1.4.0-SNAPSHOT.jar:/home/runner/.m2/repository/info/picocli/picocli/4.6.1/picocli-4.6.1.jar:/home/runner/.m2/repository/com/fasterxml/jackson/core/jackson-annotations/2.13.4/jackson-annotations-2.13.4.jar:/home/runner/.m2/repository/org/apache/ozone/hdds-annotation-processing/1.4.0-SNAPSHOT/hdds-annotation-processing-1.4.0-SNAPSHOT.jar:/home/runner/.m2/repository/javax/annotation/javax.annotation-api/1.2/javax.annotation-api-1.2.jar:/home/runner/.m2/repository/org/apache/ratis/ratis-netty/2.5.1/ratis-netty-2.5.1.jar:/home/runner/.m2/repository/org/apache/ratis/ratis-grpc/2.5.1/ratis-grpc-2.5.1.jar:/home/runner/.m2/repository/org/apache/commons/commons-pool2/2.6.0/commons-pool2-2.6.0.jar:/home/runner/.m2/repository/org/bouncycastle/bcpkix-jdk15on/1.67/bcpkix-jdk15on-1.67.jar:/home/runner/.m2/repository/commons-validator/commons-validator/1.6/commons-validator-1.6.jar:/home/runner/.m2/repository/commons-beanutils/commons-beanutils/1.9.4/commons-beanutils-1.9.4.jar:/home/runner/.m2/repository/commons-digester/commons-digester/1.8.1/commons-digester-1.8.1.jar:/home/runner/.m2/repository/commons-collections/commons-collections/3.2.2/commons-collections-3.2.2.jar:/home/runner/.m2/repository/io/jaegertracing/jaeger-client/1.6.0/jaeger-client-1.6.0.jar:/home/runner/.m2/repository/io/jaegertracing/jaeger-thrift/1.6.0/jaeger-thrift-1.6.0.jar:/home/runner/.m2/repository/org/apache/thrift/libthrift/0.14.1/libthrift-0.14.1.jar:/home/runner/.m2/repository/io/jaegertracing/jaeger-core/1.6.0/jaeger-core-1.6.0.jar:/home/runner/.m2/repository/io/jaegertracing/jaeger-tracerresolver/1.6.0/jaeger-tracerresolver-1.6.0.jar:/home/runner/.m2/repository/io/opentracing/contrib/opentracing-tracerresolver/0.1.8/opentracing-tracerresolver-0.1.8.jar:/home/runner/.m2/repository/org/jetbrains/kotlin/kotlin-stdlib/1.6.21/kotlin-stdlib-1.6.21.jar:/home/runner/.m2/repository/org/jetbrains/annotations/13.0/annotations-13.0.jar:/home/runner/.m2/repository/io/opentracing/opentracing-util/0.33.0/opentracing-util-0.33.0.jar:/home/runner/.m2/repository/io/opentracing/opentracing-api/0.33.0/opentracing-api-0.33.0.jar:/home/runner/.m2/repository/io/opentracing/opentracing-noop/0.33.0/opentracing-noop-0.33.0.jar:/home/runner/.m2/repository/org/yaml/snakeyaml/2.0/snakeyaml-2.0.jar:/home/runner/.m2/repository/io/grpc/grpc-api/1.51.1/grpc-api-1.51.1.jar:/home/runner/.m2/repository/io/grpc/grpc-context/1.51.1/grpc-context-1.51.1.jar:/home/runner/.m2/repository/junit/junit/4.13.1/junit-4.13.1.jar:/home/runner/.m2/repository/org/hamcrest/hamcrest-core/1.3/hamcrest-core-1.3.jar:/home/runner/.m2/repository/org/junit/jupiter/junit-jupiter-api/5.8.2/junit-jupiter-api-5.8.2.jar:/home/runner/.m2/repository/org/opentest4j/opentest4j/1.2.0/opentest4j-1.2.0.jar:/home/runner/.m2/repository/org/junit/platform/junit-platform-commons/1.8.2/junit-platform-commons-1.8.2.jar:/home/runner/.m2/repository/org/apiguardian/apiguardian-api/1.1.2/apiguardian-api-1.1.2.jar:/home/runner/.m2/repository/org/junit/jupiter/junit-jupiter-params/5.8.2/junit-jupiter-params-5.8.2.jar:/home/runner/.m2/repository/org/junit/jupiter/junit-jupiter-migrationsupport/5.8.2/junit-jupiter-migrationsupport-5.8.2.jar:/home/runner/.m2/repository/org/junit/jupiter/junit-jupiter-engine/5.8.2/junit-jupiter-engine-5.8.2.jar:/home/runner/.m2/repository/org/junit/platform/junit-platform-engine/1.8.2/junit-platform-engine-1.8.2.jar:/home/runner/.m2/repository/org/junit/vintage/junit-vintage-engine/5.8.2/junit-vintage-engine-5.8.2.jar:/home/runner/.m2/repository/org/junit/platform/junit-platform-launcher/1.8.2/junit-platform-launcher-1.8.2.jar:/home/runner/.m2/repository/org/mockito/mockito-core/3.5.9/mockito-core-3.5.9.jar:/home/runner/.m2/repository/net/bytebuddy/byte-buddy/1.10.13/byte-buddy-1.10.13.jar:/home/runner/.m2/repository/net/bytebuddy/byte-buddy-agent/1.10.13/byte-buddy-agent-1.10.13.jar:/home/runner/.m2/repository/org/objenesis/objenesis/1.0/objenesis-1.0.jar:/home/runner/.m2/repository/org/apache/hadoop/hadoop-kms/3.3.6/hadoop-kms-3.3.6.jar:/home/runner/.m2/repository/org/apache/hadoop/hadoop-auth/3.3.6/hadoop-auth-3.3.6.jar:/home/runner/.m2/repository/com/nimbusds/nimbus-jose-jwt/9.8.1/nimbus-jose-jwt-9.8.1.jar:/home/runner/.m2/repository/com/github/stephenc/jcip/jcip-annotations/1.0-1/jcip-annotations-1.0-1.jar:/home/runner/.m2/repository/org/apache/zookeeper/zookeeper/3.5.6/zookeeper-3.5.6.jar:/home/runner/.m2/repository/org/apache/zookeeper/zookeeper-jute/3.5.6/zookeeper-jute-3.5.6.jar:/home/runner/.m2/repository/org/apache/yetus/audience-annotations/0.5.0/audience-annotations-0.5.0.jar:/home/runner/.m2/repository/org/apache/curator/curator-framework/4.2.0/curator-framework-4.2.0.jar:/home/runner/.m2/repository/org/apache/hadoop/thirdparty/hadoop-shaded-guava/1.1.1/hadoop-shaded-guava-1.1.1.jar:/home/runner/.m2/repository/com/sun/jersey/jersey-core/1.19/jersey-core-1.19.jar:/home/runner/.m2/repository/javax/ws/rs/jsr311-api/1.1.1/jsr311-api-1.1.1.jar:/home/runner/.m2/repository/com/sun/jersey/jersey-server/1.19/jersey-server-1.19.jar:/home/runner/.m2/repository/javax/servlet/javax.servlet-api/3.1.0/javax.servlet-api-3.1.0.jar:/home/runner/.m2/repository/org/apache/hadoop/hadoop-common/3.3.6/hadoop-common-3.3.6.jar:/home/runner/.m2/repository/org/apache/commons/commons-math3/3.1.1/commons-math3-3.1.1.jar:/home/runner/.m2/repository/commons-net/commons-net/3.9.0/commons-net-3.9.0.jar:/home/runner/.m2/repository/com/sun/jersey/jersey-servlet/1.19/jersey-servlet-1.19.jar:/home/runner/.m2/repository/com/github/pjfanning/jersey-json/1.20/jersey-json-1.20.jar:/home/runner/.m2/repository/org/codehaus/jettison/jettison/1.1/jettison-1.1.jar:/home/runner/.m2/repository/com/sun/xml/bind/jaxb-impl/2.2.3-1/jaxb-impl-2.2.3-1.jar:/home/runner/.m2/repository/com/google/re2j/re2j/1.1/re2j-1.1.jar:/home/runner/.m2/repository/com/jcraft/jsch/0.1.54/jsch-0.1.54.jar:/home/runner/.m2/repository/org/apache/curator/curator-client/4.2.0/curator-client-4.2.0.jar:/home/runner/.m2/repository/org/apache/curator/curator-recipes/5.2.0/curator-recipes-5.2.0.jar:/home/runner/.m2/repository/org/apache/kerby/kerb-core/1.0.1/kerb-core-1.0.1.jar:/home/runner/.m2/repository/org/apache/kerby/kerby-pkix/1.0.1/kerby-pkix-1.0.1.jar:/home/runner/.m2/repository/org/apache/kerby/kerby-asn1/1.0.1/kerby-asn1-1.0.1.jar:/home/runner/.m2/repository/org/apache/kerby/kerby-util/1.0.1/kerby-util-1.0.1.jar:/home/runner/.m2/repository/dnsjava/dnsjava/2.1.7/dnsjava-2.1.7.jar:/home/runner/.m2/repository/org/xerial/snappy/snappy-java/1.1.8.2/snappy-java-1.1.8.2.jar:/home/runner/.m2/repository/com/fasterxml/jackson/core/jackson-databind/2.13.4.2/jackson-databind-2.13.4.2.jar:/home/runner/.m2/repository/org/apache/hadoop/hadoop-kms/3.3.6/hadoop-kms-3.3.6-tests.jar:/home/runner/.m2/repository/org/apache/ozone/hdds-server-scm/1.4.0-SNAPSHOT/hdds-server-scm-1.4.0-SNAPSHOT-tests.jar:/home/runner/.m2/repository/org/apache/ozone/hdds-container-service/1.4.0-SNAPSHOT/hdds-container-service-1.4.0-SNAPSHOT-tests.jar:/home/runner/.m2/repository/com/github/luben/zstd-jni/1.5.2-5/zstd-jni-1.5.2-5.jar:/home/runner/.m2/repository/commons-codec/commons-codec/1.15/commons-codec-1.15.jar:/home/runner/.m2/repository/io/netty/netty-codec/4.1.94.Final/netty-codec-4.1.94.Final.jar:/home/runner/.m2/repository/io/netty/netty-handler/4.1.94.Final/netty-handler-4.1.94.Final.jar:/home/runner/.m2/repository/org/apache/ozone/hdds-hadoop-dependency-test/1.4.0-SNAPSHOT/hdds-hadoop-dependency-test-1.4.0-SNAPSHOT.jar:/home/runner/.m2/repository/org/apache/hadoop/hadoop-common/3.3.6/hadoop-common-3.3.6-tests.jar:/home/runner/.m2/repository/org/apache/hadoop/hadoop-hdfs/3.3.6/hadoop-hdfs-3.3.6-tests.jar:/home/runner/.m2/repository/org/assertj/assertj-core/3.12.2/assertj-core-3.12.2.jar:/home/runner/.m2/repository/org/apache/hadoop/hadoop-distcp/3.3.6/hadoop-distcp-3.3.6.jar:/home/runner/.m2/repository/org/apache/hadoop/hadoop-mapreduce-client-jobclient/3.3.6/hadoop-mapreduce-client-jobclient-3.3.6.jar:/home/runner/.m2/repository/org/apache/hadoop/hadoop-mapreduce-client-common/3.3.6/hadoop-mapreduce-client-common-3.3.6.jar:/home/runner/.m2/repository/org/apache/hadoop/hadoop-yarn-common/3.3.6/hadoop-yarn-common-3.3.6.jar:/home/runner/.m2/repository/org/apache/hadoop/hadoop-yarn-api/3.3.6/hadoop-yarn-api-3.3.6.jar:/home/runner/.m2/repository/com/sun/jersey/contribs/jersey-guice/1.19/jersey-guice-1.19.jar:/home/runner/.m2/repository/com/fasterxml/jackson/jaxrs/jackson-jaxrs-json-provider/2.13.4/jackson-jaxrs-json-provider-2.13.4.jar:/home/runner/.m2/repository/com/fasterxml/jackson/jaxrs/jackson-jaxrs-base/2.13.4/jackson-jaxrs-base-2.13.4.jar:/home/runner/.m2/repository/org/apache/hadoop/hadoop-yarn-client/3.3.6/hadoop-yarn-client-3.3.6.jar:/home/runner/.m2/repository/org/eclipse/jetty/websocket/websocket-client/9.4.51.v20230217/websocket-client-9.4.51.v20230217.jar:/home/runner/.m2/repository/org/eclipse/jetty/websocket/websocket-common/9.4.51.v20230217/websocket-common-9.4.51.v20230217.jar:/home/runner/.m2/repository/org/eclipse/jetty/websocket/websocket-api/9.4.51.v20230217/websocket-api-9.4.51.v20230217.jar:/home/runner/.m2/repository/org/jline/jline/3.9.0/jline-3.9.0.jar:/home/runner/.m2/repository/org/apache/hadoop/hadoop-mapreduce-client-core/3.3.6/hadoop-mapreduce-client-core-3.3.6.jar:/home/runner/.m2/repository/org/apache/avro/avro/1.7.7/avro-1.7.7.jar:/home/runner/.m2/repository/com/thoughtworks/paranamer/paranamer/2.3/paranamer-2.3.jar:/home/runner/.m2/repository/org/apache/hadoop/hadoop-annotations/3.3.6/hadoop-annotations-3.3.6.jar:/usr/lib/jvm/temurin-8-jdk-amd64/jre/../lib/tools.jar:/home/runner/.m2/repository/io/netty/netty/3.10.6.Final/netty-3.10.6.Final.jar:/home/runner/.m2/repository/org/apache/hadoop/hadoop-distcp/3.3.6/hadoop-distcp-3.3.6-tests.jar:/home/runner/.m2/repository/org/slf4j/jul-to-slf4j/1.7.36/jul-to-slf4j-1.7.36.jar:"/>
    <property name="java.vm.vendor" value="Temurin"/>
    <property name="sun.arch.data.model" value="64"/>
    <property name="test.build.dir" value="/home/runner/work/ozone/ozone/hadoop-ozone/integration-test/target/test-dir"/>
    <property name="test.cache.data" value=""/>
    <property name="java.vendor.url" value="https://adoptium.net/"/>
    <property name="user.timezone" value="Etc/UTC"/>
    <property name="java.vm.specification.version" value="1.8"/>
    <property name="os.name" value="Linux"/>
    <property name="test.build.data" value="/home/runner/work/ozone/ozone/hadoop-ozone/integration-test/target/test-dir"/>
    <property name="sun.java.launcher" value="SUN_STANDARD"/>
    <property name="sun.boot.library.path" value="/usr/lib/jvm/temurin-8-jdk-amd64/jre/lib/amd64"/>
    <property name="sun.java.command" value="/home/runner/work/ozone/ozone/hadoop-ozone/integration-test/target/surefire/surefirebooter6967040579962617081.jar /home/runner/work/ozone/ozone/hadoop-ozone/integration-test/target/surefire 2023-08-31T17-42-17_926-jvmRun1 surefire6852821123839035763tmp surefire_214171679718553291722tmp"/>
    <property name="native.lib.tmp.dir" value="/tmp"/>
    <property name="surefire.test.class.path" value="/home/runner/work/ozone/ozone/hadoop-ozone/integration-test/target/test-classes:/home/runner/work/ozone/ozone/hadoop-ozone/integration-test/target/classes:/home/runner/.m2/repository/org/apache/ozone/ozone-common/1.4.0-SNAPSHOT/ozone-common-1.4.0-SNAPSHOT.jar:/home/runner/.m2/repository/io/grpc/grpc-netty/1.51.1/grpc-netty-1.51.1.jar:/home/runner/.m2/repository/io/grpc/grpc-core/1.51.1/grpc-core-1.51.1.jar:/home/runner/.m2/repository/com/google/android/annotations/4.1.1.4/annotations-4.1.1.4.jar:/home/runner/.m2/repository/org/codehaus/mojo/animal-sniffer-annotations/1.21/animal-sniffer-annotations-1.21.jar:/home/runner/.m2/repository/com/google/errorprone/error_prone_annotations/2.2.0/error_prone_annotations-2.2.0.jar:/home/runner/.m2/repository/io/perfmark/perfmark-api/0.25.0/perfmark-api-0.25.0.jar:/home/runner/.m2/repository/io/netty/netty-codec-http2/4.1.94.Final/netty-codec-http2-4.1.94.Final.jar:/home/runner/.m2/repository/io/netty/netty-common/4.1.94.Final/netty-common-4.1.94.Final.jar:/home/runner/.m2/repository/io/netty/netty-buffer/4.1.94.Final/netty-buffer-4.1.94.Final.jar:/home/runner/.m2/repository/io/netty/netty-codec-http/4.1.94.Final/netty-codec-http-4.1.94.Final.jar:/home/runner/.m2/repository/io/netty/netty-handler-proxy/4.1.94.Final/netty-handler-proxy-4.1.94.Final.jar:/home/runner/.m2/repository/io/netty/netty-codec-socks/4.1.94.Final/netty-codec-socks-4.1.94.Final.jar:/home/runner/.m2/repository/io/netty/netty-tcnative-boringssl-static/2.0.61.Final/netty-tcnative-boringssl-static-2.0.61.Final.jar:/home/runner/.m2/repository/io/netty/netty-tcnative-classes/2.0.61.Final/netty-tcnative-classes-2.0.61.Final.jar:/home/runner/.m2/repository/io/netty/netty-tcnative-boringssl-static/2.0.61.Final/netty-tcnative-boringssl-static-2.0.61.Final-linux-x86_64.jar:/home/runner/.m2/repository/io/netty/netty-tcnative-boringssl-static/2.0.61.Final/netty-tcnative-boringssl-static-2.0.61.Final-linux-aarch_64.jar:/home/runner/.m2/repository/io/netty/netty-tcnative-boringssl-static/2.0.61.Final/netty-tcnative-boringssl-static-2.0.61.Final-osx-x86_64.jar:/home/runner/.m2/repository/io/netty/netty-tcnative-boringssl-static/2.0.61.Final/netty-tcnative-boringssl-static-2.0.61.Final-osx-aarch_64.jar:/home/runner/.m2/repository/io/netty/netty-tcnative-boringssl-static/2.0.61.Final/netty-tcnative-boringssl-static-2.0.61.Final-windows-x86_64.jar:/home/runner/.m2/repository/org/apache/commons/commons-compress/1.21/commons-compress-1.21.jar:/home/runner/.m2/repository/org/apache/ozone/hdds-common/1.4.0-SNAPSHOT/hdds-common-1.4.0-SNAPSHOT.jar:/home/runner/.m2/repository/org/apache/ozone/hdds-client/1.4.0-SNAPSHOT/hdds-client-1.4.0-SNAPSHOT.jar:/home/runner/.m2/repository/org/apache/ozone/ozone-interface-client/1.4.0-SNAPSHOT/ozone-interface-client-1.4.0-SNAPSHOT.jar:/home/runner/.m2/repository/org/apache/hadoop/hadoop-hdfs-client/3.3.6/hadoop-hdfs-client-3.3.6.jar:/home/runner/.m2/repository/com/squareup/okhttp3/okhttp/4.9.3/okhttp-4.9.3.jar:/home/runner/.m2/repository/com/squareup/okio/okio/3.4.0/okio-3.4.0.jar:/home/runner/.m2/repository/com/squareup/okio/okio-jvm/3.4.0/okio-jvm-3.4.0.jar:/home/runner/.m2/repository/org/jetbrains/kotlin/kotlin-stdlib-jdk8/1.8.0/kotlin-stdlib-jdk8-1.8.0.jar:/home/runner/.m2/repository/org/jetbrains/kotlin/kotlin-stdlib-jdk7/1.8.0/kotlin-stdlib-jdk7-1.8.0.jar:/home/runner/.m2/repository/org/jetbrains/kotlin/kotlin-stdlib-common/1.6.21/kotlin-stdlib-common-1.6.21.jar:/home/runner/.m2/repository/org/apache/ozone/hdds-test-utils/1.4.0-SNAPSHOT/hdds-test-utils-1.4.0-SNAPSHOT.jar:/home/runner/.m2/repository/com/google/guava/guava/32.0.0-jre/guava-32.0.0-jre.jar:/home/runner/.m2/repository/com/google/guava/failureaccess/1.0.1/failureaccess-1.0.1.jar:/home/runner/.m2/repository/com/google/guava/listenablefuture/9999.0-empty-to-avoid-conflict-with-guava/listenablefuture-9999.0-empty-to-avoid-conflict-with-guava.jar:/home/runner/.m2/repository/com/google/code/findbugs/jsr305/3.0.0/jsr305-3.0.0.jar:/home/runner/.m2/repository/org/checkerframework/checker-qual/3.33.0/checker-qual-3.33.0.jar:/home/runner/.m2/repository/com/google/j2objc/j2objc-annotations/2.8/j2objc-annotations-2.8.jar:/home/runner/.m2/repository/commons-io/commons-io/2.11.0/commons-io-2.11.0.jar:/home/runner/.m2/repository/commons-logging/commons-logging/1.2/commons-logging-1.2.jar:/home/runner/.m2/repository/ch/qos/reload4j/reload4j/1.2.22/reload4j-1.2.22.jar:/home/runner/.m2/repository/org/slf4j/slf4j-api/1.7.36/slf4j-api-1.7.36.jar:/home/runner/.m2/repository/org/apache/logging/log4j/log4j-api/2.17.1/log4j-api-2.17.1.jar:/home/runner/.m2/repository/org/apache/ozone/hdds-server-scm/1.4.0-SNAPSHOT/hdds-server-scm-1.4.0-SNAPSHOT.jar:/home/runner/.m2/repository/org/apache/ozone/hdds-container-service/1.4.0-SNAPSHOT/hdds-container-service-1.4.0-SNAPSHOT.jar:/home/runner/.m2/repository/org/apache/ozone/hdds-hadoop-dependency-server/1.4.0-SNAPSHOT/hdds-hadoop-dependency-server-1.4.0-SNAPSHOT.jar:/home/runner/.m2/repository/org/apache/hadoop/hadoop-hdfs/3.3.6/hadoop-hdfs-3.3.6.jar:/home/runner/.m2/repository/commons-daemon/commons-daemon/1.0.13/commons-daemon-1.0.13.jar:/home/runner/.m2/repository/org/apache/ozone/hdds-server-framework/1.4.0-SNAPSHOT/hdds-server-framework-1.4.0-SNAPSHOT.jar:/home/runner/.m2/repository/io/dropwizard/metrics/metrics-core/3.2.4/metrics-core-3.2.4.jar:/home/runner/.m2/repository/org/apache/commons/commons-text/1.10.0/commons-text-1.10.0.jar:/home/runner/.m2/repository/org/bouncycastle/bcprov-jdk15on/1.67/bcprov-jdk15on-1.67.jar:/home/runner/.m2/repository/com/google/protobuf/protobuf-java/2.5.0/protobuf-java-2.5.0.jar:/home/runner/.m2/repository/org/apache/ozone/hdds-server-framework/1.4.0-SNAPSHOT/hdds-server-framework-1.4.0-SNAPSHOT-tests.jar:/home/runner/.m2/repository/org/apache/ozone/hdds-interface-server/1.4.0-SNAPSHOT/hdds-interface-server-1.4.0-SNAPSHOT.jar:/home/runner/.m2/repository/org/apache/ozone/hdds-interface-admin/1.4.0-SNAPSHOT/hdds-interface-admin-1.4.0-SNAPSHOT.jar:/home/runner/.m2/repository/org/apache/ozone/hdds-managed-rocksdb/1.4.0-SNAPSHOT/hdds-managed-rocksdb-1.4.0-SNAPSHOT.jar:/home/runner/.m2/repository/org/rocksdb/rocksdbjni/7.7.3/rocksdbjni-7.7.3.jar:/home/runner/.m2/repository/org/slf4j/slf4j-reload4j/1.7.36/slf4j-reload4j-1.7.36.jar:/home/runner/.m2/repository/org/apache/commons/commons-configuration2/2.1.1/commons-configuration2-2.1.1.jar:/home/runner/.m2/repository/commons-fileupload/commons-fileupload/1.5/commons-fileupload-1.5.jar:/home/runner/.m2/repository/org/apache/logging/log4j/log4j-core/2.17.1/log4j-core-2.17.1.jar:/home/runner/.m2/repository/com/lmax/disruptor/3.4.2/disruptor-3.4.2.jar:/home/runner/.m2/repository/org/eclipse/jetty/jetty-util/9.4.51.v20230217/jetty-util-9.4.51.v20230217.jar:/home/runner/.m2/repository/org/eclipse/jetty/jetty-server/9.4.51.v20230217/jetty-server-9.4.51.v20230217.jar:/home/runner/.m2/repository/org/eclipse/jetty/jetty-http/9.4.51.v20230217/jetty-http-9.4.51.v20230217.jar:/home/runner/.m2/repository/org/eclipse/jetty/jetty-io/9.4.51.v20230217/jetty-io-9.4.51.v20230217.jar:/home/runner/.m2/repository/org/eclipse/jetty/jetty-servlet/9.4.51.v20230217/jetty-servlet-9.4.51.v20230217.jar:/home/runner/.m2/repository/org/eclipse/jetty/jetty-security/9.4.51.v20230217/jetty-security-9.4.51.v20230217.jar:/home/runner/.m2/repository/org/eclipse/jetty/jetty-util-ajax/9.4.51.v20230217/jetty-util-ajax-9.4.51.v20230217.jar:/home/runner/.m2/repository/org/eclipse/jetty/jetty-webapp/9.4.51.v20230217/jetty-webapp-9.4.51.v20230217.jar:/home/runner/.m2/repository/org/eclipse/jetty/jetty-xml/9.4.51.v20230217/jetty-xml-9.4.51.v20230217.jar:/home/runner/.m2/repository/org/apache/ratis/ratis-server/2.5.1/ratis-server-2.5.1.jar:/home/runner/.m2/repository/org/apache/ratis/ratis-thirdparty-misc/1.0.4/ratis-thirdparty-misc-1.0.4.jar:/home/runner/.m2/repository/org/apache/ratis/ratis-proto/2.5.1/ratis-proto-2.5.1.jar:/home/runner/.m2/repository/org/apache/ratis/ratis-common/2.5.1/ratis-common-2.5.1.jar:/home/runner/.m2/repository/org/apache/ratis/ratis-client/2.5.1/ratis-client-2.5.1.jar:/home/runner/.m2/repository/org/apache/ratis/ratis-server-api/2.5.1/ratis-server-api-2.5.1.jar:/home/runner/.m2/repository/org/apache/ratis/ratis-metrics/2.5.1/ratis-metrics-2.5.1.jar:/home/runner/.m2/repository/io/prometheus/simpleclient_dropwizard/0.7.0/simpleclient_dropwizard-0.7.0.jar:/home/runner/.m2/repository/io/prometheus/simpleclient/0.7.0/simpleclient-0.7.0.jar:/home/runner/.m2/repository/io/prometheus/simpleclient_common/0.7.0/simpleclient_common-0.7.0.jar:/home/runner/.m2/repository/com/fasterxml/jackson/datatype/jackson-datatype-jsr310/2.13.4/jackson-datatype-jsr310-2.13.4.jar:/home/runner/.m2/repository/com/fasterxml/jackson/core/jackson-core/2.13.4/jackson-core-2.13.4.jar:/home/runner/.m2/repository/com/github/spotbugs/spotbugs-annotations/3.1.12/spotbugs-annotations-3.1.12.jar:/home/runner/.m2/repository/org/apache/ozone/rocksdb-checkpoint-differ/1.4.0-SNAPSHOT/rocksdb-checkpoint-differ-1.4.0-SNAPSHOT.jar:/home/runner/.m2/repository/org/jgrapht/jgrapht-core/1.0.1/jgrapht-core-1.0.1.jar:/home/runner/.m2/repository/org/jgrapht/jgrapht-ext/1.0.1/jgrapht-ext-1.0.1.jar:/home/runner/.m2/repository/org/tinyjee/jgraphx/jgraphx/2.0.0.1/jgraphx-2.0.0.1.jar:/home/runner/.m2/repository/jgraph/jgraph/5.13.0.0/jgraph-5.13.0.0.jar:/home/runner/.m2/repository/org/antlr/antlr4-runtime/4.5.3/antlr4-runtime-4.5.3.jar:/home/runner/.m2/repository/org/awaitility/awaitility/4.2.0/awaitility-4.2.0.jar:/home/runner/.m2/repository/org/hamcrest/hamcrest/2.1/hamcrest-2.1.jar:/home/runner/.m2/repository/org/apache/ozone/ozone-manager/1.4.0-SNAPSHOT/ozone-manager-1.4.0-SNAPSHOT.jar:/home/runner/.m2/repository/org/aspectj/aspectjrt/1.9.7/aspectjrt-1.9.7.jar:/home/runner/.m2/repository/org/aspectj/aspectjweaver/1.9.7/aspectjweaver-1.9.7.jar:/home/runner/.m2/repository/org/apache/ozone/hdds-interface-client/1.4.0-SNAPSHOT/hdds-interface-client-1.4.0-SNAPSHOT.jar:/home/runner/.m2/repository/org/apache/hadoop/thirdparty/hadoop-shaded-protobuf_3_7/1.1.1/hadoop-shaded-protobuf_3_7-1.1.1.jar:/home/runner/.m2/repository/org/apache/ozone/ozone-interface-storage/1.4.0-SNAPSHOT/ozone-interface-storage-1.4.0-SNAPSHOT.jar:/home/runner/.m2/repository/org/reflections/reflections/0.9.11/reflections-0.9.11.jar:/home/runner/.m2/repository/com/sun/jersey/jersey-client/1.19/jersey-client-1.19.jar:/home/runner/.m2/repository/org/codehaus/jackson/jackson-core-asl/1.9.13/jackson-core-asl-1.9.13.jar:/home/runner/.m2/repository/org/codehaus/jackson/jackson-mapper-asl/1.9.13/jackson-mapper-asl-1.9.13.jar:/home/runner/.m2/repository/org/codehaus/jackson/jackson-jaxrs/1.9.13/jackson-jaxrs-1.9.13.jar:/home/runner/.m2/repository/org/apache/ranger/ranger-intg/2.3.0/ranger-intg-2.3.0.jar:/home/runner/.m2/repository/org/apache/ranger/ranger-plugins-common/2.3.0/ranger-plugins-common-2.3.0.jar:/home/runner/.m2/repository/commons-lang/commons-lang/2.6/commons-lang-2.6.jar:/home/runner/.m2/repository/org/apache/ranger/ranger-plugins-cred/2.3.0/ranger-plugins-cred-2.3.0.jar:/home/runner/.m2/repository/org/apache/ranger/ranger-plugins-audit/2.3.0/ranger-plugins-audit-2.3.0.jar:/home/runner/.m2/repository/org/eclipse/jetty/jetty-client/9.4.51.v20230217/jetty-client-9.4.51.v20230217.jar:/home/runner/.m2/repository/org/apache/httpcomponents/httpmime/4.5.6/httpmime-4.5.6.jar:/home/runner/.m2/repository/org/apache/httpcomponents/httpcore-nio/4.4.13/httpcore-nio-4.4.13.jar:/home/runner/.m2/repository/org/apache/httpcomponents/httpasyncclient/4.1.3/httpasyncclient-4.1.3.jar:/home/runner/.m2/repository/com/carrotsearch/hppc/0.8.0/hppc-0.8.0.jar:/home/runner/.m2/repository/org/apache/orc/orc-core/1.5.8/orc-core-1.5.8.jar:/home/runner/.m2/repository/net/java/dev/jna/jna/5.2.0/jna-5.2.0.jar:/home/runner/.m2/repository/net/java/dev/jna/jna-platform/5.2.0/jna-platform-5.2.0.jar:/home/runner/.m2/repository/com/kstruct/gethostname4j/0.0.2/gethostname4j-0.0.2.jar:/home/runner/.m2/repository/org/apache/ranger/ranger-plugin-classloader/2.3.0/ranger-plugin-classloader-2.3.0.jar:/home/runner/.m2/repository/org/apache/ozone/hdds-rocks-native/1.4.0-SNAPSHOT/hdds-rocks-native-1.4.0-SNAPSHOT.jar:/home/runner/.m2/repository/org/apache/hadoop/hadoop-minikdc/3.3.6/hadoop-minikdc-3.3.6.jar:/home/runner/.m2/repository/org/apache/kerby/kerb-simplekdc/1.0.1/kerb-simplekdc-1.0.1.jar:/home/runner/.m2/repository/org/apache/kerby/kerb-client/1.0.1/kerb-client-1.0.1.jar:/home/runner/.m2/repository/org/apache/kerby/kerby-config/1.0.1/kerby-config-1.0.1.jar:/home/runner/.m2/repository/org/apache/kerby/kerb-common/1.0.1/kerb-common-1.0.1.jar:/home/runner/.m2/repository/org/apache/kerby/kerb-crypto/1.0.1/kerb-crypto-1.0.1.jar:/home/runner/.m2/repository/org/apache/kerby/kerb-util/1.0.1/kerb-util-1.0.1.jar:/home/runner/.m2/repository/org/apache/kerby/token-provider/1.0.1/token-provider-1.0.1.jar:/home/runner/.m2/repository/org/apache/kerby/kerb-admin/1.0.1/kerb-admin-1.0.1.jar:/home/runner/.m2/repository/org/apache/kerby/kerb-server/1.0.1/kerb-server-1.0.1.jar:/home/runner/.m2/repository/org/apache/kerby/kerb-identity/1.0.1/kerb-identity-1.0.1.jar:/home/runner/.m2/repository/org/apache/kerby/kerby-xdr/1.0.1/kerby-xdr-1.0.1.jar:/home/runner/.m2/repository/org/apache/ozone/ozone-s3gateway/1.4.0-SNAPSHOT/ozone-s3gateway-1.4.0-SNAPSHOT.jar:/home/runner/.m2/repository/org/javassist/javassist/3.21.0-GA/javassist-3.21.0-GA.jar:/home/runner/.m2/repository/org/jboss/weld/servlet/weld-servlet-shaded/3.1.9.Final/weld-servlet-shaded-3.1.9.Final.jar:/home/runner/.m2/repository/org/glassfish/jersey/containers/jersey-container-servlet-core/2.34/jersey-container-servlet-core-2.34.jar:/home/runner/.m2/repository/org/glassfish/hk2/external/jakarta.inject/2.6.1/jakarta.inject-2.6.1.jar:/home/runner/.m2/repository/org/glassfish/jersey/core/jersey-common/2.34/jersey-common-2.34.jar:/home/runner/.m2/repository/jakarta/ws/rs/jakarta.ws.rs-api/2.1.6/jakarta.ws.rs-api-2.1.6.jar:/home/runner/.m2/repository/org/glassfish/jersey/ext/cdi/jersey-cdi1x/2.34/jersey-cdi1x-2.34.jar:/home/runner/.m2/repository/org/glassfish/jersey/inject/jersey-hk2/2.34/jersey-hk2-2.34.jar:/home/runner/.m2/repository/org/glassfish/hk2/hk2-locator/2.6.1/hk2-locator-2.6.1.jar:/home/runner/.m2/repository/org/glassfish/jersey/media/jersey-media-jaxb/2.34/jersey-media-jaxb-2.34.jar:/home/runner/.m2/repository/org/glassfish/hk2/osgi-resource-locator/1.0.3/osgi-resource-locator-1.0.3.jar:/home/runner/.m2/repository/org/glassfish/hk2/hk2-api/2.5.0/hk2-api-2.5.0.jar:/home/runner/.m2/repository/org/glassfish/hk2/hk2-utils/2.5.0/hk2-utils-2.5.0.jar:/home/runner/.m2/repository/org/glassfish/hk2/external/aopalliance-repackaged/2.5.0/aopalliance-repackaged-2.5.0.jar:/home/runner/.m2/repository/com/fasterxml/jackson/dataformat/jackson-dataformat-xml/2.13.4/jackson-dataformat-xml-2.13.4.jar:/home/runner/.m2/repository/org/codehaus/woodstox/stax2-api/4.2.1/stax2-api-4.2.1.jar:/home/runner/.m2/repository/com/fasterxml/woodstox/woodstox-core/5.4.0/woodstox-core-5.4.0.jar:/home/runner/.m2/repository/com/fasterxml/jackson/module/jackson-module-jaxb-annotations/2.13.4/jackson-module-jaxb-annotations-2.13.4.jar:/home/runner/.m2/repository/jakarta/xml/bind/jakarta.xml.bind-api/2.3.3/jakarta.xml.bind-api-2.3.3.jar:/home/runner/.m2/repository/jakarta/activation/jakarta.activation-api/1.2.2/jakarta.activation-api-1.2.2.jar:/home/runner/.m2/repository/javax/enterprise/cdi-api/2.0/cdi-api-2.0.jar:/home/runner/.m2/repository/javax/el/javax.el-api/3.0.0/javax.el-api-3.0.0.jar:/home/runner/.m2/repository/javax/interceptor/javax.interceptor-api/1.2/javax.interceptor-api-1.2.jar:/home/runner/.m2/repository/javax/inject/javax.inject/1/javax.inject-1.jar:/home/runner/.m2/repository/javax/xml/bind/jaxb-api/2.3.0/jaxb-api-2.3.0.jar:/home/runner/.m2/repository/org/glassfish/jaxb/jaxb-runtime/2.3.0.1/jaxb-runtime-2.3.0.1.jar:/home/runner/.m2/repository/org/glassfish/jaxb/jaxb-core/2.3.0.1/jaxb-core-2.3.0.1.jar:/home/runner/.m2/repository/org/glassfish/jaxb/txw2/2.3.0.1/txw2-2.3.0.1.jar:/home/runner/.m2/repository/com/sun/istack/istack-commons-runtime/3.0.5/istack-commons-runtime-3.0.5.jar:/home/runner/.m2/repository/org/jvnet/staxex/stax-ex/1.7.8/stax-ex-1.7.8.jar:/home/runner/.m2/repository/com/sun/xml/fastinfoset/FastInfoset/1.2.13/FastInfoset-1.2.13.jar:/home/runner/.m2/repository/javax/activation/activation/1.1.1/activation-1.1.1.jar:/home/runner/.m2/repository/io/grpc/grpc-protobuf/1.51.1/grpc-protobuf-1.51.1.jar:/home/runner/.m2/repository/com/google/api/grpc/proto-google-common-protos/2.9.0/proto-google-common-protos-2.9.0.jar:/home/runner/.m2/repository/io/grpc/grpc-protobuf-lite/1.51.1/grpc-protobuf-lite-1.51.1.jar:/home/runner/.m2/repository/io/grpc/grpc-stub/1.51.1/grpc-stub-1.51.1.jar:/home/runner/.m2/repository/io/netty/netty-transport/4.1.94.Final/netty-transport-4.1.94.Final.jar:/home/runner/.m2/repository/io/netty/netty-resolver/4.1.94.Final/netty-resolver-4.1.94.Final.jar:/home/runner/.m2/repository/org/apache/ozone/ozone-csi/1.4.0-SNAPSHOT/ozone-csi-1.4.0-SNAPSHOT.jar:/home/runner/.m2/repository/com/google/protobuf/protobuf-java-util/3.19.6/protobuf-java-util-3.19.6.jar:/home/runner/.m2/repository/com/google/code/gson/gson/2.9.0/gson-2.9.0.jar:/home/runner/.m2/repository/org/apache/ozone/hdds-config/1.4.0-SNAPSHOT/hdds-config-1.4.0-SNAPSHOT.jar:/home/runner/.m2/repository/io/netty/netty-transport-native-epoll/4.1.94.Final/netty-transport-native-epoll-4.1.94.Final-linux-x86_64.jar:/home/runner/.m2/repository/io/netty/netty-transport-classes-epoll/4.1.94.Final/netty-transport-classes-epoll-4.1.94.Final.jar:/home/runner/.m2/repository/io/netty/netty-transport-native-unix-common/4.1.94.Final/netty-transport-native-unix-common-4.1.94.Final.jar:/home/runner/.m2/repository/org/apache/ozone/ozone-recon/1.4.0-SNAPSHOT/ozone-recon-1.4.0-SNAPSHOT.jar:/home/runner/.m2/repository/org/apache/ozone/ozone-reconcodegen/1.4.0-SNAPSHOT/ozone-reconcodegen-1.4.0-SNAPSHOT.jar:/home/runner/.m2/repository/com/google/inject/guice/5.1.0/guice-5.1.0.jar:/home/runner/.m2/repository/aopalliance/aopalliance/1.0/aopalliance-1.0.jar:/home/runner/.m2/repository/com/google/inject/extensions/guice-assistedinject/5.1.0/guice-assistedinject-5.1.0.jar:/home/runner/.m2/repository/com/google/inject/extensions/guice-servlet/5.1.0/guice-servlet-5.1.0.jar:/home/runner/.m2/repository/org/glassfish/jersey/containers/jersey-container-servlet/2.34/jersey-container-servlet-2.34.jar:/home/runner/.m2/repository/org/glassfish/hk2/guice-bridge/2.5.0/guice-bridge-2.5.0.jar:/home/runner/.m2/repository/org/glassfish/jersey/core/jersey-server/2.34/jersey-server-2.34.jar:/home/runner/.m2/repository/org/glassfish/jersey/core/jersey-client/2.34/jersey-client-2.34.jar:/home/runner/.m2/repository/jakarta/annotation/jakarta.annotation-api/1.3.5/jakarta.annotation-api-1.3.5.jar:/home/runner/.m2/repository/jakarta/validation/jakarta.validation-api/2.0.2/jakarta.validation-api-2.0.2.jar:/home/runner/.m2/repository/org/glassfish/jersey/media/jersey-media-json-jackson/2.34/jersey-media-json-jackson-2.34.jar:/home/runner/.m2/repository/org/glassfish/jersey/ext/jersey-entity-filtering/2.34/jersey-entity-filtering-2.34.jar:/home/runner/.m2/repository/org/jooq/jooq/3.11.10/jooq-3.11.10.jar:/home/runner/.m2/repository/org/jooq/jooq-meta/3.11.10/jooq-meta-3.11.10.jar:/home/runner/.m2/repository/org/jooq/jooq-codegen/3.11.10/jooq-codegen-3.11.10.jar:/home/runner/.m2/repository/com/jolbox/bonecp/0.8.0.RELEASE/bonecp-0.8.0.RELEASE.jar:/home/runner/.m2/repository/org/apache/derby/derby/10.14.2.0/derby-10.14.2.0.jar:/home/runner/.m2/repository/org/xerial/sqlite-jdbc/3.41.2.2/sqlite-jdbc-3.41.2.2.jar:/home/runner/.m2/repository/org/springframework/spring-jdbc/5.3.27/spring-jdbc-5.3.27.jar:/home/runner/.m2/repository/org/springframework/spring-beans/5.3.27/spring-beans-5.3.27.jar:/home/runner/.m2/repository/org/springframework/spring-core/5.3.27/spring-core-5.3.27.jar:/home/runner/.m2/repository/org/springframework/spring-tx/5.3.27/spring-tx-5.3.27.jar:/home/runner/.m2/repository/org/apache/ozone/ozone-client/1.4.0-SNAPSHOT/ozone-client-1.4.0-SNAPSHOT.jar:/home/runner/.m2/repository/org/apache/ozone/hdds-erasurecode/1.4.0-SNAPSHOT/hdds-erasurecode-1.4.0-SNAPSHOT.jar:/home/runner/.m2/repository/org/apache/ozone/ozone-filesystem/1.4.0-SNAPSHOT/ozone-filesystem-1.4.0-SNAPSHOT.jar:/home/runner/.m2/repository/org/apache/ozone/ozone-filesystem-common/1.4.0-SNAPSHOT/ozone-filesystem-common-1.4.0-SNAPSHOT.jar:/home/runner/.m2/repository/org/apache/ozone/ozone-tools/1.4.0-SNAPSHOT/ozone-tools-1.4.0-SNAPSHOT.jar:/home/runner/.m2/repository/com/amazonaws/aws-java-sdk-core/1.12.261/aws-java-sdk-core-1.12.261.jar:/home/runner/.m2/repository/org/apache/httpcomponents/httpclient/4.5.13/httpclient-4.5.13.jar:/home/runner/.m2/repository/org/apache/httpcomponents/httpcore/4.4.13/httpcore-4.4.13.jar:/home/runner/.m2/repository/software/amazon/ion/ion-java/1.0.2/ion-java-1.0.2.jar:/home/runner/.m2/repository/com/fasterxml/jackson/dataformat/jackson-dataformat-cbor/2.13.4/jackson-dataformat-cbor-2.13.4.jar:/home/runner/.m2/repository/joda-time/joda-time/2.10.6/joda-time-2.10.6.jar:/home/runner/.m2/repository/com/amazonaws/aws-java-sdk-s3/1.12.261/aws-java-sdk-s3-1.12.261.jar:/home/runner/.m2/repository/com/amazonaws/aws-java-sdk-kms/1.12.261/aws-java-sdk-kms-1.12.261.jar:/home/runner/.m2/repository/com/amazonaws/jmespath-java/1.12.261/jmespath-java-1.12.261.jar:/home/runner/.m2/repository/org/kohsuke/metainf-services/metainf-services/1.8/metainf-services-1.8.jar:/home/runner/.m2/repository/org/apache/ozone/hdds-tools/1.4.0-SNAPSHOT/hdds-tools-1.4.0-SNAPSHOT.jar:/home/runner/.m2/repository/org/apache/ratis/ratis-tools/2.5.1/ratis-tools-2.5.1.jar:/home/runner/.m2/repository/commons-cli/commons-cli/1.2/commons-cli-1.2.jar:/home/runner/.m2/repository/org/apache/commons/commons-lang3/3.7/commons-lang3-3.7.jar:/home/runner/.m2/repository/org/apache/ozone/ozone-manager/1.4.0-SNAPSHOT/ozone-manager-1.4.0-SNAPSHOT-tests.jar:/home/runner/.m2/repository/org/apache/ozone/hdds-common/1.4.0-SNAPSHOT/hdds-common-1.4.0-SNAPSHOT-tests.jar:/home/runner/.m2/repository/org/apache/ozone/hdds-hadoop-dependency-client/1.4.0-SNAPSHOT/hdds-hadoop-dependency-client-1.4.0-SNAPSHOT.jar:/home/runner/.m2/repository/info/picocli/picocli/4.6.1/picocli-4.6.1.jar:/home/runner/.m2/repository/com/fasterxml/jackson/core/jackson-annotations/2.13.4/jackson-annotations-2.13.4.jar:/home/runner/.m2/repository/org/apache/ozone/hdds-annotation-processing/1.4.0-SNAPSHOT/hdds-annotation-processing-1.4.0-SNAPSHOT.jar:/home/runner/.m2/repository/javax/annotation/javax.annotation-api/1.2/javax.annotation-api-1.2.jar:/home/runner/.m2/repository/org/apache/ratis/ratis-netty/2.5.1/ratis-netty-2.5.1.jar:/home/runner/.m2/repository/org/apache/ratis/ratis-grpc/2.5.1/ratis-grpc-2.5.1.jar:/home/runner/.m2/repository/org/apache/commons/commons-pool2/2.6.0/commons-pool2-2.6.0.jar:/home/runner/.m2/repository/org/bouncycastle/bcpkix-jdk15on/1.67/bcpkix-jdk15on-1.67.jar:/home/runner/.m2/repository/commons-validator/commons-validator/1.6/commons-validator-1.6.jar:/home/runner/.m2/repository/commons-beanutils/commons-beanutils/1.9.4/commons-beanutils-1.9.4.jar:/home/runner/.m2/repository/commons-digester/commons-digester/1.8.1/commons-digester-1.8.1.jar:/home/runner/.m2/repository/commons-collections/commons-collections/3.2.2/commons-collections-3.2.2.jar:/home/runner/.m2/repository/io/jaegertracing/jaeger-client/1.6.0/jaeger-client-1.6.0.jar:/home/runner/.m2/repository/io/jaegertracing/jaeger-thrift/1.6.0/jaeger-thrift-1.6.0.jar:/home/runner/.m2/repository/org/apache/thrift/libthrift/0.14.1/libthrift-0.14.1.jar:/home/runner/.m2/repository/io/jaegertracing/jaeger-core/1.6.0/jaeger-core-1.6.0.jar:/home/runner/.m2/repository/io/jaegertracing/jaeger-tracerresolver/1.6.0/jaeger-tracerresolver-1.6.0.jar:/home/runner/.m2/repository/io/opentracing/contrib/opentracing-tracerresolver/0.1.8/opentracing-tracerresolver-0.1.8.jar:/home/runner/.m2/repository/org/jetbrains/kotlin/kotlin-stdlib/1.6.21/kotlin-stdlib-1.6.21.jar:/home/runner/.m2/repository/org/jetbrains/annotations/13.0/annotations-13.0.jar:/home/runner/.m2/repository/io/opentracing/opentracing-util/0.33.0/opentracing-util-0.33.0.jar:/home/runner/.m2/repository/io/opentracing/opentracing-api/0.33.0/opentracing-api-0.33.0.jar:/home/runner/.m2/repository/io/opentracing/opentracing-noop/0.33.0/opentracing-noop-0.33.0.jar:/home/runner/.m2/repository/org/yaml/snakeyaml/2.0/snakeyaml-2.0.jar:/home/runner/.m2/repository/io/grpc/grpc-api/1.51.1/grpc-api-1.51.1.jar:/home/runner/.m2/repository/io/grpc/grpc-context/1.51.1/grpc-context-1.51.1.jar:/home/runner/.m2/repository/junit/junit/4.13.1/junit-4.13.1.jar:/home/runner/.m2/repository/org/hamcrest/hamcrest-core/1.3/hamcrest-core-1.3.jar:/home/runner/.m2/repository/org/junit/jupiter/junit-jupiter-api/5.8.2/junit-jupiter-api-5.8.2.jar:/home/runner/.m2/repository/org/opentest4j/opentest4j/1.2.0/opentest4j-1.2.0.jar:/home/runner/.m2/repository/org/junit/platform/junit-platform-commons/1.8.2/junit-platform-commons-1.8.2.jar:/home/runner/.m2/repository/org/apiguardian/apiguardian-api/1.1.2/apiguardian-api-1.1.2.jar:/home/runner/.m2/repository/org/junit/jupiter/junit-jupiter-params/5.8.2/junit-jupiter-params-5.8.2.jar:/home/runner/.m2/repository/org/junit/jupiter/junit-jupiter-migrationsupport/5.8.2/junit-jupiter-migrationsupport-5.8.2.jar:/home/runner/.m2/repository/org/junit/jupiter/junit-jupiter-engine/5.8.2/junit-jupiter-engine-5.8.2.jar:/home/runner/.m2/repository/org/junit/platform/junit-platform-engine/1.8.2/junit-platform-engine-1.8.2.jar:/home/runner/.m2/repository/org/junit/vintage/junit-vintage-engine/5.8.2/junit-vintage-engine-5.8.2.jar:/home/runner/.m2/repository/org/junit/platform/junit-platform-launcher/1.8.2/junit-platform-launcher-1.8.2.jar:/home/runner/.m2/repository/org/mockito/mockito-core/3.5.9/mockito-core-3.5.9.jar:/home/runner/.m2/repository/net/bytebuddy/byte-buddy/1.10.13/byte-buddy-1.10.13.jar:/home/runner/.m2/repository/net/bytebuddy/byte-buddy-agent/1.10.13/byte-buddy-agent-1.10.13.jar:/home/runner/.m2/repository/org/objenesis/objenesis/1.0/objenesis-1.0.jar:/home/runner/.m2/repository/org/apache/hadoop/hadoop-kms/3.3.6/hadoop-kms-3.3.6.jar:/home/runner/.m2/repository/org/apache/hadoop/hadoop-auth/3.3.6/hadoop-auth-3.3.6.jar:/home/runner/.m2/repository/com/nimbusds/nimbus-jose-jwt/9.8.1/nimbus-jose-jwt-9.8.1.jar:/home/runner/.m2/repository/com/github/stephenc/jcip/jcip-annotations/1.0-1/jcip-annotations-1.0-1.jar:/home/runner/.m2/repository/org/apache/zookeeper/zookeeper/3.5.6/zookeeper-3.5.6.jar:/home/runner/.m2/repository/org/apache/zookeeper/zookeeper-jute/3.5.6/zookeeper-jute-3.5.6.jar:/home/runner/.m2/repository/org/apache/yetus/audience-annotations/0.5.0/audience-annotations-0.5.0.jar:/home/runner/.m2/repository/org/apache/curator/curator-framework/4.2.0/curator-framework-4.2.0.jar:/home/runner/.m2/repository/org/apache/hadoop/thirdparty/hadoop-shaded-guava/1.1.1/hadoop-shaded-guava-1.1.1.jar:/home/runner/.m2/repository/com/sun/jersey/jersey-core/1.19/jersey-core-1.19.jar:/home/runner/.m2/repository/javax/ws/rs/jsr311-api/1.1.1/jsr311-api-1.1.1.jar:/home/runner/.m2/repository/com/sun/jersey/jersey-server/1.19/jersey-server-1.19.jar:/home/runner/.m2/repository/javax/servlet/javax.servlet-api/3.1.0/javax.servlet-api-3.1.0.jar:/home/runner/.m2/repository/org/apache/hadoop/hadoop-common/3.3.6/hadoop-common-3.3.6.jar:/home/runner/.m2/repository/org/apache/commons/commons-math3/3.1.1/commons-math3-3.1.1.jar:/home/runner/.m2/repository/commons-net/commons-net/3.9.0/commons-net-3.9.0.jar:/home/runner/.m2/repository/com/sun/jersey/jersey-servlet/1.19/jersey-servlet-1.19.jar:/home/runner/.m2/repository/com/github/pjfanning/jersey-json/1.20/jersey-json-1.20.jar:/home/runner/.m2/repository/org/codehaus/jettison/jettison/1.1/jettison-1.1.jar:/home/runner/.m2/repository/com/sun/xml/bind/jaxb-impl/2.2.3-1/jaxb-impl-2.2.3-1.jar:/home/runner/.m2/repository/com/google/re2j/re2j/1.1/re2j-1.1.jar:/home/runner/.m2/repository/com/jcraft/jsch/0.1.54/jsch-0.1.54.jar:/home/runner/.m2/repository/org/apache/curator/curator-client/4.2.0/curator-client-4.2.0.jar:/home/runner/.m2/repository/org/apache/curator/curator-recipes/5.2.0/curator-recipes-5.2.0.jar:/home/runner/.m2/repository/org/apache/kerby/kerb-core/1.0.1/kerb-core-1.0.1.jar:/home/runner/.m2/repository/org/apache/kerby/kerby-pkix/1.0.1/kerby-pkix-1.0.1.jar:/home/runner/.m2/repository/org/apache/kerby/kerby-asn1/1.0.1/kerby-asn1-1.0.1.jar:/home/runner/.m2/repository/org/apache/kerby/kerby-util/1.0.1/kerby-util-1.0.1.jar:/home/runner/.m2/repository/dnsjava/dnsjava/2.1.7/dnsjava-2.1.7.jar:/home/runner/.m2/repository/org/xerial/snappy/snappy-java/1.1.8.2/snappy-java-1.1.8.2.jar:/home/runner/.m2/repository/com/fasterxml/jackson/core/jackson-databind/2.13.4.2/jackson-databind-2.13.4.2.jar:/home/runner/.m2/repository/org/apache/hadoop/hadoop-kms/3.3.6/hadoop-kms-3.3.6-tests.jar:/home/runner/.m2/repository/org/apache/ozone/hdds-server-scm/1.4.0-SNAPSHOT/hdds-server-scm-1.4.0-SNAPSHOT-tests.jar:/home/runner/.m2/repository/org/apache/ozone/hdds-container-service/1.4.0-SNAPSHOT/hdds-container-service-1.4.0-SNAPSHOT-tests.jar:/home/runner/.m2/repository/com/github/luben/zstd-jni/1.5.2-5/zstd-jni-1.5.2-5.jar:/home/runner/.m2/repository/commons-codec/commons-codec/1.15/commons-codec-1.15.jar:/home/runner/.m2/repository/io/netty/netty-codec/4.1.94.Final/netty-codec-4.1.94.Final.jar:/home/runner/.m2/repository/io/netty/netty-handler/4.1.94.Final/netty-handler-4.1.94.Final.jar:/home/runner/.m2/repository/org/apache/ozone/hdds-hadoop-dependency-test/1.4.0-SNAPSHOT/hdds-hadoop-dependency-test-1.4.0-SNAPSHOT.jar:/home/runner/.m2/repository/org/apache/hadoop/hadoop-common/3.3.6/hadoop-common-3.3.6-tests.jar:/home/runner/.m2/repository/org/apache/hadoop/hadoop-hdfs/3.3.6/hadoop-hdfs-3.3.6-tests.jar:/home/runner/.m2/repository/org/assertj/assertj-core/3.12.2/assertj-core-3.12.2.jar:/home/runner/.m2/repository/org/apache/hadoop/hadoop-distcp/3.3.6/hadoop-distcp-3.3.6.jar:/home/runner/.m2/repository/org/apache/hadoop/hadoop-mapreduce-client-jobclient/3.3.6/hadoop-mapreduce-client-jobclient-3.3.6.jar:/home/runner/.m2/repository/org/apache/hadoop/hadoop-mapreduce-client-common/3.3.6/hadoop-mapreduce-client-common-3.3.6.jar:/home/runner/.m2/repository/org/apache/hadoop/hadoop-yarn-common/3.3.6/hadoop-yarn-common-3.3.6.jar:/home/runner/.m2/repository/org/apache/hadoop/hadoop-yarn-api/3.3.6/hadoop-yarn-api-3.3.6.jar:/home/runner/.m2/repository/com/sun/jersey/contribs/jersey-guice/1.19/jersey-guice-1.19.jar:/home/runner/.m2/repository/com/fasterxml/jackson/jaxrs/jackson-jaxrs-json-provider/2.13.4/jackson-jaxrs-json-provider-2.13.4.jar:/home/runner/.m2/repository/com/fasterxml/jackson/jaxrs/jackson-jaxrs-base/2.13.4/jackson-jaxrs-base-2.13.4.jar:/home/runner/.m2/repository/org/apache/hadoop/hadoop-yarn-client/3.3.6/hadoop-yarn-client-3.3.6.jar:/home/runner/.m2/repository/org/eclipse/jetty/websocket/websocket-client/9.4.51.v20230217/websocket-client-9.4.51.v20230217.jar:/home/runner/.m2/repository/org/eclipse/jetty/websocket/websocket-common/9.4.51.v20230217/websocket-common-9.4.51.v20230217.jar:/home/runner/.m2/repository/org/eclipse/jetty/websocket/websocket-api/9.4.51.v20230217/websocket-api-9.4.51.v20230217.jar:/home/runner/.m2/repository/org/jline/jline/3.9.0/jline-3.9.0.jar:/home/runner/.m2/repository/org/apache/hadoop/hadoop-mapreduce-client-core/3.3.6/hadoop-mapreduce-client-core-3.3.6.jar:/home/runner/.m2/repository/org/apache/avro/avro/1.7.7/avro-1.7.7.jar:/home/runner/.m2/repository/com/thoughtworks/paranamer/paranamer/2.3/paranamer-2.3.jar:/home/runner/.m2/repository/org/apache/hadoop/hadoop-annotations/3.3.6/hadoop-annotations-3.3.6.jar:/usr/lib/jvm/temurin-8-jdk-amd64/jre/../lib/tools.jar:/home/runner/.m2/repository/io/netty/netty/3.10.6.Final/netty-3.10.6.Final.jar:/home/runner/.m2/repository/org/apache/hadoop/hadoop-distcp/3.3.6/hadoop-distcp-3.3.6-tests.jar:/home/runner/.m2/repository/org/slf4j/jul-to-slf4j/1.7.36/jul-to-slf4j-1.7.36.jar:"/>
    <property name="sun.cpu.endian" value="little"/>
    <property name="user.home" value="/home/runner"/>
    <property name="user.language" value="en"/>
    <property name="java.specification.vendor" value="Oracle Corporation"/>
    <property name="java.home" value="/usr/lib/jvm/temurin-8-jdk-amd64/jre"/>
    <property name="java.security.krb5.conf" value="/home/runner/work/ozone/ozone/hadoop-ozone/integration-test/target/test-classes/krb5.conf"/>
    <property name="basedir" value="/home/runner/work/ozone/ozone/hadoop-ozone/integration-test"/>
    <property name="file.separator" value="/"/>
    <property name="line.separator" value="&#10;"/>
    <property name="java.vm.specification.vendor" value="Oracle Corporation"/>
    <property name="java.specification.name" value="Java Platform API Specification"/>
    <property name="java.awt.graphicsenv" value="sun.awt.X11GraphicsEnvironment"/>
    <property name="skip.installnpx" value="true"/>
    <property name="surefire.real.class.path" value="/home/runner/work/ozone/ozone/hadoop-ozone/integration-test/target/surefire/surefirebooter6967040579962617081.jar:/home/runner/.m2/repository/org/jacoco/org.jacoco.agent/0.8.5/org.jacoco.agent-0.8.5-runtime.jar"/>
    <property name="hadoop.log.dir" value="/home/runner/work/ozone/ozone/hadoop-ozone/integration-test/target/log"/>
    <property name="sun.boot.class.path" value="/usr/lib/jvm/temurin-8-jdk-amd64/jre/lib/resources.jar:/usr/lib/jvm/temurin-8-jdk-amd64/jre/lib/rt.jar:/usr/lib/jvm/temurin-8-jdk-amd64/jre/lib/sunrsasign.jar:/usr/lib/jvm/temurin-8-jdk-amd64/jre/lib/jsse.jar:/usr/lib/jvm/temurin-8-jdk-amd64/jre/lib/jce.jar:/usr/lib/jvm/temurin-8-jdk-amd64/jre/lib/charsets.jar:/usr/lib/jvm/temurin-8-jdk-amd64/jre/lib/jfr.jar:/usr/lib/jvm/temurin-8-jdk-amd64/jre/classes"/>
    <property name="sun.management.compiler" value="HotSpot 64-Bit Tiered Compilers"/>
    <property name="skip.npx" value="true"/>
    <property name="java.runtime.version" value="1.8.0_382-b05"/>
    <property name="java.net.preferIPv4Stack" value="true"/>
    <property name="user.name" value="runner"/>
    <property name="path.separator" value=":"/>
    <property name="java.security.egd" value="file:///dev/urandom"/>
    <property name="os.version" value="5.15.0-1042-azure"/>
    <property name="java.endorsed.dirs" value="/usr/lib/jvm/temurin-8-jdk-amd64/jre/lib/endorsed"/>
    <property name="java.runtime.name" value="OpenJDK Runtime Environment"/>
    <property name="file.encoding" value="UTF-8"/>
    <property name="java.vm.name" value="OpenJDK 64-Bit Server VM"/>
    <property name="test.build.webapps" value=""/>
    <property name="localRepository" value="/home/runner/.m2/repository"/>
    <property name="jetty.git.hash" value="b45c405e4544384de066f814ed42ae3dceacdd49"/>
    <property name="java.vendor.url.bug" value="https://github.com/adoptium/adoptium-support/issues"/>
    <property name="java.io.tmpdir" value="/tmp"/>
    <property name="require.test.libhadoop" value=""/>
    <property name="java.version" value="1.8.0_382"/>
    <property name="user.dir" value="/home/runner/work/ozone/ozone/hadoop-ozone/integration-test"/>
    <property name="os.arch" value="amd64"/>
    <property name="java.vm.specification.name" value="Java Virtual Machine Specification"/>
    <property name="test.build.classes" value="/home/runner/work/ozone/ozone/hadoop-ozone/integration-test/target/test-classes"/>
    <property name="java.awt.printerjob" value="sun.print.PSPrinterJob"/>
    <property name="sun.os.patch.level" value="unknown"/>
    <property name="org.apache.ratis.thirdparty.io.netty.allocator.useCacheForAllThreads" value="false"/>
    <property name="hadoop.tmp.dir" value="/home/runner/work/ozone/ozone/hadoop-ozone/integration-test/target/tmp"/>
    <property name="java.library.path" value="/usr/java/packages/lib/amd64:/usr/lib64:/lib64:/lib:/usr/lib"/>
    <property name="java.vm.info" value="mixed mode"/>
    <property name="java.vendor" value="Temurin"/>
    <property name="java.vm.version" value="25.382-b05"/>
    <property name="java.specification.maintenance.version" value="5"/>
    <property name="java.ext.dirs" value="/usr/lib/jvm/temurin-8-jdk-amd64/jre/lib/ext:/usr/java/packages/lib/ext"/>
    <property name="sun.io.unicode.encoding" value="UnicodeLittle"/>
    <property name="java.class.version" value="52.0"/>
  </properties>
  <testcase name="testGetTrashRoot" classname="TestOzoneFileSystem" time="24.869">
    <system-out><![CDATA[2023-08-31 18:16:30,714 [main] WARN  server.ServerUtils (ServerUtils.java:getScmDbDir(155)) - ozone.scm.db.dirs is not configured. We recommend adding this setting. Falling back to ozone.metadata.dirs instead.
2023-08-31 18:16:31,013 [main] INFO  reflections.Reflections (Reflections.java:scan(232)) - Reflections took 230 ms to scan 7 urls, producing 161 keys and 379 values 
2023-08-31 18:16:31,208 [main] WARN  server.ServerUtils (ServerUtils.java:getScmDbDir(155)) - ozone.scm.db.dirs is not configured. We recommend adding this setting. Falling back to ozone.metadata.dirs instead.
2023-08-31 18:16:31,213 [main] INFO  ha.SCMHANodeDetails (SCMHANodeDetails.java:loadSCMHAConfig(210)) - ServiceID for StorageContainerManager is null
2023-08-31 18:16:31,223 [main] WARN  ha.SCMHANodeDetails (SCMHANodeDetails.java:validateSCMHAConfig(183)) - Invalid config ozone.scm.ratis.enable. The config was not specified, but the default value true conflicts with the expected config value false. Falling back to the expected value. Current State of SCM: SCM is running in Non-HA without Ratis Ratis SCM -> Non Ratis SCM or Non HA SCM -> HA SCM is not supported
2023-08-31 18:16:31,224 [main] INFO  ha.SCMHANodeDetails (SCMHANodeDetails.java:loadSCMHAConfig(215)) - ozone.scm.default.service.id is not defined, falling back to ozone.scm.service.ids to find serviceID for StorageContainerManager if it is HA enabled cluster
2023-08-31 18:16:32,072 [main] WARN  utils.HAUtils (HAUtils.java:getMetaDir(339)) - ozone.scm.db.dirs is not configured. We recommend adding this setting. Falling back to ozone.metadata.dirs instead.
2023-08-31 18:16:32,259 [main] WARN  db.DBStoreBuilder (DBStoreBuilder.java:applyDBDefinition(166)) - ozone.scm.db.dirs is not configured. We recommend adding this setting. Falling back to ozone.metadata.dirs instead.
2023-08-31 18:16:32,559 [main] INFO  net.NodeSchemaLoader (NodeSchemaLoader.java:loadSchemaFromFile(129)) - Loading schema from [jar:file:/home/runner/.m2/repository/org/apache/ozone/hdds-common/1.4.0-SNAPSHOT/hdds-common-1.4.0-SNAPSHOT.jar!/network-topology-default.xml]
2023-08-31 18:16:32,561 [main] INFO  net.NodeSchemaLoader (NodeSchemaLoader.java:loadSchema(176)) - Loading network topology layer schema file
2023-08-31 18:16:32,617 [main] INFO  metrics.MetricRegistries (MetricRegistriesLoader.java:load(64)) - Loaded MetricRegistries class org.apache.ratis.metrics.impl.MetricRegistriesImpl
2023-08-31 18:16:32,634 [main] INFO  upgrade.AbstractLayoutVersionManager (AbstractLayoutVersionManager.java:init(83)) - Initializing Layout version manager with metadata layout = HADOOP_PRC_PORTS_IN_DATANODEDETAILS (version = 7), software layout = HADOOP_PRC_PORTS_IN_DATANODEDETAILS (version = 7)
2023-08-31 18:16:32,861 [main] INFO  ha.SequenceIdGenerator (SequenceIdGenerator.java:upgradeToSequenceId(365)) - upgrade localId to 111677748019200000
2023-08-31 18:16:32,862 [main] INFO  ha.SequenceIdGenerator (SequenceIdGenerator.java:upgradeToSequenceId(375)) - upgrade delTxnId to 0
2023-08-31 18:16:32,871 [main] INFO  ha.SequenceIdGenerator (SequenceIdGenerator.java:upgradeToSequenceId(392)) - upgrade containerId to 0
2023-08-31 18:16:32,874 [main] INFO  ha.SequenceIdGenerator (SequenceIdGenerator.java:upgradeToSequenceId(428)) - upgrade rootCertificateId to 1
2023-08-31 18:16:32,876 [main] INFO  ha.SequenceIdGenerator (SequenceIdGenerator.java:<init>(236)) - Init the HA SequenceIdGenerator.
2023-08-31 18:16:32,943 [main] WARN  server.ServerUtils (ServerUtils.java:sanitizeUserArgs(80)) - ozone.scm.stale.node.interval value = 300000 is larger than max = 100000 based on the key value of ozone.scm.heartbeat.thread.interval, reset to the max value 100000.
2023-08-31 18:16:32,944 [main] WARN  server.ServerUtils (ServerUtils.java:sanitizeUserArgs(80)) - ozone.scm.stale.node.interval value = 300000 is larger than max = 100000 based on the key value of ozone.scm.heartbeat.thread.interval, reset to the max value 100000.
2023-08-31 18:16:32,951 [main] INFO  node.SCMNodeManager (SCMNodeManager.java:<init>(157)) - Entering startup safe mode.
2023-08-31 18:16:32,970 [main] INFO  algorithms.ContainerPlacementPolicyFactory (ContainerPlacementPolicyFactory.java:getPolicyInternal(86)) - Create container placement policy of type org.apache.hadoop.hdds.scm.container.placement.algorithms.SCMContainerPlacementRackAware
2023-08-31 18:16:32,974 [main] INFO  algorithms.ContainerPlacementPolicyFactory (ContainerPlacementPolicyFactory.java:getPolicyInternal(86)) - Create container placement policy of type org.apache.hadoop.hdds.scm.container.placement.algorithms.SCMContainerPlacementRackScatter
2023-08-31 18:16:32,986 [main] INFO  pipeline.PipelineStateManagerImpl (PipelineStateManagerImpl.java:initialize(78)) - No pipeline exists in current db
2023-08-31 18:16:33,002 [main] INFO  algorithms.LeaderChoosePolicyFactory (LeaderChoosePolicyFactory.java:getPolicy(57)) - Create leader choose policy of type org.apache.hadoop.hdds.scm.pipeline.leader.choose.algorithms.MinLeaderCountChoosePolicy
2023-08-31 18:16:33,003 [main] INFO  algorithms.ContainerPlacementPolicyFactory (ContainerPlacementPolicyFactory.java:getPolicyInternal(86)) - Create container placement policy of type org.apache.hadoop.hdds.scm.container.placement.algorithms.SCMContainerPlacementRackScatter
2023-08-31 18:16:33,010 [main] INFO  ha.SCMServiceManager (SCMServiceManager.java:register(42)) - Registering service BackgroundPipelineCreator.
2023-08-31 18:16:33,010 [main] INFO  pipeline.BackgroundPipelineCreator (BackgroundPipelineCreator.java:start(124)) - Starting RatisPipelineUtilsThread.
2023-08-31 18:16:33,014 [main] INFO  BackgroundPipelineScrubber (BackgroundSCMService.java:start(68)) - Starting BackgroundPipelineScrubber Service.
2023-08-31 18:16:33,024 [main] INFO  ha.SCMServiceManager (SCMServiceManager.java:register(42)) - Registering service BackgroundPipelineScrubber.
2023-08-31 18:16:33,032 [main] INFO  ExpiredContainerReplicaOpScrubber (BackgroundSCMService.java:start(68)) - Starting ExpiredContainerReplicaOpScrubber Service.
2023-08-31 18:16:33,032 [main] INFO  ha.SCMServiceManager (SCMServiceManager.java:register(42)) - Registering service ExpiredContainerReplicaOpScrubber.
2023-08-31 18:16:33,064 [main] INFO  algorithms.PipelineChoosePolicyFactory (PipelineChoosePolicyFactory.java:createPipelineChoosePolicyFromClass(78)) - Create pipeline choose policy of type org.apache.hadoop.hdds.scm.pipeline.choose.algorithms.RandomPipelineChoosePolicy
2023-08-31 18:16:33,065 [main] INFO  algorithms.PipelineChoosePolicyFactory (PipelineChoosePolicyFactory.java:createPipelineChoosePolicyFromClass(78)) - Create pipeline choose policy of type org.apache.hadoop.hdds.scm.pipeline.choose.algorithms.RandomPipelineChoosePolicy
2023-08-31 18:16:33,089 [main] INFO  ha.SCMServiceManager (SCMServiceManager.java:register(42)) - Registering service SCMBlockDeletingService.
2023-08-31 18:16:33,188 [main] INFO  replication.ReplicationManager (ReplicationManager.java:start(291)) - Starting Replication Monitor Thread.
2023-08-31 18:16:33,189 [main] INFO  ha.SCMServiceManager (SCMServiceManager.java:register(42)) - Registering service ReplicationManager.
2023-08-31 18:16:33,197 [ReplicationMonitor] INFO  replication.ReplicationManager (ReplicationManager.java:processAll(365)) - Replication Manager is not ready to run until 3000ms after safemode exit
2023-08-31 18:16:33,207 [main] INFO  safemode.ContainerSafeModeRule (ContainerSafeModeRule.java:<init>(90)) - containers with one replica threshold count 0
2023-08-31 18:16:33,219 [main] INFO  safemode.HealthyPipelineSafeModeRule (HealthyPipelineSafeModeRule.java:initializeRule(169)) - Total pipeline count is 0, healthy pipeline threshold count is 1
2023-08-31 18:16:33,221 [main] INFO  safemode.OneReplicaPipelineSafeModeRule (OneReplicaPipelineSafeModeRule.java:initializeRule(180)) - Total pipeline count is 0, pipeline's with at least one datanode reported threshold count is 0
2023-08-31 18:16:33,278 [main] INFO  server.StorageContainerManager (StorageContainerManager.java:<init>(425)) - SCM start with adminUsers: [runner]
2023-08-31 18:16:33,752 [main] INFO  audit.AuditLogger (AuditLogger.java:refreshDebugCmdSet(126)) - Refresh DebugCmdSet for SCMAudit to [].
2023-08-31 18:16:33,793 [main] INFO  ipc.CallQueueManager (CallQueueManager.java:<init>(90)) - Using callQueue: class java.util.concurrent.LinkedBlockingQueue, queueCapacity: 2000, scheduler: class org.apache.hadoop.ipc.DefaultRpcScheduler, ipcBackoff: false.
2023-08-31 18:16:33,837 [main] INFO  ipc.Server (Server.java:<init>(1287)) - Listener at 0.0.0.0:15002
2023-08-31 18:16:33,842 [Socket Reader #1 for port 15002] INFO  ipc.Server (Server.java:run(1323)) - Starting Socket Reader #1 for port 15002
2023-08-31 18:16:33,918 [main] INFO  audit.AuditLogger (AuditLogger.java:refreshDebugCmdSet(126)) - Refresh DebugCmdSet for SCMAudit to [].
2023-08-31 18:16:33,924 [main] INFO  ipc.CallQueueManager (CallQueueManager.java:<init>(90)) - Using callQueue: class java.util.concurrent.LinkedBlockingQueue, queueCapacity: 2000, scheduler: class org.apache.hadoop.ipc.DefaultRpcScheduler, ipcBackoff: false.
2023-08-31 18:16:33,925 [main] INFO  ipc.Server (Server.java:<init>(1287)) - Listener at 0.0.0.0:15001
2023-08-31 18:16:33,926 [Socket Reader #1 for port 15001] INFO  ipc.Server (Server.java:run(1323)) - Starting Socket Reader #1 for port 15001
2023-08-31 18:16:33,982 [main] INFO  audit.AuditLogger (AuditLogger.java:refreshDebugCmdSet(126)) - Refresh DebugCmdSet for SCMAudit to [].
2023-08-31 18:16:33,998 [main] INFO  ipc.CallQueueManager (CallQueueManager.java:<init>(90)) - Using callQueue: class java.util.concurrent.LinkedBlockingQueue, queueCapacity: 2000, scheduler: class org.apache.hadoop.ipc.DefaultRpcScheduler, ipcBackoff: false.
2023-08-31 18:16:33,998 [main] INFO  ipc.Server (Server.java:<init>(1287)) - Listener at 0.0.0.0:15000
2023-08-31 18:16:33,999 [Socket Reader #1 for port 15000] INFO  ipc.Server (Server.java:run(1323)) - Starting Socket Reader #1 for port 15000
2023-08-31 18:16:34,061 [main] INFO  ha.SCMServiceManager (SCMServiceManager.java:register(42)) - Registering service ContainerBalancer.
2023-08-31 18:16:34,062 [main] INFO  server.StorageContainerManager (StorageContainerManager.java:<init>(438)) - 
Container Balancer status:
Key                            Value
Running                        false
Container Balancer Configuration values:
Key                                                Value
Threshold                                          10
Max Datanodes to Involve per Iteration(percent)    20
Max Size to Move per Iteration                     500GB
Max Size Entering Target per Iteration             26GB
Max Size Leaving Source per Iteration              26GB

2023-08-31 18:16:34,062 [main] INFO  ha.SCMContext (SCMContext.java:updateSafeModeStatus(228)) - Update SafeModeStatus from SafeModeStatus{safeModeStatus=true, preCheckPassed=false} to SafeModeStatus{safeModeStatus=true, preCheckPassed=false}.
2023-08-31 18:16:34,073 [main] INFO  server.StorageContainerManager (StorageContainerManager.java:start(1483)) - StorageContainerLocationProtocol RPC server is listening at /0.0.0.0:15000
2023-08-31 18:16:34,151 [main] WARN  impl.MetricsConfig (MetricsConfig.java:loadFirst(136)) - Cannot locate configuration: tried hadoop-metrics2-storagecontainermanager.properties,hadoop-metrics2.properties
2023-08-31 18:16:34,165 [main] INFO  impl.MetricsSystemImpl (MetricsSystemImpl.java:startTimer(378)) - Scheduled Metric snapshot period at 10 second(s).
2023-08-31 18:16:34,166 [main] INFO  impl.MetricsSystemImpl (MetricsSystemImpl.java:start(191)) - StorageContainerManager metrics system started
2023-08-31 18:16:34,483 [main] INFO  server.SCMClientProtocolServer (SCMClientProtocolServer.java:start(201)) - RPC server for Client  is listening at /0.0.0.0:15000
2023-08-31 18:16:34,488 [IPC Server Responder] INFO  ipc.Server (Server.java:run(1562)) - IPC Server Responder: starting
2023-08-31 18:16:34,501 [main] INFO  server.StorageContainerManager (StorageContainerManager.java:start(1496)) - ScmBlockLocationProtocol RPC server is listening at /0.0.0.0:15001
2023-08-31 18:16:34,512 [main] INFO  server.SCMBlockProtocolServer (SCMBlockProtocolServer.java:start(152)) - RPC server for Block Protocol is listening at /0.0.0.0:15001
2023-08-31 18:16:34,490 [IPC Server listener on 15000] INFO  ipc.Server (Server.java:run(1402)) - IPC Server listener on 15000: starting
2023-08-31 18:16:34,516 [IPC Server Responder] INFO  ipc.Server (Server.java:run(1562)) - IPC Server Responder: starting
2023-08-31 18:16:34,521 [IPC Server listener on 15001] INFO  ipc.Server (Server.java:run(1402)) - IPC Server listener on 15001: starting
2023-08-31 18:16:34,525 [main] INFO  server.SCMDatanodeProtocolServer (SCMDatanodeProtocolServer.java:start(193)) - ScmDatanodeProtocol RPC server for DataNodes is listening at /0.0.0.0:15002
2023-08-31 18:16:34,527 [IPC Server Responder] INFO  ipc.Server (Server.java:run(1562)) - IPC Server Responder: starting
2023-08-31 18:16:34,527 [IPC Server listener on 15002] INFO  ipc.Server (Server.java:run(1402)) - IPC Server listener on 15002: starting
2023-08-31 18:16:34,557 [JvmPauseMonitor0] INFO  util.JvmPauseMonitor (JvmPauseMonitor.java:run(103)) - JvmPauseMonitor-d99b6b79-d14b-4ce8-8fb3-d7a88a00d3fc: Started
2023-08-31 18:16:34,570 [main] INFO  http.BaseHttpServer (BaseHttpServer.java:newHttpServer2BuilderForOzone(223)) - Starting Web-server for scm at: http://0.0.0.0:15003
2023-08-31 18:16:34,570 [main] INFO  http.BaseHttpServer (BaseHttpServer.java:<init>(110)) - Hadoop Security Enabled: false Ozone Security Enabled: false Ozone HTTP Security Enabled: false 
2023-08-31 18:16:34,610 [main] INFO  util.log (Log.java:initialized(170)) - Logging initialized @5935ms to org.eclipse.jetty.util.log.Slf4jLog
2023-08-31 18:16:34,721 [main] WARN  server.AuthenticationFilter (AuthenticationFilter.java:constructSecretProvider(240)) - Unable to initialize FileSignerSecretProvider, falling back to use random secrets. Reason: Could not read signature secret file: /home/runner/hadoop-http-auth-signature-secret
2023-08-31 18:16:34,728 [main] INFO  http.HttpRequestLog (HttpRequestLog.java:getRequestLog(86)) - Http request log for http.requests.scm is not defined
2023-08-31 18:16:34,735 [main] INFO  http.HttpServer2 (HttpServer2.java:addGlobalFilter(1031)) - Added global filter 'safety' (class=org.apache.hadoop.hdds.server.http.HttpServer2$QuotingInputFilter)
2023-08-31 18:16:34,738 [main] INFO  http.HttpServer2 (HttpServer2.java:addFilter(1007)) - Added filter static_user_filter (class=org.apache.hadoop.http.lib.StaticUserWebFilter$StaticUserFilter) to context scm
2023-08-31 18:16:34,738 [main] INFO  http.HttpServer2 (HttpServer2.java:addFilter(1015)) - Added filter static_user_filter (class=org.apache.hadoop.http.lib.StaticUserWebFilter$StaticUserFilter) to context logs
2023-08-31 18:16:34,738 [main] INFO  http.HttpServer2 (HttpServer2.java:addFilter(1015)) - Added filter static_user_filter (class=org.apache.hadoop.http.lib.StaticUserWebFilter$StaticUserFilter) to context static
2023-08-31 18:16:34,783 [main] INFO  http.BaseHttpServer (BaseHttpServer.java:<init>(189)) - HTTP server of scm uses base directory /home/runner/work/ozone/ozone/hadoop-ozone/integration-test/target/test-dir/MiniOzoneClusterImpl-55bfc424-622c-4031-8e27-dd7ab017ec7d/ozone-meta/webserver
2023-08-31 18:16:34,784 [main] INFO  http.HttpServer2 (HttpServer2.java:bindListener(1231)) - Jetty bound to port 15003
2023-08-31 18:16:34,786 [main] INFO  server.Server (Server.java:doStart(375)) - jetty-9.4.51.v20230217; built: 2023-02-17T08:19:37.309Z; git: b45c405e4544384de066f814ed42ae3dceacdd49; jvm 1.8.0_382-b05
2023-08-31 18:16:34,818 [main] INFO  server.session (DefaultSessionIdManager.java:doStart(334)) - DefaultSessionIdManager workerName=node0
2023-08-31 18:16:34,819 [main] INFO  server.session (DefaultSessionIdManager.java:doStart(339)) - No SessionScavenger set, using defaults
2023-08-31 18:16:34,821 [main] INFO  server.session (HouseKeeper.java:startScavenging(132)) - node0 Scavenging every 660000ms
2023-08-31 18:16:34,837 [main] INFO  handler.ContextHandler (ContextHandler.java:doStart(921)) - Started o.e.j.s.ServletContextHandler@79e3f444{logs,/logs,file:///home/runner/work/ozone/ozone/hadoop-ozone/integration-test/target/log,AVAILABLE}
2023-08-31 18:16:34,838 [main] INFO  handler.ContextHandler (ContextHandler.java:doStart(921)) - Started o.e.j.s.ServletContextHandler@1c61f9bf{static,/static,file:///home/runner/work/ozone/ozone/hadoop-ozone/integration-test/target/test-classes/webapps/static,AVAILABLE}
2023-08-31 18:16:34,903 [main] INFO  handler.ContextHandler (ContextHandler.java:doStart(921)) - Started o.e.j.w.WebAppContext@44252e9b{scm,/,file:///home/runner/work/ozone/ozone/hadoop-ozone/integration-test/target/test-classes/webapps/scm/,AVAILABLE}{file:/home/runner/work/ozone/ozone/hadoop-ozone/integration-test/target/test-classes/webapps/scm}
2023-08-31 18:16:34,914 [main] INFO  server.AbstractConnector (AbstractConnector.java:doStart(333)) - Started ServerConnector@2972b493{HTTP/1.1, (http/1.1)}{0.0.0.0:15003}
2023-08-31 18:16:34,915 [main] INFO  server.Server (Server.java:doStart(415)) - Started @6239ms
2023-08-31 18:16:34,918 [main] INFO  impl.MetricsSinkAdapter (MetricsSinkAdapter.java:start(204)) - Sink prometheus started
2023-08-31 18:16:34,918 [main] INFO  impl.MetricsSystemImpl (MetricsSystemImpl.java:registerSink(305)) - Registered sink prometheus
2023-08-31 18:16:34,920 [main] INFO  http.BaseHttpServer (BaseHttpServer.java:updateConnectorAddress(354)) - HTTP server of scm listening at http://0.0.0.0:15003
2023-08-31 18:16:34,924 [main] WARN  server.ServerUtils (ServerUtils.java:getDBPath(311)) - ozone.om.db.dirs is not configured. We recommend adding this setting. Falling back to ozone.metadata.dirs instead.
2023-08-31 18:16:35,022 [main] INFO  audit.AuditLogger (AuditLogger.java:refreshDebugCmdSet(126)) - Refresh DebugCmdSet for OMAudit to [].
2023-08-31 18:16:35,132 [main] INFO  ha.OMHANodeDetails (OMHANodeDetails.java:loadOMHAConfig(115)) - ozone.om.internal.service.id is not defined, falling back to ozone.om.service.ids to find serviceID for OzoneManager if it is HA enabled cluster
2023-08-31 18:16:35,137 [main] INFO  ha.OMHANodeDetails (OMHANodeDetails.java:loadOMHAConfig(226)) - Configuration does not have ozone.om.address set. Falling back to the default OM address /127.0.0.1:15004
2023-08-31 18:16:35,137 [main] INFO  ha.OMHANodeDetails (OMHANodeDetails.java:getOMNodeDetailsForNonHA(254)) - OM Service ID is not set. Setting it to the default ID: omServiceIdDefault
2023-08-31 18:16:35,138 [main] INFO  ha.OMHANodeDetails (OMHANodeDetails.java:getOMNodeDetailsForNonHA(261)) - OM Node ID is not set. Setting it to the default ID: om1
2023-08-31 18:16:35,143 [main] WARN  server.ServerUtils (ServerUtils.java:getDBPath(311)) - ozone.om.db.dirs is not configured. We recommend adding this setting. Falling back to ozone.metadata.dirs instead.
2023-08-31 18:16:35,148 [main] INFO  upgrade.AbstractLayoutVersionManager (AbstractLayoutVersionManager.java:init(83)) - Initializing Layout version manager with metadata layout = QUOTA (version = 6), software layout = QUOTA (version = 6)
2023-08-31 18:16:35,271 [main] INFO  reflections.Reflections (Reflections.java:scan(232)) - Reflections took 119 ms to scan 2 urls, producing 187 keys and 511 values [using 2 cores]
2023-08-31 18:16:35,277 [main] INFO  upgrade.OMLayoutVersionManager (OMLayoutVersionManager.java:lambda$0(115)) - Skipping Upgrade Action QuotaRepairUpgradeAction since it has been finalized.
2023-08-31 18:16:35,280 [main] INFO  upgrade.OMLayoutVersionManager (OMLayoutVersionManager.java:lambda$0(115)) - Skipping Upgrade Action MockOmUpgradeAction since it has been finalized.
2023-08-31 18:16:35,282 [main] WARN  server.ServerUtils (ServerUtils.java:getDBPath(311)) - ozone.om.db.dirs is not configured. We recommend adding this setting. Falling back to ozone.metadata.dirs instead.
2023-08-31 18:16:35,519 [main] INFO  proxy.SCMBlockLocationFailoverProxyProvider (SCMBlockLocationFailoverProxyProvider.java:<init>(114)) - Created block location fail-over proxy with 1 nodes: [nodeId=scmNodeId,nodeAddress=/0.0.0.0:15001]
2023-08-31 18:16:35,568 [main] INFO  proxy.SCMBlockLocationFailoverProxyProvider (SCMBlockLocationFailoverProxyProvider.java:<init>(114)) - Created block location fail-over proxy with 1 nodes: [nodeId=scmNodeId,nodeAddress=/0.0.0.0:15001]
2023-08-31 18:16:35,851 [main] INFO  om.OzoneManager (OzoneManager.java:<init>(665)) - OM start with adminUsers: [runner]
2023-08-31 18:16:35,886 [main] WARN  server.ServerUtils (ServerUtils.java:getDBPath(311)) - ozone.om.db.dirs is not configured. We recommend adding this setting. Falling back to ozone.metadata.dirs instead.
2023-08-31 18:16:35,919 [main] INFO  helpers.OmKeyInfo (OmKeyInfo.java:getCodec(71)) - OmKeyInfo.getCodec ignorePipeline = true
2023-08-31 18:16:36,322 [main] INFO  om.OzoneManager (OzoneManager.java:instantiateServices(794)) - S3 Multi-Tenancy is disabled
2023-08-31 18:16:36,370 [main] INFO  om.OmSnapshotManager (OmSnapshotManager.java:<init>(174)) - Ozone filesystem snapshot feature is enabled.
2023-08-31 18:16:36,384 [main] WARN  server.ServerUtils (ServerUtils.java:getDBPath(311)) - ozone.om.snapshot.diff.db.dir is not configured. We recommend adding this setting. Falling back to ozone.metadata.dirs instead.
2023-08-31 18:16:36,446 [main] INFO  utils.NativeLibraryLoader (NativeLibraryLoader.java:loadLibrary(105)) - Loading Library: ozone_rocksdb_tools
2023-08-31 18:16:36,448 [main] INFO  snapshot.SnapshotDiffManager (SnapshotDiffManager.java:closeExecutorService(1697)) - Shutting down executorService: 'SstDumpToolExecutor'
2023-08-31 18:16:36,564 [main] INFO  om.OzoneManager (OzoneManager.java:addS3GVolumeToDB(4301)) - Created Volume s3v With Owner runner required for S3Gateway operations.
2023-08-31 18:16:36,636 [main] WARN  server.ServerUtils (ServerUtils.java:getDefaultRatisDirectory(323)) - Storage directory for Ratis is not configured. It is a good idea to map this to an SSD disk. Falling back to ozone.metadata.dirs
2023-08-31 18:16:36,637 [main] WARN  utils.OzoneManagerRatisUtils (OzoneManagerRatisUtils.java:getOMRatisSnapshotDirectory(461)) - ozone.om.ratis.snapshot.dir is not configured. Falling back to ozone.metadata.dirs config
2023-08-31 18:16:36,655 [main] WARN  server.ServerUtils (ServerUtils.java:getDefaultRatisDirectory(323)) - Storage directory for Ratis is not configured. It is a good idea to map this to an SSD disk. Falling back to ozone.metadata.dirs
2023-08-31 18:16:36,692 [main] INFO  ratis.OzoneManagerRatisServer (OzoneManagerRatisServer.java:<init>(163)) - Instantiating OM Ratis server with groupID: omServiceIdDefault and peers: localhost:15007
2023-08-31 18:16:36,710 [main] INFO  ratis.OzoneManagerStateMachine (OzoneManagerStateMachine.java:loadSnapshotInfoFromDB(687)) - LastAppliedIndex is set from TransactionInfo from OM DB as (t:0, i:~)
2023-08-31 18:16:36,803 [main] INFO  server.RaftServer (ConfUtils.java:logGet(46)) - raft.rpc.type = GRPC (default)
2023-08-31 18:16:36,816 [main] INFO  grpc.GrpcConfigKeys (ConfUtils.java:logFallback(53)) - raft.grpc.admin.host = null (fallback to raft.grpc.server.host)
2023-08-31 18:16:36,821 [main] INFO  grpc.GrpcConfigKeys (ConfUtils.java:logFallback(53)) - raft.grpc.admin.port = 15007 (fallback to raft.grpc.server.port)
2023-08-31 18:16:36,822 [main] INFO  grpc.GrpcConfigKeys (ConfUtils.java:logFallback(53)) - raft.grpc.client.host = null (fallback to raft.grpc.server.host)
2023-08-31 18:16:36,824 [main] INFO  grpc.GrpcConfigKeys (ConfUtils.java:logFallback(53)) - raft.grpc.client.port = 15007 (fallback to raft.grpc.server.port)
2023-08-31 18:16:36,826 [main] INFO  grpc.GrpcConfigKeys (ConfUtils.java:logGet(46)) - raft.grpc.server.host = null (default)
2023-08-31 18:16:36,827 [main] INFO  grpc.GrpcConfigKeys (ConfUtils.java:logGet(46)) - raft.grpc.server.port = 15007 (custom)
2023-08-31 18:16:36,828 [main] INFO  server.GrpcService (ConfUtils.java:logGet(46)) - raft.grpc.message.size.max = 33554432 (custom)
2023-08-31 18:16:36,829 [main] INFO  server.RaftServerConfigKeys (ConfUtils.java:logGet(46)) - raft.server.log.appender.buffer.byte-limit = 33554432 (custom)
2023-08-31 18:16:36,831 [main] INFO  server.GrpcService (ConfUtils.java:logGet(46)) - raft.grpc.flow.control.window = 1MB (=1048576) (default)
2023-08-31 18:16:36,832 [main] INFO  server.RaftServerConfigKeys (ConfUtils.java:logGet(46)) - raft.server.rpc.request.timeout = 3000ms (default)
2023-08-31 18:16:36,848 [main] INFO  grpc.GrpcConfigKeys (ConfUtils.java:logGet(46)) - raft.grpc.server.heartbeat.channel = true (default)
2023-08-31 18:16:36,853 [main] INFO  grpc.GrpcConfigKeys (ConfUtils.java:logGet(46)) - raft.grpc.server.async.request.thread.pool.cached = true (default)
2023-08-31 18:16:36,854 [main] INFO  grpc.GrpcConfigKeys (ConfUtils.java:logGet(46)) - raft.grpc.server.async.request.thread.pool.size = 32 (default)
2023-08-31 18:16:37,158 [main] INFO  impl.DataStreamServerImpl (ConfUtils.java:logGet(46)) - raft.datastream.type = DISABLED (default)
2023-08-31 18:16:37,162 [main] INFO  server.RaftServerConfigKeys (ConfUtils.java:logGet(46)) - raft.server.threadpool.proxy.cached = true (default)
2023-08-31 18:16:37,163 [main] INFO  server.RaftServerConfigKeys (ConfUtils.java:logGet(46)) - raft.server.threadpool.proxy.size = 0 (default)
2023-08-31 18:16:37,164 [main] INFO  server.RaftServerConfigKeys (ConfUtils.java:logGet(46)) - raft.server.rpc.slowness.timeout = 120s (custom)
2023-08-31 18:16:37,165 [main] INFO  server.RaftServerConfigKeys (ConfUtils.java:logGet(46)) - raft.server.leaderelection.leader.step-down.wait-time = 10s (default)
2023-08-31 18:16:37,170 [main] INFO  server.RaftServerConfigKeys (ConfUtils.java:logGet(46)) - raft.server.storage.dir = [/home/runner/work/ozone/ozone/hadoop-ozone/integration-test/target/test-dir/MiniOzoneClusterImpl-55bfc424-622c-4031-8e27-dd7ab017ec7d/ozone-meta/ratis] (custom)
2023-08-31 18:16:37,182 [main] INFO  server.RaftServer (RaftServerProxy.java:addNew(98)) - om1: addNew group-C5BA1605619E:[om1|rpc:localhost:15007|priority:0|startupRole:FOLLOWER] returns group-C5BA1605619E:java.util.concurrent.CompletableFuture@7fafb60[Not completed]
2023-08-31 18:16:37,182 [main] INFO  om.OzoneManager (OzoneManager.java:initializeRatisServer(2145)) - OzoneManager Ratis server initialized at port 15007
2023-08-31 18:16:37,186 [main] INFO  om.OzoneManager (OzoneManager.java:getRpcServer(1196)) - Creating RPC Server
2023-08-31 18:16:37,380 [om1-groupManagement] INFO  server.RaftServer$Division (RaftServerImpl.java:<init>(198)) - om1: new RaftServerImpl for group-C5BA1605619E:[om1|rpc:localhost:15007|priority:0|startupRole:FOLLOWER] with OzoneManagerStateMachine:uninitialized
2023-08-31 18:16:37,382 [om1-groupManagement] INFO  server.RaftServerConfigKeys (ConfUtils.java:logGet(46)) - raft.server.rpc.timeout.min = 1s (custom)
2023-08-31 18:16:37,383 [om1-groupManagement] INFO  server.RaftServerConfigKeys (ConfUtils.java:logGet(46)) - raft.server.rpc.timeout.max = 1200ms (custom)
2023-08-31 18:16:37,383 [om1-groupManagement] INFO  server.RaftServerConfigKeys (ConfUtils.java:logGet(46)) - raft.server.rpc.sleep.time = 25ms (default)
2023-08-31 18:16:37,383 [om1-groupManagement] INFO  server.RaftServerConfigKeys (ConfUtils.java:logGet(46)) - raft.server.rpc.slowness.timeout = 120s (custom)
2023-08-31 18:16:37,384 [om1-groupManagement] INFO  server.RaftServerConfigKeys (ConfUtils.java:logGet(46)) - raft.server.leaderelection.leader.step-down.wait-time = 10s (default)
2023-08-31 18:16:37,384 [om1-groupManagement] INFO  server.RaftServerConfigKeys (ConfUtils.java:logGet(46)) - raft.server.sleep.deviation.threshold = 300ms (default)
2023-08-31 18:16:37,400 [om1-groupManagement] INFO  server.RaftServer$Division (ServerState.java:<init>(120)) - om1@group-C5BA1605619E: ConfigurationManager, init=-1: peers:[om1|rpc:localhost:15007|priority:0|startupRole:FOLLOWER]|listeners:[], old=null, confs=<EMPTY_MAP>
2023-08-31 18:16:37,402 [om1-groupManagement] INFO  server.RaftServerConfigKeys (ConfUtils.java:logGet(46)) - raft.server.storage.dir = [/home/runner/work/ozone/ozone/hadoop-ozone/integration-test/target/test-dir/MiniOzoneClusterImpl-55bfc424-622c-4031-8e27-dd7ab017ec7d/ozone-meta/ratis] (custom)
2023-08-31 18:16:37,420 [om1-groupManagement] INFO  server.RaftServerConfigKeys (ConfUtils.java:logGet(46)) - raft.server.log.corruption.policy = EXCEPTION (default)
2023-08-31 18:16:37,421 [om1-groupManagement] INFO  server.RaftServerConfigKeys (ConfUtils.java:logGet(46)) - raft.server.storage.free-space.min = 0MB (=0) (default)
2023-08-31 18:16:37,439 [om1-groupManagement] INFO  server.RaftServerConfigKeys (ConfUtils.java:logGet(46)) - raft.server.notification.no-leader.timeout = 120s (custom)
2023-08-31 18:16:37,445 [om1-groupManagement] INFO  server.RaftServerConfigKeys (ConfUtils.java:logGet(46)) - raft.server.read.timeout = 10s (default)
2023-08-31 18:16:37,456 [om1-groupManagement] INFO  server.RaftServerConfigKeys (ConfUtils.java:logGet(46)) - raft.server.retrycache.expirytime = 300s (custom)
2023-08-31 18:16:37,456 [om1-groupManagement] INFO  server.RaftServerConfigKeys (ConfUtils.java:logGet(46)) - raft.server.retrycache.statistics.expirytime = 100μs (default)
2023-08-31 18:16:37,557 [om1-groupManagement] INFO  server.RaftServerConfigKeys (ConfUtils.java:logGet(46)) - raft.server.read.option = DEFAULT (default)
2023-08-31 18:16:37,636 [om1-groupManagement] INFO  server.RaftServerConfigKeys (ConfUtils.java:logGet(46)) - raft.server.rpc.request.timeout = 3000ms (default)
2023-08-31 18:16:37,645 [om1-groupManagement] INFO  server.RaftServerConfigKeys (ConfUtils.java:logGet(46)) - raft.server.log.appender.install.snapshot.enabled = false (custom)
2023-08-31 18:16:37,646 [om1-groupManagement] INFO  server.RaftServerConfigKeys (ConfUtils.java:logGet(46)) - raft.server.threadpool.server.cached = true (default)
2023-08-31 18:16:37,650 [om1-groupManagement] INFO  server.RaftServerConfigKeys (ConfUtils.java:logGet(46)) - raft.server.threadpool.server.size = 0 (default)
2023-08-31 18:16:37,651 [om1-groupManagement] INFO  server.RaftServerConfigKeys (ConfUtils.java:logGet(46)) - raft.server.threadpool.client.cached = true (default)
2023-08-31 18:16:37,653 [om1-groupManagement] INFO  server.RaftServerConfigKeys (ConfUtils.java:logGet(46)) - raft.server.threadpool.client.size = 0 (default)
2023-08-31 18:16:38,362 [main] INFO  reflections.Reflections (Reflections.java:scan(232)) - Reflections took 925 ms to scan 19 urls, producing 70 keys and 5672 values [using 2 cores]
2023-08-31 18:16:38,567 [main] INFO  ipc.CallQueueManager (CallQueueManager.java:<init>(90)) - Using callQueue: class java.util.concurrent.LinkedBlockingQueue, queueCapacity: 2000, scheduler: class org.apache.hadoop.ipc.DefaultRpcScheduler, ipcBackoff: false.
2023-08-31 18:16:38,568 [main] INFO  ipc.Server (Server.java:<init>(1287)) - Listener at 127.0.0.1:15004
2023-08-31 18:16:38,568 [Socket Reader #1 for port 15004] INFO  ipc.Server (Server.java:run(1323)) - Starting Socket Reader #1 for port 15004
2023-08-31 18:16:38,606 [main] INFO  impl.MetricsSystemImpl (MetricsSystemImpl.java:init(158)) - OzoneManager metrics system started (again)
2023-08-31 18:16:38,621 [main] INFO  om.OzoneManager (OzoneManager.java:start(1630)) - OzoneManager RPC server is listening at localhost/127.0.0.1:15004
2023-08-31 18:16:38,622 [main] INFO  ratis.OzoneManagerRatisServer (OzoneManagerRatisServer.java:start(558)) - Starting OzoneManagerRatisServer om1 at port 15007
2023-08-31 18:16:38,625 [om1-impl-thread1] INFO  storage.RaftStorageDirectory (RaftStorageDirectoryImpl.java:analyzeStorage(137)) - The storage directory /home/runner/work/ozone/ozone/hadoop-ozone/integration-test/target/test-dir/MiniOzoneClusterImpl-55bfc424-622c-4031-8e27-dd7ab017ec7d/ozone-meta/ratis/bf265839-605b-3f16-9796-c5ba1605619e does not exist. Creating ...
2023-08-31 18:16:38,632 [om1-impl-thread1] INFO  storage.RaftStorageDirectory (RaftStorageDirectoryImpl.java:tryLock(231)) - Lock on /home/runner/work/ozone/ozone/hadoop-ozone/integration-test/target/test-dir/MiniOzoneClusterImpl-55bfc424-622c-4031-8e27-dd7ab017ec7d/ozone-meta/ratis/bf265839-605b-3f16-9796-c5ba1605619e/in_use.lock acquired by nodename 61743@fv-az1129-899
2023-08-31 18:16:38,639 [om1-impl-thread1] INFO  storage.RaftStorage (RaftStorageImpl.java:format(96)) - Storage directory /home/runner/work/ozone/ozone/hadoop-ozone/integration-test/target/test-dir/MiniOzoneClusterImpl-55bfc424-622c-4031-8e27-dd7ab017ec7d/ozone-meta/ratis/bf265839-605b-3f16-9796-c5ba1605619e has been successfully formatted.
2023-08-31 18:16:38,643 [om1-impl-thread1] INFO  server.RaftServerConfigKeys (ConfUtils.java:logGet(46)) - raft.server.log.use.memory = false (default)
2023-08-31 18:16:38,654 [om1-impl-thread1] INFO  server.RaftServerConfigKeys (ConfUtils.java:logGet(46)) - raft.server.log.purge.gap = 1000000 (custom)
2023-08-31 18:16:38,654 [om1-impl-thread1] INFO  server.RaftServerConfigKeys (ConfUtils.java:logGet(46)) - raft.server.log.appender.buffer.byte-limit = 33554432 (custom)
2023-08-31 18:16:38,656 [om1-impl-thread1] INFO  server.RaftServerConfigKeys (ConfUtils.java:logGet(46)) - raft.server.log.statemachine.data.read.timeout = 1000ms (default)
2023-08-31 18:16:38,657 [om1-impl-thread1] INFO  server.RaftServerConfigKeys (ConfUtils.java:logGet(46)) - raft.server.log.purge.preservation.log.num = 0 (default)
2023-08-31 18:16:38,661 [om1-impl-thread1] INFO  server.RaftServerConfigKeys (ConfUtils.java:logGet(46)) - raft.server.log.segment.size.max = 4194304 (custom)
2023-08-31 18:16:38,668 [om1-impl-thread1] INFO  server.RaftServerConfigKeys (ConfUtils.java:logGet(46)) - raft.server.log.segment.cache.num.max = 2 (custom)
2023-08-31 18:16:38,668 [om1-impl-thread1] INFO  server.RaftServerConfigKeys (ConfUtils.java:logGet(46)) - raft.server.log.segment.cache.size.max = 200MB (=209715200) (default)
2023-08-31 18:16:38,668 [om1-impl-thread1] INFO  server.RaftServerConfigKeys (ConfUtils.java:logGet(46)) - raft.server.log.appender.buffer.byte-limit = 33554432 (custom)
2023-08-31 18:16:38,675 [om1-impl-thread1] INFO  segmented.SegmentedRaftLogWorker (SegmentedRaftLogWorker.java:<init>(188)) - new om1@group-C5BA1605619E-SegmentedRaftLogWorker for RaftStorageImpl:Storage Directory /home/runner/work/ozone/ozone/hadoop-ozone/integration-test/target/test-dir/MiniOzoneClusterImpl-55bfc424-622c-4031-8e27-dd7ab017ec7d/ozone-meta/ratis/bf265839-605b-3f16-9796-c5ba1605619e
2023-08-31 18:16:38,676 [om1-impl-thread1] INFO  server.RaftServerConfigKeys (ConfUtils.java:logGet(46)) - raft.server.log.queue.byte-limit = 64MB (=67108864) (default)
2023-08-31 18:16:38,677 [om1-impl-thread1] INFO  server.RaftServerConfigKeys (ConfUtils.java:logGet(46)) - raft.server.log.queue.element-limit = 4096 (default)
2023-08-31 18:16:38,679 [om1-impl-thread1] INFO  server.RaftServerConfigKeys (ConfUtils.java:logGet(46)) - raft.server.log.segment.size.max = 4194304 (custom)
2023-08-31 18:16:38,680 [om1-impl-thread1] INFO  server.RaftServerConfigKeys (ConfUtils.java:logGet(46)) - raft.server.log.preallocated.size = 4194304 (custom)
2023-08-31 18:16:38,680 [om1-impl-thread1] INFO  server.RaftServerConfigKeys (ConfUtils.java:logGet(46)) - raft.server.log.force.sync.num = 128 (default)
2023-08-31 18:16:38,681 [om1-impl-thread1] INFO  server.RaftServerConfigKeys (ConfUtils.java:logGet(46)) - raft.server.log.statemachine.data.sync = true (default)
2023-08-31 18:16:38,681 [om1-impl-thread1] INFO  server.RaftServerConfigKeys (ConfUtils.java:logGet(46)) - raft.server.log.statemachine.data.sync.timeout = 10s (default)
2023-08-31 18:16:38,682 [om1-impl-thread1] INFO  server.RaftServerConfigKeys (ConfUtils.java:logGet(46)) - raft.server.log.statemachine.data.sync.timeout.retry = -1 (default)
2023-08-31 18:16:38,694 [om1-impl-thread1] INFO  server.RaftServerConfigKeys (ConfUtils.java:logGet(46)) - raft.server.log.write.buffer.size = 64KB (=65536) (default)
2023-08-31 18:16:38,694 [om1-impl-thread1] INFO  server.RaftServerConfigKeys (ConfUtils.java:logGet(46)) - raft.server.log.appender.buffer.byte-limit = 33554432 (custom)
2023-08-31 18:16:38,704 [om1-impl-thread1] INFO  server.RaftServerConfigKeys (ConfUtils.java:logGet(46)) - raft.server.log.unsafe-flush.enabled = false (default)
2023-08-31 18:16:38,705 [om1-impl-thread1] INFO  server.RaftServerConfigKeys (ConfUtils.java:logGet(46)) - raft.server.log.async-flush.enabled = false (default)
2023-08-31 18:16:38,705 [om1-impl-thread1] INFO  server.RaftServerConfigKeys (ConfUtils.java:logGet(46)) - raft.server.log.statemachine.data.caching.enabled = false (default)
2023-08-31 18:16:38,712 [om1-impl-thread1] INFO  segmented.SegmentedRaftLogWorker (SegmentedRaftLogWorker.java:lambda$new$0(135)) - om1@group-C5BA1605619E-SegmentedRaftLogWorker: flushIndex: setUnconditionally 0 -> -1
2023-08-31 18:16:38,712 [om1-impl-thread1] INFO  segmented.SegmentedRaftLogWorker (SegmentedRaftLogWorker.java:lambda$new$0(135)) - om1@group-C5BA1605619E-SegmentedRaftLogWorker: safeCacheEvictIndex: setUnconditionally 0 -> -1
2023-08-31 18:16:38,715 [om1-impl-thread1] INFO  server.RaftServer$Division (RaftServerImpl.java:start(342)) - om1@group-C5BA1605619E: start as a follower, conf=-1: peers:[om1|rpc:localhost:15007|priority:0|startupRole:FOLLOWER]|listeners:[], old=null
2023-08-31 18:16:38,721 [om1-impl-thread1] INFO  server.RaftServer$Division (RaftServerImpl.java:setRole(329)) - om1@group-C5BA1605619E: changes role from      null to FOLLOWER at term 0 for startAsFollower
2023-08-31 18:16:38,724 [om1-impl-thread1] INFO  impl.RoleInfo (RoleInfo.java:updateAndGet(139)) - om1: start om1@group-C5BA1605619E-FollowerState
2023-08-31 18:16:38,731 [om1-impl-thread1] INFO  util.JmxRegister (JmxRegister.java:tryRegister(44)) - Successfully registered JMX Bean with object name Ratis:service=RaftServer,group=group-C5BA1605619E,id=om1
2023-08-31 18:16:38,735 [om1-impl-thread1] INFO  server.RaftServerConfigKeys (ConfUtils.java:logGet(46)) - raft.server.snapshot.auto.trigger.enabled = true (custom)
2023-08-31 18:16:38,736 [om1@group-C5BA1605619E-FollowerState] INFO  server.RaftServerConfigKeys (ConfUtils.java:logFallback(53)) - raft.server.rpc.first-election.timeout.min = 1s (fallback to raft.server.rpc.timeout.min)
2023-08-31 18:16:38,736 [om1-impl-thread1] INFO  server.RaftServerConfigKeys (ConfUtils.java:logGet(46)) - raft.server.snapshot.auto.trigger.threshold = 400000 (default)
2023-08-31 18:16:38,736 [om1@group-C5BA1605619E-FollowerState] INFO  server.RaftServerConfigKeys (ConfUtils.java:logFallback(53)) - raft.server.rpc.first-election.timeout.max = 1200ms (fallback to raft.server.rpc.timeout.max)
2023-08-31 18:16:38,736 [om1-impl-thread1] INFO  server.RaftServerConfigKeys (ConfUtils.java:logGet(46)) - raft.server.snapshot.retention.file.num = -1 (default)
2023-08-31 18:16:38,737 [om1-impl-thread1] INFO  server.RaftServerConfigKeys (ConfUtils.java:logGet(46)) - raft.server.log.purge.upto.snapshot.index = true (custom)
2023-08-31 18:16:38,742 [main] INFO  server.RaftServer (RaftServerProxy.java:startImpl(400)) - om1: start RPC server
2023-08-31 18:16:38,857 [main] INFO  server.GrpcService (GrpcService.java:startImpl(302)) - om1: GrpcService started, listening on 15007
2023-08-31 18:16:38,861 [main] INFO  om.OzoneManager (OzoneManager.java:start(1646)) - Version File has different layout version (6) than OM DB (null). That is expected if this OM has never been finalized to a newer layout version.
2023-08-31 18:16:38,869 [JvmPauseMonitor1] INFO  util.JvmPauseMonitor (JvmPauseMonitor.java:run(103)) - JvmPauseMonitor-om1: Started
2023-08-31 18:16:38,891 [main] INFO  http.BaseHttpServer (BaseHttpServer.java:newHttpServer2BuilderForOzone(223)) - Starting Web-server for ozoneManager at: http://0.0.0.0:15005
2023-08-31 18:16:38,891 [main] INFO  http.BaseHttpServer (BaseHttpServer.java:<init>(110)) - Hadoop Security Enabled: false Ozone Security Enabled: false Ozone HTTP Security Enabled: false 
2023-08-31 18:16:38,893 [main] WARN  server.AuthenticationFilter (AuthenticationFilter.java:constructSecretProvider(240)) - Unable to initialize FileSignerSecretProvider, falling back to use random secrets. Reason: Could not read signature secret file: /home/runner/hadoop-http-auth-signature-secret
2023-08-31 18:16:38,898 [main] INFO  http.HttpRequestLog (HttpRequestLog.java:getRequestLog(86)) - Http request log for http.requests.ozoneManager is not defined
2023-08-31 18:16:38,900 [main] INFO  http.HttpServer2 (HttpServer2.java:addGlobalFilter(1031)) - Added global filter 'safety' (class=org.apache.hadoop.hdds.server.http.HttpServer2$QuotingInputFilter)
2023-08-31 18:16:38,901 [main] INFO  http.HttpServer2 (HttpServer2.java:addFilter(1007)) - Added filter static_user_filter (class=org.apache.hadoop.http.lib.StaticUserWebFilter$StaticUserFilter) to context ozoneManager
2023-08-31 18:16:38,901 [main] INFO  http.HttpServer2 (HttpServer2.java:addFilter(1015)) - Added filter static_user_filter (class=org.apache.hadoop.http.lib.StaticUserWebFilter$StaticUserFilter) to context logs
2023-08-31 18:16:38,901 [main] INFO  http.HttpServer2 (HttpServer2.java:addFilter(1015)) - Added filter static_user_filter (class=org.apache.hadoop.http.lib.StaticUserWebFilter$StaticUserFilter) to context static
2023-08-31 18:16:38,902 [main] INFO  http.BaseHttpServer (BaseHttpServer.java:<init>(189)) - HTTP server of ozoneManager uses base directory /home/runner/work/ozone/ozone/hadoop-ozone/integration-test/target/test-dir/MiniOzoneClusterImpl-55bfc424-622c-4031-8e27-dd7ab017ec7d/ozone-meta/webserver
2023-08-31 18:16:38,908 [main] INFO  http.HttpServer2 (HttpServer2.java:bindListener(1231)) - Jetty bound to port 15005
2023-08-31 18:16:38,908 [main] INFO  server.Server (Server.java:doStart(375)) - jetty-9.4.51.v20230217; built: 2023-02-17T08:19:37.309Z; git: b45c405e4544384de066f814ed42ae3dceacdd49; jvm 1.8.0_382-b05
2023-08-31 18:16:38,912 [main] INFO  server.session (DefaultSessionIdManager.java:doStart(334)) - DefaultSessionIdManager workerName=node0
2023-08-31 18:16:38,912 [main] INFO  server.session (DefaultSessionIdManager.java:doStart(339)) - No SessionScavenger set, using defaults
2023-08-31 18:16:38,912 [main] INFO  server.session (HouseKeeper.java:startScavenging(132)) - node0 Scavenging every 660000ms
2023-08-31 18:16:38,913 [main] INFO  handler.ContextHandler (ContextHandler.java:doStart(921)) - Started o.e.j.s.ServletContextHandler@2f3cddaf{logs,/logs,file:///home/runner/work/ozone/ozone/hadoop-ozone/integration-test/target/log,AVAILABLE}
2023-08-31 18:16:38,914 [main] INFO  handler.ContextHandler (ContextHandler.java:doStart(921)) - Started o.e.j.s.ServletContextHandler@5f1a2706{static,/static,file:///home/runner/work/ozone/ozone/hadoop-ozone/integration-test/target/test-classes/webapps/static,AVAILABLE}
2023-08-31 18:16:38,922 [main] INFO  handler.ContextHandler (ContextHandler.java:doStart(921)) - Started o.e.j.w.WebAppContext@620fdabe{ozoneManager,/,file:///home/runner/work/ozone/ozone/hadoop-ozone/integration-test/target/test-classes/webapps/ozoneManager/,AVAILABLE}{file:/home/runner/work/ozone/ozone/hadoop-ozone/integration-test/target/test-classes/webapps/ozoneManager}
2023-08-31 18:16:38,923 [main] INFO  server.AbstractConnector (AbstractConnector.java:doStart(333)) - Started ServerConnector@1b02231b{HTTP/1.1, (http/1.1)}{0.0.0.0:15005}
2023-08-31 18:16:38,924 [main] INFO  server.Server (Server.java:doStart(415)) - Started @10248ms
2023-08-31 18:16:38,924 [main] WARN  impl.MetricsSystemImpl (MetricsSystemImpl.java:register(279)) - Sink prometheus already exists!
2023-08-31 18:16:38,925 [main] INFO  http.BaseHttpServer (BaseHttpServer.java:updateConnectorAddress(354)) - HTTP server of ozoneManager listening at http://0.0.0.0:15005
2023-08-31 18:16:38,925 [IPC Server Responder] INFO  ipc.Server (Server.java:run(1562)) - IPC Server Responder: starting
2023-08-31 18:16:38,926 [IPC Server listener on 15004] INFO  ipc.Server (Server.java:run(1402)) - IPC Server listener on 15004: starting
2023-08-31 18:16:38,971 [main] INFO  om.TrashPolicyOzone (TrashPolicyOzone.java:<init>(277)) - Ozone Manager trash configuration: Deletion interval = 0 minutes, Emptier interval = 0 minutes.
2023-08-31 18:16:39,166 [main] WARN  impl.MetricRegistriesImpl (MetricRegistriesImpl.java:addReporterRegistration(111)) - New reporters are added after registries were created. Some metrics will be missing from the reporter. Please add reporter before adding any new registry.
2023-08-31 18:16:39,166 [main] WARN  impl.MetricRegistriesImpl (MetricRegistriesImpl.java:addReporterRegistration(111)) - New reporters are added after registries were created. Some metrics will be missing from the reporter. Please add reporter before adding any new registry.
2023-08-31 18:16:39,166 [main] INFO  impl.MetricsSystemImpl (MetricsSystemImpl.java:init(158)) - HddsDatanode metrics system started (again)
2023-08-31 18:16:39,196 [main] INFO  ozone.HddsDatanodeService (HddsDatanodeService.java:start(237)) - HddsDatanodeService host:fv-az1129-899 ip:10.1.0.8
2023-08-31 18:16:39,262 [main] INFO  upgrade.AbstractLayoutVersionManager (AbstractLayoutVersionManager.java:init(83)) - Initializing Layout version manager with metadata layout = HADOOP_PRC_PORTS_IN_DATANODEDETAILS (version = 7), software layout = HADOOP_PRC_PORTS_IN_DATANODEDETAILS (version = 7)
2023-08-31 18:16:39,267 [main] INFO  statemachine.DatanodeStateMachine (DatanodeStateMachine.java:getEndPointTaskThreadPoolSize(282)) - Datanode State Machine Task Thread Pool size 2
2023-08-31 18:16:39,381 [main] INFO  volume.HddsVolume (HddsVolume.java:<init>(126)) - Creating HddsVolume: /home/runner/work/ozone/ozone/hadoop-ozone/integration-test/target/test-dir/MiniOzoneClusterImpl-55bfc424-622c-4031-8e27-dd7ab017ec7d/datanode-0/data-0/containers/hdds of storage type : DISK capacity : 9223372036854775807
2023-08-31 18:16:39,384 [main] INFO  volume.MutableVolumeSet (MutableVolumeSet.java:initializeVolumeSet(173)) - Added Volume : /home/runner/work/ozone/ozone/hadoop-ozone/integration-test/target/test-dir/MiniOzoneClusterImpl-55bfc424-622c-4031-8e27-dd7ab017ec7d/datanode-0/data-0/containers/hdds to VolumeSet
2023-08-31 18:16:39,392 [main] INFO  volume.MutableVolumeSet (MutableVolumeSet.java:initializeVolumeSet(173)) - Added Volume : /home/runner/work/ozone/ozone/hadoop-ozone/integration-test/target/test-dir/MiniOzoneClusterImpl-55bfc424-622c-4031-8e27-dd7ab017ec7d/datanode-0/data/ratis to VolumeSet
2023-08-31 18:16:39,410 [Thread-140] INFO  ozoneimpl.ContainerReader (ContainerReader.java:readVolume(177)) - Finish verifying containers on volume /home/runner/work/ozone/ozone/hadoop-ozone/integration-test/target/test-dir/MiniOzoneClusterImpl-55bfc424-622c-4031-8e27-dd7ab017ec7d/datanode-0/data-0/containers/hdds
2023-08-31 18:16:39,411 [main] INFO  ozoneimpl.OzoneContainer (OzoneContainer.java:buildContainerSet(314)) - Build ContainerSet costs 0s
2023-08-31 18:16:39,483 [main] INFO  audit.AuditLogger (AuditLogger.java:refreshDebugCmdSet(126)) - Refresh DebugCmdSet for DNAudit to [].
2023-08-31 18:16:39,519 [main] INFO  server.RaftServer (ConfUtils.java:logGet(46)) - raft.rpc.type = GRPC (default)
2023-08-31 18:16:39,519 [main] INFO  grpc.GrpcConfigKeys (ConfUtils.java:logFallback(53)) - raft.grpc.admin.host = null (fallback to raft.grpc.server.host)
2023-08-31 18:16:39,522 [main] INFO  grpc.GrpcConfigKeys (ConfUtils.java:logGet(46)) - raft.grpc.admin.port = 15013 (custom)
2023-08-31 18:16:39,522 [main] INFO  grpc.GrpcConfigKeys (ConfUtils.java:logFallback(53)) - raft.grpc.client.host = null (fallback to raft.grpc.server.host)
2023-08-31 18:16:39,527 [main] INFO  grpc.GrpcConfigKeys (ConfUtils.java:logGet(46)) - raft.grpc.client.port = 15012 (custom)
2023-08-31 18:16:39,528 [main] INFO  grpc.GrpcConfigKeys (ConfUtils.java:logGet(46)) - raft.grpc.server.host = null (default)
2023-08-31 18:16:39,528 [main] INFO  grpc.GrpcConfigKeys (ConfUtils.java:logGet(46)) - raft.grpc.server.port = 15014 (custom)
2023-08-31 18:16:39,529 [main] INFO  server.GrpcService (ConfUtils.java:logGet(46)) - raft.grpc.message.size.max = 32MB (=33554432) (custom)
2023-08-31 18:16:39,529 [main] INFO  server.RaftServerConfigKeys (ConfUtils.java:logGet(46)) - raft.server.log.appender.buffer.byte-limit = 33554432 (custom)
2023-08-31 18:16:39,530 [main] INFO  server.GrpcService (ConfUtils.java:logGet(46)) - raft.grpc.flow.control.window = 5MB (=5242880) (custom)
2023-08-31 18:16:39,531 [main] INFO  server.RaftServerConfigKeys (ConfUtils.java:logGet(46)) - raft.server.rpc.request.timeout = 60s (custom)
2023-08-31 18:16:39,531 [main] INFO  grpc.GrpcConfigKeys (ConfUtils.java:logGet(46)) - raft.grpc.server.heartbeat.channel = true (default)
2023-08-31 18:16:39,531 [main] INFO  grpc.GrpcConfigKeys (ConfUtils.java:logGet(46)) - raft.grpc.server.async.request.thread.pool.cached = true (default)
2023-08-31 18:16:39,531 [main] INFO  grpc.GrpcConfigKeys (ConfUtils.java:logGet(46)) - raft.grpc.server.async.request.thread.pool.size = 32 (default)
2023-08-31 18:16:39,535 [main] INFO  impl.DataStreamServerImpl (ConfUtils.java:logGet(46)) - raft.datastream.type = NETTY (custom)
2023-08-31 18:16:39,547 [main] INFO  server.RaftServerConfigKeys (ConfUtils.java:logGet(46)) - raft.server.data-stream.async.request.thread.pool.cached = false (default)
2023-08-31 18:16:39,548 [main] INFO  server.RaftServerConfigKeys (ConfUtils.java:logGet(46)) - raft.server.data-stream.async.request.thread.pool.size = 20 (custom)
2023-08-31 18:16:39,548 [main] INFO  server.RaftServerConfigKeys (ConfUtils.java:logGet(46)) - raft.server.data-stream.async.write.thread.pool.size = 16 (default)
2023-08-31 18:16:39,549 [main] INFO  server.RaftServerConfigKeys (ConfUtils.java:logGet(46)) - raft.server.data-stream.client.pool.size = 10 (default)
2023-08-31 18:16:39,553 [main] INFO  netty.NettyConfigKeys$DataStream (ConfUtils.java:logGet(46)) - raft.netty.dataStream.server.use-epoll = false (default)
2023-08-31 18:16:39,553 [main] INFO  netty.NettyConfigKeys$DataStream (ConfUtils.java:logGet(46)) - raft.netty.dataStream.server.boss-group.size = 0 (default)
2023-08-31 18:16:39,561 [main] INFO  netty.NettyConfigKeys$DataStream (ConfUtils.java:logGet(46)) - raft.netty.dataStream.server.worker-group.size = 0 (default)
2023-08-31 18:16:39,581 [main] INFO  netty.NettyConfigKeys$DataStream (ConfUtils.java:logGet(46)) - raft.netty.dataStream.server.tls.conf = null (default)
2023-08-31 18:16:39,584 [main] INFO  netty.NettyConfigKeys$DataStream (ConfUtils.java:logGet(46)) - raft.netty.dataStream.host = null (default)
2023-08-31 18:16:39,585 [main] INFO  netty.NettyConfigKeys$DataStream (ConfUtils.java:logGet(46)) - raft.netty.dataStream.port = 15015 (custom)
2023-08-31 18:16:39,598 [main] INFO  server.RaftServerConfigKeys (ConfUtils.java:logGet(46)) - raft.server.threadpool.proxy.cached = true (default)
2023-08-31 18:16:39,599 [main] INFO  server.RaftServerConfigKeys (ConfUtils.java:logGet(46)) - raft.server.threadpool.proxy.size = 0 (default)
2023-08-31 18:16:39,599 [main] INFO  server.RaftServerConfigKeys (ConfUtils.java:logGet(46)) - raft.server.rpc.slowness.timeout = 300s (custom)
2023-08-31 18:16:39,599 [main] INFO  server.RaftServerConfigKeys (ConfUtils.java:logGet(46)) - raft.server.leaderelection.leader.step-down.wait-time = 10s (default)
2023-08-31 18:16:39,599 [main] INFO  server.RaftServerConfigKeys (ConfUtils.java:logGet(46)) - raft.server.storage.dir = [/home/runner/work/ozone/ozone/hadoop-ozone/integration-test/target/test-dir/MiniOzoneClusterImpl-55bfc424-622c-4031-8e27-dd7ab017ec7d/datanode-0/data/ratis] (custom)
2023-08-31 18:16:39,609 [02e5811a-aac7-41e1-9b10-ccc4a1a85e2b-impl-thread1] INFO  server.RaftServer (RaftServerProxy.java:initGroupDir(258)) - 02e5811a-aac7-41e1-9b10-ccc4a1a85e2b: found a subdirectory /home/runner/work/ozone/ozone/hadoop-ozone/integration-test/target/test-dir/MiniOzoneClusterImpl-55bfc424-622c-4031-8e27-dd7ab017ec7d/datanode-0/data/ratis/tmp
2023-08-31 18:16:39,609 [02e5811a-aac7-41e1-9b10-ccc4a1a85e2b-impl-thread1] INFO  server.RaftServer (RaftServerProxy.java:initGroupDir(263)) - 02e5811a-aac7-41e1-9b10-ccc4a1a85e2b: The directory /home/runner/work/ozone/ozone/hadoop-ozone/integration-test/target/test-dir/MiniOzoneClusterImpl-55bfc424-622c-4031-8e27-dd7ab017ec7d/datanode-0/data/ratis/tmp is not a group directory; ignoring it. 
2023-08-31 18:16:39,614 [main] INFO  replication.ReplicationServer (ReplicationServer.java:<init>(81)) - Initializing replication server with thread count = 10
2023-08-31 18:16:39,636 [02e5811a-aac7-41e1-9b10-ccc4a1a85e2b-NettyServerStreamRpc-bossGroup--thread1] INFO  logging.LoggingHandler (AbstractInternalLogger.java:log(148)) - [id: 0x361165c1] REGISTERED
2023-08-31 18:16:39,638 [02e5811a-aac7-41e1-9b10-ccc4a1a85e2b-NettyServerStreamRpc-bossGroup--thread1] INFO  logging.LoggingHandler (AbstractInternalLogger.java:log(148)) - [id: 0x361165c1] BIND: 0.0.0.0/0.0.0.0:15015
2023-08-31 18:16:39,639 [02e5811a-aac7-41e1-9b10-ccc4a1a85e2b-NettyServerStreamRpc-bossGroup--thread1] INFO  logging.LoggingHandler (AbstractInternalLogger.java:log(148)) - [id: 0x361165c1, L:/0:0:0:0:0:0:0:0:15015] ACTIVE
2023-08-31 18:16:39,655 [main] INFO  server.XceiverServerGrpc (XceiverServerGrpc.java:<init>(132)) - GrpcServer channel type EpollServerSocketChannel
2023-08-31 18:16:39,713 [main] INFO  replication.ReplicationSupervisor (ReplicationSupervisor.java:build(155)) - Initializing replication supervisor with thread count = 10
2023-08-31 18:16:39,715 [main] INFO  replication.ReplicationSupervisor (ReplicationSupervisor.java:nodeStateUpdated(307)) - Node state updated to IN_SERVICE, scaling executor pool size to 10
2023-08-31 18:16:39,781 [main] INFO  http.BaseHttpServer (BaseHttpServer.java:newHttpServer2BuilderForOzone(223)) - Starting Web-server for hddsDatanode at: http://0.0.0.0:15009
2023-08-31 18:16:39,781 [main] INFO  http.BaseHttpServer (BaseHttpServer.java:<init>(110)) - Hadoop Security Enabled: false Ozone Security Enabled: false Ozone HTTP Security Enabled: false 
2023-08-31 18:16:39,785 [main] WARN  server.AuthenticationFilter (AuthenticationFilter.java:constructSecretProvider(240)) - Unable to initialize FileSignerSecretProvider, falling back to use random secrets. Reason: Could not read signature secret file: /home/runner/hadoop-http-auth-signature-secret
2023-08-31 18:16:39,785 [main] INFO  http.HttpRequestLog (HttpRequestLog.java:getRequestLog(86)) - Http request log for http.requests.hddsDatanode is not defined
2023-08-31 18:16:39,787 [main] INFO  http.HttpServer2 (HttpServer2.java:addGlobalFilter(1031)) - Added global filter 'safety' (class=org.apache.hadoop.hdds.server.http.HttpServer2$QuotingInputFilter)
2023-08-31 18:16:39,788 [main] INFO  http.HttpServer2 (HttpServer2.java:addFilter(1007)) - Added filter static_user_filter (class=org.apache.hadoop.http.lib.StaticUserWebFilter$StaticUserFilter) to context hddsDatanode
2023-08-31 18:16:39,789 [main] INFO  http.HttpServer2 (HttpServer2.java:addFilter(1015)) - Added filter static_user_filter (class=org.apache.hadoop.http.lib.StaticUserWebFilter$StaticUserFilter) to context static
2023-08-31 18:16:39,789 [main] INFO  http.HttpServer2 (HttpServer2.java:addFilter(1015)) - Added filter static_user_filter (class=org.apache.hadoop.http.lib.StaticUserWebFilter$StaticUserFilter) to context logs
2023-08-31 18:16:39,792 [main] INFO  http.BaseHttpServer (BaseHttpServer.java:<init>(189)) - HTTP server of hddsDatanode uses base directory /home/runner/work/ozone/ozone/hadoop-ozone/integration-test/target/test-dir/MiniOzoneClusterImpl-55bfc424-622c-4031-8e27-dd7ab017ec7d/datanode-0/meta/webserver
2023-08-31 18:16:39,793 [main] INFO  http.HttpServer2 (HttpServer2.java:bindListener(1231)) - Jetty bound to port 15009
2023-08-31 18:16:39,793 [main] INFO  server.Server (Server.java:doStart(375)) - jetty-9.4.51.v20230217; built: 2023-02-17T08:19:37.309Z; git: b45c405e4544384de066f814ed42ae3dceacdd49; jvm 1.8.0_382-b05
2023-08-31 18:16:39,809 [main] INFO  server.session (DefaultSessionIdManager.java:doStart(334)) - DefaultSessionIdManager workerName=node0
2023-08-31 18:16:39,810 [main] INFO  server.session (DefaultSessionIdManager.java:doStart(339)) - No SessionScavenger set, using defaults
2023-08-31 18:16:39,810 [main] INFO  server.session (HouseKeeper.java:startScavenging(132)) - node0 Scavenging every 660000ms
2023-08-31 18:16:39,811 [main] INFO  handler.ContextHandler (ContextHandler.java:doStart(921)) - Started o.e.j.s.ServletContextHandler@516cd02{logs,/logs,file:///home/runner/work/ozone/ozone/hadoop-ozone/integration-test/target/log,AVAILABLE}
2023-08-31 18:16:39,812 [main] INFO  handler.ContextHandler (ContextHandler.java:doStart(921)) - Started o.e.j.s.ServletContextHandler@310332b3{static,/static,jar:file:/home/runner/.m2/repository/org/apache/ozone/hdds-container-service/1.4.0-SNAPSHOT/hdds-container-service-1.4.0-SNAPSHOT.jar!/webapps/static,AVAILABLE}
2023-08-31 18:16:39,826 [om1@group-C5BA1605619E-FollowerState] INFO  impl.FollowerState (FollowerState.java:run(143)) - om1@group-C5BA1605619E-FollowerState: change to CANDIDATE, lastRpcElapsedTime:1102553589ns, electionTimeout:1089ms
2023-08-31 18:16:39,827 [om1@group-C5BA1605619E-FollowerState] INFO  impl.RoleInfo (RoleInfo.java:shutdownFollowerState(110)) - om1: shutdown om1@group-C5BA1605619E-FollowerState
2023-08-31 18:16:39,828 [om1@group-C5BA1605619E-FollowerState] INFO  server.RaftServer$Division (RaftServerImpl.java:setRole(329)) - om1@group-C5BA1605619E: changes role from  FOLLOWER to CANDIDATE at term 0 for changeToCandidate
2023-08-31 18:16:39,833 [om1@group-C5BA1605619E-FollowerState] INFO  server.RaftServerConfigKeys (ConfUtils.java:logGet(46)) - raft.server.leaderelection.pre-vote = true (default)
2023-08-31 18:16:39,833 [om1@group-C5BA1605619E-FollowerState] INFO  impl.RoleInfo (RoleInfo.java:updateAndGet(139)) - om1: start om1@group-C5BA1605619E-LeaderElection1
2023-08-31 18:16:39,839 [om1@group-C5BA1605619E-LeaderElection1] INFO  impl.LeaderElection (LeaderElection.java:askForVotes(321)) - om1@group-C5BA1605619E-LeaderElection1 PRE_VOTE round 0: submit vote requests at term 0 for -1: peers:[om1|rpc:localhost:15007|priority:0|startupRole:FOLLOWER]|listeners:[], old=null
2023-08-31 18:16:39,844 [om1@group-C5BA1605619E-LeaderElection1] INFO  impl.LeaderElection (LeaderElection.java:askForVotes(323)) - om1@group-C5BA1605619E-LeaderElection1 PRE_VOTE round 0: result PASSED (term=0)
2023-08-31 18:16:39,849 [om1@group-C5BA1605619E-LeaderElection1] INFO  impl.LeaderElection (LeaderElection.java:askForVotes(321)) - om1@group-C5BA1605619E-LeaderElection1 ELECTION round 0: submit vote requests at term 1 for -1: peers:[om1|rpc:localhost:15007|priority:0|startupRole:FOLLOWER]|listeners:[], old=null
2023-08-31 18:16:39,849 [om1@group-C5BA1605619E-LeaderElection1] INFO  impl.LeaderElection (LeaderElection.java:askForVotes(323)) - om1@group-C5BA1605619E-LeaderElection1 ELECTION round 0: result PASSED (term=1)
2023-08-31 18:16:39,849 [om1@group-C5BA1605619E-LeaderElection1] INFO  impl.RoleInfo (RoleInfo.java:shutdownLeaderElection(130)) - om1: shutdown om1@group-C5BA1605619E-LeaderElection1
2023-08-31 18:16:39,850 [om1@group-C5BA1605619E-LeaderElection1] INFO  server.RaftServer$Division (RaftServerImpl.java:setRole(329)) - om1@group-C5BA1605619E: changes role from CANDIDATE to LEADER at term 1 for changeToLeader
2023-08-31 18:16:39,854 [om1@group-C5BA1605619E-LeaderElection1] INFO  server.RaftServer$Division (ServerState.java:setLeader(317)) - om1@group-C5BA1605619E: change Leader from null to om1 at term 1 for becomeLeader, leader elected after 2411ms
2023-08-31 18:16:39,871 [om1@group-C5BA1605619E-LeaderElection1] INFO  server.RaftServerConfigKeys (ConfUtils.java:logGet(46)) - raft.server.staging.catchup.gap = 1000 (default)
2023-08-31 18:16:39,877 [om1@group-C5BA1605619E-LeaderElection1] INFO  server.RaftServerConfigKeys (ConfUtils.java:logGet(46)) - raft.server.write.element-limit = 4096 (default)
2023-08-31 18:16:39,878 [om1@group-C5BA1605619E-LeaderElection1] INFO  server.RaftServerConfigKeys (ConfUtils.java:logGet(46)) - raft.server.write.byte-limit = 64MB (=67108864) (default)
2023-08-31 18:16:39,883 [om1@group-C5BA1605619E-LeaderElection1] INFO  server.RaftServerConfigKeys (ConfUtils.java:logGet(46)) - raft.server.watch.timeout = 10s (default)
2023-08-31 18:16:39,883 [om1@group-C5BA1605619E-LeaderElection1] INFO  server.RaftServerConfigKeys (ConfUtils.java:logGet(46)) - raft.server.watch.timeout.denomination = 1s (default)
2023-08-31 18:16:39,884 [om1@group-C5BA1605619E-LeaderElection1] INFO  server.RaftServerConfigKeys (ConfUtils.java:logGet(46)) - raft.server.watch.element-limit = 65536 (default)
2023-08-31 18:16:39,890 [om1@group-C5BA1605619E-LeaderElection1] INFO  server.RaftServerConfigKeys (ConfUtils.java:logGet(46)) - raft.server.write.element-limit = 4096 (default)
2023-08-31 18:16:39,894 [om1@group-C5BA1605619E-LeaderElection1] INFO  server.RaftServerConfigKeys (ConfUtils.java:logGet(46)) - raft.server.write.follower.gap.ratio.max = -1.0 (default)
2023-08-31 18:16:39,897 [om1@group-C5BA1605619E-LeaderElection1] INFO  impl.RoleInfo (RoleInfo.java:updateAndGet(139)) - om1: start om1@group-C5BA1605619E-LeaderStateImpl
2023-08-31 18:16:39,924 [om1@group-C5BA1605619E-LeaderElection1] INFO  segmented.SegmentedRaftLogWorker (SegmentedRaftLogWorker.java:startLogSegment(447)) - om1@group-C5BA1605619E-SegmentedRaftLogWorker: Starting segment from index:0
2023-08-31 18:16:39,992 [om1@group-C5BA1605619E-LeaderElection1] INFO  server.RaftServer$Division (ServerState.java:setRaftConf(434)) - om1@group-C5BA1605619E: set configuration 0: peers:[om1|rpc:localhost:15007|admin:|client:|dataStream:|priority:0|startupRole:FOLLOWER]|listeners:[], old=null
2023-08-31 18:16:40,188 [om1@group-C5BA1605619E-SegmentedRaftLogWorker] INFO  segmented.SegmentedRaftLogWorker (SegmentedRaftLogWorker.java:execute(651)) - om1@group-C5BA1605619E-SegmentedRaftLogWorker: created new log segment /home/runner/work/ozone/ozone/hadoop-ozone/integration-test/target/test-dir/MiniOzoneClusterImpl-55bfc424-622c-4031-8e27-dd7ab017ec7d/ozone-meta/ratis/bf265839-605b-3f16-9796-c5ba1605619e/current/log_inprogress_0
2023-08-31 18:16:40,262 [main] INFO  handler.ContextHandler (ContextHandler.java:doStart(921)) - Started o.e.j.w.WebAppContext@61806e63{hddsDatanode,/,file:///home/runner/work/ozone/ozone/hadoop-ozone/integration-test/target/test-dir/MiniOzoneClusterImpl-55bfc424-622c-4031-8e27-dd7ab017ec7d/datanode-0/meta/webserver/jetty-0_0_0_0-15009-hdds-container-service-1_4_0-SNAPSHOT_jar-_-any-3491666848833196107/webapp/,AVAILABLE}{jar:file:/home/runner/.m2/repository/org/apache/ozone/hdds-container-service/1.4.0-SNAPSHOT/hdds-container-service-1.4.0-SNAPSHOT.jar!/webapps/hddsDatanode}
2023-08-31 18:16:40,265 [main] INFO  server.AbstractConnector (AbstractConnector.java:doStart(333)) - Started ServerConnector@4923426f{HTTP/1.1, (http/1.1)}{0.0.0.0:15009}
2023-08-31 18:16:40,266 [main] INFO  server.Server (Server.java:doStart(415)) - Started @11590ms
2023-08-31 18:16:40,266 [main] WARN  impl.MetricsSystemImpl (MetricsSystemImpl.java:register(279)) - Sink prometheus already exists!
2023-08-31 18:16:40,267 [main] INFO  http.BaseHttpServer (BaseHttpServer.java:updateConnectorAddress(354)) - HTTP server of hddsDatanode listening at http://0.0.0.0:15009
2023-08-31 18:16:40,271 [main] INFO  ipc.CallQueueManager (CallQueueManager.java:<init>(90)) - Using callQueue: class java.util.concurrent.LinkedBlockingQueue, queueCapacity: 100, scheduler: class org.apache.hadoop.ipc.DefaultRpcScheduler, ipcBackoff: false.
2023-08-31 18:16:40,271 [main] INFO  ipc.Server (Server.java:<init>(1287)) - Listener at 0.0.0.0:15010
2023-08-31 18:16:40,272 [Socket Reader #1 for port 15010] INFO  ipc.Server (Server.java:run(1323)) - Starting Socket Reader #1 for port 15010
2023-08-31 18:16:40,274 [main] INFO  ozone.HddsDatanodeService (HddsDatanodeService.java:start(315)) - Datanode start with admins: [runner]
2023-08-31 18:16:40,276 [main] INFO  ozone.HddsDatanodeClientProtocolServer (HddsDatanodeClientProtocolServer.java:start(72)) - RPC server for Client /0.0.0.0:15010
2023-08-31 18:16:40,277 [IPC Server Responder] INFO  ipc.Server (Server.java:run(1562)) - IPC Server Responder: starting
2023-08-31 18:16:40,277 [IPC Server listener on 15010] INFO  ipc.Server (Server.java:run(1402)) - IPC Server listener on 15010: starting
2023-08-31 18:16:40,279 [main] WARN  impl.MetricRegistriesImpl (MetricRegistriesImpl.java:addReporterRegistration(111)) - New reporters are added after registries were created. Some metrics will be missing from the reporter. Please add reporter before adding any new registry.
2023-08-31 18:16:40,279 [main] WARN  impl.MetricRegistriesImpl (MetricRegistriesImpl.java:addReporterRegistration(111)) - New reporters are added after registries were created. Some metrics will be missing from the reporter. Please add reporter before adding any new registry.
2023-08-31 18:16:40,279 [main] INFO  impl.MetricsSystemImpl (MetricsSystemImpl.java:init(158)) - HddsDatanode metrics system started (again)
2023-08-31 18:16:40,285 [Datanode State Machine Daemon Thread] INFO  statemachine.DatanodeStateMachine (DatanodeStateMachine.java:lambda$startDaemon$0(538)) - Ozone container server started.
2023-08-31 18:16:40,306 [main] INFO  ozone.HddsDatanodeService (HddsDatanodeService.java:start(237)) - HddsDatanodeService host:fv-az1129-899 ip:10.1.0.8
2023-08-31 18:16:40,355 [main] INFO  upgrade.AbstractLayoutVersionManager (AbstractLayoutVersionManager.java:init(83)) - Initializing Layout version manager with metadata layout = HADOOP_PRC_PORTS_IN_DATANODEDETAILS (version = 7), software layout = HADOOP_PRC_PORTS_IN_DATANODEDETAILS (version = 7)
2023-08-31 18:16:40,356 [main] INFO  statemachine.DatanodeStateMachine (DatanodeStateMachine.java:getEndPointTaskThreadPoolSize(282)) - Datanode State Machine Task Thread Pool size 2
2023-08-31 18:16:40,372 [main] INFO  volume.HddsVolume (HddsVolume.java:<init>(126)) - Creating HddsVolume: /home/runner/work/ozone/ozone/hadoop-ozone/integration-test/target/test-dir/MiniOzoneClusterImpl-55bfc424-622c-4031-8e27-dd7ab017ec7d/datanode-1/data-0/containers/hdds of storage type : DISK capacity : 9223372036854775807
2023-08-31 18:16:40,373 [main] INFO  volume.MutableVolumeSet (MutableVolumeSet.java:initializeVolumeSet(173)) - Added Volume : /home/runner/work/ozone/ozone/hadoop-ozone/integration-test/target/test-dir/MiniOzoneClusterImpl-55bfc424-622c-4031-8e27-dd7ab017ec7d/datanode-1/data-0/containers/hdds to VolumeSet
2023-08-31 18:16:40,374 [om1@group-C5BA1605619E-StateMachineUpdater] INFO  ratis.OzoneManagerStateMachine (OzoneManagerStateMachine.java:notifyConfigurationChanged(202)) - Received Configuration change notification from Ratis. New Peer list:
[id: "om1"
address: "localhost:15007"
startupRole: FOLLOWER
]
2023-08-31 18:16:40,380 [main] INFO  volume.MutableVolumeSet (MutableVolumeSet.java:initializeVolumeSet(173)) - Added Volume : /home/runner/work/ozone/ozone/hadoop-ozone/integration-test/target/test-dir/MiniOzoneClusterImpl-55bfc424-622c-4031-8e27-dd7ab017ec7d/datanode-1/data/ratis to VolumeSet
2023-08-31 18:16:40,384 [Thread-159] INFO  ozoneimpl.ContainerReader (ContainerReader.java:readVolume(177)) - Finish verifying containers on volume /home/runner/work/ozone/ozone/hadoop-ozone/integration-test/target/test-dir/MiniOzoneClusterImpl-55bfc424-622c-4031-8e27-dd7ab017ec7d/datanode-1/data-0/containers/hdds
2023-08-31 18:16:40,386 [main] INFO  ozoneimpl.OzoneContainer (OzoneContainer.java:buildContainerSet(314)) - Build ContainerSet costs 0s
2023-08-31 18:16:40,392 [main] INFO  server.RaftServer (ConfUtils.java:logGet(46)) - raft.rpc.type = GRPC (default)
2023-08-31 18:16:40,392 [main] INFO  grpc.GrpcConfigKeys (ConfUtils.java:logFallback(53)) - raft.grpc.admin.host = null (fallback to raft.grpc.server.host)
2023-08-31 18:16:40,392 [main] INFO  grpc.GrpcConfigKeys (ConfUtils.java:logGet(46)) - raft.grpc.admin.port = 15022 (custom)
2023-08-31 18:16:40,393 [main] INFO  grpc.GrpcConfigKeys (ConfUtils.java:logFallback(53)) - raft.grpc.client.host = null (fallback to raft.grpc.server.host)
2023-08-31 18:16:40,393 [main] INFO  grpc.GrpcConfigKeys (ConfUtils.java:logGet(46)) - raft.grpc.client.port = 15021 (custom)
2023-08-31 18:16:40,393 [main] INFO  grpc.GrpcConfigKeys (ConfUtils.java:logGet(46)) - raft.grpc.server.host = null (default)
2023-08-31 18:16:40,393 [main] INFO  grpc.GrpcConfigKeys (ConfUtils.java:logGet(46)) - raft.grpc.server.port = 15023 (custom)
2023-08-31 18:16:40,393 [main] INFO  server.GrpcService (ConfUtils.java:logGet(46)) - raft.grpc.message.size.max = 32MB (=33554432) (custom)
2023-08-31 18:16:40,394 [main] INFO  server.RaftServerConfigKeys (ConfUtils.java:logGet(46)) - raft.server.log.appender.buffer.byte-limit = 33554432 (custom)
2023-08-31 18:16:40,394 [main] INFO  server.GrpcService (ConfUtils.java:logGet(46)) - raft.grpc.flow.control.window = 5MB (=5242880) (custom)
2023-08-31 18:16:40,395 [main] INFO  server.RaftServerConfigKeys (ConfUtils.java:logGet(46)) - raft.server.rpc.request.timeout = 60s (custom)
2023-08-31 18:16:40,395 [main] INFO  grpc.GrpcConfigKeys (ConfUtils.java:logGet(46)) - raft.grpc.server.heartbeat.channel = true (default)
2023-08-31 18:16:40,396 [main] INFO  grpc.GrpcConfigKeys (ConfUtils.java:logGet(46)) - raft.grpc.server.async.request.thread.pool.cached = true (default)
2023-08-31 18:16:40,396 [main] INFO  grpc.GrpcConfigKeys (ConfUtils.java:logGet(46)) - raft.grpc.server.async.request.thread.pool.size = 32 (default)
2023-08-31 18:16:40,403 [main] INFO  impl.DataStreamServerImpl (ConfUtils.java:logGet(46)) - raft.datastream.type = NETTY (custom)
2023-08-31 18:16:40,403 [main] INFO  server.RaftServerConfigKeys (ConfUtils.java:logGet(46)) - raft.server.data-stream.async.request.thread.pool.cached = false (default)
2023-08-31 18:16:40,404 [main] INFO  server.RaftServerConfigKeys (ConfUtils.java:logGet(46)) - raft.server.data-stream.async.request.thread.pool.size = 20 (custom)
2023-08-31 18:16:40,405 [main] INFO  server.RaftServerConfigKeys (ConfUtils.java:logGet(46)) - raft.server.data-stream.async.write.thread.pool.size = 16 (default)
2023-08-31 18:16:40,405 [main] INFO  server.RaftServerConfigKeys (ConfUtils.java:logGet(46)) - raft.server.data-stream.client.pool.size = 10 (default)
2023-08-31 18:16:40,406 [main] INFO  netty.NettyConfigKeys$DataStream (ConfUtils.java:logGet(46)) - raft.netty.dataStream.server.use-epoll = false (default)
2023-08-31 18:16:40,406 [main] INFO  netty.NettyConfigKeys$DataStream (ConfUtils.java:logGet(46)) - raft.netty.dataStream.server.boss-group.size = 0 (default)
2023-08-31 18:16:40,416 [main] INFO  netty.NettyConfigKeys$DataStream (ConfUtils.java:logGet(46)) - raft.netty.dataStream.server.worker-group.size = 0 (default)
2023-08-31 18:16:40,417 [main] INFO  netty.NettyConfigKeys$DataStream (ConfUtils.java:logGet(46)) - raft.netty.dataStream.server.tls.conf = null (default)
2023-08-31 18:16:40,417 [main] INFO  netty.NettyConfigKeys$DataStream (ConfUtils.java:logGet(46)) - raft.netty.dataStream.host = null (default)
2023-08-31 18:16:40,417 [main] INFO  netty.NettyConfigKeys$DataStream (ConfUtils.java:logGet(46)) - raft.netty.dataStream.port = 15024 (custom)
2023-08-31 18:16:40,428 [main] INFO  server.RaftServerConfigKeys (ConfUtils.java:logGet(46)) - raft.server.threadpool.proxy.cached = true (default)
2023-08-31 18:16:40,428 [main] INFO  server.RaftServerConfigKeys (ConfUtils.java:logGet(46)) - raft.server.threadpool.proxy.size = 0 (default)
2023-08-31 18:16:40,430 [main] INFO  server.RaftServerConfigKeys (ConfUtils.java:logGet(46)) - raft.server.rpc.slowness.timeout = 300s (custom)
2023-08-31 18:16:40,431 [main] INFO  server.RaftServerConfigKeys (ConfUtils.java:logGet(46)) - raft.server.leaderelection.leader.step-down.wait-time = 10s (default)
2023-08-31 18:16:40,444 [a52d6cdf-59e1-461e-b8c6-37ccdacf9b29-NettyServerStreamRpc-bossGroup--thread1] INFO  logging.LoggingHandler (AbstractInternalLogger.java:log(148)) - [id: 0x40750e5f] REGISTERED
2023-08-31 18:16:40,445 [a52d6cdf-59e1-461e-b8c6-37ccdacf9b29-NettyServerStreamRpc-bossGroup--thread1] INFO  logging.LoggingHandler (AbstractInternalLogger.java:log(148)) - [id: 0x40750e5f] BIND: 0.0.0.0/0.0.0.0:15024
2023-08-31 18:16:40,445 [a52d6cdf-59e1-461e-b8c6-37ccdacf9b29-NettyServerStreamRpc-bossGroup--thread1] INFO  logging.LoggingHandler (AbstractInternalLogger.java:log(148)) - [id: 0x40750e5f, L:/0:0:0:0:0:0:0:0:15024] ACTIVE
2023-08-31 18:16:40,447 [main] INFO  server.RaftServerConfigKeys (ConfUtils.java:logGet(46)) - raft.server.storage.dir = [/home/runner/work/ozone/ozone/hadoop-ozone/integration-test/target/test-dir/MiniOzoneClusterImpl-55bfc424-622c-4031-8e27-dd7ab017ec7d/datanode-1/data/ratis] (custom)
2023-08-31 18:16:40,448 [a52d6cdf-59e1-461e-b8c6-37ccdacf9b29-impl-thread1] INFO  server.RaftServer (RaftServerProxy.java:initGroupDir(258)) - a52d6cdf-59e1-461e-b8c6-37ccdacf9b29: found a subdirectory /home/runner/work/ozone/ozone/hadoop-ozone/integration-test/target/test-dir/MiniOzoneClusterImpl-55bfc424-622c-4031-8e27-dd7ab017ec7d/datanode-1/data/ratis/tmp
2023-08-31 18:16:40,448 [a52d6cdf-59e1-461e-b8c6-37ccdacf9b29-impl-thread1] INFO  server.RaftServer (RaftServerProxy.java:initGroupDir(263)) - a52d6cdf-59e1-461e-b8c6-37ccdacf9b29: The directory /home/runner/work/ozone/ozone/hadoop-ozone/integration-test/target/test-dir/MiniOzoneClusterImpl-55bfc424-622c-4031-8e27-dd7ab017ec7d/datanode-1/data/ratis/tmp is not a group directory; ignoring it. 
2023-08-31 18:16:40,449 [main] INFO  replication.ReplicationServer (ReplicationServer.java:<init>(81)) - Initializing replication server with thread count = 10
2023-08-31 18:16:40,451 [main] INFO  server.XceiverServerGrpc (XceiverServerGrpc.java:<init>(132)) - GrpcServer channel type EpollServerSocketChannel
2023-08-31 18:16:40,454 [main] INFO  replication.ReplicationSupervisor (ReplicationSupervisor.java:build(155)) - Initializing replication supervisor with thread count = 10
2023-08-31 18:16:40,455 [main] INFO  replication.ReplicationSupervisor (ReplicationSupervisor.java:nodeStateUpdated(307)) - Node state updated to IN_SERVICE, scaling executor pool size to 10
2023-08-31 18:16:40,459 [main] INFO  http.BaseHttpServer (BaseHttpServer.java:newHttpServer2BuilderForOzone(223)) - Starting Web-server for hddsDatanode at: http://0.0.0.0:15018
2023-08-31 18:16:40,459 [main] INFO  http.BaseHttpServer (BaseHttpServer.java:<init>(110)) - Hadoop Security Enabled: false Ozone Security Enabled: false Ozone HTTP Security Enabled: false 
2023-08-31 18:16:40,461 [main] WARN  server.AuthenticationFilter (AuthenticationFilter.java:constructSecretProvider(240)) - Unable to initialize FileSignerSecretProvider, falling back to use random secrets. Reason: Could not read signature secret file: /home/runner/hadoop-http-auth-signature-secret
2023-08-31 18:16:40,462 [main] INFO  http.HttpRequestLog (HttpRequestLog.java:getRequestLog(86)) - Http request log for http.requests.hddsDatanode is not defined
2023-08-31 18:16:40,463 [main] INFO  http.HttpServer2 (HttpServer2.java:addGlobalFilter(1031)) - Added global filter 'safety' (class=org.apache.hadoop.hdds.server.http.HttpServer2$QuotingInputFilter)
2023-08-31 18:16:40,464 [main] INFO  http.HttpServer2 (HttpServer2.java:addFilter(1007)) - Added filter static_user_filter (class=org.apache.hadoop.http.lib.StaticUserWebFilter$StaticUserFilter) to context hddsDatanode
2023-08-31 18:16:40,465 [main] INFO  http.HttpServer2 (HttpServer2.java:addFilter(1015)) - Added filter static_user_filter (class=org.apache.hadoop.http.lib.StaticUserWebFilter$StaticUserFilter) to context logs
2023-08-31 18:16:40,465 [main] INFO  http.HttpServer2 (HttpServer2.java:addFilter(1015)) - Added filter static_user_filter (class=org.apache.hadoop.http.lib.StaticUserWebFilter$StaticUserFilter) to context static
2023-08-31 18:16:40,466 [main] INFO  http.BaseHttpServer (BaseHttpServer.java:<init>(189)) - HTTP server of hddsDatanode uses base directory /home/runner/work/ozone/ozone/hadoop-ozone/integration-test/target/test-dir/MiniOzoneClusterImpl-55bfc424-622c-4031-8e27-dd7ab017ec7d/datanode-1/meta/webserver
2023-08-31 18:16:40,467 [main] INFO  http.HttpServer2 (HttpServer2.java:bindListener(1231)) - Jetty bound to port 15018
2023-08-31 18:16:40,467 [main] INFO  server.Server (Server.java:doStart(375)) - jetty-9.4.51.v20230217; built: 2023-02-17T08:19:37.309Z; git: b45c405e4544384de066f814ed42ae3dceacdd49; jvm 1.8.0_382-b05
2023-08-31 18:16:40,473 [main] INFO  server.session (DefaultSessionIdManager.java:doStart(334)) - DefaultSessionIdManager workerName=node0
2023-08-31 18:16:40,473 [main] INFO  server.session (DefaultSessionIdManager.java:doStart(339)) - No SessionScavenger set, using defaults
2023-08-31 18:16:40,474 [main] INFO  server.session (HouseKeeper.java:startScavenging(132)) - node0 Scavenging every 660000ms
2023-08-31 18:16:40,480 [main] INFO  handler.ContextHandler (ContextHandler.java:doStart(921)) - Started o.e.j.s.ServletContextHandler@4cb34012{logs,/logs,file:///home/runner/work/ozone/ozone/hadoop-ozone/integration-test/target/log,AVAILABLE}
2023-08-31 18:16:40,481 [main] INFO  handler.ContextHandler (ContextHandler.java:doStart(921)) - Started o.e.j.s.ServletContextHandler@74405179{static,/static,jar:file:/home/runner/.m2/repository/org/apache/ozone/hdds-container-service/1.4.0-SNAPSHOT/hdds-container-service-1.4.0-SNAPSHOT.jar!/webapps/static,AVAILABLE}
2023-08-31 18:16:40,587 [Datanode State Machine Task Thread - 0] INFO  datanode.InitDatanodeState (InitDatanodeState.java:persistContainerDatanodeDetails(138)) - DatanodeDetails is persisted to /home/runner/work/ozone/ozone/hadoop-ozone/integration-test/target/test-dir/MiniOzoneClusterImpl-55bfc424-622c-4031-8e27-dd7ab017ec7d/datanode-0/meta/datanode.id
2023-08-31 18:16:40,807 [main] INFO  handler.ContextHandler (ContextHandler.java:doStart(921)) - Started o.e.j.w.WebAppContext@32cbf657{hddsDatanode,/,file:///home/runner/work/ozone/ozone/hadoop-ozone/integration-test/target/test-dir/MiniOzoneClusterImpl-55bfc424-622c-4031-8e27-dd7ab017ec7d/datanode-1/meta/webserver/jetty-0_0_0_0-15018-hdds-container-service-1_4_0-SNAPSHOT_jar-_-any-2505135109344353508/webapp/,AVAILABLE}{jar:file:/home/runner/.m2/repository/org/apache/ozone/hdds-container-service/1.4.0-SNAPSHOT/hdds-container-service-1.4.0-SNAPSHOT.jar!/webapps/hddsDatanode}
2023-08-31 18:16:40,809 [main] INFO  server.AbstractConnector (AbstractConnector.java:doStart(333)) - Started ServerConnector@2be51f04{HTTP/1.1, (http/1.1)}{0.0.0.0:15018}
2023-08-31 18:16:40,809 [main] INFO  server.Server (Server.java:doStart(415)) - Started @12134ms
2023-08-31 18:16:40,809 [main] WARN  impl.MetricsSystemImpl (MetricsSystemImpl.java:register(279)) - Sink prometheus already exists!
2023-08-31 18:16:40,810 [main] INFO  http.BaseHttpServer (BaseHttpServer.java:updateConnectorAddress(354)) - HTTP server of hddsDatanode listening at http://0.0.0.0:15018
2023-08-31 18:16:40,810 [main] INFO  ipc.CallQueueManager (CallQueueManager.java:<init>(90)) - Using callQueue: class java.util.concurrent.LinkedBlockingQueue, queueCapacity: 100, scheduler: class org.apache.hadoop.ipc.DefaultRpcScheduler, ipcBackoff: false.
2023-08-31 18:16:40,811 [main] INFO  ipc.Server (Server.java:<init>(1287)) - Listener at 0.0.0.0:15019
2023-08-31 18:16:40,812 [Socket Reader #1 for port 15019] INFO  ipc.Server (Server.java:run(1323)) - Starting Socket Reader #1 for port 15019
2023-08-31 18:16:40,822 [main] INFO  ozone.HddsDatanodeService (HddsDatanodeService.java:start(315)) - Datanode start with admins: [runner]
2023-08-31 18:16:40,822 [main] INFO  ozone.HddsDatanodeClientProtocolServer (HddsDatanodeClientProtocolServer.java:start(72)) - RPC server for Client /0.0.0.0:15019
2023-08-31 18:16:40,826 [IPC Server Responder] INFO  ipc.Server (Server.java:run(1562)) - IPC Server Responder: starting
2023-08-31 18:16:40,826 [IPC Server listener on 15019] INFO  ipc.Server (Server.java:run(1402)) - IPC Server listener on 15019: starting
2023-08-31 18:16:40,829 [main] WARN  impl.MetricRegistriesImpl (MetricRegistriesImpl.java:addReporterRegistration(111)) - New reporters are added after registries were created. Some metrics will be missing from the reporter. Please add reporter before adding any new registry.
2023-08-31 18:16:40,830 [main] WARN  impl.MetricRegistriesImpl (MetricRegistriesImpl.java:addReporterRegistration(111)) - New reporters are added after registries were created. Some metrics will be missing from the reporter. Please add reporter before adding any new registry.
2023-08-31 18:16:40,829 [Datanode State Machine Daemon Thread] INFO  statemachine.DatanodeStateMachine (DatanodeStateMachine.java:lambda$startDaemon$0(538)) - Ozone container server started.
2023-08-31 18:16:40,830 [main] INFO  impl.MetricsSystemImpl (MetricsSystemImpl.java:init(158)) - HddsDatanode metrics system started (again)
2023-08-31 18:16:40,849 [main] INFO  ozone.HddsDatanodeService (HddsDatanodeService.java:start(237)) - HddsDatanodeService host:fv-az1129-899 ip:10.1.0.8
2023-08-31 18:16:40,881 [Datanode State Machine Task Thread - 0] INFO  datanode.InitDatanodeState (InitDatanodeState.java:persistContainerDatanodeDetails(138)) - DatanodeDetails is persisted to /home/runner/work/ozone/ozone/hadoop-ozone/integration-test/target/test-dir/MiniOzoneClusterImpl-55bfc424-622c-4031-8e27-dd7ab017ec7d/datanode-1/meta/datanode.id
2023-08-31 18:16:40,893 [main] INFO  upgrade.AbstractLayoutVersionManager (AbstractLayoutVersionManager.java:init(83)) - Initializing Layout version manager with metadata layout = HADOOP_PRC_PORTS_IN_DATANODEDETAILS (version = 7), software layout = HADOOP_PRC_PORTS_IN_DATANODEDETAILS (version = 7)
2023-08-31 18:16:40,894 [main] INFO  statemachine.DatanodeStateMachine (DatanodeStateMachine.java:getEndPointTaskThreadPoolSize(282)) - Datanode State Machine Task Thread Pool size 2
2023-08-31 18:16:40,907 [main] INFO  volume.HddsVolume (HddsVolume.java:<init>(126)) - Creating HddsVolume: /home/runner/work/ozone/ozone/hadoop-ozone/integration-test/target/test-dir/MiniOzoneClusterImpl-55bfc424-622c-4031-8e27-dd7ab017ec7d/datanode-2/data-0/containers/hdds of storage type : DISK capacity : 9223372036854775807
2023-08-31 18:16:40,907 [main] INFO  volume.MutableVolumeSet (MutableVolumeSet.java:initializeVolumeSet(173)) - Added Volume : /home/runner/work/ozone/ozone/hadoop-ozone/integration-test/target/test-dir/MiniOzoneClusterImpl-55bfc424-622c-4031-8e27-dd7ab017ec7d/datanode-2/data-0/containers/hdds to VolumeSet
2023-08-31 18:16:40,911 [main] INFO  volume.MutableVolumeSet (MutableVolumeSet.java:initializeVolumeSet(173)) - Added Volume : /home/runner/work/ozone/ozone/hadoop-ozone/integration-test/target/test-dir/MiniOzoneClusterImpl-55bfc424-622c-4031-8e27-dd7ab017ec7d/datanode-2/data/ratis to VolumeSet
2023-08-31 18:16:40,916 [Thread-176] INFO  ozoneimpl.ContainerReader (ContainerReader.java:readVolume(177)) - Finish verifying containers on volume /home/runner/work/ozone/ozone/hadoop-ozone/integration-test/target/test-dir/MiniOzoneClusterImpl-55bfc424-622c-4031-8e27-dd7ab017ec7d/datanode-2/data-0/containers/hdds
2023-08-31 18:16:40,916 [main] INFO  ozoneimpl.OzoneContainer (OzoneContainer.java:buildContainerSet(314)) - Build ContainerSet costs 0s
2023-08-31 18:16:40,925 [main] INFO  server.RaftServer (ConfUtils.java:logGet(46)) - raft.rpc.type = GRPC (default)
2023-08-31 18:16:40,926 [main] INFO  grpc.GrpcConfigKeys (ConfUtils.java:logFallback(53)) - raft.grpc.admin.host = null (fallback to raft.grpc.server.host)
2023-08-31 18:16:40,927 [main] INFO  grpc.GrpcConfigKeys (ConfUtils.java:logGet(46)) - raft.grpc.admin.port = 15031 (custom)
2023-08-31 18:16:40,927 [main] INFO  grpc.GrpcConfigKeys (ConfUtils.java:logFallback(53)) - raft.grpc.client.host = null (fallback to raft.grpc.server.host)
2023-08-31 18:16:40,927 [main] INFO  grpc.GrpcConfigKeys (ConfUtils.java:logGet(46)) - raft.grpc.client.port = 15030 (custom)
2023-08-31 18:16:40,927 [main] INFO  grpc.GrpcConfigKeys (ConfUtils.java:logGet(46)) - raft.grpc.server.host = null (default)
2023-08-31 18:16:40,928 [main] INFO  grpc.GrpcConfigKeys (ConfUtils.java:logGet(46)) - raft.grpc.server.port = 15032 (custom)
2023-08-31 18:16:40,928 [main] INFO  server.GrpcService (ConfUtils.java:logGet(46)) - raft.grpc.message.size.max = 32MB (=33554432) (custom)
2023-08-31 18:16:40,928 [main] INFO  server.RaftServerConfigKeys (ConfUtils.java:logGet(46)) - raft.server.log.appender.buffer.byte-limit = 33554432 (custom)
2023-08-31 18:16:40,928 [main] INFO  server.GrpcService (ConfUtils.java:logGet(46)) - raft.grpc.flow.control.window = 5MB (=5242880) (custom)
2023-08-31 18:16:40,929 [main] INFO  server.RaftServerConfigKeys (ConfUtils.java:logGet(46)) - raft.server.rpc.request.timeout = 60s (custom)
2023-08-31 18:16:40,929 [main] INFO  grpc.GrpcConfigKeys (ConfUtils.java:logGet(46)) - raft.grpc.server.heartbeat.channel = true (default)
2023-08-31 18:16:40,929 [main] INFO  grpc.GrpcConfigKeys (ConfUtils.java:logGet(46)) - raft.grpc.server.async.request.thread.pool.cached = true (default)
2023-08-31 18:16:40,929 [main] INFO  grpc.GrpcConfigKeys (ConfUtils.java:logGet(46)) - raft.grpc.server.async.request.thread.pool.size = 32 (default)
2023-08-31 18:16:40,933 [main] INFO  impl.DataStreamServerImpl (ConfUtils.java:logGet(46)) - raft.datastream.type = NETTY (custom)
2023-08-31 18:16:40,937 [main] INFO  server.RaftServerConfigKeys (ConfUtils.java:logGet(46)) - raft.server.data-stream.async.request.thread.pool.cached = false (default)
2023-08-31 18:16:40,938 [main] INFO  server.RaftServerConfigKeys (ConfUtils.java:logGet(46)) - raft.server.data-stream.async.request.thread.pool.size = 20 (custom)
2023-08-31 18:16:40,938 [main] INFO  server.RaftServerConfigKeys (ConfUtils.java:logGet(46)) - raft.server.data-stream.async.write.thread.pool.size = 16 (default)
2023-08-31 18:16:40,938 [main] INFO  server.RaftServerConfigKeys (ConfUtils.java:logGet(46)) - raft.server.data-stream.client.pool.size = 10 (default)
2023-08-31 18:16:40,939 [main] INFO  netty.NettyConfigKeys$DataStream (ConfUtils.java:logGet(46)) - raft.netty.dataStream.server.use-epoll = false (default)
2023-08-31 18:16:40,939 [main] INFO  netty.NettyConfigKeys$DataStream (ConfUtils.java:logGet(46)) - raft.netty.dataStream.server.boss-group.size = 0 (default)
2023-08-31 18:16:40,940 [main] INFO  netty.NettyConfigKeys$DataStream (ConfUtils.java:logGet(46)) - raft.netty.dataStream.server.worker-group.size = 0 (default)
2023-08-31 18:16:40,940 [main] INFO  netty.NettyConfigKeys$DataStream (ConfUtils.java:logGet(46)) - raft.netty.dataStream.server.tls.conf = null (default)
2023-08-31 18:16:40,941 [main] INFO  netty.NettyConfigKeys$DataStream (ConfUtils.java:logGet(46)) - raft.netty.dataStream.host = null (default)
2023-08-31 18:16:40,941 [main] INFO  netty.NettyConfigKeys$DataStream (ConfUtils.java:logGet(46)) - raft.netty.dataStream.port = 15033 (custom)
2023-08-31 18:16:40,941 [main] INFO  server.RaftServerConfigKeys (ConfUtils.java:logGet(46)) - raft.server.threadpool.proxy.cached = true (default)
2023-08-31 18:16:40,943 [main] INFO  server.RaftServerConfigKeys (ConfUtils.java:logGet(46)) - raft.server.threadpool.proxy.size = 0 (default)
2023-08-31 18:16:40,943 [main] INFO  server.RaftServerConfigKeys (ConfUtils.java:logGet(46)) - raft.server.rpc.slowness.timeout = 300s (custom)
2023-08-31 18:16:40,943 [936500de-6a46-404e-9e6e-74d5223834e1-NettyServerStreamRpc-bossGroup--thread1] INFO  logging.LoggingHandler (AbstractInternalLogger.java:log(148)) - [id: 0xe489b819] REGISTERED
2023-08-31 18:16:40,943 [main] INFO  server.RaftServerConfigKeys (ConfUtils.java:logGet(46)) - raft.server.leaderelection.leader.step-down.wait-time = 10s (default)
2023-08-31 18:16:40,944 [936500de-6a46-404e-9e6e-74d5223834e1-NettyServerStreamRpc-bossGroup--thread1] INFO  logging.LoggingHandler (AbstractInternalLogger.java:log(148)) - [id: 0xe489b819] BIND: 0.0.0.0/0.0.0.0:15033
2023-08-31 18:16:40,944 [main] INFO  server.RaftServerConfigKeys (ConfUtils.java:logGet(46)) - raft.server.storage.dir = [/home/runner/work/ozone/ozone/hadoop-ozone/integration-test/target/test-dir/MiniOzoneClusterImpl-55bfc424-622c-4031-8e27-dd7ab017ec7d/datanode-2/data/ratis] (custom)
2023-08-31 18:16:40,944 [936500de-6a46-404e-9e6e-74d5223834e1-NettyServerStreamRpc-bossGroup--thread1] INFO  logging.LoggingHandler (AbstractInternalLogger.java:log(148)) - [id: 0xe489b819, L:/0:0:0:0:0:0:0:0:15033] ACTIVE
2023-08-31 18:16:40,945 [936500de-6a46-404e-9e6e-74d5223834e1-impl-thread1] INFO  server.RaftServer (RaftServerProxy.java:initGroupDir(258)) - 936500de-6a46-404e-9e6e-74d5223834e1: found a subdirectory /home/runner/work/ozone/ozone/hadoop-ozone/integration-test/target/test-dir/MiniOzoneClusterImpl-55bfc424-622c-4031-8e27-dd7ab017ec7d/datanode-2/data/ratis/tmp
2023-08-31 18:16:40,945 [936500de-6a46-404e-9e6e-74d5223834e1-impl-thread1] INFO  server.RaftServer (RaftServerProxy.java:initGroupDir(263)) - 936500de-6a46-404e-9e6e-74d5223834e1: The directory /home/runner/work/ozone/ozone/hadoop-ozone/integration-test/target/test-dir/MiniOzoneClusterImpl-55bfc424-622c-4031-8e27-dd7ab017ec7d/datanode-2/data/ratis/tmp is not a group directory; ignoring it. 
2023-08-31 18:16:40,945 [main] INFO  replication.ReplicationServer (ReplicationServer.java:<init>(81)) - Initializing replication server with thread count = 10
2023-08-31 18:16:40,947 [main] INFO  server.XceiverServerGrpc (XceiverServerGrpc.java:<init>(132)) - GrpcServer channel type EpollServerSocketChannel
2023-08-31 18:16:40,952 [main] INFO  replication.ReplicationSupervisor (ReplicationSupervisor.java:build(155)) - Initializing replication supervisor with thread count = 10
2023-08-31 18:16:40,956 [main] INFO  replication.ReplicationSupervisor (ReplicationSupervisor.java:nodeStateUpdated(307)) - Node state updated to IN_SERVICE, scaling executor pool size to 10
2023-08-31 18:16:40,967 [main] INFO  http.BaseHttpServer (BaseHttpServer.java:newHttpServer2BuilderForOzone(223)) - Starting Web-server for hddsDatanode at: http://0.0.0.0:15027
2023-08-31 18:16:40,968 [main] INFO  http.BaseHttpServer (BaseHttpServer.java:<init>(110)) - Hadoop Security Enabled: false Ozone Security Enabled: false Ozone HTTP Security Enabled: false 
2023-08-31 18:16:40,970 [main] WARN  server.AuthenticationFilter (AuthenticationFilter.java:constructSecretProvider(240)) - Unable to initialize FileSignerSecretProvider, falling back to use random secrets. Reason: Could not read signature secret file: /home/runner/hadoop-http-auth-signature-secret
2023-08-31 18:16:40,973 [main] INFO  http.HttpRequestLog (HttpRequestLog.java:getRequestLog(86)) - Http request log for http.requests.hddsDatanode is not defined
2023-08-31 18:16:40,975 [main] INFO  http.HttpServer2 (HttpServer2.java:addGlobalFilter(1031)) - Added global filter 'safety' (class=org.apache.hadoop.hdds.server.http.HttpServer2$QuotingInputFilter)
2023-08-31 18:16:40,976 [main] INFO  http.HttpServer2 (HttpServer2.java:addFilter(1007)) - Added filter static_user_filter (class=org.apache.hadoop.http.lib.StaticUserWebFilter$StaticUserFilter) to context hddsDatanode
2023-08-31 18:16:40,977 [main] INFO  http.HttpServer2 (HttpServer2.java:addFilter(1015)) - Added filter static_user_filter (class=org.apache.hadoop.http.lib.StaticUserWebFilter$StaticUserFilter) to context logs
2023-08-31 18:16:40,977 [main] INFO  http.HttpServer2 (HttpServer2.java:addFilter(1015)) - Added filter static_user_filter (class=org.apache.hadoop.http.lib.StaticUserWebFilter$StaticUserFilter) to context static
2023-08-31 18:16:40,978 [main] INFO  http.BaseHttpServer (BaseHttpServer.java:<init>(189)) - HTTP server of hddsDatanode uses base directory /home/runner/work/ozone/ozone/hadoop-ozone/integration-test/target/test-dir/MiniOzoneClusterImpl-55bfc424-622c-4031-8e27-dd7ab017ec7d/datanode-2/meta/webserver
2023-08-31 18:16:40,978 [main] INFO  http.HttpServer2 (HttpServer2.java:bindListener(1231)) - Jetty bound to port 15027
2023-08-31 18:16:40,978 [main] INFO  server.Server (Server.java:doStart(375)) - jetty-9.4.51.v20230217; built: 2023-02-17T08:19:37.309Z; git: b45c405e4544384de066f814ed42ae3dceacdd49; jvm 1.8.0_382-b05
2023-08-31 18:16:40,980 [main] INFO  server.session (DefaultSessionIdManager.java:doStart(334)) - DefaultSessionIdManager workerName=node0
2023-08-31 18:16:40,980 [main] INFO  server.session (DefaultSessionIdManager.java:doStart(339)) - No SessionScavenger set, using defaults
2023-08-31 18:16:40,981 [main] INFO  server.session (HouseKeeper.java:startScavenging(132)) - node0 Scavenging every 600000ms
2023-08-31 18:16:40,982 [main] INFO  handler.ContextHandler (ContextHandler.java:doStart(921)) - Started o.e.j.s.ServletContextHandler@3a6894ac{logs,/logs,file:///home/runner/work/ozone/ozone/hadoop-ozone/integration-test/target/log,AVAILABLE}
2023-08-31 18:16:40,982 [main] INFO  handler.ContextHandler (ContextHandler.java:doStart(921)) - Started o.e.j.s.ServletContextHandler@759a17e{static,/static,jar:file:/home/runner/.m2/repository/org/apache/ozone/hdds-container-service/1.4.0-SNAPSHOT/hdds-container-service-1.4.0-SNAPSHOT.jar!/webapps/static,AVAILABLE}
2023-08-31 18:16:41,269 [main] INFO  handler.ContextHandler (ContextHandler.java:doStart(921)) - Started o.e.j.w.WebAppContext@3da3d0f5{hddsDatanode,/,file:///home/runner/work/ozone/ozone/hadoop-ozone/integration-test/target/test-dir/MiniOzoneClusterImpl-55bfc424-622c-4031-8e27-dd7ab017ec7d/datanode-2/meta/webserver/jetty-0_0_0_0-15027-hdds-container-service-1_4_0-SNAPSHOT_jar-_-any-5738818843621161617/webapp/,AVAILABLE}{jar:file:/home/runner/.m2/repository/org/apache/ozone/hdds-container-service/1.4.0-SNAPSHOT/hdds-container-service-1.4.0-SNAPSHOT.jar!/webapps/hddsDatanode}
2023-08-31 18:16:41,271 [main] INFO  server.AbstractConnector (AbstractConnector.java:doStart(333)) - Started ServerConnector@2e681871{HTTP/1.1, (http/1.1)}{0.0.0.0:15027}
2023-08-31 18:16:41,271 [main] INFO  server.Server (Server.java:doStart(415)) - Started @12596ms
2023-08-31 18:16:41,271 [main] WARN  impl.MetricsSystemImpl (MetricsSystemImpl.java:register(279)) - Sink prometheus already exists!
2023-08-31 18:16:41,272 [main] INFO  http.BaseHttpServer (BaseHttpServer.java:updateConnectorAddress(354)) - HTTP server of hddsDatanode listening at http://0.0.0.0:15027
2023-08-31 18:16:41,273 [main] INFO  ipc.CallQueueManager (CallQueueManager.java:<init>(90)) - Using callQueue: class java.util.concurrent.LinkedBlockingQueue, queueCapacity: 100, scheduler: class org.apache.hadoop.ipc.DefaultRpcScheduler, ipcBackoff: false.
2023-08-31 18:16:41,273 [main] INFO  ipc.Server (Server.java:<init>(1287)) - Listener at 0.0.0.0:15028
2023-08-31 18:16:41,274 [Socket Reader #1 for port 15028] INFO  ipc.Server (Server.java:run(1323)) - Starting Socket Reader #1 for port 15028
2023-08-31 18:16:41,277 [main] INFO  ozone.HddsDatanodeService (HddsDatanodeService.java:start(315)) - Datanode start with admins: [runner]
2023-08-31 18:16:41,277 [main] INFO  ozone.HddsDatanodeClientProtocolServer (HddsDatanodeClientProtocolServer.java:start(72)) - RPC server for Client /0.0.0.0:15028
2023-08-31 18:16:41,278 [IPC Server listener on 15028] INFO  ipc.Server (Server.java:run(1402)) - IPC Server listener on 15028: starting
2023-08-31 18:16:41,278 [main] WARN  impl.MetricRegistriesImpl (MetricRegistriesImpl.java:addReporterRegistration(111)) - New reporters are added after registries were created. Some metrics will be missing from the reporter. Please add reporter before adding any new registry.
2023-08-31 18:16:41,278 [main] WARN  impl.MetricRegistriesImpl (MetricRegistriesImpl.java:addReporterRegistration(111)) - New reporters are added after registries were created. Some metrics will be missing from the reporter. Please add reporter before adding any new registry.
2023-08-31 18:16:41,279 [main] INFO  impl.MetricsSystemImpl (MetricsSystemImpl.java:init(158)) - HddsDatanode metrics system started (again)
2023-08-31 18:16:41,278 [IPC Server Responder] INFO  ipc.Server (Server.java:run(1562)) - IPC Server Responder: starting
2023-08-31 18:16:41,285 [Datanode State Machine Daemon Thread] INFO  statemachine.DatanodeStateMachine (DatanodeStateMachine.java:lambda$startDaemon$0(538)) - Ozone container server started.
2023-08-31 18:16:41,302 [main] INFO  ozone.HddsDatanodeService (HddsDatanodeService.java:start(237)) - HddsDatanodeService host:fv-az1129-899 ip:10.1.0.8
2023-08-31 18:16:41,310 [Datanode State Machine Task Thread - 0] INFO  datanode.InitDatanodeState (InitDatanodeState.java:persistContainerDatanodeDetails(138)) - DatanodeDetails is persisted to /home/runner/work/ozone/ozone/hadoop-ozone/integration-test/target/test-dir/MiniOzoneClusterImpl-55bfc424-622c-4031-8e27-dd7ab017ec7d/datanode-2/meta/datanode.id
2023-08-31 18:16:41,336 [main] INFO  upgrade.AbstractLayoutVersionManager (AbstractLayoutVersionManager.java:init(83)) - Initializing Layout version manager with metadata layout = HADOOP_PRC_PORTS_IN_DATANODEDETAILS (version = 7), software layout = HADOOP_PRC_PORTS_IN_DATANODEDETAILS (version = 7)
2023-08-31 18:16:41,337 [main] INFO  statemachine.DatanodeStateMachine (DatanodeStateMachine.java:getEndPointTaskThreadPoolSize(282)) - Datanode State Machine Task Thread Pool size 2
2023-08-31 18:16:41,340 [main] INFO  volume.HddsVolume (HddsVolume.java:<init>(126)) - Creating HddsVolume: /home/runner/work/ozone/ozone/hadoop-ozone/integration-test/target/test-dir/MiniOzoneClusterImpl-55bfc424-622c-4031-8e27-dd7ab017ec7d/datanode-3/data-0/containers/hdds of storage type : DISK capacity : 9223372036854775807
2023-08-31 18:16:41,341 [main] INFO  volume.MutableVolumeSet (MutableVolumeSet.java:initializeVolumeSet(173)) - Added Volume : /home/runner/work/ozone/ozone/hadoop-ozone/integration-test/target/test-dir/MiniOzoneClusterImpl-55bfc424-622c-4031-8e27-dd7ab017ec7d/datanode-3/data-0/containers/hdds to VolumeSet
2023-08-31 18:16:41,345 [main] INFO  volume.MutableVolumeSet (MutableVolumeSet.java:initializeVolumeSet(173)) - Added Volume : /home/runner/work/ozone/ozone/hadoop-ozone/integration-test/target/test-dir/MiniOzoneClusterImpl-55bfc424-622c-4031-8e27-dd7ab017ec7d/datanode-3/data/ratis to VolumeSet
2023-08-31 18:16:41,346 [Thread-193] INFO  ozoneimpl.ContainerReader (ContainerReader.java:readVolume(177)) - Finish verifying containers on volume /home/runner/work/ozone/ozone/hadoop-ozone/integration-test/target/test-dir/MiniOzoneClusterImpl-55bfc424-622c-4031-8e27-dd7ab017ec7d/datanode-3/data-0/containers/hdds
2023-08-31 18:16:41,346 [main] INFO  ozoneimpl.OzoneContainer (OzoneContainer.java:buildContainerSet(314)) - Build ContainerSet costs 0s
2023-08-31 18:16:41,350 [main] INFO  server.RaftServer (ConfUtils.java:logGet(46)) - raft.rpc.type = GRPC (default)
2023-08-31 18:16:41,351 [main] INFO  grpc.GrpcConfigKeys (ConfUtils.java:logFallback(53)) - raft.grpc.admin.host = null (fallback to raft.grpc.server.host)
2023-08-31 18:16:41,351 [main] INFO  grpc.GrpcConfigKeys (ConfUtils.java:logGet(46)) - raft.grpc.admin.port = 15040 (custom)
2023-08-31 18:16:41,351 [main] INFO  grpc.GrpcConfigKeys (ConfUtils.java:logFallback(53)) - raft.grpc.client.host = null (fallback to raft.grpc.server.host)
2023-08-31 18:16:41,351 [main] INFO  grpc.GrpcConfigKeys (ConfUtils.java:logGet(46)) - raft.grpc.client.port = 15039 (custom)
2023-08-31 18:16:41,351 [main] INFO  grpc.GrpcConfigKeys (ConfUtils.java:logGet(46)) - raft.grpc.server.host = null (default)
2023-08-31 18:16:41,352 [main] INFO  grpc.GrpcConfigKeys (ConfUtils.java:logGet(46)) - raft.grpc.server.port = 15041 (custom)
2023-08-31 18:16:41,352 [main] INFO  server.GrpcService (ConfUtils.java:logGet(46)) - raft.grpc.message.size.max = 32MB (=33554432) (custom)
2023-08-31 18:16:41,352 [main] INFO  server.RaftServerConfigKeys (ConfUtils.java:logGet(46)) - raft.server.log.appender.buffer.byte-limit = 33554432 (custom)
2023-08-31 18:16:41,352 [main] INFO  server.GrpcService (ConfUtils.java:logGet(46)) - raft.grpc.flow.control.window = 5MB (=5242880) (custom)
2023-08-31 18:16:41,353 [main] INFO  server.RaftServerConfigKeys (ConfUtils.java:logGet(46)) - raft.server.rpc.request.timeout = 60s (custom)
2023-08-31 18:16:41,353 [main] INFO  grpc.GrpcConfigKeys (ConfUtils.java:logGet(46)) - raft.grpc.server.heartbeat.channel = true (default)
2023-08-31 18:16:41,353 [main] INFO  grpc.GrpcConfigKeys (ConfUtils.java:logGet(46)) - raft.grpc.server.async.request.thread.pool.cached = true (default)
2023-08-31 18:16:41,353 [main] INFO  grpc.GrpcConfigKeys (ConfUtils.java:logGet(46)) - raft.grpc.server.async.request.thread.pool.size = 32 (default)
2023-08-31 18:16:41,357 [main] INFO  impl.DataStreamServerImpl (ConfUtils.java:logGet(46)) - raft.datastream.type = NETTY (custom)
2023-08-31 18:16:41,357 [main] INFO  server.RaftServerConfigKeys (ConfUtils.java:logGet(46)) - raft.server.data-stream.async.request.thread.pool.cached = false (default)
2023-08-31 18:16:41,358 [main] INFO  server.RaftServerConfigKeys (ConfUtils.java:logGet(46)) - raft.server.data-stream.async.request.thread.pool.size = 20 (custom)
2023-08-31 18:16:41,358 [main] INFO  server.RaftServerConfigKeys (ConfUtils.java:logGet(46)) - raft.server.data-stream.async.write.thread.pool.size = 16 (default)
2023-08-31 18:16:41,358 [main] INFO  server.RaftServerConfigKeys (ConfUtils.java:logGet(46)) - raft.server.data-stream.client.pool.size = 10 (default)
2023-08-31 18:16:41,358 [main] INFO  netty.NettyConfigKeys$DataStream (ConfUtils.java:logGet(46)) - raft.netty.dataStream.server.use-epoll = false (default)
2023-08-31 18:16:41,358 [main] INFO  netty.NettyConfigKeys$DataStream (ConfUtils.java:logGet(46)) - raft.netty.dataStream.server.boss-group.size = 0 (default)
2023-08-31 18:16:41,359 [main] INFO  netty.NettyConfigKeys$DataStream (ConfUtils.java:logGet(46)) - raft.netty.dataStream.server.worker-group.size = 0 (default)
2023-08-31 18:16:41,360 [main] INFO  netty.NettyConfigKeys$DataStream (ConfUtils.java:logGet(46)) - raft.netty.dataStream.server.tls.conf = null (default)
2023-08-31 18:16:41,360 [main] INFO  netty.NettyConfigKeys$DataStream (ConfUtils.java:logGet(46)) - raft.netty.dataStream.host = null (default)
2023-08-31 18:16:41,360 [main] INFO  netty.NettyConfigKeys$DataStream (ConfUtils.java:logGet(46)) - raft.netty.dataStream.port = 15042 (custom)
2023-08-31 18:16:41,360 [main] INFO  server.RaftServerConfigKeys (ConfUtils.java:logGet(46)) - raft.server.threadpool.proxy.cached = true (default)
2023-08-31 18:16:41,361 [main] INFO  server.RaftServerConfigKeys (ConfUtils.java:logGet(46)) - raft.server.threadpool.proxy.size = 0 (default)
2023-08-31 18:16:41,361 [main] INFO  server.RaftServerConfigKeys (ConfUtils.java:logGet(46)) - raft.server.rpc.slowness.timeout = 300s (custom)
2023-08-31 18:16:41,361 [main] INFO  server.RaftServerConfigKeys (ConfUtils.java:logGet(46)) - raft.server.leaderelection.leader.step-down.wait-time = 10s (default)
2023-08-31 18:16:41,361 [main] INFO  server.RaftServerConfigKeys (ConfUtils.java:logGet(46)) - raft.server.storage.dir = [/home/runner/work/ozone/ozone/hadoop-ozone/integration-test/target/test-dir/MiniOzoneClusterImpl-55bfc424-622c-4031-8e27-dd7ab017ec7d/datanode-3/data/ratis] (custom)
2023-08-31 18:16:41,363 [31d6a482-7e3d-487d-933c-c96d7f47fcbe-impl-thread1] INFO  server.RaftServer (RaftServerProxy.java:initGroupDir(258)) - 31d6a482-7e3d-487d-933c-c96d7f47fcbe: found a subdirectory /home/runner/work/ozone/ozone/hadoop-ozone/integration-test/target/test-dir/MiniOzoneClusterImpl-55bfc424-622c-4031-8e27-dd7ab017ec7d/datanode-3/data/ratis/tmp
2023-08-31 18:16:41,363 [31d6a482-7e3d-487d-933c-c96d7f47fcbe-NettyServerStreamRpc-bossGroup--thread1] INFO  logging.LoggingHandler (AbstractInternalLogger.java:log(148)) - [id: 0x2254f187] REGISTERED
2023-08-31 18:16:41,363 [31d6a482-7e3d-487d-933c-c96d7f47fcbe-impl-thread1] INFO  server.RaftServer (RaftServerProxy.java:initGroupDir(263)) - 31d6a482-7e3d-487d-933c-c96d7f47fcbe: The directory /home/runner/work/ozone/ozone/hadoop-ozone/integration-test/target/test-dir/MiniOzoneClusterImpl-55bfc424-622c-4031-8e27-dd7ab017ec7d/datanode-3/data/ratis/tmp is not a group directory; ignoring it. 
2023-08-31 18:16:41,364 [main] INFO  replication.ReplicationServer (ReplicationServer.java:<init>(81)) - Initializing replication server with thread count = 10
2023-08-31 18:16:41,365 [main] INFO  server.XceiverServerGrpc (XceiverServerGrpc.java:<init>(132)) - GrpcServer channel type EpollServerSocketChannel
2023-08-31 18:16:41,368 [main] INFO  replication.ReplicationSupervisor (ReplicationSupervisor.java:build(155)) - Initializing replication supervisor with thread count = 10
2023-08-31 18:16:41,368 [main] INFO  replication.ReplicationSupervisor (ReplicationSupervisor.java:nodeStateUpdated(307)) - Node state updated to IN_SERVICE, scaling executor pool size to 10
2023-08-31 18:16:41,370 [31d6a482-7e3d-487d-933c-c96d7f47fcbe-NettyServerStreamRpc-bossGroup--thread1] INFO  logging.LoggingHandler (AbstractInternalLogger.java:log(148)) - [id: 0x2254f187] BIND: 0.0.0.0/0.0.0.0:15042
2023-08-31 18:16:41,370 [31d6a482-7e3d-487d-933c-c96d7f47fcbe-NettyServerStreamRpc-bossGroup--thread1] INFO  logging.LoggingHandler (AbstractInternalLogger.java:log(148)) - [id: 0x2254f187, L:/0:0:0:0:0:0:0:0:15042] ACTIVE
2023-08-31 18:16:41,376 [main] INFO  http.BaseHttpServer (BaseHttpServer.java:newHttpServer2BuilderForOzone(223)) - Starting Web-server for hddsDatanode at: http://0.0.0.0:15036
2023-08-31 18:16:41,376 [main] INFO  http.BaseHttpServer (BaseHttpServer.java:<init>(110)) - Hadoop Security Enabled: false Ozone Security Enabled: false Ozone HTTP Security Enabled: false 
2023-08-31 18:16:41,378 [main] WARN  server.AuthenticationFilter (AuthenticationFilter.java:constructSecretProvider(240)) - Unable to initialize FileSignerSecretProvider, falling back to use random secrets. Reason: Could not read signature secret file: /home/runner/hadoop-http-auth-signature-secret
2023-08-31 18:16:41,392 [main] INFO  http.HttpRequestLog (HttpRequestLog.java:getRequestLog(86)) - Http request log for http.requests.hddsDatanode is not defined
2023-08-31 18:16:41,394 [main] INFO  http.HttpServer2 (HttpServer2.java:addGlobalFilter(1031)) - Added global filter 'safety' (class=org.apache.hadoop.hdds.server.http.HttpServer2$QuotingInputFilter)
2023-08-31 18:16:41,395 [main] INFO  http.HttpServer2 (HttpServer2.java:addFilter(1007)) - Added filter static_user_filter (class=org.apache.hadoop.http.lib.StaticUserWebFilter$StaticUserFilter) to context hddsDatanode
2023-08-31 18:16:41,395 [main] INFO  http.HttpServer2 (HttpServer2.java:addFilter(1015)) - Added filter static_user_filter (class=org.apache.hadoop.http.lib.StaticUserWebFilter$StaticUserFilter) to context logs
2023-08-31 18:16:41,396 [main] INFO  http.HttpServer2 (HttpServer2.java:addFilter(1015)) - Added filter static_user_filter (class=org.apache.hadoop.http.lib.StaticUserWebFilter$StaticUserFilter) to context static
2023-08-31 18:16:41,397 [main] INFO  http.BaseHttpServer (BaseHttpServer.java:<init>(189)) - HTTP server of hddsDatanode uses base directory /home/runner/work/ozone/ozone/hadoop-ozone/integration-test/target/test-dir/MiniOzoneClusterImpl-55bfc424-622c-4031-8e27-dd7ab017ec7d/datanode-3/meta/webserver
2023-08-31 18:16:41,398 [main] INFO  http.HttpServer2 (HttpServer2.java:bindListener(1231)) - Jetty bound to port 15036
2023-08-31 18:16:41,398 [main] INFO  server.Server (Server.java:doStart(375)) - jetty-9.4.51.v20230217; built: 2023-02-17T08:19:37.309Z; git: b45c405e4544384de066f814ed42ae3dceacdd49; jvm 1.8.0_382-b05
2023-08-31 18:16:41,402 [main] INFO  server.session (DefaultSessionIdManager.java:doStart(334)) - DefaultSessionIdManager workerName=node0
2023-08-31 18:16:41,402 [main] INFO  server.session (DefaultSessionIdManager.java:doStart(339)) - No SessionScavenger set, using defaults
2023-08-31 18:16:41,403 [main] INFO  server.session (HouseKeeper.java:startScavenging(132)) - node0 Scavenging every 600000ms
2023-08-31 18:16:41,404 [main] INFO  handler.ContextHandler (ContextHandler.java:doStart(921)) - Started o.e.j.s.ServletContextHandler@43b7963a{logs,/logs,file:///home/runner/work/ozone/ozone/hadoop-ozone/integration-test/target/log,AVAILABLE}
2023-08-31 18:16:41,405 [main] INFO  handler.ContextHandler (ContextHandler.java:doStart(921)) - Started o.e.j.s.ServletContextHandler@275b2a95{static,/static,jar:file:/home/runner/.m2/repository/org/apache/ozone/hdds-container-service/1.4.0-SNAPSHOT/hdds-container-service-1.4.0-SNAPSHOT.jar!/webapps/static,AVAILABLE}
2023-08-31 18:16:41,670 [main] INFO  handler.ContextHandler (ContextHandler.java:doStart(921)) - Started o.e.j.w.WebAppContext@6867e273{hddsDatanode,/,file:///home/runner/work/ozone/ozone/hadoop-ozone/integration-test/target/test-dir/MiniOzoneClusterImpl-55bfc424-622c-4031-8e27-dd7ab017ec7d/datanode-3/meta/webserver/jetty-0_0_0_0-15036-hdds-container-service-1_4_0-SNAPSHOT_jar-_-any-6200345413851833257/webapp/,AVAILABLE}{jar:file:/home/runner/.m2/repository/org/apache/ozone/hdds-container-service/1.4.0-SNAPSHOT/hdds-container-service-1.4.0-SNAPSHOT.jar!/webapps/hddsDatanode}
2023-08-31 18:16:41,672 [main] INFO  server.AbstractConnector (AbstractConnector.java:doStart(333)) - Started ServerConnector@227833cd{HTTP/1.1, (http/1.1)}{0.0.0.0:15036}
2023-08-31 18:16:41,673 [main] INFO  server.Server (Server.java:doStart(415)) - Started @12997ms
2023-08-31 18:16:41,673 [main] WARN  impl.MetricsSystemImpl (MetricsSystemImpl.java:register(279)) - Sink prometheus already exists!
2023-08-31 18:16:41,673 [main] INFO  http.BaseHttpServer (BaseHttpServer.java:updateConnectorAddress(354)) - HTTP server of hddsDatanode listening at http://0.0.0.0:15036
2023-08-31 18:16:41,674 [main] INFO  ipc.CallQueueManager (CallQueueManager.java:<init>(90)) - Using callQueue: class java.util.concurrent.LinkedBlockingQueue, queueCapacity: 100, scheduler: class org.apache.hadoop.ipc.DefaultRpcScheduler, ipcBackoff: false.
2023-08-31 18:16:41,674 [main] INFO  ipc.Server (Server.java:<init>(1287)) - Listener at 0.0.0.0:15037
2023-08-31 18:16:41,679 [main] INFO  ozone.HddsDatanodeService (HddsDatanodeService.java:start(315)) - Datanode start with admins: [runner]
2023-08-31 18:16:41,679 [main] INFO  ozone.HddsDatanodeClientProtocolServer (HddsDatanodeClientProtocolServer.java:start(72)) - RPC server for Client /0.0.0.0:15037
2023-08-31 18:16:41,680 [main] WARN  impl.MetricRegistriesImpl (MetricRegistriesImpl.java:addReporterRegistration(111)) - New reporters are added after registries were created. Some metrics will be missing from the reporter. Please add reporter before adding any new registry.
2023-08-31 18:16:41,680 [main] WARN  impl.MetricRegistriesImpl (MetricRegistriesImpl.java:addReporterRegistration(111)) - New reporters are added after registries were created. Some metrics will be missing from the reporter. Please add reporter before adding any new registry.
2023-08-31 18:16:41,680 [main] INFO  impl.MetricsSystemImpl (MetricsSystemImpl.java:init(158)) - HddsDatanode metrics system started (again)
2023-08-31 18:16:41,713 [IPC Server listener on 15037] INFO  ipc.Server (Server.java:run(1402)) - IPC Server listener on 15037: starting
2023-08-31 18:16:41,714 [Datanode State Machine Daemon Thread] INFO  statemachine.DatanodeStateMachine (DatanodeStateMachine.java:lambda$startDaemon$0(538)) - Ozone container server started.
2023-08-31 18:16:41,717 [IPC Server Responder] INFO  ipc.Server (Server.java:run(1562)) - IPC Server Responder: starting
2023-08-31 18:16:41,717 [Socket Reader #1 for port 15037] INFO  ipc.Server (Server.java:run(1323)) - Starting Socket Reader #1 for port 15037
2023-08-31 18:16:41,731 [main] INFO  ozone.HddsDatanodeService (HddsDatanodeService.java:start(237)) - HddsDatanodeService host:fv-az1129-899 ip:10.1.0.8
2023-08-31 18:16:41,738 [Datanode State Machine Task Thread - 0] INFO  datanode.InitDatanodeState (InitDatanodeState.java:persistContainerDatanodeDetails(138)) - DatanodeDetails is persisted to /home/runner/work/ozone/ozone/hadoop-ozone/integration-test/target/test-dir/MiniOzoneClusterImpl-55bfc424-622c-4031-8e27-dd7ab017ec7d/datanode-3/meta/datanode.id
2023-08-31 18:16:41,768 [main] INFO  upgrade.AbstractLayoutVersionManager (AbstractLayoutVersionManager.java:init(83)) - Initializing Layout version manager with metadata layout = HADOOP_PRC_PORTS_IN_DATANODEDETAILS (version = 7), software layout = HADOOP_PRC_PORTS_IN_DATANODEDETAILS (version = 7)
2023-08-31 18:16:41,769 [main] INFO  statemachine.DatanodeStateMachine (DatanodeStateMachine.java:getEndPointTaskThreadPoolSize(282)) - Datanode State Machine Task Thread Pool size 2
2023-08-31 18:16:41,773 [main] INFO  volume.HddsVolume (HddsVolume.java:<init>(126)) - Creating HddsVolume: /home/runner/work/ozone/ozone/hadoop-ozone/integration-test/target/test-dir/MiniOzoneClusterImpl-55bfc424-622c-4031-8e27-dd7ab017ec7d/datanode-4/data-0/containers/hdds of storage type : DISK capacity : 9223372036854775807
2023-08-31 18:16:41,773 [main] INFO  volume.MutableVolumeSet (MutableVolumeSet.java:initializeVolumeSet(173)) - Added Volume : /home/runner/work/ozone/ozone/hadoop-ozone/integration-test/target/test-dir/MiniOzoneClusterImpl-55bfc424-622c-4031-8e27-dd7ab017ec7d/datanode-4/data-0/containers/hdds to VolumeSet
2023-08-31 18:16:41,775 [main] INFO  volume.MutableVolumeSet (MutableVolumeSet.java:initializeVolumeSet(173)) - Added Volume : /home/runner/work/ozone/ozone/hadoop-ozone/integration-test/target/test-dir/MiniOzoneClusterImpl-55bfc424-622c-4031-8e27-dd7ab017ec7d/datanode-4/data/ratis to VolumeSet
2023-08-31 18:16:41,776 [Thread-210] INFO  ozoneimpl.ContainerReader (ContainerReader.java:readVolume(177)) - Finish verifying containers on volume /home/runner/work/ozone/ozone/hadoop-ozone/integration-test/target/test-dir/MiniOzoneClusterImpl-55bfc424-622c-4031-8e27-dd7ab017ec7d/datanode-4/data-0/containers/hdds
2023-08-31 18:16:41,779 [main] INFO  ozoneimpl.OzoneContainer (OzoneContainer.java:buildContainerSet(314)) - Build ContainerSet costs 0s
2023-08-31 18:16:41,783 [main] INFO  server.RaftServer (ConfUtils.java:logGet(46)) - raft.rpc.type = GRPC (default)
2023-08-31 18:16:41,783 [main] INFO  grpc.GrpcConfigKeys (ConfUtils.java:logFallback(53)) - raft.grpc.admin.host = null (fallback to raft.grpc.server.host)
2023-08-31 18:16:41,784 [main] INFO  grpc.GrpcConfigKeys (ConfUtils.java:logGet(46)) - raft.grpc.admin.port = 15049 (custom)
2023-08-31 18:16:41,784 [main] INFO  grpc.GrpcConfigKeys (ConfUtils.java:logFallback(53)) - raft.grpc.client.host = null (fallback to raft.grpc.server.host)
2023-08-31 18:16:41,784 [main] INFO  grpc.GrpcConfigKeys (ConfUtils.java:logGet(46)) - raft.grpc.client.port = 15048 (custom)
2023-08-31 18:16:41,784 [main] INFO  grpc.GrpcConfigKeys (ConfUtils.java:logGet(46)) - raft.grpc.server.host = null (default)
2023-08-31 18:16:41,784 [main] INFO  grpc.GrpcConfigKeys (ConfUtils.java:logGet(46)) - raft.grpc.server.port = 15050 (custom)
2023-08-31 18:16:41,784 [main] INFO  server.GrpcService (ConfUtils.java:logGet(46)) - raft.grpc.message.size.max = 32MB (=33554432) (custom)
2023-08-31 18:16:41,785 [main] INFO  server.RaftServerConfigKeys (ConfUtils.java:logGet(46)) - raft.server.log.appender.buffer.byte-limit = 33554432 (custom)
2023-08-31 18:16:41,785 [main] INFO  server.GrpcService (ConfUtils.java:logGet(46)) - raft.grpc.flow.control.window = 5MB (=5242880) (custom)
2023-08-31 18:16:41,785 [main] INFO  server.RaftServerConfigKeys (ConfUtils.java:logGet(46)) - raft.server.rpc.request.timeout = 60s (custom)
2023-08-31 18:16:41,785 [main] INFO  grpc.GrpcConfigKeys (ConfUtils.java:logGet(46)) - raft.grpc.server.heartbeat.channel = true (default)
2023-08-31 18:16:41,785 [main] INFO  grpc.GrpcConfigKeys (ConfUtils.java:logGet(46)) - raft.grpc.server.async.request.thread.pool.cached = true (default)
2023-08-31 18:16:41,786 [main] INFO  grpc.GrpcConfigKeys (ConfUtils.java:logGet(46)) - raft.grpc.server.async.request.thread.pool.size = 32 (default)
2023-08-31 18:16:41,789 [main] INFO  impl.DataStreamServerImpl (ConfUtils.java:logGet(46)) - raft.datastream.type = NETTY (custom)
2023-08-31 18:16:41,789 [main] INFO  server.RaftServerConfigKeys (ConfUtils.java:logGet(46)) - raft.server.data-stream.async.request.thread.pool.cached = false (default)
2023-08-31 18:16:41,789 [main] INFO  server.RaftServerConfigKeys (ConfUtils.java:logGet(46)) - raft.server.data-stream.async.request.thread.pool.size = 20 (custom)
2023-08-31 18:16:41,790 [main] INFO  server.RaftServerConfigKeys (ConfUtils.java:logGet(46)) - raft.server.data-stream.async.write.thread.pool.size = 16 (default)
2023-08-31 18:16:41,790 [main] INFO  server.RaftServerConfigKeys (ConfUtils.java:logGet(46)) - raft.server.data-stream.client.pool.size = 10 (default)
2023-08-31 18:16:41,790 [main] INFO  netty.NettyConfigKeys$DataStream (ConfUtils.java:logGet(46)) - raft.netty.dataStream.server.use-epoll = false (default)
2023-08-31 18:16:41,790 [main] INFO  netty.NettyConfigKeys$DataStream (ConfUtils.java:logGet(46)) - raft.netty.dataStream.server.boss-group.size = 0 (default)
2023-08-31 18:16:41,791 [main] INFO  netty.NettyConfigKeys$DataStream (ConfUtils.java:logGet(46)) - raft.netty.dataStream.server.worker-group.size = 0 (default)
2023-08-31 18:16:41,791 [main] INFO  netty.NettyConfigKeys$DataStream (ConfUtils.java:logGet(46)) - raft.netty.dataStream.server.tls.conf = null (default)
2023-08-31 18:16:41,791 [main] INFO  netty.NettyConfigKeys$DataStream (ConfUtils.java:logGet(46)) - raft.netty.dataStream.host = null (default)
2023-08-31 18:16:41,792 [main] INFO  netty.NettyConfigKeys$DataStream (ConfUtils.java:logGet(46)) - raft.netty.dataStream.port = 15051 (custom)
2023-08-31 18:16:41,792 [main] INFO  server.RaftServerConfigKeys (ConfUtils.java:logGet(46)) - raft.server.threadpool.proxy.cached = true (default)
2023-08-31 18:16:41,792 [main] INFO  server.RaftServerConfigKeys (ConfUtils.java:logGet(46)) - raft.server.threadpool.proxy.size = 0 (default)
2023-08-31 18:16:41,793 [main] INFO  server.RaftServerConfigKeys (ConfUtils.java:logGet(46)) - raft.server.rpc.slowness.timeout = 300s (custom)
2023-08-31 18:16:41,793 [main] INFO  server.RaftServerConfigKeys (ConfUtils.java:logGet(46)) - raft.server.leaderelection.leader.step-down.wait-time = 10s (default)
2023-08-31 18:16:41,793 [main] INFO  server.RaftServerConfigKeys (ConfUtils.java:logGet(46)) - raft.server.storage.dir = [/home/runner/work/ozone/ozone/hadoop-ozone/integration-test/target/test-dir/MiniOzoneClusterImpl-55bfc424-622c-4031-8e27-dd7ab017ec7d/datanode-4/data/ratis] (custom)
2023-08-31 18:16:41,795 [af03fb12-d9eb-460d-bf82-fc984684bc2c-NettyServerStreamRpc-bossGroup--thread1] INFO  logging.LoggingHandler (AbstractInternalLogger.java:log(148)) - [id: 0x4edce64e] REGISTERED
2023-08-31 18:16:41,795 [af03fb12-d9eb-460d-bf82-fc984684bc2c-NettyServerStreamRpc-bossGroup--thread1] INFO  logging.LoggingHandler (AbstractInternalLogger.java:log(148)) - [id: 0x4edce64e] BIND: 0.0.0.0/0.0.0.0:15051
2023-08-31 18:16:41,795 [af03fb12-d9eb-460d-bf82-fc984684bc2c-NettyServerStreamRpc-bossGroup--thread1] INFO  logging.LoggingHandler (AbstractInternalLogger.java:log(148)) - [id: 0x4edce64e, L:/0:0:0:0:0:0:0:0:15051] ACTIVE
2023-08-31 18:16:41,795 [af03fb12-d9eb-460d-bf82-fc984684bc2c-impl-thread1] INFO  server.RaftServer (RaftServerProxy.java:initGroupDir(258)) - af03fb12-d9eb-460d-bf82-fc984684bc2c: found a subdirectory /home/runner/work/ozone/ozone/hadoop-ozone/integration-test/target/test-dir/MiniOzoneClusterImpl-55bfc424-622c-4031-8e27-dd7ab017ec7d/datanode-4/data/ratis/tmp
2023-08-31 18:16:41,796 [af03fb12-d9eb-460d-bf82-fc984684bc2c-impl-thread1] INFO  server.RaftServer (RaftServerProxy.java:initGroupDir(263)) - af03fb12-d9eb-460d-bf82-fc984684bc2c: The directory /home/runner/work/ozone/ozone/hadoop-ozone/integration-test/target/test-dir/MiniOzoneClusterImpl-55bfc424-622c-4031-8e27-dd7ab017ec7d/datanode-4/data/ratis/tmp is not a group directory; ignoring it. 
2023-08-31 18:16:41,796 [main] INFO  replication.ReplicationServer (ReplicationServer.java:<init>(81)) - Initializing replication server with thread count = 10
2023-08-31 18:16:41,797 [main] INFO  server.XceiverServerGrpc (XceiverServerGrpc.java:<init>(132)) - GrpcServer channel type EpollServerSocketChannel
2023-08-31 18:16:41,800 [main] INFO  replication.ReplicationSupervisor (ReplicationSupervisor.java:build(155)) - Initializing replication supervisor with thread count = 10
2023-08-31 18:16:41,800 [main] INFO  replication.ReplicationSupervisor (ReplicationSupervisor.java:nodeStateUpdated(307)) - Node state updated to IN_SERVICE, scaling executor pool size to 10
2023-08-31 18:16:41,803 [main] INFO  http.BaseHttpServer (BaseHttpServer.java:newHttpServer2BuilderForOzone(223)) - Starting Web-server for hddsDatanode at: http://0.0.0.0:15045
2023-08-31 18:16:41,803 [main] INFO  http.BaseHttpServer (BaseHttpServer.java:<init>(110)) - Hadoop Security Enabled: false Ozone Security Enabled: false Ozone HTTP Security Enabled: false 
2023-08-31 18:16:41,805 [main] WARN  server.AuthenticationFilter (AuthenticationFilter.java:constructSecretProvider(240)) - Unable to initialize FileSignerSecretProvider, falling back to use random secrets. Reason: Could not read signature secret file: /home/runner/hadoop-http-auth-signature-secret
2023-08-31 18:16:41,806 [main] INFO  http.HttpRequestLog (HttpRequestLog.java:getRequestLog(86)) - Http request log for http.requests.hddsDatanode is not defined
2023-08-31 18:16:41,807 [main] INFO  http.HttpServer2 (HttpServer2.java:addGlobalFilter(1031)) - Added global filter 'safety' (class=org.apache.hadoop.hdds.server.http.HttpServer2$QuotingInputFilter)
2023-08-31 18:16:41,808 [main] INFO  http.HttpServer2 (HttpServer2.java:addFilter(1007)) - Added filter static_user_filter (class=org.apache.hadoop.http.lib.StaticUserWebFilter$StaticUserFilter) to context hddsDatanode
2023-08-31 18:16:41,809 [main] INFO  http.HttpServer2 (HttpServer2.java:addFilter(1015)) - Added filter static_user_filter (class=org.apache.hadoop.http.lib.StaticUserWebFilter$StaticUserFilter) to context logs
2023-08-31 18:16:41,809 [main] INFO  http.HttpServer2 (HttpServer2.java:addFilter(1015)) - Added filter static_user_filter (class=org.apache.hadoop.http.lib.StaticUserWebFilter$StaticUserFilter) to context static
2023-08-31 18:16:41,810 [main] INFO  http.BaseHttpServer (BaseHttpServer.java:<init>(189)) - HTTP server of hddsDatanode uses base directory /home/runner/work/ozone/ozone/hadoop-ozone/integration-test/target/test-dir/MiniOzoneClusterImpl-55bfc424-622c-4031-8e27-dd7ab017ec7d/datanode-4/meta/webserver
2023-08-31 18:16:41,810 [main] INFO  http.HttpServer2 (HttpServer2.java:bindListener(1231)) - Jetty bound to port 15045
2023-08-31 18:16:41,810 [main] INFO  server.Server (Server.java:doStart(375)) - jetty-9.4.51.v20230217; built: 2023-02-17T08:19:37.309Z; git: b45c405e4544384de066f814ed42ae3dceacdd49; jvm 1.8.0_382-b05
2023-08-31 18:16:41,812 [main] INFO  server.session (DefaultSessionIdManager.java:doStart(334)) - DefaultSessionIdManager workerName=node0
2023-08-31 18:16:41,812 [main] INFO  server.session (DefaultSessionIdManager.java:doStart(339)) - No SessionScavenger set, using defaults
2023-08-31 18:16:41,812 [main] INFO  server.session (HouseKeeper.java:startScavenging(132)) - node0 Scavenging every 660000ms
2023-08-31 18:16:41,813 [main] INFO  handler.ContextHandler (ContextHandler.java:doStart(921)) - Started o.e.j.s.ServletContextHandler@6b6a60f4{logs,/logs,file:///home/runner/work/ozone/ozone/hadoop-ozone/integration-test/target/log,AVAILABLE}
2023-08-31 18:16:41,814 [main] INFO  handler.ContextHandler (ContextHandler.java:doStart(921)) - Started o.e.j.s.ServletContextHandler@31823f0d{static,/static,jar:file:/home/runner/.m2/repository/org/apache/ozone/hdds-container-service/1.4.0-SNAPSHOT/hdds-container-service-1.4.0-SNAPSHOT.jar!/webapps/static,AVAILABLE}
2023-08-31 18:16:42,060 [main] INFO  handler.ContextHandler (ContextHandler.java:doStart(921)) - Started o.e.j.w.WebAppContext@1a57c7c2{hddsDatanode,/,file:///home/runner/work/ozone/ozone/hadoop-ozone/integration-test/target/test-dir/MiniOzoneClusterImpl-55bfc424-622c-4031-8e27-dd7ab017ec7d/datanode-4/meta/webserver/jetty-0_0_0_0-15045-hdds-container-service-1_4_0-SNAPSHOT_jar-_-any-318094288706356100/webapp/,AVAILABLE}{jar:file:/home/runner/.m2/repository/org/apache/ozone/hdds-container-service/1.4.0-SNAPSHOT/hdds-container-service-1.4.0-SNAPSHOT.jar!/webapps/hddsDatanode}
2023-08-31 18:16:42,062 [main] INFO  server.AbstractConnector (AbstractConnector.java:doStart(333)) - Started ServerConnector@430d3bf9{HTTP/1.1, (http/1.1)}{0.0.0.0:15045}
2023-08-31 18:16:42,062 [main] INFO  server.Server (Server.java:doStart(415)) - Started @13387ms
2023-08-31 18:16:42,062 [main] WARN  impl.MetricsSystemImpl (MetricsSystemImpl.java:register(279)) - Sink prometheus already exists!
2023-08-31 18:16:42,063 [main] INFO  http.BaseHttpServer (BaseHttpServer.java:updateConnectorAddress(354)) - HTTP server of hddsDatanode listening at http://0.0.0.0:15045
2023-08-31 18:16:42,064 [main] INFO  ipc.CallQueueManager (CallQueueManager.java:<init>(90)) - Using callQueue: class java.util.concurrent.LinkedBlockingQueue, queueCapacity: 100, scheduler: class org.apache.hadoop.ipc.DefaultRpcScheduler, ipcBackoff: false.
2023-08-31 18:16:42,064 [main] INFO  ipc.Server (Server.java:<init>(1287)) - Listener at 0.0.0.0:15046
2023-08-31 18:16:42,065 [Socket Reader #1 for port 15046] INFO  ipc.Server (Server.java:run(1323)) - Starting Socket Reader #1 for port 15046
2023-08-31 18:16:42,071 [main] INFO  ozone.HddsDatanodeService (HddsDatanodeService.java:start(315)) - Datanode start with admins: [runner]
2023-08-31 18:16:42,071 [main] INFO  ozone.HddsDatanodeClientProtocolServer (HddsDatanodeClientProtocolServer.java:start(72)) - RPC server for Client /0.0.0.0:15046
2023-08-31 18:16:42,072 [IPC Server Responder] INFO  ipc.Server (Server.java:run(1562)) - IPC Server Responder: starting
2023-08-31 18:16:42,076 [Datanode State Machine Daemon Thread] INFO  statemachine.DatanodeStateMachine (DatanodeStateMachine.java:lambda$startDaemon$0(538)) - Ozone container server started.
2023-08-31 18:16:42,078 [main] INFO  ozone.MiniOzoneClusterImpl (MiniOzoneClusterImpl.java:lambda$waitForClusterToBeReady$0(224)) - Waiting for nodes to be ready. Got 0 of 5 DN Heartbeats.
2023-08-31 18:16:42,079 [main] INFO  ozone.MiniOzoneClusterImpl (MiniOzoneClusterImpl.java:lambda$waitForClusterToBeReady$0(227)) - Waiting for cluster to exit safe mode
2023-08-31 18:16:42,079 [main] INFO  ozone.MiniOzoneClusterImpl (MiniOzoneClusterImpl.java:lambda$waitForClusterToBeReady$0(229)) - SCM became leader
2023-08-31 18:16:42,079 [IPC Server listener on 15046] INFO  ipc.Server (Server.java:run(1402)) - IPC Server listener on 15046: starting
2023-08-31 18:16:42,098 [Datanode State Machine Task Thread - 0] INFO  datanode.InitDatanodeState (InitDatanodeState.java:persistContainerDatanodeDetails(138)) - DatanodeDetails is persisted to /home/runner/work/ozone/ozone/hadoop-ozone/integration-test/target/test-dir/MiniOzoneClusterImpl-55bfc424-622c-4031-8e27-dd7ab017ec7d/datanode-4/meta/datanode.id
2023-08-31 18:16:42,468 [EndpointStateMachine task thread for /0.0.0.0:15002 - 0 ] INFO  utils.DatanodeStoreCache (DatanodeStoreCache.java:addDB(66)) - Added db /home/runner/work/ozone/ozone/hadoop-ozone/integration-test/target/test-dir/MiniOzoneClusterImpl-55bfc424-622c-4031-8e27-dd7ab017ec7d/datanode-0/data-0/containers/hdds/55bfc424-622c-4031-8e27-dd7ab017ec7d/DS-23a48011-b77a-4edd-8f7e-bdb7b0d7dc4e/container.db to cache
2023-08-31 18:16:42,468 [EndpointStateMachine task thread for /0.0.0.0:15002 - 0 ] INFO  volume.HddsVolume (HddsVolume.java:createDbStore(422)) - SchemaV3 db is created and loaded at /home/runner/work/ozone/ozone/hadoop-ozone/integration-test/target/test-dir/MiniOzoneClusterImpl-55bfc424-622c-4031-8e27-dd7ab017ec7d/datanode-0/data-0/containers/hdds/55bfc424-622c-4031-8e27-dd7ab017ec7d/DS-23a48011-b77a-4edd-8f7e-bdb7b0d7dc4e/container.db for volume DS-23a48011-b77a-4edd-8f7e-bdb7b0d7dc4e
2023-08-31 18:16:42,470 [EndpointStateMachine task thread for /0.0.0.0:15002 - 0 ] INFO  volume.ThrottledAsyncChecker (ThrottledAsyncChecker.java:schedule(141)) - Scheduling a check for /home/runner/work/ozone/ozone/hadoop-ozone/integration-test/target/test-dir/MiniOzoneClusterImpl-55bfc424-622c-4031-8e27-dd7ab017ec7d/datanode-0/data-0/containers/hdds
2023-08-31 18:16:42,495 [EndpointStateMachine task thread for /0.0.0.0:15002 - 0 ] INFO  volume.StorageVolumeChecker (StorageVolumeChecker.java:checkAllVolumes(213)) - Scheduled health check for volume /home/runner/work/ozone/ozone/hadoop-ozone/integration-test/target/test-dir/MiniOzoneClusterImpl-55bfc424-622c-4031-8e27-dd7ab017ec7d/datanode-0/data-0/containers/hdds
2023-08-31 18:16:42,500 [EndpointStateMachine task thread for /0.0.0.0:15002 - 0 ] INFO  volume.ThrottledAsyncChecker (ThrottledAsyncChecker.java:schedule(141)) - Scheduling a check for /home/runner/work/ozone/ozone/hadoop-ozone/integration-test/target/test-dir/MiniOzoneClusterImpl-55bfc424-622c-4031-8e27-dd7ab017ec7d/datanode-0/data/ratis
2023-08-31 18:16:42,500 [EndpointStateMachine task thread for /0.0.0.0:15002 - 0 ] INFO  volume.StorageVolumeChecker (StorageVolumeChecker.java:checkAllVolumes(213)) - Scheduled health check for volume /home/runner/work/ozone/ozone/hadoop-ozone/integration-test/target/test-dir/MiniOzoneClusterImpl-55bfc424-622c-4031-8e27-dd7ab017ec7d/datanode-0/data/ratis
2023-08-31 18:16:42,503 [EndpointStateMachine task thread for /0.0.0.0:15002 - 0 ] INFO  ozoneimpl.OzoneContainer (OzoneContainer.java:start(429)) - Attempting to start container services.
2023-08-31 18:16:42,505 [EndpointStateMachine task thread for /0.0.0.0:15002 - 0 ] INFO  ozoneimpl.OzoneContainer (OzoneContainer.java:startContainerScrub(325)) - Scheduled background container scanners and the on-demand container scanner have been disabled.
2023-08-31 18:16:42,507 [EndpointStateMachine task thread for /0.0.0.0:15002 - 0 ] INFO  replication.ReplicationServer (ReplicationServer.java:start(130)) - ReplicationServer is started using port 15016
2023-08-31 18:16:42,508 [EndpointStateMachine task thread for /0.0.0.0:15002 - 0 ] INFO  ratis.XceiverServerRatis (XceiverServerRatis.java:start(517)) - Starting XceiverServerRatis 02e5811a-aac7-41e1-9b10-ccc4a1a85e2b
2023-08-31 18:16:42,510 [EndpointStateMachine task thread for /0.0.0.0:15002 - 0 ] INFO  server.RaftServer (RaftServerProxy.java:startImpl(400)) - 02e5811a-aac7-41e1-9b10-ccc4a1a85e2b: start RPC server
2023-08-31 18:16:42,513 [EndpointStateMachine task thread for /0.0.0.0:15002 - 0 ] INFO  server.GrpcService (GrpcService.java:startImpl(302)) - 02e5811a-aac7-41e1-9b10-ccc4a1a85e2b: GrpcService started, listening on 15012
2023-08-31 18:16:42,516 [EndpointStateMachine task thread for /0.0.0.0:15002 - 0 ] INFO  server.GrpcService (GrpcService.java:startImpl(302)) - 02e5811a-aac7-41e1-9b10-ccc4a1a85e2b: GrpcService started, listening on 15014
2023-08-31 18:16:42,517 [EndpointStateMachine task thread for /0.0.0.0:15002 - 0 ] INFO  server.GrpcService (GrpcService.java:startImpl(302)) - 02e5811a-aac7-41e1-9b10-ccc4a1a85e2b: GrpcService started, listening on 15013
2023-08-31 18:16:42,518 [EndpointStateMachine task thread for /0.0.0.0:15002 - 0 ] INFO  ratis.XceiverServerRatis (XceiverServerRatis.java:getRealPort(543)) - XceiverServerRatis 02e5811a-aac7-41e1-9b10-ccc4a1a85e2b is started using port 15012 for RATIS
2023-08-31 18:16:42,518 [JvmPauseMonitor2] INFO  util.JvmPauseMonitor (JvmPauseMonitor.java:run(103)) - JvmPauseMonitor-02e5811a-aac7-41e1-9b10-ccc4a1a85e2b: Started
2023-08-31 18:16:42,518 [EndpointStateMachine task thread for /0.0.0.0:15002 - 0 ] INFO  ratis.XceiverServerRatis (XceiverServerRatis.java:getRealPort(543)) - XceiverServerRatis 02e5811a-aac7-41e1-9b10-ccc4a1a85e2b is started using port 15013 for RATIS_ADMIN
2023-08-31 18:16:42,518 [EndpointStateMachine task thread for /0.0.0.0:15002 - 0 ] INFO  ratis.XceiverServerRatis (XceiverServerRatis.java:getRealPort(543)) - XceiverServerRatis 02e5811a-aac7-41e1-9b10-ccc4a1a85e2b is started using port 15014 for RATIS_SERVER
2023-08-31 18:16:42,518 [EndpointStateMachine task thread for /0.0.0.0:15002 - 0 ] INFO  ratis.XceiverServerRatis (XceiverServerRatis.java:getRealPort(543)) - XceiverServerRatis 02e5811a-aac7-41e1-9b10-ccc4a1a85e2b is started using port 15015 for RATIS_DATASTREAM
2023-08-31 18:16:42,528 [BlockDeletingService#0] INFO  interfaces.ContainerDeletionChoosingPolicyTemplate (ContainerDeletionChoosingPolicyTemplate.java:chooseContainerForBlockDeletion(85)) - Chosen 0/5000 blocks from 0 candidate containers.
2023-08-31 18:16:42,920 [EndpointStateMachine task thread for /0.0.0.0:15002 - 0 ] INFO  utils.DatanodeStoreCache (DatanodeStoreCache.java:addDB(66)) - Added db /home/runner/work/ozone/ozone/hadoop-ozone/integration-test/target/test-dir/MiniOzoneClusterImpl-55bfc424-622c-4031-8e27-dd7ab017ec7d/datanode-1/data-0/containers/hdds/55bfc424-622c-4031-8e27-dd7ab017ec7d/DS-312bb386-3e0e-47b5-abaa-e484e08a881f/container.db to cache
2023-08-31 18:16:42,920 [EndpointStateMachine task thread for /0.0.0.0:15002 - 0 ] INFO  volume.HddsVolume (HddsVolume.java:createDbStore(422)) - SchemaV3 db is created and loaded at /home/runner/work/ozone/ozone/hadoop-ozone/integration-test/target/test-dir/MiniOzoneClusterImpl-55bfc424-622c-4031-8e27-dd7ab017ec7d/datanode-1/data-0/containers/hdds/55bfc424-622c-4031-8e27-dd7ab017ec7d/DS-312bb386-3e0e-47b5-abaa-e484e08a881f/container.db for volume DS-312bb386-3e0e-47b5-abaa-e484e08a881f
2023-08-31 18:16:42,921 [EndpointStateMachine task thread for /0.0.0.0:15002 - 0 ] INFO  volume.ThrottledAsyncChecker (ThrottledAsyncChecker.java:schedule(141)) - Scheduling a check for /home/runner/work/ozone/ozone/hadoop-ozone/integration-test/target/test-dir/MiniOzoneClusterImpl-55bfc424-622c-4031-8e27-dd7ab017ec7d/datanode-1/data-0/containers/hdds
2023-08-31 18:16:42,925 [EndpointStateMachine task thread for /0.0.0.0:15002 - 0 ] INFO  volume.StorageVolumeChecker (StorageVolumeChecker.java:checkAllVolumes(213)) - Scheduled health check for volume /home/runner/work/ozone/ozone/hadoop-ozone/integration-test/target/test-dir/MiniOzoneClusterImpl-55bfc424-622c-4031-8e27-dd7ab017ec7d/datanode-1/data-0/containers/hdds
2023-08-31 18:16:42,928 [EndpointStateMachine task thread for /0.0.0.0:15002 - 0 ] INFO  volume.ThrottledAsyncChecker (ThrottledAsyncChecker.java:schedule(141)) - Scheduling a check for /home/runner/work/ozone/ozone/hadoop-ozone/integration-test/target/test-dir/MiniOzoneClusterImpl-55bfc424-622c-4031-8e27-dd7ab017ec7d/datanode-1/data/ratis
2023-08-31 18:16:42,928 [EndpointStateMachine task thread for /0.0.0.0:15002 - 0 ] INFO  volume.StorageVolumeChecker (StorageVolumeChecker.java:checkAllVolumes(213)) - Scheduled health check for volume /home/runner/work/ozone/ozone/hadoop-ozone/integration-test/target/test-dir/MiniOzoneClusterImpl-55bfc424-622c-4031-8e27-dd7ab017ec7d/datanode-1/data/ratis
2023-08-31 18:16:42,929 [EndpointStateMachine task thread for /0.0.0.0:15002 - 0 ] INFO  ozoneimpl.OzoneContainer (OzoneContainer.java:start(429)) - Attempting to start container services.
2023-08-31 18:16:42,930 [EndpointStateMachine task thread for /0.0.0.0:15002 - 0 ] INFO  ozoneimpl.OzoneContainer (OzoneContainer.java:startContainerScrub(325)) - Scheduled background container scanners and the on-demand container scanner have been disabled.
2023-08-31 18:16:42,932 [EndpointStateMachine task thread for /0.0.0.0:15002 - 0 ] INFO  replication.ReplicationServer (ReplicationServer.java:start(130)) - ReplicationServer is started using port 15025
2023-08-31 18:16:42,932 [EndpointStateMachine task thread for /0.0.0.0:15002 - 0 ] INFO  ratis.XceiverServerRatis (XceiverServerRatis.java:start(517)) - Starting XceiverServerRatis a52d6cdf-59e1-461e-b8c6-37ccdacf9b29
2023-08-31 18:16:42,934 [EndpointStateMachine task thread for /0.0.0.0:15002 - 0 ] INFO  server.RaftServer (RaftServerProxy.java:startImpl(400)) - a52d6cdf-59e1-461e-b8c6-37ccdacf9b29: start RPC server
2023-08-31 18:16:42,936 [EndpointStateMachine task thread for /0.0.0.0:15002 - 0 ] INFO  server.GrpcService (GrpcService.java:startImpl(302)) - a52d6cdf-59e1-461e-b8c6-37ccdacf9b29: GrpcService started, listening on 15021
2023-08-31 18:16:42,938 [EndpointStateMachine task thread for /0.0.0.0:15002 - 0 ] INFO  server.GrpcService (GrpcService.java:startImpl(302)) - a52d6cdf-59e1-461e-b8c6-37ccdacf9b29: GrpcService started, listening on 15023
2023-08-31 18:16:42,941 [EndpointStateMachine task thread for /0.0.0.0:15002 - 0 ] INFO  server.GrpcService (GrpcService.java:startImpl(302)) - a52d6cdf-59e1-461e-b8c6-37ccdacf9b29: GrpcService started, listening on 15022
2023-08-31 18:16:42,941 [EndpointStateMachine task thread for /0.0.0.0:15002 - 0 ] INFO  ratis.XceiverServerRatis (XceiverServerRatis.java:getRealPort(543)) - XceiverServerRatis a52d6cdf-59e1-461e-b8c6-37ccdacf9b29 is started using port 15021 for RATIS
2023-08-31 18:16:42,941 [JvmPauseMonitor3] INFO  util.JvmPauseMonitor (JvmPauseMonitor.java:run(103)) - JvmPauseMonitor-a52d6cdf-59e1-461e-b8c6-37ccdacf9b29: Started
2023-08-31 18:16:42,941 [EndpointStateMachine task thread for /0.0.0.0:15002 - 0 ] INFO  ratis.XceiverServerRatis (XceiverServerRatis.java:getRealPort(543)) - XceiverServerRatis a52d6cdf-59e1-461e-b8c6-37ccdacf9b29 is started using port 15022 for RATIS_ADMIN
2023-08-31 18:16:42,941 [EndpointStateMachine task thread for /0.0.0.0:15002 - 0 ] INFO  ratis.XceiverServerRatis (XceiverServerRatis.java:getRealPort(543)) - XceiverServerRatis a52d6cdf-59e1-461e-b8c6-37ccdacf9b29 is started using port 15023 for RATIS_SERVER
2023-08-31 18:16:42,941 [EndpointStateMachine task thread for /0.0.0.0:15002 - 0 ] INFO  ratis.XceiverServerRatis (XceiverServerRatis.java:getRealPort(543)) - XceiverServerRatis a52d6cdf-59e1-461e-b8c6-37ccdacf9b29 is started using port 15024 for RATIS_DATASTREAM
2023-08-31 18:16:42,948 [BlockDeletingService#0] INFO  interfaces.ContainerDeletionChoosingPolicyTemplate (ContainerDeletionChoosingPolicyTemplate.java:chooseContainerForBlockDeletion(85)) - Chosen 0/5000 blocks from 0 candidate containers.
2023-08-31 18:16:43,079 [main] INFO  ozone.MiniOzoneClusterImpl (MiniOzoneClusterImpl.java:lambda$waitForClusterToBeReady$0(224)) - Waiting for nodes to be ready. Got 0 of 5 DN Heartbeats.
2023-08-31 18:16:43,079 [main] INFO  ozone.MiniOzoneClusterImpl (MiniOzoneClusterImpl.java:lambda$waitForClusterToBeReady$0(227)) - Waiting for cluster to exit safe mode
2023-08-31 18:16:43,080 [main] INFO  ozone.MiniOzoneClusterImpl (MiniOzoneClusterImpl.java:lambda$waitForClusterToBeReady$0(229)) - SCM became leader
2023-08-31 18:16:43,354 [EndpointStateMachine task thread for /0.0.0.0:15002 - 0 ] INFO  utils.DatanodeStoreCache (DatanodeStoreCache.java:addDB(66)) - Added db /home/runner/work/ozone/ozone/hadoop-ozone/integration-test/target/test-dir/MiniOzoneClusterImpl-55bfc424-622c-4031-8e27-dd7ab017ec7d/datanode-2/data-0/containers/hdds/55bfc424-622c-4031-8e27-dd7ab017ec7d/DS-98ac1cdf-c545-45a7-908d-6d26f540797f/container.db to cache
2023-08-31 18:16:43,355 [EndpointStateMachine task thread for /0.0.0.0:15002 - 0 ] INFO  volume.HddsVolume (HddsVolume.java:createDbStore(422)) - SchemaV3 db is created and loaded at /home/runner/work/ozone/ozone/hadoop-ozone/integration-test/target/test-dir/MiniOzoneClusterImpl-55bfc424-622c-4031-8e27-dd7ab017ec7d/datanode-2/data-0/containers/hdds/55bfc424-622c-4031-8e27-dd7ab017ec7d/DS-98ac1cdf-c545-45a7-908d-6d26f540797f/container.db for volume DS-98ac1cdf-c545-45a7-908d-6d26f540797f
2023-08-31 18:16:43,355 [EndpointStateMachine task thread for /0.0.0.0:15002 - 0 ] INFO  volume.ThrottledAsyncChecker (ThrottledAsyncChecker.java:schedule(141)) - Scheduling a check for /home/runner/work/ozone/ozone/hadoop-ozone/integration-test/target/test-dir/MiniOzoneClusterImpl-55bfc424-622c-4031-8e27-dd7ab017ec7d/datanode-2/data-0/containers/hdds
2023-08-31 18:16:43,356 [EndpointStateMachine task thread for /0.0.0.0:15002 - 0 ] INFO  volume.StorageVolumeChecker (StorageVolumeChecker.java:checkAllVolumes(213)) - Scheduled health check for volume /home/runner/work/ozone/ozone/hadoop-ozone/integration-test/target/test-dir/MiniOzoneClusterImpl-55bfc424-622c-4031-8e27-dd7ab017ec7d/datanode-2/data-0/containers/hdds
2023-08-31 18:16:43,361 [EndpointStateMachine task thread for /0.0.0.0:15002 - 0 ] INFO  volume.ThrottledAsyncChecker (ThrottledAsyncChecker.java:schedule(141)) - Scheduling a check for /home/runner/work/ozone/ozone/hadoop-ozone/integration-test/target/test-dir/MiniOzoneClusterImpl-55bfc424-622c-4031-8e27-dd7ab017ec7d/datanode-2/data/ratis
2023-08-31 18:16:43,361 [EndpointStateMachine task thread for /0.0.0.0:15002 - 0 ] INFO  volume.StorageVolumeChecker (StorageVolumeChecker.java:checkAllVolumes(213)) - Scheduled health check for volume /home/runner/work/ozone/ozone/hadoop-ozone/integration-test/target/test-dir/MiniOzoneClusterImpl-55bfc424-622c-4031-8e27-dd7ab017ec7d/datanode-2/data/ratis
2023-08-31 18:16:43,363 [EndpointStateMachine task thread for /0.0.0.0:15002 - 0 ] INFO  ozoneimpl.OzoneContainer (OzoneContainer.java:start(429)) - Attempting to start container services.
2023-08-31 18:16:43,363 [EndpointStateMachine task thread for /0.0.0.0:15002 - 0 ] INFO  ozoneimpl.OzoneContainer (OzoneContainer.java:startContainerScrub(325)) - Scheduled background container scanners and the on-demand container scanner have been disabled.
2023-08-31 18:16:43,366 [EndpointStateMachine task thread for /0.0.0.0:15002 - 0 ] INFO  replication.ReplicationServer (ReplicationServer.java:start(130)) - ReplicationServer is started using port 15034
2023-08-31 18:16:43,366 [EndpointStateMachine task thread for /0.0.0.0:15002 - 0 ] INFO  ratis.XceiverServerRatis (XceiverServerRatis.java:start(517)) - Starting XceiverServerRatis 936500de-6a46-404e-9e6e-74d5223834e1
2023-08-31 18:16:43,366 [EndpointStateMachine task thread for /0.0.0.0:15002 - 0 ] INFO  server.RaftServer (RaftServerProxy.java:startImpl(400)) - 936500de-6a46-404e-9e6e-74d5223834e1: start RPC server
2023-08-31 18:16:43,369 [EndpointStateMachine task thread for /0.0.0.0:15002 - 0 ] INFO  server.GrpcService (GrpcService.java:startImpl(302)) - 936500de-6a46-404e-9e6e-74d5223834e1: GrpcService started, listening on 15030
2023-08-31 18:16:43,371 [EndpointStateMachine task thread for /0.0.0.0:15002 - 0 ] INFO  server.GrpcService (GrpcService.java:startImpl(302)) - 936500de-6a46-404e-9e6e-74d5223834e1: GrpcService started, listening on 15032
2023-08-31 18:16:43,373 [EndpointStateMachine task thread for /0.0.0.0:15002 - 0 ] INFO  server.GrpcService (GrpcService.java:startImpl(302)) - 936500de-6a46-404e-9e6e-74d5223834e1: GrpcService started, listening on 15031
2023-08-31 18:16:43,374 [EndpointStateMachine task thread for /0.0.0.0:15002 - 0 ] INFO  ratis.XceiverServerRatis (XceiverServerRatis.java:getRealPort(543)) - XceiverServerRatis 936500de-6a46-404e-9e6e-74d5223834e1 is started using port 15030 for RATIS
2023-08-31 18:16:43,374 [EndpointStateMachine task thread for /0.0.0.0:15002 - 0 ] INFO  ratis.XceiverServerRatis (XceiverServerRatis.java:getRealPort(543)) - XceiverServerRatis 936500de-6a46-404e-9e6e-74d5223834e1 is started using port 15031 for RATIS_ADMIN
2023-08-31 18:16:43,374 [JvmPauseMonitor4] INFO  util.JvmPauseMonitor (JvmPauseMonitor.java:run(103)) - JvmPauseMonitor-936500de-6a46-404e-9e6e-74d5223834e1: Started
2023-08-31 18:16:43,374 [EndpointStateMachine task thread for /0.0.0.0:15002 - 0 ] INFO  ratis.XceiverServerRatis (XceiverServerRatis.java:getRealPort(543)) - XceiverServerRatis 936500de-6a46-404e-9e6e-74d5223834e1 is started using port 15032 for RATIS_SERVER
2023-08-31 18:16:43,374 [EndpointStateMachine task thread for /0.0.0.0:15002 - 0 ] INFO  ratis.XceiverServerRatis (XceiverServerRatis.java:getRealPort(543)) - XceiverServerRatis 936500de-6a46-404e-9e6e-74d5223834e1 is started using port 15033 for RATIS_DATASTREAM
2023-08-31 18:16:43,385 [BlockDeletingService#0] INFO  interfaces.ContainerDeletionChoosingPolicyTemplate (ContainerDeletionChoosingPolicyTemplate.java:chooseContainerForBlockDeletion(85)) - Chosen 0/5000 blocks from 0 candidate containers.
2023-08-31 18:16:43,780 [EndpointStateMachine task thread for /0.0.0.0:15002 - 0 ] INFO  utils.DatanodeStoreCache (DatanodeStoreCache.java:addDB(66)) - Added db /home/runner/work/ozone/ozone/hadoop-ozone/integration-test/target/test-dir/MiniOzoneClusterImpl-55bfc424-622c-4031-8e27-dd7ab017ec7d/datanode-3/data-0/containers/hdds/55bfc424-622c-4031-8e27-dd7ab017ec7d/DS-bef8dc19-738f-4a27-adb1-0208bcaa8f41/container.db to cache
2023-08-31 18:16:43,780 [EndpointStateMachine task thread for /0.0.0.0:15002 - 0 ] INFO  volume.HddsVolume (HddsVolume.java:createDbStore(422)) - SchemaV3 db is created and loaded at /home/runner/work/ozone/ozone/hadoop-ozone/integration-test/target/test-dir/MiniOzoneClusterImpl-55bfc424-622c-4031-8e27-dd7ab017ec7d/datanode-3/data-0/containers/hdds/55bfc424-622c-4031-8e27-dd7ab017ec7d/DS-bef8dc19-738f-4a27-adb1-0208bcaa8f41/container.db for volume DS-bef8dc19-738f-4a27-adb1-0208bcaa8f41
2023-08-31 18:16:43,781 [EndpointStateMachine task thread for /0.0.0.0:15002 - 0 ] INFO  volume.ThrottledAsyncChecker (ThrottledAsyncChecker.java:schedule(141)) - Scheduling a check for /home/runner/work/ozone/ozone/hadoop-ozone/integration-test/target/test-dir/MiniOzoneClusterImpl-55bfc424-622c-4031-8e27-dd7ab017ec7d/datanode-3/data-0/containers/hdds
2023-08-31 18:16:43,785 [EndpointStateMachine task thread for /0.0.0.0:15002 - 0 ] INFO  volume.StorageVolumeChecker (StorageVolumeChecker.java:checkAllVolumes(213)) - Scheduled health check for volume /home/runner/work/ozone/ozone/hadoop-ozone/integration-test/target/test-dir/MiniOzoneClusterImpl-55bfc424-622c-4031-8e27-dd7ab017ec7d/datanode-3/data-0/containers/hdds
2023-08-31 18:16:43,788 [EndpointStateMachine task thread for /0.0.0.0:15002 - 0 ] INFO  volume.ThrottledAsyncChecker (ThrottledAsyncChecker.java:schedule(141)) - Scheduling a check for /home/runner/work/ozone/ozone/hadoop-ozone/integration-test/target/test-dir/MiniOzoneClusterImpl-55bfc424-622c-4031-8e27-dd7ab017ec7d/datanode-3/data/ratis
2023-08-31 18:16:43,788 [EndpointStateMachine task thread for /0.0.0.0:15002 - 0 ] INFO  volume.StorageVolumeChecker (StorageVolumeChecker.java:checkAllVolumes(213)) - Scheduled health check for volume /home/runner/work/ozone/ozone/hadoop-ozone/integration-test/target/test-dir/MiniOzoneClusterImpl-55bfc424-622c-4031-8e27-dd7ab017ec7d/datanode-3/data/ratis
2023-08-31 18:16:43,790 [EndpointStateMachine task thread for /0.0.0.0:15002 - 0 ] INFO  ozoneimpl.OzoneContainer (OzoneContainer.java:start(429)) - Attempting to start container services.
2023-08-31 18:16:43,790 [EndpointStateMachine task thread for /0.0.0.0:15002 - 0 ] INFO  ozoneimpl.OzoneContainer (OzoneContainer.java:startContainerScrub(325)) - Scheduled background container scanners and the on-demand container scanner have been disabled.
2023-08-31 18:16:43,792 [EndpointStateMachine task thread for /0.0.0.0:15002 - 0 ] INFO  replication.ReplicationServer (ReplicationServer.java:start(130)) - ReplicationServer is started using port 15043
2023-08-31 18:16:43,792 [EndpointStateMachine task thread for /0.0.0.0:15002 - 0 ] INFO  ratis.XceiverServerRatis (XceiverServerRatis.java:start(517)) - Starting XceiverServerRatis 31d6a482-7e3d-487d-933c-c96d7f47fcbe
2023-08-31 18:16:43,796 [EndpointStateMachine task thread for /0.0.0.0:15002 - 0 ] INFO  server.RaftServer (RaftServerProxy.java:startImpl(400)) - 31d6a482-7e3d-487d-933c-c96d7f47fcbe: start RPC server
2023-08-31 18:16:43,798 [EndpointStateMachine task thread for /0.0.0.0:15002 - 0 ] INFO  server.GrpcService (GrpcService.java:startImpl(302)) - 31d6a482-7e3d-487d-933c-c96d7f47fcbe: GrpcService started, listening on 15039
2023-08-31 18:16:43,800 [EndpointStateMachine task thread for /0.0.0.0:15002 - 0 ] INFO  server.GrpcService (GrpcService.java:startImpl(302)) - 31d6a482-7e3d-487d-933c-c96d7f47fcbe: GrpcService started, listening on 15041
2023-08-31 18:16:43,805 [EndpointStateMachine task thread for /0.0.0.0:15002 - 0 ] INFO  server.GrpcService (GrpcService.java:startImpl(302)) - 31d6a482-7e3d-487d-933c-c96d7f47fcbe: GrpcService started, listening on 15040
2023-08-31 18:16:43,806 [EndpointStateMachine task thread for /0.0.0.0:15002 - 0 ] INFO  ratis.XceiverServerRatis (XceiverServerRatis.java:getRealPort(543)) - XceiverServerRatis 31d6a482-7e3d-487d-933c-c96d7f47fcbe is started using port 15039 for RATIS
2023-08-31 18:16:43,806 [EndpointStateMachine task thread for /0.0.0.0:15002 - 0 ] INFO  ratis.XceiverServerRatis (XceiverServerRatis.java:getRealPort(543)) - XceiverServerRatis 31d6a482-7e3d-487d-933c-c96d7f47fcbe is started using port 15040 for RATIS_ADMIN
2023-08-31 18:16:43,806 [EndpointStateMachine task thread for /0.0.0.0:15002 - 0 ] INFO  ratis.XceiverServerRatis (XceiverServerRatis.java:getRealPort(543)) - XceiverServerRatis 31d6a482-7e3d-487d-933c-c96d7f47fcbe is started using port 15041 for RATIS_SERVER
2023-08-31 18:16:43,806 [EndpointStateMachine task thread for /0.0.0.0:15002 - 0 ] INFO  ratis.XceiverServerRatis (XceiverServerRatis.java:getRealPort(543)) - XceiverServerRatis 31d6a482-7e3d-487d-933c-c96d7f47fcbe is started using port 15042 for RATIS_DATASTREAM
2023-08-31 18:16:43,807 [JvmPauseMonitor5] INFO  util.JvmPauseMonitor (JvmPauseMonitor.java:run(103)) - JvmPauseMonitor-31d6a482-7e3d-487d-933c-c96d7f47fcbe: Started
2023-08-31 18:16:43,814 [BlockDeletingService#0] INFO  interfaces.ContainerDeletionChoosingPolicyTemplate (ContainerDeletionChoosingPolicyTemplate.java:chooseContainerForBlockDeletion(85)) - Chosen 0/5000 blocks from 0 candidate containers.
2023-08-31 18:16:44,080 [main] INFO  ozone.MiniOzoneClusterImpl (MiniOzoneClusterImpl.java:lambda$waitForClusterToBeReady$0(224)) - Waiting for nodes to be ready. Got 0 of 5 DN Heartbeats.
2023-08-31 18:16:44,080 [main] INFO  ozone.MiniOzoneClusterImpl (MiniOzoneClusterImpl.java:lambda$waitForClusterToBeReady$0(227)) - Waiting for cluster to exit safe mode
2023-08-31 18:16:44,080 [main] INFO  ozone.MiniOzoneClusterImpl (MiniOzoneClusterImpl.java:lambda$waitForClusterToBeReady$0(229)) - SCM became leader
2023-08-31 18:16:44,147 [EndpointStateMachine task thread for /0.0.0.0:15002 - 0 ] INFO  utils.DatanodeStoreCache (DatanodeStoreCache.java:addDB(66)) - Added db /home/runner/work/ozone/ozone/hadoop-ozone/integration-test/target/test-dir/MiniOzoneClusterImpl-55bfc424-622c-4031-8e27-dd7ab017ec7d/datanode-4/data-0/containers/hdds/55bfc424-622c-4031-8e27-dd7ab017ec7d/DS-13552368-cecf-4e26-bf2f-6d6bb71ad2d2/container.db to cache
2023-08-31 18:16:44,147 [EndpointStateMachine task thread for /0.0.0.0:15002 - 0 ] INFO  volume.HddsVolume (HddsVolume.java:createDbStore(422)) - SchemaV3 db is created and loaded at /home/runner/work/ozone/ozone/hadoop-ozone/integration-test/target/test-dir/MiniOzoneClusterImpl-55bfc424-622c-4031-8e27-dd7ab017ec7d/datanode-4/data-0/containers/hdds/55bfc424-622c-4031-8e27-dd7ab017ec7d/DS-13552368-cecf-4e26-bf2f-6d6bb71ad2d2/container.db for volume DS-13552368-cecf-4e26-bf2f-6d6bb71ad2d2
2023-08-31 18:16:44,148 [EndpointStateMachine task thread for /0.0.0.0:15002 - 0 ] INFO  volume.ThrottledAsyncChecker (ThrottledAsyncChecker.java:schedule(141)) - Scheduling a check for /home/runner/work/ozone/ozone/hadoop-ozone/integration-test/target/test-dir/MiniOzoneClusterImpl-55bfc424-622c-4031-8e27-dd7ab017ec7d/datanode-4/data-0/containers/hdds
2023-08-31 18:16:44,149 [EndpointStateMachine task thread for /0.0.0.0:15002 - 0 ] INFO  volume.StorageVolumeChecker (StorageVolumeChecker.java:checkAllVolumes(213)) - Scheduled health check for volume /home/runner/work/ozone/ozone/hadoop-ozone/integration-test/target/test-dir/MiniOzoneClusterImpl-55bfc424-622c-4031-8e27-dd7ab017ec7d/datanode-4/data-0/containers/hdds
2023-08-31 18:16:44,153 [EndpointStateMachine task thread for /0.0.0.0:15002 - 0 ] INFO  volume.ThrottledAsyncChecker (ThrottledAsyncChecker.java:schedule(141)) - Scheduling a check for /home/runner/work/ozone/ozone/hadoop-ozone/integration-test/target/test-dir/MiniOzoneClusterImpl-55bfc424-622c-4031-8e27-dd7ab017ec7d/datanode-4/data/ratis
2023-08-31 18:16:44,153 [EndpointStateMachine task thread for /0.0.0.0:15002 - 0 ] INFO  volume.StorageVolumeChecker (StorageVolumeChecker.java:checkAllVolumes(213)) - Scheduled health check for volume /home/runner/work/ozone/ozone/hadoop-ozone/integration-test/target/test-dir/MiniOzoneClusterImpl-55bfc424-622c-4031-8e27-dd7ab017ec7d/datanode-4/data/ratis
2023-08-31 18:16:44,154 [EndpointStateMachine task thread for /0.0.0.0:15002 - 0 ] INFO  ozoneimpl.OzoneContainer (OzoneContainer.java:start(429)) - Attempting to start container services.
2023-08-31 18:16:44,155 [EndpointStateMachine task thread for /0.0.0.0:15002 - 0 ] INFO  ozoneimpl.OzoneContainer (OzoneContainer.java:startContainerScrub(325)) - Scheduled background container scanners and the on-demand container scanner have been disabled.
2023-08-31 18:16:44,156 [EndpointStateMachine task thread for /0.0.0.0:15002 - 0 ] INFO  replication.ReplicationServer (ReplicationServer.java:start(130)) - ReplicationServer is started using port 15052
2023-08-31 18:16:44,156 [EndpointStateMachine task thread for /0.0.0.0:15002 - 0 ] INFO  ratis.XceiverServerRatis (XceiverServerRatis.java:start(517)) - Starting XceiverServerRatis af03fb12-d9eb-460d-bf82-fc984684bc2c
2023-08-31 18:16:44,157 [EndpointStateMachine task thread for /0.0.0.0:15002 - 0 ] INFO  server.RaftServer (RaftServerProxy.java:startImpl(400)) - af03fb12-d9eb-460d-bf82-fc984684bc2c: start RPC server
2023-08-31 18:16:44,164 [EndpointStateMachine task thread for /0.0.0.0:15002 - 0 ] INFO  server.GrpcService (GrpcService.java:startImpl(302)) - af03fb12-d9eb-460d-bf82-fc984684bc2c: GrpcService started, listening on 15048
2023-08-31 18:16:44,167 [EndpointStateMachine task thread for /0.0.0.0:15002 - 0 ] INFO  server.GrpcService (GrpcService.java:startImpl(302)) - af03fb12-d9eb-460d-bf82-fc984684bc2c: GrpcService started, listening on 15050
2023-08-31 18:16:44,176 [EndpointStateMachine task thread for /0.0.0.0:15002 - 0 ] INFO  server.GrpcService (GrpcService.java:startImpl(302)) - af03fb12-d9eb-460d-bf82-fc984684bc2c: GrpcService started, listening on 15049
2023-08-31 18:16:44,177 [EndpointStateMachine task thread for /0.0.0.0:15002 - 0 ] INFO  ratis.XceiverServerRatis (XceiverServerRatis.java:getRealPort(543)) - XceiverServerRatis af03fb12-d9eb-460d-bf82-fc984684bc2c is started using port 15048 for RATIS
2023-08-31 18:16:44,177 [JvmPauseMonitor6] INFO  util.JvmPauseMonitor (JvmPauseMonitor.java:run(103)) - JvmPauseMonitor-af03fb12-d9eb-460d-bf82-fc984684bc2c: Started
2023-08-31 18:16:44,177 [EndpointStateMachine task thread for /0.0.0.0:15002 - 0 ] INFO  ratis.XceiverServerRatis (XceiverServerRatis.java:getRealPort(543)) - XceiverServerRatis af03fb12-d9eb-460d-bf82-fc984684bc2c is started using port 15049 for RATIS_ADMIN
2023-08-31 18:16:44,177 [EndpointStateMachine task thread for /0.0.0.0:15002 - 0 ] INFO  ratis.XceiverServerRatis (XceiverServerRatis.java:getRealPort(543)) - XceiverServerRatis af03fb12-d9eb-460d-bf82-fc984684bc2c is started using port 15050 for RATIS_SERVER
2023-08-31 18:16:44,177 [EndpointStateMachine task thread for /0.0.0.0:15002 - 0 ] INFO  ratis.XceiverServerRatis (XceiverServerRatis.java:getRealPort(543)) - XceiverServerRatis af03fb12-d9eb-460d-bf82-fc984684bc2c is started using port 15051 for RATIS_DATASTREAM
2023-08-31 18:16:44,253 [BlockDeletingService#0] INFO  interfaces.ContainerDeletionChoosingPolicyTemplate (ContainerDeletionChoosingPolicyTemplate.java:chooseContainerForBlockDeletion(85)) - Chosen 0/5000 blocks from 0 candidate containers.
2023-08-31 18:16:44,364 [IPC Server handler 2 on default port 15002] INFO  net.NetworkTopologyImpl (NetworkTopologyImpl.java:add(112)) - Added a new node: /default-rack/02e5811a-aac7-41e1-9b10-ccc4a1a85e2b
2023-08-31 18:16:44,367 [IPC Server handler 2 on default port 15002] INFO  node.SCMNodeManager (SCMNodeManager.java:register(405)) - Registered Data node : 02e5811a-aac7-41e1-9b10-ccc4a1a85e2b{ip: 10.1.0.8, host: fv-az1129-899, ports: [HTTP=15009, CLIENT_RPC=15010, REPLICATION=15016, RATIS=15012, RATIS_ADMIN=15013, RATIS_SERVER=15014, RATIS_DATASTREAM=15015, STANDALONE=15011], networkLocation: /default-rack, certSerialId: null, persistedOpState: null, persistedOpStateExpiryEpochSec: 0}
2023-08-31 18:16:44,386 [EventQueue-NodeRegistrationContainerReportForContainerSafeModeRule] INFO  safemode.SCMSafeModeManager (SCMSafeModeManager.java:validateSafeModeExitRules(200)) - ContainerSafeModeRule rule is successfully validated
2023-08-31 18:16:44,387 [EventQueue-PipelineReportForOneReplicaPipelineSafeModeRule] INFO  safemode.SCMSafeModeManager (SCMSafeModeManager.java:validateSafeModeExitRules(200)) - AtleastOneDatanodeReportedRule rule is successfully validated
2023-08-31 18:16:44,391 [EventQueue-NodeRegistrationContainerReportForDataNodeSafeModeRule] INFO  safemode.SCMSafeModeManager (DataNodeSafeModeRule.java:process(71)) - SCM in safe mode. 1 DataNodes registered, 3 required.
2023-08-31 18:16:44,397 [EventQueue-NewNodeForNewNodeHandler] INFO  pipeline.BackgroundPipelineCreator (BackgroundPipelineCreator.java:notifyEventTriggered(277)) - trigger a one-shot run on RatisPipelineUtilsThread.
2023-08-31 18:16:44,408 [RatisPipelineUtilsThread - 0] INFO  pipeline.RatisPipelineProvider (RatisPipelineProvider.java:lambda$create$0(206)) - Sending CreatePipelineCommand for pipeline:PipelineID=821265b4-3b9e-424b-b601-ffb83b6f05fa to datanode:02e5811a-aac7-41e1-9b10-ccc4a1a85e2b
2023-08-31 18:16:44,421 [RatisPipelineUtilsThread - 0] INFO  pipeline.BackgroundPipelineCreator (BackgroundPipelineCreator.java:createPipelines(233)) - Created new pipeline Pipeline[ Id: 821265b4-3b9e-424b-b601-ffb83b6f05fa, Nodes: 02e5811a-aac7-41e1-9b10-ccc4a1a85e2b(fv-az1129-899/10.1.0.8), ReplicationConfig: RATIS/ONE, State:ALLOCATED, leaderId:, CreationTimestamp2023-08-31T18:16:44.406Z[Etc/UTC]]
2023-08-31 18:16:44,867 [IPC Server handler 1 on default port 15002] INFO  net.NetworkTopologyImpl (NetworkTopologyImpl.java:add(112)) - Added a new node: /default-rack/a52d6cdf-59e1-461e-b8c6-37ccdacf9b29
2023-08-31 18:16:44,867 [IPC Server handler 1 on default port 15002] INFO  node.SCMNodeManager (SCMNodeManager.java:register(405)) - Registered Data node : a52d6cdf-59e1-461e-b8c6-37ccdacf9b29{ip: 10.1.0.8, host: fv-az1129-899, ports: [HTTP=15018, CLIENT_RPC=15019, REPLICATION=15025, RATIS=15021, RATIS_ADMIN=15022, RATIS_SERVER=15023, RATIS_DATASTREAM=15024, STANDALONE=15020], networkLocation: /default-rack, certSerialId: null, persistedOpState: null, persistedOpStateExpiryEpochSec: 0}
2023-08-31 18:16:44,868 [EventQueue-NewNodeForNewNodeHandler] INFO  pipeline.BackgroundPipelineCreator (BackgroundPipelineCreator.java:notifyEventTriggered(277)) - trigger a one-shot run on RatisPipelineUtilsThread.
2023-08-31 18:16:44,868 [EventQueue-NodeRegistrationContainerReportForDataNodeSafeModeRule] INFO  safemode.SCMSafeModeManager (DataNodeSafeModeRule.java:process(71)) - SCM in safe mode. 2 DataNodes registered, 3 required.
2023-08-31 18:16:44,869 [RatisPipelineUtilsThread - 0] INFO  pipeline.RatisPipelineProvider (RatisPipelineProvider.java:lambda$create$0(206)) - Sending CreatePipelineCommand for pipeline:PipelineID=80f61b62-c6ca-41ee-8793-ec8738930162 to datanode:a52d6cdf-59e1-461e-b8c6-37ccdacf9b29
2023-08-31 18:16:44,874 [RatisPipelineUtilsThread - 0] INFO  pipeline.BackgroundPipelineCreator (BackgroundPipelineCreator.java:createPipelines(233)) - Created new pipeline Pipeline[ Id: 80f61b62-c6ca-41ee-8793-ec8738930162, Nodes: a52d6cdf-59e1-461e-b8c6-37ccdacf9b29(fv-az1129-899/10.1.0.8), ReplicationConfig: RATIS/ONE, State:ALLOCATED, leaderId:, CreationTimestamp2023-08-31T18:16:44.869Z[Etc/UTC]]
2023-08-31 18:16:45,081 [main] INFO  ozone.MiniOzoneClusterImpl (MiniOzoneClusterImpl.java:lambda$waitForClusterToBeReady$0(224)) - Waiting for nodes to be ready. Got 2 of 5 DN Heartbeats.
2023-08-31 18:16:45,081 [main] INFO  ozone.MiniOzoneClusterImpl (MiniOzoneClusterImpl.java:lambda$waitForClusterToBeReady$0(227)) - Waiting for cluster to exit safe mode
2023-08-31 18:16:45,081 [main] INFO  ozone.MiniOzoneClusterImpl (MiniOzoneClusterImpl.java:lambda$waitForClusterToBeReady$0(229)) - SCM became leader
2023-08-31 18:16:45,299 [IPC Server handler 2 on default port 15002] INFO  net.NetworkTopologyImpl (NetworkTopologyImpl.java:add(112)) - Added a new node: /default-rack/936500de-6a46-404e-9e6e-74d5223834e1
2023-08-31 18:16:45,300 [IPC Server handler 2 on default port 15002] INFO  node.SCMNodeManager (SCMNodeManager.java:register(405)) - Registered Data node : 936500de-6a46-404e-9e6e-74d5223834e1{ip: 10.1.0.8, host: fv-az1129-899, ports: [HTTP=15027, CLIENT_RPC=15028, REPLICATION=15034, RATIS=15030, RATIS_ADMIN=15031, RATIS_SERVER=15032, RATIS_DATASTREAM=15033, STANDALONE=15029], networkLocation: /default-rack, certSerialId: null, persistedOpState: null, persistedOpStateExpiryEpochSec: 0}
2023-08-31 18:16:45,300 [EventQueue-NewNodeForNewNodeHandler] INFO  pipeline.BackgroundPipelineCreator (BackgroundPipelineCreator.java:notifyEventTriggered(277)) - trigger a one-shot run on RatisPipelineUtilsThread.
2023-08-31 18:16:45,300 [EventQueue-NodeRegistrationContainerReportForDataNodeSafeModeRule] INFO  safemode.SCMSafeModeManager (DataNodeSafeModeRule.java:process(71)) - SCM in safe mode. 3 DataNodes registered, 3 required.
2023-08-31 18:16:45,300 [EventQueue-NodeRegistrationContainerReportForDataNodeSafeModeRule] INFO  safemode.SCMSafeModeManager (SCMSafeModeManager.java:validateSafeModeExitRules(200)) - DataNodeSafeModeRule rule is successfully validated
2023-08-31 18:16:45,300 [RatisPipelineUtilsThread - 0] INFO  pipeline.RatisPipelineProvider (RatisPipelineProvider.java:lambda$create$0(206)) - Sending CreatePipelineCommand for pipeline:PipelineID=3f1092a6-5230-4462-89b4-416b23f882a5 to datanode:936500de-6a46-404e-9e6e-74d5223834e1
2023-08-31 18:16:45,302 [RatisPipelineUtilsThread - 0] INFO  pipeline.BackgroundPipelineCreator (BackgroundPipelineCreator.java:createPipelines(233)) - Created new pipeline Pipeline[ Id: 3f1092a6-5230-4462-89b4-416b23f882a5, Nodes: 936500de-6a46-404e-9e6e-74d5223834e1(fv-az1129-899/10.1.0.8), ReplicationConfig: RATIS/ONE, State:ALLOCATED, leaderId:, CreationTimestamp2023-08-31T18:16:45.300Z[Etc/UTC]]
2023-08-31 18:16:45,300 [EventQueue-NodeRegistrationContainerReportForDataNodeSafeModeRule] INFO  safemode.SCMSafeModeManager (SCMSafeModeManager.java:completePreCheck(229)) - All SCM safe mode pre check rules have passed
2023-08-31 18:16:45,304 [EventQueue-NodeRegistrationContainerReportForDataNodeSafeModeRule] INFO  ha.SCMContext (SCMContext.java:updateSafeModeStatus(228)) - Update SafeModeStatus from SafeModeStatus{safeModeStatus=true, preCheckPassed=false} to SafeModeStatus{safeModeStatus=true, preCheckPassed=true}.
2023-08-31 18:16:45,304 [EventQueue-NodeRegistrationContainerReportForDataNodeSafeModeRule] INFO  pipeline.BackgroundPipelineCreator (BackgroundPipelineCreator.java:notifyEventTriggered(277)) - trigger a one-shot run on RatisPipelineUtilsThread.
2023-08-31 18:16:45,309 [RatisPipelineUtilsThread - 0] INFO  pipeline.RatisPipelineProvider (RatisPipelineProvider.java:lambda$create$0(206)) - Sending CreatePipelineCommand for pipeline:PipelineID=3e8ab7de-8ede-477e-9526-ad24448a8f24 to datanode:936500de-6a46-404e-9e6e-74d5223834e1
2023-08-31 18:16:45,309 [RatisPipelineUtilsThread - 0] INFO  pipeline.RatisPipelineProvider (RatisPipelineProvider.java:lambda$create$0(206)) - Sending CreatePipelineCommand for pipeline:PipelineID=3e8ab7de-8ede-477e-9526-ad24448a8f24 to datanode:a52d6cdf-59e1-461e-b8c6-37ccdacf9b29
2023-08-31 18:16:45,309 [RatisPipelineUtilsThread - 0] INFO  pipeline.RatisPipelineProvider (RatisPipelineProvider.java:lambda$create$0(206)) - Sending CreatePipelineCommand for pipeline:PipelineID=3e8ab7de-8ede-477e-9526-ad24448a8f24 to datanode:02e5811a-aac7-41e1-9b10-ccc4a1a85e2b
2023-08-31 18:16:45,311 [RatisPipelineUtilsThread - 0] INFO  pipeline.BackgroundPipelineCreator (BackgroundPipelineCreator.java:createPipelines(233)) - Created new pipeline Pipeline[ Id: 3e8ab7de-8ede-477e-9526-ad24448a8f24, Nodes: 936500de-6a46-404e-9e6e-74d5223834e1(fv-az1129-899/10.1.0.8)a52d6cdf-59e1-461e-b8c6-37ccdacf9b29(fv-az1129-899/10.1.0.8)02e5811a-aac7-41e1-9b10-ccc4a1a85e2b(fv-az1129-899/10.1.0.8), ReplicationConfig: RATIS/THREE, State:ALLOCATED, leaderId:, CreationTimestamp2023-08-31T18:16:45.309Z[Etc/UTC]]
2023-08-31 18:16:45,312 [RatisPipelineUtilsThread - 0] INFO  pipeline.RatisPipelineProvider (RatisPipelineProvider.java:lambda$create$0(206)) - Sending CreatePipelineCommand for pipeline:PipelineID=a87fd1d9-e5bf-477b-885a-f3fce5b30e34 to datanode:02e5811a-aac7-41e1-9b10-ccc4a1a85e2b
2023-08-31 18:16:45,312 [RatisPipelineUtilsThread - 0] INFO  pipeline.RatisPipelineProvider (RatisPipelineProvider.java:lambda$create$0(206)) - Sending CreatePipelineCommand for pipeline:PipelineID=a87fd1d9-e5bf-477b-885a-f3fce5b30e34 to datanode:a52d6cdf-59e1-461e-b8c6-37ccdacf9b29
2023-08-31 18:16:45,312 [RatisPipelineUtilsThread - 0] INFO  pipeline.RatisPipelineProvider (RatisPipelineProvider.java:lambda$create$0(206)) - Sending CreatePipelineCommand for pipeline:PipelineID=a87fd1d9-e5bf-477b-885a-f3fce5b30e34 to datanode:936500de-6a46-404e-9e6e-74d5223834e1
2023-08-31 18:16:45,314 [RatisPipelineUtilsThread - 0] INFO  pipeline.PipelineManagerImpl (PipelineManagerImpl.java:recordMetricsForPipeline(914)) - Pipeline: PipelineID=a87fd1d9-e5bf-477b-885a-f3fce5b30e34 contains same datanodes as previous pipelines: PipelineID=3e8ab7de-8ede-477e-9526-ad24448a8f24 nodeIds: 02e5811a-aac7-41e1-9b10-ccc4a1a85e2b, a52d6cdf-59e1-461e-b8c6-37ccdacf9b29, 936500de-6a46-404e-9e6e-74d5223834e1
2023-08-31 18:16:45,314 [RatisPipelineUtilsThread - 0] INFO  pipeline.BackgroundPipelineCreator (BackgroundPipelineCreator.java:createPipelines(233)) - Created new pipeline Pipeline[ Id: a87fd1d9-e5bf-477b-885a-f3fce5b30e34, Nodes: 02e5811a-aac7-41e1-9b10-ccc4a1a85e2b(fv-az1129-899/10.1.0.8)a52d6cdf-59e1-461e-b8c6-37ccdacf9b29(fv-az1129-899/10.1.0.8)936500de-6a46-404e-9e6e-74d5223834e1(fv-az1129-899/10.1.0.8), ReplicationConfig: RATIS/THREE, State:ALLOCATED, leaderId:, CreationTimestamp2023-08-31T18:16:45.312Z[Etc/UTC]]
2023-08-31 18:16:45,730 [IPC Server handler 0 on default port 15002] INFO  net.NetworkTopologyImpl (NetworkTopologyImpl.java:add(112)) - Added a new node: /default-rack/31d6a482-7e3d-487d-933c-c96d7f47fcbe
2023-08-31 18:16:45,731 [IPC Server handler 0 on default port 15002] INFO  node.SCMNodeManager (SCMNodeManager.java:register(405)) - Registered Data node : 31d6a482-7e3d-487d-933c-c96d7f47fcbe{ip: 10.1.0.8, host: fv-az1129-899, ports: [HTTP=15036, CLIENT_RPC=15037, REPLICATION=15043, RATIS=15039, RATIS_ADMIN=15040, RATIS_SERVER=15041, RATIS_DATASTREAM=15042, STANDALONE=15038], networkLocation: /default-rack, certSerialId: null, persistedOpState: null, persistedOpStateExpiryEpochSec: 0}
2023-08-31 18:16:45,731 [EventQueue-NewNodeForNewNodeHandler] INFO  pipeline.BackgroundPipelineCreator (BackgroundPipelineCreator.java:notifyEventTriggered(277)) - trigger a one-shot run on RatisPipelineUtilsThread.
2023-08-31 18:16:45,734 [RatisPipelineUtilsThread - 0] INFO  pipeline.RatisPipelineProvider (RatisPipelineProvider.java:lambda$create$0(206)) - Sending CreatePipelineCommand for pipeline:PipelineID=dd90c23d-1b26-4193-b6f6-aa7ad5f51bd0 to datanode:31d6a482-7e3d-487d-933c-c96d7f47fcbe
2023-08-31 18:16:45,738 [RatisPipelineUtilsThread - 0] INFO  pipeline.BackgroundPipelineCreator (BackgroundPipelineCreator.java:createPipelines(233)) - Created new pipeline Pipeline[ Id: dd90c23d-1b26-4193-b6f6-aa7ad5f51bd0, Nodes: 31d6a482-7e3d-487d-933c-c96d7f47fcbe(fv-az1129-899/10.1.0.8), ReplicationConfig: RATIS/ONE, State:ALLOCATED, leaderId:, CreationTimestamp2023-08-31T18:16:45.734Z[Etc/UTC]]
2023-08-31 18:16:46,082 [main] INFO  ozone.MiniOzoneClusterImpl (MiniOzoneClusterImpl.java:lambda$waitForClusterToBeReady$0(224)) - Waiting for nodes to be ready. Got 4 of 5 DN Heartbeats.
2023-08-31 18:16:46,082 [main] INFO  ozone.MiniOzoneClusterImpl (MiniOzoneClusterImpl.java:lambda$waitForClusterToBeReady$0(227)) - Waiting for cluster to exit safe mode
2023-08-31 18:16:46,082 [main] INFO  ozone.MiniOzoneClusterImpl (MiniOzoneClusterImpl.java:lambda$waitForClusterToBeReady$0(229)) - SCM became leader
2023-08-31 18:16:46,096 [IPC Server handler 2 on default port 15002] INFO  net.NetworkTopologyImpl (NetworkTopologyImpl.java:add(112)) - Added a new node: /default-rack/af03fb12-d9eb-460d-bf82-fc984684bc2c
2023-08-31 18:16:46,096 [IPC Server handler 2 on default port 15002] INFO  node.SCMNodeManager (SCMNodeManager.java:register(405)) - Registered Data node : af03fb12-d9eb-460d-bf82-fc984684bc2c{ip: 10.1.0.8, host: fv-az1129-899, ports: [HTTP=15045, CLIENT_RPC=15046, REPLICATION=15052, RATIS=15048, RATIS_ADMIN=15049, RATIS_SERVER=15050, RATIS_DATASTREAM=15051, STANDALONE=15047], networkLocation: /default-rack, certSerialId: null, persistedOpState: null, persistedOpStateExpiryEpochSec: 0}
2023-08-31 18:16:46,098 [EventQueue-NewNodeForNewNodeHandler] INFO  pipeline.BackgroundPipelineCreator (BackgroundPipelineCreator.java:notifyEventTriggered(277)) - trigger a one-shot run on RatisPipelineUtilsThread.
2023-08-31 18:16:46,098 [RatisPipelineUtilsThread - 0] INFO  pipeline.RatisPipelineProvider (RatisPipelineProvider.java:lambda$create$0(206)) - Sending CreatePipelineCommand for pipeline:PipelineID=87b40cae-f573-4bfc-8f34-8473d44464f5 to datanode:af03fb12-d9eb-460d-bf82-fc984684bc2c
2023-08-31 18:16:46,100 [RatisPipelineUtilsThread - 0] INFO  pipeline.BackgroundPipelineCreator (BackgroundPipelineCreator.java:createPipelines(233)) - Created new pipeline Pipeline[ Id: 87b40cae-f573-4bfc-8f34-8473d44464f5, Nodes: af03fb12-d9eb-460d-bf82-fc984684bc2c(fv-az1129-899/10.1.0.8), ReplicationConfig: RATIS/ONE, State:ALLOCATED, leaderId:, CreationTimestamp2023-08-31T18:16:46.098Z[Etc/UTC]]
2023-08-31 18:16:47,082 [main] INFO  ozone.MiniOzoneClusterImpl (MiniOzoneClusterImpl.java:lambda$waitForClusterToBeReady$0(224)) - Nodes are ready. Got 5 of 5 DN Heartbeats.
2023-08-31 18:16:47,083 [main] INFO  ozone.MiniOzoneClusterImpl (MiniOzoneClusterImpl.java:lambda$waitForClusterToBeReady$0(227)) - Waiting for cluster to exit safe mode
2023-08-31 18:16:47,083 [main] INFO  ozone.MiniOzoneClusterImpl (MiniOzoneClusterImpl.java:lambda$waitForClusterToBeReady$0(229)) - SCM became leader
2023-08-31 18:16:47,356 [PipelineCommandHandlerThread-0] INFO  server.RaftServer (RaftServerProxy.java:addNew(98)) - 02e5811a-aac7-41e1-9b10-ccc4a1a85e2b: addNew group-FFB83B6F05FA:[02e5811a-aac7-41e1-9b10-ccc4a1a85e2b|rpc:10.1.0.8:15014|admin:10.1.0.8:15013|client:10.1.0.8:15012|dataStream:10.1.0.8:15015|priority:1|startupRole:FOLLOWER] returns group-FFB83B6F05FA:java.util.concurrent.CompletableFuture@50a3d28f[Not completed]
2023-08-31 18:16:47,369 [02e5811a-aac7-41e1-9b10-ccc4a1a85e2b-groupManagement] INFO  server.RaftServer$Division (RaftServerImpl.java:<init>(198)) - 02e5811a-aac7-41e1-9b10-ccc4a1a85e2b: new RaftServerImpl for group-FFB83B6F05FA:[02e5811a-aac7-41e1-9b10-ccc4a1a85e2b|rpc:10.1.0.8:15014|admin:10.1.0.8:15013|client:10.1.0.8:15012|dataStream:10.1.0.8:15015|priority:1|startupRole:FOLLOWER] with ContainerStateMachine:uninitialized
2023-08-31 18:16:47,369 [02e5811a-aac7-41e1-9b10-ccc4a1a85e2b-groupManagement] INFO  server.RaftServerConfigKeys (ConfUtils.java:logGet(46)) - raft.server.rpc.timeout.min = 5s (custom)
2023-08-31 18:16:47,370 [02e5811a-aac7-41e1-9b10-ccc4a1a85e2b-groupManagement] INFO  server.RaftServerConfigKeys (ConfUtils.java:logGet(46)) - raft.server.rpc.timeout.max = 5200ms (custom)
2023-08-31 18:16:47,370 [02e5811a-aac7-41e1-9b10-ccc4a1a85e2b-groupManagement] INFO  server.RaftServerConfigKeys (ConfUtils.java:logGet(46)) - raft.server.rpc.sleep.time = 25ms (default)
2023-08-31 18:16:47,370 [02e5811a-aac7-41e1-9b10-ccc4a1a85e2b-groupManagement] INFO  server.RaftServerConfigKeys (ConfUtils.java:logGet(46)) - raft.server.rpc.slowness.timeout = 300s (custom)
2023-08-31 18:16:47,370 [02e5811a-aac7-41e1-9b10-ccc4a1a85e2b-groupManagement] INFO  server.RaftServerConfigKeys (ConfUtils.java:logGet(46)) - raft.server.leaderelection.leader.step-down.wait-time = 10s (default)
2023-08-31 18:16:47,370 [02e5811a-aac7-41e1-9b10-ccc4a1a85e2b-groupManagement] INFO  server.RaftServerConfigKeys (ConfUtils.java:logGet(46)) - raft.server.sleep.deviation.threshold = 300ms (default)
2023-08-31 18:16:47,370 [02e5811a-aac7-41e1-9b10-ccc4a1a85e2b-groupManagement] INFO  server.RaftServer$Division (ServerState.java:<init>(120)) - 02e5811a-aac7-41e1-9b10-ccc4a1a85e2b@group-FFB83B6F05FA: ConfigurationManager, init=-1: peers:[02e5811a-aac7-41e1-9b10-ccc4a1a85e2b|rpc:10.1.0.8:15014|admin:10.1.0.8:15013|client:10.1.0.8:15012|dataStream:10.1.0.8:15015|priority:1|startupRole:FOLLOWER]|listeners:[], old=null, confs=<EMPTY_MAP>
2023-08-31 18:16:47,370 [02e5811a-aac7-41e1-9b10-ccc4a1a85e2b-groupManagement] INFO  server.RaftServerConfigKeys (ConfUtils.java:logGet(46)) - raft.server.storage.dir = [/home/runner/work/ozone/ozone/hadoop-ozone/integration-test/target/test-dir/MiniOzoneClusterImpl-55bfc424-622c-4031-8e27-dd7ab017ec7d/datanode-0/data/ratis] (custom)
2023-08-31 18:16:47,371 [02e5811a-aac7-41e1-9b10-ccc4a1a85e2b-groupManagement] INFO  server.RaftServerConfigKeys (ConfUtils.java:logGet(46)) - raft.server.log.corruption.policy = EXCEPTION (default)
2023-08-31 18:16:47,371 [02e5811a-aac7-41e1-9b10-ccc4a1a85e2b-groupManagement] INFO  server.RaftServerConfigKeys (ConfUtils.java:logGet(46)) - raft.server.storage.free-space.min = 0MB (=0) (default)
2023-08-31 18:16:47,371 [02e5811a-aac7-41e1-9b10-ccc4a1a85e2b-groupManagement] INFO  server.RaftServerConfigKeys (ConfUtils.java:logGet(46)) - raft.server.notification.no-leader.timeout = 300s (custom)
2023-08-31 18:16:47,371 [02e5811a-aac7-41e1-9b10-ccc4a1a85e2b-groupManagement] INFO  server.RaftServerConfigKeys (ConfUtils.java:logGet(46)) - raft.server.read.timeout = 10s (default)
2023-08-31 18:16:47,371 [02e5811a-aac7-41e1-9b10-ccc4a1a85e2b-groupManagement] INFO  server.RaftServerConfigKeys (ConfUtils.java:logGet(46)) - raft.server.retrycache.expirytime = 600000ms (custom)
2023-08-31 18:16:47,371 [02e5811a-aac7-41e1-9b10-ccc4a1a85e2b-groupManagement] INFO  server.RaftServerConfigKeys (ConfUtils.java:logGet(46)) - raft.server.retrycache.statistics.expirytime = 100μs (default)
2023-08-31 18:16:47,371 [02e5811a-aac7-41e1-9b10-ccc4a1a85e2b-groupManagement] INFO  server.RaftServerConfigKeys (ConfUtils.java:logGet(46)) - raft.server.read.option = DEFAULT (default)
2023-08-31 18:16:47,375 [02e5811a-aac7-41e1-9b10-ccc4a1a85e2b-groupManagement] INFO  server.RaftServerConfigKeys (ConfUtils.java:logGet(46)) - raft.server.rpc.request.timeout = 60s (custom)
2023-08-31 18:16:47,375 [02e5811a-aac7-41e1-9b10-ccc4a1a85e2b-groupManagement] INFO  server.RaftServerConfigKeys (ConfUtils.java:logGet(46)) - raft.server.log.appender.install.snapshot.enabled = false (custom)
2023-08-31 18:16:47,375 [02e5811a-aac7-41e1-9b10-ccc4a1a85e2b-groupManagement] INFO  server.RaftServerConfigKeys (ConfUtils.java:logGet(46)) - raft.server.threadpool.server.cached = true (default)
2023-08-31 18:16:47,375 [02e5811a-aac7-41e1-9b10-ccc4a1a85e2b-groupManagement] INFO  server.RaftServerConfigKeys (ConfUtils.java:logGet(46)) - raft.server.threadpool.server.size = 0 (default)
2023-08-31 18:16:47,376 [02e5811a-aac7-41e1-9b10-ccc4a1a85e2b-groupManagement] INFO  server.RaftServerConfigKeys (ConfUtils.java:logGet(46)) - raft.server.threadpool.client.cached = true (default)
2023-08-31 18:16:47,376 [02e5811a-aac7-41e1-9b10-ccc4a1a85e2b-groupManagement] INFO  server.RaftServerConfigKeys (ConfUtils.java:logGet(46)) - raft.server.threadpool.client.size = 0 (default)
2023-08-31 18:16:47,376 [02e5811a-aac7-41e1-9b10-ccc4a1a85e2b-groupManagement] INFO  storage.RaftStorageDirectory (RaftStorageDirectoryImpl.java:analyzeStorage(137)) - The storage directory /home/runner/work/ozone/ozone/hadoop-ozone/integration-test/target/test-dir/MiniOzoneClusterImpl-55bfc424-622c-4031-8e27-dd7ab017ec7d/datanode-0/data/ratis/821265b4-3b9e-424b-b601-ffb83b6f05fa does not exist. Creating ...
2023-08-31 18:16:47,380 [02e5811a-aac7-41e1-9b10-ccc4a1a85e2b-groupManagement] INFO  storage.RaftStorageDirectory (RaftStorageDirectoryImpl.java:tryLock(231)) - Lock on /home/runner/work/ozone/ozone/hadoop-ozone/integration-test/target/test-dir/MiniOzoneClusterImpl-55bfc424-622c-4031-8e27-dd7ab017ec7d/datanode-0/data/ratis/821265b4-3b9e-424b-b601-ffb83b6f05fa/in_use.lock acquired by nodename 61743@fv-az1129-899
2023-08-31 18:16:47,382 [02e5811a-aac7-41e1-9b10-ccc4a1a85e2b-groupManagement] INFO  storage.RaftStorage (RaftStorageImpl.java:format(96)) - Storage directory /home/runner/work/ozone/ozone/hadoop-ozone/integration-test/target/test-dir/MiniOzoneClusterImpl-55bfc424-622c-4031-8e27-dd7ab017ec7d/datanode-0/data/ratis/821265b4-3b9e-424b-b601-ffb83b6f05fa has been successfully formatted.
2023-08-31 18:16:47,389 [02e5811a-aac7-41e1-9b10-ccc4a1a85e2b-groupManagement] INFO  ratis.ContainerStateMachine (ContainerStateMachine.java:loadSnapshot(262)) - group-FFB83B6F05FA: The snapshot info is null. Setting the last applied indexto:(t:0, i:~)
2023-08-31 18:16:47,389 [02e5811a-aac7-41e1-9b10-ccc4a1a85e2b-groupManagement] INFO  server.RaftServerConfigKeys (ConfUtils.java:logGet(46)) - raft.server.log.use.memory = false (default)
2023-08-31 18:16:47,389 [02e5811a-aac7-41e1-9b10-ccc4a1a85e2b-groupManagement] INFO  server.RaftServerConfigKeys (ConfUtils.java:logGet(46)) - raft.server.log.purge.gap = 1000000 (custom)
2023-08-31 18:16:47,389 [02e5811a-aac7-41e1-9b10-ccc4a1a85e2b-groupManagement] INFO  server.RaftServerConfigKeys (ConfUtils.java:logGet(46)) - raft.server.log.appender.buffer.byte-limit = 33554432 (custom)
2023-08-31 18:16:47,389 [02e5811a-aac7-41e1-9b10-ccc4a1a85e2b-groupManagement] INFO  server.RaftServerConfigKeys (ConfUtils.java:logGet(46)) - raft.server.log.statemachine.data.read.timeout = 1000ms (default)
2023-08-31 18:16:47,389 [02e5811a-aac7-41e1-9b10-ccc4a1a85e2b-groupManagement] INFO  server.RaftServerConfigKeys (ConfUtils.java:logGet(46)) - raft.server.log.purge.preservation.log.num = 0 (default)
2023-08-31 18:16:47,392 [02e5811a-aac7-41e1-9b10-ccc4a1a85e2b-groupManagement] INFO  server.RaftServerConfigKeys (ConfUtils.java:logGet(46)) - raft.server.log.segment.size.max = 1048576 (custom)
2023-08-31 18:16:47,394 [02e5811a-aac7-41e1-9b10-ccc4a1a85e2b-groupManagement] INFO  server.RaftServerConfigKeys (ConfUtils.java:logGet(46)) - raft.server.log.segment.cache.num.max = 2 (custom)
2023-08-31 18:16:47,394 [02e5811a-aac7-41e1-9b10-ccc4a1a85e2b-groupManagement] INFO  server.RaftServerConfigKeys (ConfUtils.java:logGet(46)) - raft.server.log.segment.cache.size.max = 200MB (=209715200) (default)
2023-08-31 18:16:47,394 [02e5811a-aac7-41e1-9b10-ccc4a1a85e2b-groupManagement] INFO  server.RaftServerConfigKeys (ConfUtils.java:logGet(46)) - raft.server.log.appender.buffer.byte-limit = 33554432 (custom)
2023-08-31 18:16:47,394 [02e5811a-aac7-41e1-9b10-ccc4a1a85e2b-groupManagement] INFO  segmented.SegmentedRaftLogWorker (SegmentedRaftLogWorker.java:<init>(188)) - new 02e5811a-aac7-41e1-9b10-ccc4a1a85e2b@group-FFB83B6F05FA-SegmentedRaftLogWorker for RaftStorageImpl:Storage Directory /home/runner/work/ozone/ozone/hadoop-ozone/integration-test/target/test-dir/MiniOzoneClusterImpl-55bfc424-622c-4031-8e27-dd7ab017ec7d/datanode-0/data/ratis/821265b4-3b9e-424b-b601-ffb83b6f05fa
2023-08-31 18:16:47,394 [02e5811a-aac7-41e1-9b10-ccc4a1a85e2b-groupManagement] INFO  server.RaftServerConfigKeys (ConfUtils.java:logGet(46)) - raft.server.log.queue.byte-limit = 4294967296 (custom)
2023-08-31 18:16:47,394 [02e5811a-aac7-41e1-9b10-ccc4a1a85e2b-groupManagement] INFO  server.RaftServerConfigKeys (ConfUtils.java:logGet(46)) - raft.server.log.queue.element-limit = 1024 (custom)
2023-08-31 18:16:47,394 [02e5811a-aac7-41e1-9b10-ccc4a1a85e2b-groupManagement] INFO  server.RaftServerConfigKeys (ConfUtils.java:logGet(46)) - raft.server.log.segment.size.max = 1048576 (custom)
2023-08-31 18:16:47,395 [02e5811a-aac7-41e1-9b10-ccc4a1a85e2b-groupManagement] INFO  server.RaftServerConfigKeys (ConfUtils.java:logGet(46)) - raft.server.log.preallocated.size = 16384 (custom)
2023-08-31 18:16:47,395 [02e5811a-aac7-41e1-9b10-ccc4a1a85e2b-groupManagement] INFO  server.RaftServerConfigKeys (ConfUtils.java:logGet(46)) - raft.server.log.force.sync.num = 128 (default)
2023-08-31 18:16:47,396 [02e5811a-aac7-41e1-9b10-ccc4a1a85e2b-groupManagement] INFO  server.RaftServerConfigKeys (ConfUtils.java:logGet(46)) - raft.server.log.statemachine.data.sync = true (default)
2023-08-31 18:16:47,396 [02e5811a-aac7-41e1-9b10-ccc4a1a85e2b-groupManagement] INFO  server.RaftServerConfigKeys (ConfUtils.java:logGet(46)) - raft.server.log.statemachine.data.sync.timeout = 10s (default)
2023-08-31 18:16:47,396 [02e5811a-aac7-41e1-9b10-ccc4a1a85e2b-groupManagement] INFO  server.RaftServerConfigKeys (ConfUtils.java:logGet(46)) - raft.server.log.statemachine.data.sync.timeout.retry = -1 (default)
2023-08-31 18:16:47,401 [02e5811a-aac7-41e1-9b10-ccc4a1a85e2b-groupManagement] INFO  server.RaftServerConfigKeys (ConfUtils.java:logGet(46)) - raft.server.log.write.buffer.size = 1048576 (custom)
2023-08-31 18:16:47,402 [02e5811a-aac7-41e1-9b10-ccc4a1a85e2b-groupManagement] INFO  server.RaftServerConfigKeys (ConfUtils.java:logGet(46)) - raft.server.log.appender.buffer.byte-limit = 33554432 (custom)
2023-08-31 18:16:47,413 [02e5811a-aac7-41e1-9b10-ccc4a1a85e2b-groupManagement] INFO  server.RaftServerConfigKeys (ConfUtils.java:logGet(46)) - raft.server.log.unsafe-flush.enabled = false (default)
2023-08-31 18:16:47,413 [02e5811a-aac7-41e1-9b10-ccc4a1a85e2b-groupManagement] INFO  server.RaftServerConfigKeys (ConfUtils.java:logGet(46)) - raft.server.log.async-flush.enabled = false (default)
2023-08-31 18:16:47,413 [02e5811a-aac7-41e1-9b10-ccc4a1a85e2b-groupManagement] INFO  server.RaftServerConfigKeys (ConfUtils.java:logGet(46)) - raft.server.log.statemachine.data.caching.enabled = true (custom)
2023-08-31 18:16:47,414 [02e5811a-aac7-41e1-9b10-ccc4a1a85e2b-groupManagement] INFO  segmented.SegmentedRaftLogWorker (SegmentedRaftLogWorker.java:lambda$new$0(135)) - 02e5811a-aac7-41e1-9b10-ccc4a1a85e2b@group-FFB83B6F05FA-SegmentedRaftLogWorker: flushIndex: setUnconditionally 0 -> -1
2023-08-31 18:16:47,414 [02e5811a-aac7-41e1-9b10-ccc4a1a85e2b-groupManagement] INFO  segmented.SegmentedRaftLogWorker (SegmentedRaftLogWorker.java:lambda$new$0(135)) - 02e5811a-aac7-41e1-9b10-ccc4a1a85e2b@group-FFB83B6F05FA-SegmentedRaftLogWorker: safeCacheEvictIndex: setUnconditionally 0 -> -1
2023-08-31 18:16:47,416 [02e5811a-aac7-41e1-9b10-ccc4a1a85e2b-groupManagement] INFO  server.RaftServer$Division (RaftServerImpl.java:start(342)) - 02e5811a-aac7-41e1-9b10-ccc4a1a85e2b@group-FFB83B6F05FA: start as a follower, conf=-1: peers:[02e5811a-aac7-41e1-9b10-ccc4a1a85e2b|rpc:10.1.0.8:15014|admin:10.1.0.8:15013|client:10.1.0.8:15012|dataStream:10.1.0.8:15015|priority:1|startupRole:FOLLOWER]|listeners:[], old=null
2023-08-31 18:16:47,416 [02e5811a-aac7-41e1-9b10-ccc4a1a85e2b-groupManagement] INFO  server.RaftServer$Division (RaftServerImpl.java:setRole(329)) - 02e5811a-aac7-41e1-9b10-ccc4a1a85e2b@group-FFB83B6F05FA: changes role from      null to FOLLOWER at term 0 for startAsFollower
2023-08-31 18:16:47,416 [02e5811a-aac7-41e1-9b10-ccc4a1a85e2b-groupManagement] INFO  impl.RoleInfo (RoleInfo.java:updateAndGet(139)) - 02e5811a-aac7-41e1-9b10-ccc4a1a85e2b: start 02e5811a-aac7-41e1-9b10-ccc4a1a85e2b@group-FFB83B6F05FA-FollowerState
2023-08-31 18:16:47,420 [EventQueue-PipelineReportForPipelineReportHandler] INFO  pipeline.PipelineReportHandler (PipelineReportHandler.java:processPipelineReport(136)) - Opened pipeline PipelineID=821265b4-3b9e-424b-b601-ffb83b6f05fa
2023-08-31 18:16:47,421 [02e5811a-aac7-41e1-9b10-ccc4a1a85e2b-groupManagement] INFO  util.JmxRegister (JmxRegister.java:tryRegister(44)) - Successfully registered JMX Bean with object name Ratis:service=RaftServer,group=group-FFB83B6F05FA,id=02e5811a-aac7-41e1-9b10-ccc4a1a85e2b
2023-08-31 18:16:47,421 [02e5811a-aac7-41e1-9b10-ccc4a1a85e2b-groupManagement] INFO  server.RaftServerConfigKeys (ConfUtils.java:logGet(46)) - raft.server.snapshot.auto.trigger.enabled = true (custom)
2023-08-31 18:16:47,421 [02e5811a-aac7-41e1-9b10-ccc4a1a85e2b-groupManagement] INFO  server.RaftServerConfigKeys (ConfUtils.java:logGet(46)) - raft.server.snapshot.auto.trigger.threshold = 10000 (custom)
2023-08-31 18:16:47,421 [02e5811a-aac7-41e1-9b10-ccc4a1a85e2b-groupManagement] INFO  server.RaftServerConfigKeys (ConfUtils.java:logGet(46)) - raft.server.snapshot.retention.file.num = 5 (custom)
2023-08-31 18:16:47,421 [02e5811a-aac7-41e1-9b10-ccc4a1a85e2b-groupManagement] INFO  server.RaftServerConfigKeys (ConfUtils.java:logGet(46)) - raft.server.log.purge.upto.snapshot.index = false (default)
2023-08-31 18:16:47,424 [02e5811a-aac7-41e1-9b10-ccc4a1a85e2b@group-FFB83B6F05FA-FollowerState] INFO  server.RaftServerConfigKeys (ConfUtils.java:logFallback(53)) - raft.server.rpc.first-election.timeout.min = 5s (fallback to raft.server.rpc.timeout.min)
2023-08-31 18:16:47,424 [02e5811a-aac7-41e1-9b10-ccc4a1a85e2b@group-FFB83B6F05FA-FollowerState] INFO  server.RaftServerConfigKeys (ConfUtils.java:logFallback(53)) - raft.server.rpc.first-election.timeout.max = 5200ms (fallback to raft.server.rpc.timeout.max)
2023-08-31 18:16:47,424 [EventQueue-OpenPipelineForHealthyPipelineSafeModeRule] INFO  safemode.SCMSafeModeManager (HealthyPipelineSafeModeRule.java:process(137)) - SCM in safe mode. Healthy pipelines reported count is 0, required healthy pipeline reported count is 1
2023-08-31 18:16:47,432 [PipelineCommandHandlerThread-0] INFO  ratis.XceiverServerRatis (XceiverServerRatis.java:addGroup(804)) - Created group PipelineID=821265b4-3b9e-424b-b601-ffb83b6f05fa
2023-08-31 18:16:47,432 [PipelineCommandHandlerThread-0] INFO  commandhandler.CreatePipelineCommandHandler (CreatePipelineCommandHandler.java:lambda$handle$2(124)) - Created Pipeline RATIS ONE PipelineID=821265b4-3b9e-424b-b601-ffb83b6f05fa.
2023-08-31 18:16:47,433 [PipelineCommandHandlerThread-0] INFO  server.RaftServer (RaftServerProxy.java:addNew(98)) - 02e5811a-aac7-41e1-9b10-ccc4a1a85e2b: addNew group-AD24448A8F24:[936500de-6a46-404e-9e6e-74d5223834e1|rpc:10.1.0.8:15032|admin:10.1.0.8:15031|client:10.1.0.8:15030|dataStream:10.1.0.8:15033|priority:1|startupRole:FOLLOWER, a52d6cdf-59e1-461e-b8c6-37ccdacf9b29|rpc:10.1.0.8:15023|admin:10.1.0.8:15022|client:10.1.0.8:15021|dataStream:10.1.0.8:15024|priority:0|startupRole:FOLLOWER, 02e5811a-aac7-41e1-9b10-ccc4a1a85e2b|rpc:10.1.0.8:15014|admin:10.1.0.8:15013|client:10.1.0.8:15012|dataStream:10.1.0.8:15015|priority:0|startupRole:FOLLOWER] returns group-AD24448A8F24:java.util.concurrent.CompletableFuture@6aa1fda4[Not completed]
2023-08-31 18:16:47,434 [02e5811a-aac7-41e1-9b10-ccc4a1a85e2b-groupManagement] INFO  server.RaftServer$Division (RaftServerImpl.java:<init>(198)) - 02e5811a-aac7-41e1-9b10-ccc4a1a85e2b: new RaftServerImpl for group-AD24448A8F24:[936500de-6a46-404e-9e6e-74d5223834e1|rpc:10.1.0.8:15032|admin:10.1.0.8:15031|client:10.1.0.8:15030|dataStream:10.1.0.8:15033|priority:1|startupRole:FOLLOWER, a52d6cdf-59e1-461e-b8c6-37ccdacf9b29|rpc:10.1.0.8:15023|admin:10.1.0.8:15022|client:10.1.0.8:15021|dataStream:10.1.0.8:15024|priority:0|startupRole:FOLLOWER, 02e5811a-aac7-41e1-9b10-ccc4a1a85e2b|rpc:10.1.0.8:15014|admin:10.1.0.8:15013|client:10.1.0.8:15012|dataStream:10.1.0.8:15015|priority:0|startupRole:FOLLOWER] with ContainerStateMachine:uninitialized
2023-08-31 18:16:47,434 [02e5811a-aac7-41e1-9b10-ccc4a1a85e2b-groupManagement] INFO  server.RaftServerConfigKeys (ConfUtils.java:logGet(46)) - raft.server.rpc.timeout.min = 5s (custom)
2023-08-31 18:16:47,434 [02e5811a-aac7-41e1-9b10-ccc4a1a85e2b-groupManagement] INFO  server.RaftServerConfigKeys (ConfUtils.java:logGet(46)) - raft.server.rpc.timeout.max = 5200ms (custom)
2023-08-31 18:16:47,434 [02e5811a-aac7-41e1-9b10-ccc4a1a85e2b-groupManagement] INFO  server.RaftServerConfigKeys (ConfUtils.java:logGet(46)) - raft.server.rpc.sleep.time = 25ms (default)
2023-08-31 18:16:47,435 [02e5811a-aac7-41e1-9b10-ccc4a1a85e2b-groupManagement] INFO  server.RaftServerConfigKeys (ConfUtils.java:logGet(46)) - raft.server.rpc.slowness.timeout = 300s (custom)
2023-08-31 18:16:47,435 [02e5811a-aac7-41e1-9b10-ccc4a1a85e2b-groupManagement] INFO  server.RaftServerConfigKeys (ConfUtils.java:logGet(46)) - raft.server.leaderelection.leader.step-down.wait-time = 10s (default)
2023-08-31 18:16:47,435 [02e5811a-aac7-41e1-9b10-ccc4a1a85e2b-groupManagement] INFO  server.RaftServerConfigKeys (ConfUtils.java:logGet(46)) - raft.server.sleep.deviation.threshold = 300ms (default)
2023-08-31 18:16:47,435 [02e5811a-aac7-41e1-9b10-ccc4a1a85e2b-groupManagement] INFO  server.RaftServer$Division (ServerState.java:<init>(120)) - 02e5811a-aac7-41e1-9b10-ccc4a1a85e2b@group-AD24448A8F24: ConfigurationManager, init=-1: peers:[936500de-6a46-404e-9e6e-74d5223834e1|rpc:10.1.0.8:15032|admin:10.1.0.8:15031|client:10.1.0.8:15030|dataStream:10.1.0.8:15033|priority:1|startupRole:FOLLOWER, a52d6cdf-59e1-461e-b8c6-37ccdacf9b29|rpc:10.1.0.8:15023|admin:10.1.0.8:15022|client:10.1.0.8:15021|dataStream:10.1.0.8:15024|priority:0|startupRole:FOLLOWER, 02e5811a-aac7-41e1-9b10-ccc4a1a85e2b|rpc:10.1.0.8:15014|admin:10.1.0.8:15013|client:10.1.0.8:15012|dataStream:10.1.0.8:15015|priority:0|startupRole:FOLLOWER]|listeners:[], old=null, confs=<EMPTY_MAP>
2023-08-31 18:16:47,435 [02e5811a-aac7-41e1-9b10-ccc4a1a85e2b-groupManagement] INFO  server.RaftServerConfigKeys (ConfUtils.java:logGet(46)) - raft.server.storage.dir = [/home/runner/work/ozone/ozone/hadoop-ozone/integration-test/target/test-dir/MiniOzoneClusterImpl-55bfc424-622c-4031-8e27-dd7ab017ec7d/datanode-0/data/ratis] (custom)
2023-08-31 18:16:47,435 [02e5811a-aac7-41e1-9b10-ccc4a1a85e2b-groupManagement] INFO  server.RaftServerConfigKeys (ConfUtils.java:logGet(46)) - raft.server.log.corruption.policy = EXCEPTION (default)
2023-08-31 18:16:47,435 [02e5811a-aac7-41e1-9b10-ccc4a1a85e2b-groupManagement] INFO  server.RaftServerConfigKeys (ConfUtils.java:logGet(46)) - raft.server.storage.free-space.min = 0MB (=0) (default)
2023-08-31 18:16:47,436 [02e5811a-aac7-41e1-9b10-ccc4a1a85e2b-groupManagement] INFO  server.RaftServerConfigKeys (ConfUtils.java:logGet(46)) - raft.server.notification.no-leader.timeout = 300s (custom)
2023-08-31 18:16:47,436 [02e5811a-aac7-41e1-9b10-ccc4a1a85e2b-groupManagement] INFO  server.RaftServerConfigKeys (ConfUtils.java:logGet(46)) - raft.server.read.timeout = 10s (default)
2023-08-31 18:16:47,436 [02e5811a-aac7-41e1-9b10-ccc4a1a85e2b-groupManagement] INFO  server.RaftServerConfigKeys (ConfUtils.java:logGet(46)) - raft.server.retrycache.expirytime = 600000ms (custom)
2023-08-31 18:16:47,436 [02e5811a-aac7-41e1-9b10-ccc4a1a85e2b-groupManagement] INFO  server.RaftServerConfigKeys (ConfUtils.java:logGet(46)) - raft.server.retrycache.statistics.expirytime = 100μs (default)
2023-08-31 18:16:47,436 [02e5811a-aac7-41e1-9b10-ccc4a1a85e2b-groupManagement] INFO  server.RaftServerConfigKeys (ConfUtils.java:logGet(46)) - raft.server.read.option = DEFAULT (default)
2023-08-31 18:16:47,439 [02e5811a-aac7-41e1-9b10-ccc4a1a85e2b-groupManagement] INFO  server.RaftServerConfigKeys (ConfUtils.java:logGet(46)) - raft.server.rpc.request.timeout = 60s (custom)
2023-08-31 18:16:47,439 [02e5811a-aac7-41e1-9b10-ccc4a1a85e2b-groupManagement] INFO  server.RaftServerConfigKeys (ConfUtils.java:logGet(46)) - raft.server.log.appender.install.snapshot.enabled = false (custom)
2023-08-31 18:16:47,439 [02e5811a-aac7-41e1-9b10-ccc4a1a85e2b-groupManagement] INFO  server.RaftServerConfigKeys (ConfUtils.java:logGet(46)) - raft.server.threadpool.server.cached = true (default)
2023-08-31 18:16:47,439 [02e5811a-aac7-41e1-9b10-ccc4a1a85e2b-groupManagement] INFO  server.RaftServerConfigKeys (ConfUtils.java:logGet(46)) - raft.server.threadpool.server.size = 0 (default)
2023-08-31 18:16:47,439 [02e5811a-aac7-41e1-9b10-ccc4a1a85e2b-groupManagement] INFO  server.RaftServerConfigKeys (ConfUtils.java:logGet(46)) - raft.server.threadpool.client.cached = true (default)
2023-08-31 18:16:47,439 [02e5811a-aac7-41e1-9b10-ccc4a1a85e2b-groupManagement] INFO  server.RaftServerConfigKeys (ConfUtils.java:logGet(46)) - raft.server.threadpool.client.size = 0 (default)
2023-08-31 18:16:47,439 [02e5811a-aac7-41e1-9b10-ccc4a1a85e2b-groupManagement] INFO  storage.RaftStorageDirectory (RaftStorageDirectoryImpl.java:analyzeStorage(137)) - The storage directory /home/runner/work/ozone/ozone/hadoop-ozone/integration-test/target/test-dir/MiniOzoneClusterImpl-55bfc424-622c-4031-8e27-dd7ab017ec7d/datanode-0/data/ratis/3e8ab7de-8ede-477e-9526-ad24448a8f24 does not exist. Creating ...
2023-08-31 18:16:47,441 [02e5811a-aac7-41e1-9b10-ccc4a1a85e2b-groupManagement] INFO  storage.RaftStorageDirectory (RaftStorageDirectoryImpl.java:tryLock(231)) - Lock on /home/runner/work/ozone/ozone/hadoop-ozone/integration-test/target/test-dir/MiniOzoneClusterImpl-55bfc424-622c-4031-8e27-dd7ab017ec7d/datanode-0/data/ratis/3e8ab7de-8ede-477e-9526-ad24448a8f24/in_use.lock acquired by nodename 61743@fv-az1129-899
2023-08-31 18:16:47,443 [02e5811a-aac7-41e1-9b10-ccc4a1a85e2b-groupManagement] INFO  storage.RaftStorage (RaftStorageImpl.java:format(96)) - Storage directory /home/runner/work/ozone/ozone/hadoop-ozone/integration-test/target/test-dir/MiniOzoneClusterImpl-55bfc424-622c-4031-8e27-dd7ab017ec7d/datanode-0/data/ratis/3e8ab7de-8ede-477e-9526-ad24448a8f24 has been successfully formatted.
2023-08-31 18:16:47,444 [02e5811a-aac7-41e1-9b10-ccc4a1a85e2b-groupManagement] INFO  ratis.ContainerStateMachine (ContainerStateMachine.java:loadSnapshot(262)) - group-AD24448A8F24: The snapshot info is null. Setting the last applied indexto:(t:0, i:~)
2023-08-31 18:16:47,444 [02e5811a-aac7-41e1-9b10-ccc4a1a85e2b-groupManagement] INFO  server.RaftServerConfigKeys (ConfUtils.java:logGet(46)) - raft.server.log.use.memory = false (default)
2023-08-31 18:16:47,444 [02e5811a-aac7-41e1-9b10-ccc4a1a85e2b-groupManagement] INFO  server.RaftServerConfigKeys (ConfUtils.java:logGet(46)) - raft.server.log.purge.gap = 1000000 (custom)
2023-08-31 18:16:47,444 [02e5811a-aac7-41e1-9b10-ccc4a1a85e2b-groupManagement] INFO  server.RaftServerConfigKeys (ConfUtils.java:logGet(46)) - raft.server.log.appender.buffer.byte-limit = 33554432 (custom)
2023-08-31 18:16:47,449 [EventQueue-OpenPipelineForHealthyPipelineSafeModeRule] INFO  safemode.SCMSafeModeManager (HealthyPipelineSafeModeRule.java:process(137)) - SCM in safe mode. Healthy pipelines reported count is 0, required healthy pipeline reported count is 1
2023-08-31 18:16:47,453 [02e5811a-aac7-41e1-9b10-ccc4a1a85e2b-groupManagement] INFO  server.RaftServerConfigKeys (ConfUtils.java:logGet(46)) - raft.server.log.statemachine.data.read.timeout = 1000ms (default)
2023-08-31 18:16:47,453 [02e5811a-aac7-41e1-9b10-ccc4a1a85e2b-groupManagement] INFO  server.RaftServerConfigKeys (ConfUtils.java:logGet(46)) - raft.server.log.purge.preservation.log.num = 0 (default)
2023-08-31 18:16:47,455 [02e5811a-aac7-41e1-9b10-ccc4a1a85e2b-groupManagement] INFO  server.RaftServerConfigKeys (ConfUtils.java:logGet(46)) - raft.server.log.segment.size.max = 1048576 (custom)
2023-08-31 18:16:47,457 [02e5811a-aac7-41e1-9b10-ccc4a1a85e2b-groupManagement] INFO  server.RaftServerConfigKeys (ConfUtils.java:logGet(46)) - raft.server.log.segment.cache.num.max = 2 (custom)
2023-08-31 18:16:47,457 [02e5811a-aac7-41e1-9b10-ccc4a1a85e2b-groupManagement] INFO  server.RaftServerConfigKeys (ConfUtils.java:logGet(46)) - raft.server.log.segment.cache.size.max = 200MB (=209715200) (default)
2023-08-31 18:16:47,457 [02e5811a-aac7-41e1-9b10-ccc4a1a85e2b-groupManagement] INFO  server.RaftServerConfigKeys (ConfUtils.java:logGet(46)) - raft.server.log.appender.buffer.byte-limit = 33554432 (custom)
2023-08-31 18:16:47,458 [02e5811a-aac7-41e1-9b10-ccc4a1a85e2b-groupManagement] INFO  segmented.SegmentedRaftLogWorker (SegmentedRaftLogWorker.java:<init>(188)) - new 02e5811a-aac7-41e1-9b10-ccc4a1a85e2b@group-AD24448A8F24-SegmentedRaftLogWorker for RaftStorageImpl:Storage Directory /home/runner/work/ozone/ozone/hadoop-ozone/integration-test/target/test-dir/MiniOzoneClusterImpl-55bfc424-622c-4031-8e27-dd7ab017ec7d/datanode-0/data/ratis/3e8ab7de-8ede-477e-9526-ad24448a8f24
2023-08-31 18:16:47,459 [02e5811a-aac7-41e1-9b10-ccc4a1a85e2b-groupManagement] INFO  server.RaftServerConfigKeys (ConfUtils.java:logGet(46)) - raft.server.log.queue.byte-limit = 4294967296 (custom)
2023-08-31 18:16:47,459 [02e5811a-aac7-41e1-9b10-ccc4a1a85e2b-groupManagement] INFO  server.RaftServerConfigKeys (ConfUtils.java:logGet(46)) - raft.server.log.queue.element-limit = 1024 (custom)
2023-08-31 18:16:47,459 [02e5811a-aac7-41e1-9b10-ccc4a1a85e2b-groupManagement] INFO  server.RaftServerConfigKeys (ConfUtils.java:logGet(46)) - raft.server.log.segment.size.max = 1048576 (custom)
2023-08-31 18:16:47,459 [02e5811a-aac7-41e1-9b10-ccc4a1a85e2b-groupManagement] INFO  server.RaftServerConfigKeys (ConfUtils.java:logGet(46)) - raft.server.log.preallocated.size = 16384 (custom)
2023-08-31 18:16:47,459 [02e5811a-aac7-41e1-9b10-ccc4a1a85e2b-groupManagement] INFO  server.RaftServerConfigKeys (ConfUtils.java:logGet(46)) - raft.server.log.force.sync.num = 128 (default)
2023-08-31 18:16:47,459 [02e5811a-aac7-41e1-9b10-ccc4a1a85e2b-groupManagement] INFO  server.RaftServerConfigKeys (ConfUtils.java:logGet(46)) - raft.server.log.statemachine.data.sync = true (default)
2023-08-31 18:16:47,459 [02e5811a-aac7-41e1-9b10-ccc4a1a85e2b-groupManagement] INFO  server.RaftServerConfigKeys (ConfUtils.java:logGet(46)) - raft.server.log.statemachine.data.sync.timeout = 10s (default)
2023-08-31 18:16:47,459 [02e5811a-aac7-41e1-9b10-ccc4a1a85e2b-groupManagement] INFO  server.RaftServerConfigKeys (ConfUtils.java:logGet(46)) - raft.server.log.statemachine.data.sync.timeout.retry = -1 (default)
2023-08-31 18:16:47,465 [02e5811a-aac7-41e1-9b10-ccc4a1a85e2b-groupManagement] INFO  server.RaftServerConfigKeys (ConfUtils.java:logGet(46)) - raft.server.log.write.buffer.size = 1048576 (custom)
2023-08-31 18:16:47,465 [02e5811a-aac7-41e1-9b10-ccc4a1a85e2b-groupManagement] INFO  server.RaftServerConfigKeys (ConfUtils.java:logGet(46)) - raft.server.log.appender.buffer.byte-limit = 33554432 (custom)
2023-08-31 18:16:47,472 [02e5811a-aac7-41e1-9b10-ccc4a1a85e2b-groupManagement] INFO  server.RaftServerConfigKeys (ConfUtils.java:logGet(46)) - raft.server.log.unsafe-flush.enabled = false (default)
2023-08-31 18:16:47,472 [02e5811a-aac7-41e1-9b10-ccc4a1a85e2b-groupManagement] INFO  server.RaftServerConfigKeys (ConfUtils.java:logGet(46)) - raft.server.log.async-flush.enabled = false (default)
2023-08-31 18:16:47,472 [02e5811a-aac7-41e1-9b10-ccc4a1a85e2b-groupManagement] INFO  server.RaftServerConfigKeys (ConfUtils.java:logGet(46)) - raft.server.log.statemachine.data.caching.enabled = true (custom)
2023-08-31 18:16:47,472 [02e5811a-aac7-41e1-9b10-ccc4a1a85e2b-groupManagement] INFO  segmented.SegmentedRaftLogWorker (SegmentedRaftLogWorker.java:lambda$new$0(135)) - 02e5811a-aac7-41e1-9b10-ccc4a1a85e2b@group-AD24448A8F24-SegmentedRaftLogWorker: flushIndex: setUnconditionally 0 -> -1
2023-08-31 18:16:47,472 [02e5811a-aac7-41e1-9b10-ccc4a1a85e2b-groupManagement] INFO  segmented.SegmentedRaftLogWorker (SegmentedRaftLogWorker.java:lambda$new$0(135)) - 02e5811a-aac7-41e1-9b10-ccc4a1a85e2b@group-AD24448A8F24-SegmentedRaftLogWorker: safeCacheEvictIndex: setUnconditionally 0 -> -1
2023-08-31 18:16:47,473 [02e5811a-aac7-41e1-9b10-ccc4a1a85e2b-groupManagement] INFO  server.RaftServer$Division (RaftServerImpl.java:start(342)) - 02e5811a-aac7-41e1-9b10-ccc4a1a85e2b@group-AD24448A8F24: start as a follower, conf=-1: peers:[936500de-6a46-404e-9e6e-74d5223834e1|rpc:10.1.0.8:15032|admin:10.1.0.8:15031|client:10.1.0.8:15030|dataStream:10.1.0.8:15033|priority:1|startupRole:FOLLOWER, a52d6cdf-59e1-461e-b8c6-37ccdacf9b29|rpc:10.1.0.8:15023|admin:10.1.0.8:15022|client:10.1.0.8:15021|dataStream:10.1.0.8:15024|priority:0|startupRole:FOLLOWER, 02e5811a-aac7-41e1-9b10-ccc4a1a85e2b|rpc:10.1.0.8:15014|admin:10.1.0.8:15013|client:10.1.0.8:15012|dataStream:10.1.0.8:15015|priority:0|startupRole:FOLLOWER]|listeners:[], old=null
2023-08-31 18:16:47,473 [02e5811a-aac7-41e1-9b10-ccc4a1a85e2b-groupManagement] INFO  server.RaftServer$Division (RaftServerImpl.java:setRole(329)) - 02e5811a-aac7-41e1-9b10-ccc4a1a85e2b@group-AD24448A8F24: changes role from      null to FOLLOWER at term 0 for startAsFollower
2023-08-31 18:16:47,473 [02e5811a-aac7-41e1-9b10-ccc4a1a85e2b-groupManagement] INFO  impl.RoleInfo (RoleInfo.java:updateAndGet(139)) - 02e5811a-aac7-41e1-9b10-ccc4a1a85e2b: start 02e5811a-aac7-41e1-9b10-ccc4a1a85e2b@group-AD24448A8F24-FollowerState
2023-08-31 18:16:47,473 [02e5811a-aac7-41e1-9b10-ccc4a1a85e2b@group-AD24448A8F24-FollowerState] INFO  server.RaftServerConfigKeys (ConfUtils.java:logFallback(53)) - raft.server.rpc.first-election.timeout.min = 5s (fallback to raft.server.rpc.timeout.min)
2023-08-31 18:16:47,474 [02e5811a-aac7-41e1-9b10-ccc4a1a85e2b-groupManagement] INFO  util.JmxRegister (JmxRegister.java:tryRegister(44)) - Successfully registered JMX Bean with object name Ratis:service=RaftServer,group=group-AD24448A8F24,id=02e5811a-aac7-41e1-9b10-ccc4a1a85e2b
2023-08-31 18:16:47,474 [02e5811a-aac7-41e1-9b10-ccc4a1a85e2b@group-AD24448A8F24-FollowerState] INFO  server.RaftServerConfigKeys (ConfUtils.java:logFallback(53)) - raft.server.rpc.first-election.timeout.max = 5200ms (fallback to raft.server.rpc.timeout.max)
2023-08-31 18:16:47,475 [02e5811a-aac7-41e1-9b10-ccc4a1a85e2b-groupManagement] INFO  server.RaftServerConfigKeys (ConfUtils.java:logGet(46)) - raft.server.snapshot.auto.trigger.enabled = true (custom)
2023-08-31 18:16:47,475 [02e5811a-aac7-41e1-9b10-ccc4a1a85e2b-groupManagement] INFO  server.RaftServerConfigKeys (ConfUtils.java:logGet(46)) - raft.server.snapshot.auto.trigger.threshold = 10000 (custom)
2023-08-31 18:16:47,475 [02e5811a-aac7-41e1-9b10-ccc4a1a85e2b-groupManagement] INFO  server.RaftServerConfigKeys (ConfUtils.java:logGet(46)) - raft.server.snapshot.retention.file.num = 5 (custom)
2023-08-31 18:16:47,475 [02e5811a-aac7-41e1-9b10-ccc4a1a85e2b-groupManagement] INFO  server.RaftServerConfigKeys (ConfUtils.java:logGet(46)) - raft.server.log.purge.upto.snapshot.index = false (default)
2023-08-31 18:16:47,477 [PipelineCommandHandlerThread-0] INFO  ratis.XceiverServerRatis (XceiverServerRatis.java:addGroup(804)) - Created group PipelineID=3e8ab7de-8ede-477e-9526-ad24448a8f24
2023-08-31 18:16:47,876 [PipelineCommandHandlerThread-0] INFO  server.RaftServer (RaftServerProxy.java:addNew(98)) - a52d6cdf-59e1-461e-b8c6-37ccdacf9b29: addNew group-EC8738930162:[a52d6cdf-59e1-461e-b8c6-37ccdacf9b29|rpc:10.1.0.8:15023|admin:10.1.0.8:15022|client:10.1.0.8:15021|dataStream:10.1.0.8:15024|priority:1|startupRole:FOLLOWER] returns group-EC8738930162:java.util.concurrent.CompletableFuture@27ea10e9[Not completed]
2023-08-31 18:16:47,884 [a52d6cdf-59e1-461e-b8c6-37ccdacf9b29-groupManagement] INFO  server.RaftServer$Division (RaftServerImpl.java:<init>(198)) - a52d6cdf-59e1-461e-b8c6-37ccdacf9b29: new RaftServerImpl for group-EC8738930162:[a52d6cdf-59e1-461e-b8c6-37ccdacf9b29|rpc:10.1.0.8:15023|admin:10.1.0.8:15022|client:10.1.0.8:15021|dataStream:10.1.0.8:15024|priority:1|startupRole:FOLLOWER] with ContainerStateMachine:uninitialized
2023-08-31 18:16:47,887 [a52d6cdf-59e1-461e-b8c6-37ccdacf9b29-groupManagement] INFO  server.RaftServerConfigKeys (ConfUtils.java:logGet(46)) - raft.server.rpc.timeout.min = 5s (custom)
2023-08-31 18:16:47,887 [a52d6cdf-59e1-461e-b8c6-37ccdacf9b29-groupManagement] INFO  server.RaftServerConfigKeys (ConfUtils.java:logGet(46)) - raft.server.rpc.timeout.max = 5200ms (custom)
2023-08-31 18:16:47,887 [a52d6cdf-59e1-461e-b8c6-37ccdacf9b29-groupManagement] INFO  server.RaftServerConfigKeys (ConfUtils.java:logGet(46)) - raft.server.rpc.sleep.time = 25ms (default)
2023-08-31 18:16:47,887 [a52d6cdf-59e1-461e-b8c6-37ccdacf9b29-groupManagement] INFO  server.RaftServerConfigKeys (ConfUtils.java:logGet(46)) - raft.server.rpc.slowness.timeout = 300s (custom)
2023-08-31 18:16:47,887 [a52d6cdf-59e1-461e-b8c6-37ccdacf9b29-groupManagement] INFO  server.RaftServerConfigKeys (ConfUtils.java:logGet(46)) - raft.server.leaderelection.leader.step-down.wait-time = 10s (default)
2023-08-31 18:16:47,887 [a52d6cdf-59e1-461e-b8c6-37ccdacf9b29-groupManagement] INFO  server.RaftServerConfigKeys (ConfUtils.java:logGet(46)) - raft.server.sleep.deviation.threshold = 300ms (default)
2023-08-31 18:16:47,887 [a52d6cdf-59e1-461e-b8c6-37ccdacf9b29-groupManagement] INFO  server.RaftServer$Division (ServerState.java:<init>(120)) - a52d6cdf-59e1-461e-b8c6-37ccdacf9b29@group-EC8738930162: ConfigurationManager, init=-1: peers:[a52d6cdf-59e1-461e-b8c6-37ccdacf9b29|rpc:10.1.0.8:15023|admin:10.1.0.8:15022|client:10.1.0.8:15021|dataStream:10.1.0.8:15024|priority:1|startupRole:FOLLOWER]|listeners:[], old=null, confs=<EMPTY_MAP>
2023-08-31 18:16:47,887 [a52d6cdf-59e1-461e-b8c6-37ccdacf9b29-groupManagement] INFO  server.RaftServerConfigKeys (ConfUtils.java:logGet(46)) - raft.server.storage.dir = [/home/runner/work/ozone/ozone/hadoop-ozone/integration-test/target/test-dir/MiniOzoneClusterImpl-55bfc424-622c-4031-8e27-dd7ab017ec7d/datanode-1/data/ratis] (custom)
2023-08-31 18:16:47,888 [a52d6cdf-59e1-461e-b8c6-37ccdacf9b29-groupManagement] INFO  server.RaftServerConfigKeys (ConfUtils.java:logGet(46)) - raft.server.log.corruption.policy = EXCEPTION (default)
2023-08-31 18:16:47,888 [a52d6cdf-59e1-461e-b8c6-37ccdacf9b29-groupManagement] INFO  server.RaftServerConfigKeys (ConfUtils.java:logGet(46)) - raft.server.storage.free-space.min = 0MB (=0) (default)
2023-08-31 18:16:47,888 [a52d6cdf-59e1-461e-b8c6-37ccdacf9b29-groupManagement] INFO  server.RaftServerConfigKeys (ConfUtils.java:logGet(46)) - raft.server.notification.no-leader.timeout = 300s (custom)
2023-08-31 18:16:47,888 [a52d6cdf-59e1-461e-b8c6-37ccdacf9b29-groupManagement] INFO  server.RaftServerConfigKeys (ConfUtils.java:logGet(46)) - raft.server.read.timeout = 10s (default)
2023-08-31 18:16:47,888 [a52d6cdf-59e1-461e-b8c6-37ccdacf9b29-groupManagement] INFO  server.RaftServerConfigKeys (ConfUtils.java:logGet(46)) - raft.server.retrycache.expirytime = 600000ms (custom)
2023-08-31 18:16:47,888 [a52d6cdf-59e1-461e-b8c6-37ccdacf9b29-groupManagement] INFO  server.RaftServerConfigKeys (ConfUtils.java:logGet(46)) - raft.server.retrycache.statistics.expirytime = 100μs (default)
2023-08-31 18:16:47,888 [a52d6cdf-59e1-461e-b8c6-37ccdacf9b29-groupManagement] INFO  server.RaftServerConfigKeys (ConfUtils.java:logGet(46)) - raft.server.read.option = DEFAULT (default)
2023-08-31 18:16:47,890 [a52d6cdf-59e1-461e-b8c6-37ccdacf9b29-groupManagement] INFO  server.RaftServerConfigKeys (ConfUtils.java:logGet(46)) - raft.server.rpc.request.timeout = 60s (custom)
2023-08-31 18:16:47,891 [a52d6cdf-59e1-461e-b8c6-37ccdacf9b29-groupManagement] INFO  server.RaftServerConfigKeys (ConfUtils.java:logGet(46)) - raft.server.log.appender.install.snapshot.enabled = false (custom)
2023-08-31 18:16:47,891 [a52d6cdf-59e1-461e-b8c6-37ccdacf9b29-groupManagement] INFO  server.RaftServerConfigKeys (ConfUtils.java:logGet(46)) - raft.server.threadpool.server.cached = true (default)
2023-08-31 18:16:47,891 [a52d6cdf-59e1-461e-b8c6-37ccdacf9b29-groupManagement] INFO  server.RaftServerConfigKeys (ConfUtils.java:logGet(46)) - raft.server.threadpool.server.size = 0 (default)
2023-08-31 18:16:47,891 [a52d6cdf-59e1-461e-b8c6-37ccdacf9b29-groupManagement] INFO  server.RaftServerConfigKeys (ConfUtils.java:logGet(46)) - raft.server.threadpool.client.cached = true (default)
2023-08-31 18:16:47,891 [a52d6cdf-59e1-461e-b8c6-37ccdacf9b29-groupManagement] INFO  server.RaftServerConfigKeys (ConfUtils.java:logGet(46)) - raft.server.threadpool.client.size = 0 (default)
2023-08-31 18:16:47,891 [a52d6cdf-59e1-461e-b8c6-37ccdacf9b29-groupManagement] INFO  storage.RaftStorageDirectory (RaftStorageDirectoryImpl.java:analyzeStorage(137)) - The storage directory /home/runner/work/ozone/ozone/hadoop-ozone/integration-test/target/test-dir/MiniOzoneClusterImpl-55bfc424-622c-4031-8e27-dd7ab017ec7d/datanode-1/data/ratis/80f61b62-c6ca-41ee-8793-ec8738930162 does not exist. Creating ...
2023-08-31 18:16:47,894 [a52d6cdf-59e1-461e-b8c6-37ccdacf9b29-groupManagement] INFO  storage.RaftStorageDirectory (RaftStorageDirectoryImpl.java:tryLock(231)) - Lock on /home/runner/work/ozone/ozone/hadoop-ozone/integration-test/target/test-dir/MiniOzoneClusterImpl-55bfc424-622c-4031-8e27-dd7ab017ec7d/datanode-1/data/ratis/80f61b62-c6ca-41ee-8793-ec8738930162/in_use.lock acquired by nodename 61743@fv-az1129-899
2023-08-31 18:16:47,896 [a52d6cdf-59e1-461e-b8c6-37ccdacf9b29-groupManagement] INFO  storage.RaftStorage (RaftStorageImpl.java:format(96)) - Storage directory /home/runner/work/ozone/ozone/hadoop-ozone/integration-test/target/test-dir/MiniOzoneClusterImpl-55bfc424-622c-4031-8e27-dd7ab017ec7d/datanode-1/data/ratis/80f61b62-c6ca-41ee-8793-ec8738930162 has been successfully formatted.
2023-08-31 18:16:47,898 [a52d6cdf-59e1-461e-b8c6-37ccdacf9b29-groupManagement] INFO  ratis.ContainerStateMachine (ContainerStateMachine.java:loadSnapshot(262)) - group-EC8738930162: The snapshot info is null. Setting the last applied indexto:(t:0, i:~)
2023-08-31 18:16:47,898 [a52d6cdf-59e1-461e-b8c6-37ccdacf9b29-groupManagement] INFO  server.RaftServerConfigKeys (ConfUtils.java:logGet(46)) - raft.server.log.use.memory = false (default)
2023-08-31 18:16:47,899 [a52d6cdf-59e1-461e-b8c6-37ccdacf9b29-groupManagement] INFO  server.RaftServerConfigKeys (ConfUtils.java:logGet(46)) - raft.server.log.purge.gap = 1000000 (custom)
2023-08-31 18:16:47,899 [a52d6cdf-59e1-461e-b8c6-37ccdacf9b29-groupManagement] INFO  server.RaftServerConfigKeys (ConfUtils.java:logGet(46)) - raft.server.log.appender.buffer.byte-limit = 33554432 (custom)
2023-08-31 18:16:47,899 [a52d6cdf-59e1-461e-b8c6-37ccdacf9b29-groupManagement] INFO  server.RaftServerConfigKeys (ConfUtils.java:logGet(46)) - raft.server.log.statemachine.data.read.timeout = 1000ms (default)
2023-08-31 18:16:47,899 [a52d6cdf-59e1-461e-b8c6-37ccdacf9b29-groupManagement] INFO  server.RaftServerConfigKeys (ConfUtils.java:logGet(46)) - raft.server.log.purge.preservation.log.num = 0 (default)
2023-08-31 18:16:47,905 [EventQueue-PipelineReportForPipelineReportHandler] INFO  pipeline.PipelineReportHandler (PipelineReportHandler.java:processPipelineReport(136)) - Opened pipeline PipelineID=80f61b62-c6ca-41ee-8793-ec8738930162
2023-08-31 18:16:47,905 [EventQueue-OpenPipelineForHealthyPipelineSafeModeRule] INFO  safemode.SCMSafeModeManager (HealthyPipelineSafeModeRule.java:process(137)) - SCM in safe mode. Healthy pipelines reported count is 0, required healthy pipeline reported count is 1
2023-08-31 18:16:47,911 [a52d6cdf-59e1-461e-b8c6-37ccdacf9b29-groupManagement] INFO  server.RaftServerConfigKeys (ConfUtils.java:logGet(46)) - raft.server.log.segment.size.max = 1048576 (custom)
2023-08-31 18:16:47,912 [a52d6cdf-59e1-461e-b8c6-37ccdacf9b29-groupManagement] INFO  server.RaftServerConfigKeys (ConfUtils.java:logGet(46)) - raft.server.log.segment.cache.num.max = 2 (custom)
2023-08-31 18:16:47,912 [a52d6cdf-59e1-461e-b8c6-37ccdacf9b29-groupManagement] INFO  server.RaftServerConfigKeys (ConfUtils.java:logGet(46)) - raft.server.log.segment.cache.size.max = 200MB (=209715200) (default)
2023-08-31 18:16:47,912 [a52d6cdf-59e1-461e-b8c6-37ccdacf9b29-groupManagement] INFO  server.RaftServerConfigKeys (ConfUtils.java:logGet(46)) - raft.server.log.appender.buffer.byte-limit = 33554432 (custom)
2023-08-31 18:16:47,913 [a52d6cdf-59e1-461e-b8c6-37ccdacf9b29-groupManagement] INFO  segmented.SegmentedRaftLogWorker (SegmentedRaftLogWorker.java:<init>(188)) - new a52d6cdf-59e1-461e-b8c6-37ccdacf9b29@group-EC8738930162-SegmentedRaftLogWorker for RaftStorageImpl:Storage Directory /home/runner/work/ozone/ozone/hadoop-ozone/integration-test/target/test-dir/MiniOzoneClusterImpl-55bfc424-622c-4031-8e27-dd7ab017ec7d/datanode-1/data/ratis/80f61b62-c6ca-41ee-8793-ec8738930162
2023-08-31 18:16:47,913 [a52d6cdf-59e1-461e-b8c6-37ccdacf9b29-groupManagement] INFO  server.RaftServerConfigKeys (ConfUtils.java:logGet(46)) - raft.server.log.queue.byte-limit = 4294967296 (custom)
2023-08-31 18:16:47,913 [a52d6cdf-59e1-461e-b8c6-37ccdacf9b29-groupManagement] INFO  server.RaftServerConfigKeys (ConfUtils.java:logGet(46)) - raft.server.log.queue.element-limit = 1024 (custom)
2023-08-31 18:16:47,914 [a52d6cdf-59e1-461e-b8c6-37ccdacf9b29-groupManagement] INFO  server.RaftServerConfigKeys (ConfUtils.java:logGet(46)) - raft.server.log.segment.size.max = 1048576 (custom)
2023-08-31 18:16:47,914 [a52d6cdf-59e1-461e-b8c6-37ccdacf9b29-groupManagement] INFO  server.RaftServerConfigKeys (ConfUtils.java:logGet(46)) - raft.server.log.preallocated.size = 16384 (custom)
2023-08-31 18:16:47,914 [a52d6cdf-59e1-461e-b8c6-37ccdacf9b29-groupManagement] INFO  server.RaftServerConfigKeys (ConfUtils.java:logGet(46)) - raft.server.log.force.sync.num = 128 (default)
2023-08-31 18:16:47,914 [a52d6cdf-59e1-461e-b8c6-37ccdacf9b29-groupManagement] INFO  server.RaftServerConfigKeys (ConfUtils.java:logGet(46)) - raft.server.log.statemachine.data.sync = true (default)
2023-08-31 18:16:47,914 [a52d6cdf-59e1-461e-b8c6-37ccdacf9b29-groupManagement] INFO  server.RaftServerConfigKeys (ConfUtils.java:logGet(46)) - raft.server.log.statemachine.data.sync.timeout = 10s (default)
2023-08-31 18:16:47,914 [a52d6cdf-59e1-461e-b8c6-37ccdacf9b29-groupManagement] INFO  server.RaftServerConfigKeys (ConfUtils.java:logGet(46)) - raft.server.log.statemachine.data.sync.timeout.retry = -1 (default)
2023-08-31 18:16:47,923 [a52d6cdf-59e1-461e-b8c6-37ccdacf9b29-groupManagement] INFO  server.RaftServerConfigKeys (ConfUtils.java:logGet(46)) - raft.server.log.write.buffer.size = 1048576 (custom)
2023-08-31 18:16:47,924 [a52d6cdf-59e1-461e-b8c6-37ccdacf9b29-groupManagement] INFO  server.RaftServerConfigKeys (ConfUtils.java:logGet(46)) - raft.server.log.appender.buffer.byte-limit = 33554432 (custom)
2023-08-31 18:16:47,931 [a52d6cdf-59e1-461e-b8c6-37ccdacf9b29-groupManagement] INFO  server.RaftServerConfigKeys (ConfUtils.java:logGet(46)) - raft.server.log.unsafe-flush.enabled = false (default)
2023-08-31 18:16:47,931 [a52d6cdf-59e1-461e-b8c6-37ccdacf9b29-groupManagement] INFO  server.RaftServerConfigKeys (ConfUtils.java:logGet(46)) - raft.server.log.async-flush.enabled = false (default)
2023-08-31 18:16:47,931 [a52d6cdf-59e1-461e-b8c6-37ccdacf9b29-groupManagement] INFO  server.RaftServerConfigKeys (ConfUtils.java:logGet(46)) - raft.server.log.statemachine.data.caching.enabled = true (custom)
2023-08-31 18:16:47,931 [a52d6cdf-59e1-461e-b8c6-37ccdacf9b29-groupManagement] INFO  segmented.SegmentedRaftLogWorker (SegmentedRaftLogWorker.java:lambda$new$0(135)) - a52d6cdf-59e1-461e-b8c6-37ccdacf9b29@group-EC8738930162-SegmentedRaftLogWorker: flushIndex: setUnconditionally 0 -> -1
2023-08-31 18:16:47,932 [a52d6cdf-59e1-461e-b8c6-37ccdacf9b29-groupManagement] INFO  segmented.SegmentedRaftLogWorker (SegmentedRaftLogWorker.java:lambda$new$0(135)) - a52d6cdf-59e1-461e-b8c6-37ccdacf9b29@group-EC8738930162-SegmentedRaftLogWorker: safeCacheEvictIndex: setUnconditionally 0 -> -1
2023-08-31 18:16:47,932 [a52d6cdf-59e1-461e-b8c6-37ccdacf9b29-groupManagement] INFO  server.RaftServer$Division (RaftServerImpl.java:start(342)) - a52d6cdf-59e1-461e-b8c6-37ccdacf9b29@group-EC8738930162: start as a follower, conf=-1: peers:[a52d6cdf-59e1-461e-b8c6-37ccdacf9b29|rpc:10.1.0.8:15023|admin:10.1.0.8:15022|client:10.1.0.8:15021|dataStream:10.1.0.8:15024|priority:1|startupRole:FOLLOWER]|listeners:[], old=null
2023-08-31 18:16:47,932 [a52d6cdf-59e1-461e-b8c6-37ccdacf9b29-groupManagement] INFO  server.RaftServer$Division (RaftServerImpl.java:setRole(329)) - a52d6cdf-59e1-461e-b8c6-37ccdacf9b29@group-EC8738930162: changes role from      null to FOLLOWER at term 0 for startAsFollower
2023-08-31 18:16:47,932 [a52d6cdf-59e1-461e-b8c6-37ccdacf9b29-groupManagement] INFO  impl.RoleInfo (RoleInfo.java:updateAndGet(139)) - a52d6cdf-59e1-461e-b8c6-37ccdacf9b29: start a52d6cdf-59e1-461e-b8c6-37ccdacf9b29@group-EC8738930162-FollowerState
2023-08-31 18:16:47,940 [a52d6cdf-59e1-461e-b8c6-37ccdacf9b29@group-EC8738930162-FollowerState] INFO  server.RaftServerConfigKeys (ConfUtils.java:logFallback(53)) - raft.server.rpc.first-election.timeout.min = 5s (fallback to raft.server.rpc.timeout.min)
2023-08-31 18:16:47,940 [a52d6cdf-59e1-461e-b8c6-37ccdacf9b29@group-EC8738930162-FollowerState] INFO  server.RaftServerConfigKeys (ConfUtils.java:logFallback(53)) - raft.server.rpc.first-election.timeout.max = 5200ms (fallback to raft.server.rpc.timeout.max)
2023-08-31 18:16:47,933 [a52d6cdf-59e1-461e-b8c6-37ccdacf9b29-groupManagement] INFO  util.JmxRegister (JmxRegister.java:tryRegister(44)) - Successfully registered JMX Bean with object name Ratis:service=RaftServer,group=group-EC8738930162,id=a52d6cdf-59e1-461e-b8c6-37ccdacf9b29
2023-08-31 18:16:47,941 [a52d6cdf-59e1-461e-b8c6-37ccdacf9b29-groupManagement] INFO  server.RaftServerConfigKeys (ConfUtils.java:logGet(46)) - raft.server.snapshot.auto.trigger.enabled = true (custom)
2023-08-31 18:16:47,941 [a52d6cdf-59e1-461e-b8c6-37ccdacf9b29-groupManagement] INFO  server.RaftServerConfigKeys (ConfUtils.java:logGet(46)) - raft.server.snapshot.auto.trigger.threshold = 10000 (custom)
2023-08-31 18:16:47,941 [a52d6cdf-59e1-461e-b8c6-37ccdacf9b29-groupManagement] INFO  server.RaftServerConfigKeys (ConfUtils.java:logGet(46)) - raft.server.snapshot.retention.file.num = 5 (custom)
2023-08-31 18:16:47,941 [a52d6cdf-59e1-461e-b8c6-37ccdacf9b29-groupManagement] INFO  server.RaftServerConfigKeys (ConfUtils.java:logGet(46)) - raft.server.log.purge.upto.snapshot.index = false (default)
2023-08-31 18:16:47,945 [PipelineCommandHandlerThread-0] INFO  ratis.XceiverServerRatis (XceiverServerRatis.java:addGroup(804)) - Created group PipelineID=80f61b62-c6ca-41ee-8793-ec8738930162
2023-08-31 18:16:47,945 [PipelineCommandHandlerThread-0] INFO  commandhandler.CreatePipelineCommandHandler (CreatePipelineCommandHandler.java:lambda$handle$2(124)) - Created Pipeline RATIS ONE PipelineID=80f61b62-c6ca-41ee-8793-ec8738930162.
2023-08-31 18:16:47,947 [PipelineCommandHandlerThread-0] INFO  server.RaftServer (RaftServerProxy.java:addNew(98)) - a52d6cdf-59e1-461e-b8c6-37ccdacf9b29: addNew group-AD24448A8F24:[936500de-6a46-404e-9e6e-74d5223834e1|rpc:10.1.0.8:15032|admin:10.1.0.8:15031|client:10.1.0.8:15030|dataStream:10.1.0.8:15033|priority:1|startupRole:FOLLOWER, a52d6cdf-59e1-461e-b8c6-37ccdacf9b29|rpc:10.1.0.8:15023|admin:10.1.0.8:15022|client:10.1.0.8:15021|dataStream:10.1.0.8:15024|priority:0|startupRole:FOLLOWER, 02e5811a-aac7-41e1-9b10-ccc4a1a85e2b|rpc:10.1.0.8:15014|admin:10.1.0.8:15013|client:10.1.0.8:15012|dataStream:10.1.0.8:15015|priority:0|startupRole:FOLLOWER] returns group-AD24448A8F24:java.util.concurrent.CompletableFuture@23d580cc[Not completed]
2023-08-31 18:16:47,949 [a52d6cdf-59e1-461e-b8c6-37ccdacf9b29-groupManagement] INFO  server.RaftServer$Division (RaftServerImpl.java:<init>(198)) - a52d6cdf-59e1-461e-b8c6-37ccdacf9b29: new RaftServerImpl for group-AD24448A8F24:[936500de-6a46-404e-9e6e-74d5223834e1|rpc:10.1.0.8:15032|admin:10.1.0.8:15031|client:10.1.0.8:15030|dataStream:10.1.0.8:15033|priority:1|startupRole:FOLLOWER, a52d6cdf-59e1-461e-b8c6-37ccdacf9b29|rpc:10.1.0.8:15023|admin:10.1.0.8:15022|client:10.1.0.8:15021|dataStream:10.1.0.8:15024|priority:0|startupRole:FOLLOWER, 02e5811a-aac7-41e1-9b10-ccc4a1a85e2b|rpc:10.1.0.8:15014|admin:10.1.0.8:15013|client:10.1.0.8:15012|dataStream:10.1.0.8:15015|priority:0|startupRole:FOLLOWER] with ContainerStateMachine:uninitialized
2023-08-31 18:16:47,949 [a52d6cdf-59e1-461e-b8c6-37ccdacf9b29-groupManagement] INFO  server.RaftServerConfigKeys (ConfUtils.java:logGet(46)) - raft.server.rpc.timeout.min = 5s (custom)
2023-08-31 18:16:47,949 [a52d6cdf-59e1-461e-b8c6-37ccdacf9b29-groupManagement] INFO  server.RaftServerConfigKeys (ConfUtils.java:logGet(46)) - raft.server.rpc.timeout.max = 5200ms (custom)
2023-08-31 18:16:47,949 [a52d6cdf-59e1-461e-b8c6-37ccdacf9b29-groupManagement] INFO  server.RaftServerConfigKeys (ConfUtils.java:logGet(46)) - raft.server.rpc.sleep.time = 25ms (default)
2023-08-31 18:16:47,949 [a52d6cdf-59e1-461e-b8c6-37ccdacf9b29-groupManagement] INFO  server.RaftServerConfigKeys (ConfUtils.java:logGet(46)) - raft.server.rpc.slowness.timeout = 300s (custom)
2023-08-31 18:16:47,949 [a52d6cdf-59e1-461e-b8c6-37ccdacf9b29-groupManagement] INFO  server.RaftServerConfigKeys (ConfUtils.java:logGet(46)) - raft.server.leaderelection.leader.step-down.wait-time = 10s (default)
2023-08-31 18:16:47,949 [a52d6cdf-59e1-461e-b8c6-37ccdacf9b29-groupManagement] INFO  server.RaftServerConfigKeys (ConfUtils.java:logGet(46)) - raft.server.sleep.deviation.threshold = 300ms (default)
2023-08-31 18:16:47,950 [a52d6cdf-59e1-461e-b8c6-37ccdacf9b29-groupManagement] INFO  server.RaftServer$Division (ServerState.java:<init>(120)) - a52d6cdf-59e1-461e-b8c6-37ccdacf9b29@group-AD24448A8F24: ConfigurationManager, init=-1: peers:[936500de-6a46-404e-9e6e-74d5223834e1|rpc:10.1.0.8:15032|admin:10.1.0.8:15031|client:10.1.0.8:15030|dataStream:10.1.0.8:15033|priority:1|startupRole:FOLLOWER, a52d6cdf-59e1-461e-b8c6-37ccdacf9b29|rpc:10.1.0.8:15023|admin:10.1.0.8:15022|client:10.1.0.8:15021|dataStream:10.1.0.8:15024|priority:0|startupRole:FOLLOWER, 02e5811a-aac7-41e1-9b10-ccc4a1a85e2b|rpc:10.1.0.8:15014|admin:10.1.0.8:15013|client:10.1.0.8:15012|dataStream:10.1.0.8:15015|priority:0|startupRole:FOLLOWER]|listeners:[], old=null, confs=<EMPTY_MAP>
2023-08-31 18:16:47,950 [a52d6cdf-59e1-461e-b8c6-37ccdacf9b29-groupManagement] INFO  server.RaftServerConfigKeys (ConfUtils.java:logGet(46)) - raft.server.storage.dir = [/home/runner/work/ozone/ozone/hadoop-ozone/integration-test/target/test-dir/MiniOzoneClusterImpl-55bfc424-622c-4031-8e27-dd7ab017ec7d/datanode-1/data/ratis] (custom)
2023-08-31 18:16:47,950 [a52d6cdf-59e1-461e-b8c6-37ccdacf9b29-groupManagement] INFO  server.RaftServerConfigKeys (ConfUtils.java:logGet(46)) - raft.server.log.corruption.policy = EXCEPTION (default)
2023-08-31 18:16:47,950 [a52d6cdf-59e1-461e-b8c6-37ccdacf9b29-groupManagement] INFO  server.RaftServerConfigKeys (ConfUtils.java:logGet(46)) - raft.server.storage.free-space.min = 0MB (=0) (default)
2023-08-31 18:16:47,951 [a52d6cdf-59e1-461e-b8c6-37ccdacf9b29-groupManagement] INFO  server.RaftServerConfigKeys (ConfUtils.java:logGet(46)) - raft.server.notification.no-leader.timeout = 300s (custom)
2023-08-31 18:16:47,951 [a52d6cdf-59e1-461e-b8c6-37ccdacf9b29-groupManagement] INFO  server.RaftServerConfigKeys (ConfUtils.java:logGet(46)) - raft.server.read.timeout = 10s (default)
2023-08-31 18:16:47,951 [a52d6cdf-59e1-461e-b8c6-37ccdacf9b29-groupManagement] INFO  server.RaftServerConfigKeys (ConfUtils.java:logGet(46)) - raft.server.retrycache.expirytime = 600000ms (custom)
2023-08-31 18:16:47,951 [a52d6cdf-59e1-461e-b8c6-37ccdacf9b29-groupManagement] INFO  server.RaftServerConfigKeys (ConfUtils.java:logGet(46)) - raft.server.retrycache.statistics.expirytime = 100μs (default)
2023-08-31 18:16:47,951 [a52d6cdf-59e1-461e-b8c6-37ccdacf9b29-groupManagement] INFO  server.RaftServerConfigKeys (ConfUtils.java:logGet(46)) - raft.server.read.option = DEFAULT (default)
2023-08-31 18:16:47,953 [a52d6cdf-59e1-461e-b8c6-37ccdacf9b29-groupManagement] INFO  server.RaftServerConfigKeys (ConfUtils.java:logGet(46)) - raft.server.rpc.request.timeout = 60s (custom)
2023-08-31 18:16:47,953 [a52d6cdf-59e1-461e-b8c6-37ccdacf9b29-groupManagement] INFO  server.RaftServerConfigKeys (ConfUtils.java:logGet(46)) - raft.server.log.appender.install.snapshot.enabled = false (custom)
2023-08-31 18:16:47,953 [a52d6cdf-59e1-461e-b8c6-37ccdacf9b29-groupManagement] INFO  server.RaftServerConfigKeys (ConfUtils.java:logGet(46)) - raft.server.threadpool.server.cached = true (default)
2023-08-31 18:16:47,953 [a52d6cdf-59e1-461e-b8c6-37ccdacf9b29-groupManagement] INFO  server.RaftServerConfigKeys (ConfUtils.java:logGet(46)) - raft.server.threadpool.server.size = 0 (default)
2023-08-31 18:16:47,953 [a52d6cdf-59e1-461e-b8c6-37ccdacf9b29-groupManagement] INFO  server.RaftServerConfigKeys (ConfUtils.java:logGet(46)) - raft.server.threadpool.client.cached = true (default)
2023-08-31 18:16:47,953 [a52d6cdf-59e1-461e-b8c6-37ccdacf9b29-groupManagement] INFO  server.RaftServerConfigKeys (ConfUtils.java:logGet(46)) - raft.server.threadpool.client.size = 0 (default)
2023-08-31 18:16:47,954 [a52d6cdf-59e1-461e-b8c6-37ccdacf9b29-groupManagement] INFO  storage.RaftStorageDirectory (RaftStorageDirectoryImpl.java:analyzeStorage(137)) - The storage directory /home/runner/work/ozone/ozone/hadoop-ozone/integration-test/target/test-dir/MiniOzoneClusterImpl-55bfc424-622c-4031-8e27-dd7ab017ec7d/datanode-1/data/ratis/3e8ab7de-8ede-477e-9526-ad24448a8f24 does not exist. Creating ...
2023-08-31 18:16:47,968 [a52d6cdf-59e1-461e-b8c6-37ccdacf9b29-groupManagement] INFO  storage.RaftStorageDirectory (RaftStorageDirectoryImpl.java:tryLock(231)) - Lock on /home/runner/work/ozone/ozone/hadoop-ozone/integration-test/target/test-dir/MiniOzoneClusterImpl-55bfc424-622c-4031-8e27-dd7ab017ec7d/datanode-1/data/ratis/3e8ab7de-8ede-477e-9526-ad24448a8f24/in_use.lock acquired by nodename 61743@fv-az1129-899
2023-08-31 18:16:47,971 [a52d6cdf-59e1-461e-b8c6-37ccdacf9b29-groupManagement] INFO  storage.RaftStorage (RaftStorageImpl.java:format(96)) - Storage directory /home/runner/work/ozone/ozone/hadoop-ozone/integration-test/target/test-dir/MiniOzoneClusterImpl-55bfc424-622c-4031-8e27-dd7ab017ec7d/datanode-1/data/ratis/3e8ab7de-8ede-477e-9526-ad24448a8f24 has been successfully formatted.
2023-08-31 18:16:47,975 [EventQueue-OpenPipelineForHealthyPipelineSafeModeRule] INFO  safemode.SCMSafeModeManager (HealthyPipelineSafeModeRule.java:process(137)) - SCM in safe mode. Healthy pipelines reported count is 0, required healthy pipeline reported count is 1
2023-08-31 18:16:47,975 [a52d6cdf-59e1-461e-b8c6-37ccdacf9b29-groupManagement] INFO  ratis.ContainerStateMachine (ContainerStateMachine.java:loadSnapshot(262)) - group-AD24448A8F24: The snapshot info is null. Setting the last applied indexto:(t:0, i:~)
2023-08-31 18:16:47,976 [a52d6cdf-59e1-461e-b8c6-37ccdacf9b29-groupManagement] INFO  server.RaftServerConfigKeys (ConfUtils.java:logGet(46)) - raft.server.log.use.memory = false (default)
2023-08-31 18:16:47,976 [a52d6cdf-59e1-461e-b8c6-37ccdacf9b29-groupManagement] INFO  server.RaftServerConfigKeys (ConfUtils.java:logGet(46)) - raft.server.log.purge.gap = 1000000 (custom)
2023-08-31 18:16:47,976 [a52d6cdf-59e1-461e-b8c6-37ccdacf9b29-groupManagement] INFO  server.RaftServerConfigKeys (ConfUtils.java:logGet(46)) - raft.server.log.appender.buffer.byte-limit = 33554432 (custom)
2023-08-31 18:16:47,976 [a52d6cdf-59e1-461e-b8c6-37ccdacf9b29-groupManagement] INFO  server.RaftServerConfigKeys (ConfUtils.java:logGet(46)) - raft.server.log.statemachine.data.read.timeout = 1000ms (default)
2023-08-31 18:16:47,976 [a52d6cdf-59e1-461e-b8c6-37ccdacf9b29-groupManagement] INFO  server.RaftServerConfigKeys (ConfUtils.java:logGet(46)) - raft.server.log.purge.preservation.log.num = 0 (default)
2023-08-31 18:16:47,976 [a52d6cdf-59e1-461e-b8c6-37ccdacf9b29-groupManagement] INFO  server.RaftServerConfigKeys (ConfUtils.java:logGet(46)) - raft.server.log.segment.size.max = 1048576 (custom)
2023-08-31 18:16:47,977 [a52d6cdf-59e1-461e-b8c6-37ccdacf9b29-groupManagement] INFO  server.RaftServerConfigKeys (ConfUtils.java:logGet(46)) - raft.server.log.segment.cache.num.max = 2 (custom)
2023-08-31 18:16:47,977 [a52d6cdf-59e1-461e-b8c6-37ccdacf9b29-groupManagement] INFO  server.RaftServerConfigKeys (ConfUtils.java:logGet(46)) - raft.server.log.segment.cache.size.max = 200MB (=209715200) (default)
2023-08-31 18:16:47,977 [a52d6cdf-59e1-461e-b8c6-37ccdacf9b29-groupManagement] INFO  server.RaftServerConfigKeys (ConfUtils.java:logGet(46)) - raft.server.log.appender.buffer.byte-limit = 33554432 (custom)
2023-08-31 18:16:47,977 [a52d6cdf-59e1-461e-b8c6-37ccdacf9b29-groupManagement] INFO  segmented.SegmentedRaftLogWorker (SegmentedRaftLogWorker.java:<init>(188)) - new a52d6cdf-59e1-461e-b8c6-37ccdacf9b29@group-AD24448A8F24-SegmentedRaftLogWorker for RaftStorageImpl:Storage Directory /home/runner/work/ozone/ozone/hadoop-ozone/integration-test/target/test-dir/MiniOzoneClusterImpl-55bfc424-622c-4031-8e27-dd7ab017ec7d/datanode-1/data/ratis/3e8ab7de-8ede-477e-9526-ad24448a8f24
2023-08-31 18:16:47,978 [a52d6cdf-59e1-461e-b8c6-37ccdacf9b29-groupManagement] INFO  server.RaftServerConfigKeys (ConfUtils.java:logGet(46)) - raft.server.log.queue.byte-limit = 4294967296 (custom)
2023-08-31 18:16:47,978 [a52d6cdf-59e1-461e-b8c6-37ccdacf9b29-groupManagement] INFO  server.RaftServerConfigKeys (ConfUtils.java:logGet(46)) - raft.server.log.queue.element-limit = 1024 (custom)
2023-08-31 18:16:47,978 [a52d6cdf-59e1-461e-b8c6-37ccdacf9b29-groupManagement] INFO  server.RaftServerConfigKeys (ConfUtils.java:logGet(46)) - raft.server.log.segment.size.max = 1048576 (custom)
2023-08-31 18:16:47,978 [a52d6cdf-59e1-461e-b8c6-37ccdacf9b29-groupManagement] INFO  server.RaftServerConfigKeys (ConfUtils.java:logGet(46)) - raft.server.log.preallocated.size = 16384 (custom)
2023-08-31 18:16:47,978 [a52d6cdf-59e1-461e-b8c6-37ccdacf9b29-groupManagement] INFO  server.RaftServerConfigKeys (ConfUtils.java:logGet(46)) - raft.server.log.force.sync.num = 128 (default)
2023-08-31 18:16:47,978 [a52d6cdf-59e1-461e-b8c6-37ccdacf9b29-groupManagement] INFO  server.RaftServerConfigKeys (ConfUtils.java:logGet(46)) - raft.server.log.statemachine.data.sync = true (default)
2023-08-31 18:16:47,978 [a52d6cdf-59e1-461e-b8c6-37ccdacf9b29-groupManagement] INFO  server.RaftServerConfigKeys (ConfUtils.java:logGet(46)) - raft.server.log.statemachine.data.sync.timeout = 10s (default)
2023-08-31 18:16:47,978 [a52d6cdf-59e1-461e-b8c6-37ccdacf9b29-groupManagement] INFO  server.RaftServerConfigKeys (ConfUtils.java:logGet(46)) - raft.server.log.statemachine.data.sync.timeout.retry = -1 (default)
2023-08-31 18:16:47,979 [a52d6cdf-59e1-461e-b8c6-37ccdacf9b29-groupManagement] INFO  server.RaftServerConfigKeys (ConfUtils.java:logGet(46)) - raft.server.log.write.buffer.size = 1048576 (custom)
2023-08-31 18:16:47,988 [a52d6cdf-59e1-461e-b8c6-37ccdacf9b29-groupManagement] INFO  server.RaftServerConfigKeys (ConfUtils.java:logGet(46)) - raft.server.log.appender.buffer.byte-limit = 33554432 (custom)
2023-08-31 18:16:47,996 [grpc-default-executor-0] INFO  server.RaftServer (RaftServerProxy.java:addNew(98)) - 936500de-6a46-404e-9e6e-74d5223834e1: addNew group-AD24448A8F24:[936500de-6a46-404e-9e6e-74d5223834e1|rpc:10.1.0.8:15032|admin:10.1.0.8:15031|client:10.1.0.8:15030|dataStream:10.1.0.8:15033|priority:1|startupRole:FOLLOWER, a52d6cdf-59e1-461e-b8c6-37ccdacf9b29|rpc:10.1.0.8:15023|admin:10.1.0.8:15022|client:10.1.0.8:15021|dataStream:10.1.0.8:15024|priority:0|startupRole:FOLLOWER, 02e5811a-aac7-41e1-9b10-ccc4a1a85e2b|rpc:10.1.0.8:15014|admin:10.1.0.8:15013|client:10.1.0.8:15012|dataStream:10.1.0.8:15015|priority:0|startupRole:FOLLOWER] returns group-AD24448A8F24:java.util.concurrent.CompletableFuture@24aba14[Not completed]
2023-08-31 18:16:47,999 [a52d6cdf-59e1-461e-b8c6-37ccdacf9b29-groupManagement] INFO  server.RaftServerConfigKeys (ConfUtils.java:logGet(46)) - raft.server.log.unsafe-flush.enabled = false (default)
2023-08-31 18:16:47,999 [a52d6cdf-59e1-461e-b8c6-37ccdacf9b29-groupManagement] INFO  server.RaftServerConfigKeys (ConfUtils.java:logGet(46)) - raft.server.log.async-flush.enabled = false (default)
2023-08-31 18:16:47,999 [a52d6cdf-59e1-461e-b8c6-37ccdacf9b29-groupManagement] INFO  server.RaftServerConfigKeys (ConfUtils.java:logGet(46)) - raft.server.log.statemachine.data.caching.enabled = true (custom)
2023-08-31 18:16:48,000 [a52d6cdf-59e1-461e-b8c6-37ccdacf9b29-groupManagement] INFO  segmented.SegmentedRaftLogWorker (SegmentedRaftLogWorker.java:lambda$new$0(135)) - a52d6cdf-59e1-461e-b8c6-37ccdacf9b29@group-AD24448A8F24-SegmentedRaftLogWorker: flushIndex: setUnconditionally 0 -> -1
2023-08-31 18:16:48,000 [a52d6cdf-59e1-461e-b8c6-37ccdacf9b29-groupManagement] INFO  segmented.SegmentedRaftLogWorker (SegmentedRaftLogWorker.java:lambda$new$0(135)) - a52d6cdf-59e1-461e-b8c6-37ccdacf9b29@group-AD24448A8F24-SegmentedRaftLogWorker: safeCacheEvictIndex: setUnconditionally 0 -> -1
2023-08-31 18:16:48,000 [a52d6cdf-59e1-461e-b8c6-37ccdacf9b29-groupManagement] INFO  server.RaftServer$Division (RaftServerImpl.java:start(342)) - a52d6cdf-59e1-461e-b8c6-37ccdacf9b29@group-AD24448A8F24: start as a follower, conf=-1: peers:[936500de-6a46-404e-9e6e-74d5223834e1|rpc:10.1.0.8:15032|admin:10.1.0.8:15031|client:10.1.0.8:15030|dataStream:10.1.0.8:15033|priority:1|startupRole:FOLLOWER, a52d6cdf-59e1-461e-b8c6-37ccdacf9b29|rpc:10.1.0.8:15023|admin:10.1.0.8:15022|client:10.1.0.8:15021|dataStream:10.1.0.8:15024|priority:0|startupRole:FOLLOWER, 02e5811a-aac7-41e1-9b10-ccc4a1a85e2b|rpc:10.1.0.8:15014|admin:10.1.0.8:15013|client:10.1.0.8:15012|dataStream:10.1.0.8:15015|priority:0|startupRole:FOLLOWER]|listeners:[], old=null
2023-08-31 18:16:48,000 [a52d6cdf-59e1-461e-b8c6-37ccdacf9b29-groupManagement] INFO  server.RaftServer$Division (RaftServerImpl.java:setRole(329)) - a52d6cdf-59e1-461e-b8c6-37ccdacf9b29@group-AD24448A8F24: changes role from      null to FOLLOWER at term 0 for startAsFollower
2023-08-31 18:16:48,000 [a52d6cdf-59e1-461e-b8c6-37ccdacf9b29-groupManagement] INFO  impl.RoleInfo (RoleInfo.java:updateAndGet(139)) - a52d6cdf-59e1-461e-b8c6-37ccdacf9b29: start a52d6cdf-59e1-461e-b8c6-37ccdacf9b29@group-AD24448A8F24-FollowerState
2023-08-31 18:16:48,001 [a52d6cdf-59e1-461e-b8c6-37ccdacf9b29-groupManagement] INFO  util.JmxRegister (JmxRegister.java:tryRegister(44)) - Successfully registered JMX Bean with object name Ratis:service=RaftServer,group=group-AD24448A8F24,id=a52d6cdf-59e1-461e-b8c6-37ccdacf9b29
2023-08-31 18:16:48,001 [a52d6cdf-59e1-461e-b8c6-37ccdacf9b29-groupManagement] INFO  server.RaftServerConfigKeys (ConfUtils.java:logGet(46)) - raft.server.snapshot.auto.trigger.enabled = true (custom)
2023-08-31 18:16:48,001 [a52d6cdf-59e1-461e-b8c6-37ccdacf9b29-groupManagement] INFO  server.RaftServerConfigKeys (ConfUtils.java:logGet(46)) - raft.server.snapshot.auto.trigger.threshold = 10000 (custom)
2023-08-31 18:16:48,001 [a52d6cdf-59e1-461e-b8c6-37ccdacf9b29-groupManagement] INFO  server.RaftServerConfigKeys (ConfUtils.java:logGet(46)) - raft.server.snapshot.retention.file.num = 5 (custom)
2023-08-31 18:16:48,001 [a52d6cdf-59e1-461e-b8c6-37ccdacf9b29-groupManagement] INFO  server.RaftServerConfigKeys (ConfUtils.java:logGet(46)) - raft.server.log.purge.upto.snapshot.index = false (default)
2023-08-31 18:16:48,002 [a52d6cdf-59e1-461e-b8c6-37ccdacf9b29@group-AD24448A8F24-FollowerState] INFO  server.RaftServerConfigKeys (ConfUtils.java:logFallback(53)) - raft.server.rpc.first-election.timeout.min = 5s (fallback to raft.server.rpc.timeout.min)
2023-08-31 18:16:48,004 [a52d6cdf-59e1-461e-b8c6-37ccdacf9b29@group-AD24448A8F24-FollowerState] INFO  server.RaftServerConfigKeys (ConfUtils.java:logFallback(53)) - raft.server.rpc.first-election.timeout.max = 5200ms (fallback to raft.server.rpc.timeout.max)
2023-08-31 18:16:48,006 [936500de-6a46-404e-9e6e-74d5223834e1-groupManagement] INFO  server.RaftServer$Division (RaftServerImpl.java:<init>(198)) - 936500de-6a46-404e-9e6e-74d5223834e1: new RaftServerImpl for group-AD24448A8F24:[936500de-6a46-404e-9e6e-74d5223834e1|rpc:10.1.0.8:15032|admin:10.1.0.8:15031|client:10.1.0.8:15030|dataStream:10.1.0.8:15033|priority:1|startupRole:FOLLOWER, a52d6cdf-59e1-461e-b8c6-37ccdacf9b29|rpc:10.1.0.8:15023|admin:10.1.0.8:15022|client:10.1.0.8:15021|dataStream:10.1.0.8:15024|priority:0|startupRole:FOLLOWER, 02e5811a-aac7-41e1-9b10-ccc4a1a85e2b|rpc:10.1.0.8:15014|admin:10.1.0.8:15013|client:10.1.0.8:15012|dataStream:10.1.0.8:15015|priority:0|startupRole:FOLLOWER] with ContainerStateMachine:uninitialized
2023-08-31 18:16:48,006 [936500de-6a46-404e-9e6e-74d5223834e1-groupManagement] INFO  server.RaftServerConfigKeys (ConfUtils.java:logGet(46)) - raft.server.rpc.timeout.min = 5s (custom)
2023-08-31 18:16:48,006 [936500de-6a46-404e-9e6e-74d5223834e1-groupManagement] INFO  server.RaftServerConfigKeys (ConfUtils.java:logGet(46)) - raft.server.rpc.timeout.max = 5200ms (custom)
2023-08-31 18:16:48,006 [936500de-6a46-404e-9e6e-74d5223834e1-groupManagement] INFO  server.RaftServerConfigKeys (ConfUtils.java:logGet(46)) - raft.server.rpc.sleep.time = 25ms (default)
2023-08-31 18:16:48,006 [936500de-6a46-404e-9e6e-74d5223834e1-groupManagement] INFO  server.RaftServerConfigKeys (ConfUtils.java:logGet(46)) - raft.server.rpc.slowness.timeout = 300s (custom)
2023-08-31 18:16:48,006 [936500de-6a46-404e-9e6e-74d5223834e1-groupManagement] INFO  server.RaftServerConfigKeys (ConfUtils.java:logGet(46)) - raft.server.leaderelection.leader.step-down.wait-time = 10s (default)
2023-08-31 18:16:48,006 [936500de-6a46-404e-9e6e-74d5223834e1-groupManagement] INFO  server.RaftServerConfigKeys (ConfUtils.java:logGet(46)) - raft.server.sleep.deviation.threshold = 300ms (default)
2023-08-31 18:16:48,007 [936500de-6a46-404e-9e6e-74d5223834e1-groupManagement] INFO  server.RaftServer$Division (ServerState.java:<init>(120)) - 936500de-6a46-404e-9e6e-74d5223834e1@group-AD24448A8F24: ConfigurationManager, init=-1: peers:[936500de-6a46-404e-9e6e-74d5223834e1|rpc:10.1.0.8:15032|admin:10.1.0.8:15031|client:10.1.0.8:15030|dataStream:10.1.0.8:15033|priority:1|startupRole:FOLLOWER, a52d6cdf-59e1-461e-b8c6-37ccdacf9b29|rpc:10.1.0.8:15023|admin:10.1.0.8:15022|client:10.1.0.8:15021|dataStream:10.1.0.8:15024|priority:0|startupRole:FOLLOWER, 02e5811a-aac7-41e1-9b10-ccc4a1a85e2b|rpc:10.1.0.8:15014|admin:10.1.0.8:15013|client:10.1.0.8:15012|dataStream:10.1.0.8:15015|priority:0|startupRole:FOLLOWER]|listeners:[], old=null, confs=<EMPTY_MAP>
2023-08-31 18:16:48,007 [936500de-6a46-404e-9e6e-74d5223834e1-groupManagement] INFO  server.RaftServerConfigKeys (ConfUtils.java:logGet(46)) - raft.server.storage.dir = [/home/runner/work/ozone/ozone/hadoop-ozone/integration-test/target/test-dir/MiniOzoneClusterImpl-55bfc424-622c-4031-8e27-dd7ab017ec7d/datanode-2/data/ratis] (custom)
2023-08-31 18:16:48,007 [936500de-6a46-404e-9e6e-74d5223834e1-groupManagement] INFO  server.RaftServerConfigKeys (ConfUtils.java:logGet(46)) - raft.server.log.corruption.policy = EXCEPTION (default)
2023-08-31 18:16:48,007 [936500de-6a46-404e-9e6e-74d5223834e1-groupManagement] INFO  server.RaftServerConfigKeys (ConfUtils.java:logGet(46)) - raft.server.storage.free-space.min = 0MB (=0) (default)
2023-08-31 18:16:48,007 [936500de-6a46-404e-9e6e-74d5223834e1-groupManagement] INFO  server.RaftServerConfigKeys (ConfUtils.java:logGet(46)) - raft.server.notification.no-leader.timeout = 300s (custom)
2023-08-31 18:16:48,007 [936500de-6a46-404e-9e6e-74d5223834e1-groupManagement] INFO  server.RaftServerConfigKeys (ConfUtils.java:logGet(46)) - raft.server.read.timeout = 10s (default)
2023-08-31 18:16:48,007 [936500de-6a46-404e-9e6e-74d5223834e1-groupManagement] INFO  server.RaftServerConfigKeys (ConfUtils.java:logGet(46)) - raft.server.retrycache.expirytime = 600000ms (custom)
2023-08-31 18:16:48,007 [936500de-6a46-404e-9e6e-74d5223834e1-groupManagement] INFO  server.RaftServerConfigKeys (ConfUtils.java:logGet(46)) - raft.server.retrycache.statistics.expirytime = 100μs (default)
2023-08-31 18:16:48,008 [936500de-6a46-404e-9e6e-74d5223834e1-groupManagement] INFO  server.RaftServerConfigKeys (ConfUtils.java:logGet(46)) - raft.server.read.option = DEFAULT (default)
2023-08-31 18:16:48,009 [936500de-6a46-404e-9e6e-74d5223834e1-groupManagement] INFO  server.RaftServerConfigKeys (ConfUtils.java:logGet(46)) - raft.server.rpc.request.timeout = 60s (custom)
2023-08-31 18:16:48,009 [936500de-6a46-404e-9e6e-74d5223834e1-groupManagement] INFO  server.RaftServerConfigKeys (ConfUtils.java:logGet(46)) - raft.server.log.appender.install.snapshot.enabled = false (custom)
2023-08-31 18:16:48,009 [936500de-6a46-404e-9e6e-74d5223834e1-groupManagement] INFO  server.RaftServerConfigKeys (ConfUtils.java:logGet(46)) - raft.server.threadpool.server.cached = true (default)
2023-08-31 18:16:48,009 [936500de-6a46-404e-9e6e-74d5223834e1-groupManagement] INFO  server.RaftServerConfigKeys (ConfUtils.java:logGet(46)) - raft.server.threadpool.server.size = 0 (default)
2023-08-31 18:16:48,010 [936500de-6a46-404e-9e6e-74d5223834e1-groupManagement] INFO  server.RaftServerConfigKeys (ConfUtils.java:logGet(46)) - raft.server.threadpool.client.cached = true (default)
2023-08-31 18:16:48,010 [936500de-6a46-404e-9e6e-74d5223834e1-groupManagement] INFO  server.RaftServerConfigKeys (ConfUtils.java:logGet(46)) - raft.server.threadpool.client.size = 0 (default)
2023-08-31 18:16:48,010 [936500de-6a46-404e-9e6e-74d5223834e1-groupManagement] INFO  storage.RaftStorageDirectory (RaftStorageDirectoryImpl.java:analyzeStorage(137)) - The storage directory /home/runner/work/ozone/ozone/hadoop-ozone/integration-test/target/test-dir/MiniOzoneClusterImpl-55bfc424-622c-4031-8e27-dd7ab017ec7d/datanode-2/data/ratis/3e8ab7de-8ede-477e-9526-ad24448a8f24 does not exist. Creating ...
2023-08-31 18:16:48,010 [PipelineCommandHandlerThread-0] INFO  ratis.XceiverServerRatis (XceiverServerRatis.java:addGroup(804)) - Created group PipelineID=3e8ab7de-8ede-477e-9526-ad24448a8f24
2023-08-31 18:16:48,013 [936500de-6a46-404e-9e6e-74d5223834e1-groupManagement] INFO  storage.RaftStorageDirectory (RaftStorageDirectoryImpl.java:tryLock(231)) - Lock on /home/runner/work/ozone/ozone/hadoop-ozone/integration-test/target/test-dir/MiniOzoneClusterImpl-55bfc424-622c-4031-8e27-dd7ab017ec7d/datanode-2/data/ratis/3e8ab7de-8ede-477e-9526-ad24448a8f24/in_use.lock acquired by nodename 61743@fv-az1129-899
2023-08-31 18:16:48,029 [936500de-6a46-404e-9e6e-74d5223834e1-groupManagement] INFO  storage.RaftStorage (RaftStorageImpl.java:format(96)) - Storage directory /home/runner/work/ozone/ozone/hadoop-ozone/integration-test/target/test-dir/MiniOzoneClusterImpl-55bfc424-622c-4031-8e27-dd7ab017ec7d/datanode-2/data/ratis/3e8ab7de-8ede-477e-9526-ad24448a8f24 has been successfully formatted.
2023-08-31 18:16:48,041 [936500de-6a46-404e-9e6e-74d5223834e1-groupManagement] INFO  ratis.ContainerStateMachine (ContainerStateMachine.java:loadSnapshot(262)) - group-AD24448A8F24: The snapshot info is null. Setting the last applied indexto:(t:0, i:~)
2023-08-31 18:16:48,041 [936500de-6a46-404e-9e6e-74d5223834e1-groupManagement] INFO  server.RaftServerConfigKeys (ConfUtils.java:logGet(46)) - raft.server.log.use.memory = false (default)
2023-08-31 18:16:48,041 [936500de-6a46-404e-9e6e-74d5223834e1-groupManagement] INFO  server.RaftServerConfigKeys (ConfUtils.java:logGet(46)) - raft.server.log.purge.gap = 1000000 (custom)
2023-08-31 18:16:48,041 [936500de-6a46-404e-9e6e-74d5223834e1-groupManagement] INFO  server.RaftServerConfigKeys (ConfUtils.java:logGet(46)) - raft.server.log.appender.buffer.byte-limit = 33554432 (custom)
2023-08-31 18:16:48,041 [936500de-6a46-404e-9e6e-74d5223834e1-groupManagement] INFO  server.RaftServerConfigKeys (ConfUtils.java:logGet(46)) - raft.server.log.statemachine.data.read.timeout = 1000ms (default)
2023-08-31 18:16:48,042 [936500de-6a46-404e-9e6e-74d5223834e1-groupManagement] INFO  server.RaftServerConfigKeys (ConfUtils.java:logGet(46)) - raft.server.log.purge.preservation.log.num = 0 (default)
2023-08-31 18:16:48,042 [936500de-6a46-404e-9e6e-74d5223834e1-groupManagement] INFO  server.RaftServerConfigKeys (ConfUtils.java:logGet(46)) - raft.server.log.segment.size.max = 1048576 (custom)
2023-08-31 18:16:48,042 [936500de-6a46-404e-9e6e-74d5223834e1-groupManagement] INFO  server.RaftServerConfigKeys (ConfUtils.java:logGet(46)) - raft.server.log.segment.cache.num.max = 2 (custom)
2023-08-31 18:16:48,043 [936500de-6a46-404e-9e6e-74d5223834e1-groupManagement] INFO  server.RaftServerConfigKeys (ConfUtils.java:logGet(46)) - raft.server.log.segment.cache.size.max = 200MB (=209715200) (default)
2023-08-31 18:16:48,043 [936500de-6a46-404e-9e6e-74d5223834e1-groupManagement] INFO  server.RaftServerConfigKeys (ConfUtils.java:logGet(46)) - raft.server.log.appender.buffer.byte-limit = 33554432 (custom)
2023-08-31 18:16:48,043 [936500de-6a46-404e-9e6e-74d5223834e1-groupManagement] INFO  segmented.SegmentedRaftLogWorker (SegmentedRaftLogWorker.java:<init>(188)) - new 936500de-6a46-404e-9e6e-74d5223834e1@group-AD24448A8F24-SegmentedRaftLogWorker for RaftStorageImpl:Storage Directory /home/runner/work/ozone/ozone/hadoop-ozone/integration-test/target/test-dir/MiniOzoneClusterImpl-55bfc424-622c-4031-8e27-dd7ab017ec7d/datanode-2/data/ratis/3e8ab7de-8ede-477e-9526-ad24448a8f24
2023-08-31 18:16:48,043 [936500de-6a46-404e-9e6e-74d5223834e1-groupManagement] INFO  server.RaftServerConfigKeys (ConfUtils.java:logGet(46)) - raft.server.log.queue.byte-limit = 4294967296 (custom)
2023-08-31 18:16:48,043 [936500de-6a46-404e-9e6e-74d5223834e1-groupManagement] INFO  server.RaftServerConfigKeys (ConfUtils.java:logGet(46)) - raft.server.log.queue.element-limit = 1024 (custom)
2023-08-31 18:16:48,043 [936500de-6a46-404e-9e6e-74d5223834e1-groupManagement] INFO  server.RaftServerConfigKeys (ConfUtils.java:logGet(46)) - raft.server.log.segment.size.max = 1048576 (custom)
2023-08-31 18:16:48,043 [936500de-6a46-404e-9e6e-74d5223834e1-groupManagement] INFO  server.RaftServerConfigKeys (ConfUtils.java:logGet(46)) - raft.server.log.preallocated.size = 16384 (custom)
2023-08-31 18:16:48,043 [936500de-6a46-404e-9e6e-74d5223834e1-groupManagement] INFO  server.RaftServerConfigKeys (ConfUtils.java:logGet(46)) - raft.server.log.force.sync.num = 128 (default)
2023-08-31 18:16:48,045 [936500de-6a46-404e-9e6e-74d5223834e1-groupManagement] INFO  server.RaftServerConfigKeys (ConfUtils.java:logGet(46)) - raft.server.log.statemachine.data.sync = true (default)
2023-08-31 18:16:48,046 [936500de-6a46-404e-9e6e-74d5223834e1-groupManagement] INFO  server.RaftServerConfigKeys (ConfUtils.java:logGet(46)) - raft.server.log.statemachine.data.sync.timeout = 10s (default)
2023-08-31 18:16:48,046 [936500de-6a46-404e-9e6e-74d5223834e1-groupManagement] INFO  server.RaftServerConfigKeys (ConfUtils.java:logGet(46)) - raft.server.log.statemachine.data.sync.timeout.retry = -1 (default)
2023-08-31 18:16:48,047 [936500de-6a46-404e-9e6e-74d5223834e1-groupManagement] INFO  server.RaftServerConfigKeys (ConfUtils.java:logGet(46)) - raft.server.log.write.buffer.size = 1048576 (custom)
2023-08-31 18:16:48,048 [936500de-6a46-404e-9e6e-74d5223834e1-groupManagement] INFO  server.RaftServerConfigKeys (ConfUtils.java:logGet(46)) - raft.server.log.appender.buffer.byte-limit = 33554432 (custom)
2023-08-31 18:16:48,060 [936500de-6a46-404e-9e6e-74d5223834e1-groupManagement] INFO  server.RaftServerConfigKeys (ConfUtils.java:logGet(46)) - raft.server.log.unsafe-flush.enabled = false (default)
2023-08-31 18:16:48,060 [936500de-6a46-404e-9e6e-74d5223834e1-groupManagement] INFO  server.RaftServerConfigKeys (ConfUtils.java:logGet(46)) - raft.server.log.async-flush.enabled = false (default)
2023-08-31 18:16:48,061 [936500de-6a46-404e-9e6e-74d5223834e1-groupManagement] INFO  server.RaftServerConfigKeys (ConfUtils.java:logGet(46)) - raft.server.log.statemachine.data.caching.enabled = true (custom)
2023-08-31 18:16:48,061 [936500de-6a46-404e-9e6e-74d5223834e1-groupManagement] INFO  segmented.SegmentedRaftLogWorker (SegmentedRaftLogWorker.java:lambda$new$0(135)) - 936500de-6a46-404e-9e6e-74d5223834e1@group-AD24448A8F24-SegmentedRaftLogWorker: flushIndex: setUnconditionally 0 -> -1
2023-08-31 18:16:48,061 [936500de-6a46-404e-9e6e-74d5223834e1-groupManagement] INFO  segmented.SegmentedRaftLogWorker (SegmentedRaftLogWorker.java:lambda$new$0(135)) - 936500de-6a46-404e-9e6e-74d5223834e1@group-AD24448A8F24-SegmentedRaftLogWorker: safeCacheEvictIndex: setUnconditionally 0 -> -1
2023-08-31 18:16:48,061 [936500de-6a46-404e-9e6e-74d5223834e1-groupManagement] INFO  server.RaftServer$Division (RaftServerImpl.java:start(342)) - 936500de-6a46-404e-9e6e-74d5223834e1@group-AD24448A8F24: start as a follower, conf=-1: peers:[936500de-6a46-404e-9e6e-74d5223834e1|rpc:10.1.0.8:15032|admin:10.1.0.8:15031|client:10.1.0.8:15030|dataStream:10.1.0.8:15033|priority:1|startupRole:FOLLOWER, a52d6cdf-59e1-461e-b8c6-37ccdacf9b29|rpc:10.1.0.8:15023|admin:10.1.0.8:15022|client:10.1.0.8:15021|dataStream:10.1.0.8:15024|priority:0|startupRole:FOLLOWER, 02e5811a-aac7-41e1-9b10-ccc4a1a85e2b|rpc:10.1.0.8:15014|admin:10.1.0.8:15013|client:10.1.0.8:15012|dataStream:10.1.0.8:15015|priority:0|startupRole:FOLLOWER]|listeners:[], old=null
2023-08-31 18:16:48,061 [936500de-6a46-404e-9e6e-74d5223834e1-groupManagement] INFO  server.RaftServer$Division (RaftServerImpl.java:setRole(329)) - 936500de-6a46-404e-9e6e-74d5223834e1@group-AD24448A8F24: changes role from      null to FOLLOWER at term 0 for startAsFollower
2023-08-31 18:16:48,062 [936500de-6a46-404e-9e6e-74d5223834e1-groupManagement] INFO  impl.RoleInfo (RoleInfo.java:updateAndGet(139)) - 936500de-6a46-404e-9e6e-74d5223834e1: start 936500de-6a46-404e-9e6e-74d5223834e1@group-AD24448A8F24-FollowerState
2023-08-31 18:16:48,062 [936500de-6a46-404e-9e6e-74d5223834e1-groupManagement] INFO  util.JmxRegister (JmxRegister.java:tryRegister(44)) - Successfully registered JMX Bean with object name Ratis:service=RaftServer,group=group-AD24448A8F24,id=936500de-6a46-404e-9e6e-74d5223834e1
2023-08-31 18:16:48,062 [936500de-6a46-404e-9e6e-74d5223834e1-groupManagement] INFO  server.RaftServerConfigKeys (ConfUtils.java:logGet(46)) - raft.server.snapshot.auto.trigger.enabled = true (custom)
2023-08-31 18:16:48,063 [936500de-6a46-404e-9e6e-74d5223834e1-groupManagement] INFO  server.RaftServerConfigKeys (ConfUtils.java:logGet(46)) - raft.server.snapshot.auto.trigger.threshold = 10000 (custom)
2023-08-31 18:16:48,063 [936500de-6a46-404e-9e6e-74d5223834e1-groupManagement] INFO  server.RaftServerConfigKeys (ConfUtils.java:logGet(46)) - raft.server.snapshot.retention.file.num = 5 (custom)
2023-08-31 18:16:48,063 [936500de-6a46-404e-9e6e-74d5223834e1-groupManagement] INFO  server.RaftServerConfigKeys (ConfUtils.java:logGet(46)) - raft.server.log.purge.upto.snapshot.index = false (default)
2023-08-31 18:16:48,064 [936500de-6a46-404e-9e6e-74d5223834e1@group-AD24448A8F24-FollowerState] INFO  server.RaftServerConfigKeys (ConfUtils.java:logFallback(53)) - raft.server.rpc.first-election.timeout.min = 5s (fallback to raft.server.rpc.timeout.min)
2023-08-31 18:16:48,068 [936500de-6a46-404e-9e6e-74d5223834e1@group-AD24448A8F24-FollowerState] INFO  server.RaftServerConfigKeys (ConfUtils.java:logFallback(53)) - raft.server.rpc.first-election.timeout.max = 5200ms (fallback to raft.server.rpc.timeout.max)
2023-08-31 18:16:48,083 [main] INFO  ozone.MiniOzoneClusterImpl (MiniOzoneClusterImpl.java:lambda$waitForClusterToBeReady$0(224)) - Nodes are ready. Got 5 of 5 DN Heartbeats.
2023-08-31 18:16:48,083 [main] INFO  ozone.MiniOzoneClusterImpl (MiniOzoneClusterImpl.java:lambda$waitForClusterToBeReady$0(227)) - Waiting for cluster to exit safe mode
2023-08-31 18:16:48,083 [main] INFO  ozone.MiniOzoneClusterImpl (MiniOzoneClusterImpl.java:lambda$waitForClusterToBeReady$0(229)) - SCM became leader
2023-08-31 18:16:48,192 [PipelineCommandHandlerThread-0] INFO  commandhandler.CreatePipelineCommandHandler (CreatePipelineCommandHandler.java:lambda$handle$2(124)) - Created Pipeline RATIS THREE PipelineID=3e8ab7de-8ede-477e-9526-ad24448a8f24.
2023-08-31 18:16:48,193 [PipelineCommandHandlerThread-0] INFO  server.RaftServer (RaftServerProxy.java:addNew(98)) - 02e5811a-aac7-41e1-9b10-ccc4a1a85e2b: addNew group-F3FCE5B30E34:[a52d6cdf-59e1-461e-b8c6-37ccdacf9b29|rpc:10.1.0.8:15023|admin:10.1.0.8:15022|client:10.1.0.8:15021|dataStream:10.1.0.8:15024|priority:1|startupRole:FOLLOWER, 936500de-6a46-404e-9e6e-74d5223834e1|rpc:10.1.0.8:15032|admin:10.1.0.8:15031|client:10.1.0.8:15030|dataStream:10.1.0.8:15033|priority:0|startupRole:FOLLOWER, 02e5811a-aac7-41e1-9b10-ccc4a1a85e2b|rpc:10.1.0.8:15014|admin:10.1.0.8:15013|client:10.1.0.8:15012|dataStream:10.1.0.8:15015|priority:0|startupRole:FOLLOWER] returns group-F3FCE5B30E34:java.util.concurrent.CompletableFuture@75d1681[Not completed]
2023-08-31 18:16:48,197 [02e5811a-aac7-41e1-9b10-ccc4a1a85e2b-groupManagement] INFO  server.RaftServer$Division (RaftServerImpl.java:<init>(198)) - 02e5811a-aac7-41e1-9b10-ccc4a1a85e2b: new RaftServerImpl for group-F3FCE5B30E34:[a52d6cdf-59e1-461e-b8c6-37ccdacf9b29|rpc:10.1.0.8:15023|admin:10.1.0.8:15022|client:10.1.0.8:15021|dataStream:10.1.0.8:15024|priority:1|startupRole:FOLLOWER, 936500de-6a46-404e-9e6e-74d5223834e1|rpc:10.1.0.8:15032|admin:10.1.0.8:15031|client:10.1.0.8:15030|dataStream:10.1.0.8:15033|priority:0|startupRole:FOLLOWER, 02e5811a-aac7-41e1-9b10-ccc4a1a85e2b|rpc:10.1.0.8:15014|admin:10.1.0.8:15013|client:10.1.0.8:15012|dataStream:10.1.0.8:15015|priority:0|startupRole:FOLLOWER] with ContainerStateMachine:uninitialized
2023-08-31 18:16:48,198 [02e5811a-aac7-41e1-9b10-ccc4a1a85e2b-groupManagement] INFO  server.RaftServerConfigKeys (ConfUtils.java:logGet(46)) - raft.server.rpc.timeout.min = 5s (custom)
2023-08-31 18:16:48,198 [02e5811a-aac7-41e1-9b10-ccc4a1a85e2b-groupManagement] INFO  server.RaftServerConfigKeys (ConfUtils.java:logGet(46)) - raft.server.rpc.timeout.max = 5200ms (custom)
2023-08-31 18:16:48,198 [02e5811a-aac7-41e1-9b10-ccc4a1a85e2b-groupManagement] INFO  server.RaftServerConfigKeys (ConfUtils.java:logGet(46)) - raft.server.rpc.sleep.time = 25ms (default)
2023-08-31 18:16:48,198 [02e5811a-aac7-41e1-9b10-ccc4a1a85e2b-groupManagement] INFO  server.RaftServerConfigKeys (ConfUtils.java:logGet(46)) - raft.server.rpc.slowness.timeout = 300s (custom)
2023-08-31 18:16:48,198 [02e5811a-aac7-41e1-9b10-ccc4a1a85e2b-groupManagement] INFO  server.RaftServerConfigKeys (ConfUtils.java:logGet(46)) - raft.server.leaderelection.leader.step-down.wait-time = 10s (default)
2023-08-31 18:16:48,198 [02e5811a-aac7-41e1-9b10-ccc4a1a85e2b-groupManagement] INFO  server.RaftServerConfigKeys (ConfUtils.java:logGet(46)) - raft.server.sleep.deviation.threshold = 300ms (default)
2023-08-31 18:16:48,198 [02e5811a-aac7-41e1-9b10-ccc4a1a85e2b-groupManagement] INFO  server.RaftServer$Division (ServerState.java:<init>(120)) - 02e5811a-aac7-41e1-9b10-ccc4a1a85e2b@group-F3FCE5B30E34: ConfigurationManager, init=-1: peers:[a52d6cdf-59e1-461e-b8c6-37ccdacf9b29|rpc:10.1.0.8:15023|admin:10.1.0.8:15022|client:10.1.0.8:15021|dataStream:10.1.0.8:15024|priority:1|startupRole:FOLLOWER, 936500de-6a46-404e-9e6e-74d5223834e1|rpc:10.1.0.8:15032|admin:10.1.0.8:15031|client:10.1.0.8:15030|dataStream:10.1.0.8:15033|priority:0|startupRole:FOLLOWER, 02e5811a-aac7-41e1-9b10-ccc4a1a85e2b|rpc:10.1.0.8:15014|admin:10.1.0.8:15013|client:10.1.0.8:15012|dataStream:10.1.0.8:15015|priority:0|startupRole:FOLLOWER]|listeners:[], old=null, confs=<EMPTY_MAP>
2023-08-31 18:16:48,199 [02e5811a-aac7-41e1-9b10-ccc4a1a85e2b-groupManagement] INFO  server.RaftServerConfigKeys (ConfUtils.java:logGet(46)) - raft.server.storage.dir = [/home/runner/work/ozone/ozone/hadoop-ozone/integration-test/target/test-dir/MiniOzoneClusterImpl-55bfc424-622c-4031-8e27-dd7ab017ec7d/datanode-0/data/ratis] (custom)
2023-08-31 18:16:48,199 [02e5811a-aac7-41e1-9b10-ccc4a1a85e2b-groupManagement] INFO  server.RaftServerConfigKeys (ConfUtils.java:logGet(46)) - raft.server.log.corruption.policy = EXCEPTION (default)
2023-08-31 18:16:48,199 [02e5811a-aac7-41e1-9b10-ccc4a1a85e2b-groupManagement] INFO  server.RaftServerConfigKeys (ConfUtils.java:logGet(46)) - raft.server.storage.free-space.min = 0MB (=0) (default)
2023-08-31 18:16:48,199 [02e5811a-aac7-41e1-9b10-ccc4a1a85e2b-groupManagement] INFO  server.RaftServerConfigKeys (ConfUtils.java:logGet(46)) - raft.server.notification.no-leader.timeout = 300s (custom)
2023-08-31 18:16:48,199 [02e5811a-aac7-41e1-9b10-ccc4a1a85e2b-groupManagement] INFO  server.RaftServerConfigKeys (ConfUtils.java:logGet(46)) - raft.server.read.timeout = 10s (default)
2023-08-31 18:16:48,199 [02e5811a-aac7-41e1-9b10-ccc4a1a85e2b-groupManagement] INFO  server.RaftServerConfigKeys (ConfUtils.java:logGet(46)) - raft.server.retrycache.expirytime = 600000ms (custom)
2023-08-31 18:16:48,199 [02e5811a-aac7-41e1-9b10-ccc4a1a85e2b-groupManagement] INFO  server.RaftServerConfigKeys (ConfUtils.java:logGet(46)) - raft.server.retrycache.statistics.expirytime = 100μs (default)
2023-08-31 18:16:48,200 [02e5811a-aac7-41e1-9b10-ccc4a1a85e2b-groupManagement] INFO  server.RaftServerConfigKeys (ConfUtils.java:logGet(46)) - raft.server.read.option = DEFAULT (default)
2023-08-31 18:16:48,198 [PipelineCommandHandlerThread-0] INFO  commandhandler.CreatePipelineCommandHandler (CreatePipelineCommandHandler.java:lambda$handle$2(124)) - Created Pipeline RATIS THREE PipelineID=3e8ab7de-8ede-477e-9526-ad24448a8f24.
2023-08-31 18:16:48,201 [PipelineCommandHandlerThread-0] INFO  server.RaftServer (RaftServerProxy.java:addNew(98)) - a52d6cdf-59e1-461e-b8c6-37ccdacf9b29: addNew group-F3FCE5B30E34:[a52d6cdf-59e1-461e-b8c6-37ccdacf9b29|rpc:10.1.0.8:15023|admin:10.1.0.8:15022|client:10.1.0.8:15021|dataStream:10.1.0.8:15024|priority:1|startupRole:FOLLOWER, 936500de-6a46-404e-9e6e-74d5223834e1|rpc:10.1.0.8:15032|admin:10.1.0.8:15031|client:10.1.0.8:15030|dataStream:10.1.0.8:15033|priority:0|startupRole:FOLLOWER, 02e5811a-aac7-41e1-9b10-ccc4a1a85e2b|rpc:10.1.0.8:15014|admin:10.1.0.8:15013|client:10.1.0.8:15012|dataStream:10.1.0.8:15015|priority:0|startupRole:FOLLOWER] returns group-F3FCE5B30E34:java.util.concurrent.CompletableFuture@7d03f090[Not completed]
2023-08-31 18:16:48,203 [02e5811a-aac7-41e1-9b10-ccc4a1a85e2b-groupManagement] INFO  server.RaftServerConfigKeys (ConfUtils.java:logGet(46)) - raft.server.rpc.request.timeout = 60s (custom)
2023-08-31 18:16:48,204 [02e5811a-aac7-41e1-9b10-ccc4a1a85e2b-groupManagement] INFO  server.RaftServerConfigKeys (ConfUtils.java:logGet(46)) - raft.server.log.appender.install.snapshot.enabled = false (custom)
2023-08-31 18:16:48,204 [02e5811a-aac7-41e1-9b10-ccc4a1a85e2b-groupManagement] INFO  server.RaftServerConfigKeys (ConfUtils.java:logGet(46)) - raft.server.threadpool.server.cached = true (default)
2023-08-31 18:16:48,204 [02e5811a-aac7-41e1-9b10-ccc4a1a85e2b-groupManagement] INFO  server.RaftServerConfigKeys (ConfUtils.java:logGet(46)) - raft.server.threadpool.server.size = 0 (default)
2023-08-31 18:16:48,204 [02e5811a-aac7-41e1-9b10-ccc4a1a85e2b-groupManagement] INFO  server.RaftServerConfigKeys (ConfUtils.java:logGet(46)) - raft.server.threadpool.client.cached = true (default)
2023-08-31 18:16:48,204 [02e5811a-aac7-41e1-9b10-ccc4a1a85e2b-groupManagement] INFO  server.RaftServerConfigKeys (ConfUtils.java:logGet(46)) - raft.server.threadpool.client.size = 0 (default)
2023-08-31 18:16:48,204 [02e5811a-aac7-41e1-9b10-ccc4a1a85e2b-groupManagement] INFO  storage.RaftStorageDirectory (RaftStorageDirectoryImpl.java:analyzeStorage(137)) - The storage directory /home/runner/work/ozone/ozone/hadoop-ozone/integration-test/target/test-dir/MiniOzoneClusterImpl-55bfc424-622c-4031-8e27-dd7ab017ec7d/datanode-0/data/ratis/a87fd1d9-e5bf-477b-885a-f3fce5b30e34 does not exist. Creating ...
2023-08-31 18:16:48,205 [a52d6cdf-59e1-461e-b8c6-37ccdacf9b29-groupManagement] INFO  server.RaftServer$Division (RaftServerImpl.java:<init>(198)) - a52d6cdf-59e1-461e-b8c6-37ccdacf9b29: new RaftServerImpl for group-F3FCE5B30E34:[a52d6cdf-59e1-461e-b8c6-37ccdacf9b29|rpc:10.1.0.8:15023|admin:10.1.0.8:15022|client:10.1.0.8:15021|dataStream:10.1.0.8:15024|priority:1|startupRole:FOLLOWER, 936500de-6a46-404e-9e6e-74d5223834e1|rpc:10.1.0.8:15032|admin:10.1.0.8:15031|client:10.1.0.8:15030|dataStream:10.1.0.8:15033|priority:0|startupRole:FOLLOWER, 02e5811a-aac7-41e1-9b10-ccc4a1a85e2b|rpc:10.1.0.8:15014|admin:10.1.0.8:15013|client:10.1.0.8:15012|dataStream:10.1.0.8:15015|priority:0|startupRole:FOLLOWER] with ContainerStateMachine:uninitialized
2023-08-31 18:16:48,206 [a52d6cdf-59e1-461e-b8c6-37ccdacf9b29-groupManagement] INFO  server.RaftServerConfigKeys (ConfUtils.java:logGet(46)) - raft.server.rpc.timeout.min = 5s (custom)
2023-08-31 18:16:48,206 [a52d6cdf-59e1-461e-b8c6-37ccdacf9b29-groupManagement] INFO  server.RaftServerConfigKeys (ConfUtils.java:logGet(46)) - raft.server.rpc.timeout.max = 5200ms (custom)
2023-08-31 18:16:48,206 [a52d6cdf-59e1-461e-b8c6-37ccdacf9b29-groupManagement] INFO  server.RaftServerConfigKeys (ConfUtils.java:logGet(46)) - raft.server.rpc.sleep.time = 25ms (default)
2023-08-31 18:16:48,206 [a52d6cdf-59e1-461e-b8c6-37ccdacf9b29-groupManagement] INFO  server.RaftServerConfigKeys (ConfUtils.java:logGet(46)) - raft.server.rpc.slowness.timeout = 300s (custom)
2023-08-31 18:16:48,206 [a52d6cdf-59e1-461e-b8c6-37ccdacf9b29-groupManagement] INFO  server.RaftServerConfigKeys (ConfUtils.java:logGet(46)) - raft.server.leaderelection.leader.step-down.wait-time = 10s (default)
2023-08-31 18:16:48,206 [a52d6cdf-59e1-461e-b8c6-37ccdacf9b29-groupManagement] INFO  server.RaftServerConfigKeys (ConfUtils.java:logGet(46)) - raft.server.sleep.deviation.threshold = 300ms (default)
2023-08-31 18:16:48,206 [a52d6cdf-59e1-461e-b8c6-37ccdacf9b29-groupManagement] INFO  server.RaftServer$Division (ServerState.java:<init>(120)) - a52d6cdf-59e1-461e-b8c6-37ccdacf9b29@group-F3FCE5B30E34: ConfigurationManager, init=-1: peers:[a52d6cdf-59e1-461e-b8c6-37ccdacf9b29|rpc:10.1.0.8:15023|admin:10.1.0.8:15022|client:10.1.0.8:15021|dataStream:10.1.0.8:15024|priority:1|startupRole:FOLLOWER, 936500de-6a46-404e-9e6e-74d5223834e1|rpc:10.1.0.8:15032|admin:10.1.0.8:15031|client:10.1.0.8:15030|dataStream:10.1.0.8:15033|priority:0|startupRole:FOLLOWER, 02e5811a-aac7-41e1-9b10-ccc4a1a85e2b|rpc:10.1.0.8:15014|admin:10.1.0.8:15013|client:10.1.0.8:15012|dataStream:10.1.0.8:15015|priority:0|startupRole:FOLLOWER]|listeners:[], old=null, confs=<EMPTY_MAP>
2023-08-31 18:16:48,206 [02e5811a-aac7-41e1-9b10-ccc4a1a85e2b-groupManagement] INFO  storage.RaftStorageDirectory (RaftStorageDirectoryImpl.java:tryLock(231)) - Lock on /home/runner/work/ozone/ozone/hadoop-ozone/integration-test/target/test-dir/MiniOzoneClusterImpl-55bfc424-622c-4031-8e27-dd7ab017ec7d/datanode-0/data/ratis/a87fd1d9-e5bf-477b-885a-f3fce5b30e34/in_use.lock acquired by nodename 61743@fv-az1129-899
2023-08-31 18:16:48,206 [a52d6cdf-59e1-461e-b8c6-37ccdacf9b29-groupManagement] INFO  server.RaftServerConfigKeys (ConfUtils.java:logGet(46)) - raft.server.storage.dir = [/home/runner/work/ozone/ozone/hadoop-ozone/integration-test/target/test-dir/MiniOzoneClusterImpl-55bfc424-622c-4031-8e27-dd7ab017ec7d/datanode-1/data/ratis] (custom)
2023-08-31 18:16:48,207 [a52d6cdf-59e1-461e-b8c6-37ccdacf9b29-groupManagement] INFO  server.RaftServerConfigKeys (ConfUtils.java:logGet(46)) - raft.server.log.corruption.policy = EXCEPTION (default)
2023-08-31 18:16:48,207 [a52d6cdf-59e1-461e-b8c6-37ccdacf9b29-groupManagement] INFO  server.RaftServerConfigKeys (ConfUtils.java:logGet(46)) - raft.server.storage.free-space.min = 0MB (=0) (default)
2023-08-31 18:16:48,208 [a52d6cdf-59e1-461e-b8c6-37ccdacf9b29-groupManagement] INFO  server.RaftServerConfigKeys (ConfUtils.java:logGet(46)) - raft.server.notification.no-leader.timeout = 300s (custom)
2023-08-31 18:16:48,208 [a52d6cdf-59e1-461e-b8c6-37ccdacf9b29-groupManagement] INFO  server.RaftServerConfigKeys (ConfUtils.java:logGet(46)) - raft.server.read.timeout = 10s (default)
2023-08-31 18:16:48,208 [a52d6cdf-59e1-461e-b8c6-37ccdacf9b29-groupManagement] INFO  server.RaftServerConfigKeys (ConfUtils.java:logGet(46)) - raft.server.retrycache.expirytime = 600000ms (custom)
2023-08-31 18:16:48,208 [a52d6cdf-59e1-461e-b8c6-37ccdacf9b29-groupManagement] INFO  server.RaftServerConfigKeys (ConfUtils.java:logGet(46)) - raft.server.retrycache.statistics.expirytime = 100μs (default)
2023-08-31 18:16:48,208 [a52d6cdf-59e1-461e-b8c6-37ccdacf9b29-groupManagement] INFO  server.RaftServerConfigKeys (ConfUtils.java:logGet(46)) - raft.server.read.option = DEFAULT (default)
2023-08-31 18:16:48,209 [a52d6cdf-59e1-461e-b8c6-37ccdacf9b29-groupManagement] INFO  server.RaftServerConfigKeys (ConfUtils.java:logGet(46)) - raft.server.rpc.request.timeout = 60s (custom)
2023-08-31 18:16:48,209 [a52d6cdf-59e1-461e-b8c6-37ccdacf9b29-groupManagement] INFO  server.RaftServerConfigKeys (ConfUtils.java:logGet(46)) - raft.server.log.appender.install.snapshot.enabled = false (custom)
2023-08-31 18:16:48,209 [02e5811a-aac7-41e1-9b10-ccc4a1a85e2b-groupManagement] INFO  storage.RaftStorage (RaftStorageImpl.java:format(96)) - Storage directory /home/runner/work/ozone/ozone/hadoop-ozone/integration-test/target/test-dir/MiniOzoneClusterImpl-55bfc424-622c-4031-8e27-dd7ab017ec7d/datanode-0/data/ratis/a87fd1d9-e5bf-477b-885a-f3fce5b30e34 has been successfully formatted.
2023-08-31 18:16:48,210 [02e5811a-aac7-41e1-9b10-ccc4a1a85e2b-groupManagement] INFO  ratis.ContainerStateMachine (ContainerStateMachine.java:loadSnapshot(262)) - group-F3FCE5B30E34: The snapshot info is null. Setting the last applied indexto:(t:0, i:~)
2023-08-31 18:16:48,210 [02e5811a-aac7-41e1-9b10-ccc4a1a85e2b-groupManagement] INFO  server.RaftServerConfigKeys (ConfUtils.java:logGet(46)) - raft.server.log.use.memory = false (default)
2023-08-31 18:16:48,210 [02e5811a-aac7-41e1-9b10-ccc4a1a85e2b-groupManagement] INFO  server.RaftServerConfigKeys (ConfUtils.java:logGet(46)) - raft.server.log.purge.gap = 1000000 (custom)
2023-08-31 18:16:48,210 [02e5811a-aac7-41e1-9b10-ccc4a1a85e2b-groupManagement] INFO  server.RaftServerConfigKeys (ConfUtils.java:logGet(46)) - raft.server.log.appender.buffer.byte-limit = 33554432 (custom)
2023-08-31 18:16:48,210 [02e5811a-aac7-41e1-9b10-ccc4a1a85e2b-groupManagement] INFO  server.RaftServerConfigKeys (ConfUtils.java:logGet(46)) - raft.server.log.statemachine.data.read.timeout = 1000ms (default)
2023-08-31 18:16:48,211 [02e5811a-aac7-41e1-9b10-ccc4a1a85e2b-groupManagement] INFO  server.RaftServerConfigKeys (ConfUtils.java:logGet(46)) - raft.server.log.purge.preservation.log.num = 0 (default)
2023-08-31 18:16:48,212 [02e5811a-aac7-41e1-9b10-ccc4a1a85e2b-groupManagement] INFO  server.RaftServerConfigKeys (ConfUtils.java:logGet(46)) - raft.server.log.segment.size.max = 1048576 (custom)
2023-08-31 18:16:48,212 [02e5811a-aac7-41e1-9b10-ccc4a1a85e2b-groupManagement] INFO  server.RaftServerConfigKeys (ConfUtils.java:logGet(46)) - raft.server.log.segment.cache.num.max = 2 (custom)
2023-08-31 18:16:48,213 [02e5811a-aac7-41e1-9b10-ccc4a1a85e2b-groupManagement] INFO  server.RaftServerConfigKeys (ConfUtils.java:logGet(46)) - raft.server.log.segment.cache.size.max = 200MB (=209715200) (default)
2023-08-31 18:16:48,213 [02e5811a-aac7-41e1-9b10-ccc4a1a85e2b-groupManagement] INFO  server.RaftServerConfigKeys (ConfUtils.java:logGet(46)) - raft.server.log.appender.buffer.byte-limit = 33554432 (custom)
2023-08-31 18:16:48,213 [EventQueue-OpenPipelineForHealthyPipelineSafeModeRule] INFO  safemode.SCMSafeModeManager (HealthyPipelineSafeModeRule.java:process(137)) - SCM in safe mode. Healthy pipelines reported count is 0, required healthy pipeline reported count is 1
2023-08-31 18:16:48,209 [a52d6cdf-59e1-461e-b8c6-37ccdacf9b29-groupManagement] INFO  server.RaftServerConfigKeys (ConfUtils.java:logGet(46)) - raft.server.threadpool.server.cached = true (default)
2023-08-31 18:16:48,213 [a52d6cdf-59e1-461e-b8c6-37ccdacf9b29-groupManagement] INFO  server.RaftServerConfigKeys (ConfUtils.java:logGet(46)) - raft.server.threadpool.server.size = 0 (default)
2023-08-31 18:16:48,213 [a52d6cdf-59e1-461e-b8c6-37ccdacf9b29-groupManagement] INFO  server.RaftServerConfigKeys (ConfUtils.java:logGet(46)) - raft.server.threadpool.client.cached = true (default)
2023-08-31 18:16:48,213 [a52d6cdf-59e1-461e-b8c6-37ccdacf9b29-groupManagement] INFO  server.RaftServerConfigKeys (ConfUtils.java:logGet(46)) - raft.server.threadpool.client.size = 0 (default)
2023-08-31 18:16:48,213 [a52d6cdf-59e1-461e-b8c6-37ccdacf9b29-groupManagement] INFO  storage.RaftStorageDirectory (RaftStorageDirectoryImpl.java:analyzeStorage(137)) - The storage directory /home/runner/work/ozone/ozone/hadoop-ozone/integration-test/target/test-dir/MiniOzoneClusterImpl-55bfc424-622c-4031-8e27-dd7ab017ec7d/datanode-1/data/ratis/a87fd1d9-e5bf-477b-885a-f3fce5b30e34 does not exist. Creating ...
2023-08-31 18:16:48,213 [02e5811a-aac7-41e1-9b10-ccc4a1a85e2b-groupManagement] INFO  segmented.SegmentedRaftLogWorker (SegmentedRaftLogWorker.java:<init>(188)) - new 02e5811a-aac7-41e1-9b10-ccc4a1a85e2b@group-F3FCE5B30E34-SegmentedRaftLogWorker for RaftStorageImpl:Storage Directory /home/runner/work/ozone/ozone/hadoop-ozone/integration-test/target/test-dir/MiniOzoneClusterImpl-55bfc424-622c-4031-8e27-dd7ab017ec7d/datanode-0/data/ratis/a87fd1d9-e5bf-477b-885a-f3fce5b30e34
2023-08-31 18:16:48,214 [02e5811a-aac7-41e1-9b10-ccc4a1a85e2b-groupManagement] INFO  server.RaftServerConfigKeys (ConfUtils.java:logGet(46)) - raft.server.log.queue.byte-limit = 4294967296 (custom)
2023-08-31 18:16:48,214 [02e5811a-aac7-41e1-9b10-ccc4a1a85e2b-groupManagement] INFO  server.RaftServerConfigKeys (ConfUtils.java:logGet(46)) - raft.server.log.queue.element-limit = 1024 (custom)
2023-08-31 18:16:48,214 [02e5811a-aac7-41e1-9b10-ccc4a1a85e2b-groupManagement] INFO  server.RaftServerConfigKeys (ConfUtils.java:logGet(46)) - raft.server.log.segment.size.max = 1048576 (custom)
2023-08-31 18:16:48,214 [02e5811a-aac7-41e1-9b10-ccc4a1a85e2b-groupManagement] INFO  server.RaftServerConfigKeys (ConfUtils.java:logGet(46)) - raft.server.log.preallocated.size = 16384 (custom)
2023-08-31 18:16:48,215 [02e5811a-aac7-41e1-9b10-ccc4a1a85e2b-groupManagement] INFO  server.RaftServerConfigKeys (ConfUtils.java:logGet(46)) - raft.server.log.force.sync.num = 128 (default)
2023-08-31 18:16:48,215 [02e5811a-aac7-41e1-9b10-ccc4a1a85e2b-groupManagement] INFO  server.RaftServerConfigKeys (ConfUtils.java:logGet(46)) - raft.server.log.statemachine.data.sync = true (default)
2023-08-31 18:16:48,215 [02e5811a-aac7-41e1-9b10-ccc4a1a85e2b-groupManagement] INFO  server.RaftServerConfigKeys (ConfUtils.java:logGet(46)) - raft.server.log.statemachine.data.sync.timeout = 10s (default)
2023-08-31 18:16:48,215 [02e5811a-aac7-41e1-9b10-ccc4a1a85e2b-groupManagement] INFO  server.RaftServerConfigKeys (ConfUtils.java:logGet(46)) - raft.server.log.statemachine.data.sync.timeout.retry = -1 (default)
2023-08-31 18:16:48,215 [a52d6cdf-59e1-461e-b8c6-37ccdacf9b29-groupManagement] INFO  storage.RaftStorageDirectory (RaftStorageDirectoryImpl.java:tryLock(231)) - Lock on /home/runner/work/ozone/ozone/hadoop-ozone/integration-test/target/test-dir/MiniOzoneClusterImpl-55bfc424-622c-4031-8e27-dd7ab017ec7d/datanode-1/data/ratis/a87fd1d9-e5bf-477b-885a-f3fce5b30e34/in_use.lock acquired by nodename 61743@fv-az1129-899
2023-08-31 18:16:48,469 [JvmPauseMonitor5] WARN  util.JvmPauseMonitor (JvmPauseMonitor.java:detectPause(124)) - JvmPauseMonitor-31d6a482-7e3d-487d-933c-c96d7f47fcbe: Detected pause in JVM or host machine approximately 0.159s with 0.247s GC time.
GC pool 'PS MarkSweep' had collection(s): count=1 time=247ms
2023-08-31 18:16:48,470 [PipelineCommandHandlerThread-0] INFO  server.RaftServer (RaftServerProxy.java:addNew(98)) - 936500de-6a46-404e-9e6e-74d5223834e1: addNew group-416B23F882A5:[936500de-6a46-404e-9e6e-74d5223834e1|rpc:10.1.0.8:15032|admin:10.1.0.8:15031|client:10.1.0.8:15030|dataStream:10.1.0.8:15033|priority:1|startupRole:FOLLOWER] returns group-416B23F882A5:java.util.concurrent.CompletableFuture@a4be96[Not completed]
2023-08-31 18:16:48,471 [02e5811a-aac7-41e1-9b10-ccc4a1a85e2b-groupManagement] INFO  server.RaftServerConfigKeys (ConfUtils.java:logGet(46)) - raft.server.log.write.buffer.size = 1048576 (custom)
2023-08-31 18:16:48,473 [02e5811a-aac7-41e1-9b10-ccc4a1a85e2b-groupManagement] INFO  server.RaftServerConfigKeys (ConfUtils.java:logGet(46)) - raft.server.log.appender.buffer.byte-limit = 33554432 (custom)
2023-08-31 18:16:48,474 [a52d6cdf-59e1-461e-b8c6-37ccdacf9b29-groupManagement] INFO  storage.RaftStorage (RaftStorageImpl.java:format(96)) - Storage directory /home/runner/work/ozone/ozone/hadoop-ozone/integration-test/target/test-dir/MiniOzoneClusterImpl-55bfc424-622c-4031-8e27-dd7ab017ec7d/datanode-1/data/ratis/a87fd1d9-e5bf-477b-885a-f3fce5b30e34 has been successfully formatted.
2023-08-31 18:16:48,475 [936500de-6a46-404e-9e6e-74d5223834e1-groupManagement] INFO  server.RaftServer$Division (RaftServerImpl.java:<init>(198)) - 936500de-6a46-404e-9e6e-74d5223834e1: new RaftServerImpl for group-416B23F882A5:[936500de-6a46-404e-9e6e-74d5223834e1|rpc:10.1.0.8:15032|admin:10.1.0.8:15031|client:10.1.0.8:15030|dataStream:10.1.0.8:15033|priority:1|startupRole:FOLLOWER] with ContainerStateMachine:uninitialized
2023-08-31 18:16:48,475 [a52d6cdf-59e1-461e-b8c6-37ccdacf9b29-groupManagement] INFO  ratis.ContainerStateMachine (ContainerStateMachine.java:loadSnapshot(262)) - group-F3FCE5B30E34: The snapshot info is null. Setting the last applied indexto:(t:0, i:~)
2023-08-31 18:16:48,475 [936500de-6a46-404e-9e6e-74d5223834e1-groupManagement] INFO  server.RaftServerConfigKeys (ConfUtils.java:logGet(46)) - raft.server.rpc.timeout.min = 5s (custom)
2023-08-31 18:16:48,482 [936500de-6a46-404e-9e6e-74d5223834e1-groupManagement] INFO  server.RaftServerConfigKeys (ConfUtils.java:logGet(46)) - raft.server.rpc.timeout.max = 5200ms (custom)
2023-08-31 18:16:48,483 [936500de-6a46-404e-9e6e-74d5223834e1-groupManagement] INFO  server.RaftServerConfigKeys (ConfUtils.java:logGet(46)) - raft.server.rpc.sleep.time = 25ms (default)
2023-08-31 18:16:48,483 [936500de-6a46-404e-9e6e-74d5223834e1-groupManagement] INFO  server.RaftServerConfigKeys (ConfUtils.java:logGet(46)) - raft.server.rpc.slowness.timeout = 300s (custom)
2023-08-31 18:16:48,483 [936500de-6a46-404e-9e6e-74d5223834e1-groupManagement] INFO  server.RaftServerConfigKeys (ConfUtils.java:logGet(46)) - raft.server.leaderelection.leader.step-down.wait-time = 10s (default)
2023-08-31 18:16:48,483 [936500de-6a46-404e-9e6e-74d5223834e1-groupManagement] INFO  server.RaftServerConfigKeys (ConfUtils.java:logGet(46)) - raft.server.sleep.deviation.threshold = 300ms (default)
2023-08-31 18:16:48,483 [936500de-6a46-404e-9e6e-74d5223834e1-groupManagement] INFO  server.RaftServer$Division (ServerState.java:<init>(120)) - 936500de-6a46-404e-9e6e-74d5223834e1@group-416B23F882A5: ConfigurationManager, init=-1: peers:[936500de-6a46-404e-9e6e-74d5223834e1|rpc:10.1.0.8:15032|admin:10.1.0.8:15031|client:10.1.0.8:15030|dataStream:10.1.0.8:15033|priority:1|startupRole:FOLLOWER]|listeners:[], old=null, confs=<EMPTY_MAP>
2023-08-31 18:16:48,482 [a52d6cdf-59e1-461e-b8c6-37ccdacf9b29-groupManagement] INFO  server.RaftServerConfigKeys (ConfUtils.java:logGet(46)) - raft.server.log.use.memory = false (default)
2023-08-31 18:16:48,483 [a52d6cdf-59e1-461e-b8c6-37ccdacf9b29-groupManagement] INFO  server.RaftServerConfigKeys (ConfUtils.java:logGet(46)) - raft.server.log.purge.gap = 1000000 (custom)
2023-08-31 18:16:48,483 [a52d6cdf-59e1-461e-b8c6-37ccdacf9b29-groupManagement] INFO  server.RaftServerConfigKeys (ConfUtils.java:logGet(46)) - raft.server.log.appender.buffer.byte-limit = 33554432 (custom)
2023-08-31 18:16:48,483 [a52d6cdf-59e1-461e-b8c6-37ccdacf9b29-groupManagement] INFO  server.RaftServerConfigKeys (ConfUtils.java:logGet(46)) - raft.server.log.statemachine.data.read.timeout = 1000ms (default)
2023-08-31 18:16:48,483 [a52d6cdf-59e1-461e-b8c6-37ccdacf9b29-groupManagement] INFO  server.RaftServerConfigKeys (ConfUtils.java:logGet(46)) - raft.server.log.purge.preservation.log.num = 0 (default)
2023-08-31 18:16:48,484 [a52d6cdf-59e1-461e-b8c6-37ccdacf9b29-groupManagement] INFO  server.RaftServerConfigKeys (ConfUtils.java:logGet(46)) - raft.server.log.segment.size.max = 1048576 (custom)
2023-08-31 18:16:48,484 [a52d6cdf-59e1-461e-b8c6-37ccdacf9b29-groupManagement] INFO  server.RaftServerConfigKeys (ConfUtils.java:logGet(46)) - raft.server.log.segment.cache.num.max = 2 (custom)
2023-08-31 18:16:48,485 [a52d6cdf-59e1-461e-b8c6-37ccdacf9b29-groupManagement] INFO  server.RaftServerConfigKeys (ConfUtils.java:logGet(46)) - raft.server.log.segment.cache.size.max = 200MB (=209715200) (default)
2023-08-31 18:16:48,485 [a52d6cdf-59e1-461e-b8c6-37ccdacf9b29-groupManagement] INFO  server.RaftServerConfigKeys (ConfUtils.java:logGet(46)) - raft.server.log.appender.buffer.byte-limit = 33554432 (custom)
2023-08-31 18:16:48,485 [a52d6cdf-59e1-461e-b8c6-37ccdacf9b29-groupManagement] INFO  segmented.SegmentedRaftLogWorker (SegmentedRaftLogWorker.java:<init>(188)) - new a52d6cdf-59e1-461e-b8c6-37ccdacf9b29@group-F3FCE5B30E34-SegmentedRaftLogWorker for RaftStorageImpl:Storage Directory /home/runner/work/ozone/ozone/hadoop-ozone/integration-test/target/test-dir/MiniOzoneClusterImpl-55bfc424-622c-4031-8e27-dd7ab017ec7d/datanode-1/data/ratis/a87fd1d9-e5bf-477b-885a-f3fce5b30e34
2023-08-31 18:16:48,485 [a52d6cdf-59e1-461e-b8c6-37ccdacf9b29-groupManagement] INFO  server.RaftServerConfigKeys (ConfUtils.java:logGet(46)) - raft.server.log.queue.byte-limit = 4294967296 (custom)
2023-08-31 18:16:48,485 [a52d6cdf-59e1-461e-b8c6-37ccdacf9b29-groupManagement] INFO  server.RaftServerConfigKeys (ConfUtils.java:logGet(46)) - raft.server.log.queue.element-limit = 1024 (custom)
2023-08-31 18:16:48,485 [a52d6cdf-59e1-461e-b8c6-37ccdacf9b29-groupManagement] INFO  server.RaftServerConfigKeys (ConfUtils.java:logGet(46)) - raft.server.log.segment.size.max = 1048576 (custom)
2023-08-31 18:16:48,485 [a52d6cdf-59e1-461e-b8c6-37ccdacf9b29-groupManagement] INFO  server.RaftServerConfigKeys (ConfUtils.java:logGet(46)) - raft.server.log.preallocated.size = 16384 (custom)
2023-08-31 18:16:48,485 [a52d6cdf-59e1-461e-b8c6-37ccdacf9b29-groupManagement] INFO  server.RaftServerConfigKeys (ConfUtils.java:logGet(46)) - raft.server.log.force.sync.num = 128 (default)
2023-08-31 18:16:48,485 [a52d6cdf-59e1-461e-b8c6-37ccdacf9b29-groupManagement] INFO  server.RaftServerConfigKeys (ConfUtils.java:logGet(46)) - raft.server.log.statemachine.data.sync = true (default)
2023-08-31 18:16:48,485 [a52d6cdf-59e1-461e-b8c6-37ccdacf9b29-groupManagement] INFO  server.RaftServerConfigKeys (ConfUtils.java:logGet(46)) - raft.server.log.statemachine.data.sync.timeout = 10s (default)
2023-08-31 18:16:48,485 [a52d6cdf-59e1-461e-b8c6-37ccdacf9b29-groupManagement] INFO  server.RaftServerConfigKeys (ConfUtils.java:logGet(46)) - raft.server.log.statemachine.data.sync.timeout.retry = -1 (default)
2023-08-31 18:16:48,486 [a52d6cdf-59e1-461e-b8c6-37ccdacf9b29-groupManagement] INFO  server.RaftServerConfigKeys (ConfUtils.java:logGet(46)) - raft.server.log.write.buffer.size = 1048576 (custom)
2023-08-31 18:16:48,487 [a52d6cdf-59e1-461e-b8c6-37ccdacf9b29-groupManagement] INFO  server.RaftServerConfigKeys (ConfUtils.java:logGet(46)) - raft.server.log.appender.buffer.byte-limit = 33554432 (custom)
2023-08-31 18:16:48,488 [936500de-6a46-404e-9e6e-74d5223834e1-groupManagement] INFO  server.RaftServerConfigKeys (ConfUtils.java:logGet(46)) - raft.server.storage.dir = [/home/runner/work/ozone/ozone/hadoop-ozone/integration-test/target/test-dir/MiniOzoneClusterImpl-55bfc424-622c-4031-8e27-dd7ab017ec7d/datanode-2/data/ratis] (custom)
2023-08-31 18:16:48,488 [936500de-6a46-404e-9e6e-74d5223834e1-groupManagement] INFO  server.RaftServerConfigKeys (ConfUtils.java:logGet(46)) - raft.server.log.corruption.policy = EXCEPTION (default)
2023-08-31 18:16:48,488 [936500de-6a46-404e-9e6e-74d5223834e1-groupManagement] INFO  server.RaftServerConfigKeys (ConfUtils.java:logGet(46)) - raft.server.storage.free-space.min = 0MB (=0) (default)
2023-08-31 18:16:48,488 [936500de-6a46-404e-9e6e-74d5223834e1-groupManagement] INFO  server.RaftServerConfigKeys (ConfUtils.java:logGet(46)) - raft.server.notification.no-leader.timeout = 300s (custom)
2023-08-31 18:16:48,488 [936500de-6a46-404e-9e6e-74d5223834e1-groupManagement] INFO  server.RaftServerConfigKeys (ConfUtils.java:logGet(46)) - raft.server.read.timeout = 10s (default)
2023-08-31 18:16:48,488 [936500de-6a46-404e-9e6e-74d5223834e1-groupManagement] INFO  server.RaftServerConfigKeys (ConfUtils.java:logGet(46)) - raft.server.retrycache.expirytime = 600000ms (custom)
2023-08-31 18:16:48,488 [936500de-6a46-404e-9e6e-74d5223834e1-groupManagement] INFO  server.RaftServerConfigKeys (ConfUtils.java:logGet(46)) - raft.server.retrycache.statistics.expirytime = 100μs (default)
2023-08-31 18:16:48,489 [936500de-6a46-404e-9e6e-74d5223834e1-groupManagement] INFO  server.RaftServerConfigKeys (ConfUtils.java:logGet(46)) - raft.server.read.option = DEFAULT (default)
2023-08-31 18:16:48,490 [936500de-6a46-404e-9e6e-74d5223834e1-groupManagement] INFO  server.RaftServerConfigKeys (ConfUtils.java:logGet(46)) - raft.server.rpc.request.timeout = 60s (custom)
2023-08-31 18:16:48,490 [936500de-6a46-404e-9e6e-74d5223834e1-groupManagement] INFO  server.RaftServerConfigKeys (ConfUtils.java:logGet(46)) - raft.server.log.appender.install.snapshot.enabled = false (custom)
2023-08-31 18:16:48,490 [936500de-6a46-404e-9e6e-74d5223834e1-groupManagement] INFO  server.RaftServerConfigKeys (ConfUtils.java:logGet(46)) - raft.server.threadpool.server.cached = true (default)
2023-08-31 18:16:48,490 [936500de-6a46-404e-9e6e-74d5223834e1-groupManagement] INFO  server.RaftServerConfigKeys (ConfUtils.java:logGet(46)) - raft.server.threadpool.server.size = 0 (default)
2023-08-31 18:16:48,490 [936500de-6a46-404e-9e6e-74d5223834e1-groupManagement] INFO  server.RaftServerConfigKeys (ConfUtils.java:logGet(46)) - raft.server.threadpool.client.cached = true (default)
2023-08-31 18:16:48,491 [936500de-6a46-404e-9e6e-74d5223834e1-groupManagement] INFO  server.RaftServerConfigKeys (ConfUtils.java:logGet(46)) - raft.server.threadpool.client.size = 0 (default)
2023-08-31 18:16:48,491 [936500de-6a46-404e-9e6e-74d5223834e1-groupManagement] INFO  storage.RaftStorageDirectory (RaftStorageDirectoryImpl.java:analyzeStorage(137)) - The storage directory /home/runner/work/ozone/ozone/hadoop-ozone/integration-test/target/test-dir/MiniOzoneClusterImpl-55bfc424-622c-4031-8e27-dd7ab017ec7d/datanode-2/data/ratis/3f1092a6-5230-4462-89b4-416b23f882a5 does not exist. Creating ...
2023-08-31 18:16:48,493 [936500de-6a46-404e-9e6e-74d5223834e1-groupManagement] INFO  storage.RaftStorageDirectory (RaftStorageDirectoryImpl.java:tryLock(231)) - Lock on /home/runner/work/ozone/ozone/hadoop-ozone/integration-test/target/test-dir/MiniOzoneClusterImpl-55bfc424-622c-4031-8e27-dd7ab017ec7d/datanode-2/data/ratis/3f1092a6-5230-4462-89b4-416b23f882a5/in_use.lock acquired by nodename 61743@fv-az1129-899
2023-08-31 18:16:48,500 [936500de-6a46-404e-9e6e-74d5223834e1-groupManagement] INFO  storage.RaftStorage (RaftStorageImpl.java:format(96)) - Storage directory /home/runner/work/ozone/ozone/hadoop-ozone/integration-test/target/test-dir/MiniOzoneClusterImpl-55bfc424-622c-4031-8e27-dd7ab017ec7d/datanode-2/data/ratis/3f1092a6-5230-4462-89b4-416b23f882a5 has been successfully formatted.
2023-08-31 18:16:48,501 [02e5811a-aac7-41e1-9b10-ccc4a1a85e2b-groupManagement] INFO  server.RaftServerConfigKeys (ConfUtils.java:logGet(46)) - raft.server.log.unsafe-flush.enabled = false (default)
2023-08-31 18:16:48,501 [02e5811a-aac7-41e1-9b10-ccc4a1a85e2b-groupManagement] INFO  server.RaftServerConfigKeys (ConfUtils.java:logGet(46)) - raft.server.log.async-flush.enabled = false (default)
2023-08-31 18:16:48,501 [02e5811a-aac7-41e1-9b10-ccc4a1a85e2b-groupManagement] INFO  server.RaftServerConfigKeys (ConfUtils.java:logGet(46)) - raft.server.log.statemachine.data.caching.enabled = true (custom)
2023-08-31 18:16:48,501 [02e5811a-aac7-41e1-9b10-ccc4a1a85e2b-groupManagement] INFO  segmented.SegmentedRaftLogWorker (SegmentedRaftLogWorker.java:lambda$new$0(135)) - 02e5811a-aac7-41e1-9b10-ccc4a1a85e2b@group-F3FCE5B30E34-SegmentedRaftLogWorker: flushIndex: setUnconditionally 0 -> -1
2023-08-31 18:16:48,501 [02e5811a-aac7-41e1-9b10-ccc4a1a85e2b-groupManagement] INFO  segmented.SegmentedRaftLogWorker (SegmentedRaftLogWorker.java:lambda$new$0(135)) - 02e5811a-aac7-41e1-9b10-ccc4a1a85e2b@group-F3FCE5B30E34-SegmentedRaftLogWorker: safeCacheEvictIndex: setUnconditionally 0 -> -1
2023-08-31 18:16:48,508 [936500de-6a46-404e-9e6e-74d5223834e1-groupManagement] INFO  ratis.ContainerStateMachine (ContainerStateMachine.java:loadSnapshot(262)) - group-416B23F882A5: The snapshot info is null. Setting the last applied indexto:(t:0, i:~)
2023-08-31 18:16:48,508 [936500de-6a46-404e-9e6e-74d5223834e1-groupManagement] INFO  server.RaftServerConfigKeys (ConfUtils.java:logGet(46)) - raft.server.log.use.memory = false (default)
2023-08-31 18:16:48,508 [936500de-6a46-404e-9e6e-74d5223834e1-groupManagement] INFO  server.RaftServerConfigKeys (ConfUtils.java:logGet(46)) - raft.server.log.purge.gap = 1000000 (custom)
2023-08-31 18:16:48,508 [936500de-6a46-404e-9e6e-74d5223834e1-groupManagement] INFO  server.RaftServerConfigKeys (ConfUtils.java:logGet(46)) - raft.server.log.appender.buffer.byte-limit = 33554432 (custom)
2023-08-31 18:16:48,508 [936500de-6a46-404e-9e6e-74d5223834e1-groupManagement] INFO  server.RaftServerConfigKeys (ConfUtils.java:logGet(46)) - raft.server.log.statemachine.data.read.timeout = 1000ms (default)
2023-08-31 18:16:48,508 [936500de-6a46-404e-9e6e-74d5223834e1-groupManagement] INFO  server.RaftServerConfigKeys (ConfUtils.java:logGet(46)) - raft.server.log.purge.preservation.log.num = 0 (default)
2023-08-31 18:16:48,508 [936500de-6a46-404e-9e6e-74d5223834e1-groupManagement] INFO  server.RaftServerConfigKeys (ConfUtils.java:logGet(46)) - raft.server.log.segment.size.max = 1048576 (custom)
2023-08-31 18:16:48,509 [936500de-6a46-404e-9e6e-74d5223834e1-groupManagement] INFO  server.RaftServerConfigKeys (ConfUtils.java:logGet(46)) - raft.server.log.segment.cache.num.max = 2 (custom)
2023-08-31 18:16:48,509 [936500de-6a46-404e-9e6e-74d5223834e1-groupManagement] INFO  server.RaftServerConfigKeys (ConfUtils.java:logGet(46)) - raft.server.log.segment.cache.size.max = 200MB (=209715200) (default)
2023-08-31 18:16:48,509 [936500de-6a46-404e-9e6e-74d5223834e1-groupManagement] INFO  server.RaftServerConfigKeys (ConfUtils.java:logGet(46)) - raft.server.log.appender.buffer.byte-limit = 33554432 (custom)
2023-08-31 18:16:48,509 [936500de-6a46-404e-9e6e-74d5223834e1-groupManagement] INFO  segmented.SegmentedRaftLogWorker (SegmentedRaftLogWorker.java:<init>(188)) - new 936500de-6a46-404e-9e6e-74d5223834e1@group-416B23F882A5-SegmentedRaftLogWorker for RaftStorageImpl:Storage Directory /home/runner/work/ozone/ozone/hadoop-ozone/integration-test/target/test-dir/MiniOzoneClusterImpl-55bfc424-622c-4031-8e27-dd7ab017ec7d/datanode-2/data/ratis/3f1092a6-5230-4462-89b4-416b23f882a5
2023-08-31 18:16:48,509 [936500de-6a46-404e-9e6e-74d5223834e1-groupManagement] INFO  server.RaftServerConfigKeys (ConfUtils.java:logGet(46)) - raft.server.log.queue.byte-limit = 4294967296 (custom)
2023-08-31 18:16:48,510 [936500de-6a46-404e-9e6e-74d5223834e1-groupManagement] INFO  server.RaftServerConfigKeys (ConfUtils.java:logGet(46)) - raft.server.log.queue.element-limit = 1024 (custom)
2023-08-31 18:16:48,510 [936500de-6a46-404e-9e6e-74d5223834e1-groupManagement] INFO  server.RaftServerConfigKeys (ConfUtils.java:logGet(46)) - raft.server.log.segment.size.max = 1048576 (custom)
2023-08-31 18:16:48,510 [936500de-6a46-404e-9e6e-74d5223834e1-groupManagement] INFO  server.RaftServerConfigKeys (ConfUtils.java:logGet(46)) - raft.server.log.preallocated.size = 16384 (custom)
2023-08-31 18:16:48,510 [936500de-6a46-404e-9e6e-74d5223834e1-groupManagement] INFO  server.RaftServerConfigKeys (ConfUtils.java:logGet(46)) - raft.server.log.force.sync.num = 128 (default)
2023-08-31 18:16:48,511 [936500de-6a46-404e-9e6e-74d5223834e1-groupManagement] INFO  server.RaftServerConfigKeys (ConfUtils.java:logGet(46)) - raft.server.log.statemachine.data.sync = true (default)
2023-08-31 18:16:48,511 [936500de-6a46-404e-9e6e-74d5223834e1-groupManagement] INFO  server.RaftServerConfigKeys (ConfUtils.java:logGet(46)) - raft.server.log.statemachine.data.sync.timeout = 10s (default)
2023-08-31 18:16:48,511 [936500de-6a46-404e-9e6e-74d5223834e1-groupManagement] INFO  server.RaftServerConfigKeys (ConfUtils.java:logGet(46)) - raft.server.log.statemachine.data.sync.timeout.retry = -1 (default)
2023-08-31 18:16:48,512 [a52d6cdf-59e1-461e-b8c6-37ccdacf9b29-groupManagement] INFO  server.RaftServerConfigKeys (ConfUtils.java:logGet(46)) - raft.server.log.unsafe-flush.enabled = false (default)
2023-08-31 18:16:48,515 [EventQueue-PipelineReportForPipelineReportHandler] INFO  pipeline.PipelineReportHandler (PipelineReportHandler.java:processPipelineReport(136)) - Opened pipeline PipelineID=3f1092a6-5230-4462-89b4-416b23f882a5
2023-08-31 18:16:48,514 [EventQueue-OpenPipelineForHealthyPipelineSafeModeRule] INFO  safemode.SCMSafeModeManager (HealthyPipelineSafeModeRule.java:process(137)) - SCM in safe mode. Healthy pipelines reported count is 0, required healthy pipeline reported count is 1
2023-08-31 18:16:48,516 [EventQueue-OpenPipelineForHealthyPipelineSafeModeRule] INFO  safemode.SCMSafeModeManager (HealthyPipelineSafeModeRule.java:process(137)) - SCM in safe mode. Healthy pipelines reported count is 0, required healthy pipeline reported count is 1
2023-08-31 18:16:48,516 [a52d6cdf-59e1-461e-b8c6-37ccdacf9b29-groupManagement] INFO  server.RaftServerConfigKeys (ConfUtils.java:logGet(46)) - raft.server.log.async-flush.enabled = false (default)
2023-08-31 18:16:48,516 [a52d6cdf-59e1-461e-b8c6-37ccdacf9b29-groupManagement] INFO  server.RaftServerConfigKeys (ConfUtils.java:logGet(46)) - raft.server.log.statemachine.data.caching.enabled = true (custom)
2023-08-31 18:16:48,516 [a52d6cdf-59e1-461e-b8c6-37ccdacf9b29-groupManagement] INFO  segmented.SegmentedRaftLogWorker (SegmentedRaftLogWorker.java:lambda$new$0(135)) - a52d6cdf-59e1-461e-b8c6-37ccdacf9b29@group-F3FCE5B30E34-SegmentedRaftLogWorker: flushIndex: setUnconditionally 0 -> -1
2023-08-31 18:16:48,516 [a52d6cdf-59e1-461e-b8c6-37ccdacf9b29-groupManagement] INFO  segmented.SegmentedRaftLogWorker (SegmentedRaftLogWorker.java:lambda$new$0(135)) - a52d6cdf-59e1-461e-b8c6-37ccdacf9b29@group-F3FCE5B30E34-SegmentedRaftLogWorker: safeCacheEvictIndex: setUnconditionally 0 -> -1
2023-08-31 18:16:48,517 [936500de-6a46-404e-9e6e-74d5223834e1-groupManagement] INFO  server.RaftServerConfigKeys (ConfUtils.java:logGet(46)) - raft.server.log.write.buffer.size = 1048576 (custom)
2023-08-31 18:16:48,517 [a52d6cdf-59e1-461e-b8c6-37ccdacf9b29-groupManagement] INFO  server.RaftServer$Division (RaftServerImpl.java:start(342)) - a52d6cdf-59e1-461e-b8c6-37ccdacf9b29@group-F3FCE5B30E34: start as a follower, conf=-1: peers:[a52d6cdf-59e1-461e-b8c6-37ccdacf9b29|rpc:10.1.0.8:15023|admin:10.1.0.8:15022|client:10.1.0.8:15021|dataStream:10.1.0.8:15024|priority:1|startupRole:FOLLOWER, 936500de-6a46-404e-9e6e-74d5223834e1|rpc:10.1.0.8:15032|admin:10.1.0.8:15031|client:10.1.0.8:15030|dataStream:10.1.0.8:15033|priority:0|startupRole:FOLLOWER, 02e5811a-aac7-41e1-9b10-ccc4a1a85e2b|rpc:10.1.0.8:15014|admin:10.1.0.8:15013|client:10.1.0.8:15012|dataStream:10.1.0.8:15015|priority:0|startupRole:FOLLOWER]|listeners:[], old=null
2023-08-31 18:16:48,517 [a52d6cdf-59e1-461e-b8c6-37ccdacf9b29-groupManagement] INFO  server.RaftServer$Division (RaftServerImpl.java:setRole(329)) - a52d6cdf-59e1-461e-b8c6-37ccdacf9b29@group-F3FCE5B30E34: changes role from      null to FOLLOWER at term 0 for startAsFollower
2023-08-31 18:16:48,517 [a52d6cdf-59e1-461e-b8c6-37ccdacf9b29-groupManagement] INFO  impl.RoleInfo (RoleInfo.java:updateAndGet(139)) - a52d6cdf-59e1-461e-b8c6-37ccdacf9b29: start a52d6cdf-59e1-461e-b8c6-37ccdacf9b29@group-F3FCE5B30E34-FollowerState
2023-08-31 18:16:48,518 [936500de-6a46-404e-9e6e-74d5223834e1-groupManagement] INFO  server.RaftServerConfigKeys (ConfUtils.java:logGet(46)) - raft.server.log.appender.buffer.byte-limit = 33554432 (custom)
2023-08-31 18:16:48,518 [02e5811a-aac7-41e1-9b10-ccc4a1a85e2b-groupManagement] INFO  server.RaftServer$Division (RaftServerImpl.java:start(342)) - 02e5811a-aac7-41e1-9b10-ccc4a1a85e2b@group-F3FCE5B30E34: start as a follower, conf=-1: peers:[a52d6cdf-59e1-461e-b8c6-37ccdacf9b29|rpc:10.1.0.8:15023|admin:10.1.0.8:15022|client:10.1.0.8:15021|dataStream:10.1.0.8:15024|priority:1|startupRole:FOLLOWER, 936500de-6a46-404e-9e6e-74d5223834e1|rpc:10.1.0.8:15032|admin:10.1.0.8:15031|client:10.1.0.8:15030|dataStream:10.1.0.8:15033|priority:0|startupRole:FOLLOWER, 02e5811a-aac7-41e1-9b10-ccc4a1a85e2b|rpc:10.1.0.8:15014|admin:10.1.0.8:15013|client:10.1.0.8:15012|dataStream:10.1.0.8:15015|priority:0|startupRole:FOLLOWER]|listeners:[], old=null
2023-08-31 18:16:48,528 [02e5811a-aac7-41e1-9b10-ccc4a1a85e2b-groupManagement] INFO  server.RaftServer$Division (RaftServerImpl.java:setRole(329)) - 02e5811a-aac7-41e1-9b10-ccc4a1a85e2b@group-F3FCE5B30E34: changes role from      null to FOLLOWER at term 0 for startAsFollower
2023-08-31 18:16:48,528 [02e5811a-aac7-41e1-9b10-ccc4a1a85e2b-groupManagement] INFO  impl.RoleInfo (RoleInfo.java:updateAndGet(139)) - 02e5811a-aac7-41e1-9b10-ccc4a1a85e2b: start 02e5811a-aac7-41e1-9b10-ccc4a1a85e2b@group-F3FCE5B30E34-FollowerState
2023-08-31 18:16:48,529 [936500de-6a46-404e-9e6e-74d5223834e1-groupManagement] INFO  server.RaftServerConfigKeys (ConfUtils.java:logGet(46)) - raft.server.log.unsafe-flush.enabled = false (default)
2023-08-31 18:16:48,518 [a52d6cdf-59e1-461e-b8c6-37ccdacf9b29@group-F3FCE5B30E34-FollowerState] INFO  server.RaftServerConfigKeys (ConfUtils.java:logFallback(53)) - raft.server.rpc.first-election.timeout.min = 5s (fallback to raft.server.rpc.timeout.min)
2023-08-31 18:16:48,518 [a52d6cdf-59e1-461e-b8c6-37ccdacf9b29-groupManagement] INFO  util.JmxRegister (JmxRegister.java:tryRegister(44)) - Successfully registered JMX Bean with object name Ratis:service=RaftServer,group=group-F3FCE5B30E34,id=a52d6cdf-59e1-461e-b8c6-37ccdacf9b29
2023-08-31 18:16:48,534 [a52d6cdf-59e1-461e-b8c6-37ccdacf9b29@group-F3FCE5B30E34-FollowerState] INFO  server.RaftServerConfigKeys (ConfUtils.java:logFallback(53)) - raft.server.rpc.first-election.timeout.max = 5200ms (fallback to raft.server.rpc.timeout.max)
2023-08-31 18:16:48,534 [a52d6cdf-59e1-461e-b8c6-37ccdacf9b29-groupManagement] INFO  server.RaftServerConfigKeys (ConfUtils.java:logGet(46)) - raft.server.snapshot.auto.trigger.enabled = true (custom)
2023-08-31 18:16:48,532 [936500de-6a46-404e-9e6e-74d5223834e1-groupManagement] INFO  server.RaftServerConfigKeys (ConfUtils.java:logGet(46)) - raft.server.log.async-flush.enabled = false (default)
2023-08-31 18:16:48,534 [a52d6cdf-59e1-461e-b8c6-37ccdacf9b29-groupManagement] INFO  server.RaftServerConfigKeys (ConfUtils.java:logGet(46)) - raft.server.snapshot.auto.trigger.threshold = 10000 (custom)
2023-08-31 18:16:48,534 [a52d6cdf-59e1-461e-b8c6-37ccdacf9b29-groupManagement] INFO  server.RaftServerConfigKeys (ConfUtils.java:logGet(46)) - raft.server.snapshot.retention.file.num = 5 (custom)
2023-08-31 18:16:48,534 [02e5811a-aac7-41e1-9b10-ccc4a1a85e2b@group-F3FCE5B30E34-FollowerState] INFO  server.RaftServerConfigKeys (ConfUtils.java:logFallback(53)) - raft.server.rpc.first-election.timeout.min = 5s (fallback to raft.server.rpc.timeout.min)
2023-08-31 18:16:48,534 [02e5811a-aac7-41e1-9b10-ccc4a1a85e2b@group-F3FCE5B30E34-FollowerState] INFO  server.RaftServerConfigKeys (ConfUtils.java:logFallback(53)) - raft.server.rpc.first-election.timeout.max = 5200ms (fallback to raft.server.rpc.timeout.max)
2023-08-31 18:16:48,534 [02e5811a-aac7-41e1-9b10-ccc4a1a85e2b-groupManagement] INFO  util.JmxRegister (JmxRegister.java:tryRegister(44)) - Successfully registered JMX Bean with object name Ratis:service=RaftServer,group=group-F3FCE5B30E34,id=02e5811a-aac7-41e1-9b10-ccc4a1a85e2b
2023-08-31 18:16:48,534 [02e5811a-aac7-41e1-9b10-ccc4a1a85e2b-groupManagement] INFO  server.RaftServerConfigKeys (ConfUtils.java:logGet(46)) - raft.server.snapshot.auto.trigger.enabled = true (custom)
2023-08-31 18:16:48,534 [02e5811a-aac7-41e1-9b10-ccc4a1a85e2b-groupManagement] INFO  server.RaftServerConfigKeys (ConfUtils.java:logGet(46)) - raft.server.snapshot.auto.trigger.threshold = 10000 (custom)
2023-08-31 18:16:48,534 [02e5811a-aac7-41e1-9b10-ccc4a1a85e2b-groupManagement] INFO  server.RaftServerConfigKeys (ConfUtils.java:logGet(46)) - raft.server.snapshot.retention.file.num = 5 (custom)
2023-08-31 18:16:48,534 [02e5811a-aac7-41e1-9b10-ccc4a1a85e2b-groupManagement] INFO  server.RaftServerConfigKeys (ConfUtils.java:logGet(46)) - raft.server.log.purge.upto.snapshot.index = false (default)
2023-08-31 18:16:48,534 [936500de-6a46-404e-9e6e-74d5223834e1-groupManagement] INFO  server.RaftServerConfigKeys (ConfUtils.java:logGet(46)) - raft.server.log.statemachine.data.caching.enabled = true (custom)
2023-08-31 18:16:48,534 [a52d6cdf-59e1-461e-b8c6-37ccdacf9b29-groupManagement] INFO  server.RaftServerConfigKeys (ConfUtils.java:logGet(46)) - raft.server.log.purge.upto.snapshot.index = false (default)
2023-08-31 18:16:48,536 [936500de-6a46-404e-9e6e-74d5223834e1-groupManagement] INFO  segmented.SegmentedRaftLogWorker (SegmentedRaftLogWorker.java:lambda$new$0(135)) - 936500de-6a46-404e-9e6e-74d5223834e1@group-416B23F882A5-SegmentedRaftLogWorker: flushIndex: setUnconditionally 0 -> -1
2023-08-31 18:16:48,536 [936500de-6a46-404e-9e6e-74d5223834e1-groupManagement] INFO  segmented.SegmentedRaftLogWorker (SegmentedRaftLogWorker.java:lambda$new$0(135)) - 936500de-6a46-404e-9e6e-74d5223834e1@group-416B23F882A5-SegmentedRaftLogWorker: safeCacheEvictIndex: setUnconditionally 0 -> -1
2023-08-31 18:16:48,536 [PipelineCommandHandlerThread-0] INFO  ratis.XceiverServerRatis (XceiverServerRatis.java:addGroup(804)) - Created group PipelineID=a87fd1d9-e5bf-477b-885a-f3fce5b30e34
2023-08-31 18:16:48,542 [936500de-6a46-404e-9e6e-74d5223834e1-groupManagement] INFO  server.RaftServer$Division (RaftServerImpl.java:start(342)) - 936500de-6a46-404e-9e6e-74d5223834e1@group-416B23F882A5: start as a follower, conf=-1: peers:[936500de-6a46-404e-9e6e-74d5223834e1|rpc:10.1.0.8:15032|admin:10.1.0.8:15031|client:10.1.0.8:15030|dataStream:10.1.0.8:15033|priority:1|startupRole:FOLLOWER]|listeners:[], old=null
2023-08-31 18:16:48,543 [936500de-6a46-404e-9e6e-74d5223834e1-groupManagement] INFO  server.RaftServer$Division (RaftServerImpl.java:setRole(329)) - 936500de-6a46-404e-9e6e-74d5223834e1@group-416B23F882A5: changes role from      null to FOLLOWER at term 0 for startAsFollower
2023-08-31 18:16:48,543 [936500de-6a46-404e-9e6e-74d5223834e1-groupManagement] INFO  impl.RoleInfo (RoleInfo.java:updateAndGet(139)) - 936500de-6a46-404e-9e6e-74d5223834e1: start 936500de-6a46-404e-9e6e-74d5223834e1@group-416B23F882A5-FollowerState
2023-08-31 18:16:48,545 [936500de-6a46-404e-9e6e-74d5223834e1-groupManagement] INFO  util.JmxRegister (JmxRegister.java:tryRegister(44)) - Successfully registered JMX Bean with object name Ratis:service=RaftServer,group=group-416B23F882A5,id=936500de-6a46-404e-9e6e-74d5223834e1
2023-08-31 18:16:48,545 [936500de-6a46-404e-9e6e-74d5223834e1-groupManagement] INFO  server.RaftServerConfigKeys (ConfUtils.java:logGet(46)) - raft.server.snapshot.auto.trigger.enabled = true (custom)
2023-08-31 18:16:48,545 [936500de-6a46-404e-9e6e-74d5223834e1-groupManagement] INFO  server.RaftServerConfigKeys (ConfUtils.java:logGet(46)) - raft.server.snapshot.auto.trigger.threshold = 10000 (custom)
2023-08-31 18:16:48,545 [936500de-6a46-404e-9e6e-74d5223834e1-groupManagement] INFO  server.RaftServerConfigKeys (ConfUtils.java:logGet(46)) - raft.server.snapshot.retention.file.num = 5 (custom)
2023-08-31 18:16:48,545 [936500de-6a46-404e-9e6e-74d5223834e1-groupManagement] INFO  server.RaftServerConfigKeys (ConfUtils.java:logGet(46)) - raft.server.log.purge.upto.snapshot.index = false (default)
2023-08-31 18:16:48,546 [936500de-6a46-404e-9e6e-74d5223834e1@group-416B23F882A5-FollowerState] INFO  server.RaftServerConfigKeys (ConfUtils.java:logFallback(53)) - raft.server.rpc.first-election.timeout.min = 5s (fallback to raft.server.rpc.timeout.min)
2023-08-31 18:16:48,546 [936500de-6a46-404e-9e6e-74d5223834e1@group-416B23F882A5-FollowerState] INFO  server.RaftServerConfigKeys (ConfUtils.java:logFallback(53)) - raft.server.rpc.first-election.timeout.max = 5200ms (fallback to raft.server.rpc.timeout.max)
2023-08-31 18:16:48,547 [PipelineCommandHandlerThread-0] INFO  ratis.XceiverServerRatis (XceiverServerRatis.java:addGroup(804)) - Created group PipelineID=a87fd1d9-e5bf-477b-885a-f3fce5b30e34
2023-08-31 18:16:48,556 [PipelineCommandHandlerThread-0] INFO  ratis.XceiverServerRatis (XceiverServerRatis.java:addGroup(804)) - Created group PipelineID=3f1092a6-5230-4462-89b4-416b23f882a5
2023-08-31 18:16:48,556 [PipelineCommandHandlerThread-0] INFO  commandhandler.CreatePipelineCommandHandler (CreatePipelineCommandHandler.java:lambda$handle$2(124)) - Created Pipeline RATIS ONE PipelineID=3f1092a6-5230-4462-89b4-416b23f882a5.
2023-08-31 18:16:48,557 [PipelineCommandHandlerThread-0] INFO  server.RaftServer (RaftServerProxy.java:addNew(98)) - 936500de-6a46-404e-9e6e-74d5223834e1: addNew group-F3FCE5B30E34:[a52d6cdf-59e1-461e-b8c6-37ccdacf9b29|rpc:10.1.0.8:15023|admin:10.1.0.8:15022|client:10.1.0.8:15021|dataStream:10.1.0.8:15024|priority:1|startupRole:FOLLOWER, 936500de-6a46-404e-9e6e-74d5223834e1|rpc:10.1.0.8:15032|admin:10.1.0.8:15031|client:10.1.0.8:15030|dataStream:10.1.0.8:15033|priority:0|startupRole:FOLLOWER, 02e5811a-aac7-41e1-9b10-ccc4a1a85e2b|rpc:10.1.0.8:15014|admin:10.1.0.8:15013|client:10.1.0.8:15012|dataStream:10.1.0.8:15015|priority:0|startupRole:FOLLOWER] returns group-F3FCE5B30E34:java.util.concurrent.CompletableFuture@e6340f2[Not completed]
2023-08-31 18:16:48,558 [936500de-6a46-404e-9e6e-74d5223834e1-groupManagement] INFO  server.RaftServer$Division (RaftServerImpl.java:<init>(198)) - 936500de-6a46-404e-9e6e-74d5223834e1: new RaftServerImpl for group-F3FCE5B30E34:[a52d6cdf-59e1-461e-b8c6-37ccdacf9b29|rpc:10.1.0.8:15023|admin:10.1.0.8:15022|client:10.1.0.8:15021|dataStream:10.1.0.8:15024|priority:1|startupRole:FOLLOWER, 936500de-6a46-404e-9e6e-74d5223834e1|rpc:10.1.0.8:15032|admin:10.1.0.8:15031|client:10.1.0.8:15030|dataStream:10.1.0.8:15033|priority:0|startupRole:FOLLOWER, 02e5811a-aac7-41e1-9b10-ccc4a1a85e2b|rpc:10.1.0.8:15014|admin:10.1.0.8:15013|client:10.1.0.8:15012|dataStream:10.1.0.8:15015|priority:0|startupRole:FOLLOWER] with ContainerStateMachine:uninitialized
2023-08-31 18:16:48,558 [936500de-6a46-404e-9e6e-74d5223834e1-groupManagement] INFO  server.RaftServerConfigKeys (ConfUtils.java:logGet(46)) - raft.server.rpc.timeout.min = 5s (custom)
2023-08-31 18:16:48,558 [936500de-6a46-404e-9e6e-74d5223834e1-groupManagement] INFO  server.RaftServerConfigKeys (ConfUtils.java:logGet(46)) - raft.server.rpc.timeout.max = 5200ms (custom)
2023-08-31 18:16:48,558 [936500de-6a46-404e-9e6e-74d5223834e1-groupManagement] INFO  server.RaftServerConfigKeys (ConfUtils.java:logGet(46)) - raft.server.rpc.sleep.time = 25ms (default)
2023-08-31 18:16:48,558 [936500de-6a46-404e-9e6e-74d5223834e1-groupManagement] INFO  server.RaftServerConfigKeys (ConfUtils.java:logGet(46)) - raft.server.rpc.slowness.timeout = 300s (custom)
2023-08-31 18:16:48,559 [936500de-6a46-404e-9e6e-74d5223834e1-groupManagement] INFO  server.RaftServerConfigKeys (ConfUtils.java:logGet(46)) - raft.server.leaderelection.leader.step-down.wait-time = 10s (default)
2023-08-31 18:16:48,559 [936500de-6a46-404e-9e6e-74d5223834e1-groupManagement] INFO  server.RaftServerConfigKeys (ConfUtils.java:logGet(46)) - raft.server.sleep.deviation.threshold = 300ms (default)
2023-08-31 18:16:48,559 [936500de-6a46-404e-9e6e-74d5223834e1-groupManagement] INFO  server.RaftServer$Division (ServerState.java:<init>(120)) - 936500de-6a46-404e-9e6e-74d5223834e1@group-F3FCE5B30E34: ConfigurationManager, init=-1: peers:[a52d6cdf-59e1-461e-b8c6-37ccdacf9b29|rpc:10.1.0.8:15023|admin:10.1.0.8:15022|client:10.1.0.8:15021|dataStream:10.1.0.8:15024|priority:1|startupRole:FOLLOWER, 936500de-6a46-404e-9e6e-74d5223834e1|rpc:10.1.0.8:15032|admin:10.1.0.8:15031|client:10.1.0.8:15030|dataStream:10.1.0.8:15033|priority:0|startupRole:FOLLOWER, 02e5811a-aac7-41e1-9b10-ccc4a1a85e2b|rpc:10.1.0.8:15014|admin:10.1.0.8:15013|client:10.1.0.8:15012|dataStream:10.1.0.8:15015|priority:0|startupRole:FOLLOWER]|listeners:[], old=null, confs=<EMPTY_MAP>
2023-08-31 18:16:48,559 [936500de-6a46-404e-9e6e-74d5223834e1-groupManagement] INFO  server.RaftServerConfigKeys (ConfUtils.java:logGet(46)) - raft.server.storage.dir = [/home/runner/work/ozone/ozone/hadoop-ozone/integration-test/target/test-dir/MiniOzoneClusterImpl-55bfc424-622c-4031-8e27-dd7ab017ec7d/datanode-2/data/ratis] (custom)
2023-08-31 18:16:48,559 [936500de-6a46-404e-9e6e-74d5223834e1-groupManagement] INFO  server.RaftServerConfigKeys (ConfUtils.java:logGet(46)) - raft.server.log.corruption.policy = EXCEPTION (default)
2023-08-31 18:16:48,559 [936500de-6a46-404e-9e6e-74d5223834e1-groupManagement] INFO  server.RaftServerConfigKeys (ConfUtils.java:logGet(46)) - raft.server.storage.free-space.min = 0MB (=0) (default)
2023-08-31 18:16:48,560 [936500de-6a46-404e-9e6e-74d5223834e1-groupManagement] INFO  server.RaftServerConfigKeys (ConfUtils.java:logGet(46)) - raft.server.notification.no-leader.timeout = 300s (custom)
2023-08-31 18:16:48,560 [936500de-6a46-404e-9e6e-74d5223834e1-groupManagement] INFO  server.RaftServerConfigKeys (ConfUtils.java:logGet(46)) - raft.server.read.timeout = 10s (default)
2023-08-31 18:16:48,560 [936500de-6a46-404e-9e6e-74d5223834e1-groupManagement] INFO  server.RaftServerConfigKeys (ConfUtils.java:logGet(46)) - raft.server.retrycache.expirytime = 600000ms (custom)
2023-08-31 18:16:48,560 [936500de-6a46-404e-9e6e-74d5223834e1-groupManagement] INFO  server.RaftServerConfigKeys (ConfUtils.java:logGet(46)) - raft.server.retrycache.statistics.expirytime = 100μs (default)
2023-08-31 18:16:48,560 [936500de-6a46-404e-9e6e-74d5223834e1-groupManagement] INFO  server.RaftServerConfigKeys (ConfUtils.java:logGet(46)) - raft.server.read.option = DEFAULT (default)
2023-08-31 18:16:48,564 [936500de-6a46-404e-9e6e-74d5223834e1-groupManagement] INFO  server.RaftServerConfigKeys (ConfUtils.java:logGet(46)) - raft.server.rpc.request.timeout = 60s (custom)
2023-08-31 18:16:48,564 [936500de-6a46-404e-9e6e-74d5223834e1-groupManagement] INFO  server.RaftServerConfigKeys (ConfUtils.java:logGet(46)) - raft.server.log.appender.install.snapshot.enabled = false (custom)
2023-08-31 18:16:48,564 [936500de-6a46-404e-9e6e-74d5223834e1-groupManagement] INFO  server.RaftServerConfigKeys (ConfUtils.java:logGet(46)) - raft.server.threadpool.server.cached = true (default)
2023-08-31 18:16:48,564 [936500de-6a46-404e-9e6e-74d5223834e1-groupManagement] INFO  server.RaftServerConfigKeys (ConfUtils.java:logGet(46)) - raft.server.threadpool.server.size = 0 (default)
2023-08-31 18:16:48,564 [936500de-6a46-404e-9e6e-74d5223834e1-groupManagement] INFO  server.RaftServerConfigKeys (ConfUtils.java:logGet(46)) - raft.server.threadpool.client.cached = true (default)
2023-08-31 18:16:48,564 [936500de-6a46-404e-9e6e-74d5223834e1-groupManagement] INFO  server.RaftServerConfigKeys (ConfUtils.java:logGet(46)) - raft.server.threadpool.client.size = 0 (default)
2023-08-31 18:16:48,565 [936500de-6a46-404e-9e6e-74d5223834e1-groupManagement] INFO  storage.RaftStorageDirectory (RaftStorageDirectoryImpl.java:analyzeStorage(137)) - The storage directory /home/runner/work/ozone/ozone/hadoop-ozone/integration-test/target/test-dir/MiniOzoneClusterImpl-55bfc424-622c-4031-8e27-dd7ab017ec7d/datanode-2/data/ratis/a87fd1d9-e5bf-477b-885a-f3fce5b30e34 does not exist. Creating ...
2023-08-31 18:16:48,567 [936500de-6a46-404e-9e6e-74d5223834e1-groupManagement] INFO  storage.RaftStorageDirectory (RaftStorageDirectoryImpl.java:tryLock(231)) - Lock on /home/runner/work/ozone/ozone/hadoop-ozone/integration-test/target/test-dir/MiniOzoneClusterImpl-55bfc424-622c-4031-8e27-dd7ab017ec7d/datanode-2/data/ratis/a87fd1d9-e5bf-477b-885a-f3fce5b30e34/in_use.lock acquired by nodename 61743@fv-az1129-899
2023-08-31 18:16:48,573 [936500de-6a46-404e-9e6e-74d5223834e1-groupManagement] INFO  storage.RaftStorage (RaftStorageImpl.java:format(96)) - Storage directory /home/runner/work/ozone/ozone/hadoop-ozone/integration-test/target/test-dir/MiniOzoneClusterImpl-55bfc424-622c-4031-8e27-dd7ab017ec7d/datanode-2/data/ratis/a87fd1d9-e5bf-477b-885a-f3fce5b30e34 has been successfully formatted.
2023-08-31 18:16:48,574 [936500de-6a46-404e-9e6e-74d5223834e1-groupManagement] INFO  ratis.ContainerStateMachine (ContainerStateMachine.java:loadSnapshot(262)) - group-F3FCE5B30E34: The snapshot info is null. Setting the last applied indexto:(t:0, i:~)
2023-08-31 18:16:48,574 [936500de-6a46-404e-9e6e-74d5223834e1-groupManagement] INFO  server.RaftServerConfigKeys (ConfUtils.java:logGet(46)) - raft.server.log.use.memory = false (default)
2023-08-31 18:16:48,574 [936500de-6a46-404e-9e6e-74d5223834e1-groupManagement] INFO  server.RaftServerConfigKeys (ConfUtils.java:logGet(46)) - raft.server.log.purge.gap = 1000000 (custom)
2023-08-31 18:16:48,574 [936500de-6a46-404e-9e6e-74d5223834e1-groupManagement] INFO  server.RaftServerConfigKeys (ConfUtils.java:logGet(46)) - raft.server.log.appender.buffer.byte-limit = 33554432 (custom)
2023-08-31 18:16:48,575 [936500de-6a46-404e-9e6e-74d5223834e1-groupManagement] INFO  server.RaftServerConfigKeys (ConfUtils.java:logGet(46)) - raft.server.log.statemachine.data.read.timeout = 1000ms (default)
2023-08-31 18:16:48,576 [936500de-6a46-404e-9e6e-74d5223834e1-groupManagement] INFO  server.RaftServerConfigKeys (ConfUtils.java:logGet(46)) - raft.server.log.purge.preservation.log.num = 0 (default)
2023-08-31 18:16:48,576 [936500de-6a46-404e-9e6e-74d5223834e1-groupManagement] INFO  server.RaftServerConfigKeys (ConfUtils.java:logGet(46)) - raft.server.log.segment.size.max = 1048576 (custom)
2023-08-31 18:16:48,576 [936500de-6a46-404e-9e6e-74d5223834e1-groupManagement] INFO  server.RaftServerConfigKeys (ConfUtils.java:logGet(46)) - raft.server.log.segment.cache.num.max = 2 (custom)
2023-08-31 18:16:48,579 [936500de-6a46-404e-9e6e-74d5223834e1-groupManagement] INFO  server.RaftServerConfigKeys (ConfUtils.java:logGet(46)) - raft.server.log.segment.cache.size.max = 200MB (=209715200) (default)
2023-08-31 18:16:48,579 [936500de-6a46-404e-9e6e-74d5223834e1-groupManagement] INFO  server.RaftServerConfigKeys (ConfUtils.java:logGet(46)) - raft.server.log.appender.buffer.byte-limit = 33554432 (custom)
2023-08-31 18:16:48,579 [936500de-6a46-404e-9e6e-74d5223834e1-groupManagement] INFO  segmented.SegmentedRaftLogWorker (SegmentedRaftLogWorker.java:<init>(188)) - new 936500de-6a46-404e-9e6e-74d5223834e1@group-F3FCE5B30E34-SegmentedRaftLogWorker for RaftStorageImpl:Storage Directory /home/runner/work/ozone/ozone/hadoop-ozone/integration-test/target/test-dir/MiniOzoneClusterImpl-55bfc424-622c-4031-8e27-dd7ab017ec7d/datanode-2/data/ratis/a87fd1d9-e5bf-477b-885a-f3fce5b30e34
2023-08-31 18:16:48,579 [936500de-6a46-404e-9e6e-74d5223834e1-groupManagement] INFO  server.RaftServerConfigKeys (ConfUtils.java:logGet(46)) - raft.server.log.queue.byte-limit = 4294967296 (custom)
2023-08-31 18:16:48,580 [936500de-6a46-404e-9e6e-74d5223834e1-groupManagement] INFO  server.RaftServerConfigKeys (ConfUtils.java:logGet(46)) - raft.server.log.queue.element-limit = 1024 (custom)
2023-08-31 18:16:48,580 [936500de-6a46-404e-9e6e-74d5223834e1-groupManagement] INFO  server.RaftServerConfigKeys (ConfUtils.java:logGet(46)) - raft.server.log.segment.size.max = 1048576 (custom)
2023-08-31 18:16:48,580 [936500de-6a46-404e-9e6e-74d5223834e1-groupManagement] INFO  server.RaftServerConfigKeys (ConfUtils.java:logGet(46)) - raft.server.log.preallocated.size = 16384 (custom)
2023-08-31 18:16:48,580 [936500de-6a46-404e-9e6e-74d5223834e1-groupManagement] INFO  server.RaftServerConfigKeys (ConfUtils.java:logGet(46)) - raft.server.log.force.sync.num = 128 (default)
2023-08-31 18:16:48,580 [936500de-6a46-404e-9e6e-74d5223834e1-groupManagement] INFO  server.RaftServerConfigKeys (ConfUtils.java:logGet(46)) - raft.server.log.statemachine.data.sync = true (default)
2023-08-31 18:16:48,580 [936500de-6a46-404e-9e6e-74d5223834e1-groupManagement] INFO  server.RaftServerConfigKeys (ConfUtils.java:logGet(46)) - raft.server.log.statemachine.data.sync.timeout = 10s (default)
2023-08-31 18:16:48,580 [936500de-6a46-404e-9e6e-74d5223834e1-groupManagement] INFO  server.RaftServerConfigKeys (ConfUtils.java:logGet(46)) - raft.server.log.statemachine.data.sync.timeout.retry = -1 (default)
2023-08-31 18:16:48,581 [936500de-6a46-404e-9e6e-74d5223834e1-groupManagement] INFO  server.RaftServerConfigKeys (ConfUtils.java:logGet(46)) - raft.server.log.write.buffer.size = 1048576 (custom)
2023-08-31 18:16:48,582 [936500de-6a46-404e-9e6e-74d5223834e1-groupManagement] INFO  server.RaftServerConfigKeys (ConfUtils.java:logGet(46)) - raft.server.log.appender.buffer.byte-limit = 33554432 (custom)
2023-08-31 18:16:48,592 [EventQueue-OpenPipelineForHealthyPipelineSafeModeRule] INFO  safemode.SCMSafeModeManager (HealthyPipelineSafeModeRule.java:process(137)) - SCM in safe mode. Healthy pipelines reported count is 0, required healthy pipeline reported count is 1
2023-08-31 18:16:48,596 [936500de-6a46-404e-9e6e-74d5223834e1-groupManagement] INFO  server.RaftServerConfigKeys (ConfUtils.java:logGet(46)) - raft.server.log.unsafe-flush.enabled = false (default)
2023-08-31 18:16:48,597 [936500de-6a46-404e-9e6e-74d5223834e1-groupManagement] INFO  server.RaftServerConfigKeys (ConfUtils.java:logGet(46)) - raft.server.log.async-flush.enabled = false (default)
2023-08-31 18:16:48,597 [936500de-6a46-404e-9e6e-74d5223834e1-groupManagement] INFO  server.RaftServerConfigKeys (ConfUtils.java:logGet(46)) - raft.server.log.statemachine.data.caching.enabled = true (custom)
2023-08-31 18:16:48,597 [936500de-6a46-404e-9e6e-74d5223834e1-groupManagement] INFO  segmented.SegmentedRaftLogWorker (SegmentedRaftLogWorker.java:lambda$new$0(135)) - 936500de-6a46-404e-9e6e-74d5223834e1@group-F3FCE5B30E34-SegmentedRaftLogWorker: flushIndex: setUnconditionally 0 -> -1
2023-08-31 18:16:48,598 [936500de-6a46-404e-9e6e-74d5223834e1-groupManagement] INFO  segmented.SegmentedRaftLogWorker (SegmentedRaftLogWorker.java:lambda$new$0(135)) - 936500de-6a46-404e-9e6e-74d5223834e1@group-F3FCE5B30E34-SegmentedRaftLogWorker: safeCacheEvictIndex: setUnconditionally 0 -> -1
2023-08-31 18:16:48,601 [936500de-6a46-404e-9e6e-74d5223834e1-groupManagement] INFO  server.RaftServer$Division (RaftServerImpl.java:start(342)) - 936500de-6a46-404e-9e6e-74d5223834e1@group-F3FCE5B30E34: start as a follower, conf=-1: peers:[a52d6cdf-59e1-461e-b8c6-37ccdacf9b29|rpc:10.1.0.8:15023|admin:10.1.0.8:15022|client:10.1.0.8:15021|dataStream:10.1.0.8:15024|priority:1|startupRole:FOLLOWER, 936500de-6a46-404e-9e6e-74d5223834e1|rpc:10.1.0.8:15032|admin:10.1.0.8:15031|client:10.1.0.8:15030|dataStream:10.1.0.8:15033|priority:0|startupRole:FOLLOWER, 02e5811a-aac7-41e1-9b10-ccc4a1a85e2b|rpc:10.1.0.8:15014|admin:10.1.0.8:15013|client:10.1.0.8:15012|dataStream:10.1.0.8:15015|priority:0|startupRole:FOLLOWER]|listeners:[], old=null
2023-08-31 18:16:48,601 [936500de-6a46-404e-9e6e-74d5223834e1-groupManagement] INFO  server.RaftServer$Division (RaftServerImpl.java:setRole(329)) - 936500de-6a46-404e-9e6e-74d5223834e1@group-F3FCE5B30E34: changes role from      null to FOLLOWER at term 0 for startAsFollower
2023-08-31 18:16:48,602 [936500de-6a46-404e-9e6e-74d5223834e1-groupManagement] INFO  impl.RoleInfo (RoleInfo.java:updateAndGet(139)) - 936500de-6a46-404e-9e6e-74d5223834e1: start 936500de-6a46-404e-9e6e-74d5223834e1@group-F3FCE5B30E34-FollowerState
2023-08-31 18:16:48,602 [936500de-6a46-404e-9e6e-74d5223834e1-groupManagement] INFO  util.JmxRegister (JmxRegister.java:tryRegister(44)) - Successfully registered JMX Bean with object name Ratis:service=RaftServer,group=group-F3FCE5B30E34,id=936500de-6a46-404e-9e6e-74d5223834e1
2023-08-31 18:16:48,602 [936500de-6a46-404e-9e6e-74d5223834e1-groupManagement] INFO  server.RaftServerConfigKeys (ConfUtils.java:logGet(46)) - raft.server.snapshot.auto.trigger.enabled = true (custom)
2023-08-31 18:16:48,602 [936500de-6a46-404e-9e6e-74d5223834e1-groupManagement] INFO  server.RaftServerConfigKeys (ConfUtils.java:logGet(46)) - raft.server.snapshot.auto.trigger.threshold = 10000 (custom)
2023-08-31 18:16:48,602 [936500de-6a46-404e-9e6e-74d5223834e1-groupManagement] INFO  server.RaftServerConfigKeys (ConfUtils.java:logGet(46)) - raft.server.snapshot.retention.file.num = 5 (custom)
2023-08-31 18:16:48,602 [936500de-6a46-404e-9e6e-74d5223834e1-groupManagement] INFO  server.RaftServerConfigKeys (ConfUtils.java:logGet(46)) - raft.server.log.purge.upto.snapshot.index = false (default)
2023-08-31 18:16:48,606 [PipelineCommandHandlerThread-0] INFO  ratis.XceiverServerRatis (XceiverServerRatis.java:addGroup(804)) - Created group PipelineID=a87fd1d9-e5bf-477b-885a-f3fce5b30e34
2023-08-31 18:16:48,617 [936500de-6a46-404e-9e6e-74d5223834e1@group-F3FCE5B30E34-FollowerState] INFO  server.RaftServerConfigKeys (ConfUtils.java:logFallback(53)) - raft.server.rpc.first-election.timeout.min = 5s (fallback to raft.server.rpc.timeout.min)
2023-08-31 18:16:48,617 [936500de-6a46-404e-9e6e-74d5223834e1@group-F3FCE5B30E34-FollowerState] INFO  server.RaftServerConfigKeys (ConfUtils.java:logFallback(53)) - raft.server.rpc.first-election.timeout.max = 5200ms (fallback to raft.server.rpc.timeout.max)
2023-08-31 18:16:48,726 [PipelineCommandHandlerThread-0] INFO  commandhandler.CreatePipelineCommandHandler (CreatePipelineCommandHandler.java:lambda$handle$2(124)) - Created Pipeline RATIS THREE PipelineID=a87fd1d9-e5bf-477b-885a-f3fce5b30e34.
2023-08-31 18:16:48,733 [PipelineCommandHandlerThread-0] INFO  commandhandler.CreatePipelineCommandHandler (CreatePipelineCommandHandler.java:lambda$handle$2(124)) - Created Pipeline RATIS THREE PipelineID=a87fd1d9-e5bf-477b-885a-f3fce5b30e34.
2023-08-31 18:16:48,746 [PipelineCommandHandlerThread-0] INFO  server.RaftServer (RaftServerProxy.java:addNew(98)) - 31d6a482-7e3d-487d-933c-c96d7f47fcbe: addNew group-AA7AD5F51BD0:[31d6a482-7e3d-487d-933c-c96d7f47fcbe|rpc:10.1.0.8:15041|admin:10.1.0.8:15040|client:10.1.0.8:15039|dataStream:10.1.0.8:15042|priority:1|startupRole:FOLLOWER] returns group-AA7AD5F51BD0:java.util.concurrent.CompletableFuture@11bd933e[Not completed]
2023-08-31 18:16:48,751 [31d6a482-7e3d-487d-933c-c96d7f47fcbe-groupManagement] INFO  server.RaftServer$Division (RaftServerImpl.java:<init>(198)) - 31d6a482-7e3d-487d-933c-c96d7f47fcbe: new RaftServerImpl for group-AA7AD5F51BD0:[31d6a482-7e3d-487d-933c-c96d7f47fcbe|rpc:10.1.0.8:15041|admin:10.1.0.8:15040|client:10.1.0.8:15039|dataStream:10.1.0.8:15042|priority:1|startupRole:FOLLOWER] with ContainerStateMachine:uninitialized
2023-08-31 18:16:48,751 [31d6a482-7e3d-487d-933c-c96d7f47fcbe-groupManagement] INFO  server.RaftServerConfigKeys (ConfUtils.java:logGet(46)) - raft.server.rpc.timeout.min = 5s (custom)
2023-08-31 18:16:48,752 [31d6a482-7e3d-487d-933c-c96d7f47fcbe-groupManagement] INFO  server.RaftServerConfigKeys (ConfUtils.java:logGet(46)) - raft.server.rpc.timeout.max = 5200ms (custom)
2023-08-31 18:16:48,752 [31d6a482-7e3d-487d-933c-c96d7f47fcbe-groupManagement] INFO  server.RaftServerConfigKeys (ConfUtils.java:logGet(46)) - raft.server.rpc.sleep.time = 25ms (default)
2023-08-31 18:16:48,752 [31d6a482-7e3d-487d-933c-c96d7f47fcbe-groupManagement] INFO  server.RaftServerConfigKeys (ConfUtils.java:logGet(46)) - raft.server.rpc.slowness.timeout = 300s (custom)
2023-08-31 18:16:48,752 [31d6a482-7e3d-487d-933c-c96d7f47fcbe-groupManagement] INFO  server.RaftServerConfigKeys (ConfUtils.java:logGet(46)) - raft.server.leaderelection.leader.step-down.wait-time = 10s (default)
2023-08-31 18:16:48,752 [31d6a482-7e3d-487d-933c-c96d7f47fcbe-groupManagement] INFO  server.RaftServerConfigKeys (ConfUtils.java:logGet(46)) - raft.server.sleep.deviation.threshold = 300ms (default)
2023-08-31 18:16:48,752 [31d6a482-7e3d-487d-933c-c96d7f47fcbe-groupManagement] INFO  server.RaftServer$Division (ServerState.java:<init>(120)) - 31d6a482-7e3d-487d-933c-c96d7f47fcbe@group-AA7AD5F51BD0: ConfigurationManager, init=-1: peers:[31d6a482-7e3d-487d-933c-c96d7f47fcbe|rpc:10.1.0.8:15041|admin:10.1.0.8:15040|client:10.1.0.8:15039|dataStream:10.1.0.8:15042|priority:1|startupRole:FOLLOWER]|listeners:[], old=null, confs=<EMPTY_MAP>
2023-08-31 18:16:48,752 [31d6a482-7e3d-487d-933c-c96d7f47fcbe-groupManagement] INFO  server.RaftServerConfigKeys (ConfUtils.java:logGet(46)) - raft.server.storage.dir = [/home/runner/work/ozone/ozone/hadoop-ozone/integration-test/target/test-dir/MiniOzoneClusterImpl-55bfc424-622c-4031-8e27-dd7ab017ec7d/datanode-3/data/ratis] (custom)
2023-08-31 18:16:48,753 [31d6a482-7e3d-487d-933c-c96d7f47fcbe-groupManagement] INFO  server.RaftServerConfigKeys (ConfUtils.java:logGet(46)) - raft.server.log.corruption.policy = EXCEPTION (default)
2023-08-31 18:16:48,753 [31d6a482-7e3d-487d-933c-c96d7f47fcbe-groupManagement] INFO  server.RaftServerConfigKeys (ConfUtils.java:logGet(46)) - raft.server.storage.free-space.min = 0MB (=0) (default)
2023-08-31 18:16:48,753 [31d6a482-7e3d-487d-933c-c96d7f47fcbe-groupManagement] INFO  server.RaftServerConfigKeys (ConfUtils.java:logGet(46)) - raft.server.notification.no-leader.timeout = 300s (custom)
2023-08-31 18:16:48,753 [31d6a482-7e3d-487d-933c-c96d7f47fcbe-groupManagement] INFO  server.RaftServerConfigKeys (ConfUtils.java:logGet(46)) - raft.server.read.timeout = 10s (default)
2023-08-31 18:16:48,753 [31d6a482-7e3d-487d-933c-c96d7f47fcbe-groupManagement] INFO  server.RaftServerConfigKeys (ConfUtils.java:logGet(46)) - raft.server.retrycache.expirytime = 600000ms (custom)
2023-08-31 18:16:48,753 [31d6a482-7e3d-487d-933c-c96d7f47fcbe-groupManagement] INFO  server.RaftServerConfigKeys (ConfUtils.java:logGet(46)) - raft.server.retrycache.statistics.expirytime = 100μs (default)
2023-08-31 18:16:48,753 [31d6a482-7e3d-487d-933c-c96d7f47fcbe-groupManagement] INFO  server.RaftServerConfigKeys (ConfUtils.java:logGet(46)) - raft.server.read.option = DEFAULT (default)
2023-08-31 18:16:48,760 [31d6a482-7e3d-487d-933c-c96d7f47fcbe-groupManagement] INFO  server.RaftServerConfigKeys (ConfUtils.java:logGet(46)) - raft.server.rpc.request.timeout = 60s (custom)
2023-08-31 18:16:48,761 [31d6a482-7e3d-487d-933c-c96d7f47fcbe-groupManagement] INFO  server.RaftServerConfigKeys (ConfUtils.java:logGet(46)) - raft.server.log.appender.install.snapshot.enabled = false (custom)
2023-08-31 18:16:48,761 [31d6a482-7e3d-487d-933c-c96d7f47fcbe-groupManagement] INFO  server.RaftServerConfigKeys (ConfUtils.java:logGet(46)) - raft.server.threadpool.server.cached = true (default)
2023-08-31 18:16:48,762 [31d6a482-7e3d-487d-933c-c96d7f47fcbe-groupManagement] INFO  server.RaftServerConfigKeys (ConfUtils.java:logGet(46)) - raft.server.threadpool.server.size = 0 (default)
2023-08-31 18:16:48,762 [31d6a482-7e3d-487d-933c-c96d7f47fcbe-groupManagement] INFO  server.RaftServerConfigKeys (ConfUtils.java:logGet(46)) - raft.server.threadpool.client.cached = true (default)
2023-08-31 18:16:48,762 [31d6a482-7e3d-487d-933c-c96d7f47fcbe-groupManagement] INFO  server.RaftServerConfigKeys (ConfUtils.java:logGet(46)) - raft.server.threadpool.client.size = 0 (default)
2023-08-31 18:16:48,762 [31d6a482-7e3d-487d-933c-c96d7f47fcbe-groupManagement] INFO  storage.RaftStorageDirectory (RaftStorageDirectoryImpl.java:analyzeStorage(137)) - The storage directory /home/runner/work/ozone/ozone/hadoop-ozone/integration-test/target/test-dir/MiniOzoneClusterImpl-55bfc424-622c-4031-8e27-dd7ab017ec7d/datanode-3/data/ratis/dd90c23d-1b26-4193-b6f6-aa7ad5f51bd0 does not exist. Creating ...
2023-08-31 18:16:48,764 [31d6a482-7e3d-487d-933c-c96d7f47fcbe-groupManagement] INFO  storage.RaftStorageDirectory (RaftStorageDirectoryImpl.java:tryLock(231)) - Lock on /home/runner/work/ozone/ozone/hadoop-ozone/integration-test/target/test-dir/MiniOzoneClusterImpl-55bfc424-622c-4031-8e27-dd7ab017ec7d/datanode-3/data/ratis/dd90c23d-1b26-4193-b6f6-aa7ad5f51bd0/in_use.lock acquired by nodename 61743@fv-az1129-899
2023-08-31 18:16:48,767 [PipelineCommandHandlerThread-0] INFO  commandhandler.CreatePipelineCommandHandler (CreatePipelineCommandHandler.java:lambda$handle$2(124)) - Created Pipeline RATIS THREE PipelineID=a87fd1d9-e5bf-477b-885a-f3fce5b30e34.
2023-08-31 18:16:48,768 [31d6a482-7e3d-487d-933c-c96d7f47fcbe-groupManagement] INFO  storage.RaftStorage (RaftStorageImpl.java:format(96)) - Storage directory /home/runner/work/ozone/ozone/hadoop-ozone/integration-test/target/test-dir/MiniOzoneClusterImpl-55bfc424-622c-4031-8e27-dd7ab017ec7d/datanode-3/data/ratis/dd90c23d-1b26-4193-b6f6-aa7ad5f51bd0 has been successfully formatted.
2023-08-31 18:16:48,771 [31d6a482-7e3d-487d-933c-c96d7f47fcbe-groupManagement] INFO  ratis.ContainerStateMachine (ContainerStateMachine.java:loadSnapshot(262)) - group-AA7AD5F51BD0: The snapshot info is null. Setting the last applied indexto:(t:0, i:~)
2023-08-31 18:16:48,773 [EventQueue-PipelineReportForPipelineReportHandler] INFO  pipeline.PipelineReportHandler (PipelineReportHandler.java:processPipelineReport(136)) - Opened pipeline PipelineID=dd90c23d-1b26-4193-b6f6-aa7ad5f51bd0
2023-08-31 18:16:48,773 [EventQueue-OpenPipelineForHealthyPipelineSafeModeRule] INFO  safemode.SCMSafeModeManager (HealthyPipelineSafeModeRule.java:process(137)) - SCM in safe mode. Healthy pipelines reported count is 0, required healthy pipeline reported count is 1
2023-08-31 18:16:48,774 [31d6a482-7e3d-487d-933c-c96d7f47fcbe-groupManagement] INFO  server.RaftServerConfigKeys (ConfUtils.java:logGet(46)) - raft.server.log.use.memory = false (default)
2023-08-31 18:16:48,774 [31d6a482-7e3d-487d-933c-c96d7f47fcbe-groupManagement] INFO  server.RaftServerConfigKeys (ConfUtils.java:logGet(46)) - raft.server.log.purge.gap = 1000000 (custom)
2023-08-31 18:16:48,775 [31d6a482-7e3d-487d-933c-c96d7f47fcbe-groupManagement] INFO  server.RaftServerConfigKeys (ConfUtils.java:logGet(46)) - raft.server.log.appender.buffer.byte-limit = 33554432 (custom)
2023-08-31 18:16:48,775 [31d6a482-7e3d-487d-933c-c96d7f47fcbe-groupManagement] INFO  server.RaftServerConfigKeys (ConfUtils.java:logGet(46)) - raft.server.log.statemachine.data.read.timeout = 1000ms (default)
2023-08-31 18:16:48,775 [31d6a482-7e3d-487d-933c-c96d7f47fcbe-groupManagement] INFO  server.RaftServerConfigKeys (ConfUtils.java:logGet(46)) - raft.server.log.purge.preservation.log.num = 0 (default)
2023-08-31 18:16:48,775 [31d6a482-7e3d-487d-933c-c96d7f47fcbe-groupManagement] INFO  server.RaftServerConfigKeys (ConfUtils.java:logGet(46)) - raft.server.log.segment.size.max = 1048576 (custom)
2023-08-31 18:16:48,776 [31d6a482-7e3d-487d-933c-c96d7f47fcbe-groupManagement] INFO  server.RaftServerConfigKeys (ConfUtils.java:logGet(46)) - raft.server.log.segment.cache.num.max = 2 (custom)
2023-08-31 18:16:48,776 [31d6a482-7e3d-487d-933c-c96d7f47fcbe-groupManagement] INFO  server.RaftServerConfigKeys (ConfUtils.java:logGet(46)) - raft.server.log.segment.cache.size.max = 200MB (=209715200) (default)
2023-08-31 18:16:48,776 [31d6a482-7e3d-487d-933c-c96d7f47fcbe-groupManagement] INFO  server.RaftServerConfigKeys (ConfUtils.java:logGet(46)) - raft.server.log.appender.buffer.byte-limit = 33554432 (custom)
2023-08-31 18:16:48,776 [31d6a482-7e3d-487d-933c-c96d7f47fcbe-groupManagement] INFO  segmented.SegmentedRaftLogWorker (SegmentedRaftLogWorker.java:<init>(188)) - new 31d6a482-7e3d-487d-933c-c96d7f47fcbe@group-AA7AD5F51BD0-SegmentedRaftLogWorker for RaftStorageImpl:Storage Directory /home/runner/work/ozone/ozone/hadoop-ozone/integration-test/target/test-dir/MiniOzoneClusterImpl-55bfc424-622c-4031-8e27-dd7ab017ec7d/datanode-3/data/ratis/dd90c23d-1b26-4193-b6f6-aa7ad5f51bd0
2023-08-31 18:16:48,776 [31d6a482-7e3d-487d-933c-c96d7f47fcbe-groupManagement] INFO  server.RaftServerConfigKeys (ConfUtils.java:logGet(46)) - raft.server.log.queue.byte-limit = 4294967296 (custom)
2023-08-31 18:16:48,776 [31d6a482-7e3d-487d-933c-c96d7f47fcbe-groupManagement] INFO  server.RaftServerConfigKeys (ConfUtils.java:logGet(46)) - raft.server.log.queue.element-limit = 1024 (custom)
2023-08-31 18:16:48,776 [31d6a482-7e3d-487d-933c-c96d7f47fcbe-groupManagement] INFO  server.RaftServerConfigKeys (ConfUtils.java:logGet(46)) - raft.server.log.segment.size.max = 1048576 (custom)
2023-08-31 18:16:48,777 [31d6a482-7e3d-487d-933c-c96d7f47fcbe-groupManagement] INFO  server.RaftServerConfigKeys (ConfUtils.java:logGet(46)) - raft.server.log.preallocated.size = 16384 (custom)
2023-08-31 18:16:48,777 [31d6a482-7e3d-487d-933c-c96d7f47fcbe-groupManagement] INFO  server.RaftServerConfigKeys (ConfUtils.java:logGet(46)) - raft.server.log.force.sync.num = 128 (default)
2023-08-31 18:16:48,777 [31d6a482-7e3d-487d-933c-c96d7f47fcbe-groupManagement] INFO  server.RaftServerConfigKeys (ConfUtils.java:logGet(46)) - raft.server.log.statemachine.data.sync = true (default)
2023-08-31 18:16:48,777 [31d6a482-7e3d-487d-933c-c96d7f47fcbe-groupManagement] INFO  server.RaftServerConfigKeys (ConfUtils.java:logGet(46)) - raft.server.log.statemachine.data.sync.timeout = 10s (default)
2023-08-31 18:16:48,777 [31d6a482-7e3d-487d-933c-c96d7f47fcbe-groupManagement] INFO  server.RaftServerConfigKeys (ConfUtils.java:logGet(46)) - raft.server.log.statemachine.data.sync.timeout.retry = -1 (default)
2023-08-31 18:16:48,778 [31d6a482-7e3d-487d-933c-c96d7f47fcbe-groupManagement] INFO  server.RaftServerConfigKeys (ConfUtils.java:logGet(46)) - raft.server.log.write.buffer.size = 1048576 (custom)
2023-08-31 18:16:48,779 [31d6a482-7e3d-487d-933c-c96d7f47fcbe-groupManagement] INFO  server.RaftServerConfigKeys (ConfUtils.java:logGet(46)) - raft.server.log.appender.buffer.byte-limit = 33554432 (custom)
2023-08-31 18:16:48,786 [31d6a482-7e3d-487d-933c-c96d7f47fcbe-groupManagement] INFO  server.RaftServerConfigKeys (ConfUtils.java:logGet(46)) - raft.server.log.unsafe-flush.enabled = false (default)
2023-08-31 18:16:48,786 [31d6a482-7e3d-487d-933c-c96d7f47fcbe-groupManagement] INFO  server.RaftServerConfigKeys (ConfUtils.java:logGet(46)) - raft.server.log.async-flush.enabled = false (default)
2023-08-31 18:16:48,786 [31d6a482-7e3d-487d-933c-c96d7f47fcbe-groupManagement] INFO  server.RaftServerConfigKeys (ConfUtils.java:logGet(46)) - raft.server.log.statemachine.data.caching.enabled = true (custom)
2023-08-31 18:16:48,786 [31d6a482-7e3d-487d-933c-c96d7f47fcbe-groupManagement] INFO  segmented.SegmentedRaftLogWorker (SegmentedRaftLogWorker.java:lambda$new$0(135)) - 31d6a482-7e3d-487d-933c-c96d7f47fcbe@group-AA7AD5F51BD0-SegmentedRaftLogWorker: flushIndex: setUnconditionally 0 -> -1
2023-08-31 18:16:48,787 [31d6a482-7e3d-487d-933c-c96d7f47fcbe-groupManagement] INFO  segmented.SegmentedRaftLogWorker (SegmentedRaftLogWorker.java:lambda$new$0(135)) - 31d6a482-7e3d-487d-933c-c96d7f47fcbe@group-AA7AD5F51BD0-SegmentedRaftLogWorker: safeCacheEvictIndex: setUnconditionally 0 -> -1
2023-08-31 18:16:48,787 [31d6a482-7e3d-487d-933c-c96d7f47fcbe-groupManagement] INFO  server.RaftServer$Division (RaftServerImpl.java:start(342)) - 31d6a482-7e3d-487d-933c-c96d7f47fcbe@group-AA7AD5F51BD0: start as a follower, conf=-1: peers:[31d6a482-7e3d-487d-933c-c96d7f47fcbe|rpc:10.1.0.8:15041|admin:10.1.0.8:15040|client:10.1.0.8:15039|dataStream:10.1.0.8:15042|priority:1|startupRole:FOLLOWER]|listeners:[], old=null
2023-08-31 18:16:48,787 [31d6a482-7e3d-487d-933c-c96d7f47fcbe-groupManagement] INFO  server.RaftServer$Division (RaftServerImpl.java:setRole(329)) - 31d6a482-7e3d-487d-933c-c96d7f47fcbe@group-AA7AD5F51BD0: changes role from      null to FOLLOWER at term 0 for startAsFollower
2023-08-31 18:16:48,787 [31d6a482-7e3d-487d-933c-c96d7f47fcbe-groupManagement] INFO  impl.RoleInfo (RoleInfo.java:updateAndGet(139)) - 31d6a482-7e3d-487d-933c-c96d7f47fcbe: start 31d6a482-7e3d-487d-933c-c96d7f47fcbe@group-AA7AD5F51BD0-FollowerState
2023-08-31 18:16:48,787 [31d6a482-7e3d-487d-933c-c96d7f47fcbe@group-AA7AD5F51BD0-FollowerState] INFO  server.RaftServerConfigKeys (ConfUtils.java:logFallback(53)) - raft.server.rpc.first-election.timeout.min = 5s (fallback to raft.server.rpc.timeout.min)
2023-08-31 18:16:48,788 [31d6a482-7e3d-487d-933c-c96d7f47fcbe@group-AA7AD5F51BD0-FollowerState] INFO  server.RaftServerConfigKeys (ConfUtils.java:logFallback(53)) - raft.server.rpc.first-election.timeout.max = 5200ms (fallback to raft.server.rpc.timeout.max)
2023-08-31 18:16:48,792 [31d6a482-7e3d-487d-933c-c96d7f47fcbe-groupManagement] INFO  util.JmxRegister (JmxRegister.java:tryRegister(44)) - Successfully registered JMX Bean with object name Ratis:service=RaftServer,group=group-AA7AD5F51BD0,id=31d6a482-7e3d-487d-933c-c96d7f47fcbe
2023-08-31 18:16:48,792 [31d6a482-7e3d-487d-933c-c96d7f47fcbe-groupManagement] INFO  server.RaftServerConfigKeys (ConfUtils.java:logGet(46)) - raft.server.snapshot.auto.trigger.enabled = true (custom)
2023-08-31 18:16:48,792 [31d6a482-7e3d-487d-933c-c96d7f47fcbe-groupManagement] INFO  server.RaftServerConfigKeys (ConfUtils.java:logGet(46)) - raft.server.snapshot.auto.trigger.threshold = 10000 (custom)
2023-08-31 18:16:48,792 [31d6a482-7e3d-487d-933c-c96d7f47fcbe-groupManagement] INFO  server.RaftServerConfigKeys (ConfUtils.java:logGet(46)) - raft.server.snapshot.retention.file.num = 5 (custom)
2023-08-31 18:16:48,792 [31d6a482-7e3d-487d-933c-c96d7f47fcbe-groupManagement] INFO  server.RaftServerConfigKeys (ConfUtils.java:logGet(46)) - raft.server.log.purge.upto.snapshot.index = false (default)
2023-08-31 18:16:48,793 [PipelineCommandHandlerThread-0] INFO  ratis.XceiverServerRatis (XceiverServerRatis.java:addGroup(804)) - Created group PipelineID=dd90c23d-1b26-4193-b6f6-aa7ad5f51bd0
2023-08-31 18:16:48,793 [PipelineCommandHandlerThread-0] INFO  commandhandler.CreatePipelineCommandHandler (CreatePipelineCommandHandler.java:lambda$handle$2(124)) - Created Pipeline RATIS ONE PipelineID=dd90c23d-1b26-4193-b6f6-aa7ad5f51bd0.
2023-08-31 18:16:49,084 [main] INFO  ozone.MiniOzoneClusterImpl (MiniOzoneClusterImpl.java:lambda$waitForClusterToBeReady$0(224)) - Nodes are ready. Got 5 of 5 DN Heartbeats.
2023-08-31 18:16:49,084 [main] INFO  ozone.MiniOzoneClusterImpl (MiniOzoneClusterImpl.java:lambda$waitForClusterToBeReady$0(227)) - Waiting for cluster to exit safe mode
2023-08-31 18:16:49,084 [main] INFO  ozone.MiniOzoneClusterImpl (MiniOzoneClusterImpl.java:lambda$waitForClusterToBeReady$0(229)) - SCM became leader
2023-08-31 18:16:49,095 [PipelineCommandHandlerThread-0] INFO  server.RaftServer (RaftServerProxy.java:addNew(98)) - af03fb12-d9eb-460d-bf82-fc984684bc2c: addNew group-8473D44464F5:[af03fb12-d9eb-460d-bf82-fc984684bc2c|rpc:10.1.0.8:15050|admin:10.1.0.8:15049|client:10.1.0.8:15048|dataStream:10.1.0.8:15051|priority:1|startupRole:FOLLOWER] returns group-8473D44464F5:java.util.concurrent.CompletableFuture@329da9[Not completed]
2023-08-31 18:16:49,100 [af03fb12-d9eb-460d-bf82-fc984684bc2c-groupManagement] INFO  server.RaftServer$Division (RaftServerImpl.java:<init>(198)) - af03fb12-d9eb-460d-bf82-fc984684bc2c: new RaftServerImpl for group-8473D44464F5:[af03fb12-d9eb-460d-bf82-fc984684bc2c|rpc:10.1.0.8:15050|admin:10.1.0.8:15049|client:10.1.0.8:15048|dataStream:10.1.0.8:15051|priority:1|startupRole:FOLLOWER] with ContainerStateMachine:uninitialized
2023-08-31 18:16:49,100 [af03fb12-d9eb-460d-bf82-fc984684bc2c-groupManagement] INFO  server.RaftServerConfigKeys (ConfUtils.java:logGet(46)) - raft.server.rpc.timeout.min = 5s (custom)
2023-08-31 18:16:49,101 [af03fb12-d9eb-460d-bf82-fc984684bc2c-groupManagement] INFO  server.RaftServerConfigKeys (ConfUtils.java:logGet(46)) - raft.server.rpc.timeout.max = 5200ms (custom)
2023-08-31 18:16:49,101 [af03fb12-d9eb-460d-bf82-fc984684bc2c-groupManagement] INFO  server.RaftServerConfigKeys (ConfUtils.java:logGet(46)) - raft.server.rpc.sleep.time = 25ms (default)
2023-08-31 18:16:49,101 [af03fb12-d9eb-460d-bf82-fc984684bc2c-groupManagement] INFO  server.RaftServerConfigKeys (ConfUtils.java:logGet(46)) - raft.server.rpc.slowness.timeout = 300s (custom)
2023-08-31 18:16:49,101 [af03fb12-d9eb-460d-bf82-fc984684bc2c-groupManagement] INFO  server.RaftServerConfigKeys (ConfUtils.java:logGet(46)) - raft.server.leaderelection.leader.step-down.wait-time = 10s (default)
2023-08-31 18:16:49,101 [af03fb12-d9eb-460d-bf82-fc984684bc2c-groupManagement] INFO  server.RaftServerConfigKeys (ConfUtils.java:logGet(46)) - raft.server.sleep.deviation.threshold = 300ms (default)
2023-08-31 18:16:49,101 [af03fb12-d9eb-460d-bf82-fc984684bc2c-groupManagement] INFO  server.RaftServer$Division (ServerState.java:<init>(120)) - af03fb12-d9eb-460d-bf82-fc984684bc2c@group-8473D44464F5: ConfigurationManager, init=-1: peers:[af03fb12-d9eb-460d-bf82-fc984684bc2c|rpc:10.1.0.8:15050|admin:10.1.0.8:15049|client:10.1.0.8:15048|dataStream:10.1.0.8:15051|priority:1|startupRole:FOLLOWER]|listeners:[], old=null, confs=<EMPTY_MAP>
2023-08-31 18:16:49,101 [af03fb12-d9eb-460d-bf82-fc984684bc2c-groupManagement] INFO  server.RaftServerConfigKeys (ConfUtils.java:logGet(46)) - raft.server.storage.dir = [/home/runner/work/ozone/ozone/hadoop-ozone/integration-test/target/test-dir/MiniOzoneClusterImpl-55bfc424-622c-4031-8e27-dd7ab017ec7d/datanode-4/data/ratis] (custom)
2023-08-31 18:16:49,101 [af03fb12-d9eb-460d-bf82-fc984684bc2c-groupManagement] INFO  server.RaftServerConfigKeys (ConfUtils.java:logGet(46)) - raft.server.log.corruption.policy = EXCEPTION (default)
2023-08-31 18:16:49,101 [af03fb12-d9eb-460d-bf82-fc984684bc2c-groupManagement] INFO  server.RaftServerConfigKeys (ConfUtils.java:logGet(46)) - raft.server.storage.free-space.min = 0MB (=0) (default)
2023-08-31 18:16:49,102 [af03fb12-d9eb-460d-bf82-fc984684bc2c-groupManagement] INFO  server.RaftServerConfigKeys (ConfUtils.java:logGet(46)) - raft.server.notification.no-leader.timeout = 300s (custom)
2023-08-31 18:16:49,102 [af03fb12-d9eb-460d-bf82-fc984684bc2c-groupManagement] INFO  server.RaftServerConfigKeys (ConfUtils.java:logGet(46)) - raft.server.read.timeout = 10s (default)
2023-08-31 18:16:49,102 [af03fb12-d9eb-460d-bf82-fc984684bc2c-groupManagement] INFO  server.RaftServerConfigKeys (ConfUtils.java:logGet(46)) - raft.server.retrycache.expirytime = 600000ms (custom)
2023-08-31 18:16:49,102 [af03fb12-d9eb-460d-bf82-fc984684bc2c-groupManagement] INFO  server.RaftServerConfigKeys (ConfUtils.java:logGet(46)) - raft.server.retrycache.statistics.expirytime = 100μs (default)
2023-08-31 18:16:49,102 [af03fb12-d9eb-460d-bf82-fc984684bc2c-groupManagement] INFO  server.RaftServerConfigKeys (ConfUtils.java:logGet(46)) - raft.server.read.option = DEFAULT (default)
2023-08-31 18:16:49,105 [af03fb12-d9eb-460d-bf82-fc984684bc2c-groupManagement] INFO  server.RaftServerConfigKeys (ConfUtils.java:logGet(46)) - raft.server.rpc.request.timeout = 60s (custom)
2023-08-31 18:16:49,105 [af03fb12-d9eb-460d-bf82-fc984684bc2c-groupManagement] INFO  server.RaftServerConfigKeys (ConfUtils.java:logGet(46)) - raft.server.log.appender.install.snapshot.enabled = false (custom)
2023-08-31 18:16:49,105 [af03fb12-d9eb-460d-bf82-fc984684bc2c-groupManagement] INFO  server.RaftServerConfigKeys (ConfUtils.java:logGet(46)) - raft.server.threadpool.server.cached = true (default)
2023-08-31 18:16:49,105 [af03fb12-d9eb-460d-bf82-fc984684bc2c-groupManagement] INFO  server.RaftServerConfigKeys (ConfUtils.java:logGet(46)) - raft.server.threadpool.server.size = 0 (default)
2023-08-31 18:16:49,106 [af03fb12-d9eb-460d-bf82-fc984684bc2c-groupManagement] INFO  server.RaftServerConfigKeys (ConfUtils.java:logGet(46)) - raft.server.threadpool.client.cached = true (default)
2023-08-31 18:16:49,106 [af03fb12-d9eb-460d-bf82-fc984684bc2c-groupManagement] INFO  server.RaftServerConfigKeys (ConfUtils.java:logGet(46)) - raft.server.threadpool.client.size = 0 (default)
2023-08-31 18:16:49,106 [af03fb12-d9eb-460d-bf82-fc984684bc2c-groupManagement] INFO  storage.RaftStorageDirectory (RaftStorageDirectoryImpl.java:analyzeStorage(137)) - The storage directory /home/runner/work/ozone/ozone/hadoop-ozone/integration-test/target/test-dir/MiniOzoneClusterImpl-55bfc424-622c-4031-8e27-dd7ab017ec7d/datanode-4/data/ratis/87b40cae-f573-4bfc-8f34-8473d44464f5 does not exist. Creating ...
2023-08-31 18:16:49,107 [af03fb12-d9eb-460d-bf82-fc984684bc2c-groupManagement] INFO  storage.RaftStorageDirectory (RaftStorageDirectoryImpl.java:tryLock(231)) - Lock on /home/runner/work/ozone/ozone/hadoop-ozone/integration-test/target/test-dir/MiniOzoneClusterImpl-55bfc424-622c-4031-8e27-dd7ab017ec7d/datanode-4/data/ratis/87b40cae-f573-4bfc-8f34-8473d44464f5/in_use.lock acquired by nodename 61743@fv-az1129-899
2023-08-31 18:16:49,109 [af03fb12-d9eb-460d-bf82-fc984684bc2c-groupManagement] INFO  storage.RaftStorage (RaftStorageImpl.java:format(96)) - Storage directory /home/runner/work/ozone/ozone/hadoop-ozone/integration-test/target/test-dir/MiniOzoneClusterImpl-55bfc424-622c-4031-8e27-dd7ab017ec7d/datanode-4/data/ratis/87b40cae-f573-4bfc-8f34-8473d44464f5 has been successfully formatted.
2023-08-31 18:16:49,113 [EventQueue-PipelineReportForPipelineReportHandler] INFO  pipeline.PipelineReportHandler (PipelineReportHandler.java:processPipelineReport(136)) - Opened pipeline PipelineID=87b40cae-f573-4bfc-8f34-8473d44464f5
2023-08-31 18:16:49,114 [EventQueue-OpenPipelineForHealthyPipelineSafeModeRule] INFO  safemode.SCMSafeModeManager (HealthyPipelineSafeModeRule.java:process(137)) - SCM in safe mode. Healthy pipelines reported count is 0, required healthy pipeline reported count is 1
2023-08-31 18:16:49,115 [af03fb12-d9eb-460d-bf82-fc984684bc2c-groupManagement] INFO  ratis.ContainerStateMachine (ContainerStateMachine.java:loadSnapshot(262)) - group-8473D44464F5: The snapshot info is null. Setting the last applied indexto:(t:0, i:~)
2023-08-31 18:16:49,115 [af03fb12-d9eb-460d-bf82-fc984684bc2c-groupManagement] INFO  server.RaftServerConfigKeys (ConfUtils.java:logGet(46)) - raft.server.log.use.memory = false (default)
2023-08-31 18:16:49,115 [af03fb12-d9eb-460d-bf82-fc984684bc2c-groupManagement] INFO  server.RaftServerConfigKeys (ConfUtils.java:logGet(46)) - raft.server.log.purge.gap = 1000000 (custom)
2023-08-31 18:16:49,116 [af03fb12-d9eb-460d-bf82-fc984684bc2c-groupManagement] INFO  server.RaftServerConfigKeys (ConfUtils.java:logGet(46)) - raft.server.log.appender.buffer.byte-limit = 33554432 (custom)
2023-08-31 18:16:49,116 [af03fb12-d9eb-460d-bf82-fc984684bc2c-groupManagement] INFO  server.RaftServerConfigKeys (ConfUtils.java:logGet(46)) - raft.server.log.statemachine.data.read.timeout = 1000ms (default)
2023-08-31 18:16:49,116 [af03fb12-d9eb-460d-bf82-fc984684bc2c-groupManagement] INFO  server.RaftServerConfigKeys (ConfUtils.java:logGet(46)) - raft.server.log.purge.preservation.log.num = 0 (default)
2023-08-31 18:16:49,116 [af03fb12-d9eb-460d-bf82-fc984684bc2c-groupManagement] INFO  server.RaftServerConfigKeys (ConfUtils.java:logGet(46)) - raft.server.log.segment.size.max = 1048576 (custom)
2023-08-31 18:16:49,117 [af03fb12-d9eb-460d-bf82-fc984684bc2c-groupManagement] INFO  server.RaftServerConfigKeys (ConfUtils.java:logGet(46)) - raft.server.log.segment.cache.num.max = 2 (custom)
2023-08-31 18:16:49,117 [af03fb12-d9eb-460d-bf82-fc984684bc2c-groupManagement] INFO  server.RaftServerConfigKeys (ConfUtils.java:logGet(46)) - raft.server.log.segment.cache.size.max = 200MB (=209715200) (default)
2023-08-31 18:16:49,117 [af03fb12-d9eb-460d-bf82-fc984684bc2c-groupManagement] INFO  server.RaftServerConfigKeys (ConfUtils.java:logGet(46)) - raft.server.log.appender.buffer.byte-limit = 33554432 (custom)
2023-08-31 18:16:49,117 [af03fb12-d9eb-460d-bf82-fc984684bc2c-groupManagement] INFO  segmented.SegmentedRaftLogWorker (SegmentedRaftLogWorker.java:<init>(188)) - new af03fb12-d9eb-460d-bf82-fc984684bc2c@group-8473D44464F5-SegmentedRaftLogWorker for RaftStorageImpl:Storage Directory /home/runner/work/ozone/ozone/hadoop-ozone/integration-test/target/test-dir/MiniOzoneClusterImpl-55bfc424-622c-4031-8e27-dd7ab017ec7d/datanode-4/data/ratis/87b40cae-f573-4bfc-8f34-8473d44464f5
2023-08-31 18:16:49,117 [af03fb12-d9eb-460d-bf82-fc984684bc2c-groupManagement] INFO  server.RaftServerConfigKeys (ConfUtils.java:logGet(46)) - raft.server.log.queue.byte-limit = 4294967296 (custom)
2023-08-31 18:16:49,117 [af03fb12-d9eb-460d-bf82-fc984684bc2c-groupManagement] INFO  server.RaftServerConfigKeys (ConfUtils.java:logGet(46)) - raft.server.log.queue.element-limit = 1024 (custom)
2023-08-31 18:16:49,117 [af03fb12-d9eb-460d-bf82-fc984684bc2c-groupManagement] INFO  server.RaftServerConfigKeys (ConfUtils.java:logGet(46)) - raft.server.log.segment.size.max = 1048576 (custom)
2023-08-31 18:16:49,117 [af03fb12-d9eb-460d-bf82-fc984684bc2c-groupManagement] INFO  server.RaftServerConfigKeys (ConfUtils.java:logGet(46)) - raft.server.log.preallocated.size = 16384 (custom)
2023-08-31 18:16:49,117 [af03fb12-d9eb-460d-bf82-fc984684bc2c-groupManagement] INFO  server.RaftServerConfigKeys (ConfUtils.java:logGet(46)) - raft.server.log.force.sync.num = 128 (default)
2023-08-31 18:16:49,117 [af03fb12-d9eb-460d-bf82-fc984684bc2c-groupManagement] INFO  server.RaftServerConfigKeys (ConfUtils.java:logGet(46)) - raft.server.log.statemachine.data.sync = true (default)
2023-08-31 18:16:49,117 [af03fb12-d9eb-460d-bf82-fc984684bc2c-groupManagement] INFO  server.RaftServerConfigKeys (ConfUtils.java:logGet(46)) - raft.server.log.statemachine.data.sync.timeout = 10s (default)
2023-08-31 18:16:49,118 [af03fb12-d9eb-460d-bf82-fc984684bc2c-groupManagement] INFO  server.RaftServerConfigKeys (ConfUtils.java:logGet(46)) - raft.server.log.statemachine.data.sync.timeout.retry = -1 (default)
2023-08-31 18:16:49,119 [af03fb12-d9eb-460d-bf82-fc984684bc2c-groupManagement] INFO  server.RaftServerConfigKeys (ConfUtils.java:logGet(46)) - raft.server.log.write.buffer.size = 1048576 (custom)
2023-08-31 18:16:49,120 [af03fb12-d9eb-460d-bf82-fc984684bc2c-groupManagement] INFO  server.RaftServerConfigKeys (ConfUtils.java:logGet(46)) - raft.server.log.appender.buffer.byte-limit = 33554432 (custom)
2023-08-31 18:16:49,126 [af03fb12-d9eb-460d-bf82-fc984684bc2c-groupManagement] INFO  server.RaftServerConfigKeys (ConfUtils.java:logGet(46)) - raft.server.log.unsafe-flush.enabled = false (default)
2023-08-31 18:16:49,127 [af03fb12-d9eb-460d-bf82-fc984684bc2c-groupManagement] INFO  server.RaftServerConfigKeys (ConfUtils.java:logGet(46)) - raft.server.log.async-flush.enabled = false (default)
2023-08-31 18:16:49,127 [af03fb12-d9eb-460d-bf82-fc984684bc2c-groupManagement] INFO  server.RaftServerConfigKeys (ConfUtils.java:logGet(46)) - raft.server.log.statemachine.data.caching.enabled = true (custom)
2023-08-31 18:16:49,128 [af03fb12-d9eb-460d-bf82-fc984684bc2c-groupManagement] INFO  segmented.SegmentedRaftLogWorker (SegmentedRaftLogWorker.java:lambda$new$0(135)) - af03fb12-d9eb-460d-bf82-fc984684bc2c@group-8473D44464F5-SegmentedRaftLogWorker: flushIndex: setUnconditionally 0 -> -1
2023-08-31 18:16:49,128 [af03fb12-d9eb-460d-bf82-fc984684bc2c-groupManagement] INFO  segmented.SegmentedRaftLogWorker (SegmentedRaftLogWorker.java:lambda$new$0(135)) - af03fb12-d9eb-460d-bf82-fc984684bc2c@group-8473D44464F5-SegmentedRaftLogWorker: safeCacheEvictIndex: setUnconditionally 0 -> -1
2023-08-31 18:16:49,128 [af03fb12-d9eb-460d-bf82-fc984684bc2c-groupManagement] INFO  server.RaftServer$Division (RaftServerImpl.java:start(342)) - af03fb12-d9eb-460d-bf82-fc984684bc2c@group-8473D44464F5: start as a follower, conf=-1: peers:[af03fb12-d9eb-460d-bf82-fc984684bc2c|rpc:10.1.0.8:15050|admin:10.1.0.8:15049|client:10.1.0.8:15048|dataStream:10.1.0.8:15051|priority:1|startupRole:FOLLOWER]|listeners:[], old=null
2023-08-31 18:16:49,128 [af03fb12-d9eb-460d-bf82-fc984684bc2c-groupManagement] INFO  server.RaftServer$Division (RaftServerImpl.java:setRole(329)) - af03fb12-d9eb-460d-bf82-fc984684bc2c@group-8473D44464F5: changes role from      null to FOLLOWER at term 0 for startAsFollower
2023-08-31 18:16:49,128 [af03fb12-d9eb-460d-bf82-fc984684bc2c-groupManagement] INFO  impl.RoleInfo (RoleInfo.java:updateAndGet(139)) - af03fb12-d9eb-460d-bf82-fc984684bc2c: start af03fb12-d9eb-460d-bf82-fc984684bc2c@group-8473D44464F5-FollowerState
2023-08-31 18:16:49,130 [af03fb12-d9eb-460d-bf82-fc984684bc2c-groupManagement] INFO  util.JmxRegister (JmxRegister.java:tryRegister(44)) - Successfully registered JMX Bean with object name Ratis:service=RaftServer,group=group-8473D44464F5,id=af03fb12-d9eb-460d-bf82-fc984684bc2c
2023-08-31 18:16:49,130 [af03fb12-d9eb-460d-bf82-fc984684bc2c@group-8473D44464F5-FollowerState] INFO  server.RaftServerConfigKeys (ConfUtils.java:logFallback(53)) - raft.server.rpc.first-election.timeout.min = 5s (fallback to raft.server.rpc.timeout.min)
2023-08-31 18:16:49,131 [af03fb12-d9eb-460d-bf82-fc984684bc2c-groupManagement] INFO  server.RaftServerConfigKeys (ConfUtils.java:logGet(46)) - raft.server.snapshot.auto.trigger.enabled = true (custom)
2023-08-31 18:16:49,131 [af03fb12-d9eb-460d-bf82-fc984684bc2c@group-8473D44464F5-FollowerState] INFO  server.RaftServerConfigKeys (ConfUtils.java:logFallback(53)) - raft.server.rpc.first-election.timeout.max = 5200ms (fallback to raft.server.rpc.timeout.max)
2023-08-31 18:16:49,131 [af03fb12-d9eb-460d-bf82-fc984684bc2c-groupManagement] INFO  server.RaftServerConfigKeys (ConfUtils.java:logGet(46)) - raft.server.snapshot.auto.trigger.threshold = 10000 (custom)
2023-08-31 18:16:49,131 [af03fb12-d9eb-460d-bf82-fc984684bc2c-groupManagement] INFO  server.RaftServerConfigKeys (ConfUtils.java:logGet(46)) - raft.server.snapshot.retention.file.num = 5 (custom)
2023-08-31 18:16:49,131 [af03fb12-d9eb-460d-bf82-fc984684bc2c-groupManagement] INFO  server.RaftServerConfigKeys (ConfUtils.java:logGet(46)) - raft.server.log.purge.upto.snapshot.index = false (default)
2023-08-31 18:16:49,132 [PipelineCommandHandlerThread-0] INFO  ratis.XceiverServerRatis (XceiverServerRatis.java:addGroup(804)) - Created group PipelineID=87b40cae-f573-4bfc-8f34-8473d44464f5
2023-08-31 18:16:49,133 [PipelineCommandHandlerThread-0] INFO  commandhandler.CreatePipelineCommandHandler (CreatePipelineCommandHandler.java:lambda$handle$2(124)) - Created Pipeline RATIS ONE PipelineID=87b40cae-f573-4bfc-8f34-8473d44464f5.
2023-08-31 18:16:50,085 [main] INFO  ozone.MiniOzoneClusterImpl (MiniOzoneClusterImpl.java:lambda$waitForClusterToBeReady$0(224)) - Nodes are ready. Got 5 of 5 DN Heartbeats.
2023-08-31 18:16:50,085 [main] INFO  ozone.MiniOzoneClusterImpl (MiniOzoneClusterImpl.java:lambda$waitForClusterToBeReady$0(227)) - Waiting for cluster to exit safe mode
2023-08-31 18:16:50,085 [main] INFO  ozone.MiniOzoneClusterImpl (MiniOzoneClusterImpl.java:lambda$waitForClusterToBeReady$0(229)) - SCM became leader
2023-08-31 18:16:51,086 [main] INFO  ozone.MiniOzoneClusterImpl (MiniOzoneClusterImpl.java:lambda$waitForClusterToBeReady$0(224)) - Nodes are ready. Got 5 of 5 DN Heartbeats.
2023-08-31 18:16:51,086 [main] INFO  ozone.MiniOzoneClusterImpl (MiniOzoneClusterImpl.java:lambda$waitForClusterToBeReady$0(227)) - Waiting for cluster to exit safe mode
2023-08-31 18:16:51,086 [main] INFO  ozone.MiniOzoneClusterImpl (MiniOzoneClusterImpl.java:lambda$waitForClusterToBeReady$0(229)) - SCM became leader
2023-08-31 18:16:52,086 [main] INFO  ozone.MiniOzoneClusterImpl (MiniOzoneClusterImpl.java:lambda$waitForClusterToBeReady$0(224)) - Nodes are ready. Got 5 of 5 DN Heartbeats.
2023-08-31 18:16:52,087 [main] INFO  ozone.MiniOzoneClusterImpl (MiniOzoneClusterImpl.java:lambda$waitForClusterToBeReady$0(227)) - Waiting for cluster to exit safe mode
2023-08-31 18:16:52,087 [main] INFO  ozone.MiniOzoneClusterImpl (MiniOzoneClusterImpl.java:lambda$waitForClusterToBeReady$0(229)) - SCM became leader
2023-08-31 18:16:52,426 [02e5811a-aac7-41e1-9b10-ccc4a1a85e2b@group-FFB83B6F05FA-FollowerState] INFO  impl.FollowerState (FollowerState.java:run(143)) - 02e5811a-aac7-41e1-9b10-ccc4a1a85e2b@group-FFB83B6F05FA-FollowerState: change to CANDIDATE, lastRpcElapsedTime:5010221418ns, electionTimeout:5002ms
2023-08-31 18:16:52,427 [02e5811a-aac7-41e1-9b10-ccc4a1a85e2b@group-FFB83B6F05FA-FollowerState] INFO  impl.RoleInfo (RoleInfo.java:shutdownFollowerState(110)) - 02e5811a-aac7-41e1-9b10-ccc4a1a85e2b: shutdown 02e5811a-aac7-41e1-9b10-ccc4a1a85e2b@group-FFB83B6F05FA-FollowerState
2023-08-31 18:16:52,427 [02e5811a-aac7-41e1-9b10-ccc4a1a85e2b@group-FFB83B6F05FA-FollowerState] INFO  server.RaftServer$Division (RaftServerImpl.java:setRole(329)) - 02e5811a-aac7-41e1-9b10-ccc4a1a85e2b@group-FFB83B6F05FA: changes role from  FOLLOWER to CANDIDATE at term 0 for changeToCandidate
2023-08-31 18:16:52,429 [02e5811a-aac7-41e1-9b10-ccc4a1a85e2b@group-FFB83B6F05FA-FollowerState] INFO  server.RaftServerConfigKeys (ConfUtils.java:logGet(46)) - raft.server.leaderelection.pre-vote = true (default)
2023-08-31 18:16:52,429 [02e5811a-aac7-41e1-9b10-ccc4a1a85e2b@group-FFB83B6F05FA-FollowerState] INFO  impl.RoleInfo (RoleInfo.java:updateAndGet(139)) - 02e5811a-aac7-41e1-9b10-ccc4a1a85e2b: start 02e5811a-aac7-41e1-9b10-ccc4a1a85e2b@group-FFB83B6F05FA-LeaderElection2
2023-08-31 18:16:52,432 [02e5811a-aac7-41e1-9b10-ccc4a1a85e2b@group-FFB83B6F05FA-LeaderElection2] INFO  impl.LeaderElection (LeaderElection.java:askForVotes(321)) - 02e5811a-aac7-41e1-9b10-ccc4a1a85e2b@group-FFB83B6F05FA-LeaderElection2 PRE_VOTE round 0: submit vote requests at term 0 for -1: peers:[02e5811a-aac7-41e1-9b10-ccc4a1a85e2b|rpc:10.1.0.8:15014|admin:10.1.0.8:15013|client:10.1.0.8:15012|dataStream:10.1.0.8:15015|priority:1|startupRole:FOLLOWER]|listeners:[], old=null
2023-08-31 18:16:52,432 [02e5811a-aac7-41e1-9b10-ccc4a1a85e2b@group-FFB83B6F05FA-LeaderElection2] INFO  impl.LeaderElection (LeaderElection.java:askForVotes(323)) - 02e5811a-aac7-41e1-9b10-ccc4a1a85e2b@group-FFB83B6F05FA-LeaderElection2 PRE_VOTE round 0: result PASSED (term=0)
2023-08-31 18:16:52,434 [02e5811a-aac7-41e1-9b10-ccc4a1a85e2b@group-FFB83B6F05FA-LeaderElection2] INFO  impl.LeaderElection (LeaderElection.java:askForVotes(321)) - 02e5811a-aac7-41e1-9b10-ccc4a1a85e2b@group-FFB83B6F05FA-LeaderElection2 ELECTION round 0: submit vote requests at term 1 for -1: peers:[02e5811a-aac7-41e1-9b10-ccc4a1a85e2b|rpc:10.1.0.8:15014|admin:10.1.0.8:15013|client:10.1.0.8:15012|dataStream:10.1.0.8:15015|priority:1|startupRole:FOLLOWER]|listeners:[], old=null
2023-08-31 18:16:52,434 [02e5811a-aac7-41e1-9b10-ccc4a1a85e2b@group-FFB83B6F05FA-LeaderElection2] INFO  impl.LeaderElection (LeaderElection.java:askForVotes(323)) - 02e5811a-aac7-41e1-9b10-ccc4a1a85e2b@group-FFB83B6F05FA-LeaderElection2 ELECTION round 0: result PASSED (term=1)
2023-08-31 18:16:52,434 [02e5811a-aac7-41e1-9b10-ccc4a1a85e2b@group-FFB83B6F05FA-LeaderElection2] INFO  impl.RoleInfo (RoleInfo.java:shutdownLeaderElection(130)) - 02e5811a-aac7-41e1-9b10-ccc4a1a85e2b: shutdown 02e5811a-aac7-41e1-9b10-ccc4a1a85e2b@group-FFB83B6F05FA-LeaderElection2
2023-08-31 18:16:52,435 [02e5811a-aac7-41e1-9b10-ccc4a1a85e2b@group-FFB83B6F05FA-LeaderElection2] INFO  server.RaftServer$Division (RaftServerImpl.java:setRole(329)) - 02e5811a-aac7-41e1-9b10-ccc4a1a85e2b@group-FFB83B6F05FA: changes role from CANDIDATE to LEADER at term 1 for changeToLeader
2023-08-31 18:16:52,435 [02e5811a-aac7-41e1-9b10-ccc4a1a85e2b@group-FFB83B6F05FA-LeaderElection2] INFO  ratis.XceiverServerRatis (XceiverServerRatis.java:handleLeaderChangedNotification(902)) - Leader change notification received for group: group-FFB83B6F05FA with new leaderId: 02e5811a-aac7-41e1-9b10-ccc4a1a85e2b
2023-08-31 18:16:52,435 [02e5811a-aac7-41e1-9b10-ccc4a1a85e2b@group-FFB83B6F05FA-LeaderElection2] INFO  server.RaftServer$Division (ServerState.java:setLeader(317)) - 02e5811a-aac7-41e1-9b10-ccc4a1a85e2b@group-FFB83B6F05FA: change Leader from null to 02e5811a-aac7-41e1-9b10-ccc4a1a85e2b at term 1 for becomeLeader, leader elected after 5063ms
2023-08-31 18:16:52,435 [02e5811a-aac7-41e1-9b10-ccc4a1a85e2b@group-FFB83B6F05FA-LeaderElection2] INFO  server.RaftServerConfigKeys (ConfUtils.java:logGet(46)) - raft.server.staging.catchup.gap = 1000 (default)
2023-08-31 18:16:52,436 [02e5811a-aac7-41e1-9b10-ccc4a1a85e2b@group-FFB83B6F05FA-LeaderElection2] INFO  server.RaftServerConfigKeys (ConfUtils.java:logGet(46)) - raft.server.write.element-limit = 1024 (custom)
2023-08-31 18:16:52,436 [02e5811a-aac7-41e1-9b10-ccc4a1a85e2b@group-FFB83B6F05FA-LeaderElection2] INFO  server.RaftServerConfigKeys (ConfUtils.java:logGet(46)) - raft.server.write.byte-limit = 1024 M (=1073741824) (custom)
2023-08-31 18:16:52,437 [02e5811a-aac7-41e1-9b10-ccc4a1a85e2b@group-FFB83B6F05FA-LeaderElection2] INFO  server.RaftServerConfigKeys (ConfUtils.java:logGet(46)) - raft.server.watch.timeout = 180s (custom)
2023-08-31 18:16:52,437 [02e5811a-aac7-41e1-9b10-ccc4a1a85e2b@group-FFB83B6F05FA-LeaderElection2] INFO  server.RaftServerConfigKeys (ConfUtils.java:logGet(46)) - raft.server.watch.timeout.denomination = 1s (default)
2023-08-31 18:16:52,437 [02e5811a-aac7-41e1-9b10-ccc4a1a85e2b@group-FFB83B6F05FA-LeaderElection2] INFO  server.RaftServerConfigKeys (ConfUtils.java:logGet(46)) - raft.server.watch.element-limit = 65536 (default)
2023-08-31 18:16:52,437 [02e5811a-aac7-41e1-9b10-ccc4a1a85e2b@group-FFB83B6F05FA-LeaderElection2] INFO  server.RaftServerConfigKeys (ConfUtils.java:logGet(46)) - raft.server.write.element-limit = 1024 (custom)
2023-08-31 18:16:52,437 [02e5811a-aac7-41e1-9b10-ccc4a1a85e2b@group-FFB83B6F05FA-LeaderElection2] INFO  server.RaftServerConfigKeys (ConfUtils.java:logGet(46)) - raft.server.write.follower.gap.ratio.max = -1.0 (default)
2023-08-31 18:16:52,437 [02e5811a-aac7-41e1-9b10-ccc4a1a85e2b@group-FFB83B6F05FA-LeaderElection2] INFO  impl.RoleInfo (RoleInfo.java:updateAndGet(139)) - 02e5811a-aac7-41e1-9b10-ccc4a1a85e2b: start 02e5811a-aac7-41e1-9b10-ccc4a1a85e2b@group-FFB83B6F05FA-LeaderStateImpl
2023-08-31 18:16:52,437 [EventQueue-OpenPipelineForHealthyPipelineSafeModeRule] INFO  safemode.SCMSafeModeManager (HealthyPipelineSafeModeRule.java:process(137)) - SCM in safe mode. Healthy pipelines reported count is 0, required healthy pipeline reported count is 1
2023-08-31 18:16:52,438 [02e5811a-aac7-41e1-9b10-ccc4a1a85e2b@group-FFB83B6F05FA-LeaderElection2] INFO  segmented.SegmentedRaftLogWorker (SegmentedRaftLogWorker.java:startLogSegment(447)) - 02e5811a-aac7-41e1-9b10-ccc4a1a85e2b@group-FFB83B6F05FA-SegmentedRaftLogWorker: Starting segment from index:0
2023-08-31 18:16:52,439 [02e5811a-aac7-41e1-9b10-ccc4a1a85e2b@group-FFB83B6F05FA-SegmentedRaftLogWorker] INFO  segmented.SegmentedRaftLogWorker (SegmentedRaftLogWorker.java:execute(651)) - 02e5811a-aac7-41e1-9b10-ccc4a1a85e2b@group-FFB83B6F05FA-SegmentedRaftLogWorker: created new log segment /home/runner/work/ozone/ozone/hadoop-ozone/integration-test/target/test-dir/MiniOzoneClusterImpl-55bfc424-622c-4031-8e27-dd7ab017ec7d/datanode-0/data/ratis/821265b4-3b9e-424b-b601-ffb83b6f05fa/current/log_inprogress_0
2023-08-31 18:16:52,442 [02e5811a-aac7-41e1-9b10-ccc4a1a85e2b@group-FFB83B6F05FA-LeaderElection2] INFO  server.RaftServer$Division (ServerState.java:setRaftConf(434)) - 02e5811a-aac7-41e1-9b10-ccc4a1a85e2b@group-FFB83B6F05FA: set configuration 0: peers:[02e5811a-aac7-41e1-9b10-ccc4a1a85e2b|rpc:10.1.0.8:15014|admin:10.1.0.8:15013|client:10.1.0.8:15012|dataStream:10.1.0.8:15015|priority:1|startupRole:FOLLOWER]|listeners:[], old=null
2023-08-31 18:16:52,508 [02e5811a-aac7-41e1-9b10-ccc4a1a85e2b@group-AD24448A8F24-FollowerState] INFO  impl.FollowerState (FollowerState.java:run(143)) - 02e5811a-aac7-41e1-9b10-ccc4a1a85e2b@group-AD24448A8F24-FollowerState: change to CANDIDATE, lastRpcElapsedTime:5034755209ns, electionTimeout:5033ms
2023-08-31 18:16:52,509 [02e5811a-aac7-41e1-9b10-ccc4a1a85e2b@group-AD24448A8F24-FollowerState] INFO  impl.RoleInfo (RoleInfo.java:shutdownFollowerState(110)) - 02e5811a-aac7-41e1-9b10-ccc4a1a85e2b: shutdown 02e5811a-aac7-41e1-9b10-ccc4a1a85e2b@group-AD24448A8F24-FollowerState
2023-08-31 18:16:52,509 [02e5811a-aac7-41e1-9b10-ccc4a1a85e2b@group-AD24448A8F24-FollowerState] INFO  server.RaftServer$Division (RaftServerImpl.java:setRole(329)) - 02e5811a-aac7-41e1-9b10-ccc4a1a85e2b@group-AD24448A8F24: changes role from  FOLLOWER to CANDIDATE at term 0 for changeToCandidate
2023-08-31 18:16:52,509 [02e5811a-aac7-41e1-9b10-ccc4a1a85e2b@group-AD24448A8F24-FollowerState] INFO  server.RaftServerConfigKeys (ConfUtils.java:logGet(46)) - raft.server.leaderelection.pre-vote = true (default)
2023-08-31 18:16:52,510 [02e5811a-aac7-41e1-9b10-ccc4a1a85e2b@group-AD24448A8F24-FollowerState] INFO  impl.RoleInfo (RoleInfo.java:updateAndGet(139)) - 02e5811a-aac7-41e1-9b10-ccc4a1a85e2b: start 02e5811a-aac7-41e1-9b10-ccc4a1a85e2b@group-AD24448A8F24-LeaderElection3
2023-08-31 18:16:52,514 [02e5811a-aac7-41e1-9b10-ccc4a1a85e2b@group-AD24448A8F24-LeaderElection3] INFO  impl.LeaderElection (LeaderElection.java:askForVotes(321)) - 02e5811a-aac7-41e1-9b10-ccc4a1a85e2b@group-AD24448A8F24-LeaderElection3 PRE_VOTE round 0: submit vote requests at term 0 for -1: peers:[936500de-6a46-404e-9e6e-74d5223834e1|rpc:10.1.0.8:15032|admin:10.1.0.8:15031|client:10.1.0.8:15030|dataStream:10.1.0.8:15033|priority:1|startupRole:FOLLOWER, a52d6cdf-59e1-461e-b8c6-37ccdacf9b29|rpc:10.1.0.8:15023|admin:10.1.0.8:15022|client:10.1.0.8:15021|dataStream:10.1.0.8:15024|priority:0|startupRole:FOLLOWER, 02e5811a-aac7-41e1-9b10-ccc4a1a85e2b|rpc:10.1.0.8:15014|admin:10.1.0.8:15013|client:10.1.0.8:15012|dataStream:10.1.0.8:15015|priority:0|startupRole:FOLLOWER]|listeners:[], old=null
2023-08-31 18:16:52,524 [02e5811a-aac7-41e1-9b10-ccc4a1a85e2b@group-AD24448A8F24-LeaderElection3] INFO  server.RaftServerConfigKeys (ConfUtils.java:logFallback(53)) - raft.server.rpc.first-election.timeout.min = 5s (fallback to raft.server.rpc.timeout.min)
2023-08-31 18:16:52,525 [02e5811a-aac7-41e1-9b10-ccc4a1a85e2b@group-AD24448A8F24-LeaderElection3] INFO  server.RaftServerConfigKeys (ConfUtils.java:logFallback(53)) - raft.server.rpc.first-election.timeout.max = 5200ms (fallback to raft.server.rpc.timeout.max)
2023-08-31 18:16:52,528 [02e5811a-aac7-41e1-9b10-ccc4a1a85e2b@group-AD24448A8F24-LeaderElection3-1] INFO  server.GrpcServerProtocolClient (GrpcServerProtocolClient.java:<init>(65)) - Build channel for 936500de-6a46-404e-9e6e-74d5223834e1
2023-08-31 18:16:52,530 [02e5811a-aac7-41e1-9b10-ccc4a1a85e2b@group-AD24448A8F24-LeaderElection3-2] INFO  server.GrpcServerProtocolClient (GrpcServerProtocolClient.java:<init>(65)) - Build channel for a52d6cdf-59e1-461e-b8c6-37ccdacf9b29
2023-08-31 18:16:52,557 [grpc-default-executor-0] INFO  server.RaftServer$Division (RaftServerImpl.java:requestVote(1302)) - 936500de-6a46-404e-9e6e-74d5223834e1@group-AD24448A8F24: receive requestVote(PRE_VOTE, 02e5811a-aac7-41e1-9b10-ccc4a1a85e2b, group-AD24448A8F24, 0, (t:0, i:0))
2023-08-31 18:16:52,559 [grpc-default-executor-0] INFO  impl.VoteContext (VoteContext.java:log(49)) - 936500de-6a46-404e-9e6e-74d5223834e1@group-AD24448A8F24-FOLLOWER: reject PRE_VOTE from 02e5811a-aac7-41e1-9b10-ccc4a1a85e2b: our priority 1 > candidate's priority 0
2023-08-31 18:16:52,564 [grpc-default-executor-2] INFO  server.RaftServer$Division (RaftServerImpl.java:requestVote(1302)) - a52d6cdf-59e1-461e-b8c6-37ccdacf9b29@group-AD24448A8F24: receive requestVote(PRE_VOTE, 02e5811a-aac7-41e1-9b10-ccc4a1a85e2b, group-AD24448A8F24, 0, (t:0, i:0))
2023-08-31 18:16:52,564 [grpc-default-executor-0] INFO  server.RaftServer$Division (RaftServerImpl.java:requestVote(1335)) - 936500de-6a46-404e-9e6e-74d5223834e1@group-AD24448A8F24 replies to PRE_VOTE vote request: 02e5811a-aac7-41e1-9b10-ccc4a1a85e2b<-936500de-6a46-404e-9e6e-74d5223834e1#0:FAIL-t0. Peer's state: 936500de-6a46-404e-9e6e-74d5223834e1@group-AD24448A8F24:t0, leader=null, voted=, raftlog=Memoized:936500de-6a46-404e-9e6e-74d5223834e1@group-AD24448A8F24-SegmentedRaftLog:OPENED:c-1, conf=-1: peers:[936500de-6a46-404e-9e6e-74d5223834e1|rpc:10.1.0.8:15032|admin:10.1.0.8:15031|client:10.1.0.8:15030|dataStream:10.1.0.8:15033|priority:1|startupRole:FOLLOWER, a52d6cdf-59e1-461e-b8c6-37ccdacf9b29|rpc:10.1.0.8:15023|admin:10.1.0.8:15022|client:10.1.0.8:15021|dataStream:10.1.0.8:15024|priority:0|startupRole:FOLLOWER, 02e5811a-aac7-41e1-9b10-ccc4a1a85e2b|rpc:10.1.0.8:15014|admin:10.1.0.8:15013|client:10.1.0.8:15012|dataStream:10.1.0.8:15015|priority:0|startupRole:FOLLOWER]|listeners:[], old=null
2023-08-31 18:16:52,564 [grpc-default-executor-2] INFO  impl.VoteContext (VoteContext.java:log(49)) - a52d6cdf-59e1-461e-b8c6-37ccdacf9b29@group-AD24448A8F24-FOLLOWER: accept PRE_VOTE from 02e5811a-aac7-41e1-9b10-ccc4a1a85e2b: our priority 0 <= candidate's priority 0
2023-08-31 18:16:52,569 [grpc-default-executor-2] INFO  server.RaftServer$Division (RaftServerImpl.java:requestVote(1335)) - a52d6cdf-59e1-461e-b8c6-37ccdacf9b29@group-AD24448A8F24 replies to PRE_VOTE vote request: 02e5811a-aac7-41e1-9b10-ccc4a1a85e2b<-a52d6cdf-59e1-461e-b8c6-37ccdacf9b29#0:OK-t0. Peer's state: a52d6cdf-59e1-461e-b8c6-37ccdacf9b29@group-AD24448A8F24:t0, leader=null, voted=, raftlog=Memoized:a52d6cdf-59e1-461e-b8c6-37ccdacf9b29@group-AD24448A8F24-SegmentedRaftLog:OPENED:c-1, conf=-1: peers:[936500de-6a46-404e-9e6e-74d5223834e1|rpc:10.1.0.8:15032|admin:10.1.0.8:15031|client:10.1.0.8:15030|dataStream:10.1.0.8:15033|priority:1|startupRole:FOLLOWER, a52d6cdf-59e1-461e-b8c6-37ccdacf9b29|rpc:10.1.0.8:15023|admin:10.1.0.8:15022|client:10.1.0.8:15021|dataStream:10.1.0.8:15024|priority:0|startupRole:FOLLOWER, 02e5811a-aac7-41e1-9b10-ccc4a1a85e2b|rpc:10.1.0.8:15014|admin:10.1.0.8:15013|client:10.1.0.8:15012|dataStream:10.1.0.8:15015|priority:0|startupRole:FOLLOWER]|listeners:[], old=null
2023-08-31 18:16:52,572 [02e5811a-aac7-41e1-9b10-ccc4a1a85e2b@group-AD24448A8F24-LeaderElection3] INFO  impl.LeaderElection (LeaderElection.java:logAndReturn(90)) - 02e5811a-aac7-41e1-9b10-ccc4a1a85e2b@group-AD24448A8F24-LeaderElection3: PRE_VOTE REJECTED received 1 response(s) and 0 exception(s):
2023-08-31 18:16:52,573 [02e5811a-aac7-41e1-9b10-ccc4a1a85e2b@group-AD24448A8F24-LeaderElection3] INFO  impl.LeaderElection (LeaderElection.java:logAndReturn(94)) -   Response 0: 02e5811a-aac7-41e1-9b10-ccc4a1a85e2b<-936500de-6a46-404e-9e6e-74d5223834e1#0:FAIL-t0
2023-08-31 18:16:52,573 [02e5811a-aac7-41e1-9b10-ccc4a1a85e2b@group-AD24448A8F24-LeaderElection3] INFO  impl.LeaderElection (LeaderElection.java:askForVotes(323)) - 02e5811a-aac7-41e1-9b10-ccc4a1a85e2b@group-AD24448A8F24-LeaderElection3 PRE_VOTE round 0: result REJECTED
2023-08-31 18:16:52,573 [02e5811a-aac7-41e1-9b10-ccc4a1a85e2b@group-AD24448A8F24-LeaderElection3] INFO  server.RaftServer$Division (RaftServerImpl.java:setRole(329)) - 02e5811a-aac7-41e1-9b10-ccc4a1a85e2b@group-AD24448A8F24: changes role from CANDIDATE to FOLLOWER at term 0 for REJECTED
2023-08-31 18:16:52,573 [02e5811a-aac7-41e1-9b10-ccc4a1a85e2b@group-AD24448A8F24-LeaderElection3] INFO  impl.RoleInfo (RoleInfo.java:shutdownLeaderElection(130)) - 02e5811a-aac7-41e1-9b10-ccc4a1a85e2b: shutdown 02e5811a-aac7-41e1-9b10-ccc4a1a85e2b@group-AD24448A8F24-LeaderElection3
2023-08-31 18:16:52,573 [02e5811a-aac7-41e1-9b10-ccc4a1a85e2b@group-AD24448A8F24-LeaderElection3] INFO  impl.RoleInfo (RoleInfo.java:updateAndGet(139)) - 02e5811a-aac7-41e1-9b10-ccc4a1a85e2b: start 02e5811a-aac7-41e1-9b10-ccc4a1a85e2b@group-AD24448A8F24-FollowerState
2023-08-31 18:16:52,985 [a52d6cdf-59e1-461e-b8c6-37ccdacf9b29@group-EC8738930162-FollowerState] INFO  impl.FollowerState (FollowerState.java:run(143)) - a52d6cdf-59e1-461e-b8c6-37ccdacf9b29@group-EC8738930162-FollowerState: change to CANDIDATE, lastRpcElapsedTime:5052454273ns, electionTimeout:5044ms
2023-08-31 18:16:52,987 [a52d6cdf-59e1-461e-b8c6-37ccdacf9b29@group-EC8738930162-FollowerState] INFO  impl.RoleInfo (RoleInfo.java:shutdownFollowerState(110)) - a52d6cdf-59e1-461e-b8c6-37ccdacf9b29: shutdown a52d6cdf-59e1-461e-b8c6-37ccdacf9b29@group-EC8738930162-FollowerState
2023-08-31 18:16:52,987 [a52d6cdf-59e1-461e-b8c6-37ccdacf9b29@group-EC8738930162-FollowerState] INFO  server.RaftServer$Division (RaftServerImpl.java:setRole(329)) - a52d6cdf-59e1-461e-b8c6-37ccdacf9b29@group-EC8738930162: changes role from  FOLLOWER to CANDIDATE at term 0 for changeToCandidate
2023-08-31 18:16:52,988 [a52d6cdf-59e1-461e-b8c6-37ccdacf9b29@group-EC8738930162-FollowerState] INFO  server.RaftServerConfigKeys (ConfUtils.java:logGet(46)) - raft.server.leaderelection.pre-vote = true (default)
2023-08-31 18:16:52,988 [a52d6cdf-59e1-461e-b8c6-37ccdacf9b29@group-EC8738930162-FollowerState] INFO  impl.RoleInfo (RoleInfo.java:updateAndGet(139)) - a52d6cdf-59e1-461e-b8c6-37ccdacf9b29: start a52d6cdf-59e1-461e-b8c6-37ccdacf9b29@group-EC8738930162-LeaderElection4
2023-08-31 18:16:52,989 [a52d6cdf-59e1-461e-b8c6-37ccdacf9b29@group-EC8738930162-LeaderElection4] INFO  impl.LeaderElection (LeaderElection.java:askForVotes(321)) - a52d6cdf-59e1-461e-b8c6-37ccdacf9b29@group-EC8738930162-LeaderElection4 PRE_VOTE round 0: submit vote requests at term 0 for -1: peers:[a52d6cdf-59e1-461e-b8c6-37ccdacf9b29|rpc:10.1.0.8:15023|admin:10.1.0.8:15022|client:10.1.0.8:15021|dataStream:10.1.0.8:15024|priority:1|startupRole:FOLLOWER]|listeners:[], old=null
2023-08-31 18:16:52,990 [a52d6cdf-59e1-461e-b8c6-37ccdacf9b29@group-EC8738930162-LeaderElection4] INFO  impl.LeaderElection (LeaderElection.java:askForVotes(323)) - a52d6cdf-59e1-461e-b8c6-37ccdacf9b29@group-EC8738930162-LeaderElection4 PRE_VOTE round 0: result PASSED (term=0)
2023-08-31 18:16:52,992 [a52d6cdf-59e1-461e-b8c6-37ccdacf9b29@group-EC8738930162-LeaderElection4] INFO  impl.LeaderElection (LeaderElection.java:askForVotes(321)) - a52d6cdf-59e1-461e-b8c6-37ccdacf9b29@group-EC8738930162-LeaderElection4 ELECTION round 0: submit vote requests at term 1 for -1: peers:[a52d6cdf-59e1-461e-b8c6-37ccdacf9b29|rpc:10.1.0.8:15023|admin:10.1.0.8:15022|client:10.1.0.8:15021|dataStream:10.1.0.8:15024|priority:1|startupRole:FOLLOWER]|listeners:[], old=null
2023-08-31 18:16:52,992 [a52d6cdf-59e1-461e-b8c6-37ccdacf9b29@group-EC8738930162-LeaderElection4] INFO  impl.LeaderElection (LeaderElection.java:askForVotes(323)) - a52d6cdf-59e1-461e-b8c6-37ccdacf9b29@group-EC8738930162-LeaderElection4 ELECTION round 0: result PASSED (term=1)
2023-08-31 18:16:52,992 [a52d6cdf-59e1-461e-b8c6-37ccdacf9b29@group-EC8738930162-LeaderElection4] INFO  impl.RoleInfo (RoleInfo.java:shutdownLeaderElection(130)) - a52d6cdf-59e1-461e-b8c6-37ccdacf9b29: shutdown a52d6cdf-59e1-461e-b8c6-37ccdacf9b29@group-EC8738930162-LeaderElection4
2023-08-31 18:16:52,992 [a52d6cdf-59e1-461e-b8c6-37ccdacf9b29@group-EC8738930162-LeaderElection4] INFO  server.RaftServer$Division (RaftServerImpl.java:setRole(329)) - a52d6cdf-59e1-461e-b8c6-37ccdacf9b29@group-EC8738930162: changes role from CANDIDATE to LEADER at term 1 for changeToLeader
2023-08-31 18:16:52,992 [a52d6cdf-59e1-461e-b8c6-37ccdacf9b29@group-EC8738930162-LeaderElection4] INFO  ratis.XceiverServerRatis (XceiverServerRatis.java:handleLeaderChangedNotification(902)) - Leader change notification received for group: group-EC8738930162 with new leaderId: a52d6cdf-59e1-461e-b8c6-37ccdacf9b29
2023-08-31 18:16:52,993 [a52d6cdf-59e1-461e-b8c6-37ccdacf9b29@group-EC8738930162-LeaderElection4] INFO  server.RaftServer$Division (ServerState.java:setLeader(317)) - a52d6cdf-59e1-461e-b8c6-37ccdacf9b29@group-EC8738930162: change Leader from null to a52d6cdf-59e1-461e-b8c6-37ccdacf9b29 at term 1 for becomeLeader, leader elected after 5104ms
2023-08-31 18:16:52,993 [a52d6cdf-59e1-461e-b8c6-37ccdacf9b29@group-EC8738930162-LeaderElection4] INFO  server.RaftServerConfigKeys (ConfUtils.java:logGet(46)) - raft.server.staging.catchup.gap = 1000 (default)
2023-08-31 18:16:52,993 [a52d6cdf-59e1-461e-b8c6-37ccdacf9b29@group-EC8738930162-LeaderElection4] INFO  server.RaftServerConfigKeys (ConfUtils.java:logGet(46)) - raft.server.write.element-limit = 1024 (custom)
2023-08-31 18:16:52,993 [a52d6cdf-59e1-461e-b8c6-37ccdacf9b29@group-EC8738930162-LeaderElection4] INFO  server.RaftServerConfigKeys (ConfUtils.java:logGet(46)) - raft.server.write.byte-limit = 1024 M (=1073741824) (custom)
2023-08-31 18:16:52,994 [a52d6cdf-59e1-461e-b8c6-37ccdacf9b29@group-EC8738930162-LeaderElection4] INFO  server.RaftServerConfigKeys (ConfUtils.java:logGet(46)) - raft.server.watch.timeout = 180s (custom)
2023-08-31 18:16:52,994 [a52d6cdf-59e1-461e-b8c6-37ccdacf9b29@group-EC8738930162-LeaderElection4] INFO  server.RaftServerConfigKeys (ConfUtils.java:logGet(46)) - raft.server.watch.timeout.denomination = 1s (default)
2023-08-31 18:16:52,994 [a52d6cdf-59e1-461e-b8c6-37ccdacf9b29@group-EC8738930162-LeaderElection4] INFO  server.RaftServerConfigKeys (ConfUtils.java:logGet(46)) - raft.server.watch.element-limit = 65536 (default)
2023-08-31 18:16:52,994 [a52d6cdf-59e1-461e-b8c6-37ccdacf9b29@group-EC8738930162-LeaderElection4] INFO  server.RaftServerConfigKeys (ConfUtils.java:logGet(46)) - raft.server.write.element-limit = 1024 (custom)
2023-08-31 18:16:52,994 [a52d6cdf-59e1-461e-b8c6-37ccdacf9b29@group-EC8738930162-LeaderElection4] INFO  server.RaftServerConfigKeys (ConfUtils.java:logGet(46)) - raft.server.write.follower.gap.ratio.max = -1.0 (default)
2023-08-31 18:16:52,994 [a52d6cdf-59e1-461e-b8c6-37ccdacf9b29@group-EC8738930162-LeaderElection4] INFO  impl.RoleInfo (RoleInfo.java:updateAndGet(139)) - a52d6cdf-59e1-461e-b8c6-37ccdacf9b29: start a52d6cdf-59e1-461e-b8c6-37ccdacf9b29@group-EC8738930162-LeaderStateImpl
2023-08-31 18:16:52,995 [a52d6cdf-59e1-461e-b8c6-37ccdacf9b29@group-EC8738930162-LeaderElection4] INFO  segmented.SegmentedRaftLogWorker (SegmentedRaftLogWorker.java:startLogSegment(447)) - a52d6cdf-59e1-461e-b8c6-37ccdacf9b29@group-EC8738930162-SegmentedRaftLogWorker: Starting segment from index:0
2023-08-31 18:16:53,002 [a52d6cdf-59e1-461e-b8c6-37ccdacf9b29@group-EC8738930162-LeaderElection4] INFO  server.RaftServer$Division (ServerState.java:setRaftConf(434)) - a52d6cdf-59e1-461e-b8c6-37ccdacf9b29@group-EC8738930162: set configuration 0: peers:[a52d6cdf-59e1-461e-b8c6-37ccdacf9b29|rpc:10.1.0.8:15023|admin:10.1.0.8:15022|client:10.1.0.8:15021|dataStream:10.1.0.8:15024|priority:1|startupRole:FOLLOWER]|listeners:[], old=null
2023-08-31 18:16:53,002 [a52d6cdf-59e1-461e-b8c6-37ccdacf9b29@group-EC8738930162-SegmentedRaftLogWorker] INFO  segmented.SegmentedRaftLogWorker (SegmentedRaftLogWorker.java:execute(651)) - a52d6cdf-59e1-461e-b8c6-37ccdacf9b29@group-EC8738930162-SegmentedRaftLogWorker: created new log segment /home/runner/work/ozone/ozone/hadoop-ozone/integration-test/target/test-dir/MiniOzoneClusterImpl-55bfc424-622c-4031-8e27-dd7ab017ec7d/datanode-1/data/ratis/80f61b62-c6ca-41ee-8793-ec8738930162/current/log_inprogress_0
2023-08-31 18:16:53,007 [EventQueue-OpenPipelineForHealthyPipelineSafeModeRule] INFO  safemode.SCMSafeModeManager (HealthyPipelineSafeModeRule.java:process(137)) - SCM in safe mode. Healthy pipelines reported count is 0, required healthy pipeline reported count is 1
2023-08-31 18:16:53,087 [main] INFO  ozone.MiniOzoneClusterImpl (MiniOzoneClusterImpl.java:lambda$waitForClusterToBeReady$0(224)) - Nodes are ready. Got 5 of 5 DN Heartbeats.
2023-08-31 18:16:53,088 [main] INFO  ozone.MiniOzoneClusterImpl (MiniOzoneClusterImpl.java:lambda$waitForClusterToBeReady$0(227)) - Waiting for cluster to exit safe mode
2023-08-31 18:16:53,088 [main] INFO  ozone.MiniOzoneClusterImpl (MiniOzoneClusterImpl.java:lambda$waitForClusterToBeReady$0(229)) - SCM became leader
2023-08-31 18:16:53,127 [a52d6cdf-59e1-461e-b8c6-37ccdacf9b29@group-AD24448A8F24-FollowerState] INFO  server.RaftServerConfigKeys (ConfUtils.java:logFallback(53)) - raft.server.rpc.first-election.timeout.min = 5s (fallback to raft.server.rpc.timeout.min)
2023-08-31 18:16:53,127 [a52d6cdf-59e1-461e-b8c6-37ccdacf9b29@group-AD24448A8F24-FollowerState] INFO  server.RaftServerConfigKeys (ConfUtils.java:logFallback(53)) - raft.server.rpc.first-election.timeout.max = 5200ms (fallback to raft.server.rpc.timeout.max)
2023-08-31 18:16:53,220 [936500de-6a46-404e-9e6e-74d5223834e1@group-AD24448A8F24-FollowerState] INFO  impl.FollowerState (FollowerState.java:run(143)) - 936500de-6a46-404e-9e6e-74d5223834e1@group-AD24448A8F24-FollowerState: change to CANDIDATE, lastRpcElapsedTime:5158047861ns, electionTimeout:5150ms
2023-08-31 18:16:53,220 [936500de-6a46-404e-9e6e-74d5223834e1@group-AD24448A8F24-FollowerState] INFO  impl.RoleInfo (RoleInfo.java:shutdownFollowerState(110)) - 936500de-6a46-404e-9e6e-74d5223834e1: shutdown 936500de-6a46-404e-9e6e-74d5223834e1@group-AD24448A8F24-FollowerState
2023-08-31 18:16:53,220 [936500de-6a46-404e-9e6e-74d5223834e1@group-AD24448A8F24-FollowerState] INFO  server.RaftServer$Division (RaftServerImpl.java:setRole(329)) - 936500de-6a46-404e-9e6e-74d5223834e1@group-AD24448A8F24: changes role from  FOLLOWER to CANDIDATE at term 0 for changeToCandidate
2023-08-31 18:16:53,221 [936500de-6a46-404e-9e6e-74d5223834e1@group-AD24448A8F24-FollowerState] INFO  server.RaftServerConfigKeys (ConfUtils.java:logGet(46)) - raft.server.leaderelection.pre-vote = true (default)
2023-08-31 18:16:53,221 [936500de-6a46-404e-9e6e-74d5223834e1@group-AD24448A8F24-FollowerState] INFO  impl.RoleInfo (RoleInfo.java:updateAndGet(139)) - 936500de-6a46-404e-9e6e-74d5223834e1: start 936500de-6a46-404e-9e6e-74d5223834e1@group-AD24448A8F24-LeaderElection5
2023-08-31 18:16:53,224 [936500de-6a46-404e-9e6e-74d5223834e1@group-AD24448A8F24-LeaderElection5] INFO  impl.LeaderElection (LeaderElection.java:askForVotes(321)) - 936500de-6a46-404e-9e6e-74d5223834e1@group-AD24448A8F24-LeaderElection5 PRE_VOTE round 0: submit vote requests at term 0 for -1: peers:[936500de-6a46-404e-9e6e-74d5223834e1|rpc:10.1.0.8:15032|admin:10.1.0.8:15031|client:10.1.0.8:15030|dataStream:10.1.0.8:15033|priority:1|startupRole:FOLLOWER, a52d6cdf-59e1-461e-b8c6-37ccdacf9b29|rpc:10.1.0.8:15023|admin:10.1.0.8:15022|client:10.1.0.8:15021|dataStream:10.1.0.8:15024|priority:0|startupRole:FOLLOWER, 02e5811a-aac7-41e1-9b10-ccc4a1a85e2b|rpc:10.1.0.8:15014|admin:10.1.0.8:15013|client:10.1.0.8:15012|dataStream:10.1.0.8:15015|priority:0|startupRole:FOLLOWER]|listeners:[], old=null
2023-08-31 18:16:53,225 [936500de-6a46-404e-9e6e-74d5223834e1@group-AD24448A8F24-LeaderElection5-1] INFO  server.GrpcServerProtocolClient (GrpcServerProtocolClient.java:<init>(65)) - Build channel for a52d6cdf-59e1-461e-b8c6-37ccdacf9b29
2023-08-31 18:16:53,229 [936500de-6a46-404e-9e6e-74d5223834e1@group-AD24448A8F24-LeaderElection5] INFO  server.RaftServerConfigKeys (ConfUtils.java:logFallback(53)) - raft.server.rpc.first-election.timeout.min = 5s (fallback to raft.server.rpc.timeout.min)
2023-08-31 18:16:53,234 [936500de-6a46-404e-9e6e-74d5223834e1@group-AD24448A8F24-LeaderElection5] INFO  server.RaftServerConfigKeys (ConfUtils.java:logFallback(53)) - raft.server.rpc.first-election.timeout.max = 5200ms (fallback to raft.server.rpc.timeout.max)
2023-08-31 18:16:53,234 [936500de-6a46-404e-9e6e-74d5223834e1@group-AD24448A8F24-LeaderElection5-2] INFO  server.GrpcServerProtocolClient (GrpcServerProtocolClient.java:<init>(65)) - Build channel for 02e5811a-aac7-41e1-9b10-ccc4a1a85e2b
2023-08-31 18:16:53,248 [grpc-default-executor-2] INFO  server.RaftServer$Division (RaftServerImpl.java:requestVote(1302)) - a52d6cdf-59e1-461e-b8c6-37ccdacf9b29@group-AD24448A8F24: receive requestVote(PRE_VOTE, 936500de-6a46-404e-9e6e-74d5223834e1, group-AD24448A8F24, 0, (t:0, i:0))
2023-08-31 18:16:53,248 [grpc-default-executor-2] INFO  impl.VoteContext (VoteContext.java:log(49)) - a52d6cdf-59e1-461e-b8c6-37ccdacf9b29@group-AD24448A8F24-FOLLOWER: accept PRE_VOTE from 936500de-6a46-404e-9e6e-74d5223834e1: our priority 0 <= candidate's priority 1
2023-08-31 18:16:53,248 [grpc-default-executor-2] INFO  server.RaftServer$Division (RaftServerImpl.java:requestVote(1335)) - a52d6cdf-59e1-461e-b8c6-37ccdacf9b29@group-AD24448A8F24 replies to PRE_VOTE vote request: 936500de-6a46-404e-9e6e-74d5223834e1<-a52d6cdf-59e1-461e-b8c6-37ccdacf9b29#0:OK-t0. Peer's state: a52d6cdf-59e1-461e-b8c6-37ccdacf9b29@group-AD24448A8F24:t0, leader=null, voted=, raftlog=Memoized:a52d6cdf-59e1-461e-b8c6-37ccdacf9b29@group-AD24448A8F24-SegmentedRaftLog:OPENED:c-1, conf=-1: peers:[936500de-6a46-404e-9e6e-74d5223834e1|rpc:10.1.0.8:15032|admin:10.1.0.8:15031|client:10.1.0.8:15030|dataStream:10.1.0.8:15033|priority:1|startupRole:FOLLOWER, a52d6cdf-59e1-461e-b8c6-37ccdacf9b29|rpc:10.1.0.8:15023|admin:10.1.0.8:15022|client:10.1.0.8:15021|dataStream:10.1.0.8:15024|priority:0|startupRole:FOLLOWER, 02e5811a-aac7-41e1-9b10-ccc4a1a85e2b|rpc:10.1.0.8:15014|admin:10.1.0.8:15013|client:10.1.0.8:15012|dataStream:10.1.0.8:15015|priority:0|startupRole:FOLLOWER]|listeners:[], old=null
2023-08-31 18:16:53,250 [936500de-6a46-404e-9e6e-74d5223834e1@group-AD24448A8F24-LeaderElection5] INFO  impl.LeaderElection (LeaderElection.java:logAndReturn(90)) - 936500de-6a46-404e-9e6e-74d5223834e1@group-AD24448A8F24-LeaderElection5: PRE_VOTE PASSED received 1 response(s) and 0 exception(s):
2023-08-31 18:16:53,251 [936500de-6a46-404e-9e6e-74d5223834e1@group-AD24448A8F24-LeaderElection5] INFO  impl.LeaderElection (LeaderElection.java:logAndReturn(94)) -   Response 0: 936500de-6a46-404e-9e6e-74d5223834e1<-a52d6cdf-59e1-461e-b8c6-37ccdacf9b29#0:OK-t0
2023-08-31 18:16:53,251 [936500de-6a46-404e-9e6e-74d5223834e1@group-AD24448A8F24-LeaderElection5] INFO  impl.LeaderElection (LeaderElection.java:askForVotes(323)) - 936500de-6a46-404e-9e6e-74d5223834e1@group-AD24448A8F24-LeaderElection5 PRE_VOTE round 0: result PASSED
2023-08-31 18:16:53,253 [936500de-6a46-404e-9e6e-74d5223834e1@group-AD24448A8F24-LeaderElection5] INFO  impl.LeaderElection (LeaderElection.java:askForVotes(321)) - 936500de-6a46-404e-9e6e-74d5223834e1@group-AD24448A8F24-LeaderElection5 ELECTION round 0: submit vote requests at term 1 for -1: peers:[936500de-6a46-404e-9e6e-74d5223834e1|rpc:10.1.0.8:15032|admin:10.1.0.8:15031|client:10.1.0.8:15030|dataStream:10.1.0.8:15033|priority:1|startupRole:FOLLOWER, a52d6cdf-59e1-461e-b8c6-37ccdacf9b29|rpc:10.1.0.8:15023|admin:10.1.0.8:15022|client:10.1.0.8:15021|dataStream:10.1.0.8:15024|priority:0|startupRole:FOLLOWER, 02e5811a-aac7-41e1-9b10-ccc4a1a85e2b|rpc:10.1.0.8:15014|admin:10.1.0.8:15013|client:10.1.0.8:15012|dataStream:10.1.0.8:15015|priority:0|startupRole:FOLLOWER]|listeners:[], old=null
2023-08-31 18:16:53,260 [936500de-6a46-404e-9e6e-74d5223834e1@group-AD24448A8F24-LeaderElection5] INFO  server.RaftServerConfigKeys (ConfUtils.java:logFallback(53)) - raft.server.rpc.first-election.timeout.min = 5s (fallback to raft.server.rpc.timeout.min)
2023-08-31 18:16:53,260 [936500de-6a46-404e-9e6e-74d5223834e1@group-AD24448A8F24-LeaderElection5] INFO  server.RaftServerConfigKeys (ConfUtils.java:logFallback(53)) - raft.server.rpc.first-election.timeout.max = 5200ms (fallback to raft.server.rpc.timeout.max)
2023-08-31 18:16:53,264 [grpc-default-executor-0] INFO  server.RaftServer$Division (RaftServerImpl.java:requestVote(1302)) - 02e5811a-aac7-41e1-9b10-ccc4a1a85e2b@group-AD24448A8F24: receive requestVote(PRE_VOTE, 936500de-6a46-404e-9e6e-74d5223834e1, group-AD24448A8F24, 0, (t:0, i:0))
2023-08-31 18:16:53,265 [grpc-default-executor-0] INFO  impl.VoteContext (VoteContext.java:log(49)) - 02e5811a-aac7-41e1-9b10-ccc4a1a85e2b@group-AD24448A8F24-FOLLOWER: accept PRE_VOTE from 936500de-6a46-404e-9e6e-74d5223834e1: our priority 0 <= candidate's priority 1
2023-08-31 18:16:53,265 [grpc-default-executor-0] INFO  server.RaftServer$Division (RaftServerImpl.java:requestVote(1335)) - 02e5811a-aac7-41e1-9b10-ccc4a1a85e2b@group-AD24448A8F24 replies to PRE_VOTE vote request: 936500de-6a46-404e-9e6e-74d5223834e1<-02e5811a-aac7-41e1-9b10-ccc4a1a85e2b#0:OK-t0. Peer's state: 02e5811a-aac7-41e1-9b10-ccc4a1a85e2b@group-AD24448A8F24:t0, leader=null, voted=, raftlog=Memoized:02e5811a-aac7-41e1-9b10-ccc4a1a85e2b@group-AD24448A8F24-SegmentedRaftLog:OPENED:c-1, conf=-1: peers:[936500de-6a46-404e-9e6e-74d5223834e1|rpc:10.1.0.8:15032|admin:10.1.0.8:15031|client:10.1.0.8:15030|dataStream:10.1.0.8:15033|priority:1|startupRole:FOLLOWER, a52d6cdf-59e1-461e-b8c6-37ccdacf9b29|rpc:10.1.0.8:15023|admin:10.1.0.8:15022|client:10.1.0.8:15021|dataStream:10.1.0.8:15024|priority:0|startupRole:FOLLOWER, 02e5811a-aac7-41e1-9b10-ccc4a1a85e2b|rpc:10.1.0.8:15014|admin:10.1.0.8:15013|client:10.1.0.8:15012|dataStream:10.1.0.8:15015|priority:0|startupRole:FOLLOWER]|listeners:[], old=null
2023-08-31 18:16:53,271 [grpc-default-executor-2] INFO  server.RaftServer$Division (RaftServerImpl.java:requestVote(1302)) - a52d6cdf-59e1-461e-b8c6-37ccdacf9b29@group-AD24448A8F24: receive requestVote(ELECTION, 936500de-6a46-404e-9e6e-74d5223834e1, group-AD24448A8F24, 1, (t:0, i:0))
2023-08-31 18:16:53,272 [grpc-default-executor-2] INFO  impl.VoteContext (VoteContext.java:log(49)) - a52d6cdf-59e1-461e-b8c6-37ccdacf9b29@group-AD24448A8F24-FOLLOWER: accept ELECTION from 936500de-6a46-404e-9e6e-74d5223834e1: our priority 0 <= candidate's priority 1
2023-08-31 18:16:53,272 [grpc-default-executor-2] INFO  server.RaftServer$Division (RaftServerImpl.java:setRole(329)) - a52d6cdf-59e1-461e-b8c6-37ccdacf9b29@group-AD24448A8F24: changes role from  FOLLOWER to FOLLOWER at term 1 for candidate:936500de-6a46-404e-9e6e-74d5223834e1
2023-08-31 18:16:53,272 [grpc-default-executor-2] INFO  impl.RoleInfo (RoleInfo.java:shutdownFollowerState(110)) - a52d6cdf-59e1-461e-b8c6-37ccdacf9b29: shutdown a52d6cdf-59e1-461e-b8c6-37ccdacf9b29@group-AD24448A8F24-FollowerState
2023-08-31 18:16:53,272 [a52d6cdf-59e1-461e-b8c6-37ccdacf9b29@group-AD24448A8F24-FollowerState] INFO  impl.FollowerState (FollowerState.java:run(152)) - a52d6cdf-59e1-461e-b8c6-37ccdacf9b29@group-AD24448A8F24-FollowerState was interrupted
2023-08-31 18:16:53,273 [grpc-default-executor-2] INFO  impl.RoleInfo (RoleInfo.java:updateAndGet(139)) - a52d6cdf-59e1-461e-b8c6-37ccdacf9b29: start a52d6cdf-59e1-461e-b8c6-37ccdacf9b29@group-AD24448A8F24-FollowerState
2023-08-31 18:16:53,276 [grpc-default-executor-0] INFO  server.RaftServer$Division (RaftServerImpl.java:requestVote(1302)) - 02e5811a-aac7-41e1-9b10-ccc4a1a85e2b@group-AD24448A8F24: receive requestVote(ELECTION, 936500de-6a46-404e-9e6e-74d5223834e1, group-AD24448A8F24, 1, (t:0, i:0))
2023-08-31 18:16:53,276 [grpc-default-executor-2] INFO  server.RaftServer$Division (RaftServerImpl.java:requestVote(1335)) - a52d6cdf-59e1-461e-b8c6-37ccdacf9b29@group-AD24448A8F24 replies to ELECTION vote request: 936500de-6a46-404e-9e6e-74d5223834e1<-a52d6cdf-59e1-461e-b8c6-37ccdacf9b29#0:OK-t1. Peer's state: a52d6cdf-59e1-461e-b8c6-37ccdacf9b29@group-AD24448A8F24:t1, leader=null, voted=936500de-6a46-404e-9e6e-74d5223834e1, raftlog=Memoized:a52d6cdf-59e1-461e-b8c6-37ccdacf9b29@group-AD24448A8F24-SegmentedRaftLog:OPENED:c-1, conf=-1: peers:[936500de-6a46-404e-9e6e-74d5223834e1|rpc:10.1.0.8:15032|admin:10.1.0.8:15031|client:10.1.0.8:15030|dataStream:10.1.0.8:15033|priority:1|startupRole:FOLLOWER, a52d6cdf-59e1-461e-b8c6-37ccdacf9b29|rpc:10.1.0.8:15023|admin:10.1.0.8:15022|client:10.1.0.8:15021|dataStream:10.1.0.8:15024|priority:0|startupRole:FOLLOWER, 02e5811a-aac7-41e1-9b10-ccc4a1a85e2b|rpc:10.1.0.8:15014|admin:10.1.0.8:15013|client:10.1.0.8:15012|dataStream:10.1.0.8:15015|priority:0|startupRole:FOLLOWER]|listeners:[], old=null
2023-08-31 18:16:53,276 [grpc-default-executor-0] INFO  impl.VoteContext (VoteContext.java:log(49)) - 02e5811a-aac7-41e1-9b10-ccc4a1a85e2b@group-AD24448A8F24-FOLLOWER: accept ELECTION from 936500de-6a46-404e-9e6e-74d5223834e1: our priority 0 <= candidate's priority 1
2023-08-31 18:16:53,276 [grpc-default-executor-0] INFO  server.RaftServer$Division (RaftServerImpl.java:setRole(329)) - 02e5811a-aac7-41e1-9b10-ccc4a1a85e2b@group-AD24448A8F24: changes role from  FOLLOWER to FOLLOWER at term 1 for candidate:936500de-6a46-404e-9e6e-74d5223834e1
2023-08-31 18:16:53,276 [grpc-default-executor-0] INFO  impl.RoleInfo (RoleInfo.java:shutdownFollowerState(110)) - 02e5811a-aac7-41e1-9b10-ccc4a1a85e2b: shutdown 02e5811a-aac7-41e1-9b10-ccc4a1a85e2b@group-AD24448A8F24-FollowerState
2023-08-31 18:16:53,276 [grpc-default-executor-0] INFO  impl.RoleInfo (RoleInfo.java:updateAndGet(139)) - 02e5811a-aac7-41e1-9b10-ccc4a1a85e2b: start 02e5811a-aac7-41e1-9b10-ccc4a1a85e2b@group-AD24448A8F24-FollowerState
2023-08-31 18:16:53,276 [02e5811a-aac7-41e1-9b10-ccc4a1a85e2b@group-AD24448A8F24-FollowerState] INFO  impl.FollowerState (FollowerState.java:run(152)) - 02e5811a-aac7-41e1-9b10-ccc4a1a85e2b@group-AD24448A8F24-FollowerState was interrupted
2023-08-31 18:16:53,278 [grpc-default-executor-0] INFO  server.RaftServer$Division (RaftServerImpl.java:requestVote(1335)) - 02e5811a-aac7-41e1-9b10-ccc4a1a85e2b@group-AD24448A8F24 replies to ELECTION vote request: 936500de-6a46-404e-9e6e-74d5223834e1<-02e5811a-aac7-41e1-9b10-ccc4a1a85e2b#0:OK-t1. Peer's state: 02e5811a-aac7-41e1-9b10-ccc4a1a85e2b@group-AD24448A8F24:t1, leader=null, voted=936500de-6a46-404e-9e6e-74d5223834e1, raftlog=Memoized:02e5811a-aac7-41e1-9b10-ccc4a1a85e2b@group-AD24448A8F24-SegmentedRaftLog:OPENED:c-1, conf=-1: peers:[936500de-6a46-404e-9e6e-74d5223834e1|rpc:10.1.0.8:15032|admin:10.1.0.8:15031|client:10.1.0.8:15030|dataStream:10.1.0.8:15033|priority:1|startupRole:FOLLOWER, a52d6cdf-59e1-461e-b8c6-37ccdacf9b29|rpc:10.1.0.8:15023|admin:10.1.0.8:15022|client:10.1.0.8:15021|dataStream:10.1.0.8:15024|priority:0|startupRole:FOLLOWER, 02e5811a-aac7-41e1-9b10-ccc4a1a85e2b|rpc:10.1.0.8:15014|admin:10.1.0.8:15013|client:10.1.0.8:15012|dataStream:10.1.0.8:15015|priority:0|startupRole:FOLLOWER]|listeners:[], old=null
2023-08-31 18:16:53,280 [936500de-6a46-404e-9e6e-74d5223834e1@group-AD24448A8F24-LeaderElection5] INFO  impl.LeaderElection (LeaderElection.java:logAndReturn(90)) - 936500de-6a46-404e-9e6e-74d5223834e1@group-AD24448A8F24-LeaderElection5: ELECTION PASSED received 1 response(s) and 0 exception(s):
2023-08-31 18:16:53,280 [936500de-6a46-404e-9e6e-74d5223834e1@group-AD24448A8F24-LeaderElection5] INFO  impl.LeaderElection (LeaderElection.java:logAndReturn(94)) -   Response 0: 936500de-6a46-404e-9e6e-74d5223834e1<-a52d6cdf-59e1-461e-b8c6-37ccdacf9b29#0:OK-t1
2023-08-31 18:16:53,280 [936500de-6a46-404e-9e6e-74d5223834e1@group-AD24448A8F24-LeaderElection5] INFO  impl.LeaderElection (LeaderElection.java:askForVotes(323)) - 936500de-6a46-404e-9e6e-74d5223834e1@group-AD24448A8F24-LeaderElection5 ELECTION round 0: result PASSED
2023-08-31 18:16:53,280 [936500de-6a46-404e-9e6e-74d5223834e1@group-AD24448A8F24-LeaderElection5] INFO  impl.RoleInfo (RoleInfo.java:shutdownLeaderElection(130)) - 936500de-6a46-404e-9e6e-74d5223834e1: shutdown 936500de-6a46-404e-9e6e-74d5223834e1@group-AD24448A8F24-LeaderElection5
2023-08-31 18:16:53,280 [936500de-6a46-404e-9e6e-74d5223834e1@group-AD24448A8F24-LeaderElection5] INFO  server.RaftServer$Division (RaftServerImpl.java:setRole(329)) - 936500de-6a46-404e-9e6e-74d5223834e1@group-AD24448A8F24: changes role from CANDIDATE to LEADER at term 1 for changeToLeader
2023-08-31 18:16:53,280 [936500de-6a46-404e-9e6e-74d5223834e1@group-AD24448A8F24-LeaderElection5] INFO  ratis.XceiverServerRatis (XceiverServerRatis.java:handleLeaderChangedNotification(902)) - Leader change notification received for group: group-AD24448A8F24 with new leaderId: 936500de-6a46-404e-9e6e-74d5223834e1
2023-08-31 18:16:53,280 [936500de-6a46-404e-9e6e-74d5223834e1@group-AD24448A8F24-LeaderElection5] INFO  server.RaftServer$Division (ServerState.java:setLeader(317)) - 936500de-6a46-404e-9e6e-74d5223834e1@group-AD24448A8F24: change Leader from null to 936500de-6a46-404e-9e6e-74d5223834e1 at term 1 for becomeLeader, leader elected after 5272ms
2023-08-31 18:16:53,280 [936500de-6a46-404e-9e6e-74d5223834e1@group-AD24448A8F24-LeaderElection5] INFO  server.RaftServerConfigKeys (ConfUtils.java:logGet(46)) - raft.server.staging.catchup.gap = 1000 (default)
2023-08-31 18:16:53,281 [936500de-6a46-404e-9e6e-74d5223834e1@group-AD24448A8F24-LeaderElection5] INFO  server.RaftServerConfigKeys (ConfUtils.java:logGet(46)) - raft.server.write.element-limit = 1024 (custom)
2023-08-31 18:16:53,281 [936500de-6a46-404e-9e6e-74d5223834e1@group-AD24448A8F24-LeaderElection5] INFO  server.RaftServerConfigKeys (ConfUtils.java:logGet(46)) - raft.server.write.byte-limit = 1024 M (=1073741824) (custom)
2023-08-31 18:16:53,281 [936500de-6a46-404e-9e6e-74d5223834e1@group-AD24448A8F24-LeaderElection5] INFO  server.RaftServerConfigKeys (ConfUtils.java:logGet(46)) - raft.server.watch.timeout = 180s (custom)
2023-08-31 18:16:53,281 [936500de-6a46-404e-9e6e-74d5223834e1@group-AD24448A8F24-LeaderElection5] INFO  server.RaftServerConfigKeys (ConfUtils.java:logGet(46)) - raft.server.watch.timeout.denomination = 1s (default)
2023-08-31 18:16:53,281 [936500de-6a46-404e-9e6e-74d5223834e1@group-AD24448A8F24-LeaderElection5] INFO  server.RaftServerConfigKeys (ConfUtils.java:logGet(46)) - raft.server.watch.element-limit = 65536 (default)
2023-08-31 18:16:53,282 [936500de-6a46-404e-9e6e-74d5223834e1@group-AD24448A8F24-LeaderElection5] INFO  server.RaftServerConfigKeys (ConfUtils.java:logGet(46)) - raft.server.write.element-limit = 1024 (custom)
2023-08-31 18:16:53,282 [936500de-6a46-404e-9e6e-74d5223834e1@group-AD24448A8F24-LeaderElection5] INFO  server.RaftServerConfigKeys (ConfUtils.java:logGet(46)) - raft.server.write.follower.gap.ratio.max = -1.0 (default)
2023-08-31 18:16:53,286 [EventQueue-PipelineReportForPipelineReportHandler] INFO  pipeline.PipelineReportHandler (PipelineReportHandler.java:processPipelineReport(136)) - Opened pipeline PipelineID=3e8ab7de-8ede-477e-9526-ad24448a8f24
2023-08-31 18:16:53,286 [EventQueue-OpenPipelineForHealthyPipelineSafeModeRule] INFO  safemode.SCMSafeModeManager (HealthyPipelineSafeModeRule.java:process(137)) - SCM in safe mode. Healthy pipelines reported count is 0, required healthy pipeline reported count is 1
2023-08-31 18:16:53,292 [EventQueue-OpenPipelineForHealthyPipelineSafeModeRule] INFO  safemode.SCMSafeModeManager (HealthyPipelineSafeModeRule.java:process(137)) - SCM in safe mode. Healthy pipelines reported count is 1, required healthy pipeline reported count is 1
2023-08-31 18:16:53,292 [EventQueue-OpenPipelineForHealthyPipelineSafeModeRule] INFO  safemode.SCMSafeModeManager (SCMSafeModeManager.java:validateSafeModeExitRules(200)) - HealthyPipelineSafeModeRule rule is successfully validated
2023-08-31 18:16:53,292 [EventQueue-OpenPipelineForHealthyPipelineSafeModeRule] INFO  safemode.SCMSafeModeManager (SCMSafeModeManager.java:validateSafeModeExitRules(215)) - ScmSafeModeManager, all rules are successfully validated
2023-08-31 18:16:53,292 [EventQueue-OpenPipelineForHealthyPipelineSafeModeRule] INFO  safemode.SCMSafeModeManager (SCMSafeModeManager.java:exitSafeMode(244)) - SCM exiting safe mode.
2023-08-31 18:16:53,292 [EventQueue-OpenPipelineForHealthyPipelineSafeModeRule] INFO  ha.SCMContext (SCMContext.java:updateSafeModeStatus(228)) - Update SafeModeStatus from SafeModeStatus{safeModeStatus=true, preCheckPassed=true} to SafeModeStatus{safeModeStatus=false, preCheckPassed=true}.
2023-08-31 18:16:53,293 [EventQueue-OpenPipelineForHealthyPipelineSafeModeRule] INFO  pipeline.BackgroundPipelineCreator (BackgroundPipelineCreator.java:notifyStatusChanged(255)) - Service BackgroundPipelineCreator transitions to RUNNING.
2023-08-31 18:16:53,293 [EventQueue-OpenPipelineForHealthyPipelineSafeModeRule] INFO  BackgroundPipelineScrubber (BackgroundSCMService.java:notifyStatusChanged(82)) - Service BackgroundPipelineScrubber transitions to RUNNING.
2023-08-31 18:16:53,293 [EventQueue-OpenPipelineForHealthyPipelineSafeModeRule] INFO  ExpiredContainerReplicaOpScrubber (BackgroundSCMService.java:notifyStatusChanged(82)) - Service ExpiredContainerReplicaOpScrubber transitions to RUNNING.
2023-08-31 18:16:53,293 [EventQueue-OpenPipelineForHealthyPipelineSafeModeRule] INFO  replication.ReplicationManager (ReplicationManager.java:notifyStatusChanged(1370)) - Service ReplicationManager transitions to RUNNING.
2023-08-31 18:16:53,298 [EventQueue-OpenPipelineForHealthyPipelineSafeModeRule] WARN  balancer.ContainerBalancer (ContainerBalancer.java:shouldRun(134)) - Could not find persisted configuration for ContainerBalancer when checking if ContainerBalancer should run. ContainerBalancer should not run now.
2023-08-31 18:16:53,309 [936500de-6a46-404e-9e6e-74d5223834e1@group-AD24448A8F24-LeaderElection5] INFO  server.RaftServerConfigKeys (ConfUtils.java:logGet(46)) - raft.server.log.appender.snapshot.chunk.size.max = 16MB (=16777216) (default)
2023-08-31 18:16:53,309 [936500de-6a46-404e-9e6e-74d5223834e1@group-AD24448A8F24-LeaderElection5] INFO  server.RaftServerConfigKeys (ConfUtils.java:logGet(46)) - raft.server.log.appender.buffer.byte-limit = 33554432 (custom)
2023-08-31 18:16:53,310 [936500de-6a46-404e-9e6e-74d5223834e1@group-AD24448A8F24-LeaderElection5] INFO  server.RaftServerConfigKeys (ConfUtils.java:logGet(46)) - raft.server.log.appender.buffer.element-limit = 1 (custom)
2023-08-31 18:16:53,312 [936500de-6a46-404e-9e6e-74d5223834e1@group-AD24448A8F24-LeaderElection5] INFO  server.RaftServerConfigKeys (ConfUtils.java:logGet(46)) - raft.server.log.appender.wait-time.min = 10ms (default)
2023-08-31 18:16:53,313 [936500de-6a46-404e-9e6e-74d5223834e1@group-AD24448A8F24-LeaderElection5] INFO  grpc.GrpcConfigKeys (ConfUtils.java:logGet(46)) - raft.grpc.server.leader.outstanding.appends.max = 128 (default)
2023-08-31 18:16:53,313 [936500de-6a46-404e-9e6e-74d5223834e1@group-AD24448A8F24-LeaderElection5] INFO  server.RaftServerConfigKeys (ConfUtils.java:logGet(46)) - raft.server.rpc.request.timeout = 60s (custom)
2023-08-31 18:16:53,314 [936500de-6a46-404e-9e6e-74d5223834e1@group-AD24448A8F24-LeaderElection5] INFO  grpc.GrpcConfigKeys (ConfUtils.java:logGet(46)) - raft.grpc.server.install_snapshot.request.element-limit = 8 (default)
2023-08-31 18:16:53,314 [936500de-6a46-404e-9e6e-74d5223834e1@group-AD24448A8F24-LeaderElection5] INFO  grpc.GrpcConfigKeys (ConfUtils.java:logGet(46)) - raft.grpc.server.install_snapshot.request.timeout = 3000ms (default)
2023-08-31 18:16:53,314 [936500de-6a46-404e-9e6e-74d5223834e1@group-AD24448A8F24-LeaderElection5] INFO  server.RaftServerConfigKeys (ConfUtils.java:logGet(46)) - raft.server.log.appender.install.snapshot.enabled = false (custom)
2023-08-31 18:16:53,314 [936500de-6a46-404e-9e6e-74d5223834e1@group-AD24448A8F24-LeaderElection5] INFO  grpc.GrpcConfigKeys (ConfUtils.java:logGet(46)) - raft.grpc.server.heartbeat.channel = true (default)
2023-08-31 18:16:53,316 [936500de-6a46-404e-9e6e-74d5223834e1@group-AD24448A8F24-LeaderElection5] INFO  server.RaftServerConfigKeys (ConfUtils.java:logGet(46)) - raft.server.log.appender.snapshot.chunk.size.max = 16MB (=16777216) (default)
2023-08-31 18:16:53,317 [936500de-6a46-404e-9e6e-74d5223834e1@group-AD24448A8F24-LeaderElection5] INFO  server.RaftServerConfigKeys (ConfUtils.java:logGet(46)) - raft.server.log.appender.buffer.byte-limit = 33554432 (custom)
2023-08-31 18:16:53,317 [936500de-6a46-404e-9e6e-74d5223834e1@group-AD24448A8F24-LeaderElection5] INFO  server.RaftServerConfigKeys (ConfUtils.java:logGet(46)) - raft.server.log.appender.buffer.element-limit = 1 (custom)
2023-08-31 18:16:53,317 [936500de-6a46-404e-9e6e-74d5223834e1@group-AD24448A8F24-LeaderElection5] INFO  server.RaftServerConfigKeys (ConfUtils.java:logGet(46)) - raft.server.log.appender.wait-time.min = 10ms (default)
2023-08-31 18:16:53,317 [936500de-6a46-404e-9e6e-74d5223834e1@group-AD24448A8F24-LeaderElection5] INFO  grpc.GrpcConfigKeys (ConfUtils.java:logGet(46)) - raft.grpc.server.leader.outstanding.appends.max = 128 (default)
2023-08-31 18:16:53,317 [936500de-6a46-404e-9e6e-74d5223834e1@group-AD24448A8F24-LeaderElection5] INFO  server.RaftServerConfigKeys (ConfUtils.java:logGet(46)) - raft.server.rpc.request.timeout = 60s (custom)
2023-08-31 18:16:53,317 [936500de-6a46-404e-9e6e-74d5223834e1@group-AD24448A8F24-LeaderElection5] INFO  grpc.GrpcConfigKeys (ConfUtils.java:logGet(46)) - raft.grpc.server.install_snapshot.request.element-limit = 8 (default)
2023-08-31 18:16:53,317 [936500de-6a46-404e-9e6e-74d5223834e1@group-AD24448A8F24-LeaderElection5] INFO  grpc.GrpcConfigKeys (ConfUtils.java:logGet(46)) - raft.grpc.server.install_snapshot.request.timeout = 3000ms (default)
2023-08-31 18:16:53,317 [936500de-6a46-404e-9e6e-74d5223834e1@group-AD24448A8F24-LeaderElection5] INFO  server.RaftServerConfigKeys (ConfUtils.java:logGet(46)) - raft.server.log.appender.install.snapshot.enabled = false (custom)
2023-08-31 18:16:53,317 [936500de-6a46-404e-9e6e-74d5223834e1@group-AD24448A8F24-LeaderElection5] INFO  grpc.GrpcConfigKeys (ConfUtils.java:logGet(46)) - raft.grpc.server.heartbeat.channel = true (default)
2023-08-31 18:16:53,318 [936500de-6a46-404e-9e6e-74d5223834e1@group-AD24448A8F24-LeaderElection5] INFO  impl.RoleInfo (RoleInfo.java:updateAndGet(139)) - 936500de-6a46-404e-9e6e-74d5223834e1: start 936500de-6a46-404e-9e6e-74d5223834e1@group-AD24448A8F24-LeaderStateImpl
2023-08-31 18:16:53,320 [936500de-6a46-404e-9e6e-74d5223834e1@group-AD24448A8F24-LeaderElection5] INFO  segmented.SegmentedRaftLogWorker (SegmentedRaftLogWorker.java:startLogSegment(447)) - 936500de-6a46-404e-9e6e-74d5223834e1@group-AD24448A8F24-SegmentedRaftLogWorker: Starting segment from index:0
2023-08-31 18:16:53,324 [936500de-6a46-404e-9e6e-74d5223834e1@group-AD24448A8F24-SegmentedRaftLogWorker] INFO  segmented.SegmentedRaftLogWorker (SegmentedRaftLogWorker.java:execute(651)) - 936500de-6a46-404e-9e6e-74d5223834e1@group-AD24448A8F24-SegmentedRaftLogWorker: created new log segment /home/runner/work/ozone/ozone/hadoop-ozone/integration-test/target/test-dir/MiniOzoneClusterImpl-55bfc424-622c-4031-8e27-dd7ab017ec7d/datanode-2/data/ratis/3e8ab7de-8ede-477e-9526-ad24448a8f24/current/log_inprogress_0
2023-08-31 18:16:53,328 [936500de-6a46-404e-9e6e-74d5223834e1@group-AD24448A8F24-LeaderElection5] INFO  server.RaftServer$Division (ServerState.java:setRaftConf(434)) - 936500de-6a46-404e-9e6e-74d5223834e1@group-AD24448A8F24: set configuration 0: peers:[936500de-6a46-404e-9e6e-74d5223834e1|rpc:10.1.0.8:15032|admin:10.1.0.8:15031|client:10.1.0.8:15030|dataStream:10.1.0.8:15033|priority:1|startupRole:FOLLOWER, a52d6cdf-59e1-461e-b8c6-37ccdacf9b29|rpc:10.1.0.8:15023|admin:10.1.0.8:15022|client:10.1.0.8:15021|dataStream:10.1.0.8:15024|priority:0|startupRole:FOLLOWER, 02e5811a-aac7-41e1-9b10-ccc4a1a85e2b|rpc:10.1.0.8:15014|admin:10.1.0.8:15013|client:10.1.0.8:15012|dataStream:10.1.0.8:15015|priority:0|startupRole:FOLLOWER]|listeners:[], old=null
2023-08-31 18:16:53,372 [02e5811a-aac7-41e1-9b10-ccc4a1a85e2b-server-thread1] INFO  ratis.XceiverServerRatis (XceiverServerRatis.java:handleLeaderChangedNotification(902)) - Leader change notification received for group: group-AD24448A8F24 with new leaderId: 936500de-6a46-404e-9e6e-74d5223834e1
2023-08-31 18:16:53,373 [02e5811a-aac7-41e1-9b10-ccc4a1a85e2b-server-thread1] INFO  server.RaftServer$Division (ServerState.java:setLeader(317)) - 02e5811a-aac7-41e1-9b10-ccc4a1a85e2b@group-AD24448A8F24: change Leader from null to 936500de-6a46-404e-9e6e-74d5223834e1 at term 1 for appendEntries, leader elected after 5936ms
2023-08-31 18:16:53,385 [a52d6cdf-59e1-461e-b8c6-37ccdacf9b29-server-thread1] INFO  ratis.XceiverServerRatis (XceiverServerRatis.java:handleLeaderChangedNotification(902)) - Leader change notification received for group: group-AD24448A8F24 with new leaderId: 936500de-6a46-404e-9e6e-74d5223834e1
2023-08-31 18:16:53,388 [02e5811a-aac7-41e1-9b10-ccc4a1a85e2b-server-thread3] INFO  server.RaftServer$Division (ServerState.java:setRaftConf(434)) - 02e5811a-aac7-41e1-9b10-ccc4a1a85e2b@group-AD24448A8F24: set configuration 0: peers:[936500de-6a46-404e-9e6e-74d5223834e1|rpc:10.1.0.8:15032|admin:10.1.0.8:15031|client:10.1.0.8:15030|dataStream:10.1.0.8:15033|priority:1|startupRole:FOLLOWER, a52d6cdf-59e1-461e-b8c6-37ccdacf9b29|rpc:10.1.0.8:15023|admin:10.1.0.8:15022|client:10.1.0.8:15021|dataStream:10.1.0.8:15024|priority:0|startupRole:FOLLOWER, 02e5811a-aac7-41e1-9b10-ccc4a1a85e2b|rpc:10.1.0.8:15014|admin:10.1.0.8:15013|client:10.1.0.8:15012|dataStream:10.1.0.8:15015|priority:0|startupRole:FOLLOWER]|listeners:[], old=null
2023-08-31 18:16:53,393 [02e5811a-aac7-41e1-9b10-ccc4a1a85e2b-server-thread3] INFO  segmented.SegmentedRaftLogWorker (SegmentedRaftLogWorker.java:startLogSegment(447)) - 02e5811a-aac7-41e1-9b10-ccc4a1a85e2b@group-AD24448A8F24-SegmentedRaftLogWorker: Starting segment from index:0
2023-08-31 18:16:53,392 [a52d6cdf-59e1-461e-b8c6-37ccdacf9b29-server-thread1] INFO  server.RaftServer$Division (ServerState.java:setLeader(317)) - a52d6cdf-59e1-461e-b8c6-37ccdacf9b29@group-AD24448A8F24: change Leader from null to 936500de-6a46-404e-9e6e-74d5223834e1 at term 1 for appendEntries, leader elected after 5434ms
2023-08-31 18:16:53,396 [02e5811a-aac7-41e1-9b10-ccc4a1a85e2b@group-AD24448A8F24-SegmentedRaftLogWorker] INFO  segmented.SegmentedRaftLogWorker (SegmentedRaftLogWorker.java:execute(651)) - 02e5811a-aac7-41e1-9b10-ccc4a1a85e2b@group-AD24448A8F24-SegmentedRaftLogWorker: created new log segment /home/runner/work/ozone/ozone/hadoop-ozone/integration-test/target/test-dir/MiniOzoneClusterImpl-55bfc424-622c-4031-8e27-dd7ab017ec7d/datanode-0/data/ratis/3e8ab7de-8ede-477e-9526-ad24448a8f24/current/log_inprogress_0
2023-08-31 18:16:53,398 [a52d6cdf-59e1-461e-b8c6-37ccdacf9b29-server-thread2] INFO  server.RaftServer$Division (ServerState.java:setRaftConf(434)) - a52d6cdf-59e1-461e-b8c6-37ccdacf9b29@group-AD24448A8F24: set configuration 0: peers:[936500de-6a46-404e-9e6e-74d5223834e1|rpc:10.1.0.8:15032|admin:10.1.0.8:15031|client:10.1.0.8:15030|dataStream:10.1.0.8:15033|priority:1|startupRole:FOLLOWER, a52d6cdf-59e1-461e-b8c6-37ccdacf9b29|rpc:10.1.0.8:15023|admin:10.1.0.8:15022|client:10.1.0.8:15021|dataStream:10.1.0.8:15024|priority:0|startupRole:FOLLOWER, 02e5811a-aac7-41e1-9b10-ccc4a1a85e2b|rpc:10.1.0.8:15014|admin:10.1.0.8:15013|client:10.1.0.8:15012|dataStream:10.1.0.8:15015|priority:0|startupRole:FOLLOWER]|listeners:[], old=null
2023-08-31 18:16:53,399 [a52d6cdf-59e1-461e-b8c6-37ccdacf9b29-server-thread2] INFO  segmented.SegmentedRaftLogWorker (SegmentedRaftLogWorker.java:startLogSegment(447)) - a52d6cdf-59e1-461e-b8c6-37ccdacf9b29@group-AD24448A8F24-SegmentedRaftLogWorker: Starting segment from index:0
2023-08-31 18:16:53,403 [a52d6cdf-59e1-461e-b8c6-37ccdacf9b29@group-AD24448A8F24-SegmentedRaftLogWorker] INFO  segmented.SegmentedRaftLogWorker (SegmentedRaftLogWorker.java:execute(651)) - a52d6cdf-59e1-461e-b8c6-37ccdacf9b29@group-AD24448A8F24-SegmentedRaftLogWorker: created new log segment /home/runner/work/ozone/ozone/hadoop-ozone/integration-test/target/test-dir/MiniOzoneClusterImpl-55bfc424-622c-4031-8e27-dd7ab017ec7d/datanode-1/data/ratis/3e8ab7de-8ede-477e-9526-ad24448a8f24/current/log_inprogress_0
2023-08-31 18:16:53,778 [936500de-6a46-404e-9e6e-74d5223834e1@group-F3FCE5B30E34-FollowerState] INFO  impl.FollowerState (FollowerState.java:run(143)) - 936500de-6a46-404e-9e6e-74d5223834e1@group-F3FCE5B30E34-FollowerState: change to CANDIDATE, lastRpcElapsedTime:5176697630ns, electionTimeout:5131ms
2023-08-31 18:16:53,779 [02e5811a-aac7-41e1-9b10-ccc4a1a85e2b@group-F3FCE5B30E34-FollowerState] INFO  impl.FollowerState (FollowerState.java:run(143)) - 02e5811a-aac7-41e1-9b10-ccc4a1a85e2b@group-F3FCE5B30E34-FollowerState: change to CANDIDATE, lastRpcElapsedTime:5250769703ns, electionTimeout:5114ms
2023-08-31 18:16:53,779 [936500de-6a46-404e-9e6e-74d5223834e1@group-F3FCE5B30E34-FollowerState] INFO  impl.RoleInfo (RoleInfo.java:shutdownFollowerState(110)) - 936500de-6a46-404e-9e6e-74d5223834e1: shutdown 936500de-6a46-404e-9e6e-74d5223834e1@group-F3FCE5B30E34-FollowerState
2023-08-31 18:16:53,780 [936500de-6a46-404e-9e6e-74d5223834e1@group-416B23F882A5-FollowerState] INFO  impl.FollowerState (FollowerState.java:run(143)) - 936500de-6a46-404e-9e6e-74d5223834e1@group-416B23F882A5-FollowerState: change to CANDIDATE, lastRpcElapsedTime:5236875351ns, electionTimeout:5039ms
2023-08-31 18:16:53,780 [936500de-6a46-404e-9e6e-74d5223834e1@group-F3FCE5B30E34-FollowerState] INFO  server.RaftServer$Division (RaftServerImpl.java:setRole(329)) - 936500de-6a46-404e-9e6e-74d5223834e1@group-F3FCE5B30E34: changes role from  FOLLOWER to CANDIDATE at term 0 for changeToCandidate
2023-08-31 18:16:53,780 [02e5811a-aac7-41e1-9b10-ccc4a1a85e2b@group-F3FCE5B30E34-FollowerState] INFO  impl.RoleInfo (RoleInfo.java:shutdownFollowerState(110)) - 02e5811a-aac7-41e1-9b10-ccc4a1a85e2b: shutdown 02e5811a-aac7-41e1-9b10-ccc4a1a85e2b@group-F3FCE5B30E34-FollowerState
2023-08-31 18:16:53,780 [02e5811a-aac7-41e1-9b10-ccc4a1a85e2b@group-F3FCE5B30E34-FollowerState] INFO  server.RaftServer$Division (RaftServerImpl.java:setRole(329)) - 02e5811a-aac7-41e1-9b10-ccc4a1a85e2b@group-F3FCE5B30E34: changes role from  FOLLOWER to CANDIDATE at term 0 for changeToCandidate
2023-08-31 18:16:53,780 [936500de-6a46-404e-9e6e-74d5223834e1@group-416B23F882A5-FollowerState] INFO  impl.RoleInfo (RoleInfo.java:shutdownFollowerState(110)) - 936500de-6a46-404e-9e6e-74d5223834e1: shutdown 936500de-6a46-404e-9e6e-74d5223834e1@group-416B23F882A5-FollowerState
2023-08-31 18:16:53,780 [936500de-6a46-404e-9e6e-74d5223834e1@group-416B23F882A5-FollowerState] INFO  server.RaftServer$Division (RaftServerImpl.java:setRole(329)) - 936500de-6a46-404e-9e6e-74d5223834e1@group-416B23F882A5: changes role from  FOLLOWER to CANDIDATE at term 0 for changeToCandidate
2023-08-31 18:16:53,781 [JvmPauseMonitor0] WARN  util.JvmPauseMonitor (JvmPauseMonitor.java:detectPause(124)) - JvmPauseMonitor-d99b6b79-d14b-4ce8-8fb3-d7a88a00d3fc: Detected pause in JVM or host machine approximately 0.207s with 0.370s GC time.
GC pool 'PS MarkSweep' had collection(s): count=1 time=255ms
GC pool 'PS Scavenge' had collection(s): count=1 time=115ms
2023-08-31 18:16:53,781 [a52d6cdf-59e1-461e-b8c6-37ccdacf9b29@group-F3FCE5B30E34-FollowerState] INFO  impl.FollowerState (FollowerState.java:run(143)) - a52d6cdf-59e1-461e-b8c6-37ccdacf9b29@group-F3FCE5B30E34-FollowerState: change to CANDIDATE, lastRpcElapsedTime:5264525653ns, electionTimeout:5031ms
2023-08-31 18:16:53,782 [a52d6cdf-59e1-461e-b8c6-37ccdacf9b29@group-F3FCE5B30E34-FollowerState] INFO  impl.RoleInfo (RoleInfo.java:shutdownFollowerState(110)) - a52d6cdf-59e1-461e-b8c6-37ccdacf9b29: shutdown a52d6cdf-59e1-461e-b8c6-37ccdacf9b29@group-F3FCE5B30E34-FollowerState
2023-08-31 18:16:53,782 [a52d6cdf-59e1-461e-b8c6-37ccdacf9b29@group-F3FCE5B30E34-FollowerState] INFO  server.RaftServer$Division (RaftServerImpl.java:setRole(329)) - a52d6cdf-59e1-461e-b8c6-37ccdacf9b29@group-F3FCE5B30E34: changes role from  FOLLOWER to CANDIDATE at term 0 for changeToCandidate
2023-08-31 18:16:53,782 [JvmPauseMonitor2] WARN  util.JvmPauseMonitor (JvmPauseMonitor.java:detectPause(124)) - JvmPauseMonitor-02e5811a-aac7-41e1-9b10-ccc4a1a85e2b: Detected pause in JVM or host machine approximately 0.258s with 0.370s GC time.
GC pool 'PS MarkSweep' had collection(s): count=1 time=255ms
GC pool 'PS Scavenge' had collection(s): count=1 time=115ms
2023-08-31 18:16:53,784 [JvmPauseMonitor5] WARN  util.JvmPauseMonitor (JvmPauseMonitor.java:detectPause(124)) - JvmPauseMonitor-31d6a482-7e3d-487d-933c-c96d7f47fcbe: Detected pause in JVM or host machine approximately 0.313s with 0.370s GC time.
GC pool 'PS MarkSweep' had collection(s): count=1 time=255ms
GC pool 'PS Scavenge' had collection(s): count=1 time=115ms
2023-08-31 18:16:53,784 [JvmPauseMonitor1] WARN  util.JvmPauseMonitor (JvmPauseMonitor.java:detectPause(124)) - JvmPauseMonitor-om1: Detected pause in JVM or host machine approximately 0.315s with 0.370s GC time.
GC pool 'PS MarkSweep' had collection(s): count=1 time=255ms
GC pool 'PS Scavenge' had collection(s): count=1 time=115ms
2023-08-31 18:16:53,784 [JvmPauseMonitor4] WARN  util.JvmPauseMonitor (JvmPauseMonitor.java:detectPause(124)) - JvmPauseMonitor-936500de-6a46-404e-9e6e-74d5223834e1: Detected pause in JVM or host machine approximately 0.315s with 0.370s GC time.
GC pool 'PS MarkSweep' had collection(s): count=1 time=255ms
GC pool 'PS Scavenge' had collection(s): count=1 time=115ms
2023-08-31 18:16:53,785 [JvmPauseMonitor3] WARN  util.JvmPauseMonitor (JvmPauseMonitor.java:detectPause(124)) - JvmPauseMonitor-a52d6cdf-59e1-461e-b8c6-37ccdacf9b29: Detected pause in JVM or host machine approximately 0.315s with 0.370s GC time.
GC pool 'PS MarkSweep' had collection(s): count=1 time=255ms
GC pool 'PS Scavenge' had collection(s): count=1 time=115ms
2023-08-31 18:16:53,795 [02e5811a-aac7-41e1-9b10-ccc4a1a85e2b@group-F3FCE5B30E34-FollowerState] INFO  server.RaftServerConfigKeys (ConfUtils.java:logGet(46)) - raft.server.leaderelection.pre-vote = true (default)
2023-08-31 18:16:53,795 [02e5811a-aac7-41e1-9b10-ccc4a1a85e2b@group-F3FCE5B30E34-FollowerState] INFO  impl.RoleInfo (RoleInfo.java:updateAndGet(139)) - 02e5811a-aac7-41e1-9b10-ccc4a1a85e2b: start 02e5811a-aac7-41e1-9b10-ccc4a1a85e2b@group-F3FCE5B30E34-LeaderElection6
2023-08-31 18:16:53,795 [936500de-6a46-404e-9e6e-74d5223834e1@group-F3FCE5B30E34-FollowerState] INFO  server.RaftServerConfigKeys (ConfUtils.java:logGet(46)) - raft.server.leaderelection.pre-vote = true (default)
2023-08-31 18:16:53,796 [936500de-6a46-404e-9e6e-74d5223834e1@group-F3FCE5B30E34-FollowerState] INFO  impl.RoleInfo (RoleInfo.java:updateAndGet(139)) - 936500de-6a46-404e-9e6e-74d5223834e1: start 936500de-6a46-404e-9e6e-74d5223834e1@group-F3FCE5B30E34-LeaderElection8
2023-08-31 18:16:53,796 [936500de-6a46-404e-9e6e-74d5223834e1@group-416B23F882A5-FollowerState] INFO  server.RaftServerConfigKeys (ConfUtils.java:logGet(46)) - raft.server.leaderelection.pre-vote = true (default)
2023-08-31 18:16:53,796 [936500de-6a46-404e-9e6e-74d5223834e1@group-416B23F882A5-FollowerState] INFO  impl.RoleInfo (RoleInfo.java:updateAndGet(139)) - 936500de-6a46-404e-9e6e-74d5223834e1: start 936500de-6a46-404e-9e6e-74d5223834e1@group-416B23F882A5-LeaderElection7
2023-08-31 18:16:53,802 [a52d6cdf-59e1-461e-b8c6-37ccdacf9b29@group-F3FCE5B30E34-FollowerState] INFO  server.RaftServerConfigKeys (ConfUtils.java:logGet(46)) - raft.server.leaderelection.pre-vote = true (default)
2023-08-31 18:16:53,802 [a52d6cdf-59e1-461e-b8c6-37ccdacf9b29@group-F3FCE5B30E34-FollowerState] INFO  impl.RoleInfo (RoleInfo.java:updateAndGet(139)) - a52d6cdf-59e1-461e-b8c6-37ccdacf9b29: start a52d6cdf-59e1-461e-b8c6-37ccdacf9b29@group-F3FCE5B30E34-LeaderElection9
2023-08-31 18:16:53,803 [02e5811a-aac7-41e1-9b10-ccc4a1a85e2b@group-F3FCE5B30E34-LeaderElection6] INFO  impl.LeaderElection (LeaderElection.java:askForVotes(321)) - 02e5811a-aac7-41e1-9b10-ccc4a1a85e2b@group-F3FCE5B30E34-LeaderElection6 PRE_VOTE round 0: submit vote requests at term 0 for -1: peers:[a52d6cdf-59e1-461e-b8c6-37ccdacf9b29|rpc:10.1.0.8:15023|admin:10.1.0.8:15022|client:10.1.0.8:15021|dataStream:10.1.0.8:15024|priority:1|startupRole:FOLLOWER, 936500de-6a46-404e-9e6e-74d5223834e1|rpc:10.1.0.8:15032|admin:10.1.0.8:15031|client:10.1.0.8:15030|dataStream:10.1.0.8:15033|priority:0|startupRole:FOLLOWER, 02e5811a-aac7-41e1-9b10-ccc4a1a85e2b|rpc:10.1.0.8:15014|admin:10.1.0.8:15013|client:10.1.0.8:15012|dataStream:10.1.0.8:15015|priority:0|startupRole:FOLLOWER]|listeners:[], old=null
2023-08-31 18:16:53,803 [936500de-6a46-404e-9e6e-74d5223834e1@group-F3FCE5B30E34-LeaderElection8] INFO  impl.LeaderElection (LeaderElection.java:askForVotes(321)) - 936500de-6a46-404e-9e6e-74d5223834e1@group-F3FCE5B30E34-LeaderElection8 PRE_VOTE round 0: submit vote requests at term 0 for -1: peers:[a52d6cdf-59e1-461e-b8c6-37ccdacf9b29|rpc:10.1.0.8:15023|admin:10.1.0.8:15022|client:10.1.0.8:15021|dataStream:10.1.0.8:15024|priority:1|startupRole:FOLLOWER, 936500de-6a46-404e-9e6e-74d5223834e1|rpc:10.1.0.8:15032|admin:10.1.0.8:15031|client:10.1.0.8:15030|dataStream:10.1.0.8:15033|priority:0|startupRole:FOLLOWER, 02e5811a-aac7-41e1-9b10-ccc4a1a85e2b|rpc:10.1.0.8:15014|admin:10.1.0.8:15013|client:10.1.0.8:15012|dataStream:10.1.0.8:15015|priority:0|startupRole:FOLLOWER]|listeners:[], old=null
2023-08-31 18:16:53,803 [936500de-6a46-404e-9e6e-74d5223834e1@group-416B23F882A5-LeaderElection7] INFO  impl.LeaderElection (LeaderElection.java:askForVotes(321)) - 936500de-6a46-404e-9e6e-74d5223834e1@group-416B23F882A5-LeaderElection7 PRE_VOTE round 0: submit vote requests at term 0 for -1: peers:[936500de-6a46-404e-9e6e-74d5223834e1|rpc:10.1.0.8:15032|admin:10.1.0.8:15031|client:10.1.0.8:15030|dataStream:10.1.0.8:15033|priority:1|startupRole:FOLLOWER]|listeners:[], old=null
2023-08-31 18:16:53,820 [936500de-6a46-404e-9e6e-74d5223834e1@group-416B23F882A5-LeaderElection7] INFO  impl.LeaderElection (LeaderElection.java:askForVotes(323)) - 936500de-6a46-404e-9e6e-74d5223834e1@group-416B23F882A5-LeaderElection7 PRE_VOTE round 0: result PASSED (term=0)
2023-08-31 18:16:53,821 [936500de-6a46-404e-9e6e-74d5223834e1@group-F3FCE5B30E34-LeaderElection8] INFO  server.RaftServerConfigKeys (ConfUtils.java:logFallback(53)) - raft.server.rpc.first-election.timeout.min = 5s (fallback to raft.server.rpc.timeout.min)
2023-08-31 18:16:53,825 [936500de-6a46-404e-9e6e-74d5223834e1@group-F3FCE5B30E34-LeaderElection8] INFO  server.RaftServerConfigKeys (ConfUtils.java:logFallback(53)) - raft.server.rpc.first-election.timeout.max = 5200ms (fallback to raft.server.rpc.timeout.max)
2023-08-31 18:16:53,825 [grpc-default-executor-1] INFO  server.RaftServer$Division (RaftServerImpl.java:requestVote(1302)) - a52d6cdf-59e1-461e-b8c6-37ccdacf9b29@group-F3FCE5B30E34: receive requestVote(PRE_VOTE, 936500de-6a46-404e-9e6e-74d5223834e1, group-F3FCE5B30E34, 0, (t:0, i:0))
2023-08-31 18:16:53,816 [02e5811a-aac7-41e1-9b10-ccc4a1a85e2b@group-F3FCE5B30E34-LeaderElection6] INFO  server.RaftServerConfigKeys (ConfUtils.java:logFallback(53)) - raft.server.rpc.first-election.timeout.min = 5s (fallback to raft.server.rpc.timeout.min)
2023-08-31 18:16:53,825 [02e5811a-aac7-41e1-9b10-ccc4a1a85e2b@group-F3FCE5B30E34-LeaderElection6] INFO  server.RaftServerConfigKeys (ConfUtils.java:logFallback(53)) - raft.server.rpc.first-election.timeout.max = 5200ms (fallback to raft.server.rpc.timeout.max)
2023-08-31 18:16:53,825 [grpc-default-executor-1] INFO  impl.VoteContext (VoteContext.java:log(49)) - a52d6cdf-59e1-461e-b8c6-37ccdacf9b29@group-F3FCE5B30E34-CANDIDATE: reject PRE_VOTE from 936500de-6a46-404e-9e6e-74d5223834e1: our priority 1 > candidate's priority 0
2023-08-31 18:16:53,825 [grpc-default-executor-1] INFO  server.RaftServer$Division (RaftServerImpl.java:requestVote(1335)) - a52d6cdf-59e1-461e-b8c6-37ccdacf9b29@group-F3FCE5B30E34 replies to PRE_VOTE vote request: 936500de-6a46-404e-9e6e-74d5223834e1<-a52d6cdf-59e1-461e-b8c6-37ccdacf9b29#0:FAIL-t0. Peer's state: a52d6cdf-59e1-461e-b8c6-37ccdacf9b29@group-F3FCE5B30E34:t0, leader=null, voted=, raftlog=Memoized:a52d6cdf-59e1-461e-b8c6-37ccdacf9b29@group-F3FCE5B30E34-SegmentedRaftLog:OPENED:c-1, conf=-1: peers:[a52d6cdf-59e1-461e-b8c6-37ccdacf9b29|rpc:10.1.0.8:15023|admin:10.1.0.8:15022|client:10.1.0.8:15021|dataStream:10.1.0.8:15024|priority:1|startupRole:FOLLOWER, 936500de-6a46-404e-9e6e-74d5223834e1|rpc:10.1.0.8:15032|admin:10.1.0.8:15031|client:10.1.0.8:15030|dataStream:10.1.0.8:15033|priority:0|startupRole:FOLLOWER, 02e5811a-aac7-41e1-9b10-ccc4a1a85e2b|rpc:10.1.0.8:15014|admin:10.1.0.8:15013|client:10.1.0.8:15012|dataStream:10.1.0.8:15015|priority:0|startupRole:FOLLOWER]|listeners:[], old=null
2023-08-31 18:16:53,826 [grpc-default-executor-2] INFO  server.RaftServer$Division (RaftServerImpl.java:requestVote(1302)) - 936500de-6a46-404e-9e6e-74d5223834e1@group-F3FCE5B30E34: receive requestVote(PRE_VOTE, 02e5811a-aac7-41e1-9b10-ccc4a1a85e2b, group-F3FCE5B30E34, 0, (t:0, i:0))
2023-08-31 18:16:53,826 [grpc-default-executor-2] INFO  impl.VoteContext (VoteContext.java:log(49)) - 936500de-6a46-404e-9e6e-74d5223834e1@group-F3FCE5B30E34-CANDIDATE: accept PRE_VOTE from 02e5811a-aac7-41e1-9b10-ccc4a1a85e2b: our priority 0 <= candidate's priority 0
2023-08-31 18:16:53,826 [grpc-default-executor-2] INFO  server.RaftServer$Division (RaftServerImpl.java:requestVote(1335)) - 936500de-6a46-404e-9e6e-74d5223834e1@group-F3FCE5B30E34 replies to PRE_VOTE vote request: 02e5811a-aac7-41e1-9b10-ccc4a1a85e2b<-936500de-6a46-404e-9e6e-74d5223834e1#0:OK-t0. Peer's state: 936500de-6a46-404e-9e6e-74d5223834e1@group-F3FCE5B30E34:t0, leader=null, voted=, raftlog=Memoized:936500de-6a46-404e-9e6e-74d5223834e1@group-F3FCE5B30E34-SegmentedRaftLog:OPENED:c-1, conf=-1: peers:[a52d6cdf-59e1-461e-b8c6-37ccdacf9b29|rpc:10.1.0.8:15023|admin:10.1.0.8:15022|client:10.1.0.8:15021|dataStream:10.1.0.8:15024|priority:1|startupRole:FOLLOWER, 936500de-6a46-404e-9e6e-74d5223834e1|rpc:10.1.0.8:15032|admin:10.1.0.8:15031|client:10.1.0.8:15030|dataStream:10.1.0.8:15033|priority:0|startupRole:FOLLOWER, 02e5811a-aac7-41e1-9b10-ccc4a1a85e2b|rpc:10.1.0.8:15014|admin:10.1.0.8:15013|client:10.1.0.8:15012|dataStream:10.1.0.8:15015|priority:0|startupRole:FOLLOWER]|listeners:[], old=null
2023-08-31 18:16:53,828 [936500de-6a46-404e-9e6e-74d5223834e1@group-F3FCE5B30E34-LeaderElection8] INFO  impl.LeaderElection (LeaderElection.java:logAndReturn(90)) - 936500de-6a46-404e-9e6e-74d5223834e1@group-F3FCE5B30E34-LeaderElection8: PRE_VOTE REJECTED received 1 response(s) and 0 exception(s):
2023-08-31 18:16:53,838 [936500de-6a46-404e-9e6e-74d5223834e1@group-F3FCE5B30E34-LeaderElection8] INFO  impl.LeaderElection (LeaderElection.java:logAndReturn(94)) -   Response 0: 936500de-6a46-404e-9e6e-74d5223834e1<-a52d6cdf-59e1-461e-b8c6-37ccdacf9b29#0:FAIL-t0
2023-08-31 18:16:53,838 [grpc-default-executor-2] INFO  server.RaftServer$Division (RaftServerImpl.java:requestVote(1302)) - 02e5811a-aac7-41e1-9b10-ccc4a1a85e2b@group-F3FCE5B30E34: receive requestVote(PRE_VOTE, 936500de-6a46-404e-9e6e-74d5223834e1, group-F3FCE5B30E34, 0, (t:0, i:0))
2023-08-31 18:16:53,839 [grpc-default-executor-2] INFO  impl.VoteContext (VoteContext.java:log(49)) - 02e5811a-aac7-41e1-9b10-ccc4a1a85e2b@group-F3FCE5B30E34-CANDIDATE: accept PRE_VOTE from 936500de-6a46-404e-9e6e-74d5223834e1: our priority 0 <= candidate's priority 0
2023-08-31 18:16:53,839 [grpc-default-executor-2] INFO  server.RaftServer$Division (RaftServerImpl.java:requestVote(1335)) - 02e5811a-aac7-41e1-9b10-ccc4a1a85e2b@group-F3FCE5B30E34 replies to PRE_VOTE vote request: 936500de-6a46-404e-9e6e-74d5223834e1<-02e5811a-aac7-41e1-9b10-ccc4a1a85e2b#0:OK-t0. Peer's state: 02e5811a-aac7-41e1-9b10-ccc4a1a85e2b@group-F3FCE5B30E34:t0, leader=null, voted=, raftlog=Memoized:02e5811a-aac7-41e1-9b10-ccc4a1a85e2b@group-F3FCE5B30E34-SegmentedRaftLog:OPENED:c-1, conf=-1: peers:[a52d6cdf-59e1-461e-b8c6-37ccdacf9b29|rpc:10.1.0.8:15023|admin:10.1.0.8:15022|client:10.1.0.8:15021|dataStream:10.1.0.8:15024|priority:1|startupRole:FOLLOWER, 936500de-6a46-404e-9e6e-74d5223834e1|rpc:10.1.0.8:15032|admin:10.1.0.8:15031|client:10.1.0.8:15030|dataStream:10.1.0.8:15033|priority:0|startupRole:FOLLOWER, 02e5811a-aac7-41e1-9b10-ccc4a1a85e2b|rpc:10.1.0.8:15014|admin:10.1.0.8:15013|client:10.1.0.8:15012|dataStream:10.1.0.8:15015|priority:0|startupRole:FOLLOWER]|listeners:[], old=null
2023-08-31 18:16:53,824 [a52d6cdf-59e1-461e-b8c6-37ccdacf9b29@group-F3FCE5B30E34-LeaderElection9] INFO  impl.LeaderElection (LeaderElection.java:askForVotes(321)) - a52d6cdf-59e1-461e-b8c6-37ccdacf9b29@group-F3FCE5B30E34-LeaderElection9 PRE_VOTE round 0: submit vote requests at term 0 for -1: peers:[a52d6cdf-59e1-461e-b8c6-37ccdacf9b29|rpc:10.1.0.8:15023|admin:10.1.0.8:15022|client:10.1.0.8:15021|dataStream:10.1.0.8:15024|priority:1|startupRole:FOLLOWER, 936500de-6a46-404e-9e6e-74d5223834e1|rpc:10.1.0.8:15032|admin:10.1.0.8:15031|client:10.1.0.8:15030|dataStream:10.1.0.8:15033|priority:0|startupRole:FOLLOWER, 02e5811a-aac7-41e1-9b10-ccc4a1a85e2b|rpc:10.1.0.8:15014|admin:10.1.0.8:15013|client:10.1.0.8:15012|dataStream:10.1.0.8:15015|priority:0|startupRole:FOLLOWER]|listeners:[], old=null
2023-08-31 18:16:53,823 [936500de-6a46-404e-9e6e-74d5223834e1@group-416B23F882A5-LeaderElection7] INFO  impl.LeaderElection (LeaderElection.java:askForVotes(321)) - 936500de-6a46-404e-9e6e-74d5223834e1@group-416B23F882A5-LeaderElection7 ELECTION round 0: submit vote requests at term 1 for -1: peers:[936500de-6a46-404e-9e6e-74d5223834e1|rpc:10.1.0.8:15032|admin:10.1.0.8:15031|client:10.1.0.8:15030|dataStream:10.1.0.8:15033|priority:1|startupRole:FOLLOWER]|listeners:[], old=null
2023-08-31 18:16:53,843 [936500de-6a46-404e-9e6e-74d5223834e1@group-416B23F882A5-LeaderElection7] INFO  impl.LeaderElection (LeaderElection.java:askForVotes(323)) - 936500de-6a46-404e-9e6e-74d5223834e1@group-416B23F882A5-LeaderElection7 ELECTION round 0: result PASSED (term=1)
2023-08-31 18:16:53,843 [936500de-6a46-404e-9e6e-74d5223834e1@group-416B23F882A5-LeaderElection7] INFO  impl.RoleInfo (RoleInfo.java:shutdownLeaderElection(130)) - 936500de-6a46-404e-9e6e-74d5223834e1: shutdown 936500de-6a46-404e-9e6e-74d5223834e1@group-416B23F882A5-LeaderElection7
2023-08-31 18:16:53,843 [936500de-6a46-404e-9e6e-74d5223834e1@group-416B23F882A5-LeaderElection7] INFO  server.RaftServer$Division (RaftServerImpl.java:setRole(329)) - 936500de-6a46-404e-9e6e-74d5223834e1@group-416B23F882A5: changes role from CANDIDATE to LEADER at term 1 for changeToLeader
2023-08-31 18:16:53,843 [936500de-6a46-404e-9e6e-74d5223834e1@group-416B23F882A5-LeaderElection7] INFO  ratis.XceiverServerRatis (XceiverServerRatis.java:handleLeaderChangedNotification(902)) - Leader change notification received for group: group-416B23F882A5 with new leaderId: 936500de-6a46-404e-9e6e-74d5223834e1
2023-08-31 18:16:53,843 [936500de-6a46-404e-9e6e-74d5223834e1@group-416B23F882A5-LeaderElection7] INFO  server.RaftServer$Division (ServerState.java:setLeader(317)) - 936500de-6a46-404e-9e6e-74d5223834e1@group-416B23F882A5: change Leader from null to 936500de-6a46-404e-9e6e-74d5223834e1 at term 1 for becomeLeader, leader elected after 5354ms
2023-08-31 18:16:53,843 [936500de-6a46-404e-9e6e-74d5223834e1@group-416B23F882A5-LeaderElection7] INFO  server.RaftServerConfigKeys (ConfUtils.java:logGet(46)) - raft.server.staging.catchup.gap = 1000 (default)
2023-08-31 18:16:53,821 [grpc-default-executor-0] INFO  server.RaftServer$Division (RaftServerImpl.java:requestVote(1302)) - a52d6cdf-59e1-461e-b8c6-37ccdacf9b29@group-F3FCE5B30E34: receive requestVote(PRE_VOTE, 02e5811a-aac7-41e1-9b10-ccc4a1a85e2b, group-F3FCE5B30E34, 0, (t:0, i:0))
2023-08-31 18:16:53,846 [grpc-default-executor-0] INFO  impl.VoteContext (VoteContext.java:log(49)) - a52d6cdf-59e1-461e-b8c6-37ccdacf9b29@group-F3FCE5B30E34-CANDIDATE: reject PRE_VOTE from 02e5811a-aac7-41e1-9b10-ccc4a1a85e2b: our priority 1 > candidate's priority 0
2023-08-31 18:16:53,846 [grpc-default-executor-0] INFO  server.RaftServer$Division (RaftServerImpl.java:requestVote(1335)) - a52d6cdf-59e1-461e-b8c6-37ccdacf9b29@group-F3FCE5B30E34 replies to PRE_VOTE vote request: 02e5811a-aac7-41e1-9b10-ccc4a1a85e2b<-a52d6cdf-59e1-461e-b8c6-37ccdacf9b29#0:FAIL-t0. Peer's state: a52d6cdf-59e1-461e-b8c6-37ccdacf9b29@group-F3FCE5B30E34:t0, leader=null, voted=, raftlog=Memoized:a52d6cdf-59e1-461e-b8c6-37ccdacf9b29@group-F3FCE5B30E34-SegmentedRaftLog:OPENED:c-1, conf=-1: peers:[a52d6cdf-59e1-461e-b8c6-37ccdacf9b29|rpc:10.1.0.8:15023|admin:10.1.0.8:15022|client:10.1.0.8:15021|dataStream:10.1.0.8:15024|priority:1|startupRole:FOLLOWER, 936500de-6a46-404e-9e6e-74d5223834e1|rpc:10.1.0.8:15032|admin:10.1.0.8:15031|client:10.1.0.8:15030|dataStream:10.1.0.8:15033|priority:0|startupRole:FOLLOWER, 02e5811a-aac7-41e1-9b10-ccc4a1a85e2b|rpc:10.1.0.8:15014|admin:10.1.0.8:15013|client:10.1.0.8:15012|dataStream:10.1.0.8:15015|priority:0|startupRole:FOLLOWER]|listeners:[], old=null
2023-08-31 18:16:53,844 [936500de-6a46-404e-9e6e-74d5223834e1@group-416B23F882A5-LeaderElection7] INFO  server.RaftServerConfigKeys (ConfUtils.java:logGet(46)) - raft.server.write.element-limit = 1024 (custom)
2023-08-31 18:16:53,847 [936500de-6a46-404e-9e6e-74d5223834e1@group-416B23F882A5-LeaderElection7] INFO  server.RaftServerConfigKeys (ConfUtils.java:logGet(46)) - raft.server.write.byte-limit = 1024 M (=1073741824) (custom)
2023-08-31 18:16:53,847 [936500de-6a46-404e-9e6e-74d5223834e1@group-416B23F882A5-LeaderElection7] INFO  server.RaftServerConfigKeys (ConfUtils.java:logGet(46)) - raft.server.watch.timeout = 180s (custom)
2023-08-31 18:16:53,847 [936500de-6a46-404e-9e6e-74d5223834e1@group-416B23F882A5-LeaderElection7] INFO  server.RaftServerConfigKeys (ConfUtils.java:logGet(46)) - raft.server.watch.timeout.denomination = 1s (default)
2023-08-31 18:16:53,847 [936500de-6a46-404e-9e6e-74d5223834e1@group-416B23F882A5-LeaderElection7] INFO  server.RaftServerConfigKeys (ConfUtils.java:logGet(46)) - raft.server.watch.element-limit = 65536 (default)
2023-08-31 18:16:53,847 [936500de-6a46-404e-9e6e-74d5223834e1@group-416B23F882A5-LeaderElection7] INFO  server.RaftServerConfigKeys (ConfUtils.java:logGet(46)) - raft.server.write.element-limit = 1024 (custom)
2023-08-31 18:16:53,848 [936500de-6a46-404e-9e6e-74d5223834e1@group-416B23F882A5-LeaderElection7] INFO  server.RaftServerConfigKeys (ConfUtils.java:logGet(46)) - raft.server.write.follower.gap.ratio.max = -1.0 (default)
2023-08-31 18:16:53,848 [936500de-6a46-404e-9e6e-74d5223834e1@group-416B23F882A5-LeaderElection7] INFO  impl.RoleInfo (RoleInfo.java:updateAndGet(139)) - 936500de-6a46-404e-9e6e-74d5223834e1: start 936500de-6a46-404e-9e6e-74d5223834e1@group-416B23F882A5-LeaderStateImpl
2023-08-31 18:16:53,848 [936500de-6a46-404e-9e6e-74d5223834e1@group-416B23F882A5-LeaderElection7] INFO  segmented.SegmentedRaftLogWorker (SegmentedRaftLogWorker.java:startLogSegment(447)) - 936500de-6a46-404e-9e6e-74d5223834e1@group-416B23F882A5-SegmentedRaftLogWorker: Starting segment from index:0
2023-08-31 18:16:53,840 [a52d6cdf-59e1-461e-b8c6-37ccdacf9b29@group-F3FCE5B30E34-LeaderElection9-2] INFO  server.GrpcServerProtocolClient (GrpcServerProtocolClient.java:<init>(65)) - Build channel for 02e5811a-aac7-41e1-9b10-ccc4a1a85e2b
2023-08-31 18:16:53,840 [a52d6cdf-59e1-461e-b8c6-37ccdacf9b29@group-F3FCE5B30E34-LeaderElection9] INFO  server.RaftServerConfigKeys (ConfUtils.java:logFallback(53)) - raft.server.rpc.first-election.timeout.min = 5s (fallback to raft.server.rpc.timeout.min)
2023-08-31 18:16:53,840 [a52d6cdf-59e1-461e-b8c6-37ccdacf9b29@group-F3FCE5B30E34-LeaderElection9-1] INFO  server.GrpcServerProtocolClient (GrpcServerProtocolClient.java:<init>(65)) - Build channel for 936500de-6a46-404e-9e6e-74d5223834e1
2023-08-31 18:16:53,851 [a52d6cdf-59e1-461e-b8c6-37ccdacf9b29@group-F3FCE5B30E34-LeaderElection9] INFO  server.RaftServerConfigKeys (ConfUtils.java:logFallback(53)) - raft.server.rpc.first-election.timeout.max = 5200ms (fallback to raft.server.rpc.timeout.max)
2023-08-31 18:16:53,838 [936500de-6a46-404e-9e6e-74d5223834e1@group-F3FCE5B30E34-LeaderElection8] INFO  impl.LeaderElection (LeaderElection.java:askForVotes(323)) - 936500de-6a46-404e-9e6e-74d5223834e1@group-F3FCE5B30E34-LeaderElection8 PRE_VOTE round 0: result REJECTED
2023-08-31 18:16:53,852 [936500de-6a46-404e-9e6e-74d5223834e1@group-F3FCE5B30E34-LeaderElection8] INFO  server.RaftServer$Division (RaftServerImpl.java:setRole(329)) - 936500de-6a46-404e-9e6e-74d5223834e1@group-F3FCE5B30E34: changes role from CANDIDATE to FOLLOWER at term 0 for REJECTED
2023-08-31 18:16:53,852 [936500de-6a46-404e-9e6e-74d5223834e1@group-F3FCE5B30E34-LeaderElection8] INFO  impl.RoleInfo (RoleInfo.java:shutdownLeaderElection(130)) - 936500de-6a46-404e-9e6e-74d5223834e1: shutdown 936500de-6a46-404e-9e6e-74d5223834e1@group-F3FCE5B30E34-LeaderElection8
2023-08-31 18:16:53,853 [936500de-6a46-404e-9e6e-74d5223834e1@group-F3FCE5B30E34-LeaderElection8] INFO  impl.RoleInfo (RoleInfo.java:updateAndGet(139)) - 936500de-6a46-404e-9e6e-74d5223834e1: start 936500de-6a46-404e-9e6e-74d5223834e1@group-F3FCE5B30E34-FollowerState
2023-08-31 18:16:53,853 [02e5811a-aac7-41e1-9b10-ccc4a1a85e2b@group-F3FCE5B30E34-LeaderElection6] INFO  impl.LeaderElection (LeaderElection.java:logAndReturn(90)) - 02e5811a-aac7-41e1-9b10-ccc4a1a85e2b@group-F3FCE5B30E34-LeaderElection6: PRE_VOTE REJECTED received 2 response(s) and 0 exception(s):
2023-08-31 18:16:53,853 [02e5811a-aac7-41e1-9b10-ccc4a1a85e2b@group-F3FCE5B30E34-LeaderElection6] INFO  impl.LeaderElection (LeaderElection.java:logAndReturn(94)) -   Response 0: 02e5811a-aac7-41e1-9b10-ccc4a1a85e2b<-936500de-6a46-404e-9e6e-74d5223834e1#0:OK-t0
2023-08-31 18:16:53,853 [02e5811a-aac7-41e1-9b10-ccc4a1a85e2b@group-F3FCE5B30E34-LeaderElection6] INFO  impl.LeaderElection (LeaderElection.java:logAndReturn(94)) -   Response 1: 02e5811a-aac7-41e1-9b10-ccc4a1a85e2b<-a52d6cdf-59e1-461e-b8c6-37ccdacf9b29#0:FAIL-t0
2023-08-31 18:16:53,853 [936500de-6a46-404e-9e6e-74d5223834e1@group-416B23F882A5-SegmentedRaftLogWorker] INFO  segmented.SegmentedRaftLogWorker (SegmentedRaftLogWorker.java:execute(651)) - 936500de-6a46-404e-9e6e-74d5223834e1@group-416B23F882A5-SegmentedRaftLogWorker: created new log segment /home/runner/work/ozone/ozone/hadoop-ozone/integration-test/target/test-dir/MiniOzoneClusterImpl-55bfc424-622c-4031-8e27-dd7ab017ec7d/datanode-2/data/ratis/3f1092a6-5230-4462-89b4-416b23f882a5/current/log_inprogress_0
2023-08-31 18:16:53,859 [02e5811a-aac7-41e1-9b10-ccc4a1a85e2b@group-F3FCE5B30E34-LeaderElection6] INFO  impl.LeaderElection (LeaderElection.java:askForVotes(323)) - 02e5811a-aac7-41e1-9b10-ccc4a1a85e2b@group-F3FCE5B30E34-LeaderElection6 PRE_VOTE round 0: result REJECTED
2023-08-31 18:16:53,860 [02e5811a-aac7-41e1-9b10-ccc4a1a85e2b@group-F3FCE5B30E34-LeaderElection6] INFO  server.RaftServer$Division (RaftServerImpl.java:setRole(329)) - 02e5811a-aac7-41e1-9b10-ccc4a1a85e2b@group-F3FCE5B30E34: changes role from CANDIDATE to FOLLOWER at term 0 for REJECTED
2023-08-31 18:16:53,860 [02e5811a-aac7-41e1-9b10-ccc4a1a85e2b@group-F3FCE5B30E34-LeaderElection6] INFO  impl.RoleInfo (RoleInfo.java:shutdownLeaderElection(130)) - 02e5811a-aac7-41e1-9b10-ccc4a1a85e2b: shutdown 02e5811a-aac7-41e1-9b10-ccc4a1a85e2b@group-F3FCE5B30E34-LeaderElection6
2023-08-31 18:16:53,860 [02e5811a-aac7-41e1-9b10-ccc4a1a85e2b@group-F3FCE5B30E34-LeaderElection6] INFO  impl.RoleInfo (RoleInfo.java:updateAndGet(139)) - 02e5811a-aac7-41e1-9b10-ccc4a1a85e2b: start 02e5811a-aac7-41e1-9b10-ccc4a1a85e2b@group-F3FCE5B30E34-FollowerState
2023-08-31 18:16:53,860 [936500de-6a46-404e-9e6e-74d5223834e1@group-416B23F882A5-LeaderElection7] INFO  server.RaftServer$Division (ServerState.java:setRaftConf(434)) - 936500de-6a46-404e-9e6e-74d5223834e1@group-416B23F882A5: set configuration 0: peers:[936500de-6a46-404e-9e6e-74d5223834e1|rpc:10.1.0.8:15032|admin:10.1.0.8:15031|client:10.1.0.8:15030|dataStream:10.1.0.8:15033|priority:1|startupRole:FOLLOWER]|listeners:[], old=null
2023-08-31 18:16:53,876 [grpc-default-executor-2] INFO  server.RaftServer$Division (RaftServerImpl.java:requestVote(1302)) - 936500de-6a46-404e-9e6e-74d5223834e1@group-F3FCE5B30E34: receive requestVote(PRE_VOTE, a52d6cdf-59e1-461e-b8c6-37ccdacf9b29, group-F3FCE5B30E34, 0, (t:0, i:0))
2023-08-31 18:16:53,876 [grpc-default-executor-2] INFO  impl.VoteContext (VoteContext.java:log(49)) - 936500de-6a46-404e-9e6e-74d5223834e1@group-F3FCE5B30E34-FOLLOWER: accept PRE_VOTE from a52d6cdf-59e1-461e-b8c6-37ccdacf9b29: our priority 0 <= candidate's priority 1
2023-08-31 18:16:53,876 [grpc-default-executor-2] INFO  server.RaftServer$Division (RaftServerImpl.java:requestVote(1335)) - 936500de-6a46-404e-9e6e-74d5223834e1@group-F3FCE5B30E34 replies to PRE_VOTE vote request: a52d6cdf-59e1-461e-b8c6-37ccdacf9b29<-936500de-6a46-404e-9e6e-74d5223834e1#0:OK-t0. Peer's state: 936500de-6a46-404e-9e6e-74d5223834e1@group-F3FCE5B30E34:t0, leader=null, voted=, raftlog=Memoized:936500de-6a46-404e-9e6e-74d5223834e1@group-F3FCE5B30E34-SegmentedRaftLog:OPENED:c-1, conf=-1: peers:[a52d6cdf-59e1-461e-b8c6-37ccdacf9b29|rpc:10.1.0.8:15023|admin:10.1.0.8:15022|client:10.1.0.8:15021|dataStream:10.1.0.8:15024|priority:1|startupRole:FOLLOWER, 936500de-6a46-404e-9e6e-74d5223834e1|rpc:10.1.0.8:15032|admin:10.1.0.8:15031|client:10.1.0.8:15030|dataStream:10.1.0.8:15033|priority:0|startupRole:FOLLOWER, 02e5811a-aac7-41e1-9b10-ccc4a1a85e2b|rpc:10.1.0.8:15014|admin:10.1.0.8:15013|client:10.1.0.8:15012|dataStream:10.1.0.8:15015|priority:0|startupRole:FOLLOWER]|listeners:[], old=null
2023-08-31 18:16:53,877 [grpc-default-executor-0] INFO  server.RaftServer$Division (RaftServerImpl.java:requestVote(1302)) - 02e5811a-aac7-41e1-9b10-ccc4a1a85e2b@group-F3FCE5B30E34: receive requestVote(PRE_VOTE, a52d6cdf-59e1-461e-b8c6-37ccdacf9b29, group-F3FCE5B30E34, 0, (t:0, i:0))
2023-08-31 18:16:53,877 [grpc-default-executor-0] INFO  impl.VoteContext (VoteContext.java:log(49)) - 02e5811a-aac7-41e1-9b10-ccc4a1a85e2b@group-F3FCE5B30E34-FOLLOWER: accept PRE_VOTE from a52d6cdf-59e1-461e-b8c6-37ccdacf9b29: our priority 0 <= candidate's priority 1
2023-08-31 18:16:53,877 [grpc-default-executor-0] INFO  server.RaftServer$Division (RaftServerImpl.java:requestVote(1335)) - 02e5811a-aac7-41e1-9b10-ccc4a1a85e2b@group-F3FCE5B30E34 replies to PRE_VOTE vote request: a52d6cdf-59e1-461e-b8c6-37ccdacf9b29<-02e5811a-aac7-41e1-9b10-ccc4a1a85e2b#0:OK-t0. Peer's state: 02e5811a-aac7-41e1-9b10-ccc4a1a85e2b@group-F3FCE5B30E34:t0, leader=null, voted=, raftlog=Memoized:02e5811a-aac7-41e1-9b10-ccc4a1a85e2b@group-F3FCE5B30E34-SegmentedRaftLog:OPENED:c-1, conf=-1: peers:[a52d6cdf-59e1-461e-b8c6-37ccdacf9b29|rpc:10.1.0.8:15023|admin:10.1.0.8:15022|client:10.1.0.8:15021|dataStream:10.1.0.8:15024|priority:1|startupRole:FOLLOWER, 936500de-6a46-404e-9e6e-74d5223834e1|rpc:10.1.0.8:15032|admin:10.1.0.8:15031|client:10.1.0.8:15030|dataStream:10.1.0.8:15033|priority:0|startupRole:FOLLOWER, 02e5811a-aac7-41e1-9b10-ccc4a1a85e2b|rpc:10.1.0.8:15014|admin:10.1.0.8:15013|client:10.1.0.8:15012|dataStream:10.1.0.8:15015|priority:0|startupRole:FOLLOWER]|listeners:[], old=null
2023-08-31 18:16:53,881 [a52d6cdf-59e1-461e-b8c6-37ccdacf9b29@group-F3FCE5B30E34-LeaderElection9] INFO  impl.LeaderElection (LeaderElection.java:logAndReturn(90)) - a52d6cdf-59e1-461e-b8c6-37ccdacf9b29@group-F3FCE5B30E34-LeaderElection9: PRE_VOTE PASSED received 1 response(s) and 0 exception(s):
2023-08-31 18:16:53,881 [a52d6cdf-59e1-461e-b8c6-37ccdacf9b29@group-F3FCE5B30E34-LeaderElection9] INFO  impl.LeaderElection (LeaderElection.java:logAndReturn(94)) -   Response 0: a52d6cdf-59e1-461e-b8c6-37ccdacf9b29<-02e5811a-aac7-41e1-9b10-ccc4a1a85e2b#0:OK-t0
2023-08-31 18:16:53,881 [a52d6cdf-59e1-461e-b8c6-37ccdacf9b29@group-F3FCE5B30E34-LeaderElection9] INFO  impl.LeaderElection (LeaderElection.java:askForVotes(323)) - a52d6cdf-59e1-461e-b8c6-37ccdacf9b29@group-F3FCE5B30E34-LeaderElection9 PRE_VOTE round 0: result PASSED
2023-08-31 18:16:53,885 [a52d6cdf-59e1-461e-b8c6-37ccdacf9b29@group-F3FCE5B30E34-LeaderElection9] INFO  impl.LeaderElection (LeaderElection.java:askForVotes(321)) - a52d6cdf-59e1-461e-b8c6-37ccdacf9b29@group-F3FCE5B30E34-LeaderElection9 ELECTION round 0: submit vote requests at term 1 for -1: peers:[a52d6cdf-59e1-461e-b8c6-37ccdacf9b29|rpc:10.1.0.8:15023|admin:10.1.0.8:15022|client:10.1.0.8:15021|dataStream:10.1.0.8:15024|priority:1|startupRole:FOLLOWER, 936500de-6a46-404e-9e6e-74d5223834e1|rpc:10.1.0.8:15032|admin:10.1.0.8:15031|client:10.1.0.8:15030|dataStream:10.1.0.8:15033|priority:0|startupRole:FOLLOWER, 02e5811a-aac7-41e1-9b10-ccc4a1a85e2b|rpc:10.1.0.8:15014|admin:10.1.0.8:15013|client:10.1.0.8:15012|dataStream:10.1.0.8:15015|priority:0|startupRole:FOLLOWER]|listeners:[], old=null
2023-08-31 18:16:53,886 [a52d6cdf-59e1-461e-b8c6-37ccdacf9b29@group-F3FCE5B30E34-LeaderElection9] INFO  server.RaftServerConfigKeys (ConfUtils.java:logFallback(53)) - raft.server.rpc.first-election.timeout.min = 5s (fallback to raft.server.rpc.timeout.min)
2023-08-31 18:16:53,886 [a52d6cdf-59e1-461e-b8c6-37ccdacf9b29@group-F3FCE5B30E34-LeaderElection9] INFO  server.RaftServerConfigKeys (ConfUtils.java:logFallback(53)) - raft.server.rpc.first-election.timeout.max = 5200ms (fallback to raft.server.rpc.timeout.max)
2023-08-31 18:16:53,892 [grpc-default-executor-0] INFO  server.RaftServer$Division (RaftServerImpl.java:requestVote(1302)) - 936500de-6a46-404e-9e6e-74d5223834e1@group-F3FCE5B30E34: receive requestVote(ELECTION, a52d6cdf-59e1-461e-b8c6-37ccdacf9b29, group-F3FCE5B30E34, 1, (t:0, i:0))
2023-08-31 18:16:53,893 [grpc-default-executor-0] INFO  impl.VoteContext (VoteContext.java:log(49)) - 936500de-6a46-404e-9e6e-74d5223834e1@group-F3FCE5B30E34-FOLLOWER: accept ELECTION from a52d6cdf-59e1-461e-b8c6-37ccdacf9b29: our priority 0 <= candidate's priority 1
2023-08-31 18:16:53,893 [grpc-default-executor-0] INFO  server.RaftServer$Division (RaftServerImpl.java:setRole(329)) - 936500de-6a46-404e-9e6e-74d5223834e1@group-F3FCE5B30E34: changes role from  FOLLOWER to FOLLOWER at term 1 for candidate:a52d6cdf-59e1-461e-b8c6-37ccdacf9b29
2023-08-31 18:16:53,893 [grpc-default-executor-0] INFO  impl.RoleInfo (RoleInfo.java:shutdownFollowerState(110)) - 936500de-6a46-404e-9e6e-74d5223834e1: shutdown 936500de-6a46-404e-9e6e-74d5223834e1@group-F3FCE5B30E34-FollowerState
2023-08-31 18:16:53,893 [grpc-default-executor-0] INFO  impl.RoleInfo (RoleInfo.java:updateAndGet(139)) - 936500de-6a46-404e-9e6e-74d5223834e1: start 936500de-6a46-404e-9e6e-74d5223834e1@group-F3FCE5B30E34-FollowerState
2023-08-31 18:16:53,893 [936500de-6a46-404e-9e6e-74d5223834e1@group-F3FCE5B30E34-FollowerState] INFO  impl.FollowerState (FollowerState.java:run(152)) - 936500de-6a46-404e-9e6e-74d5223834e1@group-F3FCE5B30E34-FollowerState was interrupted
2023-08-31 18:16:53,905 [grpc-default-executor-0] INFO  server.RaftServer$Division (RaftServerImpl.java:requestVote(1335)) - 936500de-6a46-404e-9e6e-74d5223834e1@group-F3FCE5B30E34 replies to ELECTION vote request: a52d6cdf-59e1-461e-b8c6-37ccdacf9b29<-936500de-6a46-404e-9e6e-74d5223834e1#0:OK-t1. Peer's state: 936500de-6a46-404e-9e6e-74d5223834e1@group-F3FCE5B30E34:t1, leader=null, voted=a52d6cdf-59e1-461e-b8c6-37ccdacf9b29, raftlog=Memoized:936500de-6a46-404e-9e6e-74d5223834e1@group-F3FCE5B30E34-SegmentedRaftLog:OPENED:c-1, conf=-1: peers:[a52d6cdf-59e1-461e-b8c6-37ccdacf9b29|rpc:10.1.0.8:15023|admin:10.1.0.8:15022|client:10.1.0.8:15021|dataStream:10.1.0.8:15024|priority:1|startupRole:FOLLOWER, 936500de-6a46-404e-9e6e-74d5223834e1|rpc:10.1.0.8:15032|admin:10.1.0.8:15031|client:10.1.0.8:15030|dataStream:10.1.0.8:15033|priority:0|startupRole:FOLLOWER, 02e5811a-aac7-41e1-9b10-ccc4a1a85e2b|rpc:10.1.0.8:15014|admin:10.1.0.8:15013|client:10.1.0.8:15012|dataStream:10.1.0.8:15015|priority:0|startupRole:FOLLOWER]|listeners:[], old=null
2023-08-31 18:16:53,908 [a52d6cdf-59e1-461e-b8c6-37ccdacf9b29@group-F3FCE5B30E34-LeaderElection9] INFO  impl.LeaderElection (LeaderElection.java:logAndReturn(90)) - a52d6cdf-59e1-461e-b8c6-37ccdacf9b29@group-F3FCE5B30E34-LeaderElection9: ELECTION PASSED received 1 response(s) and 0 exception(s):
2023-08-31 18:16:53,908 [a52d6cdf-59e1-461e-b8c6-37ccdacf9b29@group-F3FCE5B30E34-LeaderElection9] INFO  impl.LeaderElection (LeaderElection.java:logAndReturn(94)) -   Response 0: a52d6cdf-59e1-461e-b8c6-37ccdacf9b29<-936500de-6a46-404e-9e6e-74d5223834e1#0:OK-t1
2023-08-31 18:16:53,908 [a52d6cdf-59e1-461e-b8c6-37ccdacf9b29@group-F3FCE5B30E34-LeaderElection9] INFO  impl.LeaderElection (LeaderElection.java:askForVotes(323)) - a52d6cdf-59e1-461e-b8c6-37ccdacf9b29@group-F3FCE5B30E34-LeaderElection9 ELECTION round 0: result PASSED
2023-08-31 18:16:53,909 [a52d6cdf-59e1-461e-b8c6-37ccdacf9b29@group-F3FCE5B30E34-LeaderElection9] INFO  impl.RoleInfo (RoleInfo.java:shutdownLeaderElection(130)) - a52d6cdf-59e1-461e-b8c6-37ccdacf9b29: shutdown a52d6cdf-59e1-461e-b8c6-37ccdacf9b29@group-F3FCE5B30E34-LeaderElection9
2023-08-31 18:16:53,909 [grpc-default-executor-0] INFO  server.RaftServer$Division (RaftServerImpl.java:requestVote(1302)) - 02e5811a-aac7-41e1-9b10-ccc4a1a85e2b@group-F3FCE5B30E34: receive requestVote(ELECTION, a52d6cdf-59e1-461e-b8c6-37ccdacf9b29, group-F3FCE5B30E34, 1, (t:0, i:0))
2023-08-31 18:16:53,909 [a52d6cdf-59e1-461e-b8c6-37ccdacf9b29@group-F3FCE5B30E34-LeaderElection9] INFO  server.RaftServer$Division (RaftServerImpl.java:setRole(329)) - a52d6cdf-59e1-461e-b8c6-37ccdacf9b29@group-F3FCE5B30E34: changes role from CANDIDATE to LEADER at term 1 for changeToLeader
2023-08-31 18:16:53,909 [a52d6cdf-59e1-461e-b8c6-37ccdacf9b29@group-F3FCE5B30E34-LeaderElection9] INFO  ratis.XceiverServerRatis (XceiverServerRatis.java:handleLeaderChangedNotification(902)) - Leader change notification received for group: group-F3FCE5B30E34 with new leaderId: a52d6cdf-59e1-461e-b8c6-37ccdacf9b29
2023-08-31 18:16:53,909 [grpc-default-executor-0] INFO  impl.VoteContext (VoteContext.java:log(49)) - 02e5811a-aac7-41e1-9b10-ccc4a1a85e2b@group-F3FCE5B30E34-FOLLOWER: accept ELECTION from a52d6cdf-59e1-461e-b8c6-37ccdacf9b29: our priority 0 <= candidate's priority 1
2023-08-31 18:16:53,909 [grpc-default-executor-0] INFO  server.RaftServer$Division (RaftServerImpl.java:setRole(329)) - 02e5811a-aac7-41e1-9b10-ccc4a1a85e2b@group-F3FCE5B30E34: changes role from  FOLLOWER to FOLLOWER at term 1 for candidate:a52d6cdf-59e1-461e-b8c6-37ccdacf9b29
2023-08-31 18:16:53,909 [a52d6cdf-59e1-461e-b8c6-37ccdacf9b29@group-F3FCE5B30E34-LeaderElection9] INFO  server.RaftServer$Division (ServerState.java:setLeader(317)) - a52d6cdf-59e1-461e-b8c6-37ccdacf9b29@group-F3FCE5B30E34: change Leader from null to a52d6cdf-59e1-461e-b8c6-37ccdacf9b29 at term 1 for becomeLeader, leader elected after 5701ms
2023-08-31 18:16:53,909 [a52d6cdf-59e1-461e-b8c6-37ccdacf9b29@group-F3FCE5B30E34-LeaderElection9] INFO  server.RaftServerConfigKeys (ConfUtils.java:logGet(46)) - raft.server.staging.catchup.gap = 1000 (default)
2023-08-31 18:16:53,909 [grpc-default-executor-0] INFO  impl.RoleInfo (RoleInfo.java:shutdownFollowerState(110)) - 02e5811a-aac7-41e1-9b10-ccc4a1a85e2b: shutdown 02e5811a-aac7-41e1-9b10-ccc4a1a85e2b@group-F3FCE5B30E34-FollowerState
2023-08-31 18:16:53,910 [grpc-default-executor-0] INFO  impl.RoleInfo (RoleInfo.java:updateAndGet(139)) - 02e5811a-aac7-41e1-9b10-ccc4a1a85e2b: start 02e5811a-aac7-41e1-9b10-ccc4a1a85e2b@group-F3FCE5B30E34-FollowerState
2023-08-31 18:16:53,910 [a52d6cdf-59e1-461e-b8c6-37ccdacf9b29@group-F3FCE5B30E34-LeaderElection9] INFO  server.RaftServerConfigKeys (ConfUtils.java:logGet(46)) - raft.server.write.element-limit = 1024 (custom)
2023-08-31 18:16:53,910 [a52d6cdf-59e1-461e-b8c6-37ccdacf9b29@group-F3FCE5B30E34-LeaderElection9] INFO  server.RaftServerConfigKeys (ConfUtils.java:logGet(46)) - raft.server.write.byte-limit = 1024 M (=1073741824) (custom)
2023-08-31 18:16:53,910 [a52d6cdf-59e1-461e-b8c6-37ccdacf9b29@group-F3FCE5B30E34-LeaderElection9] INFO  server.RaftServerConfigKeys (ConfUtils.java:logGet(46)) - raft.server.watch.timeout = 180s (custom)
2023-08-31 18:16:53,910 [a52d6cdf-59e1-461e-b8c6-37ccdacf9b29@group-F3FCE5B30E34-LeaderElection9] INFO  server.RaftServerConfigKeys (ConfUtils.java:logGet(46)) - raft.server.watch.timeout.denomination = 1s (default)
2023-08-31 18:16:53,910 [a52d6cdf-59e1-461e-b8c6-37ccdacf9b29@group-F3FCE5B30E34-LeaderElection9] INFO  server.RaftServerConfigKeys (ConfUtils.java:logGet(46)) - raft.server.watch.element-limit = 65536 (default)
2023-08-31 18:16:53,910 [a52d6cdf-59e1-461e-b8c6-37ccdacf9b29@group-F3FCE5B30E34-LeaderElection9] INFO  server.RaftServerConfigKeys (ConfUtils.java:logGet(46)) - raft.server.write.element-limit = 1024 (custom)
2023-08-31 18:16:53,910 [a52d6cdf-59e1-461e-b8c6-37ccdacf9b29@group-F3FCE5B30E34-LeaderElection9] INFO  server.RaftServerConfigKeys (ConfUtils.java:logGet(46)) - raft.server.write.follower.gap.ratio.max = -1.0 (default)
2023-08-31 18:16:53,912 [grpc-default-executor-0] INFO  server.RaftServer$Division (RaftServerImpl.java:requestVote(1335)) - 02e5811a-aac7-41e1-9b10-ccc4a1a85e2b@group-F3FCE5B30E34 replies to ELECTION vote request: a52d6cdf-59e1-461e-b8c6-37ccdacf9b29<-02e5811a-aac7-41e1-9b10-ccc4a1a85e2b#0:OK-t1. Peer's state: 02e5811a-aac7-41e1-9b10-ccc4a1a85e2b@group-F3FCE5B30E34:t1, leader=null, voted=a52d6cdf-59e1-461e-b8c6-37ccdacf9b29, raftlog=Memoized:02e5811a-aac7-41e1-9b10-ccc4a1a85e2b@group-F3FCE5B30E34-SegmentedRaftLog:OPENED:c-1, conf=-1: peers:[a52d6cdf-59e1-461e-b8c6-37ccdacf9b29|rpc:10.1.0.8:15023|admin:10.1.0.8:15022|client:10.1.0.8:15021|dataStream:10.1.0.8:15024|priority:1|startupRole:FOLLOWER, 936500de-6a46-404e-9e6e-74d5223834e1|rpc:10.1.0.8:15032|admin:10.1.0.8:15031|client:10.1.0.8:15030|dataStream:10.1.0.8:15033|priority:0|startupRole:FOLLOWER, 02e5811a-aac7-41e1-9b10-ccc4a1a85e2b|rpc:10.1.0.8:15014|admin:10.1.0.8:15013|client:10.1.0.8:15012|dataStream:10.1.0.8:15015|priority:0|startupRole:FOLLOWER]|listeners:[], old=null
2023-08-31 18:16:53,912 [a52d6cdf-59e1-461e-b8c6-37ccdacf9b29@group-F3FCE5B30E34-LeaderElection9] INFO  server.RaftServerConfigKeys (ConfUtils.java:logGet(46)) - raft.server.log.appender.snapshot.chunk.size.max = 16MB (=16777216) (default)
2023-08-31 18:16:53,912 [a52d6cdf-59e1-461e-b8c6-37ccdacf9b29@group-F3FCE5B30E34-LeaderElection9] INFO  server.RaftServerConfigKeys (ConfUtils.java:logGet(46)) - raft.server.log.appender.buffer.byte-limit = 33554432 (custom)
2023-08-31 18:16:53,912 [a52d6cdf-59e1-461e-b8c6-37ccdacf9b29@group-F3FCE5B30E34-LeaderElection9] INFO  server.RaftServerConfigKeys (ConfUtils.java:logGet(46)) - raft.server.log.appender.buffer.element-limit = 1 (custom)
2023-08-31 18:16:53,912 [a52d6cdf-59e1-461e-b8c6-37ccdacf9b29@group-F3FCE5B30E34-LeaderElection9] INFO  server.RaftServerConfigKeys (ConfUtils.java:logGet(46)) - raft.server.log.appender.wait-time.min = 10ms (default)
2023-08-31 18:16:53,913 [02e5811a-aac7-41e1-9b10-ccc4a1a85e2b@group-F3FCE5B30E34-FollowerState] INFO  impl.FollowerState (FollowerState.java:run(152)) - 02e5811a-aac7-41e1-9b10-ccc4a1a85e2b@group-F3FCE5B30E34-FollowerState was interrupted
2023-08-31 18:16:53,913 [a52d6cdf-59e1-461e-b8c6-37ccdacf9b29@group-F3FCE5B30E34-LeaderElection9] INFO  grpc.GrpcConfigKeys (ConfUtils.java:logGet(46)) - raft.grpc.server.leader.outstanding.appends.max = 128 (default)
2023-08-31 18:16:53,914 [a52d6cdf-59e1-461e-b8c6-37ccdacf9b29@group-F3FCE5B30E34-LeaderElection9] INFO  server.RaftServerConfigKeys (ConfUtils.java:logGet(46)) - raft.server.rpc.request.timeout = 60s (custom)
2023-08-31 18:16:53,914 [a52d6cdf-59e1-461e-b8c6-37ccdacf9b29@group-F3FCE5B30E34-LeaderElection9] INFO  grpc.GrpcConfigKeys (ConfUtils.java:logGet(46)) - raft.grpc.server.install_snapshot.request.element-limit = 8 (default)
2023-08-31 18:16:53,914 [a52d6cdf-59e1-461e-b8c6-37ccdacf9b29@group-F3FCE5B30E34-LeaderElection9] INFO  grpc.GrpcConfigKeys (ConfUtils.java:logGet(46)) - raft.grpc.server.install_snapshot.request.timeout = 3000ms (default)
2023-08-31 18:16:53,915 [a52d6cdf-59e1-461e-b8c6-37ccdacf9b29@group-F3FCE5B30E34-LeaderElection9] INFO  server.RaftServerConfigKeys (ConfUtils.java:logGet(46)) - raft.server.log.appender.install.snapshot.enabled = false (custom)
2023-08-31 18:16:53,915 [a52d6cdf-59e1-461e-b8c6-37ccdacf9b29@group-F3FCE5B30E34-LeaderElection9] INFO  grpc.GrpcConfigKeys (ConfUtils.java:logGet(46)) - raft.grpc.server.heartbeat.channel = true (default)
2023-08-31 18:16:53,916 [a52d6cdf-59e1-461e-b8c6-37ccdacf9b29@group-F3FCE5B30E34-LeaderElection9] INFO  server.RaftServerConfigKeys (ConfUtils.java:logGet(46)) - raft.server.log.appender.snapshot.chunk.size.max = 16MB (=16777216) (default)
2023-08-31 18:16:53,916 [a52d6cdf-59e1-461e-b8c6-37ccdacf9b29@group-F3FCE5B30E34-LeaderElection9] INFO  server.RaftServerConfigKeys (ConfUtils.java:logGet(46)) - raft.server.log.appender.buffer.byte-limit = 33554432 (custom)
2023-08-31 18:16:53,916 [a52d6cdf-59e1-461e-b8c6-37ccdacf9b29@group-F3FCE5B30E34-LeaderElection9] INFO  server.RaftServerConfigKeys (ConfUtils.java:logGet(46)) - raft.server.log.appender.buffer.element-limit = 1 (custom)
2023-08-31 18:16:53,916 [a52d6cdf-59e1-461e-b8c6-37ccdacf9b29@group-F3FCE5B30E34-LeaderElection9] INFO  server.RaftServerConfigKeys (ConfUtils.java:logGet(46)) - raft.server.log.appender.wait-time.min = 10ms (default)
2023-08-31 18:16:53,917 [a52d6cdf-59e1-461e-b8c6-37ccdacf9b29@group-F3FCE5B30E34-LeaderElection9] INFO  grpc.GrpcConfigKeys (ConfUtils.java:logGet(46)) - raft.grpc.server.leader.outstanding.appends.max = 128 (default)
2023-08-31 18:16:53,917 [a52d6cdf-59e1-461e-b8c6-37ccdacf9b29@group-F3FCE5B30E34-LeaderElection9] INFO  server.RaftServerConfigKeys (ConfUtils.java:logGet(46)) - raft.server.rpc.request.timeout = 60s (custom)
2023-08-31 18:16:53,917 [a52d6cdf-59e1-461e-b8c6-37ccdacf9b29@group-F3FCE5B30E34-LeaderElection9] INFO  grpc.GrpcConfigKeys (ConfUtils.java:logGet(46)) - raft.grpc.server.install_snapshot.request.element-limit = 8 (default)
2023-08-31 18:16:53,917 [a52d6cdf-59e1-461e-b8c6-37ccdacf9b29@group-F3FCE5B30E34-LeaderElection9] INFO  grpc.GrpcConfigKeys (ConfUtils.java:logGet(46)) - raft.grpc.server.install_snapshot.request.timeout = 3000ms (default)
2023-08-31 18:16:53,917 [a52d6cdf-59e1-461e-b8c6-37ccdacf9b29@group-F3FCE5B30E34-LeaderElection9] INFO  server.RaftServerConfigKeys (ConfUtils.java:logGet(46)) - raft.server.log.appender.install.snapshot.enabled = false (custom)
2023-08-31 18:16:53,917 [a52d6cdf-59e1-461e-b8c6-37ccdacf9b29@group-F3FCE5B30E34-LeaderElection9] INFO  grpc.GrpcConfigKeys (ConfUtils.java:logGet(46)) - raft.grpc.server.heartbeat.channel = true (default)
2023-08-31 18:16:53,919 [a52d6cdf-59e1-461e-b8c6-37ccdacf9b29@group-F3FCE5B30E34-LeaderElection9] INFO  impl.RoleInfo (RoleInfo.java:updateAndGet(139)) - a52d6cdf-59e1-461e-b8c6-37ccdacf9b29: start a52d6cdf-59e1-461e-b8c6-37ccdacf9b29@group-F3FCE5B30E34-LeaderStateImpl
2023-08-31 18:16:53,919 [a52d6cdf-59e1-461e-b8c6-37ccdacf9b29@group-F3FCE5B30E34-LeaderElection9] INFO  segmented.SegmentedRaftLogWorker (SegmentedRaftLogWorker.java:startLogSegment(447)) - a52d6cdf-59e1-461e-b8c6-37ccdacf9b29@group-F3FCE5B30E34-SegmentedRaftLogWorker: Starting segment from index:0
2023-08-31 18:16:53,917 [EventQueue-PipelineReportForPipelineReportHandler] INFO  pipeline.PipelineReportHandler (PipelineReportHandler.java:processPipelineReport(136)) - Opened pipeline PipelineID=a87fd1d9-e5bf-477b-885a-f3fce5b30e34
2023-08-31 18:16:53,921 [a52d6cdf-59e1-461e-b8c6-37ccdacf9b29@group-F3FCE5B30E34-SegmentedRaftLogWorker] INFO  segmented.SegmentedRaftLogWorker (SegmentedRaftLogWorker.java:execute(651)) - a52d6cdf-59e1-461e-b8c6-37ccdacf9b29@group-F3FCE5B30E34-SegmentedRaftLogWorker: created new log segment /home/runner/work/ozone/ozone/hadoop-ozone/integration-test/target/test-dir/MiniOzoneClusterImpl-55bfc424-622c-4031-8e27-dd7ab017ec7d/datanode-1/data/ratis/a87fd1d9-e5bf-477b-885a-f3fce5b30e34/current/log_inprogress_0
2023-08-31 18:16:53,940 [31d6a482-7e3d-487d-933c-c96d7f47fcbe@group-AA7AD5F51BD0-FollowerState] INFO  impl.FollowerState (FollowerState.java:run(143)) - 31d6a482-7e3d-487d-933c-c96d7f47fcbe@group-AA7AD5F51BD0-FollowerState: change to CANDIDATE, lastRpcElapsedTime:5152522103ns, electionTimeout:5150ms
2023-08-31 18:16:53,940 [31d6a482-7e3d-487d-933c-c96d7f47fcbe@group-AA7AD5F51BD0-FollowerState] INFO  impl.RoleInfo (RoleInfo.java:shutdownFollowerState(110)) - 31d6a482-7e3d-487d-933c-c96d7f47fcbe: shutdown 31d6a482-7e3d-487d-933c-c96d7f47fcbe@group-AA7AD5F51BD0-FollowerState
2023-08-31 18:16:53,940 [31d6a482-7e3d-487d-933c-c96d7f47fcbe@group-AA7AD5F51BD0-FollowerState] INFO  server.RaftServer$Division (RaftServerImpl.java:setRole(329)) - 31d6a482-7e3d-487d-933c-c96d7f47fcbe@group-AA7AD5F51BD0: changes role from  FOLLOWER to CANDIDATE at term 0 for changeToCandidate
2023-08-31 18:16:53,950 [a52d6cdf-59e1-461e-b8c6-37ccdacf9b29@group-F3FCE5B30E34-LeaderElection9] INFO  server.RaftServer$Division (ServerState.java:setRaftConf(434)) - a52d6cdf-59e1-461e-b8c6-37ccdacf9b29@group-F3FCE5B30E34: set configuration 0: peers:[a52d6cdf-59e1-461e-b8c6-37ccdacf9b29|rpc:10.1.0.8:15023|admin:10.1.0.8:15022|client:10.1.0.8:15021|dataStream:10.1.0.8:15024|priority:1|startupRole:FOLLOWER, 936500de-6a46-404e-9e6e-74d5223834e1|rpc:10.1.0.8:15032|admin:10.1.0.8:15031|client:10.1.0.8:15030|dataStream:10.1.0.8:15033|priority:0|startupRole:FOLLOWER, 02e5811a-aac7-41e1-9b10-ccc4a1a85e2b|rpc:10.1.0.8:15014|admin:10.1.0.8:15013|client:10.1.0.8:15012|dataStream:10.1.0.8:15015|priority:0|startupRole:FOLLOWER]|listeners:[], old=null
2023-08-31 18:16:53,952 [936500de-6a46-404e-9e6e-74d5223834e1-server-thread1] INFO  ratis.XceiverServerRatis (XceiverServerRatis.java:handleLeaderChangedNotification(902)) - Leader change notification received for group: group-F3FCE5B30E34 with new leaderId: a52d6cdf-59e1-461e-b8c6-37ccdacf9b29
2023-08-31 18:16:53,952 [936500de-6a46-404e-9e6e-74d5223834e1-server-thread1] INFO  server.RaftServer$Division (ServerState.java:setLeader(317)) - 936500de-6a46-404e-9e6e-74d5223834e1@group-F3FCE5B30E34: change Leader from null to a52d6cdf-59e1-461e-b8c6-37ccdacf9b29 at term 1 for appendEntries, leader elected after 5392ms
2023-08-31 18:16:53,969 [31d6a482-7e3d-487d-933c-c96d7f47fcbe@group-AA7AD5F51BD0-FollowerState] INFO  server.RaftServerConfigKeys (ConfUtils.java:logGet(46)) - raft.server.leaderelection.pre-vote = true (default)
2023-08-31 18:16:53,969 [31d6a482-7e3d-487d-933c-c96d7f47fcbe@group-AA7AD5F51BD0-FollowerState] INFO  impl.RoleInfo (RoleInfo.java:updateAndGet(139)) - 31d6a482-7e3d-487d-933c-c96d7f47fcbe: start 31d6a482-7e3d-487d-933c-c96d7f47fcbe@group-AA7AD5F51BD0-LeaderElection10
2023-08-31 18:16:53,983 [31d6a482-7e3d-487d-933c-c96d7f47fcbe@group-AA7AD5F51BD0-LeaderElection10] INFO  impl.LeaderElection (LeaderElection.java:askForVotes(321)) - 31d6a482-7e3d-487d-933c-c96d7f47fcbe@group-AA7AD5F51BD0-LeaderElection10 PRE_VOTE round 0: submit vote requests at term 0 for -1: peers:[31d6a482-7e3d-487d-933c-c96d7f47fcbe|rpc:10.1.0.8:15041|admin:10.1.0.8:15040|client:10.1.0.8:15039|dataStream:10.1.0.8:15042|priority:1|startupRole:FOLLOWER]|listeners:[], old=null
2023-08-31 18:16:53,984 [31d6a482-7e3d-487d-933c-c96d7f47fcbe@group-AA7AD5F51BD0-LeaderElection10] INFO  impl.LeaderElection (LeaderElection.java:askForVotes(323)) - 31d6a482-7e3d-487d-933c-c96d7f47fcbe@group-AA7AD5F51BD0-LeaderElection10 PRE_VOTE round 0: result PASSED (term=0)
2023-08-31 18:16:53,984 [936500de-6a46-404e-9e6e-74d5223834e1-server-thread3] INFO  server.RaftServer$Division (ServerState.java:setRaftConf(434)) - 936500de-6a46-404e-9e6e-74d5223834e1@group-F3FCE5B30E34: set configuration 0: peers:[a52d6cdf-59e1-461e-b8c6-37ccdacf9b29|rpc:10.1.0.8:15023|admin:10.1.0.8:15022|client:10.1.0.8:15021|dataStream:10.1.0.8:15024|priority:1|startupRole:FOLLOWER, 936500de-6a46-404e-9e6e-74d5223834e1|rpc:10.1.0.8:15032|admin:10.1.0.8:15031|client:10.1.0.8:15030|dataStream:10.1.0.8:15033|priority:0|startupRole:FOLLOWER, 02e5811a-aac7-41e1-9b10-ccc4a1a85e2b|rpc:10.1.0.8:15014|admin:10.1.0.8:15013|client:10.1.0.8:15012|dataStream:10.1.0.8:15015|priority:0|startupRole:FOLLOWER]|listeners:[], old=null
2023-08-31 18:16:53,985 [936500de-6a46-404e-9e6e-74d5223834e1-server-thread3] INFO  segmented.SegmentedRaftLogWorker (SegmentedRaftLogWorker.java:startLogSegment(447)) - 936500de-6a46-404e-9e6e-74d5223834e1@group-F3FCE5B30E34-SegmentedRaftLogWorker: Starting segment from index:0
2023-08-31 18:16:53,986 [31d6a482-7e3d-487d-933c-c96d7f47fcbe@group-AA7AD5F51BD0-LeaderElection10] INFO  impl.LeaderElection (LeaderElection.java:askForVotes(321)) - 31d6a482-7e3d-487d-933c-c96d7f47fcbe@group-AA7AD5F51BD0-LeaderElection10 ELECTION round 0: submit vote requests at term 1 for -1: peers:[31d6a482-7e3d-487d-933c-c96d7f47fcbe|rpc:10.1.0.8:15041|admin:10.1.0.8:15040|client:10.1.0.8:15039|dataStream:10.1.0.8:15042|priority:1|startupRole:FOLLOWER]|listeners:[], old=null
2023-08-31 18:16:53,986 [31d6a482-7e3d-487d-933c-c96d7f47fcbe@group-AA7AD5F51BD0-LeaderElection10] INFO  impl.LeaderElection (LeaderElection.java:askForVotes(323)) - 31d6a482-7e3d-487d-933c-c96d7f47fcbe@group-AA7AD5F51BD0-LeaderElection10 ELECTION round 0: result PASSED (term=1)
2023-08-31 18:16:53,986 [31d6a482-7e3d-487d-933c-c96d7f47fcbe@group-AA7AD5F51BD0-LeaderElection10] INFO  impl.RoleInfo (RoleInfo.java:shutdownLeaderElection(130)) - 31d6a482-7e3d-487d-933c-c96d7f47fcbe: shutdown 31d6a482-7e3d-487d-933c-c96d7f47fcbe@group-AA7AD5F51BD0-LeaderElection10
2023-08-31 18:16:53,986 [31d6a482-7e3d-487d-933c-c96d7f47fcbe@group-AA7AD5F51BD0-LeaderElection10] INFO  server.RaftServer$Division (RaftServerImpl.java:setRole(329)) - 31d6a482-7e3d-487d-933c-c96d7f47fcbe@group-AA7AD5F51BD0: changes role from CANDIDATE to LEADER at term 1 for changeToLeader
2023-08-31 18:16:53,986 [31d6a482-7e3d-487d-933c-c96d7f47fcbe@group-AA7AD5F51BD0-LeaderElection10] INFO  ratis.XceiverServerRatis (XceiverServerRatis.java:handleLeaderChangedNotification(902)) - Leader change notification received for group: group-AA7AD5F51BD0 with new leaderId: 31d6a482-7e3d-487d-933c-c96d7f47fcbe
2023-08-31 18:16:53,990 [02e5811a-aac7-41e1-9b10-ccc4a1a85e2b-server-thread2] INFO  ratis.XceiverServerRatis (XceiverServerRatis.java:handleLeaderChangedNotification(902)) - Leader change notification received for group: group-F3FCE5B30E34 with new leaderId: a52d6cdf-59e1-461e-b8c6-37ccdacf9b29
2023-08-31 18:16:53,991 [02e5811a-aac7-41e1-9b10-ccc4a1a85e2b-server-thread2] INFO  server.RaftServer$Division (ServerState.java:setLeader(317)) - 02e5811a-aac7-41e1-9b10-ccc4a1a85e2b@group-F3FCE5B30E34: change Leader from null to a52d6cdf-59e1-461e-b8c6-37ccdacf9b29 at term 1 for appendEntries, leader elected after 5791ms
2023-08-31 18:16:53,991 [31d6a482-7e3d-487d-933c-c96d7f47fcbe@group-AA7AD5F51BD0-LeaderElection10] INFO  server.RaftServer$Division (ServerState.java:setLeader(317)) - 31d6a482-7e3d-487d-933c-c96d7f47fcbe@group-AA7AD5F51BD0: change Leader from null to 31d6a482-7e3d-487d-933c-c96d7f47fcbe at term 1 for becomeLeader, leader elected after 5233ms
2023-08-31 18:16:53,991 [31d6a482-7e3d-487d-933c-c96d7f47fcbe@group-AA7AD5F51BD0-LeaderElection10] INFO  server.RaftServerConfigKeys (ConfUtils.java:logGet(46)) - raft.server.staging.catchup.gap = 1000 (default)
2023-08-31 18:16:53,991 [31d6a482-7e3d-487d-933c-c96d7f47fcbe@group-AA7AD5F51BD0-LeaderElection10] INFO  server.RaftServerConfigKeys (ConfUtils.java:logGet(46)) - raft.server.write.element-limit = 1024 (custom)
2023-08-31 18:16:53,991 [31d6a482-7e3d-487d-933c-c96d7f47fcbe@group-AA7AD5F51BD0-LeaderElection10] INFO  server.RaftServerConfigKeys (ConfUtils.java:logGet(46)) - raft.server.write.byte-limit = 1024 M (=1073741824) (custom)
2023-08-31 18:16:53,992 [31d6a482-7e3d-487d-933c-c96d7f47fcbe@group-AA7AD5F51BD0-LeaderElection10] INFO  server.RaftServerConfigKeys (ConfUtils.java:logGet(46)) - raft.server.watch.timeout = 180s (custom)
2023-08-31 18:16:53,992 [31d6a482-7e3d-487d-933c-c96d7f47fcbe@group-AA7AD5F51BD0-LeaderElection10] INFO  server.RaftServerConfigKeys (ConfUtils.java:logGet(46)) - raft.server.watch.timeout.denomination = 1s (default)
2023-08-31 18:16:53,992 [31d6a482-7e3d-487d-933c-c96d7f47fcbe@group-AA7AD5F51BD0-LeaderElection10] INFO  server.RaftServerConfigKeys (ConfUtils.java:logGet(46)) - raft.server.watch.element-limit = 65536 (default)
2023-08-31 18:16:53,992 [31d6a482-7e3d-487d-933c-c96d7f47fcbe@group-AA7AD5F51BD0-LeaderElection10] INFO  server.RaftServerConfigKeys (ConfUtils.java:logGet(46)) - raft.server.write.element-limit = 1024 (custom)
2023-08-31 18:16:53,992 [31d6a482-7e3d-487d-933c-c96d7f47fcbe@group-AA7AD5F51BD0-LeaderElection10] INFO  server.RaftServerConfigKeys (ConfUtils.java:logGet(46)) - raft.server.write.follower.gap.ratio.max = -1.0 (default)
2023-08-31 18:16:53,992 [31d6a482-7e3d-487d-933c-c96d7f47fcbe@group-AA7AD5F51BD0-LeaderElection10] INFO  impl.RoleInfo (RoleInfo.java:updateAndGet(139)) - 31d6a482-7e3d-487d-933c-c96d7f47fcbe: start 31d6a482-7e3d-487d-933c-c96d7f47fcbe@group-AA7AD5F51BD0-LeaderStateImpl
2023-08-31 18:16:53,993 [31d6a482-7e3d-487d-933c-c96d7f47fcbe@group-AA7AD5F51BD0-LeaderElection10] INFO  segmented.SegmentedRaftLogWorker (SegmentedRaftLogWorker.java:startLogSegment(447)) - 31d6a482-7e3d-487d-933c-c96d7f47fcbe@group-AA7AD5F51BD0-SegmentedRaftLogWorker: Starting segment from index:0
2023-08-31 18:16:53,994 [936500de-6a46-404e-9e6e-74d5223834e1@group-F3FCE5B30E34-SegmentedRaftLogWorker] INFO  segmented.SegmentedRaftLogWorker (SegmentedRaftLogWorker.java:execute(651)) - 936500de-6a46-404e-9e6e-74d5223834e1@group-F3FCE5B30E34-SegmentedRaftLogWorker: created new log segment /home/runner/work/ozone/ozone/hadoop-ozone/integration-test/target/test-dir/MiniOzoneClusterImpl-55bfc424-622c-4031-8e27-dd7ab017ec7d/datanode-2/data/ratis/a87fd1d9-e5bf-477b-885a-f3fce5b30e34/current/log_inprogress_0
2023-08-31 18:16:53,995 [31d6a482-7e3d-487d-933c-c96d7f47fcbe@group-AA7AD5F51BD0-SegmentedRaftLogWorker] INFO  segmented.SegmentedRaftLogWorker (SegmentedRaftLogWorker.java:execute(651)) - 31d6a482-7e3d-487d-933c-c96d7f47fcbe@group-AA7AD5F51BD0-SegmentedRaftLogWorker: created new log segment /home/runner/work/ozone/ozone/hadoop-ozone/integration-test/target/test-dir/MiniOzoneClusterImpl-55bfc424-622c-4031-8e27-dd7ab017ec7d/datanode-3/data/ratis/dd90c23d-1b26-4193-b6f6-aa7ad5f51bd0/current/log_inprogress_0
2023-08-31 18:16:54,001 [02e5811a-aac7-41e1-9b10-ccc4a1a85e2b-server-thread2] INFO  server.RaftServer$Division (ServerState.java:setRaftConf(434)) - 02e5811a-aac7-41e1-9b10-ccc4a1a85e2b@group-F3FCE5B30E34: set configuration 0: peers:[a52d6cdf-59e1-461e-b8c6-37ccdacf9b29|rpc:10.1.0.8:15023|admin:10.1.0.8:15022|client:10.1.0.8:15021|dataStream:10.1.0.8:15024|priority:1|startupRole:FOLLOWER, 936500de-6a46-404e-9e6e-74d5223834e1|rpc:10.1.0.8:15032|admin:10.1.0.8:15031|client:10.1.0.8:15030|dataStream:10.1.0.8:15033|priority:0|startupRole:FOLLOWER, 02e5811a-aac7-41e1-9b10-ccc4a1a85e2b|rpc:10.1.0.8:15014|admin:10.1.0.8:15013|client:10.1.0.8:15012|dataStream:10.1.0.8:15015|priority:0|startupRole:FOLLOWER]|listeners:[], old=null
2023-08-31 18:16:54,001 [02e5811a-aac7-41e1-9b10-ccc4a1a85e2b-server-thread2] INFO  segmented.SegmentedRaftLogWorker (SegmentedRaftLogWorker.java:startLogSegment(447)) - 02e5811a-aac7-41e1-9b10-ccc4a1a85e2b@group-F3FCE5B30E34-SegmentedRaftLogWorker: Starting segment from index:0
2023-08-31 18:16:54,004 [31d6a482-7e3d-487d-933c-c96d7f47fcbe@group-AA7AD5F51BD0-LeaderElection10] INFO  server.RaftServer$Division (ServerState.java:setRaftConf(434)) - 31d6a482-7e3d-487d-933c-c96d7f47fcbe@group-AA7AD5F51BD0: set configuration 0: peers:[31d6a482-7e3d-487d-933c-c96d7f47fcbe|rpc:10.1.0.8:15041|admin:10.1.0.8:15040|client:10.1.0.8:15039|dataStream:10.1.0.8:15042|priority:1|startupRole:FOLLOWER]|listeners:[], old=null
2023-08-31 18:16:54,008 [02e5811a-aac7-41e1-9b10-ccc4a1a85e2b@group-F3FCE5B30E34-SegmentedRaftLogWorker] INFO  segmented.SegmentedRaftLogWorker (SegmentedRaftLogWorker.java:execute(651)) - 02e5811a-aac7-41e1-9b10-ccc4a1a85e2b@group-F3FCE5B30E34-SegmentedRaftLogWorker: created new log segment /home/runner/work/ozone/ozone/hadoop-ozone/integration-test/target/test-dir/MiniOzoneClusterImpl-55bfc424-622c-4031-8e27-dd7ab017ec7d/datanode-0/data/ratis/a87fd1d9-e5bf-477b-885a-f3fce5b30e34/current/log_inprogress_0
2023-08-31 18:16:54,090 [main] INFO  ozone.MiniOzoneClusterImpl (MiniOzoneClusterImpl.java:lambda$waitForClusterToBeReady$0(224)) - Nodes are ready. Got 5 of 5 DN Heartbeats.
2023-08-31 18:16:54,090 [main] INFO  ozone.MiniOzoneClusterImpl (MiniOzoneClusterImpl.java:lambda$waitForClusterToBeReady$0(227)) - Cluster exits safe mode
2023-08-31 18:16:54,090 [main] INFO  ozone.MiniOzoneClusterImpl (MiniOzoneClusterImpl.java:lambda$waitForClusterToBeReady$0(229)) - SCM became leader
2023-08-31 18:16:54,244 [af03fb12-d9eb-460d-bf82-fc984684bc2c@group-8473D44464F5-FollowerState] INFO  impl.FollowerState (FollowerState.java:run(143)) - af03fb12-d9eb-460d-bf82-fc984684bc2c@group-8473D44464F5-FollowerState: change to CANDIDATE, lastRpcElapsedTime:5115126614ns, electionTimeout:5101ms
2023-08-31 18:16:54,244 [af03fb12-d9eb-460d-bf82-fc984684bc2c@group-8473D44464F5-FollowerState] INFO  impl.RoleInfo (RoleInfo.java:shutdownFollowerState(110)) - af03fb12-d9eb-460d-bf82-fc984684bc2c: shutdown af03fb12-d9eb-460d-bf82-fc984684bc2c@group-8473D44464F5-FollowerState
2023-08-31 18:16:54,244 [af03fb12-d9eb-460d-bf82-fc984684bc2c@group-8473D44464F5-FollowerState] INFO  server.RaftServer$Division (RaftServerImpl.java:setRole(329)) - af03fb12-d9eb-460d-bf82-fc984684bc2c@group-8473D44464F5: changes role from  FOLLOWER to CANDIDATE at term 0 for changeToCandidate
2023-08-31 18:16:54,244 [af03fb12-d9eb-460d-bf82-fc984684bc2c@group-8473D44464F5-FollowerState] INFO  server.RaftServerConfigKeys (ConfUtils.java:logGet(46)) - raft.server.leaderelection.pre-vote = true (default)
2023-08-31 18:16:54,244 [af03fb12-d9eb-460d-bf82-fc984684bc2c@group-8473D44464F5-FollowerState] INFO  impl.RoleInfo (RoleInfo.java:updateAndGet(139)) - af03fb12-d9eb-460d-bf82-fc984684bc2c: start af03fb12-d9eb-460d-bf82-fc984684bc2c@group-8473D44464F5-LeaderElection11
2023-08-31 18:16:54,256 [af03fb12-d9eb-460d-bf82-fc984684bc2c@group-8473D44464F5-LeaderElection11] INFO  impl.LeaderElection (LeaderElection.java:askForVotes(321)) - af03fb12-d9eb-460d-bf82-fc984684bc2c@group-8473D44464F5-LeaderElection11 PRE_VOTE round 0: submit vote requests at term 0 for -1: peers:[af03fb12-d9eb-460d-bf82-fc984684bc2c|rpc:10.1.0.8:15050|admin:10.1.0.8:15049|client:10.1.0.8:15048|dataStream:10.1.0.8:15051|priority:1|startupRole:FOLLOWER]|listeners:[], old=null
2023-08-31 18:16:54,256 [af03fb12-d9eb-460d-bf82-fc984684bc2c@group-8473D44464F5-LeaderElection11] INFO  impl.LeaderElection (LeaderElection.java:askForVotes(323)) - af03fb12-d9eb-460d-bf82-fc984684bc2c@group-8473D44464F5-LeaderElection11 PRE_VOTE round 0: result PASSED (term=0)
2023-08-31 18:16:54,258 [af03fb12-d9eb-460d-bf82-fc984684bc2c@group-8473D44464F5-LeaderElection11] INFO  impl.LeaderElection (LeaderElection.java:askForVotes(321)) - af03fb12-d9eb-460d-bf82-fc984684bc2c@group-8473D44464F5-LeaderElection11 ELECTION round 0: submit vote requests at term 1 for -1: peers:[af03fb12-d9eb-460d-bf82-fc984684bc2c|rpc:10.1.0.8:15050|admin:10.1.0.8:15049|client:10.1.0.8:15048|dataStream:10.1.0.8:15051|priority:1|startupRole:FOLLOWER]|listeners:[], old=null
2023-08-31 18:16:54,258 [af03fb12-d9eb-460d-bf82-fc984684bc2c@group-8473D44464F5-LeaderElection11] INFO  impl.LeaderElection (LeaderElection.java:askForVotes(323)) - af03fb12-d9eb-460d-bf82-fc984684bc2c@group-8473D44464F5-LeaderElection11 ELECTION round 0: result PASSED (term=1)
2023-08-31 18:16:54,258 [af03fb12-d9eb-460d-bf82-fc984684bc2c@group-8473D44464F5-LeaderElection11] INFO  impl.RoleInfo (RoleInfo.java:shutdownLeaderElection(130)) - af03fb12-d9eb-460d-bf82-fc984684bc2c: shutdown af03fb12-d9eb-460d-bf82-fc984684bc2c@group-8473D44464F5-LeaderElection11
2023-08-31 18:16:54,258 [af03fb12-d9eb-460d-bf82-fc984684bc2c@group-8473D44464F5-LeaderElection11] INFO  server.RaftServer$Division (RaftServerImpl.java:setRole(329)) - af03fb12-d9eb-460d-bf82-fc984684bc2c@group-8473D44464F5: changes role from CANDIDATE to LEADER at term 1 for changeToLeader
2023-08-31 18:16:54,258 [af03fb12-d9eb-460d-bf82-fc984684bc2c@group-8473D44464F5-LeaderElection11] INFO  ratis.XceiverServerRatis (XceiverServerRatis.java:handleLeaderChangedNotification(902)) - Leader change notification received for group: group-8473D44464F5 with new leaderId: af03fb12-d9eb-460d-bf82-fc984684bc2c
2023-08-31 18:16:54,259 [af03fb12-d9eb-460d-bf82-fc984684bc2c@group-8473D44464F5-LeaderElection11] INFO  server.RaftServer$Division (ServerState.java:setLeader(317)) - af03fb12-d9eb-460d-bf82-fc984684bc2c@group-8473D44464F5: change Leader from null to af03fb12-d9eb-460d-bf82-fc984684bc2c at term 1 for becomeLeader, leader elected after 5156ms
2023-08-31 18:16:54,260 [af03fb12-d9eb-460d-bf82-fc984684bc2c@group-8473D44464F5-LeaderElection11] INFO  server.RaftServerConfigKeys (ConfUtils.java:logGet(46)) - raft.server.staging.catchup.gap = 1000 (default)
2023-08-31 18:16:54,260 [af03fb12-d9eb-460d-bf82-fc984684bc2c@group-8473D44464F5-LeaderElection11] INFO  server.RaftServerConfigKeys (ConfUtils.java:logGet(46)) - raft.server.write.element-limit = 1024 (custom)
2023-08-31 18:16:54,260 [af03fb12-d9eb-460d-bf82-fc984684bc2c@group-8473D44464F5-LeaderElection11] INFO  server.RaftServerConfigKeys (ConfUtils.java:logGet(46)) - raft.server.write.byte-limit = 1024 M (=1073741824) (custom)
2023-08-31 18:16:54,261 [af03fb12-d9eb-460d-bf82-fc984684bc2c@group-8473D44464F5-LeaderElection11] INFO  server.RaftServerConfigKeys (ConfUtils.java:logGet(46)) - raft.server.watch.timeout = 180s (custom)
2023-08-31 18:16:54,261 [af03fb12-d9eb-460d-bf82-fc984684bc2c@group-8473D44464F5-LeaderElection11] INFO  server.RaftServerConfigKeys (ConfUtils.java:logGet(46)) - raft.server.watch.timeout.denomination = 1s (default)
2023-08-31 18:16:54,261 [af03fb12-d9eb-460d-bf82-fc984684bc2c@group-8473D44464F5-LeaderElection11] INFO  server.RaftServerConfigKeys (ConfUtils.java:logGet(46)) - raft.server.watch.element-limit = 65536 (default)
2023-08-31 18:16:54,261 [af03fb12-d9eb-460d-bf82-fc984684bc2c@group-8473D44464F5-LeaderElection11] INFO  server.RaftServerConfigKeys (ConfUtils.java:logGet(46)) - raft.server.write.element-limit = 1024 (custom)
2023-08-31 18:16:54,261 [af03fb12-d9eb-460d-bf82-fc984684bc2c@group-8473D44464F5-LeaderElection11] INFO  server.RaftServerConfigKeys (ConfUtils.java:logGet(46)) - raft.server.write.follower.gap.ratio.max = -1.0 (default)
2023-08-31 18:16:54,262 [af03fb12-d9eb-460d-bf82-fc984684bc2c@group-8473D44464F5-LeaderElection11] INFO  impl.RoleInfo (RoleInfo.java:updateAndGet(139)) - af03fb12-d9eb-460d-bf82-fc984684bc2c: start af03fb12-d9eb-460d-bf82-fc984684bc2c@group-8473D44464F5-LeaderStateImpl
2023-08-31 18:16:54,264 [af03fb12-d9eb-460d-bf82-fc984684bc2c@group-8473D44464F5-LeaderElection11] INFO  segmented.SegmentedRaftLogWorker (SegmentedRaftLogWorker.java:startLogSegment(447)) - af03fb12-d9eb-460d-bf82-fc984684bc2c@group-8473D44464F5-SegmentedRaftLogWorker: Starting segment from index:0
2023-08-31 18:16:54,269 [af03fb12-d9eb-460d-bf82-fc984684bc2c@group-8473D44464F5-SegmentedRaftLogWorker] INFO  segmented.SegmentedRaftLogWorker (SegmentedRaftLogWorker.java:execute(651)) - af03fb12-d9eb-460d-bf82-fc984684bc2c@group-8473D44464F5-SegmentedRaftLogWorker: created new log segment /home/runner/work/ozone/ozone/hadoop-ozone/integration-test/target/test-dir/MiniOzoneClusterImpl-55bfc424-622c-4031-8e27-dd7ab017ec7d/datanode-4/data/ratis/87b40cae-f573-4bfc-8f34-8473d44464f5/current/log_inprogress_0
2023-08-31 18:16:54,283 [af03fb12-d9eb-460d-bf82-fc984684bc2c@group-8473D44464F5-LeaderElection11] INFO  server.RaftServer$Division (ServerState.java:setRaftConf(434)) - af03fb12-d9eb-460d-bf82-fc984684bc2c@group-8473D44464F5: set configuration 0: peers:[af03fb12-d9eb-460d-bf82-fc984684bc2c|rpc:10.1.0.8:15050|admin:10.1.0.8:15049|client:10.1.0.8:15048|dataStream:10.1.0.8:15051|priority:1|startupRole:FOLLOWER]|listeners:[], old=null
2023-08-31 18:16:54,823 [main] INFO  rpc.RpcClient (RpcClient.java:createVolume(461)) - Creating Volume: volume59479, with user07861 as owner and space quota set to -1 bytes, counts quota set to -1
2023-08-31 18:16:54,881 [OM StateMachine ApplyTransaction Thread - 0] INFO  volume.OMVolumeCreateRequest (OMVolumeCreateRequest.java:validateAndUpdateCache(196)) - created volume:volume59479 for user:user07861
2023-08-31 18:16:54,902 [main] INFO  rpc.RpcClient (RpcClient.java:createBucket(688)) - Creating Bucket: volume59479/bucket48122, with bucket layout LEGACY, runner as owner, Versioning false, Storage Type set to DISK and Encryption set to false, Replication Type set to server-side default replication type, Namespace Quota set to -1, Space Quota set to -1 
2023-08-31 18:16:54,933 [OM StateMachine ApplyTransaction Thread - 0] INFO  bucket.OMBucketCreateRequest (OMBucketCreateRequest.java:validateAndUpdateCache(270)) - created bucket: bucket48122 of layout LEGACY in volume: volume59479
]]></system-out>
  </testcase>
  <testcase name="testGetTrashRoot" classname="TestOzoneFileSystem" time="19.166">
    <system-out><![CDATA[2023-08-31 18:18:23,050 [main] INFO  ozone.MiniOzoneClusterImpl (MiniOzoneClusterImpl.java:shutdown(443)) - Shutting down the Mini Ozone Cluster
2023-08-31 18:18:23,050 [main] INFO  ozone.MiniOzoneClusterImpl (MiniOzoneClusterImpl.java:stop(460)) - Stopping the Mini Ozone Cluster
2023-08-31 18:18:23,050 [main] INFO  ozone.MiniOzoneClusterImpl (MiniOzoneClusterImpl.java:stopOM(551)) - Stopping the OzoneManager
2023-08-31 18:18:23,050 [main] INFO  om.OzoneManager (OzoneManager.java:stop(2204)) - om1[localhost:15004]: Stopping Ozone Manager
2023-08-31 18:18:23,052 [main] INFO  ipc.Server (Server.java:stop(3523)) - Stopping server on 15004
2023-08-31 18:18:23,066 [IPC Server listener on 15004] INFO  ipc.Server (Server.java:run(1434)) - Stopping IPC Server listener on 15004
2023-08-31 18:18:23,067 [IPC Server Responder] INFO  ipc.Server (Server.java:run(1567)) - Stopping IPC Server Responder
2023-08-31 18:18:23,069 [main] INFO  server.RaftServer (RaftServerProxy.java:lambda$close$6(416)) - om1: close
2023-08-31 18:18:23,072 [main] INFO  server.GrpcService (GrpcService.java:closeImpl(311)) - om1: shutdown server GrpcServerProtocolService now
2023-08-31 18:18:23,080 [om1-impl-thread2] INFO  server.RaftServer$Division (RaftServerImpl.java:lambda$close$4(466)) - om1@group-C5BA1605619E: shutdown
2023-08-31 18:18:23,080 [om1-impl-thread2] INFO  util.JmxRegister (JmxRegister.java:unregister(73)) - Successfully un-registered JMX Bean with object name Ratis:service=RaftServer,group=group-C5BA1605619E,id=om1
2023-08-31 18:18:23,080 [om1-impl-thread2] INFO  impl.RoleInfo (RoleInfo.java:shutdownLeaderState(93)) - om1: shutdown om1@group-C5BA1605619E-LeaderStateImpl
2023-08-31 18:18:23,081 [om1-impl-thread2] INFO  impl.PendingRequests (PendingRequests.java:sendNotLeaderResponses(289)) - om1@group-C5BA1605619E-PendingRequests: sendNotLeaderResponses
2023-08-31 18:18:23,093 [main] INFO  server.GrpcService (GrpcService.java:closeImpl(320)) - om1: shutdown server GrpcServerProtocolService successfully
2023-08-31 18:18:23,094 [om1-impl-thread2] INFO  impl.StateMachineUpdater (StateMachineUpdater.java:stopAndJoin(155)) - om1@group-C5BA1605619E-StateMachineUpdater: set stopIndex = 37021
2023-08-31 18:18:23,094 [om1@group-C5BA1605619E-StateMachineUpdater] INFO  ratis.OzoneManagerStateMachine (OzoneManagerStateMachine.java:takeSnapshot(480)) - Current Snapshot Index (t:1, i:37021)
2023-08-31 18:18:23,152 [om1@group-C5BA1605619E-StateMachineUpdater] INFO  impl.StateMachineUpdater (StateMachineUpdater.java:takeSnapshot(291)) - om1@group-C5BA1605619E-StateMachineUpdater: Took a snapshot at index 37021
2023-08-31 18:18:23,153 [om1@group-C5BA1605619E-StateMachineUpdater] INFO  impl.StateMachineUpdater (StateMachineUpdater.java:lambda$new$0(97)) - om1@group-C5BA1605619E-StateMachineUpdater: snapshotIndex: updateIncreasingly -1 -> 37021
2023-08-31 18:18:23,153 [om1@group-C5BA1605619E-StateMachineUpdater] INFO  ratis.OzoneManagerStateMachine (OzoneManagerStateMachine.java:close(534)) - StateMachine has shutdown. Shutdown OzoneManager if not already shutdown.
2023-08-31 18:18:23,153 [om1@group-C5BA1605619E-StateMachineUpdater] INFO  ratis.OzoneManagerDoubleBuffer (OzoneManagerDoubleBuffer.java:stopDaemon(551)) - Stopping OMDoubleBuffer flush thread
2023-08-31 18:18:23,154 [OMDoubleBufferFlushThread] INFO  ratis.OzoneManagerDoubleBuffer (OzoneManagerDoubleBuffer.java:canFlush(638)) - OMDoubleBuffer flush thread OMDoubleBufferFlushThread is interrupted and will exit.
2023-08-31 18:18:23,156 [om1-impl-thread2] INFO  server.RaftServer$Division (ServerState.java:close(472)) - om1@group-C5BA1605619E: closes. applyIndex: 37021
2023-08-31 18:18:24,050 [om1-impl-thread2] INFO  segmented.SegmentedRaftLogWorker (SegmentedRaftLogWorker.java:close(252)) - om1@group-C5BA1605619E-SegmentedRaftLogWorker close()
2023-08-31 18:18:24,052 [JvmPauseMonitor1] INFO  util.JvmPauseMonitor (JvmPauseMonitor.java:run(109)) - JvmPauseMonitor-om1: Stopped
2023-08-31 18:18:24,052 [main] INFO  ratis.OzoneManagerStateMachine (OzoneManagerStateMachine.java:close(534)) - StateMachine has shutdown. Shutdown OzoneManager if not already shutdown.
2023-08-31 18:18:24,053 [main] INFO  ratis.OzoneManagerDoubleBuffer (OzoneManagerDoubleBuffer.java:stopDaemon(560)) - OMDoubleBuffer flush thread is not running.
2023-08-31 18:18:24,054 [main] INFO  utils.BackgroundService (BackgroundService.java:shutdown(141)) - Shutting down service KeyDeletingService
2023-08-31 18:18:24,054 [main] INFO  utils.BackgroundService (BackgroundService.java:shutdown(141)) - Shutting down service KeyDeletingService
2023-08-31 18:18:24,055 [main] INFO  utils.BackgroundService (BackgroundService.java:shutdown(141)) - Shutting down service OpenKeyCleanupService
2023-08-31 18:18:24,055 [main] INFO  utils.BackgroundService (BackgroundService.java:shutdown(141)) - Shutting down service SstFilteringService
2023-08-31 18:18:24,055 [main] INFO  utils.BackgroundService (BackgroundService.java:shutdown(141)) - Shutting down service SnapshotDeletingService
2023-08-31 18:18:24,058 [main] INFO  handler.ContextHandler (ContextHandler.java:doStop(1159)) - Stopped o.e.j.w.WebAppContext@620fdabe{ozoneManager,/,null,STOPPED}{file:/home/runner/work/ozone/ozone/hadoop-ozone/integration-test/target/test-classes/webapps/ozoneManager}
2023-08-31 18:18:24,068 [main] INFO  server.AbstractConnector (AbstractConnector.java:doStop(383)) - Stopped ServerConnector@1b02231b{HTTP/1.1, (http/1.1)}{0.0.0.0:15005}
2023-08-31 18:18:24,068 [main] INFO  server.session (HouseKeeper.java:stopScavenging(149)) - node0 Stopped scavenging
2023-08-31 18:18:24,069 [main] INFO  handler.ContextHandler (ContextHandler.java:doStop(1159)) - Stopped o.e.j.s.ServletContextHandler@5f1a2706{static,/static,file:///home/runner/work/ozone/ozone/hadoop-ozone/integration-test/target/test-classes/webapps/static,STOPPED}
2023-08-31 18:18:24,069 [main] INFO  handler.ContextHandler (ContextHandler.java:doStop(1159)) - Stopped o.e.j.s.ServletContextHandler@2f3cddaf{logs,/logs,file:///home/runner/work/ozone/ozone/hadoop-ozone/integration-test/target/log,STOPPED}
2023-08-31 18:18:24,078 [Trash Emptier] ERROR om.TrashPolicyOzone (TrashPolicyOzone.java:run(350)) - Error attempting to shutdown
java.lang.InterruptedException
	at java.util.concurrent.locks.AbstractQueuedSynchronizer$ConditionObject.awaitNanos(AbstractQueuedSynchronizer.java:2067)
	at java.util.concurrent.ThreadPoolExecutor.awaitTermination(ThreadPoolExecutor.java:1475)
	at org.apache.hadoop.ozone.om.TrashPolicyOzone$Emptier.run(TrashPolicyOzone.java:348)
	at java.lang.Thread.run(Thread.java:750)
2023-08-31 18:18:24,078 [main] INFO  rocksdiff.RocksDBCheckpointDiffer (RocksDBCheckpointDiffer.java:close(340)) - Shutting down CompactionDagPruningService.
2023-08-31 18:18:24,087 [main] INFO  snapshot.SnapshotDiffManager (SnapshotDiffManager.java:closeExecutorService(1697)) - Shutting down executorService: 'SnapDiffExecutor'
2023-08-31 18:18:24,088 [main] INFO  snapshot.SnapshotDiffManager (SnapshotDiffManager.java:closeExecutorService(1697)) - Shutting down executorService: 'SstDumpToolExecutor'
2023-08-31 18:18:24,088 [main] INFO  utils.BackgroundService (BackgroundService.java:shutdown(141)) - Shutting down service SnapshotDiffCleanupService
2023-08-31 18:18:24,091 [main] INFO  ozone.MiniOzoneClusterImpl (MiniOzoneClusterImpl.java:stopDatanodes(528)) - Stopping the HddsDatanodes
2023-08-31 18:18:24,101 [ForkJoinPool.commonPool-worker-0] INFO  ozoneimpl.OzoneContainer (OzoneContainer.java:stop(451)) - Attempting to stop container services.
2023-08-31 18:18:24,112 [ForkJoinPool.commonPool-worker-0] INFO  server.RaftServer (RaftServerProxy.java:lambda$close$6(416)) - a52d6cdf-59e1-461e-b8c6-37ccdacf9b29: close
2023-08-31 18:18:24,116 [a52d6cdf-59e1-461e-b8c6-37ccdacf9b29-impl-thread2] INFO  server.RaftServer$Division (RaftServerImpl.java:lambda$close$4(466)) - a52d6cdf-59e1-461e-b8c6-37ccdacf9b29@group-F3FCE5B30E34: shutdown
2023-08-31 18:18:24,116 [a52d6cdf-59e1-461e-b8c6-37ccdacf9b29-impl-thread2] INFO  util.JmxRegister (JmxRegister.java:unregister(73)) - Successfully un-registered JMX Bean with object name Ratis:service=RaftServer,group=group-F3FCE5B30E34,id=a52d6cdf-59e1-461e-b8c6-37ccdacf9b29
2023-08-31 18:18:24,116 [a52d6cdf-59e1-461e-b8c6-37ccdacf9b29-impl-thread2] INFO  impl.RoleInfo (RoleInfo.java:shutdownLeaderState(93)) - a52d6cdf-59e1-461e-b8c6-37ccdacf9b29: shutdown a52d6cdf-59e1-461e-b8c6-37ccdacf9b29@group-F3FCE5B30E34-LeaderStateImpl
2023-08-31 18:18:24,118 [a52d6cdf-59e1-461e-b8c6-37ccdacf9b29-impl-thread3] INFO  server.RaftServer$Division (RaftServerImpl.java:lambda$close$4(466)) - a52d6cdf-59e1-461e-b8c6-37ccdacf9b29@group-EC8738930162: shutdown
2023-08-31 18:18:24,118 [a52d6cdf-59e1-461e-b8c6-37ccdacf9b29-impl-thread3] INFO  util.JmxRegister (JmxRegister.java:unregister(73)) - Successfully un-registered JMX Bean with object name Ratis:service=RaftServer,group=group-EC8738930162,id=a52d6cdf-59e1-461e-b8c6-37ccdacf9b29
2023-08-31 18:18:24,118 [a52d6cdf-59e1-461e-b8c6-37ccdacf9b29-impl-thread3] INFO  impl.RoleInfo (RoleInfo.java:shutdownLeaderState(93)) - a52d6cdf-59e1-461e-b8c6-37ccdacf9b29: shutdown a52d6cdf-59e1-461e-b8c6-37ccdacf9b29@group-EC8738930162-LeaderStateImpl
2023-08-31 18:18:24,119 [ForkJoinPool.commonPool-worker-0] INFO  server.GrpcService (GrpcService.java:closeImpl(311)) - a52d6cdf-59e1-461e-b8c6-37ccdacf9b29: shutdown server org.apache.ratis.grpc.server.GrpcClientProtocolService now
2023-08-31 18:18:24,127 [a52d6cdf-59e1-461e-b8c6-37ccdacf9b29-impl-thread2] INFO  impl.PendingRequests (PendingRequests.java:sendNotLeaderResponses(289)) - a52d6cdf-59e1-461e-b8c6-37ccdacf9b29@group-F3FCE5B30E34-PendingRequests: sendNotLeaderResponses
2023-08-31 18:18:24,128 [a52d6cdf-59e1-461e-b8c6-37ccdacf9b29@group-F3FCE5B30E34->936500de-6a46-404e-9e6e-74d5223834e1-GrpcLogAppender-LogAppenderDaemon] WARN  server.GrpcLogAppender (GrpcLogAppender.java:mayWait(199)) - a52d6cdf-59e1-461e-b8c6-37ccdacf9b29@group-F3FCE5B30E34->936500de-6a46-404e-9e6e-74d5223834e1-GrpcLogAppender: Wait interrupted by java.lang.InterruptedException
2023-08-31 18:18:24,130 [grpc-default-executor-2] INFO  server.GrpcServerProtocolService (GrpcServerProtocolService.java:onCompleted(155)) - 936500de-6a46-404e-9e6e-74d5223834e1: Completed APPEND_ENTRIES, lastRequest: a52d6cdf-59e1-461e-b8c6-37ccdacf9b29->936500de-6a46-404e-9e6e-74d5223834e1#1-t1,previous=(t:0, i:0),leaderCommit=-1,initializing? true,entries: size=1, first=(t:1, i:0), CONFIGURATIONENTRY(current:id: "a52d6cdf-59e1-461e-b8c6-37ccdacf9b29"
address: "10.1.0.8:15023"
priority: 1
dataStreamAddress: "10.1.0.8:15024"
clientAddress: "10.1.0.8:15021"
adminAddress: "10.1.0.8:15022"
startupRole: FOLLOWER
,id: "936500de-6a46-404e-9e6e-74d5223834e1"
address: "10.1.0.8:15032"
dataStreamAddress: "10.1.0.8:15033"
clientAddress: "10.1.0.8:15030"
adminAddress: "10.1.0.8:15031"
startupRole: FOLLOWER
,id: "02e5811a-aac7-41e1-9b10-ccc4a1a85e2b"
address: "10.1.0.8:15014"
dataStreamAddress: "10.1.0.8:15015"
clientAddress: "10.1.0.8:15012"
adminAddress: "10.1.0.8:15013"
startupRole: FOLLOWER
, old:)
2023-08-31 18:18:24,131 [grpc-default-executor-2] INFO  server.GrpcServerProtocolService (GrpcServerProtocolService.java:lambda$onCompleted$5(157)) - 936500de-6a46-404e-9e6e-74d5223834e1: Completed APPEND_ENTRIES, lastReply: null
2023-08-31 18:18:24,131 [a52d6cdf-59e1-461e-b8c6-37ccdacf9b29-impl-thread2] INFO  impl.StateMachineUpdater (StateMachineUpdater.java:stopAndJoin(155)) - a52d6cdf-59e1-461e-b8c6-37ccdacf9b29@group-F3FCE5B30E34-StateMachineUpdater: set stopIndex = 0
2023-08-31 18:18:24,132 [grpc-default-executor-2] INFO  server.GrpcServerProtocolService (GrpcServerProtocolService.java:onCompleted(155)) - 936500de-6a46-404e-9e6e-74d5223834e1: Completed APPEND_ENTRIES, lastRequest: null
2023-08-31 18:18:24,136 [a52d6cdf-59e1-461e-b8c6-37ccdacf9b29-impl-thread4] INFO  server.RaftServer$Division (RaftServerImpl.java:lambda$close$4(466)) - a52d6cdf-59e1-461e-b8c6-37ccdacf9b29@group-AD24448A8F24: shutdown
2023-08-31 18:18:24,136 [a52d6cdf-59e1-461e-b8c6-37ccdacf9b29-impl-thread4] INFO  util.JmxRegister (JmxRegister.java:unregister(73)) - Successfully un-registered JMX Bean with object name Ratis:service=RaftServer,group=group-AD24448A8F24,id=a52d6cdf-59e1-461e-b8c6-37ccdacf9b29
2023-08-31 18:18:24,136 [a52d6cdf-59e1-461e-b8c6-37ccdacf9b29-impl-thread4] INFO  impl.RoleInfo (RoleInfo.java:shutdownFollowerState(110)) - a52d6cdf-59e1-461e-b8c6-37ccdacf9b29: shutdown a52d6cdf-59e1-461e-b8c6-37ccdacf9b29@group-AD24448A8F24-FollowerState
2023-08-31 18:18:24,119 [a52d6cdf-59e1-461e-b8c6-37ccdacf9b29-impl-thread3] INFO  impl.PendingRequests (PendingRequests.java:sendNotLeaderResponses(289)) - a52d6cdf-59e1-461e-b8c6-37ccdacf9b29@group-EC8738930162-PendingRequests: sendNotLeaderResponses
2023-08-31 18:18:24,137 [grpc-default-executor-2] INFO  server.GrpcServerProtocolService (GrpcServerProtocolService.java:lambda$onCompleted$5(157)) - 936500de-6a46-404e-9e6e-74d5223834e1: Completed APPEND_ENTRIES, lastReply: serverReply {
  requestorId: "a52d6cdf-59e1-461e-b8c6-37ccdacf9b29"
  replyId: "936500de-6a46-404e-9e6e-74d5223834e1"
  raftGroupId {
    id: "\250\177\321\331\345\277G{\210Z\363\374\345\263\0164"
  }
  callId: 37
  success: true
}
term: 1
nextIndex: 1
matchIndex: 18446744073709551615
isHearbeat: true

2023-08-31 18:18:24,137 [a52d6cdf-59e1-461e-b8c6-37ccdacf9b29@group-EC8738930162-StateMachineUpdater] INFO  ratis.ContainerStateMachine (ContainerStateMachine.java:takeSnapshot(330)) - group-EC8738930162: Taking a snapshot at:(t:1, i:0) file /home/runner/work/ozone/ozone/hadoop-ozone/integration-test/target/test-dir/MiniOzoneClusterImpl-55bfc424-622c-4031-8e27-dd7ab017ec7d/datanode-1/data/ratis/80f61b62-c6ca-41ee-8793-ec8738930162/sm/snapshot.1_0
2023-08-31 18:18:24,139 [a52d6cdf-59e1-461e-b8c6-37ccdacf9b29-impl-thread3] INFO  impl.StateMachineUpdater (StateMachineUpdater.java:stopAndJoin(155)) - a52d6cdf-59e1-461e-b8c6-37ccdacf9b29@group-EC8738930162-StateMachineUpdater: set stopIndex = 0
2023-08-31 18:18:24,144 [a52d6cdf-59e1-461e-b8c6-37ccdacf9b29@group-F3FCE5B30E34-StateMachineUpdater] INFO  ratis.ContainerStateMachine (ContainerStateMachine.java:takeSnapshot(330)) - group-F3FCE5B30E34: Taking a snapshot at:(t:1, i:0) file /home/runner/work/ozone/ozone/hadoop-ozone/integration-test/target/test-dir/MiniOzoneClusterImpl-55bfc424-622c-4031-8e27-dd7ab017ec7d/datanode-1/data/ratis/a87fd1d9-e5bf-477b-885a-f3fce5b30e34/sm/snapshot.1_0
2023-08-31 18:18:24,129 [a52d6cdf-59e1-461e-b8c6-37ccdacf9b29@group-F3FCE5B30E34->02e5811a-aac7-41e1-9b10-ccc4a1a85e2b-GrpcLogAppender-LogAppenderDaemon] WARN  server.GrpcLogAppender (GrpcLogAppender.java:mayWait(199)) - a52d6cdf-59e1-461e-b8c6-37ccdacf9b29@group-F3FCE5B30E34->02e5811a-aac7-41e1-9b10-ccc4a1a85e2b-GrpcLogAppender: Wait interrupted by java.lang.InterruptedException
2023-08-31 18:18:24,132 [grpc-default-executor-6] INFO  server.GrpcLogAppender (GrpcLogAppender.java:onCompleted(428)) - a52d6cdf-59e1-461e-b8c6-37ccdacf9b29@group-F3FCE5B30E34->936500de-6a46-404e-9e6e-74d5223834e1-AppendLogResponseHandler: follower responses appendEntries COMPLETED
2023-08-31 18:18:24,146 [Thread-530] INFO  server.GrpcServerProtocolClient (GrpcServerProtocolClient.java:close(103)) - 936500de-6a46-404e-9e6e-74d5223834e1 Close channels
2023-08-31 18:18:24,146 [grpc-default-executor-6] WARN  server.GrpcLogAppender (GrpcLogAppender.java:resetClient(137)) - a52d6cdf-59e1-461e-b8c6-37ccdacf9b29@group-F3FCE5B30E34->936500de-6a46-404e-9e6e-74d5223834e1-GrpcLogAppender: Failed to getClient for 936500de-6a46-404e-9e6e-74d5223834e1
org.apache.ratis.protocol.exceptions.AlreadyClosedException: a52d6cdf-59e1-461e-b8c6-37ccdacf9b29 is already CLOSED
	at org.apache.ratis.util.PeerProxyMap$PeerAndProxy.getProxy(PeerProxyMap.java:61)
	at org.apache.ratis.util.PeerProxyMap.getProxy(PeerProxyMap.java:115)
	at org.apache.ratis.grpc.server.GrpcLogAppender.getClient(GrpcLogAppender.java:112)
	at org.apache.ratis.grpc.server.GrpcLogAppender.resetClient(GrpcLogAppender.java:117)
	at org.apache.ratis.grpc.server.GrpcLogAppender.access$500(GrpcLogAppender.java:56)
	at org.apache.ratis.grpc.server.GrpcLogAppender$AppendLogResponseHandler.onCompleted(GrpcLogAppender.java:429)
	at org.apache.ratis.thirdparty.io.grpc.stub.ClientCalls$StreamObserverToCallListenerAdapter.onClose(ClientCalls.java:485)
	at org.apache.ratis.thirdparty.io.grpc.internal.ClientCallImpl.closeObserver(ClientCallImpl.java:563)
	at org.apache.ratis.thirdparty.io.grpc.internal.ClientCallImpl.access$300(ClientCallImpl.java:70)
	at org.apache.ratis.thirdparty.io.grpc.internal.ClientCallImpl$ClientStreamListenerImpl$1StreamClosed.runInternal(ClientCallImpl.java:744)
	at org.apache.ratis.thirdparty.io.grpc.internal.ClientCallImpl$ClientStreamListenerImpl$1StreamClosed.runInContext(ClientCallImpl.java:723)
	at org.apache.ratis.thirdparty.io.grpc.internal.ContextRunnable.run(ContextRunnable.java:37)
	at org.apache.ratis.thirdparty.io.grpc.internal.SerializingExecutor.run(SerializingExecutor.java:133)
	at java.util.concurrent.ThreadPoolExecutor.runWorker(ThreadPoolExecutor.java:1149)
	at java.util.concurrent.ThreadPoolExecutor$Worker.run(ThreadPoolExecutor.java:624)
	at java.lang.Thread.run(Thread.java:750)
2023-08-31 18:18:24,146 [Thread-532] INFO  server.GrpcServerProtocolClient (GrpcServerProtocolClient.java:close(103)) - 02e5811a-aac7-41e1-9b10-ccc4a1a85e2b Close channels
2023-08-31 18:18:24,146 [a52d6cdf-59e1-461e-b8c6-37ccdacf9b29-impl-thread4] INFO  impl.StateMachineUpdater (StateMachineUpdater.java:stopAndJoin(155)) - a52d6cdf-59e1-461e-b8c6-37ccdacf9b29@group-AD24448A8F24-StateMachineUpdater: set stopIndex = 32
2023-08-31 18:18:24,153 [grpc-default-executor-6] INFO  server.GrpcServerProtocolService (GrpcServerProtocolService.java:onCompleted(155)) - 02e5811a-aac7-41e1-9b10-ccc4a1a85e2b: Completed APPEND_ENTRIES, lastRequest: null
2023-08-31 18:18:24,154 [a52d6cdf-59e1-461e-b8c6-37ccdacf9b29@group-AD24448A8F24-StateMachineUpdater] INFO  ratis.ContainerStateMachine (ContainerStateMachine.java:takeSnapshot(330)) - group-AD24448A8F24: Taking a snapshot at:(t:1, i:32) file /home/runner/work/ozone/ozone/hadoop-ozone/integration-test/target/test-dir/MiniOzoneClusterImpl-55bfc424-622c-4031-8e27-dd7ab017ec7d/datanode-1/data/ratis/3e8ab7de-8ede-477e-9526-ad24448a8f24/sm/snapshot.1_32
2023-08-31 18:18:24,154 [grpc-default-executor-6] INFO  server.GrpcServerProtocolService (GrpcServerProtocolService.java:lambda$onCompleted$5(157)) - 02e5811a-aac7-41e1-9b10-ccc4a1a85e2b: Completed APPEND_ENTRIES, lastReply: serverReply {
  requestorId: "a52d6cdf-59e1-461e-b8c6-37ccdacf9b29"
  replyId: "02e5811a-aac7-41e1-9b10-ccc4a1a85e2b"
  raftGroupId {
    id: "\250\177\321\331\345\277G{\210Z\363\374\345\263\0164"
  }
  callId: 38
  success: true
}
term: 1
nextIndex: 1
matchIndex: 18446744073709551615
isHearbeat: true

2023-08-31 18:18:24,154 [a52d6cdf-59e1-461e-b8c6-37ccdacf9b29@group-AD24448A8F24-FollowerState] INFO  impl.FollowerState (FollowerState.java:run(152)) - a52d6cdf-59e1-461e-b8c6-37ccdacf9b29@group-AD24448A8F24-FollowerState was interrupted
2023-08-31 18:18:24,155 [grpc-default-executor-2] INFO  server.GrpcServerProtocolService (GrpcServerProtocolService.java:onCompleted(155)) - 02e5811a-aac7-41e1-9b10-ccc4a1a85e2b: Completed APPEND_ENTRIES, lastRequest: a52d6cdf-59e1-461e-b8c6-37ccdacf9b29->02e5811a-aac7-41e1-9b10-ccc4a1a85e2b#1-t1,previous=(t:0, i:0),leaderCommit=-1,initializing? true,entries: size=1, first=(t:1, i:0), CONFIGURATIONENTRY(current:id: "a52d6cdf-59e1-461e-b8c6-37ccdacf9b29"
address: "10.1.0.8:15023"
priority: 1
dataStreamAddress: "10.1.0.8:15024"
clientAddress: "10.1.0.8:15021"
adminAddress: "10.1.0.8:15022"
startupRole: FOLLOWER
,id: "936500de-6a46-404e-9e6e-74d5223834e1"
address: "10.1.0.8:15032"
dataStreamAddress: "10.1.0.8:15033"
clientAddress: "10.1.0.8:15030"
adminAddress: "10.1.0.8:15031"
startupRole: FOLLOWER
,id: "02e5811a-aac7-41e1-9b10-ccc4a1a85e2b"
address: "10.1.0.8:15014"
dataStreamAddress: "10.1.0.8:15015"
clientAddress: "10.1.0.8:15012"
adminAddress: "10.1.0.8:15013"
startupRole: FOLLOWER
, old:)
2023-08-31 18:18:24,155 [grpc-default-executor-2] INFO  server.GrpcServerProtocolService (GrpcServerProtocolService.java:lambda$onCompleted$5(157)) - 02e5811a-aac7-41e1-9b10-ccc4a1a85e2b: Completed APPEND_ENTRIES, lastReply: null
2023-08-31 18:18:24,156 [grpc-default-executor-4] INFO  server.GrpcLogAppender (GrpcLogAppender.java:onCompleted(428)) - a52d6cdf-59e1-461e-b8c6-37ccdacf9b29@group-F3FCE5B30E34->02e5811a-aac7-41e1-9b10-ccc4a1a85e2b-AppendLogResponseHandler: follower responses appendEntries COMPLETED
2023-08-31 18:18:24,166 [main] INFO  ozoneimpl.OzoneContainer (OzoneContainer.java:stop(451)) - Attempting to stop container services.
2023-08-31 18:18:24,167 [grpc-default-executor-4] WARN  server.GrpcLogAppender (GrpcLogAppender.java:resetClient(137)) - a52d6cdf-59e1-461e-b8c6-37ccdacf9b29@group-F3FCE5B30E34->02e5811a-aac7-41e1-9b10-ccc4a1a85e2b-GrpcLogAppender: Failed to getClient for 02e5811a-aac7-41e1-9b10-ccc4a1a85e2b
org.apache.ratis.protocol.exceptions.AlreadyClosedException: a52d6cdf-59e1-461e-b8c6-37ccdacf9b29 is already CLOSED
	at org.apache.ratis.util.PeerProxyMap$PeerAndProxy.getProxy(PeerProxyMap.java:61)
	at org.apache.ratis.util.PeerProxyMap.getProxy(PeerProxyMap.java:115)
	at org.apache.ratis.grpc.server.GrpcLogAppender.getClient(GrpcLogAppender.java:112)
	at org.apache.ratis.grpc.server.GrpcLogAppender.resetClient(GrpcLogAppender.java:117)
	at org.apache.ratis.grpc.server.GrpcLogAppender.access$500(GrpcLogAppender.java:56)
	at org.apache.ratis.grpc.server.GrpcLogAppender$AppendLogResponseHandler.onCompleted(GrpcLogAppender.java:429)
	at org.apache.ratis.thirdparty.io.grpc.stub.ClientCalls$StreamObserverToCallListenerAdapter.onClose(ClientCalls.java:485)
	at org.apache.ratis.thirdparty.io.grpc.internal.ClientCallImpl.closeObserver(ClientCallImpl.java:563)
	at org.apache.ratis.thirdparty.io.grpc.internal.ClientCallImpl.access$300(ClientCallImpl.java:70)
	at org.apache.ratis.thirdparty.io.grpc.internal.ClientCallImpl$ClientStreamListenerImpl$1StreamClosed.runInternal(ClientCallImpl.java:744)
	at org.apache.ratis.thirdparty.io.grpc.internal.ClientCallImpl$ClientStreamListenerImpl$1StreamClosed.runInContext(ClientCallImpl.java:723)
	at org.apache.ratis.thirdparty.io.grpc.internal.ContextRunnable.run(ContextRunnable.java:37)
	at org.apache.ratis.thirdparty.io.grpc.internal.SerializingExecutor.run(SerializingExecutor.java:133)
	at java.util.concurrent.ThreadPoolExecutor.runWorker(ThreadPoolExecutor.java:1149)
	at java.util.concurrent.ThreadPoolExecutor$Worker.run(ThreadPoolExecutor.java:624)
	at java.lang.Thread.run(Thread.java:750)
2023-08-31 18:18:24,170 [main] INFO  server.RaftServer (RaftServerProxy.java:lambda$close$6(416)) - 936500de-6a46-404e-9e6e-74d5223834e1: close
2023-08-31 18:18:24,180 [936500de-6a46-404e-9e6e-74d5223834e1-impl-thread2] INFO  server.RaftServer$Division (RaftServerImpl.java:lambda$close$4(466)) - 936500de-6a46-404e-9e6e-74d5223834e1@group-F3FCE5B30E34: shutdown
2023-08-31 18:18:24,180 [936500de-6a46-404e-9e6e-74d5223834e1-impl-thread2] INFO  util.JmxRegister (JmxRegister.java:unregister(73)) - Successfully un-registered JMX Bean with object name Ratis:service=RaftServer,group=group-F3FCE5B30E34,id=936500de-6a46-404e-9e6e-74d5223834e1
2023-08-31 18:18:24,180 [936500de-6a46-404e-9e6e-74d5223834e1-impl-thread2] INFO  impl.RoleInfo (RoleInfo.java:shutdownFollowerState(110)) - 936500de-6a46-404e-9e6e-74d5223834e1: shutdown 936500de-6a46-404e-9e6e-74d5223834e1@group-F3FCE5B30E34-FollowerState
2023-08-31 18:18:24,200 [936500de-6a46-404e-9e6e-74d5223834e1-impl-thread3] INFO  server.RaftServer$Division (RaftServerImpl.java:lambda$close$4(466)) - 936500de-6a46-404e-9e6e-74d5223834e1@group-416B23F882A5: shutdown
2023-08-31 18:18:24,201 [936500de-6a46-404e-9e6e-74d5223834e1-impl-thread3] INFO  util.JmxRegister (JmxRegister.java:unregister(73)) - Successfully un-registered JMX Bean with object name Ratis:service=RaftServer,group=group-416B23F882A5,id=936500de-6a46-404e-9e6e-74d5223834e1
2023-08-31 18:18:24,201 [936500de-6a46-404e-9e6e-74d5223834e1-impl-thread3] INFO  impl.RoleInfo (RoleInfo.java:shutdownLeaderState(93)) - 936500de-6a46-404e-9e6e-74d5223834e1: shutdown 936500de-6a46-404e-9e6e-74d5223834e1@group-416B23F882A5-LeaderStateImpl
2023-08-31 18:18:24,201 [936500de-6a46-404e-9e6e-74d5223834e1-impl-thread3] INFO  impl.PendingRequests (PendingRequests.java:sendNotLeaderResponses(289)) - 936500de-6a46-404e-9e6e-74d5223834e1@group-416B23F882A5-PendingRequests: sendNotLeaderResponses
2023-08-31 18:18:24,202 [936500de-6a46-404e-9e6e-74d5223834e1@group-416B23F882A5-StateMachineUpdater] INFO  ratis.ContainerStateMachine (ContainerStateMachine.java:takeSnapshot(330)) - group-416B23F882A5: Taking a snapshot at:(t:1, i:0) file /home/runner/work/ozone/ozone/hadoop-ozone/integration-test/target/test-dir/MiniOzoneClusterImpl-55bfc424-622c-4031-8e27-dd7ab017ec7d/datanode-2/data/ratis/3f1092a6-5230-4462-89b4-416b23f882a5/sm/snapshot.1_0
2023-08-31 18:18:24,202 [936500de-6a46-404e-9e6e-74d5223834e1-impl-thread3] INFO  impl.StateMachineUpdater (StateMachineUpdater.java:stopAndJoin(155)) - 936500de-6a46-404e-9e6e-74d5223834e1@group-416B23F882A5-StateMachineUpdater: set stopIndex = 0
2023-08-31 18:18:24,218 [main] INFO  server.GrpcService (GrpcService.java:closeImpl(311)) - 936500de-6a46-404e-9e6e-74d5223834e1: shutdown server org.apache.ratis.grpc.server.GrpcClientProtocolService now
2023-08-31 18:18:24,218 [936500de-6a46-404e-9e6e-74d5223834e1-impl-thread4] INFO  server.RaftServer$Division (RaftServerImpl.java:lambda$close$4(466)) - 936500de-6a46-404e-9e6e-74d5223834e1@group-AD24448A8F24: shutdown
2023-08-31 18:18:24,219 [936500de-6a46-404e-9e6e-74d5223834e1-impl-thread4] INFO  util.JmxRegister (JmxRegister.java:unregister(73)) - Successfully un-registered JMX Bean with object name Ratis:service=RaftServer,group=group-AD24448A8F24,id=936500de-6a46-404e-9e6e-74d5223834e1
2023-08-31 18:18:24,219 [936500de-6a46-404e-9e6e-74d5223834e1-impl-thread4] INFO  impl.RoleInfo (RoleInfo.java:shutdownLeaderState(93)) - 936500de-6a46-404e-9e6e-74d5223834e1: shutdown 936500de-6a46-404e-9e6e-74d5223834e1@group-AD24448A8F24-LeaderStateImpl
2023-08-31 18:18:24,219 [936500de-6a46-404e-9e6e-74d5223834e1-impl-thread4] INFO  impl.PendingRequests (PendingRequests.java:sendNotLeaderResponses(289)) - 936500de-6a46-404e-9e6e-74d5223834e1@group-AD24448A8F24-PendingRequests: sendNotLeaderResponses
2023-08-31 18:18:24,219 [936500de-6a46-404e-9e6e-74d5223834e1@group-AD24448A8F24->a52d6cdf-59e1-461e-b8c6-37ccdacf9b29-GrpcLogAppender-LogAppenderDaemon] WARN  server.GrpcLogAppender (GrpcLogAppender.java:mayWait(199)) - 936500de-6a46-404e-9e6e-74d5223834e1@group-AD24448A8F24->a52d6cdf-59e1-461e-b8c6-37ccdacf9b29-GrpcLogAppender: Wait interrupted by java.lang.InterruptedException
2023-08-31 18:18:24,219 [936500de-6a46-404e-9e6e-74d5223834e1@group-AD24448A8F24->02e5811a-aac7-41e1-9b10-ccc4a1a85e2b-GrpcLogAppender-LogAppenderDaemon] WARN  server.GrpcLogAppender (GrpcLogAppender.java:mayWait(199)) - 936500de-6a46-404e-9e6e-74d5223834e1@group-AD24448A8F24->02e5811a-aac7-41e1-9b10-ccc4a1a85e2b-GrpcLogAppender: Wait interrupted by java.lang.InterruptedException
2023-08-31 18:18:24,228 [936500de-6a46-404e-9e6e-74d5223834e1@group-F3FCE5B30E34-StateMachineUpdater] INFO  ratis.ContainerStateMachine (ContainerStateMachine.java:takeSnapshot(330)) - group-F3FCE5B30E34: Taking a snapshot at:(t:1, i:0) file /home/runner/work/ozone/ozone/hadoop-ozone/integration-test/target/test-dir/MiniOzoneClusterImpl-55bfc424-622c-4031-8e27-dd7ab017ec7d/datanode-2/data/ratis/a87fd1d9-e5bf-477b-885a-f3fce5b30e34/sm/snapshot.1_0
2023-08-31 18:18:24,231 [grpc-default-executor-4] INFO  server.GrpcServerProtocolService (GrpcServerProtocolService.java:onCompleted(155)) - 02e5811a-aac7-41e1-9b10-ccc4a1a85e2b: Completed APPEND_ENTRIES, lastRequest: 936500de-6a46-404e-9e6e-74d5223834e1->02e5811a-aac7-41e1-9b10-ccc4a1a85e2b#102-t1,previous=(t:1, i:33),leaderCommit=32,initializing? true,entries: size=1, first=(t:1, i:34), METADATAENTRY(c:32)
2023-08-31 18:18:24,231 [grpc-default-executor-4] INFO  server.GrpcServerProtocolService (GrpcServerProtocolService.java:lambda$onCompleted$5(157)) - 02e5811a-aac7-41e1-9b10-ccc4a1a85e2b: Completed APPEND_ENTRIES, lastReply: null
2023-08-31 18:18:24,228 [936500de-6a46-404e-9e6e-74d5223834e1@group-F3FCE5B30E34-FollowerState] INFO  impl.FollowerState (FollowerState.java:run(152)) - 936500de-6a46-404e-9e6e-74d5223834e1@group-F3FCE5B30E34-FollowerState was interrupted
2023-08-31 18:18:24,228 [936500de-6a46-404e-9e6e-74d5223834e1-impl-thread2] INFO  impl.StateMachineUpdater (StateMachineUpdater.java:stopAndJoin(155)) - 936500de-6a46-404e-9e6e-74d5223834e1@group-F3FCE5B30E34-StateMachineUpdater: set stopIndex = 0
2023-08-31 18:18:24,232 [grpc-default-executor-4] INFO  server.GrpcLogAppender (GrpcLogAppender.java:onCompleted(428)) - 936500de-6a46-404e-9e6e-74d5223834e1@group-AD24448A8F24->02e5811a-aac7-41e1-9b10-ccc4a1a85e2b-AppendLogResponseHandler: follower responses appendEntries COMPLETED
2023-08-31 18:18:24,234 [grpc-default-executor-4] INFO  leader.FollowerInfo (FollowerInfoImpl.java:lambda$new$0(52)) - 936500de-6a46-404e-9e6e-74d5223834e1@group-AD24448A8F24->02e5811a-aac7-41e1-9b10-ccc4a1a85e2b: decreaseNextIndex nextIndex: updateUnconditionally 35 -> 34
2023-08-31 18:18:24,234 [grpc-default-executor-6] INFO  server.GrpcLogAppender (GrpcLogAppender.java:onCompleted(428)) - a52d6cdf-59e1-461e-b8c6-37ccdacf9b29@group-F3FCE5B30E34->02e5811a-aac7-41e1-9b10-ccc4a1a85e2b-AppendLogResponseHandler: follower responses appendEntries COMPLETED
2023-08-31 18:18:24,234 [grpc-default-executor-6] WARN  server.GrpcLogAppender (GrpcLogAppender.java:resetClient(137)) - a52d6cdf-59e1-461e-b8c6-37ccdacf9b29@group-F3FCE5B30E34->02e5811a-aac7-41e1-9b10-ccc4a1a85e2b-GrpcLogAppender: Failed to getClient for 02e5811a-aac7-41e1-9b10-ccc4a1a85e2b
org.apache.ratis.protocol.exceptions.AlreadyClosedException: a52d6cdf-59e1-461e-b8c6-37ccdacf9b29 is already CLOSED
	at org.apache.ratis.util.PeerProxyMap$PeerAndProxy.getProxy(PeerProxyMap.java:61)
	at org.apache.ratis.util.PeerProxyMap.getProxy(PeerProxyMap.java:115)
	at org.apache.ratis.grpc.server.GrpcLogAppender.getClient(GrpcLogAppender.java:112)
	at org.apache.ratis.grpc.server.GrpcLogAppender.resetClient(GrpcLogAppender.java:117)
	at org.apache.ratis.grpc.server.GrpcLogAppender.access$500(GrpcLogAppender.java:56)
	at org.apache.ratis.grpc.server.GrpcLogAppender$AppendLogResponseHandler.onCompleted(GrpcLogAppender.java:429)
	at org.apache.ratis.thirdparty.io.grpc.stub.ClientCalls$StreamObserverToCallListenerAdapter.onClose(ClientCalls.java:485)
	at org.apache.ratis.thirdparty.io.grpc.internal.DelayedClientCall$DelayedListener$3.run(DelayedClientCall.java:471)
	at org.apache.ratis.thirdparty.io.grpc.internal.DelayedClientCall$DelayedListener.delayOrExecute(DelayedClientCall.java:435)
	at org.apache.ratis.thirdparty.io.grpc.internal.DelayedClientCall$DelayedListener.onClose(DelayedClientCall.java:468)
	at org.apache.ratis.thirdparty.io.grpc.internal.ClientCallImpl.closeObserver(ClientCallImpl.java:563)
	at org.apache.ratis.thirdparty.io.grpc.internal.ClientCallImpl.access$300(ClientCallImpl.java:70)
	at org.apache.ratis.thirdparty.io.grpc.internal.ClientCallImpl$ClientStreamListenerImpl$1StreamClosed.runInternal(ClientCallImpl.java:744)
	at org.apache.ratis.thirdparty.io.grpc.internal.ClientCallImpl$ClientStreamListenerImpl$1StreamClosed.runInContext(ClientCallImpl.java:723)
	at org.apache.ratis.thirdparty.io.grpc.internal.ContextRunnable.run(ContextRunnable.java:37)
	at org.apache.ratis.thirdparty.io.grpc.internal.SerializingExecutor.run(SerializingExecutor.java:133)
	at java.util.concurrent.ThreadPoolExecutor.runWorker(ThreadPoolExecutor.java:1149)
	at java.util.concurrent.ThreadPoolExecutor$Worker.run(ThreadPoolExecutor.java:624)
	at java.lang.Thread.run(Thread.java:750)
2023-08-31 18:18:24,235 [grpc-default-executor-7] INFO  server.GrpcLogAppender (GrpcLogAppender.java:onCompleted(428)) - a52d6cdf-59e1-461e-b8c6-37ccdacf9b29@group-F3FCE5B30E34->936500de-6a46-404e-9e6e-74d5223834e1-AppendLogResponseHandler: follower responses appendEntries COMPLETED
2023-08-31 18:18:24,235 [grpc-default-executor-7] WARN  server.GrpcLogAppender (GrpcLogAppender.java:resetClient(137)) - a52d6cdf-59e1-461e-b8c6-37ccdacf9b29@group-F3FCE5B30E34->936500de-6a46-404e-9e6e-74d5223834e1-GrpcLogAppender: Failed to getClient for 936500de-6a46-404e-9e6e-74d5223834e1
org.apache.ratis.protocol.exceptions.AlreadyClosedException: a52d6cdf-59e1-461e-b8c6-37ccdacf9b29 is already CLOSED
	at org.apache.ratis.util.PeerProxyMap$PeerAndProxy.getProxy(PeerProxyMap.java:61)
	at org.apache.ratis.util.PeerProxyMap.getProxy(PeerProxyMap.java:115)
	at org.apache.ratis.grpc.server.GrpcLogAppender.getClient(GrpcLogAppender.java:112)
	at org.apache.ratis.grpc.server.GrpcLogAppender.resetClient(GrpcLogAppender.java:117)
	at org.apache.ratis.grpc.server.GrpcLogAppender.access$500(GrpcLogAppender.java:56)
	at org.apache.ratis.grpc.server.GrpcLogAppender$AppendLogResponseHandler.onCompleted(GrpcLogAppender.java:429)
	at org.apache.ratis.thirdparty.io.grpc.stub.ClientCalls$StreamObserverToCallListenerAdapter.onClose(ClientCalls.java:485)
	at org.apache.ratis.thirdparty.io.grpc.internal.DelayedClientCall$DelayedListener$3.run(DelayedClientCall.java:471)
	at org.apache.ratis.thirdparty.io.grpc.internal.DelayedClientCall$DelayedListener.delayOrExecute(DelayedClientCall.java:435)
	at org.apache.ratis.thirdparty.io.grpc.internal.DelayedClientCall$DelayedListener.onClose(DelayedClientCall.java:468)
	at org.apache.ratis.thirdparty.io.grpc.internal.ClientCallImpl.closeObserver(ClientCallImpl.java:563)
	at org.apache.ratis.thirdparty.io.grpc.internal.ClientCallImpl.access$300(ClientCallImpl.java:70)
	at org.apache.ratis.thirdparty.io.grpc.internal.ClientCallImpl$ClientStreamListenerImpl$1StreamClosed.runInternal(ClientCallImpl.java:744)
	at org.apache.ratis.thirdparty.io.grpc.internal.ClientCallImpl$ClientStreamListenerImpl$1StreamClosed.runInContext(ClientCallImpl.java:723)
	at org.apache.ratis.thirdparty.io.grpc.internal.ContextRunnable.run(ContextRunnable.java:37)
	at org.apache.ratis.thirdparty.io.grpc.internal.SerializingExecutor.run(SerializingExecutor.java:133)
	at java.util.concurrent.ThreadPoolExecutor.runWorker(ThreadPoolExecutor.java:1149)
	at java.util.concurrent.ThreadPoolExecutor$Worker.run(ThreadPoolExecutor.java:624)
	at java.lang.Thread.run(Thread.java:750)
2023-08-31 18:18:24,241 [936500de-6a46-404e-9e6e-74d5223834e1@group-416B23F882A5-StateMachineUpdater] INFO  ratis.ContainerStateMachine (ContainerStateMachine.java:takeSnapshot(341)) - group-416B23F882A5: Finished taking a snapshot at:(t:1, i:0) file:/home/runner/work/ozone/ozone/hadoop-ozone/integration-test/target/test-dir/MiniOzoneClusterImpl-55bfc424-622c-4031-8e27-dd7ab017ec7d/datanode-2/data/ratis/3f1092a6-5230-4462-89b4-416b23f882a5/sm/snapshot.1_0 took: 40 ms
2023-08-31 18:18:24,241 [936500de-6a46-404e-9e6e-74d5223834e1@group-F3FCE5B30E34-StateMachineUpdater] INFO  ratis.ContainerStateMachine (ContainerStateMachine.java:takeSnapshot(341)) - group-F3FCE5B30E34: Finished taking a snapshot at:(t:1, i:0) file:/home/runner/work/ozone/ozone/hadoop-ozone/integration-test/target/test-dir/MiniOzoneClusterImpl-55bfc424-622c-4031-8e27-dd7ab017ec7d/datanode-2/data/ratis/a87fd1d9-e5bf-477b-885a-f3fce5b30e34/sm/snapshot.1_0 took: 14 ms
2023-08-31 18:18:24,242 [a52d6cdf-59e1-461e-b8c6-37ccdacf9b29@group-EC8738930162-StateMachineUpdater] INFO  ratis.ContainerStateMachine (ContainerStateMachine.java:takeSnapshot(341)) - group-EC8738930162: Finished taking a snapshot at:(t:1, i:0) file:/home/runner/work/ozone/ozone/hadoop-ozone/integration-test/target/test-dir/MiniOzoneClusterImpl-55bfc424-622c-4031-8e27-dd7ab017ec7d/datanode-1/data/ratis/80f61b62-c6ca-41ee-8793-ec8738930162/sm/snapshot.1_0 took: 105 ms
2023-08-31 18:18:24,242 [a52d6cdf-59e1-461e-b8c6-37ccdacf9b29@group-F3FCE5B30E34-StateMachineUpdater] INFO  ratis.ContainerStateMachine (ContainerStateMachine.java:takeSnapshot(341)) - group-F3FCE5B30E34: Finished taking a snapshot at:(t:1, i:0) file:/home/runner/work/ozone/ozone/hadoop-ozone/integration-test/target/test-dir/MiniOzoneClusterImpl-55bfc424-622c-4031-8e27-dd7ab017ec7d/datanode-1/data/ratis/a87fd1d9-e5bf-477b-885a-f3fce5b30e34/sm/snapshot.1_0 took: 99 ms
2023-08-31 18:18:24,243 [a52d6cdf-59e1-461e-b8c6-37ccdacf9b29@group-F3FCE5B30E34-StateMachineUpdater] INFO  impl.StateMachineUpdater (StateMachineUpdater.java:takeSnapshot(291)) - a52d6cdf-59e1-461e-b8c6-37ccdacf9b29@group-F3FCE5B30E34-StateMachineUpdater: Took a snapshot at index 0
2023-08-31 18:18:24,243 [936500de-6a46-404e-9e6e-74d5223834e1@group-416B23F882A5-StateMachineUpdater] INFO  impl.StateMachineUpdater (StateMachineUpdater.java:takeSnapshot(291)) - 936500de-6a46-404e-9e6e-74d5223834e1@group-416B23F882A5-StateMachineUpdater: Took a snapshot at index 0
2023-08-31 18:18:24,243 [936500de-6a46-404e-9e6e-74d5223834e1@group-416B23F882A5-StateMachineUpdater] INFO  impl.StateMachineUpdater (StateMachineUpdater.java:lambda$new$0(97)) - 936500de-6a46-404e-9e6e-74d5223834e1@group-416B23F882A5-StateMachineUpdater: snapshotIndex: updateIncreasingly -1 -> 0
2023-08-31 18:18:24,244 [a52d6cdf-59e1-461e-b8c6-37ccdacf9b29@group-AD24448A8F24-StateMachineUpdater] INFO  ratis.ContainerStateMachine (ContainerStateMachine.java:takeSnapshot(341)) - group-AD24448A8F24: Finished taking a snapshot at:(t:1, i:32) file:/home/runner/work/ozone/ozone/hadoop-ozone/integration-test/target/test-dir/MiniOzoneClusterImpl-55bfc424-622c-4031-8e27-dd7ab017ec7d/datanode-1/data/ratis/3e8ab7de-8ede-477e-9526-ad24448a8f24/sm/snapshot.1_32 took: 90 ms
2023-08-31 18:18:24,244 [a52d6cdf-59e1-461e-b8c6-37ccdacf9b29@group-AD24448A8F24-StateMachineUpdater] INFO  impl.StateMachineUpdater (StateMachineUpdater.java:takeSnapshot(291)) - a52d6cdf-59e1-461e-b8c6-37ccdacf9b29@group-AD24448A8F24-StateMachineUpdater: Took a snapshot at index 32
2023-08-31 18:18:24,244 [a52d6cdf-59e1-461e-b8c6-37ccdacf9b29@group-AD24448A8F24-StateMachineUpdater] INFO  impl.StateMachineUpdater (StateMachineUpdater.java:lambda$new$0(97)) - a52d6cdf-59e1-461e-b8c6-37ccdacf9b29@group-AD24448A8F24-StateMachineUpdater: snapshotIndex: updateIncreasingly -1 -> 32
2023-08-31 18:18:24,243 [a52d6cdf-59e1-461e-b8c6-37ccdacf9b29@group-F3FCE5B30E34-StateMachineUpdater] INFO  impl.StateMachineUpdater (StateMachineUpdater.java:lambda$new$0(97)) - a52d6cdf-59e1-461e-b8c6-37ccdacf9b29@group-F3FCE5B30E34-StateMachineUpdater: snapshotIndex: updateIncreasingly -1 -> 0
2023-08-31 18:18:24,243 [936500de-6a46-404e-9e6e-74d5223834e1@group-F3FCE5B30E34-StateMachineUpdater] INFO  impl.StateMachineUpdater (StateMachineUpdater.java:takeSnapshot(291)) - 936500de-6a46-404e-9e6e-74d5223834e1@group-F3FCE5B30E34-StateMachineUpdater: Took a snapshot at index 0
2023-08-31 18:18:24,245 [936500de-6a46-404e-9e6e-74d5223834e1@group-F3FCE5B30E34-StateMachineUpdater] INFO  impl.StateMachineUpdater (StateMachineUpdater.java:lambda$new$0(97)) - 936500de-6a46-404e-9e6e-74d5223834e1@group-F3FCE5B30E34-StateMachineUpdater: snapshotIndex: updateIncreasingly -1 -> 0
2023-08-31 18:18:24,245 [a52d6cdf-59e1-461e-b8c6-37ccdacf9b29@group-EC8738930162-StateMachineUpdater] INFO  impl.StateMachineUpdater (StateMachineUpdater.java:takeSnapshot(291)) - a52d6cdf-59e1-461e-b8c6-37ccdacf9b29@group-EC8738930162-StateMachineUpdater: Took a snapshot at index 0
2023-08-31 18:18:24,245 [a52d6cdf-59e1-461e-b8c6-37ccdacf9b29@group-EC8738930162-StateMachineUpdater] INFO  impl.StateMachineUpdater (StateMachineUpdater.java:lambda$new$0(97)) - a52d6cdf-59e1-461e-b8c6-37ccdacf9b29@group-EC8738930162-StateMachineUpdater: snapshotIndex: updateIncreasingly -1 -> 0
2023-08-31 18:18:24,250 [grpc-default-executor-2] INFO  server.GrpcServerProtocolService (GrpcServerProtocolService.java:onCompleted(155)) - a52d6cdf-59e1-461e-b8c6-37ccdacf9b29: Completed APPEND_ENTRIES, lastRequest: null
2023-08-31 18:18:24,251 [grpc-default-executor-2] INFO  server.GrpcServerProtocolService (GrpcServerProtocolService.java:lambda$onCompleted$5(157)) - a52d6cdf-59e1-461e-b8c6-37ccdacf9b29: Completed APPEND_ENTRIES, lastReply: serverReply {
  requestorId: "936500de-6a46-404e-9e6e-74d5223834e1"
  replyId: "a52d6cdf-59e1-461e-b8c6-37ccdacf9b29"
  raftGroupId {
    id: ">\212\267\336\216\336G~\225&\255$D\212\217$"
  }
  callId: 94
  success: true
}
term: 1
nextIndex: 31
followerCommit: 30
matchIndex: 18446744073709551615
isHearbeat: true

2023-08-31 18:18:24,264 [ForkJoinPool.commonPool-worker-1] INFO  ozoneimpl.OzoneContainer (OzoneContainer.java:stop(451)) - Attempting to stop container services.
2023-08-31 18:18:24,267 [ForkJoinPool.commonPool-worker-1] INFO  server.RaftServer (RaftServerProxy.java:lambda$close$6(416)) - 02e5811a-aac7-41e1-9b10-ccc4a1a85e2b: close
2023-08-31 18:18:24,267 [936500de-6a46-404e-9e6e-74d5223834e1-impl-thread4] INFO  impl.StateMachineUpdater (StateMachineUpdater.java:stopAndJoin(155)) - 936500de-6a46-404e-9e6e-74d5223834e1@group-AD24448A8F24-StateMachineUpdater: set stopIndex = 34
2023-08-31 18:18:24,267 [Thread-536] INFO  server.GrpcServerProtocolClient (GrpcServerProtocolClient.java:close(103)) - a52d6cdf-59e1-461e-b8c6-37ccdacf9b29 Close channels
2023-08-31 18:18:24,267 [936500de-6a46-404e-9e6e-74d5223834e1@group-AD24448A8F24-StateMachineUpdater] INFO  ratis.ContainerStateMachine (ContainerStateMachine.java:takeSnapshot(330)) - group-AD24448A8F24: Taking a snapshot at:(t:1, i:34) file /home/runner/work/ozone/ozone/hadoop-ozone/integration-test/target/test-dir/MiniOzoneClusterImpl-55bfc424-622c-4031-8e27-dd7ab017ec7d/datanode-2/data/ratis/3e8ab7de-8ede-477e-9526-ad24448a8f24/sm/snapshot.1_34
2023-08-31 18:18:24,269 [grpc-default-executor-7] INFO  server.GrpcLogAppender (GrpcLogAppender.java:onCompleted(428)) - 936500de-6a46-404e-9e6e-74d5223834e1@group-AD24448A8F24->a52d6cdf-59e1-461e-b8c6-37ccdacf9b29-AppendLogResponseHandler: follower responses appendEntries COMPLETED
2023-08-31 18:18:24,269 [grpc-default-executor-7] WARN  server.GrpcLogAppender (GrpcLogAppender.java:resetClient(137)) - 936500de-6a46-404e-9e6e-74d5223834e1@group-AD24448A8F24->a52d6cdf-59e1-461e-b8c6-37ccdacf9b29-GrpcLogAppender: Failed to getClient for a52d6cdf-59e1-461e-b8c6-37ccdacf9b29
org.apache.ratis.protocol.exceptions.AlreadyClosedException: 936500de-6a46-404e-9e6e-74d5223834e1 is already CLOSED
	at org.apache.ratis.util.PeerProxyMap$PeerAndProxy.getProxy(PeerProxyMap.java:61)
	at org.apache.ratis.util.PeerProxyMap.getProxy(PeerProxyMap.java:115)
	at org.apache.ratis.grpc.server.GrpcLogAppender.getClient(GrpcLogAppender.java:112)
	at org.apache.ratis.grpc.server.GrpcLogAppender.resetClient(GrpcLogAppender.java:117)
	at org.apache.ratis.grpc.server.GrpcLogAppender.access$500(GrpcLogAppender.java:56)
	at org.apache.ratis.grpc.server.GrpcLogAppender$AppendLogResponseHandler.onCompleted(GrpcLogAppender.java:429)
	at org.apache.ratis.thirdparty.io.grpc.stub.ClientCalls$StreamObserverToCallListenerAdapter.onClose(ClientCalls.java:485)
	at org.apache.ratis.thirdparty.io.grpc.internal.DelayedClientCall$DelayedListener$3.run(DelayedClientCall.java:471)
	at org.apache.ratis.thirdparty.io.grpc.internal.DelayedClientCall$DelayedListener.delayOrExecute(DelayedClientCall.java:435)
	at org.apache.ratis.thirdparty.io.grpc.internal.DelayedClientCall$DelayedListener.onClose(DelayedClientCall.java:468)
	at org.apache.ratis.thirdparty.io.grpc.internal.ClientCallImpl.closeObserver(ClientCallImpl.java:563)
	at org.apache.ratis.thirdparty.io.grpc.internal.ClientCallImpl.access$300(ClientCallImpl.java:70)
	at org.apache.ratis.thirdparty.io.grpc.internal.ClientCallImpl$ClientStreamListenerImpl$1StreamClosed.runInternal(ClientCallImpl.java:744)
	at org.apache.ratis.thirdparty.io.grpc.internal.ClientCallImpl$ClientStreamListenerImpl$1StreamClosed.runInContext(ClientCallImpl.java:723)
	at org.apache.ratis.thirdparty.io.grpc.internal.ContextRunnable.run(ContextRunnable.java:37)
	at org.apache.ratis.thirdparty.io.grpc.internal.SerializingExecutor.run(SerializingExecutor.java:133)
	at java.util.concurrent.ThreadPoolExecutor.runWorker(ThreadPoolExecutor.java:1149)
	at java.util.concurrent.ThreadPoolExecutor$Worker.run(ThreadPoolExecutor.java:624)
	at java.lang.Thread.run(Thread.java:750)
2023-08-31 18:18:24,272 [936500de-6a46-404e-9e6e-74d5223834e1-impl-thread3] INFO  server.RaftServer$Division (ServerState.java:close(472)) - 936500de-6a46-404e-9e6e-74d5223834e1@group-416B23F882A5: closes. applyIndex: 0
2023-08-31 18:18:24,272 [a52d6cdf-59e1-461e-b8c6-37ccdacf9b29-impl-thread2] INFO  server.RaftServer$Division (ServerState.java:close(472)) - a52d6cdf-59e1-461e-b8c6-37ccdacf9b29@group-F3FCE5B30E34: closes. applyIndex: 0
2023-08-31 18:18:24,272 [936500de-6a46-404e-9e6e-74d5223834e1-impl-thread2] INFO  server.RaftServer$Division (ServerState.java:close(472)) - 936500de-6a46-404e-9e6e-74d5223834e1@group-F3FCE5B30E34: closes. applyIndex: 0
2023-08-31 18:18:24,272 [ForkJoinPool.commonPool-worker-0] INFO  server.GrpcService (GrpcService.java:closeImpl(320)) - a52d6cdf-59e1-461e-b8c6-37ccdacf9b29: shutdown server org.apache.ratis.grpc.server.GrpcClientProtocolService successfully
2023-08-31 18:18:24,272 [ForkJoinPool.commonPool-worker-0] INFO  server.GrpcService (GrpcService.java:closeImpl(311)) - a52d6cdf-59e1-461e-b8c6-37ccdacf9b29: shutdown server GrpcServerProtocolService now
2023-08-31 18:18:24,274 [a52d6cdf-59e1-461e-b8c6-37ccdacf9b29-impl-thread3] INFO  server.RaftServer$Division (ServerState.java:close(472)) - a52d6cdf-59e1-461e-b8c6-37ccdacf9b29@group-EC8738930162: closes. applyIndex: 0
2023-08-31 18:18:24,274 [Thread-538] INFO  server.GrpcServerProtocolClient (GrpcServerProtocolClient.java:close(103)) - 02e5811a-aac7-41e1-9b10-ccc4a1a85e2b Close channels
2023-08-31 18:18:24,275 [936500de-6a46-404e-9e6e-74d5223834e1@group-AD24448A8F24-StateMachineUpdater] INFO  ratis.ContainerStateMachine (ContainerStateMachine.java:takeSnapshot(341)) - group-AD24448A8F24: Finished taking a snapshot at:(t:1, i:34) file:/home/runner/work/ozone/ozone/hadoop-ozone/integration-test/target/test-dir/MiniOzoneClusterImpl-55bfc424-622c-4031-8e27-dd7ab017ec7d/datanode-2/data/ratis/3e8ab7de-8ede-477e-9526-ad24448a8f24/sm/snapshot.1_34 took: 7 ms
2023-08-31 18:18:24,275 [936500de-6a46-404e-9e6e-74d5223834e1@group-AD24448A8F24-StateMachineUpdater] INFO  impl.StateMachineUpdater (StateMachineUpdater.java:takeSnapshot(291)) - 936500de-6a46-404e-9e6e-74d5223834e1@group-AD24448A8F24-StateMachineUpdater: Took a snapshot at index 34
2023-08-31 18:18:24,275 [936500de-6a46-404e-9e6e-74d5223834e1@group-AD24448A8F24-StateMachineUpdater] INFO  impl.StateMachineUpdater (StateMachineUpdater.java:lambda$new$0(97)) - 936500de-6a46-404e-9e6e-74d5223834e1@group-AD24448A8F24-StateMachineUpdater: snapshotIndex: updateIncreasingly -1 -> 34
2023-08-31 18:18:24,277 [grpc-default-executor-2] WARN  server.GrpcClientProtocolService (LogUtils.java:warn(122)) - 4-OrderedRequestStreamObserver4: onError: org.apache.ratis.thirdparty.io.grpc.StatusRuntimeException: CANCELLED: client cancelled
2023-08-31 18:18:24,280 [grpc-default-executor-4] INFO  server.GrpcServerProtocolService (GrpcServerProtocolService.java:onCompleted(155)) - 02e5811a-aac7-41e1-9b10-ccc4a1a85e2b: Completed APPEND_ENTRIES, lastRequest: null
2023-08-31 18:18:24,281 [grpc-default-executor-4] INFO  server.GrpcServerProtocolService (GrpcServerProtocolService.java:lambda$onCompleted$5(157)) - 02e5811a-aac7-41e1-9b10-ccc4a1a85e2b: Completed APPEND_ENTRIES, lastReply: serverReply {
  requestorId: "936500de-6a46-404e-9e6e-74d5223834e1"
  replyId: "02e5811a-aac7-41e1-9b10-ccc4a1a85e2b"
  raftGroupId {
    id: ">\212\267\336\216\336G~\225&\255$D\212\217$"
  }
  callId: 98
  success: true
}
term: 1
nextIndex: 31
followerCommit: 30
matchIndex: 18446744073709551615
isHearbeat: true

2023-08-31 18:18:24,282 [grpc-default-executor-4] INFO  server.GrpcLogAppender (GrpcLogAppender.java:onCompleted(428)) - 936500de-6a46-404e-9e6e-74d5223834e1@group-AD24448A8F24->02e5811a-aac7-41e1-9b10-ccc4a1a85e2b-AppendLogResponseHandler: follower responses appendEntries COMPLETED
2023-08-31 18:18:24,282 [02e5811a-aac7-41e1-9b10-ccc4a1a85e2b-impl-thread2] INFO  server.RaftServer$Division (RaftServerImpl.java:lambda$close$4(466)) - 02e5811a-aac7-41e1-9b10-ccc4a1a85e2b@group-F3FCE5B30E34: shutdown
2023-08-31 18:18:24,282 [grpc-default-executor-4] WARN  server.GrpcLogAppender (GrpcLogAppender.java:resetClient(137)) - 936500de-6a46-404e-9e6e-74d5223834e1@group-AD24448A8F24->02e5811a-aac7-41e1-9b10-ccc4a1a85e2b-GrpcLogAppender: Failed to getClient for 02e5811a-aac7-41e1-9b10-ccc4a1a85e2b
org.apache.ratis.protocol.exceptions.AlreadyClosedException: 936500de-6a46-404e-9e6e-74d5223834e1 is already CLOSED
	at org.apache.ratis.util.PeerProxyMap$PeerAndProxy.getProxy(PeerProxyMap.java:61)
	at org.apache.ratis.util.PeerProxyMap.getProxy(PeerProxyMap.java:115)
	at org.apache.ratis.grpc.server.GrpcLogAppender.getClient(GrpcLogAppender.java:112)
	at org.apache.ratis.grpc.server.GrpcLogAppender.resetClient(GrpcLogAppender.java:117)
	at org.apache.ratis.grpc.server.GrpcLogAppender.access$500(GrpcLogAppender.java:56)
	at org.apache.ratis.grpc.server.GrpcLogAppender$AppendLogResponseHandler.onCompleted(GrpcLogAppender.java:429)
	at org.apache.ratis.thirdparty.io.grpc.stub.ClientCalls$StreamObserverToCallListenerAdapter.onClose(ClientCalls.java:485)
	at org.apache.ratis.thirdparty.io.grpc.internal.ClientCallImpl.closeObserver(ClientCallImpl.java:563)
	at org.apache.ratis.thirdparty.io.grpc.internal.ClientCallImpl.access$300(ClientCallImpl.java:70)
	at org.apache.ratis.thirdparty.io.grpc.internal.ClientCallImpl$ClientStreamListenerImpl$1StreamClosed.runInternal(ClientCallImpl.java:744)
	at org.apache.ratis.thirdparty.io.grpc.internal.ClientCallImpl$ClientStreamListenerImpl$1StreamClosed.runInContext(ClientCallImpl.java:723)
	at org.apache.ratis.thirdparty.io.grpc.internal.ContextRunnable.run(ContextRunnable.java:37)
	at org.apache.ratis.thirdparty.io.grpc.internal.SerializingExecutor.run(SerializingExecutor.java:133)
	at java.util.concurrent.ThreadPoolExecutor.runWorker(ThreadPoolExecutor.java:1149)
	at java.util.concurrent.ThreadPoolExecutor$Worker.run(ThreadPoolExecutor.java:624)
	at java.lang.Thread.run(Thread.java:750)
2023-08-31 18:18:24,282 [02e5811a-aac7-41e1-9b10-ccc4a1a85e2b-impl-thread2] INFO  util.JmxRegister (JmxRegister.java:unregister(73)) - Successfully un-registered JMX Bean with object name Ratis:service=RaftServer,group=group-F3FCE5B30E34,id=02e5811a-aac7-41e1-9b10-ccc4a1a85e2b
2023-08-31 18:18:24,283 [02e5811a-aac7-41e1-9b10-ccc4a1a85e2b-impl-thread2] INFO  impl.RoleInfo (RoleInfo.java:shutdownFollowerState(110)) - 02e5811a-aac7-41e1-9b10-ccc4a1a85e2b: shutdown 02e5811a-aac7-41e1-9b10-ccc4a1a85e2b@group-F3FCE5B30E34-FollowerState
2023-08-31 18:18:24,283 [02e5811a-aac7-41e1-9b10-ccc4a1a85e2b-impl-thread3] INFO  server.RaftServer$Division (RaftServerImpl.java:lambda$close$4(466)) - 02e5811a-aac7-41e1-9b10-ccc4a1a85e2b@group-AD24448A8F24: shutdown
2023-08-31 18:18:24,283 [02e5811a-aac7-41e1-9b10-ccc4a1a85e2b-impl-thread3] INFO  util.JmxRegister (JmxRegister.java:unregister(73)) - Successfully un-registered JMX Bean with object name Ratis:service=RaftServer,group=group-AD24448A8F24,id=02e5811a-aac7-41e1-9b10-ccc4a1a85e2b
2023-08-31 18:18:24,283 [02e5811a-aac7-41e1-9b10-ccc4a1a85e2b-impl-thread3] INFO  impl.RoleInfo (RoleInfo.java:shutdownFollowerState(110)) - 02e5811a-aac7-41e1-9b10-ccc4a1a85e2b: shutdown 02e5811a-aac7-41e1-9b10-ccc4a1a85e2b@group-AD24448A8F24-FollowerState
2023-08-31 18:18:24,284 [ForkJoinPool.commonPool-worker-1] INFO  server.GrpcService (GrpcService.java:closeImpl(311)) - 02e5811a-aac7-41e1-9b10-ccc4a1a85e2b: shutdown server org.apache.ratis.grpc.server.GrpcClientProtocolService now
2023-08-31 18:18:24,278 [grpc-default-executor-6] WARN  server.GrpcClientProtocolService (LogUtils.java:warn(122)) - 5-UnorderedRequestStreamObserver5: onError: org.apache.ratis.thirdparty.io.grpc.StatusRuntimeException: CANCELLED: client cancelled
2023-08-31 18:18:24,298 [a52d6cdf-59e1-461e-b8c6-37ccdacf9b29-impl-thread4] INFO  server.RaftServer$Division (ServerState.java:close(472)) - a52d6cdf-59e1-461e-b8c6-37ccdacf9b29@group-AD24448A8F24: closes. applyIndex: 32
2023-08-31 18:18:24,305 [02e5811a-aac7-41e1-9b10-ccc4a1a85e2b-impl-thread4] INFO  server.RaftServer$Division (RaftServerImpl.java:lambda$close$4(466)) - 02e5811a-aac7-41e1-9b10-ccc4a1a85e2b@group-FFB83B6F05FA: shutdown
2023-08-31 18:18:24,305 [02e5811a-aac7-41e1-9b10-ccc4a1a85e2b-impl-thread4] INFO  util.JmxRegister (JmxRegister.java:unregister(73)) - Successfully un-registered JMX Bean with object name Ratis:service=RaftServer,group=group-FFB83B6F05FA,id=02e5811a-aac7-41e1-9b10-ccc4a1a85e2b
2023-08-31 18:18:24,305 [02e5811a-aac7-41e1-9b10-ccc4a1a85e2b-impl-thread4] INFO  impl.RoleInfo (RoleInfo.java:shutdownLeaderState(93)) - 02e5811a-aac7-41e1-9b10-ccc4a1a85e2b: shutdown 02e5811a-aac7-41e1-9b10-ccc4a1a85e2b@group-FFB83B6F05FA-LeaderStateImpl
2023-08-31 18:18:24,305 [02e5811a-aac7-41e1-9b10-ccc4a1a85e2b-impl-thread4] INFO  impl.PendingRequests (PendingRequests.java:sendNotLeaderResponses(289)) - 02e5811a-aac7-41e1-9b10-ccc4a1a85e2b@group-FFB83B6F05FA-PendingRequests: sendNotLeaderResponses
2023-08-31 18:18:24,306 [02e5811a-aac7-41e1-9b10-ccc4a1a85e2b-impl-thread4] INFO  impl.StateMachineUpdater (StateMachineUpdater.java:stopAndJoin(155)) - 02e5811a-aac7-41e1-9b10-ccc4a1a85e2b@group-FFB83B6F05FA-StateMachineUpdater: set stopIndex = 0
2023-08-31 18:18:24,306 [ForkJoinPool.commonPool-worker-0] INFO  server.GrpcService (GrpcService.java:closeImpl(320)) - a52d6cdf-59e1-461e-b8c6-37ccdacf9b29: shutdown server GrpcServerProtocolService successfully
2023-08-31 18:18:24,306 [ForkJoinPool.commonPool-worker-0] INFO  server.GrpcService (GrpcService.java:closeImpl(311)) - a52d6cdf-59e1-461e-b8c6-37ccdacf9b29: shutdown server org.apache.ratis.grpc.server.GrpcAdminProtocolService now
2023-08-31 18:18:24,307 [grpc-default-executor-2] WARN  server.GrpcServerProtocolService (LogUtils.java:warn(122)) - a52d6cdf-59e1-461e-b8c6-37ccdacf9b29: APPEND_ENTRIES onError, lastRequest: 936500de-6a46-404e-9e6e-74d5223834e1->a52d6cdf-59e1-461e-b8c6-37ccdacf9b29#98-t1,previous=(t:1, i:33),leaderCommit=32,initializing? true,entries: size=1, first=(t:1, i:34), METADATAENTRY(c:32): org.apache.ratis.thirdparty.io.grpc.StatusRuntimeException: CANCELLED: client cancelled
2023-08-31 18:18:24,307 [02e5811a-aac7-41e1-9b10-ccc4a1a85e2b@group-FFB83B6F05FA-StateMachineUpdater] INFO  ratis.ContainerStateMachine (ContainerStateMachine.java:takeSnapshot(330)) - group-FFB83B6F05FA: Taking a snapshot at:(t:1, i:0) file /home/runner/work/ozone/ozone/hadoop-ozone/integration-test/target/test-dir/MiniOzoneClusterImpl-55bfc424-622c-4031-8e27-dd7ab017ec7d/datanode-0/data/ratis/821265b4-3b9e-424b-b601-ffb83b6f05fa/sm/snapshot.1_0
2023-08-31 18:18:24,309 [02e5811a-aac7-41e1-9b10-ccc4a1a85e2b@group-FFB83B6F05FA-StateMachineUpdater] INFO  ratis.ContainerStateMachine (ContainerStateMachine.java:takeSnapshot(341)) - group-FFB83B6F05FA: Finished taking a snapshot at:(t:1, i:0) file:/home/runner/work/ozone/ozone/hadoop-ozone/integration-test/target/test-dir/MiniOzoneClusterImpl-55bfc424-622c-4031-8e27-dd7ab017ec7d/datanode-0/data/ratis/821265b4-3b9e-424b-b601-ffb83b6f05fa/sm/snapshot.1_0 took: 2 ms
2023-08-31 18:18:24,309 [02e5811a-aac7-41e1-9b10-ccc4a1a85e2b-impl-thread3] INFO  impl.StateMachineUpdater (StateMachineUpdater.java:stopAndJoin(155)) - 02e5811a-aac7-41e1-9b10-ccc4a1a85e2b@group-AD24448A8F24-StateMachineUpdater: set stopIndex = 32
2023-08-31 18:18:24,309 [02e5811a-aac7-41e1-9b10-ccc4a1a85e2b-impl-thread2] INFO  impl.StateMachineUpdater (StateMachineUpdater.java:stopAndJoin(155)) - 02e5811a-aac7-41e1-9b10-ccc4a1a85e2b@group-F3FCE5B30E34-StateMachineUpdater: set stopIndex = 0
2023-08-31 18:18:24,309 [02e5811a-aac7-41e1-9b10-ccc4a1a85e2b@group-AD24448A8F24-FollowerState] INFO  impl.FollowerState (FollowerState.java:run(152)) - 02e5811a-aac7-41e1-9b10-ccc4a1a85e2b@group-AD24448A8F24-FollowerState was interrupted
2023-08-31 18:18:24,309 [02e5811a-aac7-41e1-9b10-ccc4a1a85e2b@group-F3FCE5B30E34-FollowerState] INFO  impl.FollowerState (FollowerState.java:run(152)) - 02e5811a-aac7-41e1-9b10-ccc4a1a85e2b@group-F3FCE5B30E34-FollowerState was interrupted
2023-08-31 18:18:24,309 [ForkJoinPool.commonPool-worker-0] INFO  server.GrpcService (GrpcService.java:closeImpl(320)) - a52d6cdf-59e1-461e-b8c6-37ccdacf9b29: shutdown server org.apache.ratis.grpc.server.GrpcAdminProtocolService successfully
2023-08-31 18:18:24,309 [02e5811a-aac7-41e1-9b10-ccc4a1a85e2b@group-AD24448A8F24-StateMachineUpdater] INFO  ratis.ContainerStateMachine (ContainerStateMachine.java:takeSnapshot(330)) - group-AD24448A8F24: Taking a snapshot at:(t:1, i:32) file /home/runner/work/ozone/ozone/hadoop-ozone/integration-test/target/test-dir/MiniOzoneClusterImpl-55bfc424-622c-4031-8e27-dd7ab017ec7d/datanode-0/data/ratis/3e8ab7de-8ede-477e-9526-ad24448a8f24/sm/snapshot.1_32
2023-08-31 18:18:24,309 [02e5811a-aac7-41e1-9b10-ccc4a1a85e2b@group-FFB83B6F05FA-StateMachineUpdater] INFO  impl.StateMachineUpdater (StateMachineUpdater.java:takeSnapshot(291)) - 02e5811a-aac7-41e1-9b10-ccc4a1a85e2b@group-FFB83B6F05FA-StateMachineUpdater: Took a snapshot at index 0
2023-08-31 18:18:24,338 [02e5811a-aac7-41e1-9b10-ccc4a1a85e2b@group-FFB83B6F05FA-StateMachineUpdater] INFO  impl.StateMachineUpdater (StateMachineUpdater.java:lambda$new$0(97)) - 02e5811a-aac7-41e1-9b10-ccc4a1a85e2b@group-FFB83B6F05FA-StateMachineUpdater: snapshotIndex: updateIncreasingly -1 -> 0
2023-08-31 18:18:24,338 [02e5811a-aac7-41e1-9b10-ccc4a1a85e2b-impl-thread4] INFO  server.RaftServer$Division (ServerState.java:close(472)) - 02e5811a-aac7-41e1-9b10-ccc4a1a85e2b@group-FFB83B6F05FA: closes. applyIndex: 0
2023-08-31 18:18:24,338 [a52d6cdf-59e1-461e-b8c6-37ccdacf9b29-NettyServerStreamRpc-bossGroup--thread1] INFO  logging.LoggingHandler (AbstractInternalLogger.java:log(148)) - [id: 0x40750e5f, L:/0:0:0:0:0:0:0:0:15024] CLOSE
2023-08-31 18:18:24,338 [a52d6cdf-59e1-461e-b8c6-37ccdacf9b29-NettyServerStreamRpc-bossGroup--thread1] INFO  logging.LoggingHandler (AbstractInternalLogger.java:log(148)) - [id: 0x40750e5f, L:/0:0:0:0:0:0:0:0:15024] INACTIVE
2023-08-31 18:18:24,338 [a52d6cdf-59e1-461e-b8c6-37ccdacf9b29-NettyServerStreamRpc-bossGroup--thread1] INFO  logging.LoggingHandler (AbstractInternalLogger.java:log(148)) - [id: 0x40750e5f, L:/0:0:0:0:0:0:0:0:15024] UNREGISTERED
2023-08-31 18:18:24,327 [936500de-6a46-404e-9e6e-74d5223834e1-impl-thread4] INFO  server.RaftServer$Division (ServerState.java:close(472)) - 936500de-6a46-404e-9e6e-74d5223834e1@group-AD24448A8F24: closes. applyIndex: 34
2023-08-31 18:18:24,341 [grpc-default-executor-2] INFO  server.GrpcLogAppender (GrpcLogAppender.java:onError(417)) - 936500de-6a46-404e-9e6e-74d5223834e1@group-AD24448A8F24->a52d6cdf-59e1-461e-b8c6-37ccdacf9b29-GrpcLogAppender is already stopped
2023-08-31 18:18:24,337 [02e5811a-aac7-41e1-9b10-ccc4a1a85e2b@group-AD24448A8F24-StateMachineUpdater] INFO  ratis.ContainerStateMachine (ContainerStateMachine.java:takeSnapshot(341)) - group-AD24448A8F24: Finished taking a snapshot at:(t:1, i:32) file:/home/runner/work/ozone/ozone/hadoop-ozone/integration-test/target/test-dir/MiniOzoneClusterImpl-55bfc424-622c-4031-8e27-dd7ab017ec7d/datanode-0/data/ratis/3e8ab7de-8ede-477e-9526-ad24448a8f24/sm/snapshot.1_32 took: 28 ms
2023-08-31 18:18:24,341 [02e5811a-aac7-41e1-9b10-ccc4a1a85e2b@group-AD24448A8F24-StateMachineUpdater] INFO  impl.StateMachineUpdater (StateMachineUpdater.java:takeSnapshot(291)) - 02e5811a-aac7-41e1-9b10-ccc4a1a85e2b@group-AD24448A8F24-StateMachineUpdater: Took a snapshot at index 32
2023-08-31 18:18:24,341 [02e5811a-aac7-41e1-9b10-ccc4a1a85e2b@group-AD24448A8F24-StateMachineUpdater] INFO  impl.StateMachineUpdater (StateMachineUpdater.java:lambda$new$0(97)) - 02e5811a-aac7-41e1-9b10-ccc4a1a85e2b@group-AD24448A8F24-StateMachineUpdater: snapshotIndex: updateIncreasingly -1 -> 32
2023-08-31 18:18:24,337 [main] INFO  server.GrpcService (GrpcService.java:closeImpl(320)) - 936500de-6a46-404e-9e6e-74d5223834e1: shutdown server org.apache.ratis.grpc.server.GrpcClientProtocolService successfully
2023-08-31 18:18:24,342 [main] INFO  server.GrpcService (GrpcService.java:closeImpl(311)) - 936500de-6a46-404e-9e6e-74d5223834e1: shutdown server GrpcServerProtocolService now
2023-08-31 18:18:24,332 [936500de-6a46-404e-9e6e-74d5223834e1-impl-thread2] INFO  segmented.SegmentedRaftLogWorker (SegmentedRaftLogWorker.java:close(252)) - 936500de-6a46-404e-9e6e-74d5223834e1@group-F3FCE5B30E34-SegmentedRaftLogWorker close()
2023-08-31 18:18:24,327 [Thread-546] INFO  server.GrpcServerProtocolClient (GrpcServerProtocolClient.java:close(103)) - a52d6cdf-59e1-461e-b8c6-37ccdacf9b29 Close channels
2023-08-31 18:18:24,327 [Thread-543] INFO  server.GrpcServerProtocolClient (GrpcServerProtocolClient.java:close(103)) - 936500de-6a46-404e-9e6e-74d5223834e1 Close channels
2023-08-31 18:18:24,345 [02e5811a-aac7-41e1-9b10-ccc4a1a85e2b@group-F3FCE5B30E34-StateMachineUpdater] INFO  ratis.ContainerStateMachine (ContainerStateMachine.java:takeSnapshot(330)) - group-F3FCE5B30E34: Taking a snapshot at:(t:1, i:0) file /home/runner/work/ozone/ozone/hadoop-ozone/integration-test/target/test-dir/MiniOzoneClusterImpl-55bfc424-622c-4031-8e27-dd7ab017ec7d/datanode-0/data/ratis/a87fd1d9-e5bf-477b-885a-f3fce5b30e34/sm/snapshot.1_0
2023-08-31 18:18:24,346 [02e5811a-aac7-41e1-9b10-ccc4a1a85e2b@group-F3FCE5B30E34-StateMachineUpdater] INFO  ratis.ContainerStateMachine (ContainerStateMachine.java:takeSnapshot(341)) - group-F3FCE5B30E34: Finished taking a snapshot at:(t:1, i:0) file:/home/runner/work/ozone/ozone/hadoop-ozone/integration-test/target/test-dir/MiniOzoneClusterImpl-55bfc424-622c-4031-8e27-dd7ab017ec7d/datanode-0/data/ratis/a87fd1d9-e5bf-477b-885a-f3fce5b30e34/sm/snapshot.1_0 took: 1 ms
2023-08-31 18:18:24,347 [02e5811a-aac7-41e1-9b10-ccc4a1a85e2b@group-F3FCE5B30E34-StateMachineUpdater] INFO  impl.StateMachineUpdater (StateMachineUpdater.java:takeSnapshot(291)) - 02e5811a-aac7-41e1-9b10-ccc4a1a85e2b@group-F3FCE5B30E34-StateMachineUpdater: Took a snapshot at index 0
2023-08-31 18:18:24,347 [02e5811a-aac7-41e1-9b10-ccc4a1a85e2b@group-F3FCE5B30E34-StateMachineUpdater] INFO  impl.StateMachineUpdater (StateMachineUpdater.java:lambda$new$0(97)) - 02e5811a-aac7-41e1-9b10-ccc4a1a85e2b@group-F3FCE5B30E34-StateMachineUpdater: snapshotIndex: updateIncreasingly -1 -> 0
2023-08-31 18:18:24,347 [02e5811a-aac7-41e1-9b10-ccc4a1a85e2b-impl-thread2] INFO  server.RaftServer$Division (ServerState.java:close(472)) - 02e5811a-aac7-41e1-9b10-ccc4a1a85e2b@group-F3FCE5B30E34: closes. applyIndex: 0
2023-08-31 18:18:24,357 [02e5811a-aac7-41e1-9b10-ccc4a1a85e2b-impl-thread3] INFO  server.RaftServer$Division (ServerState.java:close(472)) - 02e5811a-aac7-41e1-9b10-ccc4a1a85e2b@group-AD24448A8F24: closes. applyIndex: 32
2023-08-31 18:18:24,358 [a52d6cdf-59e1-461e-b8c6-37ccdacf9b29-impl-thread3] INFO  segmented.SegmentedRaftLogWorker (SegmentedRaftLogWorker.java:close(252)) - a52d6cdf-59e1-461e-b8c6-37ccdacf9b29@group-EC8738930162-SegmentedRaftLogWorker close()
2023-08-31 18:18:24,364 [ForkJoinPool.commonPool-worker-2] INFO  ozoneimpl.OzoneContainer (OzoneContainer.java:stop(451)) - Attempting to stop container services.
2023-08-31 18:18:24,364 [ForkJoinPool.commonPool-worker-1] INFO  server.GrpcService (GrpcService.java:closeImpl(320)) - 02e5811a-aac7-41e1-9b10-ccc4a1a85e2b: shutdown server org.apache.ratis.grpc.server.GrpcClientProtocolService successfully
2023-08-31 18:18:24,365 [ForkJoinPool.commonPool-worker-1] INFO  server.GrpcService (GrpcService.java:closeImpl(311)) - 02e5811a-aac7-41e1-9b10-ccc4a1a85e2b: shutdown server GrpcServerProtocolService now
2023-08-31 18:18:24,365 [main] INFO  server.GrpcService (GrpcService.java:closeImpl(320)) - 936500de-6a46-404e-9e6e-74d5223834e1: shutdown server GrpcServerProtocolService successfully
2023-08-31 18:18:24,365 [main] INFO  server.GrpcService (GrpcService.java:closeImpl(311)) - 936500de-6a46-404e-9e6e-74d5223834e1: shutdown server org.apache.ratis.grpc.server.GrpcAdminProtocolService now
2023-08-31 18:18:24,376 [ForkJoinPool.commonPool-worker-2] INFO  server.RaftServer (RaftServerProxy.java:lambda$close$6(416)) - af03fb12-d9eb-460d-bf82-fc984684bc2c: close
2023-08-31 18:18:24,377 [main] INFO  server.GrpcService (GrpcService.java:closeImpl(320)) - 936500de-6a46-404e-9e6e-74d5223834e1: shutdown server org.apache.ratis.grpc.server.GrpcAdminProtocolService successfully
2023-08-31 18:18:24,377 [ForkJoinPool.commonPool-worker-1] INFO  server.GrpcService (GrpcService.java:closeImpl(320)) - 02e5811a-aac7-41e1-9b10-ccc4a1a85e2b: shutdown server GrpcServerProtocolService successfully
2023-08-31 18:18:24,377 [ForkJoinPool.commonPool-worker-1] INFO  server.GrpcService (GrpcService.java:closeImpl(311)) - 02e5811a-aac7-41e1-9b10-ccc4a1a85e2b: shutdown server org.apache.ratis.grpc.server.GrpcAdminProtocolService now
2023-08-31 18:18:24,378 [936500de-6a46-404e-9e6e-74d5223834e1-NettyServerStreamRpc-bossGroup--thread1] INFO  logging.LoggingHandler (AbstractInternalLogger.java:log(148)) - [id: 0xe489b819, L:/0:0:0:0:0:0:0:0:15033] CLOSE
2023-08-31 18:18:24,378 [936500de-6a46-404e-9e6e-74d5223834e1-NettyServerStreamRpc-bossGroup--thread1] INFO  logging.LoggingHandler (AbstractInternalLogger.java:log(148)) - [id: 0xe489b819, L:/0:0:0:0:0:0:0:0:15033] INACTIVE
2023-08-31 18:18:24,378 [936500de-6a46-404e-9e6e-74d5223834e1-NettyServerStreamRpc-bossGroup--thread1] INFO  logging.LoggingHandler (AbstractInternalLogger.java:log(148)) - [id: 0xe489b819, L:/0:0:0:0:0:0:0:0:15033] UNREGISTERED
2023-08-31 18:18:24,379 [ForkJoinPool.commonPool-worker-2] INFO  server.GrpcService (GrpcService.java:closeImpl(311)) - af03fb12-d9eb-460d-bf82-fc984684bc2c: shutdown server org.apache.ratis.grpc.server.GrpcClientProtocolService now
2023-08-31 18:18:24,380 [af03fb12-d9eb-460d-bf82-fc984684bc2c-impl-thread2] INFO  server.RaftServer$Division (RaftServerImpl.java:lambda$close$4(466)) - af03fb12-d9eb-460d-bf82-fc984684bc2c@group-8473D44464F5: shutdown
2023-08-31 18:18:24,380 [af03fb12-d9eb-460d-bf82-fc984684bc2c-impl-thread2] INFO  util.JmxRegister (JmxRegister.java:unregister(73)) - Successfully un-registered JMX Bean with object name Ratis:service=RaftServer,group=group-8473D44464F5,id=af03fb12-d9eb-460d-bf82-fc984684bc2c
2023-08-31 18:18:24,380 [af03fb12-d9eb-460d-bf82-fc984684bc2c-impl-thread2] INFO  impl.RoleInfo (RoleInfo.java:shutdownLeaderState(93)) - af03fb12-d9eb-460d-bf82-fc984684bc2c: shutdown af03fb12-d9eb-460d-bf82-fc984684bc2c@group-8473D44464F5-LeaderStateImpl
2023-08-31 18:18:24,380 [af03fb12-d9eb-460d-bf82-fc984684bc2c-impl-thread2] INFO  impl.PendingRequests (PendingRequests.java:sendNotLeaderResponses(289)) - af03fb12-d9eb-460d-bf82-fc984684bc2c@group-8473D44464F5-PendingRequests: sendNotLeaderResponses
2023-08-31 18:18:24,380 [af03fb12-d9eb-460d-bf82-fc984684bc2c-impl-thread2] INFO  impl.StateMachineUpdater (StateMachineUpdater.java:stopAndJoin(155)) - af03fb12-d9eb-460d-bf82-fc984684bc2c@group-8473D44464F5-StateMachineUpdater: set stopIndex = 0
2023-08-31 18:18:24,381 [af03fb12-d9eb-460d-bf82-fc984684bc2c@group-8473D44464F5-StateMachineUpdater] INFO  ratis.ContainerStateMachine (ContainerStateMachine.java:takeSnapshot(330)) - group-8473D44464F5: Taking a snapshot at:(t:1, i:0) file /home/runner/work/ozone/ozone/hadoop-ozone/integration-test/target/test-dir/MiniOzoneClusterImpl-55bfc424-622c-4031-8e27-dd7ab017ec7d/datanode-4/data/ratis/87b40cae-f573-4bfc-8f34-8473d44464f5/sm/snapshot.1_0
2023-08-31 18:18:24,381 [ForkJoinPool.commonPool-worker-2] INFO  server.GrpcService (GrpcService.java:closeImpl(320)) - af03fb12-d9eb-460d-bf82-fc984684bc2c: shutdown server org.apache.ratis.grpc.server.GrpcClientProtocolService successfully
2023-08-31 18:18:24,381 [ForkJoinPool.commonPool-worker-2] INFO  server.GrpcService (GrpcService.java:closeImpl(311)) - af03fb12-d9eb-460d-bf82-fc984684bc2c: shutdown server GrpcServerProtocolService now
2023-08-31 18:18:24,406 [af03fb12-d9eb-460d-bf82-fc984684bc2c@group-8473D44464F5-StateMachineUpdater] INFO  ratis.ContainerStateMachine (ContainerStateMachine.java:takeSnapshot(341)) - group-8473D44464F5: Finished taking a snapshot at:(t:1, i:0) file:/home/runner/work/ozone/ozone/hadoop-ozone/integration-test/target/test-dir/MiniOzoneClusterImpl-55bfc424-622c-4031-8e27-dd7ab017ec7d/datanode-4/data/ratis/87b40cae-f573-4bfc-8f34-8473d44464f5/sm/snapshot.1_0 took: 25 ms
2023-08-31 18:18:24,406 [af03fb12-d9eb-460d-bf82-fc984684bc2c@group-8473D44464F5-StateMachineUpdater] INFO  impl.StateMachineUpdater (StateMachineUpdater.java:takeSnapshot(291)) - af03fb12-d9eb-460d-bf82-fc984684bc2c@group-8473D44464F5-StateMachineUpdater: Took a snapshot at index 0
2023-08-31 18:18:24,406 [af03fb12-d9eb-460d-bf82-fc984684bc2c@group-8473D44464F5-StateMachineUpdater] INFO  impl.StateMachineUpdater (StateMachineUpdater.java:lambda$new$0(97)) - af03fb12-d9eb-460d-bf82-fc984684bc2c@group-8473D44464F5-StateMachineUpdater: snapshotIndex: updateIncreasingly -1 -> 0
2023-08-31 18:18:24,406 [af03fb12-d9eb-460d-bf82-fc984684bc2c-impl-thread2] INFO  server.RaftServer$Division (ServerState.java:close(472)) - af03fb12-d9eb-460d-bf82-fc984684bc2c@group-8473D44464F5: closes. applyIndex: 0
2023-08-31 18:18:24,421 [ForkJoinPool.commonPool-worker-1] INFO  server.GrpcService (GrpcService.java:closeImpl(320)) - 02e5811a-aac7-41e1-9b10-ccc4a1a85e2b: shutdown server org.apache.ratis.grpc.server.GrpcAdminProtocolService successfully
2023-08-31 18:18:24,421 [ForkJoinPool.commonPool-worker-2] INFO  server.GrpcService (GrpcService.java:closeImpl(320)) - af03fb12-d9eb-460d-bf82-fc984684bc2c: shutdown server GrpcServerProtocolService successfully
2023-08-31 18:18:24,421 [02e5811a-aac7-41e1-9b10-ccc4a1a85e2b-NettyServerStreamRpc-bossGroup--thread1] INFO  logging.LoggingHandler (AbstractInternalLogger.java:log(148)) - [id: 0x361165c1, L:/0:0:0:0:0:0:0:0:15015] CLOSE
2023-08-31 18:18:24,421 [ForkJoinPool.commonPool-worker-2] INFO  server.GrpcService (GrpcService.java:closeImpl(311)) - af03fb12-d9eb-460d-bf82-fc984684bc2c: shutdown server org.apache.ratis.grpc.server.GrpcAdminProtocolService now
2023-08-31 18:18:24,422 [02e5811a-aac7-41e1-9b10-ccc4a1a85e2b-NettyServerStreamRpc-bossGroup--thread1] INFO  logging.LoggingHandler (AbstractInternalLogger.java:log(148)) - [id: 0x361165c1, L:/0:0:0:0:0:0:0:0:15015] INACTIVE
2023-08-31 18:18:24,422 [02e5811a-aac7-41e1-9b10-ccc4a1a85e2b-NettyServerStreamRpc-bossGroup--thread1] INFO  logging.LoggingHandler (AbstractInternalLogger.java:log(148)) - [id: 0x361165c1, L:/0:0:0:0:0:0:0:0:15015] UNREGISTERED
2023-08-31 18:18:24,441 [ForkJoinPool.commonPool-worker-2] INFO  server.GrpcService (GrpcService.java:closeImpl(320)) - af03fb12-d9eb-460d-bf82-fc984684bc2c: shutdown server org.apache.ratis.grpc.server.GrpcAdminProtocolService successfully
2023-08-31 18:18:24,441 [af03fb12-d9eb-460d-bf82-fc984684bc2c-NettyServerStreamRpc-bossGroup--thread1] INFO  logging.LoggingHandler (AbstractInternalLogger.java:log(148)) - [id: 0x4edce64e, L:/0:0:0:0:0:0:0:0:15051] CLOSE
2023-08-31 18:18:24,441 [af03fb12-d9eb-460d-bf82-fc984684bc2c-NettyServerStreamRpc-bossGroup--thread1] INFO  logging.LoggingHandler (AbstractInternalLogger.java:log(148)) - [id: 0x4edce64e, L:/0:0:0:0:0:0:0:0:15051] INACTIVE
2023-08-31 18:18:24,441 [af03fb12-d9eb-460d-bf82-fc984684bc2c-NettyServerStreamRpc-bossGroup--thread1] INFO  logging.LoggingHandler (AbstractInternalLogger.java:log(148)) - [id: 0x4edce64e, L:/0:0:0:0:0:0:0:0:15051] UNREGISTERED
2023-08-31 18:18:24,490 [ForkJoinPool.commonPool-worker-3] INFO  ozoneimpl.OzoneContainer (OzoneContainer.java:stop(451)) - Attempting to stop container services.
2023-08-31 18:18:24,501 [ForkJoinPool.commonPool-worker-3] INFO  server.RaftServer (RaftServerProxy.java:lambda$close$6(416)) - 31d6a482-7e3d-487d-933c-c96d7f47fcbe: close
2023-08-31 18:18:24,501 [ForkJoinPool.commonPool-worker-3] INFO  server.GrpcService (GrpcService.java:closeImpl(311)) - 31d6a482-7e3d-487d-933c-c96d7f47fcbe: shutdown server org.apache.ratis.grpc.server.GrpcClientProtocolService now
2023-08-31 18:18:24,505 [31d6a482-7e3d-487d-933c-c96d7f47fcbe-impl-thread2] INFO  server.RaftServer$Division (RaftServerImpl.java:lambda$close$4(466)) - 31d6a482-7e3d-487d-933c-c96d7f47fcbe@group-AA7AD5F51BD0: shutdown
2023-08-31 18:18:24,505 [31d6a482-7e3d-487d-933c-c96d7f47fcbe-impl-thread2] INFO  util.JmxRegister (JmxRegister.java:unregister(73)) - Successfully un-registered JMX Bean with object name Ratis:service=RaftServer,group=group-AA7AD5F51BD0,id=31d6a482-7e3d-487d-933c-c96d7f47fcbe
2023-08-31 18:18:24,505 [31d6a482-7e3d-487d-933c-c96d7f47fcbe-impl-thread2] INFO  impl.RoleInfo (RoleInfo.java:shutdownLeaderState(93)) - 31d6a482-7e3d-487d-933c-c96d7f47fcbe: shutdown 31d6a482-7e3d-487d-933c-c96d7f47fcbe@group-AA7AD5F51BD0-LeaderStateImpl
2023-08-31 18:18:24,505 [31d6a482-7e3d-487d-933c-c96d7f47fcbe-impl-thread2] INFO  impl.PendingRequests (PendingRequests.java:sendNotLeaderResponses(289)) - 31d6a482-7e3d-487d-933c-c96d7f47fcbe@group-AA7AD5F51BD0-PendingRequests: sendNotLeaderResponses
2023-08-31 18:18:24,506 [31d6a482-7e3d-487d-933c-c96d7f47fcbe-impl-thread2] INFO  impl.StateMachineUpdater (StateMachineUpdater.java:stopAndJoin(155)) - 31d6a482-7e3d-487d-933c-c96d7f47fcbe@group-AA7AD5F51BD0-StateMachineUpdater: set stopIndex = 0
2023-08-31 18:18:24,506 [31d6a482-7e3d-487d-933c-c96d7f47fcbe@group-AA7AD5F51BD0-StateMachineUpdater] INFO  ratis.ContainerStateMachine (ContainerStateMachine.java:takeSnapshot(330)) - group-AA7AD5F51BD0: Taking a snapshot at:(t:1, i:0) file /home/runner/work/ozone/ozone/hadoop-ozone/integration-test/target/test-dir/MiniOzoneClusterImpl-55bfc424-622c-4031-8e27-dd7ab017ec7d/datanode-3/data/ratis/dd90c23d-1b26-4193-b6f6-aa7ad5f51bd0/sm/snapshot.1_0
2023-08-31 18:18:24,508 [31d6a482-7e3d-487d-933c-c96d7f47fcbe@group-AA7AD5F51BD0-StateMachineUpdater] INFO  ratis.ContainerStateMachine (ContainerStateMachine.java:takeSnapshot(341)) - group-AA7AD5F51BD0: Finished taking a snapshot at:(t:1, i:0) file:/home/runner/work/ozone/ozone/hadoop-ozone/integration-test/target/test-dir/MiniOzoneClusterImpl-55bfc424-622c-4031-8e27-dd7ab017ec7d/datanode-3/data/ratis/dd90c23d-1b26-4193-b6f6-aa7ad5f51bd0/sm/snapshot.1_0 took: 1 ms
2023-08-31 18:18:24,508 [31d6a482-7e3d-487d-933c-c96d7f47fcbe@group-AA7AD5F51BD0-StateMachineUpdater] INFO  impl.StateMachineUpdater (StateMachineUpdater.java:takeSnapshot(291)) - 31d6a482-7e3d-487d-933c-c96d7f47fcbe@group-AA7AD5F51BD0-StateMachineUpdater: Took a snapshot at index 0
2023-08-31 18:18:24,508 [31d6a482-7e3d-487d-933c-c96d7f47fcbe@group-AA7AD5F51BD0-StateMachineUpdater] INFO  impl.StateMachineUpdater (StateMachineUpdater.java:lambda$new$0(97)) - 31d6a482-7e3d-487d-933c-c96d7f47fcbe@group-AA7AD5F51BD0-StateMachineUpdater: snapshotIndex: updateIncreasingly -1 -> 0
2023-08-31 18:18:24,512 [31d6a482-7e3d-487d-933c-c96d7f47fcbe-impl-thread2] INFO  server.RaftServer$Division (ServerState.java:close(472)) - 31d6a482-7e3d-487d-933c-c96d7f47fcbe@group-AA7AD5F51BD0: closes. applyIndex: 0
2023-08-31 18:18:24,519 [ForkJoinPool.commonPool-worker-3] INFO  server.GrpcService (GrpcService.java:closeImpl(320)) - 31d6a482-7e3d-487d-933c-c96d7f47fcbe: shutdown server org.apache.ratis.grpc.server.GrpcClientProtocolService successfully
2023-08-31 18:18:24,519 [ForkJoinPool.commonPool-worker-3] INFO  server.GrpcService (GrpcService.java:closeImpl(311)) - 31d6a482-7e3d-487d-933c-c96d7f47fcbe: shutdown server GrpcServerProtocolService now
2023-08-31 18:18:24,525 [ForkJoinPool.commonPool-worker-3] INFO  server.GrpcService (GrpcService.java:closeImpl(320)) - 31d6a482-7e3d-487d-933c-c96d7f47fcbe: shutdown server GrpcServerProtocolService successfully
2023-08-31 18:18:24,525 [ForkJoinPool.commonPool-worker-3] INFO  server.GrpcService (GrpcService.java:closeImpl(311)) - 31d6a482-7e3d-487d-933c-c96d7f47fcbe: shutdown server org.apache.ratis.grpc.server.GrpcAdminProtocolService now
2023-08-31 18:18:24,543 [ForkJoinPool.commonPool-worker-3] INFO  server.GrpcService (GrpcService.java:closeImpl(320)) - 31d6a482-7e3d-487d-933c-c96d7f47fcbe: shutdown server org.apache.ratis.grpc.server.GrpcAdminProtocolService successfully
2023-08-31 18:18:24,544 [31d6a482-7e3d-487d-933c-c96d7f47fcbe-NettyServerStreamRpc-bossGroup--thread1] INFO  logging.LoggingHandler (AbstractInternalLogger.java:log(148)) - [id: 0x2254f187, L:/0:0:0:0:0:0:0:0:15042] CLOSE
2023-08-31 18:18:24,544 [31d6a482-7e3d-487d-933c-c96d7f47fcbe-NettyServerStreamRpc-bossGroup--thread1] INFO  logging.LoggingHandler (AbstractInternalLogger.java:log(148)) - [id: 0x2254f187, L:/0:0:0:0:0:0:0:0:15042] INACTIVE
2023-08-31 18:18:24,544 [31d6a482-7e3d-487d-933c-c96d7f47fcbe-NettyServerStreamRpc-bossGroup--thread1] INFO  logging.LoggingHandler (AbstractInternalLogger.java:log(148)) - [id: 0x2254f187, L:/0:0:0:0:0:0:0:0:15042] UNREGISTERED
2023-08-31 18:18:24,924 [936500de-6a46-404e-9e6e-74d5223834e1-impl-thread3] INFO  segmented.SegmentedRaftLogWorker (SegmentedRaftLogWorker.java:close(252)) - 936500de-6a46-404e-9e6e-74d5223834e1@group-416B23F882A5-SegmentedRaftLogWorker close()
2023-08-31 18:18:24,929 [02e5811a-aac7-41e1-9b10-ccc4a1a85e2b-impl-thread4] INFO  segmented.SegmentedRaftLogWorker (SegmentedRaftLogWorker.java:close(252)) - 02e5811a-aac7-41e1-9b10-ccc4a1a85e2b@group-FFB83B6F05FA-SegmentedRaftLogWorker close()
2023-08-31 18:18:24,937 [a52d6cdf-59e1-461e-b8c6-37ccdacf9b29-impl-thread2] INFO  segmented.SegmentedRaftLogWorker (SegmentedRaftLogWorker.java:close(252)) - a52d6cdf-59e1-461e-b8c6-37ccdacf9b29@group-F3FCE5B30E34-SegmentedRaftLogWorker close()
2023-08-31 18:18:24,947 [936500de-6a46-404e-9e6e-74d5223834e1-impl-thread4] INFO  segmented.SegmentedRaftLogWorker (SegmentedRaftLogWorker.java:close(252)) - 936500de-6a46-404e-9e6e-74d5223834e1@group-AD24448A8F24-SegmentedRaftLogWorker close()
2023-08-31 18:18:24,949 [JvmPauseMonitor4] INFO  util.JvmPauseMonitor (JvmPauseMonitor.java:run(109)) - JvmPauseMonitor-936500de-6a46-404e-9e6e-74d5223834e1: Stopped
2023-08-31 18:18:24,983 [02e5811a-aac7-41e1-9b10-ccc4a1a85e2b-impl-thread3] INFO  segmented.SegmentedRaftLogWorker (SegmentedRaftLogWorker.java:close(252)) - 02e5811a-aac7-41e1-9b10-ccc4a1a85e2b@group-AD24448A8F24-SegmentedRaftLogWorker close()
2023-08-31 18:18:24,986 [a52d6cdf-59e1-461e-b8c6-37ccdacf9b29-impl-thread4] INFO  segmented.SegmentedRaftLogWorker (SegmentedRaftLogWorker.java:close(252)) - a52d6cdf-59e1-461e-b8c6-37ccdacf9b29@group-AD24448A8F24-SegmentedRaftLogWorker close()
2023-08-31 18:18:24,988 [JvmPauseMonitor3] INFO  util.JvmPauseMonitor (JvmPauseMonitor.java:run(109)) - JvmPauseMonitor-a52d6cdf-59e1-461e-b8c6-37ccdacf9b29: Stopped
2023-08-31 18:18:25,303 [31d6a482-7e3d-487d-933c-c96d7f47fcbe-impl-thread2] INFO  segmented.SegmentedRaftLogWorker (SegmentedRaftLogWorker.java:close(252)) - 31d6a482-7e3d-487d-933c-c96d7f47fcbe@group-AA7AD5F51BD0-SegmentedRaftLogWorker close()
2023-08-31 18:18:25,306 [JvmPauseMonitor5] INFO  util.JvmPauseMonitor (JvmPauseMonitor.java:run(109)) - JvmPauseMonitor-31d6a482-7e3d-487d-933c-c96d7f47fcbe: Stopped
2023-08-31 18:18:25,307 [02e5811a-aac7-41e1-9b10-ccc4a1a85e2b-impl-thread2] INFO  segmented.SegmentedRaftLogWorker (SegmentedRaftLogWorker.java:close(252)) - 02e5811a-aac7-41e1-9b10-ccc4a1a85e2b@group-F3FCE5B30E34-SegmentedRaftLogWorker close()
2023-08-31 18:18:25,311 [JvmPauseMonitor2] INFO  util.JvmPauseMonitor (JvmPauseMonitor.java:run(109)) - JvmPauseMonitor-02e5811a-aac7-41e1-9b10-ccc4a1a85e2b: Stopped
2023-08-31 18:18:25,345 [af03fb12-d9eb-460d-bf82-fc984684bc2c-impl-thread2] INFO  segmented.SegmentedRaftLogWorker (SegmentedRaftLogWorker.java:close(252)) - af03fb12-d9eb-460d-bf82-fc984684bc2c@group-8473D44464F5-SegmentedRaftLogWorker close()
2023-08-31 18:18:25,346 [JvmPauseMonitor6] INFO  util.JvmPauseMonitor (JvmPauseMonitor.java:run(109)) - JvmPauseMonitor-af03fb12-d9eb-460d-bf82-fc984684bc2c: Stopped
2023-08-31 18:18:26,976 [main] INFO  utils.DatanodeStoreCache (DatanodeStoreCache.java:shutdownCache(110)) - Skip clearing cache in mini cluster mode. Entries left: [/home/runner/work/ozone/ozone/hadoop-ozone/integration-test/target/test-dir/MiniOzoneClusterImpl-55bfc424-622c-4031-8e27-dd7ab017ec7d/datanode-0/data-0/containers/hdds/55bfc424-622c-4031-8e27-dd7ab017ec7d/DS-23a48011-b77a-4edd-8f7e-bdb7b0d7dc4e/container.db, /home/runner/work/ozone/ozone/hadoop-ozone/integration-test/target/test-dir/MiniOzoneClusterImpl-55bfc424-622c-4031-8e27-dd7ab017ec7d/datanode-1/data-0/containers/hdds/55bfc424-622c-4031-8e27-dd7ab017ec7d/DS-312bb386-3e0e-47b5-abaa-e484e08a881f/container.db, /home/runner/work/ozone/ozone/hadoop-ozone/integration-test/target/test-dir/MiniOzoneClusterImpl-55bfc424-622c-4031-8e27-dd7ab017ec7d/datanode-2/data-0/containers/hdds/55bfc424-622c-4031-8e27-dd7ab017ec7d/DS-98ac1cdf-c545-45a7-908d-6d26f540797f/container.db, /home/runner/work/ozone/ozone/hadoop-ozone/integration-test/target/test-dir/MiniOzoneClusterImpl-55bfc424-622c-4031-8e27-dd7ab017ec7d/datanode-3/data-0/containers/hdds/55bfc424-622c-4031-8e27-dd7ab017ec7d/DS-bef8dc19-738f-4a27-adb1-0208bcaa8f41/container.db, /home/runner/work/ozone/ozone/hadoop-ozone/integration-test/target/test-dir/MiniOzoneClusterImpl-55bfc424-622c-4031-8e27-dd7ab017ec7d/datanode-4/data-0/containers/hdds/55bfc424-622c-4031-8e27-dd7ab017ec7d/DS-13552368-cecf-4e26-bf2f-6d6bb71ad2d2/container.db]
2023-08-31 18:18:26,983 [main] INFO  utils.DatanodeStoreCache (DatanodeStoreCache.java:removeDB(104)) - Removed db /home/runner/work/ozone/ozone/hadoop-ozone/integration-test/target/test-dir/MiniOzoneClusterImpl-55bfc424-622c-4031-8e27-dd7ab017ec7d/datanode-2/data-0/containers/hdds/55bfc424-622c-4031-8e27-dd7ab017ec7d/DS-98ac1cdf-c545-45a7-908d-6d26f540797f/container.db from cache
2023-08-31 18:18:26,984 [main] INFO  volume.HddsVolume (HddsVolume.java:closeDbStore(453)) - SchemaV3 db is stopped at /home/runner/work/ozone/ozone/hadoop-ozone/integration-test/target/test-dir/MiniOzoneClusterImpl-55bfc424-622c-4031-8e27-dd7ab017ec7d/datanode-2/data-0/containers/hdds/55bfc424-622c-4031-8e27-dd7ab017ec7d/DS-98ac1cdf-c545-45a7-908d-6d26f540797f/container.db for volume DS-98ac1cdf-c545-45a7-908d-6d26f540797f
2023-08-31 18:18:26,984 [main] INFO  utils.BackgroundService (BackgroundService.java:shutdown(141)) - Shutting down service BlockDeletingService
2023-08-31 18:18:26,985 [main] INFO  utils.BackgroundService (BackgroundService.java:shutdown(141)) - Shutting down service StaleRecoveringContainerScrubbingService
2023-08-31 18:18:26,986 [main] INFO  statemachine.DatanodeStateMachine (DatanodeStateMachine.java:stopDaemon(620)) - Ozone container server stopped.
2023-08-31 18:18:26,994 [ForkJoinPool.commonPool-worker-0] INFO  utils.DatanodeStoreCache (DatanodeStoreCache.java:shutdownCache(110)) - Skip clearing cache in mini cluster mode. Entries left: [/home/runner/work/ozone/ozone/hadoop-ozone/integration-test/target/test-dir/MiniOzoneClusterImpl-55bfc424-622c-4031-8e27-dd7ab017ec7d/datanode-0/data-0/containers/hdds/55bfc424-622c-4031-8e27-dd7ab017ec7d/DS-23a48011-b77a-4edd-8f7e-bdb7b0d7dc4e/container.db, /home/runner/work/ozone/ozone/hadoop-ozone/integration-test/target/test-dir/MiniOzoneClusterImpl-55bfc424-622c-4031-8e27-dd7ab017ec7d/datanode-1/data-0/containers/hdds/55bfc424-622c-4031-8e27-dd7ab017ec7d/DS-312bb386-3e0e-47b5-abaa-e484e08a881f/container.db, /home/runner/work/ozone/ozone/hadoop-ozone/integration-test/target/test-dir/MiniOzoneClusterImpl-55bfc424-622c-4031-8e27-dd7ab017ec7d/datanode-3/data-0/containers/hdds/55bfc424-622c-4031-8e27-dd7ab017ec7d/DS-bef8dc19-738f-4a27-adb1-0208bcaa8f41/container.db, /home/runner/work/ozone/ozone/hadoop-ozone/integration-test/target/test-dir/MiniOzoneClusterImpl-55bfc424-622c-4031-8e27-dd7ab017ec7d/datanode-4/data-0/containers/hdds/55bfc424-622c-4031-8e27-dd7ab017ec7d/DS-13552368-cecf-4e26-bf2f-6d6bb71ad2d2/container.db]
2023-08-31 18:18:26,997 [ForkJoinPool.commonPool-worker-0] INFO  utils.DatanodeStoreCache (DatanodeStoreCache.java:removeDB(104)) - Removed db /home/runner/work/ozone/ozone/hadoop-ozone/integration-test/target/test-dir/MiniOzoneClusterImpl-55bfc424-622c-4031-8e27-dd7ab017ec7d/datanode-1/data-0/containers/hdds/55bfc424-622c-4031-8e27-dd7ab017ec7d/DS-312bb386-3e0e-47b5-abaa-e484e08a881f/container.db from cache
2023-08-31 18:18:26,997 [ForkJoinPool.commonPool-worker-0] INFO  volume.HddsVolume (HddsVolume.java:closeDbStore(453)) - SchemaV3 db is stopped at /home/runner/work/ozone/ozone/hadoop-ozone/integration-test/target/test-dir/MiniOzoneClusterImpl-55bfc424-622c-4031-8e27-dd7ab017ec7d/datanode-1/data-0/containers/hdds/55bfc424-622c-4031-8e27-dd7ab017ec7d/DS-312bb386-3e0e-47b5-abaa-e484e08a881f/container.db for volume DS-312bb386-3e0e-47b5-abaa-e484e08a881f
2023-08-31 18:18:26,998 [ForkJoinPool.commonPool-worker-0] INFO  utils.BackgroundService (BackgroundService.java:shutdown(141)) - Shutting down service BlockDeletingService
2023-08-31 18:18:26,999 [ForkJoinPool.commonPool-worker-0] INFO  utils.BackgroundService (BackgroundService.java:shutdown(141)) - Shutting down service StaleRecoveringContainerScrubbingService
2023-08-31 18:18:27,001 [ForkJoinPool.commonPool-worker-0] INFO  statemachine.DatanodeStateMachine (DatanodeStateMachine.java:stopDaemon(620)) - Ozone container server stopped.
2023-08-31 18:18:27,016 [ForkJoinPool.commonPool-worker-0] INFO  handler.ContextHandler (ContextHandler.java:doStop(1159)) - Stopped o.e.j.w.WebAppContext@32cbf657{hddsDatanode,/,null,STOPPED}{jar:file:/home/runner/.m2/repository/org/apache/ozone/hdds-container-service/1.4.0-SNAPSHOT/hdds-container-service-1.4.0-SNAPSHOT.jar!/webapps/hddsDatanode}
2023-08-31 18:18:27,017 [ForkJoinPool.commonPool-worker-0] INFO  server.AbstractConnector (AbstractConnector.java:doStop(383)) - Stopped ServerConnector@2be51f04{HTTP/1.1, (http/1.1)}{0.0.0.0:15018}
2023-08-31 18:18:27,018 [ForkJoinPool.commonPool-worker-0] INFO  server.session (HouseKeeper.java:stopScavenging(149)) - node0 Stopped scavenging
2023-08-31 18:18:27,023 [main] INFO  handler.ContextHandler (ContextHandler.java:doStop(1159)) - Stopped o.e.j.w.WebAppContext@3da3d0f5{hddsDatanode,/,null,STOPPED}{jar:file:/home/runner/.m2/repository/org/apache/ozone/hdds-container-service/1.4.0-SNAPSHOT/hdds-container-service-1.4.0-SNAPSHOT.jar!/webapps/hddsDatanode}
2023-08-31 18:18:27,023 [ForkJoinPool.commonPool-worker-0] INFO  handler.ContextHandler (ContextHandler.java:doStop(1159)) - Stopped o.e.j.s.ServletContextHandler@74405179{static,/static,jar:file:/home/runner/.m2/repository/org/apache/ozone/hdds-container-service/1.4.0-SNAPSHOT/hdds-container-service-1.4.0-SNAPSHOT.jar!/webapps/static,STOPPED}
2023-08-31 18:18:27,024 [ForkJoinPool.commonPool-worker-0] INFO  handler.ContextHandler (ContextHandler.java:doStop(1159)) - Stopped o.e.j.s.ServletContextHandler@4cb34012{logs,/logs,file:///home/runner/work/ozone/ozone/hadoop-ozone/integration-test/target/log,STOPPED}
2023-08-31 18:18:27,026 [ForkJoinPool.commonPool-worker-0] INFO  ozone.HddsDatanodeClientProtocolServer (HddsDatanodeClientProtocolServer.java:stop(78)) - Stopping the RPC server for Client Protocol
2023-08-31 18:18:27,026 [main] INFO  server.AbstractConnector (AbstractConnector.java:doStop(383)) - Stopped ServerConnector@2e681871{HTTP/1.1, (http/1.1)}{0.0.0.0:15027}
2023-08-31 18:18:27,027 [ForkJoinPool.commonPool-worker-0] INFO  ipc.Server (Server.java:stop(3523)) - Stopping server on 15019
2023-08-31 18:18:27,027 [IPC Server listener on 15019] INFO  ipc.Server (Server.java:run(1434)) - Stopping IPC Server listener on 15019
2023-08-31 18:18:27,027 [main] INFO  server.session (HouseKeeper.java:stopScavenging(149)) - node0 Stopped scavenging
2023-08-31 18:18:27,032 [IPC Server Responder] INFO  ipc.Server (Server.java:run(1567)) - Stopping IPC Server Responder
2023-08-31 18:18:27,036 [main] INFO  handler.ContextHandler (ContextHandler.java:doStop(1159)) - Stopped o.e.j.s.ServletContextHandler@759a17e{static,/static,jar:file:/home/runner/.m2/repository/org/apache/ozone/hdds-container-service/1.4.0-SNAPSHOT/hdds-container-service-1.4.0-SNAPSHOT.jar!/webapps/static,STOPPED}
2023-08-31 18:18:27,037 [main] INFO  handler.ContextHandler (ContextHandler.java:doStop(1159)) - Stopped o.e.j.s.ServletContextHandler@3a6894ac{logs,/logs,file:///home/runner/work/ozone/ozone/hadoop-ozone/integration-test/target/log,STOPPED}
2023-08-31 18:18:27,038 [main] INFO  ozone.HddsDatanodeClientProtocolServer (HddsDatanodeClientProtocolServer.java:stop(78)) - Stopping the RPC server for Client Protocol
2023-08-31 18:18:27,039 [main] INFO  ipc.Server (Server.java:stop(3523)) - Stopping server on 15028
2023-08-31 18:18:27,039 [IPC Server listener on 15028] INFO  ipc.Server (Server.java:run(1434)) - Stopping IPC Server listener on 15028
2023-08-31 18:18:27,041 [IPC Server Responder] INFO  ipc.Server (Server.java:run(1567)) - Stopping IPC Server Responder
2023-08-31 18:18:27,312 [ForkJoinPool.commonPool-worker-3] INFO  utils.DatanodeStoreCache (DatanodeStoreCache.java:shutdownCache(110)) - Skip clearing cache in mini cluster mode. Entries left: [/home/runner/work/ozone/ozone/hadoop-ozone/integration-test/target/test-dir/MiniOzoneClusterImpl-55bfc424-622c-4031-8e27-dd7ab017ec7d/datanode-0/data-0/containers/hdds/55bfc424-622c-4031-8e27-dd7ab017ec7d/DS-23a48011-b77a-4edd-8f7e-bdb7b0d7dc4e/container.db, /home/runner/work/ozone/ozone/hadoop-ozone/integration-test/target/test-dir/MiniOzoneClusterImpl-55bfc424-622c-4031-8e27-dd7ab017ec7d/datanode-3/data-0/containers/hdds/55bfc424-622c-4031-8e27-dd7ab017ec7d/DS-bef8dc19-738f-4a27-adb1-0208bcaa8f41/container.db, /home/runner/work/ozone/ozone/hadoop-ozone/integration-test/target/test-dir/MiniOzoneClusterImpl-55bfc424-622c-4031-8e27-dd7ab017ec7d/datanode-4/data-0/containers/hdds/55bfc424-622c-4031-8e27-dd7ab017ec7d/DS-13552368-cecf-4e26-bf2f-6d6bb71ad2d2/container.db]
2023-08-31 18:18:27,316 [ForkJoinPool.commonPool-worker-3] INFO  utils.DatanodeStoreCache (DatanodeStoreCache.java:removeDB(104)) - Removed db /home/runner/work/ozone/ozone/hadoop-ozone/integration-test/target/test-dir/MiniOzoneClusterImpl-55bfc424-622c-4031-8e27-dd7ab017ec7d/datanode-3/data-0/containers/hdds/55bfc424-622c-4031-8e27-dd7ab017ec7d/DS-bef8dc19-738f-4a27-adb1-0208bcaa8f41/container.db from cache
2023-08-31 18:18:27,316 [ForkJoinPool.commonPool-worker-3] INFO  volume.HddsVolume (HddsVolume.java:closeDbStore(453)) - SchemaV3 db is stopped at /home/runner/work/ozone/ozone/hadoop-ozone/integration-test/target/test-dir/MiniOzoneClusterImpl-55bfc424-622c-4031-8e27-dd7ab017ec7d/datanode-3/data-0/containers/hdds/55bfc424-622c-4031-8e27-dd7ab017ec7d/DS-bef8dc19-738f-4a27-adb1-0208bcaa8f41/container.db for volume DS-bef8dc19-738f-4a27-adb1-0208bcaa8f41
2023-08-31 18:18:27,316 [ForkJoinPool.commonPool-worker-1] INFO  utils.DatanodeStoreCache (DatanodeStoreCache.java:shutdownCache(110)) - Skip clearing cache in mini cluster mode. Entries left: [/home/runner/work/ozone/ozone/hadoop-ozone/integration-test/target/test-dir/MiniOzoneClusterImpl-55bfc424-622c-4031-8e27-dd7ab017ec7d/datanode-0/data-0/containers/hdds/55bfc424-622c-4031-8e27-dd7ab017ec7d/DS-23a48011-b77a-4edd-8f7e-bdb7b0d7dc4e/container.db, /home/runner/work/ozone/ozone/hadoop-ozone/integration-test/target/test-dir/MiniOzoneClusterImpl-55bfc424-622c-4031-8e27-dd7ab017ec7d/datanode-4/data-0/containers/hdds/55bfc424-622c-4031-8e27-dd7ab017ec7d/DS-13552368-cecf-4e26-bf2f-6d6bb71ad2d2/container.db]
2023-08-31 18:18:27,318 [ForkJoinPool.commonPool-worker-1] INFO  utils.DatanodeStoreCache (DatanodeStoreCache.java:removeDB(104)) - Removed db /home/runner/work/ozone/ozone/hadoop-ozone/integration-test/target/test-dir/MiniOzoneClusterImpl-55bfc424-622c-4031-8e27-dd7ab017ec7d/datanode-0/data-0/containers/hdds/55bfc424-622c-4031-8e27-dd7ab017ec7d/DS-23a48011-b77a-4edd-8f7e-bdb7b0d7dc4e/container.db from cache
2023-08-31 18:18:27,318 [ForkJoinPool.commonPool-worker-1] INFO  volume.HddsVolume (HddsVolume.java:closeDbStore(453)) - SchemaV3 db is stopped at /home/runner/work/ozone/ozone/hadoop-ozone/integration-test/target/test-dir/MiniOzoneClusterImpl-55bfc424-622c-4031-8e27-dd7ab017ec7d/datanode-0/data-0/containers/hdds/55bfc424-622c-4031-8e27-dd7ab017ec7d/DS-23a48011-b77a-4edd-8f7e-bdb7b0d7dc4e/container.db for volume DS-23a48011-b77a-4edd-8f7e-bdb7b0d7dc4e
2023-08-31 18:18:27,319 [ForkJoinPool.commonPool-worker-3] INFO  utils.BackgroundService (BackgroundService.java:shutdown(141)) - Shutting down service BlockDeletingService
2023-08-31 18:18:27,319 [ForkJoinPool.commonPool-worker-1] INFO  utils.BackgroundService (BackgroundService.java:shutdown(141)) - Shutting down service BlockDeletingService
2023-08-31 18:18:27,320 [ForkJoinPool.commonPool-worker-3] INFO  utils.BackgroundService (BackgroundService.java:shutdown(141)) - Shutting down service StaleRecoveringContainerScrubbingService
2023-08-31 18:18:27,320 [ForkJoinPool.commonPool-worker-1] INFO  utils.BackgroundService (BackgroundService.java:shutdown(141)) - Shutting down service StaleRecoveringContainerScrubbingService
2023-08-31 18:18:27,322 [ForkJoinPool.commonPool-worker-3] INFO  statemachine.DatanodeStateMachine (DatanodeStateMachine.java:stopDaemon(620)) - Ozone container server stopped.
2023-08-31 18:18:27,322 [ForkJoinPool.commonPool-worker-1] INFO  statemachine.DatanodeStateMachine (DatanodeStateMachine.java:stopDaemon(620)) - Ozone container server stopped.
2023-08-31 18:18:27,348 [ForkJoinPool.commonPool-worker-1] INFO  handler.ContextHandler (ContextHandler.java:doStop(1159)) - Stopped o.e.j.w.WebAppContext@61806e63{hddsDatanode,/,null,STOPPED}{jar:file:/home/runner/.m2/repository/org/apache/ozone/hdds-container-service/1.4.0-SNAPSHOT/hdds-container-service-1.4.0-SNAPSHOT.jar!/webapps/hddsDatanode}
2023-08-31 18:18:27,349 [ForkJoinPool.commonPool-worker-1] INFO  server.AbstractConnector (AbstractConnector.java:doStop(383)) - Stopped ServerConnector@4923426f{HTTP/1.1, (http/1.1)}{0.0.0.0:15009}
2023-08-31 18:18:27,349 [ForkJoinPool.commonPool-worker-1] INFO  server.session (HouseKeeper.java:stopScavenging(149)) - node0 Stopped scavenging
2023-08-31 18:18:27,353 [ForkJoinPool.commonPool-worker-1] INFO  handler.ContextHandler (ContextHandler.java:doStop(1159)) - Stopped o.e.j.s.ServletContextHandler@310332b3{static,/static,jar:file:/home/runner/.m2/repository/org/apache/ozone/hdds-container-service/1.4.0-SNAPSHOT/hdds-container-service-1.4.0-SNAPSHOT.jar!/webapps/static,STOPPED}
2023-08-31 18:18:27,354 [ForkJoinPool.commonPool-worker-2] INFO  utils.DatanodeStoreCache (DatanodeStoreCache.java:shutdownCache(110)) - Skip clearing cache in mini cluster mode. Entries left: [/home/runner/work/ozone/ozone/hadoop-ozone/integration-test/target/test-dir/MiniOzoneClusterImpl-55bfc424-622c-4031-8e27-dd7ab017ec7d/datanode-4/data-0/containers/hdds/55bfc424-622c-4031-8e27-dd7ab017ec7d/DS-13552368-cecf-4e26-bf2f-6d6bb71ad2d2/container.db]
2023-08-31 18:18:27,356 [ForkJoinPool.commonPool-worker-1] INFO  handler.ContextHandler (ContextHandler.java:doStop(1159)) - Stopped o.e.j.s.ServletContextHandler@516cd02{logs,/logs,file:///home/runner/work/ozone/ozone/hadoop-ozone/integration-test/target/log,STOPPED}
2023-08-31 18:18:27,357 [ForkJoinPool.commonPool-worker-2] INFO  utils.DatanodeStoreCache (DatanodeStoreCache.java:removeDB(104)) - Removed db /home/runner/work/ozone/ozone/hadoop-ozone/integration-test/target/test-dir/MiniOzoneClusterImpl-55bfc424-622c-4031-8e27-dd7ab017ec7d/datanode-4/data-0/containers/hdds/55bfc424-622c-4031-8e27-dd7ab017ec7d/DS-13552368-cecf-4e26-bf2f-6d6bb71ad2d2/container.db from cache
2023-08-31 18:18:27,357 [ForkJoinPool.commonPool-worker-2] INFO  volume.HddsVolume (HddsVolume.java:closeDbStore(453)) - SchemaV3 db is stopped at /home/runner/work/ozone/ozone/hadoop-ozone/integration-test/target/test-dir/MiniOzoneClusterImpl-55bfc424-622c-4031-8e27-dd7ab017ec7d/datanode-4/data-0/containers/hdds/55bfc424-622c-4031-8e27-dd7ab017ec7d/DS-13552368-cecf-4e26-bf2f-6d6bb71ad2d2/container.db for volume DS-13552368-cecf-4e26-bf2f-6d6bb71ad2d2
2023-08-31 18:18:27,358 [ForkJoinPool.commonPool-worker-2] INFO  utils.BackgroundService (BackgroundService.java:shutdown(141)) - Shutting down service BlockDeletingService
2023-08-31 18:18:27,359 [ForkJoinPool.commonPool-worker-2] INFO  utils.BackgroundService (BackgroundService.java:shutdown(141)) - Shutting down service StaleRecoveringContainerScrubbingService
2023-08-31 18:18:27,361 [ForkJoinPool.commonPool-worker-3] INFO  handler.ContextHandler (ContextHandler.java:doStop(1159)) - Stopped o.e.j.w.WebAppContext@6867e273{hddsDatanode,/,null,STOPPED}{jar:file:/home/runner/.m2/repository/org/apache/ozone/hdds-container-service/1.4.0-SNAPSHOT/hdds-container-service-1.4.0-SNAPSHOT.jar!/webapps/hddsDatanode}
2023-08-31 18:18:27,362 [ForkJoinPool.commonPool-worker-3] INFO  server.AbstractConnector (AbstractConnector.java:doStop(383)) - Stopped ServerConnector@227833cd{HTTP/1.1, (http/1.1)}{0.0.0.0:15036}
2023-08-31 18:18:27,362 [ForkJoinPool.commonPool-worker-3] INFO  server.session (HouseKeeper.java:stopScavenging(149)) - node0 Stopped scavenging
2023-08-31 18:18:27,363 [ForkJoinPool.commonPool-worker-1] INFO  ozone.HddsDatanodeClientProtocolServer (HddsDatanodeClientProtocolServer.java:stop(78)) - Stopping the RPC server for Client Protocol
2023-08-31 18:18:27,364 [ForkJoinPool.commonPool-worker-3] INFO  handler.ContextHandler (ContextHandler.java:doStop(1159)) - Stopped o.e.j.s.ServletContextHandler@275b2a95{static,/static,jar:file:/home/runner/.m2/repository/org/apache/ozone/hdds-container-service/1.4.0-SNAPSHOT/hdds-container-service-1.4.0-SNAPSHOT.jar!/webapps/static,STOPPED}
2023-08-31 18:18:27,364 [ForkJoinPool.commonPool-worker-1] INFO  ipc.Server (Server.java:stop(3523)) - Stopping server on 15010
2023-08-31 18:18:27,364 [ForkJoinPool.commonPool-worker-2] INFO  statemachine.DatanodeStateMachine (DatanodeStateMachine.java:stopDaemon(620)) - Ozone container server stopped.
2023-08-31 18:18:27,365 [ForkJoinPool.commonPool-worker-3] INFO  handler.ContextHandler (ContextHandler.java:doStop(1159)) - Stopped o.e.j.s.ServletContextHandler@43b7963a{logs,/logs,file:///home/runner/work/ozone/ozone/hadoop-ozone/integration-test/target/log,STOPPED}
2023-08-31 18:18:27,381 [IPC Server Responder] INFO  ipc.Server (Server.java:run(1567)) - Stopping IPC Server Responder
2023-08-31 18:18:27,381 [IPC Server listener on 15010] INFO  ipc.Server (Server.java:run(1434)) - Stopping IPC Server listener on 15010
2023-08-31 18:18:27,381 [ForkJoinPool.commonPool-worker-3] INFO  ozone.HddsDatanodeClientProtocolServer (HddsDatanodeClientProtocolServer.java:stop(78)) - Stopping the RPC server for Client Protocol
2023-08-31 18:18:27,382 [ForkJoinPool.commonPool-worker-3] INFO  ipc.Server (Server.java:stop(3523)) - Stopping server on 15037
2023-08-31 18:18:27,383 [IPC Server listener on 15037] INFO  ipc.Server (Server.java:run(1434)) - Stopping IPC Server listener on 15037
2023-08-31 18:18:27,384 [IPC Server Responder] INFO  ipc.Server (Server.java:run(1567)) - Stopping IPC Server Responder
2023-08-31 18:18:27,397 [ForkJoinPool.commonPool-worker-2] INFO  handler.ContextHandler (ContextHandler.java:doStop(1159)) - Stopped o.e.j.w.WebAppContext@1a57c7c2{hddsDatanode,/,null,STOPPED}{jar:file:/home/runner/.m2/repository/org/apache/ozone/hdds-container-service/1.4.0-SNAPSHOT/hdds-container-service-1.4.0-SNAPSHOT.jar!/webapps/hddsDatanode}
2023-08-31 18:18:27,397 [ForkJoinPool.commonPool-worker-2] INFO  server.AbstractConnector (AbstractConnector.java:doStop(383)) - Stopped ServerConnector@430d3bf9{HTTP/1.1, (http/1.1)}{0.0.0.0:15045}
2023-08-31 18:18:27,398 [ForkJoinPool.commonPool-worker-2] INFO  server.session (HouseKeeper.java:stopScavenging(149)) - node0 Stopped scavenging
2023-08-31 18:18:27,398 [ForkJoinPool.commonPool-worker-2] INFO  handler.ContextHandler (ContextHandler.java:doStop(1159)) - Stopped o.e.j.s.ServletContextHandler@31823f0d{static,/static,jar:file:/home/runner/.m2/repository/org/apache/ozone/hdds-container-service/1.4.0-SNAPSHOT/hdds-container-service-1.4.0-SNAPSHOT.jar!/webapps/static,STOPPED}
2023-08-31 18:18:27,399 [ForkJoinPool.commonPool-worker-2] INFO  handler.ContextHandler (ContextHandler.java:doStop(1159)) - Stopped o.e.j.s.ServletContextHandler@6b6a60f4{logs,/logs,file:///home/runner/work/ozone/ozone/hadoop-ozone/integration-test/target/log,STOPPED}
2023-08-31 18:18:27,400 [ForkJoinPool.commonPool-worker-2] INFO  ozone.HddsDatanodeClientProtocolServer (HddsDatanodeClientProtocolServer.java:stop(78)) - Stopping the RPC server for Client Protocol
2023-08-31 18:18:27,400 [ForkJoinPool.commonPool-worker-2] INFO  ipc.Server (Server.java:stop(3523)) - Stopping server on 15046
2023-08-31 18:18:27,401 [IPC Server listener on 15046] INFO  ipc.Server (Server.java:run(1434)) - Stopping IPC Server listener on 15046
2023-08-31 18:18:27,402 [IPC Server Responder] INFO  ipc.Server (Server.java:run(1567)) - Stopping IPC Server Responder
2023-08-31 18:18:27,403 [main] INFO  ozone.MiniOzoneClusterImpl (MiniOzoneClusterImpl.java:stopSCM(543)) - Stopping the StorageContainerManager
2023-08-31 18:18:27,403 [main] INFO  server.StorageContainerManager (StorageContainerManager.java:stop(1591)) - Container Balancer is not running.
2023-08-31 18:18:27,403 [main] INFO  server.StorageContainerManager (StorageContainerManager.java:stopReplicationManager(1724)) - Stopping Replication Manager Service.
2023-08-31 18:18:27,403 [main] INFO  replication.ReplicationManager (ReplicationManager.java:stop(323)) - Stopping Replication Monitor Thread.
2023-08-31 18:18:27,404 [main] INFO  server.StorageContainerManager (StorageContainerManager.java:stop(1600)) - Stopping the Datanode Admin Monitor.
2023-08-31 18:18:27,404 [ReplicationMonitor] INFO  replication.ReplicationManager (ReplicationManager.java:run(921)) - Replication Monitor Thread is stopped
2023-08-31 18:18:27,404 [main] INFO  server.StorageContainerManager (StorageContainerManager.java:stop(1607)) - Stopping datanode service RPC server
2023-08-31 18:18:27,404 [Under Replicated Processor] WARN  replication.UnhealthyReplicationProcessor (UnhealthyReplicationProcessor.java:run(180)) - Under Replicated Processor interrupted. Exiting...
2023-08-31 18:18:27,404 [Over Replicated Processor] WARN  replication.UnhealthyReplicationProcessor (UnhealthyReplicationProcessor.java:run(180)) - Over Replicated Processor interrupted. Exiting...
2023-08-31 18:18:27,405 [main] INFO  server.SCMDatanodeProtocolServer (SCMDatanodeProtocolServer.java:stop(424)) - Stopping the RPC server for DataNodes
2023-08-31 18:18:27,405 [main] INFO  ipc.Server (Server.java:stop(3523)) - Stopping server on 15002
2023-08-31 18:18:27,408 [IPC Server listener on 15002] INFO  ipc.Server (Server.java:run(1434)) - Stopping IPC Server listener on 15002
2023-08-31 18:18:27,408 [IPC Server Responder] INFO  ipc.Server (Server.java:run(1567)) - Stopping IPC Server Responder
2023-08-31 18:18:27,448 [SCM Heartbeat Processing Thread - 0] WARN  node.NodeStateManager (NodeStateManager.java:scheduleNextHealthCheck(874)) - Current Thread is interrupted, shutting down HB processing thread for Node Manager.
2023-08-31 18:18:27,448 [main] INFO  server.StorageContainerManager (StorageContainerManager.java:stop(1615)) - Stopping block service RPC server
2023-08-31 18:18:27,449 [main] INFO  server.SCMBlockProtocolServer (SCMBlockProtocolServer.java:stop(161)) - Stopping the RPC server for Block Protocol
2023-08-31 18:18:27,449 [main] INFO  ipc.Server (Server.java:stop(3523)) - Stopping server on 15001
2023-08-31 18:18:27,455 [IPC Server Responder] INFO  ipc.Server (Server.java:run(1567)) - Stopping IPC Server Responder
2023-08-31 18:18:27,455 [IPC Server listener on 15001] INFO  ipc.Server (Server.java:run(1434)) - Stopping IPC Server listener on 15001
2023-08-31 18:18:27,455 [main] INFO  server.StorageContainerManager (StorageContainerManager.java:stop(1622)) - Stopping the StorageContainerLocationProtocol RPC server
2023-08-31 18:18:27,456 [main] INFO  server.SCMClientProtocolServer (SCMClientProtocolServer.java:stop(210)) - Stopping the RPC server for Client Protocol
2023-08-31 18:18:27,456 [main] INFO  ipc.Server (Server.java:stop(3523)) - Stopping server on 15000
2023-08-31 18:18:27,461 [IPC Server Responder] INFO  ipc.Server (Server.java:run(1567)) - Stopping IPC Server Responder
2023-08-31 18:18:27,461 [IPC Server listener on 15000] INFO  ipc.Server (Server.java:run(1434)) - Stopping IPC Server listener on 15000
2023-08-31 18:18:27,461 [main] INFO  server.StorageContainerManager (StorageContainerManager.java:stop(1629)) - Stopping Storage Container Manager HTTP server.
2023-08-31 18:18:27,462 [main] INFO  handler.ContextHandler (ContextHandler.java:doStop(1159)) - Stopped o.e.j.w.WebAppContext@44252e9b{scm,/,null,STOPPED}{file:/home/runner/work/ozone/ozone/hadoop-ozone/integration-test/target/test-classes/webapps/scm}
2023-08-31 18:18:27,463 [main] INFO  server.AbstractConnector (AbstractConnector.java:doStop(383)) - Stopped ServerConnector@2972b493{HTTP/1.1, (http/1.1)}{0.0.0.0:15003}
2023-08-31 18:18:27,463 [main] INFO  server.session (HouseKeeper.java:stopScavenging(149)) - node0 Stopped scavenging
2023-08-31 18:18:27,464 [main] INFO  handler.ContextHandler (ContextHandler.java:doStop(1159)) - Stopped o.e.j.s.ServletContextHandler@1c61f9bf{static,/static,file:///home/runner/work/ozone/ozone/hadoop-ozone/integration-test/target/test-classes/webapps/static,STOPPED}
2023-08-31 18:18:27,464 [main] INFO  handler.ContextHandler (ContextHandler.java:doStop(1159)) - Stopped o.e.j.s.ServletContextHandler@79e3f444{logs,/logs,file:///home/runner/work/ozone/ozone/hadoop-ozone/integration-test/target/log,STOPPED}
2023-08-31 18:18:27,465 [main] INFO  server.StorageContainerManager (StorageContainerManager.java:stop(1637)) - Stopping SCM LayoutVersionManager Service.
2023-08-31 18:18:27,465 [main] INFO  server.StorageContainerManager (StorageContainerManager.java:stop(1649)) - Stopping Block Manager Service.
2023-08-31 18:18:27,465 [main] INFO  utils.BackgroundService (BackgroundService.java:shutdown(141)) - Shutting down service SCMBlockDeletingService
2023-08-31 18:18:27,466 [main] INFO  utils.BackgroundService (BackgroundService.java:shutdown(141)) - Shutting down service SCMBlockDeletingService
2023-08-31 18:18:27,466 [main] INFO  server.StorageContainerManager (StorageContainerManager.java:stop(1669)) - Stopping SCM Event Queue.
2023-08-31 18:18:27,468 [JvmPauseMonitor0] INFO  util.JvmPauseMonitor (JvmPauseMonitor.java:run(109)) - JvmPauseMonitor-d99b6b79-d14b-4ce8-8fb3-d7a88a00d3fc: Stopped
2023-08-31 18:18:27,469 [main] INFO  server.StorageContainerManager (StorageContainerManager.java:stop(1680)) - Stopping SCM HA services.
2023-08-31 18:18:27,470 [main] INFO  pipeline.BackgroundPipelineCreator (BackgroundPipelineCreator.java:stop(149)) - Stopping RatisPipelineUtilsThread.
2023-08-31 18:18:27,470 [RatisPipelineUtilsThread - 0] WARN  pipeline.BackgroundPipelineCreator (BackgroundPipelineCreator.java:run(180)) - RatisPipelineUtilsThread is interrupted.
2023-08-31 18:18:27,470 [main] INFO  BackgroundPipelineScrubber (BackgroundSCMService.java:stop(131)) - Stopping BackgroundPipelineScrubber Service.
2023-08-31 18:18:27,470 [BackgroundPipelineScrubberThread] WARN  BackgroundPipelineScrubber (BackgroundSCMService.java:run(115)) - BackgroundPipelineScrubber is interrupted, exit
2023-08-31 18:18:27,471 [main] INFO  impl.MetricsSystemImpl (MetricsSystemImpl.java:stop(210)) - Stopping XceiverClientMetrics metrics system...
2023-08-31 18:18:27,477 [prometheus] INFO  impl.MetricsSinkAdapter (MetricsSinkAdapter.java:publishMetricsFromQueue(141)) - prometheus thread interrupted.
2023-08-31 18:18:27,477 [main] INFO  impl.MetricsSystemImpl (MetricsSystemImpl.java:stop(216)) - XceiverClientMetrics metrics system stopped.
2023-08-31 18:18:27,479 [main] WARN  pipeline.BackgroundPipelineCreator (BackgroundPipelineCreator.java:stop(145)) - RatisPipelineUtilsThread is not running, just ignore.
2023-08-31 18:18:27,479 [main] INFO  BackgroundPipelineScrubber (BackgroundSCMService.java:stop(126)) - BackgroundPipelineScrubber Service is not running, skip stop.
2023-08-31 18:18:27,481 [main] INFO  ExpiredContainerReplicaOpScrubber (BackgroundSCMService.java:stop(131)) - Stopping ExpiredContainerReplicaOpScrubber Service.
2023-08-31 18:18:27,481 [ExpiredContainerReplicaOpScrubberThread] WARN  ExpiredContainerReplicaOpScrubber (BackgroundSCMService.java:run(115)) - ExpiredContainerReplicaOpScrubber is interrupted, exit
2023-08-31 18:18:27,481 [main] INFO  utils.BackgroundService (BackgroundService.java:shutdown(141)) - Shutting down service SCMBlockDeletingService
2023-08-31 18:18:27,482 [main] INFO  replication.ReplicationManager (ReplicationManager.java:stop(333)) - Replication Monitor Thread is not running.
2023-08-31 18:18:27,482 [main] WARN  balancer.ContainerBalancer (ContainerBalancer.java:stop(326)) - Cannot stop Container Balancer because it's not running or stopping
2023-08-31 18:18:27,482 [Lease Manager-LeaseManager#LeaseMonitor] WARN  lease.LeaseManager (LeaseManager.java:run(272)) - Lease manager is interrupted. Shutting down...
java.lang.InterruptedException
	at java.util.concurrent.locks.AbstractQueuedSynchronizer.doAcquireSharedNanos(AbstractQueuedSynchronizer.java:1039)
	at java.util.concurrent.locks.AbstractQueuedSynchronizer.tryAcquireSharedNanos(AbstractQueuedSynchronizer.java:1328)
	at java.util.concurrent.Semaphore.tryAcquire(Semaphore.java:409)
	at org.apache.hadoop.ozone.lease.LeaseManager$LeaseMonitor.run(LeaseManager.java:270)
	at java.lang.Thread.run(Thread.java:750)
2023-08-31 18:18:27,482 [main] INFO  server.StorageContainerManager (StorageContainerManager.java:stop(1715)) - Stopping SCM MetadataStore.
2023-08-31 18:18:27,579 [main] WARN  server.ServerUtils (ServerUtils.java:getScmDbDir(155)) - ozone.scm.db.dirs is not configured. We recommend adding this setting. Falling back to ozone.metadata.dirs instead.
2023-08-31 18:18:27,584 [main] WARN  server.ServerUtils (ServerUtils.java:getScmDbDir(155)) - ozone.scm.db.dirs is not configured. We recommend adding this setting. Falling back to ozone.metadata.dirs instead.
2023-08-31 18:18:27,585 [main] INFO  ha.SCMHANodeDetails (SCMHANodeDetails.java:loadSCMHAConfig(210)) - ServiceID for StorageContainerManager is null
2023-08-31 18:18:27,585 [main] INFO  ha.SCMHANodeDetails (SCMHANodeDetails.java:loadSCMHAConfig(215)) - ozone.scm.default.service.id is not defined, falling back to ozone.scm.service.ids to find serviceID for StorageContainerManager if it is HA enabled cluster
2023-08-31 18:18:27,586 [main] WARN  utils.HAUtils (HAUtils.java:getMetaDir(339)) - ozone.scm.db.dirs is not configured. We recommend adding this setting. Falling back to ozone.metadata.dirs instead.
2023-08-31 18:18:27,586 [main] WARN  db.DBStoreBuilder (DBStoreBuilder.java:applyDBDefinition(166)) - ozone.scm.db.dirs is not configured. We recommend adding this setting. Falling back to ozone.metadata.dirs instead.
2023-08-31 18:18:27,747 [main] INFO  net.NodeSchemaLoader (NodeSchemaLoader.java:loadSchemaFromFile(129)) - Loading schema from [jar:file:/home/runner/.m2/repository/org/apache/ozone/hdds-common/1.4.0-SNAPSHOT/hdds-common-1.4.0-SNAPSHOT.jar!/network-topology-default.xml]
2023-08-31 18:18:27,747 [main] INFO  net.NodeSchemaLoader (NodeSchemaLoader.java:loadSchema(176)) - Loading network topology layer schema file
2023-08-31 18:18:27,750 [main] INFO  upgrade.AbstractLayoutVersionManager (AbstractLayoutVersionManager.java:init(83)) - Initializing Layout version manager with metadata layout = HADOOP_PRC_PORTS_IN_DATANODEDETAILS (version = 7), software layout = HADOOP_PRC_PORTS_IN_DATANODEDETAILS (version = 7)
2023-08-31 18:18:27,752 [main] INFO  ha.SequenceIdGenerator (SequenceIdGenerator.java:upgradeToSequenceId(365)) - upgrade localId to 111677748019200000
2023-08-31 18:18:27,753 [main] INFO  ha.SequenceIdGenerator (SequenceIdGenerator.java:upgradeToSequenceId(375)) - upgrade delTxnId to 0
2023-08-31 18:18:27,753 [main] INFO  ha.SequenceIdGenerator (SequenceIdGenerator.java:upgradeToSequenceId(392)) - upgrade containerId to 0
2023-08-31 18:18:27,754 [main] INFO  ha.SequenceIdGenerator (SequenceIdGenerator.java:upgradeToSequenceId(428)) - upgrade rootCertificateId to 1
2023-08-31 18:18:27,754 [main] INFO  ha.SequenceIdGenerator (SequenceIdGenerator.java:<init>(236)) - Init the HA SequenceIdGenerator.
2023-08-31 18:18:27,755 [main] WARN  server.ServerUtils (ServerUtils.java:sanitizeUserArgs(80)) - ozone.scm.stale.node.interval value = 300000 is larger than max = 100000 based on the key value of ozone.scm.heartbeat.thread.interval, reset to the max value 100000.
2023-08-31 18:18:27,755 [main] WARN  server.ServerUtils (ServerUtils.java:sanitizeUserArgs(80)) - ozone.scm.stale.node.interval value = 300000 is larger than max = 100000 based on the key value of ozone.scm.heartbeat.thread.interval, reset to the max value 100000.
2023-08-31 18:18:27,755 [main] INFO  node.SCMNodeManager (SCMNodeManager.java:<init>(157)) - Entering startup safe mode.
2023-08-31 18:18:27,756 [main] INFO  algorithms.ContainerPlacementPolicyFactory (ContainerPlacementPolicyFactory.java:getPolicyInternal(86)) - Create container placement policy of type org.apache.hadoop.hdds.scm.container.placement.algorithms.SCMContainerPlacementRackAware
2023-08-31 18:18:27,756 [main] INFO  algorithms.ContainerPlacementPolicyFactory (ContainerPlacementPolicyFactory.java:getPolicyInternal(86)) - Create container placement policy of type org.apache.hadoop.hdds.scm.container.placement.algorithms.SCMContainerPlacementRackScatter
2023-08-31 18:18:27,756 [main] INFO  pipeline.PipelineStateManagerImpl (PipelineStateManagerImpl.java:initialize(78)) - No pipeline exists in current db
2023-08-31 18:18:27,756 [main] INFO  algorithms.LeaderChoosePolicyFactory (LeaderChoosePolicyFactory.java:getPolicy(57)) - Create leader choose policy of type org.apache.hadoop.hdds.scm.pipeline.leader.choose.algorithms.MinLeaderCountChoosePolicy
2023-08-31 18:18:27,756 [main] INFO  algorithms.ContainerPlacementPolicyFactory (ContainerPlacementPolicyFactory.java:getPolicyInternal(86)) - Create container placement policy of type org.apache.hadoop.hdds.scm.container.placement.algorithms.SCMContainerPlacementRackScatter
2023-08-31 18:18:27,760 [main] INFO  ha.SCMServiceManager (SCMServiceManager.java:register(42)) - Registering service BackgroundPipelineCreator.
2023-08-31 18:18:27,760 [main] INFO  pipeline.BackgroundPipelineCreator (BackgroundPipelineCreator.java:start(124)) - Starting RatisPipelineUtilsThread.
2023-08-31 18:18:27,760 [main] INFO  BackgroundPipelineScrubber (BackgroundSCMService.java:start(68)) - Starting BackgroundPipelineScrubber Service.
2023-08-31 18:18:27,761 [main] INFO  ha.SCMServiceManager (SCMServiceManager.java:register(42)) - Registering service BackgroundPipelineScrubber.
2023-08-31 18:18:27,761 [main] INFO  ExpiredContainerReplicaOpScrubber (BackgroundSCMService.java:start(68)) - Starting ExpiredContainerReplicaOpScrubber Service.
2023-08-31 18:18:27,761 [main] INFO  ha.SCMServiceManager (SCMServiceManager.java:register(42)) - Registering service ExpiredContainerReplicaOpScrubber.
2023-08-31 18:18:27,763 [main] INFO  algorithms.PipelineChoosePolicyFactory (PipelineChoosePolicyFactory.java:createPipelineChoosePolicyFromClass(78)) - Create pipeline choose policy of type org.apache.hadoop.hdds.scm.pipeline.choose.algorithms.RandomPipelineChoosePolicy
2023-08-31 18:18:27,763 [main] INFO  algorithms.PipelineChoosePolicyFactory (PipelineChoosePolicyFactory.java:createPipelineChoosePolicyFromClass(78)) - Create pipeline choose policy of type org.apache.hadoop.hdds.scm.pipeline.choose.algorithms.RandomPipelineChoosePolicy
2023-08-31 18:18:27,763 [main] INFO  ha.SCMServiceManager (SCMServiceManager.java:register(42)) - Registering service SCMBlockDeletingService.
2023-08-31 18:18:27,764 [main] INFO  replication.ReplicationManager (ReplicationManager.java:start(291)) - Starting Replication Monitor Thread.
2023-08-31 18:18:27,766 [main] INFO  ha.SCMServiceManager (SCMServiceManager.java:register(42)) - Registering service ReplicationManager.
2023-08-31 18:18:27,766 [main] INFO  safemode.ContainerSafeModeRule (ContainerSafeModeRule.java:<init>(90)) - containers with one replica threshold count 0
2023-08-31 18:18:27,766 [main] INFO  safemode.HealthyPipelineSafeModeRule (HealthyPipelineSafeModeRule.java:initializeRule(169)) - Total pipeline count is 0, healthy pipeline threshold count is 1
2023-08-31 18:18:27,767 [main] INFO  safemode.OneReplicaPipelineSafeModeRule (OneReplicaPipelineSafeModeRule.java:initializeRule(180)) - Total pipeline count is 0, pipeline's with at least one datanode reported threshold count is 0
2023-08-31 18:18:27,767 [main] INFO  server.StorageContainerManager (StorageContainerManager.java:<init>(425)) - SCM start with adminUsers: [runner]
2023-08-31 18:18:27,768 [main] INFO  ipc.CallQueueManager (CallQueueManager.java:<init>(90)) - Using callQueue: class java.util.concurrent.LinkedBlockingQueue, queueCapacity: 2000, scheduler: class org.apache.hadoop.ipc.DefaultRpcScheduler, ipcBackoff: false.
2023-08-31 18:18:27,768 [main] INFO  ipc.Server (Server.java:<init>(1287)) - Listener at 0.0.0.0:15055
2023-08-31 18:18:27,769 [Socket Reader #1 for port 15055] INFO  ipc.Server (Server.java:run(1323)) - Starting Socket Reader #1 for port 15055
2023-08-31 18:18:27,770 [ReplicationMonitor] INFO  replication.ReplicationManager (ReplicationManager.java:processAll(365)) - Replication Manager is not ready to run until 3000ms after safemode exit
2023-08-31 18:18:27,771 [main] INFO  ipc.CallQueueManager (CallQueueManager.java:<init>(90)) - Using callQueue: class java.util.concurrent.LinkedBlockingQueue, queueCapacity: 2000, scheduler: class org.apache.hadoop.ipc.DefaultRpcScheduler, ipcBackoff: false.
2023-08-31 18:18:27,771 [main] INFO  ipc.Server (Server.java:<init>(1287)) - Listener at 0.0.0.0:15054
2023-08-31 18:18:27,772 [Socket Reader #1 for port 15054] INFO  ipc.Server (Server.java:run(1323)) - Starting Socket Reader #1 for port 15054
2023-08-31 18:18:27,773 [main] INFO  ipc.CallQueueManager (CallQueueManager.java:<init>(90)) - Using callQueue: class java.util.concurrent.LinkedBlockingQueue, queueCapacity: 2000, scheduler: class org.apache.hadoop.ipc.DefaultRpcScheduler, ipcBackoff: false.
2023-08-31 18:18:27,773 [main] INFO  ipc.Server (Server.java:<init>(1287)) - Listener at 0.0.0.0:15053
2023-08-31 18:18:27,774 [Socket Reader #1 for port 15053] INFO  ipc.Server (Server.java:run(1323)) - Starting Socket Reader #1 for port 15053
2023-08-31 18:18:27,779 [main] INFO  ha.SCMServiceManager (SCMServiceManager.java:register(42)) - Registering service ContainerBalancer.
2023-08-31 18:18:27,780 [main] INFO  server.StorageContainerManager (StorageContainerManager.java:<init>(438)) - 
Container Balancer status:
Key                            Value
Running                        false
Container Balancer Configuration values:
Key                                                Value
Threshold                                          10
Max Datanodes to Involve per Iteration(percent)    20
Max Size to Move per Iteration                     500GB
Max Size Entering Target per Iteration             26GB
Max Size Leaving Source per Iteration              26GB

2023-08-31 18:18:27,780 [main] INFO  ha.SCMContext (SCMContext.java:updateSafeModeStatus(228)) - Update SafeModeStatus from SafeModeStatus{safeModeStatus=true, preCheckPassed=false} to SafeModeStatus{safeModeStatus=true, preCheckPassed=false}.
2023-08-31 18:18:27,780 [main] INFO  server.StorageContainerManager (StorageContainerManager.java:start(1483)) - StorageContainerLocationProtocol RPC server is listening at /0.0.0.0:15053
2023-08-31 18:18:27,782 [main] WARN  impl.MetricsConfig (MetricsConfig.java:loadFirst(136)) - Cannot locate configuration: tried hadoop-metrics2-storagecontainermanager.properties,hadoop-metrics2.properties
2023-08-31 18:18:27,787 [main] INFO  impl.MetricsSystemImpl (MetricsSystemImpl.java:startTimer(378)) - Scheduled Metric snapshot period at 10 second(s).
2023-08-31 18:18:27,787 [main] INFO  impl.MetricsSystemImpl (MetricsSystemImpl.java:start(191)) - StorageContainerManager metrics system started
2023-08-31 18:18:27,814 [main] INFO  impl.MetricsSinkAdapter (MetricsSinkAdapter.java:start(204)) - Sink prometheus started
2023-08-31 18:18:27,819 [main] INFO  impl.MetricsSystemImpl (MetricsSystemImpl.java:registerSink(305)) - Registered sink prometheus
2023-08-31 18:18:27,843 [main] INFO  server.SCMClientProtocolServer (SCMClientProtocolServer.java:start(201)) - RPC server for Client  is listening at /0.0.0.0:15053
2023-08-31 18:18:27,848 [IPC Server Responder] INFO  ipc.Server (Server.java:run(1562)) - IPC Server Responder: starting
2023-08-31 18:18:27,848 [IPC Server listener on 15053] INFO  ipc.Server (Server.java:run(1402)) - IPC Server listener on 15053: starting
2023-08-31 18:18:27,851 [main] INFO  server.StorageContainerManager (StorageContainerManager.java:start(1496)) - ScmBlockLocationProtocol RPC server is listening at /0.0.0.0:15054
2023-08-31 18:18:27,856 [main] INFO  server.SCMBlockProtocolServer (SCMBlockProtocolServer.java:start(152)) - RPC server for Block Protocol is listening at /0.0.0.0:15054
2023-08-31 18:18:27,857 [IPC Server listener on 15054] INFO  ipc.Server (Server.java:run(1402)) - IPC Server listener on 15054: starting
2023-08-31 18:18:27,857 [IPC Server Responder] INFO  ipc.Server (Server.java:run(1562)) - IPC Server Responder: starting
2023-08-31 18:18:27,860 [main] INFO  server.SCMDatanodeProtocolServer (SCMDatanodeProtocolServer.java:start(193)) - ScmDatanodeProtocol RPC server for DataNodes is listening at /0.0.0.0:15055
2023-08-31 18:18:27,861 [IPC Server Responder] INFO  ipc.Server (Server.java:run(1562)) - IPC Server Responder: starting
2023-08-31 18:18:27,862 [IPC Server listener on 15055] INFO  ipc.Server (Server.java:run(1402)) - IPC Server listener on 15055: starting
2023-08-31 18:18:27,880 [main] INFO  http.BaseHttpServer (BaseHttpServer.java:newHttpServer2BuilderForOzone(223)) - Starting Web-server for scm at: http://0.0.0.0:15056
2023-08-31 18:18:27,880 [main] INFO  http.BaseHttpServer (BaseHttpServer.java:<init>(110)) - Hadoop Security Enabled: false Ozone Security Enabled: false Ozone HTTP Security Enabled: false 
2023-08-31 18:18:27,883 [main] WARN  server.AuthenticationFilter (AuthenticationFilter.java:constructSecretProvider(240)) - Unable to initialize FileSignerSecretProvider, falling back to use random secrets. Reason: Could not read signature secret file: /home/runner/hadoop-http-auth-signature-secret
2023-08-31 18:18:27,883 [JvmPauseMonitor7] INFO  util.JvmPauseMonitor (JvmPauseMonitor.java:run(103)) - JvmPauseMonitor-ceef3f7f-8ba3-49fd-a7d6-8efdc5ecb058: Started
2023-08-31 18:18:27,884 [main] INFO  http.HttpRequestLog (HttpRequestLog.java:getRequestLog(86)) - Http request log for http.requests.scm is not defined
2023-08-31 18:18:27,886 [main] INFO  http.HttpServer2 (HttpServer2.java:addGlobalFilter(1031)) - Added global filter 'safety' (class=org.apache.hadoop.hdds.server.http.HttpServer2$QuotingInputFilter)
2023-08-31 18:18:27,887 [main] INFO  http.HttpServer2 (HttpServer2.java:addFilter(1007)) - Added filter static_user_filter (class=org.apache.hadoop.http.lib.StaticUserWebFilter$StaticUserFilter) to context scm
2023-08-31 18:18:27,887 [main] INFO  http.HttpServer2 (HttpServer2.java:addFilter(1015)) - Added filter static_user_filter (class=org.apache.hadoop.http.lib.StaticUserWebFilter$StaticUserFilter) to context logs
2023-08-31 18:18:27,887 [main] INFO  http.HttpServer2 (HttpServer2.java:addFilter(1015)) - Added filter static_user_filter (class=org.apache.hadoop.http.lib.StaticUserWebFilter$StaticUserFilter) to context static
2023-08-31 18:18:27,890 [main] INFO  http.BaseHttpServer (BaseHttpServer.java:<init>(189)) - HTTP server of scm uses base directory /home/runner/work/ozone/ozone/hadoop-ozone/integration-test/target/test-dir/MiniOzoneClusterImpl-1f897967-a85f-45b1-932e-48a7a77b5829/ozone-meta/webserver
2023-08-31 18:18:27,891 [main] INFO  http.HttpServer2 (HttpServer2.java:bindListener(1231)) - Jetty bound to port 15056
2023-08-31 18:18:27,891 [main] INFO  server.Server (Server.java:doStart(375)) - jetty-9.4.51.v20230217; built: 2023-02-17T08:19:37.309Z; git: b45c405e4544384de066f814ed42ae3dceacdd49; jvm 1.8.0_382-b05
2023-08-31 18:18:27,895 [main] INFO  server.session (DefaultSessionIdManager.java:doStart(334)) - DefaultSessionIdManager workerName=node0
2023-08-31 18:18:27,895 [main] INFO  server.session (DefaultSessionIdManager.java:doStart(339)) - No SessionScavenger set, using defaults
2023-08-31 18:18:27,895 [main] INFO  server.session (HouseKeeper.java:startScavenging(132)) - node0 Scavenging every 600000ms
2023-08-31 18:18:27,896 [main] INFO  handler.ContextHandler (ContextHandler.java:doStart(921)) - Started o.e.j.s.ServletContextHandler@1927d1c7{logs,/logs,file:///home/runner/work/ozone/ozone/hadoop-ozone/integration-test/target/log,AVAILABLE}
2023-08-31 18:18:27,900 [main] INFO  handler.ContextHandler (ContextHandler.java:doStart(921)) - Started o.e.j.s.ServletContextHandler@a92eb47{static,/static,file:///home/runner/work/ozone/ozone/hadoop-ozone/integration-test/target/test-classes/webapps/static,AVAILABLE}
2023-08-31 18:18:27,907 [main] INFO  handler.ContextHandler (ContextHandler.java:doStart(921)) - Started o.e.j.w.WebAppContext@1bcbb240{scm,/,file:///home/runner/work/ozone/ozone/hadoop-ozone/integration-test/target/test-classes/webapps/scm/,AVAILABLE}{file:/home/runner/work/ozone/ozone/hadoop-ozone/integration-test/target/test-classes/webapps/scm}
2023-08-31 18:18:27,908 [main] INFO  server.AbstractConnector (AbstractConnector.java:doStart(333)) - Started ServerConnector@79611e12{HTTP/1.1, (http/1.1)}{0.0.0.0:15056}
2023-08-31 18:18:27,909 [main] INFO  server.Server (Server.java:doStart(415)) - Started @119233ms
2023-08-31 18:18:27,909 [main] WARN  impl.MetricsSystemImpl (MetricsSystemImpl.java:register(279)) - Sink prometheus already exists!
2023-08-31 18:18:27,909 [main] INFO  http.BaseHttpServer (BaseHttpServer.java:updateConnectorAddress(354)) - HTTP server of scm listening at http://0.0.0.0:15056
2023-08-31 18:18:27,910 [main] WARN  server.ServerUtils (ServerUtils.java:getDBPath(311)) - ozone.om.db.dirs is not configured. We recommend adding this setting. Falling back to ozone.metadata.dirs instead.
2023-08-31 18:18:27,912 [main] INFO  ha.OMHANodeDetails (OMHANodeDetails.java:loadOMHAConfig(115)) - ozone.om.internal.service.id is not defined, falling back to ozone.om.service.ids to find serviceID for OzoneManager if it is HA enabled cluster
2023-08-31 18:18:27,913 [main] INFO  ha.OMHANodeDetails (OMHANodeDetails.java:loadOMHAConfig(226)) - Configuration does not have ozone.om.address set. Falling back to the default OM address /127.0.0.1:15057
2023-08-31 18:18:27,913 [main] INFO  ha.OMHANodeDetails (OMHANodeDetails.java:getOMNodeDetailsForNonHA(254)) - OM Service ID is not set. Setting it to the default ID: omServiceIdDefault
2023-08-31 18:18:27,913 [main] INFO  ha.OMHANodeDetails (OMHANodeDetails.java:getOMNodeDetailsForNonHA(261)) - OM Node ID is not set. Setting it to the default ID: om1
2023-08-31 18:18:27,913 [main] WARN  server.ServerUtils (ServerUtils.java:getDBPath(311)) - ozone.om.db.dirs is not configured. We recommend adding this setting. Falling back to ozone.metadata.dirs instead.
2023-08-31 18:18:27,914 [main] INFO  upgrade.AbstractLayoutVersionManager (AbstractLayoutVersionManager.java:init(83)) - Initializing Layout version manager with metadata layout = QUOTA (version = 6), software layout = QUOTA (version = 6)
2023-08-31 18:18:28,221 [main] INFO  reflections.Reflections (Reflections.java:scan(232)) - Reflections took 305 ms to scan 2 urls, producing 187 keys and 511 values [using 2 cores]
2023-08-31 18:18:28,221 [main] INFO  upgrade.OMLayoutVersionManager (OMLayoutVersionManager.java:lambda$0(115)) - Skipping Upgrade Action QuotaRepairUpgradeAction since it has been finalized.
2023-08-31 18:18:28,221 [main] INFO  upgrade.OMLayoutVersionManager (OMLayoutVersionManager.java:lambda$0(115)) - Skipping Upgrade Action MockOmUpgradeAction since it has been finalized.
2023-08-31 18:18:28,222 [main] WARN  server.ServerUtils (ServerUtils.java:getDBPath(311)) - ozone.om.db.dirs is not configured. We recommend adding this setting. Falling back to ozone.metadata.dirs instead.
2023-08-31 18:18:28,223 [main] INFO  proxy.SCMBlockLocationFailoverProxyProvider (SCMBlockLocationFailoverProxyProvider.java:<init>(114)) - Created block location fail-over proxy with 1 nodes: [nodeId=scmNodeId,nodeAddress=/0.0.0.0:15054]
2023-08-31 18:18:28,224 [main] INFO  proxy.SCMBlockLocationFailoverProxyProvider (SCMBlockLocationFailoverProxyProvider.java:<init>(114)) - Created block location fail-over proxy with 1 nodes: [nodeId=scmNodeId,nodeAddress=/0.0.0.0:15054]
2023-08-31 18:18:28,242 [main] INFO  om.OzoneManager (OzoneManager.java:<init>(665)) - OM start with adminUsers: [runner]
2023-08-31 18:18:28,243 [main] WARN  server.ServerUtils (ServerUtils.java:getDBPath(311)) - ozone.om.db.dirs is not configured. We recommend adding this setting. Falling back to ozone.metadata.dirs instead.
2023-08-31 18:18:28,249 [main] INFO  helpers.OmKeyInfo (OmKeyInfo.java:getCodec(71)) - OmKeyInfo.getCodec ignorePipeline = true
2023-08-31 18:18:28,505 [main] INFO  om.OzoneManager (OzoneManager.java:instantiateServices(794)) - S3 Multi-Tenancy is disabled
2023-08-31 18:18:28,505 [main] INFO  om.OmSnapshotManager (OmSnapshotManager.java:<init>(174)) - Ozone filesystem snapshot feature is enabled.
2023-08-31 18:18:28,505 [main] WARN  server.ServerUtils (ServerUtils.java:getDBPath(311)) - ozone.om.snapshot.diff.db.dir is not configured. We recommend adding this setting. Falling back to ozone.metadata.dirs instead.
2023-08-31 18:18:28,549 [main] INFO  snapshot.SnapshotDiffManager (SnapshotDiffManager.java:closeExecutorService(1697)) - Shutting down executorService: 'SstDumpToolExecutor'
2023-08-31 18:18:28,551 [main] INFO  om.OzoneManager (OzoneManager.java:addS3GVolumeToDB(4301)) - Created Volume s3v With Owner runner required for S3Gateway operations.
2023-08-31 18:18:28,552 [main] INFO  om.OzoneManager (OzoneManager.java:getRpcServer(1196)) - Creating RPC Server
2023-08-31 18:18:29,099 [main] INFO  reflections.Reflections (Reflections.java:scan(232)) - Reflections took 545 ms to scan 19 urls, producing 70 keys and 5672 values [using 2 cores]
2023-08-31 18:18:29,101 [main] INFO  ipc.CallQueueManager (CallQueueManager.java:<init>(90)) - Using callQueue: class java.util.concurrent.LinkedBlockingQueue, queueCapacity: 2000, scheduler: class org.apache.hadoop.ipc.DefaultRpcScheduler, ipcBackoff: false.
2023-08-31 18:18:29,102 [main] INFO  ipc.Server (Server.java:<init>(1287)) - Listener at 127.0.0.1:15057
2023-08-31 18:18:29,102 [Socket Reader #1 for port 15057] INFO  ipc.Server (Server.java:run(1323)) - Starting Socket Reader #1 for port 15057
2023-08-31 18:18:29,126 [main] INFO  impl.MetricsSystemImpl (MetricsSystemImpl.java:init(158)) - OzoneManager metrics system started (again)
2023-08-31 18:18:29,138 [main] INFO  om.OzoneManager (OzoneManager.java:start(1630)) - OzoneManager RPC server is listening at localhost/127.0.0.1:15057
2023-08-31 18:18:29,139 [main] INFO  om.OzoneManager (OzoneManager.java:start(1646)) - Version File has different layout version (6) than OM DB (null). That is expected if this OM has never been finalized to a newer layout version.
2023-08-31 18:18:29,154 [main] INFO  http.BaseHttpServer (BaseHttpServer.java:newHttpServer2BuilderForOzone(223)) - Starting Web-server for ozoneManager at: http://0.0.0.0:15058
2023-08-31 18:18:29,154 [main] INFO  http.BaseHttpServer (BaseHttpServer.java:<init>(110)) - Hadoop Security Enabled: false Ozone Security Enabled: false Ozone HTTP Security Enabled: false 
2023-08-31 18:18:29,156 [main] WARN  server.AuthenticationFilter (AuthenticationFilter.java:constructSecretProvider(240)) - Unable to initialize FileSignerSecretProvider, falling back to use random secrets. Reason: Could not read signature secret file: /home/runner/hadoop-http-auth-signature-secret
2023-08-31 18:18:29,157 [main] INFO  http.HttpRequestLog (HttpRequestLog.java:getRequestLog(86)) - Http request log for http.requests.ozoneManager is not defined
2023-08-31 18:18:29,161 [main] INFO  http.HttpServer2 (HttpServer2.java:addGlobalFilter(1031)) - Added global filter 'safety' (class=org.apache.hadoop.hdds.server.http.HttpServer2$QuotingInputFilter)
2023-08-31 18:18:29,162 [main] INFO  http.HttpServer2 (HttpServer2.java:addFilter(1007)) - Added filter static_user_filter (class=org.apache.hadoop.http.lib.StaticUserWebFilter$StaticUserFilter) to context ozoneManager
2023-08-31 18:18:29,162 [main] INFO  http.HttpServer2 (HttpServer2.java:addFilter(1015)) - Added filter static_user_filter (class=org.apache.hadoop.http.lib.StaticUserWebFilter$StaticUserFilter) to context static
2023-08-31 18:18:29,162 [main] INFO  http.HttpServer2 (HttpServer2.java:addFilter(1015)) - Added filter static_user_filter (class=org.apache.hadoop.http.lib.StaticUserWebFilter$StaticUserFilter) to context logs
2023-08-31 18:18:29,163 [main] INFO  http.BaseHttpServer (BaseHttpServer.java:<init>(189)) - HTTP server of ozoneManager uses base directory /home/runner/work/ozone/ozone/hadoop-ozone/integration-test/target/test-dir/MiniOzoneClusterImpl-1f897967-a85f-45b1-932e-48a7a77b5829/ozone-meta/webserver
2023-08-31 18:18:29,164 [main] INFO  http.HttpServer2 (HttpServer2.java:bindListener(1231)) - Jetty bound to port 15058
2023-08-31 18:18:29,164 [main] INFO  server.Server (Server.java:doStart(375)) - jetty-9.4.51.v20230217; built: 2023-02-17T08:19:37.309Z; git: b45c405e4544384de066f814ed42ae3dceacdd49; jvm 1.8.0_382-b05
2023-08-31 18:18:29,166 [main] INFO  server.session (DefaultSessionIdManager.java:doStart(334)) - DefaultSessionIdManager workerName=node0
2023-08-31 18:18:29,166 [main] INFO  server.session (DefaultSessionIdManager.java:doStart(339)) - No SessionScavenger set, using defaults
2023-08-31 18:18:29,166 [main] INFO  server.session (HouseKeeper.java:startScavenging(132)) - node0 Scavenging every 660000ms
2023-08-31 18:18:29,167 [main] INFO  handler.ContextHandler (ContextHandler.java:doStart(921)) - Started o.e.j.s.ServletContextHandler@2be4f17b{logs,/logs,file:///home/runner/work/ozone/ozone/hadoop-ozone/integration-test/target/log,AVAILABLE}
2023-08-31 18:18:29,168 [main] INFO  handler.ContextHandler (ContextHandler.java:doStart(921)) - Started o.e.j.s.ServletContextHandler@57800592{static,/static,file:///home/runner/work/ozone/ozone/hadoop-ozone/integration-test/target/test-classes/webapps/static,AVAILABLE}
2023-08-31 18:18:29,171 [main] INFO  handler.ContextHandler (ContextHandler.java:doStart(921)) - Started o.e.j.w.WebAppContext@46fac10{ozoneManager,/,file:///home/runner/work/ozone/ozone/hadoop-ozone/integration-test/target/test-classes/webapps/ozoneManager/,AVAILABLE}{file:/home/runner/work/ozone/ozone/hadoop-ozone/integration-test/target/test-classes/webapps/ozoneManager}
2023-08-31 18:18:29,173 [main] INFO  server.AbstractConnector (AbstractConnector.java:doStart(333)) - Started ServerConnector@7c0c3319{HTTP/1.1, (http/1.1)}{0.0.0.0:15058}
2023-08-31 18:18:29,173 [main] INFO  server.Server (Server.java:doStart(415)) - Started @120498ms
2023-08-31 18:18:29,173 [main] WARN  impl.MetricsSystemImpl (MetricsSystemImpl.java:register(279)) - Sink prometheus already exists!
2023-08-31 18:18:29,174 [main] INFO  http.BaseHttpServer (BaseHttpServer.java:updateConnectorAddress(354)) - HTTP server of ozoneManager listening at http://0.0.0.0:15058
2023-08-31 18:18:29,174 [IPC Server Responder] INFO  ipc.Server (Server.java:run(1562)) - IPC Server Responder: starting
2023-08-31 18:18:29,175 [IPC Server listener on 15057] INFO  ipc.Server (Server.java:run(1402)) - IPC Server listener on 15057: starting
2023-08-31 18:18:29,177 [main] INFO  om.TrashPolicyOzone (TrashPolicyOzone.java:<init>(277)) - Ozone Manager trash configuration: Deletion interval = 0 minutes, Emptier interval = 0 minutes.
2023-08-31 18:18:29,185 [JvmPauseMonitor8] INFO  util.JvmPauseMonitor (JvmPauseMonitor.java:run(103)) - JvmPauseMonitor-66d876a1-ab62-46cf-a9b8-b48a1b664235: Started
2023-08-31 18:18:29,203 [main] INFO  impl.MetricsSystemImpl (MetricsSystemImpl.java:init(158)) - HddsDatanode metrics system started (again)
2023-08-31 18:18:29,216 [main] INFO  ozone.HddsDatanodeService (HddsDatanodeService.java:start(237)) - HddsDatanodeService host:fv-az1129-899 ip:10.1.0.8
2023-08-31 18:18:29,248 [main] INFO  upgrade.AbstractLayoutVersionManager (AbstractLayoutVersionManager.java:init(83)) - Initializing Layout version manager with metadata layout = HADOOP_PRC_PORTS_IN_DATANODEDETAILS (version = 7), software layout = HADOOP_PRC_PORTS_IN_DATANODEDETAILS (version = 7)
2023-08-31 18:18:29,249 [main] INFO  statemachine.DatanodeStateMachine (DatanodeStateMachine.java:getEndPointTaskThreadPoolSize(282)) - Datanode State Machine Task Thread Pool size 2
2023-08-31 18:18:29,250 [main] INFO  volume.HddsVolume (HddsVolume.java:<init>(126)) - Creating HddsVolume: /home/runner/work/ozone/ozone/hadoop-ozone/integration-test/target/test-dir/MiniOzoneClusterImpl-1f897967-a85f-45b1-932e-48a7a77b5829/datanode-0/data-0/containers/hdds of storage type : DISK capacity : 9223372036854775807
2023-08-31 18:18:29,251 [main] INFO  volume.MutableVolumeSet (MutableVolumeSet.java:initializeVolumeSet(173)) - Added Volume : /home/runner/work/ozone/ozone/hadoop-ozone/integration-test/target/test-dir/MiniOzoneClusterImpl-1f897967-a85f-45b1-932e-48a7a77b5829/datanode-0/data-0/containers/hdds to VolumeSet
2023-08-31 18:18:29,252 [main] INFO  volume.MutableVolumeSet (MutableVolumeSet.java:initializeVolumeSet(173)) - Added Volume : /home/runner/work/ozone/ozone/hadoop-ozone/integration-test/target/test-dir/MiniOzoneClusterImpl-1f897967-a85f-45b1-932e-48a7a77b5829/datanode-0/data/ratis to VolumeSet
2023-08-31 18:18:29,252 [Thread-798] INFO  ozoneimpl.ContainerReader (ContainerReader.java:readVolume(177)) - Finish verifying containers on volume /home/runner/work/ozone/ozone/hadoop-ozone/integration-test/target/test-dir/MiniOzoneClusterImpl-1f897967-a85f-45b1-932e-48a7a77b5829/datanode-0/data-0/containers/hdds
2023-08-31 18:18:29,252 [main] INFO  ozoneimpl.OzoneContainer (OzoneContainer.java:buildContainerSet(314)) - Build ContainerSet costs 0s
2023-08-31 18:18:29,256 [main] INFO  server.RaftServer (ConfUtils.java:logGet(46)) - raft.rpc.type = GRPC (default)
2023-08-31 18:18:29,256 [main] INFO  grpc.GrpcConfigKeys (ConfUtils.java:logFallback(53)) - raft.grpc.admin.host = null (fallback to raft.grpc.server.host)
2023-08-31 18:18:29,256 [main] INFO  grpc.GrpcConfigKeys (ConfUtils.java:logGet(46)) - raft.grpc.admin.port = 15066 (custom)
2023-08-31 18:18:29,256 [main] INFO  grpc.GrpcConfigKeys (ConfUtils.java:logFallback(53)) - raft.grpc.client.host = null (fallback to raft.grpc.server.host)
2023-08-31 18:18:29,257 [main] INFO  grpc.GrpcConfigKeys (ConfUtils.java:logGet(46)) - raft.grpc.client.port = 15065 (custom)
2023-08-31 18:18:29,257 [main] INFO  grpc.GrpcConfigKeys (ConfUtils.java:logGet(46)) - raft.grpc.server.host = null (default)
2023-08-31 18:18:29,257 [main] INFO  grpc.GrpcConfigKeys (ConfUtils.java:logGet(46)) - raft.grpc.server.port = 15067 (custom)
2023-08-31 18:18:29,257 [main] INFO  server.GrpcService (ConfUtils.java:logGet(46)) - raft.grpc.message.size.max = 32MB (=33554432) (custom)
2023-08-31 18:18:29,257 [main] INFO  server.RaftServerConfigKeys (ConfUtils.java:logGet(46)) - raft.server.log.appender.buffer.byte-limit = 33554432 (custom)
2023-08-31 18:18:29,257 [main] INFO  server.GrpcService (ConfUtils.java:logGet(46)) - raft.grpc.flow.control.window = 5MB (=5242880) (custom)
2023-08-31 18:18:29,257 [main] INFO  server.RaftServerConfigKeys (ConfUtils.java:logGet(46)) - raft.server.rpc.request.timeout = 60s (custom)
2023-08-31 18:18:29,258 [main] INFO  grpc.GrpcConfigKeys (ConfUtils.java:logGet(46)) - raft.grpc.server.heartbeat.channel = true (default)
2023-08-31 18:18:29,258 [main] INFO  grpc.GrpcConfigKeys (ConfUtils.java:logGet(46)) - raft.grpc.server.async.request.thread.pool.cached = true (default)
2023-08-31 18:18:29,258 [main] INFO  grpc.GrpcConfigKeys (ConfUtils.java:logGet(46)) - raft.grpc.server.async.request.thread.pool.size = 32 (default)
2023-08-31 18:18:29,261 [main] INFO  impl.DataStreamServerImpl (ConfUtils.java:logGet(46)) - raft.datastream.type = NETTY (custom)
2023-08-31 18:18:29,262 [main] INFO  server.RaftServerConfigKeys (ConfUtils.java:logGet(46)) - raft.server.data-stream.async.request.thread.pool.cached = false (default)
2023-08-31 18:18:29,262 [main] INFO  server.RaftServerConfigKeys (ConfUtils.java:logGet(46)) - raft.server.data-stream.async.request.thread.pool.size = 20 (custom)
2023-08-31 18:18:29,262 [main] INFO  server.RaftServerConfigKeys (ConfUtils.java:logGet(46)) - raft.server.data-stream.async.write.thread.pool.size = 16 (default)
2023-08-31 18:18:29,262 [main] INFO  server.RaftServerConfigKeys (ConfUtils.java:logGet(46)) - raft.server.data-stream.client.pool.size = 10 (default)
2023-08-31 18:18:29,262 [main] INFO  netty.NettyConfigKeys$DataStream (ConfUtils.java:logGet(46)) - raft.netty.dataStream.server.use-epoll = false (default)
2023-08-31 18:18:29,263 [main] INFO  netty.NettyConfigKeys$DataStream (ConfUtils.java:logGet(46)) - raft.netty.dataStream.server.boss-group.size = 0 (default)
2023-08-31 18:18:29,263 [main] INFO  netty.NettyConfigKeys$DataStream (ConfUtils.java:logGet(46)) - raft.netty.dataStream.server.worker-group.size = 0 (default)
2023-08-31 18:18:29,264 [main] INFO  netty.NettyConfigKeys$DataStream (ConfUtils.java:logGet(46)) - raft.netty.dataStream.server.tls.conf = null (default)
2023-08-31 18:18:29,264 [main] INFO  netty.NettyConfigKeys$DataStream (ConfUtils.java:logGet(46)) - raft.netty.dataStream.host = null (default)
2023-08-31 18:18:29,264 [main] INFO  netty.NettyConfigKeys$DataStream (ConfUtils.java:logGet(46)) - raft.netty.dataStream.port = 15068 (custom)
2023-08-31 18:18:29,270 [main] INFO  server.RaftServerConfigKeys (ConfUtils.java:logGet(46)) - raft.server.threadpool.proxy.cached = true (default)
2023-08-31 18:18:29,270 [main] INFO  server.RaftServerConfigKeys (ConfUtils.java:logGet(46)) - raft.server.threadpool.proxy.size = 0 (default)
2023-08-31 18:18:29,270 [main] INFO  server.RaftServerConfigKeys (ConfUtils.java:logGet(46)) - raft.server.rpc.slowness.timeout = 300s (custom)
2023-08-31 18:18:29,270 [main] INFO  server.RaftServerConfigKeys (ConfUtils.java:logGet(46)) - raft.server.leaderelection.leader.step-down.wait-time = 10s (default)
2023-08-31 18:18:29,270 [main] INFO  server.RaftServerConfigKeys (ConfUtils.java:logGet(46)) - raft.server.storage.dir = [/home/runner/work/ozone/ozone/hadoop-ozone/integration-test/target/test-dir/MiniOzoneClusterImpl-1f897967-a85f-45b1-932e-48a7a77b5829/datanode-0/data/ratis] (custom)
2023-08-31 18:18:29,271 [9837b75f-f89f-41e6-b8da-41fb6e633a75-NettyServerStreamRpc-bossGroup--thread1] INFO  logging.LoggingHandler (AbstractInternalLogger.java:log(148)) - [id: 0x77a36c7d] REGISTERED
2023-08-31 18:18:29,271 [9837b75f-f89f-41e6-b8da-41fb6e633a75-NettyServerStreamRpc-bossGroup--thread1] INFO  logging.LoggingHandler (AbstractInternalLogger.java:log(148)) - [id: 0x77a36c7d] BIND: 0.0.0.0/0.0.0.0:15068
2023-08-31 18:18:29,271 [9837b75f-f89f-41e6-b8da-41fb6e633a75-NettyServerStreamRpc-bossGroup--thread1] INFO  logging.LoggingHandler (AbstractInternalLogger.java:log(148)) - [id: 0x77a36c7d, L:/0:0:0:0:0:0:0:0:15068] ACTIVE
2023-08-31 18:18:29,272 [9837b75f-f89f-41e6-b8da-41fb6e633a75-impl-thread1] INFO  server.RaftServer (RaftServerProxy.java:initGroupDir(258)) - 9837b75f-f89f-41e6-b8da-41fb6e633a75: found a subdirectory /home/runner/work/ozone/ozone/hadoop-ozone/integration-test/target/test-dir/MiniOzoneClusterImpl-1f897967-a85f-45b1-932e-48a7a77b5829/datanode-0/data/ratis/tmp
2023-08-31 18:18:29,272 [9837b75f-f89f-41e6-b8da-41fb6e633a75-impl-thread1] INFO  server.RaftServer (RaftServerProxy.java:initGroupDir(263)) - 9837b75f-f89f-41e6-b8da-41fb6e633a75: The directory /home/runner/work/ozone/ozone/hadoop-ozone/integration-test/target/test-dir/MiniOzoneClusterImpl-1f897967-a85f-45b1-932e-48a7a77b5829/datanode-0/data/ratis/tmp is not a group directory; ignoring it. 
2023-08-31 18:18:29,272 [main] INFO  replication.ReplicationServer (ReplicationServer.java:<init>(81)) - Initializing replication server with thread count = 10
2023-08-31 18:18:29,274 [main] INFO  server.XceiverServerGrpc (XceiverServerGrpc.java:<init>(132)) - GrpcServer channel type EpollServerSocketChannel
2023-08-31 18:18:29,276 [main] INFO  replication.ReplicationSupervisor (ReplicationSupervisor.java:build(155)) - Initializing replication supervisor with thread count = 10
2023-08-31 18:18:29,276 [main] INFO  replication.ReplicationSupervisor (ReplicationSupervisor.java:nodeStateUpdated(307)) - Node state updated to IN_SERVICE, scaling executor pool size to 10
2023-08-31 18:18:29,279 [main] INFO  http.BaseHttpServer (BaseHttpServer.java:newHttpServer2BuilderForOzone(223)) - Starting Web-server for hddsDatanode at: http://0.0.0.0:15062
2023-08-31 18:18:29,279 [main] INFO  http.BaseHttpServer (BaseHttpServer.java:<init>(110)) - Hadoop Security Enabled: false Ozone Security Enabled: false Ozone HTTP Security Enabled: false 
2023-08-31 18:18:29,280 [main] WARN  server.AuthenticationFilter (AuthenticationFilter.java:constructSecretProvider(240)) - Unable to initialize FileSignerSecretProvider, falling back to use random secrets. Reason: Could not read signature secret file: /home/runner/hadoop-http-auth-signature-secret
2023-08-31 18:18:29,283 [main] INFO  http.HttpRequestLog (HttpRequestLog.java:getRequestLog(86)) - Http request log for http.requests.hddsDatanode is not defined
2023-08-31 18:18:29,284 [main] INFO  http.HttpServer2 (HttpServer2.java:addGlobalFilter(1031)) - Added global filter 'safety' (class=org.apache.hadoop.hdds.server.http.HttpServer2$QuotingInputFilter)
2023-08-31 18:18:29,285 [main] INFO  http.HttpServer2 (HttpServer2.java:addFilter(1007)) - Added filter static_user_filter (class=org.apache.hadoop.http.lib.StaticUserWebFilter$StaticUserFilter) to context hddsDatanode
2023-08-31 18:18:29,285 [main] INFO  http.HttpServer2 (HttpServer2.java:addFilter(1015)) - Added filter static_user_filter (class=org.apache.hadoop.http.lib.StaticUserWebFilter$StaticUserFilter) to context logs
2023-08-31 18:18:29,285 [main] INFO  http.HttpServer2 (HttpServer2.java:addFilter(1015)) - Added filter static_user_filter (class=org.apache.hadoop.http.lib.StaticUserWebFilter$StaticUserFilter) to context static
2023-08-31 18:18:29,286 [main] INFO  http.BaseHttpServer (BaseHttpServer.java:<init>(189)) - HTTP server of hddsDatanode uses base directory /home/runner/work/ozone/ozone/hadoop-ozone/integration-test/target/test-dir/MiniOzoneClusterImpl-1f897967-a85f-45b1-932e-48a7a77b5829/datanode-0/meta/webserver
2023-08-31 18:18:29,286 [main] INFO  http.HttpServer2 (HttpServer2.java:bindListener(1231)) - Jetty bound to port 15062
2023-08-31 18:18:29,286 [main] INFO  server.Server (Server.java:doStart(375)) - jetty-9.4.51.v20230217; built: 2023-02-17T08:19:37.309Z; git: b45c405e4544384de066f814ed42ae3dceacdd49; jvm 1.8.0_382-b05
2023-08-31 18:18:29,292 [main] INFO  server.session (DefaultSessionIdManager.java:doStart(334)) - DefaultSessionIdManager workerName=node0
2023-08-31 18:18:29,292 [main] INFO  server.session (DefaultSessionIdManager.java:doStart(339)) - No SessionScavenger set, using defaults
2023-08-31 18:18:29,293 [main] INFO  server.session (HouseKeeper.java:startScavenging(132)) - node0 Scavenging every 600000ms
2023-08-31 18:18:29,293 [main] INFO  handler.ContextHandler (ContextHandler.java:doStart(921)) - Started o.e.j.s.ServletContextHandler@30e4bea9{logs,/logs,file:///home/runner/work/ozone/ozone/hadoop-ozone/integration-test/target/log,AVAILABLE}
2023-08-31 18:18:29,294 [main] INFO  handler.ContextHandler (ContextHandler.java:doStart(921)) - Started o.e.j.s.ServletContextHandler@3ad300bc{static,/static,jar:file:/home/runner/.m2/repository/org/apache/ozone/hdds-container-service/1.4.0-SNAPSHOT/hdds-container-service-1.4.0-SNAPSHOT.jar!/webapps/static,AVAILABLE}
2023-08-31 18:18:29,531 [main] INFO  handler.ContextHandler (ContextHandler.java:doStart(921)) - Started o.e.j.w.WebAppContext@4d74c01d{hddsDatanode,/,file:///home/runner/work/ozone/ozone/hadoop-ozone/integration-test/target/test-dir/MiniOzoneClusterImpl-1f897967-a85f-45b1-932e-48a7a77b5829/datanode-0/meta/webserver/jetty-0_0_0_0-15062-hdds-container-service-1_4_0-SNAPSHOT_jar-_-any-6642733954613794650/webapp/,AVAILABLE}{jar:file:/home/runner/.m2/repository/org/apache/ozone/hdds-container-service/1.4.0-SNAPSHOT/hdds-container-service-1.4.0-SNAPSHOT.jar!/webapps/hddsDatanode}
2023-08-31 18:18:29,533 [main] INFO  server.AbstractConnector (AbstractConnector.java:doStart(333)) - Started ServerConnector@32d2cb0c{HTTP/1.1, (http/1.1)}{0.0.0.0:15062}
2023-08-31 18:18:29,533 [main] INFO  server.Server (Server.java:doStart(415)) - Started @120858ms
2023-08-31 18:18:29,534 [main] WARN  impl.MetricsSystemImpl (MetricsSystemImpl.java:register(279)) - Sink prometheus already exists!
2023-08-31 18:18:29,534 [main] INFO  http.BaseHttpServer (BaseHttpServer.java:updateConnectorAddress(354)) - HTTP server of hddsDatanode listening at http://0.0.0.0:15062
2023-08-31 18:18:29,535 [main] INFO  ipc.CallQueueManager (CallQueueManager.java:<init>(90)) - Using callQueue: class java.util.concurrent.LinkedBlockingQueue, queueCapacity: 100, scheduler: class org.apache.hadoop.ipc.DefaultRpcScheduler, ipcBackoff: false.
2023-08-31 18:18:29,535 [main] INFO  ipc.Server (Server.java:<init>(1287)) - Listener at 0.0.0.0:15063
2023-08-31 18:18:29,536 [Socket Reader #1 for port 15063] INFO  ipc.Server (Server.java:run(1323)) - Starting Socket Reader #1 for port 15063
2023-08-31 18:18:29,549 [main] INFO  ozone.HddsDatanodeService (HddsDatanodeService.java:start(315)) - Datanode start with admins: [runner]
2023-08-31 18:18:29,549 [main] INFO  ozone.HddsDatanodeClientProtocolServer (HddsDatanodeClientProtocolServer.java:start(72)) - RPC server for Client /0.0.0.0:15063
2023-08-31 18:18:29,555 [IPC Server Responder] INFO  ipc.Server (Server.java:run(1562)) - IPC Server Responder: starting
2023-08-31 18:18:29,566 [IPC Server listener on 15063] INFO  ipc.Server (Server.java:run(1402)) - IPC Server listener on 15063: starting
2023-08-31 18:18:29,567 [Datanode State Machine Daemon Thread] INFO  statemachine.DatanodeStateMachine (DatanodeStateMachine.java:lambda$startDaemon$0(538)) - Ozone container server started.
2023-08-31 18:18:29,567 [main] WARN  impl.MetricRegistriesImpl (MetricRegistriesImpl.java:addReporterRegistration(111)) - New reporters are added after registries were created. Some metrics will be missing from the reporter. Please add reporter before adding any new registry.
2023-08-31 18:18:29,569 [main] WARN  impl.MetricRegistriesImpl (MetricRegistriesImpl.java:addReporterRegistration(111)) - New reporters are added after registries were created. Some metrics will be missing from the reporter. Please add reporter before adding any new registry.
2023-08-31 18:18:29,569 [main] INFO  impl.MetricsSystemImpl (MetricsSystemImpl.java:init(158)) - HddsDatanode metrics system started (again)
2023-08-31 18:18:29,584 [main] INFO  ozone.HddsDatanodeService (HddsDatanodeService.java:start(237)) - HddsDatanodeService host:fv-az1129-899 ip:10.1.0.8
2023-08-31 18:18:29,592 [Datanode State Machine Task Thread - 0] INFO  datanode.InitDatanodeState (InitDatanodeState.java:persistContainerDatanodeDetails(138)) - DatanodeDetails is persisted to /home/runner/work/ozone/ozone/hadoop-ozone/integration-test/target/test-dir/MiniOzoneClusterImpl-1f897967-a85f-45b1-932e-48a7a77b5829/datanode-0/meta/datanode.id
2023-08-31 18:18:29,618 [main] INFO  upgrade.AbstractLayoutVersionManager (AbstractLayoutVersionManager.java:init(83)) - Initializing Layout version manager with metadata layout = HADOOP_PRC_PORTS_IN_DATANODEDETAILS (version = 7), software layout = HADOOP_PRC_PORTS_IN_DATANODEDETAILS (version = 7)
2023-08-31 18:18:29,618 [main] INFO  statemachine.DatanodeStateMachine (DatanodeStateMachine.java:getEndPointTaskThreadPoolSize(282)) - Datanode State Machine Task Thread Pool size 2
2023-08-31 18:18:29,620 [main] INFO  volume.HddsVolume (HddsVolume.java:<init>(126)) - Creating HddsVolume: /home/runner/work/ozone/ozone/hadoop-ozone/integration-test/target/test-dir/MiniOzoneClusterImpl-1f897967-a85f-45b1-932e-48a7a77b5829/datanode-1/data-0/containers/hdds of storage type : DISK capacity : 9223372036854775807
2023-08-31 18:18:29,620 [main] INFO  volume.MutableVolumeSet (MutableVolumeSet.java:initializeVolumeSet(173)) - Added Volume : /home/runner/work/ozone/ozone/hadoop-ozone/integration-test/target/test-dir/MiniOzoneClusterImpl-1f897967-a85f-45b1-932e-48a7a77b5829/datanode-1/data-0/containers/hdds to VolumeSet
2023-08-31 18:18:29,621 [main] INFO  volume.MutableVolumeSet (MutableVolumeSet.java:initializeVolumeSet(173)) - Added Volume : /home/runner/work/ozone/ozone/hadoop-ozone/integration-test/target/test-dir/MiniOzoneClusterImpl-1f897967-a85f-45b1-932e-48a7a77b5829/datanode-1/data/ratis to VolumeSet
2023-08-31 18:18:29,622 [Thread-815] INFO  ozoneimpl.ContainerReader (ContainerReader.java:readVolume(177)) - Finish verifying containers on volume /home/runner/work/ozone/ozone/hadoop-ozone/integration-test/target/test-dir/MiniOzoneClusterImpl-1f897967-a85f-45b1-932e-48a7a77b5829/datanode-1/data-0/containers/hdds
2023-08-31 18:18:29,622 [main] INFO  ozoneimpl.OzoneContainer (OzoneContainer.java:buildContainerSet(314)) - Build ContainerSet costs 0s
2023-08-31 18:18:29,625 [main] INFO  server.RaftServer (ConfUtils.java:logGet(46)) - raft.rpc.type = GRPC (default)
2023-08-31 18:18:29,625 [main] INFO  grpc.GrpcConfigKeys (ConfUtils.java:logFallback(53)) - raft.grpc.admin.host = null (fallback to raft.grpc.server.host)
2023-08-31 18:18:29,626 [main] INFO  grpc.GrpcConfigKeys (ConfUtils.java:logGet(46)) - raft.grpc.admin.port = 15075 (custom)
2023-08-31 18:18:29,626 [main] INFO  grpc.GrpcConfigKeys (ConfUtils.java:logFallback(53)) - raft.grpc.client.host = null (fallback to raft.grpc.server.host)
2023-08-31 18:18:29,626 [main] INFO  grpc.GrpcConfigKeys (ConfUtils.java:logGet(46)) - raft.grpc.client.port = 15074 (custom)
2023-08-31 18:18:29,626 [main] INFO  grpc.GrpcConfigKeys (ConfUtils.java:logGet(46)) - raft.grpc.server.host = null (default)
2023-08-31 18:18:29,626 [main] INFO  grpc.GrpcConfigKeys (ConfUtils.java:logGet(46)) - raft.grpc.server.port = 15076 (custom)
2023-08-31 18:18:29,626 [main] INFO  server.GrpcService (ConfUtils.java:logGet(46)) - raft.grpc.message.size.max = 32MB (=33554432) (custom)
2023-08-31 18:18:29,627 [main] INFO  server.RaftServerConfigKeys (ConfUtils.java:logGet(46)) - raft.server.log.appender.buffer.byte-limit = 33554432 (custom)
2023-08-31 18:18:29,627 [main] INFO  server.GrpcService (ConfUtils.java:logGet(46)) - raft.grpc.flow.control.window = 5MB (=5242880) (custom)
2023-08-31 18:18:29,627 [main] INFO  server.RaftServerConfigKeys (ConfUtils.java:logGet(46)) - raft.server.rpc.request.timeout = 60s (custom)
2023-08-31 18:18:29,627 [main] INFO  grpc.GrpcConfigKeys (ConfUtils.java:logGet(46)) - raft.grpc.server.heartbeat.channel = true (default)
2023-08-31 18:18:29,627 [main] INFO  grpc.GrpcConfigKeys (ConfUtils.java:logGet(46)) - raft.grpc.server.async.request.thread.pool.cached = true (default)
2023-08-31 18:18:29,627 [main] INFO  grpc.GrpcConfigKeys (ConfUtils.java:logGet(46)) - raft.grpc.server.async.request.thread.pool.size = 32 (default)
2023-08-31 18:18:29,630 [main] INFO  impl.DataStreamServerImpl (ConfUtils.java:logGet(46)) - raft.datastream.type = NETTY (custom)
2023-08-31 18:18:29,631 [main] INFO  server.RaftServerConfigKeys (ConfUtils.java:logGet(46)) - raft.server.data-stream.async.request.thread.pool.cached = false (default)
2023-08-31 18:18:29,631 [main] INFO  server.RaftServerConfigKeys (ConfUtils.java:logGet(46)) - raft.server.data-stream.async.request.thread.pool.size = 20 (custom)
2023-08-31 18:18:29,631 [main] INFO  server.RaftServerConfigKeys (ConfUtils.java:logGet(46)) - raft.server.data-stream.async.write.thread.pool.size = 16 (default)
2023-08-31 18:18:29,631 [main] INFO  server.RaftServerConfigKeys (ConfUtils.java:logGet(46)) - raft.server.data-stream.client.pool.size = 10 (default)
2023-08-31 18:18:29,631 [main] INFO  netty.NettyConfigKeys$DataStream (ConfUtils.java:logGet(46)) - raft.netty.dataStream.server.use-epoll = false (default)
2023-08-31 18:18:29,632 [main] INFO  netty.NettyConfigKeys$DataStream (ConfUtils.java:logGet(46)) - raft.netty.dataStream.server.boss-group.size = 0 (default)
2023-08-31 18:18:29,632 [main] INFO  netty.NettyConfigKeys$DataStream (ConfUtils.java:logGet(46)) - raft.netty.dataStream.server.worker-group.size = 0 (default)
2023-08-31 18:18:29,633 [main] INFO  netty.NettyConfigKeys$DataStream (ConfUtils.java:logGet(46)) - raft.netty.dataStream.server.tls.conf = null (default)
2023-08-31 18:18:29,633 [main] INFO  netty.NettyConfigKeys$DataStream (ConfUtils.java:logGet(46)) - raft.netty.dataStream.host = null (default)
2023-08-31 18:18:29,633 [main] INFO  netty.NettyConfigKeys$DataStream (ConfUtils.java:logGet(46)) - raft.netty.dataStream.port = 15077 (custom)
2023-08-31 18:18:29,634 [main] INFO  server.RaftServerConfigKeys (ConfUtils.java:logGet(46)) - raft.server.threadpool.proxy.cached = true (default)
2023-08-31 18:18:29,634 [main] INFO  server.RaftServerConfigKeys (ConfUtils.java:logGet(46)) - raft.server.threadpool.proxy.size = 0 (default)
2023-08-31 18:18:29,634 [main] INFO  server.RaftServerConfigKeys (ConfUtils.java:logGet(46)) - raft.server.rpc.slowness.timeout = 300s (custom)
2023-08-31 18:18:29,634 [8ed59791-7601-47e5-a424-1bf234fecffd-NettyServerStreamRpc-bossGroup--thread1] INFO  logging.LoggingHandler (AbstractInternalLogger.java:log(148)) - [id: 0x6f489532] REGISTERED
2023-08-31 18:18:29,634 [main] INFO  server.RaftServerConfigKeys (ConfUtils.java:logGet(46)) - raft.server.leaderelection.leader.step-down.wait-time = 10s (default)
2023-08-31 18:18:29,634 [8ed59791-7601-47e5-a424-1bf234fecffd-NettyServerStreamRpc-bossGroup--thread1] INFO  logging.LoggingHandler (AbstractInternalLogger.java:log(148)) - [id: 0x6f489532] BIND: 0.0.0.0/0.0.0.0:15077
2023-08-31 18:18:29,635 [main] INFO  server.RaftServerConfigKeys (ConfUtils.java:logGet(46)) - raft.server.storage.dir = [/home/runner/work/ozone/ozone/hadoop-ozone/integration-test/target/test-dir/MiniOzoneClusterImpl-1f897967-a85f-45b1-932e-48a7a77b5829/datanode-1/data/ratis] (custom)
2023-08-31 18:18:29,635 [8ed59791-7601-47e5-a424-1bf234fecffd-NettyServerStreamRpc-bossGroup--thread1] INFO  logging.LoggingHandler (AbstractInternalLogger.java:log(148)) - [id: 0x6f489532, L:/0:0:0:0:0:0:0:0:15077] ACTIVE
2023-08-31 18:18:29,635 [8ed59791-7601-47e5-a424-1bf234fecffd-impl-thread1] INFO  server.RaftServer (RaftServerProxy.java:initGroupDir(258)) - 8ed59791-7601-47e5-a424-1bf234fecffd: found a subdirectory /home/runner/work/ozone/ozone/hadoop-ozone/integration-test/target/test-dir/MiniOzoneClusterImpl-1f897967-a85f-45b1-932e-48a7a77b5829/datanode-1/data/ratis/tmp
2023-08-31 18:18:29,635 [8ed59791-7601-47e5-a424-1bf234fecffd-impl-thread1] INFO  server.RaftServer (RaftServerProxy.java:initGroupDir(263)) - 8ed59791-7601-47e5-a424-1bf234fecffd: The directory /home/runner/work/ozone/ozone/hadoop-ozone/integration-test/target/test-dir/MiniOzoneClusterImpl-1f897967-a85f-45b1-932e-48a7a77b5829/datanode-1/data/ratis/tmp is not a group directory; ignoring it. 
2023-08-31 18:18:29,635 [main] INFO  replication.ReplicationServer (ReplicationServer.java:<init>(81)) - Initializing replication server with thread count = 10
2023-08-31 18:18:29,637 [main] INFO  server.XceiverServerGrpc (XceiverServerGrpc.java:<init>(132)) - GrpcServer channel type EpollServerSocketChannel
2023-08-31 18:18:29,639 [main] INFO  replication.ReplicationSupervisor (ReplicationSupervisor.java:build(155)) - Initializing replication supervisor with thread count = 10
2023-08-31 18:18:29,639 [main] INFO  replication.ReplicationSupervisor (ReplicationSupervisor.java:nodeStateUpdated(307)) - Node state updated to IN_SERVICE, scaling executor pool size to 10
2023-08-31 18:18:29,642 [main] INFO  http.BaseHttpServer (BaseHttpServer.java:newHttpServer2BuilderForOzone(223)) - Starting Web-server for hddsDatanode at: http://0.0.0.0:15071
2023-08-31 18:18:29,642 [main] INFO  http.BaseHttpServer (BaseHttpServer.java:<init>(110)) - Hadoop Security Enabled: false Ozone Security Enabled: false Ozone HTTP Security Enabled: false 
2023-08-31 18:18:29,643 [main] WARN  server.AuthenticationFilter (AuthenticationFilter.java:constructSecretProvider(240)) - Unable to initialize FileSignerSecretProvider, falling back to use random secrets. Reason: Could not read signature secret file: /home/runner/hadoop-http-auth-signature-secret
2023-08-31 18:18:29,644 [main] INFO  http.HttpRequestLog (HttpRequestLog.java:getRequestLog(86)) - Http request log for http.requests.hddsDatanode is not defined
2023-08-31 18:18:29,645 [main] INFO  http.HttpServer2 (HttpServer2.java:addGlobalFilter(1031)) - Added global filter 'safety' (class=org.apache.hadoop.hdds.server.http.HttpServer2$QuotingInputFilter)
2023-08-31 18:18:29,646 [main] INFO  http.HttpServer2 (HttpServer2.java:addFilter(1007)) - Added filter static_user_filter (class=org.apache.hadoop.http.lib.StaticUserWebFilter$StaticUserFilter) to context hddsDatanode
2023-08-31 18:18:29,646 [main] INFO  http.HttpServer2 (HttpServer2.java:addFilter(1015)) - Added filter static_user_filter (class=org.apache.hadoop.http.lib.StaticUserWebFilter$StaticUserFilter) to context logs
2023-08-31 18:18:29,646 [main] INFO  http.HttpServer2 (HttpServer2.java:addFilter(1015)) - Added filter static_user_filter (class=org.apache.hadoop.http.lib.StaticUserWebFilter$StaticUserFilter) to context static
2023-08-31 18:18:29,647 [main] INFO  http.BaseHttpServer (BaseHttpServer.java:<init>(189)) - HTTP server of hddsDatanode uses base directory /home/runner/work/ozone/ozone/hadoop-ozone/integration-test/target/test-dir/MiniOzoneClusterImpl-1f897967-a85f-45b1-932e-48a7a77b5829/datanode-1/meta/webserver
2023-08-31 18:18:29,647 [main] INFO  http.HttpServer2 (HttpServer2.java:bindListener(1231)) - Jetty bound to port 15071
2023-08-31 18:18:29,647 [main] INFO  server.Server (Server.java:doStart(375)) - jetty-9.4.51.v20230217; built: 2023-02-17T08:19:37.309Z; git: b45c405e4544384de066f814ed42ae3dceacdd49; jvm 1.8.0_382-b05
2023-08-31 18:18:29,649 [main] INFO  server.session (DefaultSessionIdManager.java:doStart(334)) - DefaultSessionIdManager workerName=node0
2023-08-31 18:18:29,649 [main] INFO  server.session (DefaultSessionIdManager.java:doStart(339)) - No SessionScavenger set, using defaults
2023-08-31 18:18:29,649 [main] INFO  server.session (HouseKeeper.java:startScavenging(132)) - node0 Scavenging every 600000ms
2023-08-31 18:18:29,650 [main] INFO  handler.ContextHandler (ContextHandler.java:doStart(921)) - Started o.e.j.s.ServletContextHandler@777777f2{logs,/logs,file:///home/runner/work/ozone/ozone/hadoop-ozone/integration-test/target/log,AVAILABLE}
2023-08-31 18:18:29,650 [main] INFO  handler.ContextHandler (ContextHandler.java:doStart(921)) - Started o.e.j.s.ServletContextHandler@7bec1342{static,/static,jar:file:/home/runner/.m2/repository/org/apache/ozone/hdds-container-service/1.4.0-SNAPSHOT/hdds-container-service-1.4.0-SNAPSHOT.jar!/webapps/static,AVAILABLE}
2023-08-31 18:18:29,884 [main] INFO  handler.ContextHandler (ContextHandler.java:doStart(921)) - Started o.e.j.w.WebAppContext@5737d839{hddsDatanode,/,file:///home/runner/work/ozone/ozone/hadoop-ozone/integration-test/target/test-dir/MiniOzoneClusterImpl-1f897967-a85f-45b1-932e-48a7a77b5829/datanode-1/meta/webserver/jetty-0_0_0_0-15071-hdds-container-service-1_4_0-SNAPSHOT_jar-_-any-3035842200520278020/webapp/,AVAILABLE}{jar:file:/home/runner/.m2/repository/org/apache/ozone/hdds-container-service/1.4.0-SNAPSHOT/hdds-container-service-1.4.0-SNAPSHOT.jar!/webapps/hddsDatanode}
2023-08-31 18:18:29,886 [main] INFO  server.AbstractConnector (AbstractConnector.java:doStart(333)) - Started ServerConnector@678e8bf2{HTTP/1.1, (http/1.1)}{0.0.0.0:15071}
2023-08-31 18:18:29,886 [main] INFO  server.Server (Server.java:doStart(415)) - Started @121211ms
2023-08-31 18:18:29,887 [main] WARN  impl.MetricsSystemImpl (MetricsSystemImpl.java:register(279)) - Sink prometheus already exists!
2023-08-31 18:18:29,887 [main] INFO  http.BaseHttpServer (BaseHttpServer.java:updateConnectorAddress(354)) - HTTP server of hddsDatanode listening at http://0.0.0.0:15071
2023-08-31 18:18:29,888 [main] INFO  ipc.CallQueueManager (CallQueueManager.java:<init>(90)) - Using callQueue: class java.util.concurrent.LinkedBlockingQueue, queueCapacity: 100, scheduler: class org.apache.hadoop.ipc.DefaultRpcScheduler, ipcBackoff: false.
2023-08-31 18:18:29,888 [main] INFO  ipc.Server (Server.java:<init>(1287)) - Listener at 0.0.0.0:15072
2023-08-31 18:18:29,890 [Socket Reader #1 for port 15072] INFO  ipc.Server (Server.java:run(1323)) - Starting Socket Reader #1 for port 15072
2023-08-31 18:18:29,898 [main] INFO  ozone.HddsDatanodeService (HddsDatanodeService.java:start(315)) - Datanode start with admins: [runner]
2023-08-31 18:18:29,898 [main] INFO  ozone.HddsDatanodeClientProtocolServer (HddsDatanodeClientProtocolServer.java:start(72)) - RPC server for Client /0.0.0.0:15072
2023-08-31 18:18:29,899 [IPC Server Responder] INFO  ipc.Server (Server.java:run(1562)) - IPC Server Responder: starting
2023-08-31 18:18:29,899 [IPC Server listener on 15072] INFO  ipc.Server (Server.java:run(1402)) - IPC Server listener on 15072: starting
2023-08-31 18:18:29,900 [main] WARN  impl.MetricRegistriesImpl (MetricRegistriesImpl.java:addReporterRegistration(111)) - New reporters are added after registries were created. Some metrics will be missing from the reporter. Please add reporter before adding any new registry.
2023-08-31 18:18:29,910 [main] WARN  impl.MetricRegistriesImpl (MetricRegistriesImpl.java:addReporterRegistration(111)) - New reporters are added after registries were created. Some metrics will be missing from the reporter. Please add reporter before adding any new registry.
2023-08-31 18:18:29,910 [main] INFO  impl.MetricsSystemImpl (MetricsSystemImpl.java:init(158)) - HddsDatanode metrics system started (again)
2023-08-31 18:18:29,909 [Datanode State Machine Daemon Thread] INFO  statemachine.DatanodeStateMachine (DatanodeStateMachine.java:lambda$startDaemon$0(538)) - Ozone container server started.
2023-08-31 18:18:29,924 [Datanode State Machine Task Thread - 0] INFO  datanode.InitDatanodeState (InitDatanodeState.java:persistContainerDatanodeDetails(138)) - DatanodeDetails is persisted to /home/runner/work/ozone/ozone/hadoop-ozone/integration-test/target/test-dir/MiniOzoneClusterImpl-1f897967-a85f-45b1-932e-48a7a77b5829/datanode-1/meta/datanode.id
2023-08-31 18:18:29,927 [main] INFO  ozone.HddsDatanodeService (HddsDatanodeService.java:start(237)) - HddsDatanodeService host:fv-az1129-899 ip:10.1.0.8
2023-08-31 18:18:29,960 [main] INFO  upgrade.AbstractLayoutVersionManager (AbstractLayoutVersionManager.java:init(83)) - Initializing Layout version manager with metadata layout = HADOOP_PRC_PORTS_IN_DATANODEDETAILS (version = 7), software layout = HADOOP_PRC_PORTS_IN_DATANODEDETAILS (version = 7)
2023-08-31 18:18:29,961 [main] INFO  statemachine.DatanodeStateMachine (DatanodeStateMachine.java:getEndPointTaskThreadPoolSize(282)) - Datanode State Machine Task Thread Pool size 2
2023-08-31 18:18:29,963 [main] INFO  volume.HddsVolume (HddsVolume.java:<init>(126)) - Creating HddsVolume: /home/runner/work/ozone/ozone/hadoop-ozone/integration-test/target/test-dir/MiniOzoneClusterImpl-1f897967-a85f-45b1-932e-48a7a77b5829/datanode-2/data-0/containers/hdds of storage type : DISK capacity : 9223372036854775807
2023-08-31 18:18:29,964 [main] INFO  volume.MutableVolumeSet (MutableVolumeSet.java:initializeVolumeSet(173)) - Added Volume : /home/runner/work/ozone/ozone/hadoop-ozone/integration-test/target/test-dir/MiniOzoneClusterImpl-1f897967-a85f-45b1-932e-48a7a77b5829/datanode-2/data-0/containers/hdds to VolumeSet
2023-08-31 18:18:29,967 [main] INFO  volume.MutableVolumeSet (MutableVolumeSet.java:initializeVolumeSet(173)) - Added Volume : /home/runner/work/ozone/ozone/hadoop-ozone/integration-test/target/test-dir/MiniOzoneClusterImpl-1f897967-a85f-45b1-932e-48a7a77b5829/datanode-2/data/ratis to VolumeSet
2023-08-31 18:18:29,968 [Thread-832] INFO  ozoneimpl.ContainerReader (ContainerReader.java:readVolume(177)) - Finish verifying containers on volume /home/runner/work/ozone/ozone/hadoop-ozone/integration-test/target/test-dir/MiniOzoneClusterImpl-1f897967-a85f-45b1-932e-48a7a77b5829/datanode-2/data-0/containers/hdds
2023-08-31 18:18:29,968 [main] INFO  ozoneimpl.OzoneContainer (OzoneContainer.java:buildContainerSet(314)) - Build ContainerSet costs 0s
2023-08-31 18:18:29,971 [main] INFO  server.RaftServer (ConfUtils.java:logGet(46)) - raft.rpc.type = GRPC (default)
2023-08-31 18:18:29,971 [main] INFO  grpc.GrpcConfigKeys (ConfUtils.java:logFallback(53)) - raft.grpc.admin.host = null (fallback to raft.grpc.server.host)
2023-08-31 18:18:29,971 [main] INFO  grpc.GrpcConfigKeys (ConfUtils.java:logGet(46)) - raft.grpc.admin.port = 15084 (custom)
2023-08-31 18:18:29,971 [main] INFO  grpc.GrpcConfigKeys (ConfUtils.java:logFallback(53)) - raft.grpc.client.host = null (fallback to raft.grpc.server.host)
2023-08-31 18:18:29,971 [main] INFO  grpc.GrpcConfigKeys (ConfUtils.java:logGet(46)) - raft.grpc.client.port = 15083 (custom)
2023-08-31 18:18:29,972 [main] INFO  grpc.GrpcConfigKeys (ConfUtils.java:logGet(46)) - raft.grpc.server.host = null (default)
2023-08-31 18:18:29,972 [main] INFO  grpc.GrpcConfigKeys (ConfUtils.java:logGet(46)) - raft.grpc.server.port = 15085 (custom)
2023-08-31 18:18:29,972 [main] INFO  server.GrpcService (ConfUtils.java:logGet(46)) - raft.grpc.message.size.max = 32MB (=33554432) (custom)
2023-08-31 18:18:29,972 [main] INFO  server.RaftServerConfigKeys (ConfUtils.java:logGet(46)) - raft.server.log.appender.buffer.byte-limit = 33554432 (custom)
2023-08-31 18:18:29,972 [main] INFO  server.GrpcService (ConfUtils.java:logGet(46)) - raft.grpc.flow.control.window = 5MB (=5242880) (custom)
2023-08-31 18:18:29,972 [main] INFO  server.RaftServerConfigKeys (ConfUtils.java:logGet(46)) - raft.server.rpc.request.timeout = 60s (custom)
2023-08-31 18:18:29,973 [main] INFO  grpc.GrpcConfigKeys (ConfUtils.java:logGet(46)) - raft.grpc.server.heartbeat.channel = true (default)
2023-08-31 18:18:29,973 [main] INFO  grpc.GrpcConfigKeys (ConfUtils.java:logGet(46)) - raft.grpc.server.async.request.thread.pool.cached = true (default)
2023-08-31 18:18:29,973 [main] INFO  grpc.GrpcConfigKeys (ConfUtils.java:logGet(46)) - raft.grpc.server.async.request.thread.pool.size = 32 (default)
2023-08-31 18:18:29,976 [main] INFO  impl.DataStreamServerImpl (ConfUtils.java:logGet(46)) - raft.datastream.type = NETTY (custom)
2023-08-31 18:18:29,976 [main] INFO  server.RaftServerConfigKeys (ConfUtils.java:logGet(46)) - raft.server.data-stream.async.request.thread.pool.cached = false (default)
2023-08-31 18:18:29,976 [main] INFO  server.RaftServerConfigKeys (ConfUtils.java:logGet(46)) - raft.server.data-stream.async.request.thread.pool.size = 20 (custom)
2023-08-31 18:18:29,977 [main] INFO  server.RaftServerConfigKeys (ConfUtils.java:logGet(46)) - raft.server.data-stream.async.write.thread.pool.size = 16 (default)
2023-08-31 18:18:29,977 [main] INFO  server.RaftServerConfigKeys (ConfUtils.java:logGet(46)) - raft.server.data-stream.client.pool.size = 10 (default)
2023-08-31 18:18:29,977 [main] INFO  netty.NettyConfigKeys$DataStream (ConfUtils.java:logGet(46)) - raft.netty.dataStream.server.use-epoll = false (default)
2023-08-31 18:18:29,977 [main] INFO  netty.NettyConfigKeys$DataStream (ConfUtils.java:logGet(46)) - raft.netty.dataStream.server.boss-group.size = 0 (default)
2023-08-31 18:18:29,978 [main] INFO  netty.NettyConfigKeys$DataStream (ConfUtils.java:logGet(46)) - raft.netty.dataStream.server.worker-group.size = 0 (default)
2023-08-31 18:18:29,978 [main] INFO  netty.NettyConfigKeys$DataStream (ConfUtils.java:logGet(46)) - raft.netty.dataStream.server.tls.conf = null (default)
2023-08-31 18:18:29,978 [main] INFO  netty.NettyConfigKeys$DataStream (ConfUtils.java:logGet(46)) - raft.netty.dataStream.host = null (default)
2023-08-31 18:18:29,978 [main] INFO  netty.NettyConfigKeys$DataStream (ConfUtils.java:logGet(46)) - raft.netty.dataStream.port = 15086 (custom)
2023-08-31 18:18:29,979 [main] INFO  server.RaftServerConfigKeys (ConfUtils.java:logGet(46)) - raft.server.threadpool.proxy.cached = true (default)
2023-08-31 18:18:29,979 [main] INFO  server.RaftServerConfigKeys (ConfUtils.java:logGet(46)) - raft.server.threadpool.proxy.size = 0 (default)
2023-08-31 18:18:29,979 [main] INFO  server.RaftServerConfigKeys (ConfUtils.java:logGet(46)) - raft.server.rpc.slowness.timeout = 300s (custom)
2023-08-31 18:18:29,979 [main] INFO  server.RaftServerConfigKeys (ConfUtils.java:logGet(46)) - raft.server.leaderelection.leader.step-down.wait-time = 10s (default)
2023-08-31 18:18:29,980 [main] INFO  server.RaftServerConfigKeys (ConfUtils.java:logGet(46)) - raft.server.storage.dir = [/home/runner/work/ozone/ozone/hadoop-ozone/integration-test/target/test-dir/MiniOzoneClusterImpl-1f897967-a85f-45b1-932e-48a7a77b5829/datanode-2/data/ratis] (custom)
2023-08-31 18:18:29,980 [55a42498-51b5-4c22-a6d0-b6e523d26bd9-NettyServerStreamRpc-bossGroup--thread1] INFO  logging.LoggingHandler (AbstractInternalLogger.java:log(148)) - [id: 0x73c09886] REGISTERED
2023-08-31 18:18:29,980 [55a42498-51b5-4c22-a6d0-b6e523d26bd9-impl-thread1] INFO  server.RaftServer (RaftServerProxy.java:initGroupDir(258)) - 55a42498-51b5-4c22-a6d0-b6e523d26bd9: found a subdirectory /home/runner/work/ozone/ozone/hadoop-ozone/integration-test/target/test-dir/MiniOzoneClusterImpl-1f897967-a85f-45b1-932e-48a7a77b5829/datanode-2/data/ratis/tmp
2023-08-31 18:18:29,980 [55a42498-51b5-4c22-a6d0-b6e523d26bd9-NettyServerStreamRpc-bossGroup--thread1] INFO  logging.LoggingHandler (AbstractInternalLogger.java:log(148)) - [id: 0x73c09886] BIND: 0.0.0.0/0.0.0.0:15086
2023-08-31 18:18:29,982 [55a42498-51b5-4c22-a6d0-b6e523d26bd9-NettyServerStreamRpc-bossGroup--thread1] INFO  logging.LoggingHandler (AbstractInternalLogger.java:log(148)) - [id: 0x73c09886, L:/0:0:0:0:0:0:0:0:15086] ACTIVE
2023-08-31 18:18:29,980 [55a42498-51b5-4c22-a6d0-b6e523d26bd9-impl-thread1] INFO  server.RaftServer (RaftServerProxy.java:initGroupDir(263)) - 55a42498-51b5-4c22-a6d0-b6e523d26bd9: The directory /home/runner/work/ozone/ozone/hadoop-ozone/integration-test/target/test-dir/MiniOzoneClusterImpl-1f897967-a85f-45b1-932e-48a7a77b5829/datanode-2/data/ratis/tmp is not a group directory; ignoring it. 
2023-08-31 18:18:29,982 [main] INFO  replication.ReplicationServer (ReplicationServer.java:<init>(81)) - Initializing replication server with thread count = 10
2023-08-31 18:18:29,983 [main] INFO  server.XceiverServerGrpc (XceiverServerGrpc.java:<init>(132)) - GrpcServer channel type EpollServerSocketChannel
2023-08-31 18:18:29,985 [main] INFO  replication.ReplicationSupervisor (ReplicationSupervisor.java:build(155)) - Initializing replication supervisor with thread count = 10
2023-08-31 18:18:29,986 [main] INFO  replication.ReplicationSupervisor (ReplicationSupervisor.java:nodeStateUpdated(307)) - Node state updated to IN_SERVICE, scaling executor pool size to 10
2023-08-31 18:18:29,991 [main] INFO  http.BaseHttpServer (BaseHttpServer.java:newHttpServer2BuilderForOzone(223)) - Starting Web-server for hddsDatanode at: http://0.0.0.0:15080
2023-08-31 18:18:29,991 [main] INFO  http.BaseHttpServer (BaseHttpServer.java:<init>(110)) - Hadoop Security Enabled: false Ozone Security Enabled: false Ozone HTTP Security Enabled: false 
2023-08-31 18:18:29,993 [main] WARN  server.AuthenticationFilter (AuthenticationFilter.java:constructSecretProvider(240)) - Unable to initialize FileSignerSecretProvider, falling back to use random secrets. Reason: Could not read signature secret file: /home/runner/hadoop-http-auth-signature-secret
2023-08-31 18:18:29,994 [main] INFO  http.HttpRequestLog (HttpRequestLog.java:getRequestLog(86)) - Http request log for http.requests.hddsDatanode is not defined
2023-08-31 18:18:29,996 [main] INFO  http.HttpServer2 (HttpServer2.java:addGlobalFilter(1031)) - Added global filter 'safety' (class=org.apache.hadoop.hdds.server.http.HttpServer2$QuotingInputFilter)
2023-08-31 18:18:29,996 [main] INFO  http.HttpServer2 (HttpServer2.java:addFilter(1007)) - Added filter static_user_filter (class=org.apache.hadoop.http.lib.StaticUserWebFilter$StaticUserFilter) to context hddsDatanode
2023-08-31 18:18:29,996 [main] INFO  http.HttpServer2 (HttpServer2.java:addFilter(1015)) - Added filter static_user_filter (class=org.apache.hadoop.http.lib.StaticUserWebFilter$StaticUserFilter) to context static
2023-08-31 18:18:29,997 [main] INFO  http.HttpServer2 (HttpServer2.java:addFilter(1015)) - Added filter static_user_filter (class=org.apache.hadoop.http.lib.StaticUserWebFilter$StaticUserFilter) to context logs
2023-08-31 18:18:29,999 [main] INFO  http.BaseHttpServer (BaseHttpServer.java:<init>(189)) - HTTP server of hddsDatanode uses base directory /home/runner/work/ozone/ozone/hadoop-ozone/integration-test/target/test-dir/MiniOzoneClusterImpl-1f897967-a85f-45b1-932e-48a7a77b5829/datanode-2/meta/webserver
2023-08-31 18:18:29,999 [main] INFO  http.HttpServer2 (HttpServer2.java:bindListener(1231)) - Jetty bound to port 15080
2023-08-31 18:18:29,999 [main] INFO  server.Server (Server.java:doStart(375)) - jetty-9.4.51.v20230217; built: 2023-02-17T08:19:37.309Z; git: b45c405e4544384de066f814ed42ae3dceacdd49; jvm 1.8.0_382-b05
2023-08-31 18:18:30,002 [main] INFO  server.session (DefaultSessionIdManager.java:doStart(334)) - DefaultSessionIdManager workerName=node0
2023-08-31 18:18:30,002 [main] INFO  server.session (DefaultSessionIdManager.java:doStart(339)) - No SessionScavenger set, using defaults
2023-08-31 18:18:30,002 [main] INFO  server.session (HouseKeeper.java:startScavenging(132)) - node0 Scavenging every 660000ms
2023-08-31 18:18:30,003 [main] INFO  handler.ContextHandler (ContextHandler.java:doStart(921)) - Started o.e.j.s.ServletContextHandler@177b2e9c{logs,/logs,file:///home/runner/work/ozone/ozone/hadoop-ozone/integration-test/target/log,AVAILABLE}
2023-08-31 18:18:30,004 [main] INFO  handler.ContextHandler (ContextHandler.java:doStart(921)) - Started o.e.j.s.ServletContextHandler@6a9c08c9{static,/static,jar:file:/home/runner/.m2/repository/org/apache/ozone/hdds-container-service/1.4.0-SNAPSHOT/hdds-container-service-1.4.0-SNAPSHOT.jar!/webapps/static,AVAILABLE}
2023-08-31 18:18:30,265 [main] INFO  handler.ContextHandler (ContextHandler.java:doStart(921)) - Started o.e.j.w.WebAppContext@5ee16a6d{hddsDatanode,/,file:///home/runner/work/ozone/ozone/hadoop-ozone/integration-test/target/test-dir/MiniOzoneClusterImpl-1f897967-a85f-45b1-932e-48a7a77b5829/datanode-2/meta/webserver/jetty-0_0_0_0-15080-hdds-container-service-1_4_0-SNAPSHOT_jar-_-any-3171905426639061316/webapp/,AVAILABLE}{jar:file:/home/runner/.m2/repository/org/apache/ozone/hdds-container-service/1.4.0-SNAPSHOT/hdds-container-service-1.4.0-SNAPSHOT.jar!/webapps/hddsDatanode}
2023-08-31 18:18:30,267 [main] INFO  server.AbstractConnector (AbstractConnector.java:doStart(333)) - Started ServerConnector@769af58e{HTTP/1.1, (http/1.1)}{0.0.0.0:15080}
2023-08-31 18:18:30,267 [main] INFO  server.Server (Server.java:doStart(415)) - Started @121591ms
2023-08-31 18:18:30,267 [main] WARN  impl.MetricsSystemImpl (MetricsSystemImpl.java:register(279)) - Sink prometheus already exists!
2023-08-31 18:18:30,268 [main] INFO  http.BaseHttpServer (BaseHttpServer.java:updateConnectorAddress(354)) - HTTP server of hddsDatanode listening at http://0.0.0.0:15080
2023-08-31 18:18:30,269 [main] INFO  ipc.CallQueueManager (CallQueueManager.java:<init>(90)) - Using callQueue: class java.util.concurrent.LinkedBlockingQueue, queueCapacity: 100, scheduler: class org.apache.hadoop.ipc.DefaultRpcScheduler, ipcBackoff: false.
2023-08-31 18:18:30,269 [main] INFO  ipc.Server (Server.java:<init>(1287)) - Listener at 0.0.0.0:15081
2023-08-31 18:18:30,273 [Socket Reader #1 for port 15081] INFO  ipc.Server (Server.java:run(1323)) - Starting Socket Reader #1 for port 15081
2023-08-31 18:18:30,274 [main] INFO  ozone.HddsDatanodeService (HddsDatanodeService.java:start(315)) - Datanode start with admins: [runner]
2023-08-31 18:18:30,274 [main] INFO  ozone.HddsDatanodeClientProtocolServer (HddsDatanodeClientProtocolServer.java:start(72)) - RPC server for Client /0.0.0.0:15081
2023-08-31 18:18:30,274 [IPC Server Responder] INFO  ipc.Server (Server.java:run(1562)) - IPC Server Responder: starting
2023-08-31 18:18:30,274 [IPC Server listener on 15081] INFO  ipc.Server (Server.java:run(1402)) - IPC Server listener on 15081: starting
2023-08-31 18:18:30,275 [main] WARN  impl.MetricRegistriesImpl (MetricRegistriesImpl.java:addReporterRegistration(111)) - New reporters are added after registries were created. Some metrics will be missing from the reporter. Please add reporter before adding any new registry.
2023-08-31 18:18:30,275 [main] WARN  impl.MetricRegistriesImpl (MetricRegistriesImpl.java:addReporterRegistration(111)) - New reporters are added after registries were created. Some metrics will be missing from the reporter. Please add reporter before adding any new registry.
2023-08-31 18:18:30,275 [main] INFO  impl.MetricsSystemImpl (MetricsSystemImpl.java:init(158)) - HddsDatanode metrics system started (again)
2023-08-31 18:18:30,283 [Datanode State Machine Daemon Thread] INFO  statemachine.DatanodeStateMachine (DatanodeStateMachine.java:lambda$startDaemon$0(538)) - Ozone container server started.
2023-08-31 18:18:30,292 [main] INFO  ozone.HddsDatanodeService (HddsDatanodeService.java:start(237)) - HddsDatanodeService host:fv-az1129-899 ip:10.1.0.8
2023-08-31 18:18:30,302 [Datanode State Machine Task Thread - 0] INFO  datanode.InitDatanodeState (InitDatanodeState.java:persistContainerDatanodeDetails(138)) - DatanodeDetails is persisted to /home/runner/work/ozone/ozone/hadoop-ozone/integration-test/target/test-dir/MiniOzoneClusterImpl-1f897967-a85f-45b1-932e-48a7a77b5829/datanode-2/meta/datanode.id
2023-08-31 18:18:30,334 [main] INFO  upgrade.AbstractLayoutVersionManager (AbstractLayoutVersionManager.java:init(83)) - Initializing Layout version manager with metadata layout = HADOOP_PRC_PORTS_IN_DATANODEDETAILS (version = 7), software layout = HADOOP_PRC_PORTS_IN_DATANODEDETAILS (version = 7)
2023-08-31 18:18:30,335 [main] INFO  statemachine.DatanodeStateMachine (DatanodeStateMachine.java:getEndPointTaskThreadPoolSize(282)) - Datanode State Machine Task Thread Pool size 2
2023-08-31 18:18:30,337 [main] INFO  volume.HddsVolume (HddsVolume.java:<init>(126)) - Creating HddsVolume: /home/runner/work/ozone/ozone/hadoop-ozone/integration-test/target/test-dir/MiniOzoneClusterImpl-1f897967-a85f-45b1-932e-48a7a77b5829/datanode-3/data-0/containers/hdds of storage type : DISK capacity : 9223372036854775807
2023-08-31 18:18:30,338 [main] INFO  volume.MutableVolumeSet (MutableVolumeSet.java:initializeVolumeSet(173)) - Added Volume : /home/runner/work/ozone/ozone/hadoop-ozone/integration-test/target/test-dir/MiniOzoneClusterImpl-1f897967-a85f-45b1-932e-48a7a77b5829/datanode-3/data-0/containers/hdds to VolumeSet
2023-08-31 18:18:30,339 [main] INFO  volume.MutableVolumeSet (MutableVolumeSet.java:initializeVolumeSet(173)) - Added Volume : /home/runner/work/ozone/ozone/hadoop-ozone/integration-test/target/test-dir/MiniOzoneClusterImpl-1f897967-a85f-45b1-932e-48a7a77b5829/datanode-3/data/ratis to VolumeSet
2023-08-31 18:18:30,340 [Thread-849] INFO  ozoneimpl.ContainerReader (ContainerReader.java:readVolume(177)) - Finish verifying containers on volume /home/runner/work/ozone/ozone/hadoop-ozone/integration-test/target/test-dir/MiniOzoneClusterImpl-1f897967-a85f-45b1-932e-48a7a77b5829/datanode-3/data-0/containers/hdds
2023-08-31 18:18:30,340 [main] INFO  ozoneimpl.OzoneContainer (OzoneContainer.java:buildContainerSet(314)) - Build ContainerSet costs 0s
2023-08-31 18:18:30,343 [main] INFO  server.RaftServer (ConfUtils.java:logGet(46)) - raft.rpc.type = GRPC (default)
2023-08-31 18:18:30,343 [main] INFO  grpc.GrpcConfigKeys (ConfUtils.java:logFallback(53)) - raft.grpc.admin.host = null (fallback to raft.grpc.server.host)
2023-08-31 18:18:30,343 [main] INFO  grpc.GrpcConfigKeys (ConfUtils.java:logGet(46)) - raft.grpc.admin.port = 15093 (custom)
2023-08-31 18:18:30,343 [main] INFO  grpc.GrpcConfigKeys (ConfUtils.java:logFallback(53)) - raft.grpc.client.host = null (fallback to raft.grpc.server.host)
2023-08-31 18:18:30,343 [main] INFO  grpc.GrpcConfigKeys (ConfUtils.java:logGet(46)) - raft.grpc.client.port = 15092 (custom)
2023-08-31 18:18:30,344 [main] INFO  grpc.GrpcConfigKeys (ConfUtils.java:logGet(46)) - raft.grpc.server.host = null (default)
2023-08-31 18:18:30,344 [main] INFO  grpc.GrpcConfigKeys (ConfUtils.java:logGet(46)) - raft.grpc.server.port = 15094 (custom)
2023-08-31 18:18:30,344 [main] INFO  server.GrpcService (ConfUtils.java:logGet(46)) - raft.grpc.message.size.max = 32MB (=33554432) (custom)
2023-08-31 18:18:30,344 [main] INFO  server.RaftServerConfigKeys (ConfUtils.java:logGet(46)) - raft.server.log.appender.buffer.byte-limit = 33554432 (custom)
2023-08-31 18:18:30,344 [main] INFO  server.GrpcService (ConfUtils.java:logGet(46)) - raft.grpc.flow.control.window = 5MB (=5242880) (custom)
2023-08-31 18:18:30,344 [main] INFO  server.RaftServerConfigKeys (ConfUtils.java:logGet(46)) - raft.server.rpc.request.timeout = 60s (custom)
2023-08-31 18:18:30,344 [main] INFO  grpc.GrpcConfigKeys (ConfUtils.java:logGet(46)) - raft.grpc.server.heartbeat.channel = true (default)
2023-08-31 18:18:30,345 [main] INFO  grpc.GrpcConfigKeys (ConfUtils.java:logGet(46)) - raft.grpc.server.async.request.thread.pool.cached = true (default)
2023-08-31 18:18:30,345 [main] INFO  grpc.GrpcConfigKeys (ConfUtils.java:logGet(46)) - raft.grpc.server.async.request.thread.pool.size = 32 (default)
2023-08-31 18:18:30,348 [main] INFO  impl.DataStreamServerImpl (ConfUtils.java:logGet(46)) - raft.datastream.type = NETTY (custom)
2023-08-31 18:18:30,349 [main] INFO  server.RaftServerConfigKeys (ConfUtils.java:logGet(46)) - raft.server.data-stream.async.request.thread.pool.cached = false (default)
2023-08-31 18:18:30,349 [main] INFO  server.RaftServerConfigKeys (ConfUtils.java:logGet(46)) - raft.server.data-stream.async.request.thread.pool.size = 20 (custom)
2023-08-31 18:18:30,349 [main] INFO  server.RaftServerConfigKeys (ConfUtils.java:logGet(46)) - raft.server.data-stream.async.write.thread.pool.size = 16 (default)
2023-08-31 18:18:30,349 [main] INFO  server.RaftServerConfigKeys (ConfUtils.java:logGet(46)) - raft.server.data-stream.client.pool.size = 10 (default)
2023-08-31 18:18:30,349 [main] INFO  netty.NettyConfigKeys$DataStream (ConfUtils.java:logGet(46)) - raft.netty.dataStream.server.use-epoll = false (default)
2023-08-31 18:18:30,350 [main] INFO  netty.NettyConfigKeys$DataStream (ConfUtils.java:logGet(46)) - raft.netty.dataStream.server.boss-group.size = 0 (default)
2023-08-31 18:18:30,350 [main] INFO  netty.NettyConfigKeys$DataStream (ConfUtils.java:logGet(46)) - raft.netty.dataStream.server.worker-group.size = 0 (default)
2023-08-31 18:18:30,351 [main] INFO  netty.NettyConfigKeys$DataStream (ConfUtils.java:logGet(46)) - raft.netty.dataStream.server.tls.conf = null (default)
2023-08-31 18:18:30,351 [main] INFO  netty.NettyConfigKeys$DataStream (ConfUtils.java:logGet(46)) - raft.netty.dataStream.host = null (default)
2023-08-31 18:18:30,351 [main] INFO  netty.NettyConfigKeys$DataStream (ConfUtils.java:logGet(46)) - raft.netty.dataStream.port = 15095 (custom)
2023-08-31 18:18:30,354 [main] INFO  server.RaftServerConfigKeys (ConfUtils.java:logGet(46)) - raft.server.threadpool.proxy.cached = true (default)
2023-08-31 18:18:30,355 [main] INFO  server.RaftServerConfigKeys (ConfUtils.java:logGet(46)) - raft.server.threadpool.proxy.size = 0 (default)
2023-08-31 18:18:30,355 [main] INFO  server.RaftServerConfigKeys (ConfUtils.java:logGet(46)) - raft.server.rpc.slowness.timeout = 300s (custom)
2023-08-31 18:18:30,355 [main] INFO  server.RaftServerConfigKeys (ConfUtils.java:logGet(46)) - raft.server.leaderelection.leader.step-down.wait-time = 10s (default)
2023-08-31 18:18:30,355 [main] INFO  server.RaftServerConfigKeys (ConfUtils.java:logGet(46)) - raft.server.storage.dir = [/home/runner/work/ozone/ozone/hadoop-ozone/integration-test/target/test-dir/MiniOzoneClusterImpl-1f897967-a85f-45b1-932e-48a7a77b5829/datanode-3/data/ratis] (custom)
2023-08-31 18:18:30,355 [9288cb02-3403-47c3-90d0-5e59a32e5c49-NettyServerStreamRpc-bossGroup--thread1] INFO  logging.LoggingHandler (AbstractInternalLogger.java:log(148)) - [id: 0x9e7d91e9] REGISTERED
2023-08-31 18:18:30,357 [9288cb02-3403-47c3-90d0-5e59a32e5c49-NettyServerStreamRpc-bossGroup--thread1] INFO  logging.LoggingHandler (AbstractInternalLogger.java:log(148)) - [id: 0x9e7d91e9] BIND: 0.0.0.0/0.0.0.0:15095
2023-08-31 18:18:30,357 [9288cb02-3403-47c3-90d0-5e59a32e5c49-NettyServerStreamRpc-bossGroup--thread1] INFO  logging.LoggingHandler (AbstractInternalLogger.java:log(148)) - [id: 0x9e7d91e9, L:/0:0:0:0:0:0:0:0:15095] ACTIVE
2023-08-31 18:18:30,358 [9288cb02-3403-47c3-90d0-5e59a32e5c49-impl-thread1] INFO  server.RaftServer (RaftServerProxy.java:initGroupDir(258)) - 9288cb02-3403-47c3-90d0-5e59a32e5c49: found a subdirectory /home/runner/work/ozone/ozone/hadoop-ozone/integration-test/target/test-dir/MiniOzoneClusterImpl-1f897967-a85f-45b1-932e-48a7a77b5829/datanode-3/data/ratis/tmp
2023-08-31 18:18:30,358 [9288cb02-3403-47c3-90d0-5e59a32e5c49-impl-thread1] INFO  server.RaftServer (RaftServerProxy.java:initGroupDir(263)) - 9288cb02-3403-47c3-90d0-5e59a32e5c49: The directory /home/runner/work/ozone/ozone/hadoop-ozone/integration-test/target/test-dir/MiniOzoneClusterImpl-1f897967-a85f-45b1-932e-48a7a77b5829/datanode-3/data/ratis/tmp is not a group directory; ignoring it. 
2023-08-31 18:18:30,358 [main] INFO  replication.ReplicationServer (ReplicationServer.java:<init>(81)) - Initializing replication server with thread count = 10
2023-08-31 18:18:30,360 [main] INFO  server.XceiverServerGrpc (XceiverServerGrpc.java:<init>(132)) - GrpcServer channel type EpollServerSocketChannel
2023-08-31 18:18:30,362 [main] INFO  replication.ReplicationSupervisor (ReplicationSupervisor.java:build(155)) - Initializing replication supervisor with thread count = 10
2023-08-31 18:18:30,362 [main] INFO  replication.ReplicationSupervisor (ReplicationSupervisor.java:nodeStateUpdated(307)) - Node state updated to IN_SERVICE, scaling executor pool size to 10
2023-08-31 18:18:30,365 [main] INFO  http.BaseHttpServer (BaseHttpServer.java:newHttpServer2BuilderForOzone(223)) - Starting Web-server for hddsDatanode at: http://0.0.0.0:15089
2023-08-31 18:18:30,365 [main] INFO  http.BaseHttpServer (BaseHttpServer.java:<init>(110)) - Hadoop Security Enabled: false Ozone Security Enabled: false Ozone HTTP Security Enabled: false 
2023-08-31 18:18:30,367 [main] WARN  server.AuthenticationFilter (AuthenticationFilter.java:constructSecretProvider(240)) - Unable to initialize FileSignerSecretProvider, falling back to use random secrets. Reason: Could not read signature secret file: /home/runner/hadoop-http-auth-signature-secret
2023-08-31 18:18:30,370 [main] INFO  http.HttpRequestLog (HttpRequestLog.java:getRequestLog(86)) - Http request log for http.requests.hddsDatanode is not defined
2023-08-31 18:18:30,371 [main] INFO  http.HttpServer2 (HttpServer2.java:addGlobalFilter(1031)) - Added global filter 'safety' (class=org.apache.hadoop.hdds.server.http.HttpServer2$QuotingInputFilter)
2023-08-31 18:18:30,372 [main] INFO  http.HttpServer2 (HttpServer2.java:addFilter(1007)) - Added filter static_user_filter (class=org.apache.hadoop.http.lib.StaticUserWebFilter$StaticUserFilter) to context hddsDatanode
2023-08-31 18:18:30,372 [main] INFO  http.HttpServer2 (HttpServer2.java:addFilter(1015)) - Added filter static_user_filter (class=org.apache.hadoop.http.lib.StaticUserWebFilter$StaticUserFilter) to context static
2023-08-31 18:18:30,372 [main] INFO  http.HttpServer2 (HttpServer2.java:addFilter(1015)) - Added filter static_user_filter (class=org.apache.hadoop.http.lib.StaticUserWebFilter$StaticUserFilter) to context logs
2023-08-31 18:18:30,373 [main] INFO  http.BaseHttpServer (BaseHttpServer.java:<init>(189)) - HTTP server of hddsDatanode uses base directory /home/runner/work/ozone/ozone/hadoop-ozone/integration-test/target/test-dir/MiniOzoneClusterImpl-1f897967-a85f-45b1-932e-48a7a77b5829/datanode-3/meta/webserver
2023-08-31 18:18:30,373 [main] INFO  http.HttpServer2 (HttpServer2.java:bindListener(1231)) - Jetty bound to port 15089
2023-08-31 18:18:30,374 [main] INFO  server.Server (Server.java:doStart(375)) - jetty-9.4.51.v20230217; built: 2023-02-17T08:19:37.309Z; git: b45c405e4544384de066f814ed42ae3dceacdd49; jvm 1.8.0_382-b05
2023-08-31 18:18:30,380 [main] INFO  server.session (DefaultSessionIdManager.java:doStart(334)) - DefaultSessionIdManager workerName=node0
2023-08-31 18:18:30,380 [main] INFO  server.session (DefaultSessionIdManager.java:doStart(339)) - No SessionScavenger set, using defaults
2023-08-31 18:18:30,381 [main] INFO  server.session (HouseKeeper.java:startScavenging(132)) - node0 Scavenging every 600000ms
2023-08-31 18:18:30,382 [main] INFO  handler.ContextHandler (ContextHandler.java:doStart(921)) - Started o.e.j.s.ServletContextHandler@72afaee3{logs,/logs,file:///home/runner/work/ozone/ozone/hadoop-ozone/integration-test/target/log,AVAILABLE}
2023-08-31 18:18:30,382 [main] INFO  handler.ContextHandler (ContextHandler.java:doStart(921)) - Started o.e.j.s.ServletContextHandler@41671912{static,/static,jar:file:/home/runner/.m2/repository/org/apache/ozone/hdds-container-service/1.4.0-SNAPSHOT/hdds-container-service-1.4.0-SNAPSHOT.jar!/webapps/static,AVAILABLE}
2023-08-31 18:18:30,631 [main] INFO  handler.ContextHandler (ContextHandler.java:doStart(921)) - Started o.e.j.w.WebAppContext@67830628{hddsDatanode,/,file:///home/runner/work/ozone/ozone/hadoop-ozone/integration-test/target/test-dir/MiniOzoneClusterImpl-1f897967-a85f-45b1-932e-48a7a77b5829/datanode-3/meta/webserver/jetty-0_0_0_0-15089-hdds-container-service-1_4_0-SNAPSHOT_jar-_-any-995760940444246429/webapp/,AVAILABLE}{jar:file:/home/runner/.m2/repository/org/apache/ozone/hdds-container-service/1.4.0-SNAPSHOT/hdds-container-service-1.4.0-SNAPSHOT.jar!/webapps/hddsDatanode}
2023-08-31 18:18:30,633 [main] INFO  server.AbstractConnector (AbstractConnector.java:doStart(333)) - Started ServerConnector@3a2743c9{HTTP/1.1, (http/1.1)}{0.0.0.0:15089}
2023-08-31 18:18:30,633 [main] INFO  server.Server (Server.java:doStart(415)) - Started @121957ms
2023-08-31 18:18:30,633 [main] WARN  impl.MetricsSystemImpl (MetricsSystemImpl.java:register(279)) - Sink prometheus already exists!
2023-08-31 18:18:30,634 [main] INFO  http.BaseHttpServer (BaseHttpServer.java:updateConnectorAddress(354)) - HTTP server of hddsDatanode listening at http://0.0.0.0:15089
2023-08-31 18:18:30,634 [main] INFO  ipc.CallQueueManager (CallQueueManager.java:<init>(90)) - Using callQueue: class java.util.concurrent.LinkedBlockingQueue, queueCapacity: 100, scheduler: class org.apache.hadoop.ipc.DefaultRpcScheduler, ipcBackoff: false.
2023-08-31 18:18:30,635 [main] INFO  ipc.Server (Server.java:<init>(1287)) - Listener at 0.0.0.0:15090
2023-08-31 18:18:30,641 [Socket Reader #1 for port 15090] INFO  ipc.Server (Server.java:run(1323)) - Starting Socket Reader #1 for port 15090
2023-08-31 18:18:30,642 [main] INFO  ozone.HddsDatanodeService (HddsDatanodeService.java:start(315)) - Datanode start with admins: [runner]
2023-08-31 18:18:30,642 [main] INFO  ozone.HddsDatanodeClientProtocolServer (HddsDatanodeClientProtocolServer.java:start(72)) - RPC server for Client /0.0.0.0:15090
2023-08-31 18:18:30,644 [IPC Server listener on 15090] INFO  ipc.Server (Server.java:run(1402)) - IPC Server listener on 15090: starting
2023-08-31 18:18:30,648 [main] WARN  impl.MetricRegistriesImpl (MetricRegistriesImpl.java:addReporterRegistration(111)) - New reporters are added after registries were created. Some metrics will be missing from the reporter. Please add reporter before adding any new registry.
2023-08-31 18:18:30,649 [main] WARN  impl.MetricRegistriesImpl (MetricRegistriesImpl.java:addReporterRegistration(111)) - New reporters are added after registries were created. Some metrics will be missing from the reporter. Please add reporter before adding any new registry.
2023-08-31 18:18:30,649 [main] INFO  impl.MetricsSystemImpl (MetricsSystemImpl.java:init(158)) - HddsDatanode metrics system started (again)
2023-08-31 18:18:30,649 [IPC Server Responder] INFO  ipc.Server (Server.java:run(1562)) - IPC Server Responder: starting
2023-08-31 18:18:30,650 [Datanode State Machine Daemon Thread] INFO  statemachine.DatanodeStateMachine (DatanodeStateMachine.java:lambda$startDaemon$0(538)) - Ozone container server started.
2023-08-31 18:18:30,657 [Datanode State Machine Task Thread - 0] INFO  datanode.InitDatanodeState (InitDatanodeState.java:persistContainerDatanodeDetails(138)) - DatanodeDetails is persisted to /home/runner/work/ozone/ozone/hadoop-ozone/integration-test/target/test-dir/MiniOzoneClusterImpl-1f897967-a85f-45b1-932e-48a7a77b5829/datanode-3/meta/datanode.id
2023-08-31 18:18:30,670 [main] INFO  ozone.HddsDatanodeService (HddsDatanodeService.java:start(237)) - HddsDatanodeService host:fv-az1129-899 ip:10.1.0.8
2023-08-31 18:18:30,706 [main] INFO  upgrade.AbstractLayoutVersionManager (AbstractLayoutVersionManager.java:init(83)) - Initializing Layout version manager with metadata layout = HADOOP_PRC_PORTS_IN_DATANODEDETAILS (version = 7), software layout = HADOOP_PRC_PORTS_IN_DATANODEDETAILS (version = 7)
2023-08-31 18:18:30,707 [main] INFO  statemachine.DatanodeStateMachine (DatanodeStateMachine.java:getEndPointTaskThreadPoolSize(282)) - Datanode State Machine Task Thread Pool size 2
2023-08-31 18:18:30,709 [main] INFO  volume.HddsVolume (HddsVolume.java:<init>(126)) - Creating HddsVolume: /home/runner/work/ozone/ozone/hadoop-ozone/integration-test/target/test-dir/MiniOzoneClusterImpl-1f897967-a85f-45b1-932e-48a7a77b5829/datanode-4/data-0/containers/hdds of storage type : DISK capacity : 9223372036854775807
2023-08-31 18:18:30,709 [main] INFO  volume.MutableVolumeSet (MutableVolumeSet.java:initializeVolumeSet(173)) - Added Volume : /home/runner/work/ozone/ozone/hadoop-ozone/integration-test/target/test-dir/MiniOzoneClusterImpl-1f897967-a85f-45b1-932e-48a7a77b5829/datanode-4/data-0/containers/hdds to VolumeSet
2023-08-31 18:18:30,710 [main] INFO  volume.MutableVolumeSet (MutableVolumeSet.java:initializeVolumeSet(173)) - Added Volume : /home/runner/work/ozone/ozone/hadoop-ozone/integration-test/target/test-dir/MiniOzoneClusterImpl-1f897967-a85f-45b1-932e-48a7a77b5829/datanode-4/data/ratis to VolumeSet
2023-08-31 18:18:30,710 [Thread-866] INFO  ozoneimpl.ContainerReader (ContainerReader.java:readVolume(177)) - Finish verifying containers on volume /home/runner/work/ozone/ozone/hadoop-ozone/integration-test/target/test-dir/MiniOzoneClusterImpl-1f897967-a85f-45b1-932e-48a7a77b5829/datanode-4/data-0/containers/hdds
2023-08-31 18:18:30,710 [main] INFO  ozoneimpl.OzoneContainer (OzoneContainer.java:buildContainerSet(314)) - Build ContainerSet costs 0s
2023-08-31 18:18:30,713 [main] INFO  server.RaftServer (ConfUtils.java:logGet(46)) - raft.rpc.type = GRPC (default)
2023-08-31 18:18:30,713 [main] INFO  grpc.GrpcConfigKeys (ConfUtils.java:logFallback(53)) - raft.grpc.admin.host = null (fallback to raft.grpc.server.host)
2023-08-31 18:18:30,713 [main] INFO  grpc.GrpcConfigKeys (ConfUtils.java:logGet(46)) - raft.grpc.admin.port = 15102 (custom)
2023-08-31 18:18:30,714 [main] INFO  grpc.GrpcConfigKeys (ConfUtils.java:logFallback(53)) - raft.grpc.client.host = null (fallback to raft.grpc.server.host)
2023-08-31 18:18:30,714 [main] INFO  grpc.GrpcConfigKeys (ConfUtils.java:logGet(46)) - raft.grpc.client.port = 15101 (custom)
2023-08-31 18:18:30,714 [main] INFO  grpc.GrpcConfigKeys (ConfUtils.java:logGet(46)) - raft.grpc.server.host = null (default)
2023-08-31 18:18:30,714 [main] INFO  grpc.GrpcConfigKeys (ConfUtils.java:logGet(46)) - raft.grpc.server.port = 15103 (custom)
2023-08-31 18:18:30,714 [main] INFO  server.GrpcService (ConfUtils.java:logGet(46)) - raft.grpc.message.size.max = 32MB (=33554432) (custom)
2023-08-31 18:18:30,715 [main] INFO  server.RaftServerConfigKeys (ConfUtils.java:logGet(46)) - raft.server.log.appender.buffer.byte-limit = 33554432 (custom)
2023-08-31 18:18:30,715 [main] INFO  server.GrpcService (ConfUtils.java:logGet(46)) - raft.grpc.flow.control.window = 5MB (=5242880) (custom)
2023-08-31 18:18:30,715 [main] INFO  server.RaftServerConfigKeys (ConfUtils.java:logGet(46)) - raft.server.rpc.request.timeout = 60s (custom)
2023-08-31 18:18:30,715 [main] INFO  grpc.GrpcConfigKeys (ConfUtils.java:logGet(46)) - raft.grpc.server.heartbeat.channel = true (default)
2023-08-31 18:18:30,715 [main] INFO  grpc.GrpcConfigKeys (ConfUtils.java:logGet(46)) - raft.grpc.server.async.request.thread.pool.cached = true (default)
2023-08-31 18:18:30,715 [main] INFO  grpc.GrpcConfigKeys (ConfUtils.java:logGet(46)) - raft.grpc.server.async.request.thread.pool.size = 32 (default)
2023-08-31 18:18:30,719 [main] INFO  impl.DataStreamServerImpl (ConfUtils.java:logGet(46)) - raft.datastream.type = NETTY (custom)
2023-08-31 18:18:30,719 [main] INFO  server.RaftServerConfigKeys (ConfUtils.java:logGet(46)) - raft.server.data-stream.async.request.thread.pool.cached = false (default)
2023-08-31 18:18:30,719 [main] INFO  server.RaftServerConfigKeys (ConfUtils.java:logGet(46)) - raft.server.data-stream.async.request.thread.pool.size = 20 (custom)
2023-08-31 18:18:30,720 [main] INFO  server.RaftServerConfigKeys (ConfUtils.java:logGet(46)) - raft.server.data-stream.async.write.thread.pool.size = 16 (default)
2023-08-31 18:18:30,720 [main] INFO  server.RaftServerConfigKeys (ConfUtils.java:logGet(46)) - raft.server.data-stream.client.pool.size = 10 (default)
2023-08-31 18:18:30,720 [main] INFO  netty.NettyConfigKeys$DataStream (ConfUtils.java:logGet(46)) - raft.netty.dataStream.server.use-epoll = false (default)
2023-08-31 18:18:30,720 [main] INFO  netty.NettyConfigKeys$DataStream (ConfUtils.java:logGet(46)) - raft.netty.dataStream.server.boss-group.size = 0 (default)
2023-08-31 18:18:30,721 [main] INFO  netty.NettyConfigKeys$DataStream (ConfUtils.java:logGet(46)) - raft.netty.dataStream.server.worker-group.size = 0 (default)
2023-08-31 18:18:30,721 [main] INFO  netty.NettyConfigKeys$DataStream (ConfUtils.java:logGet(46)) - raft.netty.dataStream.server.tls.conf = null (default)
2023-08-31 18:18:30,721 [main] INFO  netty.NettyConfigKeys$DataStream (ConfUtils.java:logGet(46)) - raft.netty.dataStream.host = null (default)
2023-08-31 18:18:30,721 [main] INFO  netty.NettyConfigKeys$DataStream (ConfUtils.java:logGet(46)) - raft.netty.dataStream.port = 15104 (custom)
2023-08-31 18:18:30,722 [main] INFO  server.RaftServerConfigKeys (ConfUtils.java:logGet(46)) - raft.server.threadpool.proxy.cached = true (default)
2023-08-31 18:18:30,723 [main] INFO  server.RaftServerConfigKeys (ConfUtils.java:logGet(46)) - raft.server.threadpool.proxy.size = 0 (default)
2023-08-31 18:18:30,723 [main] INFO  server.RaftServerConfigKeys (ConfUtils.java:logGet(46)) - raft.server.rpc.slowness.timeout = 300s (custom)
2023-08-31 18:18:30,723 [main] INFO  server.RaftServerConfigKeys (ConfUtils.java:logGet(46)) - raft.server.leaderelection.leader.step-down.wait-time = 10s (default)
2023-08-31 18:18:30,723 [main] INFO  server.RaftServerConfigKeys (ConfUtils.java:logGet(46)) - raft.server.storage.dir = [/home/runner/work/ozone/ozone/hadoop-ozone/integration-test/target/test-dir/MiniOzoneClusterImpl-1f897967-a85f-45b1-932e-48a7a77b5829/datanode-4/data/ratis] (custom)
2023-08-31 18:18:30,724 [e76cb950-c142-4f99-9c9f-92ec0583573f-NettyServerStreamRpc-bossGroup--thread1] INFO  logging.LoggingHandler (AbstractInternalLogger.java:log(148)) - [id: 0x572c8776] REGISTERED
2023-08-31 18:18:30,724 [e76cb950-c142-4f99-9c9f-92ec0583573f-NettyServerStreamRpc-bossGroup--thread1] INFO  logging.LoggingHandler (AbstractInternalLogger.java:log(148)) - [id: 0x572c8776] BIND: 0.0.0.0/0.0.0.0:15104
2023-08-31 18:18:30,724 [e76cb950-c142-4f99-9c9f-92ec0583573f-NettyServerStreamRpc-bossGroup--thread1] INFO  logging.LoggingHandler (AbstractInternalLogger.java:log(148)) - [id: 0x572c8776, L:/0:0:0:0:0:0:0:0:15104] ACTIVE
2023-08-31 18:18:30,725 [e76cb950-c142-4f99-9c9f-92ec0583573f-impl-thread1] INFO  server.RaftServer (RaftServerProxy.java:initGroupDir(258)) - e76cb950-c142-4f99-9c9f-92ec0583573f: found a subdirectory /home/runner/work/ozone/ozone/hadoop-ozone/integration-test/target/test-dir/MiniOzoneClusterImpl-1f897967-a85f-45b1-932e-48a7a77b5829/datanode-4/data/ratis/tmp
2023-08-31 18:18:30,725 [e76cb950-c142-4f99-9c9f-92ec0583573f-impl-thread1] INFO  server.RaftServer (RaftServerProxy.java:initGroupDir(263)) - e76cb950-c142-4f99-9c9f-92ec0583573f: The directory /home/runner/work/ozone/ozone/hadoop-ozone/integration-test/target/test-dir/MiniOzoneClusterImpl-1f897967-a85f-45b1-932e-48a7a77b5829/datanode-4/data/ratis/tmp is not a group directory; ignoring it. 
2023-08-31 18:18:30,725 [main] INFO  replication.ReplicationServer (ReplicationServer.java:<init>(81)) - Initializing replication server with thread count = 10
2023-08-31 18:18:30,727 [main] INFO  server.XceiverServerGrpc (XceiverServerGrpc.java:<init>(132)) - GrpcServer channel type EpollServerSocketChannel
2023-08-31 18:18:30,728 [main] INFO  replication.ReplicationSupervisor (ReplicationSupervisor.java:build(155)) - Initializing replication supervisor with thread count = 10
2023-08-31 18:18:30,729 [main] INFO  replication.ReplicationSupervisor (ReplicationSupervisor.java:nodeStateUpdated(307)) - Node state updated to IN_SERVICE, scaling executor pool size to 10
2023-08-31 18:18:30,730 [main] INFO  http.BaseHttpServer (BaseHttpServer.java:newHttpServer2BuilderForOzone(223)) - Starting Web-server for hddsDatanode at: http://0.0.0.0:15098
2023-08-31 18:18:30,731 [main] INFO  http.BaseHttpServer (BaseHttpServer.java:<init>(110)) - Hadoop Security Enabled: false Ozone Security Enabled: false Ozone HTTP Security Enabled: false 
2023-08-31 18:18:30,733 [main] WARN  server.AuthenticationFilter (AuthenticationFilter.java:constructSecretProvider(240)) - Unable to initialize FileSignerSecretProvider, falling back to use random secrets. Reason: Could not read signature secret file: /home/runner/hadoop-http-auth-signature-secret
2023-08-31 18:18:30,734 [main] INFO  http.HttpRequestLog (HttpRequestLog.java:getRequestLog(86)) - Http request log for http.requests.hddsDatanode is not defined
2023-08-31 18:18:30,736 [main] INFO  http.HttpServer2 (HttpServer2.java:addGlobalFilter(1031)) - Added global filter 'safety' (class=org.apache.hadoop.hdds.server.http.HttpServer2$QuotingInputFilter)
2023-08-31 18:18:30,736 [main] INFO  http.HttpServer2 (HttpServer2.java:addFilter(1007)) - Added filter static_user_filter (class=org.apache.hadoop.http.lib.StaticUserWebFilter$StaticUserFilter) to context hddsDatanode
2023-08-31 18:18:30,737 [main] INFO  http.HttpServer2 (HttpServer2.java:addFilter(1015)) - Added filter static_user_filter (class=org.apache.hadoop.http.lib.StaticUserWebFilter$StaticUserFilter) to context logs
2023-08-31 18:18:30,737 [main] INFO  http.HttpServer2 (HttpServer2.java:addFilter(1015)) - Added filter static_user_filter (class=org.apache.hadoop.http.lib.StaticUserWebFilter$StaticUserFilter) to context static
2023-08-31 18:18:30,738 [main] INFO  http.BaseHttpServer (BaseHttpServer.java:<init>(189)) - HTTP server of hddsDatanode uses base directory /home/runner/work/ozone/ozone/hadoop-ozone/integration-test/target/test-dir/MiniOzoneClusterImpl-1f897967-a85f-45b1-932e-48a7a77b5829/datanode-4/meta/webserver
2023-08-31 18:18:30,738 [main] INFO  http.HttpServer2 (HttpServer2.java:bindListener(1231)) - Jetty bound to port 15098
2023-08-31 18:18:30,738 [main] INFO  server.Server (Server.java:doStart(375)) - jetty-9.4.51.v20230217; built: 2023-02-17T08:19:37.309Z; git: b45c405e4544384de066f814ed42ae3dceacdd49; jvm 1.8.0_382-b05
2023-08-31 18:18:30,741 [main] INFO  server.session (DefaultSessionIdManager.java:doStart(334)) - DefaultSessionIdManager workerName=node0
2023-08-31 18:18:30,741 [main] INFO  server.session (DefaultSessionIdManager.java:doStart(339)) - No SessionScavenger set, using defaults
2023-08-31 18:18:30,741 [main] INFO  server.session (HouseKeeper.java:startScavenging(132)) - node0 Scavenging every 600000ms
2023-08-31 18:18:30,742 [main] INFO  handler.ContextHandler (ContextHandler.java:doStart(921)) - Started o.e.j.s.ServletContextHandler@735f264e{logs,/logs,file:///home/runner/work/ozone/ozone/hadoop-ozone/integration-test/target/log,AVAILABLE}
2023-08-31 18:18:30,743 [main] INFO  handler.ContextHandler (ContextHandler.java:doStart(921)) - Started o.e.j.s.ServletContextHandler@6cdbecd5{static,/static,jar:file:/home/runner/.m2/repository/org/apache/ozone/hdds-container-service/1.4.0-SNAPSHOT/hdds-container-service-1.4.0-SNAPSHOT.jar!/webapps/static,AVAILABLE}
2023-08-31 18:18:30,995 [main] INFO  handler.ContextHandler (ContextHandler.java:doStart(921)) - Started o.e.j.w.WebAppContext@704b2822{hddsDatanode,/,file:///home/runner/work/ozone/ozone/hadoop-ozone/integration-test/target/test-dir/MiniOzoneClusterImpl-1f897967-a85f-45b1-932e-48a7a77b5829/datanode-4/meta/webserver/jetty-0_0_0_0-15098-hdds-container-service-1_4_0-SNAPSHOT_jar-_-any-3183537268951033712/webapp/,AVAILABLE}{jar:file:/home/runner/.m2/repository/org/apache/ozone/hdds-container-service/1.4.0-SNAPSHOT/hdds-container-service-1.4.0-SNAPSHOT.jar!/webapps/hddsDatanode}
2023-08-31 18:18:30,997 [main] INFO  server.AbstractConnector (AbstractConnector.java:doStart(333)) - Started ServerConnector@11a309d4{HTTP/1.1, (http/1.1)}{0.0.0.0:15098}
2023-08-31 18:18:30,998 [main] INFO  server.Server (Server.java:doStart(415)) - Started @122322ms
2023-08-31 18:18:30,998 [main] WARN  impl.MetricsSystemImpl (MetricsSystemImpl.java:register(279)) - Sink prometheus already exists!
2023-08-31 18:18:30,998 [main] INFO  http.BaseHttpServer (BaseHttpServer.java:updateConnectorAddress(354)) - HTTP server of hddsDatanode listening at http://0.0.0.0:15098
2023-08-31 18:18:30,999 [main] INFO  ipc.CallQueueManager (CallQueueManager.java:<init>(90)) - Using callQueue: class java.util.concurrent.LinkedBlockingQueue, queueCapacity: 100, scheduler: class org.apache.hadoop.ipc.DefaultRpcScheduler, ipcBackoff: false.
2023-08-31 18:18:30,999 [main] INFO  ipc.Server (Server.java:<init>(1287)) - Listener at 0.0.0.0:15099
2023-08-31 18:18:31,000 [Socket Reader #1 for port 15099] INFO  ipc.Server (Server.java:run(1323)) - Starting Socket Reader #1 for port 15099
2023-08-31 18:18:31,001 [main] INFO  ozone.HddsDatanodeService (HddsDatanodeService.java:start(315)) - Datanode start with admins: [runner]
2023-08-31 18:18:31,002 [main] INFO  ozone.HddsDatanodeClientProtocolServer (HddsDatanodeClientProtocolServer.java:start(72)) - RPC server for Client /0.0.0.0:15099
2023-08-31 18:18:31,002 [IPC Server listener on 15099] INFO  ipc.Server (Server.java:run(1402)) - IPC Server listener on 15099: starting
2023-08-31 18:18:31,002 [IPC Server Responder] INFO  ipc.Server (Server.java:run(1562)) - IPC Server Responder: starting
2023-08-31 18:18:31,004 [Datanode State Machine Daemon Thread] INFO  statemachine.DatanodeStateMachine (DatanodeStateMachine.java:lambda$startDaemon$0(538)) - Ozone container server started.
2023-08-31 18:18:31,003 [main] INFO  ozone.MiniOzoneClusterImpl (MiniOzoneClusterImpl.java:lambda$waitForClusterToBeReady$0(224)) - Waiting for nodes to be ready. Got 0 of 5 DN Heartbeats.
2023-08-31 18:18:31,011 [main] INFO  ozone.MiniOzoneClusterImpl (MiniOzoneClusterImpl.java:lambda$waitForClusterToBeReady$0(227)) - Waiting for cluster to exit safe mode
2023-08-31 18:18:31,011 [main] INFO  ozone.MiniOzoneClusterImpl (MiniOzoneClusterImpl.java:lambda$waitForClusterToBeReady$0(229)) - SCM became leader
2023-08-31 18:18:31,020 [Datanode State Machine Task Thread - 0] INFO  datanode.InitDatanodeState (InitDatanodeState.java:persistContainerDatanodeDetails(138)) - DatanodeDetails is persisted to /home/runner/work/ozone/ozone/hadoop-ozone/integration-test/target/test-dir/MiniOzoneClusterImpl-1f897967-a85f-45b1-932e-48a7a77b5829/datanode-4/meta/datanode.id
2023-08-31 18:18:31,662 [EndpointStateMachine task thread for /0.0.0.0:15055 - 0 ] INFO  utils.DatanodeStoreCache (DatanodeStoreCache.java:addDB(66)) - Added db /home/runner/work/ozone/ozone/hadoop-ozone/integration-test/target/test-dir/MiniOzoneClusterImpl-1f897967-a85f-45b1-932e-48a7a77b5829/datanode-0/data-0/containers/hdds/1f897967-a85f-45b1-932e-48a7a77b5829/DS-ac99d09c-9137-4e54-9abd-451651e23ea8/container.db to cache
2023-08-31 18:18:31,662 [EndpointStateMachine task thread for /0.0.0.0:15055 - 0 ] INFO  volume.HddsVolume (HddsVolume.java:createDbStore(422)) - SchemaV3 db is created and loaded at /home/runner/work/ozone/ozone/hadoop-ozone/integration-test/target/test-dir/MiniOzoneClusterImpl-1f897967-a85f-45b1-932e-48a7a77b5829/datanode-0/data-0/containers/hdds/1f897967-a85f-45b1-932e-48a7a77b5829/DS-ac99d09c-9137-4e54-9abd-451651e23ea8/container.db for volume DS-ac99d09c-9137-4e54-9abd-451651e23ea8
2023-08-31 18:18:31,663 [EndpointStateMachine task thread for /0.0.0.0:15055 - 0 ] INFO  volume.ThrottledAsyncChecker (ThrottledAsyncChecker.java:schedule(141)) - Scheduling a check for /home/runner/work/ozone/ozone/hadoop-ozone/integration-test/target/test-dir/MiniOzoneClusterImpl-1f897967-a85f-45b1-932e-48a7a77b5829/datanode-0/data-0/containers/hdds
2023-08-31 18:18:31,665 [EndpointStateMachine task thread for /0.0.0.0:15055 - 0 ] INFO  volume.StorageVolumeChecker (StorageVolumeChecker.java:checkAllVolumes(213)) - Scheduled health check for volume /home/runner/work/ozone/ozone/hadoop-ozone/integration-test/target/test-dir/MiniOzoneClusterImpl-1f897967-a85f-45b1-932e-48a7a77b5829/datanode-0/data-0/containers/hdds
2023-08-31 18:18:31,670 [EndpointStateMachine task thread for /0.0.0.0:15055 - 0 ] INFO  volume.ThrottledAsyncChecker (ThrottledAsyncChecker.java:schedule(141)) - Scheduling a check for /home/runner/work/ozone/ozone/hadoop-ozone/integration-test/target/test-dir/MiniOzoneClusterImpl-1f897967-a85f-45b1-932e-48a7a77b5829/datanode-0/data/ratis
2023-08-31 18:18:31,670 [EndpointStateMachine task thread for /0.0.0.0:15055 - 0 ] INFO  volume.StorageVolumeChecker (StorageVolumeChecker.java:checkAllVolumes(213)) - Scheduled health check for volume /home/runner/work/ozone/ozone/hadoop-ozone/integration-test/target/test-dir/MiniOzoneClusterImpl-1f897967-a85f-45b1-932e-48a7a77b5829/datanode-0/data/ratis
2023-08-31 18:18:31,671 [EndpointStateMachine task thread for /0.0.0.0:15055 - 0 ] INFO  ozoneimpl.OzoneContainer (OzoneContainer.java:start(429)) - Attempting to start container services.
2023-08-31 18:18:31,671 [EndpointStateMachine task thread for /0.0.0.0:15055 - 0 ] INFO  ozoneimpl.OzoneContainer (OzoneContainer.java:startContainerScrub(325)) - Scheduled background container scanners and the on-demand container scanner have been disabled.
2023-08-31 18:18:31,673 [EndpointStateMachine task thread for /0.0.0.0:15055 - 0 ] INFO  replication.ReplicationServer (ReplicationServer.java:start(130)) - ReplicationServer is started using port 15069
2023-08-31 18:18:31,673 [EndpointStateMachine task thread for /0.0.0.0:15055 - 0 ] INFO  ratis.XceiverServerRatis (XceiverServerRatis.java:start(517)) - Starting XceiverServerRatis 9837b75f-f89f-41e6-b8da-41fb6e633a75
2023-08-31 18:18:31,674 [EndpointStateMachine task thread for /0.0.0.0:15055 - 0 ] INFO  server.RaftServer (RaftServerProxy.java:startImpl(400)) - 9837b75f-f89f-41e6-b8da-41fb6e633a75: start RPC server
2023-08-31 18:18:31,675 [EndpointStateMachine task thread for /0.0.0.0:15055 - 0 ] INFO  server.GrpcService (GrpcService.java:startImpl(302)) - 9837b75f-f89f-41e6-b8da-41fb6e633a75: GrpcService started, listening on 15065
2023-08-31 18:18:31,676 [EndpointStateMachine task thread for /0.0.0.0:15055 - 0 ] INFO  server.GrpcService (GrpcService.java:startImpl(302)) - 9837b75f-f89f-41e6-b8da-41fb6e633a75: GrpcService started, listening on 15067
2023-08-31 18:18:31,677 [EndpointStateMachine task thread for /0.0.0.0:15055 - 0 ] INFO  server.GrpcService (GrpcService.java:startImpl(302)) - 9837b75f-f89f-41e6-b8da-41fb6e633a75: GrpcService started, listening on 15066
2023-08-31 18:18:31,678 [EndpointStateMachine task thread for /0.0.0.0:15055 - 0 ] INFO  ratis.XceiverServerRatis (XceiverServerRatis.java:getRealPort(543)) - XceiverServerRatis 9837b75f-f89f-41e6-b8da-41fb6e633a75 is started using port 15065 for RATIS
2023-08-31 18:18:31,678 [JvmPauseMonitor9] INFO  util.JvmPauseMonitor (JvmPauseMonitor.java:run(103)) - JvmPauseMonitor-9837b75f-f89f-41e6-b8da-41fb6e633a75: Started
2023-08-31 18:18:31,678 [EndpointStateMachine task thread for /0.0.0.0:15055 - 0 ] INFO  ratis.XceiverServerRatis (XceiverServerRatis.java:getRealPort(543)) - XceiverServerRatis 9837b75f-f89f-41e6-b8da-41fb6e633a75 is started using port 15066 for RATIS_ADMIN
2023-08-31 18:18:31,678 [EndpointStateMachine task thread for /0.0.0.0:15055 - 0 ] INFO  ratis.XceiverServerRatis (XceiverServerRatis.java:getRealPort(543)) - XceiverServerRatis 9837b75f-f89f-41e6-b8da-41fb6e633a75 is started using port 15067 for RATIS_SERVER
2023-08-31 18:18:31,678 [EndpointStateMachine task thread for /0.0.0.0:15055 - 0 ] INFO  ratis.XceiverServerRatis (XceiverServerRatis.java:getRealPort(543)) - XceiverServerRatis 9837b75f-f89f-41e6-b8da-41fb6e633a75 is started using port 15068 for RATIS_DATASTREAM
2023-08-31 18:18:31,681 [BlockDeletingService#0] INFO  interfaces.ContainerDeletionChoosingPolicyTemplate (ContainerDeletionChoosingPolicyTemplate.java:chooseContainerForBlockDeletion(85)) - Chosen 0/5000 blocks from 0 candidate containers.
2023-08-31 18:18:31,969 [EndpointStateMachine task thread for /0.0.0.0:15055 - 0 ] INFO  utils.DatanodeStoreCache (DatanodeStoreCache.java:addDB(66)) - Added db /home/runner/work/ozone/ozone/hadoop-ozone/integration-test/target/test-dir/MiniOzoneClusterImpl-1f897967-a85f-45b1-932e-48a7a77b5829/datanode-1/data-0/containers/hdds/1f897967-a85f-45b1-932e-48a7a77b5829/DS-6d2a3766-d0af-444b-8d95-290ba1beb4f6/container.db to cache
2023-08-31 18:18:31,969 [EndpointStateMachine task thread for /0.0.0.0:15055 - 0 ] INFO  volume.HddsVolume (HddsVolume.java:createDbStore(422)) - SchemaV3 db is created and loaded at /home/runner/work/ozone/ozone/hadoop-ozone/integration-test/target/test-dir/MiniOzoneClusterImpl-1f897967-a85f-45b1-932e-48a7a77b5829/datanode-1/data-0/containers/hdds/1f897967-a85f-45b1-932e-48a7a77b5829/DS-6d2a3766-d0af-444b-8d95-290ba1beb4f6/container.db for volume DS-6d2a3766-d0af-444b-8d95-290ba1beb4f6
2023-08-31 18:18:31,970 [EndpointStateMachine task thread for /0.0.0.0:15055 - 0 ] INFO  volume.ThrottledAsyncChecker (ThrottledAsyncChecker.java:schedule(141)) - Scheduling a check for /home/runner/work/ozone/ozone/hadoop-ozone/integration-test/target/test-dir/MiniOzoneClusterImpl-1f897967-a85f-45b1-932e-48a7a77b5829/datanode-1/data-0/containers/hdds
2023-08-31 18:18:31,974 [EndpointStateMachine task thread for /0.0.0.0:15055 - 0 ] INFO  volume.StorageVolumeChecker (StorageVolumeChecker.java:checkAllVolumes(213)) - Scheduled health check for volume /home/runner/work/ozone/ozone/hadoop-ozone/integration-test/target/test-dir/MiniOzoneClusterImpl-1f897967-a85f-45b1-932e-48a7a77b5829/datanode-1/data-0/containers/hdds
2023-08-31 18:18:31,978 [EndpointStateMachine task thread for /0.0.0.0:15055 - 0 ] INFO  volume.ThrottledAsyncChecker (ThrottledAsyncChecker.java:schedule(141)) - Scheduling a check for /home/runner/work/ozone/ozone/hadoop-ozone/integration-test/target/test-dir/MiniOzoneClusterImpl-1f897967-a85f-45b1-932e-48a7a77b5829/datanode-1/data/ratis
2023-08-31 18:18:31,978 [EndpointStateMachine task thread for /0.0.0.0:15055 - 0 ] INFO  volume.StorageVolumeChecker (StorageVolumeChecker.java:checkAllVolumes(213)) - Scheduled health check for volume /home/runner/work/ozone/ozone/hadoop-ozone/integration-test/target/test-dir/MiniOzoneClusterImpl-1f897967-a85f-45b1-932e-48a7a77b5829/datanode-1/data/ratis
2023-08-31 18:18:31,981 [EndpointStateMachine task thread for /0.0.0.0:15055 - 0 ] INFO  ozoneimpl.OzoneContainer (OzoneContainer.java:start(429)) - Attempting to start container services.
2023-08-31 18:18:31,982 [EndpointStateMachine task thread for /0.0.0.0:15055 - 0 ] INFO  ozoneimpl.OzoneContainer (OzoneContainer.java:startContainerScrub(325)) - Scheduled background container scanners and the on-demand container scanner have been disabled.
2023-08-31 18:18:31,983 [EndpointStateMachine task thread for /0.0.0.0:15055 - 0 ] INFO  replication.ReplicationServer (ReplicationServer.java:start(130)) - ReplicationServer is started using port 15078
2023-08-31 18:18:31,983 [EndpointStateMachine task thread for /0.0.0.0:15055 - 0 ] INFO  ratis.XceiverServerRatis (XceiverServerRatis.java:start(517)) - Starting XceiverServerRatis 8ed59791-7601-47e5-a424-1bf234fecffd
2023-08-31 18:18:31,985 [EndpointStateMachine task thread for /0.0.0.0:15055 - 0 ] INFO  server.RaftServer (RaftServerProxy.java:startImpl(400)) - 8ed59791-7601-47e5-a424-1bf234fecffd: start RPC server
2023-08-31 18:18:31,988 [EndpointStateMachine task thread for /0.0.0.0:15055 - 0 ] INFO  server.GrpcService (GrpcService.java:startImpl(302)) - 8ed59791-7601-47e5-a424-1bf234fecffd: GrpcService started, listening on 15074
2023-08-31 18:18:31,989 [EndpointStateMachine task thread for /0.0.0.0:15055 - 0 ] INFO  server.GrpcService (GrpcService.java:startImpl(302)) - 8ed59791-7601-47e5-a424-1bf234fecffd: GrpcService started, listening on 15076
2023-08-31 18:18:31,990 [EndpointStateMachine task thread for /0.0.0.0:15055 - 0 ] INFO  server.GrpcService (GrpcService.java:startImpl(302)) - 8ed59791-7601-47e5-a424-1bf234fecffd: GrpcService started, listening on 15075
2023-08-31 18:18:31,991 [EndpointStateMachine task thread for /0.0.0.0:15055 - 0 ] INFO  ratis.XceiverServerRatis (XceiverServerRatis.java:getRealPort(543)) - XceiverServerRatis 8ed59791-7601-47e5-a424-1bf234fecffd is started using port 15074 for RATIS
2023-08-31 18:18:31,991 [EndpointStateMachine task thread for /0.0.0.0:15055 - 0 ] INFO  ratis.XceiverServerRatis (XceiverServerRatis.java:getRealPort(543)) - XceiverServerRatis 8ed59791-7601-47e5-a424-1bf234fecffd is started using port 15075 for RATIS_ADMIN
2023-08-31 18:18:31,991 [EndpointStateMachine task thread for /0.0.0.0:15055 - 0 ] INFO  ratis.XceiverServerRatis (XceiverServerRatis.java:getRealPort(543)) - XceiverServerRatis 8ed59791-7601-47e5-a424-1bf234fecffd is started using port 15076 for RATIS_SERVER
2023-08-31 18:18:31,991 [EndpointStateMachine task thread for /0.0.0.0:15055 - 0 ] INFO  ratis.XceiverServerRatis (XceiverServerRatis.java:getRealPort(543)) - XceiverServerRatis 8ed59791-7601-47e5-a424-1bf234fecffd is started using port 15077 for RATIS_DATASTREAM
2023-08-31 18:18:31,991 [JvmPauseMonitor10] INFO  util.JvmPauseMonitor (JvmPauseMonitor.java:run(103)) - JvmPauseMonitor-8ed59791-7601-47e5-a424-1bf234fecffd: Started
2023-08-31 18:18:31,994 [BlockDeletingService#0] INFO  interfaces.ContainerDeletionChoosingPolicyTemplate (ContainerDeletionChoosingPolicyTemplate.java:chooseContainerForBlockDeletion(85)) - Chosen 0/5000 blocks from 0 candidate containers.
2023-08-31 18:18:32,011 [main] INFO  ozone.MiniOzoneClusterImpl (MiniOzoneClusterImpl.java:lambda$waitForClusterToBeReady$0(224)) - Waiting for nodes to be ready. Got 0 of 5 DN Heartbeats.
2023-08-31 18:18:32,011 [main] INFO  ozone.MiniOzoneClusterImpl (MiniOzoneClusterImpl.java:lambda$waitForClusterToBeReady$0(227)) - Waiting for cluster to exit safe mode
2023-08-31 18:18:32,011 [main] INFO  ozone.MiniOzoneClusterImpl (MiniOzoneClusterImpl.java:lambda$waitForClusterToBeReady$0(229)) - SCM became leader
2023-08-31 18:18:32,352 [EndpointStateMachine task thread for /0.0.0.0:15055 - 0 ] INFO  utils.DatanodeStoreCache (DatanodeStoreCache.java:addDB(66)) - Added db /home/runner/work/ozone/ozone/hadoop-ozone/integration-test/target/test-dir/MiniOzoneClusterImpl-1f897967-a85f-45b1-932e-48a7a77b5829/datanode-2/data-0/containers/hdds/1f897967-a85f-45b1-932e-48a7a77b5829/DS-bc0e7ff4-aa78-4938-bf29-8ed329c3067e/container.db to cache
2023-08-31 18:18:32,352 [EndpointStateMachine task thread for /0.0.0.0:15055 - 0 ] INFO  volume.HddsVolume (HddsVolume.java:createDbStore(422)) - SchemaV3 db is created and loaded at /home/runner/work/ozone/ozone/hadoop-ozone/integration-test/target/test-dir/MiniOzoneClusterImpl-1f897967-a85f-45b1-932e-48a7a77b5829/datanode-2/data-0/containers/hdds/1f897967-a85f-45b1-932e-48a7a77b5829/DS-bc0e7ff4-aa78-4938-bf29-8ed329c3067e/container.db for volume DS-bc0e7ff4-aa78-4938-bf29-8ed329c3067e
2023-08-31 18:18:32,355 [EndpointStateMachine task thread for /0.0.0.0:15055 - 0 ] INFO  volume.ThrottledAsyncChecker (ThrottledAsyncChecker.java:schedule(141)) - Scheduling a check for /home/runner/work/ozone/ozone/hadoop-ozone/integration-test/target/test-dir/MiniOzoneClusterImpl-1f897967-a85f-45b1-932e-48a7a77b5829/datanode-2/data-0/containers/hdds
2023-08-31 18:18:32,356 [EndpointStateMachine task thread for /0.0.0.0:15055 - 0 ] INFO  volume.StorageVolumeChecker (StorageVolumeChecker.java:checkAllVolumes(213)) - Scheduled health check for volume /home/runner/work/ozone/ozone/hadoop-ozone/integration-test/target/test-dir/MiniOzoneClusterImpl-1f897967-a85f-45b1-932e-48a7a77b5829/datanode-2/data-0/containers/hdds
2023-08-31 18:18:32,359 [EndpointStateMachine task thread for /0.0.0.0:15055 - 0 ] INFO  volume.ThrottledAsyncChecker (ThrottledAsyncChecker.java:schedule(141)) - Scheduling a check for /home/runner/work/ozone/ozone/hadoop-ozone/integration-test/target/test-dir/MiniOzoneClusterImpl-1f897967-a85f-45b1-932e-48a7a77b5829/datanode-2/data/ratis
2023-08-31 18:18:32,359 [EndpointStateMachine task thread for /0.0.0.0:15055 - 0 ] INFO  volume.StorageVolumeChecker (StorageVolumeChecker.java:checkAllVolumes(213)) - Scheduled health check for volume /home/runner/work/ozone/ozone/hadoop-ozone/integration-test/target/test-dir/MiniOzoneClusterImpl-1f897967-a85f-45b1-932e-48a7a77b5829/datanode-2/data/ratis
2023-08-31 18:18:32,360 [EndpointStateMachine task thread for /0.0.0.0:15055 - 0 ] INFO  ozoneimpl.OzoneContainer (OzoneContainer.java:start(429)) - Attempting to start container services.
2023-08-31 18:18:32,360 [EndpointStateMachine task thread for /0.0.0.0:15055 - 0 ] INFO  ozoneimpl.OzoneContainer (OzoneContainer.java:startContainerScrub(325)) - Scheduled background container scanners and the on-demand container scanner have been disabled.
2023-08-31 18:18:32,361 [EndpointStateMachine task thread for /0.0.0.0:15055 - 0 ] INFO  replication.ReplicationServer (ReplicationServer.java:start(130)) - ReplicationServer is started using port 15087
2023-08-31 18:18:32,361 [EndpointStateMachine task thread for /0.0.0.0:15055 - 0 ] INFO  ratis.XceiverServerRatis (XceiverServerRatis.java:start(517)) - Starting XceiverServerRatis 55a42498-51b5-4c22-a6d0-b6e523d26bd9
2023-08-31 18:18:32,362 [EndpointStateMachine task thread for /0.0.0.0:15055 - 0 ] INFO  server.RaftServer (RaftServerProxy.java:startImpl(400)) - 55a42498-51b5-4c22-a6d0-b6e523d26bd9: start RPC server
2023-08-31 18:18:32,363 [EndpointStateMachine task thread for /0.0.0.0:15055 - 0 ] INFO  server.GrpcService (GrpcService.java:startImpl(302)) - 55a42498-51b5-4c22-a6d0-b6e523d26bd9: GrpcService started, listening on 15083
2023-08-31 18:18:32,366 [EndpointStateMachine task thread for /0.0.0.0:15055 - 0 ] INFO  server.GrpcService (GrpcService.java:startImpl(302)) - 55a42498-51b5-4c22-a6d0-b6e523d26bd9: GrpcService started, listening on 15085
2023-08-31 18:18:32,367 [EndpointStateMachine task thread for /0.0.0.0:15055 - 0 ] INFO  server.GrpcService (GrpcService.java:startImpl(302)) - 55a42498-51b5-4c22-a6d0-b6e523d26bd9: GrpcService started, listening on 15084
2023-08-31 18:18:32,367 [EndpointStateMachine task thread for /0.0.0.0:15055 - 0 ] INFO  ratis.XceiverServerRatis (XceiverServerRatis.java:getRealPort(543)) - XceiverServerRatis 55a42498-51b5-4c22-a6d0-b6e523d26bd9 is started using port 15083 for RATIS
2023-08-31 18:18:32,367 [JvmPauseMonitor11] INFO  util.JvmPauseMonitor (JvmPauseMonitor.java:run(103)) - JvmPauseMonitor-55a42498-51b5-4c22-a6d0-b6e523d26bd9: Started
2023-08-31 18:18:32,367 [EndpointStateMachine task thread for /0.0.0.0:15055 - 0 ] INFO  ratis.XceiverServerRatis (XceiverServerRatis.java:getRealPort(543)) - XceiverServerRatis 55a42498-51b5-4c22-a6d0-b6e523d26bd9 is started using port 15084 for RATIS_ADMIN
2023-08-31 18:18:32,368 [EndpointStateMachine task thread for /0.0.0.0:15055 - 0 ] INFO  ratis.XceiverServerRatis (XceiverServerRatis.java:getRealPort(543)) - XceiverServerRatis 55a42498-51b5-4c22-a6d0-b6e523d26bd9 is started using port 15085 for RATIS_SERVER
2023-08-31 18:18:32,368 [EndpointStateMachine task thread for /0.0.0.0:15055 - 0 ] INFO  ratis.XceiverServerRatis (XceiverServerRatis.java:getRealPort(543)) - XceiverServerRatis 55a42498-51b5-4c22-a6d0-b6e523d26bd9 is started using port 15086 for RATIS_DATASTREAM
2023-08-31 18:18:32,383 [BlockDeletingService#0] INFO  interfaces.ContainerDeletionChoosingPolicyTemplate (ContainerDeletionChoosingPolicyTemplate.java:chooseContainerForBlockDeletion(85)) - Chosen 0/5000 blocks from 0 candidate containers.
2023-08-31 18:18:32,706 [EndpointStateMachine task thread for /0.0.0.0:15055 - 0 ] INFO  utils.DatanodeStoreCache (DatanodeStoreCache.java:addDB(66)) - Added db /home/runner/work/ozone/ozone/hadoop-ozone/integration-test/target/test-dir/MiniOzoneClusterImpl-1f897967-a85f-45b1-932e-48a7a77b5829/datanode-3/data-0/containers/hdds/1f897967-a85f-45b1-932e-48a7a77b5829/DS-546c5972-e9dc-4435-b51b-73c7720c4744/container.db to cache
2023-08-31 18:18:32,706 [EndpointStateMachine task thread for /0.0.0.0:15055 - 0 ] INFO  volume.HddsVolume (HddsVolume.java:createDbStore(422)) - SchemaV3 db is created and loaded at /home/runner/work/ozone/ozone/hadoop-ozone/integration-test/target/test-dir/MiniOzoneClusterImpl-1f897967-a85f-45b1-932e-48a7a77b5829/datanode-3/data-0/containers/hdds/1f897967-a85f-45b1-932e-48a7a77b5829/DS-546c5972-e9dc-4435-b51b-73c7720c4744/container.db for volume DS-546c5972-e9dc-4435-b51b-73c7720c4744
2023-08-31 18:18:32,707 [EndpointStateMachine task thread for /0.0.0.0:15055 - 0 ] INFO  volume.ThrottledAsyncChecker (ThrottledAsyncChecker.java:schedule(141)) - Scheduling a check for /home/runner/work/ozone/ozone/hadoop-ozone/integration-test/target/test-dir/MiniOzoneClusterImpl-1f897967-a85f-45b1-932e-48a7a77b5829/datanode-3/data-0/containers/hdds
2023-08-31 18:18:32,707 [EndpointStateMachine task thread for /0.0.0.0:15055 - 0 ] INFO  volume.StorageVolumeChecker (StorageVolumeChecker.java:checkAllVolumes(213)) - Scheduled health check for volume /home/runner/work/ozone/ozone/hadoop-ozone/integration-test/target/test-dir/MiniOzoneClusterImpl-1f897967-a85f-45b1-932e-48a7a77b5829/datanode-3/data-0/containers/hdds
2023-08-31 18:18:32,713 [EndpointStateMachine task thread for /0.0.0.0:15055 - 0 ] INFO  volume.ThrottledAsyncChecker (ThrottledAsyncChecker.java:schedule(141)) - Scheduling a check for /home/runner/work/ozone/ozone/hadoop-ozone/integration-test/target/test-dir/MiniOzoneClusterImpl-1f897967-a85f-45b1-932e-48a7a77b5829/datanode-3/data/ratis
2023-08-31 18:18:32,713 [EndpointStateMachine task thread for /0.0.0.0:15055 - 0 ] INFO  volume.StorageVolumeChecker (StorageVolumeChecker.java:checkAllVolumes(213)) - Scheduled health check for volume /home/runner/work/ozone/ozone/hadoop-ozone/integration-test/target/test-dir/MiniOzoneClusterImpl-1f897967-a85f-45b1-932e-48a7a77b5829/datanode-3/data/ratis
2023-08-31 18:18:32,716 [EndpointStateMachine task thread for /0.0.0.0:15055 - 0 ] INFO  ozoneimpl.OzoneContainer (OzoneContainer.java:start(429)) - Attempting to start container services.
2023-08-31 18:18:32,716 [EndpointStateMachine task thread for /0.0.0.0:15055 - 0 ] INFO  ozoneimpl.OzoneContainer (OzoneContainer.java:startContainerScrub(325)) - Scheduled background container scanners and the on-demand container scanner have been disabled.
2023-08-31 18:18:32,717 [EndpointStateMachine task thread for /0.0.0.0:15055 - 0 ] INFO  replication.ReplicationServer (ReplicationServer.java:start(130)) - ReplicationServer is started using port 15096
2023-08-31 18:18:32,717 [EndpointStateMachine task thread for /0.0.0.0:15055 - 0 ] INFO  ratis.XceiverServerRatis (XceiverServerRatis.java:start(517)) - Starting XceiverServerRatis 9288cb02-3403-47c3-90d0-5e59a32e5c49
2023-08-31 18:18:32,718 [EndpointStateMachine task thread for /0.0.0.0:15055 - 0 ] INFO  server.RaftServer (RaftServerProxy.java:startImpl(400)) - 9288cb02-3403-47c3-90d0-5e59a32e5c49: start RPC server
2023-08-31 18:18:32,719 [EndpointStateMachine task thread for /0.0.0.0:15055 - 0 ] INFO  server.GrpcService (GrpcService.java:startImpl(302)) - 9288cb02-3403-47c3-90d0-5e59a32e5c49: GrpcService started, listening on 15092
2023-08-31 18:18:32,720 [EndpointStateMachine task thread for /0.0.0.0:15055 - 0 ] INFO  server.GrpcService (GrpcService.java:startImpl(302)) - 9288cb02-3403-47c3-90d0-5e59a32e5c49: GrpcService started, listening on 15094
2023-08-31 18:18:32,726 [EndpointStateMachine task thread for /0.0.0.0:15055 - 0 ] INFO  server.GrpcService (GrpcService.java:startImpl(302)) - 9288cb02-3403-47c3-90d0-5e59a32e5c49: GrpcService started, listening on 15093
2023-08-31 18:18:32,727 [EndpointStateMachine task thread for /0.0.0.0:15055 - 0 ] INFO  ratis.XceiverServerRatis (XceiverServerRatis.java:getRealPort(543)) - XceiverServerRatis 9288cb02-3403-47c3-90d0-5e59a32e5c49 is started using port 15092 for RATIS
2023-08-31 18:18:32,727 [JvmPauseMonitor12] INFO  util.JvmPauseMonitor (JvmPauseMonitor.java:run(103)) - JvmPauseMonitor-9288cb02-3403-47c3-90d0-5e59a32e5c49: Started
2023-08-31 18:18:32,727 [EndpointStateMachine task thread for /0.0.0.0:15055 - 0 ] INFO  ratis.XceiverServerRatis (XceiverServerRatis.java:getRealPort(543)) - XceiverServerRatis 9288cb02-3403-47c3-90d0-5e59a32e5c49 is started using port 15093 for RATIS_ADMIN
2023-08-31 18:18:32,727 [EndpointStateMachine task thread for /0.0.0.0:15055 - 0 ] INFO  ratis.XceiverServerRatis (XceiverServerRatis.java:getRealPort(543)) - XceiverServerRatis 9288cb02-3403-47c3-90d0-5e59a32e5c49 is started using port 15094 for RATIS_SERVER
2023-08-31 18:18:32,727 [EndpointStateMachine task thread for /0.0.0.0:15055 - 0 ] INFO  ratis.XceiverServerRatis (XceiverServerRatis.java:getRealPort(543)) - XceiverServerRatis 9288cb02-3403-47c3-90d0-5e59a32e5c49 is started using port 15095 for RATIS_DATASTREAM
2023-08-31 18:18:32,731 [BlockDeletingService#0] INFO  interfaces.ContainerDeletionChoosingPolicyTemplate (ContainerDeletionChoosingPolicyTemplate.java:chooseContainerForBlockDeletion(85)) - Chosen 0/5000 blocks from 0 candidate containers.
2023-08-31 18:18:33,012 [main] INFO  ozone.MiniOzoneClusterImpl (MiniOzoneClusterImpl.java:lambda$waitForClusterToBeReady$0(224)) - Waiting for nodes to be ready. Got 0 of 5 DN Heartbeats.
2023-08-31 18:18:33,012 [main] INFO  ozone.MiniOzoneClusterImpl (MiniOzoneClusterImpl.java:lambda$waitForClusterToBeReady$0(227)) - Waiting for cluster to exit safe mode
2023-08-31 18:18:33,012 [main] INFO  ozone.MiniOzoneClusterImpl (MiniOzoneClusterImpl.java:lambda$waitForClusterToBeReady$0(229)) - SCM became leader
2023-08-31 18:18:33,081 [EndpointStateMachine task thread for /0.0.0.0:15055 - 0 ] INFO  utils.DatanodeStoreCache (DatanodeStoreCache.java:addDB(66)) - Added db /home/runner/work/ozone/ozone/hadoop-ozone/integration-test/target/test-dir/MiniOzoneClusterImpl-1f897967-a85f-45b1-932e-48a7a77b5829/datanode-4/data-0/containers/hdds/1f897967-a85f-45b1-932e-48a7a77b5829/DS-cfb6029d-d296-4179-862c-cbd7a39b281f/container.db to cache
2023-08-31 18:18:33,081 [EndpointStateMachine task thread for /0.0.0.0:15055 - 0 ] INFO  volume.HddsVolume (HddsVolume.java:createDbStore(422)) - SchemaV3 db is created and loaded at /home/runner/work/ozone/ozone/hadoop-ozone/integration-test/target/test-dir/MiniOzoneClusterImpl-1f897967-a85f-45b1-932e-48a7a77b5829/datanode-4/data-0/containers/hdds/1f897967-a85f-45b1-932e-48a7a77b5829/DS-cfb6029d-d296-4179-862c-cbd7a39b281f/container.db for volume DS-cfb6029d-d296-4179-862c-cbd7a39b281f
2023-08-31 18:18:33,082 [EndpointStateMachine task thread for /0.0.0.0:15055 - 0 ] INFO  volume.ThrottledAsyncChecker (ThrottledAsyncChecker.java:schedule(141)) - Scheduling a check for /home/runner/work/ozone/ozone/hadoop-ozone/integration-test/target/test-dir/MiniOzoneClusterImpl-1f897967-a85f-45b1-932e-48a7a77b5829/datanode-4/data-0/containers/hdds
2023-08-31 18:18:33,083 [EndpointStateMachine task thread for /0.0.0.0:15055 - 0 ] INFO  volume.StorageVolumeChecker (StorageVolumeChecker.java:checkAllVolumes(213)) - Scheduled health check for volume /home/runner/work/ozone/ozone/hadoop-ozone/integration-test/target/test-dir/MiniOzoneClusterImpl-1f897967-a85f-45b1-932e-48a7a77b5829/datanode-4/data-0/containers/hdds
2023-08-31 18:18:33,086 [EndpointStateMachine task thread for /0.0.0.0:15055 - 0 ] INFO  volume.ThrottledAsyncChecker (ThrottledAsyncChecker.java:schedule(141)) - Scheduling a check for /home/runner/work/ozone/ozone/hadoop-ozone/integration-test/target/test-dir/MiniOzoneClusterImpl-1f897967-a85f-45b1-932e-48a7a77b5829/datanode-4/data/ratis
2023-08-31 18:18:33,086 [EndpointStateMachine task thread for /0.0.0.0:15055 - 0 ] INFO  volume.StorageVolumeChecker (StorageVolumeChecker.java:checkAllVolumes(213)) - Scheduled health check for volume /home/runner/work/ozone/ozone/hadoop-ozone/integration-test/target/test-dir/MiniOzoneClusterImpl-1f897967-a85f-45b1-932e-48a7a77b5829/datanode-4/data/ratis
2023-08-31 18:18:33,088 [EndpointStateMachine task thread for /0.0.0.0:15055 - 0 ] INFO  ozoneimpl.OzoneContainer (OzoneContainer.java:start(429)) - Attempting to start container services.
2023-08-31 18:18:33,088 [EndpointStateMachine task thread for /0.0.0.0:15055 - 0 ] INFO  ozoneimpl.OzoneContainer (OzoneContainer.java:startContainerScrub(325)) - Scheduled background container scanners and the on-demand container scanner have been disabled.
2023-08-31 18:18:33,089 [EndpointStateMachine task thread for /0.0.0.0:15055 - 0 ] INFO  replication.ReplicationServer (ReplicationServer.java:start(130)) - ReplicationServer is started using port 15105
2023-08-31 18:18:33,090 [EndpointStateMachine task thread for /0.0.0.0:15055 - 0 ] INFO  ratis.XceiverServerRatis (XceiverServerRatis.java:start(517)) - Starting XceiverServerRatis e76cb950-c142-4f99-9c9f-92ec0583573f
2023-08-31 18:18:33,090 [EndpointStateMachine task thread for /0.0.0.0:15055 - 0 ] INFO  server.RaftServer (RaftServerProxy.java:startImpl(400)) - e76cb950-c142-4f99-9c9f-92ec0583573f: start RPC server
2023-08-31 18:18:33,091 [EndpointStateMachine task thread for /0.0.0.0:15055 - 0 ] INFO  server.GrpcService (GrpcService.java:startImpl(302)) - e76cb950-c142-4f99-9c9f-92ec0583573f: GrpcService started, listening on 15101
2023-08-31 18:18:33,092 [EndpointStateMachine task thread for /0.0.0.0:15055 - 0 ] INFO  server.GrpcService (GrpcService.java:startImpl(302)) - e76cb950-c142-4f99-9c9f-92ec0583573f: GrpcService started, listening on 15103
2023-08-31 18:18:33,093 [EndpointStateMachine task thread for /0.0.0.0:15055 - 0 ] INFO  server.GrpcService (GrpcService.java:startImpl(302)) - e76cb950-c142-4f99-9c9f-92ec0583573f: GrpcService started, listening on 15102
2023-08-31 18:18:33,094 [EndpointStateMachine task thread for /0.0.0.0:15055 - 0 ] INFO  ratis.XceiverServerRatis (XceiverServerRatis.java:getRealPort(543)) - XceiverServerRatis e76cb950-c142-4f99-9c9f-92ec0583573f is started using port 15101 for RATIS
2023-08-31 18:18:33,094 [JvmPauseMonitor13] INFO  util.JvmPauseMonitor (JvmPauseMonitor.java:run(103)) - JvmPauseMonitor-e76cb950-c142-4f99-9c9f-92ec0583573f: Started
2023-08-31 18:18:33,094 [EndpointStateMachine task thread for /0.0.0.0:15055 - 0 ] INFO  ratis.XceiverServerRatis (XceiverServerRatis.java:getRealPort(543)) - XceiverServerRatis e76cb950-c142-4f99-9c9f-92ec0583573f is started using port 15102 for RATIS_ADMIN
2023-08-31 18:18:33,094 [EndpointStateMachine task thread for /0.0.0.0:15055 - 0 ] INFO  ratis.XceiverServerRatis (XceiverServerRatis.java:getRealPort(543)) - XceiverServerRatis e76cb950-c142-4f99-9c9f-92ec0583573f is started using port 15103 for RATIS_SERVER
2023-08-31 18:18:33,094 [EndpointStateMachine task thread for /0.0.0.0:15055 - 0 ] INFO  ratis.XceiverServerRatis (XceiverServerRatis.java:getRealPort(543)) - XceiverServerRatis e76cb950-c142-4f99-9c9f-92ec0583573f is started using port 15104 for RATIS_DATASTREAM
2023-08-31 18:18:33,097 [BlockDeletingService#0] INFO  interfaces.ContainerDeletionChoosingPolicyTemplate (ContainerDeletionChoosingPolicyTemplate.java:chooseContainerForBlockDeletion(85)) - Chosen 0/5000 blocks from 0 candidate containers.
2023-08-31 18:18:33,586 [IPC Server handler 2 on default port 15055] INFO  net.NetworkTopologyImpl (NetworkTopologyImpl.java:add(112)) - Added a new node: /default-rack/9837b75f-f89f-41e6-b8da-41fb6e633a75
2023-08-31 18:18:33,586 [IPC Server handler 2 on default port 15055] INFO  node.SCMNodeManager (SCMNodeManager.java:register(405)) - Registered Data node : 9837b75f-f89f-41e6-b8da-41fb6e633a75{ip: 10.1.0.8, host: fv-az1129-899, ports: [HTTP=15062, CLIENT_RPC=15063, REPLICATION=15069, RATIS=15065, RATIS_ADMIN=15066, RATIS_SERVER=15067, RATIS_DATASTREAM=15068, STANDALONE=15064], networkLocation: /default-rack, certSerialId: null, persistedOpState: null, persistedOpStateExpiryEpochSec: 0}
2023-08-31 18:18:33,589 [EventQueue-NodeRegistrationContainerReportForContainerSafeModeRule] INFO  safemode.SCMSafeModeManager (SCMSafeModeManager.java:validateSafeModeExitRules(200)) - ContainerSafeModeRule rule is successfully validated
2023-08-31 18:18:33,589 [EventQueue-NodeRegistrationContainerReportForDataNodeSafeModeRule] INFO  safemode.SCMSafeModeManager (DataNodeSafeModeRule.java:process(71)) - SCM in safe mode. 1 DataNodes registered, 3 required.
2023-08-31 18:18:33,592 [EventQueue-NewNodeForNewNodeHandler] INFO  pipeline.BackgroundPipelineCreator (BackgroundPipelineCreator.java:notifyEventTriggered(277)) - trigger a one-shot run on RatisPipelineUtilsThread.
2023-08-31 18:18:33,592 [RatisPipelineUtilsThread - 0] INFO  pipeline.RatisPipelineProvider (RatisPipelineProvider.java:lambda$create$0(206)) - Sending CreatePipelineCommand for pipeline:PipelineID=bec518a8-a4ea-4727-94cc-6c981eb11288 to datanode:9837b75f-f89f-41e6-b8da-41fb6e633a75
2023-08-31 18:18:33,593 [RatisPipelineUtilsThread - 0] INFO  pipeline.BackgroundPipelineCreator (BackgroundPipelineCreator.java:createPipelines(233)) - Created new pipeline Pipeline[ Id: bec518a8-a4ea-4727-94cc-6c981eb11288, Nodes: 9837b75f-f89f-41e6-b8da-41fb6e633a75(fv-az1129-899/10.1.0.8), ReplicationConfig: RATIS/ONE, State:ALLOCATED, leaderId:, CreationTimestamp2023-08-31T18:18:33.592Z[Etc/UTC]]
2023-08-31 18:18:33,600 [EventQueue-PipelineReportForOneReplicaPipelineSafeModeRule] INFO  safemode.SCMSafeModeManager (SCMSafeModeManager.java:validateSafeModeExitRules(200)) - AtleastOneDatanodeReportedRule rule is successfully validated
2023-08-31 18:18:33,918 [IPC Server handler 0 on default port 15055] INFO  net.NetworkTopologyImpl (NetworkTopologyImpl.java:add(112)) - Added a new node: /default-rack/8ed59791-7601-47e5-a424-1bf234fecffd
2023-08-31 18:18:33,918 [IPC Server handler 0 on default port 15055] INFO  node.SCMNodeManager (SCMNodeManager.java:register(405)) - Registered Data node : 8ed59791-7601-47e5-a424-1bf234fecffd{ip: 10.1.0.8, host: fv-az1129-899, ports: [HTTP=15071, CLIENT_RPC=15072, REPLICATION=15078, RATIS=15074, RATIS_ADMIN=15075, RATIS_SERVER=15076, RATIS_DATASTREAM=15077, STANDALONE=15073], networkLocation: /default-rack, certSerialId: null, persistedOpState: null, persistedOpStateExpiryEpochSec: 0}
2023-08-31 18:18:33,922 [EventQueue-NodeRegistrationContainerReportForDataNodeSafeModeRule] INFO  safemode.SCMSafeModeManager (DataNodeSafeModeRule.java:process(71)) - SCM in safe mode. 2 DataNodes registered, 3 required.
2023-08-31 18:18:33,922 [EventQueue-NewNodeForNewNodeHandler] INFO  pipeline.BackgroundPipelineCreator (BackgroundPipelineCreator.java:notifyEventTriggered(277)) - trigger a one-shot run on RatisPipelineUtilsThread.
2023-08-31 18:18:33,923 [RatisPipelineUtilsThread - 0] INFO  pipeline.RatisPipelineProvider (RatisPipelineProvider.java:lambda$create$0(206)) - Sending CreatePipelineCommand for pipeline:PipelineID=123a13f7-a5ba-4e2d-9d45-6af54dd69401 to datanode:8ed59791-7601-47e5-a424-1bf234fecffd
2023-08-31 18:18:33,924 [RatisPipelineUtilsThread - 0] INFO  pipeline.BackgroundPipelineCreator (BackgroundPipelineCreator.java:createPipelines(233)) - Created new pipeline Pipeline[ Id: 123a13f7-a5ba-4e2d-9d45-6af54dd69401, Nodes: 8ed59791-7601-47e5-a424-1bf234fecffd(fv-az1129-899/10.1.0.8), ReplicationConfig: RATIS/ONE, State:ALLOCATED, leaderId:, CreationTimestamp2023-08-31T18:18:33.923Z[Etc/UTC]]
2023-08-31 18:18:34,012 [main] INFO  ozone.MiniOzoneClusterImpl (MiniOzoneClusterImpl.java:lambda$waitForClusterToBeReady$0(224)) - Waiting for nodes to be ready. Got 2 of 5 DN Heartbeats.
2023-08-31 18:18:34,013 [main] INFO  ozone.MiniOzoneClusterImpl (MiniOzoneClusterImpl.java:lambda$waitForClusterToBeReady$0(227)) - Waiting for cluster to exit safe mode
2023-08-31 18:18:34,013 [main] INFO  ozone.MiniOzoneClusterImpl (MiniOzoneClusterImpl.java:lambda$waitForClusterToBeReady$0(229)) - SCM became leader
2023-08-31 18:18:34,296 [IPC Server handler 2 on default port 15055] INFO  net.NetworkTopologyImpl (NetworkTopologyImpl.java:add(112)) - Added a new node: /default-rack/55a42498-51b5-4c22-a6d0-b6e523d26bd9
2023-08-31 18:18:34,296 [IPC Server handler 2 on default port 15055] INFO  node.SCMNodeManager (SCMNodeManager.java:register(405)) - Registered Data node : 55a42498-51b5-4c22-a6d0-b6e523d26bd9{ip: 10.1.0.8, host: fv-az1129-899, ports: [HTTP=15080, CLIENT_RPC=15081, REPLICATION=15087, RATIS=15083, RATIS_ADMIN=15084, RATIS_SERVER=15085, RATIS_DATASTREAM=15086, STANDALONE=15082], networkLocation: /default-rack, certSerialId: null, persistedOpState: null, persistedOpStateExpiryEpochSec: 0}
2023-08-31 18:18:34,298 [EventQueue-NodeRegistrationContainerReportForDataNodeSafeModeRule] INFO  safemode.SCMSafeModeManager (DataNodeSafeModeRule.java:process(71)) - SCM in safe mode. 3 DataNodes registered, 3 required.
2023-08-31 18:18:34,298 [EventQueue-NodeRegistrationContainerReportForDataNodeSafeModeRule] INFO  safemode.SCMSafeModeManager (SCMSafeModeManager.java:validateSafeModeExitRules(200)) - DataNodeSafeModeRule rule is successfully validated
2023-08-31 18:18:34,298 [EventQueue-NodeRegistrationContainerReportForDataNodeSafeModeRule] INFO  safemode.SCMSafeModeManager (SCMSafeModeManager.java:completePreCheck(229)) - All SCM safe mode pre check rules have passed
2023-08-31 18:18:34,298 [EventQueue-NodeRegistrationContainerReportForDataNodeSafeModeRule] INFO  ha.SCMContext (SCMContext.java:updateSafeModeStatus(228)) - Update SafeModeStatus from SafeModeStatus{safeModeStatus=true, preCheckPassed=false} to SafeModeStatus{safeModeStatus=true, preCheckPassed=true}.
2023-08-31 18:18:34,298 [EventQueue-NewNodeForNewNodeHandler] INFO  pipeline.BackgroundPipelineCreator (BackgroundPipelineCreator.java:notifyEventTriggered(277)) - trigger a one-shot run on RatisPipelineUtilsThread.
2023-08-31 18:18:34,299 [EventQueue-NodeRegistrationContainerReportForDataNodeSafeModeRule] INFO  pipeline.BackgroundPipelineCreator (BackgroundPipelineCreator.java:notifyEventTriggered(277)) - trigger a one-shot run on RatisPipelineUtilsThread.
2023-08-31 18:18:34,299 [RatisPipelineUtilsThread - 0] INFO  pipeline.RatisPipelineProvider (RatisPipelineProvider.java:lambda$create$0(206)) - Sending CreatePipelineCommand for pipeline:PipelineID=226b06c0-a77e-4589-971c-f8076efcf013 to datanode:55a42498-51b5-4c22-a6d0-b6e523d26bd9
2023-08-31 18:18:34,300 [RatisPipelineUtilsThread - 0] INFO  pipeline.BackgroundPipelineCreator (BackgroundPipelineCreator.java:createPipelines(233)) - Created new pipeline Pipeline[ Id: 226b06c0-a77e-4589-971c-f8076efcf013, Nodes: 55a42498-51b5-4c22-a6d0-b6e523d26bd9(fv-az1129-899/10.1.0.8), ReplicationConfig: RATIS/ONE, State:ALLOCATED, leaderId:, CreationTimestamp2023-08-31T18:18:34.299Z[Etc/UTC]]
2023-08-31 18:18:34,300 [RatisPipelineUtilsThread - 0] INFO  pipeline.RatisPipelineProvider (RatisPipelineProvider.java:lambda$create$0(206)) - Sending CreatePipelineCommand for pipeline:PipelineID=2c77f341-3b5a-472b-8d2a-19bc43d416a8 to datanode:55a42498-51b5-4c22-a6d0-b6e523d26bd9
2023-08-31 18:18:34,300 [RatisPipelineUtilsThread - 0] INFO  pipeline.RatisPipelineProvider (RatisPipelineProvider.java:lambda$create$0(206)) - Sending CreatePipelineCommand for pipeline:PipelineID=2c77f341-3b5a-472b-8d2a-19bc43d416a8 to datanode:8ed59791-7601-47e5-a424-1bf234fecffd
2023-08-31 18:18:34,300 [RatisPipelineUtilsThread - 0] INFO  pipeline.RatisPipelineProvider (RatisPipelineProvider.java:lambda$create$0(206)) - Sending CreatePipelineCommand for pipeline:PipelineID=2c77f341-3b5a-472b-8d2a-19bc43d416a8 to datanode:9837b75f-f89f-41e6-b8da-41fb6e633a75
2023-08-31 18:18:34,301 [RatisPipelineUtilsThread - 0] INFO  pipeline.BackgroundPipelineCreator (BackgroundPipelineCreator.java:createPipelines(233)) - Created new pipeline Pipeline[ Id: 2c77f341-3b5a-472b-8d2a-19bc43d416a8, Nodes: 55a42498-51b5-4c22-a6d0-b6e523d26bd9(fv-az1129-899/10.1.0.8)8ed59791-7601-47e5-a424-1bf234fecffd(fv-az1129-899/10.1.0.8)9837b75f-f89f-41e6-b8da-41fb6e633a75(fv-az1129-899/10.1.0.8), ReplicationConfig: RATIS/THREE, State:ALLOCATED, leaderId:, CreationTimestamp2023-08-31T18:18:34.300Z[Etc/UTC]]
2023-08-31 18:18:34,302 [RatisPipelineUtilsThread - 0] INFO  pipeline.RatisPipelineProvider (RatisPipelineProvider.java:lambda$create$0(206)) - Sending CreatePipelineCommand for pipeline:PipelineID=517282be-c288-4288-bdea-5c4aa5e3d544 to datanode:8ed59791-7601-47e5-a424-1bf234fecffd
2023-08-31 18:18:34,302 [RatisPipelineUtilsThread - 0] INFO  pipeline.RatisPipelineProvider (RatisPipelineProvider.java:lambda$create$0(206)) - Sending CreatePipelineCommand for pipeline:PipelineID=517282be-c288-4288-bdea-5c4aa5e3d544 to datanode:9837b75f-f89f-41e6-b8da-41fb6e633a75
2023-08-31 18:18:34,302 [RatisPipelineUtilsThread - 0] INFO  pipeline.RatisPipelineProvider (RatisPipelineProvider.java:lambda$create$0(206)) - Sending CreatePipelineCommand for pipeline:PipelineID=517282be-c288-4288-bdea-5c4aa5e3d544 to datanode:55a42498-51b5-4c22-a6d0-b6e523d26bd9
2023-08-31 18:18:34,304 [RatisPipelineUtilsThread - 0] INFO  pipeline.PipelineManagerImpl (PipelineManagerImpl.java:recordMetricsForPipeline(914)) - Pipeline: PipelineID=517282be-c288-4288-bdea-5c4aa5e3d544 contains same datanodes as previous pipelines: PipelineID=2c77f341-3b5a-472b-8d2a-19bc43d416a8 nodeIds: 8ed59791-7601-47e5-a424-1bf234fecffd, 9837b75f-f89f-41e6-b8da-41fb6e633a75, 55a42498-51b5-4c22-a6d0-b6e523d26bd9
2023-08-31 18:18:34,305 [RatisPipelineUtilsThread - 0] INFO  pipeline.BackgroundPipelineCreator (BackgroundPipelineCreator.java:createPipelines(233)) - Created new pipeline Pipeline[ Id: 517282be-c288-4288-bdea-5c4aa5e3d544, Nodes: 8ed59791-7601-47e5-a424-1bf234fecffd(fv-az1129-899/10.1.0.8)9837b75f-f89f-41e6-b8da-41fb6e633a75(fv-az1129-899/10.1.0.8)55a42498-51b5-4c22-a6d0-b6e523d26bd9(fv-az1129-899/10.1.0.8), ReplicationConfig: RATIS/THREE, State:ALLOCATED, leaderId:, CreationTimestamp2023-08-31T18:18:34.302Z[Etc/UTC]]
2023-08-31 18:18:34,656 [IPC Server handler 3 on default port 15055] INFO  net.NetworkTopologyImpl (NetworkTopologyImpl.java:add(112)) - Added a new node: /default-rack/9288cb02-3403-47c3-90d0-5e59a32e5c49
2023-08-31 18:18:34,656 [IPC Server handler 3 on default port 15055] INFO  node.SCMNodeManager (SCMNodeManager.java:register(405)) - Registered Data node : 9288cb02-3403-47c3-90d0-5e59a32e5c49{ip: 10.1.0.8, host: fv-az1129-899, ports: [HTTP=15089, CLIENT_RPC=15090, REPLICATION=15096, RATIS=15092, RATIS_ADMIN=15093, RATIS_SERVER=15094, RATIS_DATASTREAM=15095, STANDALONE=15091], networkLocation: /default-rack, certSerialId: null, persistedOpState: null, persistedOpStateExpiryEpochSec: 0}
2023-08-31 18:18:34,657 [EventQueue-NewNodeForNewNodeHandler] INFO  pipeline.BackgroundPipelineCreator (BackgroundPipelineCreator.java:notifyEventTriggered(277)) - trigger a one-shot run on RatisPipelineUtilsThread.
2023-08-31 18:18:34,657 [RatisPipelineUtilsThread - 0] INFO  pipeline.RatisPipelineProvider (RatisPipelineProvider.java:lambda$create$0(206)) - Sending CreatePipelineCommand for pipeline:PipelineID=9a9ef5bf-757a-4fb2-8d01-cad8ae3cc7a4 to datanode:9288cb02-3403-47c3-90d0-5e59a32e5c49
2023-08-31 18:18:34,658 [RatisPipelineUtilsThread - 0] INFO  pipeline.BackgroundPipelineCreator (BackgroundPipelineCreator.java:createPipelines(233)) - Created new pipeline Pipeline[ Id: 9a9ef5bf-757a-4fb2-8d01-cad8ae3cc7a4, Nodes: 9288cb02-3403-47c3-90d0-5e59a32e5c49(fv-az1129-899/10.1.0.8), ReplicationConfig: RATIS/ONE, State:ALLOCATED, leaderId:, CreationTimestamp2023-08-31T18:18:34.657Z[Etc/UTC]]
2023-08-31 18:18:35,013 [main] INFO  ozone.MiniOzoneClusterImpl (MiniOzoneClusterImpl.java:lambda$waitForClusterToBeReady$0(224)) - Waiting for nodes to be ready. Got 4 of 5 DN Heartbeats.
2023-08-31 18:18:35,014 [main] INFO  ozone.MiniOzoneClusterImpl (MiniOzoneClusterImpl.java:lambda$waitForClusterToBeReady$0(227)) - Waiting for cluster to exit safe mode
2023-08-31 18:18:35,014 [main] INFO  ozone.MiniOzoneClusterImpl (MiniOzoneClusterImpl.java:lambda$waitForClusterToBeReady$0(229)) - SCM became leader
2023-08-31 18:18:35,015 [IPC Server handler 1 on default port 15055] INFO  net.NetworkTopologyImpl (NetworkTopologyImpl.java:add(112)) - Added a new node: /default-rack/e76cb950-c142-4f99-9c9f-92ec0583573f
2023-08-31 18:18:35,015 [IPC Server handler 1 on default port 15055] INFO  node.SCMNodeManager (SCMNodeManager.java:register(405)) - Registered Data node : e76cb950-c142-4f99-9c9f-92ec0583573f{ip: 10.1.0.8, host: fv-az1129-899, ports: [HTTP=15098, CLIENT_RPC=15099, REPLICATION=15105, RATIS=15101, RATIS_ADMIN=15102, RATIS_SERVER=15103, RATIS_DATASTREAM=15104, STANDALONE=15100], networkLocation: /default-rack, certSerialId: null, persistedOpState: null, persistedOpStateExpiryEpochSec: 0}
2023-08-31 18:18:35,018 [EventQueue-NewNodeForNewNodeHandler] INFO  pipeline.BackgroundPipelineCreator (BackgroundPipelineCreator.java:notifyEventTriggered(277)) - trigger a one-shot run on RatisPipelineUtilsThread.
2023-08-31 18:18:35,018 [RatisPipelineUtilsThread - 0] INFO  pipeline.RatisPipelineProvider (RatisPipelineProvider.java:lambda$create$0(206)) - Sending CreatePipelineCommand for pipeline:PipelineID=7e90132f-a12c-40ff-9753-61c8782af807 to datanode:e76cb950-c142-4f99-9c9f-92ec0583573f
2023-08-31 18:18:35,019 [RatisPipelineUtilsThread - 0] INFO  pipeline.BackgroundPipelineCreator (BackgroundPipelineCreator.java:createPipelines(233)) - Created new pipeline Pipeline[ Id: 7e90132f-a12c-40ff-9753-61c8782af807, Nodes: e76cb950-c142-4f99-9c9f-92ec0583573f(fv-az1129-899/10.1.0.8), ReplicationConfig: RATIS/ONE, State:ALLOCATED, leaderId:, CreationTimestamp2023-08-31T18:18:35.018Z[Etc/UTC]]
2023-08-31 18:18:36,014 [main] INFO  ozone.MiniOzoneClusterImpl (MiniOzoneClusterImpl.java:lambda$waitForClusterToBeReady$0(224)) - Nodes are ready. Got 5 of 5 DN Heartbeats.
2023-08-31 18:18:36,014 [main] INFO  ozone.MiniOzoneClusterImpl (MiniOzoneClusterImpl.java:lambda$waitForClusterToBeReady$0(227)) - Waiting for cluster to exit safe mode
2023-08-31 18:18:36,014 [main] INFO  ozone.MiniOzoneClusterImpl (MiniOzoneClusterImpl.java:lambda$waitForClusterToBeReady$0(229)) - SCM became leader
2023-08-31 18:18:36,587 [PipelineCommandHandlerThread-0] INFO  server.RaftServer (RaftServerProxy.java:addNew(98)) - 9837b75f-f89f-41e6-b8da-41fb6e633a75: addNew group-6C981EB11288:[9837b75f-f89f-41e6-b8da-41fb6e633a75|rpc:10.1.0.8:15067|admin:10.1.0.8:15066|client:10.1.0.8:15065|dataStream:10.1.0.8:15068|priority:1|startupRole:FOLLOWER] returns group-6C981EB11288:java.util.concurrent.CompletableFuture@660c63c5[Not completed]
2023-08-31 18:18:36,588 [9837b75f-f89f-41e6-b8da-41fb6e633a75-groupManagement] INFO  server.RaftServer$Division (RaftServerImpl.java:<init>(198)) - 9837b75f-f89f-41e6-b8da-41fb6e633a75: new RaftServerImpl for group-6C981EB11288:[9837b75f-f89f-41e6-b8da-41fb6e633a75|rpc:10.1.0.8:15067|admin:10.1.0.8:15066|client:10.1.0.8:15065|dataStream:10.1.0.8:15068|priority:1|startupRole:FOLLOWER] with ContainerStateMachine:uninitialized
2023-08-31 18:18:36,588 [9837b75f-f89f-41e6-b8da-41fb6e633a75-groupManagement] INFO  server.RaftServerConfigKeys (ConfUtils.java:logGet(46)) - raft.server.rpc.timeout.min = 5s (custom)
2023-08-31 18:18:36,589 [9837b75f-f89f-41e6-b8da-41fb6e633a75-groupManagement] INFO  server.RaftServerConfigKeys (ConfUtils.java:logGet(46)) - raft.server.rpc.timeout.max = 5200ms (custom)
2023-08-31 18:18:36,589 [9837b75f-f89f-41e6-b8da-41fb6e633a75-groupManagement] INFO  server.RaftServerConfigKeys (ConfUtils.java:logGet(46)) - raft.server.rpc.sleep.time = 25ms (default)
2023-08-31 18:18:36,589 [9837b75f-f89f-41e6-b8da-41fb6e633a75-groupManagement] INFO  server.RaftServerConfigKeys (ConfUtils.java:logGet(46)) - raft.server.rpc.slowness.timeout = 300s (custom)
2023-08-31 18:18:36,589 [9837b75f-f89f-41e6-b8da-41fb6e633a75-groupManagement] INFO  server.RaftServerConfigKeys (ConfUtils.java:logGet(46)) - raft.server.leaderelection.leader.step-down.wait-time = 10s (default)
2023-08-31 18:18:36,589 [9837b75f-f89f-41e6-b8da-41fb6e633a75-groupManagement] INFO  server.RaftServerConfigKeys (ConfUtils.java:logGet(46)) - raft.server.sleep.deviation.threshold = 300ms (default)
2023-08-31 18:18:36,589 [9837b75f-f89f-41e6-b8da-41fb6e633a75-groupManagement] INFO  server.RaftServer$Division (ServerState.java:<init>(120)) - 9837b75f-f89f-41e6-b8da-41fb6e633a75@group-6C981EB11288: ConfigurationManager, init=-1: peers:[9837b75f-f89f-41e6-b8da-41fb6e633a75|rpc:10.1.0.8:15067|admin:10.1.0.8:15066|client:10.1.0.8:15065|dataStream:10.1.0.8:15068|priority:1|startupRole:FOLLOWER]|listeners:[], old=null, confs=<EMPTY_MAP>
2023-08-31 18:18:36,589 [9837b75f-f89f-41e6-b8da-41fb6e633a75-groupManagement] INFO  server.RaftServerConfigKeys (ConfUtils.java:logGet(46)) - raft.server.storage.dir = [/home/runner/work/ozone/ozone/hadoop-ozone/integration-test/target/test-dir/MiniOzoneClusterImpl-1f897967-a85f-45b1-932e-48a7a77b5829/datanode-0/data/ratis] (custom)
2023-08-31 18:18:36,589 [9837b75f-f89f-41e6-b8da-41fb6e633a75-groupManagement] INFO  server.RaftServerConfigKeys (ConfUtils.java:logGet(46)) - raft.server.log.corruption.policy = EXCEPTION (default)
2023-08-31 18:18:36,590 [9837b75f-f89f-41e6-b8da-41fb6e633a75-groupManagement] INFO  server.RaftServerConfigKeys (ConfUtils.java:logGet(46)) - raft.server.storage.free-space.min = 0MB (=0) (default)
2023-08-31 18:18:36,590 [9837b75f-f89f-41e6-b8da-41fb6e633a75-groupManagement] INFO  server.RaftServerConfigKeys (ConfUtils.java:logGet(46)) - raft.server.notification.no-leader.timeout = 300s (custom)
2023-08-31 18:18:36,590 [9837b75f-f89f-41e6-b8da-41fb6e633a75-groupManagement] INFO  server.RaftServerConfigKeys (ConfUtils.java:logGet(46)) - raft.server.read.timeout = 10s (default)
2023-08-31 18:18:36,590 [9837b75f-f89f-41e6-b8da-41fb6e633a75-groupManagement] INFO  server.RaftServerConfigKeys (ConfUtils.java:logGet(46)) - raft.server.retrycache.expirytime = 600000ms (custom)
2023-08-31 18:18:36,590 [9837b75f-f89f-41e6-b8da-41fb6e633a75-groupManagement] INFO  server.RaftServerConfigKeys (ConfUtils.java:logGet(46)) - raft.server.retrycache.statistics.expirytime = 100μs (default)
2023-08-31 18:18:36,590 [9837b75f-f89f-41e6-b8da-41fb6e633a75-groupManagement] INFO  server.RaftServerConfigKeys (ConfUtils.java:logGet(46)) - raft.server.read.option = DEFAULT (default)
2023-08-31 18:18:36,591 [9837b75f-f89f-41e6-b8da-41fb6e633a75-groupManagement] INFO  server.RaftServerConfigKeys (ConfUtils.java:logGet(46)) - raft.server.rpc.request.timeout = 60s (custom)
2023-08-31 18:18:36,591 [9837b75f-f89f-41e6-b8da-41fb6e633a75-groupManagement] INFO  server.RaftServerConfigKeys (ConfUtils.java:logGet(46)) - raft.server.log.appender.install.snapshot.enabled = false (custom)
2023-08-31 18:18:36,591 [9837b75f-f89f-41e6-b8da-41fb6e633a75-groupManagement] INFO  server.RaftServerConfigKeys (ConfUtils.java:logGet(46)) - raft.server.threadpool.server.cached = true (default)
2023-08-31 18:18:36,591 [9837b75f-f89f-41e6-b8da-41fb6e633a75-groupManagement] INFO  server.RaftServerConfigKeys (ConfUtils.java:logGet(46)) - raft.server.threadpool.server.size = 0 (default)
2023-08-31 18:18:36,592 [9837b75f-f89f-41e6-b8da-41fb6e633a75-groupManagement] INFO  server.RaftServerConfigKeys (ConfUtils.java:logGet(46)) - raft.server.threadpool.client.cached = true (default)
2023-08-31 18:18:36,592 [9837b75f-f89f-41e6-b8da-41fb6e633a75-groupManagement] INFO  server.RaftServerConfigKeys (ConfUtils.java:logGet(46)) - raft.server.threadpool.client.size = 0 (default)
2023-08-31 18:18:36,592 [9837b75f-f89f-41e6-b8da-41fb6e633a75-groupManagement] INFO  storage.RaftStorageDirectory (RaftStorageDirectoryImpl.java:analyzeStorage(137)) - The storage directory /home/runner/work/ozone/ozone/hadoop-ozone/integration-test/target/test-dir/MiniOzoneClusterImpl-1f897967-a85f-45b1-932e-48a7a77b5829/datanode-0/data/ratis/bec518a8-a4ea-4727-94cc-6c981eb11288 does not exist. Creating ...
2023-08-31 18:18:36,594 [9837b75f-f89f-41e6-b8da-41fb6e633a75-groupManagement] INFO  storage.RaftStorageDirectory (RaftStorageDirectoryImpl.java:tryLock(231)) - Lock on /home/runner/work/ozone/ozone/hadoop-ozone/integration-test/target/test-dir/MiniOzoneClusterImpl-1f897967-a85f-45b1-932e-48a7a77b5829/datanode-0/data/ratis/bec518a8-a4ea-4727-94cc-6c981eb11288/in_use.lock acquired by nodename 61743@fv-az1129-899
2023-08-31 18:18:36,596 [9837b75f-f89f-41e6-b8da-41fb6e633a75-groupManagement] INFO  storage.RaftStorage (RaftStorageImpl.java:format(96)) - Storage directory /home/runner/work/ozone/ozone/hadoop-ozone/integration-test/target/test-dir/MiniOzoneClusterImpl-1f897967-a85f-45b1-932e-48a7a77b5829/datanode-0/data/ratis/bec518a8-a4ea-4727-94cc-6c981eb11288 has been successfully formatted.
2023-08-31 18:18:36,598 [9837b75f-f89f-41e6-b8da-41fb6e633a75-groupManagement] INFO  ratis.ContainerStateMachine (ContainerStateMachine.java:loadSnapshot(262)) - group-6C981EB11288: The snapshot info is null. Setting the last applied indexto:(t:0, i:~)
2023-08-31 18:18:36,598 [9837b75f-f89f-41e6-b8da-41fb6e633a75-groupManagement] INFO  server.RaftServerConfigKeys (ConfUtils.java:logGet(46)) - raft.server.log.use.memory = false (default)
2023-08-31 18:18:36,598 [9837b75f-f89f-41e6-b8da-41fb6e633a75-groupManagement] INFO  server.RaftServerConfigKeys (ConfUtils.java:logGet(46)) - raft.server.log.purge.gap = 1000000 (custom)
2023-08-31 18:18:36,598 [9837b75f-f89f-41e6-b8da-41fb6e633a75-groupManagement] INFO  server.RaftServerConfigKeys (ConfUtils.java:logGet(46)) - raft.server.log.appender.buffer.byte-limit = 33554432 (custom)
2023-08-31 18:18:36,598 [9837b75f-f89f-41e6-b8da-41fb6e633a75-groupManagement] INFO  server.RaftServerConfigKeys (ConfUtils.java:logGet(46)) - raft.server.log.statemachine.data.read.timeout = 1000ms (default)
2023-08-31 18:18:36,599 [9837b75f-f89f-41e6-b8da-41fb6e633a75-groupManagement] INFO  server.RaftServerConfigKeys (ConfUtils.java:logGet(46)) - raft.server.log.purge.preservation.log.num = 0 (default)
2023-08-31 18:18:36,598 [EventQueue-PipelineReportForPipelineReportHandler] INFO  pipeline.PipelineReportHandler (PipelineReportHandler.java:processPipelineReport(136)) - Opened pipeline PipelineID=bec518a8-a4ea-4727-94cc-6c981eb11288
2023-08-31 18:18:36,600 [9837b75f-f89f-41e6-b8da-41fb6e633a75-groupManagement] INFO  server.RaftServerConfigKeys (ConfUtils.java:logGet(46)) - raft.server.log.segment.size.max = 1048576 (custom)
2023-08-31 18:18:36,605 [EventQueue-OpenPipelineForHealthyPipelineSafeModeRule] INFO  safemode.SCMSafeModeManager (HealthyPipelineSafeModeRule.java:process(137)) - SCM in safe mode. Healthy pipelines reported count is 0, required healthy pipeline reported count is 1
2023-08-31 18:18:36,605 [9837b75f-f89f-41e6-b8da-41fb6e633a75-groupManagement] INFO  server.RaftServerConfigKeys (ConfUtils.java:logGet(46)) - raft.server.log.segment.cache.num.max = 2 (custom)
2023-08-31 18:18:36,605 [9837b75f-f89f-41e6-b8da-41fb6e633a75-groupManagement] INFO  server.RaftServerConfigKeys (ConfUtils.java:logGet(46)) - raft.server.log.segment.cache.size.max = 200MB (=209715200) (default)
2023-08-31 18:18:36,605 [9837b75f-f89f-41e6-b8da-41fb6e633a75-groupManagement] INFO  server.RaftServerConfigKeys (ConfUtils.java:logGet(46)) - raft.server.log.appender.buffer.byte-limit = 33554432 (custom)
2023-08-31 18:18:36,605 [9837b75f-f89f-41e6-b8da-41fb6e633a75-groupManagement] INFO  segmented.SegmentedRaftLogWorker (SegmentedRaftLogWorker.java:<init>(188)) - new 9837b75f-f89f-41e6-b8da-41fb6e633a75@group-6C981EB11288-SegmentedRaftLogWorker for RaftStorageImpl:Storage Directory /home/runner/work/ozone/ozone/hadoop-ozone/integration-test/target/test-dir/MiniOzoneClusterImpl-1f897967-a85f-45b1-932e-48a7a77b5829/datanode-0/data/ratis/bec518a8-a4ea-4727-94cc-6c981eb11288
2023-08-31 18:18:36,605 [9837b75f-f89f-41e6-b8da-41fb6e633a75-groupManagement] INFO  server.RaftServerConfigKeys (ConfUtils.java:logGet(46)) - raft.server.log.queue.byte-limit = 4294967296 (custom)
2023-08-31 18:18:36,605 [9837b75f-f89f-41e6-b8da-41fb6e633a75-groupManagement] INFO  server.RaftServerConfigKeys (ConfUtils.java:logGet(46)) - raft.server.log.queue.element-limit = 1024 (custom)
2023-08-31 18:18:36,606 [9837b75f-f89f-41e6-b8da-41fb6e633a75-groupManagement] INFO  server.RaftServerConfigKeys (ConfUtils.java:logGet(46)) - raft.server.log.segment.size.max = 1048576 (custom)
2023-08-31 18:18:36,606 [9837b75f-f89f-41e6-b8da-41fb6e633a75-groupManagement] INFO  server.RaftServerConfigKeys (ConfUtils.java:logGet(46)) - raft.server.log.preallocated.size = 16384 (custom)
2023-08-31 18:18:36,606 [9837b75f-f89f-41e6-b8da-41fb6e633a75-groupManagement] INFO  server.RaftServerConfigKeys (ConfUtils.java:logGet(46)) - raft.server.log.force.sync.num = 128 (default)
2023-08-31 18:18:36,606 [9837b75f-f89f-41e6-b8da-41fb6e633a75-groupManagement] INFO  server.RaftServerConfigKeys (ConfUtils.java:logGet(46)) - raft.server.log.statemachine.data.sync = true (default)
2023-08-31 18:18:36,606 [9837b75f-f89f-41e6-b8da-41fb6e633a75-groupManagement] INFO  server.RaftServerConfigKeys (ConfUtils.java:logGet(46)) - raft.server.log.statemachine.data.sync.timeout = 10s (default)
2023-08-31 18:18:36,606 [9837b75f-f89f-41e6-b8da-41fb6e633a75-groupManagement] INFO  server.RaftServerConfigKeys (ConfUtils.java:logGet(46)) - raft.server.log.statemachine.data.sync.timeout.retry = -1 (default)
2023-08-31 18:18:36,607 [9837b75f-f89f-41e6-b8da-41fb6e633a75-groupManagement] INFO  server.RaftServerConfigKeys (ConfUtils.java:logGet(46)) - raft.server.log.write.buffer.size = 1048576 (custom)
2023-08-31 18:18:36,608 [9837b75f-f89f-41e6-b8da-41fb6e633a75-groupManagement] INFO  server.RaftServerConfigKeys (ConfUtils.java:logGet(46)) - raft.server.log.appender.buffer.byte-limit = 33554432 (custom)
2023-08-31 18:18:36,614 [9837b75f-f89f-41e6-b8da-41fb6e633a75-groupManagement] INFO  server.RaftServerConfigKeys (ConfUtils.java:logGet(46)) - raft.server.log.unsafe-flush.enabled = false (default)
2023-08-31 18:18:36,615 [9837b75f-f89f-41e6-b8da-41fb6e633a75-groupManagement] INFO  server.RaftServerConfigKeys (ConfUtils.java:logGet(46)) - raft.server.log.async-flush.enabled = false (default)
2023-08-31 18:18:36,615 [9837b75f-f89f-41e6-b8da-41fb6e633a75-groupManagement] INFO  server.RaftServerConfigKeys (ConfUtils.java:logGet(46)) - raft.server.log.statemachine.data.caching.enabled = true (custom)
2023-08-31 18:18:36,615 [9837b75f-f89f-41e6-b8da-41fb6e633a75-groupManagement] INFO  segmented.SegmentedRaftLogWorker (SegmentedRaftLogWorker.java:lambda$new$0(135)) - 9837b75f-f89f-41e6-b8da-41fb6e633a75@group-6C981EB11288-SegmentedRaftLogWorker: flushIndex: setUnconditionally 0 -> -1
2023-08-31 18:18:36,615 [9837b75f-f89f-41e6-b8da-41fb6e633a75-groupManagement] INFO  segmented.SegmentedRaftLogWorker (SegmentedRaftLogWorker.java:lambda$new$0(135)) - 9837b75f-f89f-41e6-b8da-41fb6e633a75@group-6C981EB11288-SegmentedRaftLogWorker: safeCacheEvictIndex: setUnconditionally 0 -> -1
2023-08-31 18:18:36,620 [9837b75f-f89f-41e6-b8da-41fb6e633a75-groupManagement] INFO  server.RaftServer$Division (RaftServerImpl.java:start(342)) - 9837b75f-f89f-41e6-b8da-41fb6e633a75@group-6C981EB11288: start as a follower, conf=-1: peers:[9837b75f-f89f-41e6-b8da-41fb6e633a75|rpc:10.1.0.8:15067|admin:10.1.0.8:15066|client:10.1.0.8:15065|dataStream:10.1.0.8:15068|priority:1|startupRole:FOLLOWER]|listeners:[], old=null
2023-08-31 18:18:36,620 [9837b75f-f89f-41e6-b8da-41fb6e633a75-groupManagement] INFO  server.RaftServer$Division (RaftServerImpl.java:setRole(329)) - 9837b75f-f89f-41e6-b8da-41fb6e633a75@group-6C981EB11288: changes role from      null to FOLLOWER at term 0 for startAsFollower
2023-08-31 18:18:36,620 [9837b75f-f89f-41e6-b8da-41fb6e633a75-groupManagement] INFO  impl.RoleInfo (RoleInfo.java:updateAndGet(139)) - 9837b75f-f89f-41e6-b8da-41fb6e633a75: start 9837b75f-f89f-41e6-b8da-41fb6e633a75@group-6C981EB11288-FollowerState
2023-08-31 18:18:36,623 [9837b75f-f89f-41e6-b8da-41fb6e633a75-groupManagement] INFO  util.JmxRegister (JmxRegister.java:tryRegister(44)) - Successfully registered JMX Bean with object name Ratis:service=RaftServer,group=group-6C981EB11288,id=9837b75f-f89f-41e6-b8da-41fb6e633a75
2023-08-31 18:18:36,623 [9837b75f-f89f-41e6-b8da-41fb6e633a75-groupManagement] INFO  server.RaftServerConfigKeys (ConfUtils.java:logGet(46)) - raft.server.snapshot.auto.trigger.enabled = true (custom)
2023-08-31 18:18:36,624 [9837b75f-f89f-41e6-b8da-41fb6e633a75-groupManagement] INFO  server.RaftServerConfigKeys (ConfUtils.java:logGet(46)) - raft.server.snapshot.auto.trigger.threshold = 10000 (custom)
2023-08-31 18:18:36,624 [9837b75f-f89f-41e6-b8da-41fb6e633a75-groupManagement] INFO  server.RaftServerConfigKeys (ConfUtils.java:logGet(46)) - raft.server.snapshot.retention.file.num = 5 (custom)
2023-08-31 18:18:36,624 [9837b75f-f89f-41e6-b8da-41fb6e633a75-groupManagement] INFO  server.RaftServerConfigKeys (ConfUtils.java:logGet(46)) - raft.server.log.purge.upto.snapshot.index = false (default)
2023-08-31 18:18:36,625 [9837b75f-f89f-41e6-b8da-41fb6e633a75@group-6C981EB11288-FollowerState] INFO  server.RaftServerConfigKeys (ConfUtils.java:logFallback(53)) - raft.server.rpc.first-election.timeout.min = 5s (fallback to raft.server.rpc.timeout.min)
2023-08-31 18:18:36,625 [9837b75f-f89f-41e6-b8da-41fb6e633a75@group-6C981EB11288-FollowerState] INFO  server.RaftServerConfigKeys (ConfUtils.java:logFallback(53)) - raft.server.rpc.first-election.timeout.max = 5200ms (fallback to raft.server.rpc.timeout.max)
2023-08-31 18:18:36,625 [PipelineCommandHandlerThread-0] INFO  ratis.XceiverServerRatis (XceiverServerRatis.java:addGroup(804)) - Created group PipelineID=bec518a8-a4ea-4727-94cc-6c981eb11288
2023-08-31 18:18:36,625 [PipelineCommandHandlerThread-0] INFO  commandhandler.CreatePipelineCommandHandler (CreatePipelineCommandHandler.java:lambda$handle$2(124)) - Created Pipeline RATIS ONE PipelineID=bec518a8-a4ea-4727-94cc-6c981eb11288.
2023-08-31 18:18:36,625 [PipelineCommandHandlerThread-0] INFO  server.RaftServer (RaftServerProxy.java:addNew(98)) - 9837b75f-f89f-41e6-b8da-41fb6e633a75: addNew group-19BC43D416A8:[55a42498-51b5-4c22-a6d0-b6e523d26bd9|rpc:10.1.0.8:15085|admin:10.1.0.8:15084|client:10.1.0.8:15083|dataStream:10.1.0.8:15086|priority:1|startupRole:FOLLOWER, 9837b75f-f89f-41e6-b8da-41fb6e633a75|rpc:10.1.0.8:15067|admin:10.1.0.8:15066|client:10.1.0.8:15065|dataStream:10.1.0.8:15068|priority:0|startupRole:FOLLOWER, 8ed59791-7601-47e5-a424-1bf234fecffd|rpc:10.1.0.8:15076|admin:10.1.0.8:15075|client:10.1.0.8:15074|dataStream:10.1.0.8:15077|priority:0|startupRole:FOLLOWER] returns group-19BC43D416A8:java.util.concurrent.CompletableFuture@6233fbdc[Not completed]
2023-08-31 18:18:36,627 [9837b75f-f89f-41e6-b8da-41fb6e633a75-groupManagement] INFO  server.RaftServer$Division (RaftServerImpl.java:<init>(198)) - 9837b75f-f89f-41e6-b8da-41fb6e633a75: new RaftServerImpl for group-19BC43D416A8:[55a42498-51b5-4c22-a6d0-b6e523d26bd9|rpc:10.1.0.8:15085|admin:10.1.0.8:15084|client:10.1.0.8:15083|dataStream:10.1.0.8:15086|priority:1|startupRole:FOLLOWER, 9837b75f-f89f-41e6-b8da-41fb6e633a75|rpc:10.1.0.8:15067|admin:10.1.0.8:15066|client:10.1.0.8:15065|dataStream:10.1.0.8:15068|priority:0|startupRole:FOLLOWER, 8ed59791-7601-47e5-a424-1bf234fecffd|rpc:10.1.0.8:15076|admin:10.1.0.8:15075|client:10.1.0.8:15074|dataStream:10.1.0.8:15077|priority:0|startupRole:FOLLOWER] with ContainerStateMachine:uninitialized
2023-08-31 18:18:36,627 [9837b75f-f89f-41e6-b8da-41fb6e633a75-groupManagement] INFO  server.RaftServerConfigKeys (ConfUtils.java:logGet(46)) - raft.server.rpc.timeout.min = 5s (custom)
2023-08-31 18:18:36,627 [9837b75f-f89f-41e6-b8da-41fb6e633a75-groupManagement] INFO  server.RaftServerConfigKeys (ConfUtils.java:logGet(46)) - raft.server.rpc.timeout.max = 5200ms (custom)
2023-08-31 18:18:36,627 [9837b75f-f89f-41e6-b8da-41fb6e633a75-groupManagement] INFO  server.RaftServerConfigKeys (ConfUtils.java:logGet(46)) - raft.server.rpc.sleep.time = 25ms (default)
2023-08-31 18:18:36,627 [9837b75f-f89f-41e6-b8da-41fb6e633a75-groupManagement] INFO  server.RaftServerConfigKeys (ConfUtils.java:logGet(46)) - raft.server.rpc.slowness.timeout = 300s (custom)
2023-08-31 18:18:36,627 [9837b75f-f89f-41e6-b8da-41fb6e633a75-groupManagement] INFO  server.RaftServerConfigKeys (ConfUtils.java:logGet(46)) - raft.server.leaderelection.leader.step-down.wait-time = 10s (default)
2023-08-31 18:18:36,627 [9837b75f-f89f-41e6-b8da-41fb6e633a75-groupManagement] INFO  server.RaftServerConfigKeys (ConfUtils.java:logGet(46)) - raft.server.sleep.deviation.threshold = 300ms (default)
2023-08-31 18:18:36,627 [9837b75f-f89f-41e6-b8da-41fb6e633a75-groupManagement] INFO  server.RaftServer$Division (ServerState.java:<init>(120)) - 9837b75f-f89f-41e6-b8da-41fb6e633a75@group-19BC43D416A8: ConfigurationManager, init=-1: peers:[55a42498-51b5-4c22-a6d0-b6e523d26bd9|rpc:10.1.0.8:15085|admin:10.1.0.8:15084|client:10.1.0.8:15083|dataStream:10.1.0.8:15086|priority:1|startupRole:FOLLOWER, 9837b75f-f89f-41e6-b8da-41fb6e633a75|rpc:10.1.0.8:15067|admin:10.1.0.8:15066|client:10.1.0.8:15065|dataStream:10.1.0.8:15068|priority:0|startupRole:FOLLOWER, 8ed59791-7601-47e5-a424-1bf234fecffd|rpc:10.1.0.8:15076|admin:10.1.0.8:15075|client:10.1.0.8:15074|dataStream:10.1.0.8:15077|priority:0|startupRole:FOLLOWER]|listeners:[], old=null, confs=<EMPTY_MAP>
2023-08-31 18:18:36,627 [9837b75f-f89f-41e6-b8da-41fb6e633a75-groupManagement] INFO  server.RaftServerConfigKeys (ConfUtils.java:logGet(46)) - raft.server.storage.dir = [/home/runner/work/ozone/ozone/hadoop-ozone/integration-test/target/test-dir/MiniOzoneClusterImpl-1f897967-a85f-45b1-932e-48a7a77b5829/datanode-0/data/ratis] (custom)
2023-08-31 18:18:36,628 [9837b75f-f89f-41e6-b8da-41fb6e633a75-groupManagement] INFO  server.RaftServerConfigKeys (ConfUtils.java:logGet(46)) - raft.server.log.corruption.policy = EXCEPTION (default)
2023-08-31 18:18:36,628 [9837b75f-f89f-41e6-b8da-41fb6e633a75-groupManagement] INFO  server.RaftServerConfigKeys (ConfUtils.java:logGet(46)) - raft.server.storage.free-space.min = 0MB (=0) (default)
2023-08-31 18:18:36,628 [9837b75f-f89f-41e6-b8da-41fb6e633a75-groupManagement] INFO  server.RaftServerConfigKeys (ConfUtils.java:logGet(46)) - raft.server.notification.no-leader.timeout = 300s (custom)
2023-08-31 18:18:36,628 [9837b75f-f89f-41e6-b8da-41fb6e633a75-groupManagement] INFO  server.RaftServerConfigKeys (ConfUtils.java:logGet(46)) - raft.server.read.timeout = 10s (default)
2023-08-31 18:18:36,628 [9837b75f-f89f-41e6-b8da-41fb6e633a75-groupManagement] INFO  server.RaftServerConfigKeys (ConfUtils.java:logGet(46)) - raft.server.retrycache.expirytime = 600000ms (custom)
2023-08-31 18:18:36,628 [9837b75f-f89f-41e6-b8da-41fb6e633a75-groupManagement] INFO  server.RaftServerConfigKeys (ConfUtils.java:logGet(46)) - raft.server.retrycache.statistics.expirytime = 100μs (default)
2023-08-31 18:18:36,628 [9837b75f-f89f-41e6-b8da-41fb6e633a75-groupManagement] INFO  server.RaftServerConfigKeys (ConfUtils.java:logGet(46)) - raft.server.read.option = DEFAULT (default)
2023-08-31 18:18:36,629 [9837b75f-f89f-41e6-b8da-41fb6e633a75-groupManagement] INFO  server.RaftServerConfigKeys (ConfUtils.java:logGet(46)) - raft.server.rpc.request.timeout = 60s (custom)
2023-08-31 18:18:36,629 [9837b75f-f89f-41e6-b8da-41fb6e633a75-groupManagement] INFO  server.RaftServerConfigKeys (ConfUtils.java:logGet(46)) - raft.server.log.appender.install.snapshot.enabled = false (custom)
2023-08-31 18:18:36,629 [9837b75f-f89f-41e6-b8da-41fb6e633a75-groupManagement] INFO  server.RaftServerConfigKeys (ConfUtils.java:logGet(46)) - raft.server.threadpool.server.cached = true (default)
2023-08-31 18:18:36,629 [9837b75f-f89f-41e6-b8da-41fb6e633a75-groupManagement] INFO  server.RaftServerConfigKeys (ConfUtils.java:logGet(46)) - raft.server.threadpool.server.size = 0 (default)
2023-08-31 18:18:36,629 [9837b75f-f89f-41e6-b8da-41fb6e633a75-groupManagement] INFO  server.RaftServerConfigKeys (ConfUtils.java:logGet(46)) - raft.server.threadpool.client.cached = true (default)
2023-08-31 18:18:36,629 [9837b75f-f89f-41e6-b8da-41fb6e633a75-groupManagement] INFO  server.RaftServerConfigKeys (ConfUtils.java:logGet(46)) - raft.server.threadpool.client.size = 0 (default)
2023-08-31 18:18:36,630 [9837b75f-f89f-41e6-b8da-41fb6e633a75-groupManagement] INFO  storage.RaftStorageDirectory (RaftStorageDirectoryImpl.java:analyzeStorage(137)) - The storage directory /home/runner/work/ozone/ozone/hadoop-ozone/integration-test/target/test-dir/MiniOzoneClusterImpl-1f897967-a85f-45b1-932e-48a7a77b5829/datanode-0/data/ratis/2c77f341-3b5a-472b-8d2a-19bc43d416a8 does not exist. Creating ...
2023-08-31 18:18:36,631 [9837b75f-f89f-41e6-b8da-41fb6e633a75-groupManagement] INFO  storage.RaftStorageDirectory (RaftStorageDirectoryImpl.java:tryLock(231)) - Lock on /home/runner/work/ozone/ozone/hadoop-ozone/integration-test/target/test-dir/MiniOzoneClusterImpl-1f897967-a85f-45b1-932e-48a7a77b5829/datanode-0/data/ratis/2c77f341-3b5a-472b-8d2a-19bc43d416a8/in_use.lock acquired by nodename 61743@fv-az1129-899
2023-08-31 18:18:36,633 [9837b75f-f89f-41e6-b8da-41fb6e633a75-groupManagement] INFO  storage.RaftStorage (RaftStorageImpl.java:format(96)) - Storage directory /home/runner/work/ozone/ozone/hadoop-ozone/integration-test/target/test-dir/MiniOzoneClusterImpl-1f897967-a85f-45b1-932e-48a7a77b5829/datanode-0/data/ratis/2c77f341-3b5a-472b-8d2a-19bc43d416a8 has been successfully formatted.
2023-08-31 18:18:36,633 [9837b75f-f89f-41e6-b8da-41fb6e633a75-groupManagement] INFO  ratis.ContainerStateMachine (ContainerStateMachine.java:loadSnapshot(262)) - group-19BC43D416A8: The snapshot info is null. Setting the last applied indexto:(t:0, i:~)
2023-08-31 18:18:36,633 [9837b75f-f89f-41e6-b8da-41fb6e633a75-groupManagement] INFO  server.RaftServerConfigKeys (ConfUtils.java:logGet(46)) - raft.server.log.use.memory = false (default)
2023-08-31 18:18:36,633 [9837b75f-f89f-41e6-b8da-41fb6e633a75-groupManagement] INFO  server.RaftServerConfigKeys (ConfUtils.java:logGet(46)) - raft.server.log.purge.gap = 1000000 (custom)
2023-08-31 18:18:36,634 [9837b75f-f89f-41e6-b8da-41fb6e633a75-groupManagement] INFO  server.RaftServerConfigKeys (ConfUtils.java:logGet(46)) - raft.server.log.appender.buffer.byte-limit = 33554432 (custom)
2023-08-31 18:18:36,634 [9837b75f-f89f-41e6-b8da-41fb6e633a75-groupManagement] INFO  server.RaftServerConfigKeys (ConfUtils.java:logGet(46)) - raft.server.log.statemachine.data.read.timeout = 1000ms (default)
2023-08-31 18:18:36,634 [9837b75f-f89f-41e6-b8da-41fb6e633a75-groupManagement] INFO  server.RaftServerConfigKeys (ConfUtils.java:logGet(46)) - raft.server.log.purge.preservation.log.num = 0 (default)
2023-08-31 18:18:36,634 [9837b75f-f89f-41e6-b8da-41fb6e633a75-groupManagement] INFO  server.RaftServerConfigKeys (ConfUtils.java:logGet(46)) - raft.server.log.segment.size.max = 1048576 (custom)
2023-08-31 18:18:36,635 [EventQueue-OpenPipelineForHealthyPipelineSafeModeRule] INFO  safemode.SCMSafeModeManager (HealthyPipelineSafeModeRule.java:process(137)) - SCM in safe mode. Healthy pipelines reported count is 0, required healthy pipeline reported count is 1
2023-08-31 18:18:36,636 [9837b75f-f89f-41e6-b8da-41fb6e633a75-groupManagement] INFO  server.RaftServerConfigKeys (ConfUtils.java:logGet(46)) - raft.server.log.segment.cache.num.max = 2 (custom)
2023-08-31 18:18:36,636 [9837b75f-f89f-41e6-b8da-41fb6e633a75-groupManagement] INFO  server.RaftServerConfigKeys (ConfUtils.java:logGet(46)) - raft.server.log.segment.cache.size.max = 200MB (=209715200) (default)
2023-08-31 18:18:36,636 [9837b75f-f89f-41e6-b8da-41fb6e633a75-groupManagement] INFO  server.RaftServerConfigKeys (ConfUtils.java:logGet(46)) - raft.server.log.appender.buffer.byte-limit = 33554432 (custom)
2023-08-31 18:18:36,636 [9837b75f-f89f-41e6-b8da-41fb6e633a75-groupManagement] INFO  segmented.SegmentedRaftLogWorker (SegmentedRaftLogWorker.java:<init>(188)) - new 9837b75f-f89f-41e6-b8da-41fb6e633a75@group-19BC43D416A8-SegmentedRaftLogWorker for RaftStorageImpl:Storage Directory /home/runner/work/ozone/ozone/hadoop-ozone/integration-test/target/test-dir/MiniOzoneClusterImpl-1f897967-a85f-45b1-932e-48a7a77b5829/datanode-0/data/ratis/2c77f341-3b5a-472b-8d2a-19bc43d416a8
2023-08-31 18:18:36,636 [9837b75f-f89f-41e6-b8da-41fb6e633a75-groupManagement] INFO  server.RaftServerConfigKeys (ConfUtils.java:logGet(46)) - raft.server.log.queue.byte-limit = 4294967296 (custom)
2023-08-31 18:18:36,636 [9837b75f-f89f-41e6-b8da-41fb6e633a75-groupManagement] INFO  server.RaftServerConfigKeys (ConfUtils.java:logGet(46)) - raft.server.log.queue.element-limit = 1024 (custom)
2023-08-31 18:18:36,636 [9837b75f-f89f-41e6-b8da-41fb6e633a75-groupManagement] INFO  server.RaftServerConfigKeys (ConfUtils.java:logGet(46)) - raft.server.log.segment.size.max = 1048576 (custom)
2023-08-31 18:18:36,636 [9837b75f-f89f-41e6-b8da-41fb6e633a75-groupManagement] INFO  server.RaftServerConfigKeys (ConfUtils.java:logGet(46)) - raft.server.log.preallocated.size = 16384 (custom)
2023-08-31 18:18:36,636 [9837b75f-f89f-41e6-b8da-41fb6e633a75-groupManagement] INFO  server.RaftServerConfigKeys (ConfUtils.java:logGet(46)) - raft.server.log.force.sync.num = 128 (default)
2023-08-31 18:18:36,636 [9837b75f-f89f-41e6-b8da-41fb6e633a75-groupManagement] INFO  server.RaftServerConfigKeys (ConfUtils.java:logGet(46)) - raft.server.log.statemachine.data.sync = true (default)
2023-08-31 18:18:36,637 [9837b75f-f89f-41e6-b8da-41fb6e633a75-groupManagement] INFO  server.RaftServerConfigKeys (ConfUtils.java:logGet(46)) - raft.server.log.statemachine.data.sync.timeout = 10s (default)
2023-08-31 18:18:36,637 [9837b75f-f89f-41e6-b8da-41fb6e633a75-groupManagement] INFO  server.RaftServerConfigKeys (ConfUtils.java:logGet(46)) - raft.server.log.statemachine.data.sync.timeout.retry = -1 (default)
2023-08-31 18:18:36,637 [9837b75f-f89f-41e6-b8da-41fb6e633a75-groupManagement] INFO  server.RaftServerConfigKeys (ConfUtils.java:logGet(46)) - raft.server.log.write.buffer.size = 1048576 (custom)
2023-08-31 18:18:36,638 [9837b75f-f89f-41e6-b8da-41fb6e633a75-groupManagement] INFO  server.RaftServerConfigKeys (ConfUtils.java:logGet(46)) - raft.server.log.appender.buffer.byte-limit = 33554432 (custom)
2023-08-31 18:18:36,644 [9837b75f-f89f-41e6-b8da-41fb6e633a75-groupManagement] INFO  server.RaftServerConfigKeys (ConfUtils.java:logGet(46)) - raft.server.log.unsafe-flush.enabled = false (default)
2023-08-31 18:18:36,644 [9837b75f-f89f-41e6-b8da-41fb6e633a75-groupManagement] INFO  server.RaftServerConfigKeys (ConfUtils.java:logGet(46)) - raft.server.log.async-flush.enabled = false (default)
2023-08-31 18:18:36,645 [9837b75f-f89f-41e6-b8da-41fb6e633a75-groupManagement] INFO  server.RaftServerConfigKeys (ConfUtils.java:logGet(46)) - raft.server.log.statemachine.data.caching.enabled = true (custom)
2023-08-31 18:18:36,645 [9837b75f-f89f-41e6-b8da-41fb6e633a75-groupManagement] INFO  segmented.SegmentedRaftLogWorker (SegmentedRaftLogWorker.java:lambda$new$0(135)) - 9837b75f-f89f-41e6-b8da-41fb6e633a75@group-19BC43D416A8-SegmentedRaftLogWorker: flushIndex: setUnconditionally 0 -> -1
2023-08-31 18:18:36,645 [9837b75f-f89f-41e6-b8da-41fb6e633a75-groupManagement] INFO  segmented.SegmentedRaftLogWorker (SegmentedRaftLogWorker.java:lambda$new$0(135)) - 9837b75f-f89f-41e6-b8da-41fb6e633a75@group-19BC43D416A8-SegmentedRaftLogWorker: safeCacheEvictIndex: setUnconditionally 0 -> -1
2023-08-31 18:18:36,648 [9837b75f-f89f-41e6-b8da-41fb6e633a75-groupManagement] INFO  server.RaftServer$Division (RaftServerImpl.java:start(342)) - 9837b75f-f89f-41e6-b8da-41fb6e633a75@group-19BC43D416A8: start as a follower, conf=-1: peers:[55a42498-51b5-4c22-a6d0-b6e523d26bd9|rpc:10.1.0.8:15085|admin:10.1.0.8:15084|client:10.1.0.8:15083|dataStream:10.1.0.8:15086|priority:1|startupRole:FOLLOWER, 9837b75f-f89f-41e6-b8da-41fb6e633a75|rpc:10.1.0.8:15067|admin:10.1.0.8:15066|client:10.1.0.8:15065|dataStream:10.1.0.8:15068|priority:0|startupRole:FOLLOWER, 8ed59791-7601-47e5-a424-1bf234fecffd|rpc:10.1.0.8:15076|admin:10.1.0.8:15075|client:10.1.0.8:15074|dataStream:10.1.0.8:15077|priority:0|startupRole:FOLLOWER]|listeners:[], old=null
2023-08-31 18:18:36,648 [9837b75f-f89f-41e6-b8da-41fb6e633a75-groupManagement] INFO  server.RaftServer$Division (RaftServerImpl.java:setRole(329)) - 9837b75f-f89f-41e6-b8da-41fb6e633a75@group-19BC43D416A8: changes role from      null to FOLLOWER at term 0 for startAsFollower
2023-08-31 18:18:36,648 [9837b75f-f89f-41e6-b8da-41fb6e633a75-groupManagement] INFO  impl.RoleInfo (RoleInfo.java:updateAndGet(139)) - 9837b75f-f89f-41e6-b8da-41fb6e633a75: start 9837b75f-f89f-41e6-b8da-41fb6e633a75@group-19BC43D416A8-FollowerState
2023-08-31 18:18:36,652 [9837b75f-f89f-41e6-b8da-41fb6e633a75-groupManagement] INFO  util.JmxRegister (JmxRegister.java:tryRegister(44)) - Successfully registered JMX Bean with object name Ratis:service=RaftServer,group=group-19BC43D416A8,id=9837b75f-f89f-41e6-b8da-41fb6e633a75
2023-08-31 18:18:36,652 [9837b75f-f89f-41e6-b8da-41fb6e633a75-groupManagement] INFO  server.RaftServerConfigKeys (ConfUtils.java:logGet(46)) - raft.server.snapshot.auto.trigger.enabled = true (custom)
2023-08-31 18:18:36,652 [9837b75f-f89f-41e6-b8da-41fb6e633a75-groupManagement] INFO  server.RaftServerConfigKeys (ConfUtils.java:logGet(46)) - raft.server.snapshot.auto.trigger.threshold = 10000 (custom)
2023-08-31 18:18:36,652 [9837b75f-f89f-41e6-b8da-41fb6e633a75-groupManagement] INFO  server.RaftServerConfigKeys (ConfUtils.java:logGet(46)) - raft.server.snapshot.retention.file.num = 5 (custom)
2023-08-31 18:18:36,652 [9837b75f-f89f-41e6-b8da-41fb6e633a75-groupManagement] INFO  server.RaftServerConfigKeys (ConfUtils.java:logGet(46)) - raft.server.log.purge.upto.snapshot.index = false (default)
2023-08-31 18:18:36,653 [9837b75f-f89f-41e6-b8da-41fb6e633a75@group-19BC43D416A8-FollowerState] INFO  server.RaftServerConfigKeys (ConfUtils.java:logFallback(53)) - raft.server.rpc.first-election.timeout.min = 5s (fallback to raft.server.rpc.timeout.min)
2023-08-31 18:18:36,653 [9837b75f-f89f-41e6-b8da-41fb6e633a75@group-19BC43D416A8-FollowerState] INFO  server.RaftServerConfigKeys (ConfUtils.java:logFallback(53)) - raft.server.rpc.first-election.timeout.max = 5200ms (fallback to raft.server.rpc.timeout.max)
2023-08-31 18:18:36,653 [PipelineCommandHandlerThread-0] INFO  ratis.XceiverServerRatis (XceiverServerRatis.java:addGroup(804)) - Created group PipelineID=2c77f341-3b5a-472b-8d2a-19bc43d416a8
2023-08-31 18:18:36,680 [grpc-default-executor-0] INFO  server.RaftServer (RaftServerProxy.java:addNew(98)) - 55a42498-51b5-4c22-a6d0-b6e523d26bd9: addNew group-19BC43D416A8:[55a42498-51b5-4c22-a6d0-b6e523d26bd9|rpc:10.1.0.8:15085|admin:10.1.0.8:15084|client:10.1.0.8:15083|dataStream:10.1.0.8:15086|priority:1|startupRole:FOLLOWER, 9837b75f-f89f-41e6-b8da-41fb6e633a75|rpc:10.1.0.8:15067|admin:10.1.0.8:15066|client:10.1.0.8:15065|dataStream:10.1.0.8:15068|priority:0|startupRole:FOLLOWER, 8ed59791-7601-47e5-a424-1bf234fecffd|rpc:10.1.0.8:15076|admin:10.1.0.8:15075|client:10.1.0.8:15074|dataStream:10.1.0.8:15077|priority:0|startupRole:FOLLOWER] returns group-19BC43D416A8:java.util.concurrent.CompletableFuture@2316ae27[Not completed]
2023-08-31 18:18:36,681 [55a42498-51b5-4c22-a6d0-b6e523d26bd9-groupManagement] INFO  server.RaftServer$Division (RaftServerImpl.java:<init>(198)) - 55a42498-51b5-4c22-a6d0-b6e523d26bd9: new RaftServerImpl for group-19BC43D416A8:[55a42498-51b5-4c22-a6d0-b6e523d26bd9|rpc:10.1.0.8:15085|admin:10.1.0.8:15084|client:10.1.0.8:15083|dataStream:10.1.0.8:15086|priority:1|startupRole:FOLLOWER, 9837b75f-f89f-41e6-b8da-41fb6e633a75|rpc:10.1.0.8:15067|admin:10.1.0.8:15066|client:10.1.0.8:15065|dataStream:10.1.0.8:15068|priority:0|startupRole:FOLLOWER, 8ed59791-7601-47e5-a424-1bf234fecffd|rpc:10.1.0.8:15076|admin:10.1.0.8:15075|client:10.1.0.8:15074|dataStream:10.1.0.8:15077|priority:0|startupRole:FOLLOWER] with ContainerStateMachine:uninitialized
2023-08-31 18:18:36,684 [55a42498-51b5-4c22-a6d0-b6e523d26bd9-groupManagement] INFO  server.RaftServerConfigKeys (ConfUtils.java:logGet(46)) - raft.server.rpc.timeout.min = 5s (custom)
2023-08-31 18:18:36,684 [55a42498-51b5-4c22-a6d0-b6e523d26bd9-groupManagement] INFO  server.RaftServerConfigKeys (ConfUtils.java:logGet(46)) - raft.server.rpc.timeout.max = 5200ms (custom)
2023-08-31 18:18:36,684 [55a42498-51b5-4c22-a6d0-b6e523d26bd9-groupManagement] INFO  server.RaftServerConfigKeys (ConfUtils.java:logGet(46)) - raft.server.rpc.sleep.time = 25ms (default)
2023-08-31 18:18:36,684 [55a42498-51b5-4c22-a6d0-b6e523d26bd9-groupManagement] INFO  server.RaftServerConfigKeys (ConfUtils.java:logGet(46)) - raft.server.rpc.slowness.timeout = 300s (custom)
2023-08-31 18:18:36,684 [55a42498-51b5-4c22-a6d0-b6e523d26bd9-groupManagement] INFO  server.RaftServerConfigKeys (ConfUtils.java:logGet(46)) - raft.server.leaderelection.leader.step-down.wait-time = 10s (default)
2023-08-31 18:18:36,684 [55a42498-51b5-4c22-a6d0-b6e523d26bd9-groupManagement] INFO  server.RaftServerConfigKeys (ConfUtils.java:logGet(46)) - raft.server.sleep.deviation.threshold = 300ms (default)
2023-08-31 18:18:36,684 [55a42498-51b5-4c22-a6d0-b6e523d26bd9-groupManagement] INFO  server.RaftServer$Division (ServerState.java:<init>(120)) - 55a42498-51b5-4c22-a6d0-b6e523d26bd9@group-19BC43D416A8: ConfigurationManager, init=-1: peers:[55a42498-51b5-4c22-a6d0-b6e523d26bd9|rpc:10.1.0.8:15085|admin:10.1.0.8:15084|client:10.1.0.8:15083|dataStream:10.1.0.8:15086|priority:1|startupRole:FOLLOWER, 9837b75f-f89f-41e6-b8da-41fb6e633a75|rpc:10.1.0.8:15067|admin:10.1.0.8:15066|client:10.1.0.8:15065|dataStream:10.1.0.8:15068|priority:0|startupRole:FOLLOWER, 8ed59791-7601-47e5-a424-1bf234fecffd|rpc:10.1.0.8:15076|admin:10.1.0.8:15075|client:10.1.0.8:15074|dataStream:10.1.0.8:15077|priority:0|startupRole:FOLLOWER]|listeners:[], old=null, confs=<EMPTY_MAP>
2023-08-31 18:18:36,685 [55a42498-51b5-4c22-a6d0-b6e523d26bd9-groupManagement] INFO  server.RaftServerConfigKeys (ConfUtils.java:logGet(46)) - raft.server.storage.dir = [/home/runner/work/ozone/ozone/hadoop-ozone/integration-test/target/test-dir/MiniOzoneClusterImpl-1f897967-a85f-45b1-932e-48a7a77b5829/datanode-2/data/ratis] (custom)
2023-08-31 18:18:36,685 [55a42498-51b5-4c22-a6d0-b6e523d26bd9-groupManagement] INFO  server.RaftServerConfigKeys (ConfUtils.java:logGet(46)) - raft.server.log.corruption.policy = EXCEPTION (default)
2023-08-31 18:18:36,685 [55a42498-51b5-4c22-a6d0-b6e523d26bd9-groupManagement] INFO  server.RaftServerConfigKeys (ConfUtils.java:logGet(46)) - raft.server.storage.free-space.min = 0MB (=0) (default)
2023-08-31 18:18:36,685 [55a42498-51b5-4c22-a6d0-b6e523d26bd9-groupManagement] INFO  server.RaftServerConfigKeys (ConfUtils.java:logGet(46)) - raft.server.notification.no-leader.timeout = 300s (custom)
2023-08-31 18:18:36,685 [55a42498-51b5-4c22-a6d0-b6e523d26bd9-groupManagement] INFO  server.RaftServerConfigKeys (ConfUtils.java:logGet(46)) - raft.server.read.timeout = 10s (default)
2023-08-31 18:18:36,685 [55a42498-51b5-4c22-a6d0-b6e523d26bd9-groupManagement] INFO  server.RaftServerConfigKeys (ConfUtils.java:logGet(46)) - raft.server.retrycache.expirytime = 600000ms (custom)
2023-08-31 18:18:36,685 [55a42498-51b5-4c22-a6d0-b6e523d26bd9-groupManagement] INFO  server.RaftServerConfigKeys (ConfUtils.java:logGet(46)) - raft.server.retrycache.statistics.expirytime = 100μs (default)
2023-08-31 18:18:36,685 [55a42498-51b5-4c22-a6d0-b6e523d26bd9-groupManagement] INFO  server.RaftServerConfigKeys (ConfUtils.java:logGet(46)) - raft.server.read.option = DEFAULT (default)
2023-08-31 18:18:36,690 [55a42498-51b5-4c22-a6d0-b6e523d26bd9-groupManagement] INFO  server.RaftServerConfigKeys (ConfUtils.java:logGet(46)) - raft.server.rpc.request.timeout = 60s (custom)
2023-08-31 18:18:36,690 [55a42498-51b5-4c22-a6d0-b6e523d26bd9-groupManagement] INFO  server.RaftServerConfigKeys (ConfUtils.java:logGet(46)) - raft.server.log.appender.install.snapshot.enabled = false (custom)
2023-08-31 18:18:36,690 [55a42498-51b5-4c22-a6d0-b6e523d26bd9-groupManagement] INFO  server.RaftServerConfigKeys (ConfUtils.java:logGet(46)) - raft.server.threadpool.server.cached = true (default)
2023-08-31 18:18:36,690 [55a42498-51b5-4c22-a6d0-b6e523d26bd9-groupManagement] INFO  server.RaftServerConfigKeys (ConfUtils.java:logGet(46)) - raft.server.threadpool.server.size = 0 (default)
2023-08-31 18:18:36,690 [55a42498-51b5-4c22-a6d0-b6e523d26bd9-groupManagement] INFO  server.RaftServerConfigKeys (ConfUtils.java:logGet(46)) - raft.server.threadpool.client.cached = true (default)
2023-08-31 18:18:36,690 [55a42498-51b5-4c22-a6d0-b6e523d26bd9-groupManagement] INFO  server.RaftServerConfigKeys (ConfUtils.java:logGet(46)) - raft.server.threadpool.client.size = 0 (default)
2023-08-31 18:18:36,690 [55a42498-51b5-4c22-a6d0-b6e523d26bd9-groupManagement] INFO  storage.RaftStorageDirectory (RaftStorageDirectoryImpl.java:analyzeStorage(137)) - The storage directory /home/runner/work/ozone/ozone/hadoop-ozone/integration-test/target/test-dir/MiniOzoneClusterImpl-1f897967-a85f-45b1-932e-48a7a77b5829/datanode-2/data/ratis/2c77f341-3b5a-472b-8d2a-19bc43d416a8 does not exist. Creating ...
2023-08-31 18:18:36,692 [55a42498-51b5-4c22-a6d0-b6e523d26bd9-groupManagement] INFO  storage.RaftStorageDirectory (RaftStorageDirectoryImpl.java:tryLock(231)) - Lock on /home/runner/work/ozone/ozone/hadoop-ozone/integration-test/target/test-dir/MiniOzoneClusterImpl-1f897967-a85f-45b1-932e-48a7a77b5829/datanode-2/data/ratis/2c77f341-3b5a-472b-8d2a-19bc43d416a8/in_use.lock acquired by nodename 61743@fv-az1129-899
2023-08-31 18:18:36,694 [55a42498-51b5-4c22-a6d0-b6e523d26bd9-groupManagement] INFO  storage.RaftStorage (RaftStorageImpl.java:format(96)) - Storage directory /home/runner/work/ozone/ozone/hadoop-ozone/integration-test/target/test-dir/MiniOzoneClusterImpl-1f897967-a85f-45b1-932e-48a7a77b5829/datanode-2/data/ratis/2c77f341-3b5a-472b-8d2a-19bc43d416a8 has been successfully formatted.
2023-08-31 18:18:36,695 [55a42498-51b5-4c22-a6d0-b6e523d26bd9-groupManagement] INFO  ratis.ContainerStateMachine (ContainerStateMachine.java:loadSnapshot(262)) - group-19BC43D416A8: The snapshot info is null. Setting the last applied indexto:(t:0, i:~)
2023-08-31 18:18:36,696 [55a42498-51b5-4c22-a6d0-b6e523d26bd9-groupManagement] INFO  server.RaftServerConfigKeys (ConfUtils.java:logGet(46)) - raft.server.log.use.memory = false (default)
2023-08-31 18:18:36,696 [55a42498-51b5-4c22-a6d0-b6e523d26bd9-groupManagement] INFO  server.RaftServerConfigKeys (ConfUtils.java:logGet(46)) - raft.server.log.purge.gap = 1000000 (custom)
2023-08-31 18:18:36,696 [55a42498-51b5-4c22-a6d0-b6e523d26bd9-groupManagement] INFO  server.RaftServerConfigKeys (ConfUtils.java:logGet(46)) - raft.server.log.appender.buffer.byte-limit = 33554432 (custom)
2023-08-31 18:18:36,696 [55a42498-51b5-4c22-a6d0-b6e523d26bd9-groupManagement] INFO  server.RaftServerConfigKeys (ConfUtils.java:logGet(46)) - raft.server.log.statemachine.data.read.timeout = 1000ms (default)
2023-08-31 18:18:36,696 [55a42498-51b5-4c22-a6d0-b6e523d26bd9-groupManagement] INFO  server.RaftServerConfigKeys (ConfUtils.java:logGet(46)) - raft.server.log.purge.preservation.log.num = 0 (default)
2023-08-31 18:18:36,696 [55a42498-51b5-4c22-a6d0-b6e523d26bd9-groupManagement] INFO  server.RaftServerConfigKeys (ConfUtils.java:logGet(46)) - raft.server.log.segment.size.max = 1048576 (custom)
2023-08-31 18:18:36,697 [55a42498-51b5-4c22-a6d0-b6e523d26bd9-groupManagement] INFO  server.RaftServerConfigKeys (ConfUtils.java:logGet(46)) - raft.server.log.segment.cache.num.max = 2 (custom)
2023-08-31 18:18:36,697 [55a42498-51b5-4c22-a6d0-b6e523d26bd9-groupManagement] INFO  server.RaftServerConfigKeys (ConfUtils.java:logGet(46)) - raft.server.log.segment.cache.size.max = 200MB (=209715200) (default)
2023-08-31 18:18:36,697 [55a42498-51b5-4c22-a6d0-b6e523d26bd9-groupManagement] INFO  server.RaftServerConfigKeys (ConfUtils.java:logGet(46)) - raft.server.log.appender.buffer.byte-limit = 33554432 (custom)
2023-08-31 18:18:36,697 [55a42498-51b5-4c22-a6d0-b6e523d26bd9-groupManagement] INFO  segmented.SegmentedRaftLogWorker (SegmentedRaftLogWorker.java:<init>(188)) - new 55a42498-51b5-4c22-a6d0-b6e523d26bd9@group-19BC43D416A8-SegmentedRaftLogWorker for RaftStorageImpl:Storage Directory /home/runner/work/ozone/ozone/hadoop-ozone/integration-test/target/test-dir/MiniOzoneClusterImpl-1f897967-a85f-45b1-932e-48a7a77b5829/datanode-2/data/ratis/2c77f341-3b5a-472b-8d2a-19bc43d416a8
2023-08-31 18:18:36,697 [55a42498-51b5-4c22-a6d0-b6e523d26bd9-groupManagement] INFO  server.RaftServerConfigKeys (ConfUtils.java:logGet(46)) - raft.server.log.queue.byte-limit = 4294967296 (custom)
2023-08-31 18:18:36,697 [55a42498-51b5-4c22-a6d0-b6e523d26bd9-groupManagement] INFO  server.RaftServerConfigKeys (ConfUtils.java:logGet(46)) - raft.server.log.queue.element-limit = 1024 (custom)
2023-08-31 18:18:36,697 [55a42498-51b5-4c22-a6d0-b6e523d26bd9-groupManagement] INFO  server.RaftServerConfigKeys (ConfUtils.java:logGet(46)) - raft.server.log.segment.size.max = 1048576 (custom)
2023-08-31 18:18:36,697 [55a42498-51b5-4c22-a6d0-b6e523d26bd9-groupManagement] INFO  server.RaftServerConfigKeys (ConfUtils.java:logGet(46)) - raft.server.log.preallocated.size = 16384 (custom)
2023-08-31 18:18:36,697 [55a42498-51b5-4c22-a6d0-b6e523d26bd9-groupManagement] INFO  server.RaftServerConfigKeys (ConfUtils.java:logGet(46)) - raft.server.log.force.sync.num = 128 (default)
2023-08-31 18:18:36,697 [55a42498-51b5-4c22-a6d0-b6e523d26bd9-groupManagement] INFO  server.RaftServerConfigKeys (ConfUtils.java:logGet(46)) - raft.server.log.statemachine.data.sync = true (default)
2023-08-31 18:18:36,697 [55a42498-51b5-4c22-a6d0-b6e523d26bd9-groupManagement] INFO  server.RaftServerConfigKeys (ConfUtils.java:logGet(46)) - raft.server.log.statemachine.data.sync.timeout = 10s (default)
2023-08-31 18:18:36,698 [55a42498-51b5-4c22-a6d0-b6e523d26bd9-groupManagement] INFO  server.RaftServerConfigKeys (ConfUtils.java:logGet(46)) - raft.server.log.statemachine.data.sync.timeout.retry = -1 (default)
2023-08-31 18:18:36,698 [55a42498-51b5-4c22-a6d0-b6e523d26bd9-groupManagement] INFO  server.RaftServerConfigKeys (ConfUtils.java:logGet(46)) - raft.server.log.write.buffer.size = 1048576 (custom)
2023-08-31 18:18:36,699 [55a42498-51b5-4c22-a6d0-b6e523d26bd9-groupManagement] INFO  server.RaftServerConfigKeys (ConfUtils.java:logGet(46)) - raft.server.log.appender.buffer.byte-limit = 33554432 (custom)
2023-08-31 18:18:36,705 [55a42498-51b5-4c22-a6d0-b6e523d26bd9-groupManagement] INFO  server.RaftServerConfigKeys (ConfUtils.java:logGet(46)) - raft.server.log.unsafe-flush.enabled = false (default)
2023-08-31 18:18:36,706 [55a42498-51b5-4c22-a6d0-b6e523d26bd9-groupManagement] INFO  server.RaftServerConfigKeys (ConfUtils.java:logGet(46)) - raft.server.log.async-flush.enabled = false (default)
2023-08-31 18:18:36,706 [55a42498-51b5-4c22-a6d0-b6e523d26bd9-groupManagement] INFO  server.RaftServerConfigKeys (ConfUtils.java:logGet(46)) - raft.server.log.statemachine.data.caching.enabled = true (custom)
2023-08-31 18:18:36,706 [55a42498-51b5-4c22-a6d0-b6e523d26bd9-groupManagement] INFO  segmented.SegmentedRaftLogWorker (SegmentedRaftLogWorker.java:lambda$new$0(135)) - 55a42498-51b5-4c22-a6d0-b6e523d26bd9@group-19BC43D416A8-SegmentedRaftLogWorker: flushIndex: setUnconditionally 0 -> -1
2023-08-31 18:18:36,706 [55a42498-51b5-4c22-a6d0-b6e523d26bd9-groupManagement] INFO  segmented.SegmentedRaftLogWorker (SegmentedRaftLogWorker.java:lambda$new$0(135)) - 55a42498-51b5-4c22-a6d0-b6e523d26bd9@group-19BC43D416A8-SegmentedRaftLogWorker: safeCacheEvictIndex: setUnconditionally 0 -> -1
2023-08-31 18:18:36,707 [55a42498-51b5-4c22-a6d0-b6e523d26bd9-groupManagement] INFO  server.RaftServer$Division (RaftServerImpl.java:start(342)) - 55a42498-51b5-4c22-a6d0-b6e523d26bd9@group-19BC43D416A8: start as a follower, conf=-1: peers:[55a42498-51b5-4c22-a6d0-b6e523d26bd9|rpc:10.1.0.8:15085|admin:10.1.0.8:15084|client:10.1.0.8:15083|dataStream:10.1.0.8:15086|priority:1|startupRole:FOLLOWER, 9837b75f-f89f-41e6-b8da-41fb6e633a75|rpc:10.1.0.8:15067|admin:10.1.0.8:15066|client:10.1.0.8:15065|dataStream:10.1.0.8:15068|priority:0|startupRole:FOLLOWER, 8ed59791-7601-47e5-a424-1bf234fecffd|rpc:10.1.0.8:15076|admin:10.1.0.8:15075|client:10.1.0.8:15074|dataStream:10.1.0.8:15077|priority:0|startupRole:FOLLOWER]|listeners:[], old=null
2023-08-31 18:18:36,707 [55a42498-51b5-4c22-a6d0-b6e523d26bd9-groupManagement] INFO  server.RaftServer$Division (RaftServerImpl.java:setRole(329)) - 55a42498-51b5-4c22-a6d0-b6e523d26bd9@group-19BC43D416A8: changes role from      null to FOLLOWER at term 0 for startAsFollower
2023-08-31 18:18:36,707 [55a42498-51b5-4c22-a6d0-b6e523d26bd9-groupManagement] INFO  impl.RoleInfo (RoleInfo.java:updateAndGet(139)) - 55a42498-51b5-4c22-a6d0-b6e523d26bd9: start 55a42498-51b5-4c22-a6d0-b6e523d26bd9@group-19BC43D416A8-FollowerState
2023-08-31 18:18:36,707 [55a42498-51b5-4c22-a6d0-b6e523d26bd9@group-19BC43D416A8-FollowerState] INFO  server.RaftServerConfigKeys (ConfUtils.java:logFallback(53)) - raft.server.rpc.first-election.timeout.min = 5s (fallback to raft.server.rpc.timeout.min)
2023-08-31 18:18:36,707 [55a42498-51b5-4c22-a6d0-b6e523d26bd9@group-19BC43D416A8-FollowerState] INFO  server.RaftServerConfigKeys (ConfUtils.java:logFallback(53)) - raft.server.rpc.first-election.timeout.max = 5200ms (fallback to raft.server.rpc.timeout.max)
2023-08-31 18:18:36,707 [55a42498-51b5-4c22-a6d0-b6e523d26bd9-groupManagement] INFO  util.JmxRegister (JmxRegister.java:tryRegister(44)) - Successfully registered JMX Bean with object name Ratis:service=RaftServer,group=group-19BC43D416A8,id=55a42498-51b5-4c22-a6d0-b6e523d26bd9
2023-08-31 18:18:36,707 [55a42498-51b5-4c22-a6d0-b6e523d26bd9-groupManagement] INFO  server.RaftServerConfigKeys (ConfUtils.java:logGet(46)) - raft.server.snapshot.auto.trigger.enabled = true (custom)
2023-08-31 18:18:36,707 [55a42498-51b5-4c22-a6d0-b6e523d26bd9-groupManagement] INFO  server.RaftServerConfigKeys (ConfUtils.java:logGet(46)) - raft.server.snapshot.auto.trigger.threshold = 10000 (custom)
2023-08-31 18:18:36,707 [55a42498-51b5-4c22-a6d0-b6e523d26bd9-groupManagement] INFO  server.RaftServerConfigKeys (ConfUtils.java:logGet(46)) - raft.server.snapshot.retention.file.num = 5 (custom)
2023-08-31 18:18:36,707 [55a42498-51b5-4c22-a6d0-b6e523d26bd9-groupManagement] INFO  server.RaftServerConfigKeys (ConfUtils.java:logGet(46)) - raft.server.log.purge.upto.snapshot.index = false (default)
2023-08-31 18:18:36,732 [grpc-default-executor-0] INFO  server.RaftServer (RaftServerProxy.java:addNew(98)) - 8ed59791-7601-47e5-a424-1bf234fecffd: addNew group-19BC43D416A8:[55a42498-51b5-4c22-a6d0-b6e523d26bd9|rpc:10.1.0.8:15085|admin:10.1.0.8:15084|client:10.1.0.8:15083|dataStream:10.1.0.8:15086|priority:1|startupRole:FOLLOWER, 9837b75f-f89f-41e6-b8da-41fb6e633a75|rpc:10.1.0.8:15067|admin:10.1.0.8:15066|client:10.1.0.8:15065|dataStream:10.1.0.8:15068|priority:0|startupRole:FOLLOWER, 8ed59791-7601-47e5-a424-1bf234fecffd|rpc:10.1.0.8:15076|admin:10.1.0.8:15075|client:10.1.0.8:15074|dataStream:10.1.0.8:15077|priority:0|startupRole:FOLLOWER] returns group-19BC43D416A8:java.util.concurrent.CompletableFuture@6cdba79d[Not completed]
2023-08-31 18:18:36,738 [8ed59791-7601-47e5-a424-1bf234fecffd-groupManagement] INFO  server.RaftServer$Division (RaftServerImpl.java:<init>(198)) - 8ed59791-7601-47e5-a424-1bf234fecffd: new RaftServerImpl for group-19BC43D416A8:[55a42498-51b5-4c22-a6d0-b6e523d26bd9|rpc:10.1.0.8:15085|admin:10.1.0.8:15084|client:10.1.0.8:15083|dataStream:10.1.0.8:15086|priority:1|startupRole:FOLLOWER, 9837b75f-f89f-41e6-b8da-41fb6e633a75|rpc:10.1.0.8:15067|admin:10.1.0.8:15066|client:10.1.0.8:15065|dataStream:10.1.0.8:15068|priority:0|startupRole:FOLLOWER, 8ed59791-7601-47e5-a424-1bf234fecffd|rpc:10.1.0.8:15076|admin:10.1.0.8:15075|client:10.1.0.8:15074|dataStream:10.1.0.8:15077|priority:0|startupRole:FOLLOWER] with ContainerStateMachine:uninitialized
2023-08-31 18:18:36,738 [8ed59791-7601-47e5-a424-1bf234fecffd-groupManagement] INFO  server.RaftServerConfigKeys (ConfUtils.java:logGet(46)) - raft.server.rpc.timeout.min = 5s (custom)
2023-08-31 18:18:36,738 [8ed59791-7601-47e5-a424-1bf234fecffd-groupManagement] INFO  server.RaftServerConfigKeys (ConfUtils.java:logGet(46)) - raft.server.rpc.timeout.max = 5200ms (custom)
2023-08-31 18:18:36,738 [8ed59791-7601-47e5-a424-1bf234fecffd-groupManagement] INFO  server.RaftServerConfigKeys (ConfUtils.java:logGet(46)) - raft.server.rpc.sleep.time = 25ms (default)
2023-08-31 18:18:36,738 [8ed59791-7601-47e5-a424-1bf234fecffd-groupManagement] INFO  server.RaftServerConfigKeys (ConfUtils.java:logGet(46)) - raft.server.rpc.slowness.timeout = 300s (custom)
2023-08-31 18:18:36,738 [8ed59791-7601-47e5-a424-1bf234fecffd-groupManagement] INFO  server.RaftServerConfigKeys (ConfUtils.java:logGet(46)) - raft.server.leaderelection.leader.step-down.wait-time = 10s (default)
2023-08-31 18:18:36,738 [8ed59791-7601-47e5-a424-1bf234fecffd-groupManagement] INFO  server.RaftServerConfigKeys (ConfUtils.java:logGet(46)) - raft.server.sleep.deviation.threshold = 300ms (default)
2023-08-31 18:18:36,738 [8ed59791-7601-47e5-a424-1bf234fecffd-groupManagement] INFO  server.RaftServer$Division (ServerState.java:<init>(120)) - 8ed59791-7601-47e5-a424-1bf234fecffd@group-19BC43D416A8: ConfigurationManager, init=-1: peers:[55a42498-51b5-4c22-a6d0-b6e523d26bd9|rpc:10.1.0.8:15085|admin:10.1.0.8:15084|client:10.1.0.8:15083|dataStream:10.1.0.8:15086|priority:1|startupRole:FOLLOWER, 9837b75f-f89f-41e6-b8da-41fb6e633a75|rpc:10.1.0.8:15067|admin:10.1.0.8:15066|client:10.1.0.8:15065|dataStream:10.1.0.8:15068|priority:0|startupRole:FOLLOWER, 8ed59791-7601-47e5-a424-1bf234fecffd|rpc:10.1.0.8:15076|admin:10.1.0.8:15075|client:10.1.0.8:15074|dataStream:10.1.0.8:15077|priority:0|startupRole:FOLLOWER]|listeners:[], old=null, confs=<EMPTY_MAP>
2023-08-31 18:18:36,738 [8ed59791-7601-47e5-a424-1bf234fecffd-groupManagement] INFO  server.RaftServerConfigKeys (ConfUtils.java:logGet(46)) - raft.server.storage.dir = [/home/runner/work/ozone/ozone/hadoop-ozone/integration-test/target/test-dir/MiniOzoneClusterImpl-1f897967-a85f-45b1-932e-48a7a77b5829/datanode-1/data/ratis] (custom)
2023-08-31 18:18:36,739 [8ed59791-7601-47e5-a424-1bf234fecffd-groupManagement] INFO  server.RaftServerConfigKeys (ConfUtils.java:logGet(46)) - raft.server.log.corruption.policy = EXCEPTION (default)
2023-08-31 18:18:36,739 [8ed59791-7601-47e5-a424-1bf234fecffd-groupManagement] INFO  server.RaftServerConfigKeys (ConfUtils.java:logGet(46)) - raft.server.storage.free-space.min = 0MB (=0) (default)
2023-08-31 18:18:36,739 [8ed59791-7601-47e5-a424-1bf234fecffd-groupManagement] INFO  server.RaftServerConfigKeys (ConfUtils.java:logGet(46)) - raft.server.notification.no-leader.timeout = 300s (custom)
2023-08-31 18:18:36,739 [8ed59791-7601-47e5-a424-1bf234fecffd-groupManagement] INFO  server.RaftServerConfigKeys (ConfUtils.java:logGet(46)) - raft.server.read.timeout = 10s (default)
2023-08-31 18:18:36,739 [8ed59791-7601-47e5-a424-1bf234fecffd-groupManagement] INFO  server.RaftServerConfigKeys (ConfUtils.java:logGet(46)) - raft.server.retrycache.expirytime = 600000ms (custom)
2023-08-31 18:18:36,740 [8ed59791-7601-47e5-a424-1bf234fecffd-groupManagement] INFO  server.RaftServerConfigKeys (ConfUtils.java:logGet(46)) - raft.server.retrycache.statistics.expirytime = 100μs (default)
2023-08-31 18:18:36,740 [8ed59791-7601-47e5-a424-1bf234fecffd-groupManagement] INFO  server.RaftServerConfigKeys (ConfUtils.java:logGet(46)) - raft.server.read.option = DEFAULT (default)
2023-08-31 18:18:36,741 [8ed59791-7601-47e5-a424-1bf234fecffd-groupManagement] INFO  server.RaftServerConfigKeys (ConfUtils.java:logGet(46)) - raft.server.rpc.request.timeout = 60s (custom)
2023-08-31 18:18:36,741 [8ed59791-7601-47e5-a424-1bf234fecffd-groupManagement] INFO  server.RaftServerConfigKeys (ConfUtils.java:logGet(46)) - raft.server.log.appender.install.snapshot.enabled = false (custom)
2023-08-31 18:18:36,741 [8ed59791-7601-47e5-a424-1bf234fecffd-groupManagement] INFO  server.RaftServerConfigKeys (ConfUtils.java:logGet(46)) - raft.server.threadpool.server.cached = true (default)
2023-08-31 18:18:36,741 [8ed59791-7601-47e5-a424-1bf234fecffd-groupManagement] INFO  server.RaftServerConfigKeys (ConfUtils.java:logGet(46)) - raft.server.threadpool.server.size = 0 (default)
2023-08-31 18:18:36,741 [8ed59791-7601-47e5-a424-1bf234fecffd-groupManagement] INFO  server.RaftServerConfigKeys (ConfUtils.java:logGet(46)) - raft.server.threadpool.client.cached = true (default)
2023-08-31 18:18:36,741 [8ed59791-7601-47e5-a424-1bf234fecffd-groupManagement] INFO  server.RaftServerConfigKeys (ConfUtils.java:logGet(46)) - raft.server.threadpool.client.size = 0 (default)
2023-08-31 18:18:36,741 [8ed59791-7601-47e5-a424-1bf234fecffd-groupManagement] INFO  storage.RaftStorageDirectory (RaftStorageDirectoryImpl.java:analyzeStorage(137)) - The storage directory /home/runner/work/ozone/ozone/hadoop-ozone/integration-test/target/test-dir/MiniOzoneClusterImpl-1f897967-a85f-45b1-932e-48a7a77b5829/datanode-1/data/ratis/2c77f341-3b5a-472b-8d2a-19bc43d416a8 does not exist. Creating ...
2023-08-31 18:18:36,743 [8ed59791-7601-47e5-a424-1bf234fecffd-groupManagement] INFO  storage.RaftStorageDirectory (RaftStorageDirectoryImpl.java:tryLock(231)) - Lock on /home/runner/work/ozone/ozone/hadoop-ozone/integration-test/target/test-dir/MiniOzoneClusterImpl-1f897967-a85f-45b1-932e-48a7a77b5829/datanode-1/data/ratis/2c77f341-3b5a-472b-8d2a-19bc43d416a8/in_use.lock acquired by nodename 61743@fv-az1129-899
2023-08-31 18:18:36,745 [8ed59791-7601-47e5-a424-1bf234fecffd-groupManagement] INFO  storage.RaftStorage (RaftStorageImpl.java:format(96)) - Storage directory /home/runner/work/ozone/ozone/hadoop-ozone/integration-test/target/test-dir/MiniOzoneClusterImpl-1f897967-a85f-45b1-932e-48a7a77b5829/datanode-1/data/ratis/2c77f341-3b5a-472b-8d2a-19bc43d416a8 has been successfully formatted.
2023-08-31 18:18:36,746 [8ed59791-7601-47e5-a424-1bf234fecffd-groupManagement] INFO  ratis.ContainerStateMachine (ContainerStateMachine.java:loadSnapshot(262)) - group-19BC43D416A8: The snapshot info is null. Setting the last applied indexto:(t:0, i:~)
2023-08-31 18:18:36,746 [8ed59791-7601-47e5-a424-1bf234fecffd-groupManagement] INFO  server.RaftServerConfigKeys (ConfUtils.java:logGet(46)) - raft.server.log.use.memory = false (default)
2023-08-31 18:18:36,747 [8ed59791-7601-47e5-a424-1bf234fecffd-groupManagement] INFO  server.RaftServerConfigKeys (ConfUtils.java:logGet(46)) - raft.server.log.purge.gap = 1000000 (custom)
2023-08-31 18:18:36,747 [8ed59791-7601-47e5-a424-1bf234fecffd-groupManagement] INFO  server.RaftServerConfigKeys (ConfUtils.java:logGet(46)) - raft.server.log.appender.buffer.byte-limit = 33554432 (custom)
2023-08-31 18:18:36,748 [8ed59791-7601-47e5-a424-1bf234fecffd-groupManagement] INFO  server.RaftServerConfigKeys (ConfUtils.java:logGet(46)) - raft.server.log.statemachine.data.read.timeout = 1000ms (default)
2023-08-31 18:18:36,748 [8ed59791-7601-47e5-a424-1bf234fecffd-groupManagement] INFO  server.RaftServerConfigKeys (ConfUtils.java:logGet(46)) - raft.server.log.purge.preservation.log.num = 0 (default)
2023-08-31 18:18:36,748 [8ed59791-7601-47e5-a424-1bf234fecffd-groupManagement] INFO  server.RaftServerConfigKeys (ConfUtils.java:logGet(46)) - raft.server.log.segment.size.max = 1048576 (custom)
2023-08-31 18:18:36,748 [8ed59791-7601-47e5-a424-1bf234fecffd-groupManagement] INFO  server.RaftServerConfigKeys (ConfUtils.java:logGet(46)) - raft.server.log.segment.cache.num.max = 2 (custom)
2023-08-31 18:18:36,748 [8ed59791-7601-47e5-a424-1bf234fecffd-groupManagement] INFO  server.RaftServerConfigKeys (ConfUtils.java:logGet(46)) - raft.server.log.segment.cache.size.max = 200MB (=209715200) (default)
2023-08-31 18:18:36,748 [8ed59791-7601-47e5-a424-1bf234fecffd-groupManagement] INFO  server.RaftServerConfigKeys (ConfUtils.java:logGet(46)) - raft.server.log.appender.buffer.byte-limit = 33554432 (custom)
2023-08-31 18:18:36,748 [8ed59791-7601-47e5-a424-1bf234fecffd-groupManagement] INFO  segmented.SegmentedRaftLogWorker (SegmentedRaftLogWorker.java:<init>(188)) - new 8ed59791-7601-47e5-a424-1bf234fecffd@group-19BC43D416A8-SegmentedRaftLogWorker for RaftStorageImpl:Storage Directory /home/runner/work/ozone/ozone/hadoop-ozone/integration-test/target/test-dir/MiniOzoneClusterImpl-1f897967-a85f-45b1-932e-48a7a77b5829/datanode-1/data/ratis/2c77f341-3b5a-472b-8d2a-19bc43d416a8
2023-08-31 18:18:36,748 [8ed59791-7601-47e5-a424-1bf234fecffd-groupManagement] INFO  server.RaftServerConfigKeys (ConfUtils.java:logGet(46)) - raft.server.log.queue.byte-limit = 4294967296 (custom)
2023-08-31 18:18:36,748 [8ed59791-7601-47e5-a424-1bf234fecffd-groupManagement] INFO  server.RaftServerConfigKeys (ConfUtils.java:logGet(46)) - raft.server.log.queue.element-limit = 1024 (custom)
2023-08-31 18:18:36,749 [8ed59791-7601-47e5-a424-1bf234fecffd-groupManagement] INFO  server.RaftServerConfigKeys (ConfUtils.java:logGet(46)) - raft.server.log.segment.size.max = 1048576 (custom)
2023-08-31 18:18:36,749 [8ed59791-7601-47e5-a424-1bf234fecffd-groupManagement] INFO  server.RaftServerConfigKeys (ConfUtils.java:logGet(46)) - raft.server.log.preallocated.size = 16384 (custom)
2023-08-31 18:18:36,749 [8ed59791-7601-47e5-a424-1bf234fecffd-groupManagement] INFO  server.RaftServerConfigKeys (ConfUtils.java:logGet(46)) - raft.server.log.force.sync.num = 128 (default)
2023-08-31 18:18:36,749 [8ed59791-7601-47e5-a424-1bf234fecffd-groupManagement] INFO  server.RaftServerConfigKeys (ConfUtils.java:logGet(46)) - raft.server.log.statemachine.data.sync = true (default)
2023-08-31 18:18:36,749 [8ed59791-7601-47e5-a424-1bf234fecffd-groupManagement] INFO  server.RaftServerConfigKeys (ConfUtils.java:logGet(46)) - raft.server.log.statemachine.data.sync.timeout = 10s (default)
2023-08-31 18:18:36,749 [8ed59791-7601-47e5-a424-1bf234fecffd-groupManagement] INFO  server.RaftServerConfigKeys (ConfUtils.java:logGet(46)) - raft.server.log.statemachine.data.sync.timeout.retry = -1 (default)
2023-08-31 18:18:36,750 [8ed59791-7601-47e5-a424-1bf234fecffd-groupManagement] INFO  server.RaftServerConfigKeys (ConfUtils.java:logGet(46)) - raft.server.log.write.buffer.size = 1048576 (custom)
2023-08-31 18:18:36,750 [8ed59791-7601-47e5-a424-1bf234fecffd-groupManagement] INFO  server.RaftServerConfigKeys (ConfUtils.java:logGet(46)) - raft.server.log.appender.buffer.byte-limit = 33554432 (custom)
2023-08-31 18:18:36,757 [8ed59791-7601-47e5-a424-1bf234fecffd-groupManagement] INFO  server.RaftServerConfigKeys (ConfUtils.java:logGet(46)) - raft.server.log.unsafe-flush.enabled = false (default)
2023-08-31 18:18:36,757 [8ed59791-7601-47e5-a424-1bf234fecffd-groupManagement] INFO  server.RaftServerConfigKeys (ConfUtils.java:logGet(46)) - raft.server.log.async-flush.enabled = false (default)
2023-08-31 18:18:36,757 [8ed59791-7601-47e5-a424-1bf234fecffd-groupManagement] INFO  server.RaftServerConfigKeys (ConfUtils.java:logGet(46)) - raft.server.log.statemachine.data.caching.enabled = true (custom)
2023-08-31 18:18:36,757 [8ed59791-7601-47e5-a424-1bf234fecffd-groupManagement] INFO  segmented.SegmentedRaftLogWorker (SegmentedRaftLogWorker.java:lambda$new$0(135)) - 8ed59791-7601-47e5-a424-1bf234fecffd@group-19BC43D416A8-SegmentedRaftLogWorker: flushIndex: setUnconditionally 0 -> -1
2023-08-31 18:18:36,757 [8ed59791-7601-47e5-a424-1bf234fecffd-groupManagement] INFO  segmented.SegmentedRaftLogWorker (SegmentedRaftLogWorker.java:lambda$new$0(135)) - 8ed59791-7601-47e5-a424-1bf234fecffd@group-19BC43D416A8-SegmentedRaftLogWorker: safeCacheEvictIndex: setUnconditionally 0 -> -1
2023-08-31 18:18:36,758 [8ed59791-7601-47e5-a424-1bf234fecffd-groupManagement] INFO  server.RaftServer$Division (RaftServerImpl.java:start(342)) - 8ed59791-7601-47e5-a424-1bf234fecffd@group-19BC43D416A8: start as a follower, conf=-1: peers:[55a42498-51b5-4c22-a6d0-b6e523d26bd9|rpc:10.1.0.8:15085|admin:10.1.0.8:15084|client:10.1.0.8:15083|dataStream:10.1.0.8:15086|priority:1|startupRole:FOLLOWER, 9837b75f-f89f-41e6-b8da-41fb6e633a75|rpc:10.1.0.8:15067|admin:10.1.0.8:15066|client:10.1.0.8:15065|dataStream:10.1.0.8:15068|priority:0|startupRole:FOLLOWER, 8ed59791-7601-47e5-a424-1bf234fecffd|rpc:10.1.0.8:15076|admin:10.1.0.8:15075|client:10.1.0.8:15074|dataStream:10.1.0.8:15077|priority:0|startupRole:FOLLOWER]|listeners:[], old=null
2023-08-31 18:18:36,758 [8ed59791-7601-47e5-a424-1bf234fecffd-groupManagement] INFO  server.RaftServer$Division (RaftServerImpl.java:setRole(329)) - 8ed59791-7601-47e5-a424-1bf234fecffd@group-19BC43D416A8: changes role from      null to FOLLOWER at term 0 for startAsFollower
2023-08-31 18:18:36,758 [8ed59791-7601-47e5-a424-1bf234fecffd-groupManagement] INFO  impl.RoleInfo (RoleInfo.java:updateAndGet(139)) - 8ed59791-7601-47e5-a424-1bf234fecffd: start 8ed59791-7601-47e5-a424-1bf234fecffd@group-19BC43D416A8-FollowerState
2023-08-31 18:18:36,758 [8ed59791-7601-47e5-a424-1bf234fecffd-groupManagement] INFO  util.JmxRegister (JmxRegister.java:tryRegister(44)) - Successfully registered JMX Bean with object name Ratis:service=RaftServer,group=group-19BC43D416A8,id=8ed59791-7601-47e5-a424-1bf234fecffd
2023-08-31 18:18:36,758 [8ed59791-7601-47e5-a424-1bf234fecffd@group-19BC43D416A8-FollowerState] INFO  server.RaftServerConfigKeys (ConfUtils.java:logFallback(53)) - raft.server.rpc.first-election.timeout.min = 5s (fallback to raft.server.rpc.timeout.min)
2023-08-31 18:18:36,758 [8ed59791-7601-47e5-a424-1bf234fecffd-groupManagement] INFO  server.RaftServerConfigKeys (ConfUtils.java:logGet(46)) - raft.server.snapshot.auto.trigger.enabled = true (custom)
2023-08-31 18:18:36,758 [8ed59791-7601-47e5-a424-1bf234fecffd@group-19BC43D416A8-FollowerState] INFO  server.RaftServerConfigKeys (ConfUtils.java:logFallback(53)) - raft.server.rpc.first-election.timeout.max = 5200ms (fallback to raft.server.rpc.timeout.max)
2023-08-31 18:18:36,759 [8ed59791-7601-47e5-a424-1bf234fecffd-groupManagement] INFO  server.RaftServerConfigKeys (ConfUtils.java:logGet(46)) - raft.server.snapshot.auto.trigger.threshold = 10000 (custom)
2023-08-31 18:18:36,759 [8ed59791-7601-47e5-a424-1bf234fecffd-groupManagement] INFO  server.RaftServerConfigKeys (ConfUtils.java:logGet(46)) - raft.server.snapshot.retention.file.num = 5 (custom)
2023-08-31 18:18:36,759 [8ed59791-7601-47e5-a424-1bf234fecffd-groupManagement] INFO  server.RaftServerConfigKeys (ConfUtils.java:logGet(46)) - raft.server.log.purge.upto.snapshot.index = false (default)
2023-08-31 18:18:36,769 [PipelineCommandHandlerThread-0] INFO  commandhandler.CreatePipelineCommandHandler (CreatePipelineCommandHandler.java:lambda$handle$2(124)) - Created Pipeline RATIS THREE PipelineID=2c77f341-3b5a-472b-8d2a-19bc43d416a8.
2023-08-31 18:18:36,769 [PipelineCommandHandlerThread-0] INFO  server.RaftServer (RaftServerProxy.java:addNew(98)) - 9837b75f-f89f-41e6-b8da-41fb6e633a75: addNew group-5C4AA5E3D544:[55a42498-51b5-4c22-a6d0-b6e523d26bd9|rpc:10.1.0.8:15085|admin:10.1.0.8:15084|client:10.1.0.8:15083|dataStream:10.1.0.8:15086|priority:0|startupRole:FOLLOWER, 9837b75f-f89f-41e6-b8da-41fb6e633a75|rpc:10.1.0.8:15067|admin:10.1.0.8:15066|client:10.1.0.8:15065|dataStream:10.1.0.8:15068|priority:0|startupRole:FOLLOWER, 8ed59791-7601-47e5-a424-1bf234fecffd|rpc:10.1.0.8:15076|admin:10.1.0.8:15075|client:10.1.0.8:15074|dataStream:10.1.0.8:15077|priority:1|startupRole:FOLLOWER] returns group-5C4AA5E3D544:java.util.concurrent.CompletableFuture@40d4e987[Not completed]
2023-08-31 18:18:36,770 [9837b75f-f89f-41e6-b8da-41fb6e633a75-groupManagement] INFO  server.RaftServer$Division (RaftServerImpl.java:<init>(198)) - 9837b75f-f89f-41e6-b8da-41fb6e633a75: new RaftServerImpl for group-5C4AA5E3D544:[55a42498-51b5-4c22-a6d0-b6e523d26bd9|rpc:10.1.0.8:15085|admin:10.1.0.8:15084|client:10.1.0.8:15083|dataStream:10.1.0.8:15086|priority:0|startupRole:FOLLOWER, 9837b75f-f89f-41e6-b8da-41fb6e633a75|rpc:10.1.0.8:15067|admin:10.1.0.8:15066|client:10.1.0.8:15065|dataStream:10.1.0.8:15068|priority:0|startupRole:FOLLOWER, 8ed59791-7601-47e5-a424-1bf234fecffd|rpc:10.1.0.8:15076|admin:10.1.0.8:15075|client:10.1.0.8:15074|dataStream:10.1.0.8:15077|priority:1|startupRole:FOLLOWER] with ContainerStateMachine:uninitialized
2023-08-31 18:18:36,770 [9837b75f-f89f-41e6-b8da-41fb6e633a75-groupManagement] INFO  server.RaftServerConfigKeys (ConfUtils.java:logGet(46)) - raft.server.rpc.timeout.min = 5s (custom)
2023-08-31 18:18:36,770 [9837b75f-f89f-41e6-b8da-41fb6e633a75-groupManagement] INFO  server.RaftServerConfigKeys (ConfUtils.java:logGet(46)) - raft.server.rpc.timeout.max = 5200ms (custom)
2023-08-31 18:18:36,770 [9837b75f-f89f-41e6-b8da-41fb6e633a75-groupManagement] INFO  server.RaftServerConfigKeys (ConfUtils.java:logGet(46)) - raft.server.rpc.sleep.time = 25ms (default)
2023-08-31 18:18:36,770 [9837b75f-f89f-41e6-b8da-41fb6e633a75-groupManagement] INFO  server.RaftServerConfigKeys (ConfUtils.java:logGet(46)) - raft.server.rpc.slowness.timeout = 300s (custom)
2023-08-31 18:18:36,770 [9837b75f-f89f-41e6-b8da-41fb6e633a75-groupManagement] INFO  server.RaftServerConfigKeys (ConfUtils.java:logGet(46)) - raft.server.leaderelection.leader.step-down.wait-time = 10s (default)
2023-08-31 18:18:36,771 [9837b75f-f89f-41e6-b8da-41fb6e633a75-groupManagement] INFO  server.RaftServerConfigKeys (ConfUtils.java:logGet(46)) - raft.server.sleep.deviation.threshold = 300ms (default)
2023-08-31 18:18:36,771 [9837b75f-f89f-41e6-b8da-41fb6e633a75-groupManagement] INFO  server.RaftServer$Division (ServerState.java:<init>(120)) - 9837b75f-f89f-41e6-b8da-41fb6e633a75@group-5C4AA5E3D544: ConfigurationManager, init=-1: peers:[55a42498-51b5-4c22-a6d0-b6e523d26bd9|rpc:10.1.0.8:15085|admin:10.1.0.8:15084|client:10.1.0.8:15083|dataStream:10.1.0.8:15086|priority:0|startupRole:FOLLOWER, 9837b75f-f89f-41e6-b8da-41fb6e633a75|rpc:10.1.0.8:15067|admin:10.1.0.8:15066|client:10.1.0.8:15065|dataStream:10.1.0.8:15068|priority:0|startupRole:FOLLOWER, 8ed59791-7601-47e5-a424-1bf234fecffd|rpc:10.1.0.8:15076|admin:10.1.0.8:15075|client:10.1.0.8:15074|dataStream:10.1.0.8:15077|priority:1|startupRole:FOLLOWER]|listeners:[], old=null, confs=<EMPTY_MAP>
2023-08-31 18:18:36,771 [9837b75f-f89f-41e6-b8da-41fb6e633a75-groupManagement] INFO  server.RaftServerConfigKeys (ConfUtils.java:logGet(46)) - raft.server.storage.dir = [/home/runner/work/ozone/ozone/hadoop-ozone/integration-test/target/test-dir/MiniOzoneClusterImpl-1f897967-a85f-45b1-932e-48a7a77b5829/datanode-0/data/ratis] (custom)
2023-08-31 18:18:36,771 [9837b75f-f89f-41e6-b8da-41fb6e633a75-groupManagement] INFO  server.RaftServerConfigKeys (ConfUtils.java:logGet(46)) - raft.server.log.corruption.policy = EXCEPTION (default)
2023-08-31 18:18:36,771 [9837b75f-f89f-41e6-b8da-41fb6e633a75-groupManagement] INFO  server.RaftServerConfigKeys (ConfUtils.java:logGet(46)) - raft.server.storage.free-space.min = 0MB (=0) (default)
2023-08-31 18:18:36,771 [9837b75f-f89f-41e6-b8da-41fb6e633a75-groupManagement] INFO  server.RaftServerConfigKeys (ConfUtils.java:logGet(46)) - raft.server.notification.no-leader.timeout = 300s (custom)
2023-08-31 18:18:36,771 [9837b75f-f89f-41e6-b8da-41fb6e633a75-groupManagement] INFO  server.RaftServerConfigKeys (ConfUtils.java:logGet(46)) - raft.server.read.timeout = 10s (default)
2023-08-31 18:18:36,771 [9837b75f-f89f-41e6-b8da-41fb6e633a75-groupManagement] INFO  server.RaftServerConfigKeys (ConfUtils.java:logGet(46)) - raft.server.retrycache.expirytime = 600000ms (custom)
2023-08-31 18:18:36,771 [9837b75f-f89f-41e6-b8da-41fb6e633a75-groupManagement] INFO  server.RaftServerConfigKeys (ConfUtils.java:logGet(46)) - raft.server.retrycache.statistics.expirytime = 100μs (default)
2023-08-31 18:18:36,772 [9837b75f-f89f-41e6-b8da-41fb6e633a75-groupManagement] INFO  server.RaftServerConfigKeys (ConfUtils.java:logGet(46)) - raft.server.read.option = DEFAULT (default)
2023-08-31 18:18:36,772 [9837b75f-f89f-41e6-b8da-41fb6e633a75-groupManagement] INFO  server.RaftServerConfigKeys (ConfUtils.java:logGet(46)) - raft.server.rpc.request.timeout = 60s (custom)
2023-08-31 18:18:36,772 [9837b75f-f89f-41e6-b8da-41fb6e633a75-groupManagement] INFO  server.RaftServerConfigKeys (ConfUtils.java:logGet(46)) - raft.server.log.appender.install.snapshot.enabled = false (custom)
2023-08-31 18:18:36,773 [9837b75f-f89f-41e6-b8da-41fb6e633a75-groupManagement] INFO  server.RaftServerConfigKeys (ConfUtils.java:logGet(46)) - raft.server.threadpool.server.cached = true (default)
2023-08-31 18:18:36,773 [9837b75f-f89f-41e6-b8da-41fb6e633a75-groupManagement] INFO  server.RaftServerConfigKeys (ConfUtils.java:logGet(46)) - raft.server.threadpool.server.size = 0 (default)
2023-08-31 18:18:36,773 [9837b75f-f89f-41e6-b8da-41fb6e633a75-groupManagement] INFO  server.RaftServerConfigKeys (ConfUtils.java:logGet(46)) - raft.server.threadpool.client.cached = true (default)
2023-08-31 18:18:36,773 [9837b75f-f89f-41e6-b8da-41fb6e633a75-groupManagement] INFO  server.RaftServerConfigKeys (ConfUtils.java:logGet(46)) - raft.server.threadpool.client.size = 0 (default)
2023-08-31 18:18:36,773 [9837b75f-f89f-41e6-b8da-41fb6e633a75-groupManagement] INFO  storage.RaftStorageDirectory (RaftStorageDirectoryImpl.java:analyzeStorage(137)) - The storage directory /home/runner/work/ozone/ozone/hadoop-ozone/integration-test/target/test-dir/MiniOzoneClusterImpl-1f897967-a85f-45b1-932e-48a7a77b5829/datanode-0/data/ratis/517282be-c288-4288-bdea-5c4aa5e3d544 does not exist. Creating ...
2023-08-31 18:18:36,776 [9837b75f-f89f-41e6-b8da-41fb6e633a75-groupManagement] INFO  storage.RaftStorageDirectory (RaftStorageDirectoryImpl.java:tryLock(231)) - Lock on /home/runner/work/ozone/ozone/hadoop-ozone/integration-test/target/test-dir/MiniOzoneClusterImpl-1f897967-a85f-45b1-932e-48a7a77b5829/datanode-0/data/ratis/517282be-c288-4288-bdea-5c4aa5e3d544/in_use.lock acquired by nodename 61743@fv-az1129-899
2023-08-31 18:18:36,778 [9837b75f-f89f-41e6-b8da-41fb6e633a75-groupManagement] INFO  storage.RaftStorage (RaftStorageImpl.java:format(96)) - Storage directory /home/runner/work/ozone/ozone/hadoop-ozone/integration-test/target/test-dir/MiniOzoneClusterImpl-1f897967-a85f-45b1-932e-48a7a77b5829/datanode-0/data/ratis/517282be-c288-4288-bdea-5c4aa5e3d544 has been successfully formatted.
2023-08-31 18:18:36,778 [9837b75f-f89f-41e6-b8da-41fb6e633a75-groupManagement] INFO  ratis.ContainerStateMachine (ContainerStateMachine.java:loadSnapshot(262)) - group-5C4AA5E3D544: The snapshot info is null. Setting the last applied indexto:(t:0, i:~)
2023-08-31 18:18:36,779 [9837b75f-f89f-41e6-b8da-41fb6e633a75-groupManagement] INFO  server.RaftServerConfigKeys (ConfUtils.java:logGet(46)) - raft.server.log.use.memory = false (default)
2023-08-31 18:18:36,779 [9837b75f-f89f-41e6-b8da-41fb6e633a75-groupManagement] INFO  server.RaftServerConfigKeys (ConfUtils.java:logGet(46)) - raft.server.log.purge.gap = 1000000 (custom)
2023-08-31 18:18:36,779 [9837b75f-f89f-41e6-b8da-41fb6e633a75-groupManagement] INFO  server.RaftServerConfigKeys (ConfUtils.java:logGet(46)) - raft.server.log.appender.buffer.byte-limit = 33554432 (custom)
2023-08-31 18:18:36,779 [9837b75f-f89f-41e6-b8da-41fb6e633a75-groupManagement] INFO  server.RaftServerConfigKeys (ConfUtils.java:logGet(46)) - raft.server.log.statemachine.data.read.timeout = 1000ms (default)
2023-08-31 18:18:36,779 [9837b75f-f89f-41e6-b8da-41fb6e633a75-groupManagement] INFO  server.RaftServerConfigKeys (ConfUtils.java:logGet(46)) - raft.server.log.purge.preservation.log.num = 0 (default)
2023-08-31 18:18:36,779 [9837b75f-f89f-41e6-b8da-41fb6e633a75-groupManagement] INFO  server.RaftServerConfigKeys (ConfUtils.java:logGet(46)) - raft.server.log.segment.size.max = 1048576 (custom)
2023-08-31 18:18:36,779 [EventQueue-OpenPipelineForHealthyPipelineSafeModeRule] INFO  safemode.SCMSafeModeManager (HealthyPipelineSafeModeRule.java:process(137)) - SCM in safe mode. Healthy pipelines reported count is 0, required healthy pipeline reported count is 1
2023-08-31 18:18:36,781 [9837b75f-f89f-41e6-b8da-41fb6e633a75-groupManagement] INFO  server.RaftServerConfigKeys (ConfUtils.java:logGet(46)) - raft.server.log.segment.cache.num.max = 2 (custom)
2023-08-31 18:18:36,781 [9837b75f-f89f-41e6-b8da-41fb6e633a75-groupManagement] INFO  server.RaftServerConfigKeys (ConfUtils.java:logGet(46)) - raft.server.log.segment.cache.size.max = 200MB (=209715200) (default)
2023-08-31 18:18:36,781 [9837b75f-f89f-41e6-b8da-41fb6e633a75-groupManagement] INFO  server.RaftServerConfigKeys (ConfUtils.java:logGet(46)) - raft.server.log.appender.buffer.byte-limit = 33554432 (custom)
2023-08-31 18:18:36,783 [9837b75f-f89f-41e6-b8da-41fb6e633a75-groupManagement] INFO  segmented.SegmentedRaftLogWorker (SegmentedRaftLogWorker.java:<init>(188)) - new 9837b75f-f89f-41e6-b8da-41fb6e633a75@group-5C4AA5E3D544-SegmentedRaftLogWorker for RaftStorageImpl:Storage Directory /home/runner/work/ozone/ozone/hadoop-ozone/integration-test/target/test-dir/MiniOzoneClusterImpl-1f897967-a85f-45b1-932e-48a7a77b5829/datanode-0/data/ratis/517282be-c288-4288-bdea-5c4aa5e3d544
2023-08-31 18:18:36,783 [9837b75f-f89f-41e6-b8da-41fb6e633a75-groupManagement] INFO  server.RaftServerConfigKeys (ConfUtils.java:logGet(46)) - raft.server.log.queue.byte-limit = 4294967296 (custom)
2023-08-31 18:18:36,783 [9837b75f-f89f-41e6-b8da-41fb6e633a75-groupManagement] INFO  server.RaftServerConfigKeys (ConfUtils.java:logGet(46)) - raft.server.log.queue.element-limit = 1024 (custom)
2023-08-31 18:18:36,783 [9837b75f-f89f-41e6-b8da-41fb6e633a75-groupManagement] INFO  server.RaftServerConfigKeys (ConfUtils.java:logGet(46)) - raft.server.log.segment.size.max = 1048576 (custom)
2023-08-31 18:18:36,783 [9837b75f-f89f-41e6-b8da-41fb6e633a75-groupManagement] INFO  server.RaftServerConfigKeys (ConfUtils.java:logGet(46)) - raft.server.log.preallocated.size = 16384 (custom)
2023-08-31 18:18:36,783 [9837b75f-f89f-41e6-b8da-41fb6e633a75-groupManagement] INFO  server.RaftServerConfigKeys (ConfUtils.java:logGet(46)) - raft.server.log.force.sync.num = 128 (default)
2023-08-31 18:18:36,783 [9837b75f-f89f-41e6-b8da-41fb6e633a75-groupManagement] INFO  server.RaftServerConfigKeys (ConfUtils.java:logGet(46)) - raft.server.log.statemachine.data.sync = true (default)
2023-08-31 18:18:36,784 [9837b75f-f89f-41e6-b8da-41fb6e633a75-groupManagement] INFO  server.RaftServerConfigKeys (ConfUtils.java:logGet(46)) - raft.server.log.statemachine.data.sync.timeout = 10s (default)
2023-08-31 18:18:36,784 [9837b75f-f89f-41e6-b8da-41fb6e633a75-groupManagement] INFO  server.RaftServerConfigKeys (ConfUtils.java:logGet(46)) - raft.server.log.statemachine.data.sync.timeout.retry = -1 (default)
2023-08-31 18:18:36,784 [9837b75f-f89f-41e6-b8da-41fb6e633a75-groupManagement] INFO  server.RaftServerConfigKeys (ConfUtils.java:logGet(46)) - raft.server.log.write.buffer.size = 1048576 (custom)
2023-08-31 18:18:36,785 [9837b75f-f89f-41e6-b8da-41fb6e633a75-groupManagement] INFO  server.RaftServerConfigKeys (ConfUtils.java:logGet(46)) - raft.server.log.appender.buffer.byte-limit = 33554432 (custom)
2023-08-31 18:18:36,791 [9837b75f-f89f-41e6-b8da-41fb6e633a75-groupManagement] INFO  server.RaftServerConfigKeys (ConfUtils.java:logGet(46)) - raft.server.log.unsafe-flush.enabled = false (default)
2023-08-31 18:18:36,791 [9837b75f-f89f-41e6-b8da-41fb6e633a75-groupManagement] INFO  server.RaftServerConfigKeys (ConfUtils.java:logGet(46)) - raft.server.log.async-flush.enabled = false (default)
2023-08-31 18:18:36,792 [9837b75f-f89f-41e6-b8da-41fb6e633a75-groupManagement] INFO  server.RaftServerConfigKeys (ConfUtils.java:logGet(46)) - raft.server.log.statemachine.data.caching.enabled = true (custom)
2023-08-31 18:18:36,792 [9837b75f-f89f-41e6-b8da-41fb6e633a75-groupManagement] INFO  segmented.SegmentedRaftLogWorker (SegmentedRaftLogWorker.java:lambda$new$0(135)) - 9837b75f-f89f-41e6-b8da-41fb6e633a75@group-5C4AA5E3D544-SegmentedRaftLogWorker: flushIndex: setUnconditionally 0 -> -1
2023-08-31 18:18:36,792 [9837b75f-f89f-41e6-b8da-41fb6e633a75-groupManagement] INFO  segmented.SegmentedRaftLogWorker (SegmentedRaftLogWorker.java:lambda$new$0(135)) - 9837b75f-f89f-41e6-b8da-41fb6e633a75@group-5C4AA5E3D544-SegmentedRaftLogWorker: safeCacheEvictIndex: setUnconditionally 0 -> -1
2023-08-31 18:18:36,792 [9837b75f-f89f-41e6-b8da-41fb6e633a75-groupManagement] INFO  server.RaftServer$Division (RaftServerImpl.java:start(342)) - 9837b75f-f89f-41e6-b8da-41fb6e633a75@group-5C4AA5E3D544: start as a follower, conf=-1: peers:[55a42498-51b5-4c22-a6d0-b6e523d26bd9|rpc:10.1.0.8:15085|admin:10.1.0.8:15084|client:10.1.0.8:15083|dataStream:10.1.0.8:15086|priority:0|startupRole:FOLLOWER, 9837b75f-f89f-41e6-b8da-41fb6e633a75|rpc:10.1.0.8:15067|admin:10.1.0.8:15066|client:10.1.0.8:15065|dataStream:10.1.0.8:15068|priority:0|startupRole:FOLLOWER, 8ed59791-7601-47e5-a424-1bf234fecffd|rpc:10.1.0.8:15076|admin:10.1.0.8:15075|client:10.1.0.8:15074|dataStream:10.1.0.8:15077|priority:1|startupRole:FOLLOWER]|listeners:[], old=null
2023-08-31 18:18:36,792 [9837b75f-f89f-41e6-b8da-41fb6e633a75-groupManagement] INFO  server.RaftServer$Division (RaftServerImpl.java:setRole(329)) - 9837b75f-f89f-41e6-b8da-41fb6e633a75@group-5C4AA5E3D544: changes role from      null to FOLLOWER at term 0 for startAsFollower
2023-08-31 18:18:36,792 [9837b75f-f89f-41e6-b8da-41fb6e633a75-groupManagement] INFO  impl.RoleInfo (RoleInfo.java:updateAndGet(139)) - 9837b75f-f89f-41e6-b8da-41fb6e633a75: start 9837b75f-f89f-41e6-b8da-41fb6e633a75@group-5C4AA5E3D544-FollowerState
2023-08-31 18:18:36,793 [9837b75f-f89f-41e6-b8da-41fb6e633a75-groupManagement] INFO  util.JmxRegister (JmxRegister.java:tryRegister(44)) - Successfully registered JMX Bean with object name Ratis:service=RaftServer,group=group-5C4AA5E3D544,id=9837b75f-f89f-41e6-b8da-41fb6e633a75
2023-08-31 18:18:36,793 [9837b75f-f89f-41e6-b8da-41fb6e633a75-groupManagement] INFO  server.RaftServerConfigKeys (ConfUtils.java:logGet(46)) - raft.server.snapshot.auto.trigger.enabled = true (custom)
2023-08-31 18:18:36,793 [9837b75f-f89f-41e6-b8da-41fb6e633a75-groupManagement] INFO  server.RaftServerConfigKeys (ConfUtils.java:logGet(46)) - raft.server.snapshot.auto.trigger.threshold = 10000 (custom)
2023-08-31 18:18:36,793 [9837b75f-f89f-41e6-b8da-41fb6e633a75-groupManagement] INFO  server.RaftServerConfigKeys (ConfUtils.java:logGet(46)) - raft.server.snapshot.retention.file.num = 5 (custom)
2023-08-31 18:18:36,793 [9837b75f-f89f-41e6-b8da-41fb6e633a75-groupManagement] INFO  server.RaftServerConfigKeys (ConfUtils.java:logGet(46)) - raft.server.log.purge.upto.snapshot.index = false (default)
2023-08-31 18:18:36,793 [9837b75f-f89f-41e6-b8da-41fb6e633a75@group-5C4AA5E3D544-FollowerState] INFO  server.RaftServerConfigKeys (ConfUtils.java:logFallback(53)) - raft.server.rpc.first-election.timeout.min = 5s (fallback to raft.server.rpc.timeout.min)
2023-08-31 18:18:36,794 [9837b75f-f89f-41e6-b8da-41fb6e633a75@group-5C4AA5E3D544-FollowerState] INFO  server.RaftServerConfigKeys (ConfUtils.java:logFallback(53)) - raft.server.rpc.first-election.timeout.max = 5200ms (fallback to raft.server.rpc.timeout.max)
2023-08-31 18:18:36,795 [PipelineCommandHandlerThread-0] INFO  ratis.XceiverServerRatis (XceiverServerRatis.java:addGroup(804)) - Created group PipelineID=517282be-c288-4288-bdea-5c4aa5e3d544
2023-08-31 18:18:36,820 [grpc-default-executor-0] INFO  server.RaftServer (RaftServerProxy.java:addNew(98)) - 8ed59791-7601-47e5-a424-1bf234fecffd: addNew group-5C4AA5E3D544:[55a42498-51b5-4c22-a6d0-b6e523d26bd9|rpc:10.1.0.8:15085|admin:10.1.0.8:15084|client:10.1.0.8:15083|dataStream:10.1.0.8:15086|priority:0|startupRole:FOLLOWER, 9837b75f-f89f-41e6-b8da-41fb6e633a75|rpc:10.1.0.8:15067|admin:10.1.0.8:15066|client:10.1.0.8:15065|dataStream:10.1.0.8:15068|priority:0|startupRole:FOLLOWER, 8ed59791-7601-47e5-a424-1bf234fecffd|rpc:10.1.0.8:15076|admin:10.1.0.8:15075|client:10.1.0.8:15074|dataStream:10.1.0.8:15077|priority:1|startupRole:FOLLOWER] returns group-5C4AA5E3D544:java.util.concurrent.CompletableFuture@690fcd5c[Not completed]
2023-08-31 18:18:36,821 [8ed59791-7601-47e5-a424-1bf234fecffd-groupManagement] INFO  server.RaftServer$Division (RaftServerImpl.java:<init>(198)) - 8ed59791-7601-47e5-a424-1bf234fecffd: new RaftServerImpl for group-5C4AA5E3D544:[55a42498-51b5-4c22-a6d0-b6e523d26bd9|rpc:10.1.0.8:15085|admin:10.1.0.8:15084|client:10.1.0.8:15083|dataStream:10.1.0.8:15086|priority:0|startupRole:FOLLOWER, 9837b75f-f89f-41e6-b8da-41fb6e633a75|rpc:10.1.0.8:15067|admin:10.1.0.8:15066|client:10.1.0.8:15065|dataStream:10.1.0.8:15068|priority:0|startupRole:FOLLOWER, 8ed59791-7601-47e5-a424-1bf234fecffd|rpc:10.1.0.8:15076|admin:10.1.0.8:15075|client:10.1.0.8:15074|dataStream:10.1.0.8:15077|priority:1|startupRole:FOLLOWER] with ContainerStateMachine:uninitialized
2023-08-31 18:18:36,821 [8ed59791-7601-47e5-a424-1bf234fecffd-groupManagement] INFO  server.RaftServerConfigKeys (ConfUtils.java:logGet(46)) - raft.server.rpc.timeout.min = 5s (custom)
2023-08-31 18:18:36,821 [8ed59791-7601-47e5-a424-1bf234fecffd-groupManagement] INFO  server.RaftServerConfigKeys (ConfUtils.java:logGet(46)) - raft.server.rpc.timeout.max = 5200ms (custom)
2023-08-31 18:18:36,821 [8ed59791-7601-47e5-a424-1bf234fecffd-groupManagement] INFO  server.RaftServerConfigKeys (ConfUtils.java:logGet(46)) - raft.server.rpc.sleep.time = 25ms (default)
2023-08-31 18:18:36,821 [8ed59791-7601-47e5-a424-1bf234fecffd-groupManagement] INFO  server.RaftServerConfigKeys (ConfUtils.java:logGet(46)) - raft.server.rpc.slowness.timeout = 300s (custom)
2023-08-31 18:18:36,821 [8ed59791-7601-47e5-a424-1bf234fecffd-groupManagement] INFO  server.RaftServerConfigKeys (ConfUtils.java:logGet(46)) - raft.server.leaderelection.leader.step-down.wait-time = 10s (default)
2023-08-31 18:18:36,822 [8ed59791-7601-47e5-a424-1bf234fecffd-groupManagement] INFO  server.RaftServerConfigKeys (ConfUtils.java:logGet(46)) - raft.server.sleep.deviation.threshold = 300ms (default)
2023-08-31 18:18:36,822 [8ed59791-7601-47e5-a424-1bf234fecffd-groupManagement] INFO  server.RaftServer$Division (ServerState.java:<init>(120)) - 8ed59791-7601-47e5-a424-1bf234fecffd@group-5C4AA5E3D544: ConfigurationManager, init=-1: peers:[55a42498-51b5-4c22-a6d0-b6e523d26bd9|rpc:10.1.0.8:15085|admin:10.1.0.8:15084|client:10.1.0.8:15083|dataStream:10.1.0.8:15086|priority:0|startupRole:FOLLOWER, 9837b75f-f89f-41e6-b8da-41fb6e633a75|rpc:10.1.0.8:15067|admin:10.1.0.8:15066|client:10.1.0.8:15065|dataStream:10.1.0.8:15068|priority:0|startupRole:FOLLOWER, 8ed59791-7601-47e5-a424-1bf234fecffd|rpc:10.1.0.8:15076|admin:10.1.0.8:15075|client:10.1.0.8:15074|dataStream:10.1.0.8:15077|priority:1|startupRole:FOLLOWER]|listeners:[], old=null, confs=<EMPTY_MAP>
2023-08-31 18:18:36,822 [8ed59791-7601-47e5-a424-1bf234fecffd-groupManagement] INFO  server.RaftServerConfigKeys (ConfUtils.java:logGet(46)) - raft.server.storage.dir = [/home/runner/work/ozone/ozone/hadoop-ozone/integration-test/target/test-dir/MiniOzoneClusterImpl-1f897967-a85f-45b1-932e-48a7a77b5829/datanode-1/data/ratis] (custom)
2023-08-31 18:18:36,822 [8ed59791-7601-47e5-a424-1bf234fecffd-groupManagement] INFO  server.RaftServerConfigKeys (ConfUtils.java:logGet(46)) - raft.server.log.corruption.policy = EXCEPTION (default)
2023-08-31 18:18:36,822 [8ed59791-7601-47e5-a424-1bf234fecffd-groupManagement] INFO  server.RaftServerConfigKeys (ConfUtils.java:logGet(46)) - raft.server.storage.free-space.min = 0MB (=0) (default)
2023-08-31 18:18:36,822 [8ed59791-7601-47e5-a424-1bf234fecffd-groupManagement] INFO  server.RaftServerConfigKeys (ConfUtils.java:logGet(46)) - raft.server.notification.no-leader.timeout = 300s (custom)
2023-08-31 18:18:36,822 [8ed59791-7601-47e5-a424-1bf234fecffd-groupManagement] INFO  server.RaftServerConfigKeys (ConfUtils.java:logGet(46)) - raft.server.read.timeout = 10s (default)
2023-08-31 18:18:36,823 [8ed59791-7601-47e5-a424-1bf234fecffd-groupManagement] INFO  server.RaftServerConfigKeys (ConfUtils.java:logGet(46)) - raft.server.retrycache.expirytime = 600000ms (custom)
2023-08-31 18:18:36,823 [8ed59791-7601-47e5-a424-1bf234fecffd-groupManagement] INFO  server.RaftServerConfigKeys (ConfUtils.java:logGet(46)) - raft.server.retrycache.statistics.expirytime = 100μs (default)
2023-08-31 18:18:36,823 [8ed59791-7601-47e5-a424-1bf234fecffd-groupManagement] INFO  server.RaftServerConfigKeys (ConfUtils.java:logGet(46)) - raft.server.read.option = DEFAULT (default)
2023-08-31 18:18:36,824 [8ed59791-7601-47e5-a424-1bf234fecffd-groupManagement] INFO  server.RaftServerConfigKeys (ConfUtils.java:logGet(46)) - raft.server.rpc.request.timeout = 60s (custom)
2023-08-31 18:18:36,824 [8ed59791-7601-47e5-a424-1bf234fecffd-groupManagement] INFO  server.RaftServerConfigKeys (ConfUtils.java:logGet(46)) - raft.server.log.appender.install.snapshot.enabled = false (custom)
2023-08-31 18:18:36,824 [8ed59791-7601-47e5-a424-1bf234fecffd-groupManagement] INFO  server.RaftServerConfigKeys (ConfUtils.java:logGet(46)) - raft.server.threadpool.server.cached = true (default)
2023-08-31 18:18:36,824 [8ed59791-7601-47e5-a424-1bf234fecffd-groupManagement] INFO  server.RaftServerConfigKeys (ConfUtils.java:logGet(46)) - raft.server.threadpool.server.size = 0 (default)
2023-08-31 18:18:36,824 [8ed59791-7601-47e5-a424-1bf234fecffd-groupManagement] INFO  server.RaftServerConfigKeys (ConfUtils.java:logGet(46)) - raft.server.threadpool.client.cached = true (default)
2023-08-31 18:18:36,824 [8ed59791-7601-47e5-a424-1bf234fecffd-groupManagement] INFO  server.RaftServerConfigKeys (ConfUtils.java:logGet(46)) - raft.server.threadpool.client.size = 0 (default)
2023-08-31 18:18:36,824 [8ed59791-7601-47e5-a424-1bf234fecffd-groupManagement] INFO  storage.RaftStorageDirectory (RaftStorageDirectoryImpl.java:analyzeStorage(137)) - The storage directory /home/runner/work/ozone/ozone/hadoop-ozone/integration-test/target/test-dir/MiniOzoneClusterImpl-1f897967-a85f-45b1-932e-48a7a77b5829/datanode-1/data/ratis/517282be-c288-4288-bdea-5c4aa5e3d544 does not exist. Creating ...
2023-08-31 18:18:36,826 [8ed59791-7601-47e5-a424-1bf234fecffd-groupManagement] INFO  storage.RaftStorageDirectory (RaftStorageDirectoryImpl.java:tryLock(231)) - Lock on /home/runner/work/ozone/ozone/hadoop-ozone/integration-test/target/test-dir/MiniOzoneClusterImpl-1f897967-a85f-45b1-932e-48a7a77b5829/datanode-1/data/ratis/517282be-c288-4288-bdea-5c4aa5e3d544/in_use.lock acquired by nodename 61743@fv-az1129-899
2023-08-31 18:18:36,829 [8ed59791-7601-47e5-a424-1bf234fecffd-groupManagement] INFO  storage.RaftStorage (RaftStorageImpl.java:format(96)) - Storage directory /home/runner/work/ozone/ozone/hadoop-ozone/integration-test/target/test-dir/MiniOzoneClusterImpl-1f897967-a85f-45b1-932e-48a7a77b5829/datanode-1/data/ratis/517282be-c288-4288-bdea-5c4aa5e3d544 has been successfully formatted.
2023-08-31 18:18:36,829 [8ed59791-7601-47e5-a424-1bf234fecffd-groupManagement] INFO  ratis.ContainerStateMachine (ContainerStateMachine.java:loadSnapshot(262)) - group-5C4AA5E3D544: The snapshot info is null. Setting the last applied indexto:(t:0, i:~)
2023-08-31 18:18:36,829 [8ed59791-7601-47e5-a424-1bf234fecffd-groupManagement] INFO  server.RaftServerConfigKeys (ConfUtils.java:logGet(46)) - raft.server.log.use.memory = false (default)
2023-08-31 18:18:36,829 [8ed59791-7601-47e5-a424-1bf234fecffd-groupManagement] INFO  server.RaftServerConfigKeys (ConfUtils.java:logGet(46)) - raft.server.log.purge.gap = 1000000 (custom)
2023-08-31 18:18:36,829 [8ed59791-7601-47e5-a424-1bf234fecffd-groupManagement] INFO  server.RaftServerConfigKeys (ConfUtils.java:logGet(46)) - raft.server.log.appender.buffer.byte-limit = 33554432 (custom)
2023-08-31 18:18:36,829 [8ed59791-7601-47e5-a424-1bf234fecffd-groupManagement] INFO  server.RaftServerConfigKeys (ConfUtils.java:logGet(46)) - raft.server.log.statemachine.data.read.timeout = 1000ms (default)
2023-08-31 18:18:36,831 [8ed59791-7601-47e5-a424-1bf234fecffd-groupManagement] INFO  server.RaftServerConfigKeys (ConfUtils.java:logGet(46)) - raft.server.log.purge.preservation.log.num = 0 (default)
2023-08-31 18:18:36,831 [8ed59791-7601-47e5-a424-1bf234fecffd-groupManagement] INFO  server.RaftServerConfigKeys (ConfUtils.java:logGet(46)) - raft.server.log.segment.size.max = 1048576 (custom)
2023-08-31 18:18:36,985 [JvmPauseMonitor11] WARN  util.JvmPauseMonitor (JvmPauseMonitor.java:detectPause(124)) - JvmPauseMonitor-55a42498-51b5-4c22-a6d0-b6e523d26bd9: Detected pause in JVM or host machine approximately 0.115s with 0.151s GC time.
GC pool 'PS Scavenge' had collection(s): count=1 time=151ms
2023-08-31 18:18:36,985 [PipelineCommandHandlerThread-0] INFO  server.RaftServer (RaftServerProxy.java:addNew(98)) - 8ed59791-7601-47e5-a424-1bf234fecffd: addNew group-6AF54DD69401:[8ed59791-7601-47e5-a424-1bf234fecffd|rpc:10.1.0.8:15076|admin:10.1.0.8:15075|client:10.1.0.8:15074|dataStream:10.1.0.8:15077|priority:1|startupRole:FOLLOWER] returns group-6AF54DD69401:java.util.concurrent.CompletableFuture@47ccd07f[Not completed]
2023-08-31 18:18:36,986 [8ed59791-7601-47e5-a424-1bf234fecffd-groupManagement] INFO  server.RaftServerConfigKeys (ConfUtils.java:logGet(46)) - raft.server.log.segment.cache.num.max = 2 (custom)
2023-08-31 18:18:36,986 [8ed59791-7601-47e5-a424-1bf234fecffd-groupManagement] INFO  server.RaftServerConfigKeys (ConfUtils.java:logGet(46)) - raft.server.log.segment.cache.size.max = 200MB (=209715200) (default)
2023-08-31 18:18:36,986 [8ed59791-7601-47e5-a424-1bf234fecffd-groupManagement] INFO  server.RaftServerConfigKeys (ConfUtils.java:logGet(46)) - raft.server.log.appender.buffer.byte-limit = 33554432 (custom)
2023-08-31 18:18:36,986 [8ed59791-7601-47e5-a424-1bf234fecffd-groupManagement] INFO  segmented.SegmentedRaftLogWorker (SegmentedRaftLogWorker.java:<init>(188)) - new 8ed59791-7601-47e5-a424-1bf234fecffd@group-5C4AA5E3D544-SegmentedRaftLogWorker for RaftStorageImpl:Storage Directory /home/runner/work/ozone/ozone/hadoop-ozone/integration-test/target/test-dir/MiniOzoneClusterImpl-1f897967-a85f-45b1-932e-48a7a77b5829/datanode-1/data/ratis/517282be-c288-4288-bdea-5c4aa5e3d544
2023-08-31 18:18:36,986 [8ed59791-7601-47e5-a424-1bf234fecffd-groupManagement] INFO  server.RaftServerConfigKeys (ConfUtils.java:logGet(46)) - raft.server.log.queue.byte-limit = 4294967296 (custom)
2023-08-31 18:18:36,986 [8ed59791-7601-47e5-a424-1bf234fecffd-groupManagement] INFO  server.RaftServerConfigKeys (ConfUtils.java:logGet(46)) - raft.server.log.queue.element-limit = 1024 (custom)
2023-08-31 18:18:36,986 [8ed59791-7601-47e5-a424-1bf234fecffd-groupManagement] INFO  server.RaftServerConfigKeys (ConfUtils.java:logGet(46)) - raft.server.log.segment.size.max = 1048576 (custom)
2023-08-31 18:18:36,986 [8ed59791-7601-47e5-a424-1bf234fecffd-groupManagement] INFO  server.RaftServerConfigKeys (ConfUtils.java:logGet(46)) - raft.server.log.preallocated.size = 16384 (custom)
2023-08-31 18:18:36,986 [8ed59791-7601-47e5-a424-1bf234fecffd-groupManagement] INFO  server.RaftServerConfigKeys (ConfUtils.java:logGet(46)) - raft.server.log.force.sync.num = 128 (default)
2023-08-31 18:18:36,986 [8ed59791-7601-47e5-a424-1bf234fecffd-groupManagement] INFO  server.RaftServerConfigKeys (ConfUtils.java:logGet(46)) - raft.server.log.statemachine.data.sync = true (default)
2023-08-31 18:18:36,987 [8ed59791-7601-47e5-a424-1bf234fecffd-groupManagement] INFO  server.RaftServerConfigKeys (ConfUtils.java:logGet(46)) - raft.server.log.statemachine.data.sync.timeout = 10s (default)
2023-08-31 18:18:36,987 [8ed59791-7601-47e5-a424-1bf234fecffd-groupManagement] INFO  server.RaftServerConfigKeys (ConfUtils.java:logGet(46)) - raft.server.log.statemachine.data.sync.timeout.retry = -1 (default)
2023-08-31 18:18:36,987 [8ed59791-7601-47e5-a424-1bf234fecffd-groupManagement] INFO  server.RaftServerConfigKeys (ConfUtils.java:logGet(46)) - raft.server.log.write.buffer.size = 1048576 (custom)
2023-08-31 18:18:36,992 [8ed59791-7601-47e5-a424-1bf234fecffd-groupManagement] INFO  server.RaftServerConfigKeys (ConfUtils.java:logGet(46)) - raft.server.log.appender.buffer.byte-limit = 33554432 (custom)
2023-08-31 18:18:37,003 [8ed59791-7601-47e5-a424-1bf234fecffd-groupManagement] INFO  server.RaftServerConfigKeys (ConfUtils.java:logGet(46)) - raft.server.log.unsafe-flush.enabled = false (default)
2023-08-31 18:18:37,003 [8ed59791-7601-47e5-a424-1bf234fecffd-groupManagement] INFO  server.RaftServerConfigKeys (ConfUtils.java:logGet(46)) - raft.server.log.async-flush.enabled = false (default)
2023-08-31 18:18:37,003 [8ed59791-7601-47e5-a424-1bf234fecffd-groupManagement] INFO  server.RaftServerConfigKeys (ConfUtils.java:logGet(46)) - raft.server.log.statemachine.data.caching.enabled = true (custom)
2023-08-31 18:18:37,003 [8ed59791-7601-47e5-a424-1bf234fecffd-groupManagement] INFO  segmented.SegmentedRaftLogWorker (SegmentedRaftLogWorker.java:lambda$new$0(135)) - 8ed59791-7601-47e5-a424-1bf234fecffd@group-5C4AA5E3D544-SegmentedRaftLogWorker: flushIndex: setUnconditionally 0 -> -1
2023-08-31 18:18:37,003 [8ed59791-7601-47e5-a424-1bf234fecffd-groupManagement] INFO  segmented.SegmentedRaftLogWorker (SegmentedRaftLogWorker.java:lambda$new$0(135)) - 8ed59791-7601-47e5-a424-1bf234fecffd@group-5C4AA5E3D544-SegmentedRaftLogWorker: safeCacheEvictIndex: setUnconditionally 0 -> -1
2023-08-31 18:18:37,004 [8ed59791-7601-47e5-a424-1bf234fecffd-groupManagement] INFO  server.RaftServer$Division (RaftServerImpl.java:start(342)) - 8ed59791-7601-47e5-a424-1bf234fecffd@group-5C4AA5E3D544: start as a follower, conf=-1: peers:[55a42498-51b5-4c22-a6d0-b6e523d26bd9|rpc:10.1.0.8:15085|admin:10.1.0.8:15084|client:10.1.0.8:15083|dataStream:10.1.0.8:15086|priority:0|startupRole:FOLLOWER, 9837b75f-f89f-41e6-b8da-41fb6e633a75|rpc:10.1.0.8:15067|admin:10.1.0.8:15066|client:10.1.0.8:15065|dataStream:10.1.0.8:15068|priority:0|startupRole:FOLLOWER, 8ed59791-7601-47e5-a424-1bf234fecffd|rpc:10.1.0.8:15076|admin:10.1.0.8:15075|client:10.1.0.8:15074|dataStream:10.1.0.8:15077|priority:1|startupRole:FOLLOWER]|listeners:[], old=null
2023-08-31 18:18:37,004 [8ed59791-7601-47e5-a424-1bf234fecffd-groupManagement] INFO  server.RaftServer$Division (RaftServerImpl.java:setRole(329)) - 8ed59791-7601-47e5-a424-1bf234fecffd@group-5C4AA5E3D544: changes role from      null to FOLLOWER at term 0 for startAsFollower
2023-08-31 18:18:37,004 [8ed59791-7601-47e5-a424-1bf234fecffd-groupManagement] INFO  impl.RoleInfo (RoleInfo.java:updateAndGet(139)) - 8ed59791-7601-47e5-a424-1bf234fecffd: start 8ed59791-7601-47e5-a424-1bf234fecffd@group-5C4AA5E3D544-FollowerState
2023-08-31 18:18:37,006 [8ed59791-7601-47e5-a424-1bf234fecffd-groupManagement] INFO  util.JmxRegister (JmxRegister.java:tryRegister(44)) - Successfully registered JMX Bean with object name Ratis:service=RaftServer,group=group-5C4AA5E3D544,id=8ed59791-7601-47e5-a424-1bf234fecffd
2023-08-31 18:18:37,006 [8ed59791-7601-47e5-a424-1bf234fecffd-groupManagement] INFO  server.RaftServerConfigKeys (ConfUtils.java:logGet(46)) - raft.server.snapshot.auto.trigger.enabled = true (custom)
2023-08-31 18:18:37,006 [8ed59791-7601-47e5-a424-1bf234fecffd-groupManagement] INFO  server.RaftServerConfigKeys (ConfUtils.java:logGet(46)) - raft.server.snapshot.auto.trigger.threshold = 10000 (custom)
2023-08-31 18:18:37,007 [8ed59791-7601-47e5-a424-1bf234fecffd-groupManagement] INFO  server.RaftServerConfigKeys (ConfUtils.java:logGet(46)) - raft.server.snapshot.retention.file.num = 5 (custom)
2023-08-31 18:18:37,007 [8ed59791-7601-47e5-a424-1bf234fecffd-groupManagement] INFO  server.RaftServerConfigKeys (ConfUtils.java:logGet(46)) - raft.server.log.purge.upto.snapshot.index = false (default)
2023-08-31 18:18:37,007 [8ed59791-7601-47e5-a424-1bf234fecffd@group-5C4AA5E3D544-FollowerState] INFO  server.RaftServerConfigKeys (ConfUtils.java:logFallback(53)) - raft.server.rpc.first-election.timeout.min = 5s (fallback to raft.server.rpc.timeout.min)
2023-08-31 18:18:37,007 [8ed59791-7601-47e5-a424-1bf234fecffd@group-5C4AA5E3D544-FollowerState] INFO  server.RaftServerConfigKeys (ConfUtils.java:logFallback(53)) - raft.server.rpc.first-election.timeout.max = 5200ms (fallback to raft.server.rpc.timeout.max)
2023-08-31 18:18:37,009 [8ed59791-7601-47e5-a424-1bf234fecffd-groupManagement] INFO  server.RaftServer$Division (RaftServerImpl.java:<init>(198)) - 8ed59791-7601-47e5-a424-1bf234fecffd: new RaftServerImpl for group-6AF54DD69401:[8ed59791-7601-47e5-a424-1bf234fecffd|rpc:10.1.0.8:15076|admin:10.1.0.8:15075|client:10.1.0.8:15074|dataStream:10.1.0.8:15077|priority:1|startupRole:FOLLOWER] with ContainerStateMachine:uninitialized
2023-08-31 18:18:37,009 [8ed59791-7601-47e5-a424-1bf234fecffd-groupManagement] INFO  server.RaftServerConfigKeys (ConfUtils.java:logGet(46)) - raft.server.rpc.timeout.min = 5s (custom)
2023-08-31 18:18:37,009 [8ed59791-7601-47e5-a424-1bf234fecffd-groupManagement] INFO  server.RaftServerConfigKeys (ConfUtils.java:logGet(46)) - raft.server.rpc.timeout.max = 5200ms (custom)
2023-08-31 18:18:37,009 [8ed59791-7601-47e5-a424-1bf234fecffd-groupManagement] INFO  server.RaftServerConfigKeys (ConfUtils.java:logGet(46)) - raft.server.rpc.sleep.time = 25ms (default)
2023-08-31 18:18:37,010 [8ed59791-7601-47e5-a424-1bf234fecffd-groupManagement] INFO  server.RaftServerConfigKeys (ConfUtils.java:logGet(46)) - raft.server.rpc.slowness.timeout = 300s (custom)
2023-08-31 18:18:37,010 [8ed59791-7601-47e5-a424-1bf234fecffd-groupManagement] INFO  server.RaftServerConfigKeys (ConfUtils.java:logGet(46)) - raft.server.leaderelection.leader.step-down.wait-time = 10s (default)
2023-08-31 18:18:37,010 [8ed59791-7601-47e5-a424-1bf234fecffd-groupManagement] INFO  server.RaftServerConfigKeys (ConfUtils.java:logGet(46)) - raft.server.sleep.deviation.threshold = 300ms (default)
2023-08-31 18:18:37,010 [8ed59791-7601-47e5-a424-1bf234fecffd-groupManagement] INFO  server.RaftServer$Division (ServerState.java:<init>(120)) - 8ed59791-7601-47e5-a424-1bf234fecffd@group-6AF54DD69401: ConfigurationManager, init=-1: peers:[8ed59791-7601-47e5-a424-1bf234fecffd|rpc:10.1.0.8:15076|admin:10.1.0.8:15075|client:10.1.0.8:15074|dataStream:10.1.0.8:15077|priority:1|startupRole:FOLLOWER]|listeners:[], old=null, confs=<EMPTY_MAP>
2023-08-31 18:18:37,010 [8ed59791-7601-47e5-a424-1bf234fecffd-groupManagement] INFO  server.RaftServerConfigKeys (ConfUtils.java:logGet(46)) - raft.server.storage.dir = [/home/runner/work/ozone/ozone/hadoop-ozone/integration-test/target/test-dir/MiniOzoneClusterImpl-1f897967-a85f-45b1-932e-48a7a77b5829/datanode-1/data/ratis] (custom)
2023-08-31 18:18:37,010 [8ed59791-7601-47e5-a424-1bf234fecffd-groupManagement] INFO  server.RaftServerConfigKeys (ConfUtils.java:logGet(46)) - raft.server.log.corruption.policy = EXCEPTION (default)
2023-08-31 18:18:37,010 [8ed59791-7601-47e5-a424-1bf234fecffd-groupManagement] INFO  server.RaftServerConfigKeys (ConfUtils.java:logGet(46)) - raft.server.storage.free-space.min = 0MB (=0) (default)
2023-08-31 18:18:37,010 [8ed59791-7601-47e5-a424-1bf234fecffd-groupManagement] INFO  server.RaftServerConfigKeys (ConfUtils.java:logGet(46)) - raft.server.notification.no-leader.timeout = 300s (custom)
2023-08-31 18:18:37,010 [8ed59791-7601-47e5-a424-1bf234fecffd-groupManagement] INFO  server.RaftServerConfigKeys (ConfUtils.java:logGet(46)) - raft.server.read.timeout = 10s (default)
2023-08-31 18:18:37,010 [8ed59791-7601-47e5-a424-1bf234fecffd-groupManagement] INFO  server.RaftServerConfigKeys (ConfUtils.java:logGet(46)) - raft.server.retrycache.expirytime = 600000ms (custom)
2023-08-31 18:18:37,010 [8ed59791-7601-47e5-a424-1bf234fecffd-groupManagement] INFO  server.RaftServerConfigKeys (ConfUtils.java:logGet(46)) - raft.server.retrycache.statistics.expirytime = 100μs (default)
2023-08-31 18:18:37,011 [8ed59791-7601-47e5-a424-1bf234fecffd-groupManagement] INFO  server.RaftServerConfigKeys (ConfUtils.java:logGet(46)) - raft.server.read.option = DEFAULT (default)
2023-08-31 18:18:37,011 [8ed59791-7601-47e5-a424-1bf234fecffd-groupManagement] INFO  server.RaftServerConfigKeys (ConfUtils.java:logGet(46)) - raft.server.rpc.request.timeout = 60s (custom)
2023-08-31 18:18:37,015 [main] INFO  ozone.MiniOzoneClusterImpl (MiniOzoneClusterImpl.java:lambda$waitForClusterToBeReady$0(224)) - Nodes are ready. Got 5 of 5 DN Heartbeats.
2023-08-31 18:18:37,015 [main] INFO  ozone.MiniOzoneClusterImpl (MiniOzoneClusterImpl.java:lambda$waitForClusterToBeReady$0(227)) - Waiting for cluster to exit safe mode
2023-08-31 18:18:37,015 [main] INFO  ozone.MiniOzoneClusterImpl (MiniOzoneClusterImpl.java:lambda$waitForClusterToBeReady$0(229)) - SCM became leader
2023-08-31 18:18:37,016 [8ed59791-7601-47e5-a424-1bf234fecffd-groupManagement] INFO  server.RaftServerConfigKeys (ConfUtils.java:logGet(46)) - raft.server.log.appender.install.snapshot.enabled = false (custom)
2023-08-31 18:18:37,017 [8ed59791-7601-47e5-a424-1bf234fecffd-groupManagement] INFO  server.RaftServerConfigKeys (ConfUtils.java:logGet(46)) - raft.server.threadpool.server.cached = true (default)
2023-08-31 18:18:37,017 [8ed59791-7601-47e5-a424-1bf234fecffd-groupManagement] INFO  server.RaftServerConfigKeys (ConfUtils.java:logGet(46)) - raft.server.threadpool.server.size = 0 (default)
2023-08-31 18:18:37,017 [8ed59791-7601-47e5-a424-1bf234fecffd-groupManagement] INFO  server.RaftServerConfigKeys (ConfUtils.java:logGet(46)) - raft.server.threadpool.client.cached = true (default)
2023-08-31 18:18:37,017 [8ed59791-7601-47e5-a424-1bf234fecffd-groupManagement] INFO  server.RaftServerConfigKeys (ConfUtils.java:logGet(46)) - raft.server.threadpool.client.size = 0 (default)
2023-08-31 18:18:37,017 [8ed59791-7601-47e5-a424-1bf234fecffd-groupManagement] INFO  storage.RaftStorageDirectory (RaftStorageDirectoryImpl.java:analyzeStorage(137)) - The storage directory /home/runner/work/ozone/ozone/hadoop-ozone/integration-test/target/test-dir/MiniOzoneClusterImpl-1f897967-a85f-45b1-932e-48a7a77b5829/datanode-1/data/ratis/123a13f7-a5ba-4e2d-9d45-6af54dd69401 does not exist. Creating ...
2023-08-31 18:18:37,019 [8ed59791-7601-47e5-a424-1bf234fecffd-groupManagement] INFO  storage.RaftStorageDirectory (RaftStorageDirectoryImpl.java:tryLock(231)) - Lock on /home/runner/work/ozone/ozone/hadoop-ozone/integration-test/target/test-dir/MiniOzoneClusterImpl-1f897967-a85f-45b1-932e-48a7a77b5829/datanode-1/data/ratis/123a13f7-a5ba-4e2d-9d45-6af54dd69401/in_use.lock acquired by nodename 61743@fv-az1129-899
2023-08-31 18:18:37,030 [8ed59791-7601-47e5-a424-1bf234fecffd-groupManagement] INFO  storage.RaftStorage (RaftStorageImpl.java:format(96)) - Storage directory /home/runner/work/ozone/ozone/hadoop-ozone/integration-test/target/test-dir/MiniOzoneClusterImpl-1f897967-a85f-45b1-932e-48a7a77b5829/datanode-1/data/ratis/123a13f7-a5ba-4e2d-9d45-6af54dd69401 has been successfully formatted.
2023-08-31 18:18:37,031 [8ed59791-7601-47e5-a424-1bf234fecffd-groupManagement] INFO  ratis.ContainerStateMachine (ContainerStateMachine.java:loadSnapshot(262)) - group-6AF54DD69401: The snapshot info is null. Setting the last applied indexto:(t:0, i:~)
2023-08-31 18:18:37,031 [8ed59791-7601-47e5-a424-1bf234fecffd-groupManagement] INFO  server.RaftServerConfigKeys (ConfUtils.java:logGet(46)) - raft.server.log.use.memory = false (default)
2023-08-31 18:18:37,031 [8ed59791-7601-47e5-a424-1bf234fecffd-groupManagement] INFO  server.RaftServerConfigKeys (ConfUtils.java:logGet(46)) - raft.server.log.purge.gap = 1000000 (custom)
2023-08-31 18:18:37,031 [8ed59791-7601-47e5-a424-1bf234fecffd-groupManagement] INFO  server.RaftServerConfigKeys (ConfUtils.java:logGet(46)) - raft.server.log.appender.buffer.byte-limit = 33554432 (custom)
2023-08-31 18:18:37,032 [8ed59791-7601-47e5-a424-1bf234fecffd-groupManagement] INFO  server.RaftServerConfigKeys (ConfUtils.java:logGet(46)) - raft.server.log.statemachine.data.read.timeout = 1000ms (default)
2023-08-31 18:18:37,032 [8ed59791-7601-47e5-a424-1bf234fecffd-groupManagement] INFO  server.RaftServerConfigKeys (ConfUtils.java:logGet(46)) - raft.server.log.purge.preservation.log.num = 0 (default)
2023-08-31 18:18:37,032 [8ed59791-7601-47e5-a424-1bf234fecffd-groupManagement] INFO  server.RaftServerConfigKeys (ConfUtils.java:logGet(46)) - raft.server.log.segment.size.max = 1048576 (custom)
2023-08-31 18:18:37,033 [8ed59791-7601-47e5-a424-1bf234fecffd-groupManagement] INFO  server.RaftServerConfigKeys (ConfUtils.java:logGet(46)) - raft.server.log.segment.cache.num.max = 2 (custom)
2023-08-31 18:18:37,033 [EventQueue-PipelineReportForPipelineReportHandler] INFO  pipeline.PipelineReportHandler (PipelineReportHandler.java:processPipelineReport(136)) - Opened pipeline PipelineID=123a13f7-a5ba-4e2d-9d45-6af54dd69401
2023-08-31 18:18:37,033 [8ed59791-7601-47e5-a424-1bf234fecffd-groupManagement] INFO  server.RaftServerConfigKeys (ConfUtils.java:logGet(46)) - raft.server.log.segment.cache.size.max = 200MB (=209715200) (default)
2023-08-31 18:18:37,033 [8ed59791-7601-47e5-a424-1bf234fecffd-groupManagement] INFO  server.RaftServerConfigKeys (ConfUtils.java:logGet(46)) - raft.server.log.appender.buffer.byte-limit = 33554432 (custom)
2023-08-31 18:18:37,033 [EventQueue-OpenPipelineForHealthyPipelineSafeModeRule] INFO  safemode.SCMSafeModeManager (HealthyPipelineSafeModeRule.java:process(137)) - SCM in safe mode. Healthy pipelines reported count is 0, required healthy pipeline reported count is 1
2023-08-31 18:18:37,033 [8ed59791-7601-47e5-a424-1bf234fecffd-groupManagement] INFO  segmented.SegmentedRaftLogWorker (SegmentedRaftLogWorker.java:<init>(188)) - new 8ed59791-7601-47e5-a424-1bf234fecffd@group-6AF54DD69401-SegmentedRaftLogWorker for RaftStorageImpl:Storage Directory /home/runner/work/ozone/ozone/hadoop-ozone/integration-test/target/test-dir/MiniOzoneClusterImpl-1f897967-a85f-45b1-932e-48a7a77b5829/datanode-1/data/ratis/123a13f7-a5ba-4e2d-9d45-6af54dd69401
2023-08-31 18:18:37,033 [8ed59791-7601-47e5-a424-1bf234fecffd-groupManagement] INFO  server.RaftServerConfigKeys (ConfUtils.java:logGet(46)) - raft.server.log.queue.byte-limit = 4294967296 (custom)
2023-08-31 18:18:37,034 [8ed59791-7601-47e5-a424-1bf234fecffd-groupManagement] INFO  server.RaftServerConfigKeys (ConfUtils.java:logGet(46)) - raft.server.log.queue.element-limit = 1024 (custom)
2023-08-31 18:18:37,034 [8ed59791-7601-47e5-a424-1bf234fecffd-groupManagement] INFO  server.RaftServerConfigKeys (ConfUtils.java:logGet(46)) - raft.server.log.segment.size.max = 1048576 (custom)
2023-08-31 18:18:37,034 [8ed59791-7601-47e5-a424-1bf234fecffd-groupManagement] INFO  server.RaftServerConfigKeys (ConfUtils.java:logGet(46)) - raft.server.log.preallocated.size = 16384 (custom)
2023-08-31 18:18:37,034 [8ed59791-7601-47e5-a424-1bf234fecffd-groupManagement] INFO  server.RaftServerConfigKeys (ConfUtils.java:logGet(46)) - raft.server.log.force.sync.num = 128 (default)
2023-08-31 18:18:37,034 [8ed59791-7601-47e5-a424-1bf234fecffd-groupManagement] INFO  server.RaftServerConfigKeys (ConfUtils.java:logGet(46)) - raft.server.log.statemachine.data.sync = true (default)
2023-08-31 18:18:37,034 [8ed59791-7601-47e5-a424-1bf234fecffd-groupManagement] INFO  server.RaftServerConfigKeys (ConfUtils.java:logGet(46)) - raft.server.log.statemachine.data.sync.timeout = 10s (default)
2023-08-31 18:18:37,034 [8ed59791-7601-47e5-a424-1bf234fecffd-groupManagement] INFO  server.RaftServerConfigKeys (ConfUtils.java:logGet(46)) - raft.server.log.statemachine.data.sync.timeout.retry = -1 (default)
2023-08-31 18:18:37,035 [8ed59791-7601-47e5-a424-1bf234fecffd-groupManagement] INFO  server.RaftServerConfigKeys (ConfUtils.java:logGet(46)) - raft.server.log.write.buffer.size = 1048576 (custom)
2023-08-31 18:18:37,035 [8ed59791-7601-47e5-a424-1bf234fecffd-groupManagement] INFO  server.RaftServerConfigKeys (ConfUtils.java:logGet(46)) - raft.server.log.appender.buffer.byte-limit = 33554432 (custom)
2023-08-31 18:18:37,046 [8ed59791-7601-47e5-a424-1bf234fecffd-groupManagement] INFO  server.RaftServerConfigKeys (ConfUtils.java:logGet(46)) - raft.server.log.unsafe-flush.enabled = false (default)
2023-08-31 18:18:37,047 [8ed59791-7601-47e5-a424-1bf234fecffd-groupManagement] INFO  server.RaftServerConfigKeys (ConfUtils.java:logGet(46)) - raft.server.log.async-flush.enabled = false (default)
2023-08-31 18:18:37,047 [8ed59791-7601-47e5-a424-1bf234fecffd-groupManagement] INFO  server.RaftServerConfigKeys (ConfUtils.java:logGet(46)) - raft.server.log.statemachine.data.caching.enabled = true (custom)
2023-08-31 18:18:37,047 [8ed59791-7601-47e5-a424-1bf234fecffd-groupManagement] INFO  segmented.SegmentedRaftLogWorker (SegmentedRaftLogWorker.java:lambda$new$0(135)) - 8ed59791-7601-47e5-a424-1bf234fecffd@group-6AF54DD69401-SegmentedRaftLogWorker: flushIndex: setUnconditionally 0 -> -1
2023-08-31 18:18:37,047 [8ed59791-7601-47e5-a424-1bf234fecffd-groupManagement] INFO  segmented.SegmentedRaftLogWorker (SegmentedRaftLogWorker.java:lambda$new$0(135)) - 8ed59791-7601-47e5-a424-1bf234fecffd@group-6AF54DD69401-SegmentedRaftLogWorker: safeCacheEvictIndex: setUnconditionally 0 -> -1
2023-08-31 18:18:37,059 [8ed59791-7601-47e5-a424-1bf234fecffd-groupManagement] INFO  server.RaftServer$Division (RaftServerImpl.java:start(342)) - 8ed59791-7601-47e5-a424-1bf234fecffd@group-6AF54DD69401: start as a follower, conf=-1: peers:[8ed59791-7601-47e5-a424-1bf234fecffd|rpc:10.1.0.8:15076|admin:10.1.0.8:15075|client:10.1.0.8:15074|dataStream:10.1.0.8:15077|priority:1|startupRole:FOLLOWER]|listeners:[], old=null
2023-08-31 18:18:37,060 [8ed59791-7601-47e5-a424-1bf234fecffd-groupManagement] INFO  server.RaftServer$Division (RaftServerImpl.java:setRole(329)) - 8ed59791-7601-47e5-a424-1bf234fecffd@group-6AF54DD69401: changes role from      null to FOLLOWER at term 0 for startAsFollower
2023-08-31 18:18:37,060 [8ed59791-7601-47e5-a424-1bf234fecffd-groupManagement] INFO  impl.RoleInfo (RoleInfo.java:updateAndGet(139)) - 8ed59791-7601-47e5-a424-1bf234fecffd: start 8ed59791-7601-47e5-a424-1bf234fecffd@group-6AF54DD69401-FollowerState
2023-08-31 18:18:37,064 [8ed59791-7601-47e5-a424-1bf234fecffd-groupManagement] INFO  util.JmxRegister (JmxRegister.java:tryRegister(44)) - Successfully registered JMX Bean with object name Ratis:service=RaftServer,group=group-6AF54DD69401,id=8ed59791-7601-47e5-a424-1bf234fecffd
2023-08-31 18:18:37,064 [8ed59791-7601-47e5-a424-1bf234fecffd-groupManagement] INFO  server.RaftServerConfigKeys (ConfUtils.java:logGet(46)) - raft.server.snapshot.auto.trigger.enabled = true (custom)
2023-08-31 18:18:37,065 [8ed59791-7601-47e5-a424-1bf234fecffd-groupManagement] INFO  server.RaftServerConfigKeys (ConfUtils.java:logGet(46)) - raft.server.snapshot.auto.trigger.threshold = 10000 (custom)
2023-08-31 18:18:37,065 [8ed59791-7601-47e5-a424-1bf234fecffd-groupManagement] INFO  server.RaftServerConfigKeys (ConfUtils.java:logGet(46)) - raft.server.snapshot.retention.file.num = 5 (custom)
2023-08-31 18:18:37,065 [8ed59791-7601-47e5-a424-1bf234fecffd-groupManagement] INFO  server.RaftServerConfigKeys (ConfUtils.java:logGet(46)) - raft.server.log.purge.upto.snapshot.index = false (default)
2023-08-31 18:18:37,065 [PipelineCommandHandlerThread-0] INFO  ratis.XceiverServerRatis (XceiverServerRatis.java:addGroup(804)) - Created group PipelineID=123a13f7-a5ba-4e2d-9d45-6af54dd69401
2023-08-31 18:18:37,065 [8ed59791-7601-47e5-a424-1bf234fecffd@group-6AF54DD69401-FollowerState] INFO  server.RaftServerConfigKeys (ConfUtils.java:logFallback(53)) - raft.server.rpc.first-election.timeout.min = 5s (fallback to raft.server.rpc.timeout.min)
2023-08-31 18:18:37,065 [PipelineCommandHandlerThread-0] INFO  commandhandler.CreatePipelineCommandHandler (CreatePipelineCommandHandler.java:lambda$handle$2(124)) - Created Pipeline RATIS ONE PipelineID=123a13f7-a5ba-4e2d-9d45-6af54dd69401.
2023-08-31 18:18:37,068 [8ed59791-7601-47e5-a424-1bf234fecffd@group-6AF54DD69401-FollowerState] INFO  server.RaftServerConfigKeys (ConfUtils.java:logFallback(53)) - raft.server.rpc.first-election.timeout.max = 5200ms (fallback to raft.server.rpc.timeout.max)
2023-08-31 18:18:37,070 [grpc-default-executor-0] INFO  server.RaftServer (RaftServerProxy.java:addNew(98)) - 55a42498-51b5-4c22-a6d0-b6e523d26bd9: addNew group-5C4AA5E3D544:[55a42498-51b5-4c22-a6d0-b6e523d26bd9|rpc:10.1.0.8:15085|admin:10.1.0.8:15084|client:10.1.0.8:15083|dataStream:10.1.0.8:15086|priority:0|startupRole:FOLLOWER, 9837b75f-f89f-41e6-b8da-41fb6e633a75|rpc:10.1.0.8:15067|admin:10.1.0.8:15066|client:10.1.0.8:15065|dataStream:10.1.0.8:15068|priority:0|startupRole:FOLLOWER, 8ed59791-7601-47e5-a424-1bf234fecffd|rpc:10.1.0.8:15076|admin:10.1.0.8:15075|client:10.1.0.8:15074|dataStream:10.1.0.8:15077|priority:1|startupRole:FOLLOWER] returns group-5C4AA5E3D544:java.util.concurrent.CompletableFuture@651b7a2d[Not completed]
2023-08-31 18:18:37,071 [55a42498-51b5-4c22-a6d0-b6e523d26bd9-groupManagement] INFO  server.RaftServer$Division (RaftServerImpl.java:<init>(198)) - 55a42498-51b5-4c22-a6d0-b6e523d26bd9: new RaftServerImpl for group-5C4AA5E3D544:[55a42498-51b5-4c22-a6d0-b6e523d26bd9|rpc:10.1.0.8:15085|admin:10.1.0.8:15084|client:10.1.0.8:15083|dataStream:10.1.0.8:15086|priority:0|startupRole:FOLLOWER, 9837b75f-f89f-41e6-b8da-41fb6e633a75|rpc:10.1.0.8:15067|admin:10.1.0.8:15066|client:10.1.0.8:15065|dataStream:10.1.0.8:15068|priority:0|startupRole:FOLLOWER, 8ed59791-7601-47e5-a424-1bf234fecffd|rpc:10.1.0.8:15076|admin:10.1.0.8:15075|client:10.1.0.8:15074|dataStream:10.1.0.8:15077|priority:1|startupRole:FOLLOWER] with ContainerStateMachine:uninitialized
2023-08-31 18:18:37,071 [55a42498-51b5-4c22-a6d0-b6e523d26bd9-groupManagement] INFO  server.RaftServerConfigKeys (ConfUtils.java:logGet(46)) - raft.server.rpc.timeout.min = 5s (custom)
2023-08-31 18:18:37,071 [55a42498-51b5-4c22-a6d0-b6e523d26bd9-groupManagement] INFO  server.RaftServerConfigKeys (ConfUtils.java:logGet(46)) - raft.server.rpc.timeout.max = 5200ms (custom)
2023-08-31 18:18:37,072 [55a42498-51b5-4c22-a6d0-b6e523d26bd9-groupManagement] INFO  server.RaftServerConfigKeys (ConfUtils.java:logGet(46)) - raft.server.rpc.sleep.time = 25ms (default)
2023-08-31 18:18:37,072 [55a42498-51b5-4c22-a6d0-b6e523d26bd9-groupManagement] INFO  server.RaftServerConfigKeys (ConfUtils.java:logGet(46)) - raft.server.rpc.slowness.timeout = 300s (custom)
2023-08-31 18:18:37,072 [55a42498-51b5-4c22-a6d0-b6e523d26bd9-groupManagement] INFO  server.RaftServerConfigKeys (ConfUtils.java:logGet(46)) - raft.server.leaderelection.leader.step-down.wait-time = 10s (default)
2023-08-31 18:18:37,072 [55a42498-51b5-4c22-a6d0-b6e523d26bd9-groupManagement] INFO  server.RaftServerConfigKeys (ConfUtils.java:logGet(46)) - raft.server.sleep.deviation.threshold = 300ms (default)
2023-08-31 18:18:37,072 [55a42498-51b5-4c22-a6d0-b6e523d26bd9-groupManagement] INFO  server.RaftServer$Division (ServerState.java:<init>(120)) - 55a42498-51b5-4c22-a6d0-b6e523d26bd9@group-5C4AA5E3D544: ConfigurationManager, init=-1: peers:[55a42498-51b5-4c22-a6d0-b6e523d26bd9|rpc:10.1.0.8:15085|admin:10.1.0.8:15084|client:10.1.0.8:15083|dataStream:10.1.0.8:15086|priority:0|startupRole:FOLLOWER, 9837b75f-f89f-41e6-b8da-41fb6e633a75|rpc:10.1.0.8:15067|admin:10.1.0.8:15066|client:10.1.0.8:15065|dataStream:10.1.0.8:15068|priority:0|startupRole:FOLLOWER, 8ed59791-7601-47e5-a424-1bf234fecffd|rpc:10.1.0.8:15076|admin:10.1.0.8:15075|client:10.1.0.8:15074|dataStream:10.1.0.8:15077|priority:1|startupRole:FOLLOWER]|listeners:[], old=null, confs=<EMPTY_MAP>
2023-08-31 18:18:37,072 [55a42498-51b5-4c22-a6d0-b6e523d26bd9-groupManagement] INFO  server.RaftServerConfigKeys (ConfUtils.java:logGet(46)) - raft.server.storage.dir = [/home/runner/work/ozone/ozone/hadoop-ozone/integration-test/target/test-dir/MiniOzoneClusterImpl-1f897967-a85f-45b1-932e-48a7a77b5829/datanode-2/data/ratis] (custom)
2023-08-31 18:18:37,072 [55a42498-51b5-4c22-a6d0-b6e523d26bd9-groupManagement] INFO  server.RaftServerConfigKeys (ConfUtils.java:logGet(46)) - raft.server.log.corruption.policy = EXCEPTION (default)
2023-08-31 18:18:37,072 [55a42498-51b5-4c22-a6d0-b6e523d26bd9-groupManagement] INFO  server.RaftServerConfigKeys (ConfUtils.java:logGet(46)) - raft.server.storage.free-space.min = 0MB (=0) (default)
2023-08-31 18:18:37,072 [55a42498-51b5-4c22-a6d0-b6e523d26bd9-groupManagement] INFO  server.RaftServerConfigKeys (ConfUtils.java:logGet(46)) - raft.server.notification.no-leader.timeout = 300s (custom)
2023-08-31 18:18:37,073 [55a42498-51b5-4c22-a6d0-b6e523d26bd9-groupManagement] INFO  server.RaftServerConfigKeys (ConfUtils.java:logGet(46)) - raft.server.read.timeout = 10s (default)
2023-08-31 18:18:37,073 [55a42498-51b5-4c22-a6d0-b6e523d26bd9-groupManagement] INFO  server.RaftServerConfigKeys (ConfUtils.java:logGet(46)) - raft.server.retrycache.expirytime = 600000ms (custom)
2023-08-31 18:18:37,073 [55a42498-51b5-4c22-a6d0-b6e523d26bd9-groupManagement] INFO  server.RaftServerConfigKeys (ConfUtils.java:logGet(46)) - raft.server.retrycache.statistics.expirytime = 100μs (default)
2023-08-31 18:18:37,073 [55a42498-51b5-4c22-a6d0-b6e523d26bd9-groupManagement] INFO  server.RaftServerConfigKeys (ConfUtils.java:logGet(46)) - raft.server.read.option = DEFAULT (default)
2023-08-31 18:18:37,074 [55a42498-51b5-4c22-a6d0-b6e523d26bd9-groupManagement] INFO  server.RaftServerConfigKeys (ConfUtils.java:logGet(46)) - raft.server.rpc.request.timeout = 60s (custom)
2023-08-31 18:18:37,074 [55a42498-51b5-4c22-a6d0-b6e523d26bd9-groupManagement] INFO  server.RaftServerConfigKeys (ConfUtils.java:logGet(46)) - raft.server.log.appender.install.snapshot.enabled = false (custom)
2023-08-31 18:18:37,074 [55a42498-51b5-4c22-a6d0-b6e523d26bd9-groupManagement] INFO  server.RaftServerConfigKeys (ConfUtils.java:logGet(46)) - raft.server.threadpool.server.cached = true (default)
2023-08-31 18:18:37,074 [55a42498-51b5-4c22-a6d0-b6e523d26bd9-groupManagement] INFO  server.RaftServerConfigKeys (ConfUtils.java:logGet(46)) - raft.server.threadpool.server.size = 0 (default)
2023-08-31 18:18:37,074 [55a42498-51b5-4c22-a6d0-b6e523d26bd9-groupManagement] INFO  server.RaftServerConfigKeys (ConfUtils.java:logGet(46)) - raft.server.threadpool.client.cached = true (default)
2023-08-31 18:18:37,074 [55a42498-51b5-4c22-a6d0-b6e523d26bd9-groupManagement] INFO  server.RaftServerConfigKeys (ConfUtils.java:logGet(46)) - raft.server.threadpool.client.size = 0 (default)
2023-08-31 18:18:37,074 [55a42498-51b5-4c22-a6d0-b6e523d26bd9-groupManagement] INFO  storage.RaftStorageDirectory (RaftStorageDirectoryImpl.java:analyzeStorage(137)) - The storage directory /home/runner/work/ozone/ozone/hadoop-ozone/integration-test/target/test-dir/MiniOzoneClusterImpl-1f897967-a85f-45b1-932e-48a7a77b5829/datanode-2/data/ratis/517282be-c288-4288-bdea-5c4aa5e3d544 does not exist. Creating ...
2023-08-31 18:18:37,076 [55a42498-51b5-4c22-a6d0-b6e523d26bd9-groupManagement] INFO  storage.RaftStorageDirectory (RaftStorageDirectoryImpl.java:tryLock(231)) - Lock on /home/runner/work/ozone/ozone/hadoop-ozone/integration-test/target/test-dir/MiniOzoneClusterImpl-1f897967-a85f-45b1-932e-48a7a77b5829/datanode-2/data/ratis/517282be-c288-4288-bdea-5c4aa5e3d544/in_use.lock acquired by nodename 61743@fv-az1129-899
2023-08-31 18:18:37,079 [55a42498-51b5-4c22-a6d0-b6e523d26bd9-groupManagement] INFO  storage.RaftStorage (RaftStorageImpl.java:format(96)) - Storage directory /home/runner/work/ozone/ozone/hadoop-ozone/integration-test/target/test-dir/MiniOzoneClusterImpl-1f897967-a85f-45b1-932e-48a7a77b5829/datanode-2/data/ratis/517282be-c288-4288-bdea-5c4aa5e3d544 has been successfully formatted.
2023-08-31 18:18:37,079 [55a42498-51b5-4c22-a6d0-b6e523d26bd9-groupManagement] INFO  ratis.ContainerStateMachine (ContainerStateMachine.java:loadSnapshot(262)) - group-5C4AA5E3D544: The snapshot info is null. Setting the last applied indexto:(t:0, i:~)
2023-08-31 18:18:37,079 [55a42498-51b5-4c22-a6d0-b6e523d26bd9-groupManagement] INFO  server.RaftServerConfigKeys (ConfUtils.java:logGet(46)) - raft.server.log.use.memory = false (default)
2023-08-31 18:18:37,079 [55a42498-51b5-4c22-a6d0-b6e523d26bd9-groupManagement] INFO  server.RaftServerConfigKeys (ConfUtils.java:logGet(46)) - raft.server.log.purge.gap = 1000000 (custom)
2023-08-31 18:18:37,079 [55a42498-51b5-4c22-a6d0-b6e523d26bd9-groupManagement] INFO  server.RaftServerConfigKeys (ConfUtils.java:logGet(46)) - raft.server.log.appender.buffer.byte-limit = 33554432 (custom)
2023-08-31 18:18:37,081 [55a42498-51b5-4c22-a6d0-b6e523d26bd9-groupManagement] INFO  server.RaftServerConfigKeys (ConfUtils.java:logGet(46)) - raft.server.log.statemachine.data.read.timeout = 1000ms (default)
2023-08-31 18:18:37,081 [55a42498-51b5-4c22-a6d0-b6e523d26bd9-groupManagement] INFO  server.RaftServerConfigKeys (ConfUtils.java:logGet(46)) - raft.server.log.purge.preservation.log.num = 0 (default)
2023-08-31 18:18:37,082 [55a42498-51b5-4c22-a6d0-b6e523d26bd9-groupManagement] INFO  server.RaftServerConfigKeys (ConfUtils.java:logGet(46)) - raft.server.log.segment.size.max = 1048576 (custom)
2023-08-31 18:18:37,082 [55a42498-51b5-4c22-a6d0-b6e523d26bd9-groupManagement] INFO  server.RaftServerConfigKeys (ConfUtils.java:logGet(46)) - raft.server.log.segment.cache.num.max = 2 (custom)
2023-08-31 18:18:37,082 [55a42498-51b5-4c22-a6d0-b6e523d26bd9-groupManagement] INFO  server.RaftServerConfigKeys (ConfUtils.java:logGet(46)) - raft.server.log.segment.cache.size.max = 200MB (=209715200) (default)
2023-08-31 18:18:37,082 [55a42498-51b5-4c22-a6d0-b6e523d26bd9-groupManagement] INFO  server.RaftServerConfigKeys (ConfUtils.java:logGet(46)) - raft.server.log.appender.buffer.byte-limit = 33554432 (custom)
2023-08-31 18:18:37,082 [55a42498-51b5-4c22-a6d0-b6e523d26bd9-groupManagement] INFO  segmented.SegmentedRaftLogWorker (SegmentedRaftLogWorker.java:<init>(188)) - new 55a42498-51b5-4c22-a6d0-b6e523d26bd9@group-5C4AA5E3D544-SegmentedRaftLogWorker for RaftStorageImpl:Storage Directory /home/runner/work/ozone/ozone/hadoop-ozone/integration-test/target/test-dir/MiniOzoneClusterImpl-1f897967-a85f-45b1-932e-48a7a77b5829/datanode-2/data/ratis/517282be-c288-4288-bdea-5c4aa5e3d544
2023-08-31 18:18:37,082 [55a42498-51b5-4c22-a6d0-b6e523d26bd9-groupManagement] INFO  server.RaftServerConfigKeys (ConfUtils.java:logGet(46)) - raft.server.log.queue.byte-limit = 4294967296 (custom)
2023-08-31 18:18:37,082 [55a42498-51b5-4c22-a6d0-b6e523d26bd9-groupManagement] INFO  server.RaftServerConfigKeys (ConfUtils.java:logGet(46)) - raft.server.log.queue.element-limit = 1024 (custom)
2023-08-31 18:18:37,082 [55a42498-51b5-4c22-a6d0-b6e523d26bd9-groupManagement] INFO  server.RaftServerConfigKeys (ConfUtils.java:logGet(46)) - raft.server.log.segment.size.max = 1048576 (custom)
2023-08-31 18:18:37,082 [55a42498-51b5-4c22-a6d0-b6e523d26bd9-groupManagement] INFO  server.RaftServerConfigKeys (ConfUtils.java:logGet(46)) - raft.server.log.preallocated.size = 16384 (custom)
2023-08-31 18:18:37,082 [55a42498-51b5-4c22-a6d0-b6e523d26bd9-groupManagement] INFO  server.RaftServerConfigKeys (ConfUtils.java:logGet(46)) - raft.server.log.force.sync.num = 128 (default)
2023-08-31 18:18:37,083 [55a42498-51b5-4c22-a6d0-b6e523d26bd9-groupManagement] INFO  server.RaftServerConfigKeys (ConfUtils.java:logGet(46)) - raft.server.log.statemachine.data.sync = true (default)
2023-08-31 18:18:37,083 [55a42498-51b5-4c22-a6d0-b6e523d26bd9-groupManagement] INFO  server.RaftServerConfigKeys (ConfUtils.java:logGet(46)) - raft.server.log.statemachine.data.sync.timeout = 10s (default)
2023-08-31 18:18:37,083 [55a42498-51b5-4c22-a6d0-b6e523d26bd9-groupManagement] INFO  server.RaftServerConfigKeys (ConfUtils.java:logGet(46)) - raft.server.log.statemachine.data.sync.timeout.retry = -1 (default)
2023-08-31 18:18:37,083 [55a42498-51b5-4c22-a6d0-b6e523d26bd9-groupManagement] INFO  server.RaftServerConfigKeys (ConfUtils.java:logGet(46)) - raft.server.log.write.buffer.size = 1048576 (custom)
2023-08-31 18:18:37,084 [55a42498-51b5-4c22-a6d0-b6e523d26bd9-groupManagement] INFO  server.RaftServerConfigKeys (ConfUtils.java:logGet(46)) - raft.server.log.appender.buffer.byte-limit = 33554432 (custom)
2023-08-31 18:18:37,090 [55a42498-51b5-4c22-a6d0-b6e523d26bd9-groupManagement] INFO  server.RaftServerConfigKeys (ConfUtils.java:logGet(46)) - raft.server.log.unsafe-flush.enabled = false (default)
2023-08-31 18:18:37,090 [55a42498-51b5-4c22-a6d0-b6e523d26bd9-groupManagement] INFO  server.RaftServerConfigKeys (ConfUtils.java:logGet(46)) - raft.server.log.async-flush.enabled = false (default)
2023-08-31 18:18:37,090 [55a42498-51b5-4c22-a6d0-b6e523d26bd9-groupManagement] INFO  server.RaftServerConfigKeys (ConfUtils.java:logGet(46)) - raft.server.log.statemachine.data.caching.enabled = true (custom)
2023-08-31 18:18:37,091 [55a42498-51b5-4c22-a6d0-b6e523d26bd9-groupManagement] INFO  segmented.SegmentedRaftLogWorker (SegmentedRaftLogWorker.java:lambda$new$0(135)) - 55a42498-51b5-4c22-a6d0-b6e523d26bd9@group-5C4AA5E3D544-SegmentedRaftLogWorker: flushIndex: setUnconditionally 0 -> -1
2023-08-31 18:18:37,091 [55a42498-51b5-4c22-a6d0-b6e523d26bd9-groupManagement] INFO  segmented.SegmentedRaftLogWorker (SegmentedRaftLogWorker.java:lambda$new$0(135)) - 55a42498-51b5-4c22-a6d0-b6e523d26bd9@group-5C4AA5E3D544-SegmentedRaftLogWorker: safeCacheEvictIndex: setUnconditionally 0 -> -1
2023-08-31 18:18:37,091 [55a42498-51b5-4c22-a6d0-b6e523d26bd9-groupManagement] INFO  server.RaftServer$Division (RaftServerImpl.java:start(342)) - 55a42498-51b5-4c22-a6d0-b6e523d26bd9@group-5C4AA5E3D544: start as a follower, conf=-1: peers:[55a42498-51b5-4c22-a6d0-b6e523d26bd9|rpc:10.1.0.8:15085|admin:10.1.0.8:15084|client:10.1.0.8:15083|dataStream:10.1.0.8:15086|priority:0|startupRole:FOLLOWER, 9837b75f-f89f-41e6-b8da-41fb6e633a75|rpc:10.1.0.8:15067|admin:10.1.0.8:15066|client:10.1.0.8:15065|dataStream:10.1.0.8:15068|priority:0|startupRole:FOLLOWER, 8ed59791-7601-47e5-a424-1bf234fecffd|rpc:10.1.0.8:15076|admin:10.1.0.8:15075|client:10.1.0.8:15074|dataStream:10.1.0.8:15077|priority:1|startupRole:FOLLOWER]|listeners:[], old=null
2023-08-31 18:18:37,091 [55a42498-51b5-4c22-a6d0-b6e523d26bd9-groupManagement] INFO  server.RaftServer$Division (RaftServerImpl.java:setRole(329)) - 55a42498-51b5-4c22-a6d0-b6e523d26bd9@group-5C4AA5E3D544: changes role from      null to FOLLOWER at term 0 for startAsFollower
2023-08-31 18:18:37,091 [55a42498-51b5-4c22-a6d0-b6e523d26bd9-groupManagement] INFO  impl.RoleInfo (RoleInfo.java:updateAndGet(139)) - 55a42498-51b5-4c22-a6d0-b6e523d26bd9: start 55a42498-51b5-4c22-a6d0-b6e523d26bd9@group-5C4AA5E3D544-FollowerState
2023-08-31 18:18:37,095 [55a42498-51b5-4c22-a6d0-b6e523d26bd9-groupManagement] INFO  util.JmxRegister (JmxRegister.java:tryRegister(44)) - Successfully registered JMX Bean with object name Ratis:service=RaftServer,group=group-5C4AA5E3D544,id=55a42498-51b5-4c22-a6d0-b6e523d26bd9
2023-08-31 18:18:37,095 [55a42498-51b5-4c22-a6d0-b6e523d26bd9-groupManagement] INFO  server.RaftServerConfigKeys (ConfUtils.java:logGet(46)) - raft.server.snapshot.auto.trigger.enabled = true (custom)
2023-08-31 18:18:37,095 [55a42498-51b5-4c22-a6d0-b6e523d26bd9-groupManagement] INFO  server.RaftServerConfigKeys (ConfUtils.java:logGet(46)) - raft.server.snapshot.auto.trigger.threshold = 10000 (custom)
2023-08-31 18:18:37,095 [55a42498-51b5-4c22-a6d0-b6e523d26bd9-groupManagement] INFO  server.RaftServerConfigKeys (ConfUtils.java:logGet(46)) - raft.server.snapshot.retention.file.num = 5 (custom)
2023-08-31 18:18:37,095 [55a42498-51b5-4c22-a6d0-b6e523d26bd9-groupManagement] INFO  server.RaftServerConfigKeys (ConfUtils.java:logGet(46)) - raft.server.log.purge.upto.snapshot.index = false (default)
2023-08-31 18:18:37,096 [55a42498-51b5-4c22-a6d0-b6e523d26bd9@group-5C4AA5E3D544-FollowerState] INFO  server.RaftServerConfigKeys (ConfUtils.java:logFallback(53)) - raft.server.rpc.first-election.timeout.min = 5s (fallback to raft.server.rpc.timeout.min)
2023-08-31 18:18:37,097 [55a42498-51b5-4c22-a6d0-b6e523d26bd9@group-5C4AA5E3D544-FollowerState] INFO  server.RaftServerConfigKeys (ConfUtils.java:logFallback(53)) - raft.server.rpc.first-election.timeout.max = 5200ms (fallback to raft.server.rpc.timeout.max)
2023-08-31 18:18:37,108 [PipelineCommandHandlerThread-0] INFO  commandhandler.CreatePipelineCommandHandler (CreatePipelineCommandHandler.java:lambda$handle$2(124)) - Created Pipeline RATIS THREE PipelineID=517282be-c288-4288-bdea-5c4aa5e3d544.
2023-08-31 18:18:37,295 [PipelineCommandHandlerThread-0] INFO  server.RaftServer (RaftServerProxy.java:addNew(98)) - 55a42498-51b5-4c22-a6d0-b6e523d26bd9: addNew group-F8076EFCF013:[55a42498-51b5-4c22-a6d0-b6e523d26bd9|rpc:10.1.0.8:15085|admin:10.1.0.8:15084|client:10.1.0.8:15083|dataStream:10.1.0.8:15086|priority:1|startupRole:FOLLOWER] returns group-F8076EFCF013:java.util.concurrent.CompletableFuture@3e06955e[Not completed]
2023-08-31 18:18:37,297 [55a42498-51b5-4c22-a6d0-b6e523d26bd9-groupManagement] INFO  server.RaftServer$Division (RaftServerImpl.java:<init>(198)) - 55a42498-51b5-4c22-a6d0-b6e523d26bd9: new RaftServerImpl for group-F8076EFCF013:[55a42498-51b5-4c22-a6d0-b6e523d26bd9|rpc:10.1.0.8:15085|admin:10.1.0.8:15084|client:10.1.0.8:15083|dataStream:10.1.0.8:15086|priority:1|startupRole:FOLLOWER] with ContainerStateMachine:uninitialized
2023-08-31 18:18:37,297 [55a42498-51b5-4c22-a6d0-b6e523d26bd9-groupManagement] INFO  server.RaftServerConfigKeys (ConfUtils.java:logGet(46)) - raft.server.rpc.timeout.min = 5s (custom)
2023-08-31 18:18:37,297 [55a42498-51b5-4c22-a6d0-b6e523d26bd9-groupManagement] INFO  server.RaftServerConfigKeys (ConfUtils.java:logGet(46)) - raft.server.rpc.timeout.max = 5200ms (custom)
2023-08-31 18:18:37,297 [55a42498-51b5-4c22-a6d0-b6e523d26bd9-groupManagement] INFO  server.RaftServerConfigKeys (ConfUtils.java:logGet(46)) - raft.server.rpc.sleep.time = 25ms (default)
2023-08-31 18:18:37,297 [55a42498-51b5-4c22-a6d0-b6e523d26bd9-groupManagement] INFO  server.RaftServerConfigKeys (ConfUtils.java:logGet(46)) - raft.server.rpc.slowness.timeout = 300s (custom)
2023-08-31 18:18:37,297 [55a42498-51b5-4c22-a6d0-b6e523d26bd9-groupManagement] INFO  server.RaftServerConfigKeys (ConfUtils.java:logGet(46)) - raft.server.leaderelection.leader.step-down.wait-time = 10s (default)
2023-08-31 18:18:37,297 [55a42498-51b5-4c22-a6d0-b6e523d26bd9-groupManagement] INFO  server.RaftServerConfigKeys (ConfUtils.java:logGet(46)) - raft.server.sleep.deviation.threshold = 300ms (default)
2023-08-31 18:18:37,297 [55a42498-51b5-4c22-a6d0-b6e523d26bd9-groupManagement] INFO  server.RaftServer$Division (ServerState.java:<init>(120)) - 55a42498-51b5-4c22-a6d0-b6e523d26bd9@group-F8076EFCF013: ConfigurationManager, init=-1: peers:[55a42498-51b5-4c22-a6d0-b6e523d26bd9|rpc:10.1.0.8:15085|admin:10.1.0.8:15084|client:10.1.0.8:15083|dataStream:10.1.0.8:15086|priority:1|startupRole:FOLLOWER]|listeners:[], old=null, confs=<EMPTY_MAP>
2023-08-31 18:18:37,297 [55a42498-51b5-4c22-a6d0-b6e523d26bd9-groupManagement] INFO  server.RaftServerConfigKeys (ConfUtils.java:logGet(46)) - raft.server.storage.dir = [/home/runner/work/ozone/ozone/hadoop-ozone/integration-test/target/test-dir/MiniOzoneClusterImpl-1f897967-a85f-45b1-932e-48a7a77b5829/datanode-2/data/ratis] (custom)
2023-08-31 18:18:37,298 [55a42498-51b5-4c22-a6d0-b6e523d26bd9-groupManagement] INFO  server.RaftServerConfigKeys (ConfUtils.java:logGet(46)) - raft.server.log.corruption.policy = EXCEPTION (default)
2023-08-31 18:18:37,298 [55a42498-51b5-4c22-a6d0-b6e523d26bd9-groupManagement] INFO  server.RaftServerConfigKeys (ConfUtils.java:logGet(46)) - raft.server.storage.free-space.min = 0MB (=0) (default)
2023-08-31 18:18:37,298 [55a42498-51b5-4c22-a6d0-b6e523d26bd9-groupManagement] INFO  server.RaftServerConfigKeys (ConfUtils.java:logGet(46)) - raft.server.notification.no-leader.timeout = 300s (custom)
2023-08-31 18:18:37,298 [55a42498-51b5-4c22-a6d0-b6e523d26bd9-groupManagement] INFO  server.RaftServerConfigKeys (ConfUtils.java:logGet(46)) - raft.server.read.timeout = 10s (default)
2023-08-31 18:18:37,298 [55a42498-51b5-4c22-a6d0-b6e523d26bd9-groupManagement] INFO  server.RaftServerConfigKeys (ConfUtils.java:logGet(46)) - raft.server.retrycache.expirytime = 600000ms (custom)
2023-08-31 18:18:37,298 [55a42498-51b5-4c22-a6d0-b6e523d26bd9-groupManagement] INFO  server.RaftServerConfigKeys (ConfUtils.java:logGet(46)) - raft.server.retrycache.statistics.expirytime = 100μs (default)
2023-08-31 18:18:37,298 [55a42498-51b5-4c22-a6d0-b6e523d26bd9-groupManagement] INFO  server.RaftServerConfigKeys (ConfUtils.java:logGet(46)) - raft.server.read.option = DEFAULT (default)
2023-08-31 18:18:37,299 [55a42498-51b5-4c22-a6d0-b6e523d26bd9-groupManagement] INFO  server.RaftServerConfigKeys (ConfUtils.java:logGet(46)) - raft.server.rpc.request.timeout = 60s (custom)
2023-08-31 18:18:37,299 [55a42498-51b5-4c22-a6d0-b6e523d26bd9-groupManagement] INFO  server.RaftServerConfigKeys (ConfUtils.java:logGet(46)) - raft.server.log.appender.install.snapshot.enabled = false (custom)
2023-08-31 18:18:37,299 [55a42498-51b5-4c22-a6d0-b6e523d26bd9-groupManagement] INFO  server.RaftServerConfigKeys (ConfUtils.java:logGet(46)) - raft.server.threadpool.server.cached = true (default)
2023-08-31 18:18:37,299 [55a42498-51b5-4c22-a6d0-b6e523d26bd9-groupManagement] INFO  server.RaftServerConfigKeys (ConfUtils.java:logGet(46)) - raft.server.threadpool.server.size = 0 (default)
2023-08-31 18:18:37,299 [55a42498-51b5-4c22-a6d0-b6e523d26bd9-groupManagement] INFO  server.RaftServerConfigKeys (ConfUtils.java:logGet(46)) - raft.server.threadpool.client.cached = true (default)
2023-08-31 18:18:37,299 [55a42498-51b5-4c22-a6d0-b6e523d26bd9-groupManagement] INFO  server.RaftServerConfigKeys (ConfUtils.java:logGet(46)) - raft.server.threadpool.client.size = 0 (default)
2023-08-31 18:18:37,300 [55a42498-51b5-4c22-a6d0-b6e523d26bd9-groupManagement] INFO  storage.RaftStorageDirectory (RaftStorageDirectoryImpl.java:analyzeStorage(137)) - The storage directory /home/runner/work/ozone/ozone/hadoop-ozone/integration-test/target/test-dir/MiniOzoneClusterImpl-1f897967-a85f-45b1-932e-48a7a77b5829/datanode-2/data/ratis/226b06c0-a77e-4589-971c-f8076efcf013 does not exist. Creating ...
2023-08-31 18:18:37,301 [55a42498-51b5-4c22-a6d0-b6e523d26bd9-groupManagement] INFO  storage.RaftStorageDirectory (RaftStorageDirectoryImpl.java:tryLock(231)) - Lock on /home/runner/work/ozone/ozone/hadoop-ozone/integration-test/target/test-dir/MiniOzoneClusterImpl-1f897967-a85f-45b1-932e-48a7a77b5829/datanode-2/data/ratis/226b06c0-a77e-4589-971c-f8076efcf013/in_use.lock acquired by nodename 61743@fv-az1129-899
2023-08-31 18:18:37,303 [55a42498-51b5-4c22-a6d0-b6e523d26bd9-groupManagement] INFO  storage.RaftStorage (RaftStorageImpl.java:format(96)) - Storage directory /home/runner/work/ozone/ozone/hadoop-ozone/integration-test/target/test-dir/MiniOzoneClusterImpl-1f897967-a85f-45b1-932e-48a7a77b5829/datanode-2/data/ratis/226b06c0-a77e-4589-971c-f8076efcf013 has been successfully formatted.
2023-08-31 18:18:37,304 [55a42498-51b5-4c22-a6d0-b6e523d26bd9-groupManagement] INFO  ratis.ContainerStateMachine (ContainerStateMachine.java:loadSnapshot(262)) - group-F8076EFCF013: The snapshot info is null. Setting the last applied indexto:(t:0, i:~)
2023-08-31 18:18:37,304 [55a42498-51b5-4c22-a6d0-b6e523d26bd9-groupManagement] INFO  server.RaftServerConfigKeys (ConfUtils.java:logGet(46)) - raft.server.log.use.memory = false (default)
2023-08-31 18:18:37,304 [55a42498-51b5-4c22-a6d0-b6e523d26bd9-groupManagement] INFO  server.RaftServerConfigKeys (ConfUtils.java:logGet(46)) - raft.server.log.purge.gap = 1000000 (custom)
2023-08-31 18:18:37,305 [55a42498-51b5-4c22-a6d0-b6e523d26bd9-groupManagement] INFO  server.RaftServerConfigKeys (ConfUtils.java:logGet(46)) - raft.server.log.appender.buffer.byte-limit = 33554432 (custom)
2023-08-31 18:18:37,305 [55a42498-51b5-4c22-a6d0-b6e523d26bd9-groupManagement] INFO  server.RaftServerConfigKeys (ConfUtils.java:logGet(46)) - raft.server.log.statemachine.data.read.timeout = 1000ms (default)
2023-08-31 18:18:37,305 [EventQueue-PipelineReportForPipelineReportHandler] INFO  pipeline.PipelineReportHandler (PipelineReportHandler.java:processPipelineReport(136)) - Opened pipeline PipelineID=226b06c0-a77e-4589-971c-f8076efcf013
2023-08-31 18:18:37,306 [EventQueue-OpenPipelineForHealthyPipelineSafeModeRule] INFO  safemode.SCMSafeModeManager (HealthyPipelineSafeModeRule.java:process(137)) - SCM in safe mode. Healthy pipelines reported count is 0, required healthy pipeline reported count is 1
2023-08-31 18:18:37,306 [55a42498-51b5-4c22-a6d0-b6e523d26bd9-groupManagement] INFO  server.RaftServerConfigKeys (ConfUtils.java:logGet(46)) - raft.server.log.purge.preservation.log.num = 0 (default)
2023-08-31 18:18:37,307 [55a42498-51b5-4c22-a6d0-b6e523d26bd9-groupManagement] INFO  server.RaftServerConfigKeys (ConfUtils.java:logGet(46)) - raft.server.log.segment.size.max = 1048576 (custom)
2023-08-31 18:18:37,307 [55a42498-51b5-4c22-a6d0-b6e523d26bd9-groupManagement] INFO  server.RaftServerConfigKeys (ConfUtils.java:logGet(46)) - raft.server.log.segment.cache.num.max = 2 (custom)
2023-08-31 18:18:37,307 [55a42498-51b5-4c22-a6d0-b6e523d26bd9-groupManagement] INFO  server.RaftServerConfigKeys (ConfUtils.java:logGet(46)) - raft.server.log.segment.cache.size.max = 200MB (=209715200) (default)
2023-08-31 18:18:37,307 [55a42498-51b5-4c22-a6d0-b6e523d26bd9-groupManagement] INFO  server.RaftServerConfigKeys (ConfUtils.java:logGet(46)) - raft.server.log.appender.buffer.byte-limit = 33554432 (custom)
2023-08-31 18:18:37,307 [55a42498-51b5-4c22-a6d0-b6e523d26bd9-groupManagement] INFO  segmented.SegmentedRaftLogWorker (SegmentedRaftLogWorker.java:<init>(188)) - new 55a42498-51b5-4c22-a6d0-b6e523d26bd9@group-F8076EFCF013-SegmentedRaftLogWorker for RaftStorageImpl:Storage Directory /home/runner/work/ozone/ozone/hadoop-ozone/integration-test/target/test-dir/MiniOzoneClusterImpl-1f897967-a85f-45b1-932e-48a7a77b5829/datanode-2/data/ratis/226b06c0-a77e-4589-971c-f8076efcf013
2023-08-31 18:18:37,307 [55a42498-51b5-4c22-a6d0-b6e523d26bd9-groupManagement] INFO  server.RaftServerConfigKeys (ConfUtils.java:logGet(46)) - raft.server.log.queue.byte-limit = 4294967296 (custom)
2023-08-31 18:18:37,307 [55a42498-51b5-4c22-a6d0-b6e523d26bd9-groupManagement] INFO  server.RaftServerConfigKeys (ConfUtils.java:logGet(46)) - raft.server.log.queue.element-limit = 1024 (custom)
2023-08-31 18:18:37,307 [55a42498-51b5-4c22-a6d0-b6e523d26bd9-groupManagement] INFO  server.RaftServerConfigKeys (ConfUtils.java:logGet(46)) - raft.server.log.segment.size.max = 1048576 (custom)
2023-08-31 18:18:37,307 [55a42498-51b5-4c22-a6d0-b6e523d26bd9-groupManagement] INFO  server.RaftServerConfigKeys (ConfUtils.java:logGet(46)) - raft.server.log.preallocated.size = 16384 (custom)
2023-08-31 18:18:37,307 [55a42498-51b5-4c22-a6d0-b6e523d26bd9-groupManagement] INFO  server.RaftServerConfigKeys (ConfUtils.java:logGet(46)) - raft.server.log.force.sync.num = 128 (default)
2023-08-31 18:18:37,307 [55a42498-51b5-4c22-a6d0-b6e523d26bd9-groupManagement] INFO  server.RaftServerConfigKeys (ConfUtils.java:logGet(46)) - raft.server.log.statemachine.data.sync = true (default)
2023-08-31 18:18:37,307 [55a42498-51b5-4c22-a6d0-b6e523d26bd9-groupManagement] INFO  server.RaftServerConfigKeys (ConfUtils.java:logGet(46)) - raft.server.log.statemachine.data.sync.timeout = 10s (default)
2023-08-31 18:18:37,308 [55a42498-51b5-4c22-a6d0-b6e523d26bd9-groupManagement] INFO  server.RaftServerConfigKeys (ConfUtils.java:logGet(46)) - raft.server.log.statemachine.data.sync.timeout.retry = -1 (default)
2023-08-31 18:18:37,308 [55a42498-51b5-4c22-a6d0-b6e523d26bd9-groupManagement] INFO  server.RaftServerConfigKeys (ConfUtils.java:logGet(46)) - raft.server.log.write.buffer.size = 1048576 (custom)
2023-08-31 18:18:37,309 [55a42498-51b5-4c22-a6d0-b6e523d26bd9-groupManagement] INFO  server.RaftServerConfigKeys (ConfUtils.java:logGet(46)) - raft.server.log.appender.buffer.byte-limit = 33554432 (custom)
2023-08-31 18:18:37,316 [55a42498-51b5-4c22-a6d0-b6e523d26bd9-groupManagement] INFO  server.RaftServerConfigKeys (ConfUtils.java:logGet(46)) - raft.server.log.unsafe-flush.enabled = false (default)
2023-08-31 18:18:37,316 [55a42498-51b5-4c22-a6d0-b6e523d26bd9-groupManagement] INFO  server.RaftServerConfigKeys (ConfUtils.java:logGet(46)) - raft.server.log.async-flush.enabled = false (default)
2023-08-31 18:18:37,316 [55a42498-51b5-4c22-a6d0-b6e523d26bd9-groupManagement] INFO  server.RaftServerConfigKeys (ConfUtils.java:logGet(46)) - raft.server.log.statemachine.data.caching.enabled = true (custom)
2023-08-31 18:18:37,316 [55a42498-51b5-4c22-a6d0-b6e523d26bd9-groupManagement] INFO  segmented.SegmentedRaftLogWorker (SegmentedRaftLogWorker.java:lambda$new$0(135)) - 55a42498-51b5-4c22-a6d0-b6e523d26bd9@group-F8076EFCF013-SegmentedRaftLogWorker: flushIndex: setUnconditionally 0 -> -1
2023-08-31 18:18:37,316 [55a42498-51b5-4c22-a6d0-b6e523d26bd9-groupManagement] INFO  segmented.SegmentedRaftLogWorker (SegmentedRaftLogWorker.java:lambda$new$0(135)) - 55a42498-51b5-4c22-a6d0-b6e523d26bd9@group-F8076EFCF013-SegmentedRaftLogWorker: safeCacheEvictIndex: setUnconditionally 0 -> -1
2023-08-31 18:18:37,316 [55a42498-51b5-4c22-a6d0-b6e523d26bd9-groupManagement] INFO  server.RaftServer$Division (RaftServerImpl.java:start(342)) - 55a42498-51b5-4c22-a6d0-b6e523d26bd9@group-F8076EFCF013: start as a follower, conf=-1: peers:[55a42498-51b5-4c22-a6d0-b6e523d26bd9|rpc:10.1.0.8:15085|admin:10.1.0.8:15084|client:10.1.0.8:15083|dataStream:10.1.0.8:15086|priority:1|startupRole:FOLLOWER]|listeners:[], old=null
2023-08-31 18:18:37,316 [55a42498-51b5-4c22-a6d0-b6e523d26bd9-groupManagement] INFO  server.RaftServer$Division (RaftServerImpl.java:setRole(329)) - 55a42498-51b5-4c22-a6d0-b6e523d26bd9@group-F8076EFCF013: changes role from      null to FOLLOWER at term 0 for startAsFollower
2023-08-31 18:18:37,316 [55a42498-51b5-4c22-a6d0-b6e523d26bd9-groupManagement] INFO  impl.RoleInfo (RoleInfo.java:updateAndGet(139)) - 55a42498-51b5-4c22-a6d0-b6e523d26bd9: start 55a42498-51b5-4c22-a6d0-b6e523d26bd9@group-F8076EFCF013-FollowerState
2023-08-31 18:18:37,317 [55a42498-51b5-4c22-a6d0-b6e523d26bd9-groupManagement] INFO  util.JmxRegister (JmxRegister.java:tryRegister(44)) - Successfully registered JMX Bean with object name Ratis:service=RaftServer,group=group-F8076EFCF013,id=55a42498-51b5-4c22-a6d0-b6e523d26bd9
2023-08-31 18:18:37,317 [55a42498-51b5-4c22-a6d0-b6e523d26bd9-groupManagement] INFO  server.RaftServerConfigKeys (ConfUtils.java:logGet(46)) - raft.server.snapshot.auto.trigger.enabled = true (custom)
2023-08-31 18:18:37,317 [55a42498-51b5-4c22-a6d0-b6e523d26bd9-groupManagement] INFO  server.RaftServerConfigKeys (ConfUtils.java:logGet(46)) - raft.server.snapshot.auto.trigger.threshold = 10000 (custom)
2023-08-31 18:18:37,317 [55a42498-51b5-4c22-a6d0-b6e523d26bd9-groupManagement] INFO  server.RaftServerConfigKeys (ConfUtils.java:logGet(46)) - raft.server.snapshot.retention.file.num = 5 (custom)
2023-08-31 18:18:37,317 [55a42498-51b5-4c22-a6d0-b6e523d26bd9-groupManagement] INFO  server.RaftServerConfigKeys (ConfUtils.java:logGet(46)) - raft.server.log.purge.upto.snapshot.index = false (default)
2023-08-31 18:18:37,317 [PipelineCommandHandlerThread-0] INFO  ratis.XceiverServerRatis (XceiverServerRatis.java:addGroup(804)) - Created group PipelineID=226b06c0-a77e-4589-971c-f8076efcf013
2023-08-31 18:18:37,318 [PipelineCommandHandlerThread-0] INFO  commandhandler.CreatePipelineCommandHandler (CreatePipelineCommandHandler.java:lambda$handle$2(124)) - Created Pipeline RATIS ONE PipelineID=226b06c0-a77e-4589-971c-f8076efcf013.
2023-08-31 18:18:37,318 [55a42498-51b5-4c22-a6d0-b6e523d26bd9@group-F8076EFCF013-FollowerState] INFO  server.RaftServerConfigKeys (ConfUtils.java:logFallback(53)) - raft.server.rpc.first-election.timeout.min = 5s (fallback to raft.server.rpc.timeout.min)
2023-08-31 18:18:37,318 [55a42498-51b5-4c22-a6d0-b6e523d26bd9@group-F8076EFCF013-FollowerState] INFO  server.RaftServerConfigKeys (ConfUtils.java:logFallback(53)) - raft.server.rpc.first-election.timeout.max = 5200ms (fallback to raft.server.rpc.timeout.max)
2023-08-31 18:18:37,657 [PipelineCommandHandlerThread-0] INFO  server.RaftServer (RaftServerProxy.java:addNew(98)) - 9288cb02-3403-47c3-90d0-5e59a32e5c49: addNew group-CAD8AE3CC7A4:[9288cb02-3403-47c3-90d0-5e59a32e5c49|rpc:10.1.0.8:15094|admin:10.1.0.8:15093|client:10.1.0.8:15092|dataStream:10.1.0.8:15095|priority:1|startupRole:FOLLOWER] returns group-CAD8AE3CC7A4:java.util.concurrent.CompletableFuture@29827c4a[Not completed]
2023-08-31 18:18:37,658 [9288cb02-3403-47c3-90d0-5e59a32e5c49-groupManagement] INFO  server.RaftServer$Division (RaftServerImpl.java:<init>(198)) - 9288cb02-3403-47c3-90d0-5e59a32e5c49: new RaftServerImpl for group-CAD8AE3CC7A4:[9288cb02-3403-47c3-90d0-5e59a32e5c49|rpc:10.1.0.8:15094|admin:10.1.0.8:15093|client:10.1.0.8:15092|dataStream:10.1.0.8:15095|priority:1|startupRole:FOLLOWER] with ContainerStateMachine:uninitialized
2023-08-31 18:18:37,659 [9288cb02-3403-47c3-90d0-5e59a32e5c49-groupManagement] INFO  server.RaftServerConfigKeys (ConfUtils.java:logGet(46)) - raft.server.rpc.timeout.min = 5s (custom)
2023-08-31 18:18:37,659 [9288cb02-3403-47c3-90d0-5e59a32e5c49-groupManagement] INFO  server.RaftServerConfigKeys (ConfUtils.java:logGet(46)) - raft.server.rpc.timeout.max = 5200ms (custom)
2023-08-31 18:18:37,659 [9288cb02-3403-47c3-90d0-5e59a32e5c49-groupManagement] INFO  server.RaftServerConfigKeys (ConfUtils.java:logGet(46)) - raft.server.rpc.sleep.time = 25ms (default)
2023-08-31 18:18:37,659 [9288cb02-3403-47c3-90d0-5e59a32e5c49-groupManagement] INFO  server.RaftServerConfigKeys (ConfUtils.java:logGet(46)) - raft.server.rpc.slowness.timeout = 300s (custom)
2023-08-31 18:18:37,659 [9288cb02-3403-47c3-90d0-5e59a32e5c49-groupManagement] INFO  server.RaftServerConfigKeys (ConfUtils.java:logGet(46)) - raft.server.leaderelection.leader.step-down.wait-time = 10s (default)
2023-08-31 18:18:37,659 [9288cb02-3403-47c3-90d0-5e59a32e5c49-groupManagement] INFO  server.RaftServerConfigKeys (ConfUtils.java:logGet(46)) - raft.server.sleep.deviation.threshold = 300ms (default)
2023-08-31 18:18:37,659 [9288cb02-3403-47c3-90d0-5e59a32e5c49-groupManagement] INFO  server.RaftServer$Division (ServerState.java:<init>(120)) - 9288cb02-3403-47c3-90d0-5e59a32e5c49@group-CAD8AE3CC7A4: ConfigurationManager, init=-1: peers:[9288cb02-3403-47c3-90d0-5e59a32e5c49|rpc:10.1.0.8:15094|admin:10.1.0.8:15093|client:10.1.0.8:15092|dataStream:10.1.0.8:15095|priority:1|startupRole:FOLLOWER]|listeners:[], old=null, confs=<EMPTY_MAP>
2023-08-31 18:18:37,659 [9288cb02-3403-47c3-90d0-5e59a32e5c49-groupManagement] INFO  server.RaftServerConfigKeys (ConfUtils.java:logGet(46)) - raft.server.storage.dir = [/home/runner/work/ozone/ozone/hadoop-ozone/integration-test/target/test-dir/MiniOzoneClusterImpl-1f897967-a85f-45b1-932e-48a7a77b5829/datanode-3/data/ratis] (custom)
2023-08-31 18:18:37,659 [9288cb02-3403-47c3-90d0-5e59a32e5c49-groupManagement] INFO  server.RaftServerConfigKeys (ConfUtils.java:logGet(46)) - raft.server.log.corruption.policy = EXCEPTION (default)
2023-08-31 18:18:37,659 [9288cb02-3403-47c3-90d0-5e59a32e5c49-groupManagement] INFO  server.RaftServerConfigKeys (ConfUtils.java:logGet(46)) - raft.server.storage.free-space.min = 0MB (=0) (default)
2023-08-31 18:18:37,660 [9288cb02-3403-47c3-90d0-5e59a32e5c49-groupManagement] INFO  server.RaftServerConfigKeys (ConfUtils.java:logGet(46)) - raft.server.notification.no-leader.timeout = 300s (custom)
2023-08-31 18:18:37,660 [9288cb02-3403-47c3-90d0-5e59a32e5c49-groupManagement] INFO  server.RaftServerConfigKeys (ConfUtils.java:logGet(46)) - raft.server.read.timeout = 10s (default)
2023-08-31 18:18:37,660 [9288cb02-3403-47c3-90d0-5e59a32e5c49-groupManagement] INFO  server.RaftServerConfigKeys (ConfUtils.java:logGet(46)) - raft.server.retrycache.expirytime = 600000ms (custom)
2023-08-31 18:18:37,660 [9288cb02-3403-47c3-90d0-5e59a32e5c49-groupManagement] INFO  server.RaftServerConfigKeys (ConfUtils.java:logGet(46)) - raft.server.retrycache.statistics.expirytime = 100μs (default)
2023-08-31 18:18:37,660 [9288cb02-3403-47c3-90d0-5e59a32e5c49-groupManagement] INFO  server.RaftServerConfigKeys (ConfUtils.java:logGet(46)) - raft.server.read.option = DEFAULT (default)
2023-08-31 18:18:37,665 [9288cb02-3403-47c3-90d0-5e59a32e5c49-groupManagement] INFO  server.RaftServerConfigKeys (ConfUtils.java:logGet(46)) - raft.server.rpc.request.timeout = 60s (custom)
2023-08-31 18:18:37,665 [9288cb02-3403-47c3-90d0-5e59a32e5c49-groupManagement] INFO  server.RaftServerConfigKeys (ConfUtils.java:logGet(46)) - raft.server.log.appender.install.snapshot.enabled = false (custom)
2023-08-31 18:18:37,665 [9288cb02-3403-47c3-90d0-5e59a32e5c49-groupManagement] INFO  server.RaftServerConfigKeys (ConfUtils.java:logGet(46)) - raft.server.threadpool.server.cached = true (default)
2023-08-31 18:18:37,665 [9288cb02-3403-47c3-90d0-5e59a32e5c49-groupManagement] INFO  server.RaftServerConfigKeys (ConfUtils.java:logGet(46)) - raft.server.threadpool.server.size = 0 (default)
2023-08-31 18:18:37,665 [9288cb02-3403-47c3-90d0-5e59a32e5c49-groupManagement] INFO  server.RaftServerConfigKeys (ConfUtils.java:logGet(46)) - raft.server.threadpool.client.cached = true (default)
2023-08-31 18:18:37,665 [9288cb02-3403-47c3-90d0-5e59a32e5c49-groupManagement] INFO  server.RaftServerConfigKeys (ConfUtils.java:logGet(46)) - raft.server.threadpool.client.size = 0 (default)
2023-08-31 18:18:37,665 [9288cb02-3403-47c3-90d0-5e59a32e5c49-groupManagement] INFO  storage.RaftStorageDirectory (RaftStorageDirectoryImpl.java:analyzeStorage(137)) - The storage directory /home/runner/work/ozone/ozone/hadoop-ozone/integration-test/target/test-dir/MiniOzoneClusterImpl-1f897967-a85f-45b1-932e-48a7a77b5829/datanode-3/data/ratis/9a9ef5bf-757a-4fb2-8d01-cad8ae3cc7a4 does not exist. Creating ...
2023-08-31 18:18:37,668 [9288cb02-3403-47c3-90d0-5e59a32e5c49-groupManagement] INFO  storage.RaftStorageDirectory (RaftStorageDirectoryImpl.java:tryLock(231)) - Lock on /home/runner/work/ozone/ozone/hadoop-ozone/integration-test/target/test-dir/MiniOzoneClusterImpl-1f897967-a85f-45b1-932e-48a7a77b5829/datanode-3/data/ratis/9a9ef5bf-757a-4fb2-8d01-cad8ae3cc7a4/in_use.lock acquired by nodename 61743@fv-az1129-899
2023-08-31 18:18:37,670 [9288cb02-3403-47c3-90d0-5e59a32e5c49-groupManagement] INFO  storage.RaftStorage (RaftStorageImpl.java:format(96)) - Storage directory /home/runner/work/ozone/ozone/hadoop-ozone/integration-test/target/test-dir/MiniOzoneClusterImpl-1f897967-a85f-45b1-932e-48a7a77b5829/datanode-3/data/ratis/9a9ef5bf-757a-4fb2-8d01-cad8ae3cc7a4 has been successfully formatted.
2023-08-31 18:18:37,673 [9288cb02-3403-47c3-90d0-5e59a32e5c49-groupManagement] INFO  ratis.ContainerStateMachine (ContainerStateMachine.java:loadSnapshot(262)) - group-CAD8AE3CC7A4: The snapshot info is null. Setting the last applied indexto:(t:0, i:~)
2023-08-31 18:18:37,674 [9288cb02-3403-47c3-90d0-5e59a32e5c49-groupManagement] INFO  server.RaftServerConfigKeys (ConfUtils.java:logGet(46)) - raft.server.log.use.memory = false (default)
2023-08-31 18:18:37,674 [EventQueue-PipelineReportForPipelineReportHandler] INFO  pipeline.PipelineReportHandler (PipelineReportHandler.java:processPipelineReport(136)) - Opened pipeline PipelineID=9a9ef5bf-757a-4fb2-8d01-cad8ae3cc7a4
2023-08-31 18:18:37,674 [9288cb02-3403-47c3-90d0-5e59a32e5c49-groupManagement] INFO  server.RaftServerConfigKeys (ConfUtils.java:logGet(46)) - raft.server.log.purge.gap = 1000000 (custom)
2023-08-31 18:18:37,674 [EventQueue-OpenPipelineForHealthyPipelineSafeModeRule] INFO  safemode.SCMSafeModeManager (HealthyPipelineSafeModeRule.java:process(137)) - SCM in safe mode. Healthy pipelines reported count is 0, required healthy pipeline reported count is 1
2023-08-31 18:18:37,674 [9288cb02-3403-47c3-90d0-5e59a32e5c49-groupManagement] INFO  server.RaftServerConfigKeys (ConfUtils.java:logGet(46)) - raft.server.log.appender.buffer.byte-limit = 33554432 (custom)
2023-08-31 18:18:37,675 [9288cb02-3403-47c3-90d0-5e59a32e5c49-groupManagement] INFO  server.RaftServerConfigKeys (ConfUtils.java:logGet(46)) - raft.server.log.statemachine.data.read.timeout = 1000ms (default)
2023-08-31 18:18:37,675 [9288cb02-3403-47c3-90d0-5e59a32e5c49-groupManagement] INFO  server.RaftServerConfigKeys (ConfUtils.java:logGet(46)) - raft.server.log.purge.preservation.log.num = 0 (default)
2023-08-31 18:18:37,675 [9288cb02-3403-47c3-90d0-5e59a32e5c49-groupManagement] INFO  server.RaftServerConfigKeys (ConfUtils.java:logGet(46)) - raft.server.log.segment.size.max = 1048576 (custom)
2023-08-31 18:18:37,676 [9288cb02-3403-47c3-90d0-5e59a32e5c49-groupManagement] INFO  server.RaftServerConfigKeys (ConfUtils.java:logGet(46)) - raft.server.log.segment.cache.num.max = 2 (custom)
2023-08-31 18:18:37,676 [9288cb02-3403-47c3-90d0-5e59a32e5c49-groupManagement] INFO  server.RaftServerConfigKeys (ConfUtils.java:logGet(46)) - raft.server.log.segment.cache.size.max = 200MB (=209715200) (default)
2023-08-31 18:18:37,676 [9288cb02-3403-47c3-90d0-5e59a32e5c49-groupManagement] INFO  server.RaftServerConfigKeys (ConfUtils.java:logGet(46)) - raft.server.log.appender.buffer.byte-limit = 33554432 (custom)
2023-08-31 18:18:37,677 [9288cb02-3403-47c3-90d0-5e59a32e5c49-groupManagement] INFO  segmented.SegmentedRaftLogWorker (SegmentedRaftLogWorker.java:<init>(188)) - new 9288cb02-3403-47c3-90d0-5e59a32e5c49@group-CAD8AE3CC7A4-SegmentedRaftLogWorker for RaftStorageImpl:Storage Directory /home/runner/work/ozone/ozone/hadoop-ozone/integration-test/target/test-dir/MiniOzoneClusterImpl-1f897967-a85f-45b1-932e-48a7a77b5829/datanode-3/data/ratis/9a9ef5bf-757a-4fb2-8d01-cad8ae3cc7a4
2023-08-31 18:18:37,677 [9288cb02-3403-47c3-90d0-5e59a32e5c49-groupManagement] INFO  server.RaftServerConfigKeys (ConfUtils.java:logGet(46)) - raft.server.log.queue.byte-limit = 4294967296 (custom)
2023-08-31 18:18:37,677 [9288cb02-3403-47c3-90d0-5e59a32e5c49-groupManagement] INFO  server.RaftServerConfigKeys (ConfUtils.java:logGet(46)) - raft.server.log.queue.element-limit = 1024 (custom)
2023-08-31 18:18:37,677 [9288cb02-3403-47c3-90d0-5e59a32e5c49-groupManagement] INFO  server.RaftServerConfigKeys (ConfUtils.java:logGet(46)) - raft.server.log.segment.size.max = 1048576 (custom)
2023-08-31 18:18:37,677 [9288cb02-3403-47c3-90d0-5e59a32e5c49-groupManagement] INFO  server.RaftServerConfigKeys (ConfUtils.java:logGet(46)) - raft.server.log.preallocated.size = 16384 (custom)
2023-08-31 18:18:37,677 [9288cb02-3403-47c3-90d0-5e59a32e5c49-groupManagement] INFO  server.RaftServerConfigKeys (ConfUtils.java:logGet(46)) - raft.server.log.force.sync.num = 128 (default)
2023-08-31 18:18:37,677 [9288cb02-3403-47c3-90d0-5e59a32e5c49-groupManagement] INFO  server.RaftServerConfigKeys (ConfUtils.java:logGet(46)) - raft.server.log.statemachine.data.sync = true (default)
2023-08-31 18:18:37,677 [9288cb02-3403-47c3-90d0-5e59a32e5c49-groupManagement] INFO  server.RaftServerConfigKeys (ConfUtils.java:logGet(46)) - raft.server.log.statemachine.data.sync.timeout = 10s (default)
2023-08-31 18:18:37,677 [9288cb02-3403-47c3-90d0-5e59a32e5c49-groupManagement] INFO  server.RaftServerConfigKeys (ConfUtils.java:logGet(46)) - raft.server.log.statemachine.data.sync.timeout.retry = -1 (default)
2023-08-31 18:18:37,678 [9288cb02-3403-47c3-90d0-5e59a32e5c49-groupManagement] INFO  server.RaftServerConfigKeys (ConfUtils.java:logGet(46)) - raft.server.log.write.buffer.size = 1048576 (custom)
2023-08-31 18:18:37,678 [9288cb02-3403-47c3-90d0-5e59a32e5c49-groupManagement] INFO  server.RaftServerConfigKeys (ConfUtils.java:logGet(46)) - raft.server.log.appender.buffer.byte-limit = 33554432 (custom)
2023-08-31 18:18:37,691 [9288cb02-3403-47c3-90d0-5e59a32e5c49-groupManagement] INFO  server.RaftServerConfigKeys (ConfUtils.java:logGet(46)) - raft.server.log.unsafe-flush.enabled = false (default)
2023-08-31 18:18:37,691 [9288cb02-3403-47c3-90d0-5e59a32e5c49-groupManagement] INFO  server.RaftServerConfigKeys (ConfUtils.java:logGet(46)) - raft.server.log.async-flush.enabled = false (default)
2023-08-31 18:18:37,691 [9288cb02-3403-47c3-90d0-5e59a32e5c49-groupManagement] INFO  server.RaftServerConfigKeys (ConfUtils.java:logGet(46)) - raft.server.log.statemachine.data.caching.enabled = true (custom)
2023-08-31 18:18:37,693 [9288cb02-3403-47c3-90d0-5e59a32e5c49-groupManagement] INFO  segmented.SegmentedRaftLogWorker (SegmentedRaftLogWorker.java:lambda$new$0(135)) - 9288cb02-3403-47c3-90d0-5e59a32e5c49@group-CAD8AE3CC7A4-SegmentedRaftLogWorker: flushIndex: setUnconditionally 0 -> -1
2023-08-31 18:18:37,693 [9288cb02-3403-47c3-90d0-5e59a32e5c49-groupManagement] INFO  segmented.SegmentedRaftLogWorker (SegmentedRaftLogWorker.java:lambda$new$0(135)) - 9288cb02-3403-47c3-90d0-5e59a32e5c49@group-CAD8AE3CC7A4-SegmentedRaftLogWorker: safeCacheEvictIndex: setUnconditionally 0 -> -1
2023-08-31 18:18:37,694 [9288cb02-3403-47c3-90d0-5e59a32e5c49-groupManagement] INFO  server.RaftServer$Division (RaftServerImpl.java:start(342)) - 9288cb02-3403-47c3-90d0-5e59a32e5c49@group-CAD8AE3CC7A4: start as a follower, conf=-1: peers:[9288cb02-3403-47c3-90d0-5e59a32e5c49|rpc:10.1.0.8:15094|admin:10.1.0.8:15093|client:10.1.0.8:15092|dataStream:10.1.0.8:15095|priority:1|startupRole:FOLLOWER]|listeners:[], old=null
2023-08-31 18:18:37,694 [9288cb02-3403-47c3-90d0-5e59a32e5c49-groupManagement] INFO  server.RaftServer$Division (RaftServerImpl.java:setRole(329)) - 9288cb02-3403-47c3-90d0-5e59a32e5c49@group-CAD8AE3CC7A4: changes role from      null to FOLLOWER at term 0 for startAsFollower
2023-08-31 18:18:37,694 [9288cb02-3403-47c3-90d0-5e59a32e5c49-groupManagement] INFO  impl.RoleInfo (RoleInfo.java:updateAndGet(139)) - 9288cb02-3403-47c3-90d0-5e59a32e5c49: start 9288cb02-3403-47c3-90d0-5e59a32e5c49@group-CAD8AE3CC7A4-FollowerState
2023-08-31 18:18:37,695 [9288cb02-3403-47c3-90d0-5e59a32e5c49@group-CAD8AE3CC7A4-FollowerState] INFO  server.RaftServerConfigKeys (ConfUtils.java:logFallback(53)) - raft.server.rpc.first-election.timeout.min = 5s (fallback to raft.server.rpc.timeout.min)
2023-08-31 18:18:37,695 [9288cb02-3403-47c3-90d0-5e59a32e5c49-groupManagement] INFO  util.JmxRegister (JmxRegister.java:tryRegister(44)) - Successfully registered JMX Bean with object name Ratis:service=RaftServer,group=group-CAD8AE3CC7A4,id=9288cb02-3403-47c3-90d0-5e59a32e5c49
2023-08-31 18:18:37,695 [9288cb02-3403-47c3-90d0-5e59a32e5c49@group-CAD8AE3CC7A4-FollowerState] INFO  server.RaftServerConfigKeys (ConfUtils.java:logFallback(53)) - raft.server.rpc.first-election.timeout.max = 5200ms (fallback to raft.server.rpc.timeout.max)
2023-08-31 18:18:37,695 [9288cb02-3403-47c3-90d0-5e59a32e5c49-groupManagement] INFO  server.RaftServerConfigKeys (ConfUtils.java:logGet(46)) - raft.server.snapshot.auto.trigger.enabled = true (custom)
2023-08-31 18:18:37,695 [9288cb02-3403-47c3-90d0-5e59a32e5c49-groupManagement] INFO  server.RaftServerConfigKeys (ConfUtils.java:logGet(46)) - raft.server.snapshot.auto.trigger.threshold = 10000 (custom)
2023-08-31 18:18:37,695 [9288cb02-3403-47c3-90d0-5e59a32e5c49-groupManagement] INFO  server.RaftServerConfigKeys (ConfUtils.java:logGet(46)) - raft.server.snapshot.retention.file.num = 5 (custom)
2023-08-31 18:18:37,695 [9288cb02-3403-47c3-90d0-5e59a32e5c49-groupManagement] INFO  server.RaftServerConfigKeys (ConfUtils.java:logGet(46)) - raft.server.log.purge.upto.snapshot.index = false (default)
2023-08-31 18:18:37,696 [PipelineCommandHandlerThread-0] INFO  ratis.XceiverServerRatis (XceiverServerRatis.java:addGroup(804)) - Created group PipelineID=9a9ef5bf-757a-4fb2-8d01-cad8ae3cc7a4
2023-08-31 18:18:37,696 [PipelineCommandHandlerThread-0] INFO  commandhandler.CreatePipelineCommandHandler (CreatePipelineCommandHandler.java:lambda$handle$2(124)) - Created Pipeline RATIS ONE PipelineID=9a9ef5bf-757a-4fb2-8d01-cad8ae3cc7a4.
2023-08-31 18:18:38,016 [PipelineCommandHandlerThread-0] INFO  server.RaftServer (RaftServerProxy.java:addNew(98)) - e76cb950-c142-4f99-9c9f-92ec0583573f: addNew group-61C8782AF807:[e76cb950-c142-4f99-9c9f-92ec0583573f|rpc:10.1.0.8:15103|admin:10.1.0.8:15102|client:10.1.0.8:15101|dataStream:10.1.0.8:15104|priority:1|startupRole:FOLLOWER] returns group-61C8782AF807:java.util.concurrent.CompletableFuture@571f5023[Not completed]
2023-08-31 18:18:38,016 [main] INFO  ozone.MiniOzoneClusterImpl (MiniOzoneClusterImpl.java:lambda$waitForClusterToBeReady$0(224)) - Nodes are ready. Got 5 of 5 DN Heartbeats.
2023-08-31 18:18:38,016 [main] INFO  ozone.MiniOzoneClusterImpl (MiniOzoneClusterImpl.java:lambda$waitForClusterToBeReady$0(227)) - Waiting for cluster to exit safe mode
2023-08-31 18:18:38,017 [main] INFO  ozone.MiniOzoneClusterImpl (MiniOzoneClusterImpl.java:lambda$waitForClusterToBeReady$0(229)) - SCM became leader
2023-08-31 18:18:38,018 [e76cb950-c142-4f99-9c9f-92ec0583573f-groupManagement] INFO  server.RaftServer$Division (RaftServerImpl.java:<init>(198)) - e76cb950-c142-4f99-9c9f-92ec0583573f: new RaftServerImpl for group-61C8782AF807:[e76cb950-c142-4f99-9c9f-92ec0583573f|rpc:10.1.0.8:15103|admin:10.1.0.8:15102|client:10.1.0.8:15101|dataStream:10.1.0.8:15104|priority:1|startupRole:FOLLOWER] with ContainerStateMachine:uninitialized
2023-08-31 18:18:38,018 [e76cb950-c142-4f99-9c9f-92ec0583573f-groupManagement] INFO  server.RaftServerConfigKeys (ConfUtils.java:logGet(46)) - raft.server.rpc.timeout.min = 5s (custom)
2023-08-31 18:18:38,018 [e76cb950-c142-4f99-9c9f-92ec0583573f-groupManagement] INFO  server.RaftServerConfigKeys (ConfUtils.java:logGet(46)) - raft.server.rpc.timeout.max = 5200ms (custom)
2023-08-31 18:18:38,018 [e76cb950-c142-4f99-9c9f-92ec0583573f-groupManagement] INFO  server.RaftServerConfigKeys (ConfUtils.java:logGet(46)) - raft.server.rpc.sleep.time = 25ms (default)
2023-08-31 18:18:38,018 [e76cb950-c142-4f99-9c9f-92ec0583573f-groupManagement] INFO  server.RaftServerConfigKeys (ConfUtils.java:logGet(46)) - raft.server.rpc.slowness.timeout = 300s (custom)
2023-08-31 18:18:38,018 [e76cb950-c142-4f99-9c9f-92ec0583573f-groupManagement] INFO  server.RaftServerConfigKeys (ConfUtils.java:logGet(46)) - raft.server.leaderelection.leader.step-down.wait-time = 10s (default)
2023-08-31 18:18:38,018 [e76cb950-c142-4f99-9c9f-92ec0583573f-groupManagement] INFO  server.RaftServerConfigKeys (ConfUtils.java:logGet(46)) - raft.server.sleep.deviation.threshold = 300ms (default)
2023-08-31 18:18:38,019 [e76cb950-c142-4f99-9c9f-92ec0583573f-groupManagement] INFO  server.RaftServer$Division (ServerState.java:<init>(120)) - e76cb950-c142-4f99-9c9f-92ec0583573f@group-61C8782AF807: ConfigurationManager, init=-1: peers:[e76cb950-c142-4f99-9c9f-92ec0583573f|rpc:10.1.0.8:15103|admin:10.1.0.8:15102|client:10.1.0.8:15101|dataStream:10.1.0.8:15104|priority:1|startupRole:FOLLOWER]|listeners:[], old=null, confs=<EMPTY_MAP>
2023-08-31 18:18:38,019 [e76cb950-c142-4f99-9c9f-92ec0583573f-groupManagement] INFO  server.RaftServerConfigKeys (ConfUtils.java:logGet(46)) - raft.server.storage.dir = [/home/runner/work/ozone/ozone/hadoop-ozone/integration-test/target/test-dir/MiniOzoneClusterImpl-1f897967-a85f-45b1-932e-48a7a77b5829/datanode-4/data/ratis] (custom)
2023-08-31 18:18:38,019 [e76cb950-c142-4f99-9c9f-92ec0583573f-groupManagement] INFO  server.RaftServerConfigKeys (ConfUtils.java:logGet(46)) - raft.server.log.corruption.policy = EXCEPTION (default)
2023-08-31 18:18:38,019 [e76cb950-c142-4f99-9c9f-92ec0583573f-groupManagement] INFO  server.RaftServerConfigKeys (ConfUtils.java:logGet(46)) - raft.server.storage.free-space.min = 0MB (=0) (default)
2023-08-31 18:18:38,020 [e76cb950-c142-4f99-9c9f-92ec0583573f-groupManagement] INFO  server.RaftServerConfigKeys (ConfUtils.java:logGet(46)) - raft.server.notification.no-leader.timeout = 300s (custom)
2023-08-31 18:18:38,020 [e76cb950-c142-4f99-9c9f-92ec0583573f-groupManagement] INFO  server.RaftServerConfigKeys (ConfUtils.java:logGet(46)) - raft.server.read.timeout = 10s (default)
2023-08-31 18:18:38,020 [e76cb950-c142-4f99-9c9f-92ec0583573f-groupManagement] INFO  server.RaftServerConfigKeys (ConfUtils.java:logGet(46)) - raft.server.retrycache.expirytime = 600000ms (custom)
2023-08-31 18:18:38,020 [e76cb950-c142-4f99-9c9f-92ec0583573f-groupManagement] INFO  server.RaftServerConfigKeys (ConfUtils.java:logGet(46)) - raft.server.retrycache.statistics.expirytime = 100μs (default)
2023-08-31 18:18:38,020 [e76cb950-c142-4f99-9c9f-92ec0583573f-groupManagement] INFO  server.RaftServerConfigKeys (ConfUtils.java:logGet(46)) - raft.server.read.option = DEFAULT (default)
2023-08-31 18:18:38,021 [e76cb950-c142-4f99-9c9f-92ec0583573f-groupManagement] INFO  server.RaftServerConfigKeys (ConfUtils.java:logGet(46)) - raft.server.rpc.request.timeout = 60s (custom)
2023-08-31 18:18:38,022 [e76cb950-c142-4f99-9c9f-92ec0583573f-groupManagement] INFO  server.RaftServerConfigKeys (ConfUtils.java:logGet(46)) - raft.server.log.appender.install.snapshot.enabled = false (custom)
2023-08-31 18:18:38,022 [e76cb950-c142-4f99-9c9f-92ec0583573f-groupManagement] INFO  server.RaftServerConfigKeys (ConfUtils.java:logGet(46)) - raft.server.threadpool.server.cached = true (default)
2023-08-31 18:18:38,022 [e76cb950-c142-4f99-9c9f-92ec0583573f-groupManagement] INFO  server.RaftServerConfigKeys (ConfUtils.java:logGet(46)) - raft.server.threadpool.server.size = 0 (default)
2023-08-31 18:18:38,022 [e76cb950-c142-4f99-9c9f-92ec0583573f-groupManagement] INFO  server.RaftServerConfigKeys (ConfUtils.java:logGet(46)) - raft.server.threadpool.client.cached = true (default)
2023-08-31 18:18:38,022 [e76cb950-c142-4f99-9c9f-92ec0583573f-groupManagement] INFO  server.RaftServerConfigKeys (ConfUtils.java:logGet(46)) - raft.server.threadpool.client.size = 0 (default)
2023-08-31 18:18:38,022 [e76cb950-c142-4f99-9c9f-92ec0583573f-groupManagement] INFO  storage.RaftStorageDirectory (RaftStorageDirectoryImpl.java:analyzeStorage(137)) - The storage directory /home/runner/work/ozone/ozone/hadoop-ozone/integration-test/target/test-dir/MiniOzoneClusterImpl-1f897967-a85f-45b1-932e-48a7a77b5829/datanode-4/data/ratis/7e90132f-a12c-40ff-9753-61c8782af807 does not exist. Creating ...
2023-08-31 18:18:38,024 [e76cb950-c142-4f99-9c9f-92ec0583573f-groupManagement] INFO  storage.RaftStorageDirectory (RaftStorageDirectoryImpl.java:tryLock(231)) - Lock on /home/runner/work/ozone/ozone/hadoop-ozone/integration-test/target/test-dir/MiniOzoneClusterImpl-1f897967-a85f-45b1-932e-48a7a77b5829/datanode-4/data/ratis/7e90132f-a12c-40ff-9753-61c8782af807/in_use.lock acquired by nodename 61743@fv-az1129-899
2023-08-31 18:18:38,027 [e76cb950-c142-4f99-9c9f-92ec0583573f-groupManagement] INFO  storage.RaftStorage (RaftStorageImpl.java:format(96)) - Storage directory /home/runner/work/ozone/ozone/hadoop-ozone/integration-test/target/test-dir/MiniOzoneClusterImpl-1f897967-a85f-45b1-932e-48a7a77b5829/datanode-4/data/ratis/7e90132f-a12c-40ff-9753-61c8782af807 has been successfully formatted.
2023-08-31 18:18:38,028 [e76cb950-c142-4f99-9c9f-92ec0583573f-groupManagement] INFO  ratis.ContainerStateMachine (ContainerStateMachine.java:loadSnapshot(262)) - group-61C8782AF807: The snapshot info is null. Setting the last applied indexto:(t:0, i:~)
2023-08-31 18:18:38,029 [e76cb950-c142-4f99-9c9f-92ec0583573f-groupManagement] INFO  server.RaftServerConfigKeys (ConfUtils.java:logGet(46)) - raft.server.log.use.memory = false (default)
2023-08-31 18:18:38,029 [e76cb950-c142-4f99-9c9f-92ec0583573f-groupManagement] INFO  server.RaftServerConfigKeys (ConfUtils.java:logGet(46)) - raft.server.log.purge.gap = 1000000 (custom)
2023-08-31 18:18:38,029 [e76cb950-c142-4f99-9c9f-92ec0583573f-groupManagement] INFO  server.RaftServerConfigKeys (ConfUtils.java:logGet(46)) - raft.server.log.appender.buffer.byte-limit = 33554432 (custom)
2023-08-31 18:18:38,029 [EventQueue-PipelineReportForPipelineReportHandler] INFO  pipeline.PipelineReportHandler (PipelineReportHandler.java:processPipelineReport(136)) - Opened pipeline PipelineID=7e90132f-a12c-40ff-9753-61c8782af807
2023-08-31 18:18:38,029 [e76cb950-c142-4f99-9c9f-92ec0583573f-groupManagement] INFO  server.RaftServerConfigKeys (ConfUtils.java:logGet(46)) - raft.server.log.statemachine.data.read.timeout = 1000ms (default)
2023-08-31 18:18:38,029 [e76cb950-c142-4f99-9c9f-92ec0583573f-groupManagement] INFO  server.RaftServerConfigKeys (ConfUtils.java:logGet(46)) - raft.server.log.purge.preservation.log.num = 0 (default)
2023-08-31 18:18:38,029 [EventQueue-OpenPipelineForHealthyPipelineSafeModeRule] INFO  safemode.SCMSafeModeManager (HealthyPipelineSafeModeRule.java:process(137)) - SCM in safe mode. Healthy pipelines reported count is 0, required healthy pipeline reported count is 1
2023-08-31 18:18:38,029 [e76cb950-c142-4f99-9c9f-92ec0583573f-groupManagement] INFO  server.RaftServerConfigKeys (ConfUtils.java:logGet(46)) - raft.server.log.segment.size.max = 1048576 (custom)
2023-08-31 18:18:38,030 [e76cb950-c142-4f99-9c9f-92ec0583573f-groupManagement] INFO  server.RaftServerConfigKeys (ConfUtils.java:logGet(46)) - raft.server.log.segment.cache.num.max = 2 (custom)
2023-08-31 18:18:38,030 [e76cb950-c142-4f99-9c9f-92ec0583573f-groupManagement] INFO  server.RaftServerConfigKeys (ConfUtils.java:logGet(46)) - raft.server.log.segment.cache.size.max = 200MB (=209715200) (default)
2023-08-31 18:18:38,030 [e76cb950-c142-4f99-9c9f-92ec0583573f-groupManagement] INFO  server.RaftServerConfigKeys (ConfUtils.java:logGet(46)) - raft.server.log.appender.buffer.byte-limit = 33554432 (custom)
2023-08-31 18:18:38,030 [e76cb950-c142-4f99-9c9f-92ec0583573f-groupManagement] INFO  segmented.SegmentedRaftLogWorker (SegmentedRaftLogWorker.java:<init>(188)) - new e76cb950-c142-4f99-9c9f-92ec0583573f@group-61C8782AF807-SegmentedRaftLogWorker for RaftStorageImpl:Storage Directory /home/runner/work/ozone/ozone/hadoop-ozone/integration-test/target/test-dir/MiniOzoneClusterImpl-1f897967-a85f-45b1-932e-48a7a77b5829/datanode-4/data/ratis/7e90132f-a12c-40ff-9753-61c8782af807
2023-08-31 18:18:38,030 [e76cb950-c142-4f99-9c9f-92ec0583573f-groupManagement] INFO  server.RaftServerConfigKeys (ConfUtils.java:logGet(46)) - raft.server.log.queue.byte-limit = 4294967296 (custom)
2023-08-31 18:18:38,030 [e76cb950-c142-4f99-9c9f-92ec0583573f-groupManagement] INFO  server.RaftServerConfigKeys (ConfUtils.java:logGet(46)) - raft.server.log.queue.element-limit = 1024 (custom)
2023-08-31 18:18:38,031 [e76cb950-c142-4f99-9c9f-92ec0583573f-groupManagement] INFO  server.RaftServerConfigKeys (ConfUtils.java:logGet(46)) - raft.server.log.segment.size.max = 1048576 (custom)
2023-08-31 18:18:38,031 [e76cb950-c142-4f99-9c9f-92ec0583573f-groupManagement] INFO  server.RaftServerConfigKeys (ConfUtils.java:logGet(46)) - raft.server.log.preallocated.size = 16384 (custom)
2023-08-31 18:18:38,031 [e76cb950-c142-4f99-9c9f-92ec0583573f-groupManagement] INFO  server.RaftServerConfigKeys (ConfUtils.java:logGet(46)) - raft.server.log.force.sync.num = 128 (default)
2023-08-31 18:18:38,031 [e76cb950-c142-4f99-9c9f-92ec0583573f-groupManagement] INFO  server.RaftServerConfigKeys (ConfUtils.java:logGet(46)) - raft.server.log.statemachine.data.sync = true (default)
2023-08-31 18:18:38,031 [e76cb950-c142-4f99-9c9f-92ec0583573f-groupManagement] INFO  server.RaftServerConfigKeys (ConfUtils.java:logGet(46)) - raft.server.log.statemachine.data.sync.timeout = 10s (default)
2023-08-31 18:18:38,031 [e76cb950-c142-4f99-9c9f-92ec0583573f-groupManagement] INFO  server.RaftServerConfigKeys (ConfUtils.java:logGet(46)) - raft.server.log.statemachine.data.sync.timeout.retry = -1 (default)
2023-08-31 18:18:38,032 [e76cb950-c142-4f99-9c9f-92ec0583573f-groupManagement] INFO  server.RaftServerConfigKeys (ConfUtils.java:logGet(46)) - raft.server.log.write.buffer.size = 1048576 (custom)
2023-08-31 18:18:38,033 [e76cb950-c142-4f99-9c9f-92ec0583573f-groupManagement] INFO  server.RaftServerConfigKeys (ConfUtils.java:logGet(46)) - raft.server.log.appender.buffer.byte-limit = 33554432 (custom)
2023-08-31 18:18:38,040 [e76cb950-c142-4f99-9c9f-92ec0583573f-groupManagement] INFO  server.RaftServerConfigKeys (ConfUtils.java:logGet(46)) - raft.server.log.unsafe-flush.enabled = false (default)
2023-08-31 18:18:38,040 [e76cb950-c142-4f99-9c9f-92ec0583573f-groupManagement] INFO  server.RaftServerConfigKeys (ConfUtils.java:logGet(46)) - raft.server.log.async-flush.enabled = false (default)
2023-08-31 18:18:38,040 [e76cb950-c142-4f99-9c9f-92ec0583573f-groupManagement] INFO  server.RaftServerConfigKeys (ConfUtils.java:logGet(46)) - raft.server.log.statemachine.data.caching.enabled = true (custom)
2023-08-31 18:18:38,040 [e76cb950-c142-4f99-9c9f-92ec0583573f-groupManagement] INFO  segmented.SegmentedRaftLogWorker (SegmentedRaftLogWorker.java:lambda$new$0(135)) - e76cb950-c142-4f99-9c9f-92ec0583573f@group-61C8782AF807-SegmentedRaftLogWorker: flushIndex: setUnconditionally 0 -> -1
2023-08-31 18:18:38,040 [e76cb950-c142-4f99-9c9f-92ec0583573f-groupManagement] INFO  segmented.SegmentedRaftLogWorker (SegmentedRaftLogWorker.java:lambda$new$0(135)) - e76cb950-c142-4f99-9c9f-92ec0583573f@group-61C8782AF807-SegmentedRaftLogWorker: safeCacheEvictIndex: setUnconditionally 0 -> -1
2023-08-31 18:18:38,040 [e76cb950-c142-4f99-9c9f-92ec0583573f-groupManagement] INFO  server.RaftServer$Division (RaftServerImpl.java:start(342)) - e76cb950-c142-4f99-9c9f-92ec0583573f@group-61C8782AF807: start as a follower, conf=-1: peers:[e76cb950-c142-4f99-9c9f-92ec0583573f|rpc:10.1.0.8:15103|admin:10.1.0.8:15102|client:10.1.0.8:15101|dataStream:10.1.0.8:15104|priority:1|startupRole:FOLLOWER]|listeners:[], old=null
2023-08-31 18:18:38,040 [e76cb950-c142-4f99-9c9f-92ec0583573f-groupManagement] INFO  server.RaftServer$Division (RaftServerImpl.java:setRole(329)) - e76cb950-c142-4f99-9c9f-92ec0583573f@group-61C8782AF807: changes role from      null to FOLLOWER at term 0 for startAsFollower
2023-08-31 18:18:38,040 [e76cb950-c142-4f99-9c9f-92ec0583573f-groupManagement] INFO  impl.RoleInfo (RoleInfo.java:updateAndGet(139)) - e76cb950-c142-4f99-9c9f-92ec0583573f: start e76cb950-c142-4f99-9c9f-92ec0583573f@group-61C8782AF807-FollowerState
2023-08-31 18:18:38,046 [e76cb950-c142-4f99-9c9f-92ec0583573f-groupManagement] INFO  util.JmxRegister (JmxRegister.java:tryRegister(44)) - Successfully registered JMX Bean with object name Ratis:service=RaftServer,group=group-61C8782AF807,id=e76cb950-c142-4f99-9c9f-92ec0583573f
2023-08-31 18:18:38,046 [e76cb950-c142-4f99-9c9f-92ec0583573f-groupManagement] INFO  server.RaftServerConfigKeys (ConfUtils.java:logGet(46)) - raft.server.snapshot.auto.trigger.enabled = true (custom)
2023-08-31 18:18:38,046 [e76cb950-c142-4f99-9c9f-92ec0583573f-groupManagement] INFO  server.RaftServerConfigKeys (ConfUtils.java:logGet(46)) - raft.server.snapshot.auto.trigger.threshold = 10000 (custom)
2023-08-31 18:18:38,046 [e76cb950-c142-4f99-9c9f-92ec0583573f-groupManagement] INFO  server.RaftServerConfigKeys (ConfUtils.java:logGet(46)) - raft.server.snapshot.retention.file.num = 5 (custom)
2023-08-31 18:18:38,046 [e76cb950-c142-4f99-9c9f-92ec0583573f-groupManagement] INFO  server.RaftServerConfigKeys (ConfUtils.java:logGet(46)) - raft.server.log.purge.upto.snapshot.index = false (default)
2023-08-31 18:18:38,047 [e76cb950-c142-4f99-9c9f-92ec0583573f@group-61C8782AF807-FollowerState] INFO  server.RaftServerConfigKeys (ConfUtils.java:logFallback(53)) - raft.server.rpc.first-election.timeout.min = 5s (fallback to raft.server.rpc.timeout.min)
2023-08-31 18:18:38,047 [e76cb950-c142-4f99-9c9f-92ec0583573f@group-61C8782AF807-FollowerState] INFO  server.RaftServerConfigKeys (ConfUtils.java:logFallback(53)) - raft.server.rpc.first-election.timeout.max = 5200ms (fallback to raft.server.rpc.timeout.max)
2023-08-31 18:18:38,048 [PipelineCommandHandlerThread-0] INFO  ratis.XceiverServerRatis (XceiverServerRatis.java:addGroup(804)) - Created group PipelineID=7e90132f-a12c-40ff-9753-61c8782af807
2023-08-31 18:18:38,048 [PipelineCommandHandlerThread-0] INFO  commandhandler.CreatePipelineCommandHandler (CreatePipelineCommandHandler.java:lambda$handle$2(124)) - Created Pipeline RATIS ONE PipelineID=7e90132f-a12c-40ff-9753-61c8782af807.
2023-08-31 18:18:39,017 [main] INFO  ozone.MiniOzoneClusterImpl (MiniOzoneClusterImpl.java:lambda$waitForClusterToBeReady$0(224)) - Nodes are ready. Got 5 of 5 DN Heartbeats.
2023-08-31 18:18:39,017 [main] INFO  ozone.MiniOzoneClusterImpl (MiniOzoneClusterImpl.java:lambda$waitForClusterToBeReady$0(227)) - Waiting for cluster to exit safe mode
2023-08-31 18:18:39,017 [main] INFO  ozone.MiniOzoneClusterImpl (MiniOzoneClusterImpl.java:lambda$waitForClusterToBeReady$0(229)) - SCM became leader
2023-08-31 18:18:40,018 [main] INFO  ozone.MiniOzoneClusterImpl (MiniOzoneClusterImpl.java:lambda$waitForClusterToBeReady$0(224)) - Nodes are ready. Got 5 of 5 DN Heartbeats.
2023-08-31 18:18:40,018 [main] INFO  ozone.MiniOzoneClusterImpl (MiniOzoneClusterImpl.java:lambda$waitForClusterToBeReady$0(227)) - Waiting for cluster to exit safe mode
2023-08-31 18:18:40,018 [main] INFO  ozone.MiniOzoneClusterImpl (MiniOzoneClusterImpl.java:lambda$waitForClusterToBeReady$0(229)) - SCM became leader
2023-08-31 18:18:41,018 [main] INFO  ozone.MiniOzoneClusterImpl (MiniOzoneClusterImpl.java:lambda$waitForClusterToBeReady$0(224)) - Nodes are ready. Got 5 of 5 DN Heartbeats.
2023-08-31 18:18:41,019 [main] INFO  ozone.MiniOzoneClusterImpl (MiniOzoneClusterImpl.java:lambda$waitForClusterToBeReady$0(227)) - Waiting for cluster to exit safe mode
2023-08-31 18:18:41,019 [main] INFO  ozone.MiniOzoneClusterImpl (MiniOzoneClusterImpl.java:lambda$waitForClusterToBeReady$0(229)) - SCM became leader
2023-08-31 18:18:41,690 [9837b75f-f89f-41e6-b8da-41fb6e633a75@group-6C981EB11288-FollowerState] INFO  impl.FollowerState (FollowerState.java:run(143)) - 9837b75f-f89f-41e6-b8da-41fb6e633a75@group-6C981EB11288-FollowerState: change to CANDIDATE, lastRpcElapsedTime:5069906572ns, electionTimeout:5065ms
2023-08-31 18:18:41,690 [9837b75f-f89f-41e6-b8da-41fb6e633a75@group-6C981EB11288-FollowerState] INFO  impl.RoleInfo (RoleInfo.java:shutdownFollowerState(110)) - 9837b75f-f89f-41e6-b8da-41fb6e633a75: shutdown 9837b75f-f89f-41e6-b8da-41fb6e633a75@group-6C981EB11288-FollowerState
2023-08-31 18:18:41,690 [9837b75f-f89f-41e6-b8da-41fb6e633a75@group-6C981EB11288-FollowerState] INFO  server.RaftServer$Division (RaftServerImpl.java:setRole(329)) - 9837b75f-f89f-41e6-b8da-41fb6e633a75@group-6C981EB11288: changes role from  FOLLOWER to CANDIDATE at term 0 for changeToCandidate
2023-08-31 18:18:41,691 [9837b75f-f89f-41e6-b8da-41fb6e633a75@group-6C981EB11288-FollowerState] INFO  server.RaftServerConfigKeys (ConfUtils.java:logGet(46)) - raft.server.leaderelection.pre-vote = true (default)
2023-08-31 18:18:41,691 [9837b75f-f89f-41e6-b8da-41fb6e633a75@group-6C981EB11288-FollowerState] INFO  impl.RoleInfo (RoleInfo.java:updateAndGet(139)) - 9837b75f-f89f-41e6-b8da-41fb6e633a75: start 9837b75f-f89f-41e6-b8da-41fb6e633a75@group-6C981EB11288-LeaderElection12
2023-08-31 18:18:41,696 [9837b75f-f89f-41e6-b8da-41fb6e633a75@group-6C981EB11288-LeaderElection12] INFO  impl.LeaderElection (LeaderElection.java:askForVotes(321)) - 9837b75f-f89f-41e6-b8da-41fb6e633a75@group-6C981EB11288-LeaderElection12 PRE_VOTE round 0: submit vote requests at term 0 for -1: peers:[9837b75f-f89f-41e6-b8da-41fb6e633a75|rpc:10.1.0.8:15067|admin:10.1.0.8:15066|client:10.1.0.8:15065|dataStream:10.1.0.8:15068|priority:1|startupRole:FOLLOWER]|listeners:[], old=null
2023-08-31 18:18:41,696 [9837b75f-f89f-41e6-b8da-41fb6e633a75@group-6C981EB11288-LeaderElection12] INFO  impl.LeaderElection (LeaderElection.java:askForVotes(323)) - 9837b75f-f89f-41e6-b8da-41fb6e633a75@group-6C981EB11288-LeaderElection12 PRE_VOTE round 0: result PASSED (term=0)
2023-08-31 18:18:41,699 [9837b75f-f89f-41e6-b8da-41fb6e633a75@group-6C981EB11288-LeaderElection12] INFO  impl.LeaderElection (LeaderElection.java:askForVotes(321)) - 9837b75f-f89f-41e6-b8da-41fb6e633a75@group-6C981EB11288-LeaderElection12 ELECTION round 0: submit vote requests at term 1 for -1: peers:[9837b75f-f89f-41e6-b8da-41fb6e633a75|rpc:10.1.0.8:15067|admin:10.1.0.8:15066|client:10.1.0.8:15065|dataStream:10.1.0.8:15068|priority:1|startupRole:FOLLOWER]|listeners:[], old=null
2023-08-31 18:18:41,699 [9837b75f-f89f-41e6-b8da-41fb6e633a75@group-6C981EB11288-LeaderElection12] INFO  impl.LeaderElection (LeaderElection.java:askForVotes(323)) - 9837b75f-f89f-41e6-b8da-41fb6e633a75@group-6C981EB11288-LeaderElection12 ELECTION round 0: result PASSED (term=1)
2023-08-31 18:18:41,699 [9837b75f-f89f-41e6-b8da-41fb6e633a75@group-6C981EB11288-LeaderElection12] INFO  impl.RoleInfo (RoleInfo.java:shutdownLeaderElection(130)) - 9837b75f-f89f-41e6-b8da-41fb6e633a75: shutdown 9837b75f-f89f-41e6-b8da-41fb6e633a75@group-6C981EB11288-LeaderElection12
2023-08-31 18:18:41,699 [9837b75f-f89f-41e6-b8da-41fb6e633a75@group-6C981EB11288-LeaderElection12] INFO  server.RaftServer$Division (RaftServerImpl.java:setRole(329)) - 9837b75f-f89f-41e6-b8da-41fb6e633a75@group-6C981EB11288: changes role from CANDIDATE to LEADER at term 1 for changeToLeader
2023-08-31 18:18:41,700 [9837b75f-f89f-41e6-b8da-41fb6e633a75@group-6C981EB11288-LeaderElection12] INFO  ratis.XceiverServerRatis (XceiverServerRatis.java:handleLeaderChangedNotification(902)) - Leader change notification received for group: group-6C981EB11288 with new leaderId: 9837b75f-f89f-41e6-b8da-41fb6e633a75
2023-08-31 18:18:41,700 [9837b75f-f89f-41e6-b8da-41fb6e633a75@group-6C981EB11288-LeaderElection12] INFO  server.RaftServer$Division (ServerState.java:setLeader(317)) - 9837b75f-f89f-41e6-b8da-41fb6e633a75@group-6C981EB11288: change Leader from null to 9837b75f-f89f-41e6-b8da-41fb6e633a75 at term 1 for becomeLeader, leader elected after 5109ms
2023-08-31 18:18:41,700 [9837b75f-f89f-41e6-b8da-41fb6e633a75@group-6C981EB11288-LeaderElection12] INFO  server.RaftServerConfigKeys (ConfUtils.java:logGet(46)) - raft.server.staging.catchup.gap = 1000 (default)
2023-08-31 18:18:41,700 [9837b75f-f89f-41e6-b8da-41fb6e633a75@group-6C981EB11288-LeaderElection12] INFO  server.RaftServerConfigKeys (ConfUtils.java:logGet(46)) - raft.server.write.element-limit = 1024 (custom)
2023-08-31 18:18:41,701 [EventQueue-OpenPipelineForHealthyPipelineSafeModeRule] INFO  safemode.SCMSafeModeManager (HealthyPipelineSafeModeRule.java:process(137)) - SCM in safe mode. Healthy pipelines reported count is 0, required healthy pipeline reported count is 1
2023-08-31 18:18:41,701 [9837b75f-f89f-41e6-b8da-41fb6e633a75@group-6C981EB11288-LeaderElection12] INFO  server.RaftServerConfigKeys (ConfUtils.java:logGet(46)) - raft.server.write.byte-limit = 1024 M (=1073741824) (custom)
2023-08-31 18:18:41,701 [9837b75f-f89f-41e6-b8da-41fb6e633a75@group-6C981EB11288-LeaderElection12] INFO  server.RaftServerConfigKeys (ConfUtils.java:logGet(46)) - raft.server.watch.timeout = 180s (custom)
2023-08-31 18:18:41,701 [9837b75f-f89f-41e6-b8da-41fb6e633a75@group-6C981EB11288-LeaderElection12] INFO  server.RaftServerConfigKeys (ConfUtils.java:logGet(46)) - raft.server.watch.timeout.denomination = 1s (default)
2023-08-31 18:18:41,701 [9837b75f-f89f-41e6-b8da-41fb6e633a75@group-6C981EB11288-LeaderElection12] INFO  server.RaftServerConfigKeys (ConfUtils.java:logGet(46)) - raft.server.watch.element-limit = 65536 (default)
2023-08-31 18:18:41,701 [9837b75f-f89f-41e6-b8da-41fb6e633a75@group-6C981EB11288-LeaderElection12] INFO  server.RaftServerConfigKeys (ConfUtils.java:logGet(46)) - raft.server.write.element-limit = 1024 (custom)
2023-08-31 18:18:41,702 [9837b75f-f89f-41e6-b8da-41fb6e633a75@group-6C981EB11288-LeaderElection12] INFO  server.RaftServerConfigKeys (ConfUtils.java:logGet(46)) - raft.server.write.follower.gap.ratio.max = -1.0 (default)
2023-08-31 18:18:41,702 [9837b75f-f89f-41e6-b8da-41fb6e633a75@group-6C981EB11288-LeaderElection12] INFO  impl.RoleInfo (RoleInfo.java:updateAndGet(139)) - 9837b75f-f89f-41e6-b8da-41fb6e633a75: start 9837b75f-f89f-41e6-b8da-41fb6e633a75@group-6C981EB11288-LeaderStateImpl
2023-08-31 18:18:41,702 [9837b75f-f89f-41e6-b8da-41fb6e633a75@group-6C981EB11288-LeaderElection12] INFO  segmented.SegmentedRaftLogWorker (SegmentedRaftLogWorker.java:startLogSegment(447)) - 9837b75f-f89f-41e6-b8da-41fb6e633a75@group-6C981EB11288-SegmentedRaftLogWorker: Starting segment from index:0
2023-08-31 18:18:41,708 [9837b75f-f89f-41e6-b8da-41fb6e633a75@group-6C981EB11288-SegmentedRaftLogWorker] INFO  segmented.SegmentedRaftLogWorker (SegmentedRaftLogWorker.java:execute(651)) - 9837b75f-f89f-41e6-b8da-41fb6e633a75@group-6C981EB11288-SegmentedRaftLogWorker: created new log segment /home/runner/work/ozone/ozone/hadoop-ozone/integration-test/target/test-dir/MiniOzoneClusterImpl-1f897967-a85f-45b1-932e-48a7a77b5829/datanode-0/data/ratis/bec518a8-a4ea-4727-94cc-6c981eb11288/current/log_inprogress_0
2023-08-31 18:18:41,708 [9837b75f-f89f-41e6-b8da-41fb6e633a75@group-6C981EB11288-LeaderElection12] INFO  server.RaftServer$Division (ServerState.java:setRaftConf(434)) - 9837b75f-f89f-41e6-b8da-41fb6e633a75@group-6C981EB11288: set configuration 0: peers:[9837b75f-f89f-41e6-b8da-41fb6e633a75|rpc:10.1.0.8:15067|admin:10.1.0.8:15066|client:10.1.0.8:15065|dataStream:10.1.0.8:15068|priority:1|startupRole:FOLLOWER]|listeners:[], old=null
2023-08-31 18:18:41,710 [55a42498-51b5-4c22-a6d0-b6e523d26bd9@group-19BC43D416A8-FollowerState] INFO  impl.FollowerState (FollowerState.java:run(143)) - 55a42498-51b5-4c22-a6d0-b6e523d26bd9@group-19BC43D416A8-FollowerState: change to CANDIDATE, lastRpcElapsedTime:5002826443ns, electionTimeout:5002ms
2023-08-31 18:18:41,710 [55a42498-51b5-4c22-a6d0-b6e523d26bd9@group-19BC43D416A8-FollowerState] INFO  impl.RoleInfo (RoleInfo.java:shutdownFollowerState(110)) - 55a42498-51b5-4c22-a6d0-b6e523d26bd9: shutdown 55a42498-51b5-4c22-a6d0-b6e523d26bd9@group-19BC43D416A8-FollowerState
2023-08-31 18:18:41,710 [55a42498-51b5-4c22-a6d0-b6e523d26bd9@group-19BC43D416A8-FollowerState] INFO  server.RaftServer$Division (RaftServerImpl.java:setRole(329)) - 55a42498-51b5-4c22-a6d0-b6e523d26bd9@group-19BC43D416A8: changes role from  FOLLOWER to CANDIDATE at term 0 for changeToCandidate
2023-08-31 18:18:41,710 [55a42498-51b5-4c22-a6d0-b6e523d26bd9@group-19BC43D416A8-FollowerState] INFO  server.RaftServerConfigKeys (ConfUtils.java:logGet(46)) - raft.server.leaderelection.pre-vote = true (default)
2023-08-31 18:18:41,710 [55a42498-51b5-4c22-a6d0-b6e523d26bd9@group-19BC43D416A8-FollowerState] INFO  impl.RoleInfo (RoleInfo.java:updateAndGet(139)) - 55a42498-51b5-4c22-a6d0-b6e523d26bd9: start 55a42498-51b5-4c22-a6d0-b6e523d26bd9@group-19BC43D416A8-LeaderElection13
2023-08-31 18:18:41,712 [55a42498-51b5-4c22-a6d0-b6e523d26bd9@group-19BC43D416A8-LeaderElection13] INFO  impl.LeaderElection (LeaderElection.java:askForVotes(321)) - 55a42498-51b5-4c22-a6d0-b6e523d26bd9@group-19BC43D416A8-LeaderElection13 PRE_VOTE round 0: submit vote requests at term 0 for -1: peers:[55a42498-51b5-4c22-a6d0-b6e523d26bd9|rpc:10.1.0.8:15085|admin:10.1.0.8:15084|client:10.1.0.8:15083|dataStream:10.1.0.8:15086|priority:1|startupRole:FOLLOWER, 9837b75f-f89f-41e6-b8da-41fb6e633a75|rpc:10.1.0.8:15067|admin:10.1.0.8:15066|client:10.1.0.8:15065|dataStream:10.1.0.8:15068|priority:0|startupRole:FOLLOWER, 8ed59791-7601-47e5-a424-1bf234fecffd|rpc:10.1.0.8:15076|admin:10.1.0.8:15075|client:10.1.0.8:15074|dataStream:10.1.0.8:15077|priority:0|startupRole:FOLLOWER]|listeners:[], old=null
2023-08-31 18:18:41,713 [55a42498-51b5-4c22-a6d0-b6e523d26bd9@group-19BC43D416A8-LeaderElection13] INFO  server.RaftServerConfigKeys (ConfUtils.java:logFallback(53)) - raft.server.rpc.first-election.timeout.min = 5s (fallback to raft.server.rpc.timeout.min)
2023-08-31 18:18:41,713 [55a42498-51b5-4c22-a6d0-b6e523d26bd9@group-19BC43D416A8-LeaderElection13] INFO  server.RaftServerConfigKeys (ConfUtils.java:logFallback(53)) - raft.server.rpc.first-election.timeout.max = 5200ms (fallback to raft.server.rpc.timeout.max)
2023-08-31 18:18:41,713 [55a42498-51b5-4c22-a6d0-b6e523d26bd9@group-19BC43D416A8-LeaderElection13-2] INFO  server.GrpcServerProtocolClient (GrpcServerProtocolClient.java:<init>(65)) - Build channel for 8ed59791-7601-47e5-a424-1bf234fecffd
2023-08-31 18:18:41,714 [55a42498-51b5-4c22-a6d0-b6e523d26bd9@group-19BC43D416A8-LeaderElection13-1] INFO  server.GrpcServerProtocolClient (GrpcServerProtocolClient.java:<init>(65)) - Build channel for 9837b75f-f89f-41e6-b8da-41fb6e633a75
2023-08-31 18:18:41,728 [grpc-default-executor-0] INFO  server.RaftServer$Division (RaftServerImpl.java:requestVote(1302)) - 8ed59791-7601-47e5-a424-1bf234fecffd@group-19BC43D416A8: receive requestVote(PRE_VOTE, 55a42498-51b5-4c22-a6d0-b6e523d26bd9, group-19BC43D416A8, 0, (t:0, i:0))
2023-08-31 18:18:41,728 [grpc-default-executor-0] INFO  impl.VoteContext (VoteContext.java:log(49)) - 8ed59791-7601-47e5-a424-1bf234fecffd@group-19BC43D416A8-FOLLOWER: accept PRE_VOTE from 55a42498-51b5-4c22-a6d0-b6e523d26bd9: our priority 0 <= candidate's priority 1
2023-08-31 18:18:41,728 [grpc-default-executor-0] INFO  server.RaftServer$Division (RaftServerImpl.java:requestVote(1335)) - 8ed59791-7601-47e5-a424-1bf234fecffd@group-19BC43D416A8 replies to PRE_VOTE vote request: 55a42498-51b5-4c22-a6d0-b6e523d26bd9<-8ed59791-7601-47e5-a424-1bf234fecffd#0:OK-t0. Peer's state: 8ed59791-7601-47e5-a424-1bf234fecffd@group-19BC43D416A8:t0, leader=null, voted=, raftlog=Memoized:8ed59791-7601-47e5-a424-1bf234fecffd@group-19BC43D416A8-SegmentedRaftLog:OPENED:c-1, conf=-1: peers:[55a42498-51b5-4c22-a6d0-b6e523d26bd9|rpc:10.1.0.8:15085|admin:10.1.0.8:15084|client:10.1.0.8:15083|dataStream:10.1.0.8:15086|priority:1|startupRole:FOLLOWER, 9837b75f-f89f-41e6-b8da-41fb6e633a75|rpc:10.1.0.8:15067|admin:10.1.0.8:15066|client:10.1.0.8:15065|dataStream:10.1.0.8:15068|priority:0|startupRole:FOLLOWER, 8ed59791-7601-47e5-a424-1bf234fecffd|rpc:10.1.0.8:15076|admin:10.1.0.8:15075|client:10.1.0.8:15074|dataStream:10.1.0.8:15077|priority:0|startupRole:FOLLOWER]|listeners:[], old=null
2023-08-31 18:18:41,731 [55a42498-51b5-4c22-a6d0-b6e523d26bd9@group-19BC43D416A8-LeaderElection13] INFO  impl.LeaderElection (LeaderElection.java:logAndReturn(90)) - 55a42498-51b5-4c22-a6d0-b6e523d26bd9@group-19BC43D416A8-LeaderElection13: PRE_VOTE PASSED received 1 response(s) and 0 exception(s):
2023-08-31 18:18:41,731 [55a42498-51b5-4c22-a6d0-b6e523d26bd9@group-19BC43D416A8-LeaderElection13] INFO  impl.LeaderElection (LeaderElection.java:logAndReturn(94)) -   Response 0: 55a42498-51b5-4c22-a6d0-b6e523d26bd9<-8ed59791-7601-47e5-a424-1bf234fecffd#0:OK-t0
2023-08-31 18:18:41,731 [55a42498-51b5-4c22-a6d0-b6e523d26bd9@group-19BC43D416A8-LeaderElection13] INFO  impl.LeaderElection (LeaderElection.java:askForVotes(323)) - 55a42498-51b5-4c22-a6d0-b6e523d26bd9@group-19BC43D416A8-LeaderElection13 PRE_VOTE round 0: result PASSED
2023-08-31 18:18:41,740 [55a42498-51b5-4c22-a6d0-b6e523d26bd9@group-19BC43D416A8-LeaderElection13] INFO  impl.LeaderElection (LeaderElection.java:askForVotes(321)) - 55a42498-51b5-4c22-a6d0-b6e523d26bd9@group-19BC43D416A8-LeaderElection13 ELECTION round 0: submit vote requests at term 1 for -1: peers:[55a42498-51b5-4c22-a6d0-b6e523d26bd9|rpc:10.1.0.8:15085|admin:10.1.0.8:15084|client:10.1.0.8:15083|dataStream:10.1.0.8:15086|priority:1|startupRole:FOLLOWER, 9837b75f-f89f-41e6-b8da-41fb6e633a75|rpc:10.1.0.8:15067|admin:10.1.0.8:15066|client:10.1.0.8:15065|dataStream:10.1.0.8:15068|priority:0|startupRole:FOLLOWER, 8ed59791-7601-47e5-a424-1bf234fecffd|rpc:10.1.0.8:15076|admin:10.1.0.8:15075|client:10.1.0.8:15074|dataStream:10.1.0.8:15077|priority:0|startupRole:FOLLOWER]|listeners:[], old=null
2023-08-31 18:18:41,750 [grpc-default-executor-0] INFO  server.RaftServer$Division (RaftServerImpl.java:requestVote(1302)) - 9837b75f-f89f-41e6-b8da-41fb6e633a75@group-19BC43D416A8: receive requestVote(PRE_VOTE, 55a42498-51b5-4c22-a6d0-b6e523d26bd9, group-19BC43D416A8, 0, (t:0, i:0))
2023-08-31 18:18:41,750 [grpc-default-executor-0] INFO  impl.VoteContext (VoteContext.java:log(49)) - 9837b75f-f89f-41e6-b8da-41fb6e633a75@group-19BC43D416A8-FOLLOWER: accept PRE_VOTE from 55a42498-51b5-4c22-a6d0-b6e523d26bd9: our priority 0 <= candidate's priority 1
2023-08-31 18:18:41,750 [grpc-default-executor-0] INFO  server.RaftServer$Division (RaftServerImpl.java:requestVote(1335)) - 9837b75f-f89f-41e6-b8da-41fb6e633a75@group-19BC43D416A8 replies to PRE_VOTE vote request: 55a42498-51b5-4c22-a6d0-b6e523d26bd9<-9837b75f-f89f-41e6-b8da-41fb6e633a75#0:OK-t0. Peer's state: 9837b75f-f89f-41e6-b8da-41fb6e633a75@group-19BC43D416A8:t0, leader=null, voted=, raftlog=Memoized:9837b75f-f89f-41e6-b8da-41fb6e633a75@group-19BC43D416A8-SegmentedRaftLog:OPENED:c-1, conf=-1: peers:[55a42498-51b5-4c22-a6d0-b6e523d26bd9|rpc:10.1.0.8:15085|admin:10.1.0.8:15084|client:10.1.0.8:15083|dataStream:10.1.0.8:15086|priority:1|startupRole:FOLLOWER, 9837b75f-f89f-41e6-b8da-41fb6e633a75|rpc:10.1.0.8:15067|admin:10.1.0.8:15066|client:10.1.0.8:15065|dataStream:10.1.0.8:15068|priority:0|startupRole:FOLLOWER, 8ed59791-7601-47e5-a424-1bf234fecffd|rpc:10.1.0.8:15076|admin:10.1.0.8:15075|client:10.1.0.8:15074|dataStream:10.1.0.8:15077|priority:0|startupRole:FOLLOWER]|listeners:[], old=null
2023-08-31 18:18:41,753 [55a42498-51b5-4c22-a6d0-b6e523d26bd9@group-19BC43D416A8-LeaderElection13] INFO  server.RaftServerConfigKeys (ConfUtils.java:logFallback(53)) - raft.server.rpc.first-election.timeout.min = 5s (fallback to raft.server.rpc.timeout.min)
2023-08-31 18:18:41,753 [55a42498-51b5-4c22-a6d0-b6e523d26bd9@group-19BC43D416A8-LeaderElection13] INFO  server.RaftServerConfigKeys (ConfUtils.java:logFallback(53)) - raft.server.rpc.first-election.timeout.max = 5200ms (fallback to raft.server.rpc.timeout.max)
2023-08-31 18:18:41,766 [grpc-default-executor-0] INFO  server.RaftServer$Division (RaftServerImpl.java:requestVote(1302)) - 9837b75f-f89f-41e6-b8da-41fb6e633a75@group-19BC43D416A8: receive requestVote(ELECTION, 55a42498-51b5-4c22-a6d0-b6e523d26bd9, group-19BC43D416A8, 1, (t:0, i:0))
2023-08-31 18:18:41,766 [grpc-default-executor-0] INFO  impl.VoteContext (VoteContext.java:log(49)) - 9837b75f-f89f-41e6-b8da-41fb6e633a75@group-19BC43D416A8-FOLLOWER: accept ELECTION from 55a42498-51b5-4c22-a6d0-b6e523d26bd9: our priority 0 <= candidate's priority 1
2023-08-31 18:18:41,766 [grpc-default-executor-0] INFO  server.RaftServer$Division (RaftServerImpl.java:setRole(329)) - 9837b75f-f89f-41e6-b8da-41fb6e633a75@group-19BC43D416A8: changes role from  FOLLOWER to FOLLOWER at term 1 for candidate:55a42498-51b5-4c22-a6d0-b6e523d26bd9
2023-08-31 18:18:41,766 [grpc-default-executor-0] INFO  impl.RoleInfo (RoleInfo.java:shutdownFollowerState(110)) - 9837b75f-f89f-41e6-b8da-41fb6e633a75: shutdown 9837b75f-f89f-41e6-b8da-41fb6e633a75@group-19BC43D416A8-FollowerState
2023-08-31 18:18:41,766 [grpc-default-executor-0] INFO  impl.RoleInfo (RoleInfo.java:updateAndGet(139)) - 9837b75f-f89f-41e6-b8da-41fb6e633a75: start 9837b75f-f89f-41e6-b8da-41fb6e633a75@group-19BC43D416A8-FollowerState
2023-08-31 18:18:41,766 [9837b75f-f89f-41e6-b8da-41fb6e633a75@group-19BC43D416A8-FollowerState] INFO  impl.FollowerState (FollowerState.java:run(152)) - 9837b75f-f89f-41e6-b8da-41fb6e633a75@group-19BC43D416A8-FollowerState was interrupted
2023-08-31 18:18:41,770 [grpc-default-executor-0] INFO  server.RaftServer$Division (RaftServerImpl.java:requestVote(1335)) - 9837b75f-f89f-41e6-b8da-41fb6e633a75@group-19BC43D416A8 replies to ELECTION vote request: 55a42498-51b5-4c22-a6d0-b6e523d26bd9<-9837b75f-f89f-41e6-b8da-41fb6e633a75#0:OK-t1. Peer's state: 9837b75f-f89f-41e6-b8da-41fb6e633a75@group-19BC43D416A8:t1, leader=null, voted=55a42498-51b5-4c22-a6d0-b6e523d26bd9, raftlog=Memoized:9837b75f-f89f-41e6-b8da-41fb6e633a75@group-19BC43D416A8-SegmentedRaftLog:OPENED:c-1, conf=-1: peers:[55a42498-51b5-4c22-a6d0-b6e523d26bd9|rpc:10.1.0.8:15085|admin:10.1.0.8:15084|client:10.1.0.8:15083|dataStream:10.1.0.8:15086|priority:1|startupRole:FOLLOWER, 9837b75f-f89f-41e6-b8da-41fb6e633a75|rpc:10.1.0.8:15067|admin:10.1.0.8:15066|client:10.1.0.8:15065|dataStream:10.1.0.8:15068|priority:0|startupRole:FOLLOWER, 8ed59791-7601-47e5-a424-1bf234fecffd|rpc:10.1.0.8:15076|admin:10.1.0.8:15075|client:10.1.0.8:15074|dataStream:10.1.0.8:15077|priority:0|startupRole:FOLLOWER]|listeners:[], old=null
2023-08-31 18:18:41,773 [55a42498-51b5-4c22-a6d0-b6e523d26bd9@group-19BC43D416A8-LeaderElection13] INFO  impl.LeaderElection (LeaderElection.java:logAndReturn(90)) - 55a42498-51b5-4c22-a6d0-b6e523d26bd9@group-19BC43D416A8-LeaderElection13: ELECTION PASSED received 1 response(s) and 0 exception(s):
2023-08-31 18:18:41,773 [55a42498-51b5-4c22-a6d0-b6e523d26bd9@group-19BC43D416A8-LeaderElection13] INFO  impl.LeaderElection (LeaderElection.java:logAndReturn(94)) -   Response 0: 55a42498-51b5-4c22-a6d0-b6e523d26bd9<-9837b75f-f89f-41e6-b8da-41fb6e633a75#0:OK-t1
2023-08-31 18:18:41,773 [55a42498-51b5-4c22-a6d0-b6e523d26bd9@group-19BC43D416A8-LeaderElection13] INFO  impl.LeaderElection (LeaderElection.java:askForVotes(323)) - 55a42498-51b5-4c22-a6d0-b6e523d26bd9@group-19BC43D416A8-LeaderElection13 ELECTION round 0: result PASSED
2023-08-31 18:18:41,773 [55a42498-51b5-4c22-a6d0-b6e523d26bd9@group-19BC43D416A8-LeaderElection13] INFO  impl.RoleInfo (RoleInfo.java:shutdownLeaderElection(130)) - 55a42498-51b5-4c22-a6d0-b6e523d26bd9: shutdown 55a42498-51b5-4c22-a6d0-b6e523d26bd9@group-19BC43D416A8-LeaderElection13
2023-08-31 18:18:41,773 [55a42498-51b5-4c22-a6d0-b6e523d26bd9@group-19BC43D416A8-LeaderElection13] INFO  server.RaftServer$Division (RaftServerImpl.java:setRole(329)) - 55a42498-51b5-4c22-a6d0-b6e523d26bd9@group-19BC43D416A8: changes role from CANDIDATE to LEADER at term 1 for changeToLeader
2023-08-31 18:18:41,773 [55a42498-51b5-4c22-a6d0-b6e523d26bd9@group-19BC43D416A8-LeaderElection13] INFO  ratis.XceiverServerRatis (XceiverServerRatis.java:handleLeaderChangedNotification(902)) - Leader change notification received for group: group-19BC43D416A8 with new leaderId: 55a42498-51b5-4c22-a6d0-b6e523d26bd9
2023-08-31 18:18:41,773 [55a42498-51b5-4c22-a6d0-b6e523d26bd9@group-19BC43D416A8-LeaderElection13] INFO  server.RaftServer$Division (ServerState.java:setLeader(317)) - 55a42498-51b5-4c22-a6d0-b6e523d26bd9@group-19BC43D416A8: change Leader from null to 55a42498-51b5-4c22-a6d0-b6e523d26bd9 at term 1 for becomeLeader, leader elected after 5088ms
2023-08-31 18:18:41,773 [55a42498-51b5-4c22-a6d0-b6e523d26bd9@group-19BC43D416A8-LeaderElection13] INFO  server.RaftServerConfigKeys (ConfUtils.java:logGet(46)) - raft.server.staging.catchup.gap = 1000 (default)
2023-08-31 18:18:41,774 [55a42498-51b5-4c22-a6d0-b6e523d26bd9@group-19BC43D416A8-LeaderElection13] INFO  server.RaftServerConfigKeys (ConfUtils.java:logGet(46)) - raft.server.write.element-limit = 1024 (custom)
2023-08-31 18:18:41,774 [55a42498-51b5-4c22-a6d0-b6e523d26bd9@group-19BC43D416A8-LeaderElection13] INFO  server.RaftServerConfigKeys (ConfUtils.java:logGet(46)) - raft.server.write.byte-limit = 1024 M (=1073741824) (custom)
2023-08-31 18:18:41,774 [55a42498-51b5-4c22-a6d0-b6e523d26bd9@group-19BC43D416A8-LeaderElection13] INFO  server.RaftServerConfigKeys (ConfUtils.java:logGet(46)) - raft.server.watch.timeout = 180s (custom)
2023-08-31 18:18:41,774 [55a42498-51b5-4c22-a6d0-b6e523d26bd9@group-19BC43D416A8-LeaderElection13] INFO  server.RaftServerConfigKeys (ConfUtils.java:logGet(46)) - raft.server.watch.timeout.denomination = 1s (default)
2023-08-31 18:18:41,774 [55a42498-51b5-4c22-a6d0-b6e523d26bd9@group-19BC43D416A8-LeaderElection13] INFO  server.RaftServerConfigKeys (ConfUtils.java:logGet(46)) - raft.server.watch.element-limit = 65536 (default)
2023-08-31 18:18:41,774 [55a42498-51b5-4c22-a6d0-b6e523d26bd9@group-19BC43D416A8-LeaderElection13] INFO  server.RaftServerConfigKeys (ConfUtils.java:logGet(46)) - raft.server.write.element-limit = 1024 (custom)
2023-08-31 18:18:41,774 [55a42498-51b5-4c22-a6d0-b6e523d26bd9@group-19BC43D416A8-LeaderElection13] INFO  server.RaftServerConfigKeys (ConfUtils.java:logGet(46)) - raft.server.write.follower.gap.ratio.max = -1.0 (default)
2023-08-31 18:18:41,775 [55a42498-51b5-4c22-a6d0-b6e523d26bd9@group-19BC43D416A8-LeaderElection13] INFO  server.RaftServerConfigKeys (ConfUtils.java:logGet(46)) - raft.server.log.appender.snapshot.chunk.size.max = 16MB (=16777216) (default)
2023-08-31 18:18:41,775 [55a42498-51b5-4c22-a6d0-b6e523d26bd9@group-19BC43D416A8-LeaderElection13] INFO  server.RaftServerConfigKeys (ConfUtils.java:logGet(46)) - raft.server.log.appender.buffer.byte-limit = 33554432 (custom)
2023-08-31 18:18:41,775 [55a42498-51b5-4c22-a6d0-b6e523d26bd9@group-19BC43D416A8-LeaderElection13] INFO  server.RaftServerConfigKeys (ConfUtils.java:logGet(46)) - raft.server.log.appender.buffer.element-limit = 1 (custom)
2023-08-31 18:18:41,775 [55a42498-51b5-4c22-a6d0-b6e523d26bd9@group-19BC43D416A8-LeaderElection13] INFO  server.RaftServerConfigKeys (ConfUtils.java:logGet(46)) - raft.server.log.appender.wait-time.min = 10ms (default)
2023-08-31 18:18:41,784 [55a42498-51b5-4c22-a6d0-b6e523d26bd9@group-19BC43D416A8-LeaderElection13] INFO  grpc.GrpcConfigKeys (ConfUtils.java:logGet(46)) - raft.grpc.server.leader.outstanding.appends.max = 128 (default)
2023-08-31 18:18:41,785 [55a42498-51b5-4c22-a6d0-b6e523d26bd9@group-19BC43D416A8-LeaderElection13] INFO  server.RaftServerConfigKeys (ConfUtils.java:logGet(46)) - raft.server.rpc.request.timeout = 60s (custom)
2023-08-31 18:18:41,785 [55a42498-51b5-4c22-a6d0-b6e523d26bd9@group-19BC43D416A8-LeaderElection13] INFO  grpc.GrpcConfigKeys (ConfUtils.java:logGet(46)) - raft.grpc.server.install_snapshot.request.element-limit = 8 (default)
2023-08-31 18:18:41,785 [55a42498-51b5-4c22-a6d0-b6e523d26bd9@group-19BC43D416A8-LeaderElection13] INFO  grpc.GrpcConfigKeys (ConfUtils.java:logGet(46)) - raft.grpc.server.install_snapshot.request.timeout = 3000ms (default)
2023-08-31 18:18:41,785 [55a42498-51b5-4c22-a6d0-b6e523d26bd9@group-19BC43D416A8-LeaderElection13] INFO  server.RaftServerConfigKeys (ConfUtils.java:logGet(46)) - raft.server.log.appender.install.snapshot.enabled = false (custom)
2023-08-31 18:18:41,785 [55a42498-51b5-4c22-a6d0-b6e523d26bd9@group-19BC43D416A8-LeaderElection13] INFO  grpc.GrpcConfigKeys (ConfUtils.java:logGet(46)) - raft.grpc.server.heartbeat.channel = true (default)
2023-08-31 18:18:41,786 [55a42498-51b5-4c22-a6d0-b6e523d26bd9@group-19BC43D416A8-LeaderElection13] INFO  server.RaftServerConfigKeys (ConfUtils.java:logGet(46)) - raft.server.log.appender.snapshot.chunk.size.max = 16MB (=16777216) (default)
2023-08-31 18:18:41,786 [55a42498-51b5-4c22-a6d0-b6e523d26bd9@group-19BC43D416A8-LeaderElection13] INFO  server.RaftServerConfigKeys (ConfUtils.java:logGet(46)) - raft.server.log.appender.buffer.byte-limit = 33554432 (custom)
2023-08-31 18:18:41,786 [55a42498-51b5-4c22-a6d0-b6e523d26bd9@group-19BC43D416A8-LeaderElection13] INFO  server.RaftServerConfigKeys (ConfUtils.java:logGet(46)) - raft.server.log.appender.buffer.element-limit = 1 (custom)
2023-08-31 18:18:41,786 [55a42498-51b5-4c22-a6d0-b6e523d26bd9@group-19BC43D416A8-LeaderElection13] INFO  server.RaftServerConfigKeys (ConfUtils.java:logGet(46)) - raft.server.log.appender.wait-time.min = 10ms (default)
2023-08-31 18:18:41,786 [55a42498-51b5-4c22-a6d0-b6e523d26bd9@group-19BC43D416A8-LeaderElection13] INFO  grpc.GrpcConfigKeys (ConfUtils.java:logGet(46)) - raft.grpc.server.leader.outstanding.appends.max = 128 (default)
2023-08-31 18:18:41,786 [55a42498-51b5-4c22-a6d0-b6e523d26bd9@group-19BC43D416A8-LeaderElection13] INFO  server.RaftServerConfigKeys (ConfUtils.java:logGet(46)) - raft.server.rpc.request.timeout = 60s (custom)
2023-08-31 18:18:41,786 [55a42498-51b5-4c22-a6d0-b6e523d26bd9@group-19BC43D416A8-LeaderElection13] INFO  grpc.GrpcConfigKeys (ConfUtils.java:logGet(46)) - raft.grpc.server.install_snapshot.request.element-limit = 8 (default)
2023-08-31 18:18:41,786 [55a42498-51b5-4c22-a6d0-b6e523d26bd9@group-19BC43D416A8-LeaderElection13] INFO  grpc.GrpcConfigKeys (ConfUtils.java:logGet(46)) - raft.grpc.server.install_snapshot.request.timeout = 3000ms (default)
2023-08-31 18:18:41,786 [55a42498-51b5-4c22-a6d0-b6e523d26bd9@group-19BC43D416A8-LeaderElection13] INFO  server.RaftServerConfigKeys (ConfUtils.java:logGet(46)) - raft.server.log.appender.install.snapshot.enabled = false (custom)
2023-08-31 18:18:41,786 [55a42498-51b5-4c22-a6d0-b6e523d26bd9@group-19BC43D416A8-LeaderElection13] INFO  grpc.GrpcConfigKeys (ConfUtils.java:logGet(46)) - raft.grpc.server.heartbeat.channel = true (default)
2023-08-31 18:18:41,786 [55a42498-51b5-4c22-a6d0-b6e523d26bd9@group-19BC43D416A8-LeaderElection13] INFO  impl.RoleInfo (RoleInfo.java:updateAndGet(139)) - 55a42498-51b5-4c22-a6d0-b6e523d26bd9: start 55a42498-51b5-4c22-a6d0-b6e523d26bd9@group-19BC43D416A8-LeaderStateImpl
2023-08-31 18:18:41,787 [55a42498-51b5-4c22-a6d0-b6e523d26bd9@group-19BC43D416A8-LeaderElection13] INFO  segmented.SegmentedRaftLogWorker (SegmentedRaftLogWorker.java:startLogSegment(447)) - 55a42498-51b5-4c22-a6d0-b6e523d26bd9@group-19BC43D416A8-SegmentedRaftLogWorker: Starting segment from index:0
2023-08-31 18:18:41,789 [55a42498-51b5-4c22-a6d0-b6e523d26bd9@group-19BC43D416A8-SegmentedRaftLogWorker] INFO  segmented.SegmentedRaftLogWorker (SegmentedRaftLogWorker.java:execute(651)) - 55a42498-51b5-4c22-a6d0-b6e523d26bd9@group-19BC43D416A8-SegmentedRaftLogWorker: created new log segment /home/runner/work/ozone/ozone/hadoop-ozone/integration-test/target/test-dir/MiniOzoneClusterImpl-1f897967-a85f-45b1-932e-48a7a77b5829/datanode-2/data/ratis/2c77f341-3b5a-472b-8d2a-19bc43d416a8/current/log_inprogress_0
2023-08-31 18:18:41,798 [55a42498-51b5-4c22-a6d0-b6e523d26bd9@group-19BC43D416A8-LeaderElection13] INFO  server.RaftServer$Division (ServerState.java:setRaftConf(434)) - 55a42498-51b5-4c22-a6d0-b6e523d26bd9@group-19BC43D416A8: set configuration 0: peers:[55a42498-51b5-4c22-a6d0-b6e523d26bd9|rpc:10.1.0.8:15085|admin:10.1.0.8:15084|client:10.1.0.8:15083|dataStream:10.1.0.8:15086|priority:1|startupRole:FOLLOWER, 9837b75f-f89f-41e6-b8da-41fb6e633a75|rpc:10.1.0.8:15067|admin:10.1.0.8:15066|client:10.1.0.8:15065|dataStream:10.1.0.8:15068|priority:0|startupRole:FOLLOWER, 8ed59791-7601-47e5-a424-1bf234fecffd|rpc:10.1.0.8:15076|admin:10.1.0.8:15075|client:10.1.0.8:15074|dataStream:10.1.0.8:15077|priority:0|startupRole:FOLLOWER]|listeners:[], old=null
2023-08-31 18:18:41,801 [EventQueue-PipelineReportForPipelineReportHandler] INFO  pipeline.PipelineReportHandler (PipelineReportHandler.java:processPipelineReport(136)) - Opened pipeline PipelineID=2c77f341-3b5a-472b-8d2a-19bc43d416a8
2023-08-31 18:18:41,801 [EventQueue-OpenPipelineForHealthyPipelineSafeModeRule] INFO  safemode.SCMSafeModeManager (HealthyPipelineSafeModeRule.java:process(137)) - SCM in safe mode. Healthy pipelines reported count is 0, required healthy pipeline reported count is 1
2023-08-31 18:18:41,801 [EventQueue-OpenPipelineForHealthyPipelineSafeModeRule] INFO  safemode.SCMSafeModeManager (HealthyPipelineSafeModeRule.java:process(137)) - SCM in safe mode. Healthy pipelines reported count is 1, required healthy pipeline reported count is 1
2023-08-31 18:18:41,801 [EventQueue-OpenPipelineForHealthyPipelineSafeModeRule] INFO  safemode.SCMSafeModeManager (SCMSafeModeManager.java:validateSafeModeExitRules(200)) - HealthyPipelineSafeModeRule rule is successfully validated
2023-08-31 18:18:41,801 [EventQueue-OpenPipelineForHealthyPipelineSafeModeRule] INFO  safemode.SCMSafeModeManager (SCMSafeModeManager.java:validateSafeModeExitRules(215)) - ScmSafeModeManager, all rules are successfully validated
2023-08-31 18:18:41,801 [EventQueue-OpenPipelineForHealthyPipelineSafeModeRule] INFO  safemode.SCMSafeModeManager (SCMSafeModeManager.java:exitSafeMode(244)) - SCM exiting safe mode.
2023-08-31 18:18:41,801 [EventQueue-OpenPipelineForHealthyPipelineSafeModeRule] INFO  ha.SCMContext (SCMContext.java:updateSafeModeStatus(228)) - Update SafeModeStatus from SafeModeStatus{safeModeStatus=true, preCheckPassed=true} to SafeModeStatus{safeModeStatus=false, preCheckPassed=true}.
2023-08-31 18:18:41,801 [EventQueue-OpenPipelineForHealthyPipelineSafeModeRule] INFO  pipeline.BackgroundPipelineCreator (BackgroundPipelineCreator.java:notifyStatusChanged(255)) - Service BackgroundPipelineCreator transitions to RUNNING.
2023-08-31 18:18:41,801 [EventQueue-OpenPipelineForHealthyPipelineSafeModeRule] INFO  BackgroundPipelineScrubber (BackgroundSCMService.java:notifyStatusChanged(82)) - Service BackgroundPipelineScrubber transitions to RUNNING.
2023-08-31 18:18:41,801 [EventQueue-OpenPipelineForHealthyPipelineSafeModeRule] INFO  ExpiredContainerReplicaOpScrubber (BackgroundSCMService.java:notifyStatusChanged(82)) - Service ExpiredContainerReplicaOpScrubber transitions to RUNNING.
2023-08-31 18:18:41,801 [EventQueue-OpenPipelineForHealthyPipelineSafeModeRule] INFO  replication.ReplicationManager (ReplicationManager.java:notifyStatusChanged(1370)) - Service ReplicationManager transitions to RUNNING.
2023-08-31 18:18:41,802 [EventQueue-OpenPipelineForHealthyPipelineSafeModeRule] WARN  balancer.ContainerBalancer (ContainerBalancer.java:shouldRun(134)) - Could not find persisted configuration for ContainerBalancer when checking if ContainerBalancer should run. ContainerBalancer should not run now.
2023-08-31 18:18:41,803 [grpc-default-executor-1] INFO  server.RaftServer$Division (RaftServerImpl.java:requestVote(1302)) - 8ed59791-7601-47e5-a424-1bf234fecffd@group-19BC43D416A8: receive requestVote(ELECTION, 55a42498-51b5-4c22-a6d0-b6e523d26bd9, group-19BC43D416A8, 1, (t:0, i:0))
2023-08-31 18:18:41,804 [grpc-default-executor-1] INFO  impl.VoteContext (VoteContext.java:log(49)) - 8ed59791-7601-47e5-a424-1bf234fecffd@group-19BC43D416A8-FOLLOWER: accept ELECTION from 55a42498-51b5-4c22-a6d0-b6e523d26bd9: our priority 0 <= candidate's priority 1
2023-08-31 18:18:41,804 [grpc-default-executor-1] INFO  server.RaftServer$Division (RaftServerImpl.java:setRole(329)) - 8ed59791-7601-47e5-a424-1bf234fecffd@group-19BC43D416A8: changes role from  FOLLOWER to FOLLOWER at term 1 for candidate:55a42498-51b5-4c22-a6d0-b6e523d26bd9
2023-08-31 18:18:41,804 [grpc-default-executor-1] INFO  impl.RoleInfo (RoleInfo.java:shutdownFollowerState(110)) - 8ed59791-7601-47e5-a424-1bf234fecffd: shutdown 8ed59791-7601-47e5-a424-1bf234fecffd@group-19BC43D416A8-FollowerState
2023-08-31 18:18:41,813 [8ed59791-7601-47e5-a424-1bf234fecffd@group-19BC43D416A8-FollowerState] INFO  impl.FollowerState (FollowerState.java:run(152)) - 8ed59791-7601-47e5-a424-1bf234fecffd@group-19BC43D416A8-FollowerState was interrupted
2023-08-31 18:18:41,815 [grpc-default-executor-1] INFO  impl.RoleInfo (RoleInfo.java:updateAndGet(139)) - 8ed59791-7601-47e5-a424-1bf234fecffd: start 8ed59791-7601-47e5-a424-1bf234fecffd@group-19BC43D416A8-FollowerState
2023-08-31 18:18:41,823 [grpc-default-executor-1] INFO  server.RaftServer$Division (RaftServerImpl.java:requestVote(1335)) - 8ed59791-7601-47e5-a424-1bf234fecffd@group-19BC43D416A8 replies to ELECTION vote request: 55a42498-51b5-4c22-a6d0-b6e523d26bd9<-8ed59791-7601-47e5-a424-1bf234fecffd#0:OK-t1. Peer's state: 8ed59791-7601-47e5-a424-1bf234fecffd@group-19BC43D416A8:t1, leader=null, voted=55a42498-51b5-4c22-a6d0-b6e523d26bd9, raftlog=Memoized:8ed59791-7601-47e5-a424-1bf234fecffd@group-19BC43D416A8-SegmentedRaftLog:OPENED:c-1, conf=-1: peers:[55a42498-51b5-4c22-a6d0-b6e523d26bd9|rpc:10.1.0.8:15085|admin:10.1.0.8:15084|client:10.1.0.8:15083|dataStream:10.1.0.8:15086|priority:1|startupRole:FOLLOWER, 9837b75f-f89f-41e6-b8da-41fb6e633a75|rpc:10.1.0.8:15067|admin:10.1.0.8:15066|client:10.1.0.8:15065|dataStream:10.1.0.8:15068|priority:0|startupRole:FOLLOWER, 8ed59791-7601-47e5-a424-1bf234fecffd|rpc:10.1.0.8:15076|admin:10.1.0.8:15075|client:10.1.0.8:15074|dataStream:10.1.0.8:15077|priority:0|startupRole:FOLLOWER]|listeners:[], old=null
2023-08-31 18:18:41,824 [9837b75f-f89f-41e6-b8da-41fb6e633a75-server-thread2] INFO  ratis.XceiverServerRatis (XceiverServerRatis.java:handleLeaderChangedNotification(902)) - Leader change notification received for group: group-19BC43D416A8 with new leaderId: 55a42498-51b5-4c22-a6d0-b6e523d26bd9
2023-08-31 18:18:41,825 [9837b75f-f89f-41e6-b8da-41fb6e633a75-server-thread2] INFO  server.RaftServer$Division (ServerState.java:setLeader(317)) - 9837b75f-f89f-41e6-b8da-41fb6e633a75@group-19BC43D416A8: change Leader from null to 55a42498-51b5-4c22-a6d0-b6e523d26bd9 at term 1 for appendEntries, leader elected after 5196ms
2023-08-31 18:18:41,828 [9837b75f-f89f-41e6-b8da-41fb6e633a75-server-thread2] INFO  server.RaftServer$Division (ServerState.java:setRaftConf(434)) - 9837b75f-f89f-41e6-b8da-41fb6e633a75@group-19BC43D416A8: set configuration 0: peers:[55a42498-51b5-4c22-a6d0-b6e523d26bd9|rpc:10.1.0.8:15085|admin:10.1.0.8:15084|client:10.1.0.8:15083|dataStream:10.1.0.8:15086|priority:1|startupRole:FOLLOWER, 9837b75f-f89f-41e6-b8da-41fb6e633a75|rpc:10.1.0.8:15067|admin:10.1.0.8:15066|client:10.1.0.8:15065|dataStream:10.1.0.8:15068|priority:0|startupRole:FOLLOWER, 8ed59791-7601-47e5-a424-1bf234fecffd|rpc:10.1.0.8:15076|admin:10.1.0.8:15075|client:10.1.0.8:15074|dataStream:10.1.0.8:15077|priority:0|startupRole:FOLLOWER]|listeners:[], old=null
2023-08-31 18:18:41,829 [9837b75f-f89f-41e6-b8da-41fb6e633a75-server-thread2] INFO  segmented.SegmentedRaftLogWorker (SegmentedRaftLogWorker.java:startLogSegment(447)) - 9837b75f-f89f-41e6-b8da-41fb6e633a75@group-19BC43D416A8-SegmentedRaftLogWorker: Starting segment from index:0
2023-08-31 18:18:41,829 [8ed59791-7601-47e5-a424-1bf234fecffd-server-thread1] INFO  ratis.XceiverServerRatis (XceiverServerRatis.java:handleLeaderChangedNotification(902)) - Leader change notification received for group: group-19BC43D416A8 with new leaderId: 55a42498-51b5-4c22-a6d0-b6e523d26bd9
2023-08-31 18:18:41,829 [8ed59791-7601-47e5-a424-1bf234fecffd-server-thread1] INFO  server.RaftServer$Division (ServerState.java:setLeader(317)) - 8ed59791-7601-47e5-a424-1bf234fecffd@group-19BC43D416A8: change Leader from null to 55a42498-51b5-4c22-a6d0-b6e523d26bd9 at term 1 for appendEntries, leader elected after 5090ms
2023-08-31 18:18:41,831 [9837b75f-f89f-41e6-b8da-41fb6e633a75@group-19BC43D416A8-SegmentedRaftLogWorker] INFO  segmented.SegmentedRaftLogWorker (SegmentedRaftLogWorker.java:execute(651)) - 9837b75f-f89f-41e6-b8da-41fb6e633a75@group-19BC43D416A8-SegmentedRaftLogWorker: created new log segment /home/runner/work/ozone/ozone/hadoop-ozone/integration-test/target/test-dir/MiniOzoneClusterImpl-1f897967-a85f-45b1-932e-48a7a77b5829/datanode-0/data/ratis/2c77f341-3b5a-472b-8d2a-19bc43d416a8/current/log_inprogress_0
2023-08-31 18:18:41,835 [8ed59791-7601-47e5-a424-1bf234fecffd-server-thread1] INFO  server.RaftServer$Division (ServerState.java:setRaftConf(434)) - 8ed59791-7601-47e5-a424-1bf234fecffd@group-19BC43D416A8: set configuration 0: peers:[55a42498-51b5-4c22-a6d0-b6e523d26bd9|rpc:10.1.0.8:15085|admin:10.1.0.8:15084|client:10.1.0.8:15083|dataStream:10.1.0.8:15086|priority:1|startupRole:FOLLOWER, 9837b75f-f89f-41e6-b8da-41fb6e633a75|rpc:10.1.0.8:15067|admin:10.1.0.8:15066|client:10.1.0.8:15065|dataStream:10.1.0.8:15068|priority:0|startupRole:FOLLOWER, 8ed59791-7601-47e5-a424-1bf234fecffd|rpc:10.1.0.8:15076|admin:10.1.0.8:15075|client:10.1.0.8:15074|dataStream:10.1.0.8:15077|priority:0|startupRole:FOLLOWER]|listeners:[], old=null
2023-08-31 18:18:41,835 [8ed59791-7601-47e5-a424-1bf234fecffd-server-thread1] INFO  segmented.SegmentedRaftLogWorker (SegmentedRaftLogWorker.java:startLogSegment(447)) - 8ed59791-7601-47e5-a424-1bf234fecffd@group-19BC43D416A8-SegmentedRaftLogWorker: Starting segment from index:0
2023-08-31 18:18:41,838 [8ed59791-7601-47e5-a424-1bf234fecffd@group-19BC43D416A8-SegmentedRaftLogWorker] INFO  segmented.SegmentedRaftLogWorker (SegmentedRaftLogWorker.java:execute(651)) - 8ed59791-7601-47e5-a424-1bf234fecffd@group-19BC43D416A8-SegmentedRaftLogWorker: created new log segment /home/runner/work/ozone/ozone/hadoop-ozone/integration-test/target/test-dir/MiniOzoneClusterImpl-1f897967-a85f-45b1-932e-48a7a77b5829/datanode-1/data/ratis/2c77f341-3b5a-472b-8d2a-19bc43d416a8/current/log_inprogress_0
2023-08-31 18:18:41,979 [9837b75f-f89f-41e6-b8da-41fb6e633a75@group-5C4AA5E3D544-FollowerState] INFO  impl.FollowerState (FollowerState.java:run(143)) - 9837b75f-f89f-41e6-b8da-41fb6e633a75@group-5C4AA5E3D544-FollowerState: change to CANDIDATE, lastRpcElapsedTime:5186371451ns, electionTimeout:5185ms
2023-08-31 18:18:41,979 [9837b75f-f89f-41e6-b8da-41fb6e633a75@group-5C4AA5E3D544-FollowerState] INFO  impl.RoleInfo (RoleInfo.java:shutdownFollowerState(110)) - 9837b75f-f89f-41e6-b8da-41fb6e633a75: shutdown 9837b75f-f89f-41e6-b8da-41fb6e633a75@group-5C4AA5E3D544-FollowerState
2023-08-31 18:18:41,979 [9837b75f-f89f-41e6-b8da-41fb6e633a75@group-5C4AA5E3D544-FollowerState] INFO  server.RaftServer$Division (RaftServerImpl.java:setRole(329)) - 9837b75f-f89f-41e6-b8da-41fb6e633a75@group-5C4AA5E3D544: changes role from  FOLLOWER to CANDIDATE at term 0 for changeToCandidate
2023-08-31 18:18:41,979 [9837b75f-f89f-41e6-b8da-41fb6e633a75@group-5C4AA5E3D544-FollowerState] INFO  server.RaftServerConfigKeys (ConfUtils.java:logGet(46)) - raft.server.leaderelection.pre-vote = true (default)
2023-08-31 18:18:41,979 [9837b75f-f89f-41e6-b8da-41fb6e633a75@group-5C4AA5E3D544-FollowerState] INFO  impl.RoleInfo (RoleInfo.java:updateAndGet(139)) - 9837b75f-f89f-41e6-b8da-41fb6e633a75: start 9837b75f-f89f-41e6-b8da-41fb6e633a75@group-5C4AA5E3D544-LeaderElection14
2023-08-31 18:18:41,982 [9837b75f-f89f-41e6-b8da-41fb6e633a75@group-5C4AA5E3D544-LeaderElection14] INFO  impl.LeaderElection (LeaderElection.java:askForVotes(321)) - 9837b75f-f89f-41e6-b8da-41fb6e633a75@group-5C4AA5E3D544-LeaderElection14 PRE_VOTE round 0: submit vote requests at term 0 for -1: peers:[55a42498-51b5-4c22-a6d0-b6e523d26bd9|rpc:10.1.0.8:15085|admin:10.1.0.8:15084|client:10.1.0.8:15083|dataStream:10.1.0.8:15086|priority:0|startupRole:FOLLOWER, 9837b75f-f89f-41e6-b8da-41fb6e633a75|rpc:10.1.0.8:15067|admin:10.1.0.8:15066|client:10.1.0.8:15065|dataStream:10.1.0.8:15068|priority:0|startupRole:FOLLOWER, 8ed59791-7601-47e5-a424-1bf234fecffd|rpc:10.1.0.8:15076|admin:10.1.0.8:15075|client:10.1.0.8:15074|dataStream:10.1.0.8:15077|priority:1|startupRole:FOLLOWER]|listeners:[], old=null
2023-08-31 18:18:41,982 [9837b75f-f89f-41e6-b8da-41fb6e633a75@group-5C4AA5E3D544-LeaderElection14-1] INFO  server.GrpcServerProtocolClient (GrpcServerProtocolClient.java:<init>(65)) - Build channel for 55a42498-51b5-4c22-a6d0-b6e523d26bd9
2023-08-31 18:18:41,982 [9837b75f-f89f-41e6-b8da-41fb6e633a75@group-5C4AA5E3D544-LeaderElection14] INFO  server.RaftServerConfigKeys (ConfUtils.java:logFallback(53)) - raft.server.rpc.first-election.timeout.min = 5s (fallback to raft.server.rpc.timeout.min)
2023-08-31 18:18:41,983 [9837b75f-f89f-41e6-b8da-41fb6e633a75@group-5C4AA5E3D544-LeaderElection14] INFO  server.RaftServerConfigKeys (ConfUtils.java:logFallback(53)) - raft.server.rpc.first-election.timeout.max = 5200ms (fallback to raft.server.rpc.timeout.max)
2023-08-31 18:18:41,983 [9837b75f-f89f-41e6-b8da-41fb6e633a75@group-5C4AA5E3D544-LeaderElection14-2] INFO  server.GrpcServerProtocolClient (GrpcServerProtocolClient.java:<init>(65)) - Build channel for 8ed59791-7601-47e5-a424-1bf234fecffd
2023-08-31 18:18:41,999 [grpc-default-executor-5] INFO  server.RaftServer$Division (RaftServerImpl.java:requestVote(1302)) - 8ed59791-7601-47e5-a424-1bf234fecffd@group-5C4AA5E3D544: receive requestVote(PRE_VOTE, 9837b75f-f89f-41e6-b8da-41fb6e633a75, group-5C4AA5E3D544, 0, (t:0, i:0))
2023-08-31 18:18:41,999 [grpc-default-executor-5] INFO  impl.VoteContext (VoteContext.java:log(49)) - 8ed59791-7601-47e5-a424-1bf234fecffd@group-5C4AA5E3D544-FOLLOWER: reject PRE_VOTE from 9837b75f-f89f-41e6-b8da-41fb6e633a75: our priority 1 > candidate's priority 0
2023-08-31 18:18:41,999 [grpc-default-executor-5] INFO  server.RaftServer$Division (RaftServerImpl.java:requestVote(1335)) - 8ed59791-7601-47e5-a424-1bf234fecffd@group-5C4AA5E3D544 replies to PRE_VOTE vote request: 9837b75f-f89f-41e6-b8da-41fb6e633a75<-8ed59791-7601-47e5-a424-1bf234fecffd#0:FAIL-t0. Peer's state: 8ed59791-7601-47e5-a424-1bf234fecffd@group-5C4AA5E3D544:t0, leader=null, voted=, raftlog=Memoized:8ed59791-7601-47e5-a424-1bf234fecffd@group-5C4AA5E3D544-SegmentedRaftLog:OPENED:c-1, conf=-1: peers:[55a42498-51b5-4c22-a6d0-b6e523d26bd9|rpc:10.1.0.8:15085|admin:10.1.0.8:15084|client:10.1.0.8:15083|dataStream:10.1.0.8:15086|priority:0|startupRole:FOLLOWER, 9837b75f-f89f-41e6-b8da-41fb6e633a75|rpc:10.1.0.8:15067|admin:10.1.0.8:15066|client:10.1.0.8:15065|dataStream:10.1.0.8:15068|priority:0|startupRole:FOLLOWER, 8ed59791-7601-47e5-a424-1bf234fecffd|rpc:10.1.0.8:15076|admin:10.1.0.8:15075|client:10.1.0.8:15074|dataStream:10.1.0.8:15077|priority:1|startupRole:FOLLOWER]|listeners:[], old=null
2023-08-31 18:18:42,003 [grpc-default-executor-2] INFO  server.RaftServer$Division (RaftServerImpl.java:requestVote(1302)) - 55a42498-51b5-4c22-a6d0-b6e523d26bd9@group-5C4AA5E3D544: receive requestVote(PRE_VOTE, 9837b75f-f89f-41e6-b8da-41fb6e633a75, group-5C4AA5E3D544, 0, (t:0, i:0))
2023-08-31 18:18:42,004 [grpc-default-executor-2] INFO  impl.VoteContext (VoteContext.java:log(49)) - 55a42498-51b5-4c22-a6d0-b6e523d26bd9@group-5C4AA5E3D544-FOLLOWER: accept PRE_VOTE from 9837b75f-f89f-41e6-b8da-41fb6e633a75: our priority 0 <= candidate's priority 0
2023-08-31 18:18:42,004 [grpc-default-executor-2] INFO  server.RaftServer$Division (RaftServerImpl.java:requestVote(1335)) - 55a42498-51b5-4c22-a6d0-b6e523d26bd9@group-5C4AA5E3D544 replies to PRE_VOTE vote request: 9837b75f-f89f-41e6-b8da-41fb6e633a75<-55a42498-51b5-4c22-a6d0-b6e523d26bd9#0:OK-t0. Peer's state: 55a42498-51b5-4c22-a6d0-b6e523d26bd9@group-5C4AA5E3D544:t0, leader=null, voted=, raftlog=Memoized:55a42498-51b5-4c22-a6d0-b6e523d26bd9@group-5C4AA5E3D544-SegmentedRaftLog:OPENED:c-1, conf=-1: peers:[55a42498-51b5-4c22-a6d0-b6e523d26bd9|rpc:10.1.0.8:15085|admin:10.1.0.8:15084|client:10.1.0.8:15083|dataStream:10.1.0.8:15086|priority:0|startupRole:FOLLOWER, 9837b75f-f89f-41e6-b8da-41fb6e633a75|rpc:10.1.0.8:15067|admin:10.1.0.8:15066|client:10.1.0.8:15065|dataStream:10.1.0.8:15068|priority:0|startupRole:FOLLOWER, 8ed59791-7601-47e5-a424-1bf234fecffd|rpc:10.1.0.8:15076|admin:10.1.0.8:15075|client:10.1.0.8:15074|dataStream:10.1.0.8:15077|priority:1|startupRole:FOLLOWER]|listeners:[], old=null
2023-08-31 18:18:42,008 [9837b75f-f89f-41e6-b8da-41fb6e633a75@group-5C4AA5E3D544-LeaderElection14] INFO  impl.LeaderElection (LeaderElection.java:logAndReturn(90)) - 9837b75f-f89f-41e6-b8da-41fb6e633a75@group-5C4AA5E3D544-LeaderElection14: PRE_VOTE REJECTED received 2 response(s) and 0 exception(s):
2023-08-31 18:18:42,008 [9837b75f-f89f-41e6-b8da-41fb6e633a75@group-5C4AA5E3D544-LeaderElection14] INFO  impl.LeaderElection (LeaderElection.java:logAndReturn(94)) -   Response 0: 9837b75f-f89f-41e6-b8da-41fb6e633a75<-55a42498-51b5-4c22-a6d0-b6e523d26bd9#0:OK-t0
2023-08-31 18:18:42,008 [9837b75f-f89f-41e6-b8da-41fb6e633a75@group-5C4AA5E3D544-LeaderElection14] INFO  impl.LeaderElection (LeaderElection.java:logAndReturn(94)) -   Response 1: 9837b75f-f89f-41e6-b8da-41fb6e633a75<-8ed59791-7601-47e5-a424-1bf234fecffd#0:FAIL-t0
2023-08-31 18:18:42,008 [9837b75f-f89f-41e6-b8da-41fb6e633a75@group-5C4AA5E3D544-LeaderElection14] INFO  impl.LeaderElection (LeaderElection.java:askForVotes(323)) - 9837b75f-f89f-41e6-b8da-41fb6e633a75@group-5C4AA5E3D544-LeaderElection14 PRE_VOTE round 0: result REJECTED
2023-08-31 18:18:42,008 [9837b75f-f89f-41e6-b8da-41fb6e633a75@group-5C4AA5E3D544-LeaderElection14] INFO  server.RaftServer$Division (RaftServerImpl.java:setRole(329)) - 9837b75f-f89f-41e6-b8da-41fb6e633a75@group-5C4AA5E3D544: changes role from CANDIDATE to FOLLOWER at term 0 for REJECTED
2023-08-31 18:18:42,008 [9837b75f-f89f-41e6-b8da-41fb6e633a75@group-5C4AA5E3D544-LeaderElection14] INFO  impl.RoleInfo (RoleInfo.java:shutdownLeaderElection(130)) - 9837b75f-f89f-41e6-b8da-41fb6e633a75: shutdown 9837b75f-f89f-41e6-b8da-41fb6e633a75@group-5C4AA5E3D544-LeaderElection14
2023-08-31 18:18:42,008 [9837b75f-f89f-41e6-b8da-41fb6e633a75@group-5C4AA5E3D544-LeaderElection14] INFO  impl.RoleInfo (RoleInfo.java:updateAndGet(139)) - 9837b75f-f89f-41e6-b8da-41fb6e633a75: start 9837b75f-f89f-41e6-b8da-41fb6e633a75@group-5C4AA5E3D544-FollowerState
2023-08-31 18:18:42,019 [main] INFO  ozone.MiniOzoneClusterImpl (MiniOzoneClusterImpl.java:lambda$waitForClusterToBeReady$0(224)) - Nodes are ready. Got 5 of 5 DN Heartbeats.
2023-08-31 18:18:42,019 [main] INFO  ozone.MiniOzoneClusterImpl (MiniOzoneClusterImpl.java:lambda$waitForClusterToBeReady$0(227)) - Cluster exits safe mode
2023-08-31 18:18:42,019 [main] INFO  ozone.MiniOzoneClusterImpl (MiniOzoneClusterImpl.java:lambda$waitForClusterToBeReady$0(229)) - SCM became leader
2023-08-31 18:18:42,026 [8ed59791-7601-47e5-a424-1bf234fecffd@group-5C4AA5E3D544-FollowerState] INFO  impl.FollowerState (FollowerState.java:run(143)) - 8ed59791-7601-47e5-a424-1bf234fecffd@group-5C4AA5E3D544-FollowerState: change to CANDIDATE, lastRpcElapsedTime:5022360091ns, electionTimeout:5017ms
2023-08-31 18:18:42,026 [8ed59791-7601-47e5-a424-1bf234fecffd@group-5C4AA5E3D544-FollowerState] INFO  impl.RoleInfo (RoleInfo.java:shutdownFollowerState(110)) - 8ed59791-7601-47e5-a424-1bf234fecffd: shutdown 8ed59791-7601-47e5-a424-1bf234fecffd@group-5C4AA5E3D544-FollowerState
2023-08-31 18:18:42,026 [8ed59791-7601-47e5-a424-1bf234fecffd@group-5C4AA5E3D544-FollowerState] INFO  server.RaftServer$Division (RaftServerImpl.java:setRole(329)) - 8ed59791-7601-47e5-a424-1bf234fecffd@group-5C4AA5E3D544: changes role from  FOLLOWER to CANDIDATE at term 0 for changeToCandidate
2023-08-31 18:18:42,027 [8ed59791-7601-47e5-a424-1bf234fecffd@group-5C4AA5E3D544-FollowerState] INFO  server.RaftServerConfigKeys (ConfUtils.java:logGet(46)) - raft.server.leaderelection.pre-vote = true (default)
2023-08-31 18:18:42,027 [8ed59791-7601-47e5-a424-1bf234fecffd@group-5C4AA5E3D544-FollowerState] INFO  impl.RoleInfo (RoleInfo.java:updateAndGet(139)) - 8ed59791-7601-47e5-a424-1bf234fecffd: start 8ed59791-7601-47e5-a424-1bf234fecffd@group-5C4AA5E3D544-LeaderElection15
2023-08-31 18:18:42,036 [8ed59791-7601-47e5-a424-1bf234fecffd@group-5C4AA5E3D544-LeaderElection15] INFO  impl.LeaderElection (LeaderElection.java:askForVotes(321)) - 8ed59791-7601-47e5-a424-1bf234fecffd@group-5C4AA5E3D544-LeaderElection15 PRE_VOTE round 0: submit vote requests at term 0 for -1: peers:[55a42498-51b5-4c22-a6d0-b6e523d26bd9|rpc:10.1.0.8:15085|admin:10.1.0.8:15084|client:10.1.0.8:15083|dataStream:10.1.0.8:15086|priority:0|startupRole:FOLLOWER, 9837b75f-f89f-41e6-b8da-41fb6e633a75|rpc:10.1.0.8:15067|admin:10.1.0.8:15066|client:10.1.0.8:15065|dataStream:10.1.0.8:15068|priority:0|startupRole:FOLLOWER, 8ed59791-7601-47e5-a424-1bf234fecffd|rpc:10.1.0.8:15076|admin:10.1.0.8:15075|client:10.1.0.8:15074|dataStream:10.1.0.8:15077|priority:1|startupRole:FOLLOWER]|listeners:[], old=null
2023-08-31 18:18:42,041 [8ed59791-7601-47e5-a424-1bf234fecffd@group-5C4AA5E3D544-LeaderElection15-1] INFO  server.GrpcServerProtocolClient (GrpcServerProtocolClient.java:<init>(65)) - Build channel for 55a42498-51b5-4c22-a6d0-b6e523d26bd9
2023-08-31 18:18:42,047 [8ed59791-7601-47e5-a424-1bf234fecffd@group-5C4AA5E3D544-LeaderElection15] INFO  server.RaftServerConfigKeys (ConfUtils.java:logFallback(53)) - raft.server.rpc.first-election.timeout.min = 5s (fallback to raft.server.rpc.timeout.min)
2023-08-31 18:18:42,047 [8ed59791-7601-47e5-a424-1bf234fecffd@group-5C4AA5E3D544-LeaderElection15] INFO  server.RaftServerConfigKeys (ConfUtils.java:logFallback(53)) - raft.server.rpc.first-election.timeout.max = 5200ms (fallback to raft.server.rpc.timeout.max)
2023-08-31 18:18:42,047 [8ed59791-7601-47e5-a424-1bf234fecffd@group-5C4AA5E3D544-LeaderElection15-2] INFO  server.GrpcServerProtocolClient (GrpcServerProtocolClient.java:<init>(65)) - Build channel for 9837b75f-f89f-41e6-b8da-41fb6e633a75
2023-08-31 18:18:42,068 [main] INFO  rpc.RpcClient (RpcClient.java:createVolume(461)) - Creating Volume: volume38115, with user06334 as owner and space quota set to -1 bytes, counts quota set to -1
2023-08-31 18:18:42,068 [grpc-default-executor-2] INFO  server.RaftServer$Division (RaftServerImpl.java:requestVote(1302)) - 55a42498-51b5-4c22-a6d0-b6e523d26bd9@group-5C4AA5E3D544: receive requestVote(PRE_VOTE, 8ed59791-7601-47e5-a424-1bf234fecffd, group-5C4AA5E3D544, 0, (t:0, i:0))
2023-08-31 18:18:42,069 [grpc-default-executor-2] INFO  impl.VoteContext (VoteContext.java:log(49)) - 55a42498-51b5-4c22-a6d0-b6e523d26bd9@group-5C4AA5E3D544-FOLLOWER: accept PRE_VOTE from 8ed59791-7601-47e5-a424-1bf234fecffd: our priority 0 <= candidate's priority 1
2023-08-31 18:18:42,069 [grpc-default-executor-2] INFO  server.RaftServer$Division (RaftServerImpl.java:requestVote(1335)) - 55a42498-51b5-4c22-a6d0-b6e523d26bd9@group-5C4AA5E3D544 replies to PRE_VOTE vote request: 8ed59791-7601-47e5-a424-1bf234fecffd<-55a42498-51b5-4c22-a6d0-b6e523d26bd9#0:OK-t0. Peer's state: 55a42498-51b5-4c22-a6d0-b6e523d26bd9@group-5C4AA5E3D544:t0, leader=null, voted=, raftlog=Memoized:55a42498-51b5-4c22-a6d0-b6e523d26bd9@group-5C4AA5E3D544-SegmentedRaftLog:OPENED:c-1, conf=-1: peers:[55a42498-51b5-4c22-a6d0-b6e523d26bd9|rpc:10.1.0.8:15085|admin:10.1.0.8:15084|client:10.1.0.8:15083|dataStream:10.1.0.8:15086|priority:0|startupRole:FOLLOWER, 9837b75f-f89f-41e6-b8da-41fb6e633a75|rpc:10.1.0.8:15067|admin:10.1.0.8:15066|client:10.1.0.8:15065|dataStream:10.1.0.8:15068|priority:0|startupRole:FOLLOWER, 8ed59791-7601-47e5-a424-1bf234fecffd|rpc:10.1.0.8:15076|admin:10.1.0.8:15075|client:10.1.0.8:15074|dataStream:10.1.0.8:15077|priority:1|startupRole:FOLLOWER]|listeners:[], old=null
2023-08-31 18:18:42,070 [IPC Server handler 2 on default port 15057] INFO  volume.OMVolumeCreateRequest (OMVolumeCreateRequest.java:validateAndUpdateCache(196)) - created volume:volume38115 for user:user06334
2023-08-31 18:18:42,078 [8ed59791-7601-47e5-a424-1bf234fecffd@group-5C4AA5E3D544-LeaderElection15] INFO  impl.LeaderElection (LeaderElection.java:logAndReturn(90)) - 8ed59791-7601-47e5-a424-1bf234fecffd@group-5C4AA5E3D544-LeaderElection15: PRE_VOTE PASSED received 1 response(s) and 0 exception(s):
2023-08-31 18:18:42,078 [8ed59791-7601-47e5-a424-1bf234fecffd@group-5C4AA5E3D544-LeaderElection15] INFO  impl.LeaderElection (LeaderElection.java:logAndReturn(94)) -   Response 0: 8ed59791-7601-47e5-a424-1bf234fecffd<-55a42498-51b5-4c22-a6d0-b6e523d26bd9#0:OK-t0
2023-08-31 18:18:42,078 [8ed59791-7601-47e5-a424-1bf234fecffd@group-5C4AA5E3D544-LeaderElection15] INFO  impl.LeaderElection (LeaderElection.java:askForVotes(323)) - 8ed59791-7601-47e5-a424-1bf234fecffd@group-5C4AA5E3D544-LeaderElection15 PRE_VOTE round 0: result PASSED
2023-08-31 18:18:42,080 [grpc-default-executor-2] INFO  server.RaftServer$Division (RaftServerImpl.java:requestVote(1302)) - 9837b75f-f89f-41e6-b8da-41fb6e633a75@group-5C4AA5E3D544: receive requestVote(PRE_VOTE, 8ed59791-7601-47e5-a424-1bf234fecffd, group-5C4AA5E3D544, 0, (t:0, i:0))
2023-08-31 18:18:42,080 [grpc-default-executor-2] INFO  impl.VoteContext (VoteContext.java:log(49)) - 9837b75f-f89f-41e6-b8da-41fb6e633a75@group-5C4AA5E3D544-FOLLOWER: accept PRE_VOTE from 8ed59791-7601-47e5-a424-1bf234fecffd: our priority 0 <= candidate's priority 1
2023-08-31 18:18:42,081 [grpc-default-executor-2] INFO  server.RaftServer$Division (RaftServerImpl.java:requestVote(1335)) - 9837b75f-f89f-41e6-b8da-41fb6e633a75@group-5C4AA5E3D544 replies to PRE_VOTE vote request: 8ed59791-7601-47e5-a424-1bf234fecffd<-9837b75f-f89f-41e6-b8da-41fb6e633a75#0:OK-t0. Peer's state: 9837b75f-f89f-41e6-b8da-41fb6e633a75@group-5C4AA5E3D544:t0, leader=null, voted=, raftlog=Memoized:9837b75f-f89f-41e6-b8da-41fb6e633a75@group-5C4AA5E3D544-SegmentedRaftLog:OPENED:c-1, conf=-1: peers:[55a42498-51b5-4c22-a6d0-b6e523d26bd9|rpc:10.1.0.8:15085|admin:10.1.0.8:15084|client:10.1.0.8:15083|dataStream:10.1.0.8:15086|priority:0|startupRole:FOLLOWER, 9837b75f-f89f-41e6-b8da-41fb6e633a75|rpc:10.1.0.8:15067|admin:10.1.0.8:15066|client:10.1.0.8:15065|dataStream:10.1.0.8:15068|priority:0|startupRole:FOLLOWER, 8ed59791-7601-47e5-a424-1bf234fecffd|rpc:10.1.0.8:15076|admin:10.1.0.8:15075|client:10.1.0.8:15074|dataStream:10.1.0.8:15077|priority:1|startupRole:FOLLOWER]|listeners:[], old=null
2023-08-31 18:18:42,081 [8ed59791-7601-47e5-a424-1bf234fecffd@group-5C4AA5E3D544-LeaderElection15] INFO  impl.LeaderElection (LeaderElection.java:askForVotes(321)) - 8ed59791-7601-47e5-a424-1bf234fecffd@group-5C4AA5E3D544-LeaderElection15 ELECTION round 0: submit vote requests at term 1 for -1: peers:[55a42498-51b5-4c22-a6d0-b6e523d26bd9|rpc:10.1.0.8:15085|admin:10.1.0.8:15084|client:10.1.0.8:15083|dataStream:10.1.0.8:15086|priority:0|startupRole:FOLLOWER, 9837b75f-f89f-41e6-b8da-41fb6e633a75|rpc:10.1.0.8:15067|admin:10.1.0.8:15066|client:10.1.0.8:15065|dataStream:10.1.0.8:15068|priority:0|startupRole:FOLLOWER, 8ed59791-7601-47e5-a424-1bf234fecffd|rpc:10.1.0.8:15076|admin:10.1.0.8:15075|client:10.1.0.8:15074|dataStream:10.1.0.8:15077|priority:1|startupRole:FOLLOWER]|listeners:[], old=null
2023-08-31 18:18:42,092 [8ed59791-7601-47e5-a424-1bf234fecffd@group-5C4AA5E3D544-LeaderElection15] INFO  server.RaftServerConfigKeys (ConfUtils.java:logFallback(53)) - raft.server.rpc.first-election.timeout.min = 5s (fallback to raft.server.rpc.timeout.min)
2023-08-31 18:18:42,092 [8ed59791-7601-47e5-a424-1bf234fecffd@group-5C4AA5E3D544-LeaderElection15] INFO  server.RaftServerConfigKeys (ConfUtils.java:logFallback(53)) - raft.server.rpc.first-election.timeout.max = 5200ms (fallback to raft.server.rpc.timeout.max)
2023-08-31 18:18:42,094 [grpc-default-executor-2] INFO  server.RaftServer$Division (RaftServerImpl.java:requestVote(1302)) - 55a42498-51b5-4c22-a6d0-b6e523d26bd9@group-5C4AA5E3D544: receive requestVote(ELECTION, 8ed59791-7601-47e5-a424-1bf234fecffd, group-5C4AA5E3D544, 1, (t:0, i:0))
2023-08-31 18:18:42,094 [grpc-default-executor-2] INFO  impl.VoteContext (VoteContext.java:log(49)) - 55a42498-51b5-4c22-a6d0-b6e523d26bd9@group-5C4AA5E3D544-FOLLOWER: accept ELECTION from 8ed59791-7601-47e5-a424-1bf234fecffd: our priority 0 <= candidate's priority 1
2023-08-31 18:18:42,094 [grpc-default-executor-2] INFO  server.RaftServer$Division (RaftServerImpl.java:setRole(329)) - 55a42498-51b5-4c22-a6d0-b6e523d26bd9@group-5C4AA5E3D544: changes role from  FOLLOWER to FOLLOWER at term 1 for candidate:8ed59791-7601-47e5-a424-1bf234fecffd
2023-08-31 18:18:42,094 [grpc-default-executor-2] INFO  impl.RoleInfo (RoleInfo.java:shutdownFollowerState(110)) - 55a42498-51b5-4c22-a6d0-b6e523d26bd9: shutdown 55a42498-51b5-4c22-a6d0-b6e523d26bd9@group-5C4AA5E3D544-FollowerState
2023-08-31 18:18:42,095 [grpc-default-executor-2] INFO  impl.RoleInfo (RoleInfo.java:updateAndGet(139)) - 55a42498-51b5-4c22-a6d0-b6e523d26bd9: start 55a42498-51b5-4c22-a6d0-b6e523d26bd9@group-5C4AA5E3D544-FollowerState
2023-08-31 18:18:42,095 [55a42498-51b5-4c22-a6d0-b6e523d26bd9@group-5C4AA5E3D544-FollowerState] INFO  impl.FollowerState (FollowerState.java:run(152)) - 55a42498-51b5-4c22-a6d0-b6e523d26bd9@group-5C4AA5E3D544-FollowerState was interrupted
2023-08-31 18:18:42,100 [grpc-default-executor-5] INFO  server.RaftServer$Division (RaftServerImpl.java:requestVote(1302)) - 9837b75f-f89f-41e6-b8da-41fb6e633a75@group-5C4AA5E3D544: receive requestVote(ELECTION, 8ed59791-7601-47e5-a424-1bf234fecffd, group-5C4AA5E3D544, 1, (t:0, i:0))
2023-08-31 18:18:42,100 [grpc-default-executor-5] INFO  impl.VoteContext (VoteContext.java:log(49)) - 9837b75f-f89f-41e6-b8da-41fb6e633a75@group-5C4AA5E3D544-FOLLOWER: accept ELECTION from 8ed59791-7601-47e5-a424-1bf234fecffd: our priority 0 <= candidate's priority 1
2023-08-31 18:18:42,100 [grpc-default-executor-5] INFO  server.RaftServer$Division (RaftServerImpl.java:setRole(329)) - 9837b75f-f89f-41e6-b8da-41fb6e633a75@group-5C4AA5E3D544: changes role from  FOLLOWER to FOLLOWER at term 1 for candidate:8ed59791-7601-47e5-a424-1bf234fecffd
2023-08-31 18:18:42,100 [grpc-default-executor-5] INFO  impl.RoleInfo (RoleInfo.java:shutdownFollowerState(110)) - 9837b75f-f89f-41e6-b8da-41fb6e633a75: shutdown 9837b75f-f89f-41e6-b8da-41fb6e633a75@group-5C4AA5E3D544-FollowerState
2023-08-31 18:18:42,100 [grpc-default-executor-5] INFO  impl.RoleInfo (RoleInfo.java:updateAndGet(139)) - 9837b75f-f89f-41e6-b8da-41fb6e633a75: start 9837b75f-f89f-41e6-b8da-41fb6e633a75@group-5C4AA5E3D544-FollowerState
2023-08-31 18:18:42,100 [9837b75f-f89f-41e6-b8da-41fb6e633a75@group-5C4AA5E3D544-FollowerState] INFO  impl.FollowerState (FollowerState.java:run(152)) - 9837b75f-f89f-41e6-b8da-41fb6e633a75@group-5C4AA5E3D544-FollowerState was interrupted
2023-08-31 18:18:42,101 [grpc-default-executor-2] INFO  server.RaftServer$Division (RaftServerImpl.java:requestVote(1335)) - 55a42498-51b5-4c22-a6d0-b6e523d26bd9@group-5C4AA5E3D544 replies to ELECTION vote request: 8ed59791-7601-47e5-a424-1bf234fecffd<-55a42498-51b5-4c22-a6d0-b6e523d26bd9#0:OK-t1. Peer's state: 55a42498-51b5-4c22-a6d0-b6e523d26bd9@group-5C4AA5E3D544:t1, leader=null, voted=8ed59791-7601-47e5-a424-1bf234fecffd, raftlog=Memoized:55a42498-51b5-4c22-a6d0-b6e523d26bd9@group-5C4AA5E3D544-SegmentedRaftLog:OPENED:c-1, conf=-1: peers:[55a42498-51b5-4c22-a6d0-b6e523d26bd9|rpc:10.1.0.8:15085|admin:10.1.0.8:15084|client:10.1.0.8:15083|dataStream:10.1.0.8:15086|priority:0|startupRole:FOLLOWER, 9837b75f-f89f-41e6-b8da-41fb6e633a75|rpc:10.1.0.8:15067|admin:10.1.0.8:15066|client:10.1.0.8:15065|dataStream:10.1.0.8:15068|priority:0|startupRole:FOLLOWER, 8ed59791-7601-47e5-a424-1bf234fecffd|rpc:10.1.0.8:15076|admin:10.1.0.8:15075|client:10.1.0.8:15074|dataStream:10.1.0.8:15077|priority:1|startupRole:FOLLOWER]|listeners:[], old=null
2023-08-31 18:18:42,104 [8ed59791-7601-47e5-a424-1bf234fecffd@group-5C4AA5E3D544-LeaderElection15] INFO  impl.LeaderElection (LeaderElection.java:logAndReturn(90)) - 8ed59791-7601-47e5-a424-1bf234fecffd@group-5C4AA5E3D544-LeaderElection15: ELECTION PASSED received 1 response(s) and 0 exception(s):
2023-08-31 18:18:42,104 [8ed59791-7601-47e5-a424-1bf234fecffd@group-5C4AA5E3D544-LeaderElection15] INFO  impl.LeaderElection (LeaderElection.java:logAndReturn(94)) -   Response 0: 8ed59791-7601-47e5-a424-1bf234fecffd<-55a42498-51b5-4c22-a6d0-b6e523d26bd9#0:OK-t1
2023-08-31 18:18:42,116 [8ed59791-7601-47e5-a424-1bf234fecffd@group-5C4AA5E3D544-LeaderElection15] INFO  impl.LeaderElection (LeaderElection.java:askForVotes(323)) - 8ed59791-7601-47e5-a424-1bf234fecffd@group-5C4AA5E3D544-LeaderElection15 ELECTION round 0: result PASSED
2023-08-31 18:18:42,118 [8ed59791-7601-47e5-a424-1bf234fecffd@group-5C4AA5E3D544-LeaderElection15] INFO  impl.RoleInfo (RoleInfo.java:shutdownLeaderElection(130)) - 8ed59791-7601-47e5-a424-1bf234fecffd: shutdown 8ed59791-7601-47e5-a424-1bf234fecffd@group-5C4AA5E3D544-LeaderElection15
2023-08-31 18:18:42,118 [8ed59791-7601-47e5-a424-1bf234fecffd@group-5C4AA5E3D544-LeaderElection15] INFO  server.RaftServer$Division (RaftServerImpl.java:setRole(329)) - 8ed59791-7601-47e5-a424-1bf234fecffd@group-5C4AA5E3D544: changes role from CANDIDATE to LEADER at term 1 for changeToLeader
2023-08-31 18:18:42,118 [8ed59791-7601-47e5-a424-1bf234fecffd@group-5C4AA5E3D544-LeaderElection15] INFO  ratis.XceiverServerRatis (XceiverServerRatis.java:handleLeaderChangedNotification(902)) - Leader change notification received for group: group-5C4AA5E3D544 with new leaderId: 8ed59791-7601-47e5-a424-1bf234fecffd
2023-08-31 18:18:42,119 [8ed59791-7601-47e5-a424-1bf234fecffd@group-5C4AA5E3D544-LeaderElection15] INFO  server.RaftServer$Division (ServerState.java:setLeader(317)) - 8ed59791-7601-47e5-a424-1bf234fecffd@group-5C4AA5E3D544: change Leader from null to 8ed59791-7601-47e5-a424-1bf234fecffd at term 1 for becomeLeader, leader elected after 5296ms
2023-08-31 18:18:42,119 [8ed59791-7601-47e5-a424-1bf234fecffd@group-5C4AA5E3D544-LeaderElection15] INFO  server.RaftServerConfigKeys (ConfUtils.java:logGet(46)) - raft.server.staging.catchup.gap = 1000 (default)
2023-08-31 18:18:42,119 [8ed59791-7601-47e5-a424-1bf234fecffd@group-5C4AA5E3D544-LeaderElection15] INFO  server.RaftServerConfigKeys (ConfUtils.java:logGet(46)) - raft.server.write.element-limit = 1024 (custom)
2023-08-31 18:18:42,119 [8ed59791-7601-47e5-a424-1bf234fecffd@group-5C4AA5E3D544-LeaderElection15] INFO  server.RaftServerConfigKeys (ConfUtils.java:logGet(46)) - raft.server.write.byte-limit = 1024 M (=1073741824) (custom)
2023-08-31 18:18:42,119 [8ed59791-7601-47e5-a424-1bf234fecffd@group-5C4AA5E3D544-LeaderElection15] INFO  server.RaftServerConfigKeys (ConfUtils.java:logGet(46)) - raft.server.watch.timeout = 180s (custom)
2023-08-31 18:18:42,119 [8ed59791-7601-47e5-a424-1bf234fecffd@group-5C4AA5E3D544-LeaderElection15] INFO  server.RaftServerConfigKeys (ConfUtils.java:logGet(46)) - raft.server.watch.timeout.denomination = 1s (default)
2023-08-31 18:18:42,122 [8ed59791-7601-47e5-a424-1bf234fecffd@group-5C4AA5E3D544-LeaderElection15] INFO  server.RaftServerConfigKeys (ConfUtils.java:logGet(46)) - raft.server.watch.element-limit = 65536 (default)
2023-08-31 18:18:42,122 [8ed59791-7601-47e5-a424-1bf234fecffd@group-5C4AA5E3D544-LeaderElection15] INFO  server.RaftServerConfigKeys (ConfUtils.java:logGet(46)) - raft.server.write.element-limit = 1024 (custom)
2023-08-31 18:18:42,122 [8ed59791-7601-47e5-a424-1bf234fecffd@group-5C4AA5E3D544-LeaderElection15] INFO  server.RaftServerConfigKeys (ConfUtils.java:logGet(46)) - raft.server.write.follower.gap.ratio.max = -1.0 (default)
2023-08-31 18:18:42,117 [grpc-default-executor-5] INFO  server.RaftServer$Division (RaftServerImpl.java:requestVote(1335)) - 9837b75f-f89f-41e6-b8da-41fb6e633a75@group-5C4AA5E3D544 replies to ELECTION vote request: 8ed59791-7601-47e5-a424-1bf234fecffd<-9837b75f-f89f-41e6-b8da-41fb6e633a75#0:OK-t1. Peer's state: 9837b75f-f89f-41e6-b8da-41fb6e633a75@group-5C4AA5E3D544:t1, leader=null, voted=8ed59791-7601-47e5-a424-1bf234fecffd, raftlog=Memoized:9837b75f-f89f-41e6-b8da-41fb6e633a75@group-5C4AA5E3D544-SegmentedRaftLog:OPENED:c-1, conf=-1: peers:[55a42498-51b5-4c22-a6d0-b6e523d26bd9|rpc:10.1.0.8:15085|admin:10.1.0.8:15084|client:10.1.0.8:15083|dataStream:10.1.0.8:15086|priority:0|startupRole:FOLLOWER, 9837b75f-f89f-41e6-b8da-41fb6e633a75|rpc:10.1.0.8:15067|admin:10.1.0.8:15066|client:10.1.0.8:15065|dataStream:10.1.0.8:15068|priority:0|startupRole:FOLLOWER, 8ed59791-7601-47e5-a424-1bf234fecffd|rpc:10.1.0.8:15076|admin:10.1.0.8:15075|client:10.1.0.8:15074|dataStream:10.1.0.8:15077|priority:1|startupRole:FOLLOWER]|listeners:[], old=null
2023-08-31 18:18:42,121 [EventQueue-PipelineReportForPipelineReportHandler] INFO  pipeline.PipelineReportHandler (PipelineReportHandler.java:processPipelineReport(136)) - Opened pipeline PipelineID=517282be-c288-4288-bdea-5c4aa5e3d544
2023-08-31 18:18:42,120 [main] INFO  rpc.RpcClient (RpcClient.java:createBucket(688)) - Creating Bucket: volume38115/bucket38025, with bucket layout LEGACY, runner as owner, Versioning false, Storage Type set to DISK and Encryption set to false, Replication Type set to server-side default replication type, Namespace Quota set to -1, Space Quota set to -1 
2023-08-31 18:18:42,125 [8ed59791-7601-47e5-a424-1bf234fecffd@group-5C4AA5E3D544-LeaderElection15] INFO  server.RaftServerConfigKeys (ConfUtils.java:logGet(46)) - raft.server.log.appender.snapshot.chunk.size.max = 16MB (=16777216) (default)
2023-08-31 18:18:42,125 [8ed59791-7601-47e5-a424-1bf234fecffd@group-5C4AA5E3D544-LeaderElection15] INFO  server.RaftServerConfigKeys (ConfUtils.java:logGet(46)) - raft.server.log.appender.buffer.byte-limit = 33554432 (custom)
2023-08-31 18:18:42,126 [8ed59791-7601-47e5-a424-1bf234fecffd@group-5C4AA5E3D544-LeaderElection15] INFO  server.RaftServerConfigKeys (ConfUtils.java:logGet(46)) - raft.server.log.appender.buffer.element-limit = 1 (custom)
2023-08-31 18:18:42,126 [8ed59791-7601-47e5-a424-1bf234fecffd@group-5C4AA5E3D544-LeaderElection15] INFO  server.RaftServerConfigKeys (ConfUtils.java:logGet(46)) - raft.server.log.appender.wait-time.min = 10ms (default)
2023-08-31 18:18:42,126 [8ed59791-7601-47e5-a424-1bf234fecffd@group-5C4AA5E3D544-LeaderElection15] INFO  grpc.GrpcConfigKeys (ConfUtils.java:logGet(46)) - raft.grpc.server.leader.outstanding.appends.max = 128 (default)
2023-08-31 18:18:42,126 [8ed59791-7601-47e5-a424-1bf234fecffd@group-5C4AA5E3D544-LeaderElection15] INFO  server.RaftServerConfigKeys (ConfUtils.java:logGet(46)) - raft.server.rpc.request.timeout = 60s (custom)
2023-08-31 18:18:42,126 [8ed59791-7601-47e5-a424-1bf234fecffd@group-5C4AA5E3D544-LeaderElection15] INFO  grpc.GrpcConfigKeys (ConfUtils.java:logGet(46)) - raft.grpc.server.install_snapshot.request.element-limit = 8 (default)
2023-08-31 18:18:42,126 [8ed59791-7601-47e5-a424-1bf234fecffd@group-5C4AA5E3D544-LeaderElection15] INFO  grpc.GrpcConfigKeys (ConfUtils.java:logGet(46)) - raft.grpc.server.install_snapshot.request.timeout = 3000ms (default)
2023-08-31 18:18:42,126 [8ed59791-7601-47e5-a424-1bf234fecffd@group-5C4AA5E3D544-LeaderElection15] INFO  server.RaftServerConfigKeys (ConfUtils.java:logGet(46)) - raft.server.log.appender.install.snapshot.enabled = false (custom)
2023-08-31 18:18:42,128 [8ed59791-7601-47e5-a424-1bf234fecffd@group-5C4AA5E3D544-LeaderElection15] INFO  grpc.GrpcConfigKeys (ConfUtils.java:logGet(46)) - raft.grpc.server.heartbeat.channel = true (default)
2023-08-31 18:18:42,129 [8ed59791-7601-47e5-a424-1bf234fecffd@group-5C4AA5E3D544-LeaderElection15] INFO  server.RaftServerConfigKeys (ConfUtils.java:logGet(46)) - raft.server.log.appender.snapshot.chunk.size.max = 16MB (=16777216) (default)
2023-08-31 18:18:42,129 [8ed59791-7601-47e5-a424-1bf234fecffd@group-5C4AA5E3D544-LeaderElection15] INFO  server.RaftServerConfigKeys (ConfUtils.java:logGet(46)) - raft.server.log.appender.buffer.byte-limit = 33554432 (custom)
2023-08-31 18:18:42,129 [8ed59791-7601-47e5-a424-1bf234fecffd@group-5C4AA5E3D544-LeaderElection15] INFO  server.RaftServerConfigKeys (ConfUtils.java:logGet(46)) - raft.server.log.appender.buffer.element-limit = 1 (custom)
2023-08-31 18:18:42,129 [8ed59791-7601-47e5-a424-1bf234fecffd@group-5C4AA5E3D544-LeaderElection15] INFO  server.RaftServerConfigKeys (ConfUtils.java:logGet(46)) - raft.server.log.appender.wait-time.min = 10ms (default)
2023-08-31 18:18:42,129 [8ed59791-7601-47e5-a424-1bf234fecffd@group-5C4AA5E3D544-LeaderElection15] INFO  grpc.GrpcConfigKeys (ConfUtils.java:logGet(46)) - raft.grpc.server.leader.outstanding.appends.max = 128 (default)
2023-08-31 18:18:42,129 [8ed59791-7601-47e5-a424-1bf234fecffd@group-5C4AA5E3D544-LeaderElection15] INFO  server.RaftServerConfigKeys (ConfUtils.java:logGet(46)) - raft.server.rpc.request.timeout = 60s (custom)
2023-08-31 18:18:42,129 [8ed59791-7601-47e5-a424-1bf234fecffd@group-5C4AA5E3D544-LeaderElection15] INFO  grpc.GrpcConfigKeys (ConfUtils.java:logGet(46)) - raft.grpc.server.install_snapshot.request.element-limit = 8 (default)
2023-08-31 18:18:42,129 [8ed59791-7601-47e5-a424-1bf234fecffd@group-5C4AA5E3D544-LeaderElection15] INFO  grpc.GrpcConfigKeys (ConfUtils.java:logGet(46)) - raft.grpc.server.install_snapshot.request.timeout = 3000ms (default)
2023-08-31 18:18:42,130 [8ed59791-7601-47e5-a424-1bf234fecffd@group-5C4AA5E3D544-LeaderElection15] INFO  server.RaftServerConfigKeys (ConfUtils.java:logGet(46)) - raft.server.log.appender.install.snapshot.enabled = false (custom)
2023-08-31 18:18:42,130 [8ed59791-7601-47e5-a424-1bf234fecffd@group-5C4AA5E3D544-LeaderElection15] INFO  grpc.GrpcConfigKeys (ConfUtils.java:logGet(46)) - raft.grpc.server.heartbeat.channel = true (default)
2023-08-31 18:18:42,127 [IPC Server handler 1 on default port 15057] INFO  bucket.OMBucketCreateRequest (OMBucketCreateRequest.java:validateAndUpdateCache(270)) - created bucket: bucket38025 of layout LEGACY in volume: volume38115
2023-08-31 18:18:42,130 [8ed59791-7601-47e5-a424-1bf234fecffd@group-5C4AA5E3D544-LeaderElection15] INFO  impl.RoleInfo (RoleInfo.java:updateAndGet(139)) - 8ed59791-7601-47e5-a424-1bf234fecffd: start 8ed59791-7601-47e5-a424-1bf234fecffd@group-5C4AA5E3D544-LeaderStateImpl
2023-08-31 18:18:42,130 [8ed59791-7601-47e5-a424-1bf234fecffd@group-5C4AA5E3D544-LeaderElection15] INFO  segmented.SegmentedRaftLogWorker (SegmentedRaftLogWorker.java:startLogSegment(447)) - 8ed59791-7601-47e5-a424-1bf234fecffd@group-5C4AA5E3D544-SegmentedRaftLogWorker: Starting segment from index:0
2023-08-31 18:18:42,134 [8ed59791-7601-47e5-a424-1bf234fecffd@group-5C4AA5E3D544-SegmentedRaftLogWorker] INFO  segmented.SegmentedRaftLogWorker (SegmentedRaftLogWorker.java:execute(651)) - 8ed59791-7601-47e5-a424-1bf234fecffd@group-5C4AA5E3D544-SegmentedRaftLogWorker: created new log segment /home/runner/work/ozone/ozone/hadoop-ozone/integration-test/target/test-dir/MiniOzoneClusterImpl-1f897967-a85f-45b1-932e-48a7a77b5829/datanode-1/data/ratis/517282be-c288-4288-bdea-5c4aa5e3d544/current/log_inprogress_0
2023-08-31 18:18:42,150 [8ed59791-7601-47e5-a424-1bf234fecffd@group-6AF54DD69401-FollowerState] INFO  impl.FollowerState (FollowerState.java:run(143)) - 8ed59791-7601-47e5-a424-1bf234fecffd@group-6AF54DD69401-FollowerState: change to CANDIDATE, lastRpcElapsedTime:5090600427ns, electionTimeout:5081ms
2023-08-31 18:18:42,150 [8ed59791-7601-47e5-a424-1bf234fecffd@group-6AF54DD69401-FollowerState] INFO  impl.RoleInfo (RoleInfo.java:shutdownFollowerState(110)) - 8ed59791-7601-47e5-a424-1bf234fecffd: shutdown 8ed59791-7601-47e5-a424-1bf234fecffd@group-6AF54DD69401-FollowerState
2023-08-31 18:18:42,151 [8ed59791-7601-47e5-a424-1bf234fecffd@group-6AF54DD69401-FollowerState] INFO  server.RaftServer$Division (RaftServerImpl.java:setRole(329)) - 8ed59791-7601-47e5-a424-1bf234fecffd@group-6AF54DD69401: changes role from  FOLLOWER to CANDIDATE at term 0 for changeToCandidate
2023-08-31 18:18:42,151 [8ed59791-7601-47e5-a424-1bf234fecffd@group-5C4AA5E3D544-LeaderElection15] INFO  server.RaftServer$Division (ServerState.java:setRaftConf(434)) - 8ed59791-7601-47e5-a424-1bf234fecffd@group-5C4AA5E3D544: set configuration 0: peers:[55a42498-51b5-4c22-a6d0-b6e523d26bd9|rpc:10.1.0.8:15085|admin:10.1.0.8:15084|client:10.1.0.8:15083|dataStream:10.1.0.8:15086|priority:0|startupRole:FOLLOWER, 9837b75f-f89f-41e6-b8da-41fb6e633a75|rpc:10.1.0.8:15067|admin:10.1.0.8:15066|client:10.1.0.8:15065|dataStream:10.1.0.8:15068|priority:0|startupRole:FOLLOWER, 8ed59791-7601-47e5-a424-1bf234fecffd|rpc:10.1.0.8:15076|admin:10.1.0.8:15075|client:10.1.0.8:15074|dataStream:10.1.0.8:15077|priority:1|startupRole:FOLLOWER]|listeners:[], old=null
2023-08-31 18:18:42,153 [8ed59791-7601-47e5-a424-1bf234fecffd@group-6AF54DD69401-FollowerState] INFO  server.RaftServerConfigKeys (ConfUtils.java:logGet(46)) - raft.server.leaderelection.pre-vote = true (default)
2023-08-31 18:18:42,153 [8ed59791-7601-47e5-a424-1bf234fecffd@group-6AF54DD69401-FollowerState] INFO  impl.RoleInfo (RoleInfo.java:updateAndGet(139)) - 8ed59791-7601-47e5-a424-1bf234fecffd: start 8ed59791-7601-47e5-a424-1bf234fecffd@group-6AF54DD69401-LeaderElection16
2023-08-31 18:18:42,163 [8ed59791-7601-47e5-a424-1bf234fecffd@group-6AF54DD69401-LeaderElection16] INFO  impl.LeaderElection (LeaderElection.java:askForVotes(321)) - 8ed59791-7601-47e5-a424-1bf234fecffd@group-6AF54DD69401-LeaderElection16 PRE_VOTE round 0: submit vote requests at term 0 for -1: peers:[8ed59791-7601-47e5-a424-1bf234fecffd|rpc:10.1.0.8:15076|admin:10.1.0.8:15075|client:10.1.0.8:15074|dataStream:10.1.0.8:15077|priority:1|startupRole:FOLLOWER]|listeners:[], old=null
2023-08-31 18:18:42,163 [8ed59791-7601-47e5-a424-1bf234fecffd@group-6AF54DD69401-LeaderElection16] INFO  impl.LeaderElection (LeaderElection.java:askForVotes(323)) - 8ed59791-7601-47e5-a424-1bf234fecffd@group-6AF54DD69401-LeaderElection16 PRE_VOTE round 0: result PASSED (term=0)
2023-08-31 18:18:42,164 [9837b75f-f89f-41e6-b8da-41fb6e633a75-server-thread1] INFO  ratis.XceiverServerRatis (XceiverServerRatis.java:handleLeaderChangedNotification(902)) - Leader change notification received for group: group-5C4AA5E3D544 with new leaderId: 8ed59791-7601-47e5-a424-1bf234fecffd
2023-08-31 18:18:42,164 [9837b75f-f89f-41e6-b8da-41fb6e633a75-server-thread1] INFO  server.RaftServer$Division (ServerState.java:setLeader(317)) - 9837b75f-f89f-41e6-b8da-41fb6e633a75@group-5C4AA5E3D544: change Leader from null to 8ed59791-7601-47e5-a424-1bf234fecffd at term 1 for appendEntries, leader elected after 5392ms
2023-08-31 18:18:42,174 [9837b75f-f89f-41e6-b8da-41fb6e633a75-server-thread2] INFO  server.RaftServer$Division (ServerState.java:setRaftConf(434)) - 9837b75f-f89f-41e6-b8da-41fb6e633a75@group-5C4AA5E3D544: set configuration 0: peers:[55a42498-51b5-4c22-a6d0-b6e523d26bd9|rpc:10.1.0.8:15085|admin:10.1.0.8:15084|client:10.1.0.8:15083|dataStream:10.1.0.8:15086|priority:0|startupRole:FOLLOWER, 9837b75f-f89f-41e6-b8da-41fb6e633a75|rpc:10.1.0.8:15067|admin:10.1.0.8:15066|client:10.1.0.8:15065|dataStream:10.1.0.8:15068|priority:0|startupRole:FOLLOWER, 8ed59791-7601-47e5-a424-1bf234fecffd|rpc:10.1.0.8:15076|admin:10.1.0.8:15075|client:10.1.0.8:15074|dataStream:10.1.0.8:15077|priority:1|startupRole:FOLLOWER]|listeners:[], old=null
2023-08-31 18:18:42,175 [9837b75f-f89f-41e6-b8da-41fb6e633a75-server-thread2] INFO  segmented.SegmentedRaftLogWorker (SegmentedRaftLogWorker.java:startLogSegment(447)) - 9837b75f-f89f-41e6-b8da-41fb6e633a75@group-5C4AA5E3D544-SegmentedRaftLogWorker: Starting segment from index:0
2023-08-31 18:18:42,176 [55a42498-51b5-4c22-a6d0-b6e523d26bd9-server-thread2] INFO  ratis.XceiverServerRatis (XceiverServerRatis.java:handleLeaderChangedNotification(902)) - Leader change notification received for group: group-5C4AA5E3D544 with new leaderId: 8ed59791-7601-47e5-a424-1bf234fecffd
2023-08-31 18:18:42,176 [8ed59791-7601-47e5-a424-1bf234fecffd@group-6AF54DD69401-LeaderElection16] INFO  impl.LeaderElection (LeaderElection.java:askForVotes(321)) - 8ed59791-7601-47e5-a424-1bf234fecffd@group-6AF54DD69401-LeaderElection16 ELECTION round 0: submit vote requests at term 1 for -1: peers:[8ed59791-7601-47e5-a424-1bf234fecffd|rpc:10.1.0.8:15076|admin:10.1.0.8:15075|client:10.1.0.8:15074|dataStream:10.1.0.8:15077|priority:1|startupRole:FOLLOWER]|listeners:[], old=null
2023-08-31 18:18:42,176 [8ed59791-7601-47e5-a424-1bf234fecffd@group-6AF54DD69401-LeaderElection16] INFO  impl.LeaderElection (LeaderElection.java:askForVotes(323)) - 8ed59791-7601-47e5-a424-1bf234fecffd@group-6AF54DD69401-LeaderElection16 ELECTION round 0: result PASSED (term=1)
2023-08-31 18:18:42,176 [8ed59791-7601-47e5-a424-1bf234fecffd@group-6AF54DD69401-LeaderElection16] INFO  impl.RoleInfo (RoleInfo.java:shutdownLeaderElection(130)) - 8ed59791-7601-47e5-a424-1bf234fecffd: shutdown 8ed59791-7601-47e5-a424-1bf234fecffd@group-6AF54DD69401-LeaderElection16
2023-08-31 18:18:42,176 [8ed59791-7601-47e5-a424-1bf234fecffd@group-6AF54DD69401-LeaderElection16] INFO  server.RaftServer$Division (RaftServerImpl.java:setRole(329)) - 8ed59791-7601-47e5-a424-1bf234fecffd@group-6AF54DD69401: changes role from CANDIDATE to LEADER at term 1 for changeToLeader
2023-08-31 18:18:42,176 [8ed59791-7601-47e5-a424-1bf234fecffd@group-6AF54DD69401-LeaderElection16] INFO  ratis.XceiverServerRatis (XceiverServerRatis.java:handleLeaderChangedNotification(902)) - Leader change notification received for group: group-6AF54DD69401 with new leaderId: 8ed59791-7601-47e5-a424-1bf234fecffd
2023-08-31 18:18:42,176 [8ed59791-7601-47e5-a424-1bf234fecffd@group-6AF54DD69401-LeaderElection16] INFO  server.RaftServer$Division (ServerState.java:setLeader(317)) - 8ed59791-7601-47e5-a424-1bf234fecffd@group-6AF54DD69401: change Leader from null to 8ed59791-7601-47e5-a424-1bf234fecffd at term 1 for becomeLeader, leader elected after 5165ms
2023-08-31 18:18:42,176 [8ed59791-7601-47e5-a424-1bf234fecffd@group-6AF54DD69401-LeaderElection16] INFO  server.RaftServerConfigKeys (ConfUtils.java:logGet(46)) - raft.server.staging.catchup.gap = 1000 (default)
2023-08-31 18:18:42,177 [8ed59791-7601-47e5-a424-1bf234fecffd@group-6AF54DD69401-LeaderElection16] INFO  server.RaftServerConfigKeys (ConfUtils.java:logGet(46)) - raft.server.write.element-limit = 1024 (custom)
2023-08-31 18:18:42,177 [8ed59791-7601-47e5-a424-1bf234fecffd@group-6AF54DD69401-LeaderElection16] INFO  server.RaftServerConfigKeys (ConfUtils.java:logGet(46)) - raft.server.write.byte-limit = 1024 M (=1073741824) (custom)
2023-08-31 18:18:42,181 [8ed59791-7601-47e5-a424-1bf234fecffd@group-6AF54DD69401-LeaderElection16] INFO  server.RaftServerConfigKeys (ConfUtils.java:logGet(46)) - raft.server.watch.timeout = 180s (custom)
2023-08-31 18:18:42,176 [55a42498-51b5-4c22-a6d0-b6e523d26bd9-server-thread2] INFO  server.RaftServer$Division (ServerState.java:setLeader(317)) - 55a42498-51b5-4c22-a6d0-b6e523d26bd9@group-5C4AA5E3D544: change Leader from null to 8ed59791-7601-47e5-a424-1bf234fecffd at term 1 for appendEntries, leader elected after 5103ms
2023-08-31 18:18:42,181 [8ed59791-7601-47e5-a424-1bf234fecffd@group-6AF54DD69401-LeaderElection16] INFO  server.RaftServerConfigKeys (ConfUtils.java:logGet(46)) - raft.server.watch.timeout.denomination = 1s (default)
2023-08-31 18:18:42,182 [8ed59791-7601-47e5-a424-1bf234fecffd@group-6AF54DD69401-LeaderElection16] INFO  server.RaftServerConfigKeys (ConfUtils.java:logGet(46)) - raft.server.watch.element-limit = 65536 (default)
2023-08-31 18:18:42,182 [8ed59791-7601-47e5-a424-1bf234fecffd@group-6AF54DD69401-LeaderElection16] INFO  server.RaftServerConfigKeys (ConfUtils.java:logGet(46)) - raft.server.write.element-limit = 1024 (custom)
2023-08-31 18:18:42,182 [8ed59791-7601-47e5-a424-1bf234fecffd@group-6AF54DD69401-LeaderElection16] INFO  server.RaftServerConfigKeys (ConfUtils.java:logGet(46)) - raft.server.write.follower.gap.ratio.max = -1.0 (default)
2023-08-31 18:18:42,182 [8ed59791-7601-47e5-a424-1bf234fecffd@group-6AF54DD69401-LeaderElection16] INFO  impl.RoleInfo (RoleInfo.java:updateAndGet(139)) - 8ed59791-7601-47e5-a424-1bf234fecffd: start 8ed59791-7601-47e5-a424-1bf234fecffd@group-6AF54DD69401-LeaderStateImpl
2023-08-31 18:18:42,178 [9837b75f-f89f-41e6-b8da-41fb6e633a75@group-5C4AA5E3D544-SegmentedRaftLogWorker] INFO  segmented.SegmentedRaftLogWorker (SegmentedRaftLogWorker.java:execute(651)) - 9837b75f-f89f-41e6-b8da-41fb6e633a75@group-5C4AA5E3D544-SegmentedRaftLogWorker: created new log segment /home/runner/work/ozone/ozone/hadoop-ozone/integration-test/target/test-dir/MiniOzoneClusterImpl-1f897967-a85f-45b1-932e-48a7a77b5829/datanode-0/data/ratis/517282be-c288-4288-bdea-5c4aa5e3d544/current/log_inprogress_0
2023-08-31 18:18:42,182 [8ed59791-7601-47e5-a424-1bf234fecffd@group-6AF54DD69401-LeaderElection16] INFO  segmented.SegmentedRaftLogWorker (SegmentedRaftLogWorker.java:startLogSegment(447)) - 8ed59791-7601-47e5-a424-1bf234fecffd@group-6AF54DD69401-SegmentedRaftLogWorker: Starting segment from index:0
2023-08-31 18:18:42,187 [8ed59791-7601-47e5-a424-1bf234fecffd@group-6AF54DD69401-SegmentedRaftLogWorker] INFO  segmented.SegmentedRaftLogWorker (SegmentedRaftLogWorker.java:execute(651)) - 8ed59791-7601-47e5-a424-1bf234fecffd@group-6AF54DD69401-SegmentedRaftLogWorker: created new log segment /home/runner/work/ozone/ozone/hadoop-ozone/integration-test/target/test-dir/MiniOzoneClusterImpl-1f897967-a85f-45b1-932e-48a7a77b5829/datanode-1/data/ratis/123a13f7-a5ba-4e2d-9d45-6af54dd69401/current/log_inprogress_0
2023-08-31 18:18:42,195 [55a42498-51b5-4c22-a6d0-b6e523d26bd9-server-thread1] INFO  server.RaftServer$Division (ServerState.java:setRaftConf(434)) - 55a42498-51b5-4c22-a6d0-b6e523d26bd9@group-5C4AA5E3D544: set configuration 0: peers:[55a42498-51b5-4c22-a6d0-b6e523d26bd9|rpc:10.1.0.8:15085|admin:10.1.0.8:15084|client:10.1.0.8:15083|dataStream:10.1.0.8:15086|priority:0|startupRole:FOLLOWER, 9837b75f-f89f-41e6-b8da-41fb6e633a75|rpc:10.1.0.8:15067|admin:10.1.0.8:15066|client:10.1.0.8:15065|dataStream:10.1.0.8:15068|priority:0|startupRole:FOLLOWER, 8ed59791-7601-47e5-a424-1bf234fecffd|rpc:10.1.0.8:15076|admin:10.1.0.8:15075|client:10.1.0.8:15074|dataStream:10.1.0.8:15077|priority:1|startupRole:FOLLOWER]|listeners:[], old=null
2023-08-31 18:18:42,196 [55a42498-51b5-4c22-a6d0-b6e523d26bd9-server-thread1] INFO  segmented.SegmentedRaftLogWorker (SegmentedRaftLogWorker.java:startLogSegment(447)) - 55a42498-51b5-4c22-a6d0-b6e523d26bd9@group-5C4AA5E3D544-SegmentedRaftLogWorker: Starting segment from index:0
2023-08-31 18:18:42,196 [8ed59791-7601-47e5-a424-1bf234fecffd@group-6AF54DD69401-LeaderElection16] INFO  server.RaftServer$Division (ServerState.java:setRaftConf(434)) - 8ed59791-7601-47e5-a424-1bf234fecffd@group-6AF54DD69401: set configuration 0: peers:[8ed59791-7601-47e5-a424-1bf234fecffd|rpc:10.1.0.8:15076|admin:10.1.0.8:15075|client:10.1.0.8:15074|dataStream:10.1.0.8:15077|priority:1|startupRole:FOLLOWER]|listeners:[], old=null
2023-08-31 18:18:42,201 [55a42498-51b5-4c22-a6d0-b6e523d26bd9@group-5C4AA5E3D544-SegmentedRaftLogWorker] INFO  segmented.SegmentedRaftLogWorker (SegmentedRaftLogWorker.java:execute(651)) - 55a42498-51b5-4c22-a6d0-b6e523d26bd9@group-5C4AA5E3D544-SegmentedRaftLogWorker: created new log segment /home/runner/work/ozone/ozone/hadoop-ozone/integration-test/target/test-dir/MiniOzoneClusterImpl-1f897967-a85f-45b1-932e-48a7a77b5829/datanode-2/data/ratis/517282be-c288-4288-bdea-5c4aa5e3d544/current/log_inprogress_0
]]></system-out>
  </testcase>
  <testcase name="testGetTrashRoot" classname="TestOzoneFileSystem" time="17.715">
    <system-out><![CDATA[2023-08-31 18:19:43,575 [main] INFO  ozone.MiniOzoneClusterImpl (MiniOzoneClusterImpl.java:shutdown(443)) - Shutting down the Mini Ozone Cluster
2023-08-31 18:19:43,576 [main] INFO  ozone.MiniOzoneClusterImpl (MiniOzoneClusterImpl.java:stop(460)) - Stopping the Mini Ozone Cluster
2023-08-31 18:19:43,576 [main] INFO  ozone.MiniOzoneClusterImpl (MiniOzoneClusterImpl.java:stopOM(551)) - Stopping the OzoneManager
2023-08-31 18:19:43,576 [main] INFO  om.OzoneManager (OzoneManager.java:stop(2204)) - om1[localhost:15057]: Stopping Ozone Manager
2023-08-31 18:19:43,576 [main] INFO  ipc.Server (Server.java:stop(3523)) - Stopping server on 15057
2023-08-31 18:19:43,581 [IPC Server listener on 15057] INFO  ipc.Server (Server.java:run(1434)) - Stopping IPC Server listener on 15057
2023-08-31 18:19:43,584 [IPC Server Responder] INFO  ipc.Server (Server.java:run(1567)) - Stopping IPC Server Responder
2023-08-31 18:19:43,585 [main] INFO  ratis.OzoneManagerDoubleBuffer (OzoneManagerDoubleBuffer.java:stopDaemon(551)) - Stopping OMDoubleBuffer flush thread
2023-08-31 18:19:43,585 [OMDoubleBufferFlushThread] INFO  ratis.OzoneManagerDoubleBuffer (OzoneManagerDoubleBuffer.java:canFlush(638)) - OMDoubleBuffer flush thread OMDoubleBufferFlushThread is interrupted and will exit.
2023-08-31 18:19:43,585 [main] INFO  utils.BackgroundService (BackgroundService.java:shutdown(141)) - Shutting down service KeyDeletingService
2023-08-31 18:19:43,586 [main] INFO  utils.BackgroundService (BackgroundService.java:shutdown(141)) - Shutting down service KeyDeletingService
2023-08-31 18:19:43,586 [main] INFO  utils.BackgroundService (BackgroundService.java:shutdown(141)) - Shutting down service OpenKeyCleanupService
2023-08-31 18:19:43,587 [main] INFO  utils.BackgroundService (BackgroundService.java:shutdown(141)) - Shutting down service SstFilteringService
2023-08-31 18:19:43,592 [main] INFO  utils.BackgroundService (BackgroundService.java:shutdown(141)) - Shutting down service SnapshotDeletingService
2023-08-31 18:19:43,594 [main] INFO  handler.ContextHandler (ContextHandler.java:doStop(1159)) - Stopped o.e.j.w.WebAppContext@46fac10{ozoneManager,/,null,STOPPED}{file:/home/runner/work/ozone/ozone/hadoop-ozone/integration-test/target/test-classes/webapps/ozoneManager}
2023-08-31 18:19:43,594 [main] INFO  server.AbstractConnector (AbstractConnector.java:doStop(383)) - Stopped ServerConnector@7c0c3319{HTTP/1.1, (http/1.1)}{0.0.0.0:15058}
2023-08-31 18:19:43,594 [main] INFO  server.session (HouseKeeper.java:stopScavenging(149)) - node0 Stopped scavenging
2023-08-31 18:19:43,595 [main] INFO  handler.ContextHandler (ContextHandler.java:doStop(1159)) - Stopped o.e.j.s.ServletContextHandler@57800592{static,/static,file:///home/runner/work/ozone/ozone/hadoop-ozone/integration-test/target/test-classes/webapps/static,STOPPED}
2023-08-31 18:19:43,595 [main] INFO  handler.ContextHandler (ContextHandler.java:doStop(1159)) - Stopped o.e.j.s.ServletContextHandler@2be4f17b{logs,/logs,file:///home/runner/work/ozone/ozone/hadoop-ozone/integration-test/target/log,STOPPED}
2023-08-31 18:19:43,599 [Trash Emptier] ERROR om.TrashPolicyOzone (TrashPolicyOzone.java:run(350)) - Error attempting to shutdown
java.lang.InterruptedException
	at java.util.concurrent.locks.AbstractQueuedSynchronizer$ConditionObject.awaitNanos(AbstractQueuedSynchronizer.java:2067)
	at java.util.concurrent.ThreadPoolExecutor.awaitTermination(ThreadPoolExecutor.java:1475)
	at org.apache.hadoop.ozone.om.TrashPolicyOzone$Emptier.run(TrashPolicyOzone.java:348)
	at java.lang.Thread.run(Thread.java:750)
2023-08-31 18:19:43,599 [main] INFO  rocksdiff.RocksDBCheckpointDiffer (RocksDBCheckpointDiffer.java:close(340)) - Shutting down CompactionDagPruningService.
2023-08-31 18:19:43,601 [main] INFO  snapshot.SnapshotDiffManager (SnapshotDiffManager.java:closeExecutorService(1697)) - Shutting down executorService: 'SnapDiffExecutor'
2023-08-31 18:19:43,602 [main] INFO  snapshot.SnapshotDiffManager (SnapshotDiffManager.java:closeExecutorService(1697)) - Shutting down executorService: 'SstDumpToolExecutor'
2023-08-31 18:19:43,602 [main] INFO  utils.BackgroundService (BackgroundService.java:shutdown(141)) - Shutting down service SnapshotDiffCleanupService
2023-08-31 18:19:43,603 [JvmPauseMonitor8] INFO  util.JvmPauseMonitor (JvmPauseMonitor.java:run(109)) - JvmPauseMonitor-66d876a1-ab62-46cf-a9b8-b48a1b664235: Stopped
2023-08-31 18:19:43,607 [main] INFO  ozone.MiniOzoneClusterImpl (MiniOzoneClusterImpl.java:stopDatanodes(528)) - Stopping the HddsDatanodes
2023-08-31 18:19:43,621 [main] INFO  ozoneimpl.OzoneContainer (OzoneContainer.java:stop(451)) - Attempting to stop container services.
2023-08-31 18:19:43,621 [main] INFO  server.RaftServer (RaftServerProxy.java:lambda$close$6(416)) - 55a42498-51b5-4c22-a6d0-b6e523d26bd9: close
2023-08-31 18:19:43,622 [55a42498-51b5-4c22-a6d0-b6e523d26bd9-impl-thread2] INFO  server.RaftServer$Division (RaftServerImpl.java:lambda$close$4(466)) - 55a42498-51b5-4c22-a6d0-b6e523d26bd9@group-F8076EFCF013: shutdown
2023-08-31 18:19:43,622 [55a42498-51b5-4c22-a6d0-b6e523d26bd9-impl-thread2] INFO  util.JmxRegister (JmxRegister.java:unregister(73)) - Successfully un-registered JMX Bean with object name Ratis:service=RaftServer,group=group-F8076EFCF013,id=55a42498-51b5-4c22-a6d0-b6e523d26bd9
2023-08-31 18:19:43,622 [55a42498-51b5-4c22-a6d0-b6e523d26bd9-impl-thread2] INFO  impl.RoleInfo (RoleInfo.java:shutdownLeaderState(93)) - 55a42498-51b5-4c22-a6d0-b6e523d26bd9: shutdown 55a42498-51b5-4c22-a6d0-b6e523d26bd9@group-F8076EFCF013-LeaderStateImpl
2023-08-31 18:19:43,622 [55a42498-51b5-4c22-a6d0-b6e523d26bd9-impl-thread2] INFO  impl.PendingRequests (PendingRequests.java:sendNotLeaderResponses(289)) - 55a42498-51b5-4c22-a6d0-b6e523d26bd9@group-F8076EFCF013-PendingRequests: sendNotLeaderResponses
2023-08-31 18:19:43,623 [55a42498-51b5-4c22-a6d0-b6e523d26bd9-impl-thread2] INFO  impl.StateMachineUpdater (StateMachineUpdater.java:stopAndJoin(155)) - 55a42498-51b5-4c22-a6d0-b6e523d26bd9@group-F8076EFCF013-StateMachineUpdater: set stopIndex = 0
2023-08-31 18:19:43,623 [55a42498-51b5-4c22-a6d0-b6e523d26bd9-impl-thread3] INFO  server.RaftServer$Division (RaftServerImpl.java:lambda$close$4(466)) - 55a42498-51b5-4c22-a6d0-b6e523d26bd9@group-5C4AA5E3D544: shutdown
2023-08-31 18:19:43,623 [55a42498-51b5-4c22-a6d0-b6e523d26bd9-impl-thread3] INFO  util.JmxRegister (JmxRegister.java:unregister(73)) - Successfully un-registered JMX Bean with object name Ratis:service=RaftServer,group=group-5C4AA5E3D544,id=55a42498-51b5-4c22-a6d0-b6e523d26bd9
2023-08-31 18:19:43,623 [55a42498-51b5-4c22-a6d0-b6e523d26bd9-impl-thread3] INFO  impl.RoleInfo (RoleInfo.java:shutdownFollowerState(110)) - 55a42498-51b5-4c22-a6d0-b6e523d26bd9: shutdown 55a42498-51b5-4c22-a6d0-b6e523d26bd9@group-5C4AA5E3D544-FollowerState
2023-08-31 18:19:43,623 [main] INFO  server.GrpcService (GrpcService.java:closeImpl(311)) - 55a42498-51b5-4c22-a6d0-b6e523d26bd9: shutdown server org.apache.ratis.grpc.server.GrpcClientProtocolService now
2023-08-31 18:19:43,623 [55a42498-51b5-4c22-a6d0-b6e523d26bd9-impl-thread4] INFO  server.RaftServer$Division (RaftServerImpl.java:lambda$close$4(466)) - 55a42498-51b5-4c22-a6d0-b6e523d26bd9@group-19BC43D416A8: shutdown
2023-08-31 18:19:43,624 [55a42498-51b5-4c22-a6d0-b6e523d26bd9-impl-thread4] INFO  util.JmxRegister (JmxRegister.java:unregister(73)) - Successfully un-registered JMX Bean with object name Ratis:service=RaftServer,group=group-19BC43D416A8,id=55a42498-51b5-4c22-a6d0-b6e523d26bd9
2023-08-31 18:19:43,624 [55a42498-51b5-4c22-a6d0-b6e523d26bd9-impl-thread4] INFO  impl.RoleInfo (RoleInfo.java:shutdownLeaderState(93)) - 55a42498-51b5-4c22-a6d0-b6e523d26bd9: shutdown 55a42498-51b5-4c22-a6d0-b6e523d26bd9@group-19BC43D416A8-LeaderStateImpl
2023-08-31 18:19:43,624 [55a42498-51b5-4c22-a6d0-b6e523d26bd9-impl-thread4] INFO  impl.PendingRequests (PendingRequests.java:sendNotLeaderResponses(289)) - 55a42498-51b5-4c22-a6d0-b6e523d26bd9@group-19BC43D416A8-PendingRequests: sendNotLeaderResponses
2023-08-31 18:19:43,624 [55a42498-51b5-4c22-a6d0-b6e523d26bd9@group-19BC43D416A8->9837b75f-f89f-41e6-b8da-41fb6e633a75-GrpcLogAppender-LogAppenderDaemon] WARN  server.GrpcLogAppender (GrpcLogAppender.java:mayWait(199)) - 55a42498-51b5-4c22-a6d0-b6e523d26bd9@group-19BC43D416A8->9837b75f-f89f-41e6-b8da-41fb6e633a75-GrpcLogAppender: Wait interrupted by java.lang.InterruptedException
2023-08-31 18:19:43,624 [55a42498-51b5-4c22-a6d0-b6e523d26bd9-impl-thread4] INFO  impl.StateMachineUpdater (StateMachineUpdater.java:stopAndJoin(155)) - 55a42498-51b5-4c22-a6d0-b6e523d26bd9@group-19BC43D416A8-StateMachineUpdater: set stopIndex = 0
2023-08-31 18:19:43,624 [55a42498-51b5-4c22-a6d0-b6e523d26bd9@group-19BC43D416A8->8ed59791-7601-47e5-a424-1bf234fecffd-GrpcLogAppender-LogAppenderDaemon] WARN  server.GrpcLogAppender (GrpcLogAppender.java:mayWait(199)) - 55a42498-51b5-4c22-a6d0-b6e523d26bd9@group-19BC43D416A8->8ed59791-7601-47e5-a424-1bf234fecffd-GrpcLogAppender: Wait interrupted by java.lang.InterruptedException
2023-08-31 18:19:43,628 [grpc-default-executor-2] INFO  server.GrpcServerProtocolService (GrpcServerProtocolService.java:onCompleted(155)) - 9837b75f-f89f-41e6-b8da-41fb6e633a75: Completed APPEND_ENTRIES, lastRequest: null
2023-08-31 18:19:43,624 [55a42498-51b5-4c22-a6d0-b6e523d26bd9@group-F8076EFCF013-StateMachineUpdater] INFO  ratis.ContainerStateMachine (ContainerStateMachine.java:takeSnapshot(330)) - group-F8076EFCF013: Taking a snapshot at:(t:1, i:0) file /home/runner/work/ozone/ozone/hadoop-ozone/integration-test/target/test-dir/MiniOzoneClusterImpl-1f897967-a85f-45b1-932e-48a7a77b5829/datanode-2/data/ratis/226b06c0-a77e-4589-971c-f8076efcf013/sm/snapshot.1_0
2023-08-31 18:19:43,628 [55a42498-51b5-4c22-a6d0-b6e523d26bd9@group-19BC43D416A8-StateMachineUpdater] INFO  ratis.ContainerStateMachine (ContainerStateMachine.java:takeSnapshot(330)) - group-19BC43D416A8: Taking a snapshot at:(t:1, i:0) file /home/runner/work/ozone/ozone/hadoop-ozone/integration-test/target/test-dir/MiniOzoneClusterImpl-1f897967-a85f-45b1-932e-48a7a77b5829/datanode-2/data/ratis/2c77f341-3b5a-472b-8d2a-19bc43d416a8/sm/snapshot.1_0
2023-08-31 18:19:43,630 [grpc-default-executor-4] INFO  server.GrpcServerProtocolService (GrpcServerProtocolService.java:onCompleted(155)) - 8ed59791-7601-47e5-a424-1bf234fecffd: Completed APPEND_ENTRIES, lastRequest: null
2023-08-31 18:19:43,630 [grpc-default-executor-4] INFO  server.GrpcServerProtocolService (GrpcServerProtocolService.java:lambda$onCompleted$5(157)) - 8ed59791-7601-47e5-a424-1bf234fecffd: Completed APPEND_ENTRIES, lastReply: serverReply {
  requestorId: "55a42498-51b5-4c22-a6d0-b6e523d26bd9"
  replyId: "8ed59791-7601-47e5-a424-1bf234fecffd"
  raftGroupId {
    id: ",w\363A;ZG+\215*\031\274C\324\026\250"
  }
  callId: 28
  success: true
}
term: 1
nextIndex: 1
matchIndex: 18446744073709551615
isHearbeat: true

2023-08-31 18:19:43,631 [55a42498-51b5-4c22-a6d0-b6e523d26bd9@group-F8076EFCF013-StateMachineUpdater] INFO  ratis.ContainerStateMachine (ContainerStateMachine.java:takeSnapshot(341)) - group-F8076EFCF013: Finished taking a snapshot at:(t:1, i:0) file:/home/runner/work/ozone/ozone/hadoop-ozone/integration-test/target/test-dir/MiniOzoneClusterImpl-1f897967-a85f-45b1-932e-48a7a77b5829/datanode-2/data/ratis/226b06c0-a77e-4589-971c-f8076efcf013/sm/snapshot.1_0 took: 8 ms
2023-08-31 18:19:43,632 [55a42498-51b5-4c22-a6d0-b6e523d26bd9@group-F8076EFCF013-StateMachineUpdater] INFO  impl.StateMachineUpdater (StateMachineUpdater.java:takeSnapshot(291)) - 55a42498-51b5-4c22-a6d0-b6e523d26bd9@group-F8076EFCF013-StateMachineUpdater: Took a snapshot at index 0
2023-08-31 18:19:43,632 [55a42498-51b5-4c22-a6d0-b6e523d26bd9@group-F8076EFCF013-StateMachineUpdater] INFO  impl.StateMachineUpdater (StateMachineUpdater.java:lambda$new$0(97)) - 55a42498-51b5-4c22-a6d0-b6e523d26bd9@group-F8076EFCF013-StateMachineUpdater: snapshotIndex: updateIncreasingly -1 -> 0
2023-08-31 18:19:43,632 [55a42498-51b5-4c22-a6d0-b6e523d26bd9@group-19BC43D416A8-StateMachineUpdater] INFO  ratis.ContainerStateMachine (ContainerStateMachine.java:takeSnapshot(341)) - group-19BC43D416A8: Finished taking a snapshot at:(t:1, i:0) file:/home/runner/work/ozone/ozone/hadoop-ozone/integration-test/target/test-dir/MiniOzoneClusterImpl-1f897967-a85f-45b1-932e-48a7a77b5829/datanode-2/data/ratis/2c77f341-3b5a-472b-8d2a-19bc43d416a8/sm/snapshot.1_0 took: 5 ms
2023-08-31 18:19:43,633 [55a42498-51b5-4c22-a6d0-b6e523d26bd9@group-19BC43D416A8-StateMachineUpdater] INFO  impl.StateMachineUpdater (StateMachineUpdater.java:takeSnapshot(291)) - 55a42498-51b5-4c22-a6d0-b6e523d26bd9@group-19BC43D416A8-StateMachineUpdater: Took a snapshot at index 0
2023-08-31 18:19:43,633 [55a42498-51b5-4c22-a6d0-b6e523d26bd9@group-19BC43D416A8-StateMachineUpdater] INFO  impl.StateMachineUpdater (StateMachineUpdater.java:lambda$new$0(97)) - 55a42498-51b5-4c22-a6d0-b6e523d26bd9@group-19BC43D416A8-StateMachineUpdater: snapshotIndex: updateIncreasingly -1 -> 0
2023-08-31 18:19:43,633 [55a42498-51b5-4c22-a6d0-b6e523d26bd9-impl-thread4] INFO  server.RaftServer$Division (ServerState.java:close(472)) - 55a42498-51b5-4c22-a6d0-b6e523d26bd9@group-19BC43D416A8: closes. applyIndex: 0
2023-08-31 18:19:43,633 [55a42498-51b5-4c22-a6d0-b6e523d26bd9-impl-thread2] INFO  server.RaftServer$Division (ServerState.java:close(472)) - 55a42498-51b5-4c22-a6d0-b6e523d26bd9@group-F8076EFCF013: closes. applyIndex: 0
2023-08-31 18:19:43,635 [grpc-default-executor-4] INFO  server.GrpcLogAppender (GrpcLogAppender.java:onCompleted(428)) - 55a42498-51b5-4c22-a6d0-b6e523d26bd9@group-19BC43D416A8->8ed59791-7601-47e5-a424-1bf234fecffd-AppendLogResponseHandler: follower responses appendEntries COMPLETED
2023-08-31 18:19:43,635 [grpc-default-executor-4] INFO  leader.FollowerInfo (FollowerInfoImpl.java:lambda$new$0(52)) - 55a42498-51b5-4c22-a6d0-b6e523d26bd9@group-19BC43D416A8->8ed59791-7601-47e5-a424-1bf234fecffd: decreaseNextIndex nextIndex: updateUnconditionally 1 -> 0
2023-08-31 18:19:43,635 [grpc-default-executor-2] INFO  server.GrpcServerProtocolService (GrpcServerProtocolService.java:lambda$onCompleted$5(157)) - 9837b75f-f89f-41e6-b8da-41fb6e633a75: Completed APPEND_ENTRIES, lastReply: serverReply {
  requestorId: "55a42498-51b5-4c22-a6d0-b6e523d26bd9"
  replyId: "9837b75f-f89f-41e6-b8da-41fb6e633a75"
  raftGroupId {
    id: ",w\363A;ZG+\215*\031\274C\324\026\250"
  }
  callId: 28
  success: true
}
term: 1
nextIndex: 1
matchIndex: 18446744073709551615
isHearbeat: true

2023-08-31 18:19:43,636 [grpc-default-executor-4] INFO  server.GrpcLogAppender (GrpcLogAppender.java:onCompleted(428)) - 55a42498-51b5-4c22-a6d0-b6e523d26bd9@group-19BC43D416A8->9837b75f-f89f-41e6-b8da-41fb6e633a75-AppendLogResponseHandler: follower responses appendEntries COMPLETED
2023-08-31 18:19:43,636 [grpc-default-executor-4] INFO  leader.FollowerInfo (FollowerInfoImpl.java:lambda$new$0(52)) - 55a42498-51b5-4c22-a6d0-b6e523d26bd9@group-19BC43D416A8->9837b75f-f89f-41e6-b8da-41fb6e633a75: decreaseNextIndex nextIndex: updateUnconditionally 1 -> 0
2023-08-31 18:19:43,637 [grpc-default-executor-7] INFO  server.GrpcServerProtocolService (GrpcServerProtocolService.java:onCompleted(155)) - 9837b75f-f89f-41e6-b8da-41fb6e633a75: Completed APPEND_ENTRIES, lastRequest: 55a42498-51b5-4c22-a6d0-b6e523d26bd9->9837b75f-f89f-41e6-b8da-41fb6e633a75#1-t1,previous=(t:0, i:0),leaderCommit=-1,initializing? true,entries: size=1, first=(t:1, i:0), CONFIGURATIONENTRY(current:id: "55a42498-51b5-4c22-a6d0-b6e523d26bd9"
address: "10.1.0.8:15085"
priority: 1
dataStreamAddress: "10.1.0.8:15086"
clientAddress: "10.1.0.8:15083"
adminAddress: "10.1.0.8:15084"
startupRole: FOLLOWER
,id: "9837b75f-f89f-41e6-b8da-41fb6e633a75"
address: "10.1.0.8:15067"
dataStreamAddress: "10.1.0.8:15068"
clientAddress: "10.1.0.8:15065"
adminAddress: "10.1.0.8:15066"
startupRole: FOLLOWER
,id: "8ed59791-7601-47e5-a424-1bf234fecffd"
address: "10.1.0.8:15076"
dataStreamAddress: "10.1.0.8:15077"
clientAddress: "10.1.0.8:15074"
adminAddress: "10.1.0.8:15075"
startupRole: FOLLOWER
, old:)
2023-08-31 18:19:43,637 [grpc-default-executor-7] INFO  server.GrpcServerProtocolService (GrpcServerProtocolService.java:lambda$onCompleted$5(157)) - 9837b75f-f89f-41e6-b8da-41fb6e633a75: Completed APPEND_ENTRIES, lastReply: null
2023-08-31 18:19:43,638 [grpc-default-executor-2] INFO  server.GrpcLogAppender (GrpcLogAppender.java:onCompleted(428)) - 55a42498-51b5-4c22-a6d0-b6e523d26bd9@group-19BC43D416A8->9837b75f-f89f-41e6-b8da-41fb6e633a75-AppendLogResponseHandler: follower responses appendEntries COMPLETED
2023-08-31 18:19:43,639 [grpc-default-executor-8] INFO  server.GrpcServerProtocolService (GrpcServerProtocolService.java:onCompleted(155)) - 8ed59791-7601-47e5-a424-1bf234fecffd: Completed APPEND_ENTRIES, lastRequest: 55a42498-51b5-4c22-a6d0-b6e523d26bd9->8ed59791-7601-47e5-a424-1bf234fecffd#1-t1,previous=(t:0, i:0),leaderCommit=-1,initializing? true,entries: size=1, first=(t:1, i:0), CONFIGURATIONENTRY(current:id: "55a42498-51b5-4c22-a6d0-b6e523d26bd9"
address: "10.1.0.8:15085"
priority: 1
dataStreamAddress: "10.1.0.8:15086"
clientAddress: "10.1.0.8:15083"
adminAddress: "10.1.0.8:15084"
startupRole: FOLLOWER
,id: "9837b75f-f89f-41e6-b8da-41fb6e633a75"
address: "10.1.0.8:15067"
dataStreamAddress: "10.1.0.8:15068"
clientAddress: "10.1.0.8:15065"
adminAddress: "10.1.0.8:15066"
startupRole: FOLLOWER
,id: "8ed59791-7601-47e5-a424-1bf234fecffd"
address: "10.1.0.8:15076"
dataStreamAddress: "10.1.0.8:15077"
clientAddress: "10.1.0.8:15074"
adminAddress: "10.1.0.8:15075"
startupRole: FOLLOWER
, old:)
2023-08-31 18:19:43,639 [grpc-default-executor-8] INFO  server.GrpcServerProtocolService (GrpcServerProtocolService.java:lambda$onCompleted$5(157)) - 8ed59791-7601-47e5-a424-1bf234fecffd: Completed APPEND_ENTRIES, lastReply: null
2023-08-31 18:19:43,640 [55a42498-51b5-4c22-a6d0-b6e523d26bd9-impl-thread3] INFO  impl.StateMachineUpdater (StateMachineUpdater.java:stopAndJoin(155)) - 55a42498-51b5-4c22-a6d0-b6e523d26bd9@group-5C4AA5E3D544-StateMachineUpdater: set stopIndex = 32
2023-08-31 18:19:43,640 [55a42498-51b5-4c22-a6d0-b6e523d26bd9@group-5C4AA5E3D544-StateMachineUpdater] INFO  ratis.ContainerStateMachine (ContainerStateMachine.java:takeSnapshot(330)) - group-5C4AA5E3D544: Taking a snapshot at:(t:1, i:32) file /home/runner/work/ozone/ozone/hadoop-ozone/integration-test/target/test-dir/MiniOzoneClusterImpl-1f897967-a85f-45b1-932e-48a7a77b5829/datanode-2/data/ratis/517282be-c288-4288-bdea-5c4aa5e3d544/sm/snapshot.1_32
2023-08-31 18:19:43,640 [55a42498-51b5-4c22-a6d0-b6e523d26bd9@group-5C4AA5E3D544-FollowerState] INFO  impl.FollowerState (FollowerState.java:run(152)) - 55a42498-51b5-4c22-a6d0-b6e523d26bd9@group-5C4AA5E3D544-FollowerState was interrupted
2023-08-31 18:19:43,645 [ForkJoinPool.commonPool-worker-3] INFO  ozoneimpl.OzoneContainer (OzoneContainer.java:stop(451)) - Attempting to stop container services.
2023-08-31 18:19:43,642 [grpc-default-executor-9] INFO  server.GrpcLogAppender (GrpcLogAppender.java:onCompleted(428)) - 55a42498-51b5-4c22-a6d0-b6e523d26bd9@group-19BC43D416A8->8ed59791-7601-47e5-a424-1bf234fecffd-AppendLogResponseHandler: follower responses appendEntries COMPLETED
2023-08-31 18:19:43,643 [55a42498-51b5-4c22-a6d0-b6e523d26bd9@group-5C4AA5E3D544-StateMachineUpdater] INFO  ratis.ContainerStateMachine (ContainerStateMachine.java:takeSnapshot(341)) - group-5C4AA5E3D544: Finished taking a snapshot at:(t:1, i:32) file:/home/runner/work/ozone/ozone/hadoop-ozone/integration-test/target/test-dir/MiniOzoneClusterImpl-1f897967-a85f-45b1-932e-48a7a77b5829/datanode-2/data/ratis/517282be-c288-4288-bdea-5c4aa5e3d544/sm/snapshot.1_32 took: 3 ms
2023-08-31 18:19:43,651 [55a42498-51b5-4c22-a6d0-b6e523d26bd9@group-5C4AA5E3D544-StateMachineUpdater] INFO  impl.StateMachineUpdater (StateMachineUpdater.java:takeSnapshot(291)) - 55a42498-51b5-4c22-a6d0-b6e523d26bd9@group-5C4AA5E3D544-StateMachineUpdater: Took a snapshot at index 32
2023-08-31 18:19:43,651 [55a42498-51b5-4c22-a6d0-b6e523d26bd9@group-5C4AA5E3D544-StateMachineUpdater] INFO  impl.StateMachineUpdater (StateMachineUpdater.java:lambda$new$0(97)) - 55a42498-51b5-4c22-a6d0-b6e523d26bd9@group-5C4AA5E3D544-StateMachineUpdater: snapshotIndex: updateIncreasingly -1 -> 32
2023-08-31 18:19:43,642 [Thread-1056] INFO  server.GrpcServerProtocolClient (GrpcServerProtocolClient.java:close(103)) - 8ed59791-7601-47e5-a424-1bf234fecffd Close channels
2023-08-31 18:19:43,642 [Thread-1055] INFO  server.GrpcServerProtocolClient (GrpcServerProtocolClient.java:close(103)) - 9837b75f-f89f-41e6-b8da-41fb6e633a75 Close channels
2023-08-31 18:19:43,652 [55a42498-51b5-4c22-a6d0-b6e523d26bd9-impl-thread3] INFO  server.RaftServer$Division (ServerState.java:close(472)) - 55a42498-51b5-4c22-a6d0-b6e523d26bd9@group-5C4AA5E3D544: closes. applyIndex: 32
2023-08-31 18:19:43,652 [grpc-default-executor-9] WARN  server.GrpcLogAppender (GrpcLogAppender.java:resetClient(137)) - 55a42498-51b5-4c22-a6d0-b6e523d26bd9@group-19BC43D416A8->8ed59791-7601-47e5-a424-1bf234fecffd-GrpcLogAppender: Failed to getClient for 8ed59791-7601-47e5-a424-1bf234fecffd
org.apache.ratis.protocol.exceptions.AlreadyClosedException: 55a42498-51b5-4c22-a6d0-b6e523d26bd9 is already CLOSED
	at org.apache.ratis.util.PeerProxyMap$PeerAndProxy.getProxy(PeerProxyMap.java:61)
	at org.apache.ratis.util.PeerProxyMap.getProxy(PeerProxyMap.java:115)
	at org.apache.ratis.grpc.server.GrpcLogAppender.getClient(GrpcLogAppender.java:112)
	at org.apache.ratis.grpc.server.GrpcLogAppender.resetClient(GrpcLogAppender.java:117)
	at org.apache.ratis.grpc.server.GrpcLogAppender.access$500(GrpcLogAppender.java:56)
	at org.apache.ratis.grpc.server.GrpcLogAppender$AppendLogResponseHandler.onCompleted(GrpcLogAppender.java:429)
	at org.apache.ratis.thirdparty.io.grpc.stub.ClientCalls$StreamObserverToCallListenerAdapter.onClose(ClientCalls.java:485)
	at org.apache.ratis.thirdparty.io.grpc.internal.ClientCallImpl.closeObserver(ClientCallImpl.java:563)
	at org.apache.ratis.thirdparty.io.grpc.internal.ClientCallImpl.access$300(ClientCallImpl.java:70)
	at org.apache.ratis.thirdparty.io.grpc.internal.ClientCallImpl$ClientStreamListenerImpl$1StreamClosed.runInternal(ClientCallImpl.java:744)
	at org.apache.ratis.thirdparty.io.grpc.internal.ClientCallImpl$ClientStreamListenerImpl$1StreamClosed.runInContext(ClientCallImpl.java:723)
	at org.apache.ratis.thirdparty.io.grpc.internal.ContextRunnable.run(ContextRunnable.java:37)
	at org.apache.ratis.thirdparty.io.grpc.internal.SerializingExecutor.run(SerializingExecutor.java:133)
	at java.util.concurrent.ThreadPoolExecutor.runWorker(ThreadPoolExecutor.java:1149)
	at java.util.concurrent.ThreadPoolExecutor$Worker.run(ThreadPoolExecutor.java:624)
	at java.lang.Thread.run(Thread.java:750)
2023-08-31 18:19:43,647 [ForkJoinPool.commonPool-worker-3] INFO  server.RaftServer (RaftServerProxy.java:lambda$close$6(416)) - 8ed59791-7601-47e5-a424-1bf234fecffd: close
2023-08-31 18:19:43,657 [8ed59791-7601-47e5-a424-1bf234fecffd-impl-thread3] INFO  server.RaftServer$Division (RaftServerImpl.java:lambda$close$4(466)) - 8ed59791-7601-47e5-a424-1bf234fecffd@group-19BC43D416A8: shutdown
2023-08-31 18:19:43,657 [8ed59791-7601-47e5-a424-1bf234fecffd-impl-thread3] INFO  util.JmxRegister (JmxRegister.java:unregister(73)) - Successfully un-registered JMX Bean with object name Ratis:service=RaftServer,group=group-19BC43D416A8,id=8ed59791-7601-47e5-a424-1bf234fecffd
2023-08-31 18:19:43,657 [8ed59791-7601-47e5-a424-1bf234fecffd-impl-thread3] INFO  impl.RoleInfo (RoleInfo.java:shutdownFollowerState(110)) - 8ed59791-7601-47e5-a424-1bf234fecffd: shutdown 8ed59791-7601-47e5-a424-1bf234fecffd@group-19BC43D416A8-FollowerState
2023-08-31 18:19:43,657 [ForkJoinPool.commonPool-worker-3] INFO  server.GrpcService (GrpcService.java:closeImpl(311)) - 8ed59791-7601-47e5-a424-1bf234fecffd: shutdown server org.apache.ratis.grpc.server.GrpcClientProtocolService now
2023-08-31 18:19:43,657 [8ed59791-7601-47e5-a424-1bf234fecffd-impl-thread4] INFO  server.RaftServer$Division (RaftServerImpl.java:lambda$close$4(466)) - 8ed59791-7601-47e5-a424-1bf234fecffd@group-6AF54DD69401: shutdown
2023-08-31 18:19:43,657 [8ed59791-7601-47e5-a424-1bf234fecffd-impl-thread4] INFO  util.JmxRegister (JmxRegister.java:unregister(73)) - Successfully un-registered JMX Bean with object name Ratis:service=RaftServer,group=group-6AF54DD69401,id=8ed59791-7601-47e5-a424-1bf234fecffd
2023-08-31 18:19:43,657 [8ed59791-7601-47e5-a424-1bf234fecffd-impl-thread4] INFO  impl.RoleInfo (RoleInfo.java:shutdownLeaderState(93)) - 8ed59791-7601-47e5-a424-1bf234fecffd: shutdown 8ed59791-7601-47e5-a424-1bf234fecffd@group-6AF54DD69401-LeaderStateImpl
2023-08-31 18:19:43,657 [8ed59791-7601-47e5-a424-1bf234fecffd-impl-thread4] INFO  impl.PendingRequests (PendingRequests.java:sendNotLeaderResponses(289)) - 8ed59791-7601-47e5-a424-1bf234fecffd@group-6AF54DD69401-PendingRequests: sendNotLeaderResponses
2023-08-31 18:19:43,658 [8ed59791-7601-47e5-a424-1bf234fecffd-impl-thread4] INFO  impl.StateMachineUpdater (StateMachineUpdater.java:stopAndJoin(155)) - 8ed59791-7601-47e5-a424-1bf234fecffd@group-6AF54DD69401-StateMachineUpdater: set stopIndex = 0
2023-08-31 18:19:43,658 [8ed59791-7601-47e5-a424-1bf234fecffd@group-6AF54DD69401-StateMachineUpdater] INFO  ratis.ContainerStateMachine (ContainerStateMachine.java:takeSnapshot(330)) - group-6AF54DD69401: Taking a snapshot at:(t:1, i:0) file /home/runner/work/ozone/ozone/hadoop-ozone/integration-test/target/test-dir/MiniOzoneClusterImpl-1f897967-a85f-45b1-932e-48a7a77b5829/datanode-1/data/ratis/123a13f7-a5ba-4e2d-9d45-6af54dd69401/sm/snapshot.1_0
2023-08-31 18:19:43,659 [8ed59791-7601-47e5-a424-1bf234fecffd@group-6AF54DD69401-StateMachineUpdater] INFO  ratis.ContainerStateMachine (ContainerStateMachine.java:takeSnapshot(341)) - group-6AF54DD69401: Finished taking a snapshot at:(t:1, i:0) file:/home/runner/work/ozone/ozone/hadoop-ozone/integration-test/target/test-dir/MiniOzoneClusterImpl-1f897967-a85f-45b1-932e-48a7a77b5829/datanode-1/data/ratis/123a13f7-a5ba-4e2d-9d45-6af54dd69401/sm/snapshot.1_0 took: 1 ms
2023-08-31 18:19:43,659 [8ed59791-7601-47e5-a424-1bf234fecffd@group-6AF54DD69401-StateMachineUpdater] INFO  impl.StateMachineUpdater (StateMachineUpdater.java:takeSnapshot(291)) - 8ed59791-7601-47e5-a424-1bf234fecffd@group-6AF54DD69401-StateMachineUpdater: Took a snapshot at index 0
2023-08-31 18:19:43,659 [8ed59791-7601-47e5-a424-1bf234fecffd@group-6AF54DD69401-StateMachineUpdater] INFO  impl.StateMachineUpdater (StateMachineUpdater.java:lambda$new$0(97)) - 8ed59791-7601-47e5-a424-1bf234fecffd@group-6AF54DD69401-StateMachineUpdater: snapshotIndex: updateIncreasingly -1 -> 0
2023-08-31 18:19:43,659 [8ed59791-7601-47e5-a424-1bf234fecffd-impl-thread4] INFO  server.RaftServer$Division (ServerState.java:close(472)) - 8ed59791-7601-47e5-a424-1bf234fecffd@group-6AF54DD69401: closes. applyIndex: 0
2023-08-31 18:19:43,664 [8ed59791-7601-47e5-a424-1bf234fecffd-impl-thread2] INFO  server.RaftServer$Division (RaftServerImpl.java:lambda$close$4(466)) - 8ed59791-7601-47e5-a424-1bf234fecffd@group-5C4AA5E3D544: shutdown
2023-08-31 18:19:43,664 [8ed59791-7601-47e5-a424-1bf234fecffd-impl-thread2] INFO  util.JmxRegister (JmxRegister.java:unregister(73)) - Successfully un-registered JMX Bean with object name Ratis:service=RaftServer,group=group-5C4AA5E3D544,id=8ed59791-7601-47e5-a424-1bf234fecffd
2023-08-31 18:19:43,664 [8ed59791-7601-47e5-a424-1bf234fecffd-impl-thread2] INFO  impl.RoleInfo (RoleInfo.java:shutdownLeaderState(93)) - 8ed59791-7601-47e5-a424-1bf234fecffd: shutdown 8ed59791-7601-47e5-a424-1bf234fecffd@group-5C4AA5E3D544-LeaderStateImpl
2023-08-31 18:19:43,664 [8ed59791-7601-47e5-a424-1bf234fecffd@group-5C4AA5E3D544->55a42498-51b5-4c22-a6d0-b6e523d26bd9-GrpcLogAppender-LogAppenderDaemon] WARN  server.GrpcLogAppender (GrpcLogAppender.java:mayWait(199)) - 8ed59791-7601-47e5-a424-1bf234fecffd@group-5C4AA5E3D544->55a42498-51b5-4c22-a6d0-b6e523d26bd9-GrpcLogAppender: Wait interrupted by java.lang.InterruptedException
2023-08-31 18:19:43,664 [8ed59791-7601-47e5-a424-1bf234fecffd-impl-thread2] INFO  impl.PendingRequests (PendingRequests.java:sendNotLeaderResponses(289)) - 8ed59791-7601-47e5-a424-1bf234fecffd@group-5C4AA5E3D544-PendingRequests: sendNotLeaderResponses
2023-08-31 18:19:43,664 [8ed59791-7601-47e5-a424-1bf234fecffd@group-5C4AA5E3D544->9837b75f-f89f-41e6-b8da-41fb6e633a75-GrpcLogAppender-LogAppenderDaemon] WARN  server.GrpcLogAppender (GrpcLogAppender.java:mayWait(199)) - 8ed59791-7601-47e5-a424-1bf234fecffd@group-5C4AA5E3D544->9837b75f-f89f-41e6-b8da-41fb6e633a75-GrpcLogAppender: Wait interrupted by java.lang.InterruptedException
2023-08-31 18:19:43,665 [8ed59791-7601-47e5-a424-1bf234fecffd-impl-thread3] INFO  impl.StateMachineUpdater (StateMachineUpdater.java:stopAndJoin(155)) - 8ed59791-7601-47e5-a424-1bf234fecffd@group-19BC43D416A8-StateMachineUpdater: set stopIndex = 0
2023-08-31 18:19:43,665 [8ed59791-7601-47e5-a424-1bf234fecffd@group-19BC43D416A8-FollowerState] INFO  impl.FollowerState (FollowerState.java:run(152)) - 8ed59791-7601-47e5-a424-1bf234fecffd@group-19BC43D416A8-FollowerState was interrupted
2023-08-31 18:19:43,667 [Thread-1060] INFO  server.GrpcServerProtocolClient (GrpcServerProtocolClient.java:close(103)) - 55a42498-51b5-4c22-a6d0-b6e523d26bd9 Close channels
2023-08-31 18:19:43,667 [Thread-1061] INFO  server.GrpcServerProtocolClient (GrpcServerProtocolClient.java:close(103)) - 9837b75f-f89f-41e6-b8da-41fb6e633a75 Close channels
2023-08-31 18:19:43,668 [grpc-default-executor-8] WARN  server.GrpcClientProtocolService (LogUtils.java:warn(122)) - 4-OrderedRequestStreamObserver4: onError: org.apache.ratis.thirdparty.io.grpc.StatusRuntimeException: CANCELLED: client cancelled
2023-08-31 18:19:43,668 [grpc-default-executor-2] WARN  server.GrpcClientProtocolService (LogUtils.java:warn(122)) - 5-UnorderedRequestStreamObserver5: onError: org.apache.ratis.thirdparty.io.grpc.StatusRuntimeException: CANCELLED: client cancelled
2023-08-31 18:19:43,668 [main] INFO  server.GrpcService (GrpcService.java:closeImpl(320)) - 55a42498-51b5-4c22-a6d0-b6e523d26bd9: shutdown server org.apache.ratis.grpc.server.GrpcClientProtocolService successfully
2023-08-31 18:19:43,668 [main] INFO  server.GrpcService (GrpcService.java:closeImpl(311)) - 55a42498-51b5-4c22-a6d0-b6e523d26bd9: shutdown server GrpcServerProtocolService now
2023-08-31 18:19:43,669 [8ed59791-7601-47e5-a424-1bf234fecffd@group-19BC43D416A8-StateMachineUpdater] INFO  ratis.ContainerStateMachine (ContainerStateMachine.java:takeSnapshot(330)) - group-19BC43D416A8: Taking a snapshot at:(t:1, i:0) file /home/runner/work/ozone/ozone/hadoop-ozone/integration-test/target/test-dir/MiniOzoneClusterImpl-1f897967-a85f-45b1-932e-48a7a77b5829/datanode-1/data/ratis/2c77f341-3b5a-472b-8d2a-19bc43d416a8/sm/snapshot.1_0
2023-08-31 18:19:43,670 [8ed59791-7601-47e5-a424-1bf234fecffd@group-19BC43D416A8-StateMachineUpdater] INFO  ratis.ContainerStateMachine (ContainerStateMachine.java:takeSnapshot(341)) - group-19BC43D416A8: Finished taking a snapshot at:(t:1, i:0) file:/home/runner/work/ozone/ozone/hadoop-ozone/integration-test/target/test-dir/MiniOzoneClusterImpl-1f897967-a85f-45b1-932e-48a7a77b5829/datanode-1/data/ratis/2c77f341-3b5a-472b-8d2a-19bc43d416a8/sm/snapshot.1_0 took: 1 ms
2023-08-31 18:19:43,670 [grpc-default-executor-7] INFO  server.GrpcServerProtocolService (GrpcServerProtocolService.java:onCompleted(155)) - 55a42498-51b5-4c22-a6d0-b6e523d26bd9: Completed APPEND_ENTRIES, lastRequest: 8ed59791-7601-47e5-a424-1bf234fecffd->55a42498-51b5-4c22-a6d0-b6e523d26bd9#73-t1,previous=(t:1, i:32),leaderCommit=32,initializing? true,entries: size=1, first=(t:1, i:33), METADATAENTRY(c:31)
2023-08-31 18:19:43,670 [grpc-default-executor-7] INFO  server.GrpcServerProtocolService (GrpcServerProtocolService.java:lambda$onCompleted$5(157)) - 55a42498-51b5-4c22-a6d0-b6e523d26bd9: Completed APPEND_ENTRIES, lastReply: null
2023-08-31 18:19:43,670 [8ed59791-7601-47e5-a424-1bf234fecffd@group-19BC43D416A8-StateMachineUpdater] INFO  impl.StateMachineUpdater (StateMachineUpdater.java:takeSnapshot(291)) - 8ed59791-7601-47e5-a424-1bf234fecffd@group-19BC43D416A8-StateMachineUpdater: Took a snapshot at index 0
2023-08-31 18:19:43,670 [8ed59791-7601-47e5-a424-1bf234fecffd@group-19BC43D416A8-StateMachineUpdater] INFO  impl.StateMachineUpdater (StateMachineUpdater.java:lambda$new$0(97)) - 8ed59791-7601-47e5-a424-1bf234fecffd@group-19BC43D416A8-StateMachineUpdater: snapshotIndex: updateIncreasingly -1 -> 0
2023-08-31 18:19:43,671 [8ed59791-7601-47e5-a424-1bf234fecffd-impl-thread3] INFO  server.RaftServer$Division (ServerState.java:close(472)) - 8ed59791-7601-47e5-a424-1bf234fecffd@group-19BC43D416A8: closes. applyIndex: 0
2023-08-31 18:19:43,673 [grpc-default-executor-12] INFO  server.GrpcServerProtocolService (GrpcServerProtocolService.java:onCompleted(155)) - 9837b75f-f89f-41e6-b8da-41fb6e633a75: Completed APPEND_ENTRIES, lastRequest: null
2023-08-31 18:19:43,673 [grpc-default-executor-12] INFO  server.GrpcServerProtocolService (GrpcServerProtocolService.java:lambda$onCompleted$5(157)) - 9837b75f-f89f-41e6-b8da-41fb6e633a75: Completed APPEND_ENTRIES, lastReply: serverReply {
  requestorId: "8ed59791-7601-47e5-a424-1bf234fecffd"
  replyId: "9837b75f-f89f-41e6-b8da-41fb6e633a75"
  raftGroupId {
    id: "Qr\202\276\302\210B\210\275\352\\J\245\343\325D"
  }
  callId: 73
  success: true
}
term: 1
nextIndex: 30
followerCommit: 29
matchIndex: 18446744073709551615
isHearbeat: true

2023-08-31 18:19:43,676 [grpc-default-executor-7] INFO  server.GrpcServerProtocolService (GrpcServerProtocolService.java:onCompleted(155)) - 9837b75f-f89f-41e6-b8da-41fb6e633a75: Completed APPEND_ENTRIES, lastRequest: 8ed59791-7601-47e5-a424-1bf234fecffd->9837b75f-f89f-41e6-b8da-41fb6e633a75#77-t1,previous=(t:1, i:32),leaderCommit=32,initializing? true,entries: size=1, first=(t:1, i:33), METADATAENTRY(c:31)
2023-08-31 18:19:43,676 [grpc-default-executor-7] INFO  server.GrpcServerProtocolService (GrpcServerProtocolService.java:lambda$onCompleted$5(157)) - 9837b75f-f89f-41e6-b8da-41fb6e633a75: Completed APPEND_ENTRIES, lastReply: null
2023-08-31 18:19:43,678 [8ed59791-7601-47e5-a424-1bf234fecffd-impl-thread2] INFO  impl.StateMachineUpdater (StateMachineUpdater.java:stopAndJoin(155)) - 8ed59791-7601-47e5-a424-1bf234fecffd@group-5C4AA5E3D544-StateMachineUpdater: set stopIndex = 33
2023-08-31 18:19:43,678 [8ed59791-7601-47e5-a424-1bf234fecffd@group-5C4AA5E3D544-StateMachineUpdater] INFO  ratis.ContainerStateMachine (ContainerStateMachine.java:takeSnapshot(330)) - group-5C4AA5E3D544: Taking a snapshot at:(t:1, i:33) file /home/runner/work/ozone/ozone/hadoop-ozone/integration-test/target/test-dir/MiniOzoneClusterImpl-1f897967-a85f-45b1-932e-48a7a77b5829/datanode-1/data/ratis/517282be-c288-4288-bdea-5c4aa5e3d544/sm/snapshot.1_33
2023-08-31 18:19:43,679 [grpc-default-executor-8] INFO  server.GrpcLogAppender (GrpcLogAppender.java:onError(417)) - 8ed59791-7601-47e5-a424-1bf234fecffd@group-5C4AA5E3D544->55a42498-51b5-4c22-a6d0-b6e523d26bd9-GrpcLogAppender is already stopped
2023-08-31 18:19:43,679 [grpc-default-executor-13] INFO  server.GrpcServerProtocolService (GrpcServerProtocolService.java:onCompleted(155)) - 55a42498-51b5-4c22-a6d0-b6e523d26bd9: Completed APPEND_ENTRIES, lastRequest: null
2023-08-31 18:19:43,690 [grpc-default-executor-2] INFO  server.GrpcLogAppender (GrpcLogAppender.java:onCompleted(428)) - 8ed59791-7601-47e5-a424-1bf234fecffd@group-5C4AA5E3D544->9837b75f-f89f-41e6-b8da-41fb6e633a75-AppendLogResponseHandler: follower responses appendEntries COMPLETED
2023-08-31 18:19:43,691 [grpc-default-executor-2] WARN  server.GrpcLogAppender (GrpcLogAppender.java:resetClient(137)) - 8ed59791-7601-47e5-a424-1bf234fecffd@group-5C4AA5E3D544->9837b75f-f89f-41e6-b8da-41fb6e633a75-GrpcLogAppender: Failed to getClient for 9837b75f-f89f-41e6-b8da-41fb6e633a75
org.apache.ratis.protocol.exceptions.AlreadyClosedException: 8ed59791-7601-47e5-a424-1bf234fecffd is already CLOSED
	at org.apache.ratis.util.PeerProxyMap$PeerAndProxy.getProxy(PeerProxyMap.java:61)
	at org.apache.ratis.util.PeerProxyMap.getProxy(PeerProxyMap.java:115)
	at org.apache.ratis.grpc.server.GrpcLogAppender.getClient(GrpcLogAppender.java:112)
	at org.apache.ratis.grpc.server.GrpcLogAppender.resetClient(GrpcLogAppender.java:117)
	at org.apache.ratis.grpc.server.GrpcLogAppender.access$500(GrpcLogAppender.java:56)
	at org.apache.ratis.grpc.server.GrpcLogAppender$AppendLogResponseHandler.onCompleted(GrpcLogAppender.java:429)
	at org.apache.ratis.thirdparty.io.grpc.stub.ClientCalls$StreamObserverToCallListenerAdapter.onClose(ClientCalls.java:485)
	at org.apache.ratis.thirdparty.io.grpc.internal.ClientCallImpl.closeObserver(ClientCallImpl.java:563)
	at org.apache.ratis.thirdparty.io.grpc.internal.ClientCallImpl.access$300(ClientCallImpl.java:70)
	at org.apache.ratis.thirdparty.io.grpc.internal.ClientCallImpl$ClientStreamListenerImpl$1StreamClosed.runInternal(ClientCallImpl.java:744)
	at org.apache.ratis.thirdparty.io.grpc.internal.ClientCallImpl$ClientStreamListenerImpl$1StreamClosed.runInContext(ClientCallImpl.java:723)
	at org.apache.ratis.thirdparty.io.grpc.internal.ContextRunnable.run(ContextRunnable.java:37)
	at org.apache.ratis.thirdparty.io.grpc.internal.SerializingExecutor.run(SerializingExecutor.java:133)
	at java.util.concurrent.ThreadPoolExecutor.runWorker(ThreadPoolExecutor.java:1149)
	at java.util.concurrent.ThreadPoolExecutor$Worker.run(ThreadPoolExecutor.java:624)
	at java.lang.Thread.run(Thread.java:750)
2023-08-31 18:19:43,690 [grpc-default-executor-11] INFO  server.GrpcLogAppender (GrpcLogAppender.java:onCompleted(428)) - 8ed59791-7601-47e5-a424-1bf234fecffd@group-5C4AA5E3D544->9837b75f-f89f-41e6-b8da-41fb6e633a75-AppendLogResponseHandler: follower responses appendEntries COMPLETED
2023-08-31 18:19:43,691 [grpc-default-executor-11] WARN  server.GrpcLogAppender (GrpcLogAppender.java:resetClient(137)) - 8ed59791-7601-47e5-a424-1bf234fecffd@group-5C4AA5E3D544->9837b75f-f89f-41e6-b8da-41fb6e633a75-GrpcLogAppender: Failed to getClient for 9837b75f-f89f-41e6-b8da-41fb6e633a75
org.apache.ratis.protocol.exceptions.AlreadyClosedException: 8ed59791-7601-47e5-a424-1bf234fecffd is already CLOSED
	at org.apache.ratis.util.PeerProxyMap$PeerAndProxy.getProxy(PeerProxyMap.java:61)
	at org.apache.ratis.util.PeerProxyMap.getProxy(PeerProxyMap.java:115)
	at org.apache.ratis.grpc.server.GrpcLogAppender.getClient(GrpcLogAppender.java:112)
	at org.apache.ratis.grpc.server.GrpcLogAppender.resetClient(GrpcLogAppender.java:117)
	at org.apache.ratis.grpc.server.GrpcLogAppender.access$500(GrpcLogAppender.java:56)
	at org.apache.ratis.grpc.server.GrpcLogAppender$AppendLogResponseHandler.onCompleted(GrpcLogAppender.java:429)
	at org.apache.ratis.thirdparty.io.grpc.stub.ClientCalls$StreamObserverToCallListenerAdapter.onClose(ClientCalls.java:485)
	at org.apache.ratis.thirdparty.io.grpc.internal.ClientCallImpl.closeObserver(ClientCallImpl.java:563)
	at org.apache.ratis.thirdparty.io.grpc.internal.ClientCallImpl.access$300(ClientCallImpl.java:70)
	at org.apache.ratis.thirdparty.io.grpc.internal.ClientCallImpl$ClientStreamListenerImpl$1StreamClosed.runInternal(ClientCallImpl.java:744)
	at org.apache.ratis.thirdparty.io.grpc.internal.ClientCallImpl$ClientStreamListenerImpl$1StreamClosed.runInContext(ClientCallImpl.java:723)
	at org.apache.ratis.thirdparty.io.grpc.internal.ContextRunnable.run(ContextRunnable.java:37)
	at org.apache.ratis.thirdparty.io.grpc.internal.SerializingExecutor.run(SerializingExecutor.java:133)
	at java.util.concurrent.ThreadPoolExecutor.runWorker(ThreadPoolExecutor.java:1149)
	at java.util.concurrent.ThreadPoolExecutor$Worker.run(ThreadPoolExecutor.java:624)
	at java.lang.Thread.run(Thread.java:750)
2023-08-31 18:19:43,692 [grpc-default-executor-8] INFO  server.GrpcLogAppender (GrpcLogAppender.java:onError(417)) - 8ed59791-7601-47e5-a424-1bf234fecffd@group-5C4AA5E3D544->55a42498-51b5-4c22-a6d0-b6e523d26bd9-GrpcLogAppender is already stopped
2023-08-31 18:19:43,693 [grpc-default-executor-13] INFO  server.GrpcServerProtocolService (GrpcServerProtocolService.java:lambda$onCompleted$5(157)) - 55a42498-51b5-4c22-a6d0-b6e523d26bd9: Completed APPEND_ENTRIES, lastReply: serverReply {
  requestorId: "8ed59791-7601-47e5-a424-1bf234fecffd"
  replyId: "55a42498-51b5-4c22-a6d0-b6e523d26bd9"
  raftGroupId {
    id: "Qr\202\276\302\210B\210\275\352\\J\245\343\325D"
  }
  callId: 69
  success: true
}
term: 1
nextIndex: 30
followerCommit: 29
matchIndex: 18446744073709551615
isHearbeat: true

2023-08-31 18:19:43,694 [8ed59791-7601-47e5-a424-1bf234fecffd@group-5C4AA5E3D544-StateMachineUpdater] INFO  ratis.ContainerStateMachine (ContainerStateMachine.java:takeSnapshot(341)) - group-5C4AA5E3D544: Finished taking a snapshot at:(t:1, i:33) file:/home/runner/work/ozone/ozone/hadoop-ozone/integration-test/target/test-dir/MiniOzoneClusterImpl-1f897967-a85f-45b1-932e-48a7a77b5829/datanode-1/data/ratis/517282be-c288-4288-bdea-5c4aa5e3d544/sm/snapshot.1_33 took: 15 ms
2023-08-31 18:19:43,694 [8ed59791-7601-47e5-a424-1bf234fecffd@group-5C4AA5E3D544-StateMachineUpdater] INFO  impl.StateMachineUpdater (StateMachineUpdater.java:takeSnapshot(291)) - 8ed59791-7601-47e5-a424-1bf234fecffd@group-5C4AA5E3D544-StateMachineUpdater: Took a snapshot at index 33
2023-08-31 18:19:43,695 [8ed59791-7601-47e5-a424-1bf234fecffd@group-5C4AA5E3D544-StateMachineUpdater] INFO  impl.StateMachineUpdater (StateMachineUpdater.java:lambda$new$0(97)) - 8ed59791-7601-47e5-a424-1bf234fecffd@group-5C4AA5E3D544-StateMachineUpdater: snapshotIndex: updateIncreasingly -1 -> 33
2023-08-31 18:19:43,695 [main] INFO  server.GrpcService (GrpcService.java:closeImpl(320)) - 55a42498-51b5-4c22-a6d0-b6e523d26bd9: shutdown server GrpcServerProtocolService successfully
2023-08-31 18:19:43,695 [main] INFO  server.GrpcService (GrpcService.java:closeImpl(311)) - 55a42498-51b5-4c22-a6d0-b6e523d26bd9: shutdown server org.apache.ratis.grpc.server.GrpcAdminProtocolService now
2023-08-31 18:19:43,705 [main] INFO  server.GrpcService (GrpcService.java:closeImpl(320)) - 55a42498-51b5-4c22-a6d0-b6e523d26bd9: shutdown server org.apache.ratis.grpc.server.GrpcAdminProtocolService successfully
2023-08-31 18:19:43,706 [55a42498-51b5-4c22-a6d0-b6e523d26bd9-NettyServerStreamRpc-bossGroup--thread1] INFO  logging.LoggingHandler (AbstractInternalLogger.java:log(148)) - [id: 0x73c09886, L:/0:0:0:0:0:0:0:0:15086] CLOSE
2023-08-31 18:19:43,706 [55a42498-51b5-4c22-a6d0-b6e523d26bd9-NettyServerStreamRpc-bossGroup--thread1] INFO  logging.LoggingHandler (AbstractInternalLogger.java:log(148)) - [id: 0x73c09886, L:/0:0:0:0:0:0:0:0:15086] INACTIVE
2023-08-31 18:19:43,706 [55a42498-51b5-4c22-a6d0-b6e523d26bd9-NettyServerStreamRpc-bossGroup--thread1] INFO  logging.LoggingHandler (AbstractInternalLogger.java:log(148)) - [id: 0x73c09886, L:/0:0:0:0:0:0:0:0:15086] UNREGISTERED
2023-08-31 18:19:43,707 [8ed59791-7601-47e5-a424-1bf234fecffd-impl-thread2] INFO  server.RaftServer$Division (ServerState.java:close(472)) - 8ed59791-7601-47e5-a424-1bf234fecffd@group-5C4AA5E3D544: closes. applyIndex: 33
2023-08-31 18:19:43,721 [ForkJoinPool.commonPool-worker-3] INFO  server.GrpcService (GrpcService.java:closeImpl(320)) - 8ed59791-7601-47e5-a424-1bf234fecffd: shutdown server org.apache.ratis.grpc.server.GrpcClientProtocolService successfully
2023-08-31 18:19:43,721 [ForkJoinPool.commonPool-worker-3] INFO  server.GrpcService (GrpcService.java:closeImpl(311)) - 8ed59791-7601-47e5-a424-1bf234fecffd: shutdown server GrpcServerProtocolService now
2023-08-31 18:19:43,735 [ForkJoinPool.commonPool-worker-0] INFO  ozoneimpl.OzoneContainer (OzoneContainer.java:stop(451)) - Attempting to stop container services.
2023-08-31 18:19:43,737 [ForkJoinPool.commonPool-worker-3] INFO  server.GrpcService (GrpcService.java:closeImpl(320)) - 8ed59791-7601-47e5-a424-1bf234fecffd: shutdown server GrpcServerProtocolService successfully
2023-08-31 18:19:43,737 [ForkJoinPool.commonPool-worker-3] INFO  server.GrpcService (GrpcService.java:closeImpl(311)) - 8ed59791-7601-47e5-a424-1bf234fecffd: shutdown server org.apache.ratis.grpc.server.GrpcAdminProtocolService now
2023-08-31 18:19:43,749 [ForkJoinPool.commonPool-worker-0] INFO  server.RaftServer (RaftServerProxy.java:lambda$close$6(416)) - 9837b75f-f89f-41e6-b8da-41fb6e633a75: close
2023-08-31 18:19:43,749 [ForkJoinPool.commonPool-worker-3] INFO  server.GrpcService (GrpcService.java:closeImpl(320)) - 8ed59791-7601-47e5-a424-1bf234fecffd: shutdown server org.apache.ratis.grpc.server.GrpcAdminProtocolService successfully
2023-08-31 18:19:43,749 [9837b75f-f89f-41e6-b8da-41fb6e633a75-impl-thread2] INFO  server.RaftServer$Division (RaftServerImpl.java:lambda$close$4(466)) - 9837b75f-f89f-41e6-b8da-41fb6e633a75@group-5C4AA5E3D544: shutdown
2023-08-31 18:19:43,750 [9837b75f-f89f-41e6-b8da-41fb6e633a75-impl-thread2] INFO  util.JmxRegister (JmxRegister.java:unregister(73)) - Successfully un-registered JMX Bean with object name Ratis:service=RaftServer,group=group-5C4AA5E3D544,id=9837b75f-f89f-41e6-b8da-41fb6e633a75
2023-08-31 18:19:43,750 [9837b75f-f89f-41e6-b8da-41fb6e633a75-impl-thread2] INFO  impl.RoleInfo (RoleInfo.java:shutdownFollowerState(110)) - 9837b75f-f89f-41e6-b8da-41fb6e633a75: shutdown 9837b75f-f89f-41e6-b8da-41fb6e633a75@group-5C4AA5E3D544-FollowerState
2023-08-31 18:19:43,750 [9837b75f-f89f-41e6-b8da-41fb6e633a75-impl-thread3] INFO  server.RaftServer$Division (RaftServerImpl.java:lambda$close$4(466)) - 9837b75f-f89f-41e6-b8da-41fb6e633a75@group-6C981EB11288: shutdown
2023-08-31 18:19:43,752 [9837b75f-f89f-41e6-b8da-41fb6e633a75-impl-thread3] INFO  util.JmxRegister (JmxRegister.java:unregister(73)) - Successfully un-registered JMX Bean with object name Ratis:service=RaftServer,group=group-6C981EB11288,id=9837b75f-f89f-41e6-b8da-41fb6e633a75
2023-08-31 18:19:43,752 [9837b75f-f89f-41e6-b8da-41fb6e633a75-impl-thread3] INFO  impl.RoleInfo (RoleInfo.java:shutdownLeaderState(93)) - 9837b75f-f89f-41e6-b8da-41fb6e633a75: shutdown 9837b75f-f89f-41e6-b8da-41fb6e633a75@group-6C981EB11288-LeaderStateImpl
2023-08-31 18:19:43,752 [9837b75f-f89f-41e6-b8da-41fb6e633a75-impl-thread3] INFO  impl.PendingRequests (PendingRequests.java:sendNotLeaderResponses(289)) - 9837b75f-f89f-41e6-b8da-41fb6e633a75@group-6C981EB11288-PendingRequests: sendNotLeaderResponses
2023-08-31 18:19:43,752 [9837b75f-f89f-41e6-b8da-41fb6e633a75-impl-thread3] INFO  impl.StateMachineUpdater (StateMachineUpdater.java:stopAndJoin(155)) - 9837b75f-f89f-41e6-b8da-41fb6e633a75@group-6C981EB11288-StateMachineUpdater: set stopIndex = 0
2023-08-31 18:19:43,750 [9837b75f-f89f-41e6-b8da-41fb6e633a75-impl-thread4] INFO  server.RaftServer$Division (RaftServerImpl.java:lambda$close$4(466)) - 9837b75f-f89f-41e6-b8da-41fb6e633a75@group-19BC43D416A8: shutdown
2023-08-31 18:19:43,750 [ForkJoinPool.commonPool-worker-0] INFO  server.GrpcService (GrpcService.java:closeImpl(311)) - 9837b75f-f89f-41e6-b8da-41fb6e633a75: shutdown server org.apache.ratis.grpc.server.GrpcClientProtocolService now
2023-08-31 18:19:43,753 [9837b75f-f89f-41e6-b8da-41fb6e633a75-impl-thread4] INFO  util.JmxRegister (JmxRegister.java:unregister(73)) - Successfully un-registered JMX Bean with object name Ratis:service=RaftServer,group=group-19BC43D416A8,id=9837b75f-f89f-41e6-b8da-41fb6e633a75
2023-08-31 18:19:43,753 [9837b75f-f89f-41e6-b8da-41fb6e633a75-impl-thread4] INFO  impl.RoleInfo (RoleInfo.java:shutdownFollowerState(110)) - 9837b75f-f89f-41e6-b8da-41fb6e633a75: shutdown 9837b75f-f89f-41e6-b8da-41fb6e633a75@group-19BC43D416A8-FollowerState
2023-08-31 18:19:43,753 [9837b75f-f89f-41e6-b8da-41fb6e633a75@group-6C981EB11288-StateMachineUpdater] INFO  ratis.ContainerStateMachine (ContainerStateMachine.java:takeSnapshot(330)) - group-6C981EB11288: Taking a snapshot at:(t:1, i:0) file /home/runner/work/ozone/ozone/hadoop-ozone/integration-test/target/test-dir/MiniOzoneClusterImpl-1f897967-a85f-45b1-932e-48a7a77b5829/datanode-0/data/ratis/bec518a8-a4ea-4727-94cc-6c981eb11288/sm/snapshot.1_0
2023-08-31 18:19:43,756 [9837b75f-f89f-41e6-b8da-41fb6e633a75@group-19BC43D416A8-FollowerState] INFO  impl.FollowerState (FollowerState.java:run(152)) - 9837b75f-f89f-41e6-b8da-41fb6e633a75@group-19BC43D416A8-FollowerState was interrupted
2023-08-31 18:19:43,756 [9837b75f-f89f-41e6-b8da-41fb6e633a75-impl-thread4] INFO  impl.StateMachineUpdater (StateMachineUpdater.java:stopAndJoin(155)) - 9837b75f-f89f-41e6-b8da-41fb6e633a75@group-19BC43D416A8-StateMachineUpdater: set stopIndex = 0
2023-08-31 18:19:43,756 [9837b75f-f89f-41e6-b8da-41fb6e633a75@group-19BC43D416A8-StateMachineUpdater] INFO  ratis.ContainerStateMachine (ContainerStateMachine.java:takeSnapshot(330)) - group-19BC43D416A8: Taking a snapshot at:(t:1, i:0) file /home/runner/work/ozone/ozone/hadoop-ozone/integration-test/target/test-dir/MiniOzoneClusterImpl-1f897967-a85f-45b1-932e-48a7a77b5829/datanode-0/data/ratis/2c77f341-3b5a-472b-8d2a-19bc43d416a8/sm/snapshot.1_0
2023-08-31 18:19:43,757 [9837b75f-f89f-41e6-b8da-41fb6e633a75-impl-thread2] INFO  impl.StateMachineUpdater (StateMachineUpdater.java:stopAndJoin(155)) - 9837b75f-f89f-41e6-b8da-41fb6e633a75@group-5C4AA5E3D544-StateMachineUpdater: set stopIndex = 32
2023-08-31 18:19:43,757 [9837b75f-f89f-41e6-b8da-41fb6e633a75@group-5C4AA5E3D544-FollowerState] INFO  impl.FollowerState (FollowerState.java:run(152)) - 9837b75f-f89f-41e6-b8da-41fb6e633a75@group-5C4AA5E3D544-FollowerState was interrupted
2023-08-31 18:19:43,757 [9837b75f-f89f-41e6-b8da-41fb6e633a75@group-5C4AA5E3D544-StateMachineUpdater] INFO  ratis.ContainerStateMachine (ContainerStateMachine.java:takeSnapshot(330)) - group-5C4AA5E3D544: Taking a snapshot at:(t:1, i:32) file /home/runner/work/ozone/ozone/hadoop-ozone/integration-test/target/test-dir/MiniOzoneClusterImpl-1f897967-a85f-45b1-932e-48a7a77b5829/datanode-0/data/ratis/517282be-c288-4288-bdea-5c4aa5e3d544/sm/snapshot.1_32
2023-08-31 18:19:43,757 [9837b75f-f89f-41e6-b8da-41fb6e633a75@group-6C981EB11288-StateMachineUpdater] INFO  ratis.ContainerStateMachine (ContainerStateMachine.java:takeSnapshot(341)) - group-6C981EB11288: Finished taking a snapshot at:(t:1, i:0) file:/home/runner/work/ozone/ozone/hadoop-ozone/integration-test/target/test-dir/MiniOzoneClusterImpl-1f897967-a85f-45b1-932e-48a7a77b5829/datanode-0/data/ratis/bec518a8-a4ea-4727-94cc-6c981eb11288/sm/snapshot.1_0 took: 5 ms
2023-08-31 18:19:43,758 [9837b75f-f89f-41e6-b8da-41fb6e633a75@group-19BC43D416A8-StateMachineUpdater] INFO  ratis.ContainerStateMachine (ContainerStateMachine.java:takeSnapshot(341)) - group-19BC43D416A8: Finished taking a snapshot at:(t:1, i:0) file:/home/runner/work/ozone/ozone/hadoop-ozone/integration-test/target/test-dir/MiniOzoneClusterImpl-1f897967-a85f-45b1-932e-48a7a77b5829/datanode-0/data/ratis/2c77f341-3b5a-472b-8d2a-19bc43d416a8/sm/snapshot.1_0 took: 1 ms
2023-08-31 18:19:43,758 [9837b75f-f89f-41e6-b8da-41fb6e633a75@group-19BC43D416A8-StateMachineUpdater] INFO  impl.StateMachineUpdater (StateMachineUpdater.java:takeSnapshot(291)) - 9837b75f-f89f-41e6-b8da-41fb6e633a75@group-19BC43D416A8-StateMachineUpdater: Took a snapshot at index 0
2023-08-31 18:19:43,758 [9837b75f-f89f-41e6-b8da-41fb6e633a75@group-19BC43D416A8-StateMachineUpdater] INFO  impl.StateMachineUpdater (StateMachineUpdater.java:lambda$new$0(97)) - 9837b75f-f89f-41e6-b8da-41fb6e633a75@group-19BC43D416A8-StateMachineUpdater: snapshotIndex: updateIncreasingly -1 -> 0
2023-08-31 18:19:43,758 [9837b75f-f89f-41e6-b8da-41fb6e633a75@group-6C981EB11288-StateMachineUpdater] INFO  impl.StateMachineUpdater (StateMachineUpdater.java:takeSnapshot(291)) - 9837b75f-f89f-41e6-b8da-41fb6e633a75@group-6C981EB11288-StateMachineUpdater: Took a snapshot at index 0
2023-08-31 18:19:43,758 [9837b75f-f89f-41e6-b8da-41fb6e633a75-impl-thread4] INFO  server.RaftServer$Division (ServerState.java:close(472)) - 9837b75f-f89f-41e6-b8da-41fb6e633a75@group-19BC43D416A8: closes. applyIndex: 0
2023-08-31 18:19:43,758 [9837b75f-f89f-41e6-b8da-41fb6e633a75@group-6C981EB11288-StateMachineUpdater] INFO  impl.StateMachineUpdater (StateMachineUpdater.java:lambda$new$0(97)) - 9837b75f-f89f-41e6-b8da-41fb6e633a75@group-6C981EB11288-StateMachineUpdater: snapshotIndex: updateIncreasingly -1 -> 0
2023-08-31 18:19:43,758 [9837b75f-f89f-41e6-b8da-41fb6e633a75-impl-thread3] INFO  server.RaftServer$Division (ServerState.java:close(472)) - 9837b75f-f89f-41e6-b8da-41fb6e633a75@group-6C981EB11288: closes. applyIndex: 0
2023-08-31 18:19:43,760 [9837b75f-f89f-41e6-b8da-41fb6e633a75@group-5C4AA5E3D544-StateMachineUpdater] INFO  ratis.ContainerStateMachine (ContainerStateMachine.java:takeSnapshot(341)) - group-5C4AA5E3D544: Finished taking a snapshot at:(t:1, i:32) file:/home/runner/work/ozone/ozone/hadoop-ozone/integration-test/target/test-dir/MiniOzoneClusterImpl-1f897967-a85f-45b1-932e-48a7a77b5829/datanode-0/data/ratis/517282be-c288-4288-bdea-5c4aa5e3d544/sm/snapshot.1_32 took: 3 ms
2023-08-31 18:19:43,760 [9837b75f-f89f-41e6-b8da-41fb6e633a75@group-5C4AA5E3D544-StateMachineUpdater] INFO  impl.StateMachineUpdater (StateMachineUpdater.java:takeSnapshot(291)) - 9837b75f-f89f-41e6-b8da-41fb6e633a75@group-5C4AA5E3D544-StateMachineUpdater: Took a snapshot at index 32
2023-08-31 18:19:43,760 [9837b75f-f89f-41e6-b8da-41fb6e633a75@group-5C4AA5E3D544-StateMachineUpdater] INFO  impl.StateMachineUpdater (StateMachineUpdater.java:lambda$new$0(97)) - 9837b75f-f89f-41e6-b8da-41fb6e633a75@group-5C4AA5E3D544-StateMachineUpdater: snapshotIndex: updateIncreasingly -1 -> 32
2023-08-31 18:19:43,763 [8ed59791-7601-47e5-a424-1bf234fecffd-NettyServerStreamRpc-bossGroup--thread1] INFO  logging.LoggingHandler (AbstractInternalLogger.java:log(148)) - [id: 0x6f489532, L:/0:0:0:0:0:0:0:0:15077] CLOSE
2023-08-31 18:19:43,763 [8ed59791-7601-47e5-a424-1bf234fecffd-NettyServerStreamRpc-bossGroup--thread1] INFO  logging.LoggingHandler (AbstractInternalLogger.java:log(148)) - [id: 0x6f489532, L:/0:0:0:0:0:0:0:0:15077] INACTIVE
2023-08-31 18:19:43,764 [8ed59791-7601-47e5-a424-1bf234fecffd-NettyServerStreamRpc-bossGroup--thread1] INFO  logging.LoggingHandler (AbstractInternalLogger.java:log(148)) - [id: 0x6f489532, L:/0:0:0:0:0:0:0:0:15077] UNREGISTERED
2023-08-31 18:19:43,764 [9837b75f-f89f-41e6-b8da-41fb6e633a75-impl-thread2] INFO  server.RaftServer$Division (ServerState.java:close(472)) - 9837b75f-f89f-41e6-b8da-41fb6e633a75@group-5C4AA5E3D544: closes. applyIndex: 32
2023-08-31 18:19:43,765 [Thread-1086] INFO  server.GrpcServerProtocolClient (GrpcServerProtocolClient.java:close(103)) - 55a42498-51b5-4c22-a6d0-b6e523d26bd9 Close channels
2023-08-31 18:19:43,776 [Thread-1090] INFO  server.GrpcServerProtocolClient (GrpcServerProtocolClient.java:close(103)) - 8ed59791-7601-47e5-a424-1bf234fecffd Close channels
2023-08-31 18:19:43,777 [ForkJoinPool.commonPool-worker-0] INFO  server.GrpcService (GrpcService.java:closeImpl(320)) - 9837b75f-f89f-41e6-b8da-41fb6e633a75: shutdown server org.apache.ratis.grpc.server.GrpcClientProtocolService successfully
2023-08-31 18:19:43,777 [ForkJoinPool.commonPool-worker-0] INFO  server.GrpcService (GrpcService.java:closeImpl(311)) - 9837b75f-f89f-41e6-b8da-41fb6e633a75: shutdown server GrpcServerProtocolService now
2023-08-31 18:19:43,784 [ForkJoinPool.commonPool-worker-0] INFO  server.GrpcService (GrpcService.java:closeImpl(320)) - 9837b75f-f89f-41e6-b8da-41fb6e633a75: shutdown server GrpcServerProtocolService successfully
2023-08-31 18:19:43,784 [ForkJoinPool.commonPool-worker-0] INFO  server.GrpcService (GrpcService.java:closeImpl(311)) - 9837b75f-f89f-41e6-b8da-41fb6e633a75: shutdown server org.apache.ratis.grpc.server.GrpcAdminProtocolService now
2023-08-31 18:19:43,791 [ForkJoinPool.commonPool-worker-0] INFO  server.GrpcService (GrpcService.java:closeImpl(320)) - 9837b75f-f89f-41e6-b8da-41fb6e633a75: shutdown server org.apache.ratis.grpc.server.GrpcAdminProtocolService successfully
2023-08-31 18:19:43,791 [9837b75f-f89f-41e6-b8da-41fb6e633a75-NettyServerStreamRpc-bossGroup--thread1] INFO  logging.LoggingHandler (AbstractInternalLogger.java:log(148)) - [id: 0x77a36c7d, L:/0:0:0:0:0:0:0:0:15068] CLOSE
2023-08-31 18:19:43,791 [9837b75f-f89f-41e6-b8da-41fb6e633a75-NettyServerStreamRpc-bossGroup--thread1] INFO  logging.LoggingHandler (AbstractInternalLogger.java:log(148)) - [id: 0x77a36c7d, L:/0:0:0:0:0:0:0:0:15068] INACTIVE
2023-08-31 18:19:43,791 [9837b75f-f89f-41e6-b8da-41fb6e633a75-NettyServerStreamRpc-bossGroup--thread1] INFO  logging.LoggingHandler (AbstractInternalLogger.java:log(148)) - [id: 0x77a36c7d, L:/0:0:0:0:0:0:0:0:15068] UNREGISTERED
2023-08-31 18:19:43,816 [ForkJoinPool.commonPool-worker-1] INFO  ozoneimpl.OzoneContainer (OzoneContainer.java:stop(451)) - Attempting to stop container services.
2023-08-31 18:19:43,828 [ForkJoinPool.commonPool-worker-1] INFO  server.RaftServer (RaftServerProxy.java:lambda$close$6(416)) - e76cb950-c142-4f99-9c9f-92ec0583573f: close
2023-08-31 18:19:43,828 [ForkJoinPool.commonPool-worker-1] INFO  server.GrpcService (GrpcService.java:closeImpl(311)) - e76cb950-c142-4f99-9c9f-92ec0583573f: shutdown server org.apache.ratis.grpc.server.GrpcClientProtocolService now
2023-08-31 18:19:43,829 [e76cb950-c142-4f99-9c9f-92ec0583573f-impl-thread2] INFO  server.RaftServer$Division (RaftServerImpl.java:lambda$close$4(466)) - e76cb950-c142-4f99-9c9f-92ec0583573f@group-61C8782AF807: shutdown
2023-08-31 18:19:43,829 [e76cb950-c142-4f99-9c9f-92ec0583573f-impl-thread2] INFO  util.JmxRegister (JmxRegister.java:unregister(73)) - Successfully un-registered JMX Bean with object name Ratis:service=RaftServer,group=group-61C8782AF807,id=e76cb950-c142-4f99-9c9f-92ec0583573f
2023-08-31 18:19:43,829 [e76cb950-c142-4f99-9c9f-92ec0583573f-impl-thread2] INFO  impl.RoleInfo (RoleInfo.java:shutdownLeaderState(93)) - e76cb950-c142-4f99-9c9f-92ec0583573f: shutdown e76cb950-c142-4f99-9c9f-92ec0583573f@group-61C8782AF807-LeaderStateImpl
2023-08-31 18:19:43,829 [e76cb950-c142-4f99-9c9f-92ec0583573f-impl-thread2] INFO  impl.PendingRequests (PendingRequests.java:sendNotLeaderResponses(289)) - e76cb950-c142-4f99-9c9f-92ec0583573f@group-61C8782AF807-PendingRequests: sendNotLeaderResponses
2023-08-31 18:19:43,830 [ForkJoinPool.commonPool-worker-1] INFO  server.GrpcService (GrpcService.java:closeImpl(320)) - e76cb950-c142-4f99-9c9f-92ec0583573f: shutdown server org.apache.ratis.grpc.server.GrpcClientProtocolService successfully
2023-08-31 18:19:43,830 [ForkJoinPool.commonPool-worker-1] INFO  server.GrpcService (GrpcService.java:closeImpl(311)) - e76cb950-c142-4f99-9c9f-92ec0583573f: shutdown server GrpcServerProtocolService now
2023-08-31 18:19:43,837 [ForkJoinPool.commonPool-worker-1] INFO  server.GrpcService (GrpcService.java:closeImpl(320)) - e76cb950-c142-4f99-9c9f-92ec0583573f: shutdown server GrpcServerProtocolService successfully
2023-08-31 18:19:43,841 [ForkJoinPool.commonPool-worker-1] INFO  server.GrpcService (GrpcService.java:closeImpl(311)) - e76cb950-c142-4f99-9c9f-92ec0583573f: shutdown server org.apache.ratis.grpc.server.GrpcAdminProtocolService now
2023-08-31 18:19:43,841 [e76cb950-c142-4f99-9c9f-92ec0583573f-impl-thread2] INFO  impl.StateMachineUpdater (StateMachineUpdater.java:stopAndJoin(155)) - e76cb950-c142-4f99-9c9f-92ec0583573f@group-61C8782AF807-StateMachineUpdater: set stopIndex = 0
2023-08-31 18:19:43,842 [ForkJoinPool.commonPool-worker-1] INFO  server.GrpcService (GrpcService.java:closeImpl(320)) - e76cb950-c142-4f99-9c9f-92ec0583573f: shutdown server org.apache.ratis.grpc.server.GrpcAdminProtocolService successfully
2023-08-31 18:19:43,842 [e76cb950-c142-4f99-9c9f-92ec0583573f-NettyServerStreamRpc-bossGroup--thread1] INFO  logging.LoggingHandler (AbstractInternalLogger.java:log(148)) - [id: 0x572c8776, L:/0:0:0:0:0:0:0:0:15104] CLOSE
2023-08-31 18:19:43,843 [e76cb950-c142-4f99-9c9f-92ec0583573f-NettyServerStreamRpc-bossGroup--thread1] INFO  logging.LoggingHandler (AbstractInternalLogger.java:log(148)) - [id: 0x572c8776, L:/0:0:0:0:0:0:0:0:15104] INACTIVE
2023-08-31 18:19:43,843 [e76cb950-c142-4f99-9c9f-92ec0583573f-NettyServerStreamRpc-bossGroup--thread1] INFO  logging.LoggingHandler (AbstractInternalLogger.java:log(148)) - [id: 0x572c8776, L:/0:0:0:0:0:0:0:0:15104] UNREGISTERED
2023-08-31 18:19:43,841 [e76cb950-c142-4f99-9c9f-92ec0583573f@group-61C8782AF807-StateMachineUpdater] INFO  ratis.ContainerStateMachine (ContainerStateMachine.java:takeSnapshot(330)) - group-61C8782AF807: Taking a snapshot at:(t:1, i:0) file /home/runner/work/ozone/ozone/hadoop-ozone/integration-test/target/test-dir/MiniOzoneClusterImpl-1f897967-a85f-45b1-932e-48a7a77b5829/datanode-4/data/ratis/7e90132f-a12c-40ff-9753-61c8782af807/sm/snapshot.1_0
2023-08-31 18:19:43,849 [e76cb950-c142-4f99-9c9f-92ec0583573f@group-61C8782AF807-StateMachineUpdater] INFO  ratis.ContainerStateMachine (ContainerStateMachine.java:takeSnapshot(341)) - group-61C8782AF807: Finished taking a snapshot at:(t:1, i:0) file:/home/runner/work/ozone/ozone/hadoop-ozone/integration-test/target/test-dir/MiniOzoneClusterImpl-1f897967-a85f-45b1-932e-48a7a77b5829/datanode-4/data/ratis/7e90132f-a12c-40ff-9753-61c8782af807/sm/snapshot.1_0 took: 8 ms
2023-08-31 18:19:43,849 [e76cb950-c142-4f99-9c9f-92ec0583573f@group-61C8782AF807-StateMachineUpdater] INFO  impl.StateMachineUpdater (StateMachineUpdater.java:takeSnapshot(291)) - e76cb950-c142-4f99-9c9f-92ec0583573f@group-61C8782AF807-StateMachineUpdater: Took a snapshot at index 0
2023-08-31 18:19:43,849 [e76cb950-c142-4f99-9c9f-92ec0583573f@group-61C8782AF807-StateMachineUpdater] INFO  impl.StateMachineUpdater (StateMachineUpdater.java:lambda$new$0(97)) - e76cb950-c142-4f99-9c9f-92ec0583573f@group-61C8782AF807-StateMachineUpdater: snapshotIndex: updateIncreasingly -1 -> 0
2023-08-31 18:19:43,850 [e76cb950-c142-4f99-9c9f-92ec0583573f-impl-thread2] INFO  server.RaftServer$Division (ServerState.java:close(472)) - e76cb950-c142-4f99-9c9f-92ec0583573f@group-61C8782AF807: closes. applyIndex: 0
2023-08-31 18:19:43,852 [ForkJoinPool.commonPool-worker-2] INFO  ozoneimpl.OzoneContainer (OzoneContainer.java:stop(451)) - Attempting to stop container services.
2023-08-31 18:19:43,854 [ForkJoinPool.commonPool-worker-2] INFO  server.RaftServer (RaftServerProxy.java:lambda$close$6(416)) - 9288cb02-3403-47c3-90d0-5e59a32e5c49: close
2023-08-31 18:19:43,854 [ForkJoinPool.commonPool-worker-2] INFO  server.GrpcService (GrpcService.java:closeImpl(311)) - 9288cb02-3403-47c3-90d0-5e59a32e5c49: shutdown server org.apache.ratis.grpc.server.GrpcClientProtocolService now
2023-08-31 18:19:43,855 [9288cb02-3403-47c3-90d0-5e59a32e5c49-impl-thread2] INFO  server.RaftServer$Division (RaftServerImpl.java:lambda$close$4(466)) - 9288cb02-3403-47c3-90d0-5e59a32e5c49@group-CAD8AE3CC7A4: shutdown
2023-08-31 18:19:43,855 [9288cb02-3403-47c3-90d0-5e59a32e5c49-impl-thread2] INFO  util.JmxRegister (JmxRegister.java:unregister(73)) - Successfully un-registered JMX Bean with object name Ratis:service=RaftServer,group=group-CAD8AE3CC7A4,id=9288cb02-3403-47c3-90d0-5e59a32e5c49
2023-08-31 18:19:43,855 [9288cb02-3403-47c3-90d0-5e59a32e5c49-impl-thread2] INFO  impl.RoleInfo (RoleInfo.java:shutdownLeaderState(93)) - 9288cb02-3403-47c3-90d0-5e59a32e5c49: shutdown 9288cb02-3403-47c3-90d0-5e59a32e5c49@group-CAD8AE3CC7A4-LeaderStateImpl
2023-08-31 18:19:43,855 [9288cb02-3403-47c3-90d0-5e59a32e5c49-impl-thread2] INFO  impl.PendingRequests (PendingRequests.java:sendNotLeaderResponses(289)) - 9288cb02-3403-47c3-90d0-5e59a32e5c49@group-CAD8AE3CC7A4-PendingRequests: sendNotLeaderResponses
2023-08-31 18:19:43,855 [9288cb02-3403-47c3-90d0-5e59a32e5c49-impl-thread2] INFO  impl.StateMachineUpdater (StateMachineUpdater.java:stopAndJoin(155)) - 9288cb02-3403-47c3-90d0-5e59a32e5c49@group-CAD8AE3CC7A4-StateMachineUpdater: set stopIndex = 0
2023-08-31 18:19:43,855 [ForkJoinPool.commonPool-worker-2] INFO  server.GrpcService (GrpcService.java:closeImpl(320)) - 9288cb02-3403-47c3-90d0-5e59a32e5c49: shutdown server org.apache.ratis.grpc.server.GrpcClientProtocolService successfully
2023-08-31 18:19:43,855 [ForkJoinPool.commonPool-worker-2] INFO  server.GrpcService (GrpcService.java:closeImpl(311)) - 9288cb02-3403-47c3-90d0-5e59a32e5c49: shutdown server GrpcServerProtocolService now
2023-08-31 18:19:43,857 [9288cb02-3403-47c3-90d0-5e59a32e5c49@group-CAD8AE3CC7A4-StateMachineUpdater] INFO  ratis.ContainerStateMachine (ContainerStateMachine.java:takeSnapshot(330)) - group-CAD8AE3CC7A4: Taking a snapshot at:(t:1, i:0) file /home/runner/work/ozone/ozone/hadoop-ozone/integration-test/target/test-dir/MiniOzoneClusterImpl-1f897967-a85f-45b1-932e-48a7a77b5829/datanode-3/data/ratis/9a9ef5bf-757a-4fb2-8d01-cad8ae3cc7a4/sm/snapshot.1_0
2023-08-31 18:19:43,858 [9288cb02-3403-47c3-90d0-5e59a32e5c49@group-CAD8AE3CC7A4-StateMachineUpdater] INFO  ratis.ContainerStateMachine (ContainerStateMachine.java:takeSnapshot(341)) - group-CAD8AE3CC7A4: Finished taking a snapshot at:(t:1, i:0) file:/home/runner/work/ozone/ozone/hadoop-ozone/integration-test/target/test-dir/MiniOzoneClusterImpl-1f897967-a85f-45b1-932e-48a7a77b5829/datanode-3/data/ratis/9a9ef5bf-757a-4fb2-8d01-cad8ae3cc7a4/sm/snapshot.1_0 took: 2 ms
2023-08-31 18:19:43,859 [9288cb02-3403-47c3-90d0-5e59a32e5c49@group-CAD8AE3CC7A4-StateMachineUpdater] INFO  impl.StateMachineUpdater (StateMachineUpdater.java:takeSnapshot(291)) - 9288cb02-3403-47c3-90d0-5e59a32e5c49@group-CAD8AE3CC7A4-StateMachineUpdater: Took a snapshot at index 0
2023-08-31 18:19:43,859 [9288cb02-3403-47c3-90d0-5e59a32e5c49@group-CAD8AE3CC7A4-StateMachineUpdater] INFO  impl.StateMachineUpdater (StateMachineUpdater.java:lambda$new$0(97)) - 9288cb02-3403-47c3-90d0-5e59a32e5c49@group-CAD8AE3CC7A4-StateMachineUpdater: snapshotIndex: updateIncreasingly -1 -> 0
2023-08-31 18:19:43,859 [9288cb02-3403-47c3-90d0-5e59a32e5c49-impl-thread2] INFO  server.RaftServer$Division (ServerState.java:close(472)) - 9288cb02-3403-47c3-90d0-5e59a32e5c49@group-CAD8AE3CC7A4: closes. applyIndex: 0
2023-08-31 18:19:43,859 [ForkJoinPool.commonPool-worker-2] INFO  server.GrpcService (GrpcService.java:closeImpl(320)) - 9288cb02-3403-47c3-90d0-5e59a32e5c49: shutdown server GrpcServerProtocolService successfully
2023-08-31 18:19:43,859 [ForkJoinPool.commonPool-worker-2] INFO  server.GrpcService (GrpcService.java:closeImpl(311)) - 9288cb02-3403-47c3-90d0-5e59a32e5c49: shutdown server org.apache.ratis.grpc.server.GrpcAdminProtocolService now
2023-08-31 18:19:43,864 [ForkJoinPool.commonPool-worker-2] INFO  server.GrpcService (GrpcService.java:closeImpl(320)) - 9288cb02-3403-47c3-90d0-5e59a32e5c49: shutdown server org.apache.ratis.grpc.server.GrpcAdminProtocolService successfully
2023-08-31 18:19:43,864 [9288cb02-3403-47c3-90d0-5e59a32e5c49-NettyServerStreamRpc-bossGroup--thread1] INFO  logging.LoggingHandler (AbstractInternalLogger.java:log(148)) - [id: 0x9e7d91e9, L:/0:0:0:0:0:0:0:0:15095] CLOSE
2023-08-31 18:19:43,864 [9288cb02-3403-47c3-90d0-5e59a32e5c49-NettyServerStreamRpc-bossGroup--thread1] INFO  logging.LoggingHandler (AbstractInternalLogger.java:log(148)) - [id: 0x9e7d91e9, L:/0:0:0:0:0:0:0:0:15095] INACTIVE
2023-08-31 18:19:43,864 [9288cb02-3403-47c3-90d0-5e59a32e5c49-NettyServerStreamRpc-bossGroup--thread1] INFO  logging.LoggingHandler (AbstractInternalLogger.java:log(148)) - [id: 0x9e7d91e9, L:/0:0:0:0:0:0:0:0:15095] UNREGISTERED
2023-08-31 18:19:44,516 [8ed59791-7601-47e5-a424-1bf234fecffd-impl-thread2] INFO  segmented.SegmentedRaftLogWorker (SegmentedRaftLogWorker.java:close(252)) - 8ed59791-7601-47e5-a424-1bf234fecffd@group-5C4AA5E3D544-SegmentedRaftLogWorker close()
2023-08-31 18:19:44,530 [55a42498-51b5-4c22-a6d0-b6e523d26bd9-impl-thread3] INFO  segmented.SegmentedRaftLogWorker (SegmentedRaftLogWorker.java:close(252)) - 55a42498-51b5-4c22-a6d0-b6e523d26bd9@group-5C4AA5E3D544-SegmentedRaftLogWorker close()
2023-08-31 18:19:44,531 [9837b75f-f89f-41e6-b8da-41fb6e633a75-impl-thread2] INFO  segmented.SegmentedRaftLogWorker (SegmentedRaftLogWorker.java:close(252)) - 9837b75f-f89f-41e6-b8da-41fb6e633a75@group-5C4AA5E3D544-SegmentedRaftLogWorker close()
2023-08-31 18:19:44,613 [9837b75f-f89f-41e6-b8da-41fb6e633a75-impl-thread3] INFO  segmented.SegmentedRaftLogWorker (SegmentedRaftLogWorker.java:close(252)) - 9837b75f-f89f-41e6-b8da-41fb6e633a75@group-6C981EB11288-SegmentedRaftLogWorker close()
2023-08-31 18:19:44,614 [9837b75f-f89f-41e6-b8da-41fb6e633a75-impl-thread4] INFO  segmented.SegmentedRaftLogWorker (SegmentedRaftLogWorker.java:close(252)) - 9837b75f-f89f-41e6-b8da-41fb6e633a75@group-19BC43D416A8-SegmentedRaftLogWorker close()
2023-08-31 18:19:44,616 [JvmPauseMonitor9] INFO  util.JvmPauseMonitor (JvmPauseMonitor.java:run(109)) - JvmPauseMonitor-9837b75f-f89f-41e6-b8da-41fb6e633a75: Stopped
2023-08-31 18:19:44,617 [8ed59791-7601-47e5-a424-1bf234fecffd-impl-thread3] INFO  segmented.SegmentedRaftLogWorker (SegmentedRaftLogWorker.java:close(252)) - 8ed59791-7601-47e5-a424-1bf234fecffd@group-19BC43D416A8-SegmentedRaftLogWorker close()
2023-08-31 18:19:44,617 [55a42498-51b5-4c22-a6d0-b6e523d26bd9-impl-thread4] INFO  segmented.SegmentedRaftLogWorker (SegmentedRaftLogWorker.java:close(252)) - 55a42498-51b5-4c22-a6d0-b6e523d26bd9@group-19BC43D416A8-SegmentedRaftLogWorker close()
2023-08-31 18:19:44,618 [9288cb02-3403-47c3-90d0-5e59a32e5c49-impl-thread2] INFO  segmented.SegmentedRaftLogWorker (SegmentedRaftLogWorker.java:close(252)) - 9288cb02-3403-47c3-90d0-5e59a32e5c49@group-CAD8AE3CC7A4-SegmentedRaftLogWorker close()
2023-08-31 18:19:44,623 [JvmPauseMonitor12] INFO  util.JvmPauseMonitor (JvmPauseMonitor.java:run(109)) - JvmPauseMonitor-9288cb02-3403-47c3-90d0-5e59a32e5c49: Stopped
2023-08-31 18:19:44,624 [55a42498-51b5-4c22-a6d0-b6e523d26bd9-impl-thread2] INFO  segmented.SegmentedRaftLogWorker (SegmentedRaftLogWorker.java:close(252)) - 55a42498-51b5-4c22-a6d0-b6e523d26bd9@group-F8076EFCF013-SegmentedRaftLogWorker close()
2023-08-31 18:19:44,625 [JvmPauseMonitor11] INFO  util.JvmPauseMonitor (JvmPauseMonitor.java:run(109)) - JvmPauseMonitor-55a42498-51b5-4c22-a6d0-b6e523d26bd9: Stopped
2023-08-31 18:19:44,627 [8ed59791-7601-47e5-a424-1bf234fecffd-impl-thread4] INFO  segmented.SegmentedRaftLogWorker (SegmentedRaftLogWorker.java:close(252)) - 8ed59791-7601-47e5-a424-1bf234fecffd@group-6AF54DD69401-SegmentedRaftLogWorker close()
2023-08-31 18:19:44,628 [JvmPauseMonitor10] INFO  util.JvmPauseMonitor (JvmPauseMonitor.java:run(109)) - JvmPauseMonitor-8ed59791-7601-47e5-a424-1bf234fecffd: Stopped
2023-08-31 18:19:44,628 [e76cb950-c142-4f99-9c9f-92ec0583573f-impl-thread2] INFO  segmented.SegmentedRaftLogWorker (SegmentedRaftLogWorker.java:close(252)) - e76cb950-c142-4f99-9c9f-92ec0583573f@group-61C8782AF807-SegmentedRaftLogWorker close()
2023-08-31 18:19:44,628 [JvmPauseMonitor13] INFO  util.JvmPauseMonitor (JvmPauseMonitor.java:run(109)) - JvmPauseMonitor-e76cb950-c142-4f99-9c9f-92ec0583573f: Stopped
2023-08-31 18:19:46,629 [ForkJoinPool.commonPool-worker-2] INFO  utils.DatanodeStoreCache (DatanodeStoreCache.java:shutdownCache(110)) - Skip clearing cache in mini cluster mode. Entries left: [/home/runner/work/ozone/ozone/hadoop-ozone/integration-test/target/test-dir/MiniOzoneClusterImpl-1f897967-a85f-45b1-932e-48a7a77b5829/datanode-0/data-0/containers/hdds/1f897967-a85f-45b1-932e-48a7a77b5829/DS-ac99d09c-9137-4e54-9abd-451651e23ea8/container.db, /home/runner/work/ozone/ozone/hadoop-ozone/integration-test/target/test-dir/MiniOzoneClusterImpl-1f897967-a85f-45b1-932e-48a7a77b5829/datanode-1/data-0/containers/hdds/1f897967-a85f-45b1-932e-48a7a77b5829/DS-6d2a3766-d0af-444b-8d95-290ba1beb4f6/container.db, /home/runner/work/ozone/ozone/hadoop-ozone/integration-test/target/test-dir/MiniOzoneClusterImpl-1f897967-a85f-45b1-932e-48a7a77b5829/datanode-2/data-0/containers/hdds/1f897967-a85f-45b1-932e-48a7a77b5829/DS-bc0e7ff4-aa78-4938-bf29-8ed329c3067e/container.db, /home/runner/work/ozone/ozone/hadoop-ozone/integration-test/target/test-dir/MiniOzoneClusterImpl-1f897967-a85f-45b1-932e-48a7a77b5829/datanode-3/data-0/containers/hdds/1f897967-a85f-45b1-932e-48a7a77b5829/DS-546c5972-e9dc-4435-b51b-73c7720c4744/container.db, /home/runner/work/ozone/ozone/hadoop-ozone/integration-test/target/test-dir/MiniOzoneClusterImpl-1f897967-a85f-45b1-932e-48a7a77b5829/datanode-4/data-0/containers/hdds/1f897967-a85f-45b1-932e-48a7a77b5829/DS-cfb6029d-d296-4179-862c-cbd7a39b281f/container.db]
2023-08-31 18:19:46,631 [ForkJoinPool.commonPool-worker-0] INFO  utils.DatanodeStoreCache (DatanodeStoreCache.java:shutdownCache(110)) - Skip clearing cache in mini cluster mode. Entries left: [/home/runner/work/ozone/ozone/hadoop-ozone/integration-test/target/test-dir/MiniOzoneClusterImpl-1f897967-a85f-45b1-932e-48a7a77b5829/datanode-0/data-0/containers/hdds/1f897967-a85f-45b1-932e-48a7a77b5829/DS-ac99d09c-9137-4e54-9abd-451651e23ea8/container.db, /home/runner/work/ozone/ozone/hadoop-ozone/integration-test/target/test-dir/MiniOzoneClusterImpl-1f897967-a85f-45b1-932e-48a7a77b5829/datanode-1/data-0/containers/hdds/1f897967-a85f-45b1-932e-48a7a77b5829/DS-6d2a3766-d0af-444b-8d95-290ba1beb4f6/container.db, /home/runner/work/ozone/ozone/hadoop-ozone/integration-test/target/test-dir/MiniOzoneClusterImpl-1f897967-a85f-45b1-932e-48a7a77b5829/datanode-2/data-0/containers/hdds/1f897967-a85f-45b1-932e-48a7a77b5829/DS-bc0e7ff4-aa78-4938-bf29-8ed329c3067e/container.db, /home/runner/work/ozone/ozone/hadoop-ozone/integration-test/target/test-dir/MiniOzoneClusterImpl-1f897967-a85f-45b1-932e-48a7a77b5829/datanode-3/data-0/containers/hdds/1f897967-a85f-45b1-932e-48a7a77b5829/DS-546c5972-e9dc-4435-b51b-73c7720c4744/container.db, /home/runner/work/ozone/ozone/hadoop-ozone/integration-test/target/test-dir/MiniOzoneClusterImpl-1f897967-a85f-45b1-932e-48a7a77b5829/datanode-4/data-0/containers/hdds/1f897967-a85f-45b1-932e-48a7a77b5829/DS-cfb6029d-d296-4179-862c-cbd7a39b281f/container.db]
2023-08-31 18:19:46,631 [main] INFO  utils.DatanodeStoreCache (DatanodeStoreCache.java:shutdownCache(110)) - Skip clearing cache in mini cluster mode. Entries left: [/home/runner/work/ozone/ozone/hadoop-ozone/integration-test/target/test-dir/MiniOzoneClusterImpl-1f897967-a85f-45b1-932e-48a7a77b5829/datanode-0/data-0/containers/hdds/1f897967-a85f-45b1-932e-48a7a77b5829/DS-ac99d09c-9137-4e54-9abd-451651e23ea8/container.db, /home/runner/work/ozone/ozone/hadoop-ozone/integration-test/target/test-dir/MiniOzoneClusterImpl-1f897967-a85f-45b1-932e-48a7a77b5829/datanode-1/data-0/containers/hdds/1f897967-a85f-45b1-932e-48a7a77b5829/DS-6d2a3766-d0af-444b-8d95-290ba1beb4f6/container.db, /home/runner/work/ozone/ozone/hadoop-ozone/integration-test/target/test-dir/MiniOzoneClusterImpl-1f897967-a85f-45b1-932e-48a7a77b5829/datanode-2/data-0/containers/hdds/1f897967-a85f-45b1-932e-48a7a77b5829/DS-bc0e7ff4-aa78-4938-bf29-8ed329c3067e/container.db, /home/runner/work/ozone/ozone/hadoop-ozone/integration-test/target/test-dir/MiniOzoneClusterImpl-1f897967-a85f-45b1-932e-48a7a77b5829/datanode-3/data-0/containers/hdds/1f897967-a85f-45b1-932e-48a7a77b5829/DS-546c5972-e9dc-4435-b51b-73c7720c4744/container.db, /home/runner/work/ozone/ozone/hadoop-ozone/integration-test/target/test-dir/MiniOzoneClusterImpl-1f897967-a85f-45b1-932e-48a7a77b5829/datanode-4/data-0/containers/hdds/1f897967-a85f-45b1-932e-48a7a77b5829/DS-cfb6029d-d296-4179-862c-cbd7a39b281f/container.db]
2023-08-31 18:19:46,632 [ForkJoinPool.commonPool-worker-3] INFO  utils.DatanodeStoreCache (DatanodeStoreCache.java:shutdownCache(110)) - Skip clearing cache in mini cluster mode. Entries left: [/home/runner/work/ozone/ozone/hadoop-ozone/integration-test/target/test-dir/MiniOzoneClusterImpl-1f897967-a85f-45b1-932e-48a7a77b5829/datanode-0/data-0/containers/hdds/1f897967-a85f-45b1-932e-48a7a77b5829/DS-ac99d09c-9137-4e54-9abd-451651e23ea8/container.db, /home/runner/work/ozone/ozone/hadoop-ozone/integration-test/target/test-dir/MiniOzoneClusterImpl-1f897967-a85f-45b1-932e-48a7a77b5829/datanode-1/data-0/containers/hdds/1f897967-a85f-45b1-932e-48a7a77b5829/DS-6d2a3766-d0af-444b-8d95-290ba1beb4f6/container.db, /home/runner/work/ozone/ozone/hadoop-ozone/integration-test/target/test-dir/MiniOzoneClusterImpl-1f897967-a85f-45b1-932e-48a7a77b5829/datanode-2/data-0/containers/hdds/1f897967-a85f-45b1-932e-48a7a77b5829/DS-bc0e7ff4-aa78-4938-bf29-8ed329c3067e/container.db, /home/runner/work/ozone/ozone/hadoop-ozone/integration-test/target/test-dir/MiniOzoneClusterImpl-1f897967-a85f-45b1-932e-48a7a77b5829/datanode-3/data-0/containers/hdds/1f897967-a85f-45b1-932e-48a7a77b5829/DS-546c5972-e9dc-4435-b51b-73c7720c4744/container.db, /home/runner/work/ozone/ozone/hadoop-ozone/integration-test/target/test-dir/MiniOzoneClusterImpl-1f897967-a85f-45b1-932e-48a7a77b5829/datanode-4/data-0/containers/hdds/1f897967-a85f-45b1-932e-48a7a77b5829/DS-cfb6029d-d296-4179-862c-cbd7a39b281f/container.db]
2023-08-31 18:19:46,634 [ForkJoinPool.commonPool-worker-1] INFO  utils.DatanodeStoreCache (DatanodeStoreCache.java:shutdownCache(110)) - Skip clearing cache in mini cluster mode. Entries left: [/home/runner/work/ozone/ozone/hadoop-ozone/integration-test/target/test-dir/MiniOzoneClusterImpl-1f897967-a85f-45b1-932e-48a7a77b5829/datanode-0/data-0/containers/hdds/1f897967-a85f-45b1-932e-48a7a77b5829/DS-ac99d09c-9137-4e54-9abd-451651e23ea8/container.db, /home/runner/work/ozone/ozone/hadoop-ozone/integration-test/target/test-dir/MiniOzoneClusterImpl-1f897967-a85f-45b1-932e-48a7a77b5829/datanode-1/data-0/containers/hdds/1f897967-a85f-45b1-932e-48a7a77b5829/DS-6d2a3766-d0af-444b-8d95-290ba1beb4f6/container.db, /home/runner/work/ozone/ozone/hadoop-ozone/integration-test/target/test-dir/MiniOzoneClusterImpl-1f897967-a85f-45b1-932e-48a7a77b5829/datanode-2/data-0/containers/hdds/1f897967-a85f-45b1-932e-48a7a77b5829/DS-bc0e7ff4-aa78-4938-bf29-8ed329c3067e/container.db, /home/runner/work/ozone/ozone/hadoop-ozone/integration-test/target/test-dir/MiniOzoneClusterImpl-1f897967-a85f-45b1-932e-48a7a77b5829/datanode-3/data-0/containers/hdds/1f897967-a85f-45b1-932e-48a7a77b5829/DS-546c5972-e9dc-4435-b51b-73c7720c4744/container.db, /home/runner/work/ozone/ozone/hadoop-ozone/integration-test/target/test-dir/MiniOzoneClusterImpl-1f897967-a85f-45b1-932e-48a7a77b5829/datanode-4/data-0/containers/hdds/1f897967-a85f-45b1-932e-48a7a77b5829/DS-cfb6029d-d296-4179-862c-cbd7a39b281f/container.db]
2023-08-31 18:19:46,641 [ForkJoinPool.commonPool-worker-2] INFO  utils.DatanodeStoreCache (DatanodeStoreCache.java:removeDB(104)) - Removed db /home/runner/work/ozone/ozone/hadoop-ozone/integration-test/target/test-dir/MiniOzoneClusterImpl-1f897967-a85f-45b1-932e-48a7a77b5829/datanode-3/data-0/containers/hdds/1f897967-a85f-45b1-932e-48a7a77b5829/DS-546c5972-e9dc-4435-b51b-73c7720c4744/container.db from cache
2023-08-31 18:19:46,641 [ForkJoinPool.commonPool-worker-2] INFO  volume.HddsVolume (HddsVolume.java:closeDbStore(453)) - SchemaV3 db is stopped at /home/runner/work/ozone/ozone/hadoop-ozone/integration-test/target/test-dir/MiniOzoneClusterImpl-1f897967-a85f-45b1-932e-48a7a77b5829/datanode-3/data-0/containers/hdds/1f897967-a85f-45b1-932e-48a7a77b5829/DS-546c5972-e9dc-4435-b51b-73c7720c4744/container.db for volume DS-546c5972-e9dc-4435-b51b-73c7720c4744
2023-08-31 18:19:46,641 [ForkJoinPool.commonPool-worker-0] INFO  utils.DatanodeStoreCache (DatanodeStoreCache.java:removeDB(104)) - Removed db /home/runner/work/ozone/ozone/hadoop-ozone/integration-test/target/test-dir/MiniOzoneClusterImpl-1f897967-a85f-45b1-932e-48a7a77b5829/datanode-0/data-0/containers/hdds/1f897967-a85f-45b1-932e-48a7a77b5829/DS-ac99d09c-9137-4e54-9abd-451651e23ea8/container.db from cache
2023-08-31 18:19:46,641 [ForkJoinPool.commonPool-worker-0] INFO  volume.HddsVolume (HddsVolume.java:closeDbStore(453)) - SchemaV3 db is stopped at /home/runner/work/ozone/ozone/hadoop-ozone/integration-test/target/test-dir/MiniOzoneClusterImpl-1f897967-a85f-45b1-932e-48a7a77b5829/datanode-0/data-0/containers/hdds/1f897967-a85f-45b1-932e-48a7a77b5829/DS-ac99d09c-9137-4e54-9abd-451651e23ea8/container.db for volume DS-ac99d09c-9137-4e54-9abd-451651e23ea8
2023-08-31 18:19:46,643 [ForkJoinPool.commonPool-worker-0] INFO  utils.BackgroundService (BackgroundService.java:shutdown(141)) - Shutting down service BlockDeletingService
2023-08-31 18:19:46,643 [ForkJoinPool.commonPool-worker-0] INFO  utils.BackgroundService (BackgroundService.java:shutdown(141)) - Shutting down service StaleRecoveringContainerScrubbingService
2023-08-31 18:19:46,644 [ForkJoinPool.commonPool-worker-2] INFO  utils.BackgroundService (BackgroundService.java:shutdown(141)) - Shutting down service BlockDeletingService
2023-08-31 18:19:46,645 [ForkJoinPool.commonPool-worker-2] INFO  utils.BackgroundService (BackgroundService.java:shutdown(141)) - Shutting down service StaleRecoveringContainerScrubbingService
2023-08-31 18:19:46,647 [ForkJoinPool.commonPool-worker-1] INFO  utils.DatanodeStoreCache (DatanodeStoreCache.java:removeDB(104)) - Removed db /home/runner/work/ozone/ozone/hadoop-ozone/integration-test/target/test-dir/MiniOzoneClusterImpl-1f897967-a85f-45b1-932e-48a7a77b5829/datanode-4/data-0/containers/hdds/1f897967-a85f-45b1-932e-48a7a77b5829/DS-cfb6029d-d296-4179-862c-cbd7a39b281f/container.db from cache
2023-08-31 18:19:46,647 [main] INFO  utils.DatanodeStoreCache (DatanodeStoreCache.java:removeDB(104)) - Removed db /home/runner/work/ozone/ozone/hadoop-ozone/integration-test/target/test-dir/MiniOzoneClusterImpl-1f897967-a85f-45b1-932e-48a7a77b5829/datanode-2/data-0/containers/hdds/1f897967-a85f-45b1-932e-48a7a77b5829/DS-bc0e7ff4-aa78-4938-bf29-8ed329c3067e/container.db from cache
2023-08-31 18:19:46,647 [main] INFO  volume.HddsVolume (HddsVolume.java:closeDbStore(453)) - SchemaV3 db is stopped at /home/runner/work/ozone/ozone/hadoop-ozone/integration-test/target/test-dir/MiniOzoneClusterImpl-1f897967-a85f-45b1-932e-48a7a77b5829/datanode-2/data-0/containers/hdds/1f897967-a85f-45b1-932e-48a7a77b5829/DS-bc0e7ff4-aa78-4938-bf29-8ed329c3067e/container.db for volume DS-bc0e7ff4-aa78-4938-bf29-8ed329c3067e
2023-08-31 18:19:46,647 [ForkJoinPool.commonPool-worker-1] INFO  volume.HddsVolume (HddsVolume.java:closeDbStore(453)) - SchemaV3 db is stopped at /home/runner/work/ozone/ozone/hadoop-ozone/integration-test/target/test-dir/MiniOzoneClusterImpl-1f897967-a85f-45b1-932e-48a7a77b5829/datanode-4/data-0/containers/hdds/1f897967-a85f-45b1-932e-48a7a77b5829/DS-cfb6029d-d296-4179-862c-cbd7a39b281f/container.db for volume DS-cfb6029d-d296-4179-862c-cbd7a39b281f
2023-08-31 18:19:46,648 [main] INFO  utils.BackgroundService (BackgroundService.java:shutdown(141)) - Shutting down service BlockDeletingService
2023-08-31 18:19:46,650 [main] INFO  utils.BackgroundService (BackgroundService.java:shutdown(141)) - Shutting down service StaleRecoveringContainerScrubbingService
2023-08-31 18:19:46,653 [ForkJoinPool.commonPool-worker-1] INFO  utils.BackgroundService (BackgroundService.java:shutdown(141)) - Shutting down service BlockDeletingService
2023-08-31 18:19:46,656 [main] INFO  statemachine.DatanodeStateMachine (DatanodeStateMachine.java:stopDaemon(620)) - Ozone container server stopped.
2023-08-31 18:19:46,656 [ForkJoinPool.commonPool-worker-3] INFO  utils.DatanodeStoreCache (DatanodeStoreCache.java:removeDB(104)) - Removed db /home/runner/work/ozone/ozone/hadoop-ozone/integration-test/target/test-dir/MiniOzoneClusterImpl-1f897967-a85f-45b1-932e-48a7a77b5829/datanode-1/data-0/containers/hdds/1f897967-a85f-45b1-932e-48a7a77b5829/DS-6d2a3766-d0af-444b-8d95-290ba1beb4f6/container.db from cache
2023-08-31 18:19:46,657 [ForkJoinPool.commonPool-worker-3] INFO  volume.HddsVolume (HddsVolume.java:closeDbStore(453)) - SchemaV3 db is stopped at /home/runner/work/ozone/ozone/hadoop-ozone/integration-test/target/test-dir/MiniOzoneClusterImpl-1f897967-a85f-45b1-932e-48a7a77b5829/datanode-1/data-0/containers/hdds/1f897967-a85f-45b1-932e-48a7a77b5829/DS-6d2a3766-d0af-444b-8d95-290ba1beb4f6/container.db for volume DS-6d2a3766-d0af-444b-8d95-290ba1beb4f6
2023-08-31 18:19:46,657 [ForkJoinPool.commonPool-worker-0] INFO  statemachine.DatanodeStateMachine (DatanodeStateMachine.java:stopDaemon(620)) - Ozone container server stopped.
2023-08-31 18:19:46,658 [ForkJoinPool.commonPool-worker-1] INFO  utils.BackgroundService (BackgroundService.java:shutdown(141)) - Shutting down service StaleRecoveringContainerScrubbingService
2023-08-31 18:19:46,664 [ForkJoinPool.commonPool-worker-2] INFO  statemachine.DatanodeStateMachine (DatanodeStateMachine.java:stopDaemon(620)) - Ozone container server stopped.
2023-08-31 18:19:46,664 [ForkJoinPool.commonPool-worker-3] INFO  utils.BackgroundService (BackgroundService.java:shutdown(141)) - Shutting down service BlockDeletingService
2023-08-31 18:19:46,666 [ForkJoinPool.commonPool-worker-1] INFO  statemachine.DatanodeStateMachine (DatanodeStateMachine.java:stopDaemon(620)) - Ozone container server stopped.
2023-08-31 18:19:46,666 [ForkJoinPool.commonPool-worker-3] INFO  utils.BackgroundService (BackgroundService.java:shutdown(141)) - Shutting down service StaleRecoveringContainerScrubbingService
2023-08-31 18:19:46,672 [ForkJoinPool.commonPool-worker-3] INFO  statemachine.DatanodeStateMachine (DatanodeStateMachine.java:stopDaemon(620)) - Ozone container server stopped.
2023-08-31 18:19:46,704 [ForkJoinPool.commonPool-worker-1] INFO  handler.ContextHandler (ContextHandler.java:doStop(1159)) - Stopped o.e.j.w.WebAppContext@704b2822{hddsDatanode,/,null,STOPPED}{jar:file:/home/runner/.m2/repository/org/apache/ozone/hdds-container-service/1.4.0-SNAPSHOT/hdds-container-service-1.4.0-SNAPSHOT.jar!/webapps/hddsDatanode}
2023-08-31 18:19:46,707 [ForkJoinPool.commonPool-worker-1] INFO  server.AbstractConnector (AbstractConnector.java:doStop(383)) - Stopped ServerConnector@11a309d4{HTTP/1.1, (http/1.1)}{0.0.0.0:15098}
2023-08-31 18:19:46,707 [ForkJoinPool.commonPool-worker-1] INFO  server.session (HouseKeeper.java:stopScavenging(149)) - node0 Stopped scavenging
2023-08-31 18:19:46,708 [ForkJoinPool.commonPool-worker-1] INFO  handler.ContextHandler (ContextHandler.java:doStop(1159)) - Stopped o.e.j.s.ServletContextHandler@6cdbecd5{static,/static,jar:file:/home/runner/.m2/repository/org/apache/ozone/hdds-container-service/1.4.0-SNAPSHOT/hdds-container-service-1.4.0-SNAPSHOT.jar!/webapps/static,STOPPED}
2023-08-31 18:19:46,709 [ForkJoinPool.commonPool-worker-1] INFO  handler.ContextHandler (ContextHandler.java:doStop(1159)) - Stopped o.e.j.s.ServletContextHandler@735f264e{logs,/logs,file:///home/runner/work/ozone/ozone/hadoop-ozone/integration-test/target/log,STOPPED}
2023-08-31 18:19:46,713 [main] INFO  handler.ContextHandler (ContextHandler.java:doStop(1159)) - Stopped o.e.j.w.WebAppContext@5ee16a6d{hddsDatanode,/,null,STOPPED}{jar:file:/home/runner/.m2/repository/org/apache/ozone/hdds-container-service/1.4.0-SNAPSHOT/hdds-container-service-1.4.0-SNAPSHOT.jar!/webapps/hddsDatanode}
2023-08-31 18:19:46,714 [main] INFO  server.AbstractConnector (AbstractConnector.java:doStop(383)) - Stopped ServerConnector@769af58e{HTTP/1.1, (http/1.1)}{0.0.0.0:15080}
2023-08-31 18:19:46,714 [main] INFO  server.session (HouseKeeper.java:stopScavenging(149)) - node0 Stopped scavenging
2023-08-31 18:19:46,714 [main] INFO  handler.ContextHandler (ContextHandler.java:doStop(1159)) - Stopped o.e.j.s.ServletContextHandler@6a9c08c9{static,/static,jar:file:/home/runner/.m2/repository/org/apache/ozone/hdds-container-service/1.4.0-SNAPSHOT/hdds-container-service-1.4.0-SNAPSHOT.jar!/webapps/static,STOPPED}
2023-08-31 18:19:46,715 [main] INFO  handler.ContextHandler (ContextHandler.java:doStop(1159)) - Stopped o.e.j.s.ServletContextHandler@177b2e9c{logs,/logs,file:///home/runner/work/ozone/ozone/hadoop-ozone/integration-test/target/log,STOPPED}
2023-08-31 18:19:46,715 [ForkJoinPool.commonPool-worker-1] INFO  ozone.HddsDatanodeClientProtocolServer (HddsDatanodeClientProtocolServer.java:stop(78)) - Stopping the RPC server for Client Protocol
2023-08-31 18:19:46,716 [ForkJoinPool.commonPool-worker-1] INFO  ipc.Server (Server.java:stop(3523)) - Stopping server on 15099
2023-08-31 18:19:46,717 [IPC Server listener on 15099] INFO  ipc.Server (Server.java:run(1434)) - Stopping IPC Server listener on 15099
2023-08-31 18:19:46,727 [IPC Server Responder] INFO  ipc.Server (Server.java:run(1567)) - Stopping IPC Server Responder
2023-08-31 18:19:46,730 [main] INFO  ozone.HddsDatanodeClientProtocolServer (HddsDatanodeClientProtocolServer.java:stop(78)) - Stopping the RPC server for Client Protocol
2023-08-31 18:19:46,730 [main] INFO  ipc.Server (Server.java:stop(3523)) - Stopping server on 15081
2023-08-31 18:19:46,730 [IPC Server listener on 15081] INFO  ipc.Server (Server.java:run(1434)) - Stopping IPC Server listener on 15081
2023-08-31 18:19:46,732 [IPC Server Responder] INFO  ipc.Server (Server.java:run(1567)) - Stopping IPC Server Responder
2023-08-31 18:19:46,738 [ForkJoinPool.commonPool-worker-3] INFO  handler.ContextHandler (ContextHandler.java:doStop(1159)) - Stopped o.e.j.w.WebAppContext@5737d839{hddsDatanode,/,null,STOPPED}{jar:file:/home/runner/.m2/repository/org/apache/ozone/hdds-container-service/1.4.0-SNAPSHOT/hdds-container-service-1.4.0-SNAPSHOT.jar!/webapps/hddsDatanode}
2023-08-31 18:19:46,740 [ForkJoinPool.commonPool-worker-0] INFO  handler.ContextHandler (ContextHandler.java:doStop(1159)) - Stopped o.e.j.w.WebAppContext@4d74c01d{hddsDatanode,/,null,STOPPED}{jar:file:/home/runner/.m2/repository/org/apache/ozone/hdds-container-service/1.4.0-SNAPSHOT/hdds-container-service-1.4.0-SNAPSHOT.jar!/webapps/hddsDatanode}
2023-08-31 18:19:46,740 [ForkJoinPool.commonPool-worker-3] INFO  server.AbstractConnector (AbstractConnector.java:doStop(383)) - Stopped ServerConnector@678e8bf2{HTTP/1.1, (http/1.1)}{0.0.0.0:15071}
2023-08-31 18:19:46,740 [ForkJoinPool.commonPool-worker-3] INFO  server.session (HouseKeeper.java:stopScavenging(149)) - node0 Stopped scavenging
2023-08-31 18:19:46,741 [ForkJoinPool.commonPool-worker-3] INFO  handler.ContextHandler (ContextHandler.java:doStop(1159)) - Stopped o.e.j.s.ServletContextHandler@7bec1342{static,/static,jar:file:/home/runner/.m2/repository/org/apache/ozone/hdds-container-service/1.4.0-SNAPSHOT/hdds-container-service-1.4.0-SNAPSHOT.jar!/webapps/static,STOPPED}
2023-08-31 18:19:46,744 [ForkJoinPool.commonPool-worker-0] INFO  server.AbstractConnector (AbstractConnector.java:doStop(383)) - Stopped ServerConnector@32d2cb0c{HTTP/1.1, (http/1.1)}{0.0.0.0:15062}
2023-08-31 18:19:46,747 [ForkJoinPool.commonPool-worker-3] INFO  handler.ContextHandler (ContextHandler.java:doStop(1159)) - Stopped o.e.j.s.ServletContextHandler@777777f2{logs,/logs,file:///home/runner/work/ozone/ozone/hadoop-ozone/integration-test/target/log,STOPPED}
2023-08-31 18:19:46,745 [ForkJoinPool.commonPool-worker-2] INFO  handler.ContextHandler (ContextHandler.java:doStop(1159)) - Stopped o.e.j.w.WebAppContext@67830628{hddsDatanode,/,null,STOPPED}{jar:file:/home/runner/.m2/repository/org/apache/ozone/hdds-container-service/1.4.0-SNAPSHOT/hdds-container-service-1.4.0-SNAPSHOT.jar!/webapps/hddsDatanode}
2023-08-31 18:19:46,747 [ForkJoinPool.commonPool-worker-0] INFO  server.session (HouseKeeper.java:stopScavenging(149)) - node0 Stopped scavenging
2023-08-31 18:19:46,748 [ForkJoinPool.commonPool-worker-0] INFO  handler.ContextHandler (ContextHandler.java:doStop(1159)) - Stopped o.e.j.s.ServletContextHandler@3ad300bc{static,/static,jar:file:/home/runner/.m2/repository/org/apache/ozone/hdds-container-service/1.4.0-SNAPSHOT/hdds-container-service-1.4.0-SNAPSHOT.jar!/webapps/static,STOPPED}
2023-08-31 18:19:46,749 [ForkJoinPool.commonPool-worker-0] INFO  handler.ContextHandler (ContextHandler.java:doStop(1159)) - Stopped o.e.j.s.ServletContextHandler@30e4bea9{logs,/logs,file:///home/runner/work/ozone/ozone/hadoop-ozone/integration-test/target/log,STOPPED}
2023-08-31 18:19:46,751 [ForkJoinPool.commonPool-worker-3] INFO  ozone.HddsDatanodeClientProtocolServer (HddsDatanodeClientProtocolServer.java:stop(78)) - Stopping the RPC server for Client Protocol
2023-08-31 18:19:46,752 [ForkJoinPool.commonPool-worker-3] INFO  ipc.Server (Server.java:stop(3523)) - Stopping server on 15072
2023-08-31 18:19:46,752 [IPC Server listener on 15072] INFO  ipc.Server (Server.java:run(1434)) - Stopping IPC Server listener on 15072
2023-08-31 18:19:46,756 [ForkJoinPool.commonPool-worker-2] INFO  server.AbstractConnector (AbstractConnector.java:doStop(383)) - Stopped ServerConnector@3a2743c9{HTTP/1.1, (http/1.1)}{0.0.0.0:15089}
2023-08-31 18:19:46,757 [ForkJoinPool.commonPool-worker-2] INFO  server.session (HouseKeeper.java:stopScavenging(149)) - node0 Stopped scavenging
2023-08-31 18:19:46,757 [ForkJoinPool.commonPool-worker-2] INFO  handler.ContextHandler (ContextHandler.java:doStop(1159)) - Stopped o.e.j.s.ServletContextHandler@41671912{static,/static,jar:file:/home/runner/.m2/repository/org/apache/ozone/hdds-container-service/1.4.0-SNAPSHOT/hdds-container-service-1.4.0-SNAPSHOT.jar!/webapps/static,STOPPED}
2023-08-31 18:19:46,757 [ForkJoinPool.commonPool-worker-2] INFO  handler.ContextHandler (ContextHandler.java:doStop(1159)) - Stopped o.e.j.s.ServletContextHandler@72afaee3{logs,/logs,file:///home/runner/work/ozone/ozone/hadoop-ozone/integration-test/target/log,STOPPED}
2023-08-31 18:19:46,757 [ForkJoinPool.commonPool-worker-0] INFO  ozone.HddsDatanodeClientProtocolServer (HddsDatanodeClientProtocolServer.java:stop(78)) - Stopping the RPC server for Client Protocol
2023-08-31 18:19:46,758 [ForkJoinPool.commonPool-worker-0] INFO  ipc.Server (Server.java:stop(3523)) - Stopping server on 15063
2023-08-31 18:19:46,758 [IPC Server listener on 15063] INFO  ipc.Server (Server.java:run(1434)) - Stopping IPC Server listener on 15063
2023-08-31 18:19:46,759 [IPC Server Responder] INFO  ipc.Server (Server.java:run(1567)) - Stopping IPC Server Responder
2023-08-31 18:19:46,760 [IPC Server Responder] INFO  ipc.Server (Server.java:run(1567)) - Stopping IPC Server Responder
2023-08-31 18:19:46,762 [ForkJoinPool.commonPool-worker-2] INFO  ozone.HddsDatanodeClientProtocolServer (HddsDatanodeClientProtocolServer.java:stop(78)) - Stopping the RPC server for Client Protocol
2023-08-31 18:19:46,762 [ForkJoinPool.commonPool-worker-2] INFO  ipc.Server (Server.java:stop(3523)) - Stopping server on 15090
2023-08-31 18:19:46,763 [IPC Server listener on 15090] INFO  ipc.Server (Server.java:run(1434)) - Stopping IPC Server listener on 15090
2023-08-31 18:19:46,764 [IPC Server Responder] INFO  ipc.Server (Server.java:run(1567)) - Stopping IPC Server Responder
2023-08-31 18:19:46,765 [main] INFO  ozone.MiniOzoneClusterImpl (MiniOzoneClusterImpl.java:stopSCM(543)) - Stopping the StorageContainerManager
2023-08-31 18:19:46,766 [main] INFO  server.StorageContainerManager (StorageContainerManager.java:stop(1591)) - Container Balancer is not running.
2023-08-31 18:19:46,766 [main] INFO  server.StorageContainerManager (StorageContainerManager.java:stopReplicationManager(1724)) - Stopping Replication Manager Service.
2023-08-31 18:19:46,766 [main] INFO  replication.ReplicationManager (ReplicationManager.java:stop(323)) - Stopping Replication Monitor Thread.
2023-08-31 18:19:46,766 [main] INFO  server.StorageContainerManager (StorageContainerManager.java:stop(1600)) - Stopping the Datanode Admin Monitor.
2023-08-31 18:19:46,766 [Under Replicated Processor] WARN  replication.UnhealthyReplicationProcessor (UnhealthyReplicationProcessor.java:run(180)) - Under Replicated Processor interrupted. Exiting...
2023-08-31 18:19:46,766 [main] INFO  server.StorageContainerManager (StorageContainerManager.java:stop(1607)) - Stopping datanode service RPC server
2023-08-31 18:19:46,766 [main] INFO  server.SCMDatanodeProtocolServer (SCMDatanodeProtocolServer.java:stop(424)) - Stopping the RPC server for DataNodes
2023-08-31 18:19:46,766 [main] INFO  ipc.Server (Server.java:stop(3523)) - Stopping server on 15055
2023-08-31 18:19:46,767 [Over Replicated Processor] WARN  replication.UnhealthyReplicationProcessor (UnhealthyReplicationProcessor.java:run(180)) - Over Replicated Processor interrupted. Exiting...
2023-08-31 18:19:46,767 [ReplicationMonitor] INFO  replication.ReplicationManager (ReplicationManager.java:run(921)) - Replication Monitor Thread is stopped
2023-08-31 18:19:46,770 [IPC Server listener on 15055] INFO  ipc.Server (Server.java:run(1434)) - Stopping IPC Server listener on 15055
2023-08-31 18:19:46,770 [IPC Server Responder] INFO  ipc.Server (Server.java:run(1567)) - Stopping IPC Server Responder
2023-08-31 18:19:46,829 [SCM Heartbeat Processing Thread - 0] WARN  node.NodeStateManager (NodeStateManager.java:scheduleNextHealthCheck(874)) - Current Thread is interrupted, shutting down HB processing thread for Node Manager.
2023-08-31 18:19:46,829 [main] INFO  server.StorageContainerManager (StorageContainerManager.java:stop(1615)) - Stopping block service RPC server
2023-08-31 18:19:46,829 [main] INFO  server.SCMBlockProtocolServer (SCMBlockProtocolServer.java:stop(161)) - Stopping the RPC server for Block Protocol
2023-08-31 18:19:46,829 [main] INFO  ipc.Server (Server.java:stop(3523)) - Stopping server on 15054
2023-08-31 18:19:46,835 [IPC Server Responder] INFO  ipc.Server (Server.java:run(1567)) - Stopping IPC Server Responder
2023-08-31 18:19:46,835 [main] INFO  server.StorageContainerManager (StorageContainerManager.java:stop(1622)) - Stopping the StorageContainerLocationProtocol RPC server
2023-08-31 18:19:46,835 [IPC Server listener on 15054] INFO  ipc.Server (Server.java:run(1434)) - Stopping IPC Server listener on 15054
2023-08-31 18:19:46,836 [main] INFO  server.SCMClientProtocolServer (SCMClientProtocolServer.java:stop(210)) - Stopping the RPC server for Client Protocol
2023-08-31 18:19:46,836 [main] INFO  ipc.Server (Server.java:stop(3523)) - Stopping server on 15053
2023-08-31 18:19:46,838 [IPC Server listener on 15053] INFO  ipc.Server (Server.java:run(1434)) - Stopping IPC Server listener on 15053
2023-08-31 18:19:46,838 [IPC Server Responder] INFO  ipc.Server (Server.java:run(1567)) - Stopping IPC Server Responder
2023-08-31 18:19:46,839 [main] INFO  server.StorageContainerManager (StorageContainerManager.java:stop(1629)) - Stopping Storage Container Manager HTTP server.
2023-08-31 18:19:46,839 [main] INFO  handler.ContextHandler (ContextHandler.java:doStop(1159)) - Stopped o.e.j.w.WebAppContext@1bcbb240{scm,/,null,STOPPED}{file:/home/runner/work/ozone/ozone/hadoop-ozone/integration-test/target/test-classes/webapps/scm}
2023-08-31 18:19:46,840 [main] INFO  server.AbstractConnector (AbstractConnector.java:doStop(383)) - Stopped ServerConnector@79611e12{HTTP/1.1, (http/1.1)}{0.0.0.0:15056}
2023-08-31 18:19:46,840 [main] INFO  server.session (HouseKeeper.java:stopScavenging(149)) - node0 Stopped scavenging
2023-08-31 18:19:46,840 [main] INFO  handler.ContextHandler (ContextHandler.java:doStop(1159)) - Stopped o.e.j.s.ServletContextHandler@a92eb47{static,/static,file:///home/runner/work/ozone/ozone/hadoop-ozone/integration-test/target/test-classes/webapps/static,STOPPED}
2023-08-31 18:19:46,841 [main] INFO  handler.ContextHandler (ContextHandler.java:doStop(1159)) - Stopped o.e.j.s.ServletContextHandler@1927d1c7{logs,/logs,file:///home/runner/work/ozone/ozone/hadoop-ozone/integration-test/target/log,STOPPED}
2023-08-31 18:19:46,842 [main] INFO  server.StorageContainerManager (StorageContainerManager.java:stop(1637)) - Stopping SCM LayoutVersionManager Service.
2023-08-31 18:19:46,842 [main] INFO  server.StorageContainerManager (StorageContainerManager.java:stop(1649)) - Stopping Block Manager Service.
2023-08-31 18:19:46,842 [main] INFO  utils.BackgroundService (BackgroundService.java:shutdown(141)) - Shutting down service SCMBlockDeletingService
2023-08-31 18:19:46,842 [main] INFO  utils.BackgroundService (BackgroundService.java:shutdown(141)) - Shutting down service SCMBlockDeletingService
2023-08-31 18:19:46,843 [main] INFO  server.StorageContainerManager (StorageContainerManager.java:stop(1669)) - Stopping SCM Event Queue.
2023-08-31 18:19:46,845 [JvmPauseMonitor7] INFO  util.JvmPauseMonitor (JvmPauseMonitor.java:run(109)) - JvmPauseMonitor-ceef3f7f-8ba3-49fd-a7d6-8efdc5ecb058: Stopped
2023-08-31 18:19:46,845 [main] INFO  server.StorageContainerManager (StorageContainerManager.java:stop(1680)) - Stopping SCM HA services.
2023-08-31 18:19:46,846 [main] INFO  pipeline.BackgroundPipelineCreator (BackgroundPipelineCreator.java:stop(149)) - Stopping RatisPipelineUtilsThread.
2023-08-31 18:19:46,846 [RatisPipelineUtilsThread - 0] WARN  pipeline.BackgroundPipelineCreator (BackgroundPipelineCreator.java:run(180)) - RatisPipelineUtilsThread is interrupted.
2023-08-31 18:19:46,846 [BackgroundPipelineScrubberThread] WARN  BackgroundPipelineScrubber (BackgroundSCMService.java:run(115)) - BackgroundPipelineScrubber is interrupted, exit
2023-08-31 18:19:46,846 [main] INFO  BackgroundPipelineScrubber (BackgroundSCMService.java:stop(131)) - Stopping BackgroundPipelineScrubber Service.
2023-08-31 18:19:46,846 [main] INFO  impl.MetricsSystemImpl (MetricsSystemImpl.java:stop(210)) - Stopping HddsDatanode metrics system...
2023-08-31 18:19:46,852 [prometheus] INFO  impl.MetricsSinkAdapter (MetricsSinkAdapter.java:publishMetricsFromQueue(141)) - prometheus thread interrupted.
2023-08-31 18:19:46,853 [main] INFO  impl.MetricsSystemImpl (MetricsSystemImpl.java:stop(216)) - HddsDatanode metrics system stopped.
2023-08-31 18:19:46,853 [main] WARN  pipeline.BackgroundPipelineCreator (BackgroundPipelineCreator.java:stop(145)) - RatisPipelineUtilsThread is not running, just ignore.
2023-08-31 18:19:46,853 [main] INFO  BackgroundPipelineScrubber (BackgroundSCMService.java:stop(126)) - BackgroundPipelineScrubber Service is not running, skip stop.
2023-08-31 18:19:46,853 [main] INFO  ExpiredContainerReplicaOpScrubber (BackgroundSCMService.java:stop(131)) - Stopping ExpiredContainerReplicaOpScrubber Service.
2023-08-31 18:19:46,853 [ExpiredContainerReplicaOpScrubberThread] WARN  ExpiredContainerReplicaOpScrubber (BackgroundSCMService.java:run(115)) - ExpiredContainerReplicaOpScrubber is interrupted, exit
2023-08-31 18:19:46,853 [main] INFO  utils.BackgroundService (BackgroundService.java:shutdown(141)) - Shutting down service SCMBlockDeletingService
2023-08-31 18:19:46,856 [main] INFO  replication.ReplicationManager (ReplicationManager.java:stop(333)) - Replication Monitor Thread is not running.
2023-08-31 18:19:46,856 [main] WARN  balancer.ContainerBalancer (ContainerBalancer.java:stop(326)) - Cannot stop Container Balancer because it's not running or stopping
2023-08-31 18:19:46,856 [Lease Manager-LeaseManager#LeaseMonitor] WARN  lease.LeaseManager (LeaseManager.java:run(272)) - Lease manager is interrupted. Shutting down...
java.lang.InterruptedException
	at java.util.concurrent.locks.AbstractQueuedSynchronizer.doAcquireSharedNanos(AbstractQueuedSynchronizer.java:1039)
	at java.util.concurrent.locks.AbstractQueuedSynchronizer.tryAcquireSharedNanos(AbstractQueuedSynchronizer.java:1328)
	at java.util.concurrent.Semaphore.tryAcquire(Semaphore.java:409)
	at org.apache.hadoop.ozone.lease.LeaseManager$LeaseMonitor.run(LeaseManager.java:270)
	at java.lang.Thread.run(Thread.java:750)
2023-08-31 18:19:46,856 [main] INFO  server.StorageContainerManager (StorageContainerManager.java:stop(1715)) - Stopping SCM MetadataStore.
2023-08-31 18:19:46,932 [main] WARN  server.ServerUtils (ServerUtils.java:getScmDbDir(155)) - ozone.scm.db.dirs is not configured. We recommend adding this setting. Falling back to ozone.metadata.dirs instead.
2023-08-31 18:19:46,937 [main] WARN  server.ServerUtils (ServerUtils.java:getScmDbDir(155)) - ozone.scm.db.dirs is not configured. We recommend adding this setting. Falling back to ozone.metadata.dirs instead.
2023-08-31 18:19:46,937 [main] INFO  ha.SCMHANodeDetails (SCMHANodeDetails.java:loadSCMHAConfig(210)) - ServiceID for StorageContainerManager is null
2023-08-31 18:19:46,937 [main] INFO  ha.SCMHANodeDetails (SCMHANodeDetails.java:loadSCMHAConfig(215)) - ozone.scm.default.service.id is not defined, falling back to ozone.scm.service.ids to find serviceID for StorageContainerManager if it is HA enabled cluster
2023-08-31 18:19:46,938 [main] WARN  utils.HAUtils (HAUtils.java:getMetaDir(339)) - ozone.scm.db.dirs is not configured. We recommend adding this setting. Falling back to ozone.metadata.dirs instead.
2023-08-31 18:19:46,938 [main] WARN  db.DBStoreBuilder (DBStoreBuilder.java:applyDBDefinition(166)) - ozone.scm.db.dirs is not configured. We recommend adding this setting. Falling back to ozone.metadata.dirs instead.
2023-08-31 18:19:47,091 [main] INFO  net.NodeSchemaLoader (NodeSchemaLoader.java:loadSchemaFromFile(129)) - Loading schema from [jar:file:/home/runner/.m2/repository/org/apache/ozone/hdds-common/1.4.0-SNAPSHOT/hdds-common-1.4.0-SNAPSHOT.jar!/network-topology-default.xml]
2023-08-31 18:19:47,091 [main] INFO  net.NodeSchemaLoader (NodeSchemaLoader.java:loadSchema(176)) - Loading network topology layer schema file
2023-08-31 18:19:47,100 [main] INFO  upgrade.AbstractLayoutVersionManager (AbstractLayoutVersionManager.java:init(83)) - Initializing Layout version manager with metadata layout = HADOOP_PRC_PORTS_IN_DATANODEDETAILS (version = 7), software layout = HADOOP_PRC_PORTS_IN_DATANODEDETAILS (version = 7)
2023-08-31 18:19:47,102 [main] INFO  ha.SequenceIdGenerator (SequenceIdGenerator.java:upgradeToSequenceId(365)) - upgrade localId to 111677748019200000
2023-08-31 18:19:47,103 [main] INFO  ha.SequenceIdGenerator (SequenceIdGenerator.java:upgradeToSequenceId(375)) - upgrade delTxnId to 0
2023-08-31 18:19:47,104 [main] INFO  ha.SequenceIdGenerator (SequenceIdGenerator.java:upgradeToSequenceId(392)) - upgrade containerId to 0
2023-08-31 18:19:47,105 [main] INFO  ha.SequenceIdGenerator (SequenceIdGenerator.java:upgradeToSequenceId(428)) - upgrade rootCertificateId to 1
2023-08-31 18:19:47,105 [main] INFO  ha.SequenceIdGenerator (SequenceIdGenerator.java:<init>(236)) - Init the HA SequenceIdGenerator.
2023-08-31 18:19:47,105 [main] WARN  server.ServerUtils (ServerUtils.java:sanitizeUserArgs(80)) - ozone.scm.stale.node.interval value = 300000 is larger than max = 100000 based on the key value of ozone.scm.heartbeat.thread.interval, reset to the max value 100000.
2023-08-31 18:19:47,105 [main] WARN  server.ServerUtils (ServerUtils.java:sanitizeUserArgs(80)) - ozone.scm.stale.node.interval value = 300000 is larger than max = 100000 based on the key value of ozone.scm.heartbeat.thread.interval, reset to the max value 100000.
2023-08-31 18:19:47,106 [main] INFO  node.SCMNodeManager (SCMNodeManager.java:<init>(157)) - Entering startup safe mode.
2023-08-31 18:19:47,106 [main] INFO  algorithms.ContainerPlacementPolicyFactory (ContainerPlacementPolicyFactory.java:getPolicyInternal(86)) - Create container placement policy of type org.apache.hadoop.hdds.scm.container.placement.algorithms.SCMContainerPlacementRackAware
2023-08-31 18:19:47,107 [main] INFO  algorithms.ContainerPlacementPolicyFactory (ContainerPlacementPolicyFactory.java:getPolicyInternal(86)) - Create container placement policy of type org.apache.hadoop.hdds.scm.container.placement.algorithms.SCMContainerPlacementRackScatter
2023-08-31 18:19:47,107 [main] INFO  pipeline.PipelineStateManagerImpl (PipelineStateManagerImpl.java:initialize(78)) - No pipeline exists in current db
2023-08-31 18:19:47,107 [main] INFO  algorithms.LeaderChoosePolicyFactory (LeaderChoosePolicyFactory.java:getPolicy(57)) - Create leader choose policy of type org.apache.hadoop.hdds.scm.pipeline.leader.choose.algorithms.MinLeaderCountChoosePolicy
2023-08-31 18:19:47,107 [main] INFO  algorithms.ContainerPlacementPolicyFactory (ContainerPlacementPolicyFactory.java:getPolicyInternal(86)) - Create container placement policy of type org.apache.hadoop.hdds.scm.container.placement.algorithms.SCMContainerPlacementRackScatter
2023-08-31 18:19:47,108 [main] INFO  ha.SCMServiceManager (SCMServiceManager.java:register(42)) - Registering service BackgroundPipelineCreator.
2023-08-31 18:19:47,108 [main] INFO  pipeline.BackgroundPipelineCreator (BackgroundPipelineCreator.java:start(124)) - Starting RatisPipelineUtilsThread.
2023-08-31 18:19:47,108 [main] INFO  BackgroundPipelineScrubber (BackgroundSCMService.java:start(68)) - Starting BackgroundPipelineScrubber Service.
2023-08-31 18:19:47,108 [main] INFO  ha.SCMServiceManager (SCMServiceManager.java:register(42)) - Registering service BackgroundPipelineScrubber.
2023-08-31 18:19:47,109 [main] INFO  ExpiredContainerReplicaOpScrubber (BackgroundSCMService.java:start(68)) - Starting ExpiredContainerReplicaOpScrubber Service.
2023-08-31 18:19:47,109 [main] INFO  ha.SCMServiceManager (SCMServiceManager.java:register(42)) - Registering service ExpiredContainerReplicaOpScrubber.
2023-08-31 18:19:47,110 [main] INFO  algorithms.PipelineChoosePolicyFactory (PipelineChoosePolicyFactory.java:createPipelineChoosePolicyFromClass(78)) - Create pipeline choose policy of type org.apache.hadoop.hdds.scm.pipeline.choose.algorithms.RandomPipelineChoosePolicy
2023-08-31 18:19:47,110 [main] INFO  algorithms.PipelineChoosePolicyFactory (PipelineChoosePolicyFactory.java:createPipelineChoosePolicyFromClass(78)) - Create pipeline choose policy of type org.apache.hadoop.hdds.scm.pipeline.choose.algorithms.RandomPipelineChoosePolicy
2023-08-31 18:19:47,110 [main] INFO  ha.SCMServiceManager (SCMServiceManager.java:register(42)) - Registering service SCMBlockDeletingService.
2023-08-31 18:19:47,111 [main] INFO  replication.ReplicationManager (ReplicationManager.java:start(291)) - Starting Replication Monitor Thread.
2023-08-31 18:19:47,112 [main] INFO  ha.SCMServiceManager (SCMServiceManager.java:register(42)) - Registering service ReplicationManager.
2023-08-31 18:19:47,112 [main] INFO  safemode.ContainerSafeModeRule (ContainerSafeModeRule.java:<init>(90)) - containers with one replica threshold count 0
2023-08-31 18:19:47,112 [main] INFO  safemode.HealthyPipelineSafeModeRule (HealthyPipelineSafeModeRule.java:initializeRule(169)) - Total pipeline count is 0, healthy pipeline threshold count is 1
2023-08-31 18:19:47,113 [main] INFO  safemode.OneReplicaPipelineSafeModeRule (OneReplicaPipelineSafeModeRule.java:initializeRule(180)) - Total pipeline count is 0, pipeline's with at least one datanode reported threshold count is 0
2023-08-31 18:19:47,116 [main] INFO  server.StorageContainerManager (StorageContainerManager.java:<init>(425)) - SCM start with adminUsers: [runner]
2023-08-31 18:19:47,117 [main] INFO  ipc.CallQueueManager (CallQueueManager.java:<init>(90)) - Using callQueue: class java.util.concurrent.LinkedBlockingQueue, queueCapacity: 2000, scheduler: class org.apache.hadoop.ipc.DefaultRpcScheduler, ipcBackoff: false.
2023-08-31 18:19:47,117 [main] INFO  ipc.Server (Server.java:<init>(1287)) - Listener at 0.0.0.0:15108
2023-08-31 18:19:47,117 [ReplicationMonitor] INFO  replication.ReplicationManager (ReplicationManager.java:processAll(365)) - Replication Manager is not ready to run until 3000ms after safemode exit
2023-08-31 18:19:47,118 [Socket Reader #1 for port 15108] INFO  ipc.Server (Server.java:run(1323)) - Starting Socket Reader #1 for port 15108
2023-08-31 18:19:47,123 [main] INFO  ipc.CallQueueManager (CallQueueManager.java:<init>(90)) - Using callQueue: class java.util.concurrent.LinkedBlockingQueue, queueCapacity: 2000, scheduler: class org.apache.hadoop.ipc.DefaultRpcScheduler, ipcBackoff: false.
2023-08-31 18:19:47,123 [main] INFO  ipc.Server (Server.java:<init>(1287)) - Listener at 0.0.0.0:15107
2023-08-31 18:19:47,124 [Socket Reader #1 for port 15107] INFO  ipc.Server (Server.java:run(1323)) - Starting Socket Reader #1 for port 15107
2023-08-31 18:19:47,128 [main] INFO  ipc.CallQueueManager (CallQueueManager.java:<init>(90)) - Using callQueue: class java.util.concurrent.LinkedBlockingQueue, queueCapacity: 2000, scheduler: class org.apache.hadoop.ipc.DefaultRpcScheduler, ipcBackoff: false.
2023-08-31 18:19:47,129 [main] INFO  ipc.Server (Server.java:<init>(1287)) - Listener at 0.0.0.0:15106
2023-08-31 18:19:47,131 [Socket Reader #1 for port 15106] INFO  ipc.Server (Server.java:run(1323)) - Starting Socket Reader #1 for port 15106
2023-08-31 18:19:47,139 [main] INFO  ha.SCMServiceManager (SCMServiceManager.java:register(42)) - Registering service ContainerBalancer.
2023-08-31 18:19:47,140 [main] INFO  server.StorageContainerManager (StorageContainerManager.java:<init>(438)) - 
Container Balancer status:
Key                            Value
Running                        false
Container Balancer Configuration values:
Key                                                Value
Threshold                                          10
Max Datanodes to Involve per Iteration(percent)    20
Max Size to Move per Iteration                     500GB
Max Size Entering Target per Iteration             26GB
Max Size Leaving Source per Iteration              26GB

2023-08-31 18:19:47,140 [main] INFO  ha.SCMContext (SCMContext.java:updateSafeModeStatus(228)) - Update SafeModeStatus from SafeModeStatus{safeModeStatus=true, preCheckPassed=false} to SafeModeStatus{safeModeStatus=true, preCheckPassed=false}.
2023-08-31 18:19:47,140 [main] INFO  server.StorageContainerManager (StorageContainerManager.java:start(1483)) - StorageContainerLocationProtocol RPC server is listening at /0.0.0.0:15106
2023-08-31 18:19:47,142 [main] WARN  impl.MetricsConfig (MetricsConfig.java:loadFirst(136)) - Cannot locate configuration: tried hadoop-metrics2-storagecontainermanager.properties,hadoop-metrics2.properties
2023-08-31 18:19:47,142 [main] INFO  impl.MetricsSystemImpl (MetricsSystemImpl.java:startTimer(378)) - Scheduled Metric snapshot period at 10 second(s).
2023-08-31 18:19:47,143 [main] INFO  impl.MetricsSystemImpl (MetricsSystemImpl.java:start(191)) - StorageContainerManager metrics system started
2023-08-31 18:19:47,153 [main] INFO  impl.MetricsSinkAdapter (MetricsSinkAdapter.java:start(204)) - Sink prometheus started
2023-08-31 18:19:47,153 [main] INFO  impl.MetricsSystemImpl (MetricsSystemImpl.java:registerSink(305)) - Registered sink prometheus
2023-08-31 18:19:47,205 [main] INFO  server.SCMClientProtocolServer (SCMClientProtocolServer.java:start(201)) - RPC server for Client  is listening at /0.0.0.0:15106
2023-08-31 18:19:47,211 [IPC Server Responder] INFO  ipc.Server (Server.java:run(1562)) - IPC Server Responder: starting
2023-08-31 18:19:47,216 [IPC Server listener on 15106] INFO  ipc.Server (Server.java:run(1402)) - IPC Server listener on 15106: starting
2023-08-31 18:19:47,219 [main] INFO  server.StorageContainerManager (StorageContainerManager.java:start(1496)) - ScmBlockLocationProtocol RPC server is listening at /0.0.0.0:15107
2023-08-31 18:19:47,224 [main] INFO  server.SCMBlockProtocolServer (SCMBlockProtocolServer.java:start(152)) - RPC server for Block Protocol is listening at /0.0.0.0:15107
2023-08-31 18:19:47,228 [IPC Server Responder] INFO  ipc.Server (Server.java:run(1562)) - IPC Server Responder: starting
2023-08-31 18:19:47,233 [IPC Server listener on 15107] INFO  ipc.Server (Server.java:run(1402)) - IPC Server listener on 15107: starting
2023-08-31 18:19:47,240 [main] INFO  server.SCMDatanodeProtocolServer (SCMDatanodeProtocolServer.java:start(193)) - ScmDatanodeProtocol RPC server for DataNodes is listening at /0.0.0.0:15108
2023-08-31 18:19:47,241 [IPC Server Responder] INFO  ipc.Server (Server.java:run(1562)) - IPC Server Responder: starting
2023-08-31 18:19:47,241 [IPC Server listener on 15108] INFO  ipc.Server (Server.java:run(1402)) - IPC Server listener on 15108: starting
2023-08-31 18:19:47,257 [main] INFO  http.BaseHttpServer (BaseHttpServer.java:newHttpServer2BuilderForOzone(223)) - Starting Web-server for scm at: http://0.0.0.0:15109
2023-08-31 18:19:47,257 [main] INFO  http.BaseHttpServer (BaseHttpServer.java:<init>(110)) - Hadoop Security Enabled: false Ozone Security Enabled: false Ozone HTTP Security Enabled: false 
2023-08-31 18:19:47,259 [main] WARN  server.AuthenticationFilter (AuthenticationFilter.java:constructSecretProvider(240)) - Unable to initialize FileSignerSecretProvider, falling back to use random secrets. Reason: Could not read signature secret file: /home/runner/hadoop-http-auth-signature-secret
2023-08-31 18:19:47,260 [JvmPauseMonitor14] INFO  util.JvmPauseMonitor (JvmPauseMonitor.java:run(103)) - JvmPauseMonitor-2d958d70-7a6c-48ea-9070-225d01e4e176: Started
2023-08-31 18:19:47,260 [main] INFO  http.HttpRequestLog (HttpRequestLog.java:getRequestLog(86)) - Http request log for http.requests.scm is not defined
2023-08-31 18:19:47,262 [main] INFO  http.HttpServer2 (HttpServer2.java:addGlobalFilter(1031)) - Added global filter 'safety' (class=org.apache.hadoop.hdds.server.http.HttpServer2$QuotingInputFilter)
2023-08-31 18:19:47,262 [main] INFO  http.HttpServer2 (HttpServer2.java:addFilter(1007)) - Added filter static_user_filter (class=org.apache.hadoop.http.lib.StaticUserWebFilter$StaticUserFilter) to context scm
2023-08-31 18:19:47,263 [main] INFO  http.HttpServer2 (HttpServer2.java:addFilter(1015)) - Added filter static_user_filter (class=org.apache.hadoop.http.lib.StaticUserWebFilter$StaticUserFilter) to context logs
2023-08-31 18:19:47,263 [main] INFO  http.HttpServer2 (HttpServer2.java:addFilter(1015)) - Added filter static_user_filter (class=org.apache.hadoop.http.lib.StaticUserWebFilter$StaticUserFilter) to context static
2023-08-31 18:19:47,263 [main] INFO  http.BaseHttpServer (BaseHttpServer.java:<init>(189)) - HTTP server of scm uses base directory /home/runner/work/ozone/ozone/hadoop-ozone/integration-test/target/test-dir/MiniOzoneClusterImpl-03cba653-44d0-43b4-bc0f-a7205d2183ff/ozone-meta/webserver
2023-08-31 18:19:47,264 [main] INFO  http.HttpServer2 (HttpServer2.java:bindListener(1231)) - Jetty bound to port 15109
2023-08-31 18:19:47,264 [main] INFO  server.Server (Server.java:doStart(375)) - jetty-9.4.51.v20230217; built: 2023-02-17T08:19:37.309Z; git: b45c405e4544384de066f814ed42ae3dceacdd49; jvm 1.8.0_382-b05
2023-08-31 18:19:47,266 [main] INFO  server.session (DefaultSessionIdManager.java:doStart(334)) - DefaultSessionIdManager workerName=node0
2023-08-31 18:19:47,266 [main] INFO  server.session (DefaultSessionIdManager.java:doStart(339)) - No SessionScavenger set, using defaults
2023-08-31 18:19:47,267 [main] INFO  server.session (HouseKeeper.java:startScavenging(132)) - node0 Scavenging every 600000ms
2023-08-31 18:19:47,267 [main] INFO  handler.ContextHandler (ContextHandler.java:doStart(921)) - Started o.e.j.s.ServletContextHandler@d52ab92{logs,/logs,file:///home/runner/work/ozone/ozone/hadoop-ozone/integration-test/target/log,AVAILABLE}
2023-08-31 18:19:47,268 [main] INFO  handler.ContextHandler (ContextHandler.java:doStart(921)) - Started o.e.j.s.ServletContextHandler@4f39a53{static,/static,file:///home/runner/work/ozone/ozone/hadoop-ozone/integration-test/target/test-classes/webapps/static,AVAILABLE}
2023-08-31 18:19:47,271 [main] INFO  handler.ContextHandler (ContextHandler.java:doStart(921)) - Started o.e.j.w.WebAppContext@5ce537c4{scm,/,file:///home/runner/work/ozone/ozone/hadoop-ozone/integration-test/target/test-classes/webapps/scm/,AVAILABLE}{file:/home/runner/work/ozone/ozone/hadoop-ozone/integration-test/target/test-classes/webapps/scm}
2023-08-31 18:19:47,273 [main] INFO  server.AbstractConnector (AbstractConnector.java:doStart(333)) - Started ServerConnector@33e76e5{HTTP/1.1, (http/1.1)}{0.0.0.0:15109}
2023-08-31 18:19:47,273 [main] INFO  server.Server (Server.java:doStart(415)) - Started @198598ms
2023-08-31 18:19:47,273 [main] WARN  impl.MetricsSystemImpl (MetricsSystemImpl.java:register(279)) - Sink prometheus already exists!
2023-08-31 18:19:47,274 [main] INFO  http.BaseHttpServer (BaseHttpServer.java:updateConnectorAddress(354)) - HTTP server of scm listening at http://0.0.0.0:15109
2023-08-31 18:19:47,274 [main] WARN  server.ServerUtils (ServerUtils.java:getDBPath(311)) - ozone.om.db.dirs is not configured. We recommend adding this setting. Falling back to ozone.metadata.dirs instead.
2023-08-31 18:19:47,278 [main] INFO  ha.OMHANodeDetails (OMHANodeDetails.java:loadOMHAConfig(115)) - ozone.om.internal.service.id is not defined, falling back to ozone.om.service.ids to find serviceID for OzoneManager if it is HA enabled cluster
2023-08-31 18:19:47,278 [main] INFO  ha.OMHANodeDetails (OMHANodeDetails.java:loadOMHAConfig(226)) - Configuration does not have ozone.om.address set. Falling back to the default OM address /127.0.0.1:15110
2023-08-31 18:19:47,278 [main] INFO  ha.OMHANodeDetails (OMHANodeDetails.java:getOMNodeDetailsForNonHA(254)) - OM Service ID is not set. Setting it to the default ID: omServiceIdDefault
2023-08-31 18:19:47,278 [main] INFO  ha.OMHANodeDetails (OMHANodeDetails.java:getOMNodeDetailsForNonHA(261)) - OM Node ID is not set. Setting it to the default ID: om1
2023-08-31 18:19:47,278 [main] WARN  server.ServerUtils (ServerUtils.java:getDBPath(311)) - ozone.om.db.dirs is not configured. We recommend adding this setting. Falling back to ozone.metadata.dirs instead.
2023-08-31 18:19:47,280 [main] INFO  upgrade.AbstractLayoutVersionManager (AbstractLayoutVersionManager.java:init(83)) - Initializing Layout version manager with metadata layout = QUOTA (version = 6), software layout = QUOTA (version = 6)
2023-08-31 18:19:47,383 [main] INFO  reflections.Reflections (Reflections.java:scan(232)) - Reflections took 102 ms to scan 2 urls, producing 187 keys and 511 values [using 2 cores]
2023-08-31 18:19:47,384 [main] INFO  upgrade.OMLayoutVersionManager (OMLayoutVersionManager.java:lambda$0(115)) - Skipping Upgrade Action QuotaRepairUpgradeAction since it has been finalized.
2023-08-31 18:19:47,384 [main] INFO  upgrade.OMLayoutVersionManager (OMLayoutVersionManager.java:lambda$0(115)) - Skipping Upgrade Action MockOmUpgradeAction since it has been finalized.
2023-08-31 18:19:47,384 [main] WARN  server.ServerUtils (ServerUtils.java:getDBPath(311)) - ozone.om.db.dirs is not configured. We recommend adding this setting. Falling back to ozone.metadata.dirs instead.
2023-08-31 18:19:47,386 [main] INFO  proxy.SCMBlockLocationFailoverProxyProvider (SCMBlockLocationFailoverProxyProvider.java:<init>(114)) - Created block location fail-over proxy with 1 nodes: [nodeId=scmNodeId,nodeAddress=/0.0.0.0:15107]
2023-08-31 18:19:47,387 [main] INFO  proxy.SCMBlockLocationFailoverProxyProvider (SCMBlockLocationFailoverProxyProvider.java:<init>(114)) - Created block location fail-over proxy with 1 nodes: [nodeId=scmNodeId,nodeAddress=/0.0.0.0:15107]
2023-08-31 18:19:47,401 [main] INFO  om.OzoneManager (OzoneManager.java:<init>(665)) - OM start with adminUsers: [runner]
2023-08-31 18:19:47,402 [main] WARN  server.ServerUtils (ServerUtils.java:getDBPath(311)) - ozone.om.db.dirs is not configured. We recommend adding this setting. Falling back to ozone.metadata.dirs instead.
2023-08-31 18:19:47,403 [main] INFO  helpers.OmKeyInfo (OmKeyInfo.java:getCodec(71)) - OmKeyInfo.getCodec ignorePipeline = true
2023-08-31 18:19:47,671 [main] INFO  om.OzoneManager (OzoneManager.java:instantiateServices(794)) - S3 Multi-Tenancy is disabled
2023-08-31 18:19:47,672 [main] INFO  om.OmSnapshotManager (OmSnapshotManager.java:<init>(174)) - Ozone filesystem snapshot feature is enabled.
2023-08-31 18:19:47,672 [main] WARN  server.ServerUtils (ServerUtils.java:getDBPath(311)) - ozone.om.snapshot.diff.db.dir is not configured. We recommend adding this setting. Falling back to ozone.metadata.dirs instead.
2023-08-31 18:19:47,711 [main] INFO  snapshot.SnapshotDiffManager (SnapshotDiffManager.java:closeExecutorService(1697)) - Shutting down executorService: 'SstDumpToolExecutor'
2023-08-31 18:19:47,713 [main] INFO  om.OzoneManager (OzoneManager.java:addS3GVolumeToDB(4301)) - Created Volume s3v With Owner runner required for S3Gateway operations.
2023-08-31 18:19:47,713 [main] WARN  server.ServerUtils (ServerUtils.java:getDefaultRatisDirectory(323)) - Storage directory for Ratis is not configured. It is a good idea to map this to an SSD disk. Falling back to ozone.metadata.dirs
2023-08-31 18:19:47,713 [main] WARN  utils.OzoneManagerRatisUtils (OzoneManagerRatisUtils.java:getOMRatisSnapshotDirectory(461)) - ozone.om.ratis.snapshot.dir is not configured. Falling back to ozone.metadata.dirs config
2023-08-31 18:19:47,714 [main] WARN  server.ServerUtils (ServerUtils.java:getDefaultRatisDirectory(323)) - Storage directory for Ratis is not configured. It is a good idea to map this to an SSD disk. Falling back to ozone.metadata.dirs
2023-08-31 18:19:47,715 [main] INFO  ratis.OzoneManagerRatisServer (OzoneManagerRatisServer.java:<init>(163)) - Instantiating OM Ratis server with groupID: omServiceIdDefault and peers: localhost:15113
2023-08-31 18:19:47,715 [main] INFO  ratis.OzoneManagerStateMachine (OzoneManagerStateMachine.java:loadSnapshotInfoFromDB(687)) - LastAppliedIndex is set from TransactionInfo from OM DB as (t:0, i:~)
2023-08-31 18:19:47,716 [main] INFO  server.RaftServer (ConfUtils.java:logGet(46)) - raft.rpc.type = GRPC (default)
2023-08-31 18:19:47,717 [main] INFO  grpc.GrpcConfigKeys (ConfUtils.java:logFallback(53)) - raft.grpc.admin.host = null (fallback to raft.grpc.server.host)
2023-08-31 18:19:47,717 [main] INFO  grpc.GrpcConfigKeys (ConfUtils.java:logFallback(53)) - raft.grpc.admin.port = 15113 (fallback to raft.grpc.server.port)
2023-08-31 18:19:47,717 [main] INFO  grpc.GrpcConfigKeys (ConfUtils.java:logFallback(53)) - raft.grpc.client.host = null (fallback to raft.grpc.server.host)
2023-08-31 18:19:47,717 [main] INFO  grpc.GrpcConfigKeys (ConfUtils.java:logFallback(53)) - raft.grpc.client.port = 15113 (fallback to raft.grpc.server.port)
2023-08-31 18:19:47,717 [main] INFO  grpc.GrpcConfigKeys (ConfUtils.java:logGet(46)) - raft.grpc.server.host = null (default)
2023-08-31 18:19:47,717 [main] INFO  grpc.GrpcConfigKeys (ConfUtils.java:logGet(46)) - raft.grpc.server.port = 15113 (custom)
2023-08-31 18:19:47,718 [main] INFO  server.GrpcService (ConfUtils.java:logGet(46)) - raft.grpc.message.size.max = 33554432 (custom)
2023-08-31 18:19:47,718 [main] INFO  server.RaftServerConfigKeys (ConfUtils.java:logGet(46)) - raft.server.log.appender.buffer.byte-limit = 33554432 (custom)
2023-08-31 18:19:47,718 [main] INFO  server.GrpcService (ConfUtils.java:logGet(46)) - raft.grpc.flow.control.window = 1MB (=1048576) (default)
2023-08-31 18:19:47,718 [main] INFO  server.RaftServerConfigKeys (ConfUtils.java:logGet(46)) - raft.server.rpc.request.timeout = 3000ms (default)
2023-08-31 18:19:47,718 [main] INFO  grpc.GrpcConfigKeys (ConfUtils.java:logGet(46)) - raft.grpc.server.heartbeat.channel = true (default)
2023-08-31 18:19:47,718 [main] INFO  grpc.GrpcConfigKeys (ConfUtils.java:logGet(46)) - raft.grpc.server.async.request.thread.pool.cached = true (default)
2023-08-31 18:19:47,718 [main] INFO  grpc.GrpcConfigKeys (ConfUtils.java:logGet(46)) - raft.grpc.server.async.request.thread.pool.size = 32 (default)
2023-08-31 18:19:47,721 [main] INFO  impl.DataStreamServerImpl (ConfUtils.java:logGet(46)) - raft.datastream.type = DISABLED (default)
2023-08-31 18:19:47,721 [main] INFO  server.RaftServerConfigKeys (ConfUtils.java:logGet(46)) - raft.server.threadpool.proxy.cached = true (default)
2023-08-31 18:19:47,721 [main] INFO  server.RaftServerConfigKeys (ConfUtils.java:logGet(46)) - raft.server.threadpool.proxy.size = 0 (default)
2023-08-31 18:19:47,721 [main] INFO  server.RaftServerConfigKeys (ConfUtils.java:logGet(46)) - raft.server.rpc.slowness.timeout = 120s (custom)
2023-08-31 18:19:47,721 [main] INFO  server.RaftServerConfigKeys (ConfUtils.java:logGet(46)) - raft.server.leaderelection.leader.step-down.wait-time = 10s (default)
2023-08-31 18:19:47,722 [main] INFO  server.RaftServerConfigKeys (ConfUtils.java:logGet(46)) - raft.server.storage.dir = [/home/runner/work/ozone/ozone/hadoop-ozone/integration-test/target/test-dir/MiniOzoneClusterImpl-03cba653-44d0-43b4-bc0f-a7205d2183ff/ozone-meta/ratis] (custom)
2023-08-31 18:19:47,722 [main] INFO  server.RaftServer (RaftServerProxy.java:addNew(98)) - om1: addNew group-C5BA1605619E:[om1|rpc:localhost:15113|priority:0|startupRole:FOLLOWER] returns group-C5BA1605619E:java.util.concurrent.CompletableFuture@4682e0cf[Not completed]
2023-08-31 18:19:47,722 [om1-groupManagement] INFO  server.RaftServer$Division (RaftServerImpl.java:<init>(198)) - om1: new RaftServerImpl for group-C5BA1605619E:[om1|rpc:localhost:15113|priority:0|startupRole:FOLLOWER] with OzoneManagerStateMachine:uninitialized
2023-08-31 18:19:47,722 [main] INFO  om.OzoneManager (OzoneManager.java:initializeRatisServer(2145)) - OzoneManager Ratis server initialized at port 15113
2023-08-31 18:19:47,722 [om1-groupManagement] INFO  server.RaftServerConfigKeys (ConfUtils.java:logGet(46)) - raft.server.rpc.timeout.min = 1s (custom)
2023-08-31 18:19:47,723 [main] INFO  om.OzoneManager (OzoneManager.java:getRpcServer(1196)) - Creating RPC Server
2023-08-31 18:19:47,723 [om1-groupManagement] INFO  server.RaftServerConfigKeys (ConfUtils.java:logGet(46)) - raft.server.rpc.timeout.max = 1200ms (custom)
2023-08-31 18:19:47,723 [om1-groupManagement] INFO  server.RaftServerConfigKeys (ConfUtils.java:logGet(46)) - raft.server.rpc.sleep.time = 25ms (default)
2023-08-31 18:19:47,723 [om1-groupManagement] INFO  server.RaftServerConfigKeys (ConfUtils.java:logGet(46)) - raft.server.rpc.slowness.timeout = 120s (custom)
2023-08-31 18:19:47,723 [om1-groupManagement] INFO  server.RaftServerConfigKeys (ConfUtils.java:logGet(46)) - raft.server.leaderelection.leader.step-down.wait-time = 10s (default)
2023-08-31 18:19:47,723 [om1-groupManagement] INFO  server.RaftServerConfigKeys (ConfUtils.java:logGet(46)) - raft.server.sleep.deviation.threshold = 300ms (default)
2023-08-31 18:19:47,723 [om1-groupManagement] INFO  server.RaftServer$Division (ServerState.java:<init>(120)) - om1@group-C5BA1605619E: ConfigurationManager, init=-1: peers:[om1|rpc:localhost:15113|priority:0|startupRole:FOLLOWER]|listeners:[], old=null, confs=<EMPTY_MAP>
2023-08-31 18:19:47,723 [om1-groupManagement] INFO  server.RaftServerConfigKeys (ConfUtils.java:logGet(46)) - raft.server.storage.dir = [/home/runner/work/ozone/ozone/hadoop-ozone/integration-test/target/test-dir/MiniOzoneClusterImpl-03cba653-44d0-43b4-bc0f-a7205d2183ff/ozone-meta/ratis] (custom)
2023-08-31 18:19:47,723 [om1-groupManagement] INFO  server.RaftServerConfigKeys (ConfUtils.java:logGet(46)) - raft.server.log.corruption.policy = EXCEPTION (default)
2023-08-31 18:19:47,724 [om1-groupManagement] INFO  server.RaftServerConfigKeys (ConfUtils.java:logGet(46)) - raft.server.storage.free-space.min = 0MB (=0) (default)
2023-08-31 18:19:47,724 [om1-groupManagement] INFO  server.RaftServerConfigKeys (ConfUtils.java:logGet(46)) - raft.server.notification.no-leader.timeout = 120s (custom)
2023-08-31 18:19:47,724 [om1-groupManagement] INFO  server.RaftServerConfigKeys (ConfUtils.java:logGet(46)) - raft.server.read.timeout = 10s (default)
2023-08-31 18:19:47,724 [om1-groupManagement] INFO  server.RaftServerConfigKeys (ConfUtils.java:logGet(46)) - raft.server.retrycache.expirytime = 300s (custom)
2023-08-31 18:19:47,724 [om1-groupManagement] INFO  server.RaftServerConfigKeys (ConfUtils.java:logGet(46)) - raft.server.retrycache.statistics.expirytime = 100μs (default)
2023-08-31 18:19:47,724 [om1-groupManagement] INFO  server.RaftServerConfigKeys (ConfUtils.java:logGet(46)) - raft.server.read.option = DEFAULT (default)
2023-08-31 18:19:47,725 [om1-groupManagement] INFO  server.RaftServerConfigKeys (ConfUtils.java:logGet(46)) - raft.server.rpc.request.timeout = 3000ms (default)
2023-08-31 18:19:47,725 [om1-groupManagement] INFO  server.RaftServerConfigKeys (ConfUtils.java:logGet(46)) - raft.server.log.appender.install.snapshot.enabled = false (custom)
2023-08-31 18:19:47,725 [om1-groupManagement] INFO  server.RaftServerConfigKeys (ConfUtils.java:logGet(46)) - raft.server.threadpool.server.cached = true (default)
2023-08-31 18:19:47,725 [om1-groupManagement] INFO  server.RaftServerConfigKeys (ConfUtils.java:logGet(46)) - raft.server.threadpool.server.size = 0 (default)
2023-08-31 18:19:47,725 [om1-groupManagement] INFO  server.RaftServerConfigKeys (ConfUtils.java:logGet(46)) - raft.server.threadpool.client.cached = true (default)
2023-08-31 18:19:47,725 [om1-groupManagement] INFO  server.RaftServerConfigKeys (ConfUtils.java:logGet(46)) - raft.server.threadpool.client.size = 0 (default)
2023-08-31 18:19:48,160 [main] INFO  reflections.Reflections (Reflections.java:scan(232)) - Reflections took 434 ms to scan 19 urls, producing 70 keys and 5672 values [using 2 cores]
2023-08-31 18:19:48,162 [main] INFO  ipc.CallQueueManager (CallQueueManager.java:<init>(90)) - Using callQueue: class java.util.concurrent.LinkedBlockingQueue, queueCapacity: 2000, scheduler: class org.apache.hadoop.ipc.DefaultRpcScheduler, ipcBackoff: false.
2023-08-31 18:19:48,162 [main] INFO  ipc.Server (Server.java:<init>(1287)) - Listener at 127.0.0.1:15110
2023-08-31 18:19:48,163 [Socket Reader #1 for port 15110] INFO  ipc.Server (Server.java:run(1323)) - Starting Socket Reader #1 for port 15110
2023-08-31 18:19:48,183 [main] INFO  impl.MetricsSystemImpl (MetricsSystemImpl.java:init(158)) - OzoneManager metrics system started (again)
2023-08-31 18:19:48,194 [main] INFO  om.OzoneManager (OzoneManager.java:start(1630)) - OzoneManager RPC server is listening at localhost/127.0.0.1:15110
2023-08-31 18:19:48,195 [main] INFO  ratis.OzoneManagerRatisServer (OzoneManagerRatisServer.java:start(558)) - Starting OzoneManagerRatisServer om1 at port 15113
2023-08-31 18:19:48,195 [om1-impl-thread1] INFO  storage.RaftStorageDirectory (RaftStorageDirectoryImpl.java:analyzeStorage(137)) - The storage directory /home/runner/work/ozone/ozone/hadoop-ozone/integration-test/target/test-dir/MiniOzoneClusterImpl-03cba653-44d0-43b4-bc0f-a7205d2183ff/ozone-meta/ratis/bf265839-605b-3f16-9796-c5ba1605619e does not exist. Creating ...
2023-08-31 18:19:48,198 [om1-impl-thread1] INFO  storage.RaftStorageDirectory (RaftStorageDirectoryImpl.java:tryLock(231)) - Lock on /home/runner/work/ozone/ozone/hadoop-ozone/integration-test/target/test-dir/MiniOzoneClusterImpl-03cba653-44d0-43b4-bc0f-a7205d2183ff/ozone-meta/ratis/bf265839-605b-3f16-9796-c5ba1605619e/in_use.lock acquired by nodename 61743@fv-az1129-899
2023-08-31 18:19:48,199 [om1-impl-thread1] INFO  storage.RaftStorage (RaftStorageImpl.java:format(96)) - Storage directory /home/runner/work/ozone/ozone/hadoop-ozone/integration-test/target/test-dir/MiniOzoneClusterImpl-03cba653-44d0-43b4-bc0f-a7205d2183ff/ozone-meta/ratis/bf265839-605b-3f16-9796-c5ba1605619e has been successfully formatted.
2023-08-31 18:19:48,200 [om1-impl-thread1] INFO  server.RaftServerConfigKeys (ConfUtils.java:logGet(46)) - raft.server.log.use.memory = false (default)
2023-08-31 18:19:48,200 [om1-impl-thread1] INFO  server.RaftServerConfigKeys (ConfUtils.java:logGet(46)) - raft.server.log.purge.gap = 1000000 (custom)
2023-08-31 18:19:48,200 [om1-impl-thread1] INFO  server.RaftServerConfigKeys (ConfUtils.java:logGet(46)) - raft.server.log.appender.buffer.byte-limit = 33554432 (custom)
2023-08-31 18:19:48,200 [om1-impl-thread1] INFO  server.RaftServerConfigKeys (ConfUtils.java:logGet(46)) - raft.server.log.statemachine.data.read.timeout = 1000ms (default)
2023-08-31 18:19:48,200 [om1-impl-thread1] INFO  server.RaftServerConfigKeys (ConfUtils.java:logGet(46)) - raft.server.log.purge.preservation.log.num = 0 (default)
2023-08-31 18:19:48,200 [om1-impl-thread1] INFO  server.RaftServerConfigKeys (ConfUtils.java:logGet(46)) - raft.server.log.segment.size.max = 4194304 (custom)
2023-08-31 18:19:48,201 [om1-impl-thread1] INFO  server.RaftServerConfigKeys (ConfUtils.java:logGet(46)) - raft.server.log.segment.cache.num.max = 2 (custom)
2023-08-31 18:19:48,201 [om1-impl-thread1] INFO  server.RaftServerConfigKeys (ConfUtils.java:logGet(46)) - raft.server.log.segment.cache.size.max = 200MB (=209715200) (default)
2023-08-31 18:19:48,201 [om1-impl-thread1] INFO  server.RaftServerConfigKeys (ConfUtils.java:logGet(46)) - raft.server.log.appender.buffer.byte-limit = 33554432 (custom)
2023-08-31 18:19:48,201 [om1-impl-thread1] INFO  segmented.SegmentedRaftLogWorker (SegmentedRaftLogWorker.java:<init>(188)) - new om1@group-C5BA1605619E-SegmentedRaftLogWorker for RaftStorageImpl:Storage Directory /home/runner/work/ozone/ozone/hadoop-ozone/integration-test/target/test-dir/MiniOzoneClusterImpl-03cba653-44d0-43b4-bc0f-a7205d2183ff/ozone-meta/ratis/bf265839-605b-3f16-9796-c5ba1605619e
2023-08-31 18:19:48,201 [om1-impl-thread1] INFO  server.RaftServerConfigKeys (ConfUtils.java:logGet(46)) - raft.server.log.queue.byte-limit = 64MB (=67108864) (default)
2023-08-31 18:19:48,201 [om1-impl-thread1] INFO  server.RaftServerConfigKeys (ConfUtils.java:logGet(46)) - raft.server.log.queue.element-limit = 4096 (default)
2023-08-31 18:19:48,201 [om1-impl-thread1] INFO  server.RaftServerConfigKeys (ConfUtils.java:logGet(46)) - raft.server.log.segment.size.max = 4194304 (custom)
2023-08-31 18:19:48,201 [om1-impl-thread1] INFO  server.RaftServerConfigKeys (ConfUtils.java:logGet(46)) - raft.server.log.preallocated.size = 4194304 (custom)
2023-08-31 18:19:48,201 [om1-impl-thread1] INFO  server.RaftServerConfigKeys (ConfUtils.java:logGet(46)) - raft.server.log.force.sync.num = 128 (default)
2023-08-31 18:19:48,201 [om1-impl-thread1] INFO  server.RaftServerConfigKeys (ConfUtils.java:logGet(46)) - raft.server.log.statemachine.data.sync = true (default)
2023-08-31 18:19:48,201 [om1-impl-thread1] INFO  server.RaftServerConfigKeys (ConfUtils.java:logGet(46)) - raft.server.log.statemachine.data.sync.timeout = 10s (default)
2023-08-31 18:19:48,201 [om1-impl-thread1] INFO  server.RaftServerConfigKeys (ConfUtils.java:logGet(46)) - raft.server.log.statemachine.data.sync.timeout.retry = -1 (default)
2023-08-31 18:19:48,202 [om1-impl-thread1] INFO  server.RaftServerConfigKeys (ConfUtils.java:logGet(46)) - raft.server.log.write.buffer.size = 64KB (=65536) (default)
2023-08-31 18:19:48,202 [om1-impl-thread1] INFO  server.RaftServerConfigKeys (ConfUtils.java:logGet(46)) - raft.server.log.appender.buffer.byte-limit = 33554432 (custom)
2023-08-31 18:19:48,208 [om1-impl-thread1] INFO  server.RaftServerConfigKeys (ConfUtils.java:logGet(46)) - raft.server.log.unsafe-flush.enabled = false (default)
2023-08-31 18:19:48,208 [om1-impl-thread1] INFO  server.RaftServerConfigKeys (ConfUtils.java:logGet(46)) - raft.server.log.async-flush.enabled = false (default)
2023-08-31 18:19:48,208 [om1-impl-thread1] INFO  server.RaftServerConfigKeys (ConfUtils.java:logGet(46)) - raft.server.log.statemachine.data.caching.enabled = false (default)
2023-08-31 18:19:48,208 [om1-impl-thread1] INFO  segmented.SegmentedRaftLogWorker (SegmentedRaftLogWorker.java:lambda$new$0(135)) - om1@group-C5BA1605619E-SegmentedRaftLogWorker: flushIndex: setUnconditionally 0 -> -1
2023-08-31 18:19:48,208 [om1-impl-thread1] INFO  segmented.SegmentedRaftLogWorker (SegmentedRaftLogWorker.java:lambda$new$0(135)) - om1@group-C5BA1605619E-SegmentedRaftLogWorker: safeCacheEvictIndex: setUnconditionally 0 -> -1
2023-08-31 18:19:48,209 [om1-impl-thread1] INFO  server.RaftServer$Division (RaftServerImpl.java:start(342)) - om1@group-C5BA1605619E: start as a follower, conf=-1: peers:[om1|rpc:localhost:15113|priority:0|startupRole:FOLLOWER]|listeners:[], old=null
2023-08-31 18:19:48,209 [om1-impl-thread1] INFO  server.RaftServer$Division (RaftServerImpl.java:setRole(329)) - om1@group-C5BA1605619E: changes role from      null to FOLLOWER at term 0 for startAsFollower
2023-08-31 18:19:48,209 [om1-impl-thread1] INFO  impl.RoleInfo (RoleInfo.java:updateAndGet(139)) - om1: start om1@group-C5BA1605619E-FollowerState
2023-08-31 18:19:48,209 [om1-impl-thread1] INFO  util.JmxRegister (JmxRegister.java:tryRegister(44)) - Successfully registered JMX Bean with object name Ratis:service=RaftServer,group=group-C5BA1605619E,id=om1
2023-08-31 18:19:48,209 [om1@group-C5BA1605619E-FollowerState] INFO  server.RaftServerConfigKeys (ConfUtils.java:logFallback(53)) - raft.server.rpc.first-election.timeout.min = 1s (fallback to raft.server.rpc.timeout.min)
2023-08-31 18:19:48,209 [om1-impl-thread1] INFO  server.RaftServerConfigKeys (ConfUtils.java:logGet(46)) - raft.server.snapshot.auto.trigger.enabled = true (custom)
2023-08-31 18:19:48,210 [om1@group-C5BA1605619E-FollowerState] INFO  server.RaftServerConfigKeys (ConfUtils.java:logFallback(53)) - raft.server.rpc.first-election.timeout.max = 1200ms (fallback to raft.server.rpc.timeout.max)
2023-08-31 18:19:48,210 [om1-impl-thread1] INFO  server.RaftServerConfigKeys (ConfUtils.java:logGet(46)) - raft.server.snapshot.auto.trigger.threshold = 400000 (default)
2023-08-31 18:19:48,210 [om1-impl-thread1] INFO  server.RaftServerConfigKeys (ConfUtils.java:logGet(46)) - raft.server.snapshot.retention.file.num = -1 (default)
2023-08-31 18:19:48,210 [om1-impl-thread1] INFO  server.RaftServerConfigKeys (ConfUtils.java:logGet(46)) - raft.server.log.purge.upto.snapshot.index = true (custom)
2023-08-31 18:19:48,210 [main] INFO  server.RaftServer (RaftServerProxy.java:startImpl(400)) - om1: start RPC server
2023-08-31 18:19:48,217 [main] INFO  server.GrpcService (GrpcService.java:startImpl(302)) - om1: GrpcService started, listening on 15113
2023-08-31 18:19:48,223 [JvmPauseMonitor15] INFO  util.JvmPauseMonitor (JvmPauseMonitor.java:run(103)) - JvmPauseMonitor-om1: Started
2023-08-31 18:19:48,223 [main] INFO  om.OzoneManager (OzoneManager.java:start(1646)) - Version File has different layout version (6) than OM DB (null). That is expected if this OM has never been finalized to a newer layout version.
2023-08-31 18:19:48,228 [main] INFO  http.BaseHttpServer (BaseHttpServer.java:newHttpServer2BuilderForOzone(223)) - Starting Web-server for ozoneManager at: http://0.0.0.0:15111
2023-08-31 18:19:48,228 [main] INFO  http.BaseHttpServer (BaseHttpServer.java:<init>(110)) - Hadoop Security Enabled: false Ozone Security Enabled: false Ozone HTTP Security Enabled: false 
2023-08-31 18:19:48,233 [main] WARN  server.AuthenticationFilter (AuthenticationFilter.java:constructSecretProvider(240)) - Unable to initialize FileSignerSecretProvider, falling back to use random secrets. Reason: Could not read signature secret file: /home/runner/hadoop-http-auth-signature-secret
2023-08-31 18:19:48,235 [main] INFO  http.HttpRequestLog (HttpRequestLog.java:getRequestLog(86)) - Http request log for http.requests.ozoneManager is not defined
2023-08-31 18:19:48,236 [main] INFO  http.HttpServer2 (HttpServer2.java:addGlobalFilter(1031)) - Added global filter 'safety' (class=org.apache.hadoop.hdds.server.http.HttpServer2$QuotingInputFilter)
2023-08-31 18:19:48,237 [main] INFO  http.HttpServer2 (HttpServer2.java:addFilter(1007)) - Added filter static_user_filter (class=org.apache.hadoop.http.lib.StaticUserWebFilter$StaticUserFilter) to context ozoneManager
2023-08-31 18:19:48,237 [main] INFO  http.HttpServer2 (HttpServer2.java:addFilter(1015)) - Added filter static_user_filter (class=org.apache.hadoop.http.lib.StaticUserWebFilter$StaticUserFilter) to context static
2023-08-31 18:19:48,238 [main] INFO  http.HttpServer2 (HttpServer2.java:addFilter(1015)) - Added filter static_user_filter (class=org.apache.hadoop.http.lib.StaticUserWebFilter$StaticUserFilter) to context logs
2023-08-31 18:19:48,238 [main] INFO  http.BaseHttpServer (BaseHttpServer.java:<init>(189)) - HTTP server of ozoneManager uses base directory /home/runner/work/ozone/ozone/hadoop-ozone/integration-test/target/test-dir/MiniOzoneClusterImpl-03cba653-44d0-43b4-bc0f-a7205d2183ff/ozone-meta/webserver
2023-08-31 18:19:48,239 [main] INFO  http.HttpServer2 (HttpServer2.java:bindListener(1231)) - Jetty bound to port 15111
2023-08-31 18:19:48,239 [main] INFO  server.Server (Server.java:doStart(375)) - jetty-9.4.51.v20230217; built: 2023-02-17T08:19:37.309Z; git: b45c405e4544384de066f814ed42ae3dceacdd49; jvm 1.8.0_382-b05
2023-08-31 18:19:48,241 [main] INFO  server.session (DefaultSessionIdManager.java:doStart(334)) - DefaultSessionIdManager workerName=node0
2023-08-31 18:19:48,241 [main] INFO  server.session (DefaultSessionIdManager.java:doStart(339)) - No SessionScavenger set, using defaults
2023-08-31 18:19:48,241 [main] INFO  server.session (HouseKeeper.java:startScavenging(132)) - node0 Scavenging every 600000ms
2023-08-31 18:19:48,243 [main] INFO  handler.ContextHandler (ContextHandler.java:doStart(921)) - Started o.e.j.s.ServletContextHandler@5c86ddf1{logs,/logs,file:///home/runner/work/ozone/ozone/hadoop-ozone/integration-test/target/log,AVAILABLE}
2023-08-31 18:19:48,243 [main] INFO  handler.ContextHandler (ContextHandler.java:doStart(921)) - Started o.e.j.s.ServletContextHandler@443adbb9{static,/static,file:///home/runner/work/ozone/ozone/hadoop-ozone/integration-test/target/test-classes/webapps/static,AVAILABLE}
2023-08-31 18:19:48,256 [main] INFO  handler.ContextHandler (ContextHandler.java:doStart(921)) - Started o.e.j.w.WebAppContext@7e585b7a{ozoneManager,/,file:///home/runner/work/ozone/ozone/hadoop-ozone/integration-test/target/test-classes/webapps/ozoneManager/,AVAILABLE}{file:/home/runner/work/ozone/ozone/hadoop-ozone/integration-test/target/test-classes/webapps/ozoneManager}
2023-08-31 18:19:48,257 [main] INFO  server.AbstractConnector (AbstractConnector.java:doStart(333)) - Started ServerConnector@4982649c{HTTP/1.1, (http/1.1)}{0.0.0.0:15111}
2023-08-31 18:19:48,257 [main] INFO  server.Server (Server.java:doStart(415)) - Started @199581ms
2023-08-31 18:19:48,257 [main] WARN  impl.MetricsSystemImpl (MetricsSystemImpl.java:register(279)) - Sink prometheus already exists!
2023-08-31 18:19:48,258 [main] INFO  http.BaseHttpServer (BaseHttpServer.java:updateConnectorAddress(354)) - HTTP server of ozoneManager listening at http://0.0.0.0:15111
2023-08-31 18:19:48,258 [IPC Server Responder] INFO  ipc.Server (Server.java:run(1562)) - IPC Server Responder: starting
2023-08-31 18:19:48,260 [IPC Server listener on 15110] INFO  ipc.Server (Server.java:run(1402)) - IPC Server listener on 15110: starting
2023-08-31 18:19:48,263 [main] INFO  om.TrashPolicyOzone (TrashPolicyOzone.java:<init>(277)) - Ozone Manager trash configuration: Deletion interval = 0 minutes, Emptier interval = 0 minutes.
2023-08-31 18:19:48,296 [main] WARN  impl.MetricRegistriesImpl (MetricRegistriesImpl.java:addReporterRegistration(111)) - New reporters are added after registries were created. Some metrics will be missing from the reporter. Please add reporter before adding any new registry.
2023-08-31 18:19:48,298 [main] WARN  impl.MetricRegistriesImpl (MetricRegistriesImpl.java:addReporterRegistration(111)) - New reporters are added after registries were created. Some metrics will be missing from the reporter. Please add reporter before adding any new registry.
2023-08-31 18:19:48,298 [main] INFO  impl.MetricsSystemImpl (MetricsSystemImpl.java:init(158)) - HddsDatanode metrics system started (again)
2023-08-31 18:19:48,312 [main] INFO  ozone.HddsDatanodeService (HddsDatanodeService.java:start(237)) - HddsDatanodeService host:fv-az1129-899 ip:10.1.0.8
2023-08-31 18:19:48,348 [main] INFO  upgrade.AbstractLayoutVersionManager (AbstractLayoutVersionManager.java:init(83)) - Initializing Layout version manager with metadata layout = HADOOP_PRC_PORTS_IN_DATANODEDETAILS (version = 7), software layout = HADOOP_PRC_PORTS_IN_DATANODEDETAILS (version = 7)
2023-08-31 18:19:48,348 [main] INFO  statemachine.DatanodeStateMachine (DatanodeStateMachine.java:getEndPointTaskThreadPoolSize(282)) - Datanode State Machine Task Thread Pool size 2
2023-08-31 18:19:48,350 [main] INFO  volume.HddsVolume (HddsVolume.java:<init>(126)) - Creating HddsVolume: /home/runner/work/ozone/ozone/hadoop-ozone/integration-test/target/test-dir/MiniOzoneClusterImpl-03cba653-44d0-43b4-bc0f-a7205d2183ff/datanode-0/data-0/containers/hdds of storage type : DISK capacity : 9223372036854775807
2023-08-31 18:19:48,350 [main] INFO  volume.MutableVolumeSet (MutableVolumeSet.java:initializeVolumeSet(173)) - Added Volume : /home/runner/work/ozone/ozone/hadoop-ozone/integration-test/target/test-dir/MiniOzoneClusterImpl-03cba653-44d0-43b4-bc0f-a7205d2183ff/datanode-0/data-0/containers/hdds to VolumeSet
2023-08-31 18:19:48,351 [main] INFO  volume.MutableVolumeSet (MutableVolumeSet.java:initializeVolumeSet(173)) - Added Volume : /home/runner/work/ozone/ozone/hadoop-ozone/integration-test/target/test-dir/MiniOzoneClusterImpl-03cba653-44d0-43b4-bc0f-a7205d2183ff/datanode-0/data/ratis to VolumeSet
2023-08-31 18:19:48,354 [Thread-1327] INFO  ozoneimpl.ContainerReader (ContainerReader.java:readVolume(177)) - Finish verifying containers on volume /home/runner/work/ozone/ozone/hadoop-ozone/integration-test/target/test-dir/MiniOzoneClusterImpl-03cba653-44d0-43b4-bc0f-a7205d2183ff/datanode-0/data-0/containers/hdds
2023-08-31 18:19:48,354 [main] INFO  ozoneimpl.OzoneContainer (OzoneContainer.java:buildContainerSet(314)) - Build ContainerSet costs 0s
2023-08-31 18:19:48,359 [main] INFO  server.RaftServer (ConfUtils.java:logGet(46)) - raft.rpc.type = GRPC (default)
2023-08-31 18:19:48,359 [main] INFO  grpc.GrpcConfigKeys (ConfUtils.java:logFallback(53)) - raft.grpc.admin.host = null (fallback to raft.grpc.server.host)
2023-08-31 18:19:48,359 [main] INFO  grpc.GrpcConfigKeys (ConfUtils.java:logGet(46)) - raft.grpc.admin.port = 15119 (custom)
2023-08-31 18:19:48,359 [main] INFO  grpc.GrpcConfigKeys (ConfUtils.java:logFallback(53)) - raft.grpc.client.host = null (fallback to raft.grpc.server.host)
2023-08-31 18:19:48,360 [main] INFO  grpc.GrpcConfigKeys (ConfUtils.java:logGet(46)) - raft.grpc.client.port = 15118 (custom)
2023-08-31 18:19:48,360 [main] INFO  grpc.GrpcConfigKeys (ConfUtils.java:logGet(46)) - raft.grpc.server.host = null (default)
2023-08-31 18:19:48,360 [main] INFO  grpc.GrpcConfigKeys (ConfUtils.java:logGet(46)) - raft.grpc.server.port = 15120 (custom)
2023-08-31 18:19:48,360 [main] INFO  server.GrpcService (ConfUtils.java:logGet(46)) - raft.grpc.message.size.max = 32MB (=33554432) (custom)
2023-08-31 18:19:48,360 [main] INFO  server.RaftServerConfigKeys (ConfUtils.java:logGet(46)) - raft.server.log.appender.buffer.byte-limit = 33554432 (custom)
2023-08-31 18:19:48,360 [main] INFO  server.GrpcService (ConfUtils.java:logGet(46)) - raft.grpc.flow.control.window = 5MB (=5242880) (custom)
2023-08-31 18:19:48,360 [main] INFO  server.RaftServerConfigKeys (ConfUtils.java:logGet(46)) - raft.server.rpc.request.timeout = 60s (custom)
2023-08-31 18:19:48,361 [main] INFO  grpc.GrpcConfigKeys (ConfUtils.java:logGet(46)) - raft.grpc.server.heartbeat.channel = true (default)
2023-08-31 18:19:48,361 [main] INFO  grpc.GrpcConfigKeys (ConfUtils.java:logGet(46)) - raft.grpc.server.async.request.thread.pool.cached = true (default)
2023-08-31 18:19:48,361 [main] INFO  grpc.GrpcConfigKeys (ConfUtils.java:logGet(46)) - raft.grpc.server.async.request.thread.pool.size = 32 (default)
2023-08-31 18:19:48,364 [main] INFO  impl.DataStreamServerImpl (ConfUtils.java:logGet(46)) - raft.datastream.type = NETTY (custom)
2023-08-31 18:19:48,364 [main] INFO  server.RaftServerConfigKeys (ConfUtils.java:logGet(46)) - raft.server.data-stream.async.request.thread.pool.cached = false (default)
2023-08-31 18:19:48,364 [main] INFO  server.RaftServerConfigKeys (ConfUtils.java:logGet(46)) - raft.server.data-stream.async.request.thread.pool.size = 20 (custom)
2023-08-31 18:19:48,365 [main] INFO  server.RaftServerConfigKeys (ConfUtils.java:logGet(46)) - raft.server.data-stream.async.write.thread.pool.size = 16 (default)
2023-08-31 18:19:48,365 [main] INFO  server.RaftServerConfigKeys (ConfUtils.java:logGet(46)) - raft.server.data-stream.client.pool.size = 10 (default)
2023-08-31 18:19:48,365 [main] INFO  netty.NettyConfigKeys$DataStream (ConfUtils.java:logGet(46)) - raft.netty.dataStream.server.use-epoll = false (default)
2023-08-31 18:19:48,365 [main] INFO  netty.NettyConfigKeys$DataStream (ConfUtils.java:logGet(46)) - raft.netty.dataStream.server.boss-group.size = 0 (default)
2023-08-31 18:19:48,366 [main] INFO  netty.NettyConfigKeys$DataStream (ConfUtils.java:logGet(46)) - raft.netty.dataStream.server.worker-group.size = 0 (default)
2023-08-31 18:19:48,366 [main] INFO  netty.NettyConfigKeys$DataStream (ConfUtils.java:logGet(46)) - raft.netty.dataStream.server.tls.conf = null (default)
2023-08-31 18:19:48,367 [main] INFO  netty.NettyConfigKeys$DataStream (ConfUtils.java:logGet(46)) - raft.netty.dataStream.host = null (default)
2023-08-31 18:19:48,367 [main] INFO  netty.NettyConfigKeys$DataStream (ConfUtils.java:logGet(46)) - raft.netty.dataStream.port = 15121 (custom)
2023-08-31 18:19:48,368 [main] INFO  server.RaftServerConfigKeys (ConfUtils.java:logGet(46)) - raft.server.threadpool.proxy.cached = true (default)
2023-08-31 18:19:48,368 [main] INFO  server.RaftServerConfigKeys (ConfUtils.java:logGet(46)) - raft.server.threadpool.proxy.size = 0 (default)
2023-08-31 18:19:48,368 [main] INFO  server.RaftServerConfigKeys (ConfUtils.java:logGet(46)) - raft.server.rpc.slowness.timeout = 300s (custom)
2023-08-31 18:19:48,368 [main] INFO  server.RaftServerConfigKeys (ConfUtils.java:logGet(46)) - raft.server.leaderelection.leader.step-down.wait-time = 10s (default)
2023-08-31 18:19:48,368 [main] INFO  server.RaftServerConfigKeys (ConfUtils.java:logGet(46)) - raft.server.storage.dir = [/home/runner/work/ozone/ozone/hadoop-ozone/integration-test/target/test-dir/MiniOzoneClusterImpl-03cba653-44d0-43b4-bc0f-a7205d2183ff/datanode-0/data/ratis] (custom)
2023-08-31 18:19:48,371 [cea0c109-6e95-4b2c-982c-0dc77a608767-NettyServerStreamRpc-bossGroup--thread1] INFO  logging.LoggingHandler (AbstractInternalLogger.java:log(148)) - [id: 0xc04ec538] REGISTERED
2023-08-31 18:19:48,371 [cea0c109-6e95-4b2c-982c-0dc77a608767-NettyServerStreamRpc-bossGroup--thread1] INFO  logging.LoggingHandler (AbstractInternalLogger.java:log(148)) - [id: 0xc04ec538] BIND: 0.0.0.0/0.0.0.0:15121
2023-08-31 18:19:48,371 [cea0c109-6e95-4b2c-982c-0dc77a608767-NettyServerStreamRpc-bossGroup--thread1] INFO  logging.LoggingHandler (AbstractInternalLogger.java:log(148)) - [id: 0xc04ec538, L:/0:0:0:0:0:0:0:0:15121] ACTIVE
2023-08-31 18:19:48,371 [cea0c109-6e95-4b2c-982c-0dc77a608767-impl-thread1] INFO  server.RaftServer (RaftServerProxy.java:initGroupDir(258)) - cea0c109-6e95-4b2c-982c-0dc77a608767: found a subdirectory /home/runner/work/ozone/ozone/hadoop-ozone/integration-test/target/test-dir/MiniOzoneClusterImpl-03cba653-44d0-43b4-bc0f-a7205d2183ff/datanode-0/data/ratis/tmp
2023-08-31 18:19:48,371 [cea0c109-6e95-4b2c-982c-0dc77a608767-impl-thread1] INFO  server.RaftServer (RaftServerProxy.java:initGroupDir(263)) - cea0c109-6e95-4b2c-982c-0dc77a608767: The directory /home/runner/work/ozone/ozone/hadoop-ozone/integration-test/target/test-dir/MiniOzoneClusterImpl-03cba653-44d0-43b4-bc0f-a7205d2183ff/datanode-0/data/ratis/tmp is not a group directory; ignoring it. 
2023-08-31 18:19:48,372 [main] INFO  replication.ReplicationServer (ReplicationServer.java:<init>(81)) - Initializing replication server with thread count = 10
2023-08-31 18:19:48,373 [main] INFO  server.XceiverServerGrpc (XceiverServerGrpc.java:<init>(132)) - GrpcServer channel type EpollServerSocketChannel
2023-08-31 18:19:48,375 [main] INFO  replication.ReplicationSupervisor (ReplicationSupervisor.java:build(155)) - Initializing replication supervisor with thread count = 10
2023-08-31 18:19:48,375 [main] INFO  replication.ReplicationSupervisor (ReplicationSupervisor.java:nodeStateUpdated(307)) - Node state updated to IN_SERVICE, scaling executor pool size to 10
2023-08-31 18:19:48,377 [main] INFO  http.BaseHttpServer (BaseHttpServer.java:newHttpServer2BuilderForOzone(223)) - Starting Web-server for hddsDatanode at: http://0.0.0.0:15115
2023-08-31 18:19:48,378 [main] INFO  http.BaseHttpServer (BaseHttpServer.java:<init>(110)) - Hadoop Security Enabled: false Ozone Security Enabled: false Ozone HTTP Security Enabled: false 
2023-08-31 18:19:48,379 [main] WARN  server.AuthenticationFilter (AuthenticationFilter.java:constructSecretProvider(240)) - Unable to initialize FileSignerSecretProvider, falling back to use random secrets. Reason: Could not read signature secret file: /home/runner/hadoop-http-auth-signature-secret
2023-08-31 18:19:48,380 [main] INFO  http.HttpRequestLog (HttpRequestLog.java:getRequestLog(86)) - Http request log for http.requests.hddsDatanode is not defined
2023-08-31 18:19:48,382 [main] INFO  http.HttpServer2 (HttpServer2.java:addGlobalFilter(1031)) - Added global filter 'safety' (class=org.apache.hadoop.hdds.server.http.HttpServer2$QuotingInputFilter)
2023-08-31 18:19:48,383 [main] INFO  http.HttpServer2 (HttpServer2.java:addFilter(1007)) - Added filter static_user_filter (class=org.apache.hadoop.http.lib.StaticUserWebFilter$StaticUserFilter) to context hddsDatanode
2023-08-31 18:19:48,383 [main] INFO  http.HttpServer2 (HttpServer2.java:addFilter(1015)) - Added filter static_user_filter (class=org.apache.hadoop.http.lib.StaticUserWebFilter$StaticUserFilter) to context static
2023-08-31 18:19:48,383 [main] INFO  http.HttpServer2 (HttpServer2.java:addFilter(1015)) - Added filter static_user_filter (class=org.apache.hadoop.http.lib.StaticUserWebFilter$StaticUserFilter) to context logs
2023-08-31 18:19:48,384 [main] INFO  http.BaseHttpServer (BaseHttpServer.java:<init>(189)) - HTTP server of hddsDatanode uses base directory /home/runner/work/ozone/ozone/hadoop-ozone/integration-test/target/test-dir/MiniOzoneClusterImpl-03cba653-44d0-43b4-bc0f-a7205d2183ff/datanode-0/meta/webserver
2023-08-31 18:19:48,384 [main] INFO  http.HttpServer2 (HttpServer2.java:bindListener(1231)) - Jetty bound to port 15115
2023-08-31 18:19:48,386 [main] INFO  server.Server (Server.java:doStart(375)) - jetty-9.4.51.v20230217; built: 2023-02-17T08:19:37.309Z; git: b45c405e4544384de066f814ed42ae3dceacdd49; jvm 1.8.0_382-b05
2023-08-31 18:19:48,394 [main] INFO  server.session (DefaultSessionIdManager.java:doStart(334)) - DefaultSessionIdManager workerName=node0
2023-08-31 18:19:48,394 [main] INFO  server.session (DefaultSessionIdManager.java:doStart(339)) - No SessionScavenger set, using defaults
2023-08-31 18:19:48,394 [main] INFO  server.session (HouseKeeper.java:startScavenging(132)) - node0 Scavenging every 660000ms
2023-08-31 18:19:48,396 [main] INFO  handler.ContextHandler (ContextHandler.java:doStart(921)) - Started o.e.j.s.ServletContextHandler@25c6abfa{logs,/logs,file:///home/runner/work/ozone/ozone/hadoop-ozone/integration-test/target/log,AVAILABLE}
2023-08-31 18:19:48,396 [main] INFO  handler.ContextHandler (ContextHandler.java:doStart(921)) - Started o.e.j.s.ServletContextHandler@35d43d72{static,/static,jar:file:/home/runner/.m2/repository/org/apache/ozone/hdds-container-service/1.4.0-SNAPSHOT/hdds-container-service-1.4.0-SNAPSHOT.jar!/webapps/static,AVAILABLE}
2023-08-31 18:19:48,648 [main] INFO  handler.ContextHandler (ContextHandler.java:doStart(921)) - Started o.e.j.w.WebAppContext@7460e9c9{hddsDatanode,/,file:///home/runner/work/ozone/ozone/hadoop-ozone/integration-test/target/test-dir/MiniOzoneClusterImpl-03cba653-44d0-43b4-bc0f-a7205d2183ff/datanode-0/meta/webserver/jetty-0_0_0_0-15115-hdds-container-service-1_4_0-SNAPSHOT_jar-_-any-7755297950211094586/webapp/,AVAILABLE}{jar:file:/home/runner/.m2/repository/org/apache/ozone/hdds-container-service/1.4.0-SNAPSHOT/hdds-container-service-1.4.0-SNAPSHOT.jar!/webapps/hddsDatanode}
2023-08-31 18:19:48,649 [main] INFO  server.AbstractConnector (AbstractConnector.java:doStart(333)) - Started ServerConnector@3022a40e{HTTP/1.1, (http/1.1)}{0.0.0.0:15115}
2023-08-31 18:19:48,650 [main] INFO  server.Server (Server.java:doStart(415)) - Started @199974ms
2023-08-31 18:19:48,650 [main] WARN  impl.MetricsSystemImpl (MetricsSystemImpl.java:register(279)) - Sink prometheus already exists!
2023-08-31 18:19:48,651 [main] INFO  http.BaseHttpServer (BaseHttpServer.java:updateConnectorAddress(354)) - HTTP server of hddsDatanode listening at http://0.0.0.0:15115
2023-08-31 18:19:48,651 [main] INFO  ipc.CallQueueManager (CallQueueManager.java:<init>(90)) - Using callQueue: class java.util.concurrent.LinkedBlockingQueue, queueCapacity: 100, scheduler: class org.apache.hadoop.ipc.DefaultRpcScheduler, ipcBackoff: false.
2023-08-31 18:19:48,651 [main] INFO  ipc.Server (Server.java:<init>(1287)) - Listener at 0.0.0.0:15116
2023-08-31 18:19:48,652 [Socket Reader #1 for port 15116] INFO  ipc.Server (Server.java:run(1323)) - Starting Socket Reader #1 for port 15116
2023-08-31 18:19:48,658 [main] INFO  ozone.HddsDatanodeService (HddsDatanodeService.java:start(315)) - Datanode start with admins: [runner]
2023-08-31 18:19:48,658 [main] INFO  ozone.HddsDatanodeClientProtocolServer (HddsDatanodeClientProtocolServer.java:start(72)) - RPC server for Client /0.0.0.0:15116
2023-08-31 18:19:48,658 [IPC Server Responder] INFO  ipc.Server (Server.java:run(1562)) - IPC Server Responder: starting
2023-08-31 18:19:48,660 [Datanode State Machine Daemon Thread] INFO  statemachine.DatanodeStateMachine (DatanodeStateMachine.java:lambda$startDaemon$0(538)) - Ozone container server started.
2023-08-31 18:19:48,662 [IPC Server listener on 15116] INFO  ipc.Server (Server.java:run(1402)) - IPC Server listener on 15116: starting
2023-08-31 18:19:48,662 [main] WARN  impl.MetricRegistriesImpl (MetricRegistriesImpl.java:addReporterRegistration(111)) - New reporters are added after registries were created. Some metrics will be missing from the reporter. Please add reporter before adding any new registry.
2023-08-31 18:19:48,664 [main] WARN  impl.MetricRegistriesImpl (MetricRegistriesImpl.java:addReporterRegistration(111)) - New reporters are added after registries were created. Some metrics will be missing from the reporter. Please add reporter before adding any new registry.
2023-08-31 18:19:48,664 [main] INFO  impl.MetricsSystemImpl (MetricsSystemImpl.java:init(158)) - HddsDatanode metrics system started (again)
2023-08-31 18:19:48,673 [Datanode State Machine Task Thread - 0] INFO  datanode.InitDatanodeState (InitDatanodeState.java:persistContainerDatanodeDetails(138)) - DatanodeDetails is persisted to /home/runner/work/ozone/ozone/hadoop-ozone/integration-test/target/test-dir/MiniOzoneClusterImpl-03cba653-44d0-43b4-bc0f-a7205d2183ff/datanode-0/meta/datanode.id
2023-08-31 18:19:48,678 [main] INFO  ozone.HddsDatanodeService (HddsDatanodeService.java:start(237)) - HddsDatanodeService host:fv-az1129-899 ip:10.1.0.8
2023-08-31 18:19:48,712 [main] INFO  upgrade.AbstractLayoutVersionManager (AbstractLayoutVersionManager.java:init(83)) - Initializing Layout version manager with metadata layout = HADOOP_PRC_PORTS_IN_DATANODEDETAILS (version = 7), software layout = HADOOP_PRC_PORTS_IN_DATANODEDETAILS (version = 7)
2023-08-31 18:19:48,712 [main] INFO  statemachine.DatanodeStateMachine (DatanodeStateMachine.java:getEndPointTaskThreadPoolSize(282)) - Datanode State Machine Task Thread Pool size 2
2023-08-31 18:19:48,714 [main] INFO  volume.HddsVolume (HddsVolume.java:<init>(126)) - Creating HddsVolume: /home/runner/work/ozone/ozone/hadoop-ozone/integration-test/target/test-dir/MiniOzoneClusterImpl-03cba653-44d0-43b4-bc0f-a7205d2183ff/datanode-1/data-0/containers/hdds of storage type : DISK capacity : 9223372036854775807
2023-08-31 18:19:48,714 [main] INFO  volume.MutableVolumeSet (MutableVolumeSet.java:initializeVolumeSet(173)) - Added Volume : /home/runner/work/ozone/ozone/hadoop-ozone/integration-test/target/test-dir/MiniOzoneClusterImpl-03cba653-44d0-43b4-bc0f-a7205d2183ff/datanode-1/data-0/containers/hdds to VolumeSet
2023-08-31 18:19:48,715 [main] INFO  volume.MutableVolumeSet (MutableVolumeSet.java:initializeVolumeSet(173)) - Added Volume : /home/runner/work/ozone/ozone/hadoop-ozone/integration-test/target/test-dir/MiniOzoneClusterImpl-03cba653-44d0-43b4-bc0f-a7205d2183ff/datanode-1/data/ratis to VolumeSet
2023-08-31 18:19:48,716 [Thread-1344] INFO  ozoneimpl.ContainerReader (ContainerReader.java:readVolume(177)) - Finish verifying containers on volume /home/runner/work/ozone/ozone/hadoop-ozone/integration-test/target/test-dir/MiniOzoneClusterImpl-03cba653-44d0-43b4-bc0f-a7205d2183ff/datanode-1/data-0/containers/hdds
2023-08-31 18:19:48,716 [main] INFO  ozoneimpl.OzoneContainer (OzoneContainer.java:buildContainerSet(314)) - Build ContainerSet costs 0s
2023-08-31 18:19:48,718 [main] INFO  server.RaftServer (ConfUtils.java:logGet(46)) - raft.rpc.type = GRPC (default)
2023-08-31 18:19:48,719 [main] INFO  grpc.GrpcConfigKeys (ConfUtils.java:logFallback(53)) - raft.grpc.admin.host = null (fallback to raft.grpc.server.host)
2023-08-31 18:19:48,719 [main] INFO  grpc.GrpcConfigKeys (ConfUtils.java:logGet(46)) - raft.grpc.admin.port = 15128 (custom)
2023-08-31 18:19:48,719 [main] INFO  grpc.GrpcConfigKeys (ConfUtils.java:logFallback(53)) - raft.grpc.client.host = null (fallback to raft.grpc.server.host)
2023-08-31 18:19:48,719 [main] INFO  grpc.GrpcConfigKeys (ConfUtils.java:logGet(46)) - raft.grpc.client.port = 15127 (custom)
2023-08-31 18:19:48,719 [main] INFO  grpc.GrpcConfigKeys (ConfUtils.java:logGet(46)) - raft.grpc.server.host = null (default)
2023-08-31 18:19:48,720 [main] INFO  grpc.GrpcConfigKeys (ConfUtils.java:logGet(46)) - raft.grpc.server.port = 15129 (custom)
2023-08-31 18:19:48,720 [main] INFO  server.GrpcService (ConfUtils.java:logGet(46)) - raft.grpc.message.size.max = 32MB (=33554432) (custom)
2023-08-31 18:19:48,720 [main] INFO  server.RaftServerConfigKeys (ConfUtils.java:logGet(46)) - raft.server.log.appender.buffer.byte-limit = 33554432 (custom)
2023-08-31 18:19:48,720 [main] INFO  server.GrpcService (ConfUtils.java:logGet(46)) - raft.grpc.flow.control.window = 5MB (=5242880) (custom)
2023-08-31 18:19:48,720 [main] INFO  server.RaftServerConfigKeys (ConfUtils.java:logGet(46)) - raft.server.rpc.request.timeout = 60s (custom)
2023-08-31 18:19:48,721 [main] INFO  grpc.GrpcConfigKeys (ConfUtils.java:logGet(46)) - raft.grpc.server.heartbeat.channel = true (default)
2023-08-31 18:19:48,721 [main] INFO  grpc.GrpcConfigKeys (ConfUtils.java:logGet(46)) - raft.grpc.server.async.request.thread.pool.cached = true (default)
2023-08-31 18:19:48,721 [main] INFO  grpc.GrpcConfigKeys (ConfUtils.java:logGet(46)) - raft.grpc.server.async.request.thread.pool.size = 32 (default)
2023-08-31 18:19:48,724 [main] INFO  impl.DataStreamServerImpl (ConfUtils.java:logGet(46)) - raft.datastream.type = NETTY (custom)
2023-08-31 18:19:48,724 [main] INFO  server.RaftServerConfigKeys (ConfUtils.java:logGet(46)) - raft.server.data-stream.async.request.thread.pool.cached = false (default)
2023-08-31 18:19:48,724 [main] INFO  server.RaftServerConfigKeys (ConfUtils.java:logGet(46)) - raft.server.data-stream.async.request.thread.pool.size = 20 (custom)
2023-08-31 18:19:48,725 [main] INFO  server.RaftServerConfigKeys (ConfUtils.java:logGet(46)) - raft.server.data-stream.async.write.thread.pool.size = 16 (default)
2023-08-31 18:19:48,725 [main] INFO  server.RaftServerConfigKeys (ConfUtils.java:logGet(46)) - raft.server.data-stream.client.pool.size = 10 (default)
2023-08-31 18:19:48,725 [main] INFO  netty.NettyConfigKeys$DataStream (ConfUtils.java:logGet(46)) - raft.netty.dataStream.server.use-epoll = false (default)
2023-08-31 18:19:48,725 [main] INFO  netty.NettyConfigKeys$DataStream (ConfUtils.java:logGet(46)) - raft.netty.dataStream.server.boss-group.size = 0 (default)
2023-08-31 18:19:48,726 [main] INFO  netty.NettyConfigKeys$DataStream (ConfUtils.java:logGet(46)) - raft.netty.dataStream.server.worker-group.size = 0 (default)
2023-08-31 18:19:48,726 [main] INFO  netty.NettyConfigKeys$DataStream (ConfUtils.java:logGet(46)) - raft.netty.dataStream.server.tls.conf = null (default)
2023-08-31 18:19:48,726 [main] INFO  netty.NettyConfigKeys$DataStream (ConfUtils.java:logGet(46)) - raft.netty.dataStream.host = null (default)
2023-08-31 18:19:48,726 [main] INFO  netty.NettyConfigKeys$DataStream (ConfUtils.java:logGet(46)) - raft.netty.dataStream.port = 15130 (custom)
2023-08-31 18:19:48,727 [main] INFO  server.RaftServerConfigKeys (ConfUtils.java:logGet(46)) - raft.server.threadpool.proxy.cached = true (default)
2023-08-31 18:19:48,727 [main] INFO  server.RaftServerConfigKeys (ConfUtils.java:logGet(46)) - raft.server.threadpool.proxy.size = 0 (default)
2023-08-31 18:19:48,727 [main] INFO  server.RaftServerConfigKeys (ConfUtils.java:logGet(46)) - raft.server.rpc.slowness.timeout = 300s (custom)
2023-08-31 18:19:48,728 [main] INFO  server.RaftServerConfigKeys (ConfUtils.java:logGet(46)) - raft.server.leaderelection.leader.step-down.wait-time = 10s (default)
2023-08-31 18:19:48,728 [main] INFO  server.RaftServerConfigKeys (ConfUtils.java:logGet(46)) - raft.server.storage.dir = [/home/runner/work/ozone/ozone/hadoop-ozone/integration-test/target/test-dir/MiniOzoneClusterImpl-03cba653-44d0-43b4-bc0f-a7205d2183ff/datanode-1/data/ratis] (custom)
2023-08-31 18:19:48,728 [14fa2eac-e184-46cf-8dd5-e89808402331-NettyServerStreamRpc-bossGroup--thread1] INFO  logging.LoggingHandler (AbstractInternalLogger.java:log(148)) - [id: 0x79c0c6fa] REGISTERED
2023-08-31 18:19:48,729 [14fa2eac-e184-46cf-8dd5-e89808402331-NettyServerStreamRpc-bossGroup--thread1] INFO  logging.LoggingHandler (AbstractInternalLogger.java:log(148)) - [id: 0x79c0c6fa] BIND: 0.0.0.0/0.0.0.0:15130
2023-08-31 18:19:48,729 [14fa2eac-e184-46cf-8dd5-e89808402331-NettyServerStreamRpc-bossGroup--thread1] INFO  logging.LoggingHandler (AbstractInternalLogger.java:log(148)) - [id: 0x79c0c6fa, L:/0:0:0:0:0:0:0:0:15130] ACTIVE
2023-08-31 18:19:48,732 [14fa2eac-e184-46cf-8dd5-e89808402331-impl-thread1] INFO  server.RaftServer (RaftServerProxy.java:initGroupDir(258)) - 14fa2eac-e184-46cf-8dd5-e89808402331: found a subdirectory /home/runner/work/ozone/ozone/hadoop-ozone/integration-test/target/test-dir/MiniOzoneClusterImpl-03cba653-44d0-43b4-bc0f-a7205d2183ff/datanode-1/data/ratis/tmp
2023-08-31 18:19:48,733 [14fa2eac-e184-46cf-8dd5-e89808402331-impl-thread1] INFO  server.RaftServer (RaftServerProxy.java:initGroupDir(263)) - 14fa2eac-e184-46cf-8dd5-e89808402331: The directory /home/runner/work/ozone/ozone/hadoop-ozone/integration-test/target/test-dir/MiniOzoneClusterImpl-03cba653-44d0-43b4-bc0f-a7205d2183ff/datanode-1/data/ratis/tmp is not a group directory; ignoring it. 
2023-08-31 18:19:48,733 [main] INFO  replication.ReplicationServer (ReplicationServer.java:<init>(81)) - Initializing replication server with thread count = 10
2023-08-31 18:19:48,734 [main] INFO  server.XceiverServerGrpc (XceiverServerGrpc.java:<init>(132)) - GrpcServer channel type EpollServerSocketChannel
2023-08-31 18:19:48,736 [main] INFO  replication.ReplicationSupervisor (ReplicationSupervisor.java:build(155)) - Initializing replication supervisor with thread count = 10
2023-08-31 18:19:48,736 [main] INFO  replication.ReplicationSupervisor (ReplicationSupervisor.java:nodeStateUpdated(307)) - Node state updated to IN_SERVICE, scaling executor pool size to 10
2023-08-31 18:19:48,740 [main] INFO  http.BaseHttpServer (BaseHttpServer.java:newHttpServer2BuilderForOzone(223)) - Starting Web-server for hddsDatanode at: http://0.0.0.0:15124
2023-08-31 18:19:48,741 [main] INFO  http.BaseHttpServer (BaseHttpServer.java:<init>(110)) - Hadoop Security Enabled: false Ozone Security Enabled: false Ozone HTTP Security Enabled: false 
2023-08-31 18:19:48,742 [main] WARN  server.AuthenticationFilter (AuthenticationFilter.java:constructSecretProvider(240)) - Unable to initialize FileSignerSecretProvider, falling back to use random secrets. Reason: Could not read signature secret file: /home/runner/hadoop-http-auth-signature-secret
2023-08-31 18:19:48,745 [main] INFO  http.HttpRequestLog (HttpRequestLog.java:getRequestLog(86)) - Http request log for http.requests.hddsDatanode is not defined
2023-08-31 18:19:48,748 [main] INFO  http.HttpServer2 (HttpServer2.java:addGlobalFilter(1031)) - Added global filter 'safety' (class=org.apache.hadoop.hdds.server.http.HttpServer2$QuotingInputFilter)
2023-08-31 18:19:48,749 [main] INFO  http.HttpServer2 (HttpServer2.java:addFilter(1007)) - Added filter static_user_filter (class=org.apache.hadoop.http.lib.StaticUserWebFilter$StaticUserFilter) to context hddsDatanode
2023-08-31 18:19:48,749 [main] INFO  http.HttpServer2 (HttpServer2.java:addFilter(1015)) - Added filter static_user_filter (class=org.apache.hadoop.http.lib.StaticUserWebFilter$StaticUserFilter) to context logs
2023-08-31 18:19:48,749 [main] INFO  http.HttpServer2 (HttpServer2.java:addFilter(1015)) - Added filter static_user_filter (class=org.apache.hadoop.http.lib.StaticUserWebFilter$StaticUserFilter) to context static
2023-08-31 18:19:48,750 [main] INFO  http.BaseHttpServer (BaseHttpServer.java:<init>(189)) - HTTP server of hddsDatanode uses base directory /home/runner/work/ozone/ozone/hadoop-ozone/integration-test/target/test-dir/MiniOzoneClusterImpl-03cba653-44d0-43b4-bc0f-a7205d2183ff/datanode-1/meta/webserver
2023-08-31 18:19:48,750 [main] INFO  http.HttpServer2 (HttpServer2.java:bindListener(1231)) - Jetty bound to port 15124
2023-08-31 18:19:48,750 [main] INFO  server.Server (Server.java:doStart(375)) - jetty-9.4.51.v20230217; built: 2023-02-17T08:19:37.309Z; git: b45c405e4544384de066f814ed42ae3dceacdd49; jvm 1.8.0_382-b05
2023-08-31 18:19:48,757 [main] INFO  server.session (DefaultSessionIdManager.java:doStart(334)) - DefaultSessionIdManager workerName=node0
2023-08-31 18:19:48,758 [main] INFO  server.session (DefaultSessionIdManager.java:doStart(339)) - No SessionScavenger set, using defaults
2023-08-31 18:19:48,758 [main] INFO  server.session (HouseKeeper.java:startScavenging(132)) - node0 Scavenging every 660000ms
2023-08-31 18:19:48,761 [main] INFO  handler.ContextHandler (ContextHandler.java:doStart(921)) - Started o.e.j.s.ServletContextHandler@557e98b7{logs,/logs,file:///home/runner/work/ozone/ozone/hadoop-ozone/integration-test/target/log,AVAILABLE}
2023-08-31 18:19:48,761 [main] INFO  handler.ContextHandler (ContextHandler.java:doStart(921)) - Started o.e.j.s.ServletContextHandler@5fd66298{static,/static,jar:file:/home/runner/.m2/repository/org/apache/ozone/hdds-container-service/1.4.0-SNAPSHOT/hdds-container-service-1.4.0-SNAPSHOT.jar!/webapps/static,AVAILABLE}
2023-08-31 18:19:49,003 [main] INFO  handler.ContextHandler (ContextHandler.java:doStart(921)) - Started o.e.j.w.WebAppContext@40aa01e9{hddsDatanode,/,file:///home/runner/work/ozone/ozone/hadoop-ozone/integration-test/target/test-dir/MiniOzoneClusterImpl-03cba653-44d0-43b4-bc0f-a7205d2183ff/datanode-1/meta/webserver/jetty-0_0_0_0-15124-hdds-container-service-1_4_0-SNAPSHOT_jar-_-any-1660983748356660929/webapp/,AVAILABLE}{jar:file:/home/runner/.m2/repository/org/apache/ozone/hdds-container-service/1.4.0-SNAPSHOT/hdds-container-service-1.4.0-SNAPSHOT.jar!/webapps/hddsDatanode}
2023-08-31 18:19:49,005 [main] INFO  server.AbstractConnector (AbstractConnector.java:doStart(333)) - Started ServerConnector@41d284c1{HTTP/1.1, (http/1.1)}{0.0.0.0:15124}
2023-08-31 18:19:49,006 [main] INFO  server.Server (Server.java:doStart(415)) - Started @200330ms
2023-08-31 18:19:49,006 [main] WARN  impl.MetricsSystemImpl (MetricsSystemImpl.java:register(279)) - Sink prometheus already exists!
2023-08-31 18:19:49,010 [main] INFO  http.BaseHttpServer (BaseHttpServer.java:updateConnectorAddress(354)) - HTTP server of hddsDatanode listening at http://0.0.0.0:15124
2023-08-31 18:19:49,011 [main] INFO  ipc.CallQueueManager (CallQueueManager.java:<init>(90)) - Using callQueue: class java.util.concurrent.LinkedBlockingQueue, queueCapacity: 100, scheduler: class org.apache.hadoop.ipc.DefaultRpcScheduler, ipcBackoff: false.
2023-08-31 18:19:49,011 [main] INFO  ipc.Server (Server.java:<init>(1287)) - Listener at 0.0.0.0:15125
2023-08-31 18:19:49,015 [Socket Reader #1 for port 15125] INFO  ipc.Server (Server.java:run(1323)) - Starting Socket Reader #1 for port 15125
2023-08-31 18:19:49,022 [main] INFO  ozone.HddsDatanodeService (HddsDatanodeService.java:start(315)) - Datanode start with admins: [runner]
2023-08-31 18:19:49,022 [main] INFO  ozone.HddsDatanodeClientProtocolServer (HddsDatanodeClientProtocolServer.java:start(72)) - RPC server for Client /0.0.0.0:15125
2023-08-31 18:19:49,022 [IPC Server Responder] INFO  ipc.Server (Server.java:run(1562)) - IPC Server Responder: starting
2023-08-31 18:19:49,022 [IPC Server listener on 15125] INFO  ipc.Server (Server.java:run(1402)) - IPC Server listener on 15125: starting
2023-08-31 18:19:49,023 [main] WARN  impl.MetricRegistriesImpl (MetricRegistriesImpl.java:addReporterRegistration(111)) - New reporters are added after registries were created. Some metrics will be missing from the reporter. Please add reporter before adding any new registry.
2023-08-31 18:19:49,023 [main] WARN  impl.MetricRegistriesImpl (MetricRegistriesImpl.java:addReporterRegistration(111)) - New reporters are added after registries were created. Some metrics will be missing from the reporter. Please add reporter before adding any new registry.
2023-08-31 18:19:49,023 [main] INFO  impl.MetricsSystemImpl (MetricsSystemImpl.java:init(158)) - HddsDatanode metrics system started (again)
2023-08-31 18:19:49,025 [Datanode State Machine Daemon Thread] INFO  statemachine.DatanodeStateMachine (DatanodeStateMachine.java:lambda$startDaemon$0(538)) - Ozone container server started.
2023-08-31 18:19:49,035 [Datanode State Machine Task Thread - 0] INFO  datanode.InitDatanodeState (InitDatanodeState.java:persistContainerDatanodeDetails(138)) - DatanodeDetails is persisted to /home/runner/work/ozone/ozone/hadoop-ozone/integration-test/target/test-dir/MiniOzoneClusterImpl-03cba653-44d0-43b4-bc0f-a7205d2183ff/datanode-1/meta/datanode.id
2023-08-31 18:19:49,044 [main] INFO  ozone.HddsDatanodeService (HddsDatanodeService.java:start(237)) - HddsDatanodeService host:fv-az1129-899 ip:10.1.0.8
2023-08-31 18:19:49,084 [main] INFO  upgrade.AbstractLayoutVersionManager (AbstractLayoutVersionManager.java:init(83)) - Initializing Layout version manager with metadata layout = HADOOP_PRC_PORTS_IN_DATANODEDETAILS (version = 7), software layout = HADOOP_PRC_PORTS_IN_DATANODEDETAILS (version = 7)
2023-08-31 18:19:49,086 [main] INFO  statemachine.DatanodeStateMachine (DatanodeStateMachine.java:getEndPointTaskThreadPoolSize(282)) - Datanode State Machine Task Thread Pool size 2
2023-08-31 18:19:49,093 [main] INFO  volume.HddsVolume (HddsVolume.java:<init>(126)) - Creating HddsVolume: /home/runner/work/ozone/ozone/hadoop-ozone/integration-test/target/test-dir/MiniOzoneClusterImpl-03cba653-44d0-43b4-bc0f-a7205d2183ff/datanode-2/data-0/containers/hdds of storage type : DISK capacity : 9223372036854775807
2023-08-31 18:19:49,094 [main] INFO  volume.MutableVolumeSet (MutableVolumeSet.java:initializeVolumeSet(173)) - Added Volume : /home/runner/work/ozone/ozone/hadoop-ozone/integration-test/target/test-dir/MiniOzoneClusterImpl-03cba653-44d0-43b4-bc0f-a7205d2183ff/datanode-2/data-0/containers/hdds to VolumeSet
2023-08-31 18:19:49,094 [main] INFO  volume.MutableVolumeSet (MutableVolumeSet.java:initializeVolumeSet(173)) - Added Volume : /home/runner/work/ozone/ozone/hadoop-ozone/integration-test/target/test-dir/MiniOzoneClusterImpl-03cba653-44d0-43b4-bc0f-a7205d2183ff/datanode-2/data/ratis to VolumeSet
2023-08-31 18:19:49,095 [Thread-1361] INFO  ozoneimpl.ContainerReader (ContainerReader.java:readVolume(177)) - Finish verifying containers on volume /home/runner/work/ozone/ozone/hadoop-ozone/integration-test/target/test-dir/MiniOzoneClusterImpl-03cba653-44d0-43b4-bc0f-a7205d2183ff/datanode-2/data-0/containers/hdds
2023-08-31 18:19:49,095 [main] INFO  ozoneimpl.OzoneContainer (OzoneContainer.java:buildContainerSet(314)) - Build ContainerSet costs 0s
2023-08-31 18:19:49,097 [main] INFO  server.RaftServer (ConfUtils.java:logGet(46)) - raft.rpc.type = GRPC (default)
2023-08-31 18:19:49,098 [main] INFO  grpc.GrpcConfigKeys (ConfUtils.java:logFallback(53)) - raft.grpc.admin.host = null (fallback to raft.grpc.server.host)
2023-08-31 18:19:49,098 [main] INFO  grpc.GrpcConfigKeys (ConfUtils.java:logGet(46)) - raft.grpc.admin.port = 15137 (custom)
2023-08-31 18:19:49,098 [main] INFO  grpc.GrpcConfigKeys (ConfUtils.java:logFallback(53)) - raft.grpc.client.host = null (fallback to raft.grpc.server.host)
2023-08-31 18:19:49,098 [main] INFO  grpc.GrpcConfigKeys (ConfUtils.java:logGet(46)) - raft.grpc.client.port = 15136 (custom)
2023-08-31 18:19:49,098 [main] INFO  grpc.GrpcConfigKeys (ConfUtils.java:logGet(46)) - raft.grpc.server.host = null (default)
2023-08-31 18:19:49,098 [main] INFO  grpc.GrpcConfigKeys (ConfUtils.java:logGet(46)) - raft.grpc.server.port = 15138 (custom)
2023-08-31 18:19:49,098 [main] INFO  server.GrpcService (ConfUtils.java:logGet(46)) - raft.grpc.message.size.max = 32MB (=33554432) (custom)
2023-08-31 18:19:49,099 [main] INFO  server.RaftServerConfigKeys (ConfUtils.java:logGet(46)) - raft.server.log.appender.buffer.byte-limit = 33554432 (custom)
2023-08-31 18:19:49,099 [main] INFO  server.GrpcService (ConfUtils.java:logGet(46)) - raft.grpc.flow.control.window = 5MB (=5242880) (custom)
2023-08-31 18:19:49,099 [main] INFO  server.RaftServerConfigKeys (ConfUtils.java:logGet(46)) - raft.server.rpc.request.timeout = 60s (custom)
2023-08-31 18:19:49,099 [main] INFO  grpc.GrpcConfigKeys (ConfUtils.java:logGet(46)) - raft.grpc.server.heartbeat.channel = true (default)
2023-08-31 18:19:49,099 [main] INFO  grpc.GrpcConfigKeys (ConfUtils.java:logGet(46)) - raft.grpc.server.async.request.thread.pool.cached = true (default)
2023-08-31 18:19:49,099 [main] INFO  grpc.GrpcConfigKeys (ConfUtils.java:logGet(46)) - raft.grpc.server.async.request.thread.pool.size = 32 (default)
2023-08-31 18:19:49,102 [main] INFO  impl.DataStreamServerImpl (ConfUtils.java:logGet(46)) - raft.datastream.type = NETTY (custom)
2023-08-31 18:19:49,103 [main] INFO  server.RaftServerConfigKeys (ConfUtils.java:logGet(46)) - raft.server.data-stream.async.request.thread.pool.cached = false (default)
2023-08-31 18:19:49,103 [main] INFO  server.RaftServerConfigKeys (ConfUtils.java:logGet(46)) - raft.server.data-stream.async.request.thread.pool.size = 20 (custom)
2023-08-31 18:19:49,103 [main] INFO  server.RaftServerConfigKeys (ConfUtils.java:logGet(46)) - raft.server.data-stream.async.write.thread.pool.size = 16 (default)
2023-08-31 18:19:49,104 [main] INFO  server.RaftServerConfigKeys (ConfUtils.java:logGet(46)) - raft.server.data-stream.client.pool.size = 10 (default)
2023-08-31 18:19:49,104 [main] INFO  netty.NettyConfigKeys$DataStream (ConfUtils.java:logGet(46)) - raft.netty.dataStream.server.use-epoll = false (default)
2023-08-31 18:19:49,104 [main] INFO  netty.NettyConfigKeys$DataStream (ConfUtils.java:logGet(46)) - raft.netty.dataStream.server.boss-group.size = 0 (default)
2023-08-31 18:19:49,104 [main] INFO  netty.NettyConfigKeys$DataStream (ConfUtils.java:logGet(46)) - raft.netty.dataStream.server.worker-group.size = 0 (default)
2023-08-31 18:19:49,105 [main] INFO  netty.NettyConfigKeys$DataStream (ConfUtils.java:logGet(46)) - raft.netty.dataStream.server.tls.conf = null (default)
2023-08-31 18:19:49,105 [main] INFO  netty.NettyConfigKeys$DataStream (ConfUtils.java:logGet(46)) - raft.netty.dataStream.host = null (default)
2023-08-31 18:19:49,105 [main] INFO  netty.NettyConfigKeys$DataStream (ConfUtils.java:logGet(46)) - raft.netty.dataStream.port = 15139 (custom)
2023-08-31 18:19:49,106 [main] INFO  server.RaftServerConfigKeys (ConfUtils.java:logGet(46)) - raft.server.threadpool.proxy.cached = true (default)
2023-08-31 18:19:49,106 [main] INFO  server.RaftServerConfigKeys (ConfUtils.java:logGet(46)) - raft.server.threadpool.proxy.size = 0 (default)
2023-08-31 18:19:49,106 [b680699b-c9cb-4670-83ba-783bfe62cfe5-NettyServerStreamRpc-bossGroup--thread1] INFO  logging.LoggingHandler (AbstractInternalLogger.java:log(148)) - [id: 0xb9cb7bac] REGISTERED
2023-08-31 18:19:49,106 [main] INFO  server.RaftServerConfigKeys (ConfUtils.java:logGet(46)) - raft.server.rpc.slowness.timeout = 300s (custom)
2023-08-31 18:19:49,106 [b680699b-c9cb-4670-83ba-783bfe62cfe5-NettyServerStreamRpc-bossGroup--thread1] INFO  logging.LoggingHandler (AbstractInternalLogger.java:log(148)) - [id: 0xb9cb7bac] BIND: 0.0.0.0/0.0.0.0:15139
2023-08-31 18:19:49,106 [main] INFO  server.RaftServerConfigKeys (ConfUtils.java:logGet(46)) - raft.server.leaderelection.leader.step-down.wait-time = 10s (default)
2023-08-31 18:19:49,108 [main] INFO  server.RaftServerConfigKeys (ConfUtils.java:logGet(46)) - raft.server.storage.dir = [/home/runner/work/ozone/ozone/hadoop-ozone/integration-test/target/test-dir/MiniOzoneClusterImpl-03cba653-44d0-43b4-bc0f-a7205d2183ff/datanode-2/data/ratis] (custom)
2023-08-31 18:19:49,107 [b680699b-c9cb-4670-83ba-783bfe62cfe5-NettyServerStreamRpc-bossGroup--thread1] INFO  logging.LoggingHandler (AbstractInternalLogger.java:log(148)) - [id: 0xb9cb7bac, L:/0:0:0:0:0:0:0:0:15139] ACTIVE
2023-08-31 18:19:49,108 [b680699b-c9cb-4670-83ba-783bfe62cfe5-impl-thread1] INFO  server.RaftServer (RaftServerProxy.java:initGroupDir(258)) - b680699b-c9cb-4670-83ba-783bfe62cfe5: found a subdirectory /home/runner/work/ozone/ozone/hadoop-ozone/integration-test/target/test-dir/MiniOzoneClusterImpl-03cba653-44d0-43b4-bc0f-a7205d2183ff/datanode-2/data/ratis/tmp
2023-08-31 18:19:49,108 [b680699b-c9cb-4670-83ba-783bfe62cfe5-impl-thread1] INFO  server.RaftServer (RaftServerProxy.java:initGroupDir(263)) - b680699b-c9cb-4670-83ba-783bfe62cfe5: The directory /home/runner/work/ozone/ozone/hadoop-ozone/integration-test/target/test-dir/MiniOzoneClusterImpl-03cba653-44d0-43b4-bc0f-a7205d2183ff/datanode-2/data/ratis/tmp is not a group directory; ignoring it. 
2023-08-31 18:19:49,109 [main] INFO  replication.ReplicationServer (ReplicationServer.java:<init>(81)) - Initializing replication server with thread count = 10
2023-08-31 18:19:49,110 [main] INFO  server.XceiverServerGrpc (XceiverServerGrpc.java:<init>(132)) - GrpcServer channel type EpollServerSocketChannel
2023-08-31 18:19:49,114 [main] INFO  replication.ReplicationSupervisor (ReplicationSupervisor.java:build(155)) - Initializing replication supervisor with thread count = 10
2023-08-31 18:19:49,115 [main] INFO  replication.ReplicationSupervisor (ReplicationSupervisor.java:nodeStateUpdated(307)) - Node state updated to IN_SERVICE, scaling executor pool size to 10
2023-08-31 18:19:49,117 [main] INFO  http.BaseHttpServer (BaseHttpServer.java:newHttpServer2BuilderForOzone(223)) - Starting Web-server for hddsDatanode at: http://0.0.0.0:15133
2023-08-31 18:19:49,117 [main] INFO  http.BaseHttpServer (BaseHttpServer.java:<init>(110)) - Hadoop Security Enabled: false Ozone Security Enabled: false Ozone HTTP Security Enabled: false 
2023-08-31 18:19:49,118 [main] WARN  server.AuthenticationFilter (AuthenticationFilter.java:constructSecretProvider(240)) - Unable to initialize FileSignerSecretProvider, falling back to use random secrets. Reason: Could not read signature secret file: /home/runner/hadoop-http-auth-signature-secret
2023-08-31 18:19:49,121 [main] INFO  http.HttpRequestLog (HttpRequestLog.java:getRequestLog(86)) - Http request log for http.requests.hddsDatanode is not defined
2023-08-31 18:19:49,124 [main] INFO  http.HttpServer2 (HttpServer2.java:addGlobalFilter(1031)) - Added global filter 'safety' (class=org.apache.hadoop.hdds.server.http.HttpServer2$QuotingInputFilter)
2023-08-31 18:19:49,125 [main] INFO  http.HttpServer2 (HttpServer2.java:addFilter(1007)) - Added filter static_user_filter (class=org.apache.hadoop.http.lib.StaticUserWebFilter$StaticUserFilter) to context hddsDatanode
2023-08-31 18:19:49,125 [main] INFO  http.HttpServer2 (HttpServer2.java:addFilter(1015)) - Added filter static_user_filter (class=org.apache.hadoop.http.lib.StaticUserWebFilter$StaticUserFilter) to context logs
2023-08-31 18:19:49,125 [main] INFO  http.HttpServer2 (HttpServer2.java:addFilter(1015)) - Added filter static_user_filter (class=org.apache.hadoop.http.lib.StaticUserWebFilter$StaticUserFilter) to context static
2023-08-31 18:19:49,126 [main] INFO  http.BaseHttpServer (BaseHttpServer.java:<init>(189)) - HTTP server of hddsDatanode uses base directory /home/runner/work/ozone/ozone/hadoop-ozone/integration-test/target/test-dir/MiniOzoneClusterImpl-03cba653-44d0-43b4-bc0f-a7205d2183ff/datanode-2/meta/webserver
2023-08-31 18:19:49,126 [main] INFO  http.HttpServer2 (HttpServer2.java:bindListener(1231)) - Jetty bound to port 15133
2023-08-31 18:19:49,126 [main] INFO  server.Server (Server.java:doStart(375)) - jetty-9.4.51.v20230217; built: 2023-02-17T08:19:37.309Z; git: b45c405e4544384de066f814ed42ae3dceacdd49; jvm 1.8.0_382-b05
2023-08-31 18:19:49,129 [main] INFO  server.session (DefaultSessionIdManager.java:doStart(334)) - DefaultSessionIdManager workerName=node0
2023-08-31 18:19:49,129 [main] INFO  server.session (DefaultSessionIdManager.java:doStart(339)) - No SessionScavenger set, using defaults
2023-08-31 18:19:49,129 [main] INFO  server.session (HouseKeeper.java:startScavenging(132)) - node0 Scavenging every 600000ms
2023-08-31 18:19:49,130 [main] INFO  handler.ContextHandler (ContextHandler.java:doStart(921)) - Started o.e.j.s.ServletContextHandler@6e28f079{logs,/logs,file:///home/runner/work/ozone/ozone/hadoop-ozone/integration-test/target/log,AVAILABLE}
2023-08-31 18:19:49,136 [main] INFO  handler.ContextHandler (ContextHandler.java:doStart(921)) - Started o.e.j.s.ServletContextHandler@29fa8805{static,/static,jar:file:/home/runner/.m2/repository/org/apache/ozone/hdds-container-service/1.4.0-SNAPSHOT/hdds-container-service-1.4.0-SNAPSHOT.jar!/webapps/static,AVAILABLE}
2023-08-31 18:19:49,244 [om1@group-C5BA1605619E-FollowerState] INFO  impl.FollowerState (FollowerState.java:run(143)) - om1@group-C5BA1605619E-FollowerState: change to CANDIDATE, lastRpcElapsedTime:1034898197ns, electionTimeout:1034ms
2023-08-31 18:19:49,244 [om1@group-C5BA1605619E-FollowerState] INFO  impl.RoleInfo (RoleInfo.java:shutdownFollowerState(110)) - om1: shutdown om1@group-C5BA1605619E-FollowerState
2023-08-31 18:19:49,244 [om1@group-C5BA1605619E-FollowerState] INFO  server.RaftServer$Division (RaftServerImpl.java:setRole(329)) - om1@group-C5BA1605619E: changes role from  FOLLOWER to CANDIDATE at term 0 for changeToCandidate
2023-08-31 18:19:49,244 [om1@group-C5BA1605619E-FollowerState] INFO  server.RaftServerConfigKeys (ConfUtils.java:logGet(46)) - raft.server.leaderelection.pre-vote = true (default)
2023-08-31 18:19:49,244 [om1@group-C5BA1605619E-FollowerState] INFO  impl.RoleInfo (RoleInfo.java:updateAndGet(139)) - om1: start om1@group-C5BA1605619E-LeaderElection20
2023-08-31 18:19:49,247 [om1@group-C5BA1605619E-LeaderElection20] INFO  impl.LeaderElection (LeaderElection.java:askForVotes(321)) - om1@group-C5BA1605619E-LeaderElection20 PRE_VOTE round 0: submit vote requests at term 0 for -1: peers:[om1|rpc:localhost:15113|priority:0|startupRole:FOLLOWER]|listeners:[], old=null
2023-08-31 18:19:49,254 [om1@group-C5BA1605619E-LeaderElection20] INFO  impl.LeaderElection (LeaderElection.java:askForVotes(323)) - om1@group-C5BA1605619E-LeaderElection20 PRE_VOTE round 0: result PASSED (term=0)
2023-08-31 18:19:49,257 [om1@group-C5BA1605619E-LeaderElection20] INFO  impl.LeaderElection (LeaderElection.java:askForVotes(321)) - om1@group-C5BA1605619E-LeaderElection20 ELECTION round 0: submit vote requests at term 1 for -1: peers:[om1|rpc:localhost:15113|priority:0|startupRole:FOLLOWER]|listeners:[], old=null
2023-08-31 18:19:49,257 [om1@group-C5BA1605619E-LeaderElection20] INFO  impl.LeaderElection (LeaderElection.java:askForVotes(323)) - om1@group-C5BA1605619E-LeaderElection20 ELECTION round 0: result PASSED (term=1)
2023-08-31 18:19:49,257 [om1@group-C5BA1605619E-LeaderElection20] INFO  impl.RoleInfo (RoleInfo.java:shutdownLeaderElection(130)) - om1: shutdown om1@group-C5BA1605619E-LeaderElection20
2023-08-31 18:19:49,257 [om1@group-C5BA1605619E-LeaderElection20] INFO  server.RaftServer$Division (RaftServerImpl.java:setRole(329)) - om1@group-C5BA1605619E: changes role from CANDIDATE to LEADER at term 1 for changeToLeader
2023-08-31 18:19:49,257 [om1@group-C5BA1605619E-LeaderElection20] INFO  server.RaftServer$Division (ServerState.java:setLeader(317)) - om1@group-C5BA1605619E: change Leader from null to om1 at term 1 for becomeLeader, leader elected after 1533ms
2023-08-31 18:19:49,258 [om1@group-C5BA1605619E-LeaderElection20] INFO  server.RaftServerConfigKeys (ConfUtils.java:logGet(46)) - raft.server.staging.catchup.gap = 1000 (default)
2023-08-31 18:19:49,258 [om1@group-C5BA1605619E-LeaderElection20] INFO  server.RaftServerConfigKeys (ConfUtils.java:logGet(46)) - raft.server.write.element-limit = 4096 (default)
2023-08-31 18:19:49,258 [om1@group-C5BA1605619E-LeaderElection20] INFO  server.RaftServerConfigKeys (ConfUtils.java:logGet(46)) - raft.server.write.byte-limit = 64MB (=67108864) (default)
2023-08-31 18:19:49,258 [om1@group-C5BA1605619E-LeaderElection20] INFO  server.RaftServerConfigKeys (ConfUtils.java:logGet(46)) - raft.server.watch.timeout = 10s (default)
2023-08-31 18:19:49,258 [om1@group-C5BA1605619E-LeaderElection20] INFO  server.RaftServerConfigKeys (ConfUtils.java:logGet(46)) - raft.server.watch.timeout.denomination = 1s (default)
2023-08-31 18:19:49,258 [om1@group-C5BA1605619E-LeaderElection20] INFO  server.RaftServerConfigKeys (ConfUtils.java:logGet(46)) - raft.server.watch.element-limit = 65536 (default)
2023-08-31 18:19:49,258 [om1@group-C5BA1605619E-LeaderElection20] INFO  server.RaftServerConfigKeys (ConfUtils.java:logGet(46)) - raft.server.write.element-limit = 4096 (default)
2023-08-31 18:19:49,258 [om1@group-C5BA1605619E-LeaderElection20] INFO  server.RaftServerConfigKeys (ConfUtils.java:logGet(46)) - raft.server.write.follower.gap.ratio.max = -1.0 (default)
2023-08-31 18:19:49,258 [om1@group-C5BA1605619E-LeaderElection20] INFO  impl.RoleInfo (RoleInfo.java:updateAndGet(139)) - om1: start om1@group-C5BA1605619E-LeaderStateImpl
2023-08-31 18:19:49,259 [om1@group-C5BA1605619E-LeaderElection20] INFO  segmented.SegmentedRaftLogWorker (SegmentedRaftLogWorker.java:startLogSegment(447)) - om1@group-C5BA1605619E-SegmentedRaftLogWorker: Starting segment from index:0
2023-08-31 18:19:49,270 [om1@group-C5BA1605619E-LeaderElection20] INFO  server.RaftServer$Division (ServerState.java:setRaftConf(434)) - om1@group-C5BA1605619E: set configuration 0: peers:[om1|rpc:localhost:15113|admin:|client:|dataStream:|priority:0|startupRole:FOLLOWER]|listeners:[], old=null
2023-08-31 18:19:49,273 [om1@group-C5BA1605619E-SegmentedRaftLogWorker] INFO  segmented.SegmentedRaftLogWorker (SegmentedRaftLogWorker.java:execute(651)) - om1@group-C5BA1605619E-SegmentedRaftLogWorker: created new log segment /home/runner/work/ozone/ozone/hadoop-ozone/integration-test/target/test-dir/MiniOzoneClusterImpl-03cba653-44d0-43b4-bc0f-a7205d2183ff/ozone-meta/ratis/bf265839-605b-3f16-9796-c5ba1605619e/current/log_inprogress_0
2023-08-31 18:19:49,275 [om1@group-C5BA1605619E-StateMachineUpdater] INFO  ratis.OzoneManagerStateMachine (OzoneManagerStateMachine.java:notifyConfigurationChanged(202)) - Received Configuration change notification from Ratis. New Peer list:
[id: "om1"
address: "localhost:15113"
startupRole: FOLLOWER
]
2023-08-31 18:19:49,398 [main] INFO  handler.ContextHandler (ContextHandler.java:doStart(921)) - Started o.e.j.w.WebAppContext@1e4227ef{hddsDatanode,/,file:///home/runner/work/ozone/ozone/hadoop-ozone/integration-test/target/test-dir/MiniOzoneClusterImpl-03cba653-44d0-43b4-bc0f-a7205d2183ff/datanode-2/meta/webserver/jetty-0_0_0_0-15133-hdds-container-service-1_4_0-SNAPSHOT_jar-_-any-4236591403422641090/webapp/,AVAILABLE}{jar:file:/home/runner/.m2/repository/org/apache/ozone/hdds-container-service/1.4.0-SNAPSHOT/hdds-container-service-1.4.0-SNAPSHOT.jar!/webapps/hddsDatanode}
2023-08-31 18:19:49,400 [main] INFO  server.AbstractConnector (AbstractConnector.java:doStart(333)) - Started ServerConnector@6e8a6cad{HTTP/1.1, (http/1.1)}{0.0.0.0:15133}
2023-08-31 18:19:49,400 [main] INFO  server.Server (Server.java:doStart(415)) - Started @200724ms
2023-08-31 18:19:49,400 [main] WARN  impl.MetricsSystemImpl (MetricsSystemImpl.java:register(279)) - Sink prometheus already exists!
2023-08-31 18:19:49,401 [main] INFO  http.BaseHttpServer (BaseHttpServer.java:updateConnectorAddress(354)) - HTTP server of hddsDatanode listening at http://0.0.0.0:15133
2023-08-31 18:19:49,401 [main] INFO  ipc.CallQueueManager (CallQueueManager.java:<init>(90)) - Using callQueue: class java.util.concurrent.LinkedBlockingQueue, queueCapacity: 100, scheduler: class org.apache.hadoop.ipc.DefaultRpcScheduler, ipcBackoff: false.
2023-08-31 18:19:49,402 [main] INFO  ipc.Server (Server.java:<init>(1287)) - Listener at 0.0.0.0:15134
2023-08-31 18:19:49,402 [Socket Reader #1 for port 15134] INFO  ipc.Server (Server.java:run(1323)) - Starting Socket Reader #1 for port 15134
2023-08-31 18:19:49,408 [main] INFO  ozone.HddsDatanodeService (HddsDatanodeService.java:start(315)) - Datanode start with admins: [runner]
2023-08-31 18:19:49,408 [main] INFO  ozone.HddsDatanodeClientProtocolServer (HddsDatanodeClientProtocolServer.java:start(72)) - RPC server for Client /0.0.0.0:15134
2023-08-31 18:19:49,410 [IPC Server Responder] INFO  ipc.Server (Server.java:run(1562)) - IPC Server Responder: starting
2023-08-31 18:19:49,416 [IPC Server listener on 15134] INFO  ipc.Server (Server.java:run(1402)) - IPC Server listener on 15134: starting
2023-08-31 18:19:49,420 [Datanode State Machine Daemon Thread] INFO  statemachine.DatanodeStateMachine (DatanodeStateMachine.java:lambda$startDaemon$0(538)) - Ozone container server started.
2023-08-31 18:19:49,420 [main] WARN  impl.MetricRegistriesImpl (MetricRegistriesImpl.java:addReporterRegistration(111)) - New reporters are added after registries were created. Some metrics will be missing from the reporter. Please add reporter before adding any new registry.
2023-08-31 18:19:49,421 [main] WARN  impl.MetricRegistriesImpl (MetricRegistriesImpl.java:addReporterRegistration(111)) - New reporters are added after registries were created. Some metrics will be missing from the reporter. Please add reporter before adding any new registry.
2023-08-31 18:19:49,421 [main] INFO  impl.MetricsSystemImpl (MetricsSystemImpl.java:init(158)) - HddsDatanode metrics system started (again)
2023-08-31 18:19:49,508 [Datanode State Machine Task Thread - 0] INFO  datanode.InitDatanodeState (InitDatanodeState.java:persistContainerDatanodeDetails(138)) - DatanodeDetails is persisted to /home/runner/work/ozone/ozone/hadoop-ozone/integration-test/target/test-dir/MiniOzoneClusterImpl-03cba653-44d0-43b4-bc0f-a7205d2183ff/datanode-2/meta/datanode.id
2023-08-31 18:19:49,515 [main] INFO  ozone.HddsDatanodeService (HddsDatanodeService.java:start(237)) - HddsDatanodeService host:fv-az1129-899 ip:10.1.0.8
2023-08-31 18:19:49,548 [main] INFO  upgrade.AbstractLayoutVersionManager (AbstractLayoutVersionManager.java:init(83)) - Initializing Layout version manager with metadata layout = HADOOP_PRC_PORTS_IN_DATANODEDETAILS (version = 7), software layout = HADOOP_PRC_PORTS_IN_DATANODEDETAILS (version = 7)
2023-08-31 18:19:49,549 [main] INFO  statemachine.DatanodeStateMachine (DatanodeStateMachine.java:getEndPointTaskThreadPoolSize(282)) - Datanode State Machine Task Thread Pool size 2
2023-08-31 18:19:49,550 [main] INFO  volume.HddsVolume (HddsVolume.java:<init>(126)) - Creating HddsVolume: /home/runner/work/ozone/ozone/hadoop-ozone/integration-test/target/test-dir/MiniOzoneClusterImpl-03cba653-44d0-43b4-bc0f-a7205d2183ff/datanode-3/data-0/containers/hdds of storage type : DISK capacity : 9223372036854775807
2023-08-31 18:19:49,550 [main] INFO  volume.MutableVolumeSet (MutableVolumeSet.java:initializeVolumeSet(173)) - Added Volume : /home/runner/work/ozone/ozone/hadoop-ozone/integration-test/target/test-dir/MiniOzoneClusterImpl-03cba653-44d0-43b4-bc0f-a7205d2183ff/datanode-3/data-0/containers/hdds to VolumeSet
2023-08-31 18:19:49,551 [main] INFO  volume.MutableVolumeSet (MutableVolumeSet.java:initializeVolumeSet(173)) - Added Volume : /home/runner/work/ozone/ozone/hadoop-ozone/integration-test/target/test-dir/MiniOzoneClusterImpl-03cba653-44d0-43b4-bc0f-a7205d2183ff/datanode-3/data/ratis to VolumeSet
2023-08-31 18:19:49,552 [Thread-1380] INFO  ozoneimpl.ContainerReader (ContainerReader.java:readVolume(177)) - Finish verifying containers on volume /home/runner/work/ozone/ozone/hadoop-ozone/integration-test/target/test-dir/MiniOzoneClusterImpl-03cba653-44d0-43b4-bc0f-a7205d2183ff/datanode-3/data-0/containers/hdds
2023-08-31 18:19:49,552 [main] INFO  ozoneimpl.OzoneContainer (OzoneContainer.java:buildContainerSet(314)) - Build ContainerSet costs 0s
2023-08-31 18:19:49,554 [main] INFO  server.RaftServer (ConfUtils.java:logGet(46)) - raft.rpc.type = GRPC (default)
2023-08-31 18:19:49,555 [main] INFO  grpc.GrpcConfigKeys (ConfUtils.java:logFallback(53)) - raft.grpc.admin.host = null (fallback to raft.grpc.server.host)
2023-08-31 18:19:49,555 [main] INFO  grpc.GrpcConfigKeys (ConfUtils.java:logGet(46)) - raft.grpc.admin.port = 15146 (custom)
2023-08-31 18:19:49,555 [main] INFO  grpc.GrpcConfigKeys (ConfUtils.java:logFallback(53)) - raft.grpc.client.host = null (fallback to raft.grpc.server.host)
2023-08-31 18:19:49,555 [main] INFO  grpc.GrpcConfigKeys (ConfUtils.java:logGet(46)) - raft.grpc.client.port = 15145 (custom)
2023-08-31 18:19:49,555 [main] INFO  grpc.GrpcConfigKeys (ConfUtils.java:logGet(46)) - raft.grpc.server.host = null (default)
2023-08-31 18:19:49,555 [main] INFO  grpc.GrpcConfigKeys (ConfUtils.java:logGet(46)) - raft.grpc.server.port = 15147 (custom)
2023-08-31 18:19:49,555 [main] INFO  server.GrpcService (ConfUtils.java:logGet(46)) - raft.grpc.message.size.max = 32MB (=33554432) (custom)
2023-08-31 18:19:49,556 [main] INFO  server.RaftServerConfigKeys (ConfUtils.java:logGet(46)) - raft.server.log.appender.buffer.byte-limit = 33554432 (custom)
2023-08-31 18:19:49,556 [main] INFO  server.GrpcService (ConfUtils.java:logGet(46)) - raft.grpc.flow.control.window = 5MB (=5242880) (custom)
2023-08-31 18:19:49,556 [main] INFO  server.RaftServerConfigKeys (ConfUtils.java:logGet(46)) - raft.server.rpc.request.timeout = 60s (custom)
2023-08-31 18:19:49,556 [main] INFO  grpc.GrpcConfigKeys (ConfUtils.java:logGet(46)) - raft.grpc.server.heartbeat.channel = true (default)
2023-08-31 18:19:49,556 [main] INFO  grpc.GrpcConfigKeys (ConfUtils.java:logGet(46)) - raft.grpc.server.async.request.thread.pool.cached = true (default)
2023-08-31 18:19:49,556 [main] INFO  grpc.GrpcConfigKeys (ConfUtils.java:logGet(46)) - raft.grpc.server.async.request.thread.pool.size = 32 (default)
2023-08-31 18:19:49,560 [main] INFO  impl.DataStreamServerImpl (ConfUtils.java:logGet(46)) - raft.datastream.type = NETTY (custom)
2023-08-31 18:19:49,560 [main] INFO  server.RaftServerConfigKeys (ConfUtils.java:logGet(46)) - raft.server.data-stream.async.request.thread.pool.cached = false (default)
2023-08-31 18:19:49,560 [main] INFO  server.RaftServerConfigKeys (ConfUtils.java:logGet(46)) - raft.server.data-stream.async.request.thread.pool.size = 20 (custom)
2023-08-31 18:19:49,560 [main] INFO  server.RaftServerConfigKeys (ConfUtils.java:logGet(46)) - raft.server.data-stream.async.write.thread.pool.size = 16 (default)
2023-08-31 18:19:49,560 [main] INFO  server.RaftServerConfigKeys (ConfUtils.java:logGet(46)) - raft.server.data-stream.client.pool.size = 10 (default)
2023-08-31 18:19:49,561 [main] INFO  netty.NettyConfigKeys$DataStream (ConfUtils.java:logGet(46)) - raft.netty.dataStream.server.use-epoll = false (default)
2023-08-31 18:19:49,561 [main] INFO  netty.NettyConfigKeys$DataStream (ConfUtils.java:logGet(46)) - raft.netty.dataStream.server.boss-group.size = 0 (default)
2023-08-31 18:19:49,561 [main] INFO  netty.NettyConfigKeys$DataStream (ConfUtils.java:logGet(46)) - raft.netty.dataStream.server.worker-group.size = 0 (default)
2023-08-31 18:19:49,562 [main] INFO  netty.NettyConfigKeys$DataStream (ConfUtils.java:logGet(46)) - raft.netty.dataStream.server.tls.conf = null (default)
2023-08-31 18:19:49,562 [main] INFO  netty.NettyConfigKeys$DataStream (ConfUtils.java:logGet(46)) - raft.netty.dataStream.host = null (default)
2023-08-31 18:19:49,562 [main] INFO  netty.NettyConfigKeys$DataStream (ConfUtils.java:logGet(46)) - raft.netty.dataStream.port = 15148 (custom)
2023-08-31 18:19:49,563 [main] INFO  server.RaftServerConfigKeys (ConfUtils.java:logGet(46)) - raft.server.threadpool.proxy.cached = true (default)
2023-08-31 18:19:49,563 [main] INFO  server.RaftServerConfigKeys (ConfUtils.java:logGet(46)) - raft.server.threadpool.proxy.size = 0 (default)
2023-08-31 18:19:49,563 [main] INFO  server.RaftServerConfigKeys (ConfUtils.java:logGet(46)) - raft.server.rpc.slowness.timeout = 300s (custom)
2023-08-31 18:19:49,564 [main] INFO  server.RaftServerConfigKeys (ConfUtils.java:logGet(46)) - raft.server.leaderelection.leader.step-down.wait-time = 10s (default)
2023-08-31 18:19:49,564 [main] INFO  server.RaftServerConfigKeys (ConfUtils.java:logGet(46)) - raft.server.storage.dir = [/home/runner/work/ozone/ozone/hadoop-ozone/integration-test/target/test-dir/MiniOzoneClusterImpl-03cba653-44d0-43b4-bc0f-a7205d2183ff/datanode-3/data/ratis] (custom)
2023-08-31 18:19:49,564 [431b9c6f-d536-4d0f-be3d-601c32ccf3d0-NettyServerStreamRpc-bossGroup--thread1] INFO  logging.LoggingHandler (AbstractInternalLogger.java:log(148)) - [id: 0x53484b15] REGISTERED
2023-08-31 18:19:49,565 [431b9c6f-d536-4d0f-be3d-601c32ccf3d0-NettyServerStreamRpc-bossGroup--thread1] INFO  logging.LoggingHandler (AbstractInternalLogger.java:log(148)) - [id: 0x53484b15] BIND: 0.0.0.0/0.0.0.0:15148
2023-08-31 18:19:49,565 [431b9c6f-d536-4d0f-be3d-601c32ccf3d0-NettyServerStreamRpc-bossGroup--thread1] INFO  logging.LoggingHandler (AbstractInternalLogger.java:log(148)) - [id: 0x53484b15, L:/0:0:0:0:0:0:0:0:15148] ACTIVE
2023-08-31 18:19:49,566 [431b9c6f-d536-4d0f-be3d-601c32ccf3d0-impl-thread1] INFO  server.RaftServer (RaftServerProxy.java:initGroupDir(258)) - 431b9c6f-d536-4d0f-be3d-601c32ccf3d0: found a subdirectory /home/runner/work/ozone/ozone/hadoop-ozone/integration-test/target/test-dir/MiniOzoneClusterImpl-03cba653-44d0-43b4-bc0f-a7205d2183ff/datanode-3/data/ratis/tmp
2023-08-31 18:19:49,566 [431b9c6f-d536-4d0f-be3d-601c32ccf3d0-impl-thread1] INFO  server.RaftServer (RaftServerProxy.java:initGroupDir(263)) - 431b9c6f-d536-4d0f-be3d-601c32ccf3d0: The directory /home/runner/work/ozone/ozone/hadoop-ozone/integration-test/target/test-dir/MiniOzoneClusterImpl-03cba653-44d0-43b4-bc0f-a7205d2183ff/datanode-3/data/ratis/tmp is not a group directory; ignoring it. 
2023-08-31 18:19:49,568 [main] INFO  replication.ReplicationServer (ReplicationServer.java:<init>(81)) - Initializing replication server with thread count = 10
2023-08-31 18:19:49,569 [main] INFO  server.XceiverServerGrpc (XceiverServerGrpc.java:<init>(132)) - GrpcServer channel type EpollServerSocketChannel
2023-08-31 18:19:49,571 [main] INFO  replication.ReplicationSupervisor (ReplicationSupervisor.java:build(155)) - Initializing replication supervisor with thread count = 10
2023-08-31 18:19:49,571 [main] INFO  replication.ReplicationSupervisor (ReplicationSupervisor.java:nodeStateUpdated(307)) - Node state updated to IN_SERVICE, scaling executor pool size to 10
2023-08-31 18:19:49,573 [main] INFO  http.BaseHttpServer (BaseHttpServer.java:newHttpServer2BuilderForOzone(223)) - Starting Web-server for hddsDatanode at: http://0.0.0.0:15142
2023-08-31 18:19:49,574 [main] INFO  http.BaseHttpServer (BaseHttpServer.java:<init>(110)) - Hadoop Security Enabled: false Ozone Security Enabled: false Ozone HTTP Security Enabled: false 
2023-08-31 18:19:49,579 [main] WARN  server.AuthenticationFilter (AuthenticationFilter.java:constructSecretProvider(240)) - Unable to initialize FileSignerSecretProvider, falling back to use random secrets. Reason: Could not read signature secret file: /home/runner/hadoop-http-auth-signature-secret
2023-08-31 18:19:49,579 [main] INFO  http.HttpRequestLog (HttpRequestLog.java:getRequestLog(86)) - Http request log for http.requests.hddsDatanode is not defined
2023-08-31 18:19:49,580 [main] INFO  http.HttpServer2 (HttpServer2.java:addGlobalFilter(1031)) - Added global filter 'safety' (class=org.apache.hadoop.hdds.server.http.HttpServer2$QuotingInputFilter)
2023-08-31 18:19:49,581 [main] INFO  http.HttpServer2 (HttpServer2.java:addFilter(1007)) - Added filter static_user_filter (class=org.apache.hadoop.http.lib.StaticUserWebFilter$StaticUserFilter) to context hddsDatanode
2023-08-31 18:19:49,581 [main] INFO  http.HttpServer2 (HttpServer2.java:addFilter(1015)) - Added filter static_user_filter (class=org.apache.hadoop.http.lib.StaticUserWebFilter$StaticUserFilter) to context logs
2023-08-31 18:19:49,581 [main] INFO  http.HttpServer2 (HttpServer2.java:addFilter(1015)) - Added filter static_user_filter (class=org.apache.hadoop.http.lib.StaticUserWebFilter$StaticUserFilter) to context static
2023-08-31 18:19:49,582 [main] INFO  http.BaseHttpServer (BaseHttpServer.java:<init>(189)) - HTTP server of hddsDatanode uses base directory /home/runner/work/ozone/ozone/hadoop-ozone/integration-test/target/test-dir/MiniOzoneClusterImpl-03cba653-44d0-43b4-bc0f-a7205d2183ff/datanode-3/meta/webserver
2023-08-31 18:19:49,582 [main] INFO  http.HttpServer2 (HttpServer2.java:bindListener(1231)) - Jetty bound to port 15142
2023-08-31 18:19:49,582 [main] INFO  server.Server (Server.java:doStart(375)) - jetty-9.4.51.v20230217; built: 2023-02-17T08:19:37.309Z; git: b45c405e4544384de066f814ed42ae3dceacdd49; jvm 1.8.0_382-b05
2023-08-31 18:19:49,584 [main] INFO  server.session (DefaultSessionIdManager.java:doStart(334)) - DefaultSessionIdManager workerName=node0
2023-08-31 18:19:49,584 [main] INFO  server.session (DefaultSessionIdManager.java:doStart(339)) - No SessionScavenger set, using defaults
2023-08-31 18:19:49,586 [main] INFO  server.session (HouseKeeper.java:startScavenging(132)) - node0 Scavenging every 660000ms
2023-08-31 18:19:49,587 [main] INFO  handler.ContextHandler (ContextHandler.java:doStart(921)) - Started o.e.j.s.ServletContextHandler@4300ccf8{logs,/logs,file:///home/runner/work/ozone/ozone/hadoop-ozone/integration-test/target/log,AVAILABLE}
2023-08-31 18:19:49,587 [main] INFO  handler.ContextHandler (ContextHandler.java:doStart(921)) - Started o.e.j.s.ServletContextHandler@672cdb60{static,/static,jar:file:/home/runner/.m2/repository/org/apache/ozone/hdds-container-service/1.4.0-SNAPSHOT/hdds-container-service-1.4.0-SNAPSHOT.jar!/webapps/static,AVAILABLE}
2023-08-31 18:19:49,847 [main] INFO  handler.ContextHandler (ContextHandler.java:doStart(921)) - Started o.e.j.w.WebAppContext@32b2c9f4{hddsDatanode,/,file:///home/runner/work/ozone/ozone/hadoop-ozone/integration-test/target/test-dir/MiniOzoneClusterImpl-03cba653-44d0-43b4-bc0f-a7205d2183ff/datanode-3/meta/webserver/jetty-0_0_0_0-15142-hdds-container-service-1_4_0-SNAPSHOT_jar-_-any-7499391581554899756/webapp/,AVAILABLE}{jar:file:/home/runner/.m2/repository/org/apache/ozone/hdds-container-service/1.4.0-SNAPSHOT/hdds-container-service-1.4.0-SNAPSHOT.jar!/webapps/hddsDatanode}
2023-08-31 18:19:49,850 [main] INFO  server.AbstractConnector (AbstractConnector.java:doStart(333)) - Started ServerConnector@360d4124{HTTP/1.1, (http/1.1)}{0.0.0.0:15142}
2023-08-31 18:19:49,851 [main] INFO  server.Server (Server.java:doStart(415)) - Started @201175ms
2023-08-31 18:19:49,851 [main] WARN  impl.MetricsSystemImpl (MetricsSystemImpl.java:register(279)) - Sink prometheus already exists!
2023-08-31 18:19:49,852 [main] INFO  http.BaseHttpServer (BaseHttpServer.java:updateConnectorAddress(354)) - HTTP server of hddsDatanode listening at http://0.0.0.0:15142
2023-08-31 18:19:49,852 [main] INFO  ipc.CallQueueManager (CallQueueManager.java:<init>(90)) - Using callQueue: class java.util.concurrent.LinkedBlockingQueue, queueCapacity: 100, scheduler: class org.apache.hadoop.ipc.DefaultRpcScheduler, ipcBackoff: false.
2023-08-31 18:19:49,852 [main] INFO  ipc.Server (Server.java:<init>(1287)) - Listener at 0.0.0.0:15143
2023-08-31 18:19:49,853 [Socket Reader #1 for port 15143] INFO  ipc.Server (Server.java:run(1323)) - Starting Socket Reader #1 for port 15143
2023-08-31 18:19:49,855 [main] INFO  ozone.HddsDatanodeService (HddsDatanodeService.java:start(315)) - Datanode start with admins: [runner]
2023-08-31 18:19:49,855 [main] INFO  ozone.HddsDatanodeClientProtocolServer (HddsDatanodeClientProtocolServer.java:start(72)) - RPC server for Client /0.0.0.0:15143
2023-08-31 18:19:49,855 [IPC Server Responder] INFO  ipc.Server (Server.java:run(1562)) - IPC Server Responder: starting
2023-08-31 18:19:49,856 [IPC Server listener on 15143] INFO  ipc.Server (Server.java:run(1402)) - IPC Server listener on 15143: starting
2023-08-31 18:19:49,856 [main] WARN  impl.MetricRegistriesImpl (MetricRegistriesImpl.java:addReporterRegistration(111)) - New reporters are added after registries were created. Some metrics will be missing from the reporter. Please add reporter before adding any new registry.
2023-08-31 18:19:49,860 [main] WARN  impl.MetricRegistriesImpl (MetricRegistriesImpl.java:addReporterRegistration(111)) - New reporters are added after registries were created. Some metrics will be missing from the reporter. Please add reporter before adding any new registry.
2023-08-31 18:19:49,860 [Datanode State Machine Daemon Thread] INFO  statemachine.DatanodeStateMachine (DatanodeStateMachine.java:lambda$startDaemon$0(538)) - Ozone container server started.
2023-08-31 18:19:49,860 [main] INFO  impl.MetricsSystemImpl (MetricsSystemImpl.java:init(158)) - HddsDatanode metrics system started (again)
2023-08-31 18:19:49,871 [Datanode State Machine Task Thread - 0] INFO  datanode.InitDatanodeState (InitDatanodeState.java:persistContainerDatanodeDetails(138)) - DatanodeDetails is persisted to /home/runner/work/ozone/ozone/hadoop-ozone/integration-test/target/test-dir/MiniOzoneClusterImpl-03cba653-44d0-43b4-bc0f-a7205d2183ff/datanode-3/meta/datanode.id
2023-08-31 18:19:49,878 [main] INFO  ozone.HddsDatanodeService (HddsDatanodeService.java:start(237)) - HddsDatanodeService host:fv-az1129-899 ip:10.1.0.8
2023-08-31 18:19:49,934 [main] INFO  upgrade.AbstractLayoutVersionManager (AbstractLayoutVersionManager.java:init(83)) - Initializing Layout version manager with metadata layout = HADOOP_PRC_PORTS_IN_DATANODEDETAILS (version = 7), software layout = HADOOP_PRC_PORTS_IN_DATANODEDETAILS (version = 7)
2023-08-31 18:19:49,934 [main] INFO  statemachine.DatanodeStateMachine (DatanodeStateMachine.java:getEndPointTaskThreadPoolSize(282)) - Datanode State Machine Task Thread Pool size 2
2023-08-31 18:19:49,936 [main] INFO  volume.HddsVolume (HddsVolume.java:<init>(126)) - Creating HddsVolume: /home/runner/work/ozone/ozone/hadoop-ozone/integration-test/target/test-dir/MiniOzoneClusterImpl-03cba653-44d0-43b4-bc0f-a7205d2183ff/datanode-4/data-0/containers/hdds of storage type : DISK capacity : 9223372036854775807
2023-08-31 18:19:49,936 [main] INFO  volume.MutableVolumeSet (MutableVolumeSet.java:initializeVolumeSet(173)) - Added Volume : /home/runner/work/ozone/ozone/hadoop-ozone/integration-test/target/test-dir/MiniOzoneClusterImpl-03cba653-44d0-43b4-bc0f-a7205d2183ff/datanode-4/data-0/containers/hdds to VolumeSet
2023-08-31 18:19:49,937 [main] INFO  volume.MutableVolumeSet (MutableVolumeSet.java:initializeVolumeSet(173)) - Added Volume : /home/runner/work/ozone/ozone/hadoop-ozone/integration-test/target/test-dir/MiniOzoneClusterImpl-03cba653-44d0-43b4-bc0f-a7205d2183ff/datanode-4/data/ratis to VolumeSet
2023-08-31 18:19:49,940 [Thread-1397] INFO  ozoneimpl.ContainerReader (ContainerReader.java:readVolume(177)) - Finish verifying containers on volume /home/runner/work/ozone/ozone/hadoop-ozone/integration-test/target/test-dir/MiniOzoneClusterImpl-03cba653-44d0-43b4-bc0f-a7205d2183ff/datanode-4/data-0/containers/hdds
2023-08-31 18:19:49,940 [main] INFO  ozoneimpl.OzoneContainer (OzoneContainer.java:buildContainerSet(314)) - Build ContainerSet costs 0s
2023-08-31 18:19:49,942 [main] INFO  server.RaftServer (ConfUtils.java:logGet(46)) - raft.rpc.type = GRPC (default)
2023-08-31 18:19:49,942 [main] INFO  grpc.GrpcConfigKeys (ConfUtils.java:logFallback(53)) - raft.grpc.admin.host = null (fallback to raft.grpc.server.host)
2023-08-31 18:19:49,942 [main] INFO  grpc.GrpcConfigKeys (ConfUtils.java:logGet(46)) - raft.grpc.admin.port = 15155 (custom)
2023-08-31 18:19:49,943 [main] INFO  grpc.GrpcConfigKeys (ConfUtils.java:logFallback(53)) - raft.grpc.client.host = null (fallback to raft.grpc.server.host)
2023-08-31 18:19:49,943 [main] INFO  grpc.GrpcConfigKeys (ConfUtils.java:logGet(46)) - raft.grpc.client.port = 15154 (custom)
2023-08-31 18:19:49,943 [main] INFO  grpc.GrpcConfigKeys (ConfUtils.java:logGet(46)) - raft.grpc.server.host = null (default)
2023-08-31 18:19:49,943 [main] INFO  grpc.GrpcConfigKeys (ConfUtils.java:logGet(46)) - raft.grpc.server.port = 15156 (custom)
2023-08-31 18:19:49,943 [main] INFO  server.GrpcService (ConfUtils.java:logGet(46)) - raft.grpc.message.size.max = 32MB (=33554432) (custom)
2023-08-31 18:19:49,943 [main] INFO  server.RaftServerConfigKeys (ConfUtils.java:logGet(46)) - raft.server.log.appender.buffer.byte-limit = 33554432 (custom)
2023-08-31 18:19:49,943 [main] INFO  server.GrpcService (ConfUtils.java:logGet(46)) - raft.grpc.flow.control.window = 5MB (=5242880) (custom)
2023-08-31 18:19:49,944 [main] INFO  server.RaftServerConfigKeys (ConfUtils.java:logGet(46)) - raft.server.rpc.request.timeout = 60s (custom)
2023-08-31 18:19:49,944 [main] INFO  grpc.GrpcConfigKeys (ConfUtils.java:logGet(46)) - raft.grpc.server.heartbeat.channel = true (default)
2023-08-31 18:19:49,944 [main] INFO  grpc.GrpcConfigKeys (ConfUtils.java:logGet(46)) - raft.grpc.server.async.request.thread.pool.cached = true (default)
2023-08-31 18:19:49,944 [main] INFO  grpc.GrpcConfigKeys (ConfUtils.java:logGet(46)) - raft.grpc.server.async.request.thread.pool.size = 32 (default)
2023-08-31 18:19:49,947 [main] INFO  impl.DataStreamServerImpl (ConfUtils.java:logGet(46)) - raft.datastream.type = NETTY (custom)
2023-08-31 18:19:49,948 [main] INFO  server.RaftServerConfigKeys (ConfUtils.java:logGet(46)) - raft.server.data-stream.async.request.thread.pool.cached = false (default)
2023-08-31 18:19:49,948 [main] INFO  server.RaftServerConfigKeys (ConfUtils.java:logGet(46)) - raft.server.data-stream.async.request.thread.pool.size = 20 (custom)
2023-08-31 18:19:49,948 [main] INFO  server.RaftServerConfigKeys (ConfUtils.java:logGet(46)) - raft.server.data-stream.async.write.thread.pool.size = 16 (default)
2023-08-31 18:19:49,948 [main] INFO  server.RaftServerConfigKeys (ConfUtils.java:logGet(46)) - raft.server.data-stream.client.pool.size = 10 (default)
2023-08-31 18:19:49,948 [main] INFO  netty.NettyConfigKeys$DataStream (ConfUtils.java:logGet(46)) - raft.netty.dataStream.server.use-epoll = false (default)
2023-08-31 18:19:49,949 [main] INFO  netty.NettyConfigKeys$DataStream (ConfUtils.java:logGet(46)) - raft.netty.dataStream.server.boss-group.size = 0 (default)
2023-08-31 18:19:49,949 [main] INFO  netty.NettyConfigKeys$DataStream (ConfUtils.java:logGet(46)) - raft.netty.dataStream.server.worker-group.size = 0 (default)
2023-08-31 18:19:49,949 [main] INFO  netty.NettyConfigKeys$DataStream (ConfUtils.java:logGet(46)) - raft.netty.dataStream.server.tls.conf = null (default)
2023-08-31 18:19:49,950 [main] INFO  netty.NettyConfigKeys$DataStream (ConfUtils.java:logGet(46)) - raft.netty.dataStream.host = null (default)
2023-08-31 18:19:49,950 [main] INFO  netty.NettyConfigKeys$DataStream (ConfUtils.java:logGet(46)) - raft.netty.dataStream.port = 15157 (custom)
2023-08-31 18:19:49,952 [main] INFO  server.RaftServerConfigKeys (ConfUtils.java:logGet(46)) - raft.server.threadpool.proxy.cached = true (default)
2023-08-31 18:19:49,952 [main] INFO  server.RaftServerConfigKeys (ConfUtils.java:logGet(46)) - raft.server.threadpool.proxy.size = 0 (default)
2023-08-31 18:19:49,952 [main] INFO  server.RaftServerConfigKeys (ConfUtils.java:logGet(46)) - raft.server.rpc.slowness.timeout = 300s (custom)
2023-08-31 18:19:49,952 [main] INFO  server.RaftServerConfigKeys (ConfUtils.java:logGet(46)) - raft.server.leaderelection.leader.step-down.wait-time = 10s (default)
2023-08-31 18:19:49,952 [main] INFO  server.RaftServerConfigKeys (ConfUtils.java:logGet(46)) - raft.server.storage.dir = [/home/runner/work/ozone/ozone/hadoop-ozone/integration-test/target/test-dir/MiniOzoneClusterImpl-03cba653-44d0-43b4-bc0f-a7205d2183ff/datanode-4/data/ratis] (custom)
2023-08-31 18:19:49,953 [2b1a9455-1161-459a-84a9-9731b4638bee-NettyServerStreamRpc-bossGroup--thread1] INFO  logging.LoggingHandler (AbstractInternalLogger.java:log(148)) - [id: 0x3183dc12] REGISTERED
2023-08-31 18:19:49,953 [2b1a9455-1161-459a-84a9-9731b4638bee-NettyServerStreamRpc-bossGroup--thread1] INFO  logging.LoggingHandler (AbstractInternalLogger.java:log(148)) - [id: 0x3183dc12] BIND: 0.0.0.0/0.0.0.0:15157
2023-08-31 18:19:49,953 [2b1a9455-1161-459a-84a9-9731b4638bee-NettyServerStreamRpc-bossGroup--thread1] INFO  logging.LoggingHandler (AbstractInternalLogger.java:log(148)) - [id: 0x3183dc12, L:/0:0:0:0:0:0:0:0:15157] ACTIVE
2023-08-31 18:19:49,956 [2b1a9455-1161-459a-84a9-9731b4638bee-impl-thread1] INFO  server.RaftServer (RaftServerProxy.java:initGroupDir(258)) - 2b1a9455-1161-459a-84a9-9731b4638bee: found a subdirectory /home/runner/work/ozone/ozone/hadoop-ozone/integration-test/target/test-dir/MiniOzoneClusterImpl-03cba653-44d0-43b4-bc0f-a7205d2183ff/datanode-4/data/ratis/tmp
2023-08-31 18:19:49,956 [2b1a9455-1161-459a-84a9-9731b4638bee-impl-thread1] INFO  server.RaftServer (RaftServerProxy.java:initGroupDir(263)) - 2b1a9455-1161-459a-84a9-9731b4638bee: The directory /home/runner/work/ozone/ozone/hadoop-ozone/integration-test/target/test-dir/MiniOzoneClusterImpl-03cba653-44d0-43b4-bc0f-a7205d2183ff/datanode-4/data/ratis/tmp is not a group directory; ignoring it. 
2023-08-31 18:19:49,956 [main] INFO  replication.ReplicationServer (ReplicationServer.java:<init>(81)) - Initializing replication server with thread count = 10
2023-08-31 18:19:49,957 [main] INFO  server.XceiverServerGrpc (XceiverServerGrpc.java:<init>(132)) - GrpcServer channel type EpollServerSocketChannel
2023-08-31 18:19:49,959 [main] INFO  replication.ReplicationSupervisor (ReplicationSupervisor.java:build(155)) - Initializing replication supervisor with thread count = 10
2023-08-31 18:19:49,959 [main] INFO  replication.ReplicationSupervisor (ReplicationSupervisor.java:nodeStateUpdated(307)) - Node state updated to IN_SERVICE, scaling executor pool size to 10
2023-08-31 18:19:49,962 [main] INFO  http.BaseHttpServer (BaseHttpServer.java:newHttpServer2BuilderForOzone(223)) - Starting Web-server for hddsDatanode at: http://0.0.0.0:15151
2023-08-31 18:19:49,962 [main] INFO  http.BaseHttpServer (BaseHttpServer.java:<init>(110)) - Hadoop Security Enabled: false Ozone Security Enabled: false Ozone HTTP Security Enabled: false 
2023-08-31 18:19:49,963 [main] WARN  server.AuthenticationFilter (AuthenticationFilter.java:constructSecretProvider(240)) - Unable to initialize FileSignerSecretProvider, falling back to use random secrets. Reason: Could not read signature secret file: /home/runner/hadoop-http-auth-signature-secret
2023-08-31 18:19:49,964 [main] INFO  http.HttpRequestLog (HttpRequestLog.java:getRequestLog(86)) - Http request log for http.requests.hddsDatanode is not defined
2023-08-31 18:19:49,965 [main] INFO  http.HttpServer2 (HttpServer2.java:addGlobalFilter(1031)) - Added global filter 'safety' (class=org.apache.hadoop.hdds.server.http.HttpServer2$QuotingInputFilter)
2023-08-31 18:19:49,965 [main] INFO  http.HttpServer2 (HttpServer2.java:addFilter(1007)) - Added filter static_user_filter (class=org.apache.hadoop.http.lib.StaticUserWebFilter$StaticUserFilter) to context hddsDatanode
2023-08-31 18:19:49,966 [main] INFO  http.HttpServer2 (HttpServer2.java:addFilter(1015)) - Added filter static_user_filter (class=org.apache.hadoop.http.lib.StaticUserWebFilter$StaticUserFilter) to context static
2023-08-31 18:19:49,966 [main] INFO  http.HttpServer2 (HttpServer2.java:addFilter(1015)) - Added filter static_user_filter (class=org.apache.hadoop.http.lib.StaticUserWebFilter$StaticUserFilter) to context logs
2023-08-31 18:19:49,966 [main] INFO  http.BaseHttpServer (BaseHttpServer.java:<init>(189)) - HTTP server of hddsDatanode uses base directory /home/runner/work/ozone/ozone/hadoop-ozone/integration-test/target/test-dir/MiniOzoneClusterImpl-03cba653-44d0-43b4-bc0f-a7205d2183ff/datanode-4/meta/webserver
2023-08-31 18:19:49,967 [main] INFO  http.HttpServer2 (HttpServer2.java:bindListener(1231)) - Jetty bound to port 15151
2023-08-31 18:19:49,967 [main] INFO  server.Server (Server.java:doStart(375)) - jetty-9.4.51.v20230217; built: 2023-02-17T08:19:37.309Z; git: b45c405e4544384de066f814ed42ae3dceacdd49; jvm 1.8.0_382-b05
2023-08-31 18:19:49,972 [main] INFO  server.session (DefaultSessionIdManager.java:doStart(334)) - DefaultSessionIdManager workerName=node0
2023-08-31 18:19:49,972 [main] INFO  server.session (DefaultSessionIdManager.java:doStart(339)) - No SessionScavenger set, using defaults
2023-08-31 18:19:49,973 [main] INFO  server.session (HouseKeeper.java:startScavenging(132)) - node0 Scavenging every 660000ms
2023-08-31 18:19:49,974 [main] INFO  handler.ContextHandler (ContextHandler.java:doStart(921)) - Started o.e.j.s.ServletContextHandler@4ad4366{logs,/logs,file:///home/runner/work/ozone/ozone/hadoop-ozone/integration-test/target/log,AVAILABLE}
2023-08-31 18:19:49,974 [main] INFO  handler.ContextHandler (ContextHandler.java:doStart(921)) - Started o.e.j.s.ServletContextHandler@595ed648{static,/static,jar:file:/home/runner/.m2/repository/org/apache/ozone/hdds-container-service/1.4.0-SNAPSHOT/hdds-container-service-1.4.0-SNAPSHOT.jar!/webapps/static,AVAILABLE}
2023-08-31 18:19:50,217 [main] INFO  handler.ContextHandler (ContextHandler.java:doStart(921)) - Started o.e.j.w.WebAppContext@6b5f2753{hddsDatanode,/,file:///home/runner/work/ozone/ozone/hadoop-ozone/integration-test/target/test-dir/MiniOzoneClusterImpl-03cba653-44d0-43b4-bc0f-a7205d2183ff/datanode-4/meta/webserver/jetty-0_0_0_0-15151-hdds-container-service-1_4_0-SNAPSHOT_jar-_-any-5358408224677216083/webapp/,AVAILABLE}{jar:file:/home/runner/.m2/repository/org/apache/ozone/hdds-container-service/1.4.0-SNAPSHOT/hdds-container-service-1.4.0-SNAPSHOT.jar!/webapps/hddsDatanode}
2023-08-31 18:19:50,221 [main] INFO  server.AbstractConnector (AbstractConnector.java:doStart(333)) - Started ServerConnector@7dc8cb0f{HTTP/1.1, (http/1.1)}{0.0.0.0:15151}
2023-08-31 18:19:50,221 [main] INFO  server.Server (Server.java:doStart(415)) - Started @201545ms
2023-08-31 18:19:50,221 [main] WARN  impl.MetricsSystemImpl (MetricsSystemImpl.java:register(279)) - Sink prometheus already exists!
2023-08-31 18:19:50,222 [main] INFO  http.BaseHttpServer (BaseHttpServer.java:updateConnectorAddress(354)) - HTTP server of hddsDatanode listening at http://0.0.0.0:15151
2023-08-31 18:19:50,222 [main] INFO  ipc.CallQueueManager (CallQueueManager.java:<init>(90)) - Using callQueue: class java.util.concurrent.LinkedBlockingQueue, queueCapacity: 100, scheduler: class org.apache.hadoop.ipc.DefaultRpcScheduler, ipcBackoff: false.
2023-08-31 18:19:50,222 [main] INFO  ipc.Server (Server.java:<init>(1287)) - Listener at 0.0.0.0:15152
2023-08-31 18:19:50,224 [main] INFO  ozone.HddsDatanodeService (HddsDatanodeService.java:start(315)) - Datanode start with admins: [runner]
2023-08-31 18:19:50,224 [main] INFO  ozone.HddsDatanodeClientProtocolServer (HddsDatanodeClientProtocolServer.java:start(72)) - RPC server for Client /0.0.0.0:15152
2023-08-31 18:19:50,225 [Socket Reader #1 for port 15152] INFO  ipc.Server (Server.java:run(1323)) - Starting Socket Reader #1 for port 15152
2023-08-31 18:19:50,225 [IPC Server Responder] INFO  ipc.Server (Server.java:run(1562)) - IPC Server Responder: starting
2023-08-31 18:19:50,226 [IPC Server listener on 15152] INFO  ipc.Server (Server.java:run(1402)) - IPC Server listener on 15152: starting
2023-08-31 18:19:50,227 [Datanode State Machine Daemon Thread] INFO  statemachine.DatanodeStateMachine (DatanodeStateMachine.java:lambda$startDaemon$0(538)) - Ozone container server started.
2023-08-31 18:19:50,227 [main] INFO  ozone.MiniOzoneClusterImpl (MiniOzoneClusterImpl.java:lambda$waitForClusterToBeReady$0(224)) - Waiting for nodes to be ready. Got 0 of 5 DN Heartbeats.
2023-08-31 18:19:50,227 [main] INFO  ozone.MiniOzoneClusterImpl (MiniOzoneClusterImpl.java:lambda$waitForClusterToBeReady$0(227)) - Waiting for cluster to exit safe mode
2023-08-31 18:19:50,228 [main] INFO  ozone.MiniOzoneClusterImpl (MiniOzoneClusterImpl.java:lambda$waitForClusterToBeReady$0(229)) - SCM became leader
2023-08-31 18:19:50,246 [Datanode State Machine Task Thread - 0] INFO  datanode.InitDatanodeState (InitDatanodeState.java:persistContainerDatanodeDetails(138)) - DatanodeDetails is persisted to /home/runner/work/ozone/ozone/hadoop-ozone/integration-test/target/test-dir/MiniOzoneClusterImpl-03cba653-44d0-43b4-bc0f-a7205d2183ff/datanode-4/meta/datanode.id
2023-08-31 18:19:50,726 [EndpointStateMachine task thread for /0.0.0.0:15108 - 0 ] INFO  utils.DatanodeStoreCache (DatanodeStoreCache.java:addDB(66)) - Added db /home/runner/work/ozone/ozone/hadoop-ozone/integration-test/target/test-dir/MiniOzoneClusterImpl-03cba653-44d0-43b4-bc0f-a7205d2183ff/datanode-0/data-0/containers/hdds/03cba653-44d0-43b4-bc0f-a7205d2183ff/DS-6c57443d-e87c-4b62-8311-d77491882f37/container.db to cache
2023-08-31 18:19:50,727 [EndpointStateMachine task thread for /0.0.0.0:15108 - 0 ] INFO  volume.HddsVolume (HddsVolume.java:createDbStore(422)) - SchemaV3 db is created and loaded at /home/runner/work/ozone/ozone/hadoop-ozone/integration-test/target/test-dir/MiniOzoneClusterImpl-03cba653-44d0-43b4-bc0f-a7205d2183ff/datanode-0/data-0/containers/hdds/03cba653-44d0-43b4-bc0f-a7205d2183ff/DS-6c57443d-e87c-4b62-8311-d77491882f37/container.db for volume DS-6c57443d-e87c-4b62-8311-d77491882f37
2023-08-31 18:19:50,727 [EndpointStateMachine task thread for /0.0.0.0:15108 - 0 ] INFO  volume.ThrottledAsyncChecker (ThrottledAsyncChecker.java:schedule(141)) - Scheduling a check for /home/runner/work/ozone/ozone/hadoop-ozone/integration-test/target/test-dir/MiniOzoneClusterImpl-03cba653-44d0-43b4-bc0f-a7205d2183ff/datanode-0/data-0/containers/hdds
2023-08-31 18:19:50,728 [EndpointStateMachine task thread for /0.0.0.0:15108 - 0 ] INFO  volume.StorageVolumeChecker (StorageVolumeChecker.java:checkAllVolumes(213)) - Scheduled health check for volume /home/runner/work/ozone/ozone/hadoop-ozone/integration-test/target/test-dir/MiniOzoneClusterImpl-03cba653-44d0-43b4-bc0f-a7205d2183ff/datanode-0/data-0/containers/hdds
2023-08-31 18:19:50,731 [EndpointStateMachine task thread for /0.0.0.0:15108 - 0 ] INFO  volume.ThrottledAsyncChecker (ThrottledAsyncChecker.java:schedule(141)) - Scheduling a check for /home/runner/work/ozone/ozone/hadoop-ozone/integration-test/target/test-dir/MiniOzoneClusterImpl-03cba653-44d0-43b4-bc0f-a7205d2183ff/datanode-0/data/ratis
2023-08-31 18:19:50,731 [EndpointStateMachine task thread for /0.0.0.0:15108 - 0 ] INFO  volume.StorageVolumeChecker (StorageVolumeChecker.java:checkAllVolumes(213)) - Scheduled health check for volume /home/runner/work/ozone/ozone/hadoop-ozone/integration-test/target/test-dir/MiniOzoneClusterImpl-03cba653-44d0-43b4-bc0f-a7205d2183ff/datanode-0/data/ratis
2023-08-31 18:19:50,733 [EndpointStateMachine task thread for /0.0.0.0:15108 - 0 ] INFO  ozoneimpl.OzoneContainer (OzoneContainer.java:start(429)) - Attempting to start container services.
2023-08-31 18:19:50,733 [EndpointStateMachine task thread for /0.0.0.0:15108 - 0 ] INFO  ozoneimpl.OzoneContainer (OzoneContainer.java:startContainerScrub(325)) - Scheduled background container scanners and the on-demand container scanner have been disabled.
2023-08-31 18:19:50,736 [EndpointStateMachine task thread for /0.0.0.0:15108 - 0 ] INFO  replication.ReplicationServer (ReplicationServer.java:start(130)) - ReplicationServer is started using port 15122
2023-08-31 18:19:50,737 [EndpointStateMachine task thread for /0.0.0.0:15108 - 0 ] INFO  ratis.XceiverServerRatis (XceiverServerRatis.java:start(517)) - Starting XceiverServerRatis cea0c109-6e95-4b2c-982c-0dc77a608767
2023-08-31 18:19:50,740 [EndpointStateMachine task thread for /0.0.0.0:15108 - 0 ] INFO  server.RaftServer (RaftServerProxy.java:startImpl(400)) - cea0c109-6e95-4b2c-982c-0dc77a608767: start RPC server
2023-08-31 18:19:50,742 [EndpointStateMachine task thread for /0.0.0.0:15108 - 0 ] INFO  server.GrpcService (GrpcService.java:startImpl(302)) - cea0c109-6e95-4b2c-982c-0dc77a608767: GrpcService started, listening on 15118
2023-08-31 18:19:50,742 [EndpointStateMachine task thread for /0.0.0.0:15108 - 0 ] INFO  server.GrpcService (GrpcService.java:startImpl(302)) - cea0c109-6e95-4b2c-982c-0dc77a608767: GrpcService started, listening on 15120
2023-08-31 18:19:50,744 [EndpointStateMachine task thread for /0.0.0.0:15108 - 0 ] INFO  server.GrpcService (GrpcService.java:startImpl(302)) - cea0c109-6e95-4b2c-982c-0dc77a608767: GrpcService started, listening on 15119
2023-08-31 18:19:50,744 [EndpointStateMachine task thread for /0.0.0.0:15108 - 0 ] INFO  ratis.XceiverServerRatis (XceiverServerRatis.java:getRealPort(543)) - XceiverServerRatis cea0c109-6e95-4b2c-982c-0dc77a608767 is started using port 15118 for RATIS
2023-08-31 18:19:50,744 [EndpointStateMachine task thread for /0.0.0.0:15108 - 0 ] INFO  ratis.XceiverServerRatis (XceiverServerRatis.java:getRealPort(543)) - XceiverServerRatis cea0c109-6e95-4b2c-982c-0dc77a608767 is started using port 15119 for RATIS_ADMIN
2023-08-31 18:19:50,744 [EndpointStateMachine task thread for /0.0.0.0:15108 - 0 ] INFO  ratis.XceiverServerRatis (XceiverServerRatis.java:getRealPort(543)) - XceiverServerRatis cea0c109-6e95-4b2c-982c-0dc77a608767 is started using port 15120 for RATIS_SERVER
2023-08-31 18:19:50,744 [EndpointStateMachine task thread for /0.0.0.0:15108 - 0 ] INFO  ratis.XceiverServerRatis (XceiverServerRatis.java:getRealPort(543)) - XceiverServerRatis cea0c109-6e95-4b2c-982c-0dc77a608767 is started using port 15121 for RATIS_DATASTREAM
2023-08-31 18:19:50,747 [JvmPauseMonitor16] INFO  util.JvmPauseMonitor (JvmPauseMonitor.java:run(103)) - JvmPauseMonitor-cea0c109-6e95-4b2c-982c-0dc77a608767: Started
2023-08-31 18:19:50,749 [BlockDeletingService#0] INFO  interfaces.ContainerDeletionChoosingPolicyTemplate (ContainerDeletionChoosingPolicyTemplate.java:chooseContainerForBlockDeletion(85)) - Chosen 0/5000 blocks from 0 candidate containers.
2023-08-31 18:19:51,081 [EndpointStateMachine task thread for /0.0.0.0:15108 - 0 ] INFO  utils.DatanodeStoreCache (DatanodeStoreCache.java:addDB(66)) - Added db /home/runner/work/ozone/ozone/hadoop-ozone/integration-test/target/test-dir/MiniOzoneClusterImpl-03cba653-44d0-43b4-bc0f-a7205d2183ff/datanode-1/data-0/containers/hdds/03cba653-44d0-43b4-bc0f-a7205d2183ff/DS-3720c7cd-0553-4970-8bbc-9e7f5d935a05/container.db to cache
2023-08-31 18:19:51,081 [EndpointStateMachine task thread for /0.0.0.0:15108 - 0 ] INFO  volume.HddsVolume (HddsVolume.java:createDbStore(422)) - SchemaV3 db is created and loaded at /home/runner/work/ozone/ozone/hadoop-ozone/integration-test/target/test-dir/MiniOzoneClusterImpl-03cba653-44d0-43b4-bc0f-a7205d2183ff/datanode-1/data-0/containers/hdds/03cba653-44d0-43b4-bc0f-a7205d2183ff/DS-3720c7cd-0553-4970-8bbc-9e7f5d935a05/container.db for volume DS-3720c7cd-0553-4970-8bbc-9e7f5d935a05
2023-08-31 18:19:51,083 [EndpointStateMachine task thread for /0.0.0.0:15108 - 0 ] INFO  volume.ThrottledAsyncChecker (ThrottledAsyncChecker.java:schedule(141)) - Scheduling a check for /home/runner/work/ozone/ozone/hadoop-ozone/integration-test/target/test-dir/MiniOzoneClusterImpl-03cba653-44d0-43b4-bc0f-a7205d2183ff/datanode-1/data-0/containers/hdds
2023-08-31 18:19:51,084 [EndpointStateMachine task thread for /0.0.0.0:15108 - 0 ] INFO  volume.StorageVolumeChecker (StorageVolumeChecker.java:checkAllVolumes(213)) - Scheduled health check for volume /home/runner/work/ozone/ozone/hadoop-ozone/integration-test/target/test-dir/MiniOzoneClusterImpl-03cba653-44d0-43b4-bc0f-a7205d2183ff/datanode-1/data-0/containers/hdds
2023-08-31 18:19:51,087 [EndpointStateMachine task thread for /0.0.0.0:15108 - 0 ] INFO  volume.ThrottledAsyncChecker (ThrottledAsyncChecker.java:schedule(141)) - Scheduling a check for /home/runner/work/ozone/ozone/hadoop-ozone/integration-test/target/test-dir/MiniOzoneClusterImpl-03cba653-44d0-43b4-bc0f-a7205d2183ff/datanode-1/data/ratis
2023-08-31 18:19:51,087 [EndpointStateMachine task thread for /0.0.0.0:15108 - 0 ] INFO  volume.StorageVolumeChecker (StorageVolumeChecker.java:checkAllVolumes(213)) - Scheduled health check for volume /home/runner/work/ozone/ozone/hadoop-ozone/integration-test/target/test-dir/MiniOzoneClusterImpl-03cba653-44d0-43b4-bc0f-a7205d2183ff/datanode-1/data/ratis
2023-08-31 18:19:51,089 [EndpointStateMachine task thread for /0.0.0.0:15108 - 0 ] INFO  ozoneimpl.OzoneContainer (OzoneContainer.java:start(429)) - Attempting to start container services.
2023-08-31 18:19:51,089 [EndpointStateMachine task thread for /0.0.0.0:15108 - 0 ] INFO  ozoneimpl.OzoneContainer (OzoneContainer.java:startContainerScrub(325)) - Scheduled background container scanners and the on-demand container scanner have been disabled.
2023-08-31 18:19:51,090 [EndpointStateMachine task thread for /0.0.0.0:15108 - 0 ] INFO  replication.ReplicationServer (ReplicationServer.java:start(130)) - ReplicationServer is started using port 15131
2023-08-31 18:19:51,090 [EndpointStateMachine task thread for /0.0.0.0:15108 - 0 ] INFO  ratis.XceiverServerRatis (XceiverServerRatis.java:start(517)) - Starting XceiverServerRatis 14fa2eac-e184-46cf-8dd5-e89808402331
2023-08-31 18:19:51,090 [EndpointStateMachine task thread for /0.0.0.0:15108 - 0 ] INFO  server.RaftServer (RaftServerProxy.java:startImpl(400)) - 14fa2eac-e184-46cf-8dd5-e89808402331: start RPC server
2023-08-31 18:19:51,093 [EndpointStateMachine task thread for /0.0.0.0:15108 - 0 ] INFO  server.GrpcService (GrpcService.java:startImpl(302)) - 14fa2eac-e184-46cf-8dd5-e89808402331: GrpcService started, listening on 15127
2023-08-31 18:19:51,094 [EndpointStateMachine task thread for /0.0.0.0:15108 - 0 ] INFO  server.GrpcService (GrpcService.java:startImpl(302)) - 14fa2eac-e184-46cf-8dd5-e89808402331: GrpcService started, listening on 15129
2023-08-31 18:19:51,095 [EndpointStateMachine task thread for /0.0.0.0:15108 - 0 ] INFO  server.GrpcService (GrpcService.java:startImpl(302)) - 14fa2eac-e184-46cf-8dd5-e89808402331: GrpcService started, listening on 15128
2023-08-31 18:19:51,095 [EndpointStateMachine task thread for /0.0.0.0:15108 - 0 ] INFO  ratis.XceiverServerRatis (XceiverServerRatis.java:getRealPort(543)) - XceiverServerRatis 14fa2eac-e184-46cf-8dd5-e89808402331 is started using port 15127 for RATIS
2023-08-31 18:19:51,095 [EndpointStateMachine task thread for /0.0.0.0:15108 - 0 ] INFO  ratis.XceiverServerRatis (XceiverServerRatis.java:getRealPort(543)) - XceiverServerRatis 14fa2eac-e184-46cf-8dd5-e89808402331 is started using port 15128 for RATIS_ADMIN
2023-08-31 18:19:51,095 [JvmPauseMonitor17] INFO  util.JvmPauseMonitor (JvmPauseMonitor.java:run(103)) - JvmPauseMonitor-14fa2eac-e184-46cf-8dd5-e89808402331: Started
2023-08-31 18:19:51,095 [EndpointStateMachine task thread for /0.0.0.0:15108 - 0 ] INFO  ratis.XceiverServerRatis (XceiverServerRatis.java:getRealPort(543)) - XceiverServerRatis 14fa2eac-e184-46cf-8dd5-e89808402331 is started using port 15129 for RATIS_SERVER
2023-08-31 18:19:51,095 [EndpointStateMachine task thread for /0.0.0.0:15108 - 0 ] INFO  ratis.XceiverServerRatis (XceiverServerRatis.java:getRealPort(543)) - XceiverServerRatis 14fa2eac-e184-46cf-8dd5-e89808402331 is started using port 15130 for RATIS_DATASTREAM
2023-08-31 18:19:51,099 [BlockDeletingService#0] INFO  interfaces.ContainerDeletionChoosingPolicyTemplate (ContainerDeletionChoosingPolicyTemplate.java:chooseContainerForBlockDeletion(85)) - Chosen 0/5000 blocks from 0 candidate containers.
2023-08-31 18:19:51,228 [main] INFO  ozone.MiniOzoneClusterImpl (MiniOzoneClusterImpl.java:lambda$waitForClusterToBeReady$0(224)) - Waiting for nodes to be ready. Got 0 of 5 DN Heartbeats.
2023-08-31 18:19:51,228 [main] INFO  ozone.MiniOzoneClusterImpl (MiniOzoneClusterImpl.java:lambda$waitForClusterToBeReady$0(227)) - Waiting for cluster to exit safe mode
2023-08-31 18:19:51,228 [main] INFO  ozone.MiniOzoneClusterImpl (MiniOzoneClusterImpl.java:lambda$waitForClusterToBeReady$0(229)) - SCM became leader
2023-08-31 18:19:51,544 [EndpointStateMachine task thread for /0.0.0.0:15108 - 0 ] INFO  utils.DatanodeStoreCache (DatanodeStoreCache.java:addDB(66)) - Added db /home/runner/work/ozone/ozone/hadoop-ozone/integration-test/target/test-dir/MiniOzoneClusterImpl-03cba653-44d0-43b4-bc0f-a7205d2183ff/datanode-2/data-0/containers/hdds/03cba653-44d0-43b4-bc0f-a7205d2183ff/DS-ecfc1e7d-2d07-4e44-983f-dbe964ae876e/container.db to cache
2023-08-31 18:19:51,545 [EndpointStateMachine task thread for /0.0.0.0:15108 - 0 ] INFO  volume.HddsVolume (HddsVolume.java:createDbStore(422)) - SchemaV3 db is created and loaded at /home/runner/work/ozone/ozone/hadoop-ozone/integration-test/target/test-dir/MiniOzoneClusterImpl-03cba653-44d0-43b4-bc0f-a7205d2183ff/datanode-2/data-0/containers/hdds/03cba653-44d0-43b4-bc0f-a7205d2183ff/DS-ecfc1e7d-2d07-4e44-983f-dbe964ae876e/container.db for volume DS-ecfc1e7d-2d07-4e44-983f-dbe964ae876e
2023-08-31 18:19:51,545 [EndpointStateMachine task thread for /0.0.0.0:15108 - 0 ] INFO  volume.ThrottledAsyncChecker (ThrottledAsyncChecker.java:schedule(141)) - Scheduling a check for /home/runner/work/ozone/ozone/hadoop-ozone/integration-test/target/test-dir/MiniOzoneClusterImpl-03cba653-44d0-43b4-bc0f-a7205d2183ff/datanode-2/data-0/containers/hdds
2023-08-31 18:19:51,546 [EndpointStateMachine task thread for /0.0.0.0:15108 - 0 ] INFO  volume.StorageVolumeChecker (StorageVolumeChecker.java:checkAllVolumes(213)) - Scheduled health check for volume /home/runner/work/ozone/ozone/hadoop-ozone/integration-test/target/test-dir/MiniOzoneClusterImpl-03cba653-44d0-43b4-bc0f-a7205d2183ff/datanode-2/data-0/containers/hdds
2023-08-31 18:19:51,549 [EndpointStateMachine task thread for /0.0.0.0:15108 - 0 ] INFO  volume.ThrottledAsyncChecker (ThrottledAsyncChecker.java:schedule(141)) - Scheduling a check for /home/runner/work/ozone/ozone/hadoop-ozone/integration-test/target/test-dir/MiniOzoneClusterImpl-03cba653-44d0-43b4-bc0f-a7205d2183ff/datanode-2/data/ratis
2023-08-31 18:19:51,550 [EndpointStateMachine task thread for /0.0.0.0:15108 - 0 ] INFO  volume.StorageVolumeChecker (StorageVolumeChecker.java:checkAllVolumes(213)) - Scheduled health check for volume /home/runner/work/ozone/ozone/hadoop-ozone/integration-test/target/test-dir/MiniOzoneClusterImpl-03cba653-44d0-43b4-bc0f-a7205d2183ff/datanode-2/data/ratis
2023-08-31 18:19:51,551 [EndpointStateMachine task thread for /0.0.0.0:15108 - 0 ] INFO  ozoneimpl.OzoneContainer (OzoneContainer.java:start(429)) - Attempting to start container services.
2023-08-31 18:19:51,551 [EndpointStateMachine task thread for /0.0.0.0:15108 - 0 ] INFO  ozoneimpl.OzoneContainer (OzoneContainer.java:startContainerScrub(325)) - Scheduled background container scanners and the on-demand container scanner have been disabled.
2023-08-31 18:19:51,552 [EndpointStateMachine task thread for /0.0.0.0:15108 - 0 ] INFO  replication.ReplicationServer (ReplicationServer.java:start(130)) - ReplicationServer is started using port 15140
2023-08-31 18:19:51,552 [EndpointStateMachine task thread for /0.0.0.0:15108 - 0 ] INFO  ratis.XceiverServerRatis (XceiverServerRatis.java:start(517)) - Starting XceiverServerRatis b680699b-c9cb-4670-83ba-783bfe62cfe5
2023-08-31 18:19:51,553 [EndpointStateMachine task thread for /0.0.0.0:15108 - 0 ] INFO  server.RaftServer (RaftServerProxy.java:startImpl(400)) - b680699b-c9cb-4670-83ba-783bfe62cfe5: start RPC server
2023-08-31 18:19:51,556 [EndpointStateMachine task thread for /0.0.0.0:15108 - 0 ] INFO  server.GrpcService (GrpcService.java:startImpl(302)) - b680699b-c9cb-4670-83ba-783bfe62cfe5: GrpcService started, listening on 15136
2023-08-31 18:19:51,557 [EndpointStateMachine task thread for /0.0.0.0:15108 - 0 ] INFO  server.GrpcService (GrpcService.java:startImpl(302)) - b680699b-c9cb-4670-83ba-783bfe62cfe5: GrpcService started, listening on 15138
2023-08-31 18:19:51,558 [EndpointStateMachine task thread for /0.0.0.0:15108 - 0 ] INFO  server.GrpcService (GrpcService.java:startImpl(302)) - b680699b-c9cb-4670-83ba-783bfe62cfe5: GrpcService started, listening on 15137
2023-08-31 18:19:51,559 [EndpointStateMachine task thread for /0.0.0.0:15108 - 0 ] INFO  ratis.XceiverServerRatis (XceiverServerRatis.java:getRealPort(543)) - XceiverServerRatis b680699b-c9cb-4670-83ba-783bfe62cfe5 is started using port 15136 for RATIS
2023-08-31 18:19:51,559 [EndpointStateMachine task thread for /0.0.0.0:15108 - 0 ] INFO  ratis.XceiverServerRatis (XceiverServerRatis.java:getRealPort(543)) - XceiverServerRatis b680699b-c9cb-4670-83ba-783bfe62cfe5 is started using port 15137 for RATIS_ADMIN
2023-08-31 18:19:51,559 [EndpointStateMachine task thread for /0.0.0.0:15108 - 0 ] INFO  ratis.XceiverServerRatis (XceiverServerRatis.java:getRealPort(543)) - XceiverServerRatis b680699b-c9cb-4670-83ba-783bfe62cfe5 is started using port 15138 for RATIS_SERVER
2023-08-31 18:19:51,559 [EndpointStateMachine task thread for /0.0.0.0:15108 - 0 ] INFO  ratis.XceiverServerRatis (XceiverServerRatis.java:getRealPort(543)) - XceiverServerRatis b680699b-c9cb-4670-83ba-783bfe62cfe5 is started using port 15139 for RATIS_DATASTREAM
2023-08-31 18:19:51,559 [JvmPauseMonitor18] INFO  util.JvmPauseMonitor (JvmPauseMonitor.java:run(103)) - JvmPauseMonitor-b680699b-c9cb-4670-83ba-783bfe62cfe5: Started
2023-08-31 18:19:51,564 [BlockDeletingService#0] INFO  interfaces.ContainerDeletionChoosingPolicyTemplate (ContainerDeletionChoosingPolicyTemplate.java:chooseContainerForBlockDeletion(85)) - Chosen 0/5000 blocks from 0 candidate containers.
2023-08-31 18:19:51,914 [EndpointStateMachine task thread for /0.0.0.0:15108 - 0 ] INFO  utils.DatanodeStoreCache (DatanodeStoreCache.java:addDB(66)) - Added db /home/runner/work/ozone/ozone/hadoop-ozone/integration-test/target/test-dir/MiniOzoneClusterImpl-03cba653-44d0-43b4-bc0f-a7205d2183ff/datanode-3/data-0/containers/hdds/03cba653-44d0-43b4-bc0f-a7205d2183ff/DS-8d42f403-49a9-4768-b9c0-400b87fbf478/container.db to cache
2023-08-31 18:19:51,914 [EndpointStateMachine task thread for /0.0.0.0:15108 - 0 ] INFO  volume.HddsVolume (HddsVolume.java:createDbStore(422)) - SchemaV3 db is created and loaded at /home/runner/work/ozone/ozone/hadoop-ozone/integration-test/target/test-dir/MiniOzoneClusterImpl-03cba653-44d0-43b4-bc0f-a7205d2183ff/datanode-3/data-0/containers/hdds/03cba653-44d0-43b4-bc0f-a7205d2183ff/DS-8d42f403-49a9-4768-b9c0-400b87fbf478/container.db for volume DS-8d42f403-49a9-4768-b9c0-400b87fbf478
2023-08-31 18:19:51,916 [EndpointStateMachine task thread for /0.0.0.0:15108 - 0 ] INFO  volume.ThrottledAsyncChecker (ThrottledAsyncChecker.java:schedule(141)) - Scheduling a check for /home/runner/work/ozone/ozone/hadoop-ozone/integration-test/target/test-dir/MiniOzoneClusterImpl-03cba653-44d0-43b4-bc0f-a7205d2183ff/datanode-3/data-0/containers/hdds
2023-08-31 18:19:51,916 [EndpointStateMachine task thread for /0.0.0.0:15108 - 0 ] INFO  volume.StorageVolumeChecker (StorageVolumeChecker.java:checkAllVolumes(213)) - Scheduled health check for volume /home/runner/work/ozone/ozone/hadoop-ozone/integration-test/target/test-dir/MiniOzoneClusterImpl-03cba653-44d0-43b4-bc0f-a7205d2183ff/datanode-3/data-0/containers/hdds
2023-08-31 18:19:51,920 [EndpointStateMachine task thread for /0.0.0.0:15108 - 0 ] INFO  volume.ThrottledAsyncChecker (ThrottledAsyncChecker.java:schedule(141)) - Scheduling a check for /home/runner/work/ozone/ozone/hadoop-ozone/integration-test/target/test-dir/MiniOzoneClusterImpl-03cba653-44d0-43b4-bc0f-a7205d2183ff/datanode-3/data/ratis
2023-08-31 18:19:51,920 [EndpointStateMachine task thread for /0.0.0.0:15108 - 0 ] INFO  volume.StorageVolumeChecker (StorageVolumeChecker.java:checkAllVolumes(213)) - Scheduled health check for volume /home/runner/work/ozone/ozone/hadoop-ozone/integration-test/target/test-dir/MiniOzoneClusterImpl-03cba653-44d0-43b4-bc0f-a7205d2183ff/datanode-3/data/ratis
2023-08-31 18:19:51,922 [EndpointStateMachine task thread for /0.0.0.0:15108 - 0 ] INFO  ozoneimpl.OzoneContainer (OzoneContainer.java:start(429)) - Attempting to start container services.
2023-08-31 18:19:51,922 [EndpointStateMachine task thread for /0.0.0.0:15108 - 0 ] INFO  ozoneimpl.OzoneContainer (OzoneContainer.java:startContainerScrub(325)) - Scheduled background container scanners and the on-demand container scanner have been disabled.
2023-08-31 18:19:51,924 [EndpointStateMachine task thread for /0.0.0.0:15108 - 0 ] INFO  replication.ReplicationServer (ReplicationServer.java:start(130)) - ReplicationServer is started using port 15149
2023-08-31 18:19:51,925 [EndpointStateMachine task thread for /0.0.0.0:15108 - 0 ] INFO  ratis.XceiverServerRatis (XceiverServerRatis.java:start(517)) - Starting XceiverServerRatis 431b9c6f-d536-4d0f-be3d-601c32ccf3d0
2023-08-31 18:19:51,925 [EndpointStateMachine task thread for /0.0.0.0:15108 - 0 ] INFO  server.RaftServer (RaftServerProxy.java:startImpl(400)) - 431b9c6f-d536-4d0f-be3d-601c32ccf3d0: start RPC server
2023-08-31 18:19:51,932 [EndpointStateMachine task thread for /0.0.0.0:15108 - 0 ] INFO  server.GrpcService (GrpcService.java:startImpl(302)) - 431b9c6f-d536-4d0f-be3d-601c32ccf3d0: GrpcService started, listening on 15145
2023-08-31 18:19:51,935 [EndpointStateMachine task thread for /0.0.0.0:15108 - 0 ] INFO  server.GrpcService (GrpcService.java:startImpl(302)) - 431b9c6f-d536-4d0f-be3d-601c32ccf3d0: GrpcService started, listening on 15147
2023-08-31 18:19:51,939 [EndpointStateMachine task thread for /0.0.0.0:15108 - 0 ] INFO  server.GrpcService (GrpcService.java:startImpl(302)) - 431b9c6f-d536-4d0f-be3d-601c32ccf3d0: GrpcService started, listening on 15146
2023-08-31 18:19:51,939 [EndpointStateMachine task thread for /0.0.0.0:15108 - 0 ] INFO  ratis.XceiverServerRatis (XceiverServerRatis.java:getRealPort(543)) - XceiverServerRatis 431b9c6f-d536-4d0f-be3d-601c32ccf3d0 is started using port 15145 for RATIS
2023-08-31 18:19:51,939 [JvmPauseMonitor19] INFO  util.JvmPauseMonitor (JvmPauseMonitor.java:run(103)) - JvmPauseMonitor-431b9c6f-d536-4d0f-be3d-601c32ccf3d0: Started
2023-08-31 18:19:51,939 [EndpointStateMachine task thread for /0.0.0.0:15108 - 0 ] INFO  ratis.XceiverServerRatis (XceiverServerRatis.java:getRealPort(543)) - XceiverServerRatis 431b9c6f-d536-4d0f-be3d-601c32ccf3d0 is started using port 15146 for RATIS_ADMIN
2023-08-31 18:19:51,939 [EndpointStateMachine task thread for /0.0.0.0:15108 - 0 ] INFO  ratis.XceiverServerRatis (XceiverServerRatis.java:getRealPort(543)) - XceiverServerRatis 431b9c6f-d536-4d0f-be3d-601c32ccf3d0 is started using port 15147 for RATIS_SERVER
2023-08-31 18:19:51,940 [EndpointStateMachine task thread for /0.0.0.0:15108 - 0 ] INFO  ratis.XceiverServerRatis (XceiverServerRatis.java:getRealPort(543)) - XceiverServerRatis 431b9c6f-d536-4d0f-be3d-601c32ccf3d0 is started using port 15148 for RATIS_DATASTREAM
2023-08-31 18:19:51,942 [BlockDeletingService#0] INFO  interfaces.ContainerDeletionChoosingPolicyTemplate (ContainerDeletionChoosingPolicyTemplate.java:chooseContainerForBlockDeletion(85)) - Chosen 0/5000 blocks from 0 candidate containers.
2023-08-31 18:19:52,229 [main] INFO  ozone.MiniOzoneClusterImpl (MiniOzoneClusterImpl.java:lambda$waitForClusterToBeReady$0(224)) - Waiting for nodes to be ready. Got 0 of 5 DN Heartbeats.
2023-08-31 18:19:52,229 [main] INFO  ozone.MiniOzoneClusterImpl (MiniOzoneClusterImpl.java:lambda$waitForClusterToBeReady$0(227)) - Waiting for cluster to exit safe mode
2023-08-31 18:19:52,229 [main] INFO  ozone.MiniOzoneClusterImpl (MiniOzoneClusterImpl.java:lambda$waitForClusterToBeReady$0(229)) - SCM became leader
2023-08-31 18:19:52,290 [EndpointStateMachine task thread for /0.0.0.0:15108 - 0 ] INFO  utils.DatanodeStoreCache (DatanodeStoreCache.java:addDB(66)) - Added db /home/runner/work/ozone/ozone/hadoop-ozone/integration-test/target/test-dir/MiniOzoneClusterImpl-03cba653-44d0-43b4-bc0f-a7205d2183ff/datanode-4/data-0/containers/hdds/03cba653-44d0-43b4-bc0f-a7205d2183ff/DS-9defa1a7-9b12-4bd5-9f3e-ca58321d4b08/container.db to cache
2023-08-31 18:19:52,290 [EndpointStateMachine task thread for /0.0.0.0:15108 - 0 ] INFO  volume.HddsVolume (HddsVolume.java:createDbStore(422)) - SchemaV3 db is created and loaded at /home/runner/work/ozone/ozone/hadoop-ozone/integration-test/target/test-dir/MiniOzoneClusterImpl-03cba653-44d0-43b4-bc0f-a7205d2183ff/datanode-4/data-0/containers/hdds/03cba653-44d0-43b4-bc0f-a7205d2183ff/DS-9defa1a7-9b12-4bd5-9f3e-ca58321d4b08/container.db for volume DS-9defa1a7-9b12-4bd5-9f3e-ca58321d4b08
2023-08-31 18:19:52,291 [EndpointStateMachine task thread for /0.0.0.0:15108 - 0 ] INFO  volume.ThrottledAsyncChecker (ThrottledAsyncChecker.java:schedule(141)) - Scheduling a check for /home/runner/work/ozone/ozone/hadoop-ozone/integration-test/target/test-dir/MiniOzoneClusterImpl-03cba653-44d0-43b4-bc0f-a7205d2183ff/datanode-4/data-0/containers/hdds
2023-08-31 18:19:52,291 [EndpointStateMachine task thread for /0.0.0.0:15108 - 0 ] INFO  volume.StorageVolumeChecker (StorageVolumeChecker.java:checkAllVolumes(213)) - Scheduled health check for volume /home/runner/work/ozone/ozone/hadoop-ozone/integration-test/target/test-dir/MiniOzoneClusterImpl-03cba653-44d0-43b4-bc0f-a7205d2183ff/datanode-4/data-0/containers/hdds
2023-08-31 18:19:52,294 [EndpointStateMachine task thread for /0.0.0.0:15108 - 0 ] INFO  volume.ThrottledAsyncChecker (ThrottledAsyncChecker.java:schedule(141)) - Scheduling a check for /home/runner/work/ozone/ozone/hadoop-ozone/integration-test/target/test-dir/MiniOzoneClusterImpl-03cba653-44d0-43b4-bc0f-a7205d2183ff/datanode-4/data/ratis
2023-08-31 18:19:52,295 [EndpointStateMachine task thread for /0.0.0.0:15108 - 0 ] INFO  volume.StorageVolumeChecker (StorageVolumeChecker.java:checkAllVolumes(213)) - Scheduled health check for volume /home/runner/work/ozone/ozone/hadoop-ozone/integration-test/target/test-dir/MiniOzoneClusterImpl-03cba653-44d0-43b4-bc0f-a7205d2183ff/datanode-4/data/ratis
2023-08-31 18:19:52,297 [EndpointStateMachine task thread for /0.0.0.0:15108 - 0 ] INFO  ozoneimpl.OzoneContainer (OzoneContainer.java:start(429)) - Attempting to start container services.
2023-08-31 18:19:52,297 [EndpointStateMachine task thread for /0.0.0.0:15108 - 0 ] INFO  ozoneimpl.OzoneContainer (OzoneContainer.java:startContainerScrub(325)) - Scheduled background container scanners and the on-demand container scanner have been disabled.
2023-08-31 18:19:52,299 [EndpointStateMachine task thread for /0.0.0.0:15108 - 0 ] INFO  replication.ReplicationServer (ReplicationServer.java:start(130)) - ReplicationServer is started using port 15158
2023-08-31 18:19:52,299 [EndpointStateMachine task thread for /0.0.0.0:15108 - 0 ] INFO  ratis.XceiverServerRatis (XceiverServerRatis.java:start(517)) - Starting XceiverServerRatis 2b1a9455-1161-459a-84a9-9731b4638bee
2023-08-31 18:19:52,302 [EndpointStateMachine task thread for /0.0.0.0:15108 - 0 ] INFO  server.RaftServer (RaftServerProxy.java:startImpl(400)) - 2b1a9455-1161-459a-84a9-9731b4638bee: start RPC server
2023-08-31 18:19:52,303 [EndpointStateMachine task thread for /0.0.0.0:15108 - 0 ] INFO  server.GrpcService (GrpcService.java:startImpl(302)) - 2b1a9455-1161-459a-84a9-9731b4638bee: GrpcService started, listening on 15154
2023-08-31 18:19:52,304 [EndpointStateMachine task thread for /0.0.0.0:15108 - 0 ] INFO  server.GrpcService (GrpcService.java:startImpl(302)) - 2b1a9455-1161-459a-84a9-9731b4638bee: GrpcService started, listening on 15156
2023-08-31 18:19:52,304 [EndpointStateMachine task thread for /0.0.0.0:15108 - 0 ] INFO  server.GrpcService (GrpcService.java:startImpl(302)) - 2b1a9455-1161-459a-84a9-9731b4638bee: GrpcService started, listening on 15155
2023-08-31 18:19:52,305 [EndpointStateMachine task thread for /0.0.0.0:15108 - 0 ] INFO  ratis.XceiverServerRatis (XceiverServerRatis.java:getRealPort(543)) - XceiverServerRatis 2b1a9455-1161-459a-84a9-9731b4638bee is started using port 15154 for RATIS
2023-08-31 18:19:52,305 [JvmPauseMonitor20] INFO  util.JvmPauseMonitor (JvmPauseMonitor.java:run(103)) - JvmPauseMonitor-2b1a9455-1161-459a-84a9-9731b4638bee: Started
2023-08-31 18:19:52,305 [EndpointStateMachine task thread for /0.0.0.0:15108 - 0 ] INFO  ratis.XceiverServerRatis (XceiverServerRatis.java:getRealPort(543)) - XceiverServerRatis 2b1a9455-1161-459a-84a9-9731b4638bee is started using port 15155 for RATIS_ADMIN
2023-08-31 18:19:52,305 [EndpointStateMachine task thread for /0.0.0.0:15108 - 0 ] INFO  ratis.XceiverServerRatis (XceiverServerRatis.java:getRealPort(543)) - XceiverServerRatis 2b1a9455-1161-459a-84a9-9731b4638bee is started using port 15156 for RATIS_SERVER
2023-08-31 18:19:52,305 [EndpointStateMachine task thread for /0.0.0.0:15108 - 0 ] INFO  ratis.XceiverServerRatis (XceiverServerRatis.java:getRealPort(543)) - XceiverServerRatis 2b1a9455-1161-459a-84a9-9731b4638bee is started using port 15157 for RATIS_DATASTREAM
2023-08-31 18:19:52,310 [BlockDeletingService#0] INFO  interfaces.ContainerDeletionChoosingPolicyTemplate (ContainerDeletionChoosingPolicyTemplate.java:chooseContainerForBlockDeletion(85)) - Chosen 0/5000 blocks from 0 candidate containers.
2023-08-31 18:19:52,670 [IPC Server handler 6 on default port 15108] INFO  net.NetworkTopologyImpl (NetworkTopologyImpl.java:add(112)) - Added a new node: /default-rack/cea0c109-6e95-4b2c-982c-0dc77a608767
2023-08-31 18:19:52,670 [IPC Server handler 6 on default port 15108] INFO  node.SCMNodeManager (SCMNodeManager.java:register(405)) - Registered Data node : cea0c109-6e95-4b2c-982c-0dc77a608767{ip: 10.1.0.8, host: fv-az1129-899, ports: [HTTP=15115, CLIENT_RPC=15116, REPLICATION=15122, RATIS=15118, RATIS_ADMIN=15119, RATIS_SERVER=15120, RATIS_DATASTREAM=15121, STANDALONE=15117], networkLocation: /default-rack, certSerialId: null, persistedOpState: null, persistedOpStateExpiryEpochSec: 0}
2023-08-31 18:19:52,673 [EventQueue-NodeRegistrationContainerReportForContainerSafeModeRule] INFO  safemode.SCMSafeModeManager (SCMSafeModeManager.java:validateSafeModeExitRules(200)) - ContainerSafeModeRule rule is successfully validated
2023-08-31 18:19:52,674 [EventQueue-NodeRegistrationContainerReportForDataNodeSafeModeRule] INFO  safemode.SCMSafeModeManager (DataNodeSafeModeRule.java:process(71)) - SCM in safe mode. 1 DataNodes registered, 3 required.
2023-08-31 18:19:52,677 [EventQueue-NewNodeForNewNodeHandler] INFO  pipeline.BackgroundPipelineCreator (BackgroundPipelineCreator.java:notifyEventTriggered(277)) - trigger a one-shot run on RatisPipelineUtilsThread.
2023-08-31 18:19:52,677 [RatisPipelineUtilsThread - 0] INFO  pipeline.RatisPipelineProvider (RatisPipelineProvider.java:lambda$create$0(206)) - Sending CreatePipelineCommand for pipeline:PipelineID=4b0e1402-56c1-4258-9afa-957e7b4dcc08 to datanode:cea0c109-6e95-4b2c-982c-0dc77a608767
2023-08-31 18:19:52,677 [EventQueue-PipelineReportForOneReplicaPipelineSafeModeRule] INFO  safemode.SCMSafeModeManager (SCMSafeModeManager.java:validateSafeModeExitRules(200)) - AtleastOneDatanodeReportedRule rule is successfully validated
2023-08-31 18:19:52,678 [RatisPipelineUtilsThread - 0] INFO  pipeline.BackgroundPipelineCreator (BackgroundPipelineCreator.java:createPipelines(233)) - Created new pipeline Pipeline[ Id: 4b0e1402-56c1-4258-9afa-957e7b4dcc08, Nodes: cea0c109-6e95-4b2c-982c-0dc77a608767(fv-az1129-899/10.1.0.8), ReplicationConfig: RATIS/ONE, State:ALLOCATED, leaderId:, CreationTimestamp2023-08-31T18:19:52.677Z[Etc/UTC]]
2023-08-31 18:19:53,032 [IPC Server handler 1 on default port 15108] INFO  net.NetworkTopologyImpl (NetworkTopologyImpl.java:add(112)) - Added a new node: /default-rack/14fa2eac-e184-46cf-8dd5-e89808402331
2023-08-31 18:19:53,033 [IPC Server handler 1 on default port 15108] INFO  node.SCMNodeManager (SCMNodeManager.java:register(405)) - Registered Data node : 14fa2eac-e184-46cf-8dd5-e89808402331{ip: 10.1.0.8, host: fv-az1129-899, ports: [HTTP=15124, CLIENT_RPC=15125, REPLICATION=15131, RATIS=15127, RATIS_ADMIN=15128, RATIS_SERVER=15129, RATIS_DATASTREAM=15130, STANDALONE=15126], networkLocation: /default-rack, certSerialId: null, persistedOpState: null, persistedOpStateExpiryEpochSec: 0}
2023-08-31 18:19:53,033 [EventQueue-NewNodeForNewNodeHandler] INFO  pipeline.BackgroundPipelineCreator (BackgroundPipelineCreator.java:notifyEventTriggered(277)) - trigger a one-shot run on RatisPipelineUtilsThread.
2023-08-31 18:19:53,035 [EventQueue-NodeRegistrationContainerReportForDataNodeSafeModeRule] INFO  safemode.SCMSafeModeManager (DataNodeSafeModeRule.java:process(71)) - SCM in safe mode. 2 DataNodes registered, 3 required.
2023-08-31 18:19:53,036 [RatisPipelineUtilsThread - 0] INFO  pipeline.RatisPipelineProvider (RatisPipelineProvider.java:lambda$create$0(206)) - Sending CreatePipelineCommand for pipeline:PipelineID=541d218e-251f-4b8d-bebd-6d24d615b386 to datanode:14fa2eac-e184-46cf-8dd5-e89808402331
2023-08-31 18:19:53,036 [RatisPipelineUtilsThread - 0] INFO  pipeline.BackgroundPipelineCreator (BackgroundPipelineCreator.java:createPipelines(233)) - Created new pipeline Pipeline[ Id: 541d218e-251f-4b8d-bebd-6d24d615b386, Nodes: 14fa2eac-e184-46cf-8dd5-e89808402331(fv-az1129-899/10.1.0.8), ReplicationConfig: RATIS/ONE, State:ALLOCATED, leaderId:, CreationTimestamp2023-08-31T18:19:53.036Z[Etc/UTC]]
2023-08-31 18:19:53,229 [main] INFO  ozone.MiniOzoneClusterImpl (MiniOzoneClusterImpl.java:lambda$waitForClusterToBeReady$0(224)) - Waiting for nodes to be ready. Got 2 of 5 DN Heartbeats.
2023-08-31 18:19:53,230 [main] INFO  ozone.MiniOzoneClusterImpl (MiniOzoneClusterImpl.java:lambda$waitForClusterToBeReady$0(227)) - Waiting for cluster to exit safe mode
2023-08-31 18:19:53,230 [main] INFO  ozone.MiniOzoneClusterImpl (MiniOzoneClusterImpl.java:lambda$waitForClusterToBeReady$0(229)) - SCM became leader
2023-08-31 18:19:53,497 [IPC Server handler 0 on default port 15108] INFO  net.NetworkTopologyImpl (NetworkTopologyImpl.java:add(112)) - Added a new node: /default-rack/b680699b-c9cb-4670-83ba-783bfe62cfe5
2023-08-31 18:19:53,498 [IPC Server handler 0 on default port 15108] INFO  node.SCMNodeManager (SCMNodeManager.java:register(405)) - Registered Data node : b680699b-c9cb-4670-83ba-783bfe62cfe5{ip: 10.1.0.8, host: fv-az1129-899, ports: [HTTP=15133, CLIENT_RPC=15134, REPLICATION=15140, RATIS=15136, RATIS_ADMIN=15137, RATIS_SERVER=15138, RATIS_DATASTREAM=15139, STANDALONE=15135], networkLocation: /default-rack, certSerialId: null, persistedOpState: null, persistedOpStateExpiryEpochSec: 0}
2023-08-31 18:19:53,498 [EventQueue-NewNodeForNewNodeHandler] INFO  pipeline.BackgroundPipelineCreator (BackgroundPipelineCreator.java:notifyEventTriggered(277)) - trigger a one-shot run on RatisPipelineUtilsThread.
2023-08-31 18:19:53,498 [EventQueue-NodeRegistrationContainerReportForDataNodeSafeModeRule] INFO  safemode.SCMSafeModeManager (DataNodeSafeModeRule.java:process(71)) - SCM in safe mode. 3 DataNodes registered, 3 required.
2023-08-31 18:19:53,498 [EventQueue-NodeRegistrationContainerReportForDataNodeSafeModeRule] INFO  safemode.SCMSafeModeManager (SCMSafeModeManager.java:validateSafeModeExitRules(200)) - DataNodeSafeModeRule rule is successfully validated
2023-08-31 18:19:53,498 [EventQueue-NodeRegistrationContainerReportForDataNodeSafeModeRule] INFO  safemode.SCMSafeModeManager (SCMSafeModeManager.java:completePreCheck(229)) - All SCM safe mode pre check rules have passed
2023-08-31 18:19:53,499 [EventQueue-NodeRegistrationContainerReportForDataNodeSafeModeRule] INFO  ha.SCMContext (SCMContext.java:updateSafeModeStatus(228)) - Update SafeModeStatus from SafeModeStatus{safeModeStatus=true, preCheckPassed=false} to SafeModeStatus{safeModeStatus=true, preCheckPassed=true}.
2023-08-31 18:19:53,499 [EventQueue-NodeRegistrationContainerReportForDataNodeSafeModeRule] INFO  pipeline.BackgroundPipelineCreator (BackgroundPipelineCreator.java:notifyEventTriggered(277)) - trigger a one-shot run on RatisPipelineUtilsThread.
2023-08-31 18:19:53,499 [RatisPipelineUtilsThread - 0] INFO  pipeline.RatisPipelineProvider (RatisPipelineProvider.java:lambda$create$0(206)) - Sending CreatePipelineCommand for pipeline:PipelineID=b3d1e814-7026-49a3-a959-539240a30cfd to datanode:b680699b-c9cb-4670-83ba-783bfe62cfe5
2023-08-31 18:19:53,500 [RatisPipelineUtilsThread - 0] INFO  pipeline.BackgroundPipelineCreator (BackgroundPipelineCreator.java:createPipelines(233)) - Created new pipeline Pipeline[ Id: b3d1e814-7026-49a3-a959-539240a30cfd, Nodes: b680699b-c9cb-4670-83ba-783bfe62cfe5(fv-az1129-899/10.1.0.8), ReplicationConfig: RATIS/ONE, State:ALLOCATED, leaderId:, CreationTimestamp2023-08-31T18:19:53.499Z[Etc/UTC]]
2023-08-31 18:19:53,500 [RatisPipelineUtilsThread - 0] INFO  pipeline.RatisPipelineProvider (RatisPipelineProvider.java:lambda$create$0(206)) - Sending CreatePipelineCommand for pipeline:PipelineID=03b84fdd-346e-4cf1-b385-252a861c3683 to datanode:14fa2eac-e184-46cf-8dd5-e89808402331
2023-08-31 18:19:53,500 [RatisPipelineUtilsThread - 0] INFO  pipeline.RatisPipelineProvider (RatisPipelineProvider.java:lambda$create$0(206)) - Sending CreatePipelineCommand for pipeline:PipelineID=03b84fdd-346e-4cf1-b385-252a861c3683 to datanode:cea0c109-6e95-4b2c-982c-0dc77a608767
2023-08-31 18:19:53,500 [RatisPipelineUtilsThread - 0] INFO  pipeline.RatisPipelineProvider (RatisPipelineProvider.java:lambda$create$0(206)) - Sending CreatePipelineCommand for pipeline:PipelineID=03b84fdd-346e-4cf1-b385-252a861c3683 to datanode:b680699b-c9cb-4670-83ba-783bfe62cfe5
2023-08-31 18:19:53,501 [RatisPipelineUtilsThread - 0] INFO  pipeline.BackgroundPipelineCreator (BackgroundPipelineCreator.java:createPipelines(233)) - Created new pipeline Pipeline[ Id: 03b84fdd-346e-4cf1-b385-252a861c3683, Nodes: 14fa2eac-e184-46cf-8dd5-e89808402331(fv-az1129-899/10.1.0.8)cea0c109-6e95-4b2c-982c-0dc77a608767(fv-az1129-899/10.1.0.8)b680699b-c9cb-4670-83ba-783bfe62cfe5(fv-az1129-899/10.1.0.8), ReplicationConfig: RATIS/THREE, State:ALLOCATED, leaderId:, CreationTimestamp2023-08-31T18:19:53.500Z[Etc/UTC]]
2023-08-31 18:19:53,501 [RatisPipelineUtilsThread - 0] INFO  pipeline.RatisPipelineProvider (RatisPipelineProvider.java:lambda$create$0(206)) - Sending CreatePipelineCommand for pipeline:PipelineID=ce54d6c1-46f6-4503-ac2d-8a8c37717fc6 to datanode:cea0c109-6e95-4b2c-982c-0dc77a608767
2023-08-31 18:19:53,501 [RatisPipelineUtilsThread - 0] INFO  pipeline.RatisPipelineProvider (RatisPipelineProvider.java:lambda$create$0(206)) - Sending CreatePipelineCommand for pipeline:PipelineID=ce54d6c1-46f6-4503-ac2d-8a8c37717fc6 to datanode:14fa2eac-e184-46cf-8dd5-e89808402331
2023-08-31 18:19:53,501 [RatisPipelineUtilsThread - 0] INFO  pipeline.RatisPipelineProvider (RatisPipelineProvider.java:lambda$create$0(206)) - Sending CreatePipelineCommand for pipeline:PipelineID=ce54d6c1-46f6-4503-ac2d-8a8c37717fc6 to datanode:b680699b-c9cb-4670-83ba-783bfe62cfe5
2023-08-31 18:19:53,502 [RatisPipelineUtilsThread - 0] INFO  pipeline.PipelineManagerImpl (PipelineManagerImpl.java:recordMetricsForPipeline(914)) - Pipeline: PipelineID=ce54d6c1-46f6-4503-ac2d-8a8c37717fc6 contains same datanodes as previous pipelines: PipelineID=03b84fdd-346e-4cf1-b385-252a861c3683 nodeIds: cea0c109-6e95-4b2c-982c-0dc77a608767, 14fa2eac-e184-46cf-8dd5-e89808402331, b680699b-c9cb-4670-83ba-783bfe62cfe5
2023-08-31 18:19:53,502 [RatisPipelineUtilsThread - 0] INFO  pipeline.BackgroundPipelineCreator (BackgroundPipelineCreator.java:createPipelines(233)) - Created new pipeline Pipeline[ Id: ce54d6c1-46f6-4503-ac2d-8a8c37717fc6, Nodes: cea0c109-6e95-4b2c-982c-0dc77a608767(fv-az1129-899/10.1.0.8)14fa2eac-e184-46cf-8dd5-e89808402331(fv-az1129-899/10.1.0.8)b680699b-c9cb-4670-83ba-783bfe62cfe5(fv-az1129-899/10.1.0.8), ReplicationConfig: RATIS/THREE, State:ALLOCATED, leaderId:, CreationTimestamp2023-08-31T18:19:53.501Z[Etc/UTC]]
2023-08-31 18:19:53,870 [IPC Server handler 1 on default port 15108] INFO  net.NetworkTopologyImpl (NetworkTopologyImpl.java:add(112)) - Added a new node: /default-rack/431b9c6f-d536-4d0f-be3d-601c32ccf3d0
2023-08-31 18:19:53,871 [IPC Server handler 1 on default port 15108] INFO  node.SCMNodeManager (SCMNodeManager.java:register(405)) - Registered Data node : 431b9c6f-d536-4d0f-be3d-601c32ccf3d0{ip: 10.1.0.8, host: fv-az1129-899, ports: [HTTP=15142, CLIENT_RPC=15143, REPLICATION=15149, RATIS=15145, RATIS_ADMIN=15146, RATIS_SERVER=15147, RATIS_DATASTREAM=15148, STANDALONE=15144], networkLocation: /default-rack, certSerialId: null, persistedOpState: null, persistedOpStateExpiryEpochSec: 0}
2023-08-31 18:19:53,871 [EventQueue-NewNodeForNewNodeHandler] INFO  pipeline.BackgroundPipelineCreator (BackgroundPipelineCreator.java:notifyEventTriggered(277)) - trigger a one-shot run on RatisPipelineUtilsThread.
2023-08-31 18:19:53,871 [RatisPipelineUtilsThread - 0] INFO  pipeline.RatisPipelineProvider (RatisPipelineProvider.java:lambda$create$0(206)) - Sending CreatePipelineCommand for pipeline:PipelineID=f96faf6d-083e-49ee-a83a-82b196d09914 to datanode:431b9c6f-d536-4d0f-be3d-601c32ccf3d0
2023-08-31 18:19:53,873 [RatisPipelineUtilsThread - 0] INFO  pipeline.BackgroundPipelineCreator (BackgroundPipelineCreator.java:createPipelines(233)) - Created new pipeline Pipeline[ Id: f96faf6d-083e-49ee-a83a-82b196d09914, Nodes: 431b9c6f-d536-4d0f-be3d-601c32ccf3d0(fv-az1129-899/10.1.0.8), ReplicationConfig: RATIS/ONE, State:ALLOCATED, leaderId:, CreationTimestamp2023-08-31T18:19:53.871Z[Etc/UTC]]
2023-08-31 18:19:54,230 [main] INFO  ozone.MiniOzoneClusterImpl (MiniOzoneClusterImpl.java:lambda$waitForClusterToBeReady$0(224)) - Waiting for nodes to be ready. Got 4 of 5 DN Heartbeats.
2023-08-31 18:19:54,230 [main] INFO  ozone.MiniOzoneClusterImpl (MiniOzoneClusterImpl.java:lambda$waitForClusterToBeReady$0(227)) - Waiting for cluster to exit safe mode
2023-08-31 18:19:54,230 [main] INFO  ozone.MiniOzoneClusterImpl (MiniOzoneClusterImpl.java:lambda$waitForClusterToBeReady$0(229)) - SCM became leader
2023-08-31 18:19:54,237 [IPC Server handler 2 on default port 15108] INFO  net.NetworkTopologyImpl (NetworkTopologyImpl.java:add(112)) - Added a new node: /default-rack/2b1a9455-1161-459a-84a9-9731b4638bee
2023-08-31 18:19:54,237 [IPC Server handler 2 on default port 15108] INFO  node.SCMNodeManager (SCMNodeManager.java:register(405)) - Registered Data node : 2b1a9455-1161-459a-84a9-9731b4638bee{ip: 10.1.0.8, host: fv-az1129-899, ports: [HTTP=15151, CLIENT_RPC=15152, REPLICATION=15158, RATIS=15154, RATIS_ADMIN=15155, RATIS_SERVER=15156, RATIS_DATASTREAM=15157, STANDALONE=15153], networkLocation: /default-rack, certSerialId: null, persistedOpState: null, persistedOpStateExpiryEpochSec: 0}
2023-08-31 18:19:54,239 [EventQueue-NewNodeForNewNodeHandler] INFO  pipeline.BackgroundPipelineCreator (BackgroundPipelineCreator.java:notifyEventTriggered(277)) - trigger a one-shot run on RatisPipelineUtilsThread.
2023-08-31 18:19:54,240 [RatisPipelineUtilsThread - 0] INFO  pipeline.RatisPipelineProvider (RatisPipelineProvider.java:lambda$create$0(206)) - Sending CreatePipelineCommand for pipeline:PipelineID=bf2c34bf-22ac-4595-ac6e-5562cf4330a4 to datanode:2b1a9455-1161-459a-84a9-9731b4638bee
2023-08-31 18:19:54,241 [RatisPipelineUtilsThread - 0] INFO  pipeline.BackgroundPipelineCreator (BackgroundPipelineCreator.java:createPipelines(233)) - Created new pipeline Pipeline[ Id: bf2c34bf-22ac-4595-ac6e-5562cf4330a4, Nodes: 2b1a9455-1161-459a-84a9-9731b4638bee(fv-az1129-899/10.1.0.8), ReplicationConfig: RATIS/ONE, State:ALLOCATED, leaderId:, CreationTimestamp2023-08-31T18:19:54.240Z[Etc/UTC]]
2023-08-31 18:19:55,231 [main] INFO  ozone.MiniOzoneClusterImpl (MiniOzoneClusterImpl.java:lambda$waitForClusterToBeReady$0(224)) - Nodes are ready. Got 5 of 5 DN Heartbeats.
2023-08-31 18:19:55,231 [main] INFO  ozone.MiniOzoneClusterImpl (MiniOzoneClusterImpl.java:lambda$waitForClusterToBeReady$0(227)) - Waiting for cluster to exit safe mode
2023-08-31 18:19:55,231 [main] INFO  ozone.MiniOzoneClusterImpl (MiniOzoneClusterImpl.java:lambda$waitForClusterToBeReady$0(229)) - SCM became leader
2023-08-31 18:19:55,671 [PipelineCommandHandlerThread-0] INFO  server.RaftServer (RaftServerProxy.java:addNew(98)) - cea0c109-6e95-4b2c-982c-0dc77a608767: addNew group-957E7B4DCC08:[cea0c109-6e95-4b2c-982c-0dc77a608767|rpc:10.1.0.8:15120|admin:10.1.0.8:15119|client:10.1.0.8:15118|dataStream:10.1.0.8:15121|priority:1|startupRole:FOLLOWER] returns group-957E7B4DCC08:java.util.concurrent.CompletableFuture@13271288[Not completed]
2023-08-31 18:19:55,673 [cea0c109-6e95-4b2c-982c-0dc77a608767-groupManagement] INFO  server.RaftServer$Division (RaftServerImpl.java:<init>(198)) - cea0c109-6e95-4b2c-982c-0dc77a608767: new RaftServerImpl for group-957E7B4DCC08:[cea0c109-6e95-4b2c-982c-0dc77a608767|rpc:10.1.0.8:15120|admin:10.1.0.8:15119|client:10.1.0.8:15118|dataStream:10.1.0.8:15121|priority:1|startupRole:FOLLOWER] with ContainerStateMachine:uninitialized
2023-08-31 18:19:55,673 [cea0c109-6e95-4b2c-982c-0dc77a608767-groupManagement] INFO  server.RaftServerConfigKeys (ConfUtils.java:logGet(46)) - raft.server.rpc.timeout.min = 5s (custom)
2023-08-31 18:19:55,673 [cea0c109-6e95-4b2c-982c-0dc77a608767-groupManagement] INFO  server.RaftServerConfigKeys (ConfUtils.java:logGet(46)) - raft.server.rpc.timeout.max = 5200ms (custom)
2023-08-31 18:19:55,673 [cea0c109-6e95-4b2c-982c-0dc77a608767-groupManagement] INFO  server.RaftServerConfigKeys (ConfUtils.java:logGet(46)) - raft.server.rpc.sleep.time = 25ms (default)
2023-08-31 18:19:55,673 [cea0c109-6e95-4b2c-982c-0dc77a608767-groupManagement] INFO  server.RaftServerConfigKeys (ConfUtils.java:logGet(46)) - raft.server.rpc.slowness.timeout = 300s (custom)
2023-08-31 18:19:55,674 [cea0c109-6e95-4b2c-982c-0dc77a608767-groupManagement] INFO  server.RaftServerConfigKeys (ConfUtils.java:logGet(46)) - raft.server.leaderelection.leader.step-down.wait-time = 10s (default)
2023-08-31 18:19:55,674 [cea0c109-6e95-4b2c-982c-0dc77a608767-groupManagement] INFO  server.RaftServerConfigKeys (ConfUtils.java:logGet(46)) - raft.server.sleep.deviation.threshold = 300ms (default)
2023-08-31 18:19:55,674 [cea0c109-6e95-4b2c-982c-0dc77a608767-groupManagement] INFO  server.RaftServer$Division (ServerState.java:<init>(120)) - cea0c109-6e95-4b2c-982c-0dc77a608767@group-957E7B4DCC08: ConfigurationManager, init=-1: peers:[cea0c109-6e95-4b2c-982c-0dc77a608767|rpc:10.1.0.8:15120|admin:10.1.0.8:15119|client:10.1.0.8:15118|dataStream:10.1.0.8:15121|priority:1|startupRole:FOLLOWER]|listeners:[], old=null, confs=<EMPTY_MAP>
2023-08-31 18:19:55,674 [cea0c109-6e95-4b2c-982c-0dc77a608767-groupManagement] INFO  server.RaftServerConfigKeys (ConfUtils.java:logGet(46)) - raft.server.storage.dir = [/home/runner/work/ozone/ozone/hadoop-ozone/integration-test/target/test-dir/MiniOzoneClusterImpl-03cba653-44d0-43b4-bc0f-a7205d2183ff/datanode-0/data/ratis] (custom)
2023-08-31 18:19:55,674 [cea0c109-6e95-4b2c-982c-0dc77a608767-groupManagement] INFO  server.RaftServerConfigKeys (ConfUtils.java:logGet(46)) - raft.server.log.corruption.policy = EXCEPTION (default)
2023-08-31 18:19:55,674 [cea0c109-6e95-4b2c-982c-0dc77a608767-groupManagement] INFO  server.RaftServerConfigKeys (ConfUtils.java:logGet(46)) - raft.server.storage.free-space.min = 0MB (=0) (default)
2023-08-31 18:19:55,674 [cea0c109-6e95-4b2c-982c-0dc77a608767-groupManagement] INFO  server.RaftServerConfigKeys (ConfUtils.java:logGet(46)) - raft.server.notification.no-leader.timeout = 300s (custom)
2023-08-31 18:19:55,674 [cea0c109-6e95-4b2c-982c-0dc77a608767-groupManagement] INFO  server.RaftServerConfigKeys (ConfUtils.java:logGet(46)) - raft.server.read.timeout = 10s (default)
2023-08-31 18:19:55,674 [cea0c109-6e95-4b2c-982c-0dc77a608767-groupManagement] INFO  server.RaftServerConfigKeys (ConfUtils.java:logGet(46)) - raft.server.retrycache.expirytime = 600000ms (custom)
2023-08-31 18:19:55,674 [cea0c109-6e95-4b2c-982c-0dc77a608767-groupManagement] INFO  server.RaftServerConfigKeys (ConfUtils.java:logGet(46)) - raft.server.retrycache.statistics.expirytime = 100μs (default)
2023-08-31 18:19:55,675 [cea0c109-6e95-4b2c-982c-0dc77a608767-groupManagement] INFO  server.RaftServerConfigKeys (ConfUtils.java:logGet(46)) - raft.server.read.option = DEFAULT (default)
2023-08-31 18:19:55,676 [cea0c109-6e95-4b2c-982c-0dc77a608767-groupManagement] INFO  server.RaftServerConfigKeys (ConfUtils.java:logGet(46)) - raft.server.rpc.request.timeout = 60s (custom)
2023-08-31 18:19:55,676 [cea0c109-6e95-4b2c-982c-0dc77a608767-groupManagement] INFO  server.RaftServerConfigKeys (ConfUtils.java:logGet(46)) - raft.server.log.appender.install.snapshot.enabled = false (custom)
2023-08-31 18:19:55,676 [cea0c109-6e95-4b2c-982c-0dc77a608767-groupManagement] INFO  server.RaftServerConfigKeys (ConfUtils.java:logGet(46)) - raft.server.threadpool.server.cached = true (default)
2023-08-31 18:19:55,676 [cea0c109-6e95-4b2c-982c-0dc77a608767-groupManagement] INFO  server.RaftServerConfigKeys (ConfUtils.java:logGet(46)) - raft.server.threadpool.server.size = 0 (default)
2023-08-31 18:19:55,676 [cea0c109-6e95-4b2c-982c-0dc77a608767-groupManagement] INFO  server.RaftServerConfigKeys (ConfUtils.java:logGet(46)) - raft.server.threadpool.client.cached = true (default)
2023-08-31 18:19:55,676 [cea0c109-6e95-4b2c-982c-0dc77a608767-groupManagement] INFO  server.RaftServerConfigKeys (ConfUtils.java:logGet(46)) - raft.server.threadpool.client.size = 0 (default)
2023-08-31 18:19:55,676 [cea0c109-6e95-4b2c-982c-0dc77a608767-groupManagement] INFO  storage.RaftStorageDirectory (RaftStorageDirectoryImpl.java:analyzeStorage(137)) - The storage directory /home/runner/work/ozone/ozone/hadoop-ozone/integration-test/target/test-dir/MiniOzoneClusterImpl-03cba653-44d0-43b4-bc0f-a7205d2183ff/datanode-0/data/ratis/4b0e1402-56c1-4258-9afa-957e7b4dcc08 does not exist. Creating ...
2023-08-31 18:19:55,678 [cea0c109-6e95-4b2c-982c-0dc77a608767-groupManagement] INFO  storage.RaftStorageDirectory (RaftStorageDirectoryImpl.java:tryLock(231)) - Lock on /home/runner/work/ozone/ozone/hadoop-ozone/integration-test/target/test-dir/MiniOzoneClusterImpl-03cba653-44d0-43b4-bc0f-a7205d2183ff/datanode-0/data/ratis/4b0e1402-56c1-4258-9afa-957e7b4dcc08/in_use.lock acquired by nodename 61743@fv-az1129-899
2023-08-31 18:19:55,680 [cea0c109-6e95-4b2c-982c-0dc77a608767-groupManagement] INFO  storage.RaftStorage (RaftStorageImpl.java:format(96)) - Storage directory /home/runner/work/ozone/ozone/hadoop-ozone/integration-test/target/test-dir/MiniOzoneClusterImpl-03cba653-44d0-43b4-bc0f-a7205d2183ff/datanode-0/data/ratis/4b0e1402-56c1-4258-9afa-957e7b4dcc08 has been successfully formatted.
2023-08-31 18:19:55,681 [cea0c109-6e95-4b2c-982c-0dc77a608767-groupManagement] INFO  ratis.ContainerStateMachine (ContainerStateMachine.java:loadSnapshot(262)) - group-957E7B4DCC08: The snapshot info is null. Setting the last applied indexto:(t:0, i:~)
2023-08-31 18:19:55,682 [cea0c109-6e95-4b2c-982c-0dc77a608767-groupManagement] INFO  server.RaftServerConfigKeys (ConfUtils.java:logGet(46)) - raft.server.log.use.memory = false (default)
2023-08-31 18:19:55,682 [EventQueue-PipelineReportForPipelineReportHandler] INFO  pipeline.PipelineReportHandler (PipelineReportHandler.java:processPipelineReport(136)) - Opened pipeline PipelineID=4b0e1402-56c1-4258-9afa-957e7b4dcc08
2023-08-31 18:19:55,683 [cea0c109-6e95-4b2c-982c-0dc77a608767-groupManagement] INFO  server.RaftServerConfigKeys (ConfUtils.java:logGet(46)) - raft.server.log.purge.gap = 1000000 (custom)
2023-08-31 18:19:55,684 [EventQueue-OpenPipelineForHealthyPipelineSafeModeRule] INFO  safemode.SCMSafeModeManager (HealthyPipelineSafeModeRule.java:process(137)) - SCM in safe mode. Healthy pipelines reported count is 0, required healthy pipeline reported count is 1
2023-08-31 18:19:55,684 [cea0c109-6e95-4b2c-982c-0dc77a608767-groupManagement] INFO  server.RaftServerConfigKeys (ConfUtils.java:logGet(46)) - raft.server.log.appender.buffer.byte-limit = 33554432 (custom)
2023-08-31 18:19:55,685 [cea0c109-6e95-4b2c-982c-0dc77a608767-groupManagement] INFO  server.RaftServerConfigKeys (ConfUtils.java:logGet(46)) - raft.server.log.statemachine.data.read.timeout = 1000ms (default)
2023-08-31 18:19:55,685 [cea0c109-6e95-4b2c-982c-0dc77a608767-groupManagement] INFO  server.RaftServerConfigKeys (ConfUtils.java:logGet(46)) - raft.server.log.purge.preservation.log.num = 0 (default)
2023-08-31 18:19:55,685 [cea0c109-6e95-4b2c-982c-0dc77a608767-groupManagement] INFO  server.RaftServerConfigKeys (ConfUtils.java:logGet(46)) - raft.server.log.segment.size.max = 1048576 (custom)
2023-08-31 18:19:55,685 [cea0c109-6e95-4b2c-982c-0dc77a608767-groupManagement] INFO  server.RaftServerConfigKeys (ConfUtils.java:logGet(46)) - raft.server.log.segment.cache.num.max = 2 (custom)
2023-08-31 18:19:55,685 [cea0c109-6e95-4b2c-982c-0dc77a608767-groupManagement] INFO  server.RaftServerConfigKeys (ConfUtils.java:logGet(46)) - raft.server.log.segment.cache.size.max = 200MB (=209715200) (default)
2023-08-31 18:19:55,685 [cea0c109-6e95-4b2c-982c-0dc77a608767-groupManagement] INFO  server.RaftServerConfigKeys (ConfUtils.java:logGet(46)) - raft.server.log.appender.buffer.byte-limit = 33554432 (custom)
2023-08-31 18:19:55,685 [cea0c109-6e95-4b2c-982c-0dc77a608767-groupManagement] INFO  segmented.SegmentedRaftLogWorker (SegmentedRaftLogWorker.java:<init>(188)) - new cea0c109-6e95-4b2c-982c-0dc77a608767@group-957E7B4DCC08-SegmentedRaftLogWorker for RaftStorageImpl:Storage Directory /home/runner/work/ozone/ozone/hadoop-ozone/integration-test/target/test-dir/MiniOzoneClusterImpl-03cba653-44d0-43b4-bc0f-a7205d2183ff/datanode-0/data/ratis/4b0e1402-56c1-4258-9afa-957e7b4dcc08
2023-08-31 18:19:55,685 [cea0c109-6e95-4b2c-982c-0dc77a608767-groupManagement] INFO  server.RaftServerConfigKeys (ConfUtils.java:logGet(46)) - raft.server.log.queue.byte-limit = 4294967296 (custom)
2023-08-31 18:19:55,685 [cea0c109-6e95-4b2c-982c-0dc77a608767-groupManagement] INFO  server.RaftServerConfigKeys (ConfUtils.java:logGet(46)) - raft.server.log.queue.element-limit = 1024 (custom)
2023-08-31 18:19:55,685 [cea0c109-6e95-4b2c-982c-0dc77a608767-groupManagement] INFO  server.RaftServerConfigKeys (ConfUtils.java:logGet(46)) - raft.server.log.segment.size.max = 1048576 (custom)
2023-08-31 18:19:55,685 [cea0c109-6e95-4b2c-982c-0dc77a608767-groupManagement] INFO  server.RaftServerConfigKeys (ConfUtils.java:logGet(46)) - raft.server.log.preallocated.size = 16384 (custom)
2023-08-31 18:19:55,685 [cea0c109-6e95-4b2c-982c-0dc77a608767-groupManagement] INFO  server.RaftServerConfigKeys (ConfUtils.java:logGet(46)) - raft.server.log.force.sync.num = 128 (default)
2023-08-31 18:19:55,686 [cea0c109-6e95-4b2c-982c-0dc77a608767-groupManagement] INFO  server.RaftServerConfigKeys (ConfUtils.java:logGet(46)) - raft.server.log.statemachine.data.sync = true (default)
2023-08-31 18:19:55,686 [cea0c109-6e95-4b2c-982c-0dc77a608767-groupManagement] INFO  server.RaftServerConfigKeys (ConfUtils.java:logGet(46)) - raft.server.log.statemachine.data.sync.timeout = 10s (default)
2023-08-31 18:19:55,686 [cea0c109-6e95-4b2c-982c-0dc77a608767-groupManagement] INFO  server.RaftServerConfigKeys (ConfUtils.java:logGet(46)) - raft.server.log.statemachine.data.sync.timeout.retry = -1 (default)
2023-08-31 18:19:55,686 [cea0c109-6e95-4b2c-982c-0dc77a608767-groupManagement] INFO  server.RaftServerConfigKeys (ConfUtils.java:logGet(46)) - raft.server.log.write.buffer.size = 1048576 (custom)
2023-08-31 18:19:55,686 [cea0c109-6e95-4b2c-982c-0dc77a608767-groupManagement] INFO  server.RaftServerConfigKeys (ConfUtils.java:logGet(46)) - raft.server.log.appender.buffer.byte-limit = 33554432 (custom)
2023-08-31 18:19:55,693 [cea0c109-6e95-4b2c-982c-0dc77a608767-groupManagement] INFO  server.RaftServerConfigKeys (ConfUtils.java:logGet(46)) - raft.server.log.unsafe-flush.enabled = false (default)
2023-08-31 18:19:55,693 [cea0c109-6e95-4b2c-982c-0dc77a608767-groupManagement] INFO  server.RaftServerConfigKeys (ConfUtils.java:logGet(46)) - raft.server.log.async-flush.enabled = false (default)
2023-08-31 18:19:55,693 [cea0c109-6e95-4b2c-982c-0dc77a608767-groupManagement] INFO  server.RaftServerConfigKeys (ConfUtils.java:logGet(46)) - raft.server.log.statemachine.data.caching.enabled = true (custom)
2023-08-31 18:19:55,694 [cea0c109-6e95-4b2c-982c-0dc77a608767-groupManagement] INFO  segmented.SegmentedRaftLogWorker (SegmentedRaftLogWorker.java:lambda$new$0(135)) - cea0c109-6e95-4b2c-982c-0dc77a608767@group-957E7B4DCC08-SegmentedRaftLogWorker: flushIndex: setUnconditionally 0 -> -1
2023-08-31 18:19:55,694 [cea0c109-6e95-4b2c-982c-0dc77a608767-groupManagement] INFO  segmented.SegmentedRaftLogWorker (SegmentedRaftLogWorker.java:lambda$new$0(135)) - cea0c109-6e95-4b2c-982c-0dc77a608767@group-957E7B4DCC08-SegmentedRaftLogWorker: safeCacheEvictIndex: setUnconditionally 0 -> -1
2023-08-31 18:19:55,694 [cea0c109-6e95-4b2c-982c-0dc77a608767-groupManagement] INFO  server.RaftServer$Division (RaftServerImpl.java:start(342)) - cea0c109-6e95-4b2c-982c-0dc77a608767@group-957E7B4DCC08: start as a follower, conf=-1: peers:[cea0c109-6e95-4b2c-982c-0dc77a608767|rpc:10.1.0.8:15120|admin:10.1.0.8:15119|client:10.1.0.8:15118|dataStream:10.1.0.8:15121|priority:1|startupRole:FOLLOWER]|listeners:[], old=null
2023-08-31 18:19:55,694 [cea0c109-6e95-4b2c-982c-0dc77a608767-groupManagement] INFO  server.RaftServer$Division (RaftServerImpl.java:setRole(329)) - cea0c109-6e95-4b2c-982c-0dc77a608767@group-957E7B4DCC08: changes role from      null to FOLLOWER at term 0 for startAsFollower
2023-08-31 18:19:55,694 [cea0c109-6e95-4b2c-982c-0dc77a608767-groupManagement] INFO  impl.RoleInfo (RoleInfo.java:updateAndGet(139)) - cea0c109-6e95-4b2c-982c-0dc77a608767: start cea0c109-6e95-4b2c-982c-0dc77a608767@group-957E7B4DCC08-FollowerState
2023-08-31 18:19:55,694 [cea0c109-6e95-4b2c-982c-0dc77a608767-groupManagement] INFO  util.JmxRegister (JmxRegister.java:tryRegister(44)) - Successfully registered JMX Bean with object name Ratis:service=RaftServer,group=group-957E7B4DCC08,id=cea0c109-6e95-4b2c-982c-0dc77a608767
2023-08-31 18:19:55,695 [cea0c109-6e95-4b2c-982c-0dc77a608767-groupManagement] INFO  server.RaftServerConfigKeys (ConfUtils.java:logGet(46)) - raft.server.snapshot.auto.trigger.enabled = true (custom)
2023-08-31 18:19:55,695 [cea0c109-6e95-4b2c-982c-0dc77a608767-groupManagement] INFO  server.RaftServerConfigKeys (ConfUtils.java:logGet(46)) - raft.server.snapshot.auto.trigger.threshold = 10000 (custom)
2023-08-31 18:19:55,695 [cea0c109-6e95-4b2c-982c-0dc77a608767-groupManagement] INFO  server.RaftServerConfigKeys (ConfUtils.java:logGet(46)) - raft.server.snapshot.retention.file.num = 5 (custom)
2023-08-31 18:19:55,695 [cea0c109-6e95-4b2c-982c-0dc77a608767-groupManagement] INFO  server.RaftServerConfigKeys (ConfUtils.java:logGet(46)) - raft.server.log.purge.upto.snapshot.index = false (default)
2023-08-31 18:19:55,695 [cea0c109-6e95-4b2c-982c-0dc77a608767@group-957E7B4DCC08-FollowerState] INFO  server.RaftServerConfigKeys (ConfUtils.java:logFallback(53)) - raft.server.rpc.first-election.timeout.min = 5s (fallback to raft.server.rpc.timeout.min)
2023-08-31 18:19:55,695 [cea0c109-6e95-4b2c-982c-0dc77a608767@group-957E7B4DCC08-FollowerState] INFO  server.RaftServerConfigKeys (ConfUtils.java:logFallback(53)) - raft.server.rpc.first-election.timeout.max = 5200ms (fallback to raft.server.rpc.timeout.max)
2023-08-31 18:19:55,699 [PipelineCommandHandlerThread-0] INFO  ratis.XceiverServerRatis (XceiverServerRatis.java:addGroup(804)) - Created group PipelineID=4b0e1402-56c1-4258-9afa-957e7b4dcc08
2023-08-31 18:19:55,699 [PipelineCommandHandlerThread-0] INFO  commandhandler.CreatePipelineCommandHandler (CreatePipelineCommandHandler.java:lambda$handle$2(124)) - Created Pipeline RATIS ONE PipelineID=4b0e1402-56c1-4258-9afa-957e7b4dcc08.
2023-08-31 18:19:55,699 [PipelineCommandHandlerThread-0] INFO  server.RaftServer (RaftServerProxy.java:addNew(98)) - cea0c109-6e95-4b2c-982c-0dc77a608767: addNew group-252A861C3683:[14fa2eac-e184-46cf-8dd5-e89808402331|rpc:10.1.0.8:15129|admin:10.1.0.8:15128|client:10.1.0.8:15127|dataStream:10.1.0.8:15130|priority:1|startupRole:FOLLOWER, cea0c109-6e95-4b2c-982c-0dc77a608767|rpc:10.1.0.8:15120|admin:10.1.0.8:15119|client:10.1.0.8:15118|dataStream:10.1.0.8:15121|priority:0|startupRole:FOLLOWER, b680699b-c9cb-4670-83ba-783bfe62cfe5|rpc:10.1.0.8:15138|admin:10.1.0.8:15137|client:10.1.0.8:15136|dataStream:10.1.0.8:15139|priority:0|startupRole:FOLLOWER] returns group-252A861C3683:java.util.concurrent.CompletableFuture@17189434[Not completed]
2023-08-31 18:19:55,702 [cea0c109-6e95-4b2c-982c-0dc77a608767-groupManagement] INFO  server.RaftServer$Division (RaftServerImpl.java:<init>(198)) - cea0c109-6e95-4b2c-982c-0dc77a608767: new RaftServerImpl for group-252A861C3683:[14fa2eac-e184-46cf-8dd5-e89808402331|rpc:10.1.0.8:15129|admin:10.1.0.8:15128|client:10.1.0.8:15127|dataStream:10.1.0.8:15130|priority:1|startupRole:FOLLOWER, cea0c109-6e95-4b2c-982c-0dc77a608767|rpc:10.1.0.8:15120|admin:10.1.0.8:15119|client:10.1.0.8:15118|dataStream:10.1.0.8:15121|priority:0|startupRole:FOLLOWER, b680699b-c9cb-4670-83ba-783bfe62cfe5|rpc:10.1.0.8:15138|admin:10.1.0.8:15137|client:10.1.0.8:15136|dataStream:10.1.0.8:15139|priority:0|startupRole:FOLLOWER] with ContainerStateMachine:uninitialized
2023-08-31 18:19:55,702 [cea0c109-6e95-4b2c-982c-0dc77a608767-groupManagement] INFO  server.RaftServerConfigKeys (ConfUtils.java:logGet(46)) - raft.server.rpc.timeout.min = 5s (custom)
2023-08-31 18:19:55,702 [cea0c109-6e95-4b2c-982c-0dc77a608767-groupManagement] INFO  server.RaftServerConfigKeys (ConfUtils.java:logGet(46)) - raft.server.rpc.timeout.max = 5200ms (custom)
2023-08-31 18:19:55,702 [cea0c109-6e95-4b2c-982c-0dc77a608767-groupManagement] INFO  server.RaftServerConfigKeys (ConfUtils.java:logGet(46)) - raft.server.rpc.sleep.time = 25ms (default)
2023-08-31 18:19:55,702 [cea0c109-6e95-4b2c-982c-0dc77a608767-groupManagement] INFO  server.RaftServerConfigKeys (ConfUtils.java:logGet(46)) - raft.server.rpc.slowness.timeout = 300s (custom)
2023-08-31 18:19:55,703 [cea0c109-6e95-4b2c-982c-0dc77a608767-groupManagement] INFO  server.RaftServerConfigKeys (ConfUtils.java:logGet(46)) - raft.server.leaderelection.leader.step-down.wait-time = 10s (default)
2023-08-31 18:19:55,703 [cea0c109-6e95-4b2c-982c-0dc77a608767-groupManagement] INFO  server.RaftServerConfigKeys (ConfUtils.java:logGet(46)) - raft.server.sleep.deviation.threshold = 300ms (default)
2023-08-31 18:19:55,703 [cea0c109-6e95-4b2c-982c-0dc77a608767-groupManagement] INFO  server.RaftServer$Division (ServerState.java:<init>(120)) - cea0c109-6e95-4b2c-982c-0dc77a608767@group-252A861C3683: ConfigurationManager, init=-1: peers:[14fa2eac-e184-46cf-8dd5-e89808402331|rpc:10.1.0.8:15129|admin:10.1.0.8:15128|client:10.1.0.8:15127|dataStream:10.1.0.8:15130|priority:1|startupRole:FOLLOWER, cea0c109-6e95-4b2c-982c-0dc77a608767|rpc:10.1.0.8:15120|admin:10.1.0.8:15119|client:10.1.0.8:15118|dataStream:10.1.0.8:15121|priority:0|startupRole:FOLLOWER, b680699b-c9cb-4670-83ba-783bfe62cfe5|rpc:10.1.0.8:15138|admin:10.1.0.8:15137|client:10.1.0.8:15136|dataStream:10.1.0.8:15139|priority:0|startupRole:FOLLOWER]|listeners:[], old=null, confs=<EMPTY_MAP>
2023-08-31 18:19:55,703 [cea0c109-6e95-4b2c-982c-0dc77a608767-groupManagement] INFO  server.RaftServerConfigKeys (ConfUtils.java:logGet(46)) - raft.server.storage.dir = [/home/runner/work/ozone/ozone/hadoop-ozone/integration-test/target/test-dir/MiniOzoneClusterImpl-03cba653-44d0-43b4-bc0f-a7205d2183ff/datanode-0/data/ratis] (custom)
2023-08-31 18:19:55,703 [cea0c109-6e95-4b2c-982c-0dc77a608767-groupManagement] INFO  server.RaftServerConfigKeys (ConfUtils.java:logGet(46)) - raft.server.log.corruption.policy = EXCEPTION (default)
2023-08-31 18:19:55,703 [cea0c109-6e95-4b2c-982c-0dc77a608767-groupManagement] INFO  server.RaftServerConfigKeys (ConfUtils.java:logGet(46)) - raft.server.storage.free-space.min = 0MB (=0) (default)
2023-08-31 18:19:55,703 [cea0c109-6e95-4b2c-982c-0dc77a608767-groupManagement] INFO  server.RaftServerConfigKeys (ConfUtils.java:logGet(46)) - raft.server.notification.no-leader.timeout = 300s (custom)
2023-08-31 18:19:55,703 [cea0c109-6e95-4b2c-982c-0dc77a608767-groupManagement] INFO  server.RaftServerConfigKeys (ConfUtils.java:logGet(46)) - raft.server.read.timeout = 10s (default)
2023-08-31 18:19:55,703 [cea0c109-6e95-4b2c-982c-0dc77a608767-groupManagement] INFO  server.RaftServerConfigKeys (ConfUtils.java:logGet(46)) - raft.server.retrycache.expirytime = 600000ms (custom)
2023-08-31 18:19:55,703 [cea0c109-6e95-4b2c-982c-0dc77a608767-groupManagement] INFO  server.RaftServerConfigKeys (ConfUtils.java:logGet(46)) - raft.server.retrycache.statistics.expirytime = 100μs (default)
2023-08-31 18:19:55,703 [cea0c109-6e95-4b2c-982c-0dc77a608767-groupManagement] INFO  server.RaftServerConfigKeys (ConfUtils.java:logGet(46)) - raft.server.read.option = DEFAULT (default)
2023-08-31 18:19:55,704 [cea0c109-6e95-4b2c-982c-0dc77a608767-groupManagement] INFO  server.RaftServerConfigKeys (ConfUtils.java:logGet(46)) - raft.server.rpc.request.timeout = 60s (custom)
2023-08-31 18:19:55,704 [cea0c109-6e95-4b2c-982c-0dc77a608767-groupManagement] INFO  server.RaftServerConfigKeys (ConfUtils.java:logGet(46)) - raft.server.log.appender.install.snapshot.enabled = false (custom)
2023-08-31 18:19:55,704 [cea0c109-6e95-4b2c-982c-0dc77a608767-groupManagement] INFO  server.RaftServerConfigKeys (ConfUtils.java:logGet(46)) - raft.server.threadpool.server.cached = true (default)
2023-08-31 18:19:55,704 [cea0c109-6e95-4b2c-982c-0dc77a608767-groupManagement] INFO  server.RaftServerConfigKeys (ConfUtils.java:logGet(46)) - raft.server.threadpool.server.size = 0 (default)
2023-08-31 18:19:55,704 [cea0c109-6e95-4b2c-982c-0dc77a608767-groupManagement] INFO  server.RaftServerConfigKeys (ConfUtils.java:logGet(46)) - raft.server.threadpool.client.cached = true (default)
2023-08-31 18:19:55,704 [cea0c109-6e95-4b2c-982c-0dc77a608767-groupManagement] INFO  server.RaftServerConfigKeys (ConfUtils.java:logGet(46)) - raft.server.threadpool.client.size = 0 (default)
2023-08-31 18:19:55,705 [cea0c109-6e95-4b2c-982c-0dc77a608767-groupManagement] INFO  storage.RaftStorageDirectory (RaftStorageDirectoryImpl.java:analyzeStorage(137)) - The storage directory /home/runner/work/ozone/ozone/hadoop-ozone/integration-test/target/test-dir/MiniOzoneClusterImpl-03cba653-44d0-43b4-bc0f-a7205d2183ff/datanode-0/data/ratis/03b84fdd-346e-4cf1-b385-252a861c3683 does not exist. Creating ...
2023-08-31 18:19:55,706 [cea0c109-6e95-4b2c-982c-0dc77a608767-groupManagement] INFO  storage.RaftStorageDirectory (RaftStorageDirectoryImpl.java:tryLock(231)) - Lock on /home/runner/work/ozone/ozone/hadoop-ozone/integration-test/target/test-dir/MiniOzoneClusterImpl-03cba653-44d0-43b4-bc0f-a7205d2183ff/datanode-0/data/ratis/03b84fdd-346e-4cf1-b385-252a861c3683/in_use.lock acquired by nodename 61743@fv-az1129-899
2023-08-31 18:19:55,708 [cea0c109-6e95-4b2c-982c-0dc77a608767-groupManagement] INFO  storage.RaftStorage (RaftStorageImpl.java:format(96)) - Storage directory /home/runner/work/ozone/ozone/hadoop-ozone/integration-test/target/test-dir/MiniOzoneClusterImpl-03cba653-44d0-43b4-bc0f-a7205d2183ff/datanode-0/data/ratis/03b84fdd-346e-4cf1-b385-252a861c3683 has been successfully formatted.
2023-08-31 18:19:55,708 [cea0c109-6e95-4b2c-982c-0dc77a608767-groupManagement] INFO  ratis.ContainerStateMachine (ContainerStateMachine.java:loadSnapshot(262)) - group-252A861C3683: The snapshot info is null. Setting the last applied indexto:(t:0, i:~)
2023-08-31 18:19:55,708 [cea0c109-6e95-4b2c-982c-0dc77a608767-groupManagement] INFO  server.RaftServerConfigKeys (ConfUtils.java:logGet(46)) - raft.server.log.use.memory = false (default)
2023-08-31 18:19:55,708 [cea0c109-6e95-4b2c-982c-0dc77a608767-groupManagement] INFO  server.RaftServerConfigKeys (ConfUtils.java:logGet(46)) - raft.server.log.purge.gap = 1000000 (custom)
2023-08-31 18:19:55,709 [cea0c109-6e95-4b2c-982c-0dc77a608767-groupManagement] INFO  server.RaftServerConfigKeys (ConfUtils.java:logGet(46)) - raft.server.log.appender.buffer.byte-limit = 33554432 (custom)
2023-08-31 18:19:55,709 [cea0c109-6e95-4b2c-982c-0dc77a608767-groupManagement] INFO  server.RaftServerConfigKeys (ConfUtils.java:logGet(46)) - raft.server.log.statemachine.data.read.timeout = 1000ms (default)
2023-08-31 18:19:55,709 [cea0c109-6e95-4b2c-982c-0dc77a608767-groupManagement] INFO  server.RaftServerConfigKeys (ConfUtils.java:logGet(46)) - raft.server.log.purge.preservation.log.num = 0 (default)
2023-08-31 18:19:55,709 [cea0c109-6e95-4b2c-982c-0dc77a608767-groupManagement] INFO  server.RaftServerConfigKeys (ConfUtils.java:logGet(46)) - raft.server.log.segment.size.max = 1048576 (custom)
2023-08-31 18:19:55,709 [EventQueue-OpenPipelineForHealthyPipelineSafeModeRule] INFO  safemode.SCMSafeModeManager (HealthyPipelineSafeModeRule.java:process(137)) - SCM in safe mode. Healthy pipelines reported count is 0, required healthy pipeline reported count is 1
2023-08-31 18:19:55,709 [cea0c109-6e95-4b2c-982c-0dc77a608767-groupManagement] INFO  server.RaftServerConfigKeys (ConfUtils.java:logGet(46)) - raft.server.log.segment.cache.num.max = 2 (custom)
2023-08-31 18:19:55,710 [cea0c109-6e95-4b2c-982c-0dc77a608767-groupManagement] INFO  server.RaftServerConfigKeys (ConfUtils.java:logGet(46)) - raft.server.log.segment.cache.size.max = 200MB (=209715200) (default)
2023-08-31 18:19:55,710 [cea0c109-6e95-4b2c-982c-0dc77a608767-groupManagement] INFO  server.RaftServerConfigKeys (ConfUtils.java:logGet(46)) - raft.server.log.appender.buffer.byte-limit = 33554432 (custom)
2023-08-31 18:19:55,710 [cea0c109-6e95-4b2c-982c-0dc77a608767-groupManagement] INFO  segmented.SegmentedRaftLogWorker (SegmentedRaftLogWorker.java:<init>(188)) - new cea0c109-6e95-4b2c-982c-0dc77a608767@group-252A861C3683-SegmentedRaftLogWorker for RaftStorageImpl:Storage Directory /home/runner/work/ozone/ozone/hadoop-ozone/integration-test/target/test-dir/MiniOzoneClusterImpl-03cba653-44d0-43b4-bc0f-a7205d2183ff/datanode-0/data/ratis/03b84fdd-346e-4cf1-b385-252a861c3683
2023-08-31 18:19:55,710 [cea0c109-6e95-4b2c-982c-0dc77a608767-groupManagement] INFO  server.RaftServerConfigKeys (ConfUtils.java:logGet(46)) - raft.server.log.queue.byte-limit = 4294967296 (custom)
2023-08-31 18:19:55,710 [cea0c109-6e95-4b2c-982c-0dc77a608767-groupManagement] INFO  server.RaftServerConfigKeys (ConfUtils.java:logGet(46)) - raft.server.log.queue.element-limit = 1024 (custom)
2023-08-31 18:19:55,710 [cea0c109-6e95-4b2c-982c-0dc77a608767-groupManagement] INFO  server.RaftServerConfigKeys (ConfUtils.java:logGet(46)) - raft.server.log.segment.size.max = 1048576 (custom)
2023-08-31 18:19:55,710 [cea0c109-6e95-4b2c-982c-0dc77a608767-groupManagement] INFO  server.RaftServerConfigKeys (ConfUtils.java:logGet(46)) - raft.server.log.preallocated.size = 16384 (custom)
2023-08-31 18:19:55,710 [cea0c109-6e95-4b2c-982c-0dc77a608767-groupManagement] INFO  server.RaftServerConfigKeys (ConfUtils.java:logGet(46)) - raft.server.log.force.sync.num = 128 (default)
2023-08-31 18:19:55,710 [cea0c109-6e95-4b2c-982c-0dc77a608767-groupManagement] INFO  server.RaftServerConfigKeys (ConfUtils.java:logGet(46)) - raft.server.log.statemachine.data.sync = true (default)
2023-08-31 18:19:55,710 [cea0c109-6e95-4b2c-982c-0dc77a608767-groupManagement] INFO  server.RaftServerConfigKeys (ConfUtils.java:logGet(46)) - raft.server.log.statemachine.data.sync.timeout = 10s (default)
2023-08-31 18:19:55,710 [cea0c109-6e95-4b2c-982c-0dc77a608767-groupManagement] INFO  server.RaftServerConfigKeys (ConfUtils.java:logGet(46)) - raft.server.log.statemachine.data.sync.timeout.retry = -1 (default)
2023-08-31 18:19:55,711 [cea0c109-6e95-4b2c-982c-0dc77a608767-groupManagement] INFO  server.RaftServerConfigKeys (ConfUtils.java:logGet(46)) - raft.server.log.write.buffer.size = 1048576 (custom)
2023-08-31 18:19:55,711 [cea0c109-6e95-4b2c-982c-0dc77a608767-groupManagement] INFO  server.RaftServerConfigKeys (ConfUtils.java:logGet(46)) - raft.server.log.appender.buffer.byte-limit = 33554432 (custom)
2023-08-31 18:19:55,718 [cea0c109-6e95-4b2c-982c-0dc77a608767-groupManagement] INFO  server.RaftServerConfigKeys (ConfUtils.java:logGet(46)) - raft.server.log.unsafe-flush.enabled = false (default)
2023-08-31 18:19:55,718 [cea0c109-6e95-4b2c-982c-0dc77a608767-groupManagement] INFO  server.RaftServerConfigKeys (ConfUtils.java:logGet(46)) - raft.server.log.async-flush.enabled = false (default)
2023-08-31 18:19:55,718 [cea0c109-6e95-4b2c-982c-0dc77a608767-groupManagement] INFO  server.RaftServerConfigKeys (ConfUtils.java:logGet(46)) - raft.server.log.statemachine.data.caching.enabled = true (custom)
2023-08-31 18:19:55,719 [cea0c109-6e95-4b2c-982c-0dc77a608767-groupManagement] INFO  segmented.SegmentedRaftLogWorker (SegmentedRaftLogWorker.java:lambda$new$0(135)) - cea0c109-6e95-4b2c-982c-0dc77a608767@group-252A861C3683-SegmentedRaftLogWorker: flushIndex: setUnconditionally 0 -> -1
2023-08-31 18:19:55,719 [cea0c109-6e95-4b2c-982c-0dc77a608767-groupManagement] INFO  segmented.SegmentedRaftLogWorker (SegmentedRaftLogWorker.java:lambda$new$0(135)) - cea0c109-6e95-4b2c-982c-0dc77a608767@group-252A861C3683-SegmentedRaftLogWorker: safeCacheEvictIndex: setUnconditionally 0 -> -1
2023-08-31 18:19:55,719 [cea0c109-6e95-4b2c-982c-0dc77a608767-groupManagement] INFO  server.RaftServer$Division (RaftServerImpl.java:start(342)) - cea0c109-6e95-4b2c-982c-0dc77a608767@group-252A861C3683: start as a follower, conf=-1: peers:[14fa2eac-e184-46cf-8dd5-e89808402331|rpc:10.1.0.8:15129|admin:10.1.0.8:15128|client:10.1.0.8:15127|dataStream:10.1.0.8:15130|priority:1|startupRole:FOLLOWER, cea0c109-6e95-4b2c-982c-0dc77a608767|rpc:10.1.0.8:15120|admin:10.1.0.8:15119|client:10.1.0.8:15118|dataStream:10.1.0.8:15121|priority:0|startupRole:FOLLOWER, b680699b-c9cb-4670-83ba-783bfe62cfe5|rpc:10.1.0.8:15138|admin:10.1.0.8:15137|client:10.1.0.8:15136|dataStream:10.1.0.8:15139|priority:0|startupRole:FOLLOWER]|listeners:[], old=null
2023-08-31 18:19:55,719 [cea0c109-6e95-4b2c-982c-0dc77a608767-groupManagement] INFO  server.RaftServer$Division (RaftServerImpl.java:setRole(329)) - cea0c109-6e95-4b2c-982c-0dc77a608767@group-252A861C3683: changes role from      null to FOLLOWER at term 0 for startAsFollower
2023-08-31 18:19:55,719 [cea0c109-6e95-4b2c-982c-0dc77a608767-groupManagement] INFO  impl.RoleInfo (RoleInfo.java:updateAndGet(139)) - cea0c109-6e95-4b2c-982c-0dc77a608767: start cea0c109-6e95-4b2c-982c-0dc77a608767@group-252A861C3683-FollowerState
2023-08-31 18:19:55,720 [cea0c109-6e95-4b2c-982c-0dc77a608767-groupManagement] INFO  util.JmxRegister (JmxRegister.java:tryRegister(44)) - Successfully registered JMX Bean with object name Ratis:service=RaftServer,group=group-252A861C3683,id=cea0c109-6e95-4b2c-982c-0dc77a608767
2023-08-31 18:19:55,720 [cea0c109-6e95-4b2c-982c-0dc77a608767-groupManagement] INFO  server.RaftServerConfigKeys (ConfUtils.java:logGet(46)) - raft.server.snapshot.auto.trigger.enabled = true (custom)
2023-08-31 18:19:55,720 [cea0c109-6e95-4b2c-982c-0dc77a608767-groupManagement] INFO  server.RaftServerConfigKeys (ConfUtils.java:logGet(46)) - raft.server.snapshot.auto.trigger.threshold = 10000 (custom)
2023-08-31 18:19:55,720 [cea0c109-6e95-4b2c-982c-0dc77a608767-groupManagement] INFO  server.RaftServerConfigKeys (ConfUtils.java:logGet(46)) - raft.server.snapshot.retention.file.num = 5 (custom)
2023-08-31 18:19:55,720 [cea0c109-6e95-4b2c-982c-0dc77a608767-groupManagement] INFO  server.RaftServerConfigKeys (ConfUtils.java:logGet(46)) - raft.server.log.purge.upto.snapshot.index = false (default)
2023-08-31 18:19:55,721 [PipelineCommandHandlerThread-0] INFO  ratis.XceiverServerRatis (XceiverServerRatis.java:addGroup(804)) - Created group PipelineID=03b84fdd-346e-4cf1-b385-252a861c3683
2023-08-31 18:19:55,721 [cea0c109-6e95-4b2c-982c-0dc77a608767@group-252A861C3683-FollowerState] INFO  server.RaftServerConfigKeys (ConfUtils.java:logFallback(53)) - raft.server.rpc.first-election.timeout.min = 5s (fallback to raft.server.rpc.timeout.min)
2023-08-31 18:19:55,721 [cea0c109-6e95-4b2c-982c-0dc77a608767@group-252A861C3683-FollowerState] INFO  server.RaftServerConfigKeys (ConfUtils.java:logFallback(53)) - raft.server.rpc.first-election.timeout.max = 5200ms (fallback to raft.server.rpc.timeout.max)
2023-08-31 18:19:55,733 [grpc-default-executor-0] INFO  server.RaftServer (RaftServerProxy.java:addNew(98)) - 14fa2eac-e184-46cf-8dd5-e89808402331: addNew group-252A861C3683:[14fa2eac-e184-46cf-8dd5-e89808402331|rpc:10.1.0.8:15129|admin:10.1.0.8:15128|client:10.1.0.8:15127|dataStream:10.1.0.8:15130|priority:1|startupRole:FOLLOWER, cea0c109-6e95-4b2c-982c-0dc77a608767|rpc:10.1.0.8:15120|admin:10.1.0.8:15119|client:10.1.0.8:15118|dataStream:10.1.0.8:15121|priority:0|startupRole:FOLLOWER, b680699b-c9cb-4670-83ba-783bfe62cfe5|rpc:10.1.0.8:15138|admin:10.1.0.8:15137|client:10.1.0.8:15136|dataStream:10.1.0.8:15139|priority:0|startupRole:FOLLOWER] returns group-252A861C3683:java.util.concurrent.CompletableFuture@4763b542[Not completed]
2023-08-31 18:19:55,734 [14fa2eac-e184-46cf-8dd5-e89808402331-groupManagement] INFO  server.RaftServer$Division (RaftServerImpl.java:<init>(198)) - 14fa2eac-e184-46cf-8dd5-e89808402331: new RaftServerImpl for group-252A861C3683:[14fa2eac-e184-46cf-8dd5-e89808402331|rpc:10.1.0.8:15129|admin:10.1.0.8:15128|client:10.1.0.8:15127|dataStream:10.1.0.8:15130|priority:1|startupRole:FOLLOWER, cea0c109-6e95-4b2c-982c-0dc77a608767|rpc:10.1.0.8:15120|admin:10.1.0.8:15119|client:10.1.0.8:15118|dataStream:10.1.0.8:15121|priority:0|startupRole:FOLLOWER, b680699b-c9cb-4670-83ba-783bfe62cfe5|rpc:10.1.0.8:15138|admin:10.1.0.8:15137|client:10.1.0.8:15136|dataStream:10.1.0.8:15139|priority:0|startupRole:FOLLOWER] with ContainerStateMachine:uninitialized
2023-08-31 18:19:55,734 [14fa2eac-e184-46cf-8dd5-e89808402331-groupManagement] INFO  server.RaftServerConfigKeys (ConfUtils.java:logGet(46)) - raft.server.rpc.timeout.min = 5s (custom)
2023-08-31 18:19:55,734 [14fa2eac-e184-46cf-8dd5-e89808402331-groupManagement] INFO  server.RaftServerConfigKeys (ConfUtils.java:logGet(46)) - raft.server.rpc.timeout.max = 5200ms (custom)
2023-08-31 18:19:55,734 [14fa2eac-e184-46cf-8dd5-e89808402331-groupManagement] INFO  server.RaftServerConfigKeys (ConfUtils.java:logGet(46)) - raft.server.rpc.sleep.time = 25ms (default)
2023-08-31 18:19:55,734 [14fa2eac-e184-46cf-8dd5-e89808402331-groupManagement] INFO  server.RaftServerConfigKeys (ConfUtils.java:logGet(46)) - raft.server.rpc.slowness.timeout = 300s (custom)
2023-08-31 18:19:55,734 [14fa2eac-e184-46cf-8dd5-e89808402331-groupManagement] INFO  server.RaftServerConfigKeys (ConfUtils.java:logGet(46)) - raft.server.leaderelection.leader.step-down.wait-time = 10s (default)
2023-08-31 18:19:55,734 [14fa2eac-e184-46cf-8dd5-e89808402331-groupManagement] INFO  server.RaftServerConfigKeys (ConfUtils.java:logGet(46)) - raft.server.sleep.deviation.threshold = 300ms (default)
2023-08-31 18:19:55,735 [14fa2eac-e184-46cf-8dd5-e89808402331-groupManagement] INFO  server.RaftServer$Division (ServerState.java:<init>(120)) - 14fa2eac-e184-46cf-8dd5-e89808402331@group-252A861C3683: ConfigurationManager, init=-1: peers:[14fa2eac-e184-46cf-8dd5-e89808402331|rpc:10.1.0.8:15129|admin:10.1.0.8:15128|client:10.1.0.8:15127|dataStream:10.1.0.8:15130|priority:1|startupRole:FOLLOWER, cea0c109-6e95-4b2c-982c-0dc77a608767|rpc:10.1.0.8:15120|admin:10.1.0.8:15119|client:10.1.0.8:15118|dataStream:10.1.0.8:15121|priority:0|startupRole:FOLLOWER, b680699b-c9cb-4670-83ba-783bfe62cfe5|rpc:10.1.0.8:15138|admin:10.1.0.8:15137|client:10.1.0.8:15136|dataStream:10.1.0.8:15139|priority:0|startupRole:FOLLOWER]|listeners:[], old=null, confs=<EMPTY_MAP>
2023-08-31 18:19:55,735 [14fa2eac-e184-46cf-8dd5-e89808402331-groupManagement] INFO  server.RaftServerConfigKeys (ConfUtils.java:logGet(46)) - raft.server.storage.dir = [/home/runner/work/ozone/ozone/hadoop-ozone/integration-test/target/test-dir/MiniOzoneClusterImpl-03cba653-44d0-43b4-bc0f-a7205d2183ff/datanode-1/data/ratis] (custom)
2023-08-31 18:19:55,735 [14fa2eac-e184-46cf-8dd5-e89808402331-groupManagement] INFO  server.RaftServerConfigKeys (ConfUtils.java:logGet(46)) - raft.server.log.corruption.policy = EXCEPTION (default)
2023-08-31 18:19:55,735 [14fa2eac-e184-46cf-8dd5-e89808402331-groupManagement] INFO  server.RaftServerConfigKeys (ConfUtils.java:logGet(46)) - raft.server.storage.free-space.min = 0MB (=0) (default)
2023-08-31 18:19:55,735 [14fa2eac-e184-46cf-8dd5-e89808402331-groupManagement] INFO  server.RaftServerConfigKeys (ConfUtils.java:logGet(46)) - raft.server.notification.no-leader.timeout = 300s (custom)
2023-08-31 18:19:55,735 [14fa2eac-e184-46cf-8dd5-e89808402331-groupManagement] INFO  server.RaftServerConfigKeys (ConfUtils.java:logGet(46)) - raft.server.read.timeout = 10s (default)
2023-08-31 18:19:55,735 [14fa2eac-e184-46cf-8dd5-e89808402331-groupManagement] INFO  server.RaftServerConfigKeys (ConfUtils.java:logGet(46)) - raft.server.retrycache.expirytime = 600000ms (custom)
2023-08-31 18:19:55,735 [14fa2eac-e184-46cf-8dd5-e89808402331-groupManagement] INFO  server.RaftServerConfigKeys (ConfUtils.java:logGet(46)) - raft.server.retrycache.statistics.expirytime = 100μs (default)
2023-08-31 18:19:55,735 [14fa2eac-e184-46cf-8dd5-e89808402331-groupManagement] INFO  server.RaftServerConfigKeys (ConfUtils.java:logGet(46)) - raft.server.read.option = DEFAULT (default)
2023-08-31 18:19:55,736 [14fa2eac-e184-46cf-8dd5-e89808402331-groupManagement] INFO  server.RaftServerConfigKeys (ConfUtils.java:logGet(46)) - raft.server.rpc.request.timeout = 60s (custom)
2023-08-31 18:19:55,736 [14fa2eac-e184-46cf-8dd5-e89808402331-groupManagement] INFO  server.RaftServerConfigKeys (ConfUtils.java:logGet(46)) - raft.server.log.appender.install.snapshot.enabled = false (custom)
2023-08-31 18:19:55,736 [14fa2eac-e184-46cf-8dd5-e89808402331-groupManagement] INFO  server.RaftServerConfigKeys (ConfUtils.java:logGet(46)) - raft.server.threadpool.server.cached = true (default)
2023-08-31 18:19:55,736 [14fa2eac-e184-46cf-8dd5-e89808402331-groupManagement] INFO  server.RaftServerConfigKeys (ConfUtils.java:logGet(46)) - raft.server.threadpool.server.size = 0 (default)
2023-08-31 18:19:55,736 [14fa2eac-e184-46cf-8dd5-e89808402331-groupManagement] INFO  server.RaftServerConfigKeys (ConfUtils.java:logGet(46)) - raft.server.threadpool.client.cached = true (default)
2023-08-31 18:19:55,736 [14fa2eac-e184-46cf-8dd5-e89808402331-groupManagement] INFO  server.RaftServerConfigKeys (ConfUtils.java:logGet(46)) - raft.server.threadpool.client.size = 0 (default)
2023-08-31 18:19:55,736 [14fa2eac-e184-46cf-8dd5-e89808402331-groupManagement] INFO  storage.RaftStorageDirectory (RaftStorageDirectoryImpl.java:analyzeStorage(137)) - The storage directory /home/runner/work/ozone/ozone/hadoop-ozone/integration-test/target/test-dir/MiniOzoneClusterImpl-03cba653-44d0-43b4-bc0f-a7205d2183ff/datanode-1/data/ratis/03b84fdd-346e-4cf1-b385-252a861c3683 does not exist. Creating ...
2023-08-31 18:19:55,738 [14fa2eac-e184-46cf-8dd5-e89808402331-groupManagement] INFO  storage.RaftStorageDirectory (RaftStorageDirectoryImpl.java:tryLock(231)) - Lock on /home/runner/work/ozone/ozone/hadoop-ozone/integration-test/target/test-dir/MiniOzoneClusterImpl-03cba653-44d0-43b4-bc0f-a7205d2183ff/datanode-1/data/ratis/03b84fdd-346e-4cf1-b385-252a861c3683/in_use.lock acquired by nodename 61743@fv-az1129-899
2023-08-31 18:19:55,741 [14fa2eac-e184-46cf-8dd5-e89808402331-groupManagement] INFO  storage.RaftStorage (RaftStorageImpl.java:format(96)) - Storage directory /home/runner/work/ozone/ozone/hadoop-ozone/integration-test/target/test-dir/MiniOzoneClusterImpl-03cba653-44d0-43b4-bc0f-a7205d2183ff/datanode-1/data/ratis/03b84fdd-346e-4cf1-b385-252a861c3683 has been successfully formatted.
2023-08-31 18:19:55,742 [14fa2eac-e184-46cf-8dd5-e89808402331-groupManagement] INFO  ratis.ContainerStateMachine (ContainerStateMachine.java:loadSnapshot(262)) - group-252A861C3683: The snapshot info is null. Setting the last applied indexto:(t:0, i:~)
2023-08-31 18:19:55,742 [14fa2eac-e184-46cf-8dd5-e89808402331-groupManagement] INFO  server.RaftServerConfigKeys (ConfUtils.java:logGet(46)) - raft.server.log.use.memory = false (default)
2023-08-31 18:19:55,742 [14fa2eac-e184-46cf-8dd5-e89808402331-groupManagement] INFO  server.RaftServerConfigKeys (ConfUtils.java:logGet(46)) - raft.server.log.purge.gap = 1000000 (custom)
2023-08-31 18:19:55,743 [14fa2eac-e184-46cf-8dd5-e89808402331-groupManagement] INFO  server.RaftServerConfigKeys (ConfUtils.java:logGet(46)) - raft.server.log.appender.buffer.byte-limit = 33554432 (custom)
2023-08-31 18:19:55,743 [14fa2eac-e184-46cf-8dd5-e89808402331-groupManagement] INFO  server.RaftServerConfigKeys (ConfUtils.java:logGet(46)) - raft.server.log.statemachine.data.read.timeout = 1000ms (default)
2023-08-31 18:19:55,743 [14fa2eac-e184-46cf-8dd5-e89808402331-groupManagement] INFO  server.RaftServerConfigKeys (ConfUtils.java:logGet(46)) - raft.server.log.purge.preservation.log.num = 0 (default)
2023-08-31 18:19:55,743 [14fa2eac-e184-46cf-8dd5-e89808402331-groupManagement] INFO  server.RaftServerConfigKeys (ConfUtils.java:logGet(46)) - raft.server.log.segment.size.max = 1048576 (custom)
2023-08-31 18:19:55,743 [14fa2eac-e184-46cf-8dd5-e89808402331-groupManagement] INFO  server.RaftServerConfigKeys (ConfUtils.java:logGet(46)) - raft.server.log.segment.cache.num.max = 2 (custom)
2023-08-31 18:19:55,743 [14fa2eac-e184-46cf-8dd5-e89808402331-groupManagement] INFO  server.RaftServerConfigKeys (ConfUtils.java:logGet(46)) - raft.server.log.segment.cache.size.max = 200MB (=209715200) (default)
2023-08-31 18:19:55,743 [14fa2eac-e184-46cf-8dd5-e89808402331-groupManagement] INFO  server.RaftServerConfigKeys (ConfUtils.java:logGet(46)) - raft.server.log.appender.buffer.byte-limit = 33554432 (custom)
2023-08-31 18:19:55,743 [14fa2eac-e184-46cf-8dd5-e89808402331-groupManagement] INFO  segmented.SegmentedRaftLogWorker (SegmentedRaftLogWorker.java:<init>(188)) - new 14fa2eac-e184-46cf-8dd5-e89808402331@group-252A861C3683-SegmentedRaftLogWorker for RaftStorageImpl:Storage Directory /home/runner/work/ozone/ozone/hadoop-ozone/integration-test/target/test-dir/MiniOzoneClusterImpl-03cba653-44d0-43b4-bc0f-a7205d2183ff/datanode-1/data/ratis/03b84fdd-346e-4cf1-b385-252a861c3683
2023-08-31 18:19:55,744 [14fa2eac-e184-46cf-8dd5-e89808402331-groupManagement] INFO  server.RaftServerConfigKeys (ConfUtils.java:logGet(46)) - raft.server.log.queue.byte-limit = 4294967296 (custom)
2023-08-31 18:19:55,744 [14fa2eac-e184-46cf-8dd5-e89808402331-groupManagement] INFO  server.RaftServerConfigKeys (ConfUtils.java:logGet(46)) - raft.server.log.queue.element-limit = 1024 (custom)
2023-08-31 18:19:55,744 [14fa2eac-e184-46cf-8dd5-e89808402331-groupManagement] INFO  server.RaftServerConfigKeys (ConfUtils.java:logGet(46)) - raft.server.log.segment.size.max = 1048576 (custom)
2023-08-31 18:19:55,744 [14fa2eac-e184-46cf-8dd5-e89808402331-groupManagement] INFO  server.RaftServerConfigKeys (ConfUtils.java:logGet(46)) - raft.server.log.preallocated.size = 16384 (custom)
2023-08-31 18:19:55,744 [14fa2eac-e184-46cf-8dd5-e89808402331-groupManagement] INFO  server.RaftServerConfigKeys (ConfUtils.java:logGet(46)) - raft.server.log.force.sync.num = 128 (default)
2023-08-31 18:19:55,744 [14fa2eac-e184-46cf-8dd5-e89808402331-groupManagement] INFO  server.RaftServerConfigKeys (ConfUtils.java:logGet(46)) - raft.server.log.statemachine.data.sync = true (default)
2023-08-31 18:19:55,744 [14fa2eac-e184-46cf-8dd5-e89808402331-groupManagement] INFO  server.RaftServerConfigKeys (ConfUtils.java:logGet(46)) - raft.server.log.statemachine.data.sync.timeout = 10s (default)
2023-08-31 18:19:55,744 [14fa2eac-e184-46cf-8dd5-e89808402331-groupManagement] INFO  server.RaftServerConfigKeys (ConfUtils.java:logGet(46)) - raft.server.log.statemachine.data.sync.timeout.retry = -1 (default)
2023-08-31 18:19:55,745 [14fa2eac-e184-46cf-8dd5-e89808402331-groupManagement] INFO  server.RaftServerConfigKeys (ConfUtils.java:logGet(46)) - raft.server.log.write.buffer.size = 1048576 (custom)
2023-08-31 18:19:55,745 [14fa2eac-e184-46cf-8dd5-e89808402331-groupManagement] INFO  server.RaftServerConfigKeys (ConfUtils.java:logGet(46)) - raft.server.log.appender.buffer.byte-limit = 33554432 (custom)
2023-08-31 18:19:55,751 [14fa2eac-e184-46cf-8dd5-e89808402331-groupManagement] INFO  server.RaftServerConfigKeys (ConfUtils.java:logGet(46)) - raft.server.log.unsafe-flush.enabled = false (default)
2023-08-31 18:19:55,751 [14fa2eac-e184-46cf-8dd5-e89808402331-groupManagement] INFO  server.RaftServerConfigKeys (ConfUtils.java:logGet(46)) - raft.server.log.async-flush.enabled = false (default)
2023-08-31 18:19:55,751 [14fa2eac-e184-46cf-8dd5-e89808402331-groupManagement] INFO  server.RaftServerConfigKeys (ConfUtils.java:logGet(46)) - raft.server.log.statemachine.data.caching.enabled = true (custom)
2023-08-31 18:19:55,752 [14fa2eac-e184-46cf-8dd5-e89808402331-groupManagement] INFO  segmented.SegmentedRaftLogWorker (SegmentedRaftLogWorker.java:lambda$new$0(135)) - 14fa2eac-e184-46cf-8dd5-e89808402331@group-252A861C3683-SegmentedRaftLogWorker: flushIndex: setUnconditionally 0 -> -1
2023-08-31 18:19:55,752 [14fa2eac-e184-46cf-8dd5-e89808402331-groupManagement] INFO  segmented.SegmentedRaftLogWorker (SegmentedRaftLogWorker.java:lambda$new$0(135)) - 14fa2eac-e184-46cf-8dd5-e89808402331@group-252A861C3683-SegmentedRaftLogWorker: safeCacheEvictIndex: setUnconditionally 0 -> -1
2023-08-31 18:19:55,752 [14fa2eac-e184-46cf-8dd5-e89808402331-groupManagement] INFO  server.RaftServer$Division (RaftServerImpl.java:start(342)) - 14fa2eac-e184-46cf-8dd5-e89808402331@group-252A861C3683: start as a follower, conf=-1: peers:[14fa2eac-e184-46cf-8dd5-e89808402331|rpc:10.1.0.8:15129|admin:10.1.0.8:15128|client:10.1.0.8:15127|dataStream:10.1.0.8:15130|priority:1|startupRole:FOLLOWER, cea0c109-6e95-4b2c-982c-0dc77a608767|rpc:10.1.0.8:15120|admin:10.1.0.8:15119|client:10.1.0.8:15118|dataStream:10.1.0.8:15121|priority:0|startupRole:FOLLOWER, b680699b-c9cb-4670-83ba-783bfe62cfe5|rpc:10.1.0.8:15138|admin:10.1.0.8:15137|client:10.1.0.8:15136|dataStream:10.1.0.8:15139|priority:0|startupRole:FOLLOWER]|listeners:[], old=null
2023-08-31 18:19:55,752 [14fa2eac-e184-46cf-8dd5-e89808402331-groupManagement] INFO  server.RaftServer$Division (RaftServerImpl.java:setRole(329)) - 14fa2eac-e184-46cf-8dd5-e89808402331@group-252A861C3683: changes role from      null to FOLLOWER at term 0 for startAsFollower
2023-08-31 18:19:55,752 [14fa2eac-e184-46cf-8dd5-e89808402331-groupManagement] INFO  impl.RoleInfo (RoleInfo.java:updateAndGet(139)) - 14fa2eac-e184-46cf-8dd5-e89808402331: start 14fa2eac-e184-46cf-8dd5-e89808402331@group-252A861C3683-FollowerState
2023-08-31 18:19:55,753 [14fa2eac-e184-46cf-8dd5-e89808402331-groupManagement] INFO  util.JmxRegister (JmxRegister.java:tryRegister(44)) - Successfully registered JMX Bean with object name Ratis:service=RaftServer,group=group-252A861C3683,id=14fa2eac-e184-46cf-8dd5-e89808402331
2023-08-31 18:19:55,753 [14fa2eac-e184-46cf-8dd5-e89808402331-groupManagement] INFO  server.RaftServerConfigKeys (ConfUtils.java:logGet(46)) - raft.server.snapshot.auto.trigger.enabled = true (custom)
2023-08-31 18:19:55,753 [14fa2eac-e184-46cf-8dd5-e89808402331-groupManagement] INFO  server.RaftServerConfigKeys (ConfUtils.java:logGet(46)) - raft.server.snapshot.auto.trigger.threshold = 10000 (custom)
2023-08-31 18:19:55,753 [14fa2eac-e184-46cf-8dd5-e89808402331-groupManagement] INFO  server.RaftServerConfigKeys (ConfUtils.java:logGet(46)) - raft.server.snapshot.retention.file.num = 5 (custom)
2023-08-31 18:19:55,753 [14fa2eac-e184-46cf-8dd5-e89808402331-groupManagement] INFO  server.RaftServerConfigKeys (ConfUtils.java:logGet(46)) - raft.server.log.purge.upto.snapshot.index = false (default)
2023-08-31 18:19:55,753 [14fa2eac-e184-46cf-8dd5-e89808402331@group-252A861C3683-FollowerState] INFO  server.RaftServerConfigKeys (ConfUtils.java:logFallback(53)) - raft.server.rpc.first-election.timeout.min = 5s (fallback to raft.server.rpc.timeout.min)
2023-08-31 18:19:55,753 [14fa2eac-e184-46cf-8dd5-e89808402331@group-252A861C3683-FollowerState] INFO  server.RaftServerConfigKeys (ConfUtils.java:logFallback(53)) - raft.server.rpc.first-election.timeout.max = 5200ms (fallback to raft.server.rpc.timeout.max)
2023-08-31 18:19:55,769 [grpc-default-executor-0] INFO  server.RaftServer (RaftServerProxy.java:addNew(98)) - b680699b-c9cb-4670-83ba-783bfe62cfe5: addNew group-252A861C3683:[14fa2eac-e184-46cf-8dd5-e89808402331|rpc:10.1.0.8:15129|admin:10.1.0.8:15128|client:10.1.0.8:15127|dataStream:10.1.0.8:15130|priority:1|startupRole:FOLLOWER, cea0c109-6e95-4b2c-982c-0dc77a608767|rpc:10.1.0.8:15120|admin:10.1.0.8:15119|client:10.1.0.8:15118|dataStream:10.1.0.8:15121|priority:0|startupRole:FOLLOWER, b680699b-c9cb-4670-83ba-783bfe62cfe5|rpc:10.1.0.8:15138|admin:10.1.0.8:15137|client:10.1.0.8:15136|dataStream:10.1.0.8:15139|priority:0|startupRole:FOLLOWER] returns group-252A861C3683:java.util.concurrent.CompletableFuture@2044d64e[Not completed]
2023-08-31 18:19:55,771 [b680699b-c9cb-4670-83ba-783bfe62cfe5-groupManagement] INFO  server.RaftServer$Division (RaftServerImpl.java:<init>(198)) - b680699b-c9cb-4670-83ba-783bfe62cfe5: new RaftServerImpl for group-252A861C3683:[14fa2eac-e184-46cf-8dd5-e89808402331|rpc:10.1.0.8:15129|admin:10.1.0.8:15128|client:10.1.0.8:15127|dataStream:10.1.0.8:15130|priority:1|startupRole:FOLLOWER, cea0c109-6e95-4b2c-982c-0dc77a608767|rpc:10.1.0.8:15120|admin:10.1.0.8:15119|client:10.1.0.8:15118|dataStream:10.1.0.8:15121|priority:0|startupRole:FOLLOWER, b680699b-c9cb-4670-83ba-783bfe62cfe5|rpc:10.1.0.8:15138|admin:10.1.0.8:15137|client:10.1.0.8:15136|dataStream:10.1.0.8:15139|priority:0|startupRole:FOLLOWER] with ContainerStateMachine:uninitialized
2023-08-31 18:19:55,771 [b680699b-c9cb-4670-83ba-783bfe62cfe5-groupManagement] INFO  server.RaftServerConfigKeys (ConfUtils.java:logGet(46)) - raft.server.rpc.timeout.min = 5s (custom)
2023-08-31 18:19:55,771 [b680699b-c9cb-4670-83ba-783bfe62cfe5-groupManagement] INFO  server.RaftServerConfigKeys (ConfUtils.java:logGet(46)) - raft.server.rpc.timeout.max = 5200ms (custom)
2023-08-31 18:19:55,771 [b680699b-c9cb-4670-83ba-783bfe62cfe5-groupManagement] INFO  server.RaftServerConfigKeys (ConfUtils.java:logGet(46)) - raft.server.rpc.sleep.time = 25ms (default)
2023-08-31 18:19:55,771 [b680699b-c9cb-4670-83ba-783bfe62cfe5-groupManagement] INFO  server.RaftServerConfigKeys (ConfUtils.java:logGet(46)) - raft.server.rpc.slowness.timeout = 300s (custom)
2023-08-31 18:19:55,771 [b680699b-c9cb-4670-83ba-783bfe62cfe5-groupManagement] INFO  server.RaftServerConfigKeys (ConfUtils.java:logGet(46)) - raft.server.leaderelection.leader.step-down.wait-time = 10s (default)
2023-08-31 18:19:55,771 [b680699b-c9cb-4670-83ba-783bfe62cfe5-groupManagement] INFO  server.RaftServerConfigKeys (ConfUtils.java:logGet(46)) - raft.server.sleep.deviation.threshold = 300ms (default)
2023-08-31 18:19:55,771 [b680699b-c9cb-4670-83ba-783bfe62cfe5-groupManagement] INFO  server.RaftServer$Division (ServerState.java:<init>(120)) - b680699b-c9cb-4670-83ba-783bfe62cfe5@group-252A861C3683: ConfigurationManager, init=-1: peers:[14fa2eac-e184-46cf-8dd5-e89808402331|rpc:10.1.0.8:15129|admin:10.1.0.8:15128|client:10.1.0.8:15127|dataStream:10.1.0.8:15130|priority:1|startupRole:FOLLOWER, cea0c109-6e95-4b2c-982c-0dc77a608767|rpc:10.1.0.8:15120|admin:10.1.0.8:15119|client:10.1.0.8:15118|dataStream:10.1.0.8:15121|priority:0|startupRole:FOLLOWER, b680699b-c9cb-4670-83ba-783bfe62cfe5|rpc:10.1.0.8:15138|admin:10.1.0.8:15137|client:10.1.0.8:15136|dataStream:10.1.0.8:15139|priority:0|startupRole:FOLLOWER]|listeners:[], old=null, confs=<EMPTY_MAP>
2023-08-31 18:19:55,772 [b680699b-c9cb-4670-83ba-783bfe62cfe5-groupManagement] INFO  server.RaftServerConfigKeys (ConfUtils.java:logGet(46)) - raft.server.storage.dir = [/home/runner/work/ozone/ozone/hadoop-ozone/integration-test/target/test-dir/MiniOzoneClusterImpl-03cba653-44d0-43b4-bc0f-a7205d2183ff/datanode-2/data/ratis] (custom)
2023-08-31 18:19:55,772 [b680699b-c9cb-4670-83ba-783bfe62cfe5-groupManagement] INFO  server.RaftServerConfigKeys (ConfUtils.java:logGet(46)) - raft.server.log.corruption.policy = EXCEPTION (default)
2023-08-31 18:19:55,772 [b680699b-c9cb-4670-83ba-783bfe62cfe5-groupManagement] INFO  server.RaftServerConfigKeys (ConfUtils.java:logGet(46)) - raft.server.storage.free-space.min = 0MB (=0) (default)
2023-08-31 18:19:55,772 [b680699b-c9cb-4670-83ba-783bfe62cfe5-groupManagement] INFO  server.RaftServerConfigKeys (ConfUtils.java:logGet(46)) - raft.server.notification.no-leader.timeout = 300s (custom)
2023-08-31 18:19:55,772 [b680699b-c9cb-4670-83ba-783bfe62cfe5-groupManagement] INFO  server.RaftServerConfigKeys (ConfUtils.java:logGet(46)) - raft.server.read.timeout = 10s (default)
2023-08-31 18:19:55,772 [b680699b-c9cb-4670-83ba-783bfe62cfe5-groupManagement] INFO  server.RaftServerConfigKeys (ConfUtils.java:logGet(46)) - raft.server.retrycache.expirytime = 600000ms (custom)
2023-08-31 18:19:55,772 [b680699b-c9cb-4670-83ba-783bfe62cfe5-groupManagement] INFO  server.RaftServerConfigKeys (ConfUtils.java:logGet(46)) - raft.server.retrycache.statistics.expirytime = 100μs (default)
2023-08-31 18:19:55,772 [b680699b-c9cb-4670-83ba-783bfe62cfe5-groupManagement] INFO  server.RaftServerConfigKeys (ConfUtils.java:logGet(46)) - raft.server.read.option = DEFAULT (default)
2023-08-31 18:19:55,773 [b680699b-c9cb-4670-83ba-783bfe62cfe5-groupManagement] INFO  server.RaftServerConfigKeys (ConfUtils.java:logGet(46)) - raft.server.rpc.request.timeout = 60s (custom)
2023-08-31 18:19:55,773 [b680699b-c9cb-4670-83ba-783bfe62cfe5-groupManagement] INFO  server.RaftServerConfigKeys (ConfUtils.java:logGet(46)) - raft.server.log.appender.install.snapshot.enabled = false (custom)
2023-08-31 18:19:55,773 [b680699b-c9cb-4670-83ba-783bfe62cfe5-groupManagement] INFO  server.RaftServerConfigKeys (ConfUtils.java:logGet(46)) - raft.server.threadpool.server.cached = true (default)
2023-08-31 18:19:55,773 [b680699b-c9cb-4670-83ba-783bfe62cfe5-groupManagement] INFO  server.RaftServerConfigKeys (ConfUtils.java:logGet(46)) - raft.server.threadpool.server.size = 0 (default)
2023-08-31 18:19:55,773 [b680699b-c9cb-4670-83ba-783bfe62cfe5-groupManagement] INFO  server.RaftServerConfigKeys (ConfUtils.java:logGet(46)) - raft.server.threadpool.client.cached = true (default)
2023-08-31 18:19:55,773 [b680699b-c9cb-4670-83ba-783bfe62cfe5-groupManagement] INFO  server.RaftServerConfigKeys (ConfUtils.java:logGet(46)) - raft.server.threadpool.client.size = 0 (default)
2023-08-31 18:19:55,773 [b680699b-c9cb-4670-83ba-783bfe62cfe5-groupManagement] INFO  storage.RaftStorageDirectory (RaftStorageDirectoryImpl.java:analyzeStorage(137)) - The storage directory /home/runner/work/ozone/ozone/hadoop-ozone/integration-test/target/test-dir/MiniOzoneClusterImpl-03cba653-44d0-43b4-bc0f-a7205d2183ff/datanode-2/data/ratis/03b84fdd-346e-4cf1-b385-252a861c3683 does not exist. Creating ...
2023-08-31 18:19:55,775 [b680699b-c9cb-4670-83ba-783bfe62cfe5-groupManagement] INFO  storage.RaftStorageDirectory (RaftStorageDirectoryImpl.java:tryLock(231)) - Lock on /home/runner/work/ozone/ozone/hadoop-ozone/integration-test/target/test-dir/MiniOzoneClusterImpl-03cba653-44d0-43b4-bc0f-a7205d2183ff/datanode-2/data/ratis/03b84fdd-346e-4cf1-b385-252a861c3683/in_use.lock acquired by nodename 61743@fv-az1129-899
2023-08-31 18:19:55,777 [b680699b-c9cb-4670-83ba-783bfe62cfe5-groupManagement] INFO  storage.RaftStorage (RaftStorageImpl.java:format(96)) - Storage directory /home/runner/work/ozone/ozone/hadoop-ozone/integration-test/target/test-dir/MiniOzoneClusterImpl-03cba653-44d0-43b4-bc0f-a7205d2183ff/datanode-2/data/ratis/03b84fdd-346e-4cf1-b385-252a861c3683 has been successfully formatted.
2023-08-31 18:19:55,779 [b680699b-c9cb-4670-83ba-783bfe62cfe5-groupManagement] INFO  ratis.ContainerStateMachine (ContainerStateMachine.java:loadSnapshot(262)) - group-252A861C3683: The snapshot info is null. Setting the last applied indexto:(t:0, i:~)
2023-08-31 18:19:55,779 [b680699b-c9cb-4670-83ba-783bfe62cfe5-groupManagement] INFO  server.RaftServerConfigKeys (ConfUtils.java:logGet(46)) - raft.server.log.use.memory = false (default)
2023-08-31 18:19:55,779 [b680699b-c9cb-4670-83ba-783bfe62cfe5-groupManagement] INFO  server.RaftServerConfigKeys (ConfUtils.java:logGet(46)) - raft.server.log.purge.gap = 1000000 (custom)
2023-08-31 18:19:55,779 [b680699b-c9cb-4670-83ba-783bfe62cfe5-groupManagement] INFO  server.RaftServerConfigKeys (ConfUtils.java:logGet(46)) - raft.server.log.appender.buffer.byte-limit = 33554432 (custom)
2023-08-31 18:19:55,779 [b680699b-c9cb-4670-83ba-783bfe62cfe5-groupManagement] INFO  server.RaftServerConfigKeys (ConfUtils.java:logGet(46)) - raft.server.log.statemachine.data.read.timeout = 1000ms (default)
2023-08-31 18:19:55,779 [b680699b-c9cb-4670-83ba-783bfe62cfe5-groupManagement] INFO  server.RaftServerConfigKeys (ConfUtils.java:logGet(46)) - raft.server.log.purge.preservation.log.num = 0 (default)
2023-08-31 18:19:55,780 [b680699b-c9cb-4670-83ba-783bfe62cfe5-groupManagement] INFO  server.RaftServerConfigKeys (ConfUtils.java:logGet(46)) - raft.server.log.segment.size.max = 1048576 (custom)
2023-08-31 18:19:55,780 [b680699b-c9cb-4670-83ba-783bfe62cfe5-groupManagement] INFO  server.RaftServerConfigKeys (ConfUtils.java:logGet(46)) - raft.server.log.segment.cache.num.max = 2 (custom)
2023-08-31 18:19:55,780 [b680699b-c9cb-4670-83ba-783bfe62cfe5-groupManagement] INFO  server.RaftServerConfigKeys (ConfUtils.java:logGet(46)) - raft.server.log.segment.cache.size.max = 200MB (=209715200) (default)
2023-08-31 18:19:55,780 [b680699b-c9cb-4670-83ba-783bfe62cfe5-groupManagement] INFO  server.RaftServerConfigKeys (ConfUtils.java:logGet(46)) - raft.server.log.appender.buffer.byte-limit = 33554432 (custom)
2023-08-31 18:19:55,780 [b680699b-c9cb-4670-83ba-783bfe62cfe5-groupManagement] INFO  segmented.SegmentedRaftLogWorker (SegmentedRaftLogWorker.java:<init>(188)) - new b680699b-c9cb-4670-83ba-783bfe62cfe5@group-252A861C3683-SegmentedRaftLogWorker for RaftStorageImpl:Storage Directory /home/runner/work/ozone/ozone/hadoop-ozone/integration-test/target/test-dir/MiniOzoneClusterImpl-03cba653-44d0-43b4-bc0f-a7205d2183ff/datanode-2/data/ratis/03b84fdd-346e-4cf1-b385-252a861c3683
2023-08-31 18:19:55,780 [b680699b-c9cb-4670-83ba-783bfe62cfe5-groupManagement] INFO  server.RaftServerConfigKeys (ConfUtils.java:logGet(46)) - raft.server.log.queue.byte-limit = 4294967296 (custom)
2023-08-31 18:19:55,780 [b680699b-c9cb-4670-83ba-783bfe62cfe5-groupManagement] INFO  server.RaftServerConfigKeys (ConfUtils.java:logGet(46)) - raft.server.log.queue.element-limit = 1024 (custom)
2023-08-31 18:19:55,780 [b680699b-c9cb-4670-83ba-783bfe62cfe5-groupManagement] INFO  server.RaftServerConfigKeys (ConfUtils.java:logGet(46)) - raft.server.log.segment.size.max = 1048576 (custom)
2023-08-31 18:19:55,780 [b680699b-c9cb-4670-83ba-783bfe62cfe5-groupManagement] INFO  server.RaftServerConfigKeys (ConfUtils.java:logGet(46)) - raft.server.log.preallocated.size = 16384 (custom)
2023-08-31 18:19:55,781 [b680699b-c9cb-4670-83ba-783bfe62cfe5-groupManagement] INFO  server.RaftServerConfigKeys (ConfUtils.java:logGet(46)) - raft.server.log.force.sync.num = 128 (default)
2023-08-31 18:19:55,781 [b680699b-c9cb-4670-83ba-783bfe62cfe5-groupManagement] INFO  server.RaftServerConfigKeys (ConfUtils.java:logGet(46)) - raft.server.log.statemachine.data.sync = true (default)
2023-08-31 18:19:55,781 [b680699b-c9cb-4670-83ba-783bfe62cfe5-groupManagement] INFO  server.RaftServerConfigKeys (ConfUtils.java:logGet(46)) - raft.server.log.statemachine.data.sync.timeout = 10s (default)
2023-08-31 18:19:55,781 [b680699b-c9cb-4670-83ba-783bfe62cfe5-groupManagement] INFO  server.RaftServerConfigKeys (ConfUtils.java:logGet(46)) - raft.server.log.statemachine.data.sync.timeout.retry = -1 (default)
2023-08-31 18:19:55,781 [b680699b-c9cb-4670-83ba-783bfe62cfe5-groupManagement] INFO  server.RaftServerConfigKeys (ConfUtils.java:logGet(46)) - raft.server.log.write.buffer.size = 1048576 (custom)
2023-08-31 18:19:55,782 [b680699b-c9cb-4670-83ba-783bfe62cfe5-groupManagement] INFO  server.RaftServerConfigKeys (ConfUtils.java:logGet(46)) - raft.server.log.appender.buffer.byte-limit = 33554432 (custom)
2023-08-31 18:19:55,788 [b680699b-c9cb-4670-83ba-783bfe62cfe5-groupManagement] INFO  server.RaftServerConfigKeys (ConfUtils.java:logGet(46)) - raft.server.log.unsafe-flush.enabled = false (default)
2023-08-31 18:19:55,788 [b680699b-c9cb-4670-83ba-783bfe62cfe5-groupManagement] INFO  server.RaftServerConfigKeys (ConfUtils.java:logGet(46)) - raft.server.log.async-flush.enabled = false (default)
2023-08-31 18:19:55,788 [b680699b-c9cb-4670-83ba-783bfe62cfe5-groupManagement] INFO  server.RaftServerConfigKeys (ConfUtils.java:logGet(46)) - raft.server.log.statemachine.data.caching.enabled = true (custom)
2023-08-31 18:19:55,789 [b680699b-c9cb-4670-83ba-783bfe62cfe5-groupManagement] INFO  segmented.SegmentedRaftLogWorker (SegmentedRaftLogWorker.java:lambda$new$0(135)) - b680699b-c9cb-4670-83ba-783bfe62cfe5@group-252A861C3683-SegmentedRaftLogWorker: flushIndex: setUnconditionally 0 -> -1
2023-08-31 18:19:55,789 [b680699b-c9cb-4670-83ba-783bfe62cfe5-groupManagement] INFO  segmented.SegmentedRaftLogWorker (SegmentedRaftLogWorker.java:lambda$new$0(135)) - b680699b-c9cb-4670-83ba-783bfe62cfe5@group-252A861C3683-SegmentedRaftLogWorker: safeCacheEvictIndex: setUnconditionally 0 -> -1
2023-08-31 18:19:55,789 [b680699b-c9cb-4670-83ba-783bfe62cfe5-groupManagement] INFO  server.RaftServer$Division (RaftServerImpl.java:start(342)) - b680699b-c9cb-4670-83ba-783bfe62cfe5@group-252A861C3683: start as a follower, conf=-1: peers:[14fa2eac-e184-46cf-8dd5-e89808402331|rpc:10.1.0.8:15129|admin:10.1.0.8:15128|client:10.1.0.8:15127|dataStream:10.1.0.8:15130|priority:1|startupRole:FOLLOWER, cea0c109-6e95-4b2c-982c-0dc77a608767|rpc:10.1.0.8:15120|admin:10.1.0.8:15119|client:10.1.0.8:15118|dataStream:10.1.0.8:15121|priority:0|startupRole:FOLLOWER, b680699b-c9cb-4670-83ba-783bfe62cfe5|rpc:10.1.0.8:15138|admin:10.1.0.8:15137|client:10.1.0.8:15136|dataStream:10.1.0.8:15139|priority:0|startupRole:FOLLOWER]|listeners:[], old=null
2023-08-31 18:19:55,789 [b680699b-c9cb-4670-83ba-783bfe62cfe5-groupManagement] INFO  server.RaftServer$Division (RaftServerImpl.java:setRole(329)) - b680699b-c9cb-4670-83ba-783bfe62cfe5@group-252A861C3683: changes role from      null to FOLLOWER at term 0 for startAsFollower
2023-08-31 18:19:55,789 [b680699b-c9cb-4670-83ba-783bfe62cfe5-groupManagement] INFO  impl.RoleInfo (RoleInfo.java:updateAndGet(139)) - b680699b-c9cb-4670-83ba-783bfe62cfe5: start b680699b-c9cb-4670-83ba-783bfe62cfe5@group-252A861C3683-FollowerState
2023-08-31 18:19:55,792 [b680699b-c9cb-4670-83ba-783bfe62cfe5-groupManagement] INFO  util.JmxRegister (JmxRegister.java:tryRegister(44)) - Successfully registered JMX Bean with object name Ratis:service=RaftServer,group=group-252A861C3683,id=b680699b-c9cb-4670-83ba-783bfe62cfe5
2023-08-31 18:19:55,792 [b680699b-c9cb-4670-83ba-783bfe62cfe5-groupManagement] INFO  server.RaftServerConfigKeys (ConfUtils.java:logGet(46)) - raft.server.snapshot.auto.trigger.enabled = true (custom)
2023-08-31 18:19:55,792 [b680699b-c9cb-4670-83ba-783bfe62cfe5-groupManagement] INFO  server.RaftServerConfigKeys (ConfUtils.java:logGet(46)) - raft.server.snapshot.auto.trigger.threshold = 10000 (custom)
2023-08-31 18:19:55,792 [b680699b-c9cb-4670-83ba-783bfe62cfe5-groupManagement] INFO  server.RaftServerConfigKeys (ConfUtils.java:logGet(46)) - raft.server.snapshot.retention.file.num = 5 (custom)
2023-08-31 18:19:55,792 [b680699b-c9cb-4670-83ba-783bfe62cfe5-groupManagement] INFO  server.RaftServerConfigKeys (ConfUtils.java:logGet(46)) - raft.server.log.purge.upto.snapshot.index = false (default)
2023-08-31 18:19:55,792 [b680699b-c9cb-4670-83ba-783bfe62cfe5@group-252A861C3683-FollowerState] INFO  server.RaftServerConfigKeys (ConfUtils.java:logFallback(53)) - raft.server.rpc.first-election.timeout.min = 5s (fallback to raft.server.rpc.timeout.min)
2023-08-31 18:19:55,792 [b680699b-c9cb-4670-83ba-783bfe62cfe5@group-252A861C3683-FollowerState] INFO  server.RaftServerConfigKeys (ConfUtils.java:logFallback(53)) - raft.server.rpc.first-election.timeout.max = 5200ms (fallback to raft.server.rpc.timeout.max)
2023-08-31 18:19:55,805 [PipelineCommandHandlerThread-0] INFO  commandhandler.CreatePipelineCommandHandler (CreatePipelineCommandHandler.java:lambda$handle$2(124)) - Created Pipeline RATIS THREE PipelineID=03b84fdd-346e-4cf1-b385-252a861c3683.
2023-08-31 18:19:55,805 [PipelineCommandHandlerThread-0] INFO  server.RaftServer (RaftServerProxy.java:addNew(98)) - cea0c109-6e95-4b2c-982c-0dc77a608767: addNew group-8A8C37717FC6:[14fa2eac-e184-46cf-8dd5-e89808402331|rpc:10.1.0.8:15129|admin:10.1.0.8:15128|client:10.1.0.8:15127|dataStream:10.1.0.8:15130|priority:0|startupRole:FOLLOWER, cea0c109-6e95-4b2c-982c-0dc77a608767|rpc:10.1.0.8:15120|admin:10.1.0.8:15119|client:10.1.0.8:15118|dataStream:10.1.0.8:15121|priority:0|startupRole:FOLLOWER, b680699b-c9cb-4670-83ba-783bfe62cfe5|rpc:10.1.0.8:15138|admin:10.1.0.8:15137|client:10.1.0.8:15136|dataStream:10.1.0.8:15139|priority:1|startupRole:FOLLOWER] returns group-8A8C37717FC6:java.util.concurrent.CompletableFuture@db861ae[Not completed]
2023-08-31 18:19:55,806 [cea0c109-6e95-4b2c-982c-0dc77a608767-groupManagement] INFO  server.RaftServer$Division (RaftServerImpl.java:<init>(198)) - cea0c109-6e95-4b2c-982c-0dc77a608767: new RaftServerImpl for group-8A8C37717FC6:[14fa2eac-e184-46cf-8dd5-e89808402331|rpc:10.1.0.8:15129|admin:10.1.0.8:15128|client:10.1.0.8:15127|dataStream:10.1.0.8:15130|priority:0|startupRole:FOLLOWER, cea0c109-6e95-4b2c-982c-0dc77a608767|rpc:10.1.0.8:15120|admin:10.1.0.8:15119|client:10.1.0.8:15118|dataStream:10.1.0.8:15121|priority:0|startupRole:FOLLOWER, b680699b-c9cb-4670-83ba-783bfe62cfe5|rpc:10.1.0.8:15138|admin:10.1.0.8:15137|client:10.1.0.8:15136|dataStream:10.1.0.8:15139|priority:1|startupRole:FOLLOWER] with ContainerStateMachine:uninitialized
2023-08-31 18:19:55,806 [cea0c109-6e95-4b2c-982c-0dc77a608767-groupManagement] INFO  server.RaftServerConfigKeys (ConfUtils.java:logGet(46)) - raft.server.rpc.timeout.min = 5s (custom)
2023-08-31 18:19:55,806 [cea0c109-6e95-4b2c-982c-0dc77a608767-groupManagement] INFO  server.RaftServerConfigKeys (ConfUtils.java:logGet(46)) - raft.server.rpc.timeout.max = 5200ms (custom)
2023-08-31 18:19:55,806 [cea0c109-6e95-4b2c-982c-0dc77a608767-groupManagement] INFO  server.RaftServerConfigKeys (ConfUtils.java:logGet(46)) - raft.server.rpc.sleep.time = 25ms (default)
2023-08-31 18:19:55,806 [cea0c109-6e95-4b2c-982c-0dc77a608767-groupManagement] INFO  server.RaftServerConfigKeys (ConfUtils.java:logGet(46)) - raft.server.rpc.slowness.timeout = 300s (custom)
2023-08-31 18:19:55,806 [cea0c109-6e95-4b2c-982c-0dc77a608767-groupManagement] INFO  server.RaftServerConfigKeys (ConfUtils.java:logGet(46)) - raft.server.leaderelection.leader.step-down.wait-time = 10s (default)
2023-08-31 18:19:55,806 [cea0c109-6e95-4b2c-982c-0dc77a608767-groupManagement] INFO  server.RaftServerConfigKeys (ConfUtils.java:logGet(46)) - raft.server.sleep.deviation.threshold = 300ms (default)
2023-08-31 18:19:55,806 [cea0c109-6e95-4b2c-982c-0dc77a608767-groupManagement] INFO  server.RaftServer$Division (ServerState.java:<init>(120)) - cea0c109-6e95-4b2c-982c-0dc77a608767@group-8A8C37717FC6: ConfigurationManager, init=-1: peers:[14fa2eac-e184-46cf-8dd5-e89808402331|rpc:10.1.0.8:15129|admin:10.1.0.8:15128|client:10.1.0.8:15127|dataStream:10.1.0.8:15130|priority:0|startupRole:FOLLOWER, cea0c109-6e95-4b2c-982c-0dc77a608767|rpc:10.1.0.8:15120|admin:10.1.0.8:15119|client:10.1.0.8:15118|dataStream:10.1.0.8:15121|priority:0|startupRole:FOLLOWER, b680699b-c9cb-4670-83ba-783bfe62cfe5|rpc:10.1.0.8:15138|admin:10.1.0.8:15137|client:10.1.0.8:15136|dataStream:10.1.0.8:15139|priority:1|startupRole:FOLLOWER]|listeners:[], old=null, confs=<EMPTY_MAP>
2023-08-31 18:19:55,806 [cea0c109-6e95-4b2c-982c-0dc77a608767-groupManagement] INFO  server.RaftServerConfigKeys (ConfUtils.java:logGet(46)) - raft.server.storage.dir = [/home/runner/work/ozone/ozone/hadoop-ozone/integration-test/target/test-dir/MiniOzoneClusterImpl-03cba653-44d0-43b4-bc0f-a7205d2183ff/datanode-0/data/ratis] (custom)
2023-08-31 18:19:55,807 [cea0c109-6e95-4b2c-982c-0dc77a608767-groupManagement] INFO  server.RaftServerConfigKeys (ConfUtils.java:logGet(46)) - raft.server.log.corruption.policy = EXCEPTION (default)
2023-08-31 18:19:55,807 [cea0c109-6e95-4b2c-982c-0dc77a608767-groupManagement] INFO  server.RaftServerConfigKeys (ConfUtils.java:logGet(46)) - raft.server.storage.free-space.min = 0MB (=0) (default)
2023-08-31 18:19:55,807 [cea0c109-6e95-4b2c-982c-0dc77a608767-groupManagement] INFO  server.RaftServerConfigKeys (ConfUtils.java:logGet(46)) - raft.server.notification.no-leader.timeout = 300s (custom)
2023-08-31 18:19:55,807 [cea0c109-6e95-4b2c-982c-0dc77a608767-groupManagement] INFO  server.RaftServerConfigKeys (ConfUtils.java:logGet(46)) - raft.server.read.timeout = 10s (default)
2023-08-31 18:19:55,807 [cea0c109-6e95-4b2c-982c-0dc77a608767-groupManagement] INFO  server.RaftServerConfigKeys (ConfUtils.java:logGet(46)) - raft.server.retrycache.expirytime = 600000ms (custom)
2023-08-31 18:19:55,807 [cea0c109-6e95-4b2c-982c-0dc77a608767-groupManagement] INFO  server.RaftServerConfigKeys (ConfUtils.java:logGet(46)) - raft.server.retrycache.statistics.expirytime = 100μs (default)
2023-08-31 18:19:55,807 [cea0c109-6e95-4b2c-982c-0dc77a608767-groupManagement] INFO  server.RaftServerConfigKeys (ConfUtils.java:logGet(46)) - raft.server.read.option = DEFAULT (default)
2023-08-31 18:19:55,808 [cea0c109-6e95-4b2c-982c-0dc77a608767-groupManagement] INFO  server.RaftServerConfigKeys (ConfUtils.java:logGet(46)) - raft.server.rpc.request.timeout = 60s (custom)
2023-08-31 18:19:55,808 [cea0c109-6e95-4b2c-982c-0dc77a608767-groupManagement] INFO  server.RaftServerConfigKeys (ConfUtils.java:logGet(46)) - raft.server.log.appender.install.snapshot.enabled = false (custom)
2023-08-31 18:19:55,808 [cea0c109-6e95-4b2c-982c-0dc77a608767-groupManagement] INFO  server.RaftServerConfigKeys (ConfUtils.java:logGet(46)) - raft.server.threadpool.server.cached = true (default)
2023-08-31 18:19:55,808 [cea0c109-6e95-4b2c-982c-0dc77a608767-groupManagement] INFO  server.RaftServerConfigKeys (ConfUtils.java:logGet(46)) - raft.server.threadpool.server.size = 0 (default)
2023-08-31 18:19:55,808 [cea0c109-6e95-4b2c-982c-0dc77a608767-groupManagement] INFO  server.RaftServerConfigKeys (ConfUtils.java:logGet(46)) - raft.server.threadpool.client.cached = true (default)
2023-08-31 18:19:55,808 [cea0c109-6e95-4b2c-982c-0dc77a608767-groupManagement] INFO  server.RaftServerConfigKeys (ConfUtils.java:logGet(46)) - raft.server.threadpool.client.size = 0 (default)
2023-08-31 18:19:55,808 [cea0c109-6e95-4b2c-982c-0dc77a608767-groupManagement] INFO  storage.RaftStorageDirectory (RaftStorageDirectoryImpl.java:analyzeStorage(137)) - The storage directory /home/runner/work/ozone/ozone/hadoop-ozone/integration-test/target/test-dir/MiniOzoneClusterImpl-03cba653-44d0-43b4-bc0f-a7205d2183ff/datanode-0/data/ratis/ce54d6c1-46f6-4503-ac2d-8a8c37717fc6 does not exist. Creating ...
2023-08-31 18:19:55,810 [cea0c109-6e95-4b2c-982c-0dc77a608767-groupManagement] INFO  storage.RaftStorageDirectory (RaftStorageDirectoryImpl.java:tryLock(231)) - Lock on /home/runner/work/ozone/ozone/hadoop-ozone/integration-test/target/test-dir/MiniOzoneClusterImpl-03cba653-44d0-43b4-bc0f-a7205d2183ff/datanode-0/data/ratis/ce54d6c1-46f6-4503-ac2d-8a8c37717fc6/in_use.lock acquired by nodename 61743@fv-az1129-899
2023-08-31 18:19:55,812 [cea0c109-6e95-4b2c-982c-0dc77a608767-groupManagement] INFO  storage.RaftStorage (RaftStorageImpl.java:format(96)) - Storage directory /home/runner/work/ozone/ozone/hadoop-ozone/integration-test/target/test-dir/MiniOzoneClusterImpl-03cba653-44d0-43b4-bc0f-a7205d2183ff/datanode-0/data/ratis/ce54d6c1-46f6-4503-ac2d-8a8c37717fc6 has been successfully formatted.
2023-08-31 18:19:55,812 [cea0c109-6e95-4b2c-982c-0dc77a608767-groupManagement] INFO  ratis.ContainerStateMachine (ContainerStateMachine.java:loadSnapshot(262)) - group-8A8C37717FC6: The snapshot info is null. Setting the last applied indexto:(t:0, i:~)
2023-08-31 18:19:55,812 [cea0c109-6e95-4b2c-982c-0dc77a608767-groupManagement] INFO  server.RaftServerConfigKeys (ConfUtils.java:logGet(46)) - raft.server.log.use.memory = false (default)
2023-08-31 18:19:55,812 [cea0c109-6e95-4b2c-982c-0dc77a608767-groupManagement] INFO  server.RaftServerConfigKeys (ConfUtils.java:logGet(46)) - raft.server.log.purge.gap = 1000000 (custom)
2023-08-31 18:19:55,813 [cea0c109-6e95-4b2c-982c-0dc77a608767-groupManagement] INFO  server.RaftServerConfigKeys (ConfUtils.java:logGet(46)) - raft.server.log.appender.buffer.byte-limit = 33554432 (custom)
2023-08-31 18:19:55,813 [cea0c109-6e95-4b2c-982c-0dc77a608767-groupManagement] INFO  server.RaftServerConfigKeys (ConfUtils.java:logGet(46)) - raft.server.log.statemachine.data.read.timeout = 1000ms (default)
2023-08-31 18:19:55,813 [cea0c109-6e95-4b2c-982c-0dc77a608767-groupManagement] INFO  server.RaftServerConfigKeys (ConfUtils.java:logGet(46)) - raft.server.log.purge.preservation.log.num = 0 (default)
2023-08-31 18:19:55,813 [cea0c109-6e95-4b2c-982c-0dc77a608767-groupManagement] INFO  server.RaftServerConfigKeys (ConfUtils.java:logGet(46)) - raft.server.log.segment.size.max = 1048576 (custom)
2023-08-31 18:19:55,814 [EventQueue-OpenPipelineForHealthyPipelineSafeModeRule] INFO  safemode.SCMSafeModeManager (HealthyPipelineSafeModeRule.java:process(137)) - SCM in safe mode. Healthy pipelines reported count is 0, required healthy pipeline reported count is 1
2023-08-31 18:19:55,814 [cea0c109-6e95-4b2c-982c-0dc77a608767-groupManagement] INFO  server.RaftServerConfigKeys (ConfUtils.java:logGet(46)) - raft.server.log.segment.cache.num.max = 2 (custom)
2023-08-31 18:19:55,814 [cea0c109-6e95-4b2c-982c-0dc77a608767-groupManagement] INFO  server.RaftServerConfigKeys (ConfUtils.java:logGet(46)) - raft.server.log.segment.cache.size.max = 200MB (=209715200) (default)
2023-08-31 18:19:55,814 [cea0c109-6e95-4b2c-982c-0dc77a608767-groupManagement] INFO  server.RaftServerConfigKeys (ConfUtils.java:logGet(46)) - raft.server.log.appender.buffer.byte-limit = 33554432 (custom)
2023-08-31 18:19:55,814 [cea0c109-6e95-4b2c-982c-0dc77a608767-groupManagement] INFO  segmented.SegmentedRaftLogWorker (SegmentedRaftLogWorker.java:<init>(188)) - new cea0c109-6e95-4b2c-982c-0dc77a608767@group-8A8C37717FC6-SegmentedRaftLogWorker for RaftStorageImpl:Storage Directory /home/runner/work/ozone/ozone/hadoop-ozone/integration-test/target/test-dir/MiniOzoneClusterImpl-03cba653-44d0-43b4-bc0f-a7205d2183ff/datanode-0/data/ratis/ce54d6c1-46f6-4503-ac2d-8a8c37717fc6
2023-08-31 18:19:55,814 [cea0c109-6e95-4b2c-982c-0dc77a608767-groupManagement] INFO  server.RaftServerConfigKeys (ConfUtils.java:logGet(46)) - raft.server.log.queue.byte-limit = 4294967296 (custom)
2023-08-31 18:19:55,814 [cea0c109-6e95-4b2c-982c-0dc77a608767-groupManagement] INFO  server.RaftServerConfigKeys (ConfUtils.java:logGet(46)) - raft.server.log.queue.element-limit = 1024 (custom)
2023-08-31 18:19:55,814 [cea0c109-6e95-4b2c-982c-0dc77a608767-groupManagement] INFO  server.RaftServerConfigKeys (ConfUtils.java:logGet(46)) - raft.server.log.segment.size.max = 1048576 (custom)
2023-08-31 18:19:55,814 [cea0c109-6e95-4b2c-982c-0dc77a608767-groupManagement] INFO  server.RaftServerConfigKeys (ConfUtils.java:logGet(46)) - raft.server.log.preallocated.size = 16384 (custom)
2023-08-31 18:19:55,814 [cea0c109-6e95-4b2c-982c-0dc77a608767-groupManagement] INFO  server.RaftServerConfigKeys (ConfUtils.java:logGet(46)) - raft.server.log.force.sync.num = 128 (default)
2023-08-31 18:19:55,814 [cea0c109-6e95-4b2c-982c-0dc77a608767-groupManagement] INFO  server.RaftServerConfigKeys (ConfUtils.java:logGet(46)) - raft.server.log.statemachine.data.sync = true (default)
2023-08-31 18:19:55,815 [cea0c109-6e95-4b2c-982c-0dc77a608767-groupManagement] INFO  server.RaftServerConfigKeys (ConfUtils.java:logGet(46)) - raft.server.log.statemachine.data.sync.timeout = 10s (default)
2023-08-31 18:19:55,815 [cea0c109-6e95-4b2c-982c-0dc77a608767-groupManagement] INFO  server.RaftServerConfigKeys (ConfUtils.java:logGet(46)) - raft.server.log.statemachine.data.sync.timeout.retry = -1 (default)
2023-08-31 18:19:55,815 [cea0c109-6e95-4b2c-982c-0dc77a608767-groupManagement] INFO  server.RaftServerConfigKeys (ConfUtils.java:logGet(46)) - raft.server.log.write.buffer.size = 1048576 (custom)
2023-08-31 18:19:55,815 [cea0c109-6e95-4b2c-982c-0dc77a608767-groupManagement] INFO  server.RaftServerConfigKeys (ConfUtils.java:logGet(46)) - raft.server.log.appender.buffer.byte-limit = 33554432 (custom)
2023-08-31 18:19:55,822 [cea0c109-6e95-4b2c-982c-0dc77a608767-groupManagement] INFO  server.RaftServerConfigKeys (ConfUtils.java:logGet(46)) - raft.server.log.unsafe-flush.enabled = false (default)
2023-08-31 18:19:55,822 [cea0c109-6e95-4b2c-982c-0dc77a608767-groupManagement] INFO  server.RaftServerConfigKeys (ConfUtils.java:logGet(46)) - raft.server.log.async-flush.enabled = false (default)
2023-08-31 18:19:55,822 [cea0c109-6e95-4b2c-982c-0dc77a608767-groupManagement] INFO  server.RaftServerConfigKeys (ConfUtils.java:logGet(46)) - raft.server.log.statemachine.data.caching.enabled = true (custom)
2023-08-31 18:19:55,823 [cea0c109-6e95-4b2c-982c-0dc77a608767-groupManagement] INFO  segmented.SegmentedRaftLogWorker (SegmentedRaftLogWorker.java:lambda$new$0(135)) - cea0c109-6e95-4b2c-982c-0dc77a608767@group-8A8C37717FC6-SegmentedRaftLogWorker: flushIndex: setUnconditionally 0 -> -1
2023-08-31 18:19:55,823 [cea0c109-6e95-4b2c-982c-0dc77a608767-groupManagement] INFO  segmented.SegmentedRaftLogWorker (SegmentedRaftLogWorker.java:lambda$new$0(135)) - cea0c109-6e95-4b2c-982c-0dc77a608767@group-8A8C37717FC6-SegmentedRaftLogWorker: safeCacheEvictIndex: setUnconditionally 0 -> -1
2023-08-31 18:19:55,823 [cea0c109-6e95-4b2c-982c-0dc77a608767-groupManagement] INFO  server.RaftServer$Division (RaftServerImpl.java:start(342)) - cea0c109-6e95-4b2c-982c-0dc77a608767@group-8A8C37717FC6: start as a follower, conf=-1: peers:[14fa2eac-e184-46cf-8dd5-e89808402331|rpc:10.1.0.8:15129|admin:10.1.0.8:15128|client:10.1.0.8:15127|dataStream:10.1.0.8:15130|priority:0|startupRole:FOLLOWER, cea0c109-6e95-4b2c-982c-0dc77a608767|rpc:10.1.0.8:15120|admin:10.1.0.8:15119|client:10.1.0.8:15118|dataStream:10.1.0.8:15121|priority:0|startupRole:FOLLOWER, b680699b-c9cb-4670-83ba-783bfe62cfe5|rpc:10.1.0.8:15138|admin:10.1.0.8:15137|client:10.1.0.8:15136|dataStream:10.1.0.8:15139|priority:1|startupRole:FOLLOWER]|listeners:[], old=null
2023-08-31 18:19:55,823 [cea0c109-6e95-4b2c-982c-0dc77a608767-groupManagement] INFO  server.RaftServer$Division (RaftServerImpl.java:setRole(329)) - cea0c109-6e95-4b2c-982c-0dc77a608767@group-8A8C37717FC6: changes role from      null to FOLLOWER at term 0 for startAsFollower
2023-08-31 18:19:55,823 [cea0c109-6e95-4b2c-982c-0dc77a608767-groupManagement] INFO  impl.RoleInfo (RoleInfo.java:updateAndGet(139)) - cea0c109-6e95-4b2c-982c-0dc77a608767: start cea0c109-6e95-4b2c-982c-0dc77a608767@group-8A8C37717FC6-FollowerState
2023-08-31 18:19:55,824 [cea0c109-6e95-4b2c-982c-0dc77a608767-groupManagement] INFO  util.JmxRegister (JmxRegister.java:tryRegister(44)) - Successfully registered JMX Bean with object name Ratis:service=RaftServer,group=group-8A8C37717FC6,id=cea0c109-6e95-4b2c-982c-0dc77a608767
2023-08-31 18:19:55,824 [cea0c109-6e95-4b2c-982c-0dc77a608767-groupManagement] INFO  server.RaftServerConfigKeys (ConfUtils.java:logGet(46)) - raft.server.snapshot.auto.trigger.enabled = true (custom)
2023-08-31 18:19:55,824 [cea0c109-6e95-4b2c-982c-0dc77a608767-groupManagement] INFO  server.RaftServerConfigKeys (ConfUtils.java:logGet(46)) - raft.server.snapshot.auto.trigger.threshold = 10000 (custom)
2023-08-31 18:19:55,824 [cea0c109-6e95-4b2c-982c-0dc77a608767-groupManagement] INFO  server.RaftServerConfigKeys (ConfUtils.java:logGet(46)) - raft.server.snapshot.retention.file.num = 5 (custom)
2023-08-31 18:19:55,824 [cea0c109-6e95-4b2c-982c-0dc77a608767-groupManagement] INFO  server.RaftServerConfigKeys (ConfUtils.java:logGet(46)) - raft.server.log.purge.upto.snapshot.index = false (default)
2023-08-31 18:19:55,824 [cea0c109-6e95-4b2c-982c-0dc77a608767@group-8A8C37717FC6-FollowerState] INFO  server.RaftServerConfigKeys (ConfUtils.java:logFallback(53)) - raft.server.rpc.first-election.timeout.min = 5s (fallback to raft.server.rpc.timeout.min)
2023-08-31 18:19:55,825 [cea0c109-6e95-4b2c-982c-0dc77a608767@group-8A8C37717FC6-FollowerState] INFO  server.RaftServerConfigKeys (ConfUtils.java:logFallback(53)) - raft.server.rpc.first-election.timeout.max = 5200ms (fallback to raft.server.rpc.timeout.max)
2023-08-31 18:19:55,828 [PipelineCommandHandlerThread-0] INFO  ratis.XceiverServerRatis (XceiverServerRatis.java:addGroup(804)) - Created group PipelineID=ce54d6c1-46f6-4503-ac2d-8a8c37717fc6
2023-08-31 18:19:55,840 [grpc-default-executor-0] INFO  server.RaftServer (RaftServerProxy.java:addNew(98)) - 14fa2eac-e184-46cf-8dd5-e89808402331: addNew group-8A8C37717FC6:[14fa2eac-e184-46cf-8dd5-e89808402331|rpc:10.1.0.8:15129|admin:10.1.0.8:15128|client:10.1.0.8:15127|dataStream:10.1.0.8:15130|priority:0|startupRole:FOLLOWER, cea0c109-6e95-4b2c-982c-0dc77a608767|rpc:10.1.0.8:15120|admin:10.1.0.8:15119|client:10.1.0.8:15118|dataStream:10.1.0.8:15121|priority:0|startupRole:FOLLOWER, b680699b-c9cb-4670-83ba-783bfe62cfe5|rpc:10.1.0.8:15138|admin:10.1.0.8:15137|client:10.1.0.8:15136|dataStream:10.1.0.8:15139|priority:1|startupRole:FOLLOWER] returns group-8A8C37717FC6:java.util.concurrent.CompletableFuture@2f616d4f[Not completed]
2023-08-31 18:19:55,841 [14fa2eac-e184-46cf-8dd5-e89808402331-groupManagement] INFO  server.RaftServer$Division (RaftServerImpl.java:<init>(198)) - 14fa2eac-e184-46cf-8dd5-e89808402331: new RaftServerImpl for group-8A8C37717FC6:[14fa2eac-e184-46cf-8dd5-e89808402331|rpc:10.1.0.8:15129|admin:10.1.0.8:15128|client:10.1.0.8:15127|dataStream:10.1.0.8:15130|priority:0|startupRole:FOLLOWER, cea0c109-6e95-4b2c-982c-0dc77a608767|rpc:10.1.0.8:15120|admin:10.1.0.8:15119|client:10.1.0.8:15118|dataStream:10.1.0.8:15121|priority:0|startupRole:FOLLOWER, b680699b-c9cb-4670-83ba-783bfe62cfe5|rpc:10.1.0.8:15138|admin:10.1.0.8:15137|client:10.1.0.8:15136|dataStream:10.1.0.8:15139|priority:1|startupRole:FOLLOWER] with ContainerStateMachine:uninitialized
2023-08-31 18:19:55,841 [14fa2eac-e184-46cf-8dd5-e89808402331-groupManagement] INFO  server.RaftServerConfigKeys (ConfUtils.java:logGet(46)) - raft.server.rpc.timeout.min = 5s (custom)
2023-08-31 18:19:55,842 [14fa2eac-e184-46cf-8dd5-e89808402331-groupManagement] INFO  server.RaftServerConfigKeys (ConfUtils.java:logGet(46)) - raft.server.rpc.timeout.max = 5200ms (custom)
2023-08-31 18:19:55,842 [14fa2eac-e184-46cf-8dd5-e89808402331-groupManagement] INFO  server.RaftServerConfigKeys (ConfUtils.java:logGet(46)) - raft.server.rpc.sleep.time = 25ms (default)
2023-08-31 18:19:55,842 [14fa2eac-e184-46cf-8dd5-e89808402331-groupManagement] INFO  server.RaftServerConfigKeys (ConfUtils.java:logGet(46)) - raft.server.rpc.slowness.timeout = 300s (custom)
2023-08-31 18:19:55,842 [14fa2eac-e184-46cf-8dd5-e89808402331-groupManagement] INFO  server.RaftServerConfigKeys (ConfUtils.java:logGet(46)) - raft.server.leaderelection.leader.step-down.wait-time = 10s (default)
2023-08-31 18:19:55,842 [14fa2eac-e184-46cf-8dd5-e89808402331-groupManagement] INFO  server.RaftServerConfigKeys (ConfUtils.java:logGet(46)) - raft.server.sleep.deviation.threshold = 300ms (default)
2023-08-31 18:19:55,842 [14fa2eac-e184-46cf-8dd5-e89808402331-groupManagement] INFO  server.RaftServer$Division (ServerState.java:<init>(120)) - 14fa2eac-e184-46cf-8dd5-e89808402331@group-8A8C37717FC6: ConfigurationManager, init=-1: peers:[14fa2eac-e184-46cf-8dd5-e89808402331|rpc:10.1.0.8:15129|admin:10.1.0.8:15128|client:10.1.0.8:15127|dataStream:10.1.0.8:15130|priority:0|startupRole:FOLLOWER, cea0c109-6e95-4b2c-982c-0dc77a608767|rpc:10.1.0.8:15120|admin:10.1.0.8:15119|client:10.1.0.8:15118|dataStream:10.1.0.8:15121|priority:0|startupRole:FOLLOWER, b680699b-c9cb-4670-83ba-783bfe62cfe5|rpc:10.1.0.8:15138|admin:10.1.0.8:15137|client:10.1.0.8:15136|dataStream:10.1.0.8:15139|priority:1|startupRole:FOLLOWER]|listeners:[], old=null, confs=<EMPTY_MAP>
2023-08-31 18:19:55,842 [14fa2eac-e184-46cf-8dd5-e89808402331-groupManagement] INFO  server.RaftServerConfigKeys (ConfUtils.java:logGet(46)) - raft.server.storage.dir = [/home/runner/work/ozone/ozone/hadoop-ozone/integration-test/target/test-dir/MiniOzoneClusterImpl-03cba653-44d0-43b4-bc0f-a7205d2183ff/datanode-1/data/ratis] (custom)
2023-08-31 18:19:55,842 [14fa2eac-e184-46cf-8dd5-e89808402331-groupManagement] INFO  server.RaftServerConfigKeys (ConfUtils.java:logGet(46)) - raft.server.log.corruption.policy = EXCEPTION (default)
2023-08-31 18:19:55,842 [14fa2eac-e184-46cf-8dd5-e89808402331-groupManagement] INFO  server.RaftServerConfigKeys (ConfUtils.java:logGet(46)) - raft.server.storage.free-space.min = 0MB (=0) (default)
2023-08-31 18:19:55,843 [14fa2eac-e184-46cf-8dd5-e89808402331-groupManagement] INFO  server.RaftServerConfigKeys (ConfUtils.java:logGet(46)) - raft.server.notification.no-leader.timeout = 300s (custom)
2023-08-31 18:19:55,843 [14fa2eac-e184-46cf-8dd5-e89808402331-groupManagement] INFO  server.RaftServerConfigKeys (ConfUtils.java:logGet(46)) - raft.server.read.timeout = 10s (default)
2023-08-31 18:19:55,843 [14fa2eac-e184-46cf-8dd5-e89808402331-groupManagement] INFO  server.RaftServerConfigKeys (ConfUtils.java:logGet(46)) - raft.server.retrycache.expirytime = 600000ms (custom)
2023-08-31 18:19:55,843 [14fa2eac-e184-46cf-8dd5-e89808402331-groupManagement] INFO  server.RaftServerConfigKeys (ConfUtils.java:logGet(46)) - raft.server.retrycache.statistics.expirytime = 100μs (default)
2023-08-31 18:19:55,843 [14fa2eac-e184-46cf-8dd5-e89808402331-groupManagement] INFO  server.RaftServerConfigKeys (ConfUtils.java:logGet(46)) - raft.server.read.option = DEFAULT (default)
2023-08-31 18:19:55,844 [14fa2eac-e184-46cf-8dd5-e89808402331-groupManagement] INFO  server.RaftServerConfigKeys (ConfUtils.java:logGet(46)) - raft.server.rpc.request.timeout = 60s (custom)
2023-08-31 18:19:55,844 [14fa2eac-e184-46cf-8dd5-e89808402331-groupManagement] INFO  server.RaftServerConfigKeys (ConfUtils.java:logGet(46)) - raft.server.log.appender.install.snapshot.enabled = false (custom)
2023-08-31 18:19:55,844 [14fa2eac-e184-46cf-8dd5-e89808402331-groupManagement] INFO  server.RaftServerConfigKeys (ConfUtils.java:logGet(46)) - raft.server.threadpool.server.cached = true (default)
2023-08-31 18:19:55,844 [14fa2eac-e184-46cf-8dd5-e89808402331-groupManagement] INFO  server.RaftServerConfigKeys (ConfUtils.java:logGet(46)) - raft.server.threadpool.server.size = 0 (default)
2023-08-31 18:19:55,844 [14fa2eac-e184-46cf-8dd5-e89808402331-groupManagement] INFO  server.RaftServerConfigKeys (ConfUtils.java:logGet(46)) - raft.server.threadpool.client.cached = true (default)
2023-08-31 18:19:55,844 [14fa2eac-e184-46cf-8dd5-e89808402331-groupManagement] INFO  server.RaftServerConfigKeys (ConfUtils.java:logGet(46)) - raft.server.threadpool.client.size = 0 (default)
2023-08-31 18:19:55,844 [14fa2eac-e184-46cf-8dd5-e89808402331-groupManagement] INFO  storage.RaftStorageDirectory (RaftStorageDirectoryImpl.java:analyzeStorage(137)) - The storage directory /home/runner/work/ozone/ozone/hadoop-ozone/integration-test/target/test-dir/MiniOzoneClusterImpl-03cba653-44d0-43b4-bc0f-a7205d2183ff/datanode-1/data/ratis/ce54d6c1-46f6-4503-ac2d-8a8c37717fc6 does not exist. Creating ...
2023-08-31 18:19:55,847 [14fa2eac-e184-46cf-8dd5-e89808402331-groupManagement] INFO  storage.RaftStorageDirectory (RaftStorageDirectoryImpl.java:tryLock(231)) - Lock on /home/runner/work/ozone/ozone/hadoop-ozone/integration-test/target/test-dir/MiniOzoneClusterImpl-03cba653-44d0-43b4-bc0f-a7205d2183ff/datanode-1/data/ratis/ce54d6c1-46f6-4503-ac2d-8a8c37717fc6/in_use.lock acquired by nodename 61743@fv-az1129-899
2023-08-31 18:19:55,849 [14fa2eac-e184-46cf-8dd5-e89808402331-groupManagement] INFO  storage.RaftStorage (RaftStorageImpl.java:format(96)) - Storage directory /home/runner/work/ozone/ozone/hadoop-ozone/integration-test/target/test-dir/MiniOzoneClusterImpl-03cba653-44d0-43b4-bc0f-a7205d2183ff/datanode-1/data/ratis/ce54d6c1-46f6-4503-ac2d-8a8c37717fc6 has been successfully formatted.
2023-08-31 18:19:55,850 [14fa2eac-e184-46cf-8dd5-e89808402331-groupManagement] INFO  ratis.ContainerStateMachine (ContainerStateMachine.java:loadSnapshot(262)) - group-8A8C37717FC6: The snapshot info is null. Setting the last applied indexto:(t:0, i:~)
2023-08-31 18:19:55,850 [14fa2eac-e184-46cf-8dd5-e89808402331-groupManagement] INFO  server.RaftServerConfigKeys (ConfUtils.java:logGet(46)) - raft.server.log.use.memory = false (default)
2023-08-31 18:19:55,850 [14fa2eac-e184-46cf-8dd5-e89808402331-groupManagement] INFO  server.RaftServerConfigKeys (ConfUtils.java:logGet(46)) - raft.server.log.purge.gap = 1000000 (custom)
2023-08-31 18:19:55,850 [14fa2eac-e184-46cf-8dd5-e89808402331-groupManagement] INFO  server.RaftServerConfigKeys (ConfUtils.java:logGet(46)) - raft.server.log.appender.buffer.byte-limit = 33554432 (custom)
2023-08-31 18:19:55,850 [14fa2eac-e184-46cf-8dd5-e89808402331-groupManagement] INFO  server.RaftServerConfigKeys (ConfUtils.java:logGet(46)) - raft.server.log.statemachine.data.read.timeout = 1000ms (default)
2023-08-31 18:19:55,850 [14fa2eac-e184-46cf-8dd5-e89808402331-groupManagement] INFO  server.RaftServerConfigKeys (ConfUtils.java:logGet(46)) - raft.server.log.purge.preservation.log.num = 0 (default)
2023-08-31 18:19:55,851 [14fa2eac-e184-46cf-8dd5-e89808402331-groupManagement] INFO  server.RaftServerConfigKeys (ConfUtils.java:logGet(46)) - raft.server.log.segment.size.max = 1048576 (custom)
2023-08-31 18:19:55,851 [14fa2eac-e184-46cf-8dd5-e89808402331-groupManagement] INFO  server.RaftServerConfigKeys (ConfUtils.java:logGet(46)) - raft.server.log.segment.cache.num.max = 2 (custom)
2023-08-31 18:19:55,851 [14fa2eac-e184-46cf-8dd5-e89808402331-groupManagement] INFO  server.RaftServerConfigKeys (ConfUtils.java:logGet(46)) - raft.server.log.segment.cache.size.max = 200MB (=209715200) (default)
2023-08-31 18:19:55,851 [14fa2eac-e184-46cf-8dd5-e89808402331-groupManagement] INFO  server.RaftServerConfigKeys (ConfUtils.java:logGet(46)) - raft.server.log.appender.buffer.byte-limit = 33554432 (custom)
2023-08-31 18:19:55,852 [14fa2eac-e184-46cf-8dd5-e89808402331-groupManagement] INFO  segmented.SegmentedRaftLogWorker (SegmentedRaftLogWorker.java:<init>(188)) - new 14fa2eac-e184-46cf-8dd5-e89808402331@group-8A8C37717FC6-SegmentedRaftLogWorker for RaftStorageImpl:Storage Directory /home/runner/work/ozone/ozone/hadoop-ozone/integration-test/target/test-dir/MiniOzoneClusterImpl-03cba653-44d0-43b4-bc0f-a7205d2183ff/datanode-1/data/ratis/ce54d6c1-46f6-4503-ac2d-8a8c37717fc6
2023-08-31 18:19:55,852 [14fa2eac-e184-46cf-8dd5-e89808402331-groupManagement] INFO  server.RaftServerConfigKeys (ConfUtils.java:logGet(46)) - raft.server.log.queue.byte-limit = 4294967296 (custom)
2023-08-31 18:19:55,852 [14fa2eac-e184-46cf-8dd5-e89808402331-groupManagement] INFO  server.RaftServerConfigKeys (ConfUtils.java:logGet(46)) - raft.server.log.queue.element-limit = 1024 (custom)
2023-08-31 18:19:55,852 [14fa2eac-e184-46cf-8dd5-e89808402331-groupManagement] INFO  server.RaftServerConfigKeys (ConfUtils.java:logGet(46)) - raft.server.log.segment.size.max = 1048576 (custom)
2023-08-31 18:19:55,852 [14fa2eac-e184-46cf-8dd5-e89808402331-groupManagement] INFO  server.RaftServerConfigKeys (ConfUtils.java:logGet(46)) - raft.server.log.preallocated.size = 16384 (custom)
2023-08-31 18:19:55,852 [14fa2eac-e184-46cf-8dd5-e89808402331-groupManagement] INFO  server.RaftServerConfigKeys (ConfUtils.java:logGet(46)) - raft.server.log.force.sync.num = 128 (default)
2023-08-31 18:19:55,852 [14fa2eac-e184-46cf-8dd5-e89808402331-groupManagement] INFO  server.RaftServerConfigKeys (ConfUtils.java:logGet(46)) - raft.server.log.statemachine.data.sync = true (default)
2023-08-31 18:19:55,852 [14fa2eac-e184-46cf-8dd5-e89808402331-groupManagement] INFO  server.RaftServerConfigKeys (ConfUtils.java:logGet(46)) - raft.server.log.statemachine.data.sync.timeout = 10s (default)
2023-08-31 18:19:55,852 [14fa2eac-e184-46cf-8dd5-e89808402331-groupManagement] INFO  server.RaftServerConfigKeys (ConfUtils.java:logGet(46)) - raft.server.log.statemachine.data.sync.timeout.retry = -1 (default)
2023-08-31 18:19:55,853 [14fa2eac-e184-46cf-8dd5-e89808402331-groupManagement] INFO  server.RaftServerConfigKeys (ConfUtils.java:logGet(46)) - raft.server.log.write.buffer.size = 1048576 (custom)
2023-08-31 18:19:55,853 [14fa2eac-e184-46cf-8dd5-e89808402331-groupManagement] INFO  server.RaftServerConfigKeys (ConfUtils.java:logGet(46)) - raft.server.log.appender.buffer.byte-limit = 33554432 (custom)
2023-08-31 18:19:55,865 [14fa2eac-e184-46cf-8dd5-e89808402331-groupManagement] INFO  server.RaftServerConfigKeys (ConfUtils.java:logGet(46)) - raft.server.log.unsafe-flush.enabled = false (default)
2023-08-31 18:19:55,865 [14fa2eac-e184-46cf-8dd5-e89808402331-groupManagement] INFO  server.RaftServerConfigKeys (ConfUtils.java:logGet(46)) - raft.server.log.async-flush.enabled = false (default)
2023-08-31 18:19:55,865 [14fa2eac-e184-46cf-8dd5-e89808402331-groupManagement] INFO  server.RaftServerConfigKeys (ConfUtils.java:logGet(46)) - raft.server.log.statemachine.data.caching.enabled = true (custom)
2023-08-31 18:19:55,866 [14fa2eac-e184-46cf-8dd5-e89808402331-groupManagement] INFO  segmented.SegmentedRaftLogWorker (SegmentedRaftLogWorker.java:lambda$new$0(135)) - 14fa2eac-e184-46cf-8dd5-e89808402331@group-8A8C37717FC6-SegmentedRaftLogWorker: flushIndex: setUnconditionally 0 -> -1
2023-08-31 18:19:55,866 [14fa2eac-e184-46cf-8dd5-e89808402331-groupManagement] INFO  segmented.SegmentedRaftLogWorker (SegmentedRaftLogWorker.java:lambda$new$0(135)) - 14fa2eac-e184-46cf-8dd5-e89808402331@group-8A8C37717FC6-SegmentedRaftLogWorker: safeCacheEvictIndex: setUnconditionally 0 -> -1
2023-08-31 18:19:55,872 [14fa2eac-e184-46cf-8dd5-e89808402331-groupManagement] INFO  server.RaftServer$Division (RaftServerImpl.java:start(342)) - 14fa2eac-e184-46cf-8dd5-e89808402331@group-8A8C37717FC6: start as a follower, conf=-1: peers:[14fa2eac-e184-46cf-8dd5-e89808402331|rpc:10.1.0.8:15129|admin:10.1.0.8:15128|client:10.1.0.8:15127|dataStream:10.1.0.8:15130|priority:0|startupRole:FOLLOWER, cea0c109-6e95-4b2c-982c-0dc77a608767|rpc:10.1.0.8:15120|admin:10.1.0.8:15119|client:10.1.0.8:15118|dataStream:10.1.0.8:15121|priority:0|startupRole:FOLLOWER, b680699b-c9cb-4670-83ba-783bfe62cfe5|rpc:10.1.0.8:15138|admin:10.1.0.8:15137|client:10.1.0.8:15136|dataStream:10.1.0.8:15139|priority:1|startupRole:FOLLOWER]|listeners:[], old=null
2023-08-31 18:19:55,872 [14fa2eac-e184-46cf-8dd5-e89808402331-groupManagement] INFO  server.RaftServer$Division (RaftServerImpl.java:setRole(329)) - 14fa2eac-e184-46cf-8dd5-e89808402331@group-8A8C37717FC6: changes role from      null to FOLLOWER at term 0 for startAsFollower
2023-08-31 18:19:55,872 [14fa2eac-e184-46cf-8dd5-e89808402331-groupManagement] INFO  impl.RoleInfo (RoleInfo.java:updateAndGet(139)) - 14fa2eac-e184-46cf-8dd5-e89808402331: start 14fa2eac-e184-46cf-8dd5-e89808402331@group-8A8C37717FC6-FollowerState
2023-08-31 18:19:55,872 [14fa2eac-e184-46cf-8dd5-e89808402331-groupManagement] INFO  util.JmxRegister (JmxRegister.java:tryRegister(44)) - Successfully registered JMX Bean with object name Ratis:service=RaftServer,group=group-8A8C37717FC6,id=14fa2eac-e184-46cf-8dd5-e89808402331
2023-08-31 18:19:55,872 [14fa2eac-e184-46cf-8dd5-e89808402331-groupManagement] INFO  server.RaftServerConfigKeys (ConfUtils.java:logGet(46)) - raft.server.snapshot.auto.trigger.enabled = true (custom)
2023-08-31 18:19:55,873 [14fa2eac-e184-46cf-8dd5-e89808402331-groupManagement] INFO  server.RaftServerConfigKeys (ConfUtils.java:logGet(46)) - raft.server.snapshot.auto.trigger.threshold = 10000 (custom)
2023-08-31 18:19:55,873 [14fa2eac-e184-46cf-8dd5-e89808402331-groupManagement] INFO  server.RaftServerConfigKeys (ConfUtils.java:logGet(46)) - raft.server.snapshot.retention.file.num = 5 (custom)
2023-08-31 18:19:55,873 [14fa2eac-e184-46cf-8dd5-e89808402331-groupManagement] INFO  server.RaftServerConfigKeys (ConfUtils.java:logGet(46)) - raft.server.log.purge.upto.snapshot.index = false (default)
2023-08-31 18:19:55,873 [14fa2eac-e184-46cf-8dd5-e89808402331@group-8A8C37717FC6-FollowerState] INFO  server.RaftServerConfigKeys (ConfUtils.java:logFallback(53)) - raft.server.rpc.first-election.timeout.min = 5s (fallback to raft.server.rpc.timeout.min)
2023-08-31 18:19:55,873 [14fa2eac-e184-46cf-8dd5-e89808402331@group-8A8C37717FC6-FollowerState] INFO  server.RaftServerConfigKeys (ConfUtils.java:logFallback(53)) - raft.server.rpc.first-election.timeout.max = 5200ms (fallback to raft.server.rpc.timeout.max)
2023-08-31 18:19:55,908 [grpc-default-executor-0] INFO  server.RaftServer (RaftServerProxy.java:addNew(98)) - b680699b-c9cb-4670-83ba-783bfe62cfe5: addNew group-8A8C37717FC6:[14fa2eac-e184-46cf-8dd5-e89808402331|rpc:10.1.0.8:15129|admin:10.1.0.8:15128|client:10.1.0.8:15127|dataStream:10.1.0.8:15130|priority:0|startupRole:FOLLOWER, cea0c109-6e95-4b2c-982c-0dc77a608767|rpc:10.1.0.8:15120|admin:10.1.0.8:15119|client:10.1.0.8:15118|dataStream:10.1.0.8:15121|priority:0|startupRole:FOLLOWER, b680699b-c9cb-4670-83ba-783bfe62cfe5|rpc:10.1.0.8:15138|admin:10.1.0.8:15137|client:10.1.0.8:15136|dataStream:10.1.0.8:15139|priority:1|startupRole:FOLLOWER] returns group-8A8C37717FC6:java.util.concurrent.CompletableFuture@15260328[Not completed]
2023-08-31 18:19:55,909 [b680699b-c9cb-4670-83ba-783bfe62cfe5-groupManagement] INFO  server.RaftServer$Division (RaftServerImpl.java:<init>(198)) - b680699b-c9cb-4670-83ba-783bfe62cfe5: new RaftServerImpl for group-8A8C37717FC6:[14fa2eac-e184-46cf-8dd5-e89808402331|rpc:10.1.0.8:15129|admin:10.1.0.8:15128|client:10.1.0.8:15127|dataStream:10.1.0.8:15130|priority:0|startupRole:FOLLOWER, cea0c109-6e95-4b2c-982c-0dc77a608767|rpc:10.1.0.8:15120|admin:10.1.0.8:15119|client:10.1.0.8:15118|dataStream:10.1.0.8:15121|priority:0|startupRole:FOLLOWER, b680699b-c9cb-4670-83ba-783bfe62cfe5|rpc:10.1.0.8:15138|admin:10.1.0.8:15137|client:10.1.0.8:15136|dataStream:10.1.0.8:15139|priority:1|startupRole:FOLLOWER] with ContainerStateMachine:uninitialized
2023-08-31 18:19:55,909 [b680699b-c9cb-4670-83ba-783bfe62cfe5-groupManagement] INFO  server.RaftServerConfigKeys (ConfUtils.java:logGet(46)) - raft.server.rpc.timeout.min = 5s (custom)
2023-08-31 18:19:55,909 [b680699b-c9cb-4670-83ba-783bfe62cfe5-groupManagement] INFO  server.RaftServerConfigKeys (ConfUtils.java:logGet(46)) - raft.server.rpc.timeout.max = 5200ms (custom)
2023-08-31 18:19:55,909 [b680699b-c9cb-4670-83ba-783bfe62cfe5-groupManagement] INFO  server.RaftServerConfigKeys (ConfUtils.java:logGet(46)) - raft.server.rpc.sleep.time = 25ms (default)
2023-08-31 18:19:55,909 [b680699b-c9cb-4670-83ba-783bfe62cfe5-groupManagement] INFO  server.RaftServerConfigKeys (ConfUtils.java:logGet(46)) - raft.server.rpc.slowness.timeout = 300s (custom)
2023-08-31 18:19:55,909 [b680699b-c9cb-4670-83ba-783bfe62cfe5-groupManagement] INFO  server.RaftServerConfigKeys (ConfUtils.java:logGet(46)) - raft.server.leaderelection.leader.step-down.wait-time = 10s (default)
2023-08-31 18:19:55,909 [b680699b-c9cb-4670-83ba-783bfe62cfe5-groupManagement] INFO  server.RaftServerConfigKeys (ConfUtils.java:logGet(46)) - raft.server.sleep.deviation.threshold = 300ms (default)
2023-08-31 18:19:55,909 [b680699b-c9cb-4670-83ba-783bfe62cfe5-groupManagement] INFO  server.RaftServer$Division (ServerState.java:<init>(120)) - b680699b-c9cb-4670-83ba-783bfe62cfe5@group-8A8C37717FC6: ConfigurationManager, init=-1: peers:[14fa2eac-e184-46cf-8dd5-e89808402331|rpc:10.1.0.8:15129|admin:10.1.0.8:15128|client:10.1.0.8:15127|dataStream:10.1.0.8:15130|priority:0|startupRole:FOLLOWER, cea0c109-6e95-4b2c-982c-0dc77a608767|rpc:10.1.0.8:15120|admin:10.1.0.8:15119|client:10.1.0.8:15118|dataStream:10.1.0.8:15121|priority:0|startupRole:FOLLOWER, b680699b-c9cb-4670-83ba-783bfe62cfe5|rpc:10.1.0.8:15138|admin:10.1.0.8:15137|client:10.1.0.8:15136|dataStream:10.1.0.8:15139|priority:1|startupRole:FOLLOWER]|listeners:[], old=null, confs=<EMPTY_MAP>
2023-08-31 18:19:55,910 [b680699b-c9cb-4670-83ba-783bfe62cfe5-groupManagement] INFO  server.RaftServerConfigKeys (ConfUtils.java:logGet(46)) - raft.server.storage.dir = [/home/runner/work/ozone/ozone/hadoop-ozone/integration-test/target/test-dir/MiniOzoneClusterImpl-03cba653-44d0-43b4-bc0f-a7205d2183ff/datanode-2/data/ratis] (custom)
2023-08-31 18:19:55,910 [b680699b-c9cb-4670-83ba-783bfe62cfe5-groupManagement] INFO  server.RaftServerConfigKeys (ConfUtils.java:logGet(46)) - raft.server.log.corruption.policy = EXCEPTION (default)
2023-08-31 18:19:55,910 [b680699b-c9cb-4670-83ba-783bfe62cfe5-groupManagement] INFO  server.RaftServerConfigKeys (ConfUtils.java:logGet(46)) - raft.server.storage.free-space.min = 0MB (=0) (default)
2023-08-31 18:19:55,910 [b680699b-c9cb-4670-83ba-783bfe62cfe5-groupManagement] INFO  server.RaftServerConfigKeys (ConfUtils.java:logGet(46)) - raft.server.notification.no-leader.timeout = 300s (custom)
2023-08-31 18:19:55,910 [b680699b-c9cb-4670-83ba-783bfe62cfe5-groupManagement] INFO  server.RaftServerConfigKeys (ConfUtils.java:logGet(46)) - raft.server.read.timeout = 10s (default)
2023-08-31 18:19:55,910 [b680699b-c9cb-4670-83ba-783bfe62cfe5-groupManagement] INFO  server.RaftServerConfigKeys (ConfUtils.java:logGet(46)) - raft.server.retrycache.expirytime = 600000ms (custom)
2023-08-31 18:19:55,910 [b680699b-c9cb-4670-83ba-783bfe62cfe5-groupManagement] INFO  server.RaftServerConfigKeys (ConfUtils.java:logGet(46)) - raft.server.retrycache.statistics.expirytime = 100μs (default)
2023-08-31 18:19:55,910 [b680699b-c9cb-4670-83ba-783bfe62cfe5-groupManagement] INFO  server.RaftServerConfigKeys (ConfUtils.java:logGet(46)) - raft.server.read.option = DEFAULT (default)
2023-08-31 18:19:55,911 [b680699b-c9cb-4670-83ba-783bfe62cfe5-groupManagement] INFO  server.RaftServerConfigKeys (ConfUtils.java:logGet(46)) - raft.server.rpc.request.timeout = 60s (custom)
2023-08-31 18:19:55,911 [b680699b-c9cb-4670-83ba-783bfe62cfe5-groupManagement] INFO  server.RaftServerConfigKeys (ConfUtils.java:logGet(46)) - raft.server.log.appender.install.snapshot.enabled = false (custom)
2023-08-31 18:19:55,911 [b680699b-c9cb-4670-83ba-783bfe62cfe5-groupManagement] INFO  server.RaftServerConfigKeys (ConfUtils.java:logGet(46)) - raft.server.threadpool.server.cached = true (default)
2023-08-31 18:19:55,911 [b680699b-c9cb-4670-83ba-783bfe62cfe5-groupManagement] INFO  server.RaftServerConfigKeys (ConfUtils.java:logGet(46)) - raft.server.threadpool.server.size = 0 (default)
2023-08-31 18:19:55,911 [b680699b-c9cb-4670-83ba-783bfe62cfe5-groupManagement] INFO  server.RaftServerConfigKeys (ConfUtils.java:logGet(46)) - raft.server.threadpool.client.cached = true (default)
2023-08-31 18:19:55,911 [b680699b-c9cb-4670-83ba-783bfe62cfe5-groupManagement] INFO  server.RaftServerConfigKeys (ConfUtils.java:logGet(46)) - raft.server.threadpool.client.size = 0 (default)
2023-08-31 18:19:55,912 [b680699b-c9cb-4670-83ba-783bfe62cfe5-groupManagement] INFO  storage.RaftStorageDirectory (RaftStorageDirectoryImpl.java:analyzeStorage(137)) - The storage directory /home/runner/work/ozone/ozone/hadoop-ozone/integration-test/target/test-dir/MiniOzoneClusterImpl-03cba653-44d0-43b4-bc0f-a7205d2183ff/datanode-2/data/ratis/ce54d6c1-46f6-4503-ac2d-8a8c37717fc6 does not exist. Creating ...
2023-08-31 18:19:55,914 [b680699b-c9cb-4670-83ba-783bfe62cfe5-groupManagement] INFO  storage.RaftStorageDirectory (RaftStorageDirectoryImpl.java:tryLock(231)) - Lock on /home/runner/work/ozone/ozone/hadoop-ozone/integration-test/target/test-dir/MiniOzoneClusterImpl-03cba653-44d0-43b4-bc0f-a7205d2183ff/datanode-2/data/ratis/ce54d6c1-46f6-4503-ac2d-8a8c37717fc6/in_use.lock acquired by nodename 61743@fv-az1129-899
2023-08-31 18:19:55,916 [b680699b-c9cb-4670-83ba-783bfe62cfe5-groupManagement] INFO  storage.RaftStorage (RaftStorageImpl.java:format(96)) - Storage directory /home/runner/work/ozone/ozone/hadoop-ozone/integration-test/target/test-dir/MiniOzoneClusterImpl-03cba653-44d0-43b4-bc0f-a7205d2183ff/datanode-2/data/ratis/ce54d6c1-46f6-4503-ac2d-8a8c37717fc6 has been successfully formatted.
2023-08-31 18:19:55,917 [b680699b-c9cb-4670-83ba-783bfe62cfe5-groupManagement] INFO  ratis.ContainerStateMachine (ContainerStateMachine.java:loadSnapshot(262)) - group-8A8C37717FC6: The snapshot info is null. Setting the last applied indexto:(t:0, i:~)
2023-08-31 18:19:55,917 [b680699b-c9cb-4670-83ba-783bfe62cfe5-groupManagement] INFO  server.RaftServerConfigKeys (ConfUtils.java:logGet(46)) - raft.server.log.use.memory = false (default)
2023-08-31 18:19:55,917 [b680699b-c9cb-4670-83ba-783bfe62cfe5-groupManagement] INFO  server.RaftServerConfigKeys (ConfUtils.java:logGet(46)) - raft.server.log.purge.gap = 1000000 (custom)
2023-08-31 18:19:55,917 [b680699b-c9cb-4670-83ba-783bfe62cfe5-groupManagement] INFO  server.RaftServerConfigKeys (ConfUtils.java:logGet(46)) - raft.server.log.appender.buffer.byte-limit = 33554432 (custom)
2023-08-31 18:19:55,917 [b680699b-c9cb-4670-83ba-783bfe62cfe5-groupManagement] INFO  server.RaftServerConfigKeys (ConfUtils.java:logGet(46)) - raft.server.log.statemachine.data.read.timeout = 1000ms (default)
2023-08-31 18:19:55,917 [b680699b-c9cb-4670-83ba-783bfe62cfe5-groupManagement] INFO  server.RaftServerConfigKeys (ConfUtils.java:logGet(46)) - raft.server.log.purge.preservation.log.num = 0 (default)
2023-08-31 18:19:55,917 [b680699b-c9cb-4670-83ba-783bfe62cfe5-groupManagement] INFO  server.RaftServerConfigKeys (ConfUtils.java:logGet(46)) - raft.server.log.segment.size.max = 1048576 (custom)
2023-08-31 18:19:55,918 [b680699b-c9cb-4670-83ba-783bfe62cfe5-groupManagement] INFO  server.RaftServerConfigKeys (ConfUtils.java:logGet(46)) - raft.server.log.segment.cache.num.max = 2 (custom)
2023-08-31 18:19:55,918 [b680699b-c9cb-4670-83ba-783bfe62cfe5-groupManagement] INFO  server.RaftServerConfigKeys (ConfUtils.java:logGet(46)) - raft.server.log.segment.cache.size.max = 200MB (=209715200) (default)
2023-08-31 18:19:55,918 [b680699b-c9cb-4670-83ba-783bfe62cfe5-groupManagement] INFO  server.RaftServerConfigKeys (ConfUtils.java:logGet(46)) - raft.server.log.appender.buffer.byte-limit = 33554432 (custom)
2023-08-31 18:19:55,918 [b680699b-c9cb-4670-83ba-783bfe62cfe5-groupManagement] INFO  segmented.SegmentedRaftLogWorker (SegmentedRaftLogWorker.java:<init>(188)) - new b680699b-c9cb-4670-83ba-783bfe62cfe5@group-8A8C37717FC6-SegmentedRaftLogWorker for RaftStorageImpl:Storage Directory /home/runner/work/ozone/ozone/hadoop-ozone/integration-test/target/test-dir/MiniOzoneClusterImpl-03cba653-44d0-43b4-bc0f-a7205d2183ff/datanode-2/data/ratis/ce54d6c1-46f6-4503-ac2d-8a8c37717fc6
2023-08-31 18:19:55,918 [b680699b-c9cb-4670-83ba-783bfe62cfe5-groupManagement] INFO  server.RaftServerConfigKeys (ConfUtils.java:logGet(46)) - raft.server.log.queue.byte-limit = 4294967296 (custom)
2023-08-31 18:19:55,918 [b680699b-c9cb-4670-83ba-783bfe62cfe5-groupManagement] INFO  server.RaftServerConfigKeys (ConfUtils.java:logGet(46)) - raft.server.log.queue.element-limit = 1024 (custom)
2023-08-31 18:19:55,918 [b680699b-c9cb-4670-83ba-783bfe62cfe5-groupManagement] INFO  server.RaftServerConfigKeys (ConfUtils.java:logGet(46)) - raft.server.log.segment.size.max = 1048576 (custom)
2023-08-31 18:19:55,918 [b680699b-c9cb-4670-83ba-783bfe62cfe5-groupManagement] INFO  server.RaftServerConfigKeys (ConfUtils.java:logGet(46)) - raft.server.log.preallocated.size = 16384 (custom)
2023-08-31 18:19:55,918 [b680699b-c9cb-4670-83ba-783bfe62cfe5-groupManagement] INFO  server.RaftServerConfigKeys (ConfUtils.java:logGet(46)) - raft.server.log.force.sync.num = 128 (default)
2023-08-31 18:19:55,918 [b680699b-c9cb-4670-83ba-783bfe62cfe5-groupManagement] INFO  server.RaftServerConfigKeys (ConfUtils.java:logGet(46)) - raft.server.log.statemachine.data.sync = true (default)
2023-08-31 18:19:55,918 [b680699b-c9cb-4670-83ba-783bfe62cfe5-groupManagement] INFO  server.RaftServerConfigKeys (ConfUtils.java:logGet(46)) - raft.server.log.statemachine.data.sync.timeout = 10s (default)
2023-08-31 18:19:55,918 [b680699b-c9cb-4670-83ba-783bfe62cfe5-groupManagement] INFO  server.RaftServerConfigKeys (ConfUtils.java:logGet(46)) - raft.server.log.statemachine.data.sync.timeout.retry = -1 (default)
2023-08-31 18:19:55,919 [b680699b-c9cb-4670-83ba-783bfe62cfe5-groupManagement] INFO  server.RaftServerConfigKeys (ConfUtils.java:logGet(46)) - raft.server.log.write.buffer.size = 1048576 (custom)
2023-08-31 18:19:55,920 [b680699b-c9cb-4670-83ba-783bfe62cfe5-groupManagement] INFO  server.RaftServerConfigKeys (ConfUtils.java:logGet(46)) - raft.server.log.appender.buffer.byte-limit = 33554432 (custom)
2023-08-31 18:19:55,926 [b680699b-c9cb-4670-83ba-783bfe62cfe5-groupManagement] INFO  server.RaftServerConfigKeys (ConfUtils.java:logGet(46)) - raft.server.log.unsafe-flush.enabled = false (default)
2023-08-31 18:19:55,927 [b680699b-c9cb-4670-83ba-783bfe62cfe5-groupManagement] INFO  server.RaftServerConfigKeys (ConfUtils.java:logGet(46)) - raft.server.log.async-flush.enabled = false (default)
2023-08-31 18:19:55,927 [b680699b-c9cb-4670-83ba-783bfe62cfe5-groupManagement] INFO  server.RaftServerConfigKeys (ConfUtils.java:logGet(46)) - raft.server.log.statemachine.data.caching.enabled = true (custom)
2023-08-31 18:19:55,927 [b680699b-c9cb-4670-83ba-783bfe62cfe5-groupManagement] INFO  segmented.SegmentedRaftLogWorker (SegmentedRaftLogWorker.java:lambda$new$0(135)) - b680699b-c9cb-4670-83ba-783bfe62cfe5@group-8A8C37717FC6-SegmentedRaftLogWorker: flushIndex: setUnconditionally 0 -> -1
2023-08-31 18:19:55,927 [b680699b-c9cb-4670-83ba-783bfe62cfe5-groupManagement] INFO  segmented.SegmentedRaftLogWorker (SegmentedRaftLogWorker.java:lambda$new$0(135)) - b680699b-c9cb-4670-83ba-783bfe62cfe5@group-8A8C37717FC6-SegmentedRaftLogWorker: safeCacheEvictIndex: setUnconditionally 0 -> -1
2023-08-31 18:19:55,928 [b680699b-c9cb-4670-83ba-783bfe62cfe5-groupManagement] INFO  server.RaftServer$Division (RaftServerImpl.java:start(342)) - b680699b-c9cb-4670-83ba-783bfe62cfe5@group-8A8C37717FC6: start as a follower, conf=-1: peers:[14fa2eac-e184-46cf-8dd5-e89808402331|rpc:10.1.0.8:15129|admin:10.1.0.8:15128|client:10.1.0.8:15127|dataStream:10.1.0.8:15130|priority:0|startupRole:FOLLOWER, cea0c109-6e95-4b2c-982c-0dc77a608767|rpc:10.1.0.8:15120|admin:10.1.0.8:15119|client:10.1.0.8:15118|dataStream:10.1.0.8:15121|priority:0|startupRole:FOLLOWER, b680699b-c9cb-4670-83ba-783bfe62cfe5|rpc:10.1.0.8:15138|admin:10.1.0.8:15137|client:10.1.0.8:15136|dataStream:10.1.0.8:15139|priority:1|startupRole:FOLLOWER]|listeners:[], old=null
2023-08-31 18:19:55,928 [b680699b-c9cb-4670-83ba-783bfe62cfe5-groupManagement] INFO  server.RaftServer$Division (RaftServerImpl.java:setRole(329)) - b680699b-c9cb-4670-83ba-783bfe62cfe5@group-8A8C37717FC6: changes role from      null to FOLLOWER at term 0 for startAsFollower
2023-08-31 18:19:55,928 [b680699b-c9cb-4670-83ba-783bfe62cfe5-groupManagement] INFO  impl.RoleInfo (RoleInfo.java:updateAndGet(139)) - b680699b-c9cb-4670-83ba-783bfe62cfe5: start b680699b-c9cb-4670-83ba-783bfe62cfe5@group-8A8C37717FC6-FollowerState
2023-08-31 18:19:55,932 [b680699b-c9cb-4670-83ba-783bfe62cfe5-groupManagement] INFO  util.JmxRegister (JmxRegister.java:tryRegister(44)) - Successfully registered JMX Bean with object name Ratis:service=RaftServer,group=group-8A8C37717FC6,id=b680699b-c9cb-4670-83ba-783bfe62cfe5
2023-08-31 18:19:55,932 [b680699b-c9cb-4670-83ba-783bfe62cfe5-groupManagement] INFO  server.RaftServerConfigKeys (ConfUtils.java:logGet(46)) - raft.server.snapshot.auto.trigger.enabled = true (custom)
2023-08-31 18:19:55,932 [b680699b-c9cb-4670-83ba-783bfe62cfe5-groupManagement] INFO  server.RaftServerConfigKeys (ConfUtils.java:logGet(46)) - raft.server.snapshot.auto.trigger.threshold = 10000 (custom)
2023-08-31 18:19:55,932 [b680699b-c9cb-4670-83ba-783bfe62cfe5-groupManagement] INFO  server.RaftServerConfigKeys (ConfUtils.java:logGet(46)) - raft.server.snapshot.retention.file.num = 5 (custom)
2023-08-31 18:19:55,932 [b680699b-c9cb-4670-83ba-783bfe62cfe5-groupManagement] INFO  server.RaftServerConfigKeys (ConfUtils.java:logGet(46)) - raft.server.log.purge.upto.snapshot.index = false (default)
2023-08-31 18:19:55,933 [b680699b-c9cb-4670-83ba-783bfe62cfe5@group-8A8C37717FC6-FollowerState] INFO  server.RaftServerConfigKeys (ConfUtils.java:logFallback(53)) - raft.server.rpc.first-election.timeout.min = 5s (fallback to raft.server.rpc.timeout.min)
2023-08-31 18:19:55,933 [b680699b-c9cb-4670-83ba-783bfe62cfe5@group-8A8C37717FC6-FollowerState] INFO  server.RaftServerConfigKeys (ConfUtils.java:logFallback(53)) - raft.server.rpc.first-election.timeout.max = 5200ms (fallback to raft.server.rpc.timeout.max)
2023-08-31 18:19:55,959 [PipelineCommandHandlerThread-0] INFO  commandhandler.CreatePipelineCommandHandler (CreatePipelineCommandHandler.java:lambda$handle$2(124)) - Created Pipeline RATIS THREE PipelineID=ce54d6c1-46f6-4503-ac2d-8a8c37717fc6.
2023-08-31 18:19:56,033 [14fa2eac-e184-46cf-8dd5-e89808402331-groupManagement] INFO  server.RaftServer$Division (RaftServerImpl.java:<init>(198)) - 14fa2eac-e184-46cf-8dd5-e89808402331: new RaftServerImpl for group-6D24D615B386:[14fa2eac-e184-46cf-8dd5-e89808402331|rpc:10.1.0.8:15129|admin:10.1.0.8:15128|client:10.1.0.8:15127|dataStream:10.1.0.8:15130|priority:1|startupRole:FOLLOWER] with ContainerStateMachine:uninitialized
2023-08-31 18:19:56,033 [14fa2eac-e184-46cf-8dd5-e89808402331-groupManagement] INFO  server.RaftServerConfigKeys (ConfUtils.java:logGet(46)) - raft.server.rpc.timeout.min = 5s (custom)
2023-08-31 18:19:56,033 [14fa2eac-e184-46cf-8dd5-e89808402331-groupManagement] INFO  server.RaftServerConfigKeys (ConfUtils.java:logGet(46)) - raft.server.rpc.timeout.max = 5200ms (custom)
2023-08-31 18:19:56,033 [14fa2eac-e184-46cf-8dd5-e89808402331-groupManagement] INFO  server.RaftServerConfigKeys (ConfUtils.java:logGet(46)) - raft.server.rpc.sleep.time = 25ms (default)
2023-08-31 18:19:56,033 [14fa2eac-e184-46cf-8dd5-e89808402331-groupManagement] INFO  server.RaftServerConfigKeys (ConfUtils.java:logGet(46)) - raft.server.rpc.slowness.timeout = 300s (custom)
2023-08-31 18:19:56,033 [14fa2eac-e184-46cf-8dd5-e89808402331-groupManagement] INFO  server.RaftServerConfigKeys (ConfUtils.java:logGet(46)) - raft.server.leaderelection.leader.step-down.wait-time = 10s (default)
2023-08-31 18:19:56,033 [14fa2eac-e184-46cf-8dd5-e89808402331-groupManagement] INFO  server.RaftServerConfigKeys (ConfUtils.java:logGet(46)) - raft.server.sleep.deviation.threshold = 300ms (default)
2023-08-31 18:19:56,033 [14fa2eac-e184-46cf-8dd5-e89808402331-groupManagement] INFO  server.RaftServer$Division (ServerState.java:<init>(120)) - 14fa2eac-e184-46cf-8dd5-e89808402331@group-6D24D615B386: ConfigurationManager, init=-1: peers:[14fa2eac-e184-46cf-8dd5-e89808402331|rpc:10.1.0.8:15129|admin:10.1.0.8:15128|client:10.1.0.8:15127|dataStream:10.1.0.8:15130|priority:1|startupRole:FOLLOWER]|listeners:[], old=null, confs=<EMPTY_MAP>
2023-08-31 18:19:56,033 [14fa2eac-e184-46cf-8dd5-e89808402331-groupManagement] INFO  server.RaftServerConfigKeys (ConfUtils.java:logGet(46)) - raft.server.storage.dir = [/home/runner/work/ozone/ozone/hadoop-ozone/integration-test/target/test-dir/MiniOzoneClusterImpl-03cba653-44d0-43b4-bc0f-a7205d2183ff/datanode-1/data/ratis] (custom)
2023-08-31 18:19:56,033 [14fa2eac-e184-46cf-8dd5-e89808402331-groupManagement] INFO  server.RaftServerConfigKeys (ConfUtils.java:logGet(46)) - raft.server.log.corruption.policy = EXCEPTION (default)
2023-08-31 18:19:56,034 [14fa2eac-e184-46cf-8dd5-e89808402331-groupManagement] INFO  server.RaftServerConfigKeys (ConfUtils.java:logGet(46)) - raft.server.storage.free-space.min = 0MB (=0) (default)
2023-08-31 18:19:56,034 [14fa2eac-e184-46cf-8dd5-e89808402331-groupManagement] INFO  server.RaftServerConfigKeys (ConfUtils.java:logGet(46)) - raft.server.notification.no-leader.timeout = 300s (custom)
2023-08-31 18:19:56,034 [14fa2eac-e184-46cf-8dd5-e89808402331-groupManagement] INFO  server.RaftServerConfigKeys (ConfUtils.java:logGet(46)) - raft.server.read.timeout = 10s (default)
2023-08-31 18:19:56,034 [14fa2eac-e184-46cf-8dd5-e89808402331-groupManagement] INFO  server.RaftServerConfigKeys (ConfUtils.java:logGet(46)) - raft.server.retrycache.expirytime = 600000ms (custom)
2023-08-31 18:19:56,034 [14fa2eac-e184-46cf-8dd5-e89808402331-groupManagement] INFO  server.RaftServerConfigKeys (ConfUtils.java:logGet(46)) - raft.server.retrycache.statistics.expirytime = 100μs (default)
2023-08-31 18:19:56,034 [14fa2eac-e184-46cf-8dd5-e89808402331-groupManagement] INFO  server.RaftServerConfigKeys (ConfUtils.java:logGet(46)) - raft.server.read.option = DEFAULT (default)
2023-08-31 18:19:56,035 [14fa2eac-e184-46cf-8dd5-e89808402331-groupManagement] INFO  server.RaftServerConfigKeys (ConfUtils.java:logGet(46)) - raft.server.rpc.request.timeout = 60s (custom)
2023-08-31 18:19:56,035 [14fa2eac-e184-46cf-8dd5-e89808402331-groupManagement] INFO  server.RaftServerConfigKeys (ConfUtils.java:logGet(46)) - raft.server.log.appender.install.snapshot.enabled = false (custom)
2023-08-31 18:19:56,035 [14fa2eac-e184-46cf-8dd5-e89808402331-groupManagement] INFO  server.RaftServerConfigKeys (ConfUtils.java:logGet(46)) - raft.server.threadpool.server.cached = true (default)
2023-08-31 18:19:56,035 [14fa2eac-e184-46cf-8dd5-e89808402331-groupManagement] INFO  server.RaftServerConfigKeys (ConfUtils.java:logGet(46)) - raft.server.threadpool.server.size = 0 (default)
2023-08-31 18:19:56,035 [14fa2eac-e184-46cf-8dd5-e89808402331-groupManagement] INFO  server.RaftServerConfigKeys (ConfUtils.java:logGet(46)) - raft.server.threadpool.client.cached = true (default)
2023-08-31 18:19:56,035 [14fa2eac-e184-46cf-8dd5-e89808402331-groupManagement] INFO  server.RaftServerConfigKeys (ConfUtils.java:logGet(46)) - raft.server.threadpool.client.size = 0 (default)
2023-08-31 18:19:56,035 [PipelineCommandHandlerThread-0] INFO  server.RaftServer (RaftServerProxy.java:addNew(98)) - 14fa2eac-e184-46cf-8dd5-e89808402331: addNew group-6D24D615B386:[14fa2eac-e184-46cf-8dd5-e89808402331|rpc:10.1.0.8:15129|admin:10.1.0.8:15128|client:10.1.0.8:15127|dataStream:10.1.0.8:15130|priority:1|startupRole:FOLLOWER] returns      null 14fa2eac-e184-46cf-8dd5-e89808402331@group-6D24D615B386:t0, leader=null, voted=null, raftlog=UNINITIALIZED, conf=-1: peers:[14fa2eac-e184-46cf-8dd5-e89808402331|rpc:10.1.0.8:15129|admin:10.1.0.8:15128|client:10.1.0.8:15127|dataStream:10.1.0.8:15130|priority:1|startupRole:FOLLOWER]|listeners:[], old=null NEW
2023-08-31 18:19:56,035 [14fa2eac-e184-46cf-8dd5-e89808402331-groupManagement] INFO  storage.RaftStorageDirectory (RaftStorageDirectoryImpl.java:analyzeStorage(137)) - The storage directory /home/runner/work/ozone/ozone/hadoop-ozone/integration-test/target/test-dir/MiniOzoneClusterImpl-03cba653-44d0-43b4-bc0f-a7205d2183ff/datanode-1/data/ratis/541d218e-251f-4b8d-bebd-6d24d615b386 does not exist. Creating ...
2023-08-31 18:19:56,037 [14fa2eac-e184-46cf-8dd5-e89808402331-groupManagement] INFO  storage.RaftStorageDirectory (RaftStorageDirectoryImpl.java:tryLock(231)) - Lock on /home/runner/work/ozone/ozone/hadoop-ozone/integration-test/target/test-dir/MiniOzoneClusterImpl-03cba653-44d0-43b4-bc0f-a7205d2183ff/datanode-1/data/ratis/541d218e-251f-4b8d-bebd-6d24d615b386/in_use.lock acquired by nodename 61743@fv-az1129-899
2023-08-31 18:19:56,039 [14fa2eac-e184-46cf-8dd5-e89808402331-groupManagement] INFO  storage.RaftStorage (RaftStorageImpl.java:format(96)) - Storage directory /home/runner/work/ozone/ozone/hadoop-ozone/integration-test/target/test-dir/MiniOzoneClusterImpl-03cba653-44d0-43b4-bc0f-a7205d2183ff/datanode-1/data/ratis/541d218e-251f-4b8d-bebd-6d24d615b386 has been successfully formatted.
2023-08-31 18:19:56,039 [14fa2eac-e184-46cf-8dd5-e89808402331-groupManagement] INFO  ratis.ContainerStateMachine (ContainerStateMachine.java:loadSnapshot(262)) - group-6D24D615B386: The snapshot info is null. Setting the last applied indexto:(t:0, i:~)
2023-08-31 18:19:56,039 [14fa2eac-e184-46cf-8dd5-e89808402331-groupManagement] INFO  server.RaftServerConfigKeys (ConfUtils.java:logGet(46)) - raft.server.log.use.memory = false (default)
2023-08-31 18:19:56,040 [14fa2eac-e184-46cf-8dd5-e89808402331-groupManagement] INFO  server.RaftServerConfigKeys (ConfUtils.java:logGet(46)) - raft.server.log.purge.gap = 1000000 (custom)
2023-08-31 18:19:56,040 [14fa2eac-e184-46cf-8dd5-e89808402331-groupManagement] INFO  server.RaftServerConfigKeys (ConfUtils.java:logGet(46)) - raft.server.log.appender.buffer.byte-limit = 33554432 (custom)
2023-08-31 18:19:56,040 [14fa2eac-e184-46cf-8dd5-e89808402331-groupManagement] INFO  server.RaftServerConfigKeys (ConfUtils.java:logGet(46)) - raft.server.log.statemachine.data.read.timeout = 1000ms (default)
2023-08-31 18:19:56,041 [EventQueue-PipelineReportForPipelineReportHandler] INFO  pipeline.PipelineReportHandler (PipelineReportHandler.java:processPipelineReport(136)) - Opened pipeline PipelineID=541d218e-251f-4b8d-bebd-6d24d615b386
2023-08-31 18:19:56,041 [14fa2eac-e184-46cf-8dd5-e89808402331-groupManagement] INFO  server.RaftServerConfigKeys (ConfUtils.java:logGet(46)) - raft.server.log.purge.preservation.log.num = 0 (default)
2023-08-31 18:19:56,041 [EventQueue-OpenPipelineForHealthyPipelineSafeModeRule] INFO  safemode.SCMSafeModeManager (HealthyPipelineSafeModeRule.java:process(137)) - SCM in safe mode. Healthy pipelines reported count is 0, required healthy pipeline reported count is 1
2023-08-31 18:19:56,042 [14fa2eac-e184-46cf-8dd5-e89808402331-groupManagement] INFO  server.RaftServerConfigKeys (ConfUtils.java:logGet(46)) - raft.server.log.segment.size.max = 1048576 (custom)
2023-08-31 18:19:56,042 [14fa2eac-e184-46cf-8dd5-e89808402331-groupManagement] INFO  server.RaftServerConfigKeys (ConfUtils.java:logGet(46)) - raft.server.log.segment.cache.num.max = 2 (custom)
2023-08-31 18:19:56,042 [14fa2eac-e184-46cf-8dd5-e89808402331-groupManagement] INFO  server.RaftServerConfigKeys (ConfUtils.java:logGet(46)) - raft.server.log.segment.cache.size.max = 200MB (=209715200) (default)
2023-08-31 18:19:56,042 [14fa2eac-e184-46cf-8dd5-e89808402331-groupManagement] INFO  server.RaftServerConfigKeys (ConfUtils.java:logGet(46)) - raft.server.log.appender.buffer.byte-limit = 33554432 (custom)
2023-08-31 18:19:56,042 [14fa2eac-e184-46cf-8dd5-e89808402331-groupManagement] INFO  segmented.SegmentedRaftLogWorker (SegmentedRaftLogWorker.java:<init>(188)) - new 14fa2eac-e184-46cf-8dd5-e89808402331@group-6D24D615B386-SegmentedRaftLogWorker for RaftStorageImpl:Storage Directory /home/runner/work/ozone/ozone/hadoop-ozone/integration-test/target/test-dir/MiniOzoneClusterImpl-03cba653-44d0-43b4-bc0f-a7205d2183ff/datanode-1/data/ratis/541d218e-251f-4b8d-bebd-6d24d615b386
2023-08-31 18:19:56,042 [14fa2eac-e184-46cf-8dd5-e89808402331-groupManagement] INFO  server.RaftServerConfigKeys (ConfUtils.java:logGet(46)) - raft.server.log.queue.byte-limit = 4294967296 (custom)
2023-08-31 18:19:56,042 [14fa2eac-e184-46cf-8dd5-e89808402331-groupManagement] INFO  server.RaftServerConfigKeys (ConfUtils.java:logGet(46)) - raft.server.log.queue.element-limit = 1024 (custom)
2023-08-31 18:19:56,043 [14fa2eac-e184-46cf-8dd5-e89808402331-groupManagement] INFO  server.RaftServerConfigKeys (ConfUtils.java:logGet(46)) - raft.server.log.segment.size.max = 1048576 (custom)
2023-08-31 18:19:56,043 [14fa2eac-e184-46cf-8dd5-e89808402331-groupManagement] INFO  server.RaftServerConfigKeys (ConfUtils.java:logGet(46)) - raft.server.log.preallocated.size = 16384 (custom)
2023-08-31 18:19:56,043 [14fa2eac-e184-46cf-8dd5-e89808402331-groupManagement] INFO  server.RaftServerConfigKeys (ConfUtils.java:logGet(46)) - raft.server.log.force.sync.num = 128 (default)
2023-08-31 18:19:56,043 [14fa2eac-e184-46cf-8dd5-e89808402331-groupManagement] INFO  server.RaftServerConfigKeys (ConfUtils.java:logGet(46)) - raft.server.log.statemachine.data.sync = true (default)
2023-08-31 18:19:56,043 [14fa2eac-e184-46cf-8dd5-e89808402331-groupManagement] INFO  server.RaftServerConfigKeys (ConfUtils.java:logGet(46)) - raft.server.log.statemachine.data.sync.timeout = 10s (default)
2023-08-31 18:19:56,043 [14fa2eac-e184-46cf-8dd5-e89808402331-groupManagement] INFO  server.RaftServerConfigKeys (ConfUtils.java:logGet(46)) - raft.server.log.statemachine.data.sync.timeout.retry = -1 (default)
2023-08-31 18:19:56,043 [14fa2eac-e184-46cf-8dd5-e89808402331-groupManagement] INFO  server.RaftServerConfigKeys (ConfUtils.java:logGet(46)) - raft.server.log.write.buffer.size = 1048576 (custom)
2023-08-31 18:19:56,044 [14fa2eac-e184-46cf-8dd5-e89808402331-groupManagement] INFO  server.RaftServerConfigKeys (ConfUtils.java:logGet(46)) - raft.server.log.appender.buffer.byte-limit = 33554432 (custom)
2023-08-31 18:19:56,051 [14fa2eac-e184-46cf-8dd5-e89808402331-groupManagement] INFO  server.RaftServerConfigKeys (ConfUtils.java:logGet(46)) - raft.server.log.unsafe-flush.enabled = false (default)
2023-08-31 18:19:56,051 [14fa2eac-e184-46cf-8dd5-e89808402331-groupManagement] INFO  server.RaftServerConfigKeys (ConfUtils.java:logGet(46)) - raft.server.log.async-flush.enabled = false (default)
2023-08-31 18:19:56,051 [14fa2eac-e184-46cf-8dd5-e89808402331-groupManagement] INFO  server.RaftServerConfigKeys (ConfUtils.java:logGet(46)) - raft.server.log.statemachine.data.caching.enabled = true (custom)
2023-08-31 18:19:56,051 [14fa2eac-e184-46cf-8dd5-e89808402331-groupManagement] INFO  segmented.SegmentedRaftLogWorker (SegmentedRaftLogWorker.java:lambda$new$0(135)) - 14fa2eac-e184-46cf-8dd5-e89808402331@group-6D24D615B386-SegmentedRaftLogWorker: flushIndex: setUnconditionally 0 -> -1
2023-08-31 18:19:56,051 [14fa2eac-e184-46cf-8dd5-e89808402331-groupManagement] INFO  segmented.SegmentedRaftLogWorker (SegmentedRaftLogWorker.java:lambda$new$0(135)) - 14fa2eac-e184-46cf-8dd5-e89808402331@group-6D24D615B386-SegmentedRaftLogWorker: safeCacheEvictIndex: setUnconditionally 0 -> -1
2023-08-31 18:19:56,052 [14fa2eac-e184-46cf-8dd5-e89808402331-groupManagement] INFO  server.RaftServer$Division (RaftServerImpl.java:start(342)) - 14fa2eac-e184-46cf-8dd5-e89808402331@group-6D24D615B386: start as a follower, conf=-1: peers:[14fa2eac-e184-46cf-8dd5-e89808402331|rpc:10.1.0.8:15129|admin:10.1.0.8:15128|client:10.1.0.8:15127|dataStream:10.1.0.8:15130|priority:1|startupRole:FOLLOWER]|listeners:[], old=null
2023-08-31 18:19:56,052 [14fa2eac-e184-46cf-8dd5-e89808402331-groupManagement] INFO  server.RaftServer$Division (RaftServerImpl.java:setRole(329)) - 14fa2eac-e184-46cf-8dd5-e89808402331@group-6D24D615B386: changes role from      null to FOLLOWER at term 0 for startAsFollower
2023-08-31 18:19:56,052 [14fa2eac-e184-46cf-8dd5-e89808402331-groupManagement] INFO  impl.RoleInfo (RoleInfo.java:updateAndGet(139)) - 14fa2eac-e184-46cf-8dd5-e89808402331: start 14fa2eac-e184-46cf-8dd5-e89808402331@group-6D24D615B386-FollowerState
2023-08-31 18:19:56,052 [14fa2eac-e184-46cf-8dd5-e89808402331@group-6D24D615B386-FollowerState] INFO  server.RaftServerConfigKeys (ConfUtils.java:logFallback(53)) - raft.server.rpc.first-election.timeout.min = 5s (fallback to raft.server.rpc.timeout.min)
2023-08-31 18:19:56,052 [14fa2eac-e184-46cf-8dd5-e89808402331-groupManagement] INFO  util.JmxRegister (JmxRegister.java:tryRegister(44)) - Successfully registered JMX Bean with object name Ratis:service=RaftServer,group=group-6D24D615B386,id=14fa2eac-e184-46cf-8dd5-e89808402331
2023-08-31 18:19:56,052 [14fa2eac-e184-46cf-8dd5-e89808402331@group-6D24D615B386-FollowerState] INFO  server.RaftServerConfigKeys (ConfUtils.java:logFallback(53)) - raft.server.rpc.first-election.timeout.max = 5200ms (fallback to raft.server.rpc.timeout.max)
2023-08-31 18:19:56,052 [14fa2eac-e184-46cf-8dd5-e89808402331-groupManagement] INFO  server.RaftServerConfigKeys (ConfUtils.java:logGet(46)) - raft.server.snapshot.auto.trigger.enabled = true (custom)
2023-08-31 18:19:56,052 [14fa2eac-e184-46cf-8dd5-e89808402331-groupManagement] INFO  server.RaftServerConfigKeys (ConfUtils.java:logGet(46)) - raft.server.snapshot.auto.trigger.threshold = 10000 (custom)
2023-08-31 18:19:56,052 [14fa2eac-e184-46cf-8dd5-e89808402331-groupManagement] INFO  server.RaftServerConfigKeys (ConfUtils.java:logGet(46)) - raft.server.snapshot.retention.file.num = 5 (custom)
2023-08-31 18:19:56,052 [14fa2eac-e184-46cf-8dd5-e89808402331-groupManagement] INFO  server.RaftServerConfigKeys (ConfUtils.java:logGet(46)) - raft.server.log.purge.upto.snapshot.index = false (default)
2023-08-31 18:19:56,053 [PipelineCommandHandlerThread-0] INFO  ratis.XceiverServerRatis (XceiverServerRatis.java:addGroup(804)) - Created group PipelineID=541d218e-251f-4b8d-bebd-6d24d615b386
2023-08-31 18:19:56,053 [PipelineCommandHandlerThread-0] INFO  commandhandler.CreatePipelineCommandHandler (CreatePipelineCommandHandler.java:lambda$handle$2(124)) - Created Pipeline RATIS ONE PipelineID=541d218e-251f-4b8d-bebd-6d24d615b386.
2023-08-31 18:19:56,232 [main] INFO  ozone.MiniOzoneClusterImpl (MiniOzoneClusterImpl.java:lambda$waitForClusterToBeReady$0(224)) - Nodes are ready. Got 5 of 5 DN Heartbeats.
2023-08-31 18:19:56,232 [main] INFO  ozone.MiniOzoneClusterImpl (MiniOzoneClusterImpl.java:lambda$waitForClusterToBeReady$0(227)) - Waiting for cluster to exit safe mode
2023-08-31 18:19:56,232 [main] INFO  ozone.MiniOzoneClusterImpl (MiniOzoneClusterImpl.java:lambda$waitForClusterToBeReady$0(229)) - SCM became leader
2023-08-31 18:19:56,497 [PipelineCommandHandlerThread-0] INFO  server.RaftServer (RaftServerProxy.java:addNew(98)) - b680699b-c9cb-4670-83ba-783bfe62cfe5: addNew group-539240A30CFD:[b680699b-c9cb-4670-83ba-783bfe62cfe5|rpc:10.1.0.8:15138|admin:10.1.0.8:15137|client:10.1.0.8:15136|dataStream:10.1.0.8:15139|priority:1|startupRole:FOLLOWER] returns group-539240A30CFD:java.util.concurrent.CompletableFuture@286685a0[Not completed]
2023-08-31 18:19:56,498 [b680699b-c9cb-4670-83ba-783bfe62cfe5-groupManagement] INFO  server.RaftServer$Division (RaftServerImpl.java:<init>(198)) - b680699b-c9cb-4670-83ba-783bfe62cfe5: new RaftServerImpl for group-539240A30CFD:[b680699b-c9cb-4670-83ba-783bfe62cfe5|rpc:10.1.0.8:15138|admin:10.1.0.8:15137|client:10.1.0.8:15136|dataStream:10.1.0.8:15139|priority:1|startupRole:FOLLOWER] with ContainerStateMachine:uninitialized
2023-08-31 18:19:56,499 [b680699b-c9cb-4670-83ba-783bfe62cfe5-groupManagement] INFO  server.RaftServerConfigKeys (ConfUtils.java:logGet(46)) - raft.server.rpc.timeout.min = 5s (custom)
2023-08-31 18:19:56,499 [b680699b-c9cb-4670-83ba-783bfe62cfe5-groupManagement] INFO  server.RaftServerConfigKeys (ConfUtils.java:logGet(46)) - raft.server.rpc.timeout.max = 5200ms (custom)
2023-08-31 18:19:56,499 [b680699b-c9cb-4670-83ba-783bfe62cfe5-groupManagement] INFO  server.RaftServerConfigKeys (ConfUtils.java:logGet(46)) - raft.server.rpc.sleep.time = 25ms (default)
2023-08-31 18:19:56,499 [b680699b-c9cb-4670-83ba-783bfe62cfe5-groupManagement] INFO  server.RaftServerConfigKeys (ConfUtils.java:logGet(46)) - raft.server.rpc.slowness.timeout = 300s (custom)
2023-08-31 18:19:56,499 [b680699b-c9cb-4670-83ba-783bfe62cfe5-groupManagement] INFO  server.RaftServerConfigKeys (ConfUtils.java:logGet(46)) - raft.server.leaderelection.leader.step-down.wait-time = 10s (default)
2023-08-31 18:19:56,499 [b680699b-c9cb-4670-83ba-783bfe62cfe5-groupManagement] INFO  server.RaftServerConfigKeys (ConfUtils.java:logGet(46)) - raft.server.sleep.deviation.threshold = 300ms (default)
2023-08-31 18:19:56,499 [b680699b-c9cb-4670-83ba-783bfe62cfe5-groupManagement] INFO  server.RaftServer$Division (ServerState.java:<init>(120)) - b680699b-c9cb-4670-83ba-783bfe62cfe5@group-539240A30CFD: ConfigurationManager, init=-1: peers:[b680699b-c9cb-4670-83ba-783bfe62cfe5|rpc:10.1.0.8:15138|admin:10.1.0.8:15137|client:10.1.0.8:15136|dataStream:10.1.0.8:15139|priority:1|startupRole:FOLLOWER]|listeners:[], old=null, confs=<EMPTY_MAP>
2023-08-31 18:19:56,499 [b680699b-c9cb-4670-83ba-783bfe62cfe5-groupManagement] INFO  server.RaftServerConfigKeys (ConfUtils.java:logGet(46)) - raft.server.storage.dir = [/home/runner/work/ozone/ozone/hadoop-ozone/integration-test/target/test-dir/MiniOzoneClusterImpl-03cba653-44d0-43b4-bc0f-a7205d2183ff/datanode-2/data/ratis] (custom)
2023-08-31 18:19:56,500 [b680699b-c9cb-4670-83ba-783bfe62cfe5-groupManagement] INFO  server.RaftServerConfigKeys (ConfUtils.java:logGet(46)) - raft.server.log.corruption.policy = EXCEPTION (default)
2023-08-31 18:19:56,500 [b680699b-c9cb-4670-83ba-783bfe62cfe5-groupManagement] INFO  server.RaftServerConfigKeys (ConfUtils.java:logGet(46)) - raft.server.storage.free-space.min = 0MB (=0) (default)
2023-08-31 18:19:56,500 [b680699b-c9cb-4670-83ba-783bfe62cfe5-groupManagement] INFO  server.RaftServerConfigKeys (ConfUtils.java:logGet(46)) - raft.server.notification.no-leader.timeout = 300s (custom)
2023-08-31 18:19:56,500 [b680699b-c9cb-4670-83ba-783bfe62cfe5-groupManagement] INFO  server.RaftServerConfigKeys (ConfUtils.java:logGet(46)) - raft.server.read.timeout = 10s (default)
2023-08-31 18:19:56,500 [b680699b-c9cb-4670-83ba-783bfe62cfe5-groupManagement] INFO  server.RaftServerConfigKeys (ConfUtils.java:logGet(46)) - raft.server.retrycache.expirytime = 600000ms (custom)
2023-08-31 18:19:56,500 [b680699b-c9cb-4670-83ba-783bfe62cfe5-groupManagement] INFO  server.RaftServerConfigKeys (ConfUtils.java:logGet(46)) - raft.server.retrycache.statistics.expirytime = 100μs (default)
2023-08-31 18:19:56,500 [b680699b-c9cb-4670-83ba-783bfe62cfe5-groupManagement] INFO  server.RaftServerConfigKeys (ConfUtils.java:logGet(46)) - raft.server.read.option = DEFAULT (default)
2023-08-31 18:19:56,501 [b680699b-c9cb-4670-83ba-783bfe62cfe5-groupManagement] INFO  server.RaftServerConfigKeys (ConfUtils.java:logGet(46)) - raft.server.rpc.request.timeout = 60s (custom)
2023-08-31 18:19:56,501 [b680699b-c9cb-4670-83ba-783bfe62cfe5-groupManagement] INFO  server.RaftServerConfigKeys (ConfUtils.java:logGet(46)) - raft.server.log.appender.install.snapshot.enabled = false (custom)
2023-08-31 18:19:56,501 [b680699b-c9cb-4670-83ba-783bfe62cfe5-groupManagement] INFO  server.RaftServerConfigKeys (ConfUtils.java:logGet(46)) - raft.server.threadpool.server.cached = true (default)
2023-08-31 18:19:56,501 [b680699b-c9cb-4670-83ba-783bfe62cfe5-groupManagement] INFO  server.RaftServerConfigKeys (ConfUtils.java:logGet(46)) - raft.server.threadpool.server.size = 0 (default)
2023-08-31 18:19:56,501 [b680699b-c9cb-4670-83ba-783bfe62cfe5-groupManagement] INFO  server.RaftServerConfigKeys (ConfUtils.java:logGet(46)) - raft.server.threadpool.client.cached = true (default)
2023-08-31 18:19:56,501 [b680699b-c9cb-4670-83ba-783bfe62cfe5-groupManagement] INFO  server.RaftServerConfigKeys (ConfUtils.java:logGet(46)) - raft.server.threadpool.client.size = 0 (default)
2023-08-31 18:19:56,501 [b680699b-c9cb-4670-83ba-783bfe62cfe5-groupManagement] INFO  storage.RaftStorageDirectory (RaftStorageDirectoryImpl.java:analyzeStorage(137)) - The storage directory /home/runner/work/ozone/ozone/hadoop-ozone/integration-test/target/test-dir/MiniOzoneClusterImpl-03cba653-44d0-43b4-bc0f-a7205d2183ff/datanode-2/data/ratis/b3d1e814-7026-49a3-a959-539240a30cfd does not exist. Creating ...
2023-08-31 18:19:56,503 [b680699b-c9cb-4670-83ba-783bfe62cfe5-groupManagement] INFO  storage.RaftStorageDirectory (RaftStorageDirectoryImpl.java:tryLock(231)) - Lock on /home/runner/work/ozone/ozone/hadoop-ozone/integration-test/target/test-dir/MiniOzoneClusterImpl-03cba653-44d0-43b4-bc0f-a7205d2183ff/datanode-2/data/ratis/b3d1e814-7026-49a3-a959-539240a30cfd/in_use.lock acquired by nodename 61743@fv-az1129-899
2023-08-31 18:19:56,505 [b680699b-c9cb-4670-83ba-783bfe62cfe5-groupManagement] INFO  storage.RaftStorage (RaftStorageImpl.java:format(96)) - Storage directory /home/runner/work/ozone/ozone/hadoop-ozone/integration-test/target/test-dir/MiniOzoneClusterImpl-03cba653-44d0-43b4-bc0f-a7205d2183ff/datanode-2/data/ratis/b3d1e814-7026-49a3-a959-539240a30cfd has been successfully formatted.
2023-08-31 18:19:56,506 [b680699b-c9cb-4670-83ba-783bfe62cfe5-groupManagement] INFO  ratis.ContainerStateMachine (ContainerStateMachine.java:loadSnapshot(262)) - group-539240A30CFD: The snapshot info is null. Setting the last applied indexto:(t:0, i:~)
2023-08-31 18:19:56,506 [b680699b-c9cb-4670-83ba-783bfe62cfe5-groupManagement] INFO  server.RaftServerConfigKeys (ConfUtils.java:logGet(46)) - raft.server.log.use.memory = false (default)
2023-08-31 18:19:56,506 [b680699b-c9cb-4670-83ba-783bfe62cfe5-groupManagement] INFO  server.RaftServerConfigKeys (ConfUtils.java:logGet(46)) - raft.server.log.purge.gap = 1000000 (custom)
2023-08-31 18:19:56,506 [b680699b-c9cb-4670-83ba-783bfe62cfe5-groupManagement] INFO  server.RaftServerConfigKeys (ConfUtils.java:logGet(46)) - raft.server.log.appender.buffer.byte-limit = 33554432 (custom)
2023-08-31 18:19:56,507 [b680699b-c9cb-4670-83ba-783bfe62cfe5-groupManagement] INFO  server.RaftServerConfigKeys (ConfUtils.java:logGet(46)) - raft.server.log.statemachine.data.read.timeout = 1000ms (default)
2023-08-31 18:19:56,507 [b680699b-c9cb-4670-83ba-783bfe62cfe5-groupManagement] INFO  server.RaftServerConfigKeys (ConfUtils.java:logGet(46)) - raft.server.log.purge.preservation.log.num = 0 (default)
2023-08-31 18:19:56,507 [b680699b-c9cb-4670-83ba-783bfe62cfe5-groupManagement] INFO  server.RaftServerConfigKeys (ConfUtils.java:logGet(46)) - raft.server.log.segment.size.max = 1048576 (custom)
2023-08-31 18:19:56,507 [b680699b-c9cb-4670-83ba-783bfe62cfe5-groupManagement] INFO  server.RaftServerConfigKeys (ConfUtils.java:logGet(46)) - raft.server.log.segment.cache.num.max = 2 (custom)
2023-08-31 18:19:56,507 [b680699b-c9cb-4670-83ba-783bfe62cfe5-groupManagement] INFO  server.RaftServerConfigKeys (ConfUtils.java:logGet(46)) - raft.server.log.segment.cache.size.max = 200MB (=209715200) (default)
2023-08-31 18:19:56,507 [b680699b-c9cb-4670-83ba-783bfe62cfe5-groupManagement] INFO  server.RaftServerConfigKeys (ConfUtils.java:logGet(46)) - raft.server.log.appender.buffer.byte-limit = 33554432 (custom)
2023-08-31 18:19:56,507 [b680699b-c9cb-4670-83ba-783bfe62cfe5-groupManagement] INFO  segmented.SegmentedRaftLogWorker (SegmentedRaftLogWorker.java:<init>(188)) - new b680699b-c9cb-4670-83ba-783bfe62cfe5@group-539240A30CFD-SegmentedRaftLogWorker for RaftStorageImpl:Storage Directory /home/runner/work/ozone/ozone/hadoop-ozone/integration-test/target/test-dir/MiniOzoneClusterImpl-03cba653-44d0-43b4-bc0f-a7205d2183ff/datanode-2/data/ratis/b3d1e814-7026-49a3-a959-539240a30cfd
2023-08-31 18:19:56,507 [b680699b-c9cb-4670-83ba-783bfe62cfe5-groupManagement] INFO  server.RaftServerConfigKeys (ConfUtils.java:logGet(46)) - raft.server.log.queue.byte-limit = 4294967296 (custom)
2023-08-31 18:19:56,507 [EventQueue-PipelineReportForPipelineReportHandler] INFO  pipeline.PipelineReportHandler (PipelineReportHandler.java:processPipelineReport(136)) - Opened pipeline PipelineID=b3d1e814-7026-49a3-a959-539240a30cfd
2023-08-31 18:19:56,507 [b680699b-c9cb-4670-83ba-783bfe62cfe5-groupManagement] INFO  server.RaftServerConfigKeys (ConfUtils.java:logGet(46)) - raft.server.log.queue.element-limit = 1024 (custom)
2023-08-31 18:19:56,508 [b680699b-c9cb-4670-83ba-783bfe62cfe5-groupManagement] INFO  server.RaftServerConfigKeys (ConfUtils.java:logGet(46)) - raft.server.log.segment.size.max = 1048576 (custom)
2023-08-31 18:19:56,508 [b680699b-c9cb-4670-83ba-783bfe62cfe5-groupManagement] INFO  server.RaftServerConfigKeys (ConfUtils.java:logGet(46)) - raft.server.log.preallocated.size = 16384 (custom)
2023-08-31 18:19:56,508 [b680699b-c9cb-4670-83ba-783bfe62cfe5-groupManagement] INFO  server.RaftServerConfigKeys (ConfUtils.java:logGet(46)) - raft.server.log.force.sync.num = 128 (default)
2023-08-31 18:19:56,508 [EventQueue-OpenPipelineForHealthyPipelineSafeModeRule] INFO  safemode.SCMSafeModeManager (HealthyPipelineSafeModeRule.java:process(137)) - SCM in safe mode. Healthy pipelines reported count is 0, required healthy pipeline reported count is 1
2023-08-31 18:19:56,508 [b680699b-c9cb-4670-83ba-783bfe62cfe5-groupManagement] INFO  server.RaftServerConfigKeys (ConfUtils.java:logGet(46)) - raft.server.log.statemachine.data.sync = true (default)
2023-08-31 18:19:56,508 [b680699b-c9cb-4670-83ba-783bfe62cfe5-groupManagement] INFO  server.RaftServerConfigKeys (ConfUtils.java:logGet(46)) - raft.server.log.statemachine.data.sync.timeout = 10s (default)
2023-08-31 18:19:56,508 [b680699b-c9cb-4670-83ba-783bfe62cfe5-groupManagement] INFO  server.RaftServerConfigKeys (ConfUtils.java:logGet(46)) - raft.server.log.statemachine.data.sync.timeout.retry = -1 (default)
2023-08-31 18:19:56,509 [b680699b-c9cb-4670-83ba-783bfe62cfe5-groupManagement] INFO  server.RaftServerConfigKeys (ConfUtils.java:logGet(46)) - raft.server.log.write.buffer.size = 1048576 (custom)
2023-08-31 18:19:56,509 [b680699b-c9cb-4670-83ba-783bfe62cfe5-groupManagement] INFO  server.RaftServerConfigKeys (ConfUtils.java:logGet(46)) - raft.server.log.appender.buffer.byte-limit = 33554432 (custom)
2023-08-31 18:19:56,518 [b680699b-c9cb-4670-83ba-783bfe62cfe5-groupManagement] INFO  server.RaftServerConfigKeys (ConfUtils.java:logGet(46)) - raft.server.log.unsafe-flush.enabled = false (default)
2023-08-31 18:19:56,518 [b680699b-c9cb-4670-83ba-783bfe62cfe5-groupManagement] INFO  server.RaftServerConfigKeys (ConfUtils.java:logGet(46)) - raft.server.log.async-flush.enabled = false (default)
2023-08-31 18:19:56,518 [b680699b-c9cb-4670-83ba-783bfe62cfe5-groupManagement] INFO  server.RaftServerConfigKeys (ConfUtils.java:logGet(46)) - raft.server.log.statemachine.data.caching.enabled = true (custom)
2023-08-31 18:19:56,518 [b680699b-c9cb-4670-83ba-783bfe62cfe5-groupManagement] INFO  segmented.SegmentedRaftLogWorker (SegmentedRaftLogWorker.java:lambda$new$0(135)) - b680699b-c9cb-4670-83ba-783bfe62cfe5@group-539240A30CFD-SegmentedRaftLogWorker: flushIndex: setUnconditionally 0 -> -1
2023-08-31 18:19:56,518 [b680699b-c9cb-4670-83ba-783bfe62cfe5-groupManagement] INFO  segmented.SegmentedRaftLogWorker (SegmentedRaftLogWorker.java:lambda$new$0(135)) - b680699b-c9cb-4670-83ba-783bfe62cfe5@group-539240A30CFD-SegmentedRaftLogWorker: safeCacheEvictIndex: setUnconditionally 0 -> -1
2023-08-31 18:19:56,518 [b680699b-c9cb-4670-83ba-783bfe62cfe5-groupManagement] INFO  server.RaftServer$Division (RaftServerImpl.java:start(342)) - b680699b-c9cb-4670-83ba-783bfe62cfe5@group-539240A30CFD: start as a follower, conf=-1: peers:[b680699b-c9cb-4670-83ba-783bfe62cfe5|rpc:10.1.0.8:15138|admin:10.1.0.8:15137|client:10.1.0.8:15136|dataStream:10.1.0.8:15139|priority:1|startupRole:FOLLOWER]|listeners:[], old=null
2023-08-31 18:19:56,518 [b680699b-c9cb-4670-83ba-783bfe62cfe5-groupManagement] INFO  server.RaftServer$Division (RaftServerImpl.java:setRole(329)) - b680699b-c9cb-4670-83ba-783bfe62cfe5@group-539240A30CFD: changes role from      null to FOLLOWER at term 0 for startAsFollower
2023-08-31 18:19:56,519 [b680699b-c9cb-4670-83ba-783bfe62cfe5-groupManagement] INFO  impl.RoleInfo (RoleInfo.java:updateAndGet(139)) - b680699b-c9cb-4670-83ba-783bfe62cfe5: start b680699b-c9cb-4670-83ba-783bfe62cfe5@group-539240A30CFD-FollowerState
2023-08-31 18:19:56,519 [b680699b-c9cb-4670-83ba-783bfe62cfe5@group-539240A30CFD-FollowerState] INFO  server.RaftServerConfigKeys (ConfUtils.java:logFallback(53)) - raft.server.rpc.first-election.timeout.min = 5s (fallback to raft.server.rpc.timeout.min)
2023-08-31 18:19:56,519 [b680699b-c9cb-4670-83ba-783bfe62cfe5-groupManagement] INFO  util.JmxRegister (JmxRegister.java:tryRegister(44)) - Successfully registered JMX Bean with object name Ratis:service=RaftServer,group=group-539240A30CFD,id=b680699b-c9cb-4670-83ba-783bfe62cfe5
2023-08-31 18:19:56,519 [b680699b-c9cb-4670-83ba-783bfe62cfe5@group-539240A30CFD-FollowerState] INFO  server.RaftServerConfigKeys (ConfUtils.java:logFallback(53)) - raft.server.rpc.first-election.timeout.max = 5200ms (fallback to raft.server.rpc.timeout.max)
2023-08-31 18:19:56,519 [b680699b-c9cb-4670-83ba-783bfe62cfe5-groupManagement] INFO  server.RaftServerConfigKeys (ConfUtils.java:logGet(46)) - raft.server.snapshot.auto.trigger.enabled = true (custom)
2023-08-31 18:19:56,519 [b680699b-c9cb-4670-83ba-783bfe62cfe5-groupManagement] INFO  server.RaftServerConfigKeys (ConfUtils.java:logGet(46)) - raft.server.snapshot.auto.trigger.threshold = 10000 (custom)
2023-08-31 18:19:56,519 [b680699b-c9cb-4670-83ba-783bfe62cfe5-groupManagement] INFO  server.RaftServerConfigKeys (ConfUtils.java:logGet(46)) - raft.server.snapshot.retention.file.num = 5 (custom)
2023-08-31 18:19:56,519 [b680699b-c9cb-4670-83ba-783bfe62cfe5-groupManagement] INFO  server.RaftServerConfigKeys (ConfUtils.java:logGet(46)) - raft.server.log.purge.upto.snapshot.index = false (default)
2023-08-31 18:19:56,520 [PipelineCommandHandlerThread-0] INFO  ratis.XceiverServerRatis (XceiverServerRatis.java:addGroup(804)) - Created group PipelineID=b3d1e814-7026-49a3-a959-539240a30cfd
2023-08-31 18:19:56,520 [PipelineCommandHandlerThread-0] INFO  commandhandler.CreatePipelineCommandHandler (CreatePipelineCommandHandler.java:lambda$handle$2(124)) - Created Pipeline RATIS ONE PipelineID=b3d1e814-7026-49a3-a959-539240a30cfd.
2023-08-31 18:19:56,871 [PipelineCommandHandlerThread-0] INFO  server.RaftServer (RaftServerProxy.java:addNew(98)) - 431b9c6f-d536-4d0f-be3d-601c32ccf3d0: addNew group-82B196D09914:[431b9c6f-d536-4d0f-be3d-601c32ccf3d0|rpc:10.1.0.8:15147|admin:10.1.0.8:15146|client:10.1.0.8:15145|dataStream:10.1.0.8:15148|priority:1|startupRole:FOLLOWER] returns group-82B196D09914:java.util.concurrent.CompletableFuture@bea6221[Not completed]
2023-08-31 18:19:56,872 [431b9c6f-d536-4d0f-be3d-601c32ccf3d0-groupManagement] INFO  server.RaftServer$Division (RaftServerImpl.java:<init>(198)) - 431b9c6f-d536-4d0f-be3d-601c32ccf3d0: new RaftServerImpl for group-82B196D09914:[431b9c6f-d536-4d0f-be3d-601c32ccf3d0|rpc:10.1.0.8:15147|admin:10.1.0.8:15146|client:10.1.0.8:15145|dataStream:10.1.0.8:15148|priority:1|startupRole:FOLLOWER] with ContainerStateMachine:uninitialized
2023-08-31 18:19:56,873 [431b9c6f-d536-4d0f-be3d-601c32ccf3d0-groupManagement] INFO  server.RaftServerConfigKeys (ConfUtils.java:logGet(46)) - raft.server.rpc.timeout.min = 5s (custom)
2023-08-31 18:19:56,873 [431b9c6f-d536-4d0f-be3d-601c32ccf3d0-groupManagement] INFO  server.RaftServerConfigKeys (ConfUtils.java:logGet(46)) - raft.server.rpc.timeout.max = 5200ms (custom)
2023-08-31 18:19:56,873 [431b9c6f-d536-4d0f-be3d-601c32ccf3d0-groupManagement] INFO  server.RaftServerConfigKeys (ConfUtils.java:logGet(46)) - raft.server.rpc.sleep.time = 25ms (default)
2023-08-31 18:19:56,873 [431b9c6f-d536-4d0f-be3d-601c32ccf3d0-groupManagement] INFO  server.RaftServerConfigKeys (ConfUtils.java:logGet(46)) - raft.server.rpc.slowness.timeout = 300s (custom)
2023-08-31 18:19:56,873 [431b9c6f-d536-4d0f-be3d-601c32ccf3d0-groupManagement] INFO  server.RaftServerConfigKeys (ConfUtils.java:logGet(46)) - raft.server.leaderelection.leader.step-down.wait-time = 10s (default)
2023-08-31 18:19:56,873 [431b9c6f-d536-4d0f-be3d-601c32ccf3d0-groupManagement] INFO  server.RaftServerConfigKeys (ConfUtils.java:logGet(46)) - raft.server.sleep.deviation.threshold = 300ms (default)
2023-08-31 18:19:56,873 [431b9c6f-d536-4d0f-be3d-601c32ccf3d0-groupManagement] INFO  server.RaftServer$Division (ServerState.java:<init>(120)) - 431b9c6f-d536-4d0f-be3d-601c32ccf3d0@group-82B196D09914: ConfigurationManager, init=-1: peers:[431b9c6f-d536-4d0f-be3d-601c32ccf3d0|rpc:10.1.0.8:15147|admin:10.1.0.8:15146|client:10.1.0.8:15145|dataStream:10.1.0.8:15148|priority:1|startupRole:FOLLOWER]|listeners:[], old=null, confs=<EMPTY_MAP>
2023-08-31 18:19:56,873 [431b9c6f-d536-4d0f-be3d-601c32ccf3d0-groupManagement] INFO  server.RaftServerConfigKeys (ConfUtils.java:logGet(46)) - raft.server.storage.dir = [/home/runner/work/ozone/ozone/hadoop-ozone/integration-test/target/test-dir/MiniOzoneClusterImpl-03cba653-44d0-43b4-bc0f-a7205d2183ff/datanode-3/data/ratis] (custom)
2023-08-31 18:19:56,873 [431b9c6f-d536-4d0f-be3d-601c32ccf3d0-groupManagement] INFO  server.RaftServerConfigKeys (ConfUtils.java:logGet(46)) - raft.server.log.corruption.policy = EXCEPTION (default)
2023-08-31 18:19:56,873 [431b9c6f-d536-4d0f-be3d-601c32ccf3d0-groupManagement] INFO  server.RaftServerConfigKeys (ConfUtils.java:logGet(46)) - raft.server.storage.free-space.min = 0MB (=0) (default)
2023-08-31 18:19:56,874 [431b9c6f-d536-4d0f-be3d-601c32ccf3d0-groupManagement] INFO  server.RaftServerConfigKeys (ConfUtils.java:logGet(46)) - raft.server.notification.no-leader.timeout = 300s (custom)
2023-08-31 18:19:56,874 [431b9c6f-d536-4d0f-be3d-601c32ccf3d0-groupManagement] INFO  server.RaftServerConfigKeys (ConfUtils.java:logGet(46)) - raft.server.read.timeout = 10s (default)
2023-08-31 18:19:56,874 [431b9c6f-d536-4d0f-be3d-601c32ccf3d0-groupManagement] INFO  server.RaftServerConfigKeys (ConfUtils.java:logGet(46)) - raft.server.retrycache.expirytime = 600000ms (custom)
2023-08-31 18:19:56,874 [431b9c6f-d536-4d0f-be3d-601c32ccf3d0-groupManagement] INFO  server.RaftServerConfigKeys (ConfUtils.java:logGet(46)) - raft.server.retrycache.statistics.expirytime = 100μs (default)
2023-08-31 18:19:56,874 [431b9c6f-d536-4d0f-be3d-601c32ccf3d0-groupManagement] INFO  server.RaftServerConfigKeys (ConfUtils.java:logGet(46)) - raft.server.read.option = DEFAULT (default)
2023-08-31 18:19:56,875 [431b9c6f-d536-4d0f-be3d-601c32ccf3d0-groupManagement] INFO  server.RaftServerConfigKeys (ConfUtils.java:logGet(46)) - raft.server.rpc.request.timeout = 60s (custom)
2023-08-31 18:19:56,875 [431b9c6f-d536-4d0f-be3d-601c32ccf3d0-groupManagement] INFO  server.RaftServerConfigKeys (ConfUtils.java:logGet(46)) - raft.server.log.appender.install.snapshot.enabled = false (custom)
2023-08-31 18:19:56,875 [431b9c6f-d536-4d0f-be3d-601c32ccf3d0-groupManagement] INFO  server.RaftServerConfigKeys (ConfUtils.java:logGet(46)) - raft.server.threadpool.server.cached = true (default)
2023-08-31 18:19:56,875 [431b9c6f-d536-4d0f-be3d-601c32ccf3d0-groupManagement] INFO  server.RaftServerConfigKeys (ConfUtils.java:logGet(46)) - raft.server.threadpool.server.size = 0 (default)
2023-08-31 18:19:56,875 [431b9c6f-d536-4d0f-be3d-601c32ccf3d0-groupManagement] INFO  server.RaftServerConfigKeys (ConfUtils.java:logGet(46)) - raft.server.threadpool.client.cached = true (default)
2023-08-31 18:19:56,875 [431b9c6f-d536-4d0f-be3d-601c32ccf3d0-groupManagement] INFO  server.RaftServerConfigKeys (ConfUtils.java:logGet(46)) - raft.server.threadpool.client.size = 0 (default)
2023-08-31 18:19:56,875 [431b9c6f-d536-4d0f-be3d-601c32ccf3d0-groupManagement] INFO  storage.RaftStorageDirectory (RaftStorageDirectoryImpl.java:analyzeStorage(137)) - The storage directory /home/runner/work/ozone/ozone/hadoop-ozone/integration-test/target/test-dir/MiniOzoneClusterImpl-03cba653-44d0-43b4-bc0f-a7205d2183ff/datanode-3/data/ratis/f96faf6d-083e-49ee-a83a-82b196d09914 does not exist. Creating ...
2023-08-31 18:19:56,877 [431b9c6f-d536-4d0f-be3d-601c32ccf3d0-groupManagement] INFO  storage.RaftStorageDirectory (RaftStorageDirectoryImpl.java:tryLock(231)) - Lock on /home/runner/work/ozone/ozone/hadoop-ozone/integration-test/target/test-dir/MiniOzoneClusterImpl-03cba653-44d0-43b4-bc0f-a7205d2183ff/datanode-3/data/ratis/f96faf6d-083e-49ee-a83a-82b196d09914/in_use.lock acquired by nodename 61743@fv-az1129-899
2023-08-31 18:19:56,879 [431b9c6f-d536-4d0f-be3d-601c32ccf3d0-groupManagement] INFO  storage.RaftStorage (RaftStorageImpl.java:format(96)) - Storage directory /home/runner/work/ozone/ozone/hadoop-ozone/integration-test/target/test-dir/MiniOzoneClusterImpl-03cba653-44d0-43b4-bc0f-a7205d2183ff/datanode-3/data/ratis/f96faf6d-083e-49ee-a83a-82b196d09914 has been successfully formatted.
2023-08-31 18:19:56,880 [431b9c6f-d536-4d0f-be3d-601c32ccf3d0-groupManagement] INFO  ratis.ContainerStateMachine (ContainerStateMachine.java:loadSnapshot(262)) - group-82B196D09914: The snapshot info is null. Setting the last applied indexto:(t:0, i:~)
2023-08-31 18:19:56,880 [431b9c6f-d536-4d0f-be3d-601c32ccf3d0-groupManagement] INFO  server.RaftServerConfigKeys (ConfUtils.java:logGet(46)) - raft.server.log.use.memory = false (default)
2023-08-31 18:19:56,880 [431b9c6f-d536-4d0f-be3d-601c32ccf3d0-groupManagement] INFO  server.RaftServerConfigKeys (ConfUtils.java:logGet(46)) - raft.server.log.purge.gap = 1000000 (custom)
2023-08-31 18:19:56,881 [431b9c6f-d536-4d0f-be3d-601c32ccf3d0-groupManagement] INFO  server.RaftServerConfigKeys (ConfUtils.java:logGet(46)) - raft.server.log.appender.buffer.byte-limit = 33554432 (custom)
2023-08-31 18:19:56,881 [431b9c6f-d536-4d0f-be3d-601c32ccf3d0-groupManagement] INFO  server.RaftServerConfigKeys (ConfUtils.java:logGet(46)) - raft.server.log.statemachine.data.read.timeout = 1000ms (default)
2023-08-31 18:19:56,881 [431b9c6f-d536-4d0f-be3d-601c32ccf3d0-groupManagement] INFO  server.RaftServerConfigKeys (ConfUtils.java:logGet(46)) - raft.server.log.purge.preservation.log.num = 0 (default)
2023-08-31 18:19:56,882 [431b9c6f-d536-4d0f-be3d-601c32ccf3d0-groupManagement] INFO  server.RaftServerConfigKeys (ConfUtils.java:logGet(46)) - raft.server.log.segment.size.max = 1048576 (custom)
2023-08-31 18:19:56,882 [EventQueue-PipelineReportForPipelineReportHandler] INFO  pipeline.PipelineReportHandler (PipelineReportHandler.java:processPipelineReport(136)) - Opened pipeline PipelineID=f96faf6d-083e-49ee-a83a-82b196d09914
2023-08-31 18:19:56,882 [431b9c6f-d536-4d0f-be3d-601c32ccf3d0-groupManagement] INFO  server.RaftServerConfigKeys (ConfUtils.java:logGet(46)) - raft.server.log.segment.cache.num.max = 2 (custom)
2023-08-31 18:19:56,882 [431b9c6f-d536-4d0f-be3d-601c32ccf3d0-groupManagement] INFO  server.RaftServerConfigKeys (ConfUtils.java:logGet(46)) - raft.server.log.segment.cache.size.max = 200MB (=209715200) (default)
2023-08-31 18:19:56,882 [431b9c6f-d536-4d0f-be3d-601c32ccf3d0-groupManagement] INFO  server.RaftServerConfigKeys (ConfUtils.java:logGet(46)) - raft.server.log.appender.buffer.byte-limit = 33554432 (custom)
2023-08-31 18:19:56,882 [431b9c6f-d536-4d0f-be3d-601c32ccf3d0-groupManagement] INFO  segmented.SegmentedRaftLogWorker (SegmentedRaftLogWorker.java:<init>(188)) - new 431b9c6f-d536-4d0f-be3d-601c32ccf3d0@group-82B196D09914-SegmentedRaftLogWorker for RaftStorageImpl:Storage Directory /home/runner/work/ozone/ozone/hadoop-ozone/integration-test/target/test-dir/MiniOzoneClusterImpl-03cba653-44d0-43b4-bc0f-a7205d2183ff/datanode-3/data/ratis/f96faf6d-083e-49ee-a83a-82b196d09914
2023-08-31 18:19:56,882 [431b9c6f-d536-4d0f-be3d-601c32ccf3d0-groupManagement] INFO  server.RaftServerConfigKeys (ConfUtils.java:logGet(46)) - raft.server.log.queue.byte-limit = 4294967296 (custom)
2023-08-31 18:19:56,882 [431b9c6f-d536-4d0f-be3d-601c32ccf3d0-groupManagement] INFO  server.RaftServerConfigKeys (ConfUtils.java:logGet(46)) - raft.server.log.queue.element-limit = 1024 (custom)
2023-08-31 18:19:56,882 [431b9c6f-d536-4d0f-be3d-601c32ccf3d0-groupManagement] INFO  server.RaftServerConfigKeys (ConfUtils.java:logGet(46)) - raft.server.log.segment.size.max = 1048576 (custom)
2023-08-31 18:19:56,882 [431b9c6f-d536-4d0f-be3d-601c32ccf3d0-groupManagement] INFO  server.RaftServerConfigKeys (ConfUtils.java:logGet(46)) - raft.server.log.preallocated.size = 16384 (custom)
2023-08-31 18:19:56,882 [431b9c6f-d536-4d0f-be3d-601c32ccf3d0-groupManagement] INFO  server.RaftServerConfigKeys (ConfUtils.java:logGet(46)) - raft.server.log.force.sync.num = 128 (default)
2023-08-31 18:19:56,882 [431b9c6f-d536-4d0f-be3d-601c32ccf3d0-groupManagement] INFO  server.RaftServerConfigKeys (ConfUtils.java:logGet(46)) - raft.server.log.statemachine.data.sync = true (default)
2023-08-31 18:19:56,882 [431b9c6f-d536-4d0f-be3d-601c32ccf3d0-groupManagement] INFO  server.RaftServerConfigKeys (ConfUtils.java:logGet(46)) - raft.server.log.statemachine.data.sync.timeout = 10s (default)
2023-08-31 18:19:56,882 [431b9c6f-d536-4d0f-be3d-601c32ccf3d0-groupManagement] INFO  server.RaftServerConfigKeys (ConfUtils.java:logGet(46)) - raft.server.log.statemachine.data.sync.timeout.retry = -1 (default)
2023-08-31 18:19:56,883 [431b9c6f-d536-4d0f-be3d-601c32ccf3d0-groupManagement] INFO  server.RaftServerConfigKeys (ConfUtils.java:logGet(46)) - raft.server.log.write.buffer.size = 1048576 (custom)
2023-08-31 18:19:56,883 [431b9c6f-d536-4d0f-be3d-601c32ccf3d0-groupManagement] INFO  server.RaftServerConfigKeys (ConfUtils.java:logGet(46)) - raft.server.log.appender.buffer.byte-limit = 33554432 (custom)
2023-08-31 18:19:56,884 [EventQueue-OpenPipelineForHealthyPipelineSafeModeRule] INFO  safemode.SCMSafeModeManager (HealthyPipelineSafeModeRule.java:process(137)) - SCM in safe mode. Healthy pipelines reported count is 0, required healthy pipeline reported count is 1
2023-08-31 18:19:56,890 [431b9c6f-d536-4d0f-be3d-601c32ccf3d0-groupManagement] INFO  server.RaftServerConfigKeys (ConfUtils.java:logGet(46)) - raft.server.log.unsafe-flush.enabled = false (default)
2023-08-31 18:19:56,890 [431b9c6f-d536-4d0f-be3d-601c32ccf3d0-groupManagement] INFO  server.RaftServerConfigKeys (ConfUtils.java:logGet(46)) - raft.server.log.async-flush.enabled = false (default)
2023-08-31 18:19:56,890 [431b9c6f-d536-4d0f-be3d-601c32ccf3d0-groupManagement] INFO  server.RaftServerConfigKeys (ConfUtils.java:logGet(46)) - raft.server.log.statemachine.data.caching.enabled = true (custom)
2023-08-31 18:19:56,890 [431b9c6f-d536-4d0f-be3d-601c32ccf3d0-groupManagement] INFO  segmented.SegmentedRaftLogWorker (SegmentedRaftLogWorker.java:lambda$new$0(135)) - 431b9c6f-d536-4d0f-be3d-601c32ccf3d0@group-82B196D09914-SegmentedRaftLogWorker: flushIndex: setUnconditionally 0 -> -1
2023-08-31 18:19:56,890 [431b9c6f-d536-4d0f-be3d-601c32ccf3d0-groupManagement] INFO  segmented.SegmentedRaftLogWorker (SegmentedRaftLogWorker.java:lambda$new$0(135)) - 431b9c6f-d536-4d0f-be3d-601c32ccf3d0@group-82B196D09914-SegmentedRaftLogWorker: safeCacheEvictIndex: setUnconditionally 0 -> -1
2023-08-31 18:19:56,891 [431b9c6f-d536-4d0f-be3d-601c32ccf3d0-groupManagement] INFO  server.RaftServer$Division (RaftServerImpl.java:start(342)) - 431b9c6f-d536-4d0f-be3d-601c32ccf3d0@group-82B196D09914: start as a follower, conf=-1: peers:[431b9c6f-d536-4d0f-be3d-601c32ccf3d0|rpc:10.1.0.8:15147|admin:10.1.0.8:15146|client:10.1.0.8:15145|dataStream:10.1.0.8:15148|priority:1|startupRole:FOLLOWER]|listeners:[], old=null
2023-08-31 18:19:56,891 [431b9c6f-d536-4d0f-be3d-601c32ccf3d0-groupManagement] INFO  server.RaftServer$Division (RaftServerImpl.java:setRole(329)) - 431b9c6f-d536-4d0f-be3d-601c32ccf3d0@group-82B196D09914: changes role from      null to FOLLOWER at term 0 for startAsFollower
2023-08-31 18:19:56,891 [431b9c6f-d536-4d0f-be3d-601c32ccf3d0-groupManagement] INFO  impl.RoleInfo (RoleInfo.java:updateAndGet(139)) - 431b9c6f-d536-4d0f-be3d-601c32ccf3d0: start 431b9c6f-d536-4d0f-be3d-601c32ccf3d0@group-82B196D09914-FollowerState
2023-08-31 18:19:56,891 [431b9c6f-d536-4d0f-be3d-601c32ccf3d0@group-82B196D09914-FollowerState] INFO  server.RaftServerConfigKeys (ConfUtils.java:logFallback(53)) - raft.server.rpc.first-election.timeout.min = 5s (fallback to raft.server.rpc.timeout.min)
2023-08-31 18:19:56,891 [431b9c6f-d536-4d0f-be3d-601c32ccf3d0-groupManagement] INFO  util.JmxRegister (JmxRegister.java:tryRegister(44)) - Successfully registered JMX Bean with object name Ratis:service=RaftServer,group=group-82B196D09914,id=431b9c6f-d536-4d0f-be3d-601c32ccf3d0
2023-08-31 18:19:56,892 [431b9c6f-d536-4d0f-be3d-601c32ccf3d0@group-82B196D09914-FollowerState] INFO  server.RaftServerConfigKeys (ConfUtils.java:logFallback(53)) - raft.server.rpc.first-election.timeout.max = 5200ms (fallback to raft.server.rpc.timeout.max)
2023-08-31 18:19:56,892 [431b9c6f-d536-4d0f-be3d-601c32ccf3d0-groupManagement] INFO  server.RaftServerConfigKeys (ConfUtils.java:logGet(46)) - raft.server.snapshot.auto.trigger.enabled = true (custom)
2023-08-31 18:19:56,892 [431b9c6f-d536-4d0f-be3d-601c32ccf3d0-groupManagement] INFO  server.RaftServerConfigKeys (ConfUtils.java:logGet(46)) - raft.server.snapshot.auto.trigger.threshold = 10000 (custom)
2023-08-31 18:19:56,892 [431b9c6f-d536-4d0f-be3d-601c32ccf3d0-groupManagement] INFO  server.RaftServerConfigKeys (ConfUtils.java:logGet(46)) - raft.server.snapshot.retention.file.num = 5 (custom)
2023-08-31 18:19:56,892 [431b9c6f-d536-4d0f-be3d-601c32ccf3d0-groupManagement] INFO  server.RaftServerConfigKeys (ConfUtils.java:logGet(46)) - raft.server.log.purge.upto.snapshot.index = false (default)
2023-08-31 18:19:56,893 [PipelineCommandHandlerThread-0] INFO  ratis.XceiverServerRatis (XceiverServerRatis.java:addGroup(804)) - Created group PipelineID=f96faf6d-083e-49ee-a83a-82b196d09914
2023-08-31 18:19:56,893 [PipelineCommandHandlerThread-0] INFO  commandhandler.CreatePipelineCommandHandler (CreatePipelineCommandHandler.java:lambda$handle$2(124)) - Created Pipeline RATIS ONE PipelineID=f96faf6d-083e-49ee-a83a-82b196d09914.
2023-08-31 18:19:57,232 [main] INFO  ozone.MiniOzoneClusterImpl (MiniOzoneClusterImpl.java:lambda$waitForClusterToBeReady$0(224)) - Nodes are ready. Got 5 of 5 DN Heartbeats.
2023-08-31 18:19:57,232 [main] INFO  ozone.MiniOzoneClusterImpl (MiniOzoneClusterImpl.java:lambda$waitForClusterToBeReady$0(227)) - Waiting for cluster to exit safe mode
2023-08-31 18:19:57,232 [main] INFO  ozone.MiniOzoneClusterImpl (MiniOzoneClusterImpl.java:lambda$waitForClusterToBeReady$0(229)) - SCM became leader
2023-08-31 18:19:57,238 [PipelineCommandHandlerThread-0] INFO  server.RaftServer (RaftServerProxy.java:addNew(98)) - 2b1a9455-1161-459a-84a9-9731b4638bee: addNew group-5562CF4330A4:[2b1a9455-1161-459a-84a9-9731b4638bee|rpc:10.1.0.8:15156|admin:10.1.0.8:15155|client:10.1.0.8:15154|dataStream:10.1.0.8:15157|priority:1|startupRole:FOLLOWER] returns group-5562CF4330A4:java.util.concurrent.CompletableFuture@5dd8bd09[Not completed]
2023-08-31 18:19:57,239 [2b1a9455-1161-459a-84a9-9731b4638bee-groupManagement] INFO  server.RaftServer$Division (RaftServerImpl.java:<init>(198)) - 2b1a9455-1161-459a-84a9-9731b4638bee: new RaftServerImpl for group-5562CF4330A4:[2b1a9455-1161-459a-84a9-9731b4638bee|rpc:10.1.0.8:15156|admin:10.1.0.8:15155|client:10.1.0.8:15154|dataStream:10.1.0.8:15157|priority:1|startupRole:FOLLOWER] with ContainerStateMachine:uninitialized
2023-08-31 18:19:57,239 [2b1a9455-1161-459a-84a9-9731b4638bee-groupManagement] INFO  server.RaftServerConfigKeys (ConfUtils.java:logGet(46)) - raft.server.rpc.timeout.min = 5s (custom)
2023-08-31 18:19:57,239 [2b1a9455-1161-459a-84a9-9731b4638bee-groupManagement] INFO  server.RaftServerConfigKeys (ConfUtils.java:logGet(46)) - raft.server.rpc.timeout.max = 5200ms (custom)
2023-08-31 18:19:57,239 [2b1a9455-1161-459a-84a9-9731b4638bee-groupManagement] INFO  server.RaftServerConfigKeys (ConfUtils.java:logGet(46)) - raft.server.rpc.sleep.time = 25ms (default)
2023-08-31 18:19:57,239 [2b1a9455-1161-459a-84a9-9731b4638bee-groupManagement] INFO  server.RaftServerConfigKeys (ConfUtils.java:logGet(46)) - raft.server.rpc.slowness.timeout = 300s (custom)
2023-08-31 18:19:57,239 [2b1a9455-1161-459a-84a9-9731b4638bee-groupManagement] INFO  server.RaftServerConfigKeys (ConfUtils.java:logGet(46)) - raft.server.leaderelection.leader.step-down.wait-time = 10s (default)
2023-08-31 18:19:57,239 [2b1a9455-1161-459a-84a9-9731b4638bee-groupManagement] INFO  server.RaftServerConfigKeys (ConfUtils.java:logGet(46)) - raft.server.sleep.deviation.threshold = 300ms (default)
2023-08-31 18:19:57,239 [2b1a9455-1161-459a-84a9-9731b4638bee-groupManagement] INFO  server.RaftServer$Division (ServerState.java:<init>(120)) - 2b1a9455-1161-459a-84a9-9731b4638bee@group-5562CF4330A4: ConfigurationManager, init=-1: peers:[2b1a9455-1161-459a-84a9-9731b4638bee|rpc:10.1.0.8:15156|admin:10.1.0.8:15155|client:10.1.0.8:15154|dataStream:10.1.0.8:15157|priority:1|startupRole:FOLLOWER]|listeners:[], old=null, confs=<EMPTY_MAP>
2023-08-31 18:19:57,239 [2b1a9455-1161-459a-84a9-9731b4638bee-groupManagement] INFO  server.RaftServerConfigKeys (ConfUtils.java:logGet(46)) - raft.server.storage.dir = [/home/runner/work/ozone/ozone/hadoop-ozone/integration-test/target/test-dir/MiniOzoneClusterImpl-03cba653-44d0-43b4-bc0f-a7205d2183ff/datanode-4/data/ratis] (custom)
2023-08-31 18:19:57,240 [2b1a9455-1161-459a-84a9-9731b4638bee-groupManagement] INFO  server.RaftServerConfigKeys (ConfUtils.java:logGet(46)) - raft.server.log.corruption.policy = EXCEPTION (default)
2023-08-31 18:19:57,240 [2b1a9455-1161-459a-84a9-9731b4638bee-groupManagement] INFO  server.RaftServerConfigKeys (ConfUtils.java:logGet(46)) - raft.server.storage.free-space.min = 0MB (=0) (default)
2023-08-31 18:19:57,240 [2b1a9455-1161-459a-84a9-9731b4638bee-groupManagement] INFO  server.RaftServerConfigKeys (ConfUtils.java:logGet(46)) - raft.server.notification.no-leader.timeout = 300s (custom)
2023-08-31 18:19:57,240 [2b1a9455-1161-459a-84a9-9731b4638bee-groupManagement] INFO  server.RaftServerConfigKeys (ConfUtils.java:logGet(46)) - raft.server.read.timeout = 10s (default)
2023-08-31 18:19:57,240 [2b1a9455-1161-459a-84a9-9731b4638bee-groupManagement] INFO  server.RaftServerConfigKeys (ConfUtils.java:logGet(46)) - raft.server.retrycache.expirytime = 600000ms (custom)
2023-08-31 18:19:57,240 [2b1a9455-1161-459a-84a9-9731b4638bee-groupManagement] INFO  server.RaftServerConfigKeys (ConfUtils.java:logGet(46)) - raft.server.retrycache.statistics.expirytime = 100μs (default)
2023-08-31 18:19:57,240 [2b1a9455-1161-459a-84a9-9731b4638bee-groupManagement] INFO  server.RaftServerConfigKeys (ConfUtils.java:logGet(46)) - raft.server.read.option = DEFAULT (default)
2023-08-31 18:19:57,241 [2b1a9455-1161-459a-84a9-9731b4638bee-groupManagement] INFO  server.RaftServerConfigKeys (ConfUtils.java:logGet(46)) - raft.server.rpc.request.timeout = 60s (custom)
2023-08-31 18:19:57,241 [2b1a9455-1161-459a-84a9-9731b4638bee-groupManagement] INFO  server.RaftServerConfigKeys (ConfUtils.java:logGet(46)) - raft.server.log.appender.install.snapshot.enabled = false (custom)
2023-08-31 18:19:57,241 [2b1a9455-1161-459a-84a9-9731b4638bee-groupManagement] INFO  server.RaftServerConfigKeys (ConfUtils.java:logGet(46)) - raft.server.threadpool.server.cached = true (default)
2023-08-31 18:19:57,241 [2b1a9455-1161-459a-84a9-9731b4638bee-groupManagement] INFO  server.RaftServerConfigKeys (ConfUtils.java:logGet(46)) - raft.server.threadpool.server.size = 0 (default)
2023-08-31 18:19:57,241 [2b1a9455-1161-459a-84a9-9731b4638bee-groupManagement] INFO  server.RaftServerConfigKeys (ConfUtils.java:logGet(46)) - raft.server.threadpool.client.cached = true (default)
2023-08-31 18:19:57,241 [2b1a9455-1161-459a-84a9-9731b4638bee-groupManagement] INFO  server.RaftServerConfigKeys (ConfUtils.java:logGet(46)) - raft.server.threadpool.client.size = 0 (default)
2023-08-31 18:19:57,241 [2b1a9455-1161-459a-84a9-9731b4638bee-groupManagement] INFO  storage.RaftStorageDirectory (RaftStorageDirectoryImpl.java:analyzeStorage(137)) - The storage directory /home/runner/work/ozone/ozone/hadoop-ozone/integration-test/target/test-dir/MiniOzoneClusterImpl-03cba653-44d0-43b4-bc0f-a7205d2183ff/datanode-4/data/ratis/bf2c34bf-22ac-4595-ac6e-5562cf4330a4 does not exist. Creating ...
2023-08-31 18:19:57,245 [2b1a9455-1161-459a-84a9-9731b4638bee-groupManagement] INFO  storage.RaftStorageDirectory (RaftStorageDirectoryImpl.java:tryLock(231)) - Lock on /home/runner/work/ozone/ozone/hadoop-ozone/integration-test/target/test-dir/MiniOzoneClusterImpl-03cba653-44d0-43b4-bc0f-a7205d2183ff/datanode-4/data/ratis/bf2c34bf-22ac-4595-ac6e-5562cf4330a4/in_use.lock acquired by nodename 61743@fv-az1129-899
2023-08-31 18:19:57,248 [2b1a9455-1161-459a-84a9-9731b4638bee-groupManagement] INFO  storage.RaftStorage (RaftStorageImpl.java:format(96)) - Storage directory /home/runner/work/ozone/ozone/hadoop-ozone/integration-test/target/test-dir/MiniOzoneClusterImpl-03cba653-44d0-43b4-bc0f-a7205d2183ff/datanode-4/data/ratis/bf2c34bf-22ac-4595-ac6e-5562cf4330a4 has been successfully formatted.
2023-08-31 18:19:57,252 [2b1a9455-1161-459a-84a9-9731b4638bee-groupManagement] INFO  ratis.ContainerStateMachine (ContainerStateMachine.java:loadSnapshot(262)) - group-5562CF4330A4: The snapshot info is null. Setting the last applied indexto:(t:0, i:~)
2023-08-31 18:19:57,253 [2b1a9455-1161-459a-84a9-9731b4638bee-groupManagement] INFO  server.RaftServerConfigKeys (ConfUtils.java:logGet(46)) - raft.server.log.use.memory = false (default)
2023-08-31 18:19:57,254 [EventQueue-PipelineReportForPipelineReportHandler] INFO  pipeline.PipelineReportHandler (PipelineReportHandler.java:processPipelineReport(136)) - Opened pipeline PipelineID=bf2c34bf-22ac-4595-ac6e-5562cf4330a4
2023-08-31 18:19:57,254 [EventQueue-OpenPipelineForHealthyPipelineSafeModeRule] INFO  safemode.SCMSafeModeManager (HealthyPipelineSafeModeRule.java:process(137)) - SCM in safe mode. Healthy pipelines reported count is 0, required healthy pipeline reported count is 1
2023-08-31 18:19:57,254 [2b1a9455-1161-459a-84a9-9731b4638bee-groupManagement] INFO  server.RaftServerConfigKeys (ConfUtils.java:logGet(46)) - raft.server.log.purge.gap = 1000000 (custom)
2023-08-31 18:19:57,254 [2b1a9455-1161-459a-84a9-9731b4638bee-groupManagement] INFO  server.RaftServerConfigKeys (ConfUtils.java:logGet(46)) - raft.server.log.appender.buffer.byte-limit = 33554432 (custom)
2023-08-31 18:19:57,254 [2b1a9455-1161-459a-84a9-9731b4638bee-groupManagement] INFO  server.RaftServerConfigKeys (ConfUtils.java:logGet(46)) - raft.server.log.statemachine.data.read.timeout = 1000ms (default)
2023-08-31 18:19:57,254 [2b1a9455-1161-459a-84a9-9731b4638bee-groupManagement] INFO  server.RaftServerConfigKeys (ConfUtils.java:logGet(46)) - raft.server.log.purge.preservation.log.num = 0 (default)
2023-08-31 18:19:57,256 [2b1a9455-1161-459a-84a9-9731b4638bee-groupManagement] INFO  server.RaftServerConfigKeys (ConfUtils.java:logGet(46)) - raft.server.log.segment.size.max = 1048576 (custom)
2023-08-31 18:19:57,256 [2b1a9455-1161-459a-84a9-9731b4638bee-groupManagement] INFO  server.RaftServerConfigKeys (ConfUtils.java:logGet(46)) - raft.server.log.segment.cache.num.max = 2 (custom)
2023-08-31 18:19:57,256 [2b1a9455-1161-459a-84a9-9731b4638bee-groupManagement] INFO  server.RaftServerConfigKeys (ConfUtils.java:logGet(46)) - raft.server.log.segment.cache.size.max = 200MB (=209715200) (default)
2023-08-31 18:19:57,256 [2b1a9455-1161-459a-84a9-9731b4638bee-groupManagement] INFO  server.RaftServerConfigKeys (ConfUtils.java:logGet(46)) - raft.server.log.appender.buffer.byte-limit = 33554432 (custom)
2023-08-31 18:19:57,256 [2b1a9455-1161-459a-84a9-9731b4638bee-groupManagement] INFO  segmented.SegmentedRaftLogWorker (SegmentedRaftLogWorker.java:<init>(188)) - new 2b1a9455-1161-459a-84a9-9731b4638bee@group-5562CF4330A4-SegmentedRaftLogWorker for RaftStorageImpl:Storage Directory /home/runner/work/ozone/ozone/hadoop-ozone/integration-test/target/test-dir/MiniOzoneClusterImpl-03cba653-44d0-43b4-bc0f-a7205d2183ff/datanode-4/data/ratis/bf2c34bf-22ac-4595-ac6e-5562cf4330a4
2023-08-31 18:19:57,256 [2b1a9455-1161-459a-84a9-9731b4638bee-groupManagement] INFO  server.RaftServerConfigKeys (ConfUtils.java:logGet(46)) - raft.server.log.queue.byte-limit = 4294967296 (custom)
2023-08-31 18:19:57,256 [2b1a9455-1161-459a-84a9-9731b4638bee-groupManagement] INFO  server.RaftServerConfigKeys (ConfUtils.java:logGet(46)) - raft.server.log.queue.element-limit = 1024 (custom)
2023-08-31 18:19:57,256 [2b1a9455-1161-459a-84a9-9731b4638bee-groupManagement] INFO  server.RaftServerConfigKeys (ConfUtils.java:logGet(46)) - raft.server.log.segment.size.max = 1048576 (custom)
2023-08-31 18:19:57,257 [2b1a9455-1161-459a-84a9-9731b4638bee-groupManagement] INFO  server.RaftServerConfigKeys (ConfUtils.java:logGet(46)) - raft.server.log.preallocated.size = 16384 (custom)
2023-08-31 18:19:57,257 [2b1a9455-1161-459a-84a9-9731b4638bee-groupManagement] INFO  server.RaftServerConfigKeys (ConfUtils.java:logGet(46)) - raft.server.log.force.sync.num = 128 (default)
2023-08-31 18:19:57,257 [2b1a9455-1161-459a-84a9-9731b4638bee-groupManagement] INFO  server.RaftServerConfigKeys (ConfUtils.java:logGet(46)) - raft.server.log.statemachine.data.sync = true (default)
2023-08-31 18:19:57,257 [2b1a9455-1161-459a-84a9-9731b4638bee-groupManagement] INFO  server.RaftServerConfigKeys (ConfUtils.java:logGet(46)) - raft.server.log.statemachine.data.sync.timeout = 10s (default)
2023-08-31 18:19:57,257 [2b1a9455-1161-459a-84a9-9731b4638bee-groupManagement] INFO  server.RaftServerConfigKeys (ConfUtils.java:logGet(46)) - raft.server.log.statemachine.data.sync.timeout.retry = -1 (default)
2023-08-31 18:19:57,257 [2b1a9455-1161-459a-84a9-9731b4638bee-groupManagement] INFO  server.RaftServerConfigKeys (ConfUtils.java:logGet(46)) - raft.server.log.write.buffer.size = 1048576 (custom)
2023-08-31 18:19:57,257 [2b1a9455-1161-459a-84a9-9731b4638bee-groupManagement] INFO  server.RaftServerConfigKeys (ConfUtils.java:logGet(46)) - raft.server.log.appender.buffer.byte-limit = 33554432 (custom)
2023-08-31 18:19:57,266 [2b1a9455-1161-459a-84a9-9731b4638bee-groupManagement] INFO  server.RaftServerConfigKeys (ConfUtils.java:logGet(46)) - raft.server.log.unsafe-flush.enabled = false (default)
2023-08-31 18:19:57,266 [2b1a9455-1161-459a-84a9-9731b4638bee-groupManagement] INFO  server.RaftServerConfigKeys (ConfUtils.java:logGet(46)) - raft.server.log.async-flush.enabled = false (default)
2023-08-31 18:19:57,266 [2b1a9455-1161-459a-84a9-9731b4638bee-groupManagement] INFO  server.RaftServerConfigKeys (ConfUtils.java:logGet(46)) - raft.server.log.statemachine.data.caching.enabled = true (custom)
2023-08-31 18:19:57,266 [2b1a9455-1161-459a-84a9-9731b4638bee-groupManagement] INFO  segmented.SegmentedRaftLogWorker (SegmentedRaftLogWorker.java:lambda$new$0(135)) - 2b1a9455-1161-459a-84a9-9731b4638bee@group-5562CF4330A4-SegmentedRaftLogWorker: flushIndex: setUnconditionally 0 -> -1
2023-08-31 18:19:57,266 [2b1a9455-1161-459a-84a9-9731b4638bee-groupManagement] INFO  segmented.SegmentedRaftLogWorker (SegmentedRaftLogWorker.java:lambda$new$0(135)) - 2b1a9455-1161-459a-84a9-9731b4638bee@group-5562CF4330A4-SegmentedRaftLogWorker: safeCacheEvictIndex: setUnconditionally 0 -> -1
2023-08-31 18:19:57,267 [2b1a9455-1161-459a-84a9-9731b4638bee-groupManagement] INFO  server.RaftServer$Division (RaftServerImpl.java:start(342)) - 2b1a9455-1161-459a-84a9-9731b4638bee@group-5562CF4330A4: start as a follower, conf=-1: peers:[2b1a9455-1161-459a-84a9-9731b4638bee|rpc:10.1.0.8:15156|admin:10.1.0.8:15155|client:10.1.0.8:15154|dataStream:10.1.0.8:15157|priority:1|startupRole:FOLLOWER]|listeners:[], old=null
2023-08-31 18:19:57,267 [2b1a9455-1161-459a-84a9-9731b4638bee-groupManagement] INFO  server.RaftServer$Division (RaftServerImpl.java:setRole(329)) - 2b1a9455-1161-459a-84a9-9731b4638bee@group-5562CF4330A4: changes role from      null to FOLLOWER at term 0 for startAsFollower
2023-08-31 18:19:57,267 [2b1a9455-1161-459a-84a9-9731b4638bee-groupManagement] INFO  impl.RoleInfo (RoleInfo.java:updateAndGet(139)) - 2b1a9455-1161-459a-84a9-9731b4638bee: start 2b1a9455-1161-459a-84a9-9731b4638bee@group-5562CF4330A4-FollowerState
2023-08-31 18:19:57,268 [2b1a9455-1161-459a-84a9-9731b4638bee-groupManagement] INFO  util.JmxRegister (JmxRegister.java:tryRegister(44)) - Successfully registered JMX Bean with object name Ratis:service=RaftServer,group=group-5562CF4330A4,id=2b1a9455-1161-459a-84a9-9731b4638bee
2023-08-31 18:19:57,268 [2b1a9455-1161-459a-84a9-9731b4638bee-groupManagement] INFO  server.RaftServerConfigKeys (ConfUtils.java:logGet(46)) - raft.server.snapshot.auto.trigger.enabled = true (custom)
2023-08-31 18:19:57,268 [2b1a9455-1161-459a-84a9-9731b4638bee-groupManagement] INFO  server.RaftServerConfigKeys (ConfUtils.java:logGet(46)) - raft.server.snapshot.auto.trigger.threshold = 10000 (custom)
2023-08-31 18:19:57,268 [2b1a9455-1161-459a-84a9-9731b4638bee-groupManagement] INFO  server.RaftServerConfigKeys (ConfUtils.java:logGet(46)) - raft.server.snapshot.retention.file.num = 5 (custom)
2023-08-31 18:19:57,268 [2b1a9455-1161-459a-84a9-9731b4638bee-groupManagement] INFO  server.RaftServerConfigKeys (ConfUtils.java:logGet(46)) - raft.server.log.purge.upto.snapshot.index = false (default)
2023-08-31 18:19:57,268 [2b1a9455-1161-459a-84a9-9731b4638bee@group-5562CF4330A4-FollowerState] INFO  server.RaftServerConfigKeys (ConfUtils.java:logFallback(53)) - raft.server.rpc.first-election.timeout.min = 5s (fallback to raft.server.rpc.timeout.min)
2023-08-31 18:19:57,271 [PipelineCommandHandlerThread-0] INFO  ratis.XceiverServerRatis (XceiverServerRatis.java:addGroup(804)) - Created group PipelineID=bf2c34bf-22ac-4595-ac6e-5562cf4330a4
2023-08-31 18:19:57,271 [2b1a9455-1161-459a-84a9-9731b4638bee@group-5562CF4330A4-FollowerState] INFO  server.RaftServerConfigKeys (ConfUtils.java:logFallback(53)) - raft.server.rpc.first-election.timeout.max = 5200ms (fallback to raft.server.rpc.timeout.max)
2023-08-31 18:19:57,271 [PipelineCommandHandlerThread-0] INFO  commandhandler.CreatePipelineCommandHandler (CreatePipelineCommandHandler.java:lambda$handle$2(124)) - Created Pipeline RATIS ONE PipelineID=bf2c34bf-22ac-4595-ac6e-5562cf4330a4.
2023-08-31 18:19:58,233 [main] INFO  ozone.MiniOzoneClusterImpl (MiniOzoneClusterImpl.java:lambda$waitForClusterToBeReady$0(224)) - Nodes are ready. Got 5 of 5 DN Heartbeats.
2023-08-31 18:19:58,233 [main] INFO  ozone.MiniOzoneClusterImpl (MiniOzoneClusterImpl.java:lambda$waitForClusterToBeReady$0(227)) - Waiting for cluster to exit safe mode
2023-08-31 18:19:58,233 [main] INFO  ozone.MiniOzoneClusterImpl (MiniOzoneClusterImpl.java:lambda$waitForClusterToBeReady$0(229)) - SCM became leader
2023-08-31 18:19:59,233 [main] INFO  ozone.MiniOzoneClusterImpl (MiniOzoneClusterImpl.java:lambda$waitForClusterToBeReady$0(224)) - Nodes are ready. Got 5 of 5 DN Heartbeats.
2023-08-31 18:19:59,234 [main] INFO  ozone.MiniOzoneClusterImpl (MiniOzoneClusterImpl.java:lambda$waitForClusterToBeReady$0(227)) - Waiting for cluster to exit safe mode
2023-08-31 18:19:59,234 [main] INFO  ozone.MiniOzoneClusterImpl (MiniOzoneClusterImpl.java:lambda$waitForClusterToBeReady$0(229)) - SCM became leader
2023-08-31 18:20:00,234 [main] INFO  ozone.MiniOzoneClusterImpl (MiniOzoneClusterImpl.java:lambda$waitForClusterToBeReady$0(224)) - Nodes are ready. Got 5 of 5 DN Heartbeats.
2023-08-31 18:20:00,234 [main] INFO  ozone.MiniOzoneClusterImpl (MiniOzoneClusterImpl.java:lambda$waitForClusterToBeReady$0(227)) - Waiting for cluster to exit safe mode
2023-08-31 18:20:00,235 [main] INFO  ozone.MiniOzoneClusterImpl (MiniOzoneClusterImpl.java:lambda$waitForClusterToBeReady$0(229)) - SCM became leader
2023-08-31 18:20:00,799 [cea0c109-6e95-4b2c-982c-0dc77a608767@group-957E7B4DCC08-FollowerState] INFO  impl.FollowerState (FollowerState.java:run(143)) - cea0c109-6e95-4b2c-982c-0dc77a608767@group-957E7B4DCC08-FollowerState: change to CANDIDATE, lastRpcElapsedTime:5104352700ns, electionTimeout:5103ms
2023-08-31 18:20:00,799 [cea0c109-6e95-4b2c-982c-0dc77a608767@group-957E7B4DCC08-FollowerState] INFO  impl.RoleInfo (RoleInfo.java:shutdownFollowerState(110)) - cea0c109-6e95-4b2c-982c-0dc77a608767: shutdown cea0c109-6e95-4b2c-982c-0dc77a608767@group-957E7B4DCC08-FollowerState
2023-08-31 18:20:00,799 [cea0c109-6e95-4b2c-982c-0dc77a608767@group-957E7B4DCC08-FollowerState] INFO  server.RaftServer$Division (RaftServerImpl.java:setRole(329)) - cea0c109-6e95-4b2c-982c-0dc77a608767@group-957E7B4DCC08: changes role from  FOLLOWER to CANDIDATE at term 0 for changeToCandidate
2023-08-31 18:20:00,799 [cea0c109-6e95-4b2c-982c-0dc77a608767@group-957E7B4DCC08-FollowerState] INFO  server.RaftServerConfigKeys (ConfUtils.java:logGet(46)) - raft.server.leaderelection.pre-vote = true (default)
2023-08-31 18:20:00,799 [cea0c109-6e95-4b2c-982c-0dc77a608767@group-957E7B4DCC08-FollowerState] INFO  impl.RoleInfo (RoleInfo.java:updateAndGet(139)) - cea0c109-6e95-4b2c-982c-0dc77a608767: start cea0c109-6e95-4b2c-982c-0dc77a608767@group-957E7B4DCC08-LeaderElection21
2023-08-31 18:20:00,803 [cea0c109-6e95-4b2c-982c-0dc77a608767@group-957E7B4DCC08-LeaderElection21] INFO  impl.LeaderElection (LeaderElection.java:askForVotes(321)) - cea0c109-6e95-4b2c-982c-0dc77a608767@group-957E7B4DCC08-LeaderElection21 PRE_VOTE round 0: submit vote requests at term 0 for -1: peers:[cea0c109-6e95-4b2c-982c-0dc77a608767|rpc:10.1.0.8:15120|admin:10.1.0.8:15119|client:10.1.0.8:15118|dataStream:10.1.0.8:15121|priority:1|startupRole:FOLLOWER]|listeners:[], old=null
2023-08-31 18:20:00,803 [cea0c109-6e95-4b2c-982c-0dc77a608767@group-957E7B4DCC08-LeaderElection21] INFO  impl.LeaderElection (LeaderElection.java:askForVotes(323)) - cea0c109-6e95-4b2c-982c-0dc77a608767@group-957E7B4DCC08-LeaderElection21 PRE_VOTE round 0: result PASSED (term=0)
2023-08-31 18:20:00,806 [cea0c109-6e95-4b2c-982c-0dc77a608767@group-957E7B4DCC08-LeaderElection21] INFO  impl.LeaderElection (LeaderElection.java:askForVotes(321)) - cea0c109-6e95-4b2c-982c-0dc77a608767@group-957E7B4DCC08-LeaderElection21 ELECTION round 0: submit vote requests at term 1 for -1: peers:[cea0c109-6e95-4b2c-982c-0dc77a608767|rpc:10.1.0.8:15120|admin:10.1.0.8:15119|client:10.1.0.8:15118|dataStream:10.1.0.8:15121|priority:1|startupRole:FOLLOWER]|listeners:[], old=null
2023-08-31 18:20:00,806 [cea0c109-6e95-4b2c-982c-0dc77a608767@group-957E7B4DCC08-LeaderElection21] INFO  impl.LeaderElection (LeaderElection.java:askForVotes(323)) - cea0c109-6e95-4b2c-982c-0dc77a608767@group-957E7B4DCC08-LeaderElection21 ELECTION round 0: result PASSED (term=1)
2023-08-31 18:20:00,806 [cea0c109-6e95-4b2c-982c-0dc77a608767@group-957E7B4DCC08-LeaderElection21] INFO  impl.RoleInfo (RoleInfo.java:shutdownLeaderElection(130)) - cea0c109-6e95-4b2c-982c-0dc77a608767: shutdown cea0c109-6e95-4b2c-982c-0dc77a608767@group-957E7B4DCC08-LeaderElection21
2023-08-31 18:20:00,806 [cea0c109-6e95-4b2c-982c-0dc77a608767@group-957E7B4DCC08-LeaderElection21] INFO  server.RaftServer$Division (RaftServerImpl.java:setRole(329)) - cea0c109-6e95-4b2c-982c-0dc77a608767@group-957E7B4DCC08: changes role from CANDIDATE to LEADER at term 1 for changeToLeader
2023-08-31 18:20:00,806 [cea0c109-6e95-4b2c-982c-0dc77a608767@group-957E7B4DCC08-LeaderElection21] INFO  ratis.XceiverServerRatis (XceiverServerRatis.java:handleLeaderChangedNotification(902)) - Leader change notification received for group: group-957E7B4DCC08 with new leaderId: cea0c109-6e95-4b2c-982c-0dc77a608767
2023-08-31 18:20:00,806 [cea0c109-6e95-4b2c-982c-0dc77a608767@group-957E7B4DCC08-LeaderElection21] INFO  server.RaftServer$Division (ServerState.java:setLeader(317)) - cea0c109-6e95-4b2c-982c-0dc77a608767@group-957E7B4DCC08: change Leader from null to cea0c109-6e95-4b2c-982c-0dc77a608767 at term 1 for becomeLeader, leader elected after 5132ms
2023-08-31 18:20:00,809 [EventQueue-OpenPipelineForHealthyPipelineSafeModeRule] INFO  safemode.SCMSafeModeManager (HealthyPipelineSafeModeRule.java:process(137)) - SCM in safe mode. Healthy pipelines reported count is 0, required healthy pipeline reported count is 1
2023-08-31 18:20:00,809 [cea0c109-6e95-4b2c-982c-0dc77a608767@group-957E7B4DCC08-LeaderElection21] INFO  server.RaftServerConfigKeys (ConfUtils.java:logGet(46)) - raft.server.staging.catchup.gap = 1000 (default)
2023-08-31 18:20:00,810 [cea0c109-6e95-4b2c-982c-0dc77a608767@group-957E7B4DCC08-LeaderElection21] INFO  server.RaftServerConfigKeys (ConfUtils.java:logGet(46)) - raft.server.write.element-limit = 1024 (custom)
2023-08-31 18:20:00,810 [cea0c109-6e95-4b2c-982c-0dc77a608767@group-957E7B4DCC08-LeaderElection21] INFO  server.RaftServerConfigKeys (ConfUtils.java:logGet(46)) - raft.server.write.byte-limit = 1024 M (=1073741824) (custom)
2023-08-31 18:20:00,810 [cea0c109-6e95-4b2c-982c-0dc77a608767@group-957E7B4DCC08-LeaderElection21] INFO  server.RaftServerConfigKeys (ConfUtils.java:logGet(46)) - raft.server.watch.timeout = 180s (custom)
2023-08-31 18:20:00,810 [cea0c109-6e95-4b2c-982c-0dc77a608767@group-957E7B4DCC08-LeaderElection21] INFO  server.RaftServerConfigKeys (ConfUtils.java:logGet(46)) - raft.server.watch.timeout.denomination = 1s (default)
2023-08-31 18:20:00,810 [cea0c109-6e95-4b2c-982c-0dc77a608767@group-957E7B4DCC08-LeaderElection21] INFO  server.RaftServerConfigKeys (ConfUtils.java:logGet(46)) - raft.server.watch.element-limit = 65536 (default)
2023-08-31 18:20:00,810 [cea0c109-6e95-4b2c-982c-0dc77a608767@group-957E7B4DCC08-LeaderElection21] INFO  server.RaftServerConfigKeys (ConfUtils.java:logGet(46)) - raft.server.write.element-limit = 1024 (custom)
2023-08-31 18:20:00,810 [cea0c109-6e95-4b2c-982c-0dc77a608767@group-957E7B4DCC08-LeaderElection21] INFO  server.RaftServerConfigKeys (ConfUtils.java:logGet(46)) - raft.server.write.follower.gap.ratio.max = -1.0 (default)
2023-08-31 18:20:00,810 [cea0c109-6e95-4b2c-982c-0dc77a608767@group-957E7B4DCC08-LeaderElection21] INFO  impl.RoleInfo (RoleInfo.java:updateAndGet(139)) - cea0c109-6e95-4b2c-982c-0dc77a608767: start cea0c109-6e95-4b2c-982c-0dc77a608767@group-957E7B4DCC08-LeaderStateImpl
2023-08-31 18:20:00,811 [cea0c109-6e95-4b2c-982c-0dc77a608767@group-957E7B4DCC08-LeaderElection21] INFO  segmented.SegmentedRaftLogWorker (SegmentedRaftLogWorker.java:startLogSegment(447)) - cea0c109-6e95-4b2c-982c-0dc77a608767@group-957E7B4DCC08-SegmentedRaftLogWorker: Starting segment from index:0
2023-08-31 18:20:00,812 [cea0c109-6e95-4b2c-982c-0dc77a608767@group-957E7B4DCC08-LeaderElection21] INFO  server.RaftServer$Division (ServerState.java:setRaftConf(434)) - cea0c109-6e95-4b2c-982c-0dc77a608767@group-957E7B4DCC08: set configuration 0: peers:[cea0c109-6e95-4b2c-982c-0dc77a608767|rpc:10.1.0.8:15120|admin:10.1.0.8:15119|client:10.1.0.8:15118|dataStream:10.1.0.8:15121|priority:1|startupRole:FOLLOWER]|listeners:[], old=null
2023-08-31 18:20:00,814 [cea0c109-6e95-4b2c-982c-0dc77a608767@group-957E7B4DCC08-SegmentedRaftLogWorker] INFO  segmented.SegmentedRaftLogWorker (SegmentedRaftLogWorker.java:execute(651)) - cea0c109-6e95-4b2c-982c-0dc77a608767@group-957E7B4DCC08-SegmentedRaftLogWorker: created new log segment /home/runner/work/ozone/ozone/hadoop-ozone/integration-test/target/test-dir/MiniOzoneClusterImpl-03cba653-44d0-43b4-bc0f-a7205d2183ff/datanode-0/data/ratis/4b0e1402-56c1-4258-9afa-957e7b4dcc08/current/log_inprogress_0
2023-08-31 18:20:00,845 [cea0c109-6e95-4b2c-982c-0dc77a608767@group-252A861C3683-FollowerState] INFO  impl.FollowerState (FollowerState.java:run(143)) - cea0c109-6e95-4b2c-982c-0dc77a608767@group-252A861C3683-FollowerState: change to CANDIDATE, lastRpcElapsedTime:5125194668ns, electionTimeout:5123ms
2023-08-31 18:20:00,845 [cea0c109-6e95-4b2c-982c-0dc77a608767@group-252A861C3683-FollowerState] INFO  impl.RoleInfo (RoleInfo.java:shutdownFollowerState(110)) - cea0c109-6e95-4b2c-982c-0dc77a608767: shutdown cea0c109-6e95-4b2c-982c-0dc77a608767@group-252A861C3683-FollowerState
2023-08-31 18:20:00,845 [cea0c109-6e95-4b2c-982c-0dc77a608767@group-252A861C3683-FollowerState] INFO  server.RaftServer$Division (RaftServerImpl.java:setRole(329)) - cea0c109-6e95-4b2c-982c-0dc77a608767@group-252A861C3683: changes role from  FOLLOWER to CANDIDATE at term 0 for changeToCandidate
2023-08-31 18:20:00,845 [cea0c109-6e95-4b2c-982c-0dc77a608767@group-252A861C3683-FollowerState] INFO  server.RaftServerConfigKeys (ConfUtils.java:logGet(46)) - raft.server.leaderelection.pre-vote = true (default)
2023-08-31 18:20:00,845 [cea0c109-6e95-4b2c-982c-0dc77a608767@group-252A861C3683-FollowerState] INFO  impl.RoleInfo (RoleInfo.java:updateAndGet(139)) - cea0c109-6e95-4b2c-982c-0dc77a608767: start cea0c109-6e95-4b2c-982c-0dc77a608767@group-252A861C3683-LeaderElection22
2023-08-31 18:20:00,847 [cea0c109-6e95-4b2c-982c-0dc77a608767@group-252A861C3683-LeaderElection22] INFO  impl.LeaderElection (LeaderElection.java:askForVotes(321)) - cea0c109-6e95-4b2c-982c-0dc77a608767@group-252A861C3683-LeaderElection22 PRE_VOTE round 0: submit vote requests at term 0 for -1: peers:[14fa2eac-e184-46cf-8dd5-e89808402331|rpc:10.1.0.8:15129|admin:10.1.0.8:15128|client:10.1.0.8:15127|dataStream:10.1.0.8:15130|priority:1|startupRole:FOLLOWER, cea0c109-6e95-4b2c-982c-0dc77a608767|rpc:10.1.0.8:15120|admin:10.1.0.8:15119|client:10.1.0.8:15118|dataStream:10.1.0.8:15121|priority:0|startupRole:FOLLOWER, b680699b-c9cb-4670-83ba-783bfe62cfe5|rpc:10.1.0.8:15138|admin:10.1.0.8:15137|client:10.1.0.8:15136|dataStream:10.1.0.8:15139|priority:0|startupRole:FOLLOWER]|listeners:[], old=null
2023-08-31 18:20:00,848 [cea0c109-6e95-4b2c-982c-0dc77a608767@group-252A861C3683-LeaderElection22] INFO  server.RaftServerConfigKeys (ConfUtils.java:logFallback(53)) - raft.server.rpc.first-election.timeout.min = 5s (fallback to raft.server.rpc.timeout.min)
2023-08-31 18:20:00,848 [cea0c109-6e95-4b2c-982c-0dc77a608767@group-252A861C3683-LeaderElection22-1] INFO  server.GrpcServerProtocolClient (GrpcServerProtocolClient.java:<init>(65)) - Build channel for 14fa2eac-e184-46cf-8dd5-e89808402331
2023-08-31 18:20:00,848 [cea0c109-6e95-4b2c-982c-0dc77a608767@group-252A861C3683-LeaderElection22] INFO  server.RaftServerConfigKeys (ConfUtils.java:logFallback(53)) - raft.server.rpc.first-election.timeout.max = 5200ms (fallback to raft.server.rpc.timeout.max)
2023-08-31 18:20:00,850 [cea0c109-6e95-4b2c-982c-0dc77a608767@group-252A861C3683-LeaderElection22-2] INFO  server.GrpcServerProtocolClient (GrpcServerProtocolClient.java:<init>(65)) - Build channel for b680699b-c9cb-4670-83ba-783bfe62cfe5
2023-08-31 18:20:00,857 [grpc-default-executor-0] INFO  server.RaftServer$Division (RaftServerImpl.java:requestVote(1302)) - 14fa2eac-e184-46cf-8dd5-e89808402331@group-252A861C3683: receive requestVote(PRE_VOTE, cea0c109-6e95-4b2c-982c-0dc77a608767, group-252A861C3683, 0, (t:0, i:0))
2023-08-31 18:20:00,857 [grpc-default-executor-0] INFO  impl.VoteContext (VoteContext.java:log(49)) - 14fa2eac-e184-46cf-8dd5-e89808402331@group-252A861C3683-FOLLOWER: reject PRE_VOTE from cea0c109-6e95-4b2c-982c-0dc77a608767: our priority 1 > candidate's priority 0
2023-08-31 18:20:00,857 [grpc-default-executor-0] INFO  server.RaftServer$Division (RaftServerImpl.java:requestVote(1335)) - 14fa2eac-e184-46cf-8dd5-e89808402331@group-252A861C3683 replies to PRE_VOTE vote request: cea0c109-6e95-4b2c-982c-0dc77a608767<-14fa2eac-e184-46cf-8dd5-e89808402331#0:FAIL-t0. Peer's state: 14fa2eac-e184-46cf-8dd5-e89808402331@group-252A861C3683:t0, leader=null, voted=, raftlog=Memoized:14fa2eac-e184-46cf-8dd5-e89808402331@group-252A861C3683-SegmentedRaftLog:OPENED:c-1, conf=-1: peers:[14fa2eac-e184-46cf-8dd5-e89808402331|rpc:10.1.0.8:15129|admin:10.1.0.8:15128|client:10.1.0.8:15127|dataStream:10.1.0.8:15130|priority:1|startupRole:FOLLOWER, cea0c109-6e95-4b2c-982c-0dc77a608767|rpc:10.1.0.8:15120|admin:10.1.0.8:15119|client:10.1.0.8:15118|dataStream:10.1.0.8:15121|priority:0|startupRole:FOLLOWER, b680699b-c9cb-4670-83ba-783bfe62cfe5|rpc:10.1.0.8:15138|admin:10.1.0.8:15137|client:10.1.0.8:15136|dataStream:10.1.0.8:15139|priority:0|startupRole:FOLLOWER]|listeners:[], old=null
2023-08-31 18:20:00,865 [grpc-default-executor-1] INFO  server.RaftServer$Division (RaftServerImpl.java:requestVote(1302)) - b680699b-c9cb-4670-83ba-783bfe62cfe5@group-252A861C3683: receive requestVote(PRE_VOTE, cea0c109-6e95-4b2c-982c-0dc77a608767, group-252A861C3683, 0, (t:0, i:0))
2023-08-31 18:20:00,865 [grpc-default-executor-1] INFO  impl.VoteContext (VoteContext.java:log(49)) - b680699b-c9cb-4670-83ba-783bfe62cfe5@group-252A861C3683-FOLLOWER: accept PRE_VOTE from cea0c109-6e95-4b2c-982c-0dc77a608767: our priority 0 <= candidate's priority 0
2023-08-31 18:20:00,865 [grpc-default-executor-1] INFO  server.RaftServer$Division (RaftServerImpl.java:requestVote(1335)) - b680699b-c9cb-4670-83ba-783bfe62cfe5@group-252A861C3683 replies to PRE_VOTE vote request: cea0c109-6e95-4b2c-982c-0dc77a608767<-b680699b-c9cb-4670-83ba-783bfe62cfe5#0:OK-t0. Peer's state: b680699b-c9cb-4670-83ba-783bfe62cfe5@group-252A861C3683:t0, leader=null, voted=, raftlog=Memoized:b680699b-c9cb-4670-83ba-783bfe62cfe5@group-252A861C3683-SegmentedRaftLog:OPENED:c-1, conf=-1: peers:[14fa2eac-e184-46cf-8dd5-e89808402331|rpc:10.1.0.8:15129|admin:10.1.0.8:15128|client:10.1.0.8:15127|dataStream:10.1.0.8:15130|priority:1|startupRole:FOLLOWER, cea0c109-6e95-4b2c-982c-0dc77a608767|rpc:10.1.0.8:15120|admin:10.1.0.8:15119|client:10.1.0.8:15118|dataStream:10.1.0.8:15121|priority:0|startupRole:FOLLOWER, b680699b-c9cb-4670-83ba-783bfe62cfe5|rpc:10.1.0.8:15138|admin:10.1.0.8:15137|client:10.1.0.8:15136|dataStream:10.1.0.8:15139|priority:0|startupRole:FOLLOWER]|listeners:[], old=null
2023-08-31 18:20:00,868 [cea0c109-6e95-4b2c-982c-0dc77a608767@group-252A861C3683-LeaderElection22] INFO  impl.LeaderElection (LeaderElection.java:logAndReturn(90)) - cea0c109-6e95-4b2c-982c-0dc77a608767@group-252A861C3683-LeaderElection22: PRE_VOTE REJECTED received 2 response(s) and 0 exception(s):
2023-08-31 18:20:00,868 [cea0c109-6e95-4b2c-982c-0dc77a608767@group-252A861C3683-LeaderElection22] INFO  impl.LeaderElection (LeaderElection.java:logAndReturn(94)) -   Response 0: cea0c109-6e95-4b2c-982c-0dc77a608767<-14fa2eac-e184-46cf-8dd5-e89808402331#0:FAIL-t0
2023-08-31 18:20:00,868 [cea0c109-6e95-4b2c-982c-0dc77a608767@group-252A861C3683-LeaderElection22] INFO  impl.LeaderElection (LeaderElection.java:logAndReturn(94)) -   Response 1: cea0c109-6e95-4b2c-982c-0dc77a608767<-b680699b-c9cb-4670-83ba-783bfe62cfe5#0:OK-t0
2023-08-31 18:20:00,868 [cea0c109-6e95-4b2c-982c-0dc77a608767@group-252A861C3683-LeaderElection22] INFO  impl.LeaderElection (LeaderElection.java:askForVotes(323)) - cea0c109-6e95-4b2c-982c-0dc77a608767@group-252A861C3683-LeaderElection22 PRE_VOTE round 0: result REJECTED
2023-08-31 18:20:00,868 [cea0c109-6e95-4b2c-982c-0dc77a608767@group-252A861C3683-LeaderElection22] INFO  server.RaftServer$Division (RaftServerImpl.java:setRole(329)) - cea0c109-6e95-4b2c-982c-0dc77a608767@group-252A861C3683: changes role from CANDIDATE to FOLLOWER at term 0 for REJECTED
2023-08-31 18:20:00,868 [cea0c109-6e95-4b2c-982c-0dc77a608767@group-252A861C3683-LeaderElection22] INFO  impl.RoleInfo (RoleInfo.java:shutdownLeaderElection(130)) - cea0c109-6e95-4b2c-982c-0dc77a608767: shutdown cea0c109-6e95-4b2c-982c-0dc77a608767@group-252A861C3683-LeaderElection22
2023-08-31 18:20:00,868 [cea0c109-6e95-4b2c-982c-0dc77a608767@group-252A861C3683-LeaderElection22] INFO  impl.RoleInfo (RoleInfo.java:updateAndGet(139)) - cea0c109-6e95-4b2c-982c-0dc77a608767: start cea0c109-6e95-4b2c-982c-0dc77a608767@group-252A861C3683-FollowerState
2023-08-31 18:20:00,871 [b680699b-c9cb-4670-83ba-783bfe62cfe5@group-252A861C3683-FollowerState] INFO  server.RaftServerConfigKeys (ConfUtils.java:logFallback(53)) - raft.server.rpc.first-election.timeout.min = 5s (fallback to raft.server.rpc.timeout.min)
2023-08-31 18:20:00,871 [b680699b-c9cb-4670-83ba-783bfe62cfe5@group-252A861C3683-FollowerState] INFO  server.RaftServerConfigKeys (ConfUtils.java:logFallback(53)) - raft.server.rpc.first-election.timeout.max = 5200ms (fallback to raft.server.rpc.timeout.max)
2023-08-31 18:20:00,900 [14fa2eac-e184-46cf-8dd5-e89808402331@group-252A861C3683-FollowerState] INFO  impl.FollowerState (FollowerState.java:run(143)) - 14fa2eac-e184-46cf-8dd5-e89808402331@group-252A861C3683-FollowerState: change to CANDIDATE, lastRpcElapsedTime:5148250144ns, electionTimeout:5146ms
2023-08-31 18:20:00,900 [14fa2eac-e184-46cf-8dd5-e89808402331@group-252A861C3683-FollowerState] INFO  impl.RoleInfo (RoleInfo.java:shutdownFollowerState(110)) - 14fa2eac-e184-46cf-8dd5-e89808402331: shutdown 14fa2eac-e184-46cf-8dd5-e89808402331@group-252A861C3683-FollowerState
2023-08-31 18:20:00,901 [14fa2eac-e184-46cf-8dd5-e89808402331@group-252A861C3683-FollowerState] INFO  server.RaftServer$Division (RaftServerImpl.java:setRole(329)) - 14fa2eac-e184-46cf-8dd5-e89808402331@group-252A861C3683: changes role from  FOLLOWER to CANDIDATE at term 0 for changeToCandidate
2023-08-31 18:20:00,901 [14fa2eac-e184-46cf-8dd5-e89808402331@group-252A861C3683-FollowerState] INFO  server.RaftServerConfigKeys (ConfUtils.java:logGet(46)) - raft.server.leaderelection.pre-vote = true (default)
2023-08-31 18:20:00,901 [14fa2eac-e184-46cf-8dd5-e89808402331@group-252A861C3683-FollowerState] INFO  impl.RoleInfo (RoleInfo.java:updateAndGet(139)) - 14fa2eac-e184-46cf-8dd5-e89808402331: start 14fa2eac-e184-46cf-8dd5-e89808402331@group-252A861C3683-LeaderElection23
2023-08-31 18:20:00,903 [14fa2eac-e184-46cf-8dd5-e89808402331@group-252A861C3683-LeaderElection23] INFO  impl.LeaderElection (LeaderElection.java:askForVotes(321)) - 14fa2eac-e184-46cf-8dd5-e89808402331@group-252A861C3683-LeaderElection23 PRE_VOTE round 0: submit vote requests at term 0 for -1: peers:[14fa2eac-e184-46cf-8dd5-e89808402331|rpc:10.1.0.8:15129|admin:10.1.0.8:15128|client:10.1.0.8:15127|dataStream:10.1.0.8:15130|priority:1|startupRole:FOLLOWER, cea0c109-6e95-4b2c-982c-0dc77a608767|rpc:10.1.0.8:15120|admin:10.1.0.8:15119|client:10.1.0.8:15118|dataStream:10.1.0.8:15121|priority:0|startupRole:FOLLOWER, b680699b-c9cb-4670-83ba-783bfe62cfe5|rpc:10.1.0.8:15138|admin:10.1.0.8:15137|client:10.1.0.8:15136|dataStream:10.1.0.8:15139|priority:0|startupRole:FOLLOWER]|listeners:[], old=null
2023-08-31 18:20:00,903 [14fa2eac-e184-46cf-8dd5-e89808402331@group-252A861C3683-LeaderElection23] INFO  server.RaftServerConfigKeys (ConfUtils.java:logFallback(53)) - raft.server.rpc.first-election.timeout.min = 5s (fallback to raft.server.rpc.timeout.min)
2023-08-31 18:20:00,903 [14fa2eac-e184-46cf-8dd5-e89808402331@group-252A861C3683-LeaderElection23-1] INFO  server.GrpcServerProtocolClient (GrpcServerProtocolClient.java:<init>(65)) - Build channel for cea0c109-6e95-4b2c-982c-0dc77a608767
2023-08-31 18:20:00,903 [14fa2eac-e184-46cf-8dd5-e89808402331@group-252A861C3683-LeaderElection23] INFO  server.RaftServerConfigKeys (ConfUtils.java:logFallback(53)) - raft.server.rpc.first-election.timeout.max = 5200ms (fallback to raft.server.rpc.timeout.max)
2023-08-31 18:20:00,904 [14fa2eac-e184-46cf-8dd5-e89808402331@group-252A861C3683-LeaderElection23-2] INFO  server.GrpcServerProtocolClient (GrpcServerProtocolClient.java:<init>(65)) - Build channel for b680699b-c9cb-4670-83ba-783bfe62cfe5
2023-08-31 18:20:00,917 [grpc-default-executor-1] INFO  server.RaftServer$Division (RaftServerImpl.java:requestVote(1302)) - b680699b-c9cb-4670-83ba-783bfe62cfe5@group-252A861C3683: receive requestVote(PRE_VOTE, 14fa2eac-e184-46cf-8dd5-e89808402331, group-252A861C3683, 0, (t:0, i:0))
2023-08-31 18:20:00,917 [grpc-default-executor-1] INFO  impl.VoteContext (VoteContext.java:log(49)) - b680699b-c9cb-4670-83ba-783bfe62cfe5@group-252A861C3683-FOLLOWER: accept PRE_VOTE from 14fa2eac-e184-46cf-8dd5-e89808402331: our priority 0 <= candidate's priority 1
2023-08-31 18:20:00,917 [grpc-default-executor-1] INFO  server.RaftServer$Division (RaftServerImpl.java:requestVote(1335)) - b680699b-c9cb-4670-83ba-783bfe62cfe5@group-252A861C3683 replies to PRE_VOTE vote request: 14fa2eac-e184-46cf-8dd5-e89808402331<-b680699b-c9cb-4670-83ba-783bfe62cfe5#0:OK-t0. Peer's state: b680699b-c9cb-4670-83ba-783bfe62cfe5@group-252A861C3683:t0, leader=null, voted=, raftlog=Memoized:b680699b-c9cb-4670-83ba-783bfe62cfe5@group-252A861C3683-SegmentedRaftLog:OPENED:c-1, conf=-1: peers:[14fa2eac-e184-46cf-8dd5-e89808402331|rpc:10.1.0.8:15129|admin:10.1.0.8:15128|client:10.1.0.8:15127|dataStream:10.1.0.8:15130|priority:1|startupRole:FOLLOWER, cea0c109-6e95-4b2c-982c-0dc77a608767|rpc:10.1.0.8:15120|admin:10.1.0.8:15119|client:10.1.0.8:15118|dataStream:10.1.0.8:15121|priority:0|startupRole:FOLLOWER, b680699b-c9cb-4670-83ba-783bfe62cfe5|rpc:10.1.0.8:15138|admin:10.1.0.8:15137|client:10.1.0.8:15136|dataStream:10.1.0.8:15139|priority:0|startupRole:FOLLOWER]|listeners:[], old=null
2023-08-31 18:20:00,918 [grpc-default-executor-1] INFO  server.RaftServer$Division (RaftServerImpl.java:requestVote(1302)) - cea0c109-6e95-4b2c-982c-0dc77a608767@group-252A861C3683: receive requestVote(PRE_VOTE, 14fa2eac-e184-46cf-8dd5-e89808402331, group-252A861C3683, 0, (t:0, i:0))
2023-08-31 18:20:00,918 [grpc-default-executor-1] INFO  impl.VoteContext (VoteContext.java:log(49)) - cea0c109-6e95-4b2c-982c-0dc77a608767@group-252A861C3683-FOLLOWER: accept PRE_VOTE from 14fa2eac-e184-46cf-8dd5-e89808402331: our priority 0 <= candidate's priority 1
2023-08-31 18:20:00,918 [grpc-default-executor-1] INFO  server.RaftServer$Division (RaftServerImpl.java:requestVote(1335)) - cea0c109-6e95-4b2c-982c-0dc77a608767@group-252A861C3683 replies to PRE_VOTE vote request: 14fa2eac-e184-46cf-8dd5-e89808402331<-cea0c109-6e95-4b2c-982c-0dc77a608767#0:OK-t0. Peer's state: cea0c109-6e95-4b2c-982c-0dc77a608767@group-252A861C3683:t0, leader=null, voted=, raftlog=Memoized:cea0c109-6e95-4b2c-982c-0dc77a608767@group-252A861C3683-SegmentedRaftLog:OPENED:c-1, conf=-1: peers:[14fa2eac-e184-46cf-8dd5-e89808402331|rpc:10.1.0.8:15129|admin:10.1.0.8:15128|client:10.1.0.8:15127|dataStream:10.1.0.8:15130|priority:1|startupRole:FOLLOWER, cea0c109-6e95-4b2c-982c-0dc77a608767|rpc:10.1.0.8:15120|admin:10.1.0.8:15119|client:10.1.0.8:15118|dataStream:10.1.0.8:15121|priority:0|startupRole:FOLLOWER, b680699b-c9cb-4670-83ba-783bfe62cfe5|rpc:10.1.0.8:15138|admin:10.1.0.8:15137|client:10.1.0.8:15136|dataStream:10.1.0.8:15139|priority:0|startupRole:FOLLOWER]|listeners:[], old=null
2023-08-31 18:20:00,920 [14fa2eac-e184-46cf-8dd5-e89808402331@group-8A8C37717FC6-FollowerState] INFO  impl.FollowerState (FollowerState.java:run(143)) - 14fa2eac-e184-46cf-8dd5-e89808402331@group-8A8C37717FC6-FollowerState: change to CANDIDATE, lastRpcElapsedTime:5047398827ns, electionTimeout:5046ms
2023-08-31 18:20:00,920 [14fa2eac-e184-46cf-8dd5-e89808402331@group-8A8C37717FC6-FollowerState] INFO  impl.RoleInfo (RoleInfo.java:shutdownFollowerState(110)) - 14fa2eac-e184-46cf-8dd5-e89808402331: shutdown 14fa2eac-e184-46cf-8dd5-e89808402331@group-8A8C37717FC6-FollowerState
2023-08-31 18:20:00,920 [14fa2eac-e184-46cf-8dd5-e89808402331@group-8A8C37717FC6-FollowerState] INFO  server.RaftServer$Division (RaftServerImpl.java:setRole(329)) - 14fa2eac-e184-46cf-8dd5-e89808402331@group-8A8C37717FC6: changes role from  FOLLOWER to CANDIDATE at term 0 for changeToCandidate
2023-08-31 18:20:00,920 [14fa2eac-e184-46cf-8dd5-e89808402331@group-8A8C37717FC6-FollowerState] INFO  server.RaftServerConfigKeys (ConfUtils.java:logGet(46)) - raft.server.leaderelection.pre-vote = true (default)
2023-08-31 18:20:00,920 [14fa2eac-e184-46cf-8dd5-e89808402331@group-8A8C37717FC6-FollowerState] INFO  impl.RoleInfo (RoleInfo.java:updateAndGet(139)) - 14fa2eac-e184-46cf-8dd5-e89808402331: start 14fa2eac-e184-46cf-8dd5-e89808402331@group-8A8C37717FC6-LeaderElection24
2023-08-31 18:20:00,928 [14fa2eac-e184-46cf-8dd5-e89808402331@group-252A861C3683-LeaderElection23] INFO  impl.LeaderElection (LeaderElection.java:logAndReturn(90)) - 14fa2eac-e184-46cf-8dd5-e89808402331@group-252A861C3683-LeaderElection23: PRE_VOTE PASSED received 1 response(s) and 0 exception(s):
2023-08-31 18:20:00,928 [14fa2eac-e184-46cf-8dd5-e89808402331@group-252A861C3683-LeaderElection23] INFO  impl.LeaderElection (LeaderElection.java:logAndReturn(94)) -   Response 0: 14fa2eac-e184-46cf-8dd5-e89808402331<-cea0c109-6e95-4b2c-982c-0dc77a608767#0:OK-t0
2023-08-31 18:20:00,928 [14fa2eac-e184-46cf-8dd5-e89808402331@group-252A861C3683-LeaderElection23] INFO  impl.LeaderElection (LeaderElection.java:askForVotes(323)) - 14fa2eac-e184-46cf-8dd5-e89808402331@group-252A861C3683-LeaderElection23 PRE_VOTE round 0: result PASSED
2023-08-31 18:20:00,932 [14fa2eac-e184-46cf-8dd5-e89808402331@group-252A861C3683-LeaderElection23] INFO  impl.LeaderElection (LeaderElection.java:askForVotes(321)) - 14fa2eac-e184-46cf-8dd5-e89808402331@group-252A861C3683-LeaderElection23 ELECTION round 0: submit vote requests at term 1 for -1: peers:[14fa2eac-e184-46cf-8dd5-e89808402331|rpc:10.1.0.8:15129|admin:10.1.0.8:15128|client:10.1.0.8:15127|dataStream:10.1.0.8:15130|priority:1|startupRole:FOLLOWER, cea0c109-6e95-4b2c-982c-0dc77a608767|rpc:10.1.0.8:15120|admin:10.1.0.8:15119|client:10.1.0.8:15118|dataStream:10.1.0.8:15121|priority:0|startupRole:FOLLOWER, b680699b-c9cb-4670-83ba-783bfe62cfe5|rpc:10.1.0.8:15138|admin:10.1.0.8:15137|client:10.1.0.8:15136|dataStream:10.1.0.8:15139|priority:0|startupRole:FOLLOWER]|listeners:[], old=null
2023-08-31 18:20:00,935 [14fa2eac-e184-46cf-8dd5-e89808402331@group-252A861C3683-LeaderElection23] INFO  server.RaftServerConfigKeys (ConfUtils.java:logFallback(53)) - raft.server.rpc.first-election.timeout.min = 5s (fallback to raft.server.rpc.timeout.min)
2023-08-31 18:20:00,935 [14fa2eac-e184-46cf-8dd5-e89808402331@group-252A861C3683-LeaderElection23] INFO  server.RaftServerConfigKeys (ConfUtils.java:logFallback(53)) - raft.server.rpc.first-election.timeout.max = 5200ms (fallback to raft.server.rpc.timeout.max)
2023-08-31 18:20:00,939 [grpc-default-executor-1] INFO  server.RaftServer$Division (RaftServerImpl.java:requestVote(1302)) - cea0c109-6e95-4b2c-982c-0dc77a608767@group-252A861C3683: receive requestVote(ELECTION, 14fa2eac-e184-46cf-8dd5-e89808402331, group-252A861C3683, 1, (t:0, i:0))
2023-08-31 18:20:00,939 [grpc-default-executor-0] INFO  server.RaftServer$Division (RaftServerImpl.java:requestVote(1302)) - b680699b-c9cb-4670-83ba-783bfe62cfe5@group-252A861C3683: receive requestVote(ELECTION, 14fa2eac-e184-46cf-8dd5-e89808402331, group-252A861C3683, 1, (t:0, i:0))
2023-08-31 18:20:00,939 [grpc-default-executor-1] INFO  impl.VoteContext (VoteContext.java:log(49)) - cea0c109-6e95-4b2c-982c-0dc77a608767@group-252A861C3683-FOLLOWER: accept ELECTION from 14fa2eac-e184-46cf-8dd5-e89808402331: our priority 0 <= candidate's priority 1
2023-08-31 18:20:00,939 [grpc-default-executor-0] INFO  impl.VoteContext (VoteContext.java:log(49)) - b680699b-c9cb-4670-83ba-783bfe62cfe5@group-252A861C3683-FOLLOWER: accept ELECTION from 14fa2eac-e184-46cf-8dd5-e89808402331: our priority 0 <= candidate's priority 1
2023-08-31 18:20:00,939 [grpc-default-executor-0] INFO  server.RaftServer$Division (RaftServerImpl.java:setRole(329)) - b680699b-c9cb-4670-83ba-783bfe62cfe5@group-252A861C3683: changes role from  FOLLOWER to FOLLOWER at term 1 for candidate:14fa2eac-e184-46cf-8dd5-e89808402331
2023-08-31 18:20:00,940 [14fa2eac-e184-46cf-8dd5-e89808402331@group-8A8C37717FC6-LeaderElection24] INFO  impl.LeaderElection (LeaderElection.java:askForVotes(321)) - 14fa2eac-e184-46cf-8dd5-e89808402331@group-8A8C37717FC6-LeaderElection24 PRE_VOTE round 0: submit vote requests at term 0 for -1: peers:[14fa2eac-e184-46cf-8dd5-e89808402331|rpc:10.1.0.8:15129|admin:10.1.0.8:15128|client:10.1.0.8:15127|dataStream:10.1.0.8:15130|priority:0|startupRole:FOLLOWER, cea0c109-6e95-4b2c-982c-0dc77a608767|rpc:10.1.0.8:15120|admin:10.1.0.8:15119|client:10.1.0.8:15118|dataStream:10.1.0.8:15121|priority:0|startupRole:FOLLOWER, b680699b-c9cb-4670-83ba-783bfe62cfe5|rpc:10.1.0.8:15138|admin:10.1.0.8:15137|client:10.1.0.8:15136|dataStream:10.1.0.8:15139|priority:1|startupRole:FOLLOWER]|listeners:[], old=null
2023-08-31 18:20:00,939 [grpc-default-executor-1] INFO  server.RaftServer$Division (RaftServerImpl.java:setRole(329)) - cea0c109-6e95-4b2c-982c-0dc77a608767@group-252A861C3683: changes role from  FOLLOWER to FOLLOWER at term 1 for candidate:14fa2eac-e184-46cf-8dd5-e89808402331
2023-08-31 18:20:00,940 [grpc-default-executor-1] INFO  impl.RoleInfo (RoleInfo.java:shutdownFollowerState(110)) - cea0c109-6e95-4b2c-982c-0dc77a608767: shutdown cea0c109-6e95-4b2c-982c-0dc77a608767@group-252A861C3683-FollowerState
2023-08-31 18:20:00,940 [grpc-default-executor-0] INFO  impl.RoleInfo (RoleInfo.java:shutdownFollowerState(110)) - b680699b-c9cb-4670-83ba-783bfe62cfe5: shutdown b680699b-c9cb-4670-83ba-783bfe62cfe5@group-252A861C3683-FollowerState
2023-08-31 18:20:00,948 [14fa2eac-e184-46cf-8dd5-e89808402331@group-8A8C37717FC6-LeaderElection24] INFO  server.RaftServerConfigKeys (ConfUtils.java:logFallback(53)) - raft.server.rpc.first-election.timeout.min = 5s (fallback to raft.server.rpc.timeout.min)
2023-08-31 18:20:00,948 [14fa2eac-e184-46cf-8dd5-e89808402331@group-8A8C37717FC6-LeaderElection24] INFO  server.RaftServerConfigKeys (ConfUtils.java:logFallback(53)) - raft.server.rpc.first-election.timeout.max = 5200ms (fallback to raft.server.rpc.timeout.max)
2023-08-31 18:20:00,948 [grpc-default-executor-0] INFO  impl.RoleInfo (RoleInfo.java:updateAndGet(139)) - b680699b-c9cb-4670-83ba-783bfe62cfe5: start b680699b-c9cb-4670-83ba-783bfe62cfe5@group-252A861C3683-FollowerState
2023-08-31 18:20:00,948 [b680699b-c9cb-4670-83ba-783bfe62cfe5@group-252A861C3683-FollowerState] INFO  impl.FollowerState (FollowerState.java:run(152)) - b680699b-c9cb-4670-83ba-783bfe62cfe5@group-252A861C3683-FollowerState was interrupted
2023-08-31 18:20:00,952 [grpc-default-executor-1] INFO  impl.RoleInfo (RoleInfo.java:updateAndGet(139)) - cea0c109-6e95-4b2c-982c-0dc77a608767: start cea0c109-6e95-4b2c-982c-0dc77a608767@group-252A861C3683-FollowerState
2023-08-31 18:20:00,952 [cea0c109-6e95-4b2c-982c-0dc77a608767@group-252A861C3683-FollowerState] INFO  impl.FollowerState (FollowerState.java:run(152)) - cea0c109-6e95-4b2c-982c-0dc77a608767@group-252A861C3683-FollowerState was interrupted
2023-08-31 18:20:00,954 [grpc-default-executor-0] INFO  server.RaftServer$Division (RaftServerImpl.java:requestVote(1335)) - b680699b-c9cb-4670-83ba-783bfe62cfe5@group-252A861C3683 replies to ELECTION vote request: 14fa2eac-e184-46cf-8dd5-e89808402331<-b680699b-c9cb-4670-83ba-783bfe62cfe5#0:OK-t1. Peer's state: b680699b-c9cb-4670-83ba-783bfe62cfe5@group-252A861C3683:t1, leader=null, voted=14fa2eac-e184-46cf-8dd5-e89808402331, raftlog=Memoized:b680699b-c9cb-4670-83ba-783bfe62cfe5@group-252A861C3683-SegmentedRaftLog:OPENED:c-1, conf=-1: peers:[14fa2eac-e184-46cf-8dd5-e89808402331|rpc:10.1.0.8:15129|admin:10.1.0.8:15128|client:10.1.0.8:15127|dataStream:10.1.0.8:15130|priority:1|startupRole:FOLLOWER, cea0c109-6e95-4b2c-982c-0dc77a608767|rpc:10.1.0.8:15120|admin:10.1.0.8:15119|client:10.1.0.8:15118|dataStream:10.1.0.8:15121|priority:0|startupRole:FOLLOWER, b680699b-c9cb-4670-83ba-783bfe62cfe5|rpc:10.1.0.8:15138|admin:10.1.0.8:15137|client:10.1.0.8:15136|dataStream:10.1.0.8:15139|priority:0|startupRole:FOLLOWER]|listeners:[], old=null
2023-08-31 18:20:00,956 [grpc-default-executor-0] INFO  server.RaftServer$Division (RaftServerImpl.java:requestVote(1302)) - b680699b-c9cb-4670-83ba-783bfe62cfe5@group-8A8C37717FC6: receive requestVote(PRE_VOTE, 14fa2eac-e184-46cf-8dd5-e89808402331, group-8A8C37717FC6, 0, (t:0, i:0))
2023-08-31 18:20:00,957 [grpc-default-executor-0] INFO  impl.VoteContext (VoteContext.java:log(49)) - b680699b-c9cb-4670-83ba-783bfe62cfe5@group-8A8C37717FC6-FOLLOWER: reject PRE_VOTE from 14fa2eac-e184-46cf-8dd5-e89808402331: our priority 1 > candidate's priority 0
2023-08-31 18:20:00,957 [grpc-default-executor-0] INFO  server.RaftServer$Division (RaftServerImpl.java:requestVote(1335)) - b680699b-c9cb-4670-83ba-783bfe62cfe5@group-8A8C37717FC6 replies to PRE_VOTE vote request: 14fa2eac-e184-46cf-8dd5-e89808402331<-b680699b-c9cb-4670-83ba-783bfe62cfe5#0:FAIL-t0. Peer's state: b680699b-c9cb-4670-83ba-783bfe62cfe5@group-8A8C37717FC6:t0, leader=null, voted=, raftlog=Memoized:b680699b-c9cb-4670-83ba-783bfe62cfe5@group-8A8C37717FC6-SegmentedRaftLog:OPENED:c-1, conf=-1: peers:[14fa2eac-e184-46cf-8dd5-e89808402331|rpc:10.1.0.8:15129|admin:10.1.0.8:15128|client:10.1.0.8:15127|dataStream:10.1.0.8:15130|priority:0|startupRole:FOLLOWER, cea0c109-6e95-4b2c-982c-0dc77a608767|rpc:10.1.0.8:15120|admin:10.1.0.8:15119|client:10.1.0.8:15118|dataStream:10.1.0.8:15121|priority:0|startupRole:FOLLOWER, b680699b-c9cb-4670-83ba-783bfe62cfe5|rpc:10.1.0.8:15138|admin:10.1.0.8:15137|client:10.1.0.8:15136|dataStream:10.1.0.8:15139|priority:1|startupRole:FOLLOWER]|listeners:[], old=null
2023-08-31 18:20:00,957 [14fa2eac-e184-46cf-8dd5-e89808402331@group-252A861C3683-LeaderElection23] INFO  impl.LeaderElection (LeaderElection.java:logAndReturn(90)) - 14fa2eac-e184-46cf-8dd5-e89808402331@group-252A861C3683-LeaderElection23: ELECTION PASSED received 1 response(s) and 0 exception(s):
2023-08-31 18:20:00,957 [14fa2eac-e184-46cf-8dd5-e89808402331@group-252A861C3683-LeaderElection23] INFO  impl.LeaderElection (LeaderElection.java:logAndReturn(94)) -   Response 0: 14fa2eac-e184-46cf-8dd5-e89808402331<-b680699b-c9cb-4670-83ba-783bfe62cfe5#0:OK-t1
2023-08-31 18:20:00,957 [14fa2eac-e184-46cf-8dd5-e89808402331@group-252A861C3683-LeaderElection23] INFO  impl.LeaderElection (LeaderElection.java:askForVotes(323)) - 14fa2eac-e184-46cf-8dd5-e89808402331@group-252A861C3683-LeaderElection23 ELECTION round 0: result PASSED
2023-08-31 18:20:00,957 [14fa2eac-e184-46cf-8dd5-e89808402331@group-252A861C3683-LeaderElection23] INFO  impl.RoleInfo (RoleInfo.java:shutdownLeaderElection(130)) - 14fa2eac-e184-46cf-8dd5-e89808402331: shutdown 14fa2eac-e184-46cf-8dd5-e89808402331@group-252A861C3683-LeaderElection23
2023-08-31 18:20:00,957 [14fa2eac-e184-46cf-8dd5-e89808402331@group-252A861C3683-LeaderElection23] INFO  server.RaftServer$Division (RaftServerImpl.java:setRole(329)) - 14fa2eac-e184-46cf-8dd5-e89808402331@group-252A861C3683: changes role from CANDIDATE to LEADER at term 1 for changeToLeader
2023-08-31 18:20:00,957 [14fa2eac-e184-46cf-8dd5-e89808402331@group-252A861C3683-LeaderElection23] INFO  ratis.XceiverServerRatis (XceiverServerRatis.java:handleLeaderChangedNotification(902)) - Leader change notification received for group: group-252A861C3683 with new leaderId: 14fa2eac-e184-46cf-8dd5-e89808402331
2023-08-31 18:20:00,957 [14fa2eac-e184-46cf-8dd5-e89808402331@group-8A8C37717FC6-LeaderElection24] INFO  impl.LeaderElection (LeaderElection.java:logAndReturn(90)) - 14fa2eac-e184-46cf-8dd5-e89808402331@group-8A8C37717FC6-LeaderElection24: PRE_VOTE REJECTED received 1 response(s) and 0 exception(s):
2023-08-31 18:20:00,958 [14fa2eac-e184-46cf-8dd5-e89808402331@group-8A8C37717FC6-LeaderElection24] INFO  impl.LeaderElection (LeaderElection.java:logAndReturn(94)) -   Response 0: 14fa2eac-e184-46cf-8dd5-e89808402331<-b680699b-c9cb-4670-83ba-783bfe62cfe5#0:FAIL-t0
2023-08-31 18:20:00,958 [14fa2eac-e184-46cf-8dd5-e89808402331@group-252A861C3683-LeaderElection23] INFO  server.RaftServer$Division (ServerState.java:setLeader(317)) - 14fa2eac-e184-46cf-8dd5-e89808402331@group-252A861C3683: change Leader from null to 14fa2eac-e184-46cf-8dd5-e89808402331 at term 1 for becomeLeader, leader elected after 5222ms
2023-08-31 18:20:00,958 [14fa2eac-e184-46cf-8dd5-e89808402331@group-8A8C37717FC6-LeaderElection24] INFO  impl.LeaderElection (LeaderElection.java:askForVotes(323)) - 14fa2eac-e184-46cf-8dd5-e89808402331@group-8A8C37717FC6-LeaderElection24 PRE_VOTE round 0: result REJECTED
2023-08-31 18:20:00,958 [14fa2eac-e184-46cf-8dd5-e89808402331@group-252A861C3683-LeaderElection23] INFO  server.RaftServerConfigKeys (ConfUtils.java:logGet(46)) - raft.server.staging.catchup.gap = 1000 (default)
2023-08-31 18:20:00,958 [14fa2eac-e184-46cf-8dd5-e89808402331@group-8A8C37717FC6-LeaderElection24] INFO  server.RaftServer$Division (RaftServerImpl.java:setRole(329)) - 14fa2eac-e184-46cf-8dd5-e89808402331@group-8A8C37717FC6: changes role from CANDIDATE to FOLLOWER at term 0 for REJECTED
2023-08-31 18:20:00,958 [14fa2eac-e184-46cf-8dd5-e89808402331@group-8A8C37717FC6-LeaderElection24] INFO  impl.RoleInfo (RoleInfo.java:shutdownLeaderElection(130)) - 14fa2eac-e184-46cf-8dd5-e89808402331: shutdown 14fa2eac-e184-46cf-8dd5-e89808402331@group-8A8C37717FC6-LeaderElection24
2023-08-31 18:20:00,958 [14fa2eac-e184-46cf-8dd5-e89808402331@group-8A8C37717FC6-LeaderElection24] INFO  impl.RoleInfo (RoleInfo.java:updateAndGet(139)) - 14fa2eac-e184-46cf-8dd5-e89808402331: start 14fa2eac-e184-46cf-8dd5-e89808402331@group-8A8C37717FC6-FollowerState
2023-08-31 18:20:00,958 [14fa2eac-e184-46cf-8dd5-e89808402331@group-252A861C3683-LeaderElection23] INFO  server.RaftServerConfigKeys (ConfUtils.java:logGet(46)) - raft.server.write.element-limit = 1024 (custom)
2023-08-31 18:20:00,958 [14fa2eac-e184-46cf-8dd5-e89808402331@group-252A861C3683-LeaderElection23] INFO  server.RaftServerConfigKeys (ConfUtils.java:logGet(46)) - raft.server.write.byte-limit = 1024 M (=1073741824) (custom)
2023-08-31 18:20:00,958 [14fa2eac-e184-46cf-8dd5-e89808402331@group-252A861C3683-LeaderElection23] INFO  server.RaftServerConfigKeys (ConfUtils.java:logGet(46)) - raft.server.watch.timeout = 180s (custom)
2023-08-31 18:20:00,958 [14fa2eac-e184-46cf-8dd5-e89808402331@group-252A861C3683-LeaderElection23] INFO  server.RaftServerConfigKeys (ConfUtils.java:logGet(46)) - raft.server.watch.timeout.denomination = 1s (default)
2023-08-31 18:20:00,958 [14fa2eac-e184-46cf-8dd5-e89808402331@group-252A861C3683-LeaderElection23] INFO  server.RaftServerConfigKeys (ConfUtils.java:logGet(46)) - raft.server.watch.element-limit = 65536 (default)
2023-08-31 18:20:00,958 [14fa2eac-e184-46cf-8dd5-e89808402331@group-252A861C3683-LeaderElection23] INFO  server.RaftServerConfigKeys (ConfUtils.java:logGet(46)) - raft.server.write.element-limit = 1024 (custom)
2023-08-31 18:20:00,959 [14fa2eac-e184-46cf-8dd5-e89808402331@group-252A861C3683-LeaderElection23] INFO  server.RaftServerConfigKeys (ConfUtils.java:logGet(46)) - raft.server.write.follower.gap.ratio.max = -1.0 (default)
2023-08-31 18:20:00,962 [grpc-default-executor-2] INFO  server.RaftServer$Division (RaftServerImpl.java:requestVote(1302)) - cea0c109-6e95-4b2c-982c-0dc77a608767@group-8A8C37717FC6: receive requestVote(PRE_VOTE, 14fa2eac-e184-46cf-8dd5-e89808402331, group-8A8C37717FC6, 0, (t:0, i:0))
2023-08-31 18:20:00,962 [grpc-default-executor-1] INFO  server.RaftServer$Division (RaftServerImpl.java:requestVote(1335)) - cea0c109-6e95-4b2c-982c-0dc77a608767@group-252A861C3683 replies to ELECTION vote request: 14fa2eac-e184-46cf-8dd5-e89808402331<-cea0c109-6e95-4b2c-982c-0dc77a608767#0:OK-t1. Peer's state: cea0c109-6e95-4b2c-982c-0dc77a608767@group-252A861C3683:t1, leader=null, voted=14fa2eac-e184-46cf-8dd5-e89808402331, raftlog=Memoized:cea0c109-6e95-4b2c-982c-0dc77a608767@group-252A861C3683-SegmentedRaftLog:OPENED:c-1, conf=-1: peers:[14fa2eac-e184-46cf-8dd5-e89808402331|rpc:10.1.0.8:15129|admin:10.1.0.8:15128|client:10.1.0.8:15127|dataStream:10.1.0.8:15130|priority:1|startupRole:FOLLOWER, cea0c109-6e95-4b2c-982c-0dc77a608767|rpc:10.1.0.8:15120|admin:10.1.0.8:15119|client:10.1.0.8:15118|dataStream:10.1.0.8:15121|priority:0|startupRole:FOLLOWER, b680699b-c9cb-4670-83ba-783bfe62cfe5|rpc:10.1.0.8:15138|admin:10.1.0.8:15137|client:10.1.0.8:15136|dataStream:10.1.0.8:15139|priority:0|startupRole:FOLLOWER]|listeners:[], old=null
2023-08-31 18:20:00,966 [EventQueue-PipelineReportForPipelineReportHandler] INFO  pipeline.PipelineReportHandler (PipelineReportHandler.java:processPipelineReport(136)) - Opened pipeline PipelineID=03b84fdd-346e-4cf1-b385-252a861c3683
2023-08-31 18:20:00,966 [EventQueue-OpenPipelineForHealthyPipelineSafeModeRule] INFO  safemode.SCMSafeModeManager (HealthyPipelineSafeModeRule.java:process(137)) - SCM in safe mode. Healthy pipelines reported count is 1, required healthy pipeline reported count is 1
2023-08-31 18:20:00,966 [EventQueue-OpenPipelineForHealthyPipelineSafeModeRule] INFO  safemode.SCMSafeModeManager (SCMSafeModeManager.java:validateSafeModeExitRules(200)) - HealthyPipelineSafeModeRule rule is successfully validated
2023-08-31 18:20:00,966 [EventQueue-OpenPipelineForHealthyPipelineSafeModeRule] INFO  safemode.SCMSafeModeManager (SCMSafeModeManager.java:validateSafeModeExitRules(215)) - ScmSafeModeManager, all rules are successfully validated
2023-08-31 18:20:00,967 [EventQueue-OpenPipelineForHealthyPipelineSafeModeRule] INFO  safemode.SCMSafeModeManager (SCMSafeModeManager.java:exitSafeMode(244)) - SCM exiting safe mode.
2023-08-31 18:20:00,967 [EventQueue-OpenPipelineForHealthyPipelineSafeModeRule] INFO  ha.SCMContext (SCMContext.java:updateSafeModeStatus(228)) - Update SafeModeStatus from SafeModeStatus{safeModeStatus=true, preCheckPassed=true} to SafeModeStatus{safeModeStatus=false, preCheckPassed=true}.
2023-08-31 18:20:00,967 [grpc-default-executor-2] INFO  impl.VoteContext (VoteContext.java:log(49)) - cea0c109-6e95-4b2c-982c-0dc77a608767@group-8A8C37717FC6-FOLLOWER: accept PRE_VOTE from 14fa2eac-e184-46cf-8dd5-e89808402331: our priority 0 <= candidate's priority 0
2023-08-31 18:20:00,967 [EventQueue-OpenPipelineForHealthyPipelineSafeModeRule] INFO  pipeline.BackgroundPipelineCreator (BackgroundPipelineCreator.java:notifyStatusChanged(255)) - Service BackgroundPipelineCreator transitions to RUNNING.
2023-08-31 18:20:00,967 [grpc-default-executor-2] INFO  server.RaftServer$Division (RaftServerImpl.java:requestVote(1335)) - cea0c109-6e95-4b2c-982c-0dc77a608767@group-8A8C37717FC6 replies to PRE_VOTE vote request: 14fa2eac-e184-46cf-8dd5-e89808402331<-cea0c109-6e95-4b2c-982c-0dc77a608767#0:OK-t0. Peer's state: cea0c109-6e95-4b2c-982c-0dc77a608767@group-8A8C37717FC6:t0, leader=null, voted=, raftlog=Memoized:cea0c109-6e95-4b2c-982c-0dc77a608767@group-8A8C37717FC6-SegmentedRaftLog:OPENED:c-1, conf=-1: peers:[14fa2eac-e184-46cf-8dd5-e89808402331|rpc:10.1.0.8:15129|admin:10.1.0.8:15128|client:10.1.0.8:15127|dataStream:10.1.0.8:15130|priority:0|startupRole:FOLLOWER, cea0c109-6e95-4b2c-982c-0dc77a608767|rpc:10.1.0.8:15120|admin:10.1.0.8:15119|client:10.1.0.8:15118|dataStream:10.1.0.8:15121|priority:0|startupRole:FOLLOWER, b680699b-c9cb-4670-83ba-783bfe62cfe5|rpc:10.1.0.8:15138|admin:10.1.0.8:15137|client:10.1.0.8:15136|dataStream:10.1.0.8:15139|priority:1|startupRole:FOLLOWER]|listeners:[], old=null
2023-08-31 18:20:00,967 [EventQueue-OpenPipelineForHealthyPipelineSafeModeRule] INFO  BackgroundPipelineScrubber (BackgroundSCMService.java:notifyStatusChanged(82)) - Service BackgroundPipelineScrubber transitions to RUNNING.
2023-08-31 18:20:00,967 [EventQueue-OpenPipelineForHealthyPipelineSafeModeRule] INFO  ExpiredContainerReplicaOpScrubber (BackgroundSCMService.java:notifyStatusChanged(82)) - Service ExpiredContainerReplicaOpScrubber transitions to RUNNING.
2023-08-31 18:20:00,967 [EventQueue-OpenPipelineForHealthyPipelineSafeModeRule] INFO  replication.ReplicationManager (ReplicationManager.java:notifyStatusChanged(1370)) - Service ReplicationManager transitions to RUNNING.
2023-08-31 18:20:00,967 [EventQueue-OpenPipelineForHealthyPipelineSafeModeRule] WARN  balancer.ContainerBalancer (ContainerBalancer.java:shouldRun(134)) - Could not find persisted configuration for ContainerBalancer when checking if ContainerBalancer should run. ContainerBalancer should not run now.
2023-08-31 18:20:00,968 [14fa2eac-e184-46cf-8dd5-e89808402331@group-252A861C3683-LeaderElection23] INFO  server.RaftServerConfigKeys (ConfUtils.java:logGet(46)) - raft.server.log.appender.snapshot.chunk.size.max = 16MB (=16777216) (default)
2023-08-31 18:20:00,968 [14fa2eac-e184-46cf-8dd5-e89808402331@group-252A861C3683-LeaderElection23] INFO  server.RaftServerConfigKeys (ConfUtils.java:logGet(46)) - raft.server.log.appender.buffer.byte-limit = 33554432 (custom)
2023-08-31 18:20:00,968 [14fa2eac-e184-46cf-8dd5-e89808402331@group-252A861C3683-LeaderElection23] INFO  server.RaftServerConfigKeys (ConfUtils.java:logGet(46)) - raft.server.log.appender.buffer.element-limit = 1 (custom)
2023-08-31 18:20:00,968 [14fa2eac-e184-46cf-8dd5-e89808402331@group-252A861C3683-LeaderElection23] INFO  server.RaftServerConfigKeys (ConfUtils.java:logGet(46)) - raft.server.log.appender.wait-time.min = 10ms (default)
2023-08-31 18:20:00,968 [14fa2eac-e184-46cf-8dd5-e89808402331@group-252A861C3683-LeaderElection23] INFO  grpc.GrpcConfigKeys (ConfUtils.java:logGet(46)) - raft.grpc.server.leader.outstanding.appends.max = 128 (default)
2023-08-31 18:20:00,968 [14fa2eac-e184-46cf-8dd5-e89808402331@group-252A861C3683-LeaderElection23] INFO  server.RaftServerConfigKeys (ConfUtils.java:logGet(46)) - raft.server.rpc.request.timeout = 60s (custom)
2023-08-31 18:20:00,968 [14fa2eac-e184-46cf-8dd5-e89808402331@group-252A861C3683-LeaderElection23] INFO  grpc.GrpcConfigKeys (ConfUtils.java:logGet(46)) - raft.grpc.server.install_snapshot.request.element-limit = 8 (default)
2023-08-31 18:20:00,968 [14fa2eac-e184-46cf-8dd5-e89808402331@group-252A861C3683-LeaderElection23] INFO  grpc.GrpcConfigKeys (ConfUtils.java:logGet(46)) - raft.grpc.server.install_snapshot.request.timeout = 3000ms (default)
2023-08-31 18:20:00,968 [14fa2eac-e184-46cf-8dd5-e89808402331@group-252A861C3683-LeaderElection23] INFO  server.RaftServerConfigKeys (ConfUtils.java:logGet(46)) - raft.server.log.appender.install.snapshot.enabled = false (custom)
2023-08-31 18:20:00,968 [14fa2eac-e184-46cf-8dd5-e89808402331@group-252A861C3683-LeaderElection23] INFO  grpc.GrpcConfigKeys (ConfUtils.java:logGet(46)) - raft.grpc.server.heartbeat.channel = true (default)
2023-08-31 18:20:00,969 [14fa2eac-e184-46cf-8dd5-e89808402331@group-252A861C3683-LeaderElection23] INFO  server.RaftServerConfigKeys (ConfUtils.java:logGet(46)) - raft.server.log.appender.snapshot.chunk.size.max = 16MB (=16777216) (default)
2023-08-31 18:20:00,969 [14fa2eac-e184-46cf-8dd5-e89808402331@group-252A861C3683-LeaderElection23] INFO  server.RaftServerConfigKeys (ConfUtils.java:logGet(46)) - raft.server.log.appender.buffer.byte-limit = 33554432 (custom)
2023-08-31 18:20:00,969 [14fa2eac-e184-46cf-8dd5-e89808402331@group-252A861C3683-LeaderElection23] INFO  server.RaftServerConfigKeys (ConfUtils.java:logGet(46)) - raft.server.log.appender.buffer.element-limit = 1 (custom)
2023-08-31 18:20:00,969 [14fa2eac-e184-46cf-8dd5-e89808402331@group-252A861C3683-LeaderElection23] INFO  server.RaftServerConfigKeys (ConfUtils.java:logGet(46)) - raft.server.log.appender.wait-time.min = 10ms (default)
2023-08-31 18:20:00,969 [14fa2eac-e184-46cf-8dd5-e89808402331@group-252A861C3683-LeaderElection23] INFO  grpc.GrpcConfigKeys (ConfUtils.java:logGet(46)) - raft.grpc.server.leader.outstanding.appends.max = 128 (default)
2023-08-31 18:20:00,969 [14fa2eac-e184-46cf-8dd5-e89808402331@group-252A861C3683-LeaderElection23] INFO  server.RaftServerConfigKeys (ConfUtils.java:logGet(46)) - raft.server.rpc.request.timeout = 60s (custom)
2023-08-31 18:20:00,969 [14fa2eac-e184-46cf-8dd5-e89808402331@group-252A861C3683-LeaderElection23] INFO  grpc.GrpcConfigKeys (ConfUtils.java:logGet(46)) - raft.grpc.server.install_snapshot.request.element-limit = 8 (default)
2023-08-31 18:20:00,969 [14fa2eac-e184-46cf-8dd5-e89808402331@group-252A861C3683-LeaderElection23] INFO  grpc.GrpcConfigKeys (ConfUtils.java:logGet(46)) - raft.grpc.server.install_snapshot.request.timeout = 3000ms (default)
2023-08-31 18:20:00,970 [14fa2eac-e184-46cf-8dd5-e89808402331@group-252A861C3683-LeaderElection23] INFO  server.RaftServerConfigKeys (ConfUtils.java:logGet(46)) - raft.server.log.appender.install.snapshot.enabled = false (custom)
2023-08-31 18:20:00,970 [14fa2eac-e184-46cf-8dd5-e89808402331@group-252A861C3683-LeaderElection23] INFO  grpc.GrpcConfigKeys (ConfUtils.java:logGet(46)) - raft.grpc.server.heartbeat.channel = true (default)
2023-08-31 18:20:00,971 [14fa2eac-e184-46cf-8dd5-e89808402331@group-252A861C3683-LeaderElection23] INFO  impl.RoleInfo (RoleInfo.java:updateAndGet(139)) - 14fa2eac-e184-46cf-8dd5-e89808402331: start 14fa2eac-e184-46cf-8dd5-e89808402331@group-252A861C3683-LeaderStateImpl
2023-08-31 18:20:00,971 [14fa2eac-e184-46cf-8dd5-e89808402331@group-252A861C3683-LeaderElection23] INFO  segmented.SegmentedRaftLogWorker (SegmentedRaftLogWorker.java:startLogSegment(447)) - 14fa2eac-e184-46cf-8dd5-e89808402331@group-252A861C3683-SegmentedRaftLogWorker: Starting segment from index:0
2023-08-31 18:20:00,973 [14fa2eac-e184-46cf-8dd5-e89808402331@group-252A861C3683-SegmentedRaftLogWorker] INFO  segmented.SegmentedRaftLogWorker (SegmentedRaftLogWorker.java:execute(651)) - 14fa2eac-e184-46cf-8dd5-e89808402331@group-252A861C3683-SegmentedRaftLogWorker: created new log segment /home/runner/work/ozone/ozone/hadoop-ozone/integration-test/target/test-dir/MiniOzoneClusterImpl-03cba653-44d0-43b4-bc0f-a7205d2183ff/datanode-1/data/ratis/03b84fdd-346e-4cf1-b385-252a861c3683/current/log_inprogress_0
2023-08-31 18:20:00,980 [b680699b-c9cb-4670-83ba-783bfe62cfe5@group-8A8C37717FC6-FollowerState] INFO  impl.FollowerState (FollowerState.java:run(143)) - b680699b-c9cb-4670-83ba-783bfe62cfe5@group-8A8C37717FC6-FollowerState: change to CANDIDATE, lastRpcElapsedTime:5052515846ns, electionTimeout:5031ms
2023-08-31 18:20:00,980 [b680699b-c9cb-4670-83ba-783bfe62cfe5@group-8A8C37717FC6-FollowerState] INFO  impl.RoleInfo (RoleInfo.java:shutdownFollowerState(110)) - b680699b-c9cb-4670-83ba-783bfe62cfe5: shutdown b680699b-c9cb-4670-83ba-783bfe62cfe5@group-8A8C37717FC6-FollowerState
2023-08-31 18:20:00,980 [b680699b-c9cb-4670-83ba-783bfe62cfe5@group-8A8C37717FC6-FollowerState] INFO  server.RaftServer$Division (RaftServerImpl.java:setRole(329)) - b680699b-c9cb-4670-83ba-783bfe62cfe5@group-8A8C37717FC6: changes role from  FOLLOWER to CANDIDATE at term 0 for changeToCandidate
2023-08-31 18:20:00,988 [b680699b-c9cb-4670-83ba-783bfe62cfe5@group-8A8C37717FC6-FollowerState] INFO  server.RaftServerConfigKeys (ConfUtils.java:logGet(46)) - raft.server.leaderelection.pre-vote = true (default)
2023-08-31 18:20:00,988 [b680699b-c9cb-4670-83ba-783bfe62cfe5@group-8A8C37717FC6-FollowerState] INFO  impl.RoleInfo (RoleInfo.java:updateAndGet(139)) - b680699b-c9cb-4670-83ba-783bfe62cfe5: start b680699b-c9cb-4670-83ba-783bfe62cfe5@group-8A8C37717FC6-LeaderElection25
2023-08-31 18:20:00,988 [14fa2eac-e184-46cf-8dd5-e89808402331@group-252A861C3683-LeaderElection23] INFO  server.RaftServer$Division (ServerState.java:setRaftConf(434)) - 14fa2eac-e184-46cf-8dd5-e89808402331@group-252A861C3683: set configuration 0: peers:[14fa2eac-e184-46cf-8dd5-e89808402331|rpc:10.1.0.8:15129|admin:10.1.0.8:15128|client:10.1.0.8:15127|dataStream:10.1.0.8:15130|priority:1|startupRole:FOLLOWER, cea0c109-6e95-4b2c-982c-0dc77a608767|rpc:10.1.0.8:15120|admin:10.1.0.8:15119|client:10.1.0.8:15118|dataStream:10.1.0.8:15121|priority:0|startupRole:FOLLOWER, b680699b-c9cb-4670-83ba-783bfe62cfe5|rpc:10.1.0.8:15138|admin:10.1.0.8:15137|client:10.1.0.8:15136|dataStream:10.1.0.8:15139|priority:0|startupRole:FOLLOWER]|listeners:[], old=null
2023-08-31 18:20:00,988 [cea0c109-6e95-4b2c-982c-0dc77a608767@group-8A8C37717FC6-FollowerState] INFO  server.RaftServerConfigKeys (ConfUtils.java:logFallback(53)) - raft.server.rpc.first-election.timeout.min = 5s (fallback to raft.server.rpc.timeout.min)
2023-08-31 18:20:00,988 [cea0c109-6e95-4b2c-982c-0dc77a608767@group-8A8C37717FC6-FollowerState] INFO  server.RaftServerConfigKeys (ConfUtils.java:logFallback(53)) - raft.server.rpc.first-election.timeout.max = 5200ms (fallback to raft.server.rpc.timeout.max)
2023-08-31 18:20:00,998 [cea0c109-6e95-4b2c-982c-0dc77a608767-server-thread2] INFO  ratis.XceiverServerRatis (XceiverServerRatis.java:handleLeaderChangedNotification(902)) - Leader change notification received for group: group-252A861C3683 with new leaderId: 14fa2eac-e184-46cf-8dd5-e89808402331
2023-08-31 18:20:00,998 [cea0c109-6e95-4b2c-982c-0dc77a608767-server-thread2] INFO  server.RaftServer$Division (ServerState.java:setLeader(317)) - cea0c109-6e95-4b2c-982c-0dc77a608767@group-252A861C3683: change Leader from null to 14fa2eac-e184-46cf-8dd5-e89808402331 at term 1 for appendEntries, leader elected after 5294ms
2023-08-31 18:20:00,999 [cea0c109-6e95-4b2c-982c-0dc77a608767-server-thread2] INFO  server.RaftServer$Division (ServerState.java:setRaftConf(434)) - cea0c109-6e95-4b2c-982c-0dc77a608767@group-252A861C3683: set configuration 0: peers:[14fa2eac-e184-46cf-8dd5-e89808402331|rpc:10.1.0.8:15129|admin:10.1.0.8:15128|client:10.1.0.8:15127|dataStream:10.1.0.8:15130|priority:1|startupRole:FOLLOWER, cea0c109-6e95-4b2c-982c-0dc77a608767|rpc:10.1.0.8:15120|admin:10.1.0.8:15119|client:10.1.0.8:15118|dataStream:10.1.0.8:15121|priority:0|startupRole:FOLLOWER, b680699b-c9cb-4670-83ba-783bfe62cfe5|rpc:10.1.0.8:15138|admin:10.1.0.8:15137|client:10.1.0.8:15136|dataStream:10.1.0.8:15139|priority:0|startupRole:FOLLOWER]|listeners:[], old=null
2023-08-31 18:20:00,999 [cea0c109-6e95-4b2c-982c-0dc77a608767-server-thread2] INFO  segmented.SegmentedRaftLogWorker (SegmentedRaftLogWorker.java:startLogSegment(447)) - cea0c109-6e95-4b2c-982c-0dc77a608767@group-252A861C3683-SegmentedRaftLogWorker: Starting segment from index:0
2023-08-31 18:20:00,999 [b680699b-c9cb-4670-83ba-783bfe62cfe5@group-8A8C37717FC6-LeaderElection25] INFO  impl.LeaderElection (LeaderElection.java:askForVotes(321)) - b680699b-c9cb-4670-83ba-783bfe62cfe5@group-8A8C37717FC6-LeaderElection25 PRE_VOTE round 0: submit vote requests at term 0 for -1: peers:[14fa2eac-e184-46cf-8dd5-e89808402331|rpc:10.1.0.8:15129|admin:10.1.0.8:15128|client:10.1.0.8:15127|dataStream:10.1.0.8:15130|priority:0|startupRole:FOLLOWER, cea0c109-6e95-4b2c-982c-0dc77a608767|rpc:10.1.0.8:15120|admin:10.1.0.8:15119|client:10.1.0.8:15118|dataStream:10.1.0.8:15121|priority:0|startupRole:FOLLOWER, b680699b-c9cb-4670-83ba-783bfe62cfe5|rpc:10.1.0.8:15138|admin:10.1.0.8:15137|client:10.1.0.8:15136|dataStream:10.1.0.8:15139|priority:1|startupRole:FOLLOWER]|listeners:[], old=null
2023-08-31 18:20:01,000 [b680699b-c9cb-4670-83ba-783bfe62cfe5@group-8A8C37717FC6-LeaderElection25] INFO  server.RaftServerConfigKeys (ConfUtils.java:logFallback(53)) - raft.server.rpc.first-election.timeout.min = 5s (fallback to raft.server.rpc.timeout.min)
2023-08-31 18:20:01,000 [b680699b-c9cb-4670-83ba-783bfe62cfe5@group-8A8C37717FC6-LeaderElection25] INFO  server.RaftServerConfigKeys (ConfUtils.java:logFallback(53)) - raft.server.rpc.first-election.timeout.max = 5200ms (fallback to raft.server.rpc.timeout.max)
2023-08-31 18:20:01,000 [b680699b-c9cb-4670-83ba-783bfe62cfe5-server-thread1] INFO  ratis.XceiverServerRatis (XceiverServerRatis.java:handleLeaderChangedNotification(902)) - Leader change notification received for group: group-252A861C3683 with new leaderId: 14fa2eac-e184-46cf-8dd5-e89808402331
2023-08-31 18:20:01,000 [b680699b-c9cb-4670-83ba-783bfe62cfe5-server-thread1] INFO  server.RaftServer$Division (ServerState.java:setLeader(317)) - b680699b-c9cb-4670-83ba-783bfe62cfe5@group-252A861C3683: change Leader from null to 14fa2eac-e184-46cf-8dd5-e89808402331 at term 1 for appendEntries, leader elected after 5228ms
2023-08-31 18:20:01,001 [cea0c109-6e95-4b2c-982c-0dc77a608767@group-252A861C3683-SegmentedRaftLogWorker] INFO  segmented.SegmentedRaftLogWorker (SegmentedRaftLogWorker.java:execute(651)) - cea0c109-6e95-4b2c-982c-0dc77a608767@group-252A861C3683-SegmentedRaftLogWorker: created new log segment /home/runner/work/ozone/ozone/hadoop-ozone/integration-test/target/test-dir/MiniOzoneClusterImpl-03cba653-44d0-43b4-bc0f-a7205d2183ff/datanode-0/data/ratis/03b84fdd-346e-4cf1-b385-252a861c3683/current/log_inprogress_0
2023-08-31 18:20:01,000 [b680699b-c9cb-4670-83ba-783bfe62cfe5@group-8A8C37717FC6-LeaderElection25-1] INFO  server.GrpcServerProtocolClient (GrpcServerProtocolClient.java:<init>(65)) - Build channel for 14fa2eac-e184-46cf-8dd5-e89808402331
2023-08-31 18:20:01,008 [b680699b-c9cb-4670-83ba-783bfe62cfe5@group-8A8C37717FC6-LeaderElection25-2] INFO  server.GrpcServerProtocolClient (GrpcServerProtocolClient.java:<init>(65)) - Build channel for cea0c109-6e95-4b2c-982c-0dc77a608767
2023-08-31 18:20:01,017 [b680699b-c9cb-4670-83ba-783bfe62cfe5-server-thread2] INFO  server.RaftServer$Division (ServerState.java:setRaftConf(434)) - b680699b-c9cb-4670-83ba-783bfe62cfe5@group-252A861C3683: set configuration 0: peers:[14fa2eac-e184-46cf-8dd5-e89808402331|rpc:10.1.0.8:15129|admin:10.1.0.8:15128|client:10.1.0.8:15127|dataStream:10.1.0.8:15130|priority:1|startupRole:FOLLOWER, cea0c109-6e95-4b2c-982c-0dc77a608767|rpc:10.1.0.8:15120|admin:10.1.0.8:15119|client:10.1.0.8:15118|dataStream:10.1.0.8:15121|priority:0|startupRole:FOLLOWER, b680699b-c9cb-4670-83ba-783bfe62cfe5|rpc:10.1.0.8:15138|admin:10.1.0.8:15137|client:10.1.0.8:15136|dataStream:10.1.0.8:15139|priority:0|startupRole:FOLLOWER]|listeners:[], old=null
2023-08-31 18:20:01,017 [b680699b-c9cb-4670-83ba-783bfe62cfe5-server-thread2] INFO  segmented.SegmentedRaftLogWorker (SegmentedRaftLogWorker.java:startLogSegment(447)) - b680699b-c9cb-4670-83ba-783bfe62cfe5@group-252A861C3683-SegmentedRaftLogWorker: Starting segment from index:0
2023-08-31 18:20:01,020 [b680699b-c9cb-4670-83ba-783bfe62cfe5@group-252A861C3683-SegmentedRaftLogWorker] INFO  segmented.SegmentedRaftLogWorker (SegmentedRaftLogWorker.java:execute(651)) - b680699b-c9cb-4670-83ba-783bfe62cfe5@group-252A861C3683-SegmentedRaftLogWorker: created new log segment /home/runner/work/ozone/ozone/hadoop-ozone/integration-test/target/test-dir/MiniOzoneClusterImpl-03cba653-44d0-43b4-bc0f-a7205d2183ff/datanode-2/data/ratis/03b84fdd-346e-4cf1-b385-252a861c3683/current/log_inprogress_0
2023-08-31 18:20:01,026 [grpc-default-executor-1] INFO  server.RaftServer$Division (RaftServerImpl.java:requestVote(1302)) - cea0c109-6e95-4b2c-982c-0dc77a608767@group-8A8C37717FC6: receive requestVote(PRE_VOTE, b680699b-c9cb-4670-83ba-783bfe62cfe5, group-8A8C37717FC6, 0, (t:0, i:0))
2023-08-31 18:20:01,026 [grpc-default-executor-1] INFO  impl.VoteContext (VoteContext.java:log(49)) - cea0c109-6e95-4b2c-982c-0dc77a608767@group-8A8C37717FC6-FOLLOWER: accept PRE_VOTE from b680699b-c9cb-4670-83ba-783bfe62cfe5: our priority 0 <= candidate's priority 1
2023-08-31 18:20:01,026 [grpc-default-executor-1] INFO  server.RaftServer$Division (RaftServerImpl.java:requestVote(1335)) - cea0c109-6e95-4b2c-982c-0dc77a608767@group-8A8C37717FC6 replies to PRE_VOTE vote request: b680699b-c9cb-4670-83ba-783bfe62cfe5<-cea0c109-6e95-4b2c-982c-0dc77a608767#0:OK-t0. Peer's state: cea0c109-6e95-4b2c-982c-0dc77a608767@group-8A8C37717FC6:t0, leader=null, voted=, raftlog=Memoized:cea0c109-6e95-4b2c-982c-0dc77a608767@group-8A8C37717FC6-SegmentedRaftLog:OPENED:c-1, conf=-1: peers:[14fa2eac-e184-46cf-8dd5-e89808402331|rpc:10.1.0.8:15129|admin:10.1.0.8:15128|client:10.1.0.8:15127|dataStream:10.1.0.8:15130|priority:0|startupRole:FOLLOWER, cea0c109-6e95-4b2c-982c-0dc77a608767|rpc:10.1.0.8:15120|admin:10.1.0.8:15119|client:10.1.0.8:15118|dataStream:10.1.0.8:15121|priority:0|startupRole:FOLLOWER, b680699b-c9cb-4670-83ba-783bfe62cfe5|rpc:10.1.0.8:15138|admin:10.1.0.8:15137|client:10.1.0.8:15136|dataStream:10.1.0.8:15139|priority:1|startupRole:FOLLOWER]|listeners:[], old=null
2023-08-31 18:20:01,028 [grpc-default-executor-1] INFO  server.RaftServer$Division (RaftServerImpl.java:requestVote(1302)) - 14fa2eac-e184-46cf-8dd5-e89808402331@group-8A8C37717FC6: receive requestVote(PRE_VOTE, b680699b-c9cb-4670-83ba-783bfe62cfe5, group-8A8C37717FC6, 0, (t:0, i:0))
2023-08-31 18:20:01,028 [grpc-default-executor-1] INFO  impl.VoteContext (VoteContext.java:log(49)) - 14fa2eac-e184-46cf-8dd5-e89808402331@group-8A8C37717FC6-FOLLOWER: accept PRE_VOTE from b680699b-c9cb-4670-83ba-783bfe62cfe5: our priority 0 <= candidate's priority 1
2023-08-31 18:20:01,028 [grpc-default-executor-1] INFO  server.RaftServer$Division (RaftServerImpl.java:requestVote(1335)) - 14fa2eac-e184-46cf-8dd5-e89808402331@group-8A8C37717FC6 replies to PRE_VOTE vote request: b680699b-c9cb-4670-83ba-783bfe62cfe5<-14fa2eac-e184-46cf-8dd5-e89808402331#0:OK-t0. Peer's state: 14fa2eac-e184-46cf-8dd5-e89808402331@group-8A8C37717FC6:t0, leader=null, voted=, raftlog=Memoized:14fa2eac-e184-46cf-8dd5-e89808402331@group-8A8C37717FC6-SegmentedRaftLog:OPENED:c-1, conf=-1: peers:[14fa2eac-e184-46cf-8dd5-e89808402331|rpc:10.1.0.8:15129|admin:10.1.0.8:15128|client:10.1.0.8:15127|dataStream:10.1.0.8:15130|priority:0|startupRole:FOLLOWER, cea0c109-6e95-4b2c-982c-0dc77a608767|rpc:10.1.0.8:15120|admin:10.1.0.8:15119|client:10.1.0.8:15118|dataStream:10.1.0.8:15121|priority:0|startupRole:FOLLOWER, b680699b-c9cb-4670-83ba-783bfe62cfe5|rpc:10.1.0.8:15138|admin:10.1.0.8:15137|client:10.1.0.8:15136|dataStream:10.1.0.8:15139|priority:1|startupRole:FOLLOWER]|listeners:[], old=null
2023-08-31 18:20:01,029 [b680699b-c9cb-4670-83ba-783bfe62cfe5@group-8A8C37717FC6-LeaderElection25] INFO  impl.LeaderElection (LeaderElection.java:logAndReturn(90)) - b680699b-c9cb-4670-83ba-783bfe62cfe5@group-8A8C37717FC6-LeaderElection25: PRE_VOTE PASSED received 1 response(s) and 0 exception(s):
2023-08-31 18:20:01,029 [b680699b-c9cb-4670-83ba-783bfe62cfe5@group-8A8C37717FC6-LeaderElection25] INFO  impl.LeaderElection (LeaderElection.java:logAndReturn(94)) -   Response 0: b680699b-c9cb-4670-83ba-783bfe62cfe5<-cea0c109-6e95-4b2c-982c-0dc77a608767#0:OK-t0
2023-08-31 18:20:01,029 [b680699b-c9cb-4670-83ba-783bfe62cfe5@group-8A8C37717FC6-LeaderElection25] INFO  impl.LeaderElection (LeaderElection.java:askForVotes(323)) - b680699b-c9cb-4670-83ba-783bfe62cfe5@group-8A8C37717FC6-LeaderElection25 PRE_VOTE round 0: result PASSED
2023-08-31 18:20:01,033 [b680699b-c9cb-4670-83ba-783bfe62cfe5@group-8A8C37717FC6-LeaderElection25] INFO  impl.LeaderElection (LeaderElection.java:askForVotes(321)) - b680699b-c9cb-4670-83ba-783bfe62cfe5@group-8A8C37717FC6-LeaderElection25 ELECTION round 0: submit vote requests at term 1 for -1: peers:[14fa2eac-e184-46cf-8dd5-e89808402331|rpc:10.1.0.8:15129|admin:10.1.0.8:15128|client:10.1.0.8:15127|dataStream:10.1.0.8:15130|priority:0|startupRole:FOLLOWER, cea0c109-6e95-4b2c-982c-0dc77a608767|rpc:10.1.0.8:15120|admin:10.1.0.8:15119|client:10.1.0.8:15118|dataStream:10.1.0.8:15121|priority:0|startupRole:FOLLOWER, b680699b-c9cb-4670-83ba-783bfe62cfe5|rpc:10.1.0.8:15138|admin:10.1.0.8:15137|client:10.1.0.8:15136|dataStream:10.1.0.8:15139|priority:1|startupRole:FOLLOWER]|listeners:[], old=null
2023-08-31 18:20:01,044 [b680699b-c9cb-4670-83ba-783bfe62cfe5@group-8A8C37717FC6-LeaderElection25] INFO  server.RaftServerConfigKeys (ConfUtils.java:logFallback(53)) - raft.server.rpc.first-election.timeout.min = 5s (fallback to raft.server.rpc.timeout.min)
2023-08-31 18:20:01,044 [b680699b-c9cb-4670-83ba-783bfe62cfe5@group-8A8C37717FC6-LeaderElection25] INFO  server.RaftServerConfigKeys (ConfUtils.java:logFallback(53)) - raft.server.rpc.first-election.timeout.max = 5200ms (fallback to raft.server.rpc.timeout.max)
2023-08-31 18:20:01,045 [grpc-default-executor-1] INFO  server.RaftServer$Division (RaftServerImpl.java:requestVote(1302)) - 14fa2eac-e184-46cf-8dd5-e89808402331@group-8A8C37717FC6: receive requestVote(ELECTION, b680699b-c9cb-4670-83ba-783bfe62cfe5, group-8A8C37717FC6, 1, (t:0, i:0))
2023-08-31 18:20:01,045 [grpc-default-executor-1] INFO  impl.VoteContext (VoteContext.java:log(49)) - 14fa2eac-e184-46cf-8dd5-e89808402331@group-8A8C37717FC6-FOLLOWER: accept ELECTION from b680699b-c9cb-4670-83ba-783bfe62cfe5: our priority 0 <= candidate's priority 1
2023-08-31 18:20:01,045 [grpc-default-executor-1] INFO  server.RaftServer$Division (RaftServerImpl.java:setRole(329)) - 14fa2eac-e184-46cf-8dd5-e89808402331@group-8A8C37717FC6: changes role from  FOLLOWER to FOLLOWER at term 1 for candidate:b680699b-c9cb-4670-83ba-783bfe62cfe5
2023-08-31 18:20:01,046 [grpc-default-executor-1] INFO  impl.RoleInfo (RoleInfo.java:shutdownFollowerState(110)) - 14fa2eac-e184-46cf-8dd5-e89808402331: shutdown 14fa2eac-e184-46cf-8dd5-e89808402331@group-8A8C37717FC6-FollowerState
2023-08-31 18:20:01,046 [grpc-default-executor-1] INFO  impl.RoleInfo (RoleInfo.java:updateAndGet(139)) - 14fa2eac-e184-46cf-8dd5-e89808402331: start 14fa2eac-e184-46cf-8dd5-e89808402331@group-8A8C37717FC6-FollowerState
2023-08-31 18:20:01,046 [14fa2eac-e184-46cf-8dd5-e89808402331@group-8A8C37717FC6-FollowerState] INFO  impl.FollowerState (FollowerState.java:run(152)) - 14fa2eac-e184-46cf-8dd5-e89808402331@group-8A8C37717FC6-FollowerState was interrupted
2023-08-31 18:20:01,064 [grpc-default-executor-4] INFO  server.RaftServer$Division (RaftServerImpl.java:requestVote(1302)) - cea0c109-6e95-4b2c-982c-0dc77a608767@group-8A8C37717FC6: receive requestVote(ELECTION, b680699b-c9cb-4670-83ba-783bfe62cfe5, group-8A8C37717FC6, 1, (t:0, i:0))
2023-08-31 18:20:01,064 [grpc-default-executor-4] INFO  impl.VoteContext (VoteContext.java:log(49)) - cea0c109-6e95-4b2c-982c-0dc77a608767@group-8A8C37717FC6-FOLLOWER: accept ELECTION from b680699b-c9cb-4670-83ba-783bfe62cfe5: our priority 0 <= candidate's priority 1
2023-08-31 18:20:01,064 [grpc-default-executor-4] INFO  server.RaftServer$Division (RaftServerImpl.java:setRole(329)) - cea0c109-6e95-4b2c-982c-0dc77a608767@group-8A8C37717FC6: changes role from  FOLLOWER to FOLLOWER at term 1 for candidate:b680699b-c9cb-4670-83ba-783bfe62cfe5
2023-08-31 18:20:01,064 [grpc-default-executor-4] INFO  impl.RoleInfo (RoleInfo.java:shutdownFollowerState(110)) - cea0c109-6e95-4b2c-982c-0dc77a608767: shutdown cea0c109-6e95-4b2c-982c-0dc77a608767@group-8A8C37717FC6-FollowerState
2023-08-31 18:20:01,064 [grpc-default-executor-4] INFO  impl.RoleInfo (RoleInfo.java:updateAndGet(139)) - cea0c109-6e95-4b2c-982c-0dc77a608767: start cea0c109-6e95-4b2c-982c-0dc77a608767@group-8A8C37717FC6-FollowerState
2023-08-31 18:20:01,064 [cea0c109-6e95-4b2c-982c-0dc77a608767@group-8A8C37717FC6-FollowerState] INFO  impl.FollowerState (FollowerState.java:run(152)) - cea0c109-6e95-4b2c-982c-0dc77a608767@group-8A8C37717FC6-FollowerState was interrupted
2023-08-31 18:20:01,068 [grpc-default-executor-1] INFO  server.RaftServer$Division (RaftServerImpl.java:requestVote(1335)) - 14fa2eac-e184-46cf-8dd5-e89808402331@group-8A8C37717FC6 replies to ELECTION vote request: b680699b-c9cb-4670-83ba-783bfe62cfe5<-14fa2eac-e184-46cf-8dd5-e89808402331#0:OK-t1. Peer's state: 14fa2eac-e184-46cf-8dd5-e89808402331@group-8A8C37717FC6:t1, leader=null, voted=b680699b-c9cb-4670-83ba-783bfe62cfe5, raftlog=Memoized:14fa2eac-e184-46cf-8dd5-e89808402331@group-8A8C37717FC6-SegmentedRaftLog:OPENED:c-1, conf=-1: peers:[14fa2eac-e184-46cf-8dd5-e89808402331|rpc:10.1.0.8:15129|admin:10.1.0.8:15128|client:10.1.0.8:15127|dataStream:10.1.0.8:15130|priority:0|startupRole:FOLLOWER, cea0c109-6e95-4b2c-982c-0dc77a608767|rpc:10.1.0.8:15120|admin:10.1.0.8:15119|client:10.1.0.8:15118|dataStream:10.1.0.8:15121|priority:0|startupRole:FOLLOWER, b680699b-c9cb-4670-83ba-783bfe62cfe5|rpc:10.1.0.8:15138|admin:10.1.0.8:15137|client:10.1.0.8:15136|dataStream:10.1.0.8:15139|priority:1|startupRole:FOLLOWER]|listeners:[], old=null
2023-08-31 18:20:01,069 [b680699b-c9cb-4670-83ba-783bfe62cfe5@group-8A8C37717FC6-LeaderElection25] INFO  impl.LeaderElection (LeaderElection.java:logAndReturn(90)) - b680699b-c9cb-4670-83ba-783bfe62cfe5@group-8A8C37717FC6-LeaderElection25: ELECTION PASSED received 1 response(s) and 0 exception(s):
2023-08-31 18:20:01,069 [b680699b-c9cb-4670-83ba-783bfe62cfe5@group-8A8C37717FC6-LeaderElection25] INFO  impl.LeaderElection (LeaderElection.java:logAndReturn(94)) -   Response 0: b680699b-c9cb-4670-83ba-783bfe62cfe5<-14fa2eac-e184-46cf-8dd5-e89808402331#0:OK-t1
2023-08-31 18:20:01,069 [b680699b-c9cb-4670-83ba-783bfe62cfe5@group-8A8C37717FC6-LeaderElection25] INFO  impl.LeaderElection (LeaderElection.java:askForVotes(323)) - b680699b-c9cb-4670-83ba-783bfe62cfe5@group-8A8C37717FC6-LeaderElection25 ELECTION round 0: result PASSED
2023-08-31 18:20:01,070 [b680699b-c9cb-4670-83ba-783bfe62cfe5@group-8A8C37717FC6-LeaderElection25] INFO  impl.RoleInfo (RoleInfo.java:shutdownLeaderElection(130)) - b680699b-c9cb-4670-83ba-783bfe62cfe5: shutdown b680699b-c9cb-4670-83ba-783bfe62cfe5@group-8A8C37717FC6-LeaderElection25
2023-08-31 18:20:01,070 [b680699b-c9cb-4670-83ba-783bfe62cfe5@group-8A8C37717FC6-LeaderElection25] INFO  server.RaftServer$Division (RaftServerImpl.java:setRole(329)) - b680699b-c9cb-4670-83ba-783bfe62cfe5@group-8A8C37717FC6: changes role from CANDIDATE to LEADER at term 1 for changeToLeader
2023-08-31 18:20:01,070 [b680699b-c9cb-4670-83ba-783bfe62cfe5@group-8A8C37717FC6-LeaderElection25] INFO  ratis.XceiverServerRatis (XceiverServerRatis.java:handleLeaderChangedNotification(902)) - Leader change notification received for group: group-8A8C37717FC6 with new leaderId: b680699b-c9cb-4670-83ba-783bfe62cfe5
2023-08-31 18:20:01,070 [b680699b-c9cb-4670-83ba-783bfe62cfe5@group-8A8C37717FC6-LeaderElection25] INFO  server.RaftServer$Division (ServerState.java:setLeader(317)) - b680699b-c9cb-4670-83ba-783bfe62cfe5@group-8A8C37717FC6: change Leader from null to b680699b-c9cb-4670-83ba-783bfe62cfe5 at term 1 for becomeLeader, leader elected after 5159ms
2023-08-31 18:20:01,070 [b680699b-c9cb-4670-83ba-783bfe62cfe5@group-8A8C37717FC6-LeaderElection25] INFO  server.RaftServerConfigKeys (ConfUtils.java:logGet(46)) - raft.server.staging.catchup.gap = 1000 (default)
2023-08-31 18:20:01,070 [b680699b-c9cb-4670-83ba-783bfe62cfe5@group-8A8C37717FC6-LeaderElection25] INFO  server.RaftServerConfigKeys (ConfUtils.java:logGet(46)) - raft.server.write.element-limit = 1024 (custom)
2023-08-31 18:20:01,070 [b680699b-c9cb-4670-83ba-783bfe62cfe5@group-8A8C37717FC6-LeaderElection25] INFO  server.RaftServerConfigKeys (ConfUtils.java:logGet(46)) - raft.server.write.byte-limit = 1024 M (=1073741824) (custom)
2023-08-31 18:20:01,070 [b680699b-c9cb-4670-83ba-783bfe62cfe5@group-8A8C37717FC6-LeaderElection25] INFO  server.RaftServerConfigKeys (ConfUtils.java:logGet(46)) - raft.server.watch.timeout = 180s (custom)
2023-08-31 18:20:01,070 [b680699b-c9cb-4670-83ba-783bfe62cfe5@group-8A8C37717FC6-LeaderElection25] INFO  server.RaftServerConfigKeys (ConfUtils.java:logGet(46)) - raft.server.watch.timeout.denomination = 1s (default)
2023-08-31 18:20:01,071 [b680699b-c9cb-4670-83ba-783bfe62cfe5@group-8A8C37717FC6-LeaderElection25] INFO  server.RaftServerConfigKeys (ConfUtils.java:logGet(46)) - raft.server.watch.element-limit = 65536 (default)
2023-08-31 18:20:01,071 [b680699b-c9cb-4670-83ba-783bfe62cfe5@group-8A8C37717FC6-LeaderElection25] INFO  server.RaftServerConfigKeys (ConfUtils.java:logGet(46)) - raft.server.write.element-limit = 1024 (custom)
2023-08-31 18:20:01,071 [b680699b-c9cb-4670-83ba-783bfe62cfe5@group-8A8C37717FC6-LeaderElection25] INFO  server.RaftServerConfigKeys (ConfUtils.java:logGet(46)) - raft.server.write.follower.gap.ratio.max = -1.0 (default)
2023-08-31 18:20:01,071 [b680699b-c9cb-4670-83ba-783bfe62cfe5@group-8A8C37717FC6-LeaderElection25] INFO  server.RaftServerConfigKeys (ConfUtils.java:logGet(46)) - raft.server.log.appender.snapshot.chunk.size.max = 16MB (=16777216) (default)
2023-08-31 18:20:01,071 [b680699b-c9cb-4670-83ba-783bfe62cfe5@group-8A8C37717FC6-LeaderElection25] INFO  server.RaftServerConfigKeys (ConfUtils.java:logGet(46)) - raft.server.log.appender.buffer.byte-limit = 33554432 (custom)
2023-08-31 18:20:01,071 [b680699b-c9cb-4670-83ba-783bfe62cfe5@group-8A8C37717FC6-LeaderElection25] INFO  server.RaftServerConfigKeys (ConfUtils.java:logGet(46)) - raft.server.log.appender.buffer.element-limit = 1 (custom)
2023-08-31 18:20:01,072 [b680699b-c9cb-4670-83ba-783bfe62cfe5@group-8A8C37717FC6-LeaderElection25] INFO  server.RaftServerConfigKeys (ConfUtils.java:logGet(46)) - raft.server.log.appender.wait-time.min = 10ms (default)
2023-08-31 18:20:01,074 [b680699b-c9cb-4670-83ba-783bfe62cfe5@group-8A8C37717FC6-LeaderElection25] INFO  grpc.GrpcConfigKeys (ConfUtils.java:logGet(46)) - raft.grpc.server.leader.outstanding.appends.max = 128 (default)
2023-08-31 18:20:01,074 [b680699b-c9cb-4670-83ba-783bfe62cfe5@group-8A8C37717FC6-LeaderElection25] INFO  server.RaftServerConfigKeys (ConfUtils.java:logGet(46)) - raft.server.rpc.request.timeout = 60s (custom)
2023-08-31 18:20:01,074 [b680699b-c9cb-4670-83ba-783bfe62cfe5@group-8A8C37717FC6-LeaderElection25] INFO  grpc.GrpcConfigKeys (ConfUtils.java:logGet(46)) - raft.grpc.server.install_snapshot.request.element-limit = 8 (default)
2023-08-31 18:20:01,074 [b680699b-c9cb-4670-83ba-783bfe62cfe5@group-8A8C37717FC6-LeaderElection25] INFO  grpc.GrpcConfigKeys (ConfUtils.java:logGet(46)) - raft.grpc.server.install_snapshot.request.timeout = 3000ms (default)
2023-08-31 18:20:01,074 [b680699b-c9cb-4670-83ba-783bfe62cfe5@group-8A8C37717FC6-LeaderElection25] INFO  server.RaftServerConfigKeys (ConfUtils.java:logGet(46)) - raft.server.log.appender.install.snapshot.enabled = false (custom)
2023-08-31 18:20:01,074 [b680699b-c9cb-4670-83ba-783bfe62cfe5@group-8A8C37717FC6-LeaderElection25] INFO  grpc.GrpcConfigKeys (ConfUtils.java:logGet(46)) - raft.grpc.server.heartbeat.channel = true (default)
2023-08-31 18:20:01,073 [EventQueue-PipelineReportForPipelineReportHandler] INFO  pipeline.PipelineReportHandler (PipelineReportHandler.java:processPipelineReport(136)) - Opened pipeline PipelineID=ce54d6c1-46f6-4503-ac2d-8a8c37717fc6
2023-08-31 18:20:01,073 [grpc-default-executor-4] INFO  server.RaftServer$Division (RaftServerImpl.java:requestVote(1335)) - cea0c109-6e95-4b2c-982c-0dc77a608767@group-8A8C37717FC6 replies to ELECTION vote request: b680699b-c9cb-4670-83ba-783bfe62cfe5<-cea0c109-6e95-4b2c-982c-0dc77a608767#0:OK-t1. Peer's state: cea0c109-6e95-4b2c-982c-0dc77a608767@group-8A8C37717FC6:t1, leader=null, voted=b680699b-c9cb-4670-83ba-783bfe62cfe5, raftlog=Memoized:cea0c109-6e95-4b2c-982c-0dc77a608767@group-8A8C37717FC6-SegmentedRaftLog:OPENED:c-1, conf=-1: peers:[14fa2eac-e184-46cf-8dd5-e89808402331|rpc:10.1.0.8:15129|admin:10.1.0.8:15128|client:10.1.0.8:15127|dataStream:10.1.0.8:15130|priority:0|startupRole:FOLLOWER, cea0c109-6e95-4b2c-982c-0dc77a608767|rpc:10.1.0.8:15120|admin:10.1.0.8:15119|client:10.1.0.8:15118|dataStream:10.1.0.8:15121|priority:0|startupRole:FOLLOWER, b680699b-c9cb-4670-83ba-783bfe62cfe5|rpc:10.1.0.8:15138|admin:10.1.0.8:15137|client:10.1.0.8:15136|dataStream:10.1.0.8:15139|priority:1|startupRole:FOLLOWER]|listeners:[], old=null
2023-08-31 18:20:01,075 [b680699b-c9cb-4670-83ba-783bfe62cfe5@group-8A8C37717FC6-LeaderElection25] INFO  server.RaftServerConfigKeys (ConfUtils.java:logGet(46)) - raft.server.log.appender.snapshot.chunk.size.max = 16MB (=16777216) (default)
2023-08-31 18:20:01,075 [b680699b-c9cb-4670-83ba-783bfe62cfe5@group-8A8C37717FC6-LeaderElection25] INFO  server.RaftServerConfigKeys (ConfUtils.java:logGet(46)) - raft.server.log.appender.buffer.byte-limit = 33554432 (custom)
2023-08-31 18:20:01,075 [b680699b-c9cb-4670-83ba-783bfe62cfe5@group-8A8C37717FC6-LeaderElection25] INFO  server.RaftServerConfigKeys (ConfUtils.java:logGet(46)) - raft.server.log.appender.buffer.element-limit = 1 (custom)
2023-08-31 18:20:01,075 [b680699b-c9cb-4670-83ba-783bfe62cfe5@group-8A8C37717FC6-LeaderElection25] INFO  server.RaftServerConfigKeys (ConfUtils.java:logGet(46)) - raft.server.log.appender.wait-time.min = 10ms (default)
2023-08-31 18:20:01,076 [b680699b-c9cb-4670-83ba-783bfe62cfe5@group-8A8C37717FC6-LeaderElection25] INFO  grpc.GrpcConfigKeys (ConfUtils.java:logGet(46)) - raft.grpc.server.leader.outstanding.appends.max = 128 (default)
2023-08-31 18:20:01,076 [b680699b-c9cb-4670-83ba-783bfe62cfe5@group-8A8C37717FC6-LeaderElection25] INFO  server.RaftServerConfigKeys (ConfUtils.java:logGet(46)) - raft.server.rpc.request.timeout = 60s (custom)
2023-08-31 18:20:01,076 [b680699b-c9cb-4670-83ba-783bfe62cfe5@group-8A8C37717FC6-LeaderElection25] INFO  grpc.GrpcConfigKeys (ConfUtils.java:logGet(46)) - raft.grpc.server.install_snapshot.request.element-limit = 8 (default)
2023-08-31 18:20:01,076 [b680699b-c9cb-4670-83ba-783bfe62cfe5@group-8A8C37717FC6-LeaderElection25] INFO  grpc.GrpcConfigKeys (ConfUtils.java:logGet(46)) - raft.grpc.server.install_snapshot.request.timeout = 3000ms (default)
2023-08-31 18:20:01,076 [b680699b-c9cb-4670-83ba-783bfe62cfe5@group-8A8C37717FC6-LeaderElection25] INFO  server.RaftServerConfigKeys (ConfUtils.java:logGet(46)) - raft.server.log.appender.install.snapshot.enabled = false (custom)
2023-08-31 18:20:01,076 [b680699b-c9cb-4670-83ba-783bfe62cfe5@group-8A8C37717FC6-LeaderElection25] INFO  grpc.GrpcConfigKeys (ConfUtils.java:logGet(46)) - raft.grpc.server.heartbeat.channel = true (default)
2023-08-31 18:20:01,076 [b680699b-c9cb-4670-83ba-783bfe62cfe5@group-8A8C37717FC6-LeaderElection25] INFO  impl.RoleInfo (RoleInfo.java:updateAndGet(139)) - b680699b-c9cb-4670-83ba-783bfe62cfe5: start b680699b-c9cb-4670-83ba-783bfe62cfe5@group-8A8C37717FC6-LeaderStateImpl
2023-08-31 18:20:01,076 [b680699b-c9cb-4670-83ba-783bfe62cfe5@group-8A8C37717FC6-LeaderElection25] INFO  segmented.SegmentedRaftLogWorker (SegmentedRaftLogWorker.java:startLogSegment(447)) - b680699b-c9cb-4670-83ba-783bfe62cfe5@group-8A8C37717FC6-SegmentedRaftLogWorker: Starting segment from index:0
2023-08-31 18:20:01,078 [b680699b-c9cb-4670-83ba-783bfe62cfe5@group-8A8C37717FC6-SegmentedRaftLogWorker] INFO  segmented.SegmentedRaftLogWorker (SegmentedRaftLogWorker.java:execute(651)) - b680699b-c9cb-4670-83ba-783bfe62cfe5@group-8A8C37717FC6-SegmentedRaftLogWorker: created new log segment /home/runner/work/ozone/ozone/hadoop-ozone/integration-test/target/test-dir/MiniOzoneClusterImpl-03cba653-44d0-43b4-bc0f-a7205d2183ff/datanode-2/data/ratis/ce54d6c1-46f6-4503-ac2d-8a8c37717fc6/current/log_inprogress_0
2023-08-31 18:20:01,086 [b680699b-c9cb-4670-83ba-783bfe62cfe5@group-8A8C37717FC6-LeaderElection25] INFO  server.RaftServer$Division (ServerState.java:setRaftConf(434)) - b680699b-c9cb-4670-83ba-783bfe62cfe5@group-8A8C37717FC6: set configuration 0: peers:[14fa2eac-e184-46cf-8dd5-e89808402331|rpc:10.1.0.8:15129|admin:10.1.0.8:15128|client:10.1.0.8:15127|dataStream:10.1.0.8:15130|priority:0|startupRole:FOLLOWER, cea0c109-6e95-4b2c-982c-0dc77a608767|rpc:10.1.0.8:15120|admin:10.1.0.8:15119|client:10.1.0.8:15118|dataStream:10.1.0.8:15121|priority:0|startupRole:FOLLOWER, b680699b-c9cb-4670-83ba-783bfe62cfe5|rpc:10.1.0.8:15138|admin:10.1.0.8:15137|client:10.1.0.8:15136|dataStream:10.1.0.8:15139|priority:1|startupRole:FOLLOWER]|listeners:[], old=null
2023-08-31 18:20:01,092 [14fa2eac-e184-46cf-8dd5-e89808402331-server-thread1] INFO  ratis.XceiverServerRatis (XceiverServerRatis.java:handleLeaderChangedNotification(902)) - Leader change notification received for group: group-8A8C37717FC6 with new leaderId: b680699b-c9cb-4670-83ba-783bfe62cfe5
2023-08-31 18:20:01,092 [14fa2eac-e184-46cf-8dd5-e89808402331-server-thread1] INFO  server.RaftServer$Division (ServerState.java:setLeader(317)) - 14fa2eac-e184-46cf-8dd5-e89808402331@group-8A8C37717FC6: change Leader from null to b680699b-c9cb-4670-83ba-783bfe62cfe5 at term 1 for appendEntries, leader elected after 5249ms
2023-08-31 18:20:01,102 [cea0c109-6e95-4b2c-982c-0dc77a608767-server-thread1] INFO  ratis.XceiverServerRatis (XceiverServerRatis.java:handleLeaderChangedNotification(902)) - Leader change notification received for group: group-8A8C37717FC6 with new leaderId: b680699b-c9cb-4670-83ba-783bfe62cfe5
2023-08-31 18:20:01,102 [cea0c109-6e95-4b2c-982c-0dc77a608767-server-thread1] INFO  server.RaftServer$Division (ServerState.java:setLeader(317)) - cea0c109-6e95-4b2c-982c-0dc77a608767@group-8A8C37717FC6: change Leader from null to b680699b-c9cb-4670-83ba-783bfe62cfe5 at term 1 for appendEntries, leader elected after 5295ms
2023-08-31 18:20:01,103 [14fa2eac-e184-46cf-8dd5-e89808402331-server-thread2] INFO  server.RaftServer$Division (ServerState.java:setRaftConf(434)) - 14fa2eac-e184-46cf-8dd5-e89808402331@group-8A8C37717FC6: set configuration 0: peers:[14fa2eac-e184-46cf-8dd5-e89808402331|rpc:10.1.0.8:15129|admin:10.1.0.8:15128|client:10.1.0.8:15127|dataStream:10.1.0.8:15130|priority:0|startupRole:FOLLOWER, cea0c109-6e95-4b2c-982c-0dc77a608767|rpc:10.1.0.8:15120|admin:10.1.0.8:15119|client:10.1.0.8:15118|dataStream:10.1.0.8:15121|priority:0|startupRole:FOLLOWER, b680699b-c9cb-4670-83ba-783bfe62cfe5|rpc:10.1.0.8:15138|admin:10.1.0.8:15137|client:10.1.0.8:15136|dataStream:10.1.0.8:15139|priority:1|startupRole:FOLLOWER]|listeners:[], old=null
2023-08-31 18:20:01,104 [14fa2eac-e184-46cf-8dd5-e89808402331-server-thread2] INFO  segmented.SegmentedRaftLogWorker (SegmentedRaftLogWorker.java:startLogSegment(447)) - 14fa2eac-e184-46cf-8dd5-e89808402331@group-8A8C37717FC6-SegmentedRaftLogWorker: Starting segment from index:0
2023-08-31 18:20:01,106 [14fa2eac-e184-46cf-8dd5-e89808402331@group-6D24D615B386-FollowerState] INFO  impl.FollowerState (FollowerState.java:run(143)) - 14fa2eac-e184-46cf-8dd5-e89808402331@group-6D24D615B386-FollowerState: change to CANDIDATE, lastRpcElapsedTime:5054620758ns, electionTimeout:5054ms
2023-08-31 18:20:01,107 [14fa2eac-e184-46cf-8dd5-e89808402331@group-6D24D615B386-FollowerState] INFO  impl.RoleInfo (RoleInfo.java:shutdownFollowerState(110)) - 14fa2eac-e184-46cf-8dd5-e89808402331: shutdown 14fa2eac-e184-46cf-8dd5-e89808402331@group-6D24D615B386-FollowerState
2023-08-31 18:20:01,107 [14fa2eac-e184-46cf-8dd5-e89808402331@group-8A8C37717FC6-SegmentedRaftLogWorker] INFO  segmented.SegmentedRaftLogWorker (SegmentedRaftLogWorker.java:execute(651)) - 14fa2eac-e184-46cf-8dd5-e89808402331@group-8A8C37717FC6-SegmentedRaftLogWorker: created new log segment /home/runner/work/ozone/ozone/hadoop-ozone/integration-test/target/test-dir/MiniOzoneClusterImpl-03cba653-44d0-43b4-bc0f-a7205d2183ff/datanode-1/data/ratis/ce54d6c1-46f6-4503-ac2d-8a8c37717fc6/current/log_inprogress_0
2023-08-31 18:20:01,107 [14fa2eac-e184-46cf-8dd5-e89808402331@group-6D24D615B386-FollowerState] INFO  server.RaftServer$Division (RaftServerImpl.java:setRole(329)) - 14fa2eac-e184-46cf-8dd5-e89808402331@group-6D24D615B386: changes role from  FOLLOWER to CANDIDATE at term 0 for changeToCandidate
2023-08-31 18:20:01,107 [14fa2eac-e184-46cf-8dd5-e89808402331@group-6D24D615B386-FollowerState] INFO  server.RaftServerConfigKeys (ConfUtils.java:logGet(46)) - raft.server.leaderelection.pre-vote = true (default)
2023-08-31 18:20:01,107 [14fa2eac-e184-46cf-8dd5-e89808402331@group-6D24D615B386-FollowerState] INFO  impl.RoleInfo (RoleInfo.java:updateAndGet(139)) - 14fa2eac-e184-46cf-8dd5-e89808402331: start 14fa2eac-e184-46cf-8dd5-e89808402331@group-6D24D615B386-LeaderElection26
2023-08-31 18:20:01,113 [cea0c109-6e95-4b2c-982c-0dc77a608767-server-thread2] INFO  server.RaftServer$Division (ServerState.java:setRaftConf(434)) - cea0c109-6e95-4b2c-982c-0dc77a608767@group-8A8C37717FC6: set configuration 0: peers:[14fa2eac-e184-46cf-8dd5-e89808402331|rpc:10.1.0.8:15129|admin:10.1.0.8:15128|client:10.1.0.8:15127|dataStream:10.1.0.8:15130|priority:0|startupRole:FOLLOWER, cea0c109-6e95-4b2c-982c-0dc77a608767|rpc:10.1.0.8:15120|admin:10.1.0.8:15119|client:10.1.0.8:15118|dataStream:10.1.0.8:15121|priority:0|startupRole:FOLLOWER, b680699b-c9cb-4670-83ba-783bfe62cfe5|rpc:10.1.0.8:15138|admin:10.1.0.8:15137|client:10.1.0.8:15136|dataStream:10.1.0.8:15139|priority:1|startupRole:FOLLOWER]|listeners:[], old=null
2023-08-31 18:20:01,113 [cea0c109-6e95-4b2c-982c-0dc77a608767-server-thread2] INFO  segmented.SegmentedRaftLogWorker (SegmentedRaftLogWorker.java:startLogSegment(447)) - cea0c109-6e95-4b2c-982c-0dc77a608767@group-8A8C37717FC6-SegmentedRaftLogWorker: Starting segment from index:0
2023-08-31 18:20:01,115 [cea0c109-6e95-4b2c-982c-0dc77a608767@group-8A8C37717FC6-SegmentedRaftLogWorker] INFO  segmented.SegmentedRaftLogWorker (SegmentedRaftLogWorker.java:execute(651)) - cea0c109-6e95-4b2c-982c-0dc77a608767@group-8A8C37717FC6-SegmentedRaftLogWorker: created new log segment /home/runner/work/ozone/ozone/hadoop-ozone/integration-test/target/test-dir/MiniOzoneClusterImpl-03cba653-44d0-43b4-bc0f-a7205d2183ff/datanode-0/data/ratis/ce54d6c1-46f6-4503-ac2d-8a8c37717fc6/current/log_inprogress_0
2023-08-31 18:20:01,115 [14fa2eac-e184-46cf-8dd5-e89808402331@group-6D24D615B386-LeaderElection26] INFO  impl.LeaderElection (LeaderElection.java:askForVotes(321)) - 14fa2eac-e184-46cf-8dd5-e89808402331@group-6D24D615B386-LeaderElection26 PRE_VOTE round 0: submit vote requests at term 0 for -1: peers:[14fa2eac-e184-46cf-8dd5-e89808402331|rpc:10.1.0.8:15129|admin:10.1.0.8:15128|client:10.1.0.8:15127|dataStream:10.1.0.8:15130|priority:1|startupRole:FOLLOWER]|listeners:[], old=null
2023-08-31 18:20:01,115 [14fa2eac-e184-46cf-8dd5-e89808402331@group-6D24D615B386-LeaderElection26] INFO  impl.LeaderElection (LeaderElection.java:askForVotes(323)) - 14fa2eac-e184-46cf-8dd5-e89808402331@group-6D24D615B386-LeaderElection26 PRE_VOTE round 0: result PASSED (term=0)
2023-08-31 18:20:01,117 [14fa2eac-e184-46cf-8dd5-e89808402331@group-6D24D615B386-LeaderElection26] INFO  impl.LeaderElection (LeaderElection.java:askForVotes(321)) - 14fa2eac-e184-46cf-8dd5-e89808402331@group-6D24D615B386-LeaderElection26 ELECTION round 0: submit vote requests at term 1 for -1: peers:[14fa2eac-e184-46cf-8dd5-e89808402331|rpc:10.1.0.8:15129|admin:10.1.0.8:15128|client:10.1.0.8:15127|dataStream:10.1.0.8:15130|priority:1|startupRole:FOLLOWER]|listeners:[], old=null
2023-08-31 18:20:01,117 [14fa2eac-e184-46cf-8dd5-e89808402331@group-6D24D615B386-LeaderElection26] INFO  impl.LeaderElection (LeaderElection.java:askForVotes(323)) - 14fa2eac-e184-46cf-8dd5-e89808402331@group-6D24D615B386-LeaderElection26 ELECTION round 0: result PASSED (term=1)
2023-08-31 18:20:01,117 [14fa2eac-e184-46cf-8dd5-e89808402331@group-6D24D615B386-LeaderElection26] INFO  impl.RoleInfo (RoleInfo.java:shutdownLeaderElection(130)) - 14fa2eac-e184-46cf-8dd5-e89808402331: shutdown 14fa2eac-e184-46cf-8dd5-e89808402331@group-6D24D615B386-LeaderElection26
2023-08-31 18:20:01,117 [14fa2eac-e184-46cf-8dd5-e89808402331@group-6D24D615B386-LeaderElection26] INFO  server.RaftServer$Division (RaftServerImpl.java:setRole(329)) - 14fa2eac-e184-46cf-8dd5-e89808402331@group-6D24D615B386: changes role from CANDIDATE to LEADER at term 1 for changeToLeader
2023-08-31 18:20:01,117 [14fa2eac-e184-46cf-8dd5-e89808402331@group-6D24D615B386-LeaderElection26] INFO  ratis.XceiverServerRatis (XceiverServerRatis.java:handleLeaderChangedNotification(902)) - Leader change notification received for group: group-6D24D615B386 with new leaderId: 14fa2eac-e184-46cf-8dd5-e89808402331
2023-08-31 18:20:01,118 [14fa2eac-e184-46cf-8dd5-e89808402331@group-6D24D615B386-LeaderElection26] INFO  server.RaftServer$Division (ServerState.java:setLeader(317)) - 14fa2eac-e184-46cf-8dd5-e89808402331@group-6D24D615B386: change Leader from null to 14fa2eac-e184-46cf-8dd5-e89808402331 at term 1 for becomeLeader, leader elected after 5083ms
2023-08-31 18:20:01,119 [14fa2eac-e184-46cf-8dd5-e89808402331@group-6D24D615B386-LeaderElection26] INFO  server.RaftServerConfigKeys (ConfUtils.java:logGet(46)) - raft.server.staging.catchup.gap = 1000 (default)
2023-08-31 18:20:01,119 [14fa2eac-e184-46cf-8dd5-e89808402331@group-6D24D615B386-LeaderElection26] INFO  server.RaftServerConfigKeys (ConfUtils.java:logGet(46)) - raft.server.write.element-limit = 1024 (custom)
2023-08-31 18:20:01,120 [14fa2eac-e184-46cf-8dd5-e89808402331@group-6D24D615B386-LeaderElection26] INFO  server.RaftServerConfigKeys (ConfUtils.java:logGet(46)) - raft.server.write.byte-limit = 1024 M (=1073741824) (custom)
2023-08-31 18:20:01,120 [14fa2eac-e184-46cf-8dd5-e89808402331@group-6D24D615B386-LeaderElection26] INFO  server.RaftServerConfigKeys (ConfUtils.java:logGet(46)) - raft.server.watch.timeout = 180s (custom)
2023-08-31 18:20:01,120 [14fa2eac-e184-46cf-8dd5-e89808402331@group-6D24D615B386-LeaderElection26] INFO  server.RaftServerConfigKeys (ConfUtils.java:logGet(46)) - raft.server.watch.timeout.denomination = 1s (default)
2023-08-31 18:20:01,120 [14fa2eac-e184-46cf-8dd5-e89808402331@group-6D24D615B386-LeaderElection26] INFO  server.RaftServerConfigKeys (ConfUtils.java:logGet(46)) - raft.server.watch.element-limit = 65536 (default)
2023-08-31 18:20:01,121 [14fa2eac-e184-46cf-8dd5-e89808402331@group-6D24D615B386-LeaderElection26] INFO  server.RaftServerConfigKeys (ConfUtils.java:logGet(46)) - raft.server.write.element-limit = 1024 (custom)
2023-08-31 18:20:01,121 [14fa2eac-e184-46cf-8dd5-e89808402331@group-6D24D615B386-LeaderElection26] INFO  server.RaftServerConfigKeys (ConfUtils.java:logGet(46)) - raft.server.write.follower.gap.ratio.max = -1.0 (default)
2023-08-31 18:20:01,121 [14fa2eac-e184-46cf-8dd5-e89808402331@group-6D24D615B386-LeaderElection26] INFO  impl.RoleInfo (RoleInfo.java:updateAndGet(139)) - 14fa2eac-e184-46cf-8dd5-e89808402331: start 14fa2eac-e184-46cf-8dd5-e89808402331@group-6D24D615B386-LeaderStateImpl
2023-08-31 18:20:01,121 [14fa2eac-e184-46cf-8dd5-e89808402331@group-6D24D615B386-LeaderElection26] INFO  segmented.SegmentedRaftLogWorker (SegmentedRaftLogWorker.java:startLogSegment(447)) - 14fa2eac-e184-46cf-8dd5-e89808402331@group-6D24D615B386-SegmentedRaftLogWorker: Starting segment from index:0
2023-08-31 18:20:01,123 [14fa2eac-e184-46cf-8dd5-e89808402331@group-6D24D615B386-SegmentedRaftLogWorker] INFO  segmented.SegmentedRaftLogWorker (SegmentedRaftLogWorker.java:execute(651)) - 14fa2eac-e184-46cf-8dd5-e89808402331@group-6D24D615B386-SegmentedRaftLogWorker: created new log segment /home/runner/work/ozone/ozone/hadoop-ozone/integration-test/target/test-dir/MiniOzoneClusterImpl-03cba653-44d0-43b4-bc0f-a7205d2183ff/datanode-1/data/ratis/541d218e-251f-4b8d-bebd-6d24d615b386/current/log_inprogress_0
2023-08-31 18:20:01,124 [14fa2eac-e184-46cf-8dd5-e89808402331@group-6D24D615B386-LeaderElection26] INFO  server.RaftServer$Division (ServerState.java:setRaftConf(434)) - 14fa2eac-e184-46cf-8dd5-e89808402331@group-6D24D615B386: set configuration 0: peers:[14fa2eac-e184-46cf-8dd5-e89808402331|rpc:10.1.0.8:15129|admin:10.1.0.8:15128|client:10.1.0.8:15127|dataStream:10.1.0.8:15130|priority:1|startupRole:FOLLOWER]|listeners:[], old=null
2023-08-31 18:20:01,235 [main] INFO  ozone.MiniOzoneClusterImpl (MiniOzoneClusterImpl.java:lambda$waitForClusterToBeReady$0(224)) - Nodes are ready. Got 5 of 5 DN Heartbeats.
2023-08-31 18:20:01,235 [main] INFO  ozone.MiniOzoneClusterImpl (MiniOzoneClusterImpl.java:lambda$waitForClusterToBeReady$0(227)) - Cluster exits safe mode
2023-08-31 18:20:01,235 [main] INFO  ozone.MiniOzoneClusterImpl (MiniOzoneClusterImpl.java:lambda$waitForClusterToBeReady$0(229)) - SCM became leader
2023-08-31 18:20:01,258 [main] INFO  rpc.RpcClient (RpcClient.java:createVolume(461)) - Creating Volume: volume40966, with user64357 as owner and space quota set to -1 bytes, counts quota set to -1
2023-08-31 18:20:01,264 [OM StateMachine ApplyTransaction Thread - 0] INFO  volume.OMVolumeCreateRequest (OMVolumeCreateRequest.java:validateAndUpdateCache(196)) - created volume:volume40966 for user:user64357
2023-08-31 18:20:01,269 [main] INFO  rpc.RpcClient (RpcClient.java:createBucket(688)) - Creating Bucket: volume40966/bucket64934, with bucket layout LEGACY, runner as owner, Versioning false, Storage Type set to DISK and Encryption set to false, Replication Type set to server-side default replication type, Namespace Quota set to -1, Space Quota set to -1 
2023-08-31 18:20:01,271 [OM StateMachine ApplyTransaction Thread - 0] INFO  bucket.OMBucketCreateRequest (OMBucketCreateRequest.java:validateAndUpdateCache(270)) - created bucket: bucket64934 of layout LEGACY in volume: volume40966
]]></system-out>
  </testcase>
  <testcase name="testGetTrashRoot" classname="TestOzoneFileSystem" time="18.303">
    <system-out><![CDATA[2023-08-31 18:21:11,578 [main] INFO  ozone.MiniOzoneClusterImpl (MiniOzoneClusterImpl.java:shutdown(443)) - Shutting down the Mini Ozone Cluster
2023-08-31 18:21:11,579 [main] INFO  ozone.MiniOzoneClusterImpl (MiniOzoneClusterImpl.java:stop(460)) - Stopping the Mini Ozone Cluster
2023-08-31 18:21:11,579 [main] INFO  ozone.MiniOzoneClusterImpl (MiniOzoneClusterImpl.java:stopOM(551)) - Stopping the OzoneManager
2023-08-31 18:21:11,579 [main] INFO  om.OzoneManager (OzoneManager.java:stop(2204)) - om1[localhost:15110]: Stopping Ozone Manager
2023-08-31 18:21:11,579 [main] INFO  ipc.Server (Server.java:stop(3523)) - Stopping server on 15110
2023-08-31 18:21:11,589 [IPC Server listener on 15110] INFO  ipc.Server (Server.java:run(1434)) - Stopping IPC Server listener on 15110
2023-08-31 18:21:11,592 [IPC Server Responder] INFO  ipc.Server (Server.java:run(1567)) - Stopping IPC Server Responder
2023-08-31 18:21:11,593 [main] INFO  server.RaftServer (RaftServerProxy.java:lambda$close$6(416)) - om1: close
2023-08-31 18:21:11,594 [main] INFO  server.GrpcService (GrpcService.java:closeImpl(311)) - om1: shutdown server GrpcServerProtocolService now
2023-08-31 18:21:11,594 [om1-impl-thread2] INFO  server.RaftServer$Division (RaftServerImpl.java:lambda$close$4(466)) - om1@group-C5BA1605619E: shutdown
2023-08-31 18:21:11,595 [om1-impl-thread2] INFO  util.JmxRegister (JmxRegister.java:unregister(73)) - Successfully un-registered JMX Bean with object name Ratis:service=RaftServer,group=group-C5BA1605619E,id=om1
2023-08-31 18:21:11,595 [om1-impl-thread2] INFO  impl.RoleInfo (RoleInfo.java:shutdownLeaderState(93)) - om1: shutdown om1@group-C5BA1605619E-LeaderStateImpl
2023-08-31 18:21:11,595 [om1-impl-thread2] INFO  impl.PendingRequests (PendingRequests.java:sendNotLeaderResponses(289)) - om1@group-C5BA1605619E-PendingRequests: sendNotLeaderResponses
2023-08-31 18:21:11,598 [main] INFO  server.GrpcService (GrpcService.java:closeImpl(320)) - om1: shutdown server GrpcServerProtocolService successfully
2023-08-31 18:21:11,605 [om1-impl-thread2] INFO  impl.StateMachineUpdater (StateMachineUpdater.java:stopAndJoin(155)) - om1@group-C5BA1605619E-StateMachineUpdater: set stopIndex = 37018
2023-08-31 18:21:11,605 [om1@group-C5BA1605619E-StateMachineUpdater] INFO  ratis.OzoneManagerStateMachine (OzoneManagerStateMachine.java:takeSnapshot(480)) - Current Snapshot Index (t:1, i:37018)
2023-08-31 18:21:11,659 [om1@group-C5BA1605619E-StateMachineUpdater] INFO  impl.StateMachineUpdater (StateMachineUpdater.java:takeSnapshot(291)) - om1@group-C5BA1605619E-StateMachineUpdater: Took a snapshot at index 37018
2023-08-31 18:21:11,659 [om1@group-C5BA1605619E-StateMachineUpdater] INFO  impl.StateMachineUpdater (StateMachineUpdater.java:lambda$new$0(97)) - om1@group-C5BA1605619E-StateMachineUpdater: snapshotIndex: updateIncreasingly -1 -> 37018
2023-08-31 18:21:11,659 [om1@group-C5BA1605619E-StateMachineUpdater] INFO  ratis.OzoneManagerStateMachine (OzoneManagerStateMachine.java:close(534)) - StateMachine has shutdown. Shutdown OzoneManager if not already shutdown.
2023-08-31 18:21:11,659 [om1@group-C5BA1605619E-StateMachineUpdater] INFO  ratis.OzoneManagerDoubleBuffer (OzoneManagerDoubleBuffer.java:stopDaemon(551)) - Stopping OMDoubleBuffer flush thread
2023-08-31 18:21:11,661 [OMDoubleBufferFlushThread] INFO  ratis.OzoneManagerDoubleBuffer (OzoneManagerDoubleBuffer.java:canFlush(638)) - OMDoubleBuffer flush thread OMDoubleBufferFlushThread is interrupted and will exit.
2023-08-31 18:21:11,662 [om1-impl-thread2] INFO  server.RaftServer$Division (ServerState.java:close(472)) - om1@group-C5BA1605619E: closes. applyIndex: 37018
2023-08-31 18:21:12,577 [om1-impl-thread2] INFO  segmented.SegmentedRaftLogWorker (SegmentedRaftLogWorker.java:close(252)) - om1@group-C5BA1605619E-SegmentedRaftLogWorker close()
2023-08-31 18:21:12,580 [JvmPauseMonitor15] INFO  util.JvmPauseMonitor (JvmPauseMonitor.java:run(109)) - JvmPauseMonitor-om1: Stopped
2023-08-31 18:21:12,580 [main] INFO  ratis.OzoneManagerStateMachine (OzoneManagerStateMachine.java:close(534)) - StateMachine has shutdown. Shutdown OzoneManager if not already shutdown.
2023-08-31 18:21:12,580 [main] INFO  ratis.OzoneManagerDoubleBuffer (OzoneManagerDoubleBuffer.java:stopDaemon(560)) - OMDoubleBuffer flush thread is not running.
2023-08-31 18:21:12,581 [main] INFO  utils.BackgroundService (BackgroundService.java:shutdown(141)) - Shutting down service KeyDeletingService
2023-08-31 18:21:12,581 [main] INFO  utils.BackgroundService (BackgroundService.java:shutdown(141)) - Shutting down service KeyDeletingService
2023-08-31 18:21:12,581 [main] INFO  utils.BackgroundService (BackgroundService.java:shutdown(141)) - Shutting down service OpenKeyCleanupService
2023-08-31 18:21:12,582 [main] INFO  utils.BackgroundService (BackgroundService.java:shutdown(141)) - Shutting down service SstFilteringService
2023-08-31 18:21:12,582 [main] INFO  utils.BackgroundService (BackgroundService.java:shutdown(141)) - Shutting down service SnapshotDeletingService
2023-08-31 18:21:12,582 [main] INFO  handler.ContextHandler (ContextHandler.java:doStop(1159)) - Stopped o.e.j.w.WebAppContext@7e585b7a{ozoneManager,/,null,STOPPED}{file:/home/runner/work/ozone/ozone/hadoop-ozone/integration-test/target/test-classes/webapps/ozoneManager}
2023-08-31 18:21:12,583 [main] INFO  server.AbstractConnector (AbstractConnector.java:doStop(383)) - Stopped ServerConnector@4982649c{HTTP/1.1, (http/1.1)}{0.0.0.0:15111}
2023-08-31 18:21:12,583 [main] INFO  server.session (HouseKeeper.java:stopScavenging(149)) - node0 Stopped scavenging
2023-08-31 18:21:12,584 [main] INFO  handler.ContextHandler (ContextHandler.java:doStop(1159)) - Stopped o.e.j.s.ServletContextHandler@443adbb9{static,/static,file:///home/runner/work/ozone/ozone/hadoop-ozone/integration-test/target/test-classes/webapps/static,STOPPED}
2023-08-31 18:21:12,584 [main] INFO  handler.ContextHandler (ContextHandler.java:doStop(1159)) - Stopped o.e.j.s.ServletContextHandler@5c86ddf1{logs,/logs,file:///home/runner/work/ozone/ozone/hadoop-ozone/integration-test/target/log,STOPPED}
2023-08-31 18:21:12,585 [Trash Emptier] ERROR om.TrashPolicyOzone (TrashPolicyOzone.java:run(350)) - Error attempting to shutdown
java.lang.InterruptedException
	at java.util.concurrent.locks.AbstractQueuedSynchronizer$ConditionObject.awaitNanos(AbstractQueuedSynchronizer.java:2067)
	at java.util.concurrent.ThreadPoolExecutor.awaitTermination(ThreadPoolExecutor.java:1475)
	at org.apache.hadoop.ozone.om.TrashPolicyOzone$Emptier.run(TrashPolicyOzone.java:348)
	at java.lang.Thread.run(Thread.java:750)
2023-08-31 18:21:12,586 [main] INFO  rocksdiff.RocksDBCheckpointDiffer (RocksDBCheckpointDiffer.java:close(340)) - Shutting down CompactionDagPruningService.
2023-08-31 18:21:12,590 [main] INFO  snapshot.SnapshotDiffManager (SnapshotDiffManager.java:closeExecutorService(1697)) - Shutting down executorService: 'SnapDiffExecutor'
2023-08-31 18:21:12,590 [main] INFO  snapshot.SnapshotDiffManager (SnapshotDiffManager.java:closeExecutorService(1697)) - Shutting down executorService: 'SstDumpToolExecutor'
2023-08-31 18:21:12,590 [main] INFO  utils.BackgroundService (BackgroundService.java:shutdown(141)) - Shutting down service SnapshotDiffCleanupService
2023-08-31 18:21:12,596 [main] INFO  ozone.MiniOzoneClusterImpl (MiniOzoneClusterImpl.java:stopDatanodes(528)) - Stopping the HddsDatanodes
2023-08-31 18:21:12,604 [main] INFO  ozoneimpl.OzoneContainer (OzoneContainer.java:stop(451)) - Attempting to stop container services.
2023-08-31 18:21:12,605 [main] INFO  server.RaftServer (RaftServerProxy.java:lambda$close$6(416)) - b680699b-c9cb-4670-83ba-783bfe62cfe5: close
2023-08-31 18:21:12,609 [b680699b-c9cb-4670-83ba-783bfe62cfe5-impl-thread3] INFO  server.RaftServer$Division (RaftServerImpl.java:lambda$close$4(466)) - b680699b-c9cb-4670-83ba-783bfe62cfe5@group-8A8C37717FC6: shutdown
2023-08-31 18:21:12,609 [b680699b-c9cb-4670-83ba-783bfe62cfe5-impl-thread3] INFO  util.JmxRegister (JmxRegister.java:unregister(73)) - Successfully un-registered JMX Bean with object name Ratis:service=RaftServer,group=group-8A8C37717FC6,id=b680699b-c9cb-4670-83ba-783bfe62cfe5
2023-08-31 18:21:12,609 [b680699b-c9cb-4670-83ba-783bfe62cfe5-impl-thread3] INFO  impl.RoleInfo (RoleInfo.java:shutdownLeaderState(93)) - b680699b-c9cb-4670-83ba-783bfe62cfe5: shutdown b680699b-c9cb-4670-83ba-783bfe62cfe5@group-8A8C37717FC6-LeaderStateImpl
2023-08-31 18:21:12,609 [b680699b-c9cb-4670-83ba-783bfe62cfe5-impl-thread3] INFO  impl.PendingRequests (PendingRequests.java:sendNotLeaderResponses(289)) - b680699b-c9cb-4670-83ba-783bfe62cfe5@group-8A8C37717FC6-PendingRequests: sendNotLeaderResponses
2023-08-31 18:21:12,609 [b680699b-c9cb-4670-83ba-783bfe62cfe5@group-8A8C37717FC6->cea0c109-6e95-4b2c-982c-0dc77a608767-GrpcLogAppender-LogAppenderDaemon] WARN  server.GrpcLogAppender (GrpcLogAppender.java:mayWait(199)) - b680699b-c9cb-4670-83ba-783bfe62cfe5@group-8A8C37717FC6->cea0c109-6e95-4b2c-982c-0dc77a608767-GrpcLogAppender: Wait interrupted by java.lang.InterruptedException
2023-08-31 18:21:12,609 [b680699b-c9cb-4670-83ba-783bfe62cfe5-impl-thread2] INFO  server.RaftServer$Division (RaftServerImpl.java:lambda$close$4(466)) - b680699b-c9cb-4670-83ba-783bfe62cfe5@group-539240A30CFD: shutdown
2023-08-31 18:21:12,609 [b680699b-c9cb-4670-83ba-783bfe62cfe5@group-8A8C37717FC6->14fa2eac-e184-46cf-8dd5-e89808402331-GrpcLogAppender-LogAppenderDaemon] WARN  server.GrpcLogAppender (GrpcLogAppender.java:mayWait(199)) - b680699b-c9cb-4670-83ba-783bfe62cfe5@group-8A8C37717FC6->14fa2eac-e184-46cf-8dd5-e89808402331-GrpcLogAppender: Wait interrupted by java.lang.InterruptedException
2023-08-31 18:21:12,610 [b680699b-c9cb-4670-83ba-783bfe62cfe5-impl-thread2] INFO  util.JmxRegister (JmxRegister.java:unregister(73)) - Successfully un-registered JMX Bean with object name Ratis:service=RaftServer,group=group-539240A30CFD,id=b680699b-c9cb-4670-83ba-783bfe62cfe5
2023-08-31 18:21:12,618 [main] INFO  server.GrpcService (GrpcService.java:closeImpl(311)) - b680699b-c9cb-4670-83ba-783bfe62cfe5: shutdown server org.apache.ratis.grpc.server.GrpcClientProtocolService now
2023-08-31 18:21:12,618 [b680699b-c9cb-4670-83ba-783bfe62cfe5-impl-thread3] INFO  impl.StateMachineUpdater (StateMachineUpdater.java:stopAndJoin(155)) - b680699b-c9cb-4670-83ba-783bfe62cfe5@group-8A8C37717FC6-StateMachineUpdater: set stopIndex = 22
2023-08-31 18:21:12,618 [b680699b-c9cb-4670-83ba-783bfe62cfe5-impl-thread2] INFO  impl.RoleInfo (RoleInfo.java:shutdownLeaderState(93)) - b680699b-c9cb-4670-83ba-783bfe62cfe5: shutdown b680699b-c9cb-4670-83ba-783bfe62cfe5@group-539240A30CFD-LeaderStateImpl
2023-08-31 18:21:12,618 [b680699b-c9cb-4670-83ba-783bfe62cfe5@group-8A8C37717FC6-StateMachineUpdater] INFO  ratis.ContainerStateMachine (ContainerStateMachine.java:takeSnapshot(330)) - group-8A8C37717FC6: Taking a snapshot at:(t:1, i:22) file /home/runner/work/ozone/ozone/hadoop-ozone/integration-test/target/test-dir/MiniOzoneClusterImpl-03cba653-44d0-43b4-bc0f-a7205d2183ff/datanode-2/data/ratis/ce54d6c1-46f6-4503-ac2d-8a8c37717fc6/sm/snapshot.1_22
2023-08-31 18:21:12,618 [grpc-default-executor-1] INFO  server.GrpcServerProtocolService (GrpcServerProtocolService.java:onCompleted(155)) - 14fa2eac-e184-46cf-8dd5-e89808402331: Completed APPEND_ENTRIES, lastRequest: null
2023-08-31 18:21:12,619 [b680699b-c9cb-4670-83ba-783bfe62cfe5-impl-thread2] INFO  impl.PendingRequests (PendingRequests.java:sendNotLeaderResponses(289)) - b680699b-c9cb-4670-83ba-783bfe62cfe5@group-539240A30CFD-PendingRequests: sendNotLeaderResponses
2023-08-31 18:21:12,619 [grpc-default-executor-1] INFO  server.GrpcServerProtocolService (GrpcServerProtocolService.java:lambda$onCompleted$5(157)) - 14fa2eac-e184-46cf-8dd5-e89808402331: Completed APPEND_ENTRIES, lastReply: serverReply {
  requestorId: "b680699b-c9cb-4670-83ba-783bfe62cfe5"
  replyId: "14fa2eac-e184-46cf-8dd5-e89808402331"
  raftGroupId {
    id: "\316T\326\301F\366E\003\254-\212\2147q\177\306"
  }
  callId: 61
  success: true
}
term: 1
nextIndex: 23
followerCommit: 22
matchIndex: 18446744073709551615
isHearbeat: true

2023-08-31 18:21:12,619 [b680699b-c9cb-4670-83ba-783bfe62cfe5-impl-thread2] INFO  impl.StateMachineUpdater (StateMachineUpdater.java:stopAndJoin(155)) - b680699b-c9cb-4670-83ba-783bfe62cfe5@group-539240A30CFD-StateMachineUpdater: set stopIndex = 0
2023-08-31 18:21:12,610 [grpc-default-executor-5] INFO  server.GrpcServerProtocolService (GrpcServerProtocolService.java:onCompleted(155)) - 14fa2eac-e184-46cf-8dd5-e89808402331: Completed APPEND_ENTRIES, lastRequest: b680699b-c9cb-4670-83ba-783bfe62cfe5->14fa2eac-e184-46cf-8dd5-e89808402331#31-t1,previous=(t:1, i:21),leaderCommit=21,initializing? true,entries: size=1, first=(t:1, i:22), METADATAENTRY(c:21)
2023-08-31 18:21:12,621 [grpc-default-executor-5] INFO  server.GrpcServerProtocolService (GrpcServerProtocolService.java:lambda$onCompleted$5(157)) - 14fa2eac-e184-46cf-8dd5-e89808402331: Completed APPEND_ENTRIES, lastReply: null
2023-08-31 18:21:12,616 [ForkJoinPool.commonPool-worker-2] INFO  ozoneimpl.OzoneContainer (OzoneContainer.java:stop(451)) - Attempting to stop container services.
2023-08-31 18:21:12,610 [grpc-default-executor-4] INFO  server.GrpcServerProtocolService (GrpcServerProtocolService.java:onCompleted(155)) - cea0c109-6e95-4b2c-982c-0dc77a608767: Completed APPEND_ENTRIES, lastRequest: null
2023-08-31 18:21:12,610 [grpc-default-executor-3] INFO  server.GrpcServerProtocolService (GrpcServerProtocolService.java:onCompleted(155)) - cea0c109-6e95-4b2c-982c-0dc77a608767: Completed APPEND_ENTRIES, lastRequest: b680699b-c9cb-4670-83ba-783bfe62cfe5->cea0c109-6e95-4b2c-982c-0dc77a608767#30-t1,previous=(t:1, i:21),leaderCommit=21,initializing? true,entries: size=1, first=(t:1, i:22), METADATAENTRY(c:21)
2023-08-31 18:21:12,622 [grpc-default-executor-3] INFO  server.GrpcServerProtocolService (GrpcServerProtocolService.java:lambda$onCompleted$5(157)) - cea0c109-6e95-4b2c-982c-0dc77a608767: Completed APPEND_ENTRIES, lastReply: null
2023-08-31 18:21:12,621 [b680699b-c9cb-4670-83ba-783bfe62cfe5-impl-thread4] INFO  server.RaftServer$Division (RaftServerImpl.java:lambda$close$4(466)) - b680699b-c9cb-4670-83ba-783bfe62cfe5@group-252A861C3683: shutdown
2023-08-31 18:21:12,623 [b680699b-c9cb-4670-83ba-783bfe62cfe5-impl-thread4] INFO  util.JmxRegister (JmxRegister.java:unregister(73)) - Successfully un-registered JMX Bean with object name Ratis:service=RaftServer,group=group-252A861C3683,id=b680699b-c9cb-4670-83ba-783bfe62cfe5
2023-08-31 18:21:12,623 [b680699b-c9cb-4670-83ba-783bfe62cfe5-impl-thread4] INFO  impl.RoleInfo (RoleInfo.java:shutdownFollowerState(110)) - b680699b-c9cb-4670-83ba-783bfe62cfe5: shutdown b680699b-c9cb-4670-83ba-783bfe62cfe5@group-252A861C3683-FollowerState
2023-08-31 18:21:12,623 [b680699b-c9cb-4670-83ba-783bfe62cfe5@group-252A861C3683-FollowerState] INFO  impl.FollowerState (FollowerState.java:run(152)) - b680699b-c9cb-4670-83ba-783bfe62cfe5@group-252A861C3683-FollowerState was interrupted
2023-08-31 18:21:12,623 [b680699b-c9cb-4670-83ba-783bfe62cfe5@group-252A861C3683-StateMachineUpdater] INFO  ratis.ContainerStateMachine (ContainerStateMachine.java:takeSnapshot(330)) - group-252A861C3683: Taking a snapshot at:(t:1, i:11) file /home/runner/work/ozone/ozone/hadoop-ozone/integration-test/target/test-dir/MiniOzoneClusterImpl-03cba653-44d0-43b4-bc0f-a7205d2183ff/datanode-2/data/ratis/03b84fdd-346e-4cf1-b385-252a861c3683/sm/snapshot.1_11
2023-08-31 18:21:12,621 [b680699b-c9cb-4670-83ba-783bfe62cfe5@group-539240A30CFD-StateMachineUpdater] INFO  ratis.ContainerStateMachine (ContainerStateMachine.java:takeSnapshot(330)) - group-539240A30CFD: Taking a snapshot at:(t:1, i:0) file /home/runner/work/ozone/ozone/hadoop-ozone/integration-test/target/test-dir/MiniOzoneClusterImpl-03cba653-44d0-43b4-bc0f-a7205d2183ff/datanode-2/data/ratis/b3d1e814-7026-49a3-a959-539240a30cfd/sm/snapshot.1_0
2023-08-31 18:21:12,623 [b680699b-c9cb-4670-83ba-783bfe62cfe5-impl-thread4] INFO  impl.StateMachineUpdater (StateMachineUpdater.java:stopAndJoin(155)) - b680699b-c9cb-4670-83ba-783bfe62cfe5@group-252A861C3683-StateMachineUpdater: set stopIndex = 11
2023-08-31 18:21:12,621 [b680699b-c9cb-4670-83ba-783bfe62cfe5@group-8A8C37717FC6-StateMachineUpdater] INFO  ratis.ContainerStateMachine (ContainerStateMachine.java:takeSnapshot(341)) - group-8A8C37717FC6: Finished taking a snapshot at:(t:1, i:22) file:/home/runner/work/ozone/ozone/hadoop-ozone/integration-test/target/test-dir/MiniOzoneClusterImpl-03cba653-44d0-43b4-bc0f-a7205d2183ff/datanode-2/data/ratis/ce54d6c1-46f6-4503-ac2d-8a8c37717fc6/sm/snapshot.1_22 took: 3 ms
2023-08-31 18:21:12,622 [ForkJoinPool.commonPool-worker-2] INFO  server.RaftServer (RaftServerProxy.java:lambda$close$6(416)) - 14fa2eac-e184-46cf-8dd5-e89808402331: close
2023-08-31 18:21:12,625 [b680699b-c9cb-4670-83ba-783bfe62cfe5@group-8A8C37717FC6-StateMachineUpdater] INFO  impl.StateMachineUpdater (StateMachineUpdater.java:takeSnapshot(291)) - b680699b-c9cb-4670-83ba-783bfe62cfe5@group-8A8C37717FC6-StateMachineUpdater: Took a snapshot at index 22
2023-08-31 18:21:12,622 [grpc-default-executor-4] INFO  server.GrpcServerProtocolService (GrpcServerProtocolService.java:lambda$onCompleted$5(157)) - cea0c109-6e95-4b2c-982c-0dc77a608767: Completed APPEND_ENTRIES, lastReply: serverReply {
  requestorId: "b680699b-c9cb-4670-83ba-783bfe62cfe5"
  replyId: "cea0c109-6e95-4b2c-982c-0dc77a608767"
  raftGroupId {
    id: "\316T\326\301F\366E\003\254-\212\2147q\177\306"
  }
  callId: 60
  success: true
}
term: 1
nextIndex: 23
followerCommit: 22
matchIndex: 18446744073709551615
isHearbeat: true

2023-08-31 18:21:12,625 [b680699b-c9cb-4670-83ba-783bfe62cfe5@group-539240A30CFD-StateMachineUpdater] INFO  ratis.ContainerStateMachine (ContainerStateMachine.java:takeSnapshot(341)) - group-539240A30CFD: Finished taking a snapshot at:(t:1, i:0) file:/home/runner/work/ozone/ozone/hadoop-ozone/integration-test/target/test-dir/MiniOzoneClusterImpl-03cba653-44d0-43b4-bc0f-a7205d2183ff/datanode-2/data/ratis/b3d1e814-7026-49a3-a959-539240a30cfd/sm/snapshot.1_0 took: 4 ms
2023-08-31 18:21:12,625 [b680699b-c9cb-4670-83ba-783bfe62cfe5@group-8A8C37717FC6-StateMachineUpdater] INFO  impl.StateMachineUpdater (StateMachineUpdater.java:lambda$new$0(97)) - b680699b-c9cb-4670-83ba-783bfe62cfe5@group-8A8C37717FC6-StateMachineUpdater: snapshotIndex: updateIncreasingly -1 -> 22
2023-08-31 18:21:12,625 [b680699b-c9cb-4670-83ba-783bfe62cfe5@group-539240A30CFD-StateMachineUpdater] INFO  impl.StateMachineUpdater (StateMachineUpdater.java:takeSnapshot(291)) - b680699b-c9cb-4670-83ba-783bfe62cfe5@group-539240A30CFD-StateMachineUpdater: Took a snapshot at index 0
2023-08-31 18:21:12,625 [b680699b-c9cb-4670-83ba-783bfe62cfe5@group-539240A30CFD-StateMachineUpdater] INFO  impl.StateMachineUpdater (StateMachineUpdater.java:lambda$new$0(97)) - b680699b-c9cb-4670-83ba-783bfe62cfe5@group-539240A30CFD-StateMachineUpdater: snapshotIndex: updateIncreasingly -1 -> 0
2023-08-31 18:21:12,625 [b680699b-c9cb-4670-83ba-783bfe62cfe5-impl-thread2] INFO  server.RaftServer$Division (ServerState.java:close(472)) - b680699b-c9cb-4670-83ba-783bfe62cfe5@group-539240A30CFD: closes. applyIndex: 0
2023-08-31 18:21:12,626 [14fa2eac-e184-46cf-8dd5-e89808402331-impl-thread2] INFO  server.RaftServer$Division (RaftServerImpl.java:lambda$close$4(466)) - 14fa2eac-e184-46cf-8dd5-e89808402331@group-8A8C37717FC6: shutdown
2023-08-31 18:21:12,626 [b680699b-c9cb-4670-83ba-783bfe62cfe5@group-252A861C3683-StateMachineUpdater] INFO  ratis.ContainerStateMachine (ContainerStateMachine.java:takeSnapshot(341)) - group-252A861C3683: Finished taking a snapshot at:(t:1, i:11) file:/home/runner/work/ozone/ozone/hadoop-ozone/integration-test/target/test-dir/MiniOzoneClusterImpl-03cba653-44d0-43b4-bc0f-a7205d2183ff/datanode-2/data/ratis/03b84fdd-346e-4cf1-b385-252a861c3683/sm/snapshot.1_11 took: 3 ms
2023-08-31 18:21:12,626 [14fa2eac-e184-46cf-8dd5-e89808402331-impl-thread2] INFO  util.JmxRegister (JmxRegister.java:unregister(73)) - Successfully un-registered JMX Bean with object name Ratis:service=RaftServer,group=group-8A8C37717FC6,id=14fa2eac-e184-46cf-8dd5-e89808402331
2023-08-31 18:21:12,626 [14fa2eac-e184-46cf-8dd5-e89808402331-impl-thread2] INFO  impl.RoleInfo (RoleInfo.java:shutdownFollowerState(110)) - 14fa2eac-e184-46cf-8dd5-e89808402331: shutdown 14fa2eac-e184-46cf-8dd5-e89808402331@group-8A8C37717FC6-FollowerState
2023-08-31 18:21:12,626 [b680699b-c9cb-4670-83ba-783bfe62cfe5@group-252A861C3683-StateMachineUpdater] INFO  impl.StateMachineUpdater (StateMachineUpdater.java:takeSnapshot(291)) - b680699b-c9cb-4670-83ba-783bfe62cfe5@group-252A861C3683-StateMachineUpdater: Took a snapshot at index 11
2023-08-31 18:21:12,626 [b680699b-c9cb-4670-83ba-783bfe62cfe5@group-252A861C3683-StateMachineUpdater] INFO  impl.StateMachineUpdater (StateMachineUpdater.java:lambda$new$0(97)) - b680699b-c9cb-4670-83ba-783bfe62cfe5@group-252A861C3683-StateMachineUpdater: snapshotIndex: updateIncreasingly -1 -> 11
2023-08-31 18:21:12,626 [14fa2eac-e184-46cf-8dd5-e89808402331-impl-thread3] INFO  server.RaftServer$Division (RaftServerImpl.java:lambda$close$4(466)) - 14fa2eac-e184-46cf-8dd5-e89808402331@group-252A861C3683: shutdown
2023-08-31 18:21:12,626 [14fa2eac-e184-46cf-8dd5-e89808402331-impl-thread3] INFO  util.JmxRegister (JmxRegister.java:unregister(73)) - Successfully un-registered JMX Bean with object name Ratis:service=RaftServer,group=group-252A861C3683,id=14fa2eac-e184-46cf-8dd5-e89808402331
2023-08-31 18:21:12,626 [14fa2eac-e184-46cf-8dd5-e89808402331-impl-thread3] INFO  impl.RoleInfo (RoleInfo.java:shutdownLeaderState(93)) - 14fa2eac-e184-46cf-8dd5-e89808402331: shutdown 14fa2eac-e184-46cf-8dd5-e89808402331@group-252A861C3683-LeaderStateImpl
2023-08-31 18:21:12,626 [ForkJoinPool.commonPool-worker-2] INFO  server.GrpcService (GrpcService.java:closeImpl(311)) - 14fa2eac-e184-46cf-8dd5-e89808402331: shutdown server org.apache.ratis.grpc.server.GrpcClientProtocolService now
2023-08-31 18:21:12,626 [14fa2eac-e184-46cf-8dd5-e89808402331-impl-thread4] INFO  server.RaftServer$Division (RaftServerImpl.java:lambda$close$4(466)) - 14fa2eac-e184-46cf-8dd5-e89808402331@group-6D24D615B386: shutdown
2023-08-31 18:21:12,626 [14fa2eac-e184-46cf-8dd5-e89808402331-impl-thread4] INFO  util.JmxRegister (JmxRegister.java:unregister(73)) - Successfully un-registered JMX Bean with object name Ratis:service=RaftServer,group=group-6D24D615B386,id=14fa2eac-e184-46cf-8dd5-e89808402331
2023-08-31 18:21:12,626 [14fa2eac-e184-46cf-8dd5-e89808402331-impl-thread4] INFO  impl.RoleInfo (RoleInfo.java:shutdownLeaderState(93)) - 14fa2eac-e184-46cf-8dd5-e89808402331: shutdown 14fa2eac-e184-46cf-8dd5-e89808402331@group-6D24D615B386-LeaderStateImpl
2023-08-31 18:21:12,627 [14fa2eac-e184-46cf-8dd5-e89808402331-impl-thread4] INFO  impl.PendingRequests (PendingRequests.java:sendNotLeaderResponses(289)) - 14fa2eac-e184-46cf-8dd5-e89808402331@group-6D24D615B386-PendingRequests: sendNotLeaderResponses
2023-08-31 18:21:12,627 [14fa2eac-e184-46cf-8dd5-e89808402331-impl-thread4] INFO  impl.StateMachineUpdater (StateMachineUpdater.java:stopAndJoin(155)) - 14fa2eac-e184-46cf-8dd5-e89808402331@group-6D24D615B386-StateMachineUpdater: set stopIndex = 0
2023-08-31 18:21:12,627 [14fa2eac-e184-46cf-8dd5-e89808402331@group-6D24D615B386-StateMachineUpdater] INFO  ratis.ContainerStateMachine (ContainerStateMachine.java:takeSnapshot(330)) - group-6D24D615B386: Taking a snapshot at:(t:1, i:0) file /home/runner/work/ozone/ozone/hadoop-ozone/integration-test/target/test-dir/MiniOzoneClusterImpl-03cba653-44d0-43b4-bc0f-a7205d2183ff/datanode-1/data/ratis/541d218e-251f-4b8d-bebd-6d24d615b386/sm/snapshot.1_0
2023-08-31 18:21:12,627 [Thread-1680] INFO  server.GrpcServerProtocolClient (GrpcServerProtocolClient.java:close(103)) - b680699b-c9cb-4670-83ba-783bfe62cfe5 Close channels
2023-08-31 18:21:12,628 [Thread-1679] INFO  server.GrpcServerProtocolClient (GrpcServerProtocolClient.java:close(103)) - cea0c109-6e95-4b2c-982c-0dc77a608767 Close channels
2023-08-31 18:21:12,629 [14fa2eac-e184-46cf-8dd5-e89808402331@group-6D24D615B386-StateMachineUpdater] INFO  ratis.ContainerStateMachine (ContainerStateMachine.java:takeSnapshot(341)) - group-6D24D615B386: Finished taking a snapshot at:(t:1, i:0) file:/home/runner/work/ozone/ozone/hadoop-ozone/integration-test/target/test-dir/MiniOzoneClusterImpl-03cba653-44d0-43b4-bc0f-a7205d2183ff/datanode-1/data/ratis/541d218e-251f-4b8d-bebd-6d24d615b386/sm/snapshot.1_0 took: 2 ms
2023-08-31 18:21:12,629 [14fa2eac-e184-46cf-8dd5-e89808402331@group-6D24D615B386-StateMachineUpdater] INFO  impl.StateMachineUpdater (StateMachineUpdater.java:takeSnapshot(291)) - 14fa2eac-e184-46cf-8dd5-e89808402331@group-6D24D615B386-StateMachineUpdater: Took a snapshot at index 0
2023-08-31 18:21:12,629 [14fa2eac-e184-46cf-8dd5-e89808402331@group-6D24D615B386-StateMachineUpdater] INFO  impl.StateMachineUpdater (StateMachineUpdater.java:lambda$new$0(97)) - 14fa2eac-e184-46cf-8dd5-e89808402331@group-6D24D615B386-StateMachineUpdater: snapshotIndex: updateIncreasingly -1 -> 0
2023-08-31 18:21:12,629 [14fa2eac-e184-46cf-8dd5-e89808402331-impl-thread4] INFO  server.RaftServer$Division (ServerState.java:close(472)) - 14fa2eac-e184-46cf-8dd5-e89808402331@group-6D24D615B386: closes. applyIndex: 0
2023-08-31 18:21:12,630 [Thread-1681] INFO  server.GrpcServerProtocolClient (GrpcServerProtocolClient.java:close(103)) - 14fa2eac-e184-46cf-8dd5-e89808402331 Close channels
2023-08-31 18:21:12,631 [Thread-1682] INFO  server.GrpcServerProtocolClient (GrpcServerProtocolClient.java:close(103)) - cea0c109-6e95-4b2c-982c-0dc77a608767 Close channels
2023-08-31 18:21:12,632 [grpc-default-executor-5] INFO  server.GrpcLogAppender (GrpcLogAppender.java:onCompleted(428)) - b680699b-c9cb-4670-83ba-783bfe62cfe5@group-8A8C37717FC6->14fa2eac-e184-46cf-8dd5-e89808402331-AppendLogResponseHandler: follower responses appendEntries COMPLETED
2023-08-31 18:21:12,638 [grpc-default-executor-7] INFO  server.GrpcLogAppender (GrpcLogAppender.java:onCompleted(428)) - b680699b-c9cb-4670-83ba-783bfe62cfe5@group-8A8C37717FC6->cea0c109-6e95-4b2c-982c-0dc77a608767-AppendLogResponseHandler: follower responses appendEntries COMPLETED
2023-08-31 18:21:12,643 [grpc-default-executor-5] WARN  server.GrpcLogAppender (GrpcLogAppender.java:resetClient(137)) - b680699b-c9cb-4670-83ba-783bfe62cfe5@group-8A8C37717FC6->14fa2eac-e184-46cf-8dd5-e89808402331-GrpcLogAppender: Failed to getClient for 14fa2eac-e184-46cf-8dd5-e89808402331
org.apache.ratis.protocol.exceptions.AlreadyClosedException: b680699b-c9cb-4670-83ba-783bfe62cfe5 is already CLOSED
	at org.apache.ratis.util.PeerProxyMap$PeerAndProxy.getProxy(PeerProxyMap.java:61)
	at org.apache.ratis.util.PeerProxyMap.getProxy(PeerProxyMap.java:115)
	at org.apache.ratis.grpc.server.GrpcLogAppender.getClient(GrpcLogAppender.java:112)
	at org.apache.ratis.grpc.server.GrpcLogAppender.resetClient(GrpcLogAppender.java:117)
	at org.apache.ratis.grpc.server.GrpcLogAppender.access$500(GrpcLogAppender.java:56)
	at org.apache.ratis.grpc.server.GrpcLogAppender$AppendLogResponseHandler.onCompleted(GrpcLogAppender.java:429)
	at org.apache.ratis.thirdparty.io.grpc.stub.ClientCalls$StreamObserverToCallListenerAdapter.onClose(ClientCalls.java:485)
	at org.apache.ratis.thirdparty.io.grpc.internal.ClientCallImpl.closeObserver(ClientCallImpl.java:563)
	at org.apache.ratis.thirdparty.io.grpc.internal.ClientCallImpl.access$300(ClientCallImpl.java:70)
	at org.apache.ratis.thirdparty.io.grpc.internal.ClientCallImpl$ClientStreamListenerImpl$1StreamClosed.runInternal(ClientCallImpl.java:744)
	at org.apache.ratis.thirdparty.io.grpc.internal.ClientCallImpl$ClientStreamListenerImpl$1StreamClosed.runInContext(ClientCallImpl.java:723)
	at org.apache.ratis.thirdparty.io.grpc.internal.ContextRunnable.run(ContextRunnable.java:37)
	at org.apache.ratis.thirdparty.io.grpc.internal.SerializingExecutor.run(SerializingExecutor.java:133)
	at java.util.concurrent.ThreadPoolExecutor.runWorker(ThreadPoolExecutor.java:1149)
	at java.util.concurrent.ThreadPoolExecutor$Worker.run(ThreadPoolExecutor.java:624)
	at java.lang.Thread.run(Thread.java:750)
2023-08-31 18:21:12,644 [14fa2eac-e184-46cf-8dd5-e89808402331-impl-thread3] INFO  impl.PendingRequests (PendingRequests.java:sendNotLeaderResponses(289)) - 14fa2eac-e184-46cf-8dd5-e89808402331@group-252A861C3683-PendingRequests: sendNotLeaderResponses
2023-08-31 18:21:12,644 [14fa2eac-e184-46cf-8dd5-e89808402331@group-252A861C3683->cea0c109-6e95-4b2c-982c-0dc77a608767-GrpcLogAppender-LogAppenderDaemon] WARN  server.GrpcLogAppender (GrpcLogAppender.java:mayWait(199)) - 14fa2eac-e184-46cf-8dd5-e89808402331@group-252A861C3683->cea0c109-6e95-4b2c-982c-0dc77a608767-GrpcLogAppender: Wait interrupted by java.lang.InterruptedException
2023-08-31 18:21:12,644 [14fa2eac-e184-46cf-8dd5-e89808402331@group-252A861C3683->b680699b-c9cb-4670-83ba-783bfe62cfe5-GrpcLogAppender-LogAppenderDaemon] WARN  server.GrpcLogAppender (GrpcLogAppender.java:mayWait(199)) - 14fa2eac-e184-46cf-8dd5-e89808402331@group-252A861C3683->b680699b-c9cb-4670-83ba-783bfe62cfe5-GrpcLogAppender: Wait interrupted by java.lang.InterruptedException
2023-08-31 18:21:12,644 [b680699b-c9cb-4670-83ba-783bfe62cfe5-impl-thread4] INFO  server.RaftServer$Division (ServerState.java:close(472)) - b680699b-c9cb-4670-83ba-783bfe62cfe5@group-252A861C3683: closes. applyIndex: 11
2023-08-31 18:21:12,646 [grpc-default-executor-6] INFO  server.GrpcServerProtocolService (GrpcServerProtocolService.java:onCompleted(155)) - cea0c109-6e95-4b2c-982c-0dc77a608767: Completed APPEND_ENTRIES, lastRequest: 14fa2eac-e184-46cf-8dd5-e89808402331->cea0c109-6e95-4b2c-982c-0dc77a608767#48-t1,previous=(t:1, i:11),leaderCommit=11,initializing? true,entries: size=1, first=(t:1, i:12), METADATAENTRY(c:10)
2023-08-31 18:21:12,646 [grpc-default-executor-6] INFO  server.GrpcServerProtocolService (GrpcServerProtocolService.java:lambda$onCompleted$5(157)) - cea0c109-6e95-4b2c-982c-0dc77a608767: Completed APPEND_ENTRIES, lastReply: null
2023-08-31 18:21:12,646 [grpc-default-executor-1] INFO  server.GrpcLogAppender (GrpcLogAppender.java:onCompleted(428)) - 14fa2eac-e184-46cf-8dd5-e89808402331@group-252A861C3683->cea0c109-6e95-4b2c-982c-0dc77a608767-AppendLogResponseHandler: follower responses appendEntries COMPLETED
2023-08-31 18:21:12,646 [grpc-default-executor-7] WARN  server.GrpcLogAppender (GrpcLogAppender.java:resetClient(137)) - b680699b-c9cb-4670-83ba-783bfe62cfe5@group-8A8C37717FC6->cea0c109-6e95-4b2c-982c-0dc77a608767-GrpcLogAppender: Failed to getClient for cea0c109-6e95-4b2c-982c-0dc77a608767
org.apache.ratis.protocol.exceptions.AlreadyClosedException: b680699b-c9cb-4670-83ba-783bfe62cfe5 is already CLOSED
	at org.apache.ratis.util.PeerProxyMap$PeerAndProxy.getProxy(PeerProxyMap.java:61)
	at org.apache.ratis.util.PeerProxyMap.getProxy(PeerProxyMap.java:115)
	at org.apache.ratis.grpc.server.GrpcLogAppender.getClient(GrpcLogAppender.java:112)
	at org.apache.ratis.grpc.server.GrpcLogAppender.resetClient(GrpcLogAppender.java:117)
	at org.apache.ratis.grpc.server.GrpcLogAppender.access$500(GrpcLogAppender.java:56)
	at org.apache.ratis.grpc.server.GrpcLogAppender$AppendLogResponseHandler.onCompleted(GrpcLogAppender.java:429)
	at org.apache.ratis.thirdparty.io.grpc.stub.ClientCalls$StreamObserverToCallListenerAdapter.onClose(ClientCalls.java:485)
	at org.apache.ratis.thirdparty.io.grpc.internal.ClientCallImpl.closeObserver(ClientCallImpl.java:563)
	at org.apache.ratis.thirdparty.io.grpc.internal.ClientCallImpl.access$300(ClientCallImpl.java:70)
	at org.apache.ratis.thirdparty.io.grpc.internal.ClientCallImpl$ClientStreamListenerImpl$1StreamClosed.runInternal(ClientCallImpl.java:744)
	at org.apache.ratis.thirdparty.io.grpc.internal.ClientCallImpl$ClientStreamListenerImpl$1StreamClosed.runInContext(ClientCallImpl.java:723)
	at org.apache.ratis.thirdparty.io.grpc.internal.ContextRunnable.run(ContextRunnable.java:37)
	at org.apache.ratis.thirdparty.io.grpc.internal.SerializingExecutor.run(SerializingExecutor.java:133)
	at java.util.concurrent.ThreadPoolExecutor.runWorker(ThreadPoolExecutor.java:1149)
	at java.util.concurrent.ThreadPoolExecutor$Worker.run(ThreadPoolExecutor.java:624)
	at java.lang.Thread.run(Thread.java:750)
2023-08-31 18:21:12,647 [14fa2eac-e184-46cf-8dd5-e89808402331@group-8A8C37717FC6-FollowerState] INFO  impl.FollowerState (FollowerState.java:run(152)) - 14fa2eac-e184-46cf-8dd5-e89808402331@group-8A8C37717FC6-FollowerState was interrupted
2023-08-31 18:21:12,647 [grpc-default-executor-1] WARN  server.GrpcLogAppender (GrpcLogAppender.java:resetClient(137)) - 14fa2eac-e184-46cf-8dd5-e89808402331@group-252A861C3683->cea0c109-6e95-4b2c-982c-0dc77a608767-GrpcLogAppender: Failed to getClient for cea0c109-6e95-4b2c-982c-0dc77a608767
org.apache.ratis.protocol.exceptions.AlreadyClosedException: 14fa2eac-e184-46cf-8dd5-e89808402331 is already CLOSED
	at org.apache.ratis.util.PeerProxyMap$PeerAndProxy.getProxy(PeerProxyMap.java:61)
	at org.apache.ratis.util.PeerProxyMap.getProxy(PeerProxyMap.java:115)
	at org.apache.ratis.grpc.server.GrpcLogAppender.getClient(GrpcLogAppender.java:112)
	at org.apache.ratis.grpc.server.GrpcLogAppender.resetClient(GrpcLogAppender.java:117)
	at org.apache.ratis.grpc.server.GrpcLogAppender.access$500(GrpcLogAppender.java:56)
	at org.apache.ratis.grpc.server.GrpcLogAppender$AppendLogResponseHandler.onCompleted(GrpcLogAppender.java:429)
	at org.apache.ratis.thirdparty.io.grpc.stub.ClientCalls$StreamObserverToCallListenerAdapter.onClose(ClientCalls.java:485)
	at org.apache.ratis.thirdparty.io.grpc.internal.ClientCallImpl.closeObserver(ClientCallImpl.java:563)
	at org.apache.ratis.thirdparty.io.grpc.internal.ClientCallImpl.access$300(ClientCallImpl.java:70)
	at org.apache.ratis.thirdparty.io.grpc.internal.ClientCallImpl$ClientStreamListenerImpl$1StreamClosed.runInternal(ClientCallImpl.java:744)
	at org.apache.ratis.thirdparty.io.grpc.internal.ClientCallImpl$ClientStreamListenerImpl$1StreamClosed.runInContext(ClientCallImpl.java:723)
	at org.apache.ratis.thirdparty.io.grpc.internal.ContextRunnable.run(ContextRunnable.java:37)
	at org.apache.ratis.thirdparty.io.grpc.internal.SerializingExecutor.run(SerializingExecutor.java:133)
	at java.util.concurrent.ThreadPoolExecutor.runWorker(ThreadPoolExecutor.java:1149)
	at java.util.concurrent.ThreadPoolExecutor$Worker.run(ThreadPoolExecutor.java:624)
	at java.lang.Thread.run(Thread.java:750)
2023-08-31 18:21:12,648 [14fa2eac-e184-46cf-8dd5-e89808402331-impl-thread2] INFO  impl.StateMachineUpdater (StateMachineUpdater.java:stopAndJoin(155)) - 14fa2eac-e184-46cf-8dd5-e89808402331@group-8A8C37717FC6-StateMachineUpdater: set stopIndex = 22
2023-08-31 18:21:12,655 [grpc-default-executor-8] INFO  server.GrpcLogAppender (GrpcLogAppender.java:onCompleted(428)) - b680699b-c9cb-4670-83ba-783bfe62cfe5@group-8A8C37717FC6->cea0c109-6e95-4b2c-982c-0dc77a608767-AppendLogResponseHandler: follower responses appendEntries COMPLETED
2023-08-31 18:21:12,652 [14fa2eac-e184-46cf-8dd5-e89808402331@group-252A861C3683-StateMachineUpdater] INFO  ratis.ContainerStateMachine (ContainerStateMachine.java:takeSnapshot(330)) - group-252A861C3683: Taking a snapshot at:(t:1, i:12) file /home/runner/work/ozone/ozone/hadoop-ozone/integration-test/target/test-dir/MiniOzoneClusterImpl-03cba653-44d0-43b4-bc0f-a7205d2183ff/datanode-1/data/ratis/03b84fdd-346e-4cf1-b385-252a861c3683/sm/snapshot.1_12
2023-08-31 18:21:12,652 [ForkJoinPool.commonPool-worker-3] INFO  ozoneimpl.OzoneContainer (OzoneContainer.java:stop(451)) - Attempting to stop container services.
2023-08-31 18:21:12,652 [14fa2eac-e184-46cf-8dd5-e89808402331-impl-thread3] INFO  impl.StateMachineUpdater (StateMachineUpdater.java:stopAndJoin(155)) - 14fa2eac-e184-46cf-8dd5-e89808402331@group-252A861C3683-StateMachineUpdater: set stopIndex = 12
2023-08-31 18:21:12,649 [b680699b-c9cb-4670-83ba-783bfe62cfe5-impl-thread3] INFO  server.RaftServer$Division (ServerState.java:close(472)) - b680699b-c9cb-4670-83ba-783bfe62cfe5@group-8A8C37717FC6: closes. applyIndex: 22
2023-08-31 18:21:12,648 [14fa2eac-e184-46cf-8dd5-e89808402331@group-8A8C37717FC6-StateMachineUpdater] INFO  ratis.ContainerStateMachine (ContainerStateMachine.java:takeSnapshot(330)) - group-8A8C37717FC6: Taking a snapshot at:(t:1, i:22) file /home/runner/work/ozone/ozone/hadoop-ozone/integration-test/target/test-dir/MiniOzoneClusterImpl-03cba653-44d0-43b4-bc0f-a7205d2183ff/datanode-1/data/ratis/ce54d6c1-46f6-4503-ac2d-8a8c37717fc6/sm/snapshot.1_22
2023-08-31 18:21:12,661 [grpc-default-executor-1] WARN  server.GrpcClientProtocolService (LogUtils.java:warn(122)) - 3-OrderedRequestStreamObserver3: onError: org.apache.ratis.thirdparty.io.grpc.StatusRuntimeException: CANCELLED: client cancelled
2023-08-31 18:21:12,662 [ForkJoinPool.commonPool-worker-3] INFO  server.RaftServer (RaftServerProxy.java:lambda$close$6(416)) - cea0c109-6e95-4b2c-982c-0dc77a608767: close
2023-08-31 18:21:12,662 [14fa2eac-e184-46cf-8dd5-e89808402331@group-252A861C3683-StateMachineUpdater] INFO  ratis.ContainerStateMachine (ContainerStateMachine.java:takeSnapshot(341)) - group-252A861C3683: Finished taking a snapshot at:(t:1, i:12) file:/home/runner/work/ozone/ozone/hadoop-ozone/integration-test/target/test-dir/MiniOzoneClusterImpl-03cba653-44d0-43b4-bc0f-a7205d2183ff/datanode-1/data/ratis/03b84fdd-346e-4cf1-b385-252a861c3683/sm/snapshot.1_12 took: 11 ms
2023-08-31 18:21:12,662 [grpc-default-executor-8] WARN  server.GrpcLogAppender (GrpcLogAppender.java:resetClient(137)) - b680699b-c9cb-4670-83ba-783bfe62cfe5@group-8A8C37717FC6->cea0c109-6e95-4b2c-982c-0dc77a608767-GrpcLogAppender: Failed to getClient for cea0c109-6e95-4b2c-982c-0dc77a608767
org.apache.ratis.protocol.exceptions.AlreadyClosedException: b680699b-c9cb-4670-83ba-783bfe62cfe5 is already CLOSED
	at org.apache.ratis.util.PeerProxyMap$PeerAndProxy.getProxy(PeerProxyMap.java:61)
	at org.apache.ratis.util.PeerProxyMap.getProxy(PeerProxyMap.java:115)
	at org.apache.ratis.grpc.server.GrpcLogAppender.getClient(GrpcLogAppender.java:112)
	at org.apache.ratis.grpc.server.GrpcLogAppender.resetClient(GrpcLogAppender.java:117)
	at org.apache.ratis.grpc.server.GrpcLogAppender.access$500(GrpcLogAppender.java:56)
	at org.apache.ratis.grpc.server.GrpcLogAppender$AppendLogResponseHandler.onCompleted(GrpcLogAppender.java:429)
	at org.apache.ratis.thirdparty.io.grpc.stub.ClientCalls$StreamObserverToCallListenerAdapter.onClose(ClientCalls.java:485)
	at org.apache.ratis.thirdparty.io.grpc.internal.ClientCallImpl.closeObserver(ClientCallImpl.java:563)
	at org.apache.ratis.thirdparty.io.grpc.internal.ClientCallImpl.access$300(ClientCallImpl.java:70)
	at org.apache.ratis.thirdparty.io.grpc.internal.ClientCallImpl$ClientStreamListenerImpl$1StreamClosed.runInternal(ClientCallImpl.java:744)
	at org.apache.ratis.thirdparty.io.grpc.internal.ClientCallImpl$ClientStreamListenerImpl$1StreamClosed.runInContext(ClientCallImpl.java:723)
	at org.apache.ratis.thirdparty.io.grpc.internal.ContextRunnable.run(ContextRunnable.java:37)
	at org.apache.ratis.thirdparty.io.grpc.internal.SerializingExecutor.run(SerializingExecutor.java:133)
	at java.util.concurrent.ThreadPoolExecutor.runWorker(ThreadPoolExecutor.java:1149)
	at java.util.concurrent.ThreadPoolExecutor$Worker.run(ThreadPoolExecutor.java:624)
	at java.lang.Thread.run(Thread.java:750)
2023-08-31 18:21:12,664 [14fa2eac-e184-46cf-8dd5-e89808402331@group-8A8C37717FC6-StateMachineUpdater] INFO  ratis.ContainerStateMachine (ContainerStateMachine.java:takeSnapshot(341)) - group-8A8C37717FC6: Finished taking a snapshot at:(t:1, i:22) file:/home/runner/work/ozone/ozone/hadoop-ozone/integration-test/target/test-dir/MiniOzoneClusterImpl-03cba653-44d0-43b4-bc0f-a7205d2183ff/datanode-1/data/ratis/ce54d6c1-46f6-4503-ac2d-8a8c37717fc6/sm/snapshot.1_22 took: 17 ms
2023-08-31 18:21:12,664 [14fa2eac-e184-46cf-8dd5-e89808402331@group-8A8C37717FC6-StateMachineUpdater] INFO  impl.StateMachineUpdater (StateMachineUpdater.java:takeSnapshot(291)) - 14fa2eac-e184-46cf-8dd5-e89808402331@group-8A8C37717FC6-StateMachineUpdater: Took a snapshot at index 22
2023-08-31 18:21:12,665 [14fa2eac-e184-46cf-8dd5-e89808402331@group-8A8C37717FC6-StateMachineUpdater] INFO  impl.StateMachineUpdater (StateMachineUpdater.java:lambda$new$0(97)) - 14fa2eac-e184-46cf-8dd5-e89808402331@group-8A8C37717FC6-StateMachineUpdater: snapshotIndex: updateIncreasingly -1 -> 22
2023-08-31 18:21:12,663 [14fa2eac-e184-46cf-8dd5-e89808402331@group-252A861C3683-StateMachineUpdater] INFO  impl.StateMachineUpdater (StateMachineUpdater.java:takeSnapshot(291)) - 14fa2eac-e184-46cf-8dd5-e89808402331@group-252A861C3683-StateMachineUpdater: Took a snapshot at index 12
2023-08-31 18:21:12,665 [14fa2eac-e184-46cf-8dd5-e89808402331@group-252A861C3683-StateMachineUpdater] INFO  impl.StateMachineUpdater (StateMachineUpdater.java:lambda$new$0(97)) - 14fa2eac-e184-46cf-8dd5-e89808402331@group-252A861C3683-StateMachineUpdater: snapshotIndex: updateIncreasingly -1 -> 12
2023-08-31 18:21:12,668 [cea0c109-6e95-4b2c-982c-0dc77a608767-impl-thread2] INFO  server.RaftServer$Division (RaftServerImpl.java:lambda$close$4(466)) - cea0c109-6e95-4b2c-982c-0dc77a608767@group-957E7B4DCC08: shutdown
2023-08-31 18:21:12,668 [cea0c109-6e95-4b2c-982c-0dc77a608767-impl-thread2] INFO  util.JmxRegister (JmxRegister.java:unregister(73)) - Successfully un-registered JMX Bean with object name Ratis:service=RaftServer,group=group-957E7B4DCC08,id=cea0c109-6e95-4b2c-982c-0dc77a608767
2023-08-31 18:21:12,669 [cea0c109-6e95-4b2c-982c-0dc77a608767-impl-thread2] INFO  impl.RoleInfo (RoleInfo.java:shutdownLeaderState(93)) - cea0c109-6e95-4b2c-982c-0dc77a608767: shutdown cea0c109-6e95-4b2c-982c-0dc77a608767@group-957E7B4DCC08-LeaderStateImpl
2023-08-31 18:21:12,669 [cea0c109-6e95-4b2c-982c-0dc77a608767-impl-thread2] INFO  impl.PendingRequests (PendingRequests.java:sendNotLeaderResponses(289)) - cea0c109-6e95-4b2c-982c-0dc77a608767@group-957E7B4DCC08-PendingRequests: sendNotLeaderResponses
2023-08-31 18:21:12,669 [cea0c109-6e95-4b2c-982c-0dc77a608767-impl-thread2] INFO  impl.StateMachineUpdater (StateMachineUpdater.java:stopAndJoin(155)) - cea0c109-6e95-4b2c-982c-0dc77a608767@group-957E7B4DCC08-StateMachineUpdater: set stopIndex = 0
2023-08-31 18:21:12,669 [cea0c109-6e95-4b2c-982c-0dc77a608767@group-957E7B4DCC08-StateMachineUpdater] INFO  ratis.ContainerStateMachine (ContainerStateMachine.java:takeSnapshot(330)) - group-957E7B4DCC08: Taking a snapshot at:(t:1, i:0) file /home/runner/work/ozone/ozone/hadoop-ozone/integration-test/target/test-dir/MiniOzoneClusterImpl-03cba653-44d0-43b4-bc0f-a7205d2183ff/datanode-0/data/ratis/4b0e1402-56c1-4258-9afa-957e7b4dcc08/sm/snapshot.1_0
2023-08-31 18:21:12,670 [cea0c109-6e95-4b2c-982c-0dc77a608767@group-957E7B4DCC08-StateMachineUpdater] INFO  ratis.ContainerStateMachine (ContainerStateMachine.java:takeSnapshot(341)) - group-957E7B4DCC08: Finished taking a snapshot at:(t:1, i:0) file:/home/runner/work/ozone/ozone/hadoop-ozone/integration-test/target/test-dir/MiniOzoneClusterImpl-03cba653-44d0-43b4-bc0f-a7205d2183ff/datanode-0/data/ratis/4b0e1402-56c1-4258-9afa-957e7b4dcc08/sm/snapshot.1_0 took: 2 ms
2023-08-31 18:21:12,671 [cea0c109-6e95-4b2c-982c-0dc77a608767@group-957E7B4DCC08-StateMachineUpdater] INFO  impl.StateMachineUpdater (StateMachineUpdater.java:takeSnapshot(291)) - cea0c109-6e95-4b2c-982c-0dc77a608767@group-957E7B4DCC08-StateMachineUpdater: Took a snapshot at index 0
2023-08-31 18:21:12,671 [cea0c109-6e95-4b2c-982c-0dc77a608767@group-957E7B4DCC08-StateMachineUpdater] INFO  impl.StateMachineUpdater (StateMachineUpdater.java:lambda$new$0(97)) - cea0c109-6e95-4b2c-982c-0dc77a608767@group-957E7B4DCC08-StateMachineUpdater: snapshotIndex: updateIncreasingly -1 -> 0
2023-08-31 18:21:12,671 [cea0c109-6e95-4b2c-982c-0dc77a608767-impl-thread3] INFO  server.RaftServer$Division (RaftServerImpl.java:lambda$close$4(466)) - cea0c109-6e95-4b2c-982c-0dc77a608767@group-8A8C37717FC6: shutdown
2023-08-31 18:21:12,671 [cea0c109-6e95-4b2c-982c-0dc77a608767-impl-thread3] INFO  util.JmxRegister (JmxRegister.java:unregister(73)) - Successfully un-registered JMX Bean with object name Ratis:service=RaftServer,group=group-8A8C37717FC6,id=cea0c109-6e95-4b2c-982c-0dc77a608767
2023-08-31 18:21:12,671 [cea0c109-6e95-4b2c-982c-0dc77a608767-impl-thread3] INFO  impl.RoleInfo (RoleInfo.java:shutdownFollowerState(110)) - cea0c109-6e95-4b2c-982c-0dc77a608767: shutdown cea0c109-6e95-4b2c-982c-0dc77a608767@group-8A8C37717FC6-FollowerState
2023-08-31 18:21:12,671 [ForkJoinPool.commonPool-worker-3] INFO  server.GrpcService (GrpcService.java:closeImpl(311)) - cea0c109-6e95-4b2c-982c-0dc77a608767: shutdown server org.apache.ratis.grpc.server.GrpcClientProtocolService now
2023-08-31 18:21:12,672 [cea0c109-6e95-4b2c-982c-0dc77a608767-impl-thread4] INFO  server.RaftServer$Division (RaftServerImpl.java:lambda$close$4(466)) - cea0c109-6e95-4b2c-982c-0dc77a608767@group-252A861C3683: shutdown
2023-08-31 18:21:12,672 [cea0c109-6e95-4b2c-982c-0dc77a608767-impl-thread4] INFO  util.JmxRegister (JmxRegister.java:unregister(73)) - Successfully un-registered JMX Bean with object name Ratis:service=RaftServer,group=group-252A861C3683,id=cea0c109-6e95-4b2c-982c-0dc77a608767
2023-08-31 18:21:12,672 [cea0c109-6e95-4b2c-982c-0dc77a608767-impl-thread4] INFO  impl.RoleInfo (RoleInfo.java:shutdownFollowerState(110)) - cea0c109-6e95-4b2c-982c-0dc77a608767: shutdown cea0c109-6e95-4b2c-982c-0dc77a608767@group-252A861C3683-FollowerState
2023-08-31 18:21:12,672 [Thread-1687] INFO  server.GrpcServerProtocolClient (GrpcServerProtocolClient.java:close(103)) - 14fa2eac-e184-46cf-8dd5-e89808402331 Close channels
2023-08-31 18:21:12,673 [Thread-1688] INFO  server.GrpcServerProtocolClient (GrpcServerProtocolClient.java:close(103)) - b680699b-c9cb-4670-83ba-783bfe62cfe5 Close channels
2023-08-31 18:21:12,677 [grpc-default-executor-9] INFO  server.GrpcLogAppender (GrpcLogAppender.java:onCompleted(428)) - b680699b-c9cb-4670-83ba-783bfe62cfe5@group-8A8C37717FC6->14fa2eac-e184-46cf-8dd5-e89808402331-AppendLogResponseHandler: follower responses appendEntries COMPLETED
2023-08-31 18:21:12,677 [grpc-default-executor-9] WARN  server.GrpcLogAppender (GrpcLogAppender.java:resetClient(137)) - b680699b-c9cb-4670-83ba-783bfe62cfe5@group-8A8C37717FC6->14fa2eac-e184-46cf-8dd5-e89808402331-GrpcLogAppender: Failed to getClient for 14fa2eac-e184-46cf-8dd5-e89808402331
org.apache.ratis.protocol.exceptions.AlreadyClosedException: b680699b-c9cb-4670-83ba-783bfe62cfe5 is already CLOSED
	at org.apache.ratis.util.PeerProxyMap$PeerAndProxy.getProxy(PeerProxyMap.java:61)
	at org.apache.ratis.util.PeerProxyMap.getProxy(PeerProxyMap.java:115)
	at org.apache.ratis.grpc.server.GrpcLogAppender.getClient(GrpcLogAppender.java:112)
	at org.apache.ratis.grpc.server.GrpcLogAppender.resetClient(GrpcLogAppender.java:117)
	at org.apache.ratis.grpc.server.GrpcLogAppender.access$500(GrpcLogAppender.java:56)
	at org.apache.ratis.grpc.server.GrpcLogAppender$AppendLogResponseHandler.onCompleted(GrpcLogAppender.java:429)
	at org.apache.ratis.thirdparty.io.grpc.stub.ClientCalls$StreamObserverToCallListenerAdapter.onClose(ClientCalls.java:485)
	at org.apache.ratis.thirdparty.io.grpc.internal.ClientCallImpl.closeObserver(ClientCallImpl.java:563)
	at org.apache.ratis.thirdparty.io.grpc.internal.ClientCallImpl.access$300(ClientCallImpl.java:70)
	at org.apache.ratis.thirdparty.io.grpc.internal.ClientCallImpl$ClientStreamListenerImpl$1StreamClosed.runInternal(ClientCallImpl.java:744)
	at org.apache.ratis.thirdparty.io.grpc.internal.ClientCallImpl$ClientStreamListenerImpl$1StreamClosed.runInContext(ClientCallImpl.java:723)
	at org.apache.ratis.thirdparty.io.grpc.internal.ContextRunnable.run(ContextRunnable.java:37)
	at org.apache.ratis.thirdparty.io.grpc.internal.SerializingExecutor.run(SerializingExecutor.java:133)
	at java.util.concurrent.ThreadPoolExecutor.runWorker(ThreadPoolExecutor.java:1149)
	at java.util.concurrent.ThreadPoolExecutor$Worker.run(ThreadPoolExecutor.java:624)
	at java.lang.Thread.run(Thread.java:750)
2023-08-31 18:21:12,678 [grpc-default-executor-9] INFO  server.GrpcServerProtocolService (GrpcServerProtocolService.java:onCompleted(155)) - b680699b-c9cb-4670-83ba-783bfe62cfe5: Completed APPEND_ENTRIES, lastRequest: 14fa2eac-e184-46cf-8dd5-e89808402331->b680699b-c9cb-4670-83ba-783bfe62cfe5#50-t1,previous=(t:1, i:11),leaderCommit=11,initializing? true,entries: size=1, first=(t:1, i:12), METADATAENTRY(c:10)
2023-08-31 18:21:12,678 [grpc-default-executor-9] INFO  server.GrpcServerProtocolService (GrpcServerProtocolService.java:lambda$onCompleted$5(157)) - b680699b-c9cb-4670-83ba-783bfe62cfe5: Completed APPEND_ENTRIES, lastReply: null
2023-08-31 18:21:12,678 [grpc-default-executor-6] INFO  server.GrpcServerProtocolService (GrpcServerProtocolService.java:onCompleted(155)) - b680699b-c9cb-4670-83ba-783bfe62cfe5: Completed APPEND_ENTRIES, lastRequest: null
2023-08-31 18:21:12,679 [main] INFO  server.GrpcService (GrpcService.java:closeImpl(320)) - b680699b-c9cb-4670-83ba-783bfe62cfe5: shutdown server org.apache.ratis.grpc.server.GrpcClientProtocolService successfully
2023-08-31 18:21:12,679 [main] INFO  server.GrpcService (GrpcService.java:closeImpl(311)) - b680699b-c9cb-4670-83ba-783bfe62cfe5: shutdown server GrpcServerProtocolService now
2023-08-31 18:21:12,679 [cea0c109-6e95-4b2c-982c-0dc77a608767-impl-thread2] INFO  server.RaftServer$Division (ServerState.java:close(472)) - cea0c109-6e95-4b2c-982c-0dc77a608767@group-957E7B4DCC08: closes. applyIndex: 0
2023-08-31 18:21:12,679 [grpc-default-executor-8] INFO  server.GrpcServerProtocolService (GrpcServerProtocolService.java:onCompleted(155)) - cea0c109-6e95-4b2c-982c-0dc77a608767: Completed APPEND_ENTRIES, lastRequest: null
2023-08-31 18:21:12,679 [ForkJoinPool.commonPool-worker-3] INFO  server.GrpcService (GrpcService.java:closeImpl(320)) - cea0c109-6e95-4b2c-982c-0dc77a608767: shutdown server org.apache.ratis.grpc.server.GrpcClientProtocolService successfully
2023-08-31 18:21:12,680 [ForkJoinPool.commonPool-worker-3] INFO  server.GrpcService (GrpcService.java:closeImpl(311)) - cea0c109-6e95-4b2c-982c-0dc77a608767: shutdown server GrpcServerProtocolService now
2023-08-31 18:21:12,695 [grpc-default-executor-8] INFO  server.GrpcServerProtocolService (GrpcServerProtocolService.java:lambda$onCompleted$5(157)) - cea0c109-6e95-4b2c-982c-0dc77a608767: Completed APPEND_ENTRIES, lastReply: serverReply {
  requestorId: "14fa2eac-e184-46cf-8dd5-e89808402331"
  replyId: "cea0c109-6e95-4b2c-982c-0dc77a608767"
  raftGroupId {
    id: "\003\270O\3354nL\361\263\205%*\206\0346\203"
  }
  callId: 44
  success: true
}
term: 1
nextIndex: 9
followerCommit: 8
matchIndex: 18446744073709551615
isHearbeat: true

2023-08-31 18:21:12,696 [grpc-default-executor-7] INFO  server.GrpcLogAppender (GrpcLogAppender.java:onCompleted(428)) - 14fa2eac-e184-46cf-8dd5-e89808402331@group-252A861C3683->b680699b-c9cb-4670-83ba-783bfe62cfe5-AppendLogResponseHandler: follower responses appendEntries COMPLETED
2023-08-31 18:21:12,696 [cea0c109-6e95-4b2c-982c-0dc77a608767-impl-thread4] INFO  impl.StateMachineUpdater (StateMachineUpdater.java:stopAndJoin(155)) - cea0c109-6e95-4b2c-982c-0dc77a608767@group-252A861C3683-StateMachineUpdater: set stopIndex = 11
2023-08-31 18:21:12,696 [cea0c109-6e95-4b2c-982c-0dc77a608767@group-252A861C3683-FollowerState] INFO  impl.FollowerState (FollowerState.java:run(152)) - cea0c109-6e95-4b2c-982c-0dc77a608767@group-252A861C3683-FollowerState was interrupted
2023-08-31 18:21:12,697 [cea0c109-6e95-4b2c-982c-0dc77a608767@group-252A861C3683-StateMachineUpdater] INFO  ratis.ContainerStateMachine (ContainerStateMachine.java:takeSnapshot(330)) - group-252A861C3683: Taking a snapshot at:(t:1, i:11) file /home/runner/work/ozone/ozone/hadoop-ozone/integration-test/target/test-dir/MiniOzoneClusterImpl-03cba653-44d0-43b4-bc0f-a7205d2183ff/datanode-0/data/ratis/03b84fdd-346e-4cf1-b385-252a861c3683/sm/snapshot.1_11
2023-08-31 18:21:12,697 [cea0c109-6e95-4b2c-982c-0dc77a608767-impl-thread3] INFO  impl.StateMachineUpdater (StateMachineUpdater.java:stopAndJoin(155)) - cea0c109-6e95-4b2c-982c-0dc77a608767@group-8A8C37717FC6-StateMachineUpdater: set stopIndex = 22
2023-08-31 18:21:12,697 [cea0c109-6e95-4b2c-982c-0dc77a608767@group-8A8C37717FC6-FollowerState] INFO  impl.FollowerState (FollowerState.java:run(152)) - cea0c109-6e95-4b2c-982c-0dc77a608767@group-8A8C37717FC6-FollowerState was interrupted
2023-08-31 18:21:12,697 [cea0c109-6e95-4b2c-982c-0dc77a608767@group-8A8C37717FC6-StateMachineUpdater] INFO  ratis.ContainerStateMachine (ContainerStateMachine.java:takeSnapshot(330)) - group-8A8C37717FC6: Taking a snapshot at:(t:1, i:22) file /home/runner/work/ozone/ozone/hadoop-ozone/integration-test/target/test-dir/MiniOzoneClusterImpl-03cba653-44d0-43b4-bc0f-a7205d2183ff/datanode-0/data/ratis/ce54d6c1-46f6-4503-ac2d-8a8c37717fc6/sm/snapshot.1_22
2023-08-31 18:21:12,700 [grpc-default-executor-7] WARN  server.GrpcLogAppender (GrpcLogAppender.java:resetClient(137)) - 14fa2eac-e184-46cf-8dd5-e89808402331@group-252A861C3683->b680699b-c9cb-4670-83ba-783bfe62cfe5-GrpcLogAppender: Failed to getClient for b680699b-c9cb-4670-83ba-783bfe62cfe5
org.apache.ratis.protocol.exceptions.AlreadyClosedException: 14fa2eac-e184-46cf-8dd5-e89808402331 is already CLOSED
	at org.apache.ratis.util.PeerProxyMap$PeerAndProxy.getProxy(PeerProxyMap.java:61)
	at org.apache.ratis.util.PeerProxyMap.getProxy(PeerProxyMap.java:115)
	at org.apache.ratis.grpc.server.GrpcLogAppender.getClient(GrpcLogAppender.java:112)
	at org.apache.ratis.grpc.server.GrpcLogAppender.resetClient(GrpcLogAppender.java:117)
	at org.apache.ratis.grpc.server.GrpcLogAppender.access$500(GrpcLogAppender.java:56)
	at org.apache.ratis.grpc.server.GrpcLogAppender$AppendLogResponseHandler.onCompleted(GrpcLogAppender.java:429)
	at org.apache.ratis.thirdparty.io.grpc.stub.ClientCalls$StreamObserverToCallListenerAdapter.onClose(ClientCalls.java:485)
	at org.apache.ratis.thirdparty.io.grpc.internal.ClientCallImpl.closeObserver(ClientCallImpl.java:563)
	at org.apache.ratis.thirdparty.io.grpc.internal.ClientCallImpl.access$300(ClientCallImpl.java:70)
	at org.apache.ratis.thirdparty.io.grpc.internal.ClientCallImpl$ClientStreamListenerImpl$1StreamClosed.runInternal(ClientCallImpl.java:744)
	at org.apache.ratis.thirdparty.io.grpc.internal.ClientCallImpl$ClientStreamListenerImpl$1StreamClosed.runInContext(ClientCallImpl.java:723)
	at org.apache.ratis.thirdparty.io.grpc.internal.ContextRunnable.run(ContextRunnable.java:37)
	at org.apache.ratis.thirdparty.io.grpc.internal.SerializingExecutor.run(SerializingExecutor.java:133)
	at java.util.concurrent.ThreadPoolExecutor.runWorker(ThreadPoolExecutor.java:1149)
	at java.util.concurrent.ThreadPoolExecutor$Worker.run(ThreadPoolExecutor.java:624)
	at java.lang.Thread.run(Thread.java:750)
2023-08-31 18:21:12,700 [14fa2eac-e184-46cf-8dd5-e89808402331-impl-thread3] INFO  server.RaftServer$Division (ServerState.java:close(472)) - 14fa2eac-e184-46cf-8dd5-e89808402331@group-252A861C3683: closes. applyIndex: 12
2023-08-31 18:21:12,700 [14fa2eac-e184-46cf-8dd5-e89808402331-impl-thread2] INFO  server.RaftServer$Division (ServerState.java:close(472)) - 14fa2eac-e184-46cf-8dd5-e89808402331@group-8A8C37717FC6: closes. applyIndex: 22
2023-08-31 18:21:12,701 [main] INFO  server.GrpcService (GrpcService.java:closeImpl(320)) - b680699b-c9cb-4670-83ba-783bfe62cfe5: shutdown server GrpcServerProtocolService successfully
2023-08-31 18:21:12,701 [main] INFO  server.GrpcService (GrpcService.java:closeImpl(311)) - b680699b-c9cb-4670-83ba-783bfe62cfe5: shutdown server org.apache.ratis.grpc.server.GrpcAdminProtocolService now
2023-08-31 18:21:12,701 [grpc-default-executor-9] INFO  server.GrpcLogAppender (GrpcLogAppender.java:onError(417)) - 14fa2eac-e184-46cf-8dd5-e89808402331@group-252A861C3683->b680699b-c9cb-4670-83ba-783bfe62cfe5-GrpcLogAppender is already stopped
2023-08-31 18:21:12,703 [cea0c109-6e95-4b2c-982c-0dc77a608767@group-8A8C37717FC6-StateMachineUpdater] INFO  ratis.ContainerStateMachine (ContainerStateMachine.java:takeSnapshot(341)) - group-8A8C37717FC6: Finished taking a snapshot at:(t:1, i:22) file:/home/runner/work/ozone/ozone/hadoop-ozone/integration-test/target/test-dir/MiniOzoneClusterImpl-03cba653-44d0-43b4-bc0f-a7205d2183ff/datanode-0/data/ratis/ce54d6c1-46f6-4503-ac2d-8a8c37717fc6/sm/snapshot.1_22 took: 5 ms
2023-08-31 18:21:12,703 [cea0c109-6e95-4b2c-982c-0dc77a608767@group-8A8C37717FC6-StateMachineUpdater] INFO  impl.StateMachineUpdater (StateMachineUpdater.java:takeSnapshot(291)) - cea0c109-6e95-4b2c-982c-0dc77a608767@group-8A8C37717FC6-StateMachineUpdater: Took a snapshot at index 22
2023-08-31 18:21:12,703 [cea0c109-6e95-4b2c-982c-0dc77a608767@group-8A8C37717FC6-StateMachineUpdater] INFO  impl.StateMachineUpdater (StateMachineUpdater.java:lambda$new$0(97)) - cea0c109-6e95-4b2c-982c-0dc77a608767@group-8A8C37717FC6-StateMachineUpdater: snapshotIndex: updateIncreasingly -1 -> 22
2023-08-31 18:21:12,704 [cea0c109-6e95-4b2c-982c-0dc77a608767@group-252A861C3683-StateMachineUpdater] INFO  ratis.ContainerStateMachine (ContainerStateMachine.java:takeSnapshot(341)) - group-252A861C3683: Finished taking a snapshot at:(t:1, i:11) file:/home/runner/work/ozone/ozone/hadoop-ozone/integration-test/target/test-dir/MiniOzoneClusterImpl-03cba653-44d0-43b4-bc0f-a7205d2183ff/datanode-0/data/ratis/03b84fdd-346e-4cf1-b385-252a861c3683/sm/snapshot.1_11 took: 7 ms
2023-08-31 18:21:12,704 [cea0c109-6e95-4b2c-982c-0dc77a608767@group-252A861C3683-StateMachineUpdater] INFO  impl.StateMachineUpdater (StateMachineUpdater.java:takeSnapshot(291)) - cea0c109-6e95-4b2c-982c-0dc77a608767@group-252A861C3683-StateMachineUpdater: Took a snapshot at index 11
2023-08-31 18:21:12,704 [cea0c109-6e95-4b2c-982c-0dc77a608767@group-252A861C3683-StateMachineUpdater] INFO  impl.StateMachineUpdater (StateMachineUpdater.java:lambda$new$0(97)) - cea0c109-6e95-4b2c-982c-0dc77a608767@group-252A861C3683-StateMachineUpdater: snapshotIndex: updateIncreasingly -1 -> 11
2023-08-31 18:21:12,713 [grpc-default-executor-6] INFO  server.GrpcServerProtocolService (GrpcServerProtocolService.java:lambda$onCompleted$5(157)) - b680699b-c9cb-4670-83ba-783bfe62cfe5: Completed APPEND_ENTRIES, lastReply: serverReply {
  requestorId: "14fa2eac-e184-46cf-8dd5-e89808402331"
  replyId: "b680699b-c9cb-4670-83ba-783bfe62cfe5"
  raftGroupId {
    id: "\003\270O\3354nL\361\263\205%*\206\0346\203"
  }
  callId: 46
  success: true
}
term: 1
nextIndex: 9
followerCommit: 8
matchIndex: 18446744073709551615
isHearbeat: true

2023-08-31 18:21:12,713 [cea0c109-6e95-4b2c-982c-0dc77a608767-impl-thread4] INFO  server.RaftServer$Division (ServerState.java:close(472)) - cea0c109-6e95-4b2c-982c-0dc77a608767@group-252A861C3683: closes. applyIndex: 11
2023-08-31 18:21:12,714 [cea0c109-6e95-4b2c-982c-0dc77a608767-impl-thread3] INFO  server.RaftServer$Division (ServerState.java:close(472)) - cea0c109-6e95-4b2c-982c-0dc77a608767@group-8A8C37717FC6: closes. applyIndex: 22
2023-08-31 18:21:12,716 [grpc-default-executor-8] INFO  server.GrpcLogAppender (GrpcLogAppender.java:onCompleted(428)) - 14fa2eac-e184-46cf-8dd5-e89808402331@group-252A861C3683->cea0c109-6e95-4b2c-982c-0dc77a608767-AppendLogResponseHandler: follower responses appendEntries COMPLETED
2023-08-31 18:21:12,717 [grpc-default-executor-8] WARN  server.GrpcLogAppender (GrpcLogAppender.java:resetClient(137)) - 14fa2eac-e184-46cf-8dd5-e89808402331@group-252A861C3683->cea0c109-6e95-4b2c-982c-0dc77a608767-GrpcLogAppender: Failed to getClient for cea0c109-6e95-4b2c-982c-0dc77a608767
org.apache.ratis.protocol.exceptions.AlreadyClosedException: 14fa2eac-e184-46cf-8dd5-e89808402331 is already CLOSED
	at org.apache.ratis.util.PeerProxyMap$PeerAndProxy.getProxy(PeerProxyMap.java:61)
	at org.apache.ratis.util.PeerProxyMap.getProxy(PeerProxyMap.java:115)
	at org.apache.ratis.grpc.server.GrpcLogAppender.getClient(GrpcLogAppender.java:112)
	at org.apache.ratis.grpc.server.GrpcLogAppender.resetClient(GrpcLogAppender.java:117)
	at org.apache.ratis.grpc.server.GrpcLogAppender.access$500(GrpcLogAppender.java:56)
	at org.apache.ratis.grpc.server.GrpcLogAppender$AppendLogResponseHandler.onCompleted(GrpcLogAppender.java:429)
	at org.apache.ratis.thirdparty.io.grpc.stub.ClientCalls$StreamObserverToCallListenerAdapter.onClose(ClientCalls.java:485)
	at org.apache.ratis.thirdparty.io.grpc.internal.DelayedClientCall$DelayedListener$3.run(DelayedClientCall.java:471)
	at org.apache.ratis.thirdparty.io.grpc.internal.DelayedClientCall$DelayedListener.delayOrExecute(DelayedClientCall.java:435)
	at org.apache.ratis.thirdparty.io.grpc.internal.DelayedClientCall$DelayedListener.onClose(DelayedClientCall.java:468)
	at org.apache.ratis.thirdparty.io.grpc.internal.ClientCallImpl.closeObserver(ClientCallImpl.java:563)
	at org.apache.ratis.thirdparty.io.grpc.internal.ClientCallImpl.access$300(ClientCallImpl.java:70)
	at org.apache.ratis.thirdparty.io.grpc.internal.ClientCallImpl$ClientStreamListenerImpl$1StreamClosed.runInternal(ClientCallImpl.java:744)
	at org.apache.ratis.thirdparty.io.grpc.internal.ClientCallImpl$ClientStreamListenerImpl$1StreamClosed.runInContext(ClientCallImpl.java:723)
	at org.apache.ratis.thirdparty.io.grpc.internal.ContextRunnable.run(ContextRunnable.java:37)
	at org.apache.ratis.thirdparty.io.grpc.internal.SerializingExecutor.run(SerializingExecutor.java:133)
	at java.util.concurrent.ThreadPoolExecutor.runWorker(ThreadPoolExecutor.java:1149)
	at java.util.concurrent.ThreadPoolExecutor$Worker.run(ThreadPoolExecutor.java:624)
	at java.lang.Thread.run(Thread.java:750)
2023-08-31 18:21:12,728 [ForkJoinPool.commonPool-worker-0] INFO  ozoneimpl.OzoneContainer (OzoneContainer.java:stop(451)) - Attempting to stop container services.
2023-08-31 18:21:12,730 [main] INFO  server.GrpcService (GrpcService.java:closeImpl(320)) - b680699b-c9cb-4670-83ba-783bfe62cfe5: shutdown server org.apache.ratis.grpc.server.GrpcAdminProtocolService successfully
2023-08-31 18:21:12,731 [ForkJoinPool.commonPool-worker-3] INFO  server.GrpcService (GrpcService.java:closeImpl(320)) - cea0c109-6e95-4b2c-982c-0dc77a608767: shutdown server GrpcServerProtocolService successfully
2023-08-31 18:21:12,732 [ForkJoinPool.commonPool-worker-3] INFO  server.GrpcService (GrpcService.java:closeImpl(311)) - cea0c109-6e95-4b2c-982c-0dc77a608767: shutdown server org.apache.ratis.grpc.server.GrpcAdminProtocolService now
2023-08-31 18:21:12,732 [b680699b-c9cb-4670-83ba-783bfe62cfe5-NettyServerStreamRpc-bossGroup--thread1] INFO  logging.LoggingHandler (AbstractInternalLogger.java:log(148)) - [id: 0xb9cb7bac, L:/0:0:0:0:0:0:0:0:15139] CLOSE
2023-08-31 18:21:12,732 [b680699b-c9cb-4670-83ba-783bfe62cfe5-NettyServerStreamRpc-bossGroup--thread1] INFO  logging.LoggingHandler (AbstractInternalLogger.java:log(148)) - [id: 0xb9cb7bac, L:/0:0:0:0:0:0:0:0:15139] INACTIVE
2023-08-31 18:21:12,732 [b680699b-c9cb-4670-83ba-783bfe62cfe5-NettyServerStreamRpc-bossGroup--thread1] INFO  logging.LoggingHandler (AbstractInternalLogger.java:log(148)) - [id: 0xb9cb7bac, L:/0:0:0:0:0:0:0:0:15139] UNREGISTERED
2023-08-31 18:21:12,733 [ForkJoinPool.commonPool-worker-2] INFO  server.GrpcService (GrpcService.java:closeImpl(320)) - 14fa2eac-e184-46cf-8dd5-e89808402331: shutdown server org.apache.ratis.grpc.server.GrpcClientProtocolService successfully
2023-08-31 18:21:12,733 [ForkJoinPool.commonPool-worker-2] INFO  server.GrpcService (GrpcService.java:closeImpl(311)) - 14fa2eac-e184-46cf-8dd5-e89808402331: shutdown server GrpcServerProtocolService now
2023-08-31 18:21:12,733 [ForkJoinPool.commonPool-worker-0] INFO  server.RaftServer (RaftServerProxy.java:lambda$close$6(416)) - 2b1a9455-1161-459a-84a9-9731b4638bee: close
2023-08-31 18:21:12,739 [ForkJoinPool.commonPool-worker-3] INFO  server.GrpcService (GrpcService.java:closeImpl(320)) - cea0c109-6e95-4b2c-982c-0dc77a608767: shutdown server org.apache.ratis.grpc.server.GrpcAdminProtocolService successfully
2023-08-31 18:21:12,740 [cea0c109-6e95-4b2c-982c-0dc77a608767-NettyServerStreamRpc-bossGroup--thread1] INFO  logging.LoggingHandler (AbstractInternalLogger.java:log(148)) - [id: 0xc04ec538, L:/0:0:0:0:0:0:0:0:15121] CLOSE
2023-08-31 18:21:12,740 [ForkJoinPool.commonPool-worker-0] INFO  server.GrpcService (GrpcService.java:closeImpl(311)) - 2b1a9455-1161-459a-84a9-9731b4638bee: shutdown server org.apache.ratis.grpc.server.GrpcClientProtocolService now
2023-08-31 18:21:12,740 [cea0c109-6e95-4b2c-982c-0dc77a608767-NettyServerStreamRpc-bossGroup--thread1] INFO  logging.LoggingHandler (AbstractInternalLogger.java:log(148)) - [id: 0xc04ec538, L:/0:0:0:0:0:0:0:0:15121] INACTIVE
2023-08-31 18:21:12,741 [cea0c109-6e95-4b2c-982c-0dc77a608767-NettyServerStreamRpc-bossGroup--thread1] INFO  logging.LoggingHandler (AbstractInternalLogger.java:log(148)) - [id: 0xc04ec538, L:/0:0:0:0:0:0:0:0:15121] UNREGISTERED
2023-08-31 18:21:12,741 [2b1a9455-1161-459a-84a9-9731b4638bee-impl-thread2] INFO  server.RaftServer$Division (RaftServerImpl.java:lambda$close$4(466)) - 2b1a9455-1161-459a-84a9-9731b4638bee@group-5562CF4330A4: shutdown
2023-08-31 18:21:12,741 [2b1a9455-1161-459a-84a9-9731b4638bee-impl-thread2] INFO  util.JmxRegister (JmxRegister.java:unregister(73)) - Successfully un-registered JMX Bean with object name Ratis:service=RaftServer,group=group-5562CF4330A4,id=2b1a9455-1161-459a-84a9-9731b4638bee
2023-08-31 18:21:12,741 [2b1a9455-1161-459a-84a9-9731b4638bee-impl-thread2] INFO  impl.RoleInfo (RoleInfo.java:shutdownLeaderState(93)) - 2b1a9455-1161-459a-84a9-9731b4638bee: shutdown 2b1a9455-1161-459a-84a9-9731b4638bee@group-5562CF4330A4-LeaderStateImpl
2023-08-31 18:21:12,741 [2b1a9455-1161-459a-84a9-9731b4638bee-impl-thread2] INFO  impl.PendingRequests (PendingRequests.java:sendNotLeaderResponses(289)) - 2b1a9455-1161-459a-84a9-9731b4638bee@group-5562CF4330A4-PendingRequests: sendNotLeaderResponses
2023-08-31 18:21:12,742 [2b1a9455-1161-459a-84a9-9731b4638bee@group-5562CF4330A4-StateMachineUpdater] INFO  ratis.ContainerStateMachine (ContainerStateMachine.java:takeSnapshot(330)) - group-5562CF4330A4: Taking a snapshot at:(t:1, i:0) file /home/runner/work/ozone/ozone/hadoop-ozone/integration-test/target/test-dir/MiniOzoneClusterImpl-03cba653-44d0-43b4-bc0f-a7205d2183ff/datanode-4/data/ratis/bf2c34bf-22ac-4595-ac6e-5562cf4330a4/sm/snapshot.1_0
2023-08-31 18:21:12,742 [2b1a9455-1161-459a-84a9-9731b4638bee-impl-thread2] INFO  impl.StateMachineUpdater (StateMachineUpdater.java:stopAndJoin(155)) - 2b1a9455-1161-459a-84a9-9731b4638bee@group-5562CF4330A4-StateMachineUpdater: set stopIndex = 0
2023-08-31 18:21:12,743 [2b1a9455-1161-459a-84a9-9731b4638bee@group-5562CF4330A4-StateMachineUpdater] INFO  ratis.ContainerStateMachine (ContainerStateMachine.java:takeSnapshot(341)) - group-5562CF4330A4: Finished taking a snapshot at:(t:1, i:0) file:/home/runner/work/ozone/ozone/hadoop-ozone/integration-test/target/test-dir/MiniOzoneClusterImpl-03cba653-44d0-43b4-bc0f-a7205d2183ff/datanode-4/data/ratis/bf2c34bf-22ac-4595-ac6e-5562cf4330a4/sm/snapshot.1_0 took: 1 ms
2023-08-31 18:21:12,743 [2b1a9455-1161-459a-84a9-9731b4638bee@group-5562CF4330A4-StateMachineUpdater] INFO  impl.StateMachineUpdater (StateMachineUpdater.java:takeSnapshot(291)) - 2b1a9455-1161-459a-84a9-9731b4638bee@group-5562CF4330A4-StateMachineUpdater: Took a snapshot at index 0
2023-08-31 18:21:12,743 [2b1a9455-1161-459a-84a9-9731b4638bee@group-5562CF4330A4-StateMachineUpdater] INFO  impl.StateMachineUpdater (StateMachineUpdater.java:lambda$new$0(97)) - 2b1a9455-1161-459a-84a9-9731b4638bee@group-5562CF4330A4-StateMachineUpdater: snapshotIndex: updateIncreasingly -1 -> 0
2023-08-31 18:21:12,743 [2b1a9455-1161-459a-84a9-9731b4638bee-impl-thread2] INFO  server.RaftServer$Division (ServerState.java:close(472)) - 2b1a9455-1161-459a-84a9-9731b4638bee@group-5562CF4330A4: closes. applyIndex: 0
2023-08-31 18:21:12,753 [ForkJoinPool.commonPool-worker-2] INFO  server.GrpcService (GrpcService.java:closeImpl(320)) - 14fa2eac-e184-46cf-8dd5-e89808402331: shutdown server GrpcServerProtocolService successfully
2023-08-31 18:21:12,753 [ForkJoinPool.commonPool-worker-2] INFO  server.GrpcService (GrpcService.java:closeImpl(311)) - 14fa2eac-e184-46cf-8dd5-e89808402331: shutdown server org.apache.ratis.grpc.server.GrpcAdminProtocolService now
2023-08-31 18:21:12,762 [ForkJoinPool.commonPool-worker-0] INFO  server.GrpcService (GrpcService.java:closeImpl(320)) - 2b1a9455-1161-459a-84a9-9731b4638bee: shutdown server org.apache.ratis.grpc.server.GrpcClientProtocolService successfully
2023-08-31 18:21:12,762 [ForkJoinPool.commonPool-worker-0] INFO  server.GrpcService (GrpcService.java:closeImpl(311)) - 2b1a9455-1161-459a-84a9-9731b4638bee: shutdown server GrpcServerProtocolService now
2023-08-31 18:21:12,769 [ForkJoinPool.commonPool-worker-2] INFO  server.GrpcService (GrpcService.java:closeImpl(320)) - 14fa2eac-e184-46cf-8dd5-e89808402331: shutdown server org.apache.ratis.grpc.server.GrpcAdminProtocolService successfully
2023-08-31 18:21:12,770 [14fa2eac-e184-46cf-8dd5-e89808402331-NettyServerStreamRpc-bossGroup--thread1] INFO  logging.LoggingHandler (AbstractInternalLogger.java:log(148)) - [id: 0x79c0c6fa, L:/0:0:0:0:0:0:0:0:15130] CLOSE
2023-08-31 18:21:12,771 [14fa2eac-e184-46cf-8dd5-e89808402331-NettyServerStreamRpc-bossGroup--thread1] INFO  logging.LoggingHandler (AbstractInternalLogger.java:log(148)) - [id: 0x79c0c6fa, L:/0:0:0:0:0:0:0:0:15130] INACTIVE
2023-08-31 18:21:12,771 [14fa2eac-e184-46cf-8dd5-e89808402331-NettyServerStreamRpc-bossGroup--thread1] INFO  logging.LoggingHandler (AbstractInternalLogger.java:log(148)) - [id: 0x79c0c6fa, L:/0:0:0:0:0:0:0:0:15130] UNREGISTERED
2023-08-31 18:21:12,771 [ForkJoinPool.commonPool-worker-0] INFO  server.GrpcService (GrpcService.java:closeImpl(320)) - 2b1a9455-1161-459a-84a9-9731b4638bee: shutdown server GrpcServerProtocolService successfully
2023-08-31 18:21:12,772 [ForkJoinPool.commonPool-worker-0] INFO  server.GrpcService (GrpcService.java:closeImpl(311)) - 2b1a9455-1161-459a-84a9-9731b4638bee: shutdown server org.apache.ratis.grpc.server.GrpcAdminProtocolService now
2023-08-31 18:21:12,775 [ForkJoinPool.commonPool-worker-1] INFO  ozoneimpl.OzoneContainer (OzoneContainer.java:stop(451)) - Attempting to stop container services.
2023-08-31 18:21:12,777 [ForkJoinPool.commonPool-worker-1] INFO  server.RaftServer (RaftServerProxy.java:lambda$close$6(416)) - 431b9c6f-d536-4d0f-be3d-601c32ccf3d0: close
2023-08-31 18:21:12,777 [ForkJoinPool.commonPool-worker-0] INFO  server.GrpcService (GrpcService.java:closeImpl(320)) - 2b1a9455-1161-459a-84a9-9731b4638bee: shutdown server org.apache.ratis.grpc.server.GrpcAdminProtocolService successfully
2023-08-31 18:21:12,777 [2b1a9455-1161-459a-84a9-9731b4638bee-NettyServerStreamRpc-bossGroup--thread1] INFO  logging.LoggingHandler (AbstractInternalLogger.java:log(148)) - [id: 0x3183dc12, L:/0:0:0:0:0:0:0:0:15157] CLOSE
2023-08-31 18:21:12,778 [ForkJoinPool.commonPool-worker-1] INFO  server.GrpcService (GrpcService.java:closeImpl(311)) - 431b9c6f-d536-4d0f-be3d-601c32ccf3d0: shutdown server org.apache.ratis.grpc.server.GrpcClientProtocolService now
2023-08-31 18:21:12,778 [2b1a9455-1161-459a-84a9-9731b4638bee-NettyServerStreamRpc-bossGroup--thread1] INFO  logging.LoggingHandler (AbstractInternalLogger.java:log(148)) - [id: 0x3183dc12, L:/0:0:0:0:0:0:0:0:15157] INACTIVE
2023-08-31 18:21:12,778 [2b1a9455-1161-459a-84a9-9731b4638bee-NettyServerStreamRpc-bossGroup--thread1] INFO  logging.LoggingHandler (AbstractInternalLogger.java:log(148)) - [id: 0x3183dc12, L:/0:0:0:0:0:0:0:0:15157] UNREGISTERED
2023-08-31 18:21:12,778 [431b9c6f-d536-4d0f-be3d-601c32ccf3d0-impl-thread2] INFO  server.RaftServer$Division (RaftServerImpl.java:lambda$close$4(466)) - 431b9c6f-d536-4d0f-be3d-601c32ccf3d0@group-82B196D09914: shutdown
2023-08-31 18:21:12,778 [431b9c6f-d536-4d0f-be3d-601c32ccf3d0-impl-thread2] INFO  util.JmxRegister (JmxRegister.java:unregister(73)) - Successfully un-registered JMX Bean with object name Ratis:service=RaftServer,group=group-82B196D09914,id=431b9c6f-d536-4d0f-be3d-601c32ccf3d0
2023-08-31 18:21:12,778 [431b9c6f-d536-4d0f-be3d-601c32ccf3d0-impl-thread2] INFO  impl.RoleInfo (RoleInfo.java:shutdownLeaderState(93)) - 431b9c6f-d536-4d0f-be3d-601c32ccf3d0: shutdown 431b9c6f-d536-4d0f-be3d-601c32ccf3d0@group-82B196D09914-LeaderStateImpl
2023-08-31 18:21:12,778 [431b9c6f-d536-4d0f-be3d-601c32ccf3d0-impl-thread2] INFO  impl.PendingRequests (PendingRequests.java:sendNotLeaderResponses(289)) - 431b9c6f-d536-4d0f-be3d-601c32ccf3d0@group-82B196D09914-PendingRequests: sendNotLeaderResponses
2023-08-31 18:21:12,779 [431b9c6f-d536-4d0f-be3d-601c32ccf3d0-impl-thread2] INFO  impl.StateMachineUpdater (StateMachineUpdater.java:stopAndJoin(155)) - 431b9c6f-d536-4d0f-be3d-601c32ccf3d0@group-82B196D09914-StateMachineUpdater: set stopIndex = 0
2023-08-31 18:21:12,779 [431b9c6f-d536-4d0f-be3d-601c32ccf3d0@group-82B196D09914-StateMachineUpdater] INFO  ratis.ContainerStateMachine (ContainerStateMachine.java:takeSnapshot(330)) - group-82B196D09914: Taking a snapshot at:(t:1, i:0) file /home/runner/work/ozone/ozone/hadoop-ozone/integration-test/target/test-dir/MiniOzoneClusterImpl-03cba653-44d0-43b4-bc0f-a7205d2183ff/datanode-3/data/ratis/f96faf6d-083e-49ee-a83a-82b196d09914/sm/snapshot.1_0
2023-08-31 18:21:12,780 [431b9c6f-d536-4d0f-be3d-601c32ccf3d0@group-82B196D09914-StateMachineUpdater] INFO  ratis.ContainerStateMachine (ContainerStateMachine.java:takeSnapshot(341)) - group-82B196D09914: Finished taking a snapshot at:(t:1, i:0) file:/home/runner/work/ozone/ozone/hadoop-ozone/integration-test/target/test-dir/MiniOzoneClusterImpl-03cba653-44d0-43b4-bc0f-a7205d2183ff/datanode-3/data/ratis/f96faf6d-083e-49ee-a83a-82b196d09914/sm/snapshot.1_0 took: 2 ms
2023-08-31 18:21:12,781 [431b9c6f-d536-4d0f-be3d-601c32ccf3d0@group-82B196D09914-StateMachineUpdater] INFO  impl.StateMachineUpdater (StateMachineUpdater.java:takeSnapshot(291)) - 431b9c6f-d536-4d0f-be3d-601c32ccf3d0@group-82B196D09914-StateMachineUpdater: Took a snapshot at index 0
2023-08-31 18:21:12,781 [431b9c6f-d536-4d0f-be3d-601c32ccf3d0@group-82B196D09914-StateMachineUpdater] INFO  impl.StateMachineUpdater (StateMachineUpdater.java:lambda$new$0(97)) - 431b9c6f-d536-4d0f-be3d-601c32ccf3d0@group-82B196D09914-StateMachineUpdater: snapshotIndex: updateIncreasingly -1 -> 0
2023-08-31 18:21:12,781 [431b9c6f-d536-4d0f-be3d-601c32ccf3d0-impl-thread2] INFO  server.RaftServer$Division (ServerState.java:close(472)) - 431b9c6f-d536-4d0f-be3d-601c32ccf3d0@group-82B196D09914: closes. applyIndex: 0
2023-08-31 18:21:12,784 [ForkJoinPool.commonPool-worker-1] INFO  server.GrpcService (GrpcService.java:closeImpl(320)) - 431b9c6f-d536-4d0f-be3d-601c32ccf3d0: shutdown server org.apache.ratis.grpc.server.GrpcClientProtocolService successfully
2023-08-31 18:21:12,784 [ForkJoinPool.commonPool-worker-1] INFO  server.GrpcService (GrpcService.java:closeImpl(311)) - 431b9c6f-d536-4d0f-be3d-601c32ccf3d0: shutdown server GrpcServerProtocolService now
2023-08-31 18:21:12,792 [ForkJoinPool.commonPool-worker-1] INFO  server.GrpcService (GrpcService.java:closeImpl(320)) - 431b9c6f-d536-4d0f-be3d-601c32ccf3d0: shutdown server GrpcServerProtocolService successfully
2023-08-31 18:21:12,792 [ForkJoinPool.commonPool-worker-1] INFO  server.GrpcService (GrpcService.java:closeImpl(311)) - 431b9c6f-d536-4d0f-be3d-601c32ccf3d0: shutdown server org.apache.ratis.grpc.server.GrpcAdminProtocolService now
2023-08-31 18:21:12,795 [ForkJoinPool.commonPool-worker-1] INFO  server.GrpcService (GrpcService.java:closeImpl(320)) - 431b9c6f-d536-4d0f-be3d-601c32ccf3d0: shutdown server org.apache.ratis.grpc.server.GrpcAdminProtocolService successfully
2023-08-31 18:21:12,795 [431b9c6f-d536-4d0f-be3d-601c32ccf3d0-NettyServerStreamRpc-bossGroup--thread1] INFO  logging.LoggingHandler (AbstractInternalLogger.java:log(148)) - [id: 0x53484b15, L:/0:0:0:0:0:0:0:0:15148] CLOSE
2023-08-31 18:21:12,796 [431b9c6f-d536-4d0f-be3d-601c32ccf3d0-NettyServerStreamRpc-bossGroup--thread1] INFO  logging.LoggingHandler (AbstractInternalLogger.java:log(148)) - [id: 0x53484b15, L:/0:0:0:0:0:0:0:0:15148] INACTIVE
2023-08-31 18:21:12,796 [431b9c6f-d536-4d0f-be3d-601c32ccf3d0-NettyServerStreamRpc-bossGroup--thread1] INFO  logging.LoggingHandler (AbstractInternalLogger.java:log(148)) - [id: 0x53484b15, L:/0:0:0:0:0:0:0:0:15148] UNREGISTERED
2023-08-31 18:21:12,884 [cea0c109-6e95-4b2c-982c-0dc77a608767-impl-thread3] INFO  segmented.SegmentedRaftLogWorker (SegmentedRaftLogWorker.java:close(252)) - cea0c109-6e95-4b2c-982c-0dc77a608767@group-8A8C37717FC6-SegmentedRaftLogWorker close()
2023-08-31 18:21:12,884 [b680699b-c9cb-4670-83ba-783bfe62cfe5-impl-thread3] INFO  segmented.SegmentedRaftLogWorker (SegmentedRaftLogWorker.java:close(252)) - b680699b-c9cb-4670-83ba-783bfe62cfe5@group-8A8C37717FC6-SegmentedRaftLogWorker close()
2023-08-31 18:21:12,886 [cea0c109-6e95-4b2c-982c-0dc77a608767-impl-thread2] INFO  segmented.SegmentedRaftLogWorker (SegmentedRaftLogWorker.java:close(252)) - cea0c109-6e95-4b2c-982c-0dc77a608767@group-957E7B4DCC08-SegmentedRaftLogWorker close()
2023-08-31 18:21:12,890 [14fa2eac-e184-46cf-8dd5-e89808402331-impl-thread2] INFO  segmented.SegmentedRaftLogWorker (SegmentedRaftLogWorker.java:close(252)) - 14fa2eac-e184-46cf-8dd5-e89808402331@group-8A8C37717FC6-SegmentedRaftLogWorker close()
2023-08-31 18:21:12,892 [14fa2eac-e184-46cf-8dd5-e89808402331-impl-thread4] INFO  segmented.SegmentedRaftLogWorker (SegmentedRaftLogWorker.java:close(252)) - 14fa2eac-e184-46cf-8dd5-e89808402331@group-6D24D615B386-SegmentedRaftLogWorker close()
2023-08-31 18:21:12,892 [431b9c6f-d536-4d0f-be3d-601c32ccf3d0-impl-thread2] INFO  segmented.SegmentedRaftLogWorker (SegmentedRaftLogWorker.java:close(252)) - 431b9c6f-d536-4d0f-be3d-601c32ccf3d0@group-82B196D09914-SegmentedRaftLogWorker close()
2023-08-31 18:21:12,892 [2b1a9455-1161-459a-84a9-9731b4638bee-impl-thread2] INFO  segmented.SegmentedRaftLogWorker (SegmentedRaftLogWorker.java:close(252)) - 2b1a9455-1161-459a-84a9-9731b4638bee@group-5562CF4330A4-SegmentedRaftLogWorker close()
2023-08-31 18:21:12,894 [JvmPauseMonitor20] INFO  util.JvmPauseMonitor (JvmPauseMonitor.java:run(109)) - JvmPauseMonitor-2b1a9455-1161-459a-84a9-9731b4638bee: Stopped
2023-08-31 18:21:12,895 [b680699b-c9cb-4670-83ba-783bfe62cfe5-impl-thread2] INFO  segmented.SegmentedRaftLogWorker (SegmentedRaftLogWorker.java:close(252)) - b680699b-c9cb-4670-83ba-783bfe62cfe5@group-539240A30CFD-SegmentedRaftLogWorker close()
2023-08-31 18:21:12,896 [JvmPauseMonitor19] INFO  util.JvmPauseMonitor (JvmPauseMonitor.java:run(109)) - JvmPauseMonitor-431b9c6f-d536-4d0f-be3d-601c32ccf3d0: Stopped
2023-08-31 18:21:13,505 [14fa2eac-e184-46cf-8dd5-e89808402331-impl-thread3] INFO  segmented.SegmentedRaftLogWorker (SegmentedRaftLogWorker.java:close(252)) - 14fa2eac-e184-46cf-8dd5-e89808402331@group-252A861C3683-SegmentedRaftLogWorker close()
2023-08-31 18:21:13,507 [JvmPauseMonitor17] INFO  util.JvmPauseMonitor (JvmPauseMonitor.java:run(109)) - JvmPauseMonitor-14fa2eac-e184-46cf-8dd5-e89808402331: Stopped
2023-08-31 18:21:13,528 [cea0c109-6e95-4b2c-982c-0dc77a608767-impl-thread4] INFO  segmented.SegmentedRaftLogWorker (SegmentedRaftLogWorker.java:close(252)) - cea0c109-6e95-4b2c-982c-0dc77a608767@group-252A861C3683-SegmentedRaftLogWorker close()
2023-08-31 18:21:13,529 [b680699b-c9cb-4670-83ba-783bfe62cfe5-impl-thread4] INFO  segmented.SegmentedRaftLogWorker (SegmentedRaftLogWorker.java:close(252)) - b680699b-c9cb-4670-83ba-783bfe62cfe5@group-252A861C3683-SegmentedRaftLogWorker close()
2023-08-31 18:21:13,530 [JvmPauseMonitor16] INFO  util.JvmPauseMonitor (JvmPauseMonitor.java:run(109)) - JvmPauseMonitor-cea0c109-6e95-4b2c-982c-0dc77a608767: Stopped
2023-08-31 18:21:13,530 [JvmPauseMonitor18] INFO  util.JvmPauseMonitor (JvmPauseMonitor.java:run(109)) - JvmPauseMonitor-b680699b-c9cb-4670-83ba-783bfe62cfe5: Stopped
2023-08-31 18:21:14,902 [ForkJoinPool.commonPool-worker-0] INFO  utils.DatanodeStoreCache (DatanodeStoreCache.java:shutdownCache(110)) - Skip clearing cache in mini cluster mode. Entries left: [/home/runner/work/ozone/ozone/hadoop-ozone/integration-test/target/test-dir/MiniOzoneClusterImpl-03cba653-44d0-43b4-bc0f-a7205d2183ff/datanode-0/data-0/containers/hdds/03cba653-44d0-43b4-bc0f-a7205d2183ff/DS-6c57443d-e87c-4b62-8311-d77491882f37/container.db, /home/runner/work/ozone/ozone/hadoop-ozone/integration-test/target/test-dir/MiniOzoneClusterImpl-03cba653-44d0-43b4-bc0f-a7205d2183ff/datanode-1/data-0/containers/hdds/03cba653-44d0-43b4-bc0f-a7205d2183ff/DS-3720c7cd-0553-4970-8bbc-9e7f5d935a05/container.db, /home/runner/work/ozone/ozone/hadoop-ozone/integration-test/target/test-dir/MiniOzoneClusterImpl-03cba653-44d0-43b4-bc0f-a7205d2183ff/datanode-2/data-0/containers/hdds/03cba653-44d0-43b4-bc0f-a7205d2183ff/DS-ecfc1e7d-2d07-4e44-983f-dbe964ae876e/container.db, /home/runner/work/ozone/ozone/hadoop-ozone/integration-test/target/test-dir/MiniOzoneClusterImpl-03cba653-44d0-43b4-bc0f-a7205d2183ff/datanode-3/data-0/containers/hdds/03cba653-44d0-43b4-bc0f-a7205d2183ff/DS-8d42f403-49a9-4768-b9c0-400b87fbf478/container.db, /home/runner/work/ozone/ozone/hadoop-ozone/integration-test/target/test-dir/MiniOzoneClusterImpl-03cba653-44d0-43b4-bc0f-a7205d2183ff/datanode-4/data-0/containers/hdds/03cba653-44d0-43b4-bc0f-a7205d2183ff/DS-9defa1a7-9b12-4bd5-9f3e-ca58321d4b08/container.db]
2023-08-31 18:21:14,912 [ForkJoinPool.commonPool-worker-0] INFO  utils.DatanodeStoreCache (DatanodeStoreCache.java:removeDB(104)) - Removed db /home/runner/work/ozone/ozone/hadoop-ozone/integration-test/target/test-dir/MiniOzoneClusterImpl-03cba653-44d0-43b4-bc0f-a7205d2183ff/datanode-4/data-0/containers/hdds/03cba653-44d0-43b4-bc0f-a7205d2183ff/DS-9defa1a7-9b12-4bd5-9f3e-ca58321d4b08/container.db from cache
2023-08-31 18:21:14,913 [ForkJoinPool.commonPool-worker-0] INFO  volume.HddsVolume (HddsVolume.java:closeDbStore(453)) - SchemaV3 db is stopped at /home/runner/work/ozone/ozone/hadoop-ozone/integration-test/target/test-dir/MiniOzoneClusterImpl-03cba653-44d0-43b4-bc0f-a7205d2183ff/datanode-4/data-0/containers/hdds/03cba653-44d0-43b4-bc0f-a7205d2183ff/DS-9defa1a7-9b12-4bd5-9f3e-ca58321d4b08/container.db for volume DS-9defa1a7-9b12-4bd5-9f3e-ca58321d4b08
2023-08-31 18:21:14,913 [ForkJoinPool.commonPool-worker-1] INFO  utils.DatanodeStoreCache (DatanodeStoreCache.java:shutdownCache(110)) - Skip clearing cache in mini cluster mode. Entries left: [/home/runner/work/ozone/ozone/hadoop-ozone/integration-test/target/test-dir/MiniOzoneClusterImpl-03cba653-44d0-43b4-bc0f-a7205d2183ff/datanode-0/data-0/containers/hdds/03cba653-44d0-43b4-bc0f-a7205d2183ff/DS-6c57443d-e87c-4b62-8311-d77491882f37/container.db, /home/runner/work/ozone/ozone/hadoop-ozone/integration-test/target/test-dir/MiniOzoneClusterImpl-03cba653-44d0-43b4-bc0f-a7205d2183ff/datanode-1/data-0/containers/hdds/03cba653-44d0-43b4-bc0f-a7205d2183ff/DS-3720c7cd-0553-4970-8bbc-9e7f5d935a05/container.db, /home/runner/work/ozone/ozone/hadoop-ozone/integration-test/target/test-dir/MiniOzoneClusterImpl-03cba653-44d0-43b4-bc0f-a7205d2183ff/datanode-2/data-0/containers/hdds/03cba653-44d0-43b4-bc0f-a7205d2183ff/DS-ecfc1e7d-2d07-4e44-983f-dbe964ae876e/container.db, /home/runner/work/ozone/ozone/hadoop-ozone/integration-test/target/test-dir/MiniOzoneClusterImpl-03cba653-44d0-43b4-bc0f-a7205d2183ff/datanode-3/data-0/containers/hdds/03cba653-44d0-43b4-bc0f-a7205d2183ff/DS-8d42f403-49a9-4768-b9c0-400b87fbf478/container.db]
2023-08-31 18:21:14,921 [ForkJoinPool.commonPool-worker-0] INFO  utils.BackgroundService (BackgroundService.java:shutdown(141)) - Shutting down service BlockDeletingService
2023-08-31 18:21:14,922 [ForkJoinPool.commonPool-worker-0] INFO  utils.BackgroundService (BackgroundService.java:shutdown(141)) - Shutting down service StaleRecoveringContainerScrubbingService
2023-08-31 18:21:14,924 [ForkJoinPool.commonPool-worker-1] INFO  utils.DatanodeStoreCache (DatanodeStoreCache.java:removeDB(104)) - Removed db /home/runner/work/ozone/ozone/hadoop-ozone/integration-test/target/test-dir/MiniOzoneClusterImpl-03cba653-44d0-43b4-bc0f-a7205d2183ff/datanode-3/data-0/containers/hdds/03cba653-44d0-43b4-bc0f-a7205d2183ff/DS-8d42f403-49a9-4768-b9c0-400b87fbf478/container.db from cache
2023-08-31 18:21:14,924 [ForkJoinPool.commonPool-worker-1] INFO  volume.HddsVolume (HddsVolume.java:closeDbStore(453)) - SchemaV3 db is stopped at /home/runner/work/ozone/ozone/hadoop-ozone/integration-test/target/test-dir/MiniOzoneClusterImpl-03cba653-44d0-43b4-bc0f-a7205d2183ff/datanode-3/data-0/containers/hdds/03cba653-44d0-43b4-bc0f-a7205d2183ff/DS-8d42f403-49a9-4768-b9c0-400b87fbf478/container.db for volume DS-8d42f403-49a9-4768-b9c0-400b87fbf478
2023-08-31 18:21:14,927 [ForkJoinPool.commonPool-worker-1] INFO  utils.BackgroundService (BackgroundService.java:shutdown(141)) - Shutting down service BlockDeletingService
2023-08-31 18:21:14,927 [ForkJoinPool.commonPool-worker-1] INFO  utils.BackgroundService (BackgroundService.java:shutdown(141)) - Shutting down service StaleRecoveringContainerScrubbingService
2023-08-31 18:21:14,931 [ForkJoinPool.commonPool-worker-1] INFO  statemachine.DatanodeStateMachine (DatanodeStateMachine.java:stopDaemon(620)) - Ozone container server stopped.
2023-08-31 18:21:14,931 [ForkJoinPool.commonPool-worker-0] INFO  statemachine.DatanodeStateMachine (DatanodeStateMachine.java:stopDaemon(620)) - Ozone container server stopped.
2023-08-31 18:21:14,948 [ForkJoinPool.commonPool-worker-1] INFO  handler.ContextHandler (ContextHandler.java:doStop(1159)) - Stopped o.e.j.w.WebAppContext@32b2c9f4{hddsDatanode,/,null,STOPPED}{jar:file:/home/runner/.m2/repository/org/apache/ozone/hdds-container-service/1.4.0-SNAPSHOT/hdds-container-service-1.4.0-SNAPSHOT.jar!/webapps/hddsDatanode}
2023-08-31 18:21:14,949 [ForkJoinPool.commonPool-worker-1] INFO  server.AbstractConnector (AbstractConnector.java:doStop(383)) - Stopped ServerConnector@360d4124{HTTP/1.1, (http/1.1)}{0.0.0.0:15142}
2023-08-31 18:21:14,949 [ForkJoinPool.commonPool-worker-1] INFO  server.session (HouseKeeper.java:stopScavenging(149)) - node0 Stopped scavenging
2023-08-31 18:21:14,951 [ForkJoinPool.commonPool-worker-1] INFO  handler.ContextHandler (ContextHandler.java:doStop(1159)) - Stopped o.e.j.s.ServletContextHandler@672cdb60{static,/static,jar:file:/home/runner/.m2/repository/org/apache/ozone/hdds-container-service/1.4.0-SNAPSHOT/hdds-container-service-1.4.0-SNAPSHOT.jar!/webapps/static,STOPPED}
2023-08-31 18:21:14,952 [ForkJoinPool.commonPool-worker-1] INFO  handler.ContextHandler (ContextHandler.java:doStop(1159)) - Stopped o.e.j.s.ServletContextHandler@4300ccf8{logs,/logs,file:///home/runner/work/ozone/ozone/hadoop-ozone/integration-test/target/log,STOPPED}
2023-08-31 18:21:14,953 [ForkJoinPool.commonPool-worker-1] INFO  ozone.HddsDatanodeClientProtocolServer (HddsDatanodeClientProtocolServer.java:stop(78)) - Stopping the RPC server for Client Protocol
2023-08-31 18:21:14,954 [ForkJoinPool.commonPool-worker-1] INFO  ipc.Server (Server.java:stop(3523)) - Stopping server on 15143
2023-08-31 18:21:14,956 [IPC Server listener on 15143] INFO  ipc.Server (Server.java:run(1434)) - Stopping IPC Server listener on 15143
2023-08-31 18:21:14,957 [IPC Server Responder] INFO  ipc.Server (Server.java:run(1567)) - Stopping IPC Server Responder
2023-08-31 18:21:14,964 [ForkJoinPool.commonPool-worker-0] INFO  handler.ContextHandler (ContextHandler.java:doStop(1159)) - Stopped o.e.j.w.WebAppContext@6b5f2753{hddsDatanode,/,null,STOPPED}{jar:file:/home/runner/.m2/repository/org/apache/ozone/hdds-container-service/1.4.0-SNAPSHOT/hdds-container-service-1.4.0-SNAPSHOT.jar!/webapps/hddsDatanode}
2023-08-31 18:21:14,965 [ForkJoinPool.commonPool-worker-0] INFO  server.AbstractConnector (AbstractConnector.java:doStop(383)) - Stopped ServerConnector@7dc8cb0f{HTTP/1.1, (http/1.1)}{0.0.0.0:15151}
2023-08-31 18:21:14,965 [ForkJoinPool.commonPool-worker-0] INFO  server.session (HouseKeeper.java:stopScavenging(149)) - node0 Stopped scavenging
2023-08-31 18:21:14,966 [ForkJoinPool.commonPool-worker-0] INFO  handler.ContextHandler (ContextHandler.java:doStop(1159)) - Stopped o.e.j.s.ServletContextHandler@595ed648{static,/static,jar:file:/home/runner/.m2/repository/org/apache/ozone/hdds-container-service/1.4.0-SNAPSHOT/hdds-container-service-1.4.0-SNAPSHOT.jar!/webapps/static,STOPPED}
2023-08-31 18:21:14,966 [ForkJoinPool.commonPool-worker-0] INFO  handler.ContextHandler (ContextHandler.java:doStop(1159)) - Stopped o.e.j.s.ServletContextHandler@4ad4366{logs,/logs,file:///home/runner/work/ozone/ozone/hadoop-ozone/integration-test/target/log,STOPPED}
2023-08-31 18:21:14,967 [ForkJoinPool.commonPool-worker-0] INFO  ozone.HddsDatanodeClientProtocolServer (HddsDatanodeClientProtocolServer.java:stop(78)) - Stopping the RPC server for Client Protocol
2023-08-31 18:21:14,967 [ForkJoinPool.commonPool-worker-0] INFO  ipc.Server (Server.java:stop(3523)) - Stopping server on 15152
2023-08-31 18:21:14,968 [IPC Server listener on 15152] INFO  ipc.Server (Server.java:run(1434)) - Stopping IPC Server listener on 15152
2023-08-31 18:21:14,969 [IPC Server Responder] INFO  ipc.Server (Server.java:run(1567)) - Stopping IPC Server Responder
2023-08-31 18:21:15,511 [ForkJoinPool.commonPool-worker-2] INFO  utils.DatanodeStoreCache (DatanodeStoreCache.java:shutdownCache(110)) - Skip clearing cache in mini cluster mode. Entries left: [/home/runner/work/ozone/ozone/hadoop-ozone/integration-test/target/test-dir/MiniOzoneClusterImpl-03cba653-44d0-43b4-bc0f-a7205d2183ff/datanode-0/data-0/containers/hdds/03cba653-44d0-43b4-bc0f-a7205d2183ff/DS-6c57443d-e87c-4b62-8311-d77491882f37/container.db, /home/runner/work/ozone/ozone/hadoop-ozone/integration-test/target/test-dir/MiniOzoneClusterImpl-03cba653-44d0-43b4-bc0f-a7205d2183ff/datanode-1/data-0/containers/hdds/03cba653-44d0-43b4-bc0f-a7205d2183ff/DS-3720c7cd-0553-4970-8bbc-9e7f5d935a05/container.db, /home/runner/work/ozone/ozone/hadoop-ozone/integration-test/target/test-dir/MiniOzoneClusterImpl-03cba653-44d0-43b4-bc0f-a7205d2183ff/datanode-2/data-0/containers/hdds/03cba653-44d0-43b4-bc0f-a7205d2183ff/DS-ecfc1e7d-2d07-4e44-983f-dbe964ae876e/container.db]
2023-08-31 18:21:15,513 [ForkJoinPool.commonPool-worker-2] INFO  utils.DatanodeStoreCache (DatanodeStoreCache.java:removeDB(104)) - Removed db /home/runner/work/ozone/ozone/hadoop-ozone/integration-test/target/test-dir/MiniOzoneClusterImpl-03cba653-44d0-43b4-bc0f-a7205d2183ff/datanode-1/data-0/containers/hdds/03cba653-44d0-43b4-bc0f-a7205d2183ff/DS-3720c7cd-0553-4970-8bbc-9e7f5d935a05/container.db from cache
2023-08-31 18:21:15,513 [ForkJoinPool.commonPool-worker-2] INFO  volume.HddsVolume (HddsVolume.java:closeDbStore(453)) - SchemaV3 db is stopped at /home/runner/work/ozone/ozone/hadoop-ozone/integration-test/target/test-dir/MiniOzoneClusterImpl-03cba653-44d0-43b4-bc0f-a7205d2183ff/datanode-1/data-0/containers/hdds/03cba653-44d0-43b4-bc0f-a7205d2183ff/DS-3720c7cd-0553-4970-8bbc-9e7f5d935a05/container.db for volume DS-3720c7cd-0553-4970-8bbc-9e7f5d935a05
2023-08-31 18:21:15,513 [ForkJoinPool.commonPool-worker-2] INFO  utils.BackgroundService (BackgroundService.java:shutdown(141)) - Shutting down service BlockDeletingService
2023-08-31 18:21:15,514 [ForkJoinPool.commonPool-worker-2] INFO  utils.BackgroundService (BackgroundService.java:shutdown(141)) - Shutting down service StaleRecoveringContainerScrubbingService
2023-08-31 18:21:15,514 [ForkJoinPool.commonPool-worker-2] INFO  statemachine.DatanodeStateMachine (DatanodeStateMachine.java:stopDaemon(620)) - Ozone container server stopped.
2023-08-31 18:21:15,531 [ForkJoinPool.commonPool-worker-2] INFO  handler.ContextHandler (ContextHandler.java:doStop(1159)) - Stopped o.e.j.w.WebAppContext@40aa01e9{hddsDatanode,/,null,STOPPED}{jar:file:/home/runner/.m2/repository/org/apache/ozone/hdds-container-service/1.4.0-SNAPSHOT/hdds-container-service-1.4.0-SNAPSHOT.jar!/webapps/hddsDatanode}
2023-08-31 18:21:15,532 [ForkJoinPool.commonPool-worker-2] INFO  server.AbstractConnector (AbstractConnector.java:doStop(383)) - Stopped ServerConnector@41d284c1{HTTP/1.1, (http/1.1)}{0.0.0.0:15124}
2023-08-31 18:21:15,532 [ForkJoinPool.commonPool-worker-2] INFO  server.session (HouseKeeper.java:stopScavenging(149)) - node0 Stopped scavenging
2023-08-31 18:21:15,533 [ForkJoinPool.commonPool-worker-2] INFO  handler.ContextHandler (ContextHandler.java:doStop(1159)) - Stopped o.e.j.s.ServletContextHandler@5fd66298{static,/static,jar:file:/home/runner/.m2/repository/org/apache/ozone/hdds-container-service/1.4.0-SNAPSHOT/hdds-container-service-1.4.0-SNAPSHOT.jar!/webapps/static,STOPPED}
2023-08-31 18:21:15,534 [ForkJoinPool.commonPool-worker-2] INFO  handler.ContextHandler (ContextHandler.java:doStop(1159)) - Stopped o.e.j.s.ServletContextHandler@557e98b7{logs,/logs,file:///home/runner/work/ozone/ozone/hadoop-ozone/integration-test/target/log,STOPPED}
2023-08-31 18:21:15,535 [main] INFO  utils.DatanodeStoreCache (DatanodeStoreCache.java:shutdownCache(110)) - Skip clearing cache in mini cluster mode. Entries left: [/home/runner/work/ozone/ozone/hadoop-ozone/integration-test/target/test-dir/MiniOzoneClusterImpl-03cba653-44d0-43b4-bc0f-a7205d2183ff/datanode-0/data-0/containers/hdds/03cba653-44d0-43b4-bc0f-a7205d2183ff/DS-6c57443d-e87c-4b62-8311-d77491882f37/container.db, /home/runner/work/ozone/ozone/hadoop-ozone/integration-test/target/test-dir/MiniOzoneClusterImpl-03cba653-44d0-43b4-bc0f-a7205d2183ff/datanode-2/data-0/containers/hdds/03cba653-44d0-43b4-bc0f-a7205d2183ff/DS-ecfc1e7d-2d07-4e44-983f-dbe964ae876e/container.db]
2023-08-31 18:21:15,536 [main] INFO  utils.DatanodeStoreCache (DatanodeStoreCache.java:removeDB(104)) - Removed db /home/runner/work/ozone/ozone/hadoop-ozone/integration-test/target/test-dir/MiniOzoneClusterImpl-03cba653-44d0-43b4-bc0f-a7205d2183ff/datanode-2/data-0/containers/hdds/03cba653-44d0-43b4-bc0f-a7205d2183ff/DS-ecfc1e7d-2d07-4e44-983f-dbe964ae876e/container.db from cache
2023-08-31 18:21:15,536 [main] INFO  volume.HddsVolume (HddsVolume.java:closeDbStore(453)) - SchemaV3 db is stopped at /home/runner/work/ozone/ozone/hadoop-ozone/integration-test/target/test-dir/MiniOzoneClusterImpl-03cba653-44d0-43b4-bc0f-a7205d2183ff/datanode-2/data-0/containers/hdds/03cba653-44d0-43b4-bc0f-a7205d2183ff/DS-ecfc1e7d-2d07-4e44-983f-dbe964ae876e/container.db for volume DS-ecfc1e7d-2d07-4e44-983f-dbe964ae876e
2023-08-31 18:21:15,536 [main] INFO  utils.BackgroundService (BackgroundService.java:shutdown(141)) - Shutting down service BlockDeletingService
2023-08-31 18:21:15,537 [main] INFO  utils.BackgroundService (BackgroundService.java:shutdown(141)) - Shutting down service StaleRecoveringContainerScrubbingService
2023-08-31 18:21:15,537 [ForkJoinPool.commonPool-worker-2] INFO  ozone.HddsDatanodeClientProtocolServer (HddsDatanodeClientProtocolServer.java:stop(78)) - Stopping the RPC server for Client Protocol
2023-08-31 18:21:15,537 [ForkJoinPool.commonPool-worker-2] INFO  ipc.Server (Server.java:stop(3523)) - Stopping server on 15125
2023-08-31 18:21:15,538 [IPC Server listener on 15125] INFO  ipc.Server (Server.java:run(1434)) - Stopping IPC Server listener on 15125
2023-08-31 18:21:15,539 [main] INFO  statemachine.DatanodeStateMachine (DatanodeStateMachine.java:stopDaemon(620)) - Ozone container server stopped.
2023-08-31 18:21:15,539 [IPC Server Responder] INFO  ipc.Server (Server.java:run(1567)) - Stopping IPC Server Responder
2023-08-31 18:21:15,541 [ForkJoinPool.commonPool-worker-3] INFO  utils.DatanodeStoreCache (DatanodeStoreCache.java:shutdownCache(110)) - Skip clearing cache in mini cluster mode. Entries left: [/home/runner/work/ozone/ozone/hadoop-ozone/integration-test/target/test-dir/MiniOzoneClusterImpl-03cba653-44d0-43b4-bc0f-a7205d2183ff/datanode-0/data-0/containers/hdds/03cba653-44d0-43b4-bc0f-a7205d2183ff/DS-6c57443d-e87c-4b62-8311-d77491882f37/container.db]
2023-08-31 18:21:15,542 [ForkJoinPool.commonPool-worker-3] INFO  utils.DatanodeStoreCache (DatanodeStoreCache.java:removeDB(104)) - Removed db /home/runner/work/ozone/ozone/hadoop-ozone/integration-test/target/test-dir/MiniOzoneClusterImpl-03cba653-44d0-43b4-bc0f-a7205d2183ff/datanode-0/data-0/containers/hdds/03cba653-44d0-43b4-bc0f-a7205d2183ff/DS-6c57443d-e87c-4b62-8311-d77491882f37/container.db from cache
2023-08-31 18:21:15,542 [ForkJoinPool.commonPool-worker-3] INFO  volume.HddsVolume (HddsVolume.java:closeDbStore(453)) - SchemaV3 db is stopped at /home/runner/work/ozone/ozone/hadoop-ozone/integration-test/target/test-dir/MiniOzoneClusterImpl-03cba653-44d0-43b4-bc0f-a7205d2183ff/datanode-0/data-0/containers/hdds/03cba653-44d0-43b4-bc0f-a7205d2183ff/DS-6c57443d-e87c-4b62-8311-d77491882f37/container.db for volume DS-6c57443d-e87c-4b62-8311-d77491882f37
2023-08-31 18:21:15,542 [ForkJoinPool.commonPool-worker-3] INFO  utils.BackgroundService (BackgroundService.java:shutdown(141)) - Shutting down service BlockDeletingService
2023-08-31 18:21:15,543 [ForkJoinPool.commonPool-worker-3] INFO  utils.BackgroundService (BackgroundService.java:shutdown(141)) - Shutting down service StaleRecoveringContainerScrubbingService
2023-08-31 18:21:15,547 [ForkJoinPool.commonPool-worker-3] INFO  statemachine.DatanodeStateMachine (DatanodeStateMachine.java:stopDaemon(620)) - Ozone container server stopped.
2023-08-31 18:21:15,659 [main] INFO  handler.ContextHandler (ContextHandler.java:doStop(1159)) - Stopped o.e.j.w.WebAppContext@1e4227ef{hddsDatanode,/,null,STOPPED}{jar:file:/home/runner/.m2/repository/org/apache/ozone/hdds-container-service/1.4.0-SNAPSHOT/hdds-container-service-1.4.0-SNAPSHOT.jar!/webapps/hddsDatanode}
2023-08-31 18:21:15,660 [main] INFO  server.AbstractConnector (AbstractConnector.java:doStop(383)) - Stopped ServerConnector@6e8a6cad{HTTP/1.1, (http/1.1)}{0.0.0.0:15133}
2023-08-31 18:21:15,660 [main] INFO  server.session (HouseKeeper.java:stopScavenging(149)) - node0 Stopped scavenging
2023-08-31 18:21:15,661 [main] INFO  handler.ContextHandler (ContextHandler.java:doStop(1159)) - Stopped o.e.j.s.ServletContextHandler@29fa8805{static,/static,jar:file:/home/runner/.m2/repository/org/apache/ozone/hdds-container-service/1.4.0-SNAPSHOT/hdds-container-service-1.4.0-SNAPSHOT.jar!/webapps/static,STOPPED}
2023-08-31 18:21:15,661 [main] INFO  handler.ContextHandler (ContextHandler.java:doStop(1159)) - Stopped o.e.j.s.ServletContextHandler@6e28f079{logs,/logs,file:///home/runner/work/ozone/ozone/hadoop-ozone/integration-test/target/log,STOPPED}
2023-08-31 18:21:15,664 [main] INFO  ozone.HddsDatanodeClientProtocolServer (HddsDatanodeClientProtocolServer.java:stop(78)) - Stopping the RPC server for Client Protocol
2023-08-31 18:21:15,664 [main] INFO  ipc.Server (Server.java:stop(3523)) - Stopping server on 15134
2023-08-31 18:21:15,668 [IPC Server listener on 15134] INFO  ipc.Server (Server.java:run(1434)) - Stopping IPC Server listener on 15134
2023-08-31 18:21:15,668 [IPC Server Responder] INFO  ipc.Server (Server.java:run(1567)) - Stopping IPC Server Responder
2023-08-31 18:21:15,675 [ForkJoinPool.commonPool-worker-3] INFO  handler.ContextHandler (ContextHandler.java:doStop(1159)) - Stopped o.e.j.w.WebAppContext@7460e9c9{hddsDatanode,/,null,STOPPED}{jar:file:/home/runner/.m2/repository/org/apache/ozone/hdds-container-service/1.4.0-SNAPSHOT/hdds-container-service-1.4.0-SNAPSHOT.jar!/webapps/hddsDatanode}
2023-08-31 18:21:15,677 [ForkJoinPool.commonPool-worker-3] INFO  server.AbstractConnector (AbstractConnector.java:doStop(383)) - Stopped ServerConnector@3022a40e{HTTP/1.1, (http/1.1)}{0.0.0.0:15115}
2023-08-31 18:21:15,677 [ForkJoinPool.commonPool-worker-3] INFO  server.session (HouseKeeper.java:stopScavenging(149)) - node0 Stopped scavenging
2023-08-31 18:21:15,679 [ForkJoinPool.commonPool-worker-3] INFO  handler.ContextHandler (ContextHandler.java:doStop(1159)) - Stopped o.e.j.s.ServletContextHandler@35d43d72{static,/static,jar:file:/home/runner/.m2/repository/org/apache/ozone/hdds-container-service/1.4.0-SNAPSHOT/hdds-container-service-1.4.0-SNAPSHOT.jar!/webapps/static,STOPPED}
2023-08-31 18:21:15,680 [ForkJoinPool.commonPool-worker-3] INFO  handler.ContextHandler (ContextHandler.java:doStop(1159)) - Stopped o.e.j.s.ServletContextHandler@25c6abfa{logs,/logs,file:///home/runner/work/ozone/ozone/hadoop-ozone/integration-test/target/log,STOPPED}
2023-08-31 18:21:15,682 [ForkJoinPool.commonPool-worker-3] INFO  ozone.HddsDatanodeClientProtocolServer (HddsDatanodeClientProtocolServer.java:stop(78)) - Stopping the RPC server for Client Protocol
2023-08-31 18:21:15,682 [ForkJoinPool.commonPool-worker-3] INFO  ipc.Server (Server.java:stop(3523)) - Stopping server on 15116
2023-08-31 18:21:15,683 [IPC Server listener on 15116] INFO  ipc.Server (Server.java:run(1434)) - Stopping IPC Server listener on 15116
2023-08-31 18:21:15,684 [IPC Server Responder] INFO  ipc.Server (Server.java:run(1567)) - Stopping IPC Server Responder
2023-08-31 18:21:15,685 [main] INFO  ozone.MiniOzoneClusterImpl (MiniOzoneClusterImpl.java:stopSCM(543)) - Stopping the StorageContainerManager
2023-08-31 18:21:15,685 [main] INFO  server.StorageContainerManager (StorageContainerManager.java:stop(1591)) - Container Balancer is not running.
2023-08-31 18:21:15,685 [main] INFO  server.StorageContainerManager (StorageContainerManager.java:stopReplicationManager(1724)) - Stopping Replication Manager Service.
2023-08-31 18:21:15,685 [main] INFO  replication.ReplicationManager (ReplicationManager.java:stop(323)) - Stopping Replication Monitor Thread.
2023-08-31 18:21:15,686 [Under Replicated Processor] WARN  replication.UnhealthyReplicationProcessor (UnhealthyReplicationProcessor.java:run(180)) - Under Replicated Processor interrupted. Exiting...
2023-08-31 18:21:15,686 [main] INFO  server.StorageContainerManager (StorageContainerManager.java:stop(1600)) - Stopping the Datanode Admin Monitor.
2023-08-31 18:21:15,686 [ReplicationMonitor] INFO  replication.ReplicationManager (ReplicationManager.java:run(921)) - Replication Monitor Thread is stopped
2023-08-31 18:21:15,686 [main] INFO  server.StorageContainerManager (StorageContainerManager.java:stop(1607)) - Stopping datanode service RPC server
2023-08-31 18:21:15,686 [main] INFO  server.SCMDatanodeProtocolServer (SCMDatanodeProtocolServer.java:stop(424)) - Stopping the RPC server for DataNodes
2023-08-31 18:21:15,686 [Over Replicated Processor] WARN  replication.UnhealthyReplicationProcessor (UnhealthyReplicationProcessor.java:run(180)) - Over Replicated Processor interrupted. Exiting...
2023-08-31 18:21:15,686 [main] INFO  ipc.Server (Server.java:stop(3523)) - Stopping server on 15108
2023-08-31 18:21:15,689 [IPC Server listener on 15108] INFO  ipc.Server (Server.java:run(1434)) - Stopping IPC Server listener on 15108
2023-08-31 18:21:15,693 [IPC Server Responder] INFO  ipc.Server (Server.java:run(1567)) - Stopping IPC Server Responder
2023-08-31 18:21:15,753 [SCM Heartbeat Processing Thread - 0] WARN  node.NodeStateManager (NodeStateManager.java:scheduleNextHealthCheck(874)) - Current Thread is interrupted, shutting down HB processing thread for Node Manager.
2023-08-31 18:21:15,754 [main] INFO  server.StorageContainerManager (StorageContainerManager.java:stop(1615)) - Stopping block service RPC server
2023-08-31 18:21:15,754 [main] INFO  server.SCMBlockProtocolServer (SCMBlockProtocolServer.java:stop(161)) - Stopping the RPC server for Block Protocol
2023-08-31 18:21:15,754 [main] INFO  ipc.Server (Server.java:stop(3523)) - Stopping server on 15107
2023-08-31 18:21:15,755 [IPC Server listener on 15107] INFO  ipc.Server (Server.java:run(1434)) - Stopping IPC Server listener on 15107
2023-08-31 18:21:15,758 [IPC Server Responder] INFO  ipc.Server (Server.java:run(1567)) - Stopping IPC Server Responder
2023-08-31 18:21:15,759 [main] INFO  server.StorageContainerManager (StorageContainerManager.java:stop(1622)) - Stopping the StorageContainerLocationProtocol RPC server
2023-08-31 18:21:15,759 [main] INFO  server.SCMClientProtocolServer (SCMClientProtocolServer.java:stop(210)) - Stopping the RPC server for Client Protocol
2023-08-31 18:21:15,759 [main] INFO  ipc.Server (Server.java:stop(3523)) - Stopping server on 15106
2023-08-31 18:21:15,760 [IPC Server listener on 15106] INFO  ipc.Server (Server.java:run(1434)) - Stopping IPC Server listener on 15106
2023-08-31 18:21:15,760 [IPC Server Responder] INFO  ipc.Server (Server.java:run(1567)) - Stopping IPC Server Responder
2023-08-31 18:21:15,761 [main] INFO  server.StorageContainerManager (StorageContainerManager.java:stop(1629)) - Stopping Storage Container Manager HTTP server.
2023-08-31 18:21:15,763 [main] INFO  handler.ContextHandler (ContextHandler.java:doStop(1159)) - Stopped o.e.j.w.WebAppContext@5ce537c4{scm,/,null,STOPPED}{file:/home/runner/work/ozone/ozone/hadoop-ozone/integration-test/target/test-classes/webapps/scm}
2023-08-31 18:21:15,764 [main] INFO  server.AbstractConnector (AbstractConnector.java:doStop(383)) - Stopped ServerConnector@33e76e5{HTTP/1.1, (http/1.1)}{0.0.0.0:15109}
2023-08-31 18:21:15,764 [main] INFO  server.session (HouseKeeper.java:stopScavenging(149)) - node0 Stopped scavenging
2023-08-31 18:21:15,765 [main] INFO  handler.ContextHandler (ContextHandler.java:doStop(1159)) - Stopped o.e.j.s.ServletContextHandler@4f39a53{static,/static,file:///home/runner/work/ozone/ozone/hadoop-ozone/integration-test/target/test-classes/webapps/static,STOPPED}
2023-08-31 18:21:15,765 [main] INFO  handler.ContextHandler (ContextHandler.java:doStop(1159)) - Stopped o.e.j.s.ServletContextHandler@d52ab92{logs,/logs,file:///home/runner/work/ozone/ozone/hadoop-ozone/integration-test/target/log,STOPPED}
2023-08-31 18:21:15,766 [main] INFO  server.StorageContainerManager (StorageContainerManager.java:stop(1637)) - Stopping SCM LayoutVersionManager Service.
2023-08-31 18:21:15,767 [main] INFO  server.StorageContainerManager (StorageContainerManager.java:stop(1649)) - Stopping Block Manager Service.
2023-08-31 18:21:15,767 [main] INFO  utils.BackgroundService (BackgroundService.java:shutdown(141)) - Shutting down service SCMBlockDeletingService
2023-08-31 18:21:15,767 [main] INFO  utils.BackgroundService (BackgroundService.java:shutdown(141)) - Shutting down service SCMBlockDeletingService
2023-08-31 18:21:15,768 [main] INFO  server.StorageContainerManager (StorageContainerManager.java:stop(1669)) - Stopping SCM Event Queue.
2023-08-31 18:21:15,769 [JvmPauseMonitor14] INFO  util.JvmPauseMonitor (JvmPauseMonitor.java:run(109)) - JvmPauseMonitor-2d958d70-7a6c-48ea-9070-225d01e4e176: Stopped
2023-08-31 18:21:15,769 [main] INFO  server.StorageContainerManager (StorageContainerManager.java:stop(1680)) - Stopping SCM HA services.
2023-08-31 18:21:15,769 [main] INFO  pipeline.BackgroundPipelineCreator (BackgroundPipelineCreator.java:stop(149)) - Stopping RatisPipelineUtilsThread.
2023-08-31 18:21:15,769 [RatisPipelineUtilsThread - 0] WARN  pipeline.BackgroundPipelineCreator (BackgroundPipelineCreator.java:run(180)) - RatisPipelineUtilsThread is interrupted.
2023-08-31 18:21:15,770 [BackgroundPipelineScrubberThread] WARN  BackgroundPipelineScrubber (BackgroundSCMService.java:run(115)) - BackgroundPipelineScrubber is interrupted, exit
2023-08-31 18:21:15,770 [main] INFO  BackgroundPipelineScrubber (BackgroundSCMService.java:stop(131)) - Stopping BackgroundPipelineScrubber Service.
2023-08-31 18:21:15,771 [main] INFO  impl.MetricsSystemImpl (MetricsSystemImpl.java:stop(210)) - Stopping HddsDatanode metrics system...
2023-08-31 18:21:15,772 [prometheus] INFO  impl.MetricsSinkAdapter (MetricsSinkAdapter.java:publishMetricsFromQueue(141)) - prometheus thread interrupted.
2023-08-31 18:21:15,772 [main] INFO  impl.MetricsSystemImpl (MetricsSystemImpl.java:stop(216)) - HddsDatanode metrics system stopped.
2023-08-31 18:21:15,773 [main] WARN  pipeline.BackgroundPipelineCreator (BackgroundPipelineCreator.java:stop(145)) - RatisPipelineUtilsThread is not running, just ignore.
2023-08-31 18:21:15,773 [main] INFO  BackgroundPipelineScrubber (BackgroundSCMService.java:stop(126)) - BackgroundPipelineScrubber Service is not running, skip stop.
2023-08-31 18:21:15,773 [ExpiredContainerReplicaOpScrubberThread] WARN  ExpiredContainerReplicaOpScrubber (BackgroundSCMService.java:run(115)) - ExpiredContainerReplicaOpScrubber is interrupted, exit
2023-08-31 18:21:15,773 [main] INFO  ExpiredContainerReplicaOpScrubber (BackgroundSCMService.java:stop(131)) - Stopping ExpiredContainerReplicaOpScrubber Service.
2023-08-31 18:21:15,773 [main] INFO  utils.BackgroundService (BackgroundService.java:shutdown(141)) - Shutting down service SCMBlockDeletingService
2023-08-31 18:21:15,773 [main] INFO  replication.ReplicationManager (ReplicationManager.java:stop(333)) - Replication Monitor Thread is not running.
2023-08-31 18:21:15,773 [main] WARN  balancer.ContainerBalancer (ContainerBalancer.java:stop(326)) - Cannot stop Container Balancer because it's not running or stopping
2023-08-31 18:21:15,774 [main] INFO  server.StorageContainerManager (StorageContainerManager.java:stop(1715)) - Stopping SCM MetadataStore.
2023-08-31 18:21:15,858 [main] WARN  server.ServerUtils (ServerUtils.java:getScmDbDir(155)) - ozone.scm.db.dirs is not configured. We recommend adding this setting. Falling back to ozone.metadata.dirs instead.
2023-08-31 18:21:15,864 [main] WARN  server.ServerUtils (ServerUtils.java:getScmDbDir(155)) - ozone.scm.db.dirs is not configured. We recommend adding this setting. Falling back to ozone.metadata.dirs instead.
2023-08-31 18:21:15,865 [main] INFO  ha.SCMHANodeDetails (SCMHANodeDetails.java:loadSCMHAConfig(210)) - ServiceID for StorageContainerManager is null
2023-08-31 18:21:15,865 [main] INFO  ha.SCMHANodeDetails (SCMHANodeDetails.java:loadSCMHAConfig(215)) - ozone.scm.default.service.id is not defined, falling back to ozone.scm.service.ids to find serviceID for StorageContainerManager if it is HA enabled cluster
2023-08-31 18:21:15,866 [main] WARN  utils.HAUtils (HAUtils.java:getMetaDir(339)) - ozone.scm.db.dirs is not configured. We recommend adding this setting. Falling back to ozone.metadata.dirs instead.
2023-08-31 18:21:15,866 [main] WARN  db.DBStoreBuilder (DBStoreBuilder.java:applyDBDefinition(166)) - ozone.scm.db.dirs is not configured. We recommend adding this setting. Falling back to ozone.metadata.dirs instead.
2023-08-31 18:21:16,026 [main] INFO  net.NodeSchemaLoader (NodeSchemaLoader.java:loadSchemaFromFile(129)) - Loading schema from [jar:file:/home/runner/.m2/repository/org/apache/ozone/hdds-common/1.4.0-SNAPSHOT/hdds-common-1.4.0-SNAPSHOT.jar!/network-topology-default.xml]
2023-08-31 18:21:16,026 [main] INFO  net.NodeSchemaLoader (NodeSchemaLoader.java:loadSchema(176)) - Loading network topology layer schema file
2023-08-31 18:21:16,030 [main] INFO  upgrade.AbstractLayoutVersionManager (AbstractLayoutVersionManager.java:init(83)) - Initializing Layout version manager with metadata layout = HADOOP_PRC_PORTS_IN_DATANODEDETAILS (version = 7), software layout = HADOOP_PRC_PORTS_IN_DATANODEDETAILS (version = 7)
2023-08-31 18:21:16,031 [main] INFO  ha.SequenceIdGenerator (SequenceIdGenerator.java:upgradeToSequenceId(365)) - upgrade localId to 111677748019200000
2023-08-31 18:21:16,032 [main] INFO  ha.SequenceIdGenerator (SequenceIdGenerator.java:upgradeToSequenceId(375)) - upgrade delTxnId to 0
2023-08-31 18:21:16,033 [main] INFO  ha.SequenceIdGenerator (SequenceIdGenerator.java:upgradeToSequenceId(392)) - upgrade containerId to 0
2023-08-31 18:21:16,034 [main] INFO  ha.SequenceIdGenerator (SequenceIdGenerator.java:upgradeToSequenceId(428)) - upgrade rootCertificateId to 1
2023-08-31 18:21:16,034 [main] INFO  ha.SequenceIdGenerator (SequenceIdGenerator.java:<init>(236)) - Init the HA SequenceIdGenerator.
2023-08-31 18:21:16,034 [main] WARN  server.ServerUtils (ServerUtils.java:sanitizeUserArgs(80)) - ozone.scm.stale.node.interval value = 300000 is larger than max = 100000 based on the key value of ozone.scm.heartbeat.thread.interval, reset to the max value 100000.
2023-08-31 18:21:16,034 [main] WARN  server.ServerUtils (ServerUtils.java:sanitizeUserArgs(80)) - ozone.scm.stale.node.interval value = 300000 is larger than max = 100000 based on the key value of ozone.scm.heartbeat.thread.interval, reset to the max value 100000.
2023-08-31 18:21:16,035 [main] INFO  node.SCMNodeManager (SCMNodeManager.java:<init>(157)) - Entering startup safe mode.
2023-08-31 18:21:16,035 [main] INFO  algorithms.ContainerPlacementPolicyFactory (ContainerPlacementPolicyFactory.java:getPolicyInternal(86)) - Create container placement policy of type org.apache.hadoop.hdds.scm.container.placement.algorithms.SCMContainerPlacementRackAware
2023-08-31 18:21:16,035 [main] INFO  algorithms.ContainerPlacementPolicyFactory (ContainerPlacementPolicyFactory.java:getPolicyInternal(86)) - Create container placement policy of type org.apache.hadoop.hdds.scm.container.placement.algorithms.SCMContainerPlacementRackScatter
2023-08-31 18:21:16,036 [main] INFO  pipeline.PipelineStateManagerImpl (PipelineStateManagerImpl.java:initialize(78)) - No pipeline exists in current db
2023-08-31 18:21:16,036 [main] INFO  algorithms.LeaderChoosePolicyFactory (LeaderChoosePolicyFactory.java:getPolicy(57)) - Create leader choose policy of type org.apache.hadoop.hdds.scm.pipeline.leader.choose.algorithms.MinLeaderCountChoosePolicy
2023-08-31 18:21:16,036 [main] INFO  algorithms.ContainerPlacementPolicyFactory (ContainerPlacementPolicyFactory.java:getPolicyInternal(86)) - Create container placement policy of type org.apache.hadoop.hdds.scm.container.placement.algorithms.SCMContainerPlacementRackScatter
2023-08-31 18:21:16,036 [main] INFO  ha.SCMServiceManager (SCMServiceManager.java:register(42)) - Registering service BackgroundPipelineCreator.
2023-08-31 18:21:16,036 [main] INFO  pipeline.BackgroundPipelineCreator (BackgroundPipelineCreator.java:start(124)) - Starting RatisPipelineUtilsThread.
2023-08-31 18:21:16,037 [main] INFO  BackgroundPipelineScrubber (BackgroundSCMService.java:start(68)) - Starting BackgroundPipelineScrubber Service.
2023-08-31 18:21:16,037 [main] INFO  ha.SCMServiceManager (SCMServiceManager.java:register(42)) - Registering service BackgroundPipelineScrubber.
2023-08-31 18:21:16,037 [main] INFO  ExpiredContainerReplicaOpScrubber (BackgroundSCMService.java:start(68)) - Starting ExpiredContainerReplicaOpScrubber Service.
2023-08-31 18:21:16,038 [main] INFO  ha.SCMServiceManager (SCMServiceManager.java:register(42)) - Registering service ExpiredContainerReplicaOpScrubber.
2023-08-31 18:21:16,039 [main] INFO  algorithms.PipelineChoosePolicyFactory (PipelineChoosePolicyFactory.java:createPipelineChoosePolicyFromClass(78)) - Create pipeline choose policy of type org.apache.hadoop.hdds.scm.pipeline.choose.algorithms.RandomPipelineChoosePolicy
2023-08-31 18:21:16,039 [main] INFO  algorithms.PipelineChoosePolicyFactory (PipelineChoosePolicyFactory.java:createPipelineChoosePolicyFromClass(78)) - Create pipeline choose policy of type org.apache.hadoop.hdds.scm.pipeline.choose.algorithms.RandomPipelineChoosePolicy
2023-08-31 18:21:16,039 [main] INFO  ha.SCMServiceManager (SCMServiceManager.java:register(42)) - Registering service SCMBlockDeletingService.
2023-08-31 18:21:16,040 [main] INFO  replication.ReplicationManager (ReplicationManager.java:start(291)) - Starting Replication Monitor Thread.
2023-08-31 18:21:16,041 [main] INFO  ha.SCMServiceManager (SCMServiceManager.java:register(42)) - Registering service ReplicationManager.
2023-08-31 18:21:16,046 [main] INFO  safemode.ContainerSafeModeRule (ContainerSafeModeRule.java:<init>(90)) - containers with one replica threshold count 0
2023-08-31 18:21:16,046 [main] INFO  safemode.HealthyPipelineSafeModeRule (HealthyPipelineSafeModeRule.java:initializeRule(169)) - Total pipeline count is 0, healthy pipeline threshold count is 1
2023-08-31 18:21:16,046 [main] INFO  safemode.OneReplicaPipelineSafeModeRule (OneReplicaPipelineSafeModeRule.java:initializeRule(180)) - Total pipeline count is 0, pipeline's with at least one datanode reported threshold count is 0
2023-08-31 18:21:16,047 [ReplicationMonitor] INFO  replication.ReplicationManager (ReplicationManager.java:processAll(365)) - Replication Manager is not ready to run until 3000ms after safemode exit
2023-08-31 18:21:16,048 [main] INFO  server.StorageContainerManager (StorageContainerManager.java:<init>(425)) - SCM start with adminUsers: [runner]
2023-08-31 18:21:16,048 [main] INFO  ipc.CallQueueManager (CallQueueManager.java:<init>(90)) - Using callQueue: class java.util.concurrent.LinkedBlockingQueue, queueCapacity: 2000, scheduler: class org.apache.hadoop.ipc.DefaultRpcScheduler, ipcBackoff: false.
2023-08-31 18:21:16,049 [main] INFO  ipc.Server (Server.java:<init>(1287)) - Listener at 0.0.0.0:15161
2023-08-31 18:21:16,049 [Socket Reader #1 for port 15161] INFO  ipc.Server (Server.java:run(1323)) - Starting Socket Reader #1 for port 15161
2023-08-31 18:21:16,050 [main] INFO  ipc.CallQueueManager (CallQueueManager.java:<init>(90)) - Using callQueue: class java.util.concurrent.LinkedBlockingQueue, queueCapacity: 2000, scheduler: class org.apache.hadoop.ipc.DefaultRpcScheduler, ipcBackoff: false.
2023-08-31 18:21:16,051 [main] INFO  ipc.Server (Server.java:<init>(1287)) - Listener at 0.0.0.0:15160
2023-08-31 18:21:16,051 [Socket Reader #1 for port 15160] INFO  ipc.Server (Server.java:run(1323)) - Starting Socket Reader #1 for port 15160
2023-08-31 18:21:16,052 [main] INFO  ipc.CallQueueManager (CallQueueManager.java:<init>(90)) - Using callQueue: class java.util.concurrent.LinkedBlockingQueue, queueCapacity: 2000, scheduler: class org.apache.hadoop.ipc.DefaultRpcScheduler, ipcBackoff: false.
2023-08-31 18:21:16,052 [main] INFO  ipc.Server (Server.java:<init>(1287)) - Listener at 0.0.0.0:15159
2023-08-31 18:21:16,058 [Socket Reader #1 for port 15159] INFO  ipc.Server (Server.java:run(1323)) - Starting Socket Reader #1 for port 15159
2023-08-31 18:21:16,062 [main] INFO  ha.SCMServiceManager (SCMServiceManager.java:register(42)) - Registering service ContainerBalancer.
2023-08-31 18:21:16,062 [main] INFO  server.StorageContainerManager (StorageContainerManager.java:<init>(438)) - 
Container Balancer status:
Key                            Value
Running                        false
Container Balancer Configuration values:
Key                                                Value
Threshold                                          10
Max Datanodes to Involve per Iteration(percent)    20
Max Size to Move per Iteration                     500GB
Max Size Entering Target per Iteration             26GB
Max Size Leaving Source per Iteration              26GB

2023-08-31 18:21:16,062 [main] INFO  ha.SCMContext (SCMContext.java:updateSafeModeStatus(228)) - Update SafeModeStatus from SafeModeStatus{safeModeStatus=true, preCheckPassed=false} to SafeModeStatus{safeModeStatus=true, preCheckPassed=false}.
2023-08-31 18:21:16,062 [main] INFO  server.StorageContainerManager (StorageContainerManager.java:start(1483)) - StorageContainerLocationProtocol RPC server is listening at /0.0.0.0:15159
2023-08-31 18:21:16,067 [main] WARN  impl.MetricsConfig (MetricsConfig.java:loadFirst(136)) - Cannot locate configuration: tried hadoop-metrics2-storagecontainermanager.properties,hadoop-metrics2.properties
2023-08-31 18:21:16,072 [main] INFO  impl.MetricsSystemImpl (MetricsSystemImpl.java:startTimer(378)) - Scheduled Metric snapshot period at 10 second(s).
2023-08-31 18:21:16,072 [main] INFO  impl.MetricsSystemImpl (MetricsSystemImpl.java:start(191)) - StorageContainerManager metrics system started
2023-08-31 18:21:16,086 [main] INFO  impl.MetricsSinkAdapter (MetricsSinkAdapter.java:start(204)) - Sink prometheus started
2023-08-31 18:21:16,086 [main] INFO  impl.MetricsSystemImpl (MetricsSystemImpl.java:registerSink(305)) - Registered sink prometheus
2023-08-31 18:21:16,108 [main] INFO  server.SCMClientProtocolServer (SCMClientProtocolServer.java:start(201)) - RPC server for Client  is listening at /0.0.0.0:15159
2023-08-31 18:21:16,108 [IPC Server Responder] INFO  ipc.Server (Server.java:run(1562)) - IPC Server Responder: starting
2023-08-31 18:21:16,120 [main] INFO  server.StorageContainerManager (StorageContainerManager.java:start(1496)) - ScmBlockLocationProtocol RPC server is listening at /0.0.0.0:15160
2023-08-31 18:21:16,120 [main] INFO  server.SCMBlockProtocolServer (SCMBlockProtocolServer.java:start(152)) - RPC server for Block Protocol is listening at /0.0.0.0:15160
2023-08-31 18:21:16,120 [IPC Server Responder] INFO  ipc.Server (Server.java:run(1562)) - IPC Server Responder: starting
2023-08-31 18:21:16,121 [IPC Server listener on 15160] INFO  ipc.Server (Server.java:run(1402)) - IPC Server listener on 15160: starting
2023-08-31 18:21:16,125 [main] INFO  server.SCMDatanodeProtocolServer (SCMDatanodeProtocolServer.java:start(193)) - ScmDatanodeProtocol RPC server for DataNodes is listening at /0.0.0.0:15161
2023-08-31 18:21:16,125 [IPC Server Responder] INFO  ipc.Server (Server.java:run(1562)) - IPC Server Responder: starting
2023-08-31 18:21:16,126 [IPC Server listener on 15161] INFO  ipc.Server (Server.java:run(1402)) - IPC Server listener on 15161: starting
2023-08-31 18:21:16,132 [IPC Server listener on 15159] INFO  ipc.Server (Server.java:run(1402)) - IPC Server listener on 15159: starting
2023-08-31 18:21:16,133 [main] INFO  http.BaseHttpServer (BaseHttpServer.java:newHttpServer2BuilderForOzone(223)) - Starting Web-server for scm at: http://0.0.0.0:15162
2023-08-31 18:21:16,133 [main] INFO  http.BaseHttpServer (BaseHttpServer.java:<init>(110)) - Hadoop Security Enabled: false Ozone Security Enabled: false Ozone HTTP Security Enabled: false 
2023-08-31 18:21:16,134 [main] WARN  server.AuthenticationFilter (AuthenticationFilter.java:constructSecretProvider(240)) - Unable to initialize FileSignerSecretProvider, falling back to use random secrets. Reason: Could not read signature secret file: /home/runner/hadoop-http-auth-signature-secret
2023-08-31 18:21:16,135 [JvmPauseMonitor21] INFO  util.JvmPauseMonitor (JvmPauseMonitor.java:run(103)) - JvmPauseMonitor-1769c41b-4468-4381-81d5-31e55c4563c5: Started
2023-08-31 18:21:16,135 [main] INFO  http.HttpRequestLog (HttpRequestLog.java:getRequestLog(86)) - Http request log for http.requests.scm is not defined
2023-08-31 18:21:16,136 [main] INFO  http.HttpServer2 (HttpServer2.java:addGlobalFilter(1031)) - Added global filter 'safety' (class=org.apache.hadoop.hdds.server.http.HttpServer2$QuotingInputFilter)
2023-08-31 18:21:16,137 [main] INFO  http.HttpServer2 (HttpServer2.java:addFilter(1007)) - Added filter static_user_filter (class=org.apache.hadoop.http.lib.StaticUserWebFilter$StaticUserFilter) to context scm
2023-08-31 18:21:16,137 [main] INFO  http.HttpServer2 (HttpServer2.java:addFilter(1015)) - Added filter static_user_filter (class=org.apache.hadoop.http.lib.StaticUserWebFilter$StaticUserFilter) to context static
2023-08-31 18:21:16,137 [main] INFO  http.HttpServer2 (HttpServer2.java:addFilter(1015)) - Added filter static_user_filter (class=org.apache.hadoop.http.lib.StaticUserWebFilter$StaticUserFilter) to context logs
2023-08-31 18:21:16,138 [main] INFO  http.BaseHttpServer (BaseHttpServer.java:<init>(189)) - HTTP server of scm uses base directory /home/runner/work/ozone/ozone/hadoop-ozone/integration-test/target/test-dir/MiniOzoneClusterImpl-2bd935e6-826e-4dca-83cf-32fa945e0037/ozone-meta/webserver
2023-08-31 18:21:16,138 [main] INFO  http.HttpServer2 (HttpServer2.java:bindListener(1231)) - Jetty bound to port 15162
2023-08-31 18:21:16,138 [main] INFO  server.Server (Server.java:doStart(375)) - jetty-9.4.51.v20230217; built: 2023-02-17T08:19:37.309Z; git: b45c405e4544384de066f814ed42ae3dceacdd49; jvm 1.8.0_382-b05
2023-08-31 18:21:16,144 [main] INFO  server.session (DefaultSessionIdManager.java:doStart(334)) - DefaultSessionIdManager workerName=node0
2023-08-31 18:21:16,144 [main] INFO  server.session (DefaultSessionIdManager.java:doStart(339)) - No SessionScavenger set, using defaults
2023-08-31 18:21:16,144 [main] INFO  server.session (HouseKeeper.java:startScavenging(132)) - node0 Scavenging every 660000ms
2023-08-31 18:21:16,145 [main] INFO  handler.ContextHandler (ContextHandler.java:doStart(921)) - Started o.e.j.s.ServletContextHandler@27759fbe{logs,/logs,file:///home/runner/work/ozone/ozone/hadoop-ozone/integration-test/target/log,AVAILABLE}
2023-08-31 18:21:16,145 [main] INFO  handler.ContextHandler (ContextHandler.java:doStart(921)) - Started o.e.j.s.ServletContextHandler@7af17793{static,/static,file:///home/runner/work/ozone/ozone/hadoop-ozone/integration-test/target/test-classes/webapps/static,AVAILABLE}
2023-08-31 18:21:16,154 [main] INFO  handler.ContextHandler (ContextHandler.java:doStart(921)) - Started o.e.j.w.WebAppContext@f742060{scm,/,file:///home/runner/work/ozone/ozone/hadoop-ozone/integration-test/target/test-classes/webapps/scm/,AVAILABLE}{file:/home/runner/work/ozone/ozone/hadoop-ozone/integration-test/target/test-classes/webapps/scm}
2023-08-31 18:21:16,156 [main] INFO  server.AbstractConnector (AbstractConnector.java:doStart(333)) - Started ServerConnector@1e8cb0a9{HTTP/1.1, (http/1.1)}{0.0.0.0:15162}
2023-08-31 18:21:16,156 [main] INFO  server.Server (Server.java:doStart(415)) - Started @287480ms
2023-08-31 18:21:16,156 [main] WARN  impl.MetricsSystemImpl (MetricsSystemImpl.java:register(279)) - Sink prometheus already exists!
2023-08-31 18:21:16,156 [main] INFO  http.BaseHttpServer (BaseHttpServer.java:updateConnectorAddress(354)) - HTTP server of scm listening at http://0.0.0.0:15162
2023-08-31 18:21:16,157 [main] WARN  server.ServerUtils (ServerUtils.java:getDBPath(311)) - ozone.om.db.dirs is not configured. We recommend adding this setting. Falling back to ozone.metadata.dirs instead.
2023-08-31 18:21:16,159 [main] INFO  ha.OMHANodeDetails (OMHANodeDetails.java:loadOMHAConfig(115)) - ozone.om.internal.service.id is not defined, falling back to ozone.om.service.ids to find serviceID for OzoneManager if it is HA enabled cluster
2023-08-31 18:21:16,159 [main] INFO  ha.OMHANodeDetails (OMHANodeDetails.java:loadOMHAConfig(226)) - Configuration does not have ozone.om.address set. Falling back to the default OM address /127.0.0.1:15163
2023-08-31 18:21:16,162 [main] INFO  ha.OMHANodeDetails (OMHANodeDetails.java:getOMNodeDetailsForNonHA(254)) - OM Service ID is not set. Setting it to the default ID: omServiceIdDefault
2023-08-31 18:21:16,162 [main] INFO  ha.OMHANodeDetails (OMHANodeDetails.java:getOMNodeDetailsForNonHA(261)) - OM Node ID is not set. Setting it to the default ID: om1
2023-08-31 18:21:16,162 [main] WARN  server.ServerUtils (ServerUtils.java:getDBPath(311)) - ozone.om.db.dirs is not configured. We recommend adding this setting. Falling back to ozone.metadata.dirs instead.
2023-08-31 18:21:16,164 [main] INFO  upgrade.AbstractLayoutVersionManager (AbstractLayoutVersionManager.java:init(83)) - Initializing Layout version manager with metadata layout = QUOTA (version = 6), software layout = QUOTA (version = 6)
2023-08-31 18:21:16,247 [main] INFO  reflections.Reflections (Reflections.java:scan(232)) - Reflections took 82 ms to scan 2 urls, producing 187 keys and 511 values [using 2 cores]
2023-08-31 18:21:16,248 [main] INFO  upgrade.OMLayoutVersionManager (OMLayoutVersionManager.java:lambda$0(115)) - Skipping Upgrade Action QuotaRepairUpgradeAction since it has been finalized.
2023-08-31 18:21:16,248 [main] INFO  upgrade.OMLayoutVersionManager (OMLayoutVersionManager.java:lambda$0(115)) - Skipping Upgrade Action MockOmUpgradeAction since it has been finalized.
2023-08-31 18:21:16,248 [main] WARN  server.ServerUtils (ServerUtils.java:getDBPath(311)) - ozone.om.db.dirs is not configured. We recommend adding this setting. Falling back to ozone.metadata.dirs instead.
2023-08-31 18:21:16,249 [main] INFO  proxy.SCMBlockLocationFailoverProxyProvider (SCMBlockLocationFailoverProxyProvider.java:<init>(114)) - Created block location fail-over proxy with 1 nodes: [nodeId=scmNodeId,nodeAddress=/0.0.0.0:15160]
2023-08-31 18:21:16,250 [main] INFO  proxy.SCMBlockLocationFailoverProxyProvider (SCMBlockLocationFailoverProxyProvider.java:<init>(114)) - Created block location fail-over proxy with 1 nodes: [nodeId=scmNodeId,nodeAddress=/0.0.0.0:15160]
2023-08-31 18:21:16,258 [main] INFO  om.OzoneManager (OzoneManager.java:<init>(665)) - OM start with adminUsers: [runner]
2023-08-31 18:21:16,259 [main] WARN  server.ServerUtils (ServerUtils.java:getDBPath(311)) - ozone.om.db.dirs is not configured. We recommend adding this setting. Falling back to ozone.metadata.dirs instead.
2023-08-31 18:21:16,259 [main] INFO  helpers.OmKeyInfo (OmKeyInfo.java:getCodec(71)) - OmKeyInfo.getCodec ignorePipeline = true
2023-08-31 18:21:16,541 [main] INFO  om.OzoneManager (OzoneManager.java:instantiateServices(794)) - S3 Multi-Tenancy is disabled
2023-08-31 18:21:16,542 [main] INFO  om.OmSnapshotManager (OmSnapshotManager.java:<init>(174)) - Ozone filesystem snapshot feature is enabled.
2023-08-31 18:21:16,542 [main] WARN  server.ServerUtils (ServerUtils.java:getDBPath(311)) - ozone.om.snapshot.diff.db.dir is not configured. We recommend adding this setting. Falling back to ozone.metadata.dirs instead.
2023-08-31 18:21:16,576 [main] INFO  snapshot.SnapshotDiffManager (SnapshotDiffManager.java:closeExecutorService(1697)) - Shutting down executorService: 'SstDumpToolExecutor'
2023-08-31 18:21:16,577 [main] INFO  om.OzoneManager (OzoneManager.java:addS3GVolumeToDB(4301)) - Created Volume s3v With Owner runner required for S3Gateway operations.
2023-08-31 18:21:16,577 [main] INFO  om.OzoneManager (OzoneManager.java:getRpcServer(1196)) - Creating RPC Server
2023-08-31 18:21:17,042 [main] INFO  reflections.Reflections (Reflections.java:scan(232)) - Reflections took 463 ms to scan 19 urls, producing 70 keys and 5672 values [using 2 cores]
2023-08-31 18:21:17,044 [main] INFO  ipc.CallQueueManager (CallQueueManager.java:<init>(90)) - Using callQueue: class java.util.concurrent.LinkedBlockingQueue, queueCapacity: 2000, scheduler: class org.apache.hadoop.ipc.DefaultRpcScheduler, ipcBackoff: false.
2023-08-31 18:21:17,044 [main] INFO  ipc.Server (Server.java:<init>(1287)) - Listener at 127.0.0.1:15163
2023-08-31 18:21:17,045 [Socket Reader #1 for port 15163] INFO  ipc.Server (Server.java:run(1323)) - Starting Socket Reader #1 for port 15163
2023-08-31 18:21:17,066 [main] INFO  impl.MetricsSystemImpl (MetricsSystemImpl.java:init(158)) - OzoneManager metrics system started (again)
2023-08-31 18:21:17,077 [main] INFO  om.OzoneManager (OzoneManager.java:start(1630)) - OzoneManager RPC server is listening at localhost/127.0.0.1:15163
2023-08-31 18:21:17,078 [main] INFO  om.OzoneManager (OzoneManager.java:start(1646)) - Version File has different layout version (6) than OM DB (null). That is expected if this OM has never been finalized to a newer layout version.
2023-08-31 18:21:17,081 [main] INFO  http.BaseHttpServer (BaseHttpServer.java:newHttpServer2BuilderForOzone(223)) - Starting Web-server for ozoneManager at: http://0.0.0.0:15164
2023-08-31 18:21:17,081 [main] INFO  http.BaseHttpServer (BaseHttpServer.java:<init>(110)) - Hadoop Security Enabled: false Ozone Security Enabled: false Ozone HTTP Security Enabled: false 
2023-08-31 18:21:17,082 [main] WARN  server.AuthenticationFilter (AuthenticationFilter.java:constructSecretProvider(240)) - Unable to initialize FileSignerSecretProvider, falling back to use random secrets. Reason: Could not read signature secret file: /home/runner/hadoop-http-auth-signature-secret
2023-08-31 18:21:17,082 [main] INFO  http.HttpRequestLog (HttpRequestLog.java:getRequestLog(86)) - Http request log for http.requests.ozoneManager is not defined
2023-08-31 18:21:17,084 [main] INFO  http.HttpServer2 (HttpServer2.java:addGlobalFilter(1031)) - Added global filter 'safety' (class=org.apache.hadoop.hdds.server.http.HttpServer2$QuotingInputFilter)
2023-08-31 18:21:17,084 [main] INFO  http.HttpServer2 (HttpServer2.java:addFilter(1007)) - Added filter static_user_filter (class=org.apache.hadoop.http.lib.StaticUserWebFilter$StaticUserFilter) to context ozoneManager
2023-08-31 18:21:17,084 [main] INFO  http.HttpServer2 (HttpServer2.java:addFilter(1015)) - Added filter static_user_filter (class=org.apache.hadoop.http.lib.StaticUserWebFilter$StaticUserFilter) to context static
2023-08-31 18:21:17,085 [main] INFO  http.HttpServer2 (HttpServer2.java:addFilter(1015)) - Added filter static_user_filter (class=org.apache.hadoop.http.lib.StaticUserWebFilter$StaticUserFilter) to context logs
2023-08-31 18:21:17,085 [main] INFO  http.BaseHttpServer (BaseHttpServer.java:<init>(189)) - HTTP server of ozoneManager uses base directory /home/runner/work/ozone/ozone/hadoop-ozone/integration-test/target/test-dir/MiniOzoneClusterImpl-2bd935e6-826e-4dca-83cf-32fa945e0037/ozone-meta/webserver
2023-08-31 18:21:17,085 [main] INFO  http.HttpServer2 (HttpServer2.java:bindListener(1231)) - Jetty bound to port 15164
2023-08-31 18:21:17,086 [main] INFO  server.Server (Server.java:doStart(375)) - jetty-9.4.51.v20230217; built: 2023-02-17T08:19:37.309Z; git: b45c405e4544384de066f814ed42ae3dceacdd49; jvm 1.8.0_382-b05
2023-08-31 18:21:17,087 [main] INFO  server.session (DefaultSessionIdManager.java:doStart(334)) - DefaultSessionIdManager workerName=node0
2023-08-31 18:21:17,087 [main] INFO  server.session (DefaultSessionIdManager.java:doStart(339)) - No SessionScavenger set, using defaults
2023-08-31 18:21:17,087 [main] INFO  server.session (HouseKeeper.java:startScavenging(132)) - node0 Scavenging every 600000ms
2023-08-31 18:21:17,088 [main] INFO  handler.ContextHandler (ContextHandler.java:doStart(921)) - Started o.e.j.s.ServletContextHandler@75a42b2{logs,/logs,file:///home/runner/work/ozone/ozone/hadoop-ozone/integration-test/target/log,AVAILABLE}
2023-08-31 18:21:17,088 [main] INFO  handler.ContextHandler (ContextHandler.java:doStart(921)) - Started o.e.j.s.ServletContextHandler@3b9d9f3b{static,/static,file:///home/runner/work/ozone/ozone/hadoop-ozone/integration-test/target/test-classes/webapps/static,AVAILABLE}
2023-08-31 18:21:17,091 [main] INFO  handler.ContextHandler (ContextHandler.java:doStart(921)) - Started o.e.j.w.WebAppContext@68cc475b{ozoneManager,/,file:///home/runner/work/ozone/ozone/hadoop-ozone/integration-test/target/test-classes/webapps/ozoneManager/,AVAILABLE}{file:/home/runner/work/ozone/ozone/hadoop-ozone/integration-test/target/test-classes/webapps/ozoneManager}
2023-08-31 18:21:17,093 [main] INFO  server.AbstractConnector (AbstractConnector.java:doStart(333)) - Started ServerConnector@10ec01c0{HTTP/1.1, (http/1.1)}{0.0.0.0:15164}
2023-08-31 18:21:17,093 [main] INFO  server.Server (Server.java:doStart(415)) - Started @288417ms
2023-08-31 18:21:17,093 [main] WARN  impl.MetricsSystemImpl (MetricsSystemImpl.java:register(279)) - Sink prometheus already exists!
2023-08-31 18:21:17,093 [main] INFO  http.BaseHttpServer (BaseHttpServer.java:updateConnectorAddress(354)) - HTTP server of ozoneManager listening at http://0.0.0.0:15164
2023-08-31 18:21:17,094 [IPC Server Responder] INFO  ipc.Server (Server.java:run(1562)) - IPC Server Responder: starting
2023-08-31 18:21:17,095 [IPC Server listener on 15163] INFO  ipc.Server (Server.java:run(1402)) - IPC Server listener on 15163: starting
2023-08-31 18:21:17,098 [main] INFO  om.TrashPolicyOzone (TrashPolicyOzone.java:<init>(277)) - Ozone Manager trash configuration: Deletion interval = 0 minutes, Emptier interval = 0 minutes.
2023-08-31 18:21:17,099 [JvmPauseMonitor22] INFO  util.JvmPauseMonitor (JvmPauseMonitor.java:run(103)) - JvmPauseMonitor-a142f36d-5b04-4065-aba3-a70417595805: Started
2023-08-31 18:21:17,113 [main] INFO  impl.MetricsSystemImpl (MetricsSystemImpl.java:init(158)) - HddsDatanode metrics system started (again)
2023-08-31 18:21:17,127 [main] INFO  ozone.HddsDatanodeService (HddsDatanodeService.java:start(237)) - HddsDatanodeService host:fv-az1129-899 ip:10.1.0.8
2023-08-31 18:21:17,163 [main] INFO  upgrade.AbstractLayoutVersionManager (AbstractLayoutVersionManager.java:init(83)) - Initializing Layout version manager with metadata layout = HADOOP_PRC_PORTS_IN_DATANODEDETAILS (version = 7), software layout = HADOOP_PRC_PORTS_IN_DATANODEDETAILS (version = 7)
2023-08-31 18:21:17,163 [main] INFO  statemachine.DatanodeStateMachine (DatanodeStateMachine.java:getEndPointTaskThreadPoolSize(282)) - Datanode State Machine Task Thread Pool size 2
2023-08-31 18:21:17,165 [main] INFO  volume.HddsVolume (HddsVolume.java:<init>(126)) - Creating HddsVolume: /home/runner/work/ozone/ozone/hadoop-ozone/integration-test/target/test-dir/MiniOzoneClusterImpl-2bd935e6-826e-4dca-83cf-32fa945e0037/datanode-0/data-0/containers/hdds of storage type : DISK capacity : 9223372036854775807
2023-08-31 18:21:17,165 [main] INFO  volume.MutableVolumeSet (MutableVolumeSet.java:initializeVolumeSet(173)) - Added Volume : /home/runner/work/ozone/ozone/hadoop-ozone/integration-test/target/test-dir/MiniOzoneClusterImpl-2bd935e6-826e-4dca-83cf-32fa945e0037/datanode-0/data-0/containers/hdds to VolumeSet
2023-08-31 18:21:17,165 [main] INFO  volume.MutableVolumeSet (MutableVolumeSet.java:initializeVolumeSet(173)) - Added Volume : /home/runner/work/ozone/ozone/hadoop-ozone/integration-test/target/test-dir/MiniOzoneClusterImpl-2bd935e6-826e-4dca-83cf-32fa945e0037/datanode-0/data/ratis to VolumeSet
2023-08-31 18:21:17,166 [Thread-1946] INFO  ozoneimpl.ContainerReader (ContainerReader.java:readVolume(177)) - Finish verifying containers on volume /home/runner/work/ozone/ozone/hadoop-ozone/integration-test/target/test-dir/MiniOzoneClusterImpl-2bd935e6-826e-4dca-83cf-32fa945e0037/datanode-0/data-0/containers/hdds
2023-08-31 18:21:17,166 [main] INFO  ozoneimpl.OzoneContainer (OzoneContainer.java:buildContainerSet(314)) - Build ContainerSet costs 0s
2023-08-31 18:21:17,168 [main] INFO  server.RaftServer (ConfUtils.java:logGet(46)) - raft.rpc.type = GRPC (default)
2023-08-31 18:21:17,168 [main] INFO  grpc.GrpcConfigKeys (ConfUtils.java:logFallback(53)) - raft.grpc.admin.host = null (fallback to raft.grpc.server.host)
2023-08-31 18:21:17,169 [main] INFO  grpc.GrpcConfigKeys (ConfUtils.java:logGet(46)) - raft.grpc.admin.port = 15172 (custom)
2023-08-31 18:21:17,169 [main] INFO  grpc.GrpcConfigKeys (ConfUtils.java:logFallback(53)) - raft.grpc.client.host = null (fallback to raft.grpc.server.host)
2023-08-31 18:21:17,169 [main] INFO  grpc.GrpcConfigKeys (ConfUtils.java:logGet(46)) - raft.grpc.client.port = 15171 (custom)
2023-08-31 18:21:17,169 [main] INFO  grpc.GrpcConfigKeys (ConfUtils.java:logGet(46)) - raft.grpc.server.host = null (default)
2023-08-31 18:21:17,169 [main] INFO  grpc.GrpcConfigKeys (ConfUtils.java:logGet(46)) - raft.grpc.server.port = 15173 (custom)
2023-08-31 18:21:17,169 [main] INFO  server.GrpcService (ConfUtils.java:logGet(46)) - raft.grpc.message.size.max = 32MB (=33554432) (custom)
2023-08-31 18:21:17,169 [main] INFO  server.RaftServerConfigKeys (ConfUtils.java:logGet(46)) - raft.server.log.appender.buffer.byte-limit = 33554432 (custom)
2023-08-31 18:21:17,169 [main] INFO  server.GrpcService (ConfUtils.java:logGet(46)) - raft.grpc.flow.control.window = 5MB (=5242880) (custom)
2023-08-31 18:21:17,170 [main] INFO  server.RaftServerConfigKeys (ConfUtils.java:logGet(46)) - raft.server.rpc.request.timeout = 60s (custom)
2023-08-31 18:21:17,170 [main] INFO  grpc.GrpcConfigKeys (ConfUtils.java:logGet(46)) - raft.grpc.server.heartbeat.channel = true (default)
2023-08-31 18:21:17,170 [main] INFO  grpc.GrpcConfigKeys (ConfUtils.java:logGet(46)) - raft.grpc.server.async.request.thread.pool.cached = true (default)
2023-08-31 18:21:17,170 [main] INFO  grpc.GrpcConfigKeys (ConfUtils.java:logGet(46)) - raft.grpc.server.async.request.thread.pool.size = 32 (default)
2023-08-31 18:21:17,173 [main] INFO  impl.DataStreamServerImpl (ConfUtils.java:logGet(46)) - raft.datastream.type = NETTY (custom)
2023-08-31 18:21:17,174 [main] INFO  server.RaftServerConfigKeys (ConfUtils.java:logGet(46)) - raft.server.data-stream.async.request.thread.pool.cached = false (default)
2023-08-31 18:21:17,174 [main] INFO  server.RaftServerConfigKeys (ConfUtils.java:logGet(46)) - raft.server.data-stream.async.request.thread.pool.size = 20 (custom)
2023-08-31 18:21:17,174 [main] INFO  server.RaftServerConfigKeys (ConfUtils.java:logGet(46)) - raft.server.data-stream.async.write.thread.pool.size = 16 (default)
2023-08-31 18:21:17,174 [main] INFO  server.RaftServerConfigKeys (ConfUtils.java:logGet(46)) - raft.server.data-stream.client.pool.size = 10 (default)
2023-08-31 18:21:17,174 [main] INFO  netty.NettyConfigKeys$DataStream (ConfUtils.java:logGet(46)) - raft.netty.dataStream.server.use-epoll = false (default)
2023-08-31 18:21:17,174 [main] INFO  netty.NettyConfigKeys$DataStream (ConfUtils.java:logGet(46)) - raft.netty.dataStream.server.boss-group.size = 0 (default)
2023-08-31 18:21:17,175 [main] INFO  netty.NettyConfigKeys$DataStream (ConfUtils.java:logGet(46)) - raft.netty.dataStream.server.worker-group.size = 0 (default)
2023-08-31 18:21:17,175 [main] INFO  netty.NettyConfigKeys$DataStream (ConfUtils.java:logGet(46)) - raft.netty.dataStream.server.tls.conf = null (default)
2023-08-31 18:21:17,175 [main] INFO  netty.NettyConfigKeys$DataStream (ConfUtils.java:logGet(46)) - raft.netty.dataStream.host = null (default)
2023-08-31 18:21:17,175 [main] INFO  netty.NettyConfigKeys$DataStream (ConfUtils.java:logGet(46)) - raft.netty.dataStream.port = 15174 (custom)
2023-08-31 18:21:17,176 [main] INFO  server.RaftServerConfigKeys (ConfUtils.java:logGet(46)) - raft.server.threadpool.proxy.cached = true (default)
2023-08-31 18:21:17,176 [main] INFO  server.RaftServerConfigKeys (ConfUtils.java:logGet(46)) - raft.server.threadpool.proxy.size = 0 (default)
2023-08-31 18:21:17,176 [main] INFO  server.RaftServerConfigKeys (ConfUtils.java:logGet(46)) - raft.server.rpc.slowness.timeout = 300s (custom)
2023-08-31 18:21:17,177 [main] INFO  server.RaftServerConfigKeys (ConfUtils.java:logGet(46)) - raft.server.leaderelection.leader.step-down.wait-time = 10s (default)
2023-08-31 18:21:17,177 [main] INFO  server.RaftServerConfigKeys (ConfUtils.java:logGet(46)) - raft.server.storage.dir = [/home/runner/work/ozone/ozone/hadoop-ozone/integration-test/target/test-dir/MiniOzoneClusterImpl-2bd935e6-826e-4dca-83cf-32fa945e0037/datanode-0/data/ratis] (custom)
2023-08-31 18:21:17,177 [626d1c86-c74d-4c1d-990a-e37ed735d25b-NettyServerStreamRpc-bossGroup--thread1] INFO  logging.LoggingHandler (AbstractInternalLogger.java:log(148)) - [id: 0xc58ec457] REGISTERED
2023-08-31 18:21:17,178 [626d1c86-c74d-4c1d-990a-e37ed735d25b-NettyServerStreamRpc-bossGroup--thread1] INFO  logging.LoggingHandler (AbstractInternalLogger.java:log(148)) - [id: 0xc58ec457] BIND: 0.0.0.0/0.0.0.0:15174
2023-08-31 18:21:17,178 [626d1c86-c74d-4c1d-990a-e37ed735d25b-NettyServerStreamRpc-bossGroup--thread1] INFO  logging.LoggingHandler (AbstractInternalLogger.java:log(148)) - [id: 0xc58ec457, L:/0:0:0:0:0:0:0:0:15174] ACTIVE
2023-08-31 18:21:17,178 [626d1c86-c74d-4c1d-990a-e37ed735d25b-impl-thread1] INFO  server.RaftServer (RaftServerProxy.java:initGroupDir(258)) - 626d1c86-c74d-4c1d-990a-e37ed735d25b: found a subdirectory /home/runner/work/ozone/ozone/hadoop-ozone/integration-test/target/test-dir/MiniOzoneClusterImpl-2bd935e6-826e-4dca-83cf-32fa945e0037/datanode-0/data/ratis/tmp
2023-08-31 18:21:17,178 [626d1c86-c74d-4c1d-990a-e37ed735d25b-impl-thread1] INFO  server.RaftServer (RaftServerProxy.java:initGroupDir(263)) - 626d1c86-c74d-4c1d-990a-e37ed735d25b: The directory /home/runner/work/ozone/ozone/hadoop-ozone/integration-test/target/test-dir/MiniOzoneClusterImpl-2bd935e6-826e-4dca-83cf-32fa945e0037/datanode-0/data/ratis/tmp is not a group directory; ignoring it. 
2023-08-31 18:21:17,179 [main] INFO  replication.ReplicationServer (ReplicationServer.java:<init>(81)) - Initializing replication server with thread count = 10
2023-08-31 18:21:17,180 [main] INFO  server.XceiverServerGrpc (XceiverServerGrpc.java:<init>(132)) - GrpcServer channel type EpollServerSocketChannel
2023-08-31 18:21:17,182 [main] INFO  replication.ReplicationSupervisor (ReplicationSupervisor.java:build(155)) - Initializing replication supervisor with thread count = 10
2023-08-31 18:21:17,182 [main] INFO  replication.ReplicationSupervisor (ReplicationSupervisor.java:nodeStateUpdated(307)) - Node state updated to IN_SERVICE, scaling executor pool size to 10
2023-08-31 18:21:17,185 [main] INFO  http.BaseHttpServer (BaseHttpServer.java:newHttpServer2BuilderForOzone(223)) - Starting Web-server for hddsDatanode at: http://0.0.0.0:15168
2023-08-31 18:21:17,185 [main] INFO  http.BaseHttpServer (BaseHttpServer.java:<init>(110)) - Hadoop Security Enabled: false Ozone Security Enabled: false Ozone HTTP Security Enabled: false 
2023-08-31 18:21:17,186 [main] WARN  server.AuthenticationFilter (AuthenticationFilter.java:constructSecretProvider(240)) - Unable to initialize FileSignerSecretProvider, falling back to use random secrets. Reason: Could not read signature secret file: /home/runner/hadoop-http-auth-signature-secret
2023-08-31 18:21:17,187 [main] INFO  http.HttpRequestLog (HttpRequestLog.java:getRequestLog(86)) - Http request log for http.requests.hddsDatanode is not defined
2023-08-31 18:21:17,188 [main] INFO  http.HttpServer2 (HttpServer2.java:addGlobalFilter(1031)) - Added global filter 'safety' (class=org.apache.hadoop.hdds.server.http.HttpServer2$QuotingInputFilter)
2023-08-31 18:21:17,189 [main] INFO  http.HttpServer2 (HttpServer2.java:addFilter(1007)) - Added filter static_user_filter (class=org.apache.hadoop.http.lib.StaticUserWebFilter$StaticUserFilter) to context hddsDatanode
2023-08-31 18:21:17,189 [main] INFO  http.HttpServer2 (HttpServer2.java:addFilter(1015)) - Added filter static_user_filter (class=org.apache.hadoop.http.lib.StaticUserWebFilter$StaticUserFilter) to context logs
2023-08-31 18:21:17,189 [main] INFO  http.HttpServer2 (HttpServer2.java:addFilter(1015)) - Added filter static_user_filter (class=org.apache.hadoop.http.lib.StaticUserWebFilter$StaticUserFilter) to context static
2023-08-31 18:21:17,189 [main] INFO  http.BaseHttpServer (BaseHttpServer.java:<init>(189)) - HTTP server of hddsDatanode uses base directory /home/runner/work/ozone/ozone/hadoop-ozone/integration-test/target/test-dir/MiniOzoneClusterImpl-2bd935e6-826e-4dca-83cf-32fa945e0037/datanode-0/meta/webserver
2023-08-31 18:21:17,190 [main] INFO  http.HttpServer2 (HttpServer2.java:bindListener(1231)) - Jetty bound to port 15168
2023-08-31 18:21:17,190 [main] INFO  server.Server (Server.java:doStart(375)) - jetty-9.4.51.v20230217; built: 2023-02-17T08:19:37.309Z; git: b45c405e4544384de066f814ed42ae3dceacdd49; jvm 1.8.0_382-b05
2023-08-31 18:21:17,191 [main] INFO  server.session (DefaultSessionIdManager.java:doStart(334)) - DefaultSessionIdManager workerName=node0
2023-08-31 18:21:17,191 [main] INFO  server.session (DefaultSessionIdManager.java:doStart(339)) - No SessionScavenger set, using defaults
2023-08-31 18:21:17,191 [main] INFO  server.session (HouseKeeper.java:startScavenging(132)) - node0 Scavenging every 600000ms
2023-08-31 18:21:17,192 [main] INFO  handler.ContextHandler (ContextHandler.java:doStart(921)) - Started o.e.j.s.ServletContextHandler@dfaff72{logs,/logs,file:///home/runner/work/ozone/ozone/hadoop-ozone/integration-test/target/log,AVAILABLE}
2023-08-31 18:21:17,192 [main] INFO  handler.ContextHandler (ContextHandler.java:doStart(921)) - Started o.e.j.s.ServletContextHandler@6f08a190{static,/static,jar:file:/home/runner/.m2/repository/org/apache/ozone/hdds-container-service/1.4.0-SNAPSHOT/hdds-container-service-1.4.0-SNAPSHOT.jar!/webapps/static,AVAILABLE}
2023-08-31 18:21:17,426 [main] INFO  handler.ContextHandler (ContextHandler.java:doStart(921)) - Started o.e.j.w.WebAppContext@3ea223b2{hddsDatanode,/,file:///home/runner/work/ozone/ozone/hadoop-ozone/integration-test/target/test-dir/MiniOzoneClusterImpl-2bd935e6-826e-4dca-83cf-32fa945e0037/datanode-0/meta/webserver/jetty-0_0_0_0-15168-hdds-container-service-1_4_0-SNAPSHOT_jar-_-any-9070596426025086223/webapp/,AVAILABLE}{jar:file:/home/runner/.m2/repository/org/apache/ozone/hdds-container-service/1.4.0-SNAPSHOT/hdds-container-service-1.4.0-SNAPSHOT.jar!/webapps/hddsDatanode}
2023-08-31 18:21:17,428 [main] INFO  server.AbstractConnector (AbstractConnector.java:doStart(333)) - Started ServerConnector@5ed92e21{HTTP/1.1, (http/1.1)}{0.0.0.0:15168}
2023-08-31 18:21:17,428 [main] INFO  server.Server (Server.java:doStart(415)) - Started @288752ms
2023-08-31 18:21:17,428 [main] WARN  impl.MetricsSystemImpl (MetricsSystemImpl.java:register(279)) - Sink prometheus already exists!
2023-08-31 18:21:17,429 [main] INFO  http.BaseHttpServer (BaseHttpServer.java:updateConnectorAddress(354)) - HTTP server of hddsDatanode listening at http://0.0.0.0:15168
2023-08-31 18:21:17,429 [main] INFO  ipc.CallQueueManager (CallQueueManager.java:<init>(90)) - Using callQueue: class java.util.concurrent.LinkedBlockingQueue, queueCapacity: 100, scheduler: class org.apache.hadoop.ipc.DefaultRpcScheduler, ipcBackoff: false.
2023-08-31 18:21:17,429 [main] INFO  ipc.Server (Server.java:<init>(1287)) - Listener at 0.0.0.0:15169
2023-08-31 18:21:17,430 [Socket Reader #1 for port 15169] INFO  ipc.Server (Server.java:run(1323)) - Starting Socket Reader #1 for port 15169
2023-08-31 18:21:17,437 [main] INFO  ozone.HddsDatanodeService (HddsDatanodeService.java:start(315)) - Datanode start with admins: [runner]
2023-08-31 18:21:17,437 [main] INFO  ozone.HddsDatanodeClientProtocolServer (HddsDatanodeClientProtocolServer.java:start(72)) - RPC server for Client /0.0.0.0:15169
2023-08-31 18:21:17,437 [IPC Server Responder] INFO  ipc.Server (Server.java:run(1562)) - IPC Server Responder: starting
2023-08-31 18:21:17,437 [IPC Server listener on 15169] INFO  ipc.Server (Server.java:run(1402)) - IPC Server listener on 15169: starting
2023-08-31 18:21:17,438 [main] WARN  impl.MetricRegistriesImpl (MetricRegistriesImpl.java:addReporterRegistration(111)) - New reporters are added after registries were created. Some metrics will be missing from the reporter. Please add reporter before adding any new registry.
2023-08-31 18:21:17,438 [main] WARN  impl.MetricRegistriesImpl (MetricRegistriesImpl.java:addReporterRegistration(111)) - New reporters are added after registries were created. Some metrics will be missing from the reporter. Please add reporter before adding any new registry.
2023-08-31 18:21:17,438 [Datanode State Machine Daemon Thread] INFO  statemachine.DatanodeStateMachine (DatanodeStateMachine.java:lambda$startDaemon$0(538)) - Ozone container server started.
2023-08-31 18:21:17,439 [main] INFO  impl.MetricsSystemImpl (MetricsSystemImpl.java:init(158)) - HddsDatanode metrics system started (again)
2023-08-31 18:21:17,455 [Datanode State Machine Task Thread - 0] INFO  datanode.InitDatanodeState (InitDatanodeState.java:persistContainerDatanodeDetails(138)) - DatanodeDetails is persisted to /home/runner/work/ozone/ozone/hadoop-ozone/integration-test/target/test-dir/MiniOzoneClusterImpl-2bd935e6-826e-4dca-83cf-32fa945e0037/datanode-0/meta/datanode.id
2023-08-31 18:21:17,459 [main] INFO  ozone.HddsDatanodeService (HddsDatanodeService.java:start(237)) - HddsDatanodeService host:fv-az1129-899 ip:10.1.0.8
2023-08-31 18:21:17,494 [main] INFO  upgrade.AbstractLayoutVersionManager (AbstractLayoutVersionManager.java:init(83)) - Initializing Layout version manager with metadata layout = HADOOP_PRC_PORTS_IN_DATANODEDETAILS (version = 7), software layout = HADOOP_PRC_PORTS_IN_DATANODEDETAILS (version = 7)
2023-08-31 18:21:17,495 [main] INFO  statemachine.DatanodeStateMachine (DatanodeStateMachine.java:getEndPointTaskThreadPoolSize(282)) - Datanode State Machine Task Thread Pool size 2
2023-08-31 18:21:17,497 [main] INFO  volume.HddsVolume (HddsVolume.java:<init>(126)) - Creating HddsVolume: /home/runner/work/ozone/ozone/hadoop-ozone/integration-test/target/test-dir/MiniOzoneClusterImpl-2bd935e6-826e-4dca-83cf-32fa945e0037/datanode-1/data-0/containers/hdds of storage type : DISK capacity : 9223372036854775807
2023-08-31 18:21:17,497 [main] INFO  volume.MutableVolumeSet (MutableVolumeSet.java:initializeVolumeSet(173)) - Added Volume : /home/runner/work/ozone/ozone/hadoop-ozone/integration-test/target/test-dir/MiniOzoneClusterImpl-2bd935e6-826e-4dca-83cf-32fa945e0037/datanode-1/data-0/containers/hdds to VolumeSet
2023-08-31 18:21:17,498 [main] INFO  volume.MutableVolumeSet (MutableVolumeSet.java:initializeVolumeSet(173)) - Added Volume : /home/runner/work/ozone/ozone/hadoop-ozone/integration-test/target/test-dir/MiniOzoneClusterImpl-2bd935e6-826e-4dca-83cf-32fa945e0037/datanode-1/data/ratis to VolumeSet
2023-08-31 18:21:17,498 [Thread-1963] INFO  ozoneimpl.ContainerReader (ContainerReader.java:readVolume(177)) - Finish verifying containers on volume /home/runner/work/ozone/ozone/hadoop-ozone/integration-test/target/test-dir/MiniOzoneClusterImpl-2bd935e6-826e-4dca-83cf-32fa945e0037/datanode-1/data-0/containers/hdds
2023-08-31 18:21:17,498 [main] INFO  ozoneimpl.OzoneContainer (OzoneContainer.java:buildContainerSet(314)) - Build ContainerSet costs 0s
2023-08-31 18:21:17,500 [main] INFO  server.RaftServer (ConfUtils.java:logGet(46)) - raft.rpc.type = GRPC (default)
2023-08-31 18:21:17,501 [main] INFO  grpc.GrpcConfigKeys (ConfUtils.java:logFallback(53)) - raft.grpc.admin.host = null (fallback to raft.grpc.server.host)
2023-08-31 18:21:17,501 [main] INFO  grpc.GrpcConfigKeys (ConfUtils.java:logGet(46)) - raft.grpc.admin.port = 15181 (custom)
2023-08-31 18:21:17,501 [main] INFO  grpc.GrpcConfigKeys (ConfUtils.java:logFallback(53)) - raft.grpc.client.host = null (fallback to raft.grpc.server.host)
2023-08-31 18:21:17,501 [main] INFO  grpc.GrpcConfigKeys (ConfUtils.java:logGet(46)) - raft.grpc.client.port = 15180 (custom)
2023-08-31 18:21:17,501 [main] INFO  grpc.GrpcConfigKeys (ConfUtils.java:logGet(46)) - raft.grpc.server.host = null (default)
2023-08-31 18:21:17,501 [main] INFO  grpc.GrpcConfigKeys (ConfUtils.java:logGet(46)) - raft.grpc.server.port = 15182 (custom)
2023-08-31 18:21:17,502 [main] INFO  server.GrpcService (ConfUtils.java:logGet(46)) - raft.grpc.message.size.max = 32MB (=33554432) (custom)
2023-08-31 18:21:17,502 [main] INFO  server.RaftServerConfigKeys (ConfUtils.java:logGet(46)) - raft.server.log.appender.buffer.byte-limit = 33554432 (custom)
2023-08-31 18:21:17,502 [main] INFO  server.GrpcService (ConfUtils.java:logGet(46)) - raft.grpc.flow.control.window = 5MB (=5242880) (custom)
2023-08-31 18:21:17,502 [main] INFO  server.RaftServerConfigKeys (ConfUtils.java:logGet(46)) - raft.server.rpc.request.timeout = 60s (custom)
2023-08-31 18:21:17,502 [main] INFO  grpc.GrpcConfigKeys (ConfUtils.java:logGet(46)) - raft.grpc.server.heartbeat.channel = true (default)
2023-08-31 18:21:17,502 [main] INFO  grpc.GrpcConfigKeys (ConfUtils.java:logGet(46)) - raft.grpc.server.async.request.thread.pool.cached = true (default)
2023-08-31 18:21:17,502 [main] INFO  grpc.GrpcConfigKeys (ConfUtils.java:logGet(46)) - raft.grpc.server.async.request.thread.pool.size = 32 (default)
2023-08-31 18:21:17,505 [main] INFO  impl.DataStreamServerImpl (ConfUtils.java:logGet(46)) - raft.datastream.type = NETTY (custom)
2023-08-31 18:21:17,506 [main] INFO  server.RaftServerConfigKeys (ConfUtils.java:logGet(46)) - raft.server.data-stream.async.request.thread.pool.cached = false (default)
2023-08-31 18:21:17,506 [main] INFO  server.RaftServerConfigKeys (ConfUtils.java:logGet(46)) - raft.server.data-stream.async.request.thread.pool.size = 20 (custom)
2023-08-31 18:21:17,506 [main] INFO  server.RaftServerConfigKeys (ConfUtils.java:logGet(46)) - raft.server.data-stream.async.write.thread.pool.size = 16 (default)
2023-08-31 18:21:17,506 [main] INFO  server.RaftServerConfigKeys (ConfUtils.java:logGet(46)) - raft.server.data-stream.client.pool.size = 10 (default)
2023-08-31 18:21:17,506 [main] INFO  netty.NettyConfigKeys$DataStream (ConfUtils.java:logGet(46)) - raft.netty.dataStream.server.use-epoll = false (default)
2023-08-31 18:21:17,506 [main] INFO  netty.NettyConfigKeys$DataStream (ConfUtils.java:logGet(46)) - raft.netty.dataStream.server.boss-group.size = 0 (default)
2023-08-31 18:21:17,507 [main] INFO  netty.NettyConfigKeys$DataStream (ConfUtils.java:logGet(46)) - raft.netty.dataStream.server.worker-group.size = 0 (default)
2023-08-31 18:21:17,507 [main] INFO  netty.NettyConfigKeys$DataStream (ConfUtils.java:logGet(46)) - raft.netty.dataStream.server.tls.conf = null (default)
2023-08-31 18:21:17,508 [main] INFO  netty.NettyConfigKeys$DataStream (ConfUtils.java:logGet(46)) - raft.netty.dataStream.host = null (default)
2023-08-31 18:21:17,508 [main] INFO  netty.NettyConfigKeys$DataStream (ConfUtils.java:logGet(46)) - raft.netty.dataStream.port = 15183 (custom)
2023-08-31 18:21:17,508 [main] INFO  server.RaftServerConfigKeys (ConfUtils.java:logGet(46)) - raft.server.threadpool.proxy.cached = true (default)
2023-08-31 18:21:17,508 [main] INFO  server.RaftServerConfigKeys (ConfUtils.java:logGet(46)) - raft.server.threadpool.proxy.size = 0 (default)
2023-08-31 18:21:17,510 [main] INFO  server.RaftServerConfigKeys (ConfUtils.java:logGet(46)) - raft.server.rpc.slowness.timeout = 300s (custom)
2023-08-31 18:21:17,508 [960d1597-fbff-49c3-85b3-41c3f78a7ab6-NettyServerStreamRpc-bossGroup--thread1] INFO  logging.LoggingHandler (AbstractInternalLogger.java:log(148)) - [id: 0x21031342] REGISTERED
2023-08-31 18:21:17,511 [main] INFO  server.RaftServerConfigKeys (ConfUtils.java:logGet(46)) - raft.server.leaderelection.leader.step-down.wait-time = 10s (default)
2023-08-31 18:21:17,511 [960d1597-fbff-49c3-85b3-41c3f78a7ab6-NettyServerStreamRpc-bossGroup--thread1] INFO  logging.LoggingHandler (AbstractInternalLogger.java:log(148)) - [id: 0x21031342] BIND: 0.0.0.0/0.0.0.0:15183
2023-08-31 18:21:17,511 [main] INFO  server.RaftServerConfigKeys (ConfUtils.java:logGet(46)) - raft.server.storage.dir = [/home/runner/work/ozone/ozone/hadoop-ozone/integration-test/target/test-dir/MiniOzoneClusterImpl-2bd935e6-826e-4dca-83cf-32fa945e0037/datanode-1/data/ratis] (custom)
2023-08-31 18:21:17,511 [960d1597-fbff-49c3-85b3-41c3f78a7ab6-NettyServerStreamRpc-bossGroup--thread1] INFO  logging.LoggingHandler (AbstractInternalLogger.java:log(148)) - [id: 0x21031342, L:/0:0:0:0:0:0:0:0:15183] ACTIVE
2023-08-31 18:21:17,511 [960d1597-fbff-49c3-85b3-41c3f78a7ab6-impl-thread1] INFO  server.RaftServer (RaftServerProxy.java:initGroupDir(258)) - 960d1597-fbff-49c3-85b3-41c3f78a7ab6: found a subdirectory /home/runner/work/ozone/ozone/hadoop-ozone/integration-test/target/test-dir/MiniOzoneClusterImpl-2bd935e6-826e-4dca-83cf-32fa945e0037/datanode-1/data/ratis/tmp
2023-08-31 18:21:17,512 [960d1597-fbff-49c3-85b3-41c3f78a7ab6-impl-thread1] INFO  server.RaftServer (RaftServerProxy.java:initGroupDir(263)) - 960d1597-fbff-49c3-85b3-41c3f78a7ab6: The directory /home/runner/work/ozone/ozone/hadoop-ozone/integration-test/target/test-dir/MiniOzoneClusterImpl-2bd935e6-826e-4dca-83cf-32fa945e0037/datanode-1/data/ratis/tmp is not a group directory; ignoring it. 
2023-08-31 18:21:17,512 [main] INFO  replication.ReplicationServer (ReplicationServer.java:<init>(81)) - Initializing replication server with thread count = 10
2023-08-31 18:21:17,513 [main] INFO  server.XceiverServerGrpc (XceiverServerGrpc.java:<init>(132)) - GrpcServer channel type EpollServerSocketChannel
2023-08-31 18:21:17,518 [main] INFO  replication.ReplicationSupervisor (ReplicationSupervisor.java:build(155)) - Initializing replication supervisor with thread count = 10
2023-08-31 18:21:17,518 [main] INFO  replication.ReplicationSupervisor (ReplicationSupervisor.java:nodeStateUpdated(307)) - Node state updated to IN_SERVICE, scaling executor pool size to 10
2023-08-31 18:21:17,525 [main] INFO  http.BaseHttpServer (BaseHttpServer.java:newHttpServer2BuilderForOzone(223)) - Starting Web-server for hddsDatanode at: http://0.0.0.0:15177
2023-08-31 18:21:17,525 [main] INFO  http.BaseHttpServer (BaseHttpServer.java:<init>(110)) - Hadoop Security Enabled: false Ozone Security Enabled: false Ozone HTTP Security Enabled: false 
2023-08-31 18:21:17,526 [main] WARN  server.AuthenticationFilter (AuthenticationFilter.java:constructSecretProvider(240)) - Unable to initialize FileSignerSecretProvider, falling back to use random secrets. Reason: Could not read signature secret file: /home/runner/hadoop-http-auth-signature-secret
2023-08-31 18:21:17,527 [main] INFO  http.HttpRequestLog (HttpRequestLog.java:getRequestLog(86)) - Http request log for http.requests.hddsDatanode is not defined
2023-08-31 18:21:17,528 [main] INFO  http.HttpServer2 (HttpServer2.java:addGlobalFilter(1031)) - Added global filter 'safety' (class=org.apache.hadoop.hdds.server.http.HttpServer2$QuotingInputFilter)
2023-08-31 18:21:17,529 [main] INFO  http.HttpServer2 (HttpServer2.java:addFilter(1007)) - Added filter static_user_filter (class=org.apache.hadoop.http.lib.StaticUserWebFilter$StaticUserFilter) to context hddsDatanode
2023-08-31 18:21:17,529 [main] INFO  http.HttpServer2 (HttpServer2.java:addFilter(1015)) - Added filter static_user_filter (class=org.apache.hadoop.http.lib.StaticUserWebFilter$StaticUserFilter) to context logs
2023-08-31 18:21:17,529 [main] INFO  http.HttpServer2 (HttpServer2.java:addFilter(1015)) - Added filter static_user_filter (class=org.apache.hadoop.http.lib.StaticUserWebFilter$StaticUserFilter) to context static
2023-08-31 18:21:17,530 [main] INFO  http.BaseHttpServer (BaseHttpServer.java:<init>(189)) - HTTP server of hddsDatanode uses base directory /home/runner/work/ozone/ozone/hadoop-ozone/integration-test/target/test-dir/MiniOzoneClusterImpl-2bd935e6-826e-4dca-83cf-32fa945e0037/datanode-1/meta/webserver
2023-08-31 18:21:17,532 [main] INFO  http.HttpServer2 (HttpServer2.java:bindListener(1231)) - Jetty bound to port 15177
2023-08-31 18:21:17,532 [main] INFO  server.Server (Server.java:doStart(375)) - jetty-9.4.51.v20230217; built: 2023-02-17T08:19:37.309Z; git: b45c405e4544384de066f814ed42ae3dceacdd49; jvm 1.8.0_382-b05
2023-08-31 18:21:17,533 [main] INFO  server.session (DefaultSessionIdManager.java:doStart(334)) - DefaultSessionIdManager workerName=node0
2023-08-31 18:21:17,534 [main] INFO  server.session (DefaultSessionIdManager.java:doStart(339)) - No SessionScavenger set, using defaults
2023-08-31 18:21:17,534 [main] INFO  server.session (HouseKeeper.java:startScavenging(132)) - node0 Scavenging every 660000ms
2023-08-31 18:21:17,535 [main] INFO  handler.ContextHandler (ContextHandler.java:doStart(921)) - Started o.e.j.s.ServletContextHandler@495d04a7{logs,/logs,file:///home/runner/work/ozone/ozone/hadoop-ozone/integration-test/target/log,AVAILABLE}
2023-08-31 18:21:17,535 [main] INFO  handler.ContextHandler (ContextHandler.java:doStart(921)) - Started o.e.j.s.ServletContextHandler@2ffb1f37{static,/static,jar:file:/home/runner/.m2/repository/org/apache/ozone/hdds-container-service/1.4.0-SNAPSHOT/hdds-container-service-1.4.0-SNAPSHOT.jar!/webapps/static,AVAILABLE}
2023-08-31 18:21:17,768 [main] INFO  handler.ContextHandler (ContextHandler.java:doStart(921)) - Started o.e.j.w.WebAppContext@2421e195{hddsDatanode,/,file:///home/runner/work/ozone/ozone/hadoop-ozone/integration-test/target/test-dir/MiniOzoneClusterImpl-2bd935e6-826e-4dca-83cf-32fa945e0037/datanode-1/meta/webserver/jetty-0_0_0_0-15177-hdds-container-service-1_4_0-SNAPSHOT_jar-_-any-2745589495274830114/webapp/,AVAILABLE}{jar:file:/home/runner/.m2/repository/org/apache/ozone/hdds-container-service/1.4.0-SNAPSHOT/hdds-container-service-1.4.0-SNAPSHOT.jar!/webapps/hddsDatanode}
2023-08-31 18:21:17,770 [main] INFO  server.AbstractConnector (AbstractConnector.java:doStart(333)) - Started ServerConnector@49822344{HTTP/1.1, (http/1.1)}{0.0.0.0:15177}
2023-08-31 18:21:17,770 [main] INFO  server.Server (Server.java:doStart(415)) - Started @289095ms
2023-08-31 18:21:17,770 [main] WARN  impl.MetricsSystemImpl (MetricsSystemImpl.java:register(279)) - Sink prometheus already exists!
2023-08-31 18:21:17,771 [main] INFO  http.BaseHttpServer (BaseHttpServer.java:updateConnectorAddress(354)) - HTTP server of hddsDatanode listening at http://0.0.0.0:15177
2023-08-31 18:21:17,772 [main] INFO  ipc.CallQueueManager (CallQueueManager.java:<init>(90)) - Using callQueue: class java.util.concurrent.LinkedBlockingQueue, queueCapacity: 100, scheduler: class org.apache.hadoop.ipc.DefaultRpcScheduler, ipcBackoff: false.
2023-08-31 18:21:17,772 [main] INFO  ipc.Server (Server.java:<init>(1287)) - Listener at 0.0.0.0:15178
2023-08-31 18:21:17,773 [Socket Reader #1 for port 15178] INFO  ipc.Server (Server.java:run(1323)) - Starting Socket Reader #1 for port 15178
2023-08-31 18:21:17,778 [main] INFO  ozone.HddsDatanodeService (HddsDatanodeService.java:start(315)) - Datanode start with admins: [runner]
2023-08-31 18:21:17,778 [main] INFO  ozone.HddsDatanodeClientProtocolServer (HddsDatanodeClientProtocolServer.java:start(72)) - RPC server for Client /0.0.0.0:15178
2023-08-31 18:21:17,778 [IPC Server Responder] INFO  ipc.Server (Server.java:run(1562)) - IPC Server Responder: starting
2023-08-31 18:21:17,778 [IPC Server listener on 15178] INFO  ipc.Server (Server.java:run(1402)) - IPC Server listener on 15178: starting
2023-08-31 18:21:17,779 [Datanode State Machine Daemon Thread] INFO  statemachine.DatanodeStateMachine (DatanodeStateMachine.java:lambda$startDaemon$0(538)) - Ozone container server started.
2023-08-31 18:21:17,779 [main] WARN  impl.MetricRegistriesImpl (MetricRegistriesImpl.java:addReporterRegistration(111)) - New reporters are added after registries were created. Some metrics will be missing from the reporter. Please add reporter before adding any new registry.
2023-08-31 18:21:17,779 [main] WARN  impl.MetricRegistriesImpl (MetricRegistriesImpl.java:addReporterRegistration(111)) - New reporters are added after registries were created. Some metrics will be missing from the reporter. Please add reporter before adding any new registry.
2023-08-31 18:21:17,779 [main] INFO  impl.MetricsSystemImpl (MetricsSystemImpl.java:init(158)) - HddsDatanode metrics system started (again)
2023-08-31 18:21:17,805 [main] INFO  ozone.HddsDatanodeService (HddsDatanodeService.java:start(237)) - HddsDatanodeService host:fv-az1129-899 ip:10.1.0.8
2023-08-31 18:21:17,813 [Datanode State Machine Task Thread - 0] INFO  datanode.InitDatanodeState (InitDatanodeState.java:persistContainerDatanodeDetails(138)) - DatanodeDetails is persisted to /home/runner/work/ozone/ozone/hadoop-ozone/integration-test/target/test-dir/MiniOzoneClusterImpl-2bd935e6-826e-4dca-83cf-32fa945e0037/datanode-1/meta/datanode.id
2023-08-31 18:21:17,839 [main] INFO  upgrade.AbstractLayoutVersionManager (AbstractLayoutVersionManager.java:init(83)) - Initializing Layout version manager with metadata layout = HADOOP_PRC_PORTS_IN_DATANODEDETAILS (version = 7), software layout = HADOOP_PRC_PORTS_IN_DATANODEDETAILS (version = 7)
2023-08-31 18:21:17,841 [main] INFO  statemachine.DatanodeStateMachine (DatanodeStateMachine.java:getEndPointTaskThreadPoolSize(282)) - Datanode State Machine Task Thread Pool size 2
2023-08-31 18:21:17,842 [main] INFO  volume.HddsVolume (HddsVolume.java:<init>(126)) - Creating HddsVolume: /home/runner/work/ozone/ozone/hadoop-ozone/integration-test/target/test-dir/MiniOzoneClusterImpl-2bd935e6-826e-4dca-83cf-32fa945e0037/datanode-2/data-0/containers/hdds of storage type : DISK capacity : 9223372036854775807
2023-08-31 18:21:17,842 [main] INFO  volume.MutableVolumeSet (MutableVolumeSet.java:initializeVolumeSet(173)) - Added Volume : /home/runner/work/ozone/ozone/hadoop-ozone/integration-test/target/test-dir/MiniOzoneClusterImpl-2bd935e6-826e-4dca-83cf-32fa945e0037/datanode-2/data-0/containers/hdds to VolumeSet
2023-08-31 18:21:17,843 [main] INFO  volume.MutableVolumeSet (MutableVolumeSet.java:initializeVolumeSet(173)) - Added Volume : /home/runner/work/ozone/ozone/hadoop-ozone/integration-test/target/test-dir/MiniOzoneClusterImpl-2bd935e6-826e-4dca-83cf-32fa945e0037/datanode-2/data/ratis to VolumeSet
2023-08-31 18:21:17,846 [Thread-1980] INFO  ozoneimpl.ContainerReader (ContainerReader.java:readVolume(177)) - Finish verifying containers on volume /home/runner/work/ozone/ozone/hadoop-ozone/integration-test/target/test-dir/MiniOzoneClusterImpl-2bd935e6-826e-4dca-83cf-32fa945e0037/datanode-2/data-0/containers/hdds
2023-08-31 18:21:17,846 [main] INFO  ozoneimpl.OzoneContainer (OzoneContainer.java:buildContainerSet(314)) - Build ContainerSet costs 0s
2023-08-31 18:21:17,849 [main] INFO  server.RaftServer (ConfUtils.java:logGet(46)) - raft.rpc.type = GRPC (default)
2023-08-31 18:21:17,849 [main] INFO  grpc.GrpcConfigKeys (ConfUtils.java:logFallback(53)) - raft.grpc.admin.host = null (fallback to raft.grpc.server.host)
2023-08-31 18:21:17,850 [main] INFO  grpc.GrpcConfigKeys (ConfUtils.java:logGet(46)) - raft.grpc.admin.port = 15190 (custom)
2023-08-31 18:21:17,850 [main] INFO  grpc.GrpcConfigKeys (ConfUtils.java:logFallback(53)) - raft.grpc.client.host = null (fallback to raft.grpc.server.host)
2023-08-31 18:21:17,850 [main] INFO  grpc.GrpcConfigKeys (ConfUtils.java:logGet(46)) - raft.grpc.client.port = 15189 (custom)
2023-08-31 18:21:17,850 [main] INFO  grpc.GrpcConfigKeys (ConfUtils.java:logGet(46)) - raft.grpc.server.host = null (default)
2023-08-31 18:21:17,850 [main] INFO  grpc.GrpcConfigKeys (ConfUtils.java:logGet(46)) - raft.grpc.server.port = 15191 (custom)
2023-08-31 18:21:17,850 [main] INFO  server.GrpcService (ConfUtils.java:logGet(46)) - raft.grpc.message.size.max = 32MB (=33554432) (custom)
2023-08-31 18:21:17,851 [main] INFO  server.RaftServerConfigKeys (ConfUtils.java:logGet(46)) - raft.server.log.appender.buffer.byte-limit = 33554432 (custom)
2023-08-31 18:21:17,851 [main] INFO  server.GrpcService (ConfUtils.java:logGet(46)) - raft.grpc.flow.control.window = 5MB (=5242880) (custom)
2023-08-31 18:21:17,851 [main] INFO  server.RaftServerConfigKeys (ConfUtils.java:logGet(46)) - raft.server.rpc.request.timeout = 60s (custom)
2023-08-31 18:21:17,851 [main] INFO  grpc.GrpcConfigKeys (ConfUtils.java:logGet(46)) - raft.grpc.server.heartbeat.channel = true (default)
2023-08-31 18:21:17,851 [main] INFO  grpc.GrpcConfigKeys (ConfUtils.java:logGet(46)) - raft.grpc.server.async.request.thread.pool.cached = true (default)
2023-08-31 18:21:17,851 [main] INFO  grpc.GrpcConfigKeys (ConfUtils.java:logGet(46)) - raft.grpc.server.async.request.thread.pool.size = 32 (default)
2023-08-31 18:21:17,854 [main] INFO  impl.DataStreamServerImpl (ConfUtils.java:logGet(46)) - raft.datastream.type = NETTY (custom)
2023-08-31 18:21:17,855 [main] INFO  server.RaftServerConfigKeys (ConfUtils.java:logGet(46)) - raft.server.data-stream.async.request.thread.pool.cached = false (default)
2023-08-31 18:21:17,855 [main] INFO  server.RaftServerConfigKeys (ConfUtils.java:logGet(46)) - raft.server.data-stream.async.request.thread.pool.size = 20 (custom)
2023-08-31 18:21:17,855 [main] INFO  server.RaftServerConfigKeys (ConfUtils.java:logGet(46)) - raft.server.data-stream.async.write.thread.pool.size = 16 (default)
2023-08-31 18:21:17,855 [main] INFO  server.RaftServerConfigKeys (ConfUtils.java:logGet(46)) - raft.server.data-stream.client.pool.size = 10 (default)
2023-08-31 18:21:17,856 [main] INFO  netty.NettyConfigKeys$DataStream (ConfUtils.java:logGet(46)) - raft.netty.dataStream.server.use-epoll = false (default)
2023-08-31 18:21:17,856 [main] INFO  netty.NettyConfigKeys$DataStream (ConfUtils.java:logGet(46)) - raft.netty.dataStream.server.boss-group.size = 0 (default)
2023-08-31 18:21:17,856 [main] INFO  netty.NettyConfigKeys$DataStream (ConfUtils.java:logGet(46)) - raft.netty.dataStream.server.worker-group.size = 0 (default)
2023-08-31 18:21:17,857 [main] INFO  netty.NettyConfigKeys$DataStream (ConfUtils.java:logGet(46)) - raft.netty.dataStream.server.tls.conf = null (default)
2023-08-31 18:21:17,857 [main] INFO  netty.NettyConfigKeys$DataStream (ConfUtils.java:logGet(46)) - raft.netty.dataStream.host = null (default)
2023-08-31 18:21:17,857 [main] INFO  netty.NettyConfigKeys$DataStream (ConfUtils.java:logGet(46)) - raft.netty.dataStream.port = 15192 (custom)
2023-08-31 18:21:17,857 [main] INFO  server.RaftServerConfigKeys (ConfUtils.java:logGet(46)) - raft.server.threadpool.proxy.cached = true (default)
2023-08-31 18:21:17,858 [main] INFO  server.RaftServerConfigKeys (ConfUtils.java:logGet(46)) - raft.server.threadpool.proxy.size = 0 (default)
2023-08-31 18:21:17,858 [1126cc3a-7ff0-4671-a31f-fd81ce02ef68-NettyServerStreamRpc-bossGroup--thread1] INFO  logging.LoggingHandler (AbstractInternalLogger.java:log(148)) - [id: 0x929442cc] REGISTERED
2023-08-31 18:21:17,858 [main] INFO  server.RaftServerConfigKeys (ConfUtils.java:logGet(46)) - raft.server.rpc.slowness.timeout = 300s (custom)
2023-08-31 18:21:17,858 [1126cc3a-7ff0-4671-a31f-fd81ce02ef68-NettyServerStreamRpc-bossGroup--thread1] INFO  logging.LoggingHandler (AbstractInternalLogger.java:log(148)) - [id: 0x929442cc] BIND: 0.0.0.0/0.0.0.0:15192
2023-08-31 18:21:17,858 [main] INFO  server.RaftServerConfigKeys (ConfUtils.java:logGet(46)) - raft.server.leaderelection.leader.step-down.wait-time = 10s (default)
2023-08-31 18:21:17,858 [1126cc3a-7ff0-4671-a31f-fd81ce02ef68-NettyServerStreamRpc-bossGroup--thread1] INFO  logging.LoggingHandler (AbstractInternalLogger.java:log(148)) - [id: 0x929442cc, L:/0:0:0:0:0:0:0:0:15192] ACTIVE
2023-08-31 18:21:17,859 [main] INFO  server.RaftServerConfigKeys (ConfUtils.java:logGet(46)) - raft.server.storage.dir = [/home/runner/work/ozone/ozone/hadoop-ozone/integration-test/target/test-dir/MiniOzoneClusterImpl-2bd935e6-826e-4dca-83cf-32fa945e0037/datanode-2/data/ratis] (custom)
2023-08-31 18:21:17,859 [1126cc3a-7ff0-4671-a31f-fd81ce02ef68-impl-thread1] INFO  server.RaftServer (RaftServerProxy.java:initGroupDir(258)) - 1126cc3a-7ff0-4671-a31f-fd81ce02ef68: found a subdirectory /home/runner/work/ozone/ozone/hadoop-ozone/integration-test/target/test-dir/MiniOzoneClusterImpl-2bd935e6-826e-4dca-83cf-32fa945e0037/datanode-2/data/ratis/tmp
2023-08-31 18:21:17,859 [1126cc3a-7ff0-4671-a31f-fd81ce02ef68-impl-thread1] INFO  server.RaftServer (RaftServerProxy.java:initGroupDir(263)) - 1126cc3a-7ff0-4671-a31f-fd81ce02ef68: The directory /home/runner/work/ozone/ozone/hadoop-ozone/integration-test/target/test-dir/MiniOzoneClusterImpl-2bd935e6-826e-4dca-83cf-32fa945e0037/datanode-2/data/ratis/tmp is not a group directory; ignoring it. 
2023-08-31 18:21:17,860 [main] INFO  replication.ReplicationServer (ReplicationServer.java:<init>(81)) - Initializing replication server with thread count = 10
2023-08-31 18:21:17,861 [main] INFO  server.XceiverServerGrpc (XceiverServerGrpc.java:<init>(132)) - GrpcServer channel type EpollServerSocketChannel
2023-08-31 18:21:17,863 [main] INFO  replication.ReplicationSupervisor (ReplicationSupervisor.java:build(155)) - Initializing replication supervisor with thread count = 10
2023-08-31 18:21:17,863 [main] INFO  replication.ReplicationSupervisor (ReplicationSupervisor.java:nodeStateUpdated(307)) - Node state updated to IN_SERVICE, scaling executor pool size to 10
2023-08-31 18:21:17,865 [main] INFO  http.BaseHttpServer (BaseHttpServer.java:newHttpServer2BuilderForOzone(223)) - Starting Web-server for hddsDatanode at: http://0.0.0.0:15186
2023-08-31 18:21:17,866 [main] INFO  http.BaseHttpServer (BaseHttpServer.java:<init>(110)) - Hadoop Security Enabled: false Ozone Security Enabled: false Ozone HTTP Security Enabled: false 
2023-08-31 18:21:17,867 [main] WARN  server.AuthenticationFilter (AuthenticationFilter.java:constructSecretProvider(240)) - Unable to initialize FileSignerSecretProvider, falling back to use random secrets. Reason: Could not read signature secret file: /home/runner/hadoop-http-auth-signature-secret
2023-08-31 18:21:17,867 [main] INFO  http.HttpRequestLog (HttpRequestLog.java:getRequestLog(86)) - Http request log for http.requests.hddsDatanode is not defined
2023-08-31 18:21:17,868 [main] INFO  http.HttpServer2 (HttpServer2.java:addGlobalFilter(1031)) - Added global filter 'safety' (class=org.apache.hadoop.hdds.server.http.HttpServer2$QuotingInputFilter)
2023-08-31 18:21:17,869 [main] INFO  http.HttpServer2 (HttpServer2.java:addFilter(1007)) - Added filter static_user_filter (class=org.apache.hadoop.http.lib.StaticUserWebFilter$StaticUserFilter) to context hddsDatanode
2023-08-31 18:21:17,869 [main] INFO  http.HttpServer2 (HttpServer2.java:addFilter(1015)) - Added filter static_user_filter (class=org.apache.hadoop.http.lib.StaticUserWebFilter$StaticUserFilter) to context logs
2023-08-31 18:21:17,869 [main] INFO  http.HttpServer2 (HttpServer2.java:addFilter(1015)) - Added filter static_user_filter (class=org.apache.hadoop.http.lib.StaticUserWebFilter$StaticUserFilter) to context static
2023-08-31 18:21:17,870 [main] INFO  http.BaseHttpServer (BaseHttpServer.java:<init>(189)) - HTTP server of hddsDatanode uses base directory /home/runner/work/ozone/ozone/hadoop-ozone/integration-test/target/test-dir/MiniOzoneClusterImpl-2bd935e6-826e-4dca-83cf-32fa945e0037/datanode-2/meta/webserver
2023-08-31 18:21:17,870 [main] INFO  http.HttpServer2 (HttpServer2.java:bindListener(1231)) - Jetty bound to port 15186
2023-08-31 18:21:17,870 [main] INFO  server.Server (Server.java:doStart(375)) - jetty-9.4.51.v20230217; built: 2023-02-17T08:19:37.309Z; git: b45c405e4544384de066f814ed42ae3dceacdd49; jvm 1.8.0_382-b05
2023-08-31 18:21:17,882 [main] INFO  server.session (DefaultSessionIdManager.java:doStart(334)) - DefaultSessionIdManager workerName=node0
2023-08-31 18:21:17,883 [main] INFO  server.session (DefaultSessionIdManager.java:doStart(339)) - No SessionScavenger set, using defaults
2023-08-31 18:21:17,883 [main] INFO  server.session (HouseKeeper.java:startScavenging(132)) - node0 Scavenging every 600000ms
2023-08-31 18:21:17,884 [main] INFO  handler.ContextHandler (ContextHandler.java:doStart(921)) - Started o.e.j.s.ServletContextHandler@171301f{logs,/logs,file:///home/runner/work/ozone/ozone/hadoop-ozone/integration-test/target/log,AVAILABLE}
2023-08-31 18:21:17,884 [main] INFO  handler.ContextHandler (ContextHandler.java:doStart(921)) - Started o.e.j.s.ServletContextHandler@28f79619{static,/static,jar:file:/home/runner/.m2/repository/org/apache/ozone/hdds-container-service/1.4.0-SNAPSHOT/hdds-container-service-1.4.0-SNAPSHOT.jar!/webapps/static,AVAILABLE}
2023-08-31 18:21:18,131 [main] INFO  handler.ContextHandler (ContextHandler.java:doStart(921)) - Started o.e.j.w.WebAppContext@18c30851{hddsDatanode,/,file:///home/runner/work/ozone/ozone/hadoop-ozone/integration-test/target/test-dir/MiniOzoneClusterImpl-2bd935e6-826e-4dca-83cf-32fa945e0037/datanode-2/meta/webserver/jetty-0_0_0_0-15186-hdds-container-service-1_4_0-SNAPSHOT_jar-_-any-8147743801567752548/webapp/,AVAILABLE}{jar:file:/home/runner/.m2/repository/org/apache/ozone/hdds-container-service/1.4.0-SNAPSHOT/hdds-container-service-1.4.0-SNAPSHOT.jar!/webapps/hddsDatanode}
2023-08-31 18:21:18,133 [main] INFO  server.AbstractConnector (AbstractConnector.java:doStart(333)) - Started ServerConnector@2aaa0bf1{HTTP/1.1, (http/1.1)}{0.0.0.0:15186}
2023-08-31 18:21:18,133 [main] INFO  server.Server (Server.java:doStart(415)) - Started @289458ms
2023-08-31 18:21:18,134 [main] WARN  impl.MetricsSystemImpl (MetricsSystemImpl.java:register(279)) - Sink prometheus already exists!
2023-08-31 18:21:18,135 [main] INFO  http.BaseHttpServer (BaseHttpServer.java:updateConnectorAddress(354)) - HTTP server of hddsDatanode listening at http://0.0.0.0:15186
2023-08-31 18:21:18,135 [main] INFO  ipc.CallQueueManager (CallQueueManager.java:<init>(90)) - Using callQueue: class java.util.concurrent.LinkedBlockingQueue, queueCapacity: 100, scheduler: class org.apache.hadoop.ipc.DefaultRpcScheduler, ipcBackoff: false.
2023-08-31 18:21:18,135 [main] INFO  ipc.Server (Server.java:<init>(1287)) - Listener at 0.0.0.0:15187
2023-08-31 18:21:18,136 [Socket Reader #1 for port 15187] INFO  ipc.Server (Server.java:run(1323)) - Starting Socket Reader #1 for port 15187
2023-08-31 18:21:18,141 [main] INFO  ozone.HddsDatanodeService (HddsDatanodeService.java:start(315)) - Datanode start with admins: [runner]
2023-08-31 18:21:18,141 [main] INFO  ozone.HddsDatanodeClientProtocolServer (HddsDatanodeClientProtocolServer.java:start(72)) - RPC server for Client /0.0.0.0:15187
2023-08-31 18:21:18,142 [IPC Server Responder] INFO  ipc.Server (Server.java:run(1562)) - IPC Server Responder: starting
2023-08-31 18:21:18,142 [IPC Server listener on 15187] INFO  ipc.Server (Server.java:run(1402)) - IPC Server listener on 15187: starting
2023-08-31 18:21:18,146 [main] WARN  impl.MetricRegistriesImpl (MetricRegistriesImpl.java:addReporterRegistration(111)) - New reporters are added after registries were created. Some metrics will be missing from the reporter. Please add reporter before adding any new registry.
2023-08-31 18:21:18,146 [main] WARN  impl.MetricRegistriesImpl (MetricRegistriesImpl.java:addReporterRegistration(111)) - New reporters are added after registries were created. Some metrics will be missing from the reporter. Please add reporter before adding any new registry.
2023-08-31 18:21:18,146 [main] INFO  impl.MetricsSystemImpl (MetricsSystemImpl.java:init(158)) - HddsDatanode metrics system started (again)
2023-08-31 18:21:18,147 [Datanode State Machine Daemon Thread] INFO  statemachine.DatanodeStateMachine (DatanodeStateMachine.java:lambda$startDaemon$0(538)) - Ozone container server started.
2023-08-31 18:21:18,153 [Datanode State Machine Task Thread - 0] INFO  datanode.InitDatanodeState (InitDatanodeState.java:persistContainerDatanodeDetails(138)) - DatanodeDetails is persisted to /home/runner/work/ozone/ozone/hadoop-ozone/integration-test/target/test-dir/MiniOzoneClusterImpl-2bd935e6-826e-4dca-83cf-32fa945e0037/datanode-2/meta/datanode.id
2023-08-31 18:21:18,162 [main] INFO  ozone.HddsDatanodeService (HddsDatanodeService.java:start(237)) - HddsDatanodeService host:fv-az1129-899 ip:10.1.0.8
2023-08-31 18:21:18,198 [main] INFO  upgrade.AbstractLayoutVersionManager (AbstractLayoutVersionManager.java:init(83)) - Initializing Layout version manager with metadata layout = HADOOP_PRC_PORTS_IN_DATANODEDETAILS (version = 7), software layout = HADOOP_PRC_PORTS_IN_DATANODEDETAILS (version = 7)
2023-08-31 18:21:18,199 [main] INFO  statemachine.DatanodeStateMachine (DatanodeStateMachine.java:getEndPointTaskThreadPoolSize(282)) - Datanode State Machine Task Thread Pool size 2
2023-08-31 18:21:18,200 [main] INFO  volume.HddsVolume (HddsVolume.java:<init>(126)) - Creating HddsVolume: /home/runner/work/ozone/ozone/hadoop-ozone/integration-test/target/test-dir/MiniOzoneClusterImpl-2bd935e6-826e-4dca-83cf-32fa945e0037/datanode-3/data-0/containers/hdds of storage type : DISK capacity : 9223372036854775807
2023-08-31 18:21:18,200 [main] INFO  volume.MutableVolumeSet (MutableVolumeSet.java:initializeVolumeSet(173)) - Added Volume : /home/runner/work/ozone/ozone/hadoop-ozone/integration-test/target/test-dir/MiniOzoneClusterImpl-2bd935e6-826e-4dca-83cf-32fa945e0037/datanode-3/data-0/containers/hdds to VolumeSet
2023-08-31 18:21:18,201 [main] INFO  volume.MutableVolumeSet (MutableVolumeSet.java:initializeVolumeSet(173)) - Added Volume : /home/runner/work/ozone/ozone/hadoop-ozone/integration-test/target/test-dir/MiniOzoneClusterImpl-2bd935e6-826e-4dca-83cf-32fa945e0037/datanode-3/data/ratis to VolumeSet
2023-08-31 18:21:18,201 [Thread-1997] INFO  ozoneimpl.ContainerReader (ContainerReader.java:readVolume(177)) - Finish verifying containers on volume /home/runner/work/ozone/ozone/hadoop-ozone/integration-test/target/test-dir/MiniOzoneClusterImpl-2bd935e6-826e-4dca-83cf-32fa945e0037/datanode-3/data-0/containers/hdds
2023-08-31 18:21:18,201 [main] INFO  ozoneimpl.OzoneContainer (OzoneContainer.java:buildContainerSet(314)) - Build ContainerSet costs 0s
2023-08-31 18:21:18,203 [main] INFO  server.RaftServer (ConfUtils.java:logGet(46)) - raft.rpc.type = GRPC (default)
2023-08-31 18:21:18,203 [main] INFO  grpc.GrpcConfigKeys (ConfUtils.java:logFallback(53)) - raft.grpc.admin.host = null (fallback to raft.grpc.server.host)
2023-08-31 18:21:18,204 [main] INFO  grpc.GrpcConfigKeys (ConfUtils.java:logGet(46)) - raft.grpc.admin.port = 15199 (custom)
2023-08-31 18:21:18,204 [main] INFO  grpc.GrpcConfigKeys (ConfUtils.java:logFallback(53)) - raft.grpc.client.host = null (fallback to raft.grpc.server.host)
2023-08-31 18:21:18,204 [main] INFO  grpc.GrpcConfigKeys (ConfUtils.java:logGet(46)) - raft.grpc.client.port = 15198 (custom)
2023-08-31 18:21:18,204 [main] INFO  grpc.GrpcConfigKeys (ConfUtils.java:logGet(46)) - raft.grpc.server.host = null (default)
2023-08-31 18:21:18,204 [main] INFO  grpc.GrpcConfigKeys (ConfUtils.java:logGet(46)) - raft.grpc.server.port = 15200 (custom)
2023-08-31 18:21:18,204 [main] INFO  server.GrpcService (ConfUtils.java:logGet(46)) - raft.grpc.message.size.max = 32MB (=33554432) (custom)
2023-08-31 18:21:18,204 [main] INFO  server.RaftServerConfigKeys (ConfUtils.java:logGet(46)) - raft.server.log.appender.buffer.byte-limit = 33554432 (custom)
2023-08-31 18:21:18,205 [main] INFO  server.GrpcService (ConfUtils.java:logGet(46)) - raft.grpc.flow.control.window = 5MB (=5242880) (custom)
2023-08-31 18:21:18,205 [main] INFO  server.RaftServerConfigKeys (ConfUtils.java:logGet(46)) - raft.server.rpc.request.timeout = 60s (custom)
2023-08-31 18:21:18,205 [main] INFO  grpc.GrpcConfigKeys (ConfUtils.java:logGet(46)) - raft.grpc.server.heartbeat.channel = true (default)
2023-08-31 18:21:18,205 [main] INFO  grpc.GrpcConfigKeys (ConfUtils.java:logGet(46)) - raft.grpc.server.async.request.thread.pool.cached = true (default)
2023-08-31 18:21:18,205 [main] INFO  grpc.GrpcConfigKeys (ConfUtils.java:logGet(46)) - raft.grpc.server.async.request.thread.pool.size = 32 (default)
2023-08-31 18:21:18,208 [main] INFO  impl.DataStreamServerImpl (ConfUtils.java:logGet(46)) - raft.datastream.type = NETTY (custom)
2023-08-31 18:21:18,208 [main] INFO  server.RaftServerConfigKeys (ConfUtils.java:logGet(46)) - raft.server.data-stream.async.request.thread.pool.cached = false (default)
2023-08-31 18:21:18,209 [main] INFO  server.RaftServerConfigKeys (ConfUtils.java:logGet(46)) - raft.server.data-stream.async.request.thread.pool.size = 20 (custom)
2023-08-31 18:21:18,209 [main] INFO  server.RaftServerConfigKeys (ConfUtils.java:logGet(46)) - raft.server.data-stream.async.write.thread.pool.size = 16 (default)
2023-08-31 18:21:18,209 [main] INFO  server.RaftServerConfigKeys (ConfUtils.java:logGet(46)) - raft.server.data-stream.client.pool.size = 10 (default)
2023-08-31 18:21:18,209 [main] INFO  netty.NettyConfigKeys$DataStream (ConfUtils.java:logGet(46)) - raft.netty.dataStream.server.use-epoll = false (default)
2023-08-31 18:21:18,209 [main] INFO  netty.NettyConfigKeys$DataStream (ConfUtils.java:logGet(46)) - raft.netty.dataStream.server.boss-group.size = 0 (default)
2023-08-31 18:21:18,209 [main] INFO  netty.NettyConfigKeys$DataStream (ConfUtils.java:logGet(46)) - raft.netty.dataStream.server.worker-group.size = 0 (default)
2023-08-31 18:21:18,210 [main] INFO  netty.NettyConfigKeys$DataStream (ConfUtils.java:logGet(46)) - raft.netty.dataStream.server.tls.conf = null (default)
2023-08-31 18:21:18,210 [main] INFO  netty.NettyConfigKeys$DataStream (ConfUtils.java:logGet(46)) - raft.netty.dataStream.host = null (default)
2023-08-31 18:21:18,210 [main] INFO  netty.NettyConfigKeys$DataStream (ConfUtils.java:logGet(46)) - raft.netty.dataStream.port = 15201 (custom)
2023-08-31 18:21:18,211 [main] INFO  server.RaftServerConfigKeys (ConfUtils.java:logGet(46)) - raft.server.threadpool.proxy.cached = true (default)
2023-08-31 18:21:18,211 [main] INFO  server.RaftServerConfigKeys (ConfUtils.java:logGet(46)) - raft.server.threadpool.proxy.size = 0 (default)
2023-08-31 18:21:18,211 [main] INFO  server.RaftServerConfigKeys (ConfUtils.java:logGet(46)) - raft.server.rpc.slowness.timeout = 300s (custom)
2023-08-31 18:21:18,211 [main] INFO  server.RaftServerConfigKeys (ConfUtils.java:logGet(46)) - raft.server.leaderelection.leader.step-down.wait-time = 10s (default)
2023-08-31 18:21:18,212 [main] INFO  server.RaftServerConfigKeys (ConfUtils.java:logGet(46)) - raft.server.storage.dir = [/home/runner/work/ozone/ozone/hadoop-ozone/integration-test/target/test-dir/MiniOzoneClusterImpl-2bd935e6-826e-4dca-83cf-32fa945e0037/datanode-3/data/ratis] (custom)
2023-08-31 18:21:18,212 [85b0bed5-4d1d-45f9-8f71-740e9dd12c61-NettyServerStreamRpc-bossGroup--thread1] INFO  logging.LoggingHandler (AbstractInternalLogger.java:log(148)) - [id: 0xb7ca7152] REGISTERED
2023-08-31 18:21:18,212 [85b0bed5-4d1d-45f9-8f71-740e9dd12c61-NettyServerStreamRpc-bossGroup--thread1] INFO  logging.LoggingHandler (AbstractInternalLogger.java:log(148)) - [id: 0xb7ca7152] BIND: 0.0.0.0/0.0.0.0:15201
2023-08-31 18:21:18,213 [85b0bed5-4d1d-45f9-8f71-740e9dd12c61-NettyServerStreamRpc-bossGroup--thread1] INFO  logging.LoggingHandler (AbstractInternalLogger.java:log(148)) - [id: 0xb7ca7152, L:/0:0:0:0:0:0:0:0:15201] ACTIVE
2023-08-31 18:21:18,213 [85b0bed5-4d1d-45f9-8f71-740e9dd12c61-impl-thread1] INFO  server.RaftServer (RaftServerProxy.java:initGroupDir(258)) - 85b0bed5-4d1d-45f9-8f71-740e9dd12c61: found a subdirectory /home/runner/work/ozone/ozone/hadoop-ozone/integration-test/target/test-dir/MiniOzoneClusterImpl-2bd935e6-826e-4dca-83cf-32fa945e0037/datanode-3/data/ratis/tmp
2023-08-31 18:21:18,213 [85b0bed5-4d1d-45f9-8f71-740e9dd12c61-impl-thread1] INFO  server.RaftServer (RaftServerProxy.java:initGroupDir(263)) - 85b0bed5-4d1d-45f9-8f71-740e9dd12c61: The directory /home/runner/work/ozone/ozone/hadoop-ozone/integration-test/target/test-dir/MiniOzoneClusterImpl-2bd935e6-826e-4dca-83cf-32fa945e0037/datanode-3/data/ratis/tmp is not a group directory; ignoring it. 
2023-08-31 18:21:18,213 [main] INFO  replication.ReplicationServer (ReplicationServer.java:<init>(81)) - Initializing replication server with thread count = 10
2023-08-31 18:21:18,214 [main] INFO  server.XceiverServerGrpc (XceiverServerGrpc.java:<init>(132)) - GrpcServer channel type EpollServerSocketChannel
2023-08-31 18:21:18,216 [main] INFO  replication.ReplicationSupervisor (ReplicationSupervisor.java:build(155)) - Initializing replication supervisor with thread count = 10
2023-08-31 18:21:18,216 [main] INFO  replication.ReplicationSupervisor (ReplicationSupervisor.java:nodeStateUpdated(307)) - Node state updated to IN_SERVICE, scaling executor pool size to 10
2023-08-31 18:21:18,221 [main] INFO  http.BaseHttpServer (BaseHttpServer.java:newHttpServer2BuilderForOzone(223)) - Starting Web-server for hddsDatanode at: http://0.0.0.0:15195
2023-08-31 18:21:18,221 [main] INFO  http.BaseHttpServer (BaseHttpServer.java:<init>(110)) - Hadoop Security Enabled: false Ozone Security Enabled: false Ozone HTTP Security Enabled: false 
2023-08-31 18:21:18,222 [main] WARN  server.AuthenticationFilter (AuthenticationFilter.java:constructSecretProvider(240)) - Unable to initialize FileSignerSecretProvider, falling back to use random secrets. Reason: Could not read signature secret file: /home/runner/hadoop-http-auth-signature-secret
2023-08-31 18:21:18,223 [main] INFO  http.HttpRequestLog (HttpRequestLog.java:getRequestLog(86)) - Http request log for http.requests.hddsDatanode is not defined
2023-08-31 18:21:18,224 [main] INFO  http.HttpServer2 (HttpServer2.java:addGlobalFilter(1031)) - Added global filter 'safety' (class=org.apache.hadoop.hdds.server.http.HttpServer2$QuotingInputFilter)
2023-08-31 18:21:18,225 [main] INFO  http.HttpServer2 (HttpServer2.java:addFilter(1007)) - Added filter static_user_filter (class=org.apache.hadoop.http.lib.StaticUserWebFilter$StaticUserFilter) to context hddsDatanode
2023-08-31 18:21:18,225 [main] INFO  http.HttpServer2 (HttpServer2.java:addFilter(1015)) - Added filter static_user_filter (class=org.apache.hadoop.http.lib.StaticUserWebFilter$StaticUserFilter) to context static
2023-08-31 18:21:18,225 [main] INFO  http.HttpServer2 (HttpServer2.java:addFilter(1015)) - Added filter static_user_filter (class=org.apache.hadoop.http.lib.StaticUserWebFilter$StaticUserFilter) to context logs
2023-08-31 18:21:18,226 [main] INFO  http.BaseHttpServer (BaseHttpServer.java:<init>(189)) - HTTP server of hddsDatanode uses base directory /home/runner/work/ozone/ozone/hadoop-ozone/integration-test/target/test-dir/MiniOzoneClusterImpl-2bd935e6-826e-4dca-83cf-32fa945e0037/datanode-3/meta/webserver
2023-08-31 18:21:18,226 [main] INFO  http.HttpServer2 (HttpServer2.java:bindListener(1231)) - Jetty bound to port 15195
2023-08-31 18:21:18,226 [main] INFO  server.Server (Server.java:doStart(375)) - jetty-9.4.51.v20230217; built: 2023-02-17T08:19:37.309Z; git: b45c405e4544384de066f814ed42ae3dceacdd49; jvm 1.8.0_382-b05
2023-08-31 18:21:18,236 [main] INFO  server.session (DefaultSessionIdManager.java:doStart(334)) - DefaultSessionIdManager workerName=node0
2023-08-31 18:21:18,236 [main] INFO  server.session (DefaultSessionIdManager.java:doStart(339)) - No SessionScavenger set, using defaults
2023-08-31 18:21:18,237 [main] INFO  server.session (HouseKeeper.java:startScavenging(132)) - node0 Scavenging every 600000ms
2023-08-31 18:21:18,237 [main] INFO  handler.ContextHandler (ContextHandler.java:doStart(921)) - Started o.e.j.s.ServletContextHandler@4f4e6a99{logs,/logs,file:///home/runner/work/ozone/ozone/hadoop-ozone/integration-test/target/log,AVAILABLE}
2023-08-31 18:21:18,238 [main] INFO  handler.ContextHandler (ContextHandler.java:doStart(921)) - Started o.e.j.s.ServletContextHandler@3de6d205{static,/static,jar:file:/home/runner/.m2/repository/org/apache/ozone/hdds-container-service/1.4.0-SNAPSHOT/hdds-container-service-1.4.0-SNAPSHOT.jar!/webapps/static,AVAILABLE}
2023-08-31 18:21:18,467 [main] INFO  handler.ContextHandler (ContextHandler.java:doStart(921)) - Started o.e.j.w.WebAppContext@2b81d5ec{hddsDatanode,/,file:///home/runner/work/ozone/ozone/hadoop-ozone/integration-test/target/test-dir/MiniOzoneClusterImpl-2bd935e6-826e-4dca-83cf-32fa945e0037/datanode-3/meta/webserver/jetty-0_0_0_0-15195-hdds-container-service-1_4_0-SNAPSHOT_jar-_-any-5386474249486309814/webapp/,AVAILABLE}{jar:file:/home/runner/.m2/repository/org/apache/ozone/hdds-container-service/1.4.0-SNAPSHOT/hdds-container-service-1.4.0-SNAPSHOT.jar!/webapps/hddsDatanode}
2023-08-31 18:21:18,468 [main] INFO  server.AbstractConnector (AbstractConnector.java:doStart(333)) - Started ServerConnector@67301e27{HTTP/1.1, (http/1.1)}{0.0.0.0:15195}
2023-08-31 18:21:18,469 [main] INFO  server.Server (Server.java:doStart(415)) - Started @289793ms
2023-08-31 18:21:18,469 [main] WARN  impl.MetricsSystemImpl (MetricsSystemImpl.java:register(279)) - Sink prometheus already exists!
2023-08-31 18:21:18,469 [main] INFO  http.BaseHttpServer (BaseHttpServer.java:updateConnectorAddress(354)) - HTTP server of hddsDatanode listening at http://0.0.0.0:15195
2023-08-31 18:21:18,470 [main] INFO  ipc.CallQueueManager (CallQueueManager.java:<init>(90)) - Using callQueue: class java.util.concurrent.LinkedBlockingQueue, queueCapacity: 100, scheduler: class org.apache.hadoop.ipc.DefaultRpcScheduler, ipcBackoff: false.
2023-08-31 18:21:18,470 [main] INFO  ipc.Server (Server.java:<init>(1287)) - Listener at 0.0.0.0:15196
2023-08-31 18:21:18,471 [Socket Reader #1 for port 15196] INFO  ipc.Server (Server.java:run(1323)) - Starting Socket Reader #1 for port 15196
2023-08-31 18:21:18,472 [main] INFO  ozone.HddsDatanodeService (HddsDatanodeService.java:start(315)) - Datanode start with admins: [runner]
2023-08-31 18:21:18,473 [main] INFO  ozone.HddsDatanodeClientProtocolServer (HddsDatanodeClientProtocolServer.java:start(72)) - RPC server for Client /0.0.0.0:15196
2023-08-31 18:21:18,473 [IPC Server Responder] INFO  ipc.Server (Server.java:run(1562)) - IPC Server Responder: starting
2023-08-31 18:21:18,474 [main] WARN  impl.MetricRegistriesImpl (MetricRegistriesImpl.java:addReporterRegistration(111)) - New reporters are added after registries were created. Some metrics will be missing from the reporter. Please add reporter before adding any new registry.
2023-08-31 18:21:18,474 [main] WARN  impl.MetricRegistriesImpl (MetricRegistriesImpl.java:addReporterRegistration(111)) - New reporters are added after registries were created. Some metrics will be missing from the reporter. Please add reporter before adding any new registry.
2023-08-31 18:21:18,474 [main] INFO  impl.MetricsSystemImpl (MetricsSystemImpl.java:init(158)) - HddsDatanode metrics system started (again)
2023-08-31 18:21:18,480 [IPC Server listener on 15196] INFO  ipc.Server (Server.java:run(1402)) - IPC Server listener on 15196: starting
2023-08-31 18:21:18,480 [Datanode State Machine Daemon Thread] INFO  statemachine.DatanodeStateMachine (DatanodeStateMachine.java:lambda$startDaemon$0(538)) - Ozone container server started.
2023-08-31 18:21:18,491 [main] INFO  ozone.HddsDatanodeService (HddsDatanodeService.java:start(237)) - HddsDatanodeService host:fv-az1129-899 ip:10.1.0.8
2023-08-31 18:21:18,493 [Datanode State Machine Task Thread - 0] INFO  datanode.InitDatanodeState (InitDatanodeState.java:persistContainerDatanodeDetails(138)) - DatanodeDetails is persisted to /home/runner/work/ozone/ozone/hadoop-ozone/integration-test/target/test-dir/MiniOzoneClusterImpl-2bd935e6-826e-4dca-83cf-32fa945e0037/datanode-3/meta/datanode.id
2023-08-31 18:21:18,525 [main] INFO  upgrade.AbstractLayoutVersionManager (AbstractLayoutVersionManager.java:init(83)) - Initializing Layout version manager with metadata layout = HADOOP_PRC_PORTS_IN_DATANODEDETAILS (version = 7), software layout = HADOOP_PRC_PORTS_IN_DATANODEDETAILS (version = 7)
2023-08-31 18:21:18,525 [main] INFO  statemachine.DatanodeStateMachine (DatanodeStateMachine.java:getEndPointTaskThreadPoolSize(282)) - Datanode State Machine Task Thread Pool size 2
2023-08-31 18:21:18,527 [main] INFO  volume.HddsVolume (HddsVolume.java:<init>(126)) - Creating HddsVolume: /home/runner/work/ozone/ozone/hadoop-ozone/integration-test/target/test-dir/MiniOzoneClusterImpl-2bd935e6-826e-4dca-83cf-32fa945e0037/datanode-4/data-0/containers/hdds of storage type : DISK capacity : 9223372036854775807
2023-08-31 18:21:18,527 [main] INFO  volume.MutableVolumeSet (MutableVolumeSet.java:initializeVolumeSet(173)) - Added Volume : /home/runner/work/ozone/ozone/hadoop-ozone/integration-test/target/test-dir/MiniOzoneClusterImpl-2bd935e6-826e-4dca-83cf-32fa945e0037/datanode-4/data-0/containers/hdds to VolumeSet
2023-08-31 18:21:18,527 [main] INFO  volume.MutableVolumeSet (MutableVolumeSet.java:initializeVolumeSet(173)) - Added Volume : /home/runner/work/ozone/ozone/hadoop-ozone/integration-test/target/test-dir/MiniOzoneClusterImpl-2bd935e6-826e-4dca-83cf-32fa945e0037/datanode-4/data/ratis to VolumeSet
2023-08-31 18:21:18,528 [Thread-2014] INFO  ozoneimpl.ContainerReader (ContainerReader.java:readVolume(177)) - Finish verifying containers on volume /home/runner/work/ozone/ozone/hadoop-ozone/integration-test/target/test-dir/MiniOzoneClusterImpl-2bd935e6-826e-4dca-83cf-32fa945e0037/datanode-4/data-0/containers/hdds
2023-08-31 18:21:18,528 [main] INFO  ozoneimpl.OzoneContainer (OzoneContainer.java:buildContainerSet(314)) - Build ContainerSet costs 0s
2023-08-31 18:21:18,531 [main] INFO  server.RaftServer (ConfUtils.java:logGet(46)) - raft.rpc.type = GRPC (default)
2023-08-31 18:21:18,531 [main] INFO  grpc.GrpcConfigKeys (ConfUtils.java:logFallback(53)) - raft.grpc.admin.host = null (fallback to raft.grpc.server.host)
2023-08-31 18:21:18,531 [main] INFO  grpc.GrpcConfigKeys (ConfUtils.java:logGet(46)) - raft.grpc.admin.port = 15208 (custom)
2023-08-31 18:21:18,531 [main] INFO  grpc.GrpcConfigKeys (ConfUtils.java:logFallback(53)) - raft.grpc.client.host = null (fallback to raft.grpc.server.host)
2023-08-31 18:21:18,532 [main] INFO  grpc.GrpcConfigKeys (ConfUtils.java:logGet(46)) - raft.grpc.client.port = 15207 (custom)
2023-08-31 18:21:18,532 [main] INFO  grpc.GrpcConfigKeys (ConfUtils.java:logGet(46)) - raft.grpc.server.host = null (default)
2023-08-31 18:21:18,532 [main] INFO  grpc.GrpcConfigKeys (ConfUtils.java:logGet(46)) - raft.grpc.server.port = 15209 (custom)
2023-08-31 18:21:18,532 [main] INFO  server.GrpcService (ConfUtils.java:logGet(46)) - raft.grpc.message.size.max = 32MB (=33554432) (custom)
2023-08-31 18:21:18,532 [main] INFO  server.RaftServerConfigKeys (ConfUtils.java:logGet(46)) - raft.server.log.appender.buffer.byte-limit = 33554432 (custom)
2023-08-31 18:21:18,532 [main] INFO  server.GrpcService (ConfUtils.java:logGet(46)) - raft.grpc.flow.control.window = 5MB (=5242880) (custom)
2023-08-31 18:21:18,532 [main] INFO  server.RaftServerConfigKeys (ConfUtils.java:logGet(46)) - raft.server.rpc.request.timeout = 60s (custom)
2023-08-31 18:21:18,532 [main] INFO  grpc.GrpcConfigKeys (ConfUtils.java:logGet(46)) - raft.grpc.server.heartbeat.channel = true (default)
2023-08-31 18:21:18,533 [main] INFO  grpc.GrpcConfigKeys (ConfUtils.java:logGet(46)) - raft.grpc.server.async.request.thread.pool.cached = true (default)
2023-08-31 18:21:18,533 [main] INFO  grpc.GrpcConfigKeys (ConfUtils.java:logGet(46)) - raft.grpc.server.async.request.thread.pool.size = 32 (default)
2023-08-31 18:21:18,535 [main] INFO  impl.DataStreamServerImpl (ConfUtils.java:logGet(46)) - raft.datastream.type = NETTY (custom)
2023-08-31 18:21:18,535 [main] INFO  server.RaftServerConfigKeys (ConfUtils.java:logGet(46)) - raft.server.data-stream.async.request.thread.pool.cached = false (default)
2023-08-31 18:21:18,535 [main] INFO  server.RaftServerConfigKeys (ConfUtils.java:logGet(46)) - raft.server.data-stream.async.request.thread.pool.size = 20 (custom)
2023-08-31 18:21:18,536 [main] INFO  server.RaftServerConfigKeys (ConfUtils.java:logGet(46)) - raft.server.data-stream.async.write.thread.pool.size = 16 (default)
2023-08-31 18:21:18,536 [main] INFO  server.RaftServerConfigKeys (ConfUtils.java:logGet(46)) - raft.server.data-stream.client.pool.size = 10 (default)
2023-08-31 18:21:18,536 [main] INFO  netty.NettyConfigKeys$DataStream (ConfUtils.java:logGet(46)) - raft.netty.dataStream.server.use-epoll = false (default)
2023-08-31 18:21:18,536 [main] INFO  netty.NettyConfigKeys$DataStream (ConfUtils.java:logGet(46)) - raft.netty.dataStream.server.boss-group.size = 0 (default)
2023-08-31 18:21:18,537 [main] INFO  netty.NettyConfigKeys$DataStream (ConfUtils.java:logGet(46)) - raft.netty.dataStream.server.worker-group.size = 0 (default)
2023-08-31 18:21:18,537 [main] INFO  netty.NettyConfigKeys$DataStream (ConfUtils.java:logGet(46)) - raft.netty.dataStream.server.tls.conf = null (default)
2023-08-31 18:21:18,537 [main] INFO  netty.NettyConfigKeys$DataStream (ConfUtils.java:logGet(46)) - raft.netty.dataStream.host = null (default)
2023-08-31 18:21:18,537 [main] INFO  netty.NettyConfigKeys$DataStream (ConfUtils.java:logGet(46)) - raft.netty.dataStream.port = 15210 (custom)
2023-08-31 18:21:18,538 [main] INFO  server.RaftServerConfigKeys (ConfUtils.java:logGet(46)) - raft.server.threadpool.proxy.cached = true (default)
2023-08-31 18:21:18,538 [main] INFO  server.RaftServerConfigKeys (ConfUtils.java:logGet(46)) - raft.server.threadpool.proxy.size = 0 (default)
2023-08-31 18:21:18,538 [main] INFO  server.RaftServerConfigKeys (ConfUtils.java:logGet(46)) - raft.server.rpc.slowness.timeout = 300s (custom)
2023-08-31 18:21:18,538 [main] INFO  server.RaftServerConfigKeys (ConfUtils.java:logGet(46)) - raft.server.leaderelection.leader.step-down.wait-time = 10s (default)
2023-08-31 18:21:18,538 [main] INFO  server.RaftServerConfigKeys (ConfUtils.java:logGet(46)) - raft.server.storage.dir = [/home/runner/work/ozone/ozone/hadoop-ozone/integration-test/target/test-dir/MiniOzoneClusterImpl-2bd935e6-826e-4dca-83cf-32fa945e0037/datanode-4/data/ratis] (custom)
2023-08-31 18:21:18,539 [70431532-c8b0-4eb5-b15a-8b1673de781b-impl-thread1] INFO  server.RaftServer (RaftServerProxy.java:initGroupDir(258)) - 70431532-c8b0-4eb5-b15a-8b1673de781b: found a subdirectory /home/runner/work/ozone/ozone/hadoop-ozone/integration-test/target/test-dir/MiniOzoneClusterImpl-2bd935e6-826e-4dca-83cf-32fa945e0037/datanode-4/data/ratis/tmp
2023-08-31 18:21:18,539 [70431532-c8b0-4eb5-b15a-8b1673de781b-impl-thread1] INFO  server.RaftServer (RaftServerProxy.java:initGroupDir(263)) - 70431532-c8b0-4eb5-b15a-8b1673de781b: The directory /home/runner/work/ozone/ozone/hadoop-ozone/integration-test/target/test-dir/MiniOzoneClusterImpl-2bd935e6-826e-4dca-83cf-32fa945e0037/datanode-4/data/ratis/tmp is not a group directory; ignoring it. 
2023-08-31 18:21:18,539 [main] INFO  replication.ReplicationServer (ReplicationServer.java:<init>(81)) - Initializing replication server with thread count = 10
2023-08-31 18:21:18,539 [70431532-c8b0-4eb5-b15a-8b1673de781b-NettyServerStreamRpc-bossGroup--thread1] INFO  logging.LoggingHandler (AbstractInternalLogger.java:log(148)) - [id: 0x6c9f8138] REGISTERED
2023-08-31 18:21:18,539 [70431532-c8b0-4eb5-b15a-8b1673de781b-NettyServerStreamRpc-bossGroup--thread1] INFO  logging.LoggingHandler (AbstractInternalLogger.java:log(148)) - [id: 0x6c9f8138] BIND: 0.0.0.0/0.0.0.0:15210
2023-08-31 18:21:18,540 [70431532-c8b0-4eb5-b15a-8b1673de781b-NettyServerStreamRpc-bossGroup--thread1] INFO  logging.LoggingHandler (AbstractInternalLogger.java:log(148)) - [id: 0x6c9f8138, L:/0:0:0:0:0:0:0:0:15210] ACTIVE
2023-08-31 18:21:18,540 [main] INFO  server.XceiverServerGrpc (XceiverServerGrpc.java:<init>(132)) - GrpcServer channel type EpollServerSocketChannel
2023-08-31 18:21:18,541 [main] INFO  replication.ReplicationSupervisor (ReplicationSupervisor.java:build(155)) - Initializing replication supervisor with thread count = 10
2023-08-31 18:21:18,542 [main] INFO  replication.ReplicationSupervisor (ReplicationSupervisor.java:nodeStateUpdated(307)) - Node state updated to IN_SERVICE, scaling executor pool size to 10
2023-08-31 18:21:18,543 [main] INFO  http.BaseHttpServer (BaseHttpServer.java:newHttpServer2BuilderForOzone(223)) - Starting Web-server for hddsDatanode at: http://0.0.0.0:15204
2023-08-31 18:21:18,543 [main] INFO  http.BaseHttpServer (BaseHttpServer.java:<init>(110)) - Hadoop Security Enabled: false Ozone Security Enabled: false Ozone HTTP Security Enabled: false 
2023-08-31 18:21:18,547 [main] WARN  server.AuthenticationFilter (AuthenticationFilter.java:constructSecretProvider(240)) - Unable to initialize FileSignerSecretProvider, falling back to use random secrets. Reason: Could not read signature secret file: /home/runner/hadoop-http-auth-signature-secret
2023-08-31 18:21:18,547 [main] INFO  http.HttpRequestLog (HttpRequestLog.java:getRequestLog(86)) - Http request log for http.requests.hddsDatanode is not defined
2023-08-31 18:21:18,548 [main] INFO  http.HttpServer2 (HttpServer2.java:addGlobalFilter(1031)) - Added global filter 'safety' (class=org.apache.hadoop.hdds.server.http.HttpServer2$QuotingInputFilter)
2023-08-31 18:21:18,549 [main] INFO  http.HttpServer2 (HttpServer2.java:addFilter(1007)) - Added filter static_user_filter (class=org.apache.hadoop.http.lib.StaticUserWebFilter$StaticUserFilter) to context hddsDatanode
2023-08-31 18:21:18,549 [main] INFO  http.HttpServer2 (HttpServer2.java:addFilter(1015)) - Added filter static_user_filter (class=org.apache.hadoop.http.lib.StaticUserWebFilter$StaticUserFilter) to context static
2023-08-31 18:21:18,549 [main] INFO  http.HttpServer2 (HttpServer2.java:addFilter(1015)) - Added filter static_user_filter (class=org.apache.hadoop.http.lib.StaticUserWebFilter$StaticUserFilter) to context logs
2023-08-31 18:21:18,550 [main] INFO  http.BaseHttpServer (BaseHttpServer.java:<init>(189)) - HTTP server of hddsDatanode uses base directory /home/runner/work/ozone/ozone/hadoop-ozone/integration-test/target/test-dir/MiniOzoneClusterImpl-2bd935e6-826e-4dca-83cf-32fa945e0037/datanode-4/meta/webserver
2023-08-31 18:21:18,550 [main] INFO  http.HttpServer2 (HttpServer2.java:bindListener(1231)) - Jetty bound to port 15204
2023-08-31 18:21:18,550 [main] INFO  server.Server (Server.java:doStart(375)) - jetty-9.4.51.v20230217; built: 2023-02-17T08:19:37.309Z; git: b45c405e4544384de066f814ed42ae3dceacdd49; jvm 1.8.0_382-b05
2023-08-31 18:21:18,556 [main] INFO  server.session (DefaultSessionIdManager.java:doStart(334)) - DefaultSessionIdManager workerName=node0
2023-08-31 18:21:18,556 [main] INFO  server.session (DefaultSessionIdManager.java:doStart(339)) - No SessionScavenger set, using defaults
2023-08-31 18:21:18,556 [main] INFO  server.session (HouseKeeper.java:startScavenging(132)) - node0 Scavenging every 660000ms
2023-08-31 18:21:18,557 [main] INFO  handler.ContextHandler (ContextHandler.java:doStart(921)) - Started o.e.j.s.ServletContextHandler@11fb91e7{logs,/logs,file:///home/runner/work/ozone/ozone/hadoop-ozone/integration-test/target/log,AVAILABLE}
2023-08-31 18:21:18,557 [main] INFO  handler.ContextHandler (ContextHandler.java:doStart(921)) - Started o.e.j.s.ServletContextHandler@4d2605a4{static,/static,jar:file:/home/runner/.m2/repository/org/apache/ozone/hdds-container-service/1.4.0-SNAPSHOT/hdds-container-service-1.4.0-SNAPSHOT.jar!/webapps/static,AVAILABLE}
2023-08-31 18:21:18,788 [main] INFO  handler.ContextHandler (ContextHandler.java:doStart(921)) - Started o.e.j.w.WebAppContext@6145a3a5{hddsDatanode,/,file:///home/runner/work/ozone/ozone/hadoop-ozone/integration-test/target/test-dir/MiniOzoneClusterImpl-2bd935e6-826e-4dca-83cf-32fa945e0037/datanode-4/meta/webserver/jetty-0_0_0_0-15204-hdds-container-service-1_4_0-SNAPSHOT_jar-_-any-5592474174804194959/webapp/,AVAILABLE}{jar:file:/home/runner/.m2/repository/org/apache/ozone/hdds-container-service/1.4.0-SNAPSHOT/hdds-container-service-1.4.0-SNAPSHOT.jar!/webapps/hddsDatanode}
2023-08-31 18:21:18,790 [main] INFO  server.AbstractConnector (AbstractConnector.java:doStart(333)) - Started ServerConnector@331cf192{HTTP/1.1, (http/1.1)}{0.0.0.0:15204}
2023-08-31 18:21:18,790 [main] INFO  server.Server (Server.java:doStart(415)) - Started @290115ms
2023-08-31 18:21:18,790 [main] WARN  impl.MetricsSystemImpl (MetricsSystemImpl.java:register(279)) - Sink prometheus already exists!
2023-08-31 18:21:18,791 [main] INFO  http.BaseHttpServer (BaseHttpServer.java:updateConnectorAddress(354)) - HTTP server of hddsDatanode listening at http://0.0.0.0:15204
2023-08-31 18:21:18,791 [main] INFO  ipc.CallQueueManager (CallQueueManager.java:<init>(90)) - Using callQueue: class java.util.concurrent.LinkedBlockingQueue, queueCapacity: 100, scheduler: class org.apache.hadoop.ipc.DefaultRpcScheduler, ipcBackoff: false.
2023-08-31 18:21:18,792 [main] INFO  ipc.Server (Server.java:<init>(1287)) - Listener at 0.0.0.0:15205
2023-08-31 18:21:18,793 [Socket Reader #1 for port 15205] INFO  ipc.Server (Server.java:run(1323)) - Starting Socket Reader #1 for port 15205
2023-08-31 18:21:18,796 [main] INFO  ozone.HddsDatanodeService (HddsDatanodeService.java:start(315)) - Datanode start with admins: [runner]
2023-08-31 18:21:18,797 [main] INFO  ozone.HddsDatanodeClientProtocolServer (HddsDatanodeClientProtocolServer.java:start(72)) - RPC server for Client /0.0.0.0:15205
2023-08-31 18:21:18,797 [IPC Server Responder] INFO  ipc.Server (Server.java:run(1562)) - IPC Server Responder: starting
2023-08-31 18:21:18,797 [IPC Server listener on 15205] INFO  ipc.Server (Server.java:run(1402)) - IPC Server listener on 15205: starting
2023-08-31 18:21:18,798 [Datanode State Machine Daemon Thread] INFO  statemachine.DatanodeStateMachine (DatanodeStateMachine.java:lambda$startDaemon$0(538)) - Ozone container server started.
2023-08-31 18:21:18,798 [main] INFO  ozone.MiniOzoneClusterImpl (MiniOzoneClusterImpl.java:lambda$waitForClusterToBeReady$0(224)) - Waiting for nodes to be ready. Got 0 of 5 DN Heartbeats.
2023-08-31 18:21:18,798 [main] INFO  ozone.MiniOzoneClusterImpl (MiniOzoneClusterImpl.java:lambda$waitForClusterToBeReady$0(227)) - Waiting for cluster to exit safe mode
2023-08-31 18:21:18,799 [main] INFO  ozone.MiniOzoneClusterImpl (MiniOzoneClusterImpl.java:lambda$waitForClusterToBeReady$0(229)) - SCM became leader
2023-08-31 18:21:18,825 [Datanode State Machine Task Thread - 0] INFO  datanode.InitDatanodeState (InitDatanodeState.java:persistContainerDatanodeDetails(138)) - DatanodeDetails is persisted to /home/runner/work/ozone/ozone/hadoop-ozone/integration-test/target/test-dir/MiniOzoneClusterImpl-2bd935e6-826e-4dca-83cf-32fa945e0037/datanode-4/meta/datanode.id
2023-08-31 18:21:19,512 [EndpointStateMachine task thread for /0.0.0.0:15161 - 0 ] INFO  utils.DatanodeStoreCache (DatanodeStoreCache.java:addDB(66)) - Added db /home/runner/work/ozone/ozone/hadoop-ozone/integration-test/target/test-dir/MiniOzoneClusterImpl-2bd935e6-826e-4dca-83cf-32fa945e0037/datanode-0/data-0/containers/hdds/2bd935e6-826e-4dca-83cf-32fa945e0037/DS-31f85ec9-6636-43c1-b4fa-acf5ea513b96/container.db to cache
2023-08-31 18:21:19,512 [EndpointStateMachine task thread for /0.0.0.0:15161 - 0 ] INFO  volume.HddsVolume (HddsVolume.java:createDbStore(422)) - SchemaV3 db is created and loaded at /home/runner/work/ozone/ozone/hadoop-ozone/integration-test/target/test-dir/MiniOzoneClusterImpl-2bd935e6-826e-4dca-83cf-32fa945e0037/datanode-0/data-0/containers/hdds/2bd935e6-826e-4dca-83cf-32fa945e0037/DS-31f85ec9-6636-43c1-b4fa-acf5ea513b96/container.db for volume DS-31f85ec9-6636-43c1-b4fa-acf5ea513b96
2023-08-31 18:21:19,513 [EndpointStateMachine task thread for /0.0.0.0:15161 - 0 ] INFO  volume.ThrottledAsyncChecker (ThrottledAsyncChecker.java:schedule(141)) - Scheduling a check for /home/runner/work/ozone/ozone/hadoop-ozone/integration-test/target/test-dir/MiniOzoneClusterImpl-2bd935e6-826e-4dca-83cf-32fa945e0037/datanode-0/data-0/containers/hdds
2023-08-31 18:21:19,513 [EndpointStateMachine task thread for /0.0.0.0:15161 - 0 ] INFO  volume.StorageVolumeChecker (StorageVolumeChecker.java:checkAllVolumes(213)) - Scheduled health check for volume /home/runner/work/ozone/ozone/hadoop-ozone/integration-test/target/test-dir/MiniOzoneClusterImpl-2bd935e6-826e-4dca-83cf-32fa945e0037/datanode-0/data-0/containers/hdds
2023-08-31 18:21:19,516 [EndpointStateMachine task thread for /0.0.0.0:15161 - 0 ] INFO  volume.ThrottledAsyncChecker (ThrottledAsyncChecker.java:schedule(141)) - Scheduling a check for /home/runner/work/ozone/ozone/hadoop-ozone/integration-test/target/test-dir/MiniOzoneClusterImpl-2bd935e6-826e-4dca-83cf-32fa945e0037/datanode-0/data/ratis
2023-08-31 18:21:19,516 [EndpointStateMachine task thread for /0.0.0.0:15161 - 0 ] INFO  volume.StorageVolumeChecker (StorageVolumeChecker.java:checkAllVolumes(213)) - Scheduled health check for volume /home/runner/work/ozone/ozone/hadoop-ozone/integration-test/target/test-dir/MiniOzoneClusterImpl-2bd935e6-826e-4dca-83cf-32fa945e0037/datanode-0/data/ratis
2023-08-31 18:21:19,518 [EndpointStateMachine task thread for /0.0.0.0:15161 - 0 ] INFO  ozoneimpl.OzoneContainer (OzoneContainer.java:start(429)) - Attempting to start container services.
2023-08-31 18:21:19,519 [EndpointStateMachine task thread for /0.0.0.0:15161 - 0 ] INFO  ozoneimpl.OzoneContainer (OzoneContainer.java:startContainerScrub(325)) - Scheduled background container scanners and the on-demand container scanner have been disabled.
2023-08-31 18:21:19,525 [EndpointStateMachine task thread for /0.0.0.0:15161 - 0 ] INFO  replication.ReplicationServer (ReplicationServer.java:start(130)) - ReplicationServer is started using port 15175
2023-08-31 18:21:19,525 [EndpointStateMachine task thread for /0.0.0.0:15161 - 0 ] INFO  ratis.XceiverServerRatis (XceiverServerRatis.java:start(517)) - Starting XceiverServerRatis 626d1c86-c74d-4c1d-990a-e37ed735d25b
2023-08-31 18:21:19,526 [EndpointStateMachine task thread for /0.0.0.0:15161 - 0 ] INFO  server.RaftServer (RaftServerProxy.java:startImpl(400)) - 626d1c86-c74d-4c1d-990a-e37ed735d25b: start RPC server
2023-08-31 18:21:19,527 [EndpointStateMachine task thread for /0.0.0.0:15161 - 0 ] INFO  server.GrpcService (GrpcService.java:startImpl(302)) - 626d1c86-c74d-4c1d-990a-e37ed735d25b: GrpcService started, listening on 15171
2023-08-31 18:21:19,528 [EndpointStateMachine task thread for /0.0.0.0:15161 - 0 ] INFO  server.GrpcService (GrpcService.java:startImpl(302)) - 626d1c86-c74d-4c1d-990a-e37ed735d25b: GrpcService started, listening on 15173
2023-08-31 18:21:19,529 [EndpointStateMachine task thread for /0.0.0.0:15161 - 0 ] INFO  server.GrpcService (GrpcService.java:startImpl(302)) - 626d1c86-c74d-4c1d-990a-e37ed735d25b: GrpcService started, listening on 15172
2023-08-31 18:21:19,532 [EndpointStateMachine task thread for /0.0.0.0:15161 - 0 ] INFO  ratis.XceiverServerRatis (XceiverServerRatis.java:getRealPort(543)) - XceiverServerRatis 626d1c86-c74d-4c1d-990a-e37ed735d25b is started using port 15171 for RATIS
2023-08-31 18:21:19,532 [EndpointStateMachine task thread for /0.0.0.0:15161 - 0 ] INFO  ratis.XceiverServerRatis (XceiverServerRatis.java:getRealPort(543)) - XceiverServerRatis 626d1c86-c74d-4c1d-990a-e37ed735d25b is started using port 15172 for RATIS_ADMIN
2023-08-31 18:21:19,532 [EndpointStateMachine task thread for /0.0.0.0:15161 - 0 ] INFO  ratis.XceiverServerRatis (XceiverServerRatis.java:getRealPort(543)) - XceiverServerRatis 626d1c86-c74d-4c1d-990a-e37ed735d25b is started using port 15173 for RATIS_SERVER
2023-08-31 18:21:19,532 [EndpointStateMachine task thread for /0.0.0.0:15161 - 0 ] INFO  ratis.XceiverServerRatis (XceiverServerRatis.java:getRealPort(543)) - XceiverServerRatis 626d1c86-c74d-4c1d-990a-e37ed735d25b is started using port 15174 for RATIS_DATASTREAM
2023-08-31 18:21:19,532 [JvmPauseMonitor23] INFO  util.JvmPauseMonitor (JvmPauseMonitor.java:run(103)) - JvmPauseMonitor-626d1c86-c74d-4c1d-990a-e37ed735d25b: Started
2023-08-31 18:21:19,544 [BlockDeletingService#0] INFO  interfaces.ContainerDeletionChoosingPolicyTemplate (ContainerDeletionChoosingPolicyTemplate.java:chooseContainerForBlockDeletion(85)) - Chosen 0/5000 blocks from 0 candidate containers.
2023-08-31 18:21:19,799 [main] INFO  ozone.MiniOzoneClusterImpl (MiniOzoneClusterImpl.java:lambda$waitForClusterToBeReady$0(224)) - Waiting for nodes to be ready. Got 0 of 5 DN Heartbeats.
2023-08-31 18:21:19,799 [main] INFO  ozone.MiniOzoneClusterImpl (MiniOzoneClusterImpl.java:lambda$waitForClusterToBeReady$0(227)) - Waiting for cluster to exit safe mode
2023-08-31 18:21:19,799 [main] INFO  ozone.MiniOzoneClusterImpl (MiniOzoneClusterImpl.java:lambda$waitForClusterToBeReady$0(229)) - SCM became leader
2023-08-31 18:21:19,856 [EndpointStateMachine task thread for /0.0.0.0:15161 - 0 ] INFO  utils.DatanodeStoreCache (DatanodeStoreCache.java:addDB(66)) - Added db /home/runner/work/ozone/ozone/hadoop-ozone/integration-test/target/test-dir/MiniOzoneClusterImpl-2bd935e6-826e-4dca-83cf-32fa945e0037/datanode-1/data-0/containers/hdds/2bd935e6-826e-4dca-83cf-32fa945e0037/DS-de30df5f-986e-4a8a-b852-73781c5d347a/container.db to cache
2023-08-31 18:21:19,856 [EndpointStateMachine task thread for /0.0.0.0:15161 - 0 ] INFO  volume.HddsVolume (HddsVolume.java:createDbStore(422)) - SchemaV3 db is created and loaded at /home/runner/work/ozone/ozone/hadoop-ozone/integration-test/target/test-dir/MiniOzoneClusterImpl-2bd935e6-826e-4dca-83cf-32fa945e0037/datanode-1/data-0/containers/hdds/2bd935e6-826e-4dca-83cf-32fa945e0037/DS-de30df5f-986e-4a8a-b852-73781c5d347a/container.db for volume DS-de30df5f-986e-4a8a-b852-73781c5d347a
2023-08-31 18:21:19,856 [EndpointStateMachine task thread for /0.0.0.0:15161 - 0 ] INFO  volume.ThrottledAsyncChecker (ThrottledAsyncChecker.java:schedule(141)) - Scheduling a check for /home/runner/work/ozone/ozone/hadoop-ozone/integration-test/target/test-dir/MiniOzoneClusterImpl-2bd935e6-826e-4dca-83cf-32fa945e0037/datanode-1/data-0/containers/hdds
2023-08-31 18:21:19,857 [EndpointStateMachine task thread for /0.0.0.0:15161 - 0 ] INFO  volume.StorageVolumeChecker (StorageVolumeChecker.java:checkAllVolumes(213)) - Scheduled health check for volume /home/runner/work/ozone/ozone/hadoop-ozone/integration-test/target/test-dir/MiniOzoneClusterImpl-2bd935e6-826e-4dca-83cf-32fa945e0037/datanode-1/data-0/containers/hdds
2023-08-31 18:21:19,860 [EndpointStateMachine task thread for /0.0.0.0:15161 - 0 ] INFO  volume.ThrottledAsyncChecker (ThrottledAsyncChecker.java:schedule(141)) - Scheduling a check for /home/runner/work/ozone/ozone/hadoop-ozone/integration-test/target/test-dir/MiniOzoneClusterImpl-2bd935e6-826e-4dca-83cf-32fa945e0037/datanode-1/data/ratis
2023-08-31 18:21:19,860 [EndpointStateMachine task thread for /0.0.0.0:15161 - 0 ] INFO  volume.StorageVolumeChecker (StorageVolumeChecker.java:checkAllVolumes(213)) - Scheduled health check for volume /home/runner/work/ozone/ozone/hadoop-ozone/integration-test/target/test-dir/MiniOzoneClusterImpl-2bd935e6-826e-4dca-83cf-32fa945e0037/datanode-1/data/ratis
2023-08-31 18:21:19,862 [EndpointStateMachine task thread for /0.0.0.0:15161 - 0 ] INFO  ozoneimpl.OzoneContainer (OzoneContainer.java:start(429)) - Attempting to start container services.
2023-08-31 18:21:19,862 [EndpointStateMachine task thread for /0.0.0.0:15161 - 0 ] INFO  ozoneimpl.OzoneContainer (OzoneContainer.java:startContainerScrub(325)) - Scheduled background container scanners and the on-demand container scanner have been disabled.
2023-08-31 18:21:19,865 [EndpointStateMachine task thread for /0.0.0.0:15161 - 0 ] INFO  replication.ReplicationServer (ReplicationServer.java:start(130)) - ReplicationServer is started using port 15184
2023-08-31 18:21:19,865 [EndpointStateMachine task thread for /0.0.0.0:15161 - 0 ] INFO  ratis.XceiverServerRatis (XceiverServerRatis.java:start(517)) - Starting XceiverServerRatis 960d1597-fbff-49c3-85b3-41c3f78a7ab6
2023-08-31 18:21:19,865 [EndpointStateMachine task thread for /0.0.0.0:15161 - 0 ] INFO  server.RaftServer (RaftServerProxy.java:startImpl(400)) - 960d1597-fbff-49c3-85b3-41c3f78a7ab6: start RPC server
2023-08-31 18:21:19,866 [EndpointStateMachine task thread for /0.0.0.0:15161 - 0 ] INFO  server.GrpcService (GrpcService.java:startImpl(302)) - 960d1597-fbff-49c3-85b3-41c3f78a7ab6: GrpcService started, listening on 15180
2023-08-31 18:21:19,868 [EndpointStateMachine task thread for /0.0.0.0:15161 - 0 ] INFO  server.GrpcService (GrpcService.java:startImpl(302)) - 960d1597-fbff-49c3-85b3-41c3f78a7ab6: GrpcService started, listening on 15182
2023-08-31 18:21:19,869 [EndpointStateMachine task thread for /0.0.0.0:15161 - 0 ] INFO  server.GrpcService (GrpcService.java:startImpl(302)) - 960d1597-fbff-49c3-85b3-41c3f78a7ab6: GrpcService started, listening on 15181
2023-08-31 18:21:19,869 [EndpointStateMachine task thread for /0.0.0.0:15161 - 0 ] INFO  ratis.XceiverServerRatis (XceiverServerRatis.java:getRealPort(543)) - XceiverServerRatis 960d1597-fbff-49c3-85b3-41c3f78a7ab6 is started using port 15180 for RATIS
2023-08-31 18:21:19,869 [EndpointStateMachine task thread for /0.0.0.0:15161 - 0 ] INFO  ratis.XceiverServerRatis (XceiverServerRatis.java:getRealPort(543)) - XceiverServerRatis 960d1597-fbff-49c3-85b3-41c3f78a7ab6 is started using port 15181 for RATIS_ADMIN
2023-08-31 18:21:19,869 [JvmPauseMonitor24] INFO  util.JvmPauseMonitor (JvmPauseMonitor.java:run(103)) - JvmPauseMonitor-960d1597-fbff-49c3-85b3-41c3f78a7ab6: Started
2023-08-31 18:21:19,870 [EndpointStateMachine task thread for /0.0.0.0:15161 - 0 ] INFO  ratis.XceiverServerRatis (XceiverServerRatis.java:getRealPort(543)) - XceiverServerRatis 960d1597-fbff-49c3-85b3-41c3f78a7ab6 is started using port 15182 for RATIS_SERVER
2023-08-31 18:21:19,870 [EndpointStateMachine task thread for /0.0.0.0:15161 - 0 ] INFO  ratis.XceiverServerRatis (XceiverServerRatis.java:getRealPort(543)) - XceiverServerRatis 960d1597-fbff-49c3-85b3-41c3f78a7ab6 is started using port 15183 for RATIS_DATASTREAM
2023-08-31 18:21:19,872 [BlockDeletingService#0] INFO  interfaces.ContainerDeletionChoosingPolicyTemplate (ContainerDeletionChoosingPolicyTemplate.java:chooseContainerForBlockDeletion(85)) - Chosen 0/5000 blocks from 0 candidate containers.
2023-08-31 18:21:20,218 [EndpointStateMachine task thread for /0.0.0.0:15161 - 0 ] INFO  utils.DatanodeStoreCache (DatanodeStoreCache.java:addDB(66)) - Added db /home/runner/work/ozone/ozone/hadoop-ozone/integration-test/target/test-dir/MiniOzoneClusterImpl-2bd935e6-826e-4dca-83cf-32fa945e0037/datanode-2/data-0/containers/hdds/2bd935e6-826e-4dca-83cf-32fa945e0037/DS-cec822b4-a980-434b-a48d-e2a835d7d2d4/container.db to cache
2023-08-31 18:21:20,218 [EndpointStateMachine task thread for /0.0.0.0:15161 - 0 ] INFO  volume.HddsVolume (HddsVolume.java:createDbStore(422)) - SchemaV3 db is created and loaded at /home/runner/work/ozone/ozone/hadoop-ozone/integration-test/target/test-dir/MiniOzoneClusterImpl-2bd935e6-826e-4dca-83cf-32fa945e0037/datanode-2/data-0/containers/hdds/2bd935e6-826e-4dca-83cf-32fa945e0037/DS-cec822b4-a980-434b-a48d-e2a835d7d2d4/container.db for volume DS-cec822b4-a980-434b-a48d-e2a835d7d2d4
2023-08-31 18:21:20,219 [EndpointStateMachine task thread for /0.0.0.0:15161 - 0 ] INFO  volume.ThrottledAsyncChecker (ThrottledAsyncChecker.java:schedule(141)) - Scheduling a check for /home/runner/work/ozone/ozone/hadoop-ozone/integration-test/target/test-dir/MiniOzoneClusterImpl-2bd935e6-826e-4dca-83cf-32fa945e0037/datanode-2/data-0/containers/hdds
2023-08-31 18:21:20,223 [EndpointStateMachine task thread for /0.0.0.0:15161 - 0 ] INFO  volume.StorageVolumeChecker (StorageVolumeChecker.java:checkAllVolumes(213)) - Scheduled health check for volume /home/runner/work/ozone/ozone/hadoop-ozone/integration-test/target/test-dir/MiniOzoneClusterImpl-2bd935e6-826e-4dca-83cf-32fa945e0037/datanode-2/data-0/containers/hdds
2023-08-31 18:21:20,225 [EndpointStateMachine task thread for /0.0.0.0:15161 - 0 ] INFO  volume.ThrottledAsyncChecker (ThrottledAsyncChecker.java:schedule(141)) - Scheduling a check for /home/runner/work/ozone/ozone/hadoop-ozone/integration-test/target/test-dir/MiniOzoneClusterImpl-2bd935e6-826e-4dca-83cf-32fa945e0037/datanode-2/data/ratis
2023-08-31 18:21:20,225 [EndpointStateMachine task thread for /0.0.0.0:15161 - 0 ] INFO  volume.StorageVolumeChecker (StorageVolumeChecker.java:checkAllVolumes(213)) - Scheduled health check for volume /home/runner/work/ozone/ozone/hadoop-ozone/integration-test/target/test-dir/MiniOzoneClusterImpl-2bd935e6-826e-4dca-83cf-32fa945e0037/datanode-2/data/ratis
2023-08-31 18:21:20,227 [EndpointStateMachine task thread for /0.0.0.0:15161 - 0 ] INFO  ozoneimpl.OzoneContainer (OzoneContainer.java:start(429)) - Attempting to start container services.
2023-08-31 18:21:20,227 [EndpointStateMachine task thread for /0.0.0.0:15161 - 0 ] INFO  ozoneimpl.OzoneContainer (OzoneContainer.java:startContainerScrub(325)) - Scheduled background container scanners and the on-demand container scanner have been disabled.
2023-08-31 18:21:20,229 [EndpointStateMachine task thread for /0.0.0.0:15161 - 0 ] INFO  replication.ReplicationServer (ReplicationServer.java:start(130)) - ReplicationServer is started using port 15193
2023-08-31 18:21:20,229 [EndpointStateMachine task thread for /0.0.0.0:15161 - 0 ] INFO  ratis.XceiverServerRatis (XceiverServerRatis.java:start(517)) - Starting XceiverServerRatis 1126cc3a-7ff0-4671-a31f-fd81ce02ef68
2023-08-31 18:21:20,229 [EndpointStateMachine task thread for /0.0.0.0:15161 - 0 ] INFO  server.RaftServer (RaftServerProxy.java:startImpl(400)) - 1126cc3a-7ff0-4671-a31f-fd81ce02ef68: start RPC server
2023-08-31 18:21:20,230 [EndpointStateMachine task thread for /0.0.0.0:15161 - 0 ] INFO  server.GrpcService (GrpcService.java:startImpl(302)) - 1126cc3a-7ff0-4671-a31f-fd81ce02ef68: GrpcService started, listening on 15189
2023-08-31 18:21:20,231 [EndpointStateMachine task thread for /0.0.0.0:15161 - 0 ] INFO  server.GrpcService (GrpcService.java:startImpl(302)) - 1126cc3a-7ff0-4671-a31f-fd81ce02ef68: GrpcService started, listening on 15191
2023-08-31 18:21:20,232 [EndpointStateMachine task thread for /0.0.0.0:15161 - 0 ] INFO  server.GrpcService (GrpcService.java:startImpl(302)) - 1126cc3a-7ff0-4671-a31f-fd81ce02ef68: GrpcService started, listening on 15190
2023-08-31 18:21:20,233 [EndpointStateMachine task thread for /0.0.0.0:15161 - 0 ] INFO  ratis.XceiverServerRatis (XceiverServerRatis.java:getRealPort(543)) - XceiverServerRatis 1126cc3a-7ff0-4671-a31f-fd81ce02ef68 is started using port 15189 for RATIS
2023-08-31 18:21:20,233 [JvmPauseMonitor25] INFO  util.JvmPauseMonitor (JvmPauseMonitor.java:run(103)) - JvmPauseMonitor-1126cc3a-7ff0-4671-a31f-fd81ce02ef68: Started
2023-08-31 18:21:20,233 [EndpointStateMachine task thread for /0.0.0.0:15161 - 0 ] INFO  ratis.XceiverServerRatis (XceiverServerRatis.java:getRealPort(543)) - XceiverServerRatis 1126cc3a-7ff0-4671-a31f-fd81ce02ef68 is started using port 15190 for RATIS_ADMIN
2023-08-31 18:21:20,233 [EndpointStateMachine task thread for /0.0.0.0:15161 - 0 ] INFO  ratis.XceiverServerRatis (XceiverServerRatis.java:getRealPort(543)) - XceiverServerRatis 1126cc3a-7ff0-4671-a31f-fd81ce02ef68 is started using port 15191 for RATIS_SERVER
2023-08-31 18:21:20,233 [EndpointStateMachine task thread for /0.0.0.0:15161 - 0 ] INFO  ratis.XceiverServerRatis (XceiverServerRatis.java:getRealPort(543)) - XceiverServerRatis 1126cc3a-7ff0-4671-a31f-fd81ce02ef68 is started using port 15192 for RATIS_DATASTREAM
2023-08-31 18:21:20,237 [BlockDeletingService#0] INFO  interfaces.ContainerDeletionChoosingPolicyTemplate (ContainerDeletionChoosingPolicyTemplate.java:chooseContainerForBlockDeletion(85)) - Chosen 0/5000 blocks from 0 candidate containers.
2023-08-31 18:21:20,542 [EndpointStateMachine task thread for /0.0.0.0:15161 - 0 ] INFO  utils.DatanodeStoreCache (DatanodeStoreCache.java:addDB(66)) - Added db /home/runner/work/ozone/ozone/hadoop-ozone/integration-test/target/test-dir/MiniOzoneClusterImpl-2bd935e6-826e-4dca-83cf-32fa945e0037/datanode-3/data-0/containers/hdds/2bd935e6-826e-4dca-83cf-32fa945e0037/DS-8edb8623-f459-4082-a76a-4b52a499243b/container.db to cache
2023-08-31 18:21:20,542 [EndpointStateMachine task thread for /0.0.0.0:15161 - 0 ] INFO  volume.HddsVolume (HddsVolume.java:createDbStore(422)) - SchemaV3 db is created and loaded at /home/runner/work/ozone/ozone/hadoop-ozone/integration-test/target/test-dir/MiniOzoneClusterImpl-2bd935e6-826e-4dca-83cf-32fa945e0037/datanode-3/data-0/containers/hdds/2bd935e6-826e-4dca-83cf-32fa945e0037/DS-8edb8623-f459-4082-a76a-4b52a499243b/container.db for volume DS-8edb8623-f459-4082-a76a-4b52a499243b
2023-08-31 18:21:20,543 [EndpointStateMachine task thread for /0.0.0.0:15161 - 0 ] INFO  volume.ThrottledAsyncChecker (ThrottledAsyncChecker.java:schedule(141)) - Scheduling a check for /home/runner/work/ozone/ozone/hadoop-ozone/integration-test/target/test-dir/MiniOzoneClusterImpl-2bd935e6-826e-4dca-83cf-32fa945e0037/datanode-3/data-0/containers/hdds
2023-08-31 18:21:20,545 [EndpointStateMachine task thread for /0.0.0.0:15161 - 0 ] INFO  volume.StorageVolumeChecker (StorageVolumeChecker.java:checkAllVolumes(213)) - Scheduled health check for volume /home/runner/work/ozone/ozone/hadoop-ozone/integration-test/target/test-dir/MiniOzoneClusterImpl-2bd935e6-826e-4dca-83cf-32fa945e0037/datanode-3/data-0/containers/hdds
2023-08-31 18:21:20,550 [EndpointStateMachine task thread for /0.0.0.0:15161 - 0 ] INFO  volume.ThrottledAsyncChecker (ThrottledAsyncChecker.java:schedule(141)) - Scheduling a check for /home/runner/work/ozone/ozone/hadoop-ozone/integration-test/target/test-dir/MiniOzoneClusterImpl-2bd935e6-826e-4dca-83cf-32fa945e0037/datanode-3/data/ratis
2023-08-31 18:21:20,550 [EndpointStateMachine task thread for /0.0.0.0:15161 - 0 ] INFO  volume.StorageVolumeChecker (StorageVolumeChecker.java:checkAllVolumes(213)) - Scheduled health check for volume /home/runner/work/ozone/ozone/hadoop-ozone/integration-test/target/test-dir/MiniOzoneClusterImpl-2bd935e6-826e-4dca-83cf-32fa945e0037/datanode-3/data/ratis
2023-08-31 18:21:20,553 [EndpointStateMachine task thread for /0.0.0.0:15161 - 0 ] INFO  ozoneimpl.OzoneContainer (OzoneContainer.java:start(429)) - Attempting to start container services.
2023-08-31 18:21:20,553 [EndpointStateMachine task thread for /0.0.0.0:15161 - 0 ] INFO  ozoneimpl.OzoneContainer (OzoneContainer.java:startContainerScrub(325)) - Scheduled background container scanners and the on-demand container scanner have been disabled.
2023-08-31 18:21:20,554 [EndpointStateMachine task thread for /0.0.0.0:15161 - 0 ] INFO  replication.ReplicationServer (ReplicationServer.java:start(130)) - ReplicationServer is started using port 15202
2023-08-31 18:21:20,554 [EndpointStateMachine task thread for /0.0.0.0:15161 - 0 ] INFO  ratis.XceiverServerRatis (XceiverServerRatis.java:start(517)) - Starting XceiverServerRatis 85b0bed5-4d1d-45f9-8f71-740e9dd12c61
2023-08-31 18:21:20,555 [EndpointStateMachine task thread for /0.0.0.0:15161 - 0 ] INFO  server.RaftServer (RaftServerProxy.java:startImpl(400)) - 85b0bed5-4d1d-45f9-8f71-740e9dd12c61: start RPC server
2023-08-31 18:21:20,555 [EndpointStateMachine task thread for /0.0.0.0:15161 - 0 ] INFO  server.GrpcService (GrpcService.java:startImpl(302)) - 85b0bed5-4d1d-45f9-8f71-740e9dd12c61: GrpcService started, listening on 15198
2023-08-31 18:21:20,556 [EndpointStateMachine task thread for /0.0.0.0:15161 - 0 ] INFO  server.GrpcService (GrpcService.java:startImpl(302)) - 85b0bed5-4d1d-45f9-8f71-740e9dd12c61: GrpcService started, listening on 15200
2023-08-31 18:21:20,559 [EndpointStateMachine task thread for /0.0.0.0:15161 - 0 ] INFO  server.GrpcService (GrpcService.java:startImpl(302)) - 85b0bed5-4d1d-45f9-8f71-740e9dd12c61: GrpcService started, listening on 15199
2023-08-31 18:21:20,559 [EndpointStateMachine task thread for /0.0.0.0:15161 - 0 ] INFO  ratis.XceiverServerRatis (XceiverServerRatis.java:getRealPort(543)) - XceiverServerRatis 85b0bed5-4d1d-45f9-8f71-740e9dd12c61 is started using port 15198 for RATIS
2023-08-31 18:21:20,560 [JvmPauseMonitor26] INFO  util.JvmPauseMonitor (JvmPauseMonitor.java:run(103)) - JvmPauseMonitor-85b0bed5-4d1d-45f9-8f71-740e9dd12c61: Started
2023-08-31 18:21:20,560 [EndpointStateMachine task thread for /0.0.0.0:15161 - 0 ] INFO  ratis.XceiverServerRatis (XceiverServerRatis.java:getRealPort(543)) - XceiverServerRatis 85b0bed5-4d1d-45f9-8f71-740e9dd12c61 is started using port 15199 for RATIS_ADMIN
2023-08-31 18:21:20,560 [EndpointStateMachine task thread for /0.0.0.0:15161 - 0 ] INFO  ratis.XceiverServerRatis (XceiverServerRatis.java:getRealPort(543)) - XceiverServerRatis 85b0bed5-4d1d-45f9-8f71-740e9dd12c61 is started using port 15200 for RATIS_SERVER
2023-08-31 18:21:20,560 [EndpointStateMachine task thread for /0.0.0.0:15161 - 0 ] INFO  ratis.XceiverServerRatis (XceiverServerRatis.java:getRealPort(543)) - XceiverServerRatis 85b0bed5-4d1d-45f9-8f71-740e9dd12c61 is started using port 15201 for RATIS_DATASTREAM
2023-08-31 18:21:20,563 [BlockDeletingService#0] INFO  interfaces.ContainerDeletionChoosingPolicyTemplate (ContainerDeletionChoosingPolicyTemplate.java:chooseContainerForBlockDeletion(85)) - Chosen 0/5000 blocks from 0 candidate containers.
2023-08-31 18:21:20,800 [main] INFO  ozone.MiniOzoneClusterImpl (MiniOzoneClusterImpl.java:lambda$waitForClusterToBeReady$0(224)) - Waiting for nodes to be ready. Got 0 of 5 DN Heartbeats.
2023-08-31 18:21:20,800 [main] INFO  ozone.MiniOzoneClusterImpl (MiniOzoneClusterImpl.java:lambda$waitForClusterToBeReady$0(227)) - Waiting for cluster to exit safe mode
2023-08-31 18:21:20,800 [main] INFO  ozone.MiniOzoneClusterImpl (MiniOzoneClusterImpl.java:lambda$waitForClusterToBeReady$0(229)) - SCM became leader
2023-08-31 18:21:20,874 [EndpointStateMachine task thread for /0.0.0.0:15161 - 0 ] INFO  utils.DatanodeStoreCache (DatanodeStoreCache.java:addDB(66)) - Added db /home/runner/work/ozone/ozone/hadoop-ozone/integration-test/target/test-dir/MiniOzoneClusterImpl-2bd935e6-826e-4dca-83cf-32fa945e0037/datanode-4/data-0/containers/hdds/2bd935e6-826e-4dca-83cf-32fa945e0037/DS-2175cf5f-3060-4e85-8c08-e12a43a3a334/container.db to cache
2023-08-31 18:21:20,875 [EndpointStateMachine task thread for /0.0.0.0:15161 - 0 ] INFO  volume.HddsVolume (HddsVolume.java:createDbStore(422)) - SchemaV3 db is created and loaded at /home/runner/work/ozone/ozone/hadoop-ozone/integration-test/target/test-dir/MiniOzoneClusterImpl-2bd935e6-826e-4dca-83cf-32fa945e0037/datanode-4/data-0/containers/hdds/2bd935e6-826e-4dca-83cf-32fa945e0037/DS-2175cf5f-3060-4e85-8c08-e12a43a3a334/container.db for volume DS-2175cf5f-3060-4e85-8c08-e12a43a3a334
2023-08-31 18:21:20,875 [EndpointStateMachine task thread for /0.0.0.0:15161 - 0 ] INFO  volume.ThrottledAsyncChecker (ThrottledAsyncChecker.java:schedule(141)) - Scheduling a check for /home/runner/work/ozone/ozone/hadoop-ozone/integration-test/target/test-dir/MiniOzoneClusterImpl-2bd935e6-826e-4dca-83cf-32fa945e0037/datanode-4/data-0/containers/hdds
2023-08-31 18:21:20,876 [EndpointStateMachine task thread for /0.0.0.0:15161 - 0 ] INFO  volume.StorageVolumeChecker (StorageVolumeChecker.java:checkAllVolumes(213)) - Scheduled health check for volume /home/runner/work/ozone/ozone/hadoop-ozone/integration-test/target/test-dir/MiniOzoneClusterImpl-2bd935e6-826e-4dca-83cf-32fa945e0037/datanode-4/data-0/containers/hdds
2023-08-31 18:21:20,882 [EndpointStateMachine task thread for /0.0.0.0:15161 - 0 ] INFO  volume.ThrottledAsyncChecker (ThrottledAsyncChecker.java:schedule(141)) - Scheduling a check for /home/runner/work/ozone/ozone/hadoop-ozone/integration-test/target/test-dir/MiniOzoneClusterImpl-2bd935e6-826e-4dca-83cf-32fa945e0037/datanode-4/data/ratis
2023-08-31 18:21:20,882 [EndpointStateMachine task thread for /0.0.0.0:15161 - 0 ] INFO  volume.StorageVolumeChecker (StorageVolumeChecker.java:checkAllVolumes(213)) - Scheduled health check for volume /home/runner/work/ozone/ozone/hadoop-ozone/integration-test/target/test-dir/MiniOzoneClusterImpl-2bd935e6-826e-4dca-83cf-32fa945e0037/datanode-4/data/ratis
2023-08-31 18:21:20,884 [EndpointStateMachine task thread for /0.0.0.0:15161 - 0 ] INFO  ozoneimpl.OzoneContainer (OzoneContainer.java:start(429)) - Attempting to start container services.
2023-08-31 18:21:20,884 [EndpointStateMachine task thread for /0.0.0.0:15161 - 0 ] INFO  ozoneimpl.OzoneContainer (OzoneContainer.java:startContainerScrub(325)) - Scheduled background container scanners and the on-demand container scanner have been disabled.
2023-08-31 18:21:20,885 [EndpointStateMachine task thread for /0.0.0.0:15161 - 0 ] INFO  replication.ReplicationServer (ReplicationServer.java:start(130)) - ReplicationServer is started using port 15211
2023-08-31 18:21:20,886 [EndpointStateMachine task thread for /0.0.0.0:15161 - 0 ] INFO  ratis.XceiverServerRatis (XceiverServerRatis.java:start(517)) - Starting XceiverServerRatis 70431532-c8b0-4eb5-b15a-8b1673de781b
2023-08-31 18:21:20,887 [EndpointStateMachine task thread for /0.0.0.0:15161 - 0 ] INFO  server.RaftServer (RaftServerProxy.java:startImpl(400)) - 70431532-c8b0-4eb5-b15a-8b1673de781b: start RPC server
2023-08-31 18:21:20,890 [EndpointStateMachine task thread for /0.0.0.0:15161 - 0 ] INFO  server.GrpcService (GrpcService.java:startImpl(302)) - 70431532-c8b0-4eb5-b15a-8b1673de781b: GrpcService started, listening on 15207
2023-08-31 18:21:20,892 [EndpointStateMachine task thread for /0.0.0.0:15161 - 0 ] INFO  server.GrpcService (GrpcService.java:startImpl(302)) - 70431532-c8b0-4eb5-b15a-8b1673de781b: GrpcService started, listening on 15209
2023-08-31 18:21:20,894 [EndpointStateMachine task thread for /0.0.0.0:15161 - 0 ] INFO  server.GrpcService (GrpcService.java:startImpl(302)) - 70431532-c8b0-4eb5-b15a-8b1673de781b: GrpcService started, listening on 15208
2023-08-31 18:21:20,894 [EndpointStateMachine task thread for /0.0.0.0:15161 - 0 ] INFO  ratis.XceiverServerRatis (XceiverServerRatis.java:getRealPort(543)) - XceiverServerRatis 70431532-c8b0-4eb5-b15a-8b1673de781b is started using port 15207 for RATIS
2023-08-31 18:21:20,894 [EndpointStateMachine task thread for /0.0.0.0:15161 - 0 ] INFO  ratis.XceiverServerRatis (XceiverServerRatis.java:getRealPort(543)) - XceiverServerRatis 70431532-c8b0-4eb5-b15a-8b1673de781b is started using port 15208 for RATIS_ADMIN
2023-08-31 18:21:20,894 [EndpointStateMachine task thread for /0.0.0.0:15161 - 0 ] INFO  ratis.XceiverServerRatis (XceiverServerRatis.java:getRealPort(543)) - XceiverServerRatis 70431532-c8b0-4eb5-b15a-8b1673de781b is started using port 15209 for RATIS_SERVER
2023-08-31 18:21:20,894 [EndpointStateMachine task thread for /0.0.0.0:15161 - 0 ] INFO  ratis.XceiverServerRatis (XceiverServerRatis.java:getRealPort(543)) - XceiverServerRatis 70431532-c8b0-4eb5-b15a-8b1673de781b is started using port 15210 for RATIS_DATASTREAM
2023-08-31 18:21:20,894 [JvmPauseMonitor27] INFO  util.JvmPauseMonitor (JvmPauseMonitor.java:run(103)) - JvmPauseMonitor-70431532-c8b0-4eb5-b15a-8b1673de781b: Started
2023-08-31 18:21:20,899 [BlockDeletingService#0] INFO  interfaces.ContainerDeletionChoosingPolicyTemplate (ContainerDeletionChoosingPolicyTemplate.java:chooseContainerForBlockDeletion(85)) - Chosen 0/5000 blocks from 0 candidate containers.
2023-08-31 18:21:21,448 [IPC Server handler 1 on default port 15161] INFO  net.NetworkTopologyImpl (NetworkTopologyImpl.java:add(112)) - Added a new node: /default-rack/626d1c86-c74d-4c1d-990a-e37ed735d25b
2023-08-31 18:21:21,449 [IPC Server handler 1 on default port 15161] INFO  node.SCMNodeManager (SCMNodeManager.java:register(405)) - Registered Data node : 626d1c86-c74d-4c1d-990a-e37ed735d25b{ip: 10.1.0.8, host: fv-az1129-899, ports: [HTTP=15168, CLIENT_RPC=15169, REPLICATION=15175, RATIS=15171, RATIS_ADMIN=15172, RATIS_SERVER=15173, RATIS_DATASTREAM=15174, STANDALONE=15170], networkLocation: /default-rack, certSerialId: null, persistedOpState: null, persistedOpStateExpiryEpochSec: 0}
2023-08-31 18:21:21,454 [EventQueue-NodeRegistrationContainerReportForDataNodeSafeModeRule] INFO  safemode.SCMSafeModeManager (DataNodeSafeModeRule.java:process(71)) - SCM in safe mode. 1 DataNodes registered, 3 required.
2023-08-31 18:21:21,454 [EventQueue-NodeRegistrationContainerReportForContainerSafeModeRule] INFO  safemode.SCMSafeModeManager (SCMSafeModeManager.java:validateSafeModeExitRules(200)) - ContainerSafeModeRule rule is successfully validated
2023-08-31 18:21:21,455 [EventQueue-PipelineReportForOneReplicaPipelineSafeModeRule] INFO  safemode.SCMSafeModeManager (SCMSafeModeManager.java:validateSafeModeExitRules(200)) - AtleastOneDatanodeReportedRule rule is successfully validated
2023-08-31 18:21:21,457 [EventQueue-NewNodeForNewNodeHandler] INFO  pipeline.BackgroundPipelineCreator (BackgroundPipelineCreator.java:notifyEventTriggered(277)) - trigger a one-shot run on RatisPipelineUtilsThread.
2023-08-31 18:21:21,457 [RatisPipelineUtilsThread - 0] INFO  pipeline.RatisPipelineProvider (RatisPipelineProvider.java:lambda$create$0(206)) - Sending CreatePipelineCommand for pipeline:PipelineID=b4426efa-ad8f-4d91-97c7-2dbfaf1a0294 to datanode:626d1c86-c74d-4c1d-990a-e37ed735d25b
2023-08-31 18:21:21,459 [RatisPipelineUtilsThread - 0] INFO  pipeline.BackgroundPipelineCreator (BackgroundPipelineCreator.java:createPipelines(233)) - Created new pipeline Pipeline[ Id: b4426efa-ad8f-4d91-97c7-2dbfaf1a0294, Nodes: 626d1c86-c74d-4c1d-990a-e37ed735d25b(fv-az1129-899/10.1.0.8), ReplicationConfig: RATIS/ONE, State:ALLOCATED, leaderId:, CreationTimestamp2023-08-31T18:21:21.457Z[Etc/UTC]]
2023-08-31 18:21:21,800 [main] INFO  ozone.MiniOzoneClusterImpl (MiniOzoneClusterImpl.java:lambda$waitForClusterToBeReady$0(224)) - Waiting for nodes to be ready. Got 1 of 5 DN Heartbeats.
2023-08-31 18:21:21,801 [main] INFO  ozone.MiniOzoneClusterImpl (MiniOzoneClusterImpl.java:lambda$waitForClusterToBeReady$0(227)) - Waiting for cluster to exit safe mode
2023-08-31 18:21:21,801 [main] INFO  ozone.MiniOzoneClusterImpl (MiniOzoneClusterImpl.java:lambda$waitForClusterToBeReady$0(229)) - SCM became leader
2023-08-31 18:21:21,807 [IPC Server handler 2 on default port 15161] INFO  net.NetworkTopologyImpl (NetworkTopologyImpl.java:add(112)) - Added a new node: /default-rack/960d1597-fbff-49c3-85b3-41c3f78a7ab6
2023-08-31 18:21:21,808 [IPC Server handler 2 on default port 15161] INFO  node.SCMNodeManager (SCMNodeManager.java:register(405)) - Registered Data node : 960d1597-fbff-49c3-85b3-41c3f78a7ab6{ip: 10.1.0.8, host: fv-az1129-899, ports: [HTTP=15177, CLIENT_RPC=15178, REPLICATION=15184, RATIS=15180, RATIS_ADMIN=15181, RATIS_SERVER=15182, RATIS_DATASTREAM=15183, STANDALONE=15179], networkLocation: /default-rack, certSerialId: null, persistedOpState: null, persistedOpStateExpiryEpochSec: 0}
2023-08-31 18:21:21,808 [EventQueue-NewNodeForNewNodeHandler] INFO  pipeline.BackgroundPipelineCreator (BackgroundPipelineCreator.java:notifyEventTriggered(277)) - trigger a one-shot run on RatisPipelineUtilsThread.
2023-08-31 18:21:21,809 [EventQueue-NodeRegistrationContainerReportForDataNodeSafeModeRule] INFO  safemode.SCMSafeModeManager (DataNodeSafeModeRule.java:process(71)) - SCM in safe mode. 2 DataNodes registered, 3 required.
2023-08-31 18:21:21,810 [RatisPipelineUtilsThread - 0] INFO  pipeline.RatisPipelineProvider (RatisPipelineProvider.java:lambda$create$0(206)) - Sending CreatePipelineCommand for pipeline:PipelineID=5ea65a6c-6368-4b69-a593-66e5cfebcbfe to datanode:960d1597-fbff-49c3-85b3-41c3f78a7ab6
2023-08-31 18:21:21,811 [RatisPipelineUtilsThread - 0] INFO  pipeline.BackgroundPipelineCreator (BackgroundPipelineCreator.java:createPipelines(233)) - Created new pipeline Pipeline[ Id: 5ea65a6c-6368-4b69-a593-66e5cfebcbfe, Nodes: 960d1597-fbff-49c3-85b3-41c3f78a7ab6(fv-az1129-899/10.1.0.8), ReplicationConfig: RATIS/ONE, State:ALLOCATED, leaderId:, CreationTimestamp2023-08-31T18:21:21.810Z[Etc/UTC]]
2023-08-31 18:21:22,151 [IPC Server handler 0 on default port 15161] INFO  net.NetworkTopologyImpl (NetworkTopologyImpl.java:add(112)) - Added a new node: /default-rack/1126cc3a-7ff0-4671-a31f-fd81ce02ef68
2023-08-31 18:21:22,151 [IPC Server handler 0 on default port 15161] INFO  node.SCMNodeManager (SCMNodeManager.java:register(405)) - Registered Data node : 1126cc3a-7ff0-4671-a31f-fd81ce02ef68{ip: 10.1.0.8, host: fv-az1129-899, ports: [HTTP=15186, CLIENT_RPC=15187, REPLICATION=15193, RATIS=15189, RATIS_ADMIN=15190, RATIS_SERVER=15191, RATIS_DATASTREAM=15192, STANDALONE=15188], networkLocation: /default-rack, certSerialId: null, persistedOpState: null, persistedOpStateExpiryEpochSec: 0}
2023-08-31 18:21:22,152 [EventQueue-NewNodeForNewNodeHandler] INFO  pipeline.BackgroundPipelineCreator (BackgroundPipelineCreator.java:notifyEventTriggered(277)) - trigger a one-shot run on RatisPipelineUtilsThread.
2023-08-31 18:21:22,153 [EventQueue-NodeRegistrationContainerReportForDataNodeSafeModeRule] INFO  safemode.SCMSafeModeManager (DataNodeSafeModeRule.java:process(71)) - SCM in safe mode. 3 DataNodes registered, 3 required.
2023-08-31 18:21:22,153 [EventQueue-NodeRegistrationContainerReportForDataNodeSafeModeRule] INFO  safemode.SCMSafeModeManager (SCMSafeModeManager.java:validateSafeModeExitRules(200)) - DataNodeSafeModeRule rule is successfully validated
2023-08-31 18:21:22,154 [EventQueue-NodeRegistrationContainerReportForDataNodeSafeModeRule] INFO  safemode.SCMSafeModeManager (SCMSafeModeManager.java:completePreCheck(229)) - All SCM safe mode pre check rules have passed
2023-08-31 18:21:22,154 [EventQueue-NodeRegistrationContainerReportForDataNodeSafeModeRule] INFO  ha.SCMContext (SCMContext.java:updateSafeModeStatus(228)) - Update SafeModeStatus from SafeModeStatus{safeModeStatus=true, preCheckPassed=false} to SafeModeStatus{safeModeStatus=true, preCheckPassed=true}.
2023-08-31 18:21:22,154 [EventQueue-NodeRegistrationContainerReportForDataNodeSafeModeRule] INFO  pipeline.BackgroundPipelineCreator (BackgroundPipelineCreator.java:notifyEventTriggered(277)) - trigger a one-shot run on RatisPipelineUtilsThread.
2023-08-31 18:21:22,155 [RatisPipelineUtilsThread - 0] INFO  pipeline.RatisPipelineProvider (RatisPipelineProvider.java:lambda$create$0(206)) - Sending CreatePipelineCommand for pipeline:PipelineID=438763ea-b08c-4dc5-ba97-04390fc10504 to datanode:1126cc3a-7ff0-4671-a31f-fd81ce02ef68
2023-08-31 18:21:22,155 [RatisPipelineUtilsThread - 0] INFO  pipeline.BackgroundPipelineCreator (BackgroundPipelineCreator.java:createPipelines(233)) - Created new pipeline Pipeline[ Id: 438763ea-b08c-4dc5-ba97-04390fc10504, Nodes: 1126cc3a-7ff0-4671-a31f-fd81ce02ef68(fv-az1129-899/10.1.0.8), ReplicationConfig: RATIS/ONE, State:ALLOCATED, leaderId:, CreationTimestamp2023-08-31T18:21:22.155Z[Etc/UTC]]
2023-08-31 18:21:22,158 [RatisPipelineUtilsThread - 0] INFO  pipeline.RatisPipelineProvider (RatisPipelineProvider.java:lambda$create$0(206)) - Sending CreatePipelineCommand for pipeline:PipelineID=c47d7b28-5906-4b51-b110-a93631b5cc8e to datanode:626d1c86-c74d-4c1d-990a-e37ed735d25b
2023-08-31 18:21:22,158 [RatisPipelineUtilsThread - 0] INFO  pipeline.RatisPipelineProvider (RatisPipelineProvider.java:lambda$create$0(206)) - Sending CreatePipelineCommand for pipeline:PipelineID=c47d7b28-5906-4b51-b110-a93631b5cc8e to datanode:1126cc3a-7ff0-4671-a31f-fd81ce02ef68
2023-08-31 18:21:22,158 [RatisPipelineUtilsThread - 0] INFO  pipeline.RatisPipelineProvider (RatisPipelineProvider.java:lambda$create$0(206)) - Sending CreatePipelineCommand for pipeline:PipelineID=c47d7b28-5906-4b51-b110-a93631b5cc8e to datanode:960d1597-fbff-49c3-85b3-41c3f78a7ab6
2023-08-31 18:21:22,159 [RatisPipelineUtilsThread - 0] INFO  pipeline.BackgroundPipelineCreator (BackgroundPipelineCreator.java:createPipelines(233)) - Created new pipeline Pipeline[ Id: c47d7b28-5906-4b51-b110-a93631b5cc8e, Nodes: 626d1c86-c74d-4c1d-990a-e37ed735d25b(fv-az1129-899/10.1.0.8)1126cc3a-7ff0-4671-a31f-fd81ce02ef68(fv-az1129-899/10.1.0.8)960d1597-fbff-49c3-85b3-41c3f78a7ab6(fv-az1129-899/10.1.0.8), ReplicationConfig: RATIS/THREE, State:ALLOCATED, leaderId:, CreationTimestamp2023-08-31T18:21:22.158Z[Etc/UTC]]
2023-08-31 18:21:22,159 [RatisPipelineUtilsThread - 0] INFO  pipeline.RatisPipelineProvider (RatisPipelineProvider.java:lambda$create$0(206)) - Sending CreatePipelineCommand for pipeline:PipelineID=c2a659dd-f751-473f-b48f-6e0c8d75ba96 to datanode:1126cc3a-7ff0-4671-a31f-fd81ce02ef68
2023-08-31 18:21:22,159 [RatisPipelineUtilsThread - 0] INFO  pipeline.RatisPipelineProvider (RatisPipelineProvider.java:lambda$create$0(206)) - Sending CreatePipelineCommand for pipeline:PipelineID=c2a659dd-f751-473f-b48f-6e0c8d75ba96 to datanode:960d1597-fbff-49c3-85b3-41c3f78a7ab6
2023-08-31 18:21:22,160 [RatisPipelineUtilsThread - 0] INFO  pipeline.RatisPipelineProvider (RatisPipelineProvider.java:lambda$create$0(206)) - Sending CreatePipelineCommand for pipeline:PipelineID=c2a659dd-f751-473f-b48f-6e0c8d75ba96 to datanode:626d1c86-c74d-4c1d-990a-e37ed735d25b
2023-08-31 18:21:22,160 [RatisPipelineUtilsThread - 0] INFO  pipeline.PipelineManagerImpl (PipelineManagerImpl.java:recordMetricsForPipeline(914)) - Pipeline: PipelineID=c2a659dd-f751-473f-b48f-6e0c8d75ba96 contains same datanodes as previous pipelines: PipelineID=c47d7b28-5906-4b51-b110-a93631b5cc8e nodeIds: 1126cc3a-7ff0-4671-a31f-fd81ce02ef68, 960d1597-fbff-49c3-85b3-41c3f78a7ab6, 626d1c86-c74d-4c1d-990a-e37ed735d25b
2023-08-31 18:21:22,160 [RatisPipelineUtilsThread - 0] INFO  pipeline.BackgroundPipelineCreator (BackgroundPipelineCreator.java:createPipelines(233)) - Created new pipeline Pipeline[ Id: c2a659dd-f751-473f-b48f-6e0c8d75ba96, Nodes: 1126cc3a-7ff0-4671-a31f-fd81ce02ef68(fv-az1129-899/10.1.0.8)960d1597-fbff-49c3-85b3-41c3f78a7ab6(fv-az1129-899/10.1.0.8)626d1c86-c74d-4c1d-990a-e37ed735d25b(fv-az1129-899/10.1.0.8), ReplicationConfig: RATIS/THREE, State:ALLOCATED, leaderId:, CreationTimestamp2023-08-31T18:21:22.159Z[Etc/UTC]]
2023-08-31 18:21:22,491 [IPC Server handler 2 on default port 15161] INFO  net.NetworkTopologyImpl (NetworkTopologyImpl.java:add(112)) - Added a new node: /default-rack/85b0bed5-4d1d-45f9-8f71-740e9dd12c61
2023-08-31 18:21:22,491 [IPC Server handler 2 on default port 15161] INFO  node.SCMNodeManager (SCMNodeManager.java:register(405)) - Registered Data node : 85b0bed5-4d1d-45f9-8f71-740e9dd12c61{ip: 10.1.0.8, host: fv-az1129-899, ports: [HTTP=15195, CLIENT_RPC=15196, REPLICATION=15202, RATIS=15198, RATIS_ADMIN=15199, RATIS_SERVER=15200, RATIS_DATASTREAM=15201, STANDALONE=15197], networkLocation: /default-rack, certSerialId: null, persistedOpState: null, persistedOpStateExpiryEpochSec: 0}
2023-08-31 18:21:22,491 [EventQueue-NewNodeForNewNodeHandler] INFO  pipeline.BackgroundPipelineCreator (BackgroundPipelineCreator.java:notifyEventTriggered(277)) - trigger a one-shot run on RatisPipelineUtilsThread.
2023-08-31 18:21:22,492 [RatisPipelineUtilsThread - 0] INFO  pipeline.RatisPipelineProvider (RatisPipelineProvider.java:lambda$create$0(206)) - Sending CreatePipelineCommand for pipeline:PipelineID=db35460f-4eb2-463f-a622-fbfc36656f99 to datanode:85b0bed5-4d1d-45f9-8f71-740e9dd12c61
2023-08-31 18:21:22,492 [RatisPipelineUtilsThread - 0] INFO  pipeline.BackgroundPipelineCreator (BackgroundPipelineCreator.java:createPipelines(233)) - Created new pipeline Pipeline[ Id: db35460f-4eb2-463f-a622-fbfc36656f99, Nodes: 85b0bed5-4d1d-45f9-8f71-740e9dd12c61(fv-az1129-899/10.1.0.8), ReplicationConfig: RATIS/ONE, State:ALLOCATED, leaderId:, CreationTimestamp2023-08-31T18:21:22.492Z[Etc/UTC]]
2023-08-31 18:21:22,801 [main] INFO  ozone.MiniOzoneClusterImpl (MiniOzoneClusterImpl.java:lambda$waitForClusterToBeReady$0(224)) - Waiting for nodes to be ready. Got 4 of 5 DN Heartbeats.
2023-08-31 18:21:22,801 [main] INFO  ozone.MiniOzoneClusterImpl (MiniOzoneClusterImpl.java:lambda$waitForClusterToBeReady$0(227)) - Waiting for cluster to exit safe mode
2023-08-31 18:21:22,801 [main] INFO  ozone.MiniOzoneClusterImpl (MiniOzoneClusterImpl.java:lambda$waitForClusterToBeReady$0(229)) - SCM became leader
2023-08-31 18:21:22,821 [IPC Server handler 3 on default port 15161] INFO  net.NetworkTopologyImpl (NetworkTopologyImpl.java:add(112)) - Added a new node: /default-rack/70431532-c8b0-4eb5-b15a-8b1673de781b
2023-08-31 18:21:22,822 [IPC Server handler 3 on default port 15161] INFO  node.SCMNodeManager (SCMNodeManager.java:register(405)) - Registered Data node : 70431532-c8b0-4eb5-b15a-8b1673de781b{ip: 10.1.0.8, host: fv-az1129-899, ports: [HTTP=15204, CLIENT_RPC=15205, REPLICATION=15211, RATIS=15207, RATIS_ADMIN=15208, RATIS_SERVER=15209, RATIS_DATASTREAM=15210, STANDALONE=15206], networkLocation: /default-rack, certSerialId: null, persistedOpState: null, persistedOpStateExpiryEpochSec: 0}
2023-08-31 18:21:22,822 [EventQueue-NewNodeForNewNodeHandler] INFO  pipeline.BackgroundPipelineCreator (BackgroundPipelineCreator.java:notifyEventTriggered(277)) - trigger a one-shot run on RatisPipelineUtilsThread.
2023-08-31 18:21:22,823 [RatisPipelineUtilsThread - 0] INFO  pipeline.RatisPipelineProvider (RatisPipelineProvider.java:lambda$create$0(206)) - Sending CreatePipelineCommand for pipeline:PipelineID=cc1b942b-77db-4603-b646-96a0e980bc6f to datanode:70431532-c8b0-4eb5-b15a-8b1673de781b
2023-08-31 18:21:22,823 [RatisPipelineUtilsThread - 0] INFO  pipeline.BackgroundPipelineCreator (BackgroundPipelineCreator.java:createPipelines(233)) - Created new pipeline Pipeline[ Id: cc1b942b-77db-4603-b646-96a0e980bc6f, Nodes: 70431532-c8b0-4eb5-b15a-8b1673de781b(fv-az1129-899/10.1.0.8), ReplicationConfig: RATIS/ONE, State:ALLOCATED, leaderId:, CreationTimestamp2023-08-31T18:21:22.822Z[Etc/UTC]]
2023-08-31 18:21:23,802 [main] INFO  ozone.MiniOzoneClusterImpl (MiniOzoneClusterImpl.java:lambda$waitForClusterToBeReady$0(224)) - Nodes are ready. Got 5 of 5 DN Heartbeats.
2023-08-31 18:21:23,802 [main] INFO  ozone.MiniOzoneClusterImpl (MiniOzoneClusterImpl.java:lambda$waitForClusterToBeReady$0(227)) - Waiting for cluster to exit safe mode
2023-08-31 18:21:23,802 [main] INFO  ozone.MiniOzoneClusterImpl (MiniOzoneClusterImpl.java:lambda$waitForClusterToBeReady$0(229)) - SCM became leader
2023-08-31 18:21:24,449 [PipelineCommandHandlerThread-0] INFO  server.RaftServer (RaftServerProxy.java:addNew(98)) - 626d1c86-c74d-4c1d-990a-e37ed735d25b: addNew group-2DBFAF1A0294:[626d1c86-c74d-4c1d-990a-e37ed735d25b|rpc:10.1.0.8:15173|admin:10.1.0.8:15172|client:10.1.0.8:15171|dataStream:10.1.0.8:15174|priority:1|startupRole:FOLLOWER] returns group-2DBFAF1A0294:java.util.concurrent.CompletableFuture@1b83172[Not completed]
2023-08-31 18:21:24,451 [626d1c86-c74d-4c1d-990a-e37ed735d25b-groupManagement] INFO  server.RaftServer$Division (RaftServerImpl.java:<init>(198)) - 626d1c86-c74d-4c1d-990a-e37ed735d25b: new RaftServerImpl for group-2DBFAF1A0294:[626d1c86-c74d-4c1d-990a-e37ed735d25b|rpc:10.1.0.8:15173|admin:10.1.0.8:15172|client:10.1.0.8:15171|dataStream:10.1.0.8:15174|priority:1|startupRole:FOLLOWER] with ContainerStateMachine:uninitialized
2023-08-31 18:21:24,451 [626d1c86-c74d-4c1d-990a-e37ed735d25b-groupManagement] INFO  server.RaftServerConfigKeys (ConfUtils.java:logGet(46)) - raft.server.rpc.timeout.min = 5s (custom)
2023-08-31 18:21:24,451 [626d1c86-c74d-4c1d-990a-e37ed735d25b-groupManagement] INFO  server.RaftServerConfigKeys (ConfUtils.java:logGet(46)) - raft.server.rpc.timeout.max = 5200ms (custom)
2023-08-31 18:21:24,451 [626d1c86-c74d-4c1d-990a-e37ed735d25b-groupManagement] INFO  server.RaftServerConfigKeys (ConfUtils.java:logGet(46)) - raft.server.rpc.sleep.time = 25ms (default)
2023-08-31 18:21:24,451 [626d1c86-c74d-4c1d-990a-e37ed735d25b-groupManagement] INFO  server.RaftServerConfigKeys (ConfUtils.java:logGet(46)) - raft.server.rpc.slowness.timeout = 300s (custom)
2023-08-31 18:21:24,451 [626d1c86-c74d-4c1d-990a-e37ed735d25b-groupManagement] INFO  server.RaftServerConfigKeys (ConfUtils.java:logGet(46)) - raft.server.leaderelection.leader.step-down.wait-time = 10s (default)
2023-08-31 18:21:24,451 [626d1c86-c74d-4c1d-990a-e37ed735d25b-groupManagement] INFO  server.RaftServerConfigKeys (ConfUtils.java:logGet(46)) - raft.server.sleep.deviation.threshold = 300ms (default)
2023-08-31 18:21:24,451 [626d1c86-c74d-4c1d-990a-e37ed735d25b-groupManagement] INFO  server.RaftServer$Division (ServerState.java:<init>(120)) - 626d1c86-c74d-4c1d-990a-e37ed735d25b@group-2DBFAF1A0294: ConfigurationManager, init=-1: peers:[626d1c86-c74d-4c1d-990a-e37ed735d25b|rpc:10.1.0.8:15173|admin:10.1.0.8:15172|client:10.1.0.8:15171|dataStream:10.1.0.8:15174|priority:1|startupRole:FOLLOWER]|listeners:[], old=null, confs=<EMPTY_MAP>
2023-08-31 18:21:24,451 [626d1c86-c74d-4c1d-990a-e37ed735d25b-groupManagement] INFO  server.RaftServerConfigKeys (ConfUtils.java:logGet(46)) - raft.server.storage.dir = [/home/runner/work/ozone/ozone/hadoop-ozone/integration-test/target/test-dir/MiniOzoneClusterImpl-2bd935e6-826e-4dca-83cf-32fa945e0037/datanode-0/data/ratis] (custom)
2023-08-31 18:21:24,452 [626d1c86-c74d-4c1d-990a-e37ed735d25b-groupManagement] INFO  server.RaftServerConfigKeys (ConfUtils.java:logGet(46)) - raft.server.log.corruption.policy = EXCEPTION (default)
2023-08-31 18:21:24,452 [626d1c86-c74d-4c1d-990a-e37ed735d25b-groupManagement] INFO  server.RaftServerConfigKeys (ConfUtils.java:logGet(46)) - raft.server.storage.free-space.min = 0MB (=0) (default)
2023-08-31 18:21:24,452 [626d1c86-c74d-4c1d-990a-e37ed735d25b-groupManagement] INFO  server.RaftServerConfigKeys (ConfUtils.java:logGet(46)) - raft.server.notification.no-leader.timeout = 300s (custom)
2023-08-31 18:21:24,452 [626d1c86-c74d-4c1d-990a-e37ed735d25b-groupManagement] INFO  server.RaftServerConfigKeys (ConfUtils.java:logGet(46)) - raft.server.read.timeout = 10s (default)
2023-08-31 18:21:24,452 [626d1c86-c74d-4c1d-990a-e37ed735d25b-groupManagement] INFO  server.RaftServerConfigKeys (ConfUtils.java:logGet(46)) - raft.server.retrycache.expirytime = 600000ms (custom)
2023-08-31 18:21:24,452 [626d1c86-c74d-4c1d-990a-e37ed735d25b-groupManagement] INFO  server.RaftServerConfigKeys (ConfUtils.java:logGet(46)) - raft.server.retrycache.statistics.expirytime = 100μs (default)
2023-08-31 18:21:24,452 [626d1c86-c74d-4c1d-990a-e37ed735d25b-groupManagement] INFO  server.RaftServerConfigKeys (ConfUtils.java:logGet(46)) - raft.server.read.option = DEFAULT (default)
2023-08-31 18:21:24,453 [626d1c86-c74d-4c1d-990a-e37ed735d25b-groupManagement] INFO  server.RaftServerConfigKeys (ConfUtils.java:logGet(46)) - raft.server.rpc.request.timeout = 60s (custom)
2023-08-31 18:21:24,453 [626d1c86-c74d-4c1d-990a-e37ed735d25b-groupManagement] INFO  server.RaftServerConfigKeys (ConfUtils.java:logGet(46)) - raft.server.log.appender.install.snapshot.enabled = false (custom)
2023-08-31 18:21:24,453 [626d1c86-c74d-4c1d-990a-e37ed735d25b-groupManagement] INFO  server.RaftServerConfigKeys (ConfUtils.java:logGet(46)) - raft.server.threadpool.server.cached = true (default)
2023-08-31 18:21:24,453 [626d1c86-c74d-4c1d-990a-e37ed735d25b-groupManagement] INFO  server.RaftServerConfigKeys (ConfUtils.java:logGet(46)) - raft.server.threadpool.server.size = 0 (default)
2023-08-31 18:21:24,453 [626d1c86-c74d-4c1d-990a-e37ed735d25b-groupManagement] INFO  server.RaftServerConfigKeys (ConfUtils.java:logGet(46)) - raft.server.threadpool.client.cached = true (default)
2023-08-31 18:21:24,453 [626d1c86-c74d-4c1d-990a-e37ed735d25b-groupManagement] INFO  server.RaftServerConfigKeys (ConfUtils.java:logGet(46)) - raft.server.threadpool.client.size = 0 (default)
2023-08-31 18:21:24,453 [626d1c86-c74d-4c1d-990a-e37ed735d25b-groupManagement] INFO  storage.RaftStorageDirectory (RaftStorageDirectoryImpl.java:analyzeStorage(137)) - The storage directory /home/runner/work/ozone/ozone/hadoop-ozone/integration-test/target/test-dir/MiniOzoneClusterImpl-2bd935e6-826e-4dca-83cf-32fa945e0037/datanode-0/data/ratis/b4426efa-ad8f-4d91-97c7-2dbfaf1a0294 does not exist. Creating ...
2023-08-31 18:21:24,455 [626d1c86-c74d-4c1d-990a-e37ed735d25b-groupManagement] INFO  storage.RaftStorageDirectory (RaftStorageDirectoryImpl.java:tryLock(231)) - Lock on /home/runner/work/ozone/ozone/hadoop-ozone/integration-test/target/test-dir/MiniOzoneClusterImpl-2bd935e6-826e-4dca-83cf-32fa945e0037/datanode-0/data/ratis/b4426efa-ad8f-4d91-97c7-2dbfaf1a0294/in_use.lock acquired by nodename 61743@fv-az1129-899
2023-08-31 18:21:24,459 [626d1c86-c74d-4c1d-990a-e37ed735d25b-groupManagement] INFO  storage.RaftStorage (RaftStorageImpl.java:format(96)) - Storage directory /home/runner/work/ozone/ozone/hadoop-ozone/integration-test/target/test-dir/MiniOzoneClusterImpl-2bd935e6-826e-4dca-83cf-32fa945e0037/datanode-0/data/ratis/b4426efa-ad8f-4d91-97c7-2dbfaf1a0294 has been successfully formatted.
2023-08-31 18:21:24,460 [626d1c86-c74d-4c1d-990a-e37ed735d25b-groupManagement] INFO  ratis.ContainerStateMachine (ContainerStateMachine.java:loadSnapshot(262)) - group-2DBFAF1A0294: The snapshot info is null. Setting the last applied indexto:(t:0, i:~)
2023-08-31 18:21:24,460 [626d1c86-c74d-4c1d-990a-e37ed735d25b-groupManagement] INFO  server.RaftServerConfigKeys (ConfUtils.java:logGet(46)) - raft.server.log.use.memory = false (default)
2023-08-31 18:21:24,461 [626d1c86-c74d-4c1d-990a-e37ed735d25b-groupManagement] INFO  server.RaftServerConfigKeys (ConfUtils.java:logGet(46)) - raft.server.log.purge.gap = 1000000 (custom)
2023-08-31 18:21:24,461 [626d1c86-c74d-4c1d-990a-e37ed735d25b-groupManagement] INFO  server.RaftServerConfigKeys (ConfUtils.java:logGet(46)) - raft.server.log.appender.buffer.byte-limit = 33554432 (custom)
2023-08-31 18:21:24,461 [626d1c86-c74d-4c1d-990a-e37ed735d25b-groupManagement] INFO  server.RaftServerConfigKeys (ConfUtils.java:logGet(46)) - raft.server.log.statemachine.data.read.timeout = 1000ms (default)
2023-08-31 18:21:24,461 [626d1c86-c74d-4c1d-990a-e37ed735d25b-groupManagement] INFO  server.RaftServerConfigKeys (ConfUtils.java:logGet(46)) - raft.server.log.purge.preservation.log.num = 0 (default)
2023-08-31 18:21:24,461 [EventQueue-PipelineReportForPipelineReportHandler] INFO  pipeline.PipelineReportHandler (PipelineReportHandler.java:processPipelineReport(136)) - Opened pipeline PipelineID=b4426efa-ad8f-4d91-97c7-2dbfaf1a0294
2023-08-31 18:21:24,461 [626d1c86-c74d-4c1d-990a-e37ed735d25b-groupManagement] INFO  server.RaftServerConfigKeys (ConfUtils.java:logGet(46)) - raft.server.log.segment.size.max = 1048576 (custom)
2023-08-31 18:21:24,462 [626d1c86-c74d-4c1d-990a-e37ed735d25b-groupManagement] INFO  server.RaftServerConfigKeys (ConfUtils.java:logGet(46)) - raft.server.log.segment.cache.num.max = 2 (custom)
2023-08-31 18:21:24,463 [626d1c86-c74d-4c1d-990a-e37ed735d25b-groupManagement] INFO  server.RaftServerConfigKeys (ConfUtils.java:logGet(46)) - raft.server.log.segment.cache.size.max = 200MB (=209715200) (default)
2023-08-31 18:21:24,463 [626d1c86-c74d-4c1d-990a-e37ed735d25b-groupManagement] INFO  server.RaftServerConfigKeys (ConfUtils.java:logGet(46)) - raft.server.log.appender.buffer.byte-limit = 33554432 (custom)
2023-08-31 18:21:24,463 [626d1c86-c74d-4c1d-990a-e37ed735d25b-groupManagement] INFO  segmented.SegmentedRaftLogWorker (SegmentedRaftLogWorker.java:<init>(188)) - new 626d1c86-c74d-4c1d-990a-e37ed735d25b@group-2DBFAF1A0294-SegmentedRaftLogWorker for RaftStorageImpl:Storage Directory /home/runner/work/ozone/ozone/hadoop-ozone/integration-test/target/test-dir/MiniOzoneClusterImpl-2bd935e6-826e-4dca-83cf-32fa945e0037/datanode-0/data/ratis/b4426efa-ad8f-4d91-97c7-2dbfaf1a0294
2023-08-31 18:21:24,463 [626d1c86-c74d-4c1d-990a-e37ed735d25b-groupManagement] INFO  server.RaftServerConfigKeys (ConfUtils.java:logGet(46)) - raft.server.log.queue.byte-limit = 4294967296 (custom)
2023-08-31 18:21:24,463 [626d1c86-c74d-4c1d-990a-e37ed735d25b-groupManagement] INFO  server.RaftServerConfigKeys (ConfUtils.java:logGet(46)) - raft.server.log.queue.element-limit = 1024 (custom)
2023-08-31 18:21:24,463 [626d1c86-c74d-4c1d-990a-e37ed735d25b-groupManagement] INFO  server.RaftServerConfigKeys (ConfUtils.java:logGet(46)) - raft.server.log.segment.size.max = 1048576 (custom)
2023-08-31 18:21:24,463 [626d1c86-c74d-4c1d-990a-e37ed735d25b-groupManagement] INFO  server.RaftServerConfigKeys (ConfUtils.java:logGet(46)) - raft.server.log.preallocated.size = 16384 (custom)
2023-08-31 18:21:24,463 [626d1c86-c74d-4c1d-990a-e37ed735d25b-groupManagement] INFO  server.RaftServerConfigKeys (ConfUtils.java:logGet(46)) - raft.server.log.force.sync.num = 128 (default)
2023-08-31 18:21:24,463 [626d1c86-c74d-4c1d-990a-e37ed735d25b-groupManagement] INFO  server.RaftServerConfigKeys (ConfUtils.java:logGet(46)) - raft.server.log.statemachine.data.sync = true (default)
2023-08-31 18:21:24,463 [626d1c86-c74d-4c1d-990a-e37ed735d25b-groupManagement] INFO  server.RaftServerConfigKeys (ConfUtils.java:logGet(46)) - raft.server.log.statemachine.data.sync.timeout = 10s (default)
2023-08-31 18:21:24,463 [626d1c86-c74d-4c1d-990a-e37ed735d25b-groupManagement] INFO  server.RaftServerConfigKeys (ConfUtils.java:logGet(46)) - raft.server.log.statemachine.data.sync.timeout.retry = -1 (default)
2023-08-31 18:21:24,464 [626d1c86-c74d-4c1d-990a-e37ed735d25b-groupManagement] INFO  server.RaftServerConfigKeys (ConfUtils.java:logGet(46)) - raft.server.log.write.buffer.size = 1048576 (custom)
2023-08-31 18:21:24,464 [626d1c86-c74d-4c1d-990a-e37ed735d25b-groupManagement] INFO  server.RaftServerConfigKeys (ConfUtils.java:logGet(46)) - raft.server.log.appender.buffer.byte-limit = 33554432 (custom)
2023-08-31 18:21:24,472 [626d1c86-c74d-4c1d-990a-e37ed735d25b-groupManagement] INFO  server.RaftServerConfigKeys (ConfUtils.java:logGet(46)) - raft.server.log.unsafe-flush.enabled = false (default)
2023-08-31 18:21:24,472 [626d1c86-c74d-4c1d-990a-e37ed735d25b-groupManagement] INFO  server.RaftServerConfigKeys (ConfUtils.java:logGet(46)) - raft.server.log.async-flush.enabled = false (default)
2023-08-31 18:21:24,472 [EventQueue-OpenPipelineForHealthyPipelineSafeModeRule] INFO  safemode.SCMSafeModeManager (HealthyPipelineSafeModeRule.java:process(137)) - SCM in safe mode. Healthy pipelines reported count is 0, required healthy pipeline reported count is 1
2023-08-31 18:21:24,472 [626d1c86-c74d-4c1d-990a-e37ed735d25b-groupManagement] INFO  server.RaftServerConfigKeys (ConfUtils.java:logGet(46)) - raft.server.log.statemachine.data.caching.enabled = true (custom)
2023-08-31 18:21:24,473 [626d1c86-c74d-4c1d-990a-e37ed735d25b-groupManagement] INFO  segmented.SegmentedRaftLogWorker (SegmentedRaftLogWorker.java:lambda$new$0(135)) - 626d1c86-c74d-4c1d-990a-e37ed735d25b@group-2DBFAF1A0294-SegmentedRaftLogWorker: flushIndex: setUnconditionally 0 -> -1
2023-08-31 18:21:24,473 [626d1c86-c74d-4c1d-990a-e37ed735d25b-groupManagement] INFO  segmented.SegmentedRaftLogWorker (SegmentedRaftLogWorker.java:lambda$new$0(135)) - 626d1c86-c74d-4c1d-990a-e37ed735d25b@group-2DBFAF1A0294-SegmentedRaftLogWorker: safeCacheEvictIndex: setUnconditionally 0 -> -1
2023-08-31 18:21:24,473 [626d1c86-c74d-4c1d-990a-e37ed735d25b-groupManagement] INFO  server.RaftServer$Division (RaftServerImpl.java:start(342)) - 626d1c86-c74d-4c1d-990a-e37ed735d25b@group-2DBFAF1A0294: start as a follower, conf=-1: peers:[626d1c86-c74d-4c1d-990a-e37ed735d25b|rpc:10.1.0.8:15173|admin:10.1.0.8:15172|client:10.1.0.8:15171|dataStream:10.1.0.8:15174|priority:1|startupRole:FOLLOWER]|listeners:[], old=null
2023-08-31 18:21:24,473 [626d1c86-c74d-4c1d-990a-e37ed735d25b-groupManagement] INFO  server.RaftServer$Division (RaftServerImpl.java:setRole(329)) - 626d1c86-c74d-4c1d-990a-e37ed735d25b@group-2DBFAF1A0294: changes role from      null to FOLLOWER at term 0 for startAsFollower
2023-08-31 18:21:24,473 [626d1c86-c74d-4c1d-990a-e37ed735d25b-groupManagement] INFO  impl.RoleInfo (RoleInfo.java:updateAndGet(139)) - 626d1c86-c74d-4c1d-990a-e37ed735d25b: start 626d1c86-c74d-4c1d-990a-e37ed735d25b@group-2DBFAF1A0294-FollowerState
2023-08-31 18:21:24,474 [626d1c86-c74d-4c1d-990a-e37ed735d25b@group-2DBFAF1A0294-FollowerState] INFO  server.RaftServerConfigKeys (ConfUtils.java:logFallback(53)) - raft.server.rpc.first-election.timeout.min = 5s (fallback to raft.server.rpc.timeout.min)
2023-08-31 18:21:24,474 [626d1c86-c74d-4c1d-990a-e37ed735d25b-groupManagement] INFO  util.JmxRegister (JmxRegister.java:tryRegister(44)) - Successfully registered JMX Bean with object name Ratis:service=RaftServer,group=group-2DBFAF1A0294,id=626d1c86-c74d-4c1d-990a-e37ed735d25b
2023-08-31 18:21:24,474 [626d1c86-c74d-4c1d-990a-e37ed735d25b@group-2DBFAF1A0294-FollowerState] INFO  server.RaftServerConfigKeys (ConfUtils.java:logFallback(53)) - raft.server.rpc.first-election.timeout.max = 5200ms (fallback to raft.server.rpc.timeout.max)
2023-08-31 18:21:24,474 [626d1c86-c74d-4c1d-990a-e37ed735d25b-groupManagement] INFO  server.RaftServerConfigKeys (ConfUtils.java:logGet(46)) - raft.server.snapshot.auto.trigger.enabled = true (custom)
2023-08-31 18:21:24,474 [626d1c86-c74d-4c1d-990a-e37ed735d25b-groupManagement] INFO  server.RaftServerConfigKeys (ConfUtils.java:logGet(46)) - raft.server.snapshot.auto.trigger.threshold = 10000 (custom)
2023-08-31 18:21:24,474 [626d1c86-c74d-4c1d-990a-e37ed735d25b-groupManagement] INFO  server.RaftServerConfigKeys (ConfUtils.java:logGet(46)) - raft.server.snapshot.retention.file.num = 5 (custom)
2023-08-31 18:21:24,474 [626d1c86-c74d-4c1d-990a-e37ed735d25b-groupManagement] INFO  server.RaftServerConfigKeys (ConfUtils.java:logGet(46)) - raft.server.log.purge.upto.snapshot.index = false (default)
2023-08-31 18:21:24,475 [PipelineCommandHandlerThread-0] INFO  ratis.XceiverServerRatis (XceiverServerRatis.java:addGroup(804)) - Created group PipelineID=b4426efa-ad8f-4d91-97c7-2dbfaf1a0294
2023-08-31 18:21:24,475 [PipelineCommandHandlerThread-0] INFO  commandhandler.CreatePipelineCommandHandler (CreatePipelineCommandHandler.java:lambda$handle$2(124)) - Created Pipeline RATIS ONE PipelineID=b4426efa-ad8f-4d91-97c7-2dbfaf1a0294.
2023-08-31 18:21:24,475 [PipelineCommandHandlerThread-0] INFO  server.RaftServer (RaftServerProxy.java:addNew(98)) - 626d1c86-c74d-4c1d-990a-e37ed735d25b: addNew group-A93631B5CC8E:[1126cc3a-7ff0-4671-a31f-fd81ce02ef68|rpc:10.1.0.8:15191|admin:10.1.0.8:15190|client:10.1.0.8:15189|dataStream:10.1.0.8:15192|priority:0|startupRole:FOLLOWER, 626d1c86-c74d-4c1d-990a-e37ed735d25b|rpc:10.1.0.8:15173|admin:10.1.0.8:15172|client:10.1.0.8:15171|dataStream:10.1.0.8:15174|priority:1|startupRole:FOLLOWER, 960d1597-fbff-49c3-85b3-41c3f78a7ab6|rpc:10.1.0.8:15182|admin:10.1.0.8:15181|client:10.1.0.8:15180|dataStream:10.1.0.8:15183|priority:0|startupRole:FOLLOWER] returns group-A93631B5CC8E:java.util.concurrent.CompletableFuture@587b59d[Not completed]
2023-08-31 18:21:24,476 [626d1c86-c74d-4c1d-990a-e37ed735d25b-groupManagement] INFO  server.RaftServer$Division (RaftServerImpl.java:<init>(198)) - 626d1c86-c74d-4c1d-990a-e37ed735d25b: new RaftServerImpl for group-A93631B5CC8E:[1126cc3a-7ff0-4671-a31f-fd81ce02ef68|rpc:10.1.0.8:15191|admin:10.1.0.8:15190|client:10.1.0.8:15189|dataStream:10.1.0.8:15192|priority:0|startupRole:FOLLOWER, 626d1c86-c74d-4c1d-990a-e37ed735d25b|rpc:10.1.0.8:15173|admin:10.1.0.8:15172|client:10.1.0.8:15171|dataStream:10.1.0.8:15174|priority:1|startupRole:FOLLOWER, 960d1597-fbff-49c3-85b3-41c3f78a7ab6|rpc:10.1.0.8:15182|admin:10.1.0.8:15181|client:10.1.0.8:15180|dataStream:10.1.0.8:15183|priority:0|startupRole:FOLLOWER] with ContainerStateMachine:uninitialized
2023-08-31 18:21:24,476 [626d1c86-c74d-4c1d-990a-e37ed735d25b-groupManagement] INFO  server.RaftServerConfigKeys (ConfUtils.java:logGet(46)) - raft.server.rpc.timeout.min = 5s (custom)
2023-08-31 18:21:24,476 [626d1c86-c74d-4c1d-990a-e37ed735d25b-groupManagement] INFO  server.RaftServerConfigKeys (ConfUtils.java:logGet(46)) - raft.server.rpc.timeout.max = 5200ms (custom)
2023-08-31 18:21:24,476 [626d1c86-c74d-4c1d-990a-e37ed735d25b-groupManagement] INFO  server.RaftServerConfigKeys (ConfUtils.java:logGet(46)) - raft.server.rpc.sleep.time = 25ms (default)
2023-08-31 18:21:24,476 [626d1c86-c74d-4c1d-990a-e37ed735d25b-groupManagement] INFO  server.RaftServerConfigKeys (ConfUtils.java:logGet(46)) - raft.server.rpc.slowness.timeout = 300s (custom)
2023-08-31 18:21:24,477 [626d1c86-c74d-4c1d-990a-e37ed735d25b-groupManagement] INFO  server.RaftServerConfigKeys (ConfUtils.java:logGet(46)) - raft.server.leaderelection.leader.step-down.wait-time = 10s (default)
2023-08-31 18:21:24,477 [626d1c86-c74d-4c1d-990a-e37ed735d25b-groupManagement] INFO  server.RaftServerConfigKeys (ConfUtils.java:logGet(46)) - raft.server.sleep.deviation.threshold = 300ms (default)
2023-08-31 18:21:24,477 [626d1c86-c74d-4c1d-990a-e37ed735d25b-groupManagement] INFO  server.RaftServer$Division (ServerState.java:<init>(120)) - 626d1c86-c74d-4c1d-990a-e37ed735d25b@group-A93631B5CC8E: ConfigurationManager, init=-1: peers:[1126cc3a-7ff0-4671-a31f-fd81ce02ef68|rpc:10.1.0.8:15191|admin:10.1.0.8:15190|client:10.1.0.8:15189|dataStream:10.1.0.8:15192|priority:0|startupRole:FOLLOWER, 626d1c86-c74d-4c1d-990a-e37ed735d25b|rpc:10.1.0.8:15173|admin:10.1.0.8:15172|client:10.1.0.8:15171|dataStream:10.1.0.8:15174|priority:1|startupRole:FOLLOWER, 960d1597-fbff-49c3-85b3-41c3f78a7ab6|rpc:10.1.0.8:15182|admin:10.1.0.8:15181|client:10.1.0.8:15180|dataStream:10.1.0.8:15183|priority:0|startupRole:FOLLOWER]|listeners:[], old=null, confs=<EMPTY_MAP>
2023-08-31 18:21:24,477 [626d1c86-c74d-4c1d-990a-e37ed735d25b-groupManagement] INFO  server.RaftServerConfigKeys (ConfUtils.java:logGet(46)) - raft.server.storage.dir = [/home/runner/work/ozone/ozone/hadoop-ozone/integration-test/target/test-dir/MiniOzoneClusterImpl-2bd935e6-826e-4dca-83cf-32fa945e0037/datanode-0/data/ratis] (custom)
2023-08-31 18:21:24,477 [626d1c86-c74d-4c1d-990a-e37ed735d25b-groupManagement] INFO  server.RaftServerConfigKeys (ConfUtils.java:logGet(46)) - raft.server.log.corruption.policy = EXCEPTION (default)
2023-08-31 18:21:24,477 [626d1c86-c74d-4c1d-990a-e37ed735d25b-groupManagement] INFO  server.RaftServerConfigKeys (ConfUtils.java:logGet(46)) - raft.server.storage.free-space.min = 0MB (=0) (default)
2023-08-31 18:21:24,477 [626d1c86-c74d-4c1d-990a-e37ed735d25b-groupManagement] INFO  server.RaftServerConfigKeys (ConfUtils.java:logGet(46)) - raft.server.notification.no-leader.timeout = 300s (custom)
2023-08-31 18:21:24,477 [626d1c86-c74d-4c1d-990a-e37ed735d25b-groupManagement] INFO  server.RaftServerConfigKeys (ConfUtils.java:logGet(46)) - raft.server.read.timeout = 10s (default)
2023-08-31 18:21:24,477 [626d1c86-c74d-4c1d-990a-e37ed735d25b-groupManagement] INFO  server.RaftServerConfigKeys (ConfUtils.java:logGet(46)) - raft.server.retrycache.expirytime = 600000ms (custom)
2023-08-31 18:21:24,477 [626d1c86-c74d-4c1d-990a-e37ed735d25b-groupManagement] INFO  server.RaftServerConfigKeys (ConfUtils.java:logGet(46)) - raft.server.retrycache.statistics.expirytime = 100μs (default)
2023-08-31 18:21:24,478 [626d1c86-c74d-4c1d-990a-e37ed735d25b-groupManagement] INFO  server.RaftServerConfigKeys (ConfUtils.java:logGet(46)) - raft.server.read.option = DEFAULT (default)
2023-08-31 18:21:24,478 [626d1c86-c74d-4c1d-990a-e37ed735d25b-groupManagement] INFO  server.RaftServerConfigKeys (ConfUtils.java:logGet(46)) - raft.server.rpc.request.timeout = 60s (custom)
2023-08-31 18:21:24,478 [626d1c86-c74d-4c1d-990a-e37ed735d25b-groupManagement] INFO  server.RaftServerConfigKeys (ConfUtils.java:logGet(46)) - raft.server.log.appender.install.snapshot.enabled = false (custom)
2023-08-31 18:21:24,478 [626d1c86-c74d-4c1d-990a-e37ed735d25b-groupManagement] INFO  server.RaftServerConfigKeys (ConfUtils.java:logGet(46)) - raft.server.threadpool.server.cached = true (default)
2023-08-31 18:21:24,479 [626d1c86-c74d-4c1d-990a-e37ed735d25b-groupManagement] INFO  server.RaftServerConfigKeys (ConfUtils.java:logGet(46)) - raft.server.threadpool.server.size = 0 (default)
2023-08-31 18:21:24,479 [626d1c86-c74d-4c1d-990a-e37ed735d25b-groupManagement] INFO  server.RaftServerConfigKeys (ConfUtils.java:logGet(46)) - raft.server.threadpool.client.cached = true (default)
2023-08-31 18:21:24,479 [626d1c86-c74d-4c1d-990a-e37ed735d25b-groupManagement] INFO  server.RaftServerConfigKeys (ConfUtils.java:logGet(46)) - raft.server.threadpool.client.size = 0 (default)
2023-08-31 18:21:24,479 [626d1c86-c74d-4c1d-990a-e37ed735d25b-groupManagement] INFO  storage.RaftStorageDirectory (RaftStorageDirectoryImpl.java:analyzeStorage(137)) - The storage directory /home/runner/work/ozone/ozone/hadoop-ozone/integration-test/target/test-dir/MiniOzoneClusterImpl-2bd935e6-826e-4dca-83cf-32fa945e0037/datanode-0/data/ratis/c47d7b28-5906-4b51-b110-a93631b5cc8e does not exist. Creating ...
2023-08-31 18:21:24,481 [626d1c86-c74d-4c1d-990a-e37ed735d25b-groupManagement] INFO  storage.RaftStorageDirectory (RaftStorageDirectoryImpl.java:tryLock(231)) - Lock on /home/runner/work/ozone/ozone/hadoop-ozone/integration-test/target/test-dir/MiniOzoneClusterImpl-2bd935e6-826e-4dca-83cf-32fa945e0037/datanode-0/data/ratis/c47d7b28-5906-4b51-b110-a93631b5cc8e/in_use.lock acquired by nodename 61743@fv-az1129-899
2023-08-31 18:21:24,483 [626d1c86-c74d-4c1d-990a-e37ed735d25b-groupManagement] INFO  storage.RaftStorage (RaftStorageImpl.java:format(96)) - Storage directory /home/runner/work/ozone/ozone/hadoop-ozone/integration-test/target/test-dir/MiniOzoneClusterImpl-2bd935e6-826e-4dca-83cf-32fa945e0037/datanode-0/data/ratis/c47d7b28-5906-4b51-b110-a93631b5cc8e has been successfully formatted.
2023-08-31 18:21:24,483 [626d1c86-c74d-4c1d-990a-e37ed735d25b-groupManagement] INFO  ratis.ContainerStateMachine (ContainerStateMachine.java:loadSnapshot(262)) - group-A93631B5CC8E: The snapshot info is null. Setting the last applied indexto:(t:0, i:~)
2023-08-31 18:21:24,483 [626d1c86-c74d-4c1d-990a-e37ed735d25b-groupManagement] INFO  server.RaftServerConfigKeys (ConfUtils.java:logGet(46)) - raft.server.log.use.memory = false (default)
2023-08-31 18:21:24,483 [626d1c86-c74d-4c1d-990a-e37ed735d25b-groupManagement] INFO  server.RaftServerConfigKeys (ConfUtils.java:logGet(46)) - raft.server.log.purge.gap = 1000000 (custom)
2023-08-31 18:21:24,484 [EventQueue-OpenPipelineForHealthyPipelineSafeModeRule] INFO  safemode.SCMSafeModeManager (HealthyPipelineSafeModeRule.java:process(137)) - SCM in safe mode. Healthy pipelines reported count is 0, required healthy pipeline reported count is 1
2023-08-31 18:21:24,484 [626d1c86-c74d-4c1d-990a-e37ed735d25b-groupManagement] INFO  server.RaftServerConfigKeys (ConfUtils.java:logGet(46)) - raft.server.log.appender.buffer.byte-limit = 33554432 (custom)
2023-08-31 18:21:24,484 [626d1c86-c74d-4c1d-990a-e37ed735d25b-groupManagement] INFO  server.RaftServerConfigKeys (ConfUtils.java:logGet(46)) - raft.server.log.statemachine.data.read.timeout = 1000ms (default)
2023-08-31 18:21:24,484 [626d1c86-c74d-4c1d-990a-e37ed735d25b-groupManagement] INFO  server.RaftServerConfigKeys (ConfUtils.java:logGet(46)) - raft.server.log.purge.preservation.log.num = 0 (default)
2023-08-31 18:21:24,485 [626d1c86-c74d-4c1d-990a-e37ed735d25b-groupManagement] INFO  server.RaftServerConfigKeys (ConfUtils.java:logGet(46)) - raft.server.log.segment.size.max = 1048576 (custom)
2023-08-31 18:21:24,485 [626d1c86-c74d-4c1d-990a-e37ed735d25b-groupManagement] INFO  server.RaftServerConfigKeys (ConfUtils.java:logGet(46)) - raft.server.log.segment.cache.num.max = 2 (custom)
2023-08-31 18:21:24,485 [626d1c86-c74d-4c1d-990a-e37ed735d25b-groupManagement] INFO  server.RaftServerConfigKeys (ConfUtils.java:logGet(46)) - raft.server.log.segment.cache.size.max = 200MB (=209715200) (default)
2023-08-31 18:21:24,485 [626d1c86-c74d-4c1d-990a-e37ed735d25b-groupManagement] INFO  server.RaftServerConfigKeys (ConfUtils.java:logGet(46)) - raft.server.log.appender.buffer.byte-limit = 33554432 (custom)
2023-08-31 18:21:24,485 [626d1c86-c74d-4c1d-990a-e37ed735d25b-groupManagement] INFO  segmented.SegmentedRaftLogWorker (SegmentedRaftLogWorker.java:<init>(188)) - new 626d1c86-c74d-4c1d-990a-e37ed735d25b@group-A93631B5CC8E-SegmentedRaftLogWorker for RaftStorageImpl:Storage Directory /home/runner/work/ozone/ozone/hadoop-ozone/integration-test/target/test-dir/MiniOzoneClusterImpl-2bd935e6-826e-4dca-83cf-32fa945e0037/datanode-0/data/ratis/c47d7b28-5906-4b51-b110-a93631b5cc8e
2023-08-31 18:21:24,485 [626d1c86-c74d-4c1d-990a-e37ed735d25b-groupManagement] INFO  server.RaftServerConfigKeys (ConfUtils.java:logGet(46)) - raft.server.log.queue.byte-limit = 4294967296 (custom)
2023-08-31 18:21:24,485 [626d1c86-c74d-4c1d-990a-e37ed735d25b-groupManagement] INFO  server.RaftServerConfigKeys (ConfUtils.java:logGet(46)) - raft.server.log.queue.element-limit = 1024 (custom)
2023-08-31 18:21:24,485 [626d1c86-c74d-4c1d-990a-e37ed735d25b-groupManagement] INFO  server.RaftServerConfigKeys (ConfUtils.java:logGet(46)) - raft.server.log.segment.size.max = 1048576 (custom)
2023-08-31 18:21:24,485 [626d1c86-c74d-4c1d-990a-e37ed735d25b-groupManagement] INFO  server.RaftServerConfigKeys (ConfUtils.java:logGet(46)) - raft.server.log.preallocated.size = 16384 (custom)
2023-08-31 18:21:24,485 [626d1c86-c74d-4c1d-990a-e37ed735d25b-groupManagement] INFO  server.RaftServerConfigKeys (ConfUtils.java:logGet(46)) - raft.server.log.force.sync.num = 128 (default)
2023-08-31 18:21:24,486 [626d1c86-c74d-4c1d-990a-e37ed735d25b-groupManagement] INFO  server.RaftServerConfigKeys (ConfUtils.java:logGet(46)) - raft.server.log.statemachine.data.sync = true (default)
2023-08-31 18:21:24,486 [626d1c86-c74d-4c1d-990a-e37ed735d25b-groupManagement] INFO  server.RaftServerConfigKeys (ConfUtils.java:logGet(46)) - raft.server.log.statemachine.data.sync.timeout = 10s (default)
2023-08-31 18:21:24,486 [626d1c86-c74d-4c1d-990a-e37ed735d25b-groupManagement] INFO  server.RaftServerConfigKeys (ConfUtils.java:logGet(46)) - raft.server.log.statemachine.data.sync.timeout.retry = -1 (default)
2023-08-31 18:21:24,486 [626d1c86-c74d-4c1d-990a-e37ed735d25b-groupManagement] INFO  server.RaftServerConfigKeys (ConfUtils.java:logGet(46)) - raft.server.log.write.buffer.size = 1048576 (custom)
2023-08-31 18:21:24,486 [626d1c86-c74d-4c1d-990a-e37ed735d25b-groupManagement] INFO  server.RaftServerConfigKeys (ConfUtils.java:logGet(46)) - raft.server.log.appender.buffer.byte-limit = 33554432 (custom)
2023-08-31 18:21:24,494 [626d1c86-c74d-4c1d-990a-e37ed735d25b-groupManagement] INFO  server.RaftServerConfigKeys (ConfUtils.java:logGet(46)) - raft.server.log.unsafe-flush.enabled = false (default)
2023-08-31 18:21:24,494 [626d1c86-c74d-4c1d-990a-e37ed735d25b-groupManagement] INFO  server.RaftServerConfigKeys (ConfUtils.java:logGet(46)) - raft.server.log.async-flush.enabled = false (default)
2023-08-31 18:21:24,494 [626d1c86-c74d-4c1d-990a-e37ed735d25b-groupManagement] INFO  server.RaftServerConfigKeys (ConfUtils.java:logGet(46)) - raft.server.log.statemachine.data.caching.enabled = true (custom)
2023-08-31 18:21:24,494 [626d1c86-c74d-4c1d-990a-e37ed735d25b-groupManagement] INFO  segmented.SegmentedRaftLogWorker (SegmentedRaftLogWorker.java:lambda$new$0(135)) - 626d1c86-c74d-4c1d-990a-e37ed735d25b@group-A93631B5CC8E-SegmentedRaftLogWorker: flushIndex: setUnconditionally 0 -> -1
2023-08-31 18:21:24,494 [626d1c86-c74d-4c1d-990a-e37ed735d25b-groupManagement] INFO  segmented.SegmentedRaftLogWorker (SegmentedRaftLogWorker.java:lambda$new$0(135)) - 626d1c86-c74d-4c1d-990a-e37ed735d25b@group-A93631B5CC8E-SegmentedRaftLogWorker: safeCacheEvictIndex: setUnconditionally 0 -> -1
2023-08-31 18:21:24,494 [626d1c86-c74d-4c1d-990a-e37ed735d25b-groupManagement] INFO  server.RaftServer$Division (RaftServerImpl.java:start(342)) - 626d1c86-c74d-4c1d-990a-e37ed735d25b@group-A93631B5CC8E: start as a follower, conf=-1: peers:[1126cc3a-7ff0-4671-a31f-fd81ce02ef68|rpc:10.1.0.8:15191|admin:10.1.0.8:15190|client:10.1.0.8:15189|dataStream:10.1.0.8:15192|priority:0|startupRole:FOLLOWER, 626d1c86-c74d-4c1d-990a-e37ed735d25b|rpc:10.1.0.8:15173|admin:10.1.0.8:15172|client:10.1.0.8:15171|dataStream:10.1.0.8:15174|priority:1|startupRole:FOLLOWER, 960d1597-fbff-49c3-85b3-41c3f78a7ab6|rpc:10.1.0.8:15182|admin:10.1.0.8:15181|client:10.1.0.8:15180|dataStream:10.1.0.8:15183|priority:0|startupRole:FOLLOWER]|listeners:[], old=null
2023-08-31 18:21:24,494 [626d1c86-c74d-4c1d-990a-e37ed735d25b-groupManagement] INFO  server.RaftServer$Division (RaftServerImpl.java:setRole(329)) - 626d1c86-c74d-4c1d-990a-e37ed735d25b@group-A93631B5CC8E: changes role from      null to FOLLOWER at term 0 for startAsFollower
2023-08-31 18:21:24,494 [626d1c86-c74d-4c1d-990a-e37ed735d25b-groupManagement] INFO  impl.RoleInfo (RoleInfo.java:updateAndGet(139)) - 626d1c86-c74d-4c1d-990a-e37ed735d25b: start 626d1c86-c74d-4c1d-990a-e37ed735d25b@group-A93631B5CC8E-FollowerState
2023-08-31 18:21:24,495 [626d1c86-c74d-4c1d-990a-e37ed735d25b-groupManagement] INFO  util.JmxRegister (JmxRegister.java:tryRegister(44)) - Successfully registered JMX Bean with object name Ratis:service=RaftServer,group=group-A93631B5CC8E,id=626d1c86-c74d-4c1d-990a-e37ed735d25b
2023-08-31 18:21:24,495 [626d1c86-c74d-4c1d-990a-e37ed735d25b@group-A93631B5CC8E-FollowerState] INFO  server.RaftServerConfigKeys (ConfUtils.java:logFallback(53)) - raft.server.rpc.first-election.timeout.min = 5s (fallback to raft.server.rpc.timeout.min)
2023-08-31 18:21:24,495 [626d1c86-c74d-4c1d-990a-e37ed735d25b-groupManagement] INFO  server.RaftServerConfigKeys (ConfUtils.java:logGet(46)) - raft.server.snapshot.auto.trigger.enabled = true (custom)
2023-08-31 18:21:24,495 [626d1c86-c74d-4c1d-990a-e37ed735d25b@group-A93631B5CC8E-FollowerState] INFO  server.RaftServerConfigKeys (ConfUtils.java:logFallback(53)) - raft.server.rpc.first-election.timeout.max = 5200ms (fallback to raft.server.rpc.timeout.max)
2023-08-31 18:21:24,495 [626d1c86-c74d-4c1d-990a-e37ed735d25b-groupManagement] INFO  server.RaftServerConfigKeys (ConfUtils.java:logGet(46)) - raft.server.snapshot.auto.trigger.threshold = 10000 (custom)
2023-08-31 18:21:24,495 [626d1c86-c74d-4c1d-990a-e37ed735d25b-groupManagement] INFO  server.RaftServerConfigKeys (ConfUtils.java:logGet(46)) - raft.server.snapshot.retention.file.num = 5 (custom)
2023-08-31 18:21:24,495 [626d1c86-c74d-4c1d-990a-e37ed735d25b-groupManagement] INFO  server.RaftServerConfigKeys (ConfUtils.java:logGet(46)) - raft.server.log.purge.upto.snapshot.index = false (default)
2023-08-31 18:21:24,496 [PipelineCommandHandlerThread-0] INFO  ratis.XceiverServerRatis (XceiverServerRatis.java:addGroup(804)) - Created group PipelineID=c47d7b28-5906-4b51-b110-a93631b5cc8e
2023-08-31 18:21:24,517 [grpc-default-executor-0] INFO  server.RaftServer (RaftServerProxy.java:addNew(98)) - 1126cc3a-7ff0-4671-a31f-fd81ce02ef68: addNew group-A93631B5CC8E:[1126cc3a-7ff0-4671-a31f-fd81ce02ef68|rpc:10.1.0.8:15191|admin:10.1.0.8:15190|client:10.1.0.8:15189|dataStream:10.1.0.8:15192|priority:0|startupRole:FOLLOWER, 626d1c86-c74d-4c1d-990a-e37ed735d25b|rpc:10.1.0.8:15173|admin:10.1.0.8:15172|client:10.1.0.8:15171|dataStream:10.1.0.8:15174|priority:1|startupRole:FOLLOWER, 960d1597-fbff-49c3-85b3-41c3f78a7ab6|rpc:10.1.0.8:15182|admin:10.1.0.8:15181|client:10.1.0.8:15180|dataStream:10.1.0.8:15183|priority:0|startupRole:FOLLOWER] returns group-A93631B5CC8E:java.util.concurrent.CompletableFuture@12b92d0f[Not completed]
2023-08-31 18:21:24,518 [1126cc3a-7ff0-4671-a31f-fd81ce02ef68-groupManagement] INFO  server.RaftServer$Division (RaftServerImpl.java:<init>(198)) - 1126cc3a-7ff0-4671-a31f-fd81ce02ef68: new RaftServerImpl for group-A93631B5CC8E:[1126cc3a-7ff0-4671-a31f-fd81ce02ef68|rpc:10.1.0.8:15191|admin:10.1.0.8:15190|client:10.1.0.8:15189|dataStream:10.1.0.8:15192|priority:0|startupRole:FOLLOWER, 626d1c86-c74d-4c1d-990a-e37ed735d25b|rpc:10.1.0.8:15173|admin:10.1.0.8:15172|client:10.1.0.8:15171|dataStream:10.1.0.8:15174|priority:1|startupRole:FOLLOWER, 960d1597-fbff-49c3-85b3-41c3f78a7ab6|rpc:10.1.0.8:15182|admin:10.1.0.8:15181|client:10.1.0.8:15180|dataStream:10.1.0.8:15183|priority:0|startupRole:FOLLOWER] with ContainerStateMachine:uninitialized
2023-08-31 18:21:24,518 [1126cc3a-7ff0-4671-a31f-fd81ce02ef68-groupManagement] INFO  server.RaftServerConfigKeys (ConfUtils.java:logGet(46)) - raft.server.rpc.timeout.min = 5s (custom)
2023-08-31 18:21:24,518 [1126cc3a-7ff0-4671-a31f-fd81ce02ef68-groupManagement] INFO  server.RaftServerConfigKeys (ConfUtils.java:logGet(46)) - raft.server.rpc.timeout.max = 5200ms (custom)
2023-08-31 18:21:24,518 [1126cc3a-7ff0-4671-a31f-fd81ce02ef68-groupManagement] INFO  server.RaftServerConfigKeys (ConfUtils.java:logGet(46)) - raft.server.rpc.sleep.time = 25ms (default)
2023-08-31 18:21:24,518 [1126cc3a-7ff0-4671-a31f-fd81ce02ef68-groupManagement] INFO  server.RaftServerConfigKeys (ConfUtils.java:logGet(46)) - raft.server.rpc.slowness.timeout = 300s (custom)
2023-08-31 18:21:24,518 [1126cc3a-7ff0-4671-a31f-fd81ce02ef68-groupManagement] INFO  server.RaftServerConfigKeys (ConfUtils.java:logGet(46)) - raft.server.leaderelection.leader.step-down.wait-time = 10s (default)
2023-08-31 18:21:24,518 [1126cc3a-7ff0-4671-a31f-fd81ce02ef68-groupManagement] INFO  server.RaftServerConfigKeys (ConfUtils.java:logGet(46)) - raft.server.sleep.deviation.threshold = 300ms (default)
2023-08-31 18:21:24,519 [1126cc3a-7ff0-4671-a31f-fd81ce02ef68-groupManagement] INFO  server.RaftServer$Division (ServerState.java:<init>(120)) - 1126cc3a-7ff0-4671-a31f-fd81ce02ef68@group-A93631B5CC8E: ConfigurationManager, init=-1: peers:[1126cc3a-7ff0-4671-a31f-fd81ce02ef68|rpc:10.1.0.8:15191|admin:10.1.0.8:15190|client:10.1.0.8:15189|dataStream:10.1.0.8:15192|priority:0|startupRole:FOLLOWER, 626d1c86-c74d-4c1d-990a-e37ed735d25b|rpc:10.1.0.8:15173|admin:10.1.0.8:15172|client:10.1.0.8:15171|dataStream:10.1.0.8:15174|priority:1|startupRole:FOLLOWER, 960d1597-fbff-49c3-85b3-41c3f78a7ab6|rpc:10.1.0.8:15182|admin:10.1.0.8:15181|client:10.1.0.8:15180|dataStream:10.1.0.8:15183|priority:0|startupRole:FOLLOWER]|listeners:[], old=null, confs=<EMPTY_MAP>
2023-08-31 18:21:24,519 [1126cc3a-7ff0-4671-a31f-fd81ce02ef68-groupManagement] INFO  server.RaftServerConfigKeys (ConfUtils.java:logGet(46)) - raft.server.storage.dir = [/home/runner/work/ozone/ozone/hadoop-ozone/integration-test/target/test-dir/MiniOzoneClusterImpl-2bd935e6-826e-4dca-83cf-32fa945e0037/datanode-2/data/ratis] (custom)
2023-08-31 18:21:24,520 [1126cc3a-7ff0-4671-a31f-fd81ce02ef68-groupManagement] INFO  server.RaftServerConfigKeys (ConfUtils.java:logGet(46)) - raft.server.log.corruption.policy = EXCEPTION (default)
2023-08-31 18:21:24,521 [1126cc3a-7ff0-4671-a31f-fd81ce02ef68-groupManagement] INFO  server.RaftServerConfigKeys (ConfUtils.java:logGet(46)) - raft.server.storage.free-space.min = 0MB (=0) (default)
2023-08-31 18:21:24,521 [1126cc3a-7ff0-4671-a31f-fd81ce02ef68-groupManagement] INFO  server.RaftServerConfigKeys (ConfUtils.java:logGet(46)) - raft.server.notification.no-leader.timeout = 300s (custom)
2023-08-31 18:21:24,521 [1126cc3a-7ff0-4671-a31f-fd81ce02ef68-groupManagement] INFO  server.RaftServerConfigKeys (ConfUtils.java:logGet(46)) - raft.server.read.timeout = 10s (default)
2023-08-31 18:21:24,521 [1126cc3a-7ff0-4671-a31f-fd81ce02ef68-groupManagement] INFO  server.RaftServerConfigKeys (ConfUtils.java:logGet(46)) - raft.server.retrycache.expirytime = 600000ms (custom)
2023-08-31 18:21:24,521 [1126cc3a-7ff0-4671-a31f-fd81ce02ef68-groupManagement] INFO  server.RaftServerConfigKeys (ConfUtils.java:logGet(46)) - raft.server.retrycache.statistics.expirytime = 100μs (default)
2023-08-31 18:21:24,521 [1126cc3a-7ff0-4671-a31f-fd81ce02ef68-groupManagement] INFO  server.RaftServerConfigKeys (ConfUtils.java:logGet(46)) - raft.server.read.option = DEFAULT (default)
2023-08-31 18:21:24,522 [1126cc3a-7ff0-4671-a31f-fd81ce02ef68-groupManagement] INFO  server.RaftServerConfigKeys (ConfUtils.java:logGet(46)) - raft.server.rpc.request.timeout = 60s (custom)
2023-08-31 18:21:24,522 [1126cc3a-7ff0-4671-a31f-fd81ce02ef68-groupManagement] INFO  server.RaftServerConfigKeys (ConfUtils.java:logGet(46)) - raft.server.log.appender.install.snapshot.enabled = false (custom)
2023-08-31 18:21:24,522 [1126cc3a-7ff0-4671-a31f-fd81ce02ef68-groupManagement] INFO  server.RaftServerConfigKeys (ConfUtils.java:logGet(46)) - raft.server.threadpool.server.cached = true (default)
2023-08-31 18:21:24,522 [1126cc3a-7ff0-4671-a31f-fd81ce02ef68-groupManagement] INFO  server.RaftServerConfigKeys (ConfUtils.java:logGet(46)) - raft.server.threadpool.server.size = 0 (default)
2023-08-31 18:21:24,522 [1126cc3a-7ff0-4671-a31f-fd81ce02ef68-groupManagement] INFO  server.RaftServerConfigKeys (ConfUtils.java:logGet(46)) - raft.server.threadpool.client.cached = true (default)
2023-08-31 18:21:24,522 [1126cc3a-7ff0-4671-a31f-fd81ce02ef68-groupManagement] INFO  server.RaftServerConfigKeys (ConfUtils.java:logGet(46)) - raft.server.threadpool.client.size = 0 (default)
2023-08-31 18:21:24,522 [1126cc3a-7ff0-4671-a31f-fd81ce02ef68-groupManagement] INFO  storage.RaftStorageDirectory (RaftStorageDirectoryImpl.java:analyzeStorage(137)) - The storage directory /home/runner/work/ozone/ozone/hadoop-ozone/integration-test/target/test-dir/MiniOzoneClusterImpl-2bd935e6-826e-4dca-83cf-32fa945e0037/datanode-2/data/ratis/c47d7b28-5906-4b51-b110-a93631b5cc8e does not exist. Creating ...
2023-08-31 18:21:24,524 [1126cc3a-7ff0-4671-a31f-fd81ce02ef68-groupManagement] INFO  storage.RaftStorageDirectory (RaftStorageDirectoryImpl.java:tryLock(231)) - Lock on /home/runner/work/ozone/ozone/hadoop-ozone/integration-test/target/test-dir/MiniOzoneClusterImpl-2bd935e6-826e-4dca-83cf-32fa945e0037/datanode-2/data/ratis/c47d7b28-5906-4b51-b110-a93631b5cc8e/in_use.lock acquired by nodename 61743@fv-az1129-899
2023-08-31 18:21:24,526 [1126cc3a-7ff0-4671-a31f-fd81ce02ef68-groupManagement] INFO  storage.RaftStorage (RaftStorageImpl.java:format(96)) - Storage directory /home/runner/work/ozone/ozone/hadoop-ozone/integration-test/target/test-dir/MiniOzoneClusterImpl-2bd935e6-826e-4dca-83cf-32fa945e0037/datanode-2/data/ratis/c47d7b28-5906-4b51-b110-a93631b5cc8e has been successfully formatted.
2023-08-31 18:21:24,527 [1126cc3a-7ff0-4671-a31f-fd81ce02ef68-groupManagement] INFO  ratis.ContainerStateMachine (ContainerStateMachine.java:loadSnapshot(262)) - group-A93631B5CC8E: The snapshot info is null. Setting the last applied indexto:(t:0, i:~)
2023-08-31 18:21:24,527 [1126cc3a-7ff0-4671-a31f-fd81ce02ef68-groupManagement] INFO  server.RaftServerConfigKeys (ConfUtils.java:logGet(46)) - raft.server.log.use.memory = false (default)
2023-08-31 18:21:24,527 [1126cc3a-7ff0-4671-a31f-fd81ce02ef68-groupManagement] INFO  server.RaftServerConfigKeys (ConfUtils.java:logGet(46)) - raft.server.log.purge.gap = 1000000 (custom)
2023-08-31 18:21:24,527 [1126cc3a-7ff0-4671-a31f-fd81ce02ef68-groupManagement] INFO  server.RaftServerConfigKeys (ConfUtils.java:logGet(46)) - raft.server.log.appender.buffer.byte-limit = 33554432 (custom)
2023-08-31 18:21:24,527 [1126cc3a-7ff0-4671-a31f-fd81ce02ef68-groupManagement] INFO  server.RaftServerConfigKeys (ConfUtils.java:logGet(46)) - raft.server.log.statemachine.data.read.timeout = 1000ms (default)
2023-08-31 18:21:24,527 [1126cc3a-7ff0-4671-a31f-fd81ce02ef68-groupManagement] INFO  server.RaftServerConfigKeys (ConfUtils.java:logGet(46)) - raft.server.log.purge.preservation.log.num = 0 (default)
2023-08-31 18:21:24,528 [1126cc3a-7ff0-4671-a31f-fd81ce02ef68-groupManagement] INFO  server.RaftServerConfigKeys (ConfUtils.java:logGet(46)) - raft.server.log.segment.size.max = 1048576 (custom)
2023-08-31 18:21:24,528 [1126cc3a-7ff0-4671-a31f-fd81ce02ef68-groupManagement] INFO  server.RaftServerConfigKeys (ConfUtils.java:logGet(46)) - raft.server.log.segment.cache.num.max = 2 (custom)
2023-08-31 18:21:24,528 [1126cc3a-7ff0-4671-a31f-fd81ce02ef68-groupManagement] INFO  server.RaftServerConfigKeys (ConfUtils.java:logGet(46)) - raft.server.log.segment.cache.size.max = 200MB (=209715200) (default)
2023-08-31 18:21:24,528 [1126cc3a-7ff0-4671-a31f-fd81ce02ef68-groupManagement] INFO  server.RaftServerConfigKeys (ConfUtils.java:logGet(46)) - raft.server.log.appender.buffer.byte-limit = 33554432 (custom)
2023-08-31 18:21:24,528 [1126cc3a-7ff0-4671-a31f-fd81ce02ef68-groupManagement] INFO  segmented.SegmentedRaftLogWorker (SegmentedRaftLogWorker.java:<init>(188)) - new 1126cc3a-7ff0-4671-a31f-fd81ce02ef68@group-A93631B5CC8E-SegmentedRaftLogWorker for RaftStorageImpl:Storage Directory /home/runner/work/ozone/ozone/hadoop-ozone/integration-test/target/test-dir/MiniOzoneClusterImpl-2bd935e6-826e-4dca-83cf-32fa945e0037/datanode-2/data/ratis/c47d7b28-5906-4b51-b110-a93631b5cc8e
2023-08-31 18:21:24,528 [1126cc3a-7ff0-4671-a31f-fd81ce02ef68-groupManagement] INFO  server.RaftServerConfigKeys (ConfUtils.java:logGet(46)) - raft.server.log.queue.byte-limit = 4294967296 (custom)
2023-08-31 18:21:24,528 [1126cc3a-7ff0-4671-a31f-fd81ce02ef68-groupManagement] INFO  server.RaftServerConfigKeys (ConfUtils.java:logGet(46)) - raft.server.log.queue.element-limit = 1024 (custom)
2023-08-31 18:21:24,528 [1126cc3a-7ff0-4671-a31f-fd81ce02ef68-groupManagement] INFO  server.RaftServerConfigKeys (ConfUtils.java:logGet(46)) - raft.server.log.segment.size.max = 1048576 (custom)
2023-08-31 18:21:24,529 [1126cc3a-7ff0-4671-a31f-fd81ce02ef68-groupManagement] INFO  server.RaftServerConfigKeys (ConfUtils.java:logGet(46)) - raft.server.log.preallocated.size = 16384 (custom)
2023-08-31 18:21:24,529 [1126cc3a-7ff0-4671-a31f-fd81ce02ef68-groupManagement] INFO  server.RaftServerConfigKeys (ConfUtils.java:logGet(46)) - raft.server.log.force.sync.num = 128 (default)
2023-08-31 18:21:24,529 [1126cc3a-7ff0-4671-a31f-fd81ce02ef68-groupManagement] INFO  server.RaftServerConfigKeys (ConfUtils.java:logGet(46)) - raft.server.log.statemachine.data.sync = true (default)
2023-08-31 18:21:24,529 [1126cc3a-7ff0-4671-a31f-fd81ce02ef68-groupManagement] INFO  server.RaftServerConfigKeys (ConfUtils.java:logGet(46)) - raft.server.log.statemachine.data.sync.timeout = 10s (default)
2023-08-31 18:21:24,529 [1126cc3a-7ff0-4671-a31f-fd81ce02ef68-groupManagement] INFO  server.RaftServerConfigKeys (ConfUtils.java:logGet(46)) - raft.server.log.statemachine.data.sync.timeout.retry = -1 (default)
2023-08-31 18:21:24,529 [1126cc3a-7ff0-4671-a31f-fd81ce02ef68-groupManagement] INFO  server.RaftServerConfigKeys (ConfUtils.java:logGet(46)) - raft.server.log.write.buffer.size = 1048576 (custom)
2023-08-31 18:21:24,529 [1126cc3a-7ff0-4671-a31f-fd81ce02ef68-groupManagement] INFO  server.RaftServerConfigKeys (ConfUtils.java:logGet(46)) - raft.server.log.appender.buffer.byte-limit = 33554432 (custom)
2023-08-31 18:21:24,536 [1126cc3a-7ff0-4671-a31f-fd81ce02ef68-groupManagement] INFO  server.RaftServerConfigKeys (ConfUtils.java:logGet(46)) - raft.server.log.unsafe-flush.enabled = false (default)
2023-08-31 18:21:24,536 [1126cc3a-7ff0-4671-a31f-fd81ce02ef68-groupManagement] INFO  server.RaftServerConfigKeys (ConfUtils.java:logGet(46)) - raft.server.log.async-flush.enabled = false (default)
2023-08-31 18:21:24,536 [1126cc3a-7ff0-4671-a31f-fd81ce02ef68-groupManagement] INFO  server.RaftServerConfigKeys (ConfUtils.java:logGet(46)) - raft.server.log.statemachine.data.caching.enabled = true (custom)
2023-08-31 18:21:24,536 [1126cc3a-7ff0-4671-a31f-fd81ce02ef68-groupManagement] INFO  segmented.SegmentedRaftLogWorker (SegmentedRaftLogWorker.java:lambda$new$0(135)) - 1126cc3a-7ff0-4671-a31f-fd81ce02ef68@group-A93631B5CC8E-SegmentedRaftLogWorker: flushIndex: setUnconditionally 0 -> -1
2023-08-31 18:21:24,536 [1126cc3a-7ff0-4671-a31f-fd81ce02ef68-groupManagement] INFO  segmented.SegmentedRaftLogWorker (SegmentedRaftLogWorker.java:lambda$new$0(135)) - 1126cc3a-7ff0-4671-a31f-fd81ce02ef68@group-A93631B5CC8E-SegmentedRaftLogWorker: safeCacheEvictIndex: setUnconditionally 0 -> -1
2023-08-31 18:21:24,537 [1126cc3a-7ff0-4671-a31f-fd81ce02ef68-groupManagement] INFO  server.RaftServer$Division (RaftServerImpl.java:start(342)) - 1126cc3a-7ff0-4671-a31f-fd81ce02ef68@group-A93631B5CC8E: start as a follower, conf=-1: peers:[1126cc3a-7ff0-4671-a31f-fd81ce02ef68|rpc:10.1.0.8:15191|admin:10.1.0.8:15190|client:10.1.0.8:15189|dataStream:10.1.0.8:15192|priority:0|startupRole:FOLLOWER, 626d1c86-c74d-4c1d-990a-e37ed735d25b|rpc:10.1.0.8:15173|admin:10.1.0.8:15172|client:10.1.0.8:15171|dataStream:10.1.0.8:15174|priority:1|startupRole:FOLLOWER, 960d1597-fbff-49c3-85b3-41c3f78a7ab6|rpc:10.1.0.8:15182|admin:10.1.0.8:15181|client:10.1.0.8:15180|dataStream:10.1.0.8:15183|priority:0|startupRole:FOLLOWER]|listeners:[], old=null
2023-08-31 18:21:24,537 [1126cc3a-7ff0-4671-a31f-fd81ce02ef68-groupManagement] INFO  server.RaftServer$Division (RaftServerImpl.java:setRole(329)) - 1126cc3a-7ff0-4671-a31f-fd81ce02ef68@group-A93631B5CC8E: changes role from      null to FOLLOWER at term 0 for startAsFollower
2023-08-31 18:21:24,537 [1126cc3a-7ff0-4671-a31f-fd81ce02ef68-groupManagement] INFO  impl.RoleInfo (RoleInfo.java:updateAndGet(139)) - 1126cc3a-7ff0-4671-a31f-fd81ce02ef68: start 1126cc3a-7ff0-4671-a31f-fd81ce02ef68@group-A93631B5CC8E-FollowerState
2023-08-31 18:21:24,537 [1126cc3a-7ff0-4671-a31f-fd81ce02ef68-groupManagement] INFO  util.JmxRegister (JmxRegister.java:tryRegister(44)) - Successfully registered JMX Bean with object name Ratis:service=RaftServer,group=group-A93631B5CC8E,id=1126cc3a-7ff0-4671-a31f-fd81ce02ef68
2023-08-31 18:21:24,537 [1126cc3a-7ff0-4671-a31f-fd81ce02ef68@group-A93631B5CC8E-FollowerState] INFO  server.RaftServerConfigKeys (ConfUtils.java:logFallback(53)) - raft.server.rpc.first-election.timeout.min = 5s (fallback to raft.server.rpc.timeout.min)
2023-08-31 18:21:24,537 [1126cc3a-7ff0-4671-a31f-fd81ce02ef68-groupManagement] INFO  server.RaftServerConfigKeys (ConfUtils.java:logGet(46)) - raft.server.snapshot.auto.trigger.enabled = true (custom)
2023-08-31 18:21:24,537 [1126cc3a-7ff0-4671-a31f-fd81ce02ef68@group-A93631B5CC8E-FollowerState] INFO  server.RaftServerConfigKeys (ConfUtils.java:logFallback(53)) - raft.server.rpc.first-election.timeout.max = 5200ms (fallback to raft.server.rpc.timeout.max)
2023-08-31 18:21:24,537 [1126cc3a-7ff0-4671-a31f-fd81ce02ef68-groupManagement] INFO  server.RaftServerConfigKeys (ConfUtils.java:logGet(46)) - raft.server.snapshot.auto.trigger.threshold = 10000 (custom)
2023-08-31 18:21:24,537 [1126cc3a-7ff0-4671-a31f-fd81ce02ef68-groupManagement] INFO  server.RaftServerConfigKeys (ConfUtils.java:logGet(46)) - raft.server.snapshot.retention.file.num = 5 (custom)
2023-08-31 18:21:24,538 [1126cc3a-7ff0-4671-a31f-fd81ce02ef68-groupManagement] INFO  server.RaftServerConfigKeys (ConfUtils.java:logGet(46)) - raft.server.log.purge.upto.snapshot.index = false (default)
2023-08-31 18:21:24,566 [grpc-default-executor-0] INFO  server.RaftServer (RaftServerProxy.java:addNew(98)) - 960d1597-fbff-49c3-85b3-41c3f78a7ab6: addNew group-A93631B5CC8E:[1126cc3a-7ff0-4671-a31f-fd81ce02ef68|rpc:10.1.0.8:15191|admin:10.1.0.8:15190|client:10.1.0.8:15189|dataStream:10.1.0.8:15192|priority:0|startupRole:FOLLOWER, 626d1c86-c74d-4c1d-990a-e37ed735d25b|rpc:10.1.0.8:15173|admin:10.1.0.8:15172|client:10.1.0.8:15171|dataStream:10.1.0.8:15174|priority:1|startupRole:FOLLOWER, 960d1597-fbff-49c3-85b3-41c3f78a7ab6|rpc:10.1.0.8:15182|admin:10.1.0.8:15181|client:10.1.0.8:15180|dataStream:10.1.0.8:15183|priority:0|startupRole:FOLLOWER] returns group-A93631B5CC8E:java.util.concurrent.CompletableFuture@7c06a854[Not completed]
2023-08-31 18:21:24,567 [960d1597-fbff-49c3-85b3-41c3f78a7ab6-groupManagement] INFO  server.RaftServer$Division (RaftServerImpl.java:<init>(198)) - 960d1597-fbff-49c3-85b3-41c3f78a7ab6: new RaftServerImpl for group-A93631B5CC8E:[1126cc3a-7ff0-4671-a31f-fd81ce02ef68|rpc:10.1.0.8:15191|admin:10.1.0.8:15190|client:10.1.0.8:15189|dataStream:10.1.0.8:15192|priority:0|startupRole:FOLLOWER, 626d1c86-c74d-4c1d-990a-e37ed735d25b|rpc:10.1.0.8:15173|admin:10.1.0.8:15172|client:10.1.0.8:15171|dataStream:10.1.0.8:15174|priority:1|startupRole:FOLLOWER, 960d1597-fbff-49c3-85b3-41c3f78a7ab6|rpc:10.1.0.8:15182|admin:10.1.0.8:15181|client:10.1.0.8:15180|dataStream:10.1.0.8:15183|priority:0|startupRole:FOLLOWER] with ContainerStateMachine:uninitialized
2023-08-31 18:21:24,567 [960d1597-fbff-49c3-85b3-41c3f78a7ab6-groupManagement] INFO  server.RaftServerConfigKeys (ConfUtils.java:logGet(46)) - raft.server.rpc.timeout.min = 5s (custom)
2023-08-31 18:21:24,567 [960d1597-fbff-49c3-85b3-41c3f78a7ab6-groupManagement] INFO  server.RaftServerConfigKeys (ConfUtils.java:logGet(46)) - raft.server.rpc.timeout.max = 5200ms (custom)
2023-08-31 18:21:24,567 [960d1597-fbff-49c3-85b3-41c3f78a7ab6-groupManagement] INFO  server.RaftServerConfigKeys (ConfUtils.java:logGet(46)) - raft.server.rpc.sleep.time = 25ms (default)
2023-08-31 18:21:24,567 [960d1597-fbff-49c3-85b3-41c3f78a7ab6-groupManagement] INFO  server.RaftServerConfigKeys (ConfUtils.java:logGet(46)) - raft.server.rpc.slowness.timeout = 300s (custom)
2023-08-31 18:21:24,567 [960d1597-fbff-49c3-85b3-41c3f78a7ab6-groupManagement] INFO  server.RaftServerConfigKeys (ConfUtils.java:logGet(46)) - raft.server.leaderelection.leader.step-down.wait-time = 10s (default)
2023-08-31 18:21:24,567 [960d1597-fbff-49c3-85b3-41c3f78a7ab6-groupManagement] INFO  server.RaftServerConfigKeys (ConfUtils.java:logGet(46)) - raft.server.sleep.deviation.threshold = 300ms (default)
2023-08-31 18:21:24,567 [960d1597-fbff-49c3-85b3-41c3f78a7ab6-groupManagement] INFO  server.RaftServer$Division (ServerState.java:<init>(120)) - 960d1597-fbff-49c3-85b3-41c3f78a7ab6@group-A93631B5CC8E: ConfigurationManager, init=-1: peers:[1126cc3a-7ff0-4671-a31f-fd81ce02ef68|rpc:10.1.0.8:15191|admin:10.1.0.8:15190|client:10.1.0.8:15189|dataStream:10.1.0.8:15192|priority:0|startupRole:FOLLOWER, 626d1c86-c74d-4c1d-990a-e37ed735d25b|rpc:10.1.0.8:15173|admin:10.1.0.8:15172|client:10.1.0.8:15171|dataStream:10.1.0.8:15174|priority:1|startupRole:FOLLOWER, 960d1597-fbff-49c3-85b3-41c3f78a7ab6|rpc:10.1.0.8:15182|admin:10.1.0.8:15181|client:10.1.0.8:15180|dataStream:10.1.0.8:15183|priority:0|startupRole:FOLLOWER]|listeners:[], old=null, confs=<EMPTY_MAP>
2023-08-31 18:21:24,568 [960d1597-fbff-49c3-85b3-41c3f78a7ab6-groupManagement] INFO  server.RaftServerConfigKeys (ConfUtils.java:logGet(46)) - raft.server.storage.dir = [/home/runner/work/ozone/ozone/hadoop-ozone/integration-test/target/test-dir/MiniOzoneClusterImpl-2bd935e6-826e-4dca-83cf-32fa945e0037/datanode-1/data/ratis] (custom)
2023-08-31 18:21:24,568 [960d1597-fbff-49c3-85b3-41c3f78a7ab6-groupManagement] INFO  server.RaftServerConfigKeys (ConfUtils.java:logGet(46)) - raft.server.log.corruption.policy = EXCEPTION (default)
2023-08-31 18:21:24,568 [960d1597-fbff-49c3-85b3-41c3f78a7ab6-groupManagement] INFO  server.RaftServerConfigKeys (ConfUtils.java:logGet(46)) - raft.server.storage.free-space.min = 0MB (=0) (default)
2023-08-31 18:21:24,568 [960d1597-fbff-49c3-85b3-41c3f78a7ab6-groupManagement] INFO  server.RaftServerConfigKeys (ConfUtils.java:logGet(46)) - raft.server.notification.no-leader.timeout = 300s (custom)
2023-08-31 18:21:24,568 [960d1597-fbff-49c3-85b3-41c3f78a7ab6-groupManagement] INFO  server.RaftServerConfigKeys (ConfUtils.java:logGet(46)) - raft.server.read.timeout = 10s (default)
2023-08-31 18:21:24,568 [960d1597-fbff-49c3-85b3-41c3f78a7ab6-groupManagement] INFO  server.RaftServerConfigKeys (ConfUtils.java:logGet(46)) - raft.server.retrycache.expirytime = 600000ms (custom)
2023-08-31 18:21:24,568 [960d1597-fbff-49c3-85b3-41c3f78a7ab6-groupManagement] INFO  server.RaftServerConfigKeys (ConfUtils.java:logGet(46)) - raft.server.retrycache.statistics.expirytime = 100μs (default)
2023-08-31 18:21:24,568 [960d1597-fbff-49c3-85b3-41c3f78a7ab6-groupManagement] INFO  server.RaftServerConfigKeys (ConfUtils.java:logGet(46)) - raft.server.read.option = DEFAULT (default)
2023-08-31 18:21:24,569 [960d1597-fbff-49c3-85b3-41c3f78a7ab6-groupManagement] INFO  server.RaftServerConfigKeys (ConfUtils.java:logGet(46)) - raft.server.rpc.request.timeout = 60s (custom)
2023-08-31 18:21:24,569 [960d1597-fbff-49c3-85b3-41c3f78a7ab6-groupManagement] INFO  server.RaftServerConfigKeys (ConfUtils.java:logGet(46)) - raft.server.log.appender.install.snapshot.enabled = false (custom)
2023-08-31 18:21:24,569 [960d1597-fbff-49c3-85b3-41c3f78a7ab6-groupManagement] INFO  server.RaftServerConfigKeys (ConfUtils.java:logGet(46)) - raft.server.threadpool.server.cached = true (default)
2023-08-31 18:21:24,569 [960d1597-fbff-49c3-85b3-41c3f78a7ab6-groupManagement] INFO  server.RaftServerConfigKeys (ConfUtils.java:logGet(46)) - raft.server.threadpool.server.size = 0 (default)
2023-08-31 18:21:24,569 [960d1597-fbff-49c3-85b3-41c3f78a7ab6-groupManagement] INFO  server.RaftServerConfigKeys (ConfUtils.java:logGet(46)) - raft.server.threadpool.client.cached = true (default)
2023-08-31 18:21:24,569 [960d1597-fbff-49c3-85b3-41c3f78a7ab6-groupManagement] INFO  server.RaftServerConfigKeys (ConfUtils.java:logGet(46)) - raft.server.threadpool.client.size = 0 (default)
2023-08-31 18:21:24,569 [960d1597-fbff-49c3-85b3-41c3f78a7ab6-groupManagement] INFO  storage.RaftStorageDirectory (RaftStorageDirectoryImpl.java:analyzeStorage(137)) - The storage directory /home/runner/work/ozone/ozone/hadoop-ozone/integration-test/target/test-dir/MiniOzoneClusterImpl-2bd935e6-826e-4dca-83cf-32fa945e0037/datanode-1/data/ratis/c47d7b28-5906-4b51-b110-a93631b5cc8e does not exist. Creating ...
2023-08-31 18:21:24,572 [960d1597-fbff-49c3-85b3-41c3f78a7ab6-groupManagement] INFO  storage.RaftStorageDirectory (RaftStorageDirectoryImpl.java:tryLock(231)) - Lock on /home/runner/work/ozone/ozone/hadoop-ozone/integration-test/target/test-dir/MiniOzoneClusterImpl-2bd935e6-826e-4dca-83cf-32fa945e0037/datanode-1/data/ratis/c47d7b28-5906-4b51-b110-a93631b5cc8e/in_use.lock acquired by nodename 61743@fv-az1129-899
2023-08-31 18:21:24,574 [960d1597-fbff-49c3-85b3-41c3f78a7ab6-groupManagement] INFO  storage.RaftStorage (RaftStorageImpl.java:format(96)) - Storage directory /home/runner/work/ozone/ozone/hadoop-ozone/integration-test/target/test-dir/MiniOzoneClusterImpl-2bd935e6-826e-4dca-83cf-32fa945e0037/datanode-1/data/ratis/c47d7b28-5906-4b51-b110-a93631b5cc8e has been successfully formatted.
2023-08-31 18:21:24,575 [960d1597-fbff-49c3-85b3-41c3f78a7ab6-groupManagement] INFO  ratis.ContainerStateMachine (ContainerStateMachine.java:loadSnapshot(262)) - group-A93631B5CC8E: The snapshot info is null. Setting the last applied indexto:(t:0, i:~)
2023-08-31 18:21:24,575 [960d1597-fbff-49c3-85b3-41c3f78a7ab6-groupManagement] INFO  server.RaftServerConfigKeys (ConfUtils.java:logGet(46)) - raft.server.log.use.memory = false (default)
2023-08-31 18:21:24,575 [960d1597-fbff-49c3-85b3-41c3f78a7ab6-groupManagement] INFO  server.RaftServerConfigKeys (ConfUtils.java:logGet(46)) - raft.server.log.purge.gap = 1000000 (custom)
2023-08-31 18:21:24,575 [960d1597-fbff-49c3-85b3-41c3f78a7ab6-groupManagement] INFO  server.RaftServerConfigKeys (ConfUtils.java:logGet(46)) - raft.server.log.appender.buffer.byte-limit = 33554432 (custom)
2023-08-31 18:21:24,575 [960d1597-fbff-49c3-85b3-41c3f78a7ab6-groupManagement] INFO  server.RaftServerConfigKeys (ConfUtils.java:logGet(46)) - raft.server.log.statemachine.data.read.timeout = 1000ms (default)
2023-08-31 18:21:24,575 [960d1597-fbff-49c3-85b3-41c3f78a7ab6-groupManagement] INFO  server.RaftServerConfigKeys (ConfUtils.java:logGet(46)) - raft.server.log.purge.preservation.log.num = 0 (default)
2023-08-31 18:21:24,576 [960d1597-fbff-49c3-85b3-41c3f78a7ab6-groupManagement] INFO  server.RaftServerConfigKeys (ConfUtils.java:logGet(46)) - raft.server.log.segment.size.max = 1048576 (custom)
2023-08-31 18:21:24,576 [960d1597-fbff-49c3-85b3-41c3f78a7ab6-groupManagement] INFO  server.RaftServerConfigKeys (ConfUtils.java:logGet(46)) - raft.server.log.segment.cache.num.max = 2 (custom)
2023-08-31 18:21:24,576 [960d1597-fbff-49c3-85b3-41c3f78a7ab6-groupManagement] INFO  server.RaftServerConfigKeys (ConfUtils.java:logGet(46)) - raft.server.log.segment.cache.size.max = 200MB (=209715200) (default)
2023-08-31 18:21:24,576 [960d1597-fbff-49c3-85b3-41c3f78a7ab6-groupManagement] INFO  server.RaftServerConfigKeys (ConfUtils.java:logGet(46)) - raft.server.log.appender.buffer.byte-limit = 33554432 (custom)
2023-08-31 18:21:24,576 [960d1597-fbff-49c3-85b3-41c3f78a7ab6-groupManagement] INFO  segmented.SegmentedRaftLogWorker (SegmentedRaftLogWorker.java:<init>(188)) - new 960d1597-fbff-49c3-85b3-41c3f78a7ab6@group-A93631B5CC8E-SegmentedRaftLogWorker for RaftStorageImpl:Storage Directory /home/runner/work/ozone/ozone/hadoop-ozone/integration-test/target/test-dir/MiniOzoneClusterImpl-2bd935e6-826e-4dca-83cf-32fa945e0037/datanode-1/data/ratis/c47d7b28-5906-4b51-b110-a93631b5cc8e
2023-08-31 18:21:24,576 [960d1597-fbff-49c3-85b3-41c3f78a7ab6-groupManagement] INFO  server.RaftServerConfigKeys (ConfUtils.java:logGet(46)) - raft.server.log.queue.byte-limit = 4294967296 (custom)
2023-08-31 18:21:24,576 [960d1597-fbff-49c3-85b3-41c3f78a7ab6-groupManagement] INFO  server.RaftServerConfigKeys (ConfUtils.java:logGet(46)) - raft.server.log.queue.element-limit = 1024 (custom)
2023-08-31 18:21:24,576 [960d1597-fbff-49c3-85b3-41c3f78a7ab6-groupManagement] INFO  server.RaftServerConfigKeys (ConfUtils.java:logGet(46)) - raft.server.log.segment.size.max = 1048576 (custom)
2023-08-31 18:21:24,576 [960d1597-fbff-49c3-85b3-41c3f78a7ab6-groupManagement] INFO  server.RaftServerConfigKeys (ConfUtils.java:logGet(46)) - raft.server.log.preallocated.size = 16384 (custom)
2023-08-31 18:21:24,576 [960d1597-fbff-49c3-85b3-41c3f78a7ab6-groupManagement] INFO  server.RaftServerConfigKeys (ConfUtils.java:logGet(46)) - raft.server.log.force.sync.num = 128 (default)
2023-08-31 18:21:24,576 [960d1597-fbff-49c3-85b3-41c3f78a7ab6-groupManagement] INFO  server.RaftServerConfigKeys (ConfUtils.java:logGet(46)) - raft.server.log.statemachine.data.sync = true (default)
2023-08-31 18:21:24,576 [960d1597-fbff-49c3-85b3-41c3f78a7ab6-groupManagement] INFO  server.RaftServerConfigKeys (ConfUtils.java:logGet(46)) - raft.server.log.statemachine.data.sync.timeout = 10s (default)
2023-08-31 18:21:24,576 [960d1597-fbff-49c3-85b3-41c3f78a7ab6-groupManagement] INFO  server.RaftServerConfigKeys (ConfUtils.java:logGet(46)) - raft.server.log.statemachine.data.sync.timeout.retry = -1 (default)
2023-08-31 18:21:24,577 [960d1597-fbff-49c3-85b3-41c3f78a7ab6-groupManagement] INFO  server.RaftServerConfigKeys (ConfUtils.java:logGet(46)) - raft.server.log.write.buffer.size = 1048576 (custom)
2023-08-31 18:21:24,577 [960d1597-fbff-49c3-85b3-41c3f78a7ab6-groupManagement] INFO  server.RaftServerConfigKeys (ConfUtils.java:logGet(46)) - raft.server.log.appender.buffer.byte-limit = 33554432 (custom)
2023-08-31 18:21:24,584 [960d1597-fbff-49c3-85b3-41c3f78a7ab6-groupManagement] INFO  server.RaftServerConfigKeys (ConfUtils.java:logGet(46)) - raft.server.log.unsafe-flush.enabled = false (default)
2023-08-31 18:21:24,584 [960d1597-fbff-49c3-85b3-41c3f78a7ab6-groupManagement] INFO  server.RaftServerConfigKeys (ConfUtils.java:logGet(46)) - raft.server.log.async-flush.enabled = false (default)
2023-08-31 18:21:24,584 [960d1597-fbff-49c3-85b3-41c3f78a7ab6-groupManagement] INFO  server.RaftServerConfigKeys (ConfUtils.java:logGet(46)) - raft.server.log.statemachine.data.caching.enabled = true (custom)
2023-08-31 18:21:24,584 [960d1597-fbff-49c3-85b3-41c3f78a7ab6-groupManagement] INFO  segmented.SegmentedRaftLogWorker (SegmentedRaftLogWorker.java:lambda$new$0(135)) - 960d1597-fbff-49c3-85b3-41c3f78a7ab6@group-A93631B5CC8E-SegmentedRaftLogWorker: flushIndex: setUnconditionally 0 -> -1
2023-08-31 18:21:24,584 [960d1597-fbff-49c3-85b3-41c3f78a7ab6-groupManagement] INFO  segmented.SegmentedRaftLogWorker (SegmentedRaftLogWorker.java:lambda$new$0(135)) - 960d1597-fbff-49c3-85b3-41c3f78a7ab6@group-A93631B5CC8E-SegmentedRaftLogWorker: safeCacheEvictIndex: setUnconditionally 0 -> -1
2023-08-31 18:21:24,585 [960d1597-fbff-49c3-85b3-41c3f78a7ab6-groupManagement] INFO  server.RaftServer$Division (RaftServerImpl.java:start(342)) - 960d1597-fbff-49c3-85b3-41c3f78a7ab6@group-A93631B5CC8E: start as a follower, conf=-1: peers:[1126cc3a-7ff0-4671-a31f-fd81ce02ef68|rpc:10.1.0.8:15191|admin:10.1.0.8:15190|client:10.1.0.8:15189|dataStream:10.1.0.8:15192|priority:0|startupRole:FOLLOWER, 626d1c86-c74d-4c1d-990a-e37ed735d25b|rpc:10.1.0.8:15173|admin:10.1.0.8:15172|client:10.1.0.8:15171|dataStream:10.1.0.8:15174|priority:1|startupRole:FOLLOWER, 960d1597-fbff-49c3-85b3-41c3f78a7ab6|rpc:10.1.0.8:15182|admin:10.1.0.8:15181|client:10.1.0.8:15180|dataStream:10.1.0.8:15183|priority:0|startupRole:FOLLOWER]|listeners:[], old=null
2023-08-31 18:21:24,585 [960d1597-fbff-49c3-85b3-41c3f78a7ab6-groupManagement] INFO  server.RaftServer$Division (RaftServerImpl.java:setRole(329)) - 960d1597-fbff-49c3-85b3-41c3f78a7ab6@group-A93631B5CC8E: changes role from      null to FOLLOWER at term 0 for startAsFollower
2023-08-31 18:21:24,585 [960d1597-fbff-49c3-85b3-41c3f78a7ab6-groupManagement] INFO  impl.RoleInfo (RoleInfo.java:updateAndGet(139)) - 960d1597-fbff-49c3-85b3-41c3f78a7ab6: start 960d1597-fbff-49c3-85b3-41c3f78a7ab6@group-A93631B5CC8E-FollowerState
2023-08-31 18:21:24,586 [960d1597-fbff-49c3-85b3-41c3f78a7ab6-groupManagement] INFO  util.JmxRegister (JmxRegister.java:tryRegister(44)) - Successfully registered JMX Bean with object name Ratis:service=RaftServer,group=group-A93631B5CC8E,id=960d1597-fbff-49c3-85b3-41c3f78a7ab6
2023-08-31 18:21:24,586 [960d1597-fbff-49c3-85b3-41c3f78a7ab6-groupManagement] INFO  server.RaftServerConfigKeys (ConfUtils.java:logGet(46)) - raft.server.snapshot.auto.trigger.enabled = true (custom)
2023-08-31 18:21:24,586 [960d1597-fbff-49c3-85b3-41c3f78a7ab6-groupManagement] INFO  server.RaftServerConfigKeys (ConfUtils.java:logGet(46)) - raft.server.snapshot.auto.trigger.threshold = 10000 (custom)
2023-08-31 18:21:24,586 [960d1597-fbff-49c3-85b3-41c3f78a7ab6-groupManagement] INFO  server.RaftServerConfigKeys (ConfUtils.java:logGet(46)) - raft.server.snapshot.retention.file.num = 5 (custom)
2023-08-31 18:21:24,586 [960d1597-fbff-49c3-85b3-41c3f78a7ab6-groupManagement] INFO  server.RaftServerConfigKeys (ConfUtils.java:logGet(46)) - raft.server.log.purge.upto.snapshot.index = false (default)
2023-08-31 18:21:24,587 [960d1597-fbff-49c3-85b3-41c3f78a7ab6@group-A93631B5CC8E-FollowerState] INFO  server.RaftServerConfigKeys (ConfUtils.java:logFallback(53)) - raft.server.rpc.first-election.timeout.min = 5s (fallback to raft.server.rpc.timeout.min)
2023-08-31 18:21:24,587 [960d1597-fbff-49c3-85b3-41c3f78a7ab6@group-A93631B5CC8E-FollowerState] INFO  server.RaftServerConfigKeys (ConfUtils.java:logFallback(53)) - raft.server.rpc.first-election.timeout.max = 5200ms (fallback to raft.server.rpc.timeout.max)
2023-08-31 18:21:24,596 [PipelineCommandHandlerThread-0] INFO  commandhandler.CreatePipelineCommandHandler (CreatePipelineCommandHandler.java:lambda$handle$2(124)) - Created Pipeline RATIS THREE PipelineID=c47d7b28-5906-4b51-b110-a93631b5cc8e.
2023-08-31 18:21:24,597 [PipelineCommandHandlerThread-0] INFO  server.RaftServer (RaftServerProxy.java:addNew(98)) - 626d1c86-c74d-4c1d-990a-e37ed735d25b: addNew group-6E0C8D75BA96:[1126cc3a-7ff0-4671-a31f-fd81ce02ef68|rpc:10.1.0.8:15191|admin:10.1.0.8:15190|client:10.1.0.8:15189|dataStream:10.1.0.8:15192|priority:1|startupRole:FOLLOWER, 626d1c86-c74d-4c1d-990a-e37ed735d25b|rpc:10.1.0.8:15173|admin:10.1.0.8:15172|client:10.1.0.8:15171|dataStream:10.1.0.8:15174|priority:0|startupRole:FOLLOWER, 960d1597-fbff-49c3-85b3-41c3f78a7ab6|rpc:10.1.0.8:15182|admin:10.1.0.8:15181|client:10.1.0.8:15180|dataStream:10.1.0.8:15183|priority:0|startupRole:FOLLOWER] returns group-6E0C8D75BA96:java.util.concurrent.CompletableFuture@264e0869[Not completed]
2023-08-31 18:21:24,598 [626d1c86-c74d-4c1d-990a-e37ed735d25b-groupManagement] INFO  server.RaftServer$Division (RaftServerImpl.java:<init>(198)) - 626d1c86-c74d-4c1d-990a-e37ed735d25b: new RaftServerImpl for group-6E0C8D75BA96:[1126cc3a-7ff0-4671-a31f-fd81ce02ef68|rpc:10.1.0.8:15191|admin:10.1.0.8:15190|client:10.1.0.8:15189|dataStream:10.1.0.8:15192|priority:1|startupRole:FOLLOWER, 626d1c86-c74d-4c1d-990a-e37ed735d25b|rpc:10.1.0.8:15173|admin:10.1.0.8:15172|client:10.1.0.8:15171|dataStream:10.1.0.8:15174|priority:0|startupRole:FOLLOWER, 960d1597-fbff-49c3-85b3-41c3f78a7ab6|rpc:10.1.0.8:15182|admin:10.1.0.8:15181|client:10.1.0.8:15180|dataStream:10.1.0.8:15183|priority:0|startupRole:FOLLOWER] with ContainerStateMachine:uninitialized
2023-08-31 18:21:24,598 [626d1c86-c74d-4c1d-990a-e37ed735d25b-groupManagement] INFO  server.RaftServerConfigKeys (ConfUtils.java:logGet(46)) - raft.server.rpc.timeout.min = 5s (custom)
2023-08-31 18:21:24,598 [626d1c86-c74d-4c1d-990a-e37ed735d25b-groupManagement] INFO  server.RaftServerConfigKeys (ConfUtils.java:logGet(46)) - raft.server.rpc.timeout.max = 5200ms (custom)
2023-08-31 18:21:24,598 [626d1c86-c74d-4c1d-990a-e37ed735d25b-groupManagement] INFO  server.RaftServerConfigKeys (ConfUtils.java:logGet(46)) - raft.server.rpc.sleep.time = 25ms (default)
2023-08-31 18:21:24,598 [626d1c86-c74d-4c1d-990a-e37ed735d25b-groupManagement] INFO  server.RaftServerConfigKeys (ConfUtils.java:logGet(46)) - raft.server.rpc.slowness.timeout = 300s (custom)
2023-08-31 18:21:24,598 [626d1c86-c74d-4c1d-990a-e37ed735d25b-groupManagement] INFO  server.RaftServerConfigKeys (ConfUtils.java:logGet(46)) - raft.server.leaderelection.leader.step-down.wait-time = 10s (default)
2023-08-31 18:21:24,598 [626d1c86-c74d-4c1d-990a-e37ed735d25b-groupManagement] INFO  server.RaftServerConfigKeys (ConfUtils.java:logGet(46)) - raft.server.sleep.deviation.threshold = 300ms (default)
2023-08-31 18:21:24,598 [626d1c86-c74d-4c1d-990a-e37ed735d25b-groupManagement] INFO  server.RaftServer$Division (ServerState.java:<init>(120)) - 626d1c86-c74d-4c1d-990a-e37ed735d25b@group-6E0C8D75BA96: ConfigurationManager, init=-1: peers:[1126cc3a-7ff0-4671-a31f-fd81ce02ef68|rpc:10.1.0.8:15191|admin:10.1.0.8:15190|client:10.1.0.8:15189|dataStream:10.1.0.8:15192|priority:1|startupRole:FOLLOWER, 626d1c86-c74d-4c1d-990a-e37ed735d25b|rpc:10.1.0.8:15173|admin:10.1.0.8:15172|client:10.1.0.8:15171|dataStream:10.1.0.8:15174|priority:0|startupRole:FOLLOWER, 960d1597-fbff-49c3-85b3-41c3f78a7ab6|rpc:10.1.0.8:15182|admin:10.1.0.8:15181|client:10.1.0.8:15180|dataStream:10.1.0.8:15183|priority:0|startupRole:FOLLOWER]|listeners:[], old=null, confs=<EMPTY_MAP>
2023-08-31 18:21:24,598 [626d1c86-c74d-4c1d-990a-e37ed735d25b-groupManagement] INFO  server.RaftServerConfigKeys (ConfUtils.java:logGet(46)) - raft.server.storage.dir = [/home/runner/work/ozone/ozone/hadoop-ozone/integration-test/target/test-dir/MiniOzoneClusterImpl-2bd935e6-826e-4dca-83cf-32fa945e0037/datanode-0/data/ratis] (custom)
2023-08-31 18:21:24,598 [626d1c86-c74d-4c1d-990a-e37ed735d25b-groupManagement] INFO  server.RaftServerConfigKeys (ConfUtils.java:logGet(46)) - raft.server.log.corruption.policy = EXCEPTION (default)
2023-08-31 18:21:24,598 [626d1c86-c74d-4c1d-990a-e37ed735d25b-groupManagement] INFO  server.RaftServerConfigKeys (ConfUtils.java:logGet(46)) - raft.server.storage.free-space.min = 0MB (=0) (default)
2023-08-31 18:21:24,598 [626d1c86-c74d-4c1d-990a-e37ed735d25b-groupManagement] INFO  server.RaftServerConfigKeys (ConfUtils.java:logGet(46)) - raft.server.notification.no-leader.timeout = 300s (custom)
2023-08-31 18:21:24,598 [626d1c86-c74d-4c1d-990a-e37ed735d25b-groupManagement] INFO  server.RaftServerConfigKeys (ConfUtils.java:logGet(46)) - raft.server.read.timeout = 10s (default)
2023-08-31 18:21:24,599 [626d1c86-c74d-4c1d-990a-e37ed735d25b-groupManagement] INFO  server.RaftServerConfigKeys (ConfUtils.java:logGet(46)) - raft.server.retrycache.expirytime = 600000ms (custom)
2023-08-31 18:21:24,599 [626d1c86-c74d-4c1d-990a-e37ed735d25b-groupManagement] INFO  server.RaftServerConfigKeys (ConfUtils.java:logGet(46)) - raft.server.retrycache.statistics.expirytime = 100μs (default)
2023-08-31 18:21:24,599 [626d1c86-c74d-4c1d-990a-e37ed735d25b-groupManagement] INFO  server.RaftServerConfigKeys (ConfUtils.java:logGet(46)) - raft.server.read.option = DEFAULT (default)
2023-08-31 18:21:24,600 [626d1c86-c74d-4c1d-990a-e37ed735d25b-groupManagement] INFO  server.RaftServerConfigKeys (ConfUtils.java:logGet(46)) - raft.server.rpc.request.timeout = 60s (custom)
2023-08-31 18:21:24,600 [626d1c86-c74d-4c1d-990a-e37ed735d25b-groupManagement] INFO  server.RaftServerConfigKeys (ConfUtils.java:logGet(46)) - raft.server.log.appender.install.snapshot.enabled = false (custom)
2023-08-31 18:21:24,600 [626d1c86-c74d-4c1d-990a-e37ed735d25b-groupManagement] INFO  server.RaftServerConfigKeys (ConfUtils.java:logGet(46)) - raft.server.threadpool.server.cached = true (default)
2023-08-31 18:21:24,600 [626d1c86-c74d-4c1d-990a-e37ed735d25b-groupManagement] INFO  server.RaftServerConfigKeys (ConfUtils.java:logGet(46)) - raft.server.threadpool.server.size = 0 (default)
2023-08-31 18:21:24,600 [626d1c86-c74d-4c1d-990a-e37ed735d25b-groupManagement] INFO  server.RaftServerConfigKeys (ConfUtils.java:logGet(46)) - raft.server.threadpool.client.cached = true (default)
2023-08-31 18:21:24,601 [626d1c86-c74d-4c1d-990a-e37ed735d25b-groupManagement] INFO  server.RaftServerConfigKeys (ConfUtils.java:logGet(46)) - raft.server.threadpool.client.size = 0 (default)
2023-08-31 18:21:24,601 [626d1c86-c74d-4c1d-990a-e37ed735d25b-groupManagement] INFO  storage.RaftStorageDirectory (RaftStorageDirectoryImpl.java:analyzeStorage(137)) - The storage directory /home/runner/work/ozone/ozone/hadoop-ozone/integration-test/target/test-dir/MiniOzoneClusterImpl-2bd935e6-826e-4dca-83cf-32fa945e0037/datanode-0/data/ratis/c2a659dd-f751-473f-b48f-6e0c8d75ba96 does not exist. Creating ...
2023-08-31 18:21:24,603 [626d1c86-c74d-4c1d-990a-e37ed735d25b-groupManagement] INFO  storage.RaftStorageDirectory (RaftStorageDirectoryImpl.java:tryLock(231)) - Lock on /home/runner/work/ozone/ozone/hadoop-ozone/integration-test/target/test-dir/MiniOzoneClusterImpl-2bd935e6-826e-4dca-83cf-32fa945e0037/datanode-0/data/ratis/c2a659dd-f751-473f-b48f-6e0c8d75ba96/in_use.lock acquired by nodename 61743@fv-az1129-899
2023-08-31 18:21:24,605 [626d1c86-c74d-4c1d-990a-e37ed735d25b-groupManagement] INFO  storage.RaftStorage (RaftStorageImpl.java:format(96)) - Storage directory /home/runner/work/ozone/ozone/hadoop-ozone/integration-test/target/test-dir/MiniOzoneClusterImpl-2bd935e6-826e-4dca-83cf-32fa945e0037/datanode-0/data/ratis/c2a659dd-f751-473f-b48f-6e0c8d75ba96 has been successfully formatted.
2023-08-31 18:21:24,606 [EventQueue-OpenPipelineForHealthyPipelineSafeModeRule] INFO  safemode.SCMSafeModeManager (HealthyPipelineSafeModeRule.java:process(137)) - SCM in safe mode. Healthy pipelines reported count is 0, required healthy pipeline reported count is 1
2023-08-31 18:21:24,606 [626d1c86-c74d-4c1d-990a-e37ed735d25b-groupManagement] INFO  ratis.ContainerStateMachine (ContainerStateMachine.java:loadSnapshot(262)) - group-6E0C8D75BA96: The snapshot info is null. Setting the last applied indexto:(t:0, i:~)
2023-08-31 18:21:24,606 [626d1c86-c74d-4c1d-990a-e37ed735d25b-groupManagement] INFO  server.RaftServerConfigKeys (ConfUtils.java:logGet(46)) - raft.server.log.use.memory = false (default)
2023-08-31 18:21:24,607 [626d1c86-c74d-4c1d-990a-e37ed735d25b-groupManagement] INFO  server.RaftServerConfigKeys (ConfUtils.java:logGet(46)) - raft.server.log.purge.gap = 1000000 (custom)
2023-08-31 18:21:24,607 [626d1c86-c74d-4c1d-990a-e37ed735d25b-groupManagement] INFO  server.RaftServerConfigKeys (ConfUtils.java:logGet(46)) - raft.server.log.appender.buffer.byte-limit = 33554432 (custom)
2023-08-31 18:21:24,607 [626d1c86-c74d-4c1d-990a-e37ed735d25b-groupManagement] INFO  server.RaftServerConfigKeys (ConfUtils.java:logGet(46)) - raft.server.log.statemachine.data.read.timeout = 1000ms (default)
2023-08-31 18:21:24,607 [626d1c86-c74d-4c1d-990a-e37ed735d25b-groupManagement] INFO  server.RaftServerConfigKeys (ConfUtils.java:logGet(46)) - raft.server.log.purge.preservation.log.num = 0 (default)
2023-08-31 18:21:24,607 [626d1c86-c74d-4c1d-990a-e37ed735d25b-groupManagement] INFO  server.RaftServerConfigKeys (ConfUtils.java:logGet(46)) - raft.server.log.segment.size.max = 1048576 (custom)
2023-08-31 18:21:24,607 [626d1c86-c74d-4c1d-990a-e37ed735d25b-groupManagement] INFO  server.RaftServerConfigKeys (ConfUtils.java:logGet(46)) - raft.server.log.segment.cache.num.max = 2 (custom)
2023-08-31 18:21:24,607 [626d1c86-c74d-4c1d-990a-e37ed735d25b-groupManagement] INFO  server.RaftServerConfigKeys (ConfUtils.java:logGet(46)) - raft.server.log.segment.cache.size.max = 200MB (=209715200) (default)
2023-08-31 18:21:24,607 [626d1c86-c74d-4c1d-990a-e37ed735d25b-groupManagement] INFO  server.RaftServerConfigKeys (ConfUtils.java:logGet(46)) - raft.server.log.appender.buffer.byte-limit = 33554432 (custom)
2023-08-31 18:21:24,607 [626d1c86-c74d-4c1d-990a-e37ed735d25b-groupManagement] INFO  segmented.SegmentedRaftLogWorker (SegmentedRaftLogWorker.java:<init>(188)) - new 626d1c86-c74d-4c1d-990a-e37ed735d25b@group-6E0C8D75BA96-SegmentedRaftLogWorker for RaftStorageImpl:Storage Directory /home/runner/work/ozone/ozone/hadoop-ozone/integration-test/target/test-dir/MiniOzoneClusterImpl-2bd935e6-826e-4dca-83cf-32fa945e0037/datanode-0/data/ratis/c2a659dd-f751-473f-b48f-6e0c8d75ba96
2023-08-31 18:21:24,607 [626d1c86-c74d-4c1d-990a-e37ed735d25b-groupManagement] INFO  server.RaftServerConfigKeys (ConfUtils.java:logGet(46)) - raft.server.log.queue.byte-limit = 4294967296 (custom)
2023-08-31 18:21:24,607 [626d1c86-c74d-4c1d-990a-e37ed735d25b-groupManagement] INFO  server.RaftServerConfigKeys (ConfUtils.java:logGet(46)) - raft.server.log.queue.element-limit = 1024 (custom)
2023-08-31 18:21:24,607 [626d1c86-c74d-4c1d-990a-e37ed735d25b-groupManagement] INFO  server.RaftServerConfigKeys (ConfUtils.java:logGet(46)) - raft.server.log.segment.size.max = 1048576 (custom)
2023-08-31 18:21:24,608 [626d1c86-c74d-4c1d-990a-e37ed735d25b-groupManagement] INFO  server.RaftServerConfigKeys (ConfUtils.java:logGet(46)) - raft.server.log.preallocated.size = 16384 (custom)
2023-08-31 18:21:24,608 [626d1c86-c74d-4c1d-990a-e37ed735d25b-groupManagement] INFO  server.RaftServerConfigKeys (ConfUtils.java:logGet(46)) - raft.server.log.force.sync.num = 128 (default)
2023-08-31 18:21:24,608 [626d1c86-c74d-4c1d-990a-e37ed735d25b-groupManagement] INFO  server.RaftServerConfigKeys (ConfUtils.java:logGet(46)) - raft.server.log.statemachine.data.sync = true (default)
2023-08-31 18:21:24,608 [626d1c86-c74d-4c1d-990a-e37ed735d25b-groupManagement] INFO  server.RaftServerConfigKeys (ConfUtils.java:logGet(46)) - raft.server.log.statemachine.data.sync.timeout = 10s (default)
2023-08-31 18:21:24,608 [626d1c86-c74d-4c1d-990a-e37ed735d25b-groupManagement] INFO  server.RaftServerConfigKeys (ConfUtils.java:logGet(46)) - raft.server.log.statemachine.data.sync.timeout.retry = -1 (default)
2023-08-31 18:21:24,610 [626d1c86-c74d-4c1d-990a-e37ed735d25b-groupManagement] INFO  server.RaftServerConfigKeys (ConfUtils.java:logGet(46)) - raft.server.log.write.buffer.size = 1048576 (custom)
2023-08-31 18:21:24,611 [626d1c86-c74d-4c1d-990a-e37ed735d25b-groupManagement] INFO  server.RaftServerConfigKeys (ConfUtils.java:logGet(46)) - raft.server.log.appender.buffer.byte-limit = 33554432 (custom)
2023-08-31 18:21:24,617 [626d1c86-c74d-4c1d-990a-e37ed735d25b-groupManagement] INFO  server.RaftServerConfigKeys (ConfUtils.java:logGet(46)) - raft.server.log.unsafe-flush.enabled = false (default)
2023-08-31 18:21:24,617 [626d1c86-c74d-4c1d-990a-e37ed735d25b-groupManagement] INFO  server.RaftServerConfigKeys (ConfUtils.java:logGet(46)) - raft.server.log.async-flush.enabled = false (default)
2023-08-31 18:21:24,617 [626d1c86-c74d-4c1d-990a-e37ed735d25b-groupManagement] INFO  server.RaftServerConfigKeys (ConfUtils.java:logGet(46)) - raft.server.log.statemachine.data.caching.enabled = true (custom)
2023-08-31 18:21:24,618 [626d1c86-c74d-4c1d-990a-e37ed735d25b-groupManagement] INFO  segmented.SegmentedRaftLogWorker (SegmentedRaftLogWorker.java:lambda$new$0(135)) - 626d1c86-c74d-4c1d-990a-e37ed735d25b@group-6E0C8D75BA96-SegmentedRaftLogWorker: flushIndex: setUnconditionally 0 -> -1
2023-08-31 18:21:24,618 [626d1c86-c74d-4c1d-990a-e37ed735d25b-groupManagement] INFO  segmented.SegmentedRaftLogWorker (SegmentedRaftLogWorker.java:lambda$new$0(135)) - 626d1c86-c74d-4c1d-990a-e37ed735d25b@group-6E0C8D75BA96-SegmentedRaftLogWorker: safeCacheEvictIndex: setUnconditionally 0 -> -1
2023-08-31 18:21:24,618 [626d1c86-c74d-4c1d-990a-e37ed735d25b-groupManagement] INFO  server.RaftServer$Division (RaftServerImpl.java:start(342)) - 626d1c86-c74d-4c1d-990a-e37ed735d25b@group-6E0C8D75BA96: start as a follower, conf=-1: peers:[1126cc3a-7ff0-4671-a31f-fd81ce02ef68|rpc:10.1.0.8:15191|admin:10.1.0.8:15190|client:10.1.0.8:15189|dataStream:10.1.0.8:15192|priority:1|startupRole:FOLLOWER, 626d1c86-c74d-4c1d-990a-e37ed735d25b|rpc:10.1.0.8:15173|admin:10.1.0.8:15172|client:10.1.0.8:15171|dataStream:10.1.0.8:15174|priority:0|startupRole:FOLLOWER, 960d1597-fbff-49c3-85b3-41c3f78a7ab6|rpc:10.1.0.8:15182|admin:10.1.0.8:15181|client:10.1.0.8:15180|dataStream:10.1.0.8:15183|priority:0|startupRole:FOLLOWER]|listeners:[], old=null
2023-08-31 18:21:24,618 [626d1c86-c74d-4c1d-990a-e37ed735d25b-groupManagement] INFO  server.RaftServer$Division (RaftServerImpl.java:setRole(329)) - 626d1c86-c74d-4c1d-990a-e37ed735d25b@group-6E0C8D75BA96: changes role from      null to FOLLOWER at term 0 for startAsFollower
2023-08-31 18:21:24,618 [626d1c86-c74d-4c1d-990a-e37ed735d25b-groupManagement] INFO  impl.RoleInfo (RoleInfo.java:updateAndGet(139)) - 626d1c86-c74d-4c1d-990a-e37ed735d25b: start 626d1c86-c74d-4c1d-990a-e37ed735d25b@group-6E0C8D75BA96-FollowerState
2023-08-31 18:21:24,620 [626d1c86-c74d-4c1d-990a-e37ed735d25b-groupManagement] INFO  util.JmxRegister (JmxRegister.java:tryRegister(44)) - Successfully registered JMX Bean with object name Ratis:service=RaftServer,group=group-6E0C8D75BA96,id=626d1c86-c74d-4c1d-990a-e37ed735d25b
2023-08-31 18:21:24,620 [626d1c86-c74d-4c1d-990a-e37ed735d25b-groupManagement] INFO  server.RaftServerConfigKeys (ConfUtils.java:logGet(46)) - raft.server.snapshot.auto.trigger.enabled = true (custom)
2023-08-31 18:21:24,620 [626d1c86-c74d-4c1d-990a-e37ed735d25b-groupManagement] INFO  server.RaftServerConfigKeys (ConfUtils.java:logGet(46)) - raft.server.snapshot.auto.trigger.threshold = 10000 (custom)
2023-08-31 18:21:24,620 [626d1c86-c74d-4c1d-990a-e37ed735d25b-groupManagement] INFO  server.RaftServerConfigKeys (ConfUtils.java:logGet(46)) - raft.server.snapshot.retention.file.num = 5 (custom)
2023-08-31 18:21:24,620 [626d1c86-c74d-4c1d-990a-e37ed735d25b-groupManagement] INFO  server.RaftServerConfigKeys (ConfUtils.java:logGet(46)) - raft.server.log.purge.upto.snapshot.index = false (default)
2023-08-31 18:21:24,620 [626d1c86-c74d-4c1d-990a-e37ed735d25b@group-6E0C8D75BA96-FollowerState] INFO  server.RaftServerConfigKeys (ConfUtils.java:logFallback(53)) - raft.server.rpc.first-election.timeout.min = 5s (fallback to raft.server.rpc.timeout.min)
2023-08-31 18:21:24,621 [626d1c86-c74d-4c1d-990a-e37ed735d25b@group-6E0C8D75BA96-FollowerState] INFO  server.RaftServerConfigKeys (ConfUtils.java:logFallback(53)) - raft.server.rpc.first-election.timeout.max = 5200ms (fallback to raft.server.rpc.timeout.max)
2023-08-31 18:21:24,621 [PipelineCommandHandlerThread-0] INFO  ratis.XceiverServerRatis (XceiverServerRatis.java:addGroup(804)) - Created group PipelineID=c2a659dd-f751-473f-b48f-6e0c8d75ba96
2023-08-31 18:21:24,631 [grpc-default-executor-0] INFO  server.RaftServer (RaftServerProxy.java:addNew(98)) - 1126cc3a-7ff0-4671-a31f-fd81ce02ef68: addNew group-6E0C8D75BA96:[1126cc3a-7ff0-4671-a31f-fd81ce02ef68|rpc:10.1.0.8:15191|admin:10.1.0.8:15190|client:10.1.0.8:15189|dataStream:10.1.0.8:15192|priority:1|startupRole:FOLLOWER, 626d1c86-c74d-4c1d-990a-e37ed735d25b|rpc:10.1.0.8:15173|admin:10.1.0.8:15172|client:10.1.0.8:15171|dataStream:10.1.0.8:15174|priority:0|startupRole:FOLLOWER, 960d1597-fbff-49c3-85b3-41c3f78a7ab6|rpc:10.1.0.8:15182|admin:10.1.0.8:15181|client:10.1.0.8:15180|dataStream:10.1.0.8:15183|priority:0|startupRole:FOLLOWER] returns group-6E0C8D75BA96:java.util.concurrent.CompletableFuture@26195488[Not completed]
2023-08-31 18:21:24,632 [1126cc3a-7ff0-4671-a31f-fd81ce02ef68-groupManagement] INFO  server.RaftServer$Division (RaftServerImpl.java:<init>(198)) - 1126cc3a-7ff0-4671-a31f-fd81ce02ef68: new RaftServerImpl for group-6E0C8D75BA96:[1126cc3a-7ff0-4671-a31f-fd81ce02ef68|rpc:10.1.0.8:15191|admin:10.1.0.8:15190|client:10.1.0.8:15189|dataStream:10.1.0.8:15192|priority:1|startupRole:FOLLOWER, 626d1c86-c74d-4c1d-990a-e37ed735d25b|rpc:10.1.0.8:15173|admin:10.1.0.8:15172|client:10.1.0.8:15171|dataStream:10.1.0.8:15174|priority:0|startupRole:FOLLOWER, 960d1597-fbff-49c3-85b3-41c3f78a7ab6|rpc:10.1.0.8:15182|admin:10.1.0.8:15181|client:10.1.0.8:15180|dataStream:10.1.0.8:15183|priority:0|startupRole:FOLLOWER] with ContainerStateMachine:uninitialized
2023-08-31 18:21:24,632 [1126cc3a-7ff0-4671-a31f-fd81ce02ef68-groupManagement] INFO  server.RaftServerConfigKeys (ConfUtils.java:logGet(46)) - raft.server.rpc.timeout.min = 5s (custom)
2023-08-31 18:21:24,632 [1126cc3a-7ff0-4671-a31f-fd81ce02ef68-groupManagement] INFO  server.RaftServerConfigKeys (ConfUtils.java:logGet(46)) - raft.server.rpc.timeout.max = 5200ms (custom)
2023-08-31 18:21:24,632 [1126cc3a-7ff0-4671-a31f-fd81ce02ef68-groupManagement] INFO  server.RaftServerConfigKeys (ConfUtils.java:logGet(46)) - raft.server.rpc.sleep.time = 25ms (default)
2023-08-31 18:21:24,632 [1126cc3a-7ff0-4671-a31f-fd81ce02ef68-groupManagement] INFO  server.RaftServerConfigKeys (ConfUtils.java:logGet(46)) - raft.server.rpc.slowness.timeout = 300s (custom)
2023-08-31 18:21:24,632 [1126cc3a-7ff0-4671-a31f-fd81ce02ef68-groupManagement] INFO  server.RaftServerConfigKeys (ConfUtils.java:logGet(46)) - raft.server.leaderelection.leader.step-down.wait-time = 10s (default)
2023-08-31 18:21:24,632 [1126cc3a-7ff0-4671-a31f-fd81ce02ef68-groupManagement] INFO  server.RaftServerConfigKeys (ConfUtils.java:logGet(46)) - raft.server.sleep.deviation.threshold = 300ms (default)
2023-08-31 18:21:24,632 [1126cc3a-7ff0-4671-a31f-fd81ce02ef68-groupManagement] INFO  server.RaftServer$Division (ServerState.java:<init>(120)) - 1126cc3a-7ff0-4671-a31f-fd81ce02ef68@group-6E0C8D75BA96: ConfigurationManager, init=-1: peers:[1126cc3a-7ff0-4671-a31f-fd81ce02ef68|rpc:10.1.0.8:15191|admin:10.1.0.8:15190|client:10.1.0.8:15189|dataStream:10.1.0.8:15192|priority:1|startupRole:FOLLOWER, 626d1c86-c74d-4c1d-990a-e37ed735d25b|rpc:10.1.0.8:15173|admin:10.1.0.8:15172|client:10.1.0.8:15171|dataStream:10.1.0.8:15174|priority:0|startupRole:FOLLOWER, 960d1597-fbff-49c3-85b3-41c3f78a7ab6|rpc:10.1.0.8:15182|admin:10.1.0.8:15181|client:10.1.0.8:15180|dataStream:10.1.0.8:15183|priority:0|startupRole:FOLLOWER]|listeners:[], old=null, confs=<EMPTY_MAP>
2023-08-31 18:21:24,632 [1126cc3a-7ff0-4671-a31f-fd81ce02ef68-groupManagement] INFO  server.RaftServerConfigKeys (ConfUtils.java:logGet(46)) - raft.server.storage.dir = [/home/runner/work/ozone/ozone/hadoop-ozone/integration-test/target/test-dir/MiniOzoneClusterImpl-2bd935e6-826e-4dca-83cf-32fa945e0037/datanode-2/data/ratis] (custom)
2023-08-31 18:21:24,632 [1126cc3a-7ff0-4671-a31f-fd81ce02ef68-groupManagement] INFO  server.RaftServerConfigKeys (ConfUtils.java:logGet(46)) - raft.server.log.corruption.policy = EXCEPTION (default)
2023-08-31 18:21:24,632 [1126cc3a-7ff0-4671-a31f-fd81ce02ef68-groupManagement] INFO  server.RaftServerConfigKeys (ConfUtils.java:logGet(46)) - raft.server.storage.free-space.min = 0MB (=0) (default)
2023-08-31 18:21:24,633 [1126cc3a-7ff0-4671-a31f-fd81ce02ef68-groupManagement] INFO  server.RaftServerConfigKeys (ConfUtils.java:logGet(46)) - raft.server.notification.no-leader.timeout = 300s (custom)
2023-08-31 18:21:24,633 [1126cc3a-7ff0-4671-a31f-fd81ce02ef68-groupManagement] INFO  server.RaftServerConfigKeys (ConfUtils.java:logGet(46)) - raft.server.read.timeout = 10s (default)
2023-08-31 18:21:24,633 [1126cc3a-7ff0-4671-a31f-fd81ce02ef68-groupManagement] INFO  server.RaftServerConfigKeys (ConfUtils.java:logGet(46)) - raft.server.retrycache.expirytime = 600000ms (custom)
2023-08-31 18:21:24,633 [1126cc3a-7ff0-4671-a31f-fd81ce02ef68-groupManagement] INFO  server.RaftServerConfigKeys (ConfUtils.java:logGet(46)) - raft.server.retrycache.statistics.expirytime = 100μs (default)
2023-08-31 18:21:24,633 [1126cc3a-7ff0-4671-a31f-fd81ce02ef68-groupManagement] INFO  server.RaftServerConfigKeys (ConfUtils.java:logGet(46)) - raft.server.read.option = DEFAULT (default)
2023-08-31 18:21:24,633 [1126cc3a-7ff0-4671-a31f-fd81ce02ef68-groupManagement] INFO  server.RaftServerConfigKeys (ConfUtils.java:logGet(46)) - raft.server.rpc.request.timeout = 60s (custom)
2023-08-31 18:21:24,633 [1126cc3a-7ff0-4671-a31f-fd81ce02ef68-groupManagement] INFO  server.RaftServerConfigKeys (ConfUtils.java:logGet(46)) - raft.server.log.appender.install.snapshot.enabled = false (custom)
2023-08-31 18:21:24,633 [1126cc3a-7ff0-4671-a31f-fd81ce02ef68-groupManagement] INFO  server.RaftServerConfigKeys (ConfUtils.java:logGet(46)) - raft.server.threadpool.server.cached = true (default)
2023-08-31 18:21:24,633 [1126cc3a-7ff0-4671-a31f-fd81ce02ef68-groupManagement] INFO  server.RaftServerConfigKeys (ConfUtils.java:logGet(46)) - raft.server.threadpool.server.size = 0 (default)
2023-08-31 18:21:24,634 [1126cc3a-7ff0-4671-a31f-fd81ce02ef68-groupManagement] INFO  server.RaftServerConfigKeys (ConfUtils.java:logGet(46)) - raft.server.threadpool.client.cached = true (default)
2023-08-31 18:21:24,634 [1126cc3a-7ff0-4671-a31f-fd81ce02ef68-groupManagement] INFO  server.RaftServerConfigKeys (ConfUtils.java:logGet(46)) - raft.server.threadpool.client.size = 0 (default)
2023-08-31 18:21:24,634 [1126cc3a-7ff0-4671-a31f-fd81ce02ef68-groupManagement] INFO  storage.RaftStorageDirectory (RaftStorageDirectoryImpl.java:analyzeStorage(137)) - The storage directory /home/runner/work/ozone/ozone/hadoop-ozone/integration-test/target/test-dir/MiniOzoneClusterImpl-2bd935e6-826e-4dca-83cf-32fa945e0037/datanode-2/data/ratis/c2a659dd-f751-473f-b48f-6e0c8d75ba96 does not exist. Creating ...
2023-08-31 18:21:24,635 [1126cc3a-7ff0-4671-a31f-fd81ce02ef68-groupManagement] INFO  storage.RaftStorageDirectory (RaftStorageDirectoryImpl.java:tryLock(231)) - Lock on /home/runner/work/ozone/ozone/hadoop-ozone/integration-test/target/test-dir/MiniOzoneClusterImpl-2bd935e6-826e-4dca-83cf-32fa945e0037/datanode-2/data/ratis/c2a659dd-f751-473f-b48f-6e0c8d75ba96/in_use.lock acquired by nodename 61743@fv-az1129-899
2023-08-31 18:21:24,637 [1126cc3a-7ff0-4671-a31f-fd81ce02ef68-groupManagement] INFO  storage.RaftStorage (RaftStorageImpl.java:format(96)) - Storage directory /home/runner/work/ozone/ozone/hadoop-ozone/integration-test/target/test-dir/MiniOzoneClusterImpl-2bd935e6-826e-4dca-83cf-32fa945e0037/datanode-2/data/ratis/c2a659dd-f751-473f-b48f-6e0c8d75ba96 has been successfully formatted.
2023-08-31 18:21:24,638 [1126cc3a-7ff0-4671-a31f-fd81ce02ef68-groupManagement] INFO  ratis.ContainerStateMachine (ContainerStateMachine.java:loadSnapshot(262)) - group-6E0C8D75BA96: The snapshot info is null. Setting the last applied indexto:(t:0, i:~)
2023-08-31 18:21:24,638 [1126cc3a-7ff0-4671-a31f-fd81ce02ef68-groupManagement] INFO  server.RaftServerConfigKeys (ConfUtils.java:logGet(46)) - raft.server.log.use.memory = false (default)
2023-08-31 18:21:24,638 [1126cc3a-7ff0-4671-a31f-fd81ce02ef68-groupManagement] INFO  server.RaftServerConfigKeys (ConfUtils.java:logGet(46)) - raft.server.log.purge.gap = 1000000 (custom)
2023-08-31 18:21:24,638 [1126cc3a-7ff0-4671-a31f-fd81ce02ef68-groupManagement] INFO  server.RaftServerConfigKeys (ConfUtils.java:logGet(46)) - raft.server.log.appender.buffer.byte-limit = 33554432 (custom)
2023-08-31 18:21:24,638 [1126cc3a-7ff0-4671-a31f-fd81ce02ef68-groupManagement] INFO  server.RaftServerConfigKeys (ConfUtils.java:logGet(46)) - raft.server.log.statemachine.data.read.timeout = 1000ms (default)
2023-08-31 18:21:24,638 [1126cc3a-7ff0-4671-a31f-fd81ce02ef68-groupManagement] INFO  server.RaftServerConfigKeys (ConfUtils.java:logGet(46)) - raft.server.log.purge.preservation.log.num = 0 (default)
2023-08-31 18:21:24,639 [1126cc3a-7ff0-4671-a31f-fd81ce02ef68-groupManagement] INFO  server.RaftServerConfigKeys (ConfUtils.java:logGet(46)) - raft.server.log.segment.size.max = 1048576 (custom)
2023-08-31 18:21:24,639 [1126cc3a-7ff0-4671-a31f-fd81ce02ef68-groupManagement] INFO  server.RaftServerConfigKeys (ConfUtils.java:logGet(46)) - raft.server.log.segment.cache.num.max = 2 (custom)
2023-08-31 18:21:24,639 [1126cc3a-7ff0-4671-a31f-fd81ce02ef68-groupManagement] INFO  server.RaftServerConfigKeys (ConfUtils.java:logGet(46)) - raft.server.log.segment.cache.size.max = 200MB (=209715200) (default)
2023-08-31 18:21:24,639 [1126cc3a-7ff0-4671-a31f-fd81ce02ef68-groupManagement] INFO  server.RaftServerConfigKeys (ConfUtils.java:logGet(46)) - raft.server.log.appender.buffer.byte-limit = 33554432 (custom)
2023-08-31 18:21:24,639 [1126cc3a-7ff0-4671-a31f-fd81ce02ef68-groupManagement] INFO  segmented.SegmentedRaftLogWorker (SegmentedRaftLogWorker.java:<init>(188)) - new 1126cc3a-7ff0-4671-a31f-fd81ce02ef68@group-6E0C8D75BA96-SegmentedRaftLogWorker for RaftStorageImpl:Storage Directory /home/runner/work/ozone/ozone/hadoop-ozone/integration-test/target/test-dir/MiniOzoneClusterImpl-2bd935e6-826e-4dca-83cf-32fa945e0037/datanode-2/data/ratis/c2a659dd-f751-473f-b48f-6e0c8d75ba96
2023-08-31 18:21:24,639 [1126cc3a-7ff0-4671-a31f-fd81ce02ef68-groupManagement] INFO  server.RaftServerConfigKeys (ConfUtils.java:logGet(46)) - raft.server.log.queue.byte-limit = 4294967296 (custom)
2023-08-31 18:21:24,639 [1126cc3a-7ff0-4671-a31f-fd81ce02ef68-groupManagement] INFO  server.RaftServerConfigKeys (ConfUtils.java:logGet(46)) - raft.server.log.queue.element-limit = 1024 (custom)
2023-08-31 18:21:24,639 [1126cc3a-7ff0-4671-a31f-fd81ce02ef68-groupManagement] INFO  server.RaftServerConfigKeys (ConfUtils.java:logGet(46)) - raft.server.log.segment.size.max = 1048576 (custom)
2023-08-31 18:21:24,640 [1126cc3a-7ff0-4671-a31f-fd81ce02ef68-groupManagement] INFO  server.RaftServerConfigKeys (ConfUtils.java:logGet(46)) - raft.server.log.preallocated.size = 16384 (custom)
2023-08-31 18:21:24,640 [1126cc3a-7ff0-4671-a31f-fd81ce02ef68-groupManagement] INFO  server.RaftServerConfigKeys (ConfUtils.java:logGet(46)) - raft.server.log.force.sync.num = 128 (default)
2023-08-31 18:21:24,640 [1126cc3a-7ff0-4671-a31f-fd81ce02ef68-groupManagement] INFO  server.RaftServerConfigKeys (ConfUtils.java:logGet(46)) - raft.server.log.statemachine.data.sync = true (default)
2023-08-31 18:21:24,640 [1126cc3a-7ff0-4671-a31f-fd81ce02ef68-groupManagement] INFO  server.RaftServerConfigKeys (ConfUtils.java:logGet(46)) - raft.server.log.statemachine.data.sync.timeout = 10s (default)
2023-08-31 18:21:24,640 [1126cc3a-7ff0-4671-a31f-fd81ce02ef68-groupManagement] INFO  server.RaftServerConfigKeys (ConfUtils.java:logGet(46)) - raft.server.log.statemachine.data.sync.timeout.retry = -1 (default)
2023-08-31 18:21:24,640 [1126cc3a-7ff0-4671-a31f-fd81ce02ef68-groupManagement] INFO  server.RaftServerConfigKeys (ConfUtils.java:logGet(46)) - raft.server.log.write.buffer.size = 1048576 (custom)
2023-08-31 18:21:24,640 [1126cc3a-7ff0-4671-a31f-fd81ce02ef68-groupManagement] INFO  server.RaftServerConfigKeys (ConfUtils.java:logGet(46)) - raft.server.log.appender.buffer.byte-limit = 33554432 (custom)
2023-08-31 18:21:24,647 [1126cc3a-7ff0-4671-a31f-fd81ce02ef68-groupManagement] INFO  server.RaftServerConfigKeys (ConfUtils.java:logGet(46)) - raft.server.log.unsafe-flush.enabled = false (default)
2023-08-31 18:21:24,647 [1126cc3a-7ff0-4671-a31f-fd81ce02ef68-groupManagement] INFO  server.RaftServerConfigKeys (ConfUtils.java:logGet(46)) - raft.server.log.async-flush.enabled = false (default)
2023-08-31 18:21:24,647 [1126cc3a-7ff0-4671-a31f-fd81ce02ef68-groupManagement] INFO  server.RaftServerConfigKeys (ConfUtils.java:logGet(46)) - raft.server.log.statemachine.data.caching.enabled = true (custom)
2023-08-31 18:21:24,647 [1126cc3a-7ff0-4671-a31f-fd81ce02ef68-groupManagement] INFO  segmented.SegmentedRaftLogWorker (SegmentedRaftLogWorker.java:lambda$new$0(135)) - 1126cc3a-7ff0-4671-a31f-fd81ce02ef68@group-6E0C8D75BA96-SegmentedRaftLogWorker: flushIndex: setUnconditionally 0 -> -1
2023-08-31 18:21:24,647 [1126cc3a-7ff0-4671-a31f-fd81ce02ef68-groupManagement] INFO  segmented.SegmentedRaftLogWorker (SegmentedRaftLogWorker.java:lambda$new$0(135)) - 1126cc3a-7ff0-4671-a31f-fd81ce02ef68@group-6E0C8D75BA96-SegmentedRaftLogWorker: safeCacheEvictIndex: setUnconditionally 0 -> -1
2023-08-31 18:21:24,647 [1126cc3a-7ff0-4671-a31f-fd81ce02ef68-groupManagement] INFO  server.RaftServer$Division (RaftServerImpl.java:start(342)) - 1126cc3a-7ff0-4671-a31f-fd81ce02ef68@group-6E0C8D75BA96: start as a follower, conf=-1: peers:[1126cc3a-7ff0-4671-a31f-fd81ce02ef68|rpc:10.1.0.8:15191|admin:10.1.0.8:15190|client:10.1.0.8:15189|dataStream:10.1.0.8:15192|priority:1|startupRole:FOLLOWER, 626d1c86-c74d-4c1d-990a-e37ed735d25b|rpc:10.1.0.8:15173|admin:10.1.0.8:15172|client:10.1.0.8:15171|dataStream:10.1.0.8:15174|priority:0|startupRole:FOLLOWER, 960d1597-fbff-49c3-85b3-41c3f78a7ab6|rpc:10.1.0.8:15182|admin:10.1.0.8:15181|client:10.1.0.8:15180|dataStream:10.1.0.8:15183|priority:0|startupRole:FOLLOWER]|listeners:[], old=null
2023-08-31 18:21:24,647 [1126cc3a-7ff0-4671-a31f-fd81ce02ef68-groupManagement] INFO  server.RaftServer$Division (RaftServerImpl.java:setRole(329)) - 1126cc3a-7ff0-4671-a31f-fd81ce02ef68@group-6E0C8D75BA96: changes role from      null to FOLLOWER at term 0 for startAsFollower
2023-08-31 18:21:24,647 [1126cc3a-7ff0-4671-a31f-fd81ce02ef68-groupManagement] INFO  impl.RoleInfo (RoleInfo.java:updateAndGet(139)) - 1126cc3a-7ff0-4671-a31f-fd81ce02ef68: start 1126cc3a-7ff0-4671-a31f-fd81ce02ef68@group-6E0C8D75BA96-FollowerState
2023-08-31 18:21:24,650 [1126cc3a-7ff0-4671-a31f-fd81ce02ef68-groupManagement] INFO  util.JmxRegister (JmxRegister.java:tryRegister(44)) - Successfully registered JMX Bean with object name Ratis:service=RaftServer,group=group-6E0C8D75BA96,id=1126cc3a-7ff0-4671-a31f-fd81ce02ef68
2023-08-31 18:21:24,651 [1126cc3a-7ff0-4671-a31f-fd81ce02ef68-groupManagement] INFO  server.RaftServerConfigKeys (ConfUtils.java:logGet(46)) - raft.server.snapshot.auto.trigger.enabled = true (custom)
2023-08-31 18:21:24,651 [1126cc3a-7ff0-4671-a31f-fd81ce02ef68-groupManagement] INFO  server.RaftServerConfigKeys (ConfUtils.java:logGet(46)) - raft.server.snapshot.auto.trigger.threshold = 10000 (custom)
2023-08-31 18:21:24,651 [1126cc3a-7ff0-4671-a31f-fd81ce02ef68-groupManagement] INFO  server.RaftServerConfigKeys (ConfUtils.java:logGet(46)) - raft.server.snapshot.retention.file.num = 5 (custom)
2023-08-31 18:21:24,651 [1126cc3a-7ff0-4671-a31f-fd81ce02ef68-groupManagement] INFO  server.RaftServerConfigKeys (ConfUtils.java:logGet(46)) - raft.server.log.purge.upto.snapshot.index = false (default)
2023-08-31 18:21:24,651 [1126cc3a-7ff0-4671-a31f-fd81ce02ef68@group-6E0C8D75BA96-FollowerState] INFO  server.RaftServerConfigKeys (ConfUtils.java:logFallback(53)) - raft.server.rpc.first-election.timeout.min = 5s (fallback to raft.server.rpc.timeout.min)
2023-08-31 18:21:24,652 [1126cc3a-7ff0-4671-a31f-fd81ce02ef68@group-6E0C8D75BA96-FollowerState] INFO  server.RaftServerConfigKeys (ConfUtils.java:logFallback(53)) - raft.server.rpc.first-election.timeout.max = 5200ms (fallback to raft.server.rpc.timeout.max)
2023-08-31 18:21:24,668 [grpc-default-executor-0] INFO  server.RaftServer (RaftServerProxy.java:addNew(98)) - 960d1597-fbff-49c3-85b3-41c3f78a7ab6: addNew group-6E0C8D75BA96:[1126cc3a-7ff0-4671-a31f-fd81ce02ef68|rpc:10.1.0.8:15191|admin:10.1.0.8:15190|client:10.1.0.8:15189|dataStream:10.1.0.8:15192|priority:1|startupRole:FOLLOWER, 626d1c86-c74d-4c1d-990a-e37ed735d25b|rpc:10.1.0.8:15173|admin:10.1.0.8:15172|client:10.1.0.8:15171|dataStream:10.1.0.8:15174|priority:0|startupRole:FOLLOWER, 960d1597-fbff-49c3-85b3-41c3f78a7ab6|rpc:10.1.0.8:15182|admin:10.1.0.8:15181|client:10.1.0.8:15180|dataStream:10.1.0.8:15183|priority:0|startupRole:FOLLOWER] returns group-6E0C8D75BA96:java.util.concurrent.CompletableFuture@435a2bf[Not completed]
2023-08-31 18:21:24,669 [960d1597-fbff-49c3-85b3-41c3f78a7ab6-groupManagement] INFO  server.RaftServer$Division (RaftServerImpl.java:<init>(198)) - 960d1597-fbff-49c3-85b3-41c3f78a7ab6: new RaftServerImpl for group-6E0C8D75BA96:[1126cc3a-7ff0-4671-a31f-fd81ce02ef68|rpc:10.1.0.8:15191|admin:10.1.0.8:15190|client:10.1.0.8:15189|dataStream:10.1.0.8:15192|priority:1|startupRole:FOLLOWER, 626d1c86-c74d-4c1d-990a-e37ed735d25b|rpc:10.1.0.8:15173|admin:10.1.0.8:15172|client:10.1.0.8:15171|dataStream:10.1.0.8:15174|priority:0|startupRole:FOLLOWER, 960d1597-fbff-49c3-85b3-41c3f78a7ab6|rpc:10.1.0.8:15182|admin:10.1.0.8:15181|client:10.1.0.8:15180|dataStream:10.1.0.8:15183|priority:0|startupRole:FOLLOWER] with ContainerStateMachine:uninitialized
2023-08-31 18:21:24,669 [960d1597-fbff-49c3-85b3-41c3f78a7ab6-groupManagement] INFO  server.RaftServerConfigKeys (ConfUtils.java:logGet(46)) - raft.server.rpc.timeout.min = 5s (custom)
2023-08-31 18:21:24,669 [960d1597-fbff-49c3-85b3-41c3f78a7ab6-groupManagement] INFO  server.RaftServerConfigKeys (ConfUtils.java:logGet(46)) - raft.server.rpc.timeout.max = 5200ms (custom)
2023-08-31 18:21:24,669 [960d1597-fbff-49c3-85b3-41c3f78a7ab6-groupManagement] INFO  server.RaftServerConfigKeys (ConfUtils.java:logGet(46)) - raft.server.rpc.sleep.time = 25ms (default)
2023-08-31 18:21:24,669 [960d1597-fbff-49c3-85b3-41c3f78a7ab6-groupManagement] INFO  server.RaftServerConfigKeys (ConfUtils.java:logGet(46)) - raft.server.rpc.slowness.timeout = 300s (custom)
2023-08-31 18:21:24,669 [960d1597-fbff-49c3-85b3-41c3f78a7ab6-groupManagement] INFO  server.RaftServerConfigKeys (ConfUtils.java:logGet(46)) - raft.server.leaderelection.leader.step-down.wait-time = 10s (default)
2023-08-31 18:21:24,669 [960d1597-fbff-49c3-85b3-41c3f78a7ab6-groupManagement] INFO  server.RaftServerConfigKeys (ConfUtils.java:logGet(46)) - raft.server.sleep.deviation.threshold = 300ms (default)
2023-08-31 18:21:24,669 [960d1597-fbff-49c3-85b3-41c3f78a7ab6-groupManagement] INFO  server.RaftServer$Division (ServerState.java:<init>(120)) - 960d1597-fbff-49c3-85b3-41c3f78a7ab6@group-6E0C8D75BA96: ConfigurationManager, init=-1: peers:[1126cc3a-7ff0-4671-a31f-fd81ce02ef68|rpc:10.1.0.8:15191|admin:10.1.0.8:15190|client:10.1.0.8:15189|dataStream:10.1.0.8:15192|priority:1|startupRole:FOLLOWER, 626d1c86-c74d-4c1d-990a-e37ed735d25b|rpc:10.1.0.8:15173|admin:10.1.0.8:15172|client:10.1.0.8:15171|dataStream:10.1.0.8:15174|priority:0|startupRole:FOLLOWER, 960d1597-fbff-49c3-85b3-41c3f78a7ab6|rpc:10.1.0.8:15182|admin:10.1.0.8:15181|client:10.1.0.8:15180|dataStream:10.1.0.8:15183|priority:0|startupRole:FOLLOWER]|listeners:[], old=null, confs=<EMPTY_MAP>
2023-08-31 18:21:24,669 [960d1597-fbff-49c3-85b3-41c3f78a7ab6-groupManagement] INFO  server.RaftServerConfigKeys (ConfUtils.java:logGet(46)) - raft.server.storage.dir = [/home/runner/work/ozone/ozone/hadoop-ozone/integration-test/target/test-dir/MiniOzoneClusterImpl-2bd935e6-826e-4dca-83cf-32fa945e0037/datanode-1/data/ratis] (custom)
2023-08-31 18:21:24,670 [960d1597-fbff-49c3-85b3-41c3f78a7ab6-groupManagement] INFO  server.RaftServerConfigKeys (ConfUtils.java:logGet(46)) - raft.server.log.corruption.policy = EXCEPTION (default)
2023-08-31 18:21:24,670 [960d1597-fbff-49c3-85b3-41c3f78a7ab6-groupManagement] INFO  server.RaftServerConfigKeys (ConfUtils.java:logGet(46)) - raft.server.storage.free-space.min = 0MB (=0) (default)
2023-08-31 18:21:24,670 [960d1597-fbff-49c3-85b3-41c3f78a7ab6-groupManagement] INFO  server.RaftServerConfigKeys (ConfUtils.java:logGet(46)) - raft.server.notification.no-leader.timeout = 300s (custom)
2023-08-31 18:21:24,670 [960d1597-fbff-49c3-85b3-41c3f78a7ab6-groupManagement] INFO  server.RaftServerConfigKeys (ConfUtils.java:logGet(46)) - raft.server.read.timeout = 10s (default)
2023-08-31 18:21:24,670 [960d1597-fbff-49c3-85b3-41c3f78a7ab6-groupManagement] INFO  server.RaftServerConfigKeys (ConfUtils.java:logGet(46)) - raft.server.retrycache.expirytime = 600000ms (custom)
2023-08-31 18:21:24,670 [960d1597-fbff-49c3-85b3-41c3f78a7ab6-groupManagement] INFO  server.RaftServerConfigKeys (ConfUtils.java:logGet(46)) - raft.server.retrycache.statistics.expirytime = 100μs (default)
2023-08-31 18:21:24,670 [960d1597-fbff-49c3-85b3-41c3f78a7ab6-groupManagement] INFO  server.RaftServerConfigKeys (ConfUtils.java:logGet(46)) - raft.server.read.option = DEFAULT (default)
2023-08-31 18:21:24,671 [960d1597-fbff-49c3-85b3-41c3f78a7ab6-groupManagement] INFO  server.RaftServerConfigKeys (ConfUtils.java:logGet(46)) - raft.server.rpc.request.timeout = 60s (custom)
2023-08-31 18:21:24,671 [960d1597-fbff-49c3-85b3-41c3f78a7ab6-groupManagement] INFO  server.RaftServerConfigKeys (ConfUtils.java:logGet(46)) - raft.server.log.appender.install.snapshot.enabled = false (custom)
2023-08-31 18:21:24,671 [960d1597-fbff-49c3-85b3-41c3f78a7ab6-groupManagement] INFO  server.RaftServerConfigKeys (ConfUtils.java:logGet(46)) - raft.server.threadpool.server.cached = true (default)
2023-08-31 18:21:24,671 [960d1597-fbff-49c3-85b3-41c3f78a7ab6-groupManagement] INFO  server.RaftServerConfigKeys (ConfUtils.java:logGet(46)) - raft.server.threadpool.server.size = 0 (default)
2023-08-31 18:21:24,671 [960d1597-fbff-49c3-85b3-41c3f78a7ab6-groupManagement] INFO  server.RaftServerConfigKeys (ConfUtils.java:logGet(46)) - raft.server.threadpool.client.cached = true (default)
2023-08-31 18:21:24,671 [960d1597-fbff-49c3-85b3-41c3f78a7ab6-groupManagement] INFO  server.RaftServerConfigKeys (ConfUtils.java:logGet(46)) - raft.server.threadpool.client.size = 0 (default)
2023-08-31 18:21:24,671 [960d1597-fbff-49c3-85b3-41c3f78a7ab6-groupManagement] INFO  storage.RaftStorageDirectory (RaftStorageDirectoryImpl.java:analyzeStorage(137)) - The storage directory /home/runner/work/ozone/ozone/hadoop-ozone/integration-test/target/test-dir/MiniOzoneClusterImpl-2bd935e6-826e-4dca-83cf-32fa945e0037/datanode-1/data/ratis/c2a659dd-f751-473f-b48f-6e0c8d75ba96 does not exist. Creating ...
2023-08-31 18:21:24,673 [960d1597-fbff-49c3-85b3-41c3f78a7ab6-groupManagement] INFO  storage.RaftStorageDirectory (RaftStorageDirectoryImpl.java:tryLock(231)) - Lock on /home/runner/work/ozone/ozone/hadoop-ozone/integration-test/target/test-dir/MiniOzoneClusterImpl-2bd935e6-826e-4dca-83cf-32fa945e0037/datanode-1/data/ratis/c2a659dd-f751-473f-b48f-6e0c8d75ba96/in_use.lock acquired by nodename 61743@fv-az1129-899
2023-08-31 18:21:24,675 [960d1597-fbff-49c3-85b3-41c3f78a7ab6-groupManagement] INFO  storage.RaftStorage (RaftStorageImpl.java:format(96)) - Storage directory /home/runner/work/ozone/ozone/hadoop-ozone/integration-test/target/test-dir/MiniOzoneClusterImpl-2bd935e6-826e-4dca-83cf-32fa945e0037/datanode-1/data/ratis/c2a659dd-f751-473f-b48f-6e0c8d75ba96 has been successfully formatted.
2023-08-31 18:21:24,675 [960d1597-fbff-49c3-85b3-41c3f78a7ab6-groupManagement] INFO  ratis.ContainerStateMachine (ContainerStateMachine.java:loadSnapshot(262)) - group-6E0C8D75BA96: The snapshot info is null. Setting the last applied indexto:(t:0, i:~)
2023-08-31 18:21:24,676 [960d1597-fbff-49c3-85b3-41c3f78a7ab6-groupManagement] INFO  server.RaftServerConfigKeys (ConfUtils.java:logGet(46)) - raft.server.log.use.memory = false (default)
2023-08-31 18:21:24,676 [960d1597-fbff-49c3-85b3-41c3f78a7ab6-groupManagement] INFO  server.RaftServerConfigKeys (ConfUtils.java:logGet(46)) - raft.server.log.purge.gap = 1000000 (custom)
2023-08-31 18:21:24,676 [960d1597-fbff-49c3-85b3-41c3f78a7ab6-groupManagement] INFO  server.RaftServerConfigKeys (ConfUtils.java:logGet(46)) - raft.server.log.appender.buffer.byte-limit = 33554432 (custom)
2023-08-31 18:21:24,676 [960d1597-fbff-49c3-85b3-41c3f78a7ab6-groupManagement] INFO  server.RaftServerConfigKeys (ConfUtils.java:logGet(46)) - raft.server.log.statemachine.data.read.timeout = 1000ms (default)
2023-08-31 18:21:24,676 [960d1597-fbff-49c3-85b3-41c3f78a7ab6-groupManagement] INFO  server.RaftServerConfigKeys (ConfUtils.java:logGet(46)) - raft.server.log.purge.preservation.log.num = 0 (default)
2023-08-31 18:21:24,676 [960d1597-fbff-49c3-85b3-41c3f78a7ab6-groupManagement] INFO  server.RaftServerConfigKeys (ConfUtils.java:logGet(46)) - raft.server.log.segment.size.max = 1048576 (custom)
2023-08-31 18:21:24,676 [960d1597-fbff-49c3-85b3-41c3f78a7ab6-groupManagement] INFO  server.RaftServerConfigKeys (ConfUtils.java:logGet(46)) - raft.server.log.segment.cache.num.max = 2 (custom)
2023-08-31 18:21:24,677 [960d1597-fbff-49c3-85b3-41c3f78a7ab6-groupManagement] INFO  server.RaftServerConfigKeys (ConfUtils.java:logGet(46)) - raft.server.log.segment.cache.size.max = 200MB (=209715200) (default)
2023-08-31 18:21:24,677 [960d1597-fbff-49c3-85b3-41c3f78a7ab6-groupManagement] INFO  server.RaftServerConfigKeys (ConfUtils.java:logGet(46)) - raft.server.log.appender.buffer.byte-limit = 33554432 (custom)
2023-08-31 18:21:24,677 [960d1597-fbff-49c3-85b3-41c3f78a7ab6-groupManagement] INFO  segmented.SegmentedRaftLogWorker (SegmentedRaftLogWorker.java:<init>(188)) - new 960d1597-fbff-49c3-85b3-41c3f78a7ab6@group-6E0C8D75BA96-SegmentedRaftLogWorker for RaftStorageImpl:Storage Directory /home/runner/work/ozone/ozone/hadoop-ozone/integration-test/target/test-dir/MiniOzoneClusterImpl-2bd935e6-826e-4dca-83cf-32fa945e0037/datanode-1/data/ratis/c2a659dd-f751-473f-b48f-6e0c8d75ba96
2023-08-31 18:21:24,677 [960d1597-fbff-49c3-85b3-41c3f78a7ab6-groupManagement] INFO  server.RaftServerConfigKeys (ConfUtils.java:logGet(46)) - raft.server.log.queue.byte-limit = 4294967296 (custom)
2023-08-31 18:21:24,677 [960d1597-fbff-49c3-85b3-41c3f78a7ab6-groupManagement] INFO  server.RaftServerConfigKeys (ConfUtils.java:logGet(46)) - raft.server.log.queue.element-limit = 1024 (custom)
2023-08-31 18:21:24,677 [960d1597-fbff-49c3-85b3-41c3f78a7ab6-groupManagement] INFO  server.RaftServerConfigKeys (ConfUtils.java:logGet(46)) - raft.server.log.segment.size.max = 1048576 (custom)
2023-08-31 18:21:24,677 [960d1597-fbff-49c3-85b3-41c3f78a7ab6-groupManagement] INFO  server.RaftServerConfigKeys (ConfUtils.java:logGet(46)) - raft.server.log.preallocated.size = 16384 (custom)
2023-08-31 18:21:24,677 [960d1597-fbff-49c3-85b3-41c3f78a7ab6-groupManagement] INFO  server.RaftServerConfigKeys (ConfUtils.java:logGet(46)) - raft.server.log.force.sync.num = 128 (default)
2023-08-31 18:21:24,677 [960d1597-fbff-49c3-85b3-41c3f78a7ab6-groupManagement] INFO  server.RaftServerConfigKeys (ConfUtils.java:logGet(46)) - raft.server.log.statemachine.data.sync = true (default)
2023-08-31 18:21:24,677 [960d1597-fbff-49c3-85b3-41c3f78a7ab6-groupManagement] INFO  server.RaftServerConfigKeys (ConfUtils.java:logGet(46)) - raft.server.log.statemachine.data.sync.timeout = 10s (default)
2023-08-31 18:21:24,677 [960d1597-fbff-49c3-85b3-41c3f78a7ab6-groupManagement] INFO  server.RaftServerConfigKeys (ConfUtils.java:logGet(46)) - raft.server.log.statemachine.data.sync.timeout.retry = -1 (default)
2023-08-31 18:21:24,677 [960d1597-fbff-49c3-85b3-41c3f78a7ab6-groupManagement] INFO  server.RaftServerConfigKeys (ConfUtils.java:logGet(46)) - raft.server.log.write.buffer.size = 1048576 (custom)
2023-08-31 18:21:24,678 [960d1597-fbff-49c3-85b3-41c3f78a7ab6-groupManagement] INFO  server.RaftServerConfigKeys (ConfUtils.java:logGet(46)) - raft.server.log.appender.buffer.byte-limit = 33554432 (custom)
2023-08-31 18:21:24,684 [960d1597-fbff-49c3-85b3-41c3f78a7ab6-groupManagement] INFO  server.RaftServerConfigKeys (ConfUtils.java:logGet(46)) - raft.server.log.unsafe-flush.enabled = false (default)
2023-08-31 18:21:24,684 [960d1597-fbff-49c3-85b3-41c3f78a7ab6-groupManagement] INFO  server.RaftServerConfigKeys (ConfUtils.java:logGet(46)) - raft.server.log.async-flush.enabled = false (default)
2023-08-31 18:21:24,684 [960d1597-fbff-49c3-85b3-41c3f78a7ab6-groupManagement] INFO  server.RaftServerConfigKeys (ConfUtils.java:logGet(46)) - raft.server.log.statemachine.data.caching.enabled = true (custom)
2023-08-31 18:21:24,685 [960d1597-fbff-49c3-85b3-41c3f78a7ab6-groupManagement] INFO  segmented.SegmentedRaftLogWorker (SegmentedRaftLogWorker.java:lambda$new$0(135)) - 960d1597-fbff-49c3-85b3-41c3f78a7ab6@group-6E0C8D75BA96-SegmentedRaftLogWorker: flushIndex: setUnconditionally 0 -> -1
2023-08-31 18:21:24,685 [960d1597-fbff-49c3-85b3-41c3f78a7ab6-groupManagement] INFO  segmented.SegmentedRaftLogWorker (SegmentedRaftLogWorker.java:lambda$new$0(135)) - 960d1597-fbff-49c3-85b3-41c3f78a7ab6@group-6E0C8D75BA96-SegmentedRaftLogWorker: safeCacheEvictIndex: setUnconditionally 0 -> -1
2023-08-31 18:21:24,685 [960d1597-fbff-49c3-85b3-41c3f78a7ab6-groupManagement] INFO  server.RaftServer$Division (RaftServerImpl.java:start(342)) - 960d1597-fbff-49c3-85b3-41c3f78a7ab6@group-6E0C8D75BA96: start as a follower, conf=-1: peers:[1126cc3a-7ff0-4671-a31f-fd81ce02ef68|rpc:10.1.0.8:15191|admin:10.1.0.8:15190|client:10.1.0.8:15189|dataStream:10.1.0.8:15192|priority:1|startupRole:FOLLOWER, 626d1c86-c74d-4c1d-990a-e37ed735d25b|rpc:10.1.0.8:15173|admin:10.1.0.8:15172|client:10.1.0.8:15171|dataStream:10.1.0.8:15174|priority:0|startupRole:FOLLOWER, 960d1597-fbff-49c3-85b3-41c3f78a7ab6|rpc:10.1.0.8:15182|admin:10.1.0.8:15181|client:10.1.0.8:15180|dataStream:10.1.0.8:15183|priority:0|startupRole:FOLLOWER]|listeners:[], old=null
2023-08-31 18:21:24,685 [960d1597-fbff-49c3-85b3-41c3f78a7ab6-groupManagement] INFO  server.RaftServer$Division (RaftServerImpl.java:setRole(329)) - 960d1597-fbff-49c3-85b3-41c3f78a7ab6@group-6E0C8D75BA96: changes role from      null to FOLLOWER at term 0 for startAsFollower
2023-08-31 18:21:24,685 [960d1597-fbff-49c3-85b3-41c3f78a7ab6-groupManagement] INFO  impl.RoleInfo (RoleInfo.java:updateAndGet(139)) - 960d1597-fbff-49c3-85b3-41c3f78a7ab6: start 960d1597-fbff-49c3-85b3-41c3f78a7ab6@group-6E0C8D75BA96-FollowerState
2023-08-31 18:21:24,686 [960d1597-fbff-49c3-85b3-41c3f78a7ab6@group-6E0C8D75BA96-FollowerState] INFO  server.RaftServerConfigKeys (ConfUtils.java:logFallback(53)) - raft.server.rpc.first-election.timeout.min = 5s (fallback to raft.server.rpc.timeout.min)
2023-08-31 18:21:24,686 [960d1597-fbff-49c3-85b3-41c3f78a7ab6-groupManagement] INFO  util.JmxRegister (JmxRegister.java:tryRegister(44)) - Successfully registered JMX Bean with object name Ratis:service=RaftServer,group=group-6E0C8D75BA96,id=960d1597-fbff-49c3-85b3-41c3f78a7ab6
2023-08-31 18:21:24,686 [960d1597-fbff-49c3-85b3-41c3f78a7ab6@group-6E0C8D75BA96-FollowerState] INFO  server.RaftServerConfigKeys (ConfUtils.java:logFallback(53)) - raft.server.rpc.first-election.timeout.max = 5200ms (fallback to raft.server.rpc.timeout.max)
2023-08-31 18:21:24,686 [960d1597-fbff-49c3-85b3-41c3f78a7ab6-groupManagement] INFO  server.RaftServerConfigKeys (ConfUtils.java:logGet(46)) - raft.server.snapshot.auto.trigger.enabled = true (custom)
2023-08-31 18:21:24,686 [960d1597-fbff-49c3-85b3-41c3f78a7ab6-groupManagement] INFO  server.RaftServerConfigKeys (ConfUtils.java:logGet(46)) - raft.server.snapshot.auto.trigger.threshold = 10000 (custom)
2023-08-31 18:21:24,686 [960d1597-fbff-49c3-85b3-41c3f78a7ab6-groupManagement] INFO  server.RaftServerConfigKeys (ConfUtils.java:logGet(46)) - raft.server.snapshot.retention.file.num = 5 (custom)
2023-08-31 18:21:24,686 [960d1597-fbff-49c3-85b3-41c3f78a7ab6-groupManagement] INFO  server.RaftServerConfigKeys (ConfUtils.java:logGet(46)) - raft.server.log.purge.upto.snapshot.index = false (default)
2023-08-31 18:21:24,693 [PipelineCommandHandlerThread-0] INFO  commandhandler.CreatePipelineCommandHandler (CreatePipelineCommandHandler.java:lambda$handle$2(124)) - Created Pipeline RATIS THREE PipelineID=c2a659dd-f751-473f-b48f-6e0c8d75ba96.
2023-08-31 18:21:24,802 [main] INFO  ozone.MiniOzoneClusterImpl (MiniOzoneClusterImpl.java:lambda$waitForClusterToBeReady$0(224)) - Nodes are ready. Got 5 of 5 DN Heartbeats.
2023-08-31 18:21:24,803 [main] INFO  ozone.MiniOzoneClusterImpl (MiniOzoneClusterImpl.java:lambda$waitForClusterToBeReady$0(227)) - Waiting for cluster to exit safe mode
2023-08-31 18:21:24,803 [main] INFO  ozone.MiniOzoneClusterImpl (MiniOzoneClusterImpl.java:lambda$waitForClusterToBeReady$0(229)) - SCM became leader
2023-08-31 18:21:24,807 [PipelineCommandHandlerThread-0] INFO  server.RaftServer (RaftServerProxy.java:addNew(98)) - 960d1597-fbff-49c3-85b3-41c3f78a7ab6: addNew group-66E5CFEBCBFE:[960d1597-fbff-49c3-85b3-41c3f78a7ab6|rpc:10.1.0.8:15182|admin:10.1.0.8:15181|client:10.1.0.8:15180|dataStream:10.1.0.8:15183|priority:1|startupRole:FOLLOWER] returns group-66E5CFEBCBFE:java.util.concurrent.CompletableFuture@36c41cca[Not completed]
2023-08-31 18:21:24,808 [960d1597-fbff-49c3-85b3-41c3f78a7ab6-groupManagement] INFO  server.RaftServer$Division (RaftServerImpl.java:<init>(198)) - 960d1597-fbff-49c3-85b3-41c3f78a7ab6: new RaftServerImpl for group-66E5CFEBCBFE:[960d1597-fbff-49c3-85b3-41c3f78a7ab6|rpc:10.1.0.8:15182|admin:10.1.0.8:15181|client:10.1.0.8:15180|dataStream:10.1.0.8:15183|priority:1|startupRole:FOLLOWER] with ContainerStateMachine:uninitialized
2023-08-31 18:21:24,808 [960d1597-fbff-49c3-85b3-41c3f78a7ab6-groupManagement] INFO  server.RaftServerConfigKeys (ConfUtils.java:logGet(46)) - raft.server.rpc.timeout.min = 5s (custom)
2023-08-31 18:21:24,808 [960d1597-fbff-49c3-85b3-41c3f78a7ab6-groupManagement] INFO  server.RaftServerConfigKeys (ConfUtils.java:logGet(46)) - raft.server.rpc.timeout.max = 5200ms (custom)
2023-08-31 18:21:24,808 [960d1597-fbff-49c3-85b3-41c3f78a7ab6-groupManagement] INFO  server.RaftServerConfigKeys (ConfUtils.java:logGet(46)) - raft.server.rpc.sleep.time = 25ms (default)
2023-08-31 18:21:24,808 [960d1597-fbff-49c3-85b3-41c3f78a7ab6-groupManagement] INFO  server.RaftServerConfigKeys (ConfUtils.java:logGet(46)) - raft.server.rpc.slowness.timeout = 300s (custom)
2023-08-31 18:21:24,808 [960d1597-fbff-49c3-85b3-41c3f78a7ab6-groupManagement] INFO  server.RaftServerConfigKeys (ConfUtils.java:logGet(46)) - raft.server.leaderelection.leader.step-down.wait-time = 10s (default)
2023-08-31 18:21:24,808 [960d1597-fbff-49c3-85b3-41c3f78a7ab6-groupManagement] INFO  server.RaftServerConfigKeys (ConfUtils.java:logGet(46)) - raft.server.sleep.deviation.threshold = 300ms (default)
2023-08-31 18:21:24,808 [960d1597-fbff-49c3-85b3-41c3f78a7ab6-groupManagement] INFO  server.RaftServer$Division (ServerState.java:<init>(120)) - 960d1597-fbff-49c3-85b3-41c3f78a7ab6@group-66E5CFEBCBFE: ConfigurationManager, init=-1: peers:[960d1597-fbff-49c3-85b3-41c3f78a7ab6|rpc:10.1.0.8:15182|admin:10.1.0.8:15181|client:10.1.0.8:15180|dataStream:10.1.0.8:15183|priority:1|startupRole:FOLLOWER]|listeners:[], old=null, confs=<EMPTY_MAP>
2023-08-31 18:21:24,808 [960d1597-fbff-49c3-85b3-41c3f78a7ab6-groupManagement] INFO  server.RaftServerConfigKeys (ConfUtils.java:logGet(46)) - raft.server.storage.dir = [/home/runner/work/ozone/ozone/hadoop-ozone/integration-test/target/test-dir/MiniOzoneClusterImpl-2bd935e6-826e-4dca-83cf-32fa945e0037/datanode-1/data/ratis] (custom)
2023-08-31 18:21:24,809 [960d1597-fbff-49c3-85b3-41c3f78a7ab6-groupManagement] INFO  server.RaftServerConfigKeys (ConfUtils.java:logGet(46)) - raft.server.log.corruption.policy = EXCEPTION (default)
2023-08-31 18:21:24,809 [960d1597-fbff-49c3-85b3-41c3f78a7ab6-groupManagement] INFO  server.RaftServerConfigKeys (ConfUtils.java:logGet(46)) - raft.server.storage.free-space.min = 0MB (=0) (default)
2023-08-31 18:21:24,809 [960d1597-fbff-49c3-85b3-41c3f78a7ab6-groupManagement] INFO  server.RaftServerConfigKeys (ConfUtils.java:logGet(46)) - raft.server.notification.no-leader.timeout = 300s (custom)
2023-08-31 18:21:24,809 [960d1597-fbff-49c3-85b3-41c3f78a7ab6-groupManagement] INFO  server.RaftServerConfigKeys (ConfUtils.java:logGet(46)) - raft.server.read.timeout = 10s (default)
2023-08-31 18:21:24,809 [960d1597-fbff-49c3-85b3-41c3f78a7ab6-groupManagement] INFO  server.RaftServerConfigKeys (ConfUtils.java:logGet(46)) - raft.server.retrycache.expirytime = 600000ms (custom)
2023-08-31 18:21:24,809 [960d1597-fbff-49c3-85b3-41c3f78a7ab6-groupManagement] INFO  server.RaftServerConfigKeys (ConfUtils.java:logGet(46)) - raft.server.retrycache.statistics.expirytime = 100μs (default)
2023-08-31 18:21:24,809 [960d1597-fbff-49c3-85b3-41c3f78a7ab6-groupManagement] INFO  server.RaftServerConfigKeys (ConfUtils.java:logGet(46)) - raft.server.read.option = DEFAULT (default)
2023-08-31 18:21:24,809 [960d1597-fbff-49c3-85b3-41c3f78a7ab6-groupManagement] INFO  server.RaftServerConfigKeys (ConfUtils.java:logGet(46)) - raft.server.rpc.request.timeout = 60s (custom)
2023-08-31 18:21:24,810 [960d1597-fbff-49c3-85b3-41c3f78a7ab6-groupManagement] INFO  server.RaftServerConfigKeys (ConfUtils.java:logGet(46)) - raft.server.log.appender.install.snapshot.enabled = false (custom)
2023-08-31 18:21:24,810 [960d1597-fbff-49c3-85b3-41c3f78a7ab6-groupManagement] INFO  server.RaftServerConfigKeys (ConfUtils.java:logGet(46)) - raft.server.threadpool.server.cached = true (default)
2023-08-31 18:21:24,810 [960d1597-fbff-49c3-85b3-41c3f78a7ab6-groupManagement] INFO  server.RaftServerConfigKeys (ConfUtils.java:logGet(46)) - raft.server.threadpool.server.size = 0 (default)
2023-08-31 18:21:24,810 [960d1597-fbff-49c3-85b3-41c3f78a7ab6-groupManagement] INFO  server.RaftServerConfigKeys (ConfUtils.java:logGet(46)) - raft.server.threadpool.client.cached = true (default)
2023-08-31 18:21:24,810 [960d1597-fbff-49c3-85b3-41c3f78a7ab6-groupManagement] INFO  server.RaftServerConfigKeys (ConfUtils.java:logGet(46)) - raft.server.threadpool.client.size = 0 (default)
2023-08-31 18:21:24,850 [960d1597-fbff-49c3-85b3-41c3f78a7ab6-groupManagement] INFO  storage.RaftStorageDirectory (RaftStorageDirectoryImpl.java:analyzeStorage(137)) - The storage directory /home/runner/work/ozone/ozone/hadoop-ozone/integration-test/target/test-dir/MiniOzoneClusterImpl-2bd935e6-826e-4dca-83cf-32fa945e0037/datanode-1/data/ratis/5ea65a6c-6368-4b69-a593-66e5cfebcbfe does not exist. Creating ...
2023-08-31 18:21:24,854 [960d1597-fbff-49c3-85b3-41c3f78a7ab6-groupManagement] INFO  storage.RaftStorageDirectory (RaftStorageDirectoryImpl.java:tryLock(231)) - Lock on /home/runner/work/ozone/ozone/hadoop-ozone/integration-test/target/test-dir/MiniOzoneClusterImpl-2bd935e6-826e-4dca-83cf-32fa945e0037/datanode-1/data/ratis/5ea65a6c-6368-4b69-a593-66e5cfebcbfe/in_use.lock acquired by nodename 61743@fv-az1129-899
2023-08-31 18:21:24,856 [960d1597-fbff-49c3-85b3-41c3f78a7ab6-groupManagement] INFO  storage.RaftStorage (RaftStorageImpl.java:format(96)) - Storage directory /home/runner/work/ozone/ozone/hadoop-ozone/integration-test/target/test-dir/MiniOzoneClusterImpl-2bd935e6-826e-4dca-83cf-32fa945e0037/datanode-1/data/ratis/5ea65a6c-6368-4b69-a593-66e5cfebcbfe has been successfully formatted.
2023-08-31 18:21:24,866 [960d1597-fbff-49c3-85b3-41c3f78a7ab6-groupManagement] INFO  ratis.ContainerStateMachine (ContainerStateMachine.java:loadSnapshot(262)) - group-66E5CFEBCBFE: The snapshot info is null. Setting the last applied indexto:(t:0, i:~)
2023-08-31 18:21:24,866 [960d1597-fbff-49c3-85b3-41c3f78a7ab6-groupManagement] INFO  server.RaftServerConfigKeys (ConfUtils.java:logGet(46)) - raft.server.log.use.memory = false (default)
2023-08-31 18:21:24,866 [960d1597-fbff-49c3-85b3-41c3f78a7ab6-groupManagement] INFO  server.RaftServerConfigKeys (ConfUtils.java:logGet(46)) - raft.server.log.purge.gap = 1000000 (custom)
2023-08-31 18:21:24,866 [960d1597-fbff-49c3-85b3-41c3f78a7ab6-groupManagement] INFO  server.RaftServerConfigKeys (ConfUtils.java:logGet(46)) - raft.server.log.appender.buffer.byte-limit = 33554432 (custom)
2023-08-31 18:21:24,866 [960d1597-fbff-49c3-85b3-41c3f78a7ab6-groupManagement] INFO  server.RaftServerConfigKeys (ConfUtils.java:logGet(46)) - raft.server.log.statemachine.data.read.timeout = 1000ms (default)
2023-08-31 18:21:24,866 [960d1597-fbff-49c3-85b3-41c3f78a7ab6-groupManagement] INFO  server.RaftServerConfigKeys (ConfUtils.java:logGet(46)) - raft.server.log.purge.preservation.log.num = 0 (default)
2023-08-31 18:21:24,867 [960d1597-fbff-49c3-85b3-41c3f78a7ab6-groupManagement] INFO  server.RaftServerConfigKeys (ConfUtils.java:logGet(46)) - raft.server.log.segment.size.max = 1048576 (custom)
2023-08-31 18:21:24,867 [960d1597-fbff-49c3-85b3-41c3f78a7ab6-groupManagement] INFO  server.RaftServerConfigKeys (ConfUtils.java:logGet(46)) - raft.server.log.segment.cache.num.max = 2 (custom)
2023-08-31 18:21:24,867 [960d1597-fbff-49c3-85b3-41c3f78a7ab6-groupManagement] INFO  server.RaftServerConfigKeys (ConfUtils.java:logGet(46)) - raft.server.log.segment.cache.size.max = 200MB (=209715200) (default)
2023-08-31 18:21:24,867 [960d1597-fbff-49c3-85b3-41c3f78a7ab6-groupManagement] INFO  server.RaftServerConfigKeys (ConfUtils.java:logGet(46)) - raft.server.log.appender.buffer.byte-limit = 33554432 (custom)
2023-08-31 18:21:24,867 [960d1597-fbff-49c3-85b3-41c3f78a7ab6-groupManagement] INFO  segmented.SegmentedRaftLogWorker (SegmentedRaftLogWorker.java:<init>(188)) - new 960d1597-fbff-49c3-85b3-41c3f78a7ab6@group-66E5CFEBCBFE-SegmentedRaftLogWorker for RaftStorageImpl:Storage Directory /home/runner/work/ozone/ozone/hadoop-ozone/integration-test/target/test-dir/MiniOzoneClusterImpl-2bd935e6-826e-4dca-83cf-32fa945e0037/datanode-1/data/ratis/5ea65a6c-6368-4b69-a593-66e5cfebcbfe
2023-08-31 18:21:24,867 [960d1597-fbff-49c3-85b3-41c3f78a7ab6-groupManagement] INFO  server.RaftServerConfigKeys (ConfUtils.java:logGet(46)) - raft.server.log.queue.byte-limit = 4294967296 (custom)
2023-08-31 18:21:24,867 [960d1597-fbff-49c3-85b3-41c3f78a7ab6-groupManagement] INFO  server.RaftServerConfigKeys (ConfUtils.java:logGet(46)) - raft.server.log.queue.element-limit = 1024 (custom)
2023-08-31 18:21:24,867 [960d1597-fbff-49c3-85b3-41c3f78a7ab6-groupManagement] INFO  server.RaftServerConfigKeys (ConfUtils.java:logGet(46)) - raft.server.log.segment.size.max = 1048576 (custom)
2023-08-31 18:21:24,867 [960d1597-fbff-49c3-85b3-41c3f78a7ab6-groupManagement] INFO  server.RaftServerConfigKeys (ConfUtils.java:logGet(46)) - raft.server.log.preallocated.size = 16384 (custom)
2023-08-31 18:21:24,867 [960d1597-fbff-49c3-85b3-41c3f78a7ab6-groupManagement] INFO  server.RaftServerConfigKeys (ConfUtils.java:logGet(46)) - raft.server.log.force.sync.num = 128 (default)
2023-08-31 18:21:24,867 [960d1597-fbff-49c3-85b3-41c3f78a7ab6-groupManagement] INFO  server.RaftServerConfigKeys (ConfUtils.java:logGet(46)) - raft.server.log.statemachine.data.sync = true (default)
2023-08-31 18:21:24,867 [960d1597-fbff-49c3-85b3-41c3f78a7ab6-groupManagement] INFO  server.RaftServerConfigKeys (ConfUtils.java:logGet(46)) - raft.server.log.statemachine.data.sync.timeout = 10s (default)
2023-08-31 18:21:24,867 [960d1597-fbff-49c3-85b3-41c3f78a7ab6-groupManagement] INFO  server.RaftServerConfigKeys (ConfUtils.java:logGet(46)) - raft.server.log.statemachine.data.sync.timeout.retry = -1 (default)
2023-08-31 18:21:24,868 [960d1597-fbff-49c3-85b3-41c3f78a7ab6-groupManagement] INFO  server.RaftServerConfigKeys (ConfUtils.java:logGet(46)) - raft.server.log.write.buffer.size = 1048576 (custom)
2023-08-31 18:21:24,868 [EventQueue-PipelineReportForPipelineReportHandler] INFO  pipeline.PipelineReportHandler (PipelineReportHandler.java:processPipelineReport(136)) - Opened pipeline PipelineID=5ea65a6c-6368-4b69-a593-66e5cfebcbfe
2023-08-31 18:21:24,868 [EventQueue-OpenPipelineForHealthyPipelineSafeModeRule] INFO  safemode.SCMSafeModeManager (HealthyPipelineSafeModeRule.java:process(137)) - SCM in safe mode. Healthy pipelines reported count is 0, required healthy pipeline reported count is 1
2023-08-31 18:21:24,868 [960d1597-fbff-49c3-85b3-41c3f78a7ab6-groupManagement] INFO  server.RaftServerConfigKeys (ConfUtils.java:logGet(46)) - raft.server.log.appender.buffer.byte-limit = 33554432 (custom)
2023-08-31 18:21:24,875 [960d1597-fbff-49c3-85b3-41c3f78a7ab6-groupManagement] INFO  server.RaftServerConfigKeys (ConfUtils.java:logGet(46)) - raft.server.log.unsafe-flush.enabled = false (default)
2023-08-31 18:21:24,875 [960d1597-fbff-49c3-85b3-41c3f78a7ab6-groupManagement] INFO  server.RaftServerConfigKeys (ConfUtils.java:logGet(46)) - raft.server.log.async-flush.enabled = false (default)
2023-08-31 18:21:24,875 [960d1597-fbff-49c3-85b3-41c3f78a7ab6-groupManagement] INFO  server.RaftServerConfigKeys (ConfUtils.java:logGet(46)) - raft.server.log.statemachine.data.caching.enabled = true (custom)
2023-08-31 18:21:24,875 [960d1597-fbff-49c3-85b3-41c3f78a7ab6-groupManagement] INFO  segmented.SegmentedRaftLogWorker (SegmentedRaftLogWorker.java:lambda$new$0(135)) - 960d1597-fbff-49c3-85b3-41c3f78a7ab6@group-66E5CFEBCBFE-SegmentedRaftLogWorker: flushIndex: setUnconditionally 0 -> -1
2023-08-31 18:21:24,875 [960d1597-fbff-49c3-85b3-41c3f78a7ab6-groupManagement] INFO  segmented.SegmentedRaftLogWorker (SegmentedRaftLogWorker.java:lambda$new$0(135)) - 960d1597-fbff-49c3-85b3-41c3f78a7ab6@group-66E5CFEBCBFE-SegmentedRaftLogWorker: safeCacheEvictIndex: setUnconditionally 0 -> -1
2023-08-31 18:21:24,876 [960d1597-fbff-49c3-85b3-41c3f78a7ab6-groupManagement] INFO  server.RaftServer$Division (RaftServerImpl.java:start(342)) - 960d1597-fbff-49c3-85b3-41c3f78a7ab6@group-66E5CFEBCBFE: start as a follower, conf=-1: peers:[960d1597-fbff-49c3-85b3-41c3f78a7ab6|rpc:10.1.0.8:15182|admin:10.1.0.8:15181|client:10.1.0.8:15180|dataStream:10.1.0.8:15183|priority:1|startupRole:FOLLOWER]|listeners:[], old=null
2023-08-31 18:21:24,876 [960d1597-fbff-49c3-85b3-41c3f78a7ab6-groupManagement] INFO  server.RaftServer$Division (RaftServerImpl.java:setRole(329)) - 960d1597-fbff-49c3-85b3-41c3f78a7ab6@group-66E5CFEBCBFE: changes role from      null to FOLLOWER at term 0 for startAsFollower
2023-08-31 18:21:24,876 [960d1597-fbff-49c3-85b3-41c3f78a7ab6-groupManagement] INFO  impl.RoleInfo (RoleInfo.java:updateAndGet(139)) - 960d1597-fbff-49c3-85b3-41c3f78a7ab6: start 960d1597-fbff-49c3-85b3-41c3f78a7ab6@group-66E5CFEBCBFE-FollowerState
2023-08-31 18:21:24,882 [960d1597-fbff-49c3-85b3-41c3f78a7ab6-groupManagement] INFO  util.JmxRegister (JmxRegister.java:tryRegister(44)) - Successfully registered JMX Bean with object name Ratis:service=RaftServer,group=group-66E5CFEBCBFE,id=960d1597-fbff-49c3-85b3-41c3f78a7ab6
2023-08-31 18:21:24,882 [960d1597-fbff-49c3-85b3-41c3f78a7ab6-groupManagement] INFO  server.RaftServerConfigKeys (ConfUtils.java:logGet(46)) - raft.server.snapshot.auto.trigger.enabled = true (custom)
2023-08-31 18:21:24,883 [960d1597-fbff-49c3-85b3-41c3f78a7ab6-groupManagement] INFO  server.RaftServerConfigKeys (ConfUtils.java:logGet(46)) - raft.server.snapshot.auto.trigger.threshold = 10000 (custom)
2023-08-31 18:21:24,883 [960d1597-fbff-49c3-85b3-41c3f78a7ab6-groupManagement] INFO  server.RaftServerConfigKeys (ConfUtils.java:logGet(46)) - raft.server.snapshot.retention.file.num = 5 (custom)
2023-08-31 18:21:24,883 [960d1597-fbff-49c3-85b3-41c3f78a7ab6-groupManagement] INFO  server.RaftServerConfigKeys (ConfUtils.java:logGet(46)) - raft.server.log.purge.upto.snapshot.index = false (default)
2023-08-31 18:21:24,883 [960d1597-fbff-49c3-85b3-41c3f78a7ab6@group-66E5CFEBCBFE-FollowerState] INFO  server.RaftServerConfigKeys (ConfUtils.java:logFallback(53)) - raft.server.rpc.first-election.timeout.min = 5s (fallback to raft.server.rpc.timeout.min)
2023-08-31 18:21:24,883 [960d1597-fbff-49c3-85b3-41c3f78a7ab6@group-66E5CFEBCBFE-FollowerState] INFO  server.RaftServerConfigKeys (ConfUtils.java:logFallback(53)) - raft.server.rpc.first-election.timeout.max = 5200ms (fallback to raft.server.rpc.timeout.max)
2023-08-31 18:21:24,883 [PipelineCommandHandlerThread-0] INFO  ratis.XceiverServerRatis (XceiverServerRatis.java:addGroup(804)) - Created group PipelineID=5ea65a6c-6368-4b69-a593-66e5cfebcbfe
2023-08-31 18:21:24,883 [PipelineCommandHandlerThread-0] INFO  commandhandler.CreatePipelineCommandHandler (CreatePipelineCommandHandler.java:lambda$handle$2(124)) - Created Pipeline RATIS ONE PipelineID=5ea65a6c-6368-4b69-a593-66e5cfebcbfe.
2023-08-31 18:21:25,151 [PipelineCommandHandlerThread-0] INFO  server.RaftServer (RaftServerProxy.java:addNew(98)) - 1126cc3a-7ff0-4671-a31f-fd81ce02ef68: addNew group-04390FC10504:[1126cc3a-7ff0-4671-a31f-fd81ce02ef68|rpc:10.1.0.8:15191|admin:10.1.0.8:15190|client:10.1.0.8:15189|dataStream:10.1.0.8:15192|priority:1|startupRole:FOLLOWER] returns group-04390FC10504:java.util.concurrent.CompletableFuture@26c6bcbe[Not completed]
2023-08-31 18:21:25,152 [1126cc3a-7ff0-4671-a31f-fd81ce02ef68-groupManagement] INFO  server.RaftServer$Division (RaftServerImpl.java:<init>(198)) - 1126cc3a-7ff0-4671-a31f-fd81ce02ef68: new RaftServerImpl for group-04390FC10504:[1126cc3a-7ff0-4671-a31f-fd81ce02ef68|rpc:10.1.0.8:15191|admin:10.1.0.8:15190|client:10.1.0.8:15189|dataStream:10.1.0.8:15192|priority:1|startupRole:FOLLOWER] with ContainerStateMachine:uninitialized
2023-08-31 18:21:25,152 [1126cc3a-7ff0-4671-a31f-fd81ce02ef68-groupManagement] INFO  server.RaftServerConfigKeys (ConfUtils.java:logGet(46)) - raft.server.rpc.timeout.min = 5s (custom)
2023-08-31 18:21:25,152 [1126cc3a-7ff0-4671-a31f-fd81ce02ef68-groupManagement] INFO  server.RaftServerConfigKeys (ConfUtils.java:logGet(46)) - raft.server.rpc.timeout.max = 5200ms (custom)
2023-08-31 18:21:25,152 [1126cc3a-7ff0-4671-a31f-fd81ce02ef68-groupManagement] INFO  server.RaftServerConfigKeys (ConfUtils.java:logGet(46)) - raft.server.rpc.sleep.time = 25ms (default)
2023-08-31 18:21:25,152 [1126cc3a-7ff0-4671-a31f-fd81ce02ef68-groupManagement] INFO  server.RaftServerConfigKeys (ConfUtils.java:logGet(46)) - raft.server.rpc.slowness.timeout = 300s (custom)
2023-08-31 18:21:25,152 [1126cc3a-7ff0-4671-a31f-fd81ce02ef68-groupManagement] INFO  server.RaftServerConfigKeys (ConfUtils.java:logGet(46)) - raft.server.leaderelection.leader.step-down.wait-time = 10s (default)
2023-08-31 18:21:25,152 [1126cc3a-7ff0-4671-a31f-fd81ce02ef68-groupManagement] INFO  server.RaftServerConfigKeys (ConfUtils.java:logGet(46)) - raft.server.sleep.deviation.threshold = 300ms (default)
2023-08-31 18:21:25,152 [1126cc3a-7ff0-4671-a31f-fd81ce02ef68-groupManagement] INFO  server.RaftServer$Division (ServerState.java:<init>(120)) - 1126cc3a-7ff0-4671-a31f-fd81ce02ef68@group-04390FC10504: ConfigurationManager, init=-1: peers:[1126cc3a-7ff0-4671-a31f-fd81ce02ef68|rpc:10.1.0.8:15191|admin:10.1.0.8:15190|client:10.1.0.8:15189|dataStream:10.1.0.8:15192|priority:1|startupRole:FOLLOWER]|listeners:[], old=null, confs=<EMPTY_MAP>
2023-08-31 18:21:25,152 [1126cc3a-7ff0-4671-a31f-fd81ce02ef68-groupManagement] INFO  server.RaftServerConfigKeys (ConfUtils.java:logGet(46)) - raft.server.storage.dir = [/home/runner/work/ozone/ozone/hadoop-ozone/integration-test/target/test-dir/MiniOzoneClusterImpl-2bd935e6-826e-4dca-83cf-32fa945e0037/datanode-2/data/ratis] (custom)
2023-08-31 18:21:25,152 [1126cc3a-7ff0-4671-a31f-fd81ce02ef68-groupManagement] INFO  server.RaftServerConfigKeys (ConfUtils.java:logGet(46)) - raft.server.log.corruption.policy = EXCEPTION (default)
2023-08-31 18:21:25,153 [1126cc3a-7ff0-4671-a31f-fd81ce02ef68-groupManagement] INFO  server.RaftServerConfigKeys (ConfUtils.java:logGet(46)) - raft.server.storage.free-space.min = 0MB (=0) (default)
2023-08-31 18:21:25,153 [1126cc3a-7ff0-4671-a31f-fd81ce02ef68-groupManagement] INFO  server.RaftServerConfigKeys (ConfUtils.java:logGet(46)) - raft.server.notification.no-leader.timeout = 300s (custom)
2023-08-31 18:21:25,153 [1126cc3a-7ff0-4671-a31f-fd81ce02ef68-groupManagement] INFO  server.RaftServerConfigKeys (ConfUtils.java:logGet(46)) - raft.server.read.timeout = 10s (default)
2023-08-31 18:21:25,153 [1126cc3a-7ff0-4671-a31f-fd81ce02ef68-groupManagement] INFO  server.RaftServerConfigKeys (ConfUtils.java:logGet(46)) - raft.server.retrycache.expirytime = 600000ms (custom)
2023-08-31 18:21:25,153 [1126cc3a-7ff0-4671-a31f-fd81ce02ef68-groupManagement] INFO  server.RaftServerConfigKeys (ConfUtils.java:logGet(46)) - raft.server.retrycache.statistics.expirytime = 100μs (default)
2023-08-31 18:21:25,153 [1126cc3a-7ff0-4671-a31f-fd81ce02ef68-groupManagement] INFO  server.RaftServerConfigKeys (ConfUtils.java:logGet(46)) - raft.server.read.option = DEFAULT (default)
2023-08-31 18:21:25,153 [1126cc3a-7ff0-4671-a31f-fd81ce02ef68-groupManagement] INFO  server.RaftServerConfigKeys (ConfUtils.java:logGet(46)) - raft.server.rpc.request.timeout = 60s (custom)
2023-08-31 18:21:25,153 [1126cc3a-7ff0-4671-a31f-fd81ce02ef68-groupManagement] INFO  server.RaftServerConfigKeys (ConfUtils.java:logGet(46)) - raft.server.log.appender.install.snapshot.enabled = false (custom)
2023-08-31 18:21:25,154 [1126cc3a-7ff0-4671-a31f-fd81ce02ef68-groupManagement] INFO  server.RaftServerConfigKeys (ConfUtils.java:logGet(46)) - raft.server.threadpool.server.cached = true (default)
2023-08-31 18:21:25,154 [1126cc3a-7ff0-4671-a31f-fd81ce02ef68-groupManagement] INFO  server.RaftServerConfigKeys (ConfUtils.java:logGet(46)) - raft.server.threadpool.server.size = 0 (default)
2023-08-31 18:21:25,154 [1126cc3a-7ff0-4671-a31f-fd81ce02ef68-groupManagement] INFO  server.RaftServerConfigKeys (ConfUtils.java:logGet(46)) - raft.server.threadpool.client.cached = true (default)
2023-08-31 18:21:25,154 [1126cc3a-7ff0-4671-a31f-fd81ce02ef68-groupManagement] INFO  server.RaftServerConfigKeys (ConfUtils.java:logGet(46)) - raft.server.threadpool.client.size = 0 (default)
2023-08-31 18:21:25,154 [1126cc3a-7ff0-4671-a31f-fd81ce02ef68-groupManagement] INFO  storage.RaftStorageDirectory (RaftStorageDirectoryImpl.java:analyzeStorage(137)) - The storage directory /home/runner/work/ozone/ozone/hadoop-ozone/integration-test/target/test-dir/MiniOzoneClusterImpl-2bd935e6-826e-4dca-83cf-32fa945e0037/datanode-2/data/ratis/438763ea-b08c-4dc5-ba97-04390fc10504 does not exist. Creating ...
2023-08-31 18:21:25,156 [1126cc3a-7ff0-4671-a31f-fd81ce02ef68-groupManagement] INFO  storage.RaftStorageDirectory (RaftStorageDirectoryImpl.java:tryLock(231)) - Lock on /home/runner/work/ozone/ozone/hadoop-ozone/integration-test/target/test-dir/MiniOzoneClusterImpl-2bd935e6-826e-4dca-83cf-32fa945e0037/datanode-2/data/ratis/438763ea-b08c-4dc5-ba97-04390fc10504/in_use.lock acquired by nodename 61743@fv-az1129-899
2023-08-31 18:21:25,160 [1126cc3a-7ff0-4671-a31f-fd81ce02ef68-groupManagement] INFO  storage.RaftStorage (RaftStorageImpl.java:format(96)) - Storage directory /home/runner/work/ozone/ozone/hadoop-ozone/integration-test/target/test-dir/MiniOzoneClusterImpl-2bd935e6-826e-4dca-83cf-32fa945e0037/datanode-2/data/ratis/438763ea-b08c-4dc5-ba97-04390fc10504 has been successfully formatted.
2023-08-31 18:21:25,160 [1126cc3a-7ff0-4671-a31f-fd81ce02ef68-groupManagement] INFO  ratis.ContainerStateMachine (ContainerStateMachine.java:loadSnapshot(262)) - group-04390FC10504: The snapshot info is null. Setting the last applied indexto:(t:0, i:~)
2023-08-31 18:21:25,160 [1126cc3a-7ff0-4671-a31f-fd81ce02ef68-groupManagement] INFO  server.RaftServerConfigKeys (ConfUtils.java:logGet(46)) - raft.server.log.use.memory = false (default)
2023-08-31 18:21:25,160 [1126cc3a-7ff0-4671-a31f-fd81ce02ef68-groupManagement] INFO  server.RaftServerConfigKeys (ConfUtils.java:logGet(46)) - raft.server.log.purge.gap = 1000000 (custom)
2023-08-31 18:21:25,160 [1126cc3a-7ff0-4671-a31f-fd81ce02ef68-groupManagement] INFO  server.RaftServerConfigKeys (ConfUtils.java:logGet(46)) - raft.server.log.appender.buffer.byte-limit = 33554432 (custom)
2023-08-31 18:21:25,160 [1126cc3a-7ff0-4671-a31f-fd81ce02ef68-groupManagement] INFO  server.RaftServerConfigKeys (ConfUtils.java:logGet(46)) - raft.server.log.statemachine.data.read.timeout = 1000ms (default)
2023-08-31 18:21:25,160 [1126cc3a-7ff0-4671-a31f-fd81ce02ef68-groupManagement] INFO  server.RaftServerConfigKeys (ConfUtils.java:logGet(46)) - raft.server.log.purge.preservation.log.num = 0 (default)
2023-08-31 18:21:25,161 [1126cc3a-7ff0-4671-a31f-fd81ce02ef68-groupManagement] INFO  server.RaftServerConfigKeys (ConfUtils.java:logGet(46)) - raft.server.log.segment.size.max = 1048576 (custom)
2023-08-31 18:21:25,161 [1126cc3a-7ff0-4671-a31f-fd81ce02ef68-groupManagement] INFO  server.RaftServerConfigKeys (ConfUtils.java:logGet(46)) - raft.server.log.segment.cache.num.max = 2 (custom)
2023-08-31 18:21:25,161 [1126cc3a-7ff0-4671-a31f-fd81ce02ef68-groupManagement] INFO  server.RaftServerConfigKeys (ConfUtils.java:logGet(46)) - raft.server.log.segment.cache.size.max = 200MB (=209715200) (default)
2023-08-31 18:21:25,161 [1126cc3a-7ff0-4671-a31f-fd81ce02ef68-groupManagement] INFO  server.RaftServerConfigKeys (ConfUtils.java:logGet(46)) - raft.server.log.appender.buffer.byte-limit = 33554432 (custom)
2023-08-31 18:21:25,161 [1126cc3a-7ff0-4671-a31f-fd81ce02ef68-groupManagement] INFO  segmented.SegmentedRaftLogWorker (SegmentedRaftLogWorker.java:<init>(188)) - new 1126cc3a-7ff0-4671-a31f-fd81ce02ef68@group-04390FC10504-SegmentedRaftLogWorker for RaftStorageImpl:Storage Directory /home/runner/work/ozone/ozone/hadoop-ozone/integration-test/target/test-dir/MiniOzoneClusterImpl-2bd935e6-826e-4dca-83cf-32fa945e0037/datanode-2/data/ratis/438763ea-b08c-4dc5-ba97-04390fc10504
2023-08-31 18:21:25,161 [1126cc3a-7ff0-4671-a31f-fd81ce02ef68-groupManagement] INFO  server.RaftServerConfigKeys (ConfUtils.java:logGet(46)) - raft.server.log.queue.byte-limit = 4294967296 (custom)
2023-08-31 18:21:25,161 [1126cc3a-7ff0-4671-a31f-fd81ce02ef68-groupManagement] INFO  server.RaftServerConfigKeys (ConfUtils.java:logGet(46)) - raft.server.log.queue.element-limit = 1024 (custom)
2023-08-31 18:21:25,161 [1126cc3a-7ff0-4671-a31f-fd81ce02ef68-groupManagement] INFO  server.RaftServerConfigKeys (ConfUtils.java:logGet(46)) - raft.server.log.segment.size.max = 1048576 (custom)
2023-08-31 18:21:25,161 [EventQueue-PipelineReportForPipelineReportHandler] INFO  pipeline.PipelineReportHandler (PipelineReportHandler.java:processPipelineReport(136)) - Opened pipeline PipelineID=438763ea-b08c-4dc5-ba97-04390fc10504
2023-08-31 18:21:25,161 [1126cc3a-7ff0-4671-a31f-fd81ce02ef68-groupManagement] INFO  server.RaftServerConfigKeys (ConfUtils.java:logGet(46)) - raft.server.log.preallocated.size = 16384 (custom)
2023-08-31 18:21:25,161 [EventQueue-OpenPipelineForHealthyPipelineSafeModeRule] INFO  safemode.SCMSafeModeManager (HealthyPipelineSafeModeRule.java:process(137)) - SCM in safe mode. Healthy pipelines reported count is 0, required healthy pipeline reported count is 1
2023-08-31 18:21:25,161 [1126cc3a-7ff0-4671-a31f-fd81ce02ef68-groupManagement] INFO  server.RaftServerConfigKeys (ConfUtils.java:logGet(46)) - raft.server.log.force.sync.num = 128 (default)
2023-08-31 18:21:25,162 [1126cc3a-7ff0-4671-a31f-fd81ce02ef68-groupManagement] INFO  server.RaftServerConfigKeys (ConfUtils.java:logGet(46)) - raft.server.log.statemachine.data.sync = true (default)
2023-08-31 18:21:25,162 [1126cc3a-7ff0-4671-a31f-fd81ce02ef68-groupManagement] INFO  server.RaftServerConfigKeys (ConfUtils.java:logGet(46)) - raft.server.log.statemachine.data.sync.timeout = 10s (default)
2023-08-31 18:21:25,162 [1126cc3a-7ff0-4671-a31f-fd81ce02ef68-groupManagement] INFO  server.RaftServerConfigKeys (ConfUtils.java:logGet(46)) - raft.server.log.statemachine.data.sync.timeout.retry = -1 (default)
2023-08-31 18:21:25,162 [1126cc3a-7ff0-4671-a31f-fd81ce02ef68-groupManagement] INFO  server.RaftServerConfigKeys (ConfUtils.java:logGet(46)) - raft.server.log.write.buffer.size = 1048576 (custom)
2023-08-31 18:21:25,163 [1126cc3a-7ff0-4671-a31f-fd81ce02ef68-groupManagement] INFO  server.RaftServerConfigKeys (ConfUtils.java:logGet(46)) - raft.server.log.appender.buffer.byte-limit = 33554432 (custom)
2023-08-31 18:21:25,169 [1126cc3a-7ff0-4671-a31f-fd81ce02ef68-groupManagement] INFO  server.RaftServerConfigKeys (ConfUtils.java:logGet(46)) - raft.server.log.unsafe-flush.enabled = false (default)
2023-08-31 18:21:25,169 [1126cc3a-7ff0-4671-a31f-fd81ce02ef68-groupManagement] INFO  server.RaftServerConfigKeys (ConfUtils.java:logGet(46)) - raft.server.log.async-flush.enabled = false (default)
2023-08-31 18:21:25,170 [1126cc3a-7ff0-4671-a31f-fd81ce02ef68-groupManagement] INFO  server.RaftServerConfigKeys (ConfUtils.java:logGet(46)) - raft.server.log.statemachine.data.caching.enabled = true (custom)
2023-08-31 18:21:25,170 [1126cc3a-7ff0-4671-a31f-fd81ce02ef68-groupManagement] INFO  segmented.SegmentedRaftLogWorker (SegmentedRaftLogWorker.java:lambda$new$0(135)) - 1126cc3a-7ff0-4671-a31f-fd81ce02ef68@group-04390FC10504-SegmentedRaftLogWorker: flushIndex: setUnconditionally 0 -> -1
2023-08-31 18:21:25,170 [1126cc3a-7ff0-4671-a31f-fd81ce02ef68-groupManagement] INFO  segmented.SegmentedRaftLogWorker (SegmentedRaftLogWorker.java:lambda$new$0(135)) - 1126cc3a-7ff0-4671-a31f-fd81ce02ef68@group-04390FC10504-SegmentedRaftLogWorker: safeCacheEvictIndex: setUnconditionally 0 -> -1
2023-08-31 18:21:25,170 [1126cc3a-7ff0-4671-a31f-fd81ce02ef68-groupManagement] INFO  server.RaftServer$Division (RaftServerImpl.java:start(342)) - 1126cc3a-7ff0-4671-a31f-fd81ce02ef68@group-04390FC10504: start as a follower, conf=-1: peers:[1126cc3a-7ff0-4671-a31f-fd81ce02ef68|rpc:10.1.0.8:15191|admin:10.1.0.8:15190|client:10.1.0.8:15189|dataStream:10.1.0.8:15192|priority:1|startupRole:FOLLOWER]|listeners:[], old=null
2023-08-31 18:21:25,170 [1126cc3a-7ff0-4671-a31f-fd81ce02ef68-groupManagement] INFO  server.RaftServer$Division (RaftServerImpl.java:setRole(329)) - 1126cc3a-7ff0-4671-a31f-fd81ce02ef68@group-04390FC10504: changes role from      null to FOLLOWER at term 0 for startAsFollower
2023-08-31 18:21:25,170 [1126cc3a-7ff0-4671-a31f-fd81ce02ef68-groupManagement] INFO  impl.RoleInfo (RoleInfo.java:updateAndGet(139)) - 1126cc3a-7ff0-4671-a31f-fd81ce02ef68: start 1126cc3a-7ff0-4671-a31f-fd81ce02ef68@group-04390FC10504-FollowerState
2023-08-31 18:21:25,171 [1126cc3a-7ff0-4671-a31f-fd81ce02ef68-groupManagement] INFO  util.JmxRegister (JmxRegister.java:tryRegister(44)) - Successfully registered JMX Bean with object name Ratis:service=RaftServer,group=group-04390FC10504,id=1126cc3a-7ff0-4671-a31f-fd81ce02ef68
2023-08-31 18:21:25,171 [1126cc3a-7ff0-4671-a31f-fd81ce02ef68-groupManagement] INFO  server.RaftServerConfigKeys (ConfUtils.java:logGet(46)) - raft.server.snapshot.auto.trigger.enabled = true (custom)
2023-08-31 18:21:25,171 [1126cc3a-7ff0-4671-a31f-fd81ce02ef68-groupManagement] INFO  server.RaftServerConfigKeys (ConfUtils.java:logGet(46)) - raft.server.snapshot.auto.trigger.threshold = 10000 (custom)
2023-08-31 18:21:25,171 [1126cc3a-7ff0-4671-a31f-fd81ce02ef68-groupManagement] INFO  server.RaftServerConfigKeys (ConfUtils.java:logGet(46)) - raft.server.snapshot.retention.file.num = 5 (custom)
2023-08-31 18:21:25,171 [1126cc3a-7ff0-4671-a31f-fd81ce02ef68-groupManagement] INFO  server.RaftServerConfigKeys (ConfUtils.java:logGet(46)) - raft.server.log.purge.upto.snapshot.index = false (default)
2023-08-31 18:21:25,171 [1126cc3a-7ff0-4671-a31f-fd81ce02ef68@group-04390FC10504-FollowerState] INFO  server.RaftServerConfigKeys (ConfUtils.java:logFallback(53)) - raft.server.rpc.first-election.timeout.min = 5s (fallback to raft.server.rpc.timeout.min)
2023-08-31 18:21:25,171 [1126cc3a-7ff0-4671-a31f-fd81ce02ef68@group-04390FC10504-FollowerState] INFO  server.RaftServerConfigKeys (ConfUtils.java:logFallback(53)) - raft.server.rpc.first-election.timeout.max = 5200ms (fallback to raft.server.rpc.timeout.max)
2023-08-31 18:21:25,172 [PipelineCommandHandlerThread-0] INFO  ratis.XceiverServerRatis (XceiverServerRatis.java:addGroup(804)) - Created group PipelineID=438763ea-b08c-4dc5-ba97-04390fc10504
2023-08-31 18:21:25,172 [PipelineCommandHandlerThread-0] INFO  commandhandler.CreatePipelineCommandHandler (CreatePipelineCommandHandler.java:lambda$handle$2(124)) - Created Pipeline RATIS ONE PipelineID=438763ea-b08c-4dc5-ba97-04390fc10504.
2023-08-31 18:21:25,492 [PipelineCommandHandlerThread-0] INFO  server.RaftServer (RaftServerProxy.java:addNew(98)) - 85b0bed5-4d1d-45f9-8f71-740e9dd12c61: addNew group-FBFC36656F99:[85b0bed5-4d1d-45f9-8f71-740e9dd12c61|rpc:10.1.0.8:15200|admin:10.1.0.8:15199|client:10.1.0.8:15198|dataStream:10.1.0.8:15201|priority:1|startupRole:FOLLOWER] returns group-FBFC36656F99:java.util.concurrent.CompletableFuture@49bc4345[Not completed]
2023-08-31 18:21:25,493 [85b0bed5-4d1d-45f9-8f71-740e9dd12c61-groupManagement] INFO  server.RaftServer$Division (RaftServerImpl.java:<init>(198)) - 85b0bed5-4d1d-45f9-8f71-740e9dd12c61: new RaftServerImpl for group-FBFC36656F99:[85b0bed5-4d1d-45f9-8f71-740e9dd12c61|rpc:10.1.0.8:15200|admin:10.1.0.8:15199|client:10.1.0.8:15198|dataStream:10.1.0.8:15201|priority:1|startupRole:FOLLOWER] with ContainerStateMachine:uninitialized
2023-08-31 18:21:25,493 [85b0bed5-4d1d-45f9-8f71-740e9dd12c61-groupManagement] INFO  server.RaftServerConfigKeys (ConfUtils.java:logGet(46)) - raft.server.rpc.timeout.min = 5s (custom)
2023-08-31 18:21:25,494 [85b0bed5-4d1d-45f9-8f71-740e9dd12c61-groupManagement] INFO  server.RaftServerConfigKeys (ConfUtils.java:logGet(46)) - raft.server.rpc.timeout.max = 5200ms (custom)
2023-08-31 18:21:25,494 [85b0bed5-4d1d-45f9-8f71-740e9dd12c61-groupManagement] INFO  server.RaftServerConfigKeys (ConfUtils.java:logGet(46)) - raft.server.rpc.sleep.time = 25ms (default)
2023-08-31 18:21:25,494 [85b0bed5-4d1d-45f9-8f71-740e9dd12c61-groupManagement] INFO  server.RaftServerConfigKeys (ConfUtils.java:logGet(46)) - raft.server.rpc.slowness.timeout = 300s (custom)
2023-08-31 18:21:25,494 [85b0bed5-4d1d-45f9-8f71-740e9dd12c61-groupManagement] INFO  server.RaftServerConfigKeys (ConfUtils.java:logGet(46)) - raft.server.leaderelection.leader.step-down.wait-time = 10s (default)
2023-08-31 18:21:25,494 [85b0bed5-4d1d-45f9-8f71-740e9dd12c61-groupManagement] INFO  server.RaftServerConfigKeys (ConfUtils.java:logGet(46)) - raft.server.sleep.deviation.threshold = 300ms (default)
2023-08-31 18:21:25,494 [85b0bed5-4d1d-45f9-8f71-740e9dd12c61-groupManagement] INFO  server.RaftServer$Division (ServerState.java:<init>(120)) - 85b0bed5-4d1d-45f9-8f71-740e9dd12c61@group-FBFC36656F99: ConfigurationManager, init=-1: peers:[85b0bed5-4d1d-45f9-8f71-740e9dd12c61|rpc:10.1.0.8:15200|admin:10.1.0.8:15199|client:10.1.0.8:15198|dataStream:10.1.0.8:15201|priority:1|startupRole:FOLLOWER]|listeners:[], old=null, confs=<EMPTY_MAP>
2023-08-31 18:21:25,494 [85b0bed5-4d1d-45f9-8f71-740e9dd12c61-groupManagement] INFO  server.RaftServerConfigKeys (ConfUtils.java:logGet(46)) - raft.server.storage.dir = [/home/runner/work/ozone/ozone/hadoop-ozone/integration-test/target/test-dir/MiniOzoneClusterImpl-2bd935e6-826e-4dca-83cf-32fa945e0037/datanode-3/data/ratis] (custom)
2023-08-31 18:21:25,494 [85b0bed5-4d1d-45f9-8f71-740e9dd12c61-groupManagement] INFO  server.RaftServerConfigKeys (ConfUtils.java:logGet(46)) - raft.server.log.corruption.policy = EXCEPTION (default)
2023-08-31 18:21:25,494 [85b0bed5-4d1d-45f9-8f71-740e9dd12c61-groupManagement] INFO  server.RaftServerConfigKeys (ConfUtils.java:logGet(46)) - raft.server.storage.free-space.min = 0MB (=0) (default)
2023-08-31 18:21:25,494 [85b0bed5-4d1d-45f9-8f71-740e9dd12c61-groupManagement] INFO  server.RaftServerConfigKeys (ConfUtils.java:logGet(46)) - raft.server.notification.no-leader.timeout = 300s (custom)
2023-08-31 18:21:25,494 [85b0bed5-4d1d-45f9-8f71-740e9dd12c61-groupManagement] INFO  server.RaftServerConfigKeys (ConfUtils.java:logGet(46)) - raft.server.read.timeout = 10s (default)
2023-08-31 18:21:25,494 [85b0bed5-4d1d-45f9-8f71-740e9dd12c61-groupManagement] INFO  server.RaftServerConfigKeys (ConfUtils.java:logGet(46)) - raft.server.retrycache.expirytime = 600000ms (custom)
2023-08-31 18:21:25,494 [85b0bed5-4d1d-45f9-8f71-740e9dd12c61-groupManagement] INFO  server.RaftServerConfigKeys (ConfUtils.java:logGet(46)) - raft.server.retrycache.statistics.expirytime = 100μs (default)
2023-08-31 18:21:25,495 [85b0bed5-4d1d-45f9-8f71-740e9dd12c61-groupManagement] INFO  server.RaftServerConfigKeys (ConfUtils.java:logGet(46)) - raft.server.read.option = DEFAULT (default)
2023-08-31 18:21:25,495 [85b0bed5-4d1d-45f9-8f71-740e9dd12c61-groupManagement] INFO  server.RaftServerConfigKeys (ConfUtils.java:logGet(46)) - raft.server.rpc.request.timeout = 60s (custom)
2023-08-31 18:21:25,496 [85b0bed5-4d1d-45f9-8f71-740e9dd12c61-groupManagement] INFO  server.RaftServerConfigKeys (ConfUtils.java:logGet(46)) - raft.server.log.appender.install.snapshot.enabled = false (custom)
2023-08-31 18:21:25,496 [85b0bed5-4d1d-45f9-8f71-740e9dd12c61-groupManagement] INFO  server.RaftServerConfigKeys (ConfUtils.java:logGet(46)) - raft.server.threadpool.server.cached = true (default)
2023-08-31 18:21:25,496 [85b0bed5-4d1d-45f9-8f71-740e9dd12c61-groupManagement] INFO  server.RaftServerConfigKeys (ConfUtils.java:logGet(46)) - raft.server.threadpool.server.size = 0 (default)
2023-08-31 18:21:25,496 [85b0bed5-4d1d-45f9-8f71-740e9dd12c61-groupManagement] INFO  server.RaftServerConfigKeys (ConfUtils.java:logGet(46)) - raft.server.threadpool.client.cached = true (default)
2023-08-31 18:21:25,496 [85b0bed5-4d1d-45f9-8f71-740e9dd12c61-groupManagement] INFO  server.RaftServerConfigKeys (ConfUtils.java:logGet(46)) - raft.server.threadpool.client.size = 0 (default)
2023-08-31 18:21:25,496 [85b0bed5-4d1d-45f9-8f71-740e9dd12c61-groupManagement] INFO  storage.RaftStorageDirectory (RaftStorageDirectoryImpl.java:analyzeStorage(137)) - The storage directory /home/runner/work/ozone/ozone/hadoop-ozone/integration-test/target/test-dir/MiniOzoneClusterImpl-2bd935e6-826e-4dca-83cf-32fa945e0037/datanode-3/data/ratis/db35460f-4eb2-463f-a622-fbfc36656f99 does not exist. Creating ...
2023-08-31 18:21:25,499 [85b0bed5-4d1d-45f9-8f71-740e9dd12c61-groupManagement] INFO  storage.RaftStorageDirectory (RaftStorageDirectoryImpl.java:tryLock(231)) - Lock on /home/runner/work/ozone/ozone/hadoop-ozone/integration-test/target/test-dir/MiniOzoneClusterImpl-2bd935e6-826e-4dca-83cf-32fa945e0037/datanode-3/data/ratis/db35460f-4eb2-463f-a622-fbfc36656f99/in_use.lock acquired by nodename 61743@fv-az1129-899
2023-08-31 18:21:25,501 [85b0bed5-4d1d-45f9-8f71-740e9dd12c61-groupManagement] INFO  storage.RaftStorage (RaftStorageImpl.java:format(96)) - Storage directory /home/runner/work/ozone/ozone/hadoop-ozone/integration-test/target/test-dir/MiniOzoneClusterImpl-2bd935e6-826e-4dca-83cf-32fa945e0037/datanode-3/data/ratis/db35460f-4eb2-463f-a622-fbfc36656f99 has been successfully formatted.
2023-08-31 18:21:25,502 [85b0bed5-4d1d-45f9-8f71-740e9dd12c61-groupManagement] INFO  ratis.ContainerStateMachine (ContainerStateMachine.java:loadSnapshot(262)) - group-FBFC36656F99: The snapshot info is null. Setting the last applied indexto:(t:0, i:~)
2023-08-31 18:21:25,502 [85b0bed5-4d1d-45f9-8f71-740e9dd12c61-groupManagement] INFO  server.RaftServerConfigKeys (ConfUtils.java:logGet(46)) - raft.server.log.use.memory = false (default)
2023-08-31 18:21:25,502 [85b0bed5-4d1d-45f9-8f71-740e9dd12c61-groupManagement] INFO  server.RaftServerConfigKeys (ConfUtils.java:logGet(46)) - raft.server.log.purge.gap = 1000000 (custom)
2023-08-31 18:21:25,503 [85b0bed5-4d1d-45f9-8f71-740e9dd12c61-groupManagement] INFO  server.RaftServerConfigKeys (ConfUtils.java:logGet(46)) - raft.server.log.appender.buffer.byte-limit = 33554432 (custom)
2023-08-31 18:21:25,503 [85b0bed5-4d1d-45f9-8f71-740e9dd12c61-groupManagement] INFO  server.RaftServerConfigKeys (ConfUtils.java:logGet(46)) - raft.server.log.statemachine.data.read.timeout = 1000ms (default)
2023-08-31 18:21:25,503 [85b0bed5-4d1d-45f9-8f71-740e9dd12c61-groupManagement] INFO  server.RaftServerConfigKeys (ConfUtils.java:logGet(46)) - raft.server.log.purge.preservation.log.num = 0 (default)
2023-08-31 18:21:25,503 [85b0bed5-4d1d-45f9-8f71-740e9dd12c61-groupManagement] INFO  server.RaftServerConfigKeys (ConfUtils.java:logGet(46)) - raft.server.log.segment.size.max = 1048576 (custom)
2023-08-31 18:21:25,503 [EventQueue-PipelineReportForPipelineReportHandler] INFO  pipeline.PipelineReportHandler (PipelineReportHandler.java:processPipelineReport(136)) - Opened pipeline PipelineID=db35460f-4eb2-463f-a622-fbfc36656f99
2023-08-31 18:21:25,503 [85b0bed5-4d1d-45f9-8f71-740e9dd12c61-groupManagement] INFO  server.RaftServerConfigKeys (ConfUtils.java:logGet(46)) - raft.server.log.segment.cache.num.max = 2 (custom)
2023-08-31 18:21:25,503 [85b0bed5-4d1d-45f9-8f71-740e9dd12c61-groupManagement] INFO  server.RaftServerConfigKeys (ConfUtils.java:logGet(46)) - raft.server.log.segment.cache.size.max = 200MB (=209715200) (default)
2023-08-31 18:21:25,503 [EventQueue-OpenPipelineForHealthyPipelineSafeModeRule] INFO  safemode.SCMSafeModeManager (HealthyPipelineSafeModeRule.java:process(137)) - SCM in safe mode. Healthy pipelines reported count is 0, required healthy pipeline reported count is 1
2023-08-31 18:21:25,503 [85b0bed5-4d1d-45f9-8f71-740e9dd12c61-groupManagement] INFO  server.RaftServerConfigKeys (ConfUtils.java:logGet(46)) - raft.server.log.appender.buffer.byte-limit = 33554432 (custom)
2023-08-31 18:21:25,504 [85b0bed5-4d1d-45f9-8f71-740e9dd12c61-groupManagement] INFO  segmented.SegmentedRaftLogWorker (SegmentedRaftLogWorker.java:<init>(188)) - new 85b0bed5-4d1d-45f9-8f71-740e9dd12c61@group-FBFC36656F99-SegmentedRaftLogWorker for RaftStorageImpl:Storage Directory /home/runner/work/ozone/ozone/hadoop-ozone/integration-test/target/test-dir/MiniOzoneClusterImpl-2bd935e6-826e-4dca-83cf-32fa945e0037/datanode-3/data/ratis/db35460f-4eb2-463f-a622-fbfc36656f99
2023-08-31 18:21:25,504 [85b0bed5-4d1d-45f9-8f71-740e9dd12c61-groupManagement] INFO  server.RaftServerConfigKeys (ConfUtils.java:logGet(46)) - raft.server.log.queue.byte-limit = 4294967296 (custom)
2023-08-31 18:21:25,504 [85b0bed5-4d1d-45f9-8f71-740e9dd12c61-groupManagement] INFO  server.RaftServerConfigKeys (ConfUtils.java:logGet(46)) - raft.server.log.queue.element-limit = 1024 (custom)
2023-08-31 18:21:25,504 [85b0bed5-4d1d-45f9-8f71-740e9dd12c61-groupManagement] INFO  server.RaftServerConfigKeys (ConfUtils.java:logGet(46)) - raft.server.log.segment.size.max = 1048576 (custom)
2023-08-31 18:21:25,504 [85b0bed5-4d1d-45f9-8f71-740e9dd12c61-groupManagement] INFO  server.RaftServerConfigKeys (ConfUtils.java:logGet(46)) - raft.server.log.preallocated.size = 16384 (custom)
2023-08-31 18:21:25,504 [85b0bed5-4d1d-45f9-8f71-740e9dd12c61-groupManagement] INFO  server.RaftServerConfigKeys (ConfUtils.java:logGet(46)) - raft.server.log.force.sync.num = 128 (default)
2023-08-31 18:21:25,504 [85b0bed5-4d1d-45f9-8f71-740e9dd12c61-groupManagement] INFO  server.RaftServerConfigKeys (ConfUtils.java:logGet(46)) - raft.server.log.statemachine.data.sync = true (default)
2023-08-31 18:21:25,504 [85b0bed5-4d1d-45f9-8f71-740e9dd12c61-groupManagement] INFO  server.RaftServerConfigKeys (ConfUtils.java:logGet(46)) - raft.server.log.statemachine.data.sync.timeout = 10s (default)
2023-08-31 18:21:25,504 [85b0bed5-4d1d-45f9-8f71-740e9dd12c61-groupManagement] INFO  server.RaftServerConfigKeys (ConfUtils.java:logGet(46)) - raft.server.log.statemachine.data.sync.timeout.retry = -1 (default)
2023-08-31 18:21:25,504 [85b0bed5-4d1d-45f9-8f71-740e9dd12c61-groupManagement] INFO  server.RaftServerConfigKeys (ConfUtils.java:logGet(46)) - raft.server.log.write.buffer.size = 1048576 (custom)
2023-08-31 18:21:25,505 [85b0bed5-4d1d-45f9-8f71-740e9dd12c61-groupManagement] INFO  server.RaftServerConfigKeys (ConfUtils.java:logGet(46)) - raft.server.log.appender.buffer.byte-limit = 33554432 (custom)
2023-08-31 18:21:25,511 [85b0bed5-4d1d-45f9-8f71-740e9dd12c61-groupManagement] INFO  server.RaftServerConfigKeys (ConfUtils.java:logGet(46)) - raft.server.log.unsafe-flush.enabled = false (default)
2023-08-31 18:21:25,511 [85b0bed5-4d1d-45f9-8f71-740e9dd12c61-groupManagement] INFO  server.RaftServerConfigKeys (ConfUtils.java:logGet(46)) - raft.server.log.async-flush.enabled = false (default)
2023-08-31 18:21:25,511 [85b0bed5-4d1d-45f9-8f71-740e9dd12c61-groupManagement] INFO  server.RaftServerConfigKeys (ConfUtils.java:logGet(46)) - raft.server.log.statemachine.data.caching.enabled = true (custom)
2023-08-31 18:21:25,511 [85b0bed5-4d1d-45f9-8f71-740e9dd12c61-groupManagement] INFO  segmented.SegmentedRaftLogWorker (SegmentedRaftLogWorker.java:lambda$new$0(135)) - 85b0bed5-4d1d-45f9-8f71-740e9dd12c61@group-FBFC36656F99-SegmentedRaftLogWorker: flushIndex: setUnconditionally 0 -> -1
2023-08-31 18:21:25,511 [85b0bed5-4d1d-45f9-8f71-740e9dd12c61-groupManagement] INFO  segmented.SegmentedRaftLogWorker (SegmentedRaftLogWorker.java:lambda$new$0(135)) - 85b0bed5-4d1d-45f9-8f71-740e9dd12c61@group-FBFC36656F99-SegmentedRaftLogWorker: safeCacheEvictIndex: setUnconditionally 0 -> -1
2023-08-31 18:21:25,512 [85b0bed5-4d1d-45f9-8f71-740e9dd12c61-groupManagement] INFO  server.RaftServer$Division (RaftServerImpl.java:start(342)) - 85b0bed5-4d1d-45f9-8f71-740e9dd12c61@group-FBFC36656F99: start as a follower, conf=-1: peers:[85b0bed5-4d1d-45f9-8f71-740e9dd12c61|rpc:10.1.0.8:15200|admin:10.1.0.8:15199|client:10.1.0.8:15198|dataStream:10.1.0.8:15201|priority:1|startupRole:FOLLOWER]|listeners:[], old=null
2023-08-31 18:21:25,512 [85b0bed5-4d1d-45f9-8f71-740e9dd12c61-groupManagement] INFO  server.RaftServer$Division (RaftServerImpl.java:setRole(329)) - 85b0bed5-4d1d-45f9-8f71-740e9dd12c61@group-FBFC36656F99: changes role from      null to FOLLOWER at term 0 for startAsFollower
2023-08-31 18:21:25,512 [85b0bed5-4d1d-45f9-8f71-740e9dd12c61-groupManagement] INFO  impl.RoleInfo (RoleInfo.java:updateAndGet(139)) - 85b0bed5-4d1d-45f9-8f71-740e9dd12c61: start 85b0bed5-4d1d-45f9-8f71-740e9dd12c61@group-FBFC36656F99-FollowerState
2023-08-31 18:21:25,512 [85b0bed5-4d1d-45f9-8f71-740e9dd12c61-groupManagement] INFO  util.JmxRegister (JmxRegister.java:tryRegister(44)) - Successfully registered JMX Bean with object name Ratis:service=RaftServer,group=group-FBFC36656F99,id=85b0bed5-4d1d-45f9-8f71-740e9dd12c61
2023-08-31 18:21:25,512 [85b0bed5-4d1d-45f9-8f71-740e9dd12c61-groupManagement] INFO  server.RaftServerConfigKeys (ConfUtils.java:logGet(46)) - raft.server.snapshot.auto.trigger.enabled = true (custom)
2023-08-31 18:21:25,512 [85b0bed5-4d1d-45f9-8f71-740e9dd12c61-groupManagement] INFO  server.RaftServerConfigKeys (ConfUtils.java:logGet(46)) - raft.server.snapshot.auto.trigger.threshold = 10000 (custom)
2023-08-31 18:21:25,512 [85b0bed5-4d1d-45f9-8f71-740e9dd12c61-groupManagement] INFO  server.RaftServerConfigKeys (ConfUtils.java:logGet(46)) - raft.server.snapshot.retention.file.num = 5 (custom)
2023-08-31 18:21:25,512 [85b0bed5-4d1d-45f9-8f71-740e9dd12c61-groupManagement] INFO  server.RaftServerConfigKeys (ConfUtils.java:logGet(46)) - raft.server.log.purge.upto.snapshot.index = false (default)
2023-08-31 18:21:25,513 [85b0bed5-4d1d-45f9-8f71-740e9dd12c61@group-FBFC36656F99-FollowerState] INFO  server.RaftServerConfigKeys (ConfUtils.java:logFallback(53)) - raft.server.rpc.first-election.timeout.min = 5s (fallback to raft.server.rpc.timeout.min)
2023-08-31 18:21:25,513 [85b0bed5-4d1d-45f9-8f71-740e9dd12c61@group-FBFC36656F99-FollowerState] INFO  server.RaftServerConfigKeys (ConfUtils.java:logFallback(53)) - raft.server.rpc.first-election.timeout.max = 5200ms (fallback to raft.server.rpc.timeout.max)
2023-08-31 18:21:25,514 [PipelineCommandHandlerThread-0] INFO  ratis.XceiverServerRatis (XceiverServerRatis.java:addGroup(804)) - Created group PipelineID=db35460f-4eb2-463f-a622-fbfc36656f99
2023-08-31 18:21:25,514 [PipelineCommandHandlerThread-0] INFO  commandhandler.CreatePipelineCommandHandler (CreatePipelineCommandHandler.java:lambda$handle$2(124)) - Created Pipeline RATIS ONE PipelineID=db35460f-4eb2-463f-a622-fbfc36656f99.
2023-08-31 18:21:25,803 [main] INFO  ozone.MiniOzoneClusterImpl (MiniOzoneClusterImpl.java:lambda$waitForClusterToBeReady$0(224)) - Nodes are ready. Got 5 of 5 DN Heartbeats.
2023-08-31 18:21:25,803 [main] INFO  ozone.MiniOzoneClusterImpl (MiniOzoneClusterImpl.java:lambda$waitForClusterToBeReady$0(227)) - Waiting for cluster to exit safe mode
2023-08-31 18:21:25,803 [main] INFO  ozone.MiniOzoneClusterImpl (MiniOzoneClusterImpl.java:lambda$waitForClusterToBeReady$0(229)) - SCM became leader
2023-08-31 18:21:25,825 [PipelineCommandHandlerThread-0] INFO  server.RaftServer (RaftServerProxy.java:addNew(98)) - 70431532-c8b0-4eb5-b15a-8b1673de781b: addNew group-96A0E980BC6F:[70431532-c8b0-4eb5-b15a-8b1673de781b|rpc:10.1.0.8:15209|admin:10.1.0.8:15208|client:10.1.0.8:15207|dataStream:10.1.0.8:15210|priority:1|startupRole:FOLLOWER] returns group-96A0E980BC6F:java.util.concurrent.CompletableFuture@6dec4614[Not completed]
2023-08-31 18:21:25,828 [70431532-c8b0-4eb5-b15a-8b1673de781b-groupManagement] INFO  server.RaftServer$Division (RaftServerImpl.java:<init>(198)) - 70431532-c8b0-4eb5-b15a-8b1673de781b: new RaftServerImpl for group-96A0E980BC6F:[70431532-c8b0-4eb5-b15a-8b1673de781b|rpc:10.1.0.8:15209|admin:10.1.0.8:15208|client:10.1.0.8:15207|dataStream:10.1.0.8:15210|priority:1|startupRole:FOLLOWER] with ContainerStateMachine:uninitialized
2023-08-31 18:21:25,828 [70431532-c8b0-4eb5-b15a-8b1673de781b-groupManagement] INFO  server.RaftServerConfigKeys (ConfUtils.java:logGet(46)) - raft.server.rpc.timeout.min = 5s (custom)
2023-08-31 18:21:25,828 [70431532-c8b0-4eb5-b15a-8b1673de781b-groupManagement] INFO  server.RaftServerConfigKeys (ConfUtils.java:logGet(46)) - raft.server.rpc.timeout.max = 5200ms (custom)
2023-08-31 18:21:25,828 [70431532-c8b0-4eb5-b15a-8b1673de781b-groupManagement] INFO  server.RaftServerConfigKeys (ConfUtils.java:logGet(46)) - raft.server.rpc.sleep.time = 25ms (default)
2023-08-31 18:21:25,828 [70431532-c8b0-4eb5-b15a-8b1673de781b-groupManagement] INFO  server.RaftServerConfigKeys (ConfUtils.java:logGet(46)) - raft.server.rpc.slowness.timeout = 300s (custom)
2023-08-31 18:21:25,828 [70431532-c8b0-4eb5-b15a-8b1673de781b-groupManagement] INFO  server.RaftServerConfigKeys (ConfUtils.java:logGet(46)) - raft.server.leaderelection.leader.step-down.wait-time = 10s (default)
2023-08-31 18:21:25,828 [70431532-c8b0-4eb5-b15a-8b1673de781b-groupManagement] INFO  server.RaftServerConfigKeys (ConfUtils.java:logGet(46)) - raft.server.sleep.deviation.threshold = 300ms (default)
2023-08-31 18:21:25,828 [70431532-c8b0-4eb5-b15a-8b1673de781b-groupManagement] INFO  server.RaftServer$Division (ServerState.java:<init>(120)) - 70431532-c8b0-4eb5-b15a-8b1673de781b@group-96A0E980BC6F: ConfigurationManager, init=-1: peers:[70431532-c8b0-4eb5-b15a-8b1673de781b|rpc:10.1.0.8:15209|admin:10.1.0.8:15208|client:10.1.0.8:15207|dataStream:10.1.0.8:15210|priority:1|startupRole:FOLLOWER]|listeners:[], old=null, confs=<EMPTY_MAP>
2023-08-31 18:21:25,828 [70431532-c8b0-4eb5-b15a-8b1673de781b-groupManagement] INFO  server.RaftServerConfigKeys (ConfUtils.java:logGet(46)) - raft.server.storage.dir = [/home/runner/work/ozone/ozone/hadoop-ozone/integration-test/target/test-dir/MiniOzoneClusterImpl-2bd935e6-826e-4dca-83cf-32fa945e0037/datanode-4/data/ratis] (custom)
2023-08-31 18:21:25,828 [70431532-c8b0-4eb5-b15a-8b1673de781b-groupManagement] INFO  server.RaftServerConfigKeys (ConfUtils.java:logGet(46)) - raft.server.log.corruption.policy = EXCEPTION (default)
2023-08-31 18:21:25,829 [70431532-c8b0-4eb5-b15a-8b1673de781b-groupManagement] INFO  server.RaftServerConfigKeys (ConfUtils.java:logGet(46)) - raft.server.storage.free-space.min = 0MB (=0) (default)
2023-08-31 18:21:25,829 [70431532-c8b0-4eb5-b15a-8b1673de781b-groupManagement] INFO  server.RaftServerConfigKeys (ConfUtils.java:logGet(46)) - raft.server.notification.no-leader.timeout = 300s (custom)
2023-08-31 18:21:25,829 [70431532-c8b0-4eb5-b15a-8b1673de781b-groupManagement] INFO  server.RaftServerConfigKeys (ConfUtils.java:logGet(46)) - raft.server.read.timeout = 10s (default)
2023-08-31 18:21:25,829 [70431532-c8b0-4eb5-b15a-8b1673de781b-groupManagement] INFO  server.RaftServerConfigKeys (ConfUtils.java:logGet(46)) - raft.server.retrycache.expirytime = 600000ms (custom)
2023-08-31 18:21:25,829 [70431532-c8b0-4eb5-b15a-8b1673de781b-groupManagement] INFO  server.RaftServerConfigKeys (ConfUtils.java:logGet(46)) - raft.server.retrycache.statistics.expirytime = 100μs (default)
2023-08-31 18:21:25,829 [70431532-c8b0-4eb5-b15a-8b1673de781b-groupManagement] INFO  server.RaftServerConfigKeys (ConfUtils.java:logGet(46)) - raft.server.read.option = DEFAULT (default)
2023-08-31 18:21:25,830 [70431532-c8b0-4eb5-b15a-8b1673de781b-groupManagement] INFO  server.RaftServerConfigKeys (ConfUtils.java:logGet(46)) - raft.server.rpc.request.timeout = 60s (custom)
2023-08-31 18:21:25,830 [70431532-c8b0-4eb5-b15a-8b1673de781b-groupManagement] INFO  server.RaftServerConfigKeys (ConfUtils.java:logGet(46)) - raft.server.log.appender.install.snapshot.enabled = false (custom)
2023-08-31 18:21:25,830 [70431532-c8b0-4eb5-b15a-8b1673de781b-groupManagement] INFO  server.RaftServerConfigKeys (ConfUtils.java:logGet(46)) - raft.server.threadpool.server.cached = true (default)
2023-08-31 18:21:25,830 [70431532-c8b0-4eb5-b15a-8b1673de781b-groupManagement] INFO  server.RaftServerConfigKeys (ConfUtils.java:logGet(46)) - raft.server.threadpool.server.size = 0 (default)
2023-08-31 18:21:25,830 [70431532-c8b0-4eb5-b15a-8b1673de781b-groupManagement] INFO  server.RaftServerConfigKeys (ConfUtils.java:logGet(46)) - raft.server.threadpool.client.cached = true (default)
2023-08-31 18:21:25,830 [70431532-c8b0-4eb5-b15a-8b1673de781b-groupManagement] INFO  server.RaftServerConfigKeys (ConfUtils.java:logGet(46)) - raft.server.threadpool.client.size = 0 (default)
2023-08-31 18:21:25,830 [70431532-c8b0-4eb5-b15a-8b1673de781b-groupManagement] INFO  storage.RaftStorageDirectory (RaftStorageDirectoryImpl.java:analyzeStorage(137)) - The storage directory /home/runner/work/ozone/ozone/hadoop-ozone/integration-test/target/test-dir/MiniOzoneClusterImpl-2bd935e6-826e-4dca-83cf-32fa945e0037/datanode-4/data/ratis/cc1b942b-77db-4603-b646-96a0e980bc6f does not exist. Creating ...
2023-08-31 18:21:25,832 [70431532-c8b0-4eb5-b15a-8b1673de781b-groupManagement] INFO  storage.RaftStorageDirectory (RaftStorageDirectoryImpl.java:tryLock(231)) - Lock on /home/runner/work/ozone/ozone/hadoop-ozone/integration-test/target/test-dir/MiniOzoneClusterImpl-2bd935e6-826e-4dca-83cf-32fa945e0037/datanode-4/data/ratis/cc1b942b-77db-4603-b646-96a0e980bc6f/in_use.lock acquired by nodename 61743@fv-az1129-899
2023-08-31 18:21:25,834 [70431532-c8b0-4eb5-b15a-8b1673de781b-groupManagement] INFO  storage.RaftStorage (RaftStorageImpl.java:format(96)) - Storage directory /home/runner/work/ozone/ozone/hadoop-ozone/integration-test/target/test-dir/MiniOzoneClusterImpl-2bd935e6-826e-4dca-83cf-32fa945e0037/datanode-4/data/ratis/cc1b942b-77db-4603-b646-96a0e980bc6f has been successfully formatted.
2023-08-31 18:21:25,838 [70431532-c8b0-4eb5-b15a-8b1673de781b-groupManagement] INFO  ratis.ContainerStateMachine (ContainerStateMachine.java:loadSnapshot(262)) - group-96A0E980BC6F: The snapshot info is null. Setting the last applied indexto:(t:0, i:~)
2023-08-31 18:21:25,839 [70431532-c8b0-4eb5-b15a-8b1673de781b-groupManagement] INFO  server.RaftServerConfigKeys (ConfUtils.java:logGet(46)) - raft.server.log.use.memory = false (default)
2023-08-31 18:21:25,840 [70431532-c8b0-4eb5-b15a-8b1673de781b-groupManagement] INFO  server.RaftServerConfigKeys (ConfUtils.java:logGet(46)) - raft.server.log.purge.gap = 1000000 (custom)
2023-08-31 18:21:25,840 [70431532-c8b0-4eb5-b15a-8b1673de781b-groupManagement] INFO  server.RaftServerConfigKeys (ConfUtils.java:logGet(46)) - raft.server.log.appender.buffer.byte-limit = 33554432 (custom)
2023-08-31 18:21:25,840 [70431532-c8b0-4eb5-b15a-8b1673de781b-groupManagement] INFO  server.RaftServerConfigKeys (ConfUtils.java:logGet(46)) - raft.server.log.statemachine.data.read.timeout = 1000ms (default)
2023-08-31 18:21:25,840 [70431532-c8b0-4eb5-b15a-8b1673de781b-groupManagement] INFO  server.RaftServerConfigKeys (ConfUtils.java:logGet(46)) - raft.server.log.purge.preservation.log.num = 0 (default)
2023-08-31 18:21:25,840 [EventQueue-PipelineReportForPipelineReportHandler] INFO  pipeline.PipelineReportHandler (PipelineReportHandler.java:processPipelineReport(136)) - Opened pipeline PipelineID=cc1b942b-77db-4603-b646-96a0e980bc6f
2023-08-31 18:21:25,841 [EventQueue-OpenPipelineForHealthyPipelineSafeModeRule] INFO  safemode.SCMSafeModeManager (HealthyPipelineSafeModeRule.java:process(137)) - SCM in safe mode. Healthy pipelines reported count is 0, required healthy pipeline reported count is 1
2023-08-31 18:21:25,842 [70431532-c8b0-4eb5-b15a-8b1673de781b-groupManagement] INFO  server.RaftServerConfigKeys (ConfUtils.java:logGet(46)) - raft.server.log.segment.size.max = 1048576 (custom)
2023-08-31 18:21:25,842 [70431532-c8b0-4eb5-b15a-8b1673de781b-groupManagement] INFO  server.RaftServerConfigKeys (ConfUtils.java:logGet(46)) - raft.server.log.segment.cache.num.max = 2 (custom)
2023-08-31 18:21:25,842 [70431532-c8b0-4eb5-b15a-8b1673de781b-groupManagement] INFO  server.RaftServerConfigKeys (ConfUtils.java:logGet(46)) - raft.server.log.segment.cache.size.max = 200MB (=209715200) (default)
2023-08-31 18:21:25,842 [70431532-c8b0-4eb5-b15a-8b1673de781b-groupManagement] INFO  server.RaftServerConfigKeys (ConfUtils.java:logGet(46)) - raft.server.log.appender.buffer.byte-limit = 33554432 (custom)
2023-08-31 18:21:25,842 [70431532-c8b0-4eb5-b15a-8b1673de781b-groupManagement] INFO  segmented.SegmentedRaftLogWorker (SegmentedRaftLogWorker.java:<init>(188)) - new 70431532-c8b0-4eb5-b15a-8b1673de781b@group-96A0E980BC6F-SegmentedRaftLogWorker for RaftStorageImpl:Storage Directory /home/runner/work/ozone/ozone/hadoop-ozone/integration-test/target/test-dir/MiniOzoneClusterImpl-2bd935e6-826e-4dca-83cf-32fa945e0037/datanode-4/data/ratis/cc1b942b-77db-4603-b646-96a0e980bc6f
2023-08-31 18:21:25,842 [70431532-c8b0-4eb5-b15a-8b1673de781b-groupManagement] INFO  server.RaftServerConfigKeys (ConfUtils.java:logGet(46)) - raft.server.log.queue.byte-limit = 4294967296 (custom)
2023-08-31 18:21:25,842 [70431532-c8b0-4eb5-b15a-8b1673de781b-groupManagement] INFO  server.RaftServerConfigKeys (ConfUtils.java:logGet(46)) - raft.server.log.queue.element-limit = 1024 (custom)
2023-08-31 18:21:25,842 [70431532-c8b0-4eb5-b15a-8b1673de781b-groupManagement] INFO  server.RaftServerConfigKeys (ConfUtils.java:logGet(46)) - raft.server.log.segment.size.max = 1048576 (custom)
2023-08-31 18:21:25,842 [70431532-c8b0-4eb5-b15a-8b1673de781b-groupManagement] INFO  server.RaftServerConfigKeys (ConfUtils.java:logGet(46)) - raft.server.log.preallocated.size = 16384 (custom)
2023-08-31 18:21:25,842 [70431532-c8b0-4eb5-b15a-8b1673de781b-groupManagement] INFO  server.RaftServerConfigKeys (ConfUtils.java:logGet(46)) - raft.server.log.force.sync.num = 128 (default)
2023-08-31 18:21:25,842 [70431532-c8b0-4eb5-b15a-8b1673de781b-groupManagement] INFO  server.RaftServerConfigKeys (ConfUtils.java:logGet(46)) - raft.server.log.statemachine.data.sync = true (default)
2023-08-31 18:21:25,843 [70431532-c8b0-4eb5-b15a-8b1673de781b-groupManagement] INFO  server.RaftServerConfigKeys (ConfUtils.java:logGet(46)) - raft.server.log.statemachine.data.sync.timeout = 10s (default)
2023-08-31 18:21:25,843 [70431532-c8b0-4eb5-b15a-8b1673de781b-groupManagement] INFO  server.RaftServerConfigKeys (ConfUtils.java:logGet(46)) - raft.server.log.statemachine.data.sync.timeout.retry = -1 (default)
2023-08-31 18:21:25,844 [70431532-c8b0-4eb5-b15a-8b1673de781b-groupManagement] INFO  server.RaftServerConfigKeys (ConfUtils.java:logGet(46)) - raft.server.log.write.buffer.size = 1048576 (custom)
2023-08-31 18:21:25,844 [70431532-c8b0-4eb5-b15a-8b1673de781b-groupManagement] INFO  server.RaftServerConfigKeys (ConfUtils.java:logGet(46)) - raft.server.log.appender.buffer.byte-limit = 33554432 (custom)
2023-08-31 18:21:25,851 [70431532-c8b0-4eb5-b15a-8b1673de781b-groupManagement] INFO  server.RaftServerConfigKeys (ConfUtils.java:logGet(46)) - raft.server.log.unsafe-flush.enabled = false (default)
2023-08-31 18:21:25,851 [70431532-c8b0-4eb5-b15a-8b1673de781b-groupManagement] INFO  server.RaftServerConfigKeys (ConfUtils.java:logGet(46)) - raft.server.log.async-flush.enabled = false (default)
2023-08-31 18:21:25,851 [70431532-c8b0-4eb5-b15a-8b1673de781b-groupManagement] INFO  server.RaftServerConfigKeys (ConfUtils.java:logGet(46)) - raft.server.log.statemachine.data.caching.enabled = true (custom)
2023-08-31 18:21:25,851 [70431532-c8b0-4eb5-b15a-8b1673de781b-groupManagement] INFO  segmented.SegmentedRaftLogWorker (SegmentedRaftLogWorker.java:lambda$new$0(135)) - 70431532-c8b0-4eb5-b15a-8b1673de781b@group-96A0E980BC6F-SegmentedRaftLogWorker: flushIndex: setUnconditionally 0 -> -1
2023-08-31 18:21:25,851 [70431532-c8b0-4eb5-b15a-8b1673de781b-groupManagement] INFO  segmented.SegmentedRaftLogWorker (SegmentedRaftLogWorker.java:lambda$new$0(135)) - 70431532-c8b0-4eb5-b15a-8b1673de781b@group-96A0E980BC6F-SegmentedRaftLogWorker: safeCacheEvictIndex: setUnconditionally 0 -> -1
2023-08-31 18:21:25,852 [70431532-c8b0-4eb5-b15a-8b1673de781b-groupManagement] INFO  server.RaftServer$Division (RaftServerImpl.java:start(342)) - 70431532-c8b0-4eb5-b15a-8b1673de781b@group-96A0E980BC6F: start as a follower, conf=-1: peers:[70431532-c8b0-4eb5-b15a-8b1673de781b|rpc:10.1.0.8:15209|admin:10.1.0.8:15208|client:10.1.0.8:15207|dataStream:10.1.0.8:15210|priority:1|startupRole:FOLLOWER]|listeners:[], old=null
2023-08-31 18:21:25,852 [70431532-c8b0-4eb5-b15a-8b1673de781b-groupManagement] INFO  server.RaftServer$Division (RaftServerImpl.java:setRole(329)) - 70431532-c8b0-4eb5-b15a-8b1673de781b@group-96A0E980BC6F: changes role from      null to FOLLOWER at term 0 for startAsFollower
2023-08-31 18:21:25,852 [70431532-c8b0-4eb5-b15a-8b1673de781b-groupManagement] INFO  impl.RoleInfo (RoleInfo.java:updateAndGet(139)) - 70431532-c8b0-4eb5-b15a-8b1673de781b: start 70431532-c8b0-4eb5-b15a-8b1673de781b@group-96A0E980BC6F-FollowerState
2023-08-31 18:21:25,852 [70431532-c8b0-4eb5-b15a-8b1673de781b-groupManagement] INFO  util.JmxRegister (JmxRegister.java:tryRegister(44)) - Successfully registered JMX Bean with object name Ratis:service=RaftServer,group=group-96A0E980BC6F,id=70431532-c8b0-4eb5-b15a-8b1673de781b
2023-08-31 18:21:25,852 [70431532-c8b0-4eb5-b15a-8b1673de781b-groupManagement] INFO  server.RaftServerConfigKeys (ConfUtils.java:logGet(46)) - raft.server.snapshot.auto.trigger.enabled = true (custom)
2023-08-31 18:21:25,852 [70431532-c8b0-4eb5-b15a-8b1673de781b-groupManagement] INFO  server.RaftServerConfigKeys (ConfUtils.java:logGet(46)) - raft.server.snapshot.auto.trigger.threshold = 10000 (custom)
2023-08-31 18:21:25,852 [70431532-c8b0-4eb5-b15a-8b1673de781b-groupManagement] INFO  server.RaftServerConfigKeys (ConfUtils.java:logGet(46)) - raft.server.snapshot.retention.file.num = 5 (custom)
2023-08-31 18:21:25,852 [70431532-c8b0-4eb5-b15a-8b1673de781b-groupManagement] INFO  server.RaftServerConfigKeys (ConfUtils.java:logGet(46)) - raft.server.log.purge.upto.snapshot.index = false (default)
2023-08-31 18:21:25,857 [70431532-c8b0-4eb5-b15a-8b1673de781b@group-96A0E980BC6F-FollowerState] INFO  server.RaftServerConfigKeys (ConfUtils.java:logFallback(53)) - raft.server.rpc.first-election.timeout.min = 5s (fallback to raft.server.rpc.timeout.min)
2023-08-31 18:21:25,857 [70431532-c8b0-4eb5-b15a-8b1673de781b@group-96A0E980BC6F-FollowerState] INFO  server.RaftServerConfigKeys (ConfUtils.java:logFallback(53)) - raft.server.rpc.first-election.timeout.max = 5200ms (fallback to raft.server.rpc.timeout.max)
2023-08-31 18:21:25,858 [PipelineCommandHandlerThread-0] INFO  ratis.XceiverServerRatis (XceiverServerRatis.java:addGroup(804)) - Created group PipelineID=cc1b942b-77db-4603-b646-96a0e980bc6f
2023-08-31 18:21:25,858 [PipelineCommandHandlerThread-0] INFO  commandhandler.CreatePipelineCommandHandler (CreatePipelineCommandHandler.java:lambda$handle$2(124)) - Created Pipeline RATIS ONE PipelineID=cc1b942b-77db-4603-b646-96a0e980bc6f.
2023-08-31 18:21:26,804 [main] INFO  ozone.MiniOzoneClusterImpl (MiniOzoneClusterImpl.java:lambda$waitForClusterToBeReady$0(224)) - Nodes are ready. Got 5 of 5 DN Heartbeats.
2023-08-31 18:21:26,804 [main] INFO  ozone.MiniOzoneClusterImpl (MiniOzoneClusterImpl.java:lambda$waitForClusterToBeReady$0(227)) - Waiting for cluster to exit safe mode
2023-08-31 18:21:26,804 [main] INFO  ozone.MiniOzoneClusterImpl (MiniOzoneClusterImpl.java:lambda$waitForClusterToBeReady$0(229)) - SCM became leader
2023-08-31 18:21:27,804 [main] INFO  ozone.MiniOzoneClusterImpl (MiniOzoneClusterImpl.java:lambda$waitForClusterToBeReady$0(224)) - Nodes are ready. Got 5 of 5 DN Heartbeats.
2023-08-31 18:21:27,804 [main] INFO  ozone.MiniOzoneClusterImpl (MiniOzoneClusterImpl.java:lambda$waitForClusterToBeReady$0(227)) - Waiting for cluster to exit safe mode
2023-08-31 18:21:27,804 [main] INFO  ozone.MiniOzoneClusterImpl (MiniOzoneClusterImpl.java:lambda$waitForClusterToBeReady$0(229)) - SCM became leader
2023-08-31 18:21:28,805 [main] INFO  ozone.MiniOzoneClusterImpl (MiniOzoneClusterImpl.java:lambda$waitForClusterToBeReady$0(224)) - Nodes are ready. Got 5 of 5 DN Heartbeats.
2023-08-31 18:21:28,805 [main] INFO  ozone.MiniOzoneClusterImpl (MiniOzoneClusterImpl.java:lambda$waitForClusterToBeReady$0(227)) - Waiting for cluster to exit safe mode
2023-08-31 18:21:28,805 [main] INFO  ozone.MiniOzoneClusterImpl (MiniOzoneClusterImpl.java:lambda$waitForClusterToBeReady$0(229)) - SCM became leader
2023-08-31 18:21:29,574 [626d1c86-c74d-4c1d-990a-e37ed735d25b@group-2DBFAF1A0294-FollowerState] INFO  impl.FollowerState (FollowerState.java:run(143)) - 626d1c86-c74d-4c1d-990a-e37ed735d25b@group-2DBFAF1A0294-FollowerState: change to CANDIDATE, lastRpcElapsedTime:5100720478ns, electionTimeout:5100ms
2023-08-31 18:21:29,574 [626d1c86-c74d-4c1d-990a-e37ed735d25b@group-2DBFAF1A0294-FollowerState] INFO  impl.RoleInfo (RoleInfo.java:shutdownFollowerState(110)) - 626d1c86-c74d-4c1d-990a-e37ed735d25b: shutdown 626d1c86-c74d-4c1d-990a-e37ed735d25b@group-2DBFAF1A0294-FollowerState
2023-08-31 18:21:29,575 [626d1c86-c74d-4c1d-990a-e37ed735d25b@group-2DBFAF1A0294-FollowerState] INFO  server.RaftServer$Division (RaftServerImpl.java:setRole(329)) - 626d1c86-c74d-4c1d-990a-e37ed735d25b@group-2DBFAF1A0294: changes role from  FOLLOWER to CANDIDATE at term 0 for changeToCandidate
2023-08-31 18:21:29,575 [626d1c86-c74d-4c1d-990a-e37ed735d25b@group-2DBFAF1A0294-FollowerState] INFO  server.RaftServerConfigKeys (ConfUtils.java:logGet(46)) - raft.server.leaderelection.pre-vote = true (default)
2023-08-31 18:21:29,575 [626d1c86-c74d-4c1d-990a-e37ed735d25b@group-2DBFAF1A0294-FollowerState] INFO  impl.RoleInfo (RoleInfo.java:updateAndGet(139)) - 626d1c86-c74d-4c1d-990a-e37ed735d25b: start 626d1c86-c74d-4c1d-990a-e37ed735d25b@group-2DBFAF1A0294-LeaderElection30
2023-08-31 18:21:29,578 [626d1c86-c74d-4c1d-990a-e37ed735d25b@group-2DBFAF1A0294-LeaderElection30] INFO  impl.LeaderElection (LeaderElection.java:askForVotes(321)) - 626d1c86-c74d-4c1d-990a-e37ed735d25b@group-2DBFAF1A0294-LeaderElection30 PRE_VOTE round 0: submit vote requests at term 0 for -1: peers:[626d1c86-c74d-4c1d-990a-e37ed735d25b|rpc:10.1.0.8:15173|admin:10.1.0.8:15172|client:10.1.0.8:15171|dataStream:10.1.0.8:15174|priority:1|startupRole:FOLLOWER]|listeners:[], old=null
2023-08-31 18:21:29,578 [626d1c86-c74d-4c1d-990a-e37ed735d25b@group-2DBFAF1A0294-LeaderElection30] INFO  impl.LeaderElection (LeaderElection.java:askForVotes(323)) - 626d1c86-c74d-4c1d-990a-e37ed735d25b@group-2DBFAF1A0294-LeaderElection30 PRE_VOTE round 0: result PASSED (term=0)
2023-08-31 18:21:29,580 [626d1c86-c74d-4c1d-990a-e37ed735d25b@group-2DBFAF1A0294-LeaderElection30] INFO  impl.LeaderElection (LeaderElection.java:askForVotes(321)) - 626d1c86-c74d-4c1d-990a-e37ed735d25b@group-2DBFAF1A0294-LeaderElection30 ELECTION round 0: submit vote requests at term 1 for -1: peers:[626d1c86-c74d-4c1d-990a-e37ed735d25b|rpc:10.1.0.8:15173|admin:10.1.0.8:15172|client:10.1.0.8:15171|dataStream:10.1.0.8:15174|priority:1|startupRole:FOLLOWER]|listeners:[], old=null
2023-08-31 18:21:29,580 [626d1c86-c74d-4c1d-990a-e37ed735d25b@group-2DBFAF1A0294-LeaderElection30] INFO  impl.LeaderElection (LeaderElection.java:askForVotes(323)) - 626d1c86-c74d-4c1d-990a-e37ed735d25b@group-2DBFAF1A0294-LeaderElection30 ELECTION round 0: result PASSED (term=1)
2023-08-31 18:21:29,580 [626d1c86-c74d-4c1d-990a-e37ed735d25b@group-2DBFAF1A0294-LeaderElection30] INFO  impl.RoleInfo (RoleInfo.java:shutdownLeaderElection(130)) - 626d1c86-c74d-4c1d-990a-e37ed735d25b: shutdown 626d1c86-c74d-4c1d-990a-e37ed735d25b@group-2DBFAF1A0294-LeaderElection30
2023-08-31 18:21:29,580 [626d1c86-c74d-4c1d-990a-e37ed735d25b@group-2DBFAF1A0294-LeaderElection30] INFO  server.RaftServer$Division (RaftServerImpl.java:setRole(329)) - 626d1c86-c74d-4c1d-990a-e37ed735d25b@group-2DBFAF1A0294: changes role from CANDIDATE to LEADER at term 1 for changeToLeader
2023-08-31 18:21:29,580 [626d1c86-c74d-4c1d-990a-e37ed735d25b@group-2DBFAF1A0294-LeaderElection30] INFO  ratis.XceiverServerRatis (XceiverServerRatis.java:handleLeaderChangedNotification(902)) - Leader change notification received for group: group-2DBFAF1A0294 with new leaderId: 626d1c86-c74d-4c1d-990a-e37ed735d25b
2023-08-31 18:21:29,581 [626d1c86-c74d-4c1d-990a-e37ed735d25b@group-2DBFAF1A0294-LeaderElection30] INFO  server.RaftServer$Division (ServerState.java:setLeader(317)) - 626d1c86-c74d-4c1d-990a-e37ed735d25b@group-2DBFAF1A0294: change Leader from null to 626d1c86-c74d-4c1d-990a-e37ed735d25b at term 1 for becomeLeader, leader elected after 5128ms
2023-08-31 18:21:29,581 [626d1c86-c74d-4c1d-990a-e37ed735d25b@group-2DBFAF1A0294-LeaderElection30] INFO  server.RaftServerConfigKeys (ConfUtils.java:logGet(46)) - raft.server.staging.catchup.gap = 1000 (default)
2023-08-31 18:21:29,581 [626d1c86-c74d-4c1d-990a-e37ed735d25b@group-2DBFAF1A0294-LeaderElection30] INFO  server.RaftServerConfigKeys (ConfUtils.java:logGet(46)) - raft.server.write.element-limit = 1024 (custom)
2023-08-31 18:21:29,581 [EventQueue-OpenPipelineForHealthyPipelineSafeModeRule] INFO  safemode.SCMSafeModeManager (HealthyPipelineSafeModeRule.java:process(137)) - SCM in safe mode. Healthy pipelines reported count is 0, required healthy pipeline reported count is 1
2023-08-31 18:21:29,582 [626d1c86-c74d-4c1d-990a-e37ed735d25b@group-2DBFAF1A0294-LeaderElection30] INFO  server.RaftServerConfigKeys (ConfUtils.java:logGet(46)) - raft.server.write.byte-limit = 1024 M (=1073741824) (custom)
2023-08-31 18:21:29,582 [626d1c86-c74d-4c1d-990a-e37ed735d25b@group-2DBFAF1A0294-LeaderElection30] INFO  server.RaftServerConfigKeys (ConfUtils.java:logGet(46)) - raft.server.watch.timeout = 180s (custom)
2023-08-31 18:21:29,582 [626d1c86-c74d-4c1d-990a-e37ed735d25b@group-2DBFAF1A0294-LeaderElection30] INFO  server.RaftServerConfigKeys (ConfUtils.java:logGet(46)) - raft.server.watch.timeout.denomination = 1s (default)
2023-08-31 18:21:29,582 [626d1c86-c74d-4c1d-990a-e37ed735d25b@group-2DBFAF1A0294-LeaderElection30] INFO  server.RaftServerConfigKeys (ConfUtils.java:logGet(46)) - raft.server.watch.element-limit = 65536 (default)
2023-08-31 18:21:29,582 [626d1c86-c74d-4c1d-990a-e37ed735d25b@group-2DBFAF1A0294-LeaderElection30] INFO  server.RaftServerConfigKeys (ConfUtils.java:logGet(46)) - raft.server.write.element-limit = 1024 (custom)
2023-08-31 18:21:29,582 [626d1c86-c74d-4c1d-990a-e37ed735d25b@group-2DBFAF1A0294-LeaderElection30] INFO  server.RaftServerConfigKeys (ConfUtils.java:logGet(46)) - raft.server.write.follower.gap.ratio.max = -1.0 (default)
2023-08-31 18:21:29,582 [626d1c86-c74d-4c1d-990a-e37ed735d25b@group-2DBFAF1A0294-LeaderElection30] INFO  impl.RoleInfo (RoleInfo.java:updateAndGet(139)) - 626d1c86-c74d-4c1d-990a-e37ed735d25b: start 626d1c86-c74d-4c1d-990a-e37ed735d25b@group-2DBFAF1A0294-LeaderStateImpl
2023-08-31 18:21:29,583 [626d1c86-c74d-4c1d-990a-e37ed735d25b@group-2DBFAF1A0294-LeaderElection30] INFO  segmented.SegmentedRaftLogWorker (SegmentedRaftLogWorker.java:startLogSegment(447)) - 626d1c86-c74d-4c1d-990a-e37ed735d25b@group-2DBFAF1A0294-SegmentedRaftLogWorker: Starting segment from index:0
2023-08-31 18:21:29,584 [626d1c86-c74d-4c1d-990a-e37ed735d25b@group-2DBFAF1A0294-LeaderElection30] INFO  server.RaftServer$Division (ServerState.java:setRaftConf(434)) - 626d1c86-c74d-4c1d-990a-e37ed735d25b@group-2DBFAF1A0294: set configuration 0: peers:[626d1c86-c74d-4c1d-990a-e37ed735d25b|rpc:10.1.0.8:15173|admin:10.1.0.8:15172|client:10.1.0.8:15171|dataStream:10.1.0.8:15174|priority:1|startupRole:FOLLOWER]|listeners:[], old=null
2023-08-31 18:21:29,585 [626d1c86-c74d-4c1d-990a-e37ed735d25b@group-2DBFAF1A0294-SegmentedRaftLogWorker] INFO  segmented.SegmentedRaftLogWorker (SegmentedRaftLogWorker.java:execute(651)) - 626d1c86-c74d-4c1d-990a-e37ed735d25b@group-2DBFAF1A0294-SegmentedRaftLogWorker: created new log segment /home/runner/work/ozone/ozone/hadoop-ozone/integration-test/target/test-dir/MiniOzoneClusterImpl-2bd935e6-826e-4dca-83cf-32fa945e0037/datanode-0/data/ratis/b4426efa-ad8f-4d91-97c7-2dbfaf1a0294/current/log_inprogress_0
2023-08-31 18:21:29,655 [626d1c86-c74d-4c1d-990a-e37ed735d25b@group-A93631B5CC8E-FollowerState] INFO  impl.FollowerState (FollowerState.java:run(143)) - 626d1c86-c74d-4c1d-990a-e37ed735d25b@group-A93631B5CC8E-FollowerState: change to CANDIDATE, lastRpcElapsedTime:5160753454ns, electionTimeout:5160ms
2023-08-31 18:21:29,655 [626d1c86-c74d-4c1d-990a-e37ed735d25b@group-A93631B5CC8E-FollowerState] INFO  impl.RoleInfo (RoleInfo.java:shutdownFollowerState(110)) - 626d1c86-c74d-4c1d-990a-e37ed735d25b: shutdown 626d1c86-c74d-4c1d-990a-e37ed735d25b@group-A93631B5CC8E-FollowerState
2023-08-31 18:21:29,655 [626d1c86-c74d-4c1d-990a-e37ed735d25b@group-A93631B5CC8E-FollowerState] INFO  server.RaftServer$Division (RaftServerImpl.java:setRole(329)) - 626d1c86-c74d-4c1d-990a-e37ed735d25b@group-A93631B5CC8E: changes role from  FOLLOWER to CANDIDATE at term 0 for changeToCandidate
2023-08-31 18:21:29,656 [626d1c86-c74d-4c1d-990a-e37ed735d25b@group-A93631B5CC8E-FollowerState] INFO  server.RaftServerConfigKeys (ConfUtils.java:logGet(46)) - raft.server.leaderelection.pre-vote = true (default)
2023-08-31 18:21:29,656 [626d1c86-c74d-4c1d-990a-e37ed735d25b@group-A93631B5CC8E-FollowerState] INFO  impl.RoleInfo (RoleInfo.java:updateAndGet(139)) - 626d1c86-c74d-4c1d-990a-e37ed735d25b: start 626d1c86-c74d-4c1d-990a-e37ed735d25b@group-A93631B5CC8E-LeaderElection31
2023-08-31 18:21:29,658 [626d1c86-c74d-4c1d-990a-e37ed735d25b@group-A93631B5CC8E-LeaderElection31] INFO  impl.LeaderElection (LeaderElection.java:askForVotes(321)) - 626d1c86-c74d-4c1d-990a-e37ed735d25b@group-A93631B5CC8E-LeaderElection31 PRE_VOTE round 0: submit vote requests at term 0 for -1: peers:[1126cc3a-7ff0-4671-a31f-fd81ce02ef68|rpc:10.1.0.8:15191|admin:10.1.0.8:15190|client:10.1.0.8:15189|dataStream:10.1.0.8:15192|priority:0|startupRole:FOLLOWER, 626d1c86-c74d-4c1d-990a-e37ed735d25b|rpc:10.1.0.8:15173|admin:10.1.0.8:15172|client:10.1.0.8:15171|dataStream:10.1.0.8:15174|priority:1|startupRole:FOLLOWER, 960d1597-fbff-49c3-85b3-41c3f78a7ab6|rpc:10.1.0.8:15182|admin:10.1.0.8:15181|client:10.1.0.8:15180|dataStream:10.1.0.8:15183|priority:0|startupRole:FOLLOWER]|listeners:[], old=null
2023-08-31 18:21:29,658 [626d1c86-c74d-4c1d-990a-e37ed735d25b@group-A93631B5CC8E-LeaderElection31-1] INFO  server.GrpcServerProtocolClient (GrpcServerProtocolClient.java:<init>(65)) - Build channel for 1126cc3a-7ff0-4671-a31f-fd81ce02ef68
2023-08-31 18:21:29,658 [626d1c86-c74d-4c1d-990a-e37ed735d25b@group-A93631B5CC8E-LeaderElection31] INFO  server.RaftServerConfigKeys (ConfUtils.java:logFallback(53)) - raft.server.rpc.first-election.timeout.min = 5s (fallback to raft.server.rpc.timeout.min)
2023-08-31 18:21:29,659 [626d1c86-c74d-4c1d-990a-e37ed735d25b@group-A93631B5CC8E-LeaderElection31] INFO  server.RaftServerConfigKeys (ConfUtils.java:logFallback(53)) - raft.server.rpc.first-election.timeout.max = 5200ms (fallback to raft.server.rpc.timeout.max)
2023-08-31 18:21:29,659 [626d1c86-c74d-4c1d-990a-e37ed735d25b@group-A93631B5CC8E-LeaderElection31-2] INFO  server.GrpcServerProtocolClient (GrpcServerProtocolClient.java:<init>(65)) - Build channel for 960d1597-fbff-49c3-85b3-41c3f78a7ab6
2023-08-31 18:21:29,669 [grpc-default-executor-0] INFO  server.RaftServer$Division (RaftServerImpl.java:requestVote(1302)) - 960d1597-fbff-49c3-85b3-41c3f78a7ab6@group-A93631B5CC8E: receive requestVote(PRE_VOTE, 626d1c86-c74d-4c1d-990a-e37ed735d25b, group-A93631B5CC8E, 0, (t:0, i:0))
2023-08-31 18:21:29,670 [grpc-default-executor-0] INFO  impl.VoteContext (VoteContext.java:log(49)) - 960d1597-fbff-49c3-85b3-41c3f78a7ab6@group-A93631B5CC8E-FOLLOWER: accept PRE_VOTE from 626d1c86-c74d-4c1d-990a-e37ed735d25b: our priority 0 <= candidate's priority 1
2023-08-31 18:21:29,670 [grpc-default-executor-0] INFO  server.RaftServer$Division (RaftServerImpl.java:requestVote(1335)) - 960d1597-fbff-49c3-85b3-41c3f78a7ab6@group-A93631B5CC8E replies to PRE_VOTE vote request: 626d1c86-c74d-4c1d-990a-e37ed735d25b<-960d1597-fbff-49c3-85b3-41c3f78a7ab6#0:OK-t0. Peer's state: 960d1597-fbff-49c3-85b3-41c3f78a7ab6@group-A93631B5CC8E:t0, leader=null, voted=, raftlog=Memoized:960d1597-fbff-49c3-85b3-41c3f78a7ab6@group-A93631B5CC8E-SegmentedRaftLog:OPENED:c-1, conf=-1: peers:[1126cc3a-7ff0-4671-a31f-fd81ce02ef68|rpc:10.1.0.8:15191|admin:10.1.0.8:15190|client:10.1.0.8:15189|dataStream:10.1.0.8:15192|priority:0|startupRole:FOLLOWER, 626d1c86-c74d-4c1d-990a-e37ed735d25b|rpc:10.1.0.8:15173|admin:10.1.0.8:15172|client:10.1.0.8:15171|dataStream:10.1.0.8:15174|priority:1|startupRole:FOLLOWER, 960d1597-fbff-49c3-85b3-41c3f78a7ab6|rpc:10.1.0.8:15182|admin:10.1.0.8:15181|client:10.1.0.8:15180|dataStream:10.1.0.8:15183|priority:0|startupRole:FOLLOWER]|listeners:[], old=null
2023-08-31 18:21:29,679 [626d1c86-c74d-4c1d-990a-e37ed735d25b@group-A93631B5CC8E-LeaderElection31] INFO  impl.LeaderElection (LeaderElection.java:logAndReturn(90)) - 626d1c86-c74d-4c1d-990a-e37ed735d25b@group-A93631B5CC8E-LeaderElection31: PRE_VOTE PASSED received 1 response(s) and 0 exception(s):
2023-08-31 18:21:29,679 [626d1c86-c74d-4c1d-990a-e37ed735d25b@group-A93631B5CC8E-LeaderElection31] INFO  impl.LeaderElection (LeaderElection.java:logAndReturn(94)) -   Response 0: 626d1c86-c74d-4c1d-990a-e37ed735d25b<-960d1597-fbff-49c3-85b3-41c3f78a7ab6#0:OK-t0
2023-08-31 18:21:29,679 [grpc-default-executor-0] INFO  server.RaftServer$Division (RaftServerImpl.java:requestVote(1302)) - 1126cc3a-7ff0-4671-a31f-fd81ce02ef68@group-A93631B5CC8E: receive requestVote(PRE_VOTE, 626d1c86-c74d-4c1d-990a-e37ed735d25b, group-A93631B5CC8E, 0, (t:0, i:0))
2023-08-31 18:21:29,679 [626d1c86-c74d-4c1d-990a-e37ed735d25b@group-A93631B5CC8E-LeaderElection31] INFO  impl.LeaderElection (LeaderElection.java:askForVotes(323)) - 626d1c86-c74d-4c1d-990a-e37ed735d25b@group-A93631B5CC8E-LeaderElection31 PRE_VOTE round 0: result PASSED
2023-08-31 18:21:29,679 [grpc-default-executor-0] INFO  impl.VoteContext (VoteContext.java:log(49)) - 1126cc3a-7ff0-4671-a31f-fd81ce02ef68@group-A93631B5CC8E-FOLLOWER: accept PRE_VOTE from 626d1c86-c74d-4c1d-990a-e37ed735d25b: our priority 0 <= candidate's priority 1
2023-08-31 18:21:29,679 [grpc-default-executor-0] INFO  server.RaftServer$Division (RaftServerImpl.java:requestVote(1335)) - 1126cc3a-7ff0-4671-a31f-fd81ce02ef68@group-A93631B5CC8E replies to PRE_VOTE vote request: 626d1c86-c74d-4c1d-990a-e37ed735d25b<-1126cc3a-7ff0-4671-a31f-fd81ce02ef68#0:OK-t0. Peer's state: 1126cc3a-7ff0-4671-a31f-fd81ce02ef68@group-A93631B5CC8E:t0, leader=null, voted=, raftlog=Memoized:1126cc3a-7ff0-4671-a31f-fd81ce02ef68@group-A93631B5CC8E-SegmentedRaftLog:OPENED:c-1, conf=-1: peers:[1126cc3a-7ff0-4671-a31f-fd81ce02ef68|rpc:10.1.0.8:15191|admin:10.1.0.8:15190|client:10.1.0.8:15189|dataStream:10.1.0.8:15192|priority:0|startupRole:FOLLOWER, 626d1c86-c74d-4c1d-990a-e37ed735d25b|rpc:10.1.0.8:15173|admin:10.1.0.8:15172|client:10.1.0.8:15171|dataStream:10.1.0.8:15174|priority:1|startupRole:FOLLOWER, 960d1597-fbff-49c3-85b3-41c3f78a7ab6|rpc:10.1.0.8:15182|admin:10.1.0.8:15181|client:10.1.0.8:15180|dataStream:10.1.0.8:15183|priority:0|startupRole:FOLLOWER]|listeners:[], old=null
2023-08-31 18:21:29,681 [626d1c86-c74d-4c1d-990a-e37ed735d25b@group-A93631B5CC8E-LeaderElection31] INFO  impl.LeaderElection (LeaderElection.java:askForVotes(321)) - 626d1c86-c74d-4c1d-990a-e37ed735d25b@group-A93631B5CC8E-LeaderElection31 ELECTION round 0: submit vote requests at term 1 for -1: peers:[1126cc3a-7ff0-4671-a31f-fd81ce02ef68|rpc:10.1.0.8:15191|admin:10.1.0.8:15190|client:10.1.0.8:15189|dataStream:10.1.0.8:15192|priority:0|startupRole:FOLLOWER, 626d1c86-c74d-4c1d-990a-e37ed735d25b|rpc:10.1.0.8:15173|admin:10.1.0.8:15172|client:10.1.0.8:15171|dataStream:10.1.0.8:15174|priority:1|startupRole:FOLLOWER, 960d1597-fbff-49c3-85b3-41c3f78a7ab6|rpc:10.1.0.8:15182|admin:10.1.0.8:15181|client:10.1.0.8:15180|dataStream:10.1.0.8:15183|priority:0|startupRole:FOLLOWER]|listeners:[], old=null
2023-08-31 18:21:29,682 [626d1c86-c74d-4c1d-990a-e37ed735d25b@group-A93631B5CC8E-LeaderElection31] INFO  server.RaftServerConfigKeys (ConfUtils.java:logFallback(53)) - raft.server.rpc.first-election.timeout.min = 5s (fallback to raft.server.rpc.timeout.min)
2023-08-31 18:21:29,685 [626d1c86-c74d-4c1d-990a-e37ed735d25b@group-A93631B5CC8E-LeaderElection31] INFO  server.RaftServerConfigKeys (ConfUtils.java:logFallback(53)) - raft.server.rpc.first-election.timeout.max = 5200ms (fallback to raft.server.rpc.timeout.max)
2023-08-31 18:21:29,685 [grpc-default-executor-0] INFO  server.RaftServer$Division (RaftServerImpl.java:requestVote(1302)) - 1126cc3a-7ff0-4671-a31f-fd81ce02ef68@group-A93631B5CC8E: receive requestVote(ELECTION, 626d1c86-c74d-4c1d-990a-e37ed735d25b, group-A93631B5CC8E, 1, (t:0, i:0))
2023-08-31 18:21:29,686 [grpc-default-executor-0] INFO  impl.VoteContext (VoteContext.java:log(49)) - 1126cc3a-7ff0-4671-a31f-fd81ce02ef68@group-A93631B5CC8E-FOLLOWER: accept ELECTION from 626d1c86-c74d-4c1d-990a-e37ed735d25b: our priority 0 <= candidate's priority 1
2023-08-31 18:21:29,686 [grpc-default-executor-0] INFO  server.RaftServer$Division (RaftServerImpl.java:setRole(329)) - 1126cc3a-7ff0-4671-a31f-fd81ce02ef68@group-A93631B5CC8E: changes role from  FOLLOWER to FOLLOWER at term 1 for candidate:626d1c86-c74d-4c1d-990a-e37ed735d25b
2023-08-31 18:21:29,686 [grpc-default-executor-0] INFO  impl.RoleInfo (RoleInfo.java:shutdownFollowerState(110)) - 1126cc3a-7ff0-4671-a31f-fd81ce02ef68: shutdown 1126cc3a-7ff0-4671-a31f-fd81ce02ef68@group-A93631B5CC8E-FollowerState
2023-08-31 18:21:29,686 [grpc-default-executor-0] INFO  impl.RoleInfo (RoleInfo.java:updateAndGet(139)) - 1126cc3a-7ff0-4671-a31f-fd81ce02ef68: start 1126cc3a-7ff0-4671-a31f-fd81ce02ef68@group-A93631B5CC8E-FollowerState
2023-08-31 18:21:29,686 [1126cc3a-7ff0-4671-a31f-fd81ce02ef68@group-A93631B5CC8E-FollowerState] INFO  impl.FollowerState (FollowerState.java:run(152)) - 1126cc3a-7ff0-4671-a31f-fd81ce02ef68@group-A93631B5CC8E-FollowerState was interrupted
2023-08-31 18:21:29,689 [grpc-default-executor-0] INFO  server.RaftServer$Division (RaftServerImpl.java:requestVote(1335)) - 1126cc3a-7ff0-4671-a31f-fd81ce02ef68@group-A93631B5CC8E replies to ELECTION vote request: 626d1c86-c74d-4c1d-990a-e37ed735d25b<-1126cc3a-7ff0-4671-a31f-fd81ce02ef68#0:OK-t1. Peer's state: 1126cc3a-7ff0-4671-a31f-fd81ce02ef68@group-A93631B5CC8E:t1, leader=null, voted=626d1c86-c74d-4c1d-990a-e37ed735d25b, raftlog=Memoized:1126cc3a-7ff0-4671-a31f-fd81ce02ef68@group-A93631B5CC8E-SegmentedRaftLog:OPENED:c-1, conf=-1: peers:[1126cc3a-7ff0-4671-a31f-fd81ce02ef68|rpc:10.1.0.8:15191|admin:10.1.0.8:15190|client:10.1.0.8:15189|dataStream:10.1.0.8:15192|priority:0|startupRole:FOLLOWER, 626d1c86-c74d-4c1d-990a-e37ed735d25b|rpc:10.1.0.8:15173|admin:10.1.0.8:15172|client:10.1.0.8:15171|dataStream:10.1.0.8:15174|priority:1|startupRole:FOLLOWER, 960d1597-fbff-49c3-85b3-41c3f78a7ab6|rpc:10.1.0.8:15182|admin:10.1.0.8:15181|client:10.1.0.8:15180|dataStream:10.1.0.8:15183|priority:0|startupRole:FOLLOWER]|listeners:[], old=null
2023-08-31 18:21:29,690 [grpc-default-executor-1] INFO  server.RaftServer$Division (RaftServerImpl.java:requestVote(1302)) - 960d1597-fbff-49c3-85b3-41c3f78a7ab6@group-A93631B5CC8E: receive requestVote(ELECTION, 626d1c86-c74d-4c1d-990a-e37ed735d25b, group-A93631B5CC8E, 1, (t:0, i:0))
2023-08-31 18:21:29,691 [grpc-default-executor-1] INFO  impl.VoteContext (VoteContext.java:log(49)) - 960d1597-fbff-49c3-85b3-41c3f78a7ab6@group-A93631B5CC8E-FOLLOWER: accept ELECTION from 626d1c86-c74d-4c1d-990a-e37ed735d25b: our priority 0 <= candidate's priority 1
2023-08-31 18:21:29,691 [grpc-default-executor-1] INFO  server.RaftServer$Division (RaftServerImpl.java:setRole(329)) - 960d1597-fbff-49c3-85b3-41c3f78a7ab6@group-A93631B5CC8E: changes role from  FOLLOWER to FOLLOWER at term 1 for candidate:626d1c86-c74d-4c1d-990a-e37ed735d25b
2023-08-31 18:21:29,691 [grpc-default-executor-1] INFO  impl.RoleInfo (RoleInfo.java:shutdownFollowerState(110)) - 960d1597-fbff-49c3-85b3-41c3f78a7ab6: shutdown 960d1597-fbff-49c3-85b3-41c3f78a7ab6@group-A93631B5CC8E-FollowerState
2023-08-31 18:21:29,691 [grpc-default-executor-1] INFO  impl.RoleInfo (RoleInfo.java:updateAndGet(139)) - 960d1597-fbff-49c3-85b3-41c3f78a7ab6: start 960d1597-fbff-49c3-85b3-41c3f78a7ab6@group-A93631B5CC8E-FollowerState
2023-08-31 18:21:29,692 [960d1597-fbff-49c3-85b3-41c3f78a7ab6@group-A93631B5CC8E-FollowerState] INFO  impl.FollowerState (FollowerState.java:run(152)) - 960d1597-fbff-49c3-85b3-41c3f78a7ab6@group-A93631B5CC8E-FollowerState was interrupted
2023-08-31 18:21:29,692 [626d1c86-c74d-4c1d-990a-e37ed735d25b@group-A93631B5CC8E-LeaderElection31] INFO  impl.LeaderElection (LeaderElection.java:logAndReturn(90)) - 626d1c86-c74d-4c1d-990a-e37ed735d25b@group-A93631B5CC8E-LeaderElection31: ELECTION PASSED received 1 response(s) and 0 exception(s):
2023-08-31 18:21:29,692 [626d1c86-c74d-4c1d-990a-e37ed735d25b@group-A93631B5CC8E-LeaderElection31] INFO  impl.LeaderElection (LeaderElection.java:logAndReturn(94)) -   Response 0: 626d1c86-c74d-4c1d-990a-e37ed735d25b<-1126cc3a-7ff0-4671-a31f-fd81ce02ef68#0:OK-t1
2023-08-31 18:21:29,692 [626d1c86-c74d-4c1d-990a-e37ed735d25b@group-A93631B5CC8E-LeaderElection31] INFO  impl.LeaderElection (LeaderElection.java:askForVotes(323)) - 626d1c86-c74d-4c1d-990a-e37ed735d25b@group-A93631B5CC8E-LeaderElection31 ELECTION round 0: result PASSED
2023-08-31 18:21:29,692 [626d1c86-c74d-4c1d-990a-e37ed735d25b@group-A93631B5CC8E-LeaderElection31] INFO  impl.RoleInfo (RoleInfo.java:shutdownLeaderElection(130)) - 626d1c86-c74d-4c1d-990a-e37ed735d25b: shutdown 626d1c86-c74d-4c1d-990a-e37ed735d25b@group-A93631B5CC8E-LeaderElection31
2023-08-31 18:21:29,692 [626d1c86-c74d-4c1d-990a-e37ed735d25b@group-A93631B5CC8E-LeaderElection31] INFO  server.RaftServer$Division (RaftServerImpl.java:setRole(329)) - 626d1c86-c74d-4c1d-990a-e37ed735d25b@group-A93631B5CC8E: changes role from CANDIDATE to LEADER at term 1 for changeToLeader
2023-08-31 18:21:29,692 [626d1c86-c74d-4c1d-990a-e37ed735d25b@group-A93631B5CC8E-LeaderElection31] INFO  ratis.XceiverServerRatis (XceiverServerRatis.java:handleLeaderChangedNotification(902)) - Leader change notification received for group: group-A93631B5CC8E with new leaderId: 626d1c86-c74d-4c1d-990a-e37ed735d25b
2023-08-31 18:21:29,697 [grpc-default-executor-1] INFO  server.RaftServer$Division (RaftServerImpl.java:requestVote(1335)) - 960d1597-fbff-49c3-85b3-41c3f78a7ab6@group-A93631B5CC8E replies to ELECTION vote request: 626d1c86-c74d-4c1d-990a-e37ed735d25b<-960d1597-fbff-49c3-85b3-41c3f78a7ab6#0:OK-t1. Peer's state: 960d1597-fbff-49c3-85b3-41c3f78a7ab6@group-A93631B5CC8E:t1, leader=null, voted=626d1c86-c74d-4c1d-990a-e37ed735d25b, raftlog=Memoized:960d1597-fbff-49c3-85b3-41c3f78a7ab6@group-A93631B5CC8E-SegmentedRaftLog:OPENED:c-1, conf=-1: peers:[1126cc3a-7ff0-4671-a31f-fd81ce02ef68|rpc:10.1.0.8:15191|admin:10.1.0.8:15190|client:10.1.0.8:15189|dataStream:10.1.0.8:15192|priority:0|startupRole:FOLLOWER, 626d1c86-c74d-4c1d-990a-e37ed735d25b|rpc:10.1.0.8:15173|admin:10.1.0.8:15172|client:10.1.0.8:15171|dataStream:10.1.0.8:15174|priority:1|startupRole:FOLLOWER, 960d1597-fbff-49c3-85b3-41c3f78a7ab6|rpc:10.1.0.8:15182|admin:10.1.0.8:15181|client:10.1.0.8:15180|dataStream:10.1.0.8:15183|priority:0|startupRole:FOLLOWER]|listeners:[], old=null
2023-08-31 18:21:29,701 [626d1c86-c74d-4c1d-990a-e37ed735d25b@group-A93631B5CC8E-LeaderElection31] INFO  server.RaftServer$Division (ServerState.java:setLeader(317)) - 626d1c86-c74d-4c1d-990a-e37ed735d25b@group-A93631B5CC8E: change Leader from null to 626d1c86-c74d-4c1d-990a-e37ed735d25b at term 1 for becomeLeader, leader elected after 5214ms
2023-08-31 18:21:29,701 [626d1c86-c74d-4c1d-990a-e37ed735d25b@group-A93631B5CC8E-LeaderElection31] INFO  server.RaftServerConfigKeys (ConfUtils.java:logGet(46)) - raft.server.staging.catchup.gap = 1000 (default)
2023-08-31 18:21:29,701 [626d1c86-c74d-4c1d-990a-e37ed735d25b@group-A93631B5CC8E-LeaderElection31] INFO  server.RaftServerConfigKeys (ConfUtils.java:logGet(46)) - raft.server.write.element-limit = 1024 (custom)
2023-08-31 18:21:29,701 [626d1c86-c74d-4c1d-990a-e37ed735d25b@group-A93631B5CC8E-LeaderElection31] INFO  server.RaftServerConfigKeys (ConfUtils.java:logGet(46)) - raft.server.write.byte-limit = 1024 M (=1073741824) (custom)
2023-08-31 18:21:29,702 [626d1c86-c74d-4c1d-990a-e37ed735d25b@group-A93631B5CC8E-LeaderElection31] INFO  server.RaftServerConfigKeys (ConfUtils.java:logGet(46)) - raft.server.watch.timeout = 180s (custom)
2023-08-31 18:21:29,702 [626d1c86-c74d-4c1d-990a-e37ed735d25b@group-A93631B5CC8E-LeaderElection31] INFO  server.RaftServerConfigKeys (ConfUtils.java:logGet(46)) - raft.server.watch.timeout.denomination = 1s (default)
2023-08-31 18:21:29,702 [626d1c86-c74d-4c1d-990a-e37ed735d25b@group-A93631B5CC8E-LeaderElection31] INFO  server.RaftServerConfigKeys (ConfUtils.java:logGet(46)) - raft.server.watch.element-limit = 65536 (default)
2023-08-31 18:21:29,702 [626d1c86-c74d-4c1d-990a-e37ed735d25b@group-A93631B5CC8E-LeaderElection31] INFO  server.RaftServerConfigKeys (ConfUtils.java:logGet(46)) - raft.server.write.element-limit = 1024 (custom)
2023-08-31 18:21:29,702 [626d1c86-c74d-4c1d-990a-e37ed735d25b@group-A93631B5CC8E-LeaderElection31] INFO  server.RaftServerConfigKeys (ConfUtils.java:logGet(46)) - raft.server.write.follower.gap.ratio.max = -1.0 (default)
2023-08-31 18:21:29,702 [626d1c86-c74d-4c1d-990a-e37ed735d25b@group-A93631B5CC8E-LeaderElection31] INFO  server.RaftServerConfigKeys (ConfUtils.java:logGet(46)) - raft.server.log.appender.snapshot.chunk.size.max = 16MB (=16777216) (default)
2023-08-31 18:21:29,702 [626d1c86-c74d-4c1d-990a-e37ed735d25b@group-A93631B5CC8E-LeaderElection31] INFO  server.RaftServerConfigKeys (ConfUtils.java:logGet(46)) - raft.server.log.appender.buffer.byte-limit = 33554432 (custom)
2023-08-31 18:21:29,702 [626d1c86-c74d-4c1d-990a-e37ed735d25b@group-A93631B5CC8E-LeaderElection31] INFO  server.RaftServerConfigKeys (ConfUtils.java:logGet(46)) - raft.server.log.appender.buffer.element-limit = 1 (custom)
2023-08-31 18:21:29,703 [626d1c86-c74d-4c1d-990a-e37ed735d25b@group-A93631B5CC8E-LeaderElection31] INFO  server.RaftServerConfigKeys (ConfUtils.java:logGet(46)) - raft.server.log.appender.wait-time.min = 10ms (default)
2023-08-31 18:21:29,703 [626d1c86-c74d-4c1d-990a-e37ed735d25b@group-A93631B5CC8E-LeaderElection31] INFO  grpc.GrpcConfigKeys (ConfUtils.java:logGet(46)) - raft.grpc.server.leader.outstanding.appends.max = 128 (default)
2023-08-31 18:21:29,703 [626d1c86-c74d-4c1d-990a-e37ed735d25b@group-A93631B5CC8E-LeaderElection31] INFO  server.RaftServerConfigKeys (ConfUtils.java:logGet(46)) - raft.server.rpc.request.timeout = 60s (custom)
2023-08-31 18:21:29,703 [626d1c86-c74d-4c1d-990a-e37ed735d25b@group-A93631B5CC8E-LeaderElection31] INFO  grpc.GrpcConfigKeys (ConfUtils.java:logGet(46)) - raft.grpc.server.install_snapshot.request.element-limit = 8 (default)
2023-08-31 18:21:29,703 [626d1c86-c74d-4c1d-990a-e37ed735d25b@group-A93631B5CC8E-LeaderElection31] INFO  grpc.GrpcConfigKeys (ConfUtils.java:logGet(46)) - raft.grpc.server.install_snapshot.request.timeout = 3000ms (default)
2023-08-31 18:21:29,703 [626d1c86-c74d-4c1d-990a-e37ed735d25b@group-A93631B5CC8E-LeaderElection31] INFO  server.RaftServerConfigKeys (ConfUtils.java:logGet(46)) - raft.server.log.appender.install.snapshot.enabled = false (custom)
2023-08-31 18:21:29,703 [626d1c86-c74d-4c1d-990a-e37ed735d25b@group-A93631B5CC8E-LeaderElection31] INFO  grpc.GrpcConfigKeys (ConfUtils.java:logGet(46)) - raft.grpc.server.heartbeat.channel = true (default)
2023-08-31 18:21:29,703 [626d1c86-c74d-4c1d-990a-e37ed735d25b@group-A93631B5CC8E-LeaderElection31] INFO  server.RaftServerConfigKeys (ConfUtils.java:logGet(46)) - raft.server.log.appender.snapshot.chunk.size.max = 16MB (=16777216) (default)
2023-08-31 18:21:29,703 [626d1c86-c74d-4c1d-990a-e37ed735d25b@group-A93631B5CC8E-LeaderElection31] INFO  server.RaftServerConfigKeys (ConfUtils.java:logGet(46)) - raft.server.log.appender.buffer.byte-limit = 33554432 (custom)
2023-08-31 18:21:29,705 [626d1c86-c74d-4c1d-990a-e37ed735d25b@group-A93631B5CC8E-LeaderElection31] INFO  server.RaftServerConfigKeys (ConfUtils.java:logGet(46)) - raft.server.log.appender.buffer.element-limit = 1 (custom)
2023-08-31 18:21:29,705 [626d1c86-c74d-4c1d-990a-e37ed735d25b@group-6E0C8D75BA96-FollowerState] INFO  impl.FollowerState (FollowerState.java:run(143)) - 626d1c86-c74d-4c1d-990a-e37ed735d25b@group-6E0C8D75BA96-FollowerState: change to CANDIDATE, lastRpcElapsedTime:5086655136ns, electionTimeout:5083ms
2023-08-31 18:21:29,706 [626d1c86-c74d-4c1d-990a-e37ed735d25b@group-A93631B5CC8E-LeaderElection31] INFO  server.RaftServerConfigKeys (ConfUtils.java:logGet(46)) - raft.server.log.appender.wait-time.min = 10ms (default)
2023-08-31 18:21:29,706 [626d1c86-c74d-4c1d-990a-e37ed735d25b@group-6E0C8D75BA96-FollowerState] INFO  impl.RoleInfo (RoleInfo.java:shutdownFollowerState(110)) - 626d1c86-c74d-4c1d-990a-e37ed735d25b: shutdown 626d1c86-c74d-4c1d-990a-e37ed735d25b@group-6E0C8D75BA96-FollowerState
2023-08-31 18:21:29,706 [626d1c86-c74d-4c1d-990a-e37ed735d25b@group-A93631B5CC8E-LeaderElection31] INFO  grpc.GrpcConfigKeys (ConfUtils.java:logGet(46)) - raft.grpc.server.leader.outstanding.appends.max = 128 (default)
2023-08-31 18:21:29,706 [EventQueue-OpenPipelineForHealthyPipelineSafeModeRule] INFO  safemode.SCMSafeModeManager (HealthyPipelineSafeModeRule.java:process(137)) - SCM in safe mode. Healthy pipelines reported count is 0, required healthy pipeline reported count is 1
2023-08-31 18:21:29,706 [626d1c86-c74d-4c1d-990a-e37ed735d25b@group-A93631B5CC8E-LeaderElection31] INFO  server.RaftServerConfigKeys (ConfUtils.java:logGet(46)) - raft.server.rpc.request.timeout = 60s (custom)
2023-08-31 18:21:29,706 [EventQueue-PipelineReportForPipelineReportHandler] INFO  pipeline.PipelineReportHandler (PipelineReportHandler.java:processPipelineReport(136)) - Opened pipeline PipelineID=c47d7b28-5906-4b51-b110-a93631b5cc8e
2023-08-31 18:21:29,706 [626d1c86-c74d-4c1d-990a-e37ed735d25b@group-6E0C8D75BA96-FollowerState] INFO  server.RaftServer$Division (RaftServerImpl.java:setRole(329)) - 626d1c86-c74d-4c1d-990a-e37ed735d25b@group-6E0C8D75BA96: changes role from  FOLLOWER to CANDIDATE at term 0 for changeToCandidate
2023-08-31 18:21:29,706 [EventQueue-OpenPipelineForHealthyPipelineSafeModeRule] INFO  safemode.SCMSafeModeManager (HealthyPipelineSafeModeRule.java:process(137)) - SCM in safe mode. Healthy pipelines reported count is 1, required healthy pipeline reported count is 1
2023-08-31 18:21:29,707 [626d1c86-c74d-4c1d-990a-e37ed735d25b@group-6E0C8D75BA96-FollowerState] INFO  server.RaftServerConfigKeys (ConfUtils.java:logGet(46)) - raft.server.leaderelection.pre-vote = true (default)
2023-08-31 18:21:29,707 [626d1c86-c74d-4c1d-990a-e37ed735d25b@group-A93631B5CC8E-LeaderElection31] INFO  grpc.GrpcConfigKeys (ConfUtils.java:logGet(46)) - raft.grpc.server.install_snapshot.request.element-limit = 8 (default)
2023-08-31 18:21:29,707 [626d1c86-c74d-4c1d-990a-e37ed735d25b@group-6E0C8D75BA96-FollowerState] INFO  impl.RoleInfo (RoleInfo.java:updateAndGet(139)) - 626d1c86-c74d-4c1d-990a-e37ed735d25b: start 626d1c86-c74d-4c1d-990a-e37ed735d25b@group-6E0C8D75BA96-LeaderElection32
2023-08-31 18:21:29,707 [626d1c86-c74d-4c1d-990a-e37ed735d25b@group-A93631B5CC8E-LeaderElection31] INFO  grpc.GrpcConfigKeys (ConfUtils.java:logGet(46)) - raft.grpc.server.install_snapshot.request.timeout = 3000ms (default)
2023-08-31 18:21:29,707 [EventQueue-OpenPipelineForHealthyPipelineSafeModeRule] INFO  safemode.SCMSafeModeManager (SCMSafeModeManager.java:validateSafeModeExitRules(200)) - HealthyPipelineSafeModeRule rule is successfully validated
2023-08-31 18:21:29,707 [EventQueue-OpenPipelineForHealthyPipelineSafeModeRule] INFO  safemode.SCMSafeModeManager (SCMSafeModeManager.java:validateSafeModeExitRules(215)) - ScmSafeModeManager, all rules are successfully validated
2023-08-31 18:21:29,707 [EventQueue-OpenPipelineForHealthyPipelineSafeModeRule] INFO  safemode.SCMSafeModeManager (SCMSafeModeManager.java:exitSafeMode(244)) - SCM exiting safe mode.
2023-08-31 18:21:29,707 [EventQueue-OpenPipelineForHealthyPipelineSafeModeRule] INFO  ha.SCMContext (SCMContext.java:updateSafeModeStatus(228)) - Update SafeModeStatus from SafeModeStatus{safeModeStatus=true, preCheckPassed=true} to SafeModeStatus{safeModeStatus=false, preCheckPassed=true}.
2023-08-31 18:21:29,707 [EventQueue-OpenPipelineForHealthyPipelineSafeModeRule] INFO  pipeline.BackgroundPipelineCreator (BackgroundPipelineCreator.java:notifyStatusChanged(255)) - Service BackgroundPipelineCreator transitions to RUNNING.
2023-08-31 18:21:29,707 [EventQueue-OpenPipelineForHealthyPipelineSafeModeRule] INFO  BackgroundPipelineScrubber (BackgroundSCMService.java:notifyStatusChanged(82)) - Service BackgroundPipelineScrubber transitions to RUNNING.
2023-08-31 18:21:29,707 [EventQueue-OpenPipelineForHealthyPipelineSafeModeRule] INFO  ExpiredContainerReplicaOpScrubber (BackgroundSCMService.java:notifyStatusChanged(82)) - Service ExpiredContainerReplicaOpScrubber transitions to RUNNING.
2023-08-31 18:21:29,707 [EventQueue-OpenPipelineForHealthyPipelineSafeModeRule] INFO  replication.ReplicationManager (ReplicationManager.java:notifyStatusChanged(1370)) - Service ReplicationManager transitions to RUNNING.
2023-08-31 18:21:29,708 [EventQueue-OpenPipelineForHealthyPipelineSafeModeRule] WARN  balancer.ContainerBalancer (ContainerBalancer.java:shouldRun(134)) - Could not find persisted configuration for ContainerBalancer when checking if ContainerBalancer should run. ContainerBalancer should not run now.
2023-08-31 18:21:29,708 [1126cc3a-7ff0-4671-a31f-fd81ce02ef68@group-6E0C8D75BA96-FollowerState] INFO  impl.FollowerState (FollowerState.java:run(143)) - 1126cc3a-7ff0-4671-a31f-fd81ce02ef68@group-6E0C8D75BA96-FollowerState: change to CANDIDATE, lastRpcElapsedTime:5060294658ns, electionTimeout:5056ms
2023-08-31 18:21:29,708 [1126cc3a-7ff0-4671-a31f-fd81ce02ef68@group-6E0C8D75BA96-FollowerState] INFO  impl.RoleInfo (RoleInfo.java:shutdownFollowerState(110)) - 1126cc3a-7ff0-4671-a31f-fd81ce02ef68: shutdown 1126cc3a-7ff0-4671-a31f-fd81ce02ef68@group-6E0C8D75BA96-FollowerState
2023-08-31 18:21:29,708 [1126cc3a-7ff0-4671-a31f-fd81ce02ef68@group-6E0C8D75BA96-FollowerState] INFO  server.RaftServer$Division (RaftServerImpl.java:setRole(329)) - 1126cc3a-7ff0-4671-a31f-fd81ce02ef68@group-6E0C8D75BA96: changes role from  FOLLOWER to CANDIDATE at term 0 for changeToCandidate
2023-08-31 18:21:29,708 [626d1c86-c74d-4c1d-990a-e37ed735d25b@group-A93631B5CC8E-LeaderElection31] INFO  server.RaftServerConfigKeys (ConfUtils.java:logGet(46)) - raft.server.log.appender.install.snapshot.enabled = false (custom)
2023-08-31 18:21:29,708 [626d1c86-c74d-4c1d-990a-e37ed735d25b@group-A93631B5CC8E-LeaderElection31] INFO  grpc.GrpcConfigKeys (ConfUtils.java:logGet(46)) - raft.grpc.server.heartbeat.channel = true (default)
2023-08-31 18:21:29,708 [626d1c86-c74d-4c1d-990a-e37ed735d25b@group-A93631B5CC8E-LeaderElection31] INFO  impl.RoleInfo (RoleInfo.java:updateAndGet(139)) - 626d1c86-c74d-4c1d-990a-e37ed735d25b: start 626d1c86-c74d-4c1d-990a-e37ed735d25b@group-A93631B5CC8E-LeaderStateImpl
2023-08-31 18:21:29,708 [626d1c86-c74d-4c1d-990a-e37ed735d25b@group-A93631B5CC8E-LeaderElection31] INFO  segmented.SegmentedRaftLogWorker (SegmentedRaftLogWorker.java:startLogSegment(447)) - 626d1c86-c74d-4c1d-990a-e37ed735d25b@group-A93631B5CC8E-SegmentedRaftLogWorker: Starting segment from index:0
2023-08-31 18:21:29,712 [1126cc3a-7ff0-4671-a31f-fd81ce02ef68@group-6E0C8D75BA96-FollowerState] INFO  server.RaftServerConfigKeys (ConfUtils.java:logGet(46)) - raft.server.leaderelection.pre-vote = true (default)
2023-08-31 18:21:29,712 [1126cc3a-7ff0-4671-a31f-fd81ce02ef68@group-6E0C8D75BA96-FollowerState] INFO  impl.RoleInfo (RoleInfo.java:updateAndGet(139)) - 1126cc3a-7ff0-4671-a31f-fd81ce02ef68: start 1126cc3a-7ff0-4671-a31f-fd81ce02ef68@group-6E0C8D75BA96-LeaderElection33
2023-08-31 18:21:29,718 [626d1c86-c74d-4c1d-990a-e37ed735d25b@group-A93631B5CC8E-SegmentedRaftLogWorker] INFO  segmented.SegmentedRaftLogWorker (SegmentedRaftLogWorker.java:execute(651)) - 626d1c86-c74d-4c1d-990a-e37ed735d25b@group-A93631B5CC8E-SegmentedRaftLogWorker: created new log segment /home/runner/work/ozone/ozone/hadoop-ozone/integration-test/target/test-dir/MiniOzoneClusterImpl-2bd935e6-826e-4dca-83cf-32fa945e0037/datanode-0/data/ratis/c47d7b28-5906-4b51-b110-a93631b5cc8e/current/log_inprogress_0
2023-08-31 18:21:29,723 [626d1c86-c74d-4c1d-990a-e37ed735d25b@group-6E0C8D75BA96-LeaderElection32] INFO  impl.LeaderElection (LeaderElection.java:askForVotes(321)) - 626d1c86-c74d-4c1d-990a-e37ed735d25b@group-6E0C8D75BA96-LeaderElection32 PRE_VOTE round 0: submit vote requests at term 0 for -1: peers:[1126cc3a-7ff0-4671-a31f-fd81ce02ef68|rpc:10.1.0.8:15191|admin:10.1.0.8:15190|client:10.1.0.8:15189|dataStream:10.1.0.8:15192|priority:1|startupRole:FOLLOWER, 626d1c86-c74d-4c1d-990a-e37ed735d25b|rpc:10.1.0.8:15173|admin:10.1.0.8:15172|client:10.1.0.8:15171|dataStream:10.1.0.8:15174|priority:0|startupRole:FOLLOWER, 960d1597-fbff-49c3-85b3-41c3f78a7ab6|rpc:10.1.0.8:15182|admin:10.1.0.8:15181|client:10.1.0.8:15180|dataStream:10.1.0.8:15183|priority:0|startupRole:FOLLOWER]|listeners:[], old=null
2023-08-31 18:21:29,723 [626d1c86-c74d-4c1d-990a-e37ed735d25b@group-A93631B5CC8E-LeaderElection31] INFO  server.RaftServer$Division (ServerState.java:setRaftConf(434)) - 626d1c86-c74d-4c1d-990a-e37ed735d25b@group-A93631B5CC8E: set configuration 0: peers:[1126cc3a-7ff0-4671-a31f-fd81ce02ef68|rpc:10.1.0.8:15191|admin:10.1.0.8:15190|client:10.1.0.8:15189|dataStream:10.1.0.8:15192|priority:0|startupRole:FOLLOWER, 626d1c86-c74d-4c1d-990a-e37ed735d25b|rpc:10.1.0.8:15173|admin:10.1.0.8:15172|client:10.1.0.8:15171|dataStream:10.1.0.8:15174|priority:1|startupRole:FOLLOWER, 960d1597-fbff-49c3-85b3-41c3f78a7ab6|rpc:10.1.0.8:15182|admin:10.1.0.8:15181|client:10.1.0.8:15180|dataStream:10.1.0.8:15183|priority:0|startupRole:FOLLOWER]|listeners:[], old=null
2023-08-31 18:21:29,723 [1126cc3a-7ff0-4671-a31f-fd81ce02ef68@group-6E0C8D75BA96-LeaderElection33] INFO  impl.LeaderElection (LeaderElection.java:askForVotes(321)) - 1126cc3a-7ff0-4671-a31f-fd81ce02ef68@group-6E0C8D75BA96-LeaderElection33 PRE_VOTE round 0: submit vote requests at term 0 for -1: peers:[1126cc3a-7ff0-4671-a31f-fd81ce02ef68|rpc:10.1.0.8:15191|admin:10.1.0.8:15190|client:10.1.0.8:15189|dataStream:10.1.0.8:15192|priority:1|startupRole:FOLLOWER, 626d1c86-c74d-4c1d-990a-e37ed735d25b|rpc:10.1.0.8:15173|admin:10.1.0.8:15172|client:10.1.0.8:15171|dataStream:10.1.0.8:15174|priority:0|startupRole:FOLLOWER, 960d1597-fbff-49c3-85b3-41c3f78a7ab6|rpc:10.1.0.8:15182|admin:10.1.0.8:15181|client:10.1.0.8:15180|dataStream:10.1.0.8:15183|priority:0|startupRole:FOLLOWER]|listeners:[], old=null
2023-08-31 18:21:29,724 [626d1c86-c74d-4c1d-990a-e37ed735d25b@group-6E0C8D75BA96-LeaderElection32] INFO  server.RaftServerConfigKeys (ConfUtils.java:logFallback(53)) - raft.server.rpc.first-election.timeout.min = 5s (fallback to raft.server.rpc.timeout.min)
2023-08-31 18:21:29,724 [626d1c86-c74d-4c1d-990a-e37ed735d25b@group-6E0C8D75BA96-LeaderElection32] INFO  server.RaftServerConfigKeys (ConfUtils.java:logFallback(53)) - raft.server.rpc.first-election.timeout.max = 5200ms (fallback to raft.server.rpc.timeout.max)
2023-08-31 18:21:29,724 [960d1597-fbff-49c3-85b3-41c3f78a7ab6@group-6E0C8D75BA96-FollowerState] INFO  impl.FollowerState (FollowerState.java:run(143)) - 960d1597-fbff-49c3-85b3-41c3f78a7ab6@group-6E0C8D75BA96-FollowerState: change to CANDIDATE, lastRpcElapsedTime:5038512394ns, electionTimeout:5038ms
2023-08-31 18:21:29,724 [960d1597-fbff-49c3-85b3-41c3f78a7ab6@group-6E0C8D75BA96-FollowerState] INFO  impl.RoleInfo (RoleInfo.java:shutdownFollowerState(110)) - 960d1597-fbff-49c3-85b3-41c3f78a7ab6: shutdown 960d1597-fbff-49c3-85b3-41c3f78a7ab6@group-6E0C8D75BA96-FollowerState
2023-08-31 18:21:29,724 [960d1597-fbff-49c3-85b3-41c3f78a7ab6@group-6E0C8D75BA96-FollowerState] INFO  server.RaftServer$Division (RaftServerImpl.java:setRole(329)) - 960d1597-fbff-49c3-85b3-41c3f78a7ab6@group-6E0C8D75BA96: changes role from  FOLLOWER to CANDIDATE at term 0 for changeToCandidate
2023-08-31 18:21:29,727 [1126cc3a-7ff0-4671-a31f-fd81ce02ef68@group-6E0C8D75BA96-LeaderElection33] INFO  server.RaftServerConfigKeys (ConfUtils.java:logFallback(53)) - raft.server.rpc.first-election.timeout.min = 5s (fallback to raft.server.rpc.timeout.min)
2023-08-31 18:21:29,727 [1126cc3a-7ff0-4671-a31f-fd81ce02ef68@group-6E0C8D75BA96-LeaderElection33] INFO  server.RaftServerConfigKeys (ConfUtils.java:logFallback(53)) - raft.server.rpc.first-election.timeout.max = 5200ms (fallback to raft.server.rpc.timeout.max)
2023-08-31 18:21:29,730 [960d1597-fbff-49c3-85b3-41c3f78a7ab6@group-6E0C8D75BA96-FollowerState] INFO  server.RaftServerConfigKeys (ConfUtils.java:logGet(46)) - raft.server.leaderelection.pre-vote = true (default)
2023-08-31 18:21:29,730 [960d1597-fbff-49c3-85b3-41c3f78a7ab6@group-6E0C8D75BA96-FollowerState] INFO  impl.RoleInfo (RoleInfo.java:updateAndGet(139)) - 960d1597-fbff-49c3-85b3-41c3f78a7ab6: start 960d1597-fbff-49c3-85b3-41c3f78a7ab6@group-6E0C8D75BA96-LeaderElection34
2023-08-31 18:21:29,731 [1126cc3a-7ff0-4671-a31f-fd81ce02ef68@group-6E0C8D75BA96-LeaderElection33-1] INFO  server.GrpcServerProtocolClient (GrpcServerProtocolClient.java:<init>(65)) - Build channel for 626d1c86-c74d-4c1d-990a-e37ed735d25b
2023-08-31 18:21:29,735 [1126cc3a-7ff0-4671-a31f-fd81ce02ef68@group-6E0C8D75BA96-LeaderElection33-2] INFO  server.GrpcServerProtocolClient (GrpcServerProtocolClient.java:<init>(65)) - Build channel for 960d1597-fbff-49c3-85b3-41c3f78a7ab6
2023-08-31 18:21:29,740 [grpc-default-executor-1] INFO  server.RaftServer$Division (RaftServerImpl.java:requestVote(1302)) - 960d1597-fbff-49c3-85b3-41c3f78a7ab6@group-6E0C8D75BA96: receive requestVote(PRE_VOTE, 626d1c86-c74d-4c1d-990a-e37ed735d25b, group-6E0C8D75BA96, 0, (t:0, i:0))
2023-08-31 18:21:29,741 [grpc-default-executor-1] INFO  impl.VoteContext (VoteContext.java:log(49)) - 960d1597-fbff-49c3-85b3-41c3f78a7ab6@group-6E0C8D75BA96-CANDIDATE: accept PRE_VOTE from 626d1c86-c74d-4c1d-990a-e37ed735d25b: our priority 0 <= candidate's priority 0
2023-08-31 18:21:29,741 [grpc-default-executor-1] INFO  server.RaftServer$Division (RaftServerImpl.java:requestVote(1335)) - 960d1597-fbff-49c3-85b3-41c3f78a7ab6@group-6E0C8D75BA96 replies to PRE_VOTE vote request: 626d1c86-c74d-4c1d-990a-e37ed735d25b<-960d1597-fbff-49c3-85b3-41c3f78a7ab6#0:OK-t0. Peer's state: 960d1597-fbff-49c3-85b3-41c3f78a7ab6@group-6E0C8D75BA96:t0, leader=null, voted=, raftlog=Memoized:960d1597-fbff-49c3-85b3-41c3f78a7ab6@group-6E0C8D75BA96-SegmentedRaftLog:OPENED:c-1, conf=-1: peers:[1126cc3a-7ff0-4671-a31f-fd81ce02ef68|rpc:10.1.0.8:15191|admin:10.1.0.8:15190|client:10.1.0.8:15189|dataStream:10.1.0.8:15192|priority:1|startupRole:FOLLOWER, 626d1c86-c74d-4c1d-990a-e37ed735d25b|rpc:10.1.0.8:15173|admin:10.1.0.8:15172|client:10.1.0.8:15171|dataStream:10.1.0.8:15174|priority:0|startupRole:FOLLOWER, 960d1597-fbff-49c3-85b3-41c3f78a7ab6|rpc:10.1.0.8:15182|admin:10.1.0.8:15181|client:10.1.0.8:15180|dataStream:10.1.0.8:15183|priority:0|startupRole:FOLLOWER]|listeners:[], old=null
2023-08-31 18:21:29,744 [960d1597-fbff-49c3-85b3-41c3f78a7ab6@group-6E0C8D75BA96-LeaderElection34] INFO  impl.LeaderElection (LeaderElection.java:askForVotes(321)) - 960d1597-fbff-49c3-85b3-41c3f78a7ab6@group-6E0C8D75BA96-LeaderElection34 PRE_VOTE round 0: submit vote requests at term 0 for -1: peers:[1126cc3a-7ff0-4671-a31f-fd81ce02ef68|rpc:10.1.0.8:15191|admin:10.1.0.8:15190|client:10.1.0.8:15189|dataStream:10.1.0.8:15192|priority:1|startupRole:FOLLOWER, 626d1c86-c74d-4c1d-990a-e37ed735d25b|rpc:10.1.0.8:15173|admin:10.1.0.8:15172|client:10.1.0.8:15171|dataStream:10.1.0.8:15174|priority:0|startupRole:FOLLOWER, 960d1597-fbff-49c3-85b3-41c3f78a7ab6|rpc:10.1.0.8:15182|admin:10.1.0.8:15181|client:10.1.0.8:15180|dataStream:10.1.0.8:15183|priority:0|startupRole:FOLLOWER]|listeners:[], old=null
2023-08-31 18:21:29,750 [grpc-default-executor-3] INFO  server.RaftServer$Division (RaftServerImpl.java:requestVote(1302)) - 1126cc3a-7ff0-4671-a31f-fd81ce02ef68@group-6E0C8D75BA96: receive requestVote(PRE_VOTE, 626d1c86-c74d-4c1d-990a-e37ed735d25b, group-6E0C8D75BA96, 0, (t:0, i:0))
2023-08-31 18:21:29,750 [grpc-default-executor-3] INFO  impl.VoteContext (VoteContext.java:log(49)) - 1126cc3a-7ff0-4671-a31f-fd81ce02ef68@group-6E0C8D75BA96-CANDIDATE: reject PRE_VOTE from 626d1c86-c74d-4c1d-990a-e37ed735d25b: our priority 1 > candidate's priority 0
2023-08-31 18:21:29,750 [grpc-default-executor-3] INFO  server.RaftServer$Division (RaftServerImpl.java:requestVote(1335)) - 1126cc3a-7ff0-4671-a31f-fd81ce02ef68@group-6E0C8D75BA96 replies to PRE_VOTE vote request: 626d1c86-c74d-4c1d-990a-e37ed735d25b<-1126cc3a-7ff0-4671-a31f-fd81ce02ef68#0:FAIL-t0. Peer's state: 1126cc3a-7ff0-4671-a31f-fd81ce02ef68@group-6E0C8D75BA96:t0, leader=null, voted=, raftlog=Memoized:1126cc3a-7ff0-4671-a31f-fd81ce02ef68@group-6E0C8D75BA96-SegmentedRaftLog:OPENED:c-1, conf=-1: peers:[1126cc3a-7ff0-4671-a31f-fd81ce02ef68|rpc:10.1.0.8:15191|admin:10.1.0.8:15190|client:10.1.0.8:15189|dataStream:10.1.0.8:15192|priority:1|startupRole:FOLLOWER, 626d1c86-c74d-4c1d-990a-e37ed735d25b|rpc:10.1.0.8:15173|admin:10.1.0.8:15172|client:10.1.0.8:15171|dataStream:10.1.0.8:15174|priority:0|startupRole:FOLLOWER, 960d1597-fbff-49c3-85b3-41c3f78a7ab6|rpc:10.1.0.8:15182|admin:10.1.0.8:15181|client:10.1.0.8:15180|dataStream:10.1.0.8:15183|priority:0|startupRole:FOLLOWER]|listeners:[], old=null
2023-08-31 18:21:29,755 [960d1597-fbff-49c3-85b3-41c3f78a7ab6-server-thread1] INFO  ratis.XceiverServerRatis (XceiverServerRatis.java:handleLeaderChangedNotification(902)) - Leader change notification received for group: group-A93631B5CC8E with new leaderId: 626d1c86-c74d-4c1d-990a-e37ed735d25b
2023-08-31 18:21:29,756 [960d1597-fbff-49c3-85b3-41c3f78a7ab6-server-thread1] INFO  server.RaftServer$Division (ServerState.java:setLeader(317)) - 960d1597-fbff-49c3-85b3-41c3f78a7ab6@group-A93631B5CC8E: change Leader from null to 626d1c86-c74d-4c1d-990a-e37ed735d25b at term 1 for appendEntries, leader elected after 5186ms
2023-08-31 18:21:29,758 [960d1597-fbff-49c3-85b3-41c3f78a7ab6@group-6E0C8D75BA96-LeaderElection34-1] INFO  server.GrpcServerProtocolClient (GrpcServerProtocolClient.java:<init>(65)) - Build channel for 1126cc3a-7ff0-4671-a31f-fd81ce02ef68
2023-08-31 18:21:29,758 [960d1597-fbff-49c3-85b3-41c3f78a7ab6@group-6E0C8D75BA96-LeaderElection34] INFO  server.RaftServerConfigKeys (ConfUtils.java:logFallback(53)) - raft.server.rpc.first-election.timeout.min = 5s (fallback to raft.server.rpc.timeout.min)
2023-08-31 18:21:29,761 [960d1597-fbff-49c3-85b3-41c3f78a7ab6@group-6E0C8D75BA96-LeaderElection34] INFO  server.RaftServerConfigKeys (ConfUtils.java:logFallback(53)) - raft.server.rpc.first-election.timeout.max = 5200ms (fallback to raft.server.rpc.timeout.max)
2023-08-31 18:21:29,760 [960d1597-fbff-49c3-85b3-41c3f78a7ab6-server-thread1] INFO  server.RaftServer$Division (ServerState.java:setRaftConf(434)) - 960d1597-fbff-49c3-85b3-41c3f78a7ab6@group-A93631B5CC8E: set configuration 0: peers:[1126cc3a-7ff0-4671-a31f-fd81ce02ef68|rpc:10.1.0.8:15191|admin:10.1.0.8:15190|client:10.1.0.8:15189|dataStream:10.1.0.8:15192|priority:0|startupRole:FOLLOWER, 626d1c86-c74d-4c1d-990a-e37ed735d25b|rpc:10.1.0.8:15173|admin:10.1.0.8:15172|client:10.1.0.8:15171|dataStream:10.1.0.8:15174|priority:1|startupRole:FOLLOWER, 960d1597-fbff-49c3-85b3-41c3f78a7ab6|rpc:10.1.0.8:15182|admin:10.1.0.8:15181|client:10.1.0.8:15180|dataStream:10.1.0.8:15183|priority:0|startupRole:FOLLOWER]|listeners:[], old=null
2023-08-31 18:21:29,761 [960d1597-fbff-49c3-85b3-41c3f78a7ab6-server-thread1] INFO  segmented.SegmentedRaftLogWorker (SegmentedRaftLogWorker.java:startLogSegment(447)) - 960d1597-fbff-49c3-85b3-41c3f78a7ab6@group-A93631B5CC8E-SegmentedRaftLogWorker: Starting segment from index:0
2023-08-31 18:21:29,761 [1126cc3a-7ff0-4671-a31f-fd81ce02ef68-server-thread1] INFO  ratis.XceiverServerRatis (XceiverServerRatis.java:handleLeaderChangedNotification(902)) - Leader change notification received for group: group-A93631B5CC8E with new leaderId: 626d1c86-c74d-4c1d-990a-e37ed735d25b
2023-08-31 18:21:29,762 [1126cc3a-7ff0-4671-a31f-fd81ce02ef68-server-thread1] INFO  server.RaftServer$Division (ServerState.java:setLeader(317)) - 1126cc3a-7ff0-4671-a31f-fd81ce02ef68@group-A93631B5CC8E: change Leader from null to 626d1c86-c74d-4c1d-990a-e37ed735d25b at term 1 for appendEntries, leader elected after 5240ms
2023-08-31 18:21:29,762 [1126cc3a-7ff0-4671-a31f-fd81ce02ef68-server-thread1] INFO  server.RaftServer$Division (ServerState.java:setRaftConf(434)) - 1126cc3a-7ff0-4671-a31f-fd81ce02ef68@group-A93631B5CC8E: set configuration 0: peers:[1126cc3a-7ff0-4671-a31f-fd81ce02ef68|rpc:10.1.0.8:15191|admin:10.1.0.8:15190|client:10.1.0.8:15189|dataStream:10.1.0.8:15192|priority:0|startupRole:FOLLOWER, 626d1c86-c74d-4c1d-990a-e37ed735d25b|rpc:10.1.0.8:15173|admin:10.1.0.8:15172|client:10.1.0.8:15171|dataStream:10.1.0.8:15174|priority:1|startupRole:FOLLOWER, 960d1597-fbff-49c3-85b3-41c3f78a7ab6|rpc:10.1.0.8:15182|admin:10.1.0.8:15181|client:10.1.0.8:15180|dataStream:10.1.0.8:15183|priority:0|startupRole:FOLLOWER]|listeners:[], old=null
2023-08-31 18:21:29,763 [1126cc3a-7ff0-4671-a31f-fd81ce02ef68-server-thread1] INFO  segmented.SegmentedRaftLogWorker (SegmentedRaftLogWorker.java:startLogSegment(447)) - 1126cc3a-7ff0-4671-a31f-fd81ce02ef68@group-A93631B5CC8E-SegmentedRaftLogWorker: Starting segment from index:0
2023-08-31 18:21:29,763 [960d1597-fbff-49c3-85b3-41c3f78a7ab6@group-6E0C8D75BA96-LeaderElection34-2] INFO  server.GrpcServerProtocolClient (GrpcServerProtocolClient.java:<init>(65)) - Build channel for 626d1c86-c74d-4c1d-990a-e37ed735d25b
2023-08-31 18:21:29,763 [960d1597-fbff-49c3-85b3-41c3f78a7ab6@group-A93631B5CC8E-SegmentedRaftLogWorker] INFO  segmented.SegmentedRaftLogWorker (SegmentedRaftLogWorker.java:execute(651)) - 960d1597-fbff-49c3-85b3-41c3f78a7ab6@group-A93631B5CC8E-SegmentedRaftLogWorker: created new log segment /home/runner/work/ozone/ozone/hadoop-ozone/integration-test/target/test-dir/MiniOzoneClusterImpl-2bd935e6-826e-4dca-83cf-32fa945e0037/datanode-1/data/ratis/c47d7b28-5906-4b51-b110-a93631b5cc8e/current/log_inprogress_0
2023-08-31 18:21:29,764 [626d1c86-c74d-4c1d-990a-e37ed735d25b@group-6E0C8D75BA96-LeaderElection32] INFO  impl.LeaderElection (LeaderElection.java:logAndReturn(90)) - 626d1c86-c74d-4c1d-990a-e37ed735d25b@group-6E0C8D75BA96-LeaderElection32: PRE_VOTE REJECTED received 2 response(s) and 0 exception(s):
2023-08-31 18:21:29,764 [626d1c86-c74d-4c1d-990a-e37ed735d25b@group-6E0C8D75BA96-LeaderElection32] INFO  impl.LeaderElection (LeaderElection.java:logAndReturn(94)) -   Response 0: 626d1c86-c74d-4c1d-990a-e37ed735d25b<-1126cc3a-7ff0-4671-a31f-fd81ce02ef68#0:FAIL-t0
2023-08-31 18:21:29,764 [626d1c86-c74d-4c1d-990a-e37ed735d25b@group-6E0C8D75BA96-LeaderElection32] INFO  impl.LeaderElection (LeaderElection.java:logAndReturn(94)) -   Response 1: 626d1c86-c74d-4c1d-990a-e37ed735d25b<-960d1597-fbff-49c3-85b3-41c3f78a7ab6#0:OK-t0
2023-08-31 18:21:29,764 [626d1c86-c74d-4c1d-990a-e37ed735d25b@group-6E0C8D75BA96-LeaderElection32] INFO  impl.LeaderElection (LeaderElection.java:askForVotes(323)) - 626d1c86-c74d-4c1d-990a-e37ed735d25b@group-6E0C8D75BA96-LeaderElection32 PRE_VOTE round 0: result REJECTED
2023-08-31 18:21:29,764 [626d1c86-c74d-4c1d-990a-e37ed735d25b@group-6E0C8D75BA96-LeaderElection32] INFO  server.RaftServer$Division (RaftServerImpl.java:setRole(329)) - 626d1c86-c74d-4c1d-990a-e37ed735d25b@group-6E0C8D75BA96: changes role from CANDIDATE to FOLLOWER at term 0 for REJECTED
2023-08-31 18:21:29,764 [626d1c86-c74d-4c1d-990a-e37ed735d25b@group-6E0C8D75BA96-LeaderElection32] INFO  impl.RoleInfo (RoleInfo.java:shutdownLeaderElection(130)) - 626d1c86-c74d-4c1d-990a-e37ed735d25b: shutdown 626d1c86-c74d-4c1d-990a-e37ed735d25b@group-6E0C8D75BA96-LeaderElection32
2023-08-31 18:21:29,764 [626d1c86-c74d-4c1d-990a-e37ed735d25b@group-6E0C8D75BA96-LeaderElection32] INFO  impl.RoleInfo (RoleInfo.java:updateAndGet(139)) - 626d1c86-c74d-4c1d-990a-e37ed735d25b: start 626d1c86-c74d-4c1d-990a-e37ed735d25b@group-6E0C8D75BA96-FollowerState
2023-08-31 18:21:29,767 [grpc-default-executor-5] INFO  server.RaftServer$Division (RaftServerImpl.java:requestVote(1302)) - 626d1c86-c74d-4c1d-990a-e37ed735d25b@group-6E0C8D75BA96: receive requestVote(PRE_VOTE, 1126cc3a-7ff0-4671-a31f-fd81ce02ef68, group-6E0C8D75BA96, 0, (t:0, i:0))
2023-08-31 18:21:29,767 [grpc-default-executor-5] INFO  impl.VoteContext (VoteContext.java:log(49)) - 626d1c86-c74d-4c1d-990a-e37ed735d25b@group-6E0C8D75BA96-FOLLOWER: accept PRE_VOTE from 1126cc3a-7ff0-4671-a31f-fd81ce02ef68: our priority 0 <= candidate's priority 1
2023-08-31 18:21:29,767 [grpc-default-executor-5] INFO  server.RaftServer$Division (RaftServerImpl.java:requestVote(1335)) - 626d1c86-c74d-4c1d-990a-e37ed735d25b@group-6E0C8D75BA96 replies to PRE_VOTE vote request: 1126cc3a-7ff0-4671-a31f-fd81ce02ef68<-626d1c86-c74d-4c1d-990a-e37ed735d25b#0:OK-t0. Peer's state: 626d1c86-c74d-4c1d-990a-e37ed735d25b@group-6E0C8D75BA96:t0, leader=null, voted=, raftlog=Memoized:626d1c86-c74d-4c1d-990a-e37ed735d25b@group-6E0C8D75BA96-SegmentedRaftLog:OPENED:c-1, conf=-1: peers:[1126cc3a-7ff0-4671-a31f-fd81ce02ef68|rpc:10.1.0.8:15191|admin:10.1.0.8:15190|client:10.1.0.8:15189|dataStream:10.1.0.8:15192|priority:1|startupRole:FOLLOWER, 626d1c86-c74d-4c1d-990a-e37ed735d25b|rpc:10.1.0.8:15173|admin:10.1.0.8:15172|client:10.1.0.8:15171|dataStream:10.1.0.8:15174|priority:0|startupRole:FOLLOWER, 960d1597-fbff-49c3-85b3-41c3f78a7ab6|rpc:10.1.0.8:15182|admin:10.1.0.8:15181|client:10.1.0.8:15180|dataStream:10.1.0.8:15183|priority:0|startupRole:FOLLOWER]|listeners:[], old=null
2023-08-31 18:21:29,769 [1126cc3a-7ff0-4671-a31f-fd81ce02ef68@group-A93631B5CC8E-SegmentedRaftLogWorker] INFO  segmented.SegmentedRaftLogWorker (SegmentedRaftLogWorker.java:execute(651)) - 1126cc3a-7ff0-4671-a31f-fd81ce02ef68@group-A93631B5CC8E-SegmentedRaftLogWorker: created new log segment /home/runner/work/ozone/ozone/hadoop-ozone/integration-test/target/test-dir/MiniOzoneClusterImpl-2bd935e6-826e-4dca-83cf-32fa945e0037/datanode-2/data/ratis/c47d7b28-5906-4b51-b110-a93631b5cc8e/current/log_inprogress_0
2023-08-31 18:21:29,769 [1126cc3a-7ff0-4671-a31f-fd81ce02ef68@group-6E0C8D75BA96-LeaderElection33] INFO  impl.LeaderElection (LeaderElection.java:logAndReturn(90)) - 1126cc3a-7ff0-4671-a31f-fd81ce02ef68@group-6E0C8D75BA96-LeaderElection33: PRE_VOTE PASSED received 1 response(s) and 0 exception(s):
2023-08-31 18:21:29,769 [1126cc3a-7ff0-4671-a31f-fd81ce02ef68@group-6E0C8D75BA96-LeaderElection33] INFO  impl.LeaderElection (LeaderElection.java:logAndReturn(94)) -   Response 0: 1126cc3a-7ff0-4671-a31f-fd81ce02ef68<-626d1c86-c74d-4c1d-990a-e37ed735d25b#0:OK-t0
2023-08-31 18:21:29,769 [1126cc3a-7ff0-4671-a31f-fd81ce02ef68@group-6E0C8D75BA96-LeaderElection33] INFO  impl.LeaderElection (LeaderElection.java:askForVotes(323)) - 1126cc3a-7ff0-4671-a31f-fd81ce02ef68@group-6E0C8D75BA96-LeaderElection33 PRE_VOTE round 0: result PASSED
2023-08-31 18:21:29,771 [1126cc3a-7ff0-4671-a31f-fd81ce02ef68@group-6E0C8D75BA96-LeaderElection33] INFO  impl.LeaderElection (LeaderElection.java:askForVotes(321)) - 1126cc3a-7ff0-4671-a31f-fd81ce02ef68@group-6E0C8D75BA96-LeaderElection33 ELECTION round 0: submit vote requests at term 1 for -1: peers:[1126cc3a-7ff0-4671-a31f-fd81ce02ef68|rpc:10.1.0.8:15191|admin:10.1.0.8:15190|client:10.1.0.8:15189|dataStream:10.1.0.8:15192|priority:1|startupRole:FOLLOWER, 626d1c86-c74d-4c1d-990a-e37ed735d25b|rpc:10.1.0.8:15173|admin:10.1.0.8:15172|client:10.1.0.8:15171|dataStream:10.1.0.8:15174|priority:0|startupRole:FOLLOWER, 960d1597-fbff-49c3-85b3-41c3f78a7ab6|rpc:10.1.0.8:15182|admin:10.1.0.8:15181|client:10.1.0.8:15180|dataStream:10.1.0.8:15183|priority:0|startupRole:FOLLOWER]|listeners:[], old=null
2023-08-31 18:21:29,775 [1126cc3a-7ff0-4671-a31f-fd81ce02ef68@group-6E0C8D75BA96-LeaderElection33] INFO  server.RaftServerConfigKeys (ConfUtils.java:logFallback(53)) - raft.server.rpc.first-election.timeout.min = 5s (fallback to raft.server.rpc.timeout.min)
2023-08-31 18:21:29,775 [1126cc3a-7ff0-4671-a31f-fd81ce02ef68@group-6E0C8D75BA96-LeaderElection33] INFO  server.RaftServerConfigKeys (ConfUtils.java:logFallback(53)) - raft.server.rpc.first-election.timeout.max = 5200ms (fallback to raft.server.rpc.timeout.max)
2023-08-31 18:21:29,781 [grpc-default-executor-7] INFO  server.RaftServer$Division (RaftServerImpl.java:requestVote(1302)) - 960d1597-fbff-49c3-85b3-41c3f78a7ab6@group-6E0C8D75BA96: receive requestVote(PRE_VOTE, 1126cc3a-7ff0-4671-a31f-fd81ce02ef68, group-6E0C8D75BA96, 0, (t:0, i:0))
2023-08-31 18:21:29,781 [grpc-default-executor-7] INFO  impl.VoteContext (VoteContext.java:log(49)) - 960d1597-fbff-49c3-85b3-41c3f78a7ab6@group-6E0C8D75BA96-CANDIDATE: accept PRE_VOTE from 1126cc3a-7ff0-4671-a31f-fd81ce02ef68: our priority 0 <= candidate's priority 1
2023-08-31 18:21:29,781 [grpc-default-executor-7] INFO  server.RaftServer$Division (RaftServerImpl.java:requestVote(1335)) - 960d1597-fbff-49c3-85b3-41c3f78a7ab6@group-6E0C8D75BA96 replies to PRE_VOTE vote request: 1126cc3a-7ff0-4671-a31f-fd81ce02ef68<-960d1597-fbff-49c3-85b3-41c3f78a7ab6#0:OK-t0. Peer's state: 960d1597-fbff-49c3-85b3-41c3f78a7ab6@group-6E0C8D75BA96:t0, leader=null, voted=, raftlog=Memoized:960d1597-fbff-49c3-85b3-41c3f78a7ab6@group-6E0C8D75BA96-SegmentedRaftLog:OPENED:c-1, conf=-1: peers:[1126cc3a-7ff0-4671-a31f-fd81ce02ef68|rpc:10.1.0.8:15191|admin:10.1.0.8:15190|client:10.1.0.8:15189|dataStream:10.1.0.8:15192|priority:1|startupRole:FOLLOWER, 626d1c86-c74d-4c1d-990a-e37ed735d25b|rpc:10.1.0.8:15173|admin:10.1.0.8:15172|client:10.1.0.8:15171|dataStream:10.1.0.8:15174|priority:0|startupRole:FOLLOWER, 960d1597-fbff-49c3-85b3-41c3f78a7ab6|rpc:10.1.0.8:15182|admin:10.1.0.8:15181|client:10.1.0.8:15180|dataStream:10.1.0.8:15183|priority:0|startupRole:FOLLOWER]|listeners:[], old=null
2023-08-31 18:21:29,782 [grpc-default-executor-1] INFO  server.RaftServer$Division (RaftServerImpl.java:requestVote(1302)) - 960d1597-fbff-49c3-85b3-41c3f78a7ab6@group-6E0C8D75BA96: receive requestVote(ELECTION, 1126cc3a-7ff0-4671-a31f-fd81ce02ef68, group-6E0C8D75BA96, 1, (t:0, i:0))
2023-08-31 18:21:29,782 [grpc-default-executor-1] INFO  impl.VoteContext (VoteContext.java:log(49)) - 960d1597-fbff-49c3-85b3-41c3f78a7ab6@group-6E0C8D75BA96-CANDIDATE: accept ELECTION from 1126cc3a-7ff0-4671-a31f-fd81ce02ef68: our priority 0 <= candidate's priority 1
2023-08-31 18:21:29,782 [grpc-default-executor-1] INFO  server.RaftServer$Division (RaftServerImpl.java:setRole(329)) - 960d1597-fbff-49c3-85b3-41c3f78a7ab6@group-6E0C8D75BA96: changes role from CANDIDATE to FOLLOWER at term 1 for candidate:1126cc3a-7ff0-4671-a31f-fd81ce02ef68
2023-08-31 18:21:29,782 [grpc-default-executor-1] INFO  impl.RoleInfo (RoleInfo.java:shutdownLeaderElection(130)) - 960d1597-fbff-49c3-85b3-41c3f78a7ab6: shutdown 960d1597-fbff-49c3-85b3-41c3f78a7ab6@group-6E0C8D75BA96-LeaderElection34
2023-08-31 18:21:29,782 [grpc-default-executor-1] INFO  impl.RoleInfo (RoleInfo.java:updateAndGet(139)) - 960d1597-fbff-49c3-85b3-41c3f78a7ab6: start 960d1597-fbff-49c3-85b3-41c3f78a7ab6@group-6E0C8D75BA96-FollowerState
2023-08-31 18:21:29,784 [grpc-default-executor-3] INFO  server.RaftServer$Division (RaftServerImpl.java:requestVote(1302)) - 626d1c86-c74d-4c1d-990a-e37ed735d25b@group-6E0C8D75BA96: receive requestVote(ELECTION, 1126cc3a-7ff0-4671-a31f-fd81ce02ef68, group-6E0C8D75BA96, 1, (t:0, i:0))
2023-08-31 18:21:29,784 [grpc-default-executor-3] INFO  impl.VoteContext (VoteContext.java:log(49)) - 626d1c86-c74d-4c1d-990a-e37ed735d25b@group-6E0C8D75BA96-FOLLOWER: accept ELECTION from 1126cc3a-7ff0-4671-a31f-fd81ce02ef68: our priority 0 <= candidate's priority 1
2023-08-31 18:21:29,785 [grpc-default-executor-3] INFO  server.RaftServer$Division (RaftServerImpl.java:setRole(329)) - 626d1c86-c74d-4c1d-990a-e37ed735d25b@group-6E0C8D75BA96: changes role from  FOLLOWER to FOLLOWER at term 1 for candidate:1126cc3a-7ff0-4671-a31f-fd81ce02ef68
2023-08-31 18:21:29,785 [grpc-default-executor-3] INFO  impl.RoleInfo (RoleInfo.java:shutdownFollowerState(110)) - 626d1c86-c74d-4c1d-990a-e37ed735d25b: shutdown 626d1c86-c74d-4c1d-990a-e37ed735d25b@group-6E0C8D75BA96-FollowerState
2023-08-31 18:21:29,785 [grpc-default-executor-3] INFO  impl.RoleInfo (RoleInfo.java:updateAndGet(139)) - 626d1c86-c74d-4c1d-990a-e37ed735d25b: start 626d1c86-c74d-4c1d-990a-e37ed735d25b@group-6E0C8D75BA96-FollowerState
2023-08-31 18:21:29,785 [626d1c86-c74d-4c1d-990a-e37ed735d25b@group-6E0C8D75BA96-FollowerState] INFO  impl.FollowerState (FollowerState.java:run(152)) - 626d1c86-c74d-4c1d-990a-e37ed735d25b@group-6E0C8D75BA96-FollowerState was interrupted
2023-08-31 18:21:29,785 [grpc-default-executor-1] INFO  server.RaftServer$Division (RaftServerImpl.java:requestVote(1335)) - 960d1597-fbff-49c3-85b3-41c3f78a7ab6@group-6E0C8D75BA96 replies to ELECTION vote request: 1126cc3a-7ff0-4671-a31f-fd81ce02ef68<-960d1597-fbff-49c3-85b3-41c3f78a7ab6#0:OK-t1. Peer's state: 960d1597-fbff-49c3-85b3-41c3f78a7ab6@group-6E0C8D75BA96:t1, leader=null, voted=1126cc3a-7ff0-4671-a31f-fd81ce02ef68, raftlog=Memoized:960d1597-fbff-49c3-85b3-41c3f78a7ab6@group-6E0C8D75BA96-SegmentedRaftLog:OPENED:c-1, conf=-1: peers:[1126cc3a-7ff0-4671-a31f-fd81ce02ef68|rpc:10.1.0.8:15191|admin:10.1.0.8:15190|client:10.1.0.8:15189|dataStream:10.1.0.8:15192|priority:1|startupRole:FOLLOWER, 626d1c86-c74d-4c1d-990a-e37ed735d25b|rpc:10.1.0.8:15173|admin:10.1.0.8:15172|client:10.1.0.8:15171|dataStream:10.1.0.8:15174|priority:0|startupRole:FOLLOWER, 960d1597-fbff-49c3-85b3-41c3f78a7ab6|rpc:10.1.0.8:15182|admin:10.1.0.8:15181|client:10.1.0.8:15180|dataStream:10.1.0.8:15183|priority:0|startupRole:FOLLOWER]|listeners:[], old=null
2023-08-31 18:21:29,790 [grpc-default-executor-3] INFO  server.RaftServer$Division (RaftServerImpl.java:requestVote(1335)) - 626d1c86-c74d-4c1d-990a-e37ed735d25b@group-6E0C8D75BA96 replies to ELECTION vote request: 1126cc3a-7ff0-4671-a31f-fd81ce02ef68<-626d1c86-c74d-4c1d-990a-e37ed735d25b#0:OK-t1. Peer's state: 626d1c86-c74d-4c1d-990a-e37ed735d25b@group-6E0C8D75BA96:t1, leader=null, voted=1126cc3a-7ff0-4671-a31f-fd81ce02ef68, raftlog=Memoized:626d1c86-c74d-4c1d-990a-e37ed735d25b@group-6E0C8D75BA96-SegmentedRaftLog:OPENED:c-1, conf=-1: peers:[1126cc3a-7ff0-4671-a31f-fd81ce02ef68|rpc:10.1.0.8:15191|admin:10.1.0.8:15190|client:10.1.0.8:15189|dataStream:10.1.0.8:15192|priority:1|startupRole:FOLLOWER, 626d1c86-c74d-4c1d-990a-e37ed735d25b|rpc:10.1.0.8:15173|admin:10.1.0.8:15172|client:10.1.0.8:15171|dataStream:10.1.0.8:15174|priority:0|startupRole:FOLLOWER, 960d1597-fbff-49c3-85b3-41c3f78a7ab6|rpc:10.1.0.8:15182|admin:10.1.0.8:15181|client:10.1.0.8:15180|dataStream:10.1.0.8:15183|priority:0|startupRole:FOLLOWER]|listeners:[], old=null
2023-08-31 18:21:29,791 [1126cc3a-7ff0-4671-a31f-fd81ce02ef68@group-6E0C8D75BA96-LeaderElection33] INFO  impl.LeaderElection (LeaderElection.java:logAndReturn(90)) - 1126cc3a-7ff0-4671-a31f-fd81ce02ef68@group-6E0C8D75BA96-LeaderElection33: ELECTION PASSED received 1 response(s) and 0 exception(s):
2023-08-31 18:21:29,791 [1126cc3a-7ff0-4671-a31f-fd81ce02ef68@group-6E0C8D75BA96-LeaderElection33] INFO  impl.LeaderElection (LeaderElection.java:logAndReturn(94)) -   Response 0: 1126cc3a-7ff0-4671-a31f-fd81ce02ef68<-626d1c86-c74d-4c1d-990a-e37ed735d25b#0:OK-t1
2023-08-31 18:21:29,791 [1126cc3a-7ff0-4671-a31f-fd81ce02ef68@group-6E0C8D75BA96-LeaderElection33] INFO  impl.LeaderElection (LeaderElection.java:askForVotes(323)) - 1126cc3a-7ff0-4671-a31f-fd81ce02ef68@group-6E0C8D75BA96-LeaderElection33 ELECTION round 0: result PASSED
2023-08-31 18:21:29,791 [1126cc3a-7ff0-4671-a31f-fd81ce02ef68@group-6E0C8D75BA96-LeaderElection33] INFO  impl.RoleInfo (RoleInfo.java:shutdownLeaderElection(130)) - 1126cc3a-7ff0-4671-a31f-fd81ce02ef68: shutdown 1126cc3a-7ff0-4671-a31f-fd81ce02ef68@group-6E0C8D75BA96-LeaderElection33
2023-08-31 18:21:29,791 [1126cc3a-7ff0-4671-a31f-fd81ce02ef68@group-6E0C8D75BA96-LeaderElection33] INFO  server.RaftServer$Division (RaftServerImpl.java:setRole(329)) - 1126cc3a-7ff0-4671-a31f-fd81ce02ef68@group-6E0C8D75BA96: changes role from CANDIDATE to LEADER at term 1 for changeToLeader
2023-08-31 18:21:29,791 [1126cc3a-7ff0-4671-a31f-fd81ce02ef68@group-6E0C8D75BA96-LeaderElection33] INFO  ratis.XceiverServerRatis (XceiverServerRatis.java:handleLeaderChangedNotification(902)) - Leader change notification received for group: group-6E0C8D75BA96 with new leaderId: 1126cc3a-7ff0-4671-a31f-fd81ce02ef68
2023-08-31 18:21:29,791 [1126cc3a-7ff0-4671-a31f-fd81ce02ef68@group-6E0C8D75BA96-LeaderElection33] INFO  server.RaftServer$Division (ServerState.java:setLeader(317)) - 1126cc3a-7ff0-4671-a31f-fd81ce02ef68@group-6E0C8D75BA96: change Leader from null to 1126cc3a-7ff0-4671-a31f-fd81ce02ef68 at term 1 for becomeLeader, leader elected after 5158ms
2023-08-31 18:21:29,791 [1126cc3a-7ff0-4671-a31f-fd81ce02ef68@group-6E0C8D75BA96-LeaderElection33] INFO  server.RaftServerConfigKeys (ConfUtils.java:logGet(46)) - raft.server.staging.catchup.gap = 1000 (default)
2023-08-31 18:21:29,791 [1126cc3a-7ff0-4671-a31f-fd81ce02ef68@group-6E0C8D75BA96-LeaderElection33] INFO  server.RaftServerConfigKeys (ConfUtils.java:logGet(46)) - raft.server.write.element-limit = 1024 (custom)
2023-08-31 18:21:29,791 [1126cc3a-7ff0-4671-a31f-fd81ce02ef68@group-6E0C8D75BA96-LeaderElection33] INFO  server.RaftServerConfigKeys (ConfUtils.java:logGet(46)) - raft.server.write.byte-limit = 1024 M (=1073741824) (custom)
2023-08-31 18:21:29,792 [1126cc3a-7ff0-4671-a31f-fd81ce02ef68@group-6E0C8D75BA96-LeaderElection33] INFO  server.RaftServerConfigKeys (ConfUtils.java:logGet(46)) - raft.server.watch.timeout = 180s (custom)
2023-08-31 18:21:29,792 [1126cc3a-7ff0-4671-a31f-fd81ce02ef68@group-6E0C8D75BA96-LeaderElection33] INFO  server.RaftServerConfigKeys (ConfUtils.java:logGet(46)) - raft.server.watch.timeout.denomination = 1s (default)
2023-08-31 18:21:29,792 [1126cc3a-7ff0-4671-a31f-fd81ce02ef68@group-6E0C8D75BA96-LeaderElection33] INFO  server.RaftServerConfigKeys (ConfUtils.java:logGet(46)) - raft.server.watch.element-limit = 65536 (default)
2023-08-31 18:21:29,792 [1126cc3a-7ff0-4671-a31f-fd81ce02ef68@group-6E0C8D75BA96-LeaderElection33] INFO  server.RaftServerConfigKeys (ConfUtils.java:logGet(46)) - raft.server.write.element-limit = 1024 (custom)
2023-08-31 18:21:29,792 [1126cc3a-7ff0-4671-a31f-fd81ce02ef68@group-6E0C8D75BA96-LeaderElection33] INFO  server.RaftServerConfigKeys (ConfUtils.java:logGet(46)) - raft.server.write.follower.gap.ratio.max = -1.0 (default)
2023-08-31 18:21:29,792 [1126cc3a-7ff0-4671-a31f-fd81ce02ef68@group-6E0C8D75BA96-LeaderElection33] INFO  server.RaftServerConfigKeys (ConfUtils.java:logGet(46)) - raft.server.log.appender.snapshot.chunk.size.max = 16MB (=16777216) (default)
2023-08-31 18:21:29,792 [1126cc3a-7ff0-4671-a31f-fd81ce02ef68@group-6E0C8D75BA96-LeaderElection33] INFO  server.RaftServerConfigKeys (ConfUtils.java:logGet(46)) - raft.server.log.appender.buffer.byte-limit = 33554432 (custom)
2023-08-31 18:21:29,792 [1126cc3a-7ff0-4671-a31f-fd81ce02ef68@group-6E0C8D75BA96-LeaderElection33] INFO  server.RaftServerConfigKeys (ConfUtils.java:logGet(46)) - raft.server.log.appender.buffer.element-limit = 1 (custom)
2023-08-31 18:21:29,792 [1126cc3a-7ff0-4671-a31f-fd81ce02ef68@group-6E0C8D75BA96-LeaderElection33] INFO  server.RaftServerConfigKeys (ConfUtils.java:logGet(46)) - raft.server.log.appender.wait-time.min = 10ms (default)
2023-08-31 18:21:29,793 [1126cc3a-7ff0-4671-a31f-fd81ce02ef68@group-6E0C8D75BA96-LeaderElection33] INFO  grpc.GrpcConfigKeys (ConfUtils.java:logGet(46)) - raft.grpc.server.leader.outstanding.appends.max = 128 (default)
2023-08-31 18:21:29,793 [1126cc3a-7ff0-4671-a31f-fd81ce02ef68@group-6E0C8D75BA96-LeaderElection33] INFO  server.RaftServerConfigKeys (ConfUtils.java:logGet(46)) - raft.server.rpc.request.timeout = 60s (custom)
2023-08-31 18:21:29,793 [1126cc3a-7ff0-4671-a31f-fd81ce02ef68@group-6E0C8D75BA96-LeaderElection33] INFO  grpc.GrpcConfigKeys (ConfUtils.java:logGet(46)) - raft.grpc.server.install_snapshot.request.element-limit = 8 (default)
2023-08-31 18:21:29,793 [1126cc3a-7ff0-4671-a31f-fd81ce02ef68@group-6E0C8D75BA96-LeaderElection33] INFO  grpc.GrpcConfigKeys (ConfUtils.java:logGet(46)) - raft.grpc.server.install_snapshot.request.timeout = 3000ms (default)
2023-08-31 18:21:29,793 [1126cc3a-7ff0-4671-a31f-fd81ce02ef68@group-6E0C8D75BA96-LeaderElection33] INFO  server.RaftServerConfigKeys (ConfUtils.java:logGet(46)) - raft.server.log.appender.install.snapshot.enabled = false (custom)
2023-08-31 18:21:29,793 [1126cc3a-7ff0-4671-a31f-fd81ce02ef68@group-6E0C8D75BA96-LeaderElection33] INFO  grpc.GrpcConfigKeys (ConfUtils.java:logGet(46)) - raft.grpc.server.heartbeat.channel = true (default)
2023-08-31 18:21:29,793 [1126cc3a-7ff0-4671-a31f-fd81ce02ef68@group-6E0C8D75BA96-LeaderElection33] INFO  server.RaftServerConfigKeys (ConfUtils.java:logGet(46)) - raft.server.log.appender.snapshot.chunk.size.max = 16MB (=16777216) (default)
2023-08-31 18:21:29,793 [1126cc3a-7ff0-4671-a31f-fd81ce02ef68@group-6E0C8D75BA96-LeaderElection33] INFO  server.RaftServerConfigKeys (ConfUtils.java:logGet(46)) - raft.server.log.appender.buffer.byte-limit = 33554432 (custom)
2023-08-31 18:21:29,794 [1126cc3a-7ff0-4671-a31f-fd81ce02ef68@group-6E0C8D75BA96-LeaderElection33] INFO  server.RaftServerConfigKeys (ConfUtils.java:logGet(46)) - raft.server.log.appender.buffer.element-limit = 1 (custom)
2023-08-31 18:21:29,794 [1126cc3a-7ff0-4671-a31f-fd81ce02ef68@group-6E0C8D75BA96-LeaderElection33] INFO  server.RaftServerConfigKeys (ConfUtils.java:logGet(46)) - raft.server.log.appender.wait-time.min = 10ms (default)
2023-08-31 18:21:29,794 [1126cc3a-7ff0-4671-a31f-fd81ce02ef68@group-6E0C8D75BA96-LeaderElection33] INFO  grpc.GrpcConfigKeys (ConfUtils.java:logGet(46)) - raft.grpc.server.leader.outstanding.appends.max = 128 (default)
2023-08-31 18:21:29,794 [1126cc3a-7ff0-4671-a31f-fd81ce02ef68@group-6E0C8D75BA96-LeaderElection33] INFO  server.RaftServerConfigKeys (ConfUtils.java:logGet(46)) - raft.server.rpc.request.timeout = 60s (custom)
2023-08-31 18:21:29,794 [1126cc3a-7ff0-4671-a31f-fd81ce02ef68@group-6E0C8D75BA96-LeaderElection33] INFO  grpc.GrpcConfigKeys (ConfUtils.java:logGet(46)) - raft.grpc.server.install_snapshot.request.element-limit = 8 (default)
2023-08-31 18:21:29,794 [1126cc3a-7ff0-4671-a31f-fd81ce02ef68@group-6E0C8D75BA96-LeaderElection33] INFO  grpc.GrpcConfigKeys (ConfUtils.java:logGet(46)) - raft.grpc.server.install_snapshot.request.timeout = 3000ms (default)
2023-08-31 18:21:29,794 [1126cc3a-7ff0-4671-a31f-fd81ce02ef68@group-6E0C8D75BA96-LeaderElection33] INFO  server.RaftServerConfigKeys (ConfUtils.java:logGet(46)) - raft.server.log.appender.install.snapshot.enabled = false (custom)
2023-08-31 18:21:29,794 [1126cc3a-7ff0-4671-a31f-fd81ce02ef68@group-6E0C8D75BA96-LeaderElection33] INFO  grpc.GrpcConfigKeys (ConfUtils.java:logGet(46)) - raft.grpc.server.heartbeat.channel = true (default)
2023-08-31 18:21:29,795 [1126cc3a-7ff0-4671-a31f-fd81ce02ef68@group-6E0C8D75BA96-LeaderElection33] INFO  impl.RoleInfo (RoleInfo.java:updateAndGet(139)) - 1126cc3a-7ff0-4671-a31f-fd81ce02ef68: start 1126cc3a-7ff0-4671-a31f-fd81ce02ef68@group-6E0C8D75BA96-LeaderStateImpl
2023-08-31 18:21:29,795 [1126cc3a-7ff0-4671-a31f-fd81ce02ef68@group-6E0C8D75BA96-LeaderElection33] INFO  segmented.SegmentedRaftLogWorker (SegmentedRaftLogWorker.java:startLogSegment(447)) - 1126cc3a-7ff0-4671-a31f-fd81ce02ef68@group-6E0C8D75BA96-SegmentedRaftLogWorker: Starting segment from index:0
2023-08-31 18:21:29,798 [grpc-default-executor-7] INFO  server.RaftServer$Division (RaftServerImpl.java:requestVote(1302)) - 1126cc3a-7ff0-4671-a31f-fd81ce02ef68@group-6E0C8D75BA96: receive requestVote(PRE_VOTE, 960d1597-fbff-49c3-85b3-41c3f78a7ab6, group-6E0C8D75BA96, 0, (t:0, i:0))
2023-08-31 18:21:29,798 [EventQueue-PipelineReportForPipelineReportHandler] INFO  pipeline.PipelineReportHandler (PipelineReportHandler.java:processPipelineReport(136)) - Opened pipeline PipelineID=c2a659dd-f751-473f-b48f-6e0c8d75ba96
2023-08-31 18:21:29,798 [1126cc3a-7ff0-4671-a31f-fd81ce02ef68@group-6E0C8D75BA96-SegmentedRaftLogWorker] INFO  segmented.SegmentedRaftLogWorker (SegmentedRaftLogWorker.java:execute(651)) - 1126cc3a-7ff0-4671-a31f-fd81ce02ef68@group-6E0C8D75BA96-SegmentedRaftLogWorker: created new log segment /home/runner/work/ozone/ozone/hadoop-ozone/integration-test/target/test-dir/MiniOzoneClusterImpl-2bd935e6-826e-4dca-83cf-32fa945e0037/datanode-2/data/ratis/c2a659dd-f751-473f-b48f-6e0c8d75ba96/current/log_inprogress_0
2023-08-31 18:21:29,799 [grpc-default-executor-3] INFO  server.RaftServer$Division (RaftServerImpl.java:requestVote(1302)) - 626d1c86-c74d-4c1d-990a-e37ed735d25b@group-6E0C8D75BA96: receive requestVote(PRE_VOTE, 960d1597-fbff-49c3-85b3-41c3f78a7ab6, group-6E0C8D75BA96, 0, (t:0, i:0))
2023-08-31 18:21:29,799 [grpc-default-executor-3] INFO  impl.VoteContext (VoteContext.java:log(49)) - 626d1c86-c74d-4c1d-990a-e37ed735d25b@group-6E0C8D75BA96-FOLLOWER: accept PRE_VOTE from 960d1597-fbff-49c3-85b3-41c3f78a7ab6: our priority 0 <= candidate's priority 0
2023-08-31 18:21:29,799 [grpc-default-executor-3] INFO  server.RaftServer$Division (RaftServerImpl.java:requestVote(1335)) - 626d1c86-c74d-4c1d-990a-e37ed735d25b@group-6E0C8D75BA96 replies to PRE_VOTE vote request: 960d1597-fbff-49c3-85b3-41c3f78a7ab6<-626d1c86-c74d-4c1d-990a-e37ed735d25b#0:OK-t1. Peer's state: 626d1c86-c74d-4c1d-990a-e37ed735d25b@group-6E0C8D75BA96:t1, leader=null, voted=1126cc3a-7ff0-4671-a31f-fd81ce02ef68, raftlog=Memoized:626d1c86-c74d-4c1d-990a-e37ed735d25b@group-6E0C8D75BA96-SegmentedRaftLog:OPENED:c-1, conf=-1: peers:[1126cc3a-7ff0-4671-a31f-fd81ce02ef68|rpc:10.1.0.8:15191|admin:10.1.0.8:15190|client:10.1.0.8:15189|dataStream:10.1.0.8:15192|priority:1|startupRole:FOLLOWER, 626d1c86-c74d-4c1d-990a-e37ed735d25b|rpc:10.1.0.8:15173|admin:10.1.0.8:15172|client:10.1.0.8:15171|dataStream:10.1.0.8:15174|priority:0|startupRole:FOLLOWER, 960d1597-fbff-49c3-85b3-41c3f78a7ab6|rpc:10.1.0.8:15182|admin:10.1.0.8:15181|client:10.1.0.8:15180|dataStream:10.1.0.8:15183|priority:0|startupRole:FOLLOWER]|listeners:[], old=null
2023-08-31 18:21:29,804 [1126cc3a-7ff0-4671-a31f-fd81ce02ef68@group-6E0C8D75BA96-LeaderElection33] INFO  server.RaftServer$Division (ServerState.java:setRaftConf(434)) - 1126cc3a-7ff0-4671-a31f-fd81ce02ef68@group-6E0C8D75BA96: set configuration 0: peers:[1126cc3a-7ff0-4671-a31f-fd81ce02ef68|rpc:10.1.0.8:15191|admin:10.1.0.8:15190|client:10.1.0.8:15189|dataStream:10.1.0.8:15192|priority:1|startupRole:FOLLOWER, 626d1c86-c74d-4c1d-990a-e37ed735d25b|rpc:10.1.0.8:15173|admin:10.1.0.8:15172|client:10.1.0.8:15171|dataStream:10.1.0.8:15174|priority:0|startupRole:FOLLOWER, 960d1597-fbff-49c3-85b3-41c3f78a7ab6|rpc:10.1.0.8:15182|admin:10.1.0.8:15181|client:10.1.0.8:15180|dataStream:10.1.0.8:15183|priority:0|startupRole:FOLLOWER]|listeners:[], old=null
2023-08-31 18:21:29,804 [960d1597-fbff-49c3-85b3-41c3f78a7ab6@group-6E0C8D75BA96-LeaderElection34] INFO  impl.LeaderElection (LeaderElection.java:logAndReturn(90)) - 960d1597-fbff-49c3-85b3-41c3f78a7ab6@group-6E0C8D75BA96-LeaderElection34: PRE_VOTE DISCOVERED_A_NEW_TERM (term=1) received 1 response(s) and 0 exception(s):
2023-08-31 18:21:29,804 [960d1597-fbff-49c3-85b3-41c3f78a7ab6@group-6E0C8D75BA96-LeaderElection34] INFO  impl.LeaderElection (LeaderElection.java:logAndReturn(94)) -   Response 0: 960d1597-fbff-49c3-85b3-41c3f78a7ab6<-626d1c86-c74d-4c1d-990a-e37ed735d25b#0:OK-t1
2023-08-31 18:21:29,805 [960d1597-fbff-49c3-85b3-41c3f78a7ab6@group-6E0C8D75BA96-LeaderElection34] INFO  impl.LeaderElection (LeaderElection.java:askForVotes(323)) - 960d1597-fbff-49c3-85b3-41c3f78a7ab6@group-6E0C8D75BA96-LeaderElection34 PRE_VOTE round 0: result DISCOVERED_A_NEW_TERM (term=1)
2023-08-31 18:21:29,805 [main] INFO  ozone.MiniOzoneClusterImpl (MiniOzoneClusterImpl.java:lambda$waitForClusterToBeReady$0(224)) - Nodes are ready. Got 5 of 5 DN Heartbeats.
2023-08-31 18:21:29,806 [main] INFO  ozone.MiniOzoneClusterImpl (MiniOzoneClusterImpl.java:lambda$waitForClusterToBeReady$0(227)) - Cluster exits safe mode
2023-08-31 18:21:29,806 [main] INFO  ozone.MiniOzoneClusterImpl (MiniOzoneClusterImpl.java:lambda$waitForClusterToBeReady$0(229)) - SCM became leader
2023-08-31 18:21:29,805 [grpc-default-executor-7] INFO  impl.VoteContext (VoteContext.java:log(49)) - 1126cc3a-7ff0-4671-a31f-fd81ce02ef68@group-6E0C8D75BA96-LEADER: reject PRE_VOTE from 960d1597-fbff-49c3-85b3-41c3f78a7ab6: this server is the leader and still has leadership
2023-08-31 18:21:29,806 [grpc-default-executor-7] INFO  server.RaftServer$Division (RaftServerImpl.java:requestVote(1335)) - 1126cc3a-7ff0-4671-a31f-fd81ce02ef68@group-6E0C8D75BA96 replies to PRE_VOTE vote request: 960d1597-fbff-49c3-85b3-41c3f78a7ab6<-1126cc3a-7ff0-4671-a31f-fd81ce02ef68#0:FAIL-t1. Peer's state: 1126cc3a-7ff0-4671-a31f-fd81ce02ef68@group-6E0C8D75BA96:t1, leader=1126cc3a-7ff0-4671-a31f-fd81ce02ef68, voted=1126cc3a-7ff0-4671-a31f-fd81ce02ef68, raftlog=Memoized:1126cc3a-7ff0-4671-a31f-fd81ce02ef68@group-6E0C8D75BA96-SegmentedRaftLog:OPENED:c-1, conf=0: peers:[1126cc3a-7ff0-4671-a31f-fd81ce02ef68|rpc:10.1.0.8:15191|admin:10.1.0.8:15190|client:10.1.0.8:15189|dataStream:10.1.0.8:15192|priority:1|startupRole:FOLLOWER, 626d1c86-c74d-4c1d-990a-e37ed735d25b|rpc:10.1.0.8:15173|admin:10.1.0.8:15172|client:10.1.0.8:15171|dataStream:10.1.0.8:15174|priority:0|startupRole:FOLLOWER, 960d1597-fbff-49c3-85b3-41c3f78a7ab6|rpc:10.1.0.8:15182|admin:10.1.0.8:15181|client:10.1.0.8:15180|dataStream:10.1.0.8:15183|priority:0|startupRole:FOLLOWER]|listeners:[], old=null
2023-08-31 18:21:29,825 [626d1c86-c74d-4c1d-990a-e37ed735d25b-server-thread1] INFO  ratis.XceiverServerRatis (XceiverServerRatis.java:handleLeaderChangedNotification(902)) - Leader change notification received for group: group-6E0C8D75BA96 with new leaderId: 1126cc3a-7ff0-4671-a31f-fd81ce02ef68
2023-08-31 18:21:29,825 [626d1c86-c74d-4c1d-990a-e37ed735d25b-server-thread1] INFO  server.RaftServer$Division (ServerState.java:setLeader(317)) - 626d1c86-c74d-4c1d-990a-e37ed735d25b@group-6E0C8D75BA96: change Leader from null to 1126cc3a-7ff0-4671-a31f-fd81ce02ef68 at term 1 for appendEntries, leader elected after 5226ms
2023-08-31 18:21:29,830 [960d1597-fbff-49c3-85b3-41c3f78a7ab6-server-thread1] INFO  ratis.XceiverServerRatis (XceiverServerRatis.java:handleLeaderChangedNotification(902)) - Leader change notification received for group: group-6E0C8D75BA96 with new leaderId: 1126cc3a-7ff0-4671-a31f-fd81ce02ef68
2023-08-31 18:21:29,830 [960d1597-fbff-49c3-85b3-41c3f78a7ab6-server-thread1] INFO  server.RaftServer$Division (ServerState.java:setLeader(317)) - 960d1597-fbff-49c3-85b3-41c3f78a7ab6@group-6E0C8D75BA96: change Leader from null to 1126cc3a-7ff0-4671-a31f-fd81ce02ef68 at term 1 for appendEntries, leader elected after 5159ms
2023-08-31 18:21:29,837 [626d1c86-c74d-4c1d-990a-e37ed735d25b-server-thread2] INFO  server.RaftServer$Division (ServerState.java:setRaftConf(434)) - 626d1c86-c74d-4c1d-990a-e37ed735d25b@group-6E0C8D75BA96: set configuration 0: peers:[1126cc3a-7ff0-4671-a31f-fd81ce02ef68|rpc:10.1.0.8:15191|admin:10.1.0.8:15190|client:10.1.0.8:15189|dataStream:10.1.0.8:15192|priority:1|startupRole:FOLLOWER, 626d1c86-c74d-4c1d-990a-e37ed735d25b|rpc:10.1.0.8:15173|admin:10.1.0.8:15172|client:10.1.0.8:15171|dataStream:10.1.0.8:15174|priority:0|startupRole:FOLLOWER, 960d1597-fbff-49c3-85b3-41c3f78a7ab6|rpc:10.1.0.8:15182|admin:10.1.0.8:15181|client:10.1.0.8:15180|dataStream:10.1.0.8:15183|priority:0|startupRole:FOLLOWER]|listeners:[], old=null
2023-08-31 18:21:29,837 [626d1c86-c74d-4c1d-990a-e37ed735d25b-server-thread2] INFO  segmented.SegmentedRaftLogWorker (SegmentedRaftLogWorker.java:startLogSegment(447)) - 626d1c86-c74d-4c1d-990a-e37ed735d25b@group-6E0C8D75BA96-SegmentedRaftLogWorker: Starting segment from index:0
2023-08-31 18:21:29,843 [626d1c86-c74d-4c1d-990a-e37ed735d25b@group-6E0C8D75BA96-SegmentedRaftLogWorker] INFO  segmented.SegmentedRaftLogWorker (SegmentedRaftLogWorker.java:execute(651)) - 626d1c86-c74d-4c1d-990a-e37ed735d25b@group-6E0C8D75BA96-SegmentedRaftLogWorker: created new log segment /home/runner/work/ozone/ozone/hadoop-ozone/integration-test/target/test-dir/MiniOzoneClusterImpl-2bd935e6-826e-4dca-83cf-32fa945e0037/datanode-0/data/ratis/c2a659dd-f751-473f-b48f-6e0c8d75ba96/current/log_inprogress_0
2023-08-31 18:21:29,843 [main] INFO  rpc.RpcClient (RpcClient.java:createVolume(461)) - Creating Volume: volume65627, with user10521 as owner and space quota set to -1 bytes, counts quota set to -1
2023-08-31 18:21:29,846 [IPC Server handler 1 on default port 15163] INFO  volume.OMVolumeCreateRequest (OMVolumeCreateRequest.java:validateAndUpdateCache(196)) - created volume:volume65627 for user:user10521
2023-08-31 18:21:29,852 [960d1597-fbff-49c3-85b3-41c3f78a7ab6-server-thread2] INFO  server.RaftServer$Division (ServerState.java:setRaftConf(434)) - 960d1597-fbff-49c3-85b3-41c3f78a7ab6@group-6E0C8D75BA96: set configuration 0: peers:[1126cc3a-7ff0-4671-a31f-fd81ce02ef68|rpc:10.1.0.8:15191|admin:10.1.0.8:15190|client:10.1.0.8:15189|dataStream:10.1.0.8:15192|priority:1|startupRole:FOLLOWER, 626d1c86-c74d-4c1d-990a-e37ed735d25b|rpc:10.1.0.8:15173|admin:10.1.0.8:15172|client:10.1.0.8:15171|dataStream:10.1.0.8:15174|priority:0|startupRole:FOLLOWER, 960d1597-fbff-49c3-85b3-41c3f78a7ab6|rpc:10.1.0.8:15182|admin:10.1.0.8:15181|client:10.1.0.8:15180|dataStream:10.1.0.8:15183|priority:0|startupRole:FOLLOWER]|listeners:[], old=null
2023-08-31 18:21:29,852 [960d1597-fbff-49c3-85b3-41c3f78a7ab6-server-thread2] INFO  segmented.SegmentedRaftLogWorker (SegmentedRaftLogWorker.java:startLogSegment(447)) - 960d1597-fbff-49c3-85b3-41c3f78a7ab6@group-6E0C8D75BA96-SegmentedRaftLogWorker: Starting segment from index:0
2023-08-31 18:21:29,855 [960d1597-fbff-49c3-85b3-41c3f78a7ab6@group-6E0C8D75BA96-SegmentedRaftLogWorker] INFO  segmented.SegmentedRaftLogWorker (SegmentedRaftLogWorker.java:execute(651)) - 960d1597-fbff-49c3-85b3-41c3f78a7ab6@group-6E0C8D75BA96-SegmentedRaftLogWorker: created new log segment /home/runner/work/ozone/ozone/hadoop-ozone/integration-test/target/test-dir/MiniOzoneClusterImpl-2bd935e6-826e-4dca-83cf-32fa945e0037/datanode-1/data/ratis/c2a659dd-f751-473f-b48f-6e0c8d75ba96/current/log_inprogress_0
2023-08-31 18:21:29,855 [main] INFO  rpc.RpcClient (RpcClient.java:createBucket(688)) - Creating Bucket: volume65627/bucket59265, with bucket layout LEGACY, runner as owner, Versioning false, Storage Type set to DISK and Encryption set to false, Replication Type set to server-side default replication type, Namespace Quota set to -1, Space Quota set to -1 
2023-08-31 18:21:29,857 [IPC Server handler 5 on default port 15163] INFO  bucket.OMBucketCreateRequest (OMBucketCreateRequest.java:validateAndUpdateCache(270)) - created bucket: bucket59265 of layout LEGACY in volume: volume65627
]]></system-out>
  </testcase>
  <testcase name="testSeekOnFileLength" classname="TestOzoneFileSystem" time="1.012">
    <failure type="java.lang.AssertionError"><![CDATA[java.lang.AssertionError: Delete root failed! expected:<0> but was:<1>
	at org.junit.Assert.fail(Assert.java:89)
	at org.junit.Assert.failNotEquals(Assert.java:835)
	at org.junit.Assert.assertEquals(Assert.java:647)
	at org.apache.hadoop.fs.ozone.TestOzoneFileSystem.deleteRootDir(TestOzoneFileSystem.java:807)
	at org.apache.hadoop.fs.ozone.TestOzoneFileSystem.cleanup(TestOzoneFileSystem.java:230)
	at sun.reflect.NativeMethodAccessorImpl.invoke0(Native Method)
	at sun.reflect.NativeMethodAccessorImpl.invoke(NativeMethodAccessorImpl.java:62)
	at sun.reflect.DelegatingMethodAccessorImpl.invoke(DelegatingMethodAccessorImpl.java:43)
	at java.lang.reflect.Method.invoke(Method.java:498)
	at org.junit.runners.model.FrameworkMethod$1.runReflectiveCall(FrameworkMethod.java:59)
	at org.junit.internal.runners.model.ReflectiveCallable.run(ReflectiveCallable.java:12)
	at org.junit.runners.model.FrameworkMethod.invokeExplosively(FrameworkMethod.java:56)
	at org.junit.internal.runners.statements.RunAfters.invokeMethod(RunAfters.java:46)
	at org.junit.internal.runners.statements.RunAfters.evaluate(RunAfters.java:33)
	at org.junit.internal.runners.statements.FailOnTimeout$CallableStatement.call(FailOnTimeout.java:288)
	at org.junit.internal.runners.statements.FailOnTimeout$CallableStatement.call(FailOnTimeout.java:282)
	at java.util.concurrent.FutureTask.run(FutureTask.java:266)
	at java.lang.Thread.run(Thread.java:750)
]]></failure>
    <system-out><![CDATA[2023-08-31 18:16:55,182 [IPC Server handler 19 on default port 15001] INFO  ha.SequenceIdGenerator (SequenceIdGenerator.java:getNextId(140)) - Allocate a batch for containerId, change lastId from 0 to 1000.
2023-08-31 18:16:55,193 [IPC Server handler 19 on default port 15001] WARN  ha.SequenceIdGenerator (SequenceIdGenerator.java:allocateBatch(253)) - Failed to allocate a batch for localId, expected lastId is 0, actual lastId is 111677748019200000.
2023-08-31 18:16:55,193 [IPC Server handler 19 on default port 15001] INFO  ha.SequenceIdGenerator (SequenceIdGenerator.java:getNextId(140)) - Allocate a batch for localId, change lastId from 111677748019200000 to 111677748019201000.
2023-08-31 18:16:55,305 [Time-limited test] INFO  impl.MetricsSystemImpl (MetricsSystemImpl.java:init(158)) - XceiverClientMetrics metrics system started (again)
2023-08-31 18:16:55,305 [Time-limited test] INFO  lib.Interns (Interns.java:removeEldestEntry(50)) - Metrics intern cache overflow at 2011 for MetricsSystem={MetricsSystem=MetricsInfoImpl{name=MetricsSystem, description=MetricsSystem}, MetricsSystem record=MetricsInfoImpl{name=MetricsSystem, description=MetricsSystem record}}
2023-08-31 18:16:56,032 [IPC Server handler 19 on default port 15001] WARN  node.SCMNodeManager (SCMNodeManager.java:getNodesByAddress(1373)) - Cannot find node for address 127.0.0.1
18:16:56.074 [IPC Server handler 5 on default port 15004] ERROR OMAudit - user=runner | ip=127.0.0.1 | op=READ_KEY {volume=volume59479, bucket=bucket48122, key=file_notexist, dataSize=0, replicationConfig=null} | ret=FAILURE
org.apache.hadoop.ozone.om.exceptions.OMException: Key:file_notexist not found
	at org.apache.hadoop.ozone.om.KeyManagerImpl.readKeyInfo(KeyManagerImpl.java:427) ~[ozone-manager-1.4.0-SNAPSHOT.jar:?]
	at org.apache.hadoop.ozone.om.KeyManagerImpl.lambda$9(KeyManagerImpl.java:1931) ~[ozone-manager-1.4.0-SNAPSHOT.jar:?]
	at org.apache.hadoop.util.MetricUtil.captureLatencyNs(MetricUtil.java:39) ~[hdds-common-1.4.0-SNAPSHOT.jar:?]
	at org.apache.hadoop.ozone.om.KeyManagerImpl.getKeyInfo(KeyManagerImpl.java:1929) ~[ozone-manager-1.4.0-SNAPSHOT.jar:?]
	at org.apache.hadoop.ozone.om.OmMetadataReader.getKeyInfo(OmMetadataReader.java:185) ~[ozone-manager-1.4.0-SNAPSHOT.jar:?]
	at org.apache.hadoop.ozone.om.OzoneManager.getKeyInfo(OzoneManager.java:2827) ~[ozone-manager-1.4.0-SNAPSHOT.jar:?]
	at org.apache.hadoop.ozone.protocolPB.OzoneManagerRequestHandler.getKeyInfo(OzoneManagerRequestHandler.java:587) ~[ozone-manager-1.4.0-SNAPSHOT.jar:?]
	at org.apache.hadoop.ozone.protocolPB.OzoneManagerRequestHandler.handleReadRequest(OzoneManagerRequestHandler.java:306) ~[ozone-manager-1.4.0-SNAPSHOT.jar:?]
	at org.apache.hadoop.ozone.protocolPB.OzoneManagerProtocolServerSideTranslatorPB.submitReadRequestToOM(OzoneManagerProtocolServerSideTranslatorPB.java:225) ~[ozone-manager-1.4.0-SNAPSHOT.jar:?]
	at org.apache.hadoop.ozone.protocolPB.OzoneManagerProtocolServerSideTranslatorPB.processRequest(OzoneManagerProtocolServerSideTranslatorPB.java:179) ~[ozone-manager-1.4.0-SNAPSHOT.jar:?]
	at org.apache.hadoop.hdds.server.OzoneProtocolMessageDispatcher.processRequest(OzoneProtocolMessageDispatcher.java:87) [hdds-server-framework-1.4.0-SNAPSHOT.jar:?]
	at org.apache.hadoop.ozone.protocolPB.OzoneManagerProtocolServerSideTranslatorPB.submitRequest(OzoneManagerProtocolServerSideTranslatorPB.java:148) [ozone-manager-1.4.0-SNAPSHOT.jar:?]
	at org.apache.hadoop.ozone.protocol.proto.OzoneManagerProtocolProtos$OzoneManagerService$2.callBlockingMethod(OzoneManagerProtocolProtos.java) [ozone-interface-client-1.4.0-SNAPSHOT.jar:?]
	at org.apache.hadoop.ipc.ProtobufRpcEngine$Server.processCall(ProtobufRpcEngine.java:484) [hadoop-common-3.3.6.jar:?]
	at org.apache.hadoop.ipc.ProtobufRpcEngine2$Server$ProtoBufRpcInvoker.call(ProtobufRpcEngine2.java:595) [hadoop-common-3.3.6.jar:?]
	at org.apache.hadoop.ipc.ProtobufRpcEngine2$Server$ProtoBufRpcInvoker.call(ProtobufRpcEngine2.java:573) [hadoop-common-3.3.6.jar:?]
	at org.apache.hadoop.ipc.RPC$Server.call(RPC.java:1227) [hadoop-common-3.3.6.jar:?]
	at org.apache.hadoop.ipc.Server$RpcCall.run(Server.java:1094) [hadoop-common-3.3.6.jar:?]
	at org.apache.hadoop.ipc.Server$RpcCall.run(Server.java:1017) [hadoop-common-3.3.6.jar:?]
	at java.security.AccessController.doPrivileged(Native Method) ~[?:1.8.0_382]
	at javax.security.auth.Subject.doAs(Subject.java:422) [?:1.8.0_382]
	at org.apache.hadoop.security.UserGroupInformation.doAs(UserGroupInformation.java:1899) [hadoop-common-3.3.6.jar:?]
	at org.apache.hadoop.ipc.Server$Handler.run(Server.java:3048) [hadoop-common-3.3.6.jar:?]
]]></system-out>
  </testcase>
  <testcase name="testSeekOnFileLength" classname="TestOzoneFileSystem" time="0.162">
    <system-out><![CDATA[2023-08-31 18:18:42,232 [IPC Server handler 0 on default port 15054] INFO  ha.SequenceIdGenerator (SequenceIdGenerator.java:getNextId(140)) - Allocate a batch for containerId, change lastId from 0 to 1000.
2023-08-31 18:18:42,233 [IPC Server handler 0 on default port 15054] WARN  ha.SequenceIdGenerator (SequenceIdGenerator.java:allocateBatch(253)) - Failed to allocate a batch for localId, expected lastId is 0, actual lastId is 111677748019200000.
2023-08-31 18:18:42,234 [IPC Server handler 0 on default port 15054] INFO  ha.SequenceIdGenerator (SequenceIdGenerator.java:getNextId(140)) - Allocate a batch for localId, change lastId from 111677748019200000 to 111677748019201000.
2023-08-31 18:18:42,355 [IPC Server handler 18 on default port 15054] WARN  node.SCMNodeManager (SCMNodeManager.java:getNodesByAddress(1373)) - Cannot find node for address 127.0.0.1
18:18:42.367 [IPC Server handler 19 on default port 15057] ERROR OMAudit - user=runner | ip=127.0.0.1 | op=READ_KEY {volume=volume38115, bucket=bucket38025, key=file_notexist, dataSize=0, replicationConfig=null} | ret=FAILURE
org.apache.hadoop.ozone.om.exceptions.OMException: Key:file_notexist not found
	at org.apache.hadoop.ozone.om.KeyManagerImpl.readKeyInfo(KeyManagerImpl.java:427) ~[ozone-manager-1.4.0-SNAPSHOT.jar:?]
	at org.apache.hadoop.ozone.om.KeyManagerImpl.lambda$9(KeyManagerImpl.java:1931) ~[ozone-manager-1.4.0-SNAPSHOT.jar:?]
	at org.apache.hadoop.util.MetricUtil.captureLatencyNs(MetricUtil.java:39) ~[hdds-common-1.4.0-SNAPSHOT.jar:?]
	at org.apache.hadoop.ozone.om.KeyManagerImpl.getKeyInfo(KeyManagerImpl.java:1929) ~[ozone-manager-1.4.0-SNAPSHOT.jar:?]
	at org.apache.hadoop.ozone.om.OmMetadataReader.getKeyInfo(OmMetadataReader.java:185) ~[ozone-manager-1.4.0-SNAPSHOT.jar:?]
	at org.apache.hadoop.ozone.om.OzoneManager.getKeyInfo(OzoneManager.java:2827) ~[ozone-manager-1.4.0-SNAPSHOT.jar:?]
	at org.apache.hadoop.ozone.protocolPB.OzoneManagerRequestHandler.getKeyInfo(OzoneManagerRequestHandler.java:587) ~[ozone-manager-1.4.0-SNAPSHOT.jar:?]
	at org.apache.hadoop.ozone.protocolPB.OzoneManagerRequestHandler.handleReadRequest(OzoneManagerRequestHandler.java:306) ~[ozone-manager-1.4.0-SNAPSHOT.jar:?]
	at org.apache.hadoop.ozone.protocolPB.OzoneManagerProtocolServerSideTranslatorPB.submitRequestDirectlyToOM(OzoneManagerProtocolServerSideTranslatorPB.java:274) ~[ozone-manager-1.4.0-SNAPSHOT.jar:?]
	at org.apache.hadoop.ozone.protocolPB.OzoneManagerProtocolServerSideTranslatorPB.processRequest(OzoneManagerProtocolServerSideTranslatorPB.java:175) ~[ozone-manager-1.4.0-SNAPSHOT.jar:?]
	at org.apache.hadoop.hdds.server.OzoneProtocolMessageDispatcher.processRequest(OzoneProtocolMessageDispatcher.java:87) [hdds-server-framework-1.4.0-SNAPSHOT.jar:?]
	at org.apache.hadoop.ozone.protocolPB.OzoneManagerProtocolServerSideTranslatorPB.submitRequest(OzoneManagerProtocolServerSideTranslatorPB.java:148) [ozone-manager-1.4.0-SNAPSHOT.jar:?]
	at org.apache.hadoop.ozone.protocol.proto.OzoneManagerProtocolProtos$OzoneManagerService$2.callBlockingMethod(OzoneManagerProtocolProtos.java) [ozone-interface-client-1.4.0-SNAPSHOT.jar:?]
	at org.apache.hadoop.ipc.ProtobufRpcEngine$Server.processCall(ProtobufRpcEngine.java:484) [hadoop-common-3.3.6.jar:?]
	at org.apache.hadoop.ipc.ProtobufRpcEngine2$Server$ProtoBufRpcInvoker.call(ProtobufRpcEngine2.java:595) [hadoop-common-3.3.6.jar:?]
	at org.apache.hadoop.ipc.ProtobufRpcEngine2$Server$ProtoBufRpcInvoker.call(ProtobufRpcEngine2.java:573) [hadoop-common-3.3.6.jar:?]
	at org.apache.hadoop.ipc.RPC$Server.call(RPC.java:1227) [hadoop-common-3.3.6.jar:?]
	at org.apache.hadoop.ipc.Server$RpcCall.run(Server.java:1094) [hadoop-common-3.3.6.jar:?]
	at org.apache.hadoop.ipc.Server$RpcCall.run(Server.java:1017) [hadoop-common-3.3.6.jar:?]
	at java.security.AccessController.doPrivileged(Native Method) ~[?:1.8.0_382]
	at javax.security.auth.Subject.doAs(Subject.java:422) [?:1.8.0_382]
	at org.apache.hadoop.security.UserGroupInformation.doAs(UserGroupInformation.java:1899) [hadoop-common-3.3.6.jar:?]
	at org.apache.hadoop.ipc.Server$Handler.run(Server.java:3048) [hadoop-common-3.3.6.jar:?]
]]></system-out>
  </testcase>
  <testcase name="testSeekOnFileLength" classname="TestOzoneFileSystem" time="0.161">
    <system-out><![CDATA[2023-08-31 18:20:01,302 [IPC Server handler 0 on default port 15107] INFO  ha.SequenceIdGenerator (SequenceIdGenerator.java:getNextId(140)) - Allocate a batch for containerId, change lastId from 0 to 1000.
2023-08-31 18:20:01,302 [IPC Server handler 0 on default port 15107] WARN  ha.SequenceIdGenerator (SequenceIdGenerator.java:allocateBatch(253)) - Failed to allocate a batch for localId, expected lastId is 0, actual lastId is 111677748019200000.
2023-08-31 18:20:01,303 [IPC Server handler 0 on default port 15107] INFO  ha.SequenceIdGenerator (SequenceIdGenerator.java:getNextId(140)) - Allocate a batch for localId, change lastId from 111677748019200000 to 111677748019201000.
2023-08-31 18:20:01,427 [IPC Server handler 6 on default port 15107] WARN  node.SCMNodeManager (SCMNodeManager.java:getNodesByAddress(1373)) - Cannot find node for address 127.0.0.1
18:20:01.440 [IPC Server handler 12 on default port 15110] ERROR OMAudit - user=runner | ip=127.0.0.1 | op=READ_KEY {volume=volume40966, bucket=bucket64934, key=file_notexist, dataSize=0, replicationConfig=null} | ret=FAILURE
org.apache.hadoop.ozone.om.exceptions.OMException: Key:file_notexist not found
	at org.apache.hadoop.ozone.om.KeyManagerImpl.readKeyInfo(KeyManagerImpl.java:427) ~[ozone-manager-1.4.0-SNAPSHOT.jar:?]
	at org.apache.hadoop.ozone.om.KeyManagerImpl.lambda$9(KeyManagerImpl.java:1931) ~[ozone-manager-1.4.0-SNAPSHOT.jar:?]
	at org.apache.hadoop.util.MetricUtil.captureLatencyNs(MetricUtil.java:39) ~[hdds-common-1.4.0-SNAPSHOT.jar:?]
	at org.apache.hadoop.ozone.om.KeyManagerImpl.getKeyInfo(KeyManagerImpl.java:1929) ~[ozone-manager-1.4.0-SNAPSHOT.jar:?]
	at org.apache.hadoop.ozone.om.OmMetadataReader.getKeyInfo(OmMetadataReader.java:185) ~[ozone-manager-1.4.0-SNAPSHOT.jar:?]
	at org.apache.hadoop.ozone.om.OzoneManager.getKeyInfo(OzoneManager.java:2827) ~[ozone-manager-1.4.0-SNAPSHOT.jar:?]
	at org.apache.hadoop.ozone.protocolPB.OzoneManagerRequestHandler.getKeyInfo(OzoneManagerRequestHandler.java:587) ~[ozone-manager-1.4.0-SNAPSHOT.jar:?]
	at org.apache.hadoop.ozone.protocolPB.OzoneManagerRequestHandler.handleReadRequest(OzoneManagerRequestHandler.java:306) ~[ozone-manager-1.4.0-SNAPSHOT.jar:?]
	at org.apache.hadoop.ozone.protocolPB.OzoneManagerProtocolServerSideTranslatorPB.submitReadRequestToOM(OzoneManagerProtocolServerSideTranslatorPB.java:225) ~[ozone-manager-1.4.0-SNAPSHOT.jar:?]
	at org.apache.hadoop.ozone.protocolPB.OzoneManagerProtocolServerSideTranslatorPB.processRequest(OzoneManagerProtocolServerSideTranslatorPB.java:179) ~[ozone-manager-1.4.0-SNAPSHOT.jar:?]
	at org.apache.hadoop.hdds.server.OzoneProtocolMessageDispatcher.processRequest(OzoneProtocolMessageDispatcher.java:87) [hdds-server-framework-1.4.0-SNAPSHOT.jar:?]
	at org.apache.hadoop.ozone.protocolPB.OzoneManagerProtocolServerSideTranslatorPB.submitRequest(OzoneManagerProtocolServerSideTranslatorPB.java:148) [ozone-manager-1.4.0-SNAPSHOT.jar:?]
	at org.apache.hadoop.ozone.protocol.proto.OzoneManagerProtocolProtos$OzoneManagerService$2.callBlockingMethod(OzoneManagerProtocolProtos.java) [ozone-interface-client-1.4.0-SNAPSHOT.jar:?]
	at org.apache.hadoop.ipc.ProtobufRpcEngine$Server.processCall(ProtobufRpcEngine.java:484) [hadoop-common-3.3.6.jar:?]
	at org.apache.hadoop.ipc.ProtobufRpcEngine2$Server$ProtoBufRpcInvoker.call(ProtobufRpcEngine2.java:595) [hadoop-common-3.3.6.jar:?]
	at org.apache.hadoop.ipc.ProtobufRpcEngine2$Server$ProtoBufRpcInvoker.call(ProtobufRpcEngine2.java:573) [hadoop-common-3.3.6.jar:?]
	at org.apache.hadoop.ipc.RPC$Server.call(RPC.java:1227) [hadoop-common-3.3.6.jar:?]
	at org.apache.hadoop.ipc.Server$RpcCall.run(Server.java:1094) [hadoop-common-3.3.6.jar:?]
	at org.apache.hadoop.ipc.Server$RpcCall.run(Server.java:1017) [hadoop-common-3.3.6.jar:?]
	at java.security.AccessController.doPrivileged(Native Method) ~[?:1.8.0_382]
	at javax.security.auth.Subject.doAs(Subject.java:422) [?:1.8.0_382]
	at org.apache.hadoop.security.UserGroupInformation.doAs(UserGroupInformation.java:1899) [hadoop-common-3.3.6.jar:?]
	at org.apache.hadoop.ipc.Server$Handler.run(Server.java:3048) [hadoop-common-3.3.6.jar:?]
]]></system-out>
  </testcase>
  <testcase name="testSeekOnFileLength" classname="TestOzoneFileSystem" time="0.139">
    <system-out><![CDATA[2023-08-31 18:21:29,898 [IPC Server handler 4 on default port 15160] INFO  ha.SequenceIdGenerator (SequenceIdGenerator.java:getNextId(140)) - Allocate a batch for containerId, change lastId from 0 to 1000.
2023-08-31 18:21:29,900 [IPC Server handler 4 on default port 15160] WARN  ha.SequenceIdGenerator (SequenceIdGenerator.java:allocateBatch(253)) - Failed to allocate a batch for localId, expected lastId is 0, actual lastId is 111677748019200000.
2023-08-31 18:21:29,901 [IPC Server handler 4 on default port 15160] INFO  ha.SequenceIdGenerator (SequenceIdGenerator.java:getNextId(140)) - Allocate a batch for localId, change lastId from 111677748019200000 to 111677748019201000.
2023-08-31 18:21:29,993 [960d1597-fbff-49c3-85b3-41c3f78a7ab6@group-66E5CFEBCBFE-FollowerState] INFO  impl.FollowerState (FollowerState.java:run(143)) - 960d1597-fbff-49c3-85b3-41c3f78a7ab6@group-66E5CFEBCBFE-FollowerState: change to CANDIDATE, lastRpcElapsedTime:5116453122ns, electionTimeout:5109ms
2023-08-31 18:21:29,993 [960d1597-fbff-49c3-85b3-41c3f78a7ab6@group-66E5CFEBCBFE-FollowerState] INFO  impl.RoleInfo (RoleInfo.java:shutdownFollowerState(110)) - 960d1597-fbff-49c3-85b3-41c3f78a7ab6: shutdown 960d1597-fbff-49c3-85b3-41c3f78a7ab6@group-66E5CFEBCBFE-FollowerState
2023-08-31 18:21:29,993 [960d1597-fbff-49c3-85b3-41c3f78a7ab6@group-66E5CFEBCBFE-FollowerState] INFO  server.RaftServer$Division (RaftServerImpl.java:setRole(329)) - 960d1597-fbff-49c3-85b3-41c3f78a7ab6@group-66E5CFEBCBFE: changes role from  FOLLOWER to CANDIDATE at term 0 for changeToCandidate
2023-08-31 18:21:29,993 [960d1597-fbff-49c3-85b3-41c3f78a7ab6@group-66E5CFEBCBFE-FollowerState] INFO  server.RaftServerConfigKeys (ConfUtils.java:logGet(46)) - raft.server.leaderelection.pre-vote = true (default)
2023-08-31 18:21:29,993 [960d1597-fbff-49c3-85b3-41c3f78a7ab6@group-66E5CFEBCBFE-FollowerState] INFO  impl.RoleInfo (RoleInfo.java:updateAndGet(139)) - 960d1597-fbff-49c3-85b3-41c3f78a7ab6: start 960d1597-fbff-49c3-85b3-41c3f78a7ab6@group-66E5CFEBCBFE-LeaderElection35
2023-08-31 18:21:29,998 [IPC Server handler 1 on default port 15160] WARN  node.SCMNodeManager (SCMNodeManager.java:getNodesByAddress(1373)) - Cannot find node for address 127.0.0.1
2023-08-31 18:21:29,998 [960d1597-fbff-49c3-85b3-41c3f78a7ab6@group-66E5CFEBCBFE-LeaderElection35] INFO  impl.LeaderElection (LeaderElection.java:askForVotes(321)) - 960d1597-fbff-49c3-85b3-41c3f78a7ab6@group-66E5CFEBCBFE-LeaderElection35 PRE_VOTE round 0: submit vote requests at term 0 for -1: peers:[960d1597-fbff-49c3-85b3-41c3f78a7ab6|rpc:10.1.0.8:15182|admin:10.1.0.8:15181|client:10.1.0.8:15180|dataStream:10.1.0.8:15183|priority:1|startupRole:FOLLOWER]|listeners:[], old=null
2023-08-31 18:21:29,998 [960d1597-fbff-49c3-85b3-41c3f78a7ab6@group-66E5CFEBCBFE-LeaderElection35] INFO  impl.LeaderElection (LeaderElection.java:askForVotes(323)) - 960d1597-fbff-49c3-85b3-41c3f78a7ab6@group-66E5CFEBCBFE-LeaderElection35 PRE_VOTE round 0: result PASSED (term=0)
2023-08-31 18:21:30,002 [960d1597-fbff-49c3-85b3-41c3f78a7ab6@group-66E5CFEBCBFE-LeaderElection35] INFO  impl.LeaderElection (LeaderElection.java:askForVotes(321)) - 960d1597-fbff-49c3-85b3-41c3f78a7ab6@group-66E5CFEBCBFE-LeaderElection35 ELECTION round 0: submit vote requests at term 1 for -1: peers:[960d1597-fbff-49c3-85b3-41c3f78a7ab6|rpc:10.1.0.8:15182|admin:10.1.0.8:15181|client:10.1.0.8:15180|dataStream:10.1.0.8:15183|priority:1|startupRole:FOLLOWER]|listeners:[], old=null
2023-08-31 18:21:30,002 [960d1597-fbff-49c3-85b3-41c3f78a7ab6@group-66E5CFEBCBFE-LeaderElection35] INFO  impl.LeaderElection (LeaderElection.java:askForVotes(323)) - 960d1597-fbff-49c3-85b3-41c3f78a7ab6@group-66E5CFEBCBFE-LeaderElection35 ELECTION round 0: result PASSED (term=1)
2023-08-31 18:21:30,002 [960d1597-fbff-49c3-85b3-41c3f78a7ab6@group-66E5CFEBCBFE-LeaderElection35] INFO  impl.RoleInfo (RoleInfo.java:shutdownLeaderElection(130)) - 960d1597-fbff-49c3-85b3-41c3f78a7ab6: shutdown 960d1597-fbff-49c3-85b3-41c3f78a7ab6@group-66E5CFEBCBFE-LeaderElection35
2023-08-31 18:21:30,002 [960d1597-fbff-49c3-85b3-41c3f78a7ab6@group-66E5CFEBCBFE-LeaderElection35] INFO  server.RaftServer$Division (RaftServerImpl.java:setRole(329)) - 960d1597-fbff-49c3-85b3-41c3f78a7ab6@group-66E5CFEBCBFE: changes role from CANDIDATE to LEADER at term 1 for changeToLeader
2023-08-31 18:21:30,002 [960d1597-fbff-49c3-85b3-41c3f78a7ab6@group-66E5CFEBCBFE-LeaderElection35] INFO  ratis.XceiverServerRatis (XceiverServerRatis.java:handleLeaderChangedNotification(902)) - Leader change notification received for group: group-66E5CFEBCBFE with new leaderId: 960d1597-fbff-49c3-85b3-41c3f78a7ab6
2023-08-31 18:21:30,002 [960d1597-fbff-49c3-85b3-41c3f78a7ab6@group-66E5CFEBCBFE-LeaderElection35] INFO  server.RaftServer$Division (ServerState.java:setLeader(317)) - 960d1597-fbff-49c3-85b3-41c3f78a7ab6@group-66E5CFEBCBFE: change Leader from null to 960d1597-fbff-49c3-85b3-41c3f78a7ab6 at term 1 for becomeLeader, leader elected after 5193ms
2023-08-31 18:21:30,002 [960d1597-fbff-49c3-85b3-41c3f78a7ab6@group-66E5CFEBCBFE-LeaderElection35] INFO  server.RaftServerConfigKeys (ConfUtils.java:logGet(46)) - raft.server.staging.catchup.gap = 1000 (default)
2023-08-31 18:21:30,003 [960d1597-fbff-49c3-85b3-41c3f78a7ab6@group-66E5CFEBCBFE-LeaderElection35] INFO  server.RaftServerConfigKeys (ConfUtils.java:logGet(46)) - raft.server.write.element-limit = 1024 (custom)
2023-08-31 18:21:30,003 [960d1597-fbff-49c3-85b3-41c3f78a7ab6@group-66E5CFEBCBFE-LeaderElection35] INFO  server.RaftServerConfigKeys (ConfUtils.java:logGet(46)) - raft.server.write.byte-limit = 1024 M (=1073741824) (custom)
2023-08-31 18:21:30,004 [960d1597-fbff-49c3-85b3-41c3f78a7ab6@group-66E5CFEBCBFE-LeaderElection35] INFO  server.RaftServerConfigKeys (ConfUtils.java:logGet(46)) - raft.server.watch.timeout = 180s (custom)
2023-08-31 18:21:30,004 [960d1597-fbff-49c3-85b3-41c3f78a7ab6@group-66E5CFEBCBFE-LeaderElection35] INFO  server.RaftServerConfigKeys (ConfUtils.java:logGet(46)) - raft.server.watch.timeout.denomination = 1s (default)
2023-08-31 18:21:30,004 [960d1597-fbff-49c3-85b3-41c3f78a7ab6@group-66E5CFEBCBFE-LeaderElection35] INFO  server.RaftServerConfigKeys (ConfUtils.java:logGet(46)) - raft.server.watch.element-limit = 65536 (default)
2023-08-31 18:21:30,004 [960d1597-fbff-49c3-85b3-41c3f78a7ab6@group-66E5CFEBCBFE-LeaderElection35] INFO  server.RaftServerConfigKeys (ConfUtils.java:logGet(46)) - raft.server.write.element-limit = 1024 (custom)
2023-08-31 18:21:30,004 [960d1597-fbff-49c3-85b3-41c3f78a7ab6@group-66E5CFEBCBFE-LeaderElection35] INFO  server.RaftServerConfigKeys (ConfUtils.java:logGet(46)) - raft.server.write.follower.gap.ratio.max = -1.0 (default)
2023-08-31 18:21:30,004 [960d1597-fbff-49c3-85b3-41c3f78a7ab6@group-66E5CFEBCBFE-LeaderElection35] INFO  impl.RoleInfo (RoleInfo.java:updateAndGet(139)) - 960d1597-fbff-49c3-85b3-41c3f78a7ab6: start 960d1597-fbff-49c3-85b3-41c3f78a7ab6@group-66E5CFEBCBFE-LeaderStateImpl
2023-08-31 18:21:30,004 [960d1597-fbff-49c3-85b3-41c3f78a7ab6@group-66E5CFEBCBFE-LeaderElection35] INFO  segmented.SegmentedRaftLogWorker (SegmentedRaftLogWorker.java:startLogSegment(447)) - 960d1597-fbff-49c3-85b3-41c3f78a7ab6@group-66E5CFEBCBFE-SegmentedRaftLogWorker: Starting segment from index:0
2023-08-31 18:21:30,010 [960d1597-fbff-49c3-85b3-41c3f78a7ab6@group-66E5CFEBCBFE-SegmentedRaftLogWorker] INFO  segmented.SegmentedRaftLogWorker (SegmentedRaftLogWorker.java:execute(651)) - 960d1597-fbff-49c3-85b3-41c3f78a7ab6@group-66E5CFEBCBFE-SegmentedRaftLogWorker: created new log segment /home/runner/work/ozone/ozone/hadoop-ozone/integration-test/target/test-dir/MiniOzoneClusterImpl-2bd935e6-826e-4dca-83cf-32fa945e0037/datanode-1/data/ratis/5ea65a6c-6368-4b69-a593-66e5cfebcbfe/current/log_inprogress_0
18:21:30.011 [IPC Server handler 15 on default port 15163] ERROR OMAudit - user=runner | ip=127.0.0.1 | op=READ_KEY {volume=volume65627, bucket=bucket59265, key=file_notexist, dataSize=0, replicationConfig=null} | ret=FAILURE
org.apache.hadoop.ozone.om.exceptions.OMException: Key:file_notexist not found
	at org.apache.hadoop.ozone.om.KeyManagerImpl.readKeyInfo(KeyManagerImpl.java:427) ~[ozone-manager-1.4.0-SNAPSHOT.jar:?]
	at org.apache.hadoop.ozone.om.KeyManagerImpl.lambda$9(KeyManagerImpl.java:1931) ~[ozone-manager-1.4.0-SNAPSHOT.jar:?]
	at org.apache.hadoop.util.MetricUtil.captureLatencyNs(MetricUtil.java:39) ~[hdds-common-1.4.0-SNAPSHOT.jar:?]
	at org.apache.hadoop.ozone.om.KeyManagerImpl.getKeyInfo(KeyManagerImpl.java:1929) ~[ozone-manager-1.4.0-SNAPSHOT.jar:?]
	at org.apache.hadoop.ozone.om.OmMetadataReader.getKeyInfo(OmMetadataReader.java:185) ~[ozone-manager-1.4.0-SNAPSHOT.jar:?]
	at org.apache.hadoop.ozone.om.OzoneManager.getKeyInfo(OzoneManager.java:2827) ~[ozone-manager-1.4.0-SNAPSHOT.jar:?]
	at org.apache.hadoop.ozone.protocolPB.OzoneManagerRequestHandler.getKeyInfo(OzoneManagerRequestHandler.java:587) ~[ozone-manager-1.4.0-SNAPSHOT.jar:?]
	at org.apache.hadoop.ozone.protocolPB.OzoneManagerRequestHandler.handleReadRequest(OzoneManagerRequestHandler.java:306) ~[ozone-manager-1.4.0-SNAPSHOT.jar:?]
	at org.apache.hadoop.ozone.protocolPB.OzoneManagerProtocolServerSideTranslatorPB.submitRequestDirectlyToOM(OzoneManagerProtocolServerSideTranslatorPB.java:274) ~[ozone-manager-1.4.0-SNAPSHOT.jar:?]
	at org.apache.hadoop.ozone.protocolPB.OzoneManagerProtocolServerSideTranslatorPB.processRequest(OzoneManagerProtocolServerSideTranslatorPB.java:175) ~[ozone-manager-1.4.0-SNAPSHOT.jar:?]
	at org.apache.hadoop.hdds.server.OzoneProtocolMessageDispatcher.processRequest(OzoneProtocolMessageDispatcher.java:87) [hdds-server-framework-1.4.0-SNAPSHOT.jar:?]
	at org.apache.hadoop.ozone.protocolPB.OzoneManagerProtocolServerSideTranslatorPB.submitRequest(OzoneManagerProtocolServerSideTranslatorPB.java:148) [ozone-manager-1.4.0-SNAPSHOT.jar:?]
	at org.apache.hadoop.ozone.protocol.proto.OzoneManagerProtocolProtos$OzoneManagerService$2.callBlockingMethod(OzoneManagerProtocolProtos.java) [ozone-interface-client-1.4.0-SNAPSHOT.jar:?]
	at org.apache.hadoop.ipc.ProtobufRpcEngine$Server.processCall(ProtobufRpcEngine.java:484) [hadoop-common-3.3.6.jar:?]
	at org.apache.hadoop.ipc.ProtobufRpcEngine2$Server$ProtoBufRpcInvoker.call(ProtobufRpcEngine2.java:595) [hadoop-common-3.3.6.jar:?]
	at org.apache.hadoop.ipc.ProtobufRpcEngine2$Server$ProtoBufRpcInvoker.call(ProtobufRpcEngine2.java:573) [hadoop-common-3.3.6.jar:?]
	at org.apache.hadoop.ipc.RPC$Server.call(RPC.java:1227) [hadoop-common-3.3.6.jar:?]
	at org.apache.hadoop.ipc.Server$RpcCall.run(Server.java:1094) [hadoop-common-3.3.6.jar:?]
	at org.apache.hadoop.ipc.Server$RpcCall.run(Server.java:1017) [hadoop-common-3.3.6.jar:?]
	at java.security.AccessController.doPrivileged(Native Method) ~[?:1.8.0_382]
	at javax.security.auth.Subject.doAs(Subject.java:422) [?:1.8.0_382]
	at org.apache.hadoop.security.UserGroupInformation.doAs(UserGroupInformation.java:1899) [hadoop-common-3.3.6.jar:?]
	at org.apache.hadoop.ipc.Server$Handler.run(Server.java:3048) [hadoop-common-3.3.6.jar:?]
2023-08-31 18:21:30,012 [960d1597-fbff-49c3-85b3-41c3f78a7ab6@group-66E5CFEBCBFE-LeaderElection35] INFO  server.RaftServer$Division (ServerState.java:setRaftConf(434)) - 960d1597-fbff-49c3-85b3-41c3f78a7ab6@group-66E5CFEBCBFE: set configuration 0: peers:[960d1597-fbff-49c3-85b3-41c3f78a7ab6|rpc:10.1.0.8:15182|admin:10.1.0.8:15181|client:10.1.0.8:15180|dataStream:10.1.0.8:15183|priority:1|startupRole:FOLLOWER]|listeners:[], old=null
]]></system-out>
  </testcase>
  <testcase name="testRenameFile" classname="TestOzoneFileSystem" time="0.251">
    <system-out><![CDATA[18:16:56.186 [IPC Server handler 14 on default port 15004] ERROR OMAudit - user=runner | ip=127.0.0.1 | op=GET_FILE_STATUS {volume=volume59479, bucket=bucket48122, key=root/file1, dataSize=0, replicationConfig=null} | ret=FAILURE
org.apache.hadoop.ozone.om.exceptions.OMException: Unable to get file status: volume: volume59479 bucket: bucket48122 key: root/file1
	at org.apache.hadoop.ozone.om.KeyManagerImpl.getOzoneFileStatus(KeyManagerImpl.java:1195) ~[ozone-manager-1.4.0-SNAPSHOT.jar:?]
	at org.apache.hadoop.ozone.om.KeyManagerImpl.getFileStatus(KeyManagerImpl.java:1113) ~[ozone-manager-1.4.0-SNAPSHOT.jar:?]
	at org.apache.hadoop.ozone.om.OmMetadataReader.getFileStatus(OmMetadataReader.java:262) ~[ozone-manager-1.4.0-SNAPSHOT.jar:?]
	at org.apache.hadoop.ozone.om.OzoneManager.getFileStatus(OzoneManager.java:3530) ~[ozone-manager-1.4.0-SNAPSHOT.jar:?]
	at org.apache.hadoop.ozone.protocolPB.OzoneManagerRequestHandler.getOzoneFileStatus(OzoneManagerRequestHandler.java:973) ~[ozone-manager-1.4.0-SNAPSHOT.jar:?]
	at org.apache.hadoop.ozone.protocolPB.OzoneManagerRequestHandler.handleReadRequest(OzoneManagerRequestHandler.java:252) ~[ozone-manager-1.4.0-SNAPSHOT.jar:?]
	at org.apache.hadoop.ozone.protocolPB.OzoneManagerProtocolServerSideTranslatorPB.submitReadRequestToOM(OzoneManagerProtocolServerSideTranslatorPB.java:225) ~[ozone-manager-1.4.0-SNAPSHOT.jar:?]
	at org.apache.hadoop.ozone.protocolPB.OzoneManagerProtocolServerSideTranslatorPB.processRequest(OzoneManagerProtocolServerSideTranslatorPB.java:179) ~[ozone-manager-1.4.0-SNAPSHOT.jar:?]
	at org.apache.hadoop.hdds.server.OzoneProtocolMessageDispatcher.processRequest(OzoneProtocolMessageDispatcher.java:87) [hdds-server-framework-1.4.0-SNAPSHOT.jar:?]
	at org.apache.hadoop.ozone.protocolPB.OzoneManagerProtocolServerSideTranslatorPB.submitRequest(OzoneManagerProtocolServerSideTranslatorPB.java:148) [ozone-manager-1.4.0-SNAPSHOT.jar:?]
	at org.apache.hadoop.ozone.protocol.proto.OzoneManagerProtocolProtos$OzoneManagerService$2.callBlockingMethod(OzoneManagerProtocolProtos.java) [ozone-interface-client-1.4.0-SNAPSHOT.jar:?]
	at org.apache.hadoop.ipc.ProtobufRpcEngine$Server.processCall(ProtobufRpcEngine.java:484) [hadoop-common-3.3.6.jar:?]
	at org.apache.hadoop.ipc.ProtobufRpcEngine2$Server$ProtoBufRpcInvoker.call(ProtobufRpcEngine2.java:595) [hadoop-common-3.3.6.jar:?]
	at org.apache.hadoop.ipc.ProtobufRpcEngine2$Server$ProtoBufRpcInvoker.call(ProtobufRpcEngine2.java:573) [hadoop-common-3.3.6.jar:?]
	at org.apache.hadoop.ipc.RPC$Server.call(RPC.java:1227) [hadoop-common-3.3.6.jar:?]
	at org.apache.hadoop.ipc.Server$RpcCall.run(Server.java:1094) [hadoop-common-3.3.6.jar:?]
	at org.apache.hadoop.ipc.Server$RpcCall.run(Server.java:1017) [hadoop-common-3.3.6.jar:?]
	at java.security.AccessController.doPrivileged(Native Method) ~[?:1.8.0_382]
	at javax.security.auth.Subject.doAs(Subject.java:422) [?:1.8.0_382]
	at org.apache.hadoop.security.UserGroupInformation.doAs(UserGroupInformation.java:1899) [hadoop-common-3.3.6.jar:?]
	at org.apache.hadoop.ipc.Server$Handler.run(Server.java:3048) [hadoop-common-3.3.6.jar:?]
]]></system-out>
  </testcase>
  <testcase name="testRenameFile" classname="TestOzoneFileSystem" time="0.045">
    <system-out><![CDATA[2023-08-31 18:18:42,387 [55a42498-51b5-4c22-a6d0-b6e523d26bd9@group-F8076EFCF013-FollowerState] INFO  impl.FollowerState (FollowerState.java:run(143)) - 55a42498-51b5-4c22-a6d0-b6e523d26bd9@group-F8076EFCF013-FollowerState: change to CANDIDATE, lastRpcElapsedTime:5070921503ns, electionTimeout:5069ms
2023-08-31 18:18:42,388 [55a42498-51b5-4c22-a6d0-b6e523d26bd9@group-F8076EFCF013-FollowerState] INFO  impl.RoleInfo (RoleInfo.java:shutdownFollowerState(110)) - 55a42498-51b5-4c22-a6d0-b6e523d26bd9: shutdown 55a42498-51b5-4c22-a6d0-b6e523d26bd9@group-F8076EFCF013-FollowerState
2023-08-31 18:18:42,388 [55a42498-51b5-4c22-a6d0-b6e523d26bd9@group-F8076EFCF013-FollowerState] INFO  server.RaftServer$Division (RaftServerImpl.java:setRole(329)) - 55a42498-51b5-4c22-a6d0-b6e523d26bd9@group-F8076EFCF013: changes role from  FOLLOWER to CANDIDATE at term 0 for changeToCandidate
2023-08-31 18:18:42,388 [55a42498-51b5-4c22-a6d0-b6e523d26bd9@group-F8076EFCF013-FollowerState] INFO  server.RaftServerConfigKeys (ConfUtils.java:logGet(46)) - raft.server.leaderelection.pre-vote = true (default)
2023-08-31 18:18:42,388 [55a42498-51b5-4c22-a6d0-b6e523d26bd9@group-F8076EFCF013-FollowerState] INFO  impl.RoleInfo (RoleInfo.java:updateAndGet(139)) - 55a42498-51b5-4c22-a6d0-b6e523d26bd9: start 55a42498-51b5-4c22-a6d0-b6e523d26bd9@group-F8076EFCF013-LeaderElection17
18:18:42.393 [IPC Server handler 4 on default port 15057] ERROR OMAudit - user=runner | ip=127.0.0.1 | op=GET_FILE_STATUS {volume=volume38115, bucket=bucket38025, key=root/file1, dataSize=0, replicationConfig=null} | ret=FAILURE
org.apache.hadoop.ozone.om.exceptions.OMException: Unable to get file status: volume: volume38115 bucket: bucket38025 key: root/file1
	at org.apache.hadoop.ozone.om.KeyManagerImpl.getOzoneFileStatus(KeyManagerImpl.java:1195) ~[ozone-manager-1.4.0-SNAPSHOT.jar:?]
	at org.apache.hadoop.ozone.om.KeyManagerImpl.getFileStatus(KeyManagerImpl.java:1113) ~[ozone-manager-1.4.0-SNAPSHOT.jar:?]
	at org.apache.hadoop.ozone.om.OmMetadataReader.getFileStatus(OmMetadataReader.java:262) ~[ozone-manager-1.4.0-SNAPSHOT.jar:?]
	at org.apache.hadoop.ozone.om.OzoneManager.getFileStatus(OzoneManager.java:3530) ~[ozone-manager-1.4.0-SNAPSHOT.jar:?]
	at org.apache.hadoop.ozone.protocolPB.OzoneManagerRequestHandler.getOzoneFileStatus(OzoneManagerRequestHandler.java:973) ~[ozone-manager-1.4.0-SNAPSHOT.jar:?]
	at org.apache.hadoop.ozone.protocolPB.OzoneManagerRequestHandler.handleReadRequest(OzoneManagerRequestHandler.java:252) ~[ozone-manager-1.4.0-SNAPSHOT.jar:?]
	at org.apache.hadoop.ozone.protocolPB.OzoneManagerProtocolServerSideTranslatorPB.submitRequestDirectlyToOM(OzoneManagerProtocolServerSideTranslatorPB.java:274) ~[ozone-manager-1.4.0-SNAPSHOT.jar:?]
	at org.apache.hadoop.ozone.protocolPB.OzoneManagerProtocolServerSideTranslatorPB.processRequest(OzoneManagerProtocolServerSideTranslatorPB.java:175) ~[ozone-manager-1.4.0-SNAPSHOT.jar:?]
	at org.apache.hadoop.hdds.server.OzoneProtocolMessageDispatcher.processRequest(OzoneProtocolMessageDispatcher.java:87) [hdds-server-framework-1.4.0-SNAPSHOT.jar:?]
	at org.apache.hadoop.ozone.protocolPB.OzoneManagerProtocolServerSideTranslatorPB.submitRequest(OzoneManagerProtocolServerSideTranslatorPB.java:148) [ozone-manager-1.4.0-SNAPSHOT.jar:?]
	at org.apache.hadoop.ozone.protocol.proto.OzoneManagerProtocolProtos$OzoneManagerService$2.callBlockingMethod(OzoneManagerProtocolProtos.java) [ozone-interface-client-1.4.0-SNAPSHOT.jar:?]
	at org.apache.hadoop.ipc.ProtobufRpcEngine$Server.processCall(ProtobufRpcEngine.java:484) [hadoop-common-3.3.6.jar:?]
	at org.apache.hadoop.ipc.ProtobufRpcEngine2$Server$ProtoBufRpcInvoker.call(ProtobufRpcEngine2.java:595) [hadoop-common-3.3.6.jar:?]
	at org.apache.hadoop.ipc.ProtobufRpcEngine2$Server$ProtoBufRpcInvoker.call(ProtobufRpcEngine2.java:573) [hadoop-common-3.3.6.jar:?]
	at org.apache.hadoop.ipc.RPC$Server.call(RPC.java:1227) [hadoop-common-3.3.6.jar:?]
	at org.apache.hadoop.ipc.Server$RpcCall.run(Server.java:1094) [hadoop-common-3.3.6.jar:?]
	at org.apache.hadoop.ipc.Server$RpcCall.run(Server.java:1017) [hadoop-common-3.3.6.jar:?]
	at java.security.AccessController.doPrivileged(Native Method) ~[?:1.8.0_382]
	at javax.security.auth.Subject.doAs(Subject.java:422) [?:1.8.0_382]
	at org.apache.hadoop.security.UserGroupInformation.doAs(UserGroupInformation.java:1899) [hadoop-common-3.3.6.jar:?]
	at org.apache.hadoop.ipc.Server$Handler.run(Server.java:3048) [hadoop-common-3.3.6.jar:?]
2023-08-31 18:18:42,396 [55a42498-51b5-4c22-a6d0-b6e523d26bd9@group-F8076EFCF013-LeaderElection17] INFO  impl.LeaderElection (LeaderElection.java:askForVotes(321)) - 55a42498-51b5-4c22-a6d0-b6e523d26bd9@group-F8076EFCF013-LeaderElection17 PRE_VOTE round 0: submit vote requests at term 0 for -1: peers:[55a42498-51b5-4c22-a6d0-b6e523d26bd9|rpc:10.1.0.8:15085|admin:10.1.0.8:15084|client:10.1.0.8:15083|dataStream:10.1.0.8:15086|priority:1|startupRole:FOLLOWER]|listeners:[], old=null
2023-08-31 18:18:42,396 [55a42498-51b5-4c22-a6d0-b6e523d26bd9@group-F8076EFCF013-LeaderElection17] INFO  impl.LeaderElection (LeaderElection.java:askForVotes(323)) - 55a42498-51b5-4c22-a6d0-b6e523d26bd9@group-F8076EFCF013-LeaderElection17 PRE_VOTE round 0: result PASSED (term=0)
2023-08-31 18:18:42,400 [55a42498-51b5-4c22-a6d0-b6e523d26bd9@group-F8076EFCF013-LeaderElection17] INFO  impl.LeaderElection (LeaderElection.java:askForVotes(321)) - 55a42498-51b5-4c22-a6d0-b6e523d26bd9@group-F8076EFCF013-LeaderElection17 ELECTION round 0: submit vote requests at term 1 for -1: peers:[55a42498-51b5-4c22-a6d0-b6e523d26bd9|rpc:10.1.0.8:15085|admin:10.1.0.8:15084|client:10.1.0.8:15083|dataStream:10.1.0.8:15086|priority:1|startupRole:FOLLOWER]|listeners:[], old=null
2023-08-31 18:18:42,400 [55a42498-51b5-4c22-a6d0-b6e523d26bd9@group-F8076EFCF013-LeaderElection17] INFO  impl.LeaderElection (LeaderElection.java:askForVotes(323)) - 55a42498-51b5-4c22-a6d0-b6e523d26bd9@group-F8076EFCF013-LeaderElection17 ELECTION round 0: result PASSED (term=1)
2023-08-31 18:18:42,400 [55a42498-51b5-4c22-a6d0-b6e523d26bd9@group-F8076EFCF013-LeaderElection17] INFO  impl.RoleInfo (RoleInfo.java:shutdownLeaderElection(130)) - 55a42498-51b5-4c22-a6d0-b6e523d26bd9: shutdown 55a42498-51b5-4c22-a6d0-b6e523d26bd9@group-F8076EFCF013-LeaderElection17
2023-08-31 18:18:42,400 [55a42498-51b5-4c22-a6d0-b6e523d26bd9@group-F8076EFCF013-LeaderElection17] INFO  server.RaftServer$Division (RaftServerImpl.java:setRole(329)) - 55a42498-51b5-4c22-a6d0-b6e523d26bd9@group-F8076EFCF013: changes role from CANDIDATE to LEADER at term 1 for changeToLeader
2023-08-31 18:18:42,400 [55a42498-51b5-4c22-a6d0-b6e523d26bd9@group-F8076EFCF013-LeaderElection17] INFO  ratis.XceiverServerRatis (XceiverServerRatis.java:handleLeaderChangedNotification(902)) - Leader change notification received for group: group-F8076EFCF013 with new leaderId: 55a42498-51b5-4c22-a6d0-b6e523d26bd9
2023-08-31 18:18:42,406 [55a42498-51b5-4c22-a6d0-b6e523d26bd9@group-F8076EFCF013-LeaderElection17] INFO  server.RaftServer$Division (ServerState.java:setLeader(317)) - 55a42498-51b5-4c22-a6d0-b6e523d26bd9@group-F8076EFCF013: change Leader from null to 55a42498-51b5-4c22-a6d0-b6e523d26bd9 at term 1 for becomeLeader, leader elected after 5102ms
2023-08-31 18:18:42,407 [55a42498-51b5-4c22-a6d0-b6e523d26bd9@group-F8076EFCF013-LeaderElection17] INFO  server.RaftServerConfigKeys (ConfUtils.java:logGet(46)) - raft.server.staging.catchup.gap = 1000 (default)
2023-08-31 18:18:42,407 [55a42498-51b5-4c22-a6d0-b6e523d26bd9@group-F8076EFCF013-LeaderElection17] INFO  server.RaftServerConfigKeys (ConfUtils.java:logGet(46)) - raft.server.write.element-limit = 1024 (custom)
2023-08-31 18:18:42,407 [55a42498-51b5-4c22-a6d0-b6e523d26bd9@group-F8076EFCF013-LeaderElection17] INFO  server.RaftServerConfigKeys (ConfUtils.java:logGet(46)) - raft.server.write.byte-limit = 1024 M (=1073741824) (custom)
2023-08-31 18:18:42,409 [55a42498-51b5-4c22-a6d0-b6e523d26bd9@group-F8076EFCF013-LeaderElection17] INFO  server.RaftServerConfigKeys (ConfUtils.java:logGet(46)) - raft.server.watch.timeout = 180s (custom)
2023-08-31 18:18:42,409 [55a42498-51b5-4c22-a6d0-b6e523d26bd9@group-F8076EFCF013-LeaderElection17] INFO  server.RaftServerConfigKeys (ConfUtils.java:logGet(46)) - raft.server.watch.timeout.denomination = 1s (default)
2023-08-31 18:18:42,410 [55a42498-51b5-4c22-a6d0-b6e523d26bd9@group-F8076EFCF013-LeaderElection17] INFO  server.RaftServerConfigKeys (ConfUtils.java:logGet(46)) - raft.server.watch.element-limit = 65536 (default)
2023-08-31 18:18:42,410 [55a42498-51b5-4c22-a6d0-b6e523d26bd9@group-F8076EFCF013-LeaderElection17] INFO  server.RaftServerConfigKeys (ConfUtils.java:logGet(46)) - raft.server.write.element-limit = 1024 (custom)
2023-08-31 18:18:42,410 [55a42498-51b5-4c22-a6d0-b6e523d26bd9@group-F8076EFCF013-LeaderElection17] INFO  server.RaftServerConfigKeys (ConfUtils.java:logGet(46)) - raft.server.write.follower.gap.ratio.max = -1.0 (default)
2023-08-31 18:18:42,411 [55a42498-51b5-4c22-a6d0-b6e523d26bd9@group-F8076EFCF013-LeaderElection17] INFO  impl.RoleInfo (RoleInfo.java:updateAndGet(139)) - 55a42498-51b5-4c22-a6d0-b6e523d26bd9: start 55a42498-51b5-4c22-a6d0-b6e523d26bd9@group-F8076EFCF013-LeaderStateImpl
2023-08-31 18:18:42,412 [55a42498-51b5-4c22-a6d0-b6e523d26bd9@group-F8076EFCF013-LeaderElection17] INFO  segmented.SegmentedRaftLogWorker (SegmentedRaftLogWorker.java:startLogSegment(447)) - 55a42498-51b5-4c22-a6d0-b6e523d26bd9@group-F8076EFCF013-SegmentedRaftLogWorker: Starting segment from index:0
2023-08-31 18:18:42,416 [55a42498-51b5-4c22-a6d0-b6e523d26bd9@group-F8076EFCF013-SegmentedRaftLogWorker] INFO  segmented.SegmentedRaftLogWorker (SegmentedRaftLogWorker.java:execute(651)) - 55a42498-51b5-4c22-a6d0-b6e523d26bd9@group-F8076EFCF013-SegmentedRaftLogWorker: created new log segment /home/runner/work/ozone/ozone/hadoop-ozone/integration-test/target/test-dir/MiniOzoneClusterImpl-1f897967-a85f-45b1-932e-48a7a77b5829/datanode-2/data/ratis/226b06c0-a77e-4589-971c-f8076efcf013/current/log_inprogress_0
]]></system-out>
  </testcase>
  <testcase name="testRenameFile" classname="TestOzoneFileSystem" time="0.04">
    <system-out><![CDATA[18:20:01.464 [IPC Server handler 0 on default port 15110] ERROR OMAudit - user=runner | ip=127.0.0.1 | op=GET_FILE_STATUS {volume=volume40966, bucket=bucket64934, key=root/file1, dataSize=0, replicationConfig=null} | ret=FAILURE
org.apache.hadoop.ozone.om.exceptions.OMException: Unable to get file status: volume: volume40966 bucket: bucket64934 key: root/file1
	at org.apache.hadoop.ozone.om.KeyManagerImpl.getOzoneFileStatus(KeyManagerImpl.java:1195) ~[ozone-manager-1.4.0-SNAPSHOT.jar:?]
	at org.apache.hadoop.ozone.om.KeyManagerImpl.getFileStatus(KeyManagerImpl.java:1113) ~[ozone-manager-1.4.0-SNAPSHOT.jar:?]
	at org.apache.hadoop.ozone.om.OmMetadataReader.getFileStatus(OmMetadataReader.java:262) ~[ozone-manager-1.4.0-SNAPSHOT.jar:?]
	at org.apache.hadoop.ozone.om.OzoneManager.getFileStatus(OzoneManager.java:3530) ~[ozone-manager-1.4.0-SNAPSHOT.jar:?]
	at org.apache.hadoop.ozone.protocolPB.OzoneManagerRequestHandler.getOzoneFileStatus(OzoneManagerRequestHandler.java:973) ~[ozone-manager-1.4.0-SNAPSHOT.jar:?]
	at org.apache.hadoop.ozone.protocolPB.OzoneManagerRequestHandler.handleReadRequest(OzoneManagerRequestHandler.java:252) ~[ozone-manager-1.4.0-SNAPSHOT.jar:?]
	at org.apache.hadoop.ozone.protocolPB.OzoneManagerProtocolServerSideTranslatorPB.submitReadRequestToOM(OzoneManagerProtocolServerSideTranslatorPB.java:225) ~[ozone-manager-1.4.0-SNAPSHOT.jar:?]
	at org.apache.hadoop.ozone.protocolPB.OzoneManagerProtocolServerSideTranslatorPB.processRequest(OzoneManagerProtocolServerSideTranslatorPB.java:179) ~[ozone-manager-1.4.0-SNAPSHOT.jar:?]
	at org.apache.hadoop.hdds.server.OzoneProtocolMessageDispatcher.processRequest(OzoneProtocolMessageDispatcher.java:87) [hdds-server-framework-1.4.0-SNAPSHOT.jar:?]
	at org.apache.hadoop.ozone.protocolPB.OzoneManagerProtocolServerSideTranslatorPB.submitRequest(OzoneManagerProtocolServerSideTranslatorPB.java:148) [ozone-manager-1.4.0-SNAPSHOT.jar:?]
	at org.apache.hadoop.ozone.protocol.proto.OzoneManagerProtocolProtos$OzoneManagerService$2.callBlockingMethod(OzoneManagerProtocolProtos.java) [ozone-interface-client-1.4.0-SNAPSHOT.jar:?]
	at org.apache.hadoop.ipc.ProtobufRpcEngine$Server.processCall(ProtobufRpcEngine.java:484) [hadoop-common-3.3.6.jar:?]
	at org.apache.hadoop.ipc.ProtobufRpcEngine2$Server$ProtoBufRpcInvoker.call(ProtobufRpcEngine2.java:595) [hadoop-common-3.3.6.jar:?]
	at org.apache.hadoop.ipc.ProtobufRpcEngine2$Server$ProtoBufRpcInvoker.call(ProtobufRpcEngine2.java:573) [hadoop-common-3.3.6.jar:?]
	at org.apache.hadoop.ipc.RPC$Server.call(RPC.java:1227) [hadoop-common-3.3.6.jar:?]
	at org.apache.hadoop.ipc.Server$RpcCall.run(Server.java:1094) [hadoop-common-3.3.6.jar:?]
	at org.apache.hadoop.ipc.Server$RpcCall.run(Server.java:1017) [hadoop-common-3.3.6.jar:?]
	at java.security.AccessController.doPrivileged(Native Method) ~[?:1.8.0_382]
	at javax.security.auth.Subject.doAs(Subject.java:422) [?:1.8.0_382]
	at org.apache.hadoop.security.UserGroupInformation.doAs(UserGroupInformation.java:1899) [hadoop-common-3.3.6.jar:?]
	at org.apache.hadoop.ipc.Server$Handler.run(Server.java:3048) [hadoop-common-3.3.6.jar:?]
]]></system-out>
  </testcase>
  <testcase name="testRenameFile" classname="TestOzoneFileSystem" time="0.034">
    <system-out><![CDATA[18:21:30.033 [IPC Server handler 5 on default port 15163] ERROR OMAudit - user=runner | ip=127.0.0.1 | op=GET_FILE_STATUS {volume=volume65627, bucket=bucket59265, key=root/file1, dataSize=0, replicationConfig=null} | ret=FAILURE
org.apache.hadoop.ozone.om.exceptions.OMException: Unable to get file status: volume: volume65627 bucket: bucket59265 key: root/file1
	at org.apache.hadoop.ozone.om.KeyManagerImpl.getOzoneFileStatus(KeyManagerImpl.java:1195) ~[ozone-manager-1.4.0-SNAPSHOT.jar:?]
	at org.apache.hadoop.ozone.om.KeyManagerImpl.getFileStatus(KeyManagerImpl.java:1113) ~[ozone-manager-1.4.0-SNAPSHOT.jar:?]
	at org.apache.hadoop.ozone.om.OmMetadataReader.getFileStatus(OmMetadataReader.java:262) ~[ozone-manager-1.4.0-SNAPSHOT.jar:?]
	at org.apache.hadoop.ozone.om.OzoneManager.getFileStatus(OzoneManager.java:3530) ~[ozone-manager-1.4.0-SNAPSHOT.jar:?]
	at org.apache.hadoop.ozone.protocolPB.OzoneManagerRequestHandler.getOzoneFileStatus(OzoneManagerRequestHandler.java:973) ~[ozone-manager-1.4.0-SNAPSHOT.jar:?]
	at org.apache.hadoop.ozone.protocolPB.OzoneManagerRequestHandler.handleReadRequest(OzoneManagerRequestHandler.java:252) ~[ozone-manager-1.4.0-SNAPSHOT.jar:?]
	at org.apache.hadoop.ozone.protocolPB.OzoneManagerProtocolServerSideTranslatorPB.submitRequestDirectlyToOM(OzoneManagerProtocolServerSideTranslatorPB.java:274) ~[ozone-manager-1.4.0-SNAPSHOT.jar:?]
	at org.apache.hadoop.ozone.protocolPB.OzoneManagerProtocolServerSideTranslatorPB.processRequest(OzoneManagerProtocolServerSideTranslatorPB.java:175) ~[ozone-manager-1.4.0-SNAPSHOT.jar:?]
	at org.apache.hadoop.hdds.server.OzoneProtocolMessageDispatcher.processRequest(OzoneProtocolMessageDispatcher.java:87) [hdds-server-framework-1.4.0-SNAPSHOT.jar:?]
	at org.apache.hadoop.ozone.protocolPB.OzoneManagerProtocolServerSideTranslatorPB.submitRequest(OzoneManagerProtocolServerSideTranslatorPB.java:148) [ozone-manager-1.4.0-SNAPSHOT.jar:?]
	at org.apache.hadoop.ozone.protocol.proto.OzoneManagerProtocolProtos$OzoneManagerService$2.callBlockingMethod(OzoneManagerProtocolProtos.java) [ozone-interface-client-1.4.0-SNAPSHOT.jar:?]
	at org.apache.hadoop.ipc.ProtobufRpcEngine$Server.processCall(ProtobufRpcEngine.java:484) [hadoop-common-3.3.6.jar:?]
	at org.apache.hadoop.ipc.ProtobufRpcEngine2$Server$ProtoBufRpcInvoker.call(ProtobufRpcEngine2.java:595) [hadoop-common-3.3.6.jar:?]
	at org.apache.hadoop.ipc.ProtobufRpcEngine2$Server$ProtoBufRpcInvoker.call(ProtobufRpcEngine2.java:573) [hadoop-common-3.3.6.jar:?]
	at org.apache.hadoop.ipc.RPC$Server.call(RPC.java:1227) [hadoop-common-3.3.6.jar:?]
	at org.apache.hadoop.ipc.Server$RpcCall.run(Server.java:1094) [hadoop-common-3.3.6.jar:?]
	at org.apache.hadoop.ipc.Server$RpcCall.run(Server.java:1017) [hadoop-common-3.3.6.jar:?]
	at java.security.AccessController.doPrivileged(Native Method) ~[?:1.8.0_382]
	at javax.security.auth.Subject.doAs(Subject.java:422) [?:1.8.0_382]
	at org.apache.hadoop.security.UserGroupInformation.doAs(UserGroupInformation.java:1899) [hadoop-common-3.3.6.jar:?]
	at org.apache.hadoop.ipc.Server$Handler.run(Server.java:3048) [hadoop-common-3.3.6.jar:?]
]]></system-out>
  </testcase>
  <testcase name="testRenameDir" classname="TestOzoneFileSystem" time="0.089">
    <system-out><![CDATA[2023-08-31 18:16:56,397 [Time-limited test] INFO  ozone.TestOzoneFileSystem (TestOzoneFileSystem.java:testRenameDir(1435)) - Created dir o3fs://bucket48122.volume59479/root_dir/dir1/sub_dir1
2023-08-31 18:16:56,397 [Time-limited test] INFO  ozone.TestOzoneFileSystem (TestOzoneFileSystem.java:testRenameDir(1436)) - Will move o3fs://bucket48122.volume59479/root_dir/dir1 to o3fs://bucket48122.volume59479/root_dir/dir1.renamed
18:16:56.403 [IPC Server handler 7 on default port 15004] ERROR OMAudit - user=runner | ip=127.0.0.1 | op=GET_FILE_STATUS {volume=volume59479, bucket=bucket48122, key=root_dir/dir1.renamed, dataSize=0, replicationConfig=null} | ret=FAILURE
org.apache.hadoop.ozone.om.exceptions.OMException: Unable to get file status: volume: volume59479 bucket: bucket48122 key: root_dir/dir1.renamed
	at org.apache.hadoop.ozone.om.KeyManagerImpl.getOzoneFileStatus(KeyManagerImpl.java:1195) ~[ozone-manager-1.4.0-SNAPSHOT.jar:?]
	at org.apache.hadoop.ozone.om.KeyManagerImpl.getFileStatus(KeyManagerImpl.java:1113) ~[ozone-manager-1.4.0-SNAPSHOT.jar:?]
	at org.apache.hadoop.ozone.om.OmMetadataReader.getFileStatus(OmMetadataReader.java:262) ~[ozone-manager-1.4.0-SNAPSHOT.jar:?]
	at org.apache.hadoop.ozone.om.OzoneManager.getFileStatus(OzoneManager.java:3530) ~[ozone-manager-1.4.0-SNAPSHOT.jar:?]
	at org.apache.hadoop.ozone.protocolPB.OzoneManagerRequestHandler.getOzoneFileStatus(OzoneManagerRequestHandler.java:973) ~[ozone-manager-1.4.0-SNAPSHOT.jar:?]
	at org.apache.hadoop.ozone.protocolPB.OzoneManagerRequestHandler.handleReadRequest(OzoneManagerRequestHandler.java:252) ~[ozone-manager-1.4.0-SNAPSHOT.jar:?]
	at org.apache.hadoop.ozone.protocolPB.OzoneManagerProtocolServerSideTranslatorPB.submitReadRequestToOM(OzoneManagerProtocolServerSideTranslatorPB.java:225) ~[ozone-manager-1.4.0-SNAPSHOT.jar:?]
	at org.apache.hadoop.ozone.protocolPB.OzoneManagerProtocolServerSideTranslatorPB.processRequest(OzoneManagerProtocolServerSideTranslatorPB.java:179) ~[ozone-manager-1.4.0-SNAPSHOT.jar:?]
	at org.apache.hadoop.hdds.server.OzoneProtocolMessageDispatcher.processRequest(OzoneProtocolMessageDispatcher.java:87) [hdds-server-framework-1.4.0-SNAPSHOT.jar:?]
	at org.apache.hadoop.ozone.protocolPB.OzoneManagerProtocolServerSideTranslatorPB.submitRequest(OzoneManagerProtocolServerSideTranslatorPB.java:148) [ozone-manager-1.4.0-SNAPSHOT.jar:?]
	at org.apache.hadoop.ozone.protocol.proto.OzoneManagerProtocolProtos$OzoneManagerService$2.callBlockingMethod(OzoneManagerProtocolProtos.java) [ozone-interface-client-1.4.0-SNAPSHOT.jar:?]
	at org.apache.hadoop.ipc.ProtobufRpcEngine$Server.processCall(ProtobufRpcEngine.java:484) [hadoop-common-3.3.6.jar:?]
	at org.apache.hadoop.ipc.ProtobufRpcEngine2$Server$ProtoBufRpcInvoker.call(ProtobufRpcEngine2.java:595) [hadoop-common-3.3.6.jar:?]
	at org.apache.hadoop.ipc.ProtobufRpcEngine2$Server$ProtoBufRpcInvoker.call(ProtobufRpcEngine2.java:573) [hadoop-common-3.3.6.jar:?]
	at org.apache.hadoop.ipc.RPC$Server.call(RPC.java:1227) [hadoop-common-3.3.6.jar:?]
	at org.apache.hadoop.ipc.Server$RpcCall.run(Server.java:1094) [hadoop-common-3.3.6.jar:?]
	at org.apache.hadoop.ipc.Server$RpcCall.run(Server.java:1017) [hadoop-common-3.3.6.jar:?]
	at java.security.AccessController.doPrivileged(Native Method) ~[?:1.8.0_382]
	at javax.security.auth.Subject.doAs(Subject.java:422) [?:1.8.0_382]
	at org.apache.hadoop.security.UserGroupInformation.doAs(UserGroupInformation.java:1899) [hadoop-common-3.3.6.jar:?]
	at org.apache.hadoop.ipc.Server$Handler.run(Server.java:3048) [hadoop-common-3.3.6.jar:?]
]]></system-out>
  </testcase>
  <testcase name="testRenameDir" classname="TestOzoneFileSystem" time="0.031">
    <system-out><![CDATA[2023-08-31 18:18:42,426 [55a42498-51b5-4c22-a6d0-b6e523d26bd9@group-F8076EFCF013-LeaderElection17] INFO  server.RaftServer$Division (ServerState.java:setRaftConf(434)) - 55a42498-51b5-4c22-a6d0-b6e523d26bd9@group-F8076EFCF013: set configuration 0: peers:[55a42498-51b5-4c22-a6d0-b6e523d26bd9|rpc:10.1.0.8:15085|admin:10.1.0.8:15084|client:10.1.0.8:15083|dataStream:10.1.0.8:15086|priority:1|startupRole:FOLLOWER]|listeners:[], old=null
2023-08-31 18:18:42,435 [Time-limited test] INFO  ozone.TestOzoneFileSystem (TestOzoneFileSystem.java:testRenameDir(1435)) - Created dir o3fs://bucket38025.volume38115/root_dir/dir1/sub_dir1
2023-08-31 18:18:42,436 [Time-limited test] INFO  ozone.TestOzoneFileSystem (TestOzoneFileSystem.java:testRenameDir(1436)) - Will move o3fs://bucket38025.volume38115/root_dir/dir1 to o3fs://bucket38025.volume38115/root_dir/dir1.renamed
18:18:42.437 [IPC Server handler 1 on default port 15057] ERROR OMAudit - user=runner | ip=127.0.0.1 | op=GET_FILE_STATUS {volume=volume38115, bucket=bucket38025, key=root_dir/dir1.renamed, dataSize=0, replicationConfig=null} | ret=FAILURE
org.apache.hadoop.ozone.om.exceptions.OMException: Unable to get file status: volume: volume38115 bucket: bucket38025 key: root_dir/dir1.renamed
	at org.apache.hadoop.ozone.om.KeyManagerImpl.getOzoneFileStatus(KeyManagerImpl.java:1195) ~[ozone-manager-1.4.0-SNAPSHOT.jar:?]
	at org.apache.hadoop.ozone.om.KeyManagerImpl.getFileStatus(KeyManagerImpl.java:1113) ~[ozone-manager-1.4.0-SNAPSHOT.jar:?]
	at org.apache.hadoop.ozone.om.OmMetadataReader.getFileStatus(OmMetadataReader.java:262) ~[ozone-manager-1.4.0-SNAPSHOT.jar:?]
	at org.apache.hadoop.ozone.om.OzoneManager.getFileStatus(OzoneManager.java:3530) ~[ozone-manager-1.4.0-SNAPSHOT.jar:?]
	at org.apache.hadoop.ozone.protocolPB.OzoneManagerRequestHandler.getOzoneFileStatus(OzoneManagerRequestHandler.java:973) ~[ozone-manager-1.4.0-SNAPSHOT.jar:?]
	at org.apache.hadoop.ozone.protocolPB.OzoneManagerRequestHandler.handleReadRequest(OzoneManagerRequestHandler.java:252) ~[ozone-manager-1.4.0-SNAPSHOT.jar:?]
	at org.apache.hadoop.ozone.protocolPB.OzoneManagerProtocolServerSideTranslatorPB.submitRequestDirectlyToOM(OzoneManagerProtocolServerSideTranslatorPB.java:274) ~[ozone-manager-1.4.0-SNAPSHOT.jar:?]
	at org.apache.hadoop.ozone.protocolPB.OzoneManagerProtocolServerSideTranslatorPB.processRequest(OzoneManagerProtocolServerSideTranslatorPB.java:175) ~[ozone-manager-1.4.0-SNAPSHOT.jar:?]
	at org.apache.hadoop.hdds.server.OzoneProtocolMessageDispatcher.processRequest(OzoneProtocolMessageDispatcher.java:87) [hdds-server-framework-1.4.0-SNAPSHOT.jar:?]
	at org.apache.hadoop.ozone.protocolPB.OzoneManagerProtocolServerSideTranslatorPB.submitRequest(OzoneManagerProtocolServerSideTranslatorPB.java:148) [ozone-manager-1.4.0-SNAPSHOT.jar:?]
	at org.apache.hadoop.ozone.protocol.proto.OzoneManagerProtocolProtos$OzoneManagerService$2.callBlockingMethod(OzoneManagerProtocolProtos.java) [ozone-interface-client-1.4.0-SNAPSHOT.jar:?]
	at org.apache.hadoop.ipc.ProtobufRpcEngine$Server.processCall(ProtobufRpcEngine.java:484) [hadoop-common-3.3.6.jar:?]
	at org.apache.hadoop.ipc.ProtobufRpcEngine2$Server$ProtoBufRpcInvoker.call(ProtobufRpcEngine2.java:595) [hadoop-common-3.3.6.jar:?]
	at org.apache.hadoop.ipc.ProtobufRpcEngine2$Server$ProtoBufRpcInvoker.call(ProtobufRpcEngine2.java:573) [hadoop-common-3.3.6.jar:?]
	at org.apache.hadoop.ipc.RPC$Server.call(RPC.java:1227) [hadoop-common-3.3.6.jar:?]
	at org.apache.hadoop.ipc.Server$RpcCall.run(Server.java:1094) [hadoop-common-3.3.6.jar:?]
	at org.apache.hadoop.ipc.Server$RpcCall.run(Server.java:1017) [hadoop-common-3.3.6.jar:?]
	at java.security.AccessController.doPrivileged(Native Method) ~[?:1.8.0_382]
	at javax.security.auth.Subject.doAs(Subject.java:422) [?:1.8.0_382]
	at org.apache.hadoop.security.UserGroupInformation.doAs(UserGroupInformation.java:1899) [hadoop-common-3.3.6.jar:?]
	at org.apache.hadoop.ipc.Server$Handler.run(Server.java:3048) [hadoop-common-3.3.6.jar:?]
]]></system-out>
  </testcase>
  <testcase name="testRenameDir" classname="TestOzoneFileSystem" time="0.02">
    <system-out><![CDATA[2023-08-31 18:20:01,494 [Time-limited test] INFO  ozone.TestOzoneFileSystem (TestOzoneFileSystem.java:testRenameDir(1435)) - Created dir o3fs://bucket64934.volume40966/root_dir/dir1/sub_dir1
2023-08-31 18:20:01,494 [Time-limited test] INFO  ozone.TestOzoneFileSystem (TestOzoneFileSystem.java:testRenameDir(1436)) - Will move o3fs://bucket64934.volume40966/root_dir/dir1 to o3fs://bucket64934.volume40966/root_dir/dir1.renamed
18:20:01.495 [IPC Server handler 10 on default port 15110] ERROR OMAudit - user=runner | ip=127.0.0.1 | op=GET_FILE_STATUS {volume=volume40966, bucket=bucket64934, key=root_dir/dir1.renamed, dataSize=0, replicationConfig=null} | ret=FAILURE
org.apache.hadoop.ozone.om.exceptions.OMException: Unable to get file status: volume: volume40966 bucket: bucket64934 key: root_dir/dir1.renamed
	at org.apache.hadoop.ozone.om.KeyManagerImpl.getOzoneFileStatus(KeyManagerImpl.java:1195) ~[ozone-manager-1.4.0-SNAPSHOT.jar:?]
	at org.apache.hadoop.ozone.om.KeyManagerImpl.getFileStatus(KeyManagerImpl.java:1113) ~[ozone-manager-1.4.0-SNAPSHOT.jar:?]
	at org.apache.hadoop.ozone.om.OmMetadataReader.getFileStatus(OmMetadataReader.java:262) ~[ozone-manager-1.4.0-SNAPSHOT.jar:?]
	at org.apache.hadoop.ozone.om.OzoneManager.getFileStatus(OzoneManager.java:3530) ~[ozone-manager-1.4.0-SNAPSHOT.jar:?]
	at org.apache.hadoop.ozone.protocolPB.OzoneManagerRequestHandler.getOzoneFileStatus(OzoneManagerRequestHandler.java:973) ~[ozone-manager-1.4.0-SNAPSHOT.jar:?]
	at org.apache.hadoop.ozone.protocolPB.OzoneManagerRequestHandler.handleReadRequest(OzoneManagerRequestHandler.java:252) ~[ozone-manager-1.4.0-SNAPSHOT.jar:?]
	at org.apache.hadoop.ozone.protocolPB.OzoneManagerProtocolServerSideTranslatorPB.submitReadRequestToOM(OzoneManagerProtocolServerSideTranslatorPB.java:225) ~[ozone-manager-1.4.0-SNAPSHOT.jar:?]
	at org.apache.hadoop.ozone.protocolPB.OzoneManagerProtocolServerSideTranslatorPB.processRequest(OzoneManagerProtocolServerSideTranslatorPB.java:179) ~[ozone-manager-1.4.0-SNAPSHOT.jar:?]
	at org.apache.hadoop.hdds.server.OzoneProtocolMessageDispatcher.processRequest(OzoneProtocolMessageDispatcher.java:87) [hdds-server-framework-1.4.0-SNAPSHOT.jar:?]
	at org.apache.hadoop.ozone.protocolPB.OzoneManagerProtocolServerSideTranslatorPB.submitRequest(OzoneManagerProtocolServerSideTranslatorPB.java:148) [ozone-manager-1.4.0-SNAPSHOT.jar:?]
	at org.apache.hadoop.ozone.protocol.proto.OzoneManagerProtocolProtos$OzoneManagerService$2.callBlockingMethod(OzoneManagerProtocolProtos.java) [ozone-interface-client-1.4.0-SNAPSHOT.jar:?]
	at org.apache.hadoop.ipc.ProtobufRpcEngine$Server.processCall(ProtobufRpcEngine.java:484) [hadoop-common-3.3.6.jar:?]
	at org.apache.hadoop.ipc.ProtobufRpcEngine2$Server$ProtoBufRpcInvoker.call(ProtobufRpcEngine2.java:595) [hadoop-common-3.3.6.jar:?]
	at org.apache.hadoop.ipc.ProtobufRpcEngine2$Server$ProtoBufRpcInvoker.call(ProtobufRpcEngine2.java:573) [hadoop-common-3.3.6.jar:?]
	at org.apache.hadoop.ipc.RPC$Server.call(RPC.java:1227) [hadoop-common-3.3.6.jar:?]
	at org.apache.hadoop.ipc.Server$RpcCall.run(Server.java:1094) [hadoop-common-3.3.6.jar:?]
	at org.apache.hadoop.ipc.Server$RpcCall.run(Server.java:1017) [hadoop-common-3.3.6.jar:?]
	at java.security.AccessController.doPrivileged(Native Method) ~[?:1.8.0_382]
	at javax.security.auth.Subject.doAs(Subject.java:422) [?:1.8.0_382]
	at org.apache.hadoop.security.UserGroupInformation.doAs(UserGroupInformation.java:1899) [hadoop-common-3.3.6.jar:?]
	at org.apache.hadoop.ipc.Server$Handler.run(Server.java:3048) [hadoop-common-3.3.6.jar:?]
]]></system-out>
  </testcase>
  <testcase name="testRenameDir" classname="TestOzoneFileSystem" time="0.019">
    <system-out><![CDATA[2023-08-31 18:21:30,057 [Time-limited test] INFO  ozone.TestOzoneFileSystem (TestOzoneFileSystem.java:testRenameDir(1435)) - Created dir o3fs://bucket59265.volume65627/root_dir/dir1/sub_dir1
2023-08-31 18:21:30,057 [Time-limited test] INFO  ozone.TestOzoneFileSystem (TestOzoneFileSystem.java:testRenameDir(1436)) - Will move o3fs://bucket59265.volume65627/root_dir/dir1 to o3fs://bucket59265.volume65627/root_dir/dir1.renamed
18:21:30.059 [IPC Server handler 10 on default port 15163] ERROR OMAudit - user=runner | ip=127.0.0.1 | op=GET_FILE_STATUS {volume=volume65627, bucket=bucket59265, key=root_dir/dir1.renamed, dataSize=0, replicationConfig=null} | ret=FAILURE
org.apache.hadoop.ozone.om.exceptions.OMException: Unable to get file status: volume: volume65627 bucket: bucket59265 key: root_dir/dir1.renamed
	at org.apache.hadoop.ozone.om.KeyManagerImpl.getOzoneFileStatus(KeyManagerImpl.java:1195) ~[ozone-manager-1.4.0-SNAPSHOT.jar:?]
	at org.apache.hadoop.ozone.om.KeyManagerImpl.getFileStatus(KeyManagerImpl.java:1113) ~[ozone-manager-1.4.0-SNAPSHOT.jar:?]
	at org.apache.hadoop.ozone.om.OmMetadataReader.getFileStatus(OmMetadataReader.java:262) ~[ozone-manager-1.4.0-SNAPSHOT.jar:?]
	at org.apache.hadoop.ozone.om.OzoneManager.getFileStatus(OzoneManager.java:3530) ~[ozone-manager-1.4.0-SNAPSHOT.jar:?]
	at org.apache.hadoop.ozone.protocolPB.OzoneManagerRequestHandler.getOzoneFileStatus(OzoneManagerRequestHandler.java:973) ~[ozone-manager-1.4.0-SNAPSHOT.jar:?]
	at org.apache.hadoop.ozone.protocolPB.OzoneManagerRequestHandler.handleReadRequest(OzoneManagerRequestHandler.java:252) ~[ozone-manager-1.4.0-SNAPSHOT.jar:?]
	at org.apache.hadoop.ozone.protocolPB.OzoneManagerProtocolServerSideTranslatorPB.submitRequestDirectlyToOM(OzoneManagerProtocolServerSideTranslatorPB.java:274) ~[ozone-manager-1.4.0-SNAPSHOT.jar:?]
	at org.apache.hadoop.ozone.protocolPB.OzoneManagerProtocolServerSideTranslatorPB.processRequest(OzoneManagerProtocolServerSideTranslatorPB.java:175) ~[ozone-manager-1.4.0-SNAPSHOT.jar:?]
	at org.apache.hadoop.hdds.server.OzoneProtocolMessageDispatcher.processRequest(OzoneProtocolMessageDispatcher.java:87) [hdds-server-framework-1.4.0-SNAPSHOT.jar:?]
	at org.apache.hadoop.ozone.protocolPB.OzoneManagerProtocolServerSideTranslatorPB.submitRequest(OzoneManagerProtocolServerSideTranslatorPB.java:148) [ozone-manager-1.4.0-SNAPSHOT.jar:?]
	at org.apache.hadoop.ozone.protocol.proto.OzoneManagerProtocolProtos$OzoneManagerService$2.callBlockingMethod(OzoneManagerProtocolProtos.java) [ozone-interface-client-1.4.0-SNAPSHOT.jar:?]
	at org.apache.hadoop.ipc.ProtobufRpcEngine$Server.processCall(ProtobufRpcEngine.java:484) [hadoop-common-3.3.6.jar:?]
	at org.apache.hadoop.ipc.ProtobufRpcEngine2$Server$ProtoBufRpcInvoker.call(ProtobufRpcEngine2.java:595) [hadoop-common-3.3.6.jar:?]
	at org.apache.hadoop.ipc.ProtobufRpcEngine2$Server$ProtoBufRpcInvoker.call(ProtobufRpcEngine2.java:573) [hadoop-common-3.3.6.jar:?]
	at org.apache.hadoop.ipc.RPC$Server.call(RPC.java:1227) [hadoop-common-3.3.6.jar:?]
	at org.apache.hadoop.ipc.Server$RpcCall.run(Server.java:1094) [hadoop-common-3.3.6.jar:?]
	at org.apache.hadoop.ipc.Server$RpcCall.run(Server.java:1017) [hadoop-common-3.3.6.jar:?]
	at java.security.AccessController.doPrivileged(Native Method) ~[?:1.8.0_382]
	at javax.security.auth.Subject.doAs(Subject.java:422) [?:1.8.0_382]
	at org.apache.hadoop.security.UserGroupInformation.doAs(UserGroupInformation.java:1899) [hadoop-common-3.3.6.jar:?]
	at org.apache.hadoop.ipc.Server$Handler.run(Server.java:3048) [hadoop-common-3.3.6.jar:?]
]]></system-out>
  </testcase>
  <testcase name="testListStatusIteratorOnSubDirs" classname="TestOzoneFileSystem" time="0.106"/>
  <testcase name="testListStatusIteratorOnSubDirs" classname="TestOzoneFileSystem" time="0.029"/>
  <testcase name="testListStatusIteratorOnSubDirs" classname="TestOzoneFileSystem" time="0.029"/>
  <testcase name="testListStatusIteratorOnSubDirs" classname="TestOzoneFileSystem" time="0.023"/>
  <testcase name="testAllocateMoreThanOneBlock" classname="TestOzoneFileSystem" time="0.606">
    <system-out><![CDATA[2023-08-31 18:16:57,160 [IPC Server handler 11 on default port 15001] WARN  node.SCMNodeManager (SCMNodeManager.java:getNodesByAddress(1373)) - Cannot find node for address 127.0.0.1
]]></system-out>
  </testcase>
  <testcase name="testAllocateMoreThanOneBlock" classname="TestOzoneFileSystem" time="0.382">
    <system-out><![CDATA[2023-08-31 18:18:42,856 [IPC Server handler 15 on default port 15054] WARN  node.SCMNodeManager (SCMNodeManager.java:getNodesByAddress(1373)) - Cannot find node for address 127.0.0.1
]]></system-out>
  </testcase>
  <testcase name="testAllocateMoreThanOneBlock" classname="TestOzoneFileSystem" time="0.361">
    <system-out><![CDATA[2023-08-31 18:20:01,626 [b680699b-c9cb-4670-83ba-783bfe62cfe5@group-539240A30CFD-FollowerState] INFO  impl.FollowerState (FollowerState.java:run(143)) - b680699b-c9cb-4670-83ba-783bfe62cfe5@group-539240A30CFD-FollowerState: change to CANDIDATE, lastRpcElapsedTime:5107588348ns, electionTimeout:5107ms
2023-08-31 18:20:01,626 [b680699b-c9cb-4670-83ba-783bfe62cfe5@group-539240A30CFD-FollowerState] INFO  impl.RoleInfo (RoleInfo.java:shutdownFollowerState(110)) - b680699b-c9cb-4670-83ba-783bfe62cfe5: shutdown b680699b-c9cb-4670-83ba-783bfe62cfe5@group-539240A30CFD-FollowerState
2023-08-31 18:20:01,627 [b680699b-c9cb-4670-83ba-783bfe62cfe5@group-539240A30CFD-FollowerState] INFO  server.RaftServer$Division (RaftServerImpl.java:setRole(329)) - b680699b-c9cb-4670-83ba-783bfe62cfe5@group-539240A30CFD: changes role from  FOLLOWER to CANDIDATE at term 0 for changeToCandidate
2023-08-31 18:20:01,627 [b680699b-c9cb-4670-83ba-783bfe62cfe5@group-539240A30CFD-FollowerState] INFO  server.RaftServerConfigKeys (ConfUtils.java:logGet(46)) - raft.server.leaderelection.pre-vote = true (default)
2023-08-31 18:20:01,627 [b680699b-c9cb-4670-83ba-783bfe62cfe5@group-539240A30CFD-FollowerState] INFO  impl.RoleInfo (RoleInfo.java:updateAndGet(139)) - b680699b-c9cb-4670-83ba-783bfe62cfe5: start b680699b-c9cb-4670-83ba-783bfe62cfe5@group-539240A30CFD-LeaderElection27
2023-08-31 18:20:01,640 [b680699b-c9cb-4670-83ba-783bfe62cfe5@group-539240A30CFD-LeaderElection27] INFO  impl.LeaderElection (LeaderElection.java:askForVotes(321)) - b680699b-c9cb-4670-83ba-783bfe62cfe5@group-539240A30CFD-LeaderElection27 PRE_VOTE round 0: submit vote requests at term 0 for -1: peers:[b680699b-c9cb-4670-83ba-783bfe62cfe5|rpc:10.1.0.8:15138|admin:10.1.0.8:15137|client:10.1.0.8:15136|dataStream:10.1.0.8:15139|priority:1|startupRole:FOLLOWER]|listeners:[], old=null
2023-08-31 18:20:01,640 [b680699b-c9cb-4670-83ba-783bfe62cfe5@group-539240A30CFD-LeaderElection27] INFO  impl.LeaderElection (LeaderElection.java:askForVotes(323)) - b680699b-c9cb-4670-83ba-783bfe62cfe5@group-539240A30CFD-LeaderElection27 PRE_VOTE round 0: result PASSED (term=0)
2023-08-31 18:20:01,646 [b680699b-c9cb-4670-83ba-783bfe62cfe5@group-539240A30CFD-LeaderElection27] INFO  impl.LeaderElection (LeaderElection.java:askForVotes(321)) - b680699b-c9cb-4670-83ba-783bfe62cfe5@group-539240A30CFD-LeaderElection27 ELECTION round 0: submit vote requests at term 1 for -1: peers:[b680699b-c9cb-4670-83ba-783bfe62cfe5|rpc:10.1.0.8:15138|admin:10.1.0.8:15137|client:10.1.0.8:15136|dataStream:10.1.0.8:15139|priority:1|startupRole:FOLLOWER]|listeners:[], old=null
2023-08-31 18:20:01,646 [b680699b-c9cb-4670-83ba-783bfe62cfe5@group-539240A30CFD-LeaderElection27] INFO  impl.LeaderElection (LeaderElection.java:askForVotes(323)) - b680699b-c9cb-4670-83ba-783bfe62cfe5@group-539240A30CFD-LeaderElection27 ELECTION round 0: result PASSED (term=1)
2023-08-31 18:20:01,647 [b680699b-c9cb-4670-83ba-783bfe62cfe5@group-539240A30CFD-LeaderElection27] INFO  impl.RoleInfo (RoleInfo.java:shutdownLeaderElection(130)) - b680699b-c9cb-4670-83ba-783bfe62cfe5: shutdown b680699b-c9cb-4670-83ba-783bfe62cfe5@group-539240A30CFD-LeaderElection27
2023-08-31 18:20:01,648 [b680699b-c9cb-4670-83ba-783bfe62cfe5@group-539240A30CFD-LeaderElection27] INFO  server.RaftServer$Division (RaftServerImpl.java:setRole(329)) - b680699b-c9cb-4670-83ba-783bfe62cfe5@group-539240A30CFD: changes role from CANDIDATE to LEADER at term 1 for changeToLeader
2023-08-31 18:20:01,648 [b680699b-c9cb-4670-83ba-783bfe62cfe5@group-539240A30CFD-LeaderElection27] INFO  ratis.XceiverServerRatis (XceiverServerRatis.java:handleLeaderChangedNotification(902)) - Leader change notification received for group: group-539240A30CFD with new leaderId: b680699b-c9cb-4670-83ba-783bfe62cfe5
2023-08-31 18:20:01,661 [b680699b-c9cb-4670-83ba-783bfe62cfe5@group-539240A30CFD-LeaderElection27] INFO  server.RaftServer$Division (ServerState.java:setLeader(317)) - b680699b-c9cb-4670-83ba-783bfe62cfe5@group-539240A30CFD: change Leader from null to b680699b-c9cb-4670-83ba-783bfe62cfe5 at term 1 for becomeLeader, leader elected after 5147ms
2023-08-31 18:20:01,661 [b680699b-c9cb-4670-83ba-783bfe62cfe5@group-539240A30CFD-LeaderElection27] INFO  server.RaftServerConfigKeys (ConfUtils.java:logGet(46)) - raft.server.staging.catchup.gap = 1000 (default)
2023-08-31 18:20:01,661 [b680699b-c9cb-4670-83ba-783bfe62cfe5@group-539240A30CFD-LeaderElection27] INFO  server.RaftServerConfigKeys (ConfUtils.java:logGet(46)) - raft.server.write.element-limit = 1024 (custom)
2023-08-31 18:20:01,661 [b680699b-c9cb-4670-83ba-783bfe62cfe5@group-539240A30CFD-LeaderElection27] INFO  server.RaftServerConfigKeys (ConfUtils.java:logGet(46)) - raft.server.write.byte-limit = 1024 M (=1073741824) (custom)
2023-08-31 18:20:01,662 [b680699b-c9cb-4670-83ba-783bfe62cfe5@group-539240A30CFD-LeaderElection27] INFO  server.RaftServerConfigKeys (ConfUtils.java:logGet(46)) - raft.server.watch.timeout = 180s (custom)
2023-08-31 18:20:01,662 [b680699b-c9cb-4670-83ba-783bfe62cfe5@group-539240A30CFD-LeaderElection27] INFO  server.RaftServerConfigKeys (ConfUtils.java:logGet(46)) - raft.server.watch.timeout.denomination = 1s (default)
2023-08-31 18:20:01,662 [b680699b-c9cb-4670-83ba-783bfe62cfe5@group-539240A30CFD-LeaderElection27] INFO  server.RaftServerConfigKeys (ConfUtils.java:logGet(46)) - raft.server.watch.element-limit = 65536 (default)
2023-08-31 18:20:01,662 [b680699b-c9cb-4670-83ba-783bfe62cfe5@group-539240A30CFD-LeaderElection27] INFO  server.RaftServerConfigKeys (ConfUtils.java:logGet(46)) - raft.server.write.element-limit = 1024 (custom)
2023-08-31 18:20:01,662 [b680699b-c9cb-4670-83ba-783bfe62cfe5@group-539240A30CFD-LeaderElection27] INFO  server.RaftServerConfigKeys (ConfUtils.java:logGet(46)) - raft.server.write.follower.gap.ratio.max = -1.0 (default)
2023-08-31 18:20:01,662 [b680699b-c9cb-4670-83ba-783bfe62cfe5@group-539240A30CFD-LeaderElection27] INFO  impl.RoleInfo (RoleInfo.java:updateAndGet(139)) - b680699b-c9cb-4670-83ba-783bfe62cfe5: start b680699b-c9cb-4670-83ba-783bfe62cfe5@group-539240A30CFD-LeaderStateImpl
2023-08-31 18:20:01,664 [b680699b-c9cb-4670-83ba-783bfe62cfe5@group-539240A30CFD-LeaderElection27] INFO  segmented.SegmentedRaftLogWorker (SegmentedRaftLogWorker.java:startLogSegment(447)) - b680699b-c9cb-4670-83ba-783bfe62cfe5@group-539240A30CFD-SegmentedRaftLogWorker: Starting segment from index:0
2023-08-31 18:20:01,666 [b680699b-c9cb-4670-83ba-783bfe62cfe5@group-539240A30CFD-SegmentedRaftLogWorker] INFO  segmented.SegmentedRaftLogWorker (SegmentedRaftLogWorker.java:execute(651)) - b680699b-c9cb-4670-83ba-783bfe62cfe5@group-539240A30CFD-SegmentedRaftLogWorker: created new log segment /home/runner/work/ozone/ozone/hadoop-ozone/integration-test/target/test-dir/MiniOzoneClusterImpl-03cba653-44d0-43b4-bc0f-a7205d2183ff/datanode-2/data/ratis/b3d1e814-7026-49a3-a959-539240a30cfd/current/log_inprogress_0
2023-08-31 18:20:01,683 [b680699b-c9cb-4670-83ba-783bfe62cfe5@group-539240A30CFD-LeaderElection27] INFO  server.RaftServer$Division (ServerState.java:setRaftConf(434)) - b680699b-c9cb-4670-83ba-783bfe62cfe5@group-539240A30CFD: set configuration 0: peers:[b680699b-c9cb-4670-83ba-783bfe62cfe5|rpc:10.1.0.8:15138|admin:10.1.0.8:15137|client:10.1.0.8:15136|dataStream:10.1.0.8:15139|priority:1|startupRole:FOLLOWER]|listeners:[], old=null
2023-08-31 18:20:01,887 [IPC Server handler 4 on default port 15107] WARN  node.SCMNodeManager (SCMNodeManager.java:getNodesByAddress(1373)) - Cannot find node for address 127.0.0.1
2023-08-31 18:20:01,892 [431b9c6f-d536-4d0f-be3d-601c32ccf3d0@group-82B196D09914-FollowerState] INFO  impl.FollowerState (FollowerState.java:run(143)) - 431b9c6f-d536-4d0f-be3d-601c32ccf3d0@group-82B196D09914-FollowerState: change to CANDIDATE, lastRpcElapsedTime:5000939824ns, electionTimeout:5000ms
2023-08-31 18:20:01,892 [431b9c6f-d536-4d0f-be3d-601c32ccf3d0@group-82B196D09914-FollowerState] INFO  impl.RoleInfo (RoleInfo.java:shutdownFollowerState(110)) - 431b9c6f-d536-4d0f-be3d-601c32ccf3d0: shutdown 431b9c6f-d536-4d0f-be3d-601c32ccf3d0@group-82B196D09914-FollowerState
2023-08-31 18:20:01,892 [431b9c6f-d536-4d0f-be3d-601c32ccf3d0@group-82B196D09914-FollowerState] INFO  server.RaftServer$Division (RaftServerImpl.java:setRole(329)) - 431b9c6f-d536-4d0f-be3d-601c32ccf3d0@group-82B196D09914: changes role from  FOLLOWER to CANDIDATE at term 0 for changeToCandidate
2023-08-31 18:20:01,892 [431b9c6f-d536-4d0f-be3d-601c32ccf3d0@group-82B196D09914-FollowerState] INFO  server.RaftServerConfigKeys (ConfUtils.java:logGet(46)) - raft.server.leaderelection.pre-vote = true (default)
2023-08-31 18:20:01,892 [431b9c6f-d536-4d0f-be3d-601c32ccf3d0@group-82B196D09914-FollowerState] INFO  impl.RoleInfo (RoleInfo.java:updateAndGet(139)) - 431b9c6f-d536-4d0f-be3d-601c32ccf3d0: start 431b9c6f-d536-4d0f-be3d-601c32ccf3d0@group-82B196D09914-LeaderElection28
2023-08-31 18:20:01,897 [431b9c6f-d536-4d0f-be3d-601c32ccf3d0@group-82B196D09914-LeaderElection28] INFO  impl.LeaderElection (LeaderElection.java:askForVotes(321)) - 431b9c6f-d536-4d0f-be3d-601c32ccf3d0@group-82B196D09914-LeaderElection28 PRE_VOTE round 0: submit vote requests at term 0 for -1: peers:[431b9c6f-d536-4d0f-be3d-601c32ccf3d0|rpc:10.1.0.8:15147|admin:10.1.0.8:15146|client:10.1.0.8:15145|dataStream:10.1.0.8:15148|priority:1|startupRole:FOLLOWER]|listeners:[], old=null
2023-08-31 18:20:01,897 [431b9c6f-d536-4d0f-be3d-601c32ccf3d0@group-82B196D09914-LeaderElection28] INFO  impl.LeaderElection (LeaderElection.java:askForVotes(323)) - 431b9c6f-d536-4d0f-be3d-601c32ccf3d0@group-82B196D09914-LeaderElection28 PRE_VOTE round 0: result PASSED (term=0)
]]></system-out>
  </testcase>
  <testcase name="testAllocateMoreThanOneBlock" classname="TestOzoneFileSystem" time="0.355">
    <system-out><![CDATA[2023-08-31 18:21:30,211 [1126cc3a-7ff0-4671-a31f-fd81ce02ef68@group-04390FC10504-FollowerState] INFO  impl.FollowerState (FollowerState.java:run(143)) - 1126cc3a-7ff0-4671-a31f-fd81ce02ef68@group-04390FC10504-FollowerState: change to CANDIDATE, lastRpcElapsedTime:5040297697ns, electionTimeout:5039ms
2023-08-31 18:21:30,211 [1126cc3a-7ff0-4671-a31f-fd81ce02ef68@group-04390FC10504-FollowerState] INFO  impl.RoleInfo (RoleInfo.java:shutdownFollowerState(110)) - 1126cc3a-7ff0-4671-a31f-fd81ce02ef68: shutdown 1126cc3a-7ff0-4671-a31f-fd81ce02ef68@group-04390FC10504-FollowerState
2023-08-31 18:21:30,211 [1126cc3a-7ff0-4671-a31f-fd81ce02ef68@group-04390FC10504-FollowerState] INFO  server.RaftServer$Division (RaftServerImpl.java:setRole(329)) - 1126cc3a-7ff0-4671-a31f-fd81ce02ef68@group-04390FC10504: changes role from  FOLLOWER to CANDIDATE at term 0 for changeToCandidate
2023-08-31 18:21:30,213 [1126cc3a-7ff0-4671-a31f-fd81ce02ef68@group-04390FC10504-FollowerState] INFO  server.RaftServerConfigKeys (ConfUtils.java:logGet(46)) - raft.server.leaderelection.pre-vote = true (default)
2023-08-31 18:21:30,213 [1126cc3a-7ff0-4671-a31f-fd81ce02ef68@group-04390FC10504-FollowerState] INFO  impl.RoleInfo (RoleInfo.java:updateAndGet(139)) - 1126cc3a-7ff0-4671-a31f-fd81ce02ef68: start 1126cc3a-7ff0-4671-a31f-fd81ce02ef68@group-04390FC10504-LeaderElection36
2023-08-31 18:21:30,221 [1126cc3a-7ff0-4671-a31f-fd81ce02ef68@group-04390FC10504-LeaderElection36] INFO  impl.LeaderElection (LeaderElection.java:askForVotes(321)) - 1126cc3a-7ff0-4671-a31f-fd81ce02ef68@group-04390FC10504-LeaderElection36 PRE_VOTE round 0: submit vote requests at term 0 for -1: peers:[1126cc3a-7ff0-4671-a31f-fd81ce02ef68|rpc:10.1.0.8:15191|admin:10.1.0.8:15190|client:10.1.0.8:15189|dataStream:10.1.0.8:15192|priority:1|startupRole:FOLLOWER]|listeners:[], old=null
2023-08-31 18:21:30,221 [1126cc3a-7ff0-4671-a31f-fd81ce02ef68@group-04390FC10504-LeaderElection36] INFO  impl.LeaderElection (LeaderElection.java:askForVotes(323)) - 1126cc3a-7ff0-4671-a31f-fd81ce02ef68@group-04390FC10504-LeaderElection36 PRE_VOTE round 0: result PASSED (term=0)
2023-08-31 18:21:30,235 [1126cc3a-7ff0-4671-a31f-fd81ce02ef68@group-04390FC10504-LeaderElection36] INFO  impl.LeaderElection (LeaderElection.java:askForVotes(321)) - 1126cc3a-7ff0-4671-a31f-fd81ce02ef68@group-04390FC10504-LeaderElection36 ELECTION round 0: submit vote requests at term 1 for -1: peers:[1126cc3a-7ff0-4671-a31f-fd81ce02ef68|rpc:10.1.0.8:15191|admin:10.1.0.8:15190|client:10.1.0.8:15189|dataStream:10.1.0.8:15192|priority:1|startupRole:FOLLOWER]|listeners:[], old=null
2023-08-31 18:21:30,235 [1126cc3a-7ff0-4671-a31f-fd81ce02ef68@group-04390FC10504-LeaderElection36] INFO  impl.LeaderElection (LeaderElection.java:askForVotes(323)) - 1126cc3a-7ff0-4671-a31f-fd81ce02ef68@group-04390FC10504-LeaderElection36 ELECTION round 0: result PASSED (term=1)
2023-08-31 18:21:30,235 [1126cc3a-7ff0-4671-a31f-fd81ce02ef68@group-04390FC10504-LeaderElection36] INFO  impl.RoleInfo (RoleInfo.java:shutdownLeaderElection(130)) - 1126cc3a-7ff0-4671-a31f-fd81ce02ef68: shutdown 1126cc3a-7ff0-4671-a31f-fd81ce02ef68@group-04390FC10504-LeaderElection36
2023-08-31 18:21:30,235 [1126cc3a-7ff0-4671-a31f-fd81ce02ef68@group-04390FC10504-LeaderElection36] INFO  server.RaftServer$Division (RaftServerImpl.java:setRole(329)) - 1126cc3a-7ff0-4671-a31f-fd81ce02ef68@group-04390FC10504: changes role from CANDIDATE to LEADER at term 1 for changeToLeader
2023-08-31 18:21:30,235 [1126cc3a-7ff0-4671-a31f-fd81ce02ef68@group-04390FC10504-LeaderElection36] INFO  ratis.XceiverServerRatis (XceiverServerRatis.java:handleLeaderChangedNotification(902)) - Leader change notification received for group: group-04390FC10504 with new leaderId: 1126cc3a-7ff0-4671-a31f-fd81ce02ef68
2023-08-31 18:21:30,242 [1126cc3a-7ff0-4671-a31f-fd81ce02ef68@group-04390FC10504-LeaderElection36] INFO  server.RaftServer$Division (ServerState.java:setLeader(317)) - 1126cc3a-7ff0-4671-a31f-fd81ce02ef68@group-04390FC10504: change Leader from null to 1126cc3a-7ff0-4671-a31f-fd81ce02ef68 at term 1 for becomeLeader, leader elected after 5082ms
2023-08-31 18:21:30,243 [1126cc3a-7ff0-4671-a31f-fd81ce02ef68@group-04390FC10504-LeaderElection36] INFO  server.RaftServerConfigKeys (ConfUtils.java:logGet(46)) - raft.server.staging.catchup.gap = 1000 (default)
2023-08-31 18:21:30,244 [1126cc3a-7ff0-4671-a31f-fd81ce02ef68@group-04390FC10504-LeaderElection36] INFO  server.RaftServerConfigKeys (ConfUtils.java:logGet(46)) - raft.server.write.element-limit = 1024 (custom)
2023-08-31 18:21:30,244 [1126cc3a-7ff0-4671-a31f-fd81ce02ef68@group-04390FC10504-LeaderElection36] INFO  server.RaftServerConfigKeys (ConfUtils.java:logGet(46)) - raft.server.write.byte-limit = 1024 M (=1073741824) (custom)
2023-08-31 18:21:30,244 [1126cc3a-7ff0-4671-a31f-fd81ce02ef68@group-04390FC10504-LeaderElection36] INFO  server.RaftServerConfigKeys (ConfUtils.java:logGet(46)) - raft.server.watch.timeout = 180s (custom)
2023-08-31 18:21:30,244 [1126cc3a-7ff0-4671-a31f-fd81ce02ef68@group-04390FC10504-LeaderElection36] INFO  server.RaftServerConfigKeys (ConfUtils.java:logGet(46)) - raft.server.watch.timeout.denomination = 1s (default)
2023-08-31 18:21:30,244 [1126cc3a-7ff0-4671-a31f-fd81ce02ef68@group-04390FC10504-LeaderElection36] INFO  server.RaftServerConfigKeys (ConfUtils.java:logGet(46)) - raft.server.watch.element-limit = 65536 (default)
2023-08-31 18:21:30,245 [1126cc3a-7ff0-4671-a31f-fd81ce02ef68@group-04390FC10504-LeaderElection36] INFO  server.RaftServerConfigKeys (ConfUtils.java:logGet(46)) - raft.server.write.element-limit = 1024 (custom)
2023-08-31 18:21:30,245 [1126cc3a-7ff0-4671-a31f-fd81ce02ef68@group-04390FC10504-LeaderElection36] INFO  server.RaftServerConfigKeys (ConfUtils.java:logGet(46)) - raft.server.write.follower.gap.ratio.max = -1.0 (default)
2023-08-31 18:21:30,245 [1126cc3a-7ff0-4671-a31f-fd81ce02ef68@group-04390FC10504-LeaderElection36] INFO  impl.RoleInfo (RoleInfo.java:updateAndGet(139)) - 1126cc3a-7ff0-4671-a31f-fd81ce02ef68: start 1126cc3a-7ff0-4671-a31f-fd81ce02ef68@group-04390FC10504-LeaderStateImpl
2023-08-31 18:21:30,245 [1126cc3a-7ff0-4671-a31f-fd81ce02ef68@group-04390FC10504-LeaderElection36] INFO  segmented.SegmentedRaftLogWorker (SegmentedRaftLogWorker.java:startLogSegment(447)) - 1126cc3a-7ff0-4671-a31f-fd81ce02ef68@group-04390FC10504-SegmentedRaftLogWorker: Starting segment from index:0
2023-08-31 18:21:30,248 [1126cc3a-7ff0-4671-a31f-fd81ce02ef68@group-04390FC10504-SegmentedRaftLogWorker] INFO  segmented.SegmentedRaftLogWorker (SegmentedRaftLogWorker.java:execute(651)) - 1126cc3a-7ff0-4671-a31f-fd81ce02ef68@group-04390FC10504-SegmentedRaftLogWorker: created new log segment /home/runner/work/ozone/ozone/hadoop-ozone/integration-test/target/test-dir/MiniOzoneClusterImpl-2bd935e6-826e-4dca-83cf-32fa945e0037/datanode-2/data/ratis/438763ea-b08c-4dc5-ba97-04390fc10504/current/log_inprogress_0
2023-08-31 18:21:30,250 [1126cc3a-7ff0-4671-a31f-fd81ce02ef68@group-04390FC10504-LeaderElection36] INFO  server.RaftServer$Division (ServerState.java:setRaftConf(434)) - 1126cc3a-7ff0-4671-a31f-fd81ce02ef68@group-04390FC10504: set configuration 0: peers:[1126cc3a-7ff0-4671-a31f-fd81ce02ef68|rpc:10.1.0.8:15191|admin:10.1.0.8:15190|client:10.1.0.8:15189|dataStream:10.1.0.8:15192|priority:1|startupRole:FOLLOWER]|listeners:[], old=null
2023-08-31 18:21:30,444 [IPC Server handler 1 on default port 15160] WARN  node.SCMNodeManager (SCMNodeManager.java:getNodesByAddress(1373)) - Cannot find node for address 127.0.0.1
]]></system-out>
  </testcase>
  <testcase name="testRenameToExistingDir" classname="TestOzoneFileSystem" time="0.083">
    <system-out><![CDATA[18:16:57.222 [IPC Server handler 6 on default port 15004] ERROR OMAudit - user=runner | ip=127.0.0.1 | op=LIST_STATUS {volume=volume59479, bucket=bucket48122, key=b/a, dataSize=0, replicationConfig=null} | ret=FAILURE
org.apache.hadoop.ozone.om.exceptions.OMException: Unable to get file status: volume: volume59479 bucket: bucket48122 key: b/a
	at org.apache.hadoop.ozone.om.KeyManagerImpl.getOzoneFileStatus(KeyManagerImpl.java:1195) ~[ozone-manager-1.4.0-SNAPSHOT.jar:?]
	at org.apache.hadoop.ozone.om.KeyManagerImpl.getFileStatus(KeyManagerImpl.java:1113) ~[ozone-manager-1.4.0-SNAPSHOT.jar:?]
	at org.apache.hadoop.ozone.om.KeyManagerImpl.listStatus(KeyManagerImpl.java:1505) ~[ozone-manager-1.4.0-SNAPSHOT.jar:?]
	at org.apache.hadoop.ozone.om.OmMetadataReader.listStatus(OmMetadataReader.java:235) ~[ozone-manager-1.4.0-SNAPSHOT.jar:?]
	at org.apache.hadoop.ozone.om.OzoneManager.listStatus(OzoneManager.java:3560) ~[ozone-manager-1.4.0-SNAPSHOT.jar:?]
	at org.apache.hadoop.ozone.protocolPB.OzoneManagerRequestHandler.listStatus(OzoneManagerRequestHandler.java:1145) ~[ozone-manager-1.4.0-SNAPSHOT.jar:?]
	at org.apache.hadoop.ozone.protocolPB.OzoneManagerRequestHandler.handleReadRequest(OzoneManagerRequestHandler.java:263) ~[ozone-manager-1.4.0-SNAPSHOT.jar:?]
	at org.apache.hadoop.ozone.protocolPB.OzoneManagerProtocolServerSideTranslatorPB.submitReadRequestToOM(OzoneManagerProtocolServerSideTranslatorPB.java:225) ~[ozone-manager-1.4.0-SNAPSHOT.jar:?]
	at org.apache.hadoop.ozone.protocolPB.OzoneManagerProtocolServerSideTranslatorPB.processRequest(OzoneManagerProtocolServerSideTranslatorPB.java:179) ~[ozone-manager-1.4.0-SNAPSHOT.jar:?]
	at org.apache.hadoop.hdds.server.OzoneProtocolMessageDispatcher.processRequest(OzoneProtocolMessageDispatcher.java:87) [hdds-server-framework-1.4.0-SNAPSHOT.jar:?]
	at org.apache.hadoop.ozone.protocolPB.OzoneManagerProtocolServerSideTranslatorPB.submitRequest(OzoneManagerProtocolServerSideTranslatorPB.java:148) [ozone-manager-1.4.0-SNAPSHOT.jar:?]
	at org.apache.hadoop.ozone.protocol.proto.OzoneManagerProtocolProtos$OzoneManagerService$2.callBlockingMethod(OzoneManagerProtocolProtos.java) [ozone-interface-client-1.4.0-SNAPSHOT.jar:?]
	at org.apache.hadoop.ipc.ProtobufRpcEngine$Server.processCall(ProtobufRpcEngine.java:484) [hadoop-common-3.3.6.jar:?]
	at org.apache.hadoop.ipc.ProtobufRpcEngine2$Server$ProtoBufRpcInvoker.call(ProtobufRpcEngine2.java:595) [hadoop-common-3.3.6.jar:?]
	at org.apache.hadoop.ipc.ProtobufRpcEngine2$Server$ProtoBufRpcInvoker.call(ProtobufRpcEngine2.java:573) [hadoop-common-3.3.6.jar:?]
	at org.apache.hadoop.ipc.RPC$Server.call(RPC.java:1227) [hadoop-common-3.3.6.jar:?]
	at org.apache.hadoop.ipc.Server$RpcCall.run(Server.java:1094) [hadoop-common-3.3.6.jar:?]
	at org.apache.hadoop.ipc.Server$RpcCall.run(Server.java:1017) [hadoop-common-3.3.6.jar:?]
	at java.security.AccessController.doPrivileged(Native Method) ~[?:1.8.0_382]
	at javax.security.auth.Subject.doAs(Subject.java:422) [?:1.8.0_382]
	at org.apache.hadoop.security.UserGroupInformation.doAs(UserGroupInformation.java:1899) [hadoop-common-3.3.6.jar:?]
	at org.apache.hadoop.ipc.Server$Handler.run(Server.java:3048) [hadoop-common-3.3.6.jar:?]
]]></system-out>
  </testcase>
  <testcase name="testRenameToExistingDir" classname="TestOzoneFileSystem" time="0.022">
    <system-out><![CDATA[18:18:42.873 [IPC Server handler 15 on default port 15057] ERROR OMAudit - user=runner | ip=127.0.0.1 | op=LIST_STATUS {volume=volume38115, bucket=bucket38025, key=b/a, dataSize=0, replicationConfig=null} | ret=FAILURE
org.apache.hadoop.ozone.om.exceptions.OMException: Unable to get file status: volume: volume38115 bucket: bucket38025 key: b/a
	at org.apache.hadoop.ozone.om.KeyManagerImpl.getOzoneFileStatus(KeyManagerImpl.java:1195) ~[ozone-manager-1.4.0-SNAPSHOT.jar:?]
	at org.apache.hadoop.ozone.om.KeyManagerImpl.getFileStatus(KeyManagerImpl.java:1113) ~[ozone-manager-1.4.0-SNAPSHOT.jar:?]
	at org.apache.hadoop.ozone.om.KeyManagerImpl.listStatus(KeyManagerImpl.java:1505) ~[ozone-manager-1.4.0-SNAPSHOT.jar:?]
	at org.apache.hadoop.ozone.om.OmMetadataReader.listStatus(OmMetadataReader.java:235) ~[ozone-manager-1.4.0-SNAPSHOT.jar:?]
	at org.apache.hadoop.ozone.om.OzoneManager.listStatus(OzoneManager.java:3560) ~[ozone-manager-1.4.0-SNAPSHOT.jar:?]
	at org.apache.hadoop.ozone.protocolPB.OzoneManagerRequestHandler.listStatus(OzoneManagerRequestHandler.java:1145) ~[ozone-manager-1.4.0-SNAPSHOT.jar:?]
	at org.apache.hadoop.ozone.protocolPB.OzoneManagerRequestHandler.handleReadRequest(OzoneManagerRequestHandler.java:263) ~[ozone-manager-1.4.0-SNAPSHOT.jar:?]
	at org.apache.hadoop.ozone.protocolPB.OzoneManagerProtocolServerSideTranslatorPB.submitRequestDirectlyToOM(OzoneManagerProtocolServerSideTranslatorPB.java:274) ~[ozone-manager-1.4.0-SNAPSHOT.jar:?]
	at org.apache.hadoop.ozone.protocolPB.OzoneManagerProtocolServerSideTranslatorPB.processRequest(OzoneManagerProtocolServerSideTranslatorPB.java:175) ~[ozone-manager-1.4.0-SNAPSHOT.jar:?]
	at org.apache.hadoop.hdds.server.OzoneProtocolMessageDispatcher.processRequest(OzoneProtocolMessageDispatcher.java:87) [hdds-server-framework-1.4.0-SNAPSHOT.jar:?]
	at org.apache.hadoop.ozone.protocolPB.OzoneManagerProtocolServerSideTranslatorPB.submitRequest(OzoneManagerProtocolServerSideTranslatorPB.java:148) [ozone-manager-1.4.0-SNAPSHOT.jar:?]
	at org.apache.hadoop.ozone.protocol.proto.OzoneManagerProtocolProtos$OzoneManagerService$2.callBlockingMethod(OzoneManagerProtocolProtos.java) [ozone-interface-client-1.4.0-SNAPSHOT.jar:?]
	at org.apache.hadoop.ipc.ProtobufRpcEngine$Server.processCall(ProtobufRpcEngine.java:484) [hadoop-common-3.3.6.jar:?]
	at org.apache.hadoop.ipc.ProtobufRpcEngine2$Server$ProtoBufRpcInvoker.call(ProtobufRpcEngine2.java:595) [hadoop-common-3.3.6.jar:?]
	at org.apache.hadoop.ipc.ProtobufRpcEngine2$Server$ProtoBufRpcInvoker.call(ProtobufRpcEngine2.java:573) [hadoop-common-3.3.6.jar:?]
	at org.apache.hadoop.ipc.RPC$Server.call(RPC.java:1227) [hadoop-common-3.3.6.jar:?]
	at org.apache.hadoop.ipc.Server$RpcCall.run(Server.java:1094) [hadoop-common-3.3.6.jar:?]
	at org.apache.hadoop.ipc.Server$RpcCall.run(Server.java:1017) [hadoop-common-3.3.6.jar:?]
	at java.security.AccessController.doPrivileged(Native Method) ~[?:1.8.0_382]
	at javax.security.auth.Subject.doAs(Subject.java:422) [?:1.8.0_382]
	at org.apache.hadoop.security.UserGroupInformation.doAs(UserGroupInformation.java:1899) [hadoop-common-3.3.6.jar:?]
	at org.apache.hadoop.ipc.Server$Handler.run(Server.java:3048) [hadoop-common-3.3.6.jar:?]
2023-08-31 18:18:42,878 [9288cb02-3403-47c3-90d0-5e59a32e5c49@group-CAD8AE3CC7A4-FollowerState] INFO  impl.FollowerState (FollowerState.java:run(143)) - 9288cb02-3403-47c3-90d0-5e59a32e5c49@group-CAD8AE3CC7A4-FollowerState: change to CANDIDATE, lastRpcElapsedTime:5183671933ns, electionTimeout:5183ms
2023-08-31 18:18:42,878 [9288cb02-3403-47c3-90d0-5e59a32e5c49@group-CAD8AE3CC7A4-FollowerState] INFO  impl.RoleInfo (RoleInfo.java:shutdownFollowerState(110)) - 9288cb02-3403-47c3-90d0-5e59a32e5c49: shutdown 9288cb02-3403-47c3-90d0-5e59a32e5c49@group-CAD8AE3CC7A4-FollowerState
2023-08-31 18:18:42,878 [9288cb02-3403-47c3-90d0-5e59a32e5c49@group-CAD8AE3CC7A4-FollowerState] INFO  server.RaftServer$Division (RaftServerImpl.java:setRole(329)) - 9288cb02-3403-47c3-90d0-5e59a32e5c49@group-CAD8AE3CC7A4: changes role from  FOLLOWER to CANDIDATE at term 0 for changeToCandidate
2023-08-31 18:18:42,879 [9288cb02-3403-47c3-90d0-5e59a32e5c49@group-CAD8AE3CC7A4-FollowerState] INFO  server.RaftServerConfigKeys (ConfUtils.java:logGet(46)) - raft.server.leaderelection.pre-vote = true (default)
2023-08-31 18:18:42,879 [9288cb02-3403-47c3-90d0-5e59a32e5c49@group-CAD8AE3CC7A4-FollowerState] INFO  impl.RoleInfo (RoleInfo.java:updateAndGet(139)) - 9288cb02-3403-47c3-90d0-5e59a32e5c49: start 9288cb02-3403-47c3-90d0-5e59a32e5c49@group-CAD8AE3CC7A4-LeaderElection18
]]></system-out>
  </testcase>
  <testcase name="testRenameToExistingDir" classname="TestOzoneFileSystem" time="0.04">
    <system-out><![CDATA[2023-08-31 18:20:01,902 [431b9c6f-d536-4d0f-be3d-601c32ccf3d0@group-82B196D09914-LeaderElection28] INFO  impl.LeaderElection (LeaderElection.java:askForVotes(321)) - 431b9c6f-d536-4d0f-be3d-601c32ccf3d0@group-82B196D09914-LeaderElection28 ELECTION round 0: submit vote requests at term 1 for -1: peers:[431b9c6f-d536-4d0f-be3d-601c32ccf3d0|rpc:10.1.0.8:15147|admin:10.1.0.8:15146|client:10.1.0.8:15145|dataStream:10.1.0.8:15148|priority:1|startupRole:FOLLOWER]|listeners:[], old=null
2023-08-31 18:20:01,903 [431b9c6f-d536-4d0f-be3d-601c32ccf3d0@group-82B196D09914-LeaderElection28] INFO  impl.LeaderElection (LeaderElection.java:askForVotes(323)) - 431b9c6f-d536-4d0f-be3d-601c32ccf3d0@group-82B196D09914-LeaderElection28 ELECTION round 0: result PASSED (term=1)
2023-08-31 18:20:01,903 [431b9c6f-d536-4d0f-be3d-601c32ccf3d0@group-82B196D09914-LeaderElection28] INFO  impl.RoleInfo (RoleInfo.java:shutdownLeaderElection(130)) - 431b9c6f-d536-4d0f-be3d-601c32ccf3d0: shutdown 431b9c6f-d536-4d0f-be3d-601c32ccf3d0@group-82B196D09914-LeaderElection28
2023-08-31 18:20:01,903 [431b9c6f-d536-4d0f-be3d-601c32ccf3d0@group-82B196D09914-LeaderElection28] INFO  server.RaftServer$Division (RaftServerImpl.java:setRole(329)) - 431b9c6f-d536-4d0f-be3d-601c32ccf3d0@group-82B196D09914: changes role from CANDIDATE to LEADER at term 1 for changeToLeader
2023-08-31 18:20:01,903 [431b9c6f-d536-4d0f-be3d-601c32ccf3d0@group-82B196D09914-LeaderElection28] INFO  ratis.XceiverServerRatis (XceiverServerRatis.java:handleLeaderChangedNotification(902)) - Leader change notification received for group: group-82B196D09914 with new leaderId: 431b9c6f-d536-4d0f-be3d-601c32ccf3d0
2023-08-31 18:20:01,907 [431b9c6f-d536-4d0f-be3d-601c32ccf3d0@group-82B196D09914-LeaderElection28] INFO  server.RaftServer$Division (ServerState.java:setLeader(317)) - 431b9c6f-d536-4d0f-be3d-601c32ccf3d0@group-82B196D09914: change Leader from null to 431b9c6f-d536-4d0f-be3d-601c32ccf3d0 at term 1 for becomeLeader, leader elected after 5029ms
2023-08-31 18:20:01,907 [431b9c6f-d536-4d0f-be3d-601c32ccf3d0@group-82B196D09914-LeaderElection28] INFO  server.RaftServerConfigKeys (ConfUtils.java:logGet(46)) - raft.server.staging.catchup.gap = 1000 (default)
2023-08-31 18:20:01,907 [431b9c6f-d536-4d0f-be3d-601c32ccf3d0@group-82B196D09914-LeaderElection28] INFO  server.RaftServerConfigKeys (ConfUtils.java:logGet(46)) - raft.server.write.element-limit = 1024 (custom)
2023-08-31 18:20:01,907 [431b9c6f-d536-4d0f-be3d-601c32ccf3d0@group-82B196D09914-LeaderElection28] INFO  server.RaftServerConfigKeys (ConfUtils.java:logGet(46)) - raft.server.write.byte-limit = 1024 M (=1073741824) (custom)
2023-08-31 18:20:01,907 [431b9c6f-d536-4d0f-be3d-601c32ccf3d0@group-82B196D09914-LeaderElection28] INFO  server.RaftServerConfigKeys (ConfUtils.java:logGet(46)) - raft.server.watch.timeout = 180s (custom)
2023-08-31 18:20:01,908 [431b9c6f-d536-4d0f-be3d-601c32ccf3d0@group-82B196D09914-LeaderElection28] INFO  server.RaftServerConfigKeys (ConfUtils.java:logGet(46)) - raft.server.watch.timeout.denomination = 1s (default)
2023-08-31 18:20:01,908 [431b9c6f-d536-4d0f-be3d-601c32ccf3d0@group-82B196D09914-LeaderElection28] INFO  server.RaftServerConfigKeys (ConfUtils.java:logGet(46)) - raft.server.watch.element-limit = 65536 (default)
2023-08-31 18:20:01,908 [431b9c6f-d536-4d0f-be3d-601c32ccf3d0@group-82B196D09914-LeaderElection28] INFO  server.RaftServerConfigKeys (ConfUtils.java:logGet(46)) - raft.server.write.element-limit = 1024 (custom)
2023-08-31 18:20:01,908 [431b9c6f-d536-4d0f-be3d-601c32ccf3d0@group-82B196D09914-LeaderElection28] INFO  server.RaftServerConfigKeys (ConfUtils.java:logGet(46)) - raft.server.write.follower.gap.ratio.max = -1.0 (default)
2023-08-31 18:20:01,908 [431b9c6f-d536-4d0f-be3d-601c32ccf3d0@group-82B196D09914-LeaderElection28] INFO  impl.RoleInfo (RoleInfo.java:updateAndGet(139)) - 431b9c6f-d536-4d0f-be3d-601c32ccf3d0: start 431b9c6f-d536-4d0f-be3d-601c32ccf3d0@group-82B196D09914-LeaderStateImpl
2023-08-31 18:20:01,908 [431b9c6f-d536-4d0f-be3d-601c32ccf3d0@group-82B196D09914-LeaderElection28] INFO  segmented.SegmentedRaftLogWorker (SegmentedRaftLogWorker.java:startLogSegment(447)) - 431b9c6f-d536-4d0f-be3d-601c32ccf3d0@group-82B196D09914-SegmentedRaftLogWorker: Starting segment from index:0
2023-08-31 18:20:01,912 [431b9c6f-d536-4d0f-be3d-601c32ccf3d0@group-82B196D09914-LeaderElection28] INFO  server.RaftServer$Division (ServerState.java:setRaftConf(434)) - 431b9c6f-d536-4d0f-be3d-601c32ccf3d0@group-82B196D09914: set configuration 0: peers:[431b9c6f-d536-4d0f-be3d-601c32ccf3d0|rpc:10.1.0.8:15147|admin:10.1.0.8:15146|client:10.1.0.8:15145|dataStream:10.1.0.8:15148|priority:1|startupRole:FOLLOWER]|listeners:[], old=null
2023-08-31 18:20:01,916 [431b9c6f-d536-4d0f-be3d-601c32ccf3d0@group-82B196D09914-SegmentedRaftLogWorker] INFO  segmented.SegmentedRaftLogWorker (SegmentedRaftLogWorker.java:execute(651)) - 431b9c6f-d536-4d0f-be3d-601c32ccf3d0@group-82B196D09914-SegmentedRaftLogWorker: created new log segment /home/runner/work/ozone/ozone/hadoop-ozone/integration-test/target/test-dir/MiniOzoneClusterImpl-03cba653-44d0-43b4-bc0f-a7205d2183ff/datanode-3/data/ratis/f96faf6d-083e-49ee-a83a-82b196d09914/current/log_inprogress_0
18:20:01.927 [IPC Server handler 17 on default port 15110] ERROR OMAudit - user=runner | ip=127.0.0.1 | op=LIST_STATUS {volume=volume40966, bucket=bucket64934, key=b/a, dataSize=0, replicationConfig=null} | ret=FAILURE
org.apache.hadoop.ozone.om.exceptions.OMException: Unable to get file status: volume: volume40966 bucket: bucket64934 key: b/a
	at org.apache.hadoop.ozone.om.KeyManagerImpl.getOzoneFileStatus(KeyManagerImpl.java:1195) ~[ozone-manager-1.4.0-SNAPSHOT.jar:?]
	at org.apache.hadoop.ozone.om.KeyManagerImpl.getFileStatus(KeyManagerImpl.java:1113) ~[ozone-manager-1.4.0-SNAPSHOT.jar:?]
	at org.apache.hadoop.ozone.om.KeyManagerImpl.listStatus(KeyManagerImpl.java:1505) ~[ozone-manager-1.4.0-SNAPSHOT.jar:?]
	at org.apache.hadoop.ozone.om.OmMetadataReader.listStatus(OmMetadataReader.java:235) ~[ozone-manager-1.4.0-SNAPSHOT.jar:?]
	at org.apache.hadoop.ozone.om.OzoneManager.listStatus(OzoneManager.java:3560) ~[ozone-manager-1.4.0-SNAPSHOT.jar:?]
	at org.apache.hadoop.ozone.protocolPB.OzoneManagerRequestHandler.listStatus(OzoneManagerRequestHandler.java:1145) ~[ozone-manager-1.4.0-SNAPSHOT.jar:?]
	at org.apache.hadoop.ozone.protocolPB.OzoneManagerRequestHandler.handleReadRequest(OzoneManagerRequestHandler.java:263) ~[ozone-manager-1.4.0-SNAPSHOT.jar:?]
	at org.apache.hadoop.ozone.protocolPB.OzoneManagerProtocolServerSideTranslatorPB.submitReadRequestToOM(OzoneManagerProtocolServerSideTranslatorPB.java:225) ~[ozone-manager-1.4.0-SNAPSHOT.jar:?]
	at org.apache.hadoop.ozone.protocolPB.OzoneManagerProtocolServerSideTranslatorPB.processRequest(OzoneManagerProtocolServerSideTranslatorPB.java:179) ~[ozone-manager-1.4.0-SNAPSHOT.jar:?]
	at org.apache.hadoop.hdds.server.OzoneProtocolMessageDispatcher.processRequest(OzoneProtocolMessageDispatcher.java:87) [hdds-server-framework-1.4.0-SNAPSHOT.jar:?]
	at org.apache.hadoop.ozone.protocolPB.OzoneManagerProtocolServerSideTranslatorPB.submitRequest(OzoneManagerProtocolServerSideTranslatorPB.java:148) [ozone-manager-1.4.0-SNAPSHOT.jar:?]
	at org.apache.hadoop.ozone.protocol.proto.OzoneManagerProtocolProtos$OzoneManagerService$2.callBlockingMethod(OzoneManagerProtocolProtos.java) [ozone-interface-client-1.4.0-SNAPSHOT.jar:?]
	at org.apache.hadoop.ipc.ProtobufRpcEngine$Server.processCall(ProtobufRpcEngine.java:484) [hadoop-common-3.3.6.jar:?]
	at org.apache.hadoop.ipc.ProtobufRpcEngine2$Server$ProtoBufRpcInvoker.call(ProtobufRpcEngine2.java:595) [hadoop-common-3.3.6.jar:?]
	at org.apache.hadoop.ipc.ProtobufRpcEngine2$Server$ProtoBufRpcInvoker.call(ProtobufRpcEngine2.java:573) [hadoop-common-3.3.6.jar:?]
	at org.apache.hadoop.ipc.RPC$Server.call(RPC.java:1227) [hadoop-common-3.3.6.jar:?]
	at org.apache.hadoop.ipc.Server$RpcCall.run(Server.java:1094) [hadoop-common-3.3.6.jar:?]
	at org.apache.hadoop.ipc.Server$RpcCall.run(Server.java:1017) [hadoop-common-3.3.6.jar:?]
	at java.security.AccessController.doPrivileged(Native Method) ~[?:1.8.0_382]
	at javax.security.auth.Subject.doAs(Subject.java:422) [?:1.8.0_382]
	at org.apache.hadoop.security.UserGroupInformation.doAs(UserGroupInformation.java:1899) [hadoop-common-3.3.6.jar:?]
	at org.apache.hadoop.ipc.Server$Handler.run(Server.java:3048) [hadoop-common-3.3.6.jar:?]
]]></system-out>
  </testcase>
  <testcase name="testRenameToExistingDir" classname="TestOzoneFileSystem" time="0.02">
    <system-out><![CDATA[18:21:30.457 [IPC Server handler 18 on default port 15163] ERROR OMAudit - user=runner | ip=127.0.0.1 | op=LIST_STATUS {volume=volume65627, bucket=bucket59265, key=b/a, dataSize=0, replicationConfig=null} | ret=FAILURE
org.apache.hadoop.ozone.om.exceptions.OMException: Unable to get file status: volume: volume65627 bucket: bucket59265 key: b/a
	at org.apache.hadoop.ozone.om.KeyManagerImpl.getOzoneFileStatus(KeyManagerImpl.java:1195) ~[ozone-manager-1.4.0-SNAPSHOT.jar:?]
	at org.apache.hadoop.ozone.om.KeyManagerImpl.getFileStatus(KeyManagerImpl.java:1113) ~[ozone-manager-1.4.0-SNAPSHOT.jar:?]
	at org.apache.hadoop.ozone.om.KeyManagerImpl.listStatus(KeyManagerImpl.java:1505) ~[ozone-manager-1.4.0-SNAPSHOT.jar:?]
	at org.apache.hadoop.ozone.om.OmMetadataReader.listStatus(OmMetadataReader.java:235) ~[ozone-manager-1.4.0-SNAPSHOT.jar:?]
	at org.apache.hadoop.ozone.om.OzoneManager.listStatus(OzoneManager.java:3560) ~[ozone-manager-1.4.0-SNAPSHOT.jar:?]
	at org.apache.hadoop.ozone.protocolPB.OzoneManagerRequestHandler.listStatus(OzoneManagerRequestHandler.java:1145) ~[ozone-manager-1.4.0-SNAPSHOT.jar:?]
	at org.apache.hadoop.ozone.protocolPB.OzoneManagerRequestHandler.handleReadRequest(OzoneManagerRequestHandler.java:263) ~[ozone-manager-1.4.0-SNAPSHOT.jar:?]
	at org.apache.hadoop.ozone.protocolPB.OzoneManagerProtocolServerSideTranslatorPB.submitRequestDirectlyToOM(OzoneManagerProtocolServerSideTranslatorPB.java:274) ~[ozone-manager-1.4.0-SNAPSHOT.jar:?]
	at org.apache.hadoop.ozone.protocolPB.OzoneManagerProtocolServerSideTranslatorPB.processRequest(OzoneManagerProtocolServerSideTranslatorPB.java:175) ~[ozone-manager-1.4.0-SNAPSHOT.jar:?]
	at org.apache.hadoop.hdds.server.OzoneProtocolMessageDispatcher.processRequest(OzoneProtocolMessageDispatcher.java:87) [hdds-server-framework-1.4.0-SNAPSHOT.jar:?]
	at org.apache.hadoop.ozone.protocolPB.OzoneManagerProtocolServerSideTranslatorPB.submitRequest(OzoneManagerProtocolServerSideTranslatorPB.java:148) [ozone-manager-1.4.0-SNAPSHOT.jar:?]
	at org.apache.hadoop.ozone.protocol.proto.OzoneManagerProtocolProtos$OzoneManagerService$2.callBlockingMethod(OzoneManagerProtocolProtos.java) [ozone-interface-client-1.4.0-SNAPSHOT.jar:?]
	at org.apache.hadoop.ipc.ProtobufRpcEngine$Server.processCall(ProtobufRpcEngine.java:484) [hadoop-common-3.3.6.jar:?]
	at org.apache.hadoop.ipc.ProtobufRpcEngine2$Server$ProtoBufRpcInvoker.call(ProtobufRpcEngine2.java:595) [hadoop-common-3.3.6.jar:?]
	at org.apache.hadoop.ipc.ProtobufRpcEngine2$Server$ProtoBufRpcInvoker.call(ProtobufRpcEngine2.java:573) [hadoop-common-3.3.6.jar:?]
	at org.apache.hadoop.ipc.RPC$Server.call(RPC.java:1227) [hadoop-common-3.3.6.jar:?]
	at org.apache.hadoop.ipc.Server$RpcCall.run(Server.java:1094) [hadoop-common-3.3.6.jar:?]
	at org.apache.hadoop.ipc.Server$RpcCall.run(Server.java:1017) [hadoop-common-3.3.6.jar:?]
	at java.security.AccessController.doPrivileged(Native Method) ~[?:1.8.0_382]
	at javax.security.auth.Subject.doAs(Subject.java:422) [?:1.8.0_382]
	at org.apache.hadoop.security.UserGroupInformation.doAs(UserGroupInformation.java:1899) [hadoop-common-3.3.6.jar:?]
	at org.apache.hadoop.ipc.Server$Handler.run(Server.java:3048) [hadoop-common-3.3.6.jar:?]
]]></system-out>
  </testcase>
  <testcase name="testRenameDirToItsOwnSubDir" classname="TestOzoneFileSystem" time="0.056">
    <system-out><![CDATA[2023-08-31 18:16:57,284 [Time-limited test] INFO  ozone.TestOzoneFileSystem (TestOzoneFileSystem.java:testRenameDirToItsOwnSubDir(1174)) - Created dir1 o3fs://bucket48122.volume59479/root/dir1/sub_dir1
2023-08-31 18:16:57,284 [Time-limited test] INFO  ozone.TestOzoneFileSystem (TestOzoneFileSystem.java:testRenameDirToItsOwnSubDir(1177)) - Rename op-> source:o3fs://bucket48122.volume59479/root to destin:o3fs://bucket48122.volume59479/root/dir1/sub_dir1
]]></system-out>
  </testcase>
  <testcase name="testRenameDirToItsOwnSubDir" classname="TestOzoneFileSystem" time="0.02">
    <system-out><![CDATA[2023-08-31 18:18:42,893 [9288cb02-3403-47c3-90d0-5e59a32e5c49@group-CAD8AE3CC7A4-LeaderElection18] INFO  impl.LeaderElection (LeaderElection.java:askForVotes(321)) - 9288cb02-3403-47c3-90d0-5e59a32e5c49@group-CAD8AE3CC7A4-LeaderElection18 PRE_VOTE round 0: submit vote requests at term 0 for -1: peers:[9288cb02-3403-47c3-90d0-5e59a32e5c49|rpc:10.1.0.8:15094|admin:10.1.0.8:15093|client:10.1.0.8:15092|dataStream:10.1.0.8:15095|priority:1|startupRole:FOLLOWER]|listeners:[], old=null
2023-08-31 18:18:42,893 [9288cb02-3403-47c3-90d0-5e59a32e5c49@group-CAD8AE3CC7A4-LeaderElection18] INFO  impl.LeaderElection (LeaderElection.java:askForVotes(323)) - 9288cb02-3403-47c3-90d0-5e59a32e5c49@group-CAD8AE3CC7A4-LeaderElection18 PRE_VOTE round 0: result PASSED (term=0)
2023-08-31 18:18:42,900 [Time-limited test] INFO  ozone.TestOzoneFileSystem (TestOzoneFileSystem.java:testRenameDirToItsOwnSubDir(1174)) - Created dir1 o3fs://bucket38025.volume38115/root/dir1/sub_dir1
2023-08-31 18:18:42,900 [Time-limited test] INFO  ozone.TestOzoneFileSystem (TestOzoneFileSystem.java:testRenameDirToItsOwnSubDir(1177)) - Rename op-> source:o3fs://bucket38025.volume38115/root to destin:o3fs://bucket38025.volume38115/root/dir1/sub_dir1
2023-08-31 18:18:42,901 [9288cb02-3403-47c3-90d0-5e59a32e5c49@group-CAD8AE3CC7A4-LeaderElection18] INFO  impl.LeaderElection (LeaderElection.java:askForVotes(321)) - 9288cb02-3403-47c3-90d0-5e59a32e5c49@group-CAD8AE3CC7A4-LeaderElection18 ELECTION round 0: submit vote requests at term 1 for -1: peers:[9288cb02-3403-47c3-90d0-5e59a32e5c49|rpc:10.1.0.8:15094|admin:10.1.0.8:15093|client:10.1.0.8:15092|dataStream:10.1.0.8:15095|priority:1|startupRole:FOLLOWER]|listeners:[], old=null
2023-08-31 18:18:42,901 [9288cb02-3403-47c3-90d0-5e59a32e5c49@group-CAD8AE3CC7A4-LeaderElection18] INFO  impl.LeaderElection (LeaderElection.java:askForVotes(323)) - 9288cb02-3403-47c3-90d0-5e59a32e5c49@group-CAD8AE3CC7A4-LeaderElection18 ELECTION round 0: result PASSED (term=1)
2023-08-31 18:18:42,901 [9288cb02-3403-47c3-90d0-5e59a32e5c49@group-CAD8AE3CC7A4-LeaderElection18] INFO  impl.RoleInfo (RoleInfo.java:shutdownLeaderElection(130)) - 9288cb02-3403-47c3-90d0-5e59a32e5c49: shutdown 9288cb02-3403-47c3-90d0-5e59a32e5c49@group-CAD8AE3CC7A4-LeaderElection18
2023-08-31 18:18:42,901 [9288cb02-3403-47c3-90d0-5e59a32e5c49@group-CAD8AE3CC7A4-LeaderElection18] INFO  server.RaftServer$Division (RaftServerImpl.java:setRole(329)) - 9288cb02-3403-47c3-90d0-5e59a32e5c49@group-CAD8AE3CC7A4: changes role from CANDIDATE to LEADER at term 1 for changeToLeader
2023-08-31 18:18:42,901 [9288cb02-3403-47c3-90d0-5e59a32e5c49@group-CAD8AE3CC7A4-LeaderElection18] INFO  ratis.XceiverServerRatis (XceiverServerRatis.java:handleLeaderChangedNotification(902)) - Leader change notification received for group: group-CAD8AE3CC7A4 with new leaderId: 9288cb02-3403-47c3-90d0-5e59a32e5c49
2023-08-31 18:18:42,902 [9288cb02-3403-47c3-90d0-5e59a32e5c49@group-CAD8AE3CC7A4-LeaderElection18] INFO  server.RaftServer$Division (ServerState.java:setLeader(317)) - 9288cb02-3403-47c3-90d0-5e59a32e5c49@group-CAD8AE3CC7A4: change Leader from null to 9288cb02-3403-47c3-90d0-5e59a32e5c49 at term 1 for becomeLeader, leader elected after 5241ms
2023-08-31 18:18:42,903 [9288cb02-3403-47c3-90d0-5e59a32e5c49@group-CAD8AE3CC7A4-LeaderElection18] INFO  server.RaftServerConfigKeys (ConfUtils.java:logGet(46)) - raft.server.staging.catchup.gap = 1000 (default)
2023-08-31 18:18:42,904 [9288cb02-3403-47c3-90d0-5e59a32e5c49@group-CAD8AE3CC7A4-LeaderElection18] INFO  server.RaftServerConfigKeys (ConfUtils.java:logGet(46)) - raft.server.write.element-limit = 1024 (custom)
2023-08-31 18:18:42,904 [9288cb02-3403-47c3-90d0-5e59a32e5c49@group-CAD8AE3CC7A4-LeaderElection18] INFO  server.RaftServerConfigKeys (ConfUtils.java:logGet(46)) - raft.server.write.byte-limit = 1024 M (=1073741824) (custom)
2023-08-31 18:18:42,905 [9288cb02-3403-47c3-90d0-5e59a32e5c49@group-CAD8AE3CC7A4-LeaderElection18] INFO  server.RaftServerConfigKeys (ConfUtils.java:logGet(46)) - raft.server.watch.timeout = 180s (custom)
2023-08-31 18:18:42,907 [9288cb02-3403-47c3-90d0-5e59a32e5c49@group-CAD8AE3CC7A4-LeaderElection18] INFO  server.RaftServerConfigKeys (ConfUtils.java:logGet(46)) - raft.server.watch.timeout.denomination = 1s (default)
2023-08-31 18:18:42,908 [9288cb02-3403-47c3-90d0-5e59a32e5c49@group-CAD8AE3CC7A4-LeaderElection18] INFO  server.RaftServerConfigKeys (ConfUtils.java:logGet(46)) - raft.server.watch.element-limit = 65536 (default)
2023-08-31 18:18:42,908 [9288cb02-3403-47c3-90d0-5e59a32e5c49@group-CAD8AE3CC7A4-LeaderElection18] INFO  server.RaftServerConfigKeys (ConfUtils.java:logGet(46)) - raft.server.write.element-limit = 1024 (custom)
2023-08-31 18:18:42,908 [9288cb02-3403-47c3-90d0-5e59a32e5c49@group-CAD8AE3CC7A4-LeaderElection18] INFO  server.RaftServerConfigKeys (ConfUtils.java:logGet(46)) - raft.server.write.follower.gap.ratio.max = -1.0 (default)
2023-08-31 18:18:42,908 [9288cb02-3403-47c3-90d0-5e59a32e5c49@group-CAD8AE3CC7A4-LeaderElection18] INFO  impl.RoleInfo (RoleInfo.java:updateAndGet(139)) - 9288cb02-3403-47c3-90d0-5e59a32e5c49: start 9288cb02-3403-47c3-90d0-5e59a32e5c49@group-CAD8AE3CC7A4-LeaderStateImpl
2023-08-31 18:18:42,908 [9288cb02-3403-47c3-90d0-5e59a32e5c49@group-CAD8AE3CC7A4-LeaderElection18] INFO  segmented.SegmentedRaftLogWorker (SegmentedRaftLogWorker.java:startLogSegment(447)) - 9288cb02-3403-47c3-90d0-5e59a32e5c49@group-CAD8AE3CC7A4-SegmentedRaftLogWorker: Starting segment from index:0
2023-08-31 18:18:42,909 [9288cb02-3403-47c3-90d0-5e59a32e5c49@group-CAD8AE3CC7A4-LeaderElection18] INFO  server.RaftServer$Division (ServerState.java:setRaftConf(434)) - 9288cb02-3403-47c3-90d0-5e59a32e5c49@group-CAD8AE3CC7A4: set configuration 0: peers:[9288cb02-3403-47c3-90d0-5e59a32e5c49|rpc:10.1.0.8:15094|admin:10.1.0.8:15093|client:10.1.0.8:15092|dataStream:10.1.0.8:15095|priority:1|startupRole:FOLLOWER]|listeners:[], old=null
]]></system-out>
  </testcase>
  <testcase name="testRenameDirToItsOwnSubDir" classname="TestOzoneFileSystem" time="0.013">
    <system-out><![CDATA[2023-08-31 18:20:01,949 [Time-limited test] INFO  ozone.TestOzoneFileSystem (TestOzoneFileSystem.java:testRenameDirToItsOwnSubDir(1174)) - Created dir1 o3fs://bucket64934.volume40966/root/dir1/sub_dir1
2023-08-31 18:20:01,949 [Time-limited test] INFO  ozone.TestOzoneFileSystem (TestOzoneFileSystem.java:testRenameDirToItsOwnSubDir(1177)) - Rename op-> source:o3fs://bucket64934.volume40966/root to destin:o3fs://bucket64934.volume40966/root/dir1/sub_dir1
]]></system-out>
  </testcase>
  <testcase name="testRenameDirToItsOwnSubDir" classname="TestOzoneFileSystem" time="0.01">
    <system-out><![CDATA[2023-08-31 18:21:30,475 [Time-limited test] INFO  ozone.TestOzoneFileSystem (TestOzoneFileSystem.java:testRenameDirToItsOwnSubDir(1174)) - Created dir1 o3fs://bucket59265.volume65627/root/dir1/sub_dir1
2023-08-31 18:21:30,475 [Time-limited test] INFO  ozone.TestOzoneFileSystem (TestOzoneFileSystem.java:testRenameDirToItsOwnSubDir(1177)) - Rename op-> source:o3fs://bucket59265.volume65627/root to destin:o3fs://bucket59265.volume65627/root/dir1/sub_dir1
]]></system-out>
  </testcase>
  <testcase name="testGetDirectoryModificationTime" classname="TestOzoneFileSystem" time="0.203"/>
  <testcase name="testGetDirectoryModificationTime" classname="TestOzoneFileSystem" time="0.144">
    <system-out><![CDATA[2023-08-31 18:18:42,913 [9288cb02-3403-47c3-90d0-5e59a32e5c49@group-CAD8AE3CC7A4-SegmentedRaftLogWorker] INFO  segmented.SegmentedRaftLogWorker (SegmentedRaftLogWorker.java:execute(651)) - 9288cb02-3403-47c3-90d0-5e59a32e5c49@group-CAD8AE3CC7A4-SegmentedRaftLogWorker: created new log segment /home/runner/work/ozone/ozone/hadoop-ozone/integration-test/target/test-dir/MiniOzoneClusterImpl-1f897967-a85f-45b1-932e-48a7a77b5829/datanode-3/data/ratis/9a9ef5bf-757a-4fb2-8d01-cad8ae3cc7a4/current/log_inprogress_0
]]></system-out>
  </testcase>
  <testcase name="testGetDirectoryModificationTime" classname="TestOzoneFileSystem" time="0.132"/>
  <testcase name="testGetDirectoryModificationTime" classname="TestOzoneFileSystem" time="0.125">
    <system-out><![CDATA[2023-08-31 18:21:30,547 [85b0bed5-4d1d-45f9-8f71-740e9dd12c61@group-FBFC36656F99-FollowerState] INFO  impl.FollowerState (FollowerState.java:run(143)) - 85b0bed5-4d1d-45f9-8f71-740e9dd12c61@group-FBFC36656F99-FollowerState: change to CANDIDATE, lastRpcElapsedTime:5035119780ns, electionTimeout:5034ms
2023-08-31 18:21:30,547 [85b0bed5-4d1d-45f9-8f71-740e9dd12c61@group-FBFC36656F99-FollowerState] INFO  impl.RoleInfo (RoleInfo.java:shutdownFollowerState(110)) - 85b0bed5-4d1d-45f9-8f71-740e9dd12c61: shutdown 85b0bed5-4d1d-45f9-8f71-740e9dd12c61@group-FBFC36656F99-FollowerState
2023-08-31 18:21:30,547 [85b0bed5-4d1d-45f9-8f71-740e9dd12c61@group-FBFC36656F99-FollowerState] INFO  server.RaftServer$Division (RaftServerImpl.java:setRole(329)) - 85b0bed5-4d1d-45f9-8f71-740e9dd12c61@group-FBFC36656F99: changes role from  FOLLOWER to CANDIDATE at term 0 for changeToCandidate
2023-08-31 18:21:30,547 [85b0bed5-4d1d-45f9-8f71-740e9dd12c61@group-FBFC36656F99-FollowerState] INFO  server.RaftServerConfigKeys (ConfUtils.java:logGet(46)) - raft.server.leaderelection.pre-vote = true (default)
2023-08-31 18:21:30,547 [85b0bed5-4d1d-45f9-8f71-740e9dd12c61@group-FBFC36656F99-FollowerState] INFO  impl.RoleInfo (RoleInfo.java:updateAndGet(139)) - 85b0bed5-4d1d-45f9-8f71-740e9dd12c61: start 85b0bed5-4d1d-45f9-8f71-740e9dd12c61@group-FBFC36656F99-LeaderElection37
2023-08-31 18:21:30,550 [85b0bed5-4d1d-45f9-8f71-740e9dd12c61@group-FBFC36656F99-LeaderElection37] INFO  impl.LeaderElection (LeaderElection.java:askForVotes(321)) - 85b0bed5-4d1d-45f9-8f71-740e9dd12c61@group-FBFC36656F99-LeaderElection37 PRE_VOTE round 0: submit vote requests at term 0 for -1: peers:[85b0bed5-4d1d-45f9-8f71-740e9dd12c61|rpc:10.1.0.8:15200|admin:10.1.0.8:15199|client:10.1.0.8:15198|dataStream:10.1.0.8:15201|priority:1|startupRole:FOLLOWER]|listeners:[], old=null
2023-08-31 18:21:30,550 [85b0bed5-4d1d-45f9-8f71-740e9dd12c61@group-FBFC36656F99-LeaderElection37] INFO  impl.LeaderElection (LeaderElection.java:askForVotes(323)) - 85b0bed5-4d1d-45f9-8f71-740e9dd12c61@group-FBFC36656F99-LeaderElection37 PRE_VOTE round 0: result PASSED (term=0)
2023-08-31 18:21:30,552 [85b0bed5-4d1d-45f9-8f71-740e9dd12c61@group-FBFC36656F99-LeaderElection37] INFO  impl.LeaderElection (LeaderElection.java:askForVotes(321)) - 85b0bed5-4d1d-45f9-8f71-740e9dd12c61@group-FBFC36656F99-LeaderElection37 ELECTION round 0: submit vote requests at term 1 for -1: peers:[85b0bed5-4d1d-45f9-8f71-740e9dd12c61|rpc:10.1.0.8:15200|admin:10.1.0.8:15199|client:10.1.0.8:15198|dataStream:10.1.0.8:15201|priority:1|startupRole:FOLLOWER]|listeners:[], old=null
2023-08-31 18:21:30,553 [85b0bed5-4d1d-45f9-8f71-740e9dd12c61@group-FBFC36656F99-LeaderElection37] INFO  impl.LeaderElection (LeaderElection.java:askForVotes(323)) - 85b0bed5-4d1d-45f9-8f71-740e9dd12c61@group-FBFC36656F99-LeaderElection37 ELECTION round 0: result PASSED (term=1)
2023-08-31 18:21:30,553 [85b0bed5-4d1d-45f9-8f71-740e9dd12c61@group-FBFC36656F99-LeaderElection37] INFO  impl.RoleInfo (RoleInfo.java:shutdownLeaderElection(130)) - 85b0bed5-4d1d-45f9-8f71-740e9dd12c61: shutdown 85b0bed5-4d1d-45f9-8f71-740e9dd12c61@group-FBFC36656F99-LeaderElection37
2023-08-31 18:21:30,553 [85b0bed5-4d1d-45f9-8f71-740e9dd12c61@group-FBFC36656F99-LeaderElection37] INFO  server.RaftServer$Division (RaftServerImpl.java:setRole(329)) - 85b0bed5-4d1d-45f9-8f71-740e9dd12c61@group-FBFC36656F99: changes role from CANDIDATE to LEADER at term 1 for changeToLeader
2023-08-31 18:21:30,553 [85b0bed5-4d1d-45f9-8f71-740e9dd12c61@group-FBFC36656F99-LeaderElection37] INFO  ratis.XceiverServerRatis (XceiverServerRatis.java:handleLeaderChangedNotification(902)) - Leader change notification received for group: group-FBFC36656F99 with new leaderId: 85b0bed5-4d1d-45f9-8f71-740e9dd12c61
2023-08-31 18:21:30,553 [85b0bed5-4d1d-45f9-8f71-740e9dd12c61@group-FBFC36656F99-LeaderElection37] INFO  server.RaftServer$Division (ServerState.java:setLeader(317)) - 85b0bed5-4d1d-45f9-8f71-740e9dd12c61@group-FBFC36656F99: change Leader from null to 85b0bed5-4d1d-45f9-8f71-740e9dd12c61 at term 1 for becomeLeader, leader elected after 5058ms
2023-08-31 18:21:30,553 [85b0bed5-4d1d-45f9-8f71-740e9dd12c61@group-FBFC36656F99-LeaderElection37] INFO  server.RaftServerConfigKeys (ConfUtils.java:logGet(46)) - raft.server.staging.catchup.gap = 1000 (default)
2023-08-31 18:21:30,555 [85b0bed5-4d1d-45f9-8f71-740e9dd12c61@group-FBFC36656F99-LeaderElection37] INFO  server.RaftServerConfigKeys (ConfUtils.java:logGet(46)) - raft.server.write.element-limit = 1024 (custom)
2023-08-31 18:21:30,555 [85b0bed5-4d1d-45f9-8f71-740e9dd12c61@group-FBFC36656F99-LeaderElection37] INFO  server.RaftServerConfigKeys (ConfUtils.java:logGet(46)) - raft.server.write.byte-limit = 1024 M (=1073741824) (custom)
2023-08-31 18:21:30,555 [85b0bed5-4d1d-45f9-8f71-740e9dd12c61@group-FBFC36656F99-LeaderElection37] INFO  server.RaftServerConfigKeys (ConfUtils.java:logGet(46)) - raft.server.watch.timeout = 180s (custom)
2023-08-31 18:21:30,555 [85b0bed5-4d1d-45f9-8f71-740e9dd12c61@group-FBFC36656F99-LeaderElection37] INFO  server.RaftServerConfigKeys (ConfUtils.java:logGet(46)) - raft.server.watch.timeout.denomination = 1s (default)
2023-08-31 18:21:30,555 [85b0bed5-4d1d-45f9-8f71-740e9dd12c61@group-FBFC36656F99-LeaderElection37] INFO  server.RaftServerConfigKeys (ConfUtils.java:logGet(46)) - raft.server.watch.element-limit = 65536 (default)
2023-08-31 18:21:30,555 [85b0bed5-4d1d-45f9-8f71-740e9dd12c61@group-FBFC36656F99-LeaderElection37] INFO  server.RaftServerConfigKeys (ConfUtils.java:logGet(46)) - raft.server.write.element-limit = 1024 (custom)
2023-08-31 18:21:30,555 [85b0bed5-4d1d-45f9-8f71-740e9dd12c61@group-FBFC36656F99-LeaderElection37] INFO  server.RaftServerConfigKeys (ConfUtils.java:logGet(46)) - raft.server.write.follower.gap.ratio.max = -1.0 (default)
2023-08-31 18:21:30,555 [85b0bed5-4d1d-45f9-8f71-740e9dd12c61@group-FBFC36656F99-LeaderElection37] INFO  impl.RoleInfo (RoleInfo.java:updateAndGet(139)) - 85b0bed5-4d1d-45f9-8f71-740e9dd12c61: start 85b0bed5-4d1d-45f9-8f71-740e9dd12c61@group-FBFC36656F99-LeaderStateImpl
2023-08-31 18:21:30,556 [85b0bed5-4d1d-45f9-8f71-740e9dd12c61@group-FBFC36656F99-LeaderElection37] INFO  segmented.SegmentedRaftLogWorker (SegmentedRaftLogWorker.java:startLogSegment(447)) - 85b0bed5-4d1d-45f9-8f71-740e9dd12c61@group-FBFC36656F99-SegmentedRaftLogWorker: Starting segment from index:0
2023-08-31 18:21:30,556 [85b0bed5-4d1d-45f9-8f71-740e9dd12c61@group-FBFC36656F99-LeaderElection37] INFO  server.RaftServer$Division (ServerState.java:setRaftConf(434)) - 85b0bed5-4d1d-45f9-8f71-740e9dd12c61@group-FBFC36656F99: set configuration 0: peers:[85b0bed5-4d1d-45f9-8f71-740e9dd12c61|rpc:10.1.0.8:15200|admin:10.1.0.8:15199|client:10.1.0.8:15198|dataStream:10.1.0.8:15201|priority:1|startupRole:FOLLOWER]|listeners:[], old=null
2023-08-31 18:21:30,557 [85b0bed5-4d1d-45f9-8f71-740e9dd12c61@group-FBFC36656F99-SegmentedRaftLogWorker] INFO  segmented.SegmentedRaftLogWorker (SegmentedRaftLogWorker.java:execute(651)) - 85b0bed5-4d1d-45f9-8f71-740e9dd12c61@group-FBFC36656F99-SegmentedRaftLogWorker: created new log segment /home/runner/work/ozone/ozone/hadoop-ozone/integration-test/target/test-dir/MiniOzoneClusterImpl-2bd935e6-826e-4dca-83cf-32fa945e0037/datanode-3/data/ratis/db35460f-4eb2-463f-a622-fbfc36656f99/current/log_inprogress_0
]]></system-out>
  </testcase>
  <testcase name="testOzoneFsServiceLoader" classname="TestOzoneFileSystem" time="0.006"/>
  <testcase name="testOzoneFsServiceLoader" classname="TestOzoneFileSystem" time="0.002"/>
  <testcase name="testOzoneFsServiceLoader" classname="TestOzoneFileSystem" time="0.002"/>
  <testcase name="testOzoneFsServiceLoader" classname="TestOzoneFileSystem" time="0.002"/>
  <testcase name="testTrash" classname="TestOzoneFileSystem" time="4.126">
    <system-out><![CDATA[18:16:57.575 [IPC Server handler 18 on default port 15004] ERROR OMAudit - user=runner | ip=127.0.0.1 | op=GET_FILE_STATUS {volume=volume59479, bucket=bucket48122, key=.Trash/runner/Current/testKey2, dataSize=0, replicationConfig=null} | ret=FAILURE
org.apache.hadoop.ozone.om.exceptions.OMException: Unable to get file status: volume: volume59479 bucket: bucket48122 key: .Trash/runner/Current/testKey2
	at org.apache.hadoop.ozone.om.KeyManagerImpl.getOzoneFileStatus(KeyManagerImpl.java:1195) ~[ozone-manager-1.4.0-SNAPSHOT.jar:?]
	at org.apache.hadoop.ozone.om.KeyManagerImpl.getFileStatus(KeyManagerImpl.java:1113) ~[ozone-manager-1.4.0-SNAPSHOT.jar:?]
	at org.apache.hadoop.ozone.om.OmMetadataReader.getFileStatus(OmMetadataReader.java:262) ~[ozone-manager-1.4.0-SNAPSHOT.jar:?]
	at org.apache.hadoop.ozone.om.OzoneManager.getFileStatus(OzoneManager.java:3530) ~[ozone-manager-1.4.0-SNAPSHOT.jar:?]
	at org.apache.hadoop.ozone.protocolPB.OzoneManagerRequestHandler.getOzoneFileStatus(OzoneManagerRequestHandler.java:973) ~[ozone-manager-1.4.0-SNAPSHOT.jar:?]
	at org.apache.hadoop.ozone.protocolPB.OzoneManagerRequestHandler.handleReadRequest(OzoneManagerRequestHandler.java:252) ~[ozone-manager-1.4.0-SNAPSHOT.jar:?]
	at org.apache.hadoop.ozone.protocolPB.OzoneManagerProtocolServerSideTranslatorPB.submitReadRequestToOM(OzoneManagerProtocolServerSideTranslatorPB.java:225) ~[ozone-manager-1.4.0-SNAPSHOT.jar:?]
	at org.apache.hadoop.ozone.protocolPB.OzoneManagerProtocolServerSideTranslatorPB.processRequest(OzoneManagerProtocolServerSideTranslatorPB.java:179) ~[ozone-manager-1.4.0-SNAPSHOT.jar:?]
	at org.apache.hadoop.hdds.server.OzoneProtocolMessageDispatcher.processRequest(OzoneProtocolMessageDispatcher.java:87) [hdds-server-framework-1.4.0-SNAPSHOT.jar:?]
	at org.apache.hadoop.ozone.protocolPB.OzoneManagerProtocolServerSideTranslatorPB.submitRequest(OzoneManagerProtocolServerSideTranslatorPB.java:148) [ozone-manager-1.4.0-SNAPSHOT.jar:?]
	at org.apache.hadoop.ozone.protocol.proto.OzoneManagerProtocolProtos$OzoneManagerService$2.callBlockingMethod(OzoneManagerProtocolProtos.java) [ozone-interface-client-1.4.0-SNAPSHOT.jar:?]
	at org.apache.hadoop.ipc.ProtobufRpcEngine$Server.processCall(ProtobufRpcEngine.java:484) [hadoop-common-3.3.6.jar:?]
	at org.apache.hadoop.ipc.ProtobufRpcEngine2$Server$ProtoBufRpcInvoker.call(ProtobufRpcEngine2.java:595) [hadoop-common-3.3.6.jar:?]
	at org.apache.hadoop.ipc.ProtobufRpcEngine2$Server$ProtoBufRpcInvoker.call(ProtobufRpcEngine2.java:573) [hadoop-common-3.3.6.jar:?]
	at org.apache.hadoop.ipc.RPC$Server.call(RPC.java:1227) [hadoop-common-3.3.6.jar:?]
	at org.apache.hadoop.ipc.Server$RpcCall.run(Server.java:1094) [hadoop-common-3.3.6.jar:?]
	at org.apache.hadoop.ipc.Server$RpcCall.run(Server.java:1017) [hadoop-common-3.3.6.jar:?]
	at java.security.AccessController.doPrivileged(Native Method) ~[?:1.8.0_382]
	at javax.security.auth.Subject.doAs(Subject.java:422) [?:1.8.0_382]
	at org.apache.hadoop.security.UserGroupInformation.doAs(UserGroupInformation.java:1899) [hadoop-common-3.3.6.jar:?]
	at org.apache.hadoop.ipc.Server$Handler.run(Server.java:3048) [hadoop-common-3.3.6.jar:?]
18:16:57.581 [IPC Server handler 19 on default port 15004] ERROR OMAudit - user=runner | ip=127.0.0.1 | op=GET_FILE_STATUS {volume=volume59479, bucket=bucket48122, key=.Trash/runner/Current/testKey2, dataSize=0, replicationConfig=null} | ret=FAILURE
org.apache.hadoop.ozone.om.exceptions.OMException: Unable to get file status: volume: volume59479 bucket: bucket48122 key: .Trash/runner/Current/testKey2
	at org.apache.hadoop.ozone.om.KeyManagerImpl.getOzoneFileStatus(KeyManagerImpl.java:1195) ~[ozone-manager-1.4.0-SNAPSHOT.jar:?]
	at org.apache.hadoop.ozone.om.KeyManagerImpl.getFileStatus(KeyManagerImpl.java:1113) ~[ozone-manager-1.4.0-SNAPSHOT.jar:?]
	at org.apache.hadoop.ozone.om.OmMetadataReader.getFileStatus(OmMetadataReader.java:262) ~[ozone-manager-1.4.0-SNAPSHOT.jar:?]
	at org.apache.hadoop.ozone.om.OzoneManager.getFileStatus(OzoneManager.java:3530) ~[ozone-manager-1.4.0-SNAPSHOT.jar:?]
	at org.apache.hadoop.ozone.protocolPB.OzoneManagerRequestHandler.getOzoneFileStatus(OzoneManagerRequestHandler.java:973) ~[ozone-manager-1.4.0-SNAPSHOT.jar:?]
	at org.apache.hadoop.ozone.protocolPB.OzoneManagerRequestHandler.handleReadRequest(OzoneManagerRequestHandler.java:252) ~[ozone-manager-1.4.0-SNAPSHOT.jar:?]
	at org.apache.hadoop.ozone.protocolPB.OzoneManagerProtocolServerSideTranslatorPB.submitReadRequestToOM(OzoneManagerProtocolServerSideTranslatorPB.java:225) ~[ozone-manager-1.4.0-SNAPSHOT.jar:?]
	at org.apache.hadoop.ozone.protocolPB.OzoneManagerProtocolServerSideTranslatorPB.processRequest(OzoneManagerProtocolServerSideTranslatorPB.java:179) ~[ozone-manager-1.4.0-SNAPSHOT.jar:?]
	at org.apache.hadoop.hdds.server.OzoneProtocolMessageDispatcher.processRequest(OzoneProtocolMessageDispatcher.java:87) [hdds-server-framework-1.4.0-SNAPSHOT.jar:?]
	at org.apache.hadoop.ozone.protocolPB.OzoneManagerProtocolServerSideTranslatorPB.submitRequest(OzoneManagerProtocolServerSideTranslatorPB.java:148) [ozone-manager-1.4.0-SNAPSHOT.jar:?]
	at org.apache.hadoop.ozone.protocol.proto.OzoneManagerProtocolProtos$OzoneManagerService$2.callBlockingMethod(OzoneManagerProtocolProtos.java) [ozone-interface-client-1.4.0-SNAPSHOT.jar:?]
	at org.apache.hadoop.ipc.ProtobufRpcEngine$Server.processCall(ProtobufRpcEngine.java:484) [hadoop-common-3.3.6.jar:?]
	at org.apache.hadoop.ipc.ProtobufRpcEngine2$Server$ProtoBufRpcInvoker.call(ProtobufRpcEngine2.java:595) [hadoop-common-3.3.6.jar:?]
	at org.apache.hadoop.ipc.ProtobufRpcEngine2$Server$ProtoBufRpcInvoker.call(ProtobufRpcEngine2.java:573) [hadoop-common-3.3.6.jar:?]
	at org.apache.hadoop.ipc.RPC$Server.call(RPC.java:1227) [hadoop-common-3.3.6.jar:?]
	at org.apache.hadoop.ipc.Server$RpcCall.run(Server.java:1094) [hadoop-common-3.3.6.jar:?]
	at org.apache.hadoop.ipc.Server$RpcCall.run(Server.java:1017) [hadoop-common-3.3.6.jar:?]
	at java.security.AccessController.doPrivileged(Native Method) ~[?:1.8.0_382]
	at javax.security.auth.Subject.doAs(Subject.java:422) [?:1.8.0_382]
	at org.apache.hadoop.security.UserGroupInformation.doAs(UserGroupInformation.java:1899) [hadoop-common-3.3.6.jar:?]
	at org.apache.hadoop.ipc.Server$Handler.run(Server.java:3048) [hadoop-common-3.3.6.jar:?]
2023-08-31 18:16:57,595 [Time-limited test] INFO  om.TrashPolicyOzone (TrashPolicyOzone.java:moveToTrash(209)) - Moved: '/testKey2' to trash at: /.Trash/runner/Current/testKey2
18:16:58.603 [IPC Server handler 3 on default port 15004] ERROR OMAudit - user=runner | ip=127.0.0.1 | op=GET_FILE_STATUS {volume=volume59479, bucket=bucket48122, key=.Trash/runner/Current/testKey2, dataSize=0, replicationConfig=null} | ret=FAILURE
org.apache.hadoop.ozone.om.exceptions.OMException: Unable to get file status: volume: volume59479 bucket: bucket48122 key: .Trash/runner/Current/testKey2
	at org.apache.hadoop.ozone.om.KeyManagerImpl.getOzoneFileStatus(KeyManagerImpl.java:1195) ~[ozone-manager-1.4.0-SNAPSHOT.jar:?]
	at org.apache.hadoop.ozone.om.KeyManagerImpl.getFileStatus(KeyManagerImpl.java:1113) ~[ozone-manager-1.4.0-SNAPSHOT.jar:?]
	at org.apache.hadoop.ozone.om.OmMetadataReader.getFileStatus(OmMetadataReader.java:262) ~[ozone-manager-1.4.0-SNAPSHOT.jar:?]
	at org.apache.hadoop.ozone.om.OzoneManager.getFileStatus(OzoneManager.java:3530) ~[ozone-manager-1.4.0-SNAPSHOT.jar:?]
	at org.apache.hadoop.ozone.protocolPB.OzoneManagerRequestHandler.getOzoneFileStatus(OzoneManagerRequestHandler.java:973) ~[ozone-manager-1.4.0-SNAPSHOT.jar:?]
	at org.apache.hadoop.ozone.protocolPB.OzoneManagerRequestHandler.handleReadRequest(OzoneManagerRequestHandler.java:252) ~[ozone-manager-1.4.0-SNAPSHOT.jar:?]
	at org.apache.hadoop.ozone.protocolPB.OzoneManagerProtocolServerSideTranslatorPB.submitReadRequestToOM(OzoneManagerProtocolServerSideTranslatorPB.java:225) ~[ozone-manager-1.4.0-SNAPSHOT.jar:?]
	at org.apache.hadoop.ozone.protocolPB.OzoneManagerProtocolServerSideTranslatorPB.processRequest(OzoneManagerProtocolServerSideTranslatorPB.java:179) ~[ozone-manager-1.4.0-SNAPSHOT.jar:?]
	at org.apache.hadoop.hdds.server.OzoneProtocolMessageDispatcher.processRequest(OzoneProtocolMessageDispatcher.java:87) [hdds-server-framework-1.4.0-SNAPSHOT.jar:?]
	at org.apache.hadoop.ozone.protocolPB.OzoneManagerProtocolServerSideTranslatorPB.submitRequest(OzoneManagerProtocolServerSideTranslatorPB.java:148) [ozone-manager-1.4.0-SNAPSHOT.jar:?]
	at org.apache.hadoop.ozone.protocol.proto.OzoneManagerProtocolProtos$OzoneManagerService$2.callBlockingMethod(OzoneManagerProtocolProtos.java) [ozone-interface-client-1.4.0-SNAPSHOT.jar:?]
	at org.apache.hadoop.ipc.ProtobufRpcEngine$Server.processCall(ProtobufRpcEngine.java:484) [hadoop-common-3.3.6.jar:?]
	at org.apache.hadoop.ipc.ProtobufRpcEngine2$Server$ProtoBufRpcInvoker.call(ProtobufRpcEngine2.java:595) [hadoop-common-3.3.6.jar:?]
	at org.apache.hadoop.ipc.ProtobufRpcEngine2$Server$ProtoBufRpcInvoker.call(ProtobufRpcEngine2.java:573) [hadoop-common-3.3.6.jar:?]
	at org.apache.hadoop.ipc.RPC$Server.call(RPC.java:1227) [hadoop-common-3.3.6.jar:?]
	at org.apache.hadoop.ipc.Server$RpcCall.run(Server.java:1094) [hadoop-common-3.3.6.jar:?]
	at org.apache.hadoop.ipc.Server$RpcCall.run(Server.java:1017) [hadoop-common-3.3.6.jar:?]
	at java.security.AccessController.doPrivileged(Native Method) ~[?:1.8.0_382]
	at javax.security.auth.Subject.doAs(Subject.java:422) [?:1.8.0_382]
	at org.apache.hadoop.security.UserGroupInformation.doAs(UserGroupInformation.java:1899) [hadoop-common-3.3.6.jar:?]
	at org.apache.hadoop.ipc.Server$Handler.run(Server.java:3048) [hadoop-common-3.3.6.jar:?]
]]></system-out>
  </testcase>
  <testcase name="testTrash" classname="TestOzoneFileSystem" time="4.045">
    <system-out><![CDATA[18:18:43.071 [IPC Server handler 3 on default port 15057] ERROR OMAudit - user=runner | ip=127.0.0.1 | op=GET_FILE_STATUS {volume=volume38115, bucket=bucket38025, key=.Trash/runner/Current/testKey2, dataSize=0, replicationConfig=null} | ret=FAILURE
org.apache.hadoop.ozone.om.exceptions.OMException: Unable to get file status: volume: volume38115 bucket: bucket38025 key: .Trash/runner/Current/testKey2
	at org.apache.hadoop.ozone.om.KeyManagerImpl.getOzoneFileStatus(KeyManagerImpl.java:1195) ~[ozone-manager-1.4.0-SNAPSHOT.jar:?]
	at org.apache.hadoop.ozone.om.KeyManagerImpl.getFileStatus(KeyManagerImpl.java:1113) ~[ozone-manager-1.4.0-SNAPSHOT.jar:?]
	at org.apache.hadoop.ozone.om.OmMetadataReader.getFileStatus(OmMetadataReader.java:262) ~[ozone-manager-1.4.0-SNAPSHOT.jar:?]
	at org.apache.hadoop.ozone.om.OzoneManager.getFileStatus(OzoneManager.java:3530) ~[ozone-manager-1.4.0-SNAPSHOT.jar:?]
	at org.apache.hadoop.ozone.protocolPB.OzoneManagerRequestHandler.getOzoneFileStatus(OzoneManagerRequestHandler.java:973) ~[ozone-manager-1.4.0-SNAPSHOT.jar:?]
	at org.apache.hadoop.ozone.protocolPB.OzoneManagerRequestHandler.handleReadRequest(OzoneManagerRequestHandler.java:252) ~[ozone-manager-1.4.0-SNAPSHOT.jar:?]
	at org.apache.hadoop.ozone.protocolPB.OzoneManagerProtocolServerSideTranslatorPB.submitRequestDirectlyToOM(OzoneManagerProtocolServerSideTranslatorPB.java:274) ~[ozone-manager-1.4.0-SNAPSHOT.jar:?]
	at org.apache.hadoop.ozone.protocolPB.OzoneManagerProtocolServerSideTranslatorPB.processRequest(OzoneManagerProtocolServerSideTranslatorPB.java:175) ~[ozone-manager-1.4.0-SNAPSHOT.jar:?]
	at org.apache.hadoop.hdds.server.OzoneProtocolMessageDispatcher.processRequest(OzoneProtocolMessageDispatcher.java:87) [hdds-server-framework-1.4.0-SNAPSHOT.jar:?]
	at org.apache.hadoop.ozone.protocolPB.OzoneManagerProtocolServerSideTranslatorPB.submitRequest(OzoneManagerProtocolServerSideTranslatorPB.java:148) [ozone-manager-1.4.0-SNAPSHOT.jar:?]
	at org.apache.hadoop.ozone.protocol.proto.OzoneManagerProtocolProtos$OzoneManagerService$2.callBlockingMethod(OzoneManagerProtocolProtos.java) [ozone-interface-client-1.4.0-SNAPSHOT.jar:?]
	at org.apache.hadoop.ipc.ProtobufRpcEngine$Server.processCall(ProtobufRpcEngine.java:484) [hadoop-common-3.3.6.jar:?]
	at org.apache.hadoop.ipc.ProtobufRpcEngine2$Server$ProtoBufRpcInvoker.call(ProtobufRpcEngine2.java:595) [hadoop-common-3.3.6.jar:?]
	at org.apache.hadoop.ipc.ProtobufRpcEngine2$Server$ProtoBufRpcInvoker.call(ProtobufRpcEngine2.java:573) [hadoop-common-3.3.6.jar:?]
	at org.apache.hadoop.ipc.RPC$Server.call(RPC.java:1227) [hadoop-common-3.3.6.jar:?]
	at org.apache.hadoop.ipc.Server$RpcCall.run(Server.java:1094) [hadoop-common-3.3.6.jar:?]
	at org.apache.hadoop.ipc.Server$RpcCall.run(Server.java:1017) [hadoop-common-3.3.6.jar:?]
	at java.security.AccessController.doPrivileged(Native Method) ~[?:1.8.0_382]
	at javax.security.auth.Subject.doAs(Subject.java:422) [?:1.8.0_382]
	at org.apache.hadoop.security.UserGroupInformation.doAs(UserGroupInformation.java:1899) [hadoop-common-3.3.6.jar:?]
	at org.apache.hadoop.ipc.Server$Handler.run(Server.java:3048) [hadoop-common-3.3.6.jar:?]
18:18:43.073 [IPC Server handler 5 on default port 15057] ERROR OMAudit - user=runner | ip=127.0.0.1 | op=GET_FILE_STATUS {volume=volume38115, bucket=bucket38025, key=.Trash/runner/Current/testKey2, dataSize=0, replicationConfig=null} | ret=FAILURE
org.apache.hadoop.ozone.om.exceptions.OMException: Unable to get file status: volume: volume38115 bucket: bucket38025 key: .Trash/runner/Current/testKey2
	at org.apache.hadoop.ozone.om.KeyManagerImpl.getOzoneFileStatus(KeyManagerImpl.java:1195) ~[ozone-manager-1.4.0-SNAPSHOT.jar:?]
	at org.apache.hadoop.ozone.om.KeyManagerImpl.getFileStatus(KeyManagerImpl.java:1113) ~[ozone-manager-1.4.0-SNAPSHOT.jar:?]
	at org.apache.hadoop.ozone.om.OmMetadataReader.getFileStatus(OmMetadataReader.java:262) ~[ozone-manager-1.4.0-SNAPSHOT.jar:?]
	at org.apache.hadoop.ozone.om.OzoneManager.getFileStatus(OzoneManager.java:3530) ~[ozone-manager-1.4.0-SNAPSHOT.jar:?]
	at org.apache.hadoop.ozone.protocolPB.OzoneManagerRequestHandler.getOzoneFileStatus(OzoneManagerRequestHandler.java:973) ~[ozone-manager-1.4.0-SNAPSHOT.jar:?]
	at org.apache.hadoop.ozone.protocolPB.OzoneManagerRequestHandler.handleReadRequest(OzoneManagerRequestHandler.java:252) ~[ozone-manager-1.4.0-SNAPSHOT.jar:?]
	at org.apache.hadoop.ozone.protocolPB.OzoneManagerProtocolServerSideTranslatorPB.submitRequestDirectlyToOM(OzoneManagerProtocolServerSideTranslatorPB.java:274) ~[ozone-manager-1.4.0-SNAPSHOT.jar:?]
	at org.apache.hadoop.ozone.protocolPB.OzoneManagerProtocolServerSideTranslatorPB.processRequest(OzoneManagerProtocolServerSideTranslatorPB.java:175) ~[ozone-manager-1.4.0-SNAPSHOT.jar:?]
	at org.apache.hadoop.hdds.server.OzoneProtocolMessageDispatcher.processRequest(OzoneProtocolMessageDispatcher.java:87) [hdds-server-framework-1.4.0-SNAPSHOT.jar:?]
	at org.apache.hadoop.ozone.protocolPB.OzoneManagerProtocolServerSideTranslatorPB.submitRequest(OzoneManagerProtocolServerSideTranslatorPB.java:148) [ozone-manager-1.4.0-SNAPSHOT.jar:?]
	at org.apache.hadoop.ozone.protocol.proto.OzoneManagerProtocolProtos$OzoneManagerService$2.callBlockingMethod(OzoneManagerProtocolProtos.java) [ozone-interface-client-1.4.0-SNAPSHOT.jar:?]
	at org.apache.hadoop.ipc.ProtobufRpcEngine$Server.processCall(ProtobufRpcEngine.java:484) [hadoop-common-3.3.6.jar:?]
	at org.apache.hadoop.ipc.ProtobufRpcEngine2$Server$ProtoBufRpcInvoker.call(ProtobufRpcEngine2.java:595) [hadoop-common-3.3.6.jar:?]
	at org.apache.hadoop.ipc.ProtobufRpcEngine2$Server$ProtoBufRpcInvoker.call(ProtobufRpcEngine2.java:573) [hadoop-common-3.3.6.jar:?]
	at org.apache.hadoop.ipc.RPC$Server.call(RPC.java:1227) [hadoop-common-3.3.6.jar:?]
	at org.apache.hadoop.ipc.Server$RpcCall.run(Server.java:1094) [hadoop-common-3.3.6.jar:?]
	at org.apache.hadoop.ipc.Server$RpcCall.run(Server.java:1017) [hadoop-common-3.3.6.jar:?]
	at java.security.AccessController.doPrivileged(Native Method) ~[?:1.8.0_382]
	at javax.security.auth.Subject.doAs(Subject.java:422) [?:1.8.0_382]
	at org.apache.hadoop.security.UserGroupInformation.doAs(UserGroupInformation.java:1899) [hadoop-common-3.3.6.jar:?]
	at org.apache.hadoop.ipc.Server$Handler.run(Server.java:3048) [hadoop-common-3.3.6.jar:?]
2023-08-31 18:18:43,079 [Time-limited test] INFO  om.TrashPolicyOzone (TrashPolicyOzone.java:moveToTrash(209)) - Moved: '/testKey2' to trash at: /.Trash/runner/Current/testKey2
2023-08-31 18:18:43,145 [e76cb950-c142-4f99-9c9f-92ec0583573f@group-61C8782AF807-FollowerState] INFO  impl.FollowerState (FollowerState.java:run(143)) - e76cb950-c142-4f99-9c9f-92ec0583573f@group-61C8782AF807-FollowerState: change to CANDIDATE, lastRpcElapsedTime:5104895668ns, electionTimeout:5098ms
2023-08-31 18:18:43,146 [e76cb950-c142-4f99-9c9f-92ec0583573f@group-61C8782AF807-FollowerState] INFO  impl.RoleInfo (RoleInfo.java:shutdownFollowerState(110)) - e76cb950-c142-4f99-9c9f-92ec0583573f: shutdown e76cb950-c142-4f99-9c9f-92ec0583573f@group-61C8782AF807-FollowerState
2023-08-31 18:18:43,146 [e76cb950-c142-4f99-9c9f-92ec0583573f@group-61C8782AF807-FollowerState] INFO  server.RaftServer$Division (RaftServerImpl.java:setRole(329)) - e76cb950-c142-4f99-9c9f-92ec0583573f@group-61C8782AF807: changes role from  FOLLOWER to CANDIDATE at term 0 for changeToCandidate
2023-08-31 18:18:43,146 [e76cb950-c142-4f99-9c9f-92ec0583573f@group-61C8782AF807-FollowerState] INFO  server.RaftServerConfigKeys (ConfUtils.java:logGet(46)) - raft.server.leaderelection.pre-vote = true (default)
2023-08-31 18:18:43,146 [e76cb950-c142-4f99-9c9f-92ec0583573f@group-61C8782AF807-FollowerState] INFO  impl.RoleInfo (RoleInfo.java:updateAndGet(139)) - e76cb950-c142-4f99-9c9f-92ec0583573f: start e76cb950-c142-4f99-9c9f-92ec0583573f@group-61C8782AF807-LeaderElection19
2023-08-31 18:18:43,148 [e76cb950-c142-4f99-9c9f-92ec0583573f@group-61C8782AF807-LeaderElection19] INFO  impl.LeaderElection (LeaderElection.java:askForVotes(321)) - e76cb950-c142-4f99-9c9f-92ec0583573f@group-61C8782AF807-LeaderElection19 PRE_VOTE round 0: submit vote requests at term 0 for -1: peers:[e76cb950-c142-4f99-9c9f-92ec0583573f|rpc:10.1.0.8:15103|admin:10.1.0.8:15102|client:10.1.0.8:15101|dataStream:10.1.0.8:15104|priority:1|startupRole:FOLLOWER]|listeners:[], old=null
2023-08-31 18:18:43,149 [e76cb950-c142-4f99-9c9f-92ec0583573f@group-61C8782AF807-LeaderElection19] INFO  impl.LeaderElection (LeaderElection.java:askForVotes(323)) - e76cb950-c142-4f99-9c9f-92ec0583573f@group-61C8782AF807-LeaderElection19 PRE_VOTE round 0: result PASSED (term=0)
2023-08-31 18:18:43,153 [e76cb950-c142-4f99-9c9f-92ec0583573f@group-61C8782AF807-LeaderElection19] INFO  impl.LeaderElection (LeaderElection.java:askForVotes(321)) - e76cb950-c142-4f99-9c9f-92ec0583573f@group-61C8782AF807-LeaderElection19 ELECTION round 0: submit vote requests at term 1 for -1: peers:[e76cb950-c142-4f99-9c9f-92ec0583573f|rpc:10.1.0.8:15103|admin:10.1.0.8:15102|client:10.1.0.8:15101|dataStream:10.1.0.8:15104|priority:1|startupRole:FOLLOWER]|listeners:[], old=null
2023-08-31 18:18:43,153 [e76cb950-c142-4f99-9c9f-92ec0583573f@group-61C8782AF807-LeaderElection19] INFO  impl.LeaderElection (LeaderElection.java:askForVotes(323)) - e76cb950-c142-4f99-9c9f-92ec0583573f@group-61C8782AF807-LeaderElection19 ELECTION round 0: result PASSED (term=1)
2023-08-31 18:18:43,153 [e76cb950-c142-4f99-9c9f-92ec0583573f@group-61C8782AF807-LeaderElection19] INFO  impl.RoleInfo (RoleInfo.java:shutdownLeaderElection(130)) - e76cb950-c142-4f99-9c9f-92ec0583573f: shutdown e76cb950-c142-4f99-9c9f-92ec0583573f@group-61C8782AF807-LeaderElection19
2023-08-31 18:18:43,153 [e76cb950-c142-4f99-9c9f-92ec0583573f@group-61C8782AF807-LeaderElection19] INFO  server.RaftServer$Division (RaftServerImpl.java:setRole(329)) - e76cb950-c142-4f99-9c9f-92ec0583573f@group-61C8782AF807: changes role from CANDIDATE to LEADER at term 1 for changeToLeader
2023-08-31 18:18:43,153 [e76cb950-c142-4f99-9c9f-92ec0583573f@group-61C8782AF807-LeaderElection19] INFO  ratis.XceiverServerRatis (XceiverServerRatis.java:handleLeaderChangedNotification(902)) - Leader change notification received for group: group-61C8782AF807 with new leaderId: e76cb950-c142-4f99-9c9f-92ec0583573f
2023-08-31 18:18:43,153 [e76cb950-c142-4f99-9c9f-92ec0583573f@group-61C8782AF807-LeaderElection19] INFO  server.RaftServer$Division (ServerState.java:setLeader(317)) - e76cb950-c142-4f99-9c9f-92ec0583573f@group-61C8782AF807: change Leader from null to e76cb950-c142-4f99-9c9f-92ec0583573f at term 1 for becomeLeader, leader elected after 5133ms
2023-08-31 18:18:43,153 [e76cb950-c142-4f99-9c9f-92ec0583573f@group-61C8782AF807-LeaderElection19] INFO  server.RaftServerConfigKeys (ConfUtils.java:logGet(46)) - raft.server.staging.catchup.gap = 1000 (default)
2023-08-31 18:18:43,153 [e76cb950-c142-4f99-9c9f-92ec0583573f@group-61C8782AF807-LeaderElection19] INFO  server.RaftServerConfigKeys (ConfUtils.java:logGet(46)) - raft.server.write.element-limit = 1024 (custom)
2023-08-31 18:18:43,153 [e76cb950-c142-4f99-9c9f-92ec0583573f@group-61C8782AF807-LeaderElection19] INFO  server.RaftServerConfigKeys (ConfUtils.java:logGet(46)) - raft.server.write.byte-limit = 1024 M (=1073741824) (custom)
2023-08-31 18:18:43,154 [e76cb950-c142-4f99-9c9f-92ec0583573f@group-61C8782AF807-LeaderElection19] INFO  server.RaftServerConfigKeys (ConfUtils.java:logGet(46)) - raft.server.watch.timeout = 180s (custom)
2023-08-31 18:18:43,154 [e76cb950-c142-4f99-9c9f-92ec0583573f@group-61C8782AF807-LeaderElection19] INFO  server.RaftServerConfigKeys (ConfUtils.java:logGet(46)) - raft.server.watch.timeout.denomination = 1s (default)
2023-08-31 18:18:43,154 [e76cb950-c142-4f99-9c9f-92ec0583573f@group-61C8782AF807-LeaderElection19] INFO  server.RaftServerConfigKeys (ConfUtils.java:logGet(46)) - raft.server.watch.element-limit = 65536 (default)
2023-08-31 18:18:43,154 [e76cb950-c142-4f99-9c9f-92ec0583573f@group-61C8782AF807-LeaderElection19] INFO  server.RaftServerConfigKeys (ConfUtils.java:logGet(46)) - raft.server.write.element-limit = 1024 (custom)
2023-08-31 18:18:43,155 [e76cb950-c142-4f99-9c9f-92ec0583573f@group-61C8782AF807-LeaderElection19] INFO  server.RaftServerConfigKeys (ConfUtils.java:logGet(46)) - raft.server.write.follower.gap.ratio.max = -1.0 (default)
2023-08-31 18:18:43,155 [e76cb950-c142-4f99-9c9f-92ec0583573f@group-61C8782AF807-LeaderElection19] INFO  impl.RoleInfo (RoleInfo.java:updateAndGet(139)) - e76cb950-c142-4f99-9c9f-92ec0583573f: start e76cb950-c142-4f99-9c9f-92ec0583573f@group-61C8782AF807-LeaderStateImpl
2023-08-31 18:18:43,155 [e76cb950-c142-4f99-9c9f-92ec0583573f@group-61C8782AF807-LeaderElection19] INFO  segmented.SegmentedRaftLogWorker (SegmentedRaftLogWorker.java:startLogSegment(447)) - e76cb950-c142-4f99-9c9f-92ec0583573f@group-61C8782AF807-SegmentedRaftLogWorker: Starting segment from index:0
2023-08-31 18:18:43,156 [e76cb950-c142-4f99-9c9f-92ec0583573f@group-61C8782AF807-LeaderElection19] INFO  server.RaftServer$Division (ServerState.java:setRaftConf(434)) - e76cb950-c142-4f99-9c9f-92ec0583573f@group-61C8782AF807: set configuration 0: peers:[e76cb950-c142-4f99-9c9f-92ec0583573f|rpc:10.1.0.8:15103|admin:10.1.0.8:15102|client:10.1.0.8:15101|dataStream:10.1.0.8:15104|priority:1|startupRole:FOLLOWER]|listeners:[], old=null
2023-08-31 18:18:43,161 [e76cb950-c142-4f99-9c9f-92ec0583573f@group-61C8782AF807-SegmentedRaftLogWorker] INFO  segmented.SegmentedRaftLogWorker (SegmentedRaftLogWorker.java:execute(651)) - e76cb950-c142-4f99-9c9f-92ec0583573f@group-61C8782AF807-SegmentedRaftLogWorker: created new log segment /home/runner/work/ozone/ozone/hadoop-ozone/integration-test/target/test-dir/MiniOzoneClusterImpl-1f897967-a85f-45b1-932e-48a7a77b5829/datanode-4/data/ratis/7e90132f-a12c-40ff-9753-61c8782af807/current/log_inprogress_0
18:18:44.081 [IPC Server handler 17 on default port 15057] ERROR OMAudit - user=runner | ip=127.0.0.1 | op=GET_FILE_STATUS {volume=volume38115, bucket=bucket38025, key=.Trash/runner/Current/testKey2, dataSize=0, replicationConfig=null} | ret=FAILURE
org.apache.hadoop.ozone.om.exceptions.OMException: Unable to get file status: volume: volume38115 bucket: bucket38025 key: .Trash/runner/Current/testKey2
	at org.apache.hadoop.ozone.om.KeyManagerImpl.getOzoneFileStatus(KeyManagerImpl.java:1195) ~[ozone-manager-1.4.0-SNAPSHOT.jar:?]
	at org.apache.hadoop.ozone.om.KeyManagerImpl.getFileStatus(KeyManagerImpl.java:1113) ~[ozone-manager-1.4.0-SNAPSHOT.jar:?]
	at org.apache.hadoop.ozone.om.OmMetadataReader.getFileStatus(OmMetadataReader.java:262) ~[ozone-manager-1.4.0-SNAPSHOT.jar:?]
	at org.apache.hadoop.ozone.om.OzoneManager.getFileStatus(OzoneManager.java:3530) ~[ozone-manager-1.4.0-SNAPSHOT.jar:?]
	at org.apache.hadoop.ozone.protocolPB.OzoneManagerRequestHandler.getOzoneFileStatus(OzoneManagerRequestHandler.java:973) ~[ozone-manager-1.4.0-SNAPSHOT.jar:?]
	at org.apache.hadoop.ozone.protocolPB.OzoneManagerRequestHandler.handleReadRequest(OzoneManagerRequestHandler.java:252) ~[ozone-manager-1.4.0-SNAPSHOT.jar:?]
	at org.apache.hadoop.ozone.protocolPB.OzoneManagerProtocolServerSideTranslatorPB.submitRequestDirectlyToOM(OzoneManagerProtocolServerSideTranslatorPB.java:274) ~[ozone-manager-1.4.0-SNAPSHOT.jar:?]
	at org.apache.hadoop.ozone.protocolPB.OzoneManagerProtocolServerSideTranslatorPB.processRequest(OzoneManagerProtocolServerSideTranslatorPB.java:175) ~[ozone-manager-1.4.0-SNAPSHOT.jar:?]
	at org.apache.hadoop.hdds.server.OzoneProtocolMessageDispatcher.processRequest(OzoneProtocolMessageDispatcher.java:87) [hdds-server-framework-1.4.0-SNAPSHOT.jar:?]
	at org.apache.hadoop.ozone.protocolPB.OzoneManagerProtocolServerSideTranslatorPB.submitRequest(OzoneManagerProtocolServerSideTranslatorPB.java:148) [ozone-manager-1.4.0-SNAPSHOT.jar:?]
	at org.apache.hadoop.ozone.protocol.proto.OzoneManagerProtocolProtos$OzoneManagerService$2.callBlockingMethod(OzoneManagerProtocolProtos.java) [ozone-interface-client-1.4.0-SNAPSHOT.jar:?]
	at org.apache.hadoop.ipc.ProtobufRpcEngine$Server.processCall(ProtobufRpcEngine.java:484) [hadoop-common-3.3.6.jar:?]
	at org.apache.hadoop.ipc.ProtobufRpcEngine2$Server$ProtoBufRpcInvoker.call(ProtobufRpcEngine2.java:595) [hadoop-common-3.3.6.jar:?]
	at org.apache.hadoop.ipc.ProtobufRpcEngine2$Server$ProtoBufRpcInvoker.call(ProtobufRpcEngine2.java:573) [hadoop-common-3.3.6.jar:?]
	at org.apache.hadoop.ipc.RPC$Server.call(RPC.java:1227) [hadoop-common-3.3.6.jar:?]
	at org.apache.hadoop.ipc.Server$RpcCall.run(Server.java:1094) [hadoop-common-3.3.6.jar:?]
	at org.apache.hadoop.ipc.Server$RpcCall.run(Server.java:1017) [hadoop-common-3.3.6.jar:?]
	at java.security.AccessController.doPrivileged(Native Method) ~[?:1.8.0_382]
	at javax.security.auth.Subject.doAs(Subject.java:422) [?:1.8.0_382]
	at org.apache.hadoop.security.UserGroupInformation.doAs(UserGroupInformation.java:1899) [hadoop-common-3.3.6.jar:?]
	at org.apache.hadoop.ipc.Server$Handler.run(Server.java:3048) [hadoop-common-3.3.6.jar:?]
]]></system-out>
  </testcase>
  <testcase name="testTrash" classname="TestOzoneFileSystem" time="4.046">
    <system-out><![CDATA[18:20:02.105 [IPC Server handler 5 on default port 15110] ERROR OMAudit - user=runner | ip=127.0.0.1 | op=GET_FILE_STATUS {volume=volume40966, bucket=bucket64934, key=.Trash/runner/Current/testKey2, dataSize=0, replicationConfig=null} | ret=FAILURE
org.apache.hadoop.ozone.om.exceptions.OMException: Unable to get file status: volume: volume40966 bucket: bucket64934 key: .Trash/runner/Current/testKey2
	at org.apache.hadoop.ozone.om.KeyManagerImpl.getOzoneFileStatus(KeyManagerImpl.java:1195) ~[ozone-manager-1.4.0-SNAPSHOT.jar:?]
	at org.apache.hadoop.ozone.om.KeyManagerImpl.getFileStatus(KeyManagerImpl.java:1113) ~[ozone-manager-1.4.0-SNAPSHOT.jar:?]
	at org.apache.hadoop.ozone.om.OmMetadataReader.getFileStatus(OmMetadataReader.java:262) ~[ozone-manager-1.4.0-SNAPSHOT.jar:?]
	at org.apache.hadoop.ozone.om.OzoneManager.getFileStatus(OzoneManager.java:3530) ~[ozone-manager-1.4.0-SNAPSHOT.jar:?]
	at org.apache.hadoop.ozone.protocolPB.OzoneManagerRequestHandler.getOzoneFileStatus(OzoneManagerRequestHandler.java:973) ~[ozone-manager-1.4.0-SNAPSHOT.jar:?]
	at org.apache.hadoop.ozone.protocolPB.OzoneManagerRequestHandler.handleReadRequest(OzoneManagerRequestHandler.java:252) ~[ozone-manager-1.4.0-SNAPSHOT.jar:?]
	at org.apache.hadoop.ozone.protocolPB.OzoneManagerProtocolServerSideTranslatorPB.submitReadRequestToOM(OzoneManagerProtocolServerSideTranslatorPB.java:225) ~[ozone-manager-1.4.0-SNAPSHOT.jar:?]
	at org.apache.hadoop.ozone.protocolPB.OzoneManagerProtocolServerSideTranslatorPB.processRequest(OzoneManagerProtocolServerSideTranslatorPB.java:179) ~[ozone-manager-1.4.0-SNAPSHOT.jar:?]
	at org.apache.hadoop.hdds.server.OzoneProtocolMessageDispatcher.processRequest(OzoneProtocolMessageDispatcher.java:87) [hdds-server-framework-1.4.0-SNAPSHOT.jar:?]
	at org.apache.hadoop.ozone.protocolPB.OzoneManagerProtocolServerSideTranslatorPB.submitRequest(OzoneManagerProtocolServerSideTranslatorPB.java:148) [ozone-manager-1.4.0-SNAPSHOT.jar:?]
	at org.apache.hadoop.ozone.protocol.proto.OzoneManagerProtocolProtos$OzoneManagerService$2.callBlockingMethod(OzoneManagerProtocolProtos.java) [ozone-interface-client-1.4.0-SNAPSHOT.jar:?]
	at org.apache.hadoop.ipc.ProtobufRpcEngine$Server.processCall(ProtobufRpcEngine.java:484) [hadoop-common-3.3.6.jar:?]
	at org.apache.hadoop.ipc.ProtobufRpcEngine2$Server$ProtoBufRpcInvoker.call(ProtobufRpcEngine2.java:595) [hadoop-common-3.3.6.jar:?]
	at org.apache.hadoop.ipc.ProtobufRpcEngine2$Server$ProtoBufRpcInvoker.call(ProtobufRpcEngine2.java:573) [hadoop-common-3.3.6.jar:?]
	at org.apache.hadoop.ipc.RPC$Server.call(RPC.java:1227) [hadoop-common-3.3.6.jar:?]
	at org.apache.hadoop.ipc.Server$RpcCall.run(Server.java:1094) [hadoop-common-3.3.6.jar:?]
	at org.apache.hadoop.ipc.Server$RpcCall.run(Server.java:1017) [hadoop-common-3.3.6.jar:?]
	at java.security.AccessController.doPrivileged(Native Method) ~[?:1.8.0_382]
	at javax.security.auth.Subject.doAs(Subject.java:422) [?:1.8.0_382]
	at org.apache.hadoop.security.UserGroupInformation.doAs(UserGroupInformation.java:1899) [hadoop-common-3.3.6.jar:?]
	at org.apache.hadoop.ipc.Server$Handler.run(Server.java:3048) [hadoop-common-3.3.6.jar:?]
18:20:02.107 [IPC Server handler 9 on default port 15110] ERROR OMAudit - user=runner | ip=127.0.0.1 | op=GET_FILE_STATUS {volume=volume40966, bucket=bucket64934, key=.Trash/runner/Current/testKey2, dataSize=0, replicationConfig=null} | ret=FAILURE
org.apache.hadoop.ozone.om.exceptions.OMException: Unable to get file status: volume: volume40966 bucket: bucket64934 key: .Trash/runner/Current/testKey2
	at org.apache.hadoop.ozone.om.KeyManagerImpl.getOzoneFileStatus(KeyManagerImpl.java:1195) ~[ozone-manager-1.4.0-SNAPSHOT.jar:?]
	at org.apache.hadoop.ozone.om.KeyManagerImpl.getFileStatus(KeyManagerImpl.java:1113) ~[ozone-manager-1.4.0-SNAPSHOT.jar:?]
	at org.apache.hadoop.ozone.om.OmMetadataReader.getFileStatus(OmMetadataReader.java:262) ~[ozone-manager-1.4.0-SNAPSHOT.jar:?]
	at org.apache.hadoop.ozone.om.OzoneManager.getFileStatus(OzoneManager.java:3530) ~[ozone-manager-1.4.0-SNAPSHOT.jar:?]
	at org.apache.hadoop.ozone.protocolPB.OzoneManagerRequestHandler.getOzoneFileStatus(OzoneManagerRequestHandler.java:973) ~[ozone-manager-1.4.0-SNAPSHOT.jar:?]
	at org.apache.hadoop.ozone.protocolPB.OzoneManagerRequestHandler.handleReadRequest(OzoneManagerRequestHandler.java:252) ~[ozone-manager-1.4.0-SNAPSHOT.jar:?]
	at org.apache.hadoop.ozone.protocolPB.OzoneManagerProtocolServerSideTranslatorPB.submitReadRequestToOM(OzoneManagerProtocolServerSideTranslatorPB.java:225) ~[ozone-manager-1.4.0-SNAPSHOT.jar:?]
	at org.apache.hadoop.ozone.protocolPB.OzoneManagerProtocolServerSideTranslatorPB.processRequest(OzoneManagerProtocolServerSideTranslatorPB.java:179) ~[ozone-manager-1.4.0-SNAPSHOT.jar:?]
	at org.apache.hadoop.hdds.server.OzoneProtocolMessageDispatcher.processRequest(OzoneProtocolMessageDispatcher.java:87) [hdds-server-framework-1.4.0-SNAPSHOT.jar:?]
	at org.apache.hadoop.ozone.protocolPB.OzoneManagerProtocolServerSideTranslatorPB.submitRequest(OzoneManagerProtocolServerSideTranslatorPB.java:148) [ozone-manager-1.4.0-SNAPSHOT.jar:?]
	at org.apache.hadoop.ozone.protocol.proto.OzoneManagerProtocolProtos$OzoneManagerService$2.callBlockingMethod(OzoneManagerProtocolProtos.java) [ozone-interface-client-1.4.0-SNAPSHOT.jar:?]
	at org.apache.hadoop.ipc.ProtobufRpcEngine$Server.processCall(ProtobufRpcEngine.java:484) [hadoop-common-3.3.6.jar:?]
	at org.apache.hadoop.ipc.ProtobufRpcEngine2$Server$ProtoBufRpcInvoker.call(ProtobufRpcEngine2.java:595) [hadoop-common-3.3.6.jar:?]
	at org.apache.hadoop.ipc.ProtobufRpcEngine2$Server$ProtoBufRpcInvoker.call(ProtobufRpcEngine2.java:573) [hadoop-common-3.3.6.jar:?]
	at org.apache.hadoop.ipc.RPC$Server.call(RPC.java:1227) [hadoop-common-3.3.6.jar:?]
	at org.apache.hadoop.ipc.Server$RpcCall.run(Server.java:1094) [hadoop-common-3.3.6.jar:?]
	at org.apache.hadoop.ipc.Server$RpcCall.run(Server.java:1017) [hadoop-common-3.3.6.jar:?]
	at java.security.AccessController.doPrivileged(Native Method) ~[?:1.8.0_382]
	at javax.security.auth.Subject.doAs(Subject.java:422) [?:1.8.0_382]
	at org.apache.hadoop.security.UserGroupInformation.doAs(UserGroupInformation.java:1899) [hadoop-common-3.3.6.jar:?]
	at org.apache.hadoop.ipc.Server$Handler.run(Server.java:3048) [hadoop-common-3.3.6.jar:?]
2023-08-31 18:20:02,116 [Time-limited test] INFO  om.TrashPolicyOzone (TrashPolicyOzone.java:moveToTrash(209)) - Moved: '/testKey2' to trash at: /.Trash/runner/Current/testKey2
2023-08-31 18:20:02,351 [2b1a9455-1161-459a-84a9-9731b4638bee@group-5562CF4330A4-FollowerState] INFO  impl.FollowerState (FollowerState.java:run(143)) - 2b1a9455-1161-459a-84a9-9731b4638bee@group-5562CF4330A4-FollowerState: change to CANDIDATE, lastRpcElapsedTime:5083915006ns, electionTimeout:5079ms
2023-08-31 18:20:02,351 [2b1a9455-1161-459a-84a9-9731b4638bee@group-5562CF4330A4-FollowerState] INFO  impl.RoleInfo (RoleInfo.java:shutdownFollowerState(110)) - 2b1a9455-1161-459a-84a9-9731b4638bee: shutdown 2b1a9455-1161-459a-84a9-9731b4638bee@group-5562CF4330A4-FollowerState
2023-08-31 18:20:02,351 [2b1a9455-1161-459a-84a9-9731b4638bee@group-5562CF4330A4-FollowerState] INFO  server.RaftServer$Division (RaftServerImpl.java:setRole(329)) - 2b1a9455-1161-459a-84a9-9731b4638bee@group-5562CF4330A4: changes role from  FOLLOWER to CANDIDATE at term 0 for changeToCandidate
2023-08-31 18:20:02,351 [2b1a9455-1161-459a-84a9-9731b4638bee@group-5562CF4330A4-FollowerState] INFO  server.RaftServerConfigKeys (ConfUtils.java:logGet(46)) - raft.server.leaderelection.pre-vote = true (default)
2023-08-31 18:20:02,351 [2b1a9455-1161-459a-84a9-9731b4638bee@group-5562CF4330A4-FollowerState] INFO  impl.RoleInfo (RoleInfo.java:updateAndGet(139)) - 2b1a9455-1161-459a-84a9-9731b4638bee: start 2b1a9455-1161-459a-84a9-9731b4638bee@group-5562CF4330A4-LeaderElection29
2023-08-31 18:20:02,354 [2b1a9455-1161-459a-84a9-9731b4638bee@group-5562CF4330A4-LeaderElection29] INFO  impl.LeaderElection (LeaderElection.java:askForVotes(321)) - 2b1a9455-1161-459a-84a9-9731b4638bee@group-5562CF4330A4-LeaderElection29 PRE_VOTE round 0: submit vote requests at term 0 for -1: peers:[2b1a9455-1161-459a-84a9-9731b4638bee|rpc:10.1.0.8:15156|admin:10.1.0.8:15155|client:10.1.0.8:15154|dataStream:10.1.0.8:15157|priority:1|startupRole:FOLLOWER]|listeners:[], old=null
2023-08-31 18:20:02,354 [2b1a9455-1161-459a-84a9-9731b4638bee@group-5562CF4330A4-LeaderElection29] INFO  impl.LeaderElection (LeaderElection.java:askForVotes(323)) - 2b1a9455-1161-459a-84a9-9731b4638bee@group-5562CF4330A4-LeaderElection29 PRE_VOTE round 0: result PASSED (term=0)
2023-08-31 18:20:02,357 [2b1a9455-1161-459a-84a9-9731b4638bee@group-5562CF4330A4-LeaderElection29] INFO  impl.LeaderElection (LeaderElection.java:askForVotes(321)) - 2b1a9455-1161-459a-84a9-9731b4638bee@group-5562CF4330A4-LeaderElection29 ELECTION round 0: submit vote requests at term 1 for -1: peers:[2b1a9455-1161-459a-84a9-9731b4638bee|rpc:10.1.0.8:15156|admin:10.1.0.8:15155|client:10.1.0.8:15154|dataStream:10.1.0.8:15157|priority:1|startupRole:FOLLOWER]|listeners:[], old=null
2023-08-31 18:20:02,357 [2b1a9455-1161-459a-84a9-9731b4638bee@group-5562CF4330A4-LeaderElection29] INFO  impl.LeaderElection (LeaderElection.java:askForVotes(323)) - 2b1a9455-1161-459a-84a9-9731b4638bee@group-5562CF4330A4-LeaderElection29 ELECTION round 0: result PASSED (term=1)
2023-08-31 18:20:02,357 [2b1a9455-1161-459a-84a9-9731b4638bee@group-5562CF4330A4-LeaderElection29] INFO  impl.RoleInfo (RoleInfo.java:shutdownLeaderElection(130)) - 2b1a9455-1161-459a-84a9-9731b4638bee: shutdown 2b1a9455-1161-459a-84a9-9731b4638bee@group-5562CF4330A4-LeaderElection29
2023-08-31 18:20:02,357 [2b1a9455-1161-459a-84a9-9731b4638bee@group-5562CF4330A4-LeaderElection29] INFO  server.RaftServer$Division (RaftServerImpl.java:setRole(329)) - 2b1a9455-1161-459a-84a9-9731b4638bee@group-5562CF4330A4: changes role from CANDIDATE to LEADER at term 1 for changeToLeader
2023-08-31 18:20:02,357 [2b1a9455-1161-459a-84a9-9731b4638bee@group-5562CF4330A4-LeaderElection29] INFO  ratis.XceiverServerRatis (XceiverServerRatis.java:handleLeaderChangedNotification(902)) - Leader change notification received for group: group-5562CF4330A4 with new leaderId: 2b1a9455-1161-459a-84a9-9731b4638bee
2023-08-31 18:20:02,357 [2b1a9455-1161-459a-84a9-9731b4638bee@group-5562CF4330A4-LeaderElection29] INFO  server.RaftServer$Division (ServerState.java:setLeader(317)) - 2b1a9455-1161-459a-84a9-9731b4638bee@group-5562CF4330A4: change Leader from null to 2b1a9455-1161-459a-84a9-9731b4638bee at term 1 for becomeLeader, leader elected after 5117ms
2023-08-31 18:20:02,357 [2b1a9455-1161-459a-84a9-9731b4638bee@group-5562CF4330A4-LeaderElection29] INFO  server.RaftServerConfigKeys (ConfUtils.java:logGet(46)) - raft.server.staging.catchup.gap = 1000 (default)
2023-08-31 18:20:02,358 [2b1a9455-1161-459a-84a9-9731b4638bee@group-5562CF4330A4-LeaderElection29] INFO  server.RaftServerConfigKeys (ConfUtils.java:logGet(46)) - raft.server.write.element-limit = 1024 (custom)
2023-08-31 18:20:02,358 [2b1a9455-1161-459a-84a9-9731b4638bee@group-5562CF4330A4-LeaderElection29] INFO  server.RaftServerConfigKeys (ConfUtils.java:logGet(46)) - raft.server.write.byte-limit = 1024 M (=1073741824) (custom)
2023-08-31 18:20:02,358 [2b1a9455-1161-459a-84a9-9731b4638bee@group-5562CF4330A4-LeaderElection29] INFO  server.RaftServerConfigKeys (ConfUtils.java:logGet(46)) - raft.server.watch.timeout = 180s (custom)
2023-08-31 18:20:02,358 [2b1a9455-1161-459a-84a9-9731b4638bee@group-5562CF4330A4-LeaderElection29] INFO  server.RaftServerConfigKeys (ConfUtils.java:logGet(46)) - raft.server.watch.timeout.denomination = 1s (default)
2023-08-31 18:20:02,358 [2b1a9455-1161-459a-84a9-9731b4638bee@group-5562CF4330A4-LeaderElection29] INFO  server.RaftServerConfigKeys (ConfUtils.java:logGet(46)) - raft.server.watch.element-limit = 65536 (default)
2023-08-31 18:20:02,359 [2b1a9455-1161-459a-84a9-9731b4638bee@group-5562CF4330A4-LeaderElection29] INFO  server.RaftServerConfigKeys (ConfUtils.java:logGet(46)) - raft.server.write.element-limit = 1024 (custom)
2023-08-31 18:20:02,359 [2b1a9455-1161-459a-84a9-9731b4638bee@group-5562CF4330A4-LeaderElection29] INFO  server.RaftServerConfigKeys (ConfUtils.java:logGet(46)) - raft.server.write.follower.gap.ratio.max = -1.0 (default)
2023-08-31 18:20:02,359 [2b1a9455-1161-459a-84a9-9731b4638bee@group-5562CF4330A4-LeaderElection29] INFO  impl.RoleInfo (RoleInfo.java:updateAndGet(139)) - 2b1a9455-1161-459a-84a9-9731b4638bee: start 2b1a9455-1161-459a-84a9-9731b4638bee@group-5562CF4330A4-LeaderStateImpl
2023-08-31 18:20:02,359 [2b1a9455-1161-459a-84a9-9731b4638bee@group-5562CF4330A4-LeaderElection29] INFO  segmented.SegmentedRaftLogWorker (SegmentedRaftLogWorker.java:startLogSegment(447)) - 2b1a9455-1161-459a-84a9-9731b4638bee@group-5562CF4330A4-SegmentedRaftLogWorker: Starting segment from index:0
2023-08-31 18:20:02,361 [2b1a9455-1161-459a-84a9-9731b4638bee@group-5562CF4330A4-SegmentedRaftLogWorker] INFO  segmented.SegmentedRaftLogWorker (SegmentedRaftLogWorker.java:execute(651)) - 2b1a9455-1161-459a-84a9-9731b4638bee@group-5562CF4330A4-SegmentedRaftLogWorker: created new log segment /home/runner/work/ozone/ozone/hadoop-ozone/integration-test/target/test-dir/MiniOzoneClusterImpl-03cba653-44d0-43b4-bc0f-a7205d2183ff/datanode-4/data/ratis/bf2c34bf-22ac-4595-ac6e-5562cf4330a4/current/log_inprogress_0
2023-08-31 18:20:02,361 [2b1a9455-1161-459a-84a9-9731b4638bee@group-5562CF4330A4-LeaderElection29] INFO  server.RaftServer$Division (ServerState.java:setRaftConf(434)) - 2b1a9455-1161-459a-84a9-9731b4638bee@group-5562CF4330A4: set configuration 0: peers:[2b1a9455-1161-459a-84a9-9731b4638bee|rpc:10.1.0.8:15156|admin:10.1.0.8:15155|client:10.1.0.8:15154|dataStream:10.1.0.8:15157|priority:1|startupRole:FOLLOWER]|listeners:[], old=null
18:20:03.118 [IPC Server handler 13 on default port 15110] ERROR OMAudit - user=runner | ip=127.0.0.1 | op=GET_FILE_STATUS {volume=volume40966, bucket=bucket64934, key=.Trash/runner/Current/testKey2, dataSize=0, replicationConfig=null} | ret=FAILURE
org.apache.hadoop.ozone.om.exceptions.OMException: Unable to get file status: volume: volume40966 bucket: bucket64934 key: .Trash/runner/Current/testKey2
	at org.apache.hadoop.ozone.om.KeyManagerImpl.getOzoneFileStatus(KeyManagerImpl.java:1195) ~[ozone-manager-1.4.0-SNAPSHOT.jar:?]
	at org.apache.hadoop.ozone.om.KeyManagerImpl.getFileStatus(KeyManagerImpl.java:1113) ~[ozone-manager-1.4.0-SNAPSHOT.jar:?]
	at org.apache.hadoop.ozone.om.OmMetadataReader.getFileStatus(OmMetadataReader.java:262) ~[ozone-manager-1.4.0-SNAPSHOT.jar:?]
	at org.apache.hadoop.ozone.om.OzoneManager.getFileStatus(OzoneManager.java:3530) ~[ozone-manager-1.4.0-SNAPSHOT.jar:?]
	at org.apache.hadoop.ozone.protocolPB.OzoneManagerRequestHandler.getOzoneFileStatus(OzoneManagerRequestHandler.java:973) ~[ozone-manager-1.4.0-SNAPSHOT.jar:?]
	at org.apache.hadoop.ozone.protocolPB.OzoneManagerRequestHandler.handleReadRequest(OzoneManagerRequestHandler.java:252) ~[ozone-manager-1.4.0-SNAPSHOT.jar:?]
	at org.apache.hadoop.ozone.protocolPB.OzoneManagerProtocolServerSideTranslatorPB.submitReadRequestToOM(OzoneManagerProtocolServerSideTranslatorPB.java:225) ~[ozone-manager-1.4.0-SNAPSHOT.jar:?]
	at org.apache.hadoop.ozone.protocolPB.OzoneManagerProtocolServerSideTranslatorPB.processRequest(OzoneManagerProtocolServerSideTranslatorPB.java:179) ~[ozone-manager-1.4.0-SNAPSHOT.jar:?]
	at org.apache.hadoop.hdds.server.OzoneProtocolMessageDispatcher.processRequest(OzoneProtocolMessageDispatcher.java:87) [hdds-server-framework-1.4.0-SNAPSHOT.jar:?]
	at org.apache.hadoop.ozone.protocolPB.OzoneManagerProtocolServerSideTranslatorPB.submitRequest(OzoneManagerProtocolServerSideTranslatorPB.java:148) [ozone-manager-1.4.0-SNAPSHOT.jar:?]
	at org.apache.hadoop.ozone.protocol.proto.OzoneManagerProtocolProtos$OzoneManagerService$2.callBlockingMethod(OzoneManagerProtocolProtos.java) [ozone-interface-client-1.4.0-SNAPSHOT.jar:?]
	at org.apache.hadoop.ipc.ProtobufRpcEngine$Server.processCall(ProtobufRpcEngine.java:484) [hadoop-common-3.3.6.jar:?]
	at org.apache.hadoop.ipc.ProtobufRpcEngine2$Server$ProtoBufRpcInvoker.call(ProtobufRpcEngine2.java:595) [hadoop-common-3.3.6.jar:?]
	at org.apache.hadoop.ipc.ProtobufRpcEngine2$Server$ProtoBufRpcInvoker.call(ProtobufRpcEngine2.java:573) [hadoop-common-3.3.6.jar:?]
	at org.apache.hadoop.ipc.RPC$Server.call(RPC.java:1227) [hadoop-common-3.3.6.jar:?]
	at org.apache.hadoop.ipc.Server$RpcCall.run(Server.java:1094) [hadoop-common-3.3.6.jar:?]
	at org.apache.hadoop.ipc.Server$RpcCall.run(Server.java:1017) [hadoop-common-3.3.6.jar:?]
	at java.security.AccessController.doPrivileged(Native Method) ~[?:1.8.0_382]
	at javax.security.auth.Subject.doAs(Subject.java:422) [?:1.8.0_382]
	at org.apache.hadoop.security.UserGroupInformation.doAs(UserGroupInformation.java:1899) [hadoop-common-3.3.6.jar:?]
	at org.apache.hadoop.ipc.Server$Handler.run(Server.java:3048) [hadoop-common-3.3.6.jar:?]
]]></system-out>
  </testcase>
  <testcase name="testTrash" classname="TestOzoneFileSystem" time="4.032">
    <system-out><![CDATA[18:21:30.616 [IPC Server handler 3 on default port 15163] ERROR OMAudit - user=runner | ip=127.0.0.1 | op=GET_FILE_STATUS {volume=volume65627, bucket=bucket59265, key=.Trash/runner/Current/testKey2, dataSize=0, replicationConfig=null} | ret=FAILURE
org.apache.hadoop.ozone.om.exceptions.OMException: Unable to get file status: volume: volume65627 bucket: bucket59265 key: .Trash/runner/Current/testKey2
	at org.apache.hadoop.ozone.om.KeyManagerImpl.getOzoneFileStatus(KeyManagerImpl.java:1195) ~[ozone-manager-1.4.0-SNAPSHOT.jar:?]
	at org.apache.hadoop.ozone.om.KeyManagerImpl.getFileStatus(KeyManagerImpl.java:1113) ~[ozone-manager-1.4.0-SNAPSHOT.jar:?]
	at org.apache.hadoop.ozone.om.OmMetadataReader.getFileStatus(OmMetadataReader.java:262) ~[ozone-manager-1.4.0-SNAPSHOT.jar:?]
	at org.apache.hadoop.ozone.om.OzoneManager.getFileStatus(OzoneManager.java:3530) ~[ozone-manager-1.4.0-SNAPSHOT.jar:?]
	at org.apache.hadoop.ozone.protocolPB.OzoneManagerRequestHandler.getOzoneFileStatus(OzoneManagerRequestHandler.java:973) ~[ozone-manager-1.4.0-SNAPSHOT.jar:?]
	at org.apache.hadoop.ozone.protocolPB.OzoneManagerRequestHandler.handleReadRequest(OzoneManagerRequestHandler.java:252) ~[ozone-manager-1.4.0-SNAPSHOT.jar:?]
	at org.apache.hadoop.ozone.protocolPB.OzoneManagerProtocolServerSideTranslatorPB.submitRequestDirectlyToOM(OzoneManagerProtocolServerSideTranslatorPB.java:274) ~[ozone-manager-1.4.0-SNAPSHOT.jar:?]
	at org.apache.hadoop.ozone.protocolPB.OzoneManagerProtocolServerSideTranslatorPB.processRequest(OzoneManagerProtocolServerSideTranslatorPB.java:175) ~[ozone-manager-1.4.0-SNAPSHOT.jar:?]
	at org.apache.hadoop.hdds.server.OzoneProtocolMessageDispatcher.processRequest(OzoneProtocolMessageDispatcher.java:87) [hdds-server-framework-1.4.0-SNAPSHOT.jar:?]
	at org.apache.hadoop.ozone.protocolPB.OzoneManagerProtocolServerSideTranslatorPB.submitRequest(OzoneManagerProtocolServerSideTranslatorPB.java:148) [ozone-manager-1.4.0-SNAPSHOT.jar:?]
	at org.apache.hadoop.ozone.protocol.proto.OzoneManagerProtocolProtos$OzoneManagerService$2.callBlockingMethod(OzoneManagerProtocolProtos.java) [ozone-interface-client-1.4.0-SNAPSHOT.jar:?]
	at org.apache.hadoop.ipc.ProtobufRpcEngine$Server.processCall(ProtobufRpcEngine.java:484) [hadoop-common-3.3.6.jar:?]
	at org.apache.hadoop.ipc.ProtobufRpcEngine2$Server$ProtoBufRpcInvoker.call(ProtobufRpcEngine2.java:595) [hadoop-common-3.3.6.jar:?]
	at org.apache.hadoop.ipc.ProtobufRpcEngine2$Server$ProtoBufRpcInvoker.call(ProtobufRpcEngine2.java:573) [hadoop-common-3.3.6.jar:?]
	at org.apache.hadoop.ipc.RPC$Server.call(RPC.java:1227) [hadoop-common-3.3.6.jar:?]
	at org.apache.hadoop.ipc.Server$RpcCall.run(Server.java:1094) [hadoop-common-3.3.6.jar:?]
	at org.apache.hadoop.ipc.Server$RpcCall.run(Server.java:1017) [hadoop-common-3.3.6.jar:?]
	at java.security.AccessController.doPrivileged(Native Method) ~[?:1.8.0_382]
	at javax.security.auth.Subject.doAs(Subject.java:422) [?:1.8.0_382]
	at org.apache.hadoop.security.UserGroupInformation.doAs(UserGroupInformation.java:1899) [hadoop-common-3.3.6.jar:?]
	at org.apache.hadoop.ipc.Server$Handler.run(Server.java:3048) [hadoop-common-3.3.6.jar:?]
18:21:30.618 [IPC Server handler 12 on default port 15163] ERROR OMAudit - user=runner | ip=127.0.0.1 | op=GET_FILE_STATUS {volume=volume65627, bucket=bucket59265, key=.Trash/runner/Current/testKey2, dataSize=0, replicationConfig=null} | ret=FAILURE
org.apache.hadoop.ozone.om.exceptions.OMException: Unable to get file status: volume: volume65627 bucket: bucket59265 key: .Trash/runner/Current/testKey2
	at org.apache.hadoop.ozone.om.KeyManagerImpl.getOzoneFileStatus(KeyManagerImpl.java:1195) ~[ozone-manager-1.4.0-SNAPSHOT.jar:?]
	at org.apache.hadoop.ozone.om.KeyManagerImpl.getFileStatus(KeyManagerImpl.java:1113) ~[ozone-manager-1.4.0-SNAPSHOT.jar:?]
	at org.apache.hadoop.ozone.om.OmMetadataReader.getFileStatus(OmMetadataReader.java:262) ~[ozone-manager-1.4.0-SNAPSHOT.jar:?]
	at org.apache.hadoop.ozone.om.OzoneManager.getFileStatus(OzoneManager.java:3530) ~[ozone-manager-1.4.0-SNAPSHOT.jar:?]
	at org.apache.hadoop.ozone.protocolPB.OzoneManagerRequestHandler.getOzoneFileStatus(OzoneManagerRequestHandler.java:973) ~[ozone-manager-1.4.0-SNAPSHOT.jar:?]
	at org.apache.hadoop.ozone.protocolPB.OzoneManagerRequestHandler.handleReadRequest(OzoneManagerRequestHandler.java:252) ~[ozone-manager-1.4.0-SNAPSHOT.jar:?]
	at org.apache.hadoop.ozone.protocolPB.OzoneManagerProtocolServerSideTranslatorPB.submitRequestDirectlyToOM(OzoneManagerProtocolServerSideTranslatorPB.java:274) ~[ozone-manager-1.4.0-SNAPSHOT.jar:?]
	at org.apache.hadoop.ozone.protocolPB.OzoneManagerProtocolServerSideTranslatorPB.processRequest(OzoneManagerProtocolServerSideTranslatorPB.java:175) ~[ozone-manager-1.4.0-SNAPSHOT.jar:?]
	at org.apache.hadoop.hdds.server.OzoneProtocolMessageDispatcher.processRequest(OzoneProtocolMessageDispatcher.java:87) [hdds-server-framework-1.4.0-SNAPSHOT.jar:?]
	at org.apache.hadoop.ozone.protocolPB.OzoneManagerProtocolServerSideTranslatorPB.submitRequest(OzoneManagerProtocolServerSideTranslatorPB.java:148) [ozone-manager-1.4.0-SNAPSHOT.jar:?]
	at org.apache.hadoop.ozone.protocol.proto.OzoneManagerProtocolProtos$OzoneManagerService$2.callBlockingMethod(OzoneManagerProtocolProtos.java) [ozone-interface-client-1.4.0-SNAPSHOT.jar:?]
	at org.apache.hadoop.ipc.ProtobufRpcEngine$Server.processCall(ProtobufRpcEngine.java:484) [hadoop-common-3.3.6.jar:?]
	at org.apache.hadoop.ipc.ProtobufRpcEngine2$Server$ProtoBufRpcInvoker.call(ProtobufRpcEngine2.java:595) [hadoop-common-3.3.6.jar:?]
	at org.apache.hadoop.ipc.ProtobufRpcEngine2$Server$ProtoBufRpcInvoker.call(ProtobufRpcEngine2.java:573) [hadoop-common-3.3.6.jar:?]
	at org.apache.hadoop.ipc.RPC$Server.call(RPC.java:1227) [hadoop-common-3.3.6.jar:?]
	at org.apache.hadoop.ipc.Server$RpcCall.run(Server.java:1094) [hadoop-common-3.3.6.jar:?]
	at org.apache.hadoop.ipc.Server$RpcCall.run(Server.java:1017) [hadoop-common-3.3.6.jar:?]
	at java.security.AccessController.doPrivileged(Native Method) ~[?:1.8.0_382]
	at javax.security.auth.Subject.doAs(Subject.java:422) [?:1.8.0_382]
	at org.apache.hadoop.security.UserGroupInformation.doAs(UserGroupInformation.java:1899) [hadoop-common-3.3.6.jar:?]
	at org.apache.hadoop.ipc.Server$Handler.run(Server.java:3048) [hadoop-common-3.3.6.jar:?]
2023-08-31 18:21:30,622 [Time-limited test] INFO  om.TrashPolicyOzone (TrashPolicyOzone.java:moveToTrash(209)) - Moved: '/testKey2' to trash at: /.Trash/runner/Current/testKey2
2023-08-31 18:21:30,909 [70431532-c8b0-4eb5-b15a-8b1673de781b@group-96A0E980BC6F-FollowerState] INFO  impl.FollowerState (FollowerState.java:run(143)) - 70431532-c8b0-4eb5-b15a-8b1673de781b@group-96A0E980BC6F-FollowerState: change to CANDIDATE, lastRpcElapsedTime:5056686342ns, electionTimeout:5051ms
2023-08-31 18:21:30,909 [70431532-c8b0-4eb5-b15a-8b1673de781b@group-96A0E980BC6F-FollowerState] INFO  impl.RoleInfo (RoleInfo.java:shutdownFollowerState(110)) - 70431532-c8b0-4eb5-b15a-8b1673de781b: shutdown 70431532-c8b0-4eb5-b15a-8b1673de781b@group-96A0E980BC6F-FollowerState
2023-08-31 18:21:30,909 [70431532-c8b0-4eb5-b15a-8b1673de781b@group-96A0E980BC6F-FollowerState] INFO  server.RaftServer$Division (RaftServerImpl.java:setRole(329)) - 70431532-c8b0-4eb5-b15a-8b1673de781b@group-96A0E980BC6F: changes role from  FOLLOWER to CANDIDATE at term 0 for changeToCandidate
2023-08-31 18:21:30,909 [70431532-c8b0-4eb5-b15a-8b1673de781b@group-96A0E980BC6F-FollowerState] INFO  server.RaftServerConfigKeys (ConfUtils.java:logGet(46)) - raft.server.leaderelection.pre-vote = true (default)
2023-08-31 18:21:30,909 [70431532-c8b0-4eb5-b15a-8b1673de781b@group-96A0E980BC6F-FollowerState] INFO  impl.RoleInfo (RoleInfo.java:updateAndGet(139)) - 70431532-c8b0-4eb5-b15a-8b1673de781b: start 70431532-c8b0-4eb5-b15a-8b1673de781b@group-96A0E980BC6F-LeaderElection38
2023-08-31 18:21:30,912 [70431532-c8b0-4eb5-b15a-8b1673de781b@group-96A0E980BC6F-LeaderElection38] INFO  impl.LeaderElection (LeaderElection.java:askForVotes(321)) - 70431532-c8b0-4eb5-b15a-8b1673de781b@group-96A0E980BC6F-LeaderElection38 PRE_VOTE round 0: submit vote requests at term 0 for -1: peers:[70431532-c8b0-4eb5-b15a-8b1673de781b|rpc:10.1.0.8:15209|admin:10.1.0.8:15208|client:10.1.0.8:15207|dataStream:10.1.0.8:15210|priority:1|startupRole:FOLLOWER]|listeners:[], old=null
2023-08-31 18:21:30,912 [70431532-c8b0-4eb5-b15a-8b1673de781b@group-96A0E980BC6F-LeaderElection38] INFO  impl.LeaderElection (LeaderElection.java:askForVotes(323)) - 70431532-c8b0-4eb5-b15a-8b1673de781b@group-96A0E980BC6F-LeaderElection38 PRE_VOTE round 0: result PASSED (term=0)
2023-08-31 18:21:30,915 [70431532-c8b0-4eb5-b15a-8b1673de781b@group-96A0E980BC6F-LeaderElection38] INFO  impl.LeaderElection (LeaderElection.java:askForVotes(321)) - 70431532-c8b0-4eb5-b15a-8b1673de781b@group-96A0E980BC6F-LeaderElection38 ELECTION round 0: submit vote requests at term 1 for -1: peers:[70431532-c8b0-4eb5-b15a-8b1673de781b|rpc:10.1.0.8:15209|admin:10.1.0.8:15208|client:10.1.0.8:15207|dataStream:10.1.0.8:15210|priority:1|startupRole:FOLLOWER]|listeners:[], old=null
2023-08-31 18:21:30,915 [70431532-c8b0-4eb5-b15a-8b1673de781b@group-96A0E980BC6F-LeaderElection38] INFO  impl.LeaderElection (LeaderElection.java:askForVotes(323)) - 70431532-c8b0-4eb5-b15a-8b1673de781b@group-96A0E980BC6F-LeaderElection38 ELECTION round 0: result PASSED (term=1)
2023-08-31 18:21:30,915 [70431532-c8b0-4eb5-b15a-8b1673de781b@group-96A0E980BC6F-LeaderElection38] INFO  impl.RoleInfo (RoleInfo.java:shutdownLeaderElection(130)) - 70431532-c8b0-4eb5-b15a-8b1673de781b: shutdown 70431532-c8b0-4eb5-b15a-8b1673de781b@group-96A0E980BC6F-LeaderElection38
2023-08-31 18:21:30,915 [70431532-c8b0-4eb5-b15a-8b1673de781b@group-96A0E980BC6F-LeaderElection38] INFO  server.RaftServer$Division (RaftServerImpl.java:setRole(329)) - 70431532-c8b0-4eb5-b15a-8b1673de781b@group-96A0E980BC6F: changes role from CANDIDATE to LEADER at term 1 for changeToLeader
2023-08-31 18:21:30,915 [70431532-c8b0-4eb5-b15a-8b1673de781b@group-96A0E980BC6F-LeaderElection38] INFO  ratis.XceiverServerRatis (XceiverServerRatis.java:handleLeaderChangedNotification(902)) - Leader change notification received for group: group-96A0E980BC6F with new leaderId: 70431532-c8b0-4eb5-b15a-8b1673de781b
2023-08-31 18:21:30,915 [70431532-c8b0-4eb5-b15a-8b1673de781b@group-96A0E980BC6F-LeaderElection38] INFO  server.RaftServer$Division (ServerState.java:setLeader(317)) - 70431532-c8b0-4eb5-b15a-8b1673de781b@group-96A0E980BC6F: change Leader from null to 70431532-c8b0-4eb5-b15a-8b1673de781b at term 1 for becomeLeader, leader elected after 5086ms
2023-08-31 18:21:30,915 [70431532-c8b0-4eb5-b15a-8b1673de781b@group-96A0E980BC6F-LeaderElection38] INFO  server.RaftServerConfigKeys (ConfUtils.java:logGet(46)) - raft.server.staging.catchup.gap = 1000 (default)
2023-08-31 18:21:30,915 [70431532-c8b0-4eb5-b15a-8b1673de781b@group-96A0E980BC6F-LeaderElection38] INFO  server.RaftServerConfigKeys (ConfUtils.java:logGet(46)) - raft.server.write.element-limit = 1024 (custom)
2023-08-31 18:21:30,915 [70431532-c8b0-4eb5-b15a-8b1673de781b@group-96A0E980BC6F-LeaderElection38] INFO  server.RaftServerConfigKeys (ConfUtils.java:logGet(46)) - raft.server.write.byte-limit = 1024 M (=1073741824) (custom)
2023-08-31 18:21:30,916 [70431532-c8b0-4eb5-b15a-8b1673de781b@group-96A0E980BC6F-LeaderElection38] INFO  server.RaftServerConfigKeys (ConfUtils.java:logGet(46)) - raft.server.watch.timeout = 180s (custom)
2023-08-31 18:21:30,916 [70431532-c8b0-4eb5-b15a-8b1673de781b@group-96A0E980BC6F-LeaderElection38] INFO  server.RaftServerConfigKeys (ConfUtils.java:logGet(46)) - raft.server.watch.timeout.denomination = 1s (default)
2023-08-31 18:21:30,916 [70431532-c8b0-4eb5-b15a-8b1673de781b@group-96A0E980BC6F-LeaderElection38] INFO  server.RaftServerConfigKeys (ConfUtils.java:logGet(46)) - raft.server.watch.element-limit = 65536 (default)
2023-08-31 18:21:30,916 [70431532-c8b0-4eb5-b15a-8b1673de781b@group-96A0E980BC6F-LeaderElection38] INFO  server.RaftServerConfigKeys (ConfUtils.java:logGet(46)) - raft.server.write.element-limit = 1024 (custom)
2023-08-31 18:21:30,916 [70431532-c8b0-4eb5-b15a-8b1673de781b@group-96A0E980BC6F-LeaderElection38] INFO  server.RaftServerConfigKeys (ConfUtils.java:logGet(46)) - raft.server.write.follower.gap.ratio.max = -1.0 (default)
2023-08-31 18:21:30,916 [70431532-c8b0-4eb5-b15a-8b1673de781b@group-96A0E980BC6F-LeaderElection38] INFO  impl.RoleInfo (RoleInfo.java:updateAndGet(139)) - 70431532-c8b0-4eb5-b15a-8b1673de781b: start 70431532-c8b0-4eb5-b15a-8b1673de781b@group-96A0E980BC6F-LeaderStateImpl
2023-08-31 18:21:30,916 [70431532-c8b0-4eb5-b15a-8b1673de781b@group-96A0E980BC6F-LeaderElection38] INFO  segmented.SegmentedRaftLogWorker (SegmentedRaftLogWorker.java:startLogSegment(447)) - 70431532-c8b0-4eb5-b15a-8b1673de781b@group-96A0E980BC6F-SegmentedRaftLogWorker: Starting segment from index:0
2023-08-31 18:21:30,916 [70431532-c8b0-4eb5-b15a-8b1673de781b@group-96A0E980BC6F-LeaderElection38] INFO  server.RaftServer$Division (ServerState.java:setRaftConf(434)) - 70431532-c8b0-4eb5-b15a-8b1673de781b@group-96A0E980BC6F: set configuration 0: peers:[70431532-c8b0-4eb5-b15a-8b1673de781b|rpc:10.1.0.8:15209|admin:10.1.0.8:15208|client:10.1.0.8:15207|dataStream:10.1.0.8:15210|priority:1|startupRole:FOLLOWER]|listeners:[], old=null
2023-08-31 18:21:30,918 [70431532-c8b0-4eb5-b15a-8b1673de781b@group-96A0E980BC6F-SegmentedRaftLogWorker] INFO  segmented.SegmentedRaftLogWorker (SegmentedRaftLogWorker.java:execute(651)) - 70431532-c8b0-4eb5-b15a-8b1673de781b@group-96A0E980BC6F-SegmentedRaftLogWorker: created new log segment /home/runner/work/ozone/ozone/hadoop-ozone/integration-test/target/test-dir/MiniOzoneClusterImpl-2bd935e6-826e-4dca-83cf-32fa945e0037/datanode-4/data/ratis/cc1b942b-77db-4603-b646-96a0e980bc6f/current/log_inprogress_0
18:21:31.624 [IPC Server handler 17 on default port 15163] ERROR OMAudit - user=runner | ip=127.0.0.1 | op=GET_FILE_STATUS {volume=volume65627, bucket=bucket59265, key=.Trash/runner/Current/testKey2, dataSize=0, replicationConfig=null} | ret=FAILURE
org.apache.hadoop.ozone.om.exceptions.OMException: Unable to get file status: volume: volume65627 bucket: bucket59265 key: .Trash/runner/Current/testKey2
	at org.apache.hadoop.ozone.om.KeyManagerImpl.getOzoneFileStatus(KeyManagerImpl.java:1195) ~[ozone-manager-1.4.0-SNAPSHOT.jar:?]
	at org.apache.hadoop.ozone.om.KeyManagerImpl.getFileStatus(KeyManagerImpl.java:1113) ~[ozone-manager-1.4.0-SNAPSHOT.jar:?]
	at org.apache.hadoop.ozone.om.OmMetadataReader.getFileStatus(OmMetadataReader.java:262) ~[ozone-manager-1.4.0-SNAPSHOT.jar:?]
	at org.apache.hadoop.ozone.om.OzoneManager.getFileStatus(OzoneManager.java:3530) ~[ozone-manager-1.4.0-SNAPSHOT.jar:?]
	at org.apache.hadoop.ozone.protocolPB.OzoneManagerRequestHandler.getOzoneFileStatus(OzoneManagerRequestHandler.java:973) ~[ozone-manager-1.4.0-SNAPSHOT.jar:?]
	at org.apache.hadoop.ozone.protocolPB.OzoneManagerRequestHandler.handleReadRequest(OzoneManagerRequestHandler.java:252) ~[ozone-manager-1.4.0-SNAPSHOT.jar:?]
	at org.apache.hadoop.ozone.protocolPB.OzoneManagerProtocolServerSideTranslatorPB.submitRequestDirectlyToOM(OzoneManagerProtocolServerSideTranslatorPB.java:274) ~[ozone-manager-1.4.0-SNAPSHOT.jar:?]
	at org.apache.hadoop.ozone.protocolPB.OzoneManagerProtocolServerSideTranslatorPB.processRequest(OzoneManagerProtocolServerSideTranslatorPB.java:175) ~[ozone-manager-1.4.0-SNAPSHOT.jar:?]
	at org.apache.hadoop.hdds.server.OzoneProtocolMessageDispatcher.processRequest(OzoneProtocolMessageDispatcher.java:87) [hdds-server-framework-1.4.0-SNAPSHOT.jar:?]
	at org.apache.hadoop.ozone.protocolPB.OzoneManagerProtocolServerSideTranslatorPB.submitRequest(OzoneManagerProtocolServerSideTranslatorPB.java:148) [ozone-manager-1.4.0-SNAPSHOT.jar:?]
	at org.apache.hadoop.ozone.protocol.proto.OzoneManagerProtocolProtos$OzoneManagerService$2.callBlockingMethod(OzoneManagerProtocolProtos.java) [ozone-interface-client-1.4.0-SNAPSHOT.jar:?]
	at org.apache.hadoop.ipc.ProtobufRpcEngine$Server.processCall(ProtobufRpcEngine.java:484) [hadoop-common-3.3.6.jar:?]
	at org.apache.hadoop.ipc.ProtobufRpcEngine2$Server$ProtoBufRpcInvoker.call(ProtobufRpcEngine2.java:595) [hadoop-common-3.3.6.jar:?]
	at org.apache.hadoop.ipc.ProtobufRpcEngine2$Server$ProtoBufRpcInvoker.call(ProtobufRpcEngine2.java:573) [hadoop-common-3.3.6.jar:?]
	at org.apache.hadoop.ipc.RPC$Server.call(RPC.java:1227) [hadoop-common-3.3.6.jar:?]
	at org.apache.hadoop.ipc.Server$RpcCall.run(Server.java:1094) [hadoop-common-3.3.6.jar:?]
	at org.apache.hadoop.ipc.Server$RpcCall.run(Server.java:1017) [hadoop-common-3.3.6.jar:?]
	at java.security.AccessController.doPrivileged(Native Method) ~[?:1.8.0_382]
	at javax.security.auth.Subject.doAs(Subject.java:422) [?:1.8.0_382]
	at org.apache.hadoop.security.UserGroupInformation.doAs(UserGroupInformation.java:1899) [hadoop-common-3.3.6.jar:?]
	at org.apache.hadoop.ipc.Server$Handler.run(Server.java:3048) [hadoop-common-3.3.6.jar:?]
]]></system-out>
  </testcase>
  <testcase name="testRenameDestinationParentDoesntExist" classname="TestOzoneFileSystem" time="0.089">
    <system-out><![CDATA[18:17:01.693 [IPC Server handler 9 on default port 15004] ERROR OMAudit - user=runner | ip=127.0.0.1 | op=GET_FILE_STATUS {volume=volume59479, bucket=bucket48122, key=root_dir/b/c, dataSize=0, replicationConfig=null} | ret=FAILURE
org.apache.hadoop.ozone.om.exceptions.OMException: Unable to get file status: volume: volume59479 bucket: bucket48122 key: root_dir/b/c
	at org.apache.hadoop.ozone.om.KeyManagerImpl.getOzoneFileStatus(KeyManagerImpl.java:1195) ~[ozone-manager-1.4.0-SNAPSHOT.jar:?]
	at org.apache.hadoop.ozone.om.KeyManagerImpl.getFileStatus(KeyManagerImpl.java:1113) ~[ozone-manager-1.4.0-SNAPSHOT.jar:?]
	at org.apache.hadoop.ozone.om.OmMetadataReader.getFileStatus(OmMetadataReader.java:262) ~[ozone-manager-1.4.0-SNAPSHOT.jar:?]
	at org.apache.hadoop.ozone.om.OzoneManager.getFileStatus(OzoneManager.java:3530) ~[ozone-manager-1.4.0-SNAPSHOT.jar:?]
	at org.apache.hadoop.ozone.protocolPB.OzoneManagerRequestHandler.getOzoneFileStatus(OzoneManagerRequestHandler.java:973) ~[ozone-manager-1.4.0-SNAPSHOT.jar:?]
	at org.apache.hadoop.ozone.protocolPB.OzoneManagerRequestHandler.handleReadRequest(OzoneManagerRequestHandler.java:252) ~[ozone-manager-1.4.0-SNAPSHOT.jar:?]
	at org.apache.hadoop.ozone.protocolPB.OzoneManagerProtocolServerSideTranslatorPB.submitReadRequestToOM(OzoneManagerProtocolServerSideTranslatorPB.java:225) ~[ozone-manager-1.4.0-SNAPSHOT.jar:?]
	at org.apache.hadoop.ozone.protocolPB.OzoneManagerProtocolServerSideTranslatorPB.processRequest(OzoneManagerProtocolServerSideTranslatorPB.java:179) ~[ozone-manager-1.4.0-SNAPSHOT.jar:?]
	at org.apache.hadoop.hdds.server.OzoneProtocolMessageDispatcher.processRequest(OzoneProtocolMessageDispatcher.java:87) [hdds-server-framework-1.4.0-SNAPSHOT.jar:?]
	at org.apache.hadoop.ozone.protocolPB.OzoneManagerProtocolServerSideTranslatorPB.submitRequest(OzoneManagerProtocolServerSideTranslatorPB.java:148) [ozone-manager-1.4.0-SNAPSHOT.jar:?]
	at org.apache.hadoop.ozone.protocol.proto.OzoneManagerProtocolProtos$OzoneManagerService$2.callBlockingMethod(OzoneManagerProtocolProtos.java) [ozone-interface-client-1.4.0-SNAPSHOT.jar:?]
	at org.apache.hadoop.ipc.ProtobufRpcEngine$Server.processCall(ProtobufRpcEngine.java:484) [hadoop-common-3.3.6.jar:?]
	at org.apache.hadoop.ipc.ProtobufRpcEngine2$Server$ProtoBufRpcInvoker.call(ProtobufRpcEngine2.java:595) [hadoop-common-3.3.6.jar:?]
	at org.apache.hadoop.ipc.ProtobufRpcEngine2$Server$ProtoBufRpcInvoker.call(ProtobufRpcEngine2.java:573) [hadoop-common-3.3.6.jar:?]
	at org.apache.hadoop.ipc.RPC$Server.call(RPC.java:1227) [hadoop-common-3.3.6.jar:?]
	at org.apache.hadoop.ipc.Server$RpcCall.run(Server.java:1094) [hadoop-common-3.3.6.jar:?]
	at org.apache.hadoop.ipc.Server$RpcCall.run(Server.java:1017) [hadoop-common-3.3.6.jar:?]
	at java.security.AccessController.doPrivileged(Native Method) ~[?:1.8.0_382]
	at javax.security.auth.Subject.doAs(Subject.java:422) [?:1.8.0_382]
	at org.apache.hadoop.security.UserGroupInformation.doAs(UserGroupInformation.java:1899) [hadoop-common-3.3.6.jar:?]
	at org.apache.hadoop.ipc.Server$Handler.run(Server.java:3048) [hadoop-common-3.3.6.jar:?]
18:17:01.697 [IPC Server handler 1 on default port 15004] ERROR OMAudit - user=runner | ip=127.0.0.1 | op=GET_FILE_STATUS {volume=volume59479, bucket=bucket48122, key=root_dir/b, dataSize=0, replicationConfig=null} | ret=FAILURE
org.apache.hadoop.ozone.om.exceptions.OMException: Unable to get file status: volume: volume59479 bucket: bucket48122 key: root_dir/b
	at org.apache.hadoop.ozone.om.KeyManagerImpl.getOzoneFileStatus(KeyManagerImpl.java:1195) ~[ozone-manager-1.4.0-SNAPSHOT.jar:?]
	at org.apache.hadoop.ozone.om.KeyManagerImpl.getFileStatus(KeyManagerImpl.java:1113) ~[ozone-manager-1.4.0-SNAPSHOT.jar:?]
	at org.apache.hadoop.ozone.om.OmMetadataReader.getFileStatus(OmMetadataReader.java:262) ~[ozone-manager-1.4.0-SNAPSHOT.jar:?]
	at org.apache.hadoop.ozone.om.OzoneManager.getFileStatus(OzoneManager.java:3530) ~[ozone-manager-1.4.0-SNAPSHOT.jar:?]
	at org.apache.hadoop.ozone.protocolPB.OzoneManagerRequestHandler.getOzoneFileStatus(OzoneManagerRequestHandler.java:973) ~[ozone-manager-1.4.0-SNAPSHOT.jar:?]
	at org.apache.hadoop.ozone.protocolPB.OzoneManagerRequestHandler.handleReadRequest(OzoneManagerRequestHandler.java:252) ~[ozone-manager-1.4.0-SNAPSHOT.jar:?]
	at org.apache.hadoop.ozone.protocolPB.OzoneManagerProtocolServerSideTranslatorPB.submitReadRequestToOM(OzoneManagerProtocolServerSideTranslatorPB.java:225) ~[ozone-manager-1.4.0-SNAPSHOT.jar:?]
	at org.apache.hadoop.ozone.protocolPB.OzoneManagerProtocolServerSideTranslatorPB.processRequest(OzoneManagerProtocolServerSideTranslatorPB.java:179) ~[ozone-manager-1.4.0-SNAPSHOT.jar:?]
	at org.apache.hadoop.hdds.server.OzoneProtocolMessageDispatcher.processRequest(OzoneProtocolMessageDispatcher.java:87) [hdds-server-framework-1.4.0-SNAPSHOT.jar:?]
	at org.apache.hadoop.ozone.protocolPB.OzoneManagerProtocolServerSideTranslatorPB.submitRequest(OzoneManagerProtocolServerSideTranslatorPB.java:148) [ozone-manager-1.4.0-SNAPSHOT.jar:?]
	at org.apache.hadoop.ozone.protocol.proto.OzoneManagerProtocolProtos$OzoneManagerService$2.callBlockingMethod(OzoneManagerProtocolProtos.java) [ozone-interface-client-1.4.0-SNAPSHOT.jar:?]
	at org.apache.hadoop.ipc.ProtobufRpcEngine$Server.processCall(ProtobufRpcEngine.java:484) [hadoop-common-3.3.6.jar:?]
	at org.apache.hadoop.ipc.ProtobufRpcEngine2$Server$ProtoBufRpcInvoker.call(ProtobufRpcEngine2.java:595) [hadoop-common-3.3.6.jar:?]
	at org.apache.hadoop.ipc.ProtobufRpcEngine2$Server$ProtoBufRpcInvoker.call(ProtobufRpcEngine2.java:573) [hadoop-common-3.3.6.jar:?]
	at org.apache.hadoop.ipc.RPC$Server.call(RPC.java:1227) [hadoop-common-3.3.6.jar:?]
	at org.apache.hadoop.ipc.Server$RpcCall.run(Server.java:1094) [hadoop-common-3.3.6.jar:?]
	at org.apache.hadoop.ipc.Server$RpcCall.run(Server.java:1017) [hadoop-common-3.3.6.jar:?]
	at java.security.AccessController.doPrivileged(Native Method) ~[?:1.8.0_382]
	at javax.security.auth.Subject.doAs(Subject.java:422) [?:1.8.0_382]
	at org.apache.hadoop.security.UserGroupInformation.doAs(UserGroupInformation.java:1899) [hadoop-common-3.3.6.jar:?]
	at org.apache.hadoop.ipc.Server$Handler.run(Server.java:3048) [hadoop-common-3.3.6.jar:?]
18:17:01.726 [IPC Server handler 3 on default port 15004] ERROR OMAudit - user=runner | ip=127.0.0.1 | op=GET_FILE_STATUS {volume=volume59479, bucket=bucket48122, key=root_dir/file1/c, dataSize=0, replicationConfig=null} | ret=FAILURE
org.apache.hadoop.ozone.om.exceptions.OMException: Unable to get file status: volume: volume59479 bucket: bucket48122 key: root_dir/file1/c
	at org.apache.hadoop.ozone.om.KeyManagerImpl.getOzoneFileStatus(KeyManagerImpl.java:1195) ~[ozone-manager-1.4.0-SNAPSHOT.jar:?]
	at org.apache.hadoop.ozone.om.KeyManagerImpl.getFileStatus(KeyManagerImpl.java:1113) ~[ozone-manager-1.4.0-SNAPSHOT.jar:?]
	at org.apache.hadoop.ozone.om.OmMetadataReader.getFileStatus(OmMetadataReader.java:262) ~[ozone-manager-1.4.0-SNAPSHOT.jar:?]
	at org.apache.hadoop.ozone.om.OzoneManager.getFileStatus(OzoneManager.java:3530) ~[ozone-manager-1.4.0-SNAPSHOT.jar:?]
	at org.apache.hadoop.ozone.protocolPB.OzoneManagerRequestHandler.getOzoneFileStatus(OzoneManagerRequestHandler.java:973) ~[ozone-manager-1.4.0-SNAPSHOT.jar:?]
	at org.apache.hadoop.ozone.protocolPB.OzoneManagerRequestHandler.handleReadRequest(OzoneManagerRequestHandler.java:252) ~[ozone-manager-1.4.0-SNAPSHOT.jar:?]
	at org.apache.hadoop.ozone.protocolPB.OzoneManagerProtocolServerSideTranslatorPB.submitReadRequestToOM(OzoneManagerProtocolServerSideTranslatorPB.java:225) ~[ozone-manager-1.4.0-SNAPSHOT.jar:?]
	at org.apache.hadoop.ozone.protocolPB.OzoneManagerProtocolServerSideTranslatorPB.processRequest(OzoneManagerProtocolServerSideTranslatorPB.java:179) ~[ozone-manager-1.4.0-SNAPSHOT.jar:?]
	at org.apache.hadoop.hdds.server.OzoneProtocolMessageDispatcher.processRequest(OzoneProtocolMessageDispatcher.java:87) [hdds-server-framework-1.4.0-SNAPSHOT.jar:?]
	at org.apache.hadoop.ozone.protocolPB.OzoneManagerProtocolServerSideTranslatorPB.submitRequest(OzoneManagerProtocolServerSideTranslatorPB.java:148) [ozone-manager-1.4.0-SNAPSHOT.jar:?]
	at org.apache.hadoop.ozone.protocol.proto.OzoneManagerProtocolProtos$OzoneManagerService$2.callBlockingMethod(OzoneManagerProtocolProtos.java) [ozone-interface-client-1.4.0-SNAPSHOT.jar:?]
	at org.apache.hadoop.ipc.ProtobufRpcEngine$Server.processCall(ProtobufRpcEngine.java:484) [hadoop-common-3.3.6.jar:?]
	at org.apache.hadoop.ipc.ProtobufRpcEngine2$Server$ProtoBufRpcInvoker.call(ProtobufRpcEngine2.java:595) [hadoop-common-3.3.6.jar:?]
	at org.apache.hadoop.ipc.ProtobufRpcEngine2$Server$ProtoBufRpcInvoker.call(ProtobufRpcEngine2.java:573) [hadoop-common-3.3.6.jar:?]
	at org.apache.hadoop.ipc.RPC$Server.call(RPC.java:1227) [hadoop-common-3.3.6.jar:?]
	at org.apache.hadoop.ipc.Server$RpcCall.run(Server.java:1094) [hadoop-common-3.3.6.jar:?]
	at org.apache.hadoop.ipc.Server$RpcCall.run(Server.java:1017) [hadoop-common-3.3.6.jar:?]
	at java.security.AccessController.doPrivileged(Native Method) ~[?:1.8.0_382]
	at javax.security.auth.Subject.doAs(Subject.java:422) [?:1.8.0_382]
	at org.apache.hadoop.security.UserGroupInformation.doAs(UserGroupInformation.java:1899) [hadoop-common-3.3.6.jar:?]
	at org.apache.hadoop.ipc.Server$Handler.run(Server.java:3048) [hadoop-common-3.3.6.jar:?]
]]></system-out>
  </testcase>
  <testcase name="testRenameDestinationParentDoesntExist" classname="TestOzoneFileSystem" time="0.03">
    <system-out><![CDATA[18:18:47.107 [IPC Server handler 10 on default port 15057] ERROR OMAudit - user=runner | ip=127.0.0.1 | op=GET_FILE_STATUS {volume=volume38115, bucket=bucket38025, key=root_dir/b/c, dataSize=0, replicationConfig=null} | ret=FAILURE
org.apache.hadoop.ozone.om.exceptions.OMException: Unable to get file status: volume: volume38115 bucket: bucket38025 key: root_dir/b/c
	at org.apache.hadoop.ozone.om.KeyManagerImpl.getOzoneFileStatus(KeyManagerImpl.java:1195) ~[ozone-manager-1.4.0-SNAPSHOT.jar:?]
	at org.apache.hadoop.ozone.om.KeyManagerImpl.getFileStatus(KeyManagerImpl.java:1113) ~[ozone-manager-1.4.0-SNAPSHOT.jar:?]
	at org.apache.hadoop.ozone.om.OmMetadataReader.getFileStatus(OmMetadataReader.java:262) ~[ozone-manager-1.4.0-SNAPSHOT.jar:?]
	at org.apache.hadoop.ozone.om.OzoneManager.getFileStatus(OzoneManager.java:3530) ~[ozone-manager-1.4.0-SNAPSHOT.jar:?]
	at org.apache.hadoop.ozone.protocolPB.OzoneManagerRequestHandler.getOzoneFileStatus(OzoneManagerRequestHandler.java:973) ~[ozone-manager-1.4.0-SNAPSHOT.jar:?]
	at org.apache.hadoop.ozone.protocolPB.OzoneManagerRequestHandler.handleReadRequest(OzoneManagerRequestHandler.java:252) ~[ozone-manager-1.4.0-SNAPSHOT.jar:?]
	at org.apache.hadoop.ozone.protocolPB.OzoneManagerProtocolServerSideTranslatorPB.submitRequestDirectlyToOM(OzoneManagerProtocolServerSideTranslatorPB.java:274) ~[ozone-manager-1.4.0-SNAPSHOT.jar:?]
	at org.apache.hadoop.ozone.protocolPB.OzoneManagerProtocolServerSideTranslatorPB.processRequest(OzoneManagerProtocolServerSideTranslatorPB.java:175) ~[ozone-manager-1.4.0-SNAPSHOT.jar:?]
	at org.apache.hadoop.hdds.server.OzoneProtocolMessageDispatcher.processRequest(OzoneProtocolMessageDispatcher.java:87) [hdds-server-framework-1.4.0-SNAPSHOT.jar:?]
	at org.apache.hadoop.ozone.protocolPB.OzoneManagerProtocolServerSideTranslatorPB.submitRequest(OzoneManagerProtocolServerSideTranslatorPB.java:148) [ozone-manager-1.4.0-SNAPSHOT.jar:?]
	at org.apache.hadoop.ozone.protocol.proto.OzoneManagerProtocolProtos$OzoneManagerService$2.callBlockingMethod(OzoneManagerProtocolProtos.java) [ozone-interface-client-1.4.0-SNAPSHOT.jar:?]
	at org.apache.hadoop.ipc.ProtobufRpcEngine$Server.processCall(ProtobufRpcEngine.java:484) [hadoop-common-3.3.6.jar:?]
	at org.apache.hadoop.ipc.ProtobufRpcEngine2$Server$ProtoBufRpcInvoker.call(ProtobufRpcEngine2.java:595) [hadoop-common-3.3.6.jar:?]
	at org.apache.hadoop.ipc.ProtobufRpcEngine2$Server$ProtoBufRpcInvoker.call(ProtobufRpcEngine2.java:573) [hadoop-common-3.3.6.jar:?]
	at org.apache.hadoop.ipc.RPC$Server.call(RPC.java:1227) [hadoop-common-3.3.6.jar:?]
	at org.apache.hadoop.ipc.Server$RpcCall.run(Server.java:1094) [hadoop-common-3.3.6.jar:?]
	at org.apache.hadoop.ipc.Server$RpcCall.run(Server.java:1017) [hadoop-common-3.3.6.jar:?]
	at java.security.AccessController.doPrivileged(Native Method) ~[?:1.8.0_382]
	at javax.security.auth.Subject.doAs(Subject.java:422) [?:1.8.0_382]
	at org.apache.hadoop.security.UserGroupInformation.doAs(UserGroupInformation.java:1899) [hadoop-common-3.3.6.jar:?]
	at org.apache.hadoop.ipc.Server$Handler.run(Server.java:3048) [hadoop-common-3.3.6.jar:?]
18:18:47.108 [IPC Server handler 14 on default port 15057] ERROR OMAudit - user=runner | ip=127.0.0.1 | op=GET_FILE_STATUS {volume=volume38115, bucket=bucket38025, key=root_dir/b, dataSize=0, replicationConfig=null} | ret=FAILURE
org.apache.hadoop.ozone.om.exceptions.OMException: Unable to get file status: volume: volume38115 bucket: bucket38025 key: root_dir/b
	at org.apache.hadoop.ozone.om.KeyManagerImpl.getOzoneFileStatus(KeyManagerImpl.java:1195) ~[ozone-manager-1.4.0-SNAPSHOT.jar:?]
	at org.apache.hadoop.ozone.om.KeyManagerImpl.getFileStatus(KeyManagerImpl.java:1113) ~[ozone-manager-1.4.0-SNAPSHOT.jar:?]
	at org.apache.hadoop.ozone.om.OmMetadataReader.getFileStatus(OmMetadataReader.java:262) ~[ozone-manager-1.4.0-SNAPSHOT.jar:?]
	at org.apache.hadoop.ozone.om.OzoneManager.getFileStatus(OzoneManager.java:3530) ~[ozone-manager-1.4.0-SNAPSHOT.jar:?]
	at org.apache.hadoop.ozone.protocolPB.OzoneManagerRequestHandler.getOzoneFileStatus(OzoneManagerRequestHandler.java:973) ~[ozone-manager-1.4.0-SNAPSHOT.jar:?]
	at org.apache.hadoop.ozone.protocolPB.OzoneManagerRequestHandler.handleReadRequest(OzoneManagerRequestHandler.java:252) ~[ozone-manager-1.4.0-SNAPSHOT.jar:?]
	at org.apache.hadoop.ozone.protocolPB.OzoneManagerProtocolServerSideTranslatorPB.submitRequestDirectlyToOM(OzoneManagerProtocolServerSideTranslatorPB.java:274) ~[ozone-manager-1.4.0-SNAPSHOT.jar:?]
	at org.apache.hadoop.ozone.protocolPB.OzoneManagerProtocolServerSideTranslatorPB.processRequest(OzoneManagerProtocolServerSideTranslatorPB.java:175) ~[ozone-manager-1.4.0-SNAPSHOT.jar:?]
	at org.apache.hadoop.hdds.server.OzoneProtocolMessageDispatcher.processRequest(OzoneProtocolMessageDispatcher.java:87) [hdds-server-framework-1.4.0-SNAPSHOT.jar:?]
	at org.apache.hadoop.ozone.protocolPB.OzoneManagerProtocolServerSideTranslatorPB.submitRequest(OzoneManagerProtocolServerSideTranslatorPB.java:148) [ozone-manager-1.4.0-SNAPSHOT.jar:?]
	at org.apache.hadoop.ozone.protocol.proto.OzoneManagerProtocolProtos$OzoneManagerService$2.callBlockingMethod(OzoneManagerProtocolProtos.java) [ozone-interface-client-1.4.0-SNAPSHOT.jar:?]
	at org.apache.hadoop.ipc.ProtobufRpcEngine$Server.processCall(ProtobufRpcEngine.java:484) [hadoop-common-3.3.6.jar:?]
	at org.apache.hadoop.ipc.ProtobufRpcEngine2$Server$ProtoBufRpcInvoker.call(ProtobufRpcEngine2.java:595) [hadoop-common-3.3.6.jar:?]
	at org.apache.hadoop.ipc.ProtobufRpcEngine2$Server$ProtoBufRpcInvoker.call(ProtobufRpcEngine2.java:573) [hadoop-common-3.3.6.jar:?]
	at org.apache.hadoop.ipc.RPC$Server.call(RPC.java:1227) [hadoop-common-3.3.6.jar:?]
	at org.apache.hadoop.ipc.Server$RpcCall.run(Server.java:1094) [hadoop-common-3.3.6.jar:?]
	at org.apache.hadoop.ipc.Server$RpcCall.run(Server.java:1017) [hadoop-common-3.3.6.jar:?]
	at java.security.AccessController.doPrivileged(Native Method) ~[?:1.8.0_382]
	at javax.security.auth.Subject.doAs(Subject.java:422) [?:1.8.0_382]
	at org.apache.hadoop.security.UserGroupInformation.doAs(UserGroupInformation.java:1899) [hadoop-common-3.3.6.jar:?]
	at org.apache.hadoop.ipc.Server$Handler.run(Server.java:3048) [hadoop-common-3.3.6.jar:?]
18:18:47.117 [IPC Server handler 17 on default port 15057] ERROR OMAudit - user=runner | ip=127.0.0.1 | op=GET_FILE_STATUS {volume=volume38115, bucket=bucket38025, key=root_dir/file1/c, dataSize=0, replicationConfig=null} | ret=FAILURE
org.apache.hadoop.ozone.om.exceptions.OMException: Unable to get file status: volume: volume38115 bucket: bucket38025 key: root_dir/file1/c
	at org.apache.hadoop.ozone.om.KeyManagerImpl.getOzoneFileStatus(KeyManagerImpl.java:1195) ~[ozone-manager-1.4.0-SNAPSHOT.jar:?]
	at org.apache.hadoop.ozone.om.KeyManagerImpl.getFileStatus(KeyManagerImpl.java:1113) ~[ozone-manager-1.4.0-SNAPSHOT.jar:?]
	at org.apache.hadoop.ozone.om.OmMetadataReader.getFileStatus(OmMetadataReader.java:262) ~[ozone-manager-1.4.0-SNAPSHOT.jar:?]
	at org.apache.hadoop.ozone.om.OzoneManager.getFileStatus(OzoneManager.java:3530) ~[ozone-manager-1.4.0-SNAPSHOT.jar:?]
	at org.apache.hadoop.ozone.protocolPB.OzoneManagerRequestHandler.getOzoneFileStatus(OzoneManagerRequestHandler.java:973) ~[ozone-manager-1.4.0-SNAPSHOT.jar:?]
	at org.apache.hadoop.ozone.protocolPB.OzoneManagerRequestHandler.handleReadRequest(OzoneManagerRequestHandler.java:252) ~[ozone-manager-1.4.0-SNAPSHOT.jar:?]
	at org.apache.hadoop.ozone.protocolPB.OzoneManagerProtocolServerSideTranslatorPB.submitRequestDirectlyToOM(OzoneManagerProtocolServerSideTranslatorPB.java:274) ~[ozone-manager-1.4.0-SNAPSHOT.jar:?]
	at org.apache.hadoop.ozone.protocolPB.OzoneManagerProtocolServerSideTranslatorPB.processRequest(OzoneManagerProtocolServerSideTranslatorPB.java:175) ~[ozone-manager-1.4.0-SNAPSHOT.jar:?]
	at org.apache.hadoop.hdds.server.OzoneProtocolMessageDispatcher.processRequest(OzoneProtocolMessageDispatcher.java:87) [hdds-server-framework-1.4.0-SNAPSHOT.jar:?]
	at org.apache.hadoop.ozone.protocolPB.OzoneManagerProtocolServerSideTranslatorPB.submitRequest(OzoneManagerProtocolServerSideTranslatorPB.java:148) [ozone-manager-1.4.0-SNAPSHOT.jar:?]
	at org.apache.hadoop.ozone.protocol.proto.OzoneManagerProtocolProtos$OzoneManagerService$2.callBlockingMethod(OzoneManagerProtocolProtos.java) [ozone-interface-client-1.4.0-SNAPSHOT.jar:?]
	at org.apache.hadoop.ipc.ProtobufRpcEngine$Server.processCall(ProtobufRpcEngine.java:484) [hadoop-common-3.3.6.jar:?]
	at org.apache.hadoop.ipc.ProtobufRpcEngine2$Server$ProtoBufRpcInvoker.call(ProtobufRpcEngine2.java:595) [hadoop-common-3.3.6.jar:?]
	at org.apache.hadoop.ipc.ProtobufRpcEngine2$Server$ProtoBufRpcInvoker.call(ProtobufRpcEngine2.java:573) [hadoop-common-3.3.6.jar:?]
	at org.apache.hadoop.ipc.RPC$Server.call(RPC.java:1227) [hadoop-common-3.3.6.jar:?]
	at org.apache.hadoop.ipc.Server$RpcCall.run(Server.java:1094) [hadoop-common-3.3.6.jar:?]
	at org.apache.hadoop.ipc.Server$RpcCall.run(Server.java:1017) [hadoop-common-3.3.6.jar:?]
	at java.security.AccessController.doPrivileged(Native Method) ~[?:1.8.0_382]
	at javax.security.auth.Subject.doAs(Subject.java:422) [?:1.8.0_382]
	at org.apache.hadoop.security.UserGroupInformation.doAs(UserGroupInformation.java:1899) [hadoop-common-3.3.6.jar:?]
	at org.apache.hadoop.ipc.Server$Handler.run(Server.java:3048) [hadoop-common-3.3.6.jar:?]
]]></system-out>
  </testcase>
  <testcase name="testRenameDestinationParentDoesntExist" classname="TestOzoneFileSystem" time="0.023">
    <system-out><![CDATA[18:20:06.142 [IPC Server handler 11 on default port 15110] ERROR OMAudit - user=runner | ip=127.0.0.1 | op=GET_FILE_STATUS {volume=volume40966, bucket=bucket64934, key=root_dir/b/c, dataSize=0, replicationConfig=null} | ret=FAILURE
org.apache.hadoop.ozone.om.exceptions.OMException: Unable to get file status: volume: volume40966 bucket: bucket64934 key: root_dir/b/c
	at org.apache.hadoop.ozone.om.KeyManagerImpl.getOzoneFileStatus(KeyManagerImpl.java:1195) ~[ozone-manager-1.4.0-SNAPSHOT.jar:?]
	at org.apache.hadoop.ozone.om.KeyManagerImpl.getFileStatus(KeyManagerImpl.java:1113) ~[ozone-manager-1.4.0-SNAPSHOT.jar:?]
	at org.apache.hadoop.ozone.om.OmMetadataReader.getFileStatus(OmMetadataReader.java:262) ~[ozone-manager-1.4.0-SNAPSHOT.jar:?]
	at org.apache.hadoop.ozone.om.OzoneManager.getFileStatus(OzoneManager.java:3530) ~[ozone-manager-1.4.0-SNAPSHOT.jar:?]
	at org.apache.hadoop.ozone.protocolPB.OzoneManagerRequestHandler.getOzoneFileStatus(OzoneManagerRequestHandler.java:973) ~[ozone-manager-1.4.0-SNAPSHOT.jar:?]
	at org.apache.hadoop.ozone.protocolPB.OzoneManagerRequestHandler.handleReadRequest(OzoneManagerRequestHandler.java:252) ~[ozone-manager-1.4.0-SNAPSHOT.jar:?]
	at org.apache.hadoop.ozone.protocolPB.OzoneManagerProtocolServerSideTranslatorPB.submitReadRequestToOM(OzoneManagerProtocolServerSideTranslatorPB.java:225) ~[ozone-manager-1.4.0-SNAPSHOT.jar:?]
	at org.apache.hadoop.ozone.protocolPB.OzoneManagerProtocolServerSideTranslatorPB.processRequest(OzoneManagerProtocolServerSideTranslatorPB.java:179) ~[ozone-manager-1.4.0-SNAPSHOT.jar:?]
	at org.apache.hadoop.hdds.server.OzoneProtocolMessageDispatcher.processRequest(OzoneProtocolMessageDispatcher.java:87) [hdds-server-framework-1.4.0-SNAPSHOT.jar:?]
	at org.apache.hadoop.ozone.protocolPB.OzoneManagerProtocolServerSideTranslatorPB.submitRequest(OzoneManagerProtocolServerSideTranslatorPB.java:148) [ozone-manager-1.4.0-SNAPSHOT.jar:?]
	at org.apache.hadoop.ozone.protocol.proto.OzoneManagerProtocolProtos$OzoneManagerService$2.callBlockingMethod(OzoneManagerProtocolProtos.java) [ozone-interface-client-1.4.0-SNAPSHOT.jar:?]
	at org.apache.hadoop.ipc.ProtobufRpcEngine$Server.processCall(ProtobufRpcEngine.java:484) [hadoop-common-3.3.6.jar:?]
	at org.apache.hadoop.ipc.ProtobufRpcEngine2$Server$ProtoBufRpcInvoker.call(ProtobufRpcEngine2.java:595) [hadoop-common-3.3.6.jar:?]
	at org.apache.hadoop.ipc.ProtobufRpcEngine2$Server$ProtoBufRpcInvoker.call(ProtobufRpcEngine2.java:573) [hadoop-common-3.3.6.jar:?]
	at org.apache.hadoop.ipc.RPC$Server.call(RPC.java:1227) [hadoop-common-3.3.6.jar:?]
	at org.apache.hadoop.ipc.Server$RpcCall.run(Server.java:1094) [hadoop-common-3.3.6.jar:?]
	at org.apache.hadoop.ipc.Server$RpcCall.run(Server.java:1017) [hadoop-common-3.3.6.jar:?]
	at java.security.AccessController.doPrivileged(Native Method) ~[?:1.8.0_382]
	at javax.security.auth.Subject.doAs(Subject.java:422) [?:1.8.0_382]
	at org.apache.hadoop.security.UserGroupInformation.doAs(UserGroupInformation.java:1899) [hadoop-common-3.3.6.jar:?]
	at org.apache.hadoop.ipc.Server$Handler.run(Server.java:3048) [hadoop-common-3.3.6.jar:?]
18:20:06.144 [IPC Server handler 6 on default port 15110] ERROR OMAudit - user=runner | ip=127.0.0.1 | op=GET_FILE_STATUS {volume=volume40966, bucket=bucket64934, key=root_dir/b, dataSize=0, replicationConfig=null} | ret=FAILURE
org.apache.hadoop.ozone.om.exceptions.OMException: Unable to get file status: volume: volume40966 bucket: bucket64934 key: root_dir/b
	at org.apache.hadoop.ozone.om.KeyManagerImpl.getOzoneFileStatus(KeyManagerImpl.java:1195) ~[ozone-manager-1.4.0-SNAPSHOT.jar:?]
	at org.apache.hadoop.ozone.om.KeyManagerImpl.getFileStatus(KeyManagerImpl.java:1113) ~[ozone-manager-1.4.0-SNAPSHOT.jar:?]
	at org.apache.hadoop.ozone.om.OmMetadataReader.getFileStatus(OmMetadataReader.java:262) ~[ozone-manager-1.4.0-SNAPSHOT.jar:?]
	at org.apache.hadoop.ozone.om.OzoneManager.getFileStatus(OzoneManager.java:3530) ~[ozone-manager-1.4.0-SNAPSHOT.jar:?]
	at org.apache.hadoop.ozone.protocolPB.OzoneManagerRequestHandler.getOzoneFileStatus(OzoneManagerRequestHandler.java:973) ~[ozone-manager-1.4.0-SNAPSHOT.jar:?]
	at org.apache.hadoop.ozone.protocolPB.OzoneManagerRequestHandler.handleReadRequest(OzoneManagerRequestHandler.java:252) ~[ozone-manager-1.4.0-SNAPSHOT.jar:?]
	at org.apache.hadoop.ozone.protocolPB.OzoneManagerProtocolServerSideTranslatorPB.submitReadRequestToOM(OzoneManagerProtocolServerSideTranslatorPB.java:225) ~[ozone-manager-1.4.0-SNAPSHOT.jar:?]
	at org.apache.hadoop.ozone.protocolPB.OzoneManagerProtocolServerSideTranslatorPB.processRequest(OzoneManagerProtocolServerSideTranslatorPB.java:179) ~[ozone-manager-1.4.0-SNAPSHOT.jar:?]
	at org.apache.hadoop.hdds.server.OzoneProtocolMessageDispatcher.processRequest(OzoneProtocolMessageDispatcher.java:87) [hdds-server-framework-1.4.0-SNAPSHOT.jar:?]
	at org.apache.hadoop.ozone.protocolPB.OzoneManagerProtocolServerSideTranslatorPB.submitRequest(OzoneManagerProtocolServerSideTranslatorPB.java:148) [ozone-manager-1.4.0-SNAPSHOT.jar:?]
	at org.apache.hadoop.ozone.protocol.proto.OzoneManagerProtocolProtos$OzoneManagerService$2.callBlockingMethod(OzoneManagerProtocolProtos.java) [ozone-interface-client-1.4.0-SNAPSHOT.jar:?]
	at org.apache.hadoop.ipc.ProtobufRpcEngine$Server.processCall(ProtobufRpcEngine.java:484) [hadoop-common-3.3.6.jar:?]
	at org.apache.hadoop.ipc.ProtobufRpcEngine2$Server$ProtoBufRpcInvoker.call(ProtobufRpcEngine2.java:595) [hadoop-common-3.3.6.jar:?]
	at org.apache.hadoop.ipc.ProtobufRpcEngine2$Server$ProtoBufRpcInvoker.call(ProtobufRpcEngine2.java:573) [hadoop-common-3.3.6.jar:?]
	at org.apache.hadoop.ipc.RPC$Server.call(RPC.java:1227) [hadoop-common-3.3.6.jar:?]
	at org.apache.hadoop.ipc.Server$RpcCall.run(Server.java:1094) [hadoop-common-3.3.6.jar:?]
	at org.apache.hadoop.ipc.Server$RpcCall.run(Server.java:1017) [hadoop-common-3.3.6.jar:?]
	at java.security.AccessController.doPrivileged(Native Method) ~[?:1.8.0_382]
	at javax.security.auth.Subject.doAs(Subject.java:422) [?:1.8.0_382]
	at org.apache.hadoop.security.UserGroupInformation.doAs(UserGroupInformation.java:1899) [hadoop-common-3.3.6.jar:?]
	at org.apache.hadoop.ipc.Server$Handler.run(Server.java:3048) [hadoop-common-3.3.6.jar:?]
18:20:06.153 [IPC Server handler 13 on default port 15110] ERROR OMAudit - user=runner | ip=127.0.0.1 | op=GET_FILE_STATUS {volume=volume40966, bucket=bucket64934, key=root_dir/file1/c, dataSize=0, replicationConfig=null} | ret=FAILURE
org.apache.hadoop.ozone.om.exceptions.OMException: Unable to get file status: volume: volume40966 bucket: bucket64934 key: root_dir/file1/c
	at org.apache.hadoop.ozone.om.KeyManagerImpl.getOzoneFileStatus(KeyManagerImpl.java:1195) ~[ozone-manager-1.4.0-SNAPSHOT.jar:?]
	at org.apache.hadoop.ozone.om.KeyManagerImpl.getFileStatus(KeyManagerImpl.java:1113) ~[ozone-manager-1.4.0-SNAPSHOT.jar:?]
	at org.apache.hadoop.ozone.om.OmMetadataReader.getFileStatus(OmMetadataReader.java:262) ~[ozone-manager-1.4.0-SNAPSHOT.jar:?]
	at org.apache.hadoop.ozone.om.OzoneManager.getFileStatus(OzoneManager.java:3530) ~[ozone-manager-1.4.0-SNAPSHOT.jar:?]
	at org.apache.hadoop.ozone.protocolPB.OzoneManagerRequestHandler.getOzoneFileStatus(OzoneManagerRequestHandler.java:973) ~[ozone-manager-1.4.0-SNAPSHOT.jar:?]
	at org.apache.hadoop.ozone.protocolPB.OzoneManagerRequestHandler.handleReadRequest(OzoneManagerRequestHandler.java:252) ~[ozone-manager-1.4.0-SNAPSHOT.jar:?]
	at org.apache.hadoop.ozone.protocolPB.OzoneManagerProtocolServerSideTranslatorPB.submitReadRequestToOM(OzoneManagerProtocolServerSideTranslatorPB.java:225) ~[ozone-manager-1.4.0-SNAPSHOT.jar:?]
	at org.apache.hadoop.ozone.protocolPB.OzoneManagerProtocolServerSideTranslatorPB.processRequest(OzoneManagerProtocolServerSideTranslatorPB.java:179) ~[ozone-manager-1.4.0-SNAPSHOT.jar:?]
	at org.apache.hadoop.hdds.server.OzoneProtocolMessageDispatcher.processRequest(OzoneProtocolMessageDispatcher.java:87) [hdds-server-framework-1.4.0-SNAPSHOT.jar:?]
	at org.apache.hadoop.ozone.protocolPB.OzoneManagerProtocolServerSideTranslatorPB.submitRequest(OzoneManagerProtocolServerSideTranslatorPB.java:148) [ozone-manager-1.4.0-SNAPSHOT.jar:?]
	at org.apache.hadoop.ozone.protocol.proto.OzoneManagerProtocolProtos$OzoneManagerService$2.callBlockingMethod(OzoneManagerProtocolProtos.java) [ozone-interface-client-1.4.0-SNAPSHOT.jar:?]
	at org.apache.hadoop.ipc.ProtobufRpcEngine$Server.processCall(ProtobufRpcEngine.java:484) [hadoop-common-3.3.6.jar:?]
	at org.apache.hadoop.ipc.ProtobufRpcEngine2$Server$ProtoBufRpcInvoker.call(ProtobufRpcEngine2.java:595) [hadoop-common-3.3.6.jar:?]
	at org.apache.hadoop.ipc.ProtobufRpcEngine2$Server$ProtoBufRpcInvoker.call(ProtobufRpcEngine2.java:573) [hadoop-common-3.3.6.jar:?]
	at org.apache.hadoop.ipc.RPC$Server.call(RPC.java:1227) [hadoop-common-3.3.6.jar:?]
	at org.apache.hadoop.ipc.Server$RpcCall.run(Server.java:1094) [hadoop-common-3.3.6.jar:?]
	at org.apache.hadoop.ipc.Server$RpcCall.run(Server.java:1017) [hadoop-common-3.3.6.jar:?]
	at java.security.AccessController.doPrivileged(Native Method) ~[?:1.8.0_382]
	at javax.security.auth.Subject.doAs(Subject.java:422) [?:1.8.0_382]
	at org.apache.hadoop.security.UserGroupInformation.doAs(UserGroupInformation.java:1899) [hadoop-common-3.3.6.jar:?]
	at org.apache.hadoop.ipc.Server$Handler.run(Server.java:3048) [hadoop-common-3.3.6.jar:?]
]]></system-out>
  </testcase>
  <testcase name="testRenameDestinationParentDoesntExist" classname="TestOzoneFileSystem" time="0.022">
    <system-out><![CDATA[18:21:34.644 [IPC Server handler 11 on default port 15163] ERROR OMAudit - user=runner | ip=127.0.0.1 | op=GET_FILE_STATUS {volume=volume65627, bucket=bucket59265, key=root_dir/b/c, dataSize=0, replicationConfig=null} | ret=FAILURE
org.apache.hadoop.ozone.om.exceptions.OMException: Unable to get file status: volume: volume65627 bucket: bucket59265 key: root_dir/b/c
	at org.apache.hadoop.ozone.om.KeyManagerImpl.getOzoneFileStatus(KeyManagerImpl.java:1195) ~[ozone-manager-1.4.0-SNAPSHOT.jar:?]
	at org.apache.hadoop.ozone.om.KeyManagerImpl.getFileStatus(KeyManagerImpl.java:1113) ~[ozone-manager-1.4.0-SNAPSHOT.jar:?]
	at org.apache.hadoop.ozone.om.OmMetadataReader.getFileStatus(OmMetadataReader.java:262) ~[ozone-manager-1.4.0-SNAPSHOT.jar:?]
	at org.apache.hadoop.ozone.om.OzoneManager.getFileStatus(OzoneManager.java:3530) ~[ozone-manager-1.4.0-SNAPSHOT.jar:?]
	at org.apache.hadoop.ozone.protocolPB.OzoneManagerRequestHandler.getOzoneFileStatus(OzoneManagerRequestHandler.java:973) ~[ozone-manager-1.4.0-SNAPSHOT.jar:?]
	at org.apache.hadoop.ozone.protocolPB.OzoneManagerRequestHandler.handleReadRequest(OzoneManagerRequestHandler.java:252) ~[ozone-manager-1.4.0-SNAPSHOT.jar:?]
	at org.apache.hadoop.ozone.protocolPB.OzoneManagerProtocolServerSideTranslatorPB.submitRequestDirectlyToOM(OzoneManagerProtocolServerSideTranslatorPB.java:274) ~[ozone-manager-1.4.0-SNAPSHOT.jar:?]
	at org.apache.hadoop.ozone.protocolPB.OzoneManagerProtocolServerSideTranslatorPB.processRequest(OzoneManagerProtocolServerSideTranslatorPB.java:175) ~[ozone-manager-1.4.0-SNAPSHOT.jar:?]
	at org.apache.hadoop.hdds.server.OzoneProtocolMessageDispatcher.processRequest(OzoneProtocolMessageDispatcher.java:87) [hdds-server-framework-1.4.0-SNAPSHOT.jar:?]
	at org.apache.hadoop.ozone.protocolPB.OzoneManagerProtocolServerSideTranslatorPB.submitRequest(OzoneManagerProtocolServerSideTranslatorPB.java:148) [ozone-manager-1.4.0-SNAPSHOT.jar:?]
	at org.apache.hadoop.ozone.protocol.proto.OzoneManagerProtocolProtos$OzoneManagerService$2.callBlockingMethod(OzoneManagerProtocolProtos.java) [ozone-interface-client-1.4.0-SNAPSHOT.jar:?]
	at org.apache.hadoop.ipc.ProtobufRpcEngine$Server.processCall(ProtobufRpcEngine.java:484) [hadoop-common-3.3.6.jar:?]
	at org.apache.hadoop.ipc.ProtobufRpcEngine2$Server$ProtoBufRpcInvoker.call(ProtobufRpcEngine2.java:595) [hadoop-common-3.3.6.jar:?]
	at org.apache.hadoop.ipc.ProtobufRpcEngine2$Server$ProtoBufRpcInvoker.call(ProtobufRpcEngine2.java:573) [hadoop-common-3.3.6.jar:?]
	at org.apache.hadoop.ipc.RPC$Server.call(RPC.java:1227) [hadoop-common-3.3.6.jar:?]
	at org.apache.hadoop.ipc.Server$RpcCall.run(Server.java:1094) [hadoop-common-3.3.6.jar:?]
	at org.apache.hadoop.ipc.Server$RpcCall.run(Server.java:1017) [hadoop-common-3.3.6.jar:?]
	at java.security.AccessController.doPrivileged(Native Method) ~[?:1.8.0_382]
	at javax.security.auth.Subject.doAs(Subject.java:422) [?:1.8.0_382]
	at org.apache.hadoop.security.UserGroupInformation.doAs(UserGroupInformation.java:1899) [hadoop-common-3.3.6.jar:?]
	at org.apache.hadoop.ipc.Server$Handler.run(Server.java:3048) [hadoop-common-3.3.6.jar:?]
18:21:34.645 [IPC Server handler 14 on default port 15163] ERROR OMAudit - user=runner | ip=127.0.0.1 | op=GET_FILE_STATUS {volume=volume65627, bucket=bucket59265, key=root_dir/b, dataSize=0, replicationConfig=null} | ret=FAILURE
org.apache.hadoop.ozone.om.exceptions.OMException: Unable to get file status: volume: volume65627 bucket: bucket59265 key: root_dir/b
	at org.apache.hadoop.ozone.om.KeyManagerImpl.getOzoneFileStatus(KeyManagerImpl.java:1195) ~[ozone-manager-1.4.0-SNAPSHOT.jar:?]
	at org.apache.hadoop.ozone.om.KeyManagerImpl.getFileStatus(KeyManagerImpl.java:1113) ~[ozone-manager-1.4.0-SNAPSHOT.jar:?]
	at org.apache.hadoop.ozone.om.OmMetadataReader.getFileStatus(OmMetadataReader.java:262) ~[ozone-manager-1.4.0-SNAPSHOT.jar:?]
	at org.apache.hadoop.ozone.om.OzoneManager.getFileStatus(OzoneManager.java:3530) ~[ozone-manager-1.4.0-SNAPSHOT.jar:?]
	at org.apache.hadoop.ozone.protocolPB.OzoneManagerRequestHandler.getOzoneFileStatus(OzoneManagerRequestHandler.java:973) ~[ozone-manager-1.4.0-SNAPSHOT.jar:?]
	at org.apache.hadoop.ozone.protocolPB.OzoneManagerRequestHandler.handleReadRequest(OzoneManagerRequestHandler.java:252) ~[ozone-manager-1.4.0-SNAPSHOT.jar:?]
	at org.apache.hadoop.ozone.protocolPB.OzoneManagerProtocolServerSideTranslatorPB.submitRequestDirectlyToOM(OzoneManagerProtocolServerSideTranslatorPB.java:274) ~[ozone-manager-1.4.0-SNAPSHOT.jar:?]
	at org.apache.hadoop.ozone.protocolPB.OzoneManagerProtocolServerSideTranslatorPB.processRequest(OzoneManagerProtocolServerSideTranslatorPB.java:175) ~[ozone-manager-1.4.0-SNAPSHOT.jar:?]
	at org.apache.hadoop.hdds.server.OzoneProtocolMessageDispatcher.processRequest(OzoneProtocolMessageDispatcher.java:87) [hdds-server-framework-1.4.0-SNAPSHOT.jar:?]
	at org.apache.hadoop.ozone.protocolPB.OzoneManagerProtocolServerSideTranslatorPB.submitRequest(OzoneManagerProtocolServerSideTranslatorPB.java:148) [ozone-manager-1.4.0-SNAPSHOT.jar:?]
	at org.apache.hadoop.ozone.protocol.proto.OzoneManagerProtocolProtos$OzoneManagerService$2.callBlockingMethod(OzoneManagerProtocolProtos.java) [ozone-interface-client-1.4.0-SNAPSHOT.jar:?]
	at org.apache.hadoop.ipc.ProtobufRpcEngine$Server.processCall(ProtobufRpcEngine.java:484) [hadoop-common-3.3.6.jar:?]
	at org.apache.hadoop.ipc.ProtobufRpcEngine2$Server$ProtoBufRpcInvoker.call(ProtobufRpcEngine2.java:595) [hadoop-common-3.3.6.jar:?]
	at org.apache.hadoop.ipc.ProtobufRpcEngine2$Server$ProtoBufRpcInvoker.call(ProtobufRpcEngine2.java:573) [hadoop-common-3.3.6.jar:?]
	at org.apache.hadoop.ipc.RPC$Server.call(RPC.java:1227) [hadoop-common-3.3.6.jar:?]
	at org.apache.hadoop.ipc.Server$RpcCall.run(Server.java:1094) [hadoop-common-3.3.6.jar:?]
	at org.apache.hadoop.ipc.Server$RpcCall.run(Server.java:1017) [hadoop-common-3.3.6.jar:?]
	at java.security.AccessController.doPrivileged(Native Method) ~[?:1.8.0_382]
	at javax.security.auth.Subject.doAs(Subject.java:422) [?:1.8.0_382]
	at org.apache.hadoop.security.UserGroupInformation.doAs(UserGroupInformation.java:1899) [hadoop-common-3.3.6.jar:?]
	at org.apache.hadoop.ipc.Server$Handler.run(Server.java:3048) [hadoop-common-3.3.6.jar:?]
18:21:34.655 [IPC Server handler 17 on default port 15163] ERROR OMAudit - user=runner | ip=127.0.0.1 | op=GET_FILE_STATUS {volume=volume65627, bucket=bucket59265, key=root_dir/file1/c, dataSize=0, replicationConfig=null} | ret=FAILURE
org.apache.hadoop.ozone.om.exceptions.OMException: Unable to get file status: volume: volume65627 bucket: bucket59265 key: root_dir/file1/c
	at org.apache.hadoop.ozone.om.KeyManagerImpl.getOzoneFileStatus(KeyManagerImpl.java:1195) ~[ozone-manager-1.4.0-SNAPSHOT.jar:?]
	at org.apache.hadoop.ozone.om.KeyManagerImpl.getFileStatus(KeyManagerImpl.java:1113) ~[ozone-manager-1.4.0-SNAPSHOT.jar:?]
	at org.apache.hadoop.ozone.om.OmMetadataReader.getFileStatus(OmMetadataReader.java:262) ~[ozone-manager-1.4.0-SNAPSHOT.jar:?]
	at org.apache.hadoop.ozone.om.OzoneManager.getFileStatus(OzoneManager.java:3530) ~[ozone-manager-1.4.0-SNAPSHOT.jar:?]
	at org.apache.hadoop.ozone.protocolPB.OzoneManagerRequestHandler.getOzoneFileStatus(OzoneManagerRequestHandler.java:973) ~[ozone-manager-1.4.0-SNAPSHOT.jar:?]
	at org.apache.hadoop.ozone.protocolPB.OzoneManagerRequestHandler.handleReadRequest(OzoneManagerRequestHandler.java:252) ~[ozone-manager-1.4.0-SNAPSHOT.jar:?]
	at org.apache.hadoop.ozone.protocolPB.OzoneManagerProtocolServerSideTranslatorPB.submitRequestDirectlyToOM(OzoneManagerProtocolServerSideTranslatorPB.java:274) ~[ozone-manager-1.4.0-SNAPSHOT.jar:?]
	at org.apache.hadoop.ozone.protocolPB.OzoneManagerProtocolServerSideTranslatorPB.processRequest(OzoneManagerProtocolServerSideTranslatorPB.java:175) ~[ozone-manager-1.4.0-SNAPSHOT.jar:?]
	at org.apache.hadoop.hdds.server.OzoneProtocolMessageDispatcher.processRequest(OzoneProtocolMessageDispatcher.java:87) [hdds-server-framework-1.4.0-SNAPSHOT.jar:?]
	at org.apache.hadoop.ozone.protocolPB.OzoneManagerProtocolServerSideTranslatorPB.submitRequest(OzoneManagerProtocolServerSideTranslatorPB.java:148) [ozone-manager-1.4.0-SNAPSHOT.jar:?]
	at org.apache.hadoop.ozone.protocol.proto.OzoneManagerProtocolProtos$OzoneManagerService$2.callBlockingMethod(OzoneManagerProtocolProtos.java) [ozone-interface-client-1.4.0-SNAPSHOT.jar:?]
	at org.apache.hadoop.ipc.ProtobufRpcEngine$Server.processCall(ProtobufRpcEngine.java:484) [hadoop-common-3.3.6.jar:?]
	at org.apache.hadoop.ipc.ProtobufRpcEngine2$Server$ProtoBufRpcInvoker.call(ProtobufRpcEngine2.java:595) [hadoop-common-3.3.6.jar:?]
	at org.apache.hadoop.ipc.ProtobufRpcEngine2$Server$ProtoBufRpcInvoker.call(ProtobufRpcEngine2.java:573) [hadoop-common-3.3.6.jar:?]
	at org.apache.hadoop.ipc.RPC$Server.call(RPC.java:1227) [hadoop-common-3.3.6.jar:?]
	at org.apache.hadoop.ipc.Server$RpcCall.run(Server.java:1094) [hadoop-common-3.3.6.jar:?]
	at org.apache.hadoop.ipc.Server$RpcCall.run(Server.java:1017) [hadoop-common-3.3.6.jar:?]
	at java.security.AccessController.doPrivileged(Native Method) ~[?:1.8.0_382]
	at javax.security.auth.Subject.doAs(Subject.java:422) [?:1.8.0_382]
	at org.apache.hadoop.security.UserGroupInformation.doAs(UserGroupInformation.java:1899) [hadoop-common-3.3.6.jar:?]
	at org.apache.hadoop.ipc.Server$Handler.run(Server.java:3048) [hadoop-common-3.3.6.jar:?]
]]></system-out>
  </testcase>
  <testcase name="testCreateWithInvalidPaths" classname="TestOzoneFileSystem" time="0.01"/>
  <testcase name="testCreateWithInvalidPaths" classname="TestOzoneFileSystem" time="0.008"/>
  <testcase name="testCreateWithInvalidPaths" classname="TestOzoneFileSystem" time="0.006"/>
  <testcase name="testCreateWithInvalidPaths" classname="TestOzoneFileSystem" time="0.002"/>
  <testcase name="testListStatusOnRoot" classname="TestOzoneFileSystem" time="0.054"/>
  <testcase name="testListStatusOnRoot" classname="TestOzoneFileSystem" time="0.023"/>
  <testcase name="testListStatusOnRoot" classname="TestOzoneFileSystem" time="0.017"/>
  <testcase name="testListStatusOnRoot" classname="TestOzoneFileSystem" time="0.013"/>
  <testcase name="testRenameWithNonExistentSource" classname="TestOzoneFileSystem" time="0.039">
    <system-out><![CDATA[2023-08-31 18:17:01,833 [Time-limited test] INFO  ozone.TestOzoneFileSystem (TestOzoneFileSystem.java:testRenameWithNonExistentSource(1156)) - Created destin dir: o3fs://bucket48122.volume59479/root/dir2
2023-08-31 18:17:01,833 [Time-limited test] INFO  ozone.TestOzoneFileSystem (TestOzoneFileSystem.java:testRenameWithNonExistentSource(1158)) - Rename op-> source:o3fs://bucket48122.volume59479/root/dir1 to destin:o3fs://bucket48122.volume59479/root/dir2}
18:17:01.836 [IPC Server handler 14 on default port 15004] ERROR OMAudit - user=runner | ip=127.0.0.1 | op=GET_FILE_STATUS {volume=volume59479, bucket=bucket48122, key=root/dir1, dataSize=0, replicationConfig=null} | ret=FAILURE
org.apache.hadoop.ozone.om.exceptions.OMException: Unable to get file status: volume: volume59479 bucket: bucket48122 key: root/dir1
	at org.apache.hadoop.ozone.om.KeyManagerImpl.getOzoneFileStatus(KeyManagerImpl.java:1195) ~[ozone-manager-1.4.0-SNAPSHOT.jar:?]
	at org.apache.hadoop.ozone.om.KeyManagerImpl.getFileStatus(KeyManagerImpl.java:1113) ~[ozone-manager-1.4.0-SNAPSHOT.jar:?]
	at org.apache.hadoop.ozone.om.OmMetadataReader.getFileStatus(OmMetadataReader.java:262) ~[ozone-manager-1.4.0-SNAPSHOT.jar:?]
	at org.apache.hadoop.ozone.om.OzoneManager.getFileStatus(OzoneManager.java:3530) ~[ozone-manager-1.4.0-SNAPSHOT.jar:?]
	at org.apache.hadoop.ozone.protocolPB.OzoneManagerRequestHandler.getOzoneFileStatus(OzoneManagerRequestHandler.java:973) ~[ozone-manager-1.4.0-SNAPSHOT.jar:?]
	at org.apache.hadoop.ozone.protocolPB.OzoneManagerRequestHandler.handleReadRequest(OzoneManagerRequestHandler.java:252) ~[ozone-manager-1.4.0-SNAPSHOT.jar:?]
	at org.apache.hadoop.ozone.protocolPB.OzoneManagerProtocolServerSideTranslatorPB.submitReadRequestToOM(OzoneManagerProtocolServerSideTranslatorPB.java:225) ~[ozone-manager-1.4.0-SNAPSHOT.jar:?]
	at org.apache.hadoop.ozone.protocolPB.OzoneManagerProtocolServerSideTranslatorPB.processRequest(OzoneManagerProtocolServerSideTranslatorPB.java:179) ~[ozone-manager-1.4.0-SNAPSHOT.jar:?]
	at org.apache.hadoop.hdds.server.OzoneProtocolMessageDispatcher.processRequest(OzoneProtocolMessageDispatcher.java:87) [hdds-server-framework-1.4.0-SNAPSHOT.jar:?]
	at org.apache.hadoop.ozone.protocolPB.OzoneManagerProtocolServerSideTranslatorPB.submitRequest(OzoneManagerProtocolServerSideTranslatorPB.java:148) [ozone-manager-1.4.0-SNAPSHOT.jar:?]
	at org.apache.hadoop.ozone.protocol.proto.OzoneManagerProtocolProtos$OzoneManagerService$2.callBlockingMethod(OzoneManagerProtocolProtos.java) [ozone-interface-client-1.4.0-SNAPSHOT.jar:?]
	at org.apache.hadoop.ipc.ProtobufRpcEngine$Server.processCall(ProtobufRpcEngine.java:484) [hadoop-common-3.3.6.jar:?]
	at org.apache.hadoop.ipc.ProtobufRpcEngine2$Server$ProtoBufRpcInvoker.call(ProtobufRpcEngine2.java:595) [hadoop-common-3.3.6.jar:?]
	at org.apache.hadoop.ipc.ProtobufRpcEngine2$Server$ProtoBufRpcInvoker.call(ProtobufRpcEngine2.java:573) [hadoop-common-3.3.6.jar:?]
	at org.apache.hadoop.ipc.RPC$Server.call(RPC.java:1227) [hadoop-common-3.3.6.jar:?]
	at org.apache.hadoop.ipc.Server$RpcCall.run(Server.java:1094) [hadoop-common-3.3.6.jar:?]
	at org.apache.hadoop.ipc.Server$RpcCall.run(Server.java:1017) [hadoop-common-3.3.6.jar:?]
	at java.security.AccessController.doPrivileged(Native Method) ~[?:1.8.0_382]
	at javax.security.auth.Subject.doAs(Subject.java:422) [?:1.8.0_382]
	at org.apache.hadoop.security.UserGroupInformation.doAs(UserGroupInformation.java:1899) [hadoop-common-3.3.6.jar:?]
	at org.apache.hadoop.ipc.Server$Handler.run(Server.java:3048) [hadoop-common-3.3.6.jar:?]
]]></system-out>
  </testcase>
  <testcase name="testRenameWithNonExistentSource" classname="TestOzoneFileSystem" time="0.019">
    <system-out><![CDATA[2023-08-31 18:18:47,173 [Time-limited test] INFO  ozone.TestOzoneFileSystem (TestOzoneFileSystem.java:testRenameWithNonExistentSource(1156)) - Created destin dir: o3fs://bucket38025.volume38115/root/dir2
2023-08-31 18:18:47,174 [Time-limited test] INFO  ozone.TestOzoneFileSystem (TestOzoneFileSystem.java:testRenameWithNonExistentSource(1158)) - Rename op-> source:o3fs://bucket38025.volume38115/root/dir1 to destin:o3fs://bucket38025.volume38115/root/dir2}
18:18:47.175 [IPC Server handler 4 on default port 15057] ERROR OMAudit - user=runner | ip=127.0.0.1 | op=GET_FILE_STATUS {volume=volume38115, bucket=bucket38025, key=root/dir1, dataSize=0, replicationConfig=null} | ret=FAILURE
org.apache.hadoop.ozone.om.exceptions.OMException: Unable to get file status: volume: volume38115 bucket: bucket38025 key: root/dir1
	at org.apache.hadoop.ozone.om.KeyManagerImpl.getOzoneFileStatus(KeyManagerImpl.java:1195) ~[ozone-manager-1.4.0-SNAPSHOT.jar:?]
	at org.apache.hadoop.ozone.om.KeyManagerImpl.getFileStatus(KeyManagerImpl.java:1113) ~[ozone-manager-1.4.0-SNAPSHOT.jar:?]
	at org.apache.hadoop.ozone.om.OmMetadataReader.getFileStatus(OmMetadataReader.java:262) ~[ozone-manager-1.4.0-SNAPSHOT.jar:?]
	at org.apache.hadoop.ozone.om.OzoneManager.getFileStatus(OzoneManager.java:3530) ~[ozone-manager-1.4.0-SNAPSHOT.jar:?]
	at org.apache.hadoop.ozone.protocolPB.OzoneManagerRequestHandler.getOzoneFileStatus(OzoneManagerRequestHandler.java:973) ~[ozone-manager-1.4.0-SNAPSHOT.jar:?]
	at org.apache.hadoop.ozone.protocolPB.OzoneManagerRequestHandler.handleReadRequest(OzoneManagerRequestHandler.java:252) ~[ozone-manager-1.4.0-SNAPSHOT.jar:?]
	at org.apache.hadoop.ozone.protocolPB.OzoneManagerProtocolServerSideTranslatorPB.submitRequestDirectlyToOM(OzoneManagerProtocolServerSideTranslatorPB.java:274) ~[ozone-manager-1.4.0-SNAPSHOT.jar:?]
	at org.apache.hadoop.ozone.protocolPB.OzoneManagerProtocolServerSideTranslatorPB.processRequest(OzoneManagerProtocolServerSideTranslatorPB.java:175) ~[ozone-manager-1.4.0-SNAPSHOT.jar:?]
	at org.apache.hadoop.hdds.server.OzoneProtocolMessageDispatcher.processRequest(OzoneProtocolMessageDispatcher.java:87) [hdds-server-framework-1.4.0-SNAPSHOT.jar:?]
	at org.apache.hadoop.ozone.protocolPB.OzoneManagerProtocolServerSideTranslatorPB.submitRequest(OzoneManagerProtocolServerSideTranslatorPB.java:148) [ozone-manager-1.4.0-SNAPSHOT.jar:?]
	at org.apache.hadoop.ozone.protocol.proto.OzoneManagerProtocolProtos$OzoneManagerService$2.callBlockingMethod(OzoneManagerProtocolProtos.java) [ozone-interface-client-1.4.0-SNAPSHOT.jar:?]
	at org.apache.hadoop.ipc.ProtobufRpcEngine$Server.processCall(ProtobufRpcEngine.java:484) [hadoop-common-3.3.6.jar:?]
	at org.apache.hadoop.ipc.ProtobufRpcEngine2$Server$ProtoBufRpcInvoker.call(ProtobufRpcEngine2.java:595) [hadoop-common-3.3.6.jar:?]
	at org.apache.hadoop.ipc.ProtobufRpcEngine2$Server$ProtoBufRpcInvoker.call(ProtobufRpcEngine2.java:573) [hadoop-common-3.3.6.jar:?]
	at org.apache.hadoop.ipc.RPC$Server.call(RPC.java:1227) [hadoop-common-3.3.6.jar:?]
	at org.apache.hadoop.ipc.Server$RpcCall.run(Server.java:1094) [hadoop-common-3.3.6.jar:?]
	at org.apache.hadoop.ipc.Server$RpcCall.run(Server.java:1017) [hadoop-common-3.3.6.jar:?]
	at java.security.AccessController.doPrivileged(Native Method) ~[?:1.8.0_382]
	at javax.security.auth.Subject.doAs(Subject.java:422) [?:1.8.0_382]
	at org.apache.hadoop.security.UserGroupInformation.doAs(UserGroupInformation.java:1899) [hadoop-common-3.3.6.jar:?]
	at org.apache.hadoop.ipc.Server$Handler.run(Server.java:3048) [hadoop-common-3.3.6.jar:?]
]]></system-out>
  </testcase>
  <testcase name="testRenameWithNonExistentSource" classname="TestOzoneFileSystem" time="0.012">
    <system-out><![CDATA[2023-08-31 18:20:06,186 [Time-limited test] INFO  ozone.TestOzoneFileSystem (TestOzoneFileSystem.java:testRenameWithNonExistentSource(1156)) - Created destin dir: o3fs://bucket64934.volume40966/root/dir2
2023-08-31 18:20:06,187 [Time-limited test] INFO  ozone.TestOzoneFileSystem (TestOzoneFileSystem.java:testRenameWithNonExistentSource(1158)) - Rename op-> source:o3fs://bucket64934.volume40966/root/dir1 to destin:o3fs://bucket64934.volume40966/root/dir2}
18:20:06.187 [IPC Server handler 0 on default port 15110] ERROR OMAudit - user=runner | ip=127.0.0.1 | op=GET_FILE_STATUS {volume=volume40966, bucket=bucket64934, key=root/dir1, dataSize=0, replicationConfig=null} | ret=FAILURE
org.apache.hadoop.ozone.om.exceptions.OMException: Unable to get file status: volume: volume40966 bucket: bucket64934 key: root/dir1
	at org.apache.hadoop.ozone.om.KeyManagerImpl.getOzoneFileStatus(KeyManagerImpl.java:1195) ~[ozone-manager-1.4.0-SNAPSHOT.jar:?]
	at org.apache.hadoop.ozone.om.KeyManagerImpl.getFileStatus(KeyManagerImpl.java:1113) ~[ozone-manager-1.4.0-SNAPSHOT.jar:?]
	at org.apache.hadoop.ozone.om.OmMetadataReader.getFileStatus(OmMetadataReader.java:262) ~[ozone-manager-1.4.0-SNAPSHOT.jar:?]
	at org.apache.hadoop.ozone.om.OzoneManager.getFileStatus(OzoneManager.java:3530) ~[ozone-manager-1.4.0-SNAPSHOT.jar:?]
	at org.apache.hadoop.ozone.protocolPB.OzoneManagerRequestHandler.getOzoneFileStatus(OzoneManagerRequestHandler.java:973) ~[ozone-manager-1.4.0-SNAPSHOT.jar:?]
	at org.apache.hadoop.ozone.protocolPB.OzoneManagerRequestHandler.handleReadRequest(OzoneManagerRequestHandler.java:252) ~[ozone-manager-1.4.0-SNAPSHOT.jar:?]
	at org.apache.hadoop.ozone.protocolPB.OzoneManagerProtocolServerSideTranslatorPB.submitReadRequestToOM(OzoneManagerProtocolServerSideTranslatorPB.java:225) ~[ozone-manager-1.4.0-SNAPSHOT.jar:?]
	at org.apache.hadoop.ozone.protocolPB.OzoneManagerProtocolServerSideTranslatorPB.processRequest(OzoneManagerProtocolServerSideTranslatorPB.java:179) ~[ozone-manager-1.4.0-SNAPSHOT.jar:?]
	at org.apache.hadoop.hdds.server.OzoneProtocolMessageDispatcher.processRequest(OzoneProtocolMessageDispatcher.java:87) [hdds-server-framework-1.4.0-SNAPSHOT.jar:?]
	at org.apache.hadoop.ozone.protocolPB.OzoneManagerProtocolServerSideTranslatorPB.submitRequest(OzoneManagerProtocolServerSideTranslatorPB.java:148) [ozone-manager-1.4.0-SNAPSHOT.jar:?]
	at org.apache.hadoop.ozone.protocol.proto.OzoneManagerProtocolProtos$OzoneManagerService$2.callBlockingMethod(OzoneManagerProtocolProtos.java) [ozone-interface-client-1.4.0-SNAPSHOT.jar:?]
	at org.apache.hadoop.ipc.ProtobufRpcEngine$Server.processCall(ProtobufRpcEngine.java:484) [hadoop-common-3.3.6.jar:?]
	at org.apache.hadoop.ipc.ProtobufRpcEngine2$Server$ProtoBufRpcInvoker.call(ProtobufRpcEngine2.java:595) [hadoop-common-3.3.6.jar:?]
	at org.apache.hadoop.ipc.ProtobufRpcEngine2$Server$ProtoBufRpcInvoker.call(ProtobufRpcEngine2.java:573) [hadoop-common-3.3.6.jar:?]
	at org.apache.hadoop.ipc.RPC$Server.call(RPC.java:1227) [hadoop-common-3.3.6.jar:?]
	at org.apache.hadoop.ipc.Server$RpcCall.run(Server.java:1094) [hadoop-common-3.3.6.jar:?]
	at org.apache.hadoop.ipc.Server$RpcCall.run(Server.java:1017) [hadoop-common-3.3.6.jar:?]
	at java.security.AccessController.doPrivileged(Native Method) ~[?:1.8.0_382]
	at javax.security.auth.Subject.doAs(Subject.java:422) [?:1.8.0_382]
	at org.apache.hadoop.security.UserGroupInformation.doAs(UserGroupInformation.java:1899) [hadoop-common-3.3.6.jar:?]
	at org.apache.hadoop.ipc.Server$Handler.run(Server.java:3048) [hadoop-common-3.3.6.jar:?]
]]></system-out>
  </testcase>
  <testcase name="testRenameWithNonExistentSource" classname="TestOzoneFileSystem" time="0.01">
    <system-out><![CDATA[2023-08-31 18:21:34,679 [Time-limited test] INFO  ozone.TestOzoneFileSystem (TestOzoneFileSystem.java:testRenameWithNonExistentSource(1156)) - Created destin dir: o3fs://bucket59265.volume65627/root/dir2
2023-08-31 18:21:34,679 [Time-limited test] INFO  ozone.TestOzoneFileSystem (TestOzoneFileSystem.java:testRenameWithNonExistentSource(1158)) - Rename op-> source:o3fs://bucket59265.volume65627/root/dir1 to destin:o3fs://bucket59265.volume65627/root/dir2}
18:21:34.680 [IPC Server handler 5 on default port 15163] ERROR OMAudit - user=runner | ip=127.0.0.1 | op=GET_FILE_STATUS {volume=volume65627, bucket=bucket59265, key=root/dir1, dataSize=0, replicationConfig=null} | ret=FAILURE
org.apache.hadoop.ozone.om.exceptions.OMException: Unable to get file status: volume: volume65627 bucket: bucket59265 key: root/dir1
	at org.apache.hadoop.ozone.om.KeyManagerImpl.getOzoneFileStatus(KeyManagerImpl.java:1195) ~[ozone-manager-1.4.0-SNAPSHOT.jar:?]
	at org.apache.hadoop.ozone.om.KeyManagerImpl.getFileStatus(KeyManagerImpl.java:1113) ~[ozone-manager-1.4.0-SNAPSHOT.jar:?]
	at org.apache.hadoop.ozone.om.OmMetadataReader.getFileStatus(OmMetadataReader.java:262) ~[ozone-manager-1.4.0-SNAPSHOT.jar:?]
	at org.apache.hadoop.ozone.om.OzoneManager.getFileStatus(OzoneManager.java:3530) ~[ozone-manager-1.4.0-SNAPSHOT.jar:?]
	at org.apache.hadoop.ozone.protocolPB.OzoneManagerRequestHandler.getOzoneFileStatus(OzoneManagerRequestHandler.java:973) ~[ozone-manager-1.4.0-SNAPSHOT.jar:?]
	at org.apache.hadoop.ozone.protocolPB.OzoneManagerRequestHandler.handleReadRequest(OzoneManagerRequestHandler.java:252) ~[ozone-manager-1.4.0-SNAPSHOT.jar:?]
	at org.apache.hadoop.ozone.protocolPB.OzoneManagerProtocolServerSideTranslatorPB.submitRequestDirectlyToOM(OzoneManagerProtocolServerSideTranslatorPB.java:274) ~[ozone-manager-1.4.0-SNAPSHOT.jar:?]
	at org.apache.hadoop.ozone.protocolPB.OzoneManagerProtocolServerSideTranslatorPB.processRequest(OzoneManagerProtocolServerSideTranslatorPB.java:175) ~[ozone-manager-1.4.0-SNAPSHOT.jar:?]
	at org.apache.hadoop.hdds.server.OzoneProtocolMessageDispatcher.processRequest(OzoneProtocolMessageDispatcher.java:87) [hdds-server-framework-1.4.0-SNAPSHOT.jar:?]
	at org.apache.hadoop.ozone.protocolPB.OzoneManagerProtocolServerSideTranslatorPB.submitRequest(OzoneManagerProtocolServerSideTranslatorPB.java:148) [ozone-manager-1.4.0-SNAPSHOT.jar:?]
	at org.apache.hadoop.ozone.protocol.proto.OzoneManagerProtocolProtos$OzoneManagerService$2.callBlockingMethod(OzoneManagerProtocolProtos.java) [ozone-interface-client-1.4.0-SNAPSHOT.jar:?]
	at org.apache.hadoop.ipc.ProtobufRpcEngine$Server.processCall(ProtobufRpcEngine.java:484) [hadoop-common-3.3.6.jar:?]
	at org.apache.hadoop.ipc.ProtobufRpcEngine2$Server$ProtoBufRpcInvoker.call(ProtobufRpcEngine2.java:595) [hadoop-common-3.3.6.jar:?]
	at org.apache.hadoop.ipc.ProtobufRpcEngine2$Server$ProtoBufRpcInvoker.call(ProtobufRpcEngine2.java:573) [hadoop-common-3.3.6.jar:?]
	at org.apache.hadoop.ipc.RPC$Server.call(RPC.java:1227) [hadoop-common-3.3.6.jar:?]
	at org.apache.hadoop.ipc.Server$RpcCall.run(Server.java:1094) [hadoop-common-3.3.6.jar:?]
	at org.apache.hadoop.ipc.Server$RpcCall.run(Server.java:1017) [hadoop-common-3.3.6.jar:?]
	at java.security.AccessController.doPrivileged(Native Method) ~[?:1.8.0_382]
	at javax.security.auth.Subject.doAs(Subject.java:422) [?:1.8.0_382]
	at org.apache.hadoop.security.UserGroupInformation.doAs(UserGroupInformation.java:1899) [hadoop-common-3.3.6.jar:?]
	at org.apache.hadoop.ipc.Server$Handler.run(Server.java:3048) [hadoop-common-3.3.6.jar:?]
]]></system-out>
  </testcase>
  <testcase name="testRenameToParentDir" classname="TestOzoneFileSystem" time="0.113">
    <system-out><![CDATA[18:17:01.897 [IPC Server handler 3 on default port 15004] ERROR OMAudit - user=runner | ip=127.0.0.1 | op=LIST_STATUS {volume=volume59479, bucket=bucket48122, key=root_dir/dir2, dataSize=0, replicationConfig=null} | ret=FAILURE
org.apache.hadoop.ozone.om.exceptions.OMException: Unable to get file status: volume: volume59479 bucket: bucket48122 key: root_dir/dir2
	at org.apache.hadoop.ozone.om.KeyManagerImpl.getOzoneFileStatus(KeyManagerImpl.java:1195) ~[ozone-manager-1.4.0-SNAPSHOT.jar:?]
	at org.apache.hadoop.ozone.om.KeyManagerImpl.getFileStatus(KeyManagerImpl.java:1113) ~[ozone-manager-1.4.0-SNAPSHOT.jar:?]
	at org.apache.hadoop.ozone.om.KeyManagerImpl.listStatus(KeyManagerImpl.java:1505) ~[ozone-manager-1.4.0-SNAPSHOT.jar:?]
	at org.apache.hadoop.ozone.om.OmMetadataReader.listStatus(OmMetadataReader.java:235) ~[ozone-manager-1.4.0-SNAPSHOT.jar:?]
	at org.apache.hadoop.ozone.om.OzoneManager.listStatus(OzoneManager.java:3560) ~[ozone-manager-1.4.0-SNAPSHOT.jar:?]
	at org.apache.hadoop.ozone.protocolPB.OzoneManagerRequestHandler.listStatus(OzoneManagerRequestHandler.java:1145) ~[ozone-manager-1.4.0-SNAPSHOT.jar:?]
	at org.apache.hadoop.ozone.protocolPB.OzoneManagerRequestHandler.handleReadRequest(OzoneManagerRequestHandler.java:263) ~[ozone-manager-1.4.0-SNAPSHOT.jar:?]
	at org.apache.hadoop.ozone.protocolPB.OzoneManagerProtocolServerSideTranslatorPB.submitReadRequestToOM(OzoneManagerProtocolServerSideTranslatorPB.java:225) ~[ozone-manager-1.4.0-SNAPSHOT.jar:?]
	at org.apache.hadoop.ozone.protocolPB.OzoneManagerProtocolServerSideTranslatorPB.processRequest(OzoneManagerProtocolServerSideTranslatorPB.java:179) ~[ozone-manager-1.4.0-SNAPSHOT.jar:?]
	at org.apache.hadoop.hdds.server.OzoneProtocolMessageDispatcher.processRequest(OzoneProtocolMessageDispatcher.java:87) [hdds-server-framework-1.4.0-SNAPSHOT.jar:?]
	at org.apache.hadoop.ozone.protocolPB.OzoneManagerProtocolServerSideTranslatorPB.submitRequest(OzoneManagerProtocolServerSideTranslatorPB.java:148) [ozone-manager-1.4.0-SNAPSHOT.jar:?]
	at org.apache.hadoop.ozone.protocol.proto.OzoneManagerProtocolProtos$OzoneManagerService$2.callBlockingMethod(OzoneManagerProtocolProtos.java) [ozone-interface-client-1.4.0-SNAPSHOT.jar:?]
	at org.apache.hadoop.ipc.ProtobufRpcEngine$Server.processCall(ProtobufRpcEngine.java:484) [hadoop-common-3.3.6.jar:?]
	at org.apache.hadoop.ipc.ProtobufRpcEngine2$Server$ProtoBufRpcInvoker.call(ProtobufRpcEngine2.java:595) [hadoop-common-3.3.6.jar:?]
	at org.apache.hadoop.ipc.ProtobufRpcEngine2$Server$ProtoBufRpcInvoker.call(ProtobufRpcEngine2.java:573) [hadoop-common-3.3.6.jar:?]
	at org.apache.hadoop.ipc.RPC$Server.call(RPC.java:1227) [hadoop-common-3.3.6.jar:?]
	at org.apache.hadoop.ipc.Server$RpcCall.run(Server.java:1094) [hadoop-common-3.3.6.jar:?]
	at org.apache.hadoop.ipc.Server$RpcCall.run(Server.java:1017) [hadoop-common-3.3.6.jar:?]
	at java.security.AccessController.doPrivileged(Native Method) ~[?:1.8.0_382]
	at javax.security.auth.Subject.doAs(Subject.java:422) [?:1.8.0_382]
	at org.apache.hadoop.security.UserGroupInformation.doAs(UserGroupInformation.java:1899) [hadoop-common-3.3.6.jar:?]
	at org.apache.hadoop.ipc.Server$Handler.run(Server.java:3048) [hadoop-common-3.3.6.jar:?]
18:17:01.929 [IPC Server handler 16 on default port 15004] ERROR OMAudit - user=runner | ip=127.0.0.1 | op=LIST_STATUS {volume=volume59479, bucket=bucket48122, key=root_dir/file2, dataSize=0, replicationConfig=null} | ret=FAILURE
org.apache.hadoop.ozone.om.exceptions.OMException: Unable to get file status: volume: volume59479 bucket: bucket48122 key: root_dir/file2
	at org.apache.hadoop.ozone.om.KeyManagerImpl.getOzoneFileStatus(KeyManagerImpl.java:1195) ~[ozone-manager-1.4.0-SNAPSHOT.jar:?]
	at org.apache.hadoop.ozone.om.KeyManagerImpl.getFileStatus(KeyManagerImpl.java:1113) ~[ozone-manager-1.4.0-SNAPSHOT.jar:?]
	at org.apache.hadoop.ozone.om.KeyManagerImpl.listStatus(KeyManagerImpl.java:1505) ~[ozone-manager-1.4.0-SNAPSHOT.jar:?]
	at org.apache.hadoop.ozone.om.OmMetadataReader.listStatus(OmMetadataReader.java:235) ~[ozone-manager-1.4.0-SNAPSHOT.jar:?]
	at org.apache.hadoop.ozone.om.OzoneManager.listStatus(OzoneManager.java:3560) ~[ozone-manager-1.4.0-SNAPSHOT.jar:?]
	at org.apache.hadoop.ozone.protocolPB.OzoneManagerRequestHandler.listStatus(OzoneManagerRequestHandler.java:1145) ~[ozone-manager-1.4.0-SNAPSHOT.jar:?]
	at org.apache.hadoop.ozone.protocolPB.OzoneManagerRequestHandler.handleReadRequest(OzoneManagerRequestHandler.java:263) ~[ozone-manager-1.4.0-SNAPSHOT.jar:?]
	at org.apache.hadoop.ozone.protocolPB.OzoneManagerProtocolServerSideTranslatorPB.submitReadRequestToOM(OzoneManagerProtocolServerSideTranslatorPB.java:225) ~[ozone-manager-1.4.0-SNAPSHOT.jar:?]
	at org.apache.hadoop.ozone.protocolPB.OzoneManagerProtocolServerSideTranslatorPB.processRequest(OzoneManagerProtocolServerSideTranslatorPB.java:179) ~[ozone-manager-1.4.0-SNAPSHOT.jar:?]
	at org.apache.hadoop.hdds.server.OzoneProtocolMessageDispatcher.processRequest(OzoneProtocolMessageDispatcher.java:87) [hdds-server-framework-1.4.0-SNAPSHOT.jar:?]
	at org.apache.hadoop.ozone.protocolPB.OzoneManagerProtocolServerSideTranslatorPB.submitRequest(OzoneManagerProtocolServerSideTranslatorPB.java:148) [ozone-manager-1.4.0-SNAPSHOT.jar:?]
	at org.apache.hadoop.ozone.protocol.proto.OzoneManagerProtocolProtos$OzoneManagerService$2.callBlockingMethod(OzoneManagerProtocolProtos.java) [ozone-interface-client-1.4.0-SNAPSHOT.jar:?]
	at org.apache.hadoop.ipc.ProtobufRpcEngine$Server.processCall(ProtobufRpcEngine.java:484) [hadoop-common-3.3.6.jar:?]
	at org.apache.hadoop.ipc.ProtobufRpcEngine2$Server$ProtoBufRpcInvoker.call(ProtobufRpcEngine2.java:595) [hadoop-common-3.3.6.jar:?]
	at org.apache.hadoop.ipc.ProtobufRpcEngine2$Server$ProtoBufRpcInvoker.call(ProtobufRpcEngine2.java:573) [hadoop-common-3.3.6.jar:?]
	at org.apache.hadoop.ipc.RPC$Server.call(RPC.java:1227) [hadoop-common-3.3.6.jar:?]
	at org.apache.hadoop.ipc.Server$RpcCall.run(Server.java:1094) [hadoop-common-3.3.6.jar:?]
	at org.apache.hadoop.ipc.Server$RpcCall.run(Server.java:1017) [hadoop-common-3.3.6.jar:?]
	at java.security.AccessController.doPrivileged(Native Method) ~[?:1.8.0_382]
	at javax.security.auth.Subject.doAs(Subject.java:422) [?:1.8.0_382]
	at org.apache.hadoop.security.UserGroupInformation.doAs(UserGroupInformation.java:1899) [hadoop-common-3.3.6.jar:?]
	at org.apache.hadoop.ipc.Server$Handler.run(Server.java:3048) [hadoop-common-3.3.6.jar:?]
]]></system-out>
  </testcase>
  <testcase name="testRenameToParentDir" classname="TestOzoneFileSystem" time="0.036">
    <system-out><![CDATA[18:18:47.198 [IPC Server handler 17 on default port 15057] ERROR OMAudit - user=runner | ip=127.0.0.1 | op=LIST_STATUS {volume=volume38115, bucket=bucket38025, key=root_dir/dir2, dataSize=0, replicationConfig=null} | ret=FAILURE
org.apache.hadoop.ozone.om.exceptions.OMException: Unable to get file status: volume: volume38115 bucket: bucket38025 key: root_dir/dir2
	at org.apache.hadoop.ozone.om.KeyManagerImpl.getOzoneFileStatus(KeyManagerImpl.java:1195) ~[ozone-manager-1.4.0-SNAPSHOT.jar:?]
	at org.apache.hadoop.ozone.om.KeyManagerImpl.getFileStatus(KeyManagerImpl.java:1113) ~[ozone-manager-1.4.0-SNAPSHOT.jar:?]
	at org.apache.hadoop.ozone.om.KeyManagerImpl.listStatus(KeyManagerImpl.java:1505) ~[ozone-manager-1.4.0-SNAPSHOT.jar:?]
	at org.apache.hadoop.ozone.om.OmMetadataReader.listStatus(OmMetadataReader.java:235) ~[ozone-manager-1.4.0-SNAPSHOT.jar:?]
	at org.apache.hadoop.ozone.om.OzoneManager.listStatus(OzoneManager.java:3560) ~[ozone-manager-1.4.0-SNAPSHOT.jar:?]
	at org.apache.hadoop.ozone.protocolPB.OzoneManagerRequestHandler.listStatus(OzoneManagerRequestHandler.java:1145) ~[ozone-manager-1.4.0-SNAPSHOT.jar:?]
	at org.apache.hadoop.ozone.protocolPB.OzoneManagerRequestHandler.handleReadRequest(OzoneManagerRequestHandler.java:263) ~[ozone-manager-1.4.0-SNAPSHOT.jar:?]
	at org.apache.hadoop.ozone.protocolPB.OzoneManagerProtocolServerSideTranslatorPB.submitRequestDirectlyToOM(OzoneManagerProtocolServerSideTranslatorPB.java:274) ~[ozone-manager-1.4.0-SNAPSHOT.jar:?]
	at org.apache.hadoop.ozone.protocolPB.OzoneManagerProtocolServerSideTranslatorPB.processRequest(OzoneManagerProtocolServerSideTranslatorPB.java:175) ~[ozone-manager-1.4.0-SNAPSHOT.jar:?]
	at org.apache.hadoop.hdds.server.OzoneProtocolMessageDispatcher.processRequest(OzoneProtocolMessageDispatcher.java:87) [hdds-server-framework-1.4.0-SNAPSHOT.jar:?]
	at org.apache.hadoop.ozone.protocolPB.OzoneManagerProtocolServerSideTranslatorPB.submitRequest(OzoneManagerProtocolServerSideTranslatorPB.java:148) [ozone-manager-1.4.0-SNAPSHOT.jar:?]
	at org.apache.hadoop.ozone.protocol.proto.OzoneManagerProtocolProtos$OzoneManagerService$2.callBlockingMethod(OzoneManagerProtocolProtos.java) [ozone-interface-client-1.4.0-SNAPSHOT.jar:?]
	at org.apache.hadoop.ipc.ProtobufRpcEngine$Server.processCall(ProtobufRpcEngine.java:484) [hadoop-common-3.3.6.jar:?]
	at org.apache.hadoop.ipc.ProtobufRpcEngine2$Server$ProtoBufRpcInvoker.call(ProtobufRpcEngine2.java:595) [hadoop-common-3.3.6.jar:?]
	at org.apache.hadoop.ipc.ProtobufRpcEngine2$Server$ProtoBufRpcInvoker.call(ProtobufRpcEngine2.java:573) [hadoop-common-3.3.6.jar:?]
	at org.apache.hadoop.ipc.RPC$Server.call(RPC.java:1227) [hadoop-common-3.3.6.jar:?]
	at org.apache.hadoop.ipc.Server$RpcCall.run(Server.java:1094) [hadoop-common-3.3.6.jar:?]
	at org.apache.hadoop.ipc.Server$RpcCall.run(Server.java:1017) [hadoop-common-3.3.6.jar:?]
	at java.security.AccessController.doPrivileged(Native Method) ~[?:1.8.0_382]
	at javax.security.auth.Subject.doAs(Subject.java:422) [?:1.8.0_382]
	at org.apache.hadoop.security.UserGroupInformation.doAs(UserGroupInformation.java:1899) [hadoop-common-3.3.6.jar:?]
	at org.apache.hadoop.ipc.Server$Handler.run(Server.java:3048) [hadoop-common-3.3.6.jar:?]
18:18:47.207 [IPC Server handler 7 on default port 15057] ERROR OMAudit - user=runner | ip=127.0.0.1 | op=LIST_STATUS {volume=volume38115, bucket=bucket38025, key=root_dir/file2, dataSize=0, replicationConfig=null} | ret=FAILURE
org.apache.hadoop.ozone.om.exceptions.OMException: Unable to get file status: volume: volume38115 bucket: bucket38025 key: root_dir/file2
	at org.apache.hadoop.ozone.om.KeyManagerImpl.getOzoneFileStatus(KeyManagerImpl.java:1195) ~[ozone-manager-1.4.0-SNAPSHOT.jar:?]
	at org.apache.hadoop.ozone.om.KeyManagerImpl.getFileStatus(KeyManagerImpl.java:1113) ~[ozone-manager-1.4.0-SNAPSHOT.jar:?]
	at org.apache.hadoop.ozone.om.KeyManagerImpl.listStatus(KeyManagerImpl.java:1505) ~[ozone-manager-1.4.0-SNAPSHOT.jar:?]
	at org.apache.hadoop.ozone.om.OmMetadataReader.listStatus(OmMetadataReader.java:235) ~[ozone-manager-1.4.0-SNAPSHOT.jar:?]
	at org.apache.hadoop.ozone.om.OzoneManager.listStatus(OzoneManager.java:3560) ~[ozone-manager-1.4.0-SNAPSHOT.jar:?]
	at org.apache.hadoop.ozone.protocolPB.OzoneManagerRequestHandler.listStatus(OzoneManagerRequestHandler.java:1145) ~[ozone-manager-1.4.0-SNAPSHOT.jar:?]
	at org.apache.hadoop.ozone.protocolPB.OzoneManagerRequestHandler.handleReadRequest(OzoneManagerRequestHandler.java:263) ~[ozone-manager-1.4.0-SNAPSHOT.jar:?]
	at org.apache.hadoop.ozone.protocolPB.OzoneManagerProtocolServerSideTranslatorPB.submitRequestDirectlyToOM(OzoneManagerProtocolServerSideTranslatorPB.java:274) ~[ozone-manager-1.4.0-SNAPSHOT.jar:?]
	at org.apache.hadoop.ozone.protocolPB.OzoneManagerProtocolServerSideTranslatorPB.processRequest(OzoneManagerProtocolServerSideTranslatorPB.java:175) ~[ozone-manager-1.4.0-SNAPSHOT.jar:?]
	at org.apache.hadoop.hdds.server.OzoneProtocolMessageDispatcher.processRequest(OzoneProtocolMessageDispatcher.java:87) [hdds-server-framework-1.4.0-SNAPSHOT.jar:?]
	at org.apache.hadoop.ozone.protocolPB.OzoneManagerProtocolServerSideTranslatorPB.submitRequest(OzoneManagerProtocolServerSideTranslatorPB.java:148) [ozone-manager-1.4.0-SNAPSHOT.jar:?]
	at org.apache.hadoop.ozone.protocol.proto.OzoneManagerProtocolProtos$OzoneManagerService$2.callBlockingMethod(OzoneManagerProtocolProtos.java) [ozone-interface-client-1.4.0-SNAPSHOT.jar:?]
	at org.apache.hadoop.ipc.ProtobufRpcEngine$Server.processCall(ProtobufRpcEngine.java:484) [hadoop-common-3.3.6.jar:?]
	at org.apache.hadoop.ipc.ProtobufRpcEngine2$Server$ProtoBufRpcInvoker.call(ProtobufRpcEngine2.java:595) [hadoop-common-3.3.6.jar:?]
	at org.apache.hadoop.ipc.ProtobufRpcEngine2$Server$ProtoBufRpcInvoker.call(ProtobufRpcEngine2.java:573) [hadoop-common-3.3.6.jar:?]
	at org.apache.hadoop.ipc.RPC$Server.call(RPC.java:1227) [hadoop-common-3.3.6.jar:?]
	at org.apache.hadoop.ipc.Server$RpcCall.run(Server.java:1094) [hadoop-common-3.3.6.jar:?]
	at org.apache.hadoop.ipc.Server$RpcCall.run(Server.java:1017) [hadoop-common-3.3.6.jar:?]
	at java.security.AccessController.doPrivileged(Native Method) ~[?:1.8.0_382]
	at javax.security.auth.Subject.doAs(Subject.java:422) [?:1.8.0_382]
	at org.apache.hadoop.security.UserGroupInformation.doAs(UserGroupInformation.java:1899) [hadoop-common-3.3.6.jar:?]
	at org.apache.hadoop.ipc.Server$Handler.run(Server.java:3048) [hadoop-common-3.3.6.jar:?]
]]></system-out>
  </testcase>
  <testcase name="testRenameToParentDir" classname="TestOzoneFileSystem" time="0.035">
    <system-out><![CDATA[18:20:06.211 [IPC Server handler 13 on default port 15110] ERROR OMAudit - user=runner | ip=127.0.0.1 | op=LIST_STATUS {volume=volume40966, bucket=bucket64934, key=root_dir/dir2, dataSize=0, replicationConfig=null} | ret=FAILURE
org.apache.hadoop.ozone.om.exceptions.OMException: Unable to get file status: volume: volume40966 bucket: bucket64934 key: root_dir/dir2
	at org.apache.hadoop.ozone.om.KeyManagerImpl.getOzoneFileStatus(KeyManagerImpl.java:1195) ~[ozone-manager-1.4.0-SNAPSHOT.jar:?]
	at org.apache.hadoop.ozone.om.KeyManagerImpl.getFileStatus(KeyManagerImpl.java:1113) ~[ozone-manager-1.4.0-SNAPSHOT.jar:?]
	at org.apache.hadoop.ozone.om.KeyManagerImpl.listStatus(KeyManagerImpl.java:1505) ~[ozone-manager-1.4.0-SNAPSHOT.jar:?]
	at org.apache.hadoop.ozone.om.OmMetadataReader.listStatus(OmMetadataReader.java:235) ~[ozone-manager-1.4.0-SNAPSHOT.jar:?]
	at org.apache.hadoop.ozone.om.OzoneManager.listStatus(OzoneManager.java:3560) ~[ozone-manager-1.4.0-SNAPSHOT.jar:?]
	at org.apache.hadoop.ozone.protocolPB.OzoneManagerRequestHandler.listStatus(OzoneManagerRequestHandler.java:1145) ~[ozone-manager-1.4.0-SNAPSHOT.jar:?]
	at org.apache.hadoop.ozone.protocolPB.OzoneManagerRequestHandler.handleReadRequest(OzoneManagerRequestHandler.java:263) ~[ozone-manager-1.4.0-SNAPSHOT.jar:?]
	at org.apache.hadoop.ozone.protocolPB.OzoneManagerProtocolServerSideTranslatorPB.submitReadRequestToOM(OzoneManagerProtocolServerSideTranslatorPB.java:225) ~[ozone-manager-1.4.0-SNAPSHOT.jar:?]
	at org.apache.hadoop.ozone.protocolPB.OzoneManagerProtocolServerSideTranslatorPB.processRequest(OzoneManagerProtocolServerSideTranslatorPB.java:179) ~[ozone-manager-1.4.0-SNAPSHOT.jar:?]
	at org.apache.hadoop.hdds.server.OzoneProtocolMessageDispatcher.processRequest(OzoneProtocolMessageDispatcher.java:87) [hdds-server-framework-1.4.0-SNAPSHOT.jar:?]
	at org.apache.hadoop.ozone.protocolPB.OzoneManagerProtocolServerSideTranslatorPB.submitRequest(OzoneManagerProtocolServerSideTranslatorPB.java:148) [ozone-manager-1.4.0-SNAPSHOT.jar:?]
	at org.apache.hadoop.ozone.protocol.proto.OzoneManagerProtocolProtos$OzoneManagerService$2.callBlockingMethod(OzoneManagerProtocolProtos.java) [ozone-interface-client-1.4.0-SNAPSHOT.jar:?]
	at org.apache.hadoop.ipc.ProtobufRpcEngine$Server.processCall(ProtobufRpcEngine.java:484) [hadoop-common-3.3.6.jar:?]
	at org.apache.hadoop.ipc.ProtobufRpcEngine2$Server$ProtoBufRpcInvoker.call(ProtobufRpcEngine2.java:595) [hadoop-common-3.3.6.jar:?]
	at org.apache.hadoop.ipc.ProtobufRpcEngine2$Server$ProtoBufRpcInvoker.call(ProtobufRpcEngine2.java:573) [hadoop-common-3.3.6.jar:?]
	at org.apache.hadoop.ipc.RPC$Server.call(RPC.java:1227) [hadoop-common-3.3.6.jar:?]
	at org.apache.hadoop.ipc.Server$RpcCall.run(Server.java:1094) [hadoop-common-3.3.6.jar:?]
	at org.apache.hadoop.ipc.Server$RpcCall.run(Server.java:1017) [hadoop-common-3.3.6.jar:?]
	at java.security.AccessController.doPrivileged(Native Method) ~[?:1.8.0_382]
	at javax.security.auth.Subject.doAs(Subject.java:422) [?:1.8.0_382]
	at org.apache.hadoop.security.UserGroupInformation.doAs(UserGroupInformation.java:1899) [hadoop-common-3.3.6.jar:?]
	at org.apache.hadoop.ipc.Server$Handler.run(Server.java:3048) [hadoop-common-3.3.6.jar:?]
18:20:06.219 [IPC Server handler 3 on default port 15110] ERROR OMAudit - user=runner | ip=127.0.0.1 | op=LIST_STATUS {volume=volume40966, bucket=bucket64934, key=root_dir/file2, dataSize=0, replicationConfig=null} | ret=FAILURE
org.apache.hadoop.ozone.om.exceptions.OMException: Unable to get file status: volume: volume40966 bucket: bucket64934 key: root_dir/file2
	at org.apache.hadoop.ozone.om.KeyManagerImpl.getOzoneFileStatus(KeyManagerImpl.java:1195) ~[ozone-manager-1.4.0-SNAPSHOT.jar:?]
	at org.apache.hadoop.ozone.om.KeyManagerImpl.getFileStatus(KeyManagerImpl.java:1113) ~[ozone-manager-1.4.0-SNAPSHOT.jar:?]
	at org.apache.hadoop.ozone.om.KeyManagerImpl.listStatus(KeyManagerImpl.java:1505) ~[ozone-manager-1.4.0-SNAPSHOT.jar:?]
	at org.apache.hadoop.ozone.om.OmMetadataReader.listStatus(OmMetadataReader.java:235) ~[ozone-manager-1.4.0-SNAPSHOT.jar:?]
	at org.apache.hadoop.ozone.om.OzoneManager.listStatus(OzoneManager.java:3560) ~[ozone-manager-1.4.0-SNAPSHOT.jar:?]
	at org.apache.hadoop.ozone.protocolPB.OzoneManagerRequestHandler.listStatus(OzoneManagerRequestHandler.java:1145) ~[ozone-manager-1.4.0-SNAPSHOT.jar:?]
	at org.apache.hadoop.ozone.protocolPB.OzoneManagerRequestHandler.handleReadRequest(OzoneManagerRequestHandler.java:263) ~[ozone-manager-1.4.0-SNAPSHOT.jar:?]
	at org.apache.hadoop.ozone.protocolPB.OzoneManagerProtocolServerSideTranslatorPB.submitReadRequestToOM(OzoneManagerProtocolServerSideTranslatorPB.java:225) ~[ozone-manager-1.4.0-SNAPSHOT.jar:?]
	at org.apache.hadoop.ozone.protocolPB.OzoneManagerProtocolServerSideTranslatorPB.processRequest(OzoneManagerProtocolServerSideTranslatorPB.java:179) ~[ozone-manager-1.4.0-SNAPSHOT.jar:?]
	at org.apache.hadoop.hdds.server.OzoneProtocolMessageDispatcher.processRequest(OzoneProtocolMessageDispatcher.java:87) [hdds-server-framework-1.4.0-SNAPSHOT.jar:?]
	at org.apache.hadoop.ozone.protocolPB.OzoneManagerProtocolServerSideTranslatorPB.submitRequest(OzoneManagerProtocolServerSideTranslatorPB.java:148) [ozone-manager-1.4.0-SNAPSHOT.jar:?]
	at org.apache.hadoop.ozone.protocol.proto.OzoneManagerProtocolProtos$OzoneManagerService$2.callBlockingMethod(OzoneManagerProtocolProtos.java) [ozone-interface-client-1.4.0-SNAPSHOT.jar:?]
	at org.apache.hadoop.ipc.ProtobufRpcEngine$Server.processCall(ProtobufRpcEngine.java:484) [hadoop-common-3.3.6.jar:?]
	at org.apache.hadoop.ipc.ProtobufRpcEngine2$Server$ProtoBufRpcInvoker.call(ProtobufRpcEngine2.java:595) [hadoop-common-3.3.6.jar:?]
	at org.apache.hadoop.ipc.ProtobufRpcEngine2$Server$ProtoBufRpcInvoker.call(ProtobufRpcEngine2.java:573) [hadoop-common-3.3.6.jar:?]
	at org.apache.hadoop.ipc.RPC$Server.call(RPC.java:1227) [hadoop-common-3.3.6.jar:?]
	at org.apache.hadoop.ipc.Server$RpcCall.run(Server.java:1094) [hadoop-common-3.3.6.jar:?]
	at org.apache.hadoop.ipc.Server$RpcCall.run(Server.java:1017) [hadoop-common-3.3.6.jar:?]
	at java.security.AccessController.doPrivileged(Native Method) ~[?:1.8.0_382]
	at javax.security.auth.Subject.doAs(Subject.java:422) [?:1.8.0_382]
	at org.apache.hadoop.security.UserGroupInformation.doAs(UserGroupInformation.java:1899) [hadoop-common-3.3.6.jar:?]
	at org.apache.hadoop.ipc.Server$Handler.run(Server.java:3048) [hadoop-common-3.3.6.jar:?]
]]></system-out>
  </testcase>
  <testcase name="testRenameToParentDir" classname="TestOzoneFileSystem" time="0.03">
    <system-out><![CDATA[18:21:34.695 [IPC Server handler 17 on default port 15163] ERROR OMAudit - user=runner | ip=127.0.0.1 | op=LIST_STATUS {volume=volume65627, bucket=bucket59265, key=root_dir/dir2, dataSize=0, replicationConfig=null} | ret=FAILURE
org.apache.hadoop.ozone.om.exceptions.OMException: Unable to get file status: volume: volume65627 bucket: bucket59265 key: root_dir/dir2
	at org.apache.hadoop.ozone.om.KeyManagerImpl.getOzoneFileStatus(KeyManagerImpl.java:1195) ~[ozone-manager-1.4.0-SNAPSHOT.jar:?]
	at org.apache.hadoop.ozone.om.KeyManagerImpl.getFileStatus(KeyManagerImpl.java:1113) ~[ozone-manager-1.4.0-SNAPSHOT.jar:?]
	at org.apache.hadoop.ozone.om.KeyManagerImpl.listStatus(KeyManagerImpl.java:1505) ~[ozone-manager-1.4.0-SNAPSHOT.jar:?]
	at org.apache.hadoop.ozone.om.OmMetadataReader.listStatus(OmMetadataReader.java:235) ~[ozone-manager-1.4.0-SNAPSHOT.jar:?]
	at org.apache.hadoop.ozone.om.OzoneManager.listStatus(OzoneManager.java:3560) ~[ozone-manager-1.4.0-SNAPSHOT.jar:?]
	at org.apache.hadoop.ozone.protocolPB.OzoneManagerRequestHandler.listStatus(OzoneManagerRequestHandler.java:1145) ~[ozone-manager-1.4.0-SNAPSHOT.jar:?]
	at org.apache.hadoop.ozone.protocolPB.OzoneManagerRequestHandler.handleReadRequest(OzoneManagerRequestHandler.java:263) ~[ozone-manager-1.4.0-SNAPSHOT.jar:?]
	at org.apache.hadoop.ozone.protocolPB.OzoneManagerProtocolServerSideTranslatorPB.submitRequestDirectlyToOM(OzoneManagerProtocolServerSideTranslatorPB.java:274) ~[ozone-manager-1.4.0-SNAPSHOT.jar:?]
	at org.apache.hadoop.ozone.protocolPB.OzoneManagerProtocolServerSideTranslatorPB.processRequest(OzoneManagerProtocolServerSideTranslatorPB.java:175) ~[ozone-manager-1.4.0-SNAPSHOT.jar:?]
	at org.apache.hadoop.hdds.server.OzoneProtocolMessageDispatcher.processRequest(OzoneProtocolMessageDispatcher.java:87) [hdds-server-framework-1.4.0-SNAPSHOT.jar:?]
	at org.apache.hadoop.ozone.protocolPB.OzoneManagerProtocolServerSideTranslatorPB.submitRequest(OzoneManagerProtocolServerSideTranslatorPB.java:148) [ozone-manager-1.4.0-SNAPSHOT.jar:?]
	at org.apache.hadoop.ozone.protocol.proto.OzoneManagerProtocolProtos$OzoneManagerService$2.callBlockingMethod(OzoneManagerProtocolProtos.java) [ozone-interface-client-1.4.0-SNAPSHOT.jar:?]
	at org.apache.hadoop.ipc.ProtobufRpcEngine$Server.processCall(ProtobufRpcEngine.java:484) [hadoop-common-3.3.6.jar:?]
	at org.apache.hadoop.ipc.ProtobufRpcEngine2$Server$ProtoBufRpcInvoker.call(ProtobufRpcEngine2.java:595) [hadoop-common-3.3.6.jar:?]
	at org.apache.hadoop.ipc.ProtobufRpcEngine2$Server$ProtoBufRpcInvoker.call(ProtobufRpcEngine2.java:573) [hadoop-common-3.3.6.jar:?]
	at org.apache.hadoop.ipc.RPC$Server.call(RPC.java:1227) [hadoop-common-3.3.6.jar:?]
	at org.apache.hadoop.ipc.Server$RpcCall.run(Server.java:1094) [hadoop-common-3.3.6.jar:?]
	at org.apache.hadoop.ipc.Server$RpcCall.run(Server.java:1017) [hadoop-common-3.3.6.jar:?]
	at java.security.AccessController.doPrivileged(Native Method) ~[?:1.8.0_382]
	at javax.security.auth.Subject.doAs(Subject.java:422) [?:1.8.0_382]
	at org.apache.hadoop.security.UserGroupInformation.doAs(UserGroupInformation.java:1899) [hadoop-common-3.3.6.jar:?]
	at org.apache.hadoop.ipc.Server$Handler.run(Server.java:3048) [hadoop-common-3.3.6.jar:?]
18:21:34.704 [IPC Server handler 7 on default port 15163] ERROR OMAudit - user=runner | ip=127.0.0.1 | op=LIST_STATUS {volume=volume65627, bucket=bucket59265, key=root_dir/file2, dataSize=0, replicationConfig=null} | ret=FAILURE
org.apache.hadoop.ozone.om.exceptions.OMException: Unable to get file status: volume: volume65627 bucket: bucket59265 key: root_dir/file2
	at org.apache.hadoop.ozone.om.KeyManagerImpl.getOzoneFileStatus(KeyManagerImpl.java:1195) ~[ozone-manager-1.4.0-SNAPSHOT.jar:?]
	at org.apache.hadoop.ozone.om.KeyManagerImpl.getFileStatus(KeyManagerImpl.java:1113) ~[ozone-manager-1.4.0-SNAPSHOT.jar:?]
	at org.apache.hadoop.ozone.om.KeyManagerImpl.listStatus(KeyManagerImpl.java:1505) ~[ozone-manager-1.4.0-SNAPSHOT.jar:?]
	at org.apache.hadoop.ozone.om.OmMetadataReader.listStatus(OmMetadataReader.java:235) ~[ozone-manager-1.4.0-SNAPSHOT.jar:?]
	at org.apache.hadoop.ozone.om.OzoneManager.listStatus(OzoneManager.java:3560) ~[ozone-manager-1.4.0-SNAPSHOT.jar:?]
	at org.apache.hadoop.ozone.protocolPB.OzoneManagerRequestHandler.listStatus(OzoneManagerRequestHandler.java:1145) ~[ozone-manager-1.4.0-SNAPSHOT.jar:?]
	at org.apache.hadoop.ozone.protocolPB.OzoneManagerRequestHandler.handleReadRequest(OzoneManagerRequestHandler.java:263) ~[ozone-manager-1.4.0-SNAPSHOT.jar:?]
	at org.apache.hadoop.ozone.protocolPB.OzoneManagerProtocolServerSideTranslatorPB.submitRequestDirectlyToOM(OzoneManagerProtocolServerSideTranslatorPB.java:274) ~[ozone-manager-1.4.0-SNAPSHOT.jar:?]
	at org.apache.hadoop.ozone.protocolPB.OzoneManagerProtocolServerSideTranslatorPB.processRequest(OzoneManagerProtocolServerSideTranslatorPB.java:175) ~[ozone-manager-1.4.0-SNAPSHOT.jar:?]
	at org.apache.hadoop.hdds.server.OzoneProtocolMessageDispatcher.processRequest(OzoneProtocolMessageDispatcher.java:87) [hdds-server-framework-1.4.0-SNAPSHOT.jar:?]
	at org.apache.hadoop.ozone.protocolPB.OzoneManagerProtocolServerSideTranslatorPB.submitRequest(OzoneManagerProtocolServerSideTranslatorPB.java:148) [ozone-manager-1.4.0-SNAPSHOT.jar:?]
	at org.apache.hadoop.ozone.protocol.proto.OzoneManagerProtocolProtos$OzoneManagerService$2.callBlockingMethod(OzoneManagerProtocolProtos.java) [ozone-interface-client-1.4.0-SNAPSHOT.jar:?]
	at org.apache.hadoop.ipc.ProtobufRpcEngine$Server.processCall(ProtobufRpcEngine.java:484) [hadoop-common-3.3.6.jar:?]
	at org.apache.hadoop.ipc.ProtobufRpcEngine2$Server$ProtoBufRpcInvoker.call(ProtobufRpcEngine2.java:595) [hadoop-common-3.3.6.jar:?]
	at org.apache.hadoop.ipc.ProtobufRpcEngine2$Server$ProtoBufRpcInvoker.call(ProtobufRpcEngine2.java:573) [hadoop-common-3.3.6.jar:?]
	at org.apache.hadoop.ipc.RPC$Server.call(RPC.java:1227) [hadoop-common-3.3.6.jar:?]
	at org.apache.hadoop.ipc.Server$RpcCall.run(Server.java:1094) [hadoop-common-3.3.6.jar:?]
	at org.apache.hadoop.ipc.Server$RpcCall.run(Server.java:1017) [hadoop-common-3.3.6.jar:?]
	at java.security.AccessController.doPrivileged(Native Method) ~[?:1.8.0_382]
	at javax.security.auth.Subject.doAs(Subject.java:422) [?:1.8.0_382]
	at org.apache.hadoop.security.UserGroupInformation.doAs(UserGroupInformation.java:1899) [hadoop-common-3.3.6.jar:?]
	at org.apache.hadoop.ipc.Server$Handler.run(Server.java:3048) [hadoop-common-3.3.6.jar:?]
]]></system-out>
  </testcase>
  <testcase name="testListStatusOnSubDirs" classname="TestOzoneFileSystem" time="0.084"/>
  <testcase name="testListStatusOnSubDirs" classname="TestOzoneFileSystem" time="0.029"/>
  <testcase name="testListStatusOnSubDirs" classname="TestOzoneFileSystem" time="0.028"/>
  <testcase name="testListStatusOnSubDirs" classname="TestOzoneFileSystem" time="0.02"/>
  <testcase name="testListStatus" classname="TestOzoneFileSystem" time="0.107"/>
  <testcase name="testListStatus" classname="TestOzoneFileSystem" time="0.047"/>
  <testcase name="testListStatus" classname="TestOzoneFileSystem" time="0.046"/>
  <testcase name="testListStatus" classname="TestOzoneFileSystem" time="0.028"/>
  <testcase name="testRecursiveDelete" classname="TestOzoneFileSystem" time="0.545">
    <system-out><![CDATA[18:17:02.390 [IPC Server handler 5 on default port 15004] ERROR OMAudit - user=runner | ip=127.0.0.1 | op=GET_FILE_STATUS {volume=volume59479, bucket=bucket48122, key=gdir1, dataSize=0, replicationConfig=null} | ret=FAILURE
org.apache.hadoop.ozone.om.exceptions.OMException: Unable to get file status: volume: volume59479 bucket: bucket48122 key: gdir1
	at org.apache.hadoop.ozone.om.KeyManagerImpl.getOzoneFileStatus(KeyManagerImpl.java:1195) ~[ozone-manager-1.4.0-SNAPSHOT.jar:?]
	at org.apache.hadoop.ozone.om.KeyManagerImpl.getFileStatus(KeyManagerImpl.java:1113) ~[ozone-manager-1.4.0-SNAPSHOT.jar:?]
	at org.apache.hadoop.ozone.om.OmMetadataReader.getFileStatus(OmMetadataReader.java:262) ~[ozone-manager-1.4.0-SNAPSHOT.jar:?]
	at org.apache.hadoop.ozone.om.OzoneManager.getFileStatus(OzoneManager.java:3530) ~[ozone-manager-1.4.0-SNAPSHOT.jar:?]
	at org.apache.hadoop.ozone.protocolPB.OzoneManagerRequestHandler.getOzoneFileStatus(OzoneManagerRequestHandler.java:973) ~[ozone-manager-1.4.0-SNAPSHOT.jar:?]
	at org.apache.hadoop.ozone.protocolPB.OzoneManagerRequestHandler.handleReadRequest(OzoneManagerRequestHandler.java:252) ~[ozone-manager-1.4.0-SNAPSHOT.jar:?]
	at org.apache.hadoop.ozone.protocolPB.OzoneManagerProtocolServerSideTranslatorPB.submitReadRequestToOM(OzoneManagerProtocolServerSideTranslatorPB.java:225) ~[ozone-manager-1.4.0-SNAPSHOT.jar:?]
	at org.apache.hadoop.ozone.protocolPB.OzoneManagerProtocolServerSideTranslatorPB.processRequest(OzoneManagerProtocolServerSideTranslatorPB.java:179) ~[ozone-manager-1.4.0-SNAPSHOT.jar:?]
	at org.apache.hadoop.hdds.server.OzoneProtocolMessageDispatcher.processRequest(OzoneProtocolMessageDispatcher.java:87) [hdds-server-framework-1.4.0-SNAPSHOT.jar:?]
	at org.apache.hadoop.ozone.protocolPB.OzoneManagerProtocolServerSideTranslatorPB.submitRequest(OzoneManagerProtocolServerSideTranslatorPB.java:148) [ozone-manager-1.4.0-SNAPSHOT.jar:?]
	at org.apache.hadoop.ozone.protocol.proto.OzoneManagerProtocolProtos$OzoneManagerService$2.callBlockingMethod(OzoneManagerProtocolProtos.java) [ozone-interface-client-1.4.0-SNAPSHOT.jar:?]
	at org.apache.hadoop.ipc.ProtobufRpcEngine$Server.processCall(ProtobufRpcEngine.java:484) [hadoop-common-3.3.6.jar:?]
	at org.apache.hadoop.ipc.ProtobufRpcEngine2$Server$ProtoBufRpcInvoker.call(ProtobufRpcEngine2.java:595) [hadoop-common-3.3.6.jar:?]
	at org.apache.hadoop.ipc.ProtobufRpcEngine2$Server$ProtoBufRpcInvoker.call(ProtobufRpcEngine2.java:573) [hadoop-common-3.3.6.jar:?]
	at org.apache.hadoop.ipc.RPC$Server.call(RPC.java:1227) [hadoop-common-3.3.6.jar:?]
	at org.apache.hadoop.ipc.Server$RpcCall.run(Server.java:1094) [hadoop-common-3.3.6.jar:?]
	at org.apache.hadoop.ipc.Server$RpcCall.run(Server.java:1017) [hadoop-common-3.3.6.jar:?]
	at java.security.AccessController.doPrivileged(Native Method) ~[?:1.8.0_382]
	at javax.security.auth.Subject.doAs(Subject.java:422) [?:1.8.0_382]
	at org.apache.hadoop.security.UserGroupInformation.doAs(UserGroupInformation.java:1899) [hadoop-common-3.3.6.jar:?]
	at org.apache.hadoop.ipc.Server$Handler.run(Server.java:3048) [hadoop-common-3.3.6.jar:?]
18:17:02.392 [IPC Server handler 0 on default port 15004] ERROR OMAudit - user=runner | ip=127.0.0.1 | op=GET_FILE_STATUS {volume=volume59479, bucket=bucket48122, key=gdir1/dir1, dataSize=0, replicationConfig=null} | ret=FAILURE
org.apache.hadoop.ozone.om.exceptions.OMException: Unable to get file status: volume: volume59479 bucket: bucket48122 key: gdir1/dir1
	at org.apache.hadoop.ozone.om.KeyManagerImpl.getOzoneFileStatus(KeyManagerImpl.java:1195) ~[ozone-manager-1.4.0-SNAPSHOT.jar:?]
	at org.apache.hadoop.ozone.om.KeyManagerImpl.getFileStatus(KeyManagerImpl.java:1113) ~[ozone-manager-1.4.0-SNAPSHOT.jar:?]
	at org.apache.hadoop.ozone.om.OmMetadataReader.getFileStatus(OmMetadataReader.java:262) ~[ozone-manager-1.4.0-SNAPSHOT.jar:?]
	at org.apache.hadoop.ozone.om.OzoneManager.getFileStatus(OzoneManager.java:3530) ~[ozone-manager-1.4.0-SNAPSHOT.jar:?]
	at org.apache.hadoop.ozone.protocolPB.OzoneManagerRequestHandler.getOzoneFileStatus(OzoneManagerRequestHandler.java:973) ~[ozone-manager-1.4.0-SNAPSHOT.jar:?]
	at org.apache.hadoop.ozone.protocolPB.OzoneManagerRequestHandler.handleReadRequest(OzoneManagerRequestHandler.java:252) ~[ozone-manager-1.4.0-SNAPSHOT.jar:?]
	at org.apache.hadoop.ozone.protocolPB.OzoneManagerProtocolServerSideTranslatorPB.submitReadRequestToOM(OzoneManagerProtocolServerSideTranslatorPB.java:225) ~[ozone-manager-1.4.0-SNAPSHOT.jar:?]
	at org.apache.hadoop.ozone.protocolPB.OzoneManagerProtocolServerSideTranslatorPB.processRequest(OzoneManagerProtocolServerSideTranslatorPB.java:179) ~[ozone-manager-1.4.0-SNAPSHOT.jar:?]
	at org.apache.hadoop.hdds.server.OzoneProtocolMessageDispatcher.processRequest(OzoneProtocolMessageDispatcher.java:87) [hdds-server-framework-1.4.0-SNAPSHOT.jar:?]
	at org.apache.hadoop.ozone.protocolPB.OzoneManagerProtocolServerSideTranslatorPB.submitRequest(OzoneManagerProtocolServerSideTranslatorPB.java:148) [ozone-manager-1.4.0-SNAPSHOT.jar:?]
	at org.apache.hadoop.ozone.protocol.proto.OzoneManagerProtocolProtos$OzoneManagerService$2.callBlockingMethod(OzoneManagerProtocolProtos.java) [ozone-interface-client-1.4.0-SNAPSHOT.jar:?]
	at org.apache.hadoop.ipc.ProtobufRpcEngine$Server.processCall(ProtobufRpcEngine.java:484) [hadoop-common-3.3.6.jar:?]
	at org.apache.hadoop.ipc.ProtobufRpcEngine2$Server$ProtoBufRpcInvoker.call(ProtobufRpcEngine2.java:595) [hadoop-common-3.3.6.jar:?]
	at org.apache.hadoop.ipc.ProtobufRpcEngine2$Server$ProtoBufRpcInvoker.call(ProtobufRpcEngine2.java:573) [hadoop-common-3.3.6.jar:?]
	at org.apache.hadoop.ipc.RPC$Server.call(RPC.java:1227) [hadoop-common-3.3.6.jar:?]
	at org.apache.hadoop.ipc.Server$RpcCall.run(Server.java:1094) [hadoop-common-3.3.6.jar:?]
	at org.apache.hadoop.ipc.Server$RpcCall.run(Server.java:1017) [hadoop-common-3.3.6.jar:?]
	at java.security.AccessController.doPrivileged(Native Method) ~[?:1.8.0_382]
	at javax.security.auth.Subject.doAs(Subject.java:422) [?:1.8.0_382]
	at org.apache.hadoop.security.UserGroupInformation.doAs(UserGroupInformation.java:1899) [hadoop-common-3.3.6.jar:?]
	at org.apache.hadoop.ipc.Server$Handler.run(Server.java:3048) [hadoop-common-3.3.6.jar:?]
18:17:02.394 [IPC Server handler 3 on default port 15004] ERROR OMAudit - user=runner | ip=127.0.0.1 | op=GET_FILE_STATUS {volume=volume59479, bucket=bucket48122, key=gdir1/dir1/child, dataSize=0, replicationConfig=null} | ret=FAILURE
org.apache.hadoop.ozone.om.exceptions.OMException: Unable to get file status: volume: volume59479 bucket: bucket48122 key: gdir1/dir1/child
	at org.apache.hadoop.ozone.om.KeyManagerImpl.getOzoneFileStatus(KeyManagerImpl.java:1195) ~[ozone-manager-1.4.0-SNAPSHOT.jar:?]
	at org.apache.hadoop.ozone.om.KeyManagerImpl.getFileStatus(KeyManagerImpl.java:1113) ~[ozone-manager-1.4.0-SNAPSHOT.jar:?]
	at org.apache.hadoop.ozone.om.OmMetadataReader.getFileStatus(OmMetadataReader.java:262) ~[ozone-manager-1.4.0-SNAPSHOT.jar:?]
	at org.apache.hadoop.ozone.om.OzoneManager.getFileStatus(OzoneManager.java:3530) ~[ozone-manager-1.4.0-SNAPSHOT.jar:?]
	at org.apache.hadoop.ozone.protocolPB.OzoneManagerRequestHandler.getOzoneFileStatus(OzoneManagerRequestHandler.java:973) ~[ozone-manager-1.4.0-SNAPSHOT.jar:?]
	at org.apache.hadoop.ozone.protocolPB.OzoneManagerRequestHandler.handleReadRequest(OzoneManagerRequestHandler.java:252) ~[ozone-manager-1.4.0-SNAPSHOT.jar:?]
	at org.apache.hadoop.ozone.protocolPB.OzoneManagerProtocolServerSideTranslatorPB.submitReadRequestToOM(OzoneManagerProtocolServerSideTranslatorPB.java:225) ~[ozone-manager-1.4.0-SNAPSHOT.jar:?]
	at org.apache.hadoop.ozone.protocolPB.OzoneManagerProtocolServerSideTranslatorPB.processRequest(OzoneManagerProtocolServerSideTranslatorPB.java:179) ~[ozone-manager-1.4.0-SNAPSHOT.jar:?]
	at org.apache.hadoop.hdds.server.OzoneProtocolMessageDispatcher.processRequest(OzoneProtocolMessageDispatcher.java:87) [hdds-server-framework-1.4.0-SNAPSHOT.jar:?]
	at org.apache.hadoop.ozone.protocolPB.OzoneManagerProtocolServerSideTranslatorPB.submitRequest(OzoneManagerProtocolServerSideTranslatorPB.java:148) [ozone-manager-1.4.0-SNAPSHOT.jar:?]
	at org.apache.hadoop.ozone.protocol.proto.OzoneManagerProtocolProtos$OzoneManagerService$2.callBlockingMethod(OzoneManagerProtocolProtos.java) [ozone-interface-client-1.4.0-SNAPSHOT.jar:?]
	at org.apache.hadoop.ipc.ProtobufRpcEngine$Server.processCall(ProtobufRpcEngine.java:484) [hadoop-common-3.3.6.jar:?]
	at org.apache.hadoop.ipc.ProtobufRpcEngine2$Server$ProtoBufRpcInvoker.call(ProtobufRpcEngine2.java:595) [hadoop-common-3.3.6.jar:?]
	at org.apache.hadoop.ipc.ProtobufRpcEngine2$Server$ProtoBufRpcInvoker.call(ProtobufRpcEngine2.java:573) [hadoop-common-3.3.6.jar:?]
	at org.apache.hadoop.ipc.RPC$Server.call(RPC.java:1227) [hadoop-common-3.3.6.jar:?]
	at org.apache.hadoop.ipc.Server$RpcCall.run(Server.java:1094) [hadoop-common-3.3.6.jar:?]
	at org.apache.hadoop.ipc.Server$RpcCall.run(Server.java:1017) [hadoop-common-3.3.6.jar:?]
	at java.security.AccessController.doPrivileged(Native Method) ~[?:1.8.0_382]
	at javax.security.auth.Subject.doAs(Subject.java:422) [?:1.8.0_382]
	at org.apache.hadoop.security.UserGroupInformation.doAs(UserGroupInformation.java:1899) [hadoop-common-3.3.6.jar:?]
	at org.apache.hadoop.ipc.Server$Handler.run(Server.java:3048) [hadoop-common-3.3.6.jar:?]
18:17:02.397 [IPC Server handler 4 on default port 15004] ERROR OMAudit - user=runner | ip=127.0.0.1 | op=GET_FILE_STATUS {volume=volume59479, bucket=bucket48122, key=gdir1/dir2, dataSize=0, replicationConfig=null} | ret=FAILURE
org.apache.hadoop.ozone.om.exceptions.OMException: Unable to get file status: volume: volume59479 bucket: bucket48122 key: gdir1/dir2
	at org.apache.hadoop.ozone.om.KeyManagerImpl.getOzoneFileStatus(KeyManagerImpl.java:1195) ~[ozone-manager-1.4.0-SNAPSHOT.jar:?]
	at org.apache.hadoop.ozone.om.KeyManagerImpl.getFileStatus(KeyManagerImpl.java:1113) ~[ozone-manager-1.4.0-SNAPSHOT.jar:?]
	at org.apache.hadoop.ozone.om.OmMetadataReader.getFileStatus(OmMetadataReader.java:262) ~[ozone-manager-1.4.0-SNAPSHOT.jar:?]
	at org.apache.hadoop.ozone.om.OzoneManager.getFileStatus(OzoneManager.java:3530) ~[ozone-manager-1.4.0-SNAPSHOT.jar:?]
	at org.apache.hadoop.ozone.protocolPB.OzoneManagerRequestHandler.getOzoneFileStatus(OzoneManagerRequestHandler.java:973) ~[ozone-manager-1.4.0-SNAPSHOT.jar:?]
	at org.apache.hadoop.ozone.protocolPB.OzoneManagerRequestHandler.handleReadRequest(OzoneManagerRequestHandler.java:252) ~[ozone-manager-1.4.0-SNAPSHOT.jar:?]
	at org.apache.hadoop.ozone.protocolPB.OzoneManagerProtocolServerSideTranslatorPB.submitReadRequestToOM(OzoneManagerProtocolServerSideTranslatorPB.java:225) ~[ozone-manager-1.4.0-SNAPSHOT.jar:?]
	at org.apache.hadoop.ozone.protocolPB.OzoneManagerProtocolServerSideTranslatorPB.processRequest(OzoneManagerProtocolServerSideTranslatorPB.java:179) ~[ozone-manager-1.4.0-SNAPSHOT.jar:?]
	at org.apache.hadoop.hdds.server.OzoneProtocolMessageDispatcher.processRequest(OzoneProtocolMessageDispatcher.java:87) [hdds-server-framework-1.4.0-SNAPSHOT.jar:?]
	at org.apache.hadoop.ozone.protocolPB.OzoneManagerProtocolServerSideTranslatorPB.submitRequest(OzoneManagerProtocolServerSideTranslatorPB.java:148) [ozone-manager-1.4.0-SNAPSHOT.jar:?]
	at org.apache.hadoop.ozone.protocol.proto.OzoneManagerProtocolProtos$OzoneManagerService$2.callBlockingMethod(OzoneManagerProtocolProtos.java) [ozone-interface-client-1.4.0-SNAPSHOT.jar:?]
	at org.apache.hadoop.ipc.ProtobufRpcEngine$Server.processCall(ProtobufRpcEngine.java:484) [hadoop-common-3.3.6.jar:?]
	at org.apache.hadoop.ipc.ProtobufRpcEngine2$Server$ProtoBufRpcInvoker.call(ProtobufRpcEngine2.java:595) [hadoop-common-3.3.6.jar:?]
	at org.apache.hadoop.ipc.ProtobufRpcEngine2$Server$ProtoBufRpcInvoker.call(ProtobufRpcEngine2.java:573) [hadoop-common-3.3.6.jar:?]
	at org.apache.hadoop.ipc.RPC$Server.call(RPC.java:1227) [hadoop-common-3.3.6.jar:?]
	at org.apache.hadoop.ipc.Server$RpcCall.run(Server.java:1094) [hadoop-common-3.3.6.jar:?]
	at org.apache.hadoop.ipc.Server$RpcCall.run(Server.java:1017) [hadoop-common-3.3.6.jar:?]
	at java.security.AccessController.doPrivileged(Native Method) ~[?:1.8.0_382]
	at javax.security.auth.Subject.doAs(Subject.java:422) [?:1.8.0_382]
	at org.apache.hadoop.security.UserGroupInformation.doAs(UserGroupInformation.java:1899) [hadoop-common-3.3.6.jar:?]
	at org.apache.hadoop.ipc.Server$Handler.run(Server.java:3048) [hadoop-common-3.3.6.jar:?]
18:17:02.399 [IPC Server handler 6 on default port 15004] ERROR OMAudit - user=runner | ip=127.0.0.1 | op=GET_FILE_STATUS {volume=volume59479, bucket=bucket48122, key=gdir1/dir2/child, dataSize=0, replicationConfig=null} | ret=FAILURE
org.apache.hadoop.ozone.om.exceptions.OMException: Unable to get file status: volume: volume59479 bucket: bucket48122 key: gdir1/dir2/child
	at org.apache.hadoop.ozone.om.KeyManagerImpl.getOzoneFileStatus(KeyManagerImpl.java:1195) ~[ozone-manager-1.4.0-SNAPSHOT.jar:?]
	at org.apache.hadoop.ozone.om.KeyManagerImpl.getFileStatus(KeyManagerImpl.java:1113) ~[ozone-manager-1.4.0-SNAPSHOT.jar:?]
	at org.apache.hadoop.ozone.om.OmMetadataReader.getFileStatus(OmMetadataReader.java:262) ~[ozone-manager-1.4.0-SNAPSHOT.jar:?]
	at org.apache.hadoop.ozone.om.OzoneManager.getFileStatus(OzoneManager.java:3530) ~[ozone-manager-1.4.0-SNAPSHOT.jar:?]
	at org.apache.hadoop.ozone.protocolPB.OzoneManagerRequestHandler.getOzoneFileStatus(OzoneManagerRequestHandler.java:973) ~[ozone-manager-1.4.0-SNAPSHOT.jar:?]
	at org.apache.hadoop.ozone.protocolPB.OzoneManagerRequestHandler.handleReadRequest(OzoneManagerRequestHandler.java:252) ~[ozone-manager-1.4.0-SNAPSHOT.jar:?]
	at org.apache.hadoop.ozone.protocolPB.OzoneManagerProtocolServerSideTranslatorPB.submitReadRequestToOM(OzoneManagerProtocolServerSideTranslatorPB.java:225) ~[ozone-manager-1.4.0-SNAPSHOT.jar:?]
	at org.apache.hadoop.ozone.protocolPB.OzoneManagerProtocolServerSideTranslatorPB.processRequest(OzoneManagerProtocolServerSideTranslatorPB.java:179) ~[ozone-manager-1.4.0-SNAPSHOT.jar:?]
	at org.apache.hadoop.hdds.server.OzoneProtocolMessageDispatcher.processRequest(OzoneProtocolMessageDispatcher.java:87) [hdds-server-framework-1.4.0-SNAPSHOT.jar:?]
	at org.apache.hadoop.ozone.protocolPB.OzoneManagerProtocolServerSideTranslatorPB.submitRequest(OzoneManagerProtocolServerSideTranslatorPB.java:148) [ozone-manager-1.4.0-SNAPSHOT.jar:?]
	at org.apache.hadoop.ozone.protocol.proto.OzoneManagerProtocolProtos$OzoneManagerService$2.callBlockingMethod(OzoneManagerProtocolProtos.java) [ozone-interface-client-1.4.0-SNAPSHOT.jar:?]
	at org.apache.hadoop.ipc.ProtobufRpcEngine$Server.processCall(ProtobufRpcEngine.java:484) [hadoop-common-3.3.6.jar:?]
	at org.apache.hadoop.ipc.ProtobufRpcEngine2$Server$ProtoBufRpcInvoker.call(ProtobufRpcEngine2.java:595) [hadoop-common-3.3.6.jar:?]
	at org.apache.hadoop.ipc.ProtobufRpcEngine2$Server$ProtoBufRpcInvoker.call(ProtobufRpcEngine2.java:573) [hadoop-common-3.3.6.jar:?]
	at org.apache.hadoop.ipc.RPC$Server.call(RPC.java:1227) [hadoop-common-3.3.6.jar:?]
	at org.apache.hadoop.ipc.Server$RpcCall.run(Server.java:1094) [hadoop-common-3.3.6.jar:?]
	at org.apache.hadoop.ipc.Server$RpcCall.run(Server.java:1017) [hadoop-common-3.3.6.jar:?]
	at java.security.AccessController.doPrivileged(Native Method) ~[?:1.8.0_382]
	at javax.security.auth.Subject.doAs(Subject.java:422) [?:1.8.0_382]
	at org.apache.hadoop.security.UserGroupInformation.doAs(UserGroupInformation.java:1899) [hadoop-common-3.3.6.jar:?]
	at org.apache.hadoop.ipc.Server$Handler.run(Server.java:3048) [hadoop-common-3.3.6.jar:?]
18:17:02.402 [IPC Server handler 10 on default port 15004] ERROR OMAudit - user=runner | ip=127.0.0.1 | op=GET_FILE_STATUS {volume=volume59479, bucket=bucket48122, key=gdir1/dir3, dataSize=0, replicationConfig=null} | ret=FAILURE
org.apache.hadoop.ozone.om.exceptions.OMException: Unable to get file status: volume: volume59479 bucket: bucket48122 key: gdir1/dir3
	at org.apache.hadoop.ozone.om.KeyManagerImpl.getOzoneFileStatus(KeyManagerImpl.java:1195) ~[ozone-manager-1.4.0-SNAPSHOT.jar:?]
	at org.apache.hadoop.ozone.om.KeyManagerImpl.getFileStatus(KeyManagerImpl.java:1113) ~[ozone-manager-1.4.0-SNAPSHOT.jar:?]
	at org.apache.hadoop.ozone.om.OmMetadataReader.getFileStatus(OmMetadataReader.java:262) ~[ozone-manager-1.4.0-SNAPSHOT.jar:?]
	at org.apache.hadoop.ozone.om.OzoneManager.getFileStatus(OzoneManager.java:3530) ~[ozone-manager-1.4.0-SNAPSHOT.jar:?]
	at org.apache.hadoop.ozone.protocolPB.OzoneManagerRequestHandler.getOzoneFileStatus(OzoneManagerRequestHandler.java:973) ~[ozone-manager-1.4.0-SNAPSHOT.jar:?]
	at org.apache.hadoop.ozone.protocolPB.OzoneManagerRequestHandler.handleReadRequest(OzoneManagerRequestHandler.java:252) ~[ozone-manager-1.4.0-SNAPSHOT.jar:?]
	at org.apache.hadoop.ozone.protocolPB.OzoneManagerProtocolServerSideTranslatorPB.submitReadRequestToOM(OzoneManagerProtocolServerSideTranslatorPB.java:225) ~[ozone-manager-1.4.0-SNAPSHOT.jar:?]
	at org.apache.hadoop.ozone.protocolPB.OzoneManagerProtocolServerSideTranslatorPB.processRequest(OzoneManagerProtocolServerSideTranslatorPB.java:179) ~[ozone-manager-1.4.0-SNAPSHOT.jar:?]
	at org.apache.hadoop.hdds.server.OzoneProtocolMessageDispatcher.processRequest(OzoneProtocolMessageDispatcher.java:87) [hdds-server-framework-1.4.0-SNAPSHOT.jar:?]
	at org.apache.hadoop.ozone.protocolPB.OzoneManagerProtocolServerSideTranslatorPB.submitRequest(OzoneManagerProtocolServerSideTranslatorPB.java:148) [ozone-manager-1.4.0-SNAPSHOT.jar:?]
	at org.apache.hadoop.ozone.protocol.proto.OzoneManagerProtocolProtos$OzoneManagerService$2.callBlockingMethod(OzoneManagerProtocolProtos.java) [ozone-interface-client-1.4.0-SNAPSHOT.jar:?]
	at org.apache.hadoop.ipc.ProtobufRpcEngine$Server.processCall(ProtobufRpcEngine.java:484) [hadoop-common-3.3.6.jar:?]
	at org.apache.hadoop.ipc.ProtobufRpcEngine2$Server$ProtoBufRpcInvoker.call(ProtobufRpcEngine2.java:595) [hadoop-common-3.3.6.jar:?]
	at org.apache.hadoop.ipc.ProtobufRpcEngine2$Server$ProtoBufRpcInvoker.call(ProtobufRpcEngine2.java:573) [hadoop-common-3.3.6.jar:?]
	at org.apache.hadoop.ipc.RPC$Server.call(RPC.java:1227) [hadoop-common-3.3.6.jar:?]
	at org.apache.hadoop.ipc.Server$RpcCall.run(Server.java:1094) [hadoop-common-3.3.6.jar:?]
	at org.apache.hadoop.ipc.Server$RpcCall.run(Server.java:1017) [hadoop-common-3.3.6.jar:?]
	at java.security.AccessController.doPrivileged(Native Method) ~[?:1.8.0_382]
	at javax.security.auth.Subject.doAs(Subject.java:422) [?:1.8.0_382]
	at org.apache.hadoop.security.UserGroupInformation.doAs(UserGroupInformation.java:1899) [hadoop-common-3.3.6.jar:?]
	at org.apache.hadoop.ipc.Server$Handler.run(Server.java:3048) [hadoop-common-3.3.6.jar:?]
18:17:02.405 [IPC Server handler 8 on default port 15004] ERROR OMAudit - user=runner | ip=127.0.0.1 | op=GET_FILE_STATUS {volume=volume59479, bucket=bucket48122, key=gdir1/dir3/child, dataSize=0, replicationConfig=null} | ret=FAILURE
org.apache.hadoop.ozone.om.exceptions.OMException: Unable to get file status: volume: volume59479 bucket: bucket48122 key: gdir1/dir3/child
	at org.apache.hadoop.ozone.om.KeyManagerImpl.getOzoneFileStatus(KeyManagerImpl.java:1195) ~[ozone-manager-1.4.0-SNAPSHOT.jar:?]
	at org.apache.hadoop.ozone.om.KeyManagerImpl.getFileStatus(KeyManagerImpl.java:1113) ~[ozone-manager-1.4.0-SNAPSHOT.jar:?]
	at org.apache.hadoop.ozone.om.OmMetadataReader.getFileStatus(OmMetadataReader.java:262) ~[ozone-manager-1.4.0-SNAPSHOT.jar:?]
	at org.apache.hadoop.ozone.om.OzoneManager.getFileStatus(OzoneManager.java:3530) ~[ozone-manager-1.4.0-SNAPSHOT.jar:?]
	at org.apache.hadoop.ozone.protocolPB.OzoneManagerRequestHandler.getOzoneFileStatus(OzoneManagerRequestHandler.java:973) ~[ozone-manager-1.4.0-SNAPSHOT.jar:?]
	at org.apache.hadoop.ozone.protocolPB.OzoneManagerRequestHandler.handleReadRequest(OzoneManagerRequestHandler.java:252) ~[ozone-manager-1.4.0-SNAPSHOT.jar:?]
	at org.apache.hadoop.ozone.protocolPB.OzoneManagerProtocolServerSideTranslatorPB.submitReadRequestToOM(OzoneManagerProtocolServerSideTranslatorPB.java:225) ~[ozone-manager-1.4.0-SNAPSHOT.jar:?]
	at org.apache.hadoop.ozone.protocolPB.OzoneManagerProtocolServerSideTranslatorPB.processRequest(OzoneManagerProtocolServerSideTranslatorPB.java:179) ~[ozone-manager-1.4.0-SNAPSHOT.jar:?]
	at org.apache.hadoop.hdds.server.OzoneProtocolMessageDispatcher.processRequest(OzoneProtocolMessageDispatcher.java:87) [hdds-server-framework-1.4.0-SNAPSHOT.jar:?]
	at org.apache.hadoop.ozone.protocolPB.OzoneManagerProtocolServerSideTranslatorPB.submitRequest(OzoneManagerProtocolServerSideTranslatorPB.java:148) [ozone-manager-1.4.0-SNAPSHOT.jar:?]
	at org.apache.hadoop.ozone.protocol.proto.OzoneManagerProtocolProtos$OzoneManagerService$2.callBlockingMethod(OzoneManagerProtocolProtos.java) [ozone-interface-client-1.4.0-SNAPSHOT.jar:?]
	at org.apache.hadoop.ipc.ProtobufRpcEngine$Server.processCall(ProtobufRpcEngine.java:484) [hadoop-common-3.3.6.jar:?]
	at org.apache.hadoop.ipc.ProtobufRpcEngine2$Server$ProtoBufRpcInvoker.call(ProtobufRpcEngine2.java:595) [hadoop-common-3.3.6.jar:?]
	at org.apache.hadoop.ipc.ProtobufRpcEngine2$Server$ProtoBufRpcInvoker.call(ProtobufRpcEngine2.java:573) [hadoop-common-3.3.6.jar:?]
	at org.apache.hadoop.ipc.RPC$Server.call(RPC.java:1227) [hadoop-common-3.3.6.jar:?]
	at org.apache.hadoop.ipc.Server$RpcCall.run(Server.java:1094) [hadoop-common-3.3.6.jar:?]
	at org.apache.hadoop.ipc.Server$RpcCall.run(Server.java:1017) [hadoop-common-3.3.6.jar:?]
	at java.security.AccessController.doPrivileged(Native Method) ~[?:1.8.0_382]
	at javax.security.auth.Subject.doAs(Subject.java:422) [?:1.8.0_382]
	at org.apache.hadoop.security.UserGroupInformation.doAs(UserGroupInformation.java:1899) [hadoop-common-3.3.6.jar:?]
	at org.apache.hadoop.ipc.Server$Handler.run(Server.java:3048) [hadoop-common-3.3.6.jar:?]
18:17:02.407 [IPC Server handler 12 on default port 15004] ERROR OMAudit - user=runner | ip=127.0.0.1 | op=GET_FILE_STATUS {volume=volume59479, bucket=bucket48122, key=gdir1/dir4, dataSize=0, replicationConfig=null} | ret=FAILURE
org.apache.hadoop.ozone.om.exceptions.OMException: Unable to get file status: volume: volume59479 bucket: bucket48122 key: gdir1/dir4
	at org.apache.hadoop.ozone.om.KeyManagerImpl.getOzoneFileStatus(KeyManagerImpl.java:1195) ~[ozone-manager-1.4.0-SNAPSHOT.jar:?]
	at org.apache.hadoop.ozone.om.KeyManagerImpl.getFileStatus(KeyManagerImpl.java:1113) ~[ozone-manager-1.4.0-SNAPSHOT.jar:?]
	at org.apache.hadoop.ozone.om.OmMetadataReader.getFileStatus(OmMetadataReader.java:262) ~[ozone-manager-1.4.0-SNAPSHOT.jar:?]
	at org.apache.hadoop.ozone.om.OzoneManager.getFileStatus(OzoneManager.java:3530) ~[ozone-manager-1.4.0-SNAPSHOT.jar:?]
	at org.apache.hadoop.ozone.protocolPB.OzoneManagerRequestHandler.getOzoneFileStatus(OzoneManagerRequestHandler.java:973) ~[ozone-manager-1.4.0-SNAPSHOT.jar:?]
	at org.apache.hadoop.ozone.protocolPB.OzoneManagerRequestHandler.handleReadRequest(OzoneManagerRequestHandler.java:252) ~[ozone-manager-1.4.0-SNAPSHOT.jar:?]
	at org.apache.hadoop.ozone.protocolPB.OzoneManagerProtocolServerSideTranslatorPB.submitReadRequestToOM(OzoneManagerProtocolServerSideTranslatorPB.java:225) ~[ozone-manager-1.4.0-SNAPSHOT.jar:?]
	at org.apache.hadoop.ozone.protocolPB.OzoneManagerProtocolServerSideTranslatorPB.processRequest(OzoneManagerProtocolServerSideTranslatorPB.java:179) ~[ozone-manager-1.4.0-SNAPSHOT.jar:?]
	at org.apache.hadoop.hdds.server.OzoneProtocolMessageDispatcher.processRequest(OzoneProtocolMessageDispatcher.java:87) [hdds-server-framework-1.4.0-SNAPSHOT.jar:?]
	at org.apache.hadoop.ozone.protocolPB.OzoneManagerProtocolServerSideTranslatorPB.submitRequest(OzoneManagerProtocolServerSideTranslatorPB.java:148) [ozone-manager-1.4.0-SNAPSHOT.jar:?]
	at org.apache.hadoop.ozone.protocol.proto.OzoneManagerProtocolProtos$OzoneManagerService$2.callBlockingMethod(OzoneManagerProtocolProtos.java) [ozone-interface-client-1.4.0-SNAPSHOT.jar:?]
	at org.apache.hadoop.ipc.ProtobufRpcEngine$Server.processCall(ProtobufRpcEngine.java:484) [hadoop-common-3.3.6.jar:?]
	at org.apache.hadoop.ipc.ProtobufRpcEngine2$Server$ProtoBufRpcInvoker.call(ProtobufRpcEngine2.java:595) [hadoop-common-3.3.6.jar:?]
	at org.apache.hadoop.ipc.ProtobufRpcEngine2$Server$ProtoBufRpcInvoker.call(ProtobufRpcEngine2.java:573) [hadoop-common-3.3.6.jar:?]
	at org.apache.hadoop.ipc.RPC$Server.call(RPC.java:1227) [hadoop-common-3.3.6.jar:?]
	at org.apache.hadoop.ipc.Server$RpcCall.run(Server.java:1094) [hadoop-common-3.3.6.jar:?]
	at org.apache.hadoop.ipc.Server$RpcCall.run(Server.java:1017) [hadoop-common-3.3.6.jar:?]
	at java.security.AccessController.doPrivileged(Native Method) ~[?:1.8.0_382]
	at javax.security.auth.Subject.doAs(Subject.java:422) [?:1.8.0_382]
	at org.apache.hadoop.security.UserGroupInformation.doAs(UserGroupInformation.java:1899) [hadoop-common-3.3.6.jar:?]
	at org.apache.hadoop.ipc.Server$Handler.run(Server.java:3048) [hadoop-common-3.3.6.jar:?]
18:17:02.409 [IPC Server handler 11 on default port 15004] ERROR OMAudit - user=runner | ip=127.0.0.1 | op=GET_FILE_STATUS {volume=volume59479, bucket=bucket48122, key=gdir1/dir4/child, dataSize=0, replicationConfig=null} | ret=FAILURE
org.apache.hadoop.ozone.om.exceptions.OMException: Unable to get file status: volume: volume59479 bucket: bucket48122 key: gdir1/dir4/child
	at org.apache.hadoop.ozone.om.KeyManagerImpl.getOzoneFileStatus(KeyManagerImpl.java:1195) ~[ozone-manager-1.4.0-SNAPSHOT.jar:?]
	at org.apache.hadoop.ozone.om.KeyManagerImpl.getFileStatus(KeyManagerImpl.java:1113) ~[ozone-manager-1.4.0-SNAPSHOT.jar:?]
	at org.apache.hadoop.ozone.om.OmMetadataReader.getFileStatus(OmMetadataReader.java:262) ~[ozone-manager-1.4.0-SNAPSHOT.jar:?]
	at org.apache.hadoop.ozone.om.OzoneManager.getFileStatus(OzoneManager.java:3530) ~[ozone-manager-1.4.0-SNAPSHOT.jar:?]
	at org.apache.hadoop.ozone.protocolPB.OzoneManagerRequestHandler.getOzoneFileStatus(OzoneManagerRequestHandler.java:973) ~[ozone-manager-1.4.0-SNAPSHOT.jar:?]
	at org.apache.hadoop.ozone.protocolPB.OzoneManagerRequestHandler.handleReadRequest(OzoneManagerRequestHandler.java:252) ~[ozone-manager-1.4.0-SNAPSHOT.jar:?]
	at org.apache.hadoop.ozone.protocolPB.OzoneManagerProtocolServerSideTranslatorPB.submitReadRequestToOM(OzoneManagerProtocolServerSideTranslatorPB.java:225) ~[ozone-manager-1.4.0-SNAPSHOT.jar:?]
	at org.apache.hadoop.ozone.protocolPB.OzoneManagerProtocolServerSideTranslatorPB.processRequest(OzoneManagerProtocolServerSideTranslatorPB.java:179) ~[ozone-manager-1.4.0-SNAPSHOT.jar:?]
	at org.apache.hadoop.hdds.server.OzoneProtocolMessageDispatcher.processRequest(OzoneProtocolMessageDispatcher.java:87) [hdds-server-framework-1.4.0-SNAPSHOT.jar:?]
	at org.apache.hadoop.ozone.protocolPB.OzoneManagerProtocolServerSideTranslatorPB.submitRequest(OzoneManagerProtocolServerSideTranslatorPB.java:148) [ozone-manager-1.4.0-SNAPSHOT.jar:?]
	at org.apache.hadoop.ozone.protocol.proto.OzoneManagerProtocolProtos$OzoneManagerService$2.callBlockingMethod(OzoneManagerProtocolProtos.java) [ozone-interface-client-1.4.0-SNAPSHOT.jar:?]
	at org.apache.hadoop.ipc.ProtobufRpcEngine$Server.processCall(ProtobufRpcEngine.java:484) [hadoop-common-3.3.6.jar:?]
	at org.apache.hadoop.ipc.ProtobufRpcEngine2$Server$ProtoBufRpcInvoker.call(ProtobufRpcEngine2.java:595) [hadoop-common-3.3.6.jar:?]
	at org.apache.hadoop.ipc.ProtobufRpcEngine2$Server$ProtoBufRpcInvoker.call(ProtobufRpcEngine2.java:573) [hadoop-common-3.3.6.jar:?]
	at org.apache.hadoop.ipc.RPC$Server.call(RPC.java:1227) [hadoop-common-3.3.6.jar:?]
	at org.apache.hadoop.ipc.Server$RpcCall.run(Server.java:1094) [hadoop-common-3.3.6.jar:?]
	at org.apache.hadoop.ipc.Server$RpcCall.run(Server.java:1017) [hadoop-common-3.3.6.jar:?]
	at java.security.AccessController.doPrivileged(Native Method) ~[?:1.8.0_382]
	at javax.security.auth.Subject.doAs(Subject.java:422) [?:1.8.0_382]
	at org.apache.hadoop.security.UserGroupInformation.doAs(UserGroupInformation.java:1899) [hadoop-common-3.3.6.jar:?]
	at org.apache.hadoop.ipc.Server$Handler.run(Server.java:3048) [hadoop-common-3.3.6.jar:?]
18:17:02.412 [IPC Server handler 14 on default port 15004] ERROR OMAudit - user=runner | ip=127.0.0.1 | op=GET_FILE_STATUS {volume=volume59479, bucket=bucket48122, key=gdir1/dir5, dataSize=0, replicationConfig=null} | ret=FAILURE
org.apache.hadoop.ozone.om.exceptions.OMException: Unable to get file status: volume: volume59479 bucket: bucket48122 key: gdir1/dir5
	at org.apache.hadoop.ozone.om.KeyManagerImpl.getOzoneFileStatus(KeyManagerImpl.java:1195) ~[ozone-manager-1.4.0-SNAPSHOT.jar:?]
	at org.apache.hadoop.ozone.om.KeyManagerImpl.getFileStatus(KeyManagerImpl.java:1113) ~[ozone-manager-1.4.0-SNAPSHOT.jar:?]
	at org.apache.hadoop.ozone.om.OmMetadataReader.getFileStatus(OmMetadataReader.java:262) ~[ozone-manager-1.4.0-SNAPSHOT.jar:?]
	at org.apache.hadoop.ozone.om.OzoneManager.getFileStatus(OzoneManager.java:3530) ~[ozone-manager-1.4.0-SNAPSHOT.jar:?]
	at org.apache.hadoop.ozone.protocolPB.OzoneManagerRequestHandler.getOzoneFileStatus(OzoneManagerRequestHandler.java:973) ~[ozone-manager-1.4.0-SNAPSHOT.jar:?]
	at org.apache.hadoop.ozone.protocolPB.OzoneManagerRequestHandler.handleReadRequest(OzoneManagerRequestHandler.java:252) ~[ozone-manager-1.4.0-SNAPSHOT.jar:?]
	at org.apache.hadoop.ozone.protocolPB.OzoneManagerProtocolServerSideTranslatorPB.submitReadRequestToOM(OzoneManagerProtocolServerSideTranslatorPB.java:225) ~[ozone-manager-1.4.0-SNAPSHOT.jar:?]
	at org.apache.hadoop.ozone.protocolPB.OzoneManagerProtocolServerSideTranslatorPB.processRequest(OzoneManagerProtocolServerSideTranslatorPB.java:179) ~[ozone-manager-1.4.0-SNAPSHOT.jar:?]
	at org.apache.hadoop.hdds.server.OzoneProtocolMessageDispatcher.processRequest(OzoneProtocolMessageDispatcher.java:87) [hdds-server-framework-1.4.0-SNAPSHOT.jar:?]
	at org.apache.hadoop.ozone.protocolPB.OzoneManagerProtocolServerSideTranslatorPB.submitRequest(OzoneManagerProtocolServerSideTranslatorPB.java:148) [ozone-manager-1.4.0-SNAPSHOT.jar:?]
	at org.apache.hadoop.ozone.protocol.proto.OzoneManagerProtocolProtos$OzoneManagerService$2.callBlockingMethod(OzoneManagerProtocolProtos.java) [ozone-interface-client-1.4.0-SNAPSHOT.jar:?]
	at org.apache.hadoop.ipc.ProtobufRpcEngine$Server.processCall(ProtobufRpcEngine.java:484) [hadoop-common-3.3.6.jar:?]
	at org.apache.hadoop.ipc.ProtobufRpcEngine2$Server$ProtoBufRpcInvoker.call(ProtobufRpcEngine2.java:595) [hadoop-common-3.3.6.jar:?]
	at org.apache.hadoop.ipc.ProtobufRpcEngine2$Server$ProtoBufRpcInvoker.call(ProtobufRpcEngine2.java:573) [hadoop-common-3.3.6.jar:?]
	at org.apache.hadoop.ipc.RPC$Server.call(RPC.java:1227) [hadoop-common-3.3.6.jar:?]
	at org.apache.hadoop.ipc.Server$RpcCall.run(Server.java:1094) [hadoop-common-3.3.6.jar:?]
	at org.apache.hadoop.ipc.Server$RpcCall.run(Server.java:1017) [hadoop-common-3.3.6.jar:?]
	at java.security.AccessController.doPrivileged(Native Method) ~[?:1.8.0_382]
	at javax.security.auth.Subject.doAs(Subject.java:422) [?:1.8.0_382]
	at org.apache.hadoop.security.UserGroupInformation.doAs(UserGroupInformation.java:1899) [hadoop-common-3.3.6.jar:?]
	at org.apache.hadoop.ipc.Server$Handler.run(Server.java:3048) [hadoop-common-3.3.6.jar:?]
18:17:02.414 [IPC Server handler 13 on default port 15004] ERROR OMAudit - user=runner | ip=127.0.0.1 | op=GET_FILE_STATUS {volume=volume59479, bucket=bucket48122, key=gdir1/dir5/child, dataSize=0, replicationConfig=null} | ret=FAILURE
org.apache.hadoop.ozone.om.exceptions.OMException: Unable to get file status: volume: volume59479 bucket: bucket48122 key: gdir1/dir5/child
	at org.apache.hadoop.ozone.om.KeyManagerImpl.getOzoneFileStatus(KeyManagerImpl.java:1195) ~[ozone-manager-1.4.0-SNAPSHOT.jar:?]
	at org.apache.hadoop.ozone.om.KeyManagerImpl.getFileStatus(KeyManagerImpl.java:1113) ~[ozone-manager-1.4.0-SNAPSHOT.jar:?]
	at org.apache.hadoop.ozone.om.OmMetadataReader.getFileStatus(OmMetadataReader.java:262) ~[ozone-manager-1.4.0-SNAPSHOT.jar:?]
	at org.apache.hadoop.ozone.om.OzoneManager.getFileStatus(OzoneManager.java:3530) ~[ozone-manager-1.4.0-SNAPSHOT.jar:?]
	at org.apache.hadoop.ozone.protocolPB.OzoneManagerRequestHandler.getOzoneFileStatus(OzoneManagerRequestHandler.java:973) ~[ozone-manager-1.4.0-SNAPSHOT.jar:?]
	at org.apache.hadoop.ozone.protocolPB.OzoneManagerRequestHandler.handleReadRequest(OzoneManagerRequestHandler.java:252) ~[ozone-manager-1.4.0-SNAPSHOT.jar:?]
	at org.apache.hadoop.ozone.protocolPB.OzoneManagerProtocolServerSideTranslatorPB.submitReadRequestToOM(OzoneManagerProtocolServerSideTranslatorPB.java:225) ~[ozone-manager-1.4.0-SNAPSHOT.jar:?]
	at org.apache.hadoop.ozone.protocolPB.OzoneManagerProtocolServerSideTranslatorPB.processRequest(OzoneManagerProtocolServerSideTranslatorPB.java:179) ~[ozone-manager-1.4.0-SNAPSHOT.jar:?]
	at org.apache.hadoop.hdds.server.OzoneProtocolMessageDispatcher.processRequest(OzoneProtocolMessageDispatcher.java:87) [hdds-server-framework-1.4.0-SNAPSHOT.jar:?]
	at org.apache.hadoop.ozone.protocolPB.OzoneManagerProtocolServerSideTranslatorPB.submitRequest(OzoneManagerProtocolServerSideTranslatorPB.java:148) [ozone-manager-1.4.0-SNAPSHOT.jar:?]
	at org.apache.hadoop.ozone.protocol.proto.OzoneManagerProtocolProtos$OzoneManagerService$2.callBlockingMethod(OzoneManagerProtocolProtos.java) [ozone-interface-client-1.4.0-SNAPSHOT.jar:?]
	at org.apache.hadoop.ipc.ProtobufRpcEngine$Server.processCall(ProtobufRpcEngine.java:484) [hadoop-common-3.3.6.jar:?]
	at org.apache.hadoop.ipc.ProtobufRpcEngine2$Server$ProtoBufRpcInvoker.call(ProtobufRpcEngine2.java:595) [hadoop-common-3.3.6.jar:?]
	at org.apache.hadoop.ipc.ProtobufRpcEngine2$Server$ProtoBufRpcInvoker.call(ProtobufRpcEngine2.java:573) [hadoop-common-3.3.6.jar:?]
	at org.apache.hadoop.ipc.RPC$Server.call(RPC.java:1227) [hadoop-common-3.3.6.jar:?]
	at org.apache.hadoop.ipc.Server$RpcCall.run(Server.java:1094) [hadoop-common-3.3.6.jar:?]
	at org.apache.hadoop.ipc.Server$RpcCall.run(Server.java:1017) [hadoop-common-3.3.6.jar:?]
	at java.security.AccessController.doPrivileged(Native Method) ~[?:1.8.0_382]
	at javax.security.auth.Subject.doAs(Subject.java:422) [?:1.8.0_382]
	at org.apache.hadoop.security.UserGroupInformation.doAs(UserGroupInformation.java:1899) [hadoop-common-3.3.6.jar:?]
	at org.apache.hadoop.ipc.Server$Handler.run(Server.java:3048) [hadoop-common-3.3.6.jar:?]
18:17:02.416 [IPC Server handler 16 on default port 15004] ERROR OMAudit - user=runner | ip=127.0.0.1 | op=GET_FILE_STATUS {volume=volume59479, bucket=bucket48122, key=gdir1/dir6, dataSize=0, replicationConfig=null} | ret=FAILURE
org.apache.hadoop.ozone.om.exceptions.OMException: Unable to get file status: volume: volume59479 bucket: bucket48122 key: gdir1/dir6
	at org.apache.hadoop.ozone.om.KeyManagerImpl.getOzoneFileStatus(KeyManagerImpl.java:1195) ~[ozone-manager-1.4.0-SNAPSHOT.jar:?]
	at org.apache.hadoop.ozone.om.KeyManagerImpl.getFileStatus(KeyManagerImpl.java:1113) ~[ozone-manager-1.4.0-SNAPSHOT.jar:?]
	at org.apache.hadoop.ozone.om.OmMetadataReader.getFileStatus(OmMetadataReader.java:262) ~[ozone-manager-1.4.0-SNAPSHOT.jar:?]
	at org.apache.hadoop.ozone.om.OzoneManager.getFileStatus(OzoneManager.java:3530) ~[ozone-manager-1.4.0-SNAPSHOT.jar:?]
	at org.apache.hadoop.ozone.protocolPB.OzoneManagerRequestHandler.getOzoneFileStatus(OzoneManagerRequestHandler.java:973) ~[ozone-manager-1.4.0-SNAPSHOT.jar:?]
	at org.apache.hadoop.ozone.protocolPB.OzoneManagerRequestHandler.handleReadRequest(OzoneManagerRequestHandler.java:252) ~[ozone-manager-1.4.0-SNAPSHOT.jar:?]
	at org.apache.hadoop.ozone.protocolPB.OzoneManagerProtocolServerSideTranslatorPB.submitReadRequestToOM(OzoneManagerProtocolServerSideTranslatorPB.java:225) ~[ozone-manager-1.4.0-SNAPSHOT.jar:?]
	at org.apache.hadoop.ozone.protocolPB.OzoneManagerProtocolServerSideTranslatorPB.processRequest(OzoneManagerProtocolServerSideTranslatorPB.java:179) ~[ozone-manager-1.4.0-SNAPSHOT.jar:?]
	at org.apache.hadoop.hdds.server.OzoneProtocolMessageDispatcher.processRequest(OzoneProtocolMessageDispatcher.java:87) [hdds-server-framework-1.4.0-SNAPSHOT.jar:?]
	at org.apache.hadoop.ozone.protocolPB.OzoneManagerProtocolServerSideTranslatorPB.submitRequest(OzoneManagerProtocolServerSideTranslatorPB.java:148) [ozone-manager-1.4.0-SNAPSHOT.jar:?]
	at org.apache.hadoop.ozone.protocol.proto.OzoneManagerProtocolProtos$OzoneManagerService$2.callBlockingMethod(OzoneManagerProtocolProtos.java) [ozone-interface-client-1.4.0-SNAPSHOT.jar:?]
	at org.apache.hadoop.ipc.ProtobufRpcEngine$Server.processCall(ProtobufRpcEngine.java:484) [hadoop-common-3.3.6.jar:?]
	at org.apache.hadoop.ipc.ProtobufRpcEngine2$Server$ProtoBufRpcInvoker.call(ProtobufRpcEngine2.java:595) [hadoop-common-3.3.6.jar:?]
	at org.apache.hadoop.ipc.ProtobufRpcEngine2$Server$ProtoBufRpcInvoker.call(ProtobufRpcEngine2.java:573) [hadoop-common-3.3.6.jar:?]
	at org.apache.hadoop.ipc.RPC$Server.call(RPC.java:1227) [hadoop-common-3.3.6.jar:?]
	at org.apache.hadoop.ipc.Server$RpcCall.run(Server.java:1094) [hadoop-common-3.3.6.jar:?]
	at org.apache.hadoop.ipc.Server$RpcCall.run(Server.java:1017) [hadoop-common-3.3.6.jar:?]
	at java.security.AccessController.doPrivileged(Native Method) ~[?:1.8.0_382]
	at javax.security.auth.Subject.doAs(Subject.java:422) [?:1.8.0_382]
	at org.apache.hadoop.security.UserGroupInformation.doAs(UserGroupInformation.java:1899) [hadoop-common-3.3.6.jar:?]
	at org.apache.hadoop.ipc.Server$Handler.run(Server.java:3048) [hadoop-common-3.3.6.jar:?]
18:17:02.419 [IPC Server handler 15 on default port 15004] ERROR OMAudit - user=runner | ip=127.0.0.1 | op=GET_FILE_STATUS {volume=volume59479, bucket=bucket48122, key=gdir1/dir6/child, dataSize=0, replicationConfig=null} | ret=FAILURE
org.apache.hadoop.ozone.om.exceptions.OMException: Unable to get file status: volume: volume59479 bucket: bucket48122 key: gdir1/dir6/child
	at org.apache.hadoop.ozone.om.KeyManagerImpl.getOzoneFileStatus(KeyManagerImpl.java:1195) ~[ozone-manager-1.4.0-SNAPSHOT.jar:?]
	at org.apache.hadoop.ozone.om.KeyManagerImpl.getFileStatus(KeyManagerImpl.java:1113) ~[ozone-manager-1.4.0-SNAPSHOT.jar:?]
	at org.apache.hadoop.ozone.om.OmMetadataReader.getFileStatus(OmMetadataReader.java:262) ~[ozone-manager-1.4.0-SNAPSHOT.jar:?]
	at org.apache.hadoop.ozone.om.OzoneManager.getFileStatus(OzoneManager.java:3530) ~[ozone-manager-1.4.0-SNAPSHOT.jar:?]
	at org.apache.hadoop.ozone.protocolPB.OzoneManagerRequestHandler.getOzoneFileStatus(OzoneManagerRequestHandler.java:973) ~[ozone-manager-1.4.0-SNAPSHOT.jar:?]
	at org.apache.hadoop.ozone.protocolPB.OzoneManagerRequestHandler.handleReadRequest(OzoneManagerRequestHandler.java:252) ~[ozone-manager-1.4.0-SNAPSHOT.jar:?]
	at org.apache.hadoop.ozone.protocolPB.OzoneManagerProtocolServerSideTranslatorPB.submitReadRequestToOM(OzoneManagerProtocolServerSideTranslatorPB.java:225) ~[ozone-manager-1.4.0-SNAPSHOT.jar:?]
	at org.apache.hadoop.ozone.protocolPB.OzoneManagerProtocolServerSideTranslatorPB.processRequest(OzoneManagerProtocolServerSideTranslatorPB.java:179) ~[ozone-manager-1.4.0-SNAPSHOT.jar:?]
	at org.apache.hadoop.hdds.server.OzoneProtocolMessageDispatcher.processRequest(OzoneProtocolMessageDispatcher.java:87) [hdds-server-framework-1.4.0-SNAPSHOT.jar:?]
	at org.apache.hadoop.ozone.protocolPB.OzoneManagerProtocolServerSideTranslatorPB.submitRequest(OzoneManagerProtocolServerSideTranslatorPB.java:148) [ozone-manager-1.4.0-SNAPSHOT.jar:?]
	at org.apache.hadoop.ozone.protocol.proto.OzoneManagerProtocolProtos$OzoneManagerService$2.callBlockingMethod(OzoneManagerProtocolProtos.java) [ozone-interface-client-1.4.0-SNAPSHOT.jar:?]
	at org.apache.hadoop.ipc.ProtobufRpcEngine$Server.processCall(ProtobufRpcEngine.java:484) [hadoop-common-3.3.6.jar:?]
	at org.apache.hadoop.ipc.ProtobufRpcEngine2$Server$ProtoBufRpcInvoker.call(ProtobufRpcEngine2.java:595) [hadoop-common-3.3.6.jar:?]
	at org.apache.hadoop.ipc.ProtobufRpcEngine2$Server$ProtoBufRpcInvoker.call(ProtobufRpcEngine2.java:573) [hadoop-common-3.3.6.jar:?]
	at org.apache.hadoop.ipc.RPC$Server.call(RPC.java:1227) [hadoop-common-3.3.6.jar:?]
	at org.apache.hadoop.ipc.Server$RpcCall.run(Server.java:1094) [hadoop-common-3.3.6.jar:?]
	at org.apache.hadoop.ipc.Server$RpcCall.run(Server.java:1017) [hadoop-common-3.3.6.jar:?]
	at java.security.AccessController.doPrivileged(Native Method) ~[?:1.8.0_382]
	at javax.security.auth.Subject.doAs(Subject.java:422) [?:1.8.0_382]
	at org.apache.hadoop.security.UserGroupInformation.doAs(UserGroupInformation.java:1899) [hadoop-common-3.3.6.jar:?]
	at org.apache.hadoop.ipc.Server$Handler.run(Server.java:3048) [hadoop-common-3.3.6.jar:?]
18:17:02.421 [IPC Server handler 17 on default port 15004] ERROR OMAudit - user=runner | ip=127.0.0.1 | op=GET_FILE_STATUS {volume=volume59479, bucket=bucket48122, key=gdir1/dir7, dataSize=0, replicationConfig=null} | ret=FAILURE
org.apache.hadoop.ozone.om.exceptions.OMException: Unable to get file status: volume: volume59479 bucket: bucket48122 key: gdir1/dir7
	at org.apache.hadoop.ozone.om.KeyManagerImpl.getOzoneFileStatus(KeyManagerImpl.java:1195) ~[ozone-manager-1.4.0-SNAPSHOT.jar:?]
	at org.apache.hadoop.ozone.om.KeyManagerImpl.getFileStatus(KeyManagerImpl.java:1113) ~[ozone-manager-1.4.0-SNAPSHOT.jar:?]
	at org.apache.hadoop.ozone.om.OmMetadataReader.getFileStatus(OmMetadataReader.java:262) ~[ozone-manager-1.4.0-SNAPSHOT.jar:?]
	at org.apache.hadoop.ozone.om.OzoneManager.getFileStatus(OzoneManager.java:3530) ~[ozone-manager-1.4.0-SNAPSHOT.jar:?]
	at org.apache.hadoop.ozone.protocolPB.OzoneManagerRequestHandler.getOzoneFileStatus(OzoneManagerRequestHandler.java:973) ~[ozone-manager-1.4.0-SNAPSHOT.jar:?]
	at org.apache.hadoop.ozone.protocolPB.OzoneManagerRequestHandler.handleReadRequest(OzoneManagerRequestHandler.java:252) ~[ozone-manager-1.4.0-SNAPSHOT.jar:?]
	at org.apache.hadoop.ozone.protocolPB.OzoneManagerProtocolServerSideTranslatorPB.submitReadRequestToOM(OzoneManagerProtocolServerSideTranslatorPB.java:225) ~[ozone-manager-1.4.0-SNAPSHOT.jar:?]
	at org.apache.hadoop.ozone.protocolPB.OzoneManagerProtocolServerSideTranslatorPB.processRequest(OzoneManagerProtocolServerSideTranslatorPB.java:179) ~[ozone-manager-1.4.0-SNAPSHOT.jar:?]
	at org.apache.hadoop.hdds.server.OzoneProtocolMessageDispatcher.processRequest(OzoneProtocolMessageDispatcher.java:87) [hdds-server-framework-1.4.0-SNAPSHOT.jar:?]
	at org.apache.hadoop.ozone.protocolPB.OzoneManagerProtocolServerSideTranslatorPB.submitRequest(OzoneManagerProtocolServerSideTranslatorPB.java:148) [ozone-manager-1.4.0-SNAPSHOT.jar:?]
	at org.apache.hadoop.ozone.protocol.proto.OzoneManagerProtocolProtos$OzoneManagerService$2.callBlockingMethod(OzoneManagerProtocolProtos.java) [ozone-interface-client-1.4.0-SNAPSHOT.jar:?]
	at org.apache.hadoop.ipc.ProtobufRpcEngine$Server.processCall(ProtobufRpcEngine.java:484) [hadoop-common-3.3.6.jar:?]
	at org.apache.hadoop.ipc.ProtobufRpcEngine2$Server$ProtoBufRpcInvoker.call(ProtobufRpcEngine2.java:595) [hadoop-common-3.3.6.jar:?]
	at org.apache.hadoop.ipc.ProtobufRpcEngine2$Server$ProtoBufRpcInvoker.call(ProtobufRpcEngine2.java:573) [hadoop-common-3.3.6.jar:?]
	at org.apache.hadoop.ipc.RPC$Server.call(RPC.java:1227) [hadoop-common-3.3.6.jar:?]
	at org.apache.hadoop.ipc.Server$RpcCall.run(Server.java:1094) [hadoop-common-3.3.6.jar:?]
	at org.apache.hadoop.ipc.Server$RpcCall.run(Server.java:1017) [hadoop-common-3.3.6.jar:?]
	at java.security.AccessController.doPrivileged(Native Method) ~[?:1.8.0_382]
	at javax.security.auth.Subject.doAs(Subject.java:422) [?:1.8.0_382]
	at org.apache.hadoop.security.UserGroupInformation.doAs(UserGroupInformation.java:1899) [hadoop-common-3.3.6.jar:?]
	at org.apache.hadoop.ipc.Server$Handler.run(Server.java:3048) [hadoop-common-3.3.6.jar:?]
18:17:02.423 [IPC Server handler 18 on default port 15004] ERROR OMAudit - user=runner | ip=127.0.0.1 | op=GET_FILE_STATUS {volume=volume59479, bucket=bucket48122, key=gdir1/dir7/child, dataSize=0, replicationConfig=null} | ret=FAILURE
org.apache.hadoop.ozone.om.exceptions.OMException: Unable to get file status: volume: volume59479 bucket: bucket48122 key: gdir1/dir7/child
	at org.apache.hadoop.ozone.om.KeyManagerImpl.getOzoneFileStatus(KeyManagerImpl.java:1195) ~[ozone-manager-1.4.0-SNAPSHOT.jar:?]
	at org.apache.hadoop.ozone.om.KeyManagerImpl.getFileStatus(KeyManagerImpl.java:1113) ~[ozone-manager-1.4.0-SNAPSHOT.jar:?]
	at org.apache.hadoop.ozone.om.OmMetadataReader.getFileStatus(OmMetadataReader.java:262) ~[ozone-manager-1.4.0-SNAPSHOT.jar:?]
	at org.apache.hadoop.ozone.om.OzoneManager.getFileStatus(OzoneManager.java:3530) ~[ozone-manager-1.4.0-SNAPSHOT.jar:?]
	at org.apache.hadoop.ozone.protocolPB.OzoneManagerRequestHandler.getOzoneFileStatus(OzoneManagerRequestHandler.java:973) ~[ozone-manager-1.4.0-SNAPSHOT.jar:?]
	at org.apache.hadoop.ozone.protocolPB.OzoneManagerRequestHandler.handleReadRequest(OzoneManagerRequestHandler.java:252) ~[ozone-manager-1.4.0-SNAPSHOT.jar:?]
	at org.apache.hadoop.ozone.protocolPB.OzoneManagerProtocolServerSideTranslatorPB.submitReadRequestToOM(OzoneManagerProtocolServerSideTranslatorPB.java:225) ~[ozone-manager-1.4.0-SNAPSHOT.jar:?]
	at org.apache.hadoop.ozone.protocolPB.OzoneManagerProtocolServerSideTranslatorPB.processRequest(OzoneManagerProtocolServerSideTranslatorPB.java:179) ~[ozone-manager-1.4.0-SNAPSHOT.jar:?]
	at org.apache.hadoop.hdds.server.OzoneProtocolMessageDispatcher.processRequest(OzoneProtocolMessageDispatcher.java:87) [hdds-server-framework-1.4.0-SNAPSHOT.jar:?]
	at org.apache.hadoop.ozone.protocolPB.OzoneManagerProtocolServerSideTranslatorPB.submitRequest(OzoneManagerProtocolServerSideTranslatorPB.java:148) [ozone-manager-1.4.0-SNAPSHOT.jar:?]
	at org.apache.hadoop.ozone.protocol.proto.OzoneManagerProtocolProtos$OzoneManagerService$2.callBlockingMethod(OzoneManagerProtocolProtos.java) [ozone-interface-client-1.4.0-SNAPSHOT.jar:?]
	at org.apache.hadoop.ipc.ProtobufRpcEngine$Server.processCall(ProtobufRpcEngine.java:484) [hadoop-common-3.3.6.jar:?]
	at org.apache.hadoop.ipc.ProtobufRpcEngine2$Server$ProtoBufRpcInvoker.call(ProtobufRpcEngine2.java:595) [hadoop-common-3.3.6.jar:?]
	at org.apache.hadoop.ipc.ProtobufRpcEngine2$Server$ProtoBufRpcInvoker.call(ProtobufRpcEngine2.java:573) [hadoop-common-3.3.6.jar:?]
	at org.apache.hadoop.ipc.RPC$Server.call(RPC.java:1227) [hadoop-common-3.3.6.jar:?]
	at org.apache.hadoop.ipc.Server$RpcCall.run(Server.java:1094) [hadoop-common-3.3.6.jar:?]
	at org.apache.hadoop.ipc.Server$RpcCall.run(Server.java:1017) [hadoop-common-3.3.6.jar:?]
	at java.security.AccessController.doPrivileged(Native Method) ~[?:1.8.0_382]
	at javax.security.auth.Subject.doAs(Subject.java:422) [?:1.8.0_382]
	at org.apache.hadoop.security.UserGroupInformation.doAs(UserGroupInformation.java:1899) [hadoop-common-3.3.6.jar:?]
	at org.apache.hadoop.ipc.Server$Handler.run(Server.java:3048) [hadoop-common-3.3.6.jar:?]
18:17:02.425 [IPC Server handler 7 on default port 15004] ERROR OMAudit - user=runner | ip=127.0.0.1 | op=GET_FILE_STATUS {volume=volume59479, bucket=bucket48122, key=gdir1/dir8, dataSize=0, replicationConfig=null} | ret=FAILURE
org.apache.hadoop.ozone.om.exceptions.OMException: Unable to get file status: volume: volume59479 bucket: bucket48122 key: gdir1/dir8
	at org.apache.hadoop.ozone.om.KeyManagerImpl.getOzoneFileStatus(KeyManagerImpl.java:1195) ~[ozone-manager-1.4.0-SNAPSHOT.jar:?]
	at org.apache.hadoop.ozone.om.KeyManagerImpl.getFileStatus(KeyManagerImpl.java:1113) ~[ozone-manager-1.4.0-SNAPSHOT.jar:?]
	at org.apache.hadoop.ozone.om.OmMetadataReader.getFileStatus(OmMetadataReader.java:262) ~[ozone-manager-1.4.0-SNAPSHOT.jar:?]
	at org.apache.hadoop.ozone.om.OzoneManager.getFileStatus(OzoneManager.java:3530) ~[ozone-manager-1.4.0-SNAPSHOT.jar:?]
	at org.apache.hadoop.ozone.protocolPB.OzoneManagerRequestHandler.getOzoneFileStatus(OzoneManagerRequestHandler.java:973) ~[ozone-manager-1.4.0-SNAPSHOT.jar:?]
	at org.apache.hadoop.ozone.protocolPB.OzoneManagerRequestHandler.handleReadRequest(OzoneManagerRequestHandler.java:252) ~[ozone-manager-1.4.0-SNAPSHOT.jar:?]
	at org.apache.hadoop.ozone.protocolPB.OzoneManagerProtocolServerSideTranslatorPB.submitReadRequestToOM(OzoneManagerProtocolServerSideTranslatorPB.java:225) ~[ozone-manager-1.4.0-SNAPSHOT.jar:?]
	at org.apache.hadoop.ozone.protocolPB.OzoneManagerProtocolServerSideTranslatorPB.processRequest(OzoneManagerProtocolServerSideTranslatorPB.java:179) ~[ozone-manager-1.4.0-SNAPSHOT.jar:?]
	at org.apache.hadoop.hdds.server.OzoneProtocolMessageDispatcher.processRequest(OzoneProtocolMessageDispatcher.java:87) [hdds-server-framework-1.4.0-SNAPSHOT.jar:?]
	at org.apache.hadoop.ozone.protocolPB.OzoneManagerProtocolServerSideTranslatorPB.submitRequest(OzoneManagerProtocolServerSideTranslatorPB.java:148) [ozone-manager-1.4.0-SNAPSHOT.jar:?]
	at org.apache.hadoop.ozone.protocol.proto.OzoneManagerProtocolProtos$OzoneManagerService$2.callBlockingMethod(OzoneManagerProtocolProtos.java) [ozone-interface-client-1.4.0-SNAPSHOT.jar:?]
	at org.apache.hadoop.ipc.ProtobufRpcEngine$Server.processCall(ProtobufRpcEngine.java:484) [hadoop-common-3.3.6.jar:?]
	at org.apache.hadoop.ipc.ProtobufRpcEngine2$Server$ProtoBufRpcInvoker.call(ProtobufRpcEngine2.java:595) [hadoop-common-3.3.6.jar:?]
	at org.apache.hadoop.ipc.ProtobufRpcEngine2$Server$ProtoBufRpcInvoker.call(ProtobufRpcEngine2.java:573) [hadoop-common-3.3.6.jar:?]
	at org.apache.hadoop.ipc.RPC$Server.call(RPC.java:1227) [hadoop-common-3.3.6.jar:?]
	at org.apache.hadoop.ipc.Server$RpcCall.run(Server.java:1094) [hadoop-common-3.3.6.jar:?]
	at org.apache.hadoop.ipc.Server$RpcCall.run(Server.java:1017) [hadoop-common-3.3.6.jar:?]
	at java.security.AccessController.doPrivileged(Native Method) ~[?:1.8.0_382]
	at javax.security.auth.Subject.doAs(Subject.java:422) [?:1.8.0_382]
	at org.apache.hadoop.security.UserGroupInformation.doAs(UserGroupInformation.java:1899) [hadoop-common-3.3.6.jar:?]
	at org.apache.hadoop.ipc.Server$Handler.run(Server.java:3048) [hadoop-common-3.3.6.jar:?]
18:17:02.433 [IPC Server handler 19 on default port 15004] ERROR OMAudit - user=runner | ip=127.0.0.1 | op=GET_FILE_STATUS {volume=volume59479, bucket=bucket48122, key=gdir1/dir8/child, dataSize=0, replicationConfig=null} | ret=FAILURE
org.apache.hadoop.ozone.om.exceptions.OMException: Unable to get file status: volume: volume59479 bucket: bucket48122 key: gdir1/dir8/child
	at org.apache.hadoop.ozone.om.KeyManagerImpl.getOzoneFileStatus(KeyManagerImpl.java:1195) ~[ozone-manager-1.4.0-SNAPSHOT.jar:?]
	at org.apache.hadoop.ozone.om.KeyManagerImpl.getFileStatus(KeyManagerImpl.java:1113) ~[ozone-manager-1.4.0-SNAPSHOT.jar:?]
	at org.apache.hadoop.ozone.om.OmMetadataReader.getFileStatus(OmMetadataReader.java:262) ~[ozone-manager-1.4.0-SNAPSHOT.jar:?]
	at org.apache.hadoop.ozone.om.OzoneManager.getFileStatus(OzoneManager.java:3530) ~[ozone-manager-1.4.0-SNAPSHOT.jar:?]
	at org.apache.hadoop.ozone.protocolPB.OzoneManagerRequestHandler.getOzoneFileStatus(OzoneManagerRequestHandler.java:973) ~[ozone-manager-1.4.0-SNAPSHOT.jar:?]
	at org.apache.hadoop.ozone.protocolPB.OzoneManagerRequestHandler.handleReadRequest(OzoneManagerRequestHandler.java:252) ~[ozone-manager-1.4.0-SNAPSHOT.jar:?]
	at org.apache.hadoop.ozone.protocolPB.OzoneManagerProtocolServerSideTranslatorPB.submitReadRequestToOM(OzoneManagerProtocolServerSideTranslatorPB.java:225) ~[ozone-manager-1.4.0-SNAPSHOT.jar:?]
	at org.apache.hadoop.ozone.protocolPB.OzoneManagerProtocolServerSideTranslatorPB.processRequest(OzoneManagerProtocolServerSideTranslatorPB.java:179) ~[ozone-manager-1.4.0-SNAPSHOT.jar:?]
	at org.apache.hadoop.hdds.server.OzoneProtocolMessageDispatcher.processRequest(OzoneProtocolMessageDispatcher.java:87) [hdds-server-framework-1.4.0-SNAPSHOT.jar:?]
	at org.apache.hadoop.ozone.protocolPB.OzoneManagerProtocolServerSideTranslatorPB.submitRequest(OzoneManagerProtocolServerSideTranslatorPB.java:148) [ozone-manager-1.4.0-SNAPSHOT.jar:?]
	at org.apache.hadoop.ozone.protocol.proto.OzoneManagerProtocolProtos$OzoneManagerService$2.callBlockingMethod(OzoneManagerProtocolProtos.java) [ozone-interface-client-1.4.0-SNAPSHOT.jar:?]
	at org.apache.hadoop.ipc.ProtobufRpcEngine$Server.processCall(ProtobufRpcEngine.java:484) [hadoop-common-3.3.6.jar:?]
	at org.apache.hadoop.ipc.ProtobufRpcEngine2$Server$ProtoBufRpcInvoker.call(ProtobufRpcEngine2.java:595) [hadoop-common-3.3.6.jar:?]
	at org.apache.hadoop.ipc.ProtobufRpcEngine2$Server$ProtoBufRpcInvoker.call(ProtobufRpcEngine2.java:573) [hadoop-common-3.3.6.jar:?]
	at org.apache.hadoop.ipc.RPC$Server.call(RPC.java:1227) [hadoop-common-3.3.6.jar:?]
	at org.apache.hadoop.ipc.Server$RpcCall.run(Server.java:1094) [hadoop-common-3.3.6.jar:?]
	at org.apache.hadoop.ipc.Server$RpcCall.run(Server.java:1017) [hadoop-common-3.3.6.jar:?]
	at java.security.AccessController.doPrivileged(Native Method) ~[?:1.8.0_382]
	at javax.security.auth.Subject.doAs(Subject.java:422) [?:1.8.0_382]
	at org.apache.hadoop.security.UserGroupInformation.doAs(UserGroupInformation.java:1899) [hadoop-common-3.3.6.jar:?]
	at org.apache.hadoop.ipc.Server$Handler.run(Server.java:3048) [hadoop-common-3.3.6.jar:?]
18:17:02.435 [IPC Server handler 9 on default port 15004] ERROR OMAudit - user=runner | ip=127.0.0.1 | op=GET_FILE_STATUS {volume=volume59479, bucket=bucket48122, key=gdir1/dir9, dataSize=0, replicationConfig=null} | ret=FAILURE
org.apache.hadoop.ozone.om.exceptions.OMException: Unable to get file status: volume: volume59479 bucket: bucket48122 key: gdir1/dir9
	at org.apache.hadoop.ozone.om.KeyManagerImpl.getOzoneFileStatus(KeyManagerImpl.java:1195) ~[ozone-manager-1.4.0-SNAPSHOT.jar:?]
	at org.apache.hadoop.ozone.om.KeyManagerImpl.getFileStatus(KeyManagerImpl.java:1113) ~[ozone-manager-1.4.0-SNAPSHOT.jar:?]
	at org.apache.hadoop.ozone.om.OmMetadataReader.getFileStatus(OmMetadataReader.java:262) ~[ozone-manager-1.4.0-SNAPSHOT.jar:?]
	at org.apache.hadoop.ozone.om.OzoneManager.getFileStatus(OzoneManager.java:3530) ~[ozone-manager-1.4.0-SNAPSHOT.jar:?]
	at org.apache.hadoop.ozone.protocolPB.OzoneManagerRequestHandler.getOzoneFileStatus(OzoneManagerRequestHandler.java:973) ~[ozone-manager-1.4.0-SNAPSHOT.jar:?]
	at org.apache.hadoop.ozone.protocolPB.OzoneManagerRequestHandler.handleReadRequest(OzoneManagerRequestHandler.java:252) ~[ozone-manager-1.4.0-SNAPSHOT.jar:?]
	at org.apache.hadoop.ozone.protocolPB.OzoneManagerProtocolServerSideTranslatorPB.submitReadRequestToOM(OzoneManagerProtocolServerSideTranslatorPB.java:225) ~[ozone-manager-1.4.0-SNAPSHOT.jar:?]
	at org.apache.hadoop.ozone.protocolPB.OzoneManagerProtocolServerSideTranslatorPB.processRequest(OzoneManagerProtocolServerSideTranslatorPB.java:179) ~[ozone-manager-1.4.0-SNAPSHOT.jar:?]
	at org.apache.hadoop.hdds.server.OzoneProtocolMessageDispatcher.processRequest(OzoneProtocolMessageDispatcher.java:87) [hdds-server-framework-1.4.0-SNAPSHOT.jar:?]
	at org.apache.hadoop.ozone.protocolPB.OzoneManagerProtocolServerSideTranslatorPB.submitRequest(OzoneManagerProtocolServerSideTranslatorPB.java:148) [ozone-manager-1.4.0-SNAPSHOT.jar:?]
	at org.apache.hadoop.ozone.protocol.proto.OzoneManagerProtocolProtos$OzoneManagerService$2.callBlockingMethod(OzoneManagerProtocolProtos.java) [ozone-interface-client-1.4.0-SNAPSHOT.jar:?]
	at org.apache.hadoop.ipc.ProtobufRpcEngine$Server.processCall(ProtobufRpcEngine.java:484) [hadoop-common-3.3.6.jar:?]
	at org.apache.hadoop.ipc.ProtobufRpcEngine2$Server$ProtoBufRpcInvoker.call(ProtobufRpcEngine2.java:595) [hadoop-common-3.3.6.jar:?]
	at org.apache.hadoop.ipc.ProtobufRpcEngine2$Server$ProtoBufRpcInvoker.call(ProtobufRpcEngine2.java:573) [hadoop-common-3.3.6.jar:?]
	at org.apache.hadoop.ipc.RPC$Server.call(RPC.java:1227) [hadoop-common-3.3.6.jar:?]
	at org.apache.hadoop.ipc.Server$RpcCall.run(Server.java:1094) [hadoop-common-3.3.6.jar:?]
	at org.apache.hadoop.ipc.Server$RpcCall.run(Server.java:1017) [hadoop-common-3.3.6.jar:?]
	at java.security.AccessController.doPrivileged(Native Method) ~[?:1.8.0_382]
	at javax.security.auth.Subject.doAs(Subject.java:422) [?:1.8.0_382]
	at org.apache.hadoop.security.UserGroupInformation.doAs(UserGroupInformation.java:1899) [hadoop-common-3.3.6.jar:?]
	at org.apache.hadoop.ipc.Server$Handler.run(Server.java:3048) [hadoop-common-3.3.6.jar:?]
18:17:02.438 [IPC Server handler 1 on default port 15004] ERROR OMAudit - user=runner | ip=127.0.0.1 | op=GET_FILE_STATUS {volume=volume59479, bucket=bucket48122, key=gdir1/dir9/child, dataSize=0, replicationConfig=null} | ret=FAILURE
org.apache.hadoop.ozone.om.exceptions.OMException: Unable to get file status: volume: volume59479 bucket: bucket48122 key: gdir1/dir9/child
	at org.apache.hadoop.ozone.om.KeyManagerImpl.getOzoneFileStatus(KeyManagerImpl.java:1195) ~[ozone-manager-1.4.0-SNAPSHOT.jar:?]
	at org.apache.hadoop.ozone.om.KeyManagerImpl.getFileStatus(KeyManagerImpl.java:1113) ~[ozone-manager-1.4.0-SNAPSHOT.jar:?]
	at org.apache.hadoop.ozone.om.OmMetadataReader.getFileStatus(OmMetadataReader.java:262) ~[ozone-manager-1.4.0-SNAPSHOT.jar:?]
	at org.apache.hadoop.ozone.om.OzoneManager.getFileStatus(OzoneManager.java:3530) ~[ozone-manager-1.4.0-SNAPSHOT.jar:?]
	at org.apache.hadoop.ozone.protocolPB.OzoneManagerRequestHandler.getOzoneFileStatus(OzoneManagerRequestHandler.java:973) ~[ozone-manager-1.4.0-SNAPSHOT.jar:?]
	at org.apache.hadoop.ozone.protocolPB.OzoneManagerRequestHandler.handleReadRequest(OzoneManagerRequestHandler.java:252) ~[ozone-manager-1.4.0-SNAPSHOT.jar:?]
	at org.apache.hadoop.ozone.protocolPB.OzoneManagerProtocolServerSideTranslatorPB.submitReadRequestToOM(OzoneManagerProtocolServerSideTranslatorPB.java:225) ~[ozone-manager-1.4.0-SNAPSHOT.jar:?]
	at org.apache.hadoop.ozone.protocolPB.OzoneManagerProtocolServerSideTranslatorPB.processRequest(OzoneManagerProtocolServerSideTranslatorPB.java:179) ~[ozone-manager-1.4.0-SNAPSHOT.jar:?]
	at org.apache.hadoop.hdds.server.OzoneProtocolMessageDispatcher.processRequest(OzoneProtocolMessageDispatcher.java:87) [hdds-server-framework-1.4.0-SNAPSHOT.jar:?]
	at org.apache.hadoop.ozone.protocolPB.OzoneManagerProtocolServerSideTranslatorPB.submitRequest(OzoneManagerProtocolServerSideTranslatorPB.java:148) [ozone-manager-1.4.0-SNAPSHOT.jar:?]
	at org.apache.hadoop.ozone.protocol.proto.OzoneManagerProtocolProtos$OzoneManagerService$2.callBlockingMethod(OzoneManagerProtocolProtos.java) [ozone-interface-client-1.4.0-SNAPSHOT.jar:?]
	at org.apache.hadoop.ipc.ProtobufRpcEngine$Server.processCall(ProtobufRpcEngine.java:484) [hadoop-common-3.3.6.jar:?]
	at org.apache.hadoop.ipc.ProtobufRpcEngine2$Server$ProtoBufRpcInvoker.call(ProtobufRpcEngine2.java:595) [hadoop-common-3.3.6.jar:?]
	at org.apache.hadoop.ipc.ProtobufRpcEngine2$Server$ProtoBufRpcInvoker.call(ProtobufRpcEngine2.java:573) [hadoop-common-3.3.6.jar:?]
	at org.apache.hadoop.ipc.RPC$Server.call(RPC.java:1227) [hadoop-common-3.3.6.jar:?]
	at org.apache.hadoop.ipc.Server$RpcCall.run(Server.java:1094) [hadoop-common-3.3.6.jar:?]
	at org.apache.hadoop.ipc.Server$RpcCall.run(Server.java:1017) [hadoop-common-3.3.6.jar:?]
	at java.security.AccessController.doPrivileged(Native Method) ~[?:1.8.0_382]
	at javax.security.auth.Subject.doAs(Subject.java:422) [?:1.8.0_382]
	at org.apache.hadoop.security.UserGroupInformation.doAs(UserGroupInformation.java:1899) [hadoop-common-3.3.6.jar:?]
	at org.apache.hadoop.ipc.Server$Handler.run(Server.java:3048) [hadoop-common-3.3.6.jar:?]
18:17:02.440 [IPC Server handler 2 on default port 15004] ERROR OMAudit - user=runner | ip=127.0.0.1 | op=GET_FILE_STATUS {volume=volume59479, bucket=bucket48122, key=gdir1/dir10, dataSize=0, replicationConfig=null} | ret=FAILURE
org.apache.hadoop.ozone.om.exceptions.OMException: Unable to get file status: volume: volume59479 bucket: bucket48122 key: gdir1/dir10
	at org.apache.hadoop.ozone.om.KeyManagerImpl.getOzoneFileStatus(KeyManagerImpl.java:1195) ~[ozone-manager-1.4.0-SNAPSHOT.jar:?]
	at org.apache.hadoop.ozone.om.KeyManagerImpl.getFileStatus(KeyManagerImpl.java:1113) ~[ozone-manager-1.4.0-SNAPSHOT.jar:?]
	at org.apache.hadoop.ozone.om.OmMetadataReader.getFileStatus(OmMetadataReader.java:262) ~[ozone-manager-1.4.0-SNAPSHOT.jar:?]
	at org.apache.hadoop.ozone.om.OzoneManager.getFileStatus(OzoneManager.java:3530) ~[ozone-manager-1.4.0-SNAPSHOT.jar:?]
	at org.apache.hadoop.ozone.protocolPB.OzoneManagerRequestHandler.getOzoneFileStatus(OzoneManagerRequestHandler.java:973) ~[ozone-manager-1.4.0-SNAPSHOT.jar:?]
	at org.apache.hadoop.ozone.protocolPB.OzoneManagerRequestHandler.handleReadRequest(OzoneManagerRequestHandler.java:252) ~[ozone-manager-1.4.0-SNAPSHOT.jar:?]
	at org.apache.hadoop.ozone.protocolPB.OzoneManagerProtocolServerSideTranslatorPB.submitReadRequestToOM(OzoneManagerProtocolServerSideTranslatorPB.java:225) ~[ozone-manager-1.4.0-SNAPSHOT.jar:?]
	at org.apache.hadoop.ozone.protocolPB.OzoneManagerProtocolServerSideTranslatorPB.processRequest(OzoneManagerProtocolServerSideTranslatorPB.java:179) ~[ozone-manager-1.4.0-SNAPSHOT.jar:?]
	at org.apache.hadoop.hdds.server.OzoneProtocolMessageDispatcher.processRequest(OzoneProtocolMessageDispatcher.java:87) [hdds-server-framework-1.4.0-SNAPSHOT.jar:?]
	at org.apache.hadoop.ozone.protocolPB.OzoneManagerProtocolServerSideTranslatorPB.submitRequest(OzoneManagerProtocolServerSideTranslatorPB.java:148) [ozone-manager-1.4.0-SNAPSHOT.jar:?]
	at org.apache.hadoop.ozone.protocol.proto.OzoneManagerProtocolProtos$OzoneManagerService$2.callBlockingMethod(OzoneManagerProtocolProtos.java) [ozone-interface-client-1.4.0-SNAPSHOT.jar:?]
	at org.apache.hadoop.ipc.ProtobufRpcEngine$Server.processCall(ProtobufRpcEngine.java:484) [hadoop-common-3.3.6.jar:?]
	at org.apache.hadoop.ipc.ProtobufRpcEngine2$Server$ProtoBufRpcInvoker.call(ProtobufRpcEngine2.java:595) [hadoop-common-3.3.6.jar:?]
	at org.apache.hadoop.ipc.ProtobufRpcEngine2$Server$ProtoBufRpcInvoker.call(ProtobufRpcEngine2.java:573) [hadoop-common-3.3.6.jar:?]
	at org.apache.hadoop.ipc.RPC$Server.call(RPC.java:1227) [hadoop-common-3.3.6.jar:?]
	at org.apache.hadoop.ipc.Server$RpcCall.run(Server.java:1094) [hadoop-common-3.3.6.jar:?]
	at org.apache.hadoop.ipc.Server$RpcCall.run(Server.java:1017) [hadoop-common-3.3.6.jar:?]
	at java.security.AccessController.doPrivileged(Native Method) ~[?:1.8.0_382]
	at javax.security.auth.Subject.doAs(Subject.java:422) [?:1.8.0_382]
	at org.apache.hadoop.security.UserGroupInformation.doAs(UserGroupInformation.java:1899) [hadoop-common-3.3.6.jar:?]
	at org.apache.hadoop.ipc.Server$Handler.run(Server.java:3048) [hadoop-common-3.3.6.jar:?]
18:17:02.442 [IPC Server handler 5 on default port 15004] ERROR OMAudit - user=runner | ip=127.0.0.1 | op=GET_FILE_STATUS {volume=volume59479, bucket=bucket48122, key=gdir1/dir10/child, dataSize=0, replicationConfig=null} | ret=FAILURE
org.apache.hadoop.ozone.om.exceptions.OMException: Unable to get file status: volume: volume59479 bucket: bucket48122 key: gdir1/dir10/child
	at org.apache.hadoop.ozone.om.KeyManagerImpl.getOzoneFileStatus(KeyManagerImpl.java:1195) ~[ozone-manager-1.4.0-SNAPSHOT.jar:?]
	at org.apache.hadoop.ozone.om.KeyManagerImpl.getFileStatus(KeyManagerImpl.java:1113) ~[ozone-manager-1.4.0-SNAPSHOT.jar:?]
	at org.apache.hadoop.ozone.om.OmMetadataReader.getFileStatus(OmMetadataReader.java:262) ~[ozone-manager-1.4.0-SNAPSHOT.jar:?]
	at org.apache.hadoop.ozone.om.OzoneManager.getFileStatus(OzoneManager.java:3530) ~[ozone-manager-1.4.0-SNAPSHOT.jar:?]
	at org.apache.hadoop.ozone.protocolPB.OzoneManagerRequestHandler.getOzoneFileStatus(OzoneManagerRequestHandler.java:973) ~[ozone-manager-1.4.0-SNAPSHOT.jar:?]
	at org.apache.hadoop.ozone.protocolPB.OzoneManagerRequestHandler.handleReadRequest(OzoneManagerRequestHandler.java:252) ~[ozone-manager-1.4.0-SNAPSHOT.jar:?]
	at org.apache.hadoop.ozone.protocolPB.OzoneManagerProtocolServerSideTranslatorPB.submitReadRequestToOM(OzoneManagerProtocolServerSideTranslatorPB.java:225) ~[ozone-manager-1.4.0-SNAPSHOT.jar:?]
	at org.apache.hadoop.ozone.protocolPB.OzoneManagerProtocolServerSideTranslatorPB.processRequest(OzoneManagerProtocolServerSideTranslatorPB.java:179) ~[ozone-manager-1.4.0-SNAPSHOT.jar:?]
	at org.apache.hadoop.hdds.server.OzoneProtocolMessageDispatcher.processRequest(OzoneProtocolMessageDispatcher.java:87) [hdds-server-framework-1.4.0-SNAPSHOT.jar:?]
	at org.apache.hadoop.ozone.protocolPB.OzoneManagerProtocolServerSideTranslatorPB.submitRequest(OzoneManagerProtocolServerSideTranslatorPB.java:148) [ozone-manager-1.4.0-SNAPSHOT.jar:?]
	at org.apache.hadoop.ozone.protocol.proto.OzoneManagerProtocolProtos$OzoneManagerService$2.callBlockingMethod(OzoneManagerProtocolProtos.java) [ozone-interface-client-1.4.0-SNAPSHOT.jar:?]
	at org.apache.hadoop.ipc.ProtobufRpcEngine$Server.processCall(ProtobufRpcEngine.java:484) [hadoop-common-3.3.6.jar:?]
	at org.apache.hadoop.ipc.ProtobufRpcEngine2$Server$ProtoBufRpcInvoker.call(ProtobufRpcEngine2.java:595) [hadoop-common-3.3.6.jar:?]
	at org.apache.hadoop.ipc.ProtobufRpcEngine2$Server$ProtoBufRpcInvoker.call(ProtobufRpcEngine2.java:573) [hadoop-common-3.3.6.jar:?]
	at org.apache.hadoop.ipc.RPC$Server.call(RPC.java:1227) [hadoop-common-3.3.6.jar:?]
	at org.apache.hadoop.ipc.Server$RpcCall.run(Server.java:1094) [hadoop-common-3.3.6.jar:?]
	at org.apache.hadoop.ipc.Server$RpcCall.run(Server.java:1017) [hadoop-common-3.3.6.jar:?]
	at java.security.AccessController.doPrivileged(Native Method) ~[?:1.8.0_382]
	at javax.security.auth.Subject.doAs(Subject.java:422) [?:1.8.0_382]
	at org.apache.hadoop.security.UserGroupInformation.doAs(UserGroupInformation.java:1899) [hadoop-common-3.3.6.jar:?]
	at org.apache.hadoop.ipc.Server$Handler.run(Server.java:3048) [hadoop-common-3.3.6.jar:?]
18:17:02.676 [IPC Server handler 18 on default port 15004] ERROR OMAudit - user=runner | ip=127.0.0.1 | op=GET_FILE_STATUS {volume=volume59479, bucket=bucket48122, key=level0, dataSize=0, replicationConfig=null} | ret=FAILURE
org.apache.hadoop.ozone.om.exceptions.OMException: Unable to get file status: volume: volume59479 bucket: bucket48122 key: level0
	at org.apache.hadoop.ozone.om.KeyManagerImpl.getOzoneFileStatus(KeyManagerImpl.java:1195) ~[ozone-manager-1.4.0-SNAPSHOT.jar:?]
	at org.apache.hadoop.ozone.om.KeyManagerImpl.getFileStatus(KeyManagerImpl.java:1113) ~[ozone-manager-1.4.0-SNAPSHOT.jar:?]
	at org.apache.hadoop.ozone.om.OmMetadataReader.getFileStatus(OmMetadataReader.java:262) ~[ozone-manager-1.4.0-SNAPSHOT.jar:?]
	at org.apache.hadoop.ozone.om.OzoneManager.getFileStatus(OzoneManager.java:3530) ~[ozone-manager-1.4.0-SNAPSHOT.jar:?]
	at org.apache.hadoop.ozone.protocolPB.OzoneManagerRequestHandler.getOzoneFileStatus(OzoneManagerRequestHandler.java:973) ~[ozone-manager-1.4.0-SNAPSHOT.jar:?]
	at org.apache.hadoop.ozone.protocolPB.OzoneManagerRequestHandler.handleReadRequest(OzoneManagerRequestHandler.java:252) ~[ozone-manager-1.4.0-SNAPSHOT.jar:?]
	at org.apache.hadoop.ozone.protocolPB.OzoneManagerProtocolServerSideTranslatorPB.submitReadRequestToOM(OzoneManagerProtocolServerSideTranslatorPB.java:225) ~[ozone-manager-1.4.0-SNAPSHOT.jar:?]
	at org.apache.hadoop.ozone.protocolPB.OzoneManagerProtocolServerSideTranslatorPB.processRequest(OzoneManagerProtocolServerSideTranslatorPB.java:179) ~[ozone-manager-1.4.0-SNAPSHOT.jar:?]
	at org.apache.hadoop.hdds.server.OzoneProtocolMessageDispatcher.processRequest(OzoneProtocolMessageDispatcher.java:87) [hdds-server-framework-1.4.0-SNAPSHOT.jar:?]
	at org.apache.hadoop.ozone.protocolPB.OzoneManagerProtocolServerSideTranslatorPB.submitRequest(OzoneManagerProtocolServerSideTranslatorPB.java:148) [ozone-manager-1.4.0-SNAPSHOT.jar:?]
	at org.apache.hadoop.ozone.protocol.proto.OzoneManagerProtocolProtos$OzoneManagerService$2.callBlockingMethod(OzoneManagerProtocolProtos.java) [ozone-interface-client-1.4.0-SNAPSHOT.jar:?]
	at org.apache.hadoop.ipc.ProtobufRpcEngine$Server.processCall(ProtobufRpcEngine.java:484) [hadoop-common-3.3.6.jar:?]
	at org.apache.hadoop.ipc.ProtobufRpcEngine2$Server$ProtoBufRpcInvoker.call(ProtobufRpcEngine2.java:595) [hadoop-common-3.3.6.jar:?]
	at org.apache.hadoop.ipc.ProtobufRpcEngine2$Server$ProtoBufRpcInvoker.call(ProtobufRpcEngine2.java:573) [hadoop-common-3.3.6.jar:?]
	at org.apache.hadoop.ipc.RPC$Server.call(RPC.java:1227) [hadoop-common-3.3.6.jar:?]
	at org.apache.hadoop.ipc.Server$RpcCall.run(Server.java:1094) [hadoop-common-3.3.6.jar:?]
	at org.apache.hadoop.ipc.Server$RpcCall.run(Server.java:1017) [hadoop-common-3.3.6.jar:?]
	at java.security.AccessController.doPrivileged(Native Method) ~[?:1.8.0_382]
	at javax.security.auth.Subject.doAs(Subject.java:422) [?:1.8.0_382]
	at org.apache.hadoop.security.UserGroupInformation.doAs(UserGroupInformation.java:1899) [hadoop-common-3.3.6.jar:?]
	at org.apache.hadoop.ipc.Server$Handler.run(Server.java:3048) [hadoop-common-3.3.6.jar:?]
18:17:02.678 [IPC Server handler 7 on default port 15004] ERROR OMAudit - user=runner | ip=127.0.0.1 | op=GET_FILE_STATUS {volume=volume59479, bucket=bucket48122, key=level0/level1, dataSize=0, replicationConfig=null} | ret=FAILURE
org.apache.hadoop.ozone.om.exceptions.OMException: Unable to get file status: volume: volume59479 bucket: bucket48122 key: level0/level1
	at org.apache.hadoop.ozone.om.KeyManagerImpl.getOzoneFileStatus(KeyManagerImpl.java:1195) ~[ozone-manager-1.4.0-SNAPSHOT.jar:?]
	at org.apache.hadoop.ozone.om.KeyManagerImpl.getFileStatus(KeyManagerImpl.java:1113) ~[ozone-manager-1.4.0-SNAPSHOT.jar:?]
	at org.apache.hadoop.ozone.om.OmMetadataReader.getFileStatus(OmMetadataReader.java:262) ~[ozone-manager-1.4.0-SNAPSHOT.jar:?]
	at org.apache.hadoop.ozone.om.OzoneManager.getFileStatus(OzoneManager.java:3530) ~[ozone-manager-1.4.0-SNAPSHOT.jar:?]
	at org.apache.hadoop.ozone.protocolPB.OzoneManagerRequestHandler.getOzoneFileStatus(OzoneManagerRequestHandler.java:973) ~[ozone-manager-1.4.0-SNAPSHOT.jar:?]
	at org.apache.hadoop.ozone.protocolPB.OzoneManagerRequestHandler.handleReadRequest(OzoneManagerRequestHandler.java:252) ~[ozone-manager-1.4.0-SNAPSHOT.jar:?]
	at org.apache.hadoop.ozone.protocolPB.OzoneManagerProtocolServerSideTranslatorPB.submitReadRequestToOM(OzoneManagerProtocolServerSideTranslatorPB.java:225) ~[ozone-manager-1.4.0-SNAPSHOT.jar:?]
	at org.apache.hadoop.ozone.protocolPB.OzoneManagerProtocolServerSideTranslatorPB.processRequest(OzoneManagerProtocolServerSideTranslatorPB.java:179) ~[ozone-manager-1.4.0-SNAPSHOT.jar:?]
	at org.apache.hadoop.hdds.server.OzoneProtocolMessageDispatcher.processRequest(OzoneProtocolMessageDispatcher.java:87) [hdds-server-framework-1.4.0-SNAPSHOT.jar:?]
	at org.apache.hadoop.ozone.protocolPB.OzoneManagerProtocolServerSideTranslatorPB.submitRequest(OzoneManagerProtocolServerSideTranslatorPB.java:148) [ozone-manager-1.4.0-SNAPSHOT.jar:?]
	at org.apache.hadoop.ozone.protocol.proto.OzoneManagerProtocolProtos$OzoneManagerService$2.callBlockingMethod(OzoneManagerProtocolProtos.java) [ozone-interface-client-1.4.0-SNAPSHOT.jar:?]
	at org.apache.hadoop.ipc.ProtobufRpcEngine$Server.processCall(ProtobufRpcEngine.java:484) [hadoop-common-3.3.6.jar:?]
	at org.apache.hadoop.ipc.ProtobufRpcEngine2$Server$ProtoBufRpcInvoker.call(ProtobufRpcEngine2.java:595) [hadoop-common-3.3.6.jar:?]
	at org.apache.hadoop.ipc.ProtobufRpcEngine2$Server$ProtoBufRpcInvoker.call(ProtobufRpcEngine2.java:573) [hadoop-common-3.3.6.jar:?]
	at org.apache.hadoop.ipc.RPC$Server.call(RPC.java:1227) [hadoop-common-3.3.6.jar:?]
	at org.apache.hadoop.ipc.Server$RpcCall.run(Server.java:1094) [hadoop-common-3.3.6.jar:?]
	at org.apache.hadoop.ipc.Server$RpcCall.run(Server.java:1017) [hadoop-common-3.3.6.jar:?]
	at java.security.AccessController.doPrivileged(Native Method) ~[?:1.8.0_382]
	at javax.security.auth.Subject.doAs(Subject.java:422) [?:1.8.0_382]
	at org.apache.hadoop.security.UserGroupInformation.doAs(UserGroupInformation.java:1899) [hadoop-common-3.3.6.jar:?]
	at org.apache.hadoop.ipc.Server$Handler.run(Server.java:3048) [hadoop-common-3.3.6.jar:?]
18:17:02.681 [IPC Server handler 19 on default port 15004] ERROR OMAudit - user=runner | ip=127.0.0.1 | op=GET_FILE_STATUS {volume=volume59479, bucket=bucket48122, key=level0/level1/level1, dataSize=0, replicationConfig=null} | ret=FAILURE
org.apache.hadoop.ozone.om.exceptions.OMException: Unable to get file status: volume: volume59479 bucket: bucket48122 key: level0/level1/level1
	at org.apache.hadoop.ozone.om.KeyManagerImpl.getOzoneFileStatus(KeyManagerImpl.java:1195) ~[ozone-manager-1.4.0-SNAPSHOT.jar:?]
	at org.apache.hadoop.ozone.om.KeyManagerImpl.getFileStatus(KeyManagerImpl.java:1113) ~[ozone-manager-1.4.0-SNAPSHOT.jar:?]
	at org.apache.hadoop.ozone.om.OmMetadataReader.getFileStatus(OmMetadataReader.java:262) ~[ozone-manager-1.4.0-SNAPSHOT.jar:?]
	at org.apache.hadoop.ozone.om.OzoneManager.getFileStatus(OzoneManager.java:3530) ~[ozone-manager-1.4.0-SNAPSHOT.jar:?]
	at org.apache.hadoop.ozone.protocolPB.OzoneManagerRequestHandler.getOzoneFileStatus(OzoneManagerRequestHandler.java:973) ~[ozone-manager-1.4.0-SNAPSHOT.jar:?]
	at org.apache.hadoop.ozone.protocolPB.OzoneManagerRequestHandler.handleReadRequest(OzoneManagerRequestHandler.java:252) ~[ozone-manager-1.4.0-SNAPSHOT.jar:?]
	at org.apache.hadoop.ozone.protocolPB.OzoneManagerProtocolServerSideTranslatorPB.submitReadRequestToOM(OzoneManagerProtocolServerSideTranslatorPB.java:225) ~[ozone-manager-1.4.0-SNAPSHOT.jar:?]
	at org.apache.hadoop.ozone.protocolPB.OzoneManagerProtocolServerSideTranslatorPB.processRequest(OzoneManagerProtocolServerSideTranslatorPB.java:179) ~[ozone-manager-1.4.0-SNAPSHOT.jar:?]
	at org.apache.hadoop.hdds.server.OzoneProtocolMessageDispatcher.processRequest(OzoneProtocolMessageDispatcher.java:87) [hdds-server-framework-1.4.0-SNAPSHOT.jar:?]
	at org.apache.hadoop.ozone.protocolPB.OzoneManagerProtocolServerSideTranslatorPB.submitRequest(OzoneManagerProtocolServerSideTranslatorPB.java:148) [ozone-manager-1.4.0-SNAPSHOT.jar:?]
	at org.apache.hadoop.ozone.protocol.proto.OzoneManagerProtocolProtos$OzoneManagerService$2.callBlockingMethod(OzoneManagerProtocolProtos.java) [ozone-interface-client-1.4.0-SNAPSHOT.jar:?]
	at org.apache.hadoop.ipc.ProtobufRpcEngine$Server.processCall(ProtobufRpcEngine.java:484) [hadoop-common-3.3.6.jar:?]
	at org.apache.hadoop.ipc.ProtobufRpcEngine2$Server$ProtoBufRpcInvoker.call(ProtobufRpcEngine2.java:595) [hadoop-common-3.3.6.jar:?]
	at org.apache.hadoop.ipc.ProtobufRpcEngine2$Server$ProtoBufRpcInvoker.call(ProtobufRpcEngine2.java:573) [hadoop-common-3.3.6.jar:?]
	at org.apache.hadoop.ipc.RPC$Server.call(RPC.java:1227) [hadoop-common-3.3.6.jar:?]
	at org.apache.hadoop.ipc.Server$RpcCall.run(Server.java:1094) [hadoop-common-3.3.6.jar:?]
	at org.apache.hadoop.ipc.Server$RpcCall.run(Server.java:1017) [hadoop-common-3.3.6.jar:?]
	at java.security.AccessController.doPrivileged(Native Method) ~[?:1.8.0_382]
	at javax.security.auth.Subject.doAs(Subject.java:422) [?:1.8.0_382]
	at org.apache.hadoop.security.UserGroupInformation.doAs(UserGroupInformation.java:1899) [hadoop-common-3.3.6.jar:?]
	at org.apache.hadoop.ipc.Server$Handler.run(Server.java:3048) [hadoop-common-3.3.6.jar:?]
18:17:02.684 [IPC Server handler 9 on default port 15004] ERROR OMAudit - user=runner | ip=127.0.0.1 | op=GET_FILE_STATUS {volume=volume59479, bucket=bucket48122, key=level0/level1/file1, dataSize=0, replicationConfig=null} | ret=FAILURE
org.apache.hadoop.ozone.om.exceptions.OMException: Unable to get file status: volume: volume59479 bucket: bucket48122 key: level0/level1/file1
	at org.apache.hadoop.ozone.om.KeyManagerImpl.getOzoneFileStatus(KeyManagerImpl.java:1195) ~[ozone-manager-1.4.0-SNAPSHOT.jar:?]
	at org.apache.hadoop.ozone.om.KeyManagerImpl.getFileStatus(KeyManagerImpl.java:1113) ~[ozone-manager-1.4.0-SNAPSHOT.jar:?]
	at org.apache.hadoop.ozone.om.OmMetadataReader.getFileStatus(OmMetadataReader.java:262) ~[ozone-manager-1.4.0-SNAPSHOT.jar:?]
	at org.apache.hadoop.ozone.om.OzoneManager.getFileStatus(OzoneManager.java:3530) ~[ozone-manager-1.4.0-SNAPSHOT.jar:?]
	at org.apache.hadoop.ozone.protocolPB.OzoneManagerRequestHandler.getOzoneFileStatus(OzoneManagerRequestHandler.java:973) ~[ozone-manager-1.4.0-SNAPSHOT.jar:?]
	at org.apache.hadoop.ozone.protocolPB.OzoneManagerRequestHandler.handleReadRequest(OzoneManagerRequestHandler.java:252) ~[ozone-manager-1.4.0-SNAPSHOT.jar:?]
	at org.apache.hadoop.ozone.protocolPB.OzoneManagerProtocolServerSideTranslatorPB.submitReadRequestToOM(OzoneManagerProtocolServerSideTranslatorPB.java:225) ~[ozone-manager-1.4.0-SNAPSHOT.jar:?]
	at org.apache.hadoop.ozone.protocolPB.OzoneManagerProtocolServerSideTranslatorPB.processRequest(OzoneManagerProtocolServerSideTranslatorPB.java:179) ~[ozone-manager-1.4.0-SNAPSHOT.jar:?]
	at org.apache.hadoop.hdds.server.OzoneProtocolMessageDispatcher.processRequest(OzoneProtocolMessageDispatcher.java:87) [hdds-server-framework-1.4.0-SNAPSHOT.jar:?]
	at org.apache.hadoop.ozone.protocolPB.OzoneManagerProtocolServerSideTranslatorPB.submitRequest(OzoneManagerProtocolServerSideTranslatorPB.java:148) [ozone-manager-1.4.0-SNAPSHOT.jar:?]
	at org.apache.hadoop.ozone.protocol.proto.OzoneManagerProtocolProtos$OzoneManagerService$2.callBlockingMethod(OzoneManagerProtocolProtos.java) [ozone-interface-client-1.4.0-SNAPSHOT.jar:?]
	at org.apache.hadoop.ipc.ProtobufRpcEngine$Server.processCall(ProtobufRpcEngine.java:484) [hadoop-common-3.3.6.jar:?]
	at org.apache.hadoop.ipc.ProtobufRpcEngine2$Server$ProtoBufRpcInvoker.call(ProtobufRpcEngine2.java:595) [hadoop-common-3.3.6.jar:?]
	at org.apache.hadoop.ipc.ProtobufRpcEngine2$Server$ProtoBufRpcInvoker.call(ProtobufRpcEngine2.java:573) [hadoop-common-3.3.6.jar:?]
	at org.apache.hadoop.ipc.RPC$Server.call(RPC.java:1227) [hadoop-common-3.3.6.jar:?]
	at org.apache.hadoop.ipc.Server$RpcCall.run(Server.java:1094) [hadoop-common-3.3.6.jar:?]
	at org.apache.hadoop.ipc.Server$RpcCall.run(Server.java:1017) [hadoop-common-3.3.6.jar:?]
	at java.security.AccessController.doPrivileged(Native Method) ~[?:1.8.0_382]
	at javax.security.auth.Subject.doAs(Subject.java:422) [?:1.8.0_382]
	at org.apache.hadoop.security.UserGroupInformation.doAs(UserGroupInformation.java:1899) [hadoop-common-3.3.6.jar:?]
	at org.apache.hadoop.ipc.Server$Handler.run(Server.java:3048) [hadoop-common-3.3.6.jar:?]
18:17:02.686 [IPC Server handler 1 on default port 15004] ERROR OMAudit - user=runner | ip=127.0.0.1 | op=GET_FILE_STATUS {volume=volume59479, bucket=bucket48122, key=level0/level1/level1/file1, dataSize=0, replicationConfig=null} | ret=FAILURE
org.apache.hadoop.ozone.om.exceptions.OMException: Unable to get file status: volume: volume59479 bucket: bucket48122 key: level0/level1/level1/file1
	at org.apache.hadoop.ozone.om.KeyManagerImpl.getOzoneFileStatus(KeyManagerImpl.java:1195) ~[ozone-manager-1.4.0-SNAPSHOT.jar:?]
	at org.apache.hadoop.ozone.om.KeyManagerImpl.getFileStatus(KeyManagerImpl.java:1113) ~[ozone-manager-1.4.0-SNAPSHOT.jar:?]
	at org.apache.hadoop.ozone.om.OmMetadataReader.getFileStatus(OmMetadataReader.java:262) ~[ozone-manager-1.4.0-SNAPSHOT.jar:?]
	at org.apache.hadoop.ozone.om.OzoneManager.getFileStatus(OzoneManager.java:3530) ~[ozone-manager-1.4.0-SNAPSHOT.jar:?]
	at org.apache.hadoop.ozone.protocolPB.OzoneManagerRequestHandler.getOzoneFileStatus(OzoneManagerRequestHandler.java:973) ~[ozone-manager-1.4.0-SNAPSHOT.jar:?]
	at org.apache.hadoop.ozone.protocolPB.OzoneManagerRequestHandler.handleReadRequest(OzoneManagerRequestHandler.java:252) ~[ozone-manager-1.4.0-SNAPSHOT.jar:?]
	at org.apache.hadoop.ozone.protocolPB.OzoneManagerProtocolServerSideTranslatorPB.submitReadRequestToOM(OzoneManagerProtocolServerSideTranslatorPB.java:225) ~[ozone-manager-1.4.0-SNAPSHOT.jar:?]
	at org.apache.hadoop.ozone.protocolPB.OzoneManagerProtocolServerSideTranslatorPB.processRequest(OzoneManagerProtocolServerSideTranslatorPB.java:179) ~[ozone-manager-1.4.0-SNAPSHOT.jar:?]
	at org.apache.hadoop.hdds.server.OzoneProtocolMessageDispatcher.processRequest(OzoneProtocolMessageDispatcher.java:87) [hdds-server-framework-1.4.0-SNAPSHOT.jar:?]
	at org.apache.hadoop.ozone.protocolPB.OzoneManagerProtocolServerSideTranslatorPB.submitRequest(OzoneManagerProtocolServerSideTranslatorPB.java:148) [ozone-manager-1.4.0-SNAPSHOT.jar:?]
	at org.apache.hadoop.ozone.protocol.proto.OzoneManagerProtocolProtos$OzoneManagerService$2.callBlockingMethod(OzoneManagerProtocolProtos.java) [ozone-interface-client-1.4.0-SNAPSHOT.jar:?]
	at org.apache.hadoop.ipc.ProtobufRpcEngine$Server.processCall(ProtobufRpcEngine.java:484) [hadoop-common-3.3.6.jar:?]
	at org.apache.hadoop.ipc.ProtobufRpcEngine2$Server$ProtoBufRpcInvoker.call(ProtobufRpcEngine2.java:595) [hadoop-common-3.3.6.jar:?]
	at org.apache.hadoop.ipc.ProtobufRpcEngine2$Server$ProtoBufRpcInvoker.call(ProtobufRpcEngine2.java:573) [hadoop-common-3.3.6.jar:?]
	at org.apache.hadoop.ipc.RPC$Server.call(RPC.java:1227) [hadoop-common-3.3.6.jar:?]
	at org.apache.hadoop.ipc.Server$RpcCall.run(Server.java:1094) [hadoop-common-3.3.6.jar:?]
	at org.apache.hadoop.ipc.Server$RpcCall.run(Server.java:1017) [hadoop-common-3.3.6.jar:?]
	at java.security.AccessController.doPrivileged(Native Method) ~[?:1.8.0_382]
	at javax.security.auth.Subject.doAs(Subject.java:422) [?:1.8.0_382]
	at org.apache.hadoop.security.UserGroupInformation.doAs(UserGroupInformation.java:1899) [hadoop-common-3.3.6.jar:?]
	at org.apache.hadoop.ipc.Server$Handler.run(Server.java:3048) [hadoop-common-3.3.6.jar:?]
18:17:02.689 [IPC Server handler 2 on default port 15004] ERROR OMAudit - user=runner | ip=127.0.0.1 | op=GET_FILE_STATUS {volume=volume59479, bucket=bucket48122, key=level0/level2, dataSize=0, replicationConfig=null} | ret=FAILURE
org.apache.hadoop.ozone.om.exceptions.OMException: Unable to get file status: volume: volume59479 bucket: bucket48122 key: level0/level2
	at org.apache.hadoop.ozone.om.KeyManagerImpl.getOzoneFileStatus(KeyManagerImpl.java:1195) ~[ozone-manager-1.4.0-SNAPSHOT.jar:?]
	at org.apache.hadoop.ozone.om.KeyManagerImpl.getFileStatus(KeyManagerImpl.java:1113) ~[ozone-manager-1.4.0-SNAPSHOT.jar:?]
	at org.apache.hadoop.ozone.om.OmMetadataReader.getFileStatus(OmMetadataReader.java:262) ~[ozone-manager-1.4.0-SNAPSHOT.jar:?]
	at org.apache.hadoop.ozone.om.OzoneManager.getFileStatus(OzoneManager.java:3530) ~[ozone-manager-1.4.0-SNAPSHOT.jar:?]
	at org.apache.hadoop.ozone.protocolPB.OzoneManagerRequestHandler.getOzoneFileStatus(OzoneManagerRequestHandler.java:973) ~[ozone-manager-1.4.0-SNAPSHOT.jar:?]
	at org.apache.hadoop.ozone.protocolPB.OzoneManagerRequestHandler.handleReadRequest(OzoneManagerRequestHandler.java:252) ~[ozone-manager-1.4.0-SNAPSHOT.jar:?]
	at org.apache.hadoop.ozone.protocolPB.OzoneManagerProtocolServerSideTranslatorPB.submitReadRequestToOM(OzoneManagerProtocolServerSideTranslatorPB.java:225) ~[ozone-manager-1.4.0-SNAPSHOT.jar:?]
	at org.apache.hadoop.ozone.protocolPB.OzoneManagerProtocolServerSideTranslatorPB.processRequest(OzoneManagerProtocolServerSideTranslatorPB.java:179) ~[ozone-manager-1.4.0-SNAPSHOT.jar:?]
	at org.apache.hadoop.hdds.server.OzoneProtocolMessageDispatcher.processRequest(OzoneProtocolMessageDispatcher.java:87) [hdds-server-framework-1.4.0-SNAPSHOT.jar:?]
	at org.apache.hadoop.ozone.protocolPB.OzoneManagerProtocolServerSideTranslatorPB.submitRequest(OzoneManagerProtocolServerSideTranslatorPB.java:148) [ozone-manager-1.4.0-SNAPSHOT.jar:?]
	at org.apache.hadoop.ozone.protocol.proto.OzoneManagerProtocolProtos$OzoneManagerService$2.callBlockingMethod(OzoneManagerProtocolProtos.java) [ozone-interface-client-1.4.0-SNAPSHOT.jar:?]
	at org.apache.hadoop.ipc.ProtobufRpcEngine$Server.processCall(ProtobufRpcEngine.java:484) [hadoop-common-3.3.6.jar:?]
	at org.apache.hadoop.ipc.ProtobufRpcEngine2$Server$ProtoBufRpcInvoker.call(ProtobufRpcEngine2.java:595) [hadoop-common-3.3.6.jar:?]
	at org.apache.hadoop.ipc.ProtobufRpcEngine2$Server$ProtoBufRpcInvoker.call(ProtobufRpcEngine2.java:573) [hadoop-common-3.3.6.jar:?]
	at org.apache.hadoop.ipc.RPC$Server.call(RPC.java:1227) [hadoop-common-3.3.6.jar:?]
	at org.apache.hadoop.ipc.Server$RpcCall.run(Server.java:1094) [hadoop-common-3.3.6.jar:?]
	at org.apache.hadoop.ipc.Server$RpcCall.run(Server.java:1017) [hadoop-common-3.3.6.jar:?]
	at java.security.AccessController.doPrivileged(Native Method) ~[?:1.8.0_382]
	at javax.security.auth.Subject.doAs(Subject.java:422) [?:1.8.0_382]
	at org.apache.hadoop.security.UserGroupInformation.doAs(UserGroupInformation.java:1899) [hadoop-common-3.3.6.jar:?]
	at org.apache.hadoop.ipc.Server$Handler.run(Server.java:3048) [hadoop-common-3.3.6.jar:?]
18:17:02.691 [IPC Server handler 5 on default port 15004] ERROR OMAudit - user=runner | ip=127.0.0.1 | op=GET_FILE_STATUS {volume=volume59479, bucket=bucket48122, key=level0/level2/level2, dataSize=0, replicationConfig=null} | ret=FAILURE
org.apache.hadoop.ozone.om.exceptions.OMException: Unable to get file status: volume: volume59479 bucket: bucket48122 key: level0/level2/level2
	at org.apache.hadoop.ozone.om.KeyManagerImpl.getOzoneFileStatus(KeyManagerImpl.java:1195) ~[ozone-manager-1.4.0-SNAPSHOT.jar:?]
	at org.apache.hadoop.ozone.om.KeyManagerImpl.getFileStatus(KeyManagerImpl.java:1113) ~[ozone-manager-1.4.0-SNAPSHOT.jar:?]
	at org.apache.hadoop.ozone.om.OmMetadataReader.getFileStatus(OmMetadataReader.java:262) ~[ozone-manager-1.4.0-SNAPSHOT.jar:?]
	at org.apache.hadoop.ozone.om.OzoneManager.getFileStatus(OzoneManager.java:3530) ~[ozone-manager-1.4.0-SNAPSHOT.jar:?]
	at org.apache.hadoop.ozone.protocolPB.OzoneManagerRequestHandler.getOzoneFileStatus(OzoneManagerRequestHandler.java:973) ~[ozone-manager-1.4.0-SNAPSHOT.jar:?]
	at org.apache.hadoop.ozone.protocolPB.OzoneManagerRequestHandler.handleReadRequest(OzoneManagerRequestHandler.java:252) ~[ozone-manager-1.4.0-SNAPSHOT.jar:?]
	at org.apache.hadoop.ozone.protocolPB.OzoneManagerProtocolServerSideTranslatorPB.submitReadRequestToOM(OzoneManagerProtocolServerSideTranslatorPB.java:225) ~[ozone-manager-1.4.0-SNAPSHOT.jar:?]
	at org.apache.hadoop.ozone.protocolPB.OzoneManagerProtocolServerSideTranslatorPB.processRequest(OzoneManagerProtocolServerSideTranslatorPB.java:179) ~[ozone-manager-1.4.0-SNAPSHOT.jar:?]
	at org.apache.hadoop.hdds.server.OzoneProtocolMessageDispatcher.processRequest(OzoneProtocolMessageDispatcher.java:87) [hdds-server-framework-1.4.0-SNAPSHOT.jar:?]
	at org.apache.hadoop.ozone.protocolPB.OzoneManagerProtocolServerSideTranslatorPB.submitRequest(OzoneManagerProtocolServerSideTranslatorPB.java:148) [ozone-manager-1.4.0-SNAPSHOT.jar:?]
	at org.apache.hadoop.ozone.protocol.proto.OzoneManagerProtocolProtos$OzoneManagerService$2.callBlockingMethod(OzoneManagerProtocolProtos.java) [ozone-interface-client-1.4.0-SNAPSHOT.jar:?]
	at org.apache.hadoop.ipc.ProtobufRpcEngine$Server.processCall(ProtobufRpcEngine.java:484) [hadoop-common-3.3.6.jar:?]
	at org.apache.hadoop.ipc.ProtobufRpcEngine2$Server$ProtoBufRpcInvoker.call(ProtobufRpcEngine2.java:595) [hadoop-common-3.3.6.jar:?]
	at org.apache.hadoop.ipc.ProtobufRpcEngine2$Server$ProtoBufRpcInvoker.call(ProtobufRpcEngine2.java:573) [hadoop-common-3.3.6.jar:?]
	at org.apache.hadoop.ipc.RPC$Server.call(RPC.java:1227) [hadoop-common-3.3.6.jar:?]
	at org.apache.hadoop.ipc.Server$RpcCall.run(Server.java:1094) [hadoop-common-3.3.6.jar:?]
	at org.apache.hadoop.ipc.Server$RpcCall.run(Server.java:1017) [hadoop-common-3.3.6.jar:?]
	at java.security.AccessController.doPrivileged(Native Method) ~[?:1.8.0_382]
	at javax.security.auth.Subject.doAs(Subject.java:422) [?:1.8.0_382]
	at org.apache.hadoop.security.UserGroupInformation.doAs(UserGroupInformation.java:1899) [hadoop-common-3.3.6.jar:?]
	at org.apache.hadoop.ipc.Server$Handler.run(Server.java:3048) [hadoop-common-3.3.6.jar:?]
18:17:02.693 [IPC Server handler 0 on default port 15004] ERROR OMAudit - user=runner | ip=127.0.0.1 | op=GET_FILE_STATUS {volume=volume59479, bucket=bucket48122, key=level0/level2/file1, dataSize=0, replicationConfig=null} | ret=FAILURE
org.apache.hadoop.ozone.om.exceptions.OMException: Unable to get file status: volume: volume59479 bucket: bucket48122 key: level0/level2/file1
	at org.apache.hadoop.ozone.om.KeyManagerImpl.getOzoneFileStatus(KeyManagerImpl.java:1195) ~[ozone-manager-1.4.0-SNAPSHOT.jar:?]
	at org.apache.hadoop.ozone.om.KeyManagerImpl.getFileStatus(KeyManagerImpl.java:1113) ~[ozone-manager-1.4.0-SNAPSHOT.jar:?]
	at org.apache.hadoop.ozone.om.OmMetadataReader.getFileStatus(OmMetadataReader.java:262) ~[ozone-manager-1.4.0-SNAPSHOT.jar:?]
	at org.apache.hadoop.ozone.om.OzoneManager.getFileStatus(OzoneManager.java:3530) ~[ozone-manager-1.4.0-SNAPSHOT.jar:?]
	at org.apache.hadoop.ozone.protocolPB.OzoneManagerRequestHandler.getOzoneFileStatus(OzoneManagerRequestHandler.java:973) ~[ozone-manager-1.4.0-SNAPSHOT.jar:?]
	at org.apache.hadoop.ozone.protocolPB.OzoneManagerRequestHandler.handleReadRequest(OzoneManagerRequestHandler.java:252) ~[ozone-manager-1.4.0-SNAPSHOT.jar:?]
	at org.apache.hadoop.ozone.protocolPB.OzoneManagerProtocolServerSideTranslatorPB.submitReadRequestToOM(OzoneManagerProtocolServerSideTranslatorPB.java:225) ~[ozone-manager-1.4.0-SNAPSHOT.jar:?]
	at org.apache.hadoop.ozone.protocolPB.OzoneManagerProtocolServerSideTranslatorPB.processRequest(OzoneManagerProtocolServerSideTranslatorPB.java:179) ~[ozone-manager-1.4.0-SNAPSHOT.jar:?]
	at org.apache.hadoop.hdds.server.OzoneProtocolMessageDispatcher.processRequest(OzoneProtocolMessageDispatcher.java:87) [hdds-server-framework-1.4.0-SNAPSHOT.jar:?]
	at org.apache.hadoop.ozone.protocolPB.OzoneManagerProtocolServerSideTranslatorPB.submitRequest(OzoneManagerProtocolServerSideTranslatorPB.java:148) [ozone-manager-1.4.0-SNAPSHOT.jar:?]
	at org.apache.hadoop.ozone.protocol.proto.OzoneManagerProtocolProtos$OzoneManagerService$2.callBlockingMethod(OzoneManagerProtocolProtos.java) [ozone-interface-client-1.4.0-SNAPSHOT.jar:?]
	at org.apache.hadoop.ipc.ProtobufRpcEngine$Server.processCall(ProtobufRpcEngine.java:484) [hadoop-common-3.3.6.jar:?]
	at org.apache.hadoop.ipc.ProtobufRpcEngine2$Server$ProtoBufRpcInvoker.call(ProtobufRpcEngine2.java:595) [hadoop-common-3.3.6.jar:?]
	at org.apache.hadoop.ipc.ProtobufRpcEngine2$Server$ProtoBufRpcInvoker.call(ProtobufRpcEngine2.java:573) [hadoop-common-3.3.6.jar:?]
	at org.apache.hadoop.ipc.RPC$Server.call(RPC.java:1227) [hadoop-common-3.3.6.jar:?]
	at org.apache.hadoop.ipc.Server$RpcCall.run(Server.java:1094) [hadoop-common-3.3.6.jar:?]
	at org.apache.hadoop.ipc.Server$RpcCall.run(Server.java:1017) [hadoop-common-3.3.6.jar:?]
	at java.security.AccessController.doPrivileged(Native Method) ~[?:1.8.0_382]
	at javax.security.auth.Subject.doAs(Subject.java:422) [?:1.8.0_382]
	at org.apache.hadoop.security.UserGroupInformation.doAs(UserGroupInformation.java:1899) [hadoop-common-3.3.6.jar:?]
	at org.apache.hadoop.ipc.Server$Handler.run(Server.java:3048) [hadoop-common-3.3.6.jar:?]
18:17:02.695 [IPC Server handler 3 on default port 15004] ERROR OMAudit - user=runner | ip=127.0.0.1 | op=GET_FILE_STATUS {volume=volume59479, bucket=bucket48122, key=level0/level2/level2/file1, dataSize=0, replicationConfig=null} | ret=FAILURE
org.apache.hadoop.ozone.om.exceptions.OMException: Unable to get file status: volume: volume59479 bucket: bucket48122 key: level0/level2/level2/file1
	at org.apache.hadoop.ozone.om.KeyManagerImpl.getOzoneFileStatus(KeyManagerImpl.java:1195) ~[ozone-manager-1.4.0-SNAPSHOT.jar:?]
	at org.apache.hadoop.ozone.om.KeyManagerImpl.getFileStatus(KeyManagerImpl.java:1113) ~[ozone-manager-1.4.0-SNAPSHOT.jar:?]
	at org.apache.hadoop.ozone.om.OmMetadataReader.getFileStatus(OmMetadataReader.java:262) ~[ozone-manager-1.4.0-SNAPSHOT.jar:?]
	at org.apache.hadoop.ozone.om.OzoneManager.getFileStatus(OzoneManager.java:3530) ~[ozone-manager-1.4.0-SNAPSHOT.jar:?]
	at org.apache.hadoop.ozone.protocolPB.OzoneManagerRequestHandler.getOzoneFileStatus(OzoneManagerRequestHandler.java:973) ~[ozone-manager-1.4.0-SNAPSHOT.jar:?]
	at org.apache.hadoop.ozone.protocolPB.OzoneManagerRequestHandler.handleReadRequest(OzoneManagerRequestHandler.java:252) ~[ozone-manager-1.4.0-SNAPSHOT.jar:?]
	at org.apache.hadoop.ozone.protocolPB.OzoneManagerProtocolServerSideTranslatorPB.submitReadRequestToOM(OzoneManagerProtocolServerSideTranslatorPB.java:225) ~[ozone-manager-1.4.0-SNAPSHOT.jar:?]
	at org.apache.hadoop.ozone.protocolPB.OzoneManagerProtocolServerSideTranslatorPB.processRequest(OzoneManagerProtocolServerSideTranslatorPB.java:179) ~[ozone-manager-1.4.0-SNAPSHOT.jar:?]
	at org.apache.hadoop.hdds.server.OzoneProtocolMessageDispatcher.processRequest(OzoneProtocolMessageDispatcher.java:87) [hdds-server-framework-1.4.0-SNAPSHOT.jar:?]
	at org.apache.hadoop.ozone.protocolPB.OzoneManagerProtocolServerSideTranslatorPB.submitRequest(OzoneManagerProtocolServerSideTranslatorPB.java:148) [ozone-manager-1.4.0-SNAPSHOT.jar:?]
	at org.apache.hadoop.ozone.protocol.proto.OzoneManagerProtocolProtos$OzoneManagerService$2.callBlockingMethod(OzoneManagerProtocolProtos.java) [ozone-interface-client-1.4.0-SNAPSHOT.jar:?]
	at org.apache.hadoop.ipc.ProtobufRpcEngine$Server.processCall(ProtobufRpcEngine.java:484) [hadoop-common-3.3.6.jar:?]
	at org.apache.hadoop.ipc.ProtobufRpcEngine2$Server$ProtoBufRpcInvoker.call(ProtobufRpcEngine2.java:595) [hadoop-common-3.3.6.jar:?]
	at org.apache.hadoop.ipc.ProtobufRpcEngine2$Server$ProtoBufRpcInvoker.call(ProtobufRpcEngine2.java:573) [hadoop-common-3.3.6.jar:?]
	at org.apache.hadoop.ipc.RPC$Server.call(RPC.java:1227) [hadoop-common-3.3.6.jar:?]
	at org.apache.hadoop.ipc.Server$RpcCall.run(Server.java:1094) [hadoop-common-3.3.6.jar:?]
	at org.apache.hadoop.ipc.Server$RpcCall.run(Server.java:1017) [hadoop-common-3.3.6.jar:?]
	at java.security.AccessController.doPrivileged(Native Method) ~[?:1.8.0_382]
	at javax.security.auth.Subject.doAs(Subject.java:422) [?:1.8.0_382]
	at org.apache.hadoop.security.UserGroupInformation.doAs(UserGroupInformation.java:1899) [hadoop-common-3.3.6.jar:?]
	at org.apache.hadoop.ipc.Server$Handler.run(Server.java:3048) [hadoop-common-3.3.6.jar:?]
18:17:02.697 [IPC Server handler 4 on default port 15004] ERROR OMAudit - user=runner | ip=127.0.0.1 | op=GET_FILE_STATUS {volume=volume59479, bucket=bucket48122, key=level0/level3, dataSize=0, replicationConfig=null} | ret=FAILURE
org.apache.hadoop.ozone.om.exceptions.OMException: Unable to get file status: volume: volume59479 bucket: bucket48122 key: level0/level3
	at org.apache.hadoop.ozone.om.KeyManagerImpl.getOzoneFileStatus(KeyManagerImpl.java:1195) ~[ozone-manager-1.4.0-SNAPSHOT.jar:?]
	at org.apache.hadoop.ozone.om.KeyManagerImpl.getFileStatus(KeyManagerImpl.java:1113) ~[ozone-manager-1.4.0-SNAPSHOT.jar:?]
	at org.apache.hadoop.ozone.om.OmMetadataReader.getFileStatus(OmMetadataReader.java:262) ~[ozone-manager-1.4.0-SNAPSHOT.jar:?]
	at org.apache.hadoop.ozone.om.OzoneManager.getFileStatus(OzoneManager.java:3530) ~[ozone-manager-1.4.0-SNAPSHOT.jar:?]
	at org.apache.hadoop.ozone.protocolPB.OzoneManagerRequestHandler.getOzoneFileStatus(OzoneManagerRequestHandler.java:973) ~[ozone-manager-1.4.0-SNAPSHOT.jar:?]
	at org.apache.hadoop.ozone.protocolPB.OzoneManagerRequestHandler.handleReadRequest(OzoneManagerRequestHandler.java:252) ~[ozone-manager-1.4.0-SNAPSHOT.jar:?]
	at org.apache.hadoop.ozone.protocolPB.OzoneManagerProtocolServerSideTranslatorPB.submitReadRequestToOM(OzoneManagerProtocolServerSideTranslatorPB.java:225) ~[ozone-manager-1.4.0-SNAPSHOT.jar:?]
	at org.apache.hadoop.ozone.protocolPB.OzoneManagerProtocolServerSideTranslatorPB.processRequest(OzoneManagerProtocolServerSideTranslatorPB.java:179) ~[ozone-manager-1.4.0-SNAPSHOT.jar:?]
	at org.apache.hadoop.hdds.server.OzoneProtocolMessageDispatcher.processRequest(OzoneProtocolMessageDispatcher.java:87) [hdds-server-framework-1.4.0-SNAPSHOT.jar:?]
	at org.apache.hadoop.ozone.protocolPB.OzoneManagerProtocolServerSideTranslatorPB.submitRequest(OzoneManagerProtocolServerSideTranslatorPB.java:148) [ozone-manager-1.4.0-SNAPSHOT.jar:?]
	at org.apache.hadoop.ozone.protocol.proto.OzoneManagerProtocolProtos$OzoneManagerService$2.callBlockingMethod(OzoneManagerProtocolProtos.java) [ozone-interface-client-1.4.0-SNAPSHOT.jar:?]
	at org.apache.hadoop.ipc.ProtobufRpcEngine$Server.processCall(ProtobufRpcEngine.java:484) [hadoop-common-3.3.6.jar:?]
	at org.apache.hadoop.ipc.ProtobufRpcEngine2$Server$ProtoBufRpcInvoker.call(ProtobufRpcEngine2.java:595) [hadoop-common-3.3.6.jar:?]
	at org.apache.hadoop.ipc.ProtobufRpcEngine2$Server$ProtoBufRpcInvoker.call(ProtobufRpcEngine2.java:573) [hadoop-common-3.3.6.jar:?]
	at org.apache.hadoop.ipc.RPC$Server.call(RPC.java:1227) [hadoop-common-3.3.6.jar:?]
	at org.apache.hadoop.ipc.Server$RpcCall.run(Server.java:1094) [hadoop-common-3.3.6.jar:?]
	at org.apache.hadoop.ipc.Server$RpcCall.run(Server.java:1017) [hadoop-common-3.3.6.jar:?]
	at java.security.AccessController.doPrivileged(Native Method) ~[?:1.8.0_382]
	at javax.security.auth.Subject.doAs(Subject.java:422) [?:1.8.0_382]
	at org.apache.hadoop.security.UserGroupInformation.doAs(UserGroupInformation.java:1899) [hadoop-common-3.3.6.jar:?]
	at org.apache.hadoop.ipc.Server$Handler.run(Server.java:3048) [hadoop-common-3.3.6.jar:?]
18:17:02.699 [IPC Server handler 6 on default port 15004] ERROR OMAudit - user=runner | ip=127.0.0.1 | op=GET_FILE_STATUS {volume=volume59479, bucket=bucket48122, key=level0/level3/level3, dataSize=0, replicationConfig=null} | ret=FAILURE
org.apache.hadoop.ozone.om.exceptions.OMException: Unable to get file status: volume: volume59479 bucket: bucket48122 key: level0/level3/level3
	at org.apache.hadoop.ozone.om.KeyManagerImpl.getOzoneFileStatus(KeyManagerImpl.java:1195) ~[ozone-manager-1.4.0-SNAPSHOT.jar:?]
	at org.apache.hadoop.ozone.om.KeyManagerImpl.getFileStatus(KeyManagerImpl.java:1113) ~[ozone-manager-1.4.0-SNAPSHOT.jar:?]
	at org.apache.hadoop.ozone.om.OmMetadataReader.getFileStatus(OmMetadataReader.java:262) ~[ozone-manager-1.4.0-SNAPSHOT.jar:?]
	at org.apache.hadoop.ozone.om.OzoneManager.getFileStatus(OzoneManager.java:3530) ~[ozone-manager-1.4.0-SNAPSHOT.jar:?]
	at org.apache.hadoop.ozone.protocolPB.OzoneManagerRequestHandler.getOzoneFileStatus(OzoneManagerRequestHandler.java:973) ~[ozone-manager-1.4.0-SNAPSHOT.jar:?]
	at org.apache.hadoop.ozone.protocolPB.OzoneManagerRequestHandler.handleReadRequest(OzoneManagerRequestHandler.java:252) ~[ozone-manager-1.4.0-SNAPSHOT.jar:?]
	at org.apache.hadoop.ozone.protocolPB.OzoneManagerProtocolServerSideTranslatorPB.submitReadRequestToOM(OzoneManagerProtocolServerSideTranslatorPB.java:225) ~[ozone-manager-1.4.0-SNAPSHOT.jar:?]
	at org.apache.hadoop.ozone.protocolPB.OzoneManagerProtocolServerSideTranslatorPB.processRequest(OzoneManagerProtocolServerSideTranslatorPB.java:179) ~[ozone-manager-1.4.0-SNAPSHOT.jar:?]
	at org.apache.hadoop.hdds.server.OzoneProtocolMessageDispatcher.processRequest(OzoneProtocolMessageDispatcher.java:87) [hdds-server-framework-1.4.0-SNAPSHOT.jar:?]
	at org.apache.hadoop.ozone.protocolPB.OzoneManagerProtocolServerSideTranslatorPB.submitRequest(OzoneManagerProtocolServerSideTranslatorPB.java:148) [ozone-manager-1.4.0-SNAPSHOT.jar:?]
	at org.apache.hadoop.ozone.protocol.proto.OzoneManagerProtocolProtos$OzoneManagerService$2.callBlockingMethod(OzoneManagerProtocolProtos.java) [ozone-interface-client-1.4.0-SNAPSHOT.jar:?]
	at org.apache.hadoop.ipc.ProtobufRpcEngine$Server.processCall(ProtobufRpcEngine.java:484) [hadoop-common-3.3.6.jar:?]
	at org.apache.hadoop.ipc.ProtobufRpcEngine2$Server$ProtoBufRpcInvoker.call(ProtobufRpcEngine2.java:595) [hadoop-common-3.3.6.jar:?]
	at org.apache.hadoop.ipc.ProtobufRpcEngine2$Server$ProtoBufRpcInvoker.call(ProtobufRpcEngine2.java:573) [hadoop-common-3.3.6.jar:?]
	at org.apache.hadoop.ipc.RPC$Server.call(RPC.java:1227) [hadoop-common-3.3.6.jar:?]
	at org.apache.hadoop.ipc.Server$RpcCall.run(Server.java:1094) [hadoop-common-3.3.6.jar:?]
	at org.apache.hadoop.ipc.Server$RpcCall.run(Server.java:1017) [hadoop-common-3.3.6.jar:?]
	at java.security.AccessController.doPrivileged(Native Method) ~[?:1.8.0_382]
	at javax.security.auth.Subject.doAs(Subject.java:422) [?:1.8.0_382]
	at org.apache.hadoop.security.UserGroupInformation.doAs(UserGroupInformation.java:1899) [hadoop-common-3.3.6.jar:?]
	at org.apache.hadoop.ipc.Server$Handler.run(Server.java:3048) [hadoop-common-3.3.6.jar:?]
18:17:02.702 [IPC Server handler 10 on default port 15004] ERROR OMAudit - user=runner | ip=127.0.0.1 | op=GET_FILE_STATUS {volume=volume59479, bucket=bucket48122, key=level0/level3/file1, dataSize=0, replicationConfig=null} | ret=FAILURE
org.apache.hadoop.ozone.om.exceptions.OMException: Unable to get file status: volume: volume59479 bucket: bucket48122 key: level0/level3/file1
	at org.apache.hadoop.ozone.om.KeyManagerImpl.getOzoneFileStatus(KeyManagerImpl.java:1195) ~[ozone-manager-1.4.0-SNAPSHOT.jar:?]
	at org.apache.hadoop.ozone.om.KeyManagerImpl.getFileStatus(KeyManagerImpl.java:1113) ~[ozone-manager-1.4.0-SNAPSHOT.jar:?]
	at org.apache.hadoop.ozone.om.OmMetadataReader.getFileStatus(OmMetadataReader.java:262) ~[ozone-manager-1.4.0-SNAPSHOT.jar:?]
	at org.apache.hadoop.ozone.om.OzoneManager.getFileStatus(OzoneManager.java:3530) ~[ozone-manager-1.4.0-SNAPSHOT.jar:?]
	at org.apache.hadoop.ozone.protocolPB.OzoneManagerRequestHandler.getOzoneFileStatus(OzoneManagerRequestHandler.java:973) ~[ozone-manager-1.4.0-SNAPSHOT.jar:?]
	at org.apache.hadoop.ozone.protocolPB.OzoneManagerRequestHandler.handleReadRequest(OzoneManagerRequestHandler.java:252) ~[ozone-manager-1.4.0-SNAPSHOT.jar:?]
	at org.apache.hadoop.ozone.protocolPB.OzoneManagerProtocolServerSideTranslatorPB.submitReadRequestToOM(OzoneManagerProtocolServerSideTranslatorPB.java:225) ~[ozone-manager-1.4.0-SNAPSHOT.jar:?]
	at org.apache.hadoop.ozone.protocolPB.OzoneManagerProtocolServerSideTranslatorPB.processRequest(OzoneManagerProtocolServerSideTranslatorPB.java:179) ~[ozone-manager-1.4.0-SNAPSHOT.jar:?]
	at org.apache.hadoop.hdds.server.OzoneProtocolMessageDispatcher.processRequest(OzoneProtocolMessageDispatcher.java:87) [hdds-server-framework-1.4.0-SNAPSHOT.jar:?]
	at org.apache.hadoop.ozone.protocolPB.OzoneManagerProtocolServerSideTranslatorPB.submitRequest(OzoneManagerProtocolServerSideTranslatorPB.java:148) [ozone-manager-1.4.0-SNAPSHOT.jar:?]
	at org.apache.hadoop.ozone.protocol.proto.OzoneManagerProtocolProtos$OzoneManagerService$2.callBlockingMethod(OzoneManagerProtocolProtos.java) [ozone-interface-client-1.4.0-SNAPSHOT.jar:?]
	at org.apache.hadoop.ipc.ProtobufRpcEngine$Server.processCall(ProtobufRpcEngine.java:484) [hadoop-common-3.3.6.jar:?]
	at org.apache.hadoop.ipc.ProtobufRpcEngine2$Server$ProtoBufRpcInvoker.call(ProtobufRpcEngine2.java:595) [hadoop-common-3.3.6.jar:?]
	at org.apache.hadoop.ipc.ProtobufRpcEngine2$Server$ProtoBufRpcInvoker.call(ProtobufRpcEngine2.java:573) [hadoop-common-3.3.6.jar:?]
	at org.apache.hadoop.ipc.RPC$Server.call(RPC.java:1227) [hadoop-common-3.3.6.jar:?]
	at org.apache.hadoop.ipc.Server$RpcCall.run(Server.java:1094) [hadoop-common-3.3.6.jar:?]
	at org.apache.hadoop.ipc.Server$RpcCall.run(Server.java:1017) [hadoop-common-3.3.6.jar:?]
	at java.security.AccessController.doPrivileged(Native Method) ~[?:1.8.0_382]
	at javax.security.auth.Subject.doAs(Subject.java:422) [?:1.8.0_382]
	at org.apache.hadoop.security.UserGroupInformation.doAs(UserGroupInformation.java:1899) [hadoop-common-3.3.6.jar:?]
	at org.apache.hadoop.ipc.Server$Handler.run(Server.java:3048) [hadoop-common-3.3.6.jar:?]
18:17:02.704 [IPC Server handler 8 on default port 15004] ERROR OMAudit - user=runner | ip=127.0.0.1 | op=GET_FILE_STATUS {volume=volume59479, bucket=bucket48122, key=level0/level3/level3/file1, dataSize=0, replicationConfig=null} | ret=FAILURE
org.apache.hadoop.ozone.om.exceptions.OMException: Unable to get file status: volume: volume59479 bucket: bucket48122 key: level0/level3/level3/file1
	at org.apache.hadoop.ozone.om.KeyManagerImpl.getOzoneFileStatus(KeyManagerImpl.java:1195) ~[ozone-manager-1.4.0-SNAPSHOT.jar:?]
	at org.apache.hadoop.ozone.om.KeyManagerImpl.getFileStatus(KeyManagerImpl.java:1113) ~[ozone-manager-1.4.0-SNAPSHOT.jar:?]
	at org.apache.hadoop.ozone.om.OmMetadataReader.getFileStatus(OmMetadataReader.java:262) ~[ozone-manager-1.4.0-SNAPSHOT.jar:?]
	at org.apache.hadoop.ozone.om.OzoneManager.getFileStatus(OzoneManager.java:3530) ~[ozone-manager-1.4.0-SNAPSHOT.jar:?]
	at org.apache.hadoop.ozone.protocolPB.OzoneManagerRequestHandler.getOzoneFileStatus(OzoneManagerRequestHandler.java:973) ~[ozone-manager-1.4.0-SNAPSHOT.jar:?]
	at org.apache.hadoop.ozone.protocolPB.OzoneManagerRequestHandler.handleReadRequest(OzoneManagerRequestHandler.java:252) ~[ozone-manager-1.4.0-SNAPSHOT.jar:?]
	at org.apache.hadoop.ozone.protocolPB.OzoneManagerProtocolServerSideTranslatorPB.submitReadRequestToOM(OzoneManagerProtocolServerSideTranslatorPB.java:225) ~[ozone-manager-1.4.0-SNAPSHOT.jar:?]
	at org.apache.hadoop.ozone.protocolPB.OzoneManagerProtocolServerSideTranslatorPB.processRequest(OzoneManagerProtocolServerSideTranslatorPB.java:179) ~[ozone-manager-1.4.0-SNAPSHOT.jar:?]
	at org.apache.hadoop.hdds.server.OzoneProtocolMessageDispatcher.processRequest(OzoneProtocolMessageDispatcher.java:87) [hdds-server-framework-1.4.0-SNAPSHOT.jar:?]
	at org.apache.hadoop.ozone.protocolPB.OzoneManagerProtocolServerSideTranslatorPB.submitRequest(OzoneManagerProtocolServerSideTranslatorPB.java:148) [ozone-manager-1.4.0-SNAPSHOT.jar:?]
	at org.apache.hadoop.ozone.protocol.proto.OzoneManagerProtocolProtos$OzoneManagerService$2.callBlockingMethod(OzoneManagerProtocolProtos.java) [ozone-interface-client-1.4.0-SNAPSHOT.jar:?]
	at org.apache.hadoop.ipc.ProtobufRpcEngine$Server.processCall(ProtobufRpcEngine.java:484) [hadoop-common-3.3.6.jar:?]
	at org.apache.hadoop.ipc.ProtobufRpcEngine2$Server$ProtoBufRpcInvoker.call(ProtobufRpcEngine2.java:595) [hadoop-common-3.3.6.jar:?]
	at org.apache.hadoop.ipc.ProtobufRpcEngine2$Server$ProtoBufRpcInvoker.call(ProtobufRpcEngine2.java:573) [hadoop-common-3.3.6.jar:?]
	at org.apache.hadoop.ipc.RPC$Server.call(RPC.java:1227) [hadoop-common-3.3.6.jar:?]
	at org.apache.hadoop.ipc.Server$RpcCall.run(Server.java:1094) [hadoop-common-3.3.6.jar:?]
	at org.apache.hadoop.ipc.Server$RpcCall.run(Server.java:1017) [hadoop-common-3.3.6.jar:?]
	at java.security.AccessController.doPrivileged(Native Method) ~[?:1.8.0_382]
	at javax.security.auth.Subject.doAs(Subject.java:422) [?:1.8.0_382]
	at org.apache.hadoop.security.UserGroupInformation.doAs(UserGroupInformation.java:1899) [hadoop-common-3.3.6.jar:?]
	at org.apache.hadoop.ipc.Server$Handler.run(Server.java:3048) [hadoop-common-3.3.6.jar:?]
]]></system-out>
  </testcase>
  <testcase name="testRecursiveDelete" classname="TestOzoneFileSystem" time="0.192">
    <system-out><![CDATA[18:18:47.378 [IPC Server handler 19 on default port 15057] ERROR OMAudit - user=runner | ip=127.0.0.1 | op=GET_FILE_STATUS {volume=volume38115, bucket=bucket38025, key=gdir1, dataSize=0, replicationConfig=null} | ret=FAILURE
org.apache.hadoop.ozone.om.exceptions.OMException: Unable to get file status: volume: volume38115 bucket: bucket38025 key: gdir1
	at org.apache.hadoop.ozone.om.KeyManagerImpl.getOzoneFileStatus(KeyManagerImpl.java:1195) ~[ozone-manager-1.4.0-SNAPSHOT.jar:?]
	at org.apache.hadoop.ozone.om.KeyManagerImpl.getFileStatus(KeyManagerImpl.java:1113) ~[ozone-manager-1.4.0-SNAPSHOT.jar:?]
	at org.apache.hadoop.ozone.om.OmMetadataReader.getFileStatus(OmMetadataReader.java:262) ~[ozone-manager-1.4.0-SNAPSHOT.jar:?]
	at org.apache.hadoop.ozone.om.OzoneManager.getFileStatus(OzoneManager.java:3530) ~[ozone-manager-1.4.0-SNAPSHOT.jar:?]
	at org.apache.hadoop.ozone.protocolPB.OzoneManagerRequestHandler.getOzoneFileStatus(OzoneManagerRequestHandler.java:973) ~[ozone-manager-1.4.0-SNAPSHOT.jar:?]
	at org.apache.hadoop.ozone.protocolPB.OzoneManagerRequestHandler.handleReadRequest(OzoneManagerRequestHandler.java:252) ~[ozone-manager-1.4.0-SNAPSHOT.jar:?]
	at org.apache.hadoop.ozone.protocolPB.OzoneManagerProtocolServerSideTranslatorPB.submitRequestDirectlyToOM(OzoneManagerProtocolServerSideTranslatorPB.java:274) ~[ozone-manager-1.4.0-SNAPSHOT.jar:?]
	at org.apache.hadoop.ozone.protocolPB.OzoneManagerProtocolServerSideTranslatorPB.processRequest(OzoneManagerProtocolServerSideTranslatorPB.java:175) ~[ozone-manager-1.4.0-SNAPSHOT.jar:?]
	at org.apache.hadoop.hdds.server.OzoneProtocolMessageDispatcher.processRequest(OzoneProtocolMessageDispatcher.java:87) [hdds-server-framework-1.4.0-SNAPSHOT.jar:?]
	at org.apache.hadoop.ozone.protocolPB.OzoneManagerProtocolServerSideTranslatorPB.submitRequest(OzoneManagerProtocolServerSideTranslatorPB.java:148) [ozone-manager-1.4.0-SNAPSHOT.jar:?]
	at org.apache.hadoop.ozone.protocol.proto.OzoneManagerProtocolProtos$OzoneManagerService$2.callBlockingMethod(OzoneManagerProtocolProtos.java) [ozone-interface-client-1.4.0-SNAPSHOT.jar:?]
	at org.apache.hadoop.ipc.ProtobufRpcEngine$Server.processCall(ProtobufRpcEngine.java:484) [hadoop-common-3.3.6.jar:?]
	at org.apache.hadoop.ipc.ProtobufRpcEngine2$Server$ProtoBufRpcInvoker.call(ProtobufRpcEngine2.java:595) [hadoop-common-3.3.6.jar:?]
	at org.apache.hadoop.ipc.ProtobufRpcEngine2$Server$ProtoBufRpcInvoker.call(ProtobufRpcEngine2.java:573) [hadoop-common-3.3.6.jar:?]
	at org.apache.hadoop.ipc.RPC$Server.call(RPC.java:1227) [hadoop-common-3.3.6.jar:?]
	at org.apache.hadoop.ipc.Server$RpcCall.run(Server.java:1094) [hadoop-common-3.3.6.jar:?]
	at org.apache.hadoop.ipc.Server$RpcCall.run(Server.java:1017) [hadoop-common-3.3.6.jar:?]
	at java.security.AccessController.doPrivileged(Native Method) ~[?:1.8.0_382]
	at javax.security.auth.Subject.doAs(Subject.java:422) [?:1.8.0_382]
	at org.apache.hadoop.security.UserGroupInformation.doAs(UserGroupInformation.java:1899) [hadoop-common-3.3.6.jar:?]
	at org.apache.hadoop.ipc.Server$Handler.run(Server.java:3048) [hadoop-common-3.3.6.jar:?]
18:18:47.379 [IPC Server handler 18 on default port 15057] ERROR OMAudit - user=runner | ip=127.0.0.1 | op=GET_FILE_STATUS {volume=volume38115, bucket=bucket38025, key=gdir1/dir1, dataSize=0, replicationConfig=null} | ret=FAILURE
org.apache.hadoop.ozone.om.exceptions.OMException: Unable to get file status: volume: volume38115 bucket: bucket38025 key: gdir1/dir1
	at org.apache.hadoop.ozone.om.KeyManagerImpl.getOzoneFileStatus(KeyManagerImpl.java:1195) ~[ozone-manager-1.4.0-SNAPSHOT.jar:?]
	at org.apache.hadoop.ozone.om.KeyManagerImpl.getFileStatus(KeyManagerImpl.java:1113) ~[ozone-manager-1.4.0-SNAPSHOT.jar:?]
	at org.apache.hadoop.ozone.om.OmMetadataReader.getFileStatus(OmMetadataReader.java:262) ~[ozone-manager-1.4.0-SNAPSHOT.jar:?]
	at org.apache.hadoop.ozone.om.OzoneManager.getFileStatus(OzoneManager.java:3530) ~[ozone-manager-1.4.0-SNAPSHOT.jar:?]
	at org.apache.hadoop.ozone.protocolPB.OzoneManagerRequestHandler.getOzoneFileStatus(OzoneManagerRequestHandler.java:973) ~[ozone-manager-1.4.0-SNAPSHOT.jar:?]
	at org.apache.hadoop.ozone.protocolPB.OzoneManagerRequestHandler.handleReadRequest(OzoneManagerRequestHandler.java:252) ~[ozone-manager-1.4.0-SNAPSHOT.jar:?]
	at org.apache.hadoop.ozone.protocolPB.OzoneManagerProtocolServerSideTranslatorPB.submitRequestDirectlyToOM(OzoneManagerProtocolServerSideTranslatorPB.java:274) ~[ozone-manager-1.4.0-SNAPSHOT.jar:?]
	at org.apache.hadoop.ozone.protocolPB.OzoneManagerProtocolServerSideTranslatorPB.processRequest(OzoneManagerProtocolServerSideTranslatorPB.java:175) ~[ozone-manager-1.4.0-SNAPSHOT.jar:?]
	at org.apache.hadoop.hdds.server.OzoneProtocolMessageDispatcher.processRequest(OzoneProtocolMessageDispatcher.java:87) [hdds-server-framework-1.4.0-SNAPSHOT.jar:?]
	at org.apache.hadoop.ozone.protocolPB.OzoneManagerProtocolServerSideTranslatorPB.submitRequest(OzoneManagerProtocolServerSideTranslatorPB.java:148) [ozone-manager-1.4.0-SNAPSHOT.jar:?]
	at org.apache.hadoop.ozone.protocol.proto.OzoneManagerProtocolProtos$OzoneManagerService$2.callBlockingMethod(OzoneManagerProtocolProtos.java) [ozone-interface-client-1.4.0-SNAPSHOT.jar:?]
	at org.apache.hadoop.ipc.ProtobufRpcEngine$Server.processCall(ProtobufRpcEngine.java:484) [hadoop-common-3.3.6.jar:?]
	at org.apache.hadoop.ipc.ProtobufRpcEngine2$Server$ProtoBufRpcInvoker.call(ProtobufRpcEngine2.java:595) [hadoop-common-3.3.6.jar:?]
	at org.apache.hadoop.ipc.ProtobufRpcEngine2$Server$ProtoBufRpcInvoker.call(ProtobufRpcEngine2.java:573) [hadoop-common-3.3.6.jar:?]
	at org.apache.hadoop.ipc.RPC$Server.call(RPC.java:1227) [hadoop-common-3.3.6.jar:?]
	at org.apache.hadoop.ipc.Server$RpcCall.run(Server.java:1094) [hadoop-common-3.3.6.jar:?]
	at org.apache.hadoop.ipc.Server$RpcCall.run(Server.java:1017) [hadoop-common-3.3.6.jar:?]
	at java.security.AccessController.doPrivileged(Native Method) ~[?:1.8.0_382]
	at javax.security.auth.Subject.doAs(Subject.java:422) [?:1.8.0_382]
	at org.apache.hadoop.security.UserGroupInformation.doAs(UserGroupInformation.java:1899) [hadoop-common-3.3.6.jar:?]
	at org.apache.hadoop.ipc.Server$Handler.run(Server.java:3048) [hadoop-common-3.3.6.jar:?]
18:18:47.380 [IPC Server handler 17 on default port 15057] ERROR OMAudit - user=runner | ip=127.0.0.1 | op=GET_FILE_STATUS {volume=volume38115, bucket=bucket38025, key=gdir1/dir1/child, dataSize=0, replicationConfig=null} | ret=FAILURE
org.apache.hadoop.ozone.om.exceptions.OMException: Unable to get file status: volume: volume38115 bucket: bucket38025 key: gdir1/dir1/child
	at org.apache.hadoop.ozone.om.KeyManagerImpl.getOzoneFileStatus(KeyManagerImpl.java:1195) ~[ozone-manager-1.4.0-SNAPSHOT.jar:?]
	at org.apache.hadoop.ozone.om.KeyManagerImpl.getFileStatus(KeyManagerImpl.java:1113) ~[ozone-manager-1.4.0-SNAPSHOT.jar:?]
	at org.apache.hadoop.ozone.om.OmMetadataReader.getFileStatus(OmMetadataReader.java:262) ~[ozone-manager-1.4.0-SNAPSHOT.jar:?]
	at org.apache.hadoop.ozone.om.OzoneManager.getFileStatus(OzoneManager.java:3530) ~[ozone-manager-1.4.0-SNAPSHOT.jar:?]
	at org.apache.hadoop.ozone.protocolPB.OzoneManagerRequestHandler.getOzoneFileStatus(OzoneManagerRequestHandler.java:973) ~[ozone-manager-1.4.0-SNAPSHOT.jar:?]
	at org.apache.hadoop.ozone.protocolPB.OzoneManagerRequestHandler.handleReadRequest(OzoneManagerRequestHandler.java:252) ~[ozone-manager-1.4.0-SNAPSHOT.jar:?]
	at org.apache.hadoop.ozone.protocolPB.OzoneManagerProtocolServerSideTranslatorPB.submitRequestDirectlyToOM(OzoneManagerProtocolServerSideTranslatorPB.java:274) ~[ozone-manager-1.4.0-SNAPSHOT.jar:?]
	at org.apache.hadoop.ozone.protocolPB.OzoneManagerProtocolServerSideTranslatorPB.processRequest(OzoneManagerProtocolServerSideTranslatorPB.java:175) ~[ozone-manager-1.4.0-SNAPSHOT.jar:?]
	at org.apache.hadoop.hdds.server.OzoneProtocolMessageDispatcher.processRequest(OzoneProtocolMessageDispatcher.java:87) [hdds-server-framework-1.4.0-SNAPSHOT.jar:?]
	at org.apache.hadoop.ozone.protocolPB.OzoneManagerProtocolServerSideTranslatorPB.submitRequest(OzoneManagerProtocolServerSideTranslatorPB.java:148) [ozone-manager-1.4.0-SNAPSHOT.jar:?]
	at org.apache.hadoop.ozone.protocol.proto.OzoneManagerProtocolProtos$OzoneManagerService$2.callBlockingMethod(OzoneManagerProtocolProtos.java) [ozone-interface-client-1.4.0-SNAPSHOT.jar:?]
	at org.apache.hadoop.ipc.ProtobufRpcEngine$Server.processCall(ProtobufRpcEngine.java:484) [hadoop-common-3.3.6.jar:?]
	at org.apache.hadoop.ipc.ProtobufRpcEngine2$Server$ProtoBufRpcInvoker.call(ProtobufRpcEngine2.java:595) [hadoop-common-3.3.6.jar:?]
	at org.apache.hadoop.ipc.ProtobufRpcEngine2$Server$ProtoBufRpcInvoker.call(ProtobufRpcEngine2.java:573) [hadoop-common-3.3.6.jar:?]
	at org.apache.hadoop.ipc.RPC$Server.call(RPC.java:1227) [hadoop-common-3.3.6.jar:?]
	at org.apache.hadoop.ipc.Server$RpcCall.run(Server.java:1094) [hadoop-common-3.3.6.jar:?]
	at org.apache.hadoop.ipc.Server$RpcCall.run(Server.java:1017) [hadoop-common-3.3.6.jar:?]
	at java.security.AccessController.doPrivileged(Native Method) ~[?:1.8.0_382]
	at javax.security.auth.Subject.doAs(Subject.java:422) [?:1.8.0_382]
	at org.apache.hadoop.security.UserGroupInformation.doAs(UserGroupInformation.java:1899) [hadoop-common-3.3.6.jar:?]
	at org.apache.hadoop.ipc.Server$Handler.run(Server.java:3048) [hadoop-common-3.3.6.jar:?]
18:18:47.381 [IPC Server handler 16 on default port 15057] ERROR OMAudit - user=runner | ip=127.0.0.1 | op=GET_FILE_STATUS {volume=volume38115, bucket=bucket38025, key=gdir1/dir2, dataSize=0, replicationConfig=null} | ret=FAILURE
org.apache.hadoop.ozone.om.exceptions.OMException: Unable to get file status: volume: volume38115 bucket: bucket38025 key: gdir1/dir2
	at org.apache.hadoop.ozone.om.KeyManagerImpl.getOzoneFileStatus(KeyManagerImpl.java:1195) ~[ozone-manager-1.4.0-SNAPSHOT.jar:?]
	at org.apache.hadoop.ozone.om.KeyManagerImpl.getFileStatus(KeyManagerImpl.java:1113) ~[ozone-manager-1.4.0-SNAPSHOT.jar:?]
	at org.apache.hadoop.ozone.om.OmMetadataReader.getFileStatus(OmMetadataReader.java:262) ~[ozone-manager-1.4.0-SNAPSHOT.jar:?]
	at org.apache.hadoop.ozone.om.OzoneManager.getFileStatus(OzoneManager.java:3530) ~[ozone-manager-1.4.0-SNAPSHOT.jar:?]
	at org.apache.hadoop.ozone.protocolPB.OzoneManagerRequestHandler.getOzoneFileStatus(OzoneManagerRequestHandler.java:973) ~[ozone-manager-1.4.0-SNAPSHOT.jar:?]
	at org.apache.hadoop.ozone.protocolPB.OzoneManagerRequestHandler.handleReadRequest(OzoneManagerRequestHandler.java:252) ~[ozone-manager-1.4.0-SNAPSHOT.jar:?]
	at org.apache.hadoop.ozone.protocolPB.OzoneManagerProtocolServerSideTranslatorPB.submitRequestDirectlyToOM(OzoneManagerProtocolServerSideTranslatorPB.java:274) ~[ozone-manager-1.4.0-SNAPSHOT.jar:?]
	at org.apache.hadoop.ozone.protocolPB.OzoneManagerProtocolServerSideTranslatorPB.processRequest(OzoneManagerProtocolServerSideTranslatorPB.java:175) ~[ozone-manager-1.4.0-SNAPSHOT.jar:?]
	at org.apache.hadoop.hdds.server.OzoneProtocolMessageDispatcher.processRequest(OzoneProtocolMessageDispatcher.java:87) [hdds-server-framework-1.4.0-SNAPSHOT.jar:?]
	at org.apache.hadoop.ozone.protocolPB.OzoneManagerProtocolServerSideTranslatorPB.submitRequest(OzoneManagerProtocolServerSideTranslatorPB.java:148) [ozone-manager-1.4.0-SNAPSHOT.jar:?]
	at org.apache.hadoop.ozone.protocol.proto.OzoneManagerProtocolProtos$OzoneManagerService$2.callBlockingMethod(OzoneManagerProtocolProtos.java) [ozone-interface-client-1.4.0-SNAPSHOT.jar:?]
	at org.apache.hadoop.ipc.ProtobufRpcEngine$Server.processCall(ProtobufRpcEngine.java:484) [hadoop-common-3.3.6.jar:?]
	at org.apache.hadoop.ipc.ProtobufRpcEngine2$Server$ProtoBufRpcInvoker.call(ProtobufRpcEngine2.java:595) [hadoop-common-3.3.6.jar:?]
	at org.apache.hadoop.ipc.ProtobufRpcEngine2$Server$ProtoBufRpcInvoker.call(ProtobufRpcEngine2.java:573) [hadoop-common-3.3.6.jar:?]
	at org.apache.hadoop.ipc.RPC$Server.call(RPC.java:1227) [hadoop-common-3.3.6.jar:?]
	at org.apache.hadoop.ipc.Server$RpcCall.run(Server.java:1094) [hadoop-common-3.3.6.jar:?]
	at org.apache.hadoop.ipc.Server$RpcCall.run(Server.java:1017) [hadoop-common-3.3.6.jar:?]
	at java.security.AccessController.doPrivileged(Native Method) ~[?:1.8.0_382]
	at javax.security.auth.Subject.doAs(Subject.java:422) [?:1.8.0_382]
	at org.apache.hadoop.security.UserGroupInformation.doAs(UserGroupInformation.java:1899) [hadoop-common-3.3.6.jar:?]
	at org.apache.hadoop.ipc.Server$Handler.run(Server.java:3048) [hadoop-common-3.3.6.jar:?]
18:18:47.382 [IPC Server handler 15 on default port 15057] ERROR OMAudit - user=runner | ip=127.0.0.1 | op=GET_FILE_STATUS {volume=volume38115, bucket=bucket38025, key=gdir1/dir2/child, dataSize=0, replicationConfig=null} | ret=FAILURE
org.apache.hadoop.ozone.om.exceptions.OMException: Unable to get file status: volume: volume38115 bucket: bucket38025 key: gdir1/dir2/child
	at org.apache.hadoop.ozone.om.KeyManagerImpl.getOzoneFileStatus(KeyManagerImpl.java:1195) ~[ozone-manager-1.4.0-SNAPSHOT.jar:?]
	at org.apache.hadoop.ozone.om.KeyManagerImpl.getFileStatus(KeyManagerImpl.java:1113) ~[ozone-manager-1.4.0-SNAPSHOT.jar:?]
	at org.apache.hadoop.ozone.om.OmMetadataReader.getFileStatus(OmMetadataReader.java:262) ~[ozone-manager-1.4.0-SNAPSHOT.jar:?]
	at org.apache.hadoop.ozone.om.OzoneManager.getFileStatus(OzoneManager.java:3530) ~[ozone-manager-1.4.0-SNAPSHOT.jar:?]
	at org.apache.hadoop.ozone.protocolPB.OzoneManagerRequestHandler.getOzoneFileStatus(OzoneManagerRequestHandler.java:973) ~[ozone-manager-1.4.0-SNAPSHOT.jar:?]
	at org.apache.hadoop.ozone.protocolPB.OzoneManagerRequestHandler.handleReadRequest(OzoneManagerRequestHandler.java:252) ~[ozone-manager-1.4.0-SNAPSHOT.jar:?]
	at org.apache.hadoop.ozone.protocolPB.OzoneManagerProtocolServerSideTranslatorPB.submitRequestDirectlyToOM(OzoneManagerProtocolServerSideTranslatorPB.java:274) ~[ozone-manager-1.4.0-SNAPSHOT.jar:?]
	at org.apache.hadoop.ozone.protocolPB.OzoneManagerProtocolServerSideTranslatorPB.processRequest(OzoneManagerProtocolServerSideTranslatorPB.java:175) ~[ozone-manager-1.4.0-SNAPSHOT.jar:?]
	at org.apache.hadoop.hdds.server.OzoneProtocolMessageDispatcher.processRequest(OzoneProtocolMessageDispatcher.java:87) [hdds-server-framework-1.4.0-SNAPSHOT.jar:?]
	at org.apache.hadoop.ozone.protocolPB.OzoneManagerProtocolServerSideTranslatorPB.submitRequest(OzoneManagerProtocolServerSideTranslatorPB.java:148) [ozone-manager-1.4.0-SNAPSHOT.jar:?]
	at org.apache.hadoop.ozone.protocol.proto.OzoneManagerProtocolProtos$OzoneManagerService$2.callBlockingMethod(OzoneManagerProtocolProtos.java) [ozone-interface-client-1.4.0-SNAPSHOT.jar:?]
	at org.apache.hadoop.ipc.ProtobufRpcEngine$Server.processCall(ProtobufRpcEngine.java:484) [hadoop-common-3.3.6.jar:?]
	at org.apache.hadoop.ipc.ProtobufRpcEngine2$Server$ProtoBufRpcInvoker.call(ProtobufRpcEngine2.java:595) [hadoop-common-3.3.6.jar:?]
	at org.apache.hadoop.ipc.ProtobufRpcEngine2$Server$ProtoBufRpcInvoker.call(ProtobufRpcEngine2.java:573) [hadoop-common-3.3.6.jar:?]
	at org.apache.hadoop.ipc.RPC$Server.call(RPC.java:1227) [hadoop-common-3.3.6.jar:?]
	at org.apache.hadoop.ipc.Server$RpcCall.run(Server.java:1094) [hadoop-common-3.3.6.jar:?]
	at org.apache.hadoop.ipc.Server$RpcCall.run(Server.java:1017) [hadoop-common-3.3.6.jar:?]
	at java.security.AccessController.doPrivileged(Native Method) ~[?:1.8.0_382]
	at javax.security.auth.Subject.doAs(Subject.java:422) [?:1.8.0_382]
	at org.apache.hadoop.security.UserGroupInformation.doAs(UserGroupInformation.java:1899) [hadoop-common-3.3.6.jar:?]
	at org.apache.hadoop.ipc.Server$Handler.run(Server.java:3048) [hadoop-common-3.3.6.jar:?]
18:18:47.383 [IPC Server handler 12 on default port 15057] ERROR OMAudit - user=runner | ip=127.0.0.1 | op=GET_FILE_STATUS {volume=volume38115, bucket=bucket38025, key=gdir1/dir3, dataSize=0, replicationConfig=null} | ret=FAILURE
org.apache.hadoop.ozone.om.exceptions.OMException: Unable to get file status: volume: volume38115 bucket: bucket38025 key: gdir1/dir3
	at org.apache.hadoop.ozone.om.KeyManagerImpl.getOzoneFileStatus(KeyManagerImpl.java:1195) ~[ozone-manager-1.4.0-SNAPSHOT.jar:?]
	at org.apache.hadoop.ozone.om.KeyManagerImpl.getFileStatus(KeyManagerImpl.java:1113) ~[ozone-manager-1.4.0-SNAPSHOT.jar:?]
	at org.apache.hadoop.ozone.om.OmMetadataReader.getFileStatus(OmMetadataReader.java:262) ~[ozone-manager-1.4.0-SNAPSHOT.jar:?]
	at org.apache.hadoop.ozone.om.OzoneManager.getFileStatus(OzoneManager.java:3530) ~[ozone-manager-1.4.0-SNAPSHOT.jar:?]
	at org.apache.hadoop.ozone.protocolPB.OzoneManagerRequestHandler.getOzoneFileStatus(OzoneManagerRequestHandler.java:973) ~[ozone-manager-1.4.0-SNAPSHOT.jar:?]
	at org.apache.hadoop.ozone.protocolPB.OzoneManagerRequestHandler.handleReadRequest(OzoneManagerRequestHandler.java:252) ~[ozone-manager-1.4.0-SNAPSHOT.jar:?]
	at org.apache.hadoop.ozone.protocolPB.OzoneManagerProtocolServerSideTranslatorPB.submitRequestDirectlyToOM(OzoneManagerProtocolServerSideTranslatorPB.java:274) ~[ozone-manager-1.4.0-SNAPSHOT.jar:?]
	at org.apache.hadoop.ozone.protocolPB.OzoneManagerProtocolServerSideTranslatorPB.processRequest(OzoneManagerProtocolServerSideTranslatorPB.java:175) ~[ozone-manager-1.4.0-SNAPSHOT.jar:?]
	at org.apache.hadoop.hdds.server.OzoneProtocolMessageDispatcher.processRequest(OzoneProtocolMessageDispatcher.java:87) [hdds-server-framework-1.4.0-SNAPSHOT.jar:?]
	at org.apache.hadoop.ozone.protocolPB.OzoneManagerProtocolServerSideTranslatorPB.submitRequest(OzoneManagerProtocolServerSideTranslatorPB.java:148) [ozone-manager-1.4.0-SNAPSHOT.jar:?]
	at org.apache.hadoop.ozone.protocol.proto.OzoneManagerProtocolProtos$OzoneManagerService$2.callBlockingMethod(OzoneManagerProtocolProtos.java) [ozone-interface-client-1.4.0-SNAPSHOT.jar:?]
	at org.apache.hadoop.ipc.ProtobufRpcEngine$Server.processCall(ProtobufRpcEngine.java:484) [hadoop-common-3.3.6.jar:?]
	at org.apache.hadoop.ipc.ProtobufRpcEngine2$Server$ProtoBufRpcInvoker.call(ProtobufRpcEngine2.java:595) [hadoop-common-3.3.6.jar:?]
	at org.apache.hadoop.ipc.ProtobufRpcEngine2$Server$ProtoBufRpcInvoker.call(ProtobufRpcEngine2.java:573) [hadoop-common-3.3.6.jar:?]
	at org.apache.hadoop.ipc.RPC$Server.call(RPC.java:1227) [hadoop-common-3.3.6.jar:?]
	at org.apache.hadoop.ipc.Server$RpcCall.run(Server.java:1094) [hadoop-common-3.3.6.jar:?]
	at org.apache.hadoop.ipc.Server$RpcCall.run(Server.java:1017) [hadoop-common-3.3.6.jar:?]
	at java.security.AccessController.doPrivileged(Native Method) ~[?:1.8.0_382]
	at javax.security.auth.Subject.doAs(Subject.java:422) [?:1.8.0_382]
	at org.apache.hadoop.security.UserGroupInformation.doAs(UserGroupInformation.java:1899) [hadoop-common-3.3.6.jar:?]
	at org.apache.hadoop.ipc.Server$Handler.run(Server.java:3048) [hadoop-common-3.3.6.jar:?]
18:18:47.384 [IPC Server handler 6 on default port 15057] ERROR OMAudit - user=runner | ip=127.0.0.1 | op=GET_FILE_STATUS {volume=volume38115, bucket=bucket38025, key=gdir1/dir3/child, dataSize=0, replicationConfig=null} | ret=FAILURE
org.apache.hadoop.ozone.om.exceptions.OMException: Unable to get file status: volume: volume38115 bucket: bucket38025 key: gdir1/dir3/child
	at org.apache.hadoop.ozone.om.KeyManagerImpl.getOzoneFileStatus(KeyManagerImpl.java:1195) ~[ozone-manager-1.4.0-SNAPSHOT.jar:?]
	at org.apache.hadoop.ozone.om.KeyManagerImpl.getFileStatus(KeyManagerImpl.java:1113) ~[ozone-manager-1.4.0-SNAPSHOT.jar:?]
	at org.apache.hadoop.ozone.om.OmMetadataReader.getFileStatus(OmMetadataReader.java:262) ~[ozone-manager-1.4.0-SNAPSHOT.jar:?]
	at org.apache.hadoop.ozone.om.OzoneManager.getFileStatus(OzoneManager.java:3530) ~[ozone-manager-1.4.0-SNAPSHOT.jar:?]
	at org.apache.hadoop.ozone.protocolPB.OzoneManagerRequestHandler.getOzoneFileStatus(OzoneManagerRequestHandler.java:973) ~[ozone-manager-1.4.0-SNAPSHOT.jar:?]
	at org.apache.hadoop.ozone.protocolPB.OzoneManagerRequestHandler.handleReadRequest(OzoneManagerRequestHandler.java:252) ~[ozone-manager-1.4.0-SNAPSHOT.jar:?]
	at org.apache.hadoop.ozone.protocolPB.OzoneManagerProtocolServerSideTranslatorPB.submitRequestDirectlyToOM(OzoneManagerProtocolServerSideTranslatorPB.java:274) ~[ozone-manager-1.4.0-SNAPSHOT.jar:?]
	at org.apache.hadoop.ozone.protocolPB.OzoneManagerProtocolServerSideTranslatorPB.processRequest(OzoneManagerProtocolServerSideTranslatorPB.java:175) ~[ozone-manager-1.4.0-SNAPSHOT.jar:?]
	at org.apache.hadoop.hdds.server.OzoneProtocolMessageDispatcher.processRequest(OzoneProtocolMessageDispatcher.java:87) [hdds-server-framework-1.4.0-SNAPSHOT.jar:?]
	at org.apache.hadoop.ozone.protocolPB.OzoneManagerProtocolServerSideTranslatorPB.submitRequest(OzoneManagerProtocolServerSideTranslatorPB.java:148) [ozone-manager-1.4.0-SNAPSHOT.jar:?]
	at org.apache.hadoop.ozone.protocol.proto.OzoneManagerProtocolProtos$OzoneManagerService$2.callBlockingMethod(OzoneManagerProtocolProtos.java) [ozone-interface-client-1.4.0-SNAPSHOT.jar:?]
	at org.apache.hadoop.ipc.ProtobufRpcEngine$Server.processCall(ProtobufRpcEngine.java:484) [hadoop-common-3.3.6.jar:?]
	at org.apache.hadoop.ipc.ProtobufRpcEngine2$Server$ProtoBufRpcInvoker.call(ProtobufRpcEngine2.java:595) [hadoop-common-3.3.6.jar:?]
	at org.apache.hadoop.ipc.ProtobufRpcEngine2$Server$ProtoBufRpcInvoker.call(ProtobufRpcEngine2.java:573) [hadoop-common-3.3.6.jar:?]
	at org.apache.hadoop.ipc.RPC$Server.call(RPC.java:1227) [hadoop-common-3.3.6.jar:?]
	at org.apache.hadoop.ipc.Server$RpcCall.run(Server.java:1094) [hadoop-common-3.3.6.jar:?]
	at org.apache.hadoop.ipc.Server$RpcCall.run(Server.java:1017) [hadoop-common-3.3.6.jar:?]
	at java.security.AccessController.doPrivileged(Native Method) ~[?:1.8.0_382]
	at javax.security.auth.Subject.doAs(Subject.java:422) [?:1.8.0_382]
	at org.apache.hadoop.security.UserGroupInformation.doAs(UserGroupInformation.java:1899) [hadoop-common-3.3.6.jar:?]
	at org.apache.hadoop.ipc.Server$Handler.run(Server.java:3048) [hadoop-common-3.3.6.jar:?]
18:18:47.386 [IPC Server handler 11 on default port 15057] ERROR OMAudit - user=runner | ip=127.0.0.1 | op=GET_FILE_STATUS {volume=volume38115, bucket=bucket38025, key=gdir1/dir4, dataSize=0, replicationConfig=null} | ret=FAILURE
org.apache.hadoop.ozone.om.exceptions.OMException: Unable to get file status: volume: volume38115 bucket: bucket38025 key: gdir1/dir4
	at org.apache.hadoop.ozone.om.KeyManagerImpl.getOzoneFileStatus(KeyManagerImpl.java:1195) ~[ozone-manager-1.4.0-SNAPSHOT.jar:?]
	at org.apache.hadoop.ozone.om.KeyManagerImpl.getFileStatus(KeyManagerImpl.java:1113) ~[ozone-manager-1.4.0-SNAPSHOT.jar:?]
	at org.apache.hadoop.ozone.om.OmMetadataReader.getFileStatus(OmMetadataReader.java:262) ~[ozone-manager-1.4.0-SNAPSHOT.jar:?]
	at org.apache.hadoop.ozone.om.OzoneManager.getFileStatus(OzoneManager.java:3530) ~[ozone-manager-1.4.0-SNAPSHOT.jar:?]
	at org.apache.hadoop.ozone.protocolPB.OzoneManagerRequestHandler.getOzoneFileStatus(OzoneManagerRequestHandler.java:973) ~[ozone-manager-1.4.0-SNAPSHOT.jar:?]
	at org.apache.hadoop.ozone.protocolPB.OzoneManagerRequestHandler.handleReadRequest(OzoneManagerRequestHandler.java:252) ~[ozone-manager-1.4.0-SNAPSHOT.jar:?]
	at org.apache.hadoop.ozone.protocolPB.OzoneManagerProtocolServerSideTranslatorPB.submitRequestDirectlyToOM(OzoneManagerProtocolServerSideTranslatorPB.java:274) ~[ozone-manager-1.4.0-SNAPSHOT.jar:?]
	at org.apache.hadoop.ozone.protocolPB.OzoneManagerProtocolServerSideTranslatorPB.processRequest(OzoneManagerProtocolServerSideTranslatorPB.java:175) ~[ozone-manager-1.4.0-SNAPSHOT.jar:?]
	at org.apache.hadoop.hdds.server.OzoneProtocolMessageDispatcher.processRequest(OzoneProtocolMessageDispatcher.java:87) [hdds-server-framework-1.4.0-SNAPSHOT.jar:?]
	at org.apache.hadoop.ozone.protocolPB.OzoneManagerProtocolServerSideTranslatorPB.submitRequest(OzoneManagerProtocolServerSideTranslatorPB.java:148) [ozone-manager-1.4.0-SNAPSHOT.jar:?]
	at org.apache.hadoop.ozone.protocol.proto.OzoneManagerProtocolProtos$OzoneManagerService$2.callBlockingMethod(OzoneManagerProtocolProtos.java) [ozone-interface-client-1.4.0-SNAPSHOT.jar:?]
	at org.apache.hadoop.ipc.ProtobufRpcEngine$Server.processCall(ProtobufRpcEngine.java:484) [hadoop-common-3.3.6.jar:?]
	at org.apache.hadoop.ipc.ProtobufRpcEngine2$Server$ProtoBufRpcInvoker.call(ProtobufRpcEngine2.java:595) [hadoop-common-3.3.6.jar:?]
	at org.apache.hadoop.ipc.ProtobufRpcEngine2$Server$ProtoBufRpcInvoker.call(ProtobufRpcEngine2.java:573) [hadoop-common-3.3.6.jar:?]
	at org.apache.hadoop.ipc.RPC$Server.call(RPC.java:1227) [hadoop-common-3.3.6.jar:?]
	at org.apache.hadoop.ipc.Server$RpcCall.run(Server.java:1094) [hadoop-common-3.3.6.jar:?]
	at org.apache.hadoop.ipc.Server$RpcCall.run(Server.java:1017) [hadoop-common-3.3.6.jar:?]
	at java.security.AccessController.doPrivileged(Native Method) ~[?:1.8.0_382]
	at javax.security.auth.Subject.doAs(Subject.java:422) [?:1.8.0_382]
	at org.apache.hadoop.security.UserGroupInformation.doAs(UserGroupInformation.java:1899) [hadoop-common-3.3.6.jar:?]
	at org.apache.hadoop.ipc.Server$Handler.run(Server.java:3048) [hadoop-common-3.3.6.jar:?]
18:18:47.387 [IPC Server handler 9 on default port 15057] ERROR OMAudit - user=runner | ip=127.0.0.1 | op=GET_FILE_STATUS {volume=volume38115, bucket=bucket38025, key=gdir1/dir4/child, dataSize=0, replicationConfig=null} | ret=FAILURE
org.apache.hadoop.ozone.om.exceptions.OMException: Unable to get file status: volume: volume38115 bucket: bucket38025 key: gdir1/dir4/child
	at org.apache.hadoop.ozone.om.KeyManagerImpl.getOzoneFileStatus(KeyManagerImpl.java:1195) ~[ozone-manager-1.4.0-SNAPSHOT.jar:?]
	at org.apache.hadoop.ozone.om.KeyManagerImpl.getFileStatus(KeyManagerImpl.java:1113) ~[ozone-manager-1.4.0-SNAPSHOT.jar:?]
	at org.apache.hadoop.ozone.om.OmMetadataReader.getFileStatus(OmMetadataReader.java:262) ~[ozone-manager-1.4.0-SNAPSHOT.jar:?]
	at org.apache.hadoop.ozone.om.OzoneManager.getFileStatus(OzoneManager.java:3530) ~[ozone-manager-1.4.0-SNAPSHOT.jar:?]
	at org.apache.hadoop.ozone.protocolPB.OzoneManagerRequestHandler.getOzoneFileStatus(OzoneManagerRequestHandler.java:973) ~[ozone-manager-1.4.0-SNAPSHOT.jar:?]
	at org.apache.hadoop.ozone.protocolPB.OzoneManagerRequestHandler.handleReadRequest(OzoneManagerRequestHandler.java:252) ~[ozone-manager-1.4.0-SNAPSHOT.jar:?]
	at org.apache.hadoop.ozone.protocolPB.OzoneManagerProtocolServerSideTranslatorPB.submitRequestDirectlyToOM(OzoneManagerProtocolServerSideTranslatorPB.java:274) ~[ozone-manager-1.4.0-SNAPSHOT.jar:?]
	at org.apache.hadoop.ozone.protocolPB.OzoneManagerProtocolServerSideTranslatorPB.processRequest(OzoneManagerProtocolServerSideTranslatorPB.java:175) ~[ozone-manager-1.4.0-SNAPSHOT.jar:?]
	at org.apache.hadoop.hdds.server.OzoneProtocolMessageDispatcher.processRequest(OzoneProtocolMessageDispatcher.java:87) [hdds-server-framework-1.4.0-SNAPSHOT.jar:?]
	at org.apache.hadoop.ozone.protocolPB.OzoneManagerProtocolServerSideTranslatorPB.submitRequest(OzoneManagerProtocolServerSideTranslatorPB.java:148) [ozone-manager-1.4.0-SNAPSHOT.jar:?]
	at org.apache.hadoop.ozone.protocol.proto.OzoneManagerProtocolProtos$OzoneManagerService$2.callBlockingMethod(OzoneManagerProtocolProtos.java) [ozone-interface-client-1.4.0-SNAPSHOT.jar:?]
	at org.apache.hadoop.ipc.ProtobufRpcEngine$Server.processCall(ProtobufRpcEngine.java:484) [hadoop-common-3.3.6.jar:?]
	at org.apache.hadoop.ipc.ProtobufRpcEngine2$Server$ProtoBufRpcInvoker.call(ProtobufRpcEngine2.java:595) [hadoop-common-3.3.6.jar:?]
	at org.apache.hadoop.ipc.ProtobufRpcEngine2$Server$ProtoBufRpcInvoker.call(ProtobufRpcEngine2.java:573) [hadoop-common-3.3.6.jar:?]
	at org.apache.hadoop.ipc.RPC$Server.call(RPC.java:1227) [hadoop-common-3.3.6.jar:?]
	at org.apache.hadoop.ipc.Server$RpcCall.run(Server.java:1094) [hadoop-common-3.3.6.jar:?]
	at org.apache.hadoop.ipc.Server$RpcCall.run(Server.java:1017) [hadoop-common-3.3.6.jar:?]
	at java.security.AccessController.doPrivileged(Native Method) ~[?:1.8.0_382]
	at javax.security.auth.Subject.doAs(Subject.java:422) [?:1.8.0_382]
	at org.apache.hadoop.security.UserGroupInformation.doAs(UserGroupInformation.java:1899) [hadoop-common-3.3.6.jar:?]
	at org.apache.hadoop.ipc.Server$Handler.run(Server.java:3048) [hadoop-common-3.3.6.jar:?]
18:18:47.388 [IPC Server handler 4 on default port 15057] ERROR OMAudit - user=runner | ip=127.0.0.1 | op=GET_FILE_STATUS {volume=volume38115, bucket=bucket38025, key=gdir1/dir5, dataSize=0, replicationConfig=null} | ret=FAILURE
org.apache.hadoop.ozone.om.exceptions.OMException: Unable to get file status: volume: volume38115 bucket: bucket38025 key: gdir1/dir5
	at org.apache.hadoop.ozone.om.KeyManagerImpl.getOzoneFileStatus(KeyManagerImpl.java:1195) ~[ozone-manager-1.4.0-SNAPSHOT.jar:?]
	at org.apache.hadoop.ozone.om.KeyManagerImpl.getFileStatus(KeyManagerImpl.java:1113) ~[ozone-manager-1.4.0-SNAPSHOT.jar:?]
	at org.apache.hadoop.ozone.om.OmMetadataReader.getFileStatus(OmMetadataReader.java:262) ~[ozone-manager-1.4.0-SNAPSHOT.jar:?]
	at org.apache.hadoop.ozone.om.OzoneManager.getFileStatus(OzoneManager.java:3530) ~[ozone-manager-1.4.0-SNAPSHOT.jar:?]
	at org.apache.hadoop.ozone.protocolPB.OzoneManagerRequestHandler.getOzoneFileStatus(OzoneManagerRequestHandler.java:973) ~[ozone-manager-1.4.0-SNAPSHOT.jar:?]
	at org.apache.hadoop.ozone.protocolPB.OzoneManagerRequestHandler.handleReadRequest(OzoneManagerRequestHandler.java:252) ~[ozone-manager-1.4.0-SNAPSHOT.jar:?]
	at org.apache.hadoop.ozone.protocolPB.OzoneManagerProtocolServerSideTranslatorPB.submitRequestDirectlyToOM(OzoneManagerProtocolServerSideTranslatorPB.java:274) ~[ozone-manager-1.4.0-SNAPSHOT.jar:?]
	at org.apache.hadoop.ozone.protocolPB.OzoneManagerProtocolServerSideTranslatorPB.processRequest(OzoneManagerProtocolServerSideTranslatorPB.java:175) ~[ozone-manager-1.4.0-SNAPSHOT.jar:?]
	at org.apache.hadoop.hdds.server.OzoneProtocolMessageDispatcher.processRequest(OzoneProtocolMessageDispatcher.java:87) [hdds-server-framework-1.4.0-SNAPSHOT.jar:?]
	at org.apache.hadoop.ozone.protocolPB.OzoneManagerProtocolServerSideTranslatorPB.submitRequest(OzoneManagerProtocolServerSideTranslatorPB.java:148) [ozone-manager-1.4.0-SNAPSHOT.jar:?]
	at org.apache.hadoop.ozone.protocol.proto.OzoneManagerProtocolProtos$OzoneManagerService$2.callBlockingMethod(OzoneManagerProtocolProtos.java) [ozone-interface-client-1.4.0-SNAPSHOT.jar:?]
	at org.apache.hadoop.ipc.ProtobufRpcEngine$Server.processCall(ProtobufRpcEngine.java:484) [hadoop-common-3.3.6.jar:?]
	at org.apache.hadoop.ipc.ProtobufRpcEngine2$Server$ProtoBufRpcInvoker.call(ProtobufRpcEngine2.java:595) [hadoop-common-3.3.6.jar:?]
	at org.apache.hadoop.ipc.ProtobufRpcEngine2$Server$ProtoBufRpcInvoker.call(ProtobufRpcEngine2.java:573) [hadoop-common-3.3.6.jar:?]
	at org.apache.hadoop.ipc.RPC$Server.call(RPC.java:1227) [hadoop-common-3.3.6.jar:?]
	at org.apache.hadoop.ipc.Server$RpcCall.run(Server.java:1094) [hadoop-common-3.3.6.jar:?]
	at org.apache.hadoop.ipc.Server$RpcCall.run(Server.java:1017) [hadoop-common-3.3.6.jar:?]
	at java.security.AccessController.doPrivileged(Native Method) ~[?:1.8.0_382]
	at javax.security.auth.Subject.doAs(Subject.java:422) [?:1.8.0_382]
	at org.apache.hadoop.security.UserGroupInformation.doAs(UserGroupInformation.java:1899) [hadoop-common-3.3.6.jar:?]
	at org.apache.hadoop.ipc.Server$Handler.run(Server.java:3048) [hadoop-common-3.3.6.jar:?]
18:18:47.389 [IPC Server handler 8 on default port 15057] ERROR OMAudit - user=runner | ip=127.0.0.1 | op=GET_FILE_STATUS {volume=volume38115, bucket=bucket38025, key=gdir1/dir5/child, dataSize=0, replicationConfig=null} | ret=FAILURE
org.apache.hadoop.ozone.om.exceptions.OMException: Unable to get file status: volume: volume38115 bucket: bucket38025 key: gdir1/dir5/child
	at org.apache.hadoop.ozone.om.KeyManagerImpl.getOzoneFileStatus(KeyManagerImpl.java:1195) ~[ozone-manager-1.4.0-SNAPSHOT.jar:?]
	at org.apache.hadoop.ozone.om.KeyManagerImpl.getFileStatus(KeyManagerImpl.java:1113) ~[ozone-manager-1.4.0-SNAPSHOT.jar:?]
	at org.apache.hadoop.ozone.om.OmMetadataReader.getFileStatus(OmMetadataReader.java:262) ~[ozone-manager-1.4.0-SNAPSHOT.jar:?]
	at org.apache.hadoop.ozone.om.OzoneManager.getFileStatus(OzoneManager.java:3530) ~[ozone-manager-1.4.0-SNAPSHOT.jar:?]
	at org.apache.hadoop.ozone.protocolPB.OzoneManagerRequestHandler.getOzoneFileStatus(OzoneManagerRequestHandler.java:973) ~[ozone-manager-1.4.0-SNAPSHOT.jar:?]
	at org.apache.hadoop.ozone.protocolPB.OzoneManagerRequestHandler.handleReadRequest(OzoneManagerRequestHandler.java:252) ~[ozone-manager-1.4.0-SNAPSHOT.jar:?]
	at org.apache.hadoop.ozone.protocolPB.OzoneManagerProtocolServerSideTranslatorPB.submitRequestDirectlyToOM(OzoneManagerProtocolServerSideTranslatorPB.java:274) ~[ozone-manager-1.4.0-SNAPSHOT.jar:?]
	at org.apache.hadoop.ozone.protocolPB.OzoneManagerProtocolServerSideTranslatorPB.processRequest(OzoneManagerProtocolServerSideTranslatorPB.java:175) ~[ozone-manager-1.4.0-SNAPSHOT.jar:?]
	at org.apache.hadoop.hdds.server.OzoneProtocolMessageDispatcher.processRequest(OzoneProtocolMessageDispatcher.java:87) [hdds-server-framework-1.4.0-SNAPSHOT.jar:?]
	at org.apache.hadoop.ozone.protocolPB.OzoneManagerProtocolServerSideTranslatorPB.submitRequest(OzoneManagerProtocolServerSideTranslatorPB.java:148) [ozone-manager-1.4.0-SNAPSHOT.jar:?]
	at org.apache.hadoop.ozone.protocol.proto.OzoneManagerProtocolProtos$OzoneManagerService$2.callBlockingMethod(OzoneManagerProtocolProtos.java) [ozone-interface-client-1.4.0-SNAPSHOT.jar:?]
	at org.apache.hadoop.ipc.ProtobufRpcEngine$Server.processCall(ProtobufRpcEngine.java:484) [hadoop-common-3.3.6.jar:?]
	at org.apache.hadoop.ipc.ProtobufRpcEngine2$Server$ProtoBufRpcInvoker.call(ProtobufRpcEngine2.java:595) [hadoop-common-3.3.6.jar:?]
	at org.apache.hadoop.ipc.ProtobufRpcEngine2$Server$ProtoBufRpcInvoker.call(ProtobufRpcEngine2.java:573) [hadoop-common-3.3.6.jar:?]
	at org.apache.hadoop.ipc.RPC$Server.call(RPC.java:1227) [hadoop-common-3.3.6.jar:?]
	at org.apache.hadoop.ipc.Server$RpcCall.run(Server.java:1094) [hadoop-common-3.3.6.jar:?]
	at org.apache.hadoop.ipc.Server$RpcCall.run(Server.java:1017) [hadoop-common-3.3.6.jar:?]
	at java.security.AccessController.doPrivileged(Native Method) ~[?:1.8.0_382]
	at javax.security.auth.Subject.doAs(Subject.java:422) [?:1.8.0_382]
	at org.apache.hadoop.security.UserGroupInformation.doAs(UserGroupInformation.java:1899) [hadoop-common-3.3.6.jar:?]
	at org.apache.hadoop.ipc.Server$Handler.run(Server.java:3048) [hadoop-common-3.3.6.jar:?]
18:18:47.391 [IPC Server handler 7 on default port 15057] ERROR OMAudit - user=runner | ip=127.0.0.1 | op=GET_FILE_STATUS {volume=volume38115, bucket=bucket38025, key=gdir1/dir6, dataSize=0, replicationConfig=null} | ret=FAILURE
org.apache.hadoop.ozone.om.exceptions.OMException: Unable to get file status: volume: volume38115 bucket: bucket38025 key: gdir1/dir6
	at org.apache.hadoop.ozone.om.KeyManagerImpl.getOzoneFileStatus(KeyManagerImpl.java:1195) ~[ozone-manager-1.4.0-SNAPSHOT.jar:?]
	at org.apache.hadoop.ozone.om.KeyManagerImpl.getFileStatus(KeyManagerImpl.java:1113) ~[ozone-manager-1.4.0-SNAPSHOT.jar:?]
	at org.apache.hadoop.ozone.om.OmMetadataReader.getFileStatus(OmMetadataReader.java:262) ~[ozone-manager-1.4.0-SNAPSHOT.jar:?]
	at org.apache.hadoop.ozone.om.OzoneManager.getFileStatus(OzoneManager.java:3530) ~[ozone-manager-1.4.0-SNAPSHOT.jar:?]
	at org.apache.hadoop.ozone.protocolPB.OzoneManagerRequestHandler.getOzoneFileStatus(OzoneManagerRequestHandler.java:973) ~[ozone-manager-1.4.0-SNAPSHOT.jar:?]
	at org.apache.hadoop.ozone.protocolPB.OzoneManagerRequestHandler.handleReadRequest(OzoneManagerRequestHandler.java:252) ~[ozone-manager-1.4.0-SNAPSHOT.jar:?]
	at org.apache.hadoop.ozone.protocolPB.OzoneManagerProtocolServerSideTranslatorPB.submitRequestDirectlyToOM(OzoneManagerProtocolServerSideTranslatorPB.java:274) ~[ozone-manager-1.4.0-SNAPSHOT.jar:?]
	at org.apache.hadoop.ozone.protocolPB.OzoneManagerProtocolServerSideTranslatorPB.processRequest(OzoneManagerProtocolServerSideTranslatorPB.java:175) ~[ozone-manager-1.4.0-SNAPSHOT.jar:?]
	at org.apache.hadoop.hdds.server.OzoneProtocolMessageDispatcher.processRequest(OzoneProtocolMessageDispatcher.java:87) [hdds-server-framework-1.4.0-SNAPSHOT.jar:?]
	at org.apache.hadoop.ozone.protocolPB.OzoneManagerProtocolServerSideTranslatorPB.submitRequest(OzoneManagerProtocolServerSideTranslatorPB.java:148) [ozone-manager-1.4.0-SNAPSHOT.jar:?]
	at org.apache.hadoop.ozone.protocol.proto.OzoneManagerProtocolProtos$OzoneManagerService$2.callBlockingMethod(OzoneManagerProtocolProtos.java) [ozone-interface-client-1.4.0-SNAPSHOT.jar:?]
	at org.apache.hadoop.ipc.ProtobufRpcEngine$Server.processCall(ProtobufRpcEngine.java:484) [hadoop-common-3.3.6.jar:?]
	at org.apache.hadoop.ipc.ProtobufRpcEngine2$Server$ProtoBufRpcInvoker.call(ProtobufRpcEngine2.java:595) [hadoop-common-3.3.6.jar:?]
	at org.apache.hadoop.ipc.ProtobufRpcEngine2$Server$ProtoBufRpcInvoker.call(ProtobufRpcEngine2.java:573) [hadoop-common-3.3.6.jar:?]
	at org.apache.hadoop.ipc.RPC$Server.call(RPC.java:1227) [hadoop-common-3.3.6.jar:?]
	at org.apache.hadoop.ipc.Server$RpcCall.run(Server.java:1094) [hadoop-common-3.3.6.jar:?]
	at org.apache.hadoop.ipc.Server$RpcCall.run(Server.java:1017) [hadoop-common-3.3.6.jar:?]
	at java.security.AccessController.doPrivileged(Native Method) ~[?:1.8.0_382]
	at javax.security.auth.Subject.doAs(Subject.java:422) [?:1.8.0_382]
	at org.apache.hadoop.security.UserGroupInformation.doAs(UserGroupInformation.java:1899) [hadoop-common-3.3.6.jar:?]
	at org.apache.hadoop.ipc.Server$Handler.run(Server.java:3048) [hadoop-common-3.3.6.jar:?]
18:18:47.392 [IPC Server handler 0 on default port 15057] ERROR OMAudit - user=runner | ip=127.0.0.1 | op=GET_FILE_STATUS {volume=volume38115, bucket=bucket38025, key=gdir1/dir6/child, dataSize=0, replicationConfig=null} | ret=FAILURE
org.apache.hadoop.ozone.om.exceptions.OMException: Unable to get file status: volume: volume38115 bucket: bucket38025 key: gdir1/dir6/child
	at org.apache.hadoop.ozone.om.KeyManagerImpl.getOzoneFileStatus(KeyManagerImpl.java:1195) ~[ozone-manager-1.4.0-SNAPSHOT.jar:?]
	at org.apache.hadoop.ozone.om.KeyManagerImpl.getFileStatus(KeyManagerImpl.java:1113) ~[ozone-manager-1.4.0-SNAPSHOT.jar:?]
	at org.apache.hadoop.ozone.om.OmMetadataReader.getFileStatus(OmMetadataReader.java:262) ~[ozone-manager-1.4.0-SNAPSHOT.jar:?]
	at org.apache.hadoop.ozone.om.OzoneManager.getFileStatus(OzoneManager.java:3530) ~[ozone-manager-1.4.0-SNAPSHOT.jar:?]
	at org.apache.hadoop.ozone.protocolPB.OzoneManagerRequestHandler.getOzoneFileStatus(OzoneManagerRequestHandler.java:973) ~[ozone-manager-1.4.0-SNAPSHOT.jar:?]
	at org.apache.hadoop.ozone.protocolPB.OzoneManagerRequestHandler.handleReadRequest(OzoneManagerRequestHandler.java:252) ~[ozone-manager-1.4.0-SNAPSHOT.jar:?]
	at org.apache.hadoop.ozone.protocolPB.OzoneManagerProtocolServerSideTranslatorPB.submitRequestDirectlyToOM(OzoneManagerProtocolServerSideTranslatorPB.java:274) ~[ozone-manager-1.4.0-SNAPSHOT.jar:?]
	at org.apache.hadoop.ozone.protocolPB.OzoneManagerProtocolServerSideTranslatorPB.processRequest(OzoneManagerProtocolServerSideTranslatorPB.java:175) ~[ozone-manager-1.4.0-SNAPSHOT.jar:?]
	at org.apache.hadoop.hdds.server.OzoneProtocolMessageDispatcher.processRequest(OzoneProtocolMessageDispatcher.java:87) [hdds-server-framework-1.4.0-SNAPSHOT.jar:?]
	at org.apache.hadoop.ozone.protocolPB.OzoneManagerProtocolServerSideTranslatorPB.submitRequest(OzoneManagerProtocolServerSideTranslatorPB.java:148) [ozone-manager-1.4.0-SNAPSHOT.jar:?]
	at org.apache.hadoop.ozone.protocol.proto.OzoneManagerProtocolProtos$OzoneManagerService$2.callBlockingMethod(OzoneManagerProtocolProtos.java) [ozone-interface-client-1.4.0-SNAPSHOT.jar:?]
	at org.apache.hadoop.ipc.ProtobufRpcEngine$Server.processCall(ProtobufRpcEngine.java:484) [hadoop-common-3.3.6.jar:?]
	at org.apache.hadoop.ipc.ProtobufRpcEngine2$Server$ProtoBufRpcInvoker.call(ProtobufRpcEngine2.java:595) [hadoop-common-3.3.6.jar:?]
	at org.apache.hadoop.ipc.ProtobufRpcEngine2$Server$ProtoBufRpcInvoker.call(ProtobufRpcEngine2.java:573) [hadoop-common-3.3.6.jar:?]
	at org.apache.hadoop.ipc.RPC$Server.call(RPC.java:1227) [hadoop-common-3.3.6.jar:?]
	at org.apache.hadoop.ipc.Server$RpcCall.run(Server.java:1094) [hadoop-common-3.3.6.jar:?]
	at org.apache.hadoop.ipc.Server$RpcCall.run(Server.java:1017) [hadoop-common-3.3.6.jar:?]
	at java.security.AccessController.doPrivileged(Native Method) ~[?:1.8.0_382]
	at javax.security.auth.Subject.doAs(Subject.java:422) [?:1.8.0_382]
	at org.apache.hadoop.security.UserGroupInformation.doAs(UserGroupInformation.java:1899) [hadoop-common-3.3.6.jar:?]
	at org.apache.hadoop.ipc.Server$Handler.run(Server.java:3048) [hadoop-common-3.3.6.jar:?]
18:18:47.393 [IPC Server handler 2 on default port 15057] ERROR OMAudit - user=runner | ip=127.0.0.1 | op=GET_FILE_STATUS {volume=volume38115, bucket=bucket38025, key=gdir1/dir7, dataSize=0, replicationConfig=null} | ret=FAILURE
org.apache.hadoop.ozone.om.exceptions.OMException: Unable to get file status: volume: volume38115 bucket: bucket38025 key: gdir1/dir7
	at org.apache.hadoop.ozone.om.KeyManagerImpl.getOzoneFileStatus(KeyManagerImpl.java:1195) ~[ozone-manager-1.4.0-SNAPSHOT.jar:?]
	at org.apache.hadoop.ozone.om.KeyManagerImpl.getFileStatus(KeyManagerImpl.java:1113) ~[ozone-manager-1.4.0-SNAPSHOT.jar:?]
	at org.apache.hadoop.ozone.om.OmMetadataReader.getFileStatus(OmMetadataReader.java:262) ~[ozone-manager-1.4.0-SNAPSHOT.jar:?]
	at org.apache.hadoop.ozone.om.OzoneManager.getFileStatus(OzoneManager.java:3530) ~[ozone-manager-1.4.0-SNAPSHOT.jar:?]
	at org.apache.hadoop.ozone.protocolPB.OzoneManagerRequestHandler.getOzoneFileStatus(OzoneManagerRequestHandler.java:973) ~[ozone-manager-1.4.0-SNAPSHOT.jar:?]
	at org.apache.hadoop.ozone.protocolPB.OzoneManagerRequestHandler.handleReadRequest(OzoneManagerRequestHandler.java:252) ~[ozone-manager-1.4.0-SNAPSHOT.jar:?]
	at org.apache.hadoop.ozone.protocolPB.OzoneManagerProtocolServerSideTranslatorPB.submitRequestDirectlyToOM(OzoneManagerProtocolServerSideTranslatorPB.java:274) ~[ozone-manager-1.4.0-SNAPSHOT.jar:?]
	at org.apache.hadoop.ozone.protocolPB.OzoneManagerProtocolServerSideTranslatorPB.processRequest(OzoneManagerProtocolServerSideTranslatorPB.java:175) ~[ozone-manager-1.4.0-SNAPSHOT.jar:?]
	at org.apache.hadoop.hdds.server.OzoneProtocolMessageDispatcher.processRequest(OzoneProtocolMessageDispatcher.java:87) [hdds-server-framework-1.4.0-SNAPSHOT.jar:?]
	at org.apache.hadoop.ozone.protocolPB.OzoneManagerProtocolServerSideTranslatorPB.submitRequest(OzoneManagerProtocolServerSideTranslatorPB.java:148) [ozone-manager-1.4.0-SNAPSHOT.jar:?]
	at org.apache.hadoop.ozone.protocol.proto.OzoneManagerProtocolProtos$OzoneManagerService$2.callBlockingMethod(OzoneManagerProtocolProtos.java) [ozone-interface-client-1.4.0-SNAPSHOT.jar:?]
	at org.apache.hadoop.ipc.ProtobufRpcEngine$Server.processCall(ProtobufRpcEngine.java:484) [hadoop-common-3.3.6.jar:?]
	at org.apache.hadoop.ipc.ProtobufRpcEngine2$Server$ProtoBufRpcInvoker.call(ProtobufRpcEngine2.java:595) [hadoop-common-3.3.6.jar:?]
	at org.apache.hadoop.ipc.ProtobufRpcEngine2$Server$ProtoBufRpcInvoker.call(ProtobufRpcEngine2.java:573) [hadoop-common-3.3.6.jar:?]
	at org.apache.hadoop.ipc.RPC$Server.call(RPC.java:1227) [hadoop-common-3.3.6.jar:?]
	at org.apache.hadoop.ipc.Server$RpcCall.run(Server.java:1094) [hadoop-common-3.3.6.jar:?]
	at org.apache.hadoop.ipc.Server$RpcCall.run(Server.java:1017) [hadoop-common-3.3.6.jar:?]
	at java.security.AccessController.doPrivileged(Native Method) ~[?:1.8.0_382]
	at javax.security.auth.Subject.doAs(Subject.java:422) [?:1.8.0_382]
	at org.apache.hadoop.security.UserGroupInformation.doAs(UserGroupInformation.java:1899) [hadoop-common-3.3.6.jar:?]
	at org.apache.hadoop.ipc.Server$Handler.run(Server.java:3048) [hadoop-common-3.3.6.jar:?]
18:18:47.394 [IPC Server handler 1 on default port 15057] ERROR OMAudit - user=runner | ip=127.0.0.1 | op=GET_FILE_STATUS {volume=volume38115, bucket=bucket38025, key=gdir1/dir7/child, dataSize=0, replicationConfig=null} | ret=FAILURE
org.apache.hadoop.ozone.om.exceptions.OMException: Unable to get file status: volume: volume38115 bucket: bucket38025 key: gdir1/dir7/child
	at org.apache.hadoop.ozone.om.KeyManagerImpl.getOzoneFileStatus(KeyManagerImpl.java:1195) ~[ozone-manager-1.4.0-SNAPSHOT.jar:?]
	at org.apache.hadoop.ozone.om.KeyManagerImpl.getFileStatus(KeyManagerImpl.java:1113) ~[ozone-manager-1.4.0-SNAPSHOT.jar:?]
	at org.apache.hadoop.ozone.om.OmMetadataReader.getFileStatus(OmMetadataReader.java:262) ~[ozone-manager-1.4.0-SNAPSHOT.jar:?]
	at org.apache.hadoop.ozone.om.OzoneManager.getFileStatus(OzoneManager.java:3530) ~[ozone-manager-1.4.0-SNAPSHOT.jar:?]
	at org.apache.hadoop.ozone.protocolPB.OzoneManagerRequestHandler.getOzoneFileStatus(OzoneManagerRequestHandler.java:973) ~[ozone-manager-1.4.0-SNAPSHOT.jar:?]
	at org.apache.hadoop.ozone.protocolPB.OzoneManagerRequestHandler.handleReadRequest(OzoneManagerRequestHandler.java:252) ~[ozone-manager-1.4.0-SNAPSHOT.jar:?]
	at org.apache.hadoop.ozone.protocolPB.OzoneManagerProtocolServerSideTranslatorPB.submitRequestDirectlyToOM(OzoneManagerProtocolServerSideTranslatorPB.java:274) ~[ozone-manager-1.4.0-SNAPSHOT.jar:?]
	at org.apache.hadoop.ozone.protocolPB.OzoneManagerProtocolServerSideTranslatorPB.processRequest(OzoneManagerProtocolServerSideTranslatorPB.java:175) ~[ozone-manager-1.4.0-SNAPSHOT.jar:?]
	at org.apache.hadoop.hdds.server.OzoneProtocolMessageDispatcher.processRequest(OzoneProtocolMessageDispatcher.java:87) [hdds-server-framework-1.4.0-SNAPSHOT.jar:?]
	at org.apache.hadoop.ozone.protocolPB.OzoneManagerProtocolServerSideTranslatorPB.submitRequest(OzoneManagerProtocolServerSideTranslatorPB.java:148) [ozone-manager-1.4.0-SNAPSHOT.jar:?]
	at org.apache.hadoop.ozone.protocol.proto.OzoneManagerProtocolProtos$OzoneManagerService$2.callBlockingMethod(OzoneManagerProtocolProtos.java) [ozone-interface-client-1.4.0-SNAPSHOT.jar:?]
	at org.apache.hadoop.ipc.ProtobufRpcEngine$Server.processCall(ProtobufRpcEngine.java:484) [hadoop-common-3.3.6.jar:?]
	at org.apache.hadoop.ipc.ProtobufRpcEngine2$Server$ProtoBufRpcInvoker.call(ProtobufRpcEngine2.java:595) [hadoop-common-3.3.6.jar:?]
	at org.apache.hadoop.ipc.ProtobufRpcEngine2$Server$ProtoBufRpcInvoker.call(ProtobufRpcEngine2.java:573) [hadoop-common-3.3.6.jar:?]
	at org.apache.hadoop.ipc.RPC$Server.call(RPC.java:1227) [hadoop-common-3.3.6.jar:?]
	at org.apache.hadoop.ipc.Server$RpcCall.run(Server.java:1094) [hadoop-common-3.3.6.jar:?]
	at org.apache.hadoop.ipc.Server$RpcCall.run(Server.java:1017) [hadoop-common-3.3.6.jar:?]
	at java.security.AccessController.doPrivileged(Native Method) ~[?:1.8.0_382]
	at javax.security.auth.Subject.doAs(Subject.java:422) [?:1.8.0_382]
	at org.apache.hadoop.security.UserGroupInformation.doAs(UserGroupInformation.java:1899) [hadoop-common-3.3.6.jar:?]
	at org.apache.hadoop.ipc.Server$Handler.run(Server.java:3048) [hadoop-common-3.3.6.jar:?]
18:18:47.395 [IPC Server handler 3 on default port 15057] ERROR OMAudit - user=runner | ip=127.0.0.1 | op=GET_FILE_STATUS {volume=volume38115, bucket=bucket38025, key=gdir1/dir8, dataSize=0, replicationConfig=null} | ret=FAILURE
org.apache.hadoop.ozone.om.exceptions.OMException: Unable to get file status: volume: volume38115 bucket: bucket38025 key: gdir1/dir8
	at org.apache.hadoop.ozone.om.KeyManagerImpl.getOzoneFileStatus(KeyManagerImpl.java:1195) ~[ozone-manager-1.4.0-SNAPSHOT.jar:?]
	at org.apache.hadoop.ozone.om.KeyManagerImpl.getFileStatus(KeyManagerImpl.java:1113) ~[ozone-manager-1.4.0-SNAPSHOT.jar:?]
	at org.apache.hadoop.ozone.om.OmMetadataReader.getFileStatus(OmMetadataReader.java:262) ~[ozone-manager-1.4.0-SNAPSHOT.jar:?]
	at org.apache.hadoop.ozone.om.OzoneManager.getFileStatus(OzoneManager.java:3530) ~[ozone-manager-1.4.0-SNAPSHOT.jar:?]
	at org.apache.hadoop.ozone.protocolPB.OzoneManagerRequestHandler.getOzoneFileStatus(OzoneManagerRequestHandler.java:973) ~[ozone-manager-1.4.0-SNAPSHOT.jar:?]
	at org.apache.hadoop.ozone.protocolPB.OzoneManagerRequestHandler.handleReadRequest(OzoneManagerRequestHandler.java:252) ~[ozone-manager-1.4.0-SNAPSHOT.jar:?]
	at org.apache.hadoop.ozone.protocolPB.OzoneManagerProtocolServerSideTranslatorPB.submitRequestDirectlyToOM(OzoneManagerProtocolServerSideTranslatorPB.java:274) ~[ozone-manager-1.4.0-SNAPSHOT.jar:?]
	at org.apache.hadoop.ozone.protocolPB.OzoneManagerProtocolServerSideTranslatorPB.processRequest(OzoneManagerProtocolServerSideTranslatorPB.java:175) ~[ozone-manager-1.4.0-SNAPSHOT.jar:?]
	at org.apache.hadoop.hdds.server.OzoneProtocolMessageDispatcher.processRequest(OzoneProtocolMessageDispatcher.java:87) [hdds-server-framework-1.4.0-SNAPSHOT.jar:?]
	at org.apache.hadoop.ozone.protocolPB.OzoneManagerProtocolServerSideTranslatorPB.submitRequest(OzoneManagerProtocolServerSideTranslatorPB.java:148) [ozone-manager-1.4.0-SNAPSHOT.jar:?]
	at org.apache.hadoop.ozone.protocol.proto.OzoneManagerProtocolProtos$OzoneManagerService$2.callBlockingMethod(OzoneManagerProtocolProtos.java) [ozone-interface-client-1.4.0-SNAPSHOT.jar:?]
	at org.apache.hadoop.ipc.ProtobufRpcEngine$Server.processCall(ProtobufRpcEngine.java:484) [hadoop-common-3.3.6.jar:?]
	at org.apache.hadoop.ipc.ProtobufRpcEngine2$Server$ProtoBufRpcInvoker.call(ProtobufRpcEngine2.java:595) [hadoop-common-3.3.6.jar:?]
	at org.apache.hadoop.ipc.ProtobufRpcEngine2$Server$ProtoBufRpcInvoker.call(ProtobufRpcEngine2.java:573) [hadoop-common-3.3.6.jar:?]
	at org.apache.hadoop.ipc.RPC$Server.call(RPC.java:1227) [hadoop-common-3.3.6.jar:?]
	at org.apache.hadoop.ipc.Server$RpcCall.run(Server.java:1094) [hadoop-common-3.3.6.jar:?]
	at org.apache.hadoop.ipc.Server$RpcCall.run(Server.java:1017) [hadoop-common-3.3.6.jar:?]
	at java.security.AccessController.doPrivileged(Native Method) ~[?:1.8.0_382]
	at javax.security.auth.Subject.doAs(Subject.java:422) [?:1.8.0_382]
	at org.apache.hadoop.security.UserGroupInformation.doAs(UserGroupInformation.java:1899) [hadoop-common-3.3.6.jar:?]
	at org.apache.hadoop.ipc.Server$Handler.run(Server.java:3048) [hadoop-common-3.3.6.jar:?]
18:18:47.397 [IPC Server handler 5 on default port 15057] ERROR OMAudit - user=runner | ip=127.0.0.1 | op=GET_FILE_STATUS {volume=volume38115, bucket=bucket38025, key=gdir1/dir8/child, dataSize=0, replicationConfig=null} | ret=FAILURE
org.apache.hadoop.ozone.om.exceptions.OMException: Unable to get file status: volume: volume38115 bucket: bucket38025 key: gdir1/dir8/child
	at org.apache.hadoop.ozone.om.KeyManagerImpl.getOzoneFileStatus(KeyManagerImpl.java:1195) ~[ozone-manager-1.4.0-SNAPSHOT.jar:?]
	at org.apache.hadoop.ozone.om.KeyManagerImpl.getFileStatus(KeyManagerImpl.java:1113) ~[ozone-manager-1.4.0-SNAPSHOT.jar:?]
	at org.apache.hadoop.ozone.om.OmMetadataReader.getFileStatus(OmMetadataReader.java:262) ~[ozone-manager-1.4.0-SNAPSHOT.jar:?]
	at org.apache.hadoop.ozone.om.OzoneManager.getFileStatus(OzoneManager.java:3530) ~[ozone-manager-1.4.0-SNAPSHOT.jar:?]
	at org.apache.hadoop.ozone.protocolPB.OzoneManagerRequestHandler.getOzoneFileStatus(OzoneManagerRequestHandler.java:973) ~[ozone-manager-1.4.0-SNAPSHOT.jar:?]
	at org.apache.hadoop.ozone.protocolPB.OzoneManagerRequestHandler.handleReadRequest(OzoneManagerRequestHandler.java:252) ~[ozone-manager-1.4.0-SNAPSHOT.jar:?]
	at org.apache.hadoop.ozone.protocolPB.OzoneManagerProtocolServerSideTranslatorPB.submitRequestDirectlyToOM(OzoneManagerProtocolServerSideTranslatorPB.java:274) ~[ozone-manager-1.4.0-SNAPSHOT.jar:?]
	at org.apache.hadoop.ozone.protocolPB.OzoneManagerProtocolServerSideTranslatorPB.processRequest(OzoneManagerProtocolServerSideTranslatorPB.java:175) ~[ozone-manager-1.4.0-SNAPSHOT.jar:?]
	at org.apache.hadoop.hdds.server.OzoneProtocolMessageDispatcher.processRequest(OzoneProtocolMessageDispatcher.java:87) [hdds-server-framework-1.4.0-SNAPSHOT.jar:?]
	at org.apache.hadoop.ozone.protocolPB.OzoneManagerProtocolServerSideTranslatorPB.submitRequest(OzoneManagerProtocolServerSideTranslatorPB.java:148) [ozone-manager-1.4.0-SNAPSHOT.jar:?]
	at org.apache.hadoop.ozone.protocol.proto.OzoneManagerProtocolProtos$OzoneManagerService$2.callBlockingMethod(OzoneManagerProtocolProtos.java) [ozone-interface-client-1.4.0-SNAPSHOT.jar:?]
	at org.apache.hadoop.ipc.ProtobufRpcEngine$Server.processCall(ProtobufRpcEngine.java:484) [hadoop-common-3.3.6.jar:?]
	at org.apache.hadoop.ipc.ProtobufRpcEngine2$Server$ProtoBufRpcInvoker.call(ProtobufRpcEngine2.java:595) [hadoop-common-3.3.6.jar:?]
	at org.apache.hadoop.ipc.ProtobufRpcEngine2$Server$ProtoBufRpcInvoker.call(ProtobufRpcEngine2.java:573) [hadoop-common-3.3.6.jar:?]
	at org.apache.hadoop.ipc.RPC$Server.call(RPC.java:1227) [hadoop-common-3.3.6.jar:?]
	at org.apache.hadoop.ipc.Server$RpcCall.run(Server.java:1094) [hadoop-common-3.3.6.jar:?]
	at org.apache.hadoop.ipc.Server$RpcCall.run(Server.java:1017) [hadoop-common-3.3.6.jar:?]
	at java.security.AccessController.doPrivileged(Native Method) ~[?:1.8.0_382]
	at javax.security.auth.Subject.doAs(Subject.java:422) [?:1.8.0_382]
	at org.apache.hadoop.security.UserGroupInformation.doAs(UserGroupInformation.java:1899) [hadoop-common-3.3.6.jar:?]
	at org.apache.hadoop.ipc.Server$Handler.run(Server.java:3048) [hadoop-common-3.3.6.jar:?]
18:18:47.398 [IPC Server handler 10 on default port 15057] ERROR OMAudit - user=runner | ip=127.0.0.1 | op=GET_FILE_STATUS {volume=volume38115, bucket=bucket38025, key=gdir1/dir9, dataSize=0, replicationConfig=null} | ret=FAILURE
org.apache.hadoop.ozone.om.exceptions.OMException: Unable to get file status: volume: volume38115 bucket: bucket38025 key: gdir1/dir9
	at org.apache.hadoop.ozone.om.KeyManagerImpl.getOzoneFileStatus(KeyManagerImpl.java:1195) ~[ozone-manager-1.4.0-SNAPSHOT.jar:?]
	at org.apache.hadoop.ozone.om.KeyManagerImpl.getFileStatus(KeyManagerImpl.java:1113) ~[ozone-manager-1.4.0-SNAPSHOT.jar:?]
	at org.apache.hadoop.ozone.om.OmMetadataReader.getFileStatus(OmMetadataReader.java:262) ~[ozone-manager-1.4.0-SNAPSHOT.jar:?]
	at org.apache.hadoop.ozone.om.OzoneManager.getFileStatus(OzoneManager.java:3530) ~[ozone-manager-1.4.0-SNAPSHOT.jar:?]
	at org.apache.hadoop.ozone.protocolPB.OzoneManagerRequestHandler.getOzoneFileStatus(OzoneManagerRequestHandler.java:973) ~[ozone-manager-1.4.0-SNAPSHOT.jar:?]
	at org.apache.hadoop.ozone.protocolPB.OzoneManagerRequestHandler.handleReadRequest(OzoneManagerRequestHandler.java:252) ~[ozone-manager-1.4.0-SNAPSHOT.jar:?]
	at org.apache.hadoop.ozone.protocolPB.OzoneManagerProtocolServerSideTranslatorPB.submitRequestDirectlyToOM(OzoneManagerProtocolServerSideTranslatorPB.java:274) ~[ozone-manager-1.4.0-SNAPSHOT.jar:?]
	at org.apache.hadoop.ozone.protocolPB.OzoneManagerProtocolServerSideTranslatorPB.processRequest(OzoneManagerProtocolServerSideTranslatorPB.java:175) ~[ozone-manager-1.4.0-SNAPSHOT.jar:?]
	at org.apache.hadoop.hdds.server.OzoneProtocolMessageDispatcher.processRequest(OzoneProtocolMessageDispatcher.java:87) [hdds-server-framework-1.4.0-SNAPSHOT.jar:?]
	at org.apache.hadoop.ozone.protocolPB.OzoneManagerProtocolServerSideTranslatorPB.submitRequest(OzoneManagerProtocolServerSideTranslatorPB.java:148) [ozone-manager-1.4.0-SNAPSHOT.jar:?]
	at org.apache.hadoop.ozone.protocol.proto.OzoneManagerProtocolProtos$OzoneManagerService$2.callBlockingMethod(OzoneManagerProtocolProtos.java) [ozone-interface-client-1.4.0-SNAPSHOT.jar:?]
	at org.apache.hadoop.ipc.ProtobufRpcEngine$Server.processCall(ProtobufRpcEngine.java:484) [hadoop-common-3.3.6.jar:?]
	at org.apache.hadoop.ipc.ProtobufRpcEngine2$Server$ProtoBufRpcInvoker.call(ProtobufRpcEngine2.java:595) [hadoop-common-3.3.6.jar:?]
	at org.apache.hadoop.ipc.ProtobufRpcEngine2$Server$ProtoBufRpcInvoker.call(ProtobufRpcEngine2.java:573) [hadoop-common-3.3.6.jar:?]
	at org.apache.hadoop.ipc.RPC$Server.call(RPC.java:1227) [hadoop-common-3.3.6.jar:?]
	at org.apache.hadoop.ipc.Server$RpcCall.run(Server.java:1094) [hadoop-common-3.3.6.jar:?]
	at org.apache.hadoop.ipc.Server$RpcCall.run(Server.java:1017) [hadoop-common-3.3.6.jar:?]
	at java.security.AccessController.doPrivileged(Native Method) ~[?:1.8.0_382]
	at javax.security.auth.Subject.doAs(Subject.java:422) [?:1.8.0_382]
	at org.apache.hadoop.security.UserGroupInformation.doAs(UserGroupInformation.java:1899) [hadoop-common-3.3.6.jar:?]
	at org.apache.hadoop.ipc.Server$Handler.run(Server.java:3048) [hadoop-common-3.3.6.jar:?]
18:18:47.399 [IPC Server handler 14 on default port 15057] ERROR OMAudit - user=runner | ip=127.0.0.1 | op=GET_FILE_STATUS {volume=volume38115, bucket=bucket38025, key=gdir1/dir9/child, dataSize=0, replicationConfig=null} | ret=FAILURE
org.apache.hadoop.ozone.om.exceptions.OMException: Unable to get file status: volume: volume38115 bucket: bucket38025 key: gdir1/dir9/child
	at org.apache.hadoop.ozone.om.KeyManagerImpl.getOzoneFileStatus(KeyManagerImpl.java:1195) ~[ozone-manager-1.4.0-SNAPSHOT.jar:?]
	at org.apache.hadoop.ozone.om.KeyManagerImpl.getFileStatus(KeyManagerImpl.java:1113) ~[ozone-manager-1.4.0-SNAPSHOT.jar:?]
	at org.apache.hadoop.ozone.om.OmMetadataReader.getFileStatus(OmMetadataReader.java:262) ~[ozone-manager-1.4.0-SNAPSHOT.jar:?]
	at org.apache.hadoop.ozone.om.OzoneManager.getFileStatus(OzoneManager.java:3530) ~[ozone-manager-1.4.0-SNAPSHOT.jar:?]
	at org.apache.hadoop.ozone.protocolPB.OzoneManagerRequestHandler.getOzoneFileStatus(OzoneManagerRequestHandler.java:973) ~[ozone-manager-1.4.0-SNAPSHOT.jar:?]
	at org.apache.hadoop.ozone.protocolPB.OzoneManagerRequestHandler.handleReadRequest(OzoneManagerRequestHandler.java:252) ~[ozone-manager-1.4.0-SNAPSHOT.jar:?]
	at org.apache.hadoop.ozone.protocolPB.OzoneManagerProtocolServerSideTranslatorPB.submitRequestDirectlyToOM(OzoneManagerProtocolServerSideTranslatorPB.java:274) ~[ozone-manager-1.4.0-SNAPSHOT.jar:?]
	at org.apache.hadoop.ozone.protocolPB.OzoneManagerProtocolServerSideTranslatorPB.processRequest(OzoneManagerProtocolServerSideTranslatorPB.java:175) ~[ozone-manager-1.4.0-SNAPSHOT.jar:?]
	at org.apache.hadoop.hdds.server.OzoneProtocolMessageDispatcher.processRequest(OzoneProtocolMessageDispatcher.java:87) [hdds-server-framework-1.4.0-SNAPSHOT.jar:?]
	at org.apache.hadoop.ozone.protocolPB.OzoneManagerProtocolServerSideTranslatorPB.submitRequest(OzoneManagerProtocolServerSideTranslatorPB.java:148) [ozone-manager-1.4.0-SNAPSHOT.jar:?]
	at org.apache.hadoop.ozone.protocol.proto.OzoneManagerProtocolProtos$OzoneManagerService$2.callBlockingMethod(OzoneManagerProtocolProtos.java) [ozone-interface-client-1.4.0-SNAPSHOT.jar:?]
	at org.apache.hadoop.ipc.ProtobufRpcEngine$Server.processCall(ProtobufRpcEngine.java:484) [hadoop-common-3.3.6.jar:?]
	at org.apache.hadoop.ipc.ProtobufRpcEngine2$Server$ProtoBufRpcInvoker.call(ProtobufRpcEngine2.java:595) [hadoop-common-3.3.6.jar:?]
	at org.apache.hadoop.ipc.ProtobufRpcEngine2$Server$ProtoBufRpcInvoker.call(ProtobufRpcEngine2.java:573) [hadoop-common-3.3.6.jar:?]
	at org.apache.hadoop.ipc.RPC$Server.call(RPC.java:1227) [hadoop-common-3.3.6.jar:?]
	at org.apache.hadoop.ipc.Server$RpcCall.run(Server.java:1094) [hadoop-common-3.3.6.jar:?]
	at org.apache.hadoop.ipc.Server$RpcCall.run(Server.java:1017) [hadoop-common-3.3.6.jar:?]
	at java.security.AccessController.doPrivileged(Native Method) ~[?:1.8.0_382]
	at javax.security.auth.Subject.doAs(Subject.java:422) [?:1.8.0_382]
	at org.apache.hadoop.security.UserGroupInformation.doAs(UserGroupInformation.java:1899) [hadoop-common-3.3.6.jar:?]
	at org.apache.hadoop.ipc.Server$Handler.run(Server.java:3048) [hadoop-common-3.3.6.jar:?]
18:18:47.400 [IPC Server handler 13 on default port 15057] ERROR OMAudit - user=runner | ip=127.0.0.1 | op=GET_FILE_STATUS {volume=volume38115, bucket=bucket38025, key=gdir1/dir10, dataSize=0, replicationConfig=null} | ret=FAILURE
org.apache.hadoop.ozone.om.exceptions.OMException: Unable to get file status: volume: volume38115 bucket: bucket38025 key: gdir1/dir10
	at org.apache.hadoop.ozone.om.KeyManagerImpl.getOzoneFileStatus(KeyManagerImpl.java:1195) ~[ozone-manager-1.4.0-SNAPSHOT.jar:?]
	at org.apache.hadoop.ozone.om.KeyManagerImpl.getFileStatus(KeyManagerImpl.java:1113) ~[ozone-manager-1.4.0-SNAPSHOT.jar:?]
	at org.apache.hadoop.ozone.om.OmMetadataReader.getFileStatus(OmMetadataReader.java:262) ~[ozone-manager-1.4.0-SNAPSHOT.jar:?]
	at org.apache.hadoop.ozone.om.OzoneManager.getFileStatus(OzoneManager.java:3530) ~[ozone-manager-1.4.0-SNAPSHOT.jar:?]
	at org.apache.hadoop.ozone.protocolPB.OzoneManagerRequestHandler.getOzoneFileStatus(OzoneManagerRequestHandler.java:973) ~[ozone-manager-1.4.0-SNAPSHOT.jar:?]
	at org.apache.hadoop.ozone.protocolPB.OzoneManagerRequestHandler.handleReadRequest(OzoneManagerRequestHandler.java:252) ~[ozone-manager-1.4.0-SNAPSHOT.jar:?]
	at org.apache.hadoop.ozone.protocolPB.OzoneManagerProtocolServerSideTranslatorPB.submitRequestDirectlyToOM(OzoneManagerProtocolServerSideTranslatorPB.java:274) ~[ozone-manager-1.4.0-SNAPSHOT.jar:?]
	at org.apache.hadoop.ozone.protocolPB.OzoneManagerProtocolServerSideTranslatorPB.processRequest(OzoneManagerProtocolServerSideTranslatorPB.java:175) ~[ozone-manager-1.4.0-SNAPSHOT.jar:?]
	at org.apache.hadoop.hdds.server.OzoneProtocolMessageDispatcher.processRequest(OzoneProtocolMessageDispatcher.java:87) [hdds-server-framework-1.4.0-SNAPSHOT.jar:?]
	at org.apache.hadoop.ozone.protocolPB.OzoneManagerProtocolServerSideTranslatorPB.submitRequest(OzoneManagerProtocolServerSideTranslatorPB.java:148) [ozone-manager-1.4.0-SNAPSHOT.jar:?]
	at org.apache.hadoop.ozone.protocol.proto.OzoneManagerProtocolProtos$OzoneManagerService$2.callBlockingMethod(OzoneManagerProtocolProtos.java) [ozone-interface-client-1.4.0-SNAPSHOT.jar:?]
	at org.apache.hadoop.ipc.ProtobufRpcEngine$Server.processCall(ProtobufRpcEngine.java:484) [hadoop-common-3.3.6.jar:?]
	at org.apache.hadoop.ipc.ProtobufRpcEngine2$Server$ProtoBufRpcInvoker.call(ProtobufRpcEngine2.java:595) [hadoop-common-3.3.6.jar:?]
	at org.apache.hadoop.ipc.ProtobufRpcEngine2$Server$ProtoBufRpcInvoker.call(ProtobufRpcEngine2.java:573) [hadoop-common-3.3.6.jar:?]
	at org.apache.hadoop.ipc.RPC$Server.call(RPC.java:1227) [hadoop-common-3.3.6.jar:?]
	at org.apache.hadoop.ipc.Server$RpcCall.run(Server.java:1094) [hadoop-common-3.3.6.jar:?]
	at org.apache.hadoop.ipc.Server$RpcCall.run(Server.java:1017) [hadoop-common-3.3.6.jar:?]
	at java.security.AccessController.doPrivileged(Native Method) ~[?:1.8.0_382]
	at javax.security.auth.Subject.doAs(Subject.java:422) [?:1.8.0_382]
	at org.apache.hadoop.security.UserGroupInformation.doAs(UserGroupInformation.java:1899) [hadoop-common-3.3.6.jar:?]
	at org.apache.hadoop.ipc.Server$Handler.run(Server.java:3048) [hadoop-common-3.3.6.jar:?]
18:18:47.401 [IPC Server handler 19 on default port 15057] ERROR OMAudit - user=runner | ip=127.0.0.1 | op=GET_FILE_STATUS {volume=volume38115, bucket=bucket38025, key=gdir1/dir10/child, dataSize=0, replicationConfig=null} | ret=FAILURE
org.apache.hadoop.ozone.om.exceptions.OMException: Unable to get file status: volume: volume38115 bucket: bucket38025 key: gdir1/dir10/child
	at org.apache.hadoop.ozone.om.KeyManagerImpl.getOzoneFileStatus(KeyManagerImpl.java:1195) ~[ozone-manager-1.4.0-SNAPSHOT.jar:?]
	at org.apache.hadoop.ozone.om.KeyManagerImpl.getFileStatus(KeyManagerImpl.java:1113) ~[ozone-manager-1.4.0-SNAPSHOT.jar:?]
	at org.apache.hadoop.ozone.om.OmMetadataReader.getFileStatus(OmMetadataReader.java:262) ~[ozone-manager-1.4.0-SNAPSHOT.jar:?]
	at org.apache.hadoop.ozone.om.OzoneManager.getFileStatus(OzoneManager.java:3530) ~[ozone-manager-1.4.0-SNAPSHOT.jar:?]
	at org.apache.hadoop.ozone.protocolPB.OzoneManagerRequestHandler.getOzoneFileStatus(OzoneManagerRequestHandler.java:973) ~[ozone-manager-1.4.0-SNAPSHOT.jar:?]
	at org.apache.hadoop.ozone.protocolPB.OzoneManagerRequestHandler.handleReadRequest(OzoneManagerRequestHandler.java:252) ~[ozone-manager-1.4.0-SNAPSHOT.jar:?]
	at org.apache.hadoop.ozone.protocolPB.OzoneManagerProtocolServerSideTranslatorPB.submitRequestDirectlyToOM(OzoneManagerProtocolServerSideTranslatorPB.java:274) ~[ozone-manager-1.4.0-SNAPSHOT.jar:?]
	at org.apache.hadoop.ozone.protocolPB.OzoneManagerProtocolServerSideTranslatorPB.processRequest(OzoneManagerProtocolServerSideTranslatorPB.java:175) ~[ozone-manager-1.4.0-SNAPSHOT.jar:?]
	at org.apache.hadoop.hdds.server.OzoneProtocolMessageDispatcher.processRequest(OzoneProtocolMessageDispatcher.java:87) [hdds-server-framework-1.4.0-SNAPSHOT.jar:?]
	at org.apache.hadoop.ozone.protocolPB.OzoneManagerProtocolServerSideTranslatorPB.submitRequest(OzoneManagerProtocolServerSideTranslatorPB.java:148) [ozone-manager-1.4.0-SNAPSHOT.jar:?]
	at org.apache.hadoop.ozone.protocol.proto.OzoneManagerProtocolProtos$OzoneManagerService$2.callBlockingMethod(OzoneManagerProtocolProtos.java) [ozone-interface-client-1.4.0-SNAPSHOT.jar:?]
	at org.apache.hadoop.ipc.ProtobufRpcEngine$Server.processCall(ProtobufRpcEngine.java:484) [hadoop-common-3.3.6.jar:?]
	at org.apache.hadoop.ipc.ProtobufRpcEngine2$Server$ProtoBufRpcInvoker.call(ProtobufRpcEngine2.java:595) [hadoop-common-3.3.6.jar:?]
	at org.apache.hadoop.ipc.ProtobufRpcEngine2$Server$ProtoBufRpcInvoker.call(ProtobufRpcEngine2.java:573) [hadoop-common-3.3.6.jar:?]
	at org.apache.hadoop.ipc.RPC$Server.call(RPC.java:1227) [hadoop-common-3.3.6.jar:?]
	at org.apache.hadoop.ipc.Server$RpcCall.run(Server.java:1094) [hadoop-common-3.3.6.jar:?]
	at org.apache.hadoop.ipc.Server$RpcCall.run(Server.java:1017) [hadoop-common-3.3.6.jar:?]
	at java.security.AccessController.doPrivileged(Native Method) ~[?:1.8.0_382]
	at javax.security.auth.Subject.doAs(Subject.java:422) [?:1.8.0_382]
	at org.apache.hadoop.security.UserGroupInformation.doAs(UserGroupInformation.java:1899) [hadoop-common-3.3.6.jar:?]
	at org.apache.hadoop.ipc.Server$Handler.run(Server.java:3048) [hadoop-common-3.3.6.jar:?]
18:18:47.470 [IPC Server handler 1 on default port 15057] ERROR OMAudit - user=runner | ip=127.0.0.1 | op=GET_FILE_STATUS {volume=volume38115, bucket=bucket38025, key=level0, dataSize=0, replicationConfig=null} | ret=FAILURE
org.apache.hadoop.ozone.om.exceptions.OMException: Unable to get file status: volume: volume38115 bucket: bucket38025 key: level0
	at org.apache.hadoop.ozone.om.KeyManagerImpl.getOzoneFileStatus(KeyManagerImpl.java:1195) ~[ozone-manager-1.4.0-SNAPSHOT.jar:?]
	at org.apache.hadoop.ozone.om.KeyManagerImpl.getFileStatus(KeyManagerImpl.java:1113) ~[ozone-manager-1.4.0-SNAPSHOT.jar:?]
	at org.apache.hadoop.ozone.om.OmMetadataReader.getFileStatus(OmMetadataReader.java:262) ~[ozone-manager-1.4.0-SNAPSHOT.jar:?]
	at org.apache.hadoop.ozone.om.OzoneManager.getFileStatus(OzoneManager.java:3530) ~[ozone-manager-1.4.0-SNAPSHOT.jar:?]
	at org.apache.hadoop.ozone.protocolPB.OzoneManagerRequestHandler.getOzoneFileStatus(OzoneManagerRequestHandler.java:973) ~[ozone-manager-1.4.0-SNAPSHOT.jar:?]
	at org.apache.hadoop.ozone.protocolPB.OzoneManagerRequestHandler.handleReadRequest(OzoneManagerRequestHandler.java:252) ~[ozone-manager-1.4.0-SNAPSHOT.jar:?]
	at org.apache.hadoop.ozone.protocolPB.OzoneManagerProtocolServerSideTranslatorPB.submitRequestDirectlyToOM(OzoneManagerProtocolServerSideTranslatorPB.java:274) ~[ozone-manager-1.4.0-SNAPSHOT.jar:?]
	at org.apache.hadoop.ozone.protocolPB.OzoneManagerProtocolServerSideTranslatorPB.processRequest(OzoneManagerProtocolServerSideTranslatorPB.java:175) ~[ozone-manager-1.4.0-SNAPSHOT.jar:?]
	at org.apache.hadoop.hdds.server.OzoneProtocolMessageDispatcher.processRequest(OzoneProtocolMessageDispatcher.java:87) [hdds-server-framework-1.4.0-SNAPSHOT.jar:?]
	at org.apache.hadoop.ozone.protocolPB.OzoneManagerProtocolServerSideTranslatorPB.submitRequest(OzoneManagerProtocolServerSideTranslatorPB.java:148) [ozone-manager-1.4.0-SNAPSHOT.jar:?]
	at org.apache.hadoop.ozone.protocol.proto.OzoneManagerProtocolProtos$OzoneManagerService$2.callBlockingMethod(OzoneManagerProtocolProtos.java) [ozone-interface-client-1.4.0-SNAPSHOT.jar:?]
	at org.apache.hadoop.ipc.ProtobufRpcEngine$Server.processCall(ProtobufRpcEngine.java:484) [hadoop-common-3.3.6.jar:?]
	at org.apache.hadoop.ipc.ProtobufRpcEngine2$Server$ProtoBufRpcInvoker.call(ProtobufRpcEngine2.java:595) [hadoop-common-3.3.6.jar:?]
	at org.apache.hadoop.ipc.ProtobufRpcEngine2$Server$ProtoBufRpcInvoker.call(ProtobufRpcEngine2.java:573) [hadoop-common-3.3.6.jar:?]
	at org.apache.hadoop.ipc.RPC$Server.call(RPC.java:1227) [hadoop-common-3.3.6.jar:?]
	at org.apache.hadoop.ipc.Server$RpcCall.run(Server.java:1094) [hadoop-common-3.3.6.jar:?]
	at org.apache.hadoop.ipc.Server$RpcCall.run(Server.java:1017) [hadoop-common-3.3.6.jar:?]
	at java.security.AccessController.doPrivileged(Native Method) ~[?:1.8.0_382]
	at javax.security.auth.Subject.doAs(Subject.java:422) [?:1.8.0_382]
	at org.apache.hadoop.security.UserGroupInformation.doAs(UserGroupInformation.java:1899) [hadoop-common-3.3.6.jar:?]
	at org.apache.hadoop.ipc.Server$Handler.run(Server.java:3048) [hadoop-common-3.3.6.jar:?]
18:18:47.471 [IPC Server handler 3 on default port 15057] ERROR OMAudit - user=runner | ip=127.0.0.1 | op=GET_FILE_STATUS {volume=volume38115, bucket=bucket38025, key=level0/level1, dataSize=0, replicationConfig=null} | ret=FAILURE
org.apache.hadoop.ozone.om.exceptions.OMException: Unable to get file status: volume: volume38115 bucket: bucket38025 key: level0/level1
	at org.apache.hadoop.ozone.om.KeyManagerImpl.getOzoneFileStatus(KeyManagerImpl.java:1195) ~[ozone-manager-1.4.0-SNAPSHOT.jar:?]
	at org.apache.hadoop.ozone.om.KeyManagerImpl.getFileStatus(KeyManagerImpl.java:1113) ~[ozone-manager-1.4.0-SNAPSHOT.jar:?]
	at org.apache.hadoop.ozone.om.OmMetadataReader.getFileStatus(OmMetadataReader.java:262) ~[ozone-manager-1.4.0-SNAPSHOT.jar:?]
	at org.apache.hadoop.ozone.om.OzoneManager.getFileStatus(OzoneManager.java:3530) ~[ozone-manager-1.4.0-SNAPSHOT.jar:?]
	at org.apache.hadoop.ozone.protocolPB.OzoneManagerRequestHandler.getOzoneFileStatus(OzoneManagerRequestHandler.java:973) ~[ozone-manager-1.4.0-SNAPSHOT.jar:?]
	at org.apache.hadoop.ozone.protocolPB.OzoneManagerRequestHandler.handleReadRequest(OzoneManagerRequestHandler.java:252) ~[ozone-manager-1.4.0-SNAPSHOT.jar:?]
	at org.apache.hadoop.ozone.protocolPB.OzoneManagerProtocolServerSideTranslatorPB.submitRequestDirectlyToOM(OzoneManagerProtocolServerSideTranslatorPB.java:274) ~[ozone-manager-1.4.0-SNAPSHOT.jar:?]
	at org.apache.hadoop.ozone.protocolPB.OzoneManagerProtocolServerSideTranslatorPB.processRequest(OzoneManagerProtocolServerSideTranslatorPB.java:175) ~[ozone-manager-1.4.0-SNAPSHOT.jar:?]
	at org.apache.hadoop.hdds.server.OzoneProtocolMessageDispatcher.processRequest(OzoneProtocolMessageDispatcher.java:87) [hdds-server-framework-1.4.0-SNAPSHOT.jar:?]
	at org.apache.hadoop.ozone.protocolPB.OzoneManagerProtocolServerSideTranslatorPB.submitRequest(OzoneManagerProtocolServerSideTranslatorPB.java:148) [ozone-manager-1.4.0-SNAPSHOT.jar:?]
	at org.apache.hadoop.ozone.protocol.proto.OzoneManagerProtocolProtos$OzoneManagerService$2.callBlockingMethod(OzoneManagerProtocolProtos.java) [ozone-interface-client-1.4.0-SNAPSHOT.jar:?]
	at org.apache.hadoop.ipc.ProtobufRpcEngine$Server.processCall(ProtobufRpcEngine.java:484) [hadoop-common-3.3.6.jar:?]
	at org.apache.hadoop.ipc.ProtobufRpcEngine2$Server$ProtoBufRpcInvoker.call(ProtobufRpcEngine2.java:595) [hadoop-common-3.3.6.jar:?]
	at org.apache.hadoop.ipc.ProtobufRpcEngine2$Server$ProtoBufRpcInvoker.call(ProtobufRpcEngine2.java:573) [hadoop-common-3.3.6.jar:?]
	at org.apache.hadoop.ipc.RPC$Server.call(RPC.java:1227) [hadoop-common-3.3.6.jar:?]
	at org.apache.hadoop.ipc.Server$RpcCall.run(Server.java:1094) [hadoop-common-3.3.6.jar:?]
	at org.apache.hadoop.ipc.Server$RpcCall.run(Server.java:1017) [hadoop-common-3.3.6.jar:?]
	at java.security.AccessController.doPrivileged(Native Method) ~[?:1.8.0_382]
	at javax.security.auth.Subject.doAs(Subject.java:422) [?:1.8.0_382]
	at org.apache.hadoop.security.UserGroupInformation.doAs(UserGroupInformation.java:1899) [hadoop-common-3.3.6.jar:?]
	at org.apache.hadoop.ipc.Server$Handler.run(Server.java:3048) [hadoop-common-3.3.6.jar:?]
18:18:47.473 [IPC Server handler 5 on default port 15057] ERROR OMAudit - user=runner | ip=127.0.0.1 | op=GET_FILE_STATUS {volume=volume38115, bucket=bucket38025, key=level0/level1/level1, dataSize=0, replicationConfig=null} | ret=FAILURE
org.apache.hadoop.ozone.om.exceptions.OMException: Unable to get file status: volume: volume38115 bucket: bucket38025 key: level0/level1/level1
	at org.apache.hadoop.ozone.om.KeyManagerImpl.getOzoneFileStatus(KeyManagerImpl.java:1195) ~[ozone-manager-1.4.0-SNAPSHOT.jar:?]
	at org.apache.hadoop.ozone.om.KeyManagerImpl.getFileStatus(KeyManagerImpl.java:1113) ~[ozone-manager-1.4.0-SNAPSHOT.jar:?]
	at org.apache.hadoop.ozone.om.OmMetadataReader.getFileStatus(OmMetadataReader.java:262) ~[ozone-manager-1.4.0-SNAPSHOT.jar:?]
	at org.apache.hadoop.ozone.om.OzoneManager.getFileStatus(OzoneManager.java:3530) ~[ozone-manager-1.4.0-SNAPSHOT.jar:?]
	at org.apache.hadoop.ozone.protocolPB.OzoneManagerRequestHandler.getOzoneFileStatus(OzoneManagerRequestHandler.java:973) ~[ozone-manager-1.4.0-SNAPSHOT.jar:?]
	at org.apache.hadoop.ozone.protocolPB.OzoneManagerRequestHandler.handleReadRequest(OzoneManagerRequestHandler.java:252) ~[ozone-manager-1.4.0-SNAPSHOT.jar:?]
	at org.apache.hadoop.ozone.protocolPB.OzoneManagerProtocolServerSideTranslatorPB.submitRequestDirectlyToOM(OzoneManagerProtocolServerSideTranslatorPB.java:274) ~[ozone-manager-1.4.0-SNAPSHOT.jar:?]
	at org.apache.hadoop.ozone.protocolPB.OzoneManagerProtocolServerSideTranslatorPB.processRequest(OzoneManagerProtocolServerSideTranslatorPB.java:175) ~[ozone-manager-1.4.0-SNAPSHOT.jar:?]
	at org.apache.hadoop.hdds.server.OzoneProtocolMessageDispatcher.processRequest(OzoneProtocolMessageDispatcher.java:87) [hdds-server-framework-1.4.0-SNAPSHOT.jar:?]
	at org.apache.hadoop.ozone.protocolPB.OzoneManagerProtocolServerSideTranslatorPB.submitRequest(OzoneManagerProtocolServerSideTranslatorPB.java:148) [ozone-manager-1.4.0-SNAPSHOT.jar:?]
	at org.apache.hadoop.ozone.protocol.proto.OzoneManagerProtocolProtos$OzoneManagerService$2.callBlockingMethod(OzoneManagerProtocolProtos.java) [ozone-interface-client-1.4.0-SNAPSHOT.jar:?]
	at org.apache.hadoop.ipc.ProtobufRpcEngine$Server.processCall(ProtobufRpcEngine.java:484) [hadoop-common-3.3.6.jar:?]
	at org.apache.hadoop.ipc.ProtobufRpcEngine2$Server$ProtoBufRpcInvoker.call(ProtobufRpcEngine2.java:595) [hadoop-common-3.3.6.jar:?]
	at org.apache.hadoop.ipc.ProtobufRpcEngine2$Server$ProtoBufRpcInvoker.call(ProtobufRpcEngine2.java:573) [hadoop-common-3.3.6.jar:?]
	at org.apache.hadoop.ipc.RPC$Server.call(RPC.java:1227) [hadoop-common-3.3.6.jar:?]
	at org.apache.hadoop.ipc.Server$RpcCall.run(Server.java:1094) [hadoop-common-3.3.6.jar:?]
	at org.apache.hadoop.ipc.Server$RpcCall.run(Server.java:1017) [hadoop-common-3.3.6.jar:?]
	at java.security.AccessController.doPrivileged(Native Method) ~[?:1.8.0_382]
	at javax.security.auth.Subject.doAs(Subject.java:422) [?:1.8.0_382]
	at org.apache.hadoop.security.UserGroupInformation.doAs(UserGroupInformation.java:1899) [hadoop-common-3.3.6.jar:?]
	at org.apache.hadoop.ipc.Server$Handler.run(Server.java:3048) [hadoop-common-3.3.6.jar:?]
18:18:47.474 [IPC Server handler 10 on default port 15057] ERROR OMAudit - user=runner | ip=127.0.0.1 | op=GET_FILE_STATUS {volume=volume38115, bucket=bucket38025, key=level0/level1/file1, dataSize=0, replicationConfig=null} | ret=FAILURE
org.apache.hadoop.ozone.om.exceptions.OMException: Unable to get file status: volume: volume38115 bucket: bucket38025 key: level0/level1/file1
	at org.apache.hadoop.ozone.om.KeyManagerImpl.getOzoneFileStatus(KeyManagerImpl.java:1195) ~[ozone-manager-1.4.0-SNAPSHOT.jar:?]
	at org.apache.hadoop.ozone.om.KeyManagerImpl.getFileStatus(KeyManagerImpl.java:1113) ~[ozone-manager-1.4.0-SNAPSHOT.jar:?]
	at org.apache.hadoop.ozone.om.OmMetadataReader.getFileStatus(OmMetadataReader.java:262) ~[ozone-manager-1.4.0-SNAPSHOT.jar:?]
	at org.apache.hadoop.ozone.om.OzoneManager.getFileStatus(OzoneManager.java:3530) ~[ozone-manager-1.4.0-SNAPSHOT.jar:?]
	at org.apache.hadoop.ozone.protocolPB.OzoneManagerRequestHandler.getOzoneFileStatus(OzoneManagerRequestHandler.java:973) ~[ozone-manager-1.4.0-SNAPSHOT.jar:?]
	at org.apache.hadoop.ozone.protocolPB.OzoneManagerRequestHandler.handleReadRequest(OzoneManagerRequestHandler.java:252) ~[ozone-manager-1.4.0-SNAPSHOT.jar:?]
	at org.apache.hadoop.ozone.protocolPB.OzoneManagerProtocolServerSideTranslatorPB.submitRequestDirectlyToOM(OzoneManagerProtocolServerSideTranslatorPB.java:274) ~[ozone-manager-1.4.0-SNAPSHOT.jar:?]
	at org.apache.hadoop.ozone.protocolPB.OzoneManagerProtocolServerSideTranslatorPB.processRequest(OzoneManagerProtocolServerSideTranslatorPB.java:175) ~[ozone-manager-1.4.0-SNAPSHOT.jar:?]
	at org.apache.hadoop.hdds.server.OzoneProtocolMessageDispatcher.processRequest(OzoneProtocolMessageDispatcher.java:87) [hdds-server-framework-1.4.0-SNAPSHOT.jar:?]
	at org.apache.hadoop.ozone.protocolPB.OzoneManagerProtocolServerSideTranslatorPB.submitRequest(OzoneManagerProtocolServerSideTranslatorPB.java:148) [ozone-manager-1.4.0-SNAPSHOT.jar:?]
	at org.apache.hadoop.ozone.protocol.proto.OzoneManagerProtocolProtos$OzoneManagerService$2.callBlockingMethod(OzoneManagerProtocolProtos.java) [ozone-interface-client-1.4.0-SNAPSHOT.jar:?]
	at org.apache.hadoop.ipc.ProtobufRpcEngine$Server.processCall(ProtobufRpcEngine.java:484) [hadoop-common-3.3.6.jar:?]
	at org.apache.hadoop.ipc.ProtobufRpcEngine2$Server$ProtoBufRpcInvoker.call(ProtobufRpcEngine2.java:595) [hadoop-common-3.3.6.jar:?]
	at org.apache.hadoop.ipc.ProtobufRpcEngine2$Server$ProtoBufRpcInvoker.call(ProtobufRpcEngine2.java:573) [hadoop-common-3.3.6.jar:?]
	at org.apache.hadoop.ipc.RPC$Server.call(RPC.java:1227) [hadoop-common-3.3.6.jar:?]
	at org.apache.hadoop.ipc.Server$RpcCall.run(Server.java:1094) [hadoop-common-3.3.6.jar:?]
	at org.apache.hadoop.ipc.Server$RpcCall.run(Server.java:1017) [hadoop-common-3.3.6.jar:?]
	at java.security.AccessController.doPrivileged(Native Method) ~[?:1.8.0_382]
	at javax.security.auth.Subject.doAs(Subject.java:422) [?:1.8.0_382]
	at org.apache.hadoop.security.UserGroupInformation.doAs(UserGroupInformation.java:1899) [hadoop-common-3.3.6.jar:?]
	at org.apache.hadoop.ipc.Server$Handler.run(Server.java:3048) [hadoop-common-3.3.6.jar:?]
18:18:47.475 [IPC Server handler 14 on default port 15057] ERROR OMAudit - user=runner | ip=127.0.0.1 | op=GET_FILE_STATUS {volume=volume38115, bucket=bucket38025, key=level0/level1/level1/file1, dataSize=0, replicationConfig=null} | ret=FAILURE
org.apache.hadoop.ozone.om.exceptions.OMException: Unable to get file status: volume: volume38115 bucket: bucket38025 key: level0/level1/level1/file1
	at org.apache.hadoop.ozone.om.KeyManagerImpl.getOzoneFileStatus(KeyManagerImpl.java:1195) ~[ozone-manager-1.4.0-SNAPSHOT.jar:?]
	at org.apache.hadoop.ozone.om.KeyManagerImpl.getFileStatus(KeyManagerImpl.java:1113) ~[ozone-manager-1.4.0-SNAPSHOT.jar:?]
	at org.apache.hadoop.ozone.om.OmMetadataReader.getFileStatus(OmMetadataReader.java:262) ~[ozone-manager-1.4.0-SNAPSHOT.jar:?]
	at org.apache.hadoop.ozone.om.OzoneManager.getFileStatus(OzoneManager.java:3530) ~[ozone-manager-1.4.0-SNAPSHOT.jar:?]
	at org.apache.hadoop.ozone.protocolPB.OzoneManagerRequestHandler.getOzoneFileStatus(OzoneManagerRequestHandler.java:973) ~[ozone-manager-1.4.0-SNAPSHOT.jar:?]
	at org.apache.hadoop.ozone.protocolPB.OzoneManagerRequestHandler.handleReadRequest(OzoneManagerRequestHandler.java:252) ~[ozone-manager-1.4.0-SNAPSHOT.jar:?]
	at org.apache.hadoop.ozone.protocolPB.OzoneManagerProtocolServerSideTranslatorPB.submitRequestDirectlyToOM(OzoneManagerProtocolServerSideTranslatorPB.java:274) ~[ozone-manager-1.4.0-SNAPSHOT.jar:?]
	at org.apache.hadoop.ozone.protocolPB.OzoneManagerProtocolServerSideTranslatorPB.processRequest(OzoneManagerProtocolServerSideTranslatorPB.java:175) ~[ozone-manager-1.4.0-SNAPSHOT.jar:?]
	at org.apache.hadoop.hdds.server.OzoneProtocolMessageDispatcher.processRequest(OzoneProtocolMessageDispatcher.java:87) [hdds-server-framework-1.4.0-SNAPSHOT.jar:?]
	at org.apache.hadoop.ozone.protocolPB.OzoneManagerProtocolServerSideTranslatorPB.submitRequest(OzoneManagerProtocolServerSideTranslatorPB.java:148) [ozone-manager-1.4.0-SNAPSHOT.jar:?]
	at org.apache.hadoop.ozone.protocol.proto.OzoneManagerProtocolProtos$OzoneManagerService$2.callBlockingMethod(OzoneManagerProtocolProtos.java) [ozone-interface-client-1.4.0-SNAPSHOT.jar:?]
	at org.apache.hadoop.ipc.ProtobufRpcEngine$Server.processCall(ProtobufRpcEngine.java:484) [hadoop-common-3.3.6.jar:?]
	at org.apache.hadoop.ipc.ProtobufRpcEngine2$Server$ProtoBufRpcInvoker.call(ProtobufRpcEngine2.java:595) [hadoop-common-3.3.6.jar:?]
	at org.apache.hadoop.ipc.ProtobufRpcEngine2$Server$ProtoBufRpcInvoker.call(ProtobufRpcEngine2.java:573) [hadoop-common-3.3.6.jar:?]
	at org.apache.hadoop.ipc.RPC$Server.call(RPC.java:1227) [hadoop-common-3.3.6.jar:?]
	at org.apache.hadoop.ipc.Server$RpcCall.run(Server.java:1094) [hadoop-common-3.3.6.jar:?]
	at org.apache.hadoop.ipc.Server$RpcCall.run(Server.java:1017) [hadoop-common-3.3.6.jar:?]
	at java.security.AccessController.doPrivileged(Native Method) ~[?:1.8.0_382]
	at javax.security.auth.Subject.doAs(Subject.java:422) [?:1.8.0_382]
	at org.apache.hadoop.security.UserGroupInformation.doAs(UserGroupInformation.java:1899) [hadoop-common-3.3.6.jar:?]
	at org.apache.hadoop.ipc.Server$Handler.run(Server.java:3048) [hadoop-common-3.3.6.jar:?]
18:18:47.476 [IPC Server handler 13 on default port 15057] ERROR OMAudit - user=runner | ip=127.0.0.1 | op=GET_FILE_STATUS {volume=volume38115, bucket=bucket38025, key=level0/level2, dataSize=0, replicationConfig=null} | ret=FAILURE
org.apache.hadoop.ozone.om.exceptions.OMException: Unable to get file status: volume: volume38115 bucket: bucket38025 key: level0/level2
	at org.apache.hadoop.ozone.om.KeyManagerImpl.getOzoneFileStatus(KeyManagerImpl.java:1195) ~[ozone-manager-1.4.0-SNAPSHOT.jar:?]
	at org.apache.hadoop.ozone.om.KeyManagerImpl.getFileStatus(KeyManagerImpl.java:1113) ~[ozone-manager-1.4.0-SNAPSHOT.jar:?]
	at org.apache.hadoop.ozone.om.OmMetadataReader.getFileStatus(OmMetadataReader.java:262) ~[ozone-manager-1.4.0-SNAPSHOT.jar:?]
	at org.apache.hadoop.ozone.om.OzoneManager.getFileStatus(OzoneManager.java:3530) ~[ozone-manager-1.4.0-SNAPSHOT.jar:?]
	at org.apache.hadoop.ozone.protocolPB.OzoneManagerRequestHandler.getOzoneFileStatus(OzoneManagerRequestHandler.java:973) ~[ozone-manager-1.4.0-SNAPSHOT.jar:?]
	at org.apache.hadoop.ozone.protocolPB.OzoneManagerRequestHandler.handleReadRequest(OzoneManagerRequestHandler.java:252) ~[ozone-manager-1.4.0-SNAPSHOT.jar:?]
	at org.apache.hadoop.ozone.protocolPB.OzoneManagerProtocolServerSideTranslatorPB.submitRequestDirectlyToOM(OzoneManagerProtocolServerSideTranslatorPB.java:274) ~[ozone-manager-1.4.0-SNAPSHOT.jar:?]
	at org.apache.hadoop.ozone.protocolPB.OzoneManagerProtocolServerSideTranslatorPB.processRequest(OzoneManagerProtocolServerSideTranslatorPB.java:175) ~[ozone-manager-1.4.0-SNAPSHOT.jar:?]
	at org.apache.hadoop.hdds.server.OzoneProtocolMessageDispatcher.processRequest(OzoneProtocolMessageDispatcher.java:87) [hdds-server-framework-1.4.0-SNAPSHOT.jar:?]
	at org.apache.hadoop.ozone.protocolPB.OzoneManagerProtocolServerSideTranslatorPB.submitRequest(OzoneManagerProtocolServerSideTranslatorPB.java:148) [ozone-manager-1.4.0-SNAPSHOT.jar:?]
	at org.apache.hadoop.ozone.protocol.proto.OzoneManagerProtocolProtos$OzoneManagerService$2.callBlockingMethod(OzoneManagerProtocolProtos.java) [ozone-interface-client-1.4.0-SNAPSHOT.jar:?]
	at org.apache.hadoop.ipc.ProtobufRpcEngine$Server.processCall(ProtobufRpcEngine.java:484) [hadoop-common-3.3.6.jar:?]
	at org.apache.hadoop.ipc.ProtobufRpcEngine2$Server$ProtoBufRpcInvoker.call(ProtobufRpcEngine2.java:595) [hadoop-common-3.3.6.jar:?]
	at org.apache.hadoop.ipc.ProtobufRpcEngine2$Server$ProtoBufRpcInvoker.call(ProtobufRpcEngine2.java:573) [hadoop-common-3.3.6.jar:?]
	at org.apache.hadoop.ipc.RPC$Server.call(RPC.java:1227) [hadoop-common-3.3.6.jar:?]
	at org.apache.hadoop.ipc.Server$RpcCall.run(Server.java:1094) [hadoop-common-3.3.6.jar:?]
	at org.apache.hadoop.ipc.Server$RpcCall.run(Server.java:1017) [hadoop-common-3.3.6.jar:?]
	at java.security.AccessController.doPrivileged(Native Method) ~[?:1.8.0_382]
	at javax.security.auth.Subject.doAs(Subject.java:422) [?:1.8.0_382]
	at org.apache.hadoop.security.UserGroupInformation.doAs(UserGroupInformation.java:1899) [hadoop-common-3.3.6.jar:?]
	at org.apache.hadoop.ipc.Server$Handler.run(Server.java:3048) [hadoop-common-3.3.6.jar:?]
18:18:47.477 [IPC Server handler 19 on default port 15057] ERROR OMAudit - user=runner | ip=127.0.0.1 | op=GET_FILE_STATUS {volume=volume38115, bucket=bucket38025, key=level0/level2/level2, dataSize=0, replicationConfig=null} | ret=FAILURE
org.apache.hadoop.ozone.om.exceptions.OMException: Unable to get file status: volume: volume38115 bucket: bucket38025 key: level0/level2/level2
	at org.apache.hadoop.ozone.om.KeyManagerImpl.getOzoneFileStatus(KeyManagerImpl.java:1195) ~[ozone-manager-1.4.0-SNAPSHOT.jar:?]
	at org.apache.hadoop.ozone.om.KeyManagerImpl.getFileStatus(KeyManagerImpl.java:1113) ~[ozone-manager-1.4.0-SNAPSHOT.jar:?]
	at org.apache.hadoop.ozone.om.OmMetadataReader.getFileStatus(OmMetadataReader.java:262) ~[ozone-manager-1.4.0-SNAPSHOT.jar:?]
	at org.apache.hadoop.ozone.om.OzoneManager.getFileStatus(OzoneManager.java:3530) ~[ozone-manager-1.4.0-SNAPSHOT.jar:?]
	at org.apache.hadoop.ozone.protocolPB.OzoneManagerRequestHandler.getOzoneFileStatus(OzoneManagerRequestHandler.java:973) ~[ozone-manager-1.4.0-SNAPSHOT.jar:?]
	at org.apache.hadoop.ozone.protocolPB.OzoneManagerRequestHandler.handleReadRequest(OzoneManagerRequestHandler.java:252) ~[ozone-manager-1.4.0-SNAPSHOT.jar:?]
	at org.apache.hadoop.ozone.protocolPB.OzoneManagerProtocolServerSideTranslatorPB.submitRequestDirectlyToOM(OzoneManagerProtocolServerSideTranslatorPB.java:274) ~[ozone-manager-1.4.0-SNAPSHOT.jar:?]
	at org.apache.hadoop.ozone.protocolPB.OzoneManagerProtocolServerSideTranslatorPB.processRequest(OzoneManagerProtocolServerSideTranslatorPB.java:175) ~[ozone-manager-1.4.0-SNAPSHOT.jar:?]
	at org.apache.hadoop.hdds.server.OzoneProtocolMessageDispatcher.processRequest(OzoneProtocolMessageDispatcher.java:87) [hdds-server-framework-1.4.0-SNAPSHOT.jar:?]
	at org.apache.hadoop.ozone.protocolPB.OzoneManagerProtocolServerSideTranslatorPB.submitRequest(OzoneManagerProtocolServerSideTranslatorPB.java:148) [ozone-manager-1.4.0-SNAPSHOT.jar:?]
	at org.apache.hadoop.ozone.protocol.proto.OzoneManagerProtocolProtos$OzoneManagerService$2.callBlockingMethod(OzoneManagerProtocolProtos.java) [ozone-interface-client-1.4.0-SNAPSHOT.jar:?]
	at org.apache.hadoop.ipc.ProtobufRpcEngine$Server.processCall(ProtobufRpcEngine.java:484) [hadoop-common-3.3.6.jar:?]
	at org.apache.hadoop.ipc.ProtobufRpcEngine2$Server$ProtoBufRpcInvoker.call(ProtobufRpcEngine2.java:595) [hadoop-common-3.3.6.jar:?]
	at org.apache.hadoop.ipc.ProtobufRpcEngine2$Server$ProtoBufRpcInvoker.call(ProtobufRpcEngine2.java:573) [hadoop-common-3.3.6.jar:?]
	at org.apache.hadoop.ipc.RPC$Server.call(RPC.java:1227) [hadoop-common-3.3.6.jar:?]
	at org.apache.hadoop.ipc.Server$RpcCall.run(Server.java:1094) [hadoop-common-3.3.6.jar:?]
	at org.apache.hadoop.ipc.Server$RpcCall.run(Server.java:1017) [hadoop-common-3.3.6.jar:?]
	at java.security.AccessController.doPrivileged(Native Method) ~[?:1.8.0_382]
	at javax.security.auth.Subject.doAs(Subject.java:422) [?:1.8.0_382]
	at org.apache.hadoop.security.UserGroupInformation.doAs(UserGroupInformation.java:1899) [hadoop-common-3.3.6.jar:?]
	at org.apache.hadoop.ipc.Server$Handler.run(Server.java:3048) [hadoop-common-3.3.6.jar:?]
18:18:47.478 [IPC Server handler 18 on default port 15057] ERROR OMAudit - user=runner | ip=127.0.0.1 | op=GET_FILE_STATUS {volume=volume38115, bucket=bucket38025, key=level0/level2/file1, dataSize=0, replicationConfig=null} | ret=FAILURE
org.apache.hadoop.ozone.om.exceptions.OMException: Unable to get file status: volume: volume38115 bucket: bucket38025 key: level0/level2/file1
	at org.apache.hadoop.ozone.om.KeyManagerImpl.getOzoneFileStatus(KeyManagerImpl.java:1195) ~[ozone-manager-1.4.0-SNAPSHOT.jar:?]
	at org.apache.hadoop.ozone.om.KeyManagerImpl.getFileStatus(KeyManagerImpl.java:1113) ~[ozone-manager-1.4.0-SNAPSHOT.jar:?]
	at org.apache.hadoop.ozone.om.OmMetadataReader.getFileStatus(OmMetadataReader.java:262) ~[ozone-manager-1.4.0-SNAPSHOT.jar:?]
	at org.apache.hadoop.ozone.om.OzoneManager.getFileStatus(OzoneManager.java:3530) ~[ozone-manager-1.4.0-SNAPSHOT.jar:?]
	at org.apache.hadoop.ozone.protocolPB.OzoneManagerRequestHandler.getOzoneFileStatus(OzoneManagerRequestHandler.java:973) ~[ozone-manager-1.4.0-SNAPSHOT.jar:?]
	at org.apache.hadoop.ozone.protocolPB.OzoneManagerRequestHandler.handleReadRequest(OzoneManagerRequestHandler.java:252) ~[ozone-manager-1.4.0-SNAPSHOT.jar:?]
	at org.apache.hadoop.ozone.protocolPB.OzoneManagerProtocolServerSideTranslatorPB.submitRequestDirectlyToOM(OzoneManagerProtocolServerSideTranslatorPB.java:274) ~[ozone-manager-1.4.0-SNAPSHOT.jar:?]
	at org.apache.hadoop.ozone.protocolPB.OzoneManagerProtocolServerSideTranslatorPB.processRequest(OzoneManagerProtocolServerSideTranslatorPB.java:175) ~[ozone-manager-1.4.0-SNAPSHOT.jar:?]
	at org.apache.hadoop.hdds.server.OzoneProtocolMessageDispatcher.processRequest(OzoneProtocolMessageDispatcher.java:87) [hdds-server-framework-1.4.0-SNAPSHOT.jar:?]
	at org.apache.hadoop.ozone.protocolPB.OzoneManagerProtocolServerSideTranslatorPB.submitRequest(OzoneManagerProtocolServerSideTranslatorPB.java:148) [ozone-manager-1.4.0-SNAPSHOT.jar:?]
	at org.apache.hadoop.ozone.protocol.proto.OzoneManagerProtocolProtos$OzoneManagerService$2.callBlockingMethod(OzoneManagerProtocolProtos.java) [ozone-interface-client-1.4.0-SNAPSHOT.jar:?]
	at org.apache.hadoop.ipc.ProtobufRpcEngine$Server.processCall(ProtobufRpcEngine.java:484) [hadoop-common-3.3.6.jar:?]
	at org.apache.hadoop.ipc.ProtobufRpcEngine2$Server$ProtoBufRpcInvoker.call(ProtobufRpcEngine2.java:595) [hadoop-common-3.3.6.jar:?]
	at org.apache.hadoop.ipc.ProtobufRpcEngine2$Server$ProtoBufRpcInvoker.call(ProtobufRpcEngine2.java:573) [hadoop-common-3.3.6.jar:?]
	at org.apache.hadoop.ipc.RPC$Server.call(RPC.java:1227) [hadoop-common-3.3.6.jar:?]
	at org.apache.hadoop.ipc.Server$RpcCall.run(Server.java:1094) [hadoop-common-3.3.6.jar:?]
	at org.apache.hadoop.ipc.Server$RpcCall.run(Server.java:1017) [hadoop-common-3.3.6.jar:?]
	at java.security.AccessController.doPrivileged(Native Method) ~[?:1.8.0_382]
	at javax.security.auth.Subject.doAs(Subject.java:422) [?:1.8.0_382]
	at org.apache.hadoop.security.UserGroupInformation.doAs(UserGroupInformation.java:1899) [hadoop-common-3.3.6.jar:?]
	at org.apache.hadoop.ipc.Server$Handler.run(Server.java:3048) [hadoop-common-3.3.6.jar:?]
18:18:47.480 [IPC Server handler 17 on default port 15057] ERROR OMAudit - user=runner | ip=127.0.0.1 | op=GET_FILE_STATUS {volume=volume38115, bucket=bucket38025, key=level0/level2/level2/file1, dataSize=0, replicationConfig=null} | ret=FAILURE
org.apache.hadoop.ozone.om.exceptions.OMException: Unable to get file status: volume: volume38115 bucket: bucket38025 key: level0/level2/level2/file1
	at org.apache.hadoop.ozone.om.KeyManagerImpl.getOzoneFileStatus(KeyManagerImpl.java:1195) ~[ozone-manager-1.4.0-SNAPSHOT.jar:?]
	at org.apache.hadoop.ozone.om.KeyManagerImpl.getFileStatus(KeyManagerImpl.java:1113) ~[ozone-manager-1.4.0-SNAPSHOT.jar:?]
	at org.apache.hadoop.ozone.om.OmMetadataReader.getFileStatus(OmMetadataReader.java:262) ~[ozone-manager-1.4.0-SNAPSHOT.jar:?]
	at org.apache.hadoop.ozone.om.OzoneManager.getFileStatus(OzoneManager.java:3530) ~[ozone-manager-1.4.0-SNAPSHOT.jar:?]
	at org.apache.hadoop.ozone.protocolPB.OzoneManagerRequestHandler.getOzoneFileStatus(OzoneManagerRequestHandler.java:973) ~[ozone-manager-1.4.0-SNAPSHOT.jar:?]
	at org.apache.hadoop.ozone.protocolPB.OzoneManagerRequestHandler.handleReadRequest(OzoneManagerRequestHandler.java:252) ~[ozone-manager-1.4.0-SNAPSHOT.jar:?]
	at org.apache.hadoop.ozone.protocolPB.OzoneManagerProtocolServerSideTranslatorPB.submitRequestDirectlyToOM(OzoneManagerProtocolServerSideTranslatorPB.java:274) ~[ozone-manager-1.4.0-SNAPSHOT.jar:?]
	at org.apache.hadoop.ozone.protocolPB.OzoneManagerProtocolServerSideTranslatorPB.processRequest(OzoneManagerProtocolServerSideTranslatorPB.java:175) ~[ozone-manager-1.4.0-SNAPSHOT.jar:?]
	at org.apache.hadoop.hdds.server.OzoneProtocolMessageDispatcher.processRequest(OzoneProtocolMessageDispatcher.java:87) [hdds-server-framework-1.4.0-SNAPSHOT.jar:?]
	at org.apache.hadoop.ozone.protocolPB.OzoneManagerProtocolServerSideTranslatorPB.submitRequest(OzoneManagerProtocolServerSideTranslatorPB.java:148) [ozone-manager-1.4.0-SNAPSHOT.jar:?]
	at org.apache.hadoop.ozone.protocol.proto.OzoneManagerProtocolProtos$OzoneManagerService$2.callBlockingMethod(OzoneManagerProtocolProtos.java) [ozone-interface-client-1.4.0-SNAPSHOT.jar:?]
	at org.apache.hadoop.ipc.ProtobufRpcEngine$Server.processCall(ProtobufRpcEngine.java:484) [hadoop-common-3.3.6.jar:?]
	at org.apache.hadoop.ipc.ProtobufRpcEngine2$Server$ProtoBufRpcInvoker.call(ProtobufRpcEngine2.java:595) [hadoop-common-3.3.6.jar:?]
	at org.apache.hadoop.ipc.ProtobufRpcEngine2$Server$ProtoBufRpcInvoker.call(ProtobufRpcEngine2.java:573) [hadoop-common-3.3.6.jar:?]
	at org.apache.hadoop.ipc.RPC$Server.call(RPC.java:1227) [hadoop-common-3.3.6.jar:?]
	at org.apache.hadoop.ipc.Server$RpcCall.run(Server.java:1094) [hadoop-common-3.3.6.jar:?]
	at org.apache.hadoop.ipc.Server$RpcCall.run(Server.java:1017) [hadoop-common-3.3.6.jar:?]
	at java.security.AccessController.doPrivileged(Native Method) ~[?:1.8.0_382]
	at javax.security.auth.Subject.doAs(Subject.java:422) [?:1.8.0_382]
	at org.apache.hadoop.security.UserGroupInformation.doAs(UserGroupInformation.java:1899) [hadoop-common-3.3.6.jar:?]
	at org.apache.hadoop.ipc.Server$Handler.run(Server.java:3048) [hadoop-common-3.3.6.jar:?]
18:18:47.481 [IPC Server handler 16 on default port 15057] ERROR OMAudit - user=runner | ip=127.0.0.1 | op=GET_FILE_STATUS {volume=volume38115, bucket=bucket38025, key=level0/level3, dataSize=0, replicationConfig=null} | ret=FAILURE
org.apache.hadoop.ozone.om.exceptions.OMException: Unable to get file status: volume: volume38115 bucket: bucket38025 key: level0/level3
	at org.apache.hadoop.ozone.om.KeyManagerImpl.getOzoneFileStatus(KeyManagerImpl.java:1195) ~[ozone-manager-1.4.0-SNAPSHOT.jar:?]
	at org.apache.hadoop.ozone.om.KeyManagerImpl.getFileStatus(KeyManagerImpl.java:1113) ~[ozone-manager-1.4.0-SNAPSHOT.jar:?]
	at org.apache.hadoop.ozone.om.OmMetadataReader.getFileStatus(OmMetadataReader.java:262) ~[ozone-manager-1.4.0-SNAPSHOT.jar:?]
	at org.apache.hadoop.ozone.om.OzoneManager.getFileStatus(OzoneManager.java:3530) ~[ozone-manager-1.4.0-SNAPSHOT.jar:?]
	at org.apache.hadoop.ozone.protocolPB.OzoneManagerRequestHandler.getOzoneFileStatus(OzoneManagerRequestHandler.java:973) ~[ozone-manager-1.4.0-SNAPSHOT.jar:?]
	at org.apache.hadoop.ozone.protocolPB.OzoneManagerRequestHandler.handleReadRequest(OzoneManagerRequestHandler.java:252) ~[ozone-manager-1.4.0-SNAPSHOT.jar:?]
	at org.apache.hadoop.ozone.protocolPB.OzoneManagerProtocolServerSideTranslatorPB.submitRequestDirectlyToOM(OzoneManagerProtocolServerSideTranslatorPB.java:274) ~[ozone-manager-1.4.0-SNAPSHOT.jar:?]
	at org.apache.hadoop.ozone.protocolPB.OzoneManagerProtocolServerSideTranslatorPB.processRequest(OzoneManagerProtocolServerSideTranslatorPB.java:175) ~[ozone-manager-1.4.0-SNAPSHOT.jar:?]
	at org.apache.hadoop.hdds.server.OzoneProtocolMessageDispatcher.processRequest(OzoneProtocolMessageDispatcher.java:87) [hdds-server-framework-1.4.0-SNAPSHOT.jar:?]
	at org.apache.hadoop.ozone.protocolPB.OzoneManagerProtocolServerSideTranslatorPB.submitRequest(OzoneManagerProtocolServerSideTranslatorPB.java:148) [ozone-manager-1.4.0-SNAPSHOT.jar:?]
	at org.apache.hadoop.ozone.protocol.proto.OzoneManagerProtocolProtos$OzoneManagerService$2.callBlockingMethod(OzoneManagerProtocolProtos.java) [ozone-interface-client-1.4.0-SNAPSHOT.jar:?]
	at org.apache.hadoop.ipc.ProtobufRpcEngine$Server.processCall(ProtobufRpcEngine.java:484) [hadoop-common-3.3.6.jar:?]
	at org.apache.hadoop.ipc.ProtobufRpcEngine2$Server$ProtoBufRpcInvoker.call(ProtobufRpcEngine2.java:595) [hadoop-common-3.3.6.jar:?]
	at org.apache.hadoop.ipc.ProtobufRpcEngine2$Server$ProtoBufRpcInvoker.call(ProtobufRpcEngine2.java:573) [hadoop-common-3.3.6.jar:?]
	at org.apache.hadoop.ipc.RPC$Server.call(RPC.java:1227) [hadoop-common-3.3.6.jar:?]
	at org.apache.hadoop.ipc.Server$RpcCall.run(Server.java:1094) [hadoop-common-3.3.6.jar:?]
	at org.apache.hadoop.ipc.Server$RpcCall.run(Server.java:1017) [hadoop-common-3.3.6.jar:?]
	at java.security.AccessController.doPrivileged(Native Method) ~[?:1.8.0_382]
	at javax.security.auth.Subject.doAs(Subject.java:422) [?:1.8.0_382]
	at org.apache.hadoop.security.UserGroupInformation.doAs(UserGroupInformation.java:1899) [hadoop-common-3.3.6.jar:?]
	at org.apache.hadoop.ipc.Server$Handler.run(Server.java:3048) [hadoop-common-3.3.6.jar:?]
18:18:47.482 [IPC Server handler 15 on default port 15057] ERROR OMAudit - user=runner | ip=127.0.0.1 | op=GET_FILE_STATUS {volume=volume38115, bucket=bucket38025, key=level0/level3/level3, dataSize=0, replicationConfig=null} | ret=FAILURE
org.apache.hadoop.ozone.om.exceptions.OMException: Unable to get file status: volume: volume38115 bucket: bucket38025 key: level0/level3/level3
	at org.apache.hadoop.ozone.om.KeyManagerImpl.getOzoneFileStatus(KeyManagerImpl.java:1195) ~[ozone-manager-1.4.0-SNAPSHOT.jar:?]
	at org.apache.hadoop.ozone.om.KeyManagerImpl.getFileStatus(KeyManagerImpl.java:1113) ~[ozone-manager-1.4.0-SNAPSHOT.jar:?]
	at org.apache.hadoop.ozone.om.OmMetadataReader.getFileStatus(OmMetadataReader.java:262) ~[ozone-manager-1.4.0-SNAPSHOT.jar:?]
	at org.apache.hadoop.ozone.om.OzoneManager.getFileStatus(OzoneManager.java:3530) ~[ozone-manager-1.4.0-SNAPSHOT.jar:?]
	at org.apache.hadoop.ozone.protocolPB.OzoneManagerRequestHandler.getOzoneFileStatus(OzoneManagerRequestHandler.java:973) ~[ozone-manager-1.4.0-SNAPSHOT.jar:?]
	at org.apache.hadoop.ozone.protocolPB.OzoneManagerRequestHandler.handleReadRequest(OzoneManagerRequestHandler.java:252) ~[ozone-manager-1.4.0-SNAPSHOT.jar:?]
	at org.apache.hadoop.ozone.protocolPB.OzoneManagerProtocolServerSideTranslatorPB.submitRequestDirectlyToOM(OzoneManagerProtocolServerSideTranslatorPB.java:274) ~[ozone-manager-1.4.0-SNAPSHOT.jar:?]
	at org.apache.hadoop.ozone.protocolPB.OzoneManagerProtocolServerSideTranslatorPB.processRequest(OzoneManagerProtocolServerSideTranslatorPB.java:175) ~[ozone-manager-1.4.0-SNAPSHOT.jar:?]
	at org.apache.hadoop.hdds.server.OzoneProtocolMessageDispatcher.processRequest(OzoneProtocolMessageDispatcher.java:87) [hdds-server-framework-1.4.0-SNAPSHOT.jar:?]
	at org.apache.hadoop.ozone.protocolPB.OzoneManagerProtocolServerSideTranslatorPB.submitRequest(OzoneManagerProtocolServerSideTranslatorPB.java:148) [ozone-manager-1.4.0-SNAPSHOT.jar:?]
	at org.apache.hadoop.ozone.protocol.proto.OzoneManagerProtocolProtos$OzoneManagerService$2.callBlockingMethod(OzoneManagerProtocolProtos.java) [ozone-interface-client-1.4.0-SNAPSHOT.jar:?]
	at org.apache.hadoop.ipc.ProtobufRpcEngine$Server.processCall(ProtobufRpcEngine.java:484) [hadoop-common-3.3.6.jar:?]
	at org.apache.hadoop.ipc.ProtobufRpcEngine2$Server$ProtoBufRpcInvoker.call(ProtobufRpcEngine2.java:595) [hadoop-common-3.3.6.jar:?]
	at org.apache.hadoop.ipc.ProtobufRpcEngine2$Server$ProtoBufRpcInvoker.call(ProtobufRpcEngine2.java:573) [hadoop-common-3.3.6.jar:?]
	at org.apache.hadoop.ipc.RPC$Server.call(RPC.java:1227) [hadoop-common-3.3.6.jar:?]
	at org.apache.hadoop.ipc.Server$RpcCall.run(Server.java:1094) [hadoop-common-3.3.6.jar:?]
	at org.apache.hadoop.ipc.Server$RpcCall.run(Server.java:1017) [hadoop-common-3.3.6.jar:?]
	at java.security.AccessController.doPrivileged(Native Method) ~[?:1.8.0_382]
	at javax.security.auth.Subject.doAs(Subject.java:422) [?:1.8.0_382]
	at org.apache.hadoop.security.UserGroupInformation.doAs(UserGroupInformation.java:1899) [hadoop-common-3.3.6.jar:?]
	at org.apache.hadoop.ipc.Server$Handler.run(Server.java:3048) [hadoop-common-3.3.6.jar:?]
18:18:47.484 [IPC Server handler 12 on default port 15057] ERROR OMAudit - user=runner | ip=127.0.0.1 | op=GET_FILE_STATUS {volume=volume38115, bucket=bucket38025, key=level0/level3/file1, dataSize=0, replicationConfig=null} | ret=FAILURE
org.apache.hadoop.ozone.om.exceptions.OMException: Unable to get file status: volume: volume38115 bucket: bucket38025 key: level0/level3/file1
	at org.apache.hadoop.ozone.om.KeyManagerImpl.getOzoneFileStatus(KeyManagerImpl.java:1195) ~[ozone-manager-1.4.0-SNAPSHOT.jar:?]
	at org.apache.hadoop.ozone.om.KeyManagerImpl.getFileStatus(KeyManagerImpl.java:1113) ~[ozone-manager-1.4.0-SNAPSHOT.jar:?]
	at org.apache.hadoop.ozone.om.OmMetadataReader.getFileStatus(OmMetadataReader.java:262) ~[ozone-manager-1.4.0-SNAPSHOT.jar:?]
	at org.apache.hadoop.ozone.om.OzoneManager.getFileStatus(OzoneManager.java:3530) ~[ozone-manager-1.4.0-SNAPSHOT.jar:?]
	at org.apache.hadoop.ozone.protocolPB.OzoneManagerRequestHandler.getOzoneFileStatus(OzoneManagerRequestHandler.java:973) ~[ozone-manager-1.4.0-SNAPSHOT.jar:?]
	at org.apache.hadoop.ozone.protocolPB.OzoneManagerRequestHandler.handleReadRequest(OzoneManagerRequestHandler.java:252) ~[ozone-manager-1.4.0-SNAPSHOT.jar:?]
	at org.apache.hadoop.ozone.protocolPB.OzoneManagerProtocolServerSideTranslatorPB.submitRequestDirectlyToOM(OzoneManagerProtocolServerSideTranslatorPB.java:274) ~[ozone-manager-1.4.0-SNAPSHOT.jar:?]
	at org.apache.hadoop.ozone.protocolPB.OzoneManagerProtocolServerSideTranslatorPB.processRequest(OzoneManagerProtocolServerSideTranslatorPB.java:175) ~[ozone-manager-1.4.0-SNAPSHOT.jar:?]
	at org.apache.hadoop.hdds.server.OzoneProtocolMessageDispatcher.processRequest(OzoneProtocolMessageDispatcher.java:87) [hdds-server-framework-1.4.0-SNAPSHOT.jar:?]
	at org.apache.hadoop.ozone.protocolPB.OzoneManagerProtocolServerSideTranslatorPB.submitRequest(OzoneManagerProtocolServerSideTranslatorPB.java:148) [ozone-manager-1.4.0-SNAPSHOT.jar:?]
	at org.apache.hadoop.ozone.protocol.proto.OzoneManagerProtocolProtos$OzoneManagerService$2.callBlockingMethod(OzoneManagerProtocolProtos.java) [ozone-interface-client-1.4.0-SNAPSHOT.jar:?]
	at org.apache.hadoop.ipc.ProtobufRpcEngine$Server.processCall(ProtobufRpcEngine.java:484) [hadoop-common-3.3.6.jar:?]
	at org.apache.hadoop.ipc.ProtobufRpcEngine2$Server$ProtoBufRpcInvoker.call(ProtobufRpcEngine2.java:595) [hadoop-common-3.3.6.jar:?]
	at org.apache.hadoop.ipc.ProtobufRpcEngine2$Server$ProtoBufRpcInvoker.call(ProtobufRpcEngine2.java:573) [hadoop-common-3.3.6.jar:?]
	at org.apache.hadoop.ipc.RPC$Server.call(RPC.java:1227) [hadoop-common-3.3.6.jar:?]
	at org.apache.hadoop.ipc.Server$RpcCall.run(Server.java:1094) [hadoop-common-3.3.6.jar:?]
	at org.apache.hadoop.ipc.Server$RpcCall.run(Server.java:1017) [hadoop-common-3.3.6.jar:?]
	at java.security.AccessController.doPrivileged(Native Method) ~[?:1.8.0_382]
	at javax.security.auth.Subject.doAs(Subject.java:422) [?:1.8.0_382]
	at org.apache.hadoop.security.UserGroupInformation.doAs(UserGroupInformation.java:1899) [hadoop-common-3.3.6.jar:?]
	at org.apache.hadoop.ipc.Server$Handler.run(Server.java:3048) [hadoop-common-3.3.6.jar:?]
18:18:47.486 [IPC Server handler 6 on default port 15057] ERROR OMAudit - user=runner | ip=127.0.0.1 | op=GET_FILE_STATUS {volume=volume38115, bucket=bucket38025, key=level0/level3/level3/file1, dataSize=0, replicationConfig=null} | ret=FAILURE
org.apache.hadoop.ozone.om.exceptions.OMException: Unable to get file status: volume: volume38115 bucket: bucket38025 key: level0/level3/level3/file1
	at org.apache.hadoop.ozone.om.KeyManagerImpl.getOzoneFileStatus(KeyManagerImpl.java:1195) ~[ozone-manager-1.4.0-SNAPSHOT.jar:?]
	at org.apache.hadoop.ozone.om.KeyManagerImpl.getFileStatus(KeyManagerImpl.java:1113) ~[ozone-manager-1.4.0-SNAPSHOT.jar:?]
	at org.apache.hadoop.ozone.om.OmMetadataReader.getFileStatus(OmMetadataReader.java:262) ~[ozone-manager-1.4.0-SNAPSHOT.jar:?]
	at org.apache.hadoop.ozone.om.OzoneManager.getFileStatus(OzoneManager.java:3530) ~[ozone-manager-1.4.0-SNAPSHOT.jar:?]
	at org.apache.hadoop.ozone.protocolPB.OzoneManagerRequestHandler.getOzoneFileStatus(OzoneManagerRequestHandler.java:973) ~[ozone-manager-1.4.0-SNAPSHOT.jar:?]
	at org.apache.hadoop.ozone.protocolPB.OzoneManagerRequestHandler.handleReadRequest(OzoneManagerRequestHandler.java:252) ~[ozone-manager-1.4.0-SNAPSHOT.jar:?]
	at org.apache.hadoop.ozone.protocolPB.OzoneManagerProtocolServerSideTranslatorPB.submitRequestDirectlyToOM(OzoneManagerProtocolServerSideTranslatorPB.java:274) ~[ozone-manager-1.4.0-SNAPSHOT.jar:?]
	at org.apache.hadoop.ozone.protocolPB.OzoneManagerProtocolServerSideTranslatorPB.processRequest(OzoneManagerProtocolServerSideTranslatorPB.java:175) ~[ozone-manager-1.4.0-SNAPSHOT.jar:?]
	at org.apache.hadoop.hdds.server.OzoneProtocolMessageDispatcher.processRequest(OzoneProtocolMessageDispatcher.java:87) [hdds-server-framework-1.4.0-SNAPSHOT.jar:?]
	at org.apache.hadoop.ozone.protocolPB.OzoneManagerProtocolServerSideTranslatorPB.submitRequest(OzoneManagerProtocolServerSideTranslatorPB.java:148) [ozone-manager-1.4.0-SNAPSHOT.jar:?]
	at org.apache.hadoop.ozone.protocol.proto.OzoneManagerProtocolProtos$OzoneManagerService$2.callBlockingMethod(OzoneManagerProtocolProtos.java) [ozone-interface-client-1.4.0-SNAPSHOT.jar:?]
	at org.apache.hadoop.ipc.ProtobufRpcEngine$Server.processCall(ProtobufRpcEngine.java:484) [hadoop-common-3.3.6.jar:?]
	at org.apache.hadoop.ipc.ProtobufRpcEngine2$Server$ProtoBufRpcInvoker.call(ProtobufRpcEngine2.java:595) [hadoop-common-3.3.6.jar:?]
	at org.apache.hadoop.ipc.ProtobufRpcEngine2$Server$ProtoBufRpcInvoker.call(ProtobufRpcEngine2.java:573) [hadoop-common-3.3.6.jar:?]
	at org.apache.hadoop.ipc.RPC$Server.call(RPC.java:1227) [hadoop-common-3.3.6.jar:?]
	at org.apache.hadoop.ipc.Server$RpcCall.run(Server.java:1094) [hadoop-common-3.3.6.jar:?]
	at org.apache.hadoop.ipc.Server$RpcCall.run(Server.java:1017) [hadoop-common-3.3.6.jar:?]
	at java.security.AccessController.doPrivileged(Native Method) ~[?:1.8.0_382]
	at javax.security.auth.Subject.doAs(Subject.java:422) [?:1.8.0_382]
	at org.apache.hadoop.security.UserGroupInformation.doAs(UserGroupInformation.java:1899) [hadoop-common-3.3.6.jar:?]
	at org.apache.hadoop.ipc.Server$Handler.run(Server.java:3048) [hadoop-common-3.3.6.jar:?]
]]></system-out>
  </testcase>
  <testcase name="testRecursiveDelete" classname="TestOzoneFileSystem" time="0.232">
    <system-out><![CDATA[18:20:06.398 [IPC Server handler 12 on default port 15110] ERROR OMAudit - user=runner | ip=127.0.0.1 | op=GET_FILE_STATUS {volume=volume40966, bucket=bucket64934, key=gdir1, dataSize=0, replicationConfig=null} | ret=FAILURE
org.apache.hadoop.ozone.om.exceptions.OMException: Unable to get file status: volume: volume40966 bucket: bucket64934 key: gdir1
	at org.apache.hadoop.ozone.om.KeyManagerImpl.getOzoneFileStatus(KeyManagerImpl.java:1195) ~[ozone-manager-1.4.0-SNAPSHOT.jar:?]
	at org.apache.hadoop.ozone.om.KeyManagerImpl.getFileStatus(KeyManagerImpl.java:1113) ~[ozone-manager-1.4.0-SNAPSHOT.jar:?]
	at org.apache.hadoop.ozone.om.OmMetadataReader.getFileStatus(OmMetadataReader.java:262) ~[ozone-manager-1.4.0-SNAPSHOT.jar:?]
	at org.apache.hadoop.ozone.om.OzoneManager.getFileStatus(OzoneManager.java:3530) ~[ozone-manager-1.4.0-SNAPSHOT.jar:?]
	at org.apache.hadoop.ozone.protocolPB.OzoneManagerRequestHandler.getOzoneFileStatus(OzoneManagerRequestHandler.java:973) ~[ozone-manager-1.4.0-SNAPSHOT.jar:?]
	at org.apache.hadoop.ozone.protocolPB.OzoneManagerRequestHandler.handleReadRequest(OzoneManagerRequestHandler.java:252) ~[ozone-manager-1.4.0-SNAPSHOT.jar:?]
	at org.apache.hadoop.ozone.protocolPB.OzoneManagerProtocolServerSideTranslatorPB.submitReadRequestToOM(OzoneManagerProtocolServerSideTranslatorPB.java:225) ~[ozone-manager-1.4.0-SNAPSHOT.jar:?]
	at org.apache.hadoop.ozone.protocolPB.OzoneManagerProtocolServerSideTranslatorPB.processRequest(OzoneManagerProtocolServerSideTranslatorPB.java:179) ~[ozone-manager-1.4.0-SNAPSHOT.jar:?]
	at org.apache.hadoop.hdds.server.OzoneProtocolMessageDispatcher.processRequest(OzoneProtocolMessageDispatcher.java:87) [hdds-server-framework-1.4.0-SNAPSHOT.jar:?]
	at org.apache.hadoop.ozone.protocolPB.OzoneManagerProtocolServerSideTranslatorPB.submitRequest(OzoneManagerProtocolServerSideTranslatorPB.java:148) [ozone-manager-1.4.0-SNAPSHOT.jar:?]
	at org.apache.hadoop.ozone.protocol.proto.OzoneManagerProtocolProtos$OzoneManagerService$2.callBlockingMethod(OzoneManagerProtocolProtos.java) [ozone-interface-client-1.4.0-SNAPSHOT.jar:?]
	at org.apache.hadoop.ipc.ProtobufRpcEngine$Server.processCall(ProtobufRpcEngine.java:484) [hadoop-common-3.3.6.jar:?]
	at org.apache.hadoop.ipc.ProtobufRpcEngine2$Server$ProtoBufRpcInvoker.call(ProtobufRpcEngine2.java:595) [hadoop-common-3.3.6.jar:?]
	at org.apache.hadoop.ipc.ProtobufRpcEngine2$Server$ProtoBufRpcInvoker.call(ProtobufRpcEngine2.java:573) [hadoop-common-3.3.6.jar:?]
	at org.apache.hadoop.ipc.RPC$Server.call(RPC.java:1227) [hadoop-common-3.3.6.jar:?]
	at org.apache.hadoop.ipc.Server$RpcCall.run(Server.java:1094) [hadoop-common-3.3.6.jar:?]
	at org.apache.hadoop.ipc.Server$RpcCall.run(Server.java:1017) [hadoop-common-3.3.6.jar:?]
	at java.security.AccessController.doPrivileged(Native Method) ~[?:1.8.0_382]
	at javax.security.auth.Subject.doAs(Subject.java:422) [?:1.8.0_382]
	at org.apache.hadoop.security.UserGroupInformation.doAs(UserGroupInformation.java:1899) [hadoop-common-3.3.6.jar:?]
	at org.apache.hadoop.ipc.Server$Handler.run(Server.java:3048) [hadoop-common-3.3.6.jar:?]
18:20:06.400 [IPC Server handler 15 on default port 15110] ERROR OMAudit - user=runner | ip=127.0.0.1 | op=GET_FILE_STATUS {volume=volume40966, bucket=bucket64934, key=gdir1/dir1, dataSize=0, replicationConfig=null} | ret=FAILURE
org.apache.hadoop.ozone.om.exceptions.OMException: Unable to get file status: volume: volume40966 bucket: bucket64934 key: gdir1/dir1
	at org.apache.hadoop.ozone.om.KeyManagerImpl.getOzoneFileStatus(KeyManagerImpl.java:1195) ~[ozone-manager-1.4.0-SNAPSHOT.jar:?]
	at org.apache.hadoop.ozone.om.KeyManagerImpl.getFileStatus(KeyManagerImpl.java:1113) ~[ozone-manager-1.4.0-SNAPSHOT.jar:?]
	at org.apache.hadoop.ozone.om.OmMetadataReader.getFileStatus(OmMetadataReader.java:262) ~[ozone-manager-1.4.0-SNAPSHOT.jar:?]
	at org.apache.hadoop.ozone.om.OzoneManager.getFileStatus(OzoneManager.java:3530) ~[ozone-manager-1.4.0-SNAPSHOT.jar:?]
	at org.apache.hadoop.ozone.protocolPB.OzoneManagerRequestHandler.getOzoneFileStatus(OzoneManagerRequestHandler.java:973) ~[ozone-manager-1.4.0-SNAPSHOT.jar:?]
	at org.apache.hadoop.ozone.protocolPB.OzoneManagerRequestHandler.handleReadRequest(OzoneManagerRequestHandler.java:252) ~[ozone-manager-1.4.0-SNAPSHOT.jar:?]
	at org.apache.hadoop.ozone.protocolPB.OzoneManagerProtocolServerSideTranslatorPB.submitReadRequestToOM(OzoneManagerProtocolServerSideTranslatorPB.java:225) ~[ozone-manager-1.4.0-SNAPSHOT.jar:?]
	at org.apache.hadoop.ozone.protocolPB.OzoneManagerProtocolServerSideTranslatorPB.processRequest(OzoneManagerProtocolServerSideTranslatorPB.java:179) ~[ozone-manager-1.4.0-SNAPSHOT.jar:?]
	at org.apache.hadoop.hdds.server.OzoneProtocolMessageDispatcher.processRequest(OzoneProtocolMessageDispatcher.java:87) [hdds-server-framework-1.4.0-SNAPSHOT.jar:?]
	at org.apache.hadoop.ozone.protocolPB.OzoneManagerProtocolServerSideTranslatorPB.submitRequest(OzoneManagerProtocolServerSideTranslatorPB.java:148) [ozone-manager-1.4.0-SNAPSHOT.jar:?]
	at org.apache.hadoop.ozone.protocol.proto.OzoneManagerProtocolProtos$OzoneManagerService$2.callBlockingMethod(OzoneManagerProtocolProtos.java) [ozone-interface-client-1.4.0-SNAPSHOT.jar:?]
	at org.apache.hadoop.ipc.ProtobufRpcEngine$Server.processCall(ProtobufRpcEngine.java:484) [hadoop-common-3.3.6.jar:?]
	at org.apache.hadoop.ipc.ProtobufRpcEngine2$Server$ProtoBufRpcInvoker.call(ProtobufRpcEngine2.java:595) [hadoop-common-3.3.6.jar:?]
	at org.apache.hadoop.ipc.ProtobufRpcEngine2$Server$ProtoBufRpcInvoker.call(ProtobufRpcEngine2.java:573) [hadoop-common-3.3.6.jar:?]
	at org.apache.hadoop.ipc.RPC$Server.call(RPC.java:1227) [hadoop-common-3.3.6.jar:?]
	at org.apache.hadoop.ipc.Server$RpcCall.run(Server.java:1094) [hadoop-common-3.3.6.jar:?]
	at org.apache.hadoop.ipc.Server$RpcCall.run(Server.java:1017) [hadoop-common-3.3.6.jar:?]
	at java.security.AccessController.doPrivileged(Native Method) ~[?:1.8.0_382]
	at javax.security.auth.Subject.doAs(Subject.java:422) [?:1.8.0_382]
	at org.apache.hadoop.security.UserGroupInformation.doAs(UserGroupInformation.java:1899) [hadoop-common-3.3.6.jar:?]
	at org.apache.hadoop.ipc.Server$Handler.run(Server.java:3048) [hadoop-common-3.3.6.jar:?]
18:20:06.401 [IPC Server handler 13 on default port 15110] ERROR OMAudit - user=runner | ip=127.0.0.1 | op=GET_FILE_STATUS {volume=volume40966, bucket=bucket64934, key=gdir1/dir1/child, dataSize=0, replicationConfig=null} | ret=FAILURE
org.apache.hadoop.ozone.om.exceptions.OMException: Unable to get file status: volume: volume40966 bucket: bucket64934 key: gdir1/dir1/child
	at org.apache.hadoop.ozone.om.KeyManagerImpl.getOzoneFileStatus(KeyManagerImpl.java:1195) ~[ozone-manager-1.4.0-SNAPSHOT.jar:?]
	at org.apache.hadoop.ozone.om.KeyManagerImpl.getFileStatus(KeyManagerImpl.java:1113) ~[ozone-manager-1.4.0-SNAPSHOT.jar:?]
	at org.apache.hadoop.ozone.om.OmMetadataReader.getFileStatus(OmMetadataReader.java:262) ~[ozone-manager-1.4.0-SNAPSHOT.jar:?]
	at org.apache.hadoop.ozone.om.OzoneManager.getFileStatus(OzoneManager.java:3530) ~[ozone-manager-1.4.0-SNAPSHOT.jar:?]
	at org.apache.hadoop.ozone.protocolPB.OzoneManagerRequestHandler.getOzoneFileStatus(OzoneManagerRequestHandler.java:973) ~[ozone-manager-1.4.0-SNAPSHOT.jar:?]
	at org.apache.hadoop.ozone.protocolPB.OzoneManagerRequestHandler.handleReadRequest(OzoneManagerRequestHandler.java:252) ~[ozone-manager-1.4.0-SNAPSHOT.jar:?]
	at org.apache.hadoop.ozone.protocolPB.OzoneManagerProtocolServerSideTranslatorPB.submitReadRequestToOM(OzoneManagerProtocolServerSideTranslatorPB.java:225) ~[ozone-manager-1.4.0-SNAPSHOT.jar:?]
	at org.apache.hadoop.ozone.protocolPB.OzoneManagerProtocolServerSideTranslatorPB.processRequest(OzoneManagerProtocolServerSideTranslatorPB.java:179) ~[ozone-manager-1.4.0-SNAPSHOT.jar:?]
	at org.apache.hadoop.hdds.server.OzoneProtocolMessageDispatcher.processRequest(OzoneProtocolMessageDispatcher.java:87) [hdds-server-framework-1.4.0-SNAPSHOT.jar:?]
	at org.apache.hadoop.ozone.protocolPB.OzoneManagerProtocolServerSideTranslatorPB.submitRequest(OzoneManagerProtocolServerSideTranslatorPB.java:148) [ozone-manager-1.4.0-SNAPSHOT.jar:?]
	at org.apache.hadoop.ozone.protocol.proto.OzoneManagerProtocolProtos$OzoneManagerService$2.callBlockingMethod(OzoneManagerProtocolProtos.java) [ozone-interface-client-1.4.0-SNAPSHOT.jar:?]
	at org.apache.hadoop.ipc.ProtobufRpcEngine$Server.processCall(ProtobufRpcEngine.java:484) [hadoop-common-3.3.6.jar:?]
	at org.apache.hadoop.ipc.ProtobufRpcEngine2$Server$ProtoBufRpcInvoker.call(ProtobufRpcEngine2.java:595) [hadoop-common-3.3.6.jar:?]
	at org.apache.hadoop.ipc.ProtobufRpcEngine2$Server$ProtoBufRpcInvoker.call(ProtobufRpcEngine2.java:573) [hadoop-common-3.3.6.jar:?]
	at org.apache.hadoop.ipc.RPC$Server.call(RPC.java:1227) [hadoop-common-3.3.6.jar:?]
	at org.apache.hadoop.ipc.Server$RpcCall.run(Server.java:1094) [hadoop-common-3.3.6.jar:?]
	at org.apache.hadoop.ipc.Server$RpcCall.run(Server.java:1017) [hadoop-common-3.3.6.jar:?]
	at java.security.AccessController.doPrivileged(Native Method) ~[?:1.8.0_382]
	at javax.security.auth.Subject.doAs(Subject.java:422) [?:1.8.0_382]
	at org.apache.hadoop.security.UserGroupInformation.doAs(UserGroupInformation.java:1899) [hadoop-common-3.3.6.jar:?]
	at org.apache.hadoop.ipc.Server$Handler.run(Server.java:3048) [hadoop-common-3.3.6.jar:?]
18:20:06.402 [IPC Server handler 14 on default port 15110] ERROR OMAudit - user=runner | ip=127.0.0.1 | op=GET_FILE_STATUS {volume=volume40966, bucket=bucket64934, key=gdir1/dir2, dataSize=0, replicationConfig=null} | ret=FAILURE
org.apache.hadoop.ozone.om.exceptions.OMException: Unable to get file status: volume: volume40966 bucket: bucket64934 key: gdir1/dir2
	at org.apache.hadoop.ozone.om.KeyManagerImpl.getOzoneFileStatus(KeyManagerImpl.java:1195) ~[ozone-manager-1.4.0-SNAPSHOT.jar:?]
	at org.apache.hadoop.ozone.om.KeyManagerImpl.getFileStatus(KeyManagerImpl.java:1113) ~[ozone-manager-1.4.0-SNAPSHOT.jar:?]
	at org.apache.hadoop.ozone.om.OmMetadataReader.getFileStatus(OmMetadataReader.java:262) ~[ozone-manager-1.4.0-SNAPSHOT.jar:?]
	at org.apache.hadoop.ozone.om.OzoneManager.getFileStatus(OzoneManager.java:3530) ~[ozone-manager-1.4.0-SNAPSHOT.jar:?]
	at org.apache.hadoop.ozone.protocolPB.OzoneManagerRequestHandler.getOzoneFileStatus(OzoneManagerRequestHandler.java:973) ~[ozone-manager-1.4.0-SNAPSHOT.jar:?]
	at org.apache.hadoop.ozone.protocolPB.OzoneManagerRequestHandler.handleReadRequest(OzoneManagerRequestHandler.java:252) ~[ozone-manager-1.4.0-SNAPSHOT.jar:?]
	at org.apache.hadoop.ozone.protocolPB.OzoneManagerProtocolServerSideTranslatorPB.submitReadRequestToOM(OzoneManagerProtocolServerSideTranslatorPB.java:225) ~[ozone-manager-1.4.0-SNAPSHOT.jar:?]
	at org.apache.hadoop.ozone.protocolPB.OzoneManagerProtocolServerSideTranslatorPB.processRequest(OzoneManagerProtocolServerSideTranslatorPB.java:179) ~[ozone-manager-1.4.0-SNAPSHOT.jar:?]
	at org.apache.hadoop.hdds.server.OzoneProtocolMessageDispatcher.processRequest(OzoneProtocolMessageDispatcher.java:87) [hdds-server-framework-1.4.0-SNAPSHOT.jar:?]
	at org.apache.hadoop.ozone.protocolPB.OzoneManagerProtocolServerSideTranslatorPB.submitRequest(OzoneManagerProtocolServerSideTranslatorPB.java:148) [ozone-manager-1.4.0-SNAPSHOT.jar:?]
	at org.apache.hadoop.ozone.protocol.proto.OzoneManagerProtocolProtos$OzoneManagerService$2.callBlockingMethod(OzoneManagerProtocolProtos.java) [ozone-interface-client-1.4.0-SNAPSHOT.jar:?]
	at org.apache.hadoop.ipc.ProtobufRpcEngine$Server.processCall(ProtobufRpcEngine.java:484) [hadoop-common-3.3.6.jar:?]
	at org.apache.hadoop.ipc.ProtobufRpcEngine2$Server$ProtoBufRpcInvoker.call(ProtobufRpcEngine2.java:595) [hadoop-common-3.3.6.jar:?]
	at org.apache.hadoop.ipc.ProtobufRpcEngine2$Server$ProtoBufRpcInvoker.call(ProtobufRpcEngine2.java:573) [hadoop-common-3.3.6.jar:?]
	at org.apache.hadoop.ipc.RPC$Server.call(RPC.java:1227) [hadoop-common-3.3.6.jar:?]
	at org.apache.hadoop.ipc.Server$RpcCall.run(Server.java:1094) [hadoop-common-3.3.6.jar:?]
	at org.apache.hadoop.ipc.Server$RpcCall.run(Server.java:1017) [hadoop-common-3.3.6.jar:?]
	at java.security.AccessController.doPrivileged(Native Method) ~[?:1.8.0_382]
	at javax.security.auth.Subject.doAs(Subject.java:422) [?:1.8.0_382]
	at org.apache.hadoop.security.UserGroupInformation.doAs(UserGroupInformation.java:1899) [hadoop-common-3.3.6.jar:?]
	at org.apache.hadoop.ipc.Server$Handler.run(Server.java:3048) [hadoop-common-3.3.6.jar:?]
18:20:06.403 [IPC Server handler 17 on default port 15110] ERROR OMAudit - user=runner | ip=127.0.0.1 | op=GET_FILE_STATUS {volume=volume40966, bucket=bucket64934, key=gdir1/dir2/child, dataSize=0, replicationConfig=null} | ret=FAILURE
org.apache.hadoop.ozone.om.exceptions.OMException: Unable to get file status: volume: volume40966 bucket: bucket64934 key: gdir1/dir2/child
	at org.apache.hadoop.ozone.om.KeyManagerImpl.getOzoneFileStatus(KeyManagerImpl.java:1195) ~[ozone-manager-1.4.0-SNAPSHOT.jar:?]
	at org.apache.hadoop.ozone.om.KeyManagerImpl.getFileStatus(KeyManagerImpl.java:1113) ~[ozone-manager-1.4.0-SNAPSHOT.jar:?]
	at org.apache.hadoop.ozone.om.OmMetadataReader.getFileStatus(OmMetadataReader.java:262) ~[ozone-manager-1.4.0-SNAPSHOT.jar:?]
	at org.apache.hadoop.ozone.om.OzoneManager.getFileStatus(OzoneManager.java:3530) ~[ozone-manager-1.4.0-SNAPSHOT.jar:?]
	at org.apache.hadoop.ozone.protocolPB.OzoneManagerRequestHandler.getOzoneFileStatus(OzoneManagerRequestHandler.java:973) ~[ozone-manager-1.4.0-SNAPSHOT.jar:?]
	at org.apache.hadoop.ozone.protocolPB.OzoneManagerRequestHandler.handleReadRequest(OzoneManagerRequestHandler.java:252) ~[ozone-manager-1.4.0-SNAPSHOT.jar:?]
	at org.apache.hadoop.ozone.protocolPB.OzoneManagerProtocolServerSideTranslatorPB.submitReadRequestToOM(OzoneManagerProtocolServerSideTranslatorPB.java:225) ~[ozone-manager-1.4.0-SNAPSHOT.jar:?]
	at org.apache.hadoop.ozone.protocolPB.OzoneManagerProtocolServerSideTranslatorPB.processRequest(OzoneManagerProtocolServerSideTranslatorPB.java:179) ~[ozone-manager-1.4.0-SNAPSHOT.jar:?]
	at org.apache.hadoop.hdds.server.OzoneProtocolMessageDispatcher.processRequest(OzoneProtocolMessageDispatcher.java:87) [hdds-server-framework-1.4.0-SNAPSHOT.jar:?]
	at org.apache.hadoop.ozone.protocolPB.OzoneManagerProtocolServerSideTranslatorPB.submitRequest(OzoneManagerProtocolServerSideTranslatorPB.java:148) [ozone-manager-1.4.0-SNAPSHOT.jar:?]
	at org.apache.hadoop.ozone.protocol.proto.OzoneManagerProtocolProtos$OzoneManagerService$2.callBlockingMethod(OzoneManagerProtocolProtos.java) [ozone-interface-client-1.4.0-SNAPSHOT.jar:?]
	at org.apache.hadoop.ipc.ProtobufRpcEngine$Server.processCall(ProtobufRpcEngine.java:484) [hadoop-common-3.3.6.jar:?]
	at org.apache.hadoop.ipc.ProtobufRpcEngine2$Server$ProtoBufRpcInvoker.call(ProtobufRpcEngine2.java:595) [hadoop-common-3.3.6.jar:?]
	at org.apache.hadoop.ipc.ProtobufRpcEngine2$Server$ProtoBufRpcInvoker.call(ProtobufRpcEngine2.java:573) [hadoop-common-3.3.6.jar:?]
	at org.apache.hadoop.ipc.RPC$Server.call(RPC.java:1227) [hadoop-common-3.3.6.jar:?]
	at org.apache.hadoop.ipc.Server$RpcCall.run(Server.java:1094) [hadoop-common-3.3.6.jar:?]
	at org.apache.hadoop.ipc.Server$RpcCall.run(Server.java:1017) [hadoop-common-3.3.6.jar:?]
	at java.security.AccessController.doPrivileged(Native Method) ~[?:1.8.0_382]
	at javax.security.auth.Subject.doAs(Subject.java:422) [?:1.8.0_382]
	at org.apache.hadoop.security.UserGroupInformation.doAs(UserGroupInformation.java:1899) [hadoop-common-3.3.6.jar:?]
	at org.apache.hadoop.ipc.Server$Handler.run(Server.java:3048) [hadoop-common-3.3.6.jar:?]
18:20:06.405 [IPC Server handler 16 on default port 15110] ERROR OMAudit - user=runner | ip=127.0.0.1 | op=GET_FILE_STATUS {volume=volume40966, bucket=bucket64934, key=gdir1/dir3, dataSize=0, replicationConfig=null} | ret=FAILURE
org.apache.hadoop.ozone.om.exceptions.OMException: Unable to get file status: volume: volume40966 bucket: bucket64934 key: gdir1/dir3
	at org.apache.hadoop.ozone.om.KeyManagerImpl.getOzoneFileStatus(KeyManagerImpl.java:1195) ~[ozone-manager-1.4.0-SNAPSHOT.jar:?]
	at org.apache.hadoop.ozone.om.KeyManagerImpl.getFileStatus(KeyManagerImpl.java:1113) ~[ozone-manager-1.4.0-SNAPSHOT.jar:?]
	at org.apache.hadoop.ozone.om.OmMetadataReader.getFileStatus(OmMetadataReader.java:262) ~[ozone-manager-1.4.0-SNAPSHOT.jar:?]
	at org.apache.hadoop.ozone.om.OzoneManager.getFileStatus(OzoneManager.java:3530) ~[ozone-manager-1.4.0-SNAPSHOT.jar:?]
	at org.apache.hadoop.ozone.protocolPB.OzoneManagerRequestHandler.getOzoneFileStatus(OzoneManagerRequestHandler.java:973) ~[ozone-manager-1.4.0-SNAPSHOT.jar:?]
	at org.apache.hadoop.ozone.protocolPB.OzoneManagerRequestHandler.handleReadRequest(OzoneManagerRequestHandler.java:252) ~[ozone-manager-1.4.0-SNAPSHOT.jar:?]
	at org.apache.hadoop.ozone.protocolPB.OzoneManagerProtocolServerSideTranslatorPB.submitReadRequestToOM(OzoneManagerProtocolServerSideTranslatorPB.java:225) ~[ozone-manager-1.4.0-SNAPSHOT.jar:?]
	at org.apache.hadoop.ozone.protocolPB.OzoneManagerProtocolServerSideTranslatorPB.processRequest(OzoneManagerProtocolServerSideTranslatorPB.java:179) ~[ozone-manager-1.4.0-SNAPSHOT.jar:?]
	at org.apache.hadoop.hdds.server.OzoneProtocolMessageDispatcher.processRequest(OzoneProtocolMessageDispatcher.java:87) [hdds-server-framework-1.4.0-SNAPSHOT.jar:?]
	at org.apache.hadoop.ozone.protocolPB.OzoneManagerProtocolServerSideTranslatorPB.submitRequest(OzoneManagerProtocolServerSideTranslatorPB.java:148) [ozone-manager-1.4.0-SNAPSHOT.jar:?]
	at org.apache.hadoop.ozone.protocol.proto.OzoneManagerProtocolProtos$OzoneManagerService$2.callBlockingMethod(OzoneManagerProtocolProtos.java) [ozone-interface-client-1.4.0-SNAPSHOT.jar:?]
	at org.apache.hadoop.ipc.ProtobufRpcEngine$Server.processCall(ProtobufRpcEngine.java:484) [hadoop-common-3.3.6.jar:?]
	at org.apache.hadoop.ipc.ProtobufRpcEngine2$Server$ProtoBufRpcInvoker.call(ProtobufRpcEngine2.java:595) [hadoop-common-3.3.6.jar:?]
	at org.apache.hadoop.ipc.ProtobufRpcEngine2$Server$ProtoBufRpcInvoker.call(ProtobufRpcEngine2.java:573) [hadoop-common-3.3.6.jar:?]
	at org.apache.hadoop.ipc.RPC$Server.call(RPC.java:1227) [hadoop-common-3.3.6.jar:?]
	at org.apache.hadoop.ipc.Server$RpcCall.run(Server.java:1094) [hadoop-common-3.3.6.jar:?]
	at org.apache.hadoop.ipc.Server$RpcCall.run(Server.java:1017) [hadoop-common-3.3.6.jar:?]
	at java.security.AccessController.doPrivileged(Native Method) ~[?:1.8.0_382]
	at javax.security.auth.Subject.doAs(Subject.java:422) [?:1.8.0_382]
	at org.apache.hadoop.security.UserGroupInformation.doAs(UserGroupInformation.java:1899) [hadoop-common-3.3.6.jar:?]
	at org.apache.hadoop.ipc.Server$Handler.run(Server.java:3048) [hadoop-common-3.3.6.jar:?]
18:20:06.406 [IPC Server handler 18 on default port 15110] ERROR OMAudit - user=runner | ip=127.0.0.1 | op=GET_FILE_STATUS {volume=volume40966, bucket=bucket64934, key=gdir1/dir3/child, dataSize=0, replicationConfig=null} | ret=FAILURE
org.apache.hadoop.ozone.om.exceptions.OMException: Unable to get file status: volume: volume40966 bucket: bucket64934 key: gdir1/dir3/child
	at org.apache.hadoop.ozone.om.KeyManagerImpl.getOzoneFileStatus(KeyManagerImpl.java:1195) ~[ozone-manager-1.4.0-SNAPSHOT.jar:?]
	at org.apache.hadoop.ozone.om.KeyManagerImpl.getFileStatus(KeyManagerImpl.java:1113) ~[ozone-manager-1.4.0-SNAPSHOT.jar:?]
	at org.apache.hadoop.ozone.om.OmMetadataReader.getFileStatus(OmMetadataReader.java:262) ~[ozone-manager-1.4.0-SNAPSHOT.jar:?]
	at org.apache.hadoop.ozone.om.OzoneManager.getFileStatus(OzoneManager.java:3530) ~[ozone-manager-1.4.0-SNAPSHOT.jar:?]
	at org.apache.hadoop.ozone.protocolPB.OzoneManagerRequestHandler.getOzoneFileStatus(OzoneManagerRequestHandler.java:973) ~[ozone-manager-1.4.0-SNAPSHOT.jar:?]
	at org.apache.hadoop.ozone.protocolPB.OzoneManagerRequestHandler.handleReadRequest(OzoneManagerRequestHandler.java:252) ~[ozone-manager-1.4.0-SNAPSHOT.jar:?]
	at org.apache.hadoop.ozone.protocolPB.OzoneManagerProtocolServerSideTranslatorPB.submitReadRequestToOM(OzoneManagerProtocolServerSideTranslatorPB.java:225) ~[ozone-manager-1.4.0-SNAPSHOT.jar:?]
	at org.apache.hadoop.ozone.protocolPB.OzoneManagerProtocolServerSideTranslatorPB.processRequest(OzoneManagerProtocolServerSideTranslatorPB.java:179) ~[ozone-manager-1.4.0-SNAPSHOT.jar:?]
	at org.apache.hadoop.hdds.server.OzoneProtocolMessageDispatcher.processRequest(OzoneProtocolMessageDispatcher.java:87) [hdds-server-framework-1.4.0-SNAPSHOT.jar:?]
	at org.apache.hadoop.ozone.protocolPB.OzoneManagerProtocolServerSideTranslatorPB.submitRequest(OzoneManagerProtocolServerSideTranslatorPB.java:148) [ozone-manager-1.4.0-SNAPSHOT.jar:?]
	at org.apache.hadoop.ozone.protocol.proto.OzoneManagerProtocolProtos$OzoneManagerService$2.callBlockingMethod(OzoneManagerProtocolProtos.java) [ozone-interface-client-1.4.0-SNAPSHOT.jar:?]
	at org.apache.hadoop.ipc.ProtobufRpcEngine$Server.processCall(ProtobufRpcEngine.java:484) [hadoop-common-3.3.6.jar:?]
	at org.apache.hadoop.ipc.ProtobufRpcEngine2$Server$ProtoBufRpcInvoker.call(ProtobufRpcEngine2.java:595) [hadoop-common-3.3.6.jar:?]
	at org.apache.hadoop.ipc.ProtobufRpcEngine2$Server$ProtoBufRpcInvoker.call(ProtobufRpcEngine2.java:573) [hadoop-common-3.3.6.jar:?]
	at org.apache.hadoop.ipc.RPC$Server.call(RPC.java:1227) [hadoop-common-3.3.6.jar:?]
	at org.apache.hadoop.ipc.Server$RpcCall.run(Server.java:1094) [hadoop-common-3.3.6.jar:?]
	at org.apache.hadoop.ipc.Server$RpcCall.run(Server.java:1017) [hadoop-common-3.3.6.jar:?]
	at java.security.AccessController.doPrivileged(Native Method) ~[?:1.8.0_382]
	at javax.security.auth.Subject.doAs(Subject.java:422) [?:1.8.0_382]
	at org.apache.hadoop.security.UserGroupInformation.doAs(UserGroupInformation.java:1899) [hadoop-common-3.3.6.jar:?]
	at org.apache.hadoop.ipc.Server$Handler.run(Server.java:3048) [hadoop-common-3.3.6.jar:?]
18:20:06.407 [IPC Server handler 8 on default port 15110] ERROR OMAudit - user=runner | ip=127.0.0.1 | op=GET_FILE_STATUS {volume=volume40966, bucket=bucket64934, key=gdir1/dir4, dataSize=0, replicationConfig=null} | ret=FAILURE
org.apache.hadoop.ozone.om.exceptions.OMException: Unable to get file status: volume: volume40966 bucket: bucket64934 key: gdir1/dir4
	at org.apache.hadoop.ozone.om.KeyManagerImpl.getOzoneFileStatus(KeyManagerImpl.java:1195) ~[ozone-manager-1.4.0-SNAPSHOT.jar:?]
	at org.apache.hadoop.ozone.om.KeyManagerImpl.getFileStatus(KeyManagerImpl.java:1113) ~[ozone-manager-1.4.0-SNAPSHOT.jar:?]
	at org.apache.hadoop.ozone.om.OmMetadataReader.getFileStatus(OmMetadataReader.java:262) ~[ozone-manager-1.4.0-SNAPSHOT.jar:?]
	at org.apache.hadoop.ozone.om.OzoneManager.getFileStatus(OzoneManager.java:3530) ~[ozone-manager-1.4.0-SNAPSHOT.jar:?]
	at org.apache.hadoop.ozone.protocolPB.OzoneManagerRequestHandler.getOzoneFileStatus(OzoneManagerRequestHandler.java:973) ~[ozone-manager-1.4.0-SNAPSHOT.jar:?]
	at org.apache.hadoop.ozone.protocolPB.OzoneManagerRequestHandler.handleReadRequest(OzoneManagerRequestHandler.java:252) ~[ozone-manager-1.4.0-SNAPSHOT.jar:?]
	at org.apache.hadoop.ozone.protocolPB.OzoneManagerProtocolServerSideTranslatorPB.submitReadRequestToOM(OzoneManagerProtocolServerSideTranslatorPB.java:225) ~[ozone-manager-1.4.0-SNAPSHOT.jar:?]
	at org.apache.hadoop.ozone.protocolPB.OzoneManagerProtocolServerSideTranslatorPB.processRequest(OzoneManagerProtocolServerSideTranslatorPB.java:179) ~[ozone-manager-1.4.0-SNAPSHOT.jar:?]
	at org.apache.hadoop.hdds.server.OzoneProtocolMessageDispatcher.processRequest(OzoneProtocolMessageDispatcher.java:87) [hdds-server-framework-1.4.0-SNAPSHOT.jar:?]
	at org.apache.hadoop.ozone.protocolPB.OzoneManagerProtocolServerSideTranslatorPB.submitRequest(OzoneManagerProtocolServerSideTranslatorPB.java:148) [ozone-manager-1.4.0-SNAPSHOT.jar:?]
	at org.apache.hadoop.ozone.protocol.proto.OzoneManagerProtocolProtos$OzoneManagerService$2.callBlockingMethod(OzoneManagerProtocolProtos.java) [ozone-interface-client-1.4.0-SNAPSHOT.jar:?]
	at org.apache.hadoop.ipc.ProtobufRpcEngine$Server.processCall(ProtobufRpcEngine.java:484) [hadoop-common-3.3.6.jar:?]
	at org.apache.hadoop.ipc.ProtobufRpcEngine2$Server$ProtoBufRpcInvoker.call(ProtobufRpcEngine2.java:595) [hadoop-common-3.3.6.jar:?]
	at org.apache.hadoop.ipc.ProtobufRpcEngine2$Server$ProtoBufRpcInvoker.call(ProtobufRpcEngine2.java:573) [hadoop-common-3.3.6.jar:?]
	at org.apache.hadoop.ipc.RPC$Server.call(RPC.java:1227) [hadoop-common-3.3.6.jar:?]
	at org.apache.hadoop.ipc.Server$RpcCall.run(Server.java:1094) [hadoop-common-3.3.6.jar:?]
	at org.apache.hadoop.ipc.Server$RpcCall.run(Server.java:1017) [hadoop-common-3.3.6.jar:?]
	at java.security.AccessController.doPrivileged(Native Method) ~[?:1.8.0_382]
	at javax.security.auth.Subject.doAs(Subject.java:422) [?:1.8.0_382]
	at org.apache.hadoop.security.UserGroupInformation.doAs(UserGroupInformation.java:1899) [hadoop-common-3.3.6.jar:?]
	at org.apache.hadoop.ipc.Server$Handler.run(Server.java:3048) [hadoop-common-3.3.6.jar:?]
18:20:06.408 [IPC Server handler 19 on default port 15110] ERROR OMAudit - user=runner | ip=127.0.0.1 | op=GET_FILE_STATUS {volume=volume40966, bucket=bucket64934, key=gdir1/dir4/child, dataSize=0, replicationConfig=null} | ret=FAILURE
org.apache.hadoop.ozone.om.exceptions.OMException: Unable to get file status: volume: volume40966 bucket: bucket64934 key: gdir1/dir4/child
	at org.apache.hadoop.ozone.om.KeyManagerImpl.getOzoneFileStatus(KeyManagerImpl.java:1195) ~[ozone-manager-1.4.0-SNAPSHOT.jar:?]
	at org.apache.hadoop.ozone.om.KeyManagerImpl.getFileStatus(KeyManagerImpl.java:1113) ~[ozone-manager-1.4.0-SNAPSHOT.jar:?]
	at org.apache.hadoop.ozone.om.OmMetadataReader.getFileStatus(OmMetadataReader.java:262) ~[ozone-manager-1.4.0-SNAPSHOT.jar:?]
	at org.apache.hadoop.ozone.om.OzoneManager.getFileStatus(OzoneManager.java:3530) ~[ozone-manager-1.4.0-SNAPSHOT.jar:?]
	at org.apache.hadoop.ozone.protocolPB.OzoneManagerRequestHandler.getOzoneFileStatus(OzoneManagerRequestHandler.java:973) ~[ozone-manager-1.4.0-SNAPSHOT.jar:?]
	at org.apache.hadoop.ozone.protocolPB.OzoneManagerRequestHandler.handleReadRequest(OzoneManagerRequestHandler.java:252) ~[ozone-manager-1.4.0-SNAPSHOT.jar:?]
	at org.apache.hadoop.ozone.protocolPB.OzoneManagerProtocolServerSideTranslatorPB.submitReadRequestToOM(OzoneManagerProtocolServerSideTranslatorPB.java:225) ~[ozone-manager-1.4.0-SNAPSHOT.jar:?]
	at org.apache.hadoop.ozone.protocolPB.OzoneManagerProtocolServerSideTranslatorPB.processRequest(OzoneManagerProtocolServerSideTranslatorPB.java:179) ~[ozone-manager-1.4.0-SNAPSHOT.jar:?]
	at org.apache.hadoop.hdds.server.OzoneProtocolMessageDispatcher.processRequest(OzoneProtocolMessageDispatcher.java:87) [hdds-server-framework-1.4.0-SNAPSHOT.jar:?]
	at org.apache.hadoop.ozone.protocolPB.OzoneManagerProtocolServerSideTranslatorPB.submitRequest(OzoneManagerProtocolServerSideTranslatorPB.java:148) [ozone-manager-1.4.0-SNAPSHOT.jar:?]
	at org.apache.hadoop.ozone.protocol.proto.OzoneManagerProtocolProtos$OzoneManagerService$2.callBlockingMethod(OzoneManagerProtocolProtos.java) [ozone-interface-client-1.4.0-SNAPSHOT.jar:?]
	at org.apache.hadoop.ipc.ProtobufRpcEngine$Server.processCall(ProtobufRpcEngine.java:484) [hadoop-common-3.3.6.jar:?]
	at org.apache.hadoop.ipc.ProtobufRpcEngine2$Server$ProtoBufRpcInvoker.call(ProtobufRpcEngine2.java:595) [hadoop-common-3.3.6.jar:?]
	at org.apache.hadoop.ipc.ProtobufRpcEngine2$Server$ProtoBufRpcInvoker.call(ProtobufRpcEngine2.java:573) [hadoop-common-3.3.6.jar:?]
	at org.apache.hadoop.ipc.RPC$Server.call(RPC.java:1227) [hadoop-common-3.3.6.jar:?]
	at org.apache.hadoop.ipc.Server$RpcCall.run(Server.java:1094) [hadoop-common-3.3.6.jar:?]
	at org.apache.hadoop.ipc.Server$RpcCall.run(Server.java:1017) [hadoop-common-3.3.6.jar:?]
	at java.security.AccessController.doPrivileged(Native Method) ~[?:1.8.0_382]
	at javax.security.auth.Subject.doAs(Subject.java:422) [?:1.8.0_382]
	at org.apache.hadoop.security.UserGroupInformation.doAs(UserGroupInformation.java:1899) [hadoop-common-3.3.6.jar:?]
	at org.apache.hadoop.ipc.Server$Handler.run(Server.java:3048) [hadoop-common-3.3.6.jar:?]
18:20:06.409 [IPC Server handler 0 on default port 15110] ERROR OMAudit - user=runner | ip=127.0.0.1 | op=GET_FILE_STATUS {volume=volume40966, bucket=bucket64934, key=gdir1/dir5, dataSize=0, replicationConfig=null} | ret=FAILURE
org.apache.hadoop.ozone.om.exceptions.OMException: Unable to get file status: volume: volume40966 bucket: bucket64934 key: gdir1/dir5
	at org.apache.hadoop.ozone.om.KeyManagerImpl.getOzoneFileStatus(KeyManagerImpl.java:1195) ~[ozone-manager-1.4.0-SNAPSHOT.jar:?]
	at org.apache.hadoop.ozone.om.KeyManagerImpl.getFileStatus(KeyManagerImpl.java:1113) ~[ozone-manager-1.4.0-SNAPSHOT.jar:?]
	at org.apache.hadoop.ozone.om.OmMetadataReader.getFileStatus(OmMetadataReader.java:262) ~[ozone-manager-1.4.0-SNAPSHOT.jar:?]
	at org.apache.hadoop.ozone.om.OzoneManager.getFileStatus(OzoneManager.java:3530) ~[ozone-manager-1.4.0-SNAPSHOT.jar:?]
	at org.apache.hadoop.ozone.protocolPB.OzoneManagerRequestHandler.getOzoneFileStatus(OzoneManagerRequestHandler.java:973) ~[ozone-manager-1.4.0-SNAPSHOT.jar:?]
	at org.apache.hadoop.ozone.protocolPB.OzoneManagerRequestHandler.handleReadRequest(OzoneManagerRequestHandler.java:252) ~[ozone-manager-1.4.0-SNAPSHOT.jar:?]
	at org.apache.hadoop.ozone.protocolPB.OzoneManagerProtocolServerSideTranslatorPB.submitReadRequestToOM(OzoneManagerProtocolServerSideTranslatorPB.java:225) ~[ozone-manager-1.4.0-SNAPSHOT.jar:?]
	at org.apache.hadoop.ozone.protocolPB.OzoneManagerProtocolServerSideTranslatorPB.processRequest(OzoneManagerProtocolServerSideTranslatorPB.java:179) ~[ozone-manager-1.4.0-SNAPSHOT.jar:?]
	at org.apache.hadoop.hdds.server.OzoneProtocolMessageDispatcher.processRequest(OzoneProtocolMessageDispatcher.java:87) [hdds-server-framework-1.4.0-SNAPSHOT.jar:?]
	at org.apache.hadoop.ozone.protocolPB.OzoneManagerProtocolServerSideTranslatorPB.submitRequest(OzoneManagerProtocolServerSideTranslatorPB.java:148) [ozone-manager-1.4.0-SNAPSHOT.jar:?]
	at org.apache.hadoop.ozone.protocol.proto.OzoneManagerProtocolProtos$OzoneManagerService$2.callBlockingMethod(OzoneManagerProtocolProtos.java) [ozone-interface-client-1.4.0-SNAPSHOT.jar:?]
	at org.apache.hadoop.ipc.ProtobufRpcEngine$Server.processCall(ProtobufRpcEngine.java:484) [hadoop-common-3.3.6.jar:?]
	at org.apache.hadoop.ipc.ProtobufRpcEngine2$Server$ProtoBufRpcInvoker.call(ProtobufRpcEngine2.java:595) [hadoop-common-3.3.6.jar:?]
	at org.apache.hadoop.ipc.ProtobufRpcEngine2$Server$ProtoBufRpcInvoker.call(ProtobufRpcEngine2.java:573) [hadoop-common-3.3.6.jar:?]
	at org.apache.hadoop.ipc.RPC$Server.call(RPC.java:1227) [hadoop-common-3.3.6.jar:?]
	at org.apache.hadoop.ipc.Server$RpcCall.run(Server.java:1094) [hadoop-common-3.3.6.jar:?]
	at org.apache.hadoop.ipc.Server$RpcCall.run(Server.java:1017) [hadoop-common-3.3.6.jar:?]
	at java.security.AccessController.doPrivileged(Native Method) ~[?:1.8.0_382]
	at javax.security.auth.Subject.doAs(Subject.java:422) [?:1.8.0_382]
	at org.apache.hadoop.security.UserGroupInformation.doAs(UserGroupInformation.java:1899) [hadoop-common-3.3.6.jar:?]
	at org.apache.hadoop.ipc.Server$Handler.run(Server.java:3048) [hadoop-common-3.3.6.jar:?]
18:20:06.413 [IPC Server handler 4 on default port 15110] ERROR OMAudit - user=runner | ip=127.0.0.1 | op=GET_FILE_STATUS {volume=volume40966, bucket=bucket64934, key=gdir1/dir5/child, dataSize=0, replicationConfig=null} | ret=FAILURE
org.apache.hadoop.ozone.om.exceptions.OMException: Unable to get file status: volume: volume40966 bucket: bucket64934 key: gdir1/dir5/child
	at org.apache.hadoop.ozone.om.KeyManagerImpl.getOzoneFileStatus(KeyManagerImpl.java:1195) ~[ozone-manager-1.4.0-SNAPSHOT.jar:?]
	at org.apache.hadoop.ozone.om.KeyManagerImpl.getFileStatus(KeyManagerImpl.java:1113) ~[ozone-manager-1.4.0-SNAPSHOT.jar:?]
	at org.apache.hadoop.ozone.om.OmMetadataReader.getFileStatus(OmMetadataReader.java:262) ~[ozone-manager-1.4.0-SNAPSHOT.jar:?]
	at org.apache.hadoop.ozone.om.OzoneManager.getFileStatus(OzoneManager.java:3530) ~[ozone-manager-1.4.0-SNAPSHOT.jar:?]
	at org.apache.hadoop.ozone.protocolPB.OzoneManagerRequestHandler.getOzoneFileStatus(OzoneManagerRequestHandler.java:973) ~[ozone-manager-1.4.0-SNAPSHOT.jar:?]
	at org.apache.hadoop.ozone.protocolPB.OzoneManagerRequestHandler.handleReadRequest(OzoneManagerRequestHandler.java:252) ~[ozone-manager-1.4.0-SNAPSHOT.jar:?]
	at org.apache.hadoop.ozone.protocolPB.OzoneManagerProtocolServerSideTranslatorPB.submitReadRequestToOM(OzoneManagerProtocolServerSideTranslatorPB.java:225) ~[ozone-manager-1.4.0-SNAPSHOT.jar:?]
	at org.apache.hadoop.ozone.protocolPB.OzoneManagerProtocolServerSideTranslatorPB.processRequest(OzoneManagerProtocolServerSideTranslatorPB.java:179) ~[ozone-manager-1.4.0-SNAPSHOT.jar:?]
	at org.apache.hadoop.hdds.server.OzoneProtocolMessageDispatcher.processRequest(OzoneProtocolMessageDispatcher.java:87) [hdds-server-framework-1.4.0-SNAPSHOT.jar:?]
	at org.apache.hadoop.ozone.protocolPB.OzoneManagerProtocolServerSideTranslatorPB.submitRequest(OzoneManagerProtocolServerSideTranslatorPB.java:148) [ozone-manager-1.4.0-SNAPSHOT.jar:?]
	at org.apache.hadoop.ozone.protocol.proto.OzoneManagerProtocolProtos$OzoneManagerService$2.callBlockingMethod(OzoneManagerProtocolProtos.java) [ozone-interface-client-1.4.0-SNAPSHOT.jar:?]
	at org.apache.hadoop.ipc.ProtobufRpcEngine$Server.processCall(ProtobufRpcEngine.java:484) [hadoop-common-3.3.6.jar:?]
	at org.apache.hadoop.ipc.ProtobufRpcEngine2$Server$ProtoBufRpcInvoker.call(ProtobufRpcEngine2.java:595) [hadoop-common-3.3.6.jar:?]
	at org.apache.hadoop.ipc.ProtobufRpcEngine2$Server$ProtoBufRpcInvoker.call(ProtobufRpcEngine2.java:573) [hadoop-common-3.3.6.jar:?]
	at org.apache.hadoop.ipc.RPC$Server.call(RPC.java:1227) [hadoop-common-3.3.6.jar:?]
	at org.apache.hadoop.ipc.Server$RpcCall.run(Server.java:1094) [hadoop-common-3.3.6.jar:?]
	at org.apache.hadoop.ipc.Server$RpcCall.run(Server.java:1017) [hadoop-common-3.3.6.jar:?]
	at java.security.AccessController.doPrivileged(Native Method) ~[?:1.8.0_382]
	at javax.security.auth.Subject.doAs(Subject.java:422) [?:1.8.0_382]
	at org.apache.hadoop.security.UserGroupInformation.doAs(UserGroupInformation.java:1899) [hadoop-common-3.3.6.jar:?]
	at org.apache.hadoop.ipc.Server$Handler.run(Server.java:3048) [hadoop-common-3.3.6.jar:?]
18:20:06.414 [IPC Server handler 3 on default port 15110] ERROR OMAudit - user=runner | ip=127.0.0.1 | op=GET_FILE_STATUS {volume=volume40966, bucket=bucket64934, key=gdir1/dir6, dataSize=0, replicationConfig=null} | ret=FAILURE
org.apache.hadoop.ozone.om.exceptions.OMException: Unable to get file status: volume: volume40966 bucket: bucket64934 key: gdir1/dir6
	at org.apache.hadoop.ozone.om.KeyManagerImpl.getOzoneFileStatus(KeyManagerImpl.java:1195) ~[ozone-manager-1.4.0-SNAPSHOT.jar:?]
	at org.apache.hadoop.ozone.om.KeyManagerImpl.getFileStatus(KeyManagerImpl.java:1113) ~[ozone-manager-1.4.0-SNAPSHOT.jar:?]
	at org.apache.hadoop.ozone.om.OmMetadataReader.getFileStatus(OmMetadataReader.java:262) ~[ozone-manager-1.4.0-SNAPSHOT.jar:?]
	at org.apache.hadoop.ozone.om.OzoneManager.getFileStatus(OzoneManager.java:3530) ~[ozone-manager-1.4.0-SNAPSHOT.jar:?]
	at org.apache.hadoop.ozone.protocolPB.OzoneManagerRequestHandler.getOzoneFileStatus(OzoneManagerRequestHandler.java:973) ~[ozone-manager-1.4.0-SNAPSHOT.jar:?]
	at org.apache.hadoop.ozone.protocolPB.OzoneManagerRequestHandler.handleReadRequest(OzoneManagerRequestHandler.java:252) ~[ozone-manager-1.4.0-SNAPSHOT.jar:?]
	at org.apache.hadoop.ozone.protocolPB.OzoneManagerProtocolServerSideTranslatorPB.submitReadRequestToOM(OzoneManagerProtocolServerSideTranslatorPB.java:225) ~[ozone-manager-1.4.0-SNAPSHOT.jar:?]
	at org.apache.hadoop.ozone.protocolPB.OzoneManagerProtocolServerSideTranslatorPB.processRequest(OzoneManagerProtocolServerSideTranslatorPB.java:179) ~[ozone-manager-1.4.0-SNAPSHOT.jar:?]
	at org.apache.hadoop.hdds.server.OzoneProtocolMessageDispatcher.processRequest(OzoneProtocolMessageDispatcher.java:87) [hdds-server-framework-1.4.0-SNAPSHOT.jar:?]
	at org.apache.hadoop.ozone.protocolPB.OzoneManagerProtocolServerSideTranslatorPB.submitRequest(OzoneManagerProtocolServerSideTranslatorPB.java:148) [ozone-manager-1.4.0-SNAPSHOT.jar:?]
	at org.apache.hadoop.ozone.protocol.proto.OzoneManagerProtocolProtos$OzoneManagerService$2.callBlockingMethod(OzoneManagerProtocolProtos.java) [ozone-interface-client-1.4.0-SNAPSHOT.jar:?]
	at org.apache.hadoop.ipc.ProtobufRpcEngine$Server.processCall(ProtobufRpcEngine.java:484) [hadoop-common-3.3.6.jar:?]
	at org.apache.hadoop.ipc.ProtobufRpcEngine2$Server$ProtoBufRpcInvoker.call(ProtobufRpcEngine2.java:595) [hadoop-common-3.3.6.jar:?]
	at org.apache.hadoop.ipc.ProtobufRpcEngine2$Server$ProtoBufRpcInvoker.call(ProtobufRpcEngine2.java:573) [hadoop-common-3.3.6.jar:?]
	at org.apache.hadoop.ipc.RPC$Server.call(RPC.java:1227) [hadoop-common-3.3.6.jar:?]
	at org.apache.hadoop.ipc.Server$RpcCall.run(Server.java:1094) [hadoop-common-3.3.6.jar:?]
	at org.apache.hadoop.ipc.Server$RpcCall.run(Server.java:1017) [hadoop-common-3.3.6.jar:?]
	at java.security.AccessController.doPrivileged(Native Method) ~[?:1.8.0_382]
	at javax.security.auth.Subject.doAs(Subject.java:422) [?:1.8.0_382]
	at org.apache.hadoop.security.UserGroupInformation.doAs(UserGroupInformation.java:1899) [hadoop-common-3.3.6.jar:?]
	at org.apache.hadoop.ipc.Server$Handler.run(Server.java:3048) [hadoop-common-3.3.6.jar:?]
18:20:06.415 [IPC Server handler 2 on default port 15110] ERROR OMAudit - user=runner | ip=127.0.0.1 | op=GET_FILE_STATUS {volume=volume40966, bucket=bucket64934, key=gdir1/dir6/child, dataSize=0, replicationConfig=null} | ret=FAILURE
org.apache.hadoop.ozone.om.exceptions.OMException: Unable to get file status: volume: volume40966 bucket: bucket64934 key: gdir1/dir6/child
	at org.apache.hadoop.ozone.om.KeyManagerImpl.getOzoneFileStatus(KeyManagerImpl.java:1195) ~[ozone-manager-1.4.0-SNAPSHOT.jar:?]
	at org.apache.hadoop.ozone.om.KeyManagerImpl.getFileStatus(KeyManagerImpl.java:1113) ~[ozone-manager-1.4.0-SNAPSHOT.jar:?]
	at org.apache.hadoop.ozone.om.OmMetadataReader.getFileStatus(OmMetadataReader.java:262) ~[ozone-manager-1.4.0-SNAPSHOT.jar:?]
	at org.apache.hadoop.ozone.om.OzoneManager.getFileStatus(OzoneManager.java:3530) ~[ozone-manager-1.4.0-SNAPSHOT.jar:?]
	at org.apache.hadoop.ozone.protocolPB.OzoneManagerRequestHandler.getOzoneFileStatus(OzoneManagerRequestHandler.java:973) ~[ozone-manager-1.4.0-SNAPSHOT.jar:?]
	at org.apache.hadoop.ozone.protocolPB.OzoneManagerRequestHandler.handleReadRequest(OzoneManagerRequestHandler.java:252) ~[ozone-manager-1.4.0-SNAPSHOT.jar:?]
	at org.apache.hadoop.ozone.protocolPB.OzoneManagerProtocolServerSideTranslatorPB.submitReadRequestToOM(OzoneManagerProtocolServerSideTranslatorPB.java:225) ~[ozone-manager-1.4.0-SNAPSHOT.jar:?]
	at org.apache.hadoop.ozone.protocolPB.OzoneManagerProtocolServerSideTranslatorPB.processRequest(OzoneManagerProtocolServerSideTranslatorPB.java:179) ~[ozone-manager-1.4.0-SNAPSHOT.jar:?]
	at org.apache.hadoop.hdds.server.OzoneProtocolMessageDispatcher.processRequest(OzoneProtocolMessageDispatcher.java:87) [hdds-server-framework-1.4.0-SNAPSHOT.jar:?]
	at org.apache.hadoop.ozone.protocolPB.OzoneManagerProtocolServerSideTranslatorPB.submitRequest(OzoneManagerProtocolServerSideTranslatorPB.java:148) [ozone-manager-1.4.0-SNAPSHOT.jar:?]
	at org.apache.hadoop.ozone.protocol.proto.OzoneManagerProtocolProtos$OzoneManagerService$2.callBlockingMethod(OzoneManagerProtocolProtos.java) [ozone-interface-client-1.4.0-SNAPSHOT.jar:?]
	at org.apache.hadoop.ipc.ProtobufRpcEngine$Server.processCall(ProtobufRpcEngine.java:484) [hadoop-common-3.3.6.jar:?]
	at org.apache.hadoop.ipc.ProtobufRpcEngine2$Server$ProtoBufRpcInvoker.call(ProtobufRpcEngine2.java:595) [hadoop-common-3.3.6.jar:?]
	at org.apache.hadoop.ipc.ProtobufRpcEngine2$Server$ProtoBufRpcInvoker.call(ProtobufRpcEngine2.java:573) [hadoop-common-3.3.6.jar:?]
	at org.apache.hadoop.ipc.RPC$Server.call(RPC.java:1227) [hadoop-common-3.3.6.jar:?]
	at org.apache.hadoop.ipc.Server$RpcCall.run(Server.java:1094) [hadoop-common-3.3.6.jar:?]
	at org.apache.hadoop.ipc.Server$RpcCall.run(Server.java:1017) [hadoop-common-3.3.6.jar:?]
	at java.security.AccessController.doPrivileged(Native Method) ~[?:1.8.0_382]
	at javax.security.auth.Subject.doAs(Subject.java:422) [?:1.8.0_382]
	at org.apache.hadoop.security.UserGroupInformation.doAs(UserGroupInformation.java:1899) [hadoop-common-3.3.6.jar:?]
	at org.apache.hadoop.ipc.Server$Handler.run(Server.java:3048) [hadoop-common-3.3.6.jar:?]
18:20:06.416 [IPC Server handler 7 on default port 15110] ERROR OMAudit - user=runner | ip=127.0.0.1 | op=GET_FILE_STATUS {volume=volume40966, bucket=bucket64934, key=gdir1/dir7, dataSize=0, replicationConfig=null} | ret=FAILURE
org.apache.hadoop.ozone.om.exceptions.OMException: Unable to get file status: volume: volume40966 bucket: bucket64934 key: gdir1/dir7
	at org.apache.hadoop.ozone.om.KeyManagerImpl.getOzoneFileStatus(KeyManagerImpl.java:1195) ~[ozone-manager-1.4.0-SNAPSHOT.jar:?]
	at org.apache.hadoop.ozone.om.KeyManagerImpl.getFileStatus(KeyManagerImpl.java:1113) ~[ozone-manager-1.4.0-SNAPSHOT.jar:?]
	at org.apache.hadoop.ozone.om.OmMetadataReader.getFileStatus(OmMetadataReader.java:262) ~[ozone-manager-1.4.0-SNAPSHOT.jar:?]
	at org.apache.hadoop.ozone.om.OzoneManager.getFileStatus(OzoneManager.java:3530) ~[ozone-manager-1.4.0-SNAPSHOT.jar:?]
	at org.apache.hadoop.ozone.protocolPB.OzoneManagerRequestHandler.getOzoneFileStatus(OzoneManagerRequestHandler.java:973) ~[ozone-manager-1.4.0-SNAPSHOT.jar:?]
	at org.apache.hadoop.ozone.protocolPB.OzoneManagerRequestHandler.handleReadRequest(OzoneManagerRequestHandler.java:252) ~[ozone-manager-1.4.0-SNAPSHOT.jar:?]
	at org.apache.hadoop.ozone.protocolPB.OzoneManagerProtocolServerSideTranslatorPB.submitReadRequestToOM(OzoneManagerProtocolServerSideTranslatorPB.java:225) ~[ozone-manager-1.4.0-SNAPSHOT.jar:?]
	at org.apache.hadoop.ozone.protocolPB.OzoneManagerProtocolServerSideTranslatorPB.processRequest(OzoneManagerProtocolServerSideTranslatorPB.java:179) ~[ozone-manager-1.4.0-SNAPSHOT.jar:?]
	at org.apache.hadoop.hdds.server.OzoneProtocolMessageDispatcher.processRequest(OzoneProtocolMessageDispatcher.java:87) [hdds-server-framework-1.4.0-SNAPSHOT.jar:?]
	at org.apache.hadoop.ozone.protocolPB.OzoneManagerProtocolServerSideTranslatorPB.submitRequest(OzoneManagerProtocolServerSideTranslatorPB.java:148) [ozone-manager-1.4.0-SNAPSHOT.jar:?]
	at org.apache.hadoop.ozone.protocol.proto.OzoneManagerProtocolProtos$OzoneManagerService$2.callBlockingMethod(OzoneManagerProtocolProtos.java) [ozone-interface-client-1.4.0-SNAPSHOT.jar:?]
	at org.apache.hadoop.ipc.ProtobufRpcEngine$Server.processCall(ProtobufRpcEngine.java:484) [hadoop-common-3.3.6.jar:?]
	at org.apache.hadoop.ipc.ProtobufRpcEngine2$Server$ProtoBufRpcInvoker.call(ProtobufRpcEngine2.java:595) [hadoop-common-3.3.6.jar:?]
	at org.apache.hadoop.ipc.ProtobufRpcEngine2$Server$ProtoBufRpcInvoker.call(ProtobufRpcEngine2.java:573) [hadoop-common-3.3.6.jar:?]
	at org.apache.hadoop.ipc.RPC$Server.call(RPC.java:1227) [hadoop-common-3.3.6.jar:?]
	at org.apache.hadoop.ipc.Server$RpcCall.run(Server.java:1094) [hadoop-common-3.3.6.jar:?]
	at org.apache.hadoop.ipc.Server$RpcCall.run(Server.java:1017) [hadoop-common-3.3.6.jar:?]
	at java.security.AccessController.doPrivileged(Native Method) ~[?:1.8.0_382]
	at javax.security.auth.Subject.doAs(Subject.java:422) [?:1.8.0_382]
	at org.apache.hadoop.security.UserGroupInformation.doAs(UserGroupInformation.java:1899) [hadoop-common-3.3.6.jar:?]
	at org.apache.hadoop.ipc.Server$Handler.run(Server.java:3048) [hadoop-common-3.3.6.jar:?]
18:20:06.417 [IPC Server handler 5 on default port 15110] ERROR OMAudit - user=runner | ip=127.0.0.1 | op=GET_FILE_STATUS {volume=volume40966, bucket=bucket64934, key=gdir1/dir7/child, dataSize=0, replicationConfig=null} | ret=FAILURE
org.apache.hadoop.ozone.om.exceptions.OMException: Unable to get file status: volume: volume40966 bucket: bucket64934 key: gdir1/dir7/child
	at org.apache.hadoop.ozone.om.KeyManagerImpl.getOzoneFileStatus(KeyManagerImpl.java:1195) ~[ozone-manager-1.4.0-SNAPSHOT.jar:?]
	at org.apache.hadoop.ozone.om.KeyManagerImpl.getFileStatus(KeyManagerImpl.java:1113) ~[ozone-manager-1.4.0-SNAPSHOT.jar:?]
	at org.apache.hadoop.ozone.om.OmMetadataReader.getFileStatus(OmMetadataReader.java:262) ~[ozone-manager-1.4.0-SNAPSHOT.jar:?]
	at org.apache.hadoop.ozone.om.OzoneManager.getFileStatus(OzoneManager.java:3530) ~[ozone-manager-1.4.0-SNAPSHOT.jar:?]
	at org.apache.hadoop.ozone.protocolPB.OzoneManagerRequestHandler.getOzoneFileStatus(OzoneManagerRequestHandler.java:973) ~[ozone-manager-1.4.0-SNAPSHOT.jar:?]
	at org.apache.hadoop.ozone.protocolPB.OzoneManagerRequestHandler.handleReadRequest(OzoneManagerRequestHandler.java:252) ~[ozone-manager-1.4.0-SNAPSHOT.jar:?]
	at org.apache.hadoop.ozone.protocolPB.OzoneManagerProtocolServerSideTranslatorPB.submitReadRequestToOM(OzoneManagerProtocolServerSideTranslatorPB.java:225) ~[ozone-manager-1.4.0-SNAPSHOT.jar:?]
	at org.apache.hadoop.ozone.protocolPB.OzoneManagerProtocolServerSideTranslatorPB.processRequest(OzoneManagerProtocolServerSideTranslatorPB.java:179) ~[ozone-manager-1.4.0-SNAPSHOT.jar:?]
	at org.apache.hadoop.hdds.server.OzoneProtocolMessageDispatcher.processRequest(OzoneProtocolMessageDispatcher.java:87) [hdds-server-framework-1.4.0-SNAPSHOT.jar:?]
	at org.apache.hadoop.ozone.protocolPB.OzoneManagerProtocolServerSideTranslatorPB.submitRequest(OzoneManagerProtocolServerSideTranslatorPB.java:148) [ozone-manager-1.4.0-SNAPSHOT.jar:?]
	at org.apache.hadoop.ozone.protocol.proto.OzoneManagerProtocolProtos$OzoneManagerService$2.callBlockingMethod(OzoneManagerProtocolProtos.java) [ozone-interface-client-1.4.0-SNAPSHOT.jar:?]
	at org.apache.hadoop.ipc.ProtobufRpcEngine$Server.processCall(ProtobufRpcEngine.java:484) [hadoop-common-3.3.6.jar:?]
	at org.apache.hadoop.ipc.ProtobufRpcEngine2$Server$ProtoBufRpcInvoker.call(ProtobufRpcEngine2.java:595) [hadoop-common-3.3.6.jar:?]
	at org.apache.hadoop.ipc.ProtobufRpcEngine2$Server$ProtoBufRpcInvoker.call(ProtobufRpcEngine2.java:573) [hadoop-common-3.3.6.jar:?]
	at org.apache.hadoop.ipc.RPC$Server.call(RPC.java:1227) [hadoop-common-3.3.6.jar:?]
	at org.apache.hadoop.ipc.Server$RpcCall.run(Server.java:1094) [hadoop-common-3.3.6.jar:?]
	at org.apache.hadoop.ipc.Server$RpcCall.run(Server.java:1017) [hadoop-common-3.3.6.jar:?]
	at java.security.AccessController.doPrivileged(Native Method) ~[?:1.8.0_382]
	at javax.security.auth.Subject.doAs(Subject.java:422) [?:1.8.0_382]
	at org.apache.hadoop.security.UserGroupInformation.doAs(UserGroupInformation.java:1899) [hadoop-common-3.3.6.jar:?]
	at org.apache.hadoop.ipc.Server$Handler.run(Server.java:3048) [hadoop-common-3.3.6.jar:?]
18:20:06.418 [IPC Server handler 10 on default port 15110] ERROR OMAudit - user=runner | ip=127.0.0.1 | op=GET_FILE_STATUS {volume=volume40966, bucket=bucket64934, key=gdir1/dir8, dataSize=0, replicationConfig=null} | ret=FAILURE
org.apache.hadoop.ozone.om.exceptions.OMException: Unable to get file status: volume: volume40966 bucket: bucket64934 key: gdir1/dir8
	at org.apache.hadoop.ozone.om.KeyManagerImpl.getOzoneFileStatus(KeyManagerImpl.java:1195) ~[ozone-manager-1.4.0-SNAPSHOT.jar:?]
	at org.apache.hadoop.ozone.om.KeyManagerImpl.getFileStatus(KeyManagerImpl.java:1113) ~[ozone-manager-1.4.0-SNAPSHOT.jar:?]
	at org.apache.hadoop.ozone.om.OmMetadataReader.getFileStatus(OmMetadataReader.java:262) ~[ozone-manager-1.4.0-SNAPSHOT.jar:?]
	at org.apache.hadoop.ozone.om.OzoneManager.getFileStatus(OzoneManager.java:3530) ~[ozone-manager-1.4.0-SNAPSHOT.jar:?]
	at org.apache.hadoop.ozone.protocolPB.OzoneManagerRequestHandler.getOzoneFileStatus(OzoneManagerRequestHandler.java:973) ~[ozone-manager-1.4.0-SNAPSHOT.jar:?]
	at org.apache.hadoop.ozone.protocolPB.OzoneManagerRequestHandler.handleReadRequest(OzoneManagerRequestHandler.java:252) ~[ozone-manager-1.4.0-SNAPSHOT.jar:?]
	at org.apache.hadoop.ozone.protocolPB.OzoneManagerProtocolServerSideTranslatorPB.submitReadRequestToOM(OzoneManagerProtocolServerSideTranslatorPB.java:225) ~[ozone-manager-1.4.0-SNAPSHOT.jar:?]
	at org.apache.hadoop.ozone.protocolPB.OzoneManagerProtocolServerSideTranslatorPB.processRequest(OzoneManagerProtocolServerSideTranslatorPB.java:179) ~[ozone-manager-1.4.0-SNAPSHOT.jar:?]
	at org.apache.hadoop.hdds.server.OzoneProtocolMessageDispatcher.processRequest(OzoneProtocolMessageDispatcher.java:87) [hdds-server-framework-1.4.0-SNAPSHOT.jar:?]
	at org.apache.hadoop.ozone.protocolPB.OzoneManagerProtocolServerSideTranslatorPB.submitRequest(OzoneManagerProtocolServerSideTranslatorPB.java:148) [ozone-manager-1.4.0-SNAPSHOT.jar:?]
	at org.apache.hadoop.ozone.protocol.proto.OzoneManagerProtocolProtos$OzoneManagerService$2.callBlockingMethod(OzoneManagerProtocolProtos.java) [ozone-interface-client-1.4.0-SNAPSHOT.jar:?]
	at org.apache.hadoop.ipc.ProtobufRpcEngine$Server.processCall(ProtobufRpcEngine.java:484) [hadoop-common-3.3.6.jar:?]
	at org.apache.hadoop.ipc.ProtobufRpcEngine2$Server$ProtoBufRpcInvoker.call(ProtobufRpcEngine2.java:595) [hadoop-common-3.3.6.jar:?]
	at org.apache.hadoop.ipc.ProtobufRpcEngine2$Server$ProtoBufRpcInvoker.call(ProtobufRpcEngine2.java:573) [hadoop-common-3.3.6.jar:?]
	at org.apache.hadoop.ipc.RPC$Server.call(RPC.java:1227) [hadoop-common-3.3.6.jar:?]
	at org.apache.hadoop.ipc.Server$RpcCall.run(Server.java:1094) [hadoop-common-3.3.6.jar:?]
	at org.apache.hadoop.ipc.Server$RpcCall.run(Server.java:1017) [hadoop-common-3.3.6.jar:?]
	at java.security.AccessController.doPrivileged(Native Method) ~[?:1.8.0_382]
	at javax.security.auth.Subject.doAs(Subject.java:422) [?:1.8.0_382]
	at org.apache.hadoop.security.UserGroupInformation.doAs(UserGroupInformation.java:1899) [hadoop-common-3.3.6.jar:?]
	at org.apache.hadoop.ipc.Server$Handler.run(Server.java:3048) [hadoop-common-3.3.6.jar:?]
18:20:06.421 [IPC Server handler 9 on default port 15110] ERROR OMAudit - user=runner | ip=127.0.0.1 | op=GET_FILE_STATUS {volume=volume40966, bucket=bucket64934, key=gdir1/dir8/child, dataSize=0, replicationConfig=null} | ret=FAILURE
org.apache.hadoop.ozone.om.exceptions.OMException: Unable to get file status: volume: volume40966 bucket: bucket64934 key: gdir1/dir8/child
	at org.apache.hadoop.ozone.om.KeyManagerImpl.getOzoneFileStatus(KeyManagerImpl.java:1195) ~[ozone-manager-1.4.0-SNAPSHOT.jar:?]
	at org.apache.hadoop.ozone.om.KeyManagerImpl.getFileStatus(KeyManagerImpl.java:1113) ~[ozone-manager-1.4.0-SNAPSHOT.jar:?]
	at org.apache.hadoop.ozone.om.OmMetadataReader.getFileStatus(OmMetadataReader.java:262) ~[ozone-manager-1.4.0-SNAPSHOT.jar:?]
	at org.apache.hadoop.ozone.om.OzoneManager.getFileStatus(OzoneManager.java:3530) ~[ozone-manager-1.4.0-SNAPSHOT.jar:?]
	at org.apache.hadoop.ozone.protocolPB.OzoneManagerRequestHandler.getOzoneFileStatus(OzoneManagerRequestHandler.java:973) ~[ozone-manager-1.4.0-SNAPSHOT.jar:?]
	at org.apache.hadoop.ozone.protocolPB.OzoneManagerRequestHandler.handleReadRequest(OzoneManagerRequestHandler.java:252) ~[ozone-manager-1.4.0-SNAPSHOT.jar:?]
	at org.apache.hadoop.ozone.protocolPB.OzoneManagerProtocolServerSideTranslatorPB.submitReadRequestToOM(OzoneManagerProtocolServerSideTranslatorPB.java:225) ~[ozone-manager-1.4.0-SNAPSHOT.jar:?]
	at org.apache.hadoop.ozone.protocolPB.OzoneManagerProtocolServerSideTranslatorPB.processRequest(OzoneManagerProtocolServerSideTranslatorPB.java:179) ~[ozone-manager-1.4.0-SNAPSHOT.jar:?]
	at org.apache.hadoop.hdds.server.OzoneProtocolMessageDispatcher.processRequest(OzoneProtocolMessageDispatcher.java:87) [hdds-server-framework-1.4.0-SNAPSHOT.jar:?]
	at org.apache.hadoop.ozone.protocolPB.OzoneManagerProtocolServerSideTranslatorPB.submitRequest(OzoneManagerProtocolServerSideTranslatorPB.java:148) [ozone-manager-1.4.0-SNAPSHOT.jar:?]
	at org.apache.hadoop.ozone.protocol.proto.OzoneManagerProtocolProtos$OzoneManagerService$2.callBlockingMethod(OzoneManagerProtocolProtos.java) [ozone-interface-client-1.4.0-SNAPSHOT.jar:?]
	at org.apache.hadoop.ipc.ProtobufRpcEngine$Server.processCall(ProtobufRpcEngine.java:484) [hadoop-common-3.3.6.jar:?]
	at org.apache.hadoop.ipc.ProtobufRpcEngine2$Server$ProtoBufRpcInvoker.call(ProtobufRpcEngine2.java:595) [hadoop-common-3.3.6.jar:?]
	at org.apache.hadoop.ipc.ProtobufRpcEngine2$Server$ProtoBufRpcInvoker.call(ProtobufRpcEngine2.java:573) [hadoop-common-3.3.6.jar:?]
	at org.apache.hadoop.ipc.RPC$Server.call(RPC.java:1227) [hadoop-common-3.3.6.jar:?]
	at org.apache.hadoop.ipc.Server$RpcCall.run(Server.java:1094) [hadoop-common-3.3.6.jar:?]
	at org.apache.hadoop.ipc.Server$RpcCall.run(Server.java:1017) [hadoop-common-3.3.6.jar:?]
	at java.security.AccessController.doPrivileged(Native Method) ~[?:1.8.0_382]
	at javax.security.auth.Subject.doAs(Subject.java:422) [?:1.8.0_382]
	at org.apache.hadoop.security.UserGroupInformation.doAs(UserGroupInformation.java:1899) [hadoop-common-3.3.6.jar:?]
	at org.apache.hadoop.ipc.Server$Handler.run(Server.java:3048) [hadoop-common-3.3.6.jar:?]
18:20:06.422 [IPC Server handler 11 on default port 15110] ERROR OMAudit - user=runner | ip=127.0.0.1 | op=GET_FILE_STATUS {volume=volume40966, bucket=bucket64934, key=gdir1/dir9, dataSize=0, replicationConfig=null} | ret=FAILURE
org.apache.hadoop.ozone.om.exceptions.OMException: Unable to get file status: volume: volume40966 bucket: bucket64934 key: gdir1/dir9
	at org.apache.hadoop.ozone.om.KeyManagerImpl.getOzoneFileStatus(KeyManagerImpl.java:1195) ~[ozone-manager-1.4.0-SNAPSHOT.jar:?]
	at org.apache.hadoop.ozone.om.KeyManagerImpl.getFileStatus(KeyManagerImpl.java:1113) ~[ozone-manager-1.4.0-SNAPSHOT.jar:?]
	at org.apache.hadoop.ozone.om.OmMetadataReader.getFileStatus(OmMetadataReader.java:262) ~[ozone-manager-1.4.0-SNAPSHOT.jar:?]
	at org.apache.hadoop.ozone.om.OzoneManager.getFileStatus(OzoneManager.java:3530) ~[ozone-manager-1.4.0-SNAPSHOT.jar:?]
	at org.apache.hadoop.ozone.protocolPB.OzoneManagerRequestHandler.getOzoneFileStatus(OzoneManagerRequestHandler.java:973) ~[ozone-manager-1.4.0-SNAPSHOT.jar:?]
	at org.apache.hadoop.ozone.protocolPB.OzoneManagerRequestHandler.handleReadRequest(OzoneManagerRequestHandler.java:252) ~[ozone-manager-1.4.0-SNAPSHOT.jar:?]
	at org.apache.hadoop.ozone.protocolPB.OzoneManagerProtocolServerSideTranslatorPB.submitReadRequestToOM(OzoneManagerProtocolServerSideTranslatorPB.java:225) ~[ozone-manager-1.4.0-SNAPSHOT.jar:?]
	at org.apache.hadoop.ozone.protocolPB.OzoneManagerProtocolServerSideTranslatorPB.processRequest(OzoneManagerProtocolServerSideTranslatorPB.java:179) ~[ozone-manager-1.4.0-SNAPSHOT.jar:?]
	at org.apache.hadoop.hdds.server.OzoneProtocolMessageDispatcher.processRequest(OzoneProtocolMessageDispatcher.java:87) [hdds-server-framework-1.4.0-SNAPSHOT.jar:?]
	at org.apache.hadoop.ozone.protocolPB.OzoneManagerProtocolServerSideTranslatorPB.submitRequest(OzoneManagerProtocolServerSideTranslatorPB.java:148) [ozone-manager-1.4.0-SNAPSHOT.jar:?]
	at org.apache.hadoop.ozone.protocol.proto.OzoneManagerProtocolProtos$OzoneManagerService$2.callBlockingMethod(OzoneManagerProtocolProtos.java) [ozone-interface-client-1.4.0-SNAPSHOT.jar:?]
	at org.apache.hadoop.ipc.ProtobufRpcEngine$Server.processCall(ProtobufRpcEngine.java:484) [hadoop-common-3.3.6.jar:?]
	at org.apache.hadoop.ipc.ProtobufRpcEngine2$Server$ProtoBufRpcInvoker.call(ProtobufRpcEngine2.java:595) [hadoop-common-3.3.6.jar:?]
	at org.apache.hadoop.ipc.ProtobufRpcEngine2$Server$ProtoBufRpcInvoker.call(ProtobufRpcEngine2.java:573) [hadoop-common-3.3.6.jar:?]
	at org.apache.hadoop.ipc.RPC$Server.call(RPC.java:1227) [hadoop-common-3.3.6.jar:?]
	at org.apache.hadoop.ipc.Server$RpcCall.run(Server.java:1094) [hadoop-common-3.3.6.jar:?]
	at org.apache.hadoop.ipc.Server$RpcCall.run(Server.java:1017) [hadoop-common-3.3.6.jar:?]
	at java.security.AccessController.doPrivileged(Native Method) ~[?:1.8.0_382]
	at javax.security.auth.Subject.doAs(Subject.java:422) [?:1.8.0_382]
	at org.apache.hadoop.security.UserGroupInformation.doAs(UserGroupInformation.java:1899) [hadoop-common-3.3.6.jar:?]
	at org.apache.hadoop.ipc.Server$Handler.run(Server.java:3048) [hadoop-common-3.3.6.jar:?]
18:20:06.424 [IPC Server handler 6 on default port 15110] ERROR OMAudit - user=runner | ip=127.0.0.1 | op=GET_FILE_STATUS {volume=volume40966, bucket=bucket64934, key=gdir1/dir9/child, dataSize=0, replicationConfig=null} | ret=FAILURE
org.apache.hadoop.ozone.om.exceptions.OMException: Unable to get file status: volume: volume40966 bucket: bucket64934 key: gdir1/dir9/child
	at org.apache.hadoop.ozone.om.KeyManagerImpl.getOzoneFileStatus(KeyManagerImpl.java:1195) ~[ozone-manager-1.4.0-SNAPSHOT.jar:?]
	at org.apache.hadoop.ozone.om.KeyManagerImpl.getFileStatus(KeyManagerImpl.java:1113) ~[ozone-manager-1.4.0-SNAPSHOT.jar:?]
	at org.apache.hadoop.ozone.om.OmMetadataReader.getFileStatus(OmMetadataReader.java:262) ~[ozone-manager-1.4.0-SNAPSHOT.jar:?]
	at org.apache.hadoop.ozone.om.OzoneManager.getFileStatus(OzoneManager.java:3530) ~[ozone-manager-1.4.0-SNAPSHOT.jar:?]
	at org.apache.hadoop.ozone.protocolPB.OzoneManagerRequestHandler.getOzoneFileStatus(OzoneManagerRequestHandler.java:973) ~[ozone-manager-1.4.0-SNAPSHOT.jar:?]
	at org.apache.hadoop.ozone.protocolPB.OzoneManagerRequestHandler.handleReadRequest(OzoneManagerRequestHandler.java:252) ~[ozone-manager-1.4.0-SNAPSHOT.jar:?]
	at org.apache.hadoop.ozone.protocolPB.OzoneManagerProtocolServerSideTranslatorPB.submitReadRequestToOM(OzoneManagerProtocolServerSideTranslatorPB.java:225) ~[ozone-manager-1.4.0-SNAPSHOT.jar:?]
	at org.apache.hadoop.ozone.protocolPB.OzoneManagerProtocolServerSideTranslatorPB.processRequest(OzoneManagerProtocolServerSideTranslatorPB.java:179) ~[ozone-manager-1.4.0-SNAPSHOT.jar:?]
	at org.apache.hadoop.hdds.server.OzoneProtocolMessageDispatcher.processRequest(OzoneProtocolMessageDispatcher.java:87) [hdds-server-framework-1.4.0-SNAPSHOT.jar:?]
	at org.apache.hadoop.ozone.protocolPB.OzoneManagerProtocolServerSideTranslatorPB.submitRequest(OzoneManagerProtocolServerSideTranslatorPB.java:148) [ozone-manager-1.4.0-SNAPSHOT.jar:?]
	at org.apache.hadoop.ozone.protocol.proto.OzoneManagerProtocolProtos$OzoneManagerService$2.callBlockingMethod(OzoneManagerProtocolProtos.java) [ozone-interface-client-1.4.0-SNAPSHOT.jar:?]
	at org.apache.hadoop.ipc.ProtobufRpcEngine$Server.processCall(ProtobufRpcEngine.java:484) [hadoop-common-3.3.6.jar:?]
	at org.apache.hadoop.ipc.ProtobufRpcEngine2$Server$ProtoBufRpcInvoker.call(ProtobufRpcEngine2.java:595) [hadoop-common-3.3.6.jar:?]
	at org.apache.hadoop.ipc.ProtobufRpcEngine2$Server$ProtoBufRpcInvoker.call(ProtobufRpcEngine2.java:573) [hadoop-common-3.3.6.jar:?]
	at org.apache.hadoop.ipc.RPC$Server.call(RPC.java:1227) [hadoop-common-3.3.6.jar:?]
	at org.apache.hadoop.ipc.Server$RpcCall.run(Server.java:1094) [hadoop-common-3.3.6.jar:?]
	at org.apache.hadoop.ipc.Server$RpcCall.run(Server.java:1017) [hadoop-common-3.3.6.jar:?]
	at java.security.AccessController.doPrivileged(Native Method) ~[?:1.8.0_382]
	at javax.security.auth.Subject.doAs(Subject.java:422) [?:1.8.0_382]
	at org.apache.hadoop.security.UserGroupInformation.doAs(UserGroupInformation.java:1899) [hadoop-common-3.3.6.jar:?]
	at org.apache.hadoop.ipc.Server$Handler.run(Server.java:3048) [hadoop-common-3.3.6.jar:?]
18:20:06.425 [IPC Server handler 1 on default port 15110] ERROR OMAudit - user=runner | ip=127.0.0.1 | op=GET_FILE_STATUS {volume=volume40966, bucket=bucket64934, key=gdir1/dir10, dataSize=0, replicationConfig=null} | ret=FAILURE
org.apache.hadoop.ozone.om.exceptions.OMException: Unable to get file status: volume: volume40966 bucket: bucket64934 key: gdir1/dir10
	at org.apache.hadoop.ozone.om.KeyManagerImpl.getOzoneFileStatus(KeyManagerImpl.java:1195) ~[ozone-manager-1.4.0-SNAPSHOT.jar:?]
	at org.apache.hadoop.ozone.om.KeyManagerImpl.getFileStatus(KeyManagerImpl.java:1113) ~[ozone-manager-1.4.0-SNAPSHOT.jar:?]
	at org.apache.hadoop.ozone.om.OmMetadataReader.getFileStatus(OmMetadataReader.java:262) ~[ozone-manager-1.4.0-SNAPSHOT.jar:?]
	at org.apache.hadoop.ozone.om.OzoneManager.getFileStatus(OzoneManager.java:3530) ~[ozone-manager-1.4.0-SNAPSHOT.jar:?]
	at org.apache.hadoop.ozone.protocolPB.OzoneManagerRequestHandler.getOzoneFileStatus(OzoneManagerRequestHandler.java:973) ~[ozone-manager-1.4.0-SNAPSHOT.jar:?]
	at org.apache.hadoop.ozone.protocolPB.OzoneManagerRequestHandler.handleReadRequest(OzoneManagerRequestHandler.java:252) ~[ozone-manager-1.4.0-SNAPSHOT.jar:?]
	at org.apache.hadoop.ozone.protocolPB.OzoneManagerProtocolServerSideTranslatorPB.submitReadRequestToOM(OzoneManagerProtocolServerSideTranslatorPB.java:225) ~[ozone-manager-1.4.0-SNAPSHOT.jar:?]
	at org.apache.hadoop.ozone.protocolPB.OzoneManagerProtocolServerSideTranslatorPB.processRequest(OzoneManagerProtocolServerSideTranslatorPB.java:179) ~[ozone-manager-1.4.0-SNAPSHOT.jar:?]
	at org.apache.hadoop.hdds.server.OzoneProtocolMessageDispatcher.processRequest(OzoneProtocolMessageDispatcher.java:87) [hdds-server-framework-1.4.0-SNAPSHOT.jar:?]
	at org.apache.hadoop.ozone.protocolPB.OzoneManagerProtocolServerSideTranslatorPB.submitRequest(OzoneManagerProtocolServerSideTranslatorPB.java:148) [ozone-manager-1.4.0-SNAPSHOT.jar:?]
	at org.apache.hadoop.ozone.protocol.proto.OzoneManagerProtocolProtos$OzoneManagerService$2.callBlockingMethod(OzoneManagerProtocolProtos.java) [ozone-interface-client-1.4.0-SNAPSHOT.jar:?]
	at org.apache.hadoop.ipc.ProtobufRpcEngine$Server.processCall(ProtobufRpcEngine.java:484) [hadoop-common-3.3.6.jar:?]
	at org.apache.hadoop.ipc.ProtobufRpcEngine2$Server$ProtoBufRpcInvoker.call(ProtobufRpcEngine2.java:595) [hadoop-common-3.3.6.jar:?]
	at org.apache.hadoop.ipc.ProtobufRpcEngine2$Server$ProtoBufRpcInvoker.call(ProtobufRpcEngine2.java:573) [hadoop-common-3.3.6.jar:?]
	at org.apache.hadoop.ipc.RPC$Server.call(RPC.java:1227) [hadoop-common-3.3.6.jar:?]
	at org.apache.hadoop.ipc.Server$RpcCall.run(Server.java:1094) [hadoop-common-3.3.6.jar:?]
	at org.apache.hadoop.ipc.Server$RpcCall.run(Server.java:1017) [hadoop-common-3.3.6.jar:?]
	at java.security.AccessController.doPrivileged(Native Method) ~[?:1.8.0_382]
	at javax.security.auth.Subject.doAs(Subject.java:422) [?:1.8.0_382]
	at org.apache.hadoop.security.UserGroupInformation.doAs(UserGroupInformation.java:1899) [hadoop-common-3.3.6.jar:?]
	at org.apache.hadoop.ipc.Server$Handler.run(Server.java:3048) [hadoop-common-3.3.6.jar:?]
18:20:06.426 [IPC Server handler 12 on default port 15110] ERROR OMAudit - user=runner | ip=127.0.0.1 | op=GET_FILE_STATUS {volume=volume40966, bucket=bucket64934, key=gdir1/dir10/child, dataSize=0, replicationConfig=null} | ret=FAILURE
org.apache.hadoop.ozone.om.exceptions.OMException: Unable to get file status: volume: volume40966 bucket: bucket64934 key: gdir1/dir10/child
	at org.apache.hadoop.ozone.om.KeyManagerImpl.getOzoneFileStatus(KeyManagerImpl.java:1195) ~[ozone-manager-1.4.0-SNAPSHOT.jar:?]
	at org.apache.hadoop.ozone.om.KeyManagerImpl.getFileStatus(KeyManagerImpl.java:1113) ~[ozone-manager-1.4.0-SNAPSHOT.jar:?]
	at org.apache.hadoop.ozone.om.OmMetadataReader.getFileStatus(OmMetadataReader.java:262) ~[ozone-manager-1.4.0-SNAPSHOT.jar:?]
	at org.apache.hadoop.ozone.om.OzoneManager.getFileStatus(OzoneManager.java:3530) ~[ozone-manager-1.4.0-SNAPSHOT.jar:?]
	at org.apache.hadoop.ozone.protocolPB.OzoneManagerRequestHandler.getOzoneFileStatus(OzoneManagerRequestHandler.java:973) ~[ozone-manager-1.4.0-SNAPSHOT.jar:?]
	at org.apache.hadoop.ozone.protocolPB.OzoneManagerRequestHandler.handleReadRequest(OzoneManagerRequestHandler.java:252) ~[ozone-manager-1.4.0-SNAPSHOT.jar:?]
	at org.apache.hadoop.ozone.protocolPB.OzoneManagerProtocolServerSideTranslatorPB.submitReadRequestToOM(OzoneManagerProtocolServerSideTranslatorPB.java:225) ~[ozone-manager-1.4.0-SNAPSHOT.jar:?]
	at org.apache.hadoop.ozone.protocolPB.OzoneManagerProtocolServerSideTranslatorPB.processRequest(OzoneManagerProtocolServerSideTranslatorPB.java:179) ~[ozone-manager-1.4.0-SNAPSHOT.jar:?]
	at org.apache.hadoop.hdds.server.OzoneProtocolMessageDispatcher.processRequest(OzoneProtocolMessageDispatcher.java:87) [hdds-server-framework-1.4.0-SNAPSHOT.jar:?]
	at org.apache.hadoop.ozone.protocolPB.OzoneManagerProtocolServerSideTranslatorPB.submitRequest(OzoneManagerProtocolServerSideTranslatorPB.java:148) [ozone-manager-1.4.0-SNAPSHOT.jar:?]
	at org.apache.hadoop.ozone.protocol.proto.OzoneManagerProtocolProtos$OzoneManagerService$2.callBlockingMethod(OzoneManagerProtocolProtos.java) [ozone-interface-client-1.4.0-SNAPSHOT.jar:?]
	at org.apache.hadoop.ipc.ProtobufRpcEngine$Server.processCall(ProtobufRpcEngine.java:484) [hadoop-common-3.3.6.jar:?]
	at org.apache.hadoop.ipc.ProtobufRpcEngine2$Server$ProtoBufRpcInvoker.call(ProtobufRpcEngine2.java:595) [hadoop-common-3.3.6.jar:?]
	at org.apache.hadoop.ipc.ProtobufRpcEngine2$Server$ProtoBufRpcInvoker.call(ProtobufRpcEngine2.java:573) [hadoop-common-3.3.6.jar:?]
	at org.apache.hadoop.ipc.RPC$Server.call(RPC.java:1227) [hadoop-common-3.3.6.jar:?]
	at org.apache.hadoop.ipc.Server$RpcCall.run(Server.java:1094) [hadoop-common-3.3.6.jar:?]
	at org.apache.hadoop.ipc.Server$RpcCall.run(Server.java:1017) [hadoop-common-3.3.6.jar:?]
	at java.security.AccessController.doPrivileged(Native Method) ~[?:1.8.0_382]
	at javax.security.auth.Subject.doAs(Subject.java:422) [?:1.8.0_382]
	at org.apache.hadoop.security.UserGroupInformation.doAs(UserGroupInformation.java:1899) [hadoop-common-3.3.6.jar:?]
	at org.apache.hadoop.ipc.Server$Handler.run(Server.java:3048) [hadoop-common-3.3.6.jar:?]
18:20:06.518 [IPC Server handler 5 on default port 15110] ERROR OMAudit - user=runner | ip=127.0.0.1 | op=GET_FILE_STATUS {volume=volume40966, bucket=bucket64934, key=level0, dataSize=0, replicationConfig=null} | ret=FAILURE
org.apache.hadoop.ozone.om.exceptions.OMException: Unable to get file status: volume: volume40966 bucket: bucket64934 key: level0
	at org.apache.hadoop.ozone.om.KeyManagerImpl.getOzoneFileStatus(KeyManagerImpl.java:1195) ~[ozone-manager-1.4.0-SNAPSHOT.jar:?]
	at org.apache.hadoop.ozone.om.KeyManagerImpl.getFileStatus(KeyManagerImpl.java:1113) ~[ozone-manager-1.4.0-SNAPSHOT.jar:?]
	at org.apache.hadoop.ozone.om.OmMetadataReader.getFileStatus(OmMetadataReader.java:262) ~[ozone-manager-1.4.0-SNAPSHOT.jar:?]
	at org.apache.hadoop.ozone.om.OzoneManager.getFileStatus(OzoneManager.java:3530) ~[ozone-manager-1.4.0-SNAPSHOT.jar:?]
	at org.apache.hadoop.ozone.protocolPB.OzoneManagerRequestHandler.getOzoneFileStatus(OzoneManagerRequestHandler.java:973) ~[ozone-manager-1.4.0-SNAPSHOT.jar:?]
	at org.apache.hadoop.ozone.protocolPB.OzoneManagerRequestHandler.handleReadRequest(OzoneManagerRequestHandler.java:252) ~[ozone-manager-1.4.0-SNAPSHOT.jar:?]
	at org.apache.hadoop.ozone.protocolPB.OzoneManagerProtocolServerSideTranslatorPB.submitReadRequestToOM(OzoneManagerProtocolServerSideTranslatorPB.java:225) ~[ozone-manager-1.4.0-SNAPSHOT.jar:?]
	at org.apache.hadoop.ozone.protocolPB.OzoneManagerProtocolServerSideTranslatorPB.processRequest(OzoneManagerProtocolServerSideTranslatorPB.java:179) ~[ozone-manager-1.4.0-SNAPSHOT.jar:?]
	at org.apache.hadoop.hdds.server.OzoneProtocolMessageDispatcher.processRequest(OzoneProtocolMessageDispatcher.java:87) [hdds-server-framework-1.4.0-SNAPSHOT.jar:?]
	at org.apache.hadoop.ozone.protocolPB.OzoneManagerProtocolServerSideTranslatorPB.submitRequest(OzoneManagerProtocolServerSideTranslatorPB.java:148) [ozone-manager-1.4.0-SNAPSHOT.jar:?]
	at org.apache.hadoop.ozone.protocol.proto.OzoneManagerProtocolProtos$OzoneManagerService$2.callBlockingMethod(OzoneManagerProtocolProtos.java) [ozone-interface-client-1.4.0-SNAPSHOT.jar:?]
	at org.apache.hadoop.ipc.ProtobufRpcEngine$Server.processCall(ProtobufRpcEngine.java:484) [hadoop-common-3.3.6.jar:?]
	at org.apache.hadoop.ipc.ProtobufRpcEngine2$Server$ProtoBufRpcInvoker.call(ProtobufRpcEngine2.java:595) [hadoop-common-3.3.6.jar:?]
	at org.apache.hadoop.ipc.ProtobufRpcEngine2$Server$ProtoBufRpcInvoker.call(ProtobufRpcEngine2.java:573) [hadoop-common-3.3.6.jar:?]
	at org.apache.hadoop.ipc.RPC$Server.call(RPC.java:1227) [hadoop-common-3.3.6.jar:?]
	at org.apache.hadoop.ipc.Server$RpcCall.run(Server.java:1094) [hadoop-common-3.3.6.jar:?]
	at org.apache.hadoop.ipc.Server$RpcCall.run(Server.java:1017) [hadoop-common-3.3.6.jar:?]
	at java.security.AccessController.doPrivileged(Native Method) ~[?:1.8.0_382]
	at javax.security.auth.Subject.doAs(Subject.java:422) [?:1.8.0_382]
	at org.apache.hadoop.security.UserGroupInformation.doAs(UserGroupInformation.java:1899) [hadoop-common-3.3.6.jar:?]
	at org.apache.hadoop.ipc.Server$Handler.run(Server.java:3048) [hadoop-common-3.3.6.jar:?]
18:20:06.519 [IPC Server handler 10 on default port 15110] ERROR OMAudit - user=runner | ip=127.0.0.1 | op=GET_FILE_STATUS {volume=volume40966, bucket=bucket64934, key=level0/level1, dataSize=0, replicationConfig=null} | ret=FAILURE
org.apache.hadoop.ozone.om.exceptions.OMException: Unable to get file status: volume: volume40966 bucket: bucket64934 key: level0/level1
	at org.apache.hadoop.ozone.om.KeyManagerImpl.getOzoneFileStatus(KeyManagerImpl.java:1195) ~[ozone-manager-1.4.0-SNAPSHOT.jar:?]
	at org.apache.hadoop.ozone.om.KeyManagerImpl.getFileStatus(KeyManagerImpl.java:1113) ~[ozone-manager-1.4.0-SNAPSHOT.jar:?]
	at org.apache.hadoop.ozone.om.OmMetadataReader.getFileStatus(OmMetadataReader.java:262) ~[ozone-manager-1.4.0-SNAPSHOT.jar:?]
	at org.apache.hadoop.ozone.om.OzoneManager.getFileStatus(OzoneManager.java:3530) ~[ozone-manager-1.4.0-SNAPSHOT.jar:?]
	at org.apache.hadoop.ozone.protocolPB.OzoneManagerRequestHandler.getOzoneFileStatus(OzoneManagerRequestHandler.java:973) ~[ozone-manager-1.4.0-SNAPSHOT.jar:?]
	at org.apache.hadoop.ozone.protocolPB.OzoneManagerRequestHandler.handleReadRequest(OzoneManagerRequestHandler.java:252) ~[ozone-manager-1.4.0-SNAPSHOT.jar:?]
	at org.apache.hadoop.ozone.protocolPB.OzoneManagerProtocolServerSideTranslatorPB.submitReadRequestToOM(OzoneManagerProtocolServerSideTranslatorPB.java:225) ~[ozone-manager-1.4.0-SNAPSHOT.jar:?]
	at org.apache.hadoop.ozone.protocolPB.OzoneManagerProtocolServerSideTranslatorPB.processRequest(OzoneManagerProtocolServerSideTranslatorPB.java:179) ~[ozone-manager-1.4.0-SNAPSHOT.jar:?]
	at org.apache.hadoop.hdds.server.OzoneProtocolMessageDispatcher.processRequest(OzoneProtocolMessageDispatcher.java:87) [hdds-server-framework-1.4.0-SNAPSHOT.jar:?]
	at org.apache.hadoop.ozone.protocolPB.OzoneManagerProtocolServerSideTranslatorPB.submitRequest(OzoneManagerProtocolServerSideTranslatorPB.java:148) [ozone-manager-1.4.0-SNAPSHOT.jar:?]
	at org.apache.hadoop.ozone.protocol.proto.OzoneManagerProtocolProtos$OzoneManagerService$2.callBlockingMethod(OzoneManagerProtocolProtos.java) [ozone-interface-client-1.4.0-SNAPSHOT.jar:?]
	at org.apache.hadoop.ipc.ProtobufRpcEngine$Server.processCall(ProtobufRpcEngine.java:484) [hadoop-common-3.3.6.jar:?]
	at org.apache.hadoop.ipc.ProtobufRpcEngine2$Server$ProtoBufRpcInvoker.call(ProtobufRpcEngine2.java:595) [hadoop-common-3.3.6.jar:?]
	at org.apache.hadoop.ipc.ProtobufRpcEngine2$Server$ProtoBufRpcInvoker.call(ProtobufRpcEngine2.java:573) [hadoop-common-3.3.6.jar:?]
	at org.apache.hadoop.ipc.RPC$Server.call(RPC.java:1227) [hadoop-common-3.3.6.jar:?]
	at org.apache.hadoop.ipc.Server$RpcCall.run(Server.java:1094) [hadoop-common-3.3.6.jar:?]
	at org.apache.hadoop.ipc.Server$RpcCall.run(Server.java:1017) [hadoop-common-3.3.6.jar:?]
	at java.security.AccessController.doPrivileged(Native Method) ~[?:1.8.0_382]
	at javax.security.auth.Subject.doAs(Subject.java:422) [?:1.8.0_382]
	at org.apache.hadoop.security.UserGroupInformation.doAs(UserGroupInformation.java:1899) [hadoop-common-3.3.6.jar:?]
	at org.apache.hadoop.ipc.Server$Handler.run(Server.java:3048) [hadoop-common-3.3.6.jar:?]
18:20:06.520 [IPC Server handler 9 on default port 15110] ERROR OMAudit - user=runner | ip=127.0.0.1 | op=GET_FILE_STATUS {volume=volume40966, bucket=bucket64934, key=level0/level1/level1, dataSize=0, replicationConfig=null} | ret=FAILURE
org.apache.hadoop.ozone.om.exceptions.OMException: Unable to get file status: volume: volume40966 bucket: bucket64934 key: level0/level1/level1
	at org.apache.hadoop.ozone.om.KeyManagerImpl.getOzoneFileStatus(KeyManagerImpl.java:1195) ~[ozone-manager-1.4.0-SNAPSHOT.jar:?]
	at org.apache.hadoop.ozone.om.KeyManagerImpl.getFileStatus(KeyManagerImpl.java:1113) ~[ozone-manager-1.4.0-SNAPSHOT.jar:?]
	at org.apache.hadoop.ozone.om.OmMetadataReader.getFileStatus(OmMetadataReader.java:262) ~[ozone-manager-1.4.0-SNAPSHOT.jar:?]
	at org.apache.hadoop.ozone.om.OzoneManager.getFileStatus(OzoneManager.java:3530) ~[ozone-manager-1.4.0-SNAPSHOT.jar:?]
	at org.apache.hadoop.ozone.protocolPB.OzoneManagerRequestHandler.getOzoneFileStatus(OzoneManagerRequestHandler.java:973) ~[ozone-manager-1.4.0-SNAPSHOT.jar:?]
	at org.apache.hadoop.ozone.protocolPB.OzoneManagerRequestHandler.handleReadRequest(OzoneManagerRequestHandler.java:252) ~[ozone-manager-1.4.0-SNAPSHOT.jar:?]
	at org.apache.hadoop.ozone.protocolPB.OzoneManagerProtocolServerSideTranslatorPB.submitReadRequestToOM(OzoneManagerProtocolServerSideTranslatorPB.java:225) ~[ozone-manager-1.4.0-SNAPSHOT.jar:?]
	at org.apache.hadoop.ozone.protocolPB.OzoneManagerProtocolServerSideTranslatorPB.processRequest(OzoneManagerProtocolServerSideTranslatorPB.java:179) ~[ozone-manager-1.4.0-SNAPSHOT.jar:?]
	at org.apache.hadoop.hdds.server.OzoneProtocolMessageDispatcher.processRequest(OzoneProtocolMessageDispatcher.java:87) [hdds-server-framework-1.4.0-SNAPSHOT.jar:?]
	at org.apache.hadoop.ozone.protocolPB.OzoneManagerProtocolServerSideTranslatorPB.submitRequest(OzoneManagerProtocolServerSideTranslatorPB.java:148) [ozone-manager-1.4.0-SNAPSHOT.jar:?]
	at org.apache.hadoop.ozone.protocol.proto.OzoneManagerProtocolProtos$OzoneManagerService$2.callBlockingMethod(OzoneManagerProtocolProtos.java) [ozone-interface-client-1.4.0-SNAPSHOT.jar:?]
	at org.apache.hadoop.ipc.ProtobufRpcEngine$Server.processCall(ProtobufRpcEngine.java:484) [hadoop-common-3.3.6.jar:?]
	at org.apache.hadoop.ipc.ProtobufRpcEngine2$Server$ProtoBufRpcInvoker.call(ProtobufRpcEngine2.java:595) [hadoop-common-3.3.6.jar:?]
	at org.apache.hadoop.ipc.ProtobufRpcEngine2$Server$ProtoBufRpcInvoker.call(ProtobufRpcEngine2.java:573) [hadoop-common-3.3.6.jar:?]
	at org.apache.hadoop.ipc.RPC$Server.call(RPC.java:1227) [hadoop-common-3.3.6.jar:?]
	at org.apache.hadoop.ipc.Server$RpcCall.run(Server.java:1094) [hadoop-common-3.3.6.jar:?]
	at org.apache.hadoop.ipc.Server$RpcCall.run(Server.java:1017) [hadoop-common-3.3.6.jar:?]
	at java.security.AccessController.doPrivileged(Native Method) ~[?:1.8.0_382]
	at javax.security.auth.Subject.doAs(Subject.java:422) [?:1.8.0_382]
	at org.apache.hadoop.security.UserGroupInformation.doAs(UserGroupInformation.java:1899) [hadoop-common-3.3.6.jar:?]
	at org.apache.hadoop.ipc.Server$Handler.run(Server.java:3048) [hadoop-common-3.3.6.jar:?]
18:20:06.521 [IPC Server handler 11 on default port 15110] ERROR OMAudit - user=runner | ip=127.0.0.1 | op=GET_FILE_STATUS {volume=volume40966, bucket=bucket64934, key=level0/level1/file1, dataSize=0, replicationConfig=null} | ret=FAILURE
org.apache.hadoop.ozone.om.exceptions.OMException: Unable to get file status: volume: volume40966 bucket: bucket64934 key: level0/level1/file1
	at org.apache.hadoop.ozone.om.KeyManagerImpl.getOzoneFileStatus(KeyManagerImpl.java:1195) ~[ozone-manager-1.4.0-SNAPSHOT.jar:?]
	at org.apache.hadoop.ozone.om.KeyManagerImpl.getFileStatus(KeyManagerImpl.java:1113) ~[ozone-manager-1.4.0-SNAPSHOT.jar:?]
	at org.apache.hadoop.ozone.om.OmMetadataReader.getFileStatus(OmMetadataReader.java:262) ~[ozone-manager-1.4.0-SNAPSHOT.jar:?]
	at org.apache.hadoop.ozone.om.OzoneManager.getFileStatus(OzoneManager.java:3530) ~[ozone-manager-1.4.0-SNAPSHOT.jar:?]
	at org.apache.hadoop.ozone.protocolPB.OzoneManagerRequestHandler.getOzoneFileStatus(OzoneManagerRequestHandler.java:973) ~[ozone-manager-1.4.0-SNAPSHOT.jar:?]
	at org.apache.hadoop.ozone.protocolPB.OzoneManagerRequestHandler.handleReadRequest(OzoneManagerRequestHandler.java:252) ~[ozone-manager-1.4.0-SNAPSHOT.jar:?]
	at org.apache.hadoop.ozone.protocolPB.OzoneManagerProtocolServerSideTranslatorPB.submitReadRequestToOM(OzoneManagerProtocolServerSideTranslatorPB.java:225) ~[ozone-manager-1.4.0-SNAPSHOT.jar:?]
	at org.apache.hadoop.ozone.protocolPB.OzoneManagerProtocolServerSideTranslatorPB.processRequest(OzoneManagerProtocolServerSideTranslatorPB.java:179) ~[ozone-manager-1.4.0-SNAPSHOT.jar:?]
	at org.apache.hadoop.hdds.server.OzoneProtocolMessageDispatcher.processRequest(OzoneProtocolMessageDispatcher.java:87) [hdds-server-framework-1.4.0-SNAPSHOT.jar:?]
	at org.apache.hadoop.ozone.protocolPB.OzoneManagerProtocolServerSideTranslatorPB.submitRequest(OzoneManagerProtocolServerSideTranslatorPB.java:148) [ozone-manager-1.4.0-SNAPSHOT.jar:?]
	at org.apache.hadoop.ozone.protocol.proto.OzoneManagerProtocolProtos$OzoneManagerService$2.callBlockingMethod(OzoneManagerProtocolProtos.java) [ozone-interface-client-1.4.0-SNAPSHOT.jar:?]
	at org.apache.hadoop.ipc.ProtobufRpcEngine$Server.processCall(ProtobufRpcEngine.java:484) [hadoop-common-3.3.6.jar:?]
	at org.apache.hadoop.ipc.ProtobufRpcEngine2$Server$ProtoBufRpcInvoker.call(ProtobufRpcEngine2.java:595) [hadoop-common-3.3.6.jar:?]
	at org.apache.hadoop.ipc.ProtobufRpcEngine2$Server$ProtoBufRpcInvoker.call(ProtobufRpcEngine2.java:573) [hadoop-common-3.3.6.jar:?]
	at org.apache.hadoop.ipc.RPC$Server.call(RPC.java:1227) [hadoop-common-3.3.6.jar:?]
	at org.apache.hadoop.ipc.Server$RpcCall.run(Server.java:1094) [hadoop-common-3.3.6.jar:?]
	at org.apache.hadoop.ipc.Server$RpcCall.run(Server.java:1017) [hadoop-common-3.3.6.jar:?]
	at java.security.AccessController.doPrivileged(Native Method) ~[?:1.8.0_382]
	at javax.security.auth.Subject.doAs(Subject.java:422) [?:1.8.0_382]
	at org.apache.hadoop.security.UserGroupInformation.doAs(UserGroupInformation.java:1899) [hadoop-common-3.3.6.jar:?]
	at org.apache.hadoop.ipc.Server$Handler.run(Server.java:3048) [hadoop-common-3.3.6.jar:?]
18:20:06.522 [IPC Server handler 6 on default port 15110] ERROR OMAudit - user=runner | ip=127.0.0.1 | op=GET_FILE_STATUS {volume=volume40966, bucket=bucket64934, key=level0/level1/level1/file1, dataSize=0, replicationConfig=null} | ret=FAILURE
org.apache.hadoop.ozone.om.exceptions.OMException: Unable to get file status: volume: volume40966 bucket: bucket64934 key: level0/level1/level1/file1
	at org.apache.hadoop.ozone.om.KeyManagerImpl.getOzoneFileStatus(KeyManagerImpl.java:1195) ~[ozone-manager-1.4.0-SNAPSHOT.jar:?]
	at org.apache.hadoop.ozone.om.KeyManagerImpl.getFileStatus(KeyManagerImpl.java:1113) ~[ozone-manager-1.4.0-SNAPSHOT.jar:?]
	at org.apache.hadoop.ozone.om.OmMetadataReader.getFileStatus(OmMetadataReader.java:262) ~[ozone-manager-1.4.0-SNAPSHOT.jar:?]
	at org.apache.hadoop.ozone.om.OzoneManager.getFileStatus(OzoneManager.java:3530) ~[ozone-manager-1.4.0-SNAPSHOT.jar:?]
	at org.apache.hadoop.ozone.protocolPB.OzoneManagerRequestHandler.getOzoneFileStatus(OzoneManagerRequestHandler.java:973) ~[ozone-manager-1.4.0-SNAPSHOT.jar:?]
	at org.apache.hadoop.ozone.protocolPB.OzoneManagerRequestHandler.handleReadRequest(OzoneManagerRequestHandler.java:252) ~[ozone-manager-1.4.0-SNAPSHOT.jar:?]
	at org.apache.hadoop.ozone.protocolPB.OzoneManagerProtocolServerSideTranslatorPB.submitReadRequestToOM(OzoneManagerProtocolServerSideTranslatorPB.java:225) ~[ozone-manager-1.4.0-SNAPSHOT.jar:?]
	at org.apache.hadoop.ozone.protocolPB.OzoneManagerProtocolServerSideTranslatorPB.processRequest(OzoneManagerProtocolServerSideTranslatorPB.java:179) ~[ozone-manager-1.4.0-SNAPSHOT.jar:?]
	at org.apache.hadoop.hdds.server.OzoneProtocolMessageDispatcher.processRequest(OzoneProtocolMessageDispatcher.java:87) [hdds-server-framework-1.4.0-SNAPSHOT.jar:?]
	at org.apache.hadoop.ozone.protocolPB.OzoneManagerProtocolServerSideTranslatorPB.submitRequest(OzoneManagerProtocolServerSideTranslatorPB.java:148) [ozone-manager-1.4.0-SNAPSHOT.jar:?]
	at org.apache.hadoop.ozone.protocol.proto.OzoneManagerProtocolProtos$OzoneManagerService$2.callBlockingMethod(OzoneManagerProtocolProtos.java) [ozone-interface-client-1.4.0-SNAPSHOT.jar:?]
	at org.apache.hadoop.ipc.ProtobufRpcEngine$Server.processCall(ProtobufRpcEngine.java:484) [hadoop-common-3.3.6.jar:?]
	at org.apache.hadoop.ipc.ProtobufRpcEngine2$Server$ProtoBufRpcInvoker.call(ProtobufRpcEngine2.java:595) [hadoop-common-3.3.6.jar:?]
	at org.apache.hadoop.ipc.ProtobufRpcEngine2$Server$ProtoBufRpcInvoker.call(ProtobufRpcEngine2.java:573) [hadoop-common-3.3.6.jar:?]
	at org.apache.hadoop.ipc.RPC$Server.call(RPC.java:1227) [hadoop-common-3.3.6.jar:?]
	at org.apache.hadoop.ipc.Server$RpcCall.run(Server.java:1094) [hadoop-common-3.3.6.jar:?]
	at org.apache.hadoop.ipc.Server$RpcCall.run(Server.java:1017) [hadoop-common-3.3.6.jar:?]
	at java.security.AccessController.doPrivileged(Native Method) ~[?:1.8.0_382]
	at javax.security.auth.Subject.doAs(Subject.java:422) [?:1.8.0_382]
	at org.apache.hadoop.security.UserGroupInformation.doAs(UserGroupInformation.java:1899) [hadoop-common-3.3.6.jar:?]
	at org.apache.hadoop.ipc.Server$Handler.run(Server.java:3048) [hadoop-common-3.3.6.jar:?]
18:20:06.524 [IPC Server handler 1 on default port 15110] ERROR OMAudit - user=runner | ip=127.0.0.1 | op=GET_FILE_STATUS {volume=volume40966, bucket=bucket64934, key=level0/level2, dataSize=0, replicationConfig=null} | ret=FAILURE
org.apache.hadoop.ozone.om.exceptions.OMException: Unable to get file status: volume: volume40966 bucket: bucket64934 key: level0/level2
	at org.apache.hadoop.ozone.om.KeyManagerImpl.getOzoneFileStatus(KeyManagerImpl.java:1195) ~[ozone-manager-1.4.0-SNAPSHOT.jar:?]
	at org.apache.hadoop.ozone.om.KeyManagerImpl.getFileStatus(KeyManagerImpl.java:1113) ~[ozone-manager-1.4.0-SNAPSHOT.jar:?]
	at org.apache.hadoop.ozone.om.OmMetadataReader.getFileStatus(OmMetadataReader.java:262) ~[ozone-manager-1.4.0-SNAPSHOT.jar:?]
	at org.apache.hadoop.ozone.om.OzoneManager.getFileStatus(OzoneManager.java:3530) ~[ozone-manager-1.4.0-SNAPSHOT.jar:?]
	at org.apache.hadoop.ozone.protocolPB.OzoneManagerRequestHandler.getOzoneFileStatus(OzoneManagerRequestHandler.java:973) ~[ozone-manager-1.4.0-SNAPSHOT.jar:?]
	at org.apache.hadoop.ozone.protocolPB.OzoneManagerRequestHandler.handleReadRequest(OzoneManagerRequestHandler.java:252) ~[ozone-manager-1.4.0-SNAPSHOT.jar:?]
	at org.apache.hadoop.ozone.protocolPB.OzoneManagerProtocolServerSideTranslatorPB.submitReadRequestToOM(OzoneManagerProtocolServerSideTranslatorPB.java:225) ~[ozone-manager-1.4.0-SNAPSHOT.jar:?]
	at org.apache.hadoop.ozone.protocolPB.OzoneManagerProtocolServerSideTranslatorPB.processRequest(OzoneManagerProtocolServerSideTranslatorPB.java:179) ~[ozone-manager-1.4.0-SNAPSHOT.jar:?]
	at org.apache.hadoop.hdds.server.OzoneProtocolMessageDispatcher.processRequest(OzoneProtocolMessageDispatcher.java:87) [hdds-server-framework-1.4.0-SNAPSHOT.jar:?]
	at org.apache.hadoop.ozone.protocolPB.OzoneManagerProtocolServerSideTranslatorPB.submitRequest(OzoneManagerProtocolServerSideTranslatorPB.java:148) [ozone-manager-1.4.0-SNAPSHOT.jar:?]
	at org.apache.hadoop.ozone.protocol.proto.OzoneManagerProtocolProtos$OzoneManagerService$2.callBlockingMethod(OzoneManagerProtocolProtos.java) [ozone-interface-client-1.4.0-SNAPSHOT.jar:?]
	at org.apache.hadoop.ipc.ProtobufRpcEngine$Server.processCall(ProtobufRpcEngine.java:484) [hadoop-common-3.3.6.jar:?]
	at org.apache.hadoop.ipc.ProtobufRpcEngine2$Server$ProtoBufRpcInvoker.call(ProtobufRpcEngine2.java:595) [hadoop-common-3.3.6.jar:?]
	at org.apache.hadoop.ipc.ProtobufRpcEngine2$Server$ProtoBufRpcInvoker.call(ProtobufRpcEngine2.java:573) [hadoop-common-3.3.6.jar:?]
	at org.apache.hadoop.ipc.RPC$Server.call(RPC.java:1227) [hadoop-common-3.3.6.jar:?]
	at org.apache.hadoop.ipc.Server$RpcCall.run(Server.java:1094) [hadoop-common-3.3.6.jar:?]
	at org.apache.hadoop.ipc.Server$RpcCall.run(Server.java:1017) [hadoop-common-3.3.6.jar:?]
	at java.security.AccessController.doPrivileged(Native Method) ~[?:1.8.0_382]
	at javax.security.auth.Subject.doAs(Subject.java:422) [?:1.8.0_382]
	at org.apache.hadoop.security.UserGroupInformation.doAs(UserGroupInformation.java:1899) [hadoop-common-3.3.6.jar:?]
	at org.apache.hadoop.ipc.Server$Handler.run(Server.java:3048) [hadoop-common-3.3.6.jar:?]
18:20:06.525 [IPC Server handler 12 on default port 15110] ERROR OMAudit - user=runner | ip=127.0.0.1 | op=GET_FILE_STATUS {volume=volume40966, bucket=bucket64934, key=level0/level2/level2, dataSize=0, replicationConfig=null} | ret=FAILURE
org.apache.hadoop.ozone.om.exceptions.OMException: Unable to get file status: volume: volume40966 bucket: bucket64934 key: level0/level2/level2
	at org.apache.hadoop.ozone.om.KeyManagerImpl.getOzoneFileStatus(KeyManagerImpl.java:1195) ~[ozone-manager-1.4.0-SNAPSHOT.jar:?]
	at org.apache.hadoop.ozone.om.KeyManagerImpl.getFileStatus(KeyManagerImpl.java:1113) ~[ozone-manager-1.4.0-SNAPSHOT.jar:?]
	at org.apache.hadoop.ozone.om.OmMetadataReader.getFileStatus(OmMetadataReader.java:262) ~[ozone-manager-1.4.0-SNAPSHOT.jar:?]
	at org.apache.hadoop.ozone.om.OzoneManager.getFileStatus(OzoneManager.java:3530) ~[ozone-manager-1.4.0-SNAPSHOT.jar:?]
	at org.apache.hadoop.ozone.protocolPB.OzoneManagerRequestHandler.getOzoneFileStatus(OzoneManagerRequestHandler.java:973) ~[ozone-manager-1.4.0-SNAPSHOT.jar:?]
	at org.apache.hadoop.ozone.protocolPB.OzoneManagerRequestHandler.handleReadRequest(OzoneManagerRequestHandler.java:252) ~[ozone-manager-1.4.0-SNAPSHOT.jar:?]
	at org.apache.hadoop.ozone.protocolPB.OzoneManagerProtocolServerSideTranslatorPB.submitReadRequestToOM(OzoneManagerProtocolServerSideTranslatorPB.java:225) ~[ozone-manager-1.4.0-SNAPSHOT.jar:?]
	at org.apache.hadoop.ozone.protocolPB.OzoneManagerProtocolServerSideTranslatorPB.processRequest(OzoneManagerProtocolServerSideTranslatorPB.java:179) ~[ozone-manager-1.4.0-SNAPSHOT.jar:?]
	at org.apache.hadoop.hdds.server.OzoneProtocolMessageDispatcher.processRequest(OzoneProtocolMessageDispatcher.java:87) [hdds-server-framework-1.4.0-SNAPSHOT.jar:?]
	at org.apache.hadoop.ozone.protocolPB.OzoneManagerProtocolServerSideTranslatorPB.submitRequest(OzoneManagerProtocolServerSideTranslatorPB.java:148) [ozone-manager-1.4.0-SNAPSHOT.jar:?]
	at org.apache.hadoop.ozone.protocol.proto.OzoneManagerProtocolProtos$OzoneManagerService$2.callBlockingMethod(OzoneManagerProtocolProtos.java) [ozone-interface-client-1.4.0-SNAPSHOT.jar:?]
	at org.apache.hadoop.ipc.ProtobufRpcEngine$Server.processCall(ProtobufRpcEngine.java:484) [hadoop-common-3.3.6.jar:?]
	at org.apache.hadoop.ipc.ProtobufRpcEngine2$Server$ProtoBufRpcInvoker.call(ProtobufRpcEngine2.java:595) [hadoop-common-3.3.6.jar:?]
	at org.apache.hadoop.ipc.ProtobufRpcEngine2$Server$ProtoBufRpcInvoker.call(ProtobufRpcEngine2.java:573) [hadoop-common-3.3.6.jar:?]
	at org.apache.hadoop.ipc.RPC$Server.call(RPC.java:1227) [hadoop-common-3.3.6.jar:?]
	at org.apache.hadoop.ipc.Server$RpcCall.run(Server.java:1094) [hadoop-common-3.3.6.jar:?]
	at org.apache.hadoop.ipc.Server$RpcCall.run(Server.java:1017) [hadoop-common-3.3.6.jar:?]
	at java.security.AccessController.doPrivileged(Native Method) ~[?:1.8.0_382]
	at javax.security.auth.Subject.doAs(Subject.java:422) [?:1.8.0_382]
	at org.apache.hadoop.security.UserGroupInformation.doAs(UserGroupInformation.java:1899) [hadoop-common-3.3.6.jar:?]
	at org.apache.hadoop.ipc.Server$Handler.run(Server.java:3048) [hadoop-common-3.3.6.jar:?]
18:20:06.526 [IPC Server handler 15 on default port 15110] ERROR OMAudit - user=runner | ip=127.0.0.1 | op=GET_FILE_STATUS {volume=volume40966, bucket=bucket64934, key=level0/level2/file1, dataSize=0, replicationConfig=null} | ret=FAILURE
org.apache.hadoop.ozone.om.exceptions.OMException: Unable to get file status: volume: volume40966 bucket: bucket64934 key: level0/level2/file1
	at org.apache.hadoop.ozone.om.KeyManagerImpl.getOzoneFileStatus(KeyManagerImpl.java:1195) ~[ozone-manager-1.4.0-SNAPSHOT.jar:?]
	at org.apache.hadoop.ozone.om.KeyManagerImpl.getFileStatus(KeyManagerImpl.java:1113) ~[ozone-manager-1.4.0-SNAPSHOT.jar:?]
	at org.apache.hadoop.ozone.om.OmMetadataReader.getFileStatus(OmMetadataReader.java:262) ~[ozone-manager-1.4.0-SNAPSHOT.jar:?]
	at org.apache.hadoop.ozone.om.OzoneManager.getFileStatus(OzoneManager.java:3530) ~[ozone-manager-1.4.0-SNAPSHOT.jar:?]
	at org.apache.hadoop.ozone.protocolPB.OzoneManagerRequestHandler.getOzoneFileStatus(OzoneManagerRequestHandler.java:973) ~[ozone-manager-1.4.0-SNAPSHOT.jar:?]
	at org.apache.hadoop.ozone.protocolPB.OzoneManagerRequestHandler.handleReadRequest(OzoneManagerRequestHandler.java:252) ~[ozone-manager-1.4.0-SNAPSHOT.jar:?]
	at org.apache.hadoop.ozone.protocolPB.OzoneManagerProtocolServerSideTranslatorPB.submitReadRequestToOM(OzoneManagerProtocolServerSideTranslatorPB.java:225) ~[ozone-manager-1.4.0-SNAPSHOT.jar:?]
	at org.apache.hadoop.ozone.protocolPB.OzoneManagerProtocolServerSideTranslatorPB.processRequest(OzoneManagerProtocolServerSideTranslatorPB.java:179) ~[ozone-manager-1.4.0-SNAPSHOT.jar:?]
	at org.apache.hadoop.hdds.server.OzoneProtocolMessageDispatcher.processRequest(OzoneProtocolMessageDispatcher.java:87) [hdds-server-framework-1.4.0-SNAPSHOT.jar:?]
	at org.apache.hadoop.ozone.protocolPB.OzoneManagerProtocolServerSideTranslatorPB.submitRequest(OzoneManagerProtocolServerSideTranslatorPB.java:148) [ozone-manager-1.4.0-SNAPSHOT.jar:?]
	at org.apache.hadoop.ozone.protocol.proto.OzoneManagerProtocolProtos$OzoneManagerService$2.callBlockingMethod(OzoneManagerProtocolProtos.java) [ozone-interface-client-1.4.0-SNAPSHOT.jar:?]
	at org.apache.hadoop.ipc.ProtobufRpcEngine$Server.processCall(ProtobufRpcEngine.java:484) [hadoop-common-3.3.6.jar:?]
	at org.apache.hadoop.ipc.ProtobufRpcEngine2$Server$ProtoBufRpcInvoker.call(ProtobufRpcEngine2.java:595) [hadoop-common-3.3.6.jar:?]
	at org.apache.hadoop.ipc.ProtobufRpcEngine2$Server$ProtoBufRpcInvoker.call(ProtobufRpcEngine2.java:573) [hadoop-common-3.3.6.jar:?]
	at org.apache.hadoop.ipc.RPC$Server.call(RPC.java:1227) [hadoop-common-3.3.6.jar:?]
	at org.apache.hadoop.ipc.Server$RpcCall.run(Server.java:1094) [hadoop-common-3.3.6.jar:?]
	at org.apache.hadoop.ipc.Server$RpcCall.run(Server.java:1017) [hadoop-common-3.3.6.jar:?]
	at java.security.AccessController.doPrivileged(Native Method) ~[?:1.8.0_382]
	at javax.security.auth.Subject.doAs(Subject.java:422) [?:1.8.0_382]
	at org.apache.hadoop.security.UserGroupInformation.doAs(UserGroupInformation.java:1899) [hadoop-common-3.3.6.jar:?]
	at org.apache.hadoop.ipc.Server$Handler.run(Server.java:3048) [hadoop-common-3.3.6.jar:?]
18:20:06.527 [IPC Server handler 13 on default port 15110] ERROR OMAudit - user=runner | ip=127.0.0.1 | op=GET_FILE_STATUS {volume=volume40966, bucket=bucket64934, key=level0/level2/level2/file1, dataSize=0, replicationConfig=null} | ret=FAILURE
org.apache.hadoop.ozone.om.exceptions.OMException: Unable to get file status: volume: volume40966 bucket: bucket64934 key: level0/level2/level2/file1
	at org.apache.hadoop.ozone.om.KeyManagerImpl.getOzoneFileStatus(KeyManagerImpl.java:1195) ~[ozone-manager-1.4.0-SNAPSHOT.jar:?]
	at org.apache.hadoop.ozone.om.KeyManagerImpl.getFileStatus(KeyManagerImpl.java:1113) ~[ozone-manager-1.4.0-SNAPSHOT.jar:?]
	at org.apache.hadoop.ozone.om.OmMetadataReader.getFileStatus(OmMetadataReader.java:262) ~[ozone-manager-1.4.0-SNAPSHOT.jar:?]
	at org.apache.hadoop.ozone.om.OzoneManager.getFileStatus(OzoneManager.java:3530) ~[ozone-manager-1.4.0-SNAPSHOT.jar:?]
	at org.apache.hadoop.ozone.protocolPB.OzoneManagerRequestHandler.getOzoneFileStatus(OzoneManagerRequestHandler.java:973) ~[ozone-manager-1.4.0-SNAPSHOT.jar:?]
	at org.apache.hadoop.ozone.protocolPB.OzoneManagerRequestHandler.handleReadRequest(OzoneManagerRequestHandler.java:252) ~[ozone-manager-1.4.0-SNAPSHOT.jar:?]
	at org.apache.hadoop.ozone.protocolPB.OzoneManagerProtocolServerSideTranslatorPB.submitReadRequestToOM(OzoneManagerProtocolServerSideTranslatorPB.java:225) ~[ozone-manager-1.4.0-SNAPSHOT.jar:?]
	at org.apache.hadoop.ozone.protocolPB.OzoneManagerProtocolServerSideTranslatorPB.processRequest(OzoneManagerProtocolServerSideTranslatorPB.java:179) ~[ozone-manager-1.4.0-SNAPSHOT.jar:?]
	at org.apache.hadoop.hdds.server.OzoneProtocolMessageDispatcher.processRequest(OzoneProtocolMessageDispatcher.java:87) [hdds-server-framework-1.4.0-SNAPSHOT.jar:?]
	at org.apache.hadoop.ozone.protocolPB.OzoneManagerProtocolServerSideTranslatorPB.submitRequest(OzoneManagerProtocolServerSideTranslatorPB.java:148) [ozone-manager-1.4.0-SNAPSHOT.jar:?]
	at org.apache.hadoop.ozone.protocol.proto.OzoneManagerProtocolProtos$OzoneManagerService$2.callBlockingMethod(OzoneManagerProtocolProtos.java) [ozone-interface-client-1.4.0-SNAPSHOT.jar:?]
	at org.apache.hadoop.ipc.ProtobufRpcEngine$Server.processCall(ProtobufRpcEngine.java:484) [hadoop-common-3.3.6.jar:?]
	at org.apache.hadoop.ipc.ProtobufRpcEngine2$Server$ProtoBufRpcInvoker.call(ProtobufRpcEngine2.java:595) [hadoop-common-3.3.6.jar:?]
	at org.apache.hadoop.ipc.ProtobufRpcEngine2$Server$ProtoBufRpcInvoker.call(ProtobufRpcEngine2.java:573) [hadoop-common-3.3.6.jar:?]
	at org.apache.hadoop.ipc.RPC$Server.call(RPC.java:1227) [hadoop-common-3.3.6.jar:?]
	at org.apache.hadoop.ipc.Server$RpcCall.run(Server.java:1094) [hadoop-common-3.3.6.jar:?]
	at org.apache.hadoop.ipc.Server$RpcCall.run(Server.java:1017) [hadoop-common-3.3.6.jar:?]
	at java.security.AccessController.doPrivileged(Native Method) ~[?:1.8.0_382]
	at javax.security.auth.Subject.doAs(Subject.java:422) [?:1.8.0_382]
	at org.apache.hadoop.security.UserGroupInformation.doAs(UserGroupInformation.java:1899) [hadoop-common-3.3.6.jar:?]
	at org.apache.hadoop.ipc.Server$Handler.run(Server.java:3048) [hadoop-common-3.3.6.jar:?]
18:20:06.529 [IPC Server handler 14 on default port 15110] ERROR OMAudit - user=runner | ip=127.0.0.1 | op=GET_FILE_STATUS {volume=volume40966, bucket=bucket64934, key=level0/level3, dataSize=0, replicationConfig=null} | ret=FAILURE
org.apache.hadoop.ozone.om.exceptions.OMException: Unable to get file status: volume: volume40966 bucket: bucket64934 key: level0/level3
	at org.apache.hadoop.ozone.om.KeyManagerImpl.getOzoneFileStatus(KeyManagerImpl.java:1195) ~[ozone-manager-1.4.0-SNAPSHOT.jar:?]
	at org.apache.hadoop.ozone.om.KeyManagerImpl.getFileStatus(KeyManagerImpl.java:1113) ~[ozone-manager-1.4.0-SNAPSHOT.jar:?]
	at org.apache.hadoop.ozone.om.OmMetadataReader.getFileStatus(OmMetadataReader.java:262) ~[ozone-manager-1.4.0-SNAPSHOT.jar:?]
	at org.apache.hadoop.ozone.om.OzoneManager.getFileStatus(OzoneManager.java:3530) ~[ozone-manager-1.4.0-SNAPSHOT.jar:?]
	at org.apache.hadoop.ozone.protocolPB.OzoneManagerRequestHandler.getOzoneFileStatus(OzoneManagerRequestHandler.java:973) ~[ozone-manager-1.4.0-SNAPSHOT.jar:?]
	at org.apache.hadoop.ozone.protocolPB.OzoneManagerRequestHandler.handleReadRequest(OzoneManagerRequestHandler.java:252) ~[ozone-manager-1.4.0-SNAPSHOT.jar:?]
	at org.apache.hadoop.ozone.protocolPB.OzoneManagerProtocolServerSideTranslatorPB.submitReadRequestToOM(OzoneManagerProtocolServerSideTranslatorPB.java:225) ~[ozone-manager-1.4.0-SNAPSHOT.jar:?]
	at org.apache.hadoop.ozone.protocolPB.OzoneManagerProtocolServerSideTranslatorPB.processRequest(OzoneManagerProtocolServerSideTranslatorPB.java:179) ~[ozone-manager-1.4.0-SNAPSHOT.jar:?]
	at org.apache.hadoop.hdds.server.OzoneProtocolMessageDispatcher.processRequest(OzoneProtocolMessageDispatcher.java:87) [hdds-server-framework-1.4.0-SNAPSHOT.jar:?]
	at org.apache.hadoop.ozone.protocolPB.OzoneManagerProtocolServerSideTranslatorPB.submitRequest(OzoneManagerProtocolServerSideTranslatorPB.java:148) [ozone-manager-1.4.0-SNAPSHOT.jar:?]
	at org.apache.hadoop.ozone.protocol.proto.OzoneManagerProtocolProtos$OzoneManagerService$2.callBlockingMethod(OzoneManagerProtocolProtos.java) [ozone-interface-client-1.4.0-SNAPSHOT.jar:?]
	at org.apache.hadoop.ipc.ProtobufRpcEngine$Server.processCall(ProtobufRpcEngine.java:484) [hadoop-common-3.3.6.jar:?]
	at org.apache.hadoop.ipc.ProtobufRpcEngine2$Server$ProtoBufRpcInvoker.call(ProtobufRpcEngine2.java:595) [hadoop-common-3.3.6.jar:?]
	at org.apache.hadoop.ipc.ProtobufRpcEngine2$Server$ProtoBufRpcInvoker.call(ProtobufRpcEngine2.java:573) [hadoop-common-3.3.6.jar:?]
	at org.apache.hadoop.ipc.RPC$Server.call(RPC.java:1227) [hadoop-common-3.3.6.jar:?]
	at org.apache.hadoop.ipc.Server$RpcCall.run(Server.java:1094) [hadoop-common-3.3.6.jar:?]
	at org.apache.hadoop.ipc.Server$RpcCall.run(Server.java:1017) [hadoop-common-3.3.6.jar:?]
	at java.security.AccessController.doPrivileged(Native Method) ~[?:1.8.0_382]
	at javax.security.auth.Subject.doAs(Subject.java:422) [?:1.8.0_382]
	at org.apache.hadoop.security.UserGroupInformation.doAs(UserGroupInformation.java:1899) [hadoop-common-3.3.6.jar:?]
	at org.apache.hadoop.ipc.Server$Handler.run(Server.java:3048) [hadoop-common-3.3.6.jar:?]
18:20:06.531 [IPC Server handler 17 on default port 15110] ERROR OMAudit - user=runner | ip=127.0.0.1 | op=GET_FILE_STATUS {volume=volume40966, bucket=bucket64934, key=level0/level3/level3, dataSize=0, replicationConfig=null} | ret=FAILURE
org.apache.hadoop.ozone.om.exceptions.OMException: Unable to get file status: volume: volume40966 bucket: bucket64934 key: level0/level3/level3
	at org.apache.hadoop.ozone.om.KeyManagerImpl.getOzoneFileStatus(KeyManagerImpl.java:1195) ~[ozone-manager-1.4.0-SNAPSHOT.jar:?]
	at org.apache.hadoop.ozone.om.KeyManagerImpl.getFileStatus(KeyManagerImpl.java:1113) ~[ozone-manager-1.4.0-SNAPSHOT.jar:?]
	at org.apache.hadoop.ozone.om.OmMetadataReader.getFileStatus(OmMetadataReader.java:262) ~[ozone-manager-1.4.0-SNAPSHOT.jar:?]
	at org.apache.hadoop.ozone.om.OzoneManager.getFileStatus(OzoneManager.java:3530) ~[ozone-manager-1.4.0-SNAPSHOT.jar:?]
	at org.apache.hadoop.ozone.protocolPB.OzoneManagerRequestHandler.getOzoneFileStatus(OzoneManagerRequestHandler.java:973) ~[ozone-manager-1.4.0-SNAPSHOT.jar:?]
	at org.apache.hadoop.ozone.protocolPB.OzoneManagerRequestHandler.handleReadRequest(OzoneManagerRequestHandler.java:252) ~[ozone-manager-1.4.0-SNAPSHOT.jar:?]
	at org.apache.hadoop.ozone.protocolPB.OzoneManagerProtocolServerSideTranslatorPB.submitReadRequestToOM(OzoneManagerProtocolServerSideTranslatorPB.java:225) ~[ozone-manager-1.4.0-SNAPSHOT.jar:?]
	at org.apache.hadoop.ozone.protocolPB.OzoneManagerProtocolServerSideTranslatorPB.processRequest(OzoneManagerProtocolServerSideTranslatorPB.java:179) ~[ozone-manager-1.4.0-SNAPSHOT.jar:?]
	at org.apache.hadoop.hdds.server.OzoneProtocolMessageDispatcher.processRequest(OzoneProtocolMessageDispatcher.java:87) [hdds-server-framework-1.4.0-SNAPSHOT.jar:?]
	at org.apache.hadoop.ozone.protocolPB.OzoneManagerProtocolServerSideTranslatorPB.submitRequest(OzoneManagerProtocolServerSideTranslatorPB.java:148) [ozone-manager-1.4.0-SNAPSHOT.jar:?]
	at org.apache.hadoop.ozone.protocol.proto.OzoneManagerProtocolProtos$OzoneManagerService$2.callBlockingMethod(OzoneManagerProtocolProtos.java) [ozone-interface-client-1.4.0-SNAPSHOT.jar:?]
	at org.apache.hadoop.ipc.ProtobufRpcEngine$Server.processCall(ProtobufRpcEngine.java:484) [hadoop-common-3.3.6.jar:?]
	at org.apache.hadoop.ipc.ProtobufRpcEngine2$Server$ProtoBufRpcInvoker.call(ProtobufRpcEngine2.java:595) [hadoop-common-3.3.6.jar:?]
	at org.apache.hadoop.ipc.ProtobufRpcEngine2$Server$ProtoBufRpcInvoker.call(ProtobufRpcEngine2.java:573) [hadoop-common-3.3.6.jar:?]
	at org.apache.hadoop.ipc.RPC$Server.call(RPC.java:1227) [hadoop-common-3.3.6.jar:?]
	at org.apache.hadoop.ipc.Server$RpcCall.run(Server.java:1094) [hadoop-common-3.3.6.jar:?]
	at org.apache.hadoop.ipc.Server$RpcCall.run(Server.java:1017) [hadoop-common-3.3.6.jar:?]
	at java.security.AccessController.doPrivileged(Native Method) ~[?:1.8.0_382]
	at javax.security.auth.Subject.doAs(Subject.java:422) [?:1.8.0_382]
	at org.apache.hadoop.security.UserGroupInformation.doAs(UserGroupInformation.java:1899) [hadoop-common-3.3.6.jar:?]
	at org.apache.hadoop.ipc.Server$Handler.run(Server.java:3048) [hadoop-common-3.3.6.jar:?]
18:20:06.533 [IPC Server handler 16 on default port 15110] ERROR OMAudit - user=runner | ip=127.0.0.1 | op=GET_FILE_STATUS {volume=volume40966, bucket=bucket64934, key=level0/level3/file1, dataSize=0, replicationConfig=null} | ret=FAILURE
org.apache.hadoop.ozone.om.exceptions.OMException: Unable to get file status: volume: volume40966 bucket: bucket64934 key: level0/level3/file1
	at org.apache.hadoop.ozone.om.KeyManagerImpl.getOzoneFileStatus(KeyManagerImpl.java:1195) ~[ozone-manager-1.4.0-SNAPSHOT.jar:?]
	at org.apache.hadoop.ozone.om.KeyManagerImpl.getFileStatus(KeyManagerImpl.java:1113) ~[ozone-manager-1.4.0-SNAPSHOT.jar:?]
	at org.apache.hadoop.ozone.om.OmMetadataReader.getFileStatus(OmMetadataReader.java:262) ~[ozone-manager-1.4.0-SNAPSHOT.jar:?]
	at org.apache.hadoop.ozone.om.OzoneManager.getFileStatus(OzoneManager.java:3530) ~[ozone-manager-1.4.0-SNAPSHOT.jar:?]
	at org.apache.hadoop.ozone.protocolPB.OzoneManagerRequestHandler.getOzoneFileStatus(OzoneManagerRequestHandler.java:973) ~[ozone-manager-1.4.0-SNAPSHOT.jar:?]
	at org.apache.hadoop.ozone.protocolPB.OzoneManagerRequestHandler.handleReadRequest(OzoneManagerRequestHandler.java:252) ~[ozone-manager-1.4.0-SNAPSHOT.jar:?]
	at org.apache.hadoop.ozone.protocolPB.OzoneManagerProtocolServerSideTranslatorPB.submitReadRequestToOM(OzoneManagerProtocolServerSideTranslatorPB.java:225) ~[ozone-manager-1.4.0-SNAPSHOT.jar:?]
	at org.apache.hadoop.ozone.protocolPB.OzoneManagerProtocolServerSideTranslatorPB.processRequest(OzoneManagerProtocolServerSideTranslatorPB.java:179) ~[ozone-manager-1.4.0-SNAPSHOT.jar:?]
	at org.apache.hadoop.hdds.server.OzoneProtocolMessageDispatcher.processRequest(OzoneProtocolMessageDispatcher.java:87) [hdds-server-framework-1.4.0-SNAPSHOT.jar:?]
	at org.apache.hadoop.ozone.protocolPB.OzoneManagerProtocolServerSideTranslatorPB.submitRequest(OzoneManagerProtocolServerSideTranslatorPB.java:148) [ozone-manager-1.4.0-SNAPSHOT.jar:?]
	at org.apache.hadoop.ozone.protocol.proto.OzoneManagerProtocolProtos$OzoneManagerService$2.callBlockingMethod(OzoneManagerProtocolProtos.java) [ozone-interface-client-1.4.0-SNAPSHOT.jar:?]
	at org.apache.hadoop.ipc.ProtobufRpcEngine$Server.processCall(ProtobufRpcEngine.java:484) [hadoop-common-3.3.6.jar:?]
	at org.apache.hadoop.ipc.ProtobufRpcEngine2$Server$ProtoBufRpcInvoker.call(ProtobufRpcEngine2.java:595) [hadoop-common-3.3.6.jar:?]
	at org.apache.hadoop.ipc.ProtobufRpcEngine2$Server$ProtoBufRpcInvoker.call(ProtobufRpcEngine2.java:573) [hadoop-common-3.3.6.jar:?]
	at org.apache.hadoop.ipc.RPC$Server.call(RPC.java:1227) [hadoop-common-3.3.6.jar:?]
	at org.apache.hadoop.ipc.Server$RpcCall.run(Server.java:1094) [hadoop-common-3.3.6.jar:?]
	at org.apache.hadoop.ipc.Server$RpcCall.run(Server.java:1017) [hadoop-common-3.3.6.jar:?]
	at java.security.AccessController.doPrivileged(Native Method) ~[?:1.8.0_382]
	at javax.security.auth.Subject.doAs(Subject.java:422) [?:1.8.0_382]
	at org.apache.hadoop.security.UserGroupInformation.doAs(UserGroupInformation.java:1899) [hadoop-common-3.3.6.jar:?]
	at org.apache.hadoop.ipc.Server$Handler.run(Server.java:3048) [hadoop-common-3.3.6.jar:?]
18:20:06.535 [IPC Server handler 18 on default port 15110] ERROR OMAudit - user=runner | ip=127.0.0.1 | op=GET_FILE_STATUS {volume=volume40966, bucket=bucket64934, key=level0/level3/level3/file1, dataSize=0, replicationConfig=null} | ret=FAILURE
org.apache.hadoop.ozone.om.exceptions.OMException: Unable to get file status: volume: volume40966 bucket: bucket64934 key: level0/level3/level3/file1
	at org.apache.hadoop.ozone.om.KeyManagerImpl.getOzoneFileStatus(KeyManagerImpl.java:1195) ~[ozone-manager-1.4.0-SNAPSHOT.jar:?]
	at org.apache.hadoop.ozone.om.KeyManagerImpl.getFileStatus(KeyManagerImpl.java:1113) ~[ozone-manager-1.4.0-SNAPSHOT.jar:?]
	at org.apache.hadoop.ozone.om.OmMetadataReader.getFileStatus(OmMetadataReader.java:262) ~[ozone-manager-1.4.0-SNAPSHOT.jar:?]
	at org.apache.hadoop.ozone.om.OzoneManager.getFileStatus(OzoneManager.java:3530) ~[ozone-manager-1.4.0-SNAPSHOT.jar:?]
	at org.apache.hadoop.ozone.protocolPB.OzoneManagerRequestHandler.getOzoneFileStatus(OzoneManagerRequestHandler.java:973) ~[ozone-manager-1.4.0-SNAPSHOT.jar:?]
	at org.apache.hadoop.ozone.protocolPB.OzoneManagerRequestHandler.handleReadRequest(OzoneManagerRequestHandler.java:252) ~[ozone-manager-1.4.0-SNAPSHOT.jar:?]
	at org.apache.hadoop.ozone.protocolPB.OzoneManagerProtocolServerSideTranslatorPB.submitReadRequestToOM(OzoneManagerProtocolServerSideTranslatorPB.java:225) ~[ozone-manager-1.4.0-SNAPSHOT.jar:?]
	at org.apache.hadoop.ozone.protocolPB.OzoneManagerProtocolServerSideTranslatorPB.processRequest(OzoneManagerProtocolServerSideTranslatorPB.java:179) ~[ozone-manager-1.4.0-SNAPSHOT.jar:?]
	at org.apache.hadoop.hdds.server.OzoneProtocolMessageDispatcher.processRequest(OzoneProtocolMessageDispatcher.java:87) [hdds-server-framework-1.4.0-SNAPSHOT.jar:?]
	at org.apache.hadoop.ozone.protocolPB.OzoneManagerProtocolServerSideTranslatorPB.submitRequest(OzoneManagerProtocolServerSideTranslatorPB.java:148) [ozone-manager-1.4.0-SNAPSHOT.jar:?]
	at org.apache.hadoop.ozone.protocol.proto.OzoneManagerProtocolProtos$OzoneManagerService$2.callBlockingMethod(OzoneManagerProtocolProtos.java) [ozone-interface-client-1.4.0-SNAPSHOT.jar:?]
	at org.apache.hadoop.ipc.ProtobufRpcEngine$Server.processCall(ProtobufRpcEngine.java:484) [hadoop-common-3.3.6.jar:?]
	at org.apache.hadoop.ipc.ProtobufRpcEngine2$Server$ProtoBufRpcInvoker.call(ProtobufRpcEngine2.java:595) [hadoop-common-3.3.6.jar:?]
	at org.apache.hadoop.ipc.ProtobufRpcEngine2$Server$ProtoBufRpcInvoker.call(ProtobufRpcEngine2.java:573) [hadoop-common-3.3.6.jar:?]
	at org.apache.hadoop.ipc.RPC$Server.call(RPC.java:1227) [hadoop-common-3.3.6.jar:?]
	at org.apache.hadoop.ipc.Server$RpcCall.run(Server.java:1094) [hadoop-common-3.3.6.jar:?]
	at org.apache.hadoop.ipc.Server$RpcCall.run(Server.java:1017) [hadoop-common-3.3.6.jar:?]
	at java.security.AccessController.doPrivileged(Native Method) ~[?:1.8.0_382]
	at javax.security.auth.Subject.doAs(Subject.java:422) [?:1.8.0_382]
	at org.apache.hadoop.security.UserGroupInformation.doAs(UserGroupInformation.java:1899) [hadoop-common-3.3.6.jar:?]
	at org.apache.hadoop.ipc.Server$Handler.run(Server.java:3048) [hadoop-common-3.3.6.jar:?]
]]></system-out>
  </testcase>
  <testcase name="testRecursiveDelete" classname="TestOzoneFileSystem" time="0.183">
    <system-out><![CDATA[18:21:34.843 [IPC Server handler 15 on default port 15163] ERROR OMAudit - user=runner | ip=127.0.0.1 | op=GET_FILE_STATUS {volume=volume65627, bucket=bucket59265, key=gdir1, dataSize=0, replicationConfig=null} | ret=FAILURE
org.apache.hadoop.ozone.om.exceptions.OMException: Unable to get file status: volume: volume65627 bucket: bucket59265 key: gdir1
	at org.apache.hadoop.ozone.om.KeyManagerImpl.getOzoneFileStatus(KeyManagerImpl.java:1195) ~[ozone-manager-1.4.0-SNAPSHOT.jar:?]
	at org.apache.hadoop.ozone.om.KeyManagerImpl.getFileStatus(KeyManagerImpl.java:1113) ~[ozone-manager-1.4.0-SNAPSHOT.jar:?]
	at org.apache.hadoop.ozone.om.OmMetadataReader.getFileStatus(OmMetadataReader.java:262) ~[ozone-manager-1.4.0-SNAPSHOT.jar:?]
	at org.apache.hadoop.ozone.om.OzoneManager.getFileStatus(OzoneManager.java:3530) ~[ozone-manager-1.4.0-SNAPSHOT.jar:?]
	at org.apache.hadoop.ozone.protocolPB.OzoneManagerRequestHandler.getOzoneFileStatus(OzoneManagerRequestHandler.java:973) ~[ozone-manager-1.4.0-SNAPSHOT.jar:?]
	at org.apache.hadoop.ozone.protocolPB.OzoneManagerRequestHandler.handleReadRequest(OzoneManagerRequestHandler.java:252) ~[ozone-manager-1.4.0-SNAPSHOT.jar:?]
	at org.apache.hadoop.ozone.protocolPB.OzoneManagerProtocolServerSideTranslatorPB.submitRequestDirectlyToOM(OzoneManagerProtocolServerSideTranslatorPB.java:274) ~[ozone-manager-1.4.0-SNAPSHOT.jar:?]
	at org.apache.hadoop.ozone.protocolPB.OzoneManagerProtocolServerSideTranslatorPB.processRequest(OzoneManagerProtocolServerSideTranslatorPB.java:175) ~[ozone-manager-1.4.0-SNAPSHOT.jar:?]
	at org.apache.hadoop.hdds.server.OzoneProtocolMessageDispatcher.processRequest(OzoneProtocolMessageDispatcher.java:87) [hdds-server-framework-1.4.0-SNAPSHOT.jar:?]
	at org.apache.hadoop.ozone.protocolPB.OzoneManagerProtocolServerSideTranslatorPB.submitRequest(OzoneManagerProtocolServerSideTranslatorPB.java:148) [ozone-manager-1.4.0-SNAPSHOT.jar:?]
	at org.apache.hadoop.ozone.protocol.proto.OzoneManagerProtocolProtos$OzoneManagerService$2.callBlockingMethod(OzoneManagerProtocolProtos.java) [ozone-interface-client-1.4.0-SNAPSHOT.jar:?]
	at org.apache.hadoop.ipc.ProtobufRpcEngine$Server.processCall(ProtobufRpcEngine.java:484) [hadoop-common-3.3.6.jar:?]
	at org.apache.hadoop.ipc.ProtobufRpcEngine2$Server$ProtoBufRpcInvoker.call(ProtobufRpcEngine2.java:595) [hadoop-common-3.3.6.jar:?]
	at org.apache.hadoop.ipc.ProtobufRpcEngine2$Server$ProtoBufRpcInvoker.call(ProtobufRpcEngine2.java:573) [hadoop-common-3.3.6.jar:?]
	at org.apache.hadoop.ipc.RPC$Server.call(RPC.java:1227) [hadoop-common-3.3.6.jar:?]
	at org.apache.hadoop.ipc.Server$RpcCall.run(Server.java:1094) [hadoop-common-3.3.6.jar:?]
	at org.apache.hadoop.ipc.Server$RpcCall.run(Server.java:1017) [hadoop-common-3.3.6.jar:?]
	at java.security.AccessController.doPrivileged(Native Method) ~[?:1.8.0_382]
	at javax.security.auth.Subject.doAs(Subject.java:422) [?:1.8.0_382]
	at org.apache.hadoop.security.UserGroupInformation.doAs(UserGroupInformation.java:1899) [hadoop-common-3.3.6.jar:?]
	at org.apache.hadoop.ipc.Server$Handler.run(Server.java:3048) [hadoop-common-3.3.6.jar:?]
18:21:34.845 [IPC Server handler 16 on default port 15163] ERROR OMAudit - user=runner | ip=127.0.0.1 | op=GET_FILE_STATUS {volume=volume65627, bucket=bucket59265, key=gdir1/dir1, dataSize=0, replicationConfig=null} | ret=FAILURE
org.apache.hadoop.ozone.om.exceptions.OMException: Unable to get file status: volume: volume65627 bucket: bucket59265 key: gdir1/dir1
	at org.apache.hadoop.ozone.om.KeyManagerImpl.getOzoneFileStatus(KeyManagerImpl.java:1195) ~[ozone-manager-1.4.0-SNAPSHOT.jar:?]
	at org.apache.hadoop.ozone.om.KeyManagerImpl.getFileStatus(KeyManagerImpl.java:1113) ~[ozone-manager-1.4.0-SNAPSHOT.jar:?]
	at org.apache.hadoop.ozone.om.OmMetadataReader.getFileStatus(OmMetadataReader.java:262) ~[ozone-manager-1.4.0-SNAPSHOT.jar:?]
	at org.apache.hadoop.ozone.om.OzoneManager.getFileStatus(OzoneManager.java:3530) ~[ozone-manager-1.4.0-SNAPSHOT.jar:?]
	at org.apache.hadoop.ozone.protocolPB.OzoneManagerRequestHandler.getOzoneFileStatus(OzoneManagerRequestHandler.java:973) ~[ozone-manager-1.4.0-SNAPSHOT.jar:?]
	at org.apache.hadoop.ozone.protocolPB.OzoneManagerRequestHandler.handleReadRequest(OzoneManagerRequestHandler.java:252) ~[ozone-manager-1.4.0-SNAPSHOT.jar:?]
	at org.apache.hadoop.ozone.protocolPB.OzoneManagerProtocolServerSideTranslatorPB.submitRequestDirectlyToOM(OzoneManagerProtocolServerSideTranslatorPB.java:274) ~[ozone-manager-1.4.0-SNAPSHOT.jar:?]
	at org.apache.hadoop.ozone.protocolPB.OzoneManagerProtocolServerSideTranslatorPB.processRequest(OzoneManagerProtocolServerSideTranslatorPB.java:175) ~[ozone-manager-1.4.0-SNAPSHOT.jar:?]
	at org.apache.hadoop.hdds.server.OzoneProtocolMessageDispatcher.processRequest(OzoneProtocolMessageDispatcher.java:87) [hdds-server-framework-1.4.0-SNAPSHOT.jar:?]
	at org.apache.hadoop.ozone.protocolPB.OzoneManagerProtocolServerSideTranslatorPB.submitRequest(OzoneManagerProtocolServerSideTranslatorPB.java:148) [ozone-manager-1.4.0-SNAPSHOT.jar:?]
	at org.apache.hadoop.ozone.protocol.proto.OzoneManagerProtocolProtos$OzoneManagerService$2.callBlockingMethod(OzoneManagerProtocolProtos.java) [ozone-interface-client-1.4.0-SNAPSHOT.jar:?]
	at org.apache.hadoop.ipc.ProtobufRpcEngine$Server.processCall(ProtobufRpcEngine.java:484) [hadoop-common-3.3.6.jar:?]
	at org.apache.hadoop.ipc.ProtobufRpcEngine2$Server$ProtoBufRpcInvoker.call(ProtobufRpcEngine2.java:595) [hadoop-common-3.3.6.jar:?]
	at org.apache.hadoop.ipc.ProtobufRpcEngine2$Server$ProtoBufRpcInvoker.call(ProtobufRpcEngine2.java:573) [hadoop-common-3.3.6.jar:?]
	at org.apache.hadoop.ipc.RPC$Server.call(RPC.java:1227) [hadoop-common-3.3.6.jar:?]
	at org.apache.hadoop.ipc.Server$RpcCall.run(Server.java:1094) [hadoop-common-3.3.6.jar:?]
	at org.apache.hadoop.ipc.Server$RpcCall.run(Server.java:1017) [hadoop-common-3.3.6.jar:?]
	at java.security.AccessController.doPrivileged(Native Method) ~[?:1.8.0_382]
	at javax.security.auth.Subject.doAs(Subject.java:422) [?:1.8.0_382]
	at org.apache.hadoop.security.UserGroupInformation.doAs(UserGroupInformation.java:1899) [hadoop-common-3.3.6.jar:?]
	at org.apache.hadoop.ipc.Server$Handler.run(Server.java:3048) [hadoop-common-3.3.6.jar:?]
18:21:34.846 [IPC Server handler 17 on default port 15163] ERROR OMAudit - user=runner | ip=127.0.0.1 | op=GET_FILE_STATUS {volume=volume65627, bucket=bucket59265, key=gdir1/dir1/child, dataSize=0, replicationConfig=null} | ret=FAILURE
org.apache.hadoop.ozone.om.exceptions.OMException: Unable to get file status: volume: volume65627 bucket: bucket59265 key: gdir1/dir1/child
	at org.apache.hadoop.ozone.om.KeyManagerImpl.getOzoneFileStatus(KeyManagerImpl.java:1195) ~[ozone-manager-1.4.0-SNAPSHOT.jar:?]
	at org.apache.hadoop.ozone.om.KeyManagerImpl.getFileStatus(KeyManagerImpl.java:1113) ~[ozone-manager-1.4.0-SNAPSHOT.jar:?]
	at org.apache.hadoop.ozone.om.OmMetadataReader.getFileStatus(OmMetadataReader.java:262) ~[ozone-manager-1.4.0-SNAPSHOT.jar:?]
	at org.apache.hadoop.ozone.om.OzoneManager.getFileStatus(OzoneManager.java:3530) ~[ozone-manager-1.4.0-SNAPSHOT.jar:?]
	at org.apache.hadoop.ozone.protocolPB.OzoneManagerRequestHandler.getOzoneFileStatus(OzoneManagerRequestHandler.java:973) ~[ozone-manager-1.4.0-SNAPSHOT.jar:?]
	at org.apache.hadoop.ozone.protocolPB.OzoneManagerRequestHandler.handleReadRequest(OzoneManagerRequestHandler.java:252) ~[ozone-manager-1.4.0-SNAPSHOT.jar:?]
	at org.apache.hadoop.ozone.protocolPB.OzoneManagerProtocolServerSideTranslatorPB.submitRequestDirectlyToOM(OzoneManagerProtocolServerSideTranslatorPB.java:274) ~[ozone-manager-1.4.0-SNAPSHOT.jar:?]
	at org.apache.hadoop.ozone.protocolPB.OzoneManagerProtocolServerSideTranslatorPB.processRequest(OzoneManagerProtocolServerSideTranslatorPB.java:175) ~[ozone-manager-1.4.0-SNAPSHOT.jar:?]
	at org.apache.hadoop.hdds.server.OzoneProtocolMessageDispatcher.processRequest(OzoneProtocolMessageDispatcher.java:87) [hdds-server-framework-1.4.0-SNAPSHOT.jar:?]
	at org.apache.hadoop.ozone.protocolPB.OzoneManagerProtocolServerSideTranslatorPB.submitRequest(OzoneManagerProtocolServerSideTranslatorPB.java:148) [ozone-manager-1.4.0-SNAPSHOT.jar:?]
	at org.apache.hadoop.ozone.protocol.proto.OzoneManagerProtocolProtos$OzoneManagerService$2.callBlockingMethod(OzoneManagerProtocolProtos.java) [ozone-interface-client-1.4.0-SNAPSHOT.jar:?]
	at org.apache.hadoop.ipc.ProtobufRpcEngine$Server.processCall(ProtobufRpcEngine.java:484) [hadoop-common-3.3.6.jar:?]
	at org.apache.hadoop.ipc.ProtobufRpcEngine2$Server$ProtoBufRpcInvoker.call(ProtobufRpcEngine2.java:595) [hadoop-common-3.3.6.jar:?]
	at org.apache.hadoop.ipc.ProtobufRpcEngine2$Server$ProtoBufRpcInvoker.call(ProtobufRpcEngine2.java:573) [hadoop-common-3.3.6.jar:?]
	at org.apache.hadoop.ipc.RPC$Server.call(RPC.java:1227) [hadoop-common-3.3.6.jar:?]
	at org.apache.hadoop.ipc.Server$RpcCall.run(Server.java:1094) [hadoop-common-3.3.6.jar:?]
	at org.apache.hadoop.ipc.Server$RpcCall.run(Server.java:1017) [hadoop-common-3.3.6.jar:?]
	at java.security.AccessController.doPrivileged(Native Method) ~[?:1.8.0_382]
	at javax.security.auth.Subject.doAs(Subject.java:422) [?:1.8.0_382]
	at org.apache.hadoop.security.UserGroupInformation.doAs(UserGroupInformation.java:1899) [hadoop-common-3.3.6.jar:?]
	at org.apache.hadoop.ipc.Server$Handler.run(Server.java:3048) [hadoop-common-3.3.6.jar:?]
18:21:34.847 [IPC Server handler 19 on default port 15163] ERROR OMAudit - user=runner | ip=127.0.0.1 | op=GET_FILE_STATUS {volume=volume65627, bucket=bucket59265, key=gdir1/dir2, dataSize=0, replicationConfig=null} | ret=FAILURE
org.apache.hadoop.ozone.om.exceptions.OMException: Unable to get file status: volume: volume65627 bucket: bucket59265 key: gdir1/dir2
	at org.apache.hadoop.ozone.om.KeyManagerImpl.getOzoneFileStatus(KeyManagerImpl.java:1195) ~[ozone-manager-1.4.0-SNAPSHOT.jar:?]
	at org.apache.hadoop.ozone.om.KeyManagerImpl.getFileStatus(KeyManagerImpl.java:1113) ~[ozone-manager-1.4.0-SNAPSHOT.jar:?]
	at org.apache.hadoop.ozone.om.OmMetadataReader.getFileStatus(OmMetadataReader.java:262) ~[ozone-manager-1.4.0-SNAPSHOT.jar:?]
	at org.apache.hadoop.ozone.om.OzoneManager.getFileStatus(OzoneManager.java:3530) ~[ozone-manager-1.4.0-SNAPSHOT.jar:?]
	at org.apache.hadoop.ozone.protocolPB.OzoneManagerRequestHandler.getOzoneFileStatus(OzoneManagerRequestHandler.java:973) ~[ozone-manager-1.4.0-SNAPSHOT.jar:?]
	at org.apache.hadoop.ozone.protocolPB.OzoneManagerRequestHandler.handleReadRequest(OzoneManagerRequestHandler.java:252) ~[ozone-manager-1.4.0-SNAPSHOT.jar:?]
	at org.apache.hadoop.ozone.protocolPB.OzoneManagerProtocolServerSideTranslatorPB.submitRequestDirectlyToOM(OzoneManagerProtocolServerSideTranslatorPB.java:274) ~[ozone-manager-1.4.0-SNAPSHOT.jar:?]
	at org.apache.hadoop.ozone.protocolPB.OzoneManagerProtocolServerSideTranslatorPB.processRequest(OzoneManagerProtocolServerSideTranslatorPB.java:175) ~[ozone-manager-1.4.0-SNAPSHOT.jar:?]
	at org.apache.hadoop.hdds.server.OzoneProtocolMessageDispatcher.processRequest(OzoneProtocolMessageDispatcher.java:87) [hdds-server-framework-1.4.0-SNAPSHOT.jar:?]
	at org.apache.hadoop.ozone.protocolPB.OzoneManagerProtocolServerSideTranslatorPB.submitRequest(OzoneManagerProtocolServerSideTranslatorPB.java:148) [ozone-manager-1.4.0-SNAPSHOT.jar:?]
	at org.apache.hadoop.ozone.protocol.proto.OzoneManagerProtocolProtos$OzoneManagerService$2.callBlockingMethod(OzoneManagerProtocolProtos.java) [ozone-interface-client-1.4.0-SNAPSHOT.jar:?]
	at org.apache.hadoop.ipc.ProtobufRpcEngine$Server.processCall(ProtobufRpcEngine.java:484) [hadoop-common-3.3.6.jar:?]
	at org.apache.hadoop.ipc.ProtobufRpcEngine2$Server$ProtoBufRpcInvoker.call(ProtobufRpcEngine2.java:595) [hadoop-common-3.3.6.jar:?]
	at org.apache.hadoop.ipc.ProtobufRpcEngine2$Server$ProtoBufRpcInvoker.call(ProtobufRpcEngine2.java:573) [hadoop-common-3.3.6.jar:?]
	at org.apache.hadoop.ipc.RPC$Server.call(RPC.java:1227) [hadoop-common-3.3.6.jar:?]
	at org.apache.hadoop.ipc.Server$RpcCall.run(Server.java:1094) [hadoop-common-3.3.6.jar:?]
	at org.apache.hadoop.ipc.Server$RpcCall.run(Server.java:1017) [hadoop-common-3.3.6.jar:?]
	at java.security.AccessController.doPrivileged(Native Method) ~[?:1.8.0_382]
	at javax.security.auth.Subject.doAs(Subject.java:422) [?:1.8.0_382]
	at org.apache.hadoop.security.UserGroupInformation.doAs(UserGroupInformation.java:1899) [hadoop-common-3.3.6.jar:?]
	at org.apache.hadoop.ipc.Server$Handler.run(Server.java:3048) [hadoop-common-3.3.6.jar:?]
18:21:34.847 [IPC Server handler 18 on default port 15163] ERROR OMAudit - user=runner | ip=127.0.0.1 | op=GET_FILE_STATUS {volume=volume65627, bucket=bucket59265, key=gdir1/dir2/child, dataSize=0, replicationConfig=null} | ret=FAILURE
org.apache.hadoop.ozone.om.exceptions.OMException: Unable to get file status: volume: volume65627 bucket: bucket59265 key: gdir1/dir2/child
	at org.apache.hadoop.ozone.om.KeyManagerImpl.getOzoneFileStatus(KeyManagerImpl.java:1195) ~[ozone-manager-1.4.0-SNAPSHOT.jar:?]
	at org.apache.hadoop.ozone.om.KeyManagerImpl.getFileStatus(KeyManagerImpl.java:1113) ~[ozone-manager-1.4.0-SNAPSHOT.jar:?]
	at org.apache.hadoop.ozone.om.OmMetadataReader.getFileStatus(OmMetadataReader.java:262) ~[ozone-manager-1.4.0-SNAPSHOT.jar:?]
	at org.apache.hadoop.ozone.om.OzoneManager.getFileStatus(OzoneManager.java:3530) ~[ozone-manager-1.4.0-SNAPSHOT.jar:?]
	at org.apache.hadoop.ozone.protocolPB.OzoneManagerRequestHandler.getOzoneFileStatus(OzoneManagerRequestHandler.java:973) ~[ozone-manager-1.4.0-SNAPSHOT.jar:?]
	at org.apache.hadoop.ozone.protocolPB.OzoneManagerRequestHandler.handleReadRequest(OzoneManagerRequestHandler.java:252) ~[ozone-manager-1.4.0-SNAPSHOT.jar:?]
	at org.apache.hadoop.ozone.protocolPB.OzoneManagerProtocolServerSideTranslatorPB.submitRequestDirectlyToOM(OzoneManagerProtocolServerSideTranslatorPB.java:274) ~[ozone-manager-1.4.0-SNAPSHOT.jar:?]
	at org.apache.hadoop.ozone.protocolPB.OzoneManagerProtocolServerSideTranslatorPB.processRequest(OzoneManagerProtocolServerSideTranslatorPB.java:175) ~[ozone-manager-1.4.0-SNAPSHOT.jar:?]
	at org.apache.hadoop.hdds.server.OzoneProtocolMessageDispatcher.processRequest(OzoneProtocolMessageDispatcher.java:87) [hdds-server-framework-1.4.0-SNAPSHOT.jar:?]
	at org.apache.hadoop.ozone.protocolPB.OzoneManagerProtocolServerSideTranslatorPB.submitRequest(OzoneManagerProtocolServerSideTranslatorPB.java:148) [ozone-manager-1.4.0-SNAPSHOT.jar:?]
	at org.apache.hadoop.ozone.protocol.proto.OzoneManagerProtocolProtos$OzoneManagerService$2.callBlockingMethod(OzoneManagerProtocolProtos.java) [ozone-interface-client-1.4.0-SNAPSHOT.jar:?]
	at org.apache.hadoop.ipc.ProtobufRpcEngine$Server.processCall(ProtobufRpcEngine.java:484) [hadoop-common-3.3.6.jar:?]
	at org.apache.hadoop.ipc.ProtobufRpcEngine2$Server$ProtoBufRpcInvoker.call(ProtobufRpcEngine2.java:595) [hadoop-common-3.3.6.jar:?]
	at org.apache.hadoop.ipc.ProtobufRpcEngine2$Server$ProtoBufRpcInvoker.call(ProtobufRpcEngine2.java:573) [hadoop-common-3.3.6.jar:?]
	at org.apache.hadoop.ipc.RPC$Server.call(RPC.java:1227) [hadoop-common-3.3.6.jar:?]
	at org.apache.hadoop.ipc.Server$RpcCall.run(Server.java:1094) [hadoop-common-3.3.6.jar:?]
	at org.apache.hadoop.ipc.Server$RpcCall.run(Server.java:1017) [hadoop-common-3.3.6.jar:?]
	at java.security.AccessController.doPrivileged(Native Method) ~[?:1.8.0_382]
	at javax.security.auth.Subject.doAs(Subject.java:422) [?:1.8.0_382]
	at org.apache.hadoop.security.UserGroupInformation.doAs(UserGroupInformation.java:1899) [hadoop-common-3.3.6.jar:?]
	at org.apache.hadoop.ipc.Server$Handler.run(Server.java:3048) [hadoop-common-3.3.6.jar:?]
18:21:34.850 [IPC Server handler 2 on default port 15163] ERROR OMAudit - user=runner | ip=127.0.0.1 | op=GET_FILE_STATUS {volume=volume65627, bucket=bucket59265, key=gdir1/dir3, dataSize=0, replicationConfig=null} | ret=FAILURE
org.apache.hadoop.ozone.om.exceptions.OMException: Unable to get file status: volume: volume65627 bucket: bucket59265 key: gdir1/dir3
	at org.apache.hadoop.ozone.om.KeyManagerImpl.getOzoneFileStatus(KeyManagerImpl.java:1195) ~[ozone-manager-1.4.0-SNAPSHOT.jar:?]
	at org.apache.hadoop.ozone.om.KeyManagerImpl.getFileStatus(KeyManagerImpl.java:1113) ~[ozone-manager-1.4.0-SNAPSHOT.jar:?]
	at org.apache.hadoop.ozone.om.OmMetadataReader.getFileStatus(OmMetadataReader.java:262) ~[ozone-manager-1.4.0-SNAPSHOT.jar:?]
	at org.apache.hadoop.ozone.om.OzoneManager.getFileStatus(OzoneManager.java:3530) ~[ozone-manager-1.4.0-SNAPSHOT.jar:?]
	at org.apache.hadoop.ozone.protocolPB.OzoneManagerRequestHandler.getOzoneFileStatus(OzoneManagerRequestHandler.java:973) ~[ozone-manager-1.4.0-SNAPSHOT.jar:?]
	at org.apache.hadoop.ozone.protocolPB.OzoneManagerRequestHandler.handleReadRequest(OzoneManagerRequestHandler.java:252) ~[ozone-manager-1.4.0-SNAPSHOT.jar:?]
	at org.apache.hadoop.ozone.protocolPB.OzoneManagerProtocolServerSideTranslatorPB.submitRequestDirectlyToOM(OzoneManagerProtocolServerSideTranslatorPB.java:274) ~[ozone-manager-1.4.0-SNAPSHOT.jar:?]
	at org.apache.hadoop.ozone.protocolPB.OzoneManagerProtocolServerSideTranslatorPB.processRequest(OzoneManagerProtocolServerSideTranslatorPB.java:175) ~[ozone-manager-1.4.0-SNAPSHOT.jar:?]
	at org.apache.hadoop.hdds.server.OzoneProtocolMessageDispatcher.processRequest(OzoneProtocolMessageDispatcher.java:87) [hdds-server-framework-1.4.0-SNAPSHOT.jar:?]
	at org.apache.hadoop.ozone.protocolPB.OzoneManagerProtocolServerSideTranslatorPB.submitRequest(OzoneManagerProtocolServerSideTranslatorPB.java:148) [ozone-manager-1.4.0-SNAPSHOT.jar:?]
	at org.apache.hadoop.ozone.protocol.proto.OzoneManagerProtocolProtos$OzoneManagerService$2.callBlockingMethod(OzoneManagerProtocolProtos.java) [ozone-interface-client-1.4.0-SNAPSHOT.jar:?]
	at org.apache.hadoop.ipc.ProtobufRpcEngine$Server.processCall(ProtobufRpcEngine.java:484) [hadoop-common-3.3.6.jar:?]
	at org.apache.hadoop.ipc.ProtobufRpcEngine2$Server$ProtoBufRpcInvoker.call(ProtobufRpcEngine2.java:595) [hadoop-common-3.3.6.jar:?]
	at org.apache.hadoop.ipc.ProtobufRpcEngine2$Server$ProtoBufRpcInvoker.call(ProtobufRpcEngine2.java:573) [hadoop-common-3.3.6.jar:?]
	at org.apache.hadoop.ipc.RPC$Server.call(RPC.java:1227) [hadoop-common-3.3.6.jar:?]
	at org.apache.hadoop.ipc.Server$RpcCall.run(Server.java:1094) [hadoop-common-3.3.6.jar:?]
	at org.apache.hadoop.ipc.Server$RpcCall.run(Server.java:1017) [hadoop-common-3.3.6.jar:?]
	at java.security.AccessController.doPrivileged(Native Method) ~[?:1.8.0_382]
	at javax.security.auth.Subject.doAs(Subject.java:422) [?:1.8.0_382]
	at org.apache.hadoop.security.UserGroupInformation.doAs(UserGroupInformation.java:1899) [hadoop-common-3.3.6.jar:?]
	at org.apache.hadoop.ipc.Server$Handler.run(Server.java:3048) [hadoop-common-3.3.6.jar:?]
18:21:34.851 [IPC Server handler 0 on default port 15163] ERROR OMAudit - user=runner | ip=127.0.0.1 | op=GET_FILE_STATUS {volume=volume65627, bucket=bucket59265, key=gdir1/dir3/child, dataSize=0, replicationConfig=null} | ret=FAILURE
org.apache.hadoop.ozone.om.exceptions.OMException: Unable to get file status: volume: volume65627 bucket: bucket59265 key: gdir1/dir3/child
	at org.apache.hadoop.ozone.om.KeyManagerImpl.getOzoneFileStatus(KeyManagerImpl.java:1195) ~[ozone-manager-1.4.0-SNAPSHOT.jar:?]
	at org.apache.hadoop.ozone.om.KeyManagerImpl.getFileStatus(KeyManagerImpl.java:1113) ~[ozone-manager-1.4.0-SNAPSHOT.jar:?]
	at org.apache.hadoop.ozone.om.OmMetadataReader.getFileStatus(OmMetadataReader.java:262) ~[ozone-manager-1.4.0-SNAPSHOT.jar:?]
	at org.apache.hadoop.ozone.om.OzoneManager.getFileStatus(OzoneManager.java:3530) ~[ozone-manager-1.4.0-SNAPSHOT.jar:?]
	at org.apache.hadoop.ozone.protocolPB.OzoneManagerRequestHandler.getOzoneFileStatus(OzoneManagerRequestHandler.java:973) ~[ozone-manager-1.4.0-SNAPSHOT.jar:?]
	at org.apache.hadoop.ozone.protocolPB.OzoneManagerRequestHandler.handleReadRequest(OzoneManagerRequestHandler.java:252) ~[ozone-manager-1.4.0-SNAPSHOT.jar:?]
	at org.apache.hadoop.ozone.protocolPB.OzoneManagerProtocolServerSideTranslatorPB.submitRequestDirectlyToOM(OzoneManagerProtocolServerSideTranslatorPB.java:274) ~[ozone-manager-1.4.0-SNAPSHOT.jar:?]
	at org.apache.hadoop.ozone.protocolPB.OzoneManagerProtocolServerSideTranslatorPB.processRequest(OzoneManagerProtocolServerSideTranslatorPB.java:175) ~[ozone-manager-1.4.0-SNAPSHOT.jar:?]
	at org.apache.hadoop.hdds.server.OzoneProtocolMessageDispatcher.processRequest(OzoneProtocolMessageDispatcher.java:87) [hdds-server-framework-1.4.0-SNAPSHOT.jar:?]
	at org.apache.hadoop.ozone.protocolPB.OzoneManagerProtocolServerSideTranslatorPB.submitRequest(OzoneManagerProtocolServerSideTranslatorPB.java:148) [ozone-manager-1.4.0-SNAPSHOT.jar:?]
	at org.apache.hadoop.ozone.protocol.proto.OzoneManagerProtocolProtos$OzoneManagerService$2.callBlockingMethod(OzoneManagerProtocolProtos.java) [ozone-interface-client-1.4.0-SNAPSHOT.jar:?]
	at org.apache.hadoop.ipc.ProtobufRpcEngine$Server.processCall(ProtobufRpcEngine.java:484) [hadoop-common-3.3.6.jar:?]
	at org.apache.hadoop.ipc.ProtobufRpcEngine2$Server$ProtoBufRpcInvoker.call(ProtobufRpcEngine2.java:595) [hadoop-common-3.3.6.jar:?]
	at org.apache.hadoop.ipc.ProtobufRpcEngine2$Server$ProtoBufRpcInvoker.call(ProtobufRpcEngine2.java:573) [hadoop-common-3.3.6.jar:?]
	at org.apache.hadoop.ipc.RPC$Server.call(RPC.java:1227) [hadoop-common-3.3.6.jar:?]
	at org.apache.hadoop.ipc.Server$RpcCall.run(Server.java:1094) [hadoop-common-3.3.6.jar:?]
	at org.apache.hadoop.ipc.Server$RpcCall.run(Server.java:1017) [hadoop-common-3.3.6.jar:?]
	at java.security.AccessController.doPrivileged(Native Method) ~[?:1.8.0_382]
	at javax.security.auth.Subject.doAs(Subject.java:422) [?:1.8.0_382]
	at org.apache.hadoop.security.UserGroupInformation.doAs(UserGroupInformation.java:1899) [hadoop-common-3.3.6.jar:?]
	at org.apache.hadoop.ipc.Server$Handler.run(Server.java:3048) [hadoop-common-3.3.6.jar:?]
18:21:34.853 [IPC Server handler 1 on default port 15163] ERROR OMAudit - user=runner | ip=127.0.0.1 | op=GET_FILE_STATUS {volume=volume65627, bucket=bucket59265, key=gdir1/dir4, dataSize=0, replicationConfig=null} | ret=FAILURE
org.apache.hadoop.ozone.om.exceptions.OMException: Unable to get file status: volume: volume65627 bucket: bucket59265 key: gdir1/dir4
	at org.apache.hadoop.ozone.om.KeyManagerImpl.getOzoneFileStatus(KeyManagerImpl.java:1195) ~[ozone-manager-1.4.0-SNAPSHOT.jar:?]
	at org.apache.hadoop.ozone.om.KeyManagerImpl.getFileStatus(KeyManagerImpl.java:1113) ~[ozone-manager-1.4.0-SNAPSHOT.jar:?]
	at org.apache.hadoop.ozone.om.OmMetadataReader.getFileStatus(OmMetadataReader.java:262) ~[ozone-manager-1.4.0-SNAPSHOT.jar:?]
	at org.apache.hadoop.ozone.om.OzoneManager.getFileStatus(OzoneManager.java:3530) ~[ozone-manager-1.4.0-SNAPSHOT.jar:?]
	at org.apache.hadoop.ozone.protocolPB.OzoneManagerRequestHandler.getOzoneFileStatus(OzoneManagerRequestHandler.java:973) ~[ozone-manager-1.4.0-SNAPSHOT.jar:?]
	at org.apache.hadoop.ozone.protocolPB.OzoneManagerRequestHandler.handleReadRequest(OzoneManagerRequestHandler.java:252) ~[ozone-manager-1.4.0-SNAPSHOT.jar:?]
	at org.apache.hadoop.ozone.protocolPB.OzoneManagerProtocolServerSideTranslatorPB.submitRequestDirectlyToOM(OzoneManagerProtocolServerSideTranslatorPB.java:274) ~[ozone-manager-1.4.0-SNAPSHOT.jar:?]
	at org.apache.hadoop.ozone.protocolPB.OzoneManagerProtocolServerSideTranslatorPB.processRequest(OzoneManagerProtocolServerSideTranslatorPB.java:175) ~[ozone-manager-1.4.0-SNAPSHOT.jar:?]
	at org.apache.hadoop.hdds.server.OzoneProtocolMessageDispatcher.processRequest(OzoneProtocolMessageDispatcher.java:87) [hdds-server-framework-1.4.0-SNAPSHOT.jar:?]
	at org.apache.hadoop.ozone.protocolPB.OzoneManagerProtocolServerSideTranslatorPB.submitRequest(OzoneManagerProtocolServerSideTranslatorPB.java:148) [ozone-manager-1.4.0-SNAPSHOT.jar:?]
	at org.apache.hadoop.ozone.protocol.proto.OzoneManagerProtocolProtos$OzoneManagerService$2.callBlockingMethod(OzoneManagerProtocolProtos.java) [ozone-interface-client-1.4.0-SNAPSHOT.jar:?]
	at org.apache.hadoop.ipc.ProtobufRpcEngine$Server.processCall(ProtobufRpcEngine.java:484) [hadoop-common-3.3.6.jar:?]
	at org.apache.hadoop.ipc.ProtobufRpcEngine2$Server$ProtoBufRpcInvoker.call(ProtobufRpcEngine2.java:595) [hadoop-common-3.3.6.jar:?]
	at org.apache.hadoop.ipc.ProtobufRpcEngine2$Server$ProtoBufRpcInvoker.call(ProtobufRpcEngine2.java:573) [hadoop-common-3.3.6.jar:?]
	at org.apache.hadoop.ipc.RPC$Server.call(RPC.java:1227) [hadoop-common-3.3.6.jar:?]
	at org.apache.hadoop.ipc.Server$RpcCall.run(Server.java:1094) [hadoop-common-3.3.6.jar:?]
	at org.apache.hadoop.ipc.Server$RpcCall.run(Server.java:1017) [hadoop-common-3.3.6.jar:?]
	at java.security.AccessController.doPrivileged(Native Method) ~[?:1.8.0_382]
	at javax.security.auth.Subject.doAs(Subject.java:422) [?:1.8.0_382]
	at org.apache.hadoop.security.UserGroupInformation.doAs(UserGroupInformation.java:1899) [hadoop-common-3.3.6.jar:?]
	at org.apache.hadoop.ipc.Server$Handler.run(Server.java:3048) [hadoop-common-3.3.6.jar:?]
18:21:34.854 [IPC Server handler 4 on default port 15163] ERROR OMAudit - user=runner | ip=127.0.0.1 | op=GET_FILE_STATUS {volume=volume65627, bucket=bucket59265, key=gdir1/dir4/child, dataSize=0, replicationConfig=null} | ret=FAILURE
org.apache.hadoop.ozone.om.exceptions.OMException: Unable to get file status: volume: volume65627 bucket: bucket59265 key: gdir1/dir4/child
	at org.apache.hadoop.ozone.om.KeyManagerImpl.getOzoneFileStatus(KeyManagerImpl.java:1195) ~[ozone-manager-1.4.0-SNAPSHOT.jar:?]
	at org.apache.hadoop.ozone.om.KeyManagerImpl.getFileStatus(KeyManagerImpl.java:1113) ~[ozone-manager-1.4.0-SNAPSHOT.jar:?]
	at org.apache.hadoop.ozone.om.OmMetadataReader.getFileStatus(OmMetadataReader.java:262) ~[ozone-manager-1.4.0-SNAPSHOT.jar:?]
	at org.apache.hadoop.ozone.om.OzoneManager.getFileStatus(OzoneManager.java:3530) ~[ozone-manager-1.4.0-SNAPSHOT.jar:?]
	at org.apache.hadoop.ozone.protocolPB.OzoneManagerRequestHandler.getOzoneFileStatus(OzoneManagerRequestHandler.java:973) ~[ozone-manager-1.4.0-SNAPSHOT.jar:?]
	at org.apache.hadoop.ozone.protocolPB.OzoneManagerRequestHandler.handleReadRequest(OzoneManagerRequestHandler.java:252) ~[ozone-manager-1.4.0-SNAPSHOT.jar:?]
	at org.apache.hadoop.ozone.protocolPB.OzoneManagerProtocolServerSideTranslatorPB.submitRequestDirectlyToOM(OzoneManagerProtocolServerSideTranslatorPB.java:274) ~[ozone-manager-1.4.0-SNAPSHOT.jar:?]
	at org.apache.hadoop.ozone.protocolPB.OzoneManagerProtocolServerSideTranslatorPB.processRequest(OzoneManagerProtocolServerSideTranslatorPB.java:175) ~[ozone-manager-1.4.0-SNAPSHOT.jar:?]
	at org.apache.hadoop.hdds.server.OzoneProtocolMessageDispatcher.processRequest(OzoneProtocolMessageDispatcher.java:87) [hdds-server-framework-1.4.0-SNAPSHOT.jar:?]
	at org.apache.hadoop.ozone.protocolPB.OzoneManagerProtocolServerSideTranslatorPB.submitRequest(OzoneManagerProtocolServerSideTranslatorPB.java:148) [ozone-manager-1.4.0-SNAPSHOT.jar:?]
	at org.apache.hadoop.ozone.protocol.proto.OzoneManagerProtocolProtos$OzoneManagerService$2.callBlockingMethod(OzoneManagerProtocolProtos.java) [ozone-interface-client-1.4.0-SNAPSHOT.jar:?]
	at org.apache.hadoop.ipc.ProtobufRpcEngine$Server.processCall(ProtobufRpcEngine.java:484) [hadoop-common-3.3.6.jar:?]
	at org.apache.hadoop.ipc.ProtobufRpcEngine2$Server$ProtoBufRpcInvoker.call(ProtobufRpcEngine2.java:595) [hadoop-common-3.3.6.jar:?]
	at org.apache.hadoop.ipc.ProtobufRpcEngine2$Server$ProtoBufRpcInvoker.call(ProtobufRpcEngine2.java:573) [hadoop-common-3.3.6.jar:?]
	at org.apache.hadoop.ipc.RPC$Server.call(RPC.java:1227) [hadoop-common-3.3.6.jar:?]
	at org.apache.hadoop.ipc.Server$RpcCall.run(Server.java:1094) [hadoop-common-3.3.6.jar:?]
	at org.apache.hadoop.ipc.Server$RpcCall.run(Server.java:1017) [hadoop-common-3.3.6.jar:?]
	at java.security.AccessController.doPrivileged(Native Method) ~[?:1.8.0_382]
	at javax.security.auth.Subject.doAs(Subject.java:422) [?:1.8.0_382]
	at org.apache.hadoop.security.UserGroupInformation.doAs(UserGroupInformation.java:1899) [hadoop-common-3.3.6.jar:?]
	at org.apache.hadoop.ipc.Server$Handler.run(Server.java:3048) [hadoop-common-3.3.6.jar:?]
18:21:34.855 [IPC Server handler 5 on default port 15163] ERROR OMAudit - user=runner | ip=127.0.0.1 | op=GET_FILE_STATUS {volume=volume65627, bucket=bucket59265, key=gdir1/dir5, dataSize=0, replicationConfig=null} | ret=FAILURE
org.apache.hadoop.ozone.om.exceptions.OMException: Unable to get file status: volume: volume65627 bucket: bucket59265 key: gdir1/dir5
	at org.apache.hadoop.ozone.om.KeyManagerImpl.getOzoneFileStatus(KeyManagerImpl.java:1195) ~[ozone-manager-1.4.0-SNAPSHOT.jar:?]
	at org.apache.hadoop.ozone.om.KeyManagerImpl.getFileStatus(KeyManagerImpl.java:1113) ~[ozone-manager-1.4.0-SNAPSHOT.jar:?]
	at org.apache.hadoop.ozone.om.OmMetadataReader.getFileStatus(OmMetadataReader.java:262) ~[ozone-manager-1.4.0-SNAPSHOT.jar:?]
	at org.apache.hadoop.ozone.om.OzoneManager.getFileStatus(OzoneManager.java:3530) ~[ozone-manager-1.4.0-SNAPSHOT.jar:?]
	at org.apache.hadoop.ozone.protocolPB.OzoneManagerRequestHandler.getOzoneFileStatus(OzoneManagerRequestHandler.java:973) ~[ozone-manager-1.4.0-SNAPSHOT.jar:?]
	at org.apache.hadoop.ozone.protocolPB.OzoneManagerRequestHandler.handleReadRequest(OzoneManagerRequestHandler.java:252) ~[ozone-manager-1.4.0-SNAPSHOT.jar:?]
	at org.apache.hadoop.ozone.protocolPB.OzoneManagerProtocolServerSideTranslatorPB.submitRequestDirectlyToOM(OzoneManagerProtocolServerSideTranslatorPB.java:274) ~[ozone-manager-1.4.0-SNAPSHOT.jar:?]
	at org.apache.hadoop.ozone.protocolPB.OzoneManagerProtocolServerSideTranslatorPB.processRequest(OzoneManagerProtocolServerSideTranslatorPB.java:175) ~[ozone-manager-1.4.0-SNAPSHOT.jar:?]
	at org.apache.hadoop.hdds.server.OzoneProtocolMessageDispatcher.processRequest(OzoneProtocolMessageDispatcher.java:87) [hdds-server-framework-1.4.0-SNAPSHOT.jar:?]
	at org.apache.hadoop.ozone.protocolPB.OzoneManagerProtocolServerSideTranslatorPB.submitRequest(OzoneManagerProtocolServerSideTranslatorPB.java:148) [ozone-manager-1.4.0-SNAPSHOT.jar:?]
	at org.apache.hadoop.ozone.protocol.proto.OzoneManagerProtocolProtos$OzoneManagerService$2.callBlockingMethod(OzoneManagerProtocolProtos.java) [ozone-interface-client-1.4.0-SNAPSHOT.jar:?]
	at org.apache.hadoop.ipc.ProtobufRpcEngine$Server.processCall(ProtobufRpcEngine.java:484) [hadoop-common-3.3.6.jar:?]
	at org.apache.hadoop.ipc.ProtobufRpcEngine2$Server$ProtoBufRpcInvoker.call(ProtobufRpcEngine2.java:595) [hadoop-common-3.3.6.jar:?]
	at org.apache.hadoop.ipc.ProtobufRpcEngine2$Server$ProtoBufRpcInvoker.call(ProtobufRpcEngine2.java:573) [hadoop-common-3.3.6.jar:?]
	at org.apache.hadoop.ipc.RPC$Server.call(RPC.java:1227) [hadoop-common-3.3.6.jar:?]
	at org.apache.hadoop.ipc.Server$RpcCall.run(Server.java:1094) [hadoop-common-3.3.6.jar:?]
	at org.apache.hadoop.ipc.Server$RpcCall.run(Server.java:1017) [hadoop-common-3.3.6.jar:?]
	at java.security.AccessController.doPrivileged(Native Method) ~[?:1.8.0_382]
	at javax.security.auth.Subject.doAs(Subject.java:422) [?:1.8.0_382]
	at org.apache.hadoop.security.UserGroupInformation.doAs(UserGroupInformation.java:1899) [hadoop-common-3.3.6.jar:?]
	at org.apache.hadoop.ipc.Server$Handler.run(Server.java:3048) [hadoop-common-3.3.6.jar:?]
18:21:34.856 [IPC Server handler 6 on default port 15163] ERROR OMAudit - user=runner | ip=127.0.0.1 | op=GET_FILE_STATUS {volume=volume65627, bucket=bucket59265, key=gdir1/dir5/child, dataSize=0, replicationConfig=null} | ret=FAILURE
org.apache.hadoop.ozone.om.exceptions.OMException: Unable to get file status: volume: volume65627 bucket: bucket59265 key: gdir1/dir5/child
	at org.apache.hadoop.ozone.om.KeyManagerImpl.getOzoneFileStatus(KeyManagerImpl.java:1195) ~[ozone-manager-1.4.0-SNAPSHOT.jar:?]
	at org.apache.hadoop.ozone.om.KeyManagerImpl.getFileStatus(KeyManagerImpl.java:1113) ~[ozone-manager-1.4.0-SNAPSHOT.jar:?]
	at org.apache.hadoop.ozone.om.OmMetadataReader.getFileStatus(OmMetadataReader.java:262) ~[ozone-manager-1.4.0-SNAPSHOT.jar:?]
	at org.apache.hadoop.ozone.om.OzoneManager.getFileStatus(OzoneManager.java:3530) ~[ozone-manager-1.4.0-SNAPSHOT.jar:?]
	at org.apache.hadoop.ozone.protocolPB.OzoneManagerRequestHandler.getOzoneFileStatus(OzoneManagerRequestHandler.java:973) ~[ozone-manager-1.4.0-SNAPSHOT.jar:?]
	at org.apache.hadoop.ozone.protocolPB.OzoneManagerRequestHandler.handleReadRequest(OzoneManagerRequestHandler.java:252) ~[ozone-manager-1.4.0-SNAPSHOT.jar:?]
	at org.apache.hadoop.ozone.protocolPB.OzoneManagerProtocolServerSideTranslatorPB.submitRequestDirectlyToOM(OzoneManagerProtocolServerSideTranslatorPB.java:274) ~[ozone-manager-1.4.0-SNAPSHOT.jar:?]
	at org.apache.hadoop.ozone.protocolPB.OzoneManagerProtocolServerSideTranslatorPB.processRequest(OzoneManagerProtocolServerSideTranslatorPB.java:175) ~[ozone-manager-1.4.0-SNAPSHOT.jar:?]
	at org.apache.hadoop.hdds.server.OzoneProtocolMessageDispatcher.processRequest(OzoneProtocolMessageDispatcher.java:87) [hdds-server-framework-1.4.0-SNAPSHOT.jar:?]
	at org.apache.hadoop.ozone.protocolPB.OzoneManagerProtocolServerSideTranslatorPB.submitRequest(OzoneManagerProtocolServerSideTranslatorPB.java:148) [ozone-manager-1.4.0-SNAPSHOT.jar:?]
	at org.apache.hadoop.ozone.protocol.proto.OzoneManagerProtocolProtos$OzoneManagerService$2.callBlockingMethod(OzoneManagerProtocolProtos.java) [ozone-interface-client-1.4.0-SNAPSHOT.jar:?]
	at org.apache.hadoop.ipc.ProtobufRpcEngine$Server.processCall(ProtobufRpcEngine.java:484) [hadoop-common-3.3.6.jar:?]
	at org.apache.hadoop.ipc.ProtobufRpcEngine2$Server$ProtoBufRpcInvoker.call(ProtobufRpcEngine2.java:595) [hadoop-common-3.3.6.jar:?]
	at org.apache.hadoop.ipc.ProtobufRpcEngine2$Server$ProtoBufRpcInvoker.call(ProtobufRpcEngine2.java:573) [hadoop-common-3.3.6.jar:?]
	at org.apache.hadoop.ipc.RPC$Server.call(RPC.java:1227) [hadoop-common-3.3.6.jar:?]
	at org.apache.hadoop.ipc.Server$RpcCall.run(Server.java:1094) [hadoop-common-3.3.6.jar:?]
	at org.apache.hadoop.ipc.Server$RpcCall.run(Server.java:1017) [hadoop-common-3.3.6.jar:?]
	at java.security.AccessController.doPrivileged(Native Method) ~[?:1.8.0_382]
	at javax.security.auth.Subject.doAs(Subject.java:422) [?:1.8.0_382]
	at org.apache.hadoop.security.UserGroupInformation.doAs(UserGroupInformation.java:1899) [hadoop-common-3.3.6.jar:?]
	at org.apache.hadoop.ipc.Server$Handler.run(Server.java:3048) [hadoop-common-3.3.6.jar:?]
18:21:34.857 [IPC Server handler 7 on default port 15163] ERROR OMAudit - user=runner | ip=127.0.0.1 | op=GET_FILE_STATUS {volume=volume65627, bucket=bucket59265, key=gdir1/dir6, dataSize=0, replicationConfig=null} | ret=FAILURE
org.apache.hadoop.ozone.om.exceptions.OMException: Unable to get file status: volume: volume65627 bucket: bucket59265 key: gdir1/dir6
	at org.apache.hadoop.ozone.om.KeyManagerImpl.getOzoneFileStatus(KeyManagerImpl.java:1195) ~[ozone-manager-1.4.0-SNAPSHOT.jar:?]
	at org.apache.hadoop.ozone.om.KeyManagerImpl.getFileStatus(KeyManagerImpl.java:1113) ~[ozone-manager-1.4.0-SNAPSHOT.jar:?]
	at org.apache.hadoop.ozone.om.OmMetadataReader.getFileStatus(OmMetadataReader.java:262) ~[ozone-manager-1.4.0-SNAPSHOT.jar:?]
	at org.apache.hadoop.ozone.om.OzoneManager.getFileStatus(OzoneManager.java:3530) ~[ozone-manager-1.4.0-SNAPSHOT.jar:?]
	at org.apache.hadoop.ozone.protocolPB.OzoneManagerRequestHandler.getOzoneFileStatus(OzoneManagerRequestHandler.java:973) ~[ozone-manager-1.4.0-SNAPSHOT.jar:?]
	at org.apache.hadoop.ozone.protocolPB.OzoneManagerRequestHandler.handleReadRequest(OzoneManagerRequestHandler.java:252) ~[ozone-manager-1.4.0-SNAPSHOT.jar:?]
	at org.apache.hadoop.ozone.protocolPB.OzoneManagerProtocolServerSideTranslatorPB.submitRequestDirectlyToOM(OzoneManagerProtocolServerSideTranslatorPB.java:274) ~[ozone-manager-1.4.0-SNAPSHOT.jar:?]
	at org.apache.hadoop.ozone.protocolPB.OzoneManagerProtocolServerSideTranslatorPB.processRequest(OzoneManagerProtocolServerSideTranslatorPB.java:175) ~[ozone-manager-1.4.0-SNAPSHOT.jar:?]
	at org.apache.hadoop.hdds.server.OzoneProtocolMessageDispatcher.processRequest(OzoneProtocolMessageDispatcher.java:87) [hdds-server-framework-1.4.0-SNAPSHOT.jar:?]
	at org.apache.hadoop.ozone.protocolPB.OzoneManagerProtocolServerSideTranslatorPB.submitRequest(OzoneManagerProtocolServerSideTranslatorPB.java:148) [ozone-manager-1.4.0-SNAPSHOT.jar:?]
	at org.apache.hadoop.ozone.protocol.proto.OzoneManagerProtocolProtos$OzoneManagerService$2.callBlockingMethod(OzoneManagerProtocolProtos.java) [ozone-interface-client-1.4.0-SNAPSHOT.jar:?]
	at org.apache.hadoop.ipc.ProtobufRpcEngine$Server.processCall(ProtobufRpcEngine.java:484) [hadoop-common-3.3.6.jar:?]
	at org.apache.hadoop.ipc.ProtobufRpcEngine2$Server$ProtoBufRpcInvoker.call(ProtobufRpcEngine2.java:595) [hadoop-common-3.3.6.jar:?]
	at org.apache.hadoop.ipc.ProtobufRpcEngine2$Server$ProtoBufRpcInvoker.call(ProtobufRpcEngine2.java:573) [hadoop-common-3.3.6.jar:?]
	at org.apache.hadoop.ipc.RPC$Server.call(RPC.java:1227) [hadoop-common-3.3.6.jar:?]
	at org.apache.hadoop.ipc.Server$RpcCall.run(Server.java:1094) [hadoop-common-3.3.6.jar:?]
	at org.apache.hadoop.ipc.Server$RpcCall.run(Server.java:1017) [hadoop-common-3.3.6.jar:?]
	at java.security.AccessController.doPrivileged(Native Method) ~[?:1.8.0_382]
	at javax.security.auth.Subject.doAs(Subject.java:422) [?:1.8.0_382]
	at org.apache.hadoop.security.UserGroupInformation.doAs(UserGroupInformation.java:1899) [hadoop-common-3.3.6.jar:?]
	at org.apache.hadoop.ipc.Server$Handler.run(Server.java:3048) [hadoop-common-3.3.6.jar:?]
18:21:34.858 [IPC Server handler 8 on default port 15163] ERROR OMAudit - user=runner | ip=127.0.0.1 | op=GET_FILE_STATUS {volume=volume65627, bucket=bucket59265, key=gdir1/dir6/child, dataSize=0, replicationConfig=null} | ret=FAILURE
org.apache.hadoop.ozone.om.exceptions.OMException: Unable to get file status: volume: volume65627 bucket: bucket59265 key: gdir1/dir6/child
	at org.apache.hadoop.ozone.om.KeyManagerImpl.getOzoneFileStatus(KeyManagerImpl.java:1195) ~[ozone-manager-1.4.0-SNAPSHOT.jar:?]
	at org.apache.hadoop.ozone.om.KeyManagerImpl.getFileStatus(KeyManagerImpl.java:1113) ~[ozone-manager-1.4.0-SNAPSHOT.jar:?]
	at org.apache.hadoop.ozone.om.OmMetadataReader.getFileStatus(OmMetadataReader.java:262) ~[ozone-manager-1.4.0-SNAPSHOT.jar:?]
	at org.apache.hadoop.ozone.om.OzoneManager.getFileStatus(OzoneManager.java:3530) ~[ozone-manager-1.4.0-SNAPSHOT.jar:?]
	at org.apache.hadoop.ozone.protocolPB.OzoneManagerRequestHandler.getOzoneFileStatus(OzoneManagerRequestHandler.java:973) ~[ozone-manager-1.4.0-SNAPSHOT.jar:?]
	at org.apache.hadoop.ozone.protocolPB.OzoneManagerRequestHandler.handleReadRequest(OzoneManagerRequestHandler.java:252) ~[ozone-manager-1.4.0-SNAPSHOT.jar:?]
	at org.apache.hadoop.ozone.protocolPB.OzoneManagerProtocolServerSideTranslatorPB.submitRequestDirectlyToOM(OzoneManagerProtocolServerSideTranslatorPB.java:274) ~[ozone-manager-1.4.0-SNAPSHOT.jar:?]
	at org.apache.hadoop.ozone.protocolPB.OzoneManagerProtocolServerSideTranslatorPB.processRequest(OzoneManagerProtocolServerSideTranslatorPB.java:175) ~[ozone-manager-1.4.0-SNAPSHOT.jar:?]
	at org.apache.hadoop.hdds.server.OzoneProtocolMessageDispatcher.processRequest(OzoneProtocolMessageDispatcher.java:87) [hdds-server-framework-1.4.0-SNAPSHOT.jar:?]
	at org.apache.hadoop.ozone.protocolPB.OzoneManagerProtocolServerSideTranslatorPB.submitRequest(OzoneManagerProtocolServerSideTranslatorPB.java:148) [ozone-manager-1.4.0-SNAPSHOT.jar:?]
	at org.apache.hadoop.ozone.protocol.proto.OzoneManagerProtocolProtos$OzoneManagerService$2.callBlockingMethod(OzoneManagerProtocolProtos.java) [ozone-interface-client-1.4.0-SNAPSHOT.jar:?]
	at org.apache.hadoop.ipc.ProtobufRpcEngine$Server.processCall(ProtobufRpcEngine.java:484) [hadoop-common-3.3.6.jar:?]
	at org.apache.hadoop.ipc.ProtobufRpcEngine2$Server$ProtoBufRpcInvoker.call(ProtobufRpcEngine2.java:595) [hadoop-common-3.3.6.jar:?]
	at org.apache.hadoop.ipc.ProtobufRpcEngine2$Server$ProtoBufRpcInvoker.call(ProtobufRpcEngine2.java:573) [hadoop-common-3.3.6.jar:?]
	at org.apache.hadoop.ipc.RPC$Server.call(RPC.java:1227) [hadoop-common-3.3.6.jar:?]
	at org.apache.hadoop.ipc.Server$RpcCall.run(Server.java:1094) [hadoop-common-3.3.6.jar:?]
	at org.apache.hadoop.ipc.Server$RpcCall.run(Server.java:1017) [hadoop-common-3.3.6.jar:?]
	at java.security.AccessController.doPrivileged(Native Method) ~[?:1.8.0_382]
	at javax.security.auth.Subject.doAs(Subject.java:422) [?:1.8.0_382]
	at org.apache.hadoop.security.UserGroupInformation.doAs(UserGroupInformation.java:1899) [hadoop-common-3.3.6.jar:?]
	at org.apache.hadoop.ipc.Server$Handler.run(Server.java:3048) [hadoop-common-3.3.6.jar:?]
18:21:34.860 [IPC Server handler 9 on default port 15163] ERROR OMAudit - user=runner | ip=127.0.0.1 | op=GET_FILE_STATUS {volume=volume65627, bucket=bucket59265, key=gdir1/dir7, dataSize=0, replicationConfig=null} | ret=FAILURE
org.apache.hadoop.ozone.om.exceptions.OMException: Unable to get file status: volume: volume65627 bucket: bucket59265 key: gdir1/dir7
	at org.apache.hadoop.ozone.om.KeyManagerImpl.getOzoneFileStatus(KeyManagerImpl.java:1195) ~[ozone-manager-1.4.0-SNAPSHOT.jar:?]
	at org.apache.hadoop.ozone.om.KeyManagerImpl.getFileStatus(KeyManagerImpl.java:1113) ~[ozone-manager-1.4.0-SNAPSHOT.jar:?]
	at org.apache.hadoop.ozone.om.OmMetadataReader.getFileStatus(OmMetadataReader.java:262) ~[ozone-manager-1.4.0-SNAPSHOT.jar:?]
	at org.apache.hadoop.ozone.om.OzoneManager.getFileStatus(OzoneManager.java:3530) ~[ozone-manager-1.4.0-SNAPSHOT.jar:?]
	at org.apache.hadoop.ozone.protocolPB.OzoneManagerRequestHandler.getOzoneFileStatus(OzoneManagerRequestHandler.java:973) ~[ozone-manager-1.4.0-SNAPSHOT.jar:?]
	at org.apache.hadoop.ozone.protocolPB.OzoneManagerRequestHandler.handleReadRequest(OzoneManagerRequestHandler.java:252) ~[ozone-manager-1.4.0-SNAPSHOT.jar:?]
	at org.apache.hadoop.ozone.protocolPB.OzoneManagerProtocolServerSideTranslatorPB.submitRequestDirectlyToOM(OzoneManagerProtocolServerSideTranslatorPB.java:274) ~[ozone-manager-1.4.0-SNAPSHOT.jar:?]
	at org.apache.hadoop.ozone.protocolPB.OzoneManagerProtocolServerSideTranslatorPB.processRequest(OzoneManagerProtocolServerSideTranslatorPB.java:175) ~[ozone-manager-1.4.0-SNAPSHOT.jar:?]
	at org.apache.hadoop.hdds.server.OzoneProtocolMessageDispatcher.processRequest(OzoneProtocolMessageDispatcher.java:87) [hdds-server-framework-1.4.0-SNAPSHOT.jar:?]
	at org.apache.hadoop.ozone.protocolPB.OzoneManagerProtocolServerSideTranslatorPB.submitRequest(OzoneManagerProtocolServerSideTranslatorPB.java:148) [ozone-manager-1.4.0-SNAPSHOT.jar:?]
	at org.apache.hadoop.ozone.protocol.proto.OzoneManagerProtocolProtos$OzoneManagerService$2.callBlockingMethod(OzoneManagerProtocolProtos.java) [ozone-interface-client-1.4.0-SNAPSHOT.jar:?]
	at org.apache.hadoop.ipc.ProtobufRpcEngine$Server.processCall(ProtobufRpcEngine.java:484) [hadoop-common-3.3.6.jar:?]
	at org.apache.hadoop.ipc.ProtobufRpcEngine2$Server$ProtoBufRpcInvoker.call(ProtobufRpcEngine2.java:595) [hadoop-common-3.3.6.jar:?]
	at org.apache.hadoop.ipc.ProtobufRpcEngine2$Server$ProtoBufRpcInvoker.call(ProtobufRpcEngine2.java:573) [hadoop-common-3.3.6.jar:?]
	at org.apache.hadoop.ipc.RPC$Server.call(RPC.java:1227) [hadoop-common-3.3.6.jar:?]
	at org.apache.hadoop.ipc.Server$RpcCall.run(Server.java:1094) [hadoop-common-3.3.6.jar:?]
	at org.apache.hadoop.ipc.Server$RpcCall.run(Server.java:1017) [hadoop-common-3.3.6.jar:?]
	at java.security.AccessController.doPrivileged(Native Method) ~[?:1.8.0_382]
	at javax.security.auth.Subject.doAs(Subject.java:422) [?:1.8.0_382]
	at org.apache.hadoop.security.UserGroupInformation.doAs(UserGroupInformation.java:1899) [hadoop-common-3.3.6.jar:?]
	at org.apache.hadoop.ipc.Server$Handler.run(Server.java:3048) [hadoop-common-3.3.6.jar:?]
18:21:34.864 [IPC Server handler 3 on default port 15163] ERROR OMAudit - user=runner | ip=127.0.0.1 | op=GET_FILE_STATUS {volume=volume65627, bucket=bucket59265, key=gdir1/dir7/child, dataSize=0, replicationConfig=null} | ret=FAILURE
org.apache.hadoop.ozone.om.exceptions.OMException: Unable to get file status: volume: volume65627 bucket: bucket59265 key: gdir1/dir7/child
	at org.apache.hadoop.ozone.om.KeyManagerImpl.getOzoneFileStatus(KeyManagerImpl.java:1195) ~[ozone-manager-1.4.0-SNAPSHOT.jar:?]
	at org.apache.hadoop.ozone.om.KeyManagerImpl.getFileStatus(KeyManagerImpl.java:1113) ~[ozone-manager-1.4.0-SNAPSHOT.jar:?]
	at org.apache.hadoop.ozone.om.OmMetadataReader.getFileStatus(OmMetadataReader.java:262) ~[ozone-manager-1.4.0-SNAPSHOT.jar:?]
	at org.apache.hadoop.ozone.om.OzoneManager.getFileStatus(OzoneManager.java:3530) ~[ozone-manager-1.4.0-SNAPSHOT.jar:?]
	at org.apache.hadoop.ozone.protocolPB.OzoneManagerRequestHandler.getOzoneFileStatus(OzoneManagerRequestHandler.java:973) ~[ozone-manager-1.4.0-SNAPSHOT.jar:?]
	at org.apache.hadoop.ozone.protocolPB.OzoneManagerRequestHandler.handleReadRequest(OzoneManagerRequestHandler.java:252) ~[ozone-manager-1.4.0-SNAPSHOT.jar:?]
	at org.apache.hadoop.ozone.protocolPB.OzoneManagerProtocolServerSideTranslatorPB.submitRequestDirectlyToOM(OzoneManagerProtocolServerSideTranslatorPB.java:274) ~[ozone-manager-1.4.0-SNAPSHOT.jar:?]
	at org.apache.hadoop.ozone.protocolPB.OzoneManagerProtocolServerSideTranslatorPB.processRequest(OzoneManagerProtocolServerSideTranslatorPB.java:175) ~[ozone-manager-1.4.0-SNAPSHOT.jar:?]
	at org.apache.hadoop.hdds.server.OzoneProtocolMessageDispatcher.processRequest(OzoneProtocolMessageDispatcher.java:87) [hdds-server-framework-1.4.0-SNAPSHOT.jar:?]
	at org.apache.hadoop.ozone.protocolPB.OzoneManagerProtocolServerSideTranslatorPB.submitRequest(OzoneManagerProtocolServerSideTranslatorPB.java:148) [ozone-manager-1.4.0-SNAPSHOT.jar:?]
	at org.apache.hadoop.ozone.protocol.proto.OzoneManagerProtocolProtos$OzoneManagerService$2.callBlockingMethod(OzoneManagerProtocolProtos.java) [ozone-interface-client-1.4.0-SNAPSHOT.jar:?]
	at org.apache.hadoop.ipc.ProtobufRpcEngine$Server.processCall(ProtobufRpcEngine.java:484) [hadoop-common-3.3.6.jar:?]
	at org.apache.hadoop.ipc.ProtobufRpcEngine2$Server$ProtoBufRpcInvoker.call(ProtobufRpcEngine2.java:595) [hadoop-common-3.3.6.jar:?]
	at org.apache.hadoop.ipc.ProtobufRpcEngine2$Server$ProtoBufRpcInvoker.call(ProtobufRpcEngine2.java:573) [hadoop-common-3.3.6.jar:?]
	at org.apache.hadoop.ipc.RPC$Server.call(RPC.java:1227) [hadoop-common-3.3.6.jar:?]
	at org.apache.hadoop.ipc.Server$RpcCall.run(Server.java:1094) [hadoop-common-3.3.6.jar:?]
	at org.apache.hadoop.ipc.Server$RpcCall.run(Server.java:1017) [hadoop-common-3.3.6.jar:?]
	at java.security.AccessController.doPrivileged(Native Method) ~[?:1.8.0_382]
	at javax.security.auth.Subject.doAs(Subject.java:422) [?:1.8.0_382]
	at org.apache.hadoop.security.UserGroupInformation.doAs(UserGroupInformation.java:1899) [hadoop-common-3.3.6.jar:?]
	at org.apache.hadoop.ipc.Server$Handler.run(Server.java:3048) [hadoop-common-3.3.6.jar:?]
18:21:34.866 [IPC Server handler 10 on default port 15163] ERROR OMAudit - user=runner | ip=127.0.0.1 | op=GET_FILE_STATUS {volume=volume65627, bucket=bucket59265, key=gdir1/dir8, dataSize=0, replicationConfig=null} | ret=FAILURE
org.apache.hadoop.ozone.om.exceptions.OMException: Unable to get file status: volume: volume65627 bucket: bucket59265 key: gdir1/dir8
	at org.apache.hadoop.ozone.om.KeyManagerImpl.getOzoneFileStatus(KeyManagerImpl.java:1195) ~[ozone-manager-1.4.0-SNAPSHOT.jar:?]
	at org.apache.hadoop.ozone.om.KeyManagerImpl.getFileStatus(KeyManagerImpl.java:1113) ~[ozone-manager-1.4.0-SNAPSHOT.jar:?]
	at org.apache.hadoop.ozone.om.OmMetadataReader.getFileStatus(OmMetadataReader.java:262) ~[ozone-manager-1.4.0-SNAPSHOT.jar:?]
	at org.apache.hadoop.ozone.om.OzoneManager.getFileStatus(OzoneManager.java:3530) ~[ozone-manager-1.4.0-SNAPSHOT.jar:?]
	at org.apache.hadoop.ozone.protocolPB.OzoneManagerRequestHandler.getOzoneFileStatus(OzoneManagerRequestHandler.java:973) ~[ozone-manager-1.4.0-SNAPSHOT.jar:?]
	at org.apache.hadoop.ozone.protocolPB.OzoneManagerRequestHandler.handleReadRequest(OzoneManagerRequestHandler.java:252) ~[ozone-manager-1.4.0-SNAPSHOT.jar:?]
	at org.apache.hadoop.ozone.protocolPB.OzoneManagerProtocolServerSideTranslatorPB.submitRequestDirectlyToOM(OzoneManagerProtocolServerSideTranslatorPB.java:274) ~[ozone-manager-1.4.0-SNAPSHOT.jar:?]
	at org.apache.hadoop.ozone.protocolPB.OzoneManagerProtocolServerSideTranslatorPB.processRequest(OzoneManagerProtocolServerSideTranslatorPB.java:175) ~[ozone-manager-1.4.0-SNAPSHOT.jar:?]
	at org.apache.hadoop.hdds.server.OzoneProtocolMessageDispatcher.processRequest(OzoneProtocolMessageDispatcher.java:87) [hdds-server-framework-1.4.0-SNAPSHOT.jar:?]
	at org.apache.hadoop.ozone.protocolPB.OzoneManagerProtocolServerSideTranslatorPB.submitRequest(OzoneManagerProtocolServerSideTranslatorPB.java:148) [ozone-manager-1.4.0-SNAPSHOT.jar:?]
	at org.apache.hadoop.ozone.protocol.proto.OzoneManagerProtocolProtos$OzoneManagerService$2.callBlockingMethod(OzoneManagerProtocolProtos.java) [ozone-interface-client-1.4.0-SNAPSHOT.jar:?]
	at org.apache.hadoop.ipc.ProtobufRpcEngine$Server.processCall(ProtobufRpcEngine.java:484) [hadoop-common-3.3.6.jar:?]
	at org.apache.hadoop.ipc.ProtobufRpcEngine2$Server$ProtoBufRpcInvoker.call(ProtobufRpcEngine2.java:595) [hadoop-common-3.3.6.jar:?]
	at org.apache.hadoop.ipc.ProtobufRpcEngine2$Server$ProtoBufRpcInvoker.call(ProtobufRpcEngine2.java:573) [hadoop-common-3.3.6.jar:?]
	at org.apache.hadoop.ipc.RPC$Server.call(RPC.java:1227) [hadoop-common-3.3.6.jar:?]
	at org.apache.hadoop.ipc.Server$RpcCall.run(Server.java:1094) [hadoop-common-3.3.6.jar:?]
	at org.apache.hadoop.ipc.Server$RpcCall.run(Server.java:1017) [hadoop-common-3.3.6.jar:?]
	at java.security.AccessController.doPrivileged(Native Method) ~[?:1.8.0_382]
	at javax.security.auth.Subject.doAs(Subject.java:422) [?:1.8.0_382]
	at org.apache.hadoop.security.UserGroupInformation.doAs(UserGroupInformation.java:1899) [hadoop-common-3.3.6.jar:?]
	at org.apache.hadoop.ipc.Server$Handler.run(Server.java:3048) [hadoop-common-3.3.6.jar:?]
18:21:34.868 [IPC Server handler 12 on default port 15163] ERROR OMAudit - user=runner | ip=127.0.0.1 | op=GET_FILE_STATUS {volume=volume65627, bucket=bucket59265, key=gdir1/dir8/child, dataSize=0, replicationConfig=null} | ret=FAILURE
org.apache.hadoop.ozone.om.exceptions.OMException: Unable to get file status: volume: volume65627 bucket: bucket59265 key: gdir1/dir8/child
	at org.apache.hadoop.ozone.om.KeyManagerImpl.getOzoneFileStatus(KeyManagerImpl.java:1195) ~[ozone-manager-1.4.0-SNAPSHOT.jar:?]
	at org.apache.hadoop.ozone.om.KeyManagerImpl.getFileStatus(KeyManagerImpl.java:1113) ~[ozone-manager-1.4.0-SNAPSHOT.jar:?]
	at org.apache.hadoop.ozone.om.OmMetadataReader.getFileStatus(OmMetadataReader.java:262) ~[ozone-manager-1.4.0-SNAPSHOT.jar:?]
	at org.apache.hadoop.ozone.om.OzoneManager.getFileStatus(OzoneManager.java:3530) ~[ozone-manager-1.4.0-SNAPSHOT.jar:?]
	at org.apache.hadoop.ozone.protocolPB.OzoneManagerRequestHandler.getOzoneFileStatus(OzoneManagerRequestHandler.java:973) ~[ozone-manager-1.4.0-SNAPSHOT.jar:?]
	at org.apache.hadoop.ozone.protocolPB.OzoneManagerRequestHandler.handleReadRequest(OzoneManagerRequestHandler.java:252) ~[ozone-manager-1.4.0-SNAPSHOT.jar:?]
	at org.apache.hadoop.ozone.protocolPB.OzoneManagerProtocolServerSideTranslatorPB.submitRequestDirectlyToOM(OzoneManagerProtocolServerSideTranslatorPB.java:274) ~[ozone-manager-1.4.0-SNAPSHOT.jar:?]
	at org.apache.hadoop.ozone.protocolPB.OzoneManagerProtocolServerSideTranslatorPB.processRequest(OzoneManagerProtocolServerSideTranslatorPB.java:175) ~[ozone-manager-1.4.0-SNAPSHOT.jar:?]
	at org.apache.hadoop.hdds.server.OzoneProtocolMessageDispatcher.processRequest(OzoneProtocolMessageDispatcher.java:87) [hdds-server-framework-1.4.0-SNAPSHOT.jar:?]
	at org.apache.hadoop.ozone.protocolPB.OzoneManagerProtocolServerSideTranslatorPB.submitRequest(OzoneManagerProtocolServerSideTranslatorPB.java:148) [ozone-manager-1.4.0-SNAPSHOT.jar:?]
	at org.apache.hadoop.ozone.protocol.proto.OzoneManagerProtocolProtos$OzoneManagerService$2.callBlockingMethod(OzoneManagerProtocolProtos.java) [ozone-interface-client-1.4.0-SNAPSHOT.jar:?]
	at org.apache.hadoop.ipc.ProtobufRpcEngine$Server.processCall(ProtobufRpcEngine.java:484) [hadoop-common-3.3.6.jar:?]
	at org.apache.hadoop.ipc.ProtobufRpcEngine2$Server$ProtoBufRpcInvoker.call(ProtobufRpcEngine2.java:595) [hadoop-common-3.3.6.jar:?]
	at org.apache.hadoop.ipc.ProtobufRpcEngine2$Server$ProtoBufRpcInvoker.call(ProtobufRpcEngine2.java:573) [hadoop-common-3.3.6.jar:?]
	at org.apache.hadoop.ipc.RPC$Server.call(RPC.java:1227) [hadoop-common-3.3.6.jar:?]
	at org.apache.hadoop.ipc.Server$RpcCall.run(Server.java:1094) [hadoop-common-3.3.6.jar:?]
	at org.apache.hadoop.ipc.Server$RpcCall.run(Server.java:1017) [hadoop-common-3.3.6.jar:?]
	at java.security.AccessController.doPrivileged(Native Method) ~[?:1.8.0_382]
	at javax.security.auth.Subject.doAs(Subject.java:422) [?:1.8.0_382]
	at org.apache.hadoop.security.UserGroupInformation.doAs(UserGroupInformation.java:1899) [hadoop-common-3.3.6.jar:?]
	at org.apache.hadoop.ipc.Server$Handler.run(Server.java:3048) [hadoop-common-3.3.6.jar:?]
18:21:34.869 [IPC Server handler 11 on default port 15163] ERROR OMAudit - user=runner | ip=127.0.0.1 | op=GET_FILE_STATUS {volume=volume65627, bucket=bucket59265, key=gdir1/dir9, dataSize=0, replicationConfig=null} | ret=FAILURE
org.apache.hadoop.ozone.om.exceptions.OMException: Unable to get file status: volume: volume65627 bucket: bucket59265 key: gdir1/dir9
	at org.apache.hadoop.ozone.om.KeyManagerImpl.getOzoneFileStatus(KeyManagerImpl.java:1195) ~[ozone-manager-1.4.0-SNAPSHOT.jar:?]
	at org.apache.hadoop.ozone.om.KeyManagerImpl.getFileStatus(KeyManagerImpl.java:1113) ~[ozone-manager-1.4.0-SNAPSHOT.jar:?]
	at org.apache.hadoop.ozone.om.OmMetadataReader.getFileStatus(OmMetadataReader.java:262) ~[ozone-manager-1.4.0-SNAPSHOT.jar:?]
	at org.apache.hadoop.ozone.om.OzoneManager.getFileStatus(OzoneManager.java:3530) ~[ozone-manager-1.4.0-SNAPSHOT.jar:?]
	at org.apache.hadoop.ozone.protocolPB.OzoneManagerRequestHandler.getOzoneFileStatus(OzoneManagerRequestHandler.java:973) ~[ozone-manager-1.4.0-SNAPSHOT.jar:?]
	at org.apache.hadoop.ozone.protocolPB.OzoneManagerRequestHandler.handleReadRequest(OzoneManagerRequestHandler.java:252) ~[ozone-manager-1.4.0-SNAPSHOT.jar:?]
	at org.apache.hadoop.ozone.protocolPB.OzoneManagerProtocolServerSideTranslatorPB.submitRequestDirectlyToOM(OzoneManagerProtocolServerSideTranslatorPB.java:274) ~[ozone-manager-1.4.0-SNAPSHOT.jar:?]
	at org.apache.hadoop.ozone.protocolPB.OzoneManagerProtocolServerSideTranslatorPB.processRequest(OzoneManagerProtocolServerSideTranslatorPB.java:175) ~[ozone-manager-1.4.0-SNAPSHOT.jar:?]
	at org.apache.hadoop.hdds.server.OzoneProtocolMessageDispatcher.processRequest(OzoneProtocolMessageDispatcher.java:87) [hdds-server-framework-1.4.0-SNAPSHOT.jar:?]
	at org.apache.hadoop.ozone.protocolPB.OzoneManagerProtocolServerSideTranslatorPB.submitRequest(OzoneManagerProtocolServerSideTranslatorPB.java:148) [ozone-manager-1.4.0-SNAPSHOT.jar:?]
	at org.apache.hadoop.ozone.protocol.proto.OzoneManagerProtocolProtos$OzoneManagerService$2.callBlockingMethod(OzoneManagerProtocolProtos.java) [ozone-interface-client-1.4.0-SNAPSHOT.jar:?]
	at org.apache.hadoop.ipc.ProtobufRpcEngine$Server.processCall(ProtobufRpcEngine.java:484) [hadoop-common-3.3.6.jar:?]
	at org.apache.hadoop.ipc.ProtobufRpcEngine2$Server$ProtoBufRpcInvoker.call(ProtobufRpcEngine2.java:595) [hadoop-common-3.3.6.jar:?]
	at org.apache.hadoop.ipc.ProtobufRpcEngine2$Server$ProtoBufRpcInvoker.call(ProtobufRpcEngine2.java:573) [hadoop-common-3.3.6.jar:?]
	at org.apache.hadoop.ipc.RPC$Server.call(RPC.java:1227) [hadoop-common-3.3.6.jar:?]
	at org.apache.hadoop.ipc.Server$RpcCall.run(Server.java:1094) [hadoop-common-3.3.6.jar:?]
	at org.apache.hadoop.ipc.Server$RpcCall.run(Server.java:1017) [hadoop-common-3.3.6.jar:?]
	at java.security.AccessController.doPrivileged(Native Method) ~[?:1.8.0_382]
	at javax.security.auth.Subject.doAs(Subject.java:422) [?:1.8.0_382]
	at org.apache.hadoop.security.UserGroupInformation.doAs(UserGroupInformation.java:1899) [hadoop-common-3.3.6.jar:?]
	at org.apache.hadoop.ipc.Server$Handler.run(Server.java:3048) [hadoop-common-3.3.6.jar:?]
18:21:34.870 [IPC Server handler 14 on default port 15163] ERROR OMAudit - user=runner | ip=127.0.0.1 | op=GET_FILE_STATUS {volume=volume65627, bucket=bucket59265, key=gdir1/dir9/child, dataSize=0, replicationConfig=null} | ret=FAILURE
org.apache.hadoop.ozone.om.exceptions.OMException: Unable to get file status: volume: volume65627 bucket: bucket59265 key: gdir1/dir9/child
	at org.apache.hadoop.ozone.om.KeyManagerImpl.getOzoneFileStatus(KeyManagerImpl.java:1195) ~[ozone-manager-1.4.0-SNAPSHOT.jar:?]
	at org.apache.hadoop.ozone.om.KeyManagerImpl.getFileStatus(KeyManagerImpl.java:1113) ~[ozone-manager-1.4.0-SNAPSHOT.jar:?]
	at org.apache.hadoop.ozone.om.OmMetadataReader.getFileStatus(OmMetadataReader.java:262) ~[ozone-manager-1.4.0-SNAPSHOT.jar:?]
	at org.apache.hadoop.ozone.om.OzoneManager.getFileStatus(OzoneManager.java:3530) ~[ozone-manager-1.4.0-SNAPSHOT.jar:?]
	at org.apache.hadoop.ozone.protocolPB.OzoneManagerRequestHandler.getOzoneFileStatus(OzoneManagerRequestHandler.java:973) ~[ozone-manager-1.4.0-SNAPSHOT.jar:?]
	at org.apache.hadoop.ozone.protocolPB.OzoneManagerRequestHandler.handleReadRequest(OzoneManagerRequestHandler.java:252) ~[ozone-manager-1.4.0-SNAPSHOT.jar:?]
	at org.apache.hadoop.ozone.protocolPB.OzoneManagerProtocolServerSideTranslatorPB.submitRequestDirectlyToOM(OzoneManagerProtocolServerSideTranslatorPB.java:274) ~[ozone-manager-1.4.0-SNAPSHOT.jar:?]
	at org.apache.hadoop.ozone.protocolPB.OzoneManagerProtocolServerSideTranslatorPB.processRequest(OzoneManagerProtocolServerSideTranslatorPB.java:175) ~[ozone-manager-1.4.0-SNAPSHOT.jar:?]
	at org.apache.hadoop.hdds.server.OzoneProtocolMessageDispatcher.processRequest(OzoneProtocolMessageDispatcher.java:87) [hdds-server-framework-1.4.0-SNAPSHOT.jar:?]
	at org.apache.hadoop.ozone.protocolPB.OzoneManagerProtocolServerSideTranslatorPB.submitRequest(OzoneManagerProtocolServerSideTranslatorPB.java:148) [ozone-manager-1.4.0-SNAPSHOT.jar:?]
	at org.apache.hadoop.ozone.protocol.proto.OzoneManagerProtocolProtos$OzoneManagerService$2.callBlockingMethod(OzoneManagerProtocolProtos.java) [ozone-interface-client-1.4.0-SNAPSHOT.jar:?]
	at org.apache.hadoop.ipc.ProtobufRpcEngine$Server.processCall(ProtobufRpcEngine.java:484) [hadoop-common-3.3.6.jar:?]
	at org.apache.hadoop.ipc.ProtobufRpcEngine2$Server$ProtoBufRpcInvoker.call(ProtobufRpcEngine2.java:595) [hadoop-common-3.3.6.jar:?]
	at org.apache.hadoop.ipc.ProtobufRpcEngine2$Server$ProtoBufRpcInvoker.call(ProtobufRpcEngine2.java:573) [hadoop-common-3.3.6.jar:?]
	at org.apache.hadoop.ipc.RPC$Server.call(RPC.java:1227) [hadoop-common-3.3.6.jar:?]
	at org.apache.hadoop.ipc.Server$RpcCall.run(Server.java:1094) [hadoop-common-3.3.6.jar:?]
	at org.apache.hadoop.ipc.Server$RpcCall.run(Server.java:1017) [hadoop-common-3.3.6.jar:?]
	at java.security.AccessController.doPrivileged(Native Method) ~[?:1.8.0_382]
	at javax.security.auth.Subject.doAs(Subject.java:422) [?:1.8.0_382]
	at org.apache.hadoop.security.UserGroupInformation.doAs(UserGroupInformation.java:1899) [hadoop-common-3.3.6.jar:?]
	at org.apache.hadoop.ipc.Server$Handler.run(Server.java:3048) [hadoop-common-3.3.6.jar:?]
18:21:34.871 [IPC Server handler 13 on default port 15163] ERROR OMAudit - user=runner | ip=127.0.0.1 | op=GET_FILE_STATUS {volume=volume65627, bucket=bucket59265, key=gdir1/dir10, dataSize=0, replicationConfig=null} | ret=FAILURE
org.apache.hadoop.ozone.om.exceptions.OMException: Unable to get file status: volume: volume65627 bucket: bucket59265 key: gdir1/dir10
	at org.apache.hadoop.ozone.om.KeyManagerImpl.getOzoneFileStatus(KeyManagerImpl.java:1195) ~[ozone-manager-1.4.0-SNAPSHOT.jar:?]
	at org.apache.hadoop.ozone.om.KeyManagerImpl.getFileStatus(KeyManagerImpl.java:1113) ~[ozone-manager-1.4.0-SNAPSHOT.jar:?]
	at org.apache.hadoop.ozone.om.OmMetadataReader.getFileStatus(OmMetadataReader.java:262) ~[ozone-manager-1.4.0-SNAPSHOT.jar:?]
	at org.apache.hadoop.ozone.om.OzoneManager.getFileStatus(OzoneManager.java:3530) ~[ozone-manager-1.4.0-SNAPSHOT.jar:?]
	at org.apache.hadoop.ozone.protocolPB.OzoneManagerRequestHandler.getOzoneFileStatus(OzoneManagerRequestHandler.java:973) ~[ozone-manager-1.4.0-SNAPSHOT.jar:?]
	at org.apache.hadoop.ozone.protocolPB.OzoneManagerRequestHandler.handleReadRequest(OzoneManagerRequestHandler.java:252) ~[ozone-manager-1.4.0-SNAPSHOT.jar:?]
	at org.apache.hadoop.ozone.protocolPB.OzoneManagerProtocolServerSideTranslatorPB.submitRequestDirectlyToOM(OzoneManagerProtocolServerSideTranslatorPB.java:274) ~[ozone-manager-1.4.0-SNAPSHOT.jar:?]
	at org.apache.hadoop.ozone.protocolPB.OzoneManagerProtocolServerSideTranslatorPB.processRequest(OzoneManagerProtocolServerSideTranslatorPB.java:175) ~[ozone-manager-1.4.0-SNAPSHOT.jar:?]
	at org.apache.hadoop.hdds.server.OzoneProtocolMessageDispatcher.processRequest(OzoneProtocolMessageDispatcher.java:87) [hdds-server-framework-1.4.0-SNAPSHOT.jar:?]
	at org.apache.hadoop.ozone.protocolPB.OzoneManagerProtocolServerSideTranslatorPB.submitRequest(OzoneManagerProtocolServerSideTranslatorPB.java:148) [ozone-manager-1.4.0-SNAPSHOT.jar:?]
	at org.apache.hadoop.ozone.protocol.proto.OzoneManagerProtocolProtos$OzoneManagerService$2.callBlockingMethod(OzoneManagerProtocolProtos.java) [ozone-interface-client-1.4.0-SNAPSHOT.jar:?]
	at org.apache.hadoop.ipc.ProtobufRpcEngine$Server.processCall(ProtobufRpcEngine.java:484) [hadoop-common-3.3.6.jar:?]
	at org.apache.hadoop.ipc.ProtobufRpcEngine2$Server$ProtoBufRpcInvoker.call(ProtobufRpcEngine2.java:595) [hadoop-common-3.3.6.jar:?]
	at org.apache.hadoop.ipc.ProtobufRpcEngine2$Server$ProtoBufRpcInvoker.call(ProtobufRpcEngine2.java:573) [hadoop-common-3.3.6.jar:?]
	at org.apache.hadoop.ipc.RPC$Server.call(RPC.java:1227) [hadoop-common-3.3.6.jar:?]
	at org.apache.hadoop.ipc.Server$RpcCall.run(Server.java:1094) [hadoop-common-3.3.6.jar:?]
	at org.apache.hadoop.ipc.Server$RpcCall.run(Server.java:1017) [hadoop-common-3.3.6.jar:?]
	at java.security.AccessController.doPrivileged(Native Method) ~[?:1.8.0_382]
	at javax.security.auth.Subject.doAs(Subject.java:422) [?:1.8.0_382]
	at org.apache.hadoop.security.UserGroupInformation.doAs(UserGroupInformation.java:1899) [hadoop-common-3.3.6.jar:?]
	at org.apache.hadoop.ipc.Server$Handler.run(Server.java:3048) [hadoop-common-3.3.6.jar:?]
18:21:34.872 [IPC Server handler 15 on default port 15163] ERROR OMAudit - user=runner | ip=127.0.0.1 | op=GET_FILE_STATUS {volume=volume65627, bucket=bucket59265, key=gdir1/dir10/child, dataSize=0, replicationConfig=null} | ret=FAILURE
org.apache.hadoop.ozone.om.exceptions.OMException: Unable to get file status: volume: volume65627 bucket: bucket59265 key: gdir1/dir10/child
	at org.apache.hadoop.ozone.om.KeyManagerImpl.getOzoneFileStatus(KeyManagerImpl.java:1195) ~[ozone-manager-1.4.0-SNAPSHOT.jar:?]
	at org.apache.hadoop.ozone.om.KeyManagerImpl.getFileStatus(KeyManagerImpl.java:1113) ~[ozone-manager-1.4.0-SNAPSHOT.jar:?]
	at org.apache.hadoop.ozone.om.OmMetadataReader.getFileStatus(OmMetadataReader.java:262) ~[ozone-manager-1.4.0-SNAPSHOT.jar:?]
	at org.apache.hadoop.ozone.om.OzoneManager.getFileStatus(OzoneManager.java:3530) ~[ozone-manager-1.4.0-SNAPSHOT.jar:?]
	at org.apache.hadoop.ozone.protocolPB.OzoneManagerRequestHandler.getOzoneFileStatus(OzoneManagerRequestHandler.java:973) ~[ozone-manager-1.4.0-SNAPSHOT.jar:?]
	at org.apache.hadoop.ozone.protocolPB.OzoneManagerRequestHandler.handleReadRequest(OzoneManagerRequestHandler.java:252) ~[ozone-manager-1.4.0-SNAPSHOT.jar:?]
	at org.apache.hadoop.ozone.protocolPB.OzoneManagerProtocolServerSideTranslatorPB.submitRequestDirectlyToOM(OzoneManagerProtocolServerSideTranslatorPB.java:274) ~[ozone-manager-1.4.0-SNAPSHOT.jar:?]
	at org.apache.hadoop.ozone.protocolPB.OzoneManagerProtocolServerSideTranslatorPB.processRequest(OzoneManagerProtocolServerSideTranslatorPB.java:175) ~[ozone-manager-1.4.0-SNAPSHOT.jar:?]
	at org.apache.hadoop.hdds.server.OzoneProtocolMessageDispatcher.processRequest(OzoneProtocolMessageDispatcher.java:87) [hdds-server-framework-1.4.0-SNAPSHOT.jar:?]
	at org.apache.hadoop.ozone.protocolPB.OzoneManagerProtocolServerSideTranslatorPB.submitRequest(OzoneManagerProtocolServerSideTranslatorPB.java:148) [ozone-manager-1.4.0-SNAPSHOT.jar:?]
	at org.apache.hadoop.ozone.protocol.proto.OzoneManagerProtocolProtos$OzoneManagerService$2.callBlockingMethod(OzoneManagerProtocolProtos.java) [ozone-interface-client-1.4.0-SNAPSHOT.jar:?]
	at org.apache.hadoop.ipc.ProtobufRpcEngine$Server.processCall(ProtobufRpcEngine.java:484) [hadoop-common-3.3.6.jar:?]
	at org.apache.hadoop.ipc.ProtobufRpcEngine2$Server$ProtoBufRpcInvoker.call(ProtobufRpcEngine2.java:595) [hadoop-common-3.3.6.jar:?]
	at org.apache.hadoop.ipc.ProtobufRpcEngine2$Server$ProtoBufRpcInvoker.call(ProtobufRpcEngine2.java:573) [hadoop-common-3.3.6.jar:?]
	at org.apache.hadoop.ipc.RPC$Server.call(RPC.java:1227) [hadoop-common-3.3.6.jar:?]
	at org.apache.hadoop.ipc.Server$RpcCall.run(Server.java:1094) [hadoop-common-3.3.6.jar:?]
	at org.apache.hadoop.ipc.Server$RpcCall.run(Server.java:1017) [hadoop-common-3.3.6.jar:?]
	at java.security.AccessController.doPrivileged(Native Method) ~[?:1.8.0_382]
	at javax.security.auth.Subject.doAs(Subject.java:422) [?:1.8.0_382]
	at org.apache.hadoop.security.UserGroupInformation.doAs(UserGroupInformation.java:1899) [hadoop-common-3.3.6.jar:?]
	at org.apache.hadoop.ipc.Server$Handler.run(Server.java:3048) [hadoop-common-3.3.6.jar:?]
18:21:34.933 [IPC Server handler 3 on default port 15163] ERROR OMAudit - user=runner | ip=127.0.0.1 | op=GET_FILE_STATUS {volume=volume65627, bucket=bucket59265, key=level0, dataSize=0, replicationConfig=null} | ret=FAILURE
org.apache.hadoop.ozone.om.exceptions.OMException: Unable to get file status: volume: volume65627 bucket: bucket59265 key: level0
	at org.apache.hadoop.ozone.om.KeyManagerImpl.getOzoneFileStatus(KeyManagerImpl.java:1195) ~[ozone-manager-1.4.0-SNAPSHOT.jar:?]
	at org.apache.hadoop.ozone.om.KeyManagerImpl.getFileStatus(KeyManagerImpl.java:1113) ~[ozone-manager-1.4.0-SNAPSHOT.jar:?]
	at org.apache.hadoop.ozone.om.OmMetadataReader.getFileStatus(OmMetadataReader.java:262) ~[ozone-manager-1.4.0-SNAPSHOT.jar:?]
	at org.apache.hadoop.ozone.om.OzoneManager.getFileStatus(OzoneManager.java:3530) ~[ozone-manager-1.4.0-SNAPSHOT.jar:?]
	at org.apache.hadoop.ozone.protocolPB.OzoneManagerRequestHandler.getOzoneFileStatus(OzoneManagerRequestHandler.java:973) ~[ozone-manager-1.4.0-SNAPSHOT.jar:?]
	at org.apache.hadoop.ozone.protocolPB.OzoneManagerRequestHandler.handleReadRequest(OzoneManagerRequestHandler.java:252) ~[ozone-manager-1.4.0-SNAPSHOT.jar:?]
	at org.apache.hadoop.ozone.protocolPB.OzoneManagerProtocolServerSideTranslatorPB.submitRequestDirectlyToOM(OzoneManagerProtocolServerSideTranslatorPB.java:274) ~[ozone-manager-1.4.0-SNAPSHOT.jar:?]
	at org.apache.hadoop.ozone.protocolPB.OzoneManagerProtocolServerSideTranslatorPB.processRequest(OzoneManagerProtocolServerSideTranslatorPB.java:175) ~[ozone-manager-1.4.0-SNAPSHOT.jar:?]
	at org.apache.hadoop.hdds.server.OzoneProtocolMessageDispatcher.processRequest(OzoneProtocolMessageDispatcher.java:87) [hdds-server-framework-1.4.0-SNAPSHOT.jar:?]
	at org.apache.hadoop.ozone.protocolPB.OzoneManagerProtocolServerSideTranslatorPB.submitRequest(OzoneManagerProtocolServerSideTranslatorPB.java:148) [ozone-manager-1.4.0-SNAPSHOT.jar:?]
	at org.apache.hadoop.ozone.protocol.proto.OzoneManagerProtocolProtos$OzoneManagerService$2.callBlockingMethod(OzoneManagerProtocolProtos.java) [ozone-interface-client-1.4.0-SNAPSHOT.jar:?]
	at org.apache.hadoop.ipc.ProtobufRpcEngine$Server.processCall(ProtobufRpcEngine.java:484) [hadoop-common-3.3.6.jar:?]
	at org.apache.hadoop.ipc.ProtobufRpcEngine2$Server$ProtoBufRpcInvoker.call(ProtobufRpcEngine2.java:595) [hadoop-common-3.3.6.jar:?]
	at org.apache.hadoop.ipc.ProtobufRpcEngine2$Server$ProtoBufRpcInvoker.call(ProtobufRpcEngine2.java:573) [hadoop-common-3.3.6.jar:?]
	at org.apache.hadoop.ipc.RPC$Server.call(RPC.java:1227) [hadoop-common-3.3.6.jar:?]
	at org.apache.hadoop.ipc.Server$RpcCall.run(Server.java:1094) [hadoop-common-3.3.6.jar:?]
	at org.apache.hadoop.ipc.Server$RpcCall.run(Server.java:1017) [hadoop-common-3.3.6.jar:?]
	at java.security.AccessController.doPrivileged(Native Method) ~[?:1.8.0_382]
	at javax.security.auth.Subject.doAs(Subject.java:422) [?:1.8.0_382]
	at org.apache.hadoop.security.UserGroupInformation.doAs(UserGroupInformation.java:1899) [hadoop-common-3.3.6.jar:?]
	at org.apache.hadoop.ipc.Server$Handler.run(Server.java:3048) [hadoop-common-3.3.6.jar:?]
18:21:34.934 [IPC Server handler 10 on default port 15163] ERROR OMAudit - user=runner | ip=127.0.0.1 | op=GET_FILE_STATUS {volume=volume65627, bucket=bucket59265, key=level0/level1, dataSize=0, replicationConfig=null} | ret=FAILURE
org.apache.hadoop.ozone.om.exceptions.OMException: Unable to get file status: volume: volume65627 bucket: bucket59265 key: level0/level1
	at org.apache.hadoop.ozone.om.KeyManagerImpl.getOzoneFileStatus(KeyManagerImpl.java:1195) ~[ozone-manager-1.4.0-SNAPSHOT.jar:?]
	at org.apache.hadoop.ozone.om.KeyManagerImpl.getFileStatus(KeyManagerImpl.java:1113) ~[ozone-manager-1.4.0-SNAPSHOT.jar:?]
	at org.apache.hadoop.ozone.om.OmMetadataReader.getFileStatus(OmMetadataReader.java:262) ~[ozone-manager-1.4.0-SNAPSHOT.jar:?]
	at org.apache.hadoop.ozone.om.OzoneManager.getFileStatus(OzoneManager.java:3530) ~[ozone-manager-1.4.0-SNAPSHOT.jar:?]
	at org.apache.hadoop.ozone.protocolPB.OzoneManagerRequestHandler.getOzoneFileStatus(OzoneManagerRequestHandler.java:973) ~[ozone-manager-1.4.0-SNAPSHOT.jar:?]
	at org.apache.hadoop.ozone.protocolPB.OzoneManagerRequestHandler.handleReadRequest(OzoneManagerRequestHandler.java:252) ~[ozone-manager-1.4.0-SNAPSHOT.jar:?]
	at org.apache.hadoop.ozone.protocolPB.OzoneManagerProtocolServerSideTranslatorPB.submitRequestDirectlyToOM(OzoneManagerProtocolServerSideTranslatorPB.java:274) ~[ozone-manager-1.4.0-SNAPSHOT.jar:?]
	at org.apache.hadoop.ozone.protocolPB.OzoneManagerProtocolServerSideTranslatorPB.processRequest(OzoneManagerProtocolServerSideTranslatorPB.java:175) ~[ozone-manager-1.4.0-SNAPSHOT.jar:?]
	at org.apache.hadoop.hdds.server.OzoneProtocolMessageDispatcher.processRequest(OzoneProtocolMessageDispatcher.java:87) [hdds-server-framework-1.4.0-SNAPSHOT.jar:?]
	at org.apache.hadoop.ozone.protocolPB.OzoneManagerProtocolServerSideTranslatorPB.submitRequest(OzoneManagerProtocolServerSideTranslatorPB.java:148) [ozone-manager-1.4.0-SNAPSHOT.jar:?]
	at org.apache.hadoop.ozone.protocol.proto.OzoneManagerProtocolProtos$OzoneManagerService$2.callBlockingMethod(OzoneManagerProtocolProtos.java) [ozone-interface-client-1.4.0-SNAPSHOT.jar:?]
	at org.apache.hadoop.ipc.ProtobufRpcEngine$Server.processCall(ProtobufRpcEngine.java:484) [hadoop-common-3.3.6.jar:?]
	at org.apache.hadoop.ipc.ProtobufRpcEngine2$Server$ProtoBufRpcInvoker.call(ProtobufRpcEngine2.java:595) [hadoop-common-3.3.6.jar:?]
	at org.apache.hadoop.ipc.ProtobufRpcEngine2$Server$ProtoBufRpcInvoker.call(ProtobufRpcEngine2.java:573) [hadoop-common-3.3.6.jar:?]
	at org.apache.hadoop.ipc.RPC$Server.call(RPC.java:1227) [hadoop-common-3.3.6.jar:?]
	at org.apache.hadoop.ipc.Server$RpcCall.run(Server.java:1094) [hadoop-common-3.3.6.jar:?]
	at org.apache.hadoop.ipc.Server$RpcCall.run(Server.java:1017) [hadoop-common-3.3.6.jar:?]
	at java.security.AccessController.doPrivileged(Native Method) ~[?:1.8.0_382]
	at javax.security.auth.Subject.doAs(Subject.java:422) [?:1.8.0_382]
	at org.apache.hadoop.security.UserGroupInformation.doAs(UserGroupInformation.java:1899) [hadoop-common-3.3.6.jar:?]
	at org.apache.hadoop.ipc.Server$Handler.run(Server.java:3048) [hadoop-common-3.3.6.jar:?]
18:21:34.935 [IPC Server handler 12 on default port 15163] ERROR OMAudit - user=runner | ip=127.0.0.1 | op=GET_FILE_STATUS {volume=volume65627, bucket=bucket59265, key=level0/level1/level1, dataSize=0, replicationConfig=null} | ret=FAILURE
org.apache.hadoop.ozone.om.exceptions.OMException: Unable to get file status: volume: volume65627 bucket: bucket59265 key: level0/level1/level1
	at org.apache.hadoop.ozone.om.KeyManagerImpl.getOzoneFileStatus(KeyManagerImpl.java:1195) ~[ozone-manager-1.4.0-SNAPSHOT.jar:?]
	at org.apache.hadoop.ozone.om.KeyManagerImpl.getFileStatus(KeyManagerImpl.java:1113) ~[ozone-manager-1.4.0-SNAPSHOT.jar:?]
	at org.apache.hadoop.ozone.om.OmMetadataReader.getFileStatus(OmMetadataReader.java:262) ~[ozone-manager-1.4.0-SNAPSHOT.jar:?]
	at org.apache.hadoop.ozone.om.OzoneManager.getFileStatus(OzoneManager.java:3530) ~[ozone-manager-1.4.0-SNAPSHOT.jar:?]
	at org.apache.hadoop.ozone.protocolPB.OzoneManagerRequestHandler.getOzoneFileStatus(OzoneManagerRequestHandler.java:973) ~[ozone-manager-1.4.0-SNAPSHOT.jar:?]
	at org.apache.hadoop.ozone.protocolPB.OzoneManagerRequestHandler.handleReadRequest(OzoneManagerRequestHandler.java:252) ~[ozone-manager-1.4.0-SNAPSHOT.jar:?]
	at org.apache.hadoop.ozone.protocolPB.OzoneManagerProtocolServerSideTranslatorPB.submitRequestDirectlyToOM(OzoneManagerProtocolServerSideTranslatorPB.java:274) ~[ozone-manager-1.4.0-SNAPSHOT.jar:?]
	at org.apache.hadoop.ozone.protocolPB.OzoneManagerProtocolServerSideTranslatorPB.processRequest(OzoneManagerProtocolServerSideTranslatorPB.java:175) ~[ozone-manager-1.4.0-SNAPSHOT.jar:?]
	at org.apache.hadoop.hdds.server.OzoneProtocolMessageDispatcher.processRequest(OzoneProtocolMessageDispatcher.java:87) [hdds-server-framework-1.4.0-SNAPSHOT.jar:?]
	at org.apache.hadoop.ozone.protocolPB.OzoneManagerProtocolServerSideTranslatorPB.submitRequest(OzoneManagerProtocolServerSideTranslatorPB.java:148) [ozone-manager-1.4.0-SNAPSHOT.jar:?]
	at org.apache.hadoop.ozone.protocol.proto.OzoneManagerProtocolProtos$OzoneManagerService$2.callBlockingMethod(OzoneManagerProtocolProtos.java) [ozone-interface-client-1.4.0-SNAPSHOT.jar:?]
	at org.apache.hadoop.ipc.ProtobufRpcEngine$Server.processCall(ProtobufRpcEngine.java:484) [hadoop-common-3.3.6.jar:?]
	at org.apache.hadoop.ipc.ProtobufRpcEngine2$Server$ProtoBufRpcInvoker.call(ProtobufRpcEngine2.java:595) [hadoop-common-3.3.6.jar:?]
	at org.apache.hadoop.ipc.ProtobufRpcEngine2$Server$ProtoBufRpcInvoker.call(ProtobufRpcEngine2.java:573) [hadoop-common-3.3.6.jar:?]
	at org.apache.hadoop.ipc.RPC$Server.call(RPC.java:1227) [hadoop-common-3.3.6.jar:?]
	at org.apache.hadoop.ipc.Server$RpcCall.run(Server.java:1094) [hadoop-common-3.3.6.jar:?]
	at org.apache.hadoop.ipc.Server$RpcCall.run(Server.java:1017) [hadoop-common-3.3.6.jar:?]
	at java.security.AccessController.doPrivileged(Native Method) ~[?:1.8.0_382]
	at javax.security.auth.Subject.doAs(Subject.java:422) [?:1.8.0_382]
	at org.apache.hadoop.security.UserGroupInformation.doAs(UserGroupInformation.java:1899) [hadoop-common-3.3.6.jar:?]
	at org.apache.hadoop.ipc.Server$Handler.run(Server.java:3048) [hadoop-common-3.3.6.jar:?]
18:21:34.936 [IPC Server handler 11 on default port 15163] ERROR OMAudit - user=runner | ip=127.0.0.1 | op=GET_FILE_STATUS {volume=volume65627, bucket=bucket59265, key=level0/level1/file1, dataSize=0, replicationConfig=null} | ret=FAILURE
org.apache.hadoop.ozone.om.exceptions.OMException: Unable to get file status: volume: volume65627 bucket: bucket59265 key: level0/level1/file1
	at org.apache.hadoop.ozone.om.KeyManagerImpl.getOzoneFileStatus(KeyManagerImpl.java:1195) ~[ozone-manager-1.4.0-SNAPSHOT.jar:?]
	at org.apache.hadoop.ozone.om.KeyManagerImpl.getFileStatus(KeyManagerImpl.java:1113) ~[ozone-manager-1.4.0-SNAPSHOT.jar:?]
	at org.apache.hadoop.ozone.om.OmMetadataReader.getFileStatus(OmMetadataReader.java:262) ~[ozone-manager-1.4.0-SNAPSHOT.jar:?]
	at org.apache.hadoop.ozone.om.OzoneManager.getFileStatus(OzoneManager.java:3530) ~[ozone-manager-1.4.0-SNAPSHOT.jar:?]
	at org.apache.hadoop.ozone.protocolPB.OzoneManagerRequestHandler.getOzoneFileStatus(OzoneManagerRequestHandler.java:973) ~[ozone-manager-1.4.0-SNAPSHOT.jar:?]
	at org.apache.hadoop.ozone.protocolPB.OzoneManagerRequestHandler.handleReadRequest(OzoneManagerRequestHandler.java:252) ~[ozone-manager-1.4.0-SNAPSHOT.jar:?]
	at org.apache.hadoop.ozone.protocolPB.OzoneManagerProtocolServerSideTranslatorPB.submitRequestDirectlyToOM(OzoneManagerProtocolServerSideTranslatorPB.java:274) ~[ozone-manager-1.4.0-SNAPSHOT.jar:?]
	at org.apache.hadoop.ozone.protocolPB.OzoneManagerProtocolServerSideTranslatorPB.processRequest(OzoneManagerProtocolServerSideTranslatorPB.java:175) ~[ozone-manager-1.4.0-SNAPSHOT.jar:?]
	at org.apache.hadoop.hdds.server.OzoneProtocolMessageDispatcher.processRequest(OzoneProtocolMessageDispatcher.java:87) [hdds-server-framework-1.4.0-SNAPSHOT.jar:?]
	at org.apache.hadoop.ozone.protocolPB.OzoneManagerProtocolServerSideTranslatorPB.submitRequest(OzoneManagerProtocolServerSideTranslatorPB.java:148) [ozone-manager-1.4.0-SNAPSHOT.jar:?]
	at org.apache.hadoop.ozone.protocol.proto.OzoneManagerProtocolProtos$OzoneManagerService$2.callBlockingMethod(OzoneManagerProtocolProtos.java) [ozone-interface-client-1.4.0-SNAPSHOT.jar:?]
	at org.apache.hadoop.ipc.ProtobufRpcEngine$Server.processCall(ProtobufRpcEngine.java:484) [hadoop-common-3.3.6.jar:?]
	at org.apache.hadoop.ipc.ProtobufRpcEngine2$Server$ProtoBufRpcInvoker.call(ProtobufRpcEngine2.java:595) [hadoop-common-3.3.6.jar:?]
	at org.apache.hadoop.ipc.ProtobufRpcEngine2$Server$ProtoBufRpcInvoker.call(ProtobufRpcEngine2.java:573) [hadoop-common-3.3.6.jar:?]
	at org.apache.hadoop.ipc.RPC$Server.call(RPC.java:1227) [hadoop-common-3.3.6.jar:?]
	at org.apache.hadoop.ipc.Server$RpcCall.run(Server.java:1094) [hadoop-common-3.3.6.jar:?]
	at org.apache.hadoop.ipc.Server$RpcCall.run(Server.java:1017) [hadoop-common-3.3.6.jar:?]
	at java.security.AccessController.doPrivileged(Native Method) ~[?:1.8.0_382]
	at javax.security.auth.Subject.doAs(Subject.java:422) [?:1.8.0_382]
	at org.apache.hadoop.security.UserGroupInformation.doAs(UserGroupInformation.java:1899) [hadoop-common-3.3.6.jar:?]
	at org.apache.hadoop.ipc.Server$Handler.run(Server.java:3048) [hadoop-common-3.3.6.jar:?]
18:21:34.937 [IPC Server handler 14 on default port 15163] ERROR OMAudit - user=runner | ip=127.0.0.1 | op=GET_FILE_STATUS {volume=volume65627, bucket=bucket59265, key=level0/level1/level1/file1, dataSize=0, replicationConfig=null} | ret=FAILURE
org.apache.hadoop.ozone.om.exceptions.OMException: Unable to get file status: volume: volume65627 bucket: bucket59265 key: level0/level1/level1/file1
	at org.apache.hadoop.ozone.om.KeyManagerImpl.getOzoneFileStatus(KeyManagerImpl.java:1195) ~[ozone-manager-1.4.0-SNAPSHOT.jar:?]
	at org.apache.hadoop.ozone.om.KeyManagerImpl.getFileStatus(KeyManagerImpl.java:1113) ~[ozone-manager-1.4.0-SNAPSHOT.jar:?]
	at org.apache.hadoop.ozone.om.OmMetadataReader.getFileStatus(OmMetadataReader.java:262) ~[ozone-manager-1.4.0-SNAPSHOT.jar:?]
	at org.apache.hadoop.ozone.om.OzoneManager.getFileStatus(OzoneManager.java:3530) ~[ozone-manager-1.4.0-SNAPSHOT.jar:?]
	at org.apache.hadoop.ozone.protocolPB.OzoneManagerRequestHandler.getOzoneFileStatus(OzoneManagerRequestHandler.java:973) ~[ozone-manager-1.4.0-SNAPSHOT.jar:?]
	at org.apache.hadoop.ozone.protocolPB.OzoneManagerRequestHandler.handleReadRequest(OzoneManagerRequestHandler.java:252) ~[ozone-manager-1.4.0-SNAPSHOT.jar:?]
	at org.apache.hadoop.ozone.protocolPB.OzoneManagerProtocolServerSideTranslatorPB.submitRequestDirectlyToOM(OzoneManagerProtocolServerSideTranslatorPB.java:274) ~[ozone-manager-1.4.0-SNAPSHOT.jar:?]
	at org.apache.hadoop.ozone.protocolPB.OzoneManagerProtocolServerSideTranslatorPB.processRequest(OzoneManagerProtocolServerSideTranslatorPB.java:175) ~[ozone-manager-1.4.0-SNAPSHOT.jar:?]
	at org.apache.hadoop.hdds.server.OzoneProtocolMessageDispatcher.processRequest(OzoneProtocolMessageDispatcher.java:87) [hdds-server-framework-1.4.0-SNAPSHOT.jar:?]
	at org.apache.hadoop.ozone.protocolPB.OzoneManagerProtocolServerSideTranslatorPB.submitRequest(OzoneManagerProtocolServerSideTranslatorPB.java:148) [ozone-manager-1.4.0-SNAPSHOT.jar:?]
	at org.apache.hadoop.ozone.protocol.proto.OzoneManagerProtocolProtos$OzoneManagerService$2.callBlockingMethod(OzoneManagerProtocolProtos.java) [ozone-interface-client-1.4.0-SNAPSHOT.jar:?]
	at org.apache.hadoop.ipc.ProtobufRpcEngine$Server.processCall(ProtobufRpcEngine.java:484) [hadoop-common-3.3.6.jar:?]
	at org.apache.hadoop.ipc.ProtobufRpcEngine2$Server$ProtoBufRpcInvoker.call(ProtobufRpcEngine2.java:595) [hadoop-common-3.3.6.jar:?]
	at org.apache.hadoop.ipc.ProtobufRpcEngine2$Server$ProtoBufRpcInvoker.call(ProtobufRpcEngine2.java:573) [hadoop-common-3.3.6.jar:?]
	at org.apache.hadoop.ipc.RPC$Server.call(RPC.java:1227) [hadoop-common-3.3.6.jar:?]
	at org.apache.hadoop.ipc.Server$RpcCall.run(Server.java:1094) [hadoop-common-3.3.6.jar:?]
	at org.apache.hadoop.ipc.Server$RpcCall.run(Server.java:1017) [hadoop-common-3.3.6.jar:?]
	at java.security.AccessController.doPrivileged(Native Method) ~[?:1.8.0_382]
	at javax.security.auth.Subject.doAs(Subject.java:422) [?:1.8.0_382]
	at org.apache.hadoop.security.UserGroupInformation.doAs(UserGroupInformation.java:1899) [hadoop-common-3.3.6.jar:?]
	at org.apache.hadoop.ipc.Server$Handler.run(Server.java:3048) [hadoop-common-3.3.6.jar:?]
18:21:34.938 [IPC Server handler 13 on default port 15163] ERROR OMAudit - user=runner | ip=127.0.0.1 | op=GET_FILE_STATUS {volume=volume65627, bucket=bucket59265, key=level0/level2, dataSize=0, replicationConfig=null} | ret=FAILURE
org.apache.hadoop.ozone.om.exceptions.OMException: Unable to get file status: volume: volume65627 bucket: bucket59265 key: level0/level2
	at org.apache.hadoop.ozone.om.KeyManagerImpl.getOzoneFileStatus(KeyManagerImpl.java:1195) ~[ozone-manager-1.4.0-SNAPSHOT.jar:?]
	at org.apache.hadoop.ozone.om.KeyManagerImpl.getFileStatus(KeyManagerImpl.java:1113) ~[ozone-manager-1.4.0-SNAPSHOT.jar:?]
	at org.apache.hadoop.ozone.om.OmMetadataReader.getFileStatus(OmMetadataReader.java:262) ~[ozone-manager-1.4.0-SNAPSHOT.jar:?]
	at org.apache.hadoop.ozone.om.OzoneManager.getFileStatus(OzoneManager.java:3530) ~[ozone-manager-1.4.0-SNAPSHOT.jar:?]
	at org.apache.hadoop.ozone.protocolPB.OzoneManagerRequestHandler.getOzoneFileStatus(OzoneManagerRequestHandler.java:973) ~[ozone-manager-1.4.0-SNAPSHOT.jar:?]
	at org.apache.hadoop.ozone.protocolPB.OzoneManagerRequestHandler.handleReadRequest(OzoneManagerRequestHandler.java:252) ~[ozone-manager-1.4.0-SNAPSHOT.jar:?]
	at org.apache.hadoop.ozone.protocolPB.OzoneManagerProtocolServerSideTranslatorPB.submitRequestDirectlyToOM(OzoneManagerProtocolServerSideTranslatorPB.java:274) ~[ozone-manager-1.4.0-SNAPSHOT.jar:?]
	at org.apache.hadoop.ozone.protocolPB.OzoneManagerProtocolServerSideTranslatorPB.processRequest(OzoneManagerProtocolServerSideTranslatorPB.java:175) ~[ozone-manager-1.4.0-SNAPSHOT.jar:?]
	at org.apache.hadoop.hdds.server.OzoneProtocolMessageDispatcher.processRequest(OzoneProtocolMessageDispatcher.java:87) [hdds-server-framework-1.4.0-SNAPSHOT.jar:?]
	at org.apache.hadoop.ozone.protocolPB.OzoneManagerProtocolServerSideTranslatorPB.submitRequest(OzoneManagerProtocolServerSideTranslatorPB.java:148) [ozone-manager-1.4.0-SNAPSHOT.jar:?]
	at org.apache.hadoop.ozone.protocol.proto.OzoneManagerProtocolProtos$OzoneManagerService$2.callBlockingMethod(OzoneManagerProtocolProtos.java) [ozone-interface-client-1.4.0-SNAPSHOT.jar:?]
	at org.apache.hadoop.ipc.ProtobufRpcEngine$Server.processCall(ProtobufRpcEngine.java:484) [hadoop-common-3.3.6.jar:?]
	at org.apache.hadoop.ipc.ProtobufRpcEngine2$Server$ProtoBufRpcInvoker.call(ProtobufRpcEngine2.java:595) [hadoop-common-3.3.6.jar:?]
	at org.apache.hadoop.ipc.ProtobufRpcEngine2$Server$ProtoBufRpcInvoker.call(ProtobufRpcEngine2.java:573) [hadoop-common-3.3.6.jar:?]
	at org.apache.hadoop.ipc.RPC$Server.call(RPC.java:1227) [hadoop-common-3.3.6.jar:?]
	at org.apache.hadoop.ipc.Server$RpcCall.run(Server.java:1094) [hadoop-common-3.3.6.jar:?]
	at org.apache.hadoop.ipc.Server$RpcCall.run(Server.java:1017) [hadoop-common-3.3.6.jar:?]
	at java.security.AccessController.doPrivileged(Native Method) ~[?:1.8.0_382]
	at javax.security.auth.Subject.doAs(Subject.java:422) [?:1.8.0_382]
	at org.apache.hadoop.security.UserGroupInformation.doAs(UserGroupInformation.java:1899) [hadoop-common-3.3.6.jar:?]
	at org.apache.hadoop.ipc.Server$Handler.run(Server.java:3048) [hadoop-common-3.3.6.jar:?]
18:21:34.939 [IPC Server handler 15 on default port 15163] ERROR OMAudit - user=runner | ip=127.0.0.1 | op=GET_FILE_STATUS {volume=volume65627, bucket=bucket59265, key=level0/level2/level2, dataSize=0, replicationConfig=null} | ret=FAILURE
org.apache.hadoop.ozone.om.exceptions.OMException: Unable to get file status: volume: volume65627 bucket: bucket59265 key: level0/level2/level2
	at org.apache.hadoop.ozone.om.KeyManagerImpl.getOzoneFileStatus(KeyManagerImpl.java:1195) ~[ozone-manager-1.4.0-SNAPSHOT.jar:?]
	at org.apache.hadoop.ozone.om.KeyManagerImpl.getFileStatus(KeyManagerImpl.java:1113) ~[ozone-manager-1.4.0-SNAPSHOT.jar:?]
	at org.apache.hadoop.ozone.om.OmMetadataReader.getFileStatus(OmMetadataReader.java:262) ~[ozone-manager-1.4.0-SNAPSHOT.jar:?]
	at org.apache.hadoop.ozone.om.OzoneManager.getFileStatus(OzoneManager.java:3530) ~[ozone-manager-1.4.0-SNAPSHOT.jar:?]
	at org.apache.hadoop.ozone.protocolPB.OzoneManagerRequestHandler.getOzoneFileStatus(OzoneManagerRequestHandler.java:973) ~[ozone-manager-1.4.0-SNAPSHOT.jar:?]
	at org.apache.hadoop.ozone.protocolPB.OzoneManagerRequestHandler.handleReadRequest(OzoneManagerRequestHandler.java:252) ~[ozone-manager-1.4.0-SNAPSHOT.jar:?]
	at org.apache.hadoop.ozone.protocolPB.OzoneManagerProtocolServerSideTranslatorPB.submitRequestDirectlyToOM(OzoneManagerProtocolServerSideTranslatorPB.java:274) ~[ozone-manager-1.4.0-SNAPSHOT.jar:?]
	at org.apache.hadoop.ozone.protocolPB.OzoneManagerProtocolServerSideTranslatorPB.processRequest(OzoneManagerProtocolServerSideTranslatorPB.java:175) ~[ozone-manager-1.4.0-SNAPSHOT.jar:?]
	at org.apache.hadoop.hdds.server.OzoneProtocolMessageDispatcher.processRequest(OzoneProtocolMessageDispatcher.java:87) [hdds-server-framework-1.4.0-SNAPSHOT.jar:?]
	at org.apache.hadoop.ozone.protocolPB.OzoneManagerProtocolServerSideTranslatorPB.submitRequest(OzoneManagerProtocolServerSideTranslatorPB.java:148) [ozone-manager-1.4.0-SNAPSHOT.jar:?]
	at org.apache.hadoop.ozone.protocol.proto.OzoneManagerProtocolProtos$OzoneManagerService$2.callBlockingMethod(OzoneManagerProtocolProtos.java) [ozone-interface-client-1.4.0-SNAPSHOT.jar:?]
	at org.apache.hadoop.ipc.ProtobufRpcEngine$Server.processCall(ProtobufRpcEngine.java:484) [hadoop-common-3.3.6.jar:?]
	at org.apache.hadoop.ipc.ProtobufRpcEngine2$Server$ProtoBufRpcInvoker.call(ProtobufRpcEngine2.java:595) [hadoop-common-3.3.6.jar:?]
	at org.apache.hadoop.ipc.ProtobufRpcEngine2$Server$ProtoBufRpcInvoker.call(ProtobufRpcEngine2.java:573) [hadoop-common-3.3.6.jar:?]
	at org.apache.hadoop.ipc.RPC$Server.call(RPC.java:1227) [hadoop-common-3.3.6.jar:?]
	at org.apache.hadoop.ipc.Server$RpcCall.run(Server.java:1094) [hadoop-common-3.3.6.jar:?]
	at org.apache.hadoop.ipc.Server$RpcCall.run(Server.java:1017) [hadoop-common-3.3.6.jar:?]
	at java.security.AccessController.doPrivileged(Native Method) ~[?:1.8.0_382]
	at javax.security.auth.Subject.doAs(Subject.java:422) [?:1.8.0_382]
	at org.apache.hadoop.security.UserGroupInformation.doAs(UserGroupInformation.java:1899) [hadoop-common-3.3.6.jar:?]
	at org.apache.hadoop.ipc.Server$Handler.run(Server.java:3048) [hadoop-common-3.3.6.jar:?]
18:21:34.941 [IPC Server handler 16 on default port 15163] ERROR OMAudit - user=runner | ip=127.0.0.1 | op=GET_FILE_STATUS {volume=volume65627, bucket=bucket59265, key=level0/level2/file1, dataSize=0, replicationConfig=null} | ret=FAILURE
org.apache.hadoop.ozone.om.exceptions.OMException: Unable to get file status: volume: volume65627 bucket: bucket59265 key: level0/level2/file1
	at org.apache.hadoop.ozone.om.KeyManagerImpl.getOzoneFileStatus(KeyManagerImpl.java:1195) ~[ozone-manager-1.4.0-SNAPSHOT.jar:?]
	at org.apache.hadoop.ozone.om.KeyManagerImpl.getFileStatus(KeyManagerImpl.java:1113) ~[ozone-manager-1.4.0-SNAPSHOT.jar:?]
	at org.apache.hadoop.ozone.om.OmMetadataReader.getFileStatus(OmMetadataReader.java:262) ~[ozone-manager-1.4.0-SNAPSHOT.jar:?]
	at org.apache.hadoop.ozone.om.OzoneManager.getFileStatus(OzoneManager.java:3530) ~[ozone-manager-1.4.0-SNAPSHOT.jar:?]
	at org.apache.hadoop.ozone.protocolPB.OzoneManagerRequestHandler.getOzoneFileStatus(OzoneManagerRequestHandler.java:973) ~[ozone-manager-1.4.0-SNAPSHOT.jar:?]
	at org.apache.hadoop.ozone.protocolPB.OzoneManagerRequestHandler.handleReadRequest(OzoneManagerRequestHandler.java:252) ~[ozone-manager-1.4.0-SNAPSHOT.jar:?]
	at org.apache.hadoop.ozone.protocolPB.OzoneManagerProtocolServerSideTranslatorPB.submitRequestDirectlyToOM(OzoneManagerProtocolServerSideTranslatorPB.java:274) ~[ozone-manager-1.4.0-SNAPSHOT.jar:?]
	at org.apache.hadoop.ozone.protocolPB.OzoneManagerProtocolServerSideTranslatorPB.processRequest(OzoneManagerProtocolServerSideTranslatorPB.java:175) ~[ozone-manager-1.4.0-SNAPSHOT.jar:?]
	at org.apache.hadoop.hdds.server.OzoneProtocolMessageDispatcher.processRequest(OzoneProtocolMessageDispatcher.java:87) [hdds-server-framework-1.4.0-SNAPSHOT.jar:?]
	at org.apache.hadoop.ozone.protocolPB.OzoneManagerProtocolServerSideTranslatorPB.submitRequest(OzoneManagerProtocolServerSideTranslatorPB.java:148) [ozone-manager-1.4.0-SNAPSHOT.jar:?]
	at org.apache.hadoop.ozone.protocol.proto.OzoneManagerProtocolProtos$OzoneManagerService$2.callBlockingMethod(OzoneManagerProtocolProtos.java) [ozone-interface-client-1.4.0-SNAPSHOT.jar:?]
	at org.apache.hadoop.ipc.ProtobufRpcEngine$Server.processCall(ProtobufRpcEngine.java:484) [hadoop-common-3.3.6.jar:?]
	at org.apache.hadoop.ipc.ProtobufRpcEngine2$Server$ProtoBufRpcInvoker.call(ProtobufRpcEngine2.java:595) [hadoop-common-3.3.6.jar:?]
	at org.apache.hadoop.ipc.ProtobufRpcEngine2$Server$ProtoBufRpcInvoker.call(ProtobufRpcEngine2.java:573) [hadoop-common-3.3.6.jar:?]
	at org.apache.hadoop.ipc.RPC$Server.call(RPC.java:1227) [hadoop-common-3.3.6.jar:?]
	at org.apache.hadoop.ipc.Server$RpcCall.run(Server.java:1094) [hadoop-common-3.3.6.jar:?]
	at org.apache.hadoop.ipc.Server$RpcCall.run(Server.java:1017) [hadoop-common-3.3.6.jar:?]
	at java.security.AccessController.doPrivileged(Native Method) ~[?:1.8.0_382]
	at javax.security.auth.Subject.doAs(Subject.java:422) [?:1.8.0_382]
	at org.apache.hadoop.security.UserGroupInformation.doAs(UserGroupInformation.java:1899) [hadoop-common-3.3.6.jar:?]
	at org.apache.hadoop.ipc.Server$Handler.run(Server.java:3048) [hadoop-common-3.3.6.jar:?]
18:21:34.941 [IPC Server handler 17 on default port 15163] ERROR OMAudit - user=runner | ip=127.0.0.1 | op=GET_FILE_STATUS {volume=volume65627, bucket=bucket59265, key=level0/level2/level2/file1, dataSize=0, replicationConfig=null} | ret=FAILURE
org.apache.hadoop.ozone.om.exceptions.OMException: Unable to get file status: volume: volume65627 bucket: bucket59265 key: level0/level2/level2/file1
	at org.apache.hadoop.ozone.om.KeyManagerImpl.getOzoneFileStatus(KeyManagerImpl.java:1195) ~[ozone-manager-1.4.0-SNAPSHOT.jar:?]
	at org.apache.hadoop.ozone.om.KeyManagerImpl.getFileStatus(KeyManagerImpl.java:1113) ~[ozone-manager-1.4.0-SNAPSHOT.jar:?]
	at org.apache.hadoop.ozone.om.OmMetadataReader.getFileStatus(OmMetadataReader.java:262) ~[ozone-manager-1.4.0-SNAPSHOT.jar:?]
	at org.apache.hadoop.ozone.om.OzoneManager.getFileStatus(OzoneManager.java:3530) ~[ozone-manager-1.4.0-SNAPSHOT.jar:?]
	at org.apache.hadoop.ozone.protocolPB.OzoneManagerRequestHandler.getOzoneFileStatus(OzoneManagerRequestHandler.java:973) ~[ozone-manager-1.4.0-SNAPSHOT.jar:?]
	at org.apache.hadoop.ozone.protocolPB.OzoneManagerRequestHandler.handleReadRequest(OzoneManagerRequestHandler.java:252) ~[ozone-manager-1.4.0-SNAPSHOT.jar:?]
	at org.apache.hadoop.ozone.protocolPB.OzoneManagerProtocolServerSideTranslatorPB.submitRequestDirectlyToOM(OzoneManagerProtocolServerSideTranslatorPB.java:274) ~[ozone-manager-1.4.0-SNAPSHOT.jar:?]
	at org.apache.hadoop.ozone.protocolPB.OzoneManagerProtocolServerSideTranslatorPB.processRequest(OzoneManagerProtocolServerSideTranslatorPB.java:175) ~[ozone-manager-1.4.0-SNAPSHOT.jar:?]
	at org.apache.hadoop.hdds.server.OzoneProtocolMessageDispatcher.processRequest(OzoneProtocolMessageDispatcher.java:87) [hdds-server-framework-1.4.0-SNAPSHOT.jar:?]
	at org.apache.hadoop.ozone.protocolPB.OzoneManagerProtocolServerSideTranslatorPB.submitRequest(OzoneManagerProtocolServerSideTranslatorPB.java:148) [ozone-manager-1.4.0-SNAPSHOT.jar:?]
	at org.apache.hadoop.ozone.protocol.proto.OzoneManagerProtocolProtos$OzoneManagerService$2.callBlockingMethod(OzoneManagerProtocolProtos.java) [ozone-interface-client-1.4.0-SNAPSHOT.jar:?]
	at org.apache.hadoop.ipc.ProtobufRpcEngine$Server.processCall(ProtobufRpcEngine.java:484) [hadoop-common-3.3.6.jar:?]
	at org.apache.hadoop.ipc.ProtobufRpcEngine2$Server$ProtoBufRpcInvoker.call(ProtobufRpcEngine2.java:595) [hadoop-common-3.3.6.jar:?]
	at org.apache.hadoop.ipc.ProtobufRpcEngine2$Server$ProtoBufRpcInvoker.call(ProtobufRpcEngine2.java:573) [hadoop-common-3.3.6.jar:?]
	at org.apache.hadoop.ipc.RPC$Server.call(RPC.java:1227) [hadoop-common-3.3.6.jar:?]
	at org.apache.hadoop.ipc.Server$RpcCall.run(Server.java:1094) [hadoop-common-3.3.6.jar:?]
	at org.apache.hadoop.ipc.Server$RpcCall.run(Server.java:1017) [hadoop-common-3.3.6.jar:?]
	at java.security.AccessController.doPrivileged(Native Method) ~[?:1.8.0_382]
	at javax.security.auth.Subject.doAs(Subject.java:422) [?:1.8.0_382]
	at org.apache.hadoop.security.UserGroupInformation.doAs(UserGroupInformation.java:1899) [hadoop-common-3.3.6.jar:?]
	at org.apache.hadoop.ipc.Server$Handler.run(Server.java:3048) [hadoop-common-3.3.6.jar:?]
18:21:34.942 [IPC Server handler 19 on default port 15163] ERROR OMAudit - user=runner | ip=127.0.0.1 | op=GET_FILE_STATUS {volume=volume65627, bucket=bucket59265, key=level0/level3, dataSize=0, replicationConfig=null} | ret=FAILURE
org.apache.hadoop.ozone.om.exceptions.OMException: Unable to get file status: volume: volume65627 bucket: bucket59265 key: level0/level3
	at org.apache.hadoop.ozone.om.KeyManagerImpl.getOzoneFileStatus(KeyManagerImpl.java:1195) ~[ozone-manager-1.4.0-SNAPSHOT.jar:?]
	at org.apache.hadoop.ozone.om.KeyManagerImpl.getFileStatus(KeyManagerImpl.java:1113) ~[ozone-manager-1.4.0-SNAPSHOT.jar:?]
	at org.apache.hadoop.ozone.om.OmMetadataReader.getFileStatus(OmMetadataReader.java:262) ~[ozone-manager-1.4.0-SNAPSHOT.jar:?]
	at org.apache.hadoop.ozone.om.OzoneManager.getFileStatus(OzoneManager.java:3530) ~[ozone-manager-1.4.0-SNAPSHOT.jar:?]
	at org.apache.hadoop.ozone.protocolPB.OzoneManagerRequestHandler.getOzoneFileStatus(OzoneManagerRequestHandler.java:973) ~[ozone-manager-1.4.0-SNAPSHOT.jar:?]
	at org.apache.hadoop.ozone.protocolPB.OzoneManagerRequestHandler.handleReadRequest(OzoneManagerRequestHandler.java:252) ~[ozone-manager-1.4.0-SNAPSHOT.jar:?]
	at org.apache.hadoop.ozone.protocolPB.OzoneManagerProtocolServerSideTranslatorPB.submitRequestDirectlyToOM(OzoneManagerProtocolServerSideTranslatorPB.java:274) ~[ozone-manager-1.4.0-SNAPSHOT.jar:?]
	at org.apache.hadoop.ozone.protocolPB.OzoneManagerProtocolServerSideTranslatorPB.processRequest(OzoneManagerProtocolServerSideTranslatorPB.java:175) ~[ozone-manager-1.4.0-SNAPSHOT.jar:?]
	at org.apache.hadoop.hdds.server.OzoneProtocolMessageDispatcher.processRequest(OzoneProtocolMessageDispatcher.java:87) [hdds-server-framework-1.4.0-SNAPSHOT.jar:?]
	at org.apache.hadoop.ozone.protocolPB.OzoneManagerProtocolServerSideTranslatorPB.submitRequest(OzoneManagerProtocolServerSideTranslatorPB.java:148) [ozone-manager-1.4.0-SNAPSHOT.jar:?]
	at org.apache.hadoop.ozone.protocol.proto.OzoneManagerProtocolProtos$OzoneManagerService$2.callBlockingMethod(OzoneManagerProtocolProtos.java) [ozone-interface-client-1.4.0-SNAPSHOT.jar:?]
	at org.apache.hadoop.ipc.ProtobufRpcEngine$Server.processCall(ProtobufRpcEngine.java:484) [hadoop-common-3.3.6.jar:?]
	at org.apache.hadoop.ipc.ProtobufRpcEngine2$Server$ProtoBufRpcInvoker.call(ProtobufRpcEngine2.java:595) [hadoop-common-3.3.6.jar:?]
	at org.apache.hadoop.ipc.ProtobufRpcEngine2$Server$ProtoBufRpcInvoker.call(ProtobufRpcEngine2.java:573) [hadoop-common-3.3.6.jar:?]
	at org.apache.hadoop.ipc.RPC$Server.call(RPC.java:1227) [hadoop-common-3.3.6.jar:?]
	at org.apache.hadoop.ipc.Server$RpcCall.run(Server.java:1094) [hadoop-common-3.3.6.jar:?]
	at org.apache.hadoop.ipc.Server$RpcCall.run(Server.java:1017) [hadoop-common-3.3.6.jar:?]
	at java.security.AccessController.doPrivileged(Native Method) ~[?:1.8.0_382]
	at javax.security.auth.Subject.doAs(Subject.java:422) [?:1.8.0_382]
	at org.apache.hadoop.security.UserGroupInformation.doAs(UserGroupInformation.java:1899) [hadoop-common-3.3.6.jar:?]
	at org.apache.hadoop.ipc.Server$Handler.run(Server.java:3048) [hadoop-common-3.3.6.jar:?]
18:21:34.945 [IPC Server handler 18 on default port 15163] ERROR OMAudit - user=runner | ip=127.0.0.1 | op=GET_FILE_STATUS {volume=volume65627, bucket=bucket59265, key=level0/level3/level3, dataSize=0, replicationConfig=null} | ret=FAILURE
org.apache.hadoop.ozone.om.exceptions.OMException: Unable to get file status: volume: volume65627 bucket: bucket59265 key: level0/level3/level3
	at org.apache.hadoop.ozone.om.KeyManagerImpl.getOzoneFileStatus(KeyManagerImpl.java:1195) ~[ozone-manager-1.4.0-SNAPSHOT.jar:?]
	at org.apache.hadoop.ozone.om.KeyManagerImpl.getFileStatus(KeyManagerImpl.java:1113) ~[ozone-manager-1.4.0-SNAPSHOT.jar:?]
	at org.apache.hadoop.ozone.om.OmMetadataReader.getFileStatus(OmMetadataReader.java:262) ~[ozone-manager-1.4.0-SNAPSHOT.jar:?]
	at org.apache.hadoop.ozone.om.OzoneManager.getFileStatus(OzoneManager.java:3530) ~[ozone-manager-1.4.0-SNAPSHOT.jar:?]
	at org.apache.hadoop.ozone.protocolPB.OzoneManagerRequestHandler.getOzoneFileStatus(OzoneManagerRequestHandler.java:973) ~[ozone-manager-1.4.0-SNAPSHOT.jar:?]
	at org.apache.hadoop.ozone.protocolPB.OzoneManagerRequestHandler.handleReadRequest(OzoneManagerRequestHandler.java:252) ~[ozone-manager-1.4.0-SNAPSHOT.jar:?]
	at org.apache.hadoop.ozone.protocolPB.OzoneManagerProtocolServerSideTranslatorPB.submitRequestDirectlyToOM(OzoneManagerProtocolServerSideTranslatorPB.java:274) ~[ozone-manager-1.4.0-SNAPSHOT.jar:?]
	at org.apache.hadoop.ozone.protocolPB.OzoneManagerProtocolServerSideTranslatorPB.processRequest(OzoneManagerProtocolServerSideTranslatorPB.java:175) ~[ozone-manager-1.4.0-SNAPSHOT.jar:?]
	at org.apache.hadoop.hdds.server.OzoneProtocolMessageDispatcher.processRequest(OzoneProtocolMessageDispatcher.java:87) [hdds-server-framework-1.4.0-SNAPSHOT.jar:?]
	at org.apache.hadoop.ozone.protocolPB.OzoneManagerProtocolServerSideTranslatorPB.submitRequest(OzoneManagerProtocolServerSideTranslatorPB.java:148) [ozone-manager-1.4.0-SNAPSHOT.jar:?]
	at org.apache.hadoop.ozone.protocol.proto.OzoneManagerProtocolProtos$OzoneManagerService$2.callBlockingMethod(OzoneManagerProtocolProtos.java) [ozone-interface-client-1.4.0-SNAPSHOT.jar:?]
	at org.apache.hadoop.ipc.ProtobufRpcEngine$Server.processCall(ProtobufRpcEngine.java:484) [hadoop-common-3.3.6.jar:?]
	at org.apache.hadoop.ipc.ProtobufRpcEngine2$Server$ProtoBufRpcInvoker.call(ProtobufRpcEngine2.java:595) [hadoop-common-3.3.6.jar:?]
	at org.apache.hadoop.ipc.ProtobufRpcEngine2$Server$ProtoBufRpcInvoker.call(ProtobufRpcEngine2.java:573) [hadoop-common-3.3.6.jar:?]
	at org.apache.hadoop.ipc.RPC$Server.call(RPC.java:1227) [hadoop-common-3.3.6.jar:?]
	at org.apache.hadoop.ipc.Server$RpcCall.run(Server.java:1094) [hadoop-common-3.3.6.jar:?]
	at org.apache.hadoop.ipc.Server$RpcCall.run(Server.java:1017) [hadoop-common-3.3.6.jar:?]
	at java.security.AccessController.doPrivileged(Native Method) ~[?:1.8.0_382]
	at javax.security.auth.Subject.doAs(Subject.java:422) [?:1.8.0_382]
	at org.apache.hadoop.security.UserGroupInformation.doAs(UserGroupInformation.java:1899) [hadoop-common-3.3.6.jar:?]
	at org.apache.hadoop.ipc.Server$Handler.run(Server.java:3048) [hadoop-common-3.3.6.jar:?]
18:21:34.946 [IPC Server handler 2 on default port 15163] ERROR OMAudit - user=runner | ip=127.0.0.1 | op=GET_FILE_STATUS {volume=volume65627, bucket=bucket59265, key=level0/level3/file1, dataSize=0, replicationConfig=null} | ret=FAILURE
org.apache.hadoop.ozone.om.exceptions.OMException: Unable to get file status: volume: volume65627 bucket: bucket59265 key: level0/level3/file1
	at org.apache.hadoop.ozone.om.KeyManagerImpl.getOzoneFileStatus(KeyManagerImpl.java:1195) ~[ozone-manager-1.4.0-SNAPSHOT.jar:?]
	at org.apache.hadoop.ozone.om.KeyManagerImpl.getFileStatus(KeyManagerImpl.java:1113) ~[ozone-manager-1.4.0-SNAPSHOT.jar:?]
	at org.apache.hadoop.ozone.om.OmMetadataReader.getFileStatus(OmMetadataReader.java:262) ~[ozone-manager-1.4.0-SNAPSHOT.jar:?]
	at org.apache.hadoop.ozone.om.OzoneManager.getFileStatus(OzoneManager.java:3530) ~[ozone-manager-1.4.0-SNAPSHOT.jar:?]
	at org.apache.hadoop.ozone.protocolPB.OzoneManagerRequestHandler.getOzoneFileStatus(OzoneManagerRequestHandler.java:973) ~[ozone-manager-1.4.0-SNAPSHOT.jar:?]
	at org.apache.hadoop.ozone.protocolPB.OzoneManagerRequestHandler.handleReadRequest(OzoneManagerRequestHandler.java:252) ~[ozone-manager-1.4.0-SNAPSHOT.jar:?]
	at org.apache.hadoop.ozone.protocolPB.OzoneManagerProtocolServerSideTranslatorPB.submitRequestDirectlyToOM(OzoneManagerProtocolServerSideTranslatorPB.java:274) ~[ozone-manager-1.4.0-SNAPSHOT.jar:?]
	at org.apache.hadoop.ozone.protocolPB.OzoneManagerProtocolServerSideTranslatorPB.processRequest(OzoneManagerProtocolServerSideTranslatorPB.java:175) ~[ozone-manager-1.4.0-SNAPSHOT.jar:?]
	at org.apache.hadoop.hdds.server.OzoneProtocolMessageDispatcher.processRequest(OzoneProtocolMessageDispatcher.java:87) [hdds-server-framework-1.4.0-SNAPSHOT.jar:?]
	at org.apache.hadoop.ozone.protocolPB.OzoneManagerProtocolServerSideTranslatorPB.submitRequest(OzoneManagerProtocolServerSideTranslatorPB.java:148) [ozone-manager-1.4.0-SNAPSHOT.jar:?]
	at org.apache.hadoop.ozone.protocol.proto.OzoneManagerProtocolProtos$OzoneManagerService$2.callBlockingMethod(OzoneManagerProtocolProtos.java) [ozone-interface-client-1.4.0-SNAPSHOT.jar:?]
	at org.apache.hadoop.ipc.ProtobufRpcEngine$Server.processCall(ProtobufRpcEngine.java:484) [hadoop-common-3.3.6.jar:?]
	at org.apache.hadoop.ipc.ProtobufRpcEngine2$Server$ProtoBufRpcInvoker.call(ProtobufRpcEngine2.java:595) [hadoop-common-3.3.6.jar:?]
	at org.apache.hadoop.ipc.ProtobufRpcEngine2$Server$ProtoBufRpcInvoker.call(ProtobufRpcEngine2.java:573) [hadoop-common-3.3.6.jar:?]
	at org.apache.hadoop.ipc.RPC$Server.call(RPC.java:1227) [hadoop-common-3.3.6.jar:?]
	at org.apache.hadoop.ipc.Server$RpcCall.run(Server.java:1094) [hadoop-common-3.3.6.jar:?]
	at org.apache.hadoop.ipc.Server$RpcCall.run(Server.java:1017) [hadoop-common-3.3.6.jar:?]
	at java.security.AccessController.doPrivileged(Native Method) ~[?:1.8.0_382]
	at javax.security.auth.Subject.doAs(Subject.java:422) [?:1.8.0_382]
	at org.apache.hadoop.security.UserGroupInformation.doAs(UserGroupInformation.java:1899) [hadoop-common-3.3.6.jar:?]
	at org.apache.hadoop.ipc.Server$Handler.run(Server.java:3048) [hadoop-common-3.3.6.jar:?]
18:21:34.947 [IPC Server handler 0 on default port 15163] ERROR OMAudit - user=runner | ip=127.0.0.1 | op=GET_FILE_STATUS {volume=volume65627, bucket=bucket59265, key=level0/level3/level3/file1, dataSize=0, replicationConfig=null} | ret=FAILURE
org.apache.hadoop.ozone.om.exceptions.OMException: Unable to get file status: volume: volume65627 bucket: bucket59265 key: level0/level3/level3/file1
	at org.apache.hadoop.ozone.om.KeyManagerImpl.getOzoneFileStatus(KeyManagerImpl.java:1195) ~[ozone-manager-1.4.0-SNAPSHOT.jar:?]
	at org.apache.hadoop.ozone.om.KeyManagerImpl.getFileStatus(KeyManagerImpl.java:1113) ~[ozone-manager-1.4.0-SNAPSHOT.jar:?]
	at org.apache.hadoop.ozone.om.OmMetadataReader.getFileStatus(OmMetadataReader.java:262) ~[ozone-manager-1.4.0-SNAPSHOT.jar:?]
	at org.apache.hadoop.ozone.om.OzoneManager.getFileStatus(OzoneManager.java:3530) ~[ozone-manager-1.4.0-SNAPSHOT.jar:?]
	at org.apache.hadoop.ozone.protocolPB.OzoneManagerRequestHandler.getOzoneFileStatus(OzoneManagerRequestHandler.java:973) ~[ozone-manager-1.4.0-SNAPSHOT.jar:?]
	at org.apache.hadoop.ozone.protocolPB.OzoneManagerRequestHandler.handleReadRequest(OzoneManagerRequestHandler.java:252) ~[ozone-manager-1.4.0-SNAPSHOT.jar:?]
	at org.apache.hadoop.ozone.protocolPB.OzoneManagerProtocolServerSideTranslatorPB.submitRequestDirectlyToOM(OzoneManagerProtocolServerSideTranslatorPB.java:274) ~[ozone-manager-1.4.0-SNAPSHOT.jar:?]
	at org.apache.hadoop.ozone.protocolPB.OzoneManagerProtocolServerSideTranslatorPB.processRequest(OzoneManagerProtocolServerSideTranslatorPB.java:175) ~[ozone-manager-1.4.0-SNAPSHOT.jar:?]
	at org.apache.hadoop.hdds.server.OzoneProtocolMessageDispatcher.processRequest(OzoneProtocolMessageDispatcher.java:87) [hdds-server-framework-1.4.0-SNAPSHOT.jar:?]
	at org.apache.hadoop.ozone.protocolPB.OzoneManagerProtocolServerSideTranslatorPB.submitRequest(OzoneManagerProtocolServerSideTranslatorPB.java:148) [ozone-manager-1.4.0-SNAPSHOT.jar:?]
	at org.apache.hadoop.ozone.protocol.proto.OzoneManagerProtocolProtos$OzoneManagerService$2.callBlockingMethod(OzoneManagerProtocolProtos.java) [ozone-interface-client-1.4.0-SNAPSHOT.jar:?]
	at org.apache.hadoop.ipc.ProtobufRpcEngine$Server.processCall(ProtobufRpcEngine.java:484) [hadoop-common-3.3.6.jar:?]
	at org.apache.hadoop.ipc.ProtobufRpcEngine2$Server$ProtoBufRpcInvoker.call(ProtobufRpcEngine2.java:595) [hadoop-common-3.3.6.jar:?]
	at org.apache.hadoop.ipc.ProtobufRpcEngine2$Server$ProtoBufRpcInvoker.call(ProtobufRpcEngine2.java:573) [hadoop-common-3.3.6.jar:?]
	at org.apache.hadoop.ipc.RPC$Server.call(RPC.java:1227) [hadoop-common-3.3.6.jar:?]
	at org.apache.hadoop.ipc.Server$RpcCall.run(Server.java:1094) [hadoop-common-3.3.6.jar:?]
	at org.apache.hadoop.ipc.Server$RpcCall.run(Server.java:1017) [hadoop-common-3.3.6.jar:?]
	at java.security.AccessController.doPrivileged(Native Method) ~[?:1.8.0_382]
	at javax.security.auth.Subject.doAs(Subject.java:422) [?:1.8.0_382]
	at org.apache.hadoop.security.UserGroupInformation.doAs(UserGroupInformation.java:1899) [hadoop-common-3.3.6.jar:?]
	at org.apache.hadoop.ipc.Server$Handler.run(Server.java:3048) [hadoop-common-3.3.6.jar:?]
]]></system-out>
  </testcase>
  <testcase name="testGetTrashRoots" classname="TestOzoneFileSystem" time="0.098">
    <system-out><![CDATA[18:17:02.712 [IPC Server handler 14 on default port 15004] ERROR OMAudit - user=runner | ip=127.0.0.1 | op=GET_FILE_STATUS {volume=volume59479, bucket=bucket48122, key=.Trash/runner, dataSize=0, replicationConfig=null} | ret=FAILURE
org.apache.hadoop.ozone.om.exceptions.OMException: Unable to get file status: volume: volume59479 bucket: bucket48122 key: .Trash/runner
	at org.apache.hadoop.ozone.om.KeyManagerImpl.getOzoneFileStatus(KeyManagerImpl.java:1195) ~[ozone-manager-1.4.0-SNAPSHOT.jar:?]
	at org.apache.hadoop.ozone.om.KeyManagerImpl.getFileStatus(KeyManagerImpl.java:1113) ~[ozone-manager-1.4.0-SNAPSHOT.jar:?]
	at org.apache.hadoop.ozone.om.OmMetadataReader.getFileStatus(OmMetadataReader.java:262) ~[ozone-manager-1.4.0-SNAPSHOT.jar:?]
	at org.apache.hadoop.ozone.om.OzoneManager.getFileStatus(OzoneManager.java:3530) ~[ozone-manager-1.4.0-SNAPSHOT.jar:?]
	at org.apache.hadoop.ozone.protocolPB.OzoneManagerRequestHandler.getOzoneFileStatus(OzoneManagerRequestHandler.java:973) ~[ozone-manager-1.4.0-SNAPSHOT.jar:?]
	at org.apache.hadoop.ozone.protocolPB.OzoneManagerRequestHandler.handleReadRequest(OzoneManagerRequestHandler.java:252) ~[ozone-manager-1.4.0-SNAPSHOT.jar:?]
	at org.apache.hadoop.ozone.protocolPB.OzoneManagerProtocolServerSideTranslatorPB.submitReadRequestToOM(OzoneManagerProtocolServerSideTranslatorPB.java:225) ~[ozone-manager-1.4.0-SNAPSHOT.jar:?]
	at org.apache.hadoop.ozone.protocolPB.OzoneManagerProtocolServerSideTranslatorPB.processRequest(OzoneManagerProtocolServerSideTranslatorPB.java:179) ~[ozone-manager-1.4.0-SNAPSHOT.jar:?]
	at org.apache.hadoop.hdds.server.OzoneProtocolMessageDispatcher.processRequest(OzoneProtocolMessageDispatcher.java:87) [hdds-server-framework-1.4.0-SNAPSHOT.jar:?]
	at org.apache.hadoop.ozone.protocolPB.OzoneManagerProtocolServerSideTranslatorPB.submitRequest(OzoneManagerProtocolServerSideTranslatorPB.java:148) [ozone-manager-1.4.0-SNAPSHOT.jar:?]
	at org.apache.hadoop.ozone.protocol.proto.OzoneManagerProtocolProtos$OzoneManagerService$2.callBlockingMethod(OzoneManagerProtocolProtos.java) [ozone-interface-client-1.4.0-SNAPSHOT.jar:?]
	at org.apache.hadoop.ipc.ProtobufRpcEngine$Server.processCall(ProtobufRpcEngine.java:484) [hadoop-common-3.3.6.jar:?]
	at org.apache.hadoop.ipc.ProtobufRpcEngine2$Server$ProtoBufRpcInvoker.call(ProtobufRpcEngine2.java:595) [hadoop-common-3.3.6.jar:?]
	at org.apache.hadoop.ipc.ProtobufRpcEngine2$Server$ProtoBufRpcInvoker.call(ProtobufRpcEngine2.java:573) [hadoop-common-3.3.6.jar:?]
	at org.apache.hadoop.ipc.RPC$Server.call(RPC.java:1227) [hadoop-common-3.3.6.jar:?]
	at org.apache.hadoop.ipc.Server$RpcCall.run(Server.java:1094) [hadoop-common-3.3.6.jar:?]
	at org.apache.hadoop.ipc.Server$RpcCall.run(Server.java:1017) [hadoop-common-3.3.6.jar:?]
	at java.security.AccessController.doPrivileged(Native Method) ~[?:1.8.0_382]
	at javax.security.auth.Subject.doAs(Subject.java:422) [?:1.8.0_382]
	at org.apache.hadoop.security.UserGroupInformation.doAs(UserGroupInformation.java:1899) [hadoop-common-3.3.6.jar:?]
	at org.apache.hadoop.ipc.Server$Handler.run(Server.java:3048) [hadoop-common-3.3.6.jar:?]
]]></system-out>
  </testcase>
  <testcase name="testGetTrashRoots" classname="TestOzoneFileSystem" time="0.038">
    <system-out><![CDATA[18:18:47.492 [IPC Server handler 4 on default port 15057] ERROR OMAudit - user=runner | ip=127.0.0.1 | op=GET_FILE_STATUS {volume=volume38115, bucket=bucket38025, key=.Trash/runner, dataSize=0, replicationConfig=null} | ret=FAILURE
org.apache.hadoop.ozone.om.exceptions.OMException: Unable to get file status: volume: volume38115 bucket: bucket38025 key: .Trash/runner
	at org.apache.hadoop.ozone.om.KeyManagerImpl.getOzoneFileStatus(KeyManagerImpl.java:1195) ~[ozone-manager-1.4.0-SNAPSHOT.jar:?]
	at org.apache.hadoop.ozone.om.KeyManagerImpl.getFileStatus(KeyManagerImpl.java:1113) ~[ozone-manager-1.4.0-SNAPSHOT.jar:?]
	at org.apache.hadoop.ozone.om.OmMetadataReader.getFileStatus(OmMetadataReader.java:262) ~[ozone-manager-1.4.0-SNAPSHOT.jar:?]
	at org.apache.hadoop.ozone.om.OzoneManager.getFileStatus(OzoneManager.java:3530) ~[ozone-manager-1.4.0-SNAPSHOT.jar:?]
	at org.apache.hadoop.ozone.protocolPB.OzoneManagerRequestHandler.getOzoneFileStatus(OzoneManagerRequestHandler.java:973) ~[ozone-manager-1.4.0-SNAPSHOT.jar:?]
	at org.apache.hadoop.ozone.protocolPB.OzoneManagerRequestHandler.handleReadRequest(OzoneManagerRequestHandler.java:252) ~[ozone-manager-1.4.0-SNAPSHOT.jar:?]
	at org.apache.hadoop.ozone.protocolPB.OzoneManagerProtocolServerSideTranslatorPB.submitRequestDirectlyToOM(OzoneManagerProtocolServerSideTranslatorPB.java:274) ~[ozone-manager-1.4.0-SNAPSHOT.jar:?]
	at org.apache.hadoop.ozone.protocolPB.OzoneManagerProtocolServerSideTranslatorPB.processRequest(OzoneManagerProtocolServerSideTranslatorPB.java:175) ~[ozone-manager-1.4.0-SNAPSHOT.jar:?]
	at org.apache.hadoop.hdds.server.OzoneProtocolMessageDispatcher.processRequest(OzoneProtocolMessageDispatcher.java:87) [hdds-server-framework-1.4.0-SNAPSHOT.jar:?]
	at org.apache.hadoop.ozone.protocolPB.OzoneManagerProtocolServerSideTranslatorPB.submitRequest(OzoneManagerProtocolServerSideTranslatorPB.java:148) [ozone-manager-1.4.0-SNAPSHOT.jar:?]
	at org.apache.hadoop.ozone.protocol.proto.OzoneManagerProtocolProtos$OzoneManagerService$2.callBlockingMethod(OzoneManagerProtocolProtos.java) [ozone-interface-client-1.4.0-SNAPSHOT.jar:?]
	at org.apache.hadoop.ipc.ProtobufRpcEngine$Server.processCall(ProtobufRpcEngine.java:484) [hadoop-common-3.3.6.jar:?]
	at org.apache.hadoop.ipc.ProtobufRpcEngine2$Server$ProtoBufRpcInvoker.call(ProtobufRpcEngine2.java:595) [hadoop-common-3.3.6.jar:?]
	at org.apache.hadoop.ipc.ProtobufRpcEngine2$Server$ProtoBufRpcInvoker.call(ProtobufRpcEngine2.java:573) [hadoop-common-3.3.6.jar:?]
	at org.apache.hadoop.ipc.RPC$Server.call(RPC.java:1227) [hadoop-common-3.3.6.jar:?]
	at org.apache.hadoop.ipc.Server$RpcCall.run(Server.java:1094) [hadoop-common-3.3.6.jar:?]
	at org.apache.hadoop.ipc.Server$RpcCall.run(Server.java:1017) [hadoop-common-3.3.6.jar:?]
	at java.security.AccessController.doPrivileged(Native Method) ~[?:1.8.0_382]
	at javax.security.auth.Subject.doAs(Subject.java:422) [?:1.8.0_382]
	at org.apache.hadoop.security.UserGroupInformation.doAs(UserGroupInformation.java:1899) [hadoop-common-3.3.6.jar:?]
	at org.apache.hadoop.ipc.Server$Handler.run(Server.java:3048) [hadoop-common-3.3.6.jar:?]
]]></system-out>
  </testcase>
  <testcase name="testGetTrashRoots" classname="TestOzoneFileSystem" time="0.037">
    <system-out><![CDATA[18:20:06.538 [IPC Server handler 0 on default port 15110] ERROR OMAudit - user=runner | ip=127.0.0.1 | op=GET_FILE_STATUS {volume=volume40966, bucket=bucket64934, key=.Trash/runner, dataSize=0, replicationConfig=null} | ret=FAILURE
org.apache.hadoop.ozone.om.exceptions.OMException: Unable to get file status: volume: volume40966 bucket: bucket64934 key: .Trash/runner
	at org.apache.hadoop.ozone.om.KeyManagerImpl.getOzoneFileStatus(KeyManagerImpl.java:1195) ~[ozone-manager-1.4.0-SNAPSHOT.jar:?]
	at org.apache.hadoop.ozone.om.KeyManagerImpl.getFileStatus(KeyManagerImpl.java:1113) ~[ozone-manager-1.4.0-SNAPSHOT.jar:?]
	at org.apache.hadoop.ozone.om.OmMetadataReader.getFileStatus(OmMetadataReader.java:262) ~[ozone-manager-1.4.0-SNAPSHOT.jar:?]
	at org.apache.hadoop.ozone.om.OzoneManager.getFileStatus(OzoneManager.java:3530) ~[ozone-manager-1.4.0-SNAPSHOT.jar:?]
	at org.apache.hadoop.ozone.protocolPB.OzoneManagerRequestHandler.getOzoneFileStatus(OzoneManagerRequestHandler.java:973) ~[ozone-manager-1.4.0-SNAPSHOT.jar:?]
	at org.apache.hadoop.ozone.protocolPB.OzoneManagerRequestHandler.handleReadRequest(OzoneManagerRequestHandler.java:252) ~[ozone-manager-1.4.0-SNAPSHOT.jar:?]
	at org.apache.hadoop.ozone.protocolPB.OzoneManagerProtocolServerSideTranslatorPB.submitReadRequestToOM(OzoneManagerProtocolServerSideTranslatorPB.java:225) ~[ozone-manager-1.4.0-SNAPSHOT.jar:?]
	at org.apache.hadoop.ozone.protocolPB.OzoneManagerProtocolServerSideTranslatorPB.processRequest(OzoneManagerProtocolServerSideTranslatorPB.java:179) ~[ozone-manager-1.4.0-SNAPSHOT.jar:?]
	at org.apache.hadoop.hdds.server.OzoneProtocolMessageDispatcher.processRequest(OzoneProtocolMessageDispatcher.java:87) [hdds-server-framework-1.4.0-SNAPSHOT.jar:?]
	at org.apache.hadoop.ozone.protocolPB.OzoneManagerProtocolServerSideTranslatorPB.submitRequest(OzoneManagerProtocolServerSideTranslatorPB.java:148) [ozone-manager-1.4.0-SNAPSHOT.jar:?]
	at org.apache.hadoop.ozone.protocol.proto.OzoneManagerProtocolProtos$OzoneManagerService$2.callBlockingMethod(OzoneManagerProtocolProtos.java) [ozone-interface-client-1.4.0-SNAPSHOT.jar:?]
	at org.apache.hadoop.ipc.ProtobufRpcEngine$Server.processCall(ProtobufRpcEngine.java:484) [hadoop-common-3.3.6.jar:?]
	at org.apache.hadoop.ipc.ProtobufRpcEngine2$Server$ProtoBufRpcInvoker.call(ProtobufRpcEngine2.java:595) [hadoop-common-3.3.6.jar:?]
	at org.apache.hadoop.ipc.ProtobufRpcEngine2$Server$ProtoBufRpcInvoker.call(ProtobufRpcEngine2.java:573) [hadoop-common-3.3.6.jar:?]
	at org.apache.hadoop.ipc.RPC$Server.call(RPC.java:1227) [hadoop-common-3.3.6.jar:?]
	at org.apache.hadoop.ipc.Server$RpcCall.run(Server.java:1094) [hadoop-common-3.3.6.jar:?]
	at org.apache.hadoop.ipc.Server$RpcCall.run(Server.java:1017) [hadoop-common-3.3.6.jar:?]
	at java.security.AccessController.doPrivileged(Native Method) ~[?:1.8.0_382]
	at javax.security.auth.Subject.doAs(Subject.java:422) [?:1.8.0_382]
	at org.apache.hadoop.security.UserGroupInformation.doAs(UserGroupInformation.java:1899) [hadoop-common-3.3.6.jar:?]
	at org.apache.hadoop.ipc.Server$Handler.run(Server.java:3048) [hadoop-common-3.3.6.jar:?]
]]></system-out>
  </testcase>
  <testcase name="testGetTrashRoots" classname="TestOzoneFileSystem" time="0.031">
    <system-out><![CDATA[18:21:34.950 [IPC Server handler 5 on default port 15163] ERROR OMAudit - user=runner | ip=127.0.0.1 | op=GET_FILE_STATUS {volume=volume65627, bucket=bucket59265, key=.Trash/runner, dataSize=0, replicationConfig=null} | ret=FAILURE
org.apache.hadoop.ozone.om.exceptions.OMException: Unable to get file status: volume: volume65627 bucket: bucket59265 key: .Trash/runner
	at org.apache.hadoop.ozone.om.KeyManagerImpl.getOzoneFileStatus(KeyManagerImpl.java:1195) ~[ozone-manager-1.4.0-SNAPSHOT.jar:?]
	at org.apache.hadoop.ozone.om.KeyManagerImpl.getFileStatus(KeyManagerImpl.java:1113) ~[ozone-manager-1.4.0-SNAPSHOT.jar:?]
	at org.apache.hadoop.ozone.om.OmMetadataReader.getFileStatus(OmMetadataReader.java:262) ~[ozone-manager-1.4.0-SNAPSHOT.jar:?]
	at org.apache.hadoop.ozone.om.OzoneManager.getFileStatus(OzoneManager.java:3530) ~[ozone-manager-1.4.0-SNAPSHOT.jar:?]
	at org.apache.hadoop.ozone.protocolPB.OzoneManagerRequestHandler.getOzoneFileStatus(OzoneManagerRequestHandler.java:973) ~[ozone-manager-1.4.0-SNAPSHOT.jar:?]
	at org.apache.hadoop.ozone.protocolPB.OzoneManagerRequestHandler.handleReadRequest(OzoneManagerRequestHandler.java:252) ~[ozone-manager-1.4.0-SNAPSHOT.jar:?]
	at org.apache.hadoop.ozone.protocolPB.OzoneManagerProtocolServerSideTranslatorPB.submitRequestDirectlyToOM(OzoneManagerProtocolServerSideTranslatorPB.java:274) ~[ozone-manager-1.4.0-SNAPSHOT.jar:?]
	at org.apache.hadoop.ozone.protocolPB.OzoneManagerProtocolServerSideTranslatorPB.processRequest(OzoneManagerProtocolServerSideTranslatorPB.java:175) ~[ozone-manager-1.4.0-SNAPSHOT.jar:?]
	at org.apache.hadoop.hdds.server.OzoneProtocolMessageDispatcher.processRequest(OzoneProtocolMessageDispatcher.java:87) [hdds-server-framework-1.4.0-SNAPSHOT.jar:?]
	at org.apache.hadoop.ozone.protocolPB.OzoneManagerProtocolServerSideTranslatorPB.submitRequest(OzoneManagerProtocolServerSideTranslatorPB.java:148) [ozone-manager-1.4.0-SNAPSHOT.jar:?]
	at org.apache.hadoop.ozone.protocol.proto.OzoneManagerProtocolProtos$OzoneManagerService$2.callBlockingMethod(OzoneManagerProtocolProtos.java) [ozone-interface-client-1.4.0-SNAPSHOT.jar:?]
	at org.apache.hadoop.ipc.ProtobufRpcEngine$Server.processCall(ProtobufRpcEngine.java:484) [hadoop-common-3.3.6.jar:?]
	at org.apache.hadoop.ipc.ProtobufRpcEngine2$Server$ProtoBufRpcInvoker.call(ProtobufRpcEngine2.java:595) [hadoop-common-3.3.6.jar:?]
	at org.apache.hadoop.ipc.ProtobufRpcEngine2$Server$ProtoBufRpcInvoker.call(ProtobufRpcEngine2.java:573) [hadoop-common-3.3.6.jar:?]
	at org.apache.hadoop.ipc.RPC$Server.call(RPC.java:1227) [hadoop-common-3.3.6.jar:?]
	at org.apache.hadoop.ipc.Server$RpcCall.run(Server.java:1094) [hadoop-common-3.3.6.jar:?]
	at org.apache.hadoop.ipc.Server$RpcCall.run(Server.java:1017) [hadoop-common-3.3.6.jar:?]
	at java.security.AccessController.doPrivileged(Native Method) ~[?:1.8.0_382]
	at javax.security.auth.Subject.doAs(Subject.java:422) [?:1.8.0_382]
	at org.apache.hadoop.security.UserGroupInformation.doAs(UserGroupInformation.java:1899) [hadoop-common-3.3.6.jar:?]
	at org.apache.hadoop.ipc.Server$Handler.run(Server.java:3048) [hadoop-common-3.3.6.jar:?]
]]></system-out>
  </testcase>
  <testcase name="testCreateDoesNotAddParentDirKeys" classname="TestOzoneFileSystem" time="0.057">
    <system-out><![CDATA[18:17:02.841 [IPC Server handler 3 on default port 15004] ERROR OMAudit - user=runner | ip=127.0.0.1 | op=READ_KEY {volume=volume59479, bucket=bucket48122, key=testCreateDoesNotAddParentDirKeys/parent/, dataSize=0, replicationConfig=null} | ret=FAILURE
org.apache.hadoop.ozone.om.exceptions.OMException: Key:testCreateDoesNotAddParentDirKeys/parent not found
	at org.apache.hadoop.ozone.om.KeyManagerImpl.readKeyInfo(KeyManagerImpl.java:427) ~[ozone-manager-1.4.0-SNAPSHOT.jar:?]
	at org.apache.hadoop.ozone.om.KeyManagerImpl.lambda$9(KeyManagerImpl.java:1931) ~[ozone-manager-1.4.0-SNAPSHOT.jar:?]
	at org.apache.hadoop.util.MetricUtil.captureLatencyNs(MetricUtil.java:39) ~[hdds-common-1.4.0-SNAPSHOT.jar:?]
	at org.apache.hadoop.ozone.om.KeyManagerImpl.getKeyInfo(KeyManagerImpl.java:1929) ~[ozone-manager-1.4.0-SNAPSHOT.jar:?]
	at org.apache.hadoop.ozone.om.OmMetadataReader.getKeyInfo(OmMetadataReader.java:185) ~[ozone-manager-1.4.0-SNAPSHOT.jar:?]
	at org.apache.hadoop.ozone.om.OzoneManager.getKeyInfo(OzoneManager.java:2827) ~[ozone-manager-1.4.0-SNAPSHOT.jar:?]
	at org.apache.hadoop.ozone.protocolPB.OzoneManagerRequestHandler.getKeyInfo(OzoneManagerRequestHandler.java:587) ~[ozone-manager-1.4.0-SNAPSHOT.jar:?]
	at org.apache.hadoop.ozone.protocolPB.OzoneManagerRequestHandler.handleReadRequest(OzoneManagerRequestHandler.java:306) ~[ozone-manager-1.4.0-SNAPSHOT.jar:?]
	at org.apache.hadoop.ozone.protocolPB.OzoneManagerProtocolServerSideTranslatorPB.submitReadRequestToOM(OzoneManagerProtocolServerSideTranslatorPB.java:225) ~[ozone-manager-1.4.0-SNAPSHOT.jar:?]
	at org.apache.hadoop.ozone.protocolPB.OzoneManagerProtocolServerSideTranslatorPB.processRequest(OzoneManagerProtocolServerSideTranslatorPB.java:179) ~[ozone-manager-1.4.0-SNAPSHOT.jar:?]
	at org.apache.hadoop.hdds.server.OzoneProtocolMessageDispatcher.processRequest(OzoneProtocolMessageDispatcher.java:87) [hdds-server-framework-1.4.0-SNAPSHOT.jar:?]
	at org.apache.hadoop.ozone.protocolPB.OzoneManagerProtocolServerSideTranslatorPB.submitRequest(OzoneManagerProtocolServerSideTranslatorPB.java:148) [ozone-manager-1.4.0-SNAPSHOT.jar:?]
	at org.apache.hadoop.ozone.protocol.proto.OzoneManagerProtocolProtos$OzoneManagerService$2.callBlockingMethod(OzoneManagerProtocolProtos.java) [ozone-interface-client-1.4.0-SNAPSHOT.jar:?]
	at org.apache.hadoop.ipc.ProtobufRpcEngine$Server.processCall(ProtobufRpcEngine.java:484) [hadoop-common-3.3.6.jar:?]
	at org.apache.hadoop.ipc.ProtobufRpcEngine2$Server$ProtoBufRpcInvoker.call(ProtobufRpcEngine2.java:595) [hadoop-common-3.3.6.jar:?]
	at org.apache.hadoop.ipc.ProtobufRpcEngine2$Server$ProtoBufRpcInvoker.call(ProtobufRpcEngine2.java:573) [hadoop-common-3.3.6.jar:?]
	at org.apache.hadoop.ipc.RPC$Server.call(RPC.java:1227) [hadoop-common-3.3.6.jar:?]
	at org.apache.hadoop.ipc.Server$RpcCall.run(Server.java:1094) [hadoop-common-3.3.6.jar:?]
	at org.apache.hadoop.ipc.Server$RpcCall.run(Server.java:1017) [hadoop-common-3.3.6.jar:?]
	at java.security.AccessController.doPrivileged(Native Method) ~[?:1.8.0_382]
	at javax.security.auth.Subject.doAs(Subject.java:422) [?:1.8.0_382]
	at org.apache.hadoop.security.UserGroupInformation.doAs(UserGroupInformation.java:1899) [hadoop-common-3.3.6.jar:?]
	at org.apache.hadoop.ipc.Server$Handler.run(Server.java:3048) [hadoop-common-3.3.6.jar:?]
]]></system-out>
  </testcase>
  <testcase name="testCreateDoesNotAddParentDirKeys" classname="TestOzoneFileSystem" time="0.028">
    <system-out><![CDATA[18:18:47.545 [IPC Server handler 17 on default port 15057] ERROR OMAudit - user=runner | ip=127.0.0.1 | op=READ_KEY {volume=volume38115, bucket=bucket38025, key=testCreateDoesNotAddParentDirKeys/parent/, dataSize=0, replicationConfig=null} | ret=FAILURE
org.apache.hadoop.ozone.om.exceptions.OMException: Key:testCreateDoesNotAddParentDirKeys/parent not found
	at org.apache.hadoop.ozone.om.KeyManagerImpl.readKeyInfo(KeyManagerImpl.java:427) ~[ozone-manager-1.4.0-SNAPSHOT.jar:?]
	at org.apache.hadoop.ozone.om.KeyManagerImpl.lambda$9(KeyManagerImpl.java:1931) ~[ozone-manager-1.4.0-SNAPSHOT.jar:?]
	at org.apache.hadoop.util.MetricUtil.captureLatencyNs(MetricUtil.java:39) ~[hdds-common-1.4.0-SNAPSHOT.jar:?]
	at org.apache.hadoop.ozone.om.KeyManagerImpl.getKeyInfo(KeyManagerImpl.java:1929) ~[ozone-manager-1.4.0-SNAPSHOT.jar:?]
	at org.apache.hadoop.ozone.om.OmMetadataReader.getKeyInfo(OmMetadataReader.java:185) ~[ozone-manager-1.4.0-SNAPSHOT.jar:?]
	at org.apache.hadoop.ozone.om.OzoneManager.getKeyInfo(OzoneManager.java:2827) ~[ozone-manager-1.4.0-SNAPSHOT.jar:?]
	at org.apache.hadoop.ozone.protocolPB.OzoneManagerRequestHandler.getKeyInfo(OzoneManagerRequestHandler.java:587) ~[ozone-manager-1.4.0-SNAPSHOT.jar:?]
	at org.apache.hadoop.ozone.protocolPB.OzoneManagerRequestHandler.handleReadRequest(OzoneManagerRequestHandler.java:306) ~[ozone-manager-1.4.0-SNAPSHOT.jar:?]
	at org.apache.hadoop.ozone.protocolPB.OzoneManagerProtocolServerSideTranslatorPB.submitRequestDirectlyToOM(OzoneManagerProtocolServerSideTranslatorPB.java:274) ~[ozone-manager-1.4.0-SNAPSHOT.jar:?]
	at org.apache.hadoop.ozone.protocolPB.OzoneManagerProtocolServerSideTranslatorPB.processRequest(OzoneManagerProtocolServerSideTranslatorPB.java:175) ~[ozone-manager-1.4.0-SNAPSHOT.jar:?]
	at org.apache.hadoop.hdds.server.OzoneProtocolMessageDispatcher.processRequest(OzoneProtocolMessageDispatcher.java:87) [hdds-server-framework-1.4.0-SNAPSHOT.jar:?]
	at org.apache.hadoop.ozone.protocolPB.OzoneManagerProtocolServerSideTranslatorPB.submitRequest(OzoneManagerProtocolServerSideTranslatorPB.java:148) [ozone-manager-1.4.0-SNAPSHOT.jar:?]
	at org.apache.hadoop.ozone.protocol.proto.OzoneManagerProtocolProtos$OzoneManagerService$2.callBlockingMethod(OzoneManagerProtocolProtos.java) [ozone-interface-client-1.4.0-SNAPSHOT.jar:?]
	at org.apache.hadoop.ipc.ProtobufRpcEngine$Server.processCall(ProtobufRpcEngine.java:484) [hadoop-common-3.3.6.jar:?]
	at org.apache.hadoop.ipc.ProtobufRpcEngine2$Server$ProtoBufRpcInvoker.call(ProtobufRpcEngine2.java:595) [hadoop-common-3.3.6.jar:?]
	at org.apache.hadoop.ipc.ProtobufRpcEngine2$Server$ProtoBufRpcInvoker.call(ProtobufRpcEngine2.java:573) [hadoop-common-3.3.6.jar:?]
	at org.apache.hadoop.ipc.RPC$Server.call(RPC.java:1227) [hadoop-common-3.3.6.jar:?]
	at org.apache.hadoop.ipc.Server$RpcCall.run(Server.java:1094) [hadoop-common-3.3.6.jar:?]
	at org.apache.hadoop.ipc.Server$RpcCall.run(Server.java:1017) [hadoop-common-3.3.6.jar:?]
	at java.security.AccessController.doPrivileged(Native Method) ~[?:1.8.0_382]
	at javax.security.auth.Subject.doAs(Subject.java:422) [?:1.8.0_382]
	at org.apache.hadoop.security.UserGroupInformation.doAs(UserGroupInformation.java:1899) [hadoop-common-3.3.6.jar:?]
	at org.apache.hadoop.ipc.Server$Handler.run(Server.java:3048) [hadoop-common-3.3.6.jar:?]
]]></system-out>
  </testcase>
  <testcase name="testCreateDoesNotAddParentDirKeys" classname="TestOzoneFileSystem" time="0.023"/>
  <testcase name="testCreateDoesNotAddParentDirKeys" classname="TestOzoneFileSystem" time="0.022"/>
  <testcase name="testDeleteCreatesFakeParentDir" classname="TestOzoneFileSystem" time="0.051">
    <system-out><![CDATA[18:17:02.888 [IPC Server handler 19 on default port 15004] ERROR OMAudit - user=runner | ip=127.0.0.1 | op=READ_KEY {volume=volume59479, bucket=bucket48122, key=testDeleteCreatesFakeParentDir/parent/, dataSize=0, replicationConfig=null} | ret=FAILURE
org.apache.hadoop.ozone.om.exceptions.OMException: Key:testDeleteCreatesFakeParentDir/parent not found
	at org.apache.hadoop.ozone.om.KeyManagerImpl.readKeyInfo(KeyManagerImpl.java:427) ~[ozone-manager-1.4.0-SNAPSHOT.jar:?]
	at org.apache.hadoop.ozone.om.KeyManagerImpl.lambda$9(KeyManagerImpl.java:1931) ~[ozone-manager-1.4.0-SNAPSHOT.jar:?]
	at org.apache.hadoop.util.MetricUtil.captureLatencyNs(MetricUtil.java:39) ~[hdds-common-1.4.0-SNAPSHOT.jar:?]
	at org.apache.hadoop.ozone.om.KeyManagerImpl.getKeyInfo(KeyManagerImpl.java:1929) ~[ozone-manager-1.4.0-SNAPSHOT.jar:?]
	at org.apache.hadoop.ozone.om.OmMetadataReader.getKeyInfo(OmMetadataReader.java:185) ~[ozone-manager-1.4.0-SNAPSHOT.jar:?]
	at org.apache.hadoop.ozone.om.OzoneManager.getKeyInfo(OzoneManager.java:2827) ~[ozone-manager-1.4.0-SNAPSHOT.jar:?]
	at org.apache.hadoop.ozone.protocolPB.OzoneManagerRequestHandler.getKeyInfo(OzoneManagerRequestHandler.java:587) ~[ozone-manager-1.4.0-SNAPSHOT.jar:?]
	at org.apache.hadoop.ozone.protocolPB.OzoneManagerRequestHandler.handleReadRequest(OzoneManagerRequestHandler.java:306) ~[ozone-manager-1.4.0-SNAPSHOT.jar:?]
	at org.apache.hadoop.ozone.protocolPB.OzoneManagerProtocolServerSideTranslatorPB.submitReadRequestToOM(OzoneManagerProtocolServerSideTranslatorPB.java:225) ~[ozone-manager-1.4.0-SNAPSHOT.jar:?]
	at org.apache.hadoop.ozone.protocolPB.OzoneManagerProtocolServerSideTranslatorPB.processRequest(OzoneManagerProtocolServerSideTranslatorPB.java:179) ~[ozone-manager-1.4.0-SNAPSHOT.jar:?]
	at org.apache.hadoop.hdds.server.OzoneProtocolMessageDispatcher.processRequest(OzoneProtocolMessageDispatcher.java:87) [hdds-server-framework-1.4.0-SNAPSHOT.jar:?]
	at org.apache.hadoop.ozone.protocolPB.OzoneManagerProtocolServerSideTranslatorPB.submitRequest(OzoneManagerProtocolServerSideTranslatorPB.java:148) [ozone-manager-1.4.0-SNAPSHOT.jar:?]
	at org.apache.hadoop.ozone.protocol.proto.OzoneManagerProtocolProtos$OzoneManagerService$2.callBlockingMethod(OzoneManagerProtocolProtos.java) [ozone-interface-client-1.4.0-SNAPSHOT.jar:?]
	at org.apache.hadoop.ipc.ProtobufRpcEngine$Server.processCall(ProtobufRpcEngine.java:484) [hadoop-common-3.3.6.jar:?]
	at org.apache.hadoop.ipc.ProtobufRpcEngine2$Server$ProtoBufRpcInvoker.call(ProtobufRpcEngine2.java:595) [hadoop-common-3.3.6.jar:?]
	at org.apache.hadoop.ipc.ProtobufRpcEngine2$Server$ProtoBufRpcInvoker.call(ProtobufRpcEngine2.java:573) [hadoop-common-3.3.6.jar:?]
	at org.apache.hadoop.ipc.RPC$Server.call(RPC.java:1227) [hadoop-common-3.3.6.jar:?]
	at org.apache.hadoop.ipc.Server$RpcCall.run(Server.java:1094) [hadoop-common-3.3.6.jar:?]
	at org.apache.hadoop.ipc.Server$RpcCall.run(Server.java:1017) [hadoop-common-3.3.6.jar:?]
	at java.security.AccessController.doPrivileged(Native Method) ~[?:1.8.0_382]
	at javax.security.auth.Subject.doAs(Subject.java:422) [?:1.8.0_382]
	at org.apache.hadoop.security.UserGroupInformation.doAs(UserGroupInformation.java:1899) [hadoop-common-3.3.6.jar:?]
	at org.apache.hadoop.ipc.Server$Handler.run(Server.java:3048) [hadoop-common-3.3.6.jar:?]
]]></system-out>
  </testcase>
  <testcase name="testDeleteCreatesFakeParentDir" classname="TestOzoneFileSystem" time="0.023">
    <system-out><![CDATA[18:18:47.568 [IPC Server handler 5 on default port 15057] ERROR OMAudit - user=runner | ip=127.0.0.1 | op=READ_KEY {volume=volume38115, bucket=bucket38025, key=testDeleteCreatesFakeParentDir/parent/, dataSize=0, replicationConfig=null} | ret=FAILURE
org.apache.hadoop.ozone.om.exceptions.OMException: Key:testDeleteCreatesFakeParentDir/parent not found
	at org.apache.hadoop.ozone.om.KeyManagerImpl.readKeyInfo(KeyManagerImpl.java:427) ~[ozone-manager-1.4.0-SNAPSHOT.jar:?]
	at org.apache.hadoop.ozone.om.KeyManagerImpl.lambda$9(KeyManagerImpl.java:1931) ~[ozone-manager-1.4.0-SNAPSHOT.jar:?]
	at org.apache.hadoop.util.MetricUtil.captureLatencyNs(MetricUtil.java:39) ~[hdds-common-1.4.0-SNAPSHOT.jar:?]
	at org.apache.hadoop.ozone.om.KeyManagerImpl.getKeyInfo(KeyManagerImpl.java:1929) ~[ozone-manager-1.4.0-SNAPSHOT.jar:?]
	at org.apache.hadoop.ozone.om.OmMetadataReader.getKeyInfo(OmMetadataReader.java:185) ~[ozone-manager-1.4.0-SNAPSHOT.jar:?]
	at org.apache.hadoop.ozone.om.OzoneManager.getKeyInfo(OzoneManager.java:2827) ~[ozone-manager-1.4.0-SNAPSHOT.jar:?]
	at org.apache.hadoop.ozone.protocolPB.OzoneManagerRequestHandler.getKeyInfo(OzoneManagerRequestHandler.java:587) ~[ozone-manager-1.4.0-SNAPSHOT.jar:?]
	at org.apache.hadoop.ozone.protocolPB.OzoneManagerRequestHandler.handleReadRequest(OzoneManagerRequestHandler.java:306) ~[ozone-manager-1.4.0-SNAPSHOT.jar:?]
	at org.apache.hadoop.ozone.protocolPB.OzoneManagerProtocolServerSideTranslatorPB.submitRequestDirectlyToOM(OzoneManagerProtocolServerSideTranslatorPB.java:274) ~[ozone-manager-1.4.0-SNAPSHOT.jar:?]
	at org.apache.hadoop.ozone.protocolPB.OzoneManagerProtocolServerSideTranslatorPB.processRequest(OzoneManagerProtocolServerSideTranslatorPB.java:175) ~[ozone-manager-1.4.0-SNAPSHOT.jar:?]
	at org.apache.hadoop.hdds.server.OzoneProtocolMessageDispatcher.processRequest(OzoneProtocolMessageDispatcher.java:87) [hdds-server-framework-1.4.0-SNAPSHOT.jar:?]
	at org.apache.hadoop.ozone.protocolPB.OzoneManagerProtocolServerSideTranslatorPB.submitRequest(OzoneManagerProtocolServerSideTranslatorPB.java:148) [ozone-manager-1.4.0-SNAPSHOT.jar:?]
	at org.apache.hadoop.ozone.protocol.proto.OzoneManagerProtocolProtos$OzoneManagerService$2.callBlockingMethod(OzoneManagerProtocolProtos.java) [ozone-interface-client-1.4.0-SNAPSHOT.jar:?]
	at org.apache.hadoop.ipc.ProtobufRpcEngine$Server.processCall(ProtobufRpcEngine.java:484) [hadoop-common-3.3.6.jar:?]
	at org.apache.hadoop.ipc.ProtobufRpcEngine2$Server$ProtoBufRpcInvoker.call(ProtobufRpcEngine2.java:595) [hadoop-common-3.3.6.jar:?]
	at org.apache.hadoop.ipc.ProtobufRpcEngine2$Server$ProtoBufRpcInvoker.call(ProtobufRpcEngine2.java:573) [hadoop-common-3.3.6.jar:?]
	at org.apache.hadoop.ipc.RPC$Server.call(RPC.java:1227) [hadoop-common-3.3.6.jar:?]
	at org.apache.hadoop.ipc.Server$RpcCall.run(Server.java:1094) [hadoop-common-3.3.6.jar:?]
	at org.apache.hadoop.ipc.Server$RpcCall.run(Server.java:1017) [hadoop-common-3.3.6.jar:?]
	at java.security.AccessController.doPrivileged(Native Method) ~[?:1.8.0_382]
	at javax.security.auth.Subject.doAs(Subject.java:422) [?:1.8.0_382]
	at org.apache.hadoop.security.UserGroupInformation.doAs(UserGroupInformation.java:1899) [hadoop-common-3.3.6.jar:?]
	at org.apache.hadoop.ipc.Server$Handler.run(Server.java:3048) [hadoop-common-3.3.6.jar:?]
]]></system-out>
  </testcase>
  <testcase name="testDeleteCreatesFakeParentDir" classname="TestOzoneFileSystem" time="0.021"/>
  <testcase name="testDeleteCreatesFakeParentDir" classname="TestOzoneFileSystem" time="0.019"/>
  <testcase name="testListStatusOnKeyNameContainDelimiter" classname="TestOzoneFileSystem" time="0.058"/>
  <testcase name="testListStatusOnKeyNameContainDelimiter" classname="TestOzoneFileSystem" time="0.032"/>
  <testcase name="testListStatusOnKeyNameContainDelimiter" classname="TestOzoneFileSystem" time="0.024"/>
  <testcase name="testListStatusOnKeyNameContainDelimiter" classname="TestOzoneFileSystem" time="0.019"/>
  <testcase name="testNonExplicitlyCreatedPathExistsAfterItsLeafsWereRemoved" classname="TestOzoneFileSystem" time="0.072">
    <system-out><![CDATA[18:17:02.998 [IPC Server handler 6 on default port 15004] ERROR OMAudit - user=runner | ip=127.0.0.1 | op=GET_FILE_STATUS {volume=volume59479, bucket=bucket48122, key=target/leaf, dataSize=0, replicationConfig=null} | ret=FAILURE
org.apache.hadoop.ozone.om.exceptions.OMException: Unable to get file status: volume: volume59479 bucket: bucket48122 key: target/leaf
	at org.apache.hadoop.ozone.om.KeyManagerImpl.getOzoneFileStatus(KeyManagerImpl.java:1195) ~[ozone-manager-1.4.0-SNAPSHOT.jar:?]
	at org.apache.hadoop.ozone.om.KeyManagerImpl.getFileStatus(KeyManagerImpl.java:1113) ~[ozone-manager-1.4.0-SNAPSHOT.jar:?]
	at org.apache.hadoop.ozone.om.OmMetadataReader.getFileStatus(OmMetadataReader.java:262) ~[ozone-manager-1.4.0-SNAPSHOT.jar:?]
	at org.apache.hadoop.ozone.om.OzoneManager.getFileStatus(OzoneManager.java:3530) ~[ozone-manager-1.4.0-SNAPSHOT.jar:?]
	at org.apache.hadoop.ozone.protocolPB.OzoneManagerRequestHandler.getOzoneFileStatus(OzoneManagerRequestHandler.java:973) ~[ozone-manager-1.4.0-SNAPSHOT.jar:?]
	at org.apache.hadoop.ozone.protocolPB.OzoneManagerRequestHandler.handleReadRequest(OzoneManagerRequestHandler.java:252) ~[ozone-manager-1.4.0-SNAPSHOT.jar:?]
	at org.apache.hadoop.ozone.protocolPB.OzoneManagerProtocolServerSideTranslatorPB.submitReadRequestToOM(OzoneManagerProtocolServerSideTranslatorPB.java:225) ~[ozone-manager-1.4.0-SNAPSHOT.jar:?]
	at org.apache.hadoop.ozone.protocolPB.OzoneManagerProtocolServerSideTranslatorPB.processRequest(OzoneManagerProtocolServerSideTranslatorPB.java:179) ~[ozone-manager-1.4.0-SNAPSHOT.jar:?]
	at org.apache.hadoop.hdds.server.OzoneProtocolMessageDispatcher.processRequest(OzoneProtocolMessageDispatcher.java:87) [hdds-server-framework-1.4.0-SNAPSHOT.jar:?]
	at org.apache.hadoop.ozone.protocolPB.OzoneManagerProtocolServerSideTranslatorPB.submitRequest(OzoneManagerProtocolServerSideTranslatorPB.java:148) [ozone-manager-1.4.0-SNAPSHOT.jar:?]
	at org.apache.hadoop.ozone.protocol.proto.OzoneManagerProtocolProtos$OzoneManagerService$2.callBlockingMethod(OzoneManagerProtocolProtos.java) [ozone-interface-client-1.4.0-SNAPSHOT.jar:?]
	at org.apache.hadoop.ipc.ProtobufRpcEngine$Server.processCall(ProtobufRpcEngine.java:484) [hadoop-common-3.3.6.jar:?]
	at org.apache.hadoop.ipc.ProtobufRpcEngine2$Server$ProtoBufRpcInvoker.call(ProtobufRpcEngine2.java:595) [hadoop-common-3.3.6.jar:?]
	at org.apache.hadoop.ipc.ProtobufRpcEngine2$Server$ProtoBufRpcInvoker.call(ProtobufRpcEngine2.java:573) [hadoop-common-3.3.6.jar:?]
	at org.apache.hadoop.ipc.RPC$Server.call(RPC.java:1227) [hadoop-common-3.3.6.jar:?]
	at org.apache.hadoop.ipc.Server$RpcCall.run(Server.java:1094) [hadoop-common-3.3.6.jar:?]
	at org.apache.hadoop.ipc.Server$RpcCall.run(Server.java:1017) [hadoop-common-3.3.6.jar:?]
	at java.security.AccessController.doPrivileged(Native Method) ~[?:1.8.0_382]
	at javax.security.auth.Subject.doAs(Subject.java:422) [?:1.8.0_382]
	at org.apache.hadoop.security.UserGroupInformation.doAs(UserGroupInformation.java:1899) [hadoop-common-3.3.6.jar:?]
	at org.apache.hadoop.ipc.Server$Handler.run(Server.java:3048) [hadoop-common-3.3.6.jar:?]
]]></system-out>
  </testcase>
  <testcase name="testNonExplicitlyCreatedPathExistsAfterItsLeafsWereRemoved" classname="TestOzoneFileSystem" time="0.033">
    <system-out><![CDATA[18:18:47.622 [IPC Server handler 15 on default port 15057] ERROR OMAudit - user=runner | ip=127.0.0.1 | op=GET_FILE_STATUS {volume=volume38115, bucket=bucket38025, key=target/leaf, dataSize=0, replicationConfig=null} | ret=FAILURE
org.apache.hadoop.ozone.om.exceptions.OMException: Unable to get file status: volume: volume38115 bucket: bucket38025 key: target/leaf
	at org.apache.hadoop.ozone.om.KeyManagerImpl.getOzoneFileStatus(KeyManagerImpl.java:1195) ~[ozone-manager-1.4.0-SNAPSHOT.jar:?]
	at org.apache.hadoop.ozone.om.KeyManagerImpl.getFileStatus(KeyManagerImpl.java:1113) ~[ozone-manager-1.4.0-SNAPSHOT.jar:?]
	at org.apache.hadoop.ozone.om.OmMetadataReader.getFileStatus(OmMetadataReader.java:262) ~[ozone-manager-1.4.0-SNAPSHOT.jar:?]
	at org.apache.hadoop.ozone.om.OzoneManager.getFileStatus(OzoneManager.java:3530) ~[ozone-manager-1.4.0-SNAPSHOT.jar:?]
	at org.apache.hadoop.ozone.protocolPB.OzoneManagerRequestHandler.getOzoneFileStatus(OzoneManagerRequestHandler.java:973) ~[ozone-manager-1.4.0-SNAPSHOT.jar:?]
	at org.apache.hadoop.ozone.protocolPB.OzoneManagerRequestHandler.handleReadRequest(OzoneManagerRequestHandler.java:252) ~[ozone-manager-1.4.0-SNAPSHOT.jar:?]
	at org.apache.hadoop.ozone.protocolPB.OzoneManagerProtocolServerSideTranslatorPB.submitRequestDirectlyToOM(OzoneManagerProtocolServerSideTranslatorPB.java:274) ~[ozone-manager-1.4.0-SNAPSHOT.jar:?]
	at org.apache.hadoop.ozone.protocolPB.OzoneManagerProtocolServerSideTranslatorPB.processRequest(OzoneManagerProtocolServerSideTranslatorPB.java:175) ~[ozone-manager-1.4.0-SNAPSHOT.jar:?]
	at org.apache.hadoop.hdds.server.OzoneProtocolMessageDispatcher.processRequest(OzoneProtocolMessageDispatcher.java:87) [hdds-server-framework-1.4.0-SNAPSHOT.jar:?]
	at org.apache.hadoop.ozone.protocolPB.OzoneManagerProtocolServerSideTranslatorPB.submitRequest(OzoneManagerProtocolServerSideTranslatorPB.java:148) [ozone-manager-1.4.0-SNAPSHOT.jar:?]
	at org.apache.hadoop.ozone.protocol.proto.OzoneManagerProtocolProtos$OzoneManagerService$2.callBlockingMethod(OzoneManagerProtocolProtos.java) [ozone-interface-client-1.4.0-SNAPSHOT.jar:?]
	at org.apache.hadoop.ipc.ProtobufRpcEngine$Server.processCall(ProtobufRpcEngine.java:484) [hadoop-common-3.3.6.jar:?]
	at org.apache.hadoop.ipc.ProtobufRpcEngine2$Server$ProtoBufRpcInvoker.call(ProtobufRpcEngine2.java:595) [hadoop-common-3.3.6.jar:?]
	at org.apache.hadoop.ipc.ProtobufRpcEngine2$Server$ProtoBufRpcInvoker.call(ProtobufRpcEngine2.java:573) [hadoop-common-3.3.6.jar:?]
	at org.apache.hadoop.ipc.RPC$Server.call(RPC.java:1227) [hadoop-common-3.3.6.jar:?]
	at org.apache.hadoop.ipc.Server$RpcCall.run(Server.java:1094) [hadoop-common-3.3.6.jar:?]
	at org.apache.hadoop.ipc.Server$RpcCall.run(Server.java:1017) [hadoop-common-3.3.6.jar:?]
	at java.security.AccessController.doPrivileged(Native Method) ~[?:1.8.0_382]
	at javax.security.auth.Subject.doAs(Subject.java:422) [?:1.8.0_382]
	at org.apache.hadoop.security.UserGroupInformation.doAs(UserGroupInformation.java:1899) [hadoop-common-3.3.6.jar:?]
	at org.apache.hadoop.ipc.Server$Handler.run(Server.java:3048) [hadoop-common-3.3.6.jar:?]
]]></system-out>
  </testcase>
  <testcase name="testNonExplicitlyCreatedPathExistsAfterItsLeafsWereRemoved" classname="TestOzoneFileSystem" time="0.028">
    <system-out><![CDATA[18:20:06.651 [IPC Server handler 17 on default port 15110] ERROR OMAudit - user=runner | ip=127.0.0.1 | op=GET_FILE_STATUS {volume=volume40966, bucket=bucket64934, key=target/leaf, dataSize=0, replicationConfig=null} | ret=FAILURE
org.apache.hadoop.ozone.om.exceptions.OMException: Unable to get file status: volume: volume40966 bucket: bucket64934 key: target/leaf
	at org.apache.hadoop.ozone.om.KeyManagerImpl.getOzoneFileStatus(KeyManagerImpl.java:1195) ~[ozone-manager-1.4.0-SNAPSHOT.jar:?]
	at org.apache.hadoop.ozone.om.KeyManagerImpl.getFileStatus(KeyManagerImpl.java:1113) ~[ozone-manager-1.4.0-SNAPSHOT.jar:?]
	at org.apache.hadoop.ozone.om.OmMetadataReader.getFileStatus(OmMetadataReader.java:262) ~[ozone-manager-1.4.0-SNAPSHOT.jar:?]
	at org.apache.hadoop.ozone.om.OzoneManager.getFileStatus(OzoneManager.java:3530) ~[ozone-manager-1.4.0-SNAPSHOT.jar:?]
	at org.apache.hadoop.ozone.protocolPB.OzoneManagerRequestHandler.getOzoneFileStatus(OzoneManagerRequestHandler.java:973) ~[ozone-manager-1.4.0-SNAPSHOT.jar:?]
	at org.apache.hadoop.ozone.protocolPB.OzoneManagerRequestHandler.handleReadRequest(OzoneManagerRequestHandler.java:252) ~[ozone-manager-1.4.0-SNAPSHOT.jar:?]
	at org.apache.hadoop.ozone.protocolPB.OzoneManagerProtocolServerSideTranslatorPB.submitReadRequestToOM(OzoneManagerProtocolServerSideTranslatorPB.java:225) ~[ozone-manager-1.4.0-SNAPSHOT.jar:?]
	at org.apache.hadoop.ozone.protocolPB.OzoneManagerProtocolServerSideTranslatorPB.processRequest(OzoneManagerProtocolServerSideTranslatorPB.java:179) ~[ozone-manager-1.4.0-SNAPSHOT.jar:?]
	at org.apache.hadoop.hdds.server.OzoneProtocolMessageDispatcher.processRequest(OzoneProtocolMessageDispatcher.java:87) [hdds-server-framework-1.4.0-SNAPSHOT.jar:?]
	at org.apache.hadoop.ozone.protocolPB.OzoneManagerProtocolServerSideTranslatorPB.submitRequest(OzoneManagerProtocolServerSideTranslatorPB.java:148) [ozone-manager-1.4.0-SNAPSHOT.jar:?]
	at org.apache.hadoop.ozone.protocol.proto.OzoneManagerProtocolProtos$OzoneManagerService$2.callBlockingMethod(OzoneManagerProtocolProtos.java) [ozone-interface-client-1.4.0-SNAPSHOT.jar:?]
	at org.apache.hadoop.ipc.ProtobufRpcEngine$Server.processCall(ProtobufRpcEngine.java:484) [hadoop-common-3.3.6.jar:?]
	at org.apache.hadoop.ipc.ProtobufRpcEngine2$Server$ProtoBufRpcInvoker.call(ProtobufRpcEngine2.java:595) [hadoop-common-3.3.6.jar:?]
	at org.apache.hadoop.ipc.ProtobufRpcEngine2$Server$ProtoBufRpcInvoker.call(ProtobufRpcEngine2.java:573) [hadoop-common-3.3.6.jar:?]
	at org.apache.hadoop.ipc.RPC$Server.call(RPC.java:1227) [hadoop-common-3.3.6.jar:?]
	at org.apache.hadoop.ipc.Server$RpcCall.run(Server.java:1094) [hadoop-common-3.3.6.jar:?]
	at org.apache.hadoop.ipc.Server$RpcCall.run(Server.java:1017) [hadoop-common-3.3.6.jar:?]
	at java.security.AccessController.doPrivileged(Native Method) ~[?:1.8.0_382]
	at javax.security.auth.Subject.doAs(Subject.java:422) [?:1.8.0_382]
	at org.apache.hadoop.security.UserGroupInformation.doAs(UserGroupInformation.java:1899) [hadoop-common-3.3.6.jar:?]
	at org.apache.hadoop.ipc.Server$Handler.run(Server.java:3048) [hadoop-common-3.3.6.jar:?]
]]></system-out>
  </testcase>
  <testcase name="testNonExplicitlyCreatedPathExistsAfterItsLeafsWereRemoved" classname="TestOzoneFileSystem" time="0.028">
    <system-out><![CDATA[18:21:35.048 [IPC Server handler 18 on default port 15163] ERROR OMAudit - user=runner | ip=127.0.0.1 | op=GET_FILE_STATUS {volume=volume65627, bucket=bucket59265, key=target/leaf, dataSize=0, replicationConfig=null} | ret=FAILURE
org.apache.hadoop.ozone.om.exceptions.OMException: Unable to get file status: volume: volume65627 bucket: bucket59265 key: target/leaf
	at org.apache.hadoop.ozone.om.KeyManagerImpl.getOzoneFileStatus(KeyManagerImpl.java:1195) ~[ozone-manager-1.4.0-SNAPSHOT.jar:?]
	at org.apache.hadoop.ozone.om.KeyManagerImpl.getFileStatus(KeyManagerImpl.java:1113) ~[ozone-manager-1.4.0-SNAPSHOT.jar:?]
	at org.apache.hadoop.ozone.om.OmMetadataReader.getFileStatus(OmMetadataReader.java:262) ~[ozone-manager-1.4.0-SNAPSHOT.jar:?]
	at org.apache.hadoop.ozone.om.OzoneManager.getFileStatus(OzoneManager.java:3530) ~[ozone-manager-1.4.0-SNAPSHOT.jar:?]
	at org.apache.hadoop.ozone.protocolPB.OzoneManagerRequestHandler.getOzoneFileStatus(OzoneManagerRequestHandler.java:973) ~[ozone-manager-1.4.0-SNAPSHOT.jar:?]
	at org.apache.hadoop.ozone.protocolPB.OzoneManagerRequestHandler.handleReadRequest(OzoneManagerRequestHandler.java:252) ~[ozone-manager-1.4.0-SNAPSHOT.jar:?]
	at org.apache.hadoop.ozone.protocolPB.OzoneManagerProtocolServerSideTranslatorPB.submitRequestDirectlyToOM(OzoneManagerProtocolServerSideTranslatorPB.java:274) ~[ozone-manager-1.4.0-SNAPSHOT.jar:?]
	at org.apache.hadoop.ozone.protocolPB.OzoneManagerProtocolServerSideTranslatorPB.processRequest(OzoneManagerProtocolServerSideTranslatorPB.java:175) ~[ozone-manager-1.4.0-SNAPSHOT.jar:?]
	at org.apache.hadoop.hdds.server.OzoneProtocolMessageDispatcher.processRequest(OzoneProtocolMessageDispatcher.java:87) [hdds-server-framework-1.4.0-SNAPSHOT.jar:?]
	at org.apache.hadoop.ozone.protocolPB.OzoneManagerProtocolServerSideTranslatorPB.submitRequest(OzoneManagerProtocolServerSideTranslatorPB.java:148) [ozone-manager-1.4.0-SNAPSHOT.jar:?]
	at org.apache.hadoop.ozone.protocol.proto.OzoneManagerProtocolProtos$OzoneManagerService$2.callBlockingMethod(OzoneManagerProtocolProtos.java) [ozone-interface-client-1.4.0-SNAPSHOT.jar:?]
	at org.apache.hadoop.ipc.ProtobufRpcEngine$Server.processCall(ProtobufRpcEngine.java:484) [hadoop-common-3.3.6.jar:?]
	at org.apache.hadoop.ipc.ProtobufRpcEngine2$Server$ProtoBufRpcInvoker.call(ProtobufRpcEngine2.java:595) [hadoop-common-3.3.6.jar:?]
	at org.apache.hadoop.ipc.ProtobufRpcEngine2$Server$ProtoBufRpcInvoker.call(ProtobufRpcEngine2.java:573) [hadoop-common-3.3.6.jar:?]
	at org.apache.hadoop.ipc.RPC$Server.call(RPC.java:1227) [hadoop-common-3.3.6.jar:?]
	at org.apache.hadoop.ipc.Server$RpcCall.run(Server.java:1094) [hadoop-common-3.3.6.jar:?]
	at org.apache.hadoop.ipc.Server$RpcCall.run(Server.java:1017) [hadoop-common-3.3.6.jar:?]
	at java.security.AccessController.doPrivileged(Native Method) ~[?:1.8.0_382]
	at javax.security.auth.Subject.doAs(Subject.java:422) [?:1.8.0_382]
	at org.apache.hadoop.security.UserGroupInformation.doAs(UserGroupInformation.java:1899) [hadoop-common-3.3.6.jar:?]
	at org.apache.hadoop.ipc.Server$Handler.run(Server.java:3048) [hadoop-common-3.3.6.jar:?]
]]></system-out>
  </testcase>
  <testcase name="testCreateFileShouldCheckExistenceOfDirWithSameName" classname="TestOzoneFileSystem" time="0.097">
    <system-out><![CDATA[18:17:03.082 [OM StateMachine ApplyTransaction Thread - 0] ERROR OMAudit - user=runner | ip=127.0.0.1 | op=CREATE_FILE {volume=volume59479, bucket=bucket48122, key=d1/d2/d3/d4/key2, dataSize=4194304, replicationType=RATIS, replicationFactor=THREE} | ret=FAILURE
org.apache.hadoop.ozone.om.exceptions.OMException: Can not write to directory: d1/d2/d3/d4/key2
	at org.apache.hadoop.ozone.om.request.file.OMFileCreateRequest.checkDirectoryResult(OMFileCreateRequest.java:363) ~[ozone-manager-1.4.0-SNAPSHOT.jar:?]
	at org.apache.hadoop.ozone.om.request.file.OMFileCreateRequest.validateAndUpdateCache(OMFileCreateRequest.java:237) ~[ozone-manager-1.4.0-SNAPSHOT.jar:?]
	at org.apache.hadoop.ozone.protocolPB.OzoneManagerRequestHandler.handleWriteRequest(OzoneManagerRequestHandler.java:375) ~[ozone-manager-1.4.0-SNAPSHOT.jar:?]
	at org.apache.hadoop.ozone.om.ratis.OzoneManagerStateMachine.runCommand(OzoneManagerStateMachine.java:568) ~[ozone-manager-1.4.0-SNAPSHOT.jar:?]
	at org.apache.hadoop.ozone.om.ratis.OzoneManagerStateMachine.lambda$1(OzoneManagerStateMachine.java:359) ~[ozone-manager-1.4.0-SNAPSHOT.jar:?]
	at java.util.concurrent.CompletableFuture$AsyncSupply.run(CompletableFuture.java:1604) [?:1.8.0_382]
	at java.util.concurrent.ThreadPoolExecutor.runWorker(ThreadPoolExecutor.java:1149) [?:1.8.0_382]
	at java.util.concurrent.ThreadPoolExecutor$Worker.run(ThreadPoolExecutor.java:624) [?:1.8.0_382]
	at java.lang.Thread.run(Thread.java:750) [?:1.8.0_382]
2023-08-31 18:17:03,083 [OM StateMachine ApplyTransaction Thread - 0] ERROR file.OMFileCreateRequest (OMFileCreateRequest.java:validateAndUpdateCache(336)) - File create failed. Volume:volume59479, Bucket:bucket48122, Keyd1/d2/d3/d4/key2.
NOT_A_FILE org.apache.hadoop.ozone.om.exceptions.OMException: Can not write to directory: d1/d2/d3/d4/key2
	at org.apache.hadoop.ozone.om.request.file.OMFileCreateRequest.checkDirectoryResult(OMFileCreateRequest.java:363)
	at org.apache.hadoop.ozone.om.request.file.OMFileCreateRequest.validateAndUpdateCache(OMFileCreateRequest.java:237)
	at org.apache.hadoop.ozone.protocolPB.OzoneManagerRequestHandler.handleWriteRequest(OzoneManagerRequestHandler.java:375)
	at org.apache.hadoop.ozone.om.ratis.OzoneManagerStateMachine.runCommand(OzoneManagerStateMachine.java:568)
	at org.apache.hadoop.ozone.om.ratis.OzoneManagerStateMachine.lambda$1(OzoneManagerStateMachine.java:359)
	at java.util.concurrent.CompletableFuture$AsyncSupply.run(CompletableFuture.java:1604)
	at java.util.concurrent.ThreadPoolExecutor.runWorker(ThreadPoolExecutor.java:1149)
	at java.util.concurrent.ThreadPoolExecutor$Worker.run(ThreadPoolExecutor.java:624)
	at java.lang.Thread.run(Thread.java:750)
18:17:03.109 [OM StateMachine ApplyTransaction Thread - 0] ERROR OMAudit - user=runner | ip=127.0.0.1 | op=CREATE_DIRECTORY {volume=volume59479, bucket=bucket48122, key=d1/d2/d3/d4/key3, dataSize=0, replicationType=NONE, replicationFactor=ZERO} | ret=FAILURE
org.apache.hadoop.ozone.om.exceptions.OMException: Unable to create directory: d1/d2/d3/d4/key3 in volume/bucket: volume59479/bucket48122
	at org.apache.hadoop.ozone.om.request.file.OMDirectoryCreateRequest.validateAndUpdateCache(OMDirectoryCreateRequest.java:194) ~[ozone-manager-1.4.0-SNAPSHOT.jar:?]
	at org.apache.hadoop.ozone.protocolPB.OzoneManagerRequestHandler.handleWriteRequest(OzoneManagerRequestHandler.java:375) ~[ozone-manager-1.4.0-SNAPSHOT.jar:?]
	at org.apache.hadoop.ozone.om.ratis.OzoneManagerStateMachine.runCommand(OzoneManagerStateMachine.java:568) ~[ozone-manager-1.4.0-SNAPSHOT.jar:?]
	at org.apache.hadoop.ozone.om.ratis.OzoneManagerStateMachine.lambda$1(OzoneManagerStateMachine.java:359) ~[ozone-manager-1.4.0-SNAPSHOT.jar:?]
	at java.util.concurrent.CompletableFuture$AsyncSupply.run(CompletableFuture.java:1604) [?:1.8.0_382]
	at java.util.concurrent.ThreadPoolExecutor.runWorker(ThreadPoolExecutor.java:1149) [?:1.8.0_382]
	at java.util.concurrent.ThreadPoolExecutor$Worker.run(ThreadPoolExecutor.java:624) [?:1.8.0_382]
	at java.lang.Thread.run(Thread.java:750) [?:1.8.0_382]
2023-08-31 18:17:03,109 [OM StateMachine ApplyTransaction Thread - 0] ERROR file.OMDirectoryCreateRequest (OMDirectoryCreateRequest.java:logResult(334)) - Directory creation failed. Volume:volume59479, Bucket:bucket48122, Keyd1/d2/d3/d4/key3. Exception:{}
FILE_ALREADY_EXISTS org.apache.hadoop.ozone.om.exceptions.OMException: Unable to create directory: d1/d2/d3/d4/key3 in volume/bucket: volume59479/bucket48122
	at org.apache.hadoop.ozone.om.request.file.OMDirectoryCreateRequest.validateAndUpdateCache(OMDirectoryCreateRequest.java:194)
	at org.apache.hadoop.ozone.protocolPB.OzoneManagerRequestHandler.handleWriteRequest(OzoneManagerRequestHandler.java:375)
	at org.apache.hadoop.ozone.om.ratis.OzoneManagerStateMachine.runCommand(OzoneManagerStateMachine.java:568)
	at org.apache.hadoop.ozone.om.ratis.OzoneManagerStateMachine.lambda$1(OzoneManagerStateMachine.java:359)
	at java.util.concurrent.CompletableFuture$AsyncSupply.run(CompletableFuture.java:1604)
	at java.util.concurrent.ThreadPoolExecutor.runWorker(ThreadPoolExecutor.java:1149)
	at java.util.concurrent.ThreadPoolExecutor$Worker.run(ThreadPoolExecutor.java:624)
	at java.lang.Thread.run(Thread.java:750)
18:17:03.116 [OM StateMachine ApplyTransaction Thread - 0] ERROR OMAudit - user=runner | ip=127.0.0.1 | op=CREATE_FILE {volume=volume59479, bucket=bucket48122, key=d1/d2/d3, dataSize=4194304, replicationType=RATIS, replicationFactor=THREE} | ret=FAILURE
org.apache.hadoop.ozone.om.exceptions.OMException: Can not write to directory: d1/d2/d3
	at org.apache.hadoop.ozone.om.request.file.OMFileCreateRequest.checkDirectoryResult(OMFileCreateRequest.java:363) ~[ozone-manager-1.4.0-SNAPSHOT.jar:?]
	at org.apache.hadoop.ozone.om.request.file.OMFileCreateRequest.validateAndUpdateCache(OMFileCreateRequest.java:237) ~[ozone-manager-1.4.0-SNAPSHOT.jar:?]
	at org.apache.hadoop.ozone.protocolPB.OzoneManagerRequestHandler.handleWriteRequest(OzoneManagerRequestHandler.java:375) ~[ozone-manager-1.4.0-SNAPSHOT.jar:?]
	at org.apache.hadoop.ozone.om.ratis.OzoneManagerStateMachine.runCommand(OzoneManagerStateMachine.java:568) ~[ozone-manager-1.4.0-SNAPSHOT.jar:?]
	at org.apache.hadoop.ozone.om.ratis.OzoneManagerStateMachine.lambda$1(OzoneManagerStateMachine.java:359) ~[ozone-manager-1.4.0-SNAPSHOT.jar:?]
	at java.util.concurrent.CompletableFuture$AsyncSupply.run(CompletableFuture.java:1604) [?:1.8.0_382]
	at java.util.concurrent.ThreadPoolExecutor.runWorker(ThreadPoolExecutor.java:1149) [?:1.8.0_382]
	at java.util.concurrent.ThreadPoolExecutor$Worker.run(ThreadPoolExecutor.java:624) [?:1.8.0_382]
	at java.lang.Thread.run(Thread.java:750) [?:1.8.0_382]
2023-08-31 18:17:03,116 [OM StateMachine ApplyTransaction Thread - 0] ERROR file.OMFileCreateRequest (OMFileCreateRequest.java:validateAndUpdateCache(336)) - File create failed. Volume:volume59479, Bucket:bucket48122, Keyd1/d2/d3.
NOT_A_FILE org.apache.hadoop.ozone.om.exceptions.OMException: Can not write to directory: d1/d2/d3
	at org.apache.hadoop.ozone.om.request.file.OMFileCreateRequest.checkDirectoryResult(OMFileCreateRequest.java:363)
	at org.apache.hadoop.ozone.om.request.file.OMFileCreateRequest.validateAndUpdateCache(OMFileCreateRequest.java:237)
	at org.apache.hadoop.ozone.protocolPB.OzoneManagerRequestHandler.handleWriteRequest(OzoneManagerRequestHandler.java:375)
	at org.apache.hadoop.ozone.om.ratis.OzoneManagerStateMachine.runCommand(OzoneManagerStateMachine.java:568)
	at org.apache.hadoop.ozone.om.ratis.OzoneManagerStateMachine.lambda$1(OzoneManagerStateMachine.java:359)
	at java.util.concurrent.CompletableFuture$AsyncSupply.run(CompletableFuture.java:1604)
	at java.util.concurrent.ThreadPoolExecutor.runWorker(ThreadPoolExecutor.java:1149)
	at java.util.concurrent.ThreadPoolExecutor$Worker.run(ThreadPoolExecutor.java:624)
	at java.lang.Thread.run(Thread.java:750)
18:17:03.120 [IPC Server handler 18 on default port 15004] ERROR OMAudit - user=runner | ip=127.0.0.1 | op=GET_FILE_STATUS {volume=volume59479, bucket=bucket48122, key=d1/d2/d3/d4/key3/invalid, dataSize=0, replicationConfig=null} | ret=FAILURE
org.apache.hadoop.ozone.om.exceptions.OMException: Unable to get file status: volume: volume59479 bucket: bucket48122 key: d1/d2/d3/d4/key3/invalid
	at org.apache.hadoop.ozone.om.KeyManagerImpl.getOzoneFileStatus(KeyManagerImpl.java:1195) ~[ozone-manager-1.4.0-SNAPSHOT.jar:?]
	at org.apache.hadoop.ozone.om.KeyManagerImpl.getFileStatus(KeyManagerImpl.java:1113) ~[ozone-manager-1.4.0-SNAPSHOT.jar:?]
	at org.apache.hadoop.ozone.om.OmMetadataReader.getFileStatus(OmMetadataReader.java:262) ~[ozone-manager-1.4.0-SNAPSHOT.jar:?]
	at org.apache.hadoop.ozone.om.OzoneManager.getFileStatus(OzoneManager.java:3530) ~[ozone-manager-1.4.0-SNAPSHOT.jar:?]
	at org.apache.hadoop.ozone.protocolPB.OzoneManagerRequestHandler.getOzoneFileStatus(OzoneManagerRequestHandler.java:973) ~[ozone-manager-1.4.0-SNAPSHOT.jar:?]
	at org.apache.hadoop.ozone.protocolPB.OzoneManagerRequestHandler.handleReadRequest(OzoneManagerRequestHandler.java:252) ~[ozone-manager-1.4.0-SNAPSHOT.jar:?]
	at org.apache.hadoop.ozone.protocolPB.OzoneManagerProtocolServerSideTranslatorPB.submitReadRequestToOM(OzoneManagerProtocolServerSideTranslatorPB.java:225) ~[ozone-manager-1.4.0-SNAPSHOT.jar:?]
	at org.apache.hadoop.ozone.protocolPB.OzoneManagerProtocolServerSideTranslatorPB.processRequest(OzoneManagerProtocolServerSideTranslatorPB.java:179) ~[ozone-manager-1.4.0-SNAPSHOT.jar:?]
	at org.apache.hadoop.hdds.server.OzoneProtocolMessageDispatcher.processRequest(OzoneProtocolMessageDispatcher.java:87) [hdds-server-framework-1.4.0-SNAPSHOT.jar:?]
	at org.apache.hadoop.ozone.protocolPB.OzoneManagerProtocolServerSideTranslatorPB.submitRequest(OzoneManagerProtocolServerSideTranslatorPB.java:148) [ozone-manager-1.4.0-SNAPSHOT.jar:?]
	at org.apache.hadoop.ozone.protocol.proto.OzoneManagerProtocolProtos$OzoneManagerService$2.callBlockingMethod(OzoneManagerProtocolProtos.java) [ozone-interface-client-1.4.0-SNAPSHOT.jar:?]
	at org.apache.hadoop.ipc.ProtobufRpcEngine$Server.processCall(ProtobufRpcEngine.java:484) [hadoop-common-3.3.6.jar:?]
	at org.apache.hadoop.ipc.ProtobufRpcEngine2$Server$ProtoBufRpcInvoker.call(ProtobufRpcEngine2.java:595) [hadoop-common-3.3.6.jar:?]
	at org.apache.hadoop.ipc.ProtobufRpcEngine2$Server$ProtoBufRpcInvoker.call(ProtobufRpcEngine2.java:573) [hadoop-common-3.3.6.jar:?]
	at org.apache.hadoop.ipc.RPC$Server.call(RPC.java:1227) [hadoop-common-3.3.6.jar:?]
	at org.apache.hadoop.ipc.Server$RpcCall.run(Server.java:1094) [hadoop-common-3.3.6.jar:?]
	at org.apache.hadoop.ipc.Server$RpcCall.run(Server.java:1017) [hadoop-common-3.3.6.jar:?]
	at java.security.AccessController.doPrivileged(Native Method) ~[?:1.8.0_382]
	at javax.security.auth.Subject.doAs(Subject.java:422) [?:1.8.0_382]
	at org.apache.hadoop.security.UserGroupInformation.doAs(UserGroupInformation.java:1899) [hadoop-common-3.3.6.jar:?]
	at org.apache.hadoop.ipc.Server$Handler.run(Server.java:3048) [hadoop-common-3.3.6.jar:?]
18:17:03.122 [IPC Server handler 7 on default port 15004] ERROR OMAudit - user=runner | ip=127.0.0.1 | op=GET_FILE_STATUS {volume=volume59479, bucket=bucket48122, key=d1/d2/d3/d4/invalidkey, dataSize=0, replicationConfig=null} | ret=FAILURE
org.apache.hadoop.ozone.om.exceptions.OMException: Unable to get file status: volume: volume59479 bucket: bucket48122 key: d1/d2/d3/d4/invalidkey
	at org.apache.hadoop.ozone.om.KeyManagerImpl.getOzoneFileStatus(KeyManagerImpl.java:1195) ~[ozone-manager-1.4.0-SNAPSHOT.jar:?]
	at org.apache.hadoop.ozone.om.KeyManagerImpl.getFileStatus(KeyManagerImpl.java:1113) ~[ozone-manager-1.4.0-SNAPSHOT.jar:?]
	at org.apache.hadoop.ozone.om.OmMetadataReader.getFileStatus(OmMetadataReader.java:262) ~[ozone-manager-1.4.0-SNAPSHOT.jar:?]
	at org.apache.hadoop.ozone.om.OzoneManager.getFileStatus(OzoneManager.java:3530) ~[ozone-manager-1.4.0-SNAPSHOT.jar:?]
	at org.apache.hadoop.ozone.protocolPB.OzoneManagerRequestHandler.getOzoneFileStatus(OzoneManagerRequestHandler.java:973) ~[ozone-manager-1.4.0-SNAPSHOT.jar:?]
	at org.apache.hadoop.ozone.protocolPB.OzoneManagerRequestHandler.handleReadRequest(OzoneManagerRequestHandler.java:252) ~[ozone-manager-1.4.0-SNAPSHOT.jar:?]
	at org.apache.hadoop.ozone.protocolPB.OzoneManagerProtocolServerSideTranslatorPB.submitReadRequestToOM(OzoneManagerProtocolServerSideTranslatorPB.java:225) ~[ozone-manager-1.4.0-SNAPSHOT.jar:?]
	at org.apache.hadoop.ozone.protocolPB.OzoneManagerProtocolServerSideTranslatorPB.processRequest(OzoneManagerProtocolServerSideTranslatorPB.java:179) ~[ozone-manager-1.4.0-SNAPSHOT.jar:?]
	at org.apache.hadoop.hdds.server.OzoneProtocolMessageDispatcher.processRequest(OzoneProtocolMessageDispatcher.java:87) [hdds-server-framework-1.4.0-SNAPSHOT.jar:?]
	at org.apache.hadoop.ozone.protocolPB.OzoneManagerProtocolServerSideTranslatorPB.submitRequest(OzoneManagerProtocolServerSideTranslatorPB.java:148) [ozone-manager-1.4.0-SNAPSHOT.jar:?]
	at org.apache.hadoop.ozone.protocol.proto.OzoneManagerProtocolProtos$OzoneManagerService$2.callBlockingMethod(OzoneManagerProtocolProtos.java) [ozone-interface-client-1.4.0-SNAPSHOT.jar:?]
	at org.apache.hadoop.ipc.ProtobufRpcEngine$Server.processCall(ProtobufRpcEngine.java:484) [hadoop-common-3.3.6.jar:?]
	at org.apache.hadoop.ipc.ProtobufRpcEngine2$Server$ProtoBufRpcInvoker.call(ProtobufRpcEngine2.java:595) [hadoop-common-3.3.6.jar:?]
	at org.apache.hadoop.ipc.ProtobufRpcEngine2$Server$ProtoBufRpcInvoker.call(ProtobufRpcEngine2.java:573) [hadoop-common-3.3.6.jar:?]
	at org.apache.hadoop.ipc.RPC$Server.call(RPC.java:1227) [hadoop-common-3.3.6.jar:?]
	at org.apache.hadoop.ipc.Server$RpcCall.run(Server.java:1094) [hadoop-common-3.3.6.jar:?]
	at org.apache.hadoop.ipc.Server$RpcCall.run(Server.java:1017) [hadoop-common-3.3.6.jar:?]
	at java.security.AccessController.doPrivileged(Native Method) ~[?:1.8.0_382]
	at javax.security.auth.Subject.doAs(Subject.java:422) [?:1.8.0_382]
	at org.apache.hadoop.security.UserGroupInformation.doAs(UserGroupInformation.java:1899) [hadoop-common-3.3.6.jar:?]
	at org.apache.hadoop.ipc.Server$Handler.run(Server.java:3048) [hadoop-common-3.3.6.jar:?]
]]></system-out>
  </testcase>
  <testcase name="testCreateFileShouldCheckExistenceOfDirWithSameName" classname="TestOzoneFileSystem" time="0.047">
    <system-out><![CDATA[18:18:47.659 [IPC Server handler 9 on default port 15057] ERROR OMAudit - user=runner | ip=127.0.0.1 | op=CREATE_FILE {volume=volume38115, bucket=bucket38025, key=d1/d2/d3/d4/key2, dataSize=4194304, replicationType=RATIS, replicationFactor=THREE} | ret=FAILURE
org.apache.hadoop.ozone.om.exceptions.OMException: Can not write to directory: d1/d2/d3/d4/key2
	at org.apache.hadoop.ozone.om.request.file.OMFileCreateRequest.checkDirectoryResult(OMFileCreateRequest.java:363) ~[ozone-manager-1.4.0-SNAPSHOT.jar:?]
	at org.apache.hadoop.ozone.om.request.file.OMFileCreateRequest.validateAndUpdateCache(OMFileCreateRequest.java:237) ~[ozone-manager-1.4.0-SNAPSHOT.jar:?]
	at org.apache.hadoop.ozone.protocolPB.OzoneManagerRequestHandler.handleWriteRequest(OzoneManagerRequestHandler.java:375) ~[ozone-manager-1.4.0-SNAPSHOT.jar:?]
	at org.apache.hadoop.ozone.protocolPB.OzoneManagerProtocolServerSideTranslatorPB.submitRequestDirectlyToOM(OzoneManagerProtocolServerSideTranslatorPB.java:280) ~[ozone-manager-1.4.0-SNAPSHOT.jar:?]
	at org.apache.hadoop.ozone.protocolPB.OzoneManagerProtocolServerSideTranslatorPB.processRequest(OzoneManagerProtocolServerSideTranslatorPB.java:175) ~[ozone-manager-1.4.0-SNAPSHOT.jar:?]
	at org.apache.hadoop.hdds.server.OzoneProtocolMessageDispatcher.processRequest(OzoneProtocolMessageDispatcher.java:87) [hdds-server-framework-1.4.0-SNAPSHOT.jar:?]
	at org.apache.hadoop.ozone.protocolPB.OzoneManagerProtocolServerSideTranslatorPB.submitRequest(OzoneManagerProtocolServerSideTranslatorPB.java:148) [ozone-manager-1.4.0-SNAPSHOT.jar:?]
	at org.apache.hadoop.ozone.protocol.proto.OzoneManagerProtocolProtos$OzoneManagerService$2.callBlockingMethod(OzoneManagerProtocolProtos.java) [ozone-interface-client-1.4.0-SNAPSHOT.jar:?]
	at org.apache.hadoop.ipc.ProtobufRpcEngine$Server.processCall(ProtobufRpcEngine.java:484) [hadoop-common-3.3.6.jar:?]
	at org.apache.hadoop.ipc.ProtobufRpcEngine2$Server$ProtoBufRpcInvoker.call(ProtobufRpcEngine2.java:595) [hadoop-common-3.3.6.jar:?]
	at org.apache.hadoop.ipc.ProtobufRpcEngine2$Server$ProtoBufRpcInvoker.call(ProtobufRpcEngine2.java:573) [hadoop-common-3.3.6.jar:?]
	at org.apache.hadoop.ipc.RPC$Server.call(RPC.java:1227) [hadoop-common-3.3.6.jar:?]
	at org.apache.hadoop.ipc.Server$RpcCall.run(Server.java:1094) [hadoop-common-3.3.6.jar:?]
	at org.apache.hadoop.ipc.Server$RpcCall.run(Server.java:1017) [hadoop-common-3.3.6.jar:?]
	at java.security.AccessController.doPrivileged(Native Method) ~[?:1.8.0_382]
	at javax.security.auth.Subject.doAs(Subject.java:422) [?:1.8.0_382]
	at org.apache.hadoop.security.UserGroupInformation.doAs(UserGroupInformation.java:1899) [hadoop-common-3.3.6.jar:?]
	at org.apache.hadoop.ipc.Server$Handler.run(Server.java:3048) [hadoop-common-3.3.6.jar:?]
2023-08-31 18:18:47,659 [IPC Server handler 9 on default port 15057] ERROR file.OMFileCreateRequest (OMFileCreateRequest.java:validateAndUpdateCache(336)) - File create failed. Volume:volume38115, Bucket:bucket38025, Keyd1/d2/d3/d4/key2.
NOT_A_FILE org.apache.hadoop.ozone.om.exceptions.OMException: Can not write to directory: d1/d2/d3/d4/key2
	at org.apache.hadoop.ozone.om.request.file.OMFileCreateRequest.checkDirectoryResult(OMFileCreateRequest.java:363)
	at org.apache.hadoop.ozone.om.request.file.OMFileCreateRequest.validateAndUpdateCache(OMFileCreateRequest.java:237)
	at org.apache.hadoop.ozone.protocolPB.OzoneManagerRequestHandler.handleWriteRequest(OzoneManagerRequestHandler.java:375)
	at org.apache.hadoop.ozone.protocolPB.OzoneManagerProtocolServerSideTranslatorPB.submitRequestDirectlyToOM(OzoneManagerProtocolServerSideTranslatorPB.java:280)
	at org.apache.hadoop.ozone.protocolPB.OzoneManagerProtocolServerSideTranslatorPB.processRequest(OzoneManagerProtocolServerSideTranslatorPB.java:175)
	at org.apache.hadoop.hdds.server.OzoneProtocolMessageDispatcher.processRequest(OzoneProtocolMessageDispatcher.java:87)
	at org.apache.hadoop.ozone.protocolPB.OzoneManagerProtocolServerSideTranslatorPB.submitRequest(OzoneManagerProtocolServerSideTranslatorPB.java:148)
	at org.apache.hadoop.ozone.protocol.proto.OzoneManagerProtocolProtos$OzoneManagerService$2.callBlockingMethod(OzoneManagerProtocolProtos.java)
	at org.apache.hadoop.ipc.ProtobufRpcEngine$Server.processCall(ProtobufRpcEngine.java:484)
	at org.apache.hadoop.ipc.ProtobufRpcEngine2$Server$ProtoBufRpcInvoker.call(ProtobufRpcEngine2.java:595)
	at org.apache.hadoop.ipc.ProtobufRpcEngine2$Server$ProtoBufRpcInvoker.call(ProtobufRpcEngine2.java:573)
	at org.apache.hadoop.ipc.RPC$Server.call(RPC.java:1227)
	at org.apache.hadoop.ipc.Server$RpcCall.run(Server.java:1094)
	at org.apache.hadoop.ipc.Server$RpcCall.run(Server.java:1017)
	at java.security.AccessController.doPrivileged(Native Method)
	at javax.security.auth.Subject.doAs(Subject.java:422)
	at org.apache.hadoop.security.UserGroupInformation.doAs(UserGroupInformation.java:1899)
	at org.apache.hadoop.ipc.Server$Handler.run(Server.java:3048)
18:18:47.671 [IPC Server handler 7 on default port 15057] ERROR OMAudit - user=runner | ip=127.0.0.1 | op=CREATE_DIRECTORY {volume=volume38115, bucket=bucket38025, key=d1/d2/d3/d4/key3, dataSize=0, replicationType=NONE, replicationFactor=ZERO} | ret=FAILURE
org.apache.hadoop.ozone.om.exceptions.OMException: Unable to create directory: d1/d2/d3/d4/key3 in volume/bucket: volume38115/bucket38025
	at org.apache.hadoop.ozone.om.request.file.OMDirectoryCreateRequest.validateAndUpdateCache(OMDirectoryCreateRequest.java:194) ~[ozone-manager-1.4.0-SNAPSHOT.jar:?]
	at org.apache.hadoop.ozone.protocolPB.OzoneManagerRequestHandler.handleWriteRequest(OzoneManagerRequestHandler.java:375) ~[ozone-manager-1.4.0-SNAPSHOT.jar:?]
	at org.apache.hadoop.ozone.protocolPB.OzoneManagerProtocolServerSideTranslatorPB.submitRequestDirectlyToOM(OzoneManagerProtocolServerSideTranslatorPB.java:280) ~[ozone-manager-1.4.0-SNAPSHOT.jar:?]
	at org.apache.hadoop.ozone.protocolPB.OzoneManagerProtocolServerSideTranslatorPB.processRequest(OzoneManagerProtocolServerSideTranslatorPB.java:175) ~[ozone-manager-1.4.0-SNAPSHOT.jar:?]
	at org.apache.hadoop.hdds.server.OzoneProtocolMessageDispatcher.processRequest(OzoneProtocolMessageDispatcher.java:87) [hdds-server-framework-1.4.0-SNAPSHOT.jar:?]
	at org.apache.hadoop.ozone.protocolPB.OzoneManagerProtocolServerSideTranslatorPB.submitRequest(OzoneManagerProtocolServerSideTranslatorPB.java:148) [ozone-manager-1.4.0-SNAPSHOT.jar:?]
	at org.apache.hadoop.ozone.protocol.proto.OzoneManagerProtocolProtos$OzoneManagerService$2.callBlockingMethod(OzoneManagerProtocolProtos.java) [ozone-interface-client-1.4.0-SNAPSHOT.jar:?]
	at org.apache.hadoop.ipc.ProtobufRpcEngine$Server.processCall(ProtobufRpcEngine.java:484) [hadoop-common-3.3.6.jar:?]
	at org.apache.hadoop.ipc.ProtobufRpcEngine2$Server$ProtoBufRpcInvoker.call(ProtobufRpcEngine2.java:595) [hadoop-common-3.3.6.jar:?]
	at org.apache.hadoop.ipc.ProtobufRpcEngine2$Server$ProtoBufRpcInvoker.call(ProtobufRpcEngine2.java:573) [hadoop-common-3.3.6.jar:?]
	at org.apache.hadoop.ipc.RPC$Server.call(RPC.java:1227) [hadoop-common-3.3.6.jar:?]
	at org.apache.hadoop.ipc.Server$RpcCall.run(Server.java:1094) [hadoop-common-3.3.6.jar:?]
	at org.apache.hadoop.ipc.Server$RpcCall.run(Server.java:1017) [hadoop-common-3.3.6.jar:?]
	at java.security.AccessController.doPrivileged(Native Method) ~[?:1.8.0_382]
	at javax.security.auth.Subject.doAs(Subject.java:422) [?:1.8.0_382]
	at org.apache.hadoop.security.UserGroupInformation.doAs(UserGroupInformation.java:1899) [hadoop-common-3.3.6.jar:?]
	at org.apache.hadoop.ipc.Server$Handler.run(Server.java:3048) [hadoop-common-3.3.6.jar:?]
2023-08-31 18:18:47,672 [IPC Server handler 7 on default port 15057] ERROR file.OMDirectoryCreateRequest (OMDirectoryCreateRequest.java:logResult(334)) - Directory creation failed. Volume:volume38115, Bucket:bucket38025, Keyd1/d2/d3/d4/key3. Exception:{}
FILE_ALREADY_EXISTS org.apache.hadoop.ozone.om.exceptions.OMException: Unable to create directory: d1/d2/d3/d4/key3 in volume/bucket: volume38115/bucket38025
	at org.apache.hadoop.ozone.om.request.file.OMDirectoryCreateRequest.validateAndUpdateCache(OMDirectoryCreateRequest.java:194)
	at org.apache.hadoop.ozone.protocolPB.OzoneManagerRequestHandler.handleWriteRequest(OzoneManagerRequestHandler.java:375)
	at org.apache.hadoop.ozone.protocolPB.OzoneManagerProtocolServerSideTranslatorPB.submitRequestDirectlyToOM(OzoneManagerProtocolServerSideTranslatorPB.java:280)
	at org.apache.hadoop.ozone.protocolPB.OzoneManagerProtocolServerSideTranslatorPB.processRequest(OzoneManagerProtocolServerSideTranslatorPB.java:175)
	at org.apache.hadoop.hdds.server.OzoneProtocolMessageDispatcher.processRequest(OzoneProtocolMessageDispatcher.java:87)
	at org.apache.hadoop.ozone.protocolPB.OzoneManagerProtocolServerSideTranslatorPB.submitRequest(OzoneManagerProtocolServerSideTranslatorPB.java:148)
	at org.apache.hadoop.ozone.protocol.proto.OzoneManagerProtocolProtos$OzoneManagerService$2.callBlockingMethod(OzoneManagerProtocolProtos.java)
	at org.apache.hadoop.ipc.ProtobufRpcEngine$Server.processCall(ProtobufRpcEngine.java:484)
	at org.apache.hadoop.ipc.ProtobufRpcEngine2$Server$ProtoBufRpcInvoker.call(ProtobufRpcEngine2.java:595)
	at org.apache.hadoop.ipc.ProtobufRpcEngine2$Server$ProtoBufRpcInvoker.call(ProtobufRpcEngine2.java:573)
	at org.apache.hadoop.ipc.RPC$Server.call(RPC.java:1227)
	at org.apache.hadoop.ipc.Server$RpcCall.run(Server.java:1094)
	at org.apache.hadoop.ipc.Server$RpcCall.run(Server.java:1017)
	at java.security.AccessController.doPrivileged(Native Method)
	at javax.security.auth.Subject.doAs(Subject.java:422)
	at org.apache.hadoop.security.UserGroupInformation.doAs(UserGroupInformation.java:1899)
	at org.apache.hadoop.ipc.Server$Handler.run(Server.java:3048)
18:18:47.674 [IPC Server handler 0 on default port 15057] ERROR OMAudit - user=runner | ip=127.0.0.1 | op=CREATE_FILE {volume=volume38115, bucket=bucket38025, key=d1/d2/d3, dataSize=4194304, replicationType=RATIS, replicationFactor=THREE} | ret=FAILURE
org.apache.hadoop.ozone.om.exceptions.OMException: Can not write to directory: d1/d2/d3
	at org.apache.hadoop.ozone.om.request.file.OMFileCreateRequest.checkDirectoryResult(OMFileCreateRequest.java:363) ~[ozone-manager-1.4.0-SNAPSHOT.jar:?]
	at org.apache.hadoop.ozone.om.request.file.OMFileCreateRequest.validateAndUpdateCache(OMFileCreateRequest.java:237) ~[ozone-manager-1.4.0-SNAPSHOT.jar:?]
	at org.apache.hadoop.ozone.protocolPB.OzoneManagerRequestHandler.handleWriteRequest(OzoneManagerRequestHandler.java:375) ~[ozone-manager-1.4.0-SNAPSHOT.jar:?]
	at org.apache.hadoop.ozone.protocolPB.OzoneManagerProtocolServerSideTranslatorPB.submitRequestDirectlyToOM(OzoneManagerProtocolServerSideTranslatorPB.java:280) ~[ozone-manager-1.4.0-SNAPSHOT.jar:?]
	at org.apache.hadoop.ozone.protocolPB.OzoneManagerProtocolServerSideTranslatorPB.processRequest(OzoneManagerProtocolServerSideTranslatorPB.java:175) ~[ozone-manager-1.4.0-SNAPSHOT.jar:?]
	at org.apache.hadoop.hdds.server.OzoneProtocolMessageDispatcher.processRequest(OzoneProtocolMessageDispatcher.java:87) [hdds-server-framework-1.4.0-SNAPSHOT.jar:?]
	at org.apache.hadoop.ozone.protocolPB.OzoneManagerProtocolServerSideTranslatorPB.submitRequest(OzoneManagerProtocolServerSideTranslatorPB.java:148) [ozone-manager-1.4.0-SNAPSHOT.jar:?]
	at org.apache.hadoop.ozone.protocol.proto.OzoneManagerProtocolProtos$OzoneManagerService$2.callBlockingMethod(OzoneManagerProtocolProtos.java) [ozone-interface-client-1.4.0-SNAPSHOT.jar:?]
	at org.apache.hadoop.ipc.ProtobufRpcEngine$Server.processCall(ProtobufRpcEngine.java:484) [hadoop-common-3.3.6.jar:?]
	at org.apache.hadoop.ipc.ProtobufRpcEngine2$Server$ProtoBufRpcInvoker.call(ProtobufRpcEngine2.java:595) [hadoop-common-3.3.6.jar:?]
	at org.apache.hadoop.ipc.ProtobufRpcEngine2$Server$ProtoBufRpcInvoker.call(ProtobufRpcEngine2.java:573) [hadoop-common-3.3.6.jar:?]
	at org.apache.hadoop.ipc.RPC$Server.call(RPC.java:1227) [hadoop-common-3.3.6.jar:?]
	at org.apache.hadoop.ipc.Server$RpcCall.run(Server.java:1094) [hadoop-common-3.3.6.jar:?]
	at org.apache.hadoop.ipc.Server$RpcCall.run(Server.java:1017) [hadoop-common-3.3.6.jar:?]
	at java.security.AccessController.doPrivileged(Native Method) ~[?:1.8.0_382]
	at javax.security.auth.Subject.doAs(Subject.java:422) [?:1.8.0_382]
	at org.apache.hadoop.security.UserGroupInformation.doAs(UserGroupInformation.java:1899) [hadoop-common-3.3.6.jar:?]
	at org.apache.hadoop.ipc.Server$Handler.run(Server.java:3048) [hadoop-common-3.3.6.jar:?]
2023-08-31 18:18:47,675 [IPC Server handler 0 on default port 15057] ERROR file.OMFileCreateRequest (OMFileCreateRequest.java:validateAndUpdateCache(336)) - File create failed. Volume:volume38115, Bucket:bucket38025, Keyd1/d2/d3.
NOT_A_FILE org.apache.hadoop.ozone.om.exceptions.OMException: Can not write to directory: d1/d2/d3
	at org.apache.hadoop.ozone.om.request.file.OMFileCreateRequest.checkDirectoryResult(OMFileCreateRequest.java:363)
	at org.apache.hadoop.ozone.om.request.file.OMFileCreateRequest.validateAndUpdateCache(OMFileCreateRequest.java:237)
	at org.apache.hadoop.ozone.protocolPB.OzoneManagerRequestHandler.handleWriteRequest(OzoneManagerRequestHandler.java:375)
	at org.apache.hadoop.ozone.protocolPB.OzoneManagerProtocolServerSideTranslatorPB.submitRequestDirectlyToOM(OzoneManagerProtocolServerSideTranslatorPB.java:280)
	at org.apache.hadoop.ozone.protocolPB.OzoneManagerProtocolServerSideTranslatorPB.processRequest(OzoneManagerProtocolServerSideTranslatorPB.java:175)
	at org.apache.hadoop.hdds.server.OzoneProtocolMessageDispatcher.processRequest(OzoneProtocolMessageDispatcher.java:87)
	at org.apache.hadoop.ozone.protocolPB.OzoneManagerProtocolServerSideTranslatorPB.submitRequest(OzoneManagerProtocolServerSideTranslatorPB.java:148)
	at org.apache.hadoop.ozone.protocol.proto.OzoneManagerProtocolProtos$OzoneManagerService$2.callBlockingMethod(OzoneManagerProtocolProtos.java)
	at org.apache.hadoop.ipc.ProtobufRpcEngine$Server.processCall(ProtobufRpcEngine.java:484)
	at org.apache.hadoop.ipc.ProtobufRpcEngine2$Server$ProtoBufRpcInvoker.call(ProtobufRpcEngine2.java:595)
	at org.apache.hadoop.ipc.ProtobufRpcEngine2$Server$ProtoBufRpcInvoker.call(ProtobufRpcEngine2.java:573)
	at org.apache.hadoop.ipc.RPC$Server.call(RPC.java:1227)
	at org.apache.hadoop.ipc.Server$RpcCall.run(Server.java:1094)
	at org.apache.hadoop.ipc.Server$RpcCall.run(Server.java:1017)
	at java.security.AccessController.doPrivileged(Native Method)
	at javax.security.auth.Subject.doAs(Subject.java:422)
	at org.apache.hadoop.security.UserGroupInformation.doAs(UserGroupInformation.java:1899)
	at org.apache.hadoop.ipc.Server$Handler.run(Server.java:3048)
18:18:47.679 [IPC Server handler 1 on default port 15057] ERROR OMAudit - user=runner | ip=127.0.0.1 | op=GET_FILE_STATUS {volume=volume38115, bucket=bucket38025, key=d1/d2/d3/d4/key3/invalid, dataSize=0, replicationConfig=null} | ret=FAILURE
org.apache.hadoop.ozone.om.exceptions.OMException: Unable to get file status: volume: volume38115 bucket: bucket38025 key: d1/d2/d3/d4/key3/invalid
	at org.apache.hadoop.ozone.om.KeyManagerImpl.getOzoneFileStatus(KeyManagerImpl.java:1195) ~[ozone-manager-1.4.0-SNAPSHOT.jar:?]
	at org.apache.hadoop.ozone.om.KeyManagerImpl.getFileStatus(KeyManagerImpl.java:1113) ~[ozone-manager-1.4.0-SNAPSHOT.jar:?]
	at org.apache.hadoop.ozone.om.OmMetadataReader.getFileStatus(OmMetadataReader.java:262) ~[ozone-manager-1.4.0-SNAPSHOT.jar:?]
	at org.apache.hadoop.ozone.om.OzoneManager.getFileStatus(OzoneManager.java:3530) ~[ozone-manager-1.4.0-SNAPSHOT.jar:?]
	at org.apache.hadoop.ozone.protocolPB.OzoneManagerRequestHandler.getOzoneFileStatus(OzoneManagerRequestHandler.java:973) ~[ozone-manager-1.4.0-SNAPSHOT.jar:?]
	at org.apache.hadoop.ozone.protocolPB.OzoneManagerRequestHandler.handleReadRequest(OzoneManagerRequestHandler.java:252) ~[ozone-manager-1.4.0-SNAPSHOT.jar:?]
	at org.apache.hadoop.ozone.protocolPB.OzoneManagerProtocolServerSideTranslatorPB.submitRequestDirectlyToOM(OzoneManagerProtocolServerSideTranslatorPB.java:274) ~[ozone-manager-1.4.0-SNAPSHOT.jar:?]
	at org.apache.hadoop.ozone.protocolPB.OzoneManagerProtocolServerSideTranslatorPB.processRequest(OzoneManagerProtocolServerSideTranslatorPB.java:175) ~[ozone-manager-1.4.0-SNAPSHOT.jar:?]
	at org.apache.hadoop.hdds.server.OzoneProtocolMessageDispatcher.processRequest(OzoneProtocolMessageDispatcher.java:87) [hdds-server-framework-1.4.0-SNAPSHOT.jar:?]
	at org.apache.hadoop.ozone.protocolPB.OzoneManagerProtocolServerSideTranslatorPB.submitRequest(OzoneManagerProtocolServerSideTranslatorPB.java:148) [ozone-manager-1.4.0-SNAPSHOT.jar:?]
	at org.apache.hadoop.ozone.protocol.proto.OzoneManagerProtocolProtos$OzoneManagerService$2.callBlockingMethod(OzoneManagerProtocolProtos.java) [ozone-interface-client-1.4.0-SNAPSHOT.jar:?]
	at org.apache.hadoop.ipc.ProtobufRpcEngine$Server.processCall(ProtobufRpcEngine.java:484) [hadoop-common-3.3.6.jar:?]
	at org.apache.hadoop.ipc.ProtobufRpcEngine2$Server$ProtoBufRpcInvoker.call(ProtobufRpcEngine2.java:595) [hadoop-common-3.3.6.jar:?]
	at org.apache.hadoop.ipc.ProtobufRpcEngine2$Server$ProtoBufRpcInvoker.call(ProtobufRpcEngine2.java:573) [hadoop-common-3.3.6.jar:?]
	at org.apache.hadoop.ipc.RPC$Server.call(RPC.java:1227) [hadoop-common-3.3.6.jar:?]
	at org.apache.hadoop.ipc.Server$RpcCall.run(Server.java:1094) [hadoop-common-3.3.6.jar:?]
	at org.apache.hadoop.ipc.Server$RpcCall.run(Server.java:1017) [hadoop-common-3.3.6.jar:?]
	at java.security.AccessController.doPrivileged(Native Method) ~[?:1.8.0_382]
	at javax.security.auth.Subject.doAs(Subject.java:422) [?:1.8.0_382]
	at org.apache.hadoop.security.UserGroupInformation.doAs(UserGroupInformation.java:1899) [hadoop-common-3.3.6.jar:?]
	at org.apache.hadoop.ipc.Server$Handler.run(Server.java:3048) [hadoop-common-3.3.6.jar:?]
18:18:47.680 [IPC Server handler 3 on default port 15057] ERROR OMAudit - user=runner | ip=127.0.0.1 | op=GET_FILE_STATUS {volume=volume38115, bucket=bucket38025, key=d1/d2/d3/d4/invalidkey, dataSize=0, replicationConfig=null} | ret=FAILURE
org.apache.hadoop.ozone.om.exceptions.OMException: Unable to get file status: volume: volume38115 bucket: bucket38025 key: d1/d2/d3/d4/invalidkey
	at org.apache.hadoop.ozone.om.KeyManagerImpl.getOzoneFileStatus(KeyManagerImpl.java:1195) ~[ozone-manager-1.4.0-SNAPSHOT.jar:?]
	at org.apache.hadoop.ozone.om.KeyManagerImpl.getFileStatus(KeyManagerImpl.java:1113) ~[ozone-manager-1.4.0-SNAPSHOT.jar:?]
	at org.apache.hadoop.ozone.om.OmMetadataReader.getFileStatus(OmMetadataReader.java:262) ~[ozone-manager-1.4.0-SNAPSHOT.jar:?]
	at org.apache.hadoop.ozone.om.OzoneManager.getFileStatus(OzoneManager.java:3530) ~[ozone-manager-1.4.0-SNAPSHOT.jar:?]
	at org.apache.hadoop.ozone.protocolPB.OzoneManagerRequestHandler.getOzoneFileStatus(OzoneManagerRequestHandler.java:973) ~[ozone-manager-1.4.0-SNAPSHOT.jar:?]
	at org.apache.hadoop.ozone.protocolPB.OzoneManagerRequestHandler.handleReadRequest(OzoneManagerRequestHandler.java:252) ~[ozone-manager-1.4.0-SNAPSHOT.jar:?]
	at org.apache.hadoop.ozone.protocolPB.OzoneManagerProtocolServerSideTranslatorPB.submitRequestDirectlyToOM(OzoneManagerProtocolServerSideTranslatorPB.java:274) ~[ozone-manager-1.4.0-SNAPSHOT.jar:?]
	at org.apache.hadoop.ozone.protocolPB.OzoneManagerProtocolServerSideTranslatorPB.processRequest(OzoneManagerProtocolServerSideTranslatorPB.java:175) ~[ozone-manager-1.4.0-SNAPSHOT.jar:?]
	at org.apache.hadoop.hdds.server.OzoneProtocolMessageDispatcher.processRequest(OzoneProtocolMessageDispatcher.java:87) [hdds-server-framework-1.4.0-SNAPSHOT.jar:?]
	at org.apache.hadoop.ozone.protocolPB.OzoneManagerProtocolServerSideTranslatorPB.submitRequest(OzoneManagerProtocolServerSideTranslatorPB.java:148) [ozone-manager-1.4.0-SNAPSHOT.jar:?]
	at org.apache.hadoop.ozone.protocol.proto.OzoneManagerProtocolProtos$OzoneManagerService$2.callBlockingMethod(OzoneManagerProtocolProtos.java) [ozone-interface-client-1.4.0-SNAPSHOT.jar:?]
	at org.apache.hadoop.ipc.ProtobufRpcEngine$Server.processCall(ProtobufRpcEngine.java:484) [hadoop-common-3.3.6.jar:?]
	at org.apache.hadoop.ipc.ProtobufRpcEngine2$Server$ProtoBufRpcInvoker.call(ProtobufRpcEngine2.java:595) [hadoop-common-3.3.6.jar:?]
	at org.apache.hadoop.ipc.ProtobufRpcEngine2$Server$ProtoBufRpcInvoker.call(ProtobufRpcEngine2.java:573) [hadoop-common-3.3.6.jar:?]
	at org.apache.hadoop.ipc.RPC$Server.call(RPC.java:1227) [hadoop-common-3.3.6.jar:?]
	at org.apache.hadoop.ipc.Server$RpcCall.run(Server.java:1094) [hadoop-common-3.3.6.jar:?]
	at org.apache.hadoop.ipc.Server$RpcCall.run(Server.java:1017) [hadoop-common-3.3.6.jar:?]
	at java.security.AccessController.doPrivileged(Native Method) ~[?:1.8.0_382]
	at javax.security.auth.Subject.doAs(Subject.java:422) [?:1.8.0_382]
	at org.apache.hadoop.security.UserGroupInformation.doAs(UserGroupInformation.java:1899) [hadoop-common-3.3.6.jar:?]
	at org.apache.hadoop.ipc.Server$Handler.run(Server.java:3048) [hadoop-common-3.3.6.jar:?]
]]></system-out>
  </testcase>
  <testcase name="testCreateFileShouldCheckExistenceOfDirWithSameName" classname="TestOzoneFileSystem" time="0.041">
    <system-out><![CDATA[18:20:06.683 [OM StateMachine ApplyTransaction Thread - 0] ERROR OMAudit - user=runner | ip=127.0.0.1 | op=CREATE_FILE {volume=volume40966, bucket=bucket64934, key=d1/d2/d3/d4/key2, dataSize=4194304, replicationType=RATIS, replicationFactor=THREE} | ret=FAILURE
org.apache.hadoop.ozone.om.exceptions.OMException: Can not write to directory: d1/d2/d3/d4/key2
	at org.apache.hadoop.ozone.om.request.file.OMFileCreateRequest.checkDirectoryResult(OMFileCreateRequest.java:363) ~[ozone-manager-1.4.0-SNAPSHOT.jar:?]
	at org.apache.hadoop.ozone.om.request.file.OMFileCreateRequest.validateAndUpdateCache(OMFileCreateRequest.java:237) ~[ozone-manager-1.4.0-SNAPSHOT.jar:?]
	at org.apache.hadoop.ozone.protocolPB.OzoneManagerRequestHandler.handleWriteRequest(OzoneManagerRequestHandler.java:375) ~[ozone-manager-1.4.0-SNAPSHOT.jar:?]
	at org.apache.hadoop.ozone.om.ratis.OzoneManagerStateMachine.runCommand(OzoneManagerStateMachine.java:568) ~[ozone-manager-1.4.0-SNAPSHOT.jar:?]
	at org.apache.hadoop.ozone.om.ratis.OzoneManagerStateMachine.lambda$1(OzoneManagerStateMachine.java:359) ~[ozone-manager-1.4.0-SNAPSHOT.jar:?]
	at java.util.concurrent.CompletableFuture$AsyncSupply.run(CompletableFuture.java:1604) [?:1.8.0_382]
	at java.util.concurrent.ThreadPoolExecutor.runWorker(ThreadPoolExecutor.java:1149) [?:1.8.0_382]
	at java.util.concurrent.ThreadPoolExecutor$Worker.run(ThreadPoolExecutor.java:624) [?:1.8.0_382]
	at java.lang.Thread.run(Thread.java:750) [?:1.8.0_382]
2023-08-31 18:20:06,684 [OM StateMachine ApplyTransaction Thread - 0] ERROR file.OMFileCreateRequest (OMFileCreateRequest.java:validateAndUpdateCache(336)) - File create failed. Volume:volume40966, Bucket:bucket64934, Keyd1/d2/d3/d4/key2.
NOT_A_FILE org.apache.hadoop.ozone.om.exceptions.OMException: Can not write to directory: d1/d2/d3/d4/key2
	at org.apache.hadoop.ozone.om.request.file.OMFileCreateRequest.checkDirectoryResult(OMFileCreateRequest.java:363)
	at org.apache.hadoop.ozone.om.request.file.OMFileCreateRequest.validateAndUpdateCache(OMFileCreateRequest.java:237)
	at org.apache.hadoop.ozone.protocolPB.OzoneManagerRequestHandler.handleWriteRequest(OzoneManagerRequestHandler.java:375)
	at org.apache.hadoop.ozone.om.ratis.OzoneManagerStateMachine.runCommand(OzoneManagerStateMachine.java:568)
	at org.apache.hadoop.ozone.om.ratis.OzoneManagerStateMachine.lambda$1(OzoneManagerStateMachine.java:359)
	at java.util.concurrent.CompletableFuture$AsyncSupply.run(CompletableFuture.java:1604)
	at java.util.concurrent.ThreadPoolExecutor.runWorker(ThreadPoolExecutor.java:1149)
	at java.util.concurrent.ThreadPoolExecutor$Worker.run(ThreadPoolExecutor.java:624)
	at java.lang.Thread.run(Thread.java:750)
18:20:06.693 [OM StateMachine ApplyTransaction Thread - 0] ERROR OMAudit - user=runner | ip=127.0.0.1 | op=CREATE_DIRECTORY {volume=volume40966, bucket=bucket64934, key=d1/d2/d3/d4/key3, dataSize=0, replicationType=NONE, replicationFactor=ZERO} | ret=FAILURE
org.apache.hadoop.ozone.om.exceptions.OMException: Unable to create directory: d1/d2/d3/d4/key3 in volume/bucket: volume40966/bucket64934
	at org.apache.hadoop.ozone.om.request.file.OMDirectoryCreateRequest.validateAndUpdateCache(OMDirectoryCreateRequest.java:194) ~[ozone-manager-1.4.0-SNAPSHOT.jar:?]
	at org.apache.hadoop.ozone.protocolPB.OzoneManagerRequestHandler.handleWriteRequest(OzoneManagerRequestHandler.java:375) ~[ozone-manager-1.4.0-SNAPSHOT.jar:?]
	at org.apache.hadoop.ozone.om.ratis.OzoneManagerStateMachine.runCommand(OzoneManagerStateMachine.java:568) ~[ozone-manager-1.4.0-SNAPSHOT.jar:?]
	at org.apache.hadoop.ozone.om.ratis.OzoneManagerStateMachine.lambda$1(OzoneManagerStateMachine.java:359) ~[ozone-manager-1.4.0-SNAPSHOT.jar:?]
	at java.util.concurrent.CompletableFuture$AsyncSupply.run(CompletableFuture.java:1604) [?:1.8.0_382]
	at java.util.concurrent.ThreadPoolExecutor.runWorker(ThreadPoolExecutor.java:1149) [?:1.8.0_382]
	at java.util.concurrent.ThreadPoolExecutor$Worker.run(ThreadPoolExecutor.java:624) [?:1.8.0_382]
	at java.lang.Thread.run(Thread.java:750) [?:1.8.0_382]
2023-08-31 18:20:06,693 [OM StateMachine ApplyTransaction Thread - 0] ERROR file.OMDirectoryCreateRequest (OMDirectoryCreateRequest.java:logResult(334)) - Directory creation failed. Volume:volume40966, Bucket:bucket64934, Keyd1/d2/d3/d4/key3. Exception:{}
FILE_ALREADY_EXISTS org.apache.hadoop.ozone.om.exceptions.OMException: Unable to create directory: d1/d2/d3/d4/key3 in volume/bucket: volume40966/bucket64934
	at org.apache.hadoop.ozone.om.request.file.OMDirectoryCreateRequest.validateAndUpdateCache(OMDirectoryCreateRequest.java:194)
	at org.apache.hadoop.ozone.protocolPB.OzoneManagerRequestHandler.handleWriteRequest(OzoneManagerRequestHandler.java:375)
	at org.apache.hadoop.ozone.om.ratis.OzoneManagerStateMachine.runCommand(OzoneManagerStateMachine.java:568)
	at org.apache.hadoop.ozone.om.ratis.OzoneManagerStateMachine.lambda$1(OzoneManagerStateMachine.java:359)
	at java.util.concurrent.CompletableFuture$AsyncSupply.run(CompletableFuture.java:1604)
	at java.util.concurrent.ThreadPoolExecutor.runWorker(ThreadPoolExecutor.java:1149)
	at java.util.concurrent.ThreadPoolExecutor$Worker.run(ThreadPoolExecutor.java:624)
	at java.lang.Thread.run(Thread.java:750)
18:20:06.698 [OM StateMachine ApplyTransaction Thread - 0] ERROR OMAudit - user=runner | ip=127.0.0.1 | op=CREATE_FILE {volume=volume40966, bucket=bucket64934, key=d1/d2/d3, dataSize=4194304, replicationType=RATIS, replicationFactor=THREE} | ret=FAILURE
org.apache.hadoop.ozone.om.exceptions.OMException: Can not write to directory: d1/d2/d3
	at org.apache.hadoop.ozone.om.request.file.OMFileCreateRequest.checkDirectoryResult(OMFileCreateRequest.java:363) ~[ozone-manager-1.4.0-SNAPSHOT.jar:?]
	at org.apache.hadoop.ozone.om.request.file.OMFileCreateRequest.validateAndUpdateCache(OMFileCreateRequest.java:237) ~[ozone-manager-1.4.0-SNAPSHOT.jar:?]
	at org.apache.hadoop.ozone.protocolPB.OzoneManagerRequestHandler.handleWriteRequest(OzoneManagerRequestHandler.java:375) ~[ozone-manager-1.4.0-SNAPSHOT.jar:?]
	at org.apache.hadoop.ozone.om.ratis.OzoneManagerStateMachine.runCommand(OzoneManagerStateMachine.java:568) ~[ozone-manager-1.4.0-SNAPSHOT.jar:?]
	at org.apache.hadoop.ozone.om.ratis.OzoneManagerStateMachine.lambda$1(OzoneManagerStateMachine.java:359) ~[ozone-manager-1.4.0-SNAPSHOT.jar:?]
	at java.util.concurrent.CompletableFuture$AsyncSupply.run(CompletableFuture.java:1604) [?:1.8.0_382]
	at java.util.concurrent.ThreadPoolExecutor.runWorker(ThreadPoolExecutor.java:1149) [?:1.8.0_382]
	at java.util.concurrent.ThreadPoolExecutor$Worker.run(ThreadPoolExecutor.java:624) [?:1.8.0_382]
	at java.lang.Thread.run(Thread.java:750) [?:1.8.0_382]
2023-08-31 18:20:06,698 [OM StateMachine ApplyTransaction Thread - 0] ERROR file.OMFileCreateRequest (OMFileCreateRequest.java:validateAndUpdateCache(336)) - File create failed. Volume:volume40966, Bucket:bucket64934, Keyd1/d2/d3.
NOT_A_FILE org.apache.hadoop.ozone.om.exceptions.OMException: Can not write to directory: d1/d2/d3
	at org.apache.hadoop.ozone.om.request.file.OMFileCreateRequest.checkDirectoryResult(OMFileCreateRequest.java:363)
	at org.apache.hadoop.ozone.om.request.file.OMFileCreateRequest.validateAndUpdateCache(OMFileCreateRequest.java:237)
	at org.apache.hadoop.ozone.protocolPB.OzoneManagerRequestHandler.handleWriteRequest(OzoneManagerRequestHandler.java:375)
	at org.apache.hadoop.ozone.om.ratis.OzoneManagerStateMachine.runCommand(OzoneManagerStateMachine.java:568)
	at org.apache.hadoop.ozone.om.ratis.OzoneManagerStateMachine.lambda$1(OzoneManagerStateMachine.java:359)
	at java.util.concurrent.CompletableFuture$AsyncSupply.run(CompletableFuture.java:1604)
	at java.util.concurrent.ThreadPoolExecutor.runWorker(ThreadPoolExecutor.java:1149)
	at java.util.concurrent.ThreadPoolExecutor$Worker.run(ThreadPoolExecutor.java:624)
	at java.lang.Thread.run(Thread.java:750)
18:20:06.700 [IPC Server handler 5 on default port 15110] ERROR OMAudit - user=runner | ip=127.0.0.1 | op=GET_FILE_STATUS {volume=volume40966, bucket=bucket64934, key=d1/d2/d3/d4/key3/invalid, dataSize=0, replicationConfig=null} | ret=FAILURE
org.apache.hadoop.ozone.om.exceptions.OMException: Unable to get file status: volume: volume40966 bucket: bucket64934 key: d1/d2/d3/d4/key3/invalid
	at org.apache.hadoop.ozone.om.KeyManagerImpl.getOzoneFileStatus(KeyManagerImpl.java:1195) ~[ozone-manager-1.4.0-SNAPSHOT.jar:?]
	at org.apache.hadoop.ozone.om.KeyManagerImpl.getFileStatus(KeyManagerImpl.java:1113) ~[ozone-manager-1.4.0-SNAPSHOT.jar:?]
	at org.apache.hadoop.ozone.om.OmMetadataReader.getFileStatus(OmMetadataReader.java:262) ~[ozone-manager-1.4.0-SNAPSHOT.jar:?]
	at org.apache.hadoop.ozone.om.OzoneManager.getFileStatus(OzoneManager.java:3530) ~[ozone-manager-1.4.0-SNAPSHOT.jar:?]
	at org.apache.hadoop.ozone.protocolPB.OzoneManagerRequestHandler.getOzoneFileStatus(OzoneManagerRequestHandler.java:973) ~[ozone-manager-1.4.0-SNAPSHOT.jar:?]
	at org.apache.hadoop.ozone.protocolPB.OzoneManagerRequestHandler.handleReadRequest(OzoneManagerRequestHandler.java:252) ~[ozone-manager-1.4.0-SNAPSHOT.jar:?]
	at org.apache.hadoop.ozone.protocolPB.OzoneManagerProtocolServerSideTranslatorPB.submitReadRequestToOM(OzoneManagerProtocolServerSideTranslatorPB.java:225) ~[ozone-manager-1.4.0-SNAPSHOT.jar:?]
	at org.apache.hadoop.ozone.protocolPB.OzoneManagerProtocolServerSideTranslatorPB.processRequest(OzoneManagerProtocolServerSideTranslatorPB.java:179) ~[ozone-manager-1.4.0-SNAPSHOT.jar:?]
	at org.apache.hadoop.hdds.server.OzoneProtocolMessageDispatcher.processRequest(OzoneProtocolMessageDispatcher.java:87) [hdds-server-framework-1.4.0-SNAPSHOT.jar:?]
	at org.apache.hadoop.ozone.protocolPB.OzoneManagerProtocolServerSideTranslatorPB.submitRequest(OzoneManagerProtocolServerSideTranslatorPB.java:148) [ozone-manager-1.4.0-SNAPSHOT.jar:?]
	at org.apache.hadoop.ozone.protocol.proto.OzoneManagerProtocolProtos$OzoneManagerService$2.callBlockingMethod(OzoneManagerProtocolProtos.java) [ozone-interface-client-1.4.0-SNAPSHOT.jar:?]
	at org.apache.hadoop.ipc.ProtobufRpcEngine$Server.processCall(ProtobufRpcEngine.java:484) [hadoop-common-3.3.6.jar:?]
	at org.apache.hadoop.ipc.ProtobufRpcEngine2$Server$ProtoBufRpcInvoker.call(ProtobufRpcEngine2.java:595) [hadoop-common-3.3.6.jar:?]
	at org.apache.hadoop.ipc.ProtobufRpcEngine2$Server$ProtoBufRpcInvoker.call(ProtobufRpcEngine2.java:573) [hadoop-common-3.3.6.jar:?]
	at org.apache.hadoop.ipc.RPC$Server.call(RPC.java:1227) [hadoop-common-3.3.6.jar:?]
	at org.apache.hadoop.ipc.Server$RpcCall.run(Server.java:1094) [hadoop-common-3.3.6.jar:?]
	at org.apache.hadoop.ipc.Server$RpcCall.run(Server.java:1017) [hadoop-common-3.3.6.jar:?]
	at java.security.AccessController.doPrivileged(Native Method) ~[?:1.8.0_382]
	at javax.security.auth.Subject.doAs(Subject.java:422) [?:1.8.0_382]
	at org.apache.hadoop.security.UserGroupInformation.doAs(UserGroupInformation.java:1899) [hadoop-common-3.3.6.jar:?]
	at org.apache.hadoop.ipc.Server$Handler.run(Server.java:3048) [hadoop-common-3.3.6.jar:?]
18:20:06.702 [IPC Server handler 10 on default port 15110] ERROR OMAudit - user=runner | ip=127.0.0.1 | op=GET_FILE_STATUS {volume=volume40966, bucket=bucket64934, key=d1/d2/d3/d4/invalidkey, dataSize=0, replicationConfig=null} | ret=FAILURE
org.apache.hadoop.ozone.om.exceptions.OMException: Unable to get file status: volume: volume40966 bucket: bucket64934 key: d1/d2/d3/d4/invalidkey
	at org.apache.hadoop.ozone.om.KeyManagerImpl.getOzoneFileStatus(KeyManagerImpl.java:1195) ~[ozone-manager-1.4.0-SNAPSHOT.jar:?]
	at org.apache.hadoop.ozone.om.KeyManagerImpl.getFileStatus(KeyManagerImpl.java:1113) ~[ozone-manager-1.4.0-SNAPSHOT.jar:?]
	at org.apache.hadoop.ozone.om.OmMetadataReader.getFileStatus(OmMetadataReader.java:262) ~[ozone-manager-1.4.0-SNAPSHOT.jar:?]
	at org.apache.hadoop.ozone.om.OzoneManager.getFileStatus(OzoneManager.java:3530) ~[ozone-manager-1.4.0-SNAPSHOT.jar:?]
	at org.apache.hadoop.ozone.protocolPB.OzoneManagerRequestHandler.getOzoneFileStatus(OzoneManagerRequestHandler.java:973) ~[ozone-manager-1.4.0-SNAPSHOT.jar:?]
	at org.apache.hadoop.ozone.protocolPB.OzoneManagerRequestHandler.handleReadRequest(OzoneManagerRequestHandler.java:252) ~[ozone-manager-1.4.0-SNAPSHOT.jar:?]
	at org.apache.hadoop.ozone.protocolPB.OzoneManagerProtocolServerSideTranslatorPB.submitReadRequestToOM(OzoneManagerProtocolServerSideTranslatorPB.java:225) ~[ozone-manager-1.4.0-SNAPSHOT.jar:?]
	at org.apache.hadoop.ozone.protocolPB.OzoneManagerProtocolServerSideTranslatorPB.processRequest(OzoneManagerProtocolServerSideTranslatorPB.java:179) ~[ozone-manager-1.4.0-SNAPSHOT.jar:?]
	at org.apache.hadoop.hdds.server.OzoneProtocolMessageDispatcher.processRequest(OzoneProtocolMessageDispatcher.java:87) [hdds-server-framework-1.4.0-SNAPSHOT.jar:?]
	at org.apache.hadoop.ozone.protocolPB.OzoneManagerProtocolServerSideTranslatorPB.submitRequest(OzoneManagerProtocolServerSideTranslatorPB.java:148) [ozone-manager-1.4.0-SNAPSHOT.jar:?]
	at org.apache.hadoop.ozone.protocol.proto.OzoneManagerProtocolProtos$OzoneManagerService$2.callBlockingMethod(OzoneManagerProtocolProtos.java) [ozone-interface-client-1.4.0-SNAPSHOT.jar:?]
	at org.apache.hadoop.ipc.ProtobufRpcEngine$Server.processCall(ProtobufRpcEngine.java:484) [hadoop-common-3.3.6.jar:?]
	at org.apache.hadoop.ipc.ProtobufRpcEngine2$Server$ProtoBufRpcInvoker.call(ProtobufRpcEngine2.java:595) [hadoop-common-3.3.6.jar:?]
	at org.apache.hadoop.ipc.ProtobufRpcEngine2$Server$ProtoBufRpcInvoker.call(ProtobufRpcEngine2.java:573) [hadoop-common-3.3.6.jar:?]
	at org.apache.hadoop.ipc.RPC$Server.call(RPC.java:1227) [hadoop-common-3.3.6.jar:?]
	at org.apache.hadoop.ipc.Server$RpcCall.run(Server.java:1094) [hadoop-common-3.3.6.jar:?]
	at org.apache.hadoop.ipc.Server$RpcCall.run(Server.java:1017) [hadoop-common-3.3.6.jar:?]
	at java.security.AccessController.doPrivileged(Native Method) ~[?:1.8.0_382]
	at javax.security.auth.Subject.doAs(Subject.java:422) [?:1.8.0_382]
	at org.apache.hadoop.security.UserGroupInformation.doAs(UserGroupInformation.java:1899) [hadoop-common-3.3.6.jar:?]
	at org.apache.hadoop.ipc.Server$Handler.run(Server.java:3048) [hadoop-common-3.3.6.jar:?]
]]></system-out>
  </testcase>
  <testcase name="testCreateFileShouldCheckExistenceOfDirWithSameName" classname="TestOzoneFileSystem" time="0.031">
    <system-out><![CDATA[18:21:35.081 [IPC Server handler 4 on default port 15163] ERROR OMAudit - user=runner | ip=127.0.0.1 | op=CREATE_FILE {volume=volume65627, bucket=bucket59265, key=d1/d2/d3/d4/key2, dataSize=4194304, replicationType=RATIS, replicationFactor=THREE} | ret=FAILURE
org.apache.hadoop.ozone.om.exceptions.OMException: Can not write to directory: d1/d2/d3/d4/key2
	at org.apache.hadoop.ozone.om.request.file.OMFileCreateRequest.checkDirectoryResult(OMFileCreateRequest.java:363) ~[ozone-manager-1.4.0-SNAPSHOT.jar:?]
	at org.apache.hadoop.ozone.om.request.file.OMFileCreateRequest.validateAndUpdateCache(OMFileCreateRequest.java:237) ~[ozone-manager-1.4.0-SNAPSHOT.jar:?]
	at org.apache.hadoop.ozone.protocolPB.OzoneManagerRequestHandler.handleWriteRequest(OzoneManagerRequestHandler.java:375) ~[ozone-manager-1.4.0-SNAPSHOT.jar:?]
	at org.apache.hadoop.ozone.protocolPB.OzoneManagerProtocolServerSideTranslatorPB.submitRequestDirectlyToOM(OzoneManagerProtocolServerSideTranslatorPB.java:280) ~[ozone-manager-1.4.0-SNAPSHOT.jar:?]
	at org.apache.hadoop.ozone.protocolPB.OzoneManagerProtocolServerSideTranslatorPB.processRequest(OzoneManagerProtocolServerSideTranslatorPB.java:175) ~[ozone-manager-1.4.0-SNAPSHOT.jar:?]
	at org.apache.hadoop.hdds.server.OzoneProtocolMessageDispatcher.processRequest(OzoneProtocolMessageDispatcher.java:87) [hdds-server-framework-1.4.0-SNAPSHOT.jar:?]
	at org.apache.hadoop.ozone.protocolPB.OzoneManagerProtocolServerSideTranslatorPB.submitRequest(OzoneManagerProtocolServerSideTranslatorPB.java:148) [ozone-manager-1.4.0-SNAPSHOT.jar:?]
	at org.apache.hadoop.ozone.protocol.proto.OzoneManagerProtocolProtos$OzoneManagerService$2.callBlockingMethod(OzoneManagerProtocolProtos.java) [ozone-interface-client-1.4.0-SNAPSHOT.jar:?]
	at org.apache.hadoop.ipc.ProtobufRpcEngine$Server.processCall(ProtobufRpcEngine.java:484) [hadoop-common-3.3.6.jar:?]
	at org.apache.hadoop.ipc.ProtobufRpcEngine2$Server$ProtoBufRpcInvoker.call(ProtobufRpcEngine2.java:595) [hadoop-common-3.3.6.jar:?]
	at org.apache.hadoop.ipc.ProtobufRpcEngine2$Server$ProtoBufRpcInvoker.call(ProtobufRpcEngine2.java:573) [hadoop-common-3.3.6.jar:?]
	at org.apache.hadoop.ipc.RPC$Server.call(RPC.java:1227) [hadoop-common-3.3.6.jar:?]
	at org.apache.hadoop.ipc.Server$RpcCall.run(Server.java:1094) [hadoop-common-3.3.6.jar:?]
	at org.apache.hadoop.ipc.Server$RpcCall.run(Server.java:1017) [hadoop-common-3.3.6.jar:?]
	at java.security.AccessController.doPrivileged(Native Method) ~[?:1.8.0_382]
	at javax.security.auth.Subject.doAs(Subject.java:422) [?:1.8.0_382]
	at org.apache.hadoop.security.UserGroupInformation.doAs(UserGroupInformation.java:1899) [hadoop-common-3.3.6.jar:?]
	at org.apache.hadoop.ipc.Server$Handler.run(Server.java:3048) [hadoop-common-3.3.6.jar:?]
2023-08-31 18:21:35,081 [IPC Server handler 4 on default port 15163] ERROR file.OMFileCreateRequest (OMFileCreateRequest.java:validateAndUpdateCache(336)) - File create failed. Volume:volume65627, Bucket:bucket59265, Keyd1/d2/d3/d4/key2.
NOT_A_FILE org.apache.hadoop.ozone.om.exceptions.OMException: Can not write to directory: d1/d2/d3/d4/key2
	at org.apache.hadoop.ozone.om.request.file.OMFileCreateRequest.checkDirectoryResult(OMFileCreateRequest.java:363)
	at org.apache.hadoop.ozone.om.request.file.OMFileCreateRequest.validateAndUpdateCache(OMFileCreateRequest.java:237)
	at org.apache.hadoop.ozone.protocolPB.OzoneManagerRequestHandler.handleWriteRequest(OzoneManagerRequestHandler.java:375)
	at org.apache.hadoop.ozone.protocolPB.OzoneManagerProtocolServerSideTranslatorPB.submitRequestDirectlyToOM(OzoneManagerProtocolServerSideTranslatorPB.java:280)
	at org.apache.hadoop.ozone.protocolPB.OzoneManagerProtocolServerSideTranslatorPB.processRequest(OzoneManagerProtocolServerSideTranslatorPB.java:175)
	at org.apache.hadoop.hdds.server.OzoneProtocolMessageDispatcher.processRequest(OzoneProtocolMessageDispatcher.java:87)
	at org.apache.hadoop.ozone.protocolPB.OzoneManagerProtocolServerSideTranslatorPB.submitRequest(OzoneManagerProtocolServerSideTranslatorPB.java:148)
	at org.apache.hadoop.ozone.protocol.proto.OzoneManagerProtocolProtos$OzoneManagerService$2.callBlockingMethod(OzoneManagerProtocolProtos.java)
	at org.apache.hadoop.ipc.ProtobufRpcEngine$Server.processCall(ProtobufRpcEngine.java:484)
	at org.apache.hadoop.ipc.ProtobufRpcEngine2$Server$ProtoBufRpcInvoker.call(ProtobufRpcEngine2.java:595)
	at org.apache.hadoop.ipc.ProtobufRpcEngine2$Server$ProtoBufRpcInvoker.call(ProtobufRpcEngine2.java:573)
	at org.apache.hadoop.ipc.RPC$Server.call(RPC.java:1227)
	at org.apache.hadoop.ipc.Server$RpcCall.run(Server.java:1094)
	at org.apache.hadoop.ipc.Server$RpcCall.run(Server.java:1017)
	at java.security.AccessController.doPrivileged(Native Method)
	at javax.security.auth.Subject.doAs(Subject.java:422)
	at org.apache.hadoop.security.UserGroupInformation.doAs(UserGroupInformation.java:1899)
	at org.apache.hadoop.ipc.Server$Handler.run(Server.java:3048)
18:21:35.086 [IPC Server handler 7 on default port 15163] ERROR OMAudit - user=runner | ip=127.0.0.1 | op=CREATE_DIRECTORY {volume=volume65627, bucket=bucket59265, key=d1/d2/d3/d4/key3, dataSize=0, replicationType=NONE, replicationFactor=ZERO} | ret=FAILURE
org.apache.hadoop.ozone.om.exceptions.OMException: Unable to create directory: d1/d2/d3/d4/key3 in volume/bucket: volume65627/bucket59265
	at org.apache.hadoop.ozone.om.request.file.OMDirectoryCreateRequest.validateAndUpdateCache(OMDirectoryCreateRequest.java:194) ~[ozone-manager-1.4.0-SNAPSHOT.jar:?]
	at org.apache.hadoop.ozone.protocolPB.OzoneManagerRequestHandler.handleWriteRequest(OzoneManagerRequestHandler.java:375) ~[ozone-manager-1.4.0-SNAPSHOT.jar:?]
	at org.apache.hadoop.ozone.protocolPB.OzoneManagerProtocolServerSideTranslatorPB.submitRequestDirectlyToOM(OzoneManagerProtocolServerSideTranslatorPB.java:280) ~[ozone-manager-1.4.0-SNAPSHOT.jar:?]
	at org.apache.hadoop.ozone.protocolPB.OzoneManagerProtocolServerSideTranslatorPB.processRequest(OzoneManagerProtocolServerSideTranslatorPB.java:175) ~[ozone-manager-1.4.0-SNAPSHOT.jar:?]
	at org.apache.hadoop.hdds.server.OzoneProtocolMessageDispatcher.processRequest(OzoneProtocolMessageDispatcher.java:87) [hdds-server-framework-1.4.0-SNAPSHOT.jar:?]
	at org.apache.hadoop.ozone.protocolPB.OzoneManagerProtocolServerSideTranslatorPB.submitRequest(OzoneManagerProtocolServerSideTranslatorPB.java:148) [ozone-manager-1.4.0-SNAPSHOT.jar:?]
	at org.apache.hadoop.ozone.protocol.proto.OzoneManagerProtocolProtos$OzoneManagerService$2.callBlockingMethod(OzoneManagerProtocolProtos.java) [ozone-interface-client-1.4.0-SNAPSHOT.jar:?]
	at org.apache.hadoop.ipc.ProtobufRpcEngine$Server.processCall(ProtobufRpcEngine.java:484) [hadoop-common-3.3.6.jar:?]
	at org.apache.hadoop.ipc.ProtobufRpcEngine2$Server$ProtoBufRpcInvoker.call(ProtobufRpcEngine2.java:595) [hadoop-common-3.3.6.jar:?]
	at org.apache.hadoop.ipc.ProtobufRpcEngine2$Server$ProtoBufRpcInvoker.call(ProtobufRpcEngine2.java:573) [hadoop-common-3.3.6.jar:?]
	at org.apache.hadoop.ipc.RPC$Server.call(RPC.java:1227) [hadoop-common-3.3.6.jar:?]
	at org.apache.hadoop.ipc.Server$RpcCall.run(Server.java:1094) [hadoop-common-3.3.6.jar:?]
	at org.apache.hadoop.ipc.Server$RpcCall.run(Server.java:1017) [hadoop-common-3.3.6.jar:?]
	at java.security.AccessController.doPrivileged(Native Method) ~[?:1.8.0_382]
	at javax.security.auth.Subject.doAs(Subject.java:422) [?:1.8.0_382]
	at org.apache.hadoop.security.UserGroupInformation.doAs(UserGroupInformation.java:1899) [hadoop-common-3.3.6.jar:?]
	at org.apache.hadoop.ipc.Server$Handler.run(Server.java:3048) [hadoop-common-3.3.6.jar:?]
2023-08-31 18:21:35,087 [IPC Server handler 7 on default port 15163] ERROR file.OMDirectoryCreateRequest (OMDirectoryCreateRequest.java:logResult(334)) - Directory creation failed. Volume:volume65627, Bucket:bucket59265, Keyd1/d2/d3/d4/key3. Exception:{}
FILE_ALREADY_EXISTS org.apache.hadoop.ozone.om.exceptions.OMException: Unable to create directory: d1/d2/d3/d4/key3 in volume/bucket: volume65627/bucket59265
	at org.apache.hadoop.ozone.om.request.file.OMDirectoryCreateRequest.validateAndUpdateCache(OMDirectoryCreateRequest.java:194)
	at org.apache.hadoop.ozone.protocolPB.OzoneManagerRequestHandler.handleWriteRequest(OzoneManagerRequestHandler.java:375)
	at org.apache.hadoop.ozone.protocolPB.OzoneManagerProtocolServerSideTranslatorPB.submitRequestDirectlyToOM(OzoneManagerProtocolServerSideTranslatorPB.java:280)
	at org.apache.hadoop.ozone.protocolPB.OzoneManagerProtocolServerSideTranslatorPB.processRequest(OzoneManagerProtocolServerSideTranslatorPB.java:175)
	at org.apache.hadoop.hdds.server.OzoneProtocolMessageDispatcher.processRequest(OzoneProtocolMessageDispatcher.java:87)
	at org.apache.hadoop.ozone.protocolPB.OzoneManagerProtocolServerSideTranslatorPB.submitRequest(OzoneManagerProtocolServerSideTranslatorPB.java:148)
	at org.apache.hadoop.ozone.protocol.proto.OzoneManagerProtocolProtos$OzoneManagerService$2.callBlockingMethod(OzoneManagerProtocolProtos.java)
	at org.apache.hadoop.ipc.ProtobufRpcEngine$Server.processCall(ProtobufRpcEngine.java:484)
	at org.apache.hadoop.ipc.ProtobufRpcEngine2$Server$ProtoBufRpcInvoker.call(ProtobufRpcEngine2.java:595)
	at org.apache.hadoop.ipc.ProtobufRpcEngine2$Server$ProtoBufRpcInvoker.call(ProtobufRpcEngine2.java:573)
	at org.apache.hadoop.ipc.RPC$Server.call(RPC.java:1227)
	at org.apache.hadoop.ipc.Server$RpcCall.run(Server.java:1094)
	at org.apache.hadoop.ipc.Server$RpcCall.run(Server.java:1017)
	at java.security.AccessController.doPrivileged(Native Method)
	at javax.security.auth.Subject.doAs(Subject.java:422)
	at org.apache.hadoop.security.UserGroupInformation.doAs(UserGroupInformation.java:1899)
	at org.apache.hadoop.ipc.Server$Handler.run(Server.java:3048)
18:21:35.089 [IPC Server handler 8 on default port 15163] ERROR OMAudit - user=runner | ip=127.0.0.1 | op=CREATE_FILE {volume=volume65627, bucket=bucket59265, key=d1/d2/d3, dataSize=4194304, replicationType=RATIS, replicationFactor=THREE} | ret=FAILURE
org.apache.hadoop.ozone.om.exceptions.OMException: Can not write to directory: d1/d2/d3
	at org.apache.hadoop.ozone.om.request.file.OMFileCreateRequest.checkDirectoryResult(OMFileCreateRequest.java:363) ~[ozone-manager-1.4.0-SNAPSHOT.jar:?]
	at org.apache.hadoop.ozone.om.request.file.OMFileCreateRequest.validateAndUpdateCache(OMFileCreateRequest.java:237) ~[ozone-manager-1.4.0-SNAPSHOT.jar:?]
	at org.apache.hadoop.ozone.protocolPB.OzoneManagerRequestHandler.handleWriteRequest(OzoneManagerRequestHandler.java:375) ~[ozone-manager-1.4.0-SNAPSHOT.jar:?]
	at org.apache.hadoop.ozone.protocolPB.OzoneManagerProtocolServerSideTranslatorPB.submitRequestDirectlyToOM(OzoneManagerProtocolServerSideTranslatorPB.java:280) ~[ozone-manager-1.4.0-SNAPSHOT.jar:?]
	at org.apache.hadoop.ozone.protocolPB.OzoneManagerProtocolServerSideTranslatorPB.processRequest(OzoneManagerProtocolServerSideTranslatorPB.java:175) ~[ozone-manager-1.4.0-SNAPSHOT.jar:?]
	at org.apache.hadoop.hdds.server.OzoneProtocolMessageDispatcher.processRequest(OzoneProtocolMessageDispatcher.java:87) [hdds-server-framework-1.4.0-SNAPSHOT.jar:?]
	at org.apache.hadoop.ozone.protocolPB.OzoneManagerProtocolServerSideTranslatorPB.submitRequest(OzoneManagerProtocolServerSideTranslatorPB.java:148) [ozone-manager-1.4.0-SNAPSHOT.jar:?]
	at org.apache.hadoop.ozone.protocol.proto.OzoneManagerProtocolProtos$OzoneManagerService$2.callBlockingMethod(OzoneManagerProtocolProtos.java) [ozone-interface-client-1.4.0-SNAPSHOT.jar:?]
	at org.apache.hadoop.ipc.ProtobufRpcEngine$Server.processCall(ProtobufRpcEngine.java:484) [hadoop-common-3.3.6.jar:?]
	at org.apache.hadoop.ipc.ProtobufRpcEngine2$Server$ProtoBufRpcInvoker.call(ProtobufRpcEngine2.java:595) [hadoop-common-3.3.6.jar:?]
	at org.apache.hadoop.ipc.ProtobufRpcEngine2$Server$ProtoBufRpcInvoker.call(ProtobufRpcEngine2.java:573) [hadoop-common-3.3.6.jar:?]
	at org.apache.hadoop.ipc.RPC$Server.call(RPC.java:1227) [hadoop-common-3.3.6.jar:?]
	at org.apache.hadoop.ipc.Server$RpcCall.run(Server.java:1094) [hadoop-common-3.3.6.jar:?]
	at org.apache.hadoop.ipc.Server$RpcCall.run(Server.java:1017) [hadoop-common-3.3.6.jar:?]
	at java.security.AccessController.doPrivileged(Native Method) ~[?:1.8.0_382]
	at javax.security.auth.Subject.doAs(Subject.java:422) [?:1.8.0_382]
	at org.apache.hadoop.security.UserGroupInformation.doAs(UserGroupInformation.java:1899) [hadoop-common-3.3.6.jar:?]
	at org.apache.hadoop.ipc.Server$Handler.run(Server.java:3048) [hadoop-common-3.3.6.jar:?]
2023-08-31 18:21:35,089 [IPC Server handler 8 on default port 15163] ERROR file.OMFileCreateRequest (OMFileCreateRequest.java:validateAndUpdateCache(336)) - File create failed. Volume:volume65627, Bucket:bucket59265, Keyd1/d2/d3.
NOT_A_FILE org.apache.hadoop.ozone.om.exceptions.OMException: Can not write to directory: d1/d2/d3
	at org.apache.hadoop.ozone.om.request.file.OMFileCreateRequest.checkDirectoryResult(OMFileCreateRequest.java:363)
	at org.apache.hadoop.ozone.om.request.file.OMFileCreateRequest.validateAndUpdateCache(OMFileCreateRequest.java:237)
	at org.apache.hadoop.ozone.protocolPB.OzoneManagerRequestHandler.handleWriteRequest(OzoneManagerRequestHandler.java:375)
	at org.apache.hadoop.ozone.protocolPB.OzoneManagerProtocolServerSideTranslatorPB.submitRequestDirectlyToOM(OzoneManagerProtocolServerSideTranslatorPB.java:280)
	at org.apache.hadoop.ozone.protocolPB.OzoneManagerProtocolServerSideTranslatorPB.processRequest(OzoneManagerProtocolServerSideTranslatorPB.java:175)
	at org.apache.hadoop.hdds.server.OzoneProtocolMessageDispatcher.processRequest(OzoneProtocolMessageDispatcher.java:87)
	at org.apache.hadoop.ozone.protocolPB.OzoneManagerProtocolServerSideTranslatorPB.submitRequest(OzoneManagerProtocolServerSideTranslatorPB.java:148)
	at org.apache.hadoop.ozone.protocol.proto.OzoneManagerProtocolProtos$OzoneManagerService$2.callBlockingMethod(OzoneManagerProtocolProtos.java)
	at org.apache.hadoop.ipc.ProtobufRpcEngine$Server.processCall(ProtobufRpcEngine.java:484)
	at org.apache.hadoop.ipc.ProtobufRpcEngine2$Server$ProtoBufRpcInvoker.call(ProtobufRpcEngine2.java:595)
	at org.apache.hadoop.ipc.ProtobufRpcEngine2$Server$ProtoBufRpcInvoker.call(ProtobufRpcEngine2.java:573)
	at org.apache.hadoop.ipc.RPC$Server.call(RPC.java:1227)
	at org.apache.hadoop.ipc.Server$RpcCall.run(Server.java:1094)
	at org.apache.hadoop.ipc.Server$RpcCall.run(Server.java:1017)
	at java.security.AccessController.doPrivileged(Native Method)
	at javax.security.auth.Subject.doAs(Subject.java:422)
	at org.apache.hadoop.security.UserGroupInformation.doAs(UserGroupInformation.java:1899)
	at org.apache.hadoop.ipc.Server$Handler.run(Server.java:3048)
18:21:35.091 [IPC Server handler 3 on default port 15163] ERROR OMAudit - user=runner | ip=127.0.0.1 | op=GET_FILE_STATUS {volume=volume65627, bucket=bucket59265, key=d1/d2/d3/d4/key3/invalid, dataSize=0, replicationConfig=null} | ret=FAILURE
org.apache.hadoop.ozone.om.exceptions.OMException: Unable to get file status: volume: volume65627 bucket: bucket59265 key: d1/d2/d3/d4/key3/invalid
	at org.apache.hadoop.ozone.om.KeyManagerImpl.getOzoneFileStatus(KeyManagerImpl.java:1195) ~[ozone-manager-1.4.0-SNAPSHOT.jar:?]
	at org.apache.hadoop.ozone.om.KeyManagerImpl.getFileStatus(KeyManagerImpl.java:1113) ~[ozone-manager-1.4.0-SNAPSHOT.jar:?]
	at org.apache.hadoop.ozone.om.OmMetadataReader.getFileStatus(OmMetadataReader.java:262) ~[ozone-manager-1.4.0-SNAPSHOT.jar:?]
	at org.apache.hadoop.ozone.om.OzoneManager.getFileStatus(OzoneManager.java:3530) ~[ozone-manager-1.4.0-SNAPSHOT.jar:?]
	at org.apache.hadoop.ozone.protocolPB.OzoneManagerRequestHandler.getOzoneFileStatus(OzoneManagerRequestHandler.java:973) ~[ozone-manager-1.4.0-SNAPSHOT.jar:?]
	at org.apache.hadoop.ozone.protocolPB.OzoneManagerRequestHandler.handleReadRequest(OzoneManagerRequestHandler.java:252) ~[ozone-manager-1.4.0-SNAPSHOT.jar:?]
	at org.apache.hadoop.ozone.protocolPB.OzoneManagerProtocolServerSideTranslatorPB.submitRequestDirectlyToOM(OzoneManagerProtocolServerSideTranslatorPB.java:274) ~[ozone-manager-1.4.0-SNAPSHOT.jar:?]
	at org.apache.hadoop.ozone.protocolPB.OzoneManagerProtocolServerSideTranslatorPB.processRequest(OzoneManagerProtocolServerSideTranslatorPB.java:175) ~[ozone-manager-1.4.0-SNAPSHOT.jar:?]
	at org.apache.hadoop.hdds.server.OzoneProtocolMessageDispatcher.processRequest(OzoneProtocolMessageDispatcher.java:87) [hdds-server-framework-1.4.0-SNAPSHOT.jar:?]
	at org.apache.hadoop.ozone.protocolPB.OzoneManagerProtocolServerSideTranslatorPB.submitRequest(OzoneManagerProtocolServerSideTranslatorPB.java:148) [ozone-manager-1.4.0-SNAPSHOT.jar:?]
	at org.apache.hadoop.ozone.protocol.proto.OzoneManagerProtocolProtos$OzoneManagerService$2.callBlockingMethod(OzoneManagerProtocolProtos.java) [ozone-interface-client-1.4.0-SNAPSHOT.jar:?]
	at org.apache.hadoop.ipc.ProtobufRpcEngine$Server.processCall(ProtobufRpcEngine.java:484) [hadoop-common-3.3.6.jar:?]
	at org.apache.hadoop.ipc.ProtobufRpcEngine2$Server$ProtoBufRpcInvoker.call(ProtobufRpcEngine2.java:595) [hadoop-common-3.3.6.jar:?]
	at org.apache.hadoop.ipc.ProtobufRpcEngine2$Server$ProtoBufRpcInvoker.call(ProtobufRpcEngine2.java:573) [hadoop-common-3.3.6.jar:?]
	at org.apache.hadoop.ipc.RPC$Server.call(RPC.java:1227) [hadoop-common-3.3.6.jar:?]
	at org.apache.hadoop.ipc.Server$RpcCall.run(Server.java:1094) [hadoop-common-3.3.6.jar:?]
	at org.apache.hadoop.ipc.Server$RpcCall.run(Server.java:1017) [hadoop-common-3.3.6.jar:?]
	at java.security.AccessController.doPrivileged(Native Method) ~[?:1.8.0_382]
	at javax.security.auth.Subject.doAs(Subject.java:422) [?:1.8.0_382]
	at org.apache.hadoop.security.UserGroupInformation.doAs(UserGroupInformation.java:1899) [hadoop-common-3.3.6.jar:?]
	at org.apache.hadoop.ipc.Server$Handler.run(Server.java:3048) [hadoop-common-3.3.6.jar:?]
18:21:35.092 [IPC Server handler 10 on default port 15163] ERROR OMAudit - user=runner | ip=127.0.0.1 | op=GET_FILE_STATUS {volume=volume65627, bucket=bucket59265, key=d1/d2/d3/d4/invalidkey, dataSize=0, replicationConfig=null} | ret=FAILURE
org.apache.hadoop.ozone.om.exceptions.OMException: Unable to get file status: volume: volume65627 bucket: bucket59265 key: d1/d2/d3/d4/invalidkey
	at org.apache.hadoop.ozone.om.KeyManagerImpl.getOzoneFileStatus(KeyManagerImpl.java:1195) ~[ozone-manager-1.4.0-SNAPSHOT.jar:?]
	at org.apache.hadoop.ozone.om.KeyManagerImpl.getFileStatus(KeyManagerImpl.java:1113) ~[ozone-manager-1.4.0-SNAPSHOT.jar:?]
	at org.apache.hadoop.ozone.om.OmMetadataReader.getFileStatus(OmMetadataReader.java:262) ~[ozone-manager-1.4.0-SNAPSHOT.jar:?]
	at org.apache.hadoop.ozone.om.OzoneManager.getFileStatus(OzoneManager.java:3530) ~[ozone-manager-1.4.0-SNAPSHOT.jar:?]
	at org.apache.hadoop.ozone.protocolPB.OzoneManagerRequestHandler.getOzoneFileStatus(OzoneManagerRequestHandler.java:973) ~[ozone-manager-1.4.0-SNAPSHOT.jar:?]
	at org.apache.hadoop.ozone.protocolPB.OzoneManagerRequestHandler.handleReadRequest(OzoneManagerRequestHandler.java:252) ~[ozone-manager-1.4.0-SNAPSHOT.jar:?]
	at org.apache.hadoop.ozone.protocolPB.OzoneManagerProtocolServerSideTranslatorPB.submitRequestDirectlyToOM(OzoneManagerProtocolServerSideTranslatorPB.java:274) ~[ozone-manager-1.4.0-SNAPSHOT.jar:?]
	at org.apache.hadoop.ozone.protocolPB.OzoneManagerProtocolServerSideTranslatorPB.processRequest(OzoneManagerProtocolServerSideTranslatorPB.java:175) ~[ozone-manager-1.4.0-SNAPSHOT.jar:?]
	at org.apache.hadoop.hdds.server.OzoneProtocolMessageDispatcher.processRequest(OzoneProtocolMessageDispatcher.java:87) [hdds-server-framework-1.4.0-SNAPSHOT.jar:?]
	at org.apache.hadoop.ozone.protocolPB.OzoneManagerProtocolServerSideTranslatorPB.submitRequest(OzoneManagerProtocolServerSideTranslatorPB.java:148) [ozone-manager-1.4.0-SNAPSHOT.jar:?]
	at org.apache.hadoop.ozone.protocol.proto.OzoneManagerProtocolProtos$OzoneManagerService$2.callBlockingMethod(OzoneManagerProtocolProtos.java) [ozone-interface-client-1.4.0-SNAPSHOT.jar:?]
	at org.apache.hadoop.ipc.ProtobufRpcEngine$Server.processCall(ProtobufRpcEngine.java:484) [hadoop-common-3.3.6.jar:?]
	at org.apache.hadoop.ipc.ProtobufRpcEngine2$Server$ProtoBufRpcInvoker.call(ProtobufRpcEngine2.java:595) [hadoop-common-3.3.6.jar:?]
	at org.apache.hadoop.ipc.ProtobufRpcEngine2$Server$ProtoBufRpcInvoker.call(ProtobufRpcEngine2.java:573) [hadoop-common-3.3.6.jar:?]
	at org.apache.hadoop.ipc.RPC$Server.call(RPC.java:1227) [hadoop-common-3.3.6.jar:?]
	at org.apache.hadoop.ipc.Server$RpcCall.run(Server.java:1094) [hadoop-common-3.3.6.jar:?]
	at org.apache.hadoop.ipc.Server$RpcCall.run(Server.java:1017) [hadoop-common-3.3.6.jar:?]
	at java.security.AccessController.doPrivileged(Native Method) ~[?:1.8.0_382]
	at javax.security.auth.Subject.doAs(Subject.java:422) [?:1.8.0_382]
	at org.apache.hadoop.security.UserGroupInformation.doAs(UserGroupInformation.java:1899) [hadoop-common-3.3.6.jar:?]
	at org.apache.hadoop.ipc.Server$Handler.run(Server.java:3048) [hadoop-common-3.3.6.jar:?]
]]></system-out>
  </testcase>
  <testcase name="testRenameContainDelimiterFile" classname="TestOzoneFileSystem" time="0.056">
    <system-out><![CDATA[18:17:03.166 [IPC Server handler 12 on default port 15004] ERROR OMAudit - user=runner | ip=127.0.0.1 | op=GET_FILE_STATUS {volume=volume59479, bucket=bucket48122, key=dir1/dir2/key2, dataSize=0, replicationConfig=null} | ret=FAILURE
org.apache.hadoop.ozone.om.exceptions.OMException: Unable to get file status: volume: volume59479 bucket: bucket48122 key: dir1/dir2/key2
	at org.apache.hadoop.ozone.om.KeyManagerImpl.getOzoneFileStatus(KeyManagerImpl.java:1195) ~[ozone-manager-1.4.0-SNAPSHOT.jar:?]
	at org.apache.hadoop.ozone.om.KeyManagerImpl.getFileStatus(KeyManagerImpl.java:1113) ~[ozone-manager-1.4.0-SNAPSHOT.jar:?]
	at org.apache.hadoop.ozone.om.OmMetadataReader.getFileStatus(OmMetadataReader.java:262) ~[ozone-manager-1.4.0-SNAPSHOT.jar:?]
	at org.apache.hadoop.ozone.om.OzoneManager.getFileStatus(OzoneManager.java:3530) ~[ozone-manager-1.4.0-SNAPSHOT.jar:?]
	at org.apache.hadoop.ozone.protocolPB.OzoneManagerRequestHandler.getOzoneFileStatus(OzoneManagerRequestHandler.java:973) ~[ozone-manager-1.4.0-SNAPSHOT.jar:?]
	at org.apache.hadoop.ozone.protocolPB.OzoneManagerRequestHandler.handleReadRequest(OzoneManagerRequestHandler.java:252) ~[ozone-manager-1.4.0-SNAPSHOT.jar:?]
	at org.apache.hadoop.ozone.protocolPB.OzoneManagerProtocolServerSideTranslatorPB.submitReadRequestToOM(OzoneManagerProtocolServerSideTranslatorPB.java:225) ~[ozone-manager-1.4.0-SNAPSHOT.jar:?]
	at org.apache.hadoop.ozone.protocolPB.OzoneManagerProtocolServerSideTranslatorPB.processRequest(OzoneManagerProtocolServerSideTranslatorPB.java:179) ~[ozone-manager-1.4.0-SNAPSHOT.jar:?]
	at org.apache.hadoop.hdds.server.OzoneProtocolMessageDispatcher.processRequest(OzoneProtocolMessageDispatcher.java:87) [hdds-server-framework-1.4.0-SNAPSHOT.jar:?]
	at org.apache.hadoop.ozone.protocolPB.OzoneManagerProtocolServerSideTranslatorPB.submitRequest(OzoneManagerProtocolServerSideTranslatorPB.java:148) [ozone-manager-1.4.0-SNAPSHOT.jar:?]
	at org.apache.hadoop.ozone.protocol.proto.OzoneManagerProtocolProtos$OzoneManagerService$2.callBlockingMethod(OzoneManagerProtocolProtos.java) [ozone-interface-client-1.4.0-SNAPSHOT.jar:?]
	at org.apache.hadoop.ipc.ProtobufRpcEngine$Server.processCall(ProtobufRpcEngine.java:484) [hadoop-common-3.3.6.jar:?]
	at org.apache.hadoop.ipc.ProtobufRpcEngine2$Server$ProtoBufRpcInvoker.call(ProtobufRpcEngine2.java:595) [hadoop-common-3.3.6.jar:?]
	at org.apache.hadoop.ipc.ProtobufRpcEngine2$Server$ProtoBufRpcInvoker.call(ProtobufRpcEngine2.java:573) [hadoop-common-3.3.6.jar:?]
	at org.apache.hadoop.ipc.RPC$Server.call(RPC.java:1227) [hadoop-common-3.3.6.jar:?]
	at org.apache.hadoop.ipc.Server$RpcCall.run(Server.java:1094) [hadoop-common-3.3.6.jar:?]
	at org.apache.hadoop.ipc.Server$RpcCall.run(Server.java:1017) [hadoop-common-3.3.6.jar:?]
	at java.security.AccessController.doPrivileged(Native Method) ~[?:1.8.0_382]
	at javax.security.auth.Subject.doAs(Subject.java:422) [?:1.8.0_382]
	at org.apache.hadoop.security.UserGroupInformation.doAs(UserGroupInformation.java:1899) [hadoop-common-3.3.6.jar:?]
	at org.apache.hadoop.ipc.Server$Handler.run(Server.java:3048) [hadoop-common-3.3.6.jar:?]
18:17:03.180 [IPC Server handler 17 on default port 15004] ERROR OMAudit - user=runner | ip=127.0.0.1 | op=GET_FILE_STATUS {volume=volume59479, bucket=bucket48122, key=dir1/dir2/key1, dataSize=0, replicationConfig=null} | ret=FAILURE
org.apache.hadoop.ozone.om.exceptions.OMException: Unable to get file status: volume: volume59479 bucket: bucket48122 key: dir1/dir2/key1
	at org.apache.hadoop.ozone.om.KeyManagerImpl.getOzoneFileStatus(KeyManagerImpl.java:1195) ~[ozone-manager-1.4.0-SNAPSHOT.jar:?]
	at org.apache.hadoop.ozone.om.KeyManagerImpl.getFileStatus(KeyManagerImpl.java:1113) ~[ozone-manager-1.4.0-SNAPSHOT.jar:?]
	at org.apache.hadoop.ozone.om.OmMetadataReader.getFileStatus(OmMetadataReader.java:262) ~[ozone-manager-1.4.0-SNAPSHOT.jar:?]
	at org.apache.hadoop.ozone.om.OzoneManager.getFileStatus(OzoneManager.java:3530) ~[ozone-manager-1.4.0-SNAPSHOT.jar:?]
	at org.apache.hadoop.ozone.protocolPB.OzoneManagerRequestHandler.getOzoneFileStatus(OzoneManagerRequestHandler.java:973) ~[ozone-manager-1.4.0-SNAPSHOT.jar:?]
	at org.apache.hadoop.ozone.protocolPB.OzoneManagerRequestHandler.handleReadRequest(OzoneManagerRequestHandler.java:252) ~[ozone-manager-1.4.0-SNAPSHOT.jar:?]
	at org.apache.hadoop.ozone.protocolPB.OzoneManagerProtocolServerSideTranslatorPB.submitReadRequestToOM(OzoneManagerProtocolServerSideTranslatorPB.java:225) ~[ozone-manager-1.4.0-SNAPSHOT.jar:?]
	at org.apache.hadoop.ozone.protocolPB.OzoneManagerProtocolServerSideTranslatorPB.processRequest(OzoneManagerProtocolServerSideTranslatorPB.java:179) ~[ozone-manager-1.4.0-SNAPSHOT.jar:?]
	at org.apache.hadoop.hdds.server.OzoneProtocolMessageDispatcher.processRequest(OzoneProtocolMessageDispatcher.java:87) [hdds-server-framework-1.4.0-SNAPSHOT.jar:?]
	at org.apache.hadoop.ozone.protocolPB.OzoneManagerProtocolServerSideTranslatorPB.submitRequest(OzoneManagerProtocolServerSideTranslatorPB.java:148) [ozone-manager-1.4.0-SNAPSHOT.jar:?]
	at org.apache.hadoop.ozone.protocol.proto.OzoneManagerProtocolProtos$OzoneManagerService$2.callBlockingMethod(OzoneManagerProtocolProtos.java) [ozone-interface-client-1.4.0-SNAPSHOT.jar:?]
	at org.apache.hadoop.ipc.ProtobufRpcEngine$Server.processCall(ProtobufRpcEngine.java:484) [hadoop-common-3.3.6.jar:?]
	at org.apache.hadoop.ipc.ProtobufRpcEngine2$Server$ProtoBufRpcInvoker.call(ProtobufRpcEngine2.java:595) [hadoop-common-3.3.6.jar:?]
	at org.apache.hadoop.ipc.ProtobufRpcEngine2$Server$ProtoBufRpcInvoker.call(ProtobufRpcEngine2.java:573) [hadoop-common-3.3.6.jar:?]
	at org.apache.hadoop.ipc.RPC$Server.call(RPC.java:1227) [hadoop-common-3.3.6.jar:?]
	at org.apache.hadoop.ipc.Server$RpcCall.run(Server.java:1094) [hadoop-common-3.3.6.jar:?]
	at org.apache.hadoop.ipc.Server$RpcCall.run(Server.java:1017) [hadoop-common-3.3.6.jar:?]
	at java.security.AccessController.doPrivileged(Native Method) ~[?:1.8.0_382]
	at javax.security.auth.Subject.doAs(Subject.java:422) [?:1.8.0_382]
	at org.apache.hadoop.security.UserGroupInformation.doAs(UserGroupInformation.java:1899) [hadoop-common-3.3.6.jar:?]
	at org.apache.hadoop.ipc.Server$Handler.run(Server.java:3048) [hadoop-common-3.3.6.jar:?]
18:17:03.183 [IPC Server handler 7 on default port 15004] ERROR OMAudit - user=runner | ip=127.0.0.1 | op=GET_FILE_STATUS {volume=volume59479, bucket=bucket48122, key=user/runner/dir1, dataSize=0, replicationConfig=null} | ret=FAILURE
org.apache.hadoop.ozone.om.exceptions.OMException: Unable to get file status: volume: volume59479 bucket: bucket48122 key: user/runner/dir1
	at org.apache.hadoop.ozone.om.KeyManagerImpl.getOzoneFileStatus(KeyManagerImpl.java:1195) ~[ozone-manager-1.4.0-SNAPSHOT.jar:?]
	at org.apache.hadoop.ozone.om.KeyManagerImpl.getFileStatus(KeyManagerImpl.java:1113) ~[ozone-manager-1.4.0-SNAPSHOT.jar:?]
	at org.apache.hadoop.ozone.om.OmMetadataReader.getFileStatus(OmMetadataReader.java:262) ~[ozone-manager-1.4.0-SNAPSHOT.jar:?]
	at org.apache.hadoop.ozone.om.OzoneManager.getFileStatus(OzoneManager.java:3530) ~[ozone-manager-1.4.0-SNAPSHOT.jar:?]
	at org.apache.hadoop.ozone.protocolPB.OzoneManagerRequestHandler.getOzoneFileStatus(OzoneManagerRequestHandler.java:973) ~[ozone-manager-1.4.0-SNAPSHOT.jar:?]
	at org.apache.hadoop.ozone.protocolPB.OzoneManagerRequestHandler.handleReadRequest(OzoneManagerRequestHandler.java:252) ~[ozone-manager-1.4.0-SNAPSHOT.jar:?]
	at org.apache.hadoop.ozone.protocolPB.OzoneManagerProtocolServerSideTranslatorPB.submitReadRequestToOM(OzoneManagerProtocolServerSideTranslatorPB.java:225) ~[ozone-manager-1.4.0-SNAPSHOT.jar:?]
	at org.apache.hadoop.ozone.protocolPB.OzoneManagerProtocolServerSideTranslatorPB.processRequest(OzoneManagerProtocolServerSideTranslatorPB.java:179) ~[ozone-manager-1.4.0-SNAPSHOT.jar:?]
	at org.apache.hadoop.hdds.server.OzoneProtocolMessageDispatcher.processRequest(OzoneProtocolMessageDispatcher.java:87) [hdds-server-framework-1.4.0-SNAPSHOT.jar:?]
	at org.apache.hadoop.ozone.protocolPB.OzoneManagerProtocolServerSideTranslatorPB.submitRequest(OzoneManagerProtocolServerSideTranslatorPB.java:148) [ozone-manager-1.4.0-SNAPSHOT.jar:?]
	at org.apache.hadoop.ozone.protocol.proto.OzoneManagerProtocolProtos$OzoneManagerService$2.callBlockingMethod(OzoneManagerProtocolProtos.java) [ozone-interface-client-1.4.0-SNAPSHOT.jar:?]
	at org.apache.hadoop.ipc.ProtobufRpcEngine$Server.processCall(ProtobufRpcEngine.java:484) [hadoop-common-3.3.6.jar:?]
	at org.apache.hadoop.ipc.ProtobufRpcEngine2$Server$ProtoBufRpcInvoker.call(ProtobufRpcEngine2.java:595) [hadoop-common-3.3.6.jar:?]
	at org.apache.hadoop.ipc.ProtobufRpcEngine2$Server$ProtoBufRpcInvoker.call(ProtobufRpcEngine2.java:573) [hadoop-common-3.3.6.jar:?]
	at org.apache.hadoop.ipc.RPC$Server.call(RPC.java:1227) [hadoop-common-3.3.6.jar:?]
	at org.apache.hadoop.ipc.Server$RpcCall.run(Server.java:1094) [hadoop-common-3.3.6.jar:?]
	at org.apache.hadoop.ipc.Server$RpcCall.run(Server.java:1017) [hadoop-common-3.3.6.jar:?]
	at java.security.AccessController.doPrivileged(Native Method) ~[?:1.8.0_382]
	at javax.security.auth.Subject.doAs(Subject.java:422) [?:1.8.0_382]
	at org.apache.hadoop.security.UserGroupInformation.doAs(UserGroupInformation.java:1899) [hadoop-common-3.3.6.jar:?]
	at org.apache.hadoop.ipc.Server$Handler.run(Server.java:3048) [hadoop-common-3.3.6.jar:?]
18:17:03.185 [IPC Server handler 19 on default port 15004] ERROR OMAudit - user=runner | ip=127.0.0.1 | op=GET_FILE_STATUS {volume=volume59479, bucket=bucket48122, key=user/runner/dir1/dir2, dataSize=0, replicationConfig=null} | ret=FAILURE
org.apache.hadoop.ozone.om.exceptions.OMException: Unable to get file status: volume: volume59479 bucket: bucket48122 key: user/runner/dir1/dir2
	at org.apache.hadoop.ozone.om.KeyManagerImpl.getOzoneFileStatus(KeyManagerImpl.java:1195) ~[ozone-manager-1.4.0-SNAPSHOT.jar:?]
	at org.apache.hadoop.ozone.om.KeyManagerImpl.getFileStatus(KeyManagerImpl.java:1113) ~[ozone-manager-1.4.0-SNAPSHOT.jar:?]
	at org.apache.hadoop.ozone.om.OmMetadataReader.getFileStatus(OmMetadataReader.java:262) ~[ozone-manager-1.4.0-SNAPSHOT.jar:?]
	at org.apache.hadoop.ozone.om.OzoneManager.getFileStatus(OzoneManager.java:3530) ~[ozone-manager-1.4.0-SNAPSHOT.jar:?]
	at org.apache.hadoop.ozone.protocolPB.OzoneManagerRequestHandler.getOzoneFileStatus(OzoneManagerRequestHandler.java:973) ~[ozone-manager-1.4.0-SNAPSHOT.jar:?]
	at org.apache.hadoop.ozone.protocolPB.OzoneManagerRequestHandler.handleReadRequest(OzoneManagerRequestHandler.java:252) ~[ozone-manager-1.4.0-SNAPSHOT.jar:?]
	at org.apache.hadoop.ozone.protocolPB.OzoneManagerProtocolServerSideTranslatorPB.submitReadRequestToOM(OzoneManagerProtocolServerSideTranslatorPB.java:225) ~[ozone-manager-1.4.0-SNAPSHOT.jar:?]
	at org.apache.hadoop.ozone.protocolPB.OzoneManagerProtocolServerSideTranslatorPB.processRequest(OzoneManagerProtocolServerSideTranslatorPB.java:179) ~[ozone-manager-1.4.0-SNAPSHOT.jar:?]
	at org.apache.hadoop.hdds.server.OzoneProtocolMessageDispatcher.processRequest(OzoneProtocolMessageDispatcher.java:87) [hdds-server-framework-1.4.0-SNAPSHOT.jar:?]
	at org.apache.hadoop.ozone.protocolPB.OzoneManagerProtocolServerSideTranslatorPB.submitRequest(OzoneManagerProtocolServerSideTranslatorPB.java:148) [ozone-manager-1.4.0-SNAPSHOT.jar:?]
	at org.apache.hadoop.ozone.protocol.proto.OzoneManagerProtocolProtos$OzoneManagerService$2.callBlockingMethod(OzoneManagerProtocolProtos.java) [ozone-interface-client-1.4.0-SNAPSHOT.jar:?]
	at org.apache.hadoop.ipc.ProtobufRpcEngine$Server.processCall(ProtobufRpcEngine.java:484) [hadoop-common-3.3.6.jar:?]
	at org.apache.hadoop.ipc.ProtobufRpcEngine2$Server$ProtoBufRpcInvoker.call(ProtobufRpcEngine2.java:595) [hadoop-common-3.3.6.jar:?]
	at org.apache.hadoop.ipc.ProtobufRpcEngine2$Server$ProtoBufRpcInvoker.call(ProtobufRpcEngine2.java:573) [hadoop-common-3.3.6.jar:?]
	at org.apache.hadoop.ipc.RPC$Server.call(RPC.java:1227) [hadoop-common-3.3.6.jar:?]
	at org.apache.hadoop.ipc.Server$RpcCall.run(Server.java:1094) [hadoop-common-3.3.6.jar:?]
	at org.apache.hadoop.ipc.Server$RpcCall.run(Server.java:1017) [hadoop-common-3.3.6.jar:?]
	at java.security.AccessController.doPrivileged(Native Method) ~[?:1.8.0_382]
	at javax.security.auth.Subject.doAs(Subject.java:422) [?:1.8.0_382]
	at org.apache.hadoop.security.UserGroupInformation.doAs(UserGroupInformation.java:1899) [hadoop-common-3.3.6.jar:?]
	at org.apache.hadoop.ipc.Server$Handler.run(Server.java:3048) [hadoop-common-3.3.6.jar:?]
]]></system-out>
  </testcase>
  <testcase name="testRenameContainDelimiterFile" classname="TestOzoneFileSystem" time="0.035">
    <system-out><![CDATA[18:18:47.708 [IPC Server handler 11 on default port 15057] ERROR OMAudit - user=runner | ip=127.0.0.1 | op=GET_FILE_STATUS {volume=volume38115, bucket=bucket38025, key=dir1/dir2/key2, dataSize=0, replicationConfig=null} | ret=FAILURE
org.apache.hadoop.ozone.om.exceptions.OMException: Unable to get file status: volume: volume38115 bucket: bucket38025 key: dir1/dir2/key2
	at org.apache.hadoop.ozone.om.KeyManagerImpl.getOzoneFileStatus(KeyManagerImpl.java:1195) ~[ozone-manager-1.4.0-SNAPSHOT.jar:?]
	at org.apache.hadoop.ozone.om.KeyManagerImpl.getFileStatus(KeyManagerImpl.java:1113) ~[ozone-manager-1.4.0-SNAPSHOT.jar:?]
	at org.apache.hadoop.ozone.om.OmMetadataReader.getFileStatus(OmMetadataReader.java:262) ~[ozone-manager-1.4.0-SNAPSHOT.jar:?]
	at org.apache.hadoop.ozone.om.OzoneManager.getFileStatus(OzoneManager.java:3530) ~[ozone-manager-1.4.0-SNAPSHOT.jar:?]
	at org.apache.hadoop.ozone.protocolPB.OzoneManagerRequestHandler.getOzoneFileStatus(OzoneManagerRequestHandler.java:973) ~[ozone-manager-1.4.0-SNAPSHOT.jar:?]
	at org.apache.hadoop.ozone.protocolPB.OzoneManagerRequestHandler.handleReadRequest(OzoneManagerRequestHandler.java:252) ~[ozone-manager-1.4.0-SNAPSHOT.jar:?]
	at org.apache.hadoop.ozone.protocolPB.OzoneManagerProtocolServerSideTranslatorPB.submitRequestDirectlyToOM(OzoneManagerProtocolServerSideTranslatorPB.java:274) ~[ozone-manager-1.4.0-SNAPSHOT.jar:?]
	at org.apache.hadoop.ozone.protocolPB.OzoneManagerProtocolServerSideTranslatorPB.processRequest(OzoneManagerProtocolServerSideTranslatorPB.java:175) ~[ozone-manager-1.4.0-SNAPSHOT.jar:?]
	at org.apache.hadoop.hdds.server.OzoneProtocolMessageDispatcher.processRequest(OzoneProtocolMessageDispatcher.java:87) [hdds-server-framework-1.4.0-SNAPSHOT.jar:?]
	at org.apache.hadoop.ozone.protocolPB.OzoneManagerProtocolServerSideTranslatorPB.submitRequest(OzoneManagerProtocolServerSideTranslatorPB.java:148) [ozone-manager-1.4.0-SNAPSHOT.jar:?]
	at org.apache.hadoop.ozone.protocol.proto.OzoneManagerProtocolProtos$OzoneManagerService$2.callBlockingMethod(OzoneManagerProtocolProtos.java) [ozone-interface-client-1.4.0-SNAPSHOT.jar:?]
	at org.apache.hadoop.ipc.ProtobufRpcEngine$Server.processCall(ProtobufRpcEngine.java:484) [hadoop-common-3.3.6.jar:?]
	at org.apache.hadoop.ipc.ProtobufRpcEngine2$Server$ProtoBufRpcInvoker.call(ProtobufRpcEngine2.java:595) [hadoop-common-3.3.6.jar:?]
	at org.apache.hadoop.ipc.ProtobufRpcEngine2$Server$ProtoBufRpcInvoker.call(ProtobufRpcEngine2.java:573) [hadoop-common-3.3.6.jar:?]
	at org.apache.hadoop.ipc.RPC$Server.call(RPC.java:1227) [hadoop-common-3.3.6.jar:?]
	at org.apache.hadoop.ipc.Server$RpcCall.run(Server.java:1094) [hadoop-common-3.3.6.jar:?]
	at org.apache.hadoop.ipc.Server$RpcCall.run(Server.java:1017) [hadoop-common-3.3.6.jar:?]
	at java.security.AccessController.doPrivileged(Native Method) ~[?:1.8.0_382]
	at javax.security.auth.Subject.doAs(Subject.java:422) [?:1.8.0_382]
	at org.apache.hadoop.security.UserGroupInformation.doAs(UserGroupInformation.java:1899) [hadoop-common-3.3.6.jar:?]
	at org.apache.hadoop.ipc.Server$Handler.run(Server.java:3048) [hadoop-common-3.3.6.jar:?]
18:18:47.714 [IPC Server handler 2 on default port 15057] ERROR OMAudit - user=runner | ip=127.0.0.1 | op=GET_FILE_STATUS {volume=volume38115, bucket=bucket38025, key=dir1/dir2/key1, dataSize=0, replicationConfig=null} | ret=FAILURE
org.apache.hadoop.ozone.om.exceptions.OMException: Unable to get file status: volume: volume38115 bucket: bucket38025 key: dir1/dir2/key1
	at org.apache.hadoop.ozone.om.KeyManagerImpl.getOzoneFileStatus(KeyManagerImpl.java:1195) ~[ozone-manager-1.4.0-SNAPSHOT.jar:?]
	at org.apache.hadoop.ozone.om.KeyManagerImpl.getFileStatus(KeyManagerImpl.java:1113) ~[ozone-manager-1.4.0-SNAPSHOT.jar:?]
	at org.apache.hadoop.ozone.om.OmMetadataReader.getFileStatus(OmMetadataReader.java:262) ~[ozone-manager-1.4.0-SNAPSHOT.jar:?]
	at org.apache.hadoop.ozone.om.OzoneManager.getFileStatus(OzoneManager.java:3530) ~[ozone-manager-1.4.0-SNAPSHOT.jar:?]
	at org.apache.hadoop.ozone.protocolPB.OzoneManagerRequestHandler.getOzoneFileStatus(OzoneManagerRequestHandler.java:973) ~[ozone-manager-1.4.0-SNAPSHOT.jar:?]
	at org.apache.hadoop.ozone.protocolPB.OzoneManagerRequestHandler.handleReadRequest(OzoneManagerRequestHandler.java:252) ~[ozone-manager-1.4.0-SNAPSHOT.jar:?]
	at org.apache.hadoop.ozone.protocolPB.OzoneManagerProtocolServerSideTranslatorPB.submitRequestDirectlyToOM(OzoneManagerProtocolServerSideTranslatorPB.java:274) ~[ozone-manager-1.4.0-SNAPSHOT.jar:?]
	at org.apache.hadoop.ozone.protocolPB.OzoneManagerProtocolServerSideTranslatorPB.processRequest(OzoneManagerProtocolServerSideTranslatorPB.java:175) ~[ozone-manager-1.4.0-SNAPSHOT.jar:?]
	at org.apache.hadoop.hdds.server.OzoneProtocolMessageDispatcher.processRequest(OzoneProtocolMessageDispatcher.java:87) [hdds-server-framework-1.4.0-SNAPSHOT.jar:?]
	at org.apache.hadoop.ozone.protocolPB.OzoneManagerProtocolServerSideTranslatorPB.submitRequest(OzoneManagerProtocolServerSideTranslatorPB.java:148) [ozone-manager-1.4.0-SNAPSHOT.jar:?]
	at org.apache.hadoop.ozone.protocol.proto.OzoneManagerProtocolProtos$OzoneManagerService$2.callBlockingMethod(OzoneManagerProtocolProtos.java) [ozone-interface-client-1.4.0-SNAPSHOT.jar:?]
	at org.apache.hadoop.ipc.ProtobufRpcEngine$Server.processCall(ProtobufRpcEngine.java:484) [hadoop-common-3.3.6.jar:?]
	at org.apache.hadoop.ipc.ProtobufRpcEngine2$Server$ProtoBufRpcInvoker.call(ProtobufRpcEngine2.java:595) [hadoop-common-3.3.6.jar:?]
	at org.apache.hadoop.ipc.ProtobufRpcEngine2$Server$ProtoBufRpcInvoker.call(ProtobufRpcEngine2.java:573) [hadoop-common-3.3.6.jar:?]
	at org.apache.hadoop.ipc.RPC$Server.call(RPC.java:1227) [hadoop-common-3.3.6.jar:?]
	at org.apache.hadoop.ipc.Server$RpcCall.run(Server.java:1094) [hadoop-common-3.3.6.jar:?]
	at org.apache.hadoop.ipc.Server$RpcCall.run(Server.java:1017) [hadoop-common-3.3.6.jar:?]
	at java.security.AccessController.doPrivileged(Native Method) ~[?:1.8.0_382]
	at javax.security.auth.Subject.doAs(Subject.java:422) [?:1.8.0_382]
	at org.apache.hadoop.security.UserGroupInformation.doAs(UserGroupInformation.java:1899) [hadoop-common-3.3.6.jar:?]
	at org.apache.hadoop.ipc.Server$Handler.run(Server.java:3048) [hadoop-common-3.3.6.jar:?]
18:18:47.716 [IPC Server handler 3 on default port 15057] ERROR OMAudit - user=runner | ip=127.0.0.1 | op=GET_FILE_STATUS {volume=volume38115, bucket=bucket38025, key=user/runner/dir1, dataSize=0, replicationConfig=null} | ret=FAILURE
org.apache.hadoop.ozone.om.exceptions.OMException: Unable to get file status: volume: volume38115 bucket: bucket38025 key: user/runner/dir1
	at org.apache.hadoop.ozone.om.KeyManagerImpl.getOzoneFileStatus(KeyManagerImpl.java:1195) ~[ozone-manager-1.4.0-SNAPSHOT.jar:?]
	at org.apache.hadoop.ozone.om.KeyManagerImpl.getFileStatus(KeyManagerImpl.java:1113) ~[ozone-manager-1.4.0-SNAPSHOT.jar:?]
	at org.apache.hadoop.ozone.om.OmMetadataReader.getFileStatus(OmMetadataReader.java:262) ~[ozone-manager-1.4.0-SNAPSHOT.jar:?]
	at org.apache.hadoop.ozone.om.OzoneManager.getFileStatus(OzoneManager.java:3530) ~[ozone-manager-1.4.0-SNAPSHOT.jar:?]
	at org.apache.hadoop.ozone.protocolPB.OzoneManagerRequestHandler.getOzoneFileStatus(OzoneManagerRequestHandler.java:973) ~[ozone-manager-1.4.0-SNAPSHOT.jar:?]
	at org.apache.hadoop.ozone.protocolPB.OzoneManagerRequestHandler.handleReadRequest(OzoneManagerRequestHandler.java:252) ~[ozone-manager-1.4.0-SNAPSHOT.jar:?]
	at org.apache.hadoop.ozone.protocolPB.OzoneManagerProtocolServerSideTranslatorPB.submitRequestDirectlyToOM(OzoneManagerProtocolServerSideTranslatorPB.java:274) ~[ozone-manager-1.4.0-SNAPSHOT.jar:?]
	at org.apache.hadoop.ozone.protocolPB.OzoneManagerProtocolServerSideTranslatorPB.processRequest(OzoneManagerProtocolServerSideTranslatorPB.java:175) ~[ozone-manager-1.4.0-SNAPSHOT.jar:?]
	at org.apache.hadoop.hdds.server.OzoneProtocolMessageDispatcher.processRequest(OzoneProtocolMessageDispatcher.java:87) [hdds-server-framework-1.4.0-SNAPSHOT.jar:?]
	at org.apache.hadoop.ozone.protocolPB.OzoneManagerProtocolServerSideTranslatorPB.submitRequest(OzoneManagerProtocolServerSideTranslatorPB.java:148) [ozone-manager-1.4.0-SNAPSHOT.jar:?]
	at org.apache.hadoop.ozone.protocol.proto.OzoneManagerProtocolProtos$OzoneManagerService$2.callBlockingMethod(OzoneManagerProtocolProtos.java) [ozone-interface-client-1.4.0-SNAPSHOT.jar:?]
	at org.apache.hadoop.ipc.ProtobufRpcEngine$Server.processCall(ProtobufRpcEngine.java:484) [hadoop-common-3.3.6.jar:?]
	at org.apache.hadoop.ipc.ProtobufRpcEngine2$Server$ProtoBufRpcInvoker.call(ProtobufRpcEngine2.java:595) [hadoop-common-3.3.6.jar:?]
	at org.apache.hadoop.ipc.ProtobufRpcEngine2$Server$ProtoBufRpcInvoker.call(ProtobufRpcEngine2.java:573) [hadoop-common-3.3.6.jar:?]
	at org.apache.hadoop.ipc.RPC$Server.call(RPC.java:1227) [hadoop-common-3.3.6.jar:?]
	at org.apache.hadoop.ipc.Server$RpcCall.run(Server.java:1094) [hadoop-common-3.3.6.jar:?]
	at org.apache.hadoop.ipc.Server$RpcCall.run(Server.java:1017) [hadoop-common-3.3.6.jar:?]
	at java.security.AccessController.doPrivileged(Native Method) ~[?:1.8.0_382]
	at javax.security.auth.Subject.doAs(Subject.java:422) [?:1.8.0_382]
	at org.apache.hadoop.security.UserGroupInformation.doAs(UserGroupInformation.java:1899) [hadoop-common-3.3.6.jar:?]
	at org.apache.hadoop.ipc.Server$Handler.run(Server.java:3048) [hadoop-common-3.3.6.jar:?]
18:18:47.717 [IPC Server handler 5 on default port 15057] ERROR OMAudit - user=runner | ip=127.0.0.1 | op=GET_FILE_STATUS {volume=volume38115, bucket=bucket38025, key=user/runner/dir1/dir2, dataSize=0, replicationConfig=null} | ret=FAILURE
org.apache.hadoop.ozone.om.exceptions.OMException: Unable to get file status: volume: volume38115 bucket: bucket38025 key: user/runner/dir1/dir2
	at org.apache.hadoop.ozone.om.KeyManagerImpl.getOzoneFileStatus(KeyManagerImpl.java:1195) ~[ozone-manager-1.4.0-SNAPSHOT.jar:?]
	at org.apache.hadoop.ozone.om.KeyManagerImpl.getFileStatus(KeyManagerImpl.java:1113) ~[ozone-manager-1.4.0-SNAPSHOT.jar:?]
	at org.apache.hadoop.ozone.om.OmMetadataReader.getFileStatus(OmMetadataReader.java:262) ~[ozone-manager-1.4.0-SNAPSHOT.jar:?]
	at org.apache.hadoop.ozone.om.OzoneManager.getFileStatus(OzoneManager.java:3530) ~[ozone-manager-1.4.0-SNAPSHOT.jar:?]
	at org.apache.hadoop.ozone.protocolPB.OzoneManagerRequestHandler.getOzoneFileStatus(OzoneManagerRequestHandler.java:973) ~[ozone-manager-1.4.0-SNAPSHOT.jar:?]
	at org.apache.hadoop.ozone.protocolPB.OzoneManagerRequestHandler.handleReadRequest(OzoneManagerRequestHandler.java:252) ~[ozone-manager-1.4.0-SNAPSHOT.jar:?]
	at org.apache.hadoop.ozone.protocolPB.OzoneManagerProtocolServerSideTranslatorPB.submitRequestDirectlyToOM(OzoneManagerProtocolServerSideTranslatorPB.java:274) ~[ozone-manager-1.4.0-SNAPSHOT.jar:?]
	at org.apache.hadoop.ozone.protocolPB.OzoneManagerProtocolServerSideTranslatorPB.processRequest(OzoneManagerProtocolServerSideTranslatorPB.java:175) ~[ozone-manager-1.4.0-SNAPSHOT.jar:?]
	at org.apache.hadoop.hdds.server.OzoneProtocolMessageDispatcher.processRequest(OzoneProtocolMessageDispatcher.java:87) [hdds-server-framework-1.4.0-SNAPSHOT.jar:?]
	at org.apache.hadoop.ozone.protocolPB.OzoneManagerProtocolServerSideTranslatorPB.submitRequest(OzoneManagerProtocolServerSideTranslatorPB.java:148) [ozone-manager-1.4.0-SNAPSHOT.jar:?]
	at org.apache.hadoop.ozone.protocol.proto.OzoneManagerProtocolProtos$OzoneManagerService$2.callBlockingMethod(OzoneManagerProtocolProtos.java) [ozone-interface-client-1.4.0-SNAPSHOT.jar:?]
	at org.apache.hadoop.ipc.ProtobufRpcEngine$Server.processCall(ProtobufRpcEngine.java:484) [hadoop-common-3.3.6.jar:?]
	at org.apache.hadoop.ipc.ProtobufRpcEngine2$Server$ProtoBufRpcInvoker.call(ProtobufRpcEngine2.java:595) [hadoop-common-3.3.6.jar:?]
	at org.apache.hadoop.ipc.ProtobufRpcEngine2$Server$ProtoBufRpcInvoker.call(ProtobufRpcEngine2.java:573) [hadoop-common-3.3.6.jar:?]
	at org.apache.hadoop.ipc.RPC$Server.call(RPC.java:1227) [hadoop-common-3.3.6.jar:?]
	at org.apache.hadoop.ipc.Server$RpcCall.run(Server.java:1094) [hadoop-common-3.3.6.jar:?]
	at org.apache.hadoop.ipc.Server$RpcCall.run(Server.java:1017) [hadoop-common-3.3.6.jar:?]
	at java.security.AccessController.doPrivileged(Native Method) ~[?:1.8.0_382]
	at javax.security.auth.Subject.doAs(Subject.java:422) [?:1.8.0_382]
	at org.apache.hadoop.security.UserGroupInformation.doAs(UserGroupInformation.java:1899) [hadoop-common-3.3.6.jar:?]
	at org.apache.hadoop.ipc.Server$Handler.run(Server.java:3048) [hadoop-common-3.3.6.jar:?]
]]></system-out>
  </testcase>
  <testcase name="testRenameContainDelimiterFile" classname="TestOzoneFileSystem" time="0.025">
    <system-out><![CDATA[18:20:06.720 [IPC Server handler 8 on default port 15110] ERROR OMAudit - user=runner | ip=127.0.0.1 | op=GET_FILE_STATUS {volume=volume40966, bucket=bucket64934, key=dir1/dir2/key2, dataSize=0, replicationConfig=null} | ret=FAILURE
org.apache.hadoop.ozone.om.exceptions.OMException: Unable to get file status: volume: volume40966 bucket: bucket64934 key: dir1/dir2/key2
	at org.apache.hadoop.ozone.om.KeyManagerImpl.getOzoneFileStatus(KeyManagerImpl.java:1195) ~[ozone-manager-1.4.0-SNAPSHOT.jar:?]
	at org.apache.hadoop.ozone.om.KeyManagerImpl.getFileStatus(KeyManagerImpl.java:1113) ~[ozone-manager-1.4.0-SNAPSHOT.jar:?]
	at org.apache.hadoop.ozone.om.OmMetadataReader.getFileStatus(OmMetadataReader.java:262) ~[ozone-manager-1.4.0-SNAPSHOT.jar:?]
	at org.apache.hadoop.ozone.om.OzoneManager.getFileStatus(OzoneManager.java:3530) ~[ozone-manager-1.4.0-SNAPSHOT.jar:?]
	at org.apache.hadoop.ozone.protocolPB.OzoneManagerRequestHandler.getOzoneFileStatus(OzoneManagerRequestHandler.java:973) ~[ozone-manager-1.4.0-SNAPSHOT.jar:?]
	at org.apache.hadoop.ozone.protocolPB.OzoneManagerRequestHandler.handleReadRequest(OzoneManagerRequestHandler.java:252) ~[ozone-manager-1.4.0-SNAPSHOT.jar:?]
	at org.apache.hadoop.ozone.protocolPB.OzoneManagerProtocolServerSideTranslatorPB.submitReadRequestToOM(OzoneManagerProtocolServerSideTranslatorPB.java:225) ~[ozone-manager-1.4.0-SNAPSHOT.jar:?]
	at org.apache.hadoop.ozone.protocolPB.OzoneManagerProtocolServerSideTranslatorPB.processRequest(OzoneManagerProtocolServerSideTranslatorPB.java:179) ~[ozone-manager-1.4.0-SNAPSHOT.jar:?]
	at org.apache.hadoop.hdds.server.OzoneProtocolMessageDispatcher.processRequest(OzoneProtocolMessageDispatcher.java:87) [hdds-server-framework-1.4.0-SNAPSHOT.jar:?]
	at org.apache.hadoop.ozone.protocolPB.OzoneManagerProtocolServerSideTranslatorPB.submitRequest(OzoneManagerProtocolServerSideTranslatorPB.java:148) [ozone-manager-1.4.0-SNAPSHOT.jar:?]
	at org.apache.hadoop.ozone.protocol.proto.OzoneManagerProtocolProtos$OzoneManagerService$2.callBlockingMethod(OzoneManagerProtocolProtos.java) [ozone-interface-client-1.4.0-SNAPSHOT.jar:?]
	at org.apache.hadoop.ipc.ProtobufRpcEngine$Server.processCall(ProtobufRpcEngine.java:484) [hadoop-common-3.3.6.jar:?]
	at org.apache.hadoop.ipc.ProtobufRpcEngine2$Server$ProtoBufRpcInvoker.call(ProtobufRpcEngine2.java:595) [hadoop-common-3.3.6.jar:?]
	at org.apache.hadoop.ipc.ProtobufRpcEngine2$Server$ProtoBufRpcInvoker.call(ProtobufRpcEngine2.java:573) [hadoop-common-3.3.6.jar:?]
	at org.apache.hadoop.ipc.RPC$Server.call(RPC.java:1227) [hadoop-common-3.3.6.jar:?]
	at org.apache.hadoop.ipc.Server$RpcCall.run(Server.java:1094) [hadoop-common-3.3.6.jar:?]
	at org.apache.hadoop.ipc.Server$RpcCall.run(Server.java:1017) [hadoop-common-3.3.6.jar:?]
	at java.security.AccessController.doPrivileged(Native Method) ~[?:1.8.0_382]
	at javax.security.auth.Subject.doAs(Subject.java:422) [?:1.8.0_382]
	at org.apache.hadoop.security.UserGroupInformation.doAs(UserGroupInformation.java:1899) [hadoop-common-3.3.6.jar:?]
	at org.apache.hadoop.ipc.Server$Handler.run(Server.java:3048) [hadoop-common-3.3.6.jar:?]
18:20:06.727 [IPC Server handler 7 on default port 15110] ERROR OMAudit - user=runner | ip=127.0.0.1 | op=GET_FILE_STATUS {volume=volume40966, bucket=bucket64934, key=dir1/dir2/key1, dataSize=0, replicationConfig=null} | ret=FAILURE
org.apache.hadoop.ozone.om.exceptions.OMException: Unable to get file status: volume: volume40966 bucket: bucket64934 key: dir1/dir2/key1
	at org.apache.hadoop.ozone.om.KeyManagerImpl.getOzoneFileStatus(KeyManagerImpl.java:1195) ~[ozone-manager-1.4.0-SNAPSHOT.jar:?]
	at org.apache.hadoop.ozone.om.KeyManagerImpl.getFileStatus(KeyManagerImpl.java:1113) ~[ozone-manager-1.4.0-SNAPSHOT.jar:?]
	at org.apache.hadoop.ozone.om.OmMetadataReader.getFileStatus(OmMetadataReader.java:262) ~[ozone-manager-1.4.0-SNAPSHOT.jar:?]
	at org.apache.hadoop.ozone.om.OzoneManager.getFileStatus(OzoneManager.java:3530) ~[ozone-manager-1.4.0-SNAPSHOT.jar:?]
	at org.apache.hadoop.ozone.protocolPB.OzoneManagerRequestHandler.getOzoneFileStatus(OzoneManagerRequestHandler.java:973) ~[ozone-manager-1.4.0-SNAPSHOT.jar:?]
	at org.apache.hadoop.ozone.protocolPB.OzoneManagerRequestHandler.handleReadRequest(OzoneManagerRequestHandler.java:252) ~[ozone-manager-1.4.0-SNAPSHOT.jar:?]
	at org.apache.hadoop.ozone.protocolPB.OzoneManagerProtocolServerSideTranslatorPB.submitReadRequestToOM(OzoneManagerProtocolServerSideTranslatorPB.java:225) ~[ozone-manager-1.4.0-SNAPSHOT.jar:?]
	at org.apache.hadoop.ozone.protocolPB.OzoneManagerProtocolServerSideTranslatorPB.processRequest(OzoneManagerProtocolServerSideTranslatorPB.java:179) ~[ozone-manager-1.4.0-SNAPSHOT.jar:?]
	at org.apache.hadoop.hdds.server.OzoneProtocolMessageDispatcher.processRequest(OzoneProtocolMessageDispatcher.java:87) [hdds-server-framework-1.4.0-SNAPSHOT.jar:?]
	at org.apache.hadoop.ozone.protocolPB.OzoneManagerProtocolServerSideTranslatorPB.submitRequest(OzoneManagerProtocolServerSideTranslatorPB.java:148) [ozone-manager-1.4.0-SNAPSHOT.jar:?]
	at org.apache.hadoop.ozone.protocol.proto.OzoneManagerProtocolProtos$OzoneManagerService$2.callBlockingMethod(OzoneManagerProtocolProtos.java) [ozone-interface-client-1.4.0-SNAPSHOT.jar:?]
	at org.apache.hadoop.ipc.ProtobufRpcEngine$Server.processCall(ProtobufRpcEngine.java:484) [hadoop-common-3.3.6.jar:?]
	at org.apache.hadoop.ipc.ProtobufRpcEngine2$Server$ProtoBufRpcInvoker.call(ProtobufRpcEngine2.java:595) [hadoop-common-3.3.6.jar:?]
	at org.apache.hadoop.ipc.ProtobufRpcEngine2$Server$ProtoBufRpcInvoker.call(ProtobufRpcEngine2.java:573) [hadoop-common-3.3.6.jar:?]
	at org.apache.hadoop.ipc.RPC$Server.call(RPC.java:1227) [hadoop-common-3.3.6.jar:?]
	at org.apache.hadoop.ipc.Server$RpcCall.run(Server.java:1094) [hadoop-common-3.3.6.jar:?]
	at org.apache.hadoop.ipc.Server$RpcCall.run(Server.java:1017) [hadoop-common-3.3.6.jar:?]
	at java.security.AccessController.doPrivileged(Native Method) ~[?:1.8.0_382]
	at javax.security.auth.Subject.doAs(Subject.java:422) [?:1.8.0_382]
	at org.apache.hadoop.security.UserGroupInformation.doAs(UserGroupInformation.java:1899) [hadoop-common-3.3.6.jar:?]
	at org.apache.hadoop.ipc.Server$Handler.run(Server.java:3048) [hadoop-common-3.3.6.jar:?]
18:20:06.729 [IPC Server handler 10 on default port 15110] ERROR OMAudit - user=runner | ip=127.0.0.1 | op=GET_FILE_STATUS {volume=volume40966, bucket=bucket64934, key=user/runner/dir1, dataSize=0, replicationConfig=null} | ret=FAILURE
org.apache.hadoop.ozone.om.exceptions.OMException: Unable to get file status: volume: volume40966 bucket: bucket64934 key: user/runner/dir1
	at org.apache.hadoop.ozone.om.KeyManagerImpl.getOzoneFileStatus(KeyManagerImpl.java:1195) ~[ozone-manager-1.4.0-SNAPSHOT.jar:?]
	at org.apache.hadoop.ozone.om.KeyManagerImpl.getFileStatus(KeyManagerImpl.java:1113) ~[ozone-manager-1.4.0-SNAPSHOT.jar:?]
	at org.apache.hadoop.ozone.om.OmMetadataReader.getFileStatus(OmMetadataReader.java:262) ~[ozone-manager-1.4.0-SNAPSHOT.jar:?]
	at org.apache.hadoop.ozone.om.OzoneManager.getFileStatus(OzoneManager.java:3530) ~[ozone-manager-1.4.0-SNAPSHOT.jar:?]
	at org.apache.hadoop.ozone.protocolPB.OzoneManagerRequestHandler.getOzoneFileStatus(OzoneManagerRequestHandler.java:973) ~[ozone-manager-1.4.0-SNAPSHOT.jar:?]
	at org.apache.hadoop.ozone.protocolPB.OzoneManagerRequestHandler.handleReadRequest(OzoneManagerRequestHandler.java:252) ~[ozone-manager-1.4.0-SNAPSHOT.jar:?]
	at org.apache.hadoop.ozone.protocolPB.OzoneManagerProtocolServerSideTranslatorPB.submitReadRequestToOM(OzoneManagerProtocolServerSideTranslatorPB.java:225) ~[ozone-manager-1.4.0-SNAPSHOT.jar:?]
	at org.apache.hadoop.ozone.protocolPB.OzoneManagerProtocolServerSideTranslatorPB.processRequest(OzoneManagerProtocolServerSideTranslatorPB.java:179) ~[ozone-manager-1.4.0-SNAPSHOT.jar:?]
	at org.apache.hadoop.hdds.server.OzoneProtocolMessageDispatcher.processRequest(OzoneProtocolMessageDispatcher.java:87) [hdds-server-framework-1.4.0-SNAPSHOT.jar:?]
	at org.apache.hadoop.ozone.protocolPB.OzoneManagerProtocolServerSideTranslatorPB.submitRequest(OzoneManagerProtocolServerSideTranslatorPB.java:148) [ozone-manager-1.4.0-SNAPSHOT.jar:?]
	at org.apache.hadoop.ozone.protocol.proto.OzoneManagerProtocolProtos$OzoneManagerService$2.callBlockingMethod(OzoneManagerProtocolProtos.java) [ozone-interface-client-1.4.0-SNAPSHOT.jar:?]
	at org.apache.hadoop.ipc.ProtobufRpcEngine$Server.processCall(ProtobufRpcEngine.java:484) [hadoop-common-3.3.6.jar:?]
	at org.apache.hadoop.ipc.ProtobufRpcEngine2$Server$ProtoBufRpcInvoker.call(ProtobufRpcEngine2.java:595) [hadoop-common-3.3.6.jar:?]
	at org.apache.hadoop.ipc.ProtobufRpcEngine2$Server$ProtoBufRpcInvoker.call(ProtobufRpcEngine2.java:573) [hadoop-common-3.3.6.jar:?]
	at org.apache.hadoop.ipc.RPC$Server.call(RPC.java:1227) [hadoop-common-3.3.6.jar:?]
	at org.apache.hadoop.ipc.Server$RpcCall.run(Server.java:1094) [hadoop-common-3.3.6.jar:?]
	at org.apache.hadoop.ipc.Server$RpcCall.run(Server.java:1017) [hadoop-common-3.3.6.jar:?]
	at java.security.AccessController.doPrivileged(Native Method) ~[?:1.8.0_382]
	at javax.security.auth.Subject.doAs(Subject.java:422) [?:1.8.0_382]
	at org.apache.hadoop.security.UserGroupInformation.doAs(UserGroupInformation.java:1899) [hadoop-common-3.3.6.jar:?]
	at org.apache.hadoop.ipc.Server$Handler.run(Server.java:3048) [hadoop-common-3.3.6.jar:?]
18:20:06.730 [IPC Server handler 9 on default port 15110] ERROR OMAudit - user=runner | ip=127.0.0.1 | op=GET_FILE_STATUS {volume=volume40966, bucket=bucket64934, key=user/runner/dir1/dir2, dataSize=0, replicationConfig=null} | ret=FAILURE
org.apache.hadoop.ozone.om.exceptions.OMException: Unable to get file status: volume: volume40966 bucket: bucket64934 key: user/runner/dir1/dir2
	at org.apache.hadoop.ozone.om.KeyManagerImpl.getOzoneFileStatus(KeyManagerImpl.java:1195) ~[ozone-manager-1.4.0-SNAPSHOT.jar:?]
	at org.apache.hadoop.ozone.om.KeyManagerImpl.getFileStatus(KeyManagerImpl.java:1113) ~[ozone-manager-1.4.0-SNAPSHOT.jar:?]
	at org.apache.hadoop.ozone.om.OmMetadataReader.getFileStatus(OmMetadataReader.java:262) ~[ozone-manager-1.4.0-SNAPSHOT.jar:?]
	at org.apache.hadoop.ozone.om.OzoneManager.getFileStatus(OzoneManager.java:3530) ~[ozone-manager-1.4.0-SNAPSHOT.jar:?]
	at org.apache.hadoop.ozone.protocolPB.OzoneManagerRequestHandler.getOzoneFileStatus(OzoneManagerRequestHandler.java:973) ~[ozone-manager-1.4.0-SNAPSHOT.jar:?]
	at org.apache.hadoop.ozone.protocolPB.OzoneManagerRequestHandler.handleReadRequest(OzoneManagerRequestHandler.java:252) ~[ozone-manager-1.4.0-SNAPSHOT.jar:?]
	at org.apache.hadoop.ozone.protocolPB.OzoneManagerProtocolServerSideTranslatorPB.submitReadRequestToOM(OzoneManagerProtocolServerSideTranslatorPB.java:225) ~[ozone-manager-1.4.0-SNAPSHOT.jar:?]
	at org.apache.hadoop.ozone.protocolPB.OzoneManagerProtocolServerSideTranslatorPB.processRequest(OzoneManagerProtocolServerSideTranslatorPB.java:179) ~[ozone-manager-1.4.0-SNAPSHOT.jar:?]
	at org.apache.hadoop.hdds.server.OzoneProtocolMessageDispatcher.processRequest(OzoneProtocolMessageDispatcher.java:87) [hdds-server-framework-1.4.0-SNAPSHOT.jar:?]
	at org.apache.hadoop.ozone.protocolPB.OzoneManagerProtocolServerSideTranslatorPB.submitRequest(OzoneManagerProtocolServerSideTranslatorPB.java:148) [ozone-manager-1.4.0-SNAPSHOT.jar:?]
	at org.apache.hadoop.ozone.protocol.proto.OzoneManagerProtocolProtos$OzoneManagerService$2.callBlockingMethod(OzoneManagerProtocolProtos.java) [ozone-interface-client-1.4.0-SNAPSHOT.jar:?]
	at org.apache.hadoop.ipc.ProtobufRpcEngine$Server.processCall(ProtobufRpcEngine.java:484) [hadoop-common-3.3.6.jar:?]
	at org.apache.hadoop.ipc.ProtobufRpcEngine2$Server$ProtoBufRpcInvoker.call(ProtobufRpcEngine2.java:595) [hadoop-common-3.3.6.jar:?]
	at org.apache.hadoop.ipc.ProtobufRpcEngine2$Server$ProtoBufRpcInvoker.call(ProtobufRpcEngine2.java:573) [hadoop-common-3.3.6.jar:?]
	at org.apache.hadoop.ipc.RPC$Server.call(RPC.java:1227) [hadoop-common-3.3.6.jar:?]
	at org.apache.hadoop.ipc.Server$RpcCall.run(Server.java:1094) [hadoop-common-3.3.6.jar:?]
	at org.apache.hadoop.ipc.Server$RpcCall.run(Server.java:1017) [hadoop-common-3.3.6.jar:?]
	at java.security.AccessController.doPrivileged(Native Method) ~[?:1.8.0_382]
	at javax.security.auth.Subject.doAs(Subject.java:422) [?:1.8.0_382]
	at org.apache.hadoop.security.UserGroupInformation.doAs(UserGroupInformation.java:1899) [hadoop-common-3.3.6.jar:?]
	at org.apache.hadoop.ipc.Server$Handler.run(Server.java:3048) [hadoop-common-3.3.6.jar:?]
]]></system-out>
  </testcase>
  <testcase name="testRenameContainDelimiterFile" classname="TestOzoneFileSystem" time="0.026">
    <system-out><![CDATA[18:21:35.110 [IPC Server handler 1 on default port 15163] ERROR OMAudit - user=runner | ip=127.0.0.1 | op=GET_FILE_STATUS {volume=volume65627, bucket=bucket59265, key=dir1/dir2/key2, dataSize=0, replicationConfig=null} | ret=FAILURE
org.apache.hadoop.ozone.om.exceptions.OMException: Unable to get file status: volume: volume65627 bucket: bucket59265 key: dir1/dir2/key2
	at org.apache.hadoop.ozone.om.KeyManagerImpl.getOzoneFileStatus(KeyManagerImpl.java:1195) ~[ozone-manager-1.4.0-SNAPSHOT.jar:?]
	at org.apache.hadoop.ozone.om.KeyManagerImpl.getFileStatus(KeyManagerImpl.java:1113) ~[ozone-manager-1.4.0-SNAPSHOT.jar:?]
	at org.apache.hadoop.ozone.om.OmMetadataReader.getFileStatus(OmMetadataReader.java:262) ~[ozone-manager-1.4.0-SNAPSHOT.jar:?]
	at org.apache.hadoop.ozone.om.OzoneManager.getFileStatus(OzoneManager.java:3530) ~[ozone-manager-1.4.0-SNAPSHOT.jar:?]
	at org.apache.hadoop.ozone.protocolPB.OzoneManagerRequestHandler.getOzoneFileStatus(OzoneManagerRequestHandler.java:973) ~[ozone-manager-1.4.0-SNAPSHOT.jar:?]
	at org.apache.hadoop.ozone.protocolPB.OzoneManagerRequestHandler.handleReadRequest(OzoneManagerRequestHandler.java:252) ~[ozone-manager-1.4.0-SNAPSHOT.jar:?]
	at org.apache.hadoop.ozone.protocolPB.OzoneManagerProtocolServerSideTranslatorPB.submitRequestDirectlyToOM(OzoneManagerProtocolServerSideTranslatorPB.java:274) ~[ozone-manager-1.4.0-SNAPSHOT.jar:?]
	at org.apache.hadoop.ozone.protocolPB.OzoneManagerProtocolServerSideTranslatorPB.processRequest(OzoneManagerProtocolServerSideTranslatorPB.java:175) ~[ozone-manager-1.4.0-SNAPSHOT.jar:?]
	at org.apache.hadoop.hdds.server.OzoneProtocolMessageDispatcher.processRequest(OzoneProtocolMessageDispatcher.java:87) [hdds-server-framework-1.4.0-SNAPSHOT.jar:?]
	at org.apache.hadoop.ozone.protocolPB.OzoneManagerProtocolServerSideTranslatorPB.submitRequest(OzoneManagerProtocolServerSideTranslatorPB.java:148) [ozone-manager-1.4.0-SNAPSHOT.jar:?]
	at org.apache.hadoop.ozone.protocol.proto.OzoneManagerProtocolProtos$OzoneManagerService$2.callBlockingMethod(OzoneManagerProtocolProtos.java) [ozone-interface-client-1.4.0-SNAPSHOT.jar:?]
	at org.apache.hadoop.ipc.ProtobufRpcEngine$Server.processCall(ProtobufRpcEngine.java:484) [hadoop-common-3.3.6.jar:?]
	at org.apache.hadoop.ipc.ProtobufRpcEngine2$Server$ProtoBufRpcInvoker.call(ProtobufRpcEngine2.java:595) [hadoop-common-3.3.6.jar:?]
	at org.apache.hadoop.ipc.ProtobufRpcEngine2$Server$ProtoBufRpcInvoker.call(ProtobufRpcEngine2.java:573) [hadoop-common-3.3.6.jar:?]
	at org.apache.hadoop.ipc.RPC$Server.call(RPC.java:1227) [hadoop-common-3.3.6.jar:?]
	at org.apache.hadoop.ipc.Server$RpcCall.run(Server.java:1094) [hadoop-common-3.3.6.jar:?]
	at org.apache.hadoop.ipc.Server$RpcCall.run(Server.java:1017) [hadoop-common-3.3.6.jar:?]
	at java.security.AccessController.doPrivileged(Native Method) ~[?:1.8.0_382]
	at javax.security.auth.Subject.doAs(Subject.java:422) [?:1.8.0_382]
	at org.apache.hadoop.security.UserGroupInformation.doAs(UserGroupInformation.java:1899) [hadoop-common-3.3.6.jar:?]
	at org.apache.hadoop.ipc.Server$Handler.run(Server.java:3048) [hadoop-common-3.3.6.jar:?]
18:21:35.116 [IPC Server handler 9 on default port 15163] ERROR OMAudit - user=runner | ip=127.0.0.1 | op=GET_FILE_STATUS {volume=volume65627, bucket=bucket59265, key=dir1/dir2/key1, dataSize=0, replicationConfig=null} | ret=FAILURE
org.apache.hadoop.ozone.om.exceptions.OMException: Unable to get file status: volume: volume65627 bucket: bucket59265 key: dir1/dir2/key1
	at org.apache.hadoop.ozone.om.KeyManagerImpl.getOzoneFileStatus(KeyManagerImpl.java:1195) ~[ozone-manager-1.4.0-SNAPSHOT.jar:?]
	at org.apache.hadoop.ozone.om.KeyManagerImpl.getFileStatus(KeyManagerImpl.java:1113) ~[ozone-manager-1.4.0-SNAPSHOT.jar:?]
	at org.apache.hadoop.ozone.om.OmMetadataReader.getFileStatus(OmMetadataReader.java:262) ~[ozone-manager-1.4.0-SNAPSHOT.jar:?]
	at org.apache.hadoop.ozone.om.OzoneManager.getFileStatus(OzoneManager.java:3530) ~[ozone-manager-1.4.0-SNAPSHOT.jar:?]
	at org.apache.hadoop.ozone.protocolPB.OzoneManagerRequestHandler.getOzoneFileStatus(OzoneManagerRequestHandler.java:973) ~[ozone-manager-1.4.0-SNAPSHOT.jar:?]
	at org.apache.hadoop.ozone.protocolPB.OzoneManagerRequestHandler.handleReadRequest(OzoneManagerRequestHandler.java:252) ~[ozone-manager-1.4.0-SNAPSHOT.jar:?]
	at org.apache.hadoop.ozone.protocolPB.OzoneManagerProtocolServerSideTranslatorPB.submitRequestDirectlyToOM(OzoneManagerProtocolServerSideTranslatorPB.java:274) ~[ozone-manager-1.4.0-SNAPSHOT.jar:?]
	at org.apache.hadoop.ozone.protocolPB.OzoneManagerProtocolServerSideTranslatorPB.processRequest(OzoneManagerProtocolServerSideTranslatorPB.java:175) ~[ozone-manager-1.4.0-SNAPSHOT.jar:?]
	at org.apache.hadoop.hdds.server.OzoneProtocolMessageDispatcher.processRequest(OzoneProtocolMessageDispatcher.java:87) [hdds-server-framework-1.4.0-SNAPSHOT.jar:?]
	at org.apache.hadoop.ozone.protocolPB.OzoneManagerProtocolServerSideTranslatorPB.submitRequest(OzoneManagerProtocolServerSideTranslatorPB.java:148) [ozone-manager-1.4.0-SNAPSHOT.jar:?]
	at org.apache.hadoop.ozone.protocol.proto.OzoneManagerProtocolProtos$OzoneManagerService$2.callBlockingMethod(OzoneManagerProtocolProtos.java) [ozone-interface-client-1.4.0-SNAPSHOT.jar:?]
	at org.apache.hadoop.ipc.ProtobufRpcEngine$Server.processCall(ProtobufRpcEngine.java:484) [hadoop-common-3.3.6.jar:?]
	at org.apache.hadoop.ipc.ProtobufRpcEngine2$Server$ProtoBufRpcInvoker.call(ProtobufRpcEngine2.java:595) [hadoop-common-3.3.6.jar:?]
	at org.apache.hadoop.ipc.ProtobufRpcEngine2$Server$ProtoBufRpcInvoker.call(ProtobufRpcEngine2.java:573) [hadoop-common-3.3.6.jar:?]
	at org.apache.hadoop.ipc.RPC$Server.call(RPC.java:1227) [hadoop-common-3.3.6.jar:?]
	at org.apache.hadoop.ipc.Server$RpcCall.run(Server.java:1094) [hadoop-common-3.3.6.jar:?]
	at org.apache.hadoop.ipc.Server$RpcCall.run(Server.java:1017) [hadoop-common-3.3.6.jar:?]
	at java.security.AccessController.doPrivileged(Native Method) ~[?:1.8.0_382]
	at javax.security.auth.Subject.doAs(Subject.java:422) [?:1.8.0_382]
	at org.apache.hadoop.security.UserGroupInformation.doAs(UserGroupInformation.java:1899) [hadoop-common-3.3.6.jar:?]
	at org.apache.hadoop.ipc.Server$Handler.run(Server.java:3048) [hadoop-common-3.3.6.jar:?]
18:21:35.118 [IPC Server handler 10 on default port 15163] ERROR OMAudit - user=runner | ip=127.0.0.1 | op=GET_FILE_STATUS {volume=volume65627, bucket=bucket59265, key=user/runner/dir1, dataSize=0, replicationConfig=null} | ret=FAILURE
org.apache.hadoop.ozone.om.exceptions.OMException: Unable to get file status: volume: volume65627 bucket: bucket59265 key: user/runner/dir1
	at org.apache.hadoop.ozone.om.KeyManagerImpl.getOzoneFileStatus(KeyManagerImpl.java:1195) ~[ozone-manager-1.4.0-SNAPSHOT.jar:?]
	at org.apache.hadoop.ozone.om.KeyManagerImpl.getFileStatus(KeyManagerImpl.java:1113) ~[ozone-manager-1.4.0-SNAPSHOT.jar:?]
	at org.apache.hadoop.ozone.om.OmMetadataReader.getFileStatus(OmMetadataReader.java:262) ~[ozone-manager-1.4.0-SNAPSHOT.jar:?]
	at org.apache.hadoop.ozone.om.OzoneManager.getFileStatus(OzoneManager.java:3530) ~[ozone-manager-1.4.0-SNAPSHOT.jar:?]
	at org.apache.hadoop.ozone.protocolPB.OzoneManagerRequestHandler.getOzoneFileStatus(OzoneManagerRequestHandler.java:973) ~[ozone-manager-1.4.0-SNAPSHOT.jar:?]
	at org.apache.hadoop.ozone.protocolPB.OzoneManagerRequestHandler.handleReadRequest(OzoneManagerRequestHandler.java:252) ~[ozone-manager-1.4.0-SNAPSHOT.jar:?]
	at org.apache.hadoop.ozone.protocolPB.OzoneManagerProtocolServerSideTranslatorPB.submitRequestDirectlyToOM(OzoneManagerProtocolServerSideTranslatorPB.java:274) ~[ozone-manager-1.4.0-SNAPSHOT.jar:?]
	at org.apache.hadoop.ozone.protocolPB.OzoneManagerProtocolServerSideTranslatorPB.processRequest(OzoneManagerProtocolServerSideTranslatorPB.java:175) ~[ozone-manager-1.4.0-SNAPSHOT.jar:?]
	at org.apache.hadoop.hdds.server.OzoneProtocolMessageDispatcher.processRequest(OzoneProtocolMessageDispatcher.java:87) [hdds-server-framework-1.4.0-SNAPSHOT.jar:?]
	at org.apache.hadoop.ozone.protocolPB.OzoneManagerProtocolServerSideTranslatorPB.submitRequest(OzoneManagerProtocolServerSideTranslatorPB.java:148) [ozone-manager-1.4.0-SNAPSHOT.jar:?]
	at org.apache.hadoop.ozone.protocol.proto.OzoneManagerProtocolProtos$OzoneManagerService$2.callBlockingMethod(OzoneManagerProtocolProtos.java) [ozone-interface-client-1.4.0-SNAPSHOT.jar:?]
	at org.apache.hadoop.ipc.ProtobufRpcEngine$Server.processCall(ProtobufRpcEngine.java:484) [hadoop-common-3.3.6.jar:?]
	at org.apache.hadoop.ipc.ProtobufRpcEngine2$Server$ProtoBufRpcInvoker.call(ProtobufRpcEngine2.java:595) [hadoop-common-3.3.6.jar:?]
	at org.apache.hadoop.ipc.ProtobufRpcEngine2$Server$ProtoBufRpcInvoker.call(ProtobufRpcEngine2.java:573) [hadoop-common-3.3.6.jar:?]
	at org.apache.hadoop.ipc.RPC$Server.call(RPC.java:1227) [hadoop-common-3.3.6.jar:?]
	at org.apache.hadoop.ipc.Server$RpcCall.run(Server.java:1094) [hadoop-common-3.3.6.jar:?]
	at org.apache.hadoop.ipc.Server$RpcCall.run(Server.java:1017) [hadoop-common-3.3.6.jar:?]
	at java.security.AccessController.doPrivileged(Native Method) ~[?:1.8.0_382]
	at javax.security.auth.Subject.doAs(Subject.java:422) [?:1.8.0_382]
	at org.apache.hadoop.security.UserGroupInformation.doAs(UserGroupInformation.java:1899) [hadoop-common-3.3.6.jar:?]
	at org.apache.hadoop.ipc.Server$Handler.run(Server.java:3048) [hadoop-common-3.3.6.jar:?]
18:21:35.119 [IPC Server handler 12 on default port 15163] ERROR OMAudit - user=runner | ip=127.0.0.1 | op=GET_FILE_STATUS {volume=volume65627, bucket=bucket59265, key=user/runner/dir1/dir2, dataSize=0, replicationConfig=null} | ret=FAILURE
org.apache.hadoop.ozone.om.exceptions.OMException: Unable to get file status: volume: volume65627 bucket: bucket59265 key: user/runner/dir1/dir2
	at org.apache.hadoop.ozone.om.KeyManagerImpl.getOzoneFileStatus(KeyManagerImpl.java:1195) ~[ozone-manager-1.4.0-SNAPSHOT.jar:?]
	at org.apache.hadoop.ozone.om.KeyManagerImpl.getFileStatus(KeyManagerImpl.java:1113) ~[ozone-manager-1.4.0-SNAPSHOT.jar:?]
	at org.apache.hadoop.ozone.om.OmMetadataReader.getFileStatus(OmMetadataReader.java:262) ~[ozone-manager-1.4.0-SNAPSHOT.jar:?]
	at org.apache.hadoop.ozone.om.OzoneManager.getFileStatus(OzoneManager.java:3530) ~[ozone-manager-1.4.0-SNAPSHOT.jar:?]
	at org.apache.hadoop.ozone.protocolPB.OzoneManagerRequestHandler.getOzoneFileStatus(OzoneManagerRequestHandler.java:973) ~[ozone-manager-1.4.0-SNAPSHOT.jar:?]
	at org.apache.hadoop.ozone.protocolPB.OzoneManagerRequestHandler.handleReadRequest(OzoneManagerRequestHandler.java:252) ~[ozone-manager-1.4.0-SNAPSHOT.jar:?]
	at org.apache.hadoop.ozone.protocolPB.OzoneManagerProtocolServerSideTranslatorPB.submitRequestDirectlyToOM(OzoneManagerProtocolServerSideTranslatorPB.java:274) ~[ozone-manager-1.4.0-SNAPSHOT.jar:?]
	at org.apache.hadoop.ozone.protocolPB.OzoneManagerProtocolServerSideTranslatorPB.processRequest(OzoneManagerProtocolServerSideTranslatorPB.java:175) ~[ozone-manager-1.4.0-SNAPSHOT.jar:?]
	at org.apache.hadoop.hdds.server.OzoneProtocolMessageDispatcher.processRequest(OzoneProtocolMessageDispatcher.java:87) [hdds-server-framework-1.4.0-SNAPSHOT.jar:?]
	at org.apache.hadoop.ozone.protocolPB.OzoneManagerProtocolServerSideTranslatorPB.submitRequest(OzoneManagerProtocolServerSideTranslatorPB.java:148) [ozone-manager-1.4.0-SNAPSHOT.jar:?]
	at org.apache.hadoop.ozone.protocol.proto.OzoneManagerProtocolProtos$OzoneManagerService$2.callBlockingMethod(OzoneManagerProtocolProtos.java) [ozone-interface-client-1.4.0-SNAPSHOT.jar:?]
	at org.apache.hadoop.ipc.ProtobufRpcEngine$Server.processCall(ProtobufRpcEngine.java:484) [hadoop-common-3.3.6.jar:?]
	at org.apache.hadoop.ipc.ProtobufRpcEngine2$Server$ProtoBufRpcInvoker.call(ProtobufRpcEngine2.java:595) [hadoop-common-3.3.6.jar:?]
	at org.apache.hadoop.ipc.ProtobufRpcEngine2$Server$ProtoBufRpcInvoker.call(ProtobufRpcEngine2.java:573) [hadoop-common-3.3.6.jar:?]
	at org.apache.hadoop.ipc.RPC$Server.call(RPC.java:1227) [hadoop-common-3.3.6.jar:?]
	at org.apache.hadoop.ipc.Server$RpcCall.run(Server.java:1094) [hadoop-common-3.3.6.jar:?]
	at org.apache.hadoop.ipc.Server$RpcCall.run(Server.java:1017) [hadoop-common-3.3.6.jar:?]
	at java.security.AccessController.doPrivileged(Native Method) ~[?:1.8.0_382]
	at javax.security.auth.Subject.doAs(Subject.java:422) [?:1.8.0_382]
	at org.apache.hadoop.security.UserGroupInformation.doAs(UserGroupInformation.java:1899) [hadoop-common-3.3.6.jar:?]
	at org.apache.hadoop.ipc.Server$Handler.run(Server.java:3048) [hadoop-common-3.3.6.jar:?]
]]></system-out>
  </testcase>
  <testcase name="testMakeDirsWithAnFakeDirectory" classname="TestOzoneFileSystem" time="0.058">
    <system-out><![CDATA[18:17:03.220 [IPC Server handler 8 on default port 15004] ERROR OMAudit - user=runner | ip=127.0.0.1 | op=GET_FILE_STATUS {volume=volume59479, bucket=bucket48122, key=user/runner/dir1/dir2, dataSize=0, replicationConfig=null} | ret=FAILURE
org.apache.hadoop.ozone.om.exceptions.OMException: Unable to get file status: volume: volume59479 bucket: bucket48122 key: user/runner/dir1/dir2
	at org.apache.hadoop.ozone.om.KeyManagerImpl.getOzoneFileStatus(KeyManagerImpl.java:1195) ~[ozone-manager-1.4.0-SNAPSHOT.jar:?]
	at org.apache.hadoop.ozone.om.KeyManagerImpl.getFileStatus(KeyManagerImpl.java:1113) ~[ozone-manager-1.4.0-SNAPSHOT.jar:?]
	at org.apache.hadoop.ozone.om.OmMetadataReader.getFileStatus(OmMetadataReader.java:262) ~[ozone-manager-1.4.0-SNAPSHOT.jar:?]
	at org.apache.hadoop.ozone.om.OzoneManager.getFileStatus(OzoneManager.java:3530) ~[ozone-manager-1.4.0-SNAPSHOT.jar:?]
	at org.apache.hadoop.ozone.protocolPB.OzoneManagerRequestHandler.getOzoneFileStatus(OzoneManagerRequestHandler.java:973) ~[ozone-manager-1.4.0-SNAPSHOT.jar:?]
	at org.apache.hadoop.ozone.protocolPB.OzoneManagerRequestHandler.handleReadRequest(OzoneManagerRequestHandler.java:252) ~[ozone-manager-1.4.0-SNAPSHOT.jar:?]
	at org.apache.hadoop.ozone.protocolPB.OzoneManagerProtocolServerSideTranslatorPB.submitReadRequestToOM(OzoneManagerProtocolServerSideTranslatorPB.java:225) ~[ozone-manager-1.4.0-SNAPSHOT.jar:?]
	at org.apache.hadoop.ozone.protocolPB.OzoneManagerProtocolServerSideTranslatorPB.processRequest(OzoneManagerProtocolServerSideTranslatorPB.java:179) ~[ozone-manager-1.4.0-SNAPSHOT.jar:?]
	at org.apache.hadoop.hdds.server.OzoneProtocolMessageDispatcher.processRequest(OzoneProtocolMessageDispatcher.java:87) [hdds-server-framework-1.4.0-SNAPSHOT.jar:?]
	at org.apache.hadoop.ozone.protocolPB.OzoneManagerProtocolServerSideTranslatorPB.submitRequest(OzoneManagerProtocolServerSideTranslatorPB.java:148) [ozone-manager-1.4.0-SNAPSHOT.jar:?]
	at org.apache.hadoop.ozone.protocol.proto.OzoneManagerProtocolProtos$OzoneManagerService$2.callBlockingMethod(OzoneManagerProtocolProtos.java) [ozone-interface-client-1.4.0-SNAPSHOT.jar:?]
	at org.apache.hadoop.ipc.ProtobufRpcEngine$Server.processCall(ProtobufRpcEngine.java:484) [hadoop-common-3.3.6.jar:?]
	at org.apache.hadoop.ipc.ProtobufRpcEngine2$Server$ProtoBufRpcInvoker.call(ProtobufRpcEngine2.java:595) [hadoop-common-3.3.6.jar:?]
	at org.apache.hadoop.ipc.ProtobufRpcEngine2$Server$ProtoBufRpcInvoker.call(ProtobufRpcEngine2.java:573) [hadoop-common-3.3.6.jar:?]
	at org.apache.hadoop.ipc.RPC$Server.call(RPC.java:1227) [hadoop-common-3.3.6.jar:?]
	at org.apache.hadoop.ipc.Server$RpcCall.run(Server.java:1094) [hadoop-common-3.3.6.jar:?]
	at org.apache.hadoop.ipc.Server$RpcCall.run(Server.java:1017) [hadoop-common-3.3.6.jar:?]
	at java.security.AccessController.doPrivileged(Native Method) ~[?:1.8.0_382]
	at javax.security.auth.Subject.doAs(Subject.java:422) [?:1.8.0_382]
	at org.apache.hadoop.security.UserGroupInformation.doAs(UserGroupInformation.java:1899) [hadoop-common-3.3.6.jar:?]
	at org.apache.hadoop.ipc.Server$Handler.run(Server.java:3048) [hadoop-common-3.3.6.jar:?]
]]></system-out>
  </testcase>
  <testcase name="testMakeDirsWithAnFakeDirectory" classname="TestOzoneFileSystem" time="0.026">
    <system-out><![CDATA[18:18:47.734 [IPC Server handler 6 on default port 15057] ERROR OMAudit - user=runner | ip=127.0.0.1 | op=GET_FILE_STATUS {volume=volume38115, bucket=bucket38025, key=user/runner/dir1/dir2, dataSize=0, replicationConfig=null} | ret=FAILURE
org.apache.hadoop.ozone.om.exceptions.OMException: Unable to get file status: volume: volume38115 bucket: bucket38025 key: user/runner/dir1/dir2
	at org.apache.hadoop.ozone.om.KeyManagerImpl.getOzoneFileStatus(KeyManagerImpl.java:1195) ~[ozone-manager-1.4.0-SNAPSHOT.jar:?]
	at org.apache.hadoop.ozone.om.KeyManagerImpl.getFileStatus(KeyManagerImpl.java:1113) ~[ozone-manager-1.4.0-SNAPSHOT.jar:?]
	at org.apache.hadoop.ozone.om.OmMetadataReader.getFileStatus(OmMetadataReader.java:262) ~[ozone-manager-1.4.0-SNAPSHOT.jar:?]
	at org.apache.hadoop.ozone.om.OzoneManager.getFileStatus(OzoneManager.java:3530) ~[ozone-manager-1.4.0-SNAPSHOT.jar:?]
	at org.apache.hadoop.ozone.protocolPB.OzoneManagerRequestHandler.getOzoneFileStatus(OzoneManagerRequestHandler.java:973) ~[ozone-manager-1.4.0-SNAPSHOT.jar:?]
	at org.apache.hadoop.ozone.protocolPB.OzoneManagerRequestHandler.handleReadRequest(OzoneManagerRequestHandler.java:252) ~[ozone-manager-1.4.0-SNAPSHOT.jar:?]
	at org.apache.hadoop.ozone.protocolPB.OzoneManagerProtocolServerSideTranslatorPB.submitRequestDirectlyToOM(OzoneManagerProtocolServerSideTranslatorPB.java:274) ~[ozone-manager-1.4.0-SNAPSHOT.jar:?]
	at org.apache.hadoop.ozone.protocolPB.OzoneManagerProtocolServerSideTranslatorPB.processRequest(OzoneManagerProtocolServerSideTranslatorPB.java:175) ~[ozone-manager-1.4.0-SNAPSHOT.jar:?]
	at org.apache.hadoop.hdds.server.OzoneProtocolMessageDispatcher.processRequest(OzoneProtocolMessageDispatcher.java:87) [hdds-server-framework-1.4.0-SNAPSHOT.jar:?]
	at org.apache.hadoop.ozone.protocolPB.OzoneManagerProtocolServerSideTranslatorPB.submitRequest(OzoneManagerProtocolServerSideTranslatorPB.java:148) [ozone-manager-1.4.0-SNAPSHOT.jar:?]
	at org.apache.hadoop.ozone.protocol.proto.OzoneManagerProtocolProtos$OzoneManagerService$2.callBlockingMethod(OzoneManagerProtocolProtos.java) [ozone-interface-client-1.4.0-SNAPSHOT.jar:?]
	at org.apache.hadoop.ipc.ProtobufRpcEngine$Server.processCall(ProtobufRpcEngine.java:484) [hadoop-common-3.3.6.jar:?]
	at org.apache.hadoop.ipc.ProtobufRpcEngine2$Server$ProtoBufRpcInvoker.call(ProtobufRpcEngine2.java:595) [hadoop-common-3.3.6.jar:?]
	at org.apache.hadoop.ipc.ProtobufRpcEngine2$Server$ProtoBufRpcInvoker.call(ProtobufRpcEngine2.java:573) [hadoop-common-3.3.6.jar:?]
	at org.apache.hadoop.ipc.RPC$Server.call(RPC.java:1227) [hadoop-common-3.3.6.jar:?]
	at org.apache.hadoop.ipc.Server$RpcCall.run(Server.java:1094) [hadoop-common-3.3.6.jar:?]
	at org.apache.hadoop.ipc.Server$RpcCall.run(Server.java:1017) [hadoop-common-3.3.6.jar:?]
	at java.security.AccessController.doPrivileged(Native Method) ~[?:1.8.0_382]
	at javax.security.auth.Subject.doAs(Subject.java:422) [?:1.8.0_382]
	at org.apache.hadoop.security.UserGroupInformation.doAs(UserGroupInformation.java:1899) [hadoop-common-3.3.6.jar:?]
	at org.apache.hadoop.ipc.Server$Handler.run(Server.java:3048) [hadoop-common-3.3.6.jar:?]
]]></system-out>
  </testcase>
  <testcase name="testMakeDirsWithAnFakeDirectory" classname="TestOzoneFileSystem" time="0.027">
    <system-out><![CDATA[18:20:06.746 [IPC Server handler 18 on default port 15110] ERROR OMAudit - user=runner | ip=127.0.0.1 | op=GET_FILE_STATUS {volume=volume40966, bucket=bucket64934, key=user/runner/dir1/dir2, dataSize=0, replicationConfig=null} | ret=FAILURE
org.apache.hadoop.ozone.om.exceptions.OMException: Unable to get file status: volume: volume40966 bucket: bucket64934 key: user/runner/dir1/dir2
	at org.apache.hadoop.ozone.om.KeyManagerImpl.getOzoneFileStatus(KeyManagerImpl.java:1195) ~[ozone-manager-1.4.0-SNAPSHOT.jar:?]
	at org.apache.hadoop.ozone.om.KeyManagerImpl.getFileStatus(KeyManagerImpl.java:1113) ~[ozone-manager-1.4.0-SNAPSHOT.jar:?]
	at org.apache.hadoop.ozone.om.OmMetadataReader.getFileStatus(OmMetadataReader.java:262) ~[ozone-manager-1.4.0-SNAPSHOT.jar:?]
	at org.apache.hadoop.ozone.om.OzoneManager.getFileStatus(OzoneManager.java:3530) ~[ozone-manager-1.4.0-SNAPSHOT.jar:?]
	at org.apache.hadoop.ozone.protocolPB.OzoneManagerRequestHandler.getOzoneFileStatus(OzoneManagerRequestHandler.java:973) ~[ozone-manager-1.4.0-SNAPSHOT.jar:?]
	at org.apache.hadoop.ozone.protocolPB.OzoneManagerRequestHandler.handleReadRequest(OzoneManagerRequestHandler.java:252) ~[ozone-manager-1.4.0-SNAPSHOT.jar:?]
	at org.apache.hadoop.ozone.protocolPB.OzoneManagerProtocolServerSideTranslatorPB.submitReadRequestToOM(OzoneManagerProtocolServerSideTranslatorPB.java:225) ~[ozone-manager-1.4.0-SNAPSHOT.jar:?]
	at org.apache.hadoop.ozone.protocolPB.OzoneManagerProtocolServerSideTranslatorPB.processRequest(OzoneManagerProtocolServerSideTranslatorPB.java:179) ~[ozone-manager-1.4.0-SNAPSHOT.jar:?]
	at org.apache.hadoop.hdds.server.OzoneProtocolMessageDispatcher.processRequest(OzoneProtocolMessageDispatcher.java:87) [hdds-server-framework-1.4.0-SNAPSHOT.jar:?]
	at org.apache.hadoop.ozone.protocolPB.OzoneManagerProtocolServerSideTranslatorPB.submitRequest(OzoneManagerProtocolServerSideTranslatorPB.java:148) [ozone-manager-1.4.0-SNAPSHOT.jar:?]
	at org.apache.hadoop.ozone.protocol.proto.OzoneManagerProtocolProtos$OzoneManagerService$2.callBlockingMethod(OzoneManagerProtocolProtos.java) [ozone-interface-client-1.4.0-SNAPSHOT.jar:?]
	at org.apache.hadoop.ipc.ProtobufRpcEngine$Server.processCall(ProtobufRpcEngine.java:484) [hadoop-common-3.3.6.jar:?]
	at org.apache.hadoop.ipc.ProtobufRpcEngine2$Server$ProtoBufRpcInvoker.call(ProtobufRpcEngine2.java:595) [hadoop-common-3.3.6.jar:?]
	at org.apache.hadoop.ipc.ProtobufRpcEngine2$Server$ProtoBufRpcInvoker.call(ProtobufRpcEngine2.java:573) [hadoop-common-3.3.6.jar:?]
	at org.apache.hadoop.ipc.RPC$Server.call(RPC.java:1227) [hadoop-common-3.3.6.jar:?]
	at org.apache.hadoop.ipc.Server$RpcCall.run(Server.java:1094) [hadoop-common-3.3.6.jar:?]
	at org.apache.hadoop.ipc.Server$RpcCall.run(Server.java:1017) [hadoop-common-3.3.6.jar:?]
	at java.security.AccessController.doPrivileged(Native Method) ~[?:1.8.0_382]
	at javax.security.auth.Subject.doAs(Subject.java:422) [?:1.8.0_382]
	at org.apache.hadoop.security.UserGroupInformation.doAs(UserGroupInformation.java:1899) [hadoop-common-3.3.6.jar:?]
	at org.apache.hadoop.ipc.Server$Handler.run(Server.java:3048) [hadoop-common-3.3.6.jar:?]
]]></system-out>
  </testcase>
  <testcase name="testMakeDirsWithAnFakeDirectory" classname="TestOzoneFileSystem" time="0.02">
    <system-out><![CDATA[18:21:35.133 [IPC Server handler 0 on default port 15163] ERROR OMAudit - user=runner | ip=127.0.0.1 | op=GET_FILE_STATUS {volume=volume65627, bucket=bucket59265, key=user/runner/dir1/dir2, dataSize=0, replicationConfig=null} | ret=FAILURE
org.apache.hadoop.ozone.om.exceptions.OMException: Unable to get file status: volume: volume65627 bucket: bucket59265 key: user/runner/dir1/dir2
	at org.apache.hadoop.ozone.om.KeyManagerImpl.getOzoneFileStatus(KeyManagerImpl.java:1195) ~[ozone-manager-1.4.0-SNAPSHOT.jar:?]
	at org.apache.hadoop.ozone.om.KeyManagerImpl.getFileStatus(KeyManagerImpl.java:1113) ~[ozone-manager-1.4.0-SNAPSHOT.jar:?]
	at org.apache.hadoop.ozone.om.OmMetadataReader.getFileStatus(OmMetadataReader.java:262) ~[ozone-manager-1.4.0-SNAPSHOT.jar:?]
	at org.apache.hadoop.ozone.om.OzoneManager.getFileStatus(OzoneManager.java:3530) ~[ozone-manager-1.4.0-SNAPSHOT.jar:?]
	at org.apache.hadoop.ozone.protocolPB.OzoneManagerRequestHandler.getOzoneFileStatus(OzoneManagerRequestHandler.java:973) ~[ozone-manager-1.4.0-SNAPSHOT.jar:?]
	at org.apache.hadoop.ozone.protocolPB.OzoneManagerRequestHandler.handleReadRequest(OzoneManagerRequestHandler.java:252) ~[ozone-manager-1.4.0-SNAPSHOT.jar:?]
	at org.apache.hadoop.ozone.protocolPB.OzoneManagerProtocolServerSideTranslatorPB.submitRequestDirectlyToOM(OzoneManagerProtocolServerSideTranslatorPB.java:274) ~[ozone-manager-1.4.0-SNAPSHOT.jar:?]
	at org.apache.hadoop.ozone.protocolPB.OzoneManagerProtocolServerSideTranslatorPB.processRequest(OzoneManagerProtocolServerSideTranslatorPB.java:175) ~[ozone-manager-1.4.0-SNAPSHOT.jar:?]
	at org.apache.hadoop.hdds.server.OzoneProtocolMessageDispatcher.processRequest(OzoneProtocolMessageDispatcher.java:87) [hdds-server-framework-1.4.0-SNAPSHOT.jar:?]
	at org.apache.hadoop.ozone.protocolPB.OzoneManagerProtocolServerSideTranslatorPB.submitRequest(OzoneManagerProtocolServerSideTranslatorPB.java:148) [ozone-manager-1.4.0-SNAPSHOT.jar:?]
	at org.apache.hadoop.ozone.protocol.proto.OzoneManagerProtocolProtos$OzoneManagerService$2.callBlockingMethod(OzoneManagerProtocolProtos.java) [ozone-interface-client-1.4.0-SNAPSHOT.jar:?]
	at org.apache.hadoop.ipc.ProtobufRpcEngine$Server.processCall(ProtobufRpcEngine.java:484) [hadoop-common-3.3.6.jar:?]
	at org.apache.hadoop.ipc.ProtobufRpcEngine2$Server$ProtoBufRpcInvoker.call(ProtobufRpcEngine2.java:595) [hadoop-common-3.3.6.jar:?]
	at org.apache.hadoop.ipc.ProtobufRpcEngine2$Server$ProtoBufRpcInvoker.call(ProtobufRpcEngine2.java:573) [hadoop-common-3.3.6.jar:?]
	at org.apache.hadoop.ipc.RPC$Server.call(RPC.java:1227) [hadoop-common-3.3.6.jar:?]
	at org.apache.hadoop.ipc.Server$RpcCall.run(Server.java:1094) [hadoop-common-3.3.6.jar:?]
	at org.apache.hadoop.ipc.Server$RpcCall.run(Server.java:1017) [hadoop-common-3.3.6.jar:?]
	at java.security.AccessController.doPrivileged(Native Method) ~[?:1.8.0_382]
	at javax.security.auth.Subject.doAs(Subject.java:422) [?:1.8.0_382]
	at org.apache.hadoop.security.UserGroupInformation.doAs(UserGroupInformation.java:1899) [hadoop-common-3.3.6.jar:?]
	at org.apache.hadoop.ipc.Server$Handler.run(Server.java:3048) [hadoop-common-3.3.6.jar:?]
]]></system-out>
  </testcase>
  <testcase name="testFileDelete" classname="TestOzoneFileSystem" time="0.272">
    <system-out><![CDATA[18:17:03.494 [IPC Server handler 10 on default port 15004] ERROR OMAudit - user=runner | ip=127.0.0.1 | op=GET_FILE_STATUS {volume=volume59479, bucket=bucket48122, key=testBatchDelete, dataSize=0, replicationConfig=null} | ret=FAILURE
org.apache.hadoop.ozone.om.exceptions.OMException: Unable to get file status: volume: volume59479 bucket: bucket48122 key: testBatchDelete
	at org.apache.hadoop.ozone.om.KeyManagerImpl.getOzoneFileStatus(KeyManagerImpl.java:1195) ~[ozone-manager-1.4.0-SNAPSHOT.jar:?]
	at org.apache.hadoop.ozone.om.KeyManagerImpl.getFileStatus(KeyManagerImpl.java:1113) ~[ozone-manager-1.4.0-SNAPSHOT.jar:?]
	at org.apache.hadoop.ozone.om.OmMetadataReader.getFileStatus(OmMetadataReader.java:262) ~[ozone-manager-1.4.0-SNAPSHOT.jar:?]
	at org.apache.hadoop.ozone.om.OzoneManager.getFileStatus(OzoneManager.java:3530) ~[ozone-manager-1.4.0-SNAPSHOT.jar:?]
	at org.apache.hadoop.ozone.protocolPB.OzoneManagerRequestHandler.getOzoneFileStatus(OzoneManagerRequestHandler.java:973) ~[ozone-manager-1.4.0-SNAPSHOT.jar:?]
	at org.apache.hadoop.ozone.protocolPB.OzoneManagerRequestHandler.handleReadRequest(OzoneManagerRequestHandler.java:252) ~[ozone-manager-1.4.0-SNAPSHOT.jar:?]
	at org.apache.hadoop.ozone.protocolPB.OzoneManagerProtocolServerSideTranslatorPB.submitReadRequestToOM(OzoneManagerProtocolServerSideTranslatorPB.java:225) ~[ozone-manager-1.4.0-SNAPSHOT.jar:?]
	at org.apache.hadoop.ozone.protocolPB.OzoneManagerProtocolServerSideTranslatorPB.processRequest(OzoneManagerProtocolServerSideTranslatorPB.java:179) ~[ozone-manager-1.4.0-SNAPSHOT.jar:?]
	at org.apache.hadoop.hdds.server.OzoneProtocolMessageDispatcher.processRequest(OzoneProtocolMessageDispatcher.java:87) [hdds-server-framework-1.4.0-SNAPSHOT.jar:?]
	at org.apache.hadoop.ozone.protocolPB.OzoneManagerProtocolServerSideTranslatorPB.submitRequest(OzoneManagerProtocolServerSideTranslatorPB.java:148) [ozone-manager-1.4.0-SNAPSHOT.jar:?]
	at org.apache.hadoop.ozone.protocol.proto.OzoneManagerProtocolProtos$OzoneManagerService$2.callBlockingMethod(OzoneManagerProtocolProtos.java) [ozone-interface-client-1.4.0-SNAPSHOT.jar:?]
	at org.apache.hadoop.ipc.ProtobufRpcEngine$Server.processCall(ProtobufRpcEngine.java:484) [hadoop-common-3.3.6.jar:?]
	at org.apache.hadoop.ipc.ProtobufRpcEngine2$Server$ProtoBufRpcInvoker.call(ProtobufRpcEngine2.java:595) [hadoop-common-3.3.6.jar:?]
	at org.apache.hadoop.ipc.ProtobufRpcEngine2$Server$ProtoBufRpcInvoker.call(ProtobufRpcEngine2.java:573) [hadoop-common-3.3.6.jar:?]
	at org.apache.hadoop.ipc.RPC$Server.call(RPC.java:1227) [hadoop-common-3.3.6.jar:?]
	at org.apache.hadoop.ipc.Server$RpcCall.run(Server.java:1094) [hadoop-common-3.3.6.jar:?]
	at org.apache.hadoop.ipc.Server$RpcCall.run(Server.java:1017) [hadoop-common-3.3.6.jar:?]
	at java.security.AccessController.doPrivileged(Native Method) ~[?:1.8.0_382]
	at javax.security.auth.Subject.doAs(Subject.java:422) [?:1.8.0_382]
	at org.apache.hadoop.security.UserGroupInformation.doAs(UserGroupInformation.java:1899) [hadoop-common-3.3.6.jar:?]
	at org.apache.hadoop.ipc.Server$Handler.run(Server.java:3048) [hadoop-common-3.3.6.jar:?]
18:17:03.496 [IPC Server handler 8 on default port 15004] ERROR OMAudit - user=runner | ip=127.0.0.1 | op=GET_FILE_STATUS {volume=volume59479, bucket=bucket48122, key=testBatchDelete/parent/child0, dataSize=0, replicationConfig=null} | ret=FAILURE
org.apache.hadoop.ozone.om.exceptions.OMException: Unable to get file status: volume: volume59479 bucket: bucket48122 key: testBatchDelete/parent/child0
	at org.apache.hadoop.ozone.om.KeyManagerImpl.getOzoneFileStatus(KeyManagerImpl.java:1195) ~[ozone-manager-1.4.0-SNAPSHOT.jar:?]
	at org.apache.hadoop.ozone.om.KeyManagerImpl.getFileStatus(KeyManagerImpl.java:1113) ~[ozone-manager-1.4.0-SNAPSHOT.jar:?]
	at org.apache.hadoop.ozone.om.OmMetadataReader.getFileStatus(OmMetadataReader.java:262) ~[ozone-manager-1.4.0-SNAPSHOT.jar:?]
	at org.apache.hadoop.ozone.om.OzoneManager.getFileStatus(OzoneManager.java:3530) ~[ozone-manager-1.4.0-SNAPSHOT.jar:?]
	at org.apache.hadoop.ozone.protocolPB.OzoneManagerRequestHandler.getOzoneFileStatus(OzoneManagerRequestHandler.java:973) ~[ozone-manager-1.4.0-SNAPSHOT.jar:?]
	at org.apache.hadoop.ozone.protocolPB.OzoneManagerRequestHandler.handleReadRequest(OzoneManagerRequestHandler.java:252) ~[ozone-manager-1.4.0-SNAPSHOT.jar:?]
	at org.apache.hadoop.ozone.protocolPB.OzoneManagerProtocolServerSideTranslatorPB.submitReadRequestToOM(OzoneManagerProtocolServerSideTranslatorPB.java:225) ~[ozone-manager-1.4.0-SNAPSHOT.jar:?]
	at org.apache.hadoop.ozone.protocolPB.OzoneManagerProtocolServerSideTranslatorPB.processRequest(OzoneManagerProtocolServerSideTranslatorPB.java:179) ~[ozone-manager-1.4.0-SNAPSHOT.jar:?]
	at org.apache.hadoop.hdds.server.OzoneProtocolMessageDispatcher.processRequest(OzoneProtocolMessageDispatcher.java:87) [hdds-server-framework-1.4.0-SNAPSHOT.jar:?]
	at org.apache.hadoop.ozone.protocolPB.OzoneManagerProtocolServerSideTranslatorPB.submitRequest(OzoneManagerProtocolServerSideTranslatorPB.java:148) [ozone-manager-1.4.0-SNAPSHOT.jar:?]
	at org.apache.hadoop.ozone.protocol.proto.OzoneManagerProtocolProtos$OzoneManagerService$2.callBlockingMethod(OzoneManagerProtocolProtos.java) [ozone-interface-client-1.4.0-SNAPSHOT.jar:?]
	at org.apache.hadoop.ipc.ProtobufRpcEngine$Server.processCall(ProtobufRpcEngine.java:484) [hadoop-common-3.3.6.jar:?]
	at org.apache.hadoop.ipc.ProtobufRpcEngine2$Server$ProtoBufRpcInvoker.call(ProtobufRpcEngine2.java:595) [hadoop-common-3.3.6.jar:?]
	at org.apache.hadoop.ipc.ProtobufRpcEngine2$Server$ProtoBufRpcInvoker.call(ProtobufRpcEngine2.java:573) [hadoop-common-3.3.6.jar:?]
	at org.apache.hadoop.ipc.RPC$Server.call(RPC.java:1227) [hadoop-common-3.3.6.jar:?]
	at org.apache.hadoop.ipc.Server$RpcCall.run(Server.java:1094) [hadoop-common-3.3.6.jar:?]
	at org.apache.hadoop.ipc.Server$RpcCall.run(Server.java:1017) [hadoop-common-3.3.6.jar:?]
	at java.security.AccessController.doPrivileged(Native Method) ~[?:1.8.0_382]
	at javax.security.auth.Subject.doAs(Subject.java:422) [?:1.8.0_382]
	at org.apache.hadoop.security.UserGroupInformation.doAs(UserGroupInformation.java:1899) [hadoop-common-3.3.6.jar:?]
	at org.apache.hadoop.ipc.Server$Handler.run(Server.java:3048) [hadoop-common-3.3.6.jar:?]
18:17:03.498 [IPC Server handler 12 on default port 15004] ERROR OMAudit - user=runner | ip=127.0.0.1 | op=GET_FILE_STATUS {volume=volume59479, bucket=bucket48122, key=testBatchDelete/parent/childFolder/child0, dataSize=0, replicationConfig=null} | ret=FAILURE
org.apache.hadoop.ozone.om.exceptions.OMException: Unable to get file status: volume: volume59479 bucket: bucket48122 key: testBatchDelete/parent/childFolder/child0
	at org.apache.hadoop.ozone.om.KeyManagerImpl.getOzoneFileStatus(KeyManagerImpl.java:1195) ~[ozone-manager-1.4.0-SNAPSHOT.jar:?]
	at org.apache.hadoop.ozone.om.KeyManagerImpl.getFileStatus(KeyManagerImpl.java:1113) ~[ozone-manager-1.4.0-SNAPSHOT.jar:?]
	at org.apache.hadoop.ozone.om.OmMetadataReader.getFileStatus(OmMetadataReader.java:262) ~[ozone-manager-1.4.0-SNAPSHOT.jar:?]
	at org.apache.hadoop.ozone.om.OzoneManager.getFileStatus(OzoneManager.java:3530) ~[ozone-manager-1.4.0-SNAPSHOT.jar:?]
	at org.apache.hadoop.ozone.protocolPB.OzoneManagerRequestHandler.getOzoneFileStatus(OzoneManagerRequestHandler.java:973) ~[ozone-manager-1.4.0-SNAPSHOT.jar:?]
	at org.apache.hadoop.ozone.protocolPB.OzoneManagerRequestHandler.handleReadRequest(OzoneManagerRequestHandler.java:252) ~[ozone-manager-1.4.0-SNAPSHOT.jar:?]
	at org.apache.hadoop.ozone.protocolPB.OzoneManagerProtocolServerSideTranslatorPB.submitReadRequestToOM(OzoneManagerProtocolServerSideTranslatorPB.java:225) ~[ozone-manager-1.4.0-SNAPSHOT.jar:?]
	at org.apache.hadoop.ozone.protocolPB.OzoneManagerProtocolServerSideTranslatorPB.processRequest(OzoneManagerProtocolServerSideTranslatorPB.java:179) ~[ozone-manager-1.4.0-SNAPSHOT.jar:?]
	at org.apache.hadoop.hdds.server.OzoneProtocolMessageDispatcher.processRequest(OzoneProtocolMessageDispatcher.java:87) [hdds-server-framework-1.4.0-SNAPSHOT.jar:?]
	at org.apache.hadoop.ozone.protocolPB.OzoneManagerProtocolServerSideTranslatorPB.submitRequest(OzoneManagerProtocolServerSideTranslatorPB.java:148) [ozone-manager-1.4.0-SNAPSHOT.jar:?]
	at org.apache.hadoop.ozone.protocol.proto.OzoneManagerProtocolProtos$OzoneManagerService$2.callBlockingMethod(OzoneManagerProtocolProtos.java) [ozone-interface-client-1.4.0-SNAPSHOT.jar:?]
	at org.apache.hadoop.ipc.ProtobufRpcEngine$Server.processCall(ProtobufRpcEngine.java:484) [hadoop-common-3.3.6.jar:?]
	at org.apache.hadoop.ipc.ProtobufRpcEngine2$Server$ProtoBufRpcInvoker.call(ProtobufRpcEngine2.java:595) [hadoop-common-3.3.6.jar:?]
	at org.apache.hadoop.ipc.ProtobufRpcEngine2$Server$ProtoBufRpcInvoker.call(ProtobufRpcEngine2.java:573) [hadoop-common-3.3.6.jar:?]
	at org.apache.hadoop.ipc.RPC$Server.call(RPC.java:1227) [hadoop-common-3.3.6.jar:?]
	at org.apache.hadoop.ipc.Server$RpcCall.run(Server.java:1094) [hadoop-common-3.3.6.jar:?]
	at org.apache.hadoop.ipc.Server$RpcCall.run(Server.java:1017) [hadoop-common-3.3.6.jar:?]
	at java.security.AccessController.doPrivileged(Native Method) ~[?:1.8.0_382]
	at javax.security.auth.Subject.doAs(Subject.java:422) [?:1.8.0_382]
	at org.apache.hadoop.security.UserGroupInformation.doAs(UserGroupInformation.java:1899) [hadoop-common-3.3.6.jar:?]
	at org.apache.hadoop.ipc.Server$Handler.run(Server.java:3048) [hadoop-common-3.3.6.jar:?]
18:17:03.500 [IPC Server handler 11 on default port 15004] ERROR OMAudit - user=runner | ip=127.0.0.1 | op=GET_FILE_STATUS {volume=volume59479, bucket=bucket48122, key=testBatchDelete/parent/child1, dataSize=0, replicationConfig=null} | ret=FAILURE
org.apache.hadoop.ozone.om.exceptions.OMException: Unable to get file status: volume: volume59479 bucket: bucket48122 key: testBatchDelete/parent/child1
	at org.apache.hadoop.ozone.om.KeyManagerImpl.getOzoneFileStatus(KeyManagerImpl.java:1195) ~[ozone-manager-1.4.0-SNAPSHOT.jar:?]
	at org.apache.hadoop.ozone.om.KeyManagerImpl.getFileStatus(KeyManagerImpl.java:1113) ~[ozone-manager-1.4.0-SNAPSHOT.jar:?]
	at org.apache.hadoop.ozone.om.OmMetadataReader.getFileStatus(OmMetadataReader.java:262) ~[ozone-manager-1.4.0-SNAPSHOT.jar:?]
	at org.apache.hadoop.ozone.om.OzoneManager.getFileStatus(OzoneManager.java:3530) ~[ozone-manager-1.4.0-SNAPSHOT.jar:?]
	at org.apache.hadoop.ozone.protocolPB.OzoneManagerRequestHandler.getOzoneFileStatus(OzoneManagerRequestHandler.java:973) ~[ozone-manager-1.4.0-SNAPSHOT.jar:?]
	at org.apache.hadoop.ozone.protocolPB.OzoneManagerRequestHandler.handleReadRequest(OzoneManagerRequestHandler.java:252) ~[ozone-manager-1.4.0-SNAPSHOT.jar:?]
	at org.apache.hadoop.ozone.protocolPB.OzoneManagerProtocolServerSideTranslatorPB.submitReadRequestToOM(OzoneManagerProtocolServerSideTranslatorPB.java:225) ~[ozone-manager-1.4.0-SNAPSHOT.jar:?]
	at org.apache.hadoop.ozone.protocolPB.OzoneManagerProtocolServerSideTranslatorPB.processRequest(OzoneManagerProtocolServerSideTranslatorPB.java:179) ~[ozone-manager-1.4.0-SNAPSHOT.jar:?]
	at org.apache.hadoop.hdds.server.OzoneProtocolMessageDispatcher.processRequest(OzoneProtocolMessageDispatcher.java:87) [hdds-server-framework-1.4.0-SNAPSHOT.jar:?]
	at org.apache.hadoop.ozone.protocolPB.OzoneManagerProtocolServerSideTranslatorPB.submitRequest(OzoneManagerProtocolServerSideTranslatorPB.java:148) [ozone-manager-1.4.0-SNAPSHOT.jar:?]
	at org.apache.hadoop.ozone.protocol.proto.OzoneManagerProtocolProtos$OzoneManagerService$2.callBlockingMethod(OzoneManagerProtocolProtos.java) [ozone-interface-client-1.4.0-SNAPSHOT.jar:?]
	at org.apache.hadoop.ipc.ProtobufRpcEngine$Server.processCall(ProtobufRpcEngine.java:484) [hadoop-common-3.3.6.jar:?]
	at org.apache.hadoop.ipc.ProtobufRpcEngine2$Server$ProtoBufRpcInvoker.call(ProtobufRpcEngine2.java:595) [hadoop-common-3.3.6.jar:?]
	at org.apache.hadoop.ipc.ProtobufRpcEngine2$Server$ProtoBufRpcInvoker.call(ProtobufRpcEngine2.java:573) [hadoop-common-3.3.6.jar:?]
	at org.apache.hadoop.ipc.RPC$Server.call(RPC.java:1227) [hadoop-common-3.3.6.jar:?]
	at org.apache.hadoop.ipc.Server$RpcCall.run(Server.java:1094) [hadoop-common-3.3.6.jar:?]
	at org.apache.hadoop.ipc.Server$RpcCall.run(Server.java:1017) [hadoop-common-3.3.6.jar:?]
	at java.security.AccessController.doPrivileged(Native Method) ~[?:1.8.0_382]
	at javax.security.auth.Subject.doAs(Subject.java:422) [?:1.8.0_382]
	at org.apache.hadoop.security.UserGroupInformation.doAs(UserGroupInformation.java:1899) [hadoop-common-3.3.6.jar:?]
	at org.apache.hadoop.ipc.Server$Handler.run(Server.java:3048) [hadoop-common-3.3.6.jar:?]
18:17:03.502 [IPC Server handler 14 on default port 15004] ERROR OMAudit - user=runner | ip=127.0.0.1 | op=GET_FILE_STATUS {volume=volume59479, bucket=bucket48122, key=testBatchDelete/parent/childFolder/child1, dataSize=0, replicationConfig=null} | ret=FAILURE
org.apache.hadoop.ozone.om.exceptions.OMException: Unable to get file status: volume: volume59479 bucket: bucket48122 key: testBatchDelete/parent/childFolder/child1
	at org.apache.hadoop.ozone.om.KeyManagerImpl.getOzoneFileStatus(KeyManagerImpl.java:1195) ~[ozone-manager-1.4.0-SNAPSHOT.jar:?]
	at org.apache.hadoop.ozone.om.KeyManagerImpl.getFileStatus(KeyManagerImpl.java:1113) ~[ozone-manager-1.4.0-SNAPSHOT.jar:?]
	at org.apache.hadoop.ozone.om.OmMetadataReader.getFileStatus(OmMetadataReader.java:262) ~[ozone-manager-1.4.0-SNAPSHOT.jar:?]
	at org.apache.hadoop.ozone.om.OzoneManager.getFileStatus(OzoneManager.java:3530) ~[ozone-manager-1.4.0-SNAPSHOT.jar:?]
	at org.apache.hadoop.ozone.protocolPB.OzoneManagerRequestHandler.getOzoneFileStatus(OzoneManagerRequestHandler.java:973) ~[ozone-manager-1.4.0-SNAPSHOT.jar:?]
	at org.apache.hadoop.ozone.protocolPB.OzoneManagerRequestHandler.handleReadRequest(OzoneManagerRequestHandler.java:252) ~[ozone-manager-1.4.0-SNAPSHOT.jar:?]
	at org.apache.hadoop.ozone.protocolPB.OzoneManagerProtocolServerSideTranslatorPB.submitReadRequestToOM(OzoneManagerProtocolServerSideTranslatorPB.java:225) ~[ozone-manager-1.4.0-SNAPSHOT.jar:?]
	at org.apache.hadoop.ozone.protocolPB.OzoneManagerProtocolServerSideTranslatorPB.processRequest(OzoneManagerProtocolServerSideTranslatorPB.java:179) ~[ozone-manager-1.4.0-SNAPSHOT.jar:?]
	at org.apache.hadoop.hdds.server.OzoneProtocolMessageDispatcher.processRequest(OzoneProtocolMessageDispatcher.java:87) [hdds-server-framework-1.4.0-SNAPSHOT.jar:?]
	at org.apache.hadoop.ozone.protocolPB.OzoneManagerProtocolServerSideTranslatorPB.submitRequest(OzoneManagerProtocolServerSideTranslatorPB.java:148) [ozone-manager-1.4.0-SNAPSHOT.jar:?]
	at org.apache.hadoop.ozone.protocol.proto.OzoneManagerProtocolProtos$OzoneManagerService$2.callBlockingMethod(OzoneManagerProtocolProtos.java) [ozone-interface-client-1.4.0-SNAPSHOT.jar:?]
	at org.apache.hadoop.ipc.ProtobufRpcEngine$Server.processCall(ProtobufRpcEngine.java:484) [hadoop-common-3.3.6.jar:?]
	at org.apache.hadoop.ipc.ProtobufRpcEngine2$Server$ProtoBufRpcInvoker.call(ProtobufRpcEngine2.java:595) [hadoop-common-3.3.6.jar:?]
	at org.apache.hadoop.ipc.ProtobufRpcEngine2$Server$ProtoBufRpcInvoker.call(ProtobufRpcEngine2.java:573) [hadoop-common-3.3.6.jar:?]
	at org.apache.hadoop.ipc.RPC$Server.call(RPC.java:1227) [hadoop-common-3.3.6.jar:?]
	at org.apache.hadoop.ipc.Server$RpcCall.run(Server.java:1094) [hadoop-common-3.3.6.jar:?]
	at org.apache.hadoop.ipc.Server$RpcCall.run(Server.java:1017) [hadoop-common-3.3.6.jar:?]
	at java.security.AccessController.doPrivileged(Native Method) ~[?:1.8.0_382]
	at javax.security.auth.Subject.doAs(Subject.java:422) [?:1.8.0_382]
	at org.apache.hadoop.security.UserGroupInformation.doAs(UserGroupInformation.java:1899) [hadoop-common-3.3.6.jar:?]
	at org.apache.hadoop.ipc.Server$Handler.run(Server.java:3048) [hadoop-common-3.3.6.jar:?]
18:17:03.504 [IPC Server handler 13 on default port 15004] ERROR OMAudit - user=runner | ip=127.0.0.1 | op=GET_FILE_STATUS {volume=volume59479, bucket=bucket48122, key=testBatchDelete/parent/child2, dataSize=0, replicationConfig=null} | ret=FAILURE
org.apache.hadoop.ozone.om.exceptions.OMException: Unable to get file status: volume: volume59479 bucket: bucket48122 key: testBatchDelete/parent/child2
	at org.apache.hadoop.ozone.om.KeyManagerImpl.getOzoneFileStatus(KeyManagerImpl.java:1195) ~[ozone-manager-1.4.0-SNAPSHOT.jar:?]
	at org.apache.hadoop.ozone.om.KeyManagerImpl.getFileStatus(KeyManagerImpl.java:1113) ~[ozone-manager-1.4.0-SNAPSHOT.jar:?]
	at org.apache.hadoop.ozone.om.OmMetadataReader.getFileStatus(OmMetadataReader.java:262) ~[ozone-manager-1.4.0-SNAPSHOT.jar:?]
	at org.apache.hadoop.ozone.om.OzoneManager.getFileStatus(OzoneManager.java:3530) ~[ozone-manager-1.4.0-SNAPSHOT.jar:?]
	at org.apache.hadoop.ozone.protocolPB.OzoneManagerRequestHandler.getOzoneFileStatus(OzoneManagerRequestHandler.java:973) ~[ozone-manager-1.4.0-SNAPSHOT.jar:?]
	at org.apache.hadoop.ozone.protocolPB.OzoneManagerRequestHandler.handleReadRequest(OzoneManagerRequestHandler.java:252) ~[ozone-manager-1.4.0-SNAPSHOT.jar:?]
	at org.apache.hadoop.ozone.protocolPB.OzoneManagerProtocolServerSideTranslatorPB.submitReadRequestToOM(OzoneManagerProtocolServerSideTranslatorPB.java:225) ~[ozone-manager-1.4.0-SNAPSHOT.jar:?]
	at org.apache.hadoop.ozone.protocolPB.OzoneManagerProtocolServerSideTranslatorPB.processRequest(OzoneManagerProtocolServerSideTranslatorPB.java:179) ~[ozone-manager-1.4.0-SNAPSHOT.jar:?]
	at org.apache.hadoop.hdds.server.OzoneProtocolMessageDispatcher.processRequest(OzoneProtocolMessageDispatcher.java:87) [hdds-server-framework-1.4.0-SNAPSHOT.jar:?]
	at org.apache.hadoop.ozone.protocolPB.OzoneManagerProtocolServerSideTranslatorPB.submitRequest(OzoneManagerProtocolServerSideTranslatorPB.java:148) [ozone-manager-1.4.0-SNAPSHOT.jar:?]
	at org.apache.hadoop.ozone.protocol.proto.OzoneManagerProtocolProtos$OzoneManagerService$2.callBlockingMethod(OzoneManagerProtocolProtos.java) [ozone-interface-client-1.4.0-SNAPSHOT.jar:?]
	at org.apache.hadoop.ipc.ProtobufRpcEngine$Server.processCall(ProtobufRpcEngine.java:484) [hadoop-common-3.3.6.jar:?]
	at org.apache.hadoop.ipc.ProtobufRpcEngine2$Server$ProtoBufRpcInvoker.call(ProtobufRpcEngine2.java:595) [hadoop-common-3.3.6.jar:?]
	at org.apache.hadoop.ipc.ProtobufRpcEngine2$Server$ProtoBufRpcInvoker.call(ProtobufRpcEngine2.java:573) [hadoop-common-3.3.6.jar:?]
	at org.apache.hadoop.ipc.RPC$Server.call(RPC.java:1227) [hadoop-common-3.3.6.jar:?]
	at org.apache.hadoop.ipc.Server$RpcCall.run(Server.java:1094) [hadoop-common-3.3.6.jar:?]
	at org.apache.hadoop.ipc.Server$RpcCall.run(Server.java:1017) [hadoop-common-3.3.6.jar:?]
	at java.security.AccessController.doPrivileged(Native Method) ~[?:1.8.0_382]
	at javax.security.auth.Subject.doAs(Subject.java:422) [?:1.8.0_382]
	at org.apache.hadoop.security.UserGroupInformation.doAs(UserGroupInformation.java:1899) [hadoop-common-3.3.6.jar:?]
	at org.apache.hadoop.ipc.Server$Handler.run(Server.java:3048) [hadoop-common-3.3.6.jar:?]
18:17:03.506 [IPC Server handler 16 on default port 15004] ERROR OMAudit - user=runner | ip=127.0.0.1 | op=GET_FILE_STATUS {volume=volume59479, bucket=bucket48122, key=testBatchDelete/parent/childFolder/child2, dataSize=0, replicationConfig=null} | ret=FAILURE
org.apache.hadoop.ozone.om.exceptions.OMException: Unable to get file status: volume: volume59479 bucket: bucket48122 key: testBatchDelete/parent/childFolder/child2
	at org.apache.hadoop.ozone.om.KeyManagerImpl.getOzoneFileStatus(KeyManagerImpl.java:1195) ~[ozone-manager-1.4.0-SNAPSHOT.jar:?]
	at org.apache.hadoop.ozone.om.KeyManagerImpl.getFileStatus(KeyManagerImpl.java:1113) ~[ozone-manager-1.4.0-SNAPSHOT.jar:?]
	at org.apache.hadoop.ozone.om.OmMetadataReader.getFileStatus(OmMetadataReader.java:262) ~[ozone-manager-1.4.0-SNAPSHOT.jar:?]
	at org.apache.hadoop.ozone.om.OzoneManager.getFileStatus(OzoneManager.java:3530) ~[ozone-manager-1.4.0-SNAPSHOT.jar:?]
	at org.apache.hadoop.ozone.protocolPB.OzoneManagerRequestHandler.getOzoneFileStatus(OzoneManagerRequestHandler.java:973) ~[ozone-manager-1.4.0-SNAPSHOT.jar:?]
	at org.apache.hadoop.ozone.protocolPB.OzoneManagerRequestHandler.handleReadRequest(OzoneManagerRequestHandler.java:252) ~[ozone-manager-1.4.0-SNAPSHOT.jar:?]
	at org.apache.hadoop.ozone.protocolPB.OzoneManagerProtocolServerSideTranslatorPB.submitReadRequestToOM(OzoneManagerProtocolServerSideTranslatorPB.java:225) ~[ozone-manager-1.4.0-SNAPSHOT.jar:?]
	at org.apache.hadoop.ozone.protocolPB.OzoneManagerProtocolServerSideTranslatorPB.processRequest(OzoneManagerProtocolServerSideTranslatorPB.java:179) ~[ozone-manager-1.4.0-SNAPSHOT.jar:?]
	at org.apache.hadoop.hdds.server.OzoneProtocolMessageDispatcher.processRequest(OzoneProtocolMessageDispatcher.java:87) [hdds-server-framework-1.4.0-SNAPSHOT.jar:?]
	at org.apache.hadoop.ozone.protocolPB.OzoneManagerProtocolServerSideTranslatorPB.submitRequest(OzoneManagerProtocolServerSideTranslatorPB.java:148) [ozone-manager-1.4.0-SNAPSHOT.jar:?]
	at org.apache.hadoop.ozone.protocol.proto.OzoneManagerProtocolProtos$OzoneManagerService$2.callBlockingMethod(OzoneManagerProtocolProtos.java) [ozone-interface-client-1.4.0-SNAPSHOT.jar:?]
	at org.apache.hadoop.ipc.ProtobufRpcEngine$Server.processCall(ProtobufRpcEngine.java:484) [hadoop-common-3.3.6.jar:?]
	at org.apache.hadoop.ipc.ProtobufRpcEngine2$Server$ProtoBufRpcInvoker.call(ProtobufRpcEngine2.java:595) [hadoop-common-3.3.6.jar:?]
	at org.apache.hadoop.ipc.ProtobufRpcEngine2$Server$ProtoBufRpcInvoker.call(ProtobufRpcEngine2.java:573) [hadoop-common-3.3.6.jar:?]
	at org.apache.hadoop.ipc.RPC$Server.call(RPC.java:1227) [hadoop-common-3.3.6.jar:?]
	at org.apache.hadoop.ipc.Server$RpcCall.run(Server.java:1094) [hadoop-common-3.3.6.jar:?]
	at org.apache.hadoop.ipc.Server$RpcCall.run(Server.java:1017) [hadoop-common-3.3.6.jar:?]
	at java.security.AccessController.doPrivileged(Native Method) ~[?:1.8.0_382]
	at javax.security.auth.Subject.doAs(Subject.java:422) [?:1.8.0_382]
	at org.apache.hadoop.security.UserGroupInformation.doAs(UserGroupInformation.java:1899) [hadoop-common-3.3.6.jar:?]
	at org.apache.hadoop.ipc.Server$Handler.run(Server.java:3048) [hadoop-common-3.3.6.jar:?]
18:17:03.508 [IPC Server handler 15 on default port 15004] ERROR OMAudit - user=runner | ip=127.0.0.1 | op=GET_FILE_STATUS {volume=volume59479, bucket=bucket48122, key=testBatchDelete/parent/child3, dataSize=0, replicationConfig=null} | ret=FAILURE
org.apache.hadoop.ozone.om.exceptions.OMException: Unable to get file status: volume: volume59479 bucket: bucket48122 key: testBatchDelete/parent/child3
	at org.apache.hadoop.ozone.om.KeyManagerImpl.getOzoneFileStatus(KeyManagerImpl.java:1195) ~[ozone-manager-1.4.0-SNAPSHOT.jar:?]
	at org.apache.hadoop.ozone.om.KeyManagerImpl.getFileStatus(KeyManagerImpl.java:1113) ~[ozone-manager-1.4.0-SNAPSHOT.jar:?]
	at org.apache.hadoop.ozone.om.OmMetadataReader.getFileStatus(OmMetadataReader.java:262) ~[ozone-manager-1.4.0-SNAPSHOT.jar:?]
	at org.apache.hadoop.ozone.om.OzoneManager.getFileStatus(OzoneManager.java:3530) ~[ozone-manager-1.4.0-SNAPSHOT.jar:?]
	at org.apache.hadoop.ozone.protocolPB.OzoneManagerRequestHandler.getOzoneFileStatus(OzoneManagerRequestHandler.java:973) ~[ozone-manager-1.4.0-SNAPSHOT.jar:?]
	at org.apache.hadoop.ozone.protocolPB.OzoneManagerRequestHandler.handleReadRequest(OzoneManagerRequestHandler.java:252) ~[ozone-manager-1.4.0-SNAPSHOT.jar:?]
	at org.apache.hadoop.ozone.protocolPB.OzoneManagerProtocolServerSideTranslatorPB.submitReadRequestToOM(OzoneManagerProtocolServerSideTranslatorPB.java:225) ~[ozone-manager-1.4.0-SNAPSHOT.jar:?]
	at org.apache.hadoop.ozone.protocolPB.OzoneManagerProtocolServerSideTranslatorPB.processRequest(OzoneManagerProtocolServerSideTranslatorPB.java:179) ~[ozone-manager-1.4.0-SNAPSHOT.jar:?]
	at org.apache.hadoop.hdds.server.OzoneProtocolMessageDispatcher.processRequest(OzoneProtocolMessageDispatcher.java:87) [hdds-server-framework-1.4.0-SNAPSHOT.jar:?]
	at org.apache.hadoop.ozone.protocolPB.OzoneManagerProtocolServerSideTranslatorPB.submitRequest(OzoneManagerProtocolServerSideTranslatorPB.java:148) [ozone-manager-1.4.0-SNAPSHOT.jar:?]
	at org.apache.hadoop.ozone.protocol.proto.OzoneManagerProtocolProtos$OzoneManagerService$2.callBlockingMethod(OzoneManagerProtocolProtos.java) [ozone-interface-client-1.4.0-SNAPSHOT.jar:?]
	at org.apache.hadoop.ipc.ProtobufRpcEngine$Server.processCall(ProtobufRpcEngine.java:484) [hadoop-common-3.3.6.jar:?]
	at org.apache.hadoop.ipc.ProtobufRpcEngine2$Server$ProtoBufRpcInvoker.call(ProtobufRpcEngine2.java:595) [hadoop-common-3.3.6.jar:?]
	at org.apache.hadoop.ipc.ProtobufRpcEngine2$Server$ProtoBufRpcInvoker.call(ProtobufRpcEngine2.java:573) [hadoop-common-3.3.6.jar:?]
	at org.apache.hadoop.ipc.RPC$Server.call(RPC.java:1227) [hadoop-common-3.3.6.jar:?]
	at org.apache.hadoop.ipc.Server$RpcCall.run(Server.java:1094) [hadoop-common-3.3.6.jar:?]
	at org.apache.hadoop.ipc.Server$RpcCall.run(Server.java:1017) [hadoop-common-3.3.6.jar:?]
	at java.security.AccessController.doPrivileged(Native Method) ~[?:1.8.0_382]
	at javax.security.auth.Subject.doAs(Subject.java:422) [?:1.8.0_382]
	at org.apache.hadoop.security.UserGroupInformation.doAs(UserGroupInformation.java:1899) [hadoop-common-3.3.6.jar:?]
	at org.apache.hadoop.ipc.Server$Handler.run(Server.java:3048) [hadoop-common-3.3.6.jar:?]
18:17:03.510 [IPC Server handler 17 on default port 15004] ERROR OMAudit - user=runner | ip=127.0.0.1 | op=GET_FILE_STATUS {volume=volume59479, bucket=bucket48122, key=testBatchDelete/parent/childFolder/child3, dataSize=0, replicationConfig=null} | ret=FAILURE
org.apache.hadoop.ozone.om.exceptions.OMException: Unable to get file status: volume: volume59479 bucket: bucket48122 key: testBatchDelete/parent/childFolder/child3
	at org.apache.hadoop.ozone.om.KeyManagerImpl.getOzoneFileStatus(KeyManagerImpl.java:1195) ~[ozone-manager-1.4.0-SNAPSHOT.jar:?]
	at org.apache.hadoop.ozone.om.KeyManagerImpl.getFileStatus(KeyManagerImpl.java:1113) ~[ozone-manager-1.4.0-SNAPSHOT.jar:?]
	at org.apache.hadoop.ozone.om.OmMetadataReader.getFileStatus(OmMetadataReader.java:262) ~[ozone-manager-1.4.0-SNAPSHOT.jar:?]
	at org.apache.hadoop.ozone.om.OzoneManager.getFileStatus(OzoneManager.java:3530) ~[ozone-manager-1.4.0-SNAPSHOT.jar:?]
	at org.apache.hadoop.ozone.protocolPB.OzoneManagerRequestHandler.getOzoneFileStatus(OzoneManagerRequestHandler.java:973) ~[ozone-manager-1.4.0-SNAPSHOT.jar:?]
	at org.apache.hadoop.ozone.protocolPB.OzoneManagerRequestHandler.handleReadRequest(OzoneManagerRequestHandler.java:252) ~[ozone-manager-1.4.0-SNAPSHOT.jar:?]
	at org.apache.hadoop.ozone.protocolPB.OzoneManagerProtocolServerSideTranslatorPB.submitReadRequestToOM(OzoneManagerProtocolServerSideTranslatorPB.java:225) ~[ozone-manager-1.4.0-SNAPSHOT.jar:?]
	at org.apache.hadoop.ozone.protocolPB.OzoneManagerProtocolServerSideTranslatorPB.processRequest(OzoneManagerProtocolServerSideTranslatorPB.java:179) ~[ozone-manager-1.4.0-SNAPSHOT.jar:?]
	at org.apache.hadoop.hdds.server.OzoneProtocolMessageDispatcher.processRequest(OzoneProtocolMessageDispatcher.java:87) [hdds-server-framework-1.4.0-SNAPSHOT.jar:?]
	at org.apache.hadoop.ozone.protocolPB.OzoneManagerProtocolServerSideTranslatorPB.submitRequest(OzoneManagerProtocolServerSideTranslatorPB.java:148) [ozone-manager-1.4.0-SNAPSHOT.jar:?]
	at org.apache.hadoop.ozone.protocol.proto.OzoneManagerProtocolProtos$OzoneManagerService$2.callBlockingMethod(OzoneManagerProtocolProtos.java) [ozone-interface-client-1.4.0-SNAPSHOT.jar:?]
	at org.apache.hadoop.ipc.ProtobufRpcEngine$Server.processCall(ProtobufRpcEngine.java:484) [hadoop-common-3.3.6.jar:?]
	at org.apache.hadoop.ipc.ProtobufRpcEngine2$Server$ProtoBufRpcInvoker.call(ProtobufRpcEngine2.java:595) [hadoop-common-3.3.6.jar:?]
	at org.apache.hadoop.ipc.ProtobufRpcEngine2$Server$ProtoBufRpcInvoker.call(ProtobufRpcEngine2.java:573) [hadoop-common-3.3.6.jar:?]
	at org.apache.hadoop.ipc.RPC$Server.call(RPC.java:1227) [hadoop-common-3.3.6.jar:?]
	at org.apache.hadoop.ipc.Server$RpcCall.run(Server.java:1094) [hadoop-common-3.3.6.jar:?]
	at org.apache.hadoop.ipc.Server$RpcCall.run(Server.java:1017) [hadoop-common-3.3.6.jar:?]
	at java.security.AccessController.doPrivileged(Native Method) ~[?:1.8.0_382]
	at javax.security.auth.Subject.doAs(Subject.java:422) [?:1.8.0_382]
	at org.apache.hadoop.security.UserGroupInformation.doAs(UserGroupInformation.java:1899) [hadoop-common-3.3.6.jar:?]
	at org.apache.hadoop.ipc.Server$Handler.run(Server.java:3048) [hadoop-common-3.3.6.jar:?]
18:17:03.512 [IPC Server handler 18 on default port 15004] ERROR OMAudit - user=runner | ip=127.0.0.1 | op=GET_FILE_STATUS {volume=volume59479, bucket=bucket48122, key=testBatchDelete/parent/child4, dataSize=0, replicationConfig=null} | ret=FAILURE
org.apache.hadoop.ozone.om.exceptions.OMException: Unable to get file status: volume: volume59479 bucket: bucket48122 key: testBatchDelete/parent/child4
	at org.apache.hadoop.ozone.om.KeyManagerImpl.getOzoneFileStatus(KeyManagerImpl.java:1195) ~[ozone-manager-1.4.0-SNAPSHOT.jar:?]
	at org.apache.hadoop.ozone.om.KeyManagerImpl.getFileStatus(KeyManagerImpl.java:1113) ~[ozone-manager-1.4.0-SNAPSHOT.jar:?]
	at org.apache.hadoop.ozone.om.OmMetadataReader.getFileStatus(OmMetadataReader.java:262) ~[ozone-manager-1.4.0-SNAPSHOT.jar:?]
	at org.apache.hadoop.ozone.om.OzoneManager.getFileStatus(OzoneManager.java:3530) ~[ozone-manager-1.4.0-SNAPSHOT.jar:?]
	at org.apache.hadoop.ozone.protocolPB.OzoneManagerRequestHandler.getOzoneFileStatus(OzoneManagerRequestHandler.java:973) ~[ozone-manager-1.4.0-SNAPSHOT.jar:?]
	at org.apache.hadoop.ozone.protocolPB.OzoneManagerRequestHandler.handleReadRequest(OzoneManagerRequestHandler.java:252) ~[ozone-manager-1.4.0-SNAPSHOT.jar:?]
	at org.apache.hadoop.ozone.protocolPB.OzoneManagerProtocolServerSideTranslatorPB.submitReadRequestToOM(OzoneManagerProtocolServerSideTranslatorPB.java:225) ~[ozone-manager-1.4.0-SNAPSHOT.jar:?]
	at org.apache.hadoop.ozone.protocolPB.OzoneManagerProtocolServerSideTranslatorPB.processRequest(OzoneManagerProtocolServerSideTranslatorPB.java:179) ~[ozone-manager-1.4.0-SNAPSHOT.jar:?]
	at org.apache.hadoop.hdds.server.OzoneProtocolMessageDispatcher.processRequest(OzoneProtocolMessageDispatcher.java:87) [hdds-server-framework-1.4.0-SNAPSHOT.jar:?]
	at org.apache.hadoop.ozone.protocolPB.OzoneManagerProtocolServerSideTranslatorPB.submitRequest(OzoneManagerProtocolServerSideTranslatorPB.java:148) [ozone-manager-1.4.0-SNAPSHOT.jar:?]
	at org.apache.hadoop.ozone.protocol.proto.OzoneManagerProtocolProtos$OzoneManagerService$2.callBlockingMethod(OzoneManagerProtocolProtos.java) [ozone-interface-client-1.4.0-SNAPSHOT.jar:?]
	at org.apache.hadoop.ipc.ProtobufRpcEngine$Server.processCall(ProtobufRpcEngine.java:484) [hadoop-common-3.3.6.jar:?]
	at org.apache.hadoop.ipc.ProtobufRpcEngine2$Server$ProtoBufRpcInvoker.call(ProtobufRpcEngine2.java:595) [hadoop-common-3.3.6.jar:?]
	at org.apache.hadoop.ipc.ProtobufRpcEngine2$Server$ProtoBufRpcInvoker.call(ProtobufRpcEngine2.java:573) [hadoop-common-3.3.6.jar:?]
	at org.apache.hadoop.ipc.RPC$Server.call(RPC.java:1227) [hadoop-common-3.3.6.jar:?]
	at org.apache.hadoop.ipc.Server$RpcCall.run(Server.java:1094) [hadoop-common-3.3.6.jar:?]
	at org.apache.hadoop.ipc.Server$RpcCall.run(Server.java:1017) [hadoop-common-3.3.6.jar:?]
	at java.security.AccessController.doPrivileged(Native Method) ~[?:1.8.0_382]
	at javax.security.auth.Subject.doAs(Subject.java:422) [?:1.8.0_382]
	at org.apache.hadoop.security.UserGroupInformation.doAs(UserGroupInformation.java:1899) [hadoop-common-3.3.6.jar:?]
	at org.apache.hadoop.ipc.Server$Handler.run(Server.java:3048) [hadoop-common-3.3.6.jar:?]
18:17:03.513 [IPC Server handler 7 on default port 15004] ERROR OMAudit - user=runner | ip=127.0.0.1 | op=GET_FILE_STATUS {volume=volume59479, bucket=bucket48122, key=testBatchDelete/parent/childFolder/child4, dataSize=0, replicationConfig=null} | ret=FAILURE
org.apache.hadoop.ozone.om.exceptions.OMException: Unable to get file status: volume: volume59479 bucket: bucket48122 key: testBatchDelete/parent/childFolder/child4
	at org.apache.hadoop.ozone.om.KeyManagerImpl.getOzoneFileStatus(KeyManagerImpl.java:1195) ~[ozone-manager-1.4.0-SNAPSHOT.jar:?]
	at org.apache.hadoop.ozone.om.KeyManagerImpl.getFileStatus(KeyManagerImpl.java:1113) ~[ozone-manager-1.4.0-SNAPSHOT.jar:?]
	at org.apache.hadoop.ozone.om.OmMetadataReader.getFileStatus(OmMetadataReader.java:262) ~[ozone-manager-1.4.0-SNAPSHOT.jar:?]
	at org.apache.hadoop.ozone.om.OzoneManager.getFileStatus(OzoneManager.java:3530) ~[ozone-manager-1.4.0-SNAPSHOT.jar:?]
	at org.apache.hadoop.ozone.protocolPB.OzoneManagerRequestHandler.getOzoneFileStatus(OzoneManagerRequestHandler.java:973) ~[ozone-manager-1.4.0-SNAPSHOT.jar:?]
	at org.apache.hadoop.ozone.protocolPB.OzoneManagerRequestHandler.handleReadRequest(OzoneManagerRequestHandler.java:252) ~[ozone-manager-1.4.0-SNAPSHOT.jar:?]
	at org.apache.hadoop.ozone.protocolPB.OzoneManagerProtocolServerSideTranslatorPB.submitReadRequestToOM(OzoneManagerProtocolServerSideTranslatorPB.java:225) ~[ozone-manager-1.4.0-SNAPSHOT.jar:?]
	at org.apache.hadoop.ozone.protocolPB.OzoneManagerProtocolServerSideTranslatorPB.processRequest(OzoneManagerProtocolServerSideTranslatorPB.java:179) ~[ozone-manager-1.4.0-SNAPSHOT.jar:?]
	at org.apache.hadoop.hdds.server.OzoneProtocolMessageDispatcher.processRequest(OzoneProtocolMessageDispatcher.java:87) [hdds-server-framework-1.4.0-SNAPSHOT.jar:?]
	at org.apache.hadoop.ozone.protocolPB.OzoneManagerProtocolServerSideTranslatorPB.submitRequest(OzoneManagerProtocolServerSideTranslatorPB.java:148) [ozone-manager-1.4.0-SNAPSHOT.jar:?]
	at org.apache.hadoop.ozone.protocol.proto.OzoneManagerProtocolProtos$OzoneManagerService$2.callBlockingMethod(OzoneManagerProtocolProtos.java) [ozone-interface-client-1.4.0-SNAPSHOT.jar:?]
	at org.apache.hadoop.ipc.ProtobufRpcEngine$Server.processCall(ProtobufRpcEngine.java:484) [hadoop-common-3.3.6.jar:?]
	at org.apache.hadoop.ipc.ProtobufRpcEngine2$Server$ProtoBufRpcInvoker.call(ProtobufRpcEngine2.java:595) [hadoop-common-3.3.6.jar:?]
	at org.apache.hadoop.ipc.ProtobufRpcEngine2$Server$ProtoBufRpcInvoker.call(ProtobufRpcEngine2.java:573) [hadoop-common-3.3.6.jar:?]
	at org.apache.hadoop.ipc.RPC$Server.call(RPC.java:1227) [hadoop-common-3.3.6.jar:?]
	at org.apache.hadoop.ipc.Server$RpcCall.run(Server.java:1094) [hadoop-common-3.3.6.jar:?]
	at org.apache.hadoop.ipc.Server$RpcCall.run(Server.java:1017) [hadoop-common-3.3.6.jar:?]
	at java.security.AccessController.doPrivileged(Native Method) ~[?:1.8.0_382]
	at javax.security.auth.Subject.doAs(Subject.java:422) [?:1.8.0_382]
	at org.apache.hadoop.security.UserGroupInformation.doAs(UserGroupInformation.java:1899) [hadoop-common-3.3.6.jar:?]
	at org.apache.hadoop.ipc.Server$Handler.run(Server.java:3048) [hadoop-common-3.3.6.jar:?]
18:17:03.515 [IPC Server handler 19 on default port 15004] ERROR OMAudit - user=runner | ip=127.0.0.1 | op=GET_FILE_STATUS {volume=volume59479, bucket=bucket48122, key=testBatchDelete/parent/child5, dataSize=0, replicationConfig=null} | ret=FAILURE
org.apache.hadoop.ozone.om.exceptions.OMException: Unable to get file status: volume: volume59479 bucket: bucket48122 key: testBatchDelete/parent/child5
	at org.apache.hadoop.ozone.om.KeyManagerImpl.getOzoneFileStatus(KeyManagerImpl.java:1195) ~[ozone-manager-1.4.0-SNAPSHOT.jar:?]
	at org.apache.hadoop.ozone.om.KeyManagerImpl.getFileStatus(KeyManagerImpl.java:1113) ~[ozone-manager-1.4.0-SNAPSHOT.jar:?]
	at org.apache.hadoop.ozone.om.OmMetadataReader.getFileStatus(OmMetadataReader.java:262) ~[ozone-manager-1.4.0-SNAPSHOT.jar:?]
	at org.apache.hadoop.ozone.om.OzoneManager.getFileStatus(OzoneManager.java:3530) ~[ozone-manager-1.4.0-SNAPSHOT.jar:?]
	at org.apache.hadoop.ozone.protocolPB.OzoneManagerRequestHandler.getOzoneFileStatus(OzoneManagerRequestHandler.java:973) ~[ozone-manager-1.4.0-SNAPSHOT.jar:?]
	at org.apache.hadoop.ozone.protocolPB.OzoneManagerRequestHandler.handleReadRequest(OzoneManagerRequestHandler.java:252) ~[ozone-manager-1.4.0-SNAPSHOT.jar:?]
	at org.apache.hadoop.ozone.protocolPB.OzoneManagerProtocolServerSideTranslatorPB.submitReadRequestToOM(OzoneManagerProtocolServerSideTranslatorPB.java:225) ~[ozone-manager-1.4.0-SNAPSHOT.jar:?]
	at org.apache.hadoop.ozone.protocolPB.OzoneManagerProtocolServerSideTranslatorPB.processRequest(OzoneManagerProtocolServerSideTranslatorPB.java:179) ~[ozone-manager-1.4.0-SNAPSHOT.jar:?]
	at org.apache.hadoop.hdds.server.OzoneProtocolMessageDispatcher.processRequest(OzoneProtocolMessageDispatcher.java:87) [hdds-server-framework-1.4.0-SNAPSHOT.jar:?]
	at org.apache.hadoop.ozone.protocolPB.OzoneManagerProtocolServerSideTranslatorPB.submitRequest(OzoneManagerProtocolServerSideTranslatorPB.java:148) [ozone-manager-1.4.0-SNAPSHOT.jar:?]
	at org.apache.hadoop.ozone.protocol.proto.OzoneManagerProtocolProtos$OzoneManagerService$2.callBlockingMethod(OzoneManagerProtocolProtos.java) [ozone-interface-client-1.4.0-SNAPSHOT.jar:?]
	at org.apache.hadoop.ipc.ProtobufRpcEngine$Server.processCall(ProtobufRpcEngine.java:484) [hadoop-common-3.3.6.jar:?]
	at org.apache.hadoop.ipc.ProtobufRpcEngine2$Server$ProtoBufRpcInvoker.call(ProtobufRpcEngine2.java:595) [hadoop-common-3.3.6.jar:?]
	at org.apache.hadoop.ipc.ProtobufRpcEngine2$Server$ProtoBufRpcInvoker.call(ProtobufRpcEngine2.java:573) [hadoop-common-3.3.6.jar:?]
	at org.apache.hadoop.ipc.RPC$Server.call(RPC.java:1227) [hadoop-common-3.3.6.jar:?]
	at org.apache.hadoop.ipc.Server$RpcCall.run(Server.java:1094) [hadoop-common-3.3.6.jar:?]
	at org.apache.hadoop.ipc.Server$RpcCall.run(Server.java:1017) [hadoop-common-3.3.6.jar:?]
	at java.security.AccessController.doPrivileged(Native Method) ~[?:1.8.0_382]
	at javax.security.auth.Subject.doAs(Subject.java:422) [?:1.8.0_382]
	at org.apache.hadoop.security.UserGroupInformation.doAs(UserGroupInformation.java:1899) [hadoop-common-3.3.6.jar:?]
	at org.apache.hadoop.ipc.Server$Handler.run(Server.java:3048) [hadoop-common-3.3.6.jar:?]
18:17:03.517 [IPC Server handler 9 on default port 15004] ERROR OMAudit - user=runner | ip=127.0.0.1 | op=GET_FILE_STATUS {volume=volume59479, bucket=bucket48122, key=testBatchDelete/parent/childFolder/child5, dataSize=0, replicationConfig=null} | ret=FAILURE
org.apache.hadoop.ozone.om.exceptions.OMException: Unable to get file status: volume: volume59479 bucket: bucket48122 key: testBatchDelete/parent/childFolder/child5
	at org.apache.hadoop.ozone.om.KeyManagerImpl.getOzoneFileStatus(KeyManagerImpl.java:1195) ~[ozone-manager-1.4.0-SNAPSHOT.jar:?]
	at org.apache.hadoop.ozone.om.KeyManagerImpl.getFileStatus(KeyManagerImpl.java:1113) ~[ozone-manager-1.4.0-SNAPSHOT.jar:?]
	at org.apache.hadoop.ozone.om.OmMetadataReader.getFileStatus(OmMetadataReader.java:262) ~[ozone-manager-1.4.0-SNAPSHOT.jar:?]
	at org.apache.hadoop.ozone.om.OzoneManager.getFileStatus(OzoneManager.java:3530) ~[ozone-manager-1.4.0-SNAPSHOT.jar:?]
	at org.apache.hadoop.ozone.protocolPB.OzoneManagerRequestHandler.getOzoneFileStatus(OzoneManagerRequestHandler.java:973) ~[ozone-manager-1.4.0-SNAPSHOT.jar:?]
	at org.apache.hadoop.ozone.protocolPB.OzoneManagerRequestHandler.handleReadRequest(OzoneManagerRequestHandler.java:252) ~[ozone-manager-1.4.0-SNAPSHOT.jar:?]
	at org.apache.hadoop.ozone.protocolPB.OzoneManagerProtocolServerSideTranslatorPB.submitReadRequestToOM(OzoneManagerProtocolServerSideTranslatorPB.java:225) ~[ozone-manager-1.4.0-SNAPSHOT.jar:?]
	at org.apache.hadoop.ozone.protocolPB.OzoneManagerProtocolServerSideTranslatorPB.processRequest(OzoneManagerProtocolServerSideTranslatorPB.java:179) ~[ozone-manager-1.4.0-SNAPSHOT.jar:?]
	at org.apache.hadoop.hdds.server.OzoneProtocolMessageDispatcher.processRequest(OzoneProtocolMessageDispatcher.java:87) [hdds-server-framework-1.4.0-SNAPSHOT.jar:?]
	at org.apache.hadoop.ozone.protocolPB.OzoneManagerProtocolServerSideTranslatorPB.submitRequest(OzoneManagerProtocolServerSideTranslatorPB.java:148) [ozone-manager-1.4.0-SNAPSHOT.jar:?]
	at org.apache.hadoop.ozone.protocol.proto.OzoneManagerProtocolProtos$OzoneManagerService$2.callBlockingMethod(OzoneManagerProtocolProtos.java) [ozone-interface-client-1.4.0-SNAPSHOT.jar:?]
	at org.apache.hadoop.ipc.ProtobufRpcEngine$Server.processCall(ProtobufRpcEngine.java:484) [hadoop-common-3.3.6.jar:?]
	at org.apache.hadoop.ipc.ProtobufRpcEngine2$Server$ProtoBufRpcInvoker.call(ProtobufRpcEngine2.java:595) [hadoop-common-3.3.6.jar:?]
	at org.apache.hadoop.ipc.ProtobufRpcEngine2$Server$ProtoBufRpcInvoker.call(ProtobufRpcEngine2.java:573) [hadoop-common-3.3.6.jar:?]
	at org.apache.hadoop.ipc.RPC$Server.call(RPC.java:1227) [hadoop-common-3.3.6.jar:?]
	at org.apache.hadoop.ipc.Server$RpcCall.run(Server.java:1094) [hadoop-common-3.3.6.jar:?]
	at org.apache.hadoop.ipc.Server$RpcCall.run(Server.java:1017) [hadoop-common-3.3.6.jar:?]
	at java.security.AccessController.doPrivileged(Native Method) ~[?:1.8.0_382]
	at javax.security.auth.Subject.doAs(Subject.java:422) [?:1.8.0_382]
	at org.apache.hadoop.security.UserGroupInformation.doAs(UserGroupInformation.java:1899) [hadoop-common-3.3.6.jar:?]
	at org.apache.hadoop.ipc.Server$Handler.run(Server.java:3048) [hadoop-common-3.3.6.jar:?]
18:17:03.519 [IPC Server handler 1 on default port 15004] ERROR OMAudit - user=runner | ip=127.0.0.1 | op=GET_FILE_STATUS {volume=volume59479, bucket=bucket48122, key=testBatchDelete/parent/child6, dataSize=0, replicationConfig=null} | ret=FAILURE
org.apache.hadoop.ozone.om.exceptions.OMException: Unable to get file status: volume: volume59479 bucket: bucket48122 key: testBatchDelete/parent/child6
	at org.apache.hadoop.ozone.om.KeyManagerImpl.getOzoneFileStatus(KeyManagerImpl.java:1195) ~[ozone-manager-1.4.0-SNAPSHOT.jar:?]
	at org.apache.hadoop.ozone.om.KeyManagerImpl.getFileStatus(KeyManagerImpl.java:1113) ~[ozone-manager-1.4.0-SNAPSHOT.jar:?]
	at org.apache.hadoop.ozone.om.OmMetadataReader.getFileStatus(OmMetadataReader.java:262) ~[ozone-manager-1.4.0-SNAPSHOT.jar:?]
	at org.apache.hadoop.ozone.om.OzoneManager.getFileStatus(OzoneManager.java:3530) ~[ozone-manager-1.4.0-SNAPSHOT.jar:?]
	at org.apache.hadoop.ozone.protocolPB.OzoneManagerRequestHandler.getOzoneFileStatus(OzoneManagerRequestHandler.java:973) ~[ozone-manager-1.4.0-SNAPSHOT.jar:?]
	at org.apache.hadoop.ozone.protocolPB.OzoneManagerRequestHandler.handleReadRequest(OzoneManagerRequestHandler.java:252) ~[ozone-manager-1.4.0-SNAPSHOT.jar:?]
	at org.apache.hadoop.ozone.protocolPB.OzoneManagerProtocolServerSideTranslatorPB.submitReadRequestToOM(OzoneManagerProtocolServerSideTranslatorPB.java:225) ~[ozone-manager-1.4.0-SNAPSHOT.jar:?]
	at org.apache.hadoop.ozone.protocolPB.OzoneManagerProtocolServerSideTranslatorPB.processRequest(OzoneManagerProtocolServerSideTranslatorPB.java:179) ~[ozone-manager-1.4.0-SNAPSHOT.jar:?]
	at org.apache.hadoop.hdds.server.OzoneProtocolMessageDispatcher.processRequest(OzoneProtocolMessageDispatcher.java:87) [hdds-server-framework-1.4.0-SNAPSHOT.jar:?]
	at org.apache.hadoop.ozone.protocolPB.OzoneManagerProtocolServerSideTranslatorPB.submitRequest(OzoneManagerProtocolServerSideTranslatorPB.java:148) [ozone-manager-1.4.0-SNAPSHOT.jar:?]
	at org.apache.hadoop.ozone.protocol.proto.OzoneManagerProtocolProtos$OzoneManagerService$2.callBlockingMethod(OzoneManagerProtocolProtos.java) [ozone-interface-client-1.4.0-SNAPSHOT.jar:?]
	at org.apache.hadoop.ipc.ProtobufRpcEngine$Server.processCall(ProtobufRpcEngine.java:484) [hadoop-common-3.3.6.jar:?]
	at org.apache.hadoop.ipc.ProtobufRpcEngine2$Server$ProtoBufRpcInvoker.call(ProtobufRpcEngine2.java:595) [hadoop-common-3.3.6.jar:?]
	at org.apache.hadoop.ipc.ProtobufRpcEngine2$Server$ProtoBufRpcInvoker.call(ProtobufRpcEngine2.java:573) [hadoop-common-3.3.6.jar:?]
	at org.apache.hadoop.ipc.RPC$Server.call(RPC.java:1227) [hadoop-common-3.3.6.jar:?]
	at org.apache.hadoop.ipc.Server$RpcCall.run(Server.java:1094) [hadoop-common-3.3.6.jar:?]
	at org.apache.hadoop.ipc.Server$RpcCall.run(Server.java:1017) [hadoop-common-3.3.6.jar:?]
	at java.security.AccessController.doPrivileged(Native Method) ~[?:1.8.0_382]
	at javax.security.auth.Subject.doAs(Subject.java:422) [?:1.8.0_382]
	at org.apache.hadoop.security.UserGroupInformation.doAs(UserGroupInformation.java:1899) [hadoop-common-3.3.6.jar:?]
	at org.apache.hadoop.ipc.Server$Handler.run(Server.java:3048) [hadoop-common-3.3.6.jar:?]
18:17:03.521 [IPC Server handler 2 on default port 15004] ERROR OMAudit - user=runner | ip=127.0.0.1 | op=GET_FILE_STATUS {volume=volume59479, bucket=bucket48122, key=testBatchDelete/parent/childFolder/child6, dataSize=0, replicationConfig=null} | ret=FAILURE
org.apache.hadoop.ozone.om.exceptions.OMException: Unable to get file status: volume: volume59479 bucket: bucket48122 key: testBatchDelete/parent/childFolder/child6
	at org.apache.hadoop.ozone.om.KeyManagerImpl.getOzoneFileStatus(KeyManagerImpl.java:1195) ~[ozone-manager-1.4.0-SNAPSHOT.jar:?]
	at org.apache.hadoop.ozone.om.KeyManagerImpl.getFileStatus(KeyManagerImpl.java:1113) ~[ozone-manager-1.4.0-SNAPSHOT.jar:?]
	at org.apache.hadoop.ozone.om.OmMetadataReader.getFileStatus(OmMetadataReader.java:262) ~[ozone-manager-1.4.0-SNAPSHOT.jar:?]
	at org.apache.hadoop.ozone.om.OzoneManager.getFileStatus(OzoneManager.java:3530) ~[ozone-manager-1.4.0-SNAPSHOT.jar:?]
	at org.apache.hadoop.ozone.protocolPB.OzoneManagerRequestHandler.getOzoneFileStatus(OzoneManagerRequestHandler.java:973) ~[ozone-manager-1.4.0-SNAPSHOT.jar:?]
	at org.apache.hadoop.ozone.protocolPB.OzoneManagerRequestHandler.handleReadRequest(OzoneManagerRequestHandler.java:252) ~[ozone-manager-1.4.0-SNAPSHOT.jar:?]
	at org.apache.hadoop.ozone.protocolPB.OzoneManagerProtocolServerSideTranslatorPB.submitReadRequestToOM(OzoneManagerProtocolServerSideTranslatorPB.java:225) ~[ozone-manager-1.4.0-SNAPSHOT.jar:?]
	at org.apache.hadoop.ozone.protocolPB.OzoneManagerProtocolServerSideTranslatorPB.processRequest(OzoneManagerProtocolServerSideTranslatorPB.java:179) ~[ozone-manager-1.4.0-SNAPSHOT.jar:?]
	at org.apache.hadoop.hdds.server.OzoneProtocolMessageDispatcher.processRequest(OzoneProtocolMessageDispatcher.java:87) [hdds-server-framework-1.4.0-SNAPSHOT.jar:?]
	at org.apache.hadoop.ozone.protocolPB.OzoneManagerProtocolServerSideTranslatorPB.submitRequest(OzoneManagerProtocolServerSideTranslatorPB.java:148) [ozone-manager-1.4.0-SNAPSHOT.jar:?]
	at org.apache.hadoop.ozone.protocol.proto.OzoneManagerProtocolProtos$OzoneManagerService$2.callBlockingMethod(OzoneManagerProtocolProtos.java) [ozone-interface-client-1.4.0-SNAPSHOT.jar:?]
	at org.apache.hadoop.ipc.ProtobufRpcEngine$Server.processCall(ProtobufRpcEngine.java:484) [hadoop-common-3.3.6.jar:?]
	at org.apache.hadoop.ipc.ProtobufRpcEngine2$Server$ProtoBufRpcInvoker.call(ProtobufRpcEngine2.java:595) [hadoop-common-3.3.6.jar:?]
	at org.apache.hadoop.ipc.ProtobufRpcEngine2$Server$ProtoBufRpcInvoker.call(ProtobufRpcEngine2.java:573) [hadoop-common-3.3.6.jar:?]
	at org.apache.hadoop.ipc.RPC$Server.call(RPC.java:1227) [hadoop-common-3.3.6.jar:?]
	at org.apache.hadoop.ipc.Server$RpcCall.run(Server.java:1094) [hadoop-common-3.3.6.jar:?]
	at org.apache.hadoop.ipc.Server$RpcCall.run(Server.java:1017) [hadoop-common-3.3.6.jar:?]
	at java.security.AccessController.doPrivileged(Native Method) ~[?:1.8.0_382]
	at javax.security.auth.Subject.doAs(Subject.java:422) [?:1.8.0_382]
	at org.apache.hadoop.security.UserGroupInformation.doAs(UserGroupInformation.java:1899) [hadoop-common-3.3.6.jar:?]
	at org.apache.hadoop.ipc.Server$Handler.run(Server.java:3048) [hadoop-common-3.3.6.jar:?]
18:17:03.523 [IPC Server handler 5 on default port 15004] ERROR OMAudit - user=runner | ip=127.0.0.1 | op=GET_FILE_STATUS {volume=volume59479, bucket=bucket48122, key=testBatchDelete/parent/child7, dataSize=0, replicationConfig=null} | ret=FAILURE
org.apache.hadoop.ozone.om.exceptions.OMException: Unable to get file status: volume: volume59479 bucket: bucket48122 key: testBatchDelete/parent/child7
	at org.apache.hadoop.ozone.om.KeyManagerImpl.getOzoneFileStatus(KeyManagerImpl.java:1195) ~[ozone-manager-1.4.0-SNAPSHOT.jar:?]
	at org.apache.hadoop.ozone.om.KeyManagerImpl.getFileStatus(KeyManagerImpl.java:1113) ~[ozone-manager-1.4.0-SNAPSHOT.jar:?]
	at org.apache.hadoop.ozone.om.OmMetadataReader.getFileStatus(OmMetadataReader.java:262) ~[ozone-manager-1.4.0-SNAPSHOT.jar:?]
	at org.apache.hadoop.ozone.om.OzoneManager.getFileStatus(OzoneManager.java:3530) ~[ozone-manager-1.4.0-SNAPSHOT.jar:?]
	at org.apache.hadoop.ozone.protocolPB.OzoneManagerRequestHandler.getOzoneFileStatus(OzoneManagerRequestHandler.java:973) ~[ozone-manager-1.4.0-SNAPSHOT.jar:?]
	at org.apache.hadoop.ozone.protocolPB.OzoneManagerRequestHandler.handleReadRequest(OzoneManagerRequestHandler.java:252) ~[ozone-manager-1.4.0-SNAPSHOT.jar:?]
	at org.apache.hadoop.ozone.protocolPB.OzoneManagerProtocolServerSideTranslatorPB.submitReadRequestToOM(OzoneManagerProtocolServerSideTranslatorPB.java:225) ~[ozone-manager-1.4.0-SNAPSHOT.jar:?]
	at org.apache.hadoop.ozone.protocolPB.OzoneManagerProtocolServerSideTranslatorPB.processRequest(OzoneManagerProtocolServerSideTranslatorPB.java:179) ~[ozone-manager-1.4.0-SNAPSHOT.jar:?]
	at org.apache.hadoop.hdds.server.OzoneProtocolMessageDispatcher.processRequest(OzoneProtocolMessageDispatcher.java:87) [hdds-server-framework-1.4.0-SNAPSHOT.jar:?]
	at org.apache.hadoop.ozone.protocolPB.OzoneManagerProtocolServerSideTranslatorPB.submitRequest(OzoneManagerProtocolServerSideTranslatorPB.java:148) [ozone-manager-1.4.0-SNAPSHOT.jar:?]
	at org.apache.hadoop.ozone.protocol.proto.OzoneManagerProtocolProtos$OzoneManagerService$2.callBlockingMethod(OzoneManagerProtocolProtos.java) [ozone-interface-client-1.4.0-SNAPSHOT.jar:?]
	at org.apache.hadoop.ipc.ProtobufRpcEngine$Server.processCall(ProtobufRpcEngine.java:484) [hadoop-common-3.3.6.jar:?]
	at org.apache.hadoop.ipc.ProtobufRpcEngine2$Server$ProtoBufRpcInvoker.call(ProtobufRpcEngine2.java:595) [hadoop-common-3.3.6.jar:?]
	at org.apache.hadoop.ipc.ProtobufRpcEngine2$Server$ProtoBufRpcInvoker.call(ProtobufRpcEngine2.java:573) [hadoop-common-3.3.6.jar:?]
	at org.apache.hadoop.ipc.RPC$Server.call(RPC.java:1227) [hadoop-common-3.3.6.jar:?]
	at org.apache.hadoop.ipc.Server$RpcCall.run(Server.java:1094) [hadoop-common-3.3.6.jar:?]
	at org.apache.hadoop.ipc.Server$RpcCall.run(Server.java:1017) [hadoop-common-3.3.6.jar:?]
	at java.security.AccessController.doPrivileged(Native Method) ~[?:1.8.0_382]
	at javax.security.auth.Subject.doAs(Subject.java:422) [?:1.8.0_382]
	at org.apache.hadoop.security.UserGroupInformation.doAs(UserGroupInformation.java:1899) [hadoop-common-3.3.6.jar:?]
	at org.apache.hadoop.ipc.Server$Handler.run(Server.java:3048) [hadoop-common-3.3.6.jar:?]
18:17:03.526 [IPC Server handler 0 on default port 15004] ERROR OMAudit - user=runner | ip=127.0.0.1 | op=GET_FILE_STATUS {volume=volume59479, bucket=bucket48122, key=testBatchDelete/parent/childFolder/child7, dataSize=0, replicationConfig=null} | ret=FAILURE
org.apache.hadoop.ozone.om.exceptions.OMException: Unable to get file status: volume: volume59479 bucket: bucket48122 key: testBatchDelete/parent/childFolder/child7
	at org.apache.hadoop.ozone.om.KeyManagerImpl.getOzoneFileStatus(KeyManagerImpl.java:1195) ~[ozone-manager-1.4.0-SNAPSHOT.jar:?]
	at org.apache.hadoop.ozone.om.KeyManagerImpl.getFileStatus(KeyManagerImpl.java:1113) ~[ozone-manager-1.4.0-SNAPSHOT.jar:?]
	at org.apache.hadoop.ozone.om.OmMetadataReader.getFileStatus(OmMetadataReader.java:262) ~[ozone-manager-1.4.0-SNAPSHOT.jar:?]
	at org.apache.hadoop.ozone.om.OzoneManager.getFileStatus(OzoneManager.java:3530) ~[ozone-manager-1.4.0-SNAPSHOT.jar:?]
	at org.apache.hadoop.ozone.protocolPB.OzoneManagerRequestHandler.getOzoneFileStatus(OzoneManagerRequestHandler.java:973) ~[ozone-manager-1.4.0-SNAPSHOT.jar:?]
	at org.apache.hadoop.ozone.protocolPB.OzoneManagerRequestHandler.handleReadRequest(OzoneManagerRequestHandler.java:252) ~[ozone-manager-1.4.0-SNAPSHOT.jar:?]
	at org.apache.hadoop.ozone.protocolPB.OzoneManagerProtocolServerSideTranslatorPB.submitReadRequestToOM(OzoneManagerProtocolServerSideTranslatorPB.java:225) ~[ozone-manager-1.4.0-SNAPSHOT.jar:?]
	at org.apache.hadoop.ozone.protocolPB.OzoneManagerProtocolServerSideTranslatorPB.processRequest(OzoneManagerProtocolServerSideTranslatorPB.java:179) ~[ozone-manager-1.4.0-SNAPSHOT.jar:?]
	at org.apache.hadoop.hdds.server.OzoneProtocolMessageDispatcher.processRequest(OzoneProtocolMessageDispatcher.java:87) [hdds-server-framework-1.4.0-SNAPSHOT.jar:?]
	at org.apache.hadoop.ozone.protocolPB.OzoneManagerProtocolServerSideTranslatorPB.submitRequest(OzoneManagerProtocolServerSideTranslatorPB.java:148) [ozone-manager-1.4.0-SNAPSHOT.jar:?]
	at org.apache.hadoop.ozone.protocol.proto.OzoneManagerProtocolProtos$OzoneManagerService$2.callBlockingMethod(OzoneManagerProtocolProtos.java) [ozone-interface-client-1.4.0-SNAPSHOT.jar:?]
	at org.apache.hadoop.ipc.ProtobufRpcEngine$Server.processCall(ProtobufRpcEngine.java:484) [hadoop-common-3.3.6.jar:?]
	at org.apache.hadoop.ipc.ProtobufRpcEngine2$Server$ProtoBufRpcInvoker.call(ProtobufRpcEngine2.java:595) [hadoop-common-3.3.6.jar:?]
	at org.apache.hadoop.ipc.ProtobufRpcEngine2$Server$ProtoBufRpcInvoker.call(ProtobufRpcEngine2.java:573) [hadoop-common-3.3.6.jar:?]
	at org.apache.hadoop.ipc.RPC$Server.call(RPC.java:1227) [hadoop-common-3.3.6.jar:?]
	at org.apache.hadoop.ipc.Server$RpcCall.run(Server.java:1094) [hadoop-common-3.3.6.jar:?]
	at org.apache.hadoop.ipc.Server$RpcCall.run(Server.java:1017) [hadoop-common-3.3.6.jar:?]
	at java.security.AccessController.doPrivileged(Native Method) ~[?:1.8.0_382]
	at javax.security.auth.Subject.doAs(Subject.java:422) [?:1.8.0_382]
	at org.apache.hadoop.security.UserGroupInformation.doAs(UserGroupInformation.java:1899) [hadoop-common-3.3.6.jar:?]
	at org.apache.hadoop.ipc.Server$Handler.run(Server.java:3048) [hadoop-common-3.3.6.jar:?]
18:17:03.528 [IPC Server handler 3 on default port 15004] ERROR OMAudit - user=runner | ip=127.0.0.1 | op=GET_FILE_STATUS {volume=volume59479, bucket=bucket48122, key=testBatchDelete/parent, dataSize=0, replicationConfig=null} | ret=FAILURE
org.apache.hadoop.ozone.om.exceptions.OMException: Unable to get file status: volume: volume59479 bucket: bucket48122 key: testBatchDelete/parent
	at org.apache.hadoop.ozone.om.KeyManagerImpl.getOzoneFileStatus(KeyManagerImpl.java:1195) ~[ozone-manager-1.4.0-SNAPSHOT.jar:?]
	at org.apache.hadoop.ozone.om.KeyManagerImpl.getFileStatus(KeyManagerImpl.java:1113) ~[ozone-manager-1.4.0-SNAPSHOT.jar:?]
	at org.apache.hadoop.ozone.om.OmMetadataReader.getFileStatus(OmMetadataReader.java:262) ~[ozone-manager-1.4.0-SNAPSHOT.jar:?]
	at org.apache.hadoop.ozone.om.OzoneManager.getFileStatus(OzoneManager.java:3530) ~[ozone-manager-1.4.0-SNAPSHOT.jar:?]
	at org.apache.hadoop.ozone.protocolPB.OzoneManagerRequestHandler.getOzoneFileStatus(OzoneManagerRequestHandler.java:973) ~[ozone-manager-1.4.0-SNAPSHOT.jar:?]
	at org.apache.hadoop.ozone.protocolPB.OzoneManagerRequestHandler.handleReadRequest(OzoneManagerRequestHandler.java:252) ~[ozone-manager-1.4.0-SNAPSHOT.jar:?]
	at org.apache.hadoop.ozone.protocolPB.OzoneManagerProtocolServerSideTranslatorPB.submitReadRequestToOM(OzoneManagerProtocolServerSideTranslatorPB.java:225) ~[ozone-manager-1.4.0-SNAPSHOT.jar:?]
	at org.apache.hadoop.ozone.protocolPB.OzoneManagerProtocolServerSideTranslatorPB.processRequest(OzoneManagerProtocolServerSideTranslatorPB.java:179) ~[ozone-manager-1.4.0-SNAPSHOT.jar:?]
	at org.apache.hadoop.hdds.server.OzoneProtocolMessageDispatcher.processRequest(OzoneProtocolMessageDispatcher.java:87) [hdds-server-framework-1.4.0-SNAPSHOT.jar:?]
	at org.apache.hadoop.ozone.protocolPB.OzoneManagerProtocolServerSideTranslatorPB.submitRequest(OzoneManagerProtocolServerSideTranslatorPB.java:148) [ozone-manager-1.4.0-SNAPSHOT.jar:?]
	at org.apache.hadoop.ozone.protocol.proto.OzoneManagerProtocolProtos$OzoneManagerService$2.callBlockingMethod(OzoneManagerProtocolProtos.java) [ozone-interface-client-1.4.0-SNAPSHOT.jar:?]
	at org.apache.hadoop.ipc.ProtobufRpcEngine$Server.processCall(ProtobufRpcEngine.java:484) [hadoop-common-3.3.6.jar:?]
	at org.apache.hadoop.ipc.ProtobufRpcEngine2$Server$ProtoBufRpcInvoker.call(ProtobufRpcEngine2.java:595) [hadoop-common-3.3.6.jar:?]
	at org.apache.hadoop.ipc.ProtobufRpcEngine2$Server$ProtoBufRpcInvoker.call(ProtobufRpcEngine2.java:573) [hadoop-common-3.3.6.jar:?]
	at org.apache.hadoop.ipc.RPC$Server.call(RPC.java:1227) [hadoop-common-3.3.6.jar:?]
	at org.apache.hadoop.ipc.Server$RpcCall.run(Server.java:1094) [hadoop-common-3.3.6.jar:?]
	at org.apache.hadoop.ipc.Server$RpcCall.run(Server.java:1017) [hadoop-common-3.3.6.jar:?]
	at java.security.AccessController.doPrivileged(Native Method) ~[?:1.8.0_382]
	at javax.security.auth.Subject.doAs(Subject.java:422) [?:1.8.0_382]
	at org.apache.hadoop.security.UserGroupInformation.doAs(UserGroupInformation.java:1899) [hadoop-common-3.3.6.jar:?]
	at org.apache.hadoop.ipc.Server$Handler.run(Server.java:3048) [hadoop-common-3.3.6.jar:?]
2023-08-31 18:17:03,529 [Time-limited test] WARN  ozone.BasicOzoneFileSystem (BasicOzoneFileSystem.java:delete(595)) - delete: Path does not exist: /testBatchDelete/parent
]]></system-out>
  </testcase>
  <testcase name="testFileDelete" classname="TestOzoneFileSystem" time="0.148">
    <system-out><![CDATA[18:18:47.873 [IPC Server handler 12 on default port 15057] ERROR OMAudit - user=runner | ip=127.0.0.1 | op=GET_FILE_STATUS {volume=volume38115, bucket=bucket38025, key=testBatchDelete, dataSize=0, replicationConfig=null} | ret=FAILURE
org.apache.hadoop.ozone.om.exceptions.OMException: Unable to get file status: volume: volume38115 bucket: bucket38025 key: testBatchDelete
	at org.apache.hadoop.ozone.om.KeyManagerImpl.getOzoneFileStatus(KeyManagerImpl.java:1195) ~[ozone-manager-1.4.0-SNAPSHOT.jar:?]
	at org.apache.hadoop.ozone.om.KeyManagerImpl.getFileStatus(KeyManagerImpl.java:1113) ~[ozone-manager-1.4.0-SNAPSHOT.jar:?]
	at org.apache.hadoop.ozone.om.OmMetadataReader.getFileStatus(OmMetadataReader.java:262) ~[ozone-manager-1.4.0-SNAPSHOT.jar:?]
	at org.apache.hadoop.ozone.om.OzoneManager.getFileStatus(OzoneManager.java:3530) ~[ozone-manager-1.4.0-SNAPSHOT.jar:?]
	at org.apache.hadoop.ozone.protocolPB.OzoneManagerRequestHandler.getOzoneFileStatus(OzoneManagerRequestHandler.java:973) ~[ozone-manager-1.4.0-SNAPSHOT.jar:?]
	at org.apache.hadoop.ozone.protocolPB.OzoneManagerRequestHandler.handleReadRequest(OzoneManagerRequestHandler.java:252) ~[ozone-manager-1.4.0-SNAPSHOT.jar:?]
	at org.apache.hadoop.ozone.protocolPB.OzoneManagerProtocolServerSideTranslatorPB.submitRequestDirectlyToOM(OzoneManagerProtocolServerSideTranslatorPB.java:274) ~[ozone-manager-1.4.0-SNAPSHOT.jar:?]
	at org.apache.hadoop.ozone.protocolPB.OzoneManagerProtocolServerSideTranslatorPB.processRequest(OzoneManagerProtocolServerSideTranslatorPB.java:175) ~[ozone-manager-1.4.0-SNAPSHOT.jar:?]
	at org.apache.hadoop.hdds.server.OzoneProtocolMessageDispatcher.processRequest(OzoneProtocolMessageDispatcher.java:87) [hdds-server-framework-1.4.0-SNAPSHOT.jar:?]
	at org.apache.hadoop.ozone.protocolPB.OzoneManagerProtocolServerSideTranslatorPB.submitRequest(OzoneManagerProtocolServerSideTranslatorPB.java:148) [ozone-manager-1.4.0-SNAPSHOT.jar:?]
	at org.apache.hadoop.ozone.protocol.proto.OzoneManagerProtocolProtos$OzoneManagerService$2.callBlockingMethod(OzoneManagerProtocolProtos.java) [ozone-interface-client-1.4.0-SNAPSHOT.jar:?]
	at org.apache.hadoop.ipc.ProtobufRpcEngine$Server.processCall(ProtobufRpcEngine.java:484) [hadoop-common-3.3.6.jar:?]
	at org.apache.hadoop.ipc.ProtobufRpcEngine2$Server$ProtoBufRpcInvoker.call(ProtobufRpcEngine2.java:595) [hadoop-common-3.3.6.jar:?]
	at org.apache.hadoop.ipc.ProtobufRpcEngine2$Server$ProtoBufRpcInvoker.call(ProtobufRpcEngine2.java:573) [hadoop-common-3.3.6.jar:?]
	at org.apache.hadoop.ipc.RPC$Server.call(RPC.java:1227) [hadoop-common-3.3.6.jar:?]
	at org.apache.hadoop.ipc.Server$RpcCall.run(Server.java:1094) [hadoop-common-3.3.6.jar:?]
	at org.apache.hadoop.ipc.Server$RpcCall.run(Server.java:1017) [hadoop-common-3.3.6.jar:?]
	at java.security.AccessController.doPrivileged(Native Method) ~[?:1.8.0_382]
	at javax.security.auth.Subject.doAs(Subject.java:422) [?:1.8.0_382]
	at org.apache.hadoop.security.UserGroupInformation.doAs(UserGroupInformation.java:1899) [hadoop-common-3.3.6.jar:?]
	at org.apache.hadoop.ipc.Server$Handler.run(Server.java:3048) [hadoop-common-3.3.6.jar:?]
18:18:47.874 [IPC Server handler 6 on default port 15057] ERROR OMAudit - user=runner | ip=127.0.0.1 | op=GET_FILE_STATUS {volume=volume38115, bucket=bucket38025, key=testBatchDelete/parent/child0, dataSize=0, replicationConfig=null} | ret=FAILURE
org.apache.hadoop.ozone.om.exceptions.OMException: Unable to get file status: volume: volume38115 bucket: bucket38025 key: testBatchDelete/parent/child0
	at org.apache.hadoop.ozone.om.KeyManagerImpl.getOzoneFileStatus(KeyManagerImpl.java:1195) ~[ozone-manager-1.4.0-SNAPSHOT.jar:?]
	at org.apache.hadoop.ozone.om.KeyManagerImpl.getFileStatus(KeyManagerImpl.java:1113) ~[ozone-manager-1.4.0-SNAPSHOT.jar:?]
	at org.apache.hadoop.ozone.om.OmMetadataReader.getFileStatus(OmMetadataReader.java:262) ~[ozone-manager-1.4.0-SNAPSHOT.jar:?]
	at org.apache.hadoop.ozone.om.OzoneManager.getFileStatus(OzoneManager.java:3530) ~[ozone-manager-1.4.0-SNAPSHOT.jar:?]
	at org.apache.hadoop.ozone.protocolPB.OzoneManagerRequestHandler.getOzoneFileStatus(OzoneManagerRequestHandler.java:973) ~[ozone-manager-1.4.0-SNAPSHOT.jar:?]
	at org.apache.hadoop.ozone.protocolPB.OzoneManagerRequestHandler.handleReadRequest(OzoneManagerRequestHandler.java:252) ~[ozone-manager-1.4.0-SNAPSHOT.jar:?]
	at org.apache.hadoop.ozone.protocolPB.OzoneManagerProtocolServerSideTranslatorPB.submitRequestDirectlyToOM(OzoneManagerProtocolServerSideTranslatorPB.java:274) ~[ozone-manager-1.4.0-SNAPSHOT.jar:?]
	at org.apache.hadoop.ozone.protocolPB.OzoneManagerProtocolServerSideTranslatorPB.processRequest(OzoneManagerProtocolServerSideTranslatorPB.java:175) ~[ozone-manager-1.4.0-SNAPSHOT.jar:?]
	at org.apache.hadoop.hdds.server.OzoneProtocolMessageDispatcher.processRequest(OzoneProtocolMessageDispatcher.java:87) [hdds-server-framework-1.4.0-SNAPSHOT.jar:?]
	at org.apache.hadoop.ozone.protocolPB.OzoneManagerProtocolServerSideTranslatorPB.submitRequest(OzoneManagerProtocolServerSideTranslatorPB.java:148) [ozone-manager-1.4.0-SNAPSHOT.jar:?]
	at org.apache.hadoop.ozone.protocol.proto.OzoneManagerProtocolProtos$OzoneManagerService$2.callBlockingMethod(OzoneManagerProtocolProtos.java) [ozone-interface-client-1.4.0-SNAPSHOT.jar:?]
	at org.apache.hadoop.ipc.ProtobufRpcEngine$Server.processCall(ProtobufRpcEngine.java:484) [hadoop-common-3.3.6.jar:?]
	at org.apache.hadoop.ipc.ProtobufRpcEngine2$Server$ProtoBufRpcInvoker.call(ProtobufRpcEngine2.java:595) [hadoop-common-3.3.6.jar:?]
	at org.apache.hadoop.ipc.ProtobufRpcEngine2$Server$ProtoBufRpcInvoker.call(ProtobufRpcEngine2.java:573) [hadoop-common-3.3.6.jar:?]
	at org.apache.hadoop.ipc.RPC$Server.call(RPC.java:1227) [hadoop-common-3.3.6.jar:?]
	at org.apache.hadoop.ipc.Server$RpcCall.run(Server.java:1094) [hadoop-common-3.3.6.jar:?]
	at org.apache.hadoop.ipc.Server$RpcCall.run(Server.java:1017) [hadoop-common-3.3.6.jar:?]
	at java.security.AccessController.doPrivileged(Native Method) ~[?:1.8.0_382]
	at javax.security.auth.Subject.doAs(Subject.java:422) [?:1.8.0_382]
	at org.apache.hadoop.security.UserGroupInformation.doAs(UserGroupInformation.java:1899) [hadoop-common-3.3.6.jar:?]
	at org.apache.hadoop.ipc.Server$Handler.run(Server.java:3048) [hadoop-common-3.3.6.jar:?]
18:18:47.876 [IPC Server handler 11 on default port 15057] ERROR OMAudit - user=runner | ip=127.0.0.1 | op=GET_FILE_STATUS {volume=volume38115, bucket=bucket38025, key=testBatchDelete/parent/childFolder/child0, dataSize=0, replicationConfig=null} | ret=FAILURE
org.apache.hadoop.ozone.om.exceptions.OMException: Unable to get file status: volume: volume38115 bucket: bucket38025 key: testBatchDelete/parent/childFolder/child0
	at org.apache.hadoop.ozone.om.KeyManagerImpl.getOzoneFileStatus(KeyManagerImpl.java:1195) ~[ozone-manager-1.4.0-SNAPSHOT.jar:?]
	at org.apache.hadoop.ozone.om.KeyManagerImpl.getFileStatus(KeyManagerImpl.java:1113) ~[ozone-manager-1.4.0-SNAPSHOT.jar:?]
	at org.apache.hadoop.ozone.om.OmMetadataReader.getFileStatus(OmMetadataReader.java:262) ~[ozone-manager-1.4.0-SNAPSHOT.jar:?]
	at org.apache.hadoop.ozone.om.OzoneManager.getFileStatus(OzoneManager.java:3530) ~[ozone-manager-1.4.0-SNAPSHOT.jar:?]
	at org.apache.hadoop.ozone.protocolPB.OzoneManagerRequestHandler.getOzoneFileStatus(OzoneManagerRequestHandler.java:973) ~[ozone-manager-1.4.0-SNAPSHOT.jar:?]
	at org.apache.hadoop.ozone.protocolPB.OzoneManagerRequestHandler.handleReadRequest(OzoneManagerRequestHandler.java:252) ~[ozone-manager-1.4.0-SNAPSHOT.jar:?]
	at org.apache.hadoop.ozone.protocolPB.OzoneManagerProtocolServerSideTranslatorPB.submitRequestDirectlyToOM(OzoneManagerProtocolServerSideTranslatorPB.java:274) ~[ozone-manager-1.4.0-SNAPSHOT.jar:?]
	at org.apache.hadoop.ozone.protocolPB.OzoneManagerProtocolServerSideTranslatorPB.processRequest(OzoneManagerProtocolServerSideTranslatorPB.java:175) ~[ozone-manager-1.4.0-SNAPSHOT.jar:?]
	at org.apache.hadoop.hdds.server.OzoneProtocolMessageDispatcher.processRequest(OzoneProtocolMessageDispatcher.java:87) [hdds-server-framework-1.4.0-SNAPSHOT.jar:?]
	at org.apache.hadoop.ozone.protocolPB.OzoneManagerProtocolServerSideTranslatorPB.submitRequest(OzoneManagerProtocolServerSideTranslatorPB.java:148) [ozone-manager-1.4.0-SNAPSHOT.jar:?]
	at org.apache.hadoop.ozone.protocol.proto.OzoneManagerProtocolProtos$OzoneManagerService$2.callBlockingMethod(OzoneManagerProtocolProtos.java) [ozone-interface-client-1.4.0-SNAPSHOT.jar:?]
	at org.apache.hadoop.ipc.ProtobufRpcEngine$Server.processCall(ProtobufRpcEngine.java:484) [hadoop-common-3.3.6.jar:?]
	at org.apache.hadoop.ipc.ProtobufRpcEngine2$Server$ProtoBufRpcInvoker.call(ProtobufRpcEngine2.java:595) [hadoop-common-3.3.6.jar:?]
	at org.apache.hadoop.ipc.ProtobufRpcEngine2$Server$ProtoBufRpcInvoker.call(ProtobufRpcEngine2.java:573) [hadoop-common-3.3.6.jar:?]
	at org.apache.hadoop.ipc.RPC$Server.call(RPC.java:1227) [hadoop-common-3.3.6.jar:?]
	at org.apache.hadoop.ipc.Server$RpcCall.run(Server.java:1094) [hadoop-common-3.3.6.jar:?]
	at org.apache.hadoop.ipc.Server$RpcCall.run(Server.java:1017) [hadoop-common-3.3.6.jar:?]
	at java.security.AccessController.doPrivileged(Native Method) ~[?:1.8.0_382]
	at javax.security.auth.Subject.doAs(Subject.java:422) [?:1.8.0_382]
	at org.apache.hadoop.security.UserGroupInformation.doAs(UserGroupInformation.java:1899) [hadoop-common-3.3.6.jar:?]
	at org.apache.hadoop.ipc.Server$Handler.run(Server.java:3048) [hadoop-common-3.3.6.jar:?]
18:18:47.877 [IPC Server handler 9 on default port 15057] ERROR OMAudit - user=runner | ip=127.0.0.1 | op=GET_FILE_STATUS {volume=volume38115, bucket=bucket38025, key=testBatchDelete/parent/child1, dataSize=0, replicationConfig=null} | ret=FAILURE
org.apache.hadoop.ozone.om.exceptions.OMException: Unable to get file status: volume: volume38115 bucket: bucket38025 key: testBatchDelete/parent/child1
	at org.apache.hadoop.ozone.om.KeyManagerImpl.getOzoneFileStatus(KeyManagerImpl.java:1195) ~[ozone-manager-1.4.0-SNAPSHOT.jar:?]
	at org.apache.hadoop.ozone.om.KeyManagerImpl.getFileStatus(KeyManagerImpl.java:1113) ~[ozone-manager-1.4.0-SNAPSHOT.jar:?]
	at org.apache.hadoop.ozone.om.OmMetadataReader.getFileStatus(OmMetadataReader.java:262) ~[ozone-manager-1.4.0-SNAPSHOT.jar:?]
	at org.apache.hadoop.ozone.om.OzoneManager.getFileStatus(OzoneManager.java:3530) ~[ozone-manager-1.4.0-SNAPSHOT.jar:?]
	at org.apache.hadoop.ozone.protocolPB.OzoneManagerRequestHandler.getOzoneFileStatus(OzoneManagerRequestHandler.java:973) ~[ozone-manager-1.4.0-SNAPSHOT.jar:?]
	at org.apache.hadoop.ozone.protocolPB.OzoneManagerRequestHandler.handleReadRequest(OzoneManagerRequestHandler.java:252) ~[ozone-manager-1.4.0-SNAPSHOT.jar:?]
	at org.apache.hadoop.ozone.protocolPB.OzoneManagerProtocolServerSideTranslatorPB.submitRequestDirectlyToOM(OzoneManagerProtocolServerSideTranslatorPB.java:274) ~[ozone-manager-1.4.0-SNAPSHOT.jar:?]
	at org.apache.hadoop.ozone.protocolPB.OzoneManagerProtocolServerSideTranslatorPB.processRequest(OzoneManagerProtocolServerSideTranslatorPB.java:175) ~[ozone-manager-1.4.0-SNAPSHOT.jar:?]
	at org.apache.hadoop.hdds.server.OzoneProtocolMessageDispatcher.processRequest(OzoneProtocolMessageDispatcher.java:87) [hdds-server-framework-1.4.0-SNAPSHOT.jar:?]
	at org.apache.hadoop.ozone.protocolPB.OzoneManagerProtocolServerSideTranslatorPB.submitRequest(OzoneManagerProtocolServerSideTranslatorPB.java:148) [ozone-manager-1.4.0-SNAPSHOT.jar:?]
	at org.apache.hadoop.ozone.protocol.proto.OzoneManagerProtocolProtos$OzoneManagerService$2.callBlockingMethod(OzoneManagerProtocolProtos.java) [ozone-interface-client-1.4.0-SNAPSHOT.jar:?]
	at org.apache.hadoop.ipc.ProtobufRpcEngine$Server.processCall(ProtobufRpcEngine.java:484) [hadoop-common-3.3.6.jar:?]
	at org.apache.hadoop.ipc.ProtobufRpcEngine2$Server$ProtoBufRpcInvoker.call(ProtobufRpcEngine2.java:595) [hadoop-common-3.3.6.jar:?]
	at org.apache.hadoop.ipc.ProtobufRpcEngine2$Server$ProtoBufRpcInvoker.call(ProtobufRpcEngine2.java:573) [hadoop-common-3.3.6.jar:?]
	at org.apache.hadoop.ipc.RPC$Server.call(RPC.java:1227) [hadoop-common-3.3.6.jar:?]
	at org.apache.hadoop.ipc.Server$RpcCall.run(Server.java:1094) [hadoop-common-3.3.6.jar:?]
	at org.apache.hadoop.ipc.Server$RpcCall.run(Server.java:1017) [hadoop-common-3.3.6.jar:?]
	at java.security.AccessController.doPrivileged(Native Method) ~[?:1.8.0_382]
	at javax.security.auth.Subject.doAs(Subject.java:422) [?:1.8.0_382]
	at org.apache.hadoop.security.UserGroupInformation.doAs(UserGroupInformation.java:1899) [hadoop-common-3.3.6.jar:?]
	at org.apache.hadoop.ipc.Server$Handler.run(Server.java:3048) [hadoop-common-3.3.6.jar:?]
18:18:47.878 [IPC Server handler 4 on default port 15057] ERROR OMAudit - user=runner | ip=127.0.0.1 | op=GET_FILE_STATUS {volume=volume38115, bucket=bucket38025, key=testBatchDelete/parent/childFolder/child1, dataSize=0, replicationConfig=null} | ret=FAILURE
org.apache.hadoop.ozone.om.exceptions.OMException: Unable to get file status: volume: volume38115 bucket: bucket38025 key: testBatchDelete/parent/childFolder/child1
	at org.apache.hadoop.ozone.om.KeyManagerImpl.getOzoneFileStatus(KeyManagerImpl.java:1195) ~[ozone-manager-1.4.0-SNAPSHOT.jar:?]
	at org.apache.hadoop.ozone.om.KeyManagerImpl.getFileStatus(KeyManagerImpl.java:1113) ~[ozone-manager-1.4.0-SNAPSHOT.jar:?]
	at org.apache.hadoop.ozone.om.OmMetadataReader.getFileStatus(OmMetadataReader.java:262) ~[ozone-manager-1.4.0-SNAPSHOT.jar:?]
	at org.apache.hadoop.ozone.om.OzoneManager.getFileStatus(OzoneManager.java:3530) ~[ozone-manager-1.4.0-SNAPSHOT.jar:?]
	at org.apache.hadoop.ozone.protocolPB.OzoneManagerRequestHandler.getOzoneFileStatus(OzoneManagerRequestHandler.java:973) ~[ozone-manager-1.4.0-SNAPSHOT.jar:?]
	at org.apache.hadoop.ozone.protocolPB.OzoneManagerRequestHandler.handleReadRequest(OzoneManagerRequestHandler.java:252) ~[ozone-manager-1.4.0-SNAPSHOT.jar:?]
	at org.apache.hadoop.ozone.protocolPB.OzoneManagerProtocolServerSideTranslatorPB.submitRequestDirectlyToOM(OzoneManagerProtocolServerSideTranslatorPB.java:274) ~[ozone-manager-1.4.0-SNAPSHOT.jar:?]
	at org.apache.hadoop.ozone.protocolPB.OzoneManagerProtocolServerSideTranslatorPB.processRequest(OzoneManagerProtocolServerSideTranslatorPB.java:175) ~[ozone-manager-1.4.0-SNAPSHOT.jar:?]
	at org.apache.hadoop.hdds.server.OzoneProtocolMessageDispatcher.processRequest(OzoneProtocolMessageDispatcher.java:87) [hdds-server-framework-1.4.0-SNAPSHOT.jar:?]
	at org.apache.hadoop.ozone.protocolPB.OzoneManagerProtocolServerSideTranslatorPB.submitRequest(OzoneManagerProtocolServerSideTranslatorPB.java:148) [ozone-manager-1.4.0-SNAPSHOT.jar:?]
	at org.apache.hadoop.ozone.protocol.proto.OzoneManagerProtocolProtos$OzoneManagerService$2.callBlockingMethod(OzoneManagerProtocolProtos.java) [ozone-interface-client-1.4.0-SNAPSHOT.jar:?]
	at org.apache.hadoop.ipc.ProtobufRpcEngine$Server.processCall(ProtobufRpcEngine.java:484) [hadoop-common-3.3.6.jar:?]
	at org.apache.hadoop.ipc.ProtobufRpcEngine2$Server$ProtoBufRpcInvoker.call(ProtobufRpcEngine2.java:595) [hadoop-common-3.3.6.jar:?]
	at org.apache.hadoop.ipc.ProtobufRpcEngine2$Server$ProtoBufRpcInvoker.call(ProtobufRpcEngine2.java:573) [hadoop-common-3.3.6.jar:?]
	at org.apache.hadoop.ipc.RPC$Server.call(RPC.java:1227) [hadoop-common-3.3.6.jar:?]
	at org.apache.hadoop.ipc.Server$RpcCall.run(Server.java:1094) [hadoop-common-3.3.6.jar:?]
	at org.apache.hadoop.ipc.Server$RpcCall.run(Server.java:1017) [hadoop-common-3.3.6.jar:?]
	at java.security.AccessController.doPrivileged(Native Method) ~[?:1.8.0_382]
	at javax.security.auth.Subject.doAs(Subject.java:422) [?:1.8.0_382]
	at org.apache.hadoop.security.UserGroupInformation.doAs(UserGroupInformation.java:1899) [hadoop-common-3.3.6.jar:?]
	at org.apache.hadoop.ipc.Server$Handler.run(Server.java:3048) [hadoop-common-3.3.6.jar:?]
18:18:47.879 [IPC Server handler 8 on default port 15057] ERROR OMAudit - user=runner | ip=127.0.0.1 | op=GET_FILE_STATUS {volume=volume38115, bucket=bucket38025, key=testBatchDelete/parent/child2, dataSize=0, replicationConfig=null} | ret=FAILURE
org.apache.hadoop.ozone.om.exceptions.OMException: Unable to get file status: volume: volume38115 bucket: bucket38025 key: testBatchDelete/parent/child2
	at org.apache.hadoop.ozone.om.KeyManagerImpl.getOzoneFileStatus(KeyManagerImpl.java:1195) ~[ozone-manager-1.4.0-SNAPSHOT.jar:?]
	at org.apache.hadoop.ozone.om.KeyManagerImpl.getFileStatus(KeyManagerImpl.java:1113) ~[ozone-manager-1.4.0-SNAPSHOT.jar:?]
	at org.apache.hadoop.ozone.om.OmMetadataReader.getFileStatus(OmMetadataReader.java:262) ~[ozone-manager-1.4.0-SNAPSHOT.jar:?]
	at org.apache.hadoop.ozone.om.OzoneManager.getFileStatus(OzoneManager.java:3530) ~[ozone-manager-1.4.0-SNAPSHOT.jar:?]
	at org.apache.hadoop.ozone.protocolPB.OzoneManagerRequestHandler.getOzoneFileStatus(OzoneManagerRequestHandler.java:973) ~[ozone-manager-1.4.0-SNAPSHOT.jar:?]
	at org.apache.hadoop.ozone.protocolPB.OzoneManagerRequestHandler.handleReadRequest(OzoneManagerRequestHandler.java:252) ~[ozone-manager-1.4.0-SNAPSHOT.jar:?]
	at org.apache.hadoop.ozone.protocolPB.OzoneManagerProtocolServerSideTranslatorPB.submitRequestDirectlyToOM(OzoneManagerProtocolServerSideTranslatorPB.java:274) ~[ozone-manager-1.4.0-SNAPSHOT.jar:?]
	at org.apache.hadoop.ozone.protocolPB.OzoneManagerProtocolServerSideTranslatorPB.processRequest(OzoneManagerProtocolServerSideTranslatorPB.java:175) ~[ozone-manager-1.4.0-SNAPSHOT.jar:?]
	at org.apache.hadoop.hdds.server.OzoneProtocolMessageDispatcher.processRequest(OzoneProtocolMessageDispatcher.java:87) [hdds-server-framework-1.4.0-SNAPSHOT.jar:?]
	at org.apache.hadoop.ozone.protocolPB.OzoneManagerProtocolServerSideTranslatorPB.submitRequest(OzoneManagerProtocolServerSideTranslatorPB.java:148) [ozone-manager-1.4.0-SNAPSHOT.jar:?]
	at org.apache.hadoop.ozone.protocol.proto.OzoneManagerProtocolProtos$OzoneManagerService$2.callBlockingMethod(OzoneManagerProtocolProtos.java) [ozone-interface-client-1.4.0-SNAPSHOT.jar:?]
	at org.apache.hadoop.ipc.ProtobufRpcEngine$Server.processCall(ProtobufRpcEngine.java:484) [hadoop-common-3.3.6.jar:?]
	at org.apache.hadoop.ipc.ProtobufRpcEngine2$Server$ProtoBufRpcInvoker.call(ProtobufRpcEngine2.java:595) [hadoop-common-3.3.6.jar:?]
	at org.apache.hadoop.ipc.ProtobufRpcEngine2$Server$ProtoBufRpcInvoker.call(ProtobufRpcEngine2.java:573) [hadoop-common-3.3.6.jar:?]
	at org.apache.hadoop.ipc.RPC$Server.call(RPC.java:1227) [hadoop-common-3.3.6.jar:?]
	at org.apache.hadoop.ipc.Server$RpcCall.run(Server.java:1094) [hadoop-common-3.3.6.jar:?]
	at org.apache.hadoop.ipc.Server$RpcCall.run(Server.java:1017) [hadoop-common-3.3.6.jar:?]
	at java.security.AccessController.doPrivileged(Native Method) ~[?:1.8.0_382]
	at javax.security.auth.Subject.doAs(Subject.java:422) [?:1.8.0_382]
	at org.apache.hadoop.security.UserGroupInformation.doAs(UserGroupInformation.java:1899) [hadoop-common-3.3.6.jar:?]
	at org.apache.hadoop.ipc.Server$Handler.run(Server.java:3048) [hadoop-common-3.3.6.jar:?]
18:18:47.881 [IPC Server handler 7 on default port 15057] ERROR OMAudit - user=runner | ip=127.0.0.1 | op=GET_FILE_STATUS {volume=volume38115, bucket=bucket38025, key=testBatchDelete/parent/childFolder/child2, dataSize=0, replicationConfig=null} | ret=FAILURE
org.apache.hadoop.ozone.om.exceptions.OMException: Unable to get file status: volume: volume38115 bucket: bucket38025 key: testBatchDelete/parent/childFolder/child2
	at org.apache.hadoop.ozone.om.KeyManagerImpl.getOzoneFileStatus(KeyManagerImpl.java:1195) ~[ozone-manager-1.4.0-SNAPSHOT.jar:?]
	at org.apache.hadoop.ozone.om.KeyManagerImpl.getFileStatus(KeyManagerImpl.java:1113) ~[ozone-manager-1.4.0-SNAPSHOT.jar:?]
	at org.apache.hadoop.ozone.om.OmMetadataReader.getFileStatus(OmMetadataReader.java:262) ~[ozone-manager-1.4.0-SNAPSHOT.jar:?]
	at org.apache.hadoop.ozone.om.OzoneManager.getFileStatus(OzoneManager.java:3530) ~[ozone-manager-1.4.0-SNAPSHOT.jar:?]
	at org.apache.hadoop.ozone.protocolPB.OzoneManagerRequestHandler.getOzoneFileStatus(OzoneManagerRequestHandler.java:973) ~[ozone-manager-1.4.0-SNAPSHOT.jar:?]
	at org.apache.hadoop.ozone.protocolPB.OzoneManagerRequestHandler.handleReadRequest(OzoneManagerRequestHandler.java:252) ~[ozone-manager-1.4.0-SNAPSHOT.jar:?]
	at org.apache.hadoop.ozone.protocolPB.OzoneManagerProtocolServerSideTranslatorPB.submitRequestDirectlyToOM(OzoneManagerProtocolServerSideTranslatorPB.java:274) ~[ozone-manager-1.4.0-SNAPSHOT.jar:?]
	at org.apache.hadoop.ozone.protocolPB.OzoneManagerProtocolServerSideTranslatorPB.processRequest(OzoneManagerProtocolServerSideTranslatorPB.java:175) ~[ozone-manager-1.4.0-SNAPSHOT.jar:?]
	at org.apache.hadoop.hdds.server.OzoneProtocolMessageDispatcher.processRequest(OzoneProtocolMessageDispatcher.java:87) [hdds-server-framework-1.4.0-SNAPSHOT.jar:?]
	at org.apache.hadoop.ozone.protocolPB.OzoneManagerProtocolServerSideTranslatorPB.submitRequest(OzoneManagerProtocolServerSideTranslatorPB.java:148) [ozone-manager-1.4.0-SNAPSHOT.jar:?]
	at org.apache.hadoop.ozone.protocol.proto.OzoneManagerProtocolProtos$OzoneManagerService$2.callBlockingMethod(OzoneManagerProtocolProtos.java) [ozone-interface-client-1.4.0-SNAPSHOT.jar:?]
	at org.apache.hadoop.ipc.ProtobufRpcEngine$Server.processCall(ProtobufRpcEngine.java:484) [hadoop-common-3.3.6.jar:?]
	at org.apache.hadoop.ipc.ProtobufRpcEngine2$Server$ProtoBufRpcInvoker.call(ProtobufRpcEngine2.java:595) [hadoop-common-3.3.6.jar:?]
	at org.apache.hadoop.ipc.ProtobufRpcEngine2$Server$ProtoBufRpcInvoker.call(ProtobufRpcEngine2.java:573) [hadoop-common-3.3.6.jar:?]
	at org.apache.hadoop.ipc.RPC$Server.call(RPC.java:1227) [hadoop-common-3.3.6.jar:?]
	at org.apache.hadoop.ipc.Server$RpcCall.run(Server.java:1094) [hadoop-common-3.3.6.jar:?]
	at org.apache.hadoop.ipc.Server$RpcCall.run(Server.java:1017) [hadoop-common-3.3.6.jar:?]
	at java.security.AccessController.doPrivileged(Native Method) ~[?:1.8.0_382]
	at javax.security.auth.Subject.doAs(Subject.java:422) [?:1.8.0_382]
	at org.apache.hadoop.security.UserGroupInformation.doAs(UserGroupInformation.java:1899) [hadoop-common-3.3.6.jar:?]
	at org.apache.hadoop.ipc.Server$Handler.run(Server.java:3048) [hadoop-common-3.3.6.jar:?]
18:18:47.882 [IPC Server handler 0 on default port 15057] ERROR OMAudit - user=runner | ip=127.0.0.1 | op=GET_FILE_STATUS {volume=volume38115, bucket=bucket38025, key=testBatchDelete/parent/child3, dataSize=0, replicationConfig=null} | ret=FAILURE
org.apache.hadoop.ozone.om.exceptions.OMException: Unable to get file status: volume: volume38115 bucket: bucket38025 key: testBatchDelete/parent/child3
	at org.apache.hadoop.ozone.om.KeyManagerImpl.getOzoneFileStatus(KeyManagerImpl.java:1195) ~[ozone-manager-1.4.0-SNAPSHOT.jar:?]
	at org.apache.hadoop.ozone.om.KeyManagerImpl.getFileStatus(KeyManagerImpl.java:1113) ~[ozone-manager-1.4.0-SNAPSHOT.jar:?]
	at org.apache.hadoop.ozone.om.OmMetadataReader.getFileStatus(OmMetadataReader.java:262) ~[ozone-manager-1.4.0-SNAPSHOT.jar:?]
	at org.apache.hadoop.ozone.om.OzoneManager.getFileStatus(OzoneManager.java:3530) ~[ozone-manager-1.4.0-SNAPSHOT.jar:?]
	at org.apache.hadoop.ozone.protocolPB.OzoneManagerRequestHandler.getOzoneFileStatus(OzoneManagerRequestHandler.java:973) ~[ozone-manager-1.4.0-SNAPSHOT.jar:?]
	at org.apache.hadoop.ozone.protocolPB.OzoneManagerRequestHandler.handleReadRequest(OzoneManagerRequestHandler.java:252) ~[ozone-manager-1.4.0-SNAPSHOT.jar:?]
	at org.apache.hadoop.ozone.protocolPB.OzoneManagerProtocolServerSideTranslatorPB.submitRequestDirectlyToOM(OzoneManagerProtocolServerSideTranslatorPB.java:274) ~[ozone-manager-1.4.0-SNAPSHOT.jar:?]
	at org.apache.hadoop.ozone.protocolPB.OzoneManagerProtocolServerSideTranslatorPB.processRequest(OzoneManagerProtocolServerSideTranslatorPB.java:175) ~[ozone-manager-1.4.0-SNAPSHOT.jar:?]
	at org.apache.hadoop.hdds.server.OzoneProtocolMessageDispatcher.processRequest(OzoneProtocolMessageDispatcher.java:87) [hdds-server-framework-1.4.0-SNAPSHOT.jar:?]
	at org.apache.hadoop.ozone.protocolPB.OzoneManagerProtocolServerSideTranslatorPB.submitRequest(OzoneManagerProtocolServerSideTranslatorPB.java:148) [ozone-manager-1.4.0-SNAPSHOT.jar:?]
	at org.apache.hadoop.ozone.protocol.proto.OzoneManagerProtocolProtos$OzoneManagerService$2.callBlockingMethod(OzoneManagerProtocolProtos.java) [ozone-interface-client-1.4.0-SNAPSHOT.jar:?]
	at org.apache.hadoop.ipc.ProtobufRpcEngine$Server.processCall(ProtobufRpcEngine.java:484) [hadoop-common-3.3.6.jar:?]
	at org.apache.hadoop.ipc.ProtobufRpcEngine2$Server$ProtoBufRpcInvoker.call(ProtobufRpcEngine2.java:595) [hadoop-common-3.3.6.jar:?]
	at org.apache.hadoop.ipc.ProtobufRpcEngine2$Server$ProtoBufRpcInvoker.call(ProtobufRpcEngine2.java:573) [hadoop-common-3.3.6.jar:?]
	at org.apache.hadoop.ipc.RPC$Server.call(RPC.java:1227) [hadoop-common-3.3.6.jar:?]
	at org.apache.hadoop.ipc.Server$RpcCall.run(Server.java:1094) [hadoop-common-3.3.6.jar:?]
	at org.apache.hadoop.ipc.Server$RpcCall.run(Server.java:1017) [hadoop-common-3.3.6.jar:?]
	at java.security.AccessController.doPrivileged(Native Method) ~[?:1.8.0_382]
	at javax.security.auth.Subject.doAs(Subject.java:422) [?:1.8.0_382]
	at org.apache.hadoop.security.UserGroupInformation.doAs(UserGroupInformation.java:1899) [hadoop-common-3.3.6.jar:?]
	at org.apache.hadoop.ipc.Server$Handler.run(Server.java:3048) [hadoop-common-3.3.6.jar:?]
18:18:47.883 [IPC Server handler 2 on default port 15057] ERROR OMAudit - user=runner | ip=127.0.0.1 | op=GET_FILE_STATUS {volume=volume38115, bucket=bucket38025, key=testBatchDelete/parent/childFolder/child3, dataSize=0, replicationConfig=null} | ret=FAILURE
org.apache.hadoop.ozone.om.exceptions.OMException: Unable to get file status: volume: volume38115 bucket: bucket38025 key: testBatchDelete/parent/childFolder/child3
	at org.apache.hadoop.ozone.om.KeyManagerImpl.getOzoneFileStatus(KeyManagerImpl.java:1195) ~[ozone-manager-1.4.0-SNAPSHOT.jar:?]
	at org.apache.hadoop.ozone.om.KeyManagerImpl.getFileStatus(KeyManagerImpl.java:1113) ~[ozone-manager-1.4.0-SNAPSHOT.jar:?]
	at org.apache.hadoop.ozone.om.OmMetadataReader.getFileStatus(OmMetadataReader.java:262) ~[ozone-manager-1.4.0-SNAPSHOT.jar:?]
	at org.apache.hadoop.ozone.om.OzoneManager.getFileStatus(OzoneManager.java:3530) ~[ozone-manager-1.4.0-SNAPSHOT.jar:?]
	at org.apache.hadoop.ozone.protocolPB.OzoneManagerRequestHandler.getOzoneFileStatus(OzoneManagerRequestHandler.java:973) ~[ozone-manager-1.4.0-SNAPSHOT.jar:?]
	at org.apache.hadoop.ozone.protocolPB.OzoneManagerRequestHandler.handleReadRequest(OzoneManagerRequestHandler.java:252) ~[ozone-manager-1.4.0-SNAPSHOT.jar:?]
	at org.apache.hadoop.ozone.protocolPB.OzoneManagerProtocolServerSideTranslatorPB.submitRequestDirectlyToOM(OzoneManagerProtocolServerSideTranslatorPB.java:274) ~[ozone-manager-1.4.0-SNAPSHOT.jar:?]
	at org.apache.hadoop.ozone.protocolPB.OzoneManagerProtocolServerSideTranslatorPB.processRequest(OzoneManagerProtocolServerSideTranslatorPB.java:175) ~[ozone-manager-1.4.0-SNAPSHOT.jar:?]
	at org.apache.hadoop.hdds.server.OzoneProtocolMessageDispatcher.processRequest(OzoneProtocolMessageDispatcher.java:87) [hdds-server-framework-1.4.0-SNAPSHOT.jar:?]
	at org.apache.hadoop.ozone.protocolPB.OzoneManagerProtocolServerSideTranslatorPB.submitRequest(OzoneManagerProtocolServerSideTranslatorPB.java:148) [ozone-manager-1.4.0-SNAPSHOT.jar:?]
	at org.apache.hadoop.ozone.protocol.proto.OzoneManagerProtocolProtos$OzoneManagerService$2.callBlockingMethod(OzoneManagerProtocolProtos.java) [ozone-interface-client-1.4.0-SNAPSHOT.jar:?]
	at org.apache.hadoop.ipc.ProtobufRpcEngine$Server.processCall(ProtobufRpcEngine.java:484) [hadoop-common-3.3.6.jar:?]
	at org.apache.hadoop.ipc.ProtobufRpcEngine2$Server$ProtoBufRpcInvoker.call(ProtobufRpcEngine2.java:595) [hadoop-common-3.3.6.jar:?]
	at org.apache.hadoop.ipc.ProtobufRpcEngine2$Server$ProtoBufRpcInvoker.call(ProtobufRpcEngine2.java:573) [hadoop-common-3.3.6.jar:?]
	at org.apache.hadoop.ipc.RPC$Server.call(RPC.java:1227) [hadoop-common-3.3.6.jar:?]
	at org.apache.hadoop.ipc.Server$RpcCall.run(Server.java:1094) [hadoop-common-3.3.6.jar:?]
	at org.apache.hadoop.ipc.Server$RpcCall.run(Server.java:1017) [hadoop-common-3.3.6.jar:?]
	at java.security.AccessController.doPrivileged(Native Method) ~[?:1.8.0_382]
	at javax.security.auth.Subject.doAs(Subject.java:422) [?:1.8.0_382]
	at org.apache.hadoop.security.UserGroupInformation.doAs(UserGroupInformation.java:1899) [hadoop-common-3.3.6.jar:?]
	at org.apache.hadoop.ipc.Server$Handler.run(Server.java:3048) [hadoop-common-3.3.6.jar:?]
18:18:47.885 [IPC Server handler 1 on default port 15057] ERROR OMAudit - user=runner | ip=127.0.0.1 | op=GET_FILE_STATUS {volume=volume38115, bucket=bucket38025, key=testBatchDelete/parent/child4, dataSize=0, replicationConfig=null} | ret=FAILURE
org.apache.hadoop.ozone.om.exceptions.OMException: Unable to get file status: volume: volume38115 bucket: bucket38025 key: testBatchDelete/parent/child4
	at org.apache.hadoop.ozone.om.KeyManagerImpl.getOzoneFileStatus(KeyManagerImpl.java:1195) ~[ozone-manager-1.4.0-SNAPSHOT.jar:?]
	at org.apache.hadoop.ozone.om.KeyManagerImpl.getFileStatus(KeyManagerImpl.java:1113) ~[ozone-manager-1.4.0-SNAPSHOT.jar:?]
	at org.apache.hadoop.ozone.om.OmMetadataReader.getFileStatus(OmMetadataReader.java:262) ~[ozone-manager-1.4.0-SNAPSHOT.jar:?]
	at org.apache.hadoop.ozone.om.OzoneManager.getFileStatus(OzoneManager.java:3530) ~[ozone-manager-1.4.0-SNAPSHOT.jar:?]
	at org.apache.hadoop.ozone.protocolPB.OzoneManagerRequestHandler.getOzoneFileStatus(OzoneManagerRequestHandler.java:973) ~[ozone-manager-1.4.0-SNAPSHOT.jar:?]
	at org.apache.hadoop.ozone.protocolPB.OzoneManagerRequestHandler.handleReadRequest(OzoneManagerRequestHandler.java:252) ~[ozone-manager-1.4.0-SNAPSHOT.jar:?]
	at org.apache.hadoop.ozone.protocolPB.OzoneManagerProtocolServerSideTranslatorPB.submitRequestDirectlyToOM(OzoneManagerProtocolServerSideTranslatorPB.java:274) ~[ozone-manager-1.4.0-SNAPSHOT.jar:?]
	at org.apache.hadoop.ozone.protocolPB.OzoneManagerProtocolServerSideTranslatorPB.processRequest(OzoneManagerProtocolServerSideTranslatorPB.java:175) ~[ozone-manager-1.4.0-SNAPSHOT.jar:?]
	at org.apache.hadoop.hdds.server.OzoneProtocolMessageDispatcher.processRequest(OzoneProtocolMessageDispatcher.java:87) [hdds-server-framework-1.4.0-SNAPSHOT.jar:?]
	at org.apache.hadoop.ozone.protocolPB.OzoneManagerProtocolServerSideTranslatorPB.submitRequest(OzoneManagerProtocolServerSideTranslatorPB.java:148) [ozone-manager-1.4.0-SNAPSHOT.jar:?]
	at org.apache.hadoop.ozone.protocol.proto.OzoneManagerProtocolProtos$OzoneManagerService$2.callBlockingMethod(OzoneManagerProtocolProtos.java) [ozone-interface-client-1.4.0-SNAPSHOT.jar:?]
	at org.apache.hadoop.ipc.ProtobufRpcEngine$Server.processCall(ProtobufRpcEngine.java:484) [hadoop-common-3.3.6.jar:?]
	at org.apache.hadoop.ipc.ProtobufRpcEngine2$Server$ProtoBufRpcInvoker.call(ProtobufRpcEngine2.java:595) [hadoop-common-3.3.6.jar:?]
	at org.apache.hadoop.ipc.ProtobufRpcEngine2$Server$ProtoBufRpcInvoker.call(ProtobufRpcEngine2.java:573) [hadoop-common-3.3.6.jar:?]
	at org.apache.hadoop.ipc.RPC$Server.call(RPC.java:1227) [hadoop-common-3.3.6.jar:?]
	at org.apache.hadoop.ipc.Server$RpcCall.run(Server.java:1094) [hadoop-common-3.3.6.jar:?]
	at org.apache.hadoop.ipc.Server$RpcCall.run(Server.java:1017) [hadoop-common-3.3.6.jar:?]
	at java.security.AccessController.doPrivileged(Native Method) ~[?:1.8.0_382]
	at javax.security.auth.Subject.doAs(Subject.java:422) [?:1.8.0_382]
	at org.apache.hadoop.security.UserGroupInformation.doAs(UserGroupInformation.java:1899) [hadoop-common-3.3.6.jar:?]
	at org.apache.hadoop.ipc.Server$Handler.run(Server.java:3048) [hadoop-common-3.3.6.jar:?]
18:18:47.886 [IPC Server handler 3 on default port 15057] ERROR OMAudit - user=runner | ip=127.0.0.1 | op=GET_FILE_STATUS {volume=volume38115, bucket=bucket38025, key=testBatchDelete/parent/childFolder/child4, dataSize=0, replicationConfig=null} | ret=FAILURE
org.apache.hadoop.ozone.om.exceptions.OMException: Unable to get file status: volume: volume38115 bucket: bucket38025 key: testBatchDelete/parent/childFolder/child4
	at org.apache.hadoop.ozone.om.KeyManagerImpl.getOzoneFileStatus(KeyManagerImpl.java:1195) ~[ozone-manager-1.4.0-SNAPSHOT.jar:?]
	at org.apache.hadoop.ozone.om.KeyManagerImpl.getFileStatus(KeyManagerImpl.java:1113) ~[ozone-manager-1.4.0-SNAPSHOT.jar:?]
	at org.apache.hadoop.ozone.om.OmMetadataReader.getFileStatus(OmMetadataReader.java:262) ~[ozone-manager-1.4.0-SNAPSHOT.jar:?]
	at org.apache.hadoop.ozone.om.OzoneManager.getFileStatus(OzoneManager.java:3530) ~[ozone-manager-1.4.0-SNAPSHOT.jar:?]
	at org.apache.hadoop.ozone.protocolPB.OzoneManagerRequestHandler.getOzoneFileStatus(OzoneManagerRequestHandler.java:973) ~[ozone-manager-1.4.0-SNAPSHOT.jar:?]
	at org.apache.hadoop.ozone.protocolPB.OzoneManagerRequestHandler.handleReadRequest(OzoneManagerRequestHandler.java:252) ~[ozone-manager-1.4.0-SNAPSHOT.jar:?]
	at org.apache.hadoop.ozone.protocolPB.OzoneManagerProtocolServerSideTranslatorPB.submitRequestDirectlyToOM(OzoneManagerProtocolServerSideTranslatorPB.java:274) ~[ozone-manager-1.4.0-SNAPSHOT.jar:?]
	at org.apache.hadoop.ozone.protocolPB.OzoneManagerProtocolServerSideTranslatorPB.processRequest(OzoneManagerProtocolServerSideTranslatorPB.java:175) ~[ozone-manager-1.4.0-SNAPSHOT.jar:?]
	at org.apache.hadoop.hdds.server.OzoneProtocolMessageDispatcher.processRequest(OzoneProtocolMessageDispatcher.java:87) [hdds-server-framework-1.4.0-SNAPSHOT.jar:?]
	at org.apache.hadoop.ozone.protocolPB.OzoneManagerProtocolServerSideTranslatorPB.submitRequest(OzoneManagerProtocolServerSideTranslatorPB.java:148) [ozone-manager-1.4.0-SNAPSHOT.jar:?]
	at org.apache.hadoop.ozone.protocol.proto.OzoneManagerProtocolProtos$OzoneManagerService$2.callBlockingMethod(OzoneManagerProtocolProtos.java) [ozone-interface-client-1.4.0-SNAPSHOT.jar:?]
	at org.apache.hadoop.ipc.ProtobufRpcEngine$Server.processCall(ProtobufRpcEngine.java:484) [hadoop-common-3.3.6.jar:?]
	at org.apache.hadoop.ipc.ProtobufRpcEngine2$Server$ProtoBufRpcInvoker.call(ProtobufRpcEngine2.java:595) [hadoop-common-3.3.6.jar:?]
	at org.apache.hadoop.ipc.ProtobufRpcEngine2$Server$ProtoBufRpcInvoker.call(ProtobufRpcEngine2.java:573) [hadoop-common-3.3.6.jar:?]
	at org.apache.hadoop.ipc.RPC$Server.call(RPC.java:1227) [hadoop-common-3.3.6.jar:?]
	at org.apache.hadoop.ipc.Server$RpcCall.run(Server.java:1094) [hadoop-common-3.3.6.jar:?]
	at org.apache.hadoop.ipc.Server$RpcCall.run(Server.java:1017) [hadoop-common-3.3.6.jar:?]
	at java.security.AccessController.doPrivileged(Native Method) ~[?:1.8.0_382]
	at javax.security.auth.Subject.doAs(Subject.java:422) [?:1.8.0_382]
	at org.apache.hadoop.security.UserGroupInformation.doAs(UserGroupInformation.java:1899) [hadoop-common-3.3.6.jar:?]
	at org.apache.hadoop.ipc.Server$Handler.run(Server.java:3048) [hadoop-common-3.3.6.jar:?]
18:18:47.887 [IPC Server handler 5 on default port 15057] ERROR OMAudit - user=runner | ip=127.0.0.1 | op=GET_FILE_STATUS {volume=volume38115, bucket=bucket38025, key=testBatchDelete/parent/child5, dataSize=0, replicationConfig=null} | ret=FAILURE
org.apache.hadoop.ozone.om.exceptions.OMException: Unable to get file status: volume: volume38115 bucket: bucket38025 key: testBatchDelete/parent/child5
	at org.apache.hadoop.ozone.om.KeyManagerImpl.getOzoneFileStatus(KeyManagerImpl.java:1195) ~[ozone-manager-1.4.0-SNAPSHOT.jar:?]
	at org.apache.hadoop.ozone.om.KeyManagerImpl.getFileStatus(KeyManagerImpl.java:1113) ~[ozone-manager-1.4.0-SNAPSHOT.jar:?]
	at org.apache.hadoop.ozone.om.OmMetadataReader.getFileStatus(OmMetadataReader.java:262) ~[ozone-manager-1.4.0-SNAPSHOT.jar:?]
	at org.apache.hadoop.ozone.om.OzoneManager.getFileStatus(OzoneManager.java:3530) ~[ozone-manager-1.4.0-SNAPSHOT.jar:?]
	at org.apache.hadoop.ozone.protocolPB.OzoneManagerRequestHandler.getOzoneFileStatus(OzoneManagerRequestHandler.java:973) ~[ozone-manager-1.4.0-SNAPSHOT.jar:?]
	at org.apache.hadoop.ozone.protocolPB.OzoneManagerRequestHandler.handleReadRequest(OzoneManagerRequestHandler.java:252) ~[ozone-manager-1.4.0-SNAPSHOT.jar:?]
	at org.apache.hadoop.ozone.protocolPB.OzoneManagerProtocolServerSideTranslatorPB.submitRequestDirectlyToOM(OzoneManagerProtocolServerSideTranslatorPB.java:274) ~[ozone-manager-1.4.0-SNAPSHOT.jar:?]
	at org.apache.hadoop.ozone.protocolPB.OzoneManagerProtocolServerSideTranslatorPB.processRequest(OzoneManagerProtocolServerSideTranslatorPB.java:175) ~[ozone-manager-1.4.0-SNAPSHOT.jar:?]
	at org.apache.hadoop.hdds.server.OzoneProtocolMessageDispatcher.processRequest(OzoneProtocolMessageDispatcher.java:87) [hdds-server-framework-1.4.0-SNAPSHOT.jar:?]
	at org.apache.hadoop.ozone.protocolPB.OzoneManagerProtocolServerSideTranslatorPB.submitRequest(OzoneManagerProtocolServerSideTranslatorPB.java:148) [ozone-manager-1.4.0-SNAPSHOT.jar:?]
	at org.apache.hadoop.ozone.protocol.proto.OzoneManagerProtocolProtos$OzoneManagerService$2.callBlockingMethod(OzoneManagerProtocolProtos.java) [ozone-interface-client-1.4.0-SNAPSHOT.jar:?]
	at org.apache.hadoop.ipc.ProtobufRpcEngine$Server.processCall(ProtobufRpcEngine.java:484) [hadoop-common-3.3.6.jar:?]
	at org.apache.hadoop.ipc.ProtobufRpcEngine2$Server$ProtoBufRpcInvoker.call(ProtobufRpcEngine2.java:595) [hadoop-common-3.3.6.jar:?]
	at org.apache.hadoop.ipc.ProtobufRpcEngine2$Server$ProtoBufRpcInvoker.call(ProtobufRpcEngine2.java:573) [hadoop-common-3.3.6.jar:?]
	at org.apache.hadoop.ipc.RPC$Server.call(RPC.java:1227) [hadoop-common-3.3.6.jar:?]
	at org.apache.hadoop.ipc.Server$RpcCall.run(Server.java:1094) [hadoop-common-3.3.6.jar:?]
	at org.apache.hadoop.ipc.Server$RpcCall.run(Server.java:1017) [hadoop-common-3.3.6.jar:?]
	at java.security.AccessController.doPrivileged(Native Method) ~[?:1.8.0_382]
	at javax.security.auth.Subject.doAs(Subject.java:422) [?:1.8.0_382]
	at org.apache.hadoop.security.UserGroupInformation.doAs(UserGroupInformation.java:1899) [hadoop-common-3.3.6.jar:?]
	at org.apache.hadoop.ipc.Server$Handler.run(Server.java:3048) [hadoop-common-3.3.6.jar:?]
18:18:47.888 [IPC Server handler 10 on default port 15057] ERROR OMAudit - user=runner | ip=127.0.0.1 | op=GET_FILE_STATUS {volume=volume38115, bucket=bucket38025, key=testBatchDelete/parent/childFolder/child5, dataSize=0, replicationConfig=null} | ret=FAILURE
org.apache.hadoop.ozone.om.exceptions.OMException: Unable to get file status: volume: volume38115 bucket: bucket38025 key: testBatchDelete/parent/childFolder/child5
	at org.apache.hadoop.ozone.om.KeyManagerImpl.getOzoneFileStatus(KeyManagerImpl.java:1195) ~[ozone-manager-1.4.0-SNAPSHOT.jar:?]
	at org.apache.hadoop.ozone.om.KeyManagerImpl.getFileStatus(KeyManagerImpl.java:1113) ~[ozone-manager-1.4.0-SNAPSHOT.jar:?]
	at org.apache.hadoop.ozone.om.OmMetadataReader.getFileStatus(OmMetadataReader.java:262) ~[ozone-manager-1.4.0-SNAPSHOT.jar:?]
	at org.apache.hadoop.ozone.om.OzoneManager.getFileStatus(OzoneManager.java:3530) ~[ozone-manager-1.4.0-SNAPSHOT.jar:?]
	at org.apache.hadoop.ozone.protocolPB.OzoneManagerRequestHandler.getOzoneFileStatus(OzoneManagerRequestHandler.java:973) ~[ozone-manager-1.4.0-SNAPSHOT.jar:?]
	at org.apache.hadoop.ozone.protocolPB.OzoneManagerRequestHandler.handleReadRequest(OzoneManagerRequestHandler.java:252) ~[ozone-manager-1.4.0-SNAPSHOT.jar:?]
	at org.apache.hadoop.ozone.protocolPB.OzoneManagerProtocolServerSideTranslatorPB.submitRequestDirectlyToOM(OzoneManagerProtocolServerSideTranslatorPB.java:274) ~[ozone-manager-1.4.0-SNAPSHOT.jar:?]
	at org.apache.hadoop.ozone.protocolPB.OzoneManagerProtocolServerSideTranslatorPB.processRequest(OzoneManagerProtocolServerSideTranslatorPB.java:175) ~[ozone-manager-1.4.0-SNAPSHOT.jar:?]
	at org.apache.hadoop.hdds.server.OzoneProtocolMessageDispatcher.processRequest(OzoneProtocolMessageDispatcher.java:87) [hdds-server-framework-1.4.0-SNAPSHOT.jar:?]
	at org.apache.hadoop.ozone.protocolPB.OzoneManagerProtocolServerSideTranslatorPB.submitRequest(OzoneManagerProtocolServerSideTranslatorPB.java:148) [ozone-manager-1.4.0-SNAPSHOT.jar:?]
	at org.apache.hadoop.ozone.protocol.proto.OzoneManagerProtocolProtos$OzoneManagerService$2.callBlockingMethod(OzoneManagerProtocolProtos.java) [ozone-interface-client-1.4.0-SNAPSHOT.jar:?]
	at org.apache.hadoop.ipc.ProtobufRpcEngine$Server.processCall(ProtobufRpcEngine.java:484) [hadoop-common-3.3.6.jar:?]
	at org.apache.hadoop.ipc.ProtobufRpcEngine2$Server$ProtoBufRpcInvoker.call(ProtobufRpcEngine2.java:595) [hadoop-common-3.3.6.jar:?]
	at org.apache.hadoop.ipc.ProtobufRpcEngine2$Server$ProtoBufRpcInvoker.call(ProtobufRpcEngine2.java:573) [hadoop-common-3.3.6.jar:?]
	at org.apache.hadoop.ipc.RPC$Server.call(RPC.java:1227) [hadoop-common-3.3.6.jar:?]
	at org.apache.hadoop.ipc.Server$RpcCall.run(Server.java:1094) [hadoop-common-3.3.6.jar:?]
	at org.apache.hadoop.ipc.Server$RpcCall.run(Server.java:1017) [hadoop-common-3.3.6.jar:?]
	at java.security.AccessController.doPrivileged(Native Method) ~[?:1.8.0_382]
	at javax.security.auth.Subject.doAs(Subject.java:422) [?:1.8.0_382]
	at org.apache.hadoop.security.UserGroupInformation.doAs(UserGroupInformation.java:1899) [hadoop-common-3.3.6.jar:?]
	at org.apache.hadoop.ipc.Server$Handler.run(Server.java:3048) [hadoop-common-3.3.6.jar:?]
18:18:47.890 [IPC Server handler 14 on default port 15057] ERROR OMAudit - user=runner | ip=127.0.0.1 | op=GET_FILE_STATUS {volume=volume38115, bucket=bucket38025, key=testBatchDelete/parent/child6, dataSize=0, replicationConfig=null} | ret=FAILURE
org.apache.hadoop.ozone.om.exceptions.OMException: Unable to get file status: volume: volume38115 bucket: bucket38025 key: testBatchDelete/parent/child6
	at org.apache.hadoop.ozone.om.KeyManagerImpl.getOzoneFileStatus(KeyManagerImpl.java:1195) ~[ozone-manager-1.4.0-SNAPSHOT.jar:?]
	at org.apache.hadoop.ozone.om.KeyManagerImpl.getFileStatus(KeyManagerImpl.java:1113) ~[ozone-manager-1.4.0-SNAPSHOT.jar:?]
	at org.apache.hadoop.ozone.om.OmMetadataReader.getFileStatus(OmMetadataReader.java:262) ~[ozone-manager-1.4.0-SNAPSHOT.jar:?]
	at org.apache.hadoop.ozone.om.OzoneManager.getFileStatus(OzoneManager.java:3530) ~[ozone-manager-1.4.0-SNAPSHOT.jar:?]
	at org.apache.hadoop.ozone.protocolPB.OzoneManagerRequestHandler.getOzoneFileStatus(OzoneManagerRequestHandler.java:973) ~[ozone-manager-1.4.0-SNAPSHOT.jar:?]
	at org.apache.hadoop.ozone.protocolPB.OzoneManagerRequestHandler.handleReadRequest(OzoneManagerRequestHandler.java:252) ~[ozone-manager-1.4.0-SNAPSHOT.jar:?]
	at org.apache.hadoop.ozone.protocolPB.OzoneManagerProtocolServerSideTranslatorPB.submitRequestDirectlyToOM(OzoneManagerProtocolServerSideTranslatorPB.java:274) ~[ozone-manager-1.4.0-SNAPSHOT.jar:?]
	at org.apache.hadoop.ozone.protocolPB.OzoneManagerProtocolServerSideTranslatorPB.processRequest(OzoneManagerProtocolServerSideTranslatorPB.java:175) ~[ozone-manager-1.4.0-SNAPSHOT.jar:?]
	at org.apache.hadoop.hdds.server.OzoneProtocolMessageDispatcher.processRequest(OzoneProtocolMessageDispatcher.java:87) [hdds-server-framework-1.4.0-SNAPSHOT.jar:?]
	at org.apache.hadoop.ozone.protocolPB.OzoneManagerProtocolServerSideTranslatorPB.submitRequest(OzoneManagerProtocolServerSideTranslatorPB.java:148) [ozone-manager-1.4.0-SNAPSHOT.jar:?]
	at org.apache.hadoop.ozone.protocol.proto.OzoneManagerProtocolProtos$OzoneManagerService$2.callBlockingMethod(OzoneManagerProtocolProtos.java) [ozone-interface-client-1.4.0-SNAPSHOT.jar:?]
	at org.apache.hadoop.ipc.ProtobufRpcEngine$Server.processCall(ProtobufRpcEngine.java:484) [hadoop-common-3.3.6.jar:?]
	at org.apache.hadoop.ipc.ProtobufRpcEngine2$Server$ProtoBufRpcInvoker.call(ProtobufRpcEngine2.java:595) [hadoop-common-3.3.6.jar:?]
	at org.apache.hadoop.ipc.ProtobufRpcEngine2$Server$ProtoBufRpcInvoker.call(ProtobufRpcEngine2.java:573) [hadoop-common-3.3.6.jar:?]
	at org.apache.hadoop.ipc.RPC$Server.call(RPC.java:1227) [hadoop-common-3.3.6.jar:?]
	at org.apache.hadoop.ipc.Server$RpcCall.run(Server.java:1094) [hadoop-common-3.3.6.jar:?]
	at org.apache.hadoop.ipc.Server$RpcCall.run(Server.java:1017) [hadoop-common-3.3.6.jar:?]
	at java.security.AccessController.doPrivileged(Native Method) ~[?:1.8.0_382]
	at javax.security.auth.Subject.doAs(Subject.java:422) [?:1.8.0_382]
	at org.apache.hadoop.security.UserGroupInformation.doAs(UserGroupInformation.java:1899) [hadoop-common-3.3.6.jar:?]
	at org.apache.hadoop.ipc.Server$Handler.run(Server.java:3048) [hadoop-common-3.3.6.jar:?]
18:18:47.891 [IPC Server handler 13 on default port 15057] ERROR OMAudit - user=runner | ip=127.0.0.1 | op=GET_FILE_STATUS {volume=volume38115, bucket=bucket38025, key=testBatchDelete/parent/childFolder/child6, dataSize=0, replicationConfig=null} | ret=FAILURE
org.apache.hadoop.ozone.om.exceptions.OMException: Unable to get file status: volume: volume38115 bucket: bucket38025 key: testBatchDelete/parent/childFolder/child6
	at org.apache.hadoop.ozone.om.KeyManagerImpl.getOzoneFileStatus(KeyManagerImpl.java:1195) ~[ozone-manager-1.4.0-SNAPSHOT.jar:?]
	at org.apache.hadoop.ozone.om.KeyManagerImpl.getFileStatus(KeyManagerImpl.java:1113) ~[ozone-manager-1.4.0-SNAPSHOT.jar:?]
	at org.apache.hadoop.ozone.om.OmMetadataReader.getFileStatus(OmMetadataReader.java:262) ~[ozone-manager-1.4.0-SNAPSHOT.jar:?]
	at org.apache.hadoop.ozone.om.OzoneManager.getFileStatus(OzoneManager.java:3530) ~[ozone-manager-1.4.0-SNAPSHOT.jar:?]
	at org.apache.hadoop.ozone.protocolPB.OzoneManagerRequestHandler.getOzoneFileStatus(OzoneManagerRequestHandler.java:973) ~[ozone-manager-1.4.0-SNAPSHOT.jar:?]
	at org.apache.hadoop.ozone.protocolPB.OzoneManagerRequestHandler.handleReadRequest(OzoneManagerRequestHandler.java:252) ~[ozone-manager-1.4.0-SNAPSHOT.jar:?]
	at org.apache.hadoop.ozone.protocolPB.OzoneManagerProtocolServerSideTranslatorPB.submitRequestDirectlyToOM(OzoneManagerProtocolServerSideTranslatorPB.java:274) ~[ozone-manager-1.4.0-SNAPSHOT.jar:?]
	at org.apache.hadoop.ozone.protocolPB.OzoneManagerProtocolServerSideTranslatorPB.processRequest(OzoneManagerProtocolServerSideTranslatorPB.java:175) ~[ozone-manager-1.4.0-SNAPSHOT.jar:?]
	at org.apache.hadoop.hdds.server.OzoneProtocolMessageDispatcher.processRequest(OzoneProtocolMessageDispatcher.java:87) [hdds-server-framework-1.4.0-SNAPSHOT.jar:?]
	at org.apache.hadoop.ozone.protocolPB.OzoneManagerProtocolServerSideTranslatorPB.submitRequest(OzoneManagerProtocolServerSideTranslatorPB.java:148) [ozone-manager-1.4.0-SNAPSHOT.jar:?]
	at org.apache.hadoop.ozone.protocol.proto.OzoneManagerProtocolProtos$OzoneManagerService$2.callBlockingMethod(OzoneManagerProtocolProtos.java) [ozone-interface-client-1.4.0-SNAPSHOT.jar:?]
	at org.apache.hadoop.ipc.ProtobufRpcEngine$Server.processCall(ProtobufRpcEngine.java:484) [hadoop-common-3.3.6.jar:?]
	at org.apache.hadoop.ipc.ProtobufRpcEngine2$Server$ProtoBufRpcInvoker.call(ProtobufRpcEngine2.java:595) [hadoop-common-3.3.6.jar:?]
	at org.apache.hadoop.ipc.ProtobufRpcEngine2$Server$ProtoBufRpcInvoker.call(ProtobufRpcEngine2.java:573) [hadoop-common-3.3.6.jar:?]
	at org.apache.hadoop.ipc.RPC$Server.call(RPC.java:1227) [hadoop-common-3.3.6.jar:?]
	at org.apache.hadoop.ipc.Server$RpcCall.run(Server.java:1094) [hadoop-common-3.3.6.jar:?]
	at org.apache.hadoop.ipc.Server$RpcCall.run(Server.java:1017) [hadoop-common-3.3.6.jar:?]
	at java.security.AccessController.doPrivileged(Native Method) ~[?:1.8.0_382]
	at javax.security.auth.Subject.doAs(Subject.java:422) [?:1.8.0_382]
	at org.apache.hadoop.security.UserGroupInformation.doAs(UserGroupInformation.java:1899) [hadoop-common-3.3.6.jar:?]
	at org.apache.hadoop.ipc.Server$Handler.run(Server.java:3048) [hadoop-common-3.3.6.jar:?]
18:18:47.892 [IPC Server handler 19 on default port 15057] ERROR OMAudit - user=runner | ip=127.0.0.1 | op=GET_FILE_STATUS {volume=volume38115, bucket=bucket38025, key=testBatchDelete/parent/child7, dataSize=0, replicationConfig=null} | ret=FAILURE
org.apache.hadoop.ozone.om.exceptions.OMException: Unable to get file status: volume: volume38115 bucket: bucket38025 key: testBatchDelete/parent/child7
	at org.apache.hadoop.ozone.om.KeyManagerImpl.getOzoneFileStatus(KeyManagerImpl.java:1195) ~[ozone-manager-1.4.0-SNAPSHOT.jar:?]
	at org.apache.hadoop.ozone.om.KeyManagerImpl.getFileStatus(KeyManagerImpl.java:1113) ~[ozone-manager-1.4.0-SNAPSHOT.jar:?]
	at org.apache.hadoop.ozone.om.OmMetadataReader.getFileStatus(OmMetadataReader.java:262) ~[ozone-manager-1.4.0-SNAPSHOT.jar:?]
	at org.apache.hadoop.ozone.om.OzoneManager.getFileStatus(OzoneManager.java:3530) ~[ozone-manager-1.4.0-SNAPSHOT.jar:?]
	at org.apache.hadoop.ozone.protocolPB.OzoneManagerRequestHandler.getOzoneFileStatus(OzoneManagerRequestHandler.java:973) ~[ozone-manager-1.4.0-SNAPSHOT.jar:?]
	at org.apache.hadoop.ozone.protocolPB.OzoneManagerRequestHandler.handleReadRequest(OzoneManagerRequestHandler.java:252) ~[ozone-manager-1.4.0-SNAPSHOT.jar:?]
	at org.apache.hadoop.ozone.protocolPB.OzoneManagerProtocolServerSideTranslatorPB.submitRequestDirectlyToOM(OzoneManagerProtocolServerSideTranslatorPB.java:274) ~[ozone-manager-1.4.0-SNAPSHOT.jar:?]
	at org.apache.hadoop.ozone.protocolPB.OzoneManagerProtocolServerSideTranslatorPB.processRequest(OzoneManagerProtocolServerSideTranslatorPB.java:175) ~[ozone-manager-1.4.0-SNAPSHOT.jar:?]
	at org.apache.hadoop.hdds.server.OzoneProtocolMessageDispatcher.processRequest(OzoneProtocolMessageDispatcher.java:87) [hdds-server-framework-1.4.0-SNAPSHOT.jar:?]
	at org.apache.hadoop.ozone.protocolPB.OzoneManagerProtocolServerSideTranslatorPB.submitRequest(OzoneManagerProtocolServerSideTranslatorPB.java:148) [ozone-manager-1.4.0-SNAPSHOT.jar:?]
	at org.apache.hadoop.ozone.protocol.proto.OzoneManagerProtocolProtos$OzoneManagerService$2.callBlockingMethod(OzoneManagerProtocolProtos.java) [ozone-interface-client-1.4.0-SNAPSHOT.jar:?]
	at org.apache.hadoop.ipc.ProtobufRpcEngine$Server.processCall(ProtobufRpcEngine.java:484) [hadoop-common-3.3.6.jar:?]
	at org.apache.hadoop.ipc.ProtobufRpcEngine2$Server$ProtoBufRpcInvoker.call(ProtobufRpcEngine2.java:595) [hadoop-common-3.3.6.jar:?]
	at org.apache.hadoop.ipc.ProtobufRpcEngine2$Server$ProtoBufRpcInvoker.call(ProtobufRpcEngine2.java:573) [hadoop-common-3.3.6.jar:?]
	at org.apache.hadoop.ipc.RPC$Server.call(RPC.java:1227) [hadoop-common-3.3.6.jar:?]
	at org.apache.hadoop.ipc.Server$RpcCall.run(Server.java:1094) [hadoop-common-3.3.6.jar:?]
	at org.apache.hadoop.ipc.Server$RpcCall.run(Server.java:1017) [hadoop-common-3.3.6.jar:?]
	at java.security.AccessController.doPrivileged(Native Method) ~[?:1.8.0_382]
	at javax.security.auth.Subject.doAs(Subject.java:422) [?:1.8.0_382]
	at org.apache.hadoop.security.UserGroupInformation.doAs(UserGroupInformation.java:1899) [hadoop-common-3.3.6.jar:?]
	at org.apache.hadoop.ipc.Server$Handler.run(Server.java:3048) [hadoop-common-3.3.6.jar:?]
18:18:47.895 [IPC Server handler 18 on default port 15057] ERROR OMAudit - user=runner | ip=127.0.0.1 | op=GET_FILE_STATUS {volume=volume38115, bucket=bucket38025, key=testBatchDelete/parent/childFolder/child7, dataSize=0, replicationConfig=null} | ret=FAILURE
org.apache.hadoop.ozone.om.exceptions.OMException: Unable to get file status: volume: volume38115 bucket: bucket38025 key: testBatchDelete/parent/childFolder/child7
	at org.apache.hadoop.ozone.om.KeyManagerImpl.getOzoneFileStatus(KeyManagerImpl.java:1195) ~[ozone-manager-1.4.0-SNAPSHOT.jar:?]
	at org.apache.hadoop.ozone.om.KeyManagerImpl.getFileStatus(KeyManagerImpl.java:1113) ~[ozone-manager-1.4.0-SNAPSHOT.jar:?]
	at org.apache.hadoop.ozone.om.OmMetadataReader.getFileStatus(OmMetadataReader.java:262) ~[ozone-manager-1.4.0-SNAPSHOT.jar:?]
	at org.apache.hadoop.ozone.om.OzoneManager.getFileStatus(OzoneManager.java:3530) ~[ozone-manager-1.4.0-SNAPSHOT.jar:?]
	at org.apache.hadoop.ozone.protocolPB.OzoneManagerRequestHandler.getOzoneFileStatus(OzoneManagerRequestHandler.java:973) ~[ozone-manager-1.4.0-SNAPSHOT.jar:?]
	at org.apache.hadoop.ozone.protocolPB.OzoneManagerRequestHandler.handleReadRequest(OzoneManagerRequestHandler.java:252) ~[ozone-manager-1.4.0-SNAPSHOT.jar:?]
	at org.apache.hadoop.ozone.protocolPB.OzoneManagerProtocolServerSideTranslatorPB.submitRequestDirectlyToOM(OzoneManagerProtocolServerSideTranslatorPB.java:274) ~[ozone-manager-1.4.0-SNAPSHOT.jar:?]
	at org.apache.hadoop.ozone.protocolPB.OzoneManagerProtocolServerSideTranslatorPB.processRequest(OzoneManagerProtocolServerSideTranslatorPB.java:175) ~[ozone-manager-1.4.0-SNAPSHOT.jar:?]
	at org.apache.hadoop.hdds.server.OzoneProtocolMessageDispatcher.processRequest(OzoneProtocolMessageDispatcher.java:87) [hdds-server-framework-1.4.0-SNAPSHOT.jar:?]
	at org.apache.hadoop.ozone.protocolPB.OzoneManagerProtocolServerSideTranslatorPB.submitRequest(OzoneManagerProtocolServerSideTranslatorPB.java:148) [ozone-manager-1.4.0-SNAPSHOT.jar:?]
	at org.apache.hadoop.ozone.protocol.proto.OzoneManagerProtocolProtos$OzoneManagerService$2.callBlockingMethod(OzoneManagerProtocolProtos.java) [ozone-interface-client-1.4.0-SNAPSHOT.jar:?]
	at org.apache.hadoop.ipc.ProtobufRpcEngine$Server.processCall(ProtobufRpcEngine.java:484) [hadoop-common-3.3.6.jar:?]
	at org.apache.hadoop.ipc.ProtobufRpcEngine2$Server$ProtoBufRpcInvoker.call(ProtobufRpcEngine2.java:595) [hadoop-common-3.3.6.jar:?]
	at org.apache.hadoop.ipc.ProtobufRpcEngine2$Server$ProtoBufRpcInvoker.call(ProtobufRpcEngine2.java:573) [hadoop-common-3.3.6.jar:?]
	at org.apache.hadoop.ipc.RPC$Server.call(RPC.java:1227) [hadoop-common-3.3.6.jar:?]
	at org.apache.hadoop.ipc.Server$RpcCall.run(Server.java:1094) [hadoop-common-3.3.6.jar:?]
	at org.apache.hadoop.ipc.Server$RpcCall.run(Server.java:1017) [hadoop-common-3.3.6.jar:?]
	at java.security.AccessController.doPrivileged(Native Method) ~[?:1.8.0_382]
	at javax.security.auth.Subject.doAs(Subject.java:422) [?:1.8.0_382]
	at org.apache.hadoop.security.UserGroupInformation.doAs(UserGroupInformation.java:1899) [hadoop-common-3.3.6.jar:?]
	at org.apache.hadoop.ipc.Server$Handler.run(Server.java:3048) [hadoop-common-3.3.6.jar:?]
18:18:47.896 [IPC Server handler 17 on default port 15057] ERROR OMAudit - user=runner | ip=127.0.0.1 | op=GET_FILE_STATUS {volume=volume38115, bucket=bucket38025, key=testBatchDelete/parent, dataSize=0, replicationConfig=null} | ret=FAILURE
org.apache.hadoop.ozone.om.exceptions.OMException: Unable to get file status: volume: volume38115 bucket: bucket38025 key: testBatchDelete/parent
	at org.apache.hadoop.ozone.om.KeyManagerImpl.getOzoneFileStatus(KeyManagerImpl.java:1195) ~[ozone-manager-1.4.0-SNAPSHOT.jar:?]
	at org.apache.hadoop.ozone.om.KeyManagerImpl.getFileStatus(KeyManagerImpl.java:1113) ~[ozone-manager-1.4.0-SNAPSHOT.jar:?]
	at org.apache.hadoop.ozone.om.OmMetadataReader.getFileStatus(OmMetadataReader.java:262) ~[ozone-manager-1.4.0-SNAPSHOT.jar:?]
	at org.apache.hadoop.ozone.om.OzoneManager.getFileStatus(OzoneManager.java:3530) ~[ozone-manager-1.4.0-SNAPSHOT.jar:?]
	at org.apache.hadoop.ozone.protocolPB.OzoneManagerRequestHandler.getOzoneFileStatus(OzoneManagerRequestHandler.java:973) ~[ozone-manager-1.4.0-SNAPSHOT.jar:?]
	at org.apache.hadoop.ozone.protocolPB.OzoneManagerRequestHandler.handleReadRequest(OzoneManagerRequestHandler.java:252) ~[ozone-manager-1.4.0-SNAPSHOT.jar:?]
	at org.apache.hadoop.ozone.protocolPB.OzoneManagerProtocolServerSideTranslatorPB.submitRequestDirectlyToOM(OzoneManagerProtocolServerSideTranslatorPB.java:274) ~[ozone-manager-1.4.0-SNAPSHOT.jar:?]
	at org.apache.hadoop.ozone.protocolPB.OzoneManagerProtocolServerSideTranslatorPB.processRequest(OzoneManagerProtocolServerSideTranslatorPB.java:175) ~[ozone-manager-1.4.0-SNAPSHOT.jar:?]
	at org.apache.hadoop.hdds.server.OzoneProtocolMessageDispatcher.processRequest(OzoneProtocolMessageDispatcher.java:87) [hdds-server-framework-1.4.0-SNAPSHOT.jar:?]
	at org.apache.hadoop.ozone.protocolPB.OzoneManagerProtocolServerSideTranslatorPB.submitRequest(OzoneManagerProtocolServerSideTranslatorPB.java:148) [ozone-manager-1.4.0-SNAPSHOT.jar:?]
	at org.apache.hadoop.ozone.protocol.proto.OzoneManagerProtocolProtos$OzoneManagerService$2.callBlockingMethod(OzoneManagerProtocolProtos.java) [ozone-interface-client-1.4.0-SNAPSHOT.jar:?]
	at org.apache.hadoop.ipc.ProtobufRpcEngine$Server.processCall(ProtobufRpcEngine.java:484) [hadoop-common-3.3.6.jar:?]
	at org.apache.hadoop.ipc.ProtobufRpcEngine2$Server$ProtoBufRpcInvoker.call(ProtobufRpcEngine2.java:595) [hadoop-common-3.3.6.jar:?]
	at org.apache.hadoop.ipc.ProtobufRpcEngine2$Server$ProtoBufRpcInvoker.call(ProtobufRpcEngine2.java:573) [hadoop-common-3.3.6.jar:?]
	at org.apache.hadoop.ipc.RPC$Server.call(RPC.java:1227) [hadoop-common-3.3.6.jar:?]
	at org.apache.hadoop.ipc.Server$RpcCall.run(Server.java:1094) [hadoop-common-3.3.6.jar:?]
	at org.apache.hadoop.ipc.Server$RpcCall.run(Server.java:1017) [hadoop-common-3.3.6.jar:?]
	at java.security.AccessController.doPrivileged(Native Method) ~[?:1.8.0_382]
	at javax.security.auth.Subject.doAs(Subject.java:422) [?:1.8.0_382]
	at org.apache.hadoop.security.UserGroupInformation.doAs(UserGroupInformation.java:1899) [hadoop-common-3.3.6.jar:?]
	at org.apache.hadoop.ipc.Server$Handler.run(Server.java:3048) [hadoop-common-3.3.6.jar:?]
2023-08-31 18:18:47,897 [Time-limited test] WARN  ozone.BasicOzoneFileSystem (BasicOzoneFileSystem.java:delete(595)) - delete: Path does not exist: /testBatchDelete/parent
]]></system-out>
  </testcase>
  <testcase name="testFileDelete" classname="TestOzoneFileSystem" time="0.152">
    <system-out><![CDATA[18:20:06.894 [IPC Server handler 16 on default port 15110] ERROR OMAudit - user=runner | ip=127.0.0.1 | op=GET_FILE_STATUS {volume=volume40966, bucket=bucket64934, key=testBatchDelete, dataSize=0, replicationConfig=null} | ret=FAILURE
org.apache.hadoop.ozone.om.exceptions.OMException: Unable to get file status: volume: volume40966 bucket: bucket64934 key: testBatchDelete
	at org.apache.hadoop.ozone.om.KeyManagerImpl.getOzoneFileStatus(KeyManagerImpl.java:1195) ~[ozone-manager-1.4.0-SNAPSHOT.jar:?]
	at org.apache.hadoop.ozone.om.KeyManagerImpl.getFileStatus(KeyManagerImpl.java:1113) ~[ozone-manager-1.4.0-SNAPSHOT.jar:?]
	at org.apache.hadoop.ozone.om.OmMetadataReader.getFileStatus(OmMetadataReader.java:262) ~[ozone-manager-1.4.0-SNAPSHOT.jar:?]
	at org.apache.hadoop.ozone.om.OzoneManager.getFileStatus(OzoneManager.java:3530) ~[ozone-manager-1.4.0-SNAPSHOT.jar:?]
	at org.apache.hadoop.ozone.protocolPB.OzoneManagerRequestHandler.getOzoneFileStatus(OzoneManagerRequestHandler.java:973) ~[ozone-manager-1.4.0-SNAPSHOT.jar:?]
	at org.apache.hadoop.ozone.protocolPB.OzoneManagerRequestHandler.handleReadRequest(OzoneManagerRequestHandler.java:252) ~[ozone-manager-1.4.0-SNAPSHOT.jar:?]
	at org.apache.hadoop.ozone.protocolPB.OzoneManagerProtocolServerSideTranslatorPB.submitReadRequestToOM(OzoneManagerProtocolServerSideTranslatorPB.java:225) ~[ozone-manager-1.4.0-SNAPSHOT.jar:?]
	at org.apache.hadoop.ozone.protocolPB.OzoneManagerProtocolServerSideTranslatorPB.processRequest(OzoneManagerProtocolServerSideTranslatorPB.java:179) ~[ozone-manager-1.4.0-SNAPSHOT.jar:?]
	at org.apache.hadoop.hdds.server.OzoneProtocolMessageDispatcher.processRequest(OzoneProtocolMessageDispatcher.java:87) [hdds-server-framework-1.4.0-SNAPSHOT.jar:?]
	at org.apache.hadoop.ozone.protocolPB.OzoneManagerProtocolServerSideTranslatorPB.submitRequest(OzoneManagerProtocolServerSideTranslatorPB.java:148) [ozone-manager-1.4.0-SNAPSHOT.jar:?]
	at org.apache.hadoop.ozone.protocol.proto.OzoneManagerProtocolProtos$OzoneManagerService$2.callBlockingMethod(OzoneManagerProtocolProtos.java) [ozone-interface-client-1.4.0-SNAPSHOT.jar:?]
	at org.apache.hadoop.ipc.ProtobufRpcEngine$Server.processCall(ProtobufRpcEngine.java:484) [hadoop-common-3.3.6.jar:?]
	at org.apache.hadoop.ipc.ProtobufRpcEngine2$Server$ProtoBufRpcInvoker.call(ProtobufRpcEngine2.java:595) [hadoop-common-3.3.6.jar:?]
	at org.apache.hadoop.ipc.ProtobufRpcEngine2$Server$ProtoBufRpcInvoker.call(ProtobufRpcEngine2.java:573) [hadoop-common-3.3.6.jar:?]
	at org.apache.hadoop.ipc.RPC$Server.call(RPC.java:1227) [hadoop-common-3.3.6.jar:?]
	at org.apache.hadoop.ipc.Server$RpcCall.run(Server.java:1094) [hadoop-common-3.3.6.jar:?]
	at org.apache.hadoop.ipc.Server$RpcCall.run(Server.java:1017) [hadoop-common-3.3.6.jar:?]
	at java.security.AccessController.doPrivileged(Native Method) ~[?:1.8.0_382]
	at javax.security.auth.Subject.doAs(Subject.java:422) [?:1.8.0_382]
	at org.apache.hadoop.security.UserGroupInformation.doAs(UserGroupInformation.java:1899) [hadoop-common-3.3.6.jar:?]
	at org.apache.hadoop.ipc.Server$Handler.run(Server.java:3048) [hadoop-common-3.3.6.jar:?]
18:20:06.895 [IPC Server handler 18 on default port 15110] ERROR OMAudit - user=runner | ip=127.0.0.1 | op=GET_FILE_STATUS {volume=volume40966, bucket=bucket64934, key=testBatchDelete/parent/child0, dataSize=0, replicationConfig=null} | ret=FAILURE
org.apache.hadoop.ozone.om.exceptions.OMException: Unable to get file status: volume: volume40966 bucket: bucket64934 key: testBatchDelete/parent/child0
	at org.apache.hadoop.ozone.om.KeyManagerImpl.getOzoneFileStatus(KeyManagerImpl.java:1195) ~[ozone-manager-1.4.0-SNAPSHOT.jar:?]
	at org.apache.hadoop.ozone.om.KeyManagerImpl.getFileStatus(KeyManagerImpl.java:1113) ~[ozone-manager-1.4.0-SNAPSHOT.jar:?]
	at org.apache.hadoop.ozone.om.OmMetadataReader.getFileStatus(OmMetadataReader.java:262) ~[ozone-manager-1.4.0-SNAPSHOT.jar:?]
	at org.apache.hadoop.ozone.om.OzoneManager.getFileStatus(OzoneManager.java:3530) ~[ozone-manager-1.4.0-SNAPSHOT.jar:?]
	at org.apache.hadoop.ozone.protocolPB.OzoneManagerRequestHandler.getOzoneFileStatus(OzoneManagerRequestHandler.java:973) ~[ozone-manager-1.4.0-SNAPSHOT.jar:?]
	at org.apache.hadoop.ozone.protocolPB.OzoneManagerRequestHandler.handleReadRequest(OzoneManagerRequestHandler.java:252) ~[ozone-manager-1.4.0-SNAPSHOT.jar:?]
	at org.apache.hadoop.ozone.protocolPB.OzoneManagerProtocolServerSideTranslatorPB.submitReadRequestToOM(OzoneManagerProtocolServerSideTranslatorPB.java:225) ~[ozone-manager-1.4.0-SNAPSHOT.jar:?]
	at org.apache.hadoop.ozone.protocolPB.OzoneManagerProtocolServerSideTranslatorPB.processRequest(OzoneManagerProtocolServerSideTranslatorPB.java:179) ~[ozone-manager-1.4.0-SNAPSHOT.jar:?]
	at org.apache.hadoop.hdds.server.OzoneProtocolMessageDispatcher.processRequest(OzoneProtocolMessageDispatcher.java:87) [hdds-server-framework-1.4.0-SNAPSHOT.jar:?]
	at org.apache.hadoop.ozone.protocolPB.OzoneManagerProtocolServerSideTranslatorPB.submitRequest(OzoneManagerProtocolServerSideTranslatorPB.java:148) [ozone-manager-1.4.0-SNAPSHOT.jar:?]
	at org.apache.hadoop.ozone.protocol.proto.OzoneManagerProtocolProtos$OzoneManagerService$2.callBlockingMethod(OzoneManagerProtocolProtos.java) [ozone-interface-client-1.4.0-SNAPSHOT.jar:?]
	at org.apache.hadoop.ipc.ProtobufRpcEngine$Server.processCall(ProtobufRpcEngine.java:484) [hadoop-common-3.3.6.jar:?]
	at org.apache.hadoop.ipc.ProtobufRpcEngine2$Server$ProtoBufRpcInvoker.call(ProtobufRpcEngine2.java:595) [hadoop-common-3.3.6.jar:?]
	at org.apache.hadoop.ipc.ProtobufRpcEngine2$Server$ProtoBufRpcInvoker.call(ProtobufRpcEngine2.java:573) [hadoop-common-3.3.6.jar:?]
	at org.apache.hadoop.ipc.RPC$Server.call(RPC.java:1227) [hadoop-common-3.3.6.jar:?]
	at org.apache.hadoop.ipc.Server$RpcCall.run(Server.java:1094) [hadoop-common-3.3.6.jar:?]
	at org.apache.hadoop.ipc.Server$RpcCall.run(Server.java:1017) [hadoop-common-3.3.6.jar:?]
	at java.security.AccessController.doPrivileged(Native Method) ~[?:1.8.0_382]
	at javax.security.auth.Subject.doAs(Subject.java:422) [?:1.8.0_382]
	at org.apache.hadoop.security.UserGroupInformation.doAs(UserGroupInformation.java:1899) [hadoop-common-3.3.6.jar:?]
	at org.apache.hadoop.ipc.Server$Handler.run(Server.java:3048) [hadoop-common-3.3.6.jar:?]
18:20:06.896 [IPC Server handler 8 on default port 15110] ERROR OMAudit - user=runner | ip=127.0.0.1 | op=GET_FILE_STATUS {volume=volume40966, bucket=bucket64934, key=testBatchDelete/parent/childFolder/child0, dataSize=0, replicationConfig=null} | ret=FAILURE
org.apache.hadoop.ozone.om.exceptions.OMException: Unable to get file status: volume: volume40966 bucket: bucket64934 key: testBatchDelete/parent/childFolder/child0
	at org.apache.hadoop.ozone.om.KeyManagerImpl.getOzoneFileStatus(KeyManagerImpl.java:1195) ~[ozone-manager-1.4.0-SNAPSHOT.jar:?]
	at org.apache.hadoop.ozone.om.KeyManagerImpl.getFileStatus(KeyManagerImpl.java:1113) ~[ozone-manager-1.4.0-SNAPSHOT.jar:?]
	at org.apache.hadoop.ozone.om.OmMetadataReader.getFileStatus(OmMetadataReader.java:262) ~[ozone-manager-1.4.0-SNAPSHOT.jar:?]
	at org.apache.hadoop.ozone.om.OzoneManager.getFileStatus(OzoneManager.java:3530) ~[ozone-manager-1.4.0-SNAPSHOT.jar:?]
	at org.apache.hadoop.ozone.protocolPB.OzoneManagerRequestHandler.getOzoneFileStatus(OzoneManagerRequestHandler.java:973) ~[ozone-manager-1.4.0-SNAPSHOT.jar:?]
	at org.apache.hadoop.ozone.protocolPB.OzoneManagerRequestHandler.handleReadRequest(OzoneManagerRequestHandler.java:252) ~[ozone-manager-1.4.0-SNAPSHOT.jar:?]
	at org.apache.hadoop.ozone.protocolPB.OzoneManagerProtocolServerSideTranslatorPB.submitReadRequestToOM(OzoneManagerProtocolServerSideTranslatorPB.java:225) ~[ozone-manager-1.4.0-SNAPSHOT.jar:?]
	at org.apache.hadoop.ozone.protocolPB.OzoneManagerProtocolServerSideTranslatorPB.processRequest(OzoneManagerProtocolServerSideTranslatorPB.java:179) ~[ozone-manager-1.4.0-SNAPSHOT.jar:?]
	at org.apache.hadoop.hdds.server.OzoneProtocolMessageDispatcher.processRequest(OzoneProtocolMessageDispatcher.java:87) [hdds-server-framework-1.4.0-SNAPSHOT.jar:?]
	at org.apache.hadoop.ozone.protocolPB.OzoneManagerProtocolServerSideTranslatorPB.submitRequest(OzoneManagerProtocolServerSideTranslatorPB.java:148) [ozone-manager-1.4.0-SNAPSHOT.jar:?]
	at org.apache.hadoop.ozone.protocol.proto.OzoneManagerProtocolProtos$OzoneManagerService$2.callBlockingMethod(OzoneManagerProtocolProtos.java) [ozone-interface-client-1.4.0-SNAPSHOT.jar:?]
	at org.apache.hadoop.ipc.ProtobufRpcEngine$Server.processCall(ProtobufRpcEngine.java:484) [hadoop-common-3.3.6.jar:?]
	at org.apache.hadoop.ipc.ProtobufRpcEngine2$Server$ProtoBufRpcInvoker.call(ProtobufRpcEngine2.java:595) [hadoop-common-3.3.6.jar:?]
	at org.apache.hadoop.ipc.ProtobufRpcEngine2$Server$ProtoBufRpcInvoker.call(ProtobufRpcEngine2.java:573) [hadoop-common-3.3.6.jar:?]
	at org.apache.hadoop.ipc.RPC$Server.call(RPC.java:1227) [hadoop-common-3.3.6.jar:?]
	at org.apache.hadoop.ipc.Server$RpcCall.run(Server.java:1094) [hadoop-common-3.3.6.jar:?]
	at org.apache.hadoop.ipc.Server$RpcCall.run(Server.java:1017) [hadoop-common-3.3.6.jar:?]
	at java.security.AccessController.doPrivileged(Native Method) ~[?:1.8.0_382]
	at javax.security.auth.Subject.doAs(Subject.java:422) [?:1.8.0_382]
	at org.apache.hadoop.security.UserGroupInformation.doAs(UserGroupInformation.java:1899) [hadoop-common-3.3.6.jar:?]
	at org.apache.hadoop.ipc.Server$Handler.run(Server.java:3048) [hadoop-common-3.3.6.jar:?]
18:20:06.897 [IPC Server handler 19 on default port 15110] ERROR OMAudit - user=runner | ip=127.0.0.1 | op=GET_FILE_STATUS {volume=volume40966, bucket=bucket64934, key=testBatchDelete/parent/child1, dataSize=0, replicationConfig=null} | ret=FAILURE
org.apache.hadoop.ozone.om.exceptions.OMException: Unable to get file status: volume: volume40966 bucket: bucket64934 key: testBatchDelete/parent/child1
	at org.apache.hadoop.ozone.om.KeyManagerImpl.getOzoneFileStatus(KeyManagerImpl.java:1195) ~[ozone-manager-1.4.0-SNAPSHOT.jar:?]
	at org.apache.hadoop.ozone.om.KeyManagerImpl.getFileStatus(KeyManagerImpl.java:1113) ~[ozone-manager-1.4.0-SNAPSHOT.jar:?]
	at org.apache.hadoop.ozone.om.OmMetadataReader.getFileStatus(OmMetadataReader.java:262) ~[ozone-manager-1.4.0-SNAPSHOT.jar:?]
	at org.apache.hadoop.ozone.om.OzoneManager.getFileStatus(OzoneManager.java:3530) ~[ozone-manager-1.4.0-SNAPSHOT.jar:?]
	at org.apache.hadoop.ozone.protocolPB.OzoneManagerRequestHandler.getOzoneFileStatus(OzoneManagerRequestHandler.java:973) ~[ozone-manager-1.4.0-SNAPSHOT.jar:?]
	at org.apache.hadoop.ozone.protocolPB.OzoneManagerRequestHandler.handleReadRequest(OzoneManagerRequestHandler.java:252) ~[ozone-manager-1.4.0-SNAPSHOT.jar:?]
	at org.apache.hadoop.ozone.protocolPB.OzoneManagerProtocolServerSideTranslatorPB.submitReadRequestToOM(OzoneManagerProtocolServerSideTranslatorPB.java:225) ~[ozone-manager-1.4.0-SNAPSHOT.jar:?]
	at org.apache.hadoop.ozone.protocolPB.OzoneManagerProtocolServerSideTranslatorPB.processRequest(OzoneManagerProtocolServerSideTranslatorPB.java:179) ~[ozone-manager-1.4.0-SNAPSHOT.jar:?]
	at org.apache.hadoop.hdds.server.OzoneProtocolMessageDispatcher.processRequest(OzoneProtocolMessageDispatcher.java:87) [hdds-server-framework-1.4.0-SNAPSHOT.jar:?]
	at org.apache.hadoop.ozone.protocolPB.OzoneManagerProtocolServerSideTranslatorPB.submitRequest(OzoneManagerProtocolServerSideTranslatorPB.java:148) [ozone-manager-1.4.0-SNAPSHOT.jar:?]
	at org.apache.hadoop.ozone.protocol.proto.OzoneManagerProtocolProtos$OzoneManagerService$2.callBlockingMethod(OzoneManagerProtocolProtos.java) [ozone-interface-client-1.4.0-SNAPSHOT.jar:?]
	at org.apache.hadoop.ipc.ProtobufRpcEngine$Server.processCall(ProtobufRpcEngine.java:484) [hadoop-common-3.3.6.jar:?]
	at org.apache.hadoop.ipc.ProtobufRpcEngine2$Server$ProtoBufRpcInvoker.call(ProtobufRpcEngine2.java:595) [hadoop-common-3.3.6.jar:?]
	at org.apache.hadoop.ipc.ProtobufRpcEngine2$Server$ProtoBufRpcInvoker.call(ProtobufRpcEngine2.java:573) [hadoop-common-3.3.6.jar:?]
	at org.apache.hadoop.ipc.RPC$Server.call(RPC.java:1227) [hadoop-common-3.3.6.jar:?]
	at org.apache.hadoop.ipc.Server$RpcCall.run(Server.java:1094) [hadoop-common-3.3.6.jar:?]
	at org.apache.hadoop.ipc.Server$RpcCall.run(Server.java:1017) [hadoop-common-3.3.6.jar:?]
	at java.security.AccessController.doPrivileged(Native Method) ~[?:1.8.0_382]
	at javax.security.auth.Subject.doAs(Subject.java:422) [?:1.8.0_382]
	at org.apache.hadoop.security.UserGroupInformation.doAs(UserGroupInformation.java:1899) [hadoop-common-3.3.6.jar:?]
	at org.apache.hadoop.ipc.Server$Handler.run(Server.java:3048) [hadoop-common-3.3.6.jar:?]
18:20:06.898 [IPC Server handler 0 on default port 15110] ERROR OMAudit - user=runner | ip=127.0.0.1 | op=GET_FILE_STATUS {volume=volume40966, bucket=bucket64934, key=testBatchDelete/parent/childFolder/child1, dataSize=0, replicationConfig=null} | ret=FAILURE
org.apache.hadoop.ozone.om.exceptions.OMException: Unable to get file status: volume: volume40966 bucket: bucket64934 key: testBatchDelete/parent/childFolder/child1
	at org.apache.hadoop.ozone.om.KeyManagerImpl.getOzoneFileStatus(KeyManagerImpl.java:1195) ~[ozone-manager-1.4.0-SNAPSHOT.jar:?]
	at org.apache.hadoop.ozone.om.KeyManagerImpl.getFileStatus(KeyManagerImpl.java:1113) ~[ozone-manager-1.4.0-SNAPSHOT.jar:?]
	at org.apache.hadoop.ozone.om.OmMetadataReader.getFileStatus(OmMetadataReader.java:262) ~[ozone-manager-1.4.0-SNAPSHOT.jar:?]
	at org.apache.hadoop.ozone.om.OzoneManager.getFileStatus(OzoneManager.java:3530) ~[ozone-manager-1.4.0-SNAPSHOT.jar:?]
	at org.apache.hadoop.ozone.protocolPB.OzoneManagerRequestHandler.getOzoneFileStatus(OzoneManagerRequestHandler.java:973) ~[ozone-manager-1.4.0-SNAPSHOT.jar:?]
	at org.apache.hadoop.ozone.protocolPB.OzoneManagerRequestHandler.handleReadRequest(OzoneManagerRequestHandler.java:252) ~[ozone-manager-1.4.0-SNAPSHOT.jar:?]
	at org.apache.hadoop.ozone.protocolPB.OzoneManagerProtocolServerSideTranslatorPB.submitReadRequestToOM(OzoneManagerProtocolServerSideTranslatorPB.java:225) ~[ozone-manager-1.4.0-SNAPSHOT.jar:?]
	at org.apache.hadoop.ozone.protocolPB.OzoneManagerProtocolServerSideTranslatorPB.processRequest(OzoneManagerProtocolServerSideTranslatorPB.java:179) ~[ozone-manager-1.4.0-SNAPSHOT.jar:?]
	at org.apache.hadoop.hdds.server.OzoneProtocolMessageDispatcher.processRequest(OzoneProtocolMessageDispatcher.java:87) [hdds-server-framework-1.4.0-SNAPSHOT.jar:?]
	at org.apache.hadoop.ozone.protocolPB.OzoneManagerProtocolServerSideTranslatorPB.submitRequest(OzoneManagerProtocolServerSideTranslatorPB.java:148) [ozone-manager-1.4.0-SNAPSHOT.jar:?]
	at org.apache.hadoop.ozone.protocol.proto.OzoneManagerProtocolProtos$OzoneManagerService$2.callBlockingMethod(OzoneManagerProtocolProtos.java) [ozone-interface-client-1.4.0-SNAPSHOT.jar:?]
	at org.apache.hadoop.ipc.ProtobufRpcEngine$Server.processCall(ProtobufRpcEngine.java:484) [hadoop-common-3.3.6.jar:?]
	at org.apache.hadoop.ipc.ProtobufRpcEngine2$Server$ProtoBufRpcInvoker.call(ProtobufRpcEngine2.java:595) [hadoop-common-3.3.6.jar:?]
	at org.apache.hadoop.ipc.ProtobufRpcEngine2$Server$ProtoBufRpcInvoker.call(ProtobufRpcEngine2.java:573) [hadoop-common-3.3.6.jar:?]
	at org.apache.hadoop.ipc.RPC$Server.call(RPC.java:1227) [hadoop-common-3.3.6.jar:?]
	at org.apache.hadoop.ipc.Server$RpcCall.run(Server.java:1094) [hadoop-common-3.3.6.jar:?]
	at org.apache.hadoop.ipc.Server$RpcCall.run(Server.java:1017) [hadoop-common-3.3.6.jar:?]
	at java.security.AccessController.doPrivileged(Native Method) ~[?:1.8.0_382]
	at javax.security.auth.Subject.doAs(Subject.java:422) [?:1.8.0_382]
	at org.apache.hadoop.security.UserGroupInformation.doAs(UserGroupInformation.java:1899) [hadoop-common-3.3.6.jar:?]
	at org.apache.hadoop.ipc.Server$Handler.run(Server.java:3048) [hadoop-common-3.3.6.jar:?]
18:20:06.899 [IPC Server handler 4 on default port 15110] ERROR OMAudit - user=runner | ip=127.0.0.1 | op=GET_FILE_STATUS {volume=volume40966, bucket=bucket64934, key=testBatchDelete/parent/child2, dataSize=0, replicationConfig=null} | ret=FAILURE
org.apache.hadoop.ozone.om.exceptions.OMException: Unable to get file status: volume: volume40966 bucket: bucket64934 key: testBatchDelete/parent/child2
	at org.apache.hadoop.ozone.om.KeyManagerImpl.getOzoneFileStatus(KeyManagerImpl.java:1195) ~[ozone-manager-1.4.0-SNAPSHOT.jar:?]
	at org.apache.hadoop.ozone.om.KeyManagerImpl.getFileStatus(KeyManagerImpl.java:1113) ~[ozone-manager-1.4.0-SNAPSHOT.jar:?]
	at org.apache.hadoop.ozone.om.OmMetadataReader.getFileStatus(OmMetadataReader.java:262) ~[ozone-manager-1.4.0-SNAPSHOT.jar:?]
	at org.apache.hadoop.ozone.om.OzoneManager.getFileStatus(OzoneManager.java:3530) ~[ozone-manager-1.4.0-SNAPSHOT.jar:?]
	at org.apache.hadoop.ozone.protocolPB.OzoneManagerRequestHandler.getOzoneFileStatus(OzoneManagerRequestHandler.java:973) ~[ozone-manager-1.4.0-SNAPSHOT.jar:?]
	at org.apache.hadoop.ozone.protocolPB.OzoneManagerRequestHandler.handleReadRequest(OzoneManagerRequestHandler.java:252) ~[ozone-manager-1.4.0-SNAPSHOT.jar:?]
	at org.apache.hadoop.ozone.protocolPB.OzoneManagerProtocolServerSideTranslatorPB.submitReadRequestToOM(OzoneManagerProtocolServerSideTranslatorPB.java:225) ~[ozone-manager-1.4.0-SNAPSHOT.jar:?]
	at org.apache.hadoop.ozone.protocolPB.OzoneManagerProtocolServerSideTranslatorPB.processRequest(OzoneManagerProtocolServerSideTranslatorPB.java:179) ~[ozone-manager-1.4.0-SNAPSHOT.jar:?]
	at org.apache.hadoop.hdds.server.OzoneProtocolMessageDispatcher.processRequest(OzoneProtocolMessageDispatcher.java:87) [hdds-server-framework-1.4.0-SNAPSHOT.jar:?]
	at org.apache.hadoop.ozone.protocolPB.OzoneManagerProtocolServerSideTranslatorPB.submitRequest(OzoneManagerProtocolServerSideTranslatorPB.java:148) [ozone-manager-1.4.0-SNAPSHOT.jar:?]
	at org.apache.hadoop.ozone.protocol.proto.OzoneManagerProtocolProtos$OzoneManagerService$2.callBlockingMethod(OzoneManagerProtocolProtos.java) [ozone-interface-client-1.4.0-SNAPSHOT.jar:?]
	at org.apache.hadoop.ipc.ProtobufRpcEngine$Server.processCall(ProtobufRpcEngine.java:484) [hadoop-common-3.3.6.jar:?]
	at org.apache.hadoop.ipc.ProtobufRpcEngine2$Server$ProtoBufRpcInvoker.call(ProtobufRpcEngine2.java:595) [hadoop-common-3.3.6.jar:?]
	at org.apache.hadoop.ipc.ProtobufRpcEngine2$Server$ProtoBufRpcInvoker.call(ProtobufRpcEngine2.java:573) [hadoop-common-3.3.6.jar:?]
	at org.apache.hadoop.ipc.RPC$Server.call(RPC.java:1227) [hadoop-common-3.3.6.jar:?]
	at org.apache.hadoop.ipc.Server$RpcCall.run(Server.java:1094) [hadoop-common-3.3.6.jar:?]
	at org.apache.hadoop.ipc.Server$RpcCall.run(Server.java:1017) [hadoop-common-3.3.6.jar:?]
	at java.security.AccessController.doPrivileged(Native Method) ~[?:1.8.0_382]
	at javax.security.auth.Subject.doAs(Subject.java:422) [?:1.8.0_382]
	at org.apache.hadoop.security.UserGroupInformation.doAs(UserGroupInformation.java:1899) [hadoop-common-3.3.6.jar:?]
	at org.apache.hadoop.ipc.Server$Handler.run(Server.java:3048) [hadoop-common-3.3.6.jar:?]
18:20:06.900 [IPC Server handler 3 on default port 15110] ERROR OMAudit - user=runner | ip=127.0.0.1 | op=GET_FILE_STATUS {volume=volume40966, bucket=bucket64934, key=testBatchDelete/parent/childFolder/child2, dataSize=0, replicationConfig=null} | ret=FAILURE
org.apache.hadoop.ozone.om.exceptions.OMException: Unable to get file status: volume: volume40966 bucket: bucket64934 key: testBatchDelete/parent/childFolder/child2
	at org.apache.hadoop.ozone.om.KeyManagerImpl.getOzoneFileStatus(KeyManagerImpl.java:1195) ~[ozone-manager-1.4.0-SNAPSHOT.jar:?]
	at org.apache.hadoop.ozone.om.KeyManagerImpl.getFileStatus(KeyManagerImpl.java:1113) ~[ozone-manager-1.4.0-SNAPSHOT.jar:?]
	at org.apache.hadoop.ozone.om.OmMetadataReader.getFileStatus(OmMetadataReader.java:262) ~[ozone-manager-1.4.0-SNAPSHOT.jar:?]
	at org.apache.hadoop.ozone.om.OzoneManager.getFileStatus(OzoneManager.java:3530) ~[ozone-manager-1.4.0-SNAPSHOT.jar:?]
	at org.apache.hadoop.ozone.protocolPB.OzoneManagerRequestHandler.getOzoneFileStatus(OzoneManagerRequestHandler.java:973) ~[ozone-manager-1.4.0-SNAPSHOT.jar:?]
	at org.apache.hadoop.ozone.protocolPB.OzoneManagerRequestHandler.handleReadRequest(OzoneManagerRequestHandler.java:252) ~[ozone-manager-1.4.0-SNAPSHOT.jar:?]
	at org.apache.hadoop.ozone.protocolPB.OzoneManagerProtocolServerSideTranslatorPB.submitReadRequestToOM(OzoneManagerProtocolServerSideTranslatorPB.java:225) ~[ozone-manager-1.4.0-SNAPSHOT.jar:?]
	at org.apache.hadoop.ozone.protocolPB.OzoneManagerProtocolServerSideTranslatorPB.processRequest(OzoneManagerProtocolServerSideTranslatorPB.java:179) ~[ozone-manager-1.4.0-SNAPSHOT.jar:?]
	at org.apache.hadoop.hdds.server.OzoneProtocolMessageDispatcher.processRequest(OzoneProtocolMessageDispatcher.java:87) [hdds-server-framework-1.4.0-SNAPSHOT.jar:?]
	at org.apache.hadoop.ozone.protocolPB.OzoneManagerProtocolServerSideTranslatorPB.submitRequest(OzoneManagerProtocolServerSideTranslatorPB.java:148) [ozone-manager-1.4.0-SNAPSHOT.jar:?]
	at org.apache.hadoop.ozone.protocol.proto.OzoneManagerProtocolProtos$OzoneManagerService$2.callBlockingMethod(OzoneManagerProtocolProtos.java) [ozone-interface-client-1.4.0-SNAPSHOT.jar:?]
	at org.apache.hadoop.ipc.ProtobufRpcEngine$Server.processCall(ProtobufRpcEngine.java:484) [hadoop-common-3.3.6.jar:?]
	at org.apache.hadoop.ipc.ProtobufRpcEngine2$Server$ProtoBufRpcInvoker.call(ProtobufRpcEngine2.java:595) [hadoop-common-3.3.6.jar:?]
	at org.apache.hadoop.ipc.ProtobufRpcEngine2$Server$ProtoBufRpcInvoker.call(ProtobufRpcEngine2.java:573) [hadoop-common-3.3.6.jar:?]
	at org.apache.hadoop.ipc.RPC$Server.call(RPC.java:1227) [hadoop-common-3.3.6.jar:?]
	at org.apache.hadoop.ipc.Server$RpcCall.run(Server.java:1094) [hadoop-common-3.3.6.jar:?]
	at org.apache.hadoop.ipc.Server$RpcCall.run(Server.java:1017) [hadoop-common-3.3.6.jar:?]
	at java.security.AccessController.doPrivileged(Native Method) ~[?:1.8.0_382]
	at javax.security.auth.Subject.doAs(Subject.java:422) [?:1.8.0_382]
	at org.apache.hadoop.security.UserGroupInformation.doAs(UserGroupInformation.java:1899) [hadoop-common-3.3.6.jar:?]
	at org.apache.hadoop.ipc.Server$Handler.run(Server.java:3048) [hadoop-common-3.3.6.jar:?]
18:20:06.901 [IPC Server handler 2 on default port 15110] ERROR OMAudit - user=runner | ip=127.0.0.1 | op=GET_FILE_STATUS {volume=volume40966, bucket=bucket64934, key=testBatchDelete/parent/child3, dataSize=0, replicationConfig=null} | ret=FAILURE
org.apache.hadoop.ozone.om.exceptions.OMException: Unable to get file status: volume: volume40966 bucket: bucket64934 key: testBatchDelete/parent/child3
	at org.apache.hadoop.ozone.om.KeyManagerImpl.getOzoneFileStatus(KeyManagerImpl.java:1195) ~[ozone-manager-1.4.0-SNAPSHOT.jar:?]
	at org.apache.hadoop.ozone.om.KeyManagerImpl.getFileStatus(KeyManagerImpl.java:1113) ~[ozone-manager-1.4.0-SNAPSHOT.jar:?]
	at org.apache.hadoop.ozone.om.OmMetadataReader.getFileStatus(OmMetadataReader.java:262) ~[ozone-manager-1.4.0-SNAPSHOT.jar:?]
	at org.apache.hadoop.ozone.om.OzoneManager.getFileStatus(OzoneManager.java:3530) ~[ozone-manager-1.4.0-SNAPSHOT.jar:?]
	at org.apache.hadoop.ozone.protocolPB.OzoneManagerRequestHandler.getOzoneFileStatus(OzoneManagerRequestHandler.java:973) ~[ozone-manager-1.4.0-SNAPSHOT.jar:?]
	at org.apache.hadoop.ozone.protocolPB.OzoneManagerRequestHandler.handleReadRequest(OzoneManagerRequestHandler.java:252) ~[ozone-manager-1.4.0-SNAPSHOT.jar:?]
	at org.apache.hadoop.ozone.protocolPB.OzoneManagerProtocolServerSideTranslatorPB.submitReadRequestToOM(OzoneManagerProtocolServerSideTranslatorPB.java:225) ~[ozone-manager-1.4.0-SNAPSHOT.jar:?]
	at org.apache.hadoop.ozone.protocolPB.OzoneManagerProtocolServerSideTranslatorPB.processRequest(OzoneManagerProtocolServerSideTranslatorPB.java:179) ~[ozone-manager-1.4.0-SNAPSHOT.jar:?]
	at org.apache.hadoop.hdds.server.OzoneProtocolMessageDispatcher.processRequest(OzoneProtocolMessageDispatcher.java:87) [hdds-server-framework-1.4.0-SNAPSHOT.jar:?]
	at org.apache.hadoop.ozone.protocolPB.OzoneManagerProtocolServerSideTranslatorPB.submitRequest(OzoneManagerProtocolServerSideTranslatorPB.java:148) [ozone-manager-1.4.0-SNAPSHOT.jar:?]
	at org.apache.hadoop.ozone.protocol.proto.OzoneManagerProtocolProtos$OzoneManagerService$2.callBlockingMethod(OzoneManagerProtocolProtos.java) [ozone-interface-client-1.4.0-SNAPSHOT.jar:?]
	at org.apache.hadoop.ipc.ProtobufRpcEngine$Server.processCall(ProtobufRpcEngine.java:484) [hadoop-common-3.3.6.jar:?]
	at org.apache.hadoop.ipc.ProtobufRpcEngine2$Server$ProtoBufRpcInvoker.call(ProtobufRpcEngine2.java:595) [hadoop-common-3.3.6.jar:?]
	at org.apache.hadoop.ipc.ProtobufRpcEngine2$Server$ProtoBufRpcInvoker.call(ProtobufRpcEngine2.java:573) [hadoop-common-3.3.6.jar:?]
	at org.apache.hadoop.ipc.RPC$Server.call(RPC.java:1227) [hadoop-common-3.3.6.jar:?]
	at org.apache.hadoop.ipc.Server$RpcCall.run(Server.java:1094) [hadoop-common-3.3.6.jar:?]
	at org.apache.hadoop.ipc.Server$RpcCall.run(Server.java:1017) [hadoop-common-3.3.6.jar:?]
	at java.security.AccessController.doPrivileged(Native Method) ~[?:1.8.0_382]
	at javax.security.auth.Subject.doAs(Subject.java:422) [?:1.8.0_382]
	at org.apache.hadoop.security.UserGroupInformation.doAs(UserGroupInformation.java:1899) [hadoop-common-3.3.6.jar:?]
	at org.apache.hadoop.ipc.Server$Handler.run(Server.java:3048) [hadoop-common-3.3.6.jar:?]
18:20:06.902 [IPC Server handler 7 on default port 15110] ERROR OMAudit - user=runner | ip=127.0.0.1 | op=GET_FILE_STATUS {volume=volume40966, bucket=bucket64934, key=testBatchDelete/parent/childFolder/child3, dataSize=0, replicationConfig=null} | ret=FAILURE
org.apache.hadoop.ozone.om.exceptions.OMException: Unable to get file status: volume: volume40966 bucket: bucket64934 key: testBatchDelete/parent/childFolder/child3
	at org.apache.hadoop.ozone.om.KeyManagerImpl.getOzoneFileStatus(KeyManagerImpl.java:1195) ~[ozone-manager-1.4.0-SNAPSHOT.jar:?]
	at org.apache.hadoop.ozone.om.KeyManagerImpl.getFileStatus(KeyManagerImpl.java:1113) ~[ozone-manager-1.4.0-SNAPSHOT.jar:?]
	at org.apache.hadoop.ozone.om.OmMetadataReader.getFileStatus(OmMetadataReader.java:262) ~[ozone-manager-1.4.0-SNAPSHOT.jar:?]
	at org.apache.hadoop.ozone.om.OzoneManager.getFileStatus(OzoneManager.java:3530) ~[ozone-manager-1.4.0-SNAPSHOT.jar:?]
	at org.apache.hadoop.ozone.protocolPB.OzoneManagerRequestHandler.getOzoneFileStatus(OzoneManagerRequestHandler.java:973) ~[ozone-manager-1.4.0-SNAPSHOT.jar:?]
	at org.apache.hadoop.ozone.protocolPB.OzoneManagerRequestHandler.handleReadRequest(OzoneManagerRequestHandler.java:252) ~[ozone-manager-1.4.0-SNAPSHOT.jar:?]
	at org.apache.hadoop.ozone.protocolPB.OzoneManagerProtocolServerSideTranslatorPB.submitReadRequestToOM(OzoneManagerProtocolServerSideTranslatorPB.java:225) ~[ozone-manager-1.4.0-SNAPSHOT.jar:?]
	at org.apache.hadoop.ozone.protocolPB.OzoneManagerProtocolServerSideTranslatorPB.processRequest(OzoneManagerProtocolServerSideTranslatorPB.java:179) ~[ozone-manager-1.4.0-SNAPSHOT.jar:?]
	at org.apache.hadoop.hdds.server.OzoneProtocolMessageDispatcher.processRequest(OzoneProtocolMessageDispatcher.java:87) [hdds-server-framework-1.4.0-SNAPSHOT.jar:?]
	at org.apache.hadoop.ozone.protocolPB.OzoneManagerProtocolServerSideTranslatorPB.submitRequest(OzoneManagerProtocolServerSideTranslatorPB.java:148) [ozone-manager-1.4.0-SNAPSHOT.jar:?]
	at org.apache.hadoop.ozone.protocol.proto.OzoneManagerProtocolProtos$OzoneManagerService$2.callBlockingMethod(OzoneManagerProtocolProtos.java) [ozone-interface-client-1.4.0-SNAPSHOT.jar:?]
	at org.apache.hadoop.ipc.ProtobufRpcEngine$Server.processCall(ProtobufRpcEngine.java:484) [hadoop-common-3.3.6.jar:?]
	at org.apache.hadoop.ipc.ProtobufRpcEngine2$Server$ProtoBufRpcInvoker.call(ProtobufRpcEngine2.java:595) [hadoop-common-3.3.6.jar:?]
	at org.apache.hadoop.ipc.ProtobufRpcEngine2$Server$ProtoBufRpcInvoker.call(ProtobufRpcEngine2.java:573) [hadoop-common-3.3.6.jar:?]
	at org.apache.hadoop.ipc.RPC$Server.call(RPC.java:1227) [hadoop-common-3.3.6.jar:?]
	at org.apache.hadoop.ipc.Server$RpcCall.run(Server.java:1094) [hadoop-common-3.3.6.jar:?]
	at org.apache.hadoop.ipc.Server$RpcCall.run(Server.java:1017) [hadoop-common-3.3.6.jar:?]
	at java.security.AccessController.doPrivileged(Native Method) ~[?:1.8.0_382]
	at javax.security.auth.Subject.doAs(Subject.java:422) [?:1.8.0_382]
	at org.apache.hadoop.security.UserGroupInformation.doAs(UserGroupInformation.java:1899) [hadoop-common-3.3.6.jar:?]
	at org.apache.hadoop.ipc.Server$Handler.run(Server.java:3048) [hadoop-common-3.3.6.jar:?]
18:20:06.903 [IPC Server handler 5 on default port 15110] ERROR OMAudit - user=runner | ip=127.0.0.1 | op=GET_FILE_STATUS {volume=volume40966, bucket=bucket64934, key=testBatchDelete/parent/child4, dataSize=0, replicationConfig=null} | ret=FAILURE
org.apache.hadoop.ozone.om.exceptions.OMException: Unable to get file status: volume: volume40966 bucket: bucket64934 key: testBatchDelete/parent/child4
	at org.apache.hadoop.ozone.om.KeyManagerImpl.getOzoneFileStatus(KeyManagerImpl.java:1195) ~[ozone-manager-1.4.0-SNAPSHOT.jar:?]
	at org.apache.hadoop.ozone.om.KeyManagerImpl.getFileStatus(KeyManagerImpl.java:1113) ~[ozone-manager-1.4.0-SNAPSHOT.jar:?]
	at org.apache.hadoop.ozone.om.OmMetadataReader.getFileStatus(OmMetadataReader.java:262) ~[ozone-manager-1.4.0-SNAPSHOT.jar:?]
	at org.apache.hadoop.ozone.om.OzoneManager.getFileStatus(OzoneManager.java:3530) ~[ozone-manager-1.4.0-SNAPSHOT.jar:?]
	at org.apache.hadoop.ozone.protocolPB.OzoneManagerRequestHandler.getOzoneFileStatus(OzoneManagerRequestHandler.java:973) ~[ozone-manager-1.4.0-SNAPSHOT.jar:?]
	at org.apache.hadoop.ozone.protocolPB.OzoneManagerRequestHandler.handleReadRequest(OzoneManagerRequestHandler.java:252) ~[ozone-manager-1.4.0-SNAPSHOT.jar:?]
	at org.apache.hadoop.ozone.protocolPB.OzoneManagerProtocolServerSideTranslatorPB.submitReadRequestToOM(OzoneManagerProtocolServerSideTranslatorPB.java:225) ~[ozone-manager-1.4.0-SNAPSHOT.jar:?]
	at org.apache.hadoop.ozone.protocolPB.OzoneManagerProtocolServerSideTranslatorPB.processRequest(OzoneManagerProtocolServerSideTranslatorPB.java:179) ~[ozone-manager-1.4.0-SNAPSHOT.jar:?]
	at org.apache.hadoop.hdds.server.OzoneProtocolMessageDispatcher.processRequest(OzoneProtocolMessageDispatcher.java:87) [hdds-server-framework-1.4.0-SNAPSHOT.jar:?]
	at org.apache.hadoop.ozone.protocolPB.OzoneManagerProtocolServerSideTranslatorPB.submitRequest(OzoneManagerProtocolServerSideTranslatorPB.java:148) [ozone-manager-1.4.0-SNAPSHOT.jar:?]
	at org.apache.hadoop.ozone.protocol.proto.OzoneManagerProtocolProtos$OzoneManagerService$2.callBlockingMethod(OzoneManagerProtocolProtos.java) [ozone-interface-client-1.4.0-SNAPSHOT.jar:?]
	at org.apache.hadoop.ipc.ProtobufRpcEngine$Server.processCall(ProtobufRpcEngine.java:484) [hadoop-common-3.3.6.jar:?]
	at org.apache.hadoop.ipc.ProtobufRpcEngine2$Server$ProtoBufRpcInvoker.call(ProtobufRpcEngine2.java:595) [hadoop-common-3.3.6.jar:?]
	at org.apache.hadoop.ipc.ProtobufRpcEngine2$Server$ProtoBufRpcInvoker.call(ProtobufRpcEngine2.java:573) [hadoop-common-3.3.6.jar:?]
	at org.apache.hadoop.ipc.RPC$Server.call(RPC.java:1227) [hadoop-common-3.3.6.jar:?]
	at org.apache.hadoop.ipc.Server$RpcCall.run(Server.java:1094) [hadoop-common-3.3.6.jar:?]
	at org.apache.hadoop.ipc.Server$RpcCall.run(Server.java:1017) [hadoop-common-3.3.6.jar:?]
	at java.security.AccessController.doPrivileged(Native Method) ~[?:1.8.0_382]
	at javax.security.auth.Subject.doAs(Subject.java:422) [?:1.8.0_382]
	at org.apache.hadoop.security.UserGroupInformation.doAs(UserGroupInformation.java:1899) [hadoop-common-3.3.6.jar:?]
	at org.apache.hadoop.ipc.Server$Handler.run(Server.java:3048) [hadoop-common-3.3.6.jar:?]
18:20:06.906 [IPC Server handler 10 on default port 15110] ERROR OMAudit - user=runner | ip=127.0.0.1 | op=GET_FILE_STATUS {volume=volume40966, bucket=bucket64934, key=testBatchDelete/parent/childFolder/child4, dataSize=0, replicationConfig=null} | ret=FAILURE
org.apache.hadoop.ozone.om.exceptions.OMException: Unable to get file status: volume: volume40966 bucket: bucket64934 key: testBatchDelete/parent/childFolder/child4
	at org.apache.hadoop.ozone.om.KeyManagerImpl.getOzoneFileStatus(KeyManagerImpl.java:1195) ~[ozone-manager-1.4.0-SNAPSHOT.jar:?]
	at org.apache.hadoop.ozone.om.KeyManagerImpl.getFileStatus(KeyManagerImpl.java:1113) ~[ozone-manager-1.4.0-SNAPSHOT.jar:?]
	at org.apache.hadoop.ozone.om.OmMetadataReader.getFileStatus(OmMetadataReader.java:262) ~[ozone-manager-1.4.0-SNAPSHOT.jar:?]
	at org.apache.hadoop.ozone.om.OzoneManager.getFileStatus(OzoneManager.java:3530) ~[ozone-manager-1.4.0-SNAPSHOT.jar:?]
	at org.apache.hadoop.ozone.protocolPB.OzoneManagerRequestHandler.getOzoneFileStatus(OzoneManagerRequestHandler.java:973) ~[ozone-manager-1.4.0-SNAPSHOT.jar:?]
	at org.apache.hadoop.ozone.protocolPB.OzoneManagerRequestHandler.handleReadRequest(OzoneManagerRequestHandler.java:252) ~[ozone-manager-1.4.0-SNAPSHOT.jar:?]
	at org.apache.hadoop.ozone.protocolPB.OzoneManagerProtocolServerSideTranslatorPB.submitReadRequestToOM(OzoneManagerProtocolServerSideTranslatorPB.java:225) ~[ozone-manager-1.4.0-SNAPSHOT.jar:?]
	at org.apache.hadoop.ozone.protocolPB.OzoneManagerProtocolServerSideTranslatorPB.processRequest(OzoneManagerProtocolServerSideTranslatorPB.java:179) ~[ozone-manager-1.4.0-SNAPSHOT.jar:?]
	at org.apache.hadoop.hdds.server.OzoneProtocolMessageDispatcher.processRequest(OzoneProtocolMessageDispatcher.java:87) [hdds-server-framework-1.4.0-SNAPSHOT.jar:?]
	at org.apache.hadoop.ozone.protocolPB.OzoneManagerProtocolServerSideTranslatorPB.submitRequest(OzoneManagerProtocolServerSideTranslatorPB.java:148) [ozone-manager-1.4.0-SNAPSHOT.jar:?]
	at org.apache.hadoop.ozone.protocol.proto.OzoneManagerProtocolProtos$OzoneManagerService$2.callBlockingMethod(OzoneManagerProtocolProtos.java) [ozone-interface-client-1.4.0-SNAPSHOT.jar:?]
	at org.apache.hadoop.ipc.ProtobufRpcEngine$Server.processCall(ProtobufRpcEngine.java:484) [hadoop-common-3.3.6.jar:?]
	at org.apache.hadoop.ipc.ProtobufRpcEngine2$Server$ProtoBufRpcInvoker.call(ProtobufRpcEngine2.java:595) [hadoop-common-3.3.6.jar:?]
	at org.apache.hadoop.ipc.ProtobufRpcEngine2$Server$ProtoBufRpcInvoker.call(ProtobufRpcEngine2.java:573) [hadoop-common-3.3.6.jar:?]
	at org.apache.hadoop.ipc.RPC$Server.call(RPC.java:1227) [hadoop-common-3.3.6.jar:?]
	at org.apache.hadoop.ipc.Server$RpcCall.run(Server.java:1094) [hadoop-common-3.3.6.jar:?]
	at org.apache.hadoop.ipc.Server$RpcCall.run(Server.java:1017) [hadoop-common-3.3.6.jar:?]
	at java.security.AccessController.doPrivileged(Native Method) ~[?:1.8.0_382]
	at javax.security.auth.Subject.doAs(Subject.java:422) [?:1.8.0_382]
	at org.apache.hadoop.security.UserGroupInformation.doAs(UserGroupInformation.java:1899) [hadoop-common-3.3.6.jar:?]
	at org.apache.hadoop.ipc.Server$Handler.run(Server.java:3048) [hadoop-common-3.3.6.jar:?]
18:20:06.908 [IPC Server handler 9 on default port 15110] ERROR OMAudit - user=runner | ip=127.0.0.1 | op=GET_FILE_STATUS {volume=volume40966, bucket=bucket64934, key=testBatchDelete/parent/child5, dataSize=0, replicationConfig=null} | ret=FAILURE
org.apache.hadoop.ozone.om.exceptions.OMException: Unable to get file status: volume: volume40966 bucket: bucket64934 key: testBatchDelete/parent/child5
	at org.apache.hadoop.ozone.om.KeyManagerImpl.getOzoneFileStatus(KeyManagerImpl.java:1195) ~[ozone-manager-1.4.0-SNAPSHOT.jar:?]
	at org.apache.hadoop.ozone.om.KeyManagerImpl.getFileStatus(KeyManagerImpl.java:1113) ~[ozone-manager-1.4.0-SNAPSHOT.jar:?]
	at org.apache.hadoop.ozone.om.OmMetadataReader.getFileStatus(OmMetadataReader.java:262) ~[ozone-manager-1.4.0-SNAPSHOT.jar:?]
	at org.apache.hadoop.ozone.om.OzoneManager.getFileStatus(OzoneManager.java:3530) ~[ozone-manager-1.4.0-SNAPSHOT.jar:?]
	at org.apache.hadoop.ozone.protocolPB.OzoneManagerRequestHandler.getOzoneFileStatus(OzoneManagerRequestHandler.java:973) ~[ozone-manager-1.4.0-SNAPSHOT.jar:?]
	at org.apache.hadoop.ozone.protocolPB.OzoneManagerRequestHandler.handleReadRequest(OzoneManagerRequestHandler.java:252) ~[ozone-manager-1.4.0-SNAPSHOT.jar:?]
	at org.apache.hadoop.ozone.protocolPB.OzoneManagerProtocolServerSideTranslatorPB.submitReadRequestToOM(OzoneManagerProtocolServerSideTranslatorPB.java:225) ~[ozone-manager-1.4.0-SNAPSHOT.jar:?]
	at org.apache.hadoop.ozone.protocolPB.OzoneManagerProtocolServerSideTranslatorPB.processRequest(OzoneManagerProtocolServerSideTranslatorPB.java:179) ~[ozone-manager-1.4.0-SNAPSHOT.jar:?]
	at org.apache.hadoop.hdds.server.OzoneProtocolMessageDispatcher.processRequest(OzoneProtocolMessageDispatcher.java:87) [hdds-server-framework-1.4.0-SNAPSHOT.jar:?]
	at org.apache.hadoop.ozone.protocolPB.OzoneManagerProtocolServerSideTranslatorPB.submitRequest(OzoneManagerProtocolServerSideTranslatorPB.java:148) [ozone-manager-1.4.0-SNAPSHOT.jar:?]
	at org.apache.hadoop.ozone.protocol.proto.OzoneManagerProtocolProtos$OzoneManagerService$2.callBlockingMethod(OzoneManagerProtocolProtos.java) [ozone-interface-client-1.4.0-SNAPSHOT.jar:?]
	at org.apache.hadoop.ipc.ProtobufRpcEngine$Server.processCall(ProtobufRpcEngine.java:484) [hadoop-common-3.3.6.jar:?]
	at org.apache.hadoop.ipc.ProtobufRpcEngine2$Server$ProtoBufRpcInvoker.call(ProtobufRpcEngine2.java:595) [hadoop-common-3.3.6.jar:?]
	at org.apache.hadoop.ipc.ProtobufRpcEngine2$Server$ProtoBufRpcInvoker.call(ProtobufRpcEngine2.java:573) [hadoop-common-3.3.6.jar:?]
	at org.apache.hadoop.ipc.RPC$Server.call(RPC.java:1227) [hadoop-common-3.3.6.jar:?]
	at org.apache.hadoop.ipc.Server$RpcCall.run(Server.java:1094) [hadoop-common-3.3.6.jar:?]
	at org.apache.hadoop.ipc.Server$RpcCall.run(Server.java:1017) [hadoop-common-3.3.6.jar:?]
	at java.security.AccessController.doPrivileged(Native Method) ~[?:1.8.0_382]
	at javax.security.auth.Subject.doAs(Subject.java:422) [?:1.8.0_382]
	at org.apache.hadoop.security.UserGroupInformation.doAs(UserGroupInformation.java:1899) [hadoop-common-3.3.6.jar:?]
	at org.apache.hadoop.ipc.Server$Handler.run(Server.java:3048) [hadoop-common-3.3.6.jar:?]
18:20:06.909 [IPC Server handler 11 on default port 15110] ERROR OMAudit - user=runner | ip=127.0.0.1 | op=GET_FILE_STATUS {volume=volume40966, bucket=bucket64934, key=testBatchDelete/parent/childFolder/child5, dataSize=0, replicationConfig=null} | ret=FAILURE
org.apache.hadoop.ozone.om.exceptions.OMException: Unable to get file status: volume: volume40966 bucket: bucket64934 key: testBatchDelete/parent/childFolder/child5
	at org.apache.hadoop.ozone.om.KeyManagerImpl.getOzoneFileStatus(KeyManagerImpl.java:1195) ~[ozone-manager-1.4.0-SNAPSHOT.jar:?]
	at org.apache.hadoop.ozone.om.KeyManagerImpl.getFileStatus(KeyManagerImpl.java:1113) ~[ozone-manager-1.4.0-SNAPSHOT.jar:?]
	at org.apache.hadoop.ozone.om.OmMetadataReader.getFileStatus(OmMetadataReader.java:262) ~[ozone-manager-1.4.0-SNAPSHOT.jar:?]
	at org.apache.hadoop.ozone.om.OzoneManager.getFileStatus(OzoneManager.java:3530) ~[ozone-manager-1.4.0-SNAPSHOT.jar:?]
	at org.apache.hadoop.ozone.protocolPB.OzoneManagerRequestHandler.getOzoneFileStatus(OzoneManagerRequestHandler.java:973) ~[ozone-manager-1.4.0-SNAPSHOT.jar:?]
	at org.apache.hadoop.ozone.protocolPB.OzoneManagerRequestHandler.handleReadRequest(OzoneManagerRequestHandler.java:252) ~[ozone-manager-1.4.0-SNAPSHOT.jar:?]
	at org.apache.hadoop.ozone.protocolPB.OzoneManagerProtocolServerSideTranslatorPB.submitReadRequestToOM(OzoneManagerProtocolServerSideTranslatorPB.java:225) ~[ozone-manager-1.4.0-SNAPSHOT.jar:?]
	at org.apache.hadoop.ozone.protocolPB.OzoneManagerProtocolServerSideTranslatorPB.processRequest(OzoneManagerProtocolServerSideTranslatorPB.java:179) ~[ozone-manager-1.4.0-SNAPSHOT.jar:?]
	at org.apache.hadoop.hdds.server.OzoneProtocolMessageDispatcher.processRequest(OzoneProtocolMessageDispatcher.java:87) [hdds-server-framework-1.4.0-SNAPSHOT.jar:?]
	at org.apache.hadoop.ozone.protocolPB.OzoneManagerProtocolServerSideTranslatorPB.submitRequest(OzoneManagerProtocolServerSideTranslatorPB.java:148) [ozone-manager-1.4.0-SNAPSHOT.jar:?]
	at org.apache.hadoop.ozone.protocol.proto.OzoneManagerProtocolProtos$OzoneManagerService$2.callBlockingMethod(OzoneManagerProtocolProtos.java) [ozone-interface-client-1.4.0-SNAPSHOT.jar:?]
	at org.apache.hadoop.ipc.ProtobufRpcEngine$Server.processCall(ProtobufRpcEngine.java:484) [hadoop-common-3.3.6.jar:?]
	at org.apache.hadoop.ipc.ProtobufRpcEngine2$Server$ProtoBufRpcInvoker.call(ProtobufRpcEngine2.java:595) [hadoop-common-3.3.6.jar:?]
	at org.apache.hadoop.ipc.ProtobufRpcEngine2$Server$ProtoBufRpcInvoker.call(ProtobufRpcEngine2.java:573) [hadoop-common-3.3.6.jar:?]
	at org.apache.hadoop.ipc.RPC$Server.call(RPC.java:1227) [hadoop-common-3.3.6.jar:?]
	at org.apache.hadoop.ipc.Server$RpcCall.run(Server.java:1094) [hadoop-common-3.3.6.jar:?]
	at org.apache.hadoop.ipc.Server$RpcCall.run(Server.java:1017) [hadoop-common-3.3.6.jar:?]
	at java.security.AccessController.doPrivileged(Native Method) ~[?:1.8.0_382]
	at javax.security.auth.Subject.doAs(Subject.java:422) [?:1.8.0_382]
	at org.apache.hadoop.security.UserGroupInformation.doAs(UserGroupInformation.java:1899) [hadoop-common-3.3.6.jar:?]
	at org.apache.hadoop.ipc.Server$Handler.run(Server.java:3048) [hadoop-common-3.3.6.jar:?]
18:20:06.910 [IPC Server handler 6 on default port 15110] ERROR OMAudit - user=runner | ip=127.0.0.1 | op=GET_FILE_STATUS {volume=volume40966, bucket=bucket64934, key=testBatchDelete/parent/child6, dataSize=0, replicationConfig=null} | ret=FAILURE
org.apache.hadoop.ozone.om.exceptions.OMException: Unable to get file status: volume: volume40966 bucket: bucket64934 key: testBatchDelete/parent/child6
	at org.apache.hadoop.ozone.om.KeyManagerImpl.getOzoneFileStatus(KeyManagerImpl.java:1195) ~[ozone-manager-1.4.0-SNAPSHOT.jar:?]
	at org.apache.hadoop.ozone.om.KeyManagerImpl.getFileStatus(KeyManagerImpl.java:1113) ~[ozone-manager-1.4.0-SNAPSHOT.jar:?]
	at org.apache.hadoop.ozone.om.OmMetadataReader.getFileStatus(OmMetadataReader.java:262) ~[ozone-manager-1.4.0-SNAPSHOT.jar:?]
	at org.apache.hadoop.ozone.om.OzoneManager.getFileStatus(OzoneManager.java:3530) ~[ozone-manager-1.4.0-SNAPSHOT.jar:?]
	at org.apache.hadoop.ozone.protocolPB.OzoneManagerRequestHandler.getOzoneFileStatus(OzoneManagerRequestHandler.java:973) ~[ozone-manager-1.4.0-SNAPSHOT.jar:?]
	at org.apache.hadoop.ozone.protocolPB.OzoneManagerRequestHandler.handleReadRequest(OzoneManagerRequestHandler.java:252) ~[ozone-manager-1.4.0-SNAPSHOT.jar:?]
	at org.apache.hadoop.ozone.protocolPB.OzoneManagerProtocolServerSideTranslatorPB.submitReadRequestToOM(OzoneManagerProtocolServerSideTranslatorPB.java:225) ~[ozone-manager-1.4.0-SNAPSHOT.jar:?]
	at org.apache.hadoop.ozone.protocolPB.OzoneManagerProtocolServerSideTranslatorPB.processRequest(OzoneManagerProtocolServerSideTranslatorPB.java:179) ~[ozone-manager-1.4.0-SNAPSHOT.jar:?]
	at org.apache.hadoop.hdds.server.OzoneProtocolMessageDispatcher.processRequest(OzoneProtocolMessageDispatcher.java:87) [hdds-server-framework-1.4.0-SNAPSHOT.jar:?]
	at org.apache.hadoop.ozone.protocolPB.OzoneManagerProtocolServerSideTranslatorPB.submitRequest(OzoneManagerProtocolServerSideTranslatorPB.java:148) [ozone-manager-1.4.0-SNAPSHOT.jar:?]
	at org.apache.hadoop.ozone.protocol.proto.OzoneManagerProtocolProtos$OzoneManagerService$2.callBlockingMethod(OzoneManagerProtocolProtos.java) [ozone-interface-client-1.4.0-SNAPSHOT.jar:?]
	at org.apache.hadoop.ipc.ProtobufRpcEngine$Server.processCall(ProtobufRpcEngine.java:484) [hadoop-common-3.3.6.jar:?]
	at org.apache.hadoop.ipc.ProtobufRpcEngine2$Server$ProtoBufRpcInvoker.call(ProtobufRpcEngine2.java:595) [hadoop-common-3.3.6.jar:?]
	at org.apache.hadoop.ipc.ProtobufRpcEngine2$Server$ProtoBufRpcInvoker.call(ProtobufRpcEngine2.java:573) [hadoop-common-3.3.6.jar:?]
	at org.apache.hadoop.ipc.RPC$Server.call(RPC.java:1227) [hadoop-common-3.3.6.jar:?]
	at org.apache.hadoop.ipc.Server$RpcCall.run(Server.java:1094) [hadoop-common-3.3.6.jar:?]
	at org.apache.hadoop.ipc.Server$RpcCall.run(Server.java:1017) [hadoop-common-3.3.6.jar:?]
	at java.security.AccessController.doPrivileged(Native Method) ~[?:1.8.0_382]
	at javax.security.auth.Subject.doAs(Subject.java:422) [?:1.8.0_382]
	at org.apache.hadoop.security.UserGroupInformation.doAs(UserGroupInformation.java:1899) [hadoop-common-3.3.6.jar:?]
	at org.apache.hadoop.ipc.Server$Handler.run(Server.java:3048) [hadoop-common-3.3.6.jar:?]
18:20:06.911 [IPC Server handler 1 on default port 15110] ERROR OMAudit - user=runner | ip=127.0.0.1 | op=GET_FILE_STATUS {volume=volume40966, bucket=bucket64934, key=testBatchDelete/parent/childFolder/child6, dataSize=0, replicationConfig=null} | ret=FAILURE
org.apache.hadoop.ozone.om.exceptions.OMException: Unable to get file status: volume: volume40966 bucket: bucket64934 key: testBatchDelete/parent/childFolder/child6
	at org.apache.hadoop.ozone.om.KeyManagerImpl.getOzoneFileStatus(KeyManagerImpl.java:1195) ~[ozone-manager-1.4.0-SNAPSHOT.jar:?]
	at org.apache.hadoop.ozone.om.KeyManagerImpl.getFileStatus(KeyManagerImpl.java:1113) ~[ozone-manager-1.4.0-SNAPSHOT.jar:?]
	at org.apache.hadoop.ozone.om.OmMetadataReader.getFileStatus(OmMetadataReader.java:262) ~[ozone-manager-1.4.0-SNAPSHOT.jar:?]
	at org.apache.hadoop.ozone.om.OzoneManager.getFileStatus(OzoneManager.java:3530) ~[ozone-manager-1.4.0-SNAPSHOT.jar:?]
	at org.apache.hadoop.ozone.protocolPB.OzoneManagerRequestHandler.getOzoneFileStatus(OzoneManagerRequestHandler.java:973) ~[ozone-manager-1.4.0-SNAPSHOT.jar:?]
	at org.apache.hadoop.ozone.protocolPB.OzoneManagerRequestHandler.handleReadRequest(OzoneManagerRequestHandler.java:252) ~[ozone-manager-1.4.0-SNAPSHOT.jar:?]
	at org.apache.hadoop.ozone.protocolPB.OzoneManagerProtocolServerSideTranslatorPB.submitReadRequestToOM(OzoneManagerProtocolServerSideTranslatorPB.java:225) ~[ozone-manager-1.4.0-SNAPSHOT.jar:?]
	at org.apache.hadoop.ozone.protocolPB.OzoneManagerProtocolServerSideTranslatorPB.processRequest(OzoneManagerProtocolServerSideTranslatorPB.java:179) ~[ozone-manager-1.4.0-SNAPSHOT.jar:?]
	at org.apache.hadoop.hdds.server.OzoneProtocolMessageDispatcher.processRequest(OzoneProtocolMessageDispatcher.java:87) [hdds-server-framework-1.4.0-SNAPSHOT.jar:?]
	at org.apache.hadoop.ozone.protocolPB.OzoneManagerProtocolServerSideTranslatorPB.submitRequest(OzoneManagerProtocolServerSideTranslatorPB.java:148) [ozone-manager-1.4.0-SNAPSHOT.jar:?]
	at org.apache.hadoop.ozone.protocol.proto.OzoneManagerProtocolProtos$OzoneManagerService$2.callBlockingMethod(OzoneManagerProtocolProtos.java) [ozone-interface-client-1.4.0-SNAPSHOT.jar:?]
	at org.apache.hadoop.ipc.ProtobufRpcEngine$Server.processCall(ProtobufRpcEngine.java:484) [hadoop-common-3.3.6.jar:?]
	at org.apache.hadoop.ipc.ProtobufRpcEngine2$Server$ProtoBufRpcInvoker.call(ProtobufRpcEngine2.java:595) [hadoop-common-3.3.6.jar:?]
	at org.apache.hadoop.ipc.ProtobufRpcEngine2$Server$ProtoBufRpcInvoker.call(ProtobufRpcEngine2.java:573) [hadoop-common-3.3.6.jar:?]
	at org.apache.hadoop.ipc.RPC$Server.call(RPC.java:1227) [hadoop-common-3.3.6.jar:?]
	at org.apache.hadoop.ipc.Server$RpcCall.run(Server.java:1094) [hadoop-common-3.3.6.jar:?]
	at org.apache.hadoop.ipc.Server$RpcCall.run(Server.java:1017) [hadoop-common-3.3.6.jar:?]
	at java.security.AccessController.doPrivileged(Native Method) ~[?:1.8.0_382]
	at javax.security.auth.Subject.doAs(Subject.java:422) [?:1.8.0_382]
	at org.apache.hadoop.security.UserGroupInformation.doAs(UserGroupInformation.java:1899) [hadoop-common-3.3.6.jar:?]
	at org.apache.hadoop.ipc.Server$Handler.run(Server.java:3048) [hadoop-common-3.3.6.jar:?]
18:20:06.912 [IPC Server handler 12 on default port 15110] ERROR OMAudit - user=runner | ip=127.0.0.1 | op=GET_FILE_STATUS {volume=volume40966, bucket=bucket64934, key=testBatchDelete/parent/child7, dataSize=0, replicationConfig=null} | ret=FAILURE
org.apache.hadoop.ozone.om.exceptions.OMException: Unable to get file status: volume: volume40966 bucket: bucket64934 key: testBatchDelete/parent/child7
	at org.apache.hadoop.ozone.om.KeyManagerImpl.getOzoneFileStatus(KeyManagerImpl.java:1195) ~[ozone-manager-1.4.0-SNAPSHOT.jar:?]
	at org.apache.hadoop.ozone.om.KeyManagerImpl.getFileStatus(KeyManagerImpl.java:1113) ~[ozone-manager-1.4.0-SNAPSHOT.jar:?]
	at org.apache.hadoop.ozone.om.OmMetadataReader.getFileStatus(OmMetadataReader.java:262) ~[ozone-manager-1.4.0-SNAPSHOT.jar:?]
	at org.apache.hadoop.ozone.om.OzoneManager.getFileStatus(OzoneManager.java:3530) ~[ozone-manager-1.4.0-SNAPSHOT.jar:?]
	at org.apache.hadoop.ozone.protocolPB.OzoneManagerRequestHandler.getOzoneFileStatus(OzoneManagerRequestHandler.java:973) ~[ozone-manager-1.4.0-SNAPSHOT.jar:?]
	at org.apache.hadoop.ozone.protocolPB.OzoneManagerRequestHandler.handleReadRequest(OzoneManagerRequestHandler.java:252) ~[ozone-manager-1.4.0-SNAPSHOT.jar:?]
	at org.apache.hadoop.ozone.protocolPB.OzoneManagerProtocolServerSideTranslatorPB.submitReadRequestToOM(OzoneManagerProtocolServerSideTranslatorPB.java:225) ~[ozone-manager-1.4.0-SNAPSHOT.jar:?]
	at org.apache.hadoop.ozone.protocolPB.OzoneManagerProtocolServerSideTranslatorPB.processRequest(OzoneManagerProtocolServerSideTranslatorPB.java:179) ~[ozone-manager-1.4.0-SNAPSHOT.jar:?]
	at org.apache.hadoop.hdds.server.OzoneProtocolMessageDispatcher.processRequest(OzoneProtocolMessageDispatcher.java:87) [hdds-server-framework-1.4.0-SNAPSHOT.jar:?]
	at org.apache.hadoop.ozone.protocolPB.OzoneManagerProtocolServerSideTranslatorPB.submitRequest(OzoneManagerProtocolServerSideTranslatorPB.java:148) [ozone-manager-1.4.0-SNAPSHOT.jar:?]
	at org.apache.hadoop.ozone.protocol.proto.OzoneManagerProtocolProtos$OzoneManagerService$2.callBlockingMethod(OzoneManagerProtocolProtos.java) [ozone-interface-client-1.4.0-SNAPSHOT.jar:?]
	at org.apache.hadoop.ipc.ProtobufRpcEngine$Server.processCall(ProtobufRpcEngine.java:484) [hadoop-common-3.3.6.jar:?]
	at org.apache.hadoop.ipc.ProtobufRpcEngine2$Server$ProtoBufRpcInvoker.call(ProtobufRpcEngine2.java:595) [hadoop-common-3.3.6.jar:?]
	at org.apache.hadoop.ipc.ProtobufRpcEngine2$Server$ProtoBufRpcInvoker.call(ProtobufRpcEngine2.java:573) [hadoop-common-3.3.6.jar:?]
	at org.apache.hadoop.ipc.RPC$Server.call(RPC.java:1227) [hadoop-common-3.3.6.jar:?]
	at org.apache.hadoop.ipc.Server$RpcCall.run(Server.java:1094) [hadoop-common-3.3.6.jar:?]
	at org.apache.hadoop.ipc.Server$RpcCall.run(Server.java:1017) [hadoop-common-3.3.6.jar:?]
	at java.security.AccessController.doPrivileged(Native Method) ~[?:1.8.0_382]
	at javax.security.auth.Subject.doAs(Subject.java:422) [?:1.8.0_382]
	at org.apache.hadoop.security.UserGroupInformation.doAs(UserGroupInformation.java:1899) [hadoop-common-3.3.6.jar:?]
	at org.apache.hadoop.ipc.Server$Handler.run(Server.java:3048) [hadoop-common-3.3.6.jar:?]
18:20:06.913 [IPC Server handler 15 on default port 15110] ERROR OMAudit - user=runner | ip=127.0.0.1 | op=GET_FILE_STATUS {volume=volume40966, bucket=bucket64934, key=testBatchDelete/parent/childFolder/child7, dataSize=0, replicationConfig=null} | ret=FAILURE
org.apache.hadoop.ozone.om.exceptions.OMException: Unable to get file status: volume: volume40966 bucket: bucket64934 key: testBatchDelete/parent/childFolder/child7
	at org.apache.hadoop.ozone.om.KeyManagerImpl.getOzoneFileStatus(KeyManagerImpl.java:1195) ~[ozone-manager-1.4.0-SNAPSHOT.jar:?]
	at org.apache.hadoop.ozone.om.KeyManagerImpl.getFileStatus(KeyManagerImpl.java:1113) ~[ozone-manager-1.4.0-SNAPSHOT.jar:?]
	at org.apache.hadoop.ozone.om.OmMetadataReader.getFileStatus(OmMetadataReader.java:262) ~[ozone-manager-1.4.0-SNAPSHOT.jar:?]
	at org.apache.hadoop.ozone.om.OzoneManager.getFileStatus(OzoneManager.java:3530) ~[ozone-manager-1.4.0-SNAPSHOT.jar:?]
	at org.apache.hadoop.ozone.protocolPB.OzoneManagerRequestHandler.getOzoneFileStatus(OzoneManagerRequestHandler.java:973) ~[ozone-manager-1.4.0-SNAPSHOT.jar:?]
	at org.apache.hadoop.ozone.protocolPB.OzoneManagerRequestHandler.handleReadRequest(OzoneManagerRequestHandler.java:252) ~[ozone-manager-1.4.0-SNAPSHOT.jar:?]
	at org.apache.hadoop.ozone.protocolPB.OzoneManagerProtocolServerSideTranslatorPB.submitReadRequestToOM(OzoneManagerProtocolServerSideTranslatorPB.java:225) ~[ozone-manager-1.4.0-SNAPSHOT.jar:?]
	at org.apache.hadoop.ozone.protocolPB.OzoneManagerProtocolServerSideTranslatorPB.processRequest(OzoneManagerProtocolServerSideTranslatorPB.java:179) ~[ozone-manager-1.4.0-SNAPSHOT.jar:?]
	at org.apache.hadoop.hdds.server.OzoneProtocolMessageDispatcher.processRequest(OzoneProtocolMessageDispatcher.java:87) [hdds-server-framework-1.4.0-SNAPSHOT.jar:?]
	at org.apache.hadoop.ozone.protocolPB.OzoneManagerProtocolServerSideTranslatorPB.submitRequest(OzoneManagerProtocolServerSideTranslatorPB.java:148) [ozone-manager-1.4.0-SNAPSHOT.jar:?]
	at org.apache.hadoop.ozone.protocol.proto.OzoneManagerProtocolProtos$OzoneManagerService$2.callBlockingMethod(OzoneManagerProtocolProtos.java) [ozone-interface-client-1.4.0-SNAPSHOT.jar:?]
	at org.apache.hadoop.ipc.ProtobufRpcEngine$Server.processCall(ProtobufRpcEngine.java:484) [hadoop-common-3.3.6.jar:?]
	at org.apache.hadoop.ipc.ProtobufRpcEngine2$Server$ProtoBufRpcInvoker.call(ProtobufRpcEngine2.java:595) [hadoop-common-3.3.6.jar:?]
	at org.apache.hadoop.ipc.ProtobufRpcEngine2$Server$ProtoBufRpcInvoker.call(ProtobufRpcEngine2.java:573) [hadoop-common-3.3.6.jar:?]
	at org.apache.hadoop.ipc.RPC$Server.call(RPC.java:1227) [hadoop-common-3.3.6.jar:?]
	at org.apache.hadoop.ipc.Server$RpcCall.run(Server.java:1094) [hadoop-common-3.3.6.jar:?]
	at org.apache.hadoop.ipc.Server$RpcCall.run(Server.java:1017) [hadoop-common-3.3.6.jar:?]
	at java.security.AccessController.doPrivileged(Native Method) ~[?:1.8.0_382]
	at javax.security.auth.Subject.doAs(Subject.java:422) [?:1.8.0_382]
	at org.apache.hadoop.security.UserGroupInformation.doAs(UserGroupInformation.java:1899) [hadoop-common-3.3.6.jar:?]
	at org.apache.hadoop.ipc.Server$Handler.run(Server.java:3048) [hadoop-common-3.3.6.jar:?]
18:20:06.914 [IPC Server handler 13 on default port 15110] ERROR OMAudit - user=runner | ip=127.0.0.1 | op=GET_FILE_STATUS {volume=volume40966, bucket=bucket64934, key=testBatchDelete/parent, dataSize=0, replicationConfig=null} | ret=FAILURE
org.apache.hadoop.ozone.om.exceptions.OMException: Unable to get file status: volume: volume40966 bucket: bucket64934 key: testBatchDelete/parent
	at org.apache.hadoop.ozone.om.KeyManagerImpl.getOzoneFileStatus(KeyManagerImpl.java:1195) ~[ozone-manager-1.4.0-SNAPSHOT.jar:?]
	at org.apache.hadoop.ozone.om.KeyManagerImpl.getFileStatus(KeyManagerImpl.java:1113) ~[ozone-manager-1.4.0-SNAPSHOT.jar:?]
	at org.apache.hadoop.ozone.om.OmMetadataReader.getFileStatus(OmMetadataReader.java:262) ~[ozone-manager-1.4.0-SNAPSHOT.jar:?]
	at org.apache.hadoop.ozone.om.OzoneManager.getFileStatus(OzoneManager.java:3530) ~[ozone-manager-1.4.0-SNAPSHOT.jar:?]
	at org.apache.hadoop.ozone.protocolPB.OzoneManagerRequestHandler.getOzoneFileStatus(OzoneManagerRequestHandler.java:973) ~[ozone-manager-1.4.0-SNAPSHOT.jar:?]
	at org.apache.hadoop.ozone.protocolPB.OzoneManagerRequestHandler.handleReadRequest(OzoneManagerRequestHandler.java:252) ~[ozone-manager-1.4.0-SNAPSHOT.jar:?]
	at org.apache.hadoop.ozone.protocolPB.OzoneManagerProtocolServerSideTranslatorPB.submitReadRequestToOM(OzoneManagerProtocolServerSideTranslatorPB.java:225) ~[ozone-manager-1.4.0-SNAPSHOT.jar:?]
	at org.apache.hadoop.ozone.protocolPB.OzoneManagerProtocolServerSideTranslatorPB.processRequest(OzoneManagerProtocolServerSideTranslatorPB.java:179) ~[ozone-manager-1.4.0-SNAPSHOT.jar:?]
	at org.apache.hadoop.hdds.server.OzoneProtocolMessageDispatcher.processRequest(OzoneProtocolMessageDispatcher.java:87) [hdds-server-framework-1.4.0-SNAPSHOT.jar:?]
	at org.apache.hadoop.ozone.protocolPB.OzoneManagerProtocolServerSideTranslatorPB.submitRequest(OzoneManagerProtocolServerSideTranslatorPB.java:148) [ozone-manager-1.4.0-SNAPSHOT.jar:?]
	at org.apache.hadoop.ozone.protocol.proto.OzoneManagerProtocolProtos$OzoneManagerService$2.callBlockingMethod(OzoneManagerProtocolProtos.java) [ozone-interface-client-1.4.0-SNAPSHOT.jar:?]
	at org.apache.hadoop.ipc.ProtobufRpcEngine$Server.processCall(ProtobufRpcEngine.java:484) [hadoop-common-3.3.6.jar:?]
	at org.apache.hadoop.ipc.ProtobufRpcEngine2$Server$ProtoBufRpcInvoker.call(ProtobufRpcEngine2.java:595) [hadoop-common-3.3.6.jar:?]
	at org.apache.hadoop.ipc.ProtobufRpcEngine2$Server$ProtoBufRpcInvoker.call(ProtobufRpcEngine2.java:573) [hadoop-common-3.3.6.jar:?]
	at org.apache.hadoop.ipc.RPC$Server.call(RPC.java:1227) [hadoop-common-3.3.6.jar:?]
	at org.apache.hadoop.ipc.Server$RpcCall.run(Server.java:1094) [hadoop-common-3.3.6.jar:?]
	at org.apache.hadoop.ipc.Server$RpcCall.run(Server.java:1017) [hadoop-common-3.3.6.jar:?]
	at java.security.AccessController.doPrivileged(Native Method) ~[?:1.8.0_382]
	at javax.security.auth.Subject.doAs(Subject.java:422) [?:1.8.0_382]
	at org.apache.hadoop.security.UserGroupInformation.doAs(UserGroupInformation.java:1899) [hadoop-common-3.3.6.jar:?]
	at org.apache.hadoop.ipc.Server$Handler.run(Server.java:3048) [hadoop-common-3.3.6.jar:?]
2023-08-31 18:20:06,915 [Time-limited test] WARN  ozone.BasicOzoneFileSystem (BasicOzoneFileSystem.java:delete(595)) - delete: Path does not exist: /testBatchDelete/parent
]]></system-out>
  </testcase>
  <testcase name="testFileDelete" classname="TestOzoneFileSystem" time="0.116">
    <system-out><![CDATA[18:21:35.237 [IPC Server handler 2 on default port 15163] ERROR OMAudit - user=runner | ip=127.0.0.1 | op=GET_FILE_STATUS {volume=volume65627, bucket=bucket59265, key=testBatchDelete, dataSize=0, replicationConfig=null} | ret=FAILURE
org.apache.hadoop.ozone.om.exceptions.OMException: Unable to get file status: volume: volume65627 bucket: bucket59265 key: testBatchDelete
	at org.apache.hadoop.ozone.om.KeyManagerImpl.getOzoneFileStatus(KeyManagerImpl.java:1195) ~[ozone-manager-1.4.0-SNAPSHOT.jar:?]
	at org.apache.hadoop.ozone.om.KeyManagerImpl.getFileStatus(KeyManagerImpl.java:1113) ~[ozone-manager-1.4.0-SNAPSHOT.jar:?]
	at org.apache.hadoop.ozone.om.OmMetadataReader.getFileStatus(OmMetadataReader.java:262) ~[ozone-manager-1.4.0-SNAPSHOT.jar:?]
	at org.apache.hadoop.ozone.om.OzoneManager.getFileStatus(OzoneManager.java:3530) ~[ozone-manager-1.4.0-SNAPSHOT.jar:?]
	at org.apache.hadoop.ozone.protocolPB.OzoneManagerRequestHandler.getOzoneFileStatus(OzoneManagerRequestHandler.java:973) ~[ozone-manager-1.4.0-SNAPSHOT.jar:?]
	at org.apache.hadoop.ozone.protocolPB.OzoneManagerRequestHandler.handleReadRequest(OzoneManagerRequestHandler.java:252) ~[ozone-manager-1.4.0-SNAPSHOT.jar:?]
	at org.apache.hadoop.ozone.protocolPB.OzoneManagerProtocolServerSideTranslatorPB.submitRequestDirectlyToOM(OzoneManagerProtocolServerSideTranslatorPB.java:274) ~[ozone-manager-1.4.0-SNAPSHOT.jar:?]
	at org.apache.hadoop.ozone.protocolPB.OzoneManagerProtocolServerSideTranslatorPB.processRequest(OzoneManagerProtocolServerSideTranslatorPB.java:175) ~[ozone-manager-1.4.0-SNAPSHOT.jar:?]
	at org.apache.hadoop.hdds.server.OzoneProtocolMessageDispatcher.processRequest(OzoneProtocolMessageDispatcher.java:87) [hdds-server-framework-1.4.0-SNAPSHOT.jar:?]
	at org.apache.hadoop.ozone.protocolPB.OzoneManagerProtocolServerSideTranslatorPB.submitRequest(OzoneManagerProtocolServerSideTranslatorPB.java:148) [ozone-manager-1.4.0-SNAPSHOT.jar:?]
	at org.apache.hadoop.ozone.protocol.proto.OzoneManagerProtocolProtos$OzoneManagerService$2.callBlockingMethod(OzoneManagerProtocolProtos.java) [ozone-interface-client-1.4.0-SNAPSHOT.jar:?]
	at org.apache.hadoop.ipc.ProtobufRpcEngine$Server.processCall(ProtobufRpcEngine.java:484) [hadoop-common-3.3.6.jar:?]
	at org.apache.hadoop.ipc.ProtobufRpcEngine2$Server$ProtoBufRpcInvoker.call(ProtobufRpcEngine2.java:595) [hadoop-common-3.3.6.jar:?]
	at org.apache.hadoop.ipc.ProtobufRpcEngine2$Server$ProtoBufRpcInvoker.call(ProtobufRpcEngine2.java:573) [hadoop-common-3.3.6.jar:?]
	at org.apache.hadoop.ipc.RPC$Server.call(RPC.java:1227) [hadoop-common-3.3.6.jar:?]
	at org.apache.hadoop.ipc.Server$RpcCall.run(Server.java:1094) [hadoop-common-3.3.6.jar:?]
	at org.apache.hadoop.ipc.Server$RpcCall.run(Server.java:1017) [hadoop-common-3.3.6.jar:?]
	at java.security.AccessController.doPrivileged(Native Method) ~[?:1.8.0_382]
	at javax.security.auth.Subject.doAs(Subject.java:422) [?:1.8.0_382]
	at org.apache.hadoop.security.UserGroupInformation.doAs(UserGroupInformation.java:1899) [hadoop-common-3.3.6.jar:?]
	at org.apache.hadoop.ipc.Server$Handler.run(Server.java:3048) [hadoop-common-3.3.6.jar:?]
18:21:35.238 [IPC Server handler 0 on default port 15163] ERROR OMAudit - user=runner | ip=127.0.0.1 | op=GET_FILE_STATUS {volume=volume65627, bucket=bucket59265, key=testBatchDelete/parent/child0, dataSize=0, replicationConfig=null} | ret=FAILURE
org.apache.hadoop.ozone.om.exceptions.OMException: Unable to get file status: volume: volume65627 bucket: bucket59265 key: testBatchDelete/parent/child0
	at org.apache.hadoop.ozone.om.KeyManagerImpl.getOzoneFileStatus(KeyManagerImpl.java:1195) ~[ozone-manager-1.4.0-SNAPSHOT.jar:?]
	at org.apache.hadoop.ozone.om.KeyManagerImpl.getFileStatus(KeyManagerImpl.java:1113) ~[ozone-manager-1.4.0-SNAPSHOT.jar:?]
	at org.apache.hadoop.ozone.om.OmMetadataReader.getFileStatus(OmMetadataReader.java:262) ~[ozone-manager-1.4.0-SNAPSHOT.jar:?]
	at org.apache.hadoop.ozone.om.OzoneManager.getFileStatus(OzoneManager.java:3530) ~[ozone-manager-1.4.0-SNAPSHOT.jar:?]
	at org.apache.hadoop.ozone.protocolPB.OzoneManagerRequestHandler.getOzoneFileStatus(OzoneManagerRequestHandler.java:973) ~[ozone-manager-1.4.0-SNAPSHOT.jar:?]
	at org.apache.hadoop.ozone.protocolPB.OzoneManagerRequestHandler.handleReadRequest(OzoneManagerRequestHandler.java:252) ~[ozone-manager-1.4.0-SNAPSHOT.jar:?]
	at org.apache.hadoop.ozone.protocolPB.OzoneManagerProtocolServerSideTranslatorPB.submitRequestDirectlyToOM(OzoneManagerProtocolServerSideTranslatorPB.java:274) ~[ozone-manager-1.4.0-SNAPSHOT.jar:?]
	at org.apache.hadoop.ozone.protocolPB.OzoneManagerProtocolServerSideTranslatorPB.processRequest(OzoneManagerProtocolServerSideTranslatorPB.java:175) ~[ozone-manager-1.4.0-SNAPSHOT.jar:?]
	at org.apache.hadoop.hdds.server.OzoneProtocolMessageDispatcher.processRequest(OzoneProtocolMessageDispatcher.java:87) [hdds-server-framework-1.4.0-SNAPSHOT.jar:?]
	at org.apache.hadoop.ozone.protocolPB.OzoneManagerProtocolServerSideTranslatorPB.submitRequest(OzoneManagerProtocolServerSideTranslatorPB.java:148) [ozone-manager-1.4.0-SNAPSHOT.jar:?]
	at org.apache.hadoop.ozone.protocol.proto.OzoneManagerProtocolProtos$OzoneManagerService$2.callBlockingMethod(OzoneManagerProtocolProtos.java) [ozone-interface-client-1.4.0-SNAPSHOT.jar:?]
	at org.apache.hadoop.ipc.ProtobufRpcEngine$Server.processCall(ProtobufRpcEngine.java:484) [hadoop-common-3.3.6.jar:?]
	at org.apache.hadoop.ipc.ProtobufRpcEngine2$Server$ProtoBufRpcInvoker.call(ProtobufRpcEngine2.java:595) [hadoop-common-3.3.6.jar:?]
	at org.apache.hadoop.ipc.ProtobufRpcEngine2$Server$ProtoBufRpcInvoker.call(ProtobufRpcEngine2.java:573) [hadoop-common-3.3.6.jar:?]
	at org.apache.hadoop.ipc.RPC$Server.call(RPC.java:1227) [hadoop-common-3.3.6.jar:?]
	at org.apache.hadoop.ipc.Server$RpcCall.run(Server.java:1094) [hadoop-common-3.3.6.jar:?]
	at org.apache.hadoop.ipc.Server$RpcCall.run(Server.java:1017) [hadoop-common-3.3.6.jar:?]
	at java.security.AccessController.doPrivileged(Native Method) ~[?:1.8.0_382]
	at javax.security.auth.Subject.doAs(Subject.java:422) [?:1.8.0_382]
	at org.apache.hadoop.security.UserGroupInformation.doAs(UserGroupInformation.java:1899) [hadoop-common-3.3.6.jar:?]
	at org.apache.hadoop.ipc.Server$Handler.run(Server.java:3048) [hadoop-common-3.3.6.jar:?]
18:21:35.239 [IPC Server handler 1 on default port 15163] ERROR OMAudit - user=runner | ip=127.0.0.1 | op=GET_FILE_STATUS {volume=volume65627, bucket=bucket59265, key=testBatchDelete/parent/childFolder/child0, dataSize=0, replicationConfig=null} | ret=FAILURE
org.apache.hadoop.ozone.om.exceptions.OMException: Unable to get file status: volume: volume65627 bucket: bucket59265 key: testBatchDelete/parent/childFolder/child0
	at org.apache.hadoop.ozone.om.KeyManagerImpl.getOzoneFileStatus(KeyManagerImpl.java:1195) ~[ozone-manager-1.4.0-SNAPSHOT.jar:?]
	at org.apache.hadoop.ozone.om.KeyManagerImpl.getFileStatus(KeyManagerImpl.java:1113) ~[ozone-manager-1.4.0-SNAPSHOT.jar:?]
	at org.apache.hadoop.ozone.om.OmMetadataReader.getFileStatus(OmMetadataReader.java:262) ~[ozone-manager-1.4.0-SNAPSHOT.jar:?]
	at org.apache.hadoop.ozone.om.OzoneManager.getFileStatus(OzoneManager.java:3530) ~[ozone-manager-1.4.0-SNAPSHOT.jar:?]
	at org.apache.hadoop.ozone.protocolPB.OzoneManagerRequestHandler.getOzoneFileStatus(OzoneManagerRequestHandler.java:973) ~[ozone-manager-1.4.0-SNAPSHOT.jar:?]
	at org.apache.hadoop.ozone.protocolPB.OzoneManagerRequestHandler.handleReadRequest(OzoneManagerRequestHandler.java:252) ~[ozone-manager-1.4.0-SNAPSHOT.jar:?]
	at org.apache.hadoop.ozone.protocolPB.OzoneManagerProtocolServerSideTranslatorPB.submitRequestDirectlyToOM(OzoneManagerProtocolServerSideTranslatorPB.java:274) ~[ozone-manager-1.4.0-SNAPSHOT.jar:?]
	at org.apache.hadoop.ozone.protocolPB.OzoneManagerProtocolServerSideTranslatorPB.processRequest(OzoneManagerProtocolServerSideTranslatorPB.java:175) ~[ozone-manager-1.4.0-SNAPSHOT.jar:?]
	at org.apache.hadoop.hdds.server.OzoneProtocolMessageDispatcher.processRequest(OzoneProtocolMessageDispatcher.java:87) [hdds-server-framework-1.4.0-SNAPSHOT.jar:?]
	at org.apache.hadoop.ozone.protocolPB.OzoneManagerProtocolServerSideTranslatorPB.submitRequest(OzoneManagerProtocolServerSideTranslatorPB.java:148) [ozone-manager-1.4.0-SNAPSHOT.jar:?]
	at org.apache.hadoop.ozone.protocol.proto.OzoneManagerProtocolProtos$OzoneManagerService$2.callBlockingMethod(OzoneManagerProtocolProtos.java) [ozone-interface-client-1.4.0-SNAPSHOT.jar:?]
	at org.apache.hadoop.ipc.ProtobufRpcEngine$Server.processCall(ProtobufRpcEngine.java:484) [hadoop-common-3.3.6.jar:?]
	at org.apache.hadoop.ipc.ProtobufRpcEngine2$Server$ProtoBufRpcInvoker.call(ProtobufRpcEngine2.java:595) [hadoop-common-3.3.6.jar:?]
	at org.apache.hadoop.ipc.ProtobufRpcEngine2$Server$ProtoBufRpcInvoker.call(ProtobufRpcEngine2.java:573) [hadoop-common-3.3.6.jar:?]
	at org.apache.hadoop.ipc.RPC$Server.call(RPC.java:1227) [hadoop-common-3.3.6.jar:?]
	at org.apache.hadoop.ipc.Server$RpcCall.run(Server.java:1094) [hadoop-common-3.3.6.jar:?]
	at org.apache.hadoop.ipc.Server$RpcCall.run(Server.java:1017) [hadoop-common-3.3.6.jar:?]
	at java.security.AccessController.doPrivileged(Native Method) ~[?:1.8.0_382]
	at javax.security.auth.Subject.doAs(Subject.java:422) [?:1.8.0_382]
	at org.apache.hadoop.security.UserGroupInformation.doAs(UserGroupInformation.java:1899) [hadoop-common-3.3.6.jar:?]
	at org.apache.hadoop.ipc.Server$Handler.run(Server.java:3048) [hadoop-common-3.3.6.jar:?]
18:21:35.240 [IPC Server handler 4 on default port 15163] ERROR OMAudit - user=runner | ip=127.0.0.1 | op=GET_FILE_STATUS {volume=volume65627, bucket=bucket59265, key=testBatchDelete/parent/child1, dataSize=0, replicationConfig=null} | ret=FAILURE
org.apache.hadoop.ozone.om.exceptions.OMException: Unable to get file status: volume: volume65627 bucket: bucket59265 key: testBatchDelete/parent/child1
	at org.apache.hadoop.ozone.om.KeyManagerImpl.getOzoneFileStatus(KeyManagerImpl.java:1195) ~[ozone-manager-1.4.0-SNAPSHOT.jar:?]
	at org.apache.hadoop.ozone.om.KeyManagerImpl.getFileStatus(KeyManagerImpl.java:1113) ~[ozone-manager-1.4.0-SNAPSHOT.jar:?]
	at org.apache.hadoop.ozone.om.OmMetadataReader.getFileStatus(OmMetadataReader.java:262) ~[ozone-manager-1.4.0-SNAPSHOT.jar:?]
	at org.apache.hadoop.ozone.om.OzoneManager.getFileStatus(OzoneManager.java:3530) ~[ozone-manager-1.4.0-SNAPSHOT.jar:?]
	at org.apache.hadoop.ozone.protocolPB.OzoneManagerRequestHandler.getOzoneFileStatus(OzoneManagerRequestHandler.java:973) ~[ozone-manager-1.4.0-SNAPSHOT.jar:?]
	at org.apache.hadoop.ozone.protocolPB.OzoneManagerRequestHandler.handleReadRequest(OzoneManagerRequestHandler.java:252) ~[ozone-manager-1.4.0-SNAPSHOT.jar:?]
	at org.apache.hadoop.ozone.protocolPB.OzoneManagerProtocolServerSideTranslatorPB.submitRequestDirectlyToOM(OzoneManagerProtocolServerSideTranslatorPB.java:274) ~[ozone-manager-1.4.0-SNAPSHOT.jar:?]
	at org.apache.hadoop.ozone.protocolPB.OzoneManagerProtocolServerSideTranslatorPB.processRequest(OzoneManagerProtocolServerSideTranslatorPB.java:175) ~[ozone-manager-1.4.0-SNAPSHOT.jar:?]
	at org.apache.hadoop.hdds.server.OzoneProtocolMessageDispatcher.processRequest(OzoneProtocolMessageDispatcher.java:87) [hdds-server-framework-1.4.0-SNAPSHOT.jar:?]
	at org.apache.hadoop.ozone.protocolPB.OzoneManagerProtocolServerSideTranslatorPB.submitRequest(OzoneManagerProtocolServerSideTranslatorPB.java:148) [ozone-manager-1.4.0-SNAPSHOT.jar:?]
	at org.apache.hadoop.ozone.protocol.proto.OzoneManagerProtocolProtos$OzoneManagerService$2.callBlockingMethod(OzoneManagerProtocolProtos.java) [ozone-interface-client-1.4.0-SNAPSHOT.jar:?]
	at org.apache.hadoop.ipc.ProtobufRpcEngine$Server.processCall(ProtobufRpcEngine.java:484) [hadoop-common-3.3.6.jar:?]
	at org.apache.hadoop.ipc.ProtobufRpcEngine2$Server$ProtoBufRpcInvoker.call(ProtobufRpcEngine2.java:595) [hadoop-common-3.3.6.jar:?]
	at org.apache.hadoop.ipc.ProtobufRpcEngine2$Server$ProtoBufRpcInvoker.call(ProtobufRpcEngine2.java:573) [hadoop-common-3.3.6.jar:?]
	at org.apache.hadoop.ipc.RPC$Server.call(RPC.java:1227) [hadoop-common-3.3.6.jar:?]
	at org.apache.hadoop.ipc.Server$RpcCall.run(Server.java:1094) [hadoop-common-3.3.6.jar:?]
	at org.apache.hadoop.ipc.Server$RpcCall.run(Server.java:1017) [hadoop-common-3.3.6.jar:?]
	at java.security.AccessController.doPrivileged(Native Method) ~[?:1.8.0_382]
	at javax.security.auth.Subject.doAs(Subject.java:422) [?:1.8.0_382]
	at org.apache.hadoop.security.UserGroupInformation.doAs(UserGroupInformation.java:1899) [hadoop-common-3.3.6.jar:?]
	at org.apache.hadoop.ipc.Server$Handler.run(Server.java:3048) [hadoop-common-3.3.6.jar:?]
18:21:35.241 [IPC Server handler 5 on default port 15163] ERROR OMAudit - user=runner | ip=127.0.0.1 | op=GET_FILE_STATUS {volume=volume65627, bucket=bucket59265, key=testBatchDelete/parent/childFolder/child1, dataSize=0, replicationConfig=null} | ret=FAILURE
org.apache.hadoop.ozone.om.exceptions.OMException: Unable to get file status: volume: volume65627 bucket: bucket59265 key: testBatchDelete/parent/childFolder/child1
	at org.apache.hadoop.ozone.om.KeyManagerImpl.getOzoneFileStatus(KeyManagerImpl.java:1195) ~[ozone-manager-1.4.0-SNAPSHOT.jar:?]
	at org.apache.hadoop.ozone.om.KeyManagerImpl.getFileStatus(KeyManagerImpl.java:1113) ~[ozone-manager-1.4.0-SNAPSHOT.jar:?]
	at org.apache.hadoop.ozone.om.OmMetadataReader.getFileStatus(OmMetadataReader.java:262) ~[ozone-manager-1.4.0-SNAPSHOT.jar:?]
	at org.apache.hadoop.ozone.om.OzoneManager.getFileStatus(OzoneManager.java:3530) ~[ozone-manager-1.4.0-SNAPSHOT.jar:?]
	at org.apache.hadoop.ozone.protocolPB.OzoneManagerRequestHandler.getOzoneFileStatus(OzoneManagerRequestHandler.java:973) ~[ozone-manager-1.4.0-SNAPSHOT.jar:?]
	at org.apache.hadoop.ozone.protocolPB.OzoneManagerRequestHandler.handleReadRequest(OzoneManagerRequestHandler.java:252) ~[ozone-manager-1.4.0-SNAPSHOT.jar:?]
	at org.apache.hadoop.ozone.protocolPB.OzoneManagerProtocolServerSideTranslatorPB.submitRequestDirectlyToOM(OzoneManagerProtocolServerSideTranslatorPB.java:274) ~[ozone-manager-1.4.0-SNAPSHOT.jar:?]
	at org.apache.hadoop.ozone.protocolPB.OzoneManagerProtocolServerSideTranslatorPB.processRequest(OzoneManagerProtocolServerSideTranslatorPB.java:175) ~[ozone-manager-1.4.0-SNAPSHOT.jar:?]
	at org.apache.hadoop.hdds.server.OzoneProtocolMessageDispatcher.processRequest(OzoneProtocolMessageDispatcher.java:87) [hdds-server-framework-1.4.0-SNAPSHOT.jar:?]
	at org.apache.hadoop.ozone.protocolPB.OzoneManagerProtocolServerSideTranslatorPB.submitRequest(OzoneManagerProtocolServerSideTranslatorPB.java:148) [ozone-manager-1.4.0-SNAPSHOT.jar:?]
	at org.apache.hadoop.ozone.protocol.proto.OzoneManagerProtocolProtos$OzoneManagerService$2.callBlockingMethod(OzoneManagerProtocolProtos.java) [ozone-interface-client-1.4.0-SNAPSHOT.jar:?]
	at org.apache.hadoop.ipc.ProtobufRpcEngine$Server.processCall(ProtobufRpcEngine.java:484) [hadoop-common-3.3.6.jar:?]
	at org.apache.hadoop.ipc.ProtobufRpcEngine2$Server$ProtoBufRpcInvoker.call(ProtobufRpcEngine2.java:595) [hadoop-common-3.3.6.jar:?]
	at org.apache.hadoop.ipc.ProtobufRpcEngine2$Server$ProtoBufRpcInvoker.call(ProtobufRpcEngine2.java:573) [hadoop-common-3.3.6.jar:?]
	at org.apache.hadoop.ipc.RPC$Server.call(RPC.java:1227) [hadoop-common-3.3.6.jar:?]
	at org.apache.hadoop.ipc.Server$RpcCall.run(Server.java:1094) [hadoop-common-3.3.6.jar:?]
	at org.apache.hadoop.ipc.Server$RpcCall.run(Server.java:1017) [hadoop-common-3.3.6.jar:?]
	at java.security.AccessController.doPrivileged(Native Method) ~[?:1.8.0_382]
	at javax.security.auth.Subject.doAs(Subject.java:422) [?:1.8.0_382]
	at org.apache.hadoop.security.UserGroupInformation.doAs(UserGroupInformation.java:1899) [hadoop-common-3.3.6.jar:?]
	at org.apache.hadoop.ipc.Server$Handler.run(Server.java:3048) [hadoop-common-3.3.6.jar:?]
18:21:35.242 [IPC Server handler 6 on default port 15163] ERROR OMAudit - user=runner | ip=127.0.0.1 | op=GET_FILE_STATUS {volume=volume65627, bucket=bucket59265, key=testBatchDelete/parent/child2, dataSize=0, replicationConfig=null} | ret=FAILURE
org.apache.hadoop.ozone.om.exceptions.OMException: Unable to get file status: volume: volume65627 bucket: bucket59265 key: testBatchDelete/parent/child2
	at org.apache.hadoop.ozone.om.KeyManagerImpl.getOzoneFileStatus(KeyManagerImpl.java:1195) ~[ozone-manager-1.4.0-SNAPSHOT.jar:?]
	at org.apache.hadoop.ozone.om.KeyManagerImpl.getFileStatus(KeyManagerImpl.java:1113) ~[ozone-manager-1.4.0-SNAPSHOT.jar:?]
	at org.apache.hadoop.ozone.om.OmMetadataReader.getFileStatus(OmMetadataReader.java:262) ~[ozone-manager-1.4.0-SNAPSHOT.jar:?]
	at org.apache.hadoop.ozone.om.OzoneManager.getFileStatus(OzoneManager.java:3530) ~[ozone-manager-1.4.0-SNAPSHOT.jar:?]
	at org.apache.hadoop.ozone.protocolPB.OzoneManagerRequestHandler.getOzoneFileStatus(OzoneManagerRequestHandler.java:973) ~[ozone-manager-1.4.0-SNAPSHOT.jar:?]
	at org.apache.hadoop.ozone.protocolPB.OzoneManagerRequestHandler.handleReadRequest(OzoneManagerRequestHandler.java:252) ~[ozone-manager-1.4.0-SNAPSHOT.jar:?]
	at org.apache.hadoop.ozone.protocolPB.OzoneManagerProtocolServerSideTranslatorPB.submitRequestDirectlyToOM(OzoneManagerProtocolServerSideTranslatorPB.java:274) ~[ozone-manager-1.4.0-SNAPSHOT.jar:?]
	at org.apache.hadoop.ozone.protocolPB.OzoneManagerProtocolServerSideTranslatorPB.processRequest(OzoneManagerProtocolServerSideTranslatorPB.java:175) ~[ozone-manager-1.4.0-SNAPSHOT.jar:?]
	at org.apache.hadoop.hdds.server.OzoneProtocolMessageDispatcher.processRequest(OzoneProtocolMessageDispatcher.java:87) [hdds-server-framework-1.4.0-SNAPSHOT.jar:?]
	at org.apache.hadoop.ozone.protocolPB.OzoneManagerProtocolServerSideTranslatorPB.submitRequest(OzoneManagerProtocolServerSideTranslatorPB.java:148) [ozone-manager-1.4.0-SNAPSHOT.jar:?]
	at org.apache.hadoop.ozone.protocol.proto.OzoneManagerProtocolProtos$OzoneManagerService$2.callBlockingMethod(OzoneManagerProtocolProtos.java) [ozone-interface-client-1.4.0-SNAPSHOT.jar:?]
	at org.apache.hadoop.ipc.ProtobufRpcEngine$Server.processCall(ProtobufRpcEngine.java:484) [hadoop-common-3.3.6.jar:?]
	at org.apache.hadoop.ipc.ProtobufRpcEngine2$Server$ProtoBufRpcInvoker.call(ProtobufRpcEngine2.java:595) [hadoop-common-3.3.6.jar:?]
	at org.apache.hadoop.ipc.ProtobufRpcEngine2$Server$ProtoBufRpcInvoker.call(ProtobufRpcEngine2.java:573) [hadoop-common-3.3.6.jar:?]
	at org.apache.hadoop.ipc.RPC$Server.call(RPC.java:1227) [hadoop-common-3.3.6.jar:?]
	at org.apache.hadoop.ipc.Server$RpcCall.run(Server.java:1094) [hadoop-common-3.3.6.jar:?]
	at org.apache.hadoop.ipc.Server$RpcCall.run(Server.java:1017) [hadoop-common-3.3.6.jar:?]
	at java.security.AccessController.doPrivileged(Native Method) ~[?:1.8.0_382]
	at javax.security.auth.Subject.doAs(Subject.java:422) [?:1.8.0_382]
	at org.apache.hadoop.security.UserGroupInformation.doAs(UserGroupInformation.java:1899) [hadoop-common-3.3.6.jar:?]
	at org.apache.hadoop.ipc.Server$Handler.run(Server.java:3048) [hadoop-common-3.3.6.jar:?]
18:21:35.247 [IPC Server handler 7 on default port 15163] ERROR OMAudit - user=runner | ip=127.0.0.1 | op=GET_FILE_STATUS {volume=volume65627, bucket=bucket59265, key=testBatchDelete/parent/childFolder/child2, dataSize=0, replicationConfig=null} | ret=FAILURE
org.apache.hadoop.ozone.om.exceptions.OMException: Unable to get file status: volume: volume65627 bucket: bucket59265 key: testBatchDelete/parent/childFolder/child2
	at org.apache.hadoop.ozone.om.KeyManagerImpl.getOzoneFileStatus(KeyManagerImpl.java:1195) ~[ozone-manager-1.4.0-SNAPSHOT.jar:?]
	at org.apache.hadoop.ozone.om.KeyManagerImpl.getFileStatus(KeyManagerImpl.java:1113) ~[ozone-manager-1.4.0-SNAPSHOT.jar:?]
	at org.apache.hadoop.ozone.om.OmMetadataReader.getFileStatus(OmMetadataReader.java:262) ~[ozone-manager-1.4.0-SNAPSHOT.jar:?]
	at org.apache.hadoop.ozone.om.OzoneManager.getFileStatus(OzoneManager.java:3530) ~[ozone-manager-1.4.0-SNAPSHOT.jar:?]
	at org.apache.hadoop.ozone.protocolPB.OzoneManagerRequestHandler.getOzoneFileStatus(OzoneManagerRequestHandler.java:973) ~[ozone-manager-1.4.0-SNAPSHOT.jar:?]
	at org.apache.hadoop.ozone.protocolPB.OzoneManagerRequestHandler.handleReadRequest(OzoneManagerRequestHandler.java:252) ~[ozone-manager-1.4.0-SNAPSHOT.jar:?]
	at org.apache.hadoop.ozone.protocolPB.OzoneManagerProtocolServerSideTranslatorPB.submitRequestDirectlyToOM(OzoneManagerProtocolServerSideTranslatorPB.java:274) ~[ozone-manager-1.4.0-SNAPSHOT.jar:?]
	at org.apache.hadoop.ozone.protocolPB.OzoneManagerProtocolServerSideTranslatorPB.processRequest(OzoneManagerProtocolServerSideTranslatorPB.java:175) ~[ozone-manager-1.4.0-SNAPSHOT.jar:?]
	at org.apache.hadoop.hdds.server.OzoneProtocolMessageDispatcher.processRequest(OzoneProtocolMessageDispatcher.java:87) [hdds-server-framework-1.4.0-SNAPSHOT.jar:?]
	at org.apache.hadoop.ozone.protocolPB.OzoneManagerProtocolServerSideTranslatorPB.submitRequest(OzoneManagerProtocolServerSideTranslatorPB.java:148) [ozone-manager-1.4.0-SNAPSHOT.jar:?]
	at org.apache.hadoop.ozone.protocol.proto.OzoneManagerProtocolProtos$OzoneManagerService$2.callBlockingMethod(OzoneManagerProtocolProtos.java) [ozone-interface-client-1.4.0-SNAPSHOT.jar:?]
	at org.apache.hadoop.ipc.ProtobufRpcEngine$Server.processCall(ProtobufRpcEngine.java:484) [hadoop-common-3.3.6.jar:?]
	at org.apache.hadoop.ipc.ProtobufRpcEngine2$Server$ProtoBufRpcInvoker.call(ProtobufRpcEngine2.java:595) [hadoop-common-3.3.6.jar:?]
	at org.apache.hadoop.ipc.ProtobufRpcEngine2$Server$ProtoBufRpcInvoker.call(ProtobufRpcEngine2.java:573) [hadoop-common-3.3.6.jar:?]
	at org.apache.hadoop.ipc.RPC$Server.call(RPC.java:1227) [hadoop-common-3.3.6.jar:?]
	at org.apache.hadoop.ipc.Server$RpcCall.run(Server.java:1094) [hadoop-common-3.3.6.jar:?]
	at org.apache.hadoop.ipc.Server$RpcCall.run(Server.java:1017) [hadoop-common-3.3.6.jar:?]
	at java.security.AccessController.doPrivileged(Native Method) ~[?:1.8.0_382]
	at javax.security.auth.Subject.doAs(Subject.java:422) [?:1.8.0_382]
	at org.apache.hadoop.security.UserGroupInformation.doAs(UserGroupInformation.java:1899) [hadoop-common-3.3.6.jar:?]
	at org.apache.hadoop.ipc.Server$Handler.run(Server.java:3048) [hadoop-common-3.3.6.jar:?]
18:21:35.248 [IPC Server handler 8 on default port 15163] ERROR OMAudit - user=runner | ip=127.0.0.1 | op=GET_FILE_STATUS {volume=volume65627, bucket=bucket59265, key=testBatchDelete/parent/child3, dataSize=0, replicationConfig=null} | ret=FAILURE
org.apache.hadoop.ozone.om.exceptions.OMException: Unable to get file status: volume: volume65627 bucket: bucket59265 key: testBatchDelete/parent/child3
	at org.apache.hadoop.ozone.om.KeyManagerImpl.getOzoneFileStatus(KeyManagerImpl.java:1195) ~[ozone-manager-1.4.0-SNAPSHOT.jar:?]
	at org.apache.hadoop.ozone.om.KeyManagerImpl.getFileStatus(KeyManagerImpl.java:1113) ~[ozone-manager-1.4.0-SNAPSHOT.jar:?]
	at org.apache.hadoop.ozone.om.OmMetadataReader.getFileStatus(OmMetadataReader.java:262) ~[ozone-manager-1.4.0-SNAPSHOT.jar:?]
	at org.apache.hadoop.ozone.om.OzoneManager.getFileStatus(OzoneManager.java:3530) ~[ozone-manager-1.4.0-SNAPSHOT.jar:?]
	at org.apache.hadoop.ozone.protocolPB.OzoneManagerRequestHandler.getOzoneFileStatus(OzoneManagerRequestHandler.java:973) ~[ozone-manager-1.4.0-SNAPSHOT.jar:?]
	at org.apache.hadoop.ozone.protocolPB.OzoneManagerRequestHandler.handleReadRequest(OzoneManagerRequestHandler.java:252) ~[ozone-manager-1.4.0-SNAPSHOT.jar:?]
	at org.apache.hadoop.ozone.protocolPB.OzoneManagerProtocolServerSideTranslatorPB.submitRequestDirectlyToOM(OzoneManagerProtocolServerSideTranslatorPB.java:274) ~[ozone-manager-1.4.0-SNAPSHOT.jar:?]
	at org.apache.hadoop.ozone.protocolPB.OzoneManagerProtocolServerSideTranslatorPB.processRequest(OzoneManagerProtocolServerSideTranslatorPB.java:175) ~[ozone-manager-1.4.0-SNAPSHOT.jar:?]
	at org.apache.hadoop.hdds.server.OzoneProtocolMessageDispatcher.processRequest(OzoneProtocolMessageDispatcher.java:87) [hdds-server-framework-1.4.0-SNAPSHOT.jar:?]
	at org.apache.hadoop.ozone.protocolPB.OzoneManagerProtocolServerSideTranslatorPB.submitRequest(OzoneManagerProtocolServerSideTranslatorPB.java:148) [ozone-manager-1.4.0-SNAPSHOT.jar:?]
	at org.apache.hadoop.ozone.protocol.proto.OzoneManagerProtocolProtos$OzoneManagerService$2.callBlockingMethod(OzoneManagerProtocolProtos.java) [ozone-interface-client-1.4.0-SNAPSHOT.jar:?]
	at org.apache.hadoop.ipc.ProtobufRpcEngine$Server.processCall(ProtobufRpcEngine.java:484) [hadoop-common-3.3.6.jar:?]
	at org.apache.hadoop.ipc.ProtobufRpcEngine2$Server$ProtoBufRpcInvoker.call(ProtobufRpcEngine2.java:595) [hadoop-common-3.3.6.jar:?]
	at org.apache.hadoop.ipc.ProtobufRpcEngine2$Server$ProtoBufRpcInvoker.call(ProtobufRpcEngine2.java:573) [hadoop-common-3.3.6.jar:?]
	at org.apache.hadoop.ipc.RPC$Server.call(RPC.java:1227) [hadoop-common-3.3.6.jar:?]
	at org.apache.hadoop.ipc.Server$RpcCall.run(Server.java:1094) [hadoop-common-3.3.6.jar:?]
	at org.apache.hadoop.ipc.Server$RpcCall.run(Server.java:1017) [hadoop-common-3.3.6.jar:?]
	at java.security.AccessController.doPrivileged(Native Method) ~[?:1.8.0_382]
	at javax.security.auth.Subject.doAs(Subject.java:422) [?:1.8.0_382]
	at org.apache.hadoop.security.UserGroupInformation.doAs(UserGroupInformation.java:1899) [hadoop-common-3.3.6.jar:?]
	at org.apache.hadoop.ipc.Server$Handler.run(Server.java:3048) [hadoop-common-3.3.6.jar:?]
18:21:35.249 [IPC Server handler 9 on default port 15163] ERROR OMAudit - user=runner | ip=127.0.0.1 | op=GET_FILE_STATUS {volume=volume65627, bucket=bucket59265, key=testBatchDelete/parent/childFolder/child3, dataSize=0, replicationConfig=null} | ret=FAILURE
org.apache.hadoop.ozone.om.exceptions.OMException: Unable to get file status: volume: volume65627 bucket: bucket59265 key: testBatchDelete/parent/childFolder/child3
	at org.apache.hadoop.ozone.om.KeyManagerImpl.getOzoneFileStatus(KeyManagerImpl.java:1195) ~[ozone-manager-1.4.0-SNAPSHOT.jar:?]
	at org.apache.hadoop.ozone.om.KeyManagerImpl.getFileStatus(KeyManagerImpl.java:1113) ~[ozone-manager-1.4.0-SNAPSHOT.jar:?]
	at org.apache.hadoop.ozone.om.OmMetadataReader.getFileStatus(OmMetadataReader.java:262) ~[ozone-manager-1.4.0-SNAPSHOT.jar:?]
	at org.apache.hadoop.ozone.om.OzoneManager.getFileStatus(OzoneManager.java:3530) ~[ozone-manager-1.4.0-SNAPSHOT.jar:?]
	at org.apache.hadoop.ozone.protocolPB.OzoneManagerRequestHandler.getOzoneFileStatus(OzoneManagerRequestHandler.java:973) ~[ozone-manager-1.4.0-SNAPSHOT.jar:?]
	at org.apache.hadoop.ozone.protocolPB.OzoneManagerRequestHandler.handleReadRequest(OzoneManagerRequestHandler.java:252) ~[ozone-manager-1.4.0-SNAPSHOT.jar:?]
	at org.apache.hadoop.ozone.protocolPB.OzoneManagerProtocolServerSideTranslatorPB.submitRequestDirectlyToOM(OzoneManagerProtocolServerSideTranslatorPB.java:274) ~[ozone-manager-1.4.0-SNAPSHOT.jar:?]
	at org.apache.hadoop.ozone.protocolPB.OzoneManagerProtocolServerSideTranslatorPB.processRequest(OzoneManagerProtocolServerSideTranslatorPB.java:175) ~[ozone-manager-1.4.0-SNAPSHOT.jar:?]
	at org.apache.hadoop.hdds.server.OzoneProtocolMessageDispatcher.processRequest(OzoneProtocolMessageDispatcher.java:87) [hdds-server-framework-1.4.0-SNAPSHOT.jar:?]
	at org.apache.hadoop.ozone.protocolPB.OzoneManagerProtocolServerSideTranslatorPB.submitRequest(OzoneManagerProtocolServerSideTranslatorPB.java:148) [ozone-manager-1.4.0-SNAPSHOT.jar:?]
	at org.apache.hadoop.ozone.protocol.proto.OzoneManagerProtocolProtos$OzoneManagerService$2.callBlockingMethod(OzoneManagerProtocolProtos.java) [ozone-interface-client-1.4.0-SNAPSHOT.jar:?]
	at org.apache.hadoop.ipc.ProtobufRpcEngine$Server.processCall(ProtobufRpcEngine.java:484) [hadoop-common-3.3.6.jar:?]
	at org.apache.hadoop.ipc.ProtobufRpcEngine2$Server$ProtoBufRpcInvoker.call(ProtobufRpcEngine2.java:595) [hadoop-common-3.3.6.jar:?]
	at org.apache.hadoop.ipc.ProtobufRpcEngine2$Server$ProtoBufRpcInvoker.call(ProtobufRpcEngine2.java:573) [hadoop-common-3.3.6.jar:?]
	at org.apache.hadoop.ipc.RPC$Server.call(RPC.java:1227) [hadoop-common-3.3.6.jar:?]
	at org.apache.hadoop.ipc.Server$RpcCall.run(Server.java:1094) [hadoop-common-3.3.6.jar:?]
	at org.apache.hadoop.ipc.Server$RpcCall.run(Server.java:1017) [hadoop-common-3.3.6.jar:?]
	at java.security.AccessController.doPrivileged(Native Method) ~[?:1.8.0_382]
	at javax.security.auth.Subject.doAs(Subject.java:422) [?:1.8.0_382]
	at org.apache.hadoop.security.UserGroupInformation.doAs(UserGroupInformation.java:1899) [hadoop-common-3.3.6.jar:?]
	at org.apache.hadoop.ipc.Server$Handler.run(Server.java:3048) [hadoop-common-3.3.6.jar:?]
18:21:35.250 [IPC Server handler 3 on default port 15163] ERROR OMAudit - user=runner | ip=127.0.0.1 | op=GET_FILE_STATUS {volume=volume65627, bucket=bucket59265, key=testBatchDelete/parent/child4, dataSize=0, replicationConfig=null} | ret=FAILURE
org.apache.hadoop.ozone.om.exceptions.OMException: Unable to get file status: volume: volume65627 bucket: bucket59265 key: testBatchDelete/parent/child4
	at org.apache.hadoop.ozone.om.KeyManagerImpl.getOzoneFileStatus(KeyManagerImpl.java:1195) ~[ozone-manager-1.4.0-SNAPSHOT.jar:?]
	at org.apache.hadoop.ozone.om.KeyManagerImpl.getFileStatus(KeyManagerImpl.java:1113) ~[ozone-manager-1.4.0-SNAPSHOT.jar:?]
	at org.apache.hadoop.ozone.om.OmMetadataReader.getFileStatus(OmMetadataReader.java:262) ~[ozone-manager-1.4.0-SNAPSHOT.jar:?]
	at org.apache.hadoop.ozone.om.OzoneManager.getFileStatus(OzoneManager.java:3530) ~[ozone-manager-1.4.0-SNAPSHOT.jar:?]
	at org.apache.hadoop.ozone.protocolPB.OzoneManagerRequestHandler.getOzoneFileStatus(OzoneManagerRequestHandler.java:973) ~[ozone-manager-1.4.0-SNAPSHOT.jar:?]
	at org.apache.hadoop.ozone.protocolPB.OzoneManagerRequestHandler.handleReadRequest(OzoneManagerRequestHandler.java:252) ~[ozone-manager-1.4.0-SNAPSHOT.jar:?]
	at org.apache.hadoop.ozone.protocolPB.OzoneManagerProtocolServerSideTranslatorPB.submitRequestDirectlyToOM(OzoneManagerProtocolServerSideTranslatorPB.java:274) ~[ozone-manager-1.4.0-SNAPSHOT.jar:?]
	at org.apache.hadoop.ozone.protocolPB.OzoneManagerProtocolServerSideTranslatorPB.processRequest(OzoneManagerProtocolServerSideTranslatorPB.java:175) ~[ozone-manager-1.4.0-SNAPSHOT.jar:?]
	at org.apache.hadoop.hdds.server.OzoneProtocolMessageDispatcher.processRequest(OzoneProtocolMessageDispatcher.java:87) [hdds-server-framework-1.4.0-SNAPSHOT.jar:?]
	at org.apache.hadoop.ozone.protocolPB.OzoneManagerProtocolServerSideTranslatorPB.submitRequest(OzoneManagerProtocolServerSideTranslatorPB.java:148) [ozone-manager-1.4.0-SNAPSHOT.jar:?]
	at org.apache.hadoop.ozone.protocol.proto.OzoneManagerProtocolProtos$OzoneManagerService$2.callBlockingMethod(OzoneManagerProtocolProtos.java) [ozone-interface-client-1.4.0-SNAPSHOT.jar:?]
	at org.apache.hadoop.ipc.ProtobufRpcEngine$Server.processCall(ProtobufRpcEngine.java:484) [hadoop-common-3.3.6.jar:?]
	at org.apache.hadoop.ipc.ProtobufRpcEngine2$Server$ProtoBufRpcInvoker.call(ProtobufRpcEngine2.java:595) [hadoop-common-3.3.6.jar:?]
	at org.apache.hadoop.ipc.ProtobufRpcEngine2$Server$ProtoBufRpcInvoker.call(ProtobufRpcEngine2.java:573) [hadoop-common-3.3.6.jar:?]
	at org.apache.hadoop.ipc.RPC$Server.call(RPC.java:1227) [hadoop-common-3.3.6.jar:?]
	at org.apache.hadoop.ipc.Server$RpcCall.run(Server.java:1094) [hadoop-common-3.3.6.jar:?]
	at org.apache.hadoop.ipc.Server$RpcCall.run(Server.java:1017) [hadoop-common-3.3.6.jar:?]
	at java.security.AccessController.doPrivileged(Native Method) ~[?:1.8.0_382]
	at javax.security.auth.Subject.doAs(Subject.java:422) [?:1.8.0_382]
	at org.apache.hadoop.security.UserGroupInformation.doAs(UserGroupInformation.java:1899) [hadoop-common-3.3.6.jar:?]
	at org.apache.hadoop.ipc.Server$Handler.run(Server.java:3048) [hadoop-common-3.3.6.jar:?]
18:21:35.251 [IPC Server handler 10 on default port 15163] ERROR OMAudit - user=runner | ip=127.0.0.1 | op=GET_FILE_STATUS {volume=volume65627, bucket=bucket59265, key=testBatchDelete/parent/childFolder/child4, dataSize=0, replicationConfig=null} | ret=FAILURE
org.apache.hadoop.ozone.om.exceptions.OMException: Unable to get file status: volume: volume65627 bucket: bucket59265 key: testBatchDelete/parent/childFolder/child4
	at org.apache.hadoop.ozone.om.KeyManagerImpl.getOzoneFileStatus(KeyManagerImpl.java:1195) ~[ozone-manager-1.4.0-SNAPSHOT.jar:?]
	at org.apache.hadoop.ozone.om.KeyManagerImpl.getFileStatus(KeyManagerImpl.java:1113) ~[ozone-manager-1.4.0-SNAPSHOT.jar:?]
	at org.apache.hadoop.ozone.om.OmMetadataReader.getFileStatus(OmMetadataReader.java:262) ~[ozone-manager-1.4.0-SNAPSHOT.jar:?]
	at org.apache.hadoop.ozone.om.OzoneManager.getFileStatus(OzoneManager.java:3530) ~[ozone-manager-1.4.0-SNAPSHOT.jar:?]
	at org.apache.hadoop.ozone.protocolPB.OzoneManagerRequestHandler.getOzoneFileStatus(OzoneManagerRequestHandler.java:973) ~[ozone-manager-1.4.0-SNAPSHOT.jar:?]
	at org.apache.hadoop.ozone.protocolPB.OzoneManagerRequestHandler.handleReadRequest(OzoneManagerRequestHandler.java:252) ~[ozone-manager-1.4.0-SNAPSHOT.jar:?]
	at org.apache.hadoop.ozone.protocolPB.OzoneManagerProtocolServerSideTranslatorPB.submitRequestDirectlyToOM(OzoneManagerProtocolServerSideTranslatorPB.java:274) ~[ozone-manager-1.4.0-SNAPSHOT.jar:?]
	at org.apache.hadoop.ozone.protocolPB.OzoneManagerProtocolServerSideTranslatorPB.processRequest(OzoneManagerProtocolServerSideTranslatorPB.java:175) ~[ozone-manager-1.4.0-SNAPSHOT.jar:?]
	at org.apache.hadoop.hdds.server.OzoneProtocolMessageDispatcher.processRequest(OzoneProtocolMessageDispatcher.java:87) [hdds-server-framework-1.4.0-SNAPSHOT.jar:?]
	at org.apache.hadoop.ozone.protocolPB.OzoneManagerProtocolServerSideTranslatorPB.submitRequest(OzoneManagerProtocolServerSideTranslatorPB.java:148) [ozone-manager-1.4.0-SNAPSHOT.jar:?]
	at org.apache.hadoop.ozone.protocol.proto.OzoneManagerProtocolProtos$OzoneManagerService$2.callBlockingMethod(OzoneManagerProtocolProtos.java) [ozone-interface-client-1.4.0-SNAPSHOT.jar:?]
	at org.apache.hadoop.ipc.ProtobufRpcEngine$Server.processCall(ProtobufRpcEngine.java:484) [hadoop-common-3.3.6.jar:?]
	at org.apache.hadoop.ipc.ProtobufRpcEngine2$Server$ProtoBufRpcInvoker.call(ProtobufRpcEngine2.java:595) [hadoop-common-3.3.6.jar:?]
	at org.apache.hadoop.ipc.ProtobufRpcEngine2$Server$ProtoBufRpcInvoker.call(ProtobufRpcEngine2.java:573) [hadoop-common-3.3.6.jar:?]
	at org.apache.hadoop.ipc.RPC$Server.call(RPC.java:1227) [hadoop-common-3.3.6.jar:?]
	at org.apache.hadoop.ipc.Server$RpcCall.run(Server.java:1094) [hadoop-common-3.3.6.jar:?]
	at org.apache.hadoop.ipc.Server$RpcCall.run(Server.java:1017) [hadoop-common-3.3.6.jar:?]
	at java.security.AccessController.doPrivileged(Native Method) ~[?:1.8.0_382]
	at javax.security.auth.Subject.doAs(Subject.java:422) [?:1.8.0_382]
	at org.apache.hadoop.security.UserGroupInformation.doAs(UserGroupInformation.java:1899) [hadoop-common-3.3.6.jar:?]
	at org.apache.hadoop.ipc.Server$Handler.run(Server.java:3048) [hadoop-common-3.3.6.jar:?]
18:21:35.252 [IPC Server handler 12 on default port 15163] ERROR OMAudit - user=runner | ip=127.0.0.1 | op=GET_FILE_STATUS {volume=volume65627, bucket=bucket59265, key=testBatchDelete/parent/child5, dataSize=0, replicationConfig=null} | ret=FAILURE
org.apache.hadoop.ozone.om.exceptions.OMException: Unable to get file status: volume: volume65627 bucket: bucket59265 key: testBatchDelete/parent/child5
	at org.apache.hadoop.ozone.om.KeyManagerImpl.getOzoneFileStatus(KeyManagerImpl.java:1195) ~[ozone-manager-1.4.0-SNAPSHOT.jar:?]
	at org.apache.hadoop.ozone.om.KeyManagerImpl.getFileStatus(KeyManagerImpl.java:1113) ~[ozone-manager-1.4.0-SNAPSHOT.jar:?]
	at org.apache.hadoop.ozone.om.OmMetadataReader.getFileStatus(OmMetadataReader.java:262) ~[ozone-manager-1.4.0-SNAPSHOT.jar:?]
	at org.apache.hadoop.ozone.om.OzoneManager.getFileStatus(OzoneManager.java:3530) ~[ozone-manager-1.4.0-SNAPSHOT.jar:?]
	at org.apache.hadoop.ozone.protocolPB.OzoneManagerRequestHandler.getOzoneFileStatus(OzoneManagerRequestHandler.java:973) ~[ozone-manager-1.4.0-SNAPSHOT.jar:?]
	at org.apache.hadoop.ozone.protocolPB.OzoneManagerRequestHandler.handleReadRequest(OzoneManagerRequestHandler.java:252) ~[ozone-manager-1.4.0-SNAPSHOT.jar:?]
	at org.apache.hadoop.ozone.protocolPB.OzoneManagerProtocolServerSideTranslatorPB.submitRequestDirectlyToOM(OzoneManagerProtocolServerSideTranslatorPB.java:274) ~[ozone-manager-1.4.0-SNAPSHOT.jar:?]
	at org.apache.hadoop.ozone.protocolPB.OzoneManagerProtocolServerSideTranslatorPB.processRequest(OzoneManagerProtocolServerSideTranslatorPB.java:175) ~[ozone-manager-1.4.0-SNAPSHOT.jar:?]
	at org.apache.hadoop.hdds.server.OzoneProtocolMessageDispatcher.processRequest(OzoneProtocolMessageDispatcher.java:87) [hdds-server-framework-1.4.0-SNAPSHOT.jar:?]
	at org.apache.hadoop.ozone.protocolPB.OzoneManagerProtocolServerSideTranslatorPB.submitRequest(OzoneManagerProtocolServerSideTranslatorPB.java:148) [ozone-manager-1.4.0-SNAPSHOT.jar:?]
	at org.apache.hadoop.ozone.protocol.proto.OzoneManagerProtocolProtos$OzoneManagerService$2.callBlockingMethod(OzoneManagerProtocolProtos.java) [ozone-interface-client-1.4.0-SNAPSHOT.jar:?]
	at org.apache.hadoop.ipc.ProtobufRpcEngine$Server.processCall(ProtobufRpcEngine.java:484) [hadoop-common-3.3.6.jar:?]
	at org.apache.hadoop.ipc.ProtobufRpcEngine2$Server$ProtoBufRpcInvoker.call(ProtobufRpcEngine2.java:595) [hadoop-common-3.3.6.jar:?]
	at org.apache.hadoop.ipc.ProtobufRpcEngine2$Server$ProtoBufRpcInvoker.call(ProtobufRpcEngine2.java:573) [hadoop-common-3.3.6.jar:?]
	at org.apache.hadoop.ipc.RPC$Server.call(RPC.java:1227) [hadoop-common-3.3.6.jar:?]
	at org.apache.hadoop.ipc.Server$RpcCall.run(Server.java:1094) [hadoop-common-3.3.6.jar:?]
	at org.apache.hadoop.ipc.Server$RpcCall.run(Server.java:1017) [hadoop-common-3.3.6.jar:?]
	at java.security.AccessController.doPrivileged(Native Method) ~[?:1.8.0_382]
	at javax.security.auth.Subject.doAs(Subject.java:422) [?:1.8.0_382]
	at org.apache.hadoop.security.UserGroupInformation.doAs(UserGroupInformation.java:1899) [hadoop-common-3.3.6.jar:?]
	at org.apache.hadoop.ipc.Server$Handler.run(Server.java:3048) [hadoop-common-3.3.6.jar:?]
18:21:35.253 [IPC Server handler 11 on default port 15163] ERROR OMAudit - user=runner | ip=127.0.0.1 | op=GET_FILE_STATUS {volume=volume65627, bucket=bucket59265, key=testBatchDelete/parent/childFolder/child5, dataSize=0, replicationConfig=null} | ret=FAILURE
org.apache.hadoop.ozone.om.exceptions.OMException: Unable to get file status: volume: volume65627 bucket: bucket59265 key: testBatchDelete/parent/childFolder/child5
	at org.apache.hadoop.ozone.om.KeyManagerImpl.getOzoneFileStatus(KeyManagerImpl.java:1195) ~[ozone-manager-1.4.0-SNAPSHOT.jar:?]
	at org.apache.hadoop.ozone.om.KeyManagerImpl.getFileStatus(KeyManagerImpl.java:1113) ~[ozone-manager-1.4.0-SNAPSHOT.jar:?]
	at org.apache.hadoop.ozone.om.OmMetadataReader.getFileStatus(OmMetadataReader.java:262) ~[ozone-manager-1.4.0-SNAPSHOT.jar:?]
	at org.apache.hadoop.ozone.om.OzoneManager.getFileStatus(OzoneManager.java:3530) ~[ozone-manager-1.4.0-SNAPSHOT.jar:?]
	at org.apache.hadoop.ozone.protocolPB.OzoneManagerRequestHandler.getOzoneFileStatus(OzoneManagerRequestHandler.java:973) ~[ozone-manager-1.4.0-SNAPSHOT.jar:?]
	at org.apache.hadoop.ozone.protocolPB.OzoneManagerRequestHandler.handleReadRequest(OzoneManagerRequestHandler.java:252) ~[ozone-manager-1.4.0-SNAPSHOT.jar:?]
	at org.apache.hadoop.ozone.protocolPB.OzoneManagerProtocolServerSideTranslatorPB.submitRequestDirectlyToOM(OzoneManagerProtocolServerSideTranslatorPB.java:274) ~[ozone-manager-1.4.0-SNAPSHOT.jar:?]
	at org.apache.hadoop.ozone.protocolPB.OzoneManagerProtocolServerSideTranslatorPB.processRequest(OzoneManagerProtocolServerSideTranslatorPB.java:175) ~[ozone-manager-1.4.0-SNAPSHOT.jar:?]
	at org.apache.hadoop.hdds.server.OzoneProtocolMessageDispatcher.processRequest(OzoneProtocolMessageDispatcher.java:87) [hdds-server-framework-1.4.0-SNAPSHOT.jar:?]
	at org.apache.hadoop.ozone.protocolPB.OzoneManagerProtocolServerSideTranslatorPB.submitRequest(OzoneManagerProtocolServerSideTranslatorPB.java:148) [ozone-manager-1.4.0-SNAPSHOT.jar:?]
	at org.apache.hadoop.ozone.protocol.proto.OzoneManagerProtocolProtos$OzoneManagerService$2.callBlockingMethod(OzoneManagerProtocolProtos.java) [ozone-interface-client-1.4.0-SNAPSHOT.jar:?]
	at org.apache.hadoop.ipc.ProtobufRpcEngine$Server.processCall(ProtobufRpcEngine.java:484) [hadoop-common-3.3.6.jar:?]
	at org.apache.hadoop.ipc.ProtobufRpcEngine2$Server$ProtoBufRpcInvoker.call(ProtobufRpcEngine2.java:595) [hadoop-common-3.3.6.jar:?]
	at org.apache.hadoop.ipc.ProtobufRpcEngine2$Server$ProtoBufRpcInvoker.call(ProtobufRpcEngine2.java:573) [hadoop-common-3.3.6.jar:?]
	at org.apache.hadoop.ipc.RPC$Server.call(RPC.java:1227) [hadoop-common-3.3.6.jar:?]
	at org.apache.hadoop.ipc.Server$RpcCall.run(Server.java:1094) [hadoop-common-3.3.6.jar:?]
	at org.apache.hadoop.ipc.Server$RpcCall.run(Server.java:1017) [hadoop-common-3.3.6.jar:?]
	at java.security.AccessController.doPrivileged(Native Method) ~[?:1.8.0_382]
	at javax.security.auth.Subject.doAs(Subject.java:422) [?:1.8.0_382]
	at org.apache.hadoop.security.UserGroupInformation.doAs(UserGroupInformation.java:1899) [hadoop-common-3.3.6.jar:?]
	at org.apache.hadoop.ipc.Server$Handler.run(Server.java:3048) [hadoop-common-3.3.6.jar:?]
18:21:35.255 [IPC Server handler 14 on default port 15163] ERROR OMAudit - user=runner | ip=127.0.0.1 | op=GET_FILE_STATUS {volume=volume65627, bucket=bucket59265, key=testBatchDelete/parent/child6, dataSize=0, replicationConfig=null} | ret=FAILURE
org.apache.hadoop.ozone.om.exceptions.OMException: Unable to get file status: volume: volume65627 bucket: bucket59265 key: testBatchDelete/parent/child6
	at org.apache.hadoop.ozone.om.KeyManagerImpl.getOzoneFileStatus(KeyManagerImpl.java:1195) ~[ozone-manager-1.4.0-SNAPSHOT.jar:?]
	at org.apache.hadoop.ozone.om.KeyManagerImpl.getFileStatus(KeyManagerImpl.java:1113) ~[ozone-manager-1.4.0-SNAPSHOT.jar:?]
	at org.apache.hadoop.ozone.om.OmMetadataReader.getFileStatus(OmMetadataReader.java:262) ~[ozone-manager-1.4.0-SNAPSHOT.jar:?]
	at org.apache.hadoop.ozone.om.OzoneManager.getFileStatus(OzoneManager.java:3530) ~[ozone-manager-1.4.0-SNAPSHOT.jar:?]
	at org.apache.hadoop.ozone.protocolPB.OzoneManagerRequestHandler.getOzoneFileStatus(OzoneManagerRequestHandler.java:973) ~[ozone-manager-1.4.0-SNAPSHOT.jar:?]
	at org.apache.hadoop.ozone.protocolPB.OzoneManagerRequestHandler.handleReadRequest(OzoneManagerRequestHandler.java:252) ~[ozone-manager-1.4.0-SNAPSHOT.jar:?]
	at org.apache.hadoop.ozone.protocolPB.OzoneManagerProtocolServerSideTranslatorPB.submitRequestDirectlyToOM(OzoneManagerProtocolServerSideTranslatorPB.java:274) ~[ozone-manager-1.4.0-SNAPSHOT.jar:?]
	at org.apache.hadoop.ozone.protocolPB.OzoneManagerProtocolServerSideTranslatorPB.processRequest(OzoneManagerProtocolServerSideTranslatorPB.java:175) ~[ozone-manager-1.4.0-SNAPSHOT.jar:?]
	at org.apache.hadoop.hdds.server.OzoneProtocolMessageDispatcher.processRequest(OzoneProtocolMessageDispatcher.java:87) [hdds-server-framework-1.4.0-SNAPSHOT.jar:?]
	at org.apache.hadoop.ozone.protocolPB.OzoneManagerProtocolServerSideTranslatorPB.submitRequest(OzoneManagerProtocolServerSideTranslatorPB.java:148) [ozone-manager-1.4.0-SNAPSHOT.jar:?]
	at org.apache.hadoop.ozone.protocol.proto.OzoneManagerProtocolProtos$OzoneManagerService$2.callBlockingMethod(OzoneManagerProtocolProtos.java) [ozone-interface-client-1.4.0-SNAPSHOT.jar:?]
	at org.apache.hadoop.ipc.ProtobufRpcEngine$Server.processCall(ProtobufRpcEngine.java:484) [hadoop-common-3.3.6.jar:?]
	at org.apache.hadoop.ipc.ProtobufRpcEngine2$Server$ProtoBufRpcInvoker.call(ProtobufRpcEngine2.java:595) [hadoop-common-3.3.6.jar:?]
	at org.apache.hadoop.ipc.ProtobufRpcEngine2$Server$ProtoBufRpcInvoker.call(ProtobufRpcEngine2.java:573) [hadoop-common-3.3.6.jar:?]
	at org.apache.hadoop.ipc.RPC$Server.call(RPC.java:1227) [hadoop-common-3.3.6.jar:?]
	at org.apache.hadoop.ipc.Server$RpcCall.run(Server.java:1094) [hadoop-common-3.3.6.jar:?]
	at org.apache.hadoop.ipc.Server$RpcCall.run(Server.java:1017) [hadoop-common-3.3.6.jar:?]
	at java.security.AccessController.doPrivileged(Native Method) ~[?:1.8.0_382]
	at javax.security.auth.Subject.doAs(Subject.java:422) [?:1.8.0_382]
	at org.apache.hadoop.security.UserGroupInformation.doAs(UserGroupInformation.java:1899) [hadoop-common-3.3.6.jar:?]
	at org.apache.hadoop.ipc.Server$Handler.run(Server.java:3048) [hadoop-common-3.3.6.jar:?]
18:21:35.256 [IPC Server handler 13 on default port 15163] ERROR OMAudit - user=runner | ip=127.0.0.1 | op=GET_FILE_STATUS {volume=volume65627, bucket=bucket59265, key=testBatchDelete/parent/childFolder/child6, dataSize=0, replicationConfig=null} | ret=FAILURE
org.apache.hadoop.ozone.om.exceptions.OMException: Unable to get file status: volume: volume65627 bucket: bucket59265 key: testBatchDelete/parent/childFolder/child6
	at org.apache.hadoop.ozone.om.KeyManagerImpl.getOzoneFileStatus(KeyManagerImpl.java:1195) ~[ozone-manager-1.4.0-SNAPSHOT.jar:?]
	at org.apache.hadoop.ozone.om.KeyManagerImpl.getFileStatus(KeyManagerImpl.java:1113) ~[ozone-manager-1.4.0-SNAPSHOT.jar:?]
	at org.apache.hadoop.ozone.om.OmMetadataReader.getFileStatus(OmMetadataReader.java:262) ~[ozone-manager-1.4.0-SNAPSHOT.jar:?]
	at org.apache.hadoop.ozone.om.OzoneManager.getFileStatus(OzoneManager.java:3530) ~[ozone-manager-1.4.0-SNAPSHOT.jar:?]
	at org.apache.hadoop.ozone.protocolPB.OzoneManagerRequestHandler.getOzoneFileStatus(OzoneManagerRequestHandler.java:973) ~[ozone-manager-1.4.0-SNAPSHOT.jar:?]
	at org.apache.hadoop.ozone.protocolPB.OzoneManagerRequestHandler.handleReadRequest(OzoneManagerRequestHandler.java:252) ~[ozone-manager-1.4.0-SNAPSHOT.jar:?]
	at org.apache.hadoop.ozone.protocolPB.OzoneManagerProtocolServerSideTranslatorPB.submitRequestDirectlyToOM(OzoneManagerProtocolServerSideTranslatorPB.java:274) ~[ozone-manager-1.4.0-SNAPSHOT.jar:?]
	at org.apache.hadoop.ozone.protocolPB.OzoneManagerProtocolServerSideTranslatorPB.processRequest(OzoneManagerProtocolServerSideTranslatorPB.java:175) ~[ozone-manager-1.4.0-SNAPSHOT.jar:?]
	at org.apache.hadoop.hdds.server.OzoneProtocolMessageDispatcher.processRequest(OzoneProtocolMessageDispatcher.java:87) [hdds-server-framework-1.4.0-SNAPSHOT.jar:?]
	at org.apache.hadoop.ozone.protocolPB.OzoneManagerProtocolServerSideTranslatorPB.submitRequest(OzoneManagerProtocolServerSideTranslatorPB.java:148) [ozone-manager-1.4.0-SNAPSHOT.jar:?]
	at org.apache.hadoop.ozone.protocol.proto.OzoneManagerProtocolProtos$OzoneManagerService$2.callBlockingMethod(OzoneManagerProtocolProtos.java) [ozone-interface-client-1.4.0-SNAPSHOT.jar:?]
	at org.apache.hadoop.ipc.ProtobufRpcEngine$Server.processCall(ProtobufRpcEngine.java:484) [hadoop-common-3.3.6.jar:?]
	at org.apache.hadoop.ipc.ProtobufRpcEngine2$Server$ProtoBufRpcInvoker.call(ProtobufRpcEngine2.java:595) [hadoop-common-3.3.6.jar:?]
	at org.apache.hadoop.ipc.ProtobufRpcEngine2$Server$ProtoBufRpcInvoker.call(ProtobufRpcEngine2.java:573) [hadoop-common-3.3.6.jar:?]
	at org.apache.hadoop.ipc.RPC$Server.call(RPC.java:1227) [hadoop-common-3.3.6.jar:?]
	at org.apache.hadoop.ipc.Server$RpcCall.run(Server.java:1094) [hadoop-common-3.3.6.jar:?]
	at org.apache.hadoop.ipc.Server$RpcCall.run(Server.java:1017) [hadoop-common-3.3.6.jar:?]
	at java.security.AccessController.doPrivileged(Native Method) ~[?:1.8.0_382]
	at javax.security.auth.Subject.doAs(Subject.java:422) [?:1.8.0_382]
	at org.apache.hadoop.security.UserGroupInformation.doAs(UserGroupInformation.java:1899) [hadoop-common-3.3.6.jar:?]
	at org.apache.hadoop.ipc.Server$Handler.run(Server.java:3048) [hadoop-common-3.3.6.jar:?]
18:21:35.257 [IPC Server handler 15 on default port 15163] ERROR OMAudit - user=runner | ip=127.0.0.1 | op=GET_FILE_STATUS {volume=volume65627, bucket=bucket59265, key=testBatchDelete/parent/child7, dataSize=0, replicationConfig=null} | ret=FAILURE
org.apache.hadoop.ozone.om.exceptions.OMException: Unable to get file status: volume: volume65627 bucket: bucket59265 key: testBatchDelete/parent/child7
	at org.apache.hadoop.ozone.om.KeyManagerImpl.getOzoneFileStatus(KeyManagerImpl.java:1195) ~[ozone-manager-1.4.0-SNAPSHOT.jar:?]
	at org.apache.hadoop.ozone.om.KeyManagerImpl.getFileStatus(KeyManagerImpl.java:1113) ~[ozone-manager-1.4.0-SNAPSHOT.jar:?]
	at org.apache.hadoop.ozone.om.OmMetadataReader.getFileStatus(OmMetadataReader.java:262) ~[ozone-manager-1.4.0-SNAPSHOT.jar:?]
	at org.apache.hadoop.ozone.om.OzoneManager.getFileStatus(OzoneManager.java:3530) ~[ozone-manager-1.4.0-SNAPSHOT.jar:?]
	at org.apache.hadoop.ozone.protocolPB.OzoneManagerRequestHandler.getOzoneFileStatus(OzoneManagerRequestHandler.java:973) ~[ozone-manager-1.4.0-SNAPSHOT.jar:?]
	at org.apache.hadoop.ozone.protocolPB.OzoneManagerRequestHandler.handleReadRequest(OzoneManagerRequestHandler.java:252) ~[ozone-manager-1.4.0-SNAPSHOT.jar:?]
	at org.apache.hadoop.ozone.protocolPB.OzoneManagerProtocolServerSideTranslatorPB.submitRequestDirectlyToOM(OzoneManagerProtocolServerSideTranslatorPB.java:274) ~[ozone-manager-1.4.0-SNAPSHOT.jar:?]
	at org.apache.hadoop.ozone.protocolPB.OzoneManagerProtocolServerSideTranslatorPB.processRequest(OzoneManagerProtocolServerSideTranslatorPB.java:175) ~[ozone-manager-1.4.0-SNAPSHOT.jar:?]
	at org.apache.hadoop.hdds.server.OzoneProtocolMessageDispatcher.processRequest(OzoneProtocolMessageDispatcher.java:87) [hdds-server-framework-1.4.0-SNAPSHOT.jar:?]
	at org.apache.hadoop.ozone.protocolPB.OzoneManagerProtocolServerSideTranslatorPB.submitRequest(OzoneManagerProtocolServerSideTranslatorPB.java:148) [ozone-manager-1.4.0-SNAPSHOT.jar:?]
	at org.apache.hadoop.ozone.protocol.proto.OzoneManagerProtocolProtos$OzoneManagerService$2.callBlockingMethod(OzoneManagerProtocolProtos.java) [ozone-interface-client-1.4.0-SNAPSHOT.jar:?]
	at org.apache.hadoop.ipc.ProtobufRpcEngine$Server.processCall(ProtobufRpcEngine.java:484) [hadoop-common-3.3.6.jar:?]
	at org.apache.hadoop.ipc.ProtobufRpcEngine2$Server$ProtoBufRpcInvoker.call(ProtobufRpcEngine2.java:595) [hadoop-common-3.3.6.jar:?]
	at org.apache.hadoop.ipc.ProtobufRpcEngine2$Server$ProtoBufRpcInvoker.call(ProtobufRpcEngine2.java:573) [hadoop-common-3.3.6.jar:?]
	at org.apache.hadoop.ipc.RPC$Server.call(RPC.java:1227) [hadoop-common-3.3.6.jar:?]
	at org.apache.hadoop.ipc.Server$RpcCall.run(Server.java:1094) [hadoop-common-3.3.6.jar:?]
	at org.apache.hadoop.ipc.Server$RpcCall.run(Server.java:1017) [hadoop-common-3.3.6.jar:?]
	at java.security.AccessController.doPrivileged(Native Method) ~[?:1.8.0_382]
	at javax.security.auth.Subject.doAs(Subject.java:422) [?:1.8.0_382]
	at org.apache.hadoop.security.UserGroupInformation.doAs(UserGroupInformation.java:1899) [hadoop-common-3.3.6.jar:?]
	at org.apache.hadoop.ipc.Server$Handler.run(Server.java:3048) [hadoop-common-3.3.6.jar:?]
18:21:35.260 [IPC Server handler 16 on default port 15163] ERROR OMAudit - user=runner | ip=127.0.0.1 | op=GET_FILE_STATUS {volume=volume65627, bucket=bucket59265, key=testBatchDelete/parent/childFolder/child7, dataSize=0, replicationConfig=null} | ret=FAILURE
org.apache.hadoop.ozone.om.exceptions.OMException: Unable to get file status: volume: volume65627 bucket: bucket59265 key: testBatchDelete/parent/childFolder/child7
	at org.apache.hadoop.ozone.om.KeyManagerImpl.getOzoneFileStatus(KeyManagerImpl.java:1195) ~[ozone-manager-1.4.0-SNAPSHOT.jar:?]
	at org.apache.hadoop.ozone.om.KeyManagerImpl.getFileStatus(KeyManagerImpl.java:1113) ~[ozone-manager-1.4.0-SNAPSHOT.jar:?]
	at org.apache.hadoop.ozone.om.OmMetadataReader.getFileStatus(OmMetadataReader.java:262) ~[ozone-manager-1.4.0-SNAPSHOT.jar:?]
	at org.apache.hadoop.ozone.om.OzoneManager.getFileStatus(OzoneManager.java:3530) ~[ozone-manager-1.4.0-SNAPSHOT.jar:?]
	at org.apache.hadoop.ozone.protocolPB.OzoneManagerRequestHandler.getOzoneFileStatus(OzoneManagerRequestHandler.java:973) ~[ozone-manager-1.4.0-SNAPSHOT.jar:?]
	at org.apache.hadoop.ozone.protocolPB.OzoneManagerRequestHandler.handleReadRequest(OzoneManagerRequestHandler.java:252) ~[ozone-manager-1.4.0-SNAPSHOT.jar:?]
	at org.apache.hadoop.ozone.protocolPB.OzoneManagerProtocolServerSideTranslatorPB.submitRequestDirectlyToOM(OzoneManagerProtocolServerSideTranslatorPB.java:274) ~[ozone-manager-1.4.0-SNAPSHOT.jar:?]
	at org.apache.hadoop.ozone.protocolPB.OzoneManagerProtocolServerSideTranslatorPB.processRequest(OzoneManagerProtocolServerSideTranslatorPB.java:175) ~[ozone-manager-1.4.0-SNAPSHOT.jar:?]
	at org.apache.hadoop.hdds.server.OzoneProtocolMessageDispatcher.processRequest(OzoneProtocolMessageDispatcher.java:87) [hdds-server-framework-1.4.0-SNAPSHOT.jar:?]
	at org.apache.hadoop.ozone.protocolPB.OzoneManagerProtocolServerSideTranslatorPB.submitRequest(OzoneManagerProtocolServerSideTranslatorPB.java:148) [ozone-manager-1.4.0-SNAPSHOT.jar:?]
	at org.apache.hadoop.ozone.protocol.proto.OzoneManagerProtocolProtos$OzoneManagerService$2.callBlockingMethod(OzoneManagerProtocolProtos.java) [ozone-interface-client-1.4.0-SNAPSHOT.jar:?]
	at org.apache.hadoop.ipc.ProtobufRpcEngine$Server.processCall(ProtobufRpcEngine.java:484) [hadoop-common-3.3.6.jar:?]
	at org.apache.hadoop.ipc.ProtobufRpcEngine2$Server$ProtoBufRpcInvoker.call(ProtobufRpcEngine2.java:595) [hadoop-common-3.3.6.jar:?]
	at org.apache.hadoop.ipc.ProtobufRpcEngine2$Server$ProtoBufRpcInvoker.call(ProtobufRpcEngine2.java:573) [hadoop-common-3.3.6.jar:?]
	at org.apache.hadoop.ipc.RPC$Server.call(RPC.java:1227) [hadoop-common-3.3.6.jar:?]
	at org.apache.hadoop.ipc.Server$RpcCall.run(Server.java:1094) [hadoop-common-3.3.6.jar:?]
	at org.apache.hadoop.ipc.Server$RpcCall.run(Server.java:1017) [hadoop-common-3.3.6.jar:?]
	at java.security.AccessController.doPrivileged(Native Method) ~[?:1.8.0_382]
	at javax.security.auth.Subject.doAs(Subject.java:422) [?:1.8.0_382]
	at org.apache.hadoop.security.UserGroupInformation.doAs(UserGroupInformation.java:1899) [hadoop-common-3.3.6.jar:?]
	at org.apache.hadoop.ipc.Server$Handler.run(Server.java:3048) [hadoop-common-3.3.6.jar:?]
18:21:35.261 [IPC Server handler 17 on default port 15163] ERROR OMAudit - user=runner | ip=127.0.0.1 | op=GET_FILE_STATUS {volume=volume65627, bucket=bucket59265, key=testBatchDelete/parent, dataSize=0, replicationConfig=null} | ret=FAILURE
org.apache.hadoop.ozone.om.exceptions.OMException: Unable to get file status: volume: volume65627 bucket: bucket59265 key: testBatchDelete/parent
	at org.apache.hadoop.ozone.om.KeyManagerImpl.getOzoneFileStatus(KeyManagerImpl.java:1195) ~[ozone-manager-1.4.0-SNAPSHOT.jar:?]
	at org.apache.hadoop.ozone.om.KeyManagerImpl.getFileStatus(KeyManagerImpl.java:1113) ~[ozone-manager-1.4.0-SNAPSHOT.jar:?]
	at org.apache.hadoop.ozone.om.OmMetadataReader.getFileStatus(OmMetadataReader.java:262) ~[ozone-manager-1.4.0-SNAPSHOT.jar:?]
	at org.apache.hadoop.ozone.om.OzoneManager.getFileStatus(OzoneManager.java:3530) ~[ozone-manager-1.4.0-SNAPSHOT.jar:?]
	at org.apache.hadoop.ozone.protocolPB.OzoneManagerRequestHandler.getOzoneFileStatus(OzoneManagerRequestHandler.java:973) ~[ozone-manager-1.4.0-SNAPSHOT.jar:?]
	at org.apache.hadoop.ozone.protocolPB.OzoneManagerRequestHandler.handleReadRequest(OzoneManagerRequestHandler.java:252) ~[ozone-manager-1.4.0-SNAPSHOT.jar:?]
	at org.apache.hadoop.ozone.protocolPB.OzoneManagerProtocolServerSideTranslatorPB.submitRequestDirectlyToOM(OzoneManagerProtocolServerSideTranslatorPB.java:274) ~[ozone-manager-1.4.0-SNAPSHOT.jar:?]
	at org.apache.hadoop.ozone.protocolPB.OzoneManagerProtocolServerSideTranslatorPB.processRequest(OzoneManagerProtocolServerSideTranslatorPB.java:175) ~[ozone-manager-1.4.0-SNAPSHOT.jar:?]
	at org.apache.hadoop.hdds.server.OzoneProtocolMessageDispatcher.processRequest(OzoneProtocolMessageDispatcher.java:87) [hdds-server-framework-1.4.0-SNAPSHOT.jar:?]
	at org.apache.hadoop.ozone.protocolPB.OzoneManagerProtocolServerSideTranslatorPB.submitRequest(OzoneManagerProtocolServerSideTranslatorPB.java:148) [ozone-manager-1.4.0-SNAPSHOT.jar:?]
	at org.apache.hadoop.ozone.protocol.proto.OzoneManagerProtocolProtos$OzoneManagerService$2.callBlockingMethod(OzoneManagerProtocolProtos.java) [ozone-interface-client-1.4.0-SNAPSHOT.jar:?]
	at org.apache.hadoop.ipc.ProtobufRpcEngine$Server.processCall(ProtobufRpcEngine.java:484) [hadoop-common-3.3.6.jar:?]
	at org.apache.hadoop.ipc.ProtobufRpcEngine2$Server$ProtoBufRpcInvoker.call(ProtobufRpcEngine2.java:595) [hadoop-common-3.3.6.jar:?]
	at org.apache.hadoop.ipc.ProtobufRpcEngine2$Server$ProtoBufRpcInvoker.call(ProtobufRpcEngine2.java:573) [hadoop-common-3.3.6.jar:?]
	at org.apache.hadoop.ipc.RPC$Server.call(RPC.java:1227) [hadoop-common-3.3.6.jar:?]
	at org.apache.hadoop.ipc.Server$RpcCall.run(Server.java:1094) [hadoop-common-3.3.6.jar:?]
	at org.apache.hadoop.ipc.Server$RpcCall.run(Server.java:1017) [hadoop-common-3.3.6.jar:?]
	at java.security.AccessController.doPrivileged(Native Method) ~[?:1.8.0_382]
	at javax.security.auth.Subject.doAs(Subject.java:422) [?:1.8.0_382]
	at org.apache.hadoop.security.UserGroupInformation.doAs(UserGroupInformation.java:1899) [hadoop-common-3.3.6.jar:?]
	at org.apache.hadoop.ipc.Server$Handler.run(Server.java:3048) [hadoop-common-3.3.6.jar:?]
2023-08-31 18:21:35,261 [Time-limited test] WARN  ozone.BasicOzoneFileSystem (BasicOzoneFileSystem.java:delete(595)) - delete: Path does not exist: /testBatchDelete/parent
]]></system-out>
  </testcase>
  <testcase name="testListStatusIteratorOnPageSize" classname="TestOzoneFileSystem" time="61.359">
    <system-out><![CDATA[2023-08-31 18:17:38,959 [IPC Server handler 3 on default port 15001] INFO  ha.SequenceIdGenerator (SequenceIdGenerator.java:getNextId(140)) - Allocate a batch for delTxnId, change lastId from 0 to 1000.
2023-08-31 18:17:42,529 [BlockDeletingService#0] INFO  interfaces.ContainerDeletionChoosingPolicyTemplate (ContainerDeletionChoosingPolicyTemplate.java:chooseContainerForBlockDeletion(85)) - Chosen 0/5000 blocks from 0 candidate containers.
2023-08-31 18:17:42,949 [BlockDeletingService#0] INFO  interfaces.ContainerDeletionChoosingPolicyTemplate (ContainerDeletionChoosingPolicyTemplate.java:chooseContainerForBlockDeletion(85)) - Chosen 0/5000 blocks from 0 candidate containers.
2023-08-31 18:17:43,385 [BlockDeletingService#0] INFO  interfaces.ContainerDeletionChoosingPolicyTemplate (ContainerDeletionChoosingPolicyTemplate.java:chooseContainerForBlockDeletion(85)) - Chosen 0/5000 blocks from 0 candidate containers.
2023-08-31 18:17:43,814 [BlockDeletingService#0] INFO  interfaces.ContainerDeletionChoosingPolicyTemplate (ContainerDeletionChoosingPolicyTemplate.java:chooseContainerForBlockDeletion(85)) - Chosen 0/5000 blocks from 0 candidate containers.
2023-08-31 18:17:44,261 [BlockDeletingService#0] INFO  interfaces.ContainerDeletionChoosingPolicyTemplate (ContainerDeletionChoosingPolicyTemplate.java:chooseContainerForBlockDeletion(85)) - Chosen 0/5000 blocks from 0 candidate containers.
]]></system-out>
  </testcase>
  <testcase name="testListStatusIteratorOnPageSize" classname="TestOzoneFileSystem" time="42.564">
    <system-out><![CDATA[2023-08-31 18:18:53,486 [JvmPauseMonitor10] WARN  util.JvmPauseMonitor (JvmPauseMonitor.java:detectPause(124)) - JvmPauseMonitor-8ed59791-7601-47e5-a424-1bf234fecffd: Detected pause in JVM or host machine approximately 0.488s with 0.917s GC time.
GC pool 'PS MarkSweep' had collection(s): count=1 time=695ms
GC pool 'PS Scavenge' had collection(s): count=1 time=222ms
2023-08-31 18:18:53,486 [JvmPauseMonitor7] WARN  util.JvmPauseMonitor (JvmPauseMonitor.java:detectPause(124)) - JvmPauseMonitor-ceef3f7f-8ba3-49fd-a7d6-8efdc5ecb058: Detected pause in JVM or host machine approximately 0.497s with 0.917s GC time.
GC pool 'PS MarkSweep' had collection(s): count=1 time=695ms
GC pool 'PS Scavenge' had collection(s): count=1 time=222ms
2023-08-31 18:18:53,488 [JvmPauseMonitor11] WARN  util.JvmPauseMonitor (JvmPauseMonitor.java:detectPause(124)) - JvmPauseMonitor-55a42498-51b5-4c22-a6d0-b6e523d26bd9: Detected pause in JVM or host machine approximately 0.497s with 0.917s GC time.
GC pool 'PS MarkSweep' had collection(s): count=1 time=695ms
GC pool 'PS Scavenge' had collection(s): count=1 time=222ms
2023-08-31 18:18:53,491 [JvmPauseMonitor12] WARN  util.JvmPauseMonitor (JvmPauseMonitor.java:detectPause(124)) - JvmPauseMonitor-9288cb02-3403-47c3-90d0-5e59a32e5c49: Detected pause in JVM or host machine approximately 0.750s with 0.917s GC time.
GC pool 'PS MarkSweep' had collection(s): count=1 time=695ms
GC pool 'PS Scavenge' had collection(s): count=1 time=222ms
2023-08-31 18:18:53,492 [JvmPauseMonitor8] WARN  util.JvmPauseMonitor (JvmPauseMonitor.java:detectPause(124)) - JvmPauseMonitor-66d876a1-ab62-46cf-a9b8-b48a1b664235: Detected pause in JVM or host machine approximately 0.799s with 0.917s GC time.
GC pool 'PS MarkSweep' had collection(s): count=1 time=695ms
GC pool 'PS Scavenge' had collection(s): count=1 time=222ms
2023-08-31 18:18:53,492 [JvmPauseMonitor9] WARN  util.JvmPauseMonitor (JvmPauseMonitor.java:detectPause(124)) - JvmPauseMonitor-9837b75f-f89f-41e6-b8da-41fb6e633a75: Detected pause in JVM or host machine approximately 0.803s with 0.917s GC time.
GC pool 'PS MarkSweep' had collection(s): count=1 time=695ms
GC pool 'PS Scavenge' had collection(s): count=1 time=222ms
2023-08-31 18:18:53,493 [JvmPauseMonitor13] WARN  util.JvmPauseMonitor (JvmPauseMonitor.java:detectPause(124)) - JvmPauseMonitor-e76cb950-c142-4f99-9c9f-92ec0583573f: Detected pause in JVM or host machine approximately 0.886s with 0.917s GC time.
GC pool 'PS MarkSweep' had collection(s): count=1 time=695ms
GC pool 'PS Scavenge' had collection(s): count=1 time=222ms
2023-08-31 18:19:29,153 [IPC Server handler 16 on default port 15054] INFO  ha.SequenceIdGenerator (SequenceIdGenerator.java:getNextId(140)) - Allocate a batch for delTxnId, change lastId from 0 to 1000.
]]></system-out>
  </testcase>
  <testcase name="testListStatusIteratorOnPageSize" classname="TestOzoneFileSystem" time="49.608">
    <system-out><![CDATA[2023-08-31 18:20:21,736 [JvmPauseMonitor17] WARN  util.JvmPauseMonitor (JvmPauseMonitor.java:detectPause(124)) - JvmPauseMonitor-14fa2eac-e184-46cf-8dd5-e89808402331: Detected pause in JVM or host machine approximately 0.113s with 0.108s GC time.
GC pool 'PS Scavenge' had collection(s): count=1 time=108ms
2023-08-31 18:20:21,736 [JvmPauseMonitor18] WARN  util.JvmPauseMonitor (JvmPauseMonitor.java:detectPause(124)) - JvmPauseMonitor-b680699b-c9cb-4670-83ba-783bfe62cfe5: Detected pause in JVM or host machine approximately 0.113s with 0.108s GC time.
GC pool 'PS Scavenge' had collection(s): count=1 time=108ms
2023-08-31 18:20:26,641 [JvmPauseMonitor19] WARN  util.JvmPauseMonitor (JvmPauseMonitor.java:detectPause(124)) - JvmPauseMonitor-431b9c6f-d536-4d0f-be3d-601c32ccf3d0: Detected pause in JVM or host machine approximately 0.119s with 0.126s GC time.
GC pool 'PS Scavenge' had collection(s): count=1 time=126ms
2023-08-31 18:20:48,241 [IPC Server handler 2 on default port 15107] INFO  ha.SequenceIdGenerator (SequenceIdGenerator.java:getNextId(140)) - Allocate a batch for delTxnId, change lastId from 0 to 1000.
2023-08-31 18:20:49,884 [JvmPauseMonitor20] WARN  util.JvmPauseMonitor (JvmPauseMonitor.java:detectPause(124)) - JvmPauseMonitor-2b1a9455-1161-459a-84a9-9731b4638bee: Detected pause in JVM or host machine approximately 0.543s with 0.885s GC time.
GC pool 'PS MarkSweep' had collection(s): count=1 time=642ms
GC pool 'PS Scavenge' had collection(s): count=1 time=243ms
2023-08-31 18:20:49,884 [JvmPauseMonitor14] WARN  util.JvmPauseMonitor (JvmPauseMonitor.java:detectPause(124)) - JvmPauseMonitor-2d958d70-7a6c-48ea-9070-225d01e4e176: Detected pause in JVM or host machine approximately 0.604s with 0.885s GC time.
GC pool 'PS MarkSweep' had collection(s): count=1 time=642ms
GC pool 'PS Scavenge' had collection(s): count=1 time=243ms
2023-08-31 18:20:49,884 [JvmPauseMonitor16] WARN  util.JvmPauseMonitor (JvmPauseMonitor.java:detectPause(124)) - JvmPauseMonitor-cea0c109-6e95-4b2c-982c-0dc77a608767: Detected pause in JVM or host machine approximately 0.616s with 0.885s GC time.
GC pool 'PS MarkSweep' had collection(s): count=1 time=642ms
GC pool 'PS Scavenge' had collection(s): count=1 time=243ms
2023-08-31 18:20:49,884 [JvmPauseMonitor15] WARN  util.JvmPauseMonitor (JvmPauseMonitor.java:detectPause(124)) - JvmPauseMonitor-om1: Detected pause in JVM or host machine approximately 0.635s with 0.885s GC time.
GC pool 'PS MarkSweep' had collection(s): count=1 time=642ms
GC pool 'PS Scavenge' had collection(s): count=1 time=243ms
2023-08-31 18:20:49,885 [JvmPauseMonitor18] WARN  util.JvmPauseMonitor (JvmPauseMonitor.java:detectPause(124)) - JvmPauseMonitor-b680699b-c9cb-4670-83ba-783bfe62cfe5: Detected pause in JVM or host machine approximately 0.637s with 0.885s GC time.
GC pool 'PS MarkSweep' had collection(s): count=1 time=642ms
GC pool 'PS Scavenge' had collection(s): count=1 time=243ms
2023-08-31 18:20:49,885 [JvmPauseMonitor17] WARN  util.JvmPauseMonitor (JvmPauseMonitor.java:detectPause(124)) - JvmPauseMonitor-14fa2eac-e184-46cf-8dd5-e89808402331: Detected pause in JVM or host machine approximately 0.642s with 0.885s GC time.
GC pool 'PS MarkSweep' had collection(s): count=1 time=642ms
GC pool 'PS Scavenge' had collection(s): count=1 time=243ms
2023-08-31 18:20:49,885 [JvmPauseMonitor19] WARN  util.JvmPauseMonitor (JvmPauseMonitor.java:detectPause(124)) - JvmPauseMonitor-431b9c6f-d536-4d0f-be3d-601c32ccf3d0: Detected pause in JVM or host machine approximately 0.736s with 0.885s GC time.
GC pool 'PS MarkSweep' had collection(s): count=1 time=642ms
GC pool 'PS Scavenge' had collection(s): count=1 time=243ms
2023-08-31 18:20:50,750 [BlockDeletingService#0] INFO  interfaces.ContainerDeletionChoosingPolicyTemplate (ContainerDeletionChoosingPolicyTemplate.java:chooseContainerForBlockDeletion(85)) - Chosen 0/5000 blocks from 0 candidate containers.
2023-08-31 18:20:51,099 [BlockDeletingService#0] INFO  interfaces.ContainerDeletionChoosingPolicyTemplate (ContainerDeletionChoosingPolicyTemplate.java:chooseContainerForBlockDeletion(85)) - Chosen 0/5000 blocks from 0 candidate containers.
2023-08-31 18:20:51,565 [BlockDeletingService#0] INFO  interfaces.ContainerDeletionChoosingPolicyTemplate (ContainerDeletionChoosingPolicyTemplate.java:chooseContainerForBlockDeletion(85)) - Chosen 0/5000 blocks from 0 candidate containers.
2023-08-31 18:20:51,942 [BlockDeletingService#0] INFO  interfaces.ContainerDeletionChoosingPolicyTemplate (ContainerDeletionChoosingPolicyTemplate.java:chooseContainerForBlockDeletion(85)) - Chosen 0/5000 blocks from 0 candidate containers.
2023-08-31 18:20:52,310 [BlockDeletingService#0] INFO  interfaces.ContainerDeletionChoosingPolicyTemplate (ContainerDeletionChoosingPolicyTemplate.java:chooseContainerForBlockDeletion(85)) - Chosen 0/5000 blocks from 0 candidate containers.
]]></system-out>
  </testcase>
  <testcase name="testListStatusIteratorOnPageSize" classname="TestOzoneFileSystem" time="40.508">
    <system-out><![CDATA[2023-08-31 18:21:36,882 [JvmPauseMonitor25] WARN  util.JvmPauseMonitor (JvmPauseMonitor.java:detectPause(124)) - JvmPauseMonitor-1126cc3a-7ff0-4671-a31f-fd81ce02ef68: Detected pause in JVM or host machine approximately 0.144s with 0.584s GC time.
GC pool 'PS MarkSweep' had collection(s): count=1 time=489ms
GC pool 'PS Scavenge' had collection(s): count=1 time=95ms
2023-08-31 18:21:36,882 [JvmPauseMonitor21] WARN  util.JvmPauseMonitor (JvmPauseMonitor.java:detectPause(124)) - JvmPauseMonitor-1769c41b-4468-4381-81d5-31e55c4563c5: Detected pause in JVM or host machine approximately 0.241s with 0.584s GC time.
GC pool 'PS MarkSweep' had collection(s): count=1 time=489ms
GC pool 'PS Scavenge' had collection(s): count=1 time=95ms
2023-08-31 18:21:36,882 [JvmPauseMonitor22] WARN  util.JvmPauseMonitor (JvmPauseMonitor.java:detectPause(124)) - JvmPauseMonitor-a142f36d-5b04-4065-aba3-a70417595805: Detected pause in JVM or host machine approximately 0.277s with 0.584s GC time.
GC pool 'PS MarkSweep' had collection(s): count=1 time=489ms
GC pool 'PS Scavenge' had collection(s): count=1 time=95ms
2023-08-31 18:21:36,889 [JvmPauseMonitor26] WARN  util.JvmPauseMonitor (JvmPauseMonitor.java:detectPause(124)) - JvmPauseMonitor-85b0bed5-4d1d-45f9-8f71-740e9dd12c61: Detected pause in JVM or host machine approximately 0.325s with 0.584s GC time.
GC pool 'PS MarkSweep' had collection(s): count=1 time=489ms
GC pool 'PS Scavenge' had collection(s): count=1 time=95ms
2023-08-31 18:21:36,889 [JvmPauseMonitor23] WARN  util.JvmPauseMonitor (JvmPauseMonitor.java:detectPause(124)) - JvmPauseMonitor-626d1c86-c74d-4c1d-990a-e37ed735d25b: Detected pause in JVM or host machine approximately 0.351s with 0.584s GC time.
GC pool 'PS MarkSweep' had collection(s): count=1 time=489ms
GC pool 'PS Scavenge' had collection(s): count=1 time=95ms
2023-08-31 18:21:36,889 [JvmPauseMonitor27] WARN  util.JvmPauseMonitor (JvmPauseMonitor.java:detectPause(124)) - JvmPauseMonitor-70431532-c8b0-4eb5-b15a-8b1673de781b: Detected pause in JVM or host machine approximately 0.489s with 0.584s GC time.
GC pool 'PS MarkSweep' had collection(s): count=1 time=489ms
GC pool 'PS Scavenge' had collection(s): count=1 time=95ms
2023-08-31 18:21:36,890 [JvmPauseMonitor24] WARN  util.JvmPauseMonitor (JvmPauseMonitor.java:detectPause(124)) - JvmPauseMonitor-960d1597-fbff-49c3-85b3-41c3f78a7ab6: Detected pause in JVM or host machine approximately 0.513s with 0.584s GC time.
GC pool 'PS MarkSweep' had collection(s): count=1 time=489ms
GC pool 'PS Scavenge' had collection(s): count=1 time=95ms
]]></system-out>
  </testcase>
  <testcase name="testRenameToTrashEnabled" classname="TestOzoneFileSystem" time="0.215">
    <system-out><![CDATA[18:18:05.069 [IPC Server handler 14 on default port 15004] ERROR OMAudit - user=runner | ip=127.0.0.1 | op=GET_FILE_STATUS {volume=volume59479, bucket=bucket48122, key=.Trash/runner/Current/testKey1, dataSize=0, replicationConfig=null} | ret=FAILURE
org.apache.hadoop.ozone.om.exceptions.OMException: Unable to get file status: volume: volume59479 bucket: bucket48122 key: .Trash/runner/Current/testKey1
	at org.apache.hadoop.ozone.om.KeyManagerImpl.getOzoneFileStatus(KeyManagerImpl.java:1195) ~[ozone-manager-1.4.0-SNAPSHOT.jar:?]
	at org.apache.hadoop.ozone.om.KeyManagerImpl.getFileStatus(KeyManagerImpl.java:1113) ~[ozone-manager-1.4.0-SNAPSHOT.jar:?]
	at org.apache.hadoop.ozone.om.OmMetadataReader.getFileStatus(OmMetadataReader.java:262) ~[ozone-manager-1.4.0-SNAPSHOT.jar:?]
	at org.apache.hadoop.ozone.om.OzoneManager.getFileStatus(OzoneManager.java:3530) ~[ozone-manager-1.4.0-SNAPSHOT.jar:?]
	at org.apache.hadoop.ozone.protocolPB.OzoneManagerRequestHandler.getOzoneFileStatus(OzoneManagerRequestHandler.java:973) ~[ozone-manager-1.4.0-SNAPSHOT.jar:?]
	at org.apache.hadoop.ozone.protocolPB.OzoneManagerRequestHandler.handleReadRequest(OzoneManagerRequestHandler.java:252) ~[ozone-manager-1.4.0-SNAPSHOT.jar:?]
	at org.apache.hadoop.ozone.protocolPB.OzoneManagerProtocolServerSideTranslatorPB.submitReadRequestToOM(OzoneManagerProtocolServerSideTranslatorPB.java:225) ~[ozone-manager-1.4.0-SNAPSHOT.jar:?]
	at org.apache.hadoop.ozone.protocolPB.OzoneManagerProtocolServerSideTranslatorPB.processRequest(OzoneManagerProtocolServerSideTranslatorPB.java:179) ~[ozone-manager-1.4.0-SNAPSHOT.jar:?]
	at org.apache.hadoop.hdds.server.OzoneProtocolMessageDispatcher.processRequest(OzoneProtocolMessageDispatcher.java:87) [hdds-server-framework-1.4.0-SNAPSHOT.jar:?]
	at org.apache.hadoop.ozone.protocolPB.OzoneManagerProtocolServerSideTranslatorPB.submitRequest(OzoneManagerProtocolServerSideTranslatorPB.java:148) [ozone-manager-1.4.0-SNAPSHOT.jar:?]
	at org.apache.hadoop.ozone.protocol.proto.OzoneManagerProtocolProtos$OzoneManagerService$2.callBlockingMethod(OzoneManagerProtocolProtos.java) [ozone-interface-client-1.4.0-SNAPSHOT.jar:?]
	at org.apache.hadoop.ipc.ProtobufRpcEngine$Server.processCall(ProtobufRpcEngine.java:484) [hadoop-common-3.3.6.jar:?]
	at org.apache.hadoop.ipc.ProtobufRpcEngine2$Server$ProtoBufRpcInvoker.call(ProtobufRpcEngine2.java:595) [hadoop-common-3.3.6.jar:?]
	at org.apache.hadoop.ipc.ProtobufRpcEngine2$Server$ProtoBufRpcInvoker.call(ProtobufRpcEngine2.java:573) [hadoop-common-3.3.6.jar:?]
	at org.apache.hadoop.ipc.RPC$Server.call(RPC.java:1227) [hadoop-common-3.3.6.jar:?]
	at org.apache.hadoop.ipc.Server$RpcCall.run(Server.java:1094) [hadoop-common-3.3.6.jar:?]
	at org.apache.hadoop.ipc.Server$RpcCall.run(Server.java:1017) [hadoop-common-3.3.6.jar:?]
	at java.security.AccessController.doPrivileged(Native Method) ~[?:1.8.0_382]
	at javax.security.auth.Subject.doAs(Subject.java:422) [?:1.8.0_382]
	at org.apache.hadoop.security.UserGroupInformation.doAs(UserGroupInformation.java:1899) [hadoop-common-3.3.6.jar:?]
	at org.apache.hadoop.ipc.Server$Handler.run(Server.java:3048) [hadoop-common-3.3.6.jar:?]
18:18:05.074 [IPC Server handler 16 on default port 15004] ERROR OMAudit - user=runner | ip=127.0.0.1 | op=GET_FILE_STATUS {volume=volume59479, bucket=bucket48122, key=.Trash/runner/Current/testKey1, dataSize=0, replicationConfig=null} | ret=FAILURE
org.apache.hadoop.ozone.om.exceptions.OMException: Unable to get file status: volume: volume59479 bucket: bucket48122 key: .Trash/runner/Current/testKey1
	at org.apache.hadoop.ozone.om.KeyManagerImpl.getOzoneFileStatus(KeyManagerImpl.java:1195) ~[ozone-manager-1.4.0-SNAPSHOT.jar:?]
	at org.apache.hadoop.ozone.om.KeyManagerImpl.getFileStatus(KeyManagerImpl.java:1113) ~[ozone-manager-1.4.0-SNAPSHOT.jar:?]
	at org.apache.hadoop.ozone.om.OmMetadataReader.getFileStatus(OmMetadataReader.java:262) ~[ozone-manager-1.4.0-SNAPSHOT.jar:?]
	at org.apache.hadoop.ozone.om.OzoneManager.getFileStatus(OzoneManager.java:3530) ~[ozone-manager-1.4.0-SNAPSHOT.jar:?]
	at org.apache.hadoop.ozone.protocolPB.OzoneManagerRequestHandler.getOzoneFileStatus(OzoneManagerRequestHandler.java:973) ~[ozone-manager-1.4.0-SNAPSHOT.jar:?]
	at org.apache.hadoop.ozone.protocolPB.OzoneManagerRequestHandler.handleReadRequest(OzoneManagerRequestHandler.java:252) ~[ozone-manager-1.4.0-SNAPSHOT.jar:?]
	at org.apache.hadoop.ozone.protocolPB.OzoneManagerProtocolServerSideTranslatorPB.submitReadRequestToOM(OzoneManagerProtocolServerSideTranslatorPB.java:225) ~[ozone-manager-1.4.0-SNAPSHOT.jar:?]
	at org.apache.hadoop.ozone.protocolPB.OzoneManagerProtocolServerSideTranslatorPB.processRequest(OzoneManagerProtocolServerSideTranslatorPB.java:179) ~[ozone-manager-1.4.0-SNAPSHOT.jar:?]
	at org.apache.hadoop.hdds.server.OzoneProtocolMessageDispatcher.processRequest(OzoneProtocolMessageDispatcher.java:87) [hdds-server-framework-1.4.0-SNAPSHOT.jar:?]
	at org.apache.hadoop.ozone.protocolPB.OzoneManagerProtocolServerSideTranslatorPB.submitRequest(OzoneManagerProtocolServerSideTranslatorPB.java:148) [ozone-manager-1.4.0-SNAPSHOT.jar:?]
	at org.apache.hadoop.ozone.protocol.proto.OzoneManagerProtocolProtos$OzoneManagerService$2.callBlockingMethod(OzoneManagerProtocolProtos.java) [ozone-interface-client-1.4.0-SNAPSHOT.jar:?]
	at org.apache.hadoop.ipc.ProtobufRpcEngine$Server.processCall(ProtobufRpcEngine.java:484) [hadoop-common-3.3.6.jar:?]
	at org.apache.hadoop.ipc.ProtobufRpcEngine2$Server$ProtoBufRpcInvoker.call(ProtobufRpcEngine2.java:595) [hadoop-common-3.3.6.jar:?]
	at org.apache.hadoop.ipc.ProtobufRpcEngine2$Server$ProtoBufRpcInvoker.call(ProtobufRpcEngine2.java:573) [hadoop-common-3.3.6.jar:?]
	at org.apache.hadoop.ipc.RPC$Server.call(RPC.java:1227) [hadoop-common-3.3.6.jar:?]
	at org.apache.hadoop.ipc.Server$RpcCall.run(Server.java:1094) [hadoop-common-3.3.6.jar:?]
	at org.apache.hadoop.ipc.Server$RpcCall.run(Server.java:1017) [hadoop-common-3.3.6.jar:?]
	at java.security.AccessController.doPrivileged(Native Method) ~[?:1.8.0_382]
	at javax.security.auth.Subject.doAs(Subject.java:422) [?:1.8.0_382]
	at org.apache.hadoop.security.UserGroupInformation.doAs(UserGroupInformation.java:1899) [hadoop-common-3.3.6.jar:?]
	at org.apache.hadoop.ipc.Server$Handler.run(Server.java:3048) [hadoop-common-3.3.6.jar:?]
2023-08-31 18:18:05,084 [Time-limited test] INFO  om.TrashPolicyOzone (TrashPolicyOzone.java:moveToTrash(209)) - Moved: '/testKey1' to trash at: /.Trash/runner/Current/testKey1
]]></system-out>
  </testcase>
  <testcase name="testRenameToTrashEnabled" classname="TestOzoneFileSystem" time="0.156">
    <system-out><![CDATA[18:19:30.581 [IPC Server handler 4 on default port 15057] ERROR OMAudit - user=runner | ip=127.0.0.1 | op=GET_FILE_STATUS {volume=volume38115, bucket=bucket38025, key=.Trash/runner/Current/testKey1, dataSize=0, replicationConfig=null} | ret=FAILURE
org.apache.hadoop.ozone.om.exceptions.OMException: Unable to get file status: volume: volume38115 bucket: bucket38025 key: .Trash/runner/Current/testKey1
	at org.apache.hadoop.ozone.om.KeyManagerImpl.getOzoneFileStatus(KeyManagerImpl.java:1195) ~[ozone-manager-1.4.0-SNAPSHOT.jar:?]
	at org.apache.hadoop.ozone.om.KeyManagerImpl.getFileStatus(KeyManagerImpl.java:1113) ~[ozone-manager-1.4.0-SNAPSHOT.jar:?]
	at org.apache.hadoop.ozone.om.OmMetadataReader.getFileStatus(OmMetadataReader.java:262) ~[ozone-manager-1.4.0-SNAPSHOT.jar:?]
	at org.apache.hadoop.ozone.om.OzoneManager.getFileStatus(OzoneManager.java:3530) ~[ozone-manager-1.4.0-SNAPSHOT.jar:?]
	at org.apache.hadoop.ozone.protocolPB.OzoneManagerRequestHandler.getOzoneFileStatus(OzoneManagerRequestHandler.java:973) ~[ozone-manager-1.4.0-SNAPSHOT.jar:?]
	at org.apache.hadoop.ozone.protocolPB.OzoneManagerRequestHandler.handleReadRequest(OzoneManagerRequestHandler.java:252) ~[ozone-manager-1.4.0-SNAPSHOT.jar:?]
	at org.apache.hadoop.ozone.protocolPB.OzoneManagerProtocolServerSideTranslatorPB.submitRequestDirectlyToOM(OzoneManagerProtocolServerSideTranslatorPB.java:274) ~[ozone-manager-1.4.0-SNAPSHOT.jar:?]
	at org.apache.hadoop.ozone.protocolPB.OzoneManagerProtocolServerSideTranslatorPB.processRequest(OzoneManagerProtocolServerSideTranslatorPB.java:175) ~[ozone-manager-1.4.0-SNAPSHOT.jar:?]
	at org.apache.hadoop.hdds.server.OzoneProtocolMessageDispatcher.processRequest(OzoneProtocolMessageDispatcher.java:87) [hdds-server-framework-1.4.0-SNAPSHOT.jar:?]
	at org.apache.hadoop.ozone.protocolPB.OzoneManagerProtocolServerSideTranslatorPB.submitRequest(OzoneManagerProtocolServerSideTranslatorPB.java:148) [ozone-manager-1.4.0-SNAPSHOT.jar:?]
	at org.apache.hadoop.ozone.protocol.proto.OzoneManagerProtocolProtos$OzoneManagerService$2.callBlockingMethod(OzoneManagerProtocolProtos.java) [ozone-interface-client-1.4.0-SNAPSHOT.jar:?]
	at org.apache.hadoop.ipc.ProtobufRpcEngine$Server.processCall(ProtobufRpcEngine.java:484) [hadoop-common-3.3.6.jar:?]
	at org.apache.hadoop.ipc.ProtobufRpcEngine2$Server$ProtoBufRpcInvoker.call(ProtobufRpcEngine2.java:595) [hadoop-common-3.3.6.jar:?]
	at org.apache.hadoop.ipc.ProtobufRpcEngine2$Server$ProtoBufRpcInvoker.call(ProtobufRpcEngine2.java:573) [hadoop-common-3.3.6.jar:?]
	at org.apache.hadoop.ipc.RPC$Server.call(RPC.java:1227) [hadoop-common-3.3.6.jar:?]
	at org.apache.hadoop.ipc.Server$RpcCall.run(Server.java:1094) [hadoop-common-3.3.6.jar:?]
	at org.apache.hadoop.ipc.Server$RpcCall.run(Server.java:1017) [hadoop-common-3.3.6.jar:?]
	at java.security.AccessController.doPrivileged(Native Method) ~[?:1.8.0_382]
	at javax.security.auth.Subject.doAs(Subject.java:422) [?:1.8.0_382]
	at org.apache.hadoop.security.UserGroupInformation.doAs(UserGroupInformation.java:1899) [hadoop-common-3.3.6.jar:?]
	at org.apache.hadoop.ipc.Server$Handler.run(Server.java:3048) [hadoop-common-3.3.6.jar:?]
18:19:30.585 [IPC Server handler 7 on default port 15057] ERROR OMAudit - user=runner | ip=127.0.0.1 | op=GET_FILE_STATUS {volume=volume38115, bucket=bucket38025, key=.Trash/runner/Current/testKey1, dataSize=0, replicationConfig=null} | ret=FAILURE
org.apache.hadoop.ozone.om.exceptions.OMException: Unable to get file status: volume: volume38115 bucket: bucket38025 key: .Trash/runner/Current/testKey1
	at org.apache.hadoop.ozone.om.KeyManagerImpl.getOzoneFileStatus(KeyManagerImpl.java:1195) ~[ozone-manager-1.4.0-SNAPSHOT.jar:?]
	at org.apache.hadoop.ozone.om.KeyManagerImpl.getFileStatus(KeyManagerImpl.java:1113) ~[ozone-manager-1.4.0-SNAPSHOT.jar:?]
	at org.apache.hadoop.ozone.om.OmMetadataReader.getFileStatus(OmMetadataReader.java:262) ~[ozone-manager-1.4.0-SNAPSHOT.jar:?]
	at org.apache.hadoop.ozone.om.OzoneManager.getFileStatus(OzoneManager.java:3530) ~[ozone-manager-1.4.0-SNAPSHOT.jar:?]
	at org.apache.hadoop.ozone.protocolPB.OzoneManagerRequestHandler.getOzoneFileStatus(OzoneManagerRequestHandler.java:973) ~[ozone-manager-1.4.0-SNAPSHOT.jar:?]
	at org.apache.hadoop.ozone.protocolPB.OzoneManagerRequestHandler.handleReadRequest(OzoneManagerRequestHandler.java:252) ~[ozone-manager-1.4.0-SNAPSHOT.jar:?]
	at org.apache.hadoop.ozone.protocolPB.OzoneManagerProtocolServerSideTranslatorPB.submitRequestDirectlyToOM(OzoneManagerProtocolServerSideTranslatorPB.java:274) ~[ozone-manager-1.4.0-SNAPSHOT.jar:?]
	at org.apache.hadoop.ozone.protocolPB.OzoneManagerProtocolServerSideTranslatorPB.processRequest(OzoneManagerProtocolServerSideTranslatorPB.java:175) ~[ozone-manager-1.4.0-SNAPSHOT.jar:?]
	at org.apache.hadoop.hdds.server.OzoneProtocolMessageDispatcher.processRequest(OzoneProtocolMessageDispatcher.java:87) [hdds-server-framework-1.4.0-SNAPSHOT.jar:?]
	at org.apache.hadoop.ozone.protocolPB.OzoneManagerProtocolServerSideTranslatorPB.submitRequest(OzoneManagerProtocolServerSideTranslatorPB.java:148) [ozone-manager-1.4.0-SNAPSHOT.jar:?]
	at org.apache.hadoop.ozone.protocol.proto.OzoneManagerProtocolProtos$OzoneManagerService$2.callBlockingMethod(OzoneManagerProtocolProtos.java) [ozone-interface-client-1.4.0-SNAPSHOT.jar:?]
	at org.apache.hadoop.ipc.ProtobufRpcEngine$Server.processCall(ProtobufRpcEngine.java:484) [hadoop-common-3.3.6.jar:?]
	at org.apache.hadoop.ipc.ProtobufRpcEngine2$Server$ProtoBufRpcInvoker.call(ProtobufRpcEngine2.java:595) [hadoop-common-3.3.6.jar:?]
	at org.apache.hadoop.ipc.ProtobufRpcEngine2$Server$ProtoBufRpcInvoker.call(ProtobufRpcEngine2.java:573) [hadoop-common-3.3.6.jar:?]
	at org.apache.hadoop.ipc.RPC$Server.call(RPC.java:1227) [hadoop-common-3.3.6.jar:?]
	at org.apache.hadoop.ipc.Server$RpcCall.run(Server.java:1094) [hadoop-common-3.3.6.jar:?]
	at org.apache.hadoop.ipc.Server$RpcCall.run(Server.java:1017) [hadoop-common-3.3.6.jar:?]
	at java.security.AccessController.doPrivileged(Native Method) ~[?:1.8.0_382]
	at javax.security.auth.Subject.doAs(Subject.java:422) [?:1.8.0_382]
	at org.apache.hadoop.security.UserGroupInformation.doAs(UserGroupInformation.java:1899) [hadoop-common-3.3.6.jar:?]
	at org.apache.hadoop.ipc.Server$Handler.run(Server.java:3048) [hadoop-common-3.3.6.jar:?]
2023-08-31 18:19:30,597 [Time-limited test] INFO  om.TrashPolicyOzone (TrashPolicyOzone.java:moveToTrash(209)) - Moved: '/testKey1' to trash at: /.Trash/runner/Current/testKey1
]]></system-out>
  </testcase>
  <testcase name="testRenameToTrashEnabled" classname="TestOzoneFileSystem" time="0.16">
    <system-out><![CDATA[18:20:56.650 [IPC Server handler 19 on default port 15110] ERROR OMAudit - user=runner | ip=127.0.0.1 | op=GET_FILE_STATUS {volume=volume40966, bucket=bucket64934, key=.Trash/runner/Current/testKey1, dataSize=0, replicationConfig=null} | ret=FAILURE
org.apache.hadoop.ozone.om.exceptions.OMException: Unable to get file status: volume: volume40966 bucket: bucket64934 key: .Trash/runner/Current/testKey1
	at org.apache.hadoop.ozone.om.KeyManagerImpl.getOzoneFileStatus(KeyManagerImpl.java:1195) ~[ozone-manager-1.4.0-SNAPSHOT.jar:?]
	at org.apache.hadoop.ozone.om.KeyManagerImpl.getFileStatus(KeyManagerImpl.java:1113) ~[ozone-manager-1.4.0-SNAPSHOT.jar:?]
	at org.apache.hadoop.ozone.om.OmMetadataReader.getFileStatus(OmMetadataReader.java:262) ~[ozone-manager-1.4.0-SNAPSHOT.jar:?]
	at org.apache.hadoop.ozone.om.OzoneManager.getFileStatus(OzoneManager.java:3530) ~[ozone-manager-1.4.0-SNAPSHOT.jar:?]
	at org.apache.hadoop.ozone.protocolPB.OzoneManagerRequestHandler.getOzoneFileStatus(OzoneManagerRequestHandler.java:973) ~[ozone-manager-1.4.0-SNAPSHOT.jar:?]
	at org.apache.hadoop.ozone.protocolPB.OzoneManagerRequestHandler.handleReadRequest(OzoneManagerRequestHandler.java:252) ~[ozone-manager-1.4.0-SNAPSHOT.jar:?]
	at org.apache.hadoop.ozone.protocolPB.OzoneManagerProtocolServerSideTranslatorPB.submitReadRequestToOM(OzoneManagerProtocolServerSideTranslatorPB.java:225) ~[ozone-manager-1.4.0-SNAPSHOT.jar:?]
	at org.apache.hadoop.ozone.protocolPB.OzoneManagerProtocolServerSideTranslatorPB.processRequest(OzoneManagerProtocolServerSideTranslatorPB.java:179) ~[ozone-manager-1.4.0-SNAPSHOT.jar:?]
	at org.apache.hadoop.hdds.server.OzoneProtocolMessageDispatcher.processRequest(OzoneProtocolMessageDispatcher.java:87) [hdds-server-framework-1.4.0-SNAPSHOT.jar:?]
	at org.apache.hadoop.ozone.protocolPB.OzoneManagerProtocolServerSideTranslatorPB.submitRequest(OzoneManagerProtocolServerSideTranslatorPB.java:148) [ozone-manager-1.4.0-SNAPSHOT.jar:?]
	at org.apache.hadoop.ozone.protocol.proto.OzoneManagerProtocolProtos$OzoneManagerService$2.callBlockingMethod(OzoneManagerProtocolProtos.java) [ozone-interface-client-1.4.0-SNAPSHOT.jar:?]
	at org.apache.hadoop.ipc.ProtobufRpcEngine$Server.processCall(ProtobufRpcEngine.java:484) [hadoop-common-3.3.6.jar:?]
	at org.apache.hadoop.ipc.ProtobufRpcEngine2$Server$ProtoBufRpcInvoker.call(ProtobufRpcEngine2.java:595) [hadoop-common-3.3.6.jar:?]
	at org.apache.hadoop.ipc.ProtobufRpcEngine2$Server$ProtoBufRpcInvoker.call(ProtobufRpcEngine2.java:573) [hadoop-common-3.3.6.jar:?]
	at org.apache.hadoop.ipc.RPC$Server.call(RPC.java:1227) [hadoop-common-3.3.6.jar:?]
	at org.apache.hadoop.ipc.Server$RpcCall.run(Server.java:1094) [hadoop-common-3.3.6.jar:?]
	at org.apache.hadoop.ipc.Server$RpcCall.run(Server.java:1017) [hadoop-common-3.3.6.jar:?]
	at java.security.AccessController.doPrivileged(Native Method) ~[?:1.8.0_382]
	at javax.security.auth.Subject.doAs(Subject.java:422) [?:1.8.0_382]
	at org.apache.hadoop.security.UserGroupInformation.doAs(UserGroupInformation.java:1899) [hadoop-common-3.3.6.jar:?]
	at org.apache.hadoop.ipc.Server$Handler.run(Server.java:3048) [hadoop-common-3.3.6.jar:?]
18:20:56.658 [IPC Server handler 3 on default port 15110] ERROR OMAudit - user=runner | ip=127.0.0.1 | op=GET_FILE_STATUS {volume=volume40966, bucket=bucket64934, key=.Trash/runner/Current/testKey1, dataSize=0, replicationConfig=null} | ret=FAILURE
org.apache.hadoop.ozone.om.exceptions.OMException: Unable to get file status: volume: volume40966 bucket: bucket64934 key: .Trash/runner/Current/testKey1
	at org.apache.hadoop.ozone.om.KeyManagerImpl.getOzoneFileStatus(KeyManagerImpl.java:1195) ~[ozone-manager-1.4.0-SNAPSHOT.jar:?]
	at org.apache.hadoop.ozone.om.KeyManagerImpl.getFileStatus(KeyManagerImpl.java:1113) ~[ozone-manager-1.4.0-SNAPSHOT.jar:?]
	at org.apache.hadoop.ozone.om.OmMetadataReader.getFileStatus(OmMetadataReader.java:262) ~[ozone-manager-1.4.0-SNAPSHOT.jar:?]
	at org.apache.hadoop.ozone.om.OzoneManager.getFileStatus(OzoneManager.java:3530) ~[ozone-manager-1.4.0-SNAPSHOT.jar:?]
	at org.apache.hadoop.ozone.protocolPB.OzoneManagerRequestHandler.getOzoneFileStatus(OzoneManagerRequestHandler.java:973) ~[ozone-manager-1.4.0-SNAPSHOT.jar:?]
	at org.apache.hadoop.ozone.protocolPB.OzoneManagerRequestHandler.handleReadRequest(OzoneManagerRequestHandler.java:252) ~[ozone-manager-1.4.0-SNAPSHOT.jar:?]
	at org.apache.hadoop.ozone.protocolPB.OzoneManagerProtocolServerSideTranslatorPB.submitReadRequestToOM(OzoneManagerProtocolServerSideTranslatorPB.java:225) ~[ozone-manager-1.4.0-SNAPSHOT.jar:?]
	at org.apache.hadoop.ozone.protocolPB.OzoneManagerProtocolServerSideTranslatorPB.processRequest(OzoneManagerProtocolServerSideTranslatorPB.java:179) ~[ozone-manager-1.4.0-SNAPSHOT.jar:?]
	at org.apache.hadoop.hdds.server.OzoneProtocolMessageDispatcher.processRequest(OzoneProtocolMessageDispatcher.java:87) [hdds-server-framework-1.4.0-SNAPSHOT.jar:?]
	at org.apache.hadoop.ozone.protocolPB.OzoneManagerProtocolServerSideTranslatorPB.submitRequest(OzoneManagerProtocolServerSideTranslatorPB.java:148) [ozone-manager-1.4.0-SNAPSHOT.jar:?]
	at org.apache.hadoop.ozone.protocol.proto.OzoneManagerProtocolProtos$OzoneManagerService$2.callBlockingMethod(OzoneManagerProtocolProtos.java) [ozone-interface-client-1.4.0-SNAPSHOT.jar:?]
	at org.apache.hadoop.ipc.ProtobufRpcEngine$Server.processCall(ProtobufRpcEngine.java:484) [hadoop-common-3.3.6.jar:?]
	at org.apache.hadoop.ipc.ProtobufRpcEngine2$Server$ProtoBufRpcInvoker.call(ProtobufRpcEngine2.java:595) [hadoop-common-3.3.6.jar:?]
	at org.apache.hadoop.ipc.ProtobufRpcEngine2$Server$ProtoBufRpcInvoker.call(ProtobufRpcEngine2.java:573) [hadoop-common-3.3.6.jar:?]
	at org.apache.hadoop.ipc.RPC$Server.call(RPC.java:1227) [hadoop-common-3.3.6.jar:?]
	at org.apache.hadoop.ipc.Server$RpcCall.run(Server.java:1094) [hadoop-common-3.3.6.jar:?]
	at org.apache.hadoop.ipc.Server$RpcCall.run(Server.java:1017) [hadoop-common-3.3.6.jar:?]
	at java.security.AccessController.doPrivileged(Native Method) ~[?:1.8.0_382]
	at javax.security.auth.Subject.doAs(Subject.java:422) [?:1.8.0_382]
	at org.apache.hadoop.security.UserGroupInformation.doAs(UserGroupInformation.java:1899) [hadoop-common-3.3.6.jar:?]
	at org.apache.hadoop.ipc.Server$Handler.run(Server.java:3048) [hadoop-common-3.3.6.jar:?]
2023-08-31 18:20:56,666 [Time-limited test] INFO  om.TrashPolicyOzone (TrashPolicyOzone.java:moveToTrash(209)) - Moved: '/testKey1' to trash at: /.Trash/runner/Current/testKey1
]]></system-out>
  </testcase>
  <testcase name="testRenameToTrashEnabled" classname="TestOzoneFileSystem" time="0.151">
    <system-out><![CDATA[18:22:15.892 [IPC Server handler 4 on default port 15163] ERROR OMAudit - user=runner | ip=127.0.0.1 | op=GET_FILE_STATUS {volume=volume65627, bucket=bucket59265, key=.Trash/runner/Current/testKey1, dataSize=0, replicationConfig=null} | ret=FAILURE
org.apache.hadoop.ozone.om.exceptions.OMException: Unable to get file status: volume: volume65627 bucket: bucket59265 key: .Trash/runner/Current/testKey1
	at org.apache.hadoop.ozone.om.KeyManagerImpl.getOzoneFileStatus(KeyManagerImpl.java:1195) ~[ozone-manager-1.4.0-SNAPSHOT.jar:?]
	at org.apache.hadoop.ozone.om.KeyManagerImpl.getFileStatus(KeyManagerImpl.java:1113) ~[ozone-manager-1.4.0-SNAPSHOT.jar:?]
	at org.apache.hadoop.ozone.om.OmMetadataReader.getFileStatus(OmMetadataReader.java:262) ~[ozone-manager-1.4.0-SNAPSHOT.jar:?]
	at org.apache.hadoop.ozone.om.OzoneManager.getFileStatus(OzoneManager.java:3530) ~[ozone-manager-1.4.0-SNAPSHOT.jar:?]
	at org.apache.hadoop.ozone.protocolPB.OzoneManagerRequestHandler.getOzoneFileStatus(OzoneManagerRequestHandler.java:973) ~[ozone-manager-1.4.0-SNAPSHOT.jar:?]
	at org.apache.hadoop.ozone.protocolPB.OzoneManagerRequestHandler.handleReadRequest(OzoneManagerRequestHandler.java:252) ~[ozone-manager-1.4.0-SNAPSHOT.jar:?]
	at org.apache.hadoop.ozone.protocolPB.OzoneManagerProtocolServerSideTranslatorPB.submitRequestDirectlyToOM(OzoneManagerProtocolServerSideTranslatorPB.java:274) ~[ozone-manager-1.4.0-SNAPSHOT.jar:?]
	at org.apache.hadoop.ozone.protocolPB.OzoneManagerProtocolServerSideTranslatorPB.processRequest(OzoneManagerProtocolServerSideTranslatorPB.java:175) ~[ozone-manager-1.4.0-SNAPSHOT.jar:?]
	at org.apache.hadoop.hdds.server.OzoneProtocolMessageDispatcher.processRequest(OzoneProtocolMessageDispatcher.java:87) [hdds-server-framework-1.4.0-SNAPSHOT.jar:?]
	at org.apache.hadoop.ozone.protocolPB.OzoneManagerProtocolServerSideTranslatorPB.submitRequest(OzoneManagerProtocolServerSideTranslatorPB.java:148) [ozone-manager-1.4.0-SNAPSHOT.jar:?]
	at org.apache.hadoop.ozone.protocol.proto.OzoneManagerProtocolProtos$OzoneManagerService$2.callBlockingMethod(OzoneManagerProtocolProtos.java) [ozone-interface-client-1.4.0-SNAPSHOT.jar:?]
	at org.apache.hadoop.ipc.ProtobufRpcEngine$Server.processCall(ProtobufRpcEngine.java:484) [hadoop-common-3.3.6.jar:?]
	at org.apache.hadoop.ipc.ProtobufRpcEngine2$Server$ProtoBufRpcInvoker.call(ProtobufRpcEngine2.java:595) [hadoop-common-3.3.6.jar:?]
	at org.apache.hadoop.ipc.ProtobufRpcEngine2$Server$ProtoBufRpcInvoker.call(ProtobufRpcEngine2.java:573) [hadoop-common-3.3.6.jar:?]
	at org.apache.hadoop.ipc.RPC$Server.call(RPC.java:1227) [hadoop-common-3.3.6.jar:?]
	at org.apache.hadoop.ipc.Server$RpcCall.run(Server.java:1094) [hadoop-common-3.3.6.jar:?]
	at org.apache.hadoop.ipc.Server$RpcCall.run(Server.java:1017) [hadoop-common-3.3.6.jar:?]
	at java.security.AccessController.doPrivileged(Native Method) ~[?:1.8.0_382]
	at javax.security.auth.Subject.doAs(Subject.java:422) [?:1.8.0_382]
	at org.apache.hadoop.security.UserGroupInformation.doAs(UserGroupInformation.java:1899) [hadoop-common-3.3.6.jar:?]
	at org.apache.hadoop.ipc.Server$Handler.run(Server.java:3048) [hadoop-common-3.3.6.jar:?]
18:22:15.896 [IPC Server handler 6 on default port 15163] ERROR OMAudit - user=runner | ip=127.0.0.1 | op=GET_FILE_STATUS {volume=volume65627, bucket=bucket59265, key=.Trash/runner/Current/testKey1, dataSize=0, replicationConfig=null} | ret=FAILURE
org.apache.hadoop.ozone.om.exceptions.OMException: Unable to get file status: volume: volume65627 bucket: bucket59265 key: .Trash/runner/Current/testKey1
	at org.apache.hadoop.ozone.om.KeyManagerImpl.getOzoneFileStatus(KeyManagerImpl.java:1195) ~[ozone-manager-1.4.0-SNAPSHOT.jar:?]
	at org.apache.hadoop.ozone.om.KeyManagerImpl.getFileStatus(KeyManagerImpl.java:1113) ~[ozone-manager-1.4.0-SNAPSHOT.jar:?]
	at org.apache.hadoop.ozone.om.OmMetadataReader.getFileStatus(OmMetadataReader.java:262) ~[ozone-manager-1.4.0-SNAPSHOT.jar:?]
	at org.apache.hadoop.ozone.om.OzoneManager.getFileStatus(OzoneManager.java:3530) ~[ozone-manager-1.4.0-SNAPSHOT.jar:?]
	at org.apache.hadoop.ozone.protocolPB.OzoneManagerRequestHandler.getOzoneFileStatus(OzoneManagerRequestHandler.java:973) ~[ozone-manager-1.4.0-SNAPSHOT.jar:?]
	at org.apache.hadoop.ozone.protocolPB.OzoneManagerRequestHandler.handleReadRequest(OzoneManagerRequestHandler.java:252) ~[ozone-manager-1.4.0-SNAPSHOT.jar:?]
	at org.apache.hadoop.ozone.protocolPB.OzoneManagerProtocolServerSideTranslatorPB.submitRequestDirectlyToOM(OzoneManagerProtocolServerSideTranslatorPB.java:274) ~[ozone-manager-1.4.0-SNAPSHOT.jar:?]
	at org.apache.hadoop.ozone.protocolPB.OzoneManagerProtocolServerSideTranslatorPB.processRequest(OzoneManagerProtocolServerSideTranslatorPB.java:175) ~[ozone-manager-1.4.0-SNAPSHOT.jar:?]
	at org.apache.hadoop.hdds.server.OzoneProtocolMessageDispatcher.processRequest(OzoneProtocolMessageDispatcher.java:87) [hdds-server-framework-1.4.0-SNAPSHOT.jar:?]
	at org.apache.hadoop.ozone.protocolPB.OzoneManagerProtocolServerSideTranslatorPB.submitRequest(OzoneManagerProtocolServerSideTranslatorPB.java:148) [ozone-manager-1.4.0-SNAPSHOT.jar:?]
	at org.apache.hadoop.ozone.protocol.proto.OzoneManagerProtocolProtos$OzoneManagerService$2.callBlockingMethod(OzoneManagerProtocolProtos.java) [ozone-interface-client-1.4.0-SNAPSHOT.jar:?]
	at org.apache.hadoop.ipc.ProtobufRpcEngine$Server.processCall(ProtobufRpcEngine.java:484) [hadoop-common-3.3.6.jar:?]
	at org.apache.hadoop.ipc.ProtobufRpcEngine2$Server$ProtoBufRpcInvoker.call(ProtobufRpcEngine2.java:595) [hadoop-common-3.3.6.jar:?]
	at org.apache.hadoop.ipc.ProtobufRpcEngine2$Server$ProtoBufRpcInvoker.call(ProtobufRpcEngine2.java:573) [hadoop-common-3.3.6.jar:?]
	at org.apache.hadoop.ipc.RPC$Server.call(RPC.java:1227) [hadoop-common-3.3.6.jar:?]
	at org.apache.hadoop.ipc.Server$RpcCall.run(Server.java:1094) [hadoop-common-3.3.6.jar:?]
	at org.apache.hadoop.ipc.Server$RpcCall.run(Server.java:1017) [hadoop-common-3.3.6.jar:?]
	at java.security.AccessController.doPrivileged(Native Method) ~[?:1.8.0_382]
	at javax.security.auth.Subject.doAs(Subject.java:422) [?:1.8.0_382]
	at org.apache.hadoop.security.UserGroupInformation.doAs(UserGroupInformation.java:1899) [hadoop-common-3.3.6.jar:?]
	at org.apache.hadoop.ipc.Server$Handler.run(Server.java:3048) [hadoop-common-3.3.6.jar:?]
2023-08-31 18:22:15,903 [Time-limited test] INFO  om.TrashPolicyOzone (TrashPolicyOzone.java:moveToTrash(209)) - Moved: '/testKey1' to trash at: /.Trash/runner/Current/testKey1
]]></system-out>
  </testcase>
  <testcase name="testListStatusWithIntermediateDir" classname="TestOzoneFileSystem" time="0.045"/>
  <testcase name="testListStatusWithIntermediateDir" classname="TestOzoneFileSystem" time="0.046"/>
  <testcase name="testListStatusWithIntermediateDir" classname="TestOzoneFileSystem" time="0.055"/>
  <testcase name="testListStatusWithIntermediateDir" classname="TestOzoneFileSystem" time="0.043"/>
  <testcase name="testRenameSourceAndDestinAreSame" classname="TestOzoneFileSystem" time="0.029"/>
  <testcase name="testRenameSourceAndDestinAreSame" classname="TestOzoneFileSystem" time="0.029"/>
  <testcase name="testRenameSourceAndDestinAreSame" classname="TestOzoneFileSystem" time="0.028"/>
  <testcase name="testRenameSourceAndDestinAreSame" classname="TestOzoneFileSystem" time="0.028"/>
  <testcase name="testListStatusIteratorWithDir" classname="TestOzoneFileSystem" time="0.068"/>
  <testcase name="testListStatusIteratorWithDir" classname="TestOzoneFileSystem" time="0.061"/>
  <testcase name="testListStatusIteratorWithDir" classname="TestOzoneFileSystem" time="0.062"/>
  <testcase name="testListStatusIteratorWithDir" classname="TestOzoneFileSystem" time="0.063"/>
  <testcase name="testListStatusOnLargeDirectory" classname="TestOzoneFileSystem" time="11.448"/>
  <testcase name="testListStatusOnLargeDirectory" classname="TestOzoneFileSystem" time="8.442">
    <system-out><![CDATA[2023-08-31 18:19:31,681 [BlockDeletingService#0] INFO  interfaces.ContainerDeletionChoosingPolicyTemplate (ContainerDeletionChoosingPolicyTemplate.java:chooseContainerForBlockDeletion(85)) - Chosen 0/5000 blocks from 0 candidate containers.
2023-08-31 18:19:31,994 [BlockDeletingService#0] INFO  interfaces.ContainerDeletionChoosingPolicyTemplate (ContainerDeletionChoosingPolicyTemplate.java:chooseContainerForBlockDeletion(85)) - Chosen 0/5000 blocks from 0 candidate containers.
2023-08-31 18:19:32,383 [BlockDeletingService#0] INFO  interfaces.ContainerDeletionChoosingPolicyTemplate (ContainerDeletionChoosingPolicyTemplate.java:chooseContainerForBlockDeletion(85)) - Chosen 0/5000 blocks from 0 candidate containers.
2023-08-31 18:19:32,731 [BlockDeletingService#0] INFO  interfaces.ContainerDeletionChoosingPolicyTemplate (ContainerDeletionChoosingPolicyTemplate.java:chooseContainerForBlockDeletion(85)) - Chosen 0/5000 blocks from 0 candidate containers.
2023-08-31 18:19:33,098 [BlockDeletingService#0] INFO  interfaces.ContainerDeletionChoosingPolicyTemplate (ContainerDeletionChoosingPolicyTemplate.java:chooseContainerForBlockDeletion(85)) - Chosen 0/5000 blocks from 0 candidate containers.
]]></system-out>
  </testcase>
  <testcase name="testListStatusOnLargeDirectory" classname="TestOzoneFileSystem" time="10.108"/>
  <testcase name="testListStatusOnLargeDirectory" classname="TestOzoneFileSystem" time="8.314">
    <system-out><![CDATA[2023-08-31 18:22:17,088 [IPC Server handler 1 on default port 15160] INFO  ha.SequenceIdGenerator (SequenceIdGenerator.java:getNextId(140)) - Allocate a batch for delTxnId, change lastId from 0 to 1000.
2023-08-31 18:22:19,544 [BlockDeletingService#0] INFO  interfaces.ContainerDeletionChoosingPolicyTemplate (ContainerDeletionChoosingPolicyTemplate.java:chooseContainerForBlockDeletion(85)) - Chosen 0/5000 blocks from 0 candidate containers.
2023-08-31 18:22:19,677 [JvmPauseMonitor27] WARN  util.JvmPauseMonitor (JvmPauseMonitor.java:detectPause(124)) - JvmPauseMonitor-70431532-c8b0-4eb5-b15a-8b1673de781b: Detected pause in JVM or host machine approximately 0.113s with 0.127s GC time.
GC pool 'PS Scavenge' had collection(s): count=1 time=127ms
2023-08-31 18:22:19,677 [JvmPauseMonitor24] WARN  util.JvmPauseMonitor (JvmPauseMonitor.java:detectPause(124)) - JvmPauseMonitor-960d1597-fbff-49c3-85b3-41c3f78a7ab6: Detected pause in JVM or host machine approximately 0.118s with 0.127s GC time.
GC pool 'PS Scavenge' had collection(s): count=1 time=127ms
2023-08-31 18:22:19,677 [JvmPauseMonitor25] WARN  util.JvmPauseMonitor (JvmPauseMonitor.java:detectPause(124)) - JvmPauseMonitor-1126cc3a-7ff0-4671-a31f-fd81ce02ef68: Detected pause in JVM or host machine approximately 0.119s with 0.127s GC time.
GC pool 'PS Scavenge' had collection(s): count=1 time=127ms
2023-08-31 18:22:19,677 [JvmPauseMonitor22] WARN  util.JvmPauseMonitor (JvmPauseMonitor.java:detectPause(124)) - JvmPauseMonitor-a142f36d-5b04-4065-aba3-a70417595805: Detected pause in JVM or host machine approximately 0.119s with 0.127s GC time.
GC pool 'PS Scavenge' had collection(s): count=1 time=127ms
2023-08-31 18:22:19,677 [JvmPauseMonitor21] WARN  util.JvmPauseMonitor (JvmPauseMonitor.java:detectPause(124)) - JvmPauseMonitor-1769c41b-4468-4381-81d5-31e55c4563c5: Detected pause in JVM or host machine approximately 0.119s with 0.127s GC time.
GC pool 'PS Scavenge' had collection(s): count=1 time=127ms
2023-08-31 18:22:19,678 [JvmPauseMonitor26] WARN  util.JvmPauseMonitor (JvmPauseMonitor.java:detectPause(124)) - JvmPauseMonitor-85b0bed5-4d1d-45f9-8f71-740e9dd12c61: Detected pause in JVM or host machine approximately 0.119s with 0.127s GC time.
GC pool 'PS Scavenge' had collection(s): count=1 time=127ms
2023-08-31 18:22:19,677 [JvmPauseMonitor23] WARN  util.JvmPauseMonitor (JvmPauseMonitor.java:detectPause(124)) - JvmPauseMonitor-626d1c86-c74d-4c1d-990a-e37ed735d25b: Detected pause in JVM or host machine approximately 0.118s with 0.127s GC time.
GC pool 'PS Scavenge' had collection(s): count=1 time=127ms
2023-08-31 18:22:19,873 [BlockDeletingService#0] INFO  interfaces.ContainerDeletionChoosingPolicyTemplate (ContainerDeletionChoosingPolicyTemplate.java:chooseContainerForBlockDeletion(85)) - Chosen 0/5000 blocks from 0 candidate containers.
2023-08-31 18:22:20,238 [BlockDeletingService#0] INFO  interfaces.ContainerDeletionChoosingPolicyTemplate (ContainerDeletionChoosingPolicyTemplate.java:chooseContainerForBlockDeletion(85)) - Chosen 0/5000 blocks from 0 candidate containers.
2023-08-31 18:22:20,563 [BlockDeletingService#0] INFO  interfaces.ContainerDeletionChoosingPolicyTemplate (ContainerDeletionChoosingPolicyTemplate.java:chooseContainerForBlockDeletion(85)) - Chosen 0/5000 blocks from 0 candidate containers.
2023-08-31 18:22:20,899 [BlockDeletingService#0] INFO  interfaces.ContainerDeletionChoosingPolicyTemplate (ContainerDeletionChoosingPolicyTemplate.java:chooseContainerForBlockDeletion(85)) - Chosen 0/5000 blocks from 0 candidate containers.
]]></system-out>
  </testcase>
  <testcase name="testFileSystemDeclaresCapability" classname="TestOzoneFileSystem" time="0.014"/>
  <testcase name="testFileSystemDeclaresCapability" classname="TestOzoneFileSystem" time="0.011"/>
  <testcase name="testFileSystemDeclaresCapability" classname="TestOzoneFileSystem" time="0.011"/>
  <testcase name="testFileSystemDeclaresCapability" classname="TestOzoneFileSystem" time="0.011"/>
  <testcase name="testCreateKeyShouldUseRefreshedBucketReplicationConfig" classname="TestOzoneFileSystem" time="0.396">
    <system-out><![CDATA[2023-08-31 18:18:16,732 [Time-limited test] INFO  rpc.RpcClient (RpcClient.java:createVolume(461)) - Creating Volume: volume12070, with user77948 as owner and space quota set to -1 bytes, counts quota set to -1
2023-08-31 18:18:16,739 [OM StateMachine ApplyTransaction Thread - 0] INFO  volume.OMVolumeCreateRequest (OMVolumeCreateRequest.java:validateAndUpdateCache(196)) - created volume:volume12070 for user:user77948
2023-08-31 18:18:16,747 [Time-limited test] INFO  rpc.RpcClient (RpcClient.java:createBucket(688)) - Creating Bucket: volume12070/bucket92322, with bucket layout LEGACY, runner as owner, Versioning false, Storage Type set to DISK and Encryption set to false, Replication Type set to server-side default replication type, Namespace Quota set to -1, Space Quota set to -1 
2023-08-31 18:18:16,750 [OM StateMachine ApplyTransaction Thread - 0] INFO  bucket.OMBucketCreateRequest (OMBucketCreateRequest.java:validateAndUpdateCache(270)) - created bucket: bucket92322 of layout LEGACY in volume: volume12070
2023-08-31 18:18:16,851 [IPC Server handler 14 on default port 15001] INFO  algorithms.SCMContainerPlacementRackScatter (SCMContainerPlacementRackScatter.java:chooseDatanodesInternal(362)) - Chosen nodes: [a52d6cdf-59e1-461e-b8c6-37ccdacf9b29(fv-az1129-899/10.1.0.8), 02e5811a-aac7-41e1-9b10-ccc4a1a85e2b(fv-az1129-899/10.1.0.8), 936500de-6a46-404e-9e6e-74d5223834e1(fv-az1129-899/10.1.0.8), 31d6a482-7e3d-487d-933c-c96d7f47fcbe(fv-az1129-899/10.1.0.8), af03fb12-d9eb-460d-bf82-fc984684bc2c(fv-az1129-899/10.1.0.8)]. isPolicySatisfied: true.
2023-08-31 18:18:16,854 [IPC Server handler 14 on default port 15001] INFO  pipeline.WritableECContainerProvider (WritableECContainerProvider.java:allocateContainer(211)) - Created and opened new pipeline Pipeline[ Id: 2c3fe639-2d22-46f9-a2bd-ca556c3e77a0, Nodes: a52d6cdf-59e1-461e-b8c6-37ccdacf9b29(fv-az1129-899/10.1.0.8)02e5811a-aac7-41e1-9b10-ccc4a1a85e2b(fv-az1129-899/10.1.0.8)936500de-6a46-404e-9e6e-74d5223834e1(fv-az1129-899/10.1.0.8)31d6a482-7e3d-487d-933c-c96d7f47fcbe(fv-az1129-899/10.1.0.8)af03fb12-d9eb-460d-bf82-fc984684bc2c(fv-az1129-899/10.1.0.8), ReplicationConfig: EC{rs-3-2-1024k}, State:ALLOCATED, leaderId:, CreationTimestamp2023-08-31T18:18:16.851Z[Etc/UTC]]
2023-08-31 18:18:16,925 [Time-limited test] WARN  erasurecode.ErasureCodeNative (ErasureCodeNative.java:<clinit>(55)) - ISA-L support is not available in your platform... using builtin-java codec where applicable
2023-08-31 18:18:17,054 [IPC Server handler 13 on default port 15001] INFO  algorithms.SCMContainerPlacementRackScatter (SCMContainerPlacementRackScatter.java:chooseDatanodesInternal(362)) - Chosen nodes: [936500de-6a46-404e-9e6e-74d5223834e1(fv-az1129-899/10.1.0.8), 31d6a482-7e3d-487d-933c-c96d7f47fcbe(fv-az1129-899/10.1.0.8), a52d6cdf-59e1-461e-b8c6-37ccdacf9b29(fv-az1129-899/10.1.0.8), 02e5811a-aac7-41e1-9b10-ccc4a1a85e2b(fv-az1129-899/10.1.0.8), af03fb12-d9eb-460d-bf82-fc984684bc2c(fv-az1129-899/10.1.0.8)]. isPolicySatisfied: true.
2023-08-31 18:18:17,056 [IPC Server handler 13 on default port 15001] INFO  pipeline.WritableECContainerProvider (WritableECContainerProvider.java:allocateContainer(211)) - Created and opened new pipeline Pipeline[ Id: a760b224-70d2-4c82-8771-7ef1f6ed1e56, Nodes: 936500de-6a46-404e-9e6e-74d5223834e1(fv-az1129-899/10.1.0.8)31d6a482-7e3d-487d-933c-c96d7f47fcbe(fv-az1129-899/10.1.0.8)a52d6cdf-59e1-461e-b8c6-37ccdacf9b29(fv-az1129-899/10.1.0.8)02e5811a-aac7-41e1-9b10-ccc4a1a85e2b(fv-az1129-899/10.1.0.8)af03fb12-d9eb-460d-bf82-fc984684bc2c(fv-az1129-899/10.1.0.8), ReplicationConfig: EC{rs-3-2-1024k}, State:ALLOCATED, leaderId:, CreationTimestamp2023-08-31T18:18:17.054Z[Etc/UTC]]
]]></system-out>
  </testcase>
  <testcase name="testCreateKeyShouldUseRefreshedBucketReplicationConfig" classname="TestOzoneFileSystem" time="0.131">
    <system-out><![CDATA[2023-08-31 18:19:39,221 [Time-limited test] INFO  rpc.RpcClient (RpcClient.java:createVolume(461)) - Creating Volume: volume87552, with user66783 as owner and space quota set to -1 bytes, counts quota set to -1
2023-08-31 18:19:39,223 [IPC Server handler 7 on default port 15057] INFO  volume.OMVolumeCreateRequest (OMVolumeCreateRequest.java:validateAndUpdateCache(196)) - created volume:volume87552 for user:user66783
2023-08-31 18:19:39,224 [Time-limited test] INFO  rpc.RpcClient (RpcClient.java:createBucket(688)) - Creating Bucket: volume87552/bucket63309, with bucket layout LEGACY, runner as owner, Versioning false, Storage Type set to DISK and Encryption set to false, Replication Type set to server-side default replication type, Namespace Quota set to -1, Space Quota set to -1 
2023-08-31 18:19:39,225 [IPC Server handler 2 on default port 15057] INFO  bucket.OMBucketCreateRequest (OMBucketCreateRequest.java:validateAndUpdateCache(270)) - created bucket: bucket63309 of layout LEGACY in volume: volume87552
2023-08-31 18:19:39,257 [IPC Server handler 0 on default port 15054] INFO  algorithms.SCMContainerPlacementRackScatter (SCMContainerPlacementRackScatter.java:chooseDatanodesInternal(362)) - Chosen nodes: [e76cb950-c142-4f99-9c9f-92ec0583573f(fv-az1129-899/10.1.0.8), 9837b75f-f89f-41e6-b8da-41fb6e633a75(fv-az1129-899/10.1.0.8), 55a42498-51b5-4c22-a6d0-b6e523d26bd9(fv-az1129-899/10.1.0.8), 9288cb02-3403-47c3-90d0-5e59a32e5c49(fv-az1129-899/10.1.0.8), 8ed59791-7601-47e5-a424-1bf234fecffd(fv-az1129-899/10.1.0.8)]. isPolicySatisfied: true.
2023-08-31 18:19:39,259 [IPC Server handler 0 on default port 15054] INFO  pipeline.WritableECContainerProvider (WritableECContainerProvider.java:allocateContainer(211)) - Created and opened new pipeline Pipeline[ Id: 3b1bb6ad-4127-4965-8612-f17720bb59fc, Nodes: e76cb950-c142-4f99-9c9f-92ec0583573f(fv-az1129-899/10.1.0.8)9837b75f-f89f-41e6-b8da-41fb6e633a75(fv-az1129-899/10.1.0.8)55a42498-51b5-4c22-a6d0-b6e523d26bd9(fv-az1129-899/10.1.0.8)9288cb02-3403-47c3-90d0-5e59a32e5c49(fv-az1129-899/10.1.0.8)8ed59791-7601-47e5-a424-1bf234fecffd(fv-az1129-899/10.1.0.8), ReplicationConfig: EC{rs-3-2-1024k}, State:ALLOCATED, leaderId:, CreationTimestamp2023-08-31T18:19:39.257Z[Etc/UTC]]
2023-08-31 18:19:39,292 [IPC Server handler 1 on default port 15054] INFO  algorithms.SCMContainerPlacementRackScatter (SCMContainerPlacementRackScatter.java:chooseDatanodesInternal(362)) - Chosen nodes: [55a42498-51b5-4c22-a6d0-b6e523d26bd9(fv-az1129-899/10.1.0.8), 9288cb02-3403-47c3-90d0-5e59a32e5c49(fv-az1129-899/10.1.0.8), e76cb950-c142-4f99-9c9f-92ec0583573f(fv-az1129-899/10.1.0.8), 9837b75f-f89f-41e6-b8da-41fb6e633a75(fv-az1129-899/10.1.0.8), 8ed59791-7601-47e5-a424-1bf234fecffd(fv-az1129-899/10.1.0.8)]. isPolicySatisfied: true.
2023-08-31 18:19:39,293 [IPC Server handler 1 on default port 15054] INFO  pipeline.WritableECContainerProvider (WritableECContainerProvider.java:allocateContainer(211)) - Created and opened new pipeline Pipeline[ Id: de6fec94-58cb-4daa-9525-ef1baab1babd, Nodes: 55a42498-51b5-4c22-a6d0-b6e523d26bd9(fv-az1129-899/10.1.0.8)9288cb02-3403-47c3-90d0-5e59a32e5c49(fv-az1129-899/10.1.0.8)e76cb950-c142-4f99-9c9f-92ec0583573f(fv-az1129-899/10.1.0.8)9837b75f-f89f-41e6-b8da-41fb6e633a75(fv-az1129-899/10.1.0.8)8ed59791-7601-47e5-a424-1bf234fecffd(fv-az1129-899/10.1.0.8), ReplicationConfig: EC{rs-3-2-1024k}, State:ALLOCATED, leaderId:, CreationTimestamp2023-08-31T18:19:39.292Z[Etc/UTC]]
]]></system-out>
  </testcase>
  <testcase name="testCreateKeyShouldUseRefreshedBucketReplicationConfig" classname="TestOzoneFileSystem" time="0.161">
    <system-out><![CDATA[2023-08-31 18:21:06,974 [Time-limited test] INFO  rpc.RpcClient (RpcClient.java:createVolume(461)) - Creating Volume: volume08712, with user36952 as owner and space quota set to -1 bytes, counts quota set to -1
2023-08-31 18:21:06,986 [OM StateMachine ApplyTransaction Thread - 0] INFO  volume.OMVolumeCreateRequest (OMVolumeCreateRequest.java:validateAndUpdateCache(196)) - created volume:volume08712 for user:user36952
2023-08-31 18:21:06,988 [Time-limited test] INFO  rpc.RpcClient (RpcClient.java:createBucket(688)) - Creating Bucket: volume08712/bucket84418, with bucket layout LEGACY, runner as owner, Versioning false, Storage Type set to DISK and Encryption set to false, Replication Type set to server-side default replication type, Namespace Quota set to -1, Space Quota set to -1 
2023-08-31 18:21:06,989 [OM StateMachine ApplyTransaction Thread - 0] INFO  bucket.OMBucketCreateRequest (OMBucketCreateRequest.java:validateAndUpdateCache(270)) - created bucket: bucket84418 of layout LEGACY in volume: volume08712
2023-08-31 18:21:07,031 [IPC Server handler 18 on default port 15107] INFO  algorithms.SCMContainerPlacementRackScatter (SCMContainerPlacementRackScatter.java:chooseDatanodesInternal(362)) - Chosen nodes: [14fa2eac-e184-46cf-8dd5-e89808402331(fv-az1129-899/10.1.0.8), cea0c109-6e95-4b2c-982c-0dc77a608767(fv-az1129-899/10.1.0.8), 2b1a9455-1161-459a-84a9-9731b4638bee(fv-az1129-899/10.1.0.8), b680699b-c9cb-4670-83ba-783bfe62cfe5(fv-az1129-899/10.1.0.8), 431b9c6f-d536-4d0f-be3d-601c32ccf3d0(fv-az1129-899/10.1.0.8)]. isPolicySatisfied: true.
2023-08-31 18:21:07,033 [IPC Server handler 18 on default port 15107] INFO  pipeline.WritableECContainerProvider (WritableECContainerProvider.java:allocateContainer(211)) - Created and opened new pipeline Pipeline[ Id: 89b9000c-0caf-4e4c-b60c-c00dfb54af91, Nodes: 14fa2eac-e184-46cf-8dd5-e89808402331(fv-az1129-899/10.1.0.8)cea0c109-6e95-4b2c-982c-0dc77a608767(fv-az1129-899/10.1.0.8)2b1a9455-1161-459a-84a9-9731b4638bee(fv-az1129-899/10.1.0.8)b680699b-c9cb-4670-83ba-783bfe62cfe5(fv-az1129-899/10.1.0.8)431b9c6f-d536-4d0f-be3d-601c32ccf3d0(fv-az1129-899/10.1.0.8), ReplicationConfig: EC{rs-3-2-1024k}, State:ALLOCATED, leaderId:, CreationTimestamp2023-08-31T18:21:07.032Z[Etc/UTC]]
2023-08-31 18:21:07,068 [IPC Server handler 19 on default port 15107] INFO  algorithms.SCMContainerPlacementRackScatter (SCMContainerPlacementRackScatter.java:chooseDatanodesInternal(362)) - Chosen nodes: [2b1a9455-1161-459a-84a9-9731b4638bee(fv-az1129-899/10.1.0.8), cea0c109-6e95-4b2c-982c-0dc77a608767(fv-az1129-899/10.1.0.8), 431b9c6f-d536-4d0f-be3d-601c32ccf3d0(fv-az1129-899/10.1.0.8), b680699b-c9cb-4670-83ba-783bfe62cfe5(fv-az1129-899/10.1.0.8), 14fa2eac-e184-46cf-8dd5-e89808402331(fv-az1129-899/10.1.0.8)]. isPolicySatisfied: true.
2023-08-31 18:21:07,070 [IPC Server handler 19 on default port 15107] INFO  pipeline.WritableECContainerProvider (WritableECContainerProvider.java:allocateContainer(211)) - Created and opened new pipeline Pipeline[ Id: a713b787-418e-48c7-a12c-7f0c801f32f3, Nodes: 2b1a9455-1161-459a-84a9-9731b4638bee(fv-az1129-899/10.1.0.8)cea0c109-6e95-4b2c-982c-0dc77a608767(fv-az1129-899/10.1.0.8)431b9c6f-d536-4d0f-be3d-601c32ccf3d0(fv-az1129-899/10.1.0.8)b680699b-c9cb-4670-83ba-783bfe62cfe5(fv-az1129-899/10.1.0.8)14fa2eac-e184-46cf-8dd5-e89808402331(fv-az1129-899/10.1.0.8), ReplicationConfig: EC{rs-3-2-1024k}, State:ALLOCATED, leaderId:, CreationTimestamp2023-08-31T18:21:07.068Z[Etc/UTC]]
]]></system-out>
  </testcase>
  <testcase name="testCreateKeyShouldUseRefreshedBucketReplicationConfig" classname="TestOzoneFileSystem" time="0.162">
    <system-out><![CDATA[2023-08-31 18:22:24,420 [Time-limited test] INFO  rpc.RpcClient (RpcClient.java:createVolume(461)) - Creating Volume: volume72886, with user85831 as owner and space quota set to -1 bytes, counts quota set to -1
2023-08-31 18:22:24,421 [IPC Server handler 0 on default port 15163] INFO  volume.OMVolumeCreateRequest (OMVolumeCreateRequest.java:validateAndUpdateCache(196)) - created volume:volume72886 for user:user85831
2023-08-31 18:22:24,425 [Time-limited test] INFO  rpc.RpcClient (RpcClient.java:createBucket(688)) - Creating Bucket: volume72886/bucket20165, with bucket layout LEGACY, runner as owner, Versioning false, Storage Type set to DISK and Encryption set to false, Replication Type set to server-side default replication type, Namespace Quota set to -1, Space Quota set to -1 
2023-08-31 18:22:24,426 [IPC Server handler 4 on default port 15163] INFO  bucket.OMBucketCreateRequest (OMBucketCreateRequest.java:validateAndUpdateCache(270)) - created bucket: bucket20165 of layout LEGACY in volume: volume72886
2023-08-31 18:22:24,464 [IPC Server handler 18 on default port 15160] INFO  algorithms.SCMContainerPlacementRackScatter (SCMContainerPlacementRackScatter.java:chooseDatanodesInternal(362)) - Chosen nodes: [70431532-c8b0-4eb5-b15a-8b1673de781b(fv-az1129-899/10.1.0.8), 85b0bed5-4d1d-45f9-8f71-740e9dd12c61(fv-az1129-899/10.1.0.8), 626d1c86-c74d-4c1d-990a-e37ed735d25b(fv-az1129-899/10.1.0.8), 960d1597-fbff-49c3-85b3-41c3f78a7ab6(fv-az1129-899/10.1.0.8), 1126cc3a-7ff0-4671-a31f-fd81ce02ef68(fv-az1129-899/10.1.0.8)]. isPolicySatisfied: true.
2023-08-31 18:22:24,466 [IPC Server handler 18 on default port 15160] INFO  pipeline.WritableECContainerProvider (WritableECContainerProvider.java:allocateContainer(211)) - Created and opened new pipeline Pipeline[ Id: 4e534f17-bf6c-470c-8a25-714340dea6c8, Nodes: 70431532-c8b0-4eb5-b15a-8b1673de781b(fv-az1129-899/10.1.0.8)85b0bed5-4d1d-45f9-8f71-740e9dd12c61(fv-az1129-899/10.1.0.8)626d1c86-c74d-4c1d-990a-e37ed735d25b(fv-az1129-899/10.1.0.8)960d1597-fbff-49c3-85b3-41c3f78a7ab6(fv-az1129-899/10.1.0.8)1126cc3a-7ff0-4671-a31f-fd81ce02ef68(fv-az1129-899/10.1.0.8), ReplicationConfig: EC{rs-3-2-1024k}, State:ALLOCATED, leaderId:, CreationTimestamp2023-08-31T18:22:24.465Z[Etc/UTC]]
2023-08-31 18:22:24,495 [IPC Server handler 16 on default port 15160] INFO  algorithms.SCMContainerPlacementRackScatter (SCMContainerPlacementRackScatter.java:chooseDatanodesInternal(362)) - Chosen nodes: [1126cc3a-7ff0-4671-a31f-fd81ce02ef68(fv-az1129-899/10.1.0.8), 70431532-c8b0-4eb5-b15a-8b1673de781b(fv-az1129-899/10.1.0.8), 960d1597-fbff-49c3-85b3-41c3f78a7ab6(fv-az1129-899/10.1.0.8), 85b0bed5-4d1d-45f9-8f71-740e9dd12c61(fv-az1129-899/10.1.0.8), 626d1c86-c74d-4c1d-990a-e37ed735d25b(fv-az1129-899/10.1.0.8)]. isPolicySatisfied: true.
2023-08-31 18:22:24,496 [IPC Server handler 16 on default port 15160] INFO  pipeline.WritableECContainerProvider (WritableECContainerProvider.java:allocateContainer(211)) - Created and opened new pipeline Pipeline[ Id: 325399c2-f449-47d9-a3a0-5611d3f1fb2c, Nodes: 1126cc3a-7ff0-4671-a31f-fd81ce02ef68(fv-az1129-899/10.1.0.8)70431532-c8b0-4eb5-b15a-8b1673de781b(fv-az1129-899/10.1.0.8)960d1597-fbff-49c3-85b3-41c3f78a7ab6(fv-az1129-899/10.1.0.8)85b0bed5-4d1d-45f9-8f71-740e9dd12c61(fv-az1129-899/10.1.0.8)626d1c86-c74d-4c1d-990a-e37ed735d25b(fv-az1129-899/10.1.0.8), ReplicationConfig: EC{rs-3-2-1024k}, State:ALLOCATED, leaderId:, CreationTimestamp2023-08-31T18:22:24.495Z[Etc/UTC]]
]]></system-out>
  </testcase>
  <testcase name="testListStatusIteratorOnRoot" classname="TestOzoneFileSystem" time="0.043"/>
  <testcase name="testListStatusIteratorOnRoot" classname="TestOzoneFileSystem" time="0.036"/>
  <testcase name="testListStatusIteratorOnRoot" classname="TestOzoneFileSystem" time="0.037"/>
  <testcase name="testListStatusIteratorOnRoot" classname="TestOzoneFileSystem" time="0.038"/>
  <testcase name="testRenameDirToFile" classname="TestOzoneFileSystem" time="0.041">
    <system-out><![CDATA[2023-08-31 18:18:17,172 [Time-limited test] WARN  ozone.BasicOzoneFileSystem (BasicOzoneFileSystem.java:rename(459)) - Failed to rename o3fs://bucket48122.volume59479/a/b/c to o3fs://bucket48122.volume59479/root/file1, file already exists!
]]></system-out>
  </testcase>
  <testcase name="testRenameDirToFile" classname="TestOzoneFileSystem" time="0.035">
    <system-out><![CDATA[2023-08-31 18:19:39,386 [Time-limited test] WARN  ozone.BasicOzoneFileSystem (BasicOzoneFileSystem.java:rename(459)) - Failed to rename o3fs://bucket38025.volume38115/a/b/c to o3fs://bucket38025.volume38115/root/file1, file already exists!
]]></system-out>
  </testcase>
  <testcase name="testRenameDirToFile" classname="TestOzoneFileSystem" time="0.043">
    <system-out><![CDATA[2023-08-31 18:21:07,175 [Time-limited test] WARN  ozone.BasicOzoneFileSystem (BasicOzoneFileSystem.java:rename(459)) - Failed to rename o3fs://bucket64934.volume40966/a/b/c to o3fs://bucket64934.volume40966/root/file1, file already exists!
]]></system-out>
  </testcase>
  <testcase name="testRenameDirToFile" classname="TestOzoneFileSystem" time="0.043">
    <system-out><![CDATA[2023-08-31 18:22:24,600 [Time-limited test] WARN  ozone.BasicOzoneFileSystem (BasicOzoneFileSystem.java:rename(459)) - Failed to rename o3fs://bucket59265.volume65627/a/b/c to o3fs://bucket59265.volume65627/root/file1, file already exists!
]]></system-out>
  </testcase>
  <testcase name="testRenameToNewSubDirShouldNotExist" classname="TestOzoneFileSystem" time="0.07">
    <system-out><![CDATA[2023-08-31 18:18:17,213 [Time-limited test] WARN  ozone.BasicOzoneFileSystem (BasicOzoneFileSystem.java:rename(453)) - Failed to rename o3fs://bucket48122.volume59479/a to o3fs://bucket48122.volume59479/b/a, file already exists or not empty!
2023-08-31 18:18:17,238 [Time-limited test] WARN  ozone.BasicOzoneFileSystem (BasicOzoneFileSystem.java:rename(453)) - Failed to rename o3fs://bucket48122.volume59479/file1 to o3fs://bucket48122.volume59479/a/file1, file already exists or not empty!
]]></system-out>
  </testcase>
  <testcase name="testRenameToNewSubDirShouldNotExist" classname="TestOzoneFileSystem" time="0.047">
    <system-out><![CDATA[2023-08-31 18:19:39,421 [Time-limited test] WARN  ozone.BasicOzoneFileSystem (BasicOzoneFileSystem.java:rename(453)) - Failed to rename o3fs://bucket38025.volume38115/a to o3fs://bucket38025.volume38115/b/a, file already exists or not empty!
2023-08-31 18:19:39,433 [Time-limited test] WARN  ozone.BasicOzoneFileSystem (BasicOzoneFileSystem.java:rename(453)) - Failed to rename o3fs://bucket38025.volume38115/file1 to o3fs://bucket38025.volume38115/a/file1, file already exists or not empty!
]]></system-out>
  </testcase>
  <testcase name="testRenameToNewSubDirShouldNotExist" classname="TestOzoneFileSystem" time="0.056">
    <system-out><![CDATA[2023-08-31 18:21:07,212 [Time-limited test] WARN  ozone.BasicOzoneFileSystem (BasicOzoneFileSystem.java:rename(453)) - Failed to rename o3fs://bucket64934.volume40966/a to o3fs://bucket64934.volume40966/b/a, file already exists or not empty!
2023-08-31 18:21:07,228 [Time-limited test] WARN  ozone.BasicOzoneFileSystem (BasicOzoneFileSystem.java:rename(453)) - Failed to rename o3fs://bucket64934.volume40966/file1 to o3fs://bucket64934.volume40966/a/file1, file already exists or not empty!
]]></system-out>
  </testcase>
  <testcase name="testRenameToNewSubDirShouldNotExist" classname="TestOzoneFileSystem" time="0.056">
    <system-out><![CDATA[2023-08-31 18:22:24,637 [Time-limited test] WARN  ozone.BasicOzoneFileSystem (BasicOzoneFileSystem.java:rename(453)) - Failed to rename o3fs://bucket59265.volume65627/a to o3fs://bucket59265.volume65627/b/a, file already exists or not empty!
2023-08-31 18:22:24,652 [Time-limited test] WARN  ozone.BasicOzoneFileSystem (BasicOzoneFileSystem.java:rename(453)) - Failed to rename o3fs://bucket59265.volume65627/file1 to o3fs://bucket59265.volume65627/a/file1, file already exists or not empty!
]]></system-out>
  </testcase>
  <testcase name="testListStatusOnLargeDirectoryForACLCheck" classname="TestOzoneFileSystem" time="5.471">
    <system-out><![CDATA[2023-08-31 18:18:22,643 [om1-client-thread1] INFO  segmented.SegmentedRaftLogWorker (SegmentedRaftLogWorker.java:rollLogSegment(452)) - om1@group-C5BA1605619E-SegmentedRaftLogWorker: Rolling segment log-0_36915 to index:36915
2023-08-31 18:18:22,645 [om1@group-C5BA1605619E-SegmentedRaftLogWorker] INFO  segmented.SegmentedRaftLogWorker (SegmentedRaftLogWorker.java:execute(608)) - om1@group-C5BA1605619E-SegmentedRaftLogWorker: Rolled log segment from /home/runner/work/ozone/ozone/hadoop-ozone/integration-test/target/test-dir/MiniOzoneClusterImpl-55bfc424-622c-4031-8e27-dd7ab017ec7d/ozone-meta/ratis/bf265839-605b-3f16-9796-c5ba1605619e/current/log_inprogress_0 to /home/runner/work/ozone/ozone/hadoop-ozone/integration-test/target/test-dir/MiniOzoneClusterImpl-55bfc424-622c-4031-8e27-dd7ab017ec7d/ozone-meta/ratis/bf265839-605b-3f16-9796-c5ba1605619e/current/log_0-36915
2023-08-31 18:18:22,659 [om1@group-C5BA1605619E-SegmentedRaftLogWorker] INFO  segmented.SegmentedRaftLogWorker (SegmentedRaftLogWorker.java:execute(651)) - om1@group-C5BA1605619E-SegmentedRaftLogWorker: created new log segment /home/runner/work/ozone/ozone/hadoop-ozone/integration-test/target/test-dir/MiniOzoneClusterImpl-55bfc424-622c-4031-8e27-dd7ab017ec7d/ozone-meta/ratis/bf265839-605b-3f16-9796-c5ba1605619e/current/log_inprogress_36916
]]></system-out>
  </testcase>
  <testcase name="testListStatusOnLargeDirectoryForACLCheck" classname="TestOzoneFileSystem" time="3.878"/>
  <testcase name="testListStatusOnLargeDirectoryForACLCheck" classname="TestOzoneFileSystem" time="4.074">
    <system-out><![CDATA[2023-08-31 18:21:11,227 [om1@group-C5BA1605619E-LeaderStateImpl] INFO  segmented.SegmentedRaftLogWorker (SegmentedRaftLogWorker.java:rollLogSegment(452)) - om1@group-C5BA1605619E-SegmentedRaftLogWorker: Rolling segment log-0_36891 to index:36891
2023-08-31 18:21:11,228 [om1@group-C5BA1605619E-SegmentedRaftLogWorker] INFO  segmented.SegmentedRaftLogWorker (SegmentedRaftLogWorker.java:execute(608)) - om1@group-C5BA1605619E-SegmentedRaftLogWorker: Rolled log segment from /home/runner/work/ozone/ozone/hadoop-ozone/integration-test/target/test-dir/MiniOzoneClusterImpl-03cba653-44d0-43b4-bc0f-a7205d2183ff/ozone-meta/ratis/bf265839-605b-3f16-9796-c5ba1605619e/current/log_inprogress_0 to /home/runner/work/ozone/ozone/hadoop-ozone/integration-test/target/test-dir/MiniOzoneClusterImpl-03cba653-44d0-43b4-bc0f-a7205d2183ff/ozone-meta/ratis/bf265839-605b-3f16-9796-c5ba1605619e/current/log_0-36891
2023-08-31 18:21:11,241 [om1@group-C5BA1605619E-SegmentedRaftLogWorker] INFO  segmented.SegmentedRaftLogWorker (SegmentedRaftLogWorker.java:execute(651)) - om1@group-C5BA1605619E-SegmentedRaftLogWorker: created new log segment /home/runner/work/ozone/ozone/hadoop-ozone/integration-test/target/test-dir/MiniOzoneClusterImpl-03cba653-44d0-43b4-bc0f-a7205d2183ff/ozone-meta/ratis/bf265839-605b-3f16-9796-c5ba1605619e/current/log_inprogress_36892
]]></system-out>
  </testcase>
  <testcase name="testListStatusOnLargeDirectoryForACLCheck" classname="TestOzoneFileSystem" time="3.956"/>
  <testcase name="testRenameFileToDir" classname="TestOzoneFileSystem" time="0.064">
    <system-out><![CDATA[18:18:22.755 [IPC Server handler 7 on default port 15004] ERROR OMAudit - user=runner | ip=127.0.0.1 | op=LIST_STATUS {volume=volume59479, bucket=bucket48122, key=a/b/c/file1, dataSize=0, replicationConfig=null} | ret=FAILURE
org.apache.hadoop.ozone.om.exceptions.OMException: Unable to get file status: volume: volume59479 bucket: bucket48122 key: a/b/c/file1
	at org.apache.hadoop.ozone.om.KeyManagerImpl.getOzoneFileStatus(KeyManagerImpl.java:1195) ~[ozone-manager-1.4.0-SNAPSHOT.jar:?]
	at org.apache.hadoop.ozone.om.KeyManagerImpl.getFileStatus(KeyManagerImpl.java:1113) ~[ozone-manager-1.4.0-SNAPSHOT.jar:?]
	at org.apache.hadoop.ozone.om.KeyManagerImpl.listStatus(KeyManagerImpl.java:1505) ~[ozone-manager-1.4.0-SNAPSHOT.jar:?]
	at org.apache.hadoop.ozone.om.OmMetadataReader.listStatus(OmMetadataReader.java:235) ~[ozone-manager-1.4.0-SNAPSHOT.jar:?]
	at org.apache.hadoop.ozone.om.OzoneManager.listStatus(OzoneManager.java:3560) ~[ozone-manager-1.4.0-SNAPSHOT.jar:?]
	at org.apache.hadoop.ozone.protocolPB.OzoneManagerRequestHandler.listStatus(OzoneManagerRequestHandler.java:1145) ~[ozone-manager-1.4.0-SNAPSHOT.jar:?]
	at org.apache.hadoop.ozone.protocolPB.OzoneManagerRequestHandler.handleReadRequest(OzoneManagerRequestHandler.java:263) ~[ozone-manager-1.4.0-SNAPSHOT.jar:?]
	at org.apache.hadoop.ozone.protocolPB.OzoneManagerProtocolServerSideTranslatorPB.submitReadRequestToOM(OzoneManagerProtocolServerSideTranslatorPB.java:225) ~[ozone-manager-1.4.0-SNAPSHOT.jar:?]
	at org.apache.hadoop.ozone.protocolPB.OzoneManagerProtocolServerSideTranslatorPB.processRequest(OzoneManagerProtocolServerSideTranslatorPB.java:179) ~[ozone-manager-1.4.0-SNAPSHOT.jar:?]
	at org.apache.hadoop.hdds.server.OzoneProtocolMessageDispatcher.processRequest(OzoneProtocolMessageDispatcher.java:87) [hdds-server-framework-1.4.0-SNAPSHOT.jar:?]
	at org.apache.hadoop.ozone.protocolPB.OzoneManagerProtocolServerSideTranslatorPB.submitRequest(OzoneManagerProtocolServerSideTranslatorPB.java:148) [ozone-manager-1.4.0-SNAPSHOT.jar:?]
	at org.apache.hadoop.ozone.protocol.proto.OzoneManagerProtocolProtos$OzoneManagerService$2.callBlockingMethod(OzoneManagerProtocolProtos.java) [ozone-interface-client-1.4.0-SNAPSHOT.jar:?]
	at org.apache.hadoop.ipc.ProtobufRpcEngine$Server.processCall(ProtobufRpcEngine.java:484) [hadoop-common-3.3.6.jar:?]
	at org.apache.hadoop.ipc.ProtobufRpcEngine2$Server$ProtoBufRpcInvoker.call(ProtobufRpcEngine2.java:595) [hadoop-common-3.3.6.jar:?]
	at org.apache.hadoop.ipc.ProtobufRpcEngine2$Server$ProtoBufRpcInvoker.call(ProtobufRpcEngine2.java:573) [hadoop-common-3.3.6.jar:?]
	at org.apache.hadoop.ipc.RPC$Server.call(RPC.java:1227) [hadoop-common-3.3.6.jar:?]
	at org.apache.hadoop.ipc.Server$RpcCall.run(Server.java:1094) [hadoop-common-3.3.6.jar:?]
	at org.apache.hadoop.ipc.Server$RpcCall.run(Server.java:1017) [hadoop-common-3.3.6.jar:?]
	at java.security.AccessController.doPrivileged(Native Method) ~[?:1.8.0_382]
	at javax.security.auth.Subject.doAs(Subject.java:422) [?:1.8.0_382]
	at org.apache.hadoop.security.UserGroupInformation.doAs(UserGroupInformation.java:1899) [hadoop-common-3.3.6.jar:?]
	at org.apache.hadoop.ipc.Server$Handler.run(Server.java:3048) [hadoop-common-3.3.6.jar:?]
]]></system-out>
  </testcase>
  <testcase name="testRenameFileToDir" classname="TestOzoneFileSystem" time="0.054">
    <system-out><![CDATA[18:19:43.350 [IPC Server handler 5 on default port 15057] ERROR OMAudit - user=runner | ip=127.0.0.1 | op=LIST_STATUS {volume=volume38115, bucket=bucket38025, key=a/b/c/file1, dataSize=0, replicationConfig=null} | ret=FAILURE
org.apache.hadoop.ozone.om.exceptions.OMException: Unable to get file status: volume: volume38115 bucket: bucket38025 key: a/b/c/file1
	at org.apache.hadoop.ozone.om.KeyManagerImpl.getOzoneFileStatus(KeyManagerImpl.java:1195) ~[ozone-manager-1.4.0-SNAPSHOT.jar:?]
	at org.apache.hadoop.ozone.om.KeyManagerImpl.getFileStatus(KeyManagerImpl.java:1113) ~[ozone-manager-1.4.0-SNAPSHOT.jar:?]
	at org.apache.hadoop.ozone.om.KeyManagerImpl.listStatus(KeyManagerImpl.java:1505) ~[ozone-manager-1.4.0-SNAPSHOT.jar:?]
	at org.apache.hadoop.ozone.om.OmMetadataReader.listStatus(OmMetadataReader.java:235) ~[ozone-manager-1.4.0-SNAPSHOT.jar:?]
	at org.apache.hadoop.ozone.om.OzoneManager.listStatus(OzoneManager.java:3560) ~[ozone-manager-1.4.0-SNAPSHOT.jar:?]
	at org.apache.hadoop.ozone.protocolPB.OzoneManagerRequestHandler.listStatus(OzoneManagerRequestHandler.java:1145) ~[ozone-manager-1.4.0-SNAPSHOT.jar:?]
	at org.apache.hadoop.ozone.protocolPB.OzoneManagerRequestHandler.handleReadRequest(OzoneManagerRequestHandler.java:263) ~[ozone-manager-1.4.0-SNAPSHOT.jar:?]
	at org.apache.hadoop.ozone.protocolPB.OzoneManagerProtocolServerSideTranslatorPB.submitRequestDirectlyToOM(OzoneManagerProtocolServerSideTranslatorPB.java:274) ~[ozone-manager-1.4.0-SNAPSHOT.jar:?]
	at org.apache.hadoop.ozone.protocolPB.OzoneManagerProtocolServerSideTranslatorPB.processRequest(OzoneManagerProtocolServerSideTranslatorPB.java:175) ~[ozone-manager-1.4.0-SNAPSHOT.jar:?]
	at org.apache.hadoop.hdds.server.OzoneProtocolMessageDispatcher.processRequest(OzoneProtocolMessageDispatcher.java:87) [hdds-server-framework-1.4.0-SNAPSHOT.jar:?]
	at org.apache.hadoop.ozone.protocolPB.OzoneManagerProtocolServerSideTranslatorPB.submitRequest(OzoneManagerProtocolServerSideTranslatorPB.java:148) [ozone-manager-1.4.0-SNAPSHOT.jar:?]
	at org.apache.hadoop.ozone.protocol.proto.OzoneManagerProtocolProtos$OzoneManagerService$2.callBlockingMethod(OzoneManagerProtocolProtos.java) [ozone-interface-client-1.4.0-SNAPSHOT.jar:?]
	at org.apache.hadoop.ipc.ProtobufRpcEngine$Server.processCall(ProtobufRpcEngine.java:484) [hadoop-common-3.3.6.jar:?]
	at org.apache.hadoop.ipc.ProtobufRpcEngine2$Server$ProtoBufRpcInvoker.call(ProtobufRpcEngine2.java:595) [hadoop-common-3.3.6.jar:?]
	at org.apache.hadoop.ipc.ProtobufRpcEngine2$Server$ProtoBufRpcInvoker.call(ProtobufRpcEngine2.java:573) [hadoop-common-3.3.6.jar:?]
	at org.apache.hadoop.ipc.RPC$Server.call(RPC.java:1227) [hadoop-common-3.3.6.jar:?]
	at org.apache.hadoop.ipc.Server$RpcCall.run(Server.java:1094) [hadoop-common-3.3.6.jar:?]
	at org.apache.hadoop.ipc.Server$RpcCall.run(Server.java:1017) [hadoop-common-3.3.6.jar:?]
	at java.security.AccessController.doPrivileged(Native Method) ~[?:1.8.0_382]
	at javax.security.auth.Subject.doAs(Subject.java:422) [?:1.8.0_382]
	at org.apache.hadoop.security.UserGroupInformation.doAs(UserGroupInformation.java:1899) [hadoop-common-3.3.6.jar:?]
	at org.apache.hadoop.ipc.Server$Handler.run(Server.java:3048) [hadoop-common-3.3.6.jar:?]
]]></system-out>
  </testcase>
  <testcase name="testRenameFileToDir" classname="TestOzoneFileSystem" time="0.048">
    <system-out><![CDATA[18:21:11.340 [IPC Server handler 2 on default port 15110] ERROR OMAudit - user=runner | ip=127.0.0.1 | op=LIST_STATUS {volume=volume40966, bucket=bucket64934, key=a/b/c/file1, dataSize=0, replicationConfig=null} | ret=FAILURE
org.apache.hadoop.ozone.om.exceptions.OMException: Unable to get file status: volume: volume40966 bucket: bucket64934 key: a/b/c/file1
	at org.apache.hadoop.ozone.om.KeyManagerImpl.getOzoneFileStatus(KeyManagerImpl.java:1195) ~[ozone-manager-1.4.0-SNAPSHOT.jar:?]
	at org.apache.hadoop.ozone.om.KeyManagerImpl.getFileStatus(KeyManagerImpl.java:1113) ~[ozone-manager-1.4.0-SNAPSHOT.jar:?]
	at org.apache.hadoop.ozone.om.KeyManagerImpl.listStatus(KeyManagerImpl.java:1505) ~[ozone-manager-1.4.0-SNAPSHOT.jar:?]
	at org.apache.hadoop.ozone.om.OmMetadataReader.listStatus(OmMetadataReader.java:235) ~[ozone-manager-1.4.0-SNAPSHOT.jar:?]
	at org.apache.hadoop.ozone.om.OzoneManager.listStatus(OzoneManager.java:3560) ~[ozone-manager-1.4.0-SNAPSHOT.jar:?]
	at org.apache.hadoop.ozone.protocolPB.OzoneManagerRequestHandler.listStatus(OzoneManagerRequestHandler.java:1145) ~[ozone-manager-1.4.0-SNAPSHOT.jar:?]
	at org.apache.hadoop.ozone.protocolPB.OzoneManagerRequestHandler.handleReadRequest(OzoneManagerRequestHandler.java:263) ~[ozone-manager-1.4.0-SNAPSHOT.jar:?]
	at org.apache.hadoop.ozone.protocolPB.OzoneManagerProtocolServerSideTranslatorPB.submitReadRequestToOM(OzoneManagerProtocolServerSideTranslatorPB.java:225) ~[ozone-manager-1.4.0-SNAPSHOT.jar:?]
	at org.apache.hadoop.ozone.protocolPB.OzoneManagerProtocolServerSideTranslatorPB.processRequest(OzoneManagerProtocolServerSideTranslatorPB.java:179) ~[ozone-manager-1.4.0-SNAPSHOT.jar:?]
	at org.apache.hadoop.hdds.server.OzoneProtocolMessageDispatcher.processRequest(OzoneProtocolMessageDispatcher.java:87) [hdds-server-framework-1.4.0-SNAPSHOT.jar:?]
	at org.apache.hadoop.ozone.protocolPB.OzoneManagerProtocolServerSideTranslatorPB.submitRequest(OzoneManagerProtocolServerSideTranslatorPB.java:148) [ozone-manager-1.4.0-SNAPSHOT.jar:?]
	at org.apache.hadoop.ozone.protocol.proto.OzoneManagerProtocolProtos$OzoneManagerService$2.callBlockingMethod(OzoneManagerProtocolProtos.java) [ozone-interface-client-1.4.0-SNAPSHOT.jar:?]
	at org.apache.hadoop.ipc.ProtobufRpcEngine$Server.processCall(ProtobufRpcEngine.java:484) [hadoop-common-3.3.6.jar:?]
	at org.apache.hadoop.ipc.ProtobufRpcEngine2$Server$ProtoBufRpcInvoker.call(ProtobufRpcEngine2.java:595) [hadoop-common-3.3.6.jar:?]
	at org.apache.hadoop.ipc.ProtobufRpcEngine2$Server$ProtoBufRpcInvoker.call(ProtobufRpcEngine2.java:573) [hadoop-common-3.3.6.jar:?]
	at org.apache.hadoop.ipc.RPC$Server.call(RPC.java:1227) [hadoop-common-3.3.6.jar:?]
	at org.apache.hadoop.ipc.Server$RpcCall.run(Server.java:1094) [hadoop-common-3.3.6.jar:?]
	at org.apache.hadoop.ipc.Server$RpcCall.run(Server.java:1017) [hadoop-common-3.3.6.jar:?]
	at java.security.AccessController.doPrivileged(Native Method) ~[?:1.8.0_382]
	at javax.security.auth.Subject.doAs(Subject.java:422) [?:1.8.0_382]
	at org.apache.hadoop.security.UserGroupInformation.doAs(UserGroupInformation.java:1899) [hadoop-common-3.3.6.jar:?]
	at org.apache.hadoop.ipc.Server$Handler.run(Server.java:3048) [hadoop-common-3.3.6.jar:?]
]]></system-out>
  </testcase>
  <testcase name="testRenameFileToDir" classname="TestOzoneFileSystem" time="0.047">
    <system-out><![CDATA[18:22:28.649 [IPC Server handler 8 on default port 15163] ERROR OMAudit - user=runner | ip=127.0.0.1 | op=LIST_STATUS {volume=volume65627, bucket=bucket59265, key=a/b/c/file1, dataSize=0, replicationConfig=null} | ret=FAILURE
org.apache.hadoop.ozone.om.exceptions.OMException: Unable to get file status: volume: volume65627 bucket: bucket59265 key: a/b/c/file1
	at org.apache.hadoop.ozone.om.KeyManagerImpl.getOzoneFileStatus(KeyManagerImpl.java:1195) ~[ozone-manager-1.4.0-SNAPSHOT.jar:?]
	at org.apache.hadoop.ozone.om.KeyManagerImpl.getFileStatus(KeyManagerImpl.java:1113) ~[ozone-manager-1.4.0-SNAPSHOT.jar:?]
	at org.apache.hadoop.ozone.om.KeyManagerImpl.listStatus(KeyManagerImpl.java:1505) ~[ozone-manager-1.4.0-SNAPSHOT.jar:?]
	at org.apache.hadoop.ozone.om.OmMetadataReader.listStatus(OmMetadataReader.java:235) ~[ozone-manager-1.4.0-SNAPSHOT.jar:?]
	at org.apache.hadoop.ozone.om.OzoneManager.listStatus(OzoneManager.java:3560) ~[ozone-manager-1.4.0-SNAPSHOT.jar:?]
	at org.apache.hadoop.ozone.protocolPB.OzoneManagerRequestHandler.listStatus(OzoneManagerRequestHandler.java:1145) ~[ozone-manager-1.4.0-SNAPSHOT.jar:?]
	at org.apache.hadoop.ozone.protocolPB.OzoneManagerRequestHandler.handleReadRequest(OzoneManagerRequestHandler.java:263) ~[ozone-manager-1.4.0-SNAPSHOT.jar:?]
	at org.apache.hadoop.ozone.protocolPB.OzoneManagerProtocolServerSideTranslatorPB.submitRequestDirectlyToOM(OzoneManagerProtocolServerSideTranslatorPB.java:274) ~[ozone-manager-1.4.0-SNAPSHOT.jar:?]
	at org.apache.hadoop.ozone.protocolPB.OzoneManagerProtocolServerSideTranslatorPB.processRequest(OzoneManagerProtocolServerSideTranslatorPB.java:175) ~[ozone-manager-1.4.0-SNAPSHOT.jar:?]
	at org.apache.hadoop.hdds.server.OzoneProtocolMessageDispatcher.processRequest(OzoneProtocolMessageDispatcher.java:87) [hdds-server-framework-1.4.0-SNAPSHOT.jar:?]
	at org.apache.hadoop.ozone.protocolPB.OzoneManagerProtocolServerSideTranslatorPB.submitRequest(OzoneManagerProtocolServerSideTranslatorPB.java:148) [ozone-manager-1.4.0-SNAPSHOT.jar:?]
	at org.apache.hadoop.ozone.protocol.proto.OzoneManagerProtocolProtos$OzoneManagerService$2.callBlockingMethod(OzoneManagerProtocolProtos.java) [ozone-interface-client-1.4.0-SNAPSHOT.jar:?]
	at org.apache.hadoop.ipc.ProtobufRpcEngine$Server.processCall(ProtobufRpcEngine.java:484) [hadoop-common-3.3.6.jar:?]
	at org.apache.hadoop.ipc.ProtobufRpcEngine2$Server$ProtoBufRpcInvoker.call(ProtobufRpcEngine2.java:595) [hadoop-common-3.3.6.jar:?]
	at org.apache.hadoop.ipc.ProtobufRpcEngine2$Server$ProtoBufRpcInvoker.call(ProtobufRpcEngine2.java:573) [hadoop-common-3.3.6.jar:?]
	at org.apache.hadoop.ipc.RPC$Server.call(RPC.java:1227) [hadoop-common-3.3.6.jar:?]
	at org.apache.hadoop.ipc.Server$RpcCall.run(Server.java:1094) [hadoop-common-3.3.6.jar:?]
	at org.apache.hadoop.ipc.Server$RpcCall.run(Server.java:1017) [hadoop-common-3.3.6.jar:?]
	at java.security.AccessController.doPrivileged(Native Method) ~[?:1.8.0_382]
	at javax.security.auth.Subject.doAs(Subject.java:422) [?:1.8.0_382]
	at org.apache.hadoop.security.UserGroupInformation.doAs(UserGroupInformation.java:1899) [hadoop-common-3.3.6.jar:?]
	at org.apache.hadoop.ipc.Server$Handler.run(Server.java:3048) [hadoop-common-3.3.6.jar:?]
]]></system-out>
  </testcase>
  <testcase name="testListStatusWithIntermediateDirWithECEnabled" classname="TestOzoneFileSystem" time="0.044">
    <system-out><![CDATA[2023-08-31 18:18:22,806 [IPC Server handler 1 on default port 15001] INFO  algorithms.SCMContainerPlacementRackScatter (SCMContainerPlacementRackScatter.java:chooseDatanodesInternal(362)) - Chosen nodes: [31d6a482-7e3d-487d-933c-c96d7f47fcbe(fv-az1129-899/10.1.0.8), 936500de-6a46-404e-9e6e-74d5223834e1(fv-az1129-899/10.1.0.8), 02e5811a-aac7-41e1-9b10-ccc4a1a85e2b(fv-az1129-899/10.1.0.8), a52d6cdf-59e1-461e-b8c6-37ccdacf9b29(fv-az1129-899/10.1.0.8), af03fb12-d9eb-460d-bf82-fc984684bc2c(fv-az1129-899/10.1.0.8)]. isPolicySatisfied: true.
2023-08-31 18:18:22,808 [IPC Server handler 1 on default port 15001] INFO  pipeline.WritableECContainerProvider (WritableECContainerProvider.java:allocateContainer(211)) - Created and opened new pipeline Pipeline[ Id: 42bfc2d9-4771-4e1a-b8a1-8ef68eadeef8, Nodes: 31d6a482-7e3d-487d-933c-c96d7f47fcbe(fv-az1129-899/10.1.0.8)936500de-6a46-404e-9e6e-74d5223834e1(fv-az1129-899/10.1.0.8)02e5811a-aac7-41e1-9b10-ccc4a1a85e2b(fv-az1129-899/10.1.0.8)a52d6cdf-59e1-461e-b8c6-37ccdacf9b29(fv-az1129-899/10.1.0.8)af03fb12-d9eb-460d-bf82-fc984684bc2c(fv-az1129-899/10.1.0.8), ReplicationConfig: EC{rs-3-2-1024k}, State:ALLOCATED, leaderId:, CreationTimestamp2023-08-31T18:18:22.806Z[Etc/UTC]]
]]></system-out>
  </testcase>
  <testcase name="testListStatusWithIntermediateDirWithECEnabled" classname="TestOzoneFileSystem" time="0.038">
    <system-out><![CDATA[2023-08-31 18:19:43,393 [IPC Server handler 12 on default port 15054] INFO  algorithms.SCMContainerPlacementRackScatter (SCMContainerPlacementRackScatter.java:chooseDatanodesInternal(362)) - Chosen nodes: [9288cb02-3403-47c3-90d0-5e59a32e5c49(fv-az1129-899/10.1.0.8), 9837b75f-f89f-41e6-b8da-41fb6e633a75(fv-az1129-899/10.1.0.8), 55a42498-51b5-4c22-a6d0-b6e523d26bd9(fv-az1129-899/10.1.0.8), 8ed59791-7601-47e5-a424-1bf234fecffd(fv-az1129-899/10.1.0.8), e76cb950-c142-4f99-9c9f-92ec0583573f(fv-az1129-899/10.1.0.8)]. isPolicySatisfied: true.
2023-08-31 18:19:43,395 [IPC Server handler 12 on default port 15054] INFO  pipeline.WritableECContainerProvider (WritableECContainerProvider.java:allocateContainer(211)) - Created and opened new pipeline Pipeline[ Id: 096abae9-7e33-47ad-a660-8a0c2ecfe922, Nodes: 9288cb02-3403-47c3-90d0-5e59a32e5c49(fv-az1129-899/10.1.0.8)9837b75f-f89f-41e6-b8da-41fb6e633a75(fv-az1129-899/10.1.0.8)55a42498-51b5-4c22-a6d0-b6e523d26bd9(fv-az1129-899/10.1.0.8)8ed59791-7601-47e5-a424-1bf234fecffd(fv-az1129-899/10.1.0.8)e76cb950-c142-4f99-9c9f-92ec0583573f(fv-az1129-899/10.1.0.8), ReplicationConfig: EC{rs-3-2-1024k}, State:ALLOCATED, leaderId:, CreationTimestamp2023-08-31T18:19:43.393Z[Etc/UTC]]
]]></system-out>
  </testcase>
  <testcase name="testListStatusWithIntermediateDirWithECEnabled" classname="TestOzoneFileSystem" time="0.036">
    <system-out><![CDATA[2023-08-31 18:21:11,377 [IPC Server handler 9 on default port 15107] INFO  algorithms.SCMContainerPlacementRackScatter (SCMContainerPlacementRackScatter.java:chooseDatanodesInternal(362)) - Chosen nodes: [14fa2eac-e184-46cf-8dd5-e89808402331(fv-az1129-899/10.1.0.8), 431b9c6f-d536-4d0f-be3d-601c32ccf3d0(fv-az1129-899/10.1.0.8), 2b1a9455-1161-459a-84a9-9731b4638bee(fv-az1129-899/10.1.0.8), b680699b-c9cb-4670-83ba-783bfe62cfe5(fv-az1129-899/10.1.0.8), cea0c109-6e95-4b2c-982c-0dc77a608767(fv-az1129-899/10.1.0.8)]. isPolicySatisfied: true.
2023-08-31 18:21:11,378 [IPC Server handler 9 on default port 15107] INFO  pipeline.WritableECContainerProvider (WritableECContainerProvider.java:allocateContainer(211)) - Created and opened new pipeline Pipeline[ Id: c6a7fe33-1a0c-4651-8e23-572c56e6f1b5, Nodes: 14fa2eac-e184-46cf-8dd5-e89808402331(fv-az1129-899/10.1.0.8)431b9c6f-d536-4d0f-be3d-601c32ccf3d0(fv-az1129-899/10.1.0.8)2b1a9455-1161-459a-84a9-9731b4638bee(fv-az1129-899/10.1.0.8)b680699b-c9cb-4670-83ba-783bfe62cfe5(fv-az1129-899/10.1.0.8)cea0c109-6e95-4b2c-982c-0dc77a608767(fv-az1129-899/10.1.0.8), ReplicationConfig: EC{rs-3-2-1024k}, State:ALLOCATED, leaderId:, CreationTimestamp2023-08-31T18:21:11.377Z[Etc/UTC]]
]]></system-out>
  </testcase>
  <testcase name="testListStatusWithIntermediateDirWithECEnabled" classname="TestOzoneFileSystem" time="0.032">
    <system-out><![CDATA[2023-08-31 18:22:28,686 [IPC Server handler 15 on default port 15160] INFO  algorithms.SCMContainerPlacementRackScatter (SCMContainerPlacementRackScatter.java:chooseDatanodesInternal(362)) - Chosen nodes: [960d1597-fbff-49c3-85b3-41c3f78a7ab6(fv-az1129-899/10.1.0.8), 70431532-c8b0-4eb5-b15a-8b1673de781b(fv-az1129-899/10.1.0.8), 1126cc3a-7ff0-4671-a31f-fd81ce02ef68(fv-az1129-899/10.1.0.8), 85b0bed5-4d1d-45f9-8f71-740e9dd12c61(fv-az1129-899/10.1.0.8), 626d1c86-c74d-4c1d-990a-e37ed735d25b(fv-az1129-899/10.1.0.8)]. isPolicySatisfied: true.
2023-08-31 18:22:28,688 [IPC Server handler 15 on default port 15160] INFO  pipeline.WritableECContainerProvider (WritableECContainerProvider.java:allocateContainer(211)) - Created and opened new pipeline Pipeline[ Id: fc4fa52c-b2c8-4c7e-9d68-8aadc5e2af92, Nodes: 960d1597-fbff-49c3-85b3-41c3f78a7ab6(fv-az1129-899/10.1.0.8)70431532-c8b0-4eb5-b15a-8b1673de781b(fv-az1129-899/10.1.0.8)1126cc3a-7ff0-4671-a31f-fd81ce02ef68(fv-az1129-899/10.1.0.8)85b0bed5-4d1d-45f9-8f71-740e9dd12c61(fv-az1129-899/10.1.0.8)626d1c86-c74d-4c1d-990a-e37ed735d25b(fv-az1129-899/10.1.0.8), ReplicationConfig: EC{rs-3-2-1024k}, State:ALLOCATED, leaderId:, CreationTimestamp2023-08-31T18:22:28.686Z[Etc/UTC]]
]]></system-out>
  </testcase>
  <testcase name="testMakeDirsWithAnExistingDirectoryPath" classname="TestOzoneFileSystem" time="0.036"/>
  <testcase name="testMakeDirsWithAnExistingDirectoryPath" classname="TestOzoneFileSystem" time="0.032"/>
  <testcase name="testMakeDirsWithAnExistingDirectoryPath" classname="TestOzoneFileSystem" time="0.029"/>
  <testcase name="testMakeDirsWithAnExistingDirectoryPath" classname="TestOzoneFileSystem" time="0.026"/>
  <testcase name="testSetTimes" classname="TestOzoneFileSystem" time="0.163"/>
  <testcase name="testSetTimes" classname="TestOzoneFileSystem" time="0.114"/>
  <testcase name="testSetTimes" classname="TestOzoneFileSystem" time="0.138"/>
  <testcase name="testSetTimes" classname="TestOzoneFileSystem" time="0.127"/>
</testsuite>