<?xml version="1.0" encoding="UTF-8"?>
<testsuite xmlns:xsi="http://www.w3.org/2001/XMLSchema-instance" xsi:noNamespaceSchemaLocation="https://maven.apache.org/surefire/maven-surefire-plugin/xsd/surefire-test-report.xsd" name="org.apache.hadoop.ozone.client.rpc.TestWatchForCommit" time="318.929" tests="4" errors="1" skipped="0" failures="0">
  <properties>
    <property name="awt.toolkit" value="sun.awt.X11.XToolkit"/>
    <property name="file.encoding.pkg" value="sun.io"/>
    <property name="java.specification.version" value="1.8"/>
    <property name="sun.cpu.isalist" value=""/>
    <property name="sun.jnu.encoding" value="UTF-8"/>
    <property name="java.class.path" value="/home/runner/work/ozone/ozone/hadoop-ozone/integration-test/target/test-classes:/home/runner/work/ozone/ozone/hadoop-ozone/integration-test/target/classes:/home/runner/.m2/repository/org/apache/ozone/ozone-common/1.2.0-SNAPSHOT/ozone-common-1.2.0-SNAPSHOT.jar:/home/runner/.m2/repository/org/apache/commons/commons-compress/1.21/commons-compress-1.21.jar:/home/runner/.m2/repository/org/apache/ozone/hdds-common/1.2.0-SNAPSHOT/hdds-common-1.2.0-SNAPSHOT.jar:/home/runner/.m2/repository/org/apache/ozone/hdds-client/1.2.0-SNAPSHOT/hdds-client-1.2.0-SNAPSHOT.jar:/home/runner/.m2/repository/org/apache/ozone/ozone-interface-client/1.2.0-SNAPSHOT/ozone-interface-client-1.2.0-SNAPSHOT.jar:/home/runner/.m2/repository/org/apache/ozone/hdds-test-utils/1.2.0-SNAPSHOT/hdds-test-utils-1.2.0-SNAPSHOT.jar:/home/runner/.m2/repository/com/google/guava/guava/30.1.1-jre/guava-30.1.1-jre.jar:/home/runner/.m2/repository/com/google/guava/failureaccess/1.0.1/failureaccess-1.0.1.jar:/home/runner/.m2/repository/com/google/guava/listenablefuture/9999.0-empty-to-avoid-conflict-with-guava/listenablefuture-9999.0-empty-to-avoid-conflict-with-guava.jar:/home/runner/.m2/repository/com/google/code/findbugs/jsr305/3.0.0/jsr305-3.0.0.jar:/home/runner/.m2/repository/org/checkerframework/checker-qual/3.8.0/checker-qual-3.8.0.jar:/home/runner/.m2/repository/com/google/errorprone/error_prone_annotations/2.2.0/error_prone_annotations-2.2.0.jar:/home/runner/.m2/repository/com/google/j2objc/j2objc-annotations/1.3/j2objc-annotations-1.3.jar:/home/runner/.m2/repository/commons-io/commons-io/2.11.0/commons-io-2.11.0.jar:/home/runner/.m2/repository/commons-logging/commons-logging/1.2/commons-logging-1.2.jar:/home/runner/.m2/repository/log4j/log4j/1.2.17/log4j-1.2.17.jar:/home/runner/.m2/repository/org/slf4j/slf4j-api/1.7.30/slf4j-api-1.7.30.jar:/home/runner/.m2/repository/org/apache/ozone/hdds-server-scm/1.2.0-SNAPSHOT/hdds-server-scm-1.2.0-SNAPSHOT.jar:/home/runner/.m2/repository/org/apache/ozone/hdds-container-service/1.2.0-SNAPSHOT/hdds-container-service-1.2.0-SNAPSHOT.jar:/home/runner/.m2/repository/org/apache/ozone/hdds-hadoop-dependency-server/1.2.0-SNAPSHOT/hdds-hadoop-dependency-server-1.2.0-SNAPSHOT.jar:/home/runner/.m2/repository/org/apache/hadoop/hadoop-hdfs/3.3.1/hadoop-hdfs-3.3.1.jar:/home/runner/.m2/repository/org/apache/ozone/hdds-server-framework/1.2.0-SNAPSHOT/hdds-server-framework-1.2.0-SNAPSHOT.jar:/home/runner/.m2/repository/org/apache/ozone/hdds-interface-server/1.2.0-SNAPSHOT/hdds-interface-server-1.2.0-SNAPSHOT.jar:/home/runner/.m2/repository/org/eclipse/jetty/jetty-servlet/9.4.43.v20210629/jetty-servlet-9.4.43.v20210629.jar:/home/runner/.m2/repository/org/eclipse/jetty/jetty-security/9.4.43.v20210629/jetty-security-9.4.43.v20210629.jar:/home/runner/.m2/repository/org/rocksdb/rocksdbjni/6.20.3/rocksdbjni-6.20.3.jar:/home/runner/.m2/repository/io/prometheus/simpleclient_dropwizard/0.7.0/simpleclient_dropwizard-0.7.0.jar:/home/runner/.m2/repository/io/prometheus/simpleclient/0.7.0/simpleclient-0.7.0.jar:/home/runner/.m2/repository/io/prometheus/simpleclient_common/0.7.0/simpleclient_common-0.7.0.jar:/home/runner/.m2/repository/com/fasterxml/jackson/datatype/jackson-datatype-jsr310/2.12.1/jackson-datatype-jsr310-2.12.1.jar:/home/runner/.m2/repository/io/dropwizard/metrics/metrics-core/3.2.4/metrics-core-3.2.4.jar:/home/runner/.m2/repository/org/apache/hadoop/hadoop-hdfs-client/3.3.1/hadoop-hdfs-client-3.3.1.jar:/home/runner/.m2/repository/org/bouncycastle/bcprov-jdk15on/1.67/bcprov-jdk15on-1.67.jar:/home/runner/.m2/repository/com/google/protobuf/protobuf-java/2.5.0/protobuf-java-2.5.0.jar:/home/runner/.m2/repository/org/apache/ozone/ozone-manager/1.2.0-SNAPSHOT/ozone-manager-1.2.0-SNAPSHOT.jar:/home/runner/.m2/repository/org/aspectj/aspectjrt/1.9.7/aspectjrt-1.9.7.jar:/home/runner/.m2/repository/org/aspectj/aspectjweaver/1.9.7/aspectjweaver-1.9.7.jar:/home/runner/.m2/repository/org/apache/ozone/hdds-interface-client/1.2.0-SNAPSHOT/hdds-interface-client-1.2.0-SNAPSHOT.jar:/home/runner/.m2/repository/org/apache/hadoop/thirdparty/hadoop-shaded-protobuf_3_7/1.1.1/hadoop-shaded-protobuf_3_7-1.1.1.jar:/home/runner/.m2/repository/org/apache/ozone/ozone-interface-storage/1.2.0-SNAPSHOT/ozone-interface-storage-1.2.0-SNAPSHOT.jar:/home/runner/.m2/repository/org/reflections/reflections/0.9.11/reflections-0.9.11.jar:/home/runner/.m2/repository/org/apache/hadoop/hadoop-minikdc/3.3.1/hadoop-minikdc-3.3.1.jar:/home/runner/.m2/repository/org/apache/kerby/kerb-simplekdc/1.0.1/kerb-simplekdc-1.0.1.jar:/home/runner/.m2/repository/org/apache/kerby/kerb-client/1.0.1/kerb-client-1.0.1.jar:/home/runner/.m2/repository/org/apache/kerby/kerby-config/1.0.1/kerby-config-1.0.1.jar:/home/runner/.m2/repository/org/apache/kerby/kerb-common/1.0.1/kerb-common-1.0.1.jar:/home/runner/.m2/repository/org/apache/kerby/kerb-crypto/1.0.1/kerb-crypto-1.0.1.jar:/home/runner/.m2/repository/org/apache/kerby/kerb-util/1.0.1/kerb-util-1.0.1.jar:/home/runner/.m2/repository/org/apache/kerby/token-provider/1.0.1/token-provider-1.0.1.jar:/home/runner/.m2/repository/org/apache/kerby/kerb-admin/1.0.1/kerb-admin-1.0.1.jar:/home/runner/.m2/repository/org/apache/kerby/kerb-server/1.0.1/kerb-server-1.0.1.jar:/home/runner/.m2/repository/org/apache/kerby/kerb-identity/1.0.1/kerb-identity-1.0.1.jar:/home/runner/.m2/repository/org/apache/kerby/kerby-xdr/1.0.1/kerby-xdr-1.0.1.jar:/home/runner/.m2/repository/org/slf4j/slf4j-log4j12/1.7.30/slf4j-log4j12-1.7.30.jar:/home/runner/.m2/repository/org/apache/ozone/ozone-s3gateway/1.2.0-SNAPSHOT/ozone-s3gateway-1.2.0-SNAPSHOT.jar:/home/runner/.m2/repository/org/javassist/javassist/3.21.0-GA/javassist-3.21.0-GA.jar:/home/runner/.m2/repository/org/jboss/weld/servlet/weld-servlet/2.4.7.Final/weld-servlet-2.4.7.Final.jar:/home/runner/.m2/repository/org/glassfish/jersey/containers/jersey-container-servlet-core/2.33/jersey-container-servlet-core-2.33.jar:/home/runner/.m2/repository/org/glassfish/hk2/external/jakarta.inject/2.6.1/jakarta.inject-2.6.1.jar:/home/runner/.m2/repository/org/glassfish/jersey/core/jersey-common/2.33/jersey-common-2.33.jar:/home/runner/.m2/repository/jakarta/ws/rs/jakarta.ws.rs-api/2.1.6/jakarta.ws.rs-api-2.1.6.jar:/home/runner/.m2/repository/org/glassfish/jersey/ext/cdi/jersey-cdi1x/2.33/jersey-cdi1x-2.33.jar:/home/runner/.m2/repository/org/glassfish/jersey/inject/jersey-hk2/2.33/jersey-hk2-2.33.jar:/home/runner/.m2/repository/org/glassfish/hk2/hk2-locator/2.6.1/hk2-locator-2.6.1.jar:/home/runner/.m2/repository/org/glassfish/jersey/media/jersey-media-jaxb/2.33/jersey-media-jaxb-2.33.jar:/home/runner/.m2/repository/org/glassfish/hk2/osgi-resource-locator/1.0.3/osgi-resource-locator-1.0.3.jar:/home/runner/.m2/repository/org/glassfish/hk2/hk2-api/2.5.0/hk2-api-2.5.0.jar:/home/runner/.m2/repository/org/glassfish/hk2/hk2-utils/2.5.0/hk2-utils-2.5.0.jar:/home/runner/.m2/repository/org/glassfish/hk2/external/aopalliance-repackaged/2.5.0/aopalliance-repackaged-2.5.0.jar:/home/runner/.m2/repository/com/fasterxml/jackson/dataformat/jackson-dataformat-xml/2.12.1/jackson-dataformat-xml-2.12.1.jar:/home/runner/.m2/repository/com/fasterxml/jackson/core/jackson-core/2.12.1/jackson-core-2.12.1.jar:/home/runner/.m2/repository/com/fasterxml/jackson/module/jackson-module-jaxb-annotations/2.12.1/jackson-module-jaxb-annotations-2.12.1.jar:/home/runner/.m2/repository/jakarta/xml/bind/jakarta.xml.bind-api/2.3.2/jakarta.xml.bind-api-2.3.2.jar:/home/runner/.m2/repository/org/codehaus/woodstox/stax2-api/3.1.4/stax2-api-3.1.4.jar:/home/runner/.m2/repository/com/fasterxml/woodstox/woodstox-core/5.0.3/woodstox-core-5.0.3.jar:/home/runner/.m2/repository/javax/enterprise/cdi-api/1.2/cdi-api-1.2.jar:/home/runner/.m2/repository/javax/el/javax.el-api/3.0.0/javax.el-api-3.0.0.jar:/home/runner/.m2/repository/javax/interceptor/javax.interceptor-api/1.2/javax.interceptor-api-1.2.jar:/home/runner/.m2/repository/javax/inject/javax.inject/1/javax.inject-1.jar:/home/runner/.m2/repository/javax/xml/bind/jaxb-api/2.3.0/jaxb-api-2.3.0.jar:/home/runner/.m2/repository/org/glassfish/jaxb/jaxb-runtime/2.3.0.1/jaxb-runtime-2.3.0.1.jar:/home/runner/.m2/repository/org/glassfish/jaxb/jaxb-core/2.3.0.1/jaxb-core-2.3.0.1.jar:/home/runner/.m2/repository/org/glassfish/jaxb/txw2/2.3.0.1/txw2-2.3.0.1.jar:/home/runner/.m2/repository/com/sun/istack/istack-commons-runtime/3.0.5/istack-commons-runtime-3.0.5.jar:/home/runner/.m2/repository/org/jvnet/staxex/stax-ex/1.7.8/stax-ex-1.7.8.jar:/home/runner/.m2/repository/com/sun/xml/fastinfoset/FastInfoset/1.2.13/FastInfoset-1.2.13.jar:/home/runner/.m2/repository/javax/activation/activation/1.1.1/activation-1.1.1.jar:/home/runner/.m2/repository/org/apache/ozone/ozone-csi/1.2.0-SNAPSHOT/ozone-csi-1.2.0-SNAPSHOT.jar:/home/runner/.m2/repository/com/google/protobuf/protobuf-java-util/3.12.0/protobuf-java-util-3.12.0.jar:/home/runner/.m2/repository/com/google/code/gson/gson/2.2.4/gson-2.2.4.jar:/home/runner/.m2/repository/org/apache/ozone/hdds-config/1.2.0-SNAPSHOT/hdds-config-1.2.0-SNAPSHOT.jar:/home/runner/.m2/repository/io/grpc/grpc-netty/1.33.0/grpc-netty-1.33.0.jar:/home/runner/.m2/repository/io/grpc/grpc-core/1.33.0/grpc-core-1.33.0.jar:/home/runner/.m2/repository/com/google/android/annotations/4.1.1.4/annotations-4.1.1.4.jar:/home/runner/.m2/repository/io/netty/netty-codec-http2/4.1.63.Final/netty-codec-http2-4.1.63.Final.jar:/home/runner/.m2/repository/io/netty/netty-codec-http/4.1.63.Final/netty-codec-http-4.1.63.Final.jar:/home/runner/.m2/repository/io/netty/netty-handler-proxy/4.1.63.Final/netty-handler-proxy-4.1.63.Final.jar:/home/runner/.m2/repository/io/netty/netty-codec-socks/4.1.63.Final/netty-codec-socks-4.1.63.Final.jar:/home/runner/.m2/repository/io/perfmark/perfmark-api/0.19.0/perfmark-api-0.19.0.jar:/home/runner/.m2/repository/org/codehaus/mojo/animal-sniffer-annotations/1.18/animal-sniffer-annotations-1.18.jar:/home/runner/.m2/repository/io/netty/netty-transport-native-epoll/4.1.63.Final/netty-transport-native-epoll-4.1.63.Final.jar:/home/runner/.m2/repository/io/netty/netty-common/4.1.63.Final/netty-common-4.1.63.Final.jar:/home/runner/.m2/repository/io/netty/netty-buffer/4.1.63.Final/netty-buffer-4.1.63.Final.jar:/home/runner/.m2/repository/io/netty/netty-transport-native-unix-common/4.1.63.Final/netty-transport-native-unix-common-4.1.63.Final.jar:/home/runner/.m2/repository/io/grpc/grpc-protobuf/1.33.0/grpc-protobuf-1.33.0.jar:/home/runner/.m2/repository/io/grpc/grpc-api/1.33.0/grpc-api-1.33.0.jar:/home/runner/.m2/repository/io/grpc/grpc-context/1.33.0/grpc-context-1.33.0.jar:/home/runner/.m2/repository/com/google/api/grpc/proto-google-common-protos/1.17.0/proto-google-common-protos-1.17.0.jar:/home/runner/.m2/repository/io/grpc/grpc-protobuf-lite/1.33.0/grpc-protobuf-lite-1.33.0.jar:/home/runner/.m2/repository/io/grpc/grpc-stub/1.33.0/grpc-stub-1.33.0.jar:/home/runner/.m2/repository/org/apache/ozone/ozone-recon/1.2.0-SNAPSHOT/ozone-recon-1.2.0-SNAPSHOT.jar:/home/runner/.m2/repository/org/apache/ozone/ozone-reconcodegen/1.2.0-SNAPSHOT/ozone-reconcodegen-1.2.0-SNAPSHOT.jar:/home/runner/.m2/repository/com/google/inject/extensions/guice-multibindings/4.0/guice-multibindings-4.0.jar:/home/runner/.m2/repository/com/google/inject/guice/4.0/guice-4.0.jar:/home/runner/.m2/repository/aopalliance/aopalliance/1.0/aopalliance-1.0.jar:/home/runner/.m2/repository/com/google/inject/extensions/guice-assistedinject/4.0/guice-assistedinject-4.0.jar:/home/runner/.m2/repository/com/google/inject/extensions/guice-servlet/4.0/guice-servlet-4.0.jar:/home/runner/.m2/repository/org/glassfish/jersey/containers/jersey-container-servlet/2.33/jersey-container-servlet-2.33.jar:/home/runner/.m2/repository/org/glassfish/hk2/guice-bridge/2.5.0/guice-bridge-2.5.0.jar:/home/runner/.m2/repository/org/glassfish/jersey/core/jersey-server/2.33/jersey-server-2.33.jar:/home/runner/.m2/repository/org/glassfish/jersey/core/jersey-client/2.33/jersey-client-2.33.jar:/home/runner/.m2/repository/jakarta/annotation/jakarta.annotation-api/1.3.5/jakarta.annotation-api-1.3.5.jar:/home/runner/.m2/repository/jakarta/validation/jakarta.validation-api/2.0.2/jakarta.validation-api-2.0.2.jar:/home/runner/.m2/repository/org/glassfish/jersey/media/jersey-media-json-jackson/2.33/jersey-media-json-jackson-2.33.jar:/home/runner/.m2/repository/org/glassfish/jersey/ext/jersey-entity-filtering/2.33/jersey-entity-filtering-2.33.jar:/home/runner/.m2/repository/org/jooq/jooq/3.11.10/jooq-3.11.10.jar:/home/runner/.m2/repository/org/jooq/jooq-meta/3.11.10/jooq-meta-3.11.10.jar:/home/runner/.m2/repository/org/jooq/jooq-codegen/3.11.10/jooq-codegen-3.11.10.jar:/home/runner/.m2/repository/com/jolbox/bonecp/0.8.0.RELEASE/bonecp-0.8.0.RELEASE.jar:/home/runner/.m2/repository/org/apache/derby/derby/10.14.2.0/derby-10.14.2.0.jar:/home/runner/.m2/repository/org/xerial/sqlite-jdbc/3.25.2/sqlite-jdbc-3.25.2.jar:/home/runner/.m2/repository/org/springframework/spring-jdbc/5.2.17.RELEASE/spring-jdbc-5.2.17.RELEASE.jar:/home/runner/.m2/repository/org/springframework/spring-beans/5.2.17.RELEASE/spring-beans-5.2.17.RELEASE.jar:/home/runner/.m2/repository/org/springframework/spring-core/5.2.17.RELEASE/spring-core-5.2.17.RELEASE.jar:/home/runner/.m2/repository/org/springframework/spring-jcl/5.2.17.RELEASE/spring-jcl-5.2.17.RELEASE.jar:/home/runner/.m2/repository/org/springframework/spring-tx/5.2.17.RELEASE/spring-tx-5.2.17.RELEASE.jar:/home/runner/.m2/repository/org/apache/ozone/ozone-client/1.2.0-SNAPSHOT/ozone-client-1.2.0-SNAPSHOT.jar:/home/runner/.m2/repository/org/apache/ozone/ozone-filesystem/1.2.0-SNAPSHOT/ozone-filesystem-1.2.0-SNAPSHOT.jar:/home/runner/.m2/repository/org/apache/ozone/ozone-filesystem-common/1.2.0-SNAPSHOT/ozone-filesystem-common-1.2.0-SNAPSHOT.jar:/home/runner/.m2/repository/org/apache/ozone/ozone-tools/1.2.0-SNAPSHOT/ozone-tools-1.2.0-SNAPSHOT.jar:/home/runner/.m2/repository/org/apache/ratis/ratis-tools/2.2.0/ratis-tools-2.2.0.jar:/home/runner/.m2/repository/com/amazonaws/aws-java-sdk-core/1.11.1034/aws-java-sdk-core-1.11.1034.jar:/home/runner/.m2/repository/org/apache/httpcomponents/httpclient/4.5.13/httpclient-4.5.13.jar:/home/runner/.m2/repository/org/apache/httpcomponents/httpcore/4.4.13/httpcore-4.4.13.jar:/home/runner/.m2/repository/software/amazon/ion/ion-java/1.0.2/ion-java-1.0.2.jar:/home/runner/.m2/repository/com/fasterxml/jackson/dataformat/jackson-dataformat-cbor/2.12.1/jackson-dataformat-cbor-2.12.1.jar:/home/runner/.m2/repository/joda-time/joda-time/2.8.1/joda-time-2.8.1.jar:/home/runner/.m2/repository/com/amazonaws/aws-java-sdk-s3/1.11.1034/aws-java-sdk-s3-1.11.1034.jar:/home/runner/.m2/repository/com/amazonaws/aws-java-sdk-kms/1.11.1034/aws-java-sdk-kms-1.11.1034.jar:/home/runner/.m2/repository/com/amazonaws/jmespath-java/1.11.1034/jmespath-java-1.11.1034.jar:/home/runner/.m2/repository/org/kohsuke/metainf-services/metainf-services/1.8/metainf-services-1.8.jar:/home/runner/.m2/repository/org/apache/ozone/hdds-tools/1.2.0-SNAPSHOT/hdds-tools-1.2.0-SNAPSHOT.jar:/home/runner/.m2/repository/commons-cli/commons-cli/1.2/commons-cli-1.2.jar:/home/runner/.m2/repository/org/apache/commons/commons-lang3/3.7/commons-lang3-3.7.jar:/home/runner/.m2/repository/org/apache/ozone/ozone-manager/1.2.0-SNAPSHOT/ozone-manager-1.2.0-SNAPSHOT-tests.jar:/home/runner/.m2/repository/org/apache/ozone/hdds-common/1.2.0-SNAPSHOT/hdds-common-1.2.0-SNAPSHOT-tests.jar:/home/runner/.m2/repository/org/apache/ozone/hdds-hadoop-dependency-client/1.2.0-SNAPSHOT/hdds-hadoop-dependency-client-1.2.0-SNAPSHOT.jar:/home/runner/.m2/repository/info/picocli/picocli/4.6.1/picocli-4.6.1.jar:/home/runner/.m2/repository/com/fasterxml/jackson/core/jackson-annotations/2.12.1/jackson-annotations-2.12.1.jar:/home/runner/.m2/repository/javax/annotation/javax.annotation-api/1.2/javax.annotation-api-1.2.jar:/home/runner/.m2/repository/org/apache/ratis/ratis-server/2.2.0/ratis-server-2.2.0.jar:/home/runner/.m2/repository/org/apache/ratis/ratis-client/2.2.0/ratis-client-2.2.0.jar:/home/runner/.m2/repository/org/apache/ratis/ratis-server-api/2.2.0/ratis-server-api-2.2.0.jar:/home/runner/.m2/repository/org/apache/ratis/ratis-metrics/2.2.0/ratis-metrics-2.2.0.jar:/home/runner/.m2/repository/org/apache/ratis/ratis-netty/2.2.0/ratis-netty-2.2.0.jar:/home/runner/.m2/repository/org/apache/ratis/ratis-grpc/2.2.0/ratis-grpc-2.2.0.jar:/home/runner/.m2/repository/org/apache/logging/log4j/log4j-api/2.13.3/log4j-api-2.13.3.jar:/home/runner/.m2/repository/org/apache/logging/log4j/log4j-core/2.13.3/log4j-core-2.13.3.jar:/home/runner/.m2/repository/com/lmax/disruptor/3.4.2/disruptor-3.4.2.jar:/home/runner/.m2/repository/org/apache/commons/commons-pool2/2.6.0/commons-pool2-2.6.0.jar:/home/runner/.m2/repository/org/bouncycastle/bcpkix-jdk15on/1.67/bcpkix-jdk15on-1.67.jar:/home/runner/.m2/repository/commons-validator/commons-validator/1.6/commons-validator-1.6.jar:/home/runner/.m2/repository/commons-beanutils/commons-beanutils/1.9.4/commons-beanutils-1.9.4.jar:/home/runner/.m2/repository/commons-digester/commons-digester/1.8.1/commons-digester-1.8.1.jar:/home/runner/.m2/repository/commons-collections/commons-collections/3.2.2/commons-collections-3.2.2.jar:/home/runner/.m2/repository/io/jaegertracing/jaeger-client/1.6.0/jaeger-client-1.6.0.jar:/home/runner/.m2/repository/io/jaegertracing/jaeger-thrift/1.6.0/jaeger-thrift-1.6.0.jar:/home/runner/.m2/repository/org/apache/thrift/libthrift/0.14.1/libthrift-0.14.1.jar:/home/runner/.m2/repository/com/squareup/okhttp3/okhttp/4.9.0/okhttp-4.9.0.jar:/home/runner/.m2/repository/com/squareup/okio/okio/2.8.0/okio-2.8.0.jar:/home/runner/.m2/repository/io/jaegertracing/jaeger-core/1.6.0/jaeger-core-1.6.0.jar:/home/runner/.m2/repository/io/jaegertracing/jaeger-tracerresolver/1.6.0/jaeger-tracerresolver-1.6.0.jar:/home/runner/.m2/repository/io/opentracing/contrib/opentracing-tracerresolver/0.1.8/opentracing-tracerresolver-0.1.8.jar:/home/runner/.m2/repository/org/jetbrains/kotlin/kotlin-stdlib/1.4.31/kotlin-stdlib-1.4.31.jar:/home/runner/.m2/repository/org/jetbrains/kotlin/kotlin-stdlib-common/1.4.31/kotlin-stdlib-common-1.4.31.jar:/home/runner/.m2/repository/org/jetbrains/annotations/13.0/annotations-13.0.jar:/home/runner/.m2/repository/io/opentracing/opentracing-util/0.33.0/opentracing-util-0.33.0.jar:/home/runner/.m2/repository/io/opentracing/opentracing-api/0.33.0/opentracing-api-0.33.0.jar:/home/runner/.m2/repository/io/opentracing/opentracing-noop/0.33.0/opentracing-noop-0.33.0.jar:/home/runner/.m2/repository/org/yaml/snakeyaml/1.26/snakeyaml-1.26.jar:/home/runner/.m2/repository/org/apache/ozone/hdds-interface-admin/1.2.0-SNAPSHOT/hdds-interface-admin-1.2.0-SNAPSHOT.jar:/home/runner/.m2/repository/junit/junit/4.13.1/junit-4.13.1.jar:/home/runner/.m2/repository/org/hamcrest/hamcrest-core/1.3/hamcrest-core-1.3.jar:/home/runner/.m2/repository/org/junit/jupiter/junit-jupiter-api/5.7.0/junit-jupiter-api-5.7.0.jar:/home/runner/.m2/repository/org/apiguardian/apiguardian-api/1.1.0/apiguardian-api-1.1.0.jar:/home/runner/.m2/repository/org/opentest4j/opentest4j/1.2.0/opentest4j-1.2.0.jar:/home/runner/.m2/repository/org/junit/platform/junit-platform-commons/1.7.0/junit-platform-commons-1.7.0.jar:/home/runner/.m2/repository/org/junit/jupiter/junit-jupiter-engine/5.7.0/junit-jupiter-engine-5.7.0.jar:/home/runner/.m2/repository/org/junit/platform/junit-platform-engine/1.7.0/junit-platform-engine-1.7.0.jar:/home/runner/.m2/repository/org/junit/vintage/junit-vintage-engine/5.7.0/junit-vintage-engine-5.7.0.jar:/home/runner/.m2/repository/org/junit/platform/junit-platform-launcher/1.7.0/junit-platform-launcher-1.7.0.jar:/home/runner/.m2/repository/org/openjdk/jmh/jmh-core/1.19/jmh-core-1.19.jar:/home/runner/.m2/repository/net/sf/jopt-simple/jopt-simple/4.6/jopt-simple-4.6.jar:/home/runner/.m2/repository/org/apache/commons/commons-math3/3.1.1/commons-math3-3.1.1.jar:/home/runner/.m2/repository/org/openjdk/jmh/jmh-generator-annprocess/1.19/jmh-generator-annprocess-1.19.jar:/home/runner/.m2/repository/org/mockito/mockito-core/2.28.2/mockito-core-2.28.2.jar:/home/runner/.m2/repository/net/bytebuddy/byte-buddy/1.9.10/byte-buddy-1.9.10.jar:/home/runner/.m2/repository/net/bytebuddy/byte-buddy-agent/1.9.10/byte-buddy-agent-1.9.10.jar:/home/runner/.m2/repository/org/objenesis/objenesis/1.0/objenesis-1.0.jar:/home/runner/.m2/repository/org/apache/hadoop/hadoop-kms/3.3.1/hadoop-kms-3.3.1.jar:/home/runner/.m2/repository/org/apache/hadoop/hadoop-auth/3.3.1/hadoop-auth-3.3.1.jar:/home/runner/.m2/repository/com/nimbusds/nimbus-jose-jwt/7.9/nimbus-jose-jwt-7.9.jar:/home/runner/.m2/repository/com/github/stephenc/jcip/jcip-annotations/1.0-1/jcip-annotations-1.0-1.jar:/home/runner/.m2/repository/net/minidev/json-smart/2.3.1/json-smart-2.3.1.jar:/home/runner/.m2/repository/net/minidev/accessors-smart/2.3.1/accessors-smart-2.3.1.jar:/home/runner/.m2/repository/org/ow2/asm/asm/5.0.4/asm-5.0.4.jar:/home/runner/.m2/repository/org/apache/zookeeper/zookeeper/3.5.6/zookeeper-3.5.6.jar:/home/runner/.m2/repository/org/apache/zookeeper/zookeeper-jute/3.5.6/zookeeper-jute-3.5.6.jar:/home/runner/.m2/repository/org/apache/yetus/audience-annotations/0.5.0/audience-annotations-0.5.0.jar:/home/runner/.m2/repository/org/apache/curator/curator-framework/4.2.0/curator-framework-4.2.0.jar:/home/runner/.m2/repository/org/apache/hadoop/thirdparty/hadoop-shaded-guava/1.1.1/hadoop-shaded-guava-1.1.1.jar:/home/runner/.m2/repository/com/sun/jersey/jersey-core/1.19/jersey-core-1.19.jar:/home/runner/.m2/repository/javax/ws/rs/jsr311-api/1.1.1/jsr311-api-1.1.1.jar:/home/runner/.m2/repository/com/sun/jersey/jersey-server/1.19/jersey-server-1.19.jar:/home/runner/.m2/repository/javax/servlet/javax.servlet-api/3.1.0/javax.servlet-api-3.1.0.jar:/home/runner/.m2/repository/org/eclipse/jetty/jetty-server/9.4.43.v20210629/jetty-server-9.4.43.v20210629.jar:/home/runner/.m2/repository/org/eclipse/jetty/jetty-http/9.4.43.v20210629/jetty-http-9.4.43.v20210629.jar:/home/runner/.m2/repository/org/eclipse/jetty/jetty-io/9.4.43.v20210629/jetty-io-9.4.43.v20210629.jar:/home/runner/.m2/repository/org/eclipse/jetty/jetty-webapp/9.4.43.v20210629/jetty-webapp-9.4.43.v20210629.jar:/home/runner/.m2/repository/org/eclipse/jetty/jetty-xml/9.4.43.v20210629/jetty-xml-9.4.43.v20210629.jar:/home/runner/.m2/repository/org/apache/hadoop/hadoop-common/3.3.1/hadoop-common-3.3.1.jar:/home/runner/.m2/repository/commons-net/commons-net/3.6/commons-net-3.6.jar:/home/runner/.m2/repository/jakarta/activation/jakarta.activation-api/1.2.1/jakarta.activation-api-1.2.1.jar:/home/runner/.m2/repository/com/sun/jersey/jersey-servlet/1.19/jersey-servlet-1.19.jar:/home/runner/.m2/repository/com/sun/jersey/jersey-json/1.19/jersey-json-1.19.jar:/home/runner/.m2/repository/org/codehaus/jettison/jettison/1.1/jettison-1.1.jar:/home/runner/.m2/repository/com/sun/xml/bind/jaxb-impl/2.2.3-1/jaxb-impl-2.2.3-1.jar:/home/runner/.m2/repository/org/codehaus/jackson/jackson-jaxrs/1.9.2/jackson-jaxrs-1.9.2.jar:/home/runner/.m2/repository/org/codehaus/jackson/jackson-xc/1.9.2/jackson-xc-1.9.2.jar:/home/runner/.m2/repository/org/apache/commons/commons-configuration2/2.1.1/commons-configuration2-2.1.1.jar:/home/runner/.m2/repository/org/apache/commons/commons-text/1.4/commons-text-1.4.jar:/home/runner/.m2/repository/com/google/re2j/re2j/1.1/re2j-1.1.jar:/home/runner/.m2/repository/com/jcraft/jsch/0.1.54/jsch-0.1.54.jar:/home/runner/.m2/repository/org/apache/curator/curator-client/4.2.0/curator-client-4.2.0.jar:/home/runner/.m2/repository/org/apache/curator/curator-recipes/4.2.0/curator-recipes-4.2.0.jar:/home/runner/.m2/repository/org/apache/kerby/kerb-core/1.0.1/kerb-core-1.0.1.jar:/home/runner/.m2/repository/org/apache/kerby/kerby-pkix/1.0.1/kerby-pkix-1.0.1.jar:/home/runner/.m2/repository/org/apache/kerby/kerby-asn1/1.0.1/kerby-asn1-1.0.1.jar:/home/runner/.m2/repository/org/apache/kerby/kerby-util/1.0.1/kerby-util-1.0.1.jar:/home/runner/.m2/repository/dnsjava/dnsjava/2.1.7/dnsjava-2.1.7.jar:/home/runner/.m2/repository/org/xerial/snappy/snappy-java/1.1.8.2/snappy-java-1.1.8.2.jar:/home/runner/.m2/repository/org/slf4j/jul-to-slf4j/1.7.30/jul-to-slf4j-1.7.30.jar:/home/runner/.m2/repository/org/eclipse/jetty/jetty-util/9.4.43.v20210629/jetty-util-9.4.43.v20210629.jar:/home/runner/.m2/repository/com/fasterxml/jackson/core/jackson-databind/2.12.1/jackson-databind-2.12.1.jar:/home/runner/.m2/repository/org/apache/hadoop/hadoop-kms/3.3.1/hadoop-kms-3.3.1-tests.jar:/home/runner/.m2/repository/org/apache/ozone/hdds-server-scm/1.2.0-SNAPSHOT/hdds-server-scm-1.2.0-SNAPSHOT-tests.jar:/home/runner/.m2/repository/org/apache/ozone/hdds-container-service/1.2.0-SNAPSHOT/hdds-container-service-1.2.0-SNAPSHOT-tests.jar:/home/runner/.m2/repository/commons-codec/commons-codec/1.11/commons-codec-1.11.jar:/home/runner/.m2/repository/io/netty/netty-transport/4.1.63.Final/netty-transport-4.1.63.Final.jar:/home/runner/.m2/repository/io/netty/netty-resolver/4.1.63.Final/netty-resolver-4.1.63.Final.jar:/home/runner/.m2/repository/io/netty/netty-codec/4.1.63.Final/netty-codec-4.1.63.Final.jar:/home/runner/.m2/repository/io/netty/netty-handler/4.1.63.Final/netty-handler-4.1.63.Final.jar:/home/runner/.m2/repository/org/apache/ozone/hdds-hadoop-dependency-test/1.2.0-SNAPSHOT/hdds-hadoop-dependency-test-1.2.0-SNAPSHOT.jar:/home/runner/.m2/repository/org/apache/hadoop/hadoop-common/3.3.1/hadoop-common-3.3.1-tests.jar:/home/runner/.m2/repository/org/assertj/assertj-core/3.12.2/assertj-core-3.12.2.jar:/home/runner/.m2/repository/org/apache/hadoop/hadoop-hdfs/3.3.1/hadoop-hdfs-3.3.1-tests.jar:/home/runner/.m2/repository/org/eclipse/jetty/jetty-util-ajax/9.4.43.v20210629/jetty-util-ajax-9.4.43.v20210629.jar:/home/runner/.m2/repository/commons-daemon/commons-daemon/1.0.13/commons-daemon-1.0.13.jar:/home/runner/.m2/repository/io/netty/netty/3.10.6.Final/netty-3.10.6.Final.jar:/home/runner/.m2/repository/io/netty/netty-all/4.1.63.Final/netty-all-4.1.63.Final.jar:/home/runner/.m2/repository/org/apache/htrace/htrace-core4/4.1.0-incubating/htrace-core4-4.1.0-incubating.jar:/home/runner/.m2/repository/org/fusesource/leveldbjni/leveldbjni-all/1.8/leveldbjni-all-1.8.jar:/home/runner/.m2/repository/org/apache/hadoop/hadoop-distcp/3.3.1/hadoop-distcp-3.3.1.jar:/home/runner/.m2/repository/org/apache/hadoop/hadoop-mapreduce-client-jobclient/3.3.1/hadoop-mapreduce-client-jobclient-3.3.1.jar:/home/runner/.m2/repository/org/apache/hadoop/hadoop-mapreduce-client-common/3.3.1/hadoop-mapreduce-client-common-3.3.1.jar:/home/runner/.m2/repository/org/apache/hadoop/hadoop-yarn-common/3.3.1/hadoop-yarn-common-3.3.1.jar:/home/runner/.m2/repository/org/apache/hadoop/hadoop-yarn-api/3.3.1/hadoop-yarn-api-3.3.1.jar:/home/runner/.m2/repository/com/sun/jersey/jersey-client/1.19/jersey-client-1.19.jar:/home/runner/.m2/repository/com/sun/jersey/contribs/jersey-guice/1.19/jersey-guice-1.19.jar:/home/runner/.m2/repository/com/fasterxml/jackson/jaxrs/jackson-jaxrs-json-provider/2.12.1/jackson-jaxrs-json-provider-2.12.1.jar:/home/runner/.m2/repository/com/fasterxml/jackson/jaxrs/jackson-jaxrs-base/2.12.1/jackson-jaxrs-base-2.12.1.jar:/home/runner/.m2/repository/org/apache/hadoop/hadoop-yarn-client/3.3.1/hadoop-yarn-client-3.3.1.jar:/home/runner/.m2/repository/org/eclipse/jetty/websocket/websocket-client/9.4.40.v20210413/websocket-client-9.4.40.v20210413.jar:/home/runner/.m2/repository/org/eclipse/jetty/jetty-client/9.4.40.v20210413/jetty-client-9.4.40.v20210413.jar:/home/runner/.m2/repository/org/eclipse/jetty/websocket/websocket-common/9.4.40.v20210413/websocket-common-9.4.40.v20210413.jar:/home/runner/.m2/repository/org/eclipse/jetty/websocket/websocket-api/9.4.40.v20210413/websocket-api-9.4.40.v20210413.jar:/home/runner/.m2/repository/org/jline/jline/3.9.0/jline-3.9.0.jar:/home/runner/.m2/repository/org/apache/hadoop/hadoop-mapreduce-client-core/3.3.1/hadoop-mapreduce-client-core-3.3.1.jar:/home/runner/.m2/repository/org/apache/avro/avro/1.7.7/avro-1.7.7.jar:/home/runner/.m2/repository/org/codehaus/jackson/jackson-core-asl/1.9.13/jackson-core-asl-1.9.13.jar:/home/runner/.m2/repository/org/codehaus/jackson/jackson-mapper-asl/1.9.13/jackson-mapper-asl-1.9.13.jar:/home/runner/.m2/repository/com/thoughtworks/paranamer/paranamer/2.3/paranamer-2.3.jar:/home/runner/.m2/repository/org/apache/hadoop/hadoop-annotations/3.3.1/hadoop-annotations-3.3.1.jar:/usr/lib/jvm/adoptopenjdk-8-hotspot-amd64/jre/../lib/tools.jar:/home/runner/.m2/repository/org/apache/hadoop/hadoop-distcp/3.3.1/hadoop-distcp-3.3.1-tests.jar:/home/runner/.m2/repository/org/apache/ratis/ratis-common/2.2.0/ratis-common-2.2.0.jar:/home/runner/.m2/repository/org/apache/ratis/ratis-thirdparty-misc/0.7.0/ratis-thirdparty-misc-0.7.0.jar:/home/runner/.m2/repository/org/apache/ratis/ratis-proto/2.2.0/ratis-proto-2.2.0.jar:"/>
    <property name="java.vm.vendor" value="AdoptOpenJDK"/>
    <property name="sun.arch.data.model" value="64"/>
    <property name="test.build.dir" value="/home/runner/work/ozone/ozone/hadoop-ozone/integration-test/target/test-dir"/>
    <property name="test.cache.data" value=""/>
    <property name="java.vendor.url" value="https://adoptopenjdk.net/"/>
    <property name="user.timezone" value=""/>
    <property name="java.vm.specification.version" value="1.8"/>
    <property name="os.name" value="Linux"/>
    <property name="test.build.data" value="/home/runner/work/ozone/ozone/hadoop-ozone/integration-test/target/test-dir"/>
    <property name="sun.java.launcher" value="SUN_STANDARD"/>
    <property name="sun.boot.library.path" value="/usr/lib/jvm/adoptopenjdk-8-hotspot-amd64/jre/lib/amd64"/>
    <property name="sun.java.command" value="/home/runner/work/ozone/ozone/hadoop-ozone/integration-test/target/surefire/surefirebooter6006755761846850761.jar /home/runner/work/ozone/ozone/hadoop-ozone/integration-test/target/surefire 2021-11-06T12-48-13_742-jvmRun1 surefire7167032164195042358tmp surefire_67809667905517067177tmp"/>
    <property name="surefire.test.class.path" value="/home/runner/work/ozone/ozone/hadoop-ozone/integration-test/target/test-classes:/home/runner/work/ozone/ozone/hadoop-ozone/integration-test/target/classes:/home/runner/.m2/repository/org/apache/ozone/ozone-common/1.2.0-SNAPSHOT/ozone-common-1.2.0-SNAPSHOT.jar:/home/runner/.m2/repository/org/apache/commons/commons-compress/1.21/commons-compress-1.21.jar:/home/runner/.m2/repository/org/apache/ozone/hdds-common/1.2.0-SNAPSHOT/hdds-common-1.2.0-SNAPSHOT.jar:/home/runner/.m2/repository/org/apache/ozone/hdds-client/1.2.0-SNAPSHOT/hdds-client-1.2.0-SNAPSHOT.jar:/home/runner/.m2/repository/org/apache/ozone/ozone-interface-client/1.2.0-SNAPSHOT/ozone-interface-client-1.2.0-SNAPSHOT.jar:/home/runner/.m2/repository/org/apache/ozone/hdds-test-utils/1.2.0-SNAPSHOT/hdds-test-utils-1.2.0-SNAPSHOT.jar:/home/runner/.m2/repository/com/google/guava/guava/30.1.1-jre/guava-30.1.1-jre.jar:/home/runner/.m2/repository/com/google/guava/failureaccess/1.0.1/failureaccess-1.0.1.jar:/home/runner/.m2/repository/com/google/guava/listenablefuture/9999.0-empty-to-avoid-conflict-with-guava/listenablefuture-9999.0-empty-to-avoid-conflict-with-guava.jar:/home/runner/.m2/repository/com/google/code/findbugs/jsr305/3.0.0/jsr305-3.0.0.jar:/home/runner/.m2/repository/org/checkerframework/checker-qual/3.8.0/checker-qual-3.8.0.jar:/home/runner/.m2/repository/com/google/errorprone/error_prone_annotations/2.2.0/error_prone_annotations-2.2.0.jar:/home/runner/.m2/repository/com/google/j2objc/j2objc-annotations/1.3/j2objc-annotations-1.3.jar:/home/runner/.m2/repository/commons-io/commons-io/2.11.0/commons-io-2.11.0.jar:/home/runner/.m2/repository/commons-logging/commons-logging/1.2/commons-logging-1.2.jar:/home/runner/.m2/repository/log4j/log4j/1.2.17/log4j-1.2.17.jar:/home/runner/.m2/repository/org/slf4j/slf4j-api/1.7.30/slf4j-api-1.7.30.jar:/home/runner/.m2/repository/org/apache/ozone/hdds-server-scm/1.2.0-SNAPSHOT/hdds-server-scm-1.2.0-SNAPSHOT.jar:/home/runner/.m2/repository/org/apache/ozone/hdds-container-service/1.2.0-SNAPSHOT/hdds-container-service-1.2.0-SNAPSHOT.jar:/home/runner/.m2/repository/org/apache/ozone/hdds-hadoop-dependency-server/1.2.0-SNAPSHOT/hdds-hadoop-dependency-server-1.2.0-SNAPSHOT.jar:/home/runner/.m2/repository/org/apache/hadoop/hadoop-hdfs/3.3.1/hadoop-hdfs-3.3.1.jar:/home/runner/.m2/repository/org/apache/ozone/hdds-server-framework/1.2.0-SNAPSHOT/hdds-server-framework-1.2.0-SNAPSHOT.jar:/home/runner/.m2/repository/org/apache/ozone/hdds-interface-server/1.2.0-SNAPSHOT/hdds-interface-server-1.2.0-SNAPSHOT.jar:/home/runner/.m2/repository/org/eclipse/jetty/jetty-servlet/9.4.43.v20210629/jetty-servlet-9.4.43.v20210629.jar:/home/runner/.m2/repository/org/eclipse/jetty/jetty-security/9.4.43.v20210629/jetty-security-9.4.43.v20210629.jar:/home/runner/.m2/repository/org/rocksdb/rocksdbjni/6.20.3/rocksdbjni-6.20.3.jar:/home/runner/.m2/repository/io/prometheus/simpleclient_dropwizard/0.7.0/simpleclient_dropwizard-0.7.0.jar:/home/runner/.m2/repository/io/prometheus/simpleclient/0.7.0/simpleclient-0.7.0.jar:/home/runner/.m2/repository/io/prometheus/simpleclient_common/0.7.0/simpleclient_common-0.7.0.jar:/home/runner/.m2/repository/com/fasterxml/jackson/datatype/jackson-datatype-jsr310/2.12.1/jackson-datatype-jsr310-2.12.1.jar:/home/runner/.m2/repository/io/dropwizard/metrics/metrics-core/3.2.4/metrics-core-3.2.4.jar:/home/runner/.m2/repository/org/apache/hadoop/hadoop-hdfs-client/3.3.1/hadoop-hdfs-client-3.3.1.jar:/home/runner/.m2/repository/org/bouncycastle/bcprov-jdk15on/1.67/bcprov-jdk15on-1.67.jar:/home/runner/.m2/repository/com/google/protobuf/protobuf-java/2.5.0/protobuf-java-2.5.0.jar:/home/runner/.m2/repository/org/apache/ozone/ozone-manager/1.2.0-SNAPSHOT/ozone-manager-1.2.0-SNAPSHOT.jar:/home/runner/.m2/repository/org/aspectj/aspectjrt/1.9.7/aspectjrt-1.9.7.jar:/home/runner/.m2/repository/org/aspectj/aspectjweaver/1.9.7/aspectjweaver-1.9.7.jar:/home/runner/.m2/repository/org/apache/ozone/hdds-interface-client/1.2.0-SNAPSHOT/hdds-interface-client-1.2.0-SNAPSHOT.jar:/home/runner/.m2/repository/org/apache/hadoop/thirdparty/hadoop-shaded-protobuf_3_7/1.1.1/hadoop-shaded-protobuf_3_7-1.1.1.jar:/home/runner/.m2/repository/org/apache/ozone/ozone-interface-storage/1.2.0-SNAPSHOT/ozone-interface-storage-1.2.0-SNAPSHOT.jar:/home/runner/.m2/repository/org/reflections/reflections/0.9.11/reflections-0.9.11.jar:/home/runner/.m2/repository/org/apache/hadoop/hadoop-minikdc/3.3.1/hadoop-minikdc-3.3.1.jar:/home/runner/.m2/repository/org/apache/kerby/kerb-simplekdc/1.0.1/kerb-simplekdc-1.0.1.jar:/home/runner/.m2/repository/org/apache/kerby/kerb-client/1.0.1/kerb-client-1.0.1.jar:/home/runner/.m2/repository/org/apache/kerby/kerby-config/1.0.1/kerby-config-1.0.1.jar:/home/runner/.m2/repository/org/apache/kerby/kerb-common/1.0.1/kerb-common-1.0.1.jar:/home/runner/.m2/repository/org/apache/kerby/kerb-crypto/1.0.1/kerb-crypto-1.0.1.jar:/home/runner/.m2/repository/org/apache/kerby/kerb-util/1.0.1/kerb-util-1.0.1.jar:/home/runner/.m2/repository/org/apache/kerby/token-provider/1.0.1/token-provider-1.0.1.jar:/home/runner/.m2/repository/org/apache/kerby/kerb-admin/1.0.1/kerb-admin-1.0.1.jar:/home/runner/.m2/repository/org/apache/kerby/kerb-server/1.0.1/kerb-server-1.0.1.jar:/home/runner/.m2/repository/org/apache/kerby/kerb-identity/1.0.1/kerb-identity-1.0.1.jar:/home/runner/.m2/repository/org/apache/kerby/kerby-xdr/1.0.1/kerby-xdr-1.0.1.jar:/home/runner/.m2/repository/org/slf4j/slf4j-log4j12/1.7.30/slf4j-log4j12-1.7.30.jar:/home/runner/.m2/repository/org/apache/ozone/ozone-s3gateway/1.2.0-SNAPSHOT/ozone-s3gateway-1.2.0-SNAPSHOT.jar:/home/runner/.m2/repository/org/javassist/javassist/3.21.0-GA/javassist-3.21.0-GA.jar:/home/runner/.m2/repository/org/jboss/weld/servlet/weld-servlet/2.4.7.Final/weld-servlet-2.4.7.Final.jar:/home/runner/.m2/repository/org/glassfish/jersey/containers/jersey-container-servlet-core/2.33/jersey-container-servlet-core-2.33.jar:/home/runner/.m2/repository/org/glassfish/hk2/external/jakarta.inject/2.6.1/jakarta.inject-2.6.1.jar:/home/runner/.m2/repository/org/glassfish/jersey/core/jersey-common/2.33/jersey-common-2.33.jar:/home/runner/.m2/repository/jakarta/ws/rs/jakarta.ws.rs-api/2.1.6/jakarta.ws.rs-api-2.1.6.jar:/home/runner/.m2/repository/org/glassfish/jersey/ext/cdi/jersey-cdi1x/2.33/jersey-cdi1x-2.33.jar:/home/runner/.m2/repository/org/glassfish/jersey/inject/jersey-hk2/2.33/jersey-hk2-2.33.jar:/home/runner/.m2/repository/org/glassfish/hk2/hk2-locator/2.6.1/hk2-locator-2.6.1.jar:/home/runner/.m2/repository/org/glassfish/jersey/media/jersey-media-jaxb/2.33/jersey-media-jaxb-2.33.jar:/home/runner/.m2/repository/org/glassfish/hk2/osgi-resource-locator/1.0.3/osgi-resource-locator-1.0.3.jar:/home/runner/.m2/repository/org/glassfish/hk2/hk2-api/2.5.0/hk2-api-2.5.0.jar:/home/runner/.m2/repository/org/glassfish/hk2/hk2-utils/2.5.0/hk2-utils-2.5.0.jar:/home/runner/.m2/repository/org/glassfish/hk2/external/aopalliance-repackaged/2.5.0/aopalliance-repackaged-2.5.0.jar:/home/runner/.m2/repository/com/fasterxml/jackson/dataformat/jackson-dataformat-xml/2.12.1/jackson-dataformat-xml-2.12.1.jar:/home/runner/.m2/repository/com/fasterxml/jackson/core/jackson-core/2.12.1/jackson-core-2.12.1.jar:/home/runner/.m2/repository/com/fasterxml/jackson/module/jackson-module-jaxb-annotations/2.12.1/jackson-module-jaxb-annotations-2.12.1.jar:/home/runner/.m2/repository/jakarta/xml/bind/jakarta.xml.bind-api/2.3.2/jakarta.xml.bind-api-2.3.2.jar:/home/runner/.m2/repository/org/codehaus/woodstox/stax2-api/3.1.4/stax2-api-3.1.4.jar:/home/runner/.m2/repository/com/fasterxml/woodstox/woodstox-core/5.0.3/woodstox-core-5.0.3.jar:/home/runner/.m2/repository/javax/enterprise/cdi-api/1.2/cdi-api-1.2.jar:/home/runner/.m2/repository/javax/el/javax.el-api/3.0.0/javax.el-api-3.0.0.jar:/home/runner/.m2/repository/javax/interceptor/javax.interceptor-api/1.2/javax.interceptor-api-1.2.jar:/home/runner/.m2/repository/javax/inject/javax.inject/1/javax.inject-1.jar:/home/runner/.m2/repository/javax/xml/bind/jaxb-api/2.3.0/jaxb-api-2.3.0.jar:/home/runner/.m2/repository/org/glassfish/jaxb/jaxb-runtime/2.3.0.1/jaxb-runtime-2.3.0.1.jar:/home/runner/.m2/repository/org/glassfish/jaxb/jaxb-core/2.3.0.1/jaxb-core-2.3.0.1.jar:/home/runner/.m2/repository/org/glassfish/jaxb/txw2/2.3.0.1/txw2-2.3.0.1.jar:/home/runner/.m2/repository/com/sun/istack/istack-commons-runtime/3.0.5/istack-commons-runtime-3.0.5.jar:/home/runner/.m2/repository/org/jvnet/staxex/stax-ex/1.7.8/stax-ex-1.7.8.jar:/home/runner/.m2/repository/com/sun/xml/fastinfoset/FastInfoset/1.2.13/FastInfoset-1.2.13.jar:/home/runner/.m2/repository/javax/activation/activation/1.1.1/activation-1.1.1.jar:/home/runner/.m2/repository/org/apache/ozone/ozone-csi/1.2.0-SNAPSHOT/ozone-csi-1.2.0-SNAPSHOT.jar:/home/runner/.m2/repository/com/google/protobuf/protobuf-java-util/3.12.0/protobuf-java-util-3.12.0.jar:/home/runner/.m2/repository/com/google/code/gson/gson/2.2.4/gson-2.2.4.jar:/home/runner/.m2/repository/org/apache/ozone/hdds-config/1.2.0-SNAPSHOT/hdds-config-1.2.0-SNAPSHOT.jar:/home/runner/.m2/repository/io/grpc/grpc-netty/1.33.0/grpc-netty-1.33.0.jar:/home/runner/.m2/repository/io/grpc/grpc-core/1.33.0/grpc-core-1.33.0.jar:/home/runner/.m2/repository/com/google/android/annotations/4.1.1.4/annotations-4.1.1.4.jar:/home/runner/.m2/repository/io/netty/netty-codec-http2/4.1.63.Final/netty-codec-http2-4.1.63.Final.jar:/home/runner/.m2/repository/io/netty/netty-codec-http/4.1.63.Final/netty-codec-http-4.1.63.Final.jar:/home/runner/.m2/repository/io/netty/netty-handler-proxy/4.1.63.Final/netty-handler-proxy-4.1.63.Final.jar:/home/runner/.m2/repository/io/netty/netty-codec-socks/4.1.63.Final/netty-codec-socks-4.1.63.Final.jar:/home/runner/.m2/repository/io/perfmark/perfmark-api/0.19.0/perfmark-api-0.19.0.jar:/home/runner/.m2/repository/org/codehaus/mojo/animal-sniffer-annotations/1.18/animal-sniffer-annotations-1.18.jar:/home/runner/.m2/repository/io/netty/netty-transport-native-epoll/4.1.63.Final/netty-transport-native-epoll-4.1.63.Final.jar:/home/runner/.m2/repository/io/netty/netty-common/4.1.63.Final/netty-common-4.1.63.Final.jar:/home/runner/.m2/repository/io/netty/netty-buffer/4.1.63.Final/netty-buffer-4.1.63.Final.jar:/home/runner/.m2/repository/io/netty/netty-transport-native-unix-common/4.1.63.Final/netty-transport-native-unix-common-4.1.63.Final.jar:/home/runner/.m2/repository/io/grpc/grpc-protobuf/1.33.0/grpc-protobuf-1.33.0.jar:/home/runner/.m2/repository/io/grpc/grpc-api/1.33.0/grpc-api-1.33.0.jar:/home/runner/.m2/repository/io/grpc/grpc-context/1.33.0/grpc-context-1.33.0.jar:/home/runner/.m2/repository/com/google/api/grpc/proto-google-common-protos/1.17.0/proto-google-common-protos-1.17.0.jar:/home/runner/.m2/repository/io/grpc/grpc-protobuf-lite/1.33.0/grpc-protobuf-lite-1.33.0.jar:/home/runner/.m2/repository/io/grpc/grpc-stub/1.33.0/grpc-stub-1.33.0.jar:/home/runner/.m2/repository/org/apache/ozone/ozone-recon/1.2.0-SNAPSHOT/ozone-recon-1.2.0-SNAPSHOT.jar:/home/runner/.m2/repository/org/apache/ozone/ozone-reconcodegen/1.2.0-SNAPSHOT/ozone-reconcodegen-1.2.0-SNAPSHOT.jar:/home/runner/.m2/repository/com/google/inject/extensions/guice-multibindings/4.0/guice-multibindings-4.0.jar:/home/runner/.m2/repository/com/google/inject/guice/4.0/guice-4.0.jar:/home/runner/.m2/repository/aopalliance/aopalliance/1.0/aopalliance-1.0.jar:/home/runner/.m2/repository/com/google/inject/extensions/guice-assistedinject/4.0/guice-assistedinject-4.0.jar:/home/runner/.m2/repository/com/google/inject/extensions/guice-servlet/4.0/guice-servlet-4.0.jar:/home/runner/.m2/repository/org/glassfish/jersey/containers/jersey-container-servlet/2.33/jersey-container-servlet-2.33.jar:/home/runner/.m2/repository/org/glassfish/hk2/guice-bridge/2.5.0/guice-bridge-2.5.0.jar:/home/runner/.m2/repository/org/glassfish/jersey/core/jersey-server/2.33/jersey-server-2.33.jar:/home/runner/.m2/repository/org/glassfish/jersey/core/jersey-client/2.33/jersey-client-2.33.jar:/home/runner/.m2/repository/jakarta/annotation/jakarta.annotation-api/1.3.5/jakarta.annotation-api-1.3.5.jar:/home/runner/.m2/repository/jakarta/validation/jakarta.validation-api/2.0.2/jakarta.validation-api-2.0.2.jar:/home/runner/.m2/repository/org/glassfish/jersey/media/jersey-media-json-jackson/2.33/jersey-media-json-jackson-2.33.jar:/home/runner/.m2/repository/org/glassfish/jersey/ext/jersey-entity-filtering/2.33/jersey-entity-filtering-2.33.jar:/home/runner/.m2/repository/org/jooq/jooq/3.11.10/jooq-3.11.10.jar:/home/runner/.m2/repository/org/jooq/jooq-meta/3.11.10/jooq-meta-3.11.10.jar:/home/runner/.m2/repository/org/jooq/jooq-codegen/3.11.10/jooq-codegen-3.11.10.jar:/home/runner/.m2/repository/com/jolbox/bonecp/0.8.0.RELEASE/bonecp-0.8.0.RELEASE.jar:/home/runner/.m2/repository/org/apache/derby/derby/10.14.2.0/derby-10.14.2.0.jar:/home/runner/.m2/repository/org/xerial/sqlite-jdbc/3.25.2/sqlite-jdbc-3.25.2.jar:/home/runner/.m2/repository/org/springframework/spring-jdbc/5.2.17.RELEASE/spring-jdbc-5.2.17.RELEASE.jar:/home/runner/.m2/repository/org/springframework/spring-beans/5.2.17.RELEASE/spring-beans-5.2.17.RELEASE.jar:/home/runner/.m2/repository/org/springframework/spring-core/5.2.17.RELEASE/spring-core-5.2.17.RELEASE.jar:/home/runner/.m2/repository/org/springframework/spring-jcl/5.2.17.RELEASE/spring-jcl-5.2.17.RELEASE.jar:/home/runner/.m2/repository/org/springframework/spring-tx/5.2.17.RELEASE/spring-tx-5.2.17.RELEASE.jar:/home/runner/.m2/repository/org/apache/ozone/ozone-client/1.2.0-SNAPSHOT/ozone-client-1.2.0-SNAPSHOT.jar:/home/runner/.m2/repository/org/apache/ozone/ozone-filesystem/1.2.0-SNAPSHOT/ozone-filesystem-1.2.0-SNAPSHOT.jar:/home/runner/.m2/repository/org/apache/ozone/ozone-filesystem-common/1.2.0-SNAPSHOT/ozone-filesystem-common-1.2.0-SNAPSHOT.jar:/home/runner/.m2/repository/org/apache/ozone/ozone-tools/1.2.0-SNAPSHOT/ozone-tools-1.2.0-SNAPSHOT.jar:/home/runner/.m2/repository/org/apache/ratis/ratis-tools/2.2.0/ratis-tools-2.2.0.jar:/home/runner/.m2/repository/com/amazonaws/aws-java-sdk-core/1.11.1034/aws-java-sdk-core-1.11.1034.jar:/home/runner/.m2/repository/org/apache/httpcomponents/httpclient/4.5.13/httpclient-4.5.13.jar:/home/runner/.m2/repository/org/apache/httpcomponents/httpcore/4.4.13/httpcore-4.4.13.jar:/home/runner/.m2/repository/software/amazon/ion/ion-java/1.0.2/ion-java-1.0.2.jar:/home/runner/.m2/repository/com/fasterxml/jackson/dataformat/jackson-dataformat-cbor/2.12.1/jackson-dataformat-cbor-2.12.1.jar:/home/runner/.m2/repository/joda-time/joda-time/2.8.1/joda-time-2.8.1.jar:/home/runner/.m2/repository/com/amazonaws/aws-java-sdk-s3/1.11.1034/aws-java-sdk-s3-1.11.1034.jar:/home/runner/.m2/repository/com/amazonaws/aws-java-sdk-kms/1.11.1034/aws-java-sdk-kms-1.11.1034.jar:/home/runner/.m2/repository/com/amazonaws/jmespath-java/1.11.1034/jmespath-java-1.11.1034.jar:/home/runner/.m2/repository/org/kohsuke/metainf-services/metainf-services/1.8/metainf-services-1.8.jar:/home/runner/.m2/repository/org/apache/ozone/hdds-tools/1.2.0-SNAPSHOT/hdds-tools-1.2.0-SNAPSHOT.jar:/home/runner/.m2/repository/commons-cli/commons-cli/1.2/commons-cli-1.2.jar:/home/runner/.m2/repository/org/apache/commons/commons-lang3/3.7/commons-lang3-3.7.jar:/home/runner/.m2/repository/org/apache/ozone/ozone-manager/1.2.0-SNAPSHOT/ozone-manager-1.2.0-SNAPSHOT-tests.jar:/home/runner/.m2/repository/org/apache/ozone/hdds-common/1.2.0-SNAPSHOT/hdds-common-1.2.0-SNAPSHOT-tests.jar:/home/runner/.m2/repository/org/apache/ozone/hdds-hadoop-dependency-client/1.2.0-SNAPSHOT/hdds-hadoop-dependency-client-1.2.0-SNAPSHOT.jar:/home/runner/.m2/repository/info/picocli/picocli/4.6.1/picocli-4.6.1.jar:/home/runner/.m2/repository/com/fasterxml/jackson/core/jackson-annotations/2.12.1/jackson-annotations-2.12.1.jar:/home/runner/.m2/repository/javax/annotation/javax.annotation-api/1.2/javax.annotation-api-1.2.jar:/home/runner/.m2/repository/org/apache/ratis/ratis-server/2.2.0/ratis-server-2.2.0.jar:/home/runner/.m2/repository/org/apache/ratis/ratis-client/2.2.0/ratis-client-2.2.0.jar:/home/runner/.m2/repository/org/apache/ratis/ratis-server-api/2.2.0/ratis-server-api-2.2.0.jar:/home/runner/.m2/repository/org/apache/ratis/ratis-metrics/2.2.0/ratis-metrics-2.2.0.jar:/home/runner/.m2/repository/org/apache/ratis/ratis-netty/2.2.0/ratis-netty-2.2.0.jar:/home/runner/.m2/repository/org/apache/ratis/ratis-grpc/2.2.0/ratis-grpc-2.2.0.jar:/home/runner/.m2/repository/org/apache/logging/log4j/log4j-api/2.13.3/log4j-api-2.13.3.jar:/home/runner/.m2/repository/org/apache/logging/log4j/log4j-core/2.13.3/log4j-core-2.13.3.jar:/home/runner/.m2/repository/com/lmax/disruptor/3.4.2/disruptor-3.4.2.jar:/home/runner/.m2/repository/org/apache/commons/commons-pool2/2.6.0/commons-pool2-2.6.0.jar:/home/runner/.m2/repository/org/bouncycastle/bcpkix-jdk15on/1.67/bcpkix-jdk15on-1.67.jar:/home/runner/.m2/repository/commons-validator/commons-validator/1.6/commons-validator-1.6.jar:/home/runner/.m2/repository/commons-beanutils/commons-beanutils/1.9.4/commons-beanutils-1.9.4.jar:/home/runner/.m2/repository/commons-digester/commons-digester/1.8.1/commons-digester-1.8.1.jar:/home/runner/.m2/repository/commons-collections/commons-collections/3.2.2/commons-collections-3.2.2.jar:/home/runner/.m2/repository/io/jaegertracing/jaeger-client/1.6.0/jaeger-client-1.6.0.jar:/home/runner/.m2/repository/io/jaegertracing/jaeger-thrift/1.6.0/jaeger-thrift-1.6.0.jar:/home/runner/.m2/repository/org/apache/thrift/libthrift/0.14.1/libthrift-0.14.1.jar:/home/runner/.m2/repository/com/squareup/okhttp3/okhttp/4.9.0/okhttp-4.9.0.jar:/home/runner/.m2/repository/com/squareup/okio/okio/2.8.0/okio-2.8.0.jar:/home/runner/.m2/repository/io/jaegertracing/jaeger-core/1.6.0/jaeger-core-1.6.0.jar:/home/runner/.m2/repository/io/jaegertracing/jaeger-tracerresolver/1.6.0/jaeger-tracerresolver-1.6.0.jar:/home/runner/.m2/repository/io/opentracing/contrib/opentracing-tracerresolver/0.1.8/opentracing-tracerresolver-0.1.8.jar:/home/runner/.m2/repository/org/jetbrains/kotlin/kotlin-stdlib/1.4.31/kotlin-stdlib-1.4.31.jar:/home/runner/.m2/repository/org/jetbrains/kotlin/kotlin-stdlib-common/1.4.31/kotlin-stdlib-common-1.4.31.jar:/home/runner/.m2/repository/org/jetbrains/annotations/13.0/annotations-13.0.jar:/home/runner/.m2/repository/io/opentracing/opentracing-util/0.33.0/opentracing-util-0.33.0.jar:/home/runner/.m2/repository/io/opentracing/opentracing-api/0.33.0/opentracing-api-0.33.0.jar:/home/runner/.m2/repository/io/opentracing/opentracing-noop/0.33.0/opentracing-noop-0.33.0.jar:/home/runner/.m2/repository/org/yaml/snakeyaml/1.26/snakeyaml-1.26.jar:/home/runner/.m2/repository/org/apache/ozone/hdds-interface-admin/1.2.0-SNAPSHOT/hdds-interface-admin-1.2.0-SNAPSHOT.jar:/home/runner/.m2/repository/junit/junit/4.13.1/junit-4.13.1.jar:/home/runner/.m2/repository/org/hamcrest/hamcrest-core/1.3/hamcrest-core-1.3.jar:/home/runner/.m2/repository/org/junit/jupiter/junit-jupiter-api/5.7.0/junit-jupiter-api-5.7.0.jar:/home/runner/.m2/repository/org/apiguardian/apiguardian-api/1.1.0/apiguardian-api-1.1.0.jar:/home/runner/.m2/repository/org/opentest4j/opentest4j/1.2.0/opentest4j-1.2.0.jar:/home/runner/.m2/repository/org/junit/platform/junit-platform-commons/1.7.0/junit-platform-commons-1.7.0.jar:/home/runner/.m2/repository/org/junit/jupiter/junit-jupiter-engine/5.7.0/junit-jupiter-engine-5.7.0.jar:/home/runner/.m2/repository/org/junit/platform/junit-platform-engine/1.7.0/junit-platform-engine-1.7.0.jar:/home/runner/.m2/repository/org/junit/vintage/junit-vintage-engine/5.7.0/junit-vintage-engine-5.7.0.jar:/home/runner/.m2/repository/org/junit/platform/junit-platform-launcher/1.7.0/junit-platform-launcher-1.7.0.jar:/home/runner/.m2/repository/org/openjdk/jmh/jmh-core/1.19/jmh-core-1.19.jar:/home/runner/.m2/repository/net/sf/jopt-simple/jopt-simple/4.6/jopt-simple-4.6.jar:/home/runner/.m2/repository/org/apache/commons/commons-math3/3.1.1/commons-math3-3.1.1.jar:/home/runner/.m2/repository/org/openjdk/jmh/jmh-generator-annprocess/1.19/jmh-generator-annprocess-1.19.jar:/home/runner/.m2/repository/org/mockito/mockito-core/2.28.2/mockito-core-2.28.2.jar:/home/runner/.m2/repository/net/bytebuddy/byte-buddy/1.9.10/byte-buddy-1.9.10.jar:/home/runner/.m2/repository/net/bytebuddy/byte-buddy-agent/1.9.10/byte-buddy-agent-1.9.10.jar:/home/runner/.m2/repository/org/objenesis/objenesis/1.0/objenesis-1.0.jar:/home/runner/.m2/repository/org/apache/hadoop/hadoop-kms/3.3.1/hadoop-kms-3.3.1.jar:/home/runner/.m2/repository/org/apache/hadoop/hadoop-auth/3.3.1/hadoop-auth-3.3.1.jar:/home/runner/.m2/repository/com/nimbusds/nimbus-jose-jwt/7.9/nimbus-jose-jwt-7.9.jar:/home/runner/.m2/repository/com/github/stephenc/jcip/jcip-annotations/1.0-1/jcip-annotations-1.0-1.jar:/home/runner/.m2/repository/net/minidev/json-smart/2.3.1/json-smart-2.3.1.jar:/home/runner/.m2/repository/net/minidev/accessors-smart/2.3.1/accessors-smart-2.3.1.jar:/home/runner/.m2/repository/org/ow2/asm/asm/5.0.4/asm-5.0.4.jar:/home/runner/.m2/repository/org/apache/zookeeper/zookeeper/3.5.6/zookeeper-3.5.6.jar:/home/runner/.m2/repository/org/apache/zookeeper/zookeeper-jute/3.5.6/zookeeper-jute-3.5.6.jar:/home/runner/.m2/repository/org/apache/yetus/audience-annotations/0.5.0/audience-annotations-0.5.0.jar:/home/runner/.m2/repository/org/apache/curator/curator-framework/4.2.0/curator-framework-4.2.0.jar:/home/runner/.m2/repository/org/apache/hadoop/thirdparty/hadoop-shaded-guava/1.1.1/hadoop-shaded-guava-1.1.1.jar:/home/runner/.m2/repository/com/sun/jersey/jersey-core/1.19/jersey-core-1.19.jar:/home/runner/.m2/repository/javax/ws/rs/jsr311-api/1.1.1/jsr311-api-1.1.1.jar:/home/runner/.m2/repository/com/sun/jersey/jersey-server/1.19/jersey-server-1.19.jar:/home/runner/.m2/repository/javax/servlet/javax.servlet-api/3.1.0/javax.servlet-api-3.1.0.jar:/home/runner/.m2/repository/org/eclipse/jetty/jetty-server/9.4.43.v20210629/jetty-server-9.4.43.v20210629.jar:/home/runner/.m2/repository/org/eclipse/jetty/jetty-http/9.4.43.v20210629/jetty-http-9.4.43.v20210629.jar:/home/runner/.m2/repository/org/eclipse/jetty/jetty-io/9.4.43.v20210629/jetty-io-9.4.43.v20210629.jar:/home/runner/.m2/repository/org/eclipse/jetty/jetty-webapp/9.4.43.v20210629/jetty-webapp-9.4.43.v20210629.jar:/home/runner/.m2/repository/org/eclipse/jetty/jetty-xml/9.4.43.v20210629/jetty-xml-9.4.43.v20210629.jar:/home/runner/.m2/repository/org/apache/hadoop/hadoop-common/3.3.1/hadoop-common-3.3.1.jar:/home/runner/.m2/repository/commons-net/commons-net/3.6/commons-net-3.6.jar:/home/runner/.m2/repository/jakarta/activation/jakarta.activation-api/1.2.1/jakarta.activation-api-1.2.1.jar:/home/runner/.m2/repository/com/sun/jersey/jersey-servlet/1.19/jersey-servlet-1.19.jar:/home/runner/.m2/repository/com/sun/jersey/jersey-json/1.19/jersey-json-1.19.jar:/home/runner/.m2/repository/org/codehaus/jettison/jettison/1.1/jettison-1.1.jar:/home/runner/.m2/repository/com/sun/xml/bind/jaxb-impl/2.2.3-1/jaxb-impl-2.2.3-1.jar:/home/runner/.m2/repository/org/codehaus/jackson/jackson-jaxrs/1.9.2/jackson-jaxrs-1.9.2.jar:/home/runner/.m2/repository/org/codehaus/jackson/jackson-xc/1.9.2/jackson-xc-1.9.2.jar:/home/runner/.m2/repository/org/apache/commons/commons-configuration2/2.1.1/commons-configuration2-2.1.1.jar:/home/runner/.m2/repository/org/apache/commons/commons-text/1.4/commons-text-1.4.jar:/home/runner/.m2/repository/com/google/re2j/re2j/1.1/re2j-1.1.jar:/home/runner/.m2/repository/com/jcraft/jsch/0.1.54/jsch-0.1.54.jar:/home/runner/.m2/repository/org/apache/curator/curator-client/4.2.0/curator-client-4.2.0.jar:/home/runner/.m2/repository/org/apache/curator/curator-recipes/4.2.0/curator-recipes-4.2.0.jar:/home/runner/.m2/repository/org/apache/kerby/kerb-core/1.0.1/kerb-core-1.0.1.jar:/home/runner/.m2/repository/org/apache/kerby/kerby-pkix/1.0.1/kerby-pkix-1.0.1.jar:/home/runner/.m2/repository/org/apache/kerby/kerby-asn1/1.0.1/kerby-asn1-1.0.1.jar:/home/runner/.m2/repository/org/apache/kerby/kerby-util/1.0.1/kerby-util-1.0.1.jar:/home/runner/.m2/repository/dnsjava/dnsjava/2.1.7/dnsjava-2.1.7.jar:/home/runner/.m2/repository/org/xerial/snappy/snappy-java/1.1.8.2/snappy-java-1.1.8.2.jar:/home/runner/.m2/repository/org/slf4j/jul-to-slf4j/1.7.30/jul-to-slf4j-1.7.30.jar:/home/runner/.m2/repository/org/eclipse/jetty/jetty-util/9.4.43.v20210629/jetty-util-9.4.43.v20210629.jar:/home/runner/.m2/repository/com/fasterxml/jackson/core/jackson-databind/2.12.1/jackson-databind-2.12.1.jar:/home/runner/.m2/repository/org/apache/hadoop/hadoop-kms/3.3.1/hadoop-kms-3.3.1-tests.jar:/home/runner/.m2/repository/org/apache/ozone/hdds-server-scm/1.2.0-SNAPSHOT/hdds-server-scm-1.2.0-SNAPSHOT-tests.jar:/home/runner/.m2/repository/org/apache/ozone/hdds-container-service/1.2.0-SNAPSHOT/hdds-container-service-1.2.0-SNAPSHOT-tests.jar:/home/runner/.m2/repository/commons-codec/commons-codec/1.11/commons-codec-1.11.jar:/home/runner/.m2/repository/io/netty/netty-transport/4.1.63.Final/netty-transport-4.1.63.Final.jar:/home/runner/.m2/repository/io/netty/netty-resolver/4.1.63.Final/netty-resolver-4.1.63.Final.jar:/home/runner/.m2/repository/io/netty/netty-codec/4.1.63.Final/netty-codec-4.1.63.Final.jar:/home/runner/.m2/repository/io/netty/netty-handler/4.1.63.Final/netty-handler-4.1.63.Final.jar:/home/runner/.m2/repository/org/apache/ozone/hdds-hadoop-dependency-test/1.2.0-SNAPSHOT/hdds-hadoop-dependency-test-1.2.0-SNAPSHOT.jar:/home/runner/.m2/repository/org/apache/hadoop/hadoop-common/3.3.1/hadoop-common-3.3.1-tests.jar:/home/runner/.m2/repository/org/assertj/assertj-core/3.12.2/assertj-core-3.12.2.jar:/home/runner/.m2/repository/org/apache/hadoop/hadoop-hdfs/3.3.1/hadoop-hdfs-3.3.1-tests.jar:/home/runner/.m2/repository/org/eclipse/jetty/jetty-util-ajax/9.4.43.v20210629/jetty-util-ajax-9.4.43.v20210629.jar:/home/runner/.m2/repository/commons-daemon/commons-daemon/1.0.13/commons-daemon-1.0.13.jar:/home/runner/.m2/repository/io/netty/netty/3.10.6.Final/netty-3.10.6.Final.jar:/home/runner/.m2/repository/io/netty/netty-all/4.1.63.Final/netty-all-4.1.63.Final.jar:/home/runner/.m2/repository/org/apache/htrace/htrace-core4/4.1.0-incubating/htrace-core4-4.1.0-incubating.jar:/home/runner/.m2/repository/org/fusesource/leveldbjni/leveldbjni-all/1.8/leveldbjni-all-1.8.jar:/home/runner/.m2/repository/org/apache/hadoop/hadoop-distcp/3.3.1/hadoop-distcp-3.3.1.jar:/home/runner/.m2/repository/org/apache/hadoop/hadoop-mapreduce-client-jobclient/3.3.1/hadoop-mapreduce-client-jobclient-3.3.1.jar:/home/runner/.m2/repository/org/apache/hadoop/hadoop-mapreduce-client-common/3.3.1/hadoop-mapreduce-client-common-3.3.1.jar:/home/runner/.m2/repository/org/apache/hadoop/hadoop-yarn-common/3.3.1/hadoop-yarn-common-3.3.1.jar:/home/runner/.m2/repository/org/apache/hadoop/hadoop-yarn-api/3.3.1/hadoop-yarn-api-3.3.1.jar:/home/runner/.m2/repository/com/sun/jersey/jersey-client/1.19/jersey-client-1.19.jar:/home/runner/.m2/repository/com/sun/jersey/contribs/jersey-guice/1.19/jersey-guice-1.19.jar:/home/runner/.m2/repository/com/fasterxml/jackson/jaxrs/jackson-jaxrs-json-provider/2.12.1/jackson-jaxrs-json-provider-2.12.1.jar:/home/runner/.m2/repository/com/fasterxml/jackson/jaxrs/jackson-jaxrs-base/2.12.1/jackson-jaxrs-base-2.12.1.jar:/home/runner/.m2/repository/org/apache/hadoop/hadoop-yarn-client/3.3.1/hadoop-yarn-client-3.3.1.jar:/home/runner/.m2/repository/org/eclipse/jetty/websocket/websocket-client/9.4.40.v20210413/websocket-client-9.4.40.v20210413.jar:/home/runner/.m2/repository/org/eclipse/jetty/jetty-client/9.4.40.v20210413/jetty-client-9.4.40.v20210413.jar:/home/runner/.m2/repository/org/eclipse/jetty/websocket/websocket-common/9.4.40.v20210413/websocket-common-9.4.40.v20210413.jar:/home/runner/.m2/repository/org/eclipse/jetty/websocket/websocket-api/9.4.40.v20210413/websocket-api-9.4.40.v20210413.jar:/home/runner/.m2/repository/org/jline/jline/3.9.0/jline-3.9.0.jar:/home/runner/.m2/repository/org/apache/hadoop/hadoop-mapreduce-client-core/3.3.1/hadoop-mapreduce-client-core-3.3.1.jar:/home/runner/.m2/repository/org/apache/avro/avro/1.7.7/avro-1.7.7.jar:/home/runner/.m2/repository/org/codehaus/jackson/jackson-core-asl/1.9.13/jackson-core-asl-1.9.13.jar:/home/runner/.m2/repository/org/codehaus/jackson/jackson-mapper-asl/1.9.13/jackson-mapper-asl-1.9.13.jar:/home/runner/.m2/repository/com/thoughtworks/paranamer/paranamer/2.3/paranamer-2.3.jar:/home/runner/.m2/repository/org/apache/hadoop/hadoop-annotations/3.3.1/hadoop-annotations-3.3.1.jar:/usr/lib/jvm/adoptopenjdk-8-hotspot-amd64/jre/../lib/tools.jar:/home/runner/.m2/repository/org/apache/hadoop/hadoop-distcp/3.3.1/hadoop-distcp-3.3.1-tests.jar:/home/runner/.m2/repository/org/apache/ratis/ratis-common/2.2.0/ratis-common-2.2.0.jar:/home/runner/.m2/repository/org/apache/ratis/ratis-thirdparty-misc/0.7.0/ratis-thirdparty-misc-0.7.0.jar:/home/runner/.m2/repository/org/apache/ratis/ratis-proto/2.2.0/ratis-proto-2.2.0.jar:"/>
    <property name="sun.cpu.endian" value="little"/>
    <property name="user.home" value="/home/runner"/>
    <property name="user.language" value="en"/>
    <property name="java.specification.vendor" value="Oracle Corporation"/>
    <property name="java.home" value="/usr/lib/jvm/adoptopenjdk-8-hotspot-amd64/jre"/>
    <property name="java.security.krb5.conf" value="/home/runner/work/ozone/ozone/hadoop-ozone/integration-test/target/test-classes/krb5.conf"/>
    <property name="basedir" value="/home/runner/work/ozone/ozone/hadoop-ozone/integration-test"/>
    <property name="file.separator" value="/"/>
    <property name="line.separator" value="&#10;"/>
    <property name="java.vm.specification.vendor" value="Oracle Corporation"/>
    <property name="java.specification.name" value="Java Platform API Specification"/>
    <property name="java.awt.graphicsenv" value="sun.awt.X11GraphicsEnvironment"/>
    <property name="skip.installnpx" value="true"/>
    <property name="surefire.real.class.path" value="/home/runner/work/ozone/ozone/hadoop-ozone/integration-test/target/surefire/surefirebooter6006755761846850761.jar:/home/runner/.m2/repository/org/jacoco/org.jacoco.agent/0.8.5/org.jacoco.agent-0.8.5-runtime.jar"/>
    <property name="hadoop.log.dir" value="/home/runner/work/ozone/ozone/hadoop-ozone/integration-test/target/log"/>
    <property name="sun.boot.class.path" value="/usr/lib/jvm/adoptopenjdk-8-hotspot-amd64/jre/lib/resources.jar:/usr/lib/jvm/adoptopenjdk-8-hotspot-amd64/jre/lib/rt.jar:/usr/lib/jvm/adoptopenjdk-8-hotspot-amd64/jre/lib/sunrsasign.jar:/usr/lib/jvm/adoptopenjdk-8-hotspot-amd64/jre/lib/jsse.jar:/usr/lib/jvm/adoptopenjdk-8-hotspot-amd64/jre/lib/jce.jar:/usr/lib/jvm/adoptopenjdk-8-hotspot-amd64/jre/lib/charsets.jar:/usr/lib/jvm/adoptopenjdk-8-hotspot-amd64/jre/lib/jfr.jar:/usr/lib/jvm/adoptopenjdk-8-hotspot-amd64/jre/classes"/>
    <property name="sun.management.compiler" value="HotSpot 64-Bit Tiered Compilers"/>
    <property name="skip.npx" value="true"/>
    <property name="java.runtime.version" value="1.8.0_292-b10"/>
    <property name="java.net.preferIPv4Stack" value="true"/>
    <property name="user.name" value="runner"/>
    <property name="path.separator" value=":"/>
    <property name="java.security.egd" value="file:///dev/urandom"/>
    <property name="os.version" value="5.4.0-1062-azure"/>
    <property name="java.endorsed.dirs" value="/usr/lib/jvm/adoptopenjdk-8-hotspot-amd64/jre/lib/endorsed"/>
    <property name="java.runtime.name" value="OpenJDK Runtime Environment"/>
    <property name="file.encoding" value="UTF-8"/>
    <property name="java.vm.name" value="OpenJDK 64-Bit Server VM"/>
    <property name="test.build.webapps" value=""/>
    <property name="localRepository" value="/home/runner/.m2/repository"/>
    <property name="java.vendor.url.bug" value="https://github.com/AdoptOpenJDK/openjdk-support/issues"/>
    <property name="java.io.tmpdir" value="/tmp"/>
    <property name="require.test.libhadoop" value=""/>
    <property name="java.version" value="1.8.0_292"/>
    <property name="user.dir" value="/home/runner/work/ozone/ozone/hadoop-ozone/integration-test"/>
    <property name="os.arch" value="amd64"/>
    <property name="java.vm.specification.name" value="Java Virtual Machine Specification"/>
    <property name="test.build.classes" value="/home/runner/work/ozone/ozone/hadoop-ozone/integration-test/target/test-classes"/>
    <property name="java.awt.printerjob" value="sun.print.PSPrinterJob"/>
    <property name="sun.os.patch.level" value="unknown"/>
    <property name="hadoop.tmp.dir" value="/home/runner/work/ozone/ozone/hadoop-ozone/integration-test/target/tmp"/>
    <property name="java.library.path" value="/usr/java/packages/lib/amd64:/usr/lib64:/lib64:/lib:/usr/lib"/>
    <property name="java.vm.info" value="mixed mode"/>
    <property name="java.vendor" value="AdoptOpenJDK"/>
    <property name="java.vm.version" value="25.292-b10"/>
    <property name="java.ext.dirs" value="/usr/lib/jvm/adoptopenjdk-8-hotspot-amd64/jre/lib/ext:/usr/java/packages/lib/ext"/>
    <property name="sun.io.unicode.encoding" value="UnicodeLittle"/>
    <property name="java.class.version" value="52.0"/>
  </properties>
  <testcase name="testWatchForCommitWithKeyWrite" classname="org.apache.hadoop.ozone.client.rpc.TestWatchForCommit" time="89.061"/>
  <testcase name="testWatchForCommitForRetryfailure" classname="org.apache.hadoop.ozone.client.rpc.TestWatchForCommit" time="88.71"/>
  <testcase name="testWatchForCommitForGroupMismatchException" classname="org.apache.hadoop.ozone.client.rpc.TestWatchForCommit" time="79.279">
    <error message="org.apache.ratis.protocol.exceptions.AlreadyClosedException: SlidingWindow$Client:client-B9B12843FDD7-&gt;RAFT is closed." type="java.util.concurrent.ExecutionException">java.util.concurrent.ExecutionException: org.apache.ratis.protocol.exceptions.AlreadyClosedException: SlidingWindow$Client:client-B9B12843FDD7->RAFT is closed.
	at java.util.concurrent.CompletableFuture.reportGet(CompletableFuture.java:357)
	at java.util.concurrent.CompletableFuture.get(CompletableFuture.java:1908)
	at org.apache.hadoop.ozone.client.rpc.TestWatchForCommit.testWatchForCommitForGroupMismatchException(TestWatchForCommit.java:354)
	at sun.reflect.NativeMethodAccessorImpl.invoke0(Native Method)
	at sun.reflect.NativeMethodAccessorImpl.invoke(NativeMethodAccessorImpl.java:62)
	at sun.reflect.DelegatingMethodAccessorImpl.invoke(DelegatingMethodAccessorImpl.java:43)
	at java.lang.reflect.Method.invoke(Method.java:498)
	at org.junit.runners.model.FrameworkMethod$1.runReflectiveCall(FrameworkMethod.java:59)
	at org.junit.internal.runners.model.ReflectiveCallable.run(ReflectiveCallable.java:12)
	at org.junit.runners.model.FrameworkMethod.invokeExplosively(FrameworkMethod.java:56)
	at org.junit.internal.runners.statements.InvokeMethod.evaluate(InvokeMethod.java:17)
	at org.junit.internal.runners.statements.RunBefores.evaluate(RunBefores.java:26)
	at org.junit.internal.runners.statements.RunAfters.evaluate(RunAfters.java:27)
	at org.junit.runners.ParentRunner$3.evaluate(ParentRunner.java:306)
	at org.junit.runners.BlockJUnit4ClassRunner$1.evaluate(BlockJUnit4ClassRunner.java:100)
	at org.junit.runners.ParentRunner.runLeaf(ParentRunner.java:366)
	at org.junit.runners.BlockJUnit4ClassRunner.runChild(BlockJUnit4ClassRunner.java:103)
	at org.junit.runners.BlockJUnit4ClassRunner.runChild(BlockJUnit4ClassRunner.java:63)
	at org.junit.runners.ParentRunner$4.run(ParentRunner.java:331)
	at org.junit.runners.ParentRunner$1.schedule(ParentRunner.java:79)
	at org.junit.runners.ParentRunner.runChildren(ParentRunner.java:329)
	at org.junit.runners.ParentRunner.access$100(ParentRunner.java:66)
	at org.junit.runners.ParentRunner$2.evaluate(ParentRunner.java:293)
	at org.junit.runners.ParentRunner$3.evaluate(ParentRunner.java:306)
	at org.junit.runners.ParentRunner.run(ParentRunner.java:413)
	at org.junit.runner.JUnitCore.run(JUnitCore.java:137)
	at org.junit.runner.JUnitCore.run(JUnitCore.java:115)
	at org.junit.vintage.engine.execution.RunnerExecutor.execute(RunnerExecutor.java:43)
	at java.util.stream.ForEachOps$ForEachOp$OfRef.accept(ForEachOps.java:183)
	at java.util.stream.ReferencePipeline$3$1.accept(ReferencePipeline.java:193)
	at java.util.Iterator.forEachRemaining(Iterator.java:116)
	at java.util.Spliterators$IteratorSpliterator.forEachRemaining(Spliterators.java:1801)
	at java.util.stream.AbstractPipeline.copyInto(AbstractPipeline.java:482)
	at java.util.stream.AbstractPipeline.wrapAndCopyInto(AbstractPipeline.java:472)
	at java.util.stream.ForEachOps$ForEachOp.evaluateSequential(ForEachOps.java:150)
	at java.util.stream.ForEachOps$ForEachOp$OfRef.evaluateSequential(ForEachOps.java:173)
	at java.util.stream.AbstractPipeline.evaluate(AbstractPipeline.java:234)
	at java.util.stream.ReferencePipeline.forEach(ReferencePipeline.java:485)
	at org.junit.vintage.engine.VintageTestEngine.executeAllChildren(VintageTestEngine.java:82)
	at org.junit.vintage.engine.VintageTestEngine.execute(VintageTestEngine.java:73)
	at org.junit.platform.launcher.core.EngineExecutionOrchestrator.execute(EngineExecutionOrchestrator.java:108)
	at org.junit.platform.launcher.core.EngineExecutionOrchestrator.execute(EngineExecutionOrchestrator.java:88)
	at org.junit.platform.launcher.core.EngineExecutionOrchestrator.lambda$execute$0(EngineExecutionOrchestrator.java:54)
	at org.junit.platform.launcher.core.EngineExecutionOrchestrator.withInterceptedStreams(EngineExecutionOrchestrator.java:67)
	at org.junit.platform.launcher.core.EngineExecutionOrchestrator.execute(EngineExecutionOrchestrator.java:52)
	at org.junit.platform.launcher.core.DefaultLauncher.execute(DefaultLauncher.java:96)
	at org.junit.platform.launcher.core.DefaultLauncher.execute(DefaultLauncher.java:75)
	at org.apache.maven.surefire.junitplatform.JUnitPlatformProvider.invokeAllTests(JUnitPlatformProvider.java:142)
	at org.apache.maven.surefire.junitplatform.JUnitPlatformProvider.invoke(JUnitPlatformProvider.java:113)
	at org.apache.maven.surefire.booter.ForkedBooter.invokeProviderInSameClassLoader(ForkedBooter.java:384)
	at org.apache.maven.surefire.booter.ForkedBooter.runSuitesInProcess(ForkedBooter.java:345)
	at org.apache.maven.surefire.booter.ForkedBooter.execute(ForkedBooter.java:126)
	at org.apache.maven.surefire.booter.ForkedBooter.main(ForkedBooter.java:418)
Caused by: org.apache.ratis.protocol.exceptions.AlreadyClosedException: SlidingWindow$Client:client-B9B12843FDD7->RAFT is closed.
	at org.apache.ratis.util.SlidingWindow$Client.alreadyClosed(SlidingWindow.java:378)
	at org.apache.ratis.util.SlidingWindow$Client.fail(SlidingWindow.java:366)
	at org.apache.ratis.client.impl.OrderedAsync.failAllAsyncRequests(OrderedAsync.java:148)
	at org.apache.ratis.client.impl.OrderedAsync.handleAsyncRetryFailure(OrderedAsync.java:152)
	at org.apache.ratis.client.impl.OrderedAsync.lambda$sendRequest$10(OrderedAsync.java:253)
	at java.util.concurrent.CompletableFuture.uniExceptionally(CompletableFuture.java:884)
	at java.util.concurrent.CompletableFuture$UniExceptionally.tryFire(CompletableFuture.java:866)
	at java.util.concurrent.CompletableFuture.postComplete(CompletableFuture.java:488)
	at java.util.concurrent.CompletableFuture.completeExceptionally(CompletableFuture.java:1990)
	at org.apache.ratis.grpc.client.GrpcClientProtocolClient$AsyncStreamObservers.completeReplyExceptionally(GrpcClientProtocolClient.java:389)
	at org.apache.ratis.grpc.client.GrpcClientProtocolClient$AsyncStreamObservers.access$000(GrpcClientProtocolClient.java:295)
	at org.apache.ratis.grpc.client.GrpcClientProtocolClient$AsyncStreamObservers$1.onNext(GrpcClientProtocolClient.java:309)
	at org.apache.ratis.grpc.client.GrpcClientProtocolClient$AsyncStreamObservers$1.onNext(GrpcClientProtocolClient.java:300)
	at org.apache.ratis.thirdparty.io.grpc.stub.ClientCalls$StreamObserverToCallListenerAdapter.onMessage(ClientCalls.java:465)
	at org.apache.ratis.thirdparty.io.grpc.ForwardingClientCallListener.onMessage(ForwardingClientCallListener.java:33)
	at org.apache.ratis.thirdparty.io.grpc.internal.ClientCallImpl$ClientStreamListenerImpl$1MessagesAvailable.runInternal(ClientCallImpl.java:715)
	at org.apache.ratis.thirdparty.io.grpc.internal.ClientCallImpl$ClientStreamListenerImpl$1MessagesAvailable.runInContext(ClientCallImpl.java:700)
	at org.apache.ratis.thirdparty.io.grpc.internal.ContextRunnable.run(ContextRunnable.java:37)
	at org.apache.ratis.thirdparty.io.grpc.internal.SerializingExecutor.run(SerializingExecutor.java:123)
	at java.util.concurrent.ThreadPoolExecutor.runWorker(ThreadPoolExecutor.java:1149)
	at java.util.concurrent.ThreadPoolExecutor$Worker.run(ThreadPoolExecutor.java:624)
	at java.lang.Thread.run(Thread.java:748)
Caused by: org.apache.ratis.protocol.exceptions.RaftRetryFailureException: Failed RaftClientRequest:client-B9B12843FDD7->5935a206-a598-494c-a9e6-46da022b00dd@group-6EF6570EA239, cid=51, seq=1*, Watch(0), null for 4 attempts with RequestTypeDependentRetryPolicy{WRITE->org.apache.ratis.retry.ExceptionDependentRetry@7c4de765, WATCH->org.apache.ratis.retry.ExceptionDependentRetry@6411d309}
	at org.apache.ratis.client.impl.RaftClientImpl.noMoreRetries(RaftClientImpl.java:272)
	... 19 more
Caused by: org.apache.ratis.protocol.exceptions.NotLeaderException: Server 5935a206-a598-494c-a9e6-46da022b00dd@group-6EF6570EA239 is not the leader
	at org.apache.ratis.client.impl.ClientProtoUtils.toRaftClientReply(ClientProtoUtils.java:378)
	at org.apache.ratis.grpc.client.GrpcClientProtocolClient$AsyncStreamObservers$1.onNext(GrpcClientProtocolClient.java:305)
	... 10 more
</error>
    <system-out><![CDATA[2021-11-06 13:08:56,411 [Listener at 127.0.0.1/44573] WARN  server.ServerUtils (ServerUtils.java:getScmDbDir(148)) - ozone.scm.db.dirs is not configured. We recommend adding this setting. Falling back to ozone.metadata.dirs instead.
2021-11-06 13:08:56,423 [Listener at 127.0.0.1/44573] INFO  ha.SCMHANodeDetails (SCMHANodeDetails.java:loadSCMHAConfig(157)) - ServiceID for StorageContainerManager is null
2021-11-06 13:08:56,423 [Listener at 127.0.0.1/44573] INFO  ha.SCMHANodeDetails (SCMHANodeDetails.java:loadSCMHAConfig(162)) - ozone.scm.default.service.id is not defined, falling back to ozone.scm.service.ids to find serviceID for StorageContainerManager if it is HA enabled cluster
2021-11-06 13:08:56,424 [Listener at 127.0.0.1/44573] WARN  server.ServerUtils (ServerUtils.java:getScmDbDir(148)) - ozone.scm.db.dirs is not configured. We recommend adding this setting. Falling back to ozone.metadata.dirs instead.
2021-11-06 13:08:56,424 [Listener at 127.0.0.1/44573] INFO  upgrade.AbstractLayoutVersionManager (AbstractLayoutVersionManager.java:init(79)) - Initializing Layout version manager with metadata layout = SCM_HA (version = 2), software layout = SCM_HA (version = 2)
2021-11-06 13:08:56,547 [Listener at 127.0.0.1/44573] INFO  reflections.Reflections (Reflections.java:scan(232)) - Reflections took 122 ms to scan 7 urls, producing 119 keys and 279 values 
2021-11-06 13:08:56,549 [Listener at 127.0.0.1/44573] WARN  utils.HAUtils (HAUtils.java:getMetaDir(342)) - ozone.scm.db.dirs is not configured. We recommend adding this setting. Falling back to ozone.metadata.dirs instead.
2021-11-06 13:08:56,550 [Listener at 127.0.0.1/44573] WARN  db.DBStoreBuilder (DBStoreBuilder.java:applyDBDefinition(145)) - ozone.scm.db.dirs is not configured. We recommend adding this setting. Falling back to ozone.metadata.dirs instead.
2021-11-06 13:08:56,706 [Listener at 127.0.0.1/44573] INFO  net.NodeSchemaLoader (NodeSchemaLoader.java:loadSchemaFromFile(129)) - Loading schema from [jar:file:/home/runner/.m2/repository/org/apache/ozone/hdds-common/1.2.0-SNAPSHOT/hdds-common-1.2.0-SNAPSHOT.jar!/network-topology-default.xml]
2021-11-06 13:08:56,706 [Listener at 127.0.0.1/44573] INFO  net.NodeSchemaLoader (NodeSchemaLoader.java:loadSchema(176)) - Loading network topology layer schema file
2021-11-06 13:08:56,719 [Listener at 127.0.0.1/44573] WARN  impl.MetricRegistriesImpl (MetricRegistriesImpl.java:addReporterRegistration(111)) - New reporters are added after registries were created. Some metrics will be missing from the reporter. Please add reporter before adding any new registry.
2021-11-06 13:08:56,720 [Listener at 127.0.0.1/44573] WARN  impl.MetricRegistriesImpl (MetricRegistriesImpl.java:addReporterRegistration(111)) - New reporters are added after registries were created. Some metrics will be missing from the reporter. Please add reporter before adding any new registry.
2021-11-06 13:08:56,720 [Listener at 127.0.0.1/44573] INFO  ha.SequenceIdGenerator (SequenceIdGenerator.java:upgradeToSequenceId(347)) - upgrade localId to 107544261427200000
2021-11-06 13:08:56,720 [Listener at 127.0.0.1/44573] INFO  ha.SequenceIdGenerator (SequenceIdGenerator.java:upgradeToSequenceId(357)) - upgrade delTxnId to 0
2021-11-06 13:08:56,721 [Listener at 127.0.0.1/44573] INFO  ha.SequenceIdGenerator (SequenceIdGenerator.java:upgradeToSequenceId(371)) - upgrade containerId to 0
2021-11-06 13:08:56,721 [Listener at 127.0.0.1/44573] INFO  ha.SequenceIdGenerator (SequenceIdGenerator.java:<init>(218)) - Init the HA SequenceIdGenerator.
2021-11-06 13:08:56,722 [Listener at 127.0.0.1/44573] INFO  node.SCMNodeManager (SCMNodeManager.java:<init>(144)) - Entering startup safe mode.
2021-11-06 13:08:56,723 [Listener at 127.0.0.1/44573] INFO  algorithms.ContainerPlacementPolicyFactory (ContainerPlacementPolicyFactory.java:getPolicy(60)) - Create container placement policy of type org.apache.hadoop.hdds.scm.container.placement.algorithms.SCMContainerPlacementRandom
2021-11-06 13:08:56,724 [Listener at 127.0.0.1/44573] INFO  pipeline.PipelineStateManagerImpl (PipelineStateManagerImpl.java:initialize(78)) - No pipeline exists in current db
2021-11-06 13:08:56,724 [Listener at 127.0.0.1/44573] INFO  algorithms.LeaderChoosePolicyFactory (LeaderChoosePolicyFactory.java:getPolicy(57)) - Create leader choose policy of type org.apache.hadoop.hdds.scm.pipeline.leader.choose.algorithms.MinLeaderCountChoosePolicy
2021-11-06 13:08:56,726 [Listener at 127.0.0.1/44573] INFO  ha.SCMServiceManager (SCMServiceManager.java:register(43)) - Registering service BackgroundPipelineCreator.
2021-11-06 13:08:56,726 [Listener at 127.0.0.1/44573] INFO  pipeline.BackgroundPipelineCreator (BackgroundPipelineCreator.java:start(130)) - Starting RatisPipelineUtilsThread.
2021-11-06 13:08:56,727 [Listener at 127.0.0.1/44573] INFO  algorithms.PipelineChoosePolicyFactory (PipelineChoosePolicyFactory.java:createPipelineChoosePolicyFromClass(73)) - Create pipeline choose policy of type org.apache.hadoop.hdds.scm.pipeline.choose.algorithms.RandomPipelineChoosePolicy
2021-11-06 13:08:56,727 [Listener at 127.0.0.1/44573] INFO  ha.SCMServiceManager (SCMServiceManager.java:register(43)) - Registering service SCMBlockDeletingService.
2021-11-06 13:08:56,728 [Listener at 127.0.0.1/44573] INFO  ha.SCMServiceManager (SCMServiceManager.java:register(43)) - Registering service ReplicationManager.
2021-11-06 13:08:56,728 [Listener at 127.0.0.1/44573] INFO  container.ReplicationManager (ReplicationManager.java:start(319)) - Starting Replication Monitor Thread.
2021-11-06 13:08:56,749 [Listener at 127.0.0.1/44573] INFO  safemode.ContainerSafeModeRule (ContainerSafeModeRule.java:<init>(89)) - containers with one replica threshold count 0
2021-11-06 13:08:56,749 [Listener at 127.0.0.1/44573] INFO  safemode.HealthyPipelineSafeModeRule (HealthyPipelineSafeModeRule.java:initializeRule(156)) - Total pipeline count is 0, healthy pipeline threshold count is 1
2021-11-06 13:08:56,749 [Listener at 127.0.0.1/44573] INFO  safemode.OneReplicaPipelineSafeModeRule (OneReplicaPipelineSafeModeRule.java:initializeRule(180)) - Total pipeline count is 0, pipeline's with at least one datanode reported threshold count is 0
2021-11-06 13:08:56,754 [ReplicationMonitor] INFO  container.ReplicationManager (ReplicationManager.java:processAll(371)) - Replication Monitor Thread took 0 milliseconds for processing 0 containers.
2021-11-06 13:08:56,776 [Listener at 127.0.0.1/44573] INFO  ipc.CallQueueManager (CallQueueManager.java:<init>(90)) - Using callQueue: class java.util.concurrent.LinkedBlockingQueue, queueCapacity: 2000, scheduler: class org.apache.hadoop.ipc.DefaultRpcScheduler, ipcBackoff: false.
2021-11-06 13:08:56,781 [Socket Reader #1 for port 0] INFO  ipc.Server (Server.java:run(1265)) - Starting Socket Reader #1 for port 0
2021-11-06 13:08:56,782 [Listener at 0.0.0.0/46119] INFO  ipc.CallQueueManager (CallQueueManager.java:<init>(90)) - Using callQueue: class java.util.concurrent.LinkedBlockingQueue, queueCapacity: 2000, scheduler: class org.apache.hadoop.ipc.DefaultRpcScheduler, ipcBackoff: false.
2021-11-06 13:08:56,782 [Socket Reader #1 for port 0] INFO  ipc.Server (Server.java:run(1265)) - Starting Socket Reader #1 for port 0
2021-11-06 13:08:56,783 [Listener at 0.0.0.0/38141] INFO  ipc.CallQueueManager (CallQueueManager.java:<init>(90)) - Using callQueue: class java.util.concurrent.LinkedBlockingQueue, queueCapacity: 2000, scheduler: class org.apache.hadoop.ipc.DefaultRpcScheduler, ipcBackoff: false.
2021-11-06 13:08:56,783 [Socket Reader #1 for port 0] INFO  ipc.Server (Server.java:run(1265)) - Starting Socket Reader #1 for port 0
2021-11-06 13:08:56,857 [Listener at 0.0.0.0/43611] INFO  algorithms.ContainerPlacementPolicyFactory (ContainerPlacementPolicyFactory.java:getPolicy(60)) - Create container placement policy of type org.apache.hadoop.hdds.scm.container.placement.algorithms.SCMContainerPlacementRandom
2021-11-06 13:08:56,858 [Listener at 0.0.0.0/43611] INFO  server.StorageContainerManager (StorageContainerManager.java:<init>(388)) - 
Container Balancer status:
Key                            Value
Running                        false
Container Balancer Configuration values:
Key                                                Value
Threshold                                          0.1
Max Datanodes to Involve per Iteration(ratio)      0.2
Max Size to Move per Iteration                     32212254720B

2021-11-06 13:08:56,858 [Listener at 0.0.0.0/43611] WARN  events.EventQueue (EventQueue.java:fireEvent(194)) - No event handler registered for event TypedEvent{payloadType=SafeModeStatus, name='Safe mode status'}
2021-11-06 13:08:56,858 [Listener at 0.0.0.0/43611] INFO  ha.SCMContext (SCMContext.java:updateSafeModeStatus(205)) - Update SafeModeStatus from SafeModeStatus{safeModeStatus=true, preCheckPassed=false} to SafeModeStatus{safeModeStatus=true, preCheckPassed=false}.
2021-11-06 13:08:56,858 [Listener at 0.0.0.0/43611] INFO  server.StorageContainerManager (StorageContainerManager.java:start(1303)) - StorageContainerLocationProtocol RPC server is listening at /0.0.0.0:43611
2021-11-06 13:08:56,860 [Listener at 0.0.0.0/43611] WARN  impl.MetricsConfig (MetricsConfig.java:loadFirst(136)) - Cannot locate configuration: tried hadoop-metrics2-storagecontainermanager.properties,hadoop-metrics2.properties
2021-11-06 13:08:56,860 [Listener at 0.0.0.0/43611] INFO  impl.MetricsSystemImpl (MetricsSystemImpl.java:startTimer(378)) - Scheduled Metric snapshot period at 10 second(s).
2021-11-06 13:08:56,860 [Listener at 0.0.0.0/43611] INFO  impl.MetricsSystemImpl (MetricsSystemImpl.java:start(191)) - StorageContainerManager metrics system started
2021-11-06 13:08:56,894 [Listener at 0.0.0.0/43611] INFO  impl.MetricsSinkAdapter (MetricsSinkAdapter.java:start(204)) - Sink prometheus started
2021-11-06 13:08:56,894 [Listener at 0.0.0.0/43611] INFO  impl.MetricsSystemImpl (MetricsSystemImpl.java:registerSink(305)) - Registered sink prometheus
2021-11-06 13:08:56,947 [Listener at 0.0.0.0/43611] INFO  server.SCMClientProtocolServer (SCMClientProtocolServer.java:start(164)) - RPC server for Client  is listening at /0.0.0.0:43611
2021-11-06 13:08:56,951 [IPC Server Responder] INFO  ipc.Server (Server.java:run(1507)) - IPC Server Responder: starting
2021-11-06 13:08:56,971 [IPC Server listener on 0] INFO  ipc.Server (Server.java:run(1344)) - IPC Server listener on 0: starting
2021-11-06 13:08:56,974 [Listener at 0.0.0.0/43611] INFO  server.StorageContainerManager (StorageContainerManager.java:start(1318)) - ScmBlockLocationProtocol RPC server is listening at /0.0.0.0:38141
2021-11-06 13:08:56,974 [Listener at 0.0.0.0/43611] INFO  server.SCMBlockProtocolServer (SCMBlockProtocolServer.java:start(151)) - RPC server for Block Protocol is listening at /0.0.0.0:38141
2021-11-06 13:08:56,978 [IPC Server listener on 0] INFO  ipc.Server (Server.java:run(1344)) - IPC Server listener on 0: starting
2021-11-06 13:08:56,980 [Listener at 0.0.0.0/43611] INFO  server.StorageContainerManager (StorageContainerManager.java:start(1324)) - ScmDatanodeProtocl RPC server is listening at /0.0.0.0:46119
2021-11-06 13:08:56,981 [Listener at 0.0.0.0/43611] INFO  server.SCMDatanodeProtocolServer (SCMDatanodeProtocolServer.java:start(181)) - RPC server for DataNodes is listening at /0.0.0.0:46119
2021-11-06 13:08:56,981 [IPC Server Responder] INFO  ipc.Server (Server.java:run(1507)) - IPC Server Responder: starting
2021-11-06 13:08:56,981 [IPC Server listener on 0] INFO  ipc.Server (Server.java:run(1344)) - IPC Server listener on 0: starting
2021-11-06 13:08:56,996 [IPC Server Responder] INFO  ipc.Server (Server.java:run(1507)) - IPC Server Responder: starting
2021-11-06 13:08:57,054 [org.apache.hadoop.util.JvmPauseMonitor$Monitor@1b25babc] INFO  util.JvmPauseMonitor (JvmPauseMonitor.java:run(188)) - Starting JVM pause monitor
2021-11-06 13:08:57,054 [Listener at 0.0.0.0/43611] INFO  http.BaseHttpServer (BaseHttpServer.java:newHttpServer2BuilderForOzone(209)) - Starting Web-server for scm at: http://0.0.0.0:0
2021-11-06 13:08:57,055 [Listener at 0.0.0.0/43611] INFO  http.BaseHttpServer (BaseHttpServer.java:<init>(107)) - Hadoop Security Enabled: false Ozone Security Enabled: false Ozone HTTP Security Enabled: false 
2021-11-06 13:08:57,056 [Listener at 0.0.0.0/43611] INFO  server.AuthenticationFilter (AuthenticationFilter.java:constructSecretProvider(240)) - Unable to initialize FileSignerSecretProvider, falling back to use random secrets.
2021-11-06 13:08:57,067 [Listener at 0.0.0.0/43611] WARN  http.HttpRequestLog (HttpRequestLog.java:getRequestLog(103)) - Jetty request log can only be enabled using Log4j
2021-11-06 13:08:57,068 [Listener at 0.0.0.0/43611] INFO  http.HttpServer2 (HttpServer2.java:addGlobalFilter(1030)) - Added global filter 'safety' (class=org.apache.hadoop.hdds.server.http.HttpServer2$QuotingInputFilter)
2021-11-06 13:08:57,069 [Listener at 0.0.0.0/43611] INFO  http.HttpServer2 (HttpServer2.java:addFilter(1006)) - Added filter static_user_filter (class=org.apache.hadoop.http.lib.StaticUserWebFilter$StaticUserFilter) to context scm
2021-11-06 13:08:57,069 [Listener at 0.0.0.0/43611] INFO  http.HttpServer2 (HttpServer2.java:addFilter(1014)) - Added filter static_user_filter (class=org.apache.hadoop.http.lib.StaticUserWebFilter$StaticUserFilter) to context static
2021-11-06 13:08:57,069 [Listener at 0.0.0.0/43611] INFO  http.HttpServer2 (HttpServer2.java:addFilter(1014)) - Added filter static_user_filter (class=org.apache.hadoop.http.lib.StaticUserWebFilter$StaticUserFilter) to context logs
2021-11-06 13:08:57,070 [Listener at 0.0.0.0/43611] INFO  http.HttpServer2 (HttpServer2.java:bindListener(1249)) - Jetty bound to port 44231
2021-11-06 13:08:57,070 [Listener at 0.0.0.0/43611] INFO  server.Server (Server.java:doStart(375)) - jetty-9.4.43.v20210629; built: 2021-06-30T11:07:22.254Z; git: 526006ecfa3af7f1a27ef3a288e2bef7ea9dd7e8; jvm 1.8.0_292-b10
2021-11-06 13:08:57,115 [Listener at 0.0.0.0/43611] INFO  server.session (DefaultSessionIdManager.java:doStart(334)) - DefaultSessionIdManager workerName=node0
2021-11-06 13:08:57,115 [Listener at 0.0.0.0/43611] INFO  server.session (DefaultSessionIdManager.java:doStart(339)) - No SessionScavenger set, using defaults
2021-11-06 13:08:57,116 [Listener at 0.0.0.0/43611] INFO  server.session (HouseKeeper.java:startScavenging(132)) - node0 Scavenging every 660000ms
2021-11-06 13:08:57,118 [Listener at 0.0.0.0/43611] INFO  handler.ContextHandler (ContextHandler.java:doStart(915)) - Started o.e.j.s.ServletContextHandler@e904cbd{logs,/logs,file:///home/runner/work/ozone/ozone/hadoop-ozone/integration-test/target/log,AVAILABLE}
2021-11-06 13:08:57,119 [Listener at 0.0.0.0/43611] INFO  handler.ContextHandler (ContextHandler.java:doStart(915)) - Started o.e.j.s.ServletContextHandler@50405586{static,/static,file:///home/runner/work/ozone/ozone/hadoop-ozone/integration-test/target/test-classes/webapps/static,AVAILABLE}
2021-11-06 13:08:57,122 [Listener at 0.0.0.0/43611] INFO  handler.ContextHandler (ContextHandler.java:doStart(915)) - Started o.e.j.w.WebAppContext@295af370{scm,/,file:///home/runner/work/ozone/ozone/hadoop-ozone/integration-test/target/test-classes/webapps/scm/,AVAILABLE}{file:/home/runner/work/ozone/ozone/hadoop-ozone/integration-test/target/test-classes/webapps/scm}
2021-11-06 13:08:57,179 [Listener at 0.0.0.0/43611] INFO  server.AbstractConnector (AbstractConnector.java:doStart(331)) - Started ServerConnector@3d90d1e5{HTTP/1.1, (http/1.1)}{0.0.0.0:44231}
2021-11-06 13:08:57,181 [Listener at 0.0.0.0/43611] INFO  server.Server (Server.java:doStart(415)) - Started @179668ms
2021-11-06 13:08:57,181 [Listener at 0.0.0.0/43611] WARN  impl.MetricsSystemImpl (MetricsSystemImpl.java:register(279)) - Sink prometheus already exists!
2021-11-06 13:08:57,184 [Listener at 0.0.0.0/43611] INFO  http.BaseHttpServer (BaseHttpServer.java:updateConnectorAddress(329)) - HTTP server of scm listening at http://0.0.0.0:44231
2021-11-06 13:08:57,185 [Listener at 0.0.0.0/43611] WARN  server.ServerUtils (ServerUtils.java:getDBPath(225)) - ozone.om.db.dirs is not configured. We recommend adding this setting. Falling back to ozone.metadata.dirs instead.
2021-11-06 13:08:57,191 [Listener at 0.0.0.0/43611] INFO  ha.OMHANodeDetails (OMHANodeDetails.java:loadOMHAConfig(112)) - ozone.om.internal.service.id is not defined, falling back to ozone.om.service.ids to find serviceID for OzoneManager if it is HA enabled cluster
2021-11-06 13:08:57,192 [Listener at 0.0.0.0/43611] INFO  ha.OMHANodeDetails (OMHANodeDetails.java:loadOMHAConfig(219)) - Configuration does not have ozone.om.address set. Falling back to the default OM address /127.0.0.1:0
2021-11-06 13:08:57,192 [Listener at 0.0.0.0/43611] INFO  ha.OMHANodeDetails (OMHANodeDetails.java:getOMNodeDetails(247)) - OM Service ID is not set. Setting it to the default ID: omServiceIdDefault
2021-11-06 13:08:57,192 [Listener at 0.0.0.0/43611] INFO  ha.OMHANodeDetails (OMHANodeDetails.java:getOMNodeDetails(254)) - OM Node ID is not set. Setting it to the default ID: om1
2021-11-06 13:08:57,192 [Listener at 0.0.0.0/43611] WARN  server.ServerUtils (ServerUtils.java:getDBPath(225)) - ozone.om.db.dirs is not configured. We recommend adding this setting. Falling back to ozone.metadata.dirs instead.
2021-11-06 13:08:57,193 [Listener at 0.0.0.0/43611] INFO  upgrade.AbstractLayoutVersionManager (AbstractLayoutVersionManager.java:init(79)) - Initializing Layout version manager with metadata layout = INITIAL_VERSION (version = 0), software layout = INITIAL_VERSION (version = 0)
2021-11-06 13:08:57,304 [Listener at 0.0.0.0/43611] INFO  reflections.Reflections (Reflections.java:scan(232)) - Reflections took 110 ms to scan 2 urls, producing 131 keys and 344 values [using 2 cores]
2021-11-06 13:08:57,305 [Listener at 0.0.0.0/43611] INFO  upgrade.OMLayoutVersionManager (OMLayoutVersionManager.java:lambda$0(115)) - Skipping Upgrade Action MockOmUpgradeAction since it has been finalized.
2021-11-06 13:08:57,305 [Listener at 0.0.0.0/43611] WARN  server.ServerUtils (ServerUtils.java:getDBPath(225)) - ozone.om.db.dirs is not configured. We recommend adding this setting. Falling back to ozone.metadata.dirs instead.
2021-11-06 13:08:57,348 [Listener at 0.0.0.0/43611] WARN  server.ServerUtils (ServerUtils.java:getDBPath(225)) - ozone.om.db.dirs is not configured. We recommend adding this setting. Falling back to ozone.metadata.dirs instead.
2021-11-06 13:08:57,349 [Listener at 0.0.0.0/43611] INFO  codec.OmKeyInfoCodec (OmKeyInfoCodec.java:<init>(51)) - OmKeyInfoCodec ignorePipeline = true
2021-11-06 13:08:57,349 [Listener at 0.0.0.0/43611] INFO  codec.RepeatedOmKeyInfoCodec (RepeatedOmKeyInfoCodec.java:<init>(42)) - RepeatedOmKeyInfoCodec ignorePipeline = true
2021-11-06 13:08:57,566 [Listener at 0.0.0.0/43611] INFO  om.OzoneManager (OzoneManager.java:addS3GVolumeToDB(3456)) - Created Volume s3v With Owner runner required for S3Gateway operations.
2021-11-06 13:08:57,566 [Listener at 0.0.0.0/43611] WARN  server.ServerUtils (ServerUtils.java:getDefaultRatisDirectory(237)) - Storage directory for Ratis is not configured. It is a good idea to map this to an SSD disk. Falling back to ozone.metadata.dirs
2021-11-06 13:08:57,566 [Listener at 0.0.0.0/43611] WARN  utils.OzoneManagerRatisUtils (OzoneManagerRatisUtils.java:getOMRatisSnapshotDirectory(435)) - ozone.om.ratis.snapshot.dir is not configured. Falling back to ozone.metadata.dirs config
2021-11-06 13:08:57,567 [Listener at 0.0.0.0/43611] WARN  impl.MetricRegistriesImpl (MetricRegistriesImpl.java:addReporterRegistration(111)) - New reporters are added after registries were created. Some metrics will be missing from the reporter. Please add reporter before adding any new registry.
2021-11-06 13:08:57,567 [Listener at 0.0.0.0/43611] WARN  impl.MetricRegistriesImpl (MetricRegistriesImpl.java:addReporterRegistration(111)) - New reporters are added after registries were created. Some metrics will be missing from the reporter. Please add reporter before adding any new registry.
2021-11-06 13:08:57,567 [Listener at 0.0.0.0/43611] WARN  server.ServerUtils (ServerUtils.java:getDefaultRatisDirectory(237)) - Storage directory for Ratis is not configured. It is a good idea to map this to an SSD disk. Falling back to ozone.metadata.dirs
2021-11-06 13:08:57,568 [Listener at 0.0.0.0/43611] INFO  ratis.OzoneManagerRatisServer (OzoneManagerRatisServer.java:<init>(159)) - Instantiating OM Ratis server with groupID: omServiceIdDefault and peers: localhost:9872
2021-11-06 13:08:57,569 [Listener at 0.0.0.0/43611] INFO  ratis.OzoneManagerStateMachine (OzoneManagerStateMachine.java:loadSnapshotInfoFromDB(605)) - LastAppliedIndex is set from TransactionInfo from OM DB as (t:0, i:~)
2021-11-06 13:08:57,569 [Listener at 0.0.0.0/43611] INFO  server.RaftServer (ConfUtils.java:logGet(44)) - raft.rpc.type = GRPC (default)
2021-11-06 13:08:57,569 [Listener at 0.0.0.0/43611] INFO  grpc.GrpcFactory (GrpcFactory.java:checkPooledByteBufAllocatorUseCacheForAllThreads(48)) - PERFORMANCE WARNING: useCacheForAllThreads is true that may cause Netty to create a lot garbage objects and, as a result, trigger GC.
	It is recommended to disable useCacheForAllThreads by setting -Dorg.apache.ratis.thirdparty.io.netty.allocator.useCacheForAllThreads=false in command line.
2021-11-06 13:08:57,569 [Listener at 0.0.0.0/43611] INFO  grpc.GrpcConfigKeys (ConfUtils.java:logGet(44)) - raft.grpc.admin.port = -1 (default)
2021-11-06 13:08:57,570 [Listener at 0.0.0.0/43611] INFO  grpc.GrpcConfigKeys (ConfUtils.java:logGet(44)) - raft.grpc.server.port = 9872 (custom)
2021-11-06 13:08:57,570 [Listener at 0.0.0.0/43611] INFO  grpc.GrpcConfigKeys (ConfUtils.java:logGet(44)) - raft.grpc.client.port = -1 (default)
2021-11-06 13:08:57,570 [Listener at 0.0.0.0/43611] INFO  grpc.GrpcConfigKeys (ConfUtils.java:logGet(44)) - raft.grpc.server.port = 9872 (custom)
2021-11-06 13:08:57,570 [Listener at 0.0.0.0/43611] INFO  grpc.GrpcConfigKeys (ConfUtils.java:logGet(44)) - raft.grpc.server.port = 9872 (custom)
2021-11-06 13:08:57,570 [Listener at 0.0.0.0/43611] INFO  server.GrpcService (ConfUtils.java:logGet(44)) - raft.grpc.message.size.max = 33554432 (custom)
2021-11-06 13:08:57,570 [Listener at 0.0.0.0/43611] INFO  server.RaftServerConfigKeys (ConfUtils.java:logGet(44)) - raft.server.log.appender.buffer.byte-limit = 33554432 (custom)
2021-11-06 13:08:57,570 [Listener at 0.0.0.0/43611] INFO  server.GrpcService (ConfUtils.java:logGet(44)) - raft.grpc.flow.control.window = 1MB (=1048576) (default)
2021-11-06 13:08:57,571 [Listener at 0.0.0.0/43611] INFO  server.RaftServerConfigKeys (ConfUtils.java:logGet(44)) - raft.server.rpc.request.timeout = 3000ms (default)
2021-11-06 13:08:57,573 [Listener at 0.0.0.0/43611] INFO  impl.DataStreamServerImpl (ConfUtils.java:logGet(44)) - raft.datastream.type = DISABLED (default)
2021-11-06 13:08:57,573 [Listener at 0.0.0.0/43611] INFO  server.RaftServerConfigKeys (ConfUtils.java:logGet(44)) - raft.server.rpc.slowness.timeout = 120s (custom)
2021-11-06 13:08:57,574 [Listener at 0.0.0.0/43611] INFO  server.RaftServerConfigKeys (ConfUtils.java:logGet(44)) - raft.server.leaderelection.leader.step-down.wait-time = 10s (default)
2021-11-06 13:08:57,574 [Listener at 0.0.0.0/43611] INFO  server.RaftServerConfigKeys (ConfUtils.java:logGet(44)) - raft.server.storage.dir = [/home/runner/work/ozone/ozone/hadoop-ozone/integration-test/target/test-dir/MiniOzoneClusterImpl-57fe1d17-8f30-476a-a64a-953d5983e20c/ozone-meta/ratis] (custom)
2021-11-06 13:08:57,574 [Listener at 0.0.0.0/43611] INFO  server.RaftServer (RaftServerProxy.java:addNew(95)) - om1: addNew group-C5BA1605619E:[om1|rpc:localhost:9872|priority:0] returns group-C5BA1605619E:java.util.concurrent.CompletableFuture@5c0d2c53[Not completed]
2021-11-06 13:08:57,574 [Listener at 0.0.0.0/43611] INFO  om.OzoneManager (OzoneManager.java:initializeRatisServer(1638)) - OzoneManager Ratis server initialized at port 9872
2021-11-06 13:08:57,576 [Listener at 0.0.0.0/43611] INFO  ipc.CallQueueManager (CallQueueManager.java:<init>(90)) - Using callQueue: class java.util.concurrent.LinkedBlockingQueue, queueCapacity: 2000, scheduler: class org.apache.hadoop.ipc.DefaultRpcScheduler, ipcBackoff: false.
2021-11-06 13:08:57,576 [pool-535-thread-1] INFO  server.RaftServer$Division (RaftServerImpl.java:<init>(184)) - om1: new RaftServerImpl for group-C5BA1605619E:[om1|rpc:localhost:9872|priority:0] with OzoneManagerStateMachine:uninitialized
2021-11-06 13:08:57,577 [pool-535-thread-1] INFO  server.RaftServerConfigKeys (ConfUtils.java:logGet(44)) - raft.server.rpc.timeout.min = 1s (custom)
2021-11-06 13:08:57,577 [pool-535-thread-1] INFO  server.RaftServerConfigKeys (ConfUtils.java:logGet(44)) - raft.server.rpc.timeout.max = 1200ms (custom)
2021-11-06 13:08:57,578 [pool-535-thread-1] INFO  server.RaftServerConfigKeys (ConfUtils.java:logGet(44)) - raft.server.rpc.sleep.time = 25ms (default)
2021-11-06 13:08:57,578 [pool-535-thread-1] INFO  server.RaftServerConfigKeys (ConfUtils.java:logGet(44)) - raft.server.rpc.slowness.timeout = 120s (custom)
2021-11-06 13:08:57,578 [pool-535-thread-1] INFO  server.RaftServerConfigKeys (ConfUtils.java:logGet(44)) - raft.server.leaderelection.leader.step-down.wait-time = 10s (default)
2021-11-06 13:08:57,578 [pool-535-thread-1] INFO  server.RaftServerConfigKeys (ConfUtils.java:logGet(44)) - raft.server.sleep.deviation.threshold = 300ms (default)
2021-11-06 13:08:57,578 [pool-535-thread-1] INFO  server.RaftServerConfigKeys (ConfUtils.java:logGet(44)) - raft.server.log.appender.install.snapshot.enabled = false (custom)
2021-11-06 13:08:57,578 [pool-535-thread-1] INFO  server.RaftServer$Division (ServerState.java:<init>(105)) - om1@group-C5BA1605619E: ConfigurationManager, init=-1: [om1|rpc:localhost:9872|priority:0], old=null, confs=<EMPTY_MAP>
2021-11-06 13:08:57,578 [pool-535-thread-1] INFO  server.RaftServerConfigKeys (ConfUtils.java:logGet(44)) - raft.server.storage.dir = [/home/runner/work/ozone/ozone/hadoop-ozone/integration-test/target/test-dir/MiniOzoneClusterImpl-57fe1d17-8f30-476a-a64a-953d5983e20c/ozone-meta/ratis] (custom)
2021-11-06 13:08:57,578 [pool-535-thread-1] INFO  server.RaftServerConfigKeys (ConfUtils.java:logGet(44)) - raft.server.log.corruption.policy = EXCEPTION (default)
2021-11-06 13:08:57,578 [pool-535-thread-1] INFO  server.RaftServerConfigKeys (ConfUtils.java:logGet(44)) - raft.server.storage.free-space.min = 0MB (=0) (default)
2021-11-06 13:08:57,578 [pool-535-thread-1] INFO  storage.RaftStorageDirectory (RaftStorageDirectoryImpl.java:analyzeStorage(135)) - The storage directory /home/runner/work/ozone/ozone/hadoop-ozone/integration-test/target/test-dir/MiniOzoneClusterImpl-57fe1d17-8f30-476a-a64a-953d5983e20c/ozone-meta/ratis/bf265839-605b-3f16-9796-c5ba1605619e does not exist. Creating ...
2021-11-06 13:08:57,581 [pool-535-thread-1] INFO  storage.RaftStorageDirectory (RaftStorageDirectoryImpl.java:tryLock(230)) - Lock on /home/runner/work/ozone/ozone/hadoop-ozone/integration-test/target/test-dir/MiniOzoneClusterImpl-57fe1d17-8f30-476a-a64a-953d5983e20c/ozone-meta/ratis/bf265839-605b-3f16-9796-c5ba1605619e/in_use.lock acquired by nodename 21237@fv-az151-875
2021-11-06 13:08:57,587 [Socket Reader #1 for port 0] INFO  ipc.Server (Server.java:run(1265)) - Starting Socket Reader #1 for port 0
2021-11-06 13:08:57,589 [pool-535-thread-1] INFO  storage.RaftStorage (RaftStorageImpl.java:format(89)) - Storage directory /home/runner/work/ozone/ozone/hadoop-ozone/integration-test/target/test-dir/MiniOzoneClusterImpl-57fe1d17-8f30-476a-a64a-953d5983e20c/ozone-meta/ratis/bf265839-605b-3f16-9796-c5ba1605619e has been successfully formatted.
2021-11-06 13:08:57,589 [pool-535-thread-1] INFO  server.RaftServerConfigKeys (ConfUtils.java:logGet(44)) - raft.server.notification.no-leader.timeout = 120s (custom)
2021-11-06 13:08:57,589 [pool-535-thread-1] INFO  server.RaftServerConfigKeys (ConfUtils.java:logGet(44)) - raft.server.log.use.memory = false (default)
2021-11-06 13:08:57,589 [pool-535-thread-1] INFO  server.RaftServerConfigKeys (ConfUtils.java:logGet(44)) - raft.server.log.purge.gap = 1000000 (custom)
2021-11-06 13:08:57,589 [pool-535-thread-1] INFO  server.RaftServerConfigKeys (ConfUtils.java:logGet(44)) - raft.server.log.appender.buffer.byte-limit = 33554432 (custom)
2021-11-06 13:08:57,590 [pool-535-thread-1] INFO  server.RaftServerConfigKeys (ConfUtils.java:logGet(44)) - raft.server.log.segment.size.max = 4194304 (custom)
2021-11-06 13:08:57,590 [pool-535-thread-1] INFO  server.RaftServerConfigKeys (ConfUtils.java:logGet(44)) - raft.server.log.segment.cache.num.max = 2 (custom)
2021-11-06 13:08:57,590 [pool-535-thread-1] INFO  server.RaftServerConfigKeys (ConfUtils.java:logGet(44)) - raft.server.log.segment.cache.size.max = 200MB (=209715200) (default)
2021-11-06 13:08:57,590 [pool-535-thread-1] INFO  segmented.SegmentedRaftLogWorker (SegmentedRaftLogWorker.java:<init>(182)) - new om1@group-C5BA1605619E-SegmentedRaftLogWorker for RaftStorageImpl:Storage Directory /home/runner/work/ozone/ozone/hadoop-ozone/integration-test/target/test-dir/MiniOzoneClusterImpl-57fe1d17-8f30-476a-a64a-953d5983e20c/ozone-meta/ratis/bf265839-605b-3f16-9796-c5ba1605619e
2021-11-06 13:08:57,590 [pool-535-thread-1] INFO  server.RaftServerConfigKeys (ConfUtils.java:logGet(44)) - raft.server.log.queue.byte-limit = 64MB (=67108864) (default)
2021-11-06 13:08:57,590 [pool-535-thread-1] INFO  server.RaftServerConfigKeys (ConfUtils.java:logGet(44)) - raft.server.log.queue.element-limit = 4096 (default)
2021-11-06 13:08:57,590 [pool-535-thread-1] INFO  server.RaftServerConfigKeys (ConfUtils.java:logGet(44)) - raft.server.log.segment.size.max = 4194304 (custom)
2021-11-06 13:08:57,590 [pool-535-thread-1] INFO  server.RaftServerConfigKeys (ConfUtils.java:logGet(44)) - raft.server.log.preallocated.size = 4194304 (custom)
2021-11-06 13:08:57,590 [pool-535-thread-1] INFO  server.RaftServerConfigKeys (ConfUtils.java:logGet(44)) - raft.server.log.force.sync.num = 128 (default)
2021-11-06 13:08:57,591 [pool-535-thread-1] INFO  server.RaftServerConfigKeys (ConfUtils.java:logGet(44)) - raft.server.log.statemachine.data.sync = true (default)
2021-11-06 13:08:57,591 [pool-535-thread-1] INFO  server.RaftServerConfigKeys (ConfUtils.java:logGet(44)) - raft.server.log.statemachine.data.sync.timeout = 10s (default)
2021-11-06 13:08:57,591 [pool-535-thread-1] INFO  server.RaftServerConfigKeys (ConfUtils.java:logGet(44)) - raft.server.log.statemachine.data.sync.timeout.retry = -1 (default)
2021-11-06 13:08:57,632 [pool-535-thread-1] INFO  server.RaftServerConfigKeys (ConfUtils.java:logGet(44)) - raft.server.log.write.buffer.size = 64KB (=65536) (default)
2021-11-06 13:08:57,632 [pool-535-thread-1] INFO  server.RaftServerConfigKeys (ConfUtils.java:logGet(44)) - raft.server.log.statemachine.data.caching.enabled = false (default)
2021-11-06 13:08:57,632 [pool-535-thread-1] INFO  segmented.SegmentedRaftLogWorker (SegmentedRaftLogWorker.java:lambda$new$0(133)) - om1@group-C5BA1605619E-SegmentedRaftLogWorker: flushIndex: setUnconditionally 0 -> -1
2021-11-06 13:08:57,632 [pool-535-thread-1] INFO  segmented.SegmentedRaftLogWorker (SegmentedRaftLogWorker.java:lambda$new$0(133)) - om1@group-C5BA1605619E-SegmentedRaftLogWorker: safeCacheEvictIndex: setUnconditionally 0 -> -1
2021-11-06 13:08:57,639 [pool-535-thread-1] INFO  server.RaftServerConfigKeys (ConfUtils.java:logGet(44)) - raft.server.snapshot.auto.trigger.enabled = true (custom)
2021-11-06 13:08:57,639 [pool-535-thread-1] INFO  server.RaftServerConfigKeys (ConfUtils.java:logGet(44)) - raft.server.snapshot.auto.trigger.threshold = 400000 (default)
2021-11-06 13:08:57,639 [pool-535-thread-1] INFO  server.RaftServerConfigKeys (ConfUtils.java:logGet(44)) - raft.server.snapshot.retention.file.num = -1 (default)
2021-11-06 13:08:57,639 [pool-535-thread-1] INFO  server.RaftServerConfigKeys (ConfUtils.java:logGet(44)) - raft.server.log.purge.upto.snapshot.index = true (custom)
2021-11-06 13:08:57,639 [pool-535-thread-1] INFO  server.RaftServerConfigKeys (ConfUtils.java:logGet(44)) - raft.server.retrycache.expirytime = 300s (custom)
2021-11-06 13:08:57,639 [pool-535-thread-1] INFO  server.RaftServerConfigKeys (ConfUtils.java:logGet(44)) - raft.server.retrycache.statistics.expirytime = 100μs (default)
2021-11-06 13:08:57,654 [Listener at 127.0.0.1/34591] INFO  om.OzoneManager (OzoneManager.java:initFSOLayout(3662)) - Configured ozone.om.metadata.layout=SIMPLE and disabled optimized OM FS operations
2021-11-06 13:08:57,655 [Listener at 127.0.0.1/34591] INFO  impl.MetricsSystemImpl (MetricsSystemImpl.java:init(158)) - OzoneManager metrics system started (again)
2021-11-06 13:08:57,696 [Listener at 127.0.0.1/34591] INFO  om.OzoneManager (OzoneManager.java:start(1322)) - OzoneManager RPC server is listening at localhost/127.0.0.1:34591
2021-11-06 13:08:57,696 [Listener at 127.0.0.1/34591] INFO  ratis.OzoneManagerRatisServer (OzoneManagerRatisServer.java:start(522)) - Starting OzoneManagerRatisServer om1 at port 9872
2021-11-06 13:08:57,699 [Listener at 127.0.0.1/34591] INFO  server.RaftServer$Division (RaftServerImpl.java:start(301)) - om1@group-C5BA1605619E: start as a follower, conf=-1: [om1|rpc:localhost:9872|priority:0], old=null
2021-11-06 13:08:57,699 [Listener at 127.0.0.1/34591] INFO  server.RaftServer$Division (RaftServerImpl.java:setRole(290)) - om1@group-C5BA1605619E: changes role from      null to FOLLOWER at term 0 for startAsFollower
2021-11-06 13:08:57,699 [Listener at 127.0.0.1/34591] INFO  impl.RoleInfo (RoleInfo.java:updateAndGet(130)) - om1: start om1@group-C5BA1605619E-FollowerState
2021-11-06 13:08:57,707 [Listener at 127.0.0.1/34591] INFO  util.JmxRegister (JmxRegister.java:tryRegister(44)) - Successfully registered JMX Bean with object name Ratis:service=RaftServer,group=group-C5BA1605619E,id=om1
2021-11-06 13:08:57,712 [Listener at 127.0.0.1/34591] INFO  server.RaftServer (RaftServerProxy.java:lambda$start$5(374)) - om1: start RPC server
2021-11-06 13:08:57,724 [Listener at 127.0.0.1/34591] INFO  server.GrpcService (GrpcService.java:startImpl(253)) - om1: GrpcService started, listening on 9872
2021-11-06 13:08:57,731 [Listener at 127.0.0.1/34591] INFO  om.OzoneManager (OzoneManager.java:start(1340)) - Version File has different layout version (0) than OM DB (null). That is expected if this OM has never been finalized to a newer layout version.
2021-11-06 13:08:57,731 [org.apache.ratis.util.JvmPauseMonitor$$Lambda$531/117902049@597c62ba] INFO  util.JvmPauseMonitor (JvmPauseMonitor.java:run(103)) - JvmPauseMonitor-om1: Started
2021-11-06 13:08:57,743 [Listener at 127.0.0.1/34591] INFO  http.BaseHttpServer (BaseHttpServer.java:newHttpServer2BuilderForOzone(209)) - Starting Web-server for ozoneManager at: http://0.0.0.0:0
2021-11-06 13:08:57,743 [Listener at 127.0.0.1/34591] INFO  http.BaseHttpServer (BaseHttpServer.java:<init>(107)) - Hadoop Security Enabled: false Ozone Security Enabled: false Ozone HTTP Security Enabled: false 
2021-11-06 13:08:57,744 [Listener at 127.0.0.1/34591] INFO  server.AuthenticationFilter (AuthenticationFilter.java:constructSecretProvider(240)) - Unable to initialize FileSignerSecretProvider, falling back to use random secrets.
2021-11-06 13:08:57,746 [Listener at 127.0.0.1/34591] WARN  http.HttpRequestLog (HttpRequestLog.java:getRequestLog(103)) - Jetty request log can only be enabled using Log4j
2021-11-06 13:08:57,747 [Listener at 127.0.0.1/34591] INFO  http.HttpServer2 (HttpServer2.java:addGlobalFilter(1030)) - Added global filter 'safety' (class=org.apache.hadoop.hdds.server.http.HttpServer2$QuotingInputFilter)
2021-11-06 13:08:57,747 [Listener at 127.0.0.1/34591] INFO  http.HttpServer2 (HttpServer2.java:addFilter(1006)) - Added filter static_user_filter (class=org.apache.hadoop.http.lib.StaticUserWebFilter$StaticUserFilter) to context ozoneManager
2021-11-06 13:08:57,748 [Listener at 127.0.0.1/34591] INFO  http.HttpServer2 (HttpServer2.java:addFilter(1014)) - Added filter static_user_filter (class=org.apache.hadoop.http.lib.StaticUserWebFilter$StaticUserFilter) to context static
2021-11-06 13:08:57,748 [Listener at 127.0.0.1/34591] INFO  http.HttpServer2 (HttpServer2.java:addFilter(1014)) - Added filter static_user_filter (class=org.apache.hadoop.http.lib.StaticUserWebFilter$StaticUserFilter) to context logs
2021-11-06 13:08:57,748 [Listener at 127.0.0.1/34591] INFO  http.HttpServer2 (HttpServer2.java:bindListener(1249)) - Jetty bound to port 45637
2021-11-06 13:08:57,749 [Listener at 127.0.0.1/34591] INFO  server.Server (Server.java:doStart(375)) - jetty-9.4.43.v20210629; built: 2021-06-30T11:07:22.254Z; git: 526006ecfa3af7f1a27ef3a288e2bef7ea9dd7e8; jvm 1.8.0_292-b10
2021-11-06 13:08:57,750 [Listener at 127.0.0.1/34591] INFO  server.session (DefaultSessionIdManager.java:doStart(334)) - DefaultSessionIdManager workerName=node0
2021-11-06 13:08:57,750 [Listener at 127.0.0.1/34591] INFO  server.session (DefaultSessionIdManager.java:doStart(339)) - No SessionScavenger set, using defaults
2021-11-06 13:08:57,751 [Listener at 127.0.0.1/34591] INFO  server.session (HouseKeeper.java:startScavenging(132)) - node0 Scavenging every 600000ms
2021-11-06 13:08:57,754 [Listener at 127.0.0.1/34591] INFO  handler.ContextHandler (ContextHandler.java:doStart(915)) - Started o.e.j.s.ServletContextHandler@24045d7a{logs,/logs,file:///home/runner/work/ozone/ozone/hadoop-ozone/integration-test/target/log,AVAILABLE}
2021-11-06 13:08:57,754 [Listener at 127.0.0.1/34591] INFO  handler.ContextHandler (ContextHandler.java:doStart(915)) - Started o.e.j.s.ServletContextHandler@10a711c7{static,/static,file:///home/runner/work/ozone/ozone/hadoop-ozone/integration-test/target/test-classes/webapps/static,AVAILABLE}
2021-11-06 13:08:57,758 [Listener at 127.0.0.1/34591] INFO  handler.ContextHandler (ContextHandler.java:doStart(915)) - Started o.e.j.w.WebAppContext@a96a299{ozoneManager,/,file:///home/runner/work/ozone/ozone/hadoop-ozone/integration-test/target/test-classes/webapps/ozoneManager/,AVAILABLE}{file:/home/runner/work/ozone/ozone/hadoop-ozone/integration-test/target/test-classes/webapps/ozoneManager}
2021-11-06 13:08:57,760 [Listener at 127.0.0.1/34591] INFO  server.AbstractConnector (AbstractConnector.java:doStart(331)) - Started ServerConnector@87814f1{HTTP/1.1, (http/1.1)}{0.0.0.0:45637}
2021-11-06 13:08:57,764 [Listener at 127.0.0.1/34591] INFO  server.Server (Server.java:doStart(415)) - Started @180251ms
2021-11-06 13:08:57,764 [Listener at 127.0.0.1/34591] WARN  impl.MetricsSystemImpl (MetricsSystemImpl.java:register(279)) - Sink prometheus already exists!
2021-11-06 13:08:57,773 [Listener at 127.0.0.1/34591] INFO  http.BaseHttpServer (BaseHttpServer.java:updateConnectorAddress(329)) - HTTP server of ozoneManager listening at http://0.0.0.0:45637
2021-11-06 13:08:57,782 [IPC Server Responder] INFO  ipc.Server (Server.java:run(1507)) - IPC Server Responder: starting
2021-11-06 13:08:57,782 [IPC Server listener on 0] INFO  ipc.Server (Server.java:run(1344)) - IPC Server listener on 0: starting
2021-11-06 13:08:57,811 [Listener at 127.0.0.1/34591] INFO  om.OzoneManager (OzoneManager.java:startTrashEmptier(1596)) - Trash Interval set to 0. Files deleted will not move to trash
2021-11-06 13:08:57,864 [org.apache.hadoop.util.JvmPauseMonitor$Monitor@76b5c127] INFO  util.JvmPauseMonitor (JvmPauseMonitor.java:run(188)) - Starting JVM pause monitor
2021-11-06 13:08:57,914 [Listener at 127.0.0.1/34591] WARN  impl.MetricRegistriesImpl (MetricRegistriesImpl.java:addReporterRegistration(111)) - New reporters are added after registries were created. Some metrics will be missing from the reporter. Please add reporter before adding any new registry.
2021-11-06 13:08:57,914 [Listener at 127.0.0.1/34591] WARN  impl.MetricRegistriesImpl (MetricRegistriesImpl.java:addReporterRegistration(111)) - New reporters are added after registries were created. Some metrics will be missing from the reporter. Please add reporter before adding any new registry.
2021-11-06 13:08:57,914 [Listener at 127.0.0.1/34591] INFO  impl.MetricsSystemImpl (MetricsSystemImpl.java:init(158)) - HddsDatanode metrics system started (again)
2021-11-06 13:08:57,945 [Listener at 127.0.0.1/34591] INFO  ozone.HddsDatanodeService (HddsDatanodeService.java:start(234)) - HddsDatanodeService host:fv-az151-875.yf2hydr00wburbhx3j5hxtcipe.bx.internal.cloudapp.net ip:10.1.0.11
2021-11-06 13:08:57,996 [Listener at 127.0.0.1/34591] INFO  upgrade.AbstractLayoutVersionManager (AbstractLayoutVersionManager.java:init(79)) - Initializing Layout version manager with metadata layout = SCM_HA (version = 2), software layout = SCM_HA (version = 2)
2021-11-06 13:08:58,053 [Listener at 127.0.0.1/34591] INFO  reflections.Reflections (Reflections.java:scan(232)) - Reflections took 56 ms to scan 7 urls, producing 119 keys and 279 values 
2021-11-06 13:08:58,055 [Listener at 127.0.0.1/34591] INFO  statemachine.DatanodeStateMachine (DatanodeStateMachine.java:getEndPointTaskThreadPoolSize(219)) - Datanode State Machine Task Thread Pool size 2
2021-11-06 13:08:58,056 [Listener at 127.0.0.1/34591] INFO  volume.HddsVolume (HddsVolume.java:<init>(120)) - Creating HddsVolume: /home/runner/work/ozone/ozone/hadoop-ozone/integration-test/target/test-dir/MiniOzoneClusterImpl-57fe1d17-8f30-476a-a64a-953d5983e20c/datanode-0/data-0/containers/hdds of storage type : DISK capacity : 9223372036854775807
2021-11-06 13:08:58,056 [Listener at 127.0.0.1/34591] INFO  volume.MutableVolumeSet (MutableVolumeSet.java:initializeVolumeSet(168)) - Added Volume : /home/runner/work/ozone/ozone/hadoop-ozone/integration-test/target/test-dir/MiniOzoneClusterImpl-57fe1d17-8f30-476a-a64a-953d5983e20c/datanode-0/data-0/containers/hdds to VolumeSet
2021-11-06 13:08:58,057 [Listener at 127.0.0.1/34591] INFO  volume.ThrottledAsyncChecker (ThrottledAsyncChecker.java:schedule(141)) - Scheduling a check for /home/runner/work/ozone/ozone/hadoop-ozone/integration-test/target/test-dir/MiniOzoneClusterImpl-57fe1d17-8f30-476a-a64a-953d5983e20c/datanode-0/data-0/containers/hdds
2021-11-06 13:08:58,058 [Listener at 127.0.0.1/34591] INFO  volume.StorageVolumeChecker (StorageVolumeChecker.java:checkAllVolumes(202)) - Scheduled health check for volume /home/runner/work/ozone/ozone/hadoop-ozone/integration-test/target/test-dir/MiniOzoneClusterImpl-57fe1d17-8f30-476a-a64a-953d5983e20c/datanode-0/data-0/containers/hdds
2021-11-06 13:08:58,129 [Listener at 127.0.0.1/34591] INFO  volume.MutableVolumeSet (MutableVolumeSet.java:initializeVolumeSet(168)) - Added Volume : /home/runner/work/ozone/ozone/hadoop-ozone/integration-test/target/test-dir/MiniOzoneClusterImpl-57fe1d17-8f30-476a-a64a-953d5983e20c/datanode-0/data/ratis to VolumeSet
2021-11-06 13:08:58,129 [Listener at 127.0.0.1/34591] INFO  volume.ThrottledAsyncChecker (ThrottledAsyncChecker.java:schedule(141)) - Scheduling a check for /home/runner/work/ozone/ozone/hadoop-ozone/integration-test/target/test-dir/MiniOzoneClusterImpl-57fe1d17-8f30-476a-a64a-953d5983e20c/datanode-0/data/ratis
2021-11-06 13:08:58,130 [Listener at 127.0.0.1/34591] INFO  volume.StorageVolumeChecker (StorageVolumeChecker.java:checkAllVolumes(202)) - Scheduled health check for volume /home/runner/work/ozone/ozone/hadoop-ozone/integration-test/target/test-dir/MiniOzoneClusterImpl-57fe1d17-8f30-476a-a64a-953d5983e20c/datanode-0/data/ratis
2021-11-06 13:08:58,152 [Thread-1304] INFO  ozoneimpl.ContainerReader (ContainerReader.java:readVolume(172)) - Finish verifying containers on volume /home/runner/work/ozone/ozone/hadoop-ozone/integration-test/target/test-dir/MiniOzoneClusterImpl-57fe1d17-8f30-476a-a64a-953d5983e20c/datanode-0/data-0/containers/hdds
2021-11-06 13:08:58,152 [Listener at 127.0.0.1/34591] INFO  ozoneimpl.OzoneContainer (OzoneContainer.java:buildContainerSet(236)) - Build ContainerSet costs 0s
2021-11-06 13:08:58,154 [Listener at 127.0.0.1/34591] INFO  server.RaftServer (ConfUtils.java:logGet(44)) - raft.rpc.type = GRPC (default)
2021-11-06 13:08:58,155 [Listener at 127.0.0.1/34591] INFO  grpc.GrpcFactory (GrpcFactory.java:checkPooledByteBufAllocatorUseCacheForAllThreads(48)) - PERFORMANCE WARNING: useCacheForAllThreads is true that may cause Netty to create a lot garbage objects and, as a result, trigger GC.
	It is recommended to disable useCacheForAllThreads by setting -Dorg.apache.ratis.thirdparty.io.netty.allocator.useCacheForAllThreads=false in command line.
2021-11-06 13:08:58,155 [Listener at 127.0.0.1/34591] INFO  grpc.GrpcConfigKeys (ConfUtils.java:logGet(44)) - raft.grpc.admin.port = 0 (custom)
2021-11-06 13:08:58,155 [Listener at 127.0.0.1/34591] INFO  grpc.GrpcConfigKeys (ConfUtils.java:logGet(44)) - raft.grpc.client.port = 0 (custom)
2021-11-06 13:08:58,155 [Listener at 127.0.0.1/34591] INFO  grpc.GrpcConfigKeys (ConfUtils.java:logGet(44)) - raft.grpc.server.port = 0 (default)
2021-11-06 13:08:58,155 [Listener at 127.0.0.1/34591] INFO  server.GrpcService (ConfUtils.java:logGet(44)) - raft.grpc.message.size.max = 32MB (=33554432) (custom)
2021-11-06 13:08:58,156 [Listener at 127.0.0.1/34591] INFO  server.RaftServerConfigKeys (ConfUtils.java:logGet(44)) - raft.server.log.appender.buffer.byte-limit = 33554432 (custom)
2021-11-06 13:08:58,156 [Listener at 127.0.0.1/34591] INFO  server.GrpcService (ConfUtils.java:logGet(44)) - raft.grpc.flow.control.window = 5MB (=5242880) (custom)
2021-11-06 13:08:58,156 [Listener at 127.0.0.1/34591] INFO  server.RaftServerConfigKeys (ConfUtils.java:logGet(44)) - raft.server.rpc.request.timeout = 3000ms (default)
2021-11-06 13:08:58,157 [Listener at 127.0.0.1/34591] INFO  impl.DataStreamServerImpl (ConfUtils.java:logGet(44)) - raft.datastream.type = DISABLED (default)
2021-11-06 13:08:58,157 [Listener at 127.0.0.1/34591] INFO  server.RaftServerConfigKeys (ConfUtils.java:logGet(44)) - raft.server.rpc.slowness.timeout = 300000ms (custom)
2021-11-06 13:08:58,157 [Listener at 127.0.0.1/34591] INFO  server.RaftServerConfigKeys (ConfUtils.java:logGet(44)) - raft.server.leaderelection.leader.step-down.wait-time = 10s (default)
2021-11-06 13:08:58,158 [Listener at 127.0.0.1/34591] INFO  server.RaftServerConfigKeys (ConfUtils.java:logGet(44)) - raft.server.storage.dir = [/home/runner/work/ozone/ozone/hadoop-ozone/integration-test/target/test-dir/MiniOzoneClusterImpl-57fe1d17-8f30-476a-a64a-953d5983e20c/datanode-0/data/ratis] (custom)
2021-11-06 13:08:58,163 [Listener at 127.0.0.1/34591] INFO  http.BaseHttpServer (BaseHttpServer.java:newHttpServer2BuilderForOzone(209)) - Starting Web-server for hddsDatanode at: http://0.0.0.0:0
2021-11-06 13:08:58,163 [Listener at 127.0.0.1/34591] INFO  http.BaseHttpServer (BaseHttpServer.java:<init>(107)) - Hadoop Security Enabled: false Ozone Security Enabled: false Ozone HTTP Security Enabled: false 
2021-11-06 13:08:58,164 [Listener at 127.0.0.1/34591] INFO  server.AuthenticationFilter (AuthenticationFilter.java:constructSecretProvider(240)) - Unable to initialize FileSignerSecretProvider, falling back to use random secrets.
2021-11-06 13:08:58,167 [Listener at 127.0.0.1/34591] WARN  http.HttpRequestLog (HttpRequestLog.java:getRequestLog(103)) - Jetty request log can only be enabled using Log4j
2021-11-06 13:08:58,168 [Listener at 127.0.0.1/34591] INFO  http.HttpServer2 (HttpServer2.java:addGlobalFilter(1030)) - Added global filter 'safety' (class=org.apache.hadoop.hdds.server.http.HttpServer2$QuotingInputFilter)
2021-11-06 13:08:58,168 [Listener at 127.0.0.1/34591] INFO  http.HttpServer2 (HttpServer2.java:addFilter(1006)) - Added filter static_user_filter (class=org.apache.hadoop.http.lib.StaticUserWebFilter$StaticUserFilter) to context hddsDatanode
2021-11-06 13:08:58,169 [Listener at 127.0.0.1/34591] INFO  http.HttpServer2 (HttpServer2.java:addFilter(1014)) - Added filter static_user_filter (class=org.apache.hadoop.http.lib.StaticUserWebFilter$StaticUserFilter) to context static
2021-11-06 13:08:58,169 [Listener at 127.0.0.1/34591] INFO  http.HttpServer2 (HttpServer2.java:addFilter(1014)) - Added filter static_user_filter (class=org.apache.hadoop.http.lib.StaticUserWebFilter$StaticUserFilter) to context logs
2021-11-06 13:08:58,170 [Listener at 127.0.0.1/34591] INFO  http.HttpServer2 (HttpServer2.java:bindListener(1249)) - Jetty bound to port 43759
2021-11-06 13:08:58,170 [Listener at 127.0.0.1/34591] INFO  server.Server (Server.java:doStart(375)) - jetty-9.4.43.v20210629; built: 2021-06-30T11:07:22.254Z; git: 526006ecfa3af7f1a27ef3a288e2bef7ea9dd7e8; jvm 1.8.0_292-b10
2021-11-06 13:08:58,188 [Listener at 127.0.0.1/34591] INFO  server.session (DefaultSessionIdManager.java:doStart(334)) - DefaultSessionIdManager workerName=node0
2021-11-06 13:08:58,188 [Listener at 127.0.0.1/34591] INFO  server.session (DefaultSessionIdManager.java:doStart(339)) - No SessionScavenger set, using defaults
2021-11-06 13:08:58,188 [Listener at 127.0.0.1/34591] INFO  server.session (HouseKeeper.java:startScavenging(132)) - node0 Scavenging every 660000ms
2021-11-06 13:08:58,189 [Listener at 127.0.0.1/34591] INFO  handler.ContextHandler (ContextHandler.java:doStart(915)) - Started o.e.j.s.ServletContextHandler@55d38ea1{logs,/logs,file:///home/runner/work/ozone/ozone/hadoop-ozone/integration-test/target/log,AVAILABLE}
2021-11-06 13:08:58,189 [Listener at 127.0.0.1/34591] INFO  handler.ContextHandler (ContextHandler.java:doStart(915)) - Started o.e.j.s.ServletContextHandler@5a458c94{static,/static,jar:file:/home/runner/.m2/repository/org/apache/ozone/hdds-container-service/1.2.0-SNAPSHOT/hdds-container-service-1.2.0-SNAPSHOT.jar!/webapps/static,AVAILABLE}
2021-11-06 13:08:58,244 [Listener at 127.0.0.1/34591] INFO  handler.ContextHandler (ContextHandler.java:doStart(915)) - Started o.e.j.w.WebAppContext@39041b0c{hddsDatanode,/,file:///tmp/jetty-0_0_0_0-43759-hdds-container-service-1_2_0-SNAPSHOT_jar-_-any-6382593734408947319/webapp/,AVAILABLE}{jar:file:/home/runner/.m2/repository/org/apache/ozone/hdds-container-service/1.2.0-SNAPSHOT/hdds-container-service-1.2.0-SNAPSHOT.jar!/webapps/hddsDatanode}
2021-11-06 13:08:58,248 [Listener at 127.0.0.1/34591] INFO  server.AbstractConnector (AbstractConnector.java:doStart(331)) - Started ServerConnector@4b3ead45{HTTP/1.1, (http/1.1)}{0.0.0.0:43759}
2021-11-06 13:08:58,248 [Listener at 127.0.0.1/34591] INFO  server.Server (Server.java:doStart(415)) - Started @180735ms
2021-11-06 13:08:58,248 [Listener at 127.0.0.1/34591] WARN  impl.MetricsSystemImpl (MetricsSystemImpl.java:register(279)) - Sink prometheus already exists!
2021-11-06 13:08:58,249 [Listener at 127.0.0.1/34591] INFO  http.BaseHttpServer (BaseHttpServer.java:updateConnectorAddress(329)) - HTTP server of hddsDatanode listening at http://0.0.0.0:43759
2021-11-06 13:08:58,251 [Listener at 127.0.0.1/34591] WARN  impl.MetricRegistriesImpl (MetricRegistriesImpl.java:addReporterRegistration(111)) - New reporters are added after registries were created. Some metrics will be missing from the reporter. Please add reporter before adding any new registry.
2021-11-06 13:08:58,251 [Listener at 127.0.0.1/34591] WARN  impl.MetricRegistriesImpl (MetricRegistriesImpl.java:addReporterRegistration(111)) - New reporters are added after registries were created. Some metrics will be missing from the reporter. Please add reporter before adding any new registry.
2021-11-06 13:08:58,251 [Listener at 127.0.0.1/34591] INFO  impl.MetricsSystemImpl (MetricsSystemImpl.java:init(158)) - HddsDatanode metrics system started (again)
2021-11-06 13:08:58,262 [Datanode State Machine Daemon Thread] INFO  statemachine.DatanodeStateMachine (DatanodeStateMachine.java:lambda$startDaemon$0(467)) - Ozone container server started.
2021-11-06 13:08:58,286 [Listener at 127.0.0.1/34591] INFO  ozone.HddsDatanodeService (HddsDatanodeService.java:start(234)) - HddsDatanodeService host:fv-az151-875.yf2hydr00wburbhx3j5hxtcipe.bx.internal.cloudapp.net ip:10.1.0.11
2021-11-06 13:08:58,327 [org.apache.hadoop.util.JvmPauseMonitor$Monitor@5c36acd4] INFO  util.JvmPauseMonitor (JvmPauseMonitor.java:run(188)) - Starting JVM pause monitor
2021-11-06 13:08:58,332 [Datanode State Machine Task Thread - 0] INFO  datanode.InitDatanodeState (InitDatanodeState.java:persistContainerDatanodeDetails(145)) - DatanodeDetails is persisted to /home/runner/work/ozone/ozone/hadoop-ozone/integration-test/target/test-dir/MiniOzoneClusterImpl-57fe1d17-8f30-476a-a64a-953d5983e20c/datanode-0/meta/datanode.id
2021-11-06 13:08:58,385 [Listener at 127.0.0.1/34591] INFO  upgrade.AbstractLayoutVersionManager (AbstractLayoutVersionManager.java:init(79)) - Initializing Layout version manager with metadata layout = SCM_HA (version = 2), software layout = SCM_HA (version = 2)
2021-11-06 13:08:58,525 [Listener at 127.0.0.1/34591] INFO  reflections.Reflections (Reflections.java:scan(232)) - Reflections took 131 ms to scan 7 urls, producing 119 keys and 279 values 
2021-11-06 13:08:58,529 [Listener at 127.0.0.1/34591] INFO  statemachine.DatanodeStateMachine (DatanodeStateMachine.java:getEndPointTaskThreadPoolSize(219)) - Datanode State Machine Task Thread Pool size 2
2021-11-06 13:08:58,531 [Listener at 127.0.0.1/34591] INFO  volume.HddsVolume (HddsVolume.java:<init>(120)) - Creating HddsVolume: /home/runner/work/ozone/ozone/hadoop-ozone/integration-test/target/test-dir/MiniOzoneClusterImpl-57fe1d17-8f30-476a-a64a-953d5983e20c/datanode-1/data-0/containers/hdds of storage type : DISK capacity : 9223372036854775807
2021-11-06 13:08:58,531 [Listener at 127.0.0.1/34591] INFO  volume.MutableVolumeSet (MutableVolumeSet.java:initializeVolumeSet(168)) - Added Volume : /home/runner/work/ozone/ozone/hadoop-ozone/integration-test/target/test-dir/MiniOzoneClusterImpl-57fe1d17-8f30-476a-a64a-953d5983e20c/datanode-1/data-0/containers/hdds to VolumeSet
2021-11-06 13:08:58,531 [Listener at 127.0.0.1/34591] INFO  volume.ThrottledAsyncChecker (ThrottledAsyncChecker.java:schedule(141)) - Scheduling a check for /home/runner/work/ozone/ozone/hadoop-ozone/integration-test/target/test-dir/MiniOzoneClusterImpl-57fe1d17-8f30-476a-a64a-953d5983e20c/datanode-1/data-0/containers/hdds
2021-11-06 13:08:58,543 [Listener at 127.0.0.1/34591] INFO  volume.StorageVolumeChecker (StorageVolumeChecker.java:checkAllVolumes(202)) - Scheduled health check for volume /home/runner/work/ozone/ozone/hadoop-ozone/integration-test/target/test-dir/MiniOzoneClusterImpl-57fe1d17-8f30-476a-a64a-953d5983e20c/datanode-1/data-0/containers/hdds
2021-11-06 13:08:58,559 [Listener at 127.0.0.1/34591] INFO  volume.MutableVolumeSet (MutableVolumeSet.java:initializeVolumeSet(168)) - Added Volume : /home/runner/work/ozone/ozone/hadoop-ozone/integration-test/target/test-dir/MiniOzoneClusterImpl-57fe1d17-8f30-476a-a64a-953d5983e20c/datanode-1/data/ratis to VolumeSet
2021-11-06 13:08:58,560 [Listener at 127.0.0.1/34591] INFO  volume.ThrottledAsyncChecker (ThrottledAsyncChecker.java:schedule(141)) - Scheduling a check for /home/runner/work/ozone/ozone/hadoop-ozone/integration-test/target/test-dir/MiniOzoneClusterImpl-57fe1d17-8f30-476a-a64a-953d5983e20c/datanode-1/data/ratis
2021-11-06 13:08:58,560 [Listener at 127.0.0.1/34591] INFO  volume.StorageVolumeChecker (StorageVolumeChecker.java:checkAllVolumes(202)) - Scheduled health check for volume /home/runner/work/ozone/ozone/hadoop-ozone/integration-test/target/test-dir/MiniOzoneClusterImpl-57fe1d17-8f30-476a-a64a-953d5983e20c/datanode-1/data/ratis
2021-11-06 13:08:58,593 [Thread-1316] INFO  ozoneimpl.ContainerReader (ContainerReader.java:readVolume(172)) - Finish verifying containers on volume /home/runner/work/ozone/ozone/hadoop-ozone/integration-test/target/test-dir/MiniOzoneClusterImpl-57fe1d17-8f30-476a-a64a-953d5983e20c/datanode-1/data-0/containers/hdds
2021-11-06 13:08:58,593 [Listener at 127.0.0.1/34591] INFO  ozoneimpl.OzoneContainer (OzoneContainer.java:buildContainerSet(236)) - Build ContainerSet costs 0s
2021-11-06 13:08:58,595 [Listener at 127.0.0.1/34591] INFO  server.RaftServer (ConfUtils.java:logGet(44)) - raft.rpc.type = GRPC (default)
2021-11-06 13:08:58,595 [Listener at 127.0.0.1/34591] INFO  grpc.GrpcFactory (GrpcFactory.java:checkPooledByteBufAllocatorUseCacheForAllThreads(48)) - PERFORMANCE WARNING: useCacheForAllThreads is true that may cause Netty to create a lot garbage objects and, as a result, trigger GC.
	It is recommended to disable useCacheForAllThreads by setting -Dorg.apache.ratis.thirdparty.io.netty.allocator.useCacheForAllThreads=false in command line.
2021-11-06 13:08:58,595 [Listener at 127.0.0.1/34591] INFO  grpc.GrpcConfigKeys (ConfUtils.java:logGet(44)) - raft.grpc.admin.port = 0 (custom)
2021-11-06 13:08:58,595 [Listener at 127.0.0.1/34591] INFO  grpc.GrpcConfigKeys (ConfUtils.java:logGet(44)) - raft.grpc.client.port = 0 (custom)
2021-11-06 13:08:58,596 [Listener at 127.0.0.1/34591] INFO  grpc.GrpcConfigKeys (ConfUtils.java:logGet(44)) - raft.grpc.server.port = 0 (default)
2021-11-06 13:08:58,596 [Listener at 127.0.0.1/34591] INFO  server.GrpcService (ConfUtils.java:logGet(44)) - raft.grpc.message.size.max = 32MB (=33554432) (custom)
2021-11-06 13:08:58,596 [Listener at 127.0.0.1/34591] INFO  server.RaftServerConfigKeys (ConfUtils.java:logGet(44)) - raft.server.log.appender.buffer.byte-limit = 33554432 (custom)
2021-11-06 13:08:58,596 [Listener at 127.0.0.1/34591] INFO  server.GrpcService (ConfUtils.java:logGet(44)) - raft.grpc.flow.control.window = 5MB (=5242880) (custom)
2021-11-06 13:08:58,596 [Listener at 127.0.0.1/34591] INFO  server.RaftServerConfigKeys (ConfUtils.java:logGet(44)) - raft.server.rpc.request.timeout = 3000ms (default)
2021-11-06 13:08:58,597 [Listener at 127.0.0.1/34591] INFO  impl.DataStreamServerImpl (ConfUtils.java:logGet(44)) - raft.datastream.type = DISABLED (default)
2021-11-06 13:08:58,598 [Listener at 127.0.0.1/34591] INFO  server.RaftServerConfigKeys (ConfUtils.java:logGet(44)) - raft.server.rpc.slowness.timeout = 300000ms (custom)
2021-11-06 13:08:58,598 [Listener at 127.0.0.1/34591] INFO  server.RaftServerConfigKeys (ConfUtils.java:logGet(44)) - raft.server.leaderelection.leader.step-down.wait-time = 10s (default)
2021-11-06 13:08:58,598 [Listener at 127.0.0.1/34591] INFO  server.RaftServerConfigKeys (ConfUtils.java:logGet(44)) - raft.server.storage.dir = [/home/runner/work/ozone/ozone/hadoop-ozone/integration-test/target/test-dir/MiniOzoneClusterImpl-57fe1d17-8f30-476a-a64a-953d5983e20c/datanode-1/data/ratis] (custom)
2021-11-06 13:08:58,602 [Listener at 127.0.0.1/34591] INFO  http.BaseHttpServer (BaseHttpServer.java:newHttpServer2BuilderForOzone(209)) - Starting Web-server for hddsDatanode at: http://0.0.0.0:0
2021-11-06 13:08:58,603 [Listener at 127.0.0.1/34591] INFO  http.BaseHttpServer (BaseHttpServer.java:<init>(107)) - Hadoop Security Enabled: false Ozone Security Enabled: false Ozone HTTP Security Enabled: false 
2021-11-06 13:08:58,604 [Listener at 127.0.0.1/34591] INFO  server.AuthenticationFilter (AuthenticationFilter.java:constructSecretProvider(240)) - Unable to initialize FileSignerSecretProvider, falling back to use random secrets.
2021-11-06 13:08:58,610 [Listener at 127.0.0.1/34591] WARN  http.HttpRequestLog (HttpRequestLog.java:getRequestLog(103)) - Jetty request log can only be enabled using Log4j
2021-11-06 13:08:58,611 [Listener at 127.0.0.1/34591] INFO  http.HttpServer2 (HttpServer2.java:addGlobalFilter(1030)) - Added global filter 'safety' (class=org.apache.hadoop.hdds.server.http.HttpServer2$QuotingInputFilter)
2021-11-06 13:08:58,611 [Listener at 127.0.0.1/34591] INFO  http.HttpServer2 (HttpServer2.java:addFilter(1006)) - Added filter static_user_filter (class=org.apache.hadoop.http.lib.StaticUserWebFilter$StaticUserFilter) to context hddsDatanode
2021-11-06 13:08:58,612 [Listener at 127.0.0.1/34591] INFO  http.HttpServer2 (HttpServer2.java:addFilter(1014)) - Added filter static_user_filter (class=org.apache.hadoop.http.lib.StaticUserWebFilter$StaticUserFilter) to context logs
2021-11-06 13:08:58,612 [Listener at 127.0.0.1/34591] INFO  http.HttpServer2 (HttpServer2.java:addFilter(1014)) - Added filter static_user_filter (class=org.apache.hadoop.http.lib.StaticUserWebFilter$StaticUserFilter) to context static
2021-11-06 13:08:58,612 [Listener at 127.0.0.1/34591] INFO  http.HttpServer2 (HttpServer2.java:bindListener(1249)) - Jetty bound to port 33597
2021-11-06 13:08:58,612 [Listener at 127.0.0.1/34591] INFO  server.Server (Server.java:doStart(375)) - jetty-9.4.43.v20210629; built: 2021-06-30T11:07:22.254Z; git: 526006ecfa3af7f1a27ef3a288e2bef7ea9dd7e8; jvm 1.8.0_292-b10
2021-11-06 13:08:58,622 [Listener at 127.0.0.1/34591] INFO  server.session (DefaultSessionIdManager.java:doStart(334)) - DefaultSessionIdManager workerName=node0
2021-11-06 13:08:58,623 [Listener at 127.0.0.1/34591] INFO  server.session (DefaultSessionIdManager.java:doStart(339)) - No SessionScavenger set, using defaults
2021-11-06 13:08:58,623 [Listener at 127.0.0.1/34591] INFO  server.session (HouseKeeper.java:startScavenging(132)) - node0 Scavenging every 600000ms
2021-11-06 13:08:58,624 [Listener at 127.0.0.1/34591] INFO  handler.ContextHandler (ContextHandler.java:doStart(915)) - Started o.e.j.s.ServletContextHandler@74db90d7{logs,/logs,file:///home/runner/work/ozone/ozone/hadoop-ozone/integration-test/target/log,AVAILABLE}
2021-11-06 13:08:58,624 [Listener at 127.0.0.1/34591] INFO  handler.ContextHandler (ContextHandler.java:doStart(915)) - Started o.e.j.s.ServletContextHandler@139866a7{static,/static,jar:file:/home/runner/.m2/repository/org/apache/ozone/hdds-container-service/1.2.0-SNAPSHOT/hdds-container-service-1.2.0-SNAPSHOT.jar!/webapps/static,AVAILABLE}
2021-11-06 13:08:58,703 [Listener at 127.0.0.1/34591] INFO  handler.ContextHandler (ContextHandler.java:doStart(915)) - Started o.e.j.w.WebAppContext@1a4f2755{hddsDatanode,/,file:///tmp/jetty-0_0_0_0-33597-hdds-container-service-1_2_0-SNAPSHOT_jar-_-any-3183910948345506057/webapp/,AVAILABLE}{jar:file:/home/runner/.m2/repository/org/apache/ozone/hdds-container-service/1.2.0-SNAPSHOT/hdds-container-service-1.2.0-SNAPSHOT.jar!/webapps/hddsDatanode}
2021-11-06 13:08:58,725 [Listener at 127.0.0.1/34591] INFO  server.AbstractConnector (AbstractConnector.java:doStart(331)) - Started ServerConnector@35873792{HTTP/1.1, (http/1.1)}{0.0.0.0:33597}
2021-11-06 13:08:58,726 [Listener at 127.0.0.1/34591] INFO  server.Server (Server.java:doStart(415)) - Started @181213ms
2021-11-06 13:08:58,726 [Listener at 127.0.0.1/34591] WARN  impl.MetricsSystemImpl (MetricsSystemImpl.java:register(279)) - Sink prometheus already exists!
2021-11-06 13:08:58,727 [Listener at 127.0.0.1/34591] INFO  http.BaseHttpServer (BaseHttpServer.java:updateConnectorAddress(329)) - HTTP server of hddsDatanode listening at http://0.0.0.0:33597
2021-11-06 13:08:58,731 [Listener at 127.0.0.1/34591] WARN  impl.MetricRegistriesImpl (MetricRegistriesImpl.java:addReporterRegistration(111)) - New reporters are added after registries were created. Some metrics will be missing from the reporter. Please add reporter before adding any new registry.
2021-11-06 13:08:58,731 [Listener at 127.0.0.1/34591] WARN  impl.MetricRegistriesImpl (MetricRegistriesImpl.java:addReporterRegistration(111)) - New reporters are added after registries were created. Some metrics will be missing from the reporter. Please add reporter before adding any new registry.
2021-11-06 13:08:58,731 [Listener at 127.0.0.1/34591] INFO  impl.MetricsSystemImpl (MetricsSystemImpl.java:init(158)) - HddsDatanode metrics system started (again)
2021-11-06 13:08:58,739 [om1@group-C5BA1605619E-FollowerState] INFO  impl.FollowerState (FollowerState.java:run(134)) - om1@group-C5BA1605619E-FollowerState: change to CANDIDATE, lastRpcElapsedTime:1039579409ns, electionTimeout:1027ms
2021-11-06 13:08:58,739 [Datanode State Machine Daemon Thread] INFO  statemachine.DatanodeStateMachine (DatanodeStateMachine.java:lambda$startDaemon$0(467)) - Ozone container server started.
2021-11-06 13:08:58,739 [om1@group-C5BA1605619E-FollowerState] INFO  impl.RoleInfo (RoleInfo.java:shutdownFollowerState(108)) - om1: shutdown om1@group-C5BA1605619E-FollowerState
2021-11-06 13:08:58,748 [om1@group-C5BA1605619E-FollowerState] INFO  server.RaftServer$Division (RaftServerImpl.java:setRole(290)) - om1@group-C5BA1605619E: changes role from  FOLLOWER to CANDIDATE at term 0 for changeToCandidate
2021-11-06 13:08:58,748 [om1@group-C5BA1605619E-FollowerState] INFO  server.RaftServerConfigKeys (ConfUtils.java:logGet(44)) - raft.server.leaderelection.pre-vote = false (custom)
2021-11-06 13:08:58,748 [om1@group-C5BA1605619E-FollowerState] INFO  impl.RoleInfo (RoleInfo.java:updateAndGet(130)) - om1: start om1@group-C5BA1605619E-LeaderElection63
2021-11-06 13:08:58,778 [Listener at 127.0.0.1/34591] INFO  ozone.HddsDatanodeService (HddsDatanodeService.java:start(234)) - HddsDatanodeService host:fv-az151-875.yf2hydr00wburbhx3j5hxtcipe.bx.internal.cloudapp.net ip:10.1.0.11
2021-11-06 13:08:58,782 [om1@group-C5BA1605619E-LeaderElection63] INFO  impl.LeaderElection (LeaderElection.java:askForVotes(306)) - om1@group-C5BA1605619E-LeaderElection63 ELECTION round 0: submit vote requests at term 1 for -1: [om1|rpc:localhost:9872|priority:0], old=null
2021-11-06 13:08:58,804 [om1@group-C5BA1605619E-LeaderElection63] INFO  impl.LeaderElection (LeaderElection.java:askForVotes(308)) - om1@group-C5BA1605619E-LeaderElection63 ELECTION round 0: result PASSED (term=1)
2021-11-06 13:08:58,804 [om1@group-C5BA1605619E-LeaderElection63] INFO  impl.RoleInfo (RoleInfo.java:shutdownLeaderElection(121)) - om1: shutdown om1@group-C5BA1605619E-LeaderElection63
2021-11-06 13:08:58,804 [om1@group-C5BA1605619E-LeaderElection63] INFO  server.RaftServer$Division (RaftServerImpl.java:setRole(290)) - om1@group-C5BA1605619E: changes role from CANDIDATE to LEADER at term 1 for changeToLeader
2021-11-06 13:08:58,804 [om1@group-C5BA1605619E-LeaderElection63] INFO  server.RaftServer$Division (ServerState.java:setLeader(285)) - om1@group-C5BA1605619E: change Leader from null to om1 at term 1 for becomeLeader, leader elected after 1215ms
2021-11-06 13:08:58,805 [om1@group-C5BA1605619E-LeaderElection63] INFO  server.RaftServerConfigKeys (ConfUtils.java:logGet(44)) - raft.server.staging.catchup.gap = 1000 (default)
2021-11-06 13:08:58,805 [om1@group-C5BA1605619E-LeaderElection63] INFO  server.RaftServerConfigKeys (ConfUtils.java:logGet(44)) - raft.server.write.element-limit = 4096 (default)
2021-11-06 13:08:58,805 [om1@group-C5BA1605619E-LeaderElection63] INFO  server.RaftServerConfigKeys (ConfUtils.java:logGet(44)) - raft.server.write.byte-limit = 64MB (=67108864) (default)
2021-11-06 13:08:58,806 [om1@group-C5BA1605619E-LeaderElection63] INFO  server.RaftServerConfigKeys (ConfUtils.java:logGet(44)) - raft.server.watch.timeout = 10s (default)
2021-11-06 13:08:58,806 [om1@group-C5BA1605619E-LeaderElection63] INFO  server.RaftServerConfigKeys (ConfUtils.java:logGet(44)) - raft.server.watch.timeout.denomination = 1s (default)
2021-11-06 13:08:58,806 [om1@group-C5BA1605619E-LeaderElection63] INFO  server.RaftServerConfigKeys (ConfUtils.java:logGet(44)) - raft.server.watch.element-limit = 65536 (default)
2021-11-06 13:08:58,806 [om1@group-C5BA1605619E-LeaderElection63] INFO  server.RaftServerConfigKeys (ConfUtils.java:logGet(44)) - raft.server.write.element-limit = 4096 (default)
2021-11-06 13:08:58,806 [om1@group-C5BA1605619E-LeaderElection63] INFO  server.RaftServerConfigKeys (ConfUtils.java:logGet(44)) - raft.server.write.follower.gap.ratio.max = -1.0 (default)
2021-11-06 13:08:58,806 [om1@group-C5BA1605619E-LeaderElection63] INFO  impl.RoleInfo (RoleInfo.java:updateAndGet(130)) - om1: start om1@group-C5BA1605619E-LeaderStateImpl
2021-11-06 13:08:58,806 [om1@group-C5BA1605619E-LeaderElection63] INFO  segmented.SegmentedRaftLogWorker (SegmentedRaftLogWorker.java:startLogSegment(394)) - om1@group-C5BA1605619E-SegmentedRaftLogWorker: Starting segment from index:0
2021-11-06 13:08:58,831 [org.apache.hadoop.util.JvmPauseMonitor$Monitor@28b4a77c] INFO  util.JvmPauseMonitor (JvmPauseMonitor.java:run(188)) - Starting JVM pause monitor
2021-11-06 13:08:58,834 [om1@group-C5BA1605619E-SegmentedRaftLogWorker] INFO  segmented.SegmentedRaftLogWorker (SegmentedRaftLogWorker.java:execute(601)) - om1@group-C5BA1605619E-SegmentedRaftLogWorker: created new log segment /home/runner/work/ozone/ozone/hadoop-ozone/integration-test/target/test-dir/MiniOzoneClusterImpl-57fe1d17-8f30-476a-a64a-953d5983e20c/ozone-meta/ratis/bf265839-605b-3f16-9796-c5ba1605619e/current/log_inprogress_0
2021-11-06 13:08:58,852 [om1@group-C5BA1605619E-LeaderElection63] INFO  server.RaftServer$Division (ServerState.java:setRaftConf(387)) - om1@group-C5BA1605619E: set configuration 0: [om1|rpc:localhost:9872|admin:|client:|dataStream:|priority:0], old=null
2021-11-06 13:08:58,876 [Datanode State Machine Task Thread - 0] INFO  datanode.InitDatanodeState (InitDatanodeState.java:persistContainerDatanodeDetails(145)) - DatanodeDetails is persisted to /home/runner/work/ozone/ozone/hadoop-ozone/integration-test/target/test-dir/MiniOzoneClusterImpl-57fe1d17-8f30-476a-a64a-953d5983e20c/datanode-1/meta/datanode.id
2021-11-06 13:08:58,878 [om1@group-C5BA1605619E-StateMachineUpdater] INFO  ratis.OzoneManagerStateMachine (OzoneManagerStateMachine.java:notifyConfigurationChanged(188)) - Received Configuration change notification from Ratis. New Peer list:
[id: "om1"
address: "localhost:9872"
]
2021-11-06 13:08:58,880 [Listener at 127.0.0.1/34591] INFO  upgrade.AbstractLayoutVersionManager (AbstractLayoutVersionManager.java:init(79)) - Initializing Layout version manager with metadata layout = SCM_HA (version = 2), software layout = SCM_HA (version = 2)
2021-11-06 13:08:58,943 [Listener at 127.0.0.1/34591] INFO  reflections.Reflections (Reflections.java:scan(232)) - Reflections took 59 ms to scan 7 urls, producing 119 keys and 279 values 
2021-11-06 13:08:58,950 [Listener at 127.0.0.1/34591] INFO  statemachine.DatanodeStateMachine (DatanodeStateMachine.java:getEndPointTaskThreadPoolSize(219)) - Datanode State Machine Task Thread Pool size 2
2021-11-06 13:08:58,951 [Listener at 127.0.0.1/34591] INFO  volume.HddsVolume (HddsVolume.java:<init>(120)) - Creating HddsVolume: /home/runner/work/ozone/ozone/hadoop-ozone/integration-test/target/test-dir/MiniOzoneClusterImpl-57fe1d17-8f30-476a-a64a-953d5983e20c/datanode-2/data-0/containers/hdds of storage type : DISK capacity : 9223372036854775807
2021-11-06 13:08:58,951 [Listener at 127.0.0.1/34591] INFO  volume.MutableVolumeSet (MutableVolumeSet.java:initializeVolumeSet(168)) - Added Volume : /home/runner/work/ozone/ozone/hadoop-ozone/integration-test/target/test-dir/MiniOzoneClusterImpl-57fe1d17-8f30-476a-a64a-953d5983e20c/datanode-2/data-0/containers/hdds to VolumeSet
2021-11-06 13:08:58,952 [Listener at 127.0.0.1/34591] INFO  volume.ThrottledAsyncChecker (ThrottledAsyncChecker.java:schedule(141)) - Scheduling a check for /home/runner/work/ozone/ozone/hadoop-ozone/integration-test/target/test-dir/MiniOzoneClusterImpl-57fe1d17-8f30-476a-a64a-953d5983e20c/datanode-2/data-0/containers/hdds
2021-11-06 13:08:58,962 [Listener at 127.0.0.1/34591] INFO  volume.StorageVolumeChecker (StorageVolumeChecker.java:checkAllVolumes(202)) - Scheduled health check for volume /home/runner/work/ozone/ozone/hadoop-ozone/integration-test/target/test-dir/MiniOzoneClusterImpl-57fe1d17-8f30-476a-a64a-953d5983e20c/datanode-2/data-0/containers/hdds
2021-11-06 13:08:58,979 [Listener at 127.0.0.1/34591] INFO  volume.MutableVolumeSet (MutableVolumeSet.java:initializeVolumeSet(168)) - Added Volume : /home/runner/work/ozone/ozone/hadoop-ozone/integration-test/target/test-dir/MiniOzoneClusterImpl-57fe1d17-8f30-476a-a64a-953d5983e20c/datanode-2/data/ratis to VolumeSet
2021-11-06 13:08:58,979 [Listener at 127.0.0.1/34591] INFO  volume.ThrottledAsyncChecker (ThrottledAsyncChecker.java:schedule(141)) - Scheduling a check for /home/runner/work/ozone/ozone/hadoop-ozone/integration-test/target/test-dir/MiniOzoneClusterImpl-57fe1d17-8f30-476a-a64a-953d5983e20c/datanode-2/data/ratis
2021-11-06 13:08:58,979 [Listener at 127.0.0.1/34591] INFO  volume.StorageVolumeChecker (StorageVolumeChecker.java:checkAllVolumes(202)) - Scheduled health check for volume /home/runner/work/ozone/ozone/hadoop-ozone/integration-test/target/test-dir/MiniOzoneClusterImpl-57fe1d17-8f30-476a-a64a-953d5983e20c/datanode-2/data/ratis
2021-11-06 13:08:58,996 [Thread-1330] INFO  ozoneimpl.ContainerReader (ContainerReader.java:readVolume(172)) - Finish verifying containers on volume /home/runner/work/ozone/ozone/hadoop-ozone/integration-test/target/test-dir/MiniOzoneClusterImpl-57fe1d17-8f30-476a-a64a-953d5983e20c/datanode-2/data-0/containers/hdds
2021-11-06 13:08:58,996 [Listener at 127.0.0.1/34591] INFO  ozoneimpl.OzoneContainer (OzoneContainer.java:buildContainerSet(236)) - Build ContainerSet costs 0s
2021-11-06 13:08:58,998 [Listener at 127.0.0.1/34591] INFO  server.RaftServer (ConfUtils.java:logGet(44)) - raft.rpc.type = GRPC (default)
2021-11-06 13:08:58,998 [Listener at 127.0.0.1/34591] INFO  grpc.GrpcFactory (GrpcFactory.java:checkPooledByteBufAllocatorUseCacheForAllThreads(48)) - PERFORMANCE WARNING: useCacheForAllThreads is true that may cause Netty to create a lot garbage objects and, as a result, trigger GC.
	It is recommended to disable useCacheForAllThreads by setting -Dorg.apache.ratis.thirdparty.io.netty.allocator.useCacheForAllThreads=false in command line.
2021-11-06 13:08:58,998 [Listener at 127.0.0.1/34591] INFO  grpc.GrpcConfigKeys (ConfUtils.java:logGet(44)) - raft.grpc.admin.port = 0 (custom)
2021-11-06 13:08:58,998 [Listener at 127.0.0.1/34591] INFO  grpc.GrpcConfigKeys (ConfUtils.java:logGet(44)) - raft.grpc.client.port = 0 (custom)
2021-11-06 13:08:58,998 [Listener at 127.0.0.1/34591] INFO  grpc.GrpcConfigKeys (ConfUtils.java:logGet(44)) - raft.grpc.server.port = 0 (default)
2021-11-06 13:08:58,998 [Listener at 127.0.0.1/34591] INFO  server.GrpcService (ConfUtils.java:logGet(44)) - raft.grpc.message.size.max = 32MB (=33554432) (custom)
2021-11-06 13:08:58,999 [Listener at 127.0.0.1/34591] INFO  server.RaftServerConfigKeys (ConfUtils.java:logGet(44)) - raft.server.log.appender.buffer.byte-limit = 33554432 (custom)
2021-11-06 13:08:58,999 [Listener at 127.0.0.1/34591] INFO  server.GrpcService (ConfUtils.java:logGet(44)) - raft.grpc.flow.control.window = 5MB (=5242880) (custom)
2021-11-06 13:08:58,999 [Listener at 127.0.0.1/34591] INFO  server.RaftServerConfigKeys (ConfUtils.java:logGet(44)) - raft.server.rpc.request.timeout = 3000ms (default)
2021-11-06 13:08:59,001 [Listener at 127.0.0.1/34591] INFO  impl.DataStreamServerImpl (ConfUtils.java:logGet(44)) - raft.datastream.type = DISABLED (default)
2021-11-06 13:08:59,001 [Listener at 127.0.0.1/34591] INFO  server.RaftServerConfigKeys (ConfUtils.java:logGet(44)) - raft.server.rpc.slowness.timeout = 300000ms (custom)
2021-11-06 13:08:59,001 [Listener at 127.0.0.1/34591] INFO  server.RaftServerConfigKeys (ConfUtils.java:logGet(44)) - raft.server.leaderelection.leader.step-down.wait-time = 10s (default)
2021-11-06 13:08:59,001 [Listener at 127.0.0.1/34591] INFO  server.RaftServerConfigKeys (ConfUtils.java:logGet(44)) - raft.server.storage.dir = [/home/runner/work/ozone/ozone/hadoop-ozone/integration-test/target/test-dir/MiniOzoneClusterImpl-57fe1d17-8f30-476a-a64a-953d5983e20c/datanode-2/data/ratis] (custom)
2021-11-06 13:08:59,014 [Listener at 127.0.0.1/34591] INFO  http.BaseHttpServer (BaseHttpServer.java:newHttpServer2BuilderForOzone(209)) - Starting Web-server for hddsDatanode at: http://0.0.0.0:0
2021-11-06 13:08:59,015 [Listener at 127.0.0.1/34591] INFO  http.BaseHttpServer (BaseHttpServer.java:<init>(107)) - Hadoop Security Enabled: false Ozone Security Enabled: false Ozone HTTP Security Enabled: false 
2021-11-06 13:08:59,016 [Listener at 127.0.0.1/34591] INFO  server.AuthenticationFilter (AuthenticationFilter.java:constructSecretProvider(240)) - Unable to initialize FileSignerSecretProvider, falling back to use random secrets.
2021-11-06 13:08:59,022 [Listener at 127.0.0.1/34591] WARN  http.HttpRequestLog (HttpRequestLog.java:getRequestLog(103)) - Jetty request log can only be enabled using Log4j
2021-11-06 13:08:59,023 [Listener at 127.0.0.1/34591] INFO  http.HttpServer2 (HttpServer2.java:addGlobalFilter(1030)) - Added global filter 'safety' (class=org.apache.hadoop.hdds.server.http.HttpServer2$QuotingInputFilter)
2021-11-06 13:08:59,023 [Listener at 127.0.0.1/34591] INFO  http.HttpServer2 (HttpServer2.java:addFilter(1006)) - Added filter static_user_filter (class=org.apache.hadoop.http.lib.StaticUserWebFilter$StaticUserFilter) to context hddsDatanode
2021-11-06 13:08:59,023 [Listener at 127.0.0.1/34591] INFO  http.HttpServer2 (HttpServer2.java:addFilter(1014)) - Added filter static_user_filter (class=org.apache.hadoop.http.lib.StaticUserWebFilter$StaticUserFilter) to context logs
2021-11-06 13:08:59,023 [Listener at 127.0.0.1/34591] INFO  http.HttpServer2 (HttpServer2.java:addFilter(1014)) - Added filter static_user_filter (class=org.apache.hadoop.http.lib.StaticUserWebFilter$StaticUserFilter) to context static
2021-11-06 13:08:59,024 [Listener at 127.0.0.1/34591] INFO  http.HttpServer2 (HttpServer2.java:bindListener(1249)) - Jetty bound to port 36559
2021-11-06 13:08:59,024 [Listener at 127.0.0.1/34591] INFO  server.Server (Server.java:doStart(375)) - jetty-9.4.43.v20210629; built: 2021-06-30T11:07:22.254Z; git: 526006ecfa3af7f1a27ef3a288e2bef7ea9dd7e8; jvm 1.8.0_292-b10
2021-11-06 13:08:59,038 [Listener at 127.0.0.1/34591] INFO  server.session (DefaultSessionIdManager.java:doStart(334)) - DefaultSessionIdManager workerName=node0
2021-11-06 13:08:59,038 [Listener at 127.0.0.1/34591] INFO  server.session (DefaultSessionIdManager.java:doStart(339)) - No SessionScavenger set, using defaults
2021-11-06 13:08:59,039 [Listener at 127.0.0.1/34591] INFO  server.session (HouseKeeper.java:startScavenging(132)) - node0 Scavenging every 660000ms
2021-11-06 13:08:59,050 [Listener at 127.0.0.1/34591] INFO  handler.ContextHandler (ContextHandler.java:doStart(915)) - Started o.e.j.s.ServletContextHandler@4c479c94{logs,/logs,file:///home/runner/work/ozone/ozone/hadoop-ozone/integration-test/target/log,AVAILABLE}
2021-11-06 13:08:59,050 [Listener at 127.0.0.1/34591] INFO  handler.ContextHandler (ContextHandler.java:doStart(915)) - Started o.e.j.s.ServletContextHandler@449b847f{static,/static,jar:file:/home/runner/.m2/repository/org/apache/ozone/hdds-container-service/1.2.0-SNAPSHOT/hdds-container-service-1.2.0-SNAPSHOT.jar!/webapps/static,AVAILABLE}
2021-11-06 13:08:59,121 [Listener at 127.0.0.1/34591] INFO  handler.ContextHandler (ContextHandler.java:doStart(915)) - Started o.e.j.w.WebAppContext@1c3b3d09{hddsDatanode,/,file:///tmp/jetty-0_0_0_0-36559-hdds-container-service-1_2_0-SNAPSHOT_jar-_-any-6485580011430017625/webapp/,AVAILABLE}{jar:file:/home/runner/.m2/repository/org/apache/ozone/hdds-container-service/1.2.0-SNAPSHOT/hdds-container-service-1.2.0-SNAPSHOT.jar!/webapps/hddsDatanode}
2021-11-06 13:08:59,159 [Listener at 127.0.0.1/34591] INFO  server.AbstractConnector (AbstractConnector.java:doStart(331)) - Started ServerConnector@40917f5e{HTTP/1.1, (http/1.1)}{0.0.0.0:36559}
2021-11-06 13:08:59,160 [Listener at 127.0.0.1/34591] INFO  server.Server (Server.java:doStart(415)) - Started @181647ms
2021-11-06 13:08:59,160 [Listener at 127.0.0.1/34591] WARN  impl.MetricsSystemImpl (MetricsSystemImpl.java:register(279)) - Sink prometheus already exists!
2021-11-06 13:08:59,171 [Listener at 127.0.0.1/34591] INFO  http.BaseHttpServer (BaseHttpServer.java:updateConnectorAddress(329)) - HTTP server of hddsDatanode listening at http://0.0.0.0:36559
2021-11-06 13:08:59,171 [Listener at 127.0.0.1/34591] WARN  impl.MetricRegistriesImpl (MetricRegistriesImpl.java:addReporterRegistration(111)) - New reporters are added after registries were created. Some metrics will be missing from the reporter. Please add reporter before adding any new registry.
2021-11-06 13:08:59,172 [Listener at 127.0.0.1/34591] WARN  impl.MetricRegistriesImpl (MetricRegistriesImpl.java:addReporterRegistration(111)) - New reporters are added after registries were created. Some metrics will be missing from the reporter. Please add reporter before adding any new registry.
2021-11-06 13:08:59,172 [Listener at 127.0.0.1/34591] INFO  impl.MetricsSystemImpl (MetricsSystemImpl.java:init(158)) - HddsDatanode metrics system started (again)
2021-11-06 13:08:59,179 [Datanode State Machine Daemon Thread] INFO  statemachine.DatanodeStateMachine (DatanodeStateMachine.java:lambda$startDaemon$0(467)) - Ozone container server started.
2021-11-06 13:08:59,187 [Listener at 127.0.0.1/34591] INFO  ozone.HddsDatanodeService (HddsDatanodeService.java:start(234)) - HddsDatanodeService host:fv-az151-875.yf2hydr00wburbhx3j5hxtcipe.bx.internal.cloudapp.net ip:10.1.0.11
2021-11-06 13:08:59,199 [org.apache.hadoop.util.JvmPauseMonitor$Monitor@d3213e4] INFO  util.JvmPauseMonitor (JvmPauseMonitor.java:run(188)) - Starting JVM pause monitor
2021-11-06 13:08:59,208 [Datanode State Machine Task Thread - 0] INFO  datanode.InitDatanodeState (InitDatanodeState.java:persistContainerDatanodeDetails(145)) - DatanodeDetails is persisted to /home/runner/work/ozone/ozone/hadoop-ozone/integration-test/target/test-dir/MiniOzoneClusterImpl-57fe1d17-8f30-476a-a64a-953d5983e20c/datanode-2/meta/datanode.id
2021-11-06 13:08:59,244 [Listener at 127.0.0.1/34591] INFO  upgrade.AbstractLayoutVersionManager (AbstractLayoutVersionManager.java:init(79)) - Initializing Layout version manager with metadata layout = SCM_HA (version = 2), software layout = SCM_HA (version = 2)
2021-11-06 13:08:59,324 [Listener at 127.0.0.1/34591] INFO  reflections.Reflections (Reflections.java:scan(232)) - Reflections took 75 ms to scan 7 urls, producing 119 keys and 279 values 
2021-11-06 13:08:59,325 [Listener at 127.0.0.1/34591] INFO  statemachine.DatanodeStateMachine (DatanodeStateMachine.java:getEndPointTaskThreadPoolSize(219)) - Datanode State Machine Task Thread Pool size 2
2021-11-06 13:08:59,334 [Listener at 127.0.0.1/34591] INFO  volume.HddsVolume (HddsVolume.java:<init>(120)) - Creating HddsVolume: /home/runner/work/ozone/ozone/hadoop-ozone/integration-test/target/test-dir/MiniOzoneClusterImpl-57fe1d17-8f30-476a-a64a-953d5983e20c/datanode-3/data-0/containers/hdds of storage type : DISK capacity : 9223372036854775807
2021-11-06 13:08:59,334 [Listener at 127.0.0.1/34591] INFO  volume.MutableVolumeSet (MutableVolumeSet.java:initializeVolumeSet(168)) - Added Volume : /home/runner/work/ozone/ozone/hadoop-ozone/integration-test/target/test-dir/MiniOzoneClusterImpl-57fe1d17-8f30-476a-a64a-953d5983e20c/datanode-3/data-0/containers/hdds to VolumeSet
2021-11-06 13:08:59,334 [Listener at 127.0.0.1/34591] INFO  volume.ThrottledAsyncChecker (ThrottledAsyncChecker.java:schedule(141)) - Scheduling a check for /home/runner/work/ozone/ozone/hadoop-ozone/integration-test/target/test-dir/MiniOzoneClusterImpl-57fe1d17-8f30-476a-a64a-953d5983e20c/datanode-3/data-0/containers/hdds
2021-11-06 13:08:59,336 [Listener at 127.0.0.1/34591] INFO  volume.StorageVolumeChecker (StorageVolumeChecker.java:checkAllVolumes(202)) - Scheduled health check for volume /home/runner/work/ozone/ozone/hadoop-ozone/integration-test/target/test-dir/MiniOzoneClusterImpl-57fe1d17-8f30-476a-a64a-953d5983e20c/datanode-3/data-0/containers/hdds
2021-11-06 13:08:59,361 [Listener at 127.0.0.1/34591] INFO  volume.MutableVolumeSet (MutableVolumeSet.java:initializeVolumeSet(168)) - Added Volume : /home/runner/work/ozone/ozone/hadoop-ozone/integration-test/target/test-dir/MiniOzoneClusterImpl-57fe1d17-8f30-476a-a64a-953d5983e20c/datanode-3/data/ratis to VolumeSet
2021-11-06 13:08:59,362 [Listener at 127.0.0.1/34591] INFO  volume.ThrottledAsyncChecker (ThrottledAsyncChecker.java:schedule(141)) - Scheduling a check for /home/runner/work/ozone/ozone/hadoop-ozone/integration-test/target/test-dir/MiniOzoneClusterImpl-57fe1d17-8f30-476a-a64a-953d5983e20c/datanode-3/data/ratis
2021-11-06 13:08:59,362 [Listener at 127.0.0.1/34591] INFO  volume.StorageVolumeChecker (StorageVolumeChecker.java:checkAllVolumes(202)) - Scheduled health check for volume /home/runner/work/ozone/ozone/hadoop-ozone/integration-test/target/test-dir/MiniOzoneClusterImpl-57fe1d17-8f30-476a-a64a-953d5983e20c/datanode-3/data/ratis
2021-11-06 13:08:59,389 [Thread-1342] INFO  ozoneimpl.ContainerReader (ContainerReader.java:readVolume(172)) - Finish verifying containers on volume /home/runner/work/ozone/ozone/hadoop-ozone/integration-test/target/test-dir/MiniOzoneClusterImpl-57fe1d17-8f30-476a-a64a-953d5983e20c/datanode-3/data-0/containers/hdds
2021-11-06 13:08:59,390 [Listener at 127.0.0.1/34591] INFO  ozoneimpl.OzoneContainer (OzoneContainer.java:buildContainerSet(236)) - Build ContainerSet costs 0s
2021-11-06 13:08:59,391 [Listener at 127.0.0.1/34591] INFO  server.RaftServer (ConfUtils.java:logGet(44)) - raft.rpc.type = GRPC (default)
2021-11-06 13:08:59,392 [Listener at 127.0.0.1/34591] INFO  grpc.GrpcFactory (GrpcFactory.java:checkPooledByteBufAllocatorUseCacheForAllThreads(48)) - PERFORMANCE WARNING: useCacheForAllThreads is true that may cause Netty to create a lot garbage objects and, as a result, trigger GC.
	It is recommended to disable useCacheForAllThreads by setting -Dorg.apache.ratis.thirdparty.io.netty.allocator.useCacheForAllThreads=false in command line.
2021-11-06 13:08:59,392 [Listener at 127.0.0.1/34591] INFO  grpc.GrpcConfigKeys (ConfUtils.java:logGet(44)) - raft.grpc.admin.port = 0 (custom)
2021-11-06 13:08:59,392 [Listener at 127.0.0.1/34591] INFO  grpc.GrpcConfigKeys (ConfUtils.java:logGet(44)) - raft.grpc.client.port = 0 (custom)
2021-11-06 13:08:59,392 [Listener at 127.0.0.1/34591] INFO  grpc.GrpcConfigKeys (ConfUtils.java:logGet(44)) - raft.grpc.server.port = 0 (default)
2021-11-06 13:08:59,392 [Listener at 127.0.0.1/34591] INFO  server.GrpcService (ConfUtils.java:logGet(44)) - raft.grpc.message.size.max = 32MB (=33554432) (custom)
2021-11-06 13:08:59,393 [Listener at 127.0.0.1/34591] INFO  server.RaftServerConfigKeys (ConfUtils.java:logGet(44)) - raft.server.log.appender.buffer.byte-limit = 33554432 (custom)
2021-11-06 13:08:59,393 [Listener at 127.0.0.1/34591] INFO  server.GrpcService (ConfUtils.java:logGet(44)) - raft.grpc.flow.control.window = 5MB (=5242880) (custom)
2021-11-06 13:08:59,393 [Listener at 127.0.0.1/34591] INFO  server.RaftServerConfigKeys (ConfUtils.java:logGet(44)) - raft.server.rpc.request.timeout = 3000ms (default)
2021-11-06 13:08:59,394 [Listener at 127.0.0.1/34591] INFO  impl.DataStreamServerImpl (ConfUtils.java:logGet(44)) - raft.datastream.type = DISABLED (default)
2021-11-06 13:08:59,394 [Listener at 127.0.0.1/34591] INFO  server.RaftServerConfigKeys (ConfUtils.java:logGet(44)) - raft.server.rpc.slowness.timeout = 300000ms (custom)
2021-11-06 13:08:59,394 [Listener at 127.0.0.1/34591] INFO  server.RaftServerConfigKeys (ConfUtils.java:logGet(44)) - raft.server.leaderelection.leader.step-down.wait-time = 10s (default)
2021-11-06 13:08:59,394 [Listener at 127.0.0.1/34591] INFO  server.RaftServerConfigKeys (ConfUtils.java:logGet(44)) - raft.server.storage.dir = [/home/runner/work/ozone/ozone/hadoop-ozone/integration-test/target/test-dir/MiniOzoneClusterImpl-57fe1d17-8f30-476a-a64a-953d5983e20c/datanode-3/data/ratis] (custom)
2021-11-06 13:08:59,402 [Listener at 127.0.0.1/34591] INFO  http.BaseHttpServer (BaseHttpServer.java:newHttpServer2BuilderForOzone(209)) - Starting Web-server for hddsDatanode at: http://0.0.0.0:0
2021-11-06 13:08:59,402 [Listener at 127.0.0.1/34591] INFO  http.BaseHttpServer (BaseHttpServer.java:<init>(107)) - Hadoop Security Enabled: false Ozone Security Enabled: false Ozone HTTP Security Enabled: false 
2021-11-06 13:08:59,403 [Listener at 127.0.0.1/34591] INFO  server.AuthenticationFilter (AuthenticationFilter.java:constructSecretProvider(240)) - Unable to initialize FileSignerSecretProvider, falling back to use random secrets.
2021-11-06 13:08:59,403 [Listener at 127.0.0.1/34591] WARN  http.HttpRequestLog (HttpRequestLog.java:getRequestLog(103)) - Jetty request log can only be enabled using Log4j
2021-11-06 13:08:59,404 [Listener at 127.0.0.1/34591] INFO  http.HttpServer2 (HttpServer2.java:addGlobalFilter(1030)) - Added global filter 'safety' (class=org.apache.hadoop.hdds.server.http.HttpServer2$QuotingInputFilter)
2021-11-06 13:08:59,404 [Listener at 127.0.0.1/34591] INFO  http.HttpServer2 (HttpServer2.java:addFilter(1006)) - Added filter static_user_filter (class=org.apache.hadoop.http.lib.StaticUserWebFilter$StaticUserFilter) to context hddsDatanode
2021-11-06 13:08:59,404 [Listener at 127.0.0.1/34591] INFO  http.HttpServer2 (HttpServer2.java:addFilter(1014)) - Added filter static_user_filter (class=org.apache.hadoop.http.lib.StaticUserWebFilter$StaticUserFilter) to context static
2021-11-06 13:08:59,405 [Listener at 127.0.0.1/34591] INFO  http.HttpServer2 (HttpServer2.java:addFilter(1014)) - Added filter static_user_filter (class=org.apache.hadoop.http.lib.StaticUserWebFilter$StaticUserFilter) to context logs
2021-11-06 13:08:59,409 [Listener at 127.0.0.1/34591] INFO  http.HttpServer2 (HttpServer2.java:bindListener(1249)) - Jetty bound to port 36259
2021-11-06 13:08:59,409 [Listener at 127.0.0.1/34591] INFO  server.Server (Server.java:doStart(375)) - jetty-9.4.43.v20210629; built: 2021-06-30T11:07:22.254Z; git: 526006ecfa3af7f1a27ef3a288e2bef7ea9dd7e8; jvm 1.8.0_292-b10
2021-11-06 13:08:59,410 [Listener at 127.0.0.1/34591] INFO  server.session (DefaultSessionIdManager.java:doStart(334)) - DefaultSessionIdManager workerName=node0
2021-11-06 13:08:59,411 [Listener at 127.0.0.1/34591] INFO  server.session (DefaultSessionIdManager.java:doStart(339)) - No SessionScavenger set, using defaults
2021-11-06 13:08:59,411 [Listener at 127.0.0.1/34591] INFO  server.session (HouseKeeper.java:startScavenging(132)) - node0 Scavenging every 600000ms
2021-11-06 13:08:59,412 [Listener at 127.0.0.1/34591] INFO  handler.ContextHandler (ContextHandler.java:doStart(915)) - Started o.e.j.s.ServletContextHandler@5ab6118b{logs,/logs,file:///home/runner/work/ozone/ozone/hadoop-ozone/integration-test/target/log,AVAILABLE}
2021-11-06 13:08:59,412 [Listener at 127.0.0.1/34591] INFO  handler.ContextHandler (ContextHandler.java:doStart(915)) - Started o.e.j.s.ServletContextHandler@7209f69b{static,/static,jar:file:/home/runner/.m2/repository/org/apache/ozone/hdds-container-service/1.2.0-SNAPSHOT/hdds-container-service-1.2.0-SNAPSHOT.jar!/webapps/static,AVAILABLE}
2021-11-06 13:08:59,486 [Listener at 127.0.0.1/34591] INFO  handler.ContextHandler (ContextHandler.java:doStart(915)) - Started o.e.j.w.WebAppContext@55048b81{hddsDatanode,/,file:///tmp/jetty-0_0_0_0-36259-hdds-container-service-1_2_0-SNAPSHOT_jar-_-any-6876843422078553208/webapp/,AVAILABLE}{jar:file:/home/runner/.m2/repository/org/apache/ozone/hdds-container-service/1.2.0-SNAPSHOT/hdds-container-service-1.2.0-SNAPSHOT.jar!/webapps/hddsDatanode}
2021-11-06 13:08:59,531 [Listener at 127.0.0.1/34591] INFO  server.AbstractConnector (AbstractConnector.java:doStart(331)) - Started ServerConnector@4cd40430{HTTP/1.1, (http/1.1)}{0.0.0.0:36259}
2021-11-06 13:08:59,531 [Listener at 127.0.0.1/34591] INFO  server.Server (Server.java:doStart(415)) - Started @182018ms
2021-11-06 13:08:59,531 [Listener at 127.0.0.1/34591] WARN  impl.MetricsSystemImpl (MetricsSystemImpl.java:register(279)) - Sink prometheus already exists!
2021-11-06 13:08:59,532 [Listener at 127.0.0.1/34591] INFO  http.BaseHttpServer (BaseHttpServer.java:updateConnectorAddress(329)) - HTTP server of hddsDatanode listening at http://0.0.0.0:36259
2021-11-06 13:08:59,539 [Listener at 127.0.0.1/34591] WARN  impl.MetricRegistriesImpl (MetricRegistriesImpl.java:addReporterRegistration(111)) - New reporters are added after registries were created. Some metrics will be missing from the reporter. Please add reporter before adding any new registry.
2021-11-06 13:08:59,539 [Listener at 127.0.0.1/34591] WARN  impl.MetricRegistriesImpl (MetricRegistriesImpl.java:addReporterRegistration(111)) - New reporters are added after registries were created. Some metrics will be missing from the reporter. Please add reporter before adding any new registry.
2021-11-06 13:08:59,540 [Listener at 127.0.0.1/34591] INFO  impl.MetricsSystemImpl (MetricsSystemImpl.java:init(158)) - HddsDatanode metrics system started (again)
2021-11-06 13:08:59,547 [Datanode State Machine Daemon Thread] INFO  statemachine.DatanodeStateMachine (DatanodeStateMachine.java:lambda$startDaemon$0(467)) - Ozone container server started.
2021-11-06 13:08:59,591 [org.apache.hadoop.util.JvmPauseMonitor$Monitor@2901c9f9] INFO  util.JvmPauseMonitor (JvmPauseMonitor.java:run(188)) - Starting JVM pause monitor
2021-11-06 13:08:59,599 [Datanode State Machine Task Thread - 0] INFO  datanode.InitDatanodeState (InitDatanodeState.java:persistContainerDatanodeDetails(145)) - DatanodeDetails is persisted to /home/runner/work/ozone/ozone/hadoop-ozone/integration-test/target/test-dir/MiniOzoneClusterImpl-57fe1d17-8f30-476a-a64a-953d5983e20c/datanode-3/meta/datanode.id
2021-11-06 13:08:59,614 [Listener at 127.0.0.1/34591] INFO  ozone.HddsDatanodeService (HddsDatanodeService.java:start(234)) - HddsDatanodeService host:fv-az151-875.yf2hydr00wburbhx3j5hxtcipe.bx.internal.cloudapp.net ip:10.1.0.11
2021-11-06 13:08:59,721 [Listener at 127.0.0.1/34591] INFO  upgrade.AbstractLayoutVersionManager (AbstractLayoutVersionManager.java:init(79)) - Initializing Layout version manager with metadata layout = SCM_HA (version = 2), software layout = SCM_HA (version = 2)
2021-11-06 13:08:59,768 [Listener at 127.0.0.1/34591] INFO  reflections.Reflections (Reflections.java:scan(232)) - Reflections took 46 ms to scan 7 urls, producing 119 keys and 279 values 
2021-11-06 13:08:59,769 [Listener at 127.0.0.1/34591] INFO  statemachine.DatanodeStateMachine (DatanodeStateMachine.java:getEndPointTaskThreadPoolSize(219)) - Datanode State Machine Task Thread Pool size 2
2021-11-06 13:08:59,771 [Listener at 127.0.0.1/34591] INFO  volume.HddsVolume (HddsVolume.java:<init>(120)) - Creating HddsVolume: /home/runner/work/ozone/ozone/hadoop-ozone/integration-test/target/test-dir/MiniOzoneClusterImpl-57fe1d17-8f30-476a-a64a-953d5983e20c/datanode-4/data-0/containers/hdds of storage type : DISK capacity : 9223372036854775807
2021-11-06 13:08:59,772 [Listener at 127.0.0.1/34591] INFO  volume.MutableVolumeSet (MutableVolumeSet.java:initializeVolumeSet(168)) - Added Volume : /home/runner/work/ozone/ozone/hadoop-ozone/integration-test/target/test-dir/MiniOzoneClusterImpl-57fe1d17-8f30-476a-a64a-953d5983e20c/datanode-4/data-0/containers/hdds to VolumeSet
2021-11-06 13:08:59,772 [Listener at 127.0.0.1/34591] INFO  volume.ThrottledAsyncChecker (ThrottledAsyncChecker.java:schedule(141)) - Scheduling a check for /home/runner/work/ozone/ozone/hadoop-ozone/integration-test/target/test-dir/MiniOzoneClusterImpl-57fe1d17-8f30-476a-a64a-953d5983e20c/datanode-4/data-0/containers/hdds
2021-11-06 13:08:59,773 [Listener at 127.0.0.1/34591] INFO  volume.StorageVolumeChecker (StorageVolumeChecker.java:checkAllVolumes(202)) - Scheduled health check for volume /home/runner/work/ozone/ozone/hadoop-ozone/integration-test/target/test-dir/MiniOzoneClusterImpl-57fe1d17-8f30-476a-a64a-953d5983e20c/datanode-4/data-0/containers/hdds
2021-11-06 13:08:59,795 [Listener at 127.0.0.1/34591] INFO  volume.MutableVolumeSet (MutableVolumeSet.java:initializeVolumeSet(168)) - Added Volume : /home/runner/work/ozone/ozone/hadoop-ozone/integration-test/target/test-dir/MiniOzoneClusterImpl-57fe1d17-8f30-476a-a64a-953d5983e20c/datanode-4/data/ratis to VolumeSet
2021-11-06 13:08:59,796 [Listener at 127.0.0.1/34591] INFO  volume.ThrottledAsyncChecker (ThrottledAsyncChecker.java:schedule(141)) - Scheduling a check for /home/runner/work/ozone/ozone/hadoop-ozone/integration-test/target/test-dir/MiniOzoneClusterImpl-57fe1d17-8f30-476a-a64a-953d5983e20c/datanode-4/data/ratis
2021-11-06 13:08:59,796 [Listener at 127.0.0.1/34591] INFO  volume.StorageVolumeChecker (StorageVolumeChecker.java:checkAllVolumes(202)) - Scheduled health check for volume /home/runner/work/ozone/ozone/hadoop-ozone/integration-test/target/test-dir/MiniOzoneClusterImpl-57fe1d17-8f30-476a-a64a-953d5983e20c/datanode-4/data/ratis
2021-11-06 13:08:59,822 [Thread-1354] INFO  ozoneimpl.ContainerReader (ContainerReader.java:readVolume(172)) - Finish verifying containers on volume /home/runner/work/ozone/ozone/hadoop-ozone/integration-test/target/test-dir/MiniOzoneClusterImpl-57fe1d17-8f30-476a-a64a-953d5983e20c/datanode-4/data-0/containers/hdds
2021-11-06 13:08:59,833 [Listener at 127.0.0.1/34591] INFO  ozoneimpl.OzoneContainer (OzoneContainer.java:buildContainerSet(236)) - Build ContainerSet costs 0s
2021-11-06 13:08:59,835 [Listener at 127.0.0.1/34591] INFO  server.RaftServer (ConfUtils.java:logGet(44)) - raft.rpc.type = GRPC (default)
2021-11-06 13:08:59,836 [Listener at 127.0.0.1/34591] INFO  grpc.GrpcFactory (GrpcFactory.java:checkPooledByteBufAllocatorUseCacheForAllThreads(48)) - PERFORMANCE WARNING: useCacheForAllThreads is true that may cause Netty to create a lot garbage objects and, as a result, trigger GC.
	It is recommended to disable useCacheForAllThreads by setting -Dorg.apache.ratis.thirdparty.io.netty.allocator.useCacheForAllThreads=false in command line.
2021-11-06 13:08:59,836 [Listener at 127.0.0.1/34591] INFO  grpc.GrpcConfigKeys (ConfUtils.java:logGet(44)) - raft.grpc.admin.port = 0 (custom)
2021-11-06 13:08:59,836 [Listener at 127.0.0.1/34591] INFO  grpc.GrpcConfigKeys (ConfUtils.java:logGet(44)) - raft.grpc.client.port = 0 (custom)
2021-11-06 13:08:59,836 [Listener at 127.0.0.1/34591] INFO  grpc.GrpcConfigKeys (ConfUtils.java:logGet(44)) - raft.grpc.server.port = 0 (default)
2021-11-06 13:08:59,836 [Listener at 127.0.0.1/34591] INFO  server.GrpcService (ConfUtils.java:logGet(44)) - raft.grpc.message.size.max = 32MB (=33554432) (custom)
2021-11-06 13:08:59,837 [Listener at 127.0.0.1/34591] INFO  server.RaftServerConfigKeys (ConfUtils.java:logGet(44)) - raft.server.log.appender.buffer.byte-limit = 33554432 (custom)
2021-11-06 13:08:59,837 [Listener at 127.0.0.1/34591] INFO  server.GrpcService (ConfUtils.java:logGet(44)) - raft.grpc.flow.control.window = 5MB (=5242880) (custom)
2021-11-06 13:08:59,837 [Listener at 127.0.0.1/34591] INFO  server.RaftServerConfigKeys (ConfUtils.java:logGet(44)) - raft.server.rpc.request.timeout = 3000ms (default)
2021-11-06 13:08:59,838 [Listener at 127.0.0.1/34591] INFO  impl.DataStreamServerImpl (ConfUtils.java:logGet(44)) - raft.datastream.type = DISABLED (default)
2021-11-06 13:08:59,838 [Listener at 127.0.0.1/34591] INFO  server.RaftServerConfigKeys (ConfUtils.java:logGet(44)) - raft.server.rpc.slowness.timeout = 300000ms (custom)
2021-11-06 13:08:59,838 [Listener at 127.0.0.1/34591] INFO  server.RaftServerConfigKeys (ConfUtils.java:logGet(44)) - raft.server.leaderelection.leader.step-down.wait-time = 10s (default)
2021-11-06 13:08:59,839 [Listener at 127.0.0.1/34591] INFO  server.RaftServerConfigKeys (ConfUtils.java:logGet(44)) - raft.server.storage.dir = [/home/runner/work/ozone/ozone/hadoop-ozone/integration-test/target/test-dir/MiniOzoneClusterImpl-57fe1d17-8f30-476a-a64a-953d5983e20c/datanode-4/data/ratis] (custom)
2021-11-06 13:08:59,842 [Listener at 127.0.0.1/34591] INFO  http.BaseHttpServer (BaseHttpServer.java:newHttpServer2BuilderForOzone(209)) - Starting Web-server for hddsDatanode at: http://0.0.0.0:0
2021-11-06 13:08:59,842 [Listener at 127.0.0.1/34591] INFO  http.BaseHttpServer (BaseHttpServer.java:<init>(107)) - Hadoop Security Enabled: false Ozone Security Enabled: false Ozone HTTP Security Enabled: false 
2021-11-06 13:08:59,843 [Listener at 127.0.0.1/34591] INFO  server.AuthenticationFilter (AuthenticationFilter.java:constructSecretProvider(240)) - Unable to initialize FileSignerSecretProvider, falling back to use random secrets.
2021-11-06 13:08:59,843 [Listener at 127.0.0.1/34591] WARN  http.HttpRequestLog (HttpRequestLog.java:getRequestLog(103)) - Jetty request log can only be enabled using Log4j
2021-11-06 13:08:59,844 [Listener at 127.0.0.1/34591] INFO  http.HttpServer2 (HttpServer2.java:addGlobalFilter(1030)) - Added global filter 'safety' (class=org.apache.hadoop.hdds.server.http.HttpServer2$QuotingInputFilter)
2021-11-06 13:08:59,844 [Listener at 127.0.0.1/34591] INFO  http.HttpServer2 (HttpServer2.java:addFilter(1006)) - Added filter static_user_filter (class=org.apache.hadoop.http.lib.StaticUserWebFilter$StaticUserFilter) to context hddsDatanode
2021-11-06 13:08:59,845 [Listener at 127.0.0.1/34591] INFO  http.HttpServer2 (HttpServer2.java:addFilter(1014)) - Added filter static_user_filter (class=org.apache.hadoop.http.lib.StaticUserWebFilter$StaticUserFilter) to context static
2021-11-06 13:08:59,845 [Listener at 127.0.0.1/34591] INFO  http.HttpServer2 (HttpServer2.java:addFilter(1014)) - Added filter static_user_filter (class=org.apache.hadoop.http.lib.StaticUserWebFilter$StaticUserFilter) to context logs
2021-11-06 13:08:59,845 [Listener at 127.0.0.1/34591] INFO  http.HttpServer2 (HttpServer2.java:bindListener(1249)) - Jetty bound to port 35101
2021-11-06 13:08:59,845 [Listener at 127.0.0.1/34591] INFO  server.Server (Server.java:doStart(375)) - jetty-9.4.43.v20210629; built: 2021-06-30T11:07:22.254Z; git: 526006ecfa3af7f1a27ef3a288e2bef7ea9dd7e8; jvm 1.8.0_292-b10
2021-11-06 13:08:59,847 [Listener at 127.0.0.1/34591] INFO  server.session (DefaultSessionIdManager.java:doStart(334)) - DefaultSessionIdManager workerName=node0
2021-11-06 13:08:59,847 [Listener at 127.0.0.1/34591] INFO  server.session (DefaultSessionIdManager.java:doStart(339)) - No SessionScavenger set, using defaults
2021-11-06 13:08:59,847 [Listener at 127.0.0.1/34591] INFO  server.session (HouseKeeper.java:startScavenging(132)) - node0 Scavenging every 600000ms
2021-11-06 13:08:59,860 [Listener at 127.0.0.1/34591] INFO  handler.ContextHandler (ContextHandler.java:doStart(915)) - Started o.e.j.s.ServletContextHandler@2a2cd4f0{logs,/logs,file:///home/runner/work/ozone/ozone/hadoop-ozone/integration-test/target/log,AVAILABLE}
2021-11-06 13:08:59,860 [Listener at 127.0.0.1/34591] INFO  handler.ContextHandler (ContextHandler.java:doStart(915)) - Started o.e.j.s.ServletContextHandler@65c12ef3{static,/static,jar:file:/home/runner/.m2/repository/org/apache/ozone/hdds-container-service/1.2.0-SNAPSHOT/hdds-container-service-1.2.0-SNAPSHOT.jar!/webapps/static,AVAILABLE}
2021-11-06 13:08:59,931 [Listener at 127.0.0.1/34591] INFO  handler.ContextHandler (ContextHandler.java:doStart(915)) - Started o.e.j.w.WebAppContext@222b24dd{hddsDatanode,/,file:///tmp/jetty-0_0_0_0-35101-hdds-container-service-1_2_0-SNAPSHOT_jar-_-any-6468674273310402516/webapp/,AVAILABLE}{jar:file:/home/runner/.m2/repository/org/apache/ozone/hdds-container-service/1.2.0-SNAPSHOT/hdds-container-service-1.2.0-SNAPSHOT.jar!/webapps/hddsDatanode}
2021-11-06 13:08:59,933 [Listener at 127.0.0.1/34591] INFO  server.AbstractConnector (AbstractConnector.java:doStart(331)) - Started ServerConnector@1918af74{HTTP/1.1, (http/1.1)}{0.0.0.0:35101}
2021-11-06 13:08:59,934 [Listener at 127.0.0.1/34591] INFO  server.Server (Server.java:doStart(415)) - Started @182420ms
2021-11-06 13:08:59,934 [Listener at 127.0.0.1/34591] WARN  impl.MetricsSystemImpl (MetricsSystemImpl.java:register(279)) - Sink prometheus already exists!
2021-11-06 13:08:59,934 [Listener at 127.0.0.1/34591] INFO  http.BaseHttpServer (BaseHttpServer.java:updateConnectorAddress(329)) - HTTP server of hddsDatanode listening at http://0.0.0.0:35101
2021-11-06 13:08:59,939 [Listener at 127.0.0.1/34591] WARN  impl.MetricRegistriesImpl (MetricRegistriesImpl.java:addReporterRegistration(111)) - New reporters are added after registries were created. Some metrics will be missing from the reporter. Please add reporter before adding any new registry.
2021-11-06 13:08:59,939 [Listener at 127.0.0.1/34591] WARN  impl.MetricRegistriesImpl (MetricRegistriesImpl.java:addReporterRegistration(111)) - New reporters are added after registries were created. Some metrics will be missing from the reporter. Please add reporter before adding any new registry.
2021-11-06 13:08:59,939 [Listener at 127.0.0.1/34591] INFO  impl.MetricsSystemImpl (MetricsSystemImpl.java:init(158)) - HddsDatanode metrics system started (again)
2021-11-06 13:08:59,967 [Datanode State Machine Daemon Thread] INFO  statemachine.DatanodeStateMachine (DatanodeStateMachine.java:lambda$startDaemon$0(467)) - Ozone container server started.
2021-11-06 13:09:00,035 [org.apache.hadoop.util.JvmPauseMonitor$Monitor@24a77358] INFO  util.JvmPauseMonitor (JvmPauseMonitor.java:run(188)) - Starting JVM pause monitor
2021-11-06 13:09:00,056 [Listener at 127.0.0.1/34591] INFO  ozone.HddsDatanodeService (HddsDatanodeService.java:start(234)) - HddsDatanodeService host:fv-az151-875.yf2hydr00wburbhx3j5hxtcipe.bx.internal.cloudapp.net ip:10.1.0.11
2021-11-06 13:09:00,072 [Datanode State Machine Task Thread - 0] INFO  datanode.InitDatanodeState (InitDatanodeState.java:persistContainerDatanodeDetails(145)) - DatanodeDetails is persisted to /home/runner/work/ozone/ozone/hadoop-ozone/integration-test/target/test-dir/MiniOzoneClusterImpl-57fe1d17-8f30-476a-a64a-953d5983e20c/datanode-4/meta/datanode.id
2021-11-06 13:09:00,129 [Listener at 127.0.0.1/34591] INFO  upgrade.AbstractLayoutVersionManager (AbstractLayoutVersionManager.java:init(79)) - Initializing Layout version manager with metadata layout = SCM_HA (version = 2), software layout = SCM_HA (version = 2)
2021-11-06 13:09:00,202 [Listener at 127.0.0.1/34591] INFO  reflections.Reflections (Reflections.java:scan(232)) - Reflections took 72 ms to scan 7 urls, producing 119 keys and 279 values 
2021-11-06 13:09:00,207 [Listener at 127.0.0.1/34591] INFO  statemachine.DatanodeStateMachine (DatanodeStateMachine.java:getEndPointTaskThreadPoolSize(219)) - Datanode State Machine Task Thread Pool size 2
2021-11-06 13:09:00,208 [Listener at 127.0.0.1/34591] INFO  volume.HddsVolume (HddsVolume.java:<init>(120)) - Creating HddsVolume: /home/runner/work/ozone/ozone/hadoop-ozone/integration-test/target/test-dir/MiniOzoneClusterImpl-57fe1d17-8f30-476a-a64a-953d5983e20c/datanode-5/data-0/containers/hdds of storage type : DISK capacity : 9223372036854775807
2021-11-06 13:09:00,208 [Listener at 127.0.0.1/34591] INFO  volume.MutableVolumeSet (MutableVolumeSet.java:initializeVolumeSet(168)) - Added Volume : /home/runner/work/ozone/ozone/hadoop-ozone/integration-test/target/test-dir/MiniOzoneClusterImpl-57fe1d17-8f30-476a-a64a-953d5983e20c/datanode-5/data-0/containers/hdds to VolumeSet
2021-11-06 13:09:00,208 [Listener at 127.0.0.1/34591] INFO  volume.ThrottledAsyncChecker (ThrottledAsyncChecker.java:schedule(141)) - Scheduling a check for /home/runner/work/ozone/ozone/hadoop-ozone/integration-test/target/test-dir/MiniOzoneClusterImpl-57fe1d17-8f30-476a-a64a-953d5983e20c/datanode-5/data-0/containers/hdds
2021-11-06 13:09:00,226 [Listener at 127.0.0.1/34591] INFO  volume.StorageVolumeChecker (StorageVolumeChecker.java:checkAllVolumes(202)) - Scheduled health check for volume /home/runner/work/ozone/ozone/hadoop-ozone/integration-test/target/test-dir/MiniOzoneClusterImpl-57fe1d17-8f30-476a-a64a-953d5983e20c/datanode-5/data-0/containers/hdds
2021-11-06 13:09:00,240 [Listener at 127.0.0.1/34591] INFO  volume.MutableVolumeSet (MutableVolumeSet.java:initializeVolumeSet(168)) - Added Volume : /home/runner/work/ozone/ozone/hadoop-ozone/integration-test/target/test-dir/MiniOzoneClusterImpl-57fe1d17-8f30-476a-a64a-953d5983e20c/datanode-5/data/ratis to VolumeSet
2021-11-06 13:09:00,240 [Listener at 127.0.0.1/34591] INFO  volume.ThrottledAsyncChecker (ThrottledAsyncChecker.java:schedule(141)) - Scheduling a check for /home/runner/work/ozone/ozone/hadoop-ozone/integration-test/target/test-dir/MiniOzoneClusterImpl-57fe1d17-8f30-476a-a64a-953d5983e20c/datanode-5/data/ratis
2021-11-06 13:09:00,241 [Listener at 127.0.0.1/34591] INFO  volume.StorageVolumeChecker (StorageVolumeChecker.java:checkAllVolumes(202)) - Scheduled health check for volume /home/runner/work/ozone/ozone/hadoop-ozone/integration-test/target/test-dir/MiniOzoneClusterImpl-57fe1d17-8f30-476a-a64a-953d5983e20c/datanode-5/data/ratis
2021-11-06 13:09:00,278 [Thread-1366] INFO  ozoneimpl.ContainerReader (ContainerReader.java:readVolume(172)) - Finish verifying containers on volume /home/runner/work/ozone/ozone/hadoop-ozone/integration-test/target/test-dir/MiniOzoneClusterImpl-57fe1d17-8f30-476a-a64a-953d5983e20c/datanode-5/data-0/containers/hdds
2021-11-06 13:09:00,278 [Listener at 127.0.0.1/34591] INFO  ozoneimpl.OzoneContainer (OzoneContainer.java:buildContainerSet(236)) - Build ContainerSet costs 0s
2021-11-06 13:09:00,280 [Listener at 127.0.0.1/34591] INFO  server.RaftServer (ConfUtils.java:logGet(44)) - raft.rpc.type = GRPC (default)
2021-11-06 13:09:00,280 [Listener at 127.0.0.1/34591] INFO  grpc.GrpcFactory (GrpcFactory.java:checkPooledByteBufAllocatorUseCacheForAllThreads(48)) - PERFORMANCE WARNING: useCacheForAllThreads is true that may cause Netty to create a lot garbage objects and, as a result, trigger GC.
	It is recommended to disable useCacheForAllThreads by setting -Dorg.apache.ratis.thirdparty.io.netty.allocator.useCacheForAllThreads=false in command line.
2021-11-06 13:09:00,280 [Listener at 127.0.0.1/34591] INFO  grpc.GrpcConfigKeys (ConfUtils.java:logGet(44)) - raft.grpc.admin.port = 0 (custom)
2021-11-06 13:09:00,281 [Listener at 127.0.0.1/34591] INFO  grpc.GrpcConfigKeys (ConfUtils.java:logGet(44)) - raft.grpc.client.port = 0 (custom)
2021-11-06 13:09:00,281 [Listener at 127.0.0.1/34591] INFO  grpc.GrpcConfigKeys (ConfUtils.java:logGet(44)) - raft.grpc.server.port = 0 (default)
2021-11-06 13:09:00,281 [Listener at 127.0.0.1/34591] INFO  server.GrpcService (ConfUtils.java:logGet(44)) - raft.grpc.message.size.max = 32MB (=33554432) (custom)
2021-11-06 13:09:00,281 [Listener at 127.0.0.1/34591] INFO  server.RaftServerConfigKeys (ConfUtils.java:logGet(44)) - raft.server.log.appender.buffer.byte-limit = 33554432 (custom)
2021-11-06 13:09:00,281 [Listener at 127.0.0.1/34591] INFO  server.GrpcService (ConfUtils.java:logGet(44)) - raft.grpc.flow.control.window = 5MB (=5242880) (custom)
2021-11-06 13:09:00,282 [Listener at 127.0.0.1/34591] INFO  server.RaftServerConfigKeys (ConfUtils.java:logGet(44)) - raft.server.rpc.request.timeout = 3000ms (default)
2021-11-06 13:09:00,283 [Listener at 127.0.0.1/34591] INFO  impl.DataStreamServerImpl (ConfUtils.java:logGet(44)) - raft.datastream.type = DISABLED (default)
2021-11-06 13:09:00,283 [Listener at 127.0.0.1/34591] INFO  server.RaftServerConfigKeys (ConfUtils.java:logGet(44)) - raft.server.rpc.slowness.timeout = 300000ms (custom)
2021-11-06 13:09:00,283 [Listener at 127.0.0.1/34591] INFO  server.RaftServerConfigKeys (ConfUtils.java:logGet(44)) - raft.server.leaderelection.leader.step-down.wait-time = 10s (default)
2021-11-06 13:09:00,283 [Listener at 127.0.0.1/34591] INFO  server.RaftServerConfigKeys (ConfUtils.java:logGet(44)) - raft.server.storage.dir = [/home/runner/work/ozone/ozone/hadoop-ozone/integration-test/target/test-dir/MiniOzoneClusterImpl-57fe1d17-8f30-476a-a64a-953d5983e20c/datanode-5/data/ratis] (custom)
2021-11-06 13:09:00,286 [Listener at 127.0.0.1/34591] INFO  http.BaseHttpServer (BaseHttpServer.java:newHttpServer2BuilderForOzone(209)) - Starting Web-server for hddsDatanode at: http://0.0.0.0:0
2021-11-06 13:09:00,287 [Listener at 127.0.0.1/34591] INFO  http.BaseHttpServer (BaseHttpServer.java:<init>(107)) - Hadoop Security Enabled: false Ozone Security Enabled: false Ozone HTTP Security Enabled: false 
2021-11-06 13:09:00,288 [Listener at 127.0.0.1/34591] INFO  server.AuthenticationFilter (AuthenticationFilter.java:constructSecretProvider(240)) - Unable to initialize FileSignerSecretProvider, falling back to use random secrets.
2021-11-06 13:09:00,294 [Listener at 127.0.0.1/34591] WARN  http.HttpRequestLog (HttpRequestLog.java:getRequestLog(103)) - Jetty request log can only be enabled using Log4j
2021-11-06 13:09:00,295 [Listener at 127.0.0.1/34591] INFO  http.HttpServer2 (HttpServer2.java:addGlobalFilter(1030)) - Added global filter 'safety' (class=org.apache.hadoop.hdds.server.http.HttpServer2$QuotingInputFilter)
2021-11-06 13:09:00,295 [Listener at 127.0.0.1/34591] INFO  http.HttpServer2 (HttpServer2.java:addFilter(1006)) - Added filter static_user_filter (class=org.apache.hadoop.http.lib.StaticUserWebFilter$StaticUserFilter) to context hddsDatanode
2021-11-06 13:09:00,295 [Listener at 127.0.0.1/34591] INFO  http.HttpServer2 (HttpServer2.java:addFilter(1014)) - Added filter static_user_filter (class=org.apache.hadoop.http.lib.StaticUserWebFilter$StaticUserFilter) to context logs
2021-11-06 13:09:00,296 [Listener at 127.0.0.1/34591] INFO  http.HttpServer2 (HttpServer2.java:addFilter(1014)) - Added filter static_user_filter (class=org.apache.hadoop.http.lib.StaticUserWebFilter$StaticUserFilter) to context static
2021-11-06 13:09:00,296 [Listener at 127.0.0.1/34591] INFO  http.HttpServer2 (HttpServer2.java:bindListener(1249)) - Jetty bound to port 39717
2021-11-06 13:09:00,297 [Listener at 127.0.0.1/34591] INFO  server.Server (Server.java:doStart(375)) - jetty-9.4.43.v20210629; built: 2021-06-30T11:07:22.254Z; git: 526006ecfa3af7f1a27ef3a288e2bef7ea9dd7e8; jvm 1.8.0_292-b10
2021-11-06 13:09:00,311 [Listener at 127.0.0.1/34591] INFO  server.session (DefaultSessionIdManager.java:doStart(334)) - DefaultSessionIdManager workerName=node0
2021-11-06 13:09:00,311 [Listener at 127.0.0.1/34591] INFO  server.session (DefaultSessionIdManager.java:doStart(339)) - No SessionScavenger set, using defaults
2021-11-06 13:09:00,311 [Listener at 127.0.0.1/34591] INFO  server.session (HouseKeeper.java:startScavenging(132)) - node0 Scavenging every 600000ms
2021-11-06 13:09:00,314 [Listener at 127.0.0.1/34591] INFO  handler.ContextHandler (ContextHandler.java:doStart(915)) - Started o.e.j.s.ServletContextHandler@390bd8f8{logs,/logs,file:///home/runner/work/ozone/ozone/hadoop-ozone/integration-test/target/log,AVAILABLE}
2021-11-06 13:09:00,314 [Listener at 127.0.0.1/34591] INFO  handler.ContextHandler (ContextHandler.java:doStart(915)) - Started o.e.j.s.ServletContextHandler@7241e1{static,/static,jar:file:/home/runner/.m2/repository/org/apache/ozone/hdds-container-service/1.2.0-SNAPSHOT/hdds-container-service-1.2.0-SNAPSHOT.jar!/webapps/static,AVAILABLE}
2021-11-06 13:09:00,382 [EndpointStateMachine task thread for /0.0.0.0:46119 - 0 ] INFO  ozoneimpl.OzoneContainer (OzoneContainer.java:start(304)) - Attempting to start container services.
2021-11-06 13:09:00,382 [EndpointStateMachine task thread for /0.0.0.0:46119 - 0 ] INFO  ozoneimpl.OzoneContainer (OzoneContainer.java:startContainerScrub(249)) - Background container scanner has been disabled.
2021-11-06 13:09:00,383 [EndpointStateMachine task thread for /0.0.0.0:46119 - 0 ] INFO  replication.ReplicationServer (ReplicationServer.java:start(107)) - ReplicationServer is started using port 33157
2021-11-06 13:09:00,387 [EndpointStateMachine task thread for /0.0.0.0:46119 - 0 ] INFO  ratis.XceiverServerRatis (XceiverServerRatis.java:start(484)) - Starting XceiverServerRatis 41301224-b672-4531-af78-b462410ab6ac
2021-11-06 13:09:00,388 [EndpointStateMachine task thread for /0.0.0.0:46119 - 0 ] INFO  server.RaftServer (RaftServerProxy.java:lambda$start$5(374)) - 41301224-b672-4531-af78-b462410ab6ac: start RPC server
2021-11-06 13:09:00,389 [EndpointStateMachine task thread for /0.0.0.0:46119 - 0 ] INFO  server.GrpcService (GrpcService.java:startImpl(253)) - 41301224-b672-4531-af78-b462410ab6ac: GrpcService started, listening on 45193
2021-11-06 13:09:00,389 [EndpointStateMachine task thread for /0.0.0.0:46119 - 0 ] INFO  ratis.XceiverServerRatis (XceiverServerRatis.java:getRealPort(505)) - XceiverServerRatis 41301224-b672-4531-af78-b462410ab6ac is started using port 45193 for RATIS
2021-11-06 13:09:00,389 [EndpointStateMachine task thread for /0.0.0.0:46119 - 0 ] INFO  ratis.XceiverServerRatis (XceiverServerRatis.java:getRealPort(505)) - XceiverServerRatis 41301224-b672-4531-af78-b462410ab6ac is started using port 45193 for RATIS_ADMIN
2021-11-06 13:09:00,389 [EndpointStateMachine task thread for /0.0.0.0:46119 - 0 ] INFO  ratis.XceiverServerRatis (XceiverServerRatis.java:getRealPort(505)) - XceiverServerRatis 41301224-b672-4531-af78-b462410ab6ac is started using port 45193 for RATIS_SERVER
2021-11-06 13:09:00,389 [EndpointStateMachine task thread for /0.0.0.0:46119 - 0 ] INFO  server.XceiverServerGrpc (XceiverServerGrpc.java:start(135)) - XceiverServerGrpc 41301224-b672-4531-af78-b462410ab6ac is started using port 46151
2021-11-06 13:09:00,418 [org.apache.ratis.util.JvmPauseMonitor$$Lambda$531/117902049@151e6782] INFO  util.JvmPauseMonitor (JvmPauseMonitor.java:run(103)) - JvmPauseMonitor-41301224-b672-4531-af78-b462410ab6ac: Started
2021-11-06 13:09:00,434 [Listener at 127.0.0.1/34591] INFO  handler.ContextHandler (ContextHandler.java:doStart(915)) - Started o.e.j.w.WebAppContext@547b081e{hddsDatanode,/,file:///tmp/jetty-0_0_0_0-39717-hdds-container-service-1_2_0-SNAPSHOT_jar-_-any-7343805565239905866/webapp/,AVAILABLE}{jar:file:/home/runner/.m2/repository/org/apache/ozone/hdds-container-service/1.2.0-SNAPSHOT/hdds-container-service-1.2.0-SNAPSHOT.jar!/webapps/hddsDatanode}
2021-11-06 13:09:00,445 [Listener at 127.0.0.1/34591] INFO  server.AbstractConnector (AbstractConnector.java:doStart(331)) - Started ServerConnector@85513b3{HTTP/1.1, (http/1.1)}{0.0.0.0:39717}
2021-11-06 13:09:00,445 [Listener at 127.0.0.1/34591] INFO  server.Server (Server.java:doStart(415)) - Started @182932ms
2021-11-06 13:09:00,445 [Listener at 127.0.0.1/34591] WARN  impl.MetricsSystemImpl (MetricsSystemImpl.java:register(279)) - Sink prometheus already exists!
2021-11-06 13:09:00,456 [Listener at 127.0.0.1/34591] INFO  http.BaseHttpServer (BaseHttpServer.java:updateConnectorAddress(329)) - HTTP server of hddsDatanode listening at http://0.0.0.0:39717
2021-11-06 13:09:00,456 [Listener at 127.0.0.1/34591] WARN  impl.MetricRegistriesImpl (MetricRegistriesImpl.java:addReporterRegistration(111)) - New reporters are added after registries were created. Some metrics will be missing from the reporter. Please add reporter before adding any new registry.
2021-11-06 13:09:00,456 [Listener at 127.0.0.1/34591] WARN  impl.MetricRegistriesImpl (MetricRegistriesImpl.java:addReporterRegistration(111)) - New reporters are added after registries were created. Some metrics will be missing from the reporter. Please add reporter before adding any new registry.
2021-11-06 13:09:00,457 [Listener at 127.0.0.1/34591] INFO  impl.MetricsSystemImpl (MetricsSystemImpl.java:init(158)) - HddsDatanode metrics system started (again)
2021-11-06 13:09:00,467 [Datanode State Machine Daemon Thread] INFO  statemachine.DatanodeStateMachine (DatanodeStateMachine.java:lambda$startDaemon$0(467)) - Ozone container server started.
2021-11-06 13:09:00,506 [org.apache.hadoop.util.JvmPauseMonitor$Monitor@b1cf6d6] INFO  util.JvmPauseMonitor (JvmPauseMonitor.java:run(188)) - Starting JVM pause monitor
2021-11-06 13:09:00,514 [Datanode State Machine Task Thread - 0] INFO  datanode.InitDatanodeState (InitDatanodeState.java:persistContainerDatanodeDetails(145)) - DatanodeDetails is persisted to /home/runner/work/ozone/ozone/hadoop-ozone/integration-test/target/test-dir/MiniOzoneClusterImpl-57fe1d17-8f30-476a-a64a-953d5983e20c/datanode-5/meta/datanode.id
2021-11-06 13:09:00,517 [Listener at 127.0.0.1/34591] INFO  ozone.HddsDatanodeService (HddsDatanodeService.java:start(234)) - HddsDatanodeService host:fv-az151-875.yf2hydr00wburbhx3j5hxtcipe.bx.internal.cloudapp.net ip:10.1.0.11
2021-11-06 13:09:00,579 [Listener at 127.0.0.1/34591] INFO  upgrade.AbstractLayoutVersionManager (AbstractLayoutVersionManager.java:init(79)) - Initializing Layout version manager with metadata layout = SCM_HA (version = 2), software layout = SCM_HA (version = 2)
2021-11-06 13:09:00,655 [Listener at 127.0.0.1/34591] INFO  reflections.Reflections (Reflections.java:scan(232)) - Reflections took 73 ms to scan 7 urls, producing 119 keys and 279 values 
2021-11-06 13:09:00,657 [Listener at 127.0.0.1/34591] INFO  statemachine.DatanodeStateMachine (DatanodeStateMachine.java:getEndPointTaskThreadPoolSize(219)) - Datanode State Machine Task Thread Pool size 2
2021-11-06 13:09:00,664 [Listener at 127.0.0.1/34591] INFO  volume.HddsVolume (HddsVolume.java:<init>(120)) - Creating HddsVolume: /home/runner/work/ozone/ozone/hadoop-ozone/integration-test/target/test-dir/MiniOzoneClusterImpl-57fe1d17-8f30-476a-a64a-953d5983e20c/datanode-6/data-0/containers/hdds of storage type : DISK capacity : 9223372036854775807
2021-11-06 13:09:00,664 [Listener at 127.0.0.1/34591] INFO  volume.MutableVolumeSet (MutableVolumeSet.java:initializeVolumeSet(168)) - Added Volume : /home/runner/work/ozone/ozone/hadoop-ozone/integration-test/target/test-dir/MiniOzoneClusterImpl-57fe1d17-8f30-476a-a64a-953d5983e20c/datanode-6/data-0/containers/hdds to VolumeSet
2021-11-06 13:09:00,664 [Listener at 127.0.0.1/34591] INFO  volume.ThrottledAsyncChecker (ThrottledAsyncChecker.java:schedule(141)) - Scheduling a check for /home/runner/work/ozone/ozone/hadoop-ozone/integration-test/target/test-dir/MiniOzoneClusterImpl-57fe1d17-8f30-476a-a64a-953d5983e20c/datanode-6/data-0/containers/hdds
2021-11-06 13:09:00,679 [Listener at 127.0.0.1/34591] INFO  volume.StorageVolumeChecker (StorageVolumeChecker.java:checkAllVolumes(202)) - Scheduled health check for volume /home/runner/work/ozone/ozone/hadoop-ozone/integration-test/target/test-dir/MiniOzoneClusterImpl-57fe1d17-8f30-476a-a64a-953d5983e20c/datanode-6/data-0/containers/hdds
2021-11-06 13:09:00,700 [Listener at 127.0.0.1/34591] INFO  volume.MutableVolumeSet (MutableVolumeSet.java:initializeVolumeSet(168)) - Added Volume : /home/runner/work/ozone/ozone/hadoop-ozone/integration-test/target/test-dir/MiniOzoneClusterImpl-57fe1d17-8f30-476a-a64a-953d5983e20c/datanode-6/data/ratis to VolumeSet
2021-11-06 13:09:00,700 [Listener at 127.0.0.1/34591] INFO  volume.ThrottledAsyncChecker (ThrottledAsyncChecker.java:schedule(141)) - Scheduling a check for /home/runner/work/ozone/ozone/hadoop-ozone/integration-test/target/test-dir/MiniOzoneClusterImpl-57fe1d17-8f30-476a-a64a-953d5983e20c/datanode-6/data/ratis
2021-11-06 13:09:00,711 [Listener at 127.0.0.1/34591] INFO  volume.StorageVolumeChecker (StorageVolumeChecker.java:checkAllVolumes(202)) - Scheduled health check for volume /home/runner/work/ozone/ozone/hadoop-ozone/integration-test/target/test-dir/MiniOzoneClusterImpl-57fe1d17-8f30-476a-a64a-953d5983e20c/datanode-6/data/ratis
2021-11-06 13:09:00,738 [Thread-1382] INFO  ozoneimpl.ContainerReader (ContainerReader.java:readVolume(172)) - Finish verifying containers on volume /home/runner/work/ozone/ozone/hadoop-ozone/integration-test/target/test-dir/MiniOzoneClusterImpl-57fe1d17-8f30-476a-a64a-953d5983e20c/datanode-6/data-0/containers/hdds
2021-11-06 13:09:00,738 [Listener at 127.0.0.1/34591] INFO  ozoneimpl.OzoneContainer (OzoneContainer.java:buildContainerSet(236)) - Build ContainerSet costs 0s
2021-11-06 13:09:00,739 [Listener at 127.0.0.1/34591] INFO  server.RaftServer (ConfUtils.java:logGet(44)) - raft.rpc.type = GRPC (default)
2021-11-06 13:09:00,740 [Listener at 127.0.0.1/34591] INFO  grpc.GrpcFactory (GrpcFactory.java:checkPooledByteBufAllocatorUseCacheForAllThreads(48)) - PERFORMANCE WARNING: useCacheForAllThreads is true that may cause Netty to create a lot garbage objects and, as a result, trigger GC.
	It is recommended to disable useCacheForAllThreads by setting -Dorg.apache.ratis.thirdparty.io.netty.allocator.useCacheForAllThreads=false in command line.
2021-11-06 13:09:00,740 [Listener at 127.0.0.1/34591] INFO  grpc.GrpcConfigKeys (ConfUtils.java:logGet(44)) - raft.grpc.admin.port = 0 (custom)
2021-11-06 13:09:00,740 [Listener at 127.0.0.1/34591] INFO  grpc.GrpcConfigKeys (ConfUtils.java:logGet(44)) - raft.grpc.client.port = 0 (custom)
2021-11-06 13:09:00,740 [Listener at 127.0.0.1/34591] INFO  grpc.GrpcConfigKeys (ConfUtils.java:logGet(44)) - raft.grpc.server.port = 0 (default)
2021-11-06 13:09:00,740 [Listener at 127.0.0.1/34591] INFO  server.GrpcService (ConfUtils.java:logGet(44)) - raft.grpc.message.size.max = 32MB (=33554432) (custom)
2021-11-06 13:09:00,740 [Listener at 127.0.0.1/34591] INFO  server.RaftServerConfigKeys (ConfUtils.java:logGet(44)) - raft.server.log.appender.buffer.byte-limit = 33554432 (custom)
2021-11-06 13:09:00,741 [Listener at 127.0.0.1/34591] INFO  server.GrpcService (ConfUtils.java:logGet(44)) - raft.grpc.flow.control.window = 5MB (=5242880) (custom)
2021-11-06 13:09:00,741 [Listener at 127.0.0.1/34591] INFO  server.RaftServerConfigKeys (ConfUtils.java:logGet(44)) - raft.server.rpc.request.timeout = 3000ms (default)
2021-11-06 13:09:00,742 [Listener at 127.0.0.1/34591] INFO  impl.DataStreamServerImpl (ConfUtils.java:logGet(44)) - raft.datastream.type = DISABLED (default)
2021-11-06 13:09:00,743 [Listener at 127.0.0.1/34591] INFO  server.RaftServerConfigKeys (ConfUtils.java:logGet(44)) - raft.server.rpc.slowness.timeout = 300000ms (custom)
2021-11-06 13:09:00,747 [Listener at 127.0.0.1/34591] INFO  server.RaftServerConfigKeys (ConfUtils.java:logGet(44)) - raft.server.leaderelection.leader.step-down.wait-time = 10s (default)
2021-11-06 13:09:00,747 [Listener at 127.0.0.1/34591] INFO  server.RaftServerConfigKeys (ConfUtils.java:logGet(44)) - raft.server.storage.dir = [/home/runner/work/ozone/ozone/hadoop-ozone/integration-test/target/test-dir/MiniOzoneClusterImpl-57fe1d17-8f30-476a-a64a-953d5983e20c/datanode-6/data/ratis] (custom)
2021-11-06 13:09:00,750 [Listener at 127.0.0.1/34591] INFO  http.BaseHttpServer (BaseHttpServer.java:newHttpServer2BuilderForOzone(209)) - Starting Web-server for hddsDatanode at: http://0.0.0.0:0
2021-11-06 13:09:00,751 [Listener at 127.0.0.1/34591] INFO  http.BaseHttpServer (BaseHttpServer.java:<init>(107)) - Hadoop Security Enabled: false Ozone Security Enabled: false Ozone HTTP Security Enabled: false 
2021-11-06 13:09:00,757 [Listener at 127.0.0.1/34591] INFO  server.AuthenticationFilter (AuthenticationFilter.java:constructSecretProvider(240)) - Unable to initialize FileSignerSecretProvider, falling back to use random secrets.
2021-11-06 13:09:00,759 [Listener at 127.0.0.1/34591] WARN  http.HttpRequestLog (HttpRequestLog.java:getRequestLog(103)) - Jetty request log can only be enabled using Log4j
2021-11-06 13:09:00,760 [Listener at 127.0.0.1/34591] INFO  http.HttpServer2 (HttpServer2.java:addGlobalFilter(1030)) - Added global filter 'safety' (class=org.apache.hadoop.hdds.server.http.HttpServer2$QuotingInputFilter)
2021-11-06 13:09:00,760 [Listener at 127.0.0.1/34591] INFO  http.HttpServer2 (HttpServer2.java:addFilter(1006)) - Added filter static_user_filter (class=org.apache.hadoop.http.lib.StaticUserWebFilter$StaticUserFilter) to context hddsDatanode
2021-11-06 13:09:00,760 [Listener at 127.0.0.1/34591] INFO  http.HttpServer2 (HttpServer2.java:addFilter(1014)) - Added filter static_user_filter (class=org.apache.hadoop.http.lib.StaticUserWebFilter$StaticUserFilter) to context static
2021-11-06 13:09:00,760 [Listener at 127.0.0.1/34591] INFO  http.HttpServer2 (HttpServer2.java:addFilter(1014)) - Added filter static_user_filter (class=org.apache.hadoop.http.lib.StaticUserWebFilter$StaticUserFilter) to context logs
2021-11-06 13:09:00,761 [Listener at 127.0.0.1/34591] INFO  http.HttpServer2 (HttpServer2.java:bindListener(1249)) - Jetty bound to port 40211
2021-11-06 13:09:00,761 [Listener at 127.0.0.1/34591] INFO  server.Server (Server.java:doStart(375)) - jetty-9.4.43.v20210629; built: 2021-06-30T11:07:22.254Z; git: 526006ecfa3af7f1a27ef3a288e2bef7ea9dd7e8; jvm 1.8.0_292-b10
2021-11-06 13:09:00,792 [Listener at 127.0.0.1/34591] INFO  server.session (DefaultSessionIdManager.java:doStart(334)) - DefaultSessionIdManager workerName=node0
2021-11-06 13:09:00,792 [Listener at 127.0.0.1/34591] INFO  server.session (DefaultSessionIdManager.java:doStart(339)) - No SessionScavenger set, using defaults
2021-11-06 13:09:00,792 [Listener at 127.0.0.1/34591] INFO  server.session (HouseKeeper.java:startScavenging(132)) - node0 Scavenging every 660000ms
2021-11-06 13:09:00,794 [Listener at 127.0.0.1/34591] INFO  handler.ContextHandler (ContextHandler.java:doStart(915)) - Started o.e.j.s.ServletContextHandler@61dd6f70{logs,/logs,file:///home/runner/work/ozone/ozone/hadoop-ozone/integration-test/target/log,AVAILABLE}
2021-11-06 13:09:00,794 [Listener at 127.0.0.1/34591] INFO  handler.ContextHandler (ContextHandler.java:doStart(915)) - Started o.e.j.s.ServletContextHandler@13d9360f{static,/static,jar:file:/home/runner/.m2/repository/org/apache/ozone/hdds-container-service/1.2.0-SNAPSHOT/hdds-container-service-1.2.0-SNAPSHOT.jar!/webapps/static,AVAILABLE}
2021-11-06 13:09:00,872 [EndpointStateMachine task thread for /0.0.0.0:46119 - 0 ] INFO  ozoneimpl.OzoneContainer (OzoneContainer.java:start(304)) - Attempting to start container services.
2021-11-06 13:09:00,873 [EndpointStateMachine task thread for /0.0.0.0:46119 - 0 ] INFO  ozoneimpl.OzoneContainer (OzoneContainer.java:startContainerScrub(249)) - Background container scanner has been disabled.
2021-11-06 13:09:00,873 [EndpointStateMachine task thread for /0.0.0.0:46119 - 0 ] INFO  replication.ReplicationServer (ReplicationServer.java:start(107)) - ReplicationServer is started using port 44871
2021-11-06 13:09:00,877 [EndpointStateMachine task thread for /0.0.0.0:46119 - 0 ] INFO  ratis.XceiverServerRatis (XceiverServerRatis.java:start(484)) - Starting XceiverServerRatis 414c08ff-7683-4e40-9ba7-4aaff37af58e
2021-11-06 13:09:00,881 [Listener at 127.0.0.1/34591] INFO  handler.ContextHandler (ContextHandler.java:doStart(915)) - Started o.e.j.w.WebAppContext@5addd523{hddsDatanode,/,file:///tmp/jetty-0_0_0_0-40211-hdds-container-service-1_2_0-SNAPSHOT_jar-_-any-1819304165595879393/webapp/,AVAILABLE}{jar:file:/home/runner/.m2/repository/org/apache/ozone/hdds-container-service/1.2.0-SNAPSHOT/hdds-container-service-1.2.0-SNAPSHOT.jar!/webapps/hddsDatanode}
2021-11-06 13:09:00,894 [EndpointStateMachine task thread for /0.0.0.0:46119 - 0 ] INFO  server.RaftServer (RaftServerProxy.java:lambda$start$5(374)) - 414c08ff-7683-4e40-9ba7-4aaff37af58e: start RPC server
2021-11-06 13:09:00,911 [Listener at 127.0.0.1/34591] INFO  server.AbstractConnector (AbstractConnector.java:doStart(331)) - Started ServerConnector@7feb9b1c{HTTP/1.1, (http/1.1)}{0.0.0.0:40211}
2021-11-06 13:09:00,912 [Listener at 127.0.0.1/34591] INFO  server.Server (Server.java:doStart(415)) - Started @183399ms
2021-11-06 13:09:00,912 [Listener at 127.0.0.1/34591] WARN  impl.MetricsSystemImpl (MetricsSystemImpl.java:register(279)) - Sink prometheus already exists!
2021-11-06 13:09:00,913 [Listener at 127.0.0.1/34591] INFO  http.BaseHttpServer (BaseHttpServer.java:updateConnectorAddress(329)) - HTTP server of hddsDatanode listening at http://0.0.0.0:40211
2021-11-06 13:09:00,913 [Listener at 127.0.0.1/34591] WARN  impl.MetricRegistriesImpl (MetricRegistriesImpl.java:addReporterRegistration(111)) - New reporters are added after registries were created. Some metrics will be missing from the reporter. Please add reporter before adding any new registry.
2021-11-06 13:09:00,913 [Listener at 127.0.0.1/34591] WARN  impl.MetricRegistriesImpl (MetricRegistriesImpl.java:addReporterRegistration(111)) - New reporters are added after registries were created. Some metrics will be missing from the reporter. Please add reporter before adding any new registry.
2021-11-06 13:09:00,913 [Listener at 127.0.0.1/34591] INFO  impl.MetricsSystemImpl (MetricsSystemImpl.java:init(158)) - HddsDatanode metrics system started (again)
2021-11-06 13:09:00,949 [Datanode State Machine Daemon Thread] INFO  statemachine.DatanodeStateMachine (DatanodeStateMachine.java:lambda$startDaemon$0(467)) - Ozone container server started.
2021-11-06 13:09:00,956 [EndpointStateMachine task thread for /0.0.0.0:46119 - 0 ] INFO  server.GrpcService (GrpcService.java:startImpl(253)) - 414c08ff-7683-4e40-9ba7-4aaff37af58e: GrpcService started, listening on 42123
2021-11-06 13:09:00,956 [EndpointStateMachine task thread for /0.0.0.0:46119 - 0 ] INFO  ratis.XceiverServerRatis (XceiverServerRatis.java:getRealPort(505)) - XceiverServerRatis 414c08ff-7683-4e40-9ba7-4aaff37af58e is started using port 42123 for RATIS
2021-11-06 13:09:00,956 [EndpointStateMachine task thread for /0.0.0.0:46119 - 0 ] INFO  ratis.XceiverServerRatis (XceiverServerRatis.java:getRealPort(505)) - XceiverServerRatis 414c08ff-7683-4e40-9ba7-4aaff37af58e is started using port 42123 for RATIS_ADMIN
2021-11-06 13:09:00,956 [EndpointStateMachine task thread for /0.0.0.0:46119 - 0 ] INFO  ratis.XceiverServerRatis (XceiverServerRatis.java:getRealPort(505)) - XceiverServerRatis 414c08ff-7683-4e40-9ba7-4aaff37af58e is started using port 42123 for RATIS_SERVER
2021-11-06 13:09:00,959 [EndpointStateMachine task thread for /0.0.0.0:46119 - 0 ] INFO  server.XceiverServerGrpc (XceiverServerGrpc.java:start(135)) - XceiverServerGrpc 414c08ff-7683-4e40-9ba7-4aaff37af58e is started using port 38901
2021-11-06 13:09:00,995 [org.apache.ratis.util.JvmPauseMonitor$$Lambda$531/117902049@656e30b5] INFO  util.JvmPauseMonitor (JvmPauseMonitor.java:run(103)) - JvmPauseMonitor-414c08ff-7683-4e40-9ba7-4aaff37af58e: Started
2021-11-06 13:09:01,015 [Listener at 127.0.0.1/34591] INFO  ozone.HddsDatanodeService (HddsDatanodeService.java:start(234)) - HddsDatanodeService host:fv-az151-875.yf2hydr00wburbhx3j5hxtcipe.bx.internal.cloudapp.net ip:10.1.0.11
2021-11-06 13:09:01,097 [Datanode State Machine Task Thread - 0] INFO  datanode.InitDatanodeState (InitDatanodeState.java:persistContainerDatanodeDetails(145)) - DatanodeDetails is persisted to /home/runner/work/ozone/ozone/hadoop-ozone/integration-test/target/test-dir/MiniOzoneClusterImpl-57fe1d17-8f30-476a-a64a-953d5983e20c/datanode-6/meta/datanode.id
2021-11-06 13:09:01,101 [Listener at 127.0.0.1/34591] INFO  upgrade.AbstractLayoutVersionManager (AbstractLayoutVersionManager.java:init(79)) - Initializing Layout version manager with metadata layout = SCM_HA (version = 2), software layout = SCM_HA (version = 2)
2021-11-06 13:09:01,102 [org.apache.hadoop.util.JvmPauseMonitor$Monitor@20497ff8] INFO  util.JvmPauseMonitor (JvmPauseMonitor.java:run(188)) - Starting JVM pause monitor
2021-11-06 13:09:01,182 [Listener at 127.0.0.1/34591] INFO  reflections.Reflections (Reflections.java:scan(232)) - Reflections took 74 ms to scan 7 urls, producing 119 keys and 279 values 
2021-11-06 13:09:01,183 [Listener at 127.0.0.1/34591] INFO  statemachine.DatanodeStateMachine (DatanodeStateMachine.java:getEndPointTaskThreadPoolSize(219)) - Datanode State Machine Task Thread Pool size 2
2021-11-06 13:09:01,193 [Listener at 127.0.0.1/34591] INFO  volume.HddsVolume (HddsVolume.java:<init>(120)) - Creating HddsVolume: /home/runner/work/ozone/ozone/hadoop-ozone/integration-test/target/test-dir/MiniOzoneClusterImpl-57fe1d17-8f30-476a-a64a-953d5983e20c/datanode-7/data-0/containers/hdds of storage type : DISK capacity : 9223372036854775807
2021-11-06 13:09:01,193 [Listener at 127.0.0.1/34591] INFO  volume.MutableVolumeSet (MutableVolumeSet.java:initializeVolumeSet(168)) - Added Volume : /home/runner/work/ozone/ozone/hadoop-ozone/integration-test/target/test-dir/MiniOzoneClusterImpl-57fe1d17-8f30-476a-a64a-953d5983e20c/datanode-7/data-0/containers/hdds to VolumeSet
2021-11-06 13:09:01,194 [Listener at 127.0.0.1/34591] INFO  volume.ThrottledAsyncChecker (ThrottledAsyncChecker.java:schedule(141)) - Scheduling a check for /home/runner/work/ozone/ozone/hadoop-ozone/integration-test/target/test-dir/MiniOzoneClusterImpl-57fe1d17-8f30-476a-a64a-953d5983e20c/datanode-7/data-0/containers/hdds
2021-11-06 13:09:01,194 [Listener at 127.0.0.1/34591] INFO  volume.StorageVolumeChecker (StorageVolumeChecker.java:checkAllVolumes(202)) - Scheduled health check for volume /home/runner/work/ozone/ozone/hadoop-ozone/integration-test/target/test-dir/MiniOzoneClusterImpl-57fe1d17-8f30-476a-a64a-953d5983e20c/datanode-7/data-0/containers/hdds
2021-11-06 13:09:01,222 [Listener at 127.0.0.1/34591] INFO  volume.MutableVolumeSet (MutableVolumeSet.java:initializeVolumeSet(168)) - Added Volume : /home/runner/work/ozone/ozone/hadoop-ozone/integration-test/target/test-dir/MiniOzoneClusterImpl-57fe1d17-8f30-476a-a64a-953d5983e20c/datanode-7/data/ratis to VolumeSet
2021-11-06 13:09:01,227 [Listener at 127.0.0.1/34591] INFO  volume.ThrottledAsyncChecker (ThrottledAsyncChecker.java:schedule(141)) - Scheduling a check for /home/runner/work/ozone/ozone/hadoop-ozone/integration-test/target/test-dir/MiniOzoneClusterImpl-57fe1d17-8f30-476a-a64a-953d5983e20c/datanode-7/data/ratis
2021-11-06 13:09:01,228 [EndpointStateMachine task thread for /0.0.0.0:46119 - 0 ] INFO  ozoneimpl.OzoneContainer (OzoneContainer.java:start(304)) - Attempting to start container services.
2021-11-06 13:09:01,228 [EndpointStateMachine task thread for /0.0.0.0:46119 - 0 ] INFO  ozoneimpl.OzoneContainer (OzoneContainer.java:startContainerScrub(249)) - Background container scanner has been disabled.
2021-11-06 13:09:01,228 [EndpointStateMachine task thread for /0.0.0.0:46119 - 0 ] INFO  replication.ReplicationServer (ReplicationServer.java:start(107)) - ReplicationServer is started using port 35731
2021-11-06 13:09:01,228 [EndpointStateMachine task thread for /0.0.0.0:46119 - 0 ] INFO  ratis.XceiverServerRatis (XceiverServerRatis.java:start(484)) - Starting XceiverServerRatis 4d122ed7-1d51-49b3-a564-9cc0800ef9b5
2021-11-06 13:09:01,229 [Listener at 127.0.0.1/34591] INFO  volume.StorageVolumeChecker (StorageVolumeChecker.java:checkAllVolumes(202)) - Scheduled health check for volume /home/runner/work/ozone/ozone/hadoop-ozone/integration-test/target/test-dir/MiniOzoneClusterImpl-57fe1d17-8f30-476a-a64a-953d5983e20c/datanode-7/data/ratis
2021-11-06 13:09:01,259 [EndpointStateMachine task thread for /0.0.0.0:46119 - 0 ] INFO  server.RaftServer (RaftServerProxy.java:lambda$start$5(374)) - 4d122ed7-1d51-49b3-a564-9cc0800ef9b5: start RPC server
2021-11-06 13:09:01,260 [EndpointStateMachine task thread for /0.0.0.0:46119 - 0 ] INFO  server.GrpcService (GrpcService.java:startImpl(253)) - 4d122ed7-1d51-49b3-a564-9cc0800ef9b5: GrpcService started, listening on 44073
2021-11-06 13:09:01,260 [EndpointStateMachine task thread for /0.0.0.0:46119 - 0 ] INFO  ratis.XceiverServerRatis (XceiverServerRatis.java:getRealPort(505)) - XceiverServerRatis 4d122ed7-1d51-49b3-a564-9cc0800ef9b5 is started using port 44073 for RATIS
2021-11-06 13:09:01,260 [EndpointStateMachine task thread for /0.0.0.0:46119 - 0 ] INFO  ratis.XceiverServerRatis (XceiverServerRatis.java:getRealPort(505)) - XceiverServerRatis 4d122ed7-1d51-49b3-a564-9cc0800ef9b5 is started using port 44073 for RATIS_ADMIN
2021-11-06 13:09:01,260 [EndpointStateMachine task thread for /0.0.0.0:46119 - 0 ] INFO  ratis.XceiverServerRatis (XceiverServerRatis.java:getRealPort(505)) - XceiverServerRatis 4d122ed7-1d51-49b3-a564-9cc0800ef9b5 is started using port 44073 for RATIS_SERVER
2021-11-06 13:09:01,261 [EndpointStateMachine task thread for /0.0.0.0:46119 - 0 ] INFO  server.XceiverServerGrpc (XceiverServerGrpc.java:start(135)) - XceiverServerGrpc 4d122ed7-1d51-49b3-a564-9cc0800ef9b5 is started using port 36803
2021-11-06 13:09:01,288 [org.apache.ratis.util.JvmPauseMonitor$$Lambda$531/117902049@373b86ea] INFO  util.JvmPauseMonitor (JvmPauseMonitor.java:run(103)) - JvmPauseMonitor-4d122ed7-1d51-49b3-a564-9cc0800ef9b5: Started
2021-11-06 13:09:01,300 [Thread-1400] INFO  ozoneimpl.ContainerReader (ContainerReader.java:readVolume(172)) - Finish verifying containers on volume /home/runner/work/ozone/ozone/hadoop-ozone/integration-test/target/test-dir/MiniOzoneClusterImpl-57fe1d17-8f30-476a-a64a-953d5983e20c/datanode-7/data-0/containers/hdds
2021-11-06 13:09:01,300 [Listener at 127.0.0.1/34591] INFO  ozoneimpl.OzoneContainer (OzoneContainer.java:buildContainerSet(236)) - Build ContainerSet costs 0s
2021-11-06 13:09:01,302 [Listener at 127.0.0.1/34591] INFO  server.RaftServer (ConfUtils.java:logGet(44)) - raft.rpc.type = GRPC (default)
2021-11-06 13:09:01,302 [Listener at 127.0.0.1/34591] INFO  grpc.GrpcFactory (GrpcFactory.java:checkPooledByteBufAllocatorUseCacheForAllThreads(48)) - PERFORMANCE WARNING: useCacheForAllThreads is true that may cause Netty to create a lot garbage objects and, as a result, trigger GC.
	It is recommended to disable useCacheForAllThreads by setting -Dorg.apache.ratis.thirdparty.io.netty.allocator.useCacheForAllThreads=false in command line.
2021-11-06 13:09:01,302 [Listener at 127.0.0.1/34591] INFO  grpc.GrpcConfigKeys (ConfUtils.java:logGet(44)) - raft.grpc.admin.port = 0 (custom)
2021-11-06 13:09:01,303 [Listener at 127.0.0.1/34591] INFO  grpc.GrpcConfigKeys (ConfUtils.java:logGet(44)) - raft.grpc.client.port = 0 (custom)
2021-11-06 13:09:01,303 [Listener at 127.0.0.1/34591] INFO  grpc.GrpcConfigKeys (ConfUtils.java:logGet(44)) - raft.grpc.server.port = 0 (default)
2021-11-06 13:09:01,303 [Listener at 127.0.0.1/34591] INFO  server.GrpcService (ConfUtils.java:logGet(44)) - raft.grpc.message.size.max = 32MB (=33554432) (custom)
2021-11-06 13:09:01,303 [Listener at 127.0.0.1/34591] INFO  server.RaftServerConfigKeys (ConfUtils.java:logGet(44)) - raft.server.log.appender.buffer.byte-limit = 33554432 (custom)
2021-11-06 13:09:01,303 [Listener at 127.0.0.1/34591] INFO  server.GrpcService (ConfUtils.java:logGet(44)) - raft.grpc.flow.control.window = 5MB (=5242880) (custom)
2021-11-06 13:09:01,304 [Listener at 127.0.0.1/34591] INFO  server.RaftServerConfigKeys (ConfUtils.java:logGet(44)) - raft.server.rpc.request.timeout = 3000ms (default)
2021-11-06 13:09:01,305 [Listener at 127.0.0.1/34591] INFO  impl.DataStreamServerImpl (ConfUtils.java:logGet(44)) - raft.datastream.type = DISABLED (default)
2021-11-06 13:09:01,305 [Listener at 127.0.0.1/34591] INFO  server.RaftServerConfigKeys (ConfUtils.java:logGet(44)) - raft.server.rpc.slowness.timeout = 300000ms (custom)
2021-11-06 13:09:01,305 [Listener at 127.0.0.1/34591] INFO  server.RaftServerConfigKeys (ConfUtils.java:logGet(44)) - raft.server.leaderelection.leader.step-down.wait-time = 10s (default)
2021-11-06 13:09:01,306 [Listener at 127.0.0.1/34591] INFO  server.RaftServerConfigKeys (ConfUtils.java:logGet(44)) - raft.server.storage.dir = [/home/runner/work/ozone/ozone/hadoop-ozone/integration-test/target/test-dir/MiniOzoneClusterImpl-57fe1d17-8f30-476a-a64a-953d5983e20c/datanode-7/data/ratis] (custom)
2021-11-06 13:09:01,309 [Listener at 127.0.0.1/34591] INFO  http.BaseHttpServer (BaseHttpServer.java:newHttpServer2BuilderForOzone(209)) - Starting Web-server for hddsDatanode at: http://0.0.0.0:0
2021-11-06 13:09:01,309 [Listener at 127.0.0.1/34591] INFO  http.BaseHttpServer (BaseHttpServer.java:<init>(107)) - Hadoop Security Enabled: false Ozone Security Enabled: false Ozone HTTP Security Enabled: false 
2021-11-06 13:09:01,310 [Listener at 127.0.0.1/34591] INFO  server.AuthenticationFilter (AuthenticationFilter.java:constructSecretProvider(240)) - Unable to initialize FileSignerSecretProvider, falling back to use random secrets.
2021-11-06 13:09:01,319 [Listener at 127.0.0.1/34591] WARN  http.HttpRequestLog (HttpRequestLog.java:getRequestLog(103)) - Jetty request log can only be enabled using Log4j
2021-11-06 13:09:01,319 [Listener at 127.0.0.1/34591] INFO  http.HttpServer2 (HttpServer2.java:addGlobalFilter(1030)) - Added global filter 'safety' (class=org.apache.hadoop.hdds.server.http.HttpServer2$QuotingInputFilter)
2021-11-06 13:09:01,320 [Listener at 127.0.0.1/34591] INFO  http.HttpServer2 (HttpServer2.java:addFilter(1006)) - Added filter static_user_filter (class=org.apache.hadoop.http.lib.StaticUserWebFilter$StaticUserFilter) to context hddsDatanode
2021-11-06 13:09:01,320 [Listener at 127.0.0.1/34591] INFO  http.HttpServer2 (HttpServer2.java:addFilter(1014)) - Added filter static_user_filter (class=org.apache.hadoop.http.lib.StaticUserWebFilter$StaticUserFilter) to context static
2021-11-06 13:09:01,320 [Listener at 127.0.0.1/34591] INFO  http.HttpServer2 (HttpServer2.java:addFilter(1014)) - Added filter static_user_filter (class=org.apache.hadoop.http.lib.StaticUserWebFilter$StaticUserFilter) to context logs
2021-11-06 13:09:01,321 [Listener at 127.0.0.1/34591] INFO  http.HttpServer2 (HttpServer2.java:bindListener(1249)) - Jetty bound to port 34417
2021-11-06 13:09:01,321 [Listener at 127.0.0.1/34591] INFO  server.Server (Server.java:doStart(375)) - jetty-9.4.43.v20210629; built: 2021-06-30T11:07:22.254Z; git: 526006ecfa3af7f1a27ef3a288e2bef7ea9dd7e8; jvm 1.8.0_292-b10
2021-11-06 13:09:01,340 [Listener at 127.0.0.1/34591] INFO  server.session (DefaultSessionIdManager.java:doStart(334)) - DefaultSessionIdManager workerName=node0
2021-11-06 13:09:01,340 [Listener at 127.0.0.1/34591] INFO  server.session (DefaultSessionIdManager.java:doStart(339)) - No SessionScavenger set, using defaults
2021-11-06 13:09:01,341 [Listener at 127.0.0.1/34591] INFO  server.session (HouseKeeper.java:startScavenging(132)) - node0 Scavenging every 600000ms
2021-11-06 13:09:01,341 [Listener at 127.0.0.1/34591] INFO  handler.ContextHandler (ContextHandler.java:doStart(915)) - Started o.e.j.s.ServletContextHandler@74e9c76f{logs,/logs,file:///home/runner/work/ozone/ozone/hadoop-ozone/integration-test/target/log,AVAILABLE}
2021-11-06 13:09:01,342 [Listener at 127.0.0.1/34591] INFO  handler.ContextHandler (ContextHandler.java:doStart(915)) - Started o.e.j.s.ServletContextHandler@192bd56b{static,/static,jar:file:/home/runner/.m2/repository/org/apache/ozone/hdds-container-service/1.2.0-SNAPSHOT/hdds-container-service-1.2.0-SNAPSHOT.jar!/webapps/static,AVAILABLE}
2021-11-06 13:09:01,438 [Listener at 127.0.0.1/34591] INFO  handler.ContextHandler (ContextHandler.java:doStart(915)) - Started o.e.j.w.WebAppContext@5701b17{hddsDatanode,/,file:///tmp/jetty-0_0_0_0-34417-hdds-container-service-1_2_0-SNAPSHOT_jar-_-any-7891593670304846816/webapp/,AVAILABLE}{jar:file:/home/runner/.m2/repository/org/apache/ozone/hdds-container-service/1.2.0-SNAPSHOT/hdds-container-service-1.2.0-SNAPSHOT.jar!/webapps/hddsDatanode}
2021-11-06 13:09:01,451 [Listener at 127.0.0.1/34591] INFO  server.AbstractConnector (AbstractConnector.java:doStart(331)) - Started ServerConnector@30179ec1{HTTP/1.1, (http/1.1)}{0.0.0.0:34417}
2021-11-06 13:09:01,451 [Listener at 127.0.0.1/34591] INFO  server.Server (Server.java:doStart(415)) - Started @183938ms
2021-11-06 13:09:01,451 [Listener at 127.0.0.1/34591] WARN  impl.MetricsSystemImpl (MetricsSystemImpl.java:register(279)) - Sink prometheus already exists!
2021-11-06 13:09:01,452 [Listener at 127.0.0.1/34591] INFO  http.BaseHttpServer (BaseHttpServer.java:updateConnectorAddress(329)) - HTTP server of hddsDatanode listening at http://0.0.0.0:34417
2021-11-06 13:09:01,453 [Listener at 127.0.0.1/34591] WARN  impl.MetricRegistriesImpl (MetricRegistriesImpl.java:addReporterRegistration(111)) - New reporters are added after registries were created. Some metrics will be missing from the reporter. Please add reporter before adding any new registry.
2021-11-06 13:09:01,453 [Listener at 127.0.0.1/34591] WARN  impl.MetricRegistriesImpl (MetricRegistriesImpl.java:addReporterRegistration(111)) - New reporters are added after registries were created. Some metrics will be missing from the reporter. Please add reporter before adding any new registry.
2021-11-06 13:09:01,453 [Listener at 127.0.0.1/34591] INFO  impl.MetricsSystemImpl (MetricsSystemImpl.java:init(158)) - HddsDatanode metrics system started (again)
2021-11-06 13:09:01,473 [Datanode State Machine Daemon Thread] INFO  statemachine.DatanodeStateMachine (DatanodeStateMachine.java:lambda$startDaemon$0(467)) - Ozone container server started.
2021-11-06 13:09:01,505 [org.apache.hadoop.util.JvmPauseMonitor$Monitor@48bb357f] INFO  util.JvmPauseMonitor (JvmPauseMonitor.java:run(188)) - Starting JVM pause monitor
2021-11-06 13:09:01,527 [Datanode State Machine Task Thread - 0] INFO  datanode.InitDatanodeState (InitDatanodeState.java:persistContainerDatanodeDetails(145)) - DatanodeDetails is persisted to /home/runner/work/ozone/ozone/hadoop-ozone/integration-test/target/test-dir/MiniOzoneClusterImpl-57fe1d17-8f30-476a-a64a-953d5983e20c/datanode-7/meta/datanode.id
2021-11-06 13:09:01,541 [Listener at 127.0.0.1/34591] INFO  ozone.HddsDatanodeService (HddsDatanodeService.java:start(234)) - HddsDatanodeService host:fv-az151-875.yf2hydr00wburbhx3j5hxtcipe.bx.internal.cloudapp.net ip:10.1.0.11
2021-11-06 13:09:01,601 [Listener at 127.0.0.1/34591] INFO  upgrade.AbstractLayoutVersionManager (AbstractLayoutVersionManager.java:init(79)) - Initializing Layout version manager with metadata layout = SCM_HA (version = 2), software layout = SCM_HA (version = 2)
2021-11-06 13:09:01,623 [EndpointStateMachine task thread for /0.0.0.0:46119 - 0 ] INFO  ozoneimpl.OzoneContainer (OzoneContainer.java:start(304)) - Attempting to start container services.
2021-11-06 13:09:01,623 [EndpointStateMachine task thread for /0.0.0.0:46119 - 0 ] INFO  ozoneimpl.OzoneContainer (OzoneContainer.java:startContainerScrub(249)) - Background container scanner has been disabled.
2021-11-06 13:09:01,624 [EndpointStateMachine task thread for /0.0.0.0:46119 - 0 ] INFO  replication.ReplicationServer (ReplicationServer.java:start(107)) - ReplicationServer is started using port 34141
2021-11-06 13:09:01,624 [EndpointStateMachine task thread for /0.0.0.0:46119 - 0 ] INFO  ratis.XceiverServerRatis (XceiverServerRatis.java:start(484)) - Starting XceiverServerRatis a8ad8818-625e-4bd0-b4ed-3716b4b5c8f9
2021-11-06 13:09:01,665 [EndpointStateMachine task thread for /0.0.0.0:46119 - 0 ] INFO  server.RaftServer (RaftServerProxy.java:lambda$start$5(374)) - a8ad8818-625e-4bd0-b4ed-3716b4b5c8f9: start RPC server
2021-11-06 13:09:01,668 [EndpointStateMachine task thread for /0.0.0.0:46119 - 0 ] INFO  server.GrpcService (GrpcService.java:startImpl(253)) - a8ad8818-625e-4bd0-b4ed-3716b4b5c8f9: GrpcService started, listening on 40631
2021-11-06 13:09:01,678 [Listener at 127.0.0.1/34591] INFO  reflections.Reflections (Reflections.java:scan(232)) - Reflections took 72 ms to scan 7 urls, producing 119 keys and 279 values 
2021-11-06 13:09:01,679 [Listener at 127.0.0.1/34591] INFO  statemachine.DatanodeStateMachine (DatanodeStateMachine.java:getEndPointTaskThreadPoolSize(219)) - Datanode State Machine Task Thread Pool size 2
2021-11-06 13:09:01,688 [EndpointStateMachine task thread for /0.0.0.0:46119 - 0 ] INFO  ratis.XceiverServerRatis (XceiverServerRatis.java:getRealPort(505)) - XceiverServerRatis a8ad8818-625e-4bd0-b4ed-3716b4b5c8f9 is started using port 40631 for RATIS
2021-11-06 13:09:01,688 [EndpointStateMachine task thread for /0.0.0.0:46119 - 0 ] INFO  ratis.XceiverServerRatis (XceiverServerRatis.java:getRealPort(505)) - XceiverServerRatis a8ad8818-625e-4bd0-b4ed-3716b4b5c8f9 is started using port 40631 for RATIS_ADMIN
2021-11-06 13:09:01,688 [EndpointStateMachine task thread for /0.0.0.0:46119 - 0 ] INFO  ratis.XceiverServerRatis (XceiverServerRatis.java:getRealPort(505)) - XceiverServerRatis a8ad8818-625e-4bd0-b4ed-3716b4b5c8f9 is started using port 40631 for RATIS_SERVER
2021-11-06 13:09:01,688 [org.apache.ratis.util.JvmPauseMonitor$$Lambda$531/117902049@eea41f9] INFO  util.JvmPauseMonitor (JvmPauseMonitor.java:run(103)) - JvmPauseMonitor-a8ad8818-625e-4bd0-b4ed-3716b4b5c8f9: Started
2021-11-06 13:09:01,691 [EndpointStateMachine task thread for /0.0.0.0:46119 - 0 ] INFO  server.XceiverServerGrpc (XceiverServerGrpc.java:start(135)) - XceiverServerGrpc a8ad8818-625e-4bd0-b4ed-3716b4b5c8f9 is started using port 36087
2021-11-06 13:09:01,693 [Listener at 127.0.0.1/34591] INFO  volume.HddsVolume (HddsVolume.java:<init>(120)) - Creating HddsVolume: /home/runner/work/ozone/ozone/hadoop-ozone/integration-test/target/test-dir/MiniOzoneClusterImpl-57fe1d17-8f30-476a-a64a-953d5983e20c/datanode-8/data-0/containers/hdds of storage type : DISK capacity : 9223372036854775807
2021-11-06 13:09:01,693 [Listener at 127.0.0.1/34591] INFO  volume.MutableVolumeSet (MutableVolumeSet.java:initializeVolumeSet(168)) - Added Volume : /home/runner/work/ozone/ozone/hadoop-ozone/integration-test/target/test-dir/MiniOzoneClusterImpl-57fe1d17-8f30-476a-a64a-953d5983e20c/datanode-8/data-0/containers/hdds to VolumeSet
2021-11-06 13:09:01,693 [Listener at 127.0.0.1/34591] INFO  volume.ThrottledAsyncChecker (ThrottledAsyncChecker.java:schedule(141)) - Scheduling a check for /home/runner/work/ozone/ozone/hadoop-ozone/integration-test/target/test-dir/MiniOzoneClusterImpl-57fe1d17-8f30-476a-a64a-953d5983e20c/datanode-8/data-0/containers/hdds
2021-11-06 13:09:01,698 [Listener at 127.0.0.1/34591] INFO  volume.StorageVolumeChecker (StorageVolumeChecker.java:checkAllVolumes(202)) - Scheduled health check for volume /home/runner/work/ozone/ozone/hadoop-ozone/integration-test/target/test-dir/MiniOzoneClusterImpl-57fe1d17-8f30-476a-a64a-953d5983e20c/datanode-8/data-0/containers/hdds
2021-11-06 13:09:01,734 [Listener at 127.0.0.1/34591] INFO  volume.MutableVolumeSet (MutableVolumeSet.java:initializeVolumeSet(168)) - Added Volume : /home/runner/work/ozone/ozone/hadoop-ozone/integration-test/target/test-dir/MiniOzoneClusterImpl-57fe1d17-8f30-476a-a64a-953d5983e20c/datanode-8/data/ratis to VolumeSet
2021-11-06 13:09:01,734 [Listener at 127.0.0.1/34591] INFO  volume.ThrottledAsyncChecker (ThrottledAsyncChecker.java:schedule(141)) - Scheduling a check for /home/runner/work/ozone/ozone/hadoop-ozone/integration-test/target/test-dir/MiniOzoneClusterImpl-57fe1d17-8f30-476a-a64a-953d5983e20c/datanode-8/data/ratis
2021-11-06 13:09:01,736 [Listener at 127.0.0.1/34591] INFO  volume.StorageVolumeChecker (StorageVolumeChecker.java:checkAllVolumes(202)) - Scheduled health check for volume /home/runner/work/ozone/ozone/hadoop-ozone/integration-test/target/test-dir/MiniOzoneClusterImpl-57fe1d17-8f30-476a-a64a-953d5983e20c/datanode-8/data/ratis
2021-11-06 13:09:01,764 [Thread-1415] INFO  ozoneimpl.ContainerReader (ContainerReader.java:readVolume(172)) - Finish verifying containers on volume /home/runner/work/ozone/ozone/hadoop-ozone/integration-test/target/test-dir/MiniOzoneClusterImpl-57fe1d17-8f30-476a-a64a-953d5983e20c/datanode-8/data-0/containers/hdds
2021-11-06 13:09:01,764 [Listener at 127.0.0.1/34591] INFO  ozoneimpl.OzoneContainer (OzoneContainer.java:buildContainerSet(236)) - Build ContainerSet costs 0s
2021-11-06 13:09:01,766 [Listener at 127.0.0.1/34591] INFO  server.RaftServer (ConfUtils.java:logGet(44)) - raft.rpc.type = GRPC (default)
2021-11-06 13:09:01,766 [Listener at 127.0.0.1/34591] INFO  grpc.GrpcFactory (GrpcFactory.java:checkPooledByteBufAllocatorUseCacheForAllThreads(48)) - PERFORMANCE WARNING: useCacheForAllThreads is true that may cause Netty to create a lot garbage objects and, as a result, trigger GC.
	It is recommended to disable useCacheForAllThreads by setting -Dorg.apache.ratis.thirdparty.io.netty.allocator.useCacheForAllThreads=false in command line.
2021-11-06 13:09:01,766 [Listener at 127.0.0.1/34591] INFO  grpc.GrpcConfigKeys (ConfUtils.java:logGet(44)) - raft.grpc.admin.port = 0 (custom)
2021-11-06 13:09:01,767 [Listener at 127.0.0.1/34591] INFO  grpc.GrpcConfigKeys (ConfUtils.java:logGet(44)) - raft.grpc.client.port = 0 (custom)
2021-11-06 13:09:01,768 [Listener at 127.0.0.1/34591] INFO  grpc.GrpcConfigKeys (ConfUtils.java:logGet(44)) - raft.grpc.server.port = 0 (default)
2021-11-06 13:09:01,769 [Listener at 127.0.0.1/34591] INFO  server.GrpcService (ConfUtils.java:logGet(44)) - raft.grpc.message.size.max = 32MB (=33554432) (custom)
2021-11-06 13:09:01,769 [Listener at 127.0.0.1/34591] INFO  server.RaftServerConfigKeys (ConfUtils.java:logGet(44)) - raft.server.log.appender.buffer.byte-limit = 33554432 (custom)
2021-11-06 13:09:01,769 [Listener at 127.0.0.1/34591] INFO  server.GrpcService (ConfUtils.java:logGet(44)) - raft.grpc.flow.control.window = 5MB (=5242880) (custom)
2021-11-06 13:09:01,769 [Listener at 127.0.0.1/34591] INFO  server.RaftServerConfigKeys (ConfUtils.java:logGet(44)) - raft.server.rpc.request.timeout = 3000ms (default)
2021-11-06 13:09:01,770 [Listener at 127.0.0.1/34591] INFO  impl.DataStreamServerImpl (ConfUtils.java:logGet(44)) - raft.datastream.type = DISABLED (default)
2021-11-06 13:09:01,772 [Listener at 127.0.0.1/34591] INFO  server.RaftServerConfigKeys (ConfUtils.java:logGet(44)) - raft.server.rpc.slowness.timeout = 300000ms (custom)
2021-11-06 13:09:01,772 [Listener at 127.0.0.1/34591] INFO  server.RaftServerConfigKeys (ConfUtils.java:logGet(44)) - raft.server.leaderelection.leader.step-down.wait-time = 10s (default)
2021-11-06 13:09:01,773 [Listener at 127.0.0.1/34591] INFO  server.RaftServerConfigKeys (ConfUtils.java:logGet(44)) - raft.server.storage.dir = [/home/runner/work/ozone/ozone/hadoop-ozone/integration-test/target/test-dir/MiniOzoneClusterImpl-57fe1d17-8f30-476a-a64a-953d5983e20c/datanode-8/data/ratis] (custom)
2021-11-06 13:09:01,778 [Listener at 127.0.0.1/34591] INFO  http.BaseHttpServer (BaseHttpServer.java:newHttpServer2BuilderForOzone(209)) - Starting Web-server for hddsDatanode at: http://0.0.0.0:0
2021-11-06 13:09:01,778 [Listener at 127.0.0.1/34591] INFO  http.BaseHttpServer (BaseHttpServer.java:<init>(107)) - Hadoop Security Enabled: false Ozone Security Enabled: false Ozone HTTP Security Enabled: false 
2021-11-06 13:09:01,784 [Listener at 127.0.0.1/34591] INFO  server.AuthenticationFilter (AuthenticationFilter.java:constructSecretProvider(240)) - Unable to initialize FileSignerSecretProvider, falling back to use random secrets.
2021-11-06 13:09:01,788 [Listener at 127.0.0.1/34591] WARN  http.HttpRequestLog (HttpRequestLog.java:getRequestLog(103)) - Jetty request log can only be enabled using Log4j
2021-11-06 13:09:01,789 [Listener at 127.0.0.1/34591] INFO  http.HttpServer2 (HttpServer2.java:addGlobalFilter(1030)) - Added global filter 'safety' (class=org.apache.hadoop.hdds.server.http.HttpServer2$QuotingInputFilter)
2021-11-06 13:09:01,790 [Listener at 127.0.0.1/34591] INFO  http.HttpServer2 (HttpServer2.java:addFilter(1006)) - Added filter static_user_filter (class=org.apache.hadoop.http.lib.StaticUserWebFilter$StaticUserFilter) to context hddsDatanode
2021-11-06 13:09:01,790 [Listener at 127.0.0.1/34591] INFO  http.HttpServer2 (HttpServer2.java:addFilter(1014)) - Added filter static_user_filter (class=org.apache.hadoop.http.lib.StaticUserWebFilter$StaticUserFilter) to context logs
2021-11-06 13:09:01,790 [Listener at 127.0.0.1/34591] INFO  http.HttpServer2 (HttpServer2.java:addFilter(1014)) - Added filter static_user_filter (class=org.apache.hadoop.http.lib.StaticUserWebFilter$StaticUserFilter) to context static
2021-11-06 13:09:01,790 [Listener at 127.0.0.1/34591] INFO  http.HttpServer2 (HttpServer2.java:bindListener(1249)) - Jetty bound to port 42761
2021-11-06 13:09:01,791 [Listener at 127.0.0.1/34591] INFO  server.Server (Server.java:doStart(375)) - jetty-9.4.43.v20210629; built: 2021-06-30T11:07:22.254Z; git: 526006ecfa3af7f1a27ef3a288e2bef7ea9dd7e8; jvm 1.8.0_292-b10
2021-11-06 13:09:01,792 [Listener at 127.0.0.1/34591] INFO  server.session (DefaultSessionIdManager.java:doStart(334)) - DefaultSessionIdManager workerName=node0
2021-11-06 13:09:01,793 [Listener at 127.0.0.1/34591] INFO  server.session (DefaultSessionIdManager.java:doStart(339)) - No SessionScavenger set, using defaults
2021-11-06 13:09:01,794 [Listener at 127.0.0.1/34591] INFO  server.session (HouseKeeper.java:startScavenging(132)) - node0 Scavenging every 600000ms
2021-11-06 13:09:01,794 [Listener at 127.0.0.1/34591] INFO  handler.ContextHandler (ContextHandler.java:doStart(915)) - Started o.e.j.s.ServletContextHandler@5561f343{logs,/logs,file:///home/runner/work/ozone/ozone/hadoop-ozone/integration-test/target/log,AVAILABLE}
2021-11-06 13:09:01,795 [Listener at 127.0.0.1/34591] INFO  handler.ContextHandler (ContextHandler.java:doStart(915)) - Started o.e.j.s.ServletContextHandler@6cb54420{static,/static,jar:file:/home/runner/.m2/repository/org/apache/ozone/hdds-container-service/1.2.0-SNAPSHOT/hdds-container-service-1.2.0-SNAPSHOT.jar!/webapps/static,AVAILABLE}
2021-11-06 13:09:01,876 [Listener at 127.0.0.1/34591] INFO  handler.ContextHandler (ContextHandler.java:doStart(915)) - Started o.e.j.w.WebAppContext@214b2cdf{hddsDatanode,/,file:///tmp/jetty-0_0_0_0-42761-hdds-container-service-1_2_0-SNAPSHOT_jar-_-any-5155016586046944839/webapp/,AVAILABLE}{jar:file:/home/runner/.m2/repository/org/apache/ozone/hdds-container-service/1.2.0-SNAPSHOT/hdds-container-service-1.2.0-SNAPSHOT.jar!/webapps/hddsDatanode}
2021-11-06 13:09:01,882 [Listener at 127.0.0.1/34591] INFO  server.AbstractConnector (AbstractConnector.java:doStart(331)) - Started ServerConnector@66976d7c{HTTP/1.1, (http/1.1)}{0.0.0.0:42761}
2021-11-06 13:09:01,882 [Listener at 127.0.0.1/34591] INFO  server.Server (Server.java:doStart(415)) - Started @184369ms
2021-11-06 13:09:01,882 [Listener at 127.0.0.1/34591] WARN  impl.MetricsSystemImpl (MetricsSystemImpl.java:register(279)) - Sink prometheus already exists!
2021-11-06 13:09:01,883 [Listener at 127.0.0.1/34591] INFO  http.BaseHttpServer (BaseHttpServer.java:updateConnectorAddress(329)) - HTTP server of hddsDatanode listening at http://0.0.0.0:42761
2021-11-06 13:09:01,887 [Listener at 127.0.0.1/34591] INFO  ozone.MiniOzoneClusterImpl (MiniOzoneClusterImpl.java:lambda$waitForClusterToBeReady$0(235)) - Waiting for nodes to be ready. Got 0 of 9 DN Heartbeats.
2021-11-06 13:09:01,887 [Listener at 127.0.0.1/34591] INFO  ozone.MiniOzoneClusterImpl (MiniOzoneClusterImpl.java:lambda$waitForClusterToBeReady$0(238)) - Waiting for cluster to exit safe mode
2021-11-06 13:09:01,887 [Listener at 127.0.0.1/34591] INFO  ozone.MiniOzoneClusterImpl (MiniOzoneClusterImpl.java:lambda$waitForClusterToBeReady$0(240)) - SCM became leader
2021-11-06 13:09:01,897 [Datanode State Machine Daemon Thread] INFO  statemachine.DatanodeStateMachine (DatanodeStateMachine.java:lambda$startDaemon$0(467)) - Ozone container server started.
2021-11-06 13:09:01,961 [org.apache.hadoop.util.JvmPauseMonitor$Monitor@4bdd20ca] INFO  util.JvmPauseMonitor (JvmPauseMonitor.java:run(188)) - Starting JVM pause monitor
2021-11-06 13:09:01,967 [Datanode State Machine Task Thread - 0] INFO  datanode.InitDatanodeState (InitDatanodeState.java:persistContainerDatanodeDetails(145)) - DatanodeDetails is persisted to /home/runner/work/ozone/ozone/hadoop-ozone/integration-test/target/test-dir/MiniOzoneClusterImpl-57fe1d17-8f30-476a-a64a-953d5983e20c/datanode-8/meta/datanode.id
2021-11-06 13:09:02,076 [EndpointStateMachine task thread for /0.0.0.0:46119 - 0 ] INFO  ozoneimpl.OzoneContainer (OzoneContainer.java:start(304)) - Attempting to start container services.
2021-11-06 13:09:02,076 [EndpointStateMachine task thread for /0.0.0.0:46119 - 0 ] INFO  ozoneimpl.OzoneContainer (OzoneContainer.java:startContainerScrub(249)) - Background container scanner has been disabled.
2021-11-06 13:09:02,078 [EndpointStateMachine task thread for /0.0.0.0:46119 - 0 ] INFO  replication.ReplicationServer (ReplicationServer.java:start(107)) - ReplicationServer is started using port 36693
2021-11-06 13:09:02,078 [EndpointStateMachine task thread for /0.0.0.0:46119 - 0 ] INFO  ratis.XceiverServerRatis (XceiverServerRatis.java:start(484)) - Starting XceiverServerRatis 8825a48f-3f68-4f9f-a5f1-6d0b8018f501
2021-11-06 13:09:02,079 [EndpointStateMachine task thread for /0.0.0.0:46119 - 0 ] INFO  server.RaftServer (RaftServerProxy.java:lambda$start$5(374)) - 8825a48f-3f68-4f9f-a5f1-6d0b8018f501: start RPC server
2021-11-06 13:09:02,079 [EndpointStateMachine task thread for /0.0.0.0:46119 - 0 ] INFO  server.GrpcService (GrpcService.java:startImpl(253)) - 8825a48f-3f68-4f9f-a5f1-6d0b8018f501: GrpcService started, listening on 41601
2021-11-06 13:09:02,080 [EndpointStateMachine task thread for /0.0.0.0:46119 - 0 ] INFO  ratis.XceiverServerRatis (XceiverServerRatis.java:getRealPort(505)) - XceiverServerRatis 8825a48f-3f68-4f9f-a5f1-6d0b8018f501 is started using port 41601 for RATIS
2021-11-06 13:09:02,080 [EndpointStateMachine task thread for /0.0.0.0:46119 - 0 ] INFO  ratis.XceiverServerRatis (XceiverServerRatis.java:getRealPort(505)) - XceiverServerRatis 8825a48f-3f68-4f9f-a5f1-6d0b8018f501 is started using port 41601 for RATIS_ADMIN
2021-11-06 13:09:02,080 [EndpointStateMachine task thread for /0.0.0.0:46119 - 0 ] INFO  ratis.XceiverServerRatis (XceiverServerRatis.java:getRealPort(505)) - XceiverServerRatis 8825a48f-3f68-4f9f-a5f1-6d0b8018f501 is started using port 41601 for RATIS_SERVER
2021-11-06 13:09:02,081 [EndpointStateMachine task thread for /0.0.0.0:46119 - 0 ] INFO  server.XceiverServerGrpc (XceiverServerGrpc.java:start(135)) - XceiverServerGrpc 8825a48f-3f68-4f9f-a5f1-6d0b8018f501 is started using port 41641
2021-11-06 13:09:02,099 [org.apache.ratis.util.JvmPauseMonitor$$Lambda$531/117902049@15ecba4c] INFO  util.JvmPauseMonitor (JvmPauseMonitor.java:run(103)) - JvmPauseMonitor-8825a48f-3f68-4f9f-a5f1-6d0b8018f501: Started
2021-11-06 13:09:02,347 [IPC Server handler 1 on default port 46119] INFO  net.NetworkTopologyImpl (NetworkTopologyImpl.java:add(112)) - Added a new node: /default-rack/41301224-b672-4531-af78-b462410ab6ac
2021-11-06 13:09:02,347 [IPC Server handler 1 on default port 46119] INFO  node.SCMNodeManager (SCMNodeManager.java:register(389)) - Registered Data node : 41301224-b672-4531-af78-b462410ab6ac{ip: 10.1.0.11, host: fv-az151-875.yf2hydr00wburbhx3j5hxtcipe.bx.internal.cloudapp.net, ports: [REPLICATION=33157, RATIS=45193, RATIS_ADMIN=45193, RATIS_SERVER=45193, STANDALONE=46151], networkLocation: /default-rack, certSerialId: null, persistedOpState: null, persistedOpStateExpiryEpochSec: 0}
2021-11-06 13:09:02,357 [EventQueue-NodeRegistrationContainerReportForContainerSafeModeRule] INFO  safemode.SCMSafeModeManager (SCMSafeModeManager.java:validateSafeModeExitRules(204)) - ContainerSafeModeRule rule is successfully validated
2021-11-06 13:09:02,357 [EventQueue-NodeRegistrationContainerReportForDataNodeSafeModeRule] INFO  safemode.SCMSafeModeManager (DataNodeSafeModeRule.java:process(71)) - SCM in safe mode. 1 DataNodes registered, 3 required.
2021-11-06 13:09:02,391 [EventQueue-NewNodeForNewNodeHandler] INFO  pipeline.BackgroundPipelineCreator (BackgroundPipelineCreator.java:notifyEventTriggered(285)) - trigger a one-shot run on RatisPipelineUtilsThread.
2021-11-06 13:09:02,392 [EventQueue-PipelineReportForOneReplicaPipelineSafeModeRule] INFO  safemode.SCMSafeModeManager (SCMSafeModeManager.java:validateSafeModeExitRules(204)) - AtleastOneDatanodeReportedRule rule is successfully validated
2021-11-06 13:09:02,392 [RatisPipelineUtilsThread - 0] INFO  pipeline.RatisPipelineProvider (RatisPipelineProvider.java:lambda$create$0(183)) - Sending CreatePipelineCommand for pipeline:PipelineID=cf6c98fd-2117-42c3-9675-5453b5f23477 to datanode:41301224-b672-4531-af78-b462410ab6ac
2021-11-06 13:09:02,411 [RatisPipelineUtilsThread - 0] INFO  pipeline.PipelineStateManagerImpl (PipelineStateManagerImpl.java:addPipeline(101)) - Created pipeline Pipeline[ Id: cf6c98fd-2117-42c3-9675-5453b5f23477, Nodes: 41301224-b672-4531-af78-b462410ab6ac{ip: 10.1.0.11, host: fv-az151-875.yf2hydr00wburbhx3j5hxtcipe.bx.internal.cloudapp.net, ports: [REPLICATION=33157, RATIS=45193, RATIS_ADMIN=45193, RATIS_SERVER=45193, STANDALONE=46151], networkLocation: /default-rack, certSerialId: null, persistedOpState: IN_SERVICE, persistedOpStateExpiryEpochSec: 0}, ReplicationConfig: RATIS/ONE, State:ALLOCATED, leaderId:, CreationTimestamp2021-11-06T13:09:02.392Z[Etc/UTC]].
2021-11-06 13:09:02,547 [EndpointStateMachine task thread for /0.0.0.0:46119 - 0 ] INFO  ozoneimpl.OzoneContainer (OzoneContainer.java:start(304)) - Attempting to start container services.
2021-11-06 13:09:02,547 [EndpointStateMachine task thread for /0.0.0.0:46119 - 0 ] INFO  ozoneimpl.OzoneContainer (OzoneContainer.java:startContainerScrub(249)) - Background container scanner has been disabled.
2021-11-06 13:09:02,548 [EndpointStateMachine task thread for /0.0.0.0:46119 - 0 ] INFO  replication.ReplicationServer (ReplicationServer.java:start(107)) - ReplicationServer is started using port 33703
2021-11-06 13:09:02,548 [EndpointStateMachine task thread for /0.0.0.0:46119 - 0 ] INFO  ratis.XceiverServerRatis (XceiverServerRatis.java:start(484)) - Starting XceiverServerRatis 5750f6fd-62ed-459f-9a73-135ca28be509
2021-11-06 13:09:02,633 [EndpointStateMachine task thread for /0.0.0.0:46119 - 0 ] INFO  server.RaftServer (RaftServerProxy.java:lambda$start$5(374)) - 5750f6fd-62ed-459f-9a73-135ca28be509: start RPC server
2021-11-06 13:09:02,634 [EndpointStateMachine task thread for /0.0.0.0:46119 - 0 ] INFO  server.GrpcService (GrpcService.java:startImpl(253)) - 5750f6fd-62ed-459f-9a73-135ca28be509: GrpcService started, listening on 38801
2021-11-06 13:09:02,648 [EndpointStateMachine task thread for /0.0.0.0:46119 - 0 ] INFO  ratis.XceiverServerRatis (XceiverServerRatis.java:getRealPort(505)) - XceiverServerRatis 5750f6fd-62ed-459f-9a73-135ca28be509 is started using port 38801 for RATIS
2021-11-06 13:09:02,648 [EndpointStateMachine task thread for /0.0.0.0:46119 - 0 ] INFO  ratis.XceiverServerRatis (XceiverServerRatis.java:getRealPort(505)) - XceiverServerRatis 5750f6fd-62ed-459f-9a73-135ca28be509 is started using port 38801 for RATIS_ADMIN
2021-11-06 13:09:02,648 [EndpointStateMachine task thread for /0.0.0.0:46119 - 0 ] INFO  ratis.XceiverServerRatis (XceiverServerRatis.java:getRealPort(505)) - XceiverServerRatis 5750f6fd-62ed-459f-9a73-135ca28be509 is started using port 38801 for RATIS_SERVER
2021-11-06 13:09:02,648 [EndpointStateMachine task thread for /0.0.0.0:46119 - 0 ] INFO  server.XceiverServerGrpc (XceiverServerGrpc.java:start(135)) - XceiverServerGrpc 5750f6fd-62ed-459f-9a73-135ca28be509 is started using port 37243
2021-11-06 13:09:02,649 [org.apache.ratis.util.JvmPauseMonitor$$Lambda$531/117902049@4293ca18] INFO  util.JvmPauseMonitor (JvmPauseMonitor.java:run(103)) - JvmPauseMonitor-5750f6fd-62ed-459f-9a73-135ca28be509: Started
2021-11-06 13:09:02,795 [IPC Server handler 4 on default port 46119] INFO  net.NetworkTopologyImpl (NetworkTopologyImpl.java:add(112)) - Added a new node: /default-rack/414c08ff-7683-4e40-9ba7-4aaff37af58e
2021-11-06 13:09:02,795 [IPC Server handler 4 on default port 46119] INFO  node.SCMNodeManager (SCMNodeManager.java:register(389)) - Registered Data node : 414c08ff-7683-4e40-9ba7-4aaff37af58e{ip: 10.1.0.11, host: fv-az151-875.yf2hydr00wburbhx3j5hxtcipe.bx.internal.cloudapp.net, ports: [REPLICATION=44871, RATIS=42123, RATIS_ADMIN=42123, RATIS_SERVER=42123, STANDALONE=38901], networkLocation: /default-rack, certSerialId: null, persistedOpState: null, persistedOpStateExpiryEpochSec: 0}
2021-11-06 13:09:02,795 [EventQueue-NewNodeForNewNodeHandler] INFO  pipeline.BackgroundPipelineCreator (BackgroundPipelineCreator.java:notifyEventTriggered(285)) - trigger a one-shot run on RatisPipelineUtilsThread.
2021-11-06 13:09:02,796 [EventQueue-NodeRegistrationContainerReportForDataNodeSafeModeRule] INFO  safemode.SCMSafeModeManager (DataNodeSafeModeRule.java:process(71)) - SCM in safe mode. 2 DataNodes registered, 3 required.
2021-11-06 13:09:02,804 [RatisPipelineUtilsThread - 0] INFO  pipeline.RatisPipelineProvider (RatisPipelineProvider.java:lambda$create$0(183)) - Sending CreatePipelineCommand for pipeline:PipelineID=11a118c1-3cb0-4fb9-bbf4-f32416321c92 to datanode:414c08ff-7683-4e40-9ba7-4aaff37af58e
2021-11-06 13:09:02,805 [RatisPipelineUtilsThread - 0] INFO  pipeline.PipelineStateManagerImpl (PipelineStateManagerImpl.java:addPipeline(101)) - Created pipeline Pipeline[ Id: 11a118c1-3cb0-4fb9-bbf4-f32416321c92, Nodes: 414c08ff-7683-4e40-9ba7-4aaff37af58e{ip: 10.1.0.11, host: fv-az151-875.yf2hydr00wburbhx3j5hxtcipe.bx.internal.cloudapp.net, ports: [REPLICATION=44871, RATIS=42123, RATIS_ADMIN=42123, RATIS_SERVER=42123, STANDALONE=38901], networkLocation: /default-rack, certSerialId: null, persistedOpState: IN_SERVICE, persistedOpStateExpiryEpochSec: 0}, ReplicationConfig: RATIS/ONE, State:ALLOCATED, leaderId:, CreationTimestamp2021-11-06T13:09:02.804Z[Etc/UTC]].
2021-11-06 13:09:02,892 [Listener at 127.0.0.1/34591] INFO  ozone.MiniOzoneClusterImpl (MiniOzoneClusterImpl.java:lambda$waitForClusterToBeReady$0(235)) - Waiting for nodes to be ready. Got 2 of 9 DN Heartbeats.
2021-11-06 13:09:02,892 [Listener at 127.0.0.1/34591] INFO  ozone.MiniOzoneClusterImpl (MiniOzoneClusterImpl.java:lambda$waitForClusterToBeReady$0(238)) - Waiting for cluster to exit safe mode
2021-11-06 13:09:02,892 [Listener at 127.0.0.1/34591] INFO  ozone.MiniOzoneClusterImpl (MiniOzoneClusterImpl.java:lambda$waitForClusterToBeReady$0(240)) - SCM became leader
2021-11-06 13:09:03,089 [EndpointStateMachine task thread for /0.0.0.0:46119 - 0 ] INFO  ozoneimpl.OzoneContainer (OzoneContainer.java:start(304)) - Attempting to start container services.
2021-11-06 13:09:03,090 [EndpointStateMachine task thread for /0.0.0.0:46119 - 0 ] INFO  ozoneimpl.OzoneContainer (OzoneContainer.java:startContainerScrub(249)) - Background container scanner has been disabled.
2021-11-06 13:09:03,099 [EndpointStateMachine task thread for /0.0.0.0:46119 - 0 ] INFO  replication.ReplicationServer (ReplicationServer.java:start(107)) - ReplicationServer is started using port 40705
2021-11-06 13:09:03,104 [EndpointStateMachine task thread for /0.0.0.0:46119 - 0 ] INFO  ratis.XceiverServerRatis (XceiverServerRatis.java:start(484)) - Starting XceiverServerRatis 0eaea5f5-6746-43ea-ac9f-09b1ebc824b6
2021-11-06 13:09:03,131 [EndpointStateMachine task thread for /0.0.0.0:46119 - 0 ] INFO  server.RaftServer (RaftServerProxy.java:lambda$start$5(374)) - 0eaea5f5-6746-43ea-ac9f-09b1ebc824b6: start RPC server
2021-11-06 13:09:03,132 [EndpointStateMachine task thread for /0.0.0.0:46119 - 0 ] INFO  server.GrpcService (GrpcService.java:startImpl(253)) - 0eaea5f5-6746-43ea-ac9f-09b1ebc824b6: GrpcService started, listening on 39423
2021-11-06 13:09:03,143 [EndpointStateMachine task thread for /0.0.0.0:46119 - 0 ] INFO  ratis.XceiverServerRatis (XceiverServerRatis.java:getRealPort(505)) - XceiverServerRatis 0eaea5f5-6746-43ea-ac9f-09b1ebc824b6 is started using port 39423 for RATIS
2021-11-06 13:09:03,143 [EndpointStateMachine task thread for /0.0.0.0:46119 - 0 ] INFO  ratis.XceiverServerRatis (XceiverServerRatis.java:getRealPort(505)) - XceiverServerRatis 0eaea5f5-6746-43ea-ac9f-09b1ebc824b6 is started using port 39423 for RATIS_ADMIN
2021-11-06 13:09:03,143 [EndpointStateMachine task thread for /0.0.0.0:46119 - 0 ] INFO  ratis.XceiverServerRatis (XceiverServerRatis.java:getRealPort(505)) - XceiverServerRatis 0eaea5f5-6746-43ea-ac9f-09b1ebc824b6 is started using port 39423 for RATIS_SERVER
2021-11-06 13:09:03,147 [EndpointStateMachine task thread for /0.0.0.0:46119 - 0 ] INFO  server.XceiverServerGrpc (XceiverServerGrpc.java:start(135)) - XceiverServerGrpc 0eaea5f5-6746-43ea-ac9f-09b1ebc824b6 is started using port 35071
2021-11-06 13:09:03,206 [IPC Server handler 3 on default port 46119] INFO  net.NetworkTopologyImpl (NetworkTopologyImpl.java:add(112)) - Added a new node: /default-rack/4d122ed7-1d51-49b3-a564-9cc0800ef9b5
2021-11-06 13:09:03,206 [IPC Server handler 3 on default port 46119] INFO  node.SCMNodeManager (SCMNodeManager.java:register(389)) - Registered Data node : 4d122ed7-1d51-49b3-a564-9cc0800ef9b5{ip: 10.1.0.11, host: fv-az151-875.yf2hydr00wburbhx3j5hxtcipe.bx.internal.cloudapp.net, ports: [REPLICATION=35731, RATIS=44073, RATIS_ADMIN=44073, RATIS_SERVER=44073, STANDALONE=36803], networkLocation: /default-rack, certSerialId: null, persistedOpState: null, persistedOpStateExpiryEpochSec: 0}
2021-11-06 13:09:03,207 [EventQueue-NewNodeForNewNodeHandler] INFO  pipeline.BackgroundPipelineCreator (BackgroundPipelineCreator.java:notifyEventTriggered(285)) - trigger a one-shot run on RatisPipelineUtilsThread.
2021-11-06 13:09:03,235 [EventQueue-NodeRegistrationContainerReportForDataNodeSafeModeRule] INFO  safemode.SCMSafeModeManager (DataNodeSafeModeRule.java:process(71)) - SCM in safe mode. 3 DataNodes registered, 3 required.
2021-11-06 13:09:03,235 [EventQueue-NodeRegistrationContainerReportForDataNodeSafeModeRule] INFO  safemode.SCMSafeModeManager (SCMSafeModeManager.java:validateSafeModeExitRules(204)) - DataNodeSafeModeRule rule is successfully validated
2021-11-06 13:09:03,235 [EventQueue-NodeRegistrationContainerReportForDataNodeSafeModeRule] INFO  safemode.SCMSafeModeManager (SCMSafeModeManager.java:completePreCheck(233)) - All SCM safe mode pre check rules have passed
2021-11-06 13:09:03,235 [EventQueue-NodeRegistrationContainerReportForDataNodeSafeModeRule] WARN  events.EventQueue (EventQueue.java:fireEvent(194)) - No event handler registered for event TypedEvent{payloadType=SafeModeStatus, name='Safe mode status'}
2021-11-06 13:09:03,235 [EventQueue-NodeRegistrationContainerReportForDataNodeSafeModeRule] INFO  ha.SCMContext (SCMContext.java:updateSafeModeStatus(205)) - Update SafeModeStatus from SafeModeStatus{safeModeStatus=true, preCheckPassed=false} to SafeModeStatus{safeModeStatus=true, preCheckPassed=true}.
2021-11-06 13:09:03,235 [EventQueue-NodeRegistrationContainerReportForDataNodeSafeModeRule] INFO  pipeline.BackgroundPipelineCreator (BackgroundPipelineCreator.java:notifyEventTriggered(285)) - trigger a one-shot run on RatisPipelineUtilsThread.
2021-11-06 13:09:03,243 [org.apache.ratis.util.JvmPauseMonitor$$Lambda$531/117902049@1f4bf65c] INFO  util.JvmPauseMonitor (JvmPauseMonitor.java:run(103)) - JvmPauseMonitor-0eaea5f5-6746-43ea-ac9f-09b1ebc824b6: Started
2021-11-06 13:09:03,243 [RatisPipelineUtilsThread - 0] INFO  pipeline.RatisPipelineProvider (RatisPipelineProvider.java:lambda$create$0(183)) - Sending CreatePipelineCommand for pipeline:PipelineID=5a06e79c-e756-4874-b3a2-2566df71ec55 to datanode:4d122ed7-1d51-49b3-a564-9cc0800ef9b5
2021-11-06 13:09:03,244 [RatisPipelineUtilsThread - 0] INFO  pipeline.PipelineStateManagerImpl (PipelineStateManagerImpl.java:addPipeline(101)) - Created pipeline Pipeline[ Id: 5a06e79c-e756-4874-b3a2-2566df71ec55, Nodes: 4d122ed7-1d51-49b3-a564-9cc0800ef9b5{ip: 10.1.0.11, host: fv-az151-875.yf2hydr00wburbhx3j5hxtcipe.bx.internal.cloudapp.net, ports: [REPLICATION=35731, RATIS=44073, RATIS_ADMIN=44073, RATIS_SERVER=44073, STANDALONE=36803], networkLocation: /default-rack, certSerialId: null, persistedOpState: IN_SERVICE, persistedOpStateExpiryEpochSec: 0}, ReplicationConfig: RATIS/ONE, State:ALLOCATED, leaderId:, CreationTimestamp2021-11-06T13:09:03.243Z[Etc/UTC]].
2021-11-06 13:09:03,245 [RatisPipelineUtilsThread - 0] INFO  pipeline.RatisPipelineProvider (RatisPipelineProvider.java:lambda$create$0(183)) - Sending CreatePipelineCommand for pipeline:PipelineID=d5cfb98d-9438-4c94-ae89-950f038c74eb to datanode:414c08ff-7683-4e40-9ba7-4aaff37af58e
2021-11-06 13:09:03,245 [RatisPipelineUtilsThread - 0] INFO  pipeline.RatisPipelineProvider (RatisPipelineProvider.java:lambda$create$0(183)) - Sending CreatePipelineCommand for pipeline:PipelineID=d5cfb98d-9438-4c94-ae89-950f038c74eb to datanode:4d122ed7-1d51-49b3-a564-9cc0800ef9b5
2021-11-06 13:09:03,245 [RatisPipelineUtilsThread - 0] INFO  pipeline.RatisPipelineProvider (RatisPipelineProvider.java:lambda$create$0(183)) - Sending CreatePipelineCommand for pipeline:PipelineID=d5cfb98d-9438-4c94-ae89-950f038c74eb to datanode:41301224-b672-4531-af78-b462410ab6ac
2021-11-06 13:09:03,246 [RatisPipelineUtilsThread - 0] INFO  pipeline.PipelineStateManagerImpl (PipelineStateManagerImpl.java:addPipeline(101)) - Created pipeline Pipeline[ Id: d5cfb98d-9438-4c94-ae89-950f038c74eb, Nodes: 414c08ff-7683-4e40-9ba7-4aaff37af58e{ip: 10.1.0.11, host: fv-az151-875.yf2hydr00wburbhx3j5hxtcipe.bx.internal.cloudapp.net, ports: [REPLICATION=44871, RATIS=42123, RATIS_ADMIN=42123, RATIS_SERVER=42123, STANDALONE=38901], networkLocation: /default-rack, certSerialId: null, persistedOpState: IN_SERVICE, persistedOpStateExpiryEpochSec: 0}4d122ed7-1d51-49b3-a564-9cc0800ef9b5{ip: 10.1.0.11, host: fv-az151-875.yf2hydr00wburbhx3j5hxtcipe.bx.internal.cloudapp.net, ports: [REPLICATION=35731, RATIS=44073, RATIS_ADMIN=44073, RATIS_SERVER=44073, STANDALONE=36803], networkLocation: /default-rack, certSerialId: null, persistedOpState: IN_SERVICE, persistedOpStateExpiryEpochSec: 0}41301224-b672-4531-af78-b462410ab6ac{ip: 10.1.0.11, host: fv-az151-875.yf2hydr00wburbhx3j5hxtcipe.bx.internal.cloudapp.net, ports: [REPLICATION=33157, RATIS=45193, RATIS_ADMIN=45193, RATIS_SERVER=45193, STANDALONE=46151], networkLocation: /default-rack, certSerialId: null, persistedOpState: IN_SERVICE, persistedOpStateExpiryEpochSec: 0}, ReplicationConfig: RATIS/THREE, State:ALLOCATED, leaderId:, CreationTimestamp2021-11-06T13:09:03.245Z[Etc/UTC]].
2021-11-06 13:09:03,515 [EndpointStateMachine task thread for /0.0.0.0:46119 - 0 ] INFO  ozoneimpl.OzoneContainer (OzoneContainer.java:start(304)) - Attempting to start container services.
2021-11-06 13:09:03,515 [EndpointStateMachine task thread for /0.0.0.0:46119 - 0 ] INFO  ozoneimpl.OzoneContainer (OzoneContainer.java:startContainerScrub(249)) - Background container scanner has been disabled.
2021-11-06 13:09:03,516 [EndpointStateMachine task thread for /0.0.0.0:46119 - 0 ] INFO  replication.ReplicationServer (ReplicationServer.java:start(107)) - ReplicationServer is started using port 42051
2021-11-06 13:09:03,539 [EndpointStateMachine task thread for /0.0.0.0:46119 - 0 ] INFO  ratis.XceiverServerRatis (XceiverServerRatis.java:start(484)) - Starting XceiverServerRatis ca2e1dc9-8c7f-42bc-b6bd-0370d79258f9
2021-11-06 13:09:03,541 [EndpointStateMachine task thread for /0.0.0.0:46119 - 0 ] INFO  server.RaftServer (RaftServerProxy.java:lambda$start$5(374)) - ca2e1dc9-8c7f-42bc-b6bd-0370d79258f9: start RPC server
2021-11-06 13:09:03,542 [EndpointStateMachine task thread for /0.0.0.0:46119 - 0 ] INFO  server.GrpcService (GrpcService.java:startImpl(253)) - ca2e1dc9-8c7f-42bc-b6bd-0370d79258f9: GrpcService started, listening on 38687
2021-11-06 13:09:03,548 [EndpointStateMachine task thread for /0.0.0.0:46119 - 0 ] INFO  ratis.XceiverServerRatis (XceiverServerRatis.java:getRealPort(505)) - XceiverServerRatis ca2e1dc9-8c7f-42bc-b6bd-0370d79258f9 is started using port 38687 for RATIS
2021-11-06 13:09:03,548 [EndpointStateMachine task thread for /0.0.0.0:46119 - 0 ] INFO  ratis.XceiverServerRatis (XceiverServerRatis.java:getRealPort(505)) - XceiverServerRatis ca2e1dc9-8c7f-42bc-b6bd-0370d79258f9 is started using port 38687 for RATIS_ADMIN
2021-11-06 13:09:03,548 [EndpointStateMachine task thread for /0.0.0.0:46119 - 0 ] INFO  ratis.XceiverServerRatis (XceiverServerRatis.java:getRealPort(505)) - XceiverServerRatis ca2e1dc9-8c7f-42bc-b6bd-0370d79258f9 is started using port 38687 for RATIS_SERVER
2021-11-06 13:09:03,562 [EndpointStateMachine task thread for /0.0.0.0:46119 - 0 ] INFO  server.XceiverServerGrpc (XceiverServerGrpc.java:start(135)) - XceiverServerGrpc ca2e1dc9-8c7f-42bc-b6bd-0370d79258f9 is started using port 41431
2021-11-06 13:09:03,576 [org.apache.ratis.util.JvmPauseMonitor$$Lambda$531/117902049@7058a49f] INFO  util.JvmPauseMonitor (JvmPauseMonitor.java:run(103)) - JvmPauseMonitor-ca2e1dc9-8c7f-42bc-b6bd-0370d79258f9: Started
2021-11-06 13:09:03,600 [IPC Server handler 5 on default port 46119] INFO  net.NetworkTopologyImpl (NetworkTopologyImpl.java:add(112)) - Added a new node: /default-rack/a8ad8818-625e-4bd0-b4ed-3716b4b5c8f9
2021-11-06 13:09:03,600 [IPC Server handler 5 on default port 46119] INFO  node.SCMNodeManager (SCMNodeManager.java:register(389)) - Registered Data node : a8ad8818-625e-4bd0-b4ed-3716b4b5c8f9{ip: 10.1.0.11, host: fv-az151-875.yf2hydr00wburbhx3j5hxtcipe.bx.internal.cloudapp.net, ports: [REPLICATION=34141, RATIS=40631, RATIS_ADMIN=40631, RATIS_SERVER=40631, STANDALONE=36087], networkLocation: /default-rack, certSerialId: null, persistedOpState: null, persistedOpStateExpiryEpochSec: 0}
2021-11-06 13:09:03,600 [EventQueue-NewNodeForNewNodeHandler] INFO  pipeline.BackgroundPipelineCreator (BackgroundPipelineCreator.java:notifyEventTriggered(285)) - trigger a one-shot run on RatisPipelineUtilsThread.
2021-11-06 13:09:03,601 [RatisPipelineUtilsThread - 0] INFO  pipeline.RatisPipelineProvider (RatisPipelineProvider.java:lambda$create$0(183)) - Sending CreatePipelineCommand for pipeline:PipelineID=77e145db-c894-4fb0-a7cd-6dd4405e8e5d to datanode:a8ad8818-625e-4bd0-b4ed-3716b4b5c8f9
2021-11-06 13:09:03,601 [RatisPipelineUtilsThread - 0] INFO  pipeline.PipelineStateManagerImpl (PipelineStateManagerImpl.java:addPipeline(101)) - Created pipeline Pipeline[ Id: 77e145db-c894-4fb0-a7cd-6dd4405e8e5d, Nodes: a8ad8818-625e-4bd0-b4ed-3716b4b5c8f9{ip: 10.1.0.11, host: fv-az151-875.yf2hydr00wburbhx3j5hxtcipe.bx.internal.cloudapp.net, ports: [REPLICATION=34141, RATIS=40631, RATIS_ADMIN=40631, RATIS_SERVER=40631, STANDALONE=36087], networkLocation: /default-rack, certSerialId: null, persistedOpState: IN_SERVICE, persistedOpStateExpiryEpochSec: 0}, ReplicationConfig: RATIS/ONE, State:ALLOCATED, leaderId:, CreationTimestamp2021-11-06T13:09:03.601Z[Etc/UTC]].
2021-11-06 13:09:03,893 [Listener at 127.0.0.1/34591] INFO  ozone.MiniOzoneClusterImpl (MiniOzoneClusterImpl.java:lambda$waitForClusterToBeReady$0(235)) - Waiting for nodes to be ready. Got 4 of 9 DN Heartbeats.
2021-11-06 13:09:03,893 [Listener at 127.0.0.1/34591] INFO  ozone.MiniOzoneClusterImpl (MiniOzoneClusterImpl.java:lambda$waitForClusterToBeReady$0(238)) - Waiting for cluster to exit safe mode
2021-11-06 13:09:03,893 [Listener at 127.0.0.1/34591] INFO  ozone.MiniOzoneClusterImpl (MiniOzoneClusterImpl.java:lambda$waitForClusterToBeReady$0(240)) - SCM became leader
2021-11-06 13:09:03,974 [EndpointStateMachine task thread for /0.0.0.0:46119 - 0 ] INFO  ozoneimpl.OzoneContainer (OzoneContainer.java:start(304)) - Attempting to start container services.
2021-11-06 13:09:03,974 [EndpointStateMachine task thread for /0.0.0.0:46119 - 0 ] INFO  ozoneimpl.OzoneContainer (OzoneContainer.java:startContainerScrub(249)) - Background container scanner has been disabled.
2021-11-06 13:09:03,976 [EndpointStateMachine task thread for /0.0.0.0:46119 - 0 ] INFO  replication.ReplicationServer (ReplicationServer.java:start(107)) - ReplicationServer is started using port 42981
2021-11-06 13:09:03,997 [EndpointStateMachine task thread for /0.0.0.0:46119 - 0 ] INFO  ratis.XceiverServerRatis (XceiverServerRatis.java:start(484)) - Starting XceiverServerRatis 5935a206-a598-494c-a9e6-46da022b00dd
2021-11-06 13:09:04,007 [EndpointStateMachine task thread for /0.0.0.0:46119 - 0 ] INFO  server.RaftServer (RaftServerProxy.java:lambda$start$5(374)) - 5935a206-a598-494c-a9e6-46da022b00dd: start RPC server
2021-11-06 13:09:04,013 [EndpointStateMachine task thread for /0.0.0.0:46119 - 0 ] INFO  server.GrpcService (GrpcService.java:startImpl(253)) - 5935a206-a598-494c-a9e6-46da022b00dd: GrpcService started, listening on 43005
2021-11-06 13:09:04,018 [EndpointStateMachine task thread for /0.0.0.0:46119 - 0 ] INFO  ratis.XceiverServerRatis (XceiverServerRatis.java:getRealPort(505)) - XceiverServerRatis 5935a206-a598-494c-a9e6-46da022b00dd is started using port 43005 for RATIS
2021-11-06 13:09:04,018 [EndpointStateMachine task thread for /0.0.0.0:46119 - 0 ] INFO  ratis.XceiverServerRatis (XceiverServerRatis.java:getRealPort(505)) - XceiverServerRatis 5935a206-a598-494c-a9e6-46da022b00dd is started using port 43005 for RATIS_ADMIN
2021-11-06 13:09:04,019 [EndpointStateMachine task thread for /0.0.0.0:46119 - 0 ] INFO  ratis.XceiverServerRatis (XceiverServerRatis.java:getRealPort(505)) - XceiverServerRatis 5935a206-a598-494c-a9e6-46da022b00dd is started using port 43005 for RATIS_SERVER
2021-11-06 13:09:04,019 [EndpointStateMachine task thread for /0.0.0.0:46119 - 0 ] INFO  server.XceiverServerGrpc (XceiverServerGrpc.java:start(135)) - XceiverServerGrpc 5935a206-a598-494c-a9e6-46da022b00dd is started using port 40415
2021-11-06 13:09:04,024 [org.apache.ratis.util.JvmPauseMonitor$$Lambda$531/117902049@651d218e] INFO  util.JvmPauseMonitor (JvmPauseMonitor.java:run(103)) - JvmPauseMonitor-5935a206-a598-494c-a9e6-46da022b00dd: Started
2021-11-06 13:09:04,038 [IPC Server handler 8 on default port 46119] INFO  net.NetworkTopologyImpl (NetworkTopologyImpl.java:add(112)) - Added a new node: /default-rack/8825a48f-3f68-4f9f-a5f1-6d0b8018f501
2021-11-06 13:09:04,039 [IPC Server handler 8 on default port 46119] INFO  node.SCMNodeManager (SCMNodeManager.java:register(389)) - Registered Data node : 8825a48f-3f68-4f9f-a5f1-6d0b8018f501{ip: 10.1.0.11, host: fv-az151-875.yf2hydr00wburbhx3j5hxtcipe.bx.internal.cloudapp.net, ports: [REPLICATION=36693, RATIS=41601, RATIS_ADMIN=41601, RATIS_SERVER=41601, STANDALONE=41641], networkLocation: /default-rack, certSerialId: null, persistedOpState: null, persistedOpStateExpiryEpochSec: 0}
2021-11-06 13:09:04,039 [EventQueue-NewNodeForNewNodeHandler] INFO  pipeline.BackgroundPipelineCreator (BackgroundPipelineCreator.java:notifyEventTriggered(285)) - trigger a one-shot run on RatisPipelineUtilsThread.
2021-11-06 13:09:04,040 [RatisPipelineUtilsThread - 0] INFO  pipeline.RatisPipelineProvider (RatisPipelineProvider.java:lambda$create$0(183)) - Sending CreatePipelineCommand for pipeline:PipelineID=233fa60b-c3f1-4fba-be80-82fa7d9c4d50 to datanode:8825a48f-3f68-4f9f-a5f1-6d0b8018f501
2021-11-06 13:09:04,040 [RatisPipelineUtilsThread - 0] INFO  pipeline.PipelineStateManagerImpl (PipelineStateManagerImpl.java:addPipeline(101)) - Created pipeline Pipeline[ Id: 233fa60b-c3f1-4fba-be80-82fa7d9c4d50, Nodes: 8825a48f-3f68-4f9f-a5f1-6d0b8018f501{ip: 10.1.0.11, host: fv-az151-875.yf2hydr00wburbhx3j5hxtcipe.bx.internal.cloudapp.net, ports: [REPLICATION=36693, RATIS=41601, RATIS_ADMIN=41601, RATIS_SERVER=41601, STANDALONE=41641], networkLocation: /default-rack, certSerialId: null, persistedOpState: IN_SERVICE, persistedOpStateExpiryEpochSec: 0}, ReplicationConfig: RATIS/ONE, State:ALLOCATED, leaderId:, CreationTimestamp2021-11-06T13:09:04.040Z[Etc/UTC]].
2021-11-06 13:09:04,508 [IPC Server handler 5 on default port 46119] INFO  net.NetworkTopologyImpl (NetworkTopologyImpl.java:add(112)) - Added a new node: /default-rack/5750f6fd-62ed-459f-9a73-135ca28be509
2021-11-06 13:09:04,508 [IPC Server handler 5 on default port 46119] INFO  node.SCMNodeManager (SCMNodeManager.java:register(389)) - Registered Data node : 5750f6fd-62ed-459f-9a73-135ca28be509{ip: 10.1.0.11, host: fv-az151-875.yf2hydr00wburbhx3j5hxtcipe.bx.internal.cloudapp.net, ports: [REPLICATION=33703, RATIS=38801, RATIS_ADMIN=38801, RATIS_SERVER=38801, STANDALONE=37243], networkLocation: /default-rack, certSerialId: null, persistedOpState: null, persistedOpStateExpiryEpochSec: 0}
2021-11-06 13:09:04,508 [EventQueue-NewNodeForNewNodeHandler] INFO  pipeline.BackgroundPipelineCreator (BackgroundPipelineCreator.java:notifyEventTriggered(285)) - trigger a one-shot run on RatisPipelineUtilsThread.
2021-11-06 13:09:04,509 [RatisPipelineUtilsThread - 0] INFO  pipeline.RatisPipelineProvider (RatisPipelineProvider.java:lambda$create$0(183)) - Sending CreatePipelineCommand for pipeline:PipelineID=96771191-72f5-4b92-817c-38f38f48c518 to datanode:5750f6fd-62ed-459f-9a73-135ca28be509
2021-11-06 13:09:04,509 [RatisPipelineUtilsThread - 0] INFO  pipeline.PipelineStateManagerImpl (PipelineStateManagerImpl.java:addPipeline(101)) - Created pipeline Pipeline[ Id: 96771191-72f5-4b92-817c-38f38f48c518, Nodes: 5750f6fd-62ed-459f-9a73-135ca28be509{ip: 10.1.0.11, host: fv-az151-875.yf2hydr00wburbhx3j5hxtcipe.bx.internal.cloudapp.net, ports: [REPLICATION=33703, RATIS=38801, RATIS_ADMIN=38801, RATIS_SERVER=38801, STANDALONE=37243], networkLocation: /default-rack, certSerialId: null, persistedOpState: IN_SERVICE, persistedOpStateExpiryEpochSec: 0}, ReplicationConfig: RATIS/ONE, State:ALLOCATED, leaderId:, CreationTimestamp2021-11-06T13:09:04.509Z[Etc/UTC]].
2021-11-06 13:09:04,510 [RatisPipelineUtilsThread - 0] INFO  pipeline.RatisPipelineProvider (RatisPipelineProvider.java:lambda$create$0(183)) - Sending CreatePipelineCommand for pipeline:PipelineID=7e863a07-bf1b-4791-a5cf-767134f6b288 to datanode:a8ad8818-625e-4bd0-b4ed-3716b4b5c8f9
2021-11-06 13:09:04,510 [RatisPipelineUtilsThread - 0] INFO  pipeline.RatisPipelineProvider (RatisPipelineProvider.java:lambda$create$0(183)) - Sending CreatePipelineCommand for pipeline:PipelineID=7e863a07-bf1b-4791-a5cf-767134f6b288 to datanode:8825a48f-3f68-4f9f-a5f1-6d0b8018f501
2021-11-06 13:09:04,510 [RatisPipelineUtilsThread - 0] INFO  pipeline.RatisPipelineProvider (RatisPipelineProvider.java:lambda$create$0(183)) - Sending CreatePipelineCommand for pipeline:PipelineID=7e863a07-bf1b-4791-a5cf-767134f6b288 to datanode:5750f6fd-62ed-459f-9a73-135ca28be509
2021-11-06 13:09:04,510 [RatisPipelineUtilsThread - 0] INFO  pipeline.PipelineStateManagerImpl (PipelineStateManagerImpl.java:addPipeline(101)) - Created pipeline Pipeline[ Id: 7e863a07-bf1b-4791-a5cf-767134f6b288, Nodes: a8ad8818-625e-4bd0-b4ed-3716b4b5c8f9{ip: 10.1.0.11, host: fv-az151-875.yf2hydr00wburbhx3j5hxtcipe.bx.internal.cloudapp.net, ports: [REPLICATION=34141, RATIS=40631, RATIS_ADMIN=40631, RATIS_SERVER=40631, STANDALONE=36087], networkLocation: /default-rack, certSerialId: null, persistedOpState: IN_SERVICE, persistedOpStateExpiryEpochSec: 0}8825a48f-3f68-4f9f-a5f1-6d0b8018f501{ip: 10.1.0.11, host: fv-az151-875.yf2hydr00wburbhx3j5hxtcipe.bx.internal.cloudapp.net, ports: [REPLICATION=36693, RATIS=41601, RATIS_ADMIN=41601, RATIS_SERVER=41601, STANDALONE=41641], networkLocation: /default-rack, certSerialId: null, persistedOpState: IN_SERVICE, persistedOpStateExpiryEpochSec: 0}5750f6fd-62ed-459f-9a73-135ca28be509{ip: 10.1.0.11, host: fv-az151-875.yf2hydr00wburbhx3j5hxtcipe.bx.internal.cloudapp.net, ports: [REPLICATION=33703, RATIS=38801, RATIS_ADMIN=38801, RATIS_SERVER=38801, STANDALONE=37243], networkLocation: /default-rack, certSerialId: null, persistedOpState: IN_SERVICE, persistedOpStateExpiryEpochSec: 0}, ReplicationConfig: RATIS/THREE, State:ALLOCATED, leaderId:, CreationTimestamp2021-11-06T13:09:04.510Z[Etc/UTC]].
2021-11-06 13:09:04,893 [Listener at 127.0.0.1/34591] INFO  ozone.MiniOzoneClusterImpl (MiniOzoneClusterImpl.java:lambda$waitForClusterToBeReady$0(235)) - Waiting for nodes to be ready. Got 6 of 9 DN Heartbeats.
2021-11-06 13:09:04,893 [Listener at 127.0.0.1/34591] INFO  ozone.MiniOzoneClusterImpl (MiniOzoneClusterImpl.java:lambda$waitForClusterToBeReady$0(238)) - Waiting for cluster to exit safe mode
2021-11-06 13:09:04,894 [Listener at 127.0.0.1/34591] INFO  ozone.MiniOzoneClusterImpl (MiniOzoneClusterImpl.java:lambda$waitForClusterToBeReady$0(240)) - SCM became leader
2021-11-06 13:09:05,056 [IPC Server handler 2 on default port 46119] INFO  net.NetworkTopologyImpl (NetworkTopologyImpl.java:add(112)) - Added a new node: /default-rack/0eaea5f5-6746-43ea-ac9f-09b1ebc824b6
2021-11-06 13:09:05,056 [IPC Server handler 2 on default port 46119] INFO  node.SCMNodeManager (SCMNodeManager.java:register(389)) - Registered Data node : 0eaea5f5-6746-43ea-ac9f-09b1ebc824b6{ip: 10.1.0.11, host: fv-az151-875.yf2hydr00wburbhx3j5hxtcipe.bx.internal.cloudapp.net, ports: [REPLICATION=40705, RATIS=39423, RATIS_ADMIN=39423, RATIS_SERVER=39423, STANDALONE=35071], networkLocation: /default-rack, certSerialId: null, persistedOpState: null, persistedOpStateExpiryEpochSec: 0}
2021-11-06 13:09:05,057 [EventQueue-NewNodeForNewNodeHandler] INFO  pipeline.BackgroundPipelineCreator (BackgroundPipelineCreator.java:notifyEventTriggered(285)) - trigger a one-shot run on RatisPipelineUtilsThread.
2021-11-06 13:09:05,057 [RatisPipelineUtilsThread - 0] INFO  pipeline.RatisPipelineProvider (RatisPipelineProvider.java:lambda$create$0(183)) - Sending CreatePipelineCommand for pipeline:PipelineID=1be5a8d6-c502-42d3-926f-39c6eb46317d to datanode:0eaea5f5-6746-43ea-ac9f-09b1ebc824b6
2021-11-06 13:09:05,058 [RatisPipelineUtilsThread - 0] INFO  pipeline.PipelineStateManagerImpl (PipelineStateManagerImpl.java:addPipeline(101)) - Created pipeline Pipeline[ Id: 1be5a8d6-c502-42d3-926f-39c6eb46317d, Nodes: 0eaea5f5-6746-43ea-ac9f-09b1ebc824b6{ip: 10.1.0.11, host: fv-az151-875.yf2hydr00wburbhx3j5hxtcipe.bx.internal.cloudapp.net, ports: [REPLICATION=40705, RATIS=39423, RATIS_ADMIN=39423, RATIS_SERVER=39423, STANDALONE=35071], networkLocation: /default-rack, certSerialId: null, persistedOpState: IN_SERVICE, persistedOpStateExpiryEpochSec: 0}, ReplicationConfig: RATIS/ONE, State:ALLOCATED, leaderId:, CreationTimestamp2021-11-06T13:09:05.057Z[Etc/UTC]].
2021-11-06 13:09:05,332 [Command processor thread] INFO  server.RaftServer (RaftServerProxy.java:addNew(95)) - 41301224-b672-4531-af78-b462410ab6ac: addNew group-5453B5F23477:[41301224-b672-4531-af78-b462410ab6ac|rpc:10.1.0.11:45193|priority:1] returns group-5453B5F23477:java.util.concurrent.CompletableFuture@71b28b74[Not completed]
2021-11-06 13:09:05,333 [pool-548-thread-1] INFO  server.RaftServer$Division (RaftServerImpl.java:<init>(184)) - 41301224-b672-4531-af78-b462410ab6ac: new RaftServerImpl for group-5453B5F23477:[41301224-b672-4531-af78-b462410ab6ac|rpc:10.1.0.11:45193|priority:1] with ContainerStateMachine:uninitialized
2021-11-06 13:09:05,334 [pool-548-thread-1] INFO  server.RaftServerConfigKeys (ConfUtils.java:logGet(44)) - raft.server.rpc.timeout.min = 5s (custom)
2021-11-06 13:09:05,334 [pool-548-thread-1] INFO  server.RaftServerConfigKeys (ConfUtils.java:logGet(44)) - raft.server.rpc.timeout.max = 5200ms (custom)
2021-11-06 13:09:05,334 [pool-548-thread-1] INFO  server.RaftServerConfigKeys (ConfUtils.java:logGet(44)) - raft.server.rpc.sleep.time = 25ms (default)
2021-11-06 13:09:05,334 [pool-548-thread-1] INFO  server.RaftServerConfigKeys (ConfUtils.java:logGet(44)) - raft.server.rpc.slowness.timeout = 300000ms (custom)
2021-11-06 13:09:05,334 [pool-548-thread-1] INFO  server.RaftServerConfigKeys (ConfUtils.java:logGet(44)) - raft.server.leaderelection.leader.step-down.wait-time = 10s (default)
2021-11-06 13:09:05,334 [pool-548-thread-1] INFO  server.RaftServerConfigKeys (ConfUtils.java:logGet(44)) - raft.server.sleep.deviation.threshold = 300ms (default)
2021-11-06 13:09:05,334 [pool-548-thread-1] INFO  server.RaftServerConfigKeys (ConfUtils.java:logGet(44)) - raft.server.log.appender.install.snapshot.enabled = false (custom)
2021-11-06 13:09:05,335 [pool-548-thread-1] INFO  server.RaftServer$Division (ServerState.java:<init>(105)) - 41301224-b672-4531-af78-b462410ab6ac@group-5453B5F23477: ConfigurationManager, init=-1: [41301224-b672-4531-af78-b462410ab6ac|rpc:10.1.0.11:45193|priority:1], old=null, confs=<EMPTY_MAP>
2021-11-06 13:09:05,344 [pool-548-thread-1] INFO  server.RaftServerConfigKeys (ConfUtils.java:logGet(44)) - raft.server.storage.dir = [/home/runner/work/ozone/ozone/hadoop-ozone/integration-test/target/test-dir/MiniOzoneClusterImpl-57fe1d17-8f30-476a-a64a-953d5983e20c/datanode-0/data/ratis] (custom)
2021-11-06 13:09:05,344 [pool-548-thread-1] INFO  server.RaftServerConfigKeys (ConfUtils.java:logGet(44)) - raft.server.log.corruption.policy = EXCEPTION (default)
2021-11-06 13:09:05,346 [pool-548-thread-1] INFO  server.RaftServerConfigKeys (ConfUtils.java:logGet(44)) - raft.server.storage.free-space.min = 0MB (=0) (default)
2021-11-06 13:09:05,346 [pool-548-thread-1] INFO  storage.RaftStorageDirectory (RaftStorageDirectoryImpl.java:analyzeStorage(135)) - The storage directory /home/runner/work/ozone/ozone/hadoop-ozone/integration-test/target/test-dir/MiniOzoneClusterImpl-57fe1d17-8f30-476a-a64a-953d5983e20c/datanode-0/data/ratis/cf6c98fd-2117-42c3-9675-5453b5f23477 does not exist. Creating ...
2021-11-06 13:09:05,352 [pool-548-thread-1] INFO  storage.RaftStorageDirectory (RaftStorageDirectoryImpl.java:tryLock(230)) - Lock on /home/runner/work/ozone/ozone/hadoop-ozone/integration-test/target/test-dir/MiniOzoneClusterImpl-57fe1d17-8f30-476a-a64a-953d5983e20c/datanode-0/data/ratis/cf6c98fd-2117-42c3-9675-5453b5f23477/in_use.lock acquired by nodename 21237@fv-az151-875
2021-11-06 13:09:05,355 [pool-548-thread-1] INFO  storage.RaftStorage (RaftStorageImpl.java:format(89)) - Storage directory /home/runner/work/ozone/ozone/hadoop-ozone/integration-test/target/test-dir/MiniOzoneClusterImpl-57fe1d17-8f30-476a-a64a-953d5983e20c/datanode-0/data/ratis/cf6c98fd-2117-42c3-9675-5453b5f23477 has been successfully formatted.
2021-11-06 13:09:05,383 [pool-548-thread-1] INFO  ratis.ContainerStateMachine (ContainerStateMachine.java:loadSnapshot(224)) - group-5453B5F23477: The snapshot info is null. Setting the last applied indexto:(t:0, i:~)
2021-11-06 13:09:05,383 [pool-548-thread-1] INFO  server.RaftServerConfigKeys (ConfUtils.java:logGet(44)) - raft.server.notification.no-leader.timeout = 300000ms (custom)
2021-11-06 13:09:05,383 [pool-548-thread-1] INFO  server.RaftServerConfigKeys (ConfUtils.java:logGet(44)) - raft.server.log.use.memory = false (default)
2021-11-06 13:09:05,383 [pool-548-thread-1] INFO  server.RaftServerConfigKeys (ConfUtils.java:logGet(44)) - raft.server.log.purge.gap = 1000000 (custom)
2021-11-06 13:09:05,383 [pool-548-thread-1] INFO  server.RaftServerConfigKeys (ConfUtils.java:logGet(44)) - raft.server.log.appender.buffer.byte-limit = 33554432 (custom)
2021-11-06 13:09:05,383 [pool-548-thread-1] INFO  server.RaftServerConfigKeys (ConfUtils.java:logGet(44)) - raft.server.log.segment.size.max = 1048576 (custom)
2021-11-06 13:09:05,384 [pool-548-thread-1] INFO  server.RaftServerConfigKeys (ConfUtils.java:logGet(44)) - raft.server.log.segment.cache.num.max = 2 (custom)
2021-11-06 13:09:05,384 [pool-548-thread-1] INFO  server.RaftServerConfigKeys (ConfUtils.java:logGet(44)) - raft.server.log.segment.cache.size.max = 200MB (=209715200) (default)
2021-11-06 13:09:05,384 [pool-548-thread-1] INFO  segmented.SegmentedRaftLogWorker (SegmentedRaftLogWorker.java:<init>(182)) - new 41301224-b672-4531-af78-b462410ab6ac@group-5453B5F23477-SegmentedRaftLogWorker for RaftStorageImpl:Storage Directory /home/runner/work/ozone/ozone/hadoop-ozone/integration-test/target/test-dir/MiniOzoneClusterImpl-57fe1d17-8f30-476a-a64a-953d5983e20c/datanode-0/data/ratis/cf6c98fd-2117-42c3-9675-5453b5f23477
2021-11-06 13:09:05,384 [pool-548-thread-1] INFO  server.RaftServerConfigKeys (ConfUtils.java:logGet(44)) - raft.server.log.queue.byte-limit = 2147483647 (custom)
2021-11-06 13:09:05,384 [pool-548-thread-1] INFO  server.RaftServerConfigKeys (ConfUtils.java:logGet(44)) - raft.server.log.queue.element-limit = 1024 (custom)
2021-11-06 13:09:05,384 [pool-548-thread-1] INFO  server.RaftServerConfigKeys (ConfUtils.java:logGet(44)) - raft.server.log.segment.size.max = 1048576 (custom)
2021-11-06 13:09:05,384 [pool-548-thread-1] INFO  server.RaftServerConfigKeys (ConfUtils.java:logGet(44)) - raft.server.log.preallocated.size = 16384 (custom)
2021-11-06 13:09:05,384 [pool-548-thread-1] INFO  server.RaftServerConfigKeys (ConfUtils.java:logGet(44)) - raft.server.log.force.sync.num = 128 (default)
2021-11-06 13:09:05,384 [pool-548-thread-1] INFO  server.RaftServerConfigKeys (ConfUtils.java:logGet(44)) - raft.server.log.statemachine.data.sync = true (default)
2021-11-06 13:09:05,384 [pool-548-thread-1] INFO  server.RaftServerConfigKeys (ConfUtils.java:logGet(44)) - raft.server.log.statemachine.data.sync.timeout = 10s (default)
2021-11-06 13:09:05,384 [pool-548-thread-1] INFO  server.RaftServerConfigKeys (ConfUtils.java:logGet(44)) - raft.server.log.statemachine.data.sync.timeout.retry = -1 (default)
2021-11-06 13:09:05,387 [pool-548-thread-1] INFO  server.RaftServerConfigKeys (ConfUtils.java:logGet(44)) - raft.server.log.write.buffer.size = 1048576 (custom)
2021-11-06 13:09:05,387 [pool-548-thread-1] INFO  server.RaftServerConfigKeys (ConfUtils.java:logGet(44)) - raft.server.log.statemachine.data.caching.enabled = true (custom)
2021-11-06 13:09:05,388 [pool-548-thread-1] INFO  segmented.SegmentedRaftLogWorker (SegmentedRaftLogWorker.java:lambda$new$0(133)) - 41301224-b672-4531-af78-b462410ab6ac@group-5453B5F23477-SegmentedRaftLogWorker: flushIndex: setUnconditionally 0 -> -1
2021-11-06 13:09:05,388 [pool-548-thread-1] INFO  segmented.SegmentedRaftLogWorker (SegmentedRaftLogWorker.java:lambda$new$0(133)) - 41301224-b672-4531-af78-b462410ab6ac@group-5453B5F23477-SegmentedRaftLogWorker: safeCacheEvictIndex: setUnconditionally 0 -> -1
2021-11-06 13:09:05,389 [EventQueue-PipelineReportForPipelineReportHandler] INFO  pipeline.PipelineManagerImpl (PipelineManagerImpl.java:openPipeline(289)) - Pipeline Pipeline[ Id: cf6c98fd-2117-42c3-9675-5453b5f23477, Nodes: 41301224-b672-4531-af78-b462410ab6ac{ip: 10.1.0.11, host: fv-az151-875.yf2hydr00wburbhx3j5hxtcipe.bx.internal.cloudapp.net, ports: [REPLICATION=33157, RATIS=45193, RATIS_ADMIN=45193, RATIS_SERVER=45193, STANDALONE=46151], networkLocation: /default-rack, certSerialId: null, persistedOpState: IN_SERVICE, persistedOpStateExpiryEpochSec: 0}, ReplicationConfig: RATIS/ONE, State:ALLOCATED, leaderId:41301224-b672-4531-af78-b462410ab6ac, CreationTimestamp2021-11-06T13:09:02.392Z[Etc/UTC]] moved to OPEN state
2021-11-06 13:09:05,418 [pool-548-thread-1] INFO  server.RaftServerConfigKeys (ConfUtils.java:logGet(44)) - raft.server.snapshot.auto.trigger.enabled = true (custom)
2021-11-06 13:09:05,418 [pool-548-thread-1] INFO  server.RaftServerConfigKeys (ConfUtils.java:logGet(44)) - raft.server.snapshot.auto.trigger.threshold = 10000 (custom)
2021-11-06 13:09:05,418 [pool-548-thread-1] INFO  server.RaftServerConfigKeys (ConfUtils.java:logGet(44)) - raft.server.snapshot.retention.file.num = 5 (custom)
2021-11-06 13:09:05,418 [pool-548-thread-1] INFO  server.RaftServerConfigKeys (ConfUtils.java:logGet(44)) - raft.server.log.purge.upto.snapshot.index = false (default)
2021-11-06 13:09:05,418 [pool-548-thread-1] INFO  server.RaftServerConfigKeys (ConfUtils.java:logGet(44)) - raft.server.retrycache.expirytime = 600000ms (custom)
2021-11-06 13:09:05,418 [pool-548-thread-1] INFO  server.RaftServerConfigKeys (ConfUtils.java:logGet(44)) - raft.server.retrycache.statistics.expirytime = 100μs (default)
2021-11-06 13:09:05,420 [pool-548-thread-1] INFO  server.RaftServer$Division (RaftServerImpl.java:start(301)) - 41301224-b672-4531-af78-b462410ab6ac@group-5453B5F23477: start as a follower, conf=-1: [41301224-b672-4531-af78-b462410ab6ac|rpc:10.1.0.11:45193|priority:1], old=null
2021-11-06 13:09:05,421 [pool-548-thread-1] INFO  server.RaftServer$Division (RaftServerImpl.java:setRole(290)) - 41301224-b672-4531-af78-b462410ab6ac@group-5453B5F23477: changes role from      null to FOLLOWER at term 0 for startAsFollower
2021-11-06 13:09:05,421 [pool-548-thread-1] INFO  impl.RoleInfo (RoleInfo.java:updateAndGet(130)) - 41301224-b672-4531-af78-b462410ab6ac: start 41301224-b672-4531-af78-b462410ab6ac@group-5453B5F23477-FollowerState
2021-11-06 13:09:05,424 [pool-548-thread-1] INFO  util.JmxRegister (JmxRegister.java:tryRegister(44)) - Successfully registered JMX Bean with object name Ratis:service=RaftServer,group=group-5453B5F23477,id=41301224-b672-4531-af78-b462410ab6ac
2021-11-06 13:09:05,435 [Command processor thread] INFO  ratis.XceiverServerRatis (XceiverServerRatis.java:addGroup(768)) - Created group PipelineID=cf6c98fd-2117-42c3-9675-5453b5f23477
2021-11-06 13:09:05,435 [Command processor thread] INFO  commandhandler.CreatePipelineCommandHandler (CreatePipelineCommandHandler.java:handle(106)) - Created Pipeline RATIS ONE PipelineID=cf6c98fd-2117-42c3-9675-5453b5f23477.
2021-11-06 13:09:05,436 [Command processor thread] INFO  server.RaftServer (RaftServerProxy.java:addNew(95)) - 41301224-b672-4531-af78-b462410ab6ac: addNew group-950F038C74EB:[4d122ed7-1d51-49b3-a564-9cc0800ef9b5|rpc:10.1.0.11:44073|priority:1, 414c08ff-7683-4e40-9ba7-4aaff37af58e|rpc:10.1.0.11:42123|priority:0, 41301224-b672-4531-af78-b462410ab6ac|rpc:10.1.0.11:45193|priority:0] returns group-950F038C74EB:java.util.concurrent.CompletableFuture@758d019a[Not completed]
2021-11-06 13:09:05,436 [pool-548-thread-1] INFO  server.RaftServer$Division (RaftServerImpl.java:<init>(184)) - 41301224-b672-4531-af78-b462410ab6ac: new RaftServerImpl for group-950F038C74EB:[4d122ed7-1d51-49b3-a564-9cc0800ef9b5|rpc:10.1.0.11:44073|priority:1, 414c08ff-7683-4e40-9ba7-4aaff37af58e|rpc:10.1.0.11:42123|priority:0, 41301224-b672-4531-af78-b462410ab6ac|rpc:10.1.0.11:45193|priority:0] with ContainerStateMachine:uninitialized
2021-11-06 13:09:05,437 [pool-548-thread-1] INFO  server.RaftServerConfigKeys (ConfUtils.java:logGet(44)) - raft.server.rpc.timeout.min = 5s (custom)
2021-11-06 13:09:05,437 [pool-548-thread-1] INFO  server.RaftServerConfigKeys (ConfUtils.java:logGet(44)) - raft.server.rpc.timeout.max = 5200ms (custom)
2021-11-06 13:09:05,437 [pool-548-thread-1] INFO  server.RaftServerConfigKeys (ConfUtils.java:logGet(44)) - raft.server.rpc.sleep.time = 25ms (default)
2021-11-06 13:09:05,437 [pool-548-thread-1] INFO  server.RaftServerConfigKeys (ConfUtils.java:logGet(44)) - raft.server.rpc.slowness.timeout = 300000ms (custom)
2021-11-06 13:09:05,437 [pool-548-thread-1] INFO  server.RaftServerConfigKeys (ConfUtils.java:logGet(44)) - raft.server.leaderelection.leader.step-down.wait-time = 10s (default)
2021-11-06 13:09:05,437 [pool-548-thread-1] INFO  server.RaftServerConfigKeys (ConfUtils.java:logGet(44)) - raft.server.sleep.deviation.threshold = 300ms (default)
2021-11-06 13:09:05,437 [pool-548-thread-1] INFO  server.RaftServerConfigKeys (ConfUtils.java:logGet(44)) - raft.server.log.appender.install.snapshot.enabled = false (custom)
2021-11-06 13:09:05,437 [pool-548-thread-1] INFO  server.RaftServer$Division (ServerState.java:<init>(105)) - 41301224-b672-4531-af78-b462410ab6ac@group-950F038C74EB: ConfigurationManager, init=-1: [4d122ed7-1d51-49b3-a564-9cc0800ef9b5|rpc:10.1.0.11:44073|priority:1, 414c08ff-7683-4e40-9ba7-4aaff37af58e|rpc:10.1.0.11:42123|priority:0, 41301224-b672-4531-af78-b462410ab6ac|rpc:10.1.0.11:45193|priority:0], old=null, confs=<EMPTY_MAP>
2021-11-06 13:09:05,437 [pool-548-thread-1] INFO  server.RaftServerConfigKeys (ConfUtils.java:logGet(44)) - raft.server.storage.dir = [/home/runner/work/ozone/ozone/hadoop-ozone/integration-test/target/test-dir/MiniOzoneClusterImpl-57fe1d17-8f30-476a-a64a-953d5983e20c/datanode-0/data/ratis] (custom)
2021-11-06 13:09:05,437 [pool-548-thread-1] INFO  server.RaftServerConfigKeys (ConfUtils.java:logGet(44)) - raft.server.log.corruption.policy = EXCEPTION (default)
2021-11-06 13:09:05,437 [pool-548-thread-1] INFO  server.RaftServerConfigKeys (ConfUtils.java:logGet(44)) - raft.server.storage.free-space.min = 0MB (=0) (default)
2021-11-06 13:09:05,437 [pool-548-thread-1] INFO  storage.RaftStorageDirectory (RaftStorageDirectoryImpl.java:analyzeStorage(135)) - The storage directory /home/runner/work/ozone/ozone/hadoop-ozone/integration-test/target/test-dir/MiniOzoneClusterImpl-57fe1d17-8f30-476a-a64a-953d5983e20c/datanode-0/data/ratis/d5cfb98d-9438-4c94-ae89-950f038c74eb does not exist. Creating ...
2021-11-06 13:09:05,441 [pool-548-thread-1] INFO  storage.RaftStorageDirectory (RaftStorageDirectoryImpl.java:tryLock(230)) - Lock on /home/runner/work/ozone/ozone/hadoop-ozone/integration-test/target/test-dir/MiniOzoneClusterImpl-57fe1d17-8f30-476a-a64a-953d5983e20c/datanode-0/data/ratis/d5cfb98d-9438-4c94-ae89-950f038c74eb/in_use.lock acquired by nodename 21237@fv-az151-875
2021-11-06 13:09:05,451 [pool-548-thread-1] INFO  storage.RaftStorage (RaftStorageImpl.java:format(89)) - Storage directory /home/runner/work/ozone/ozone/hadoop-ozone/integration-test/target/test-dir/MiniOzoneClusterImpl-57fe1d17-8f30-476a-a64a-953d5983e20c/datanode-0/data/ratis/d5cfb98d-9438-4c94-ae89-950f038c74eb has been successfully formatted.
2021-11-06 13:09:05,451 [pool-548-thread-1] INFO  ratis.ContainerStateMachine (ContainerStateMachine.java:loadSnapshot(224)) - group-950F038C74EB: The snapshot info is null. Setting the last applied indexto:(t:0, i:~)
2021-11-06 13:09:05,451 [pool-548-thread-1] INFO  server.RaftServerConfigKeys (ConfUtils.java:logGet(44)) - raft.server.notification.no-leader.timeout = 300000ms (custom)
2021-11-06 13:09:05,451 [pool-548-thread-1] INFO  server.RaftServerConfigKeys (ConfUtils.java:logGet(44)) - raft.server.log.use.memory = false (default)
2021-11-06 13:09:05,451 [pool-548-thread-1] INFO  server.RaftServerConfigKeys (ConfUtils.java:logGet(44)) - raft.server.log.purge.gap = 1000000 (custom)
2021-11-06 13:09:05,451 [pool-548-thread-1] INFO  server.RaftServerConfigKeys (ConfUtils.java:logGet(44)) - raft.server.log.appender.buffer.byte-limit = 33554432 (custom)
2021-11-06 13:09:05,452 [pool-548-thread-1] INFO  server.RaftServerConfigKeys (ConfUtils.java:logGet(44)) - raft.server.log.segment.size.max = 1048576 (custom)
2021-11-06 13:09:05,452 [pool-548-thread-1] INFO  server.RaftServerConfigKeys (ConfUtils.java:logGet(44)) - raft.server.log.segment.cache.num.max = 2 (custom)
2021-11-06 13:09:05,452 [pool-548-thread-1] INFO  server.RaftServerConfigKeys (ConfUtils.java:logGet(44)) - raft.server.log.segment.cache.size.max = 200MB (=209715200) (default)
2021-11-06 13:09:05,452 [pool-548-thread-1] INFO  segmented.SegmentedRaftLogWorker (SegmentedRaftLogWorker.java:<init>(182)) - new 41301224-b672-4531-af78-b462410ab6ac@group-950F038C74EB-SegmentedRaftLogWorker for RaftStorageImpl:Storage Directory /home/runner/work/ozone/ozone/hadoop-ozone/integration-test/target/test-dir/MiniOzoneClusterImpl-57fe1d17-8f30-476a-a64a-953d5983e20c/datanode-0/data/ratis/d5cfb98d-9438-4c94-ae89-950f038c74eb
2021-11-06 13:09:05,452 [pool-548-thread-1] INFO  server.RaftServerConfigKeys (ConfUtils.java:logGet(44)) - raft.server.log.queue.byte-limit = 2147483647 (custom)
2021-11-06 13:09:05,452 [pool-548-thread-1] INFO  server.RaftServerConfigKeys (ConfUtils.java:logGet(44)) - raft.server.log.queue.element-limit = 1024 (custom)
2021-11-06 13:09:05,453 [pool-548-thread-1] INFO  server.RaftServerConfigKeys (ConfUtils.java:logGet(44)) - raft.server.log.segment.size.max = 1048576 (custom)
2021-11-06 13:09:05,453 [pool-548-thread-1] INFO  server.RaftServerConfigKeys (ConfUtils.java:logGet(44)) - raft.server.log.preallocated.size = 16384 (custom)
2021-11-06 13:09:05,453 [pool-548-thread-1] INFO  server.RaftServerConfigKeys (ConfUtils.java:logGet(44)) - raft.server.log.force.sync.num = 128 (default)
2021-11-06 13:09:05,453 [pool-548-thread-1] INFO  server.RaftServerConfigKeys (ConfUtils.java:logGet(44)) - raft.server.log.statemachine.data.sync = true (default)
2021-11-06 13:09:05,453 [pool-548-thread-1] INFO  server.RaftServerConfigKeys (ConfUtils.java:logGet(44)) - raft.server.log.statemachine.data.sync.timeout = 10s (default)
2021-11-06 13:09:05,453 [pool-548-thread-1] INFO  server.RaftServerConfigKeys (ConfUtils.java:logGet(44)) - raft.server.log.statemachine.data.sync.timeout.retry = -1 (default)
2021-11-06 13:09:05,454 [pool-548-thread-1] INFO  server.RaftServerConfigKeys (ConfUtils.java:logGet(44)) - raft.server.log.write.buffer.size = 1048576 (custom)
2021-11-06 13:09:05,451 [EventQueue-OpenPipelineForHealthyPipelineSafeModeRule] INFO  safemode.SCMSafeModeManager (HealthyPipelineSafeModeRule.java:process(124)) - SCM in safe mode. Healthy pipelines reported count is 0, required healthy pipeline reported count is 1
2021-11-06 13:09:05,455 [EventQueue-OpenPipelineForHealthyPipelineSafeModeRule] INFO  safemode.SCMSafeModeManager (HealthyPipelineSafeModeRule.java:process(124)) - SCM in safe mode. Healthy pipelines reported count is 0, required healthy pipeline reported count is 1
2021-11-06 13:09:05,461 [pool-548-thread-1] INFO  server.RaftServerConfigKeys (ConfUtils.java:logGet(44)) - raft.server.log.statemachine.data.caching.enabled = true (custom)
2021-11-06 13:09:05,461 [pool-548-thread-1] INFO  segmented.SegmentedRaftLogWorker (SegmentedRaftLogWorker.java:lambda$new$0(133)) - 41301224-b672-4531-af78-b462410ab6ac@group-950F038C74EB-SegmentedRaftLogWorker: flushIndex: setUnconditionally 0 -> -1
2021-11-06 13:09:05,461 [pool-548-thread-1] INFO  segmented.SegmentedRaftLogWorker (SegmentedRaftLogWorker.java:lambda$new$0(133)) - 41301224-b672-4531-af78-b462410ab6ac@group-950F038C74EB-SegmentedRaftLogWorker: safeCacheEvictIndex: setUnconditionally 0 -> -1
2021-11-06 13:09:05,462 [pool-548-thread-1] INFO  server.RaftServerConfigKeys (ConfUtils.java:logGet(44)) - raft.server.snapshot.auto.trigger.enabled = true (custom)
2021-11-06 13:09:05,462 [pool-548-thread-1] INFO  server.RaftServerConfigKeys (ConfUtils.java:logGet(44)) - raft.server.snapshot.auto.trigger.threshold = 10000 (custom)
2021-11-06 13:09:05,462 [pool-548-thread-1] INFO  server.RaftServerConfigKeys (ConfUtils.java:logGet(44)) - raft.server.snapshot.retention.file.num = 5 (custom)
2021-11-06 13:09:05,462 [pool-548-thread-1] INFO  server.RaftServerConfigKeys (ConfUtils.java:logGet(44)) - raft.server.log.purge.upto.snapshot.index = false (default)
2021-11-06 13:09:05,462 [pool-548-thread-1] INFO  server.RaftServerConfigKeys (ConfUtils.java:logGet(44)) - raft.server.retrycache.expirytime = 600000ms (custom)
2021-11-06 13:09:05,462 [pool-548-thread-1] INFO  server.RaftServerConfigKeys (ConfUtils.java:logGet(44)) - raft.server.retrycache.statistics.expirytime = 100μs (default)
2021-11-06 13:09:05,464 [pool-548-thread-1] INFO  server.RaftServer$Division (RaftServerImpl.java:start(301)) - 41301224-b672-4531-af78-b462410ab6ac@group-950F038C74EB: start as a follower, conf=-1: [4d122ed7-1d51-49b3-a564-9cc0800ef9b5|rpc:10.1.0.11:44073|priority:1, 414c08ff-7683-4e40-9ba7-4aaff37af58e|rpc:10.1.0.11:42123|priority:0, 41301224-b672-4531-af78-b462410ab6ac|rpc:10.1.0.11:45193|priority:0], old=null
2021-11-06 13:09:05,465 [pool-548-thread-1] INFO  server.RaftServer$Division (RaftServerImpl.java:setRole(290)) - 41301224-b672-4531-af78-b462410ab6ac@group-950F038C74EB: changes role from      null to FOLLOWER at term 0 for startAsFollower
2021-11-06 13:09:05,465 [pool-548-thread-1] INFO  impl.RoleInfo (RoleInfo.java:updateAndGet(130)) - 41301224-b672-4531-af78-b462410ab6ac: start 41301224-b672-4531-af78-b462410ab6ac@group-950F038C74EB-FollowerState
2021-11-06 13:09:05,465 [pool-548-thread-1] INFO  util.JmxRegister (JmxRegister.java:tryRegister(44)) - Successfully registered JMX Bean with object name Ratis:service=RaftServer,group=group-950F038C74EB,id=41301224-b672-4531-af78-b462410ab6ac
2021-11-06 13:09:05,475 [Command processor thread] INFO  ratis.XceiverServerRatis (XceiverServerRatis.java:addGroup(768)) - Created group PipelineID=d5cfb98d-9438-4c94-ae89-950f038c74eb
2021-11-06 13:09:05,503 [grpc-default-executor-3] INFO  server.RaftServer (RaftServerProxy.java:addNew(95)) - 414c08ff-7683-4e40-9ba7-4aaff37af58e: addNew group-950F038C74EB:[4d122ed7-1d51-49b3-a564-9cc0800ef9b5|rpc:10.1.0.11:44073|dataStream:|priority:1, 414c08ff-7683-4e40-9ba7-4aaff37af58e|rpc:10.1.0.11:42123|dataStream:|priority:0, 41301224-b672-4531-af78-b462410ab6ac|rpc:10.1.0.11:45193|dataStream:|priority:0] returns group-950F038C74EB:java.util.concurrent.CompletableFuture@e89e0a2[Not completed]
2021-11-06 13:09:05,507 [IPC Server handler 9 on default port 46119] INFO  net.NetworkTopologyImpl (NetworkTopologyImpl.java:add(112)) - Added a new node: /default-rack/ca2e1dc9-8c7f-42bc-b6bd-0370d79258f9
2021-11-06 13:09:05,507 [IPC Server handler 9 on default port 46119] INFO  node.SCMNodeManager (SCMNodeManager.java:register(389)) - Registered Data node : ca2e1dc9-8c7f-42bc-b6bd-0370d79258f9{ip: 10.1.0.11, host: fv-az151-875.yf2hydr00wburbhx3j5hxtcipe.bx.internal.cloudapp.net, ports: [REPLICATION=42051, RATIS=38687, RATIS_ADMIN=38687, RATIS_SERVER=38687, STANDALONE=41431], networkLocation: /default-rack, certSerialId: null, persistedOpState: null, persistedOpStateExpiryEpochSec: 0}
2021-11-06 13:09:05,507 [EventQueue-NewNodeForNewNodeHandler] INFO  pipeline.BackgroundPipelineCreator (BackgroundPipelineCreator.java:notifyEventTriggered(285)) - trigger a one-shot run on RatisPipelineUtilsThread.
2021-11-06 13:09:05,513 [pool-567-thread-1] INFO  server.RaftServer$Division (RaftServerImpl.java:<init>(184)) - 414c08ff-7683-4e40-9ba7-4aaff37af58e: new RaftServerImpl for group-950F038C74EB:[4d122ed7-1d51-49b3-a564-9cc0800ef9b5|rpc:10.1.0.11:44073|dataStream:|priority:1, 414c08ff-7683-4e40-9ba7-4aaff37af58e|rpc:10.1.0.11:42123|dataStream:|priority:0, 41301224-b672-4531-af78-b462410ab6ac|rpc:10.1.0.11:45193|dataStream:|priority:0] with ContainerStateMachine:uninitialized
2021-11-06 13:09:05,513 [pool-567-thread-1] INFO  server.RaftServerConfigKeys (ConfUtils.java:logGet(44)) - raft.server.rpc.timeout.min = 5s (custom)
2021-11-06 13:09:05,513 [pool-567-thread-1] INFO  server.RaftServerConfigKeys (ConfUtils.java:logGet(44)) - raft.server.rpc.timeout.max = 5200ms (custom)
2021-11-06 13:09:05,513 [pool-567-thread-1] INFO  server.RaftServerConfigKeys (ConfUtils.java:logGet(44)) - raft.server.rpc.sleep.time = 25ms (default)
2021-11-06 13:09:05,513 [pool-567-thread-1] INFO  server.RaftServerConfigKeys (ConfUtils.java:logGet(44)) - raft.server.rpc.slowness.timeout = 300000ms (custom)
2021-11-06 13:09:05,513 [pool-567-thread-1] INFO  server.RaftServerConfigKeys (ConfUtils.java:logGet(44)) - raft.server.leaderelection.leader.step-down.wait-time = 10s (default)
2021-11-06 13:09:05,513 [pool-567-thread-1] INFO  server.RaftServerConfigKeys (ConfUtils.java:logGet(44)) - raft.server.sleep.deviation.threshold = 300ms (default)
2021-11-06 13:09:05,514 [pool-567-thread-1] INFO  server.RaftServerConfigKeys (ConfUtils.java:logGet(44)) - raft.server.log.appender.install.snapshot.enabled = false (custom)
2021-11-06 13:09:05,514 [pool-567-thread-1] INFO  server.RaftServer$Division (ServerState.java:<init>(105)) - 414c08ff-7683-4e40-9ba7-4aaff37af58e@group-950F038C74EB: ConfigurationManager, init=-1: [4d122ed7-1d51-49b3-a564-9cc0800ef9b5|rpc:10.1.0.11:44073|dataStream:|priority:1, 414c08ff-7683-4e40-9ba7-4aaff37af58e|rpc:10.1.0.11:42123|dataStream:|priority:0, 41301224-b672-4531-af78-b462410ab6ac|rpc:10.1.0.11:45193|dataStream:|priority:0], old=null, confs=<EMPTY_MAP>
2021-11-06 13:09:05,514 [pool-567-thread-1] INFO  server.RaftServerConfigKeys (ConfUtils.java:logGet(44)) - raft.server.storage.dir = [/home/runner/work/ozone/ozone/hadoop-ozone/integration-test/target/test-dir/MiniOzoneClusterImpl-57fe1d17-8f30-476a-a64a-953d5983e20c/datanode-1/data/ratis] (custom)
2021-11-06 13:09:05,524 [RatisPipelineUtilsThread - 0] INFO  pipeline.RatisPipelineProvider (RatisPipelineProvider.java:lambda$create$0(183)) - Sending CreatePipelineCommand for pipeline:PipelineID=f87f9722-8996-4b04-814c-705a195ee02e to datanode:ca2e1dc9-8c7f-42bc-b6bd-0370d79258f9
2021-11-06 13:09:05,525 [RatisPipelineUtilsThread - 0] INFO  pipeline.PipelineStateManagerImpl (PipelineStateManagerImpl.java:addPipeline(101)) - Created pipeline Pipeline[ Id: f87f9722-8996-4b04-814c-705a195ee02e, Nodes: ca2e1dc9-8c7f-42bc-b6bd-0370d79258f9{ip: 10.1.0.11, host: fv-az151-875.yf2hydr00wburbhx3j5hxtcipe.bx.internal.cloudapp.net, ports: [REPLICATION=42051, RATIS=38687, RATIS_ADMIN=38687, RATIS_SERVER=38687, STANDALONE=41431], networkLocation: /default-rack, certSerialId: null, persistedOpState: IN_SERVICE, persistedOpStateExpiryEpochSec: 0}, ReplicationConfig: RATIS/ONE, State:ALLOCATED, leaderId:, CreationTimestamp2021-11-06T13:09:05.524Z[Etc/UTC]].
2021-11-06 13:09:05,525 [pool-567-thread-1] INFO  server.RaftServerConfigKeys (ConfUtils.java:logGet(44)) - raft.server.log.corruption.policy = EXCEPTION (default)
2021-11-06 13:09:05,526 [pool-567-thread-1] INFO  server.RaftServerConfigKeys (ConfUtils.java:logGet(44)) - raft.server.storage.free-space.min = 0MB (=0) (default)
2021-11-06 13:09:05,526 [pool-567-thread-1] INFO  storage.RaftStorageDirectory (RaftStorageDirectoryImpl.java:analyzeStorage(135)) - The storage directory /home/runner/work/ozone/ozone/hadoop-ozone/integration-test/target/test-dir/MiniOzoneClusterImpl-57fe1d17-8f30-476a-a64a-953d5983e20c/datanode-1/data/ratis/d5cfb98d-9438-4c94-ae89-950f038c74eb does not exist. Creating ...
2021-11-06 13:09:05,532 [pool-567-thread-1] INFO  storage.RaftStorageDirectory (RaftStorageDirectoryImpl.java:tryLock(230)) - Lock on /home/runner/work/ozone/ozone/hadoop-ozone/integration-test/target/test-dir/MiniOzoneClusterImpl-57fe1d17-8f30-476a-a64a-953d5983e20c/datanode-1/data/ratis/d5cfb98d-9438-4c94-ae89-950f038c74eb/in_use.lock acquired by nodename 21237@fv-az151-875
2021-11-06 13:09:05,536 [pool-567-thread-1] INFO  storage.RaftStorage (RaftStorageImpl.java:format(89)) - Storage directory /home/runner/work/ozone/ozone/hadoop-ozone/integration-test/target/test-dir/MiniOzoneClusterImpl-57fe1d17-8f30-476a-a64a-953d5983e20c/datanode-1/data/ratis/d5cfb98d-9438-4c94-ae89-950f038c74eb has been successfully formatted.
2021-11-06 13:09:05,569 [pool-567-thread-1] INFO  ratis.ContainerStateMachine (ContainerStateMachine.java:loadSnapshot(224)) - group-950F038C74EB: The snapshot info is null. Setting the last applied indexto:(t:0, i:~)
2021-11-06 13:09:05,570 [pool-567-thread-1] INFO  server.RaftServerConfigKeys (ConfUtils.java:logGet(44)) - raft.server.notification.no-leader.timeout = 300000ms (custom)
2021-11-06 13:09:05,570 [pool-567-thread-1] INFO  server.RaftServerConfigKeys (ConfUtils.java:logGet(44)) - raft.server.log.use.memory = false (default)
2021-11-06 13:09:05,570 [pool-567-thread-1] INFO  server.RaftServerConfigKeys (ConfUtils.java:logGet(44)) - raft.server.log.purge.gap = 1000000 (custom)
2021-11-06 13:09:05,570 [pool-567-thread-1] INFO  server.RaftServerConfigKeys (ConfUtils.java:logGet(44)) - raft.server.log.appender.buffer.byte-limit = 33554432 (custom)
2021-11-06 13:09:05,598 [pool-567-thread-1] INFO  server.RaftServerConfigKeys (ConfUtils.java:logGet(44)) - raft.server.log.segment.size.max = 1048576 (custom)
2021-11-06 13:09:05,615 [pool-567-thread-1] INFO  server.RaftServerConfigKeys (ConfUtils.java:logGet(44)) - raft.server.log.segment.cache.num.max = 2 (custom)
2021-11-06 13:09:05,616 [pool-567-thread-1] INFO  server.RaftServerConfigKeys (ConfUtils.java:logGet(44)) - raft.server.log.segment.cache.size.max = 200MB (=209715200) (default)
2021-11-06 13:09:05,616 [pool-567-thread-1] INFO  segmented.SegmentedRaftLogWorker (SegmentedRaftLogWorker.java:<init>(182)) - new 414c08ff-7683-4e40-9ba7-4aaff37af58e@group-950F038C74EB-SegmentedRaftLogWorker for RaftStorageImpl:Storage Directory /home/runner/work/ozone/ozone/hadoop-ozone/integration-test/target/test-dir/MiniOzoneClusterImpl-57fe1d17-8f30-476a-a64a-953d5983e20c/datanode-1/data/ratis/d5cfb98d-9438-4c94-ae89-950f038c74eb
2021-11-06 13:09:05,616 [pool-567-thread-1] INFO  server.RaftServerConfigKeys (ConfUtils.java:logGet(44)) - raft.server.log.queue.byte-limit = 2147483647 (custom)
2021-11-06 13:09:05,616 [pool-567-thread-1] INFO  server.RaftServerConfigKeys (ConfUtils.java:logGet(44)) - raft.server.log.queue.element-limit = 1024 (custom)
2021-11-06 13:09:05,616 [pool-567-thread-1] INFO  server.RaftServerConfigKeys (ConfUtils.java:logGet(44)) - raft.server.log.segment.size.max = 1048576 (custom)
2021-11-06 13:09:05,616 [pool-567-thread-1] INFO  server.RaftServerConfigKeys (ConfUtils.java:logGet(44)) - raft.server.log.preallocated.size = 16384 (custom)
2021-11-06 13:09:05,617 [pool-567-thread-1] INFO  server.RaftServerConfigKeys (ConfUtils.java:logGet(44)) - raft.server.log.force.sync.num = 128 (default)
2021-11-06 13:09:05,617 [pool-567-thread-1] INFO  server.RaftServerConfigKeys (ConfUtils.java:logGet(44)) - raft.server.log.statemachine.data.sync = true (default)
2021-11-06 13:09:05,617 [pool-567-thread-1] INFO  server.RaftServerConfigKeys (ConfUtils.java:logGet(44)) - raft.server.log.statemachine.data.sync.timeout = 10s (default)
2021-11-06 13:09:05,617 [pool-567-thread-1] INFO  server.RaftServerConfigKeys (ConfUtils.java:logGet(44)) - raft.server.log.statemachine.data.sync.timeout.retry = -1 (default)
2021-11-06 13:09:05,621 [pool-567-thread-1] INFO  server.RaftServerConfigKeys (ConfUtils.java:logGet(44)) - raft.server.log.write.buffer.size = 1048576 (custom)
2021-11-06 13:09:05,623 [pool-567-thread-1] INFO  server.RaftServerConfigKeys (ConfUtils.java:logGet(44)) - raft.server.log.statemachine.data.caching.enabled = true (custom)
2021-11-06 13:09:05,623 [pool-567-thread-1] INFO  segmented.SegmentedRaftLogWorker (SegmentedRaftLogWorker.java:lambda$new$0(133)) - 414c08ff-7683-4e40-9ba7-4aaff37af58e@group-950F038C74EB-SegmentedRaftLogWorker: flushIndex: setUnconditionally 0 -> -1
2021-11-06 13:09:05,623 [pool-567-thread-1] INFO  segmented.SegmentedRaftLogWorker (SegmentedRaftLogWorker.java:lambda$new$0(133)) - 414c08ff-7683-4e40-9ba7-4aaff37af58e@group-950F038C74EB-SegmentedRaftLogWorker: safeCacheEvictIndex: setUnconditionally 0 -> -1
2021-11-06 13:09:05,632 [pool-567-thread-1] INFO  server.RaftServerConfigKeys (ConfUtils.java:logGet(44)) - raft.server.snapshot.auto.trigger.enabled = true (custom)
2021-11-06 13:09:05,632 [pool-567-thread-1] INFO  server.RaftServerConfigKeys (ConfUtils.java:logGet(44)) - raft.server.snapshot.auto.trigger.threshold = 10000 (custom)
2021-11-06 13:09:05,633 [pool-567-thread-1] INFO  server.RaftServerConfigKeys (ConfUtils.java:logGet(44)) - raft.server.snapshot.retention.file.num = 5 (custom)
2021-11-06 13:09:05,633 [pool-567-thread-1] INFO  server.RaftServerConfigKeys (ConfUtils.java:logGet(44)) - raft.server.log.purge.upto.snapshot.index = false (default)
2021-11-06 13:09:05,633 [pool-567-thread-1] INFO  server.RaftServerConfigKeys (ConfUtils.java:logGet(44)) - raft.server.retrycache.expirytime = 600000ms (custom)
2021-11-06 13:09:05,633 [pool-567-thread-1] INFO  server.RaftServerConfigKeys (ConfUtils.java:logGet(44)) - raft.server.retrycache.statistics.expirytime = 100μs (default)
2021-11-06 13:09:05,635 [pool-567-thread-1] INFO  server.RaftServer$Division (RaftServerImpl.java:start(301)) - 414c08ff-7683-4e40-9ba7-4aaff37af58e@group-950F038C74EB: start as a follower, conf=-1: [4d122ed7-1d51-49b3-a564-9cc0800ef9b5|rpc:10.1.0.11:44073|dataStream:|priority:1, 414c08ff-7683-4e40-9ba7-4aaff37af58e|rpc:10.1.0.11:42123|dataStream:|priority:0, 41301224-b672-4531-af78-b462410ab6ac|rpc:10.1.0.11:45193|dataStream:|priority:0], old=null
2021-11-06 13:09:05,636 [pool-567-thread-1] INFO  server.RaftServer$Division (RaftServerImpl.java:setRole(290)) - 414c08ff-7683-4e40-9ba7-4aaff37af58e@group-950F038C74EB: changes role from      null to FOLLOWER at term 0 for startAsFollower
2021-11-06 13:09:05,636 [pool-567-thread-1] INFO  impl.RoleInfo (RoleInfo.java:updateAndGet(130)) - 414c08ff-7683-4e40-9ba7-4aaff37af58e: start 414c08ff-7683-4e40-9ba7-4aaff37af58e@group-950F038C74EB-FollowerState
2021-11-06 13:09:05,636 [pool-567-thread-1] INFO  util.JmxRegister (JmxRegister.java:tryRegister(44)) - Successfully registered JMX Bean with object name Ratis:service=RaftServer,group=group-950F038C74EB,id=414c08ff-7683-4e40-9ba7-4aaff37af58e
2021-11-06 13:09:05,711 [grpc-default-executor-3] INFO  server.RaftServer (RaftServerProxy.java:addNew(95)) - 4d122ed7-1d51-49b3-a564-9cc0800ef9b5: addNew group-950F038C74EB:[4d122ed7-1d51-49b3-a564-9cc0800ef9b5|rpc:10.1.0.11:44073|dataStream:|priority:1, 414c08ff-7683-4e40-9ba7-4aaff37af58e|rpc:10.1.0.11:42123|dataStream:|priority:0, 41301224-b672-4531-af78-b462410ab6ac|rpc:10.1.0.11:45193|dataStream:|priority:0] returns group-950F038C74EB:java.util.concurrent.CompletableFuture@6a93d666[Not completed]
2021-11-06 13:09:05,742 [pool-586-thread-1] INFO  server.RaftServer$Division (RaftServerImpl.java:<init>(184)) - 4d122ed7-1d51-49b3-a564-9cc0800ef9b5: new RaftServerImpl for group-950F038C74EB:[4d122ed7-1d51-49b3-a564-9cc0800ef9b5|rpc:10.1.0.11:44073|dataStream:|priority:1, 414c08ff-7683-4e40-9ba7-4aaff37af58e|rpc:10.1.0.11:42123|dataStream:|priority:0, 41301224-b672-4531-af78-b462410ab6ac|rpc:10.1.0.11:45193|dataStream:|priority:0] with ContainerStateMachine:uninitialized
2021-11-06 13:09:05,742 [pool-586-thread-1] INFO  server.RaftServerConfigKeys (ConfUtils.java:logGet(44)) - raft.server.rpc.timeout.min = 5s (custom)
2021-11-06 13:09:05,742 [pool-586-thread-1] INFO  server.RaftServerConfigKeys (ConfUtils.java:logGet(44)) - raft.server.rpc.timeout.max = 5200ms (custom)
2021-11-06 13:09:05,742 [pool-586-thread-1] INFO  server.RaftServerConfigKeys (ConfUtils.java:logGet(44)) - raft.server.rpc.sleep.time = 25ms (default)
2021-11-06 13:09:05,751 [pool-586-thread-1] INFO  server.RaftServerConfigKeys (ConfUtils.java:logGet(44)) - raft.server.rpc.slowness.timeout = 300000ms (custom)
2021-11-06 13:09:05,751 [pool-586-thread-1] INFO  server.RaftServerConfigKeys (ConfUtils.java:logGet(44)) - raft.server.leaderelection.leader.step-down.wait-time = 10s (default)
2021-11-06 13:09:05,751 [pool-586-thread-1] INFO  server.RaftServerConfigKeys (ConfUtils.java:logGet(44)) - raft.server.sleep.deviation.threshold = 300ms (default)
2021-11-06 13:09:05,751 [pool-586-thread-1] INFO  server.RaftServerConfigKeys (ConfUtils.java:logGet(44)) - raft.server.log.appender.install.snapshot.enabled = false (custom)
2021-11-06 13:09:05,751 [pool-586-thread-1] INFO  server.RaftServer$Division (ServerState.java:<init>(105)) - 4d122ed7-1d51-49b3-a564-9cc0800ef9b5@group-950F038C74EB: ConfigurationManager, init=-1: [4d122ed7-1d51-49b3-a564-9cc0800ef9b5|rpc:10.1.0.11:44073|dataStream:|priority:1, 414c08ff-7683-4e40-9ba7-4aaff37af58e|rpc:10.1.0.11:42123|dataStream:|priority:0, 41301224-b672-4531-af78-b462410ab6ac|rpc:10.1.0.11:45193|dataStream:|priority:0], old=null, confs=<EMPTY_MAP>
2021-11-06 13:09:05,751 [pool-586-thread-1] INFO  server.RaftServerConfigKeys (ConfUtils.java:logGet(44)) - raft.server.storage.dir = [/home/runner/work/ozone/ozone/hadoop-ozone/integration-test/target/test-dir/MiniOzoneClusterImpl-57fe1d17-8f30-476a-a64a-953d5983e20c/datanode-2/data/ratis] (custom)
2021-11-06 13:09:05,751 [pool-586-thread-1] INFO  server.RaftServerConfigKeys (ConfUtils.java:logGet(44)) - raft.server.log.corruption.policy = EXCEPTION (default)
2021-11-06 13:09:05,751 [pool-586-thread-1] INFO  server.RaftServerConfigKeys (ConfUtils.java:logGet(44)) - raft.server.storage.free-space.min = 0MB (=0) (default)
2021-11-06 13:09:05,752 [pool-586-thread-1] INFO  storage.RaftStorageDirectory (RaftStorageDirectoryImpl.java:analyzeStorage(135)) - The storage directory /home/runner/work/ozone/ozone/hadoop-ozone/integration-test/target/test-dir/MiniOzoneClusterImpl-57fe1d17-8f30-476a-a64a-953d5983e20c/datanode-2/data/ratis/d5cfb98d-9438-4c94-ae89-950f038c74eb does not exist. Creating ...
2021-11-06 13:09:05,756 [pool-586-thread-1] INFO  storage.RaftStorageDirectory (RaftStorageDirectoryImpl.java:tryLock(230)) - Lock on /home/runner/work/ozone/ozone/hadoop-ozone/integration-test/target/test-dir/MiniOzoneClusterImpl-57fe1d17-8f30-476a-a64a-953d5983e20c/datanode-2/data/ratis/d5cfb98d-9438-4c94-ae89-950f038c74eb/in_use.lock acquired by nodename 21237@fv-az151-875
2021-11-06 13:09:05,759 [pool-586-thread-1] INFO  storage.RaftStorage (RaftStorageImpl.java:format(89)) - Storage directory /home/runner/work/ozone/ozone/hadoop-ozone/integration-test/target/test-dir/MiniOzoneClusterImpl-57fe1d17-8f30-476a-a64a-953d5983e20c/datanode-2/data/ratis/d5cfb98d-9438-4c94-ae89-950f038c74eb has been successfully formatted.
2021-11-06 13:09:05,762 [pool-586-thread-1] INFO  ratis.ContainerStateMachine (ContainerStateMachine.java:loadSnapshot(224)) - group-950F038C74EB: The snapshot info is null. Setting the last applied indexto:(t:0, i:~)
2021-11-06 13:09:05,791 [Command processor thread] INFO  server.RaftServer (RaftServerProxy.java:addNew(95)) - 414c08ff-7683-4e40-9ba7-4aaff37af58e: addNew group-F32416321C92:[414c08ff-7683-4e40-9ba7-4aaff37af58e|rpc:10.1.0.11:42123|priority:1] returns group-F32416321C92:java.util.concurrent.CompletableFuture@2a4fa0b6[Not completed]
2021-11-06 13:09:05,795 [pool-567-thread-1] INFO  server.RaftServer$Division (RaftServerImpl.java:<init>(184)) - 414c08ff-7683-4e40-9ba7-4aaff37af58e: new RaftServerImpl for group-F32416321C92:[414c08ff-7683-4e40-9ba7-4aaff37af58e|rpc:10.1.0.11:42123|priority:1] with ContainerStateMachine:uninitialized
2021-11-06 13:09:05,795 [pool-567-thread-1] INFO  server.RaftServerConfigKeys (ConfUtils.java:logGet(44)) - raft.server.rpc.timeout.min = 5s (custom)
2021-11-06 13:09:05,795 [pool-567-thread-1] INFO  server.RaftServerConfigKeys (ConfUtils.java:logGet(44)) - raft.server.rpc.timeout.max = 5200ms (custom)
2021-11-06 13:09:05,796 [pool-567-thread-1] INFO  server.RaftServerConfigKeys (ConfUtils.java:logGet(44)) - raft.server.rpc.sleep.time = 25ms (default)
2021-11-06 13:09:05,796 [pool-567-thread-1] INFO  server.RaftServerConfigKeys (ConfUtils.java:logGet(44)) - raft.server.rpc.slowness.timeout = 300000ms (custom)
2021-11-06 13:09:05,796 [pool-567-thread-1] INFO  server.RaftServerConfigKeys (ConfUtils.java:logGet(44)) - raft.server.leaderelection.leader.step-down.wait-time = 10s (default)
2021-11-06 13:09:05,796 [pool-567-thread-1] INFO  server.RaftServerConfigKeys (ConfUtils.java:logGet(44)) - raft.server.sleep.deviation.threshold = 300ms (default)
2021-11-06 13:09:05,796 [pool-567-thread-1] INFO  server.RaftServerConfigKeys (ConfUtils.java:logGet(44)) - raft.server.log.appender.install.snapshot.enabled = false (custom)
2021-11-06 13:09:05,796 [pool-567-thread-1] INFO  server.RaftServer$Division (ServerState.java:<init>(105)) - 414c08ff-7683-4e40-9ba7-4aaff37af58e@group-F32416321C92: ConfigurationManager, init=-1: [414c08ff-7683-4e40-9ba7-4aaff37af58e|rpc:10.1.0.11:42123|priority:1], old=null, confs=<EMPTY_MAP>
2021-11-06 13:09:05,796 [pool-567-thread-1] INFO  server.RaftServerConfigKeys (ConfUtils.java:logGet(44)) - raft.server.storage.dir = [/home/runner/work/ozone/ozone/hadoop-ozone/integration-test/target/test-dir/MiniOzoneClusterImpl-57fe1d17-8f30-476a-a64a-953d5983e20c/datanode-1/data/ratis] (custom)
2021-11-06 13:09:05,796 [pool-567-thread-1] INFO  server.RaftServerConfigKeys (ConfUtils.java:logGet(44)) - raft.server.log.corruption.policy = EXCEPTION (default)
2021-11-06 13:09:05,796 [pool-567-thread-1] INFO  server.RaftServerConfigKeys (ConfUtils.java:logGet(44)) - raft.server.storage.free-space.min = 0MB (=0) (default)
2021-11-06 13:09:05,796 [pool-567-thread-1] INFO  storage.RaftStorageDirectory (RaftStorageDirectoryImpl.java:analyzeStorage(135)) - The storage directory /home/runner/work/ozone/ozone/hadoop-ozone/integration-test/target/test-dir/MiniOzoneClusterImpl-57fe1d17-8f30-476a-a64a-953d5983e20c/datanode-1/data/ratis/11a118c1-3cb0-4fb9-bbf4-f32416321c92 does not exist. Creating ...
2021-11-06 13:09:05,798 [pool-567-thread-1] INFO  storage.RaftStorageDirectory (RaftStorageDirectoryImpl.java:tryLock(230)) - Lock on /home/runner/work/ozone/ozone/hadoop-ozone/integration-test/target/test-dir/MiniOzoneClusterImpl-57fe1d17-8f30-476a-a64a-953d5983e20c/datanode-1/data/ratis/11a118c1-3cb0-4fb9-bbf4-f32416321c92/in_use.lock acquired by nodename 21237@fv-az151-875
2021-11-06 13:09:05,799 [pool-567-thread-1] INFO  storage.RaftStorage (RaftStorageImpl.java:format(89)) - Storage directory /home/runner/work/ozone/ozone/hadoop-ozone/integration-test/target/test-dir/MiniOzoneClusterImpl-57fe1d17-8f30-476a-a64a-953d5983e20c/datanode-1/data/ratis/11a118c1-3cb0-4fb9-bbf4-f32416321c92 has been successfully formatted.
2021-11-06 13:09:05,801 [pool-567-thread-1] INFO  ratis.ContainerStateMachine (ContainerStateMachine.java:loadSnapshot(224)) - group-F32416321C92: The snapshot info is null. Setting the last applied indexto:(t:0, i:~)
2021-11-06 13:09:05,801 [pool-567-thread-1] INFO  server.RaftServerConfigKeys (ConfUtils.java:logGet(44)) - raft.server.notification.no-leader.timeout = 300000ms (custom)
2021-11-06 13:09:05,801 [pool-567-thread-1] INFO  server.RaftServerConfigKeys (ConfUtils.java:logGet(44)) - raft.server.log.use.memory = false (default)
2021-11-06 13:09:05,801 [pool-567-thread-1] INFO  server.RaftServerConfigKeys (ConfUtils.java:logGet(44)) - raft.server.log.purge.gap = 1000000 (custom)
2021-11-06 13:09:05,801 [pool-567-thread-1] INFO  server.RaftServerConfigKeys (ConfUtils.java:logGet(44)) - raft.server.log.appender.buffer.byte-limit = 33554432 (custom)
2021-11-06 13:09:05,801 [pool-567-thread-1] INFO  server.RaftServerConfigKeys (ConfUtils.java:logGet(44)) - raft.server.log.segment.size.max = 1048576 (custom)
2021-11-06 13:09:05,802 [pool-567-thread-1] INFO  server.RaftServerConfigKeys (ConfUtils.java:logGet(44)) - raft.server.log.segment.cache.num.max = 2 (custom)
2021-11-06 13:09:05,802 [pool-567-thread-1] INFO  server.RaftServerConfigKeys (ConfUtils.java:logGet(44)) - raft.server.log.segment.cache.size.max = 200MB (=209715200) (default)
2021-11-06 13:09:05,802 [pool-567-thread-1] INFO  segmented.SegmentedRaftLogWorker (SegmentedRaftLogWorker.java:<init>(182)) - new 414c08ff-7683-4e40-9ba7-4aaff37af58e@group-F32416321C92-SegmentedRaftLogWorker for RaftStorageImpl:Storage Directory /home/runner/work/ozone/ozone/hadoop-ozone/integration-test/target/test-dir/MiniOzoneClusterImpl-57fe1d17-8f30-476a-a64a-953d5983e20c/datanode-1/data/ratis/11a118c1-3cb0-4fb9-bbf4-f32416321c92
2021-11-06 13:09:05,802 [pool-567-thread-1] INFO  server.RaftServerConfigKeys (ConfUtils.java:logGet(44)) - raft.server.log.queue.byte-limit = 2147483647 (custom)
2021-11-06 13:09:05,802 [pool-567-thread-1] INFO  server.RaftServerConfigKeys (ConfUtils.java:logGet(44)) - raft.server.log.queue.element-limit = 1024 (custom)
2021-11-06 13:09:05,802 [pool-567-thread-1] INFO  server.RaftServerConfigKeys (ConfUtils.java:logGet(44)) - raft.server.log.segment.size.max = 1048576 (custom)
2021-11-06 13:09:05,803 [pool-567-thread-1] INFO  server.RaftServerConfigKeys (ConfUtils.java:logGet(44)) - raft.server.log.preallocated.size = 16384 (custom)
2021-11-06 13:09:05,803 [pool-567-thread-1] INFO  server.RaftServerConfigKeys (ConfUtils.java:logGet(44)) - raft.server.log.force.sync.num = 128 (default)
2021-11-06 13:09:05,803 [pool-567-thread-1] INFO  server.RaftServerConfigKeys (ConfUtils.java:logGet(44)) - raft.server.log.statemachine.data.sync = true (default)
2021-11-06 13:09:05,803 [pool-567-thread-1] INFO  server.RaftServerConfigKeys (ConfUtils.java:logGet(44)) - raft.server.log.statemachine.data.sync.timeout = 10s (default)
2021-11-06 13:09:05,803 [pool-567-thread-1] INFO  server.RaftServerConfigKeys (ConfUtils.java:logGet(44)) - raft.server.log.statemachine.data.sync.timeout.retry = -1 (default)
2021-11-06 13:09:05,804 [pool-567-thread-1] INFO  server.RaftServerConfigKeys (ConfUtils.java:logGet(44)) - raft.server.log.write.buffer.size = 1048576 (custom)
2021-11-06 13:09:05,805 [pool-567-thread-1] INFO  server.RaftServerConfigKeys (ConfUtils.java:logGet(44)) - raft.server.log.statemachine.data.caching.enabled = true (custom)
2021-11-06 13:09:05,805 [pool-567-thread-1] INFO  segmented.SegmentedRaftLogWorker (SegmentedRaftLogWorker.java:lambda$new$0(133)) - 414c08ff-7683-4e40-9ba7-4aaff37af58e@group-F32416321C92-SegmentedRaftLogWorker: flushIndex: setUnconditionally 0 -> -1
2021-11-06 13:09:05,806 [EventQueue-PipelineReportForPipelineReportHandler] INFO  pipeline.PipelineManagerImpl (PipelineManagerImpl.java:openPipeline(289)) - Pipeline Pipeline[ Id: 11a118c1-3cb0-4fb9-bbf4-f32416321c92, Nodes: 414c08ff-7683-4e40-9ba7-4aaff37af58e{ip: 10.1.0.11, host: fv-az151-875.yf2hydr00wburbhx3j5hxtcipe.bx.internal.cloudapp.net, ports: [REPLICATION=44871, RATIS=42123, RATIS_ADMIN=42123, RATIS_SERVER=42123, STANDALONE=38901], networkLocation: /default-rack, certSerialId: null, persistedOpState: IN_SERVICE, persistedOpStateExpiryEpochSec: 0}, ReplicationConfig: RATIS/ONE, State:ALLOCATED, leaderId:414c08ff-7683-4e40-9ba7-4aaff37af58e, CreationTimestamp2021-11-06T13:09:02.804Z[Etc/UTC]] moved to OPEN state
2021-11-06 13:09:05,809 [EventQueue-OpenPipelineForHealthyPipelineSafeModeRule] INFO  safemode.SCMSafeModeManager (HealthyPipelineSafeModeRule.java:process(124)) - SCM in safe mode. Healthy pipelines reported count is 0, required healthy pipeline reported count is 1
2021-11-06 13:09:05,809 [pool-586-thread-1] INFO  server.RaftServerConfigKeys (ConfUtils.java:logGet(44)) - raft.server.notification.no-leader.timeout = 300000ms (custom)
2021-11-06 13:09:05,809 [pool-586-thread-1] INFO  server.RaftServerConfigKeys (ConfUtils.java:logGet(44)) - raft.server.log.use.memory = false (default)
2021-11-06 13:09:05,810 [pool-586-thread-1] INFO  server.RaftServerConfigKeys (ConfUtils.java:logGet(44)) - raft.server.log.purge.gap = 1000000 (custom)
2021-11-06 13:09:05,810 [pool-586-thread-1] INFO  server.RaftServerConfigKeys (ConfUtils.java:logGet(44)) - raft.server.log.appender.buffer.byte-limit = 33554432 (custom)
2021-11-06 13:09:05,810 [pool-586-thread-1] INFO  server.RaftServerConfigKeys (ConfUtils.java:logGet(44)) - raft.server.log.segment.size.max = 1048576 (custom)
2021-11-06 13:09:05,810 [pool-586-thread-1] INFO  server.RaftServerConfigKeys (ConfUtils.java:logGet(44)) - raft.server.log.segment.cache.num.max = 2 (custom)
2021-11-06 13:09:05,810 [pool-586-thread-1] INFO  server.RaftServerConfigKeys (ConfUtils.java:logGet(44)) - raft.server.log.segment.cache.size.max = 200MB (=209715200) (default)
2021-11-06 13:09:05,810 [pool-586-thread-1] INFO  segmented.SegmentedRaftLogWorker (SegmentedRaftLogWorker.java:<init>(182)) - new 4d122ed7-1d51-49b3-a564-9cc0800ef9b5@group-950F038C74EB-SegmentedRaftLogWorker for RaftStorageImpl:Storage Directory /home/runner/work/ozone/ozone/hadoop-ozone/integration-test/target/test-dir/MiniOzoneClusterImpl-57fe1d17-8f30-476a-a64a-953d5983e20c/datanode-2/data/ratis/d5cfb98d-9438-4c94-ae89-950f038c74eb
2021-11-06 13:09:05,810 [pool-586-thread-1] INFO  server.RaftServerConfigKeys (ConfUtils.java:logGet(44)) - raft.server.log.queue.byte-limit = 2147483647 (custom)
2021-11-06 13:09:05,811 [pool-586-thread-1] INFO  server.RaftServerConfigKeys (ConfUtils.java:logGet(44)) - raft.server.log.queue.element-limit = 1024 (custom)
2021-11-06 13:09:05,811 [pool-586-thread-1] INFO  server.RaftServerConfigKeys (ConfUtils.java:logGet(44)) - raft.server.log.segment.size.max = 1048576 (custom)
2021-11-06 13:09:05,811 [pool-586-thread-1] INFO  server.RaftServerConfigKeys (ConfUtils.java:logGet(44)) - raft.server.log.preallocated.size = 16384 (custom)
2021-11-06 13:09:05,811 [pool-586-thread-1] INFO  server.RaftServerConfigKeys (ConfUtils.java:logGet(44)) - raft.server.log.force.sync.num = 128 (default)
2021-11-06 13:09:05,811 [pool-586-thread-1] INFO  server.RaftServerConfigKeys (ConfUtils.java:logGet(44)) - raft.server.log.statemachine.data.sync = true (default)
2021-11-06 13:09:05,811 [pool-586-thread-1] INFO  server.RaftServerConfigKeys (ConfUtils.java:logGet(44)) - raft.server.log.statemachine.data.sync.timeout = 10s (default)
2021-11-06 13:09:05,811 [pool-586-thread-1] INFO  server.RaftServerConfigKeys (ConfUtils.java:logGet(44)) - raft.server.log.statemachine.data.sync.timeout.retry = -1 (default)
2021-11-06 13:09:05,812 [pool-586-thread-1] INFO  server.RaftServerConfigKeys (ConfUtils.java:logGet(44)) - raft.server.log.write.buffer.size = 1048576 (custom)
2021-11-06 13:09:05,813 [pool-586-thread-1] INFO  server.RaftServerConfigKeys (ConfUtils.java:logGet(44)) - raft.server.log.statemachine.data.caching.enabled = true (custom)
2021-11-06 13:09:05,813 [pool-586-thread-1] INFO  segmented.SegmentedRaftLogWorker (SegmentedRaftLogWorker.java:lambda$new$0(133)) - 4d122ed7-1d51-49b3-a564-9cc0800ef9b5@group-950F038C74EB-SegmentedRaftLogWorker: flushIndex: setUnconditionally 0 -> -1
2021-11-06 13:09:05,813 [pool-586-thread-1] INFO  segmented.SegmentedRaftLogWorker (SegmentedRaftLogWorker.java:lambda$new$0(133)) - 4d122ed7-1d51-49b3-a564-9cc0800ef9b5@group-950F038C74EB-SegmentedRaftLogWorker: safeCacheEvictIndex: setUnconditionally 0 -> -1
2021-11-06 13:09:05,813 [pool-567-thread-1] INFO  segmented.SegmentedRaftLogWorker (SegmentedRaftLogWorker.java:lambda$new$0(133)) - 414c08ff-7683-4e40-9ba7-4aaff37af58e@group-F32416321C92-SegmentedRaftLogWorker: safeCacheEvictIndex: setUnconditionally 0 -> -1
2021-11-06 13:09:05,813 [pool-586-thread-1] INFO  server.RaftServerConfigKeys (ConfUtils.java:logGet(44)) - raft.server.snapshot.auto.trigger.enabled = true (custom)
2021-11-06 13:09:05,813 [pool-586-thread-1] INFO  server.RaftServerConfigKeys (ConfUtils.java:logGet(44)) - raft.server.snapshot.auto.trigger.threshold = 10000 (custom)
2021-11-06 13:09:05,813 [pool-586-thread-1] INFO  server.RaftServerConfigKeys (ConfUtils.java:logGet(44)) - raft.server.snapshot.retention.file.num = 5 (custom)
2021-11-06 13:09:05,813 [pool-586-thread-1] INFO  server.RaftServerConfigKeys (ConfUtils.java:logGet(44)) - raft.server.log.purge.upto.snapshot.index = false (default)
2021-11-06 13:09:05,813 [pool-586-thread-1] INFO  server.RaftServerConfigKeys (ConfUtils.java:logGet(44)) - raft.server.retrycache.expirytime = 600000ms (custom)
2021-11-06 13:09:05,814 [pool-586-thread-1] INFO  server.RaftServerConfigKeys (ConfUtils.java:logGet(44)) - raft.server.retrycache.statistics.expirytime = 100μs (default)
2021-11-06 13:09:05,815 [pool-586-thread-1] INFO  server.RaftServer$Division (RaftServerImpl.java:start(301)) - 4d122ed7-1d51-49b3-a564-9cc0800ef9b5@group-950F038C74EB: start as a follower, conf=-1: [4d122ed7-1d51-49b3-a564-9cc0800ef9b5|rpc:10.1.0.11:44073|dataStream:|priority:1, 414c08ff-7683-4e40-9ba7-4aaff37af58e|rpc:10.1.0.11:42123|dataStream:|priority:0, 41301224-b672-4531-af78-b462410ab6ac|rpc:10.1.0.11:45193|dataStream:|priority:0], old=null
2021-11-06 13:09:05,815 [pool-586-thread-1] INFO  server.RaftServer$Division (RaftServerImpl.java:setRole(290)) - 4d122ed7-1d51-49b3-a564-9cc0800ef9b5@group-950F038C74EB: changes role from      null to FOLLOWER at term 0 for startAsFollower
2021-11-06 13:09:05,815 [pool-586-thread-1] INFO  impl.RoleInfo (RoleInfo.java:updateAndGet(130)) - 4d122ed7-1d51-49b3-a564-9cc0800ef9b5: start 4d122ed7-1d51-49b3-a564-9cc0800ef9b5@group-950F038C74EB-FollowerState
2021-11-06 13:09:05,823 [pool-586-thread-1] INFO  util.JmxRegister (JmxRegister.java:tryRegister(44)) - Successfully registered JMX Bean with object name Ratis:service=RaftServer,group=group-950F038C74EB,id=4d122ed7-1d51-49b3-a564-9cc0800ef9b5
2021-11-06 13:09:05,825 [pool-567-thread-1] INFO  server.RaftServerConfigKeys (ConfUtils.java:logGet(44)) - raft.server.snapshot.auto.trigger.enabled = true (custom)
2021-11-06 13:09:05,825 [pool-567-thread-1] INFO  server.RaftServerConfigKeys (ConfUtils.java:logGet(44)) - raft.server.snapshot.auto.trigger.threshold = 10000 (custom)
2021-11-06 13:09:05,825 [pool-567-thread-1] INFO  server.RaftServerConfigKeys (ConfUtils.java:logGet(44)) - raft.server.snapshot.retention.file.num = 5 (custom)
2021-11-06 13:09:05,825 [pool-567-thread-1] INFO  server.RaftServerConfigKeys (ConfUtils.java:logGet(44)) - raft.server.log.purge.upto.snapshot.index = false (default)
2021-11-06 13:09:05,826 [pool-567-thread-1] INFO  server.RaftServerConfigKeys (ConfUtils.java:logGet(44)) - raft.server.retrycache.expirytime = 600000ms (custom)
2021-11-06 13:09:05,826 [pool-567-thread-1] INFO  server.RaftServerConfigKeys (ConfUtils.java:logGet(44)) - raft.server.retrycache.statistics.expirytime = 100μs (default)
2021-11-06 13:09:05,872 [Command processor thread] INFO  commandhandler.CreatePipelineCommandHandler (CreatePipelineCommandHandler.java:handle(106)) - Created Pipeline RATIS THREE PipelineID=d5cfb98d-9438-4c94-ae89-950f038c74eb.
2021-11-06 13:09:05,872 [pool-567-thread-1] INFO  server.RaftServer$Division (RaftServerImpl.java:start(301)) - 414c08ff-7683-4e40-9ba7-4aaff37af58e@group-F32416321C92: start as a follower, conf=-1: [414c08ff-7683-4e40-9ba7-4aaff37af58e|rpc:10.1.0.11:42123|priority:1], old=null
2021-11-06 13:09:05,872 [pool-567-thread-1] INFO  server.RaftServer$Division (RaftServerImpl.java:setRole(290)) - 414c08ff-7683-4e40-9ba7-4aaff37af58e@group-F32416321C92: changes role from      null to FOLLOWER at term 0 for startAsFollower
2021-11-06 13:09:05,872 [pool-567-thread-1] INFO  impl.RoleInfo (RoleInfo.java:updateAndGet(130)) - 414c08ff-7683-4e40-9ba7-4aaff37af58e: start 414c08ff-7683-4e40-9ba7-4aaff37af58e@group-F32416321C92-FollowerState
2021-11-06 13:09:05,873 [pool-567-thread-1] INFO  util.JmxRegister (JmxRegister.java:tryRegister(44)) - Successfully registered JMX Bean with object name Ratis:service=RaftServer,group=group-F32416321C92,id=414c08ff-7683-4e40-9ba7-4aaff37af58e
2021-11-06 13:09:05,880 [Command processor thread] INFO  ratis.XceiverServerRatis (XceiverServerRatis.java:addGroup(768)) - Created group PipelineID=11a118c1-3cb0-4fb9-bbf4-f32416321c92
2021-11-06 13:09:05,880 [Command processor thread] INFO  commandhandler.CreatePipelineCommandHandler (CreatePipelineCommandHandler.java:handle(106)) - Created Pipeline RATIS ONE PipelineID=11a118c1-3cb0-4fb9-bbf4-f32416321c92.
2021-11-06 13:09:05,895 [Listener at 127.0.0.1/34591] INFO  ozone.MiniOzoneClusterImpl (MiniOzoneClusterImpl.java:lambda$waitForClusterToBeReady$0(235)) - Waiting for nodes to be ready. Got 8 of 9 DN Heartbeats.
2021-11-06 13:09:05,895 [Listener at 127.0.0.1/34591] INFO  ozone.MiniOzoneClusterImpl (MiniOzoneClusterImpl.java:lambda$waitForClusterToBeReady$0(238)) - Waiting for cluster to exit safe mode
2021-11-06 13:09:05,895 [Listener at 127.0.0.1/34591] INFO  ozone.MiniOzoneClusterImpl (MiniOzoneClusterImpl.java:lambda$waitForClusterToBeReady$0(240)) - SCM became leader
2021-11-06 13:09:05,965 [IPC Server handler 16 on default port 46119] INFO  net.NetworkTopologyImpl (NetworkTopologyImpl.java:add(112)) - Added a new node: /default-rack/5935a206-a598-494c-a9e6-46da022b00dd
2021-11-06 13:09:05,965 [IPC Server handler 16 on default port 46119] INFO  node.SCMNodeManager (SCMNodeManager.java:register(389)) - Registered Data node : 5935a206-a598-494c-a9e6-46da022b00dd{ip: 10.1.0.11, host: fv-az151-875.yf2hydr00wburbhx3j5hxtcipe.bx.internal.cloudapp.net, ports: [REPLICATION=42981, RATIS=43005, RATIS_ADMIN=43005, RATIS_SERVER=43005, STANDALONE=40415], networkLocation: /default-rack, certSerialId: null, persistedOpState: null, persistedOpStateExpiryEpochSec: 0}
2021-11-06 13:09:05,965 [EventQueue-NewNodeForNewNodeHandler] INFO  pipeline.BackgroundPipelineCreator (BackgroundPipelineCreator.java:notifyEventTriggered(285)) - trigger a one-shot run on RatisPipelineUtilsThread.
2021-11-06 13:09:05,966 [RatisPipelineUtilsThread - 0] INFO  pipeline.RatisPipelineProvider (RatisPipelineProvider.java:lambda$create$0(183)) - Sending CreatePipelineCommand for pipeline:PipelineID=899620c5-8f09-42b5-8150-a8272e390442 to datanode:5935a206-a598-494c-a9e6-46da022b00dd
2021-11-06 13:09:05,966 [RatisPipelineUtilsThread - 0] INFO  pipeline.PipelineStateManagerImpl (PipelineStateManagerImpl.java:addPipeline(101)) - Created pipeline Pipeline[ Id: 899620c5-8f09-42b5-8150-a8272e390442, Nodes: 5935a206-a598-494c-a9e6-46da022b00dd{ip: 10.1.0.11, host: fv-az151-875.yf2hydr00wburbhx3j5hxtcipe.bx.internal.cloudapp.net, ports: [REPLICATION=42981, RATIS=43005, RATIS_ADMIN=43005, RATIS_SERVER=43005, STANDALONE=40415], networkLocation: /default-rack, certSerialId: null, persistedOpState: IN_SERVICE, persistedOpStateExpiryEpochSec: 0}, ReplicationConfig: RATIS/ONE, State:ALLOCATED, leaderId:, CreationTimestamp2021-11-06T13:09:05.965Z[Etc/UTC]].
2021-11-06 13:09:05,966 [RatisPipelineUtilsThread - 0] INFO  pipeline.RatisPipelineProvider (RatisPipelineProvider.java:lambda$create$0(183)) - Sending CreatePipelineCommand for pipeline:PipelineID=eab537b7-d333-43c5-8191-6ef6570ea239 to datanode:0eaea5f5-6746-43ea-ac9f-09b1ebc824b6
2021-11-06 13:09:05,966 [RatisPipelineUtilsThread - 0] INFO  pipeline.RatisPipelineProvider (RatisPipelineProvider.java:lambda$create$0(183)) - Sending CreatePipelineCommand for pipeline:PipelineID=eab537b7-d333-43c5-8191-6ef6570ea239 to datanode:5935a206-a598-494c-a9e6-46da022b00dd
2021-11-06 13:09:05,966 [RatisPipelineUtilsThread - 0] INFO  pipeline.RatisPipelineProvider (RatisPipelineProvider.java:lambda$create$0(183)) - Sending CreatePipelineCommand for pipeline:PipelineID=eab537b7-d333-43c5-8191-6ef6570ea239 to datanode:ca2e1dc9-8c7f-42bc-b6bd-0370d79258f9
2021-11-06 13:09:05,967 [RatisPipelineUtilsThread - 0] INFO  pipeline.PipelineStateManagerImpl (PipelineStateManagerImpl.java:addPipeline(101)) - Created pipeline Pipeline[ Id: eab537b7-d333-43c5-8191-6ef6570ea239, Nodes: 0eaea5f5-6746-43ea-ac9f-09b1ebc824b6{ip: 10.1.0.11, host: fv-az151-875.yf2hydr00wburbhx3j5hxtcipe.bx.internal.cloudapp.net, ports: [REPLICATION=40705, RATIS=39423, RATIS_ADMIN=39423, RATIS_SERVER=39423, STANDALONE=35071], networkLocation: /default-rack, certSerialId: null, persistedOpState: IN_SERVICE, persistedOpStateExpiryEpochSec: 0}5935a206-a598-494c-a9e6-46da022b00dd{ip: 10.1.0.11, host: fv-az151-875.yf2hydr00wburbhx3j5hxtcipe.bx.internal.cloudapp.net, ports: [REPLICATION=42981, RATIS=43005, RATIS_ADMIN=43005, RATIS_SERVER=43005, STANDALONE=40415], networkLocation: /default-rack, certSerialId: null, persistedOpState: IN_SERVICE, persistedOpStateExpiryEpochSec: 0}ca2e1dc9-8c7f-42bc-b6bd-0370d79258f9{ip: 10.1.0.11, host: fv-az151-875.yf2hydr00wburbhx3j5hxtcipe.bx.internal.cloudapp.net, ports: [REPLICATION=42051, RATIS=38687, RATIS_ADMIN=38687, RATIS_SERVER=38687, STANDALONE=41431], networkLocation: /default-rack, certSerialId: null, persistedOpState: IN_SERVICE, persistedOpStateExpiryEpochSec: 0}, ReplicationConfig: RATIS/THREE, State:ALLOCATED, leaderId:, CreationTimestamp2021-11-06T13:09:05.966Z[Etc/UTC]].
2021-11-06 13:09:06,200 [Command processor thread] INFO  server.RaftServer (RaftServerProxy.java:addNew(95)) - 4d122ed7-1d51-49b3-a564-9cc0800ef9b5: addNew group-2566DF71EC55:[4d122ed7-1d51-49b3-a564-9cc0800ef9b5|rpc:10.1.0.11:44073|priority:1] returns group-2566DF71EC55:java.util.concurrent.CompletableFuture@7abf6c2d[Not completed]
2021-11-06 13:09:06,201 [pool-586-thread-1] INFO  server.RaftServer$Division (RaftServerImpl.java:<init>(184)) - 4d122ed7-1d51-49b3-a564-9cc0800ef9b5: new RaftServerImpl for group-2566DF71EC55:[4d122ed7-1d51-49b3-a564-9cc0800ef9b5|rpc:10.1.0.11:44073|priority:1] with ContainerStateMachine:uninitialized
2021-11-06 13:09:06,202 [pool-586-thread-1] INFO  server.RaftServerConfigKeys (ConfUtils.java:logGet(44)) - raft.server.rpc.timeout.min = 5s (custom)
2021-11-06 13:09:06,202 [pool-586-thread-1] INFO  server.RaftServerConfigKeys (ConfUtils.java:logGet(44)) - raft.server.rpc.timeout.max = 5200ms (custom)
2021-11-06 13:09:06,202 [pool-586-thread-1] INFO  server.RaftServerConfigKeys (ConfUtils.java:logGet(44)) - raft.server.rpc.sleep.time = 25ms (default)
2021-11-06 13:09:06,202 [pool-586-thread-1] INFO  server.RaftServerConfigKeys (ConfUtils.java:logGet(44)) - raft.server.rpc.slowness.timeout = 300000ms (custom)
2021-11-06 13:09:06,202 [pool-586-thread-1] INFO  server.RaftServerConfigKeys (ConfUtils.java:logGet(44)) - raft.server.leaderelection.leader.step-down.wait-time = 10s (default)
2021-11-06 13:09:06,202 [pool-586-thread-1] INFO  server.RaftServerConfigKeys (ConfUtils.java:logGet(44)) - raft.server.sleep.deviation.threshold = 300ms (default)
2021-11-06 13:09:06,202 [pool-586-thread-1] INFO  server.RaftServerConfigKeys (ConfUtils.java:logGet(44)) - raft.server.log.appender.install.snapshot.enabled = false (custom)
2021-11-06 13:09:06,202 [pool-586-thread-1] INFO  server.RaftServer$Division (ServerState.java:<init>(105)) - 4d122ed7-1d51-49b3-a564-9cc0800ef9b5@group-2566DF71EC55: ConfigurationManager, init=-1: [4d122ed7-1d51-49b3-a564-9cc0800ef9b5|rpc:10.1.0.11:44073|priority:1], old=null, confs=<EMPTY_MAP>
2021-11-06 13:09:06,202 [pool-586-thread-1] INFO  server.RaftServerConfigKeys (ConfUtils.java:logGet(44)) - raft.server.storage.dir = [/home/runner/work/ozone/ozone/hadoop-ozone/integration-test/target/test-dir/MiniOzoneClusterImpl-57fe1d17-8f30-476a-a64a-953d5983e20c/datanode-2/data/ratis] (custom)
2021-11-06 13:09:06,202 [pool-586-thread-1] INFO  server.RaftServerConfigKeys (ConfUtils.java:logGet(44)) - raft.server.log.corruption.policy = EXCEPTION (default)
2021-11-06 13:09:06,202 [pool-586-thread-1] INFO  server.RaftServerConfigKeys (ConfUtils.java:logGet(44)) - raft.server.storage.free-space.min = 0MB (=0) (default)
2021-11-06 13:09:06,202 [pool-586-thread-1] INFO  storage.RaftStorageDirectory (RaftStorageDirectoryImpl.java:analyzeStorage(135)) - The storage directory /home/runner/work/ozone/ozone/hadoop-ozone/integration-test/target/test-dir/MiniOzoneClusterImpl-57fe1d17-8f30-476a-a64a-953d5983e20c/datanode-2/data/ratis/5a06e79c-e756-4874-b3a2-2566df71ec55 does not exist. Creating ...
2021-11-06 13:09:06,204 [pool-586-thread-1] INFO  storage.RaftStorageDirectory (RaftStorageDirectoryImpl.java:tryLock(230)) - Lock on /home/runner/work/ozone/ozone/hadoop-ozone/integration-test/target/test-dir/MiniOzoneClusterImpl-57fe1d17-8f30-476a-a64a-953d5983e20c/datanode-2/data/ratis/5a06e79c-e756-4874-b3a2-2566df71ec55/in_use.lock acquired by nodename 21237@fv-az151-875
2021-11-06 13:09:06,205 [pool-586-thread-1] INFO  storage.RaftStorage (RaftStorageImpl.java:format(89)) - Storage directory /home/runner/work/ozone/ozone/hadoop-ozone/integration-test/target/test-dir/MiniOzoneClusterImpl-57fe1d17-8f30-476a-a64a-953d5983e20c/datanode-2/data/ratis/5a06e79c-e756-4874-b3a2-2566df71ec55 has been successfully formatted.
2021-11-06 13:09:06,207 [EventQueue-PipelineReportForPipelineReportHandler] INFO  pipeline.PipelineManagerImpl (PipelineManagerImpl.java:openPipeline(289)) - Pipeline Pipeline[ Id: 5a06e79c-e756-4874-b3a2-2566df71ec55, Nodes: 4d122ed7-1d51-49b3-a564-9cc0800ef9b5{ip: 10.1.0.11, host: fv-az151-875.yf2hydr00wburbhx3j5hxtcipe.bx.internal.cloudapp.net, ports: [REPLICATION=35731, RATIS=44073, RATIS_ADMIN=44073, RATIS_SERVER=44073, STANDALONE=36803], networkLocation: /default-rack, certSerialId: null, persistedOpState: IN_SERVICE, persistedOpStateExpiryEpochSec: 0}, ReplicationConfig: RATIS/ONE, State:ALLOCATED, leaderId:4d122ed7-1d51-49b3-a564-9cc0800ef9b5, CreationTimestamp2021-11-06T13:09:03.243Z[Etc/UTC]] moved to OPEN state
2021-11-06 13:09:06,207 [EventQueue-OpenPipelineForHealthyPipelineSafeModeRule] INFO  safemode.SCMSafeModeManager (HealthyPipelineSafeModeRule.java:process(124)) - SCM in safe mode. Healthy pipelines reported count is 0, required healthy pipeline reported count is 1
2021-11-06 13:09:06,207 [pool-586-thread-1] INFO  ratis.ContainerStateMachine (ContainerStateMachine.java:loadSnapshot(224)) - group-2566DF71EC55: The snapshot info is null. Setting the last applied indexto:(t:0, i:~)
2021-11-06 13:09:06,208 [pool-586-thread-1] INFO  server.RaftServerConfigKeys (ConfUtils.java:logGet(44)) - raft.server.notification.no-leader.timeout = 300000ms (custom)
2021-11-06 13:09:06,208 [pool-586-thread-1] INFO  server.RaftServerConfigKeys (ConfUtils.java:logGet(44)) - raft.server.log.use.memory = false (default)
2021-11-06 13:09:06,208 [pool-586-thread-1] INFO  server.RaftServerConfigKeys (ConfUtils.java:logGet(44)) - raft.server.log.purge.gap = 1000000 (custom)
2021-11-06 13:09:06,208 [pool-586-thread-1] INFO  server.RaftServerConfigKeys (ConfUtils.java:logGet(44)) - raft.server.log.appender.buffer.byte-limit = 33554432 (custom)
2021-11-06 13:09:06,208 [pool-586-thread-1] INFO  server.RaftServerConfigKeys (ConfUtils.java:logGet(44)) - raft.server.log.segment.size.max = 1048576 (custom)
2021-11-06 13:09:06,209 [pool-586-thread-1] INFO  server.RaftServerConfigKeys (ConfUtils.java:logGet(44)) - raft.server.log.segment.cache.num.max = 2 (custom)
2021-11-06 13:09:06,209 [pool-586-thread-1] INFO  server.RaftServerConfigKeys (ConfUtils.java:logGet(44)) - raft.server.log.segment.cache.size.max = 200MB (=209715200) (default)
2021-11-06 13:09:06,209 [pool-586-thread-1] INFO  segmented.SegmentedRaftLogWorker (SegmentedRaftLogWorker.java:<init>(182)) - new 4d122ed7-1d51-49b3-a564-9cc0800ef9b5@group-2566DF71EC55-SegmentedRaftLogWorker for RaftStorageImpl:Storage Directory /home/runner/work/ozone/ozone/hadoop-ozone/integration-test/target/test-dir/MiniOzoneClusterImpl-57fe1d17-8f30-476a-a64a-953d5983e20c/datanode-2/data/ratis/5a06e79c-e756-4874-b3a2-2566df71ec55
2021-11-06 13:09:06,209 [pool-586-thread-1] INFO  server.RaftServerConfigKeys (ConfUtils.java:logGet(44)) - raft.server.log.queue.byte-limit = 2147483647 (custom)
2021-11-06 13:09:06,209 [pool-586-thread-1] INFO  server.RaftServerConfigKeys (ConfUtils.java:logGet(44)) - raft.server.log.queue.element-limit = 1024 (custom)
2021-11-06 13:09:06,209 [pool-586-thread-1] INFO  server.RaftServerConfigKeys (ConfUtils.java:logGet(44)) - raft.server.log.segment.size.max = 1048576 (custom)
2021-11-06 13:09:06,209 [pool-586-thread-1] INFO  server.RaftServerConfigKeys (ConfUtils.java:logGet(44)) - raft.server.log.preallocated.size = 16384 (custom)
2021-11-06 13:09:06,209 [pool-586-thread-1] INFO  server.RaftServerConfigKeys (ConfUtils.java:logGet(44)) - raft.server.log.force.sync.num = 128 (default)
2021-11-06 13:09:06,209 [pool-586-thread-1] INFO  server.RaftServerConfigKeys (ConfUtils.java:logGet(44)) - raft.server.log.statemachine.data.sync = true (default)
2021-11-06 13:09:06,209 [pool-586-thread-1] INFO  server.RaftServerConfigKeys (ConfUtils.java:logGet(44)) - raft.server.log.statemachine.data.sync.timeout = 10s (default)
2021-11-06 13:09:06,209 [pool-586-thread-1] INFO  server.RaftServerConfigKeys (ConfUtils.java:logGet(44)) - raft.server.log.statemachine.data.sync.timeout.retry = -1 (default)
2021-11-06 13:09:06,211 [pool-586-thread-1] INFO  server.RaftServerConfigKeys (ConfUtils.java:logGet(44)) - raft.server.log.write.buffer.size = 1048576 (custom)
2021-11-06 13:09:06,212 [pool-586-thread-1] INFO  server.RaftServerConfigKeys (ConfUtils.java:logGet(44)) - raft.server.log.statemachine.data.caching.enabled = true (custom)
2021-11-06 13:09:06,212 [pool-586-thread-1] INFO  segmented.SegmentedRaftLogWorker (SegmentedRaftLogWorker.java:lambda$new$0(133)) - 4d122ed7-1d51-49b3-a564-9cc0800ef9b5@group-2566DF71EC55-SegmentedRaftLogWorker: flushIndex: setUnconditionally 0 -> -1
2021-11-06 13:09:06,212 [pool-586-thread-1] INFO  segmented.SegmentedRaftLogWorker (SegmentedRaftLogWorker.java:lambda$new$0(133)) - 4d122ed7-1d51-49b3-a564-9cc0800ef9b5@group-2566DF71EC55-SegmentedRaftLogWorker: safeCacheEvictIndex: setUnconditionally 0 -> -1
2021-11-06 13:09:06,212 [pool-586-thread-1] INFO  server.RaftServerConfigKeys (ConfUtils.java:logGet(44)) - raft.server.snapshot.auto.trigger.enabled = true (custom)
2021-11-06 13:09:06,212 [pool-586-thread-1] INFO  server.RaftServerConfigKeys (ConfUtils.java:logGet(44)) - raft.server.snapshot.auto.trigger.threshold = 10000 (custom)
2021-11-06 13:09:06,212 [pool-586-thread-1] INFO  server.RaftServerConfigKeys (ConfUtils.java:logGet(44)) - raft.server.snapshot.retention.file.num = 5 (custom)
2021-11-06 13:09:06,212 [pool-586-thread-1] INFO  server.RaftServerConfigKeys (ConfUtils.java:logGet(44)) - raft.server.log.purge.upto.snapshot.index = false (default)
2021-11-06 13:09:06,212 [pool-586-thread-1] INFO  server.RaftServerConfigKeys (ConfUtils.java:logGet(44)) - raft.server.retrycache.expirytime = 600000ms (custom)
2021-11-06 13:09:06,213 [pool-586-thread-1] INFO  server.RaftServerConfigKeys (ConfUtils.java:logGet(44)) - raft.server.retrycache.statistics.expirytime = 100μs (default)
2021-11-06 13:09:06,214 [pool-586-thread-1] INFO  server.RaftServer$Division (RaftServerImpl.java:start(301)) - 4d122ed7-1d51-49b3-a564-9cc0800ef9b5@group-2566DF71EC55: start as a follower, conf=-1: [4d122ed7-1d51-49b3-a564-9cc0800ef9b5|rpc:10.1.0.11:44073|priority:1], old=null
2021-11-06 13:09:06,214 [pool-586-thread-1] INFO  server.RaftServer$Division (RaftServerImpl.java:setRole(290)) - 4d122ed7-1d51-49b3-a564-9cc0800ef9b5@group-2566DF71EC55: changes role from      null to FOLLOWER at term 0 for startAsFollower
2021-11-06 13:09:06,214 [pool-586-thread-1] INFO  impl.RoleInfo (RoleInfo.java:updateAndGet(130)) - 4d122ed7-1d51-49b3-a564-9cc0800ef9b5: start 4d122ed7-1d51-49b3-a564-9cc0800ef9b5@group-2566DF71EC55-FollowerState
2021-11-06 13:09:06,215 [pool-586-thread-1] INFO  util.JmxRegister (JmxRegister.java:tryRegister(44)) - Successfully registered JMX Bean with object name Ratis:service=RaftServer,group=group-2566DF71EC55,id=4d122ed7-1d51-49b3-a564-9cc0800ef9b5
2021-11-06 13:09:06,231 [Command processor thread] INFO  ratis.XceiverServerRatis (XceiverServerRatis.java:addGroup(768)) - Created group PipelineID=5a06e79c-e756-4874-b3a2-2566df71ec55
2021-11-06 13:09:06,231 [Command processor thread] INFO  commandhandler.CreatePipelineCommandHandler (CreatePipelineCommandHandler.java:handle(106)) - Created Pipeline RATIS ONE PipelineID=5a06e79c-e756-4874-b3a2-2566df71ec55.
2021-11-06 13:09:06,599 [Command processor thread] INFO  server.RaftServer (RaftServerProxy.java:addNew(95)) - a8ad8818-625e-4bd0-b4ed-3716b4b5c8f9: addNew group-6DD4405E8E5D:[a8ad8818-625e-4bd0-b4ed-3716b4b5c8f9|rpc:10.1.0.11:40631|priority:1] returns group-6DD4405E8E5D:java.util.concurrent.CompletableFuture@46307874[Not completed]
2021-11-06 13:09:06,616 [pool-605-thread-1] INFO  server.RaftServer$Division (RaftServerImpl.java:<init>(184)) - a8ad8818-625e-4bd0-b4ed-3716b4b5c8f9: new RaftServerImpl for group-6DD4405E8E5D:[a8ad8818-625e-4bd0-b4ed-3716b4b5c8f9|rpc:10.1.0.11:40631|priority:1] with ContainerStateMachine:uninitialized
2021-11-06 13:09:06,616 [pool-605-thread-1] INFO  server.RaftServerConfigKeys (ConfUtils.java:logGet(44)) - raft.server.rpc.timeout.min = 5s (custom)
2021-11-06 13:09:06,616 [pool-605-thread-1] INFO  server.RaftServerConfigKeys (ConfUtils.java:logGet(44)) - raft.server.rpc.timeout.max = 5200ms (custom)
2021-11-06 13:09:06,616 [pool-605-thread-1] INFO  server.RaftServerConfigKeys (ConfUtils.java:logGet(44)) - raft.server.rpc.sleep.time = 25ms (default)
2021-11-06 13:09:06,616 [pool-605-thread-1] INFO  server.RaftServerConfigKeys (ConfUtils.java:logGet(44)) - raft.server.rpc.slowness.timeout = 300000ms (custom)
2021-11-06 13:09:06,616 [pool-605-thread-1] INFO  server.RaftServerConfigKeys (ConfUtils.java:logGet(44)) - raft.server.leaderelection.leader.step-down.wait-time = 10s (default)
2021-11-06 13:09:06,616 [pool-605-thread-1] INFO  server.RaftServerConfigKeys (ConfUtils.java:logGet(44)) - raft.server.sleep.deviation.threshold = 300ms (default)
2021-11-06 13:09:06,616 [pool-605-thread-1] INFO  server.RaftServerConfigKeys (ConfUtils.java:logGet(44)) - raft.server.log.appender.install.snapshot.enabled = false (custom)
2021-11-06 13:09:06,617 [pool-605-thread-1] INFO  server.RaftServer$Division (ServerState.java:<init>(105)) - a8ad8818-625e-4bd0-b4ed-3716b4b5c8f9@group-6DD4405E8E5D: ConfigurationManager, init=-1: [a8ad8818-625e-4bd0-b4ed-3716b4b5c8f9|rpc:10.1.0.11:40631|priority:1], old=null, confs=<EMPTY_MAP>
2021-11-06 13:09:06,617 [pool-605-thread-1] INFO  server.RaftServerConfigKeys (ConfUtils.java:logGet(44)) - raft.server.storage.dir = [/home/runner/work/ozone/ozone/hadoop-ozone/integration-test/target/test-dir/MiniOzoneClusterImpl-57fe1d17-8f30-476a-a64a-953d5983e20c/datanode-3/data/ratis] (custom)
2021-11-06 13:09:06,617 [pool-605-thread-1] INFO  server.RaftServerConfigKeys (ConfUtils.java:logGet(44)) - raft.server.log.corruption.policy = EXCEPTION (default)
2021-11-06 13:09:06,617 [pool-605-thread-1] INFO  server.RaftServerConfigKeys (ConfUtils.java:logGet(44)) - raft.server.storage.free-space.min = 0MB (=0) (default)
2021-11-06 13:09:06,617 [pool-605-thread-1] INFO  storage.RaftStorageDirectory (RaftStorageDirectoryImpl.java:analyzeStorage(135)) - The storage directory /home/runner/work/ozone/ozone/hadoop-ozone/integration-test/target/test-dir/MiniOzoneClusterImpl-57fe1d17-8f30-476a-a64a-953d5983e20c/datanode-3/data/ratis/77e145db-c894-4fb0-a7cd-6dd4405e8e5d does not exist. Creating ...
2021-11-06 13:09:06,620 [pool-605-thread-1] INFO  storage.RaftStorageDirectory (RaftStorageDirectoryImpl.java:tryLock(230)) - Lock on /home/runner/work/ozone/ozone/hadoop-ozone/integration-test/target/test-dir/MiniOzoneClusterImpl-57fe1d17-8f30-476a-a64a-953d5983e20c/datanode-3/data/ratis/77e145db-c894-4fb0-a7cd-6dd4405e8e5d/in_use.lock acquired by nodename 21237@fv-az151-875
2021-11-06 13:09:06,622 [pool-605-thread-1] INFO  storage.RaftStorage (RaftStorageImpl.java:format(89)) - Storage directory /home/runner/work/ozone/ozone/hadoop-ozone/integration-test/target/test-dir/MiniOzoneClusterImpl-57fe1d17-8f30-476a-a64a-953d5983e20c/datanode-3/data/ratis/77e145db-c894-4fb0-a7cd-6dd4405e8e5d has been successfully formatted.
2021-11-06 13:09:06,638 [pool-605-thread-1] INFO  ratis.ContainerStateMachine (ContainerStateMachine.java:loadSnapshot(224)) - group-6DD4405E8E5D: The snapshot info is null. Setting the last applied indexto:(t:0, i:~)
2021-11-06 13:09:06,638 [EventQueue-PipelineReportForPipelineReportHandler] INFO  pipeline.PipelineManagerImpl (PipelineManagerImpl.java:openPipeline(289)) - Pipeline Pipeline[ Id: 77e145db-c894-4fb0-a7cd-6dd4405e8e5d, Nodes: a8ad8818-625e-4bd0-b4ed-3716b4b5c8f9{ip: 10.1.0.11, host: fv-az151-875.yf2hydr00wburbhx3j5hxtcipe.bx.internal.cloudapp.net, ports: [REPLICATION=34141, RATIS=40631, RATIS_ADMIN=40631, RATIS_SERVER=40631, STANDALONE=36087], networkLocation: /default-rack, certSerialId: null, persistedOpState: IN_SERVICE, persistedOpStateExpiryEpochSec: 0}, ReplicationConfig: RATIS/ONE, State:ALLOCATED, leaderId:a8ad8818-625e-4bd0-b4ed-3716b4b5c8f9, CreationTimestamp2021-11-06T13:09:03.601Z[Etc/UTC]] moved to OPEN state
2021-11-06 13:09:06,638 [EventQueue-OpenPipelineForHealthyPipelineSafeModeRule] INFO  safemode.SCMSafeModeManager (HealthyPipelineSafeModeRule.java:process(124)) - SCM in safe mode. Healthy pipelines reported count is 0, required healthy pipeline reported count is 1
2021-11-06 13:09:06,641 [pool-605-thread-1] INFO  server.RaftServerConfigKeys (ConfUtils.java:logGet(44)) - raft.server.notification.no-leader.timeout = 300000ms (custom)
2021-11-06 13:09:06,655 [pool-605-thread-1] INFO  server.RaftServerConfigKeys (ConfUtils.java:logGet(44)) - raft.server.log.use.memory = false (default)
2021-11-06 13:09:06,655 [pool-605-thread-1] INFO  server.RaftServerConfigKeys (ConfUtils.java:logGet(44)) - raft.server.log.purge.gap = 1000000 (custom)
2021-11-06 13:09:06,656 [pool-605-thread-1] INFO  server.RaftServerConfigKeys (ConfUtils.java:logGet(44)) - raft.server.log.appender.buffer.byte-limit = 33554432 (custom)
2021-11-06 13:09:06,656 [pool-605-thread-1] INFO  server.RaftServerConfigKeys (ConfUtils.java:logGet(44)) - raft.server.log.segment.size.max = 1048576 (custom)
2021-11-06 13:09:06,656 [pool-605-thread-1] INFO  server.RaftServerConfigKeys (ConfUtils.java:logGet(44)) - raft.server.log.segment.cache.num.max = 2 (custom)
2021-11-06 13:09:06,657 [pool-605-thread-1] INFO  server.RaftServerConfigKeys (ConfUtils.java:logGet(44)) - raft.server.log.segment.cache.size.max = 200MB (=209715200) (default)
2021-11-06 13:09:06,657 [pool-605-thread-1] INFO  segmented.SegmentedRaftLogWorker (SegmentedRaftLogWorker.java:<init>(182)) - new a8ad8818-625e-4bd0-b4ed-3716b4b5c8f9@group-6DD4405E8E5D-SegmentedRaftLogWorker for RaftStorageImpl:Storage Directory /home/runner/work/ozone/ozone/hadoop-ozone/integration-test/target/test-dir/MiniOzoneClusterImpl-57fe1d17-8f30-476a-a64a-953d5983e20c/datanode-3/data/ratis/77e145db-c894-4fb0-a7cd-6dd4405e8e5d
2021-11-06 13:09:06,657 [pool-605-thread-1] INFO  server.RaftServerConfigKeys (ConfUtils.java:logGet(44)) - raft.server.log.queue.byte-limit = 2147483647 (custom)
2021-11-06 13:09:06,657 [pool-605-thread-1] INFO  server.RaftServerConfigKeys (ConfUtils.java:logGet(44)) - raft.server.log.queue.element-limit = 1024 (custom)
2021-11-06 13:09:06,657 [pool-605-thread-1] INFO  server.RaftServerConfigKeys (ConfUtils.java:logGet(44)) - raft.server.log.segment.size.max = 1048576 (custom)
2021-11-06 13:09:06,657 [pool-605-thread-1] INFO  server.RaftServerConfigKeys (ConfUtils.java:logGet(44)) - raft.server.log.preallocated.size = 16384 (custom)
2021-11-06 13:09:06,657 [pool-605-thread-1] INFO  server.RaftServerConfigKeys (ConfUtils.java:logGet(44)) - raft.server.log.force.sync.num = 128 (default)
2021-11-06 13:09:06,657 [pool-605-thread-1] INFO  server.RaftServerConfigKeys (ConfUtils.java:logGet(44)) - raft.server.log.statemachine.data.sync = true (default)
2021-11-06 13:09:06,657 [pool-605-thread-1] INFO  server.RaftServerConfigKeys (ConfUtils.java:logGet(44)) - raft.server.log.statemachine.data.sync.timeout = 10s (default)
2021-11-06 13:09:06,657 [pool-605-thread-1] INFO  server.RaftServerConfigKeys (ConfUtils.java:logGet(44)) - raft.server.log.statemachine.data.sync.timeout.retry = -1 (default)
2021-11-06 13:09:06,659 [pool-605-thread-1] INFO  server.RaftServerConfigKeys (ConfUtils.java:logGet(44)) - raft.server.log.write.buffer.size = 1048576 (custom)
2021-11-06 13:09:06,659 [pool-605-thread-1] INFO  server.RaftServerConfigKeys (ConfUtils.java:logGet(44)) - raft.server.log.statemachine.data.caching.enabled = true (custom)
2021-11-06 13:09:06,661 [pool-605-thread-1] INFO  segmented.SegmentedRaftLogWorker (SegmentedRaftLogWorker.java:lambda$new$0(133)) - a8ad8818-625e-4bd0-b4ed-3716b4b5c8f9@group-6DD4405E8E5D-SegmentedRaftLogWorker: flushIndex: setUnconditionally 0 -> -1
2021-11-06 13:09:06,661 [pool-605-thread-1] INFO  segmented.SegmentedRaftLogWorker (SegmentedRaftLogWorker.java:lambda$new$0(133)) - a8ad8818-625e-4bd0-b4ed-3716b4b5c8f9@group-6DD4405E8E5D-SegmentedRaftLogWorker: safeCacheEvictIndex: setUnconditionally 0 -> -1
2021-11-06 13:09:06,661 [pool-605-thread-1] INFO  server.RaftServerConfigKeys (ConfUtils.java:logGet(44)) - raft.server.snapshot.auto.trigger.enabled = true (custom)
2021-11-06 13:09:06,661 [pool-605-thread-1] INFO  server.RaftServerConfigKeys (ConfUtils.java:logGet(44)) - raft.server.snapshot.auto.trigger.threshold = 10000 (custom)
2021-11-06 13:09:06,661 [pool-605-thread-1] INFO  server.RaftServerConfigKeys (ConfUtils.java:logGet(44)) - raft.server.snapshot.retention.file.num = 5 (custom)
2021-11-06 13:09:06,661 [pool-605-thread-1] INFO  server.RaftServerConfigKeys (ConfUtils.java:logGet(44)) - raft.server.log.purge.upto.snapshot.index = false (default)
2021-11-06 13:09:06,661 [pool-605-thread-1] INFO  server.RaftServerConfigKeys (ConfUtils.java:logGet(44)) - raft.server.retrycache.expirytime = 600000ms (custom)
2021-11-06 13:09:06,661 [pool-605-thread-1] INFO  server.RaftServerConfigKeys (ConfUtils.java:logGet(44)) - raft.server.retrycache.statistics.expirytime = 100μs (default)
2021-11-06 13:09:06,663 [pool-605-thread-1] INFO  server.RaftServer$Division (RaftServerImpl.java:start(301)) - a8ad8818-625e-4bd0-b4ed-3716b4b5c8f9@group-6DD4405E8E5D: start as a follower, conf=-1: [a8ad8818-625e-4bd0-b4ed-3716b4b5c8f9|rpc:10.1.0.11:40631|priority:1], old=null
2021-11-06 13:09:06,663 [pool-605-thread-1] INFO  server.RaftServer$Division (RaftServerImpl.java:setRole(290)) - a8ad8818-625e-4bd0-b4ed-3716b4b5c8f9@group-6DD4405E8E5D: changes role from      null to FOLLOWER at term 0 for startAsFollower
2021-11-06 13:09:06,663 [pool-605-thread-1] INFO  impl.RoleInfo (RoleInfo.java:updateAndGet(130)) - a8ad8818-625e-4bd0-b4ed-3716b4b5c8f9: start a8ad8818-625e-4bd0-b4ed-3716b4b5c8f9@group-6DD4405E8E5D-FollowerState
2021-11-06 13:09:06,667 [pool-605-thread-1] INFO  util.JmxRegister (JmxRegister.java:tryRegister(44)) - Successfully registered JMX Bean with object name Ratis:service=RaftServer,group=group-6DD4405E8E5D,id=a8ad8818-625e-4bd0-b4ed-3716b4b5c8f9
2021-11-06 13:09:06,675 [Command processor thread] INFO  ratis.XceiverServerRatis (XceiverServerRatis.java:addGroup(768)) - Created group PipelineID=77e145db-c894-4fb0-a7cd-6dd4405e8e5d
2021-11-06 13:09:06,675 [Command processor thread] INFO  commandhandler.CreatePipelineCommandHandler (CreatePipelineCommandHandler.java:handle(106)) - Created Pipeline RATIS ONE PipelineID=77e145db-c894-4fb0-a7cd-6dd4405e8e5d.
2021-11-06 13:09:06,675 [Command processor thread] INFO  server.RaftServer (RaftServerProxy.java:addNew(95)) - a8ad8818-625e-4bd0-b4ed-3716b4b5c8f9: addNew group-767134F6B288:[a8ad8818-625e-4bd0-b4ed-3716b4b5c8f9|rpc:10.1.0.11:40631|priority:0, 8825a48f-3f68-4f9f-a5f1-6d0b8018f501|rpc:10.1.0.11:41601|priority:0, 5750f6fd-62ed-459f-9a73-135ca28be509|rpc:10.1.0.11:38801|priority:1] returns group-767134F6B288:java.util.concurrent.CompletableFuture@420fe46a[Not completed]
2021-11-06 13:09:06,676 [pool-605-thread-1] INFO  server.RaftServer$Division (RaftServerImpl.java:<init>(184)) - a8ad8818-625e-4bd0-b4ed-3716b4b5c8f9: new RaftServerImpl for group-767134F6B288:[a8ad8818-625e-4bd0-b4ed-3716b4b5c8f9|rpc:10.1.0.11:40631|priority:0, 8825a48f-3f68-4f9f-a5f1-6d0b8018f501|rpc:10.1.0.11:41601|priority:0, 5750f6fd-62ed-459f-9a73-135ca28be509|rpc:10.1.0.11:38801|priority:1] with ContainerStateMachine:uninitialized
2021-11-06 13:09:06,676 [pool-605-thread-1] INFO  server.RaftServerConfigKeys (ConfUtils.java:logGet(44)) - raft.server.rpc.timeout.min = 5s (custom)
2021-11-06 13:09:06,677 [pool-605-thread-1] INFO  server.RaftServerConfigKeys (ConfUtils.java:logGet(44)) - raft.server.rpc.timeout.max = 5200ms (custom)
2021-11-06 13:09:06,677 [pool-605-thread-1] INFO  server.RaftServerConfigKeys (ConfUtils.java:logGet(44)) - raft.server.rpc.sleep.time = 25ms (default)
2021-11-06 13:09:06,677 [pool-605-thread-1] INFO  server.RaftServerConfigKeys (ConfUtils.java:logGet(44)) - raft.server.rpc.slowness.timeout = 300000ms (custom)
2021-11-06 13:09:06,677 [pool-605-thread-1] INFO  server.RaftServerConfigKeys (ConfUtils.java:logGet(44)) - raft.server.leaderelection.leader.step-down.wait-time = 10s (default)
2021-11-06 13:09:06,677 [pool-605-thread-1] INFO  server.RaftServerConfigKeys (ConfUtils.java:logGet(44)) - raft.server.sleep.deviation.threshold = 300ms (default)
2021-11-06 13:09:06,677 [pool-605-thread-1] INFO  server.RaftServerConfigKeys (ConfUtils.java:logGet(44)) - raft.server.log.appender.install.snapshot.enabled = false (custom)
2021-11-06 13:09:06,677 [pool-605-thread-1] INFO  server.RaftServer$Division (ServerState.java:<init>(105)) - a8ad8818-625e-4bd0-b4ed-3716b4b5c8f9@group-767134F6B288: ConfigurationManager, init=-1: [a8ad8818-625e-4bd0-b4ed-3716b4b5c8f9|rpc:10.1.0.11:40631|priority:0, 8825a48f-3f68-4f9f-a5f1-6d0b8018f501|rpc:10.1.0.11:41601|priority:0, 5750f6fd-62ed-459f-9a73-135ca28be509|rpc:10.1.0.11:38801|priority:1], old=null, confs=<EMPTY_MAP>
2021-11-06 13:09:06,677 [pool-605-thread-1] INFO  server.RaftServerConfigKeys (ConfUtils.java:logGet(44)) - raft.server.storage.dir = [/home/runner/work/ozone/ozone/hadoop-ozone/integration-test/target/test-dir/MiniOzoneClusterImpl-57fe1d17-8f30-476a-a64a-953d5983e20c/datanode-3/data/ratis] (custom)
2021-11-06 13:09:06,677 [pool-605-thread-1] INFO  server.RaftServerConfigKeys (ConfUtils.java:logGet(44)) - raft.server.log.corruption.policy = EXCEPTION (default)
2021-11-06 13:09:06,677 [pool-605-thread-1] INFO  server.RaftServerConfigKeys (ConfUtils.java:logGet(44)) - raft.server.storage.free-space.min = 0MB (=0) (default)
2021-11-06 13:09:06,677 [pool-605-thread-1] INFO  storage.RaftStorageDirectory (RaftStorageDirectoryImpl.java:analyzeStorage(135)) - The storage directory /home/runner/work/ozone/ozone/hadoop-ozone/integration-test/target/test-dir/MiniOzoneClusterImpl-57fe1d17-8f30-476a-a64a-953d5983e20c/datanode-3/data/ratis/7e863a07-bf1b-4791-a5cf-767134f6b288 does not exist. Creating ...
2021-11-06 13:09:06,679 [pool-605-thread-1] INFO  storage.RaftStorageDirectory (RaftStorageDirectoryImpl.java:tryLock(230)) - Lock on /home/runner/work/ozone/ozone/hadoop-ozone/integration-test/target/test-dir/MiniOzoneClusterImpl-57fe1d17-8f30-476a-a64a-953d5983e20c/datanode-3/data/ratis/7e863a07-bf1b-4791-a5cf-767134f6b288/in_use.lock acquired by nodename 21237@fv-az151-875
2021-11-06 13:09:06,680 [pool-605-thread-1] INFO  storage.RaftStorage (RaftStorageImpl.java:format(89)) - Storage directory /home/runner/work/ozone/ozone/hadoop-ozone/integration-test/target/test-dir/MiniOzoneClusterImpl-57fe1d17-8f30-476a-a64a-953d5983e20c/datanode-3/data/ratis/7e863a07-bf1b-4791-a5cf-767134f6b288 has been successfully formatted.
2021-11-06 13:09:06,681 [pool-605-thread-1] INFO  ratis.ContainerStateMachine (ContainerStateMachine.java:loadSnapshot(224)) - group-767134F6B288: The snapshot info is null. Setting the last applied indexto:(t:0, i:~)
2021-11-06 13:09:06,681 [pool-605-thread-1] INFO  server.RaftServerConfigKeys (ConfUtils.java:logGet(44)) - raft.server.notification.no-leader.timeout = 300000ms (custom)
2021-11-06 13:09:06,681 [pool-605-thread-1] INFO  server.RaftServerConfigKeys (ConfUtils.java:logGet(44)) - raft.server.log.use.memory = false (default)
2021-11-06 13:09:06,681 [pool-605-thread-1] INFO  server.RaftServerConfigKeys (ConfUtils.java:logGet(44)) - raft.server.log.purge.gap = 1000000 (custom)
2021-11-06 13:09:06,682 [pool-605-thread-1] INFO  server.RaftServerConfigKeys (ConfUtils.java:logGet(44)) - raft.server.log.appender.buffer.byte-limit = 33554432 (custom)
2021-11-06 13:09:06,682 [pool-605-thread-1] INFO  server.RaftServerConfigKeys (ConfUtils.java:logGet(44)) - raft.server.log.segment.size.max = 1048576 (custom)
2021-11-06 13:09:06,682 [pool-605-thread-1] INFO  server.RaftServerConfigKeys (ConfUtils.java:logGet(44)) - raft.server.log.segment.cache.num.max = 2 (custom)
2021-11-06 13:09:06,682 [pool-605-thread-1] INFO  server.RaftServerConfigKeys (ConfUtils.java:logGet(44)) - raft.server.log.segment.cache.size.max = 200MB (=209715200) (default)
2021-11-06 13:09:06,682 [pool-605-thread-1] INFO  segmented.SegmentedRaftLogWorker (SegmentedRaftLogWorker.java:<init>(182)) - new a8ad8818-625e-4bd0-b4ed-3716b4b5c8f9@group-767134F6B288-SegmentedRaftLogWorker for RaftStorageImpl:Storage Directory /home/runner/work/ozone/ozone/hadoop-ozone/integration-test/target/test-dir/MiniOzoneClusterImpl-57fe1d17-8f30-476a-a64a-953d5983e20c/datanode-3/data/ratis/7e863a07-bf1b-4791-a5cf-767134f6b288
2021-11-06 13:09:06,682 [pool-605-thread-1] INFO  server.RaftServerConfigKeys (ConfUtils.java:logGet(44)) - raft.server.log.queue.byte-limit = 2147483647 (custom)
2021-11-06 13:09:06,683 [pool-605-thread-1] INFO  server.RaftServerConfigKeys (ConfUtils.java:logGet(44)) - raft.server.log.queue.element-limit = 1024 (custom)
2021-11-06 13:09:06,683 [pool-605-thread-1] INFO  server.RaftServerConfigKeys (ConfUtils.java:logGet(44)) - raft.server.log.segment.size.max = 1048576 (custom)
2021-11-06 13:09:06,683 [pool-605-thread-1] INFO  server.RaftServerConfigKeys (ConfUtils.java:logGet(44)) - raft.server.log.preallocated.size = 16384 (custom)
2021-11-06 13:09:06,683 [pool-605-thread-1] INFO  server.RaftServerConfigKeys (ConfUtils.java:logGet(44)) - raft.server.log.force.sync.num = 128 (default)
2021-11-06 13:09:06,683 [pool-605-thread-1] INFO  server.RaftServerConfigKeys (ConfUtils.java:logGet(44)) - raft.server.log.statemachine.data.sync = true (default)
2021-11-06 13:09:06,683 [pool-605-thread-1] INFO  server.RaftServerConfigKeys (ConfUtils.java:logGet(44)) - raft.server.log.statemachine.data.sync.timeout = 10s (default)
2021-11-06 13:09:06,683 [pool-605-thread-1] INFO  server.RaftServerConfigKeys (ConfUtils.java:logGet(44)) - raft.server.log.statemachine.data.sync.timeout.retry = -1 (default)
2021-11-06 13:09:06,684 [pool-605-thread-1] INFO  server.RaftServerConfigKeys (ConfUtils.java:logGet(44)) - raft.server.log.write.buffer.size = 1048576 (custom)
2021-11-06 13:09:06,685 [pool-605-thread-1] INFO  server.RaftServerConfigKeys (ConfUtils.java:logGet(44)) - raft.server.log.statemachine.data.caching.enabled = true (custom)
2021-11-06 13:09:06,685 [pool-605-thread-1] INFO  segmented.SegmentedRaftLogWorker (SegmentedRaftLogWorker.java:lambda$new$0(133)) - a8ad8818-625e-4bd0-b4ed-3716b4b5c8f9@group-767134F6B288-SegmentedRaftLogWorker: flushIndex: setUnconditionally 0 -> -1
2021-11-06 13:09:06,685 [pool-605-thread-1] INFO  segmented.SegmentedRaftLogWorker (SegmentedRaftLogWorker.java:lambda$new$0(133)) - a8ad8818-625e-4bd0-b4ed-3716b4b5c8f9@group-767134F6B288-SegmentedRaftLogWorker: safeCacheEvictIndex: setUnconditionally 0 -> -1
2021-11-06 13:09:06,685 [pool-605-thread-1] INFO  server.RaftServerConfigKeys (ConfUtils.java:logGet(44)) - raft.server.snapshot.auto.trigger.enabled = true (custom)
2021-11-06 13:09:06,685 [pool-605-thread-1] INFO  server.RaftServerConfigKeys (ConfUtils.java:logGet(44)) - raft.server.snapshot.auto.trigger.threshold = 10000 (custom)
2021-11-06 13:09:06,686 [pool-605-thread-1] INFO  server.RaftServerConfigKeys (ConfUtils.java:logGet(44)) - raft.server.snapshot.retention.file.num = 5 (custom)
2021-11-06 13:09:06,686 [pool-605-thread-1] INFO  server.RaftServerConfigKeys (ConfUtils.java:logGet(44)) - raft.server.log.purge.upto.snapshot.index = false (default)
2021-11-06 13:09:06,686 [pool-605-thread-1] INFO  server.RaftServerConfigKeys (ConfUtils.java:logGet(44)) - raft.server.retrycache.expirytime = 600000ms (custom)
2021-11-06 13:09:06,686 [pool-605-thread-1] INFO  server.RaftServerConfigKeys (ConfUtils.java:logGet(44)) - raft.server.retrycache.statistics.expirytime = 100μs (default)
2021-11-06 13:09:06,688 [pool-605-thread-1] INFO  server.RaftServer$Division (RaftServerImpl.java:start(301)) - a8ad8818-625e-4bd0-b4ed-3716b4b5c8f9@group-767134F6B288: start as a follower, conf=-1: [a8ad8818-625e-4bd0-b4ed-3716b4b5c8f9|rpc:10.1.0.11:40631|priority:0, 8825a48f-3f68-4f9f-a5f1-6d0b8018f501|rpc:10.1.0.11:41601|priority:0, 5750f6fd-62ed-459f-9a73-135ca28be509|rpc:10.1.0.11:38801|priority:1], old=null
2021-11-06 13:09:06,688 [pool-605-thread-1] INFO  server.RaftServer$Division (RaftServerImpl.java:setRole(290)) - a8ad8818-625e-4bd0-b4ed-3716b4b5c8f9@group-767134F6B288: changes role from      null to FOLLOWER at term 0 for startAsFollower
2021-11-06 13:09:06,688 [pool-605-thread-1] INFO  impl.RoleInfo (RoleInfo.java:updateAndGet(130)) - a8ad8818-625e-4bd0-b4ed-3716b4b5c8f9: start a8ad8818-625e-4bd0-b4ed-3716b4b5c8f9@group-767134F6B288-FollowerState
2021-11-06 13:09:06,688 [EventQueue-OpenPipelineForHealthyPipelineSafeModeRule] INFO  safemode.SCMSafeModeManager (HealthyPipelineSafeModeRule.java:process(124)) - SCM in safe mode. Healthy pipelines reported count is 0, required healthy pipeline reported count is 1
2021-11-06 13:09:06,688 [pool-605-thread-1] INFO  util.JmxRegister (JmxRegister.java:tryRegister(44)) - Successfully registered JMX Bean with object name Ratis:service=RaftServer,group=group-767134F6B288,id=a8ad8818-625e-4bd0-b4ed-3716b4b5c8f9
2021-11-06 13:09:06,689 [Command processor thread] INFO  ratis.XceiverServerRatis (XceiverServerRatis.java:addGroup(768)) - Created group PipelineID=7e863a07-bf1b-4791-a5cf-767134f6b288
2021-11-06 13:09:06,701 [grpc-default-executor-3] INFO  server.RaftServer (RaftServerProxy.java:addNew(95)) - 8825a48f-3f68-4f9f-a5f1-6d0b8018f501: addNew group-767134F6B288:[a8ad8818-625e-4bd0-b4ed-3716b4b5c8f9|rpc:10.1.0.11:40631|dataStream:|priority:0, 8825a48f-3f68-4f9f-a5f1-6d0b8018f501|rpc:10.1.0.11:41601|dataStream:|priority:0, 5750f6fd-62ed-459f-9a73-135ca28be509|rpc:10.1.0.11:38801|dataStream:|priority:1] returns group-767134F6B288:java.util.concurrent.CompletableFuture@485abb9b[Not completed]
2021-11-06 13:09:06,702 [pool-624-thread-1] INFO  server.RaftServer$Division (RaftServerImpl.java:<init>(184)) - 8825a48f-3f68-4f9f-a5f1-6d0b8018f501: new RaftServerImpl for group-767134F6B288:[a8ad8818-625e-4bd0-b4ed-3716b4b5c8f9|rpc:10.1.0.11:40631|dataStream:|priority:0, 8825a48f-3f68-4f9f-a5f1-6d0b8018f501|rpc:10.1.0.11:41601|dataStream:|priority:0, 5750f6fd-62ed-459f-9a73-135ca28be509|rpc:10.1.0.11:38801|dataStream:|priority:1] with ContainerStateMachine:uninitialized
2021-11-06 13:09:06,702 [pool-624-thread-1] INFO  server.RaftServerConfigKeys (ConfUtils.java:logGet(44)) - raft.server.rpc.timeout.min = 5s (custom)
2021-11-06 13:09:06,702 [pool-624-thread-1] INFO  server.RaftServerConfigKeys (ConfUtils.java:logGet(44)) - raft.server.rpc.timeout.max = 5200ms (custom)
2021-11-06 13:09:06,702 [pool-624-thread-1] INFO  server.RaftServerConfigKeys (ConfUtils.java:logGet(44)) - raft.server.rpc.sleep.time = 25ms (default)
2021-11-06 13:09:06,702 [pool-624-thread-1] INFO  server.RaftServerConfigKeys (ConfUtils.java:logGet(44)) - raft.server.rpc.slowness.timeout = 300000ms (custom)
2021-11-06 13:09:06,702 [pool-624-thread-1] INFO  server.RaftServerConfigKeys (ConfUtils.java:logGet(44)) - raft.server.leaderelection.leader.step-down.wait-time = 10s (default)
2021-11-06 13:09:06,703 [pool-624-thread-1] INFO  server.RaftServerConfigKeys (ConfUtils.java:logGet(44)) - raft.server.sleep.deviation.threshold = 300ms (default)
2021-11-06 13:09:06,703 [pool-624-thread-1] INFO  server.RaftServerConfigKeys (ConfUtils.java:logGet(44)) - raft.server.log.appender.install.snapshot.enabled = false (custom)
2021-11-06 13:09:06,703 [pool-624-thread-1] INFO  server.RaftServer$Division (ServerState.java:<init>(105)) - 8825a48f-3f68-4f9f-a5f1-6d0b8018f501@group-767134F6B288: ConfigurationManager, init=-1: [a8ad8818-625e-4bd0-b4ed-3716b4b5c8f9|rpc:10.1.0.11:40631|dataStream:|priority:0, 8825a48f-3f68-4f9f-a5f1-6d0b8018f501|rpc:10.1.0.11:41601|dataStream:|priority:0, 5750f6fd-62ed-459f-9a73-135ca28be509|rpc:10.1.0.11:38801|dataStream:|priority:1], old=null, confs=<EMPTY_MAP>
2021-11-06 13:09:06,703 [pool-624-thread-1] INFO  server.RaftServerConfigKeys (ConfUtils.java:logGet(44)) - raft.server.storage.dir = [/home/runner/work/ozone/ozone/hadoop-ozone/integration-test/target/test-dir/MiniOzoneClusterImpl-57fe1d17-8f30-476a-a64a-953d5983e20c/datanode-4/data/ratis] (custom)
2021-11-06 13:09:06,703 [pool-624-thread-1] INFO  server.RaftServerConfigKeys (ConfUtils.java:logGet(44)) - raft.server.log.corruption.policy = EXCEPTION (default)
2021-11-06 13:09:06,703 [pool-624-thread-1] INFO  server.RaftServerConfigKeys (ConfUtils.java:logGet(44)) - raft.server.storage.free-space.min = 0MB (=0) (default)
2021-11-06 13:09:06,703 [pool-624-thread-1] INFO  storage.RaftStorageDirectory (RaftStorageDirectoryImpl.java:analyzeStorage(135)) - The storage directory /home/runner/work/ozone/ozone/hadoop-ozone/integration-test/target/test-dir/MiniOzoneClusterImpl-57fe1d17-8f30-476a-a64a-953d5983e20c/datanode-4/data/ratis/7e863a07-bf1b-4791-a5cf-767134f6b288 does not exist. Creating ...
2021-11-06 13:09:06,708 [pool-624-thread-1] INFO  storage.RaftStorageDirectory (RaftStorageDirectoryImpl.java:tryLock(230)) - Lock on /home/runner/work/ozone/ozone/hadoop-ozone/integration-test/target/test-dir/MiniOzoneClusterImpl-57fe1d17-8f30-476a-a64a-953d5983e20c/datanode-4/data/ratis/7e863a07-bf1b-4791-a5cf-767134f6b288/in_use.lock acquired by nodename 21237@fv-az151-875
2021-11-06 13:09:06,713 [pool-624-thread-1] INFO  storage.RaftStorage (RaftStorageImpl.java:format(89)) - Storage directory /home/runner/work/ozone/ozone/hadoop-ozone/integration-test/target/test-dir/MiniOzoneClusterImpl-57fe1d17-8f30-476a-a64a-953d5983e20c/datanode-4/data/ratis/7e863a07-bf1b-4791-a5cf-767134f6b288 has been successfully formatted.
2021-11-06 13:09:06,741 [pool-624-thread-1] INFO  ratis.ContainerStateMachine (ContainerStateMachine.java:loadSnapshot(224)) - group-767134F6B288: The snapshot info is null. Setting the last applied indexto:(t:0, i:~)
2021-11-06 13:09:06,741 [pool-624-thread-1] INFO  server.RaftServerConfigKeys (ConfUtils.java:logGet(44)) - raft.server.notification.no-leader.timeout = 300000ms (custom)
2021-11-06 13:09:06,742 [pool-624-thread-1] INFO  server.RaftServerConfigKeys (ConfUtils.java:logGet(44)) - raft.server.log.use.memory = false (default)
2021-11-06 13:09:06,742 [pool-624-thread-1] INFO  server.RaftServerConfigKeys (ConfUtils.java:logGet(44)) - raft.server.log.purge.gap = 1000000 (custom)
2021-11-06 13:09:06,742 [pool-624-thread-1] INFO  server.RaftServerConfigKeys (ConfUtils.java:logGet(44)) - raft.server.log.appender.buffer.byte-limit = 33554432 (custom)
2021-11-06 13:09:06,742 [pool-624-thread-1] INFO  server.RaftServerConfigKeys (ConfUtils.java:logGet(44)) - raft.server.log.segment.size.max = 1048576 (custom)
2021-11-06 13:09:06,742 [pool-624-thread-1] INFO  server.RaftServerConfigKeys (ConfUtils.java:logGet(44)) - raft.server.log.segment.cache.num.max = 2 (custom)
2021-11-06 13:09:06,742 [pool-624-thread-1] INFO  server.RaftServerConfigKeys (ConfUtils.java:logGet(44)) - raft.server.log.segment.cache.size.max = 200MB (=209715200) (default)
2021-11-06 13:09:06,743 [pool-624-thread-1] INFO  segmented.SegmentedRaftLogWorker (SegmentedRaftLogWorker.java:<init>(182)) - new 8825a48f-3f68-4f9f-a5f1-6d0b8018f501@group-767134F6B288-SegmentedRaftLogWorker for RaftStorageImpl:Storage Directory /home/runner/work/ozone/ozone/hadoop-ozone/integration-test/target/test-dir/MiniOzoneClusterImpl-57fe1d17-8f30-476a-a64a-953d5983e20c/datanode-4/data/ratis/7e863a07-bf1b-4791-a5cf-767134f6b288
2021-11-06 13:09:06,743 [pool-624-thread-1] INFO  server.RaftServerConfigKeys (ConfUtils.java:logGet(44)) - raft.server.log.queue.byte-limit = 2147483647 (custom)
2021-11-06 13:09:06,743 [pool-624-thread-1] INFO  server.RaftServerConfigKeys (ConfUtils.java:logGet(44)) - raft.server.log.queue.element-limit = 1024 (custom)
2021-11-06 13:09:06,743 [pool-624-thread-1] INFO  server.RaftServerConfigKeys (ConfUtils.java:logGet(44)) - raft.server.log.segment.size.max = 1048576 (custom)
2021-11-06 13:09:06,743 [pool-624-thread-1] INFO  server.RaftServerConfigKeys (ConfUtils.java:logGet(44)) - raft.server.log.preallocated.size = 16384 (custom)
2021-11-06 13:09:06,743 [pool-624-thread-1] INFO  server.RaftServerConfigKeys (ConfUtils.java:logGet(44)) - raft.server.log.force.sync.num = 128 (default)
2021-11-06 13:09:06,743 [pool-624-thread-1] INFO  server.RaftServerConfigKeys (ConfUtils.java:logGet(44)) - raft.server.log.statemachine.data.sync = true (default)
2021-11-06 13:09:06,743 [pool-624-thread-1] INFO  server.RaftServerConfigKeys (ConfUtils.java:logGet(44)) - raft.server.log.statemachine.data.sync.timeout = 10s (default)
2021-11-06 13:09:06,743 [pool-624-thread-1] INFO  server.RaftServerConfigKeys (ConfUtils.java:logGet(44)) - raft.server.log.statemachine.data.sync.timeout.retry = -1 (default)
2021-11-06 13:09:06,745 [pool-624-thread-1] INFO  server.RaftServerConfigKeys (ConfUtils.java:logGet(44)) - raft.server.log.write.buffer.size = 1048576 (custom)
2021-11-06 13:09:06,745 [pool-624-thread-1] INFO  server.RaftServerConfigKeys (ConfUtils.java:logGet(44)) - raft.server.log.statemachine.data.caching.enabled = true (custom)
2021-11-06 13:09:06,745 [pool-624-thread-1] INFO  segmented.SegmentedRaftLogWorker (SegmentedRaftLogWorker.java:lambda$new$0(133)) - 8825a48f-3f68-4f9f-a5f1-6d0b8018f501@group-767134F6B288-SegmentedRaftLogWorker: flushIndex: setUnconditionally 0 -> -1
2021-11-06 13:09:06,745 [pool-624-thread-1] INFO  segmented.SegmentedRaftLogWorker (SegmentedRaftLogWorker.java:lambda$new$0(133)) - 8825a48f-3f68-4f9f-a5f1-6d0b8018f501@group-767134F6B288-SegmentedRaftLogWorker: safeCacheEvictIndex: setUnconditionally 0 -> -1
2021-11-06 13:09:06,745 [pool-624-thread-1] INFO  server.RaftServerConfigKeys (ConfUtils.java:logGet(44)) - raft.server.snapshot.auto.trigger.enabled = true (custom)
2021-11-06 13:09:06,745 [pool-624-thread-1] INFO  server.RaftServerConfigKeys (ConfUtils.java:logGet(44)) - raft.server.snapshot.auto.trigger.threshold = 10000 (custom)
2021-11-06 13:09:06,745 [pool-624-thread-1] INFO  server.RaftServerConfigKeys (ConfUtils.java:logGet(44)) - raft.server.snapshot.retention.file.num = 5 (custom)
2021-11-06 13:09:06,746 [pool-624-thread-1] INFO  server.RaftServerConfigKeys (ConfUtils.java:logGet(44)) - raft.server.log.purge.upto.snapshot.index = false (default)
2021-11-06 13:09:06,746 [pool-624-thread-1] INFO  server.RaftServerConfigKeys (ConfUtils.java:logGet(44)) - raft.server.retrycache.expirytime = 600000ms (custom)
2021-11-06 13:09:06,746 [pool-624-thread-1] INFO  server.RaftServerConfigKeys (ConfUtils.java:logGet(44)) - raft.server.retrycache.statistics.expirytime = 100μs (default)
2021-11-06 13:09:06,748 [pool-624-thread-1] INFO  server.RaftServer$Division (RaftServerImpl.java:start(301)) - 8825a48f-3f68-4f9f-a5f1-6d0b8018f501@group-767134F6B288: start as a follower, conf=-1: [a8ad8818-625e-4bd0-b4ed-3716b4b5c8f9|rpc:10.1.0.11:40631|dataStream:|priority:0, 8825a48f-3f68-4f9f-a5f1-6d0b8018f501|rpc:10.1.0.11:41601|dataStream:|priority:0, 5750f6fd-62ed-459f-9a73-135ca28be509|rpc:10.1.0.11:38801|dataStream:|priority:1], old=null
2021-11-06 13:09:06,748 [pool-624-thread-1] INFO  server.RaftServer$Division (RaftServerImpl.java:setRole(290)) - 8825a48f-3f68-4f9f-a5f1-6d0b8018f501@group-767134F6B288: changes role from      null to FOLLOWER at term 0 for startAsFollower
2021-11-06 13:09:06,748 [pool-624-thread-1] INFO  impl.RoleInfo (RoleInfo.java:updateAndGet(130)) - 8825a48f-3f68-4f9f-a5f1-6d0b8018f501: start 8825a48f-3f68-4f9f-a5f1-6d0b8018f501@group-767134F6B288-FollowerState
2021-11-06 13:09:06,763 [pool-624-thread-1] INFO  util.JmxRegister (JmxRegister.java:tryRegister(44)) - Successfully registered JMX Bean with object name Ratis:service=RaftServer,group=group-767134F6B288,id=8825a48f-3f68-4f9f-a5f1-6d0b8018f501
2021-11-06 13:09:06,799 [grpc-default-executor-3] INFO  server.RaftServer (RaftServerProxy.java:addNew(95)) - 5750f6fd-62ed-459f-9a73-135ca28be509: addNew group-767134F6B288:[a8ad8818-625e-4bd0-b4ed-3716b4b5c8f9|rpc:10.1.0.11:40631|dataStream:|priority:0, 8825a48f-3f68-4f9f-a5f1-6d0b8018f501|rpc:10.1.0.11:41601|dataStream:|priority:0, 5750f6fd-62ed-459f-9a73-135ca28be509|rpc:10.1.0.11:38801|dataStream:|priority:1] returns group-767134F6B288:java.util.concurrent.CompletableFuture@7b368a36[Not completed]
2021-11-06 13:09:06,802 [pool-643-thread-1] INFO  server.RaftServer$Division (RaftServerImpl.java:<init>(184)) - 5750f6fd-62ed-459f-9a73-135ca28be509: new RaftServerImpl for group-767134F6B288:[a8ad8818-625e-4bd0-b4ed-3716b4b5c8f9|rpc:10.1.0.11:40631|dataStream:|priority:0, 8825a48f-3f68-4f9f-a5f1-6d0b8018f501|rpc:10.1.0.11:41601|dataStream:|priority:0, 5750f6fd-62ed-459f-9a73-135ca28be509|rpc:10.1.0.11:38801|dataStream:|priority:1] with ContainerStateMachine:uninitialized
2021-11-06 13:09:06,802 [pool-643-thread-1] INFO  server.RaftServerConfigKeys (ConfUtils.java:logGet(44)) - raft.server.rpc.timeout.min = 5s (custom)
2021-11-06 13:09:06,802 [pool-643-thread-1] INFO  server.RaftServerConfigKeys (ConfUtils.java:logGet(44)) - raft.server.rpc.timeout.max = 5200ms (custom)
2021-11-06 13:09:06,802 [pool-643-thread-1] INFO  server.RaftServerConfigKeys (ConfUtils.java:logGet(44)) - raft.server.rpc.sleep.time = 25ms (default)
2021-11-06 13:09:06,802 [pool-643-thread-1] INFO  server.RaftServerConfigKeys (ConfUtils.java:logGet(44)) - raft.server.rpc.slowness.timeout = 300000ms (custom)
2021-11-06 13:09:06,802 [pool-643-thread-1] INFO  server.RaftServerConfigKeys (ConfUtils.java:logGet(44)) - raft.server.leaderelection.leader.step-down.wait-time = 10s (default)
2021-11-06 13:09:06,802 [pool-643-thread-1] INFO  server.RaftServerConfigKeys (ConfUtils.java:logGet(44)) - raft.server.sleep.deviation.threshold = 300ms (default)
2021-11-06 13:09:06,802 [pool-643-thread-1] INFO  server.RaftServerConfigKeys (ConfUtils.java:logGet(44)) - raft.server.log.appender.install.snapshot.enabled = false (custom)
2021-11-06 13:09:06,802 [pool-643-thread-1] INFO  server.RaftServer$Division (ServerState.java:<init>(105)) - 5750f6fd-62ed-459f-9a73-135ca28be509@group-767134F6B288: ConfigurationManager, init=-1: [a8ad8818-625e-4bd0-b4ed-3716b4b5c8f9|rpc:10.1.0.11:40631|dataStream:|priority:0, 8825a48f-3f68-4f9f-a5f1-6d0b8018f501|rpc:10.1.0.11:41601|dataStream:|priority:0, 5750f6fd-62ed-459f-9a73-135ca28be509|rpc:10.1.0.11:38801|dataStream:|priority:1], old=null, confs=<EMPTY_MAP>
2021-11-06 13:09:06,802 [pool-643-thread-1] INFO  server.RaftServerConfigKeys (ConfUtils.java:logGet(44)) - raft.server.storage.dir = [/home/runner/work/ozone/ozone/hadoop-ozone/integration-test/target/test-dir/MiniOzoneClusterImpl-57fe1d17-8f30-476a-a64a-953d5983e20c/datanode-5/data/ratis] (custom)
2021-11-06 13:09:06,803 [pool-643-thread-1] INFO  server.RaftServerConfigKeys (ConfUtils.java:logGet(44)) - raft.server.log.corruption.policy = EXCEPTION (default)
2021-11-06 13:09:06,816 [pool-643-thread-1] INFO  server.RaftServerConfigKeys (ConfUtils.java:logGet(44)) - raft.server.storage.free-space.min = 0MB (=0) (default)
2021-11-06 13:09:06,818 [pool-643-thread-1] INFO  storage.RaftStorageDirectory (RaftStorageDirectoryImpl.java:analyzeStorage(135)) - The storage directory /home/runner/work/ozone/ozone/hadoop-ozone/integration-test/target/test-dir/MiniOzoneClusterImpl-57fe1d17-8f30-476a-a64a-953d5983e20c/datanode-5/data/ratis/7e863a07-bf1b-4791-a5cf-767134f6b288 does not exist. Creating ...
2021-11-06 13:09:06,821 [pool-643-thread-1] INFO  storage.RaftStorageDirectory (RaftStorageDirectoryImpl.java:tryLock(230)) - Lock on /home/runner/work/ozone/ozone/hadoop-ozone/integration-test/target/test-dir/MiniOzoneClusterImpl-57fe1d17-8f30-476a-a64a-953d5983e20c/datanode-5/data/ratis/7e863a07-bf1b-4791-a5cf-767134f6b288/in_use.lock acquired by nodename 21237@fv-az151-875
2021-11-06 13:09:06,838 [pool-643-thread-1] INFO  storage.RaftStorage (RaftStorageImpl.java:format(89)) - Storage directory /home/runner/work/ozone/ozone/hadoop-ozone/integration-test/target/test-dir/MiniOzoneClusterImpl-57fe1d17-8f30-476a-a64a-953d5983e20c/datanode-5/data/ratis/7e863a07-bf1b-4791-a5cf-767134f6b288 has been successfully formatted.
2021-11-06 13:09:06,857 [pool-643-thread-1] INFO  ratis.ContainerStateMachine (ContainerStateMachine.java:loadSnapshot(224)) - group-767134F6B288: The snapshot info is null. Setting the last applied indexto:(t:0, i:~)
2021-11-06 13:09:06,860 [pool-643-thread-1] INFO  server.RaftServerConfigKeys (ConfUtils.java:logGet(44)) - raft.server.notification.no-leader.timeout = 300000ms (custom)
2021-11-06 13:09:06,860 [pool-643-thread-1] INFO  server.RaftServerConfigKeys (ConfUtils.java:logGet(44)) - raft.server.log.use.memory = false (default)
2021-11-06 13:09:06,860 [pool-643-thread-1] INFO  server.RaftServerConfigKeys (ConfUtils.java:logGet(44)) - raft.server.log.purge.gap = 1000000 (custom)
2021-11-06 13:09:06,860 [pool-643-thread-1] INFO  server.RaftServerConfigKeys (ConfUtils.java:logGet(44)) - raft.server.log.appender.buffer.byte-limit = 33554432 (custom)
2021-11-06 13:09:06,861 [pool-643-thread-1] INFO  server.RaftServerConfigKeys (ConfUtils.java:logGet(44)) - raft.server.log.segment.size.max = 1048576 (custom)
2021-11-06 13:09:06,895 [Listener at 127.0.0.1/34591] INFO  ozone.MiniOzoneClusterImpl (MiniOzoneClusterImpl.java:lambda$waitForClusterToBeReady$0(235)) - Nodes are ready. Got 9 of 9 DN Heartbeats.
2021-11-06 13:09:06,896 [Listener at 127.0.0.1/34591] INFO  ozone.MiniOzoneClusterImpl (MiniOzoneClusterImpl.java:lambda$waitForClusterToBeReady$0(238)) - Waiting for cluster to exit safe mode
2021-11-06 13:09:06,896 [Listener at 127.0.0.1/34591] INFO  ozone.MiniOzoneClusterImpl (MiniOzoneClusterImpl.java:lambda$waitForClusterToBeReady$0(240)) - SCM became leader
2021-11-06 13:09:06,929 [pool-643-thread-1] INFO  server.RaftServerConfigKeys (ConfUtils.java:logGet(44)) - raft.server.log.segment.cache.num.max = 2 (custom)
2021-11-06 13:09:06,929 [pool-643-thread-1] INFO  server.RaftServerConfigKeys (ConfUtils.java:logGet(44)) - raft.server.log.segment.cache.size.max = 200MB (=209715200) (default)
2021-11-06 13:09:06,929 [pool-643-thread-1] INFO  segmented.SegmentedRaftLogWorker (SegmentedRaftLogWorker.java:<init>(182)) - new 5750f6fd-62ed-459f-9a73-135ca28be509@group-767134F6B288-SegmentedRaftLogWorker for RaftStorageImpl:Storage Directory /home/runner/work/ozone/ozone/hadoop-ozone/integration-test/target/test-dir/MiniOzoneClusterImpl-57fe1d17-8f30-476a-a64a-953d5983e20c/datanode-5/data/ratis/7e863a07-bf1b-4791-a5cf-767134f6b288
2021-11-06 13:09:06,929 [pool-643-thread-1] INFO  server.RaftServerConfigKeys (ConfUtils.java:logGet(44)) - raft.server.log.queue.byte-limit = 2147483647 (custom)
2021-11-06 13:09:06,929 [pool-643-thread-1] INFO  server.RaftServerConfigKeys (ConfUtils.java:logGet(44)) - raft.server.log.queue.element-limit = 1024 (custom)
2021-11-06 13:09:06,929 [pool-643-thread-1] INFO  server.RaftServerConfigKeys (ConfUtils.java:logGet(44)) - raft.server.log.segment.size.max = 1048576 (custom)
2021-11-06 13:09:06,929 [pool-643-thread-1] INFO  server.RaftServerConfigKeys (ConfUtils.java:logGet(44)) - raft.server.log.preallocated.size = 16384 (custom)
2021-11-06 13:09:06,929 [pool-643-thread-1] INFO  server.RaftServerConfigKeys (ConfUtils.java:logGet(44)) - raft.server.log.force.sync.num = 128 (default)
2021-11-06 13:09:06,929 [pool-643-thread-1] INFO  server.RaftServerConfigKeys (ConfUtils.java:logGet(44)) - raft.server.log.statemachine.data.sync = true (default)
2021-11-06 13:09:06,929 [pool-643-thread-1] INFO  server.RaftServerConfigKeys (ConfUtils.java:logGet(44)) - raft.server.log.statemachine.data.sync.timeout = 10s (default)
2021-11-06 13:09:06,929 [pool-643-thread-1] INFO  server.RaftServerConfigKeys (ConfUtils.java:logGet(44)) - raft.server.log.statemachine.data.sync.timeout.retry = -1 (default)
2021-11-06 13:09:06,931 [pool-643-thread-1] INFO  server.RaftServerConfigKeys (ConfUtils.java:logGet(44)) - raft.server.log.write.buffer.size = 1048576 (custom)
2021-11-06 13:09:06,932 [pool-643-thread-1] INFO  server.RaftServerConfigKeys (ConfUtils.java:logGet(44)) - raft.server.log.statemachine.data.caching.enabled = true (custom)
2021-11-06 13:09:06,932 [pool-643-thread-1] INFO  segmented.SegmentedRaftLogWorker (SegmentedRaftLogWorker.java:lambda$new$0(133)) - 5750f6fd-62ed-459f-9a73-135ca28be509@group-767134F6B288-SegmentedRaftLogWorker: flushIndex: setUnconditionally 0 -> -1
2021-11-06 13:09:06,932 [pool-643-thread-1] INFO  segmented.SegmentedRaftLogWorker (SegmentedRaftLogWorker.java:lambda$new$0(133)) - 5750f6fd-62ed-459f-9a73-135ca28be509@group-767134F6B288-SegmentedRaftLogWorker: safeCacheEvictIndex: setUnconditionally 0 -> -1
2021-11-06 13:09:06,932 [pool-643-thread-1] INFO  server.RaftServerConfigKeys (ConfUtils.java:logGet(44)) - raft.server.snapshot.auto.trigger.enabled = true (custom)
2021-11-06 13:09:06,932 [pool-643-thread-1] INFO  server.RaftServerConfigKeys (ConfUtils.java:logGet(44)) - raft.server.snapshot.auto.trigger.threshold = 10000 (custom)
2021-11-06 13:09:06,932 [pool-643-thread-1] INFO  server.RaftServerConfigKeys (ConfUtils.java:logGet(44)) - raft.server.snapshot.retention.file.num = 5 (custom)
2021-11-06 13:09:06,932 [pool-643-thread-1] INFO  server.RaftServerConfigKeys (ConfUtils.java:logGet(44)) - raft.server.log.purge.upto.snapshot.index = false (default)
2021-11-06 13:09:06,932 [pool-643-thread-1] INFO  server.RaftServerConfigKeys (ConfUtils.java:logGet(44)) - raft.server.retrycache.expirytime = 600000ms (custom)
2021-11-06 13:09:06,933 [pool-643-thread-1] INFO  server.RaftServerConfigKeys (ConfUtils.java:logGet(44)) - raft.server.retrycache.statistics.expirytime = 100μs (default)
2021-11-06 13:09:06,934 [pool-643-thread-1] INFO  server.RaftServer$Division (RaftServerImpl.java:start(301)) - 5750f6fd-62ed-459f-9a73-135ca28be509@group-767134F6B288: start as a follower, conf=-1: [a8ad8818-625e-4bd0-b4ed-3716b4b5c8f9|rpc:10.1.0.11:40631|dataStream:|priority:0, 8825a48f-3f68-4f9f-a5f1-6d0b8018f501|rpc:10.1.0.11:41601|dataStream:|priority:0, 5750f6fd-62ed-459f-9a73-135ca28be509|rpc:10.1.0.11:38801|dataStream:|priority:1], old=null
2021-11-06 13:09:06,934 [pool-643-thread-1] INFO  server.RaftServer$Division (RaftServerImpl.java:setRole(290)) - 5750f6fd-62ed-459f-9a73-135ca28be509@group-767134F6B288: changes role from      null to FOLLOWER at term 0 for startAsFollower
2021-11-06 13:09:06,934 [pool-643-thread-1] INFO  impl.RoleInfo (RoleInfo.java:updateAndGet(130)) - 5750f6fd-62ed-459f-9a73-135ca28be509: start 5750f6fd-62ed-459f-9a73-135ca28be509@group-767134F6B288-FollowerState
2021-11-06 13:09:06,935 [pool-643-thread-1] INFO  util.JmxRegister (JmxRegister.java:tryRegister(44)) - Successfully registered JMX Bean with object name Ratis:service=RaftServer,group=group-767134F6B288,id=5750f6fd-62ed-459f-9a73-135ca28be509
2021-11-06 13:09:07,004 [Command processor thread] INFO  commandhandler.CreatePipelineCommandHandler (CreatePipelineCommandHandler.java:handle(106)) - Created Pipeline RATIS THREE PipelineID=7e863a07-bf1b-4791-a5cf-767134f6b288.
2021-11-06 13:09:07,036 [Command processor thread] INFO  server.RaftServer (RaftServerProxy.java:addNew(95)) - 8825a48f-3f68-4f9f-a5f1-6d0b8018f501: addNew group-82FA7D9C4D50:[8825a48f-3f68-4f9f-a5f1-6d0b8018f501|rpc:10.1.0.11:41601|priority:1] returns group-82FA7D9C4D50:java.util.concurrent.CompletableFuture@22dc13be[Not completed]
2021-11-06 13:09:07,039 [pool-624-thread-1] INFO  server.RaftServer$Division (RaftServerImpl.java:<init>(184)) - 8825a48f-3f68-4f9f-a5f1-6d0b8018f501: new RaftServerImpl for group-82FA7D9C4D50:[8825a48f-3f68-4f9f-a5f1-6d0b8018f501|rpc:10.1.0.11:41601|priority:1] with ContainerStateMachine:uninitialized
2021-11-06 13:09:07,040 [pool-624-thread-1] INFO  server.RaftServerConfigKeys (ConfUtils.java:logGet(44)) - raft.server.rpc.timeout.min = 5s (custom)
2021-11-06 13:09:07,040 [pool-624-thread-1] INFO  server.RaftServerConfigKeys (ConfUtils.java:logGet(44)) - raft.server.rpc.timeout.max = 5200ms (custom)
2021-11-06 13:09:07,040 [pool-624-thread-1] INFO  server.RaftServerConfigKeys (ConfUtils.java:logGet(44)) - raft.server.rpc.sleep.time = 25ms (default)
2021-11-06 13:09:07,040 [pool-624-thread-1] INFO  server.RaftServerConfigKeys (ConfUtils.java:logGet(44)) - raft.server.rpc.slowness.timeout = 300000ms (custom)
2021-11-06 13:09:07,040 [pool-624-thread-1] INFO  server.RaftServerConfigKeys (ConfUtils.java:logGet(44)) - raft.server.leaderelection.leader.step-down.wait-time = 10s (default)
2021-11-06 13:09:07,040 [pool-624-thread-1] INFO  server.RaftServerConfigKeys (ConfUtils.java:logGet(44)) - raft.server.sleep.deviation.threshold = 300ms (default)
2021-11-06 13:09:07,040 [pool-624-thread-1] INFO  server.RaftServerConfigKeys (ConfUtils.java:logGet(44)) - raft.server.log.appender.install.snapshot.enabled = false (custom)
2021-11-06 13:09:07,040 [pool-624-thread-1] INFO  server.RaftServer$Division (ServerState.java:<init>(105)) - 8825a48f-3f68-4f9f-a5f1-6d0b8018f501@group-82FA7D9C4D50: ConfigurationManager, init=-1: [8825a48f-3f68-4f9f-a5f1-6d0b8018f501|rpc:10.1.0.11:41601|priority:1], old=null, confs=<EMPTY_MAP>
2021-11-06 13:09:07,040 [pool-624-thread-1] INFO  server.RaftServerConfigKeys (ConfUtils.java:logGet(44)) - raft.server.storage.dir = [/home/runner/work/ozone/ozone/hadoop-ozone/integration-test/target/test-dir/MiniOzoneClusterImpl-57fe1d17-8f30-476a-a64a-953d5983e20c/datanode-4/data/ratis] (custom)
2021-11-06 13:09:07,040 [pool-624-thread-1] INFO  server.RaftServerConfigKeys (ConfUtils.java:logGet(44)) - raft.server.log.corruption.policy = EXCEPTION (default)
2021-11-06 13:09:07,040 [pool-624-thread-1] INFO  server.RaftServerConfigKeys (ConfUtils.java:logGet(44)) - raft.server.storage.free-space.min = 0MB (=0) (default)
2021-11-06 13:09:07,041 [pool-624-thread-1] INFO  storage.RaftStorageDirectory (RaftStorageDirectoryImpl.java:analyzeStorage(135)) - The storage directory /home/runner/work/ozone/ozone/hadoop-ozone/integration-test/target/test-dir/MiniOzoneClusterImpl-57fe1d17-8f30-476a-a64a-953d5983e20c/datanode-4/data/ratis/233fa60b-c3f1-4fba-be80-82fa7d9c4d50 does not exist. Creating ...
2021-11-06 13:09:07,042 [pool-624-thread-1] INFO  storage.RaftStorageDirectory (RaftStorageDirectoryImpl.java:tryLock(230)) - Lock on /home/runner/work/ozone/ozone/hadoop-ozone/integration-test/target/test-dir/MiniOzoneClusterImpl-57fe1d17-8f30-476a-a64a-953d5983e20c/datanode-4/data/ratis/233fa60b-c3f1-4fba-be80-82fa7d9c4d50/in_use.lock acquired by nodename 21237@fv-az151-875
2021-11-06 13:09:07,049 [pool-624-thread-1] INFO  storage.RaftStorage (RaftStorageImpl.java:format(89)) - Storage directory /home/runner/work/ozone/ozone/hadoop-ozone/integration-test/target/test-dir/MiniOzoneClusterImpl-57fe1d17-8f30-476a-a64a-953d5983e20c/datanode-4/data/ratis/233fa60b-c3f1-4fba-be80-82fa7d9c4d50 has been successfully formatted.
2021-11-06 13:09:07,049 [pool-624-thread-1] INFO  ratis.ContainerStateMachine (ContainerStateMachine.java:loadSnapshot(224)) - group-82FA7D9C4D50: The snapshot info is null. Setting the last applied indexto:(t:0, i:~)
2021-11-06 13:09:07,050 [pool-624-thread-1] INFO  server.RaftServerConfigKeys (ConfUtils.java:logGet(44)) - raft.server.notification.no-leader.timeout = 300000ms (custom)
2021-11-06 13:09:07,050 [EventQueue-PipelineReportForPipelineReportHandler] INFO  pipeline.PipelineManagerImpl (PipelineManagerImpl.java:openPipeline(289)) - Pipeline Pipeline[ Id: 233fa60b-c3f1-4fba-be80-82fa7d9c4d50, Nodes: 8825a48f-3f68-4f9f-a5f1-6d0b8018f501{ip: 10.1.0.11, host: fv-az151-875.yf2hydr00wburbhx3j5hxtcipe.bx.internal.cloudapp.net, ports: [REPLICATION=36693, RATIS=41601, RATIS_ADMIN=41601, RATIS_SERVER=41601, STANDALONE=41641], networkLocation: /default-rack, certSerialId: null, persistedOpState: IN_SERVICE, persistedOpStateExpiryEpochSec: 0}, ReplicationConfig: RATIS/ONE, State:ALLOCATED, leaderId:8825a48f-3f68-4f9f-a5f1-6d0b8018f501, CreationTimestamp2021-11-06T13:09:04.040Z[Etc/UTC]] moved to OPEN state
2021-11-06 13:09:07,051 [EventQueue-OpenPipelineForHealthyPipelineSafeModeRule] INFO  safemode.SCMSafeModeManager (HealthyPipelineSafeModeRule.java:process(124)) - SCM in safe mode. Healthy pipelines reported count is 0, required healthy pipeline reported count is 1
2021-11-06 13:09:07,051 [pool-624-thread-1] INFO  server.RaftServerConfigKeys (ConfUtils.java:logGet(44)) - raft.server.log.use.memory = false (default)
2021-11-06 13:09:07,051 [pool-624-thread-1] INFO  server.RaftServerConfigKeys (ConfUtils.java:logGet(44)) - raft.server.log.purge.gap = 1000000 (custom)
2021-11-06 13:09:07,052 [pool-624-thread-1] INFO  server.RaftServerConfigKeys (ConfUtils.java:logGet(44)) - raft.server.log.appender.buffer.byte-limit = 33554432 (custom)
2021-11-06 13:09:07,052 [pool-624-thread-1] INFO  server.RaftServerConfigKeys (ConfUtils.java:logGet(44)) - raft.server.log.segment.size.max = 1048576 (custom)
2021-11-06 13:09:07,052 [pool-624-thread-1] INFO  server.RaftServerConfigKeys (ConfUtils.java:logGet(44)) - raft.server.log.segment.cache.num.max = 2 (custom)
2021-11-06 13:09:07,052 [pool-624-thread-1] INFO  server.RaftServerConfigKeys (ConfUtils.java:logGet(44)) - raft.server.log.segment.cache.size.max = 200MB (=209715200) (default)
2021-11-06 13:09:07,052 [pool-624-thread-1] INFO  segmented.SegmentedRaftLogWorker (SegmentedRaftLogWorker.java:<init>(182)) - new 8825a48f-3f68-4f9f-a5f1-6d0b8018f501@group-82FA7D9C4D50-SegmentedRaftLogWorker for RaftStorageImpl:Storage Directory /home/runner/work/ozone/ozone/hadoop-ozone/integration-test/target/test-dir/MiniOzoneClusterImpl-57fe1d17-8f30-476a-a64a-953d5983e20c/datanode-4/data/ratis/233fa60b-c3f1-4fba-be80-82fa7d9c4d50
2021-11-06 13:09:07,053 [pool-624-thread-1] INFO  server.RaftServerConfigKeys (ConfUtils.java:logGet(44)) - raft.server.log.queue.byte-limit = 2147483647 (custom)
2021-11-06 13:09:07,053 [pool-624-thread-1] INFO  server.RaftServerConfigKeys (ConfUtils.java:logGet(44)) - raft.server.log.queue.element-limit = 1024 (custom)
2021-11-06 13:09:07,053 [pool-624-thread-1] INFO  server.RaftServerConfigKeys (ConfUtils.java:logGet(44)) - raft.server.log.segment.size.max = 1048576 (custom)
2021-11-06 13:09:07,053 [pool-624-thread-1] INFO  server.RaftServerConfigKeys (ConfUtils.java:logGet(44)) - raft.server.log.preallocated.size = 16384 (custom)
2021-11-06 13:09:07,053 [pool-624-thread-1] INFO  server.RaftServerConfigKeys (ConfUtils.java:logGet(44)) - raft.server.log.force.sync.num = 128 (default)
2021-11-06 13:09:07,053 [pool-624-thread-1] INFO  server.RaftServerConfigKeys (ConfUtils.java:logGet(44)) - raft.server.log.statemachine.data.sync = true (default)
2021-11-06 13:09:07,053 [pool-624-thread-1] INFO  server.RaftServerConfigKeys (ConfUtils.java:logGet(44)) - raft.server.log.statemachine.data.sync.timeout = 10s (default)
2021-11-06 13:09:07,053 [pool-624-thread-1] INFO  server.RaftServerConfigKeys (ConfUtils.java:logGet(44)) - raft.server.log.statemachine.data.sync.timeout.retry = -1 (default)
2021-11-06 13:09:07,054 [pool-624-thread-1] INFO  server.RaftServerConfigKeys (ConfUtils.java:logGet(44)) - raft.server.log.write.buffer.size = 1048576 (custom)
2021-11-06 13:09:07,054 [pool-624-thread-1] INFO  server.RaftServerConfigKeys (ConfUtils.java:logGet(44)) - raft.server.log.statemachine.data.caching.enabled = true (custom)
2021-11-06 13:09:07,074 [pool-624-thread-1] INFO  segmented.SegmentedRaftLogWorker (SegmentedRaftLogWorker.java:lambda$new$0(133)) - 8825a48f-3f68-4f9f-a5f1-6d0b8018f501@group-82FA7D9C4D50-SegmentedRaftLogWorker: flushIndex: setUnconditionally 0 -> -1
2021-11-06 13:09:07,074 [pool-624-thread-1] INFO  segmented.SegmentedRaftLogWorker (SegmentedRaftLogWorker.java:lambda$new$0(133)) - 8825a48f-3f68-4f9f-a5f1-6d0b8018f501@group-82FA7D9C4D50-SegmentedRaftLogWorker: safeCacheEvictIndex: setUnconditionally 0 -> -1
2021-11-06 13:09:07,081 [pool-624-thread-1] INFO  server.RaftServerConfigKeys (ConfUtils.java:logGet(44)) - raft.server.snapshot.auto.trigger.enabled = true (custom)
2021-11-06 13:09:07,081 [pool-624-thread-1] INFO  server.RaftServerConfigKeys (ConfUtils.java:logGet(44)) - raft.server.snapshot.auto.trigger.threshold = 10000 (custom)
2021-11-06 13:09:07,081 [pool-624-thread-1] INFO  server.RaftServerConfigKeys (ConfUtils.java:logGet(44)) - raft.server.snapshot.retention.file.num = 5 (custom)
2021-11-06 13:09:07,081 [pool-624-thread-1] INFO  server.RaftServerConfigKeys (ConfUtils.java:logGet(44)) - raft.server.log.purge.upto.snapshot.index = false (default)
2021-11-06 13:09:07,081 [pool-624-thread-1] INFO  server.RaftServerConfigKeys (ConfUtils.java:logGet(44)) - raft.server.retrycache.expirytime = 600000ms (custom)
2021-11-06 13:09:07,081 [pool-624-thread-1] INFO  server.RaftServerConfigKeys (ConfUtils.java:logGet(44)) - raft.server.retrycache.statistics.expirytime = 100μs (default)
2021-11-06 13:09:07,083 [pool-624-thread-1] INFO  server.RaftServer$Division (RaftServerImpl.java:start(301)) - 8825a48f-3f68-4f9f-a5f1-6d0b8018f501@group-82FA7D9C4D50: start as a follower, conf=-1: [8825a48f-3f68-4f9f-a5f1-6d0b8018f501|rpc:10.1.0.11:41601|priority:1], old=null
2021-11-06 13:09:07,083 [pool-624-thread-1] INFO  server.RaftServer$Division (RaftServerImpl.java:setRole(290)) - 8825a48f-3f68-4f9f-a5f1-6d0b8018f501@group-82FA7D9C4D50: changes role from      null to FOLLOWER at term 0 for startAsFollower
2021-11-06 13:09:07,083 [pool-624-thread-1] INFO  impl.RoleInfo (RoleInfo.java:updateAndGet(130)) - 8825a48f-3f68-4f9f-a5f1-6d0b8018f501: start 8825a48f-3f68-4f9f-a5f1-6d0b8018f501@group-82FA7D9C4D50-FollowerState
2021-11-06 13:09:07,151 [pool-624-thread-1] INFO  util.JmxRegister (JmxRegister.java:tryRegister(44)) - Successfully registered JMX Bean with object name Ratis:service=RaftServer,group=group-82FA7D9C4D50,id=8825a48f-3f68-4f9f-a5f1-6d0b8018f501
2021-11-06 13:09:07,173 [Command processor thread] INFO  ratis.XceiverServerRatis (XceiverServerRatis.java:addGroup(768)) - Created group PipelineID=233fa60b-c3f1-4fba-be80-82fa7d9c4d50
2021-11-06 13:09:07,173 [Command processor thread] INFO  commandhandler.CreatePipelineCommandHandler (CreatePipelineCommandHandler.java:handle(106)) - Created Pipeline RATIS ONE PipelineID=233fa60b-c3f1-4fba-be80-82fa7d9c4d50.
2021-11-06 13:09:07,506 [Command processor thread] INFO  server.RaftServer (RaftServerProxy.java:addNew(95)) - 5750f6fd-62ed-459f-9a73-135ca28be509: addNew group-38F38F48C518:[5750f6fd-62ed-459f-9a73-135ca28be509|rpc:10.1.0.11:38801|priority:1] returns group-38F38F48C518:java.util.concurrent.CompletableFuture@1c568140[Not completed]
2021-11-06 13:09:07,512 [pool-643-thread-1] INFO  server.RaftServer$Division (RaftServerImpl.java:<init>(184)) - 5750f6fd-62ed-459f-9a73-135ca28be509: new RaftServerImpl for group-38F38F48C518:[5750f6fd-62ed-459f-9a73-135ca28be509|rpc:10.1.0.11:38801|priority:1] with ContainerStateMachine:uninitialized
2021-11-06 13:09:07,513 [pool-643-thread-1] INFO  server.RaftServerConfigKeys (ConfUtils.java:logGet(44)) - raft.server.rpc.timeout.min = 5s (custom)
2021-11-06 13:09:07,513 [pool-643-thread-1] INFO  server.RaftServerConfigKeys (ConfUtils.java:logGet(44)) - raft.server.rpc.timeout.max = 5200ms (custom)
2021-11-06 13:09:07,513 [pool-643-thread-1] INFO  server.RaftServerConfigKeys (ConfUtils.java:logGet(44)) - raft.server.rpc.sleep.time = 25ms (default)
2021-11-06 13:09:07,513 [pool-643-thread-1] INFO  server.RaftServerConfigKeys (ConfUtils.java:logGet(44)) - raft.server.rpc.slowness.timeout = 300000ms (custom)
2021-11-06 13:09:07,513 [pool-643-thread-1] INFO  server.RaftServerConfigKeys (ConfUtils.java:logGet(44)) - raft.server.leaderelection.leader.step-down.wait-time = 10s (default)
2021-11-06 13:09:07,513 [pool-643-thread-1] INFO  server.RaftServerConfigKeys (ConfUtils.java:logGet(44)) - raft.server.sleep.deviation.threshold = 300ms (default)
2021-11-06 13:09:07,513 [pool-643-thread-1] INFO  server.RaftServerConfigKeys (ConfUtils.java:logGet(44)) - raft.server.log.appender.install.snapshot.enabled = false (custom)
2021-11-06 13:09:07,513 [pool-643-thread-1] INFO  server.RaftServer$Division (ServerState.java:<init>(105)) - 5750f6fd-62ed-459f-9a73-135ca28be509@group-38F38F48C518: ConfigurationManager, init=-1: [5750f6fd-62ed-459f-9a73-135ca28be509|rpc:10.1.0.11:38801|priority:1], old=null, confs=<EMPTY_MAP>
2021-11-06 13:09:07,513 [pool-643-thread-1] INFO  server.RaftServerConfigKeys (ConfUtils.java:logGet(44)) - raft.server.storage.dir = [/home/runner/work/ozone/ozone/hadoop-ozone/integration-test/target/test-dir/MiniOzoneClusterImpl-57fe1d17-8f30-476a-a64a-953d5983e20c/datanode-5/data/ratis] (custom)
2021-11-06 13:09:07,513 [pool-643-thread-1] INFO  server.RaftServerConfigKeys (ConfUtils.java:logGet(44)) - raft.server.log.corruption.policy = EXCEPTION (default)
2021-11-06 13:09:07,513 [pool-643-thread-1] INFO  server.RaftServerConfigKeys (ConfUtils.java:logGet(44)) - raft.server.storage.free-space.min = 0MB (=0) (default)
2021-11-06 13:09:07,514 [pool-643-thread-1] INFO  storage.RaftStorageDirectory (RaftStorageDirectoryImpl.java:analyzeStorage(135)) - The storage directory /home/runner/work/ozone/ozone/hadoop-ozone/integration-test/target/test-dir/MiniOzoneClusterImpl-57fe1d17-8f30-476a-a64a-953d5983e20c/datanode-5/data/ratis/96771191-72f5-4b92-817c-38f38f48c518 does not exist. Creating ...
2021-11-06 13:09:07,515 [pool-643-thread-1] INFO  storage.RaftStorageDirectory (RaftStorageDirectoryImpl.java:tryLock(230)) - Lock on /home/runner/work/ozone/ozone/hadoop-ozone/integration-test/target/test-dir/MiniOzoneClusterImpl-57fe1d17-8f30-476a-a64a-953d5983e20c/datanode-5/data/ratis/96771191-72f5-4b92-817c-38f38f48c518/in_use.lock acquired by nodename 21237@fv-az151-875
2021-11-06 13:09:07,518 [pool-643-thread-1] INFO  storage.RaftStorage (RaftStorageImpl.java:format(89)) - Storage directory /home/runner/work/ozone/ozone/hadoop-ozone/integration-test/target/test-dir/MiniOzoneClusterImpl-57fe1d17-8f30-476a-a64a-953d5983e20c/datanode-5/data/ratis/96771191-72f5-4b92-817c-38f38f48c518 has been successfully formatted.
2021-11-06 13:09:07,518 [pool-643-thread-1] INFO  ratis.ContainerStateMachine (ContainerStateMachine.java:loadSnapshot(224)) - group-38F38F48C518: The snapshot info is null. Setting the last applied indexto:(t:0, i:~)
2021-11-06 13:09:07,518 [pool-643-thread-1] INFO  server.RaftServerConfigKeys (ConfUtils.java:logGet(44)) - raft.server.notification.no-leader.timeout = 300000ms (custom)
2021-11-06 13:09:07,518 [pool-643-thread-1] INFO  server.RaftServerConfigKeys (ConfUtils.java:logGet(44)) - raft.server.log.use.memory = false (default)
2021-11-06 13:09:07,518 [pool-643-thread-1] INFO  server.RaftServerConfigKeys (ConfUtils.java:logGet(44)) - raft.server.log.purge.gap = 1000000 (custom)
2021-11-06 13:09:07,519 [EventQueue-PipelineReportForPipelineReportHandler] INFO  pipeline.PipelineManagerImpl (PipelineManagerImpl.java:openPipeline(289)) - Pipeline Pipeline[ Id: 96771191-72f5-4b92-817c-38f38f48c518, Nodes: 5750f6fd-62ed-459f-9a73-135ca28be509{ip: 10.1.0.11, host: fv-az151-875.yf2hydr00wburbhx3j5hxtcipe.bx.internal.cloudapp.net, ports: [REPLICATION=33703, RATIS=38801, RATIS_ADMIN=38801, RATIS_SERVER=38801, STANDALONE=37243], networkLocation: /default-rack, certSerialId: null, persistedOpState: IN_SERVICE, persistedOpStateExpiryEpochSec: 0}, ReplicationConfig: RATIS/ONE, State:ALLOCATED, leaderId:5750f6fd-62ed-459f-9a73-135ca28be509, CreationTimestamp2021-11-06T13:09:04.509Z[Etc/UTC]] moved to OPEN state
2021-11-06 13:09:07,519 [pool-643-thread-1] INFO  server.RaftServerConfigKeys (ConfUtils.java:logGet(44)) - raft.server.log.appender.buffer.byte-limit = 33554432 (custom)
2021-11-06 13:09:07,520 [pool-643-thread-1] INFO  server.RaftServerConfigKeys (ConfUtils.java:logGet(44)) - raft.server.log.segment.size.max = 1048576 (custom)
2021-11-06 13:09:07,520 [pool-643-thread-1] INFO  server.RaftServerConfigKeys (ConfUtils.java:logGet(44)) - raft.server.log.segment.cache.num.max = 2 (custom)
2021-11-06 13:09:07,520 [pool-643-thread-1] INFO  server.RaftServerConfigKeys (ConfUtils.java:logGet(44)) - raft.server.log.segment.cache.size.max = 200MB (=209715200) (default)
2021-11-06 13:09:07,520 [pool-643-thread-1] INFO  segmented.SegmentedRaftLogWorker (SegmentedRaftLogWorker.java:<init>(182)) - new 5750f6fd-62ed-459f-9a73-135ca28be509@group-38F38F48C518-SegmentedRaftLogWorker for RaftStorageImpl:Storage Directory /home/runner/work/ozone/ozone/hadoop-ozone/integration-test/target/test-dir/MiniOzoneClusterImpl-57fe1d17-8f30-476a-a64a-953d5983e20c/datanode-5/data/ratis/96771191-72f5-4b92-817c-38f38f48c518
2021-11-06 13:09:07,520 [pool-643-thread-1] INFO  server.RaftServerConfigKeys (ConfUtils.java:logGet(44)) - raft.server.log.queue.byte-limit = 2147483647 (custom)
2021-11-06 13:09:07,521 [pool-643-thread-1] INFO  server.RaftServerConfigKeys (ConfUtils.java:logGet(44)) - raft.server.log.queue.element-limit = 1024 (custom)
2021-11-06 13:09:07,521 [pool-643-thread-1] INFO  server.RaftServerConfigKeys (ConfUtils.java:logGet(44)) - raft.server.log.segment.size.max = 1048576 (custom)
2021-11-06 13:09:07,521 [pool-643-thread-1] INFO  server.RaftServerConfigKeys (ConfUtils.java:logGet(44)) - raft.server.log.preallocated.size = 16384 (custom)
2021-11-06 13:09:07,521 [pool-643-thread-1] INFO  server.RaftServerConfigKeys (ConfUtils.java:logGet(44)) - raft.server.log.force.sync.num = 128 (default)
2021-11-06 13:09:07,521 [pool-643-thread-1] INFO  server.RaftServerConfigKeys (ConfUtils.java:logGet(44)) - raft.server.log.statemachine.data.sync = true (default)
2021-11-06 13:09:07,521 [pool-643-thread-1] INFO  server.RaftServerConfigKeys (ConfUtils.java:logGet(44)) - raft.server.log.statemachine.data.sync.timeout = 10s (default)
2021-11-06 13:09:07,521 [pool-643-thread-1] INFO  server.RaftServerConfigKeys (ConfUtils.java:logGet(44)) - raft.server.log.statemachine.data.sync.timeout.retry = -1 (default)
2021-11-06 13:09:07,522 [pool-643-thread-1] INFO  server.RaftServerConfigKeys (ConfUtils.java:logGet(44)) - raft.server.log.write.buffer.size = 1048576 (custom)
2021-11-06 13:09:07,523 [EventQueue-OpenPipelineForHealthyPipelineSafeModeRule] INFO  safemode.SCMSafeModeManager (HealthyPipelineSafeModeRule.java:process(124)) - SCM in safe mode. Healthy pipelines reported count is 0, required healthy pipeline reported count is 1
2021-11-06 13:09:07,523 [pool-643-thread-1] INFO  server.RaftServerConfigKeys (ConfUtils.java:logGet(44)) - raft.server.log.statemachine.data.caching.enabled = true (custom)
2021-11-06 13:09:07,523 [pool-643-thread-1] INFO  segmented.SegmentedRaftLogWorker (SegmentedRaftLogWorker.java:lambda$new$0(133)) - 5750f6fd-62ed-459f-9a73-135ca28be509@group-38F38F48C518-SegmentedRaftLogWorker: flushIndex: setUnconditionally 0 -> -1
2021-11-06 13:09:07,523 [pool-643-thread-1] INFO  segmented.SegmentedRaftLogWorker (SegmentedRaftLogWorker.java:lambda$new$0(133)) - 5750f6fd-62ed-459f-9a73-135ca28be509@group-38F38F48C518-SegmentedRaftLogWorker: safeCacheEvictIndex: setUnconditionally 0 -> -1
2021-11-06 13:09:07,526 [pool-643-thread-1] INFO  server.RaftServerConfigKeys (ConfUtils.java:logGet(44)) - raft.server.snapshot.auto.trigger.enabled = true (custom)
2021-11-06 13:09:07,526 [pool-643-thread-1] INFO  server.RaftServerConfigKeys (ConfUtils.java:logGet(44)) - raft.server.snapshot.auto.trigger.threshold = 10000 (custom)
2021-11-06 13:09:07,526 [pool-643-thread-1] INFO  server.RaftServerConfigKeys (ConfUtils.java:logGet(44)) - raft.server.snapshot.retention.file.num = 5 (custom)
2021-11-06 13:09:07,526 [pool-643-thread-1] INFO  server.RaftServerConfigKeys (ConfUtils.java:logGet(44)) - raft.server.log.purge.upto.snapshot.index = false (default)
2021-11-06 13:09:07,527 [pool-643-thread-1] INFO  server.RaftServerConfigKeys (ConfUtils.java:logGet(44)) - raft.server.retrycache.expirytime = 600000ms (custom)
2021-11-06 13:09:07,527 [pool-643-thread-1] INFO  server.RaftServerConfigKeys (ConfUtils.java:logGet(44)) - raft.server.retrycache.statistics.expirytime = 100μs (default)
2021-11-06 13:09:07,528 [pool-643-thread-1] INFO  server.RaftServer$Division (RaftServerImpl.java:start(301)) - 5750f6fd-62ed-459f-9a73-135ca28be509@group-38F38F48C518: start as a follower, conf=-1: [5750f6fd-62ed-459f-9a73-135ca28be509|rpc:10.1.0.11:38801|priority:1], old=null
2021-11-06 13:09:07,528 [pool-643-thread-1] INFO  server.RaftServer$Division (RaftServerImpl.java:setRole(290)) - 5750f6fd-62ed-459f-9a73-135ca28be509@group-38F38F48C518: changes role from      null to FOLLOWER at term 0 for startAsFollower
2021-11-06 13:09:07,528 [pool-643-thread-1] INFO  impl.RoleInfo (RoleInfo.java:updateAndGet(130)) - 5750f6fd-62ed-459f-9a73-135ca28be509: start 5750f6fd-62ed-459f-9a73-135ca28be509@group-38F38F48C518-FollowerState
2021-11-06 13:09:07,529 [pool-643-thread-1] INFO  util.JmxRegister (JmxRegister.java:tryRegister(44)) - Successfully registered JMX Bean with object name Ratis:service=RaftServer,group=group-38F38F48C518,id=5750f6fd-62ed-459f-9a73-135ca28be509
2021-11-06 13:09:07,541 [Command processor thread] INFO  ratis.XceiverServerRatis (XceiverServerRatis.java:addGroup(768)) - Created group PipelineID=96771191-72f5-4b92-817c-38f38f48c518
2021-11-06 13:09:07,541 [Command processor thread] INFO  commandhandler.CreatePipelineCommandHandler (CreatePipelineCommandHandler.java:handle(106)) - Created Pipeline RATIS ONE PipelineID=96771191-72f5-4b92-817c-38f38f48c518.
2021-11-06 13:09:07,896 [Listener at 127.0.0.1/34591] INFO  ozone.MiniOzoneClusterImpl (MiniOzoneClusterImpl.java:lambda$waitForClusterToBeReady$0(235)) - Nodes are ready. Got 9 of 9 DN Heartbeats.
2021-11-06 13:09:07,896 [Listener at 127.0.0.1/34591] INFO  ozone.MiniOzoneClusterImpl (MiniOzoneClusterImpl.java:lambda$waitForClusterToBeReady$0(238)) - Waiting for cluster to exit safe mode
2021-11-06 13:09:07,896 [Listener at 127.0.0.1/34591] INFO  ozone.MiniOzoneClusterImpl (MiniOzoneClusterImpl.java:lambda$waitForClusterToBeReady$0(240)) - SCM became leader
2021-11-06 13:09:08,060 [Command processor thread] INFO  server.RaftServer (RaftServerProxy.java:addNew(95)) - 0eaea5f5-6746-43ea-ac9f-09b1ebc824b6: addNew group-39C6EB46317D:[0eaea5f5-6746-43ea-ac9f-09b1ebc824b6|rpc:10.1.0.11:39423|priority:1] returns group-39C6EB46317D:java.util.concurrent.CompletableFuture@5310d383[Not completed]
2021-11-06 13:09:08,062 [pool-662-thread-1] INFO  server.RaftServer$Division (RaftServerImpl.java:<init>(184)) - 0eaea5f5-6746-43ea-ac9f-09b1ebc824b6: new RaftServerImpl for group-39C6EB46317D:[0eaea5f5-6746-43ea-ac9f-09b1ebc824b6|rpc:10.1.0.11:39423|priority:1] with ContainerStateMachine:uninitialized
2021-11-06 13:09:08,062 [pool-662-thread-1] INFO  server.RaftServerConfigKeys (ConfUtils.java:logGet(44)) - raft.server.rpc.timeout.min = 5s (custom)
2021-11-06 13:09:08,062 [pool-662-thread-1] INFO  server.RaftServerConfigKeys (ConfUtils.java:logGet(44)) - raft.server.rpc.timeout.max = 5200ms (custom)
2021-11-06 13:09:08,062 [pool-662-thread-1] INFO  server.RaftServerConfigKeys (ConfUtils.java:logGet(44)) - raft.server.rpc.sleep.time = 25ms (default)
2021-11-06 13:09:08,062 [pool-662-thread-1] INFO  server.RaftServerConfigKeys (ConfUtils.java:logGet(44)) - raft.server.rpc.slowness.timeout = 300000ms (custom)
2021-11-06 13:09:08,062 [pool-662-thread-1] INFO  server.RaftServerConfigKeys (ConfUtils.java:logGet(44)) - raft.server.leaderelection.leader.step-down.wait-time = 10s (default)
2021-11-06 13:09:08,062 [pool-662-thread-1] INFO  server.RaftServerConfigKeys (ConfUtils.java:logGet(44)) - raft.server.sleep.deviation.threshold = 300ms (default)
2021-11-06 13:09:08,063 [pool-662-thread-1] INFO  server.RaftServerConfigKeys (ConfUtils.java:logGet(44)) - raft.server.log.appender.install.snapshot.enabled = false (custom)
2021-11-06 13:09:08,063 [pool-662-thread-1] INFO  server.RaftServer$Division (ServerState.java:<init>(105)) - 0eaea5f5-6746-43ea-ac9f-09b1ebc824b6@group-39C6EB46317D: ConfigurationManager, init=-1: [0eaea5f5-6746-43ea-ac9f-09b1ebc824b6|rpc:10.1.0.11:39423|priority:1], old=null, confs=<EMPTY_MAP>
2021-11-06 13:09:08,063 [pool-662-thread-1] INFO  server.RaftServerConfigKeys (ConfUtils.java:logGet(44)) - raft.server.storage.dir = [/home/runner/work/ozone/ozone/hadoop-ozone/integration-test/target/test-dir/MiniOzoneClusterImpl-57fe1d17-8f30-476a-a64a-953d5983e20c/datanode-6/data/ratis] (custom)
2021-11-06 13:09:08,063 [pool-662-thread-1] INFO  server.RaftServerConfigKeys (ConfUtils.java:logGet(44)) - raft.server.log.corruption.policy = EXCEPTION (default)
2021-11-06 13:09:08,063 [pool-662-thread-1] INFO  server.RaftServerConfigKeys (ConfUtils.java:logGet(44)) - raft.server.storage.free-space.min = 0MB (=0) (default)
2021-11-06 13:09:08,063 [pool-662-thread-1] INFO  storage.RaftStorageDirectory (RaftStorageDirectoryImpl.java:analyzeStorage(135)) - The storage directory /home/runner/work/ozone/ozone/hadoop-ozone/integration-test/target/test-dir/MiniOzoneClusterImpl-57fe1d17-8f30-476a-a64a-953d5983e20c/datanode-6/data/ratis/1be5a8d6-c502-42d3-926f-39c6eb46317d does not exist. Creating ...
2021-11-06 13:09:08,065 [pool-662-thread-1] INFO  storage.RaftStorageDirectory (RaftStorageDirectoryImpl.java:tryLock(230)) - Lock on /home/runner/work/ozone/ozone/hadoop-ozone/integration-test/target/test-dir/MiniOzoneClusterImpl-57fe1d17-8f30-476a-a64a-953d5983e20c/datanode-6/data/ratis/1be5a8d6-c502-42d3-926f-39c6eb46317d/in_use.lock acquired by nodename 21237@fv-az151-875
2021-11-06 13:09:08,067 [pool-662-thread-1] INFO  storage.RaftStorage (RaftStorageImpl.java:format(89)) - Storage directory /home/runner/work/ozone/ozone/hadoop-ozone/integration-test/target/test-dir/MiniOzoneClusterImpl-57fe1d17-8f30-476a-a64a-953d5983e20c/datanode-6/data/ratis/1be5a8d6-c502-42d3-926f-39c6eb46317d has been successfully formatted.
2021-11-06 13:09:08,102 [pool-662-thread-1] INFO  ratis.ContainerStateMachine (ContainerStateMachine.java:loadSnapshot(224)) - group-39C6EB46317D: The snapshot info is null. Setting the last applied indexto:(t:0, i:~)
2021-11-06 13:09:08,102 [pool-662-thread-1] INFO  server.RaftServerConfigKeys (ConfUtils.java:logGet(44)) - raft.server.notification.no-leader.timeout = 300000ms (custom)
2021-11-06 13:09:08,102 [pool-662-thread-1] INFO  server.RaftServerConfigKeys (ConfUtils.java:logGet(44)) - raft.server.log.use.memory = false (default)
2021-11-06 13:09:08,102 [pool-662-thread-1] INFO  server.RaftServerConfigKeys (ConfUtils.java:logGet(44)) - raft.server.log.purge.gap = 1000000 (custom)
2021-11-06 13:09:08,102 [pool-662-thread-1] INFO  server.RaftServerConfigKeys (ConfUtils.java:logGet(44)) - raft.server.log.appender.buffer.byte-limit = 33554432 (custom)
2021-11-06 13:09:08,103 [pool-662-thread-1] INFO  server.RaftServerConfigKeys (ConfUtils.java:logGet(44)) - raft.server.log.segment.size.max = 1048576 (custom)
2021-11-06 13:09:08,104 [EventQueue-PipelineReportForPipelineReportHandler] INFO  pipeline.PipelineManagerImpl (PipelineManagerImpl.java:openPipeline(289)) - Pipeline Pipeline[ Id: 1be5a8d6-c502-42d3-926f-39c6eb46317d, Nodes: 0eaea5f5-6746-43ea-ac9f-09b1ebc824b6{ip: 10.1.0.11, host: fv-az151-875.yf2hydr00wburbhx3j5hxtcipe.bx.internal.cloudapp.net, ports: [REPLICATION=40705, RATIS=39423, RATIS_ADMIN=39423, RATIS_SERVER=39423, STANDALONE=35071], networkLocation: /default-rack, certSerialId: null, persistedOpState: IN_SERVICE, persistedOpStateExpiryEpochSec: 0}, ReplicationConfig: RATIS/ONE, State:ALLOCATED, leaderId:0eaea5f5-6746-43ea-ac9f-09b1ebc824b6, CreationTimestamp2021-11-06T13:09:05.057Z[Etc/UTC]] moved to OPEN state
2021-11-06 13:09:08,108 [pool-662-thread-1] INFO  server.RaftServerConfigKeys (ConfUtils.java:logGet(44)) - raft.server.log.segment.cache.num.max = 2 (custom)
2021-11-06 13:09:08,109 [pool-662-thread-1] INFO  server.RaftServerConfigKeys (ConfUtils.java:logGet(44)) - raft.server.log.segment.cache.size.max = 200MB (=209715200) (default)
2021-11-06 13:09:08,109 [pool-662-thread-1] INFO  segmented.SegmentedRaftLogWorker (SegmentedRaftLogWorker.java:<init>(182)) - new 0eaea5f5-6746-43ea-ac9f-09b1ebc824b6@group-39C6EB46317D-SegmentedRaftLogWorker for RaftStorageImpl:Storage Directory /home/runner/work/ozone/ozone/hadoop-ozone/integration-test/target/test-dir/MiniOzoneClusterImpl-57fe1d17-8f30-476a-a64a-953d5983e20c/datanode-6/data/ratis/1be5a8d6-c502-42d3-926f-39c6eb46317d
2021-11-06 13:09:08,109 [pool-662-thread-1] INFO  server.RaftServerConfigKeys (ConfUtils.java:logGet(44)) - raft.server.log.queue.byte-limit = 2147483647 (custom)
2021-11-06 13:09:08,109 [pool-662-thread-1] INFO  server.RaftServerConfigKeys (ConfUtils.java:logGet(44)) - raft.server.log.queue.element-limit = 1024 (custom)
2021-11-06 13:09:08,109 [pool-662-thread-1] INFO  server.RaftServerConfigKeys (ConfUtils.java:logGet(44)) - raft.server.log.segment.size.max = 1048576 (custom)
2021-11-06 13:09:08,109 [pool-662-thread-1] INFO  server.RaftServerConfigKeys (ConfUtils.java:logGet(44)) - raft.server.log.preallocated.size = 16384 (custom)
2021-11-06 13:09:08,109 [pool-662-thread-1] INFO  server.RaftServerConfigKeys (ConfUtils.java:logGet(44)) - raft.server.log.force.sync.num = 128 (default)
2021-11-06 13:09:08,109 [pool-662-thread-1] INFO  server.RaftServerConfigKeys (ConfUtils.java:logGet(44)) - raft.server.log.statemachine.data.sync = true (default)
2021-11-06 13:09:08,109 [pool-662-thread-1] INFO  server.RaftServerConfigKeys (ConfUtils.java:logGet(44)) - raft.server.log.statemachine.data.sync.timeout = 10s (default)
2021-11-06 13:09:08,109 [pool-662-thread-1] INFO  server.RaftServerConfigKeys (ConfUtils.java:logGet(44)) - raft.server.log.statemachine.data.sync.timeout.retry = -1 (default)
2021-11-06 13:09:08,110 [EventQueue-OpenPipelineForHealthyPipelineSafeModeRule] INFO  safemode.SCMSafeModeManager (HealthyPipelineSafeModeRule.java:process(124)) - SCM in safe mode. Healthy pipelines reported count is 0, required healthy pipeline reported count is 1
2021-11-06 13:09:08,111 [pool-662-thread-1] INFO  server.RaftServerConfigKeys (ConfUtils.java:logGet(44)) - raft.server.log.write.buffer.size = 1048576 (custom)
2021-11-06 13:09:08,112 [pool-662-thread-1] INFO  server.RaftServerConfigKeys (ConfUtils.java:logGet(44)) - raft.server.log.statemachine.data.caching.enabled = true (custom)
2021-11-06 13:09:08,112 [pool-662-thread-1] INFO  segmented.SegmentedRaftLogWorker (SegmentedRaftLogWorker.java:lambda$new$0(133)) - 0eaea5f5-6746-43ea-ac9f-09b1ebc824b6@group-39C6EB46317D-SegmentedRaftLogWorker: flushIndex: setUnconditionally 0 -> -1
2021-11-06 13:09:08,112 [pool-662-thread-1] INFO  segmented.SegmentedRaftLogWorker (SegmentedRaftLogWorker.java:lambda$new$0(133)) - 0eaea5f5-6746-43ea-ac9f-09b1ebc824b6@group-39C6EB46317D-SegmentedRaftLogWorker: safeCacheEvictIndex: setUnconditionally 0 -> -1
2021-11-06 13:09:08,115 [pool-662-thread-1] INFO  server.RaftServerConfigKeys (ConfUtils.java:logGet(44)) - raft.server.snapshot.auto.trigger.enabled = true (custom)
2021-11-06 13:09:08,115 [pool-662-thread-1] INFO  server.RaftServerConfigKeys (ConfUtils.java:logGet(44)) - raft.server.snapshot.auto.trigger.threshold = 10000 (custom)
2021-11-06 13:09:08,115 [pool-662-thread-1] INFO  server.RaftServerConfigKeys (ConfUtils.java:logGet(44)) - raft.server.snapshot.retention.file.num = 5 (custom)
2021-11-06 13:09:08,115 [pool-662-thread-1] INFO  server.RaftServerConfigKeys (ConfUtils.java:logGet(44)) - raft.server.log.purge.upto.snapshot.index = false (default)
2021-11-06 13:09:08,115 [pool-662-thread-1] INFO  server.RaftServerConfigKeys (ConfUtils.java:logGet(44)) - raft.server.retrycache.expirytime = 600000ms (custom)
2021-11-06 13:09:08,115 [pool-662-thread-1] INFO  server.RaftServerConfigKeys (ConfUtils.java:logGet(44)) - raft.server.retrycache.statistics.expirytime = 100μs (default)
2021-11-06 13:09:08,117 [pool-662-thread-1] INFO  server.RaftServer$Division (RaftServerImpl.java:start(301)) - 0eaea5f5-6746-43ea-ac9f-09b1ebc824b6@group-39C6EB46317D: start as a follower, conf=-1: [0eaea5f5-6746-43ea-ac9f-09b1ebc824b6|rpc:10.1.0.11:39423|priority:1], old=null
2021-11-06 13:09:08,117 [pool-662-thread-1] INFO  server.RaftServer$Division (RaftServerImpl.java:setRole(290)) - 0eaea5f5-6746-43ea-ac9f-09b1ebc824b6@group-39C6EB46317D: changes role from      null to FOLLOWER at term 0 for startAsFollower
2021-11-06 13:09:08,117 [pool-662-thread-1] INFO  impl.RoleInfo (RoleInfo.java:updateAndGet(130)) - 0eaea5f5-6746-43ea-ac9f-09b1ebc824b6: start 0eaea5f5-6746-43ea-ac9f-09b1ebc824b6@group-39C6EB46317D-FollowerState
2021-11-06 13:09:08,122 [pool-662-thread-1] INFO  util.JmxRegister (JmxRegister.java:tryRegister(44)) - Successfully registered JMX Bean with object name Ratis:service=RaftServer,group=group-39C6EB46317D,id=0eaea5f5-6746-43ea-ac9f-09b1ebc824b6
2021-11-06 13:09:08,129 [Command processor thread] INFO  ratis.XceiverServerRatis (XceiverServerRatis.java:addGroup(768)) - Created group PipelineID=1be5a8d6-c502-42d3-926f-39c6eb46317d
2021-11-06 13:09:08,129 [Command processor thread] INFO  commandhandler.CreatePipelineCommandHandler (CreatePipelineCommandHandler.java:handle(106)) - Created Pipeline RATIS ONE PipelineID=1be5a8d6-c502-42d3-926f-39c6eb46317d.
2021-11-06 13:09:08,129 [Command processor thread] INFO  server.RaftServer (RaftServerProxy.java:addNew(95)) - 0eaea5f5-6746-43ea-ac9f-09b1ebc824b6: addNew group-6EF6570EA239:[0eaea5f5-6746-43ea-ac9f-09b1ebc824b6|rpc:10.1.0.11:39423|priority:0, 5935a206-a598-494c-a9e6-46da022b00dd|rpc:10.1.0.11:43005|priority:0, ca2e1dc9-8c7f-42bc-b6bd-0370d79258f9|rpc:10.1.0.11:38687|priority:1] returns group-6EF6570EA239:java.util.concurrent.CompletableFuture@572f5d39[Not completed]
2021-11-06 13:09:08,130 [pool-662-thread-1] INFO  server.RaftServer$Division (RaftServerImpl.java:<init>(184)) - 0eaea5f5-6746-43ea-ac9f-09b1ebc824b6: new RaftServerImpl for group-6EF6570EA239:[0eaea5f5-6746-43ea-ac9f-09b1ebc824b6|rpc:10.1.0.11:39423|priority:0, 5935a206-a598-494c-a9e6-46da022b00dd|rpc:10.1.0.11:43005|priority:0, ca2e1dc9-8c7f-42bc-b6bd-0370d79258f9|rpc:10.1.0.11:38687|priority:1] with ContainerStateMachine:uninitialized
2021-11-06 13:09:08,130 [pool-662-thread-1] INFO  server.RaftServerConfigKeys (ConfUtils.java:logGet(44)) - raft.server.rpc.timeout.min = 5s (custom)
2021-11-06 13:09:08,130 [pool-662-thread-1] INFO  server.RaftServerConfigKeys (ConfUtils.java:logGet(44)) - raft.server.rpc.timeout.max = 5200ms (custom)
2021-11-06 13:09:08,130 [pool-662-thread-1] INFO  server.RaftServerConfigKeys (ConfUtils.java:logGet(44)) - raft.server.rpc.sleep.time = 25ms (default)
2021-11-06 13:09:08,130 [pool-662-thread-1] INFO  server.RaftServerConfigKeys (ConfUtils.java:logGet(44)) - raft.server.rpc.slowness.timeout = 300000ms (custom)
2021-11-06 13:09:08,130 [pool-662-thread-1] INFO  server.RaftServerConfigKeys (ConfUtils.java:logGet(44)) - raft.server.leaderelection.leader.step-down.wait-time = 10s (default)
2021-11-06 13:09:08,130 [pool-662-thread-1] INFO  server.RaftServerConfigKeys (ConfUtils.java:logGet(44)) - raft.server.sleep.deviation.threshold = 300ms (default)
2021-11-06 13:09:08,131 [pool-662-thread-1] INFO  server.RaftServerConfigKeys (ConfUtils.java:logGet(44)) - raft.server.log.appender.install.snapshot.enabled = false (custom)
2021-11-06 13:09:08,131 [pool-662-thread-1] INFO  server.RaftServer$Division (ServerState.java:<init>(105)) - 0eaea5f5-6746-43ea-ac9f-09b1ebc824b6@group-6EF6570EA239: ConfigurationManager, init=-1: [0eaea5f5-6746-43ea-ac9f-09b1ebc824b6|rpc:10.1.0.11:39423|priority:0, 5935a206-a598-494c-a9e6-46da022b00dd|rpc:10.1.0.11:43005|priority:0, ca2e1dc9-8c7f-42bc-b6bd-0370d79258f9|rpc:10.1.0.11:38687|priority:1], old=null, confs=<EMPTY_MAP>
2021-11-06 13:09:08,131 [pool-662-thread-1] INFO  server.RaftServerConfigKeys (ConfUtils.java:logGet(44)) - raft.server.storage.dir = [/home/runner/work/ozone/ozone/hadoop-ozone/integration-test/target/test-dir/MiniOzoneClusterImpl-57fe1d17-8f30-476a-a64a-953d5983e20c/datanode-6/data/ratis] (custom)
2021-11-06 13:09:08,131 [pool-662-thread-1] INFO  server.RaftServerConfigKeys (ConfUtils.java:logGet(44)) - raft.server.log.corruption.policy = EXCEPTION (default)
2021-11-06 13:09:08,131 [pool-662-thread-1] INFO  server.RaftServerConfigKeys (ConfUtils.java:logGet(44)) - raft.server.storage.free-space.min = 0MB (=0) (default)
2021-11-06 13:09:08,131 [pool-662-thread-1] INFO  storage.RaftStorageDirectory (RaftStorageDirectoryImpl.java:analyzeStorage(135)) - The storage directory /home/runner/work/ozone/ozone/hadoop-ozone/integration-test/target/test-dir/MiniOzoneClusterImpl-57fe1d17-8f30-476a-a64a-953d5983e20c/datanode-6/data/ratis/eab537b7-d333-43c5-8191-6ef6570ea239 does not exist. Creating ...
2021-11-06 13:09:08,148 [pool-662-thread-1] INFO  storage.RaftStorageDirectory (RaftStorageDirectoryImpl.java:tryLock(230)) - Lock on /home/runner/work/ozone/ozone/hadoop-ozone/integration-test/target/test-dir/MiniOzoneClusterImpl-57fe1d17-8f30-476a-a64a-953d5983e20c/datanode-6/data/ratis/eab537b7-d333-43c5-8191-6ef6570ea239/in_use.lock acquired by nodename 21237@fv-az151-875
2021-11-06 13:09:08,150 [pool-662-thread-1] INFO  storage.RaftStorage (RaftStorageImpl.java:format(89)) - Storage directory /home/runner/work/ozone/ozone/hadoop-ozone/integration-test/target/test-dir/MiniOzoneClusterImpl-57fe1d17-8f30-476a-a64a-953d5983e20c/datanode-6/data/ratis/eab537b7-d333-43c5-8191-6ef6570ea239 has been successfully formatted.
2021-11-06 13:09:08,156 [pool-662-thread-1] INFO  ratis.ContainerStateMachine (ContainerStateMachine.java:loadSnapshot(224)) - group-6EF6570EA239: The snapshot info is null. Setting the last applied indexto:(t:0, i:~)
2021-11-06 13:09:08,156 [pool-662-thread-1] INFO  server.RaftServerConfigKeys (ConfUtils.java:logGet(44)) - raft.server.notification.no-leader.timeout = 300000ms (custom)
2021-11-06 13:09:08,156 [pool-662-thread-1] INFO  server.RaftServerConfigKeys (ConfUtils.java:logGet(44)) - raft.server.log.use.memory = false (default)
2021-11-06 13:09:08,156 [pool-662-thread-1] INFO  server.RaftServerConfigKeys (ConfUtils.java:logGet(44)) - raft.server.log.purge.gap = 1000000 (custom)
2021-11-06 13:09:08,156 [pool-662-thread-1] INFO  server.RaftServerConfigKeys (ConfUtils.java:logGet(44)) - raft.server.log.appender.buffer.byte-limit = 33554432 (custom)
2021-11-06 13:09:08,157 [pool-662-thread-1] INFO  server.RaftServerConfigKeys (ConfUtils.java:logGet(44)) - raft.server.log.segment.size.max = 1048576 (custom)
2021-11-06 13:09:08,157 [pool-662-thread-1] INFO  server.RaftServerConfigKeys (ConfUtils.java:logGet(44)) - raft.server.log.segment.cache.num.max = 2 (custom)
2021-11-06 13:09:08,157 [pool-662-thread-1] INFO  server.RaftServerConfigKeys (ConfUtils.java:logGet(44)) - raft.server.log.segment.cache.size.max = 200MB (=209715200) (default)
2021-11-06 13:09:08,157 [pool-662-thread-1] INFO  segmented.SegmentedRaftLogWorker (SegmentedRaftLogWorker.java:<init>(182)) - new 0eaea5f5-6746-43ea-ac9f-09b1ebc824b6@group-6EF6570EA239-SegmentedRaftLogWorker for RaftStorageImpl:Storage Directory /home/runner/work/ozone/ozone/hadoop-ozone/integration-test/target/test-dir/MiniOzoneClusterImpl-57fe1d17-8f30-476a-a64a-953d5983e20c/datanode-6/data/ratis/eab537b7-d333-43c5-8191-6ef6570ea239
2021-11-06 13:09:08,158 [pool-662-thread-1] INFO  server.RaftServerConfigKeys (ConfUtils.java:logGet(44)) - raft.server.log.queue.byte-limit = 2147483647 (custom)
2021-11-06 13:09:08,158 [pool-662-thread-1] INFO  server.RaftServerConfigKeys (ConfUtils.java:logGet(44)) - raft.server.log.queue.element-limit = 1024 (custom)
2021-11-06 13:09:08,158 [pool-662-thread-1] INFO  server.RaftServerConfigKeys (ConfUtils.java:logGet(44)) - raft.server.log.segment.size.max = 1048576 (custom)
2021-11-06 13:09:08,158 [pool-662-thread-1] INFO  server.RaftServerConfigKeys (ConfUtils.java:logGet(44)) - raft.server.log.preallocated.size = 16384 (custom)
2021-11-06 13:09:08,158 [pool-662-thread-1] INFO  server.RaftServerConfigKeys (ConfUtils.java:logGet(44)) - raft.server.log.force.sync.num = 128 (default)
2021-11-06 13:09:08,158 [pool-662-thread-1] INFO  server.RaftServerConfigKeys (ConfUtils.java:logGet(44)) - raft.server.log.statemachine.data.sync = true (default)
2021-11-06 13:09:08,159 [pool-662-thread-1] INFO  server.RaftServerConfigKeys (ConfUtils.java:logGet(44)) - raft.server.log.statemachine.data.sync.timeout = 10s (default)
2021-11-06 13:09:08,159 [pool-662-thread-1] INFO  server.RaftServerConfigKeys (ConfUtils.java:logGet(44)) - raft.server.log.statemachine.data.sync.timeout.retry = -1 (default)
2021-11-06 13:09:08,161 [pool-662-thread-1] INFO  server.RaftServerConfigKeys (ConfUtils.java:logGet(44)) - raft.server.log.write.buffer.size = 1048576 (custom)
2021-11-06 13:09:08,161 [pool-662-thread-1] INFO  server.RaftServerConfigKeys (ConfUtils.java:logGet(44)) - raft.server.log.statemachine.data.caching.enabled = true (custom)
2021-11-06 13:09:08,161 [pool-662-thread-1] INFO  segmented.SegmentedRaftLogWorker (SegmentedRaftLogWorker.java:lambda$new$0(133)) - 0eaea5f5-6746-43ea-ac9f-09b1ebc824b6@group-6EF6570EA239-SegmentedRaftLogWorker: flushIndex: setUnconditionally 0 -> -1
2021-11-06 13:09:08,161 [pool-662-thread-1] INFO  segmented.SegmentedRaftLogWorker (SegmentedRaftLogWorker.java:lambda$new$0(133)) - 0eaea5f5-6746-43ea-ac9f-09b1ebc824b6@group-6EF6570EA239-SegmentedRaftLogWorker: safeCacheEvictIndex: setUnconditionally 0 -> -1
2021-11-06 13:09:08,163 [EventQueue-OpenPipelineForHealthyPipelineSafeModeRule] INFO  safemode.SCMSafeModeManager (HealthyPipelineSafeModeRule.java:process(124)) - SCM in safe mode. Healthy pipelines reported count is 0, required healthy pipeline reported count is 1
2021-11-06 13:09:08,164 [pool-662-thread-1] INFO  server.RaftServerConfigKeys (ConfUtils.java:logGet(44)) - raft.server.snapshot.auto.trigger.enabled = true (custom)
2021-11-06 13:09:08,164 [pool-662-thread-1] INFO  server.RaftServerConfigKeys (ConfUtils.java:logGet(44)) - raft.server.snapshot.auto.trigger.threshold = 10000 (custom)
2021-11-06 13:09:08,164 [pool-662-thread-1] INFO  server.RaftServerConfigKeys (ConfUtils.java:logGet(44)) - raft.server.snapshot.retention.file.num = 5 (custom)
2021-11-06 13:09:08,164 [pool-662-thread-1] INFO  server.RaftServerConfigKeys (ConfUtils.java:logGet(44)) - raft.server.log.purge.upto.snapshot.index = false (default)
2021-11-06 13:09:08,164 [pool-662-thread-1] INFO  server.RaftServerConfigKeys (ConfUtils.java:logGet(44)) - raft.server.retrycache.expirytime = 600000ms (custom)
2021-11-06 13:09:08,164 [pool-662-thread-1] INFO  server.RaftServerConfigKeys (ConfUtils.java:logGet(44)) - raft.server.retrycache.statistics.expirytime = 100μs (default)
2021-11-06 13:09:08,166 [pool-662-thread-1] INFO  server.RaftServer$Division (RaftServerImpl.java:start(301)) - 0eaea5f5-6746-43ea-ac9f-09b1ebc824b6@group-6EF6570EA239: start as a follower, conf=-1: [0eaea5f5-6746-43ea-ac9f-09b1ebc824b6|rpc:10.1.0.11:39423|priority:0, 5935a206-a598-494c-a9e6-46da022b00dd|rpc:10.1.0.11:43005|priority:0, ca2e1dc9-8c7f-42bc-b6bd-0370d79258f9|rpc:10.1.0.11:38687|priority:1], old=null
2021-11-06 13:09:08,166 [pool-662-thread-1] INFO  server.RaftServer$Division (RaftServerImpl.java:setRole(290)) - 0eaea5f5-6746-43ea-ac9f-09b1ebc824b6@group-6EF6570EA239: changes role from      null to FOLLOWER at term 0 for startAsFollower
2021-11-06 13:09:08,167 [pool-662-thread-1] INFO  impl.RoleInfo (RoleInfo.java:updateAndGet(130)) - 0eaea5f5-6746-43ea-ac9f-09b1ebc824b6: start 0eaea5f5-6746-43ea-ac9f-09b1ebc824b6@group-6EF6570EA239-FollowerState
2021-11-06 13:09:08,167 [pool-662-thread-1] INFO  util.JmxRegister (JmxRegister.java:tryRegister(44)) - Successfully registered JMX Bean with object name Ratis:service=RaftServer,group=group-6EF6570EA239,id=0eaea5f5-6746-43ea-ac9f-09b1ebc824b6
2021-11-06 13:09:08,168 [Command processor thread] INFO  ratis.XceiverServerRatis (XceiverServerRatis.java:addGroup(768)) - Created group PipelineID=eab537b7-d333-43c5-8191-6ef6570ea239
2021-11-06 13:09:08,177 [grpc-default-executor-3] INFO  server.RaftServer (RaftServerProxy.java:addNew(95)) - 5935a206-a598-494c-a9e6-46da022b00dd: addNew group-6EF6570EA239:[0eaea5f5-6746-43ea-ac9f-09b1ebc824b6|rpc:10.1.0.11:39423|dataStream:|priority:0, 5935a206-a598-494c-a9e6-46da022b00dd|rpc:10.1.0.11:43005|dataStream:|priority:0, ca2e1dc9-8c7f-42bc-b6bd-0370d79258f9|rpc:10.1.0.11:38687|dataStream:|priority:1] returns group-6EF6570EA239:java.util.concurrent.CompletableFuture@7c8b13ce[Not completed]
2021-11-06 13:09:08,197 [pool-700-thread-1] INFO  server.RaftServer$Division (RaftServerImpl.java:<init>(184)) - 5935a206-a598-494c-a9e6-46da022b00dd: new RaftServerImpl for group-6EF6570EA239:[0eaea5f5-6746-43ea-ac9f-09b1ebc824b6|rpc:10.1.0.11:39423|dataStream:|priority:0, 5935a206-a598-494c-a9e6-46da022b00dd|rpc:10.1.0.11:43005|dataStream:|priority:0, ca2e1dc9-8c7f-42bc-b6bd-0370d79258f9|rpc:10.1.0.11:38687|dataStream:|priority:1] with ContainerStateMachine:uninitialized
2021-11-06 13:09:08,198 [pool-700-thread-1] INFO  server.RaftServerConfigKeys (ConfUtils.java:logGet(44)) - raft.server.rpc.timeout.min = 5s (custom)
2021-11-06 13:09:08,198 [pool-700-thread-1] INFO  server.RaftServerConfigKeys (ConfUtils.java:logGet(44)) - raft.server.rpc.timeout.max = 5200ms (custom)
2021-11-06 13:09:08,198 [pool-700-thread-1] INFO  server.RaftServerConfigKeys (ConfUtils.java:logGet(44)) - raft.server.rpc.sleep.time = 25ms (default)
2021-11-06 13:09:08,198 [pool-700-thread-1] INFO  server.RaftServerConfigKeys (ConfUtils.java:logGet(44)) - raft.server.rpc.slowness.timeout = 300000ms (custom)
2021-11-06 13:09:08,198 [pool-700-thread-1] INFO  server.RaftServerConfigKeys (ConfUtils.java:logGet(44)) - raft.server.leaderelection.leader.step-down.wait-time = 10s (default)
2021-11-06 13:09:08,198 [pool-700-thread-1] INFO  server.RaftServerConfigKeys (ConfUtils.java:logGet(44)) - raft.server.sleep.deviation.threshold = 300ms (default)
2021-11-06 13:09:08,198 [pool-700-thread-1] INFO  server.RaftServerConfigKeys (ConfUtils.java:logGet(44)) - raft.server.log.appender.install.snapshot.enabled = false (custom)
2021-11-06 13:09:08,199 [pool-700-thread-1] INFO  server.RaftServer$Division (ServerState.java:<init>(105)) - 5935a206-a598-494c-a9e6-46da022b00dd@group-6EF6570EA239: ConfigurationManager, init=-1: [0eaea5f5-6746-43ea-ac9f-09b1ebc824b6|rpc:10.1.0.11:39423|dataStream:|priority:0, 5935a206-a598-494c-a9e6-46da022b00dd|rpc:10.1.0.11:43005|dataStream:|priority:0, ca2e1dc9-8c7f-42bc-b6bd-0370d79258f9|rpc:10.1.0.11:38687|dataStream:|priority:1], old=null, confs=<EMPTY_MAP>
2021-11-06 13:09:08,199 [pool-700-thread-1] INFO  server.RaftServerConfigKeys (ConfUtils.java:logGet(44)) - raft.server.storage.dir = [/home/runner/work/ozone/ozone/hadoop-ozone/integration-test/target/test-dir/MiniOzoneClusterImpl-57fe1d17-8f30-476a-a64a-953d5983e20c/datanode-8/data/ratis] (custom)
2021-11-06 13:09:08,199 [pool-700-thread-1] INFO  server.RaftServerConfigKeys (ConfUtils.java:logGet(44)) - raft.server.log.corruption.policy = EXCEPTION (default)
2021-11-06 13:09:08,199 [pool-700-thread-1] INFO  server.RaftServerConfigKeys (ConfUtils.java:logGet(44)) - raft.server.storage.free-space.min = 0MB (=0) (default)
2021-11-06 13:09:08,199 [pool-700-thread-1] INFO  storage.RaftStorageDirectory (RaftStorageDirectoryImpl.java:analyzeStorage(135)) - The storage directory /home/runner/work/ozone/ozone/hadoop-ozone/integration-test/target/test-dir/MiniOzoneClusterImpl-57fe1d17-8f30-476a-a64a-953d5983e20c/datanode-8/data/ratis/eab537b7-d333-43c5-8191-6ef6570ea239 does not exist. Creating ...
2021-11-06 13:09:08,201 [pool-700-thread-1] INFO  storage.RaftStorageDirectory (RaftStorageDirectoryImpl.java:tryLock(230)) - Lock on /home/runner/work/ozone/ozone/hadoop-ozone/integration-test/target/test-dir/MiniOzoneClusterImpl-57fe1d17-8f30-476a-a64a-953d5983e20c/datanode-8/data/ratis/eab537b7-d333-43c5-8191-6ef6570ea239/in_use.lock acquired by nodename 21237@fv-az151-875
2021-11-06 13:09:08,230 [pool-700-thread-1] INFO  storage.RaftStorage (RaftStorageImpl.java:format(89)) - Storage directory /home/runner/work/ozone/ozone/hadoop-ozone/integration-test/target/test-dir/MiniOzoneClusterImpl-57fe1d17-8f30-476a-a64a-953d5983e20c/datanode-8/data/ratis/eab537b7-d333-43c5-8191-6ef6570ea239 has been successfully formatted.
2021-11-06 13:09:08,246 [pool-700-thread-1] INFO  ratis.ContainerStateMachine (ContainerStateMachine.java:loadSnapshot(224)) - group-6EF6570EA239: The snapshot info is null. Setting the last applied indexto:(t:0, i:~)
2021-11-06 13:09:08,246 [pool-700-thread-1] INFO  server.RaftServerConfigKeys (ConfUtils.java:logGet(44)) - raft.server.notification.no-leader.timeout = 300000ms (custom)
2021-11-06 13:09:08,247 [pool-700-thread-1] INFO  server.RaftServerConfigKeys (ConfUtils.java:logGet(44)) - raft.server.log.use.memory = false (default)
2021-11-06 13:09:08,247 [pool-700-thread-1] INFO  server.RaftServerConfigKeys (ConfUtils.java:logGet(44)) - raft.server.log.purge.gap = 1000000 (custom)
2021-11-06 13:09:08,247 [pool-700-thread-1] INFO  server.RaftServerConfigKeys (ConfUtils.java:logGet(44)) - raft.server.log.appender.buffer.byte-limit = 33554432 (custom)
2021-11-06 13:09:08,247 [pool-700-thread-1] INFO  server.RaftServerConfigKeys (ConfUtils.java:logGet(44)) - raft.server.log.segment.size.max = 1048576 (custom)
2021-11-06 13:09:08,248 [pool-700-thread-1] INFO  server.RaftServerConfigKeys (ConfUtils.java:logGet(44)) - raft.server.log.segment.cache.num.max = 2 (custom)
2021-11-06 13:09:08,248 [pool-700-thread-1] INFO  server.RaftServerConfigKeys (ConfUtils.java:logGet(44)) - raft.server.log.segment.cache.size.max = 200MB (=209715200) (default)
2021-11-06 13:09:08,248 [pool-700-thread-1] INFO  segmented.SegmentedRaftLogWorker (SegmentedRaftLogWorker.java:<init>(182)) - new 5935a206-a598-494c-a9e6-46da022b00dd@group-6EF6570EA239-SegmentedRaftLogWorker for RaftStorageImpl:Storage Directory /home/runner/work/ozone/ozone/hadoop-ozone/integration-test/target/test-dir/MiniOzoneClusterImpl-57fe1d17-8f30-476a-a64a-953d5983e20c/datanode-8/data/ratis/eab537b7-d333-43c5-8191-6ef6570ea239
2021-11-06 13:09:08,248 [pool-700-thread-1] INFO  server.RaftServerConfigKeys (ConfUtils.java:logGet(44)) - raft.server.log.queue.byte-limit = 2147483647 (custom)
2021-11-06 13:09:08,248 [pool-700-thread-1] INFO  server.RaftServerConfigKeys (ConfUtils.java:logGet(44)) - raft.server.log.queue.element-limit = 1024 (custom)
2021-11-06 13:09:08,248 [pool-700-thread-1] INFO  server.RaftServerConfigKeys (ConfUtils.java:logGet(44)) - raft.server.log.segment.size.max = 1048576 (custom)
2021-11-06 13:09:08,248 [pool-700-thread-1] INFO  server.RaftServerConfigKeys (ConfUtils.java:logGet(44)) - raft.server.log.preallocated.size = 16384 (custom)
2021-11-06 13:09:08,248 [pool-700-thread-1] INFO  server.RaftServerConfigKeys (ConfUtils.java:logGet(44)) - raft.server.log.force.sync.num = 128 (default)
2021-11-06 13:09:08,248 [pool-700-thread-1] INFO  server.RaftServerConfigKeys (ConfUtils.java:logGet(44)) - raft.server.log.statemachine.data.sync = true (default)
2021-11-06 13:09:08,248 [pool-700-thread-1] INFO  server.RaftServerConfigKeys (ConfUtils.java:logGet(44)) - raft.server.log.statemachine.data.sync.timeout = 10s (default)
2021-11-06 13:09:08,248 [pool-700-thread-1] INFO  server.RaftServerConfigKeys (ConfUtils.java:logGet(44)) - raft.server.log.statemachine.data.sync.timeout.retry = -1 (default)
2021-11-06 13:09:08,250 [pool-700-thread-1] INFO  server.RaftServerConfigKeys (ConfUtils.java:logGet(44)) - raft.server.log.write.buffer.size = 1048576 (custom)
2021-11-06 13:09:08,250 [pool-700-thread-1] INFO  server.RaftServerConfigKeys (ConfUtils.java:logGet(44)) - raft.server.log.statemachine.data.caching.enabled = true (custom)
2021-11-06 13:09:08,251 [pool-700-thread-1] INFO  segmented.SegmentedRaftLogWorker (SegmentedRaftLogWorker.java:lambda$new$0(133)) - 5935a206-a598-494c-a9e6-46da022b00dd@group-6EF6570EA239-SegmentedRaftLogWorker: flushIndex: setUnconditionally 0 -> -1
2021-11-06 13:09:08,251 [pool-700-thread-1] INFO  segmented.SegmentedRaftLogWorker (SegmentedRaftLogWorker.java:lambda$new$0(133)) - 5935a206-a598-494c-a9e6-46da022b00dd@group-6EF6570EA239-SegmentedRaftLogWorker: safeCacheEvictIndex: setUnconditionally 0 -> -1
2021-11-06 13:09:08,256 [pool-700-thread-1] INFO  server.RaftServerConfigKeys (ConfUtils.java:logGet(44)) - raft.server.snapshot.auto.trigger.enabled = true (custom)
2021-11-06 13:09:08,256 [pool-700-thread-1] INFO  server.RaftServerConfigKeys (ConfUtils.java:logGet(44)) - raft.server.snapshot.auto.trigger.threshold = 10000 (custom)
2021-11-06 13:09:08,256 [pool-700-thread-1] INFO  server.RaftServerConfigKeys (ConfUtils.java:logGet(44)) - raft.server.snapshot.retention.file.num = 5 (custom)
2021-11-06 13:09:08,256 [pool-700-thread-1] INFO  server.RaftServerConfigKeys (ConfUtils.java:logGet(44)) - raft.server.log.purge.upto.snapshot.index = false (default)
2021-11-06 13:09:08,256 [pool-700-thread-1] INFO  server.RaftServerConfigKeys (ConfUtils.java:logGet(44)) - raft.server.retrycache.expirytime = 600000ms (custom)
2021-11-06 13:09:08,256 [pool-700-thread-1] INFO  server.RaftServerConfigKeys (ConfUtils.java:logGet(44)) - raft.server.retrycache.statistics.expirytime = 100μs (default)
2021-11-06 13:09:08,258 [pool-700-thread-1] INFO  server.RaftServer$Division (RaftServerImpl.java:start(301)) - 5935a206-a598-494c-a9e6-46da022b00dd@group-6EF6570EA239: start as a follower, conf=-1: [0eaea5f5-6746-43ea-ac9f-09b1ebc824b6|rpc:10.1.0.11:39423|dataStream:|priority:0, 5935a206-a598-494c-a9e6-46da022b00dd|rpc:10.1.0.11:43005|dataStream:|priority:0, ca2e1dc9-8c7f-42bc-b6bd-0370d79258f9|rpc:10.1.0.11:38687|dataStream:|priority:1], old=null
2021-11-06 13:09:08,258 [pool-700-thread-1] INFO  server.RaftServer$Division (RaftServerImpl.java:setRole(290)) - 5935a206-a598-494c-a9e6-46da022b00dd@group-6EF6570EA239: changes role from      null to FOLLOWER at term 0 for startAsFollower
2021-11-06 13:09:08,258 [pool-700-thread-1] INFO  impl.RoleInfo (RoleInfo.java:updateAndGet(130)) - 5935a206-a598-494c-a9e6-46da022b00dd: start 5935a206-a598-494c-a9e6-46da022b00dd@group-6EF6570EA239-FollowerState
2021-11-06 13:09:08,265 [pool-700-thread-1] INFO  util.JmxRegister (JmxRegister.java:tryRegister(44)) - Successfully registered JMX Bean with object name Ratis:service=RaftServer,group=group-6EF6570EA239,id=5935a206-a598-494c-a9e6-46da022b00dd
2021-11-06 13:09:08,311 [grpc-default-executor-3] INFO  server.RaftServer (RaftServerProxy.java:addNew(95)) - ca2e1dc9-8c7f-42bc-b6bd-0370d79258f9: addNew group-6EF6570EA239:[0eaea5f5-6746-43ea-ac9f-09b1ebc824b6|rpc:10.1.0.11:39423|dataStream:|priority:0, 5935a206-a598-494c-a9e6-46da022b00dd|rpc:10.1.0.11:43005|dataStream:|priority:0, ca2e1dc9-8c7f-42bc-b6bd-0370d79258f9|rpc:10.1.0.11:38687|dataStream:|priority:1] returns group-6EF6570EA239:java.util.concurrent.CompletableFuture@3115806[Not completed]
2021-11-06 13:09:08,318 [pool-681-thread-1] INFO  server.RaftServer$Division (RaftServerImpl.java:<init>(184)) - ca2e1dc9-8c7f-42bc-b6bd-0370d79258f9: new RaftServerImpl for group-6EF6570EA239:[0eaea5f5-6746-43ea-ac9f-09b1ebc824b6|rpc:10.1.0.11:39423|dataStream:|priority:0, 5935a206-a598-494c-a9e6-46da022b00dd|rpc:10.1.0.11:43005|dataStream:|priority:0, ca2e1dc9-8c7f-42bc-b6bd-0370d79258f9|rpc:10.1.0.11:38687|dataStream:|priority:1] with ContainerStateMachine:uninitialized
2021-11-06 13:09:08,321 [pool-681-thread-1] INFO  server.RaftServerConfigKeys (ConfUtils.java:logGet(44)) - raft.server.rpc.timeout.min = 5s (custom)
2021-11-06 13:09:08,322 [pool-681-thread-1] INFO  server.RaftServerConfigKeys (ConfUtils.java:logGet(44)) - raft.server.rpc.timeout.max = 5200ms (custom)
2021-11-06 13:09:08,322 [pool-681-thread-1] INFO  server.RaftServerConfigKeys (ConfUtils.java:logGet(44)) - raft.server.rpc.sleep.time = 25ms (default)
2021-11-06 13:09:08,322 [pool-681-thread-1] INFO  server.RaftServerConfigKeys (ConfUtils.java:logGet(44)) - raft.server.rpc.slowness.timeout = 300000ms (custom)
2021-11-06 13:09:08,322 [pool-681-thread-1] INFO  server.RaftServerConfigKeys (ConfUtils.java:logGet(44)) - raft.server.leaderelection.leader.step-down.wait-time = 10s (default)
2021-11-06 13:09:08,322 [pool-681-thread-1] INFO  server.RaftServerConfigKeys (ConfUtils.java:logGet(44)) - raft.server.sleep.deviation.threshold = 300ms (default)
2021-11-06 13:09:08,322 [pool-681-thread-1] INFO  server.RaftServerConfigKeys (ConfUtils.java:logGet(44)) - raft.server.log.appender.install.snapshot.enabled = false (custom)
2021-11-06 13:09:08,323 [pool-681-thread-1] INFO  server.RaftServer$Division (ServerState.java:<init>(105)) - ca2e1dc9-8c7f-42bc-b6bd-0370d79258f9@group-6EF6570EA239: ConfigurationManager, init=-1: [0eaea5f5-6746-43ea-ac9f-09b1ebc824b6|rpc:10.1.0.11:39423|dataStream:|priority:0, 5935a206-a598-494c-a9e6-46da022b00dd|rpc:10.1.0.11:43005|dataStream:|priority:0, ca2e1dc9-8c7f-42bc-b6bd-0370d79258f9|rpc:10.1.0.11:38687|dataStream:|priority:1], old=null, confs=<EMPTY_MAP>
2021-11-06 13:09:08,323 [pool-681-thread-1] INFO  server.RaftServerConfigKeys (ConfUtils.java:logGet(44)) - raft.server.storage.dir = [/home/runner/work/ozone/ozone/hadoop-ozone/integration-test/target/test-dir/MiniOzoneClusterImpl-57fe1d17-8f30-476a-a64a-953d5983e20c/datanode-7/data/ratis] (custom)
2021-11-06 13:09:08,324 [pool-681-thread-1] INFO  server.RaftServerConfigKeys (ConfUtils.java:logGet(44)) - raft.server.log.corruption.policy = EXCEPTION (default)
2021-11-06 13:09:08,324 [pool-681-thread-1] INFO  server.RaftServerConfigKeys (ConfUtils.java:logGet(44)) - raft.server.storage.free-space.min = 0MB (=0) (default)
2021-11-06 13:09:08,330 [pool-681-thread-1] INFO  storage.RaftStorageDirectory (RaftStorageDirectoryImpl.java:analyzeStorage(135)) - The storage directory /home/runner/work/ozone/ozone/hadoop-ozone/integration-test/target/test-dir/MiniOzoneClusterImpl-57fe1d17-8f30-476a-a64a-953d5983e20c/datanode-7/data/ratis/eab537b7-d333-43c5-8191-6ef6570ea239 does not exist. Creating ...
2021-11-06 13:09:08,333 [pool-681-thread-1] INFO  storage.RaftStorageDirectory (RaftStorageDirectoryImpl.java:tryLock(230)) - Lock on /home/runner/work/ozone/ozone/hadoop-ozone/integration-test/target/test-dir/MiniOzoneClusterImpl-57fe1d17-8f30-476a-a64a-953d5983e20c/datanode-7/data/ratis/eab537b7-d333-43c5-8191-6ef6570ea239/in_use.lock acquired by nodename 21237@fv-az151-875
2021-11-06 13:09:08,339 [pool-681-thread-1] INFO  storage.RaftStorage (RaftStorageImpl.java:format(89)) - Storage directory /home/runner/work/ozone/ozone/hadoop-ozone/integration-test/target/test-dir/MiniOzoneClusterImpl-57fe1d17-8f30-476a-a64a-953d5983e20c/datanode-7/data/ratis/eab537b7-d333-43c5-8191-6ef6570ea239 has been successfully formatted.
2021-11-06 13:09:08,375 [pool-681-thread-1] INFO  ratis.ContainerStateMachine (ContainerStateMachine.java:loadSnapshot(224)) - group-6EF6570EA239: The snapshot info is null. Setting the last applied indexto:(t:0, i:~)
2021-11-06 13:09:08,375 [pool-681-thread-1] INFO  server.RaftServerConfigKeys (ConfUtils.java:logGet(44)) - raft.server.notification.no-leader.timeout = 300000ms (custom)
2021-11-06 13:09:08,375 [pool-681-thread-1] INFO  server.RaftServerConfigKeys (ConfUtils.java:logGet(44)) - raft.server.log.use.memory = false (default)
2021-11-06 13:09:08,375 [pool-681-thread-1] INFO  server.RaftServerConfigKeys (ConfUtils.java:logGet(44)) - raft.server.log.purge.gap = 1000000 (custom)
2021-11-06 13:09:08,376 [pool-681-thread-1] INFO  server.RaftServerConfigKeys (ConfUtils.java:logGet(44)) - raft.server.log.appender.buffer.byte-limit = 33554432 (custom)
2021-11-06 13:09:08,376 [pool-681-thread-1] INFO  server.RaftServerConfigKeys (ConfUtils.java:logGet(44)) - raft.server.log.segment.size.max = 1048576 (custom)
2021-11-06 13:09:08,376 [pool-681-thread-1] INFO  server.RaftServerConfigKeys (ConfUtils.java:logGet(44)) - raft.server.log.segment.cache.num.max = 2 (custom)
2021-11-06 13:09:08,376 [pool-681-thread-1] INFO  server.RaftServerConfigKeys (ConfUtils.java:logGet(44)) - raft.server.log.segment.cache.size.max = 200MB (=209715200) (default)
2021-11-06 13:09:08,376 [pool-681-thread-1] INFO  segmented.SegmentedRaftLogWorker (SegmentedRaftLogWorker.java:<init>(182)) - new ca2e1dc9-8c7f-42bc-b6bd-0370d79258f9@group-6EF6570EA239-SegmentedRaftLogWorker for RaftStorageImpl:Storage Directory /home/runner/work/ozone/ozone/hadoop-ozone/integration-test/target/test-dir/MiniOzoneClusterImpl-57fe1d17-8f30-476a-a64a-953d5983e20c/datanode-7/data/ratis/eab537b7-d333-43c5-8191-6ef6570ea239
2021-11-06 13:09:08,376 [pool-681-thread-1] INFO  server.RaftServerConfigKeys (ConfUtils.java:logGet(44)) - raft.server.log.queue.byte-limit = 2147483647 (custom)
2021-11-06 13:09:08,377 [pool-681-thread-1] INFO  server.RaftServerConfigKeys (ConfUtils.java:logGet(44)) - raft.server.log.queue.element-limit = 1024 (custom)
2021-11-06 13:09:08,377 [pool-681-thread-1] INFO  server.RaftServerConfigKeys (ConfUtils.java:logGet(44)) - raft.server.log.segment.size.max = 1048576 (custom)
2021-11-06 13:09:08,377 [pool-681-thread-1] INFO  server.RaftServerConfigKeys (ConfUtils.java:logGet(44)) - raft.server.log.preallocated.size = 16384 (custom)
2021-11-06 13:09:08,377 [pool-681-thread-1] INFO  server.RaftServerConfigKeys (ConfUtils.java:logGet(44)) - raft.server.log.force.sync.num = 128 (default)
2021-11-06 13:09:08,377 [pool-681-thread-1] INFO  server.RaftServerConfigKeys (ConfUtils.java:logGet(44)) - raft.server.log.statemachine.data.sync = true (default)
2021-11-06 13:09:08,377 [pool-681-thread-1] INFO  server.RaftServerConfigKeys (ConfUtils.java:logGet(44)) - raft.server.log.statemachine.data.sync.timeout = 10s (default)
2021-11-06 13:09:08,377 [pool-681-thread-1] INFO  server.RaftServerConfigKeys (ConfUtils.java:logGet(44)) - raft.server.log.statemachine.data.sync.timeout.retry = -1 (default)
2021-11-06 13:09:08,378 [pool-681-thread-1] INFO  server.RaftServerConfigKeys (ConfUtils.java:logGet(44)) - raft.server.log.write.buffer.size = 1048576 (custom)
2021-11-06 13:09:08,378 [pool-681-thread-1] INFO  server.RaftServerConfigKeys (ConfUtils.java:logGet(44)) - raft.server.log.statemachine.data.caching.enabled = true (custom)
2021-11-06 13:09:08,378 [pool-681-thread-1] INFO  segmented.SegmentedRaftLogWorker (SegmentedRaftLogWorker.java:lambda$new$0(133)) - ca2e1dc9-8c7f-42bc-b6bd-0370d79258f9@group-6EF6570EA239-SegmentedRaftLogWorker: flushIndex: setUnconditionally 0 -> -1
2021-11-06 13:09:08,378 [pool-681-thread-1] INFO  segmented.SegmentedRaftLogWorker (SegmentedRaftLogWorker.java:lambda$new$0(133)) - ca2e1dc9-8c7f-42bc-b6bd-0370d79258f9@group-6EF6570EA239-SegmentedRaftLogWorker: safeCacheEvictIndex: setUnconditionally 0 -> -1
2021-11-06 13:09:08,395 [pool-681-thread-1] INFO  server.RaftServerConfigKeys (ConfUtils.java:logGet(44)) - raft.server.snapshot.auto.trigger.enabled = true (custom)
2021-11-06 13:09:08,395 [pool-681-thread-1] INFO  server.RaftServerConfigKeys (ConfUtils.java:logGet(44)) - raft.server.snapshot.auto.trigger.threshold = 10000 (custom)
2021-11-06 13:09:08,395 [pool-681-thread-1] INFO  server.RaftServerConfigKeys (ConfUtils.java:logGet(44)) - raft.server.snapshot.retention.file.num = 5 (custom)
2021-11-06 13:09:08,395 [pool-681-thread-1] INFO  server.RaftServerConfigKeys (ConfUtils.java:logGet(44)) - raft.server.log.purge.upto.snapshot.index = false (default)
2021-11-06 13:09:08,395 [pool-681-thread-1] INFO  server.RaftServerConfigKeys (ConfUtils.java:logGet(44)) - raft.server.retrycache.expirytime = 600000ms (custom)
2021-11-06 13:09:08,395 [pool-681-thread-1] INFO  server.RaftServerConfigKeys (ConfUtils.java:logGet(44)) - raft.server.retrycache.statistics.expirytime = 100μs (default)
2021-11-06 13:09:08,397 [pool-681-thread-1] INFO  server.RaftServer$Division (RaftServerImpl.java:start(301)) - ca2e1dc9-8c7f-42bc-b6bd-0370d79258f9@group-6EF6570EA239: start as a follower, conf=-1: [0eaea5f5-6746-43ea-ac9f-09b1ebc824b6|rpc:10.1.0.11:39423|dataStream:|priority:0, 5935a206-a598-494c-a9e6-46da022b00dd|rpc:10.1.0.11:43005|dataStream:|priority:0, ca2e1dc9-8c7f-42bc-b6bd-0370d79258f9|rpc:10.1.0.11:38687|dataStream:|priority:1], old=null
2021-11-06 13:09:08,397 [pool-681-thread-1] INFO  server.RaftServer$Division (RaftServerImpl.java:setRole(290)) - ca2e1dc9-8c7f-42bc-b6bd-0370d79258f9@group-6EF6570EA239: changes role from      null to FOLLOWER at term 0 for startAsFollower
2021-11-06 13:09:08,397 [pool-681-thread-1] INFO  impl.RoleInfo (RoleInfo.java:updateAndGet(130)) - ca2e1dc9-8c7f-42bc-b6bd-0370d79258f9: start ca2e1dc9-8c7f-42bc-b6bd-0370d79258f9@group-6EF6570EA239-FollowerState
2021-11-06 13:09:08,400 [pool-681-thread-1] INFO  util.JmxRegister (JmxRegister.java:tryRegister(44)) - Successfully registered JMX Bean with object name Ratis:service=RaftServer,group=group-6EF6570EA239,id=ca2e1dc9-8c7f-42bc-b6bd-0370d79258f9
2021-11-06 13:09:08,432 [Command processor thread] INFO  commandhandler.CreatePipelineCommandHandler (CreatePipelineCommandHandler.java:handle(106)) - Created Pipeline RATIS THREE PipelineID=eab537b7-d333-43c5-8191-6ef6570ea239.
2021-11-06 13:09:08,507 [Command processor thread] INFO  server.RaftServer (RaftServerProxy.java:addNew(95)) - ca2e1dc9-8c7f-42bc-b6bd-0370d79258f9: addNew group-705A195EE02E:[ca2e1dc9-8c7f-42bc-b6bd-0370d79258f9|rpc:10.1.0.11:38687|priority:1] returns group-705A195EE02E:java.util.concurrent.CompletableFuture@1254597b[Not completed]
2021-11-06 13:09:08,507 [pool-681-thread-1] INFO  server.RaftServer$Division (RaftServerImpl.java:<init>(184)) - ca2e1dc9-8c7f-42bc-b6bd-0370d79258f9: new RaftServerImpl for group-705A195EE02E:[ca2e1dc9-8c7f-42bc-b6bd-0370d79258f9|rpc:10.1.0.11:38687|priority:1] with ContainerStateMachine:uninitialized
2021-11-06 13:09:08,508 [pool-681-thread-1] INFO  server.RaftServerConfigKeys (ConfUtils.java:logGet(44)) - raft.server.rpc.timeout.min = 5s (custom)
2021-11-06 13:09:08,508 [pool-681-thread-1] INFO  server.RaftServerConfigKeys (ConfUtils.java:logGet(44)) - raft.server.rpc.timeout.max = 5200ms (custom)
2021-11-06 13:09:08,508 [pool-681-thread-1] INFO  server.RaftServerConfigKeys (ConfUtils.java:logGet(44)) - raft.server.rpc.sleep.time = 25ms (default)
2021-11-06 13:09:08,508 [pool-681-thread-1] INFO  server.RaftServerConfigKeys (ConfUtils.java:logGet(44)) - raft.server.rpc.slowness.timeout = 300000ms (custom)
2021-11-06 13:09:08,508 [pool-681-thread-1] INFO  server.RaftServerConfigKeys (ConfUtils.java:logGet(44)) - raft.server.leaderelection.leader.step-down.wait-time = 10s (default)
2021-11-06 13:09:08,508 [pool-681-thread-1] INFO  server.RaftServerConfigKeys (ConfUtils.java:logGet(44)) - raft.server.sleep.deviation.threshold = 300ms (default)
2021-11-06 13:09:08,508 [pool-681-thread-1] INFO  server.RaftServerConfigKeys (ConfUtils.java:logGet(44)) - raft.server.log.appender.install.snapshot.enabled = false (custom)
2021-11-06 13:09:08,508 [pool-681-thread-1] INFO  server.RaftServer$Division (ServerState.java:<init>(105)) - ca2e1dc9-8c7f-42bc-b6bd-0370d79258f9@group-705A195EE02E: ConfigurationManager, init=-1: [ca2e1dc9-8c7f-42bc-b6bd-0370d79258f9|rpc:10.1.0.11:38687|priority:1], old=null, confs=<EMPTY_MAP>
2021-11-06 13:09:08,508 [pool-681-thread-1] INFO  server.RaftServerConfigKeys (ConfUtils.java:logGet(44)) - raft.server.storage.dir = [/home/runner/work/ozone/ozone/hadoop-ozone/integration-test/target/test-dir/MiniOzoneClusterImpl-57fe1d17-8f30-476a-a64a-953d5983e20c/datanode-7/data/ratis] (custom)
2021-11-06 13:09:08,508 [pool-681-thread-1] INFO  server.RaftServerConfigKeys (ConfUtils.java:logGet(44)) - raft.server.log.corruption.policy = EXCEPTION (default)
2021-11-06 13:09:08,508 [pool-681-thread-1] INFO  server.RaftServerConfigKeys (ConfUtils.java:logGet(44)) - raft.server.storage.free-space.min = 0MB (=0) (default)
2021-11-06 13:09:08,508 [pool-681-thread-1] INFO  storage.RaftStorageDirectory (RaftStorageDirectoryImpl.java:analyzeStorage(135)) - The storage directory /home/runner/work/ozone/ozone/hadoop-ozone/integration-test/target/test-dir/MiniOzoneClusterImpl-57fe1d17-8f30-476a-a64a-953d5983e20c/datanode-7/data/ratis/f87f9722-8996-4b04-814c-705a195ee02e does not exist. Creating ...
2021-11-06 13:09:08,513 [pool-681-thread-1] INFO  storage.RaftStorageDirectory (RaftStorageDirectoryImpl.java:tryLock(230)) - Lock on /home/runner/work/ozone/ozone/hadoop-ozone/integration-test/target/test-dir/MiniOzoneClusterImpl-57fe1d17-8f30-476a-a64a-953d5983e20c/datanode-7/data/ratis/f87f9722-8996-4b04-814c-705a195ee02e/in_use.lock acquired by nodename 21237@fv-az151-875
2021-11-06 13:09:08,514 [pool-681-thread-1] INFO  storage.RaftStorage (RaftStorageImpl.java:format(89)) - Storage directory /home/runner/work/ozone/ozone/hadoop-ozone/integration-test/target/test-dir/MiniOzoneClusterImpl-57fe1d17-8f30-476a-a64a-953d5983e20c/datanode-7/data/ratis/f87f9722-8996-4b04-814c-705a195ee02e has been successfully formatted.
2021-11-06 13:09:08,515 [pool-681-thread-1] INFO  ratis.ContainerStateMachine (ContainerStateMachine.java:loadSnapshot(224)) - group-705A195EE02E: The snapshot info is null. Setting the last applied indexto:(t:0, i:~)
2021-11-06 13:09:08,515 [pool-681-thread-1] INFO  server.RaftServerConfigKeys (ConfUtils.java:logGet(44)) - raft.server.notification.no-leader.timeout = 300000ms (custom)
2021-11-06 13:09:08,516 [pool-681-thread-1] INFO  server.RaftServerConfigKeys (ConfUtils.java:logGet(44)) - raft.server.log.use.memory = false (default)
2021-11-06 13:09:08,516 [pool-681-thread-1] INFO  server.RaftServerConfigKeys (ConfUtils.java:logGet(44)) - raft.server.log.purge.gap = 1000000 (custom)
2021-11-06 13:09:08,516 [pool-681-thread-1] INFO  server.RaftServerConfigKeys (ConfUtils.java:logGet(44)) - raft.server.log.appender.buffer.byte-limit = 33554432 (custom)
2021-11-06 13:09:08,516 [pool-681-thread-1] INFO  server.RaftServerConfigKeys (ConfUtils.java:logGet(44)) - raft.server.log.segment.size.max = 1048576 (custom)
2021-11-06 13:09:08,516 [EventQueue-PipelineReportForPipelineReportHandler] INFO  pipeline.PipelineManagerImpl (PipelineManagerImpl.java:openPipeline(289)) - Pipeline Pipeline[ Id: f87f9722-8996-4b04-814c-705a195ee02e, Nodes: ca2e1dc9-8c7f-42bc-b6bd-0370d79258f9{ip: 10.1.0.11, host: fv-az151-875.yf2hydr00wburbhx3j5hxtcipe.bx.internal.cloudapp.net, ports: [REPLICATION=42051, RATIS=38687, RATIS_ADMIN=38687, RATIS_SERVER=38687, STANDALONE=41431], networkLocation: /default-rack, certSerialId: null, persistedOpState: IN_SERVICE, persistedOpStateExpiryEpochSec: 0}, ReplicationConfig: RATIS/ONE, State:ALLOCATED, leaderId:ca2e1dc9-8c7f-42bc-b6bd-0370d79258f9, CreationTimestamp2021-11-06T13:09:05.524Z[Etc/UTC]] moved to OPEN state
2021-11-06 13:09:08,518 [EventQueue-OpenPipelineForHealthyPipelineSafeModeRule] INFO  safemode.SCMSafeModeManager (HealthyPipelineSafeModeRule.java:process(124)) - SCM in safe mode. Healthy pipelines reported count is 0, required healthy pipeline reported count is 1
2021-11-06 13:09:08,519 [pool-681-thread-1] INFO  server.RaftServerConfigKeys (ConfUtils.java:logGet(44)) - raft.server.log.segment.cache.num.max = 2 (custom)
2021-11-06 13:09:08,519 [pool-681-thread-1] INFO  server.RaftServerConfigKeys (ConfUtils.java:logGet(44)) - raft.server.log.segment.cache.size.max = 200MB (=209715200) (default)
2021-11-06 13:09:08,519 [pool-681-thread-1] INFO  segmented.SegmentedRaftLogWorker (SegmentedRaftLogWorker.java:<init>(182)) - new ca2e1dc9-8c7f-42bc-b6bd-0370d79258f9@group-705A195EE02E-SegmentedRaftLogWorker for RaftStorageImpl:Storage Directory /home/runner/work/ozone/ozone/hadoop-ozone/integration-test/target/test-dir/MiniOzoneClusterImpl-57fe1d17-8f30-476a-a64a-953d5983e20c/datanode-7/data/ratis/f87f9722-8996-4b04-814c-705a195ee02e
2021-11-06 13:09:08,519 [pool-681-thread-1] INFO  server.RaftServerConfigKeys (ConfUtils.java:logGet(44)) - raft.server.log.queue.byte-limit = 2147483647 (custom)
2021-11-06 13:09:08,523 [pool-681-thread-1] INFO  server.RaftServerConfigKeys (ConfUtils.java:logGet(44)) - raft.server.log.queue.element-limit = 1024 (custom)
2021-11-06 13:09:08,523 [pool-681-thread-1] INFO  server.RaftServerConfigKeys (ConfUtils.java:logGet(44)) - raft.server.log.segment.size.max = 1048576 (custom)
2021-11-06 13:09:08,523 [pool-681-thread-1] INFO  server.RaftServerConfigKeys (ConfUtils.java:logGet(44)) - raft.server.log.preallocated.size = 16384 (custom)
2021-11-06 13:09:08,523 [pool-681-thread-1] INFO  server.RaftServerConfigKeys (ConfUtils.java:logGet(44)) - raft.server.log.force.sync.num = 128 (default)
2021-11-06 13:09:08,523 [pool-681-thread-1] INFO  server.RaftServerConfigKeys (ConfUtils.java:logGet(44)) - raft.server.log.statemachine.data.sync = true (default)
2021-11-06 13:09:08,523 [pool-681-thread-1] INFO  server.RaftServerConfigKeys (ConfUtils.java:logGet(44)) - raft.server.log.statemachine.data.sync.timeout = 10s (default)
2021-11-06 13:09:08,523 [pool-681-thread-1] INFO  server.RaftServerConfigKeys (ConfUtils.java:logGet(44)) - raft.server.log.statemachine.data.sync.timeout.retry = -1 (default)
2021-11-06 13:09:08,525 [pool-681-thread-1] INFO  server.RaftServerConfigKeys (ConfUtils.java:logGet(44)) - raft.server.log.write.buffer.size = 1048576 (custom)
2021-11-06 13:09:08,525 [pool-681-thread-1] INFO  server.RaftServerConfigKeys (ConfUtils.java:logGet(44)) - raft.server.log.statemachine.data.caching.enabled = true (custom)
2021-11-06 13:09:08,526 [pool-681-thread-1] INFO  segmented.SegmentedRaftLogWorker (SegmentedRaftLogWorker.java:lambda$new$0(133)) - ca2e1dc9-8c7f-42bc-b6bd-0370d79258f9@group-705A195EE02E-SegmentedRaftLogWorker: flushIndex: setUnconditionally 0 -> -1
2021-11-06 13:09:08,526 [pool-681-thread-1] INFO  segmented.SegmentedRaftLogWorker (SegmentedRaftLogWorker.java:lambda$new$0(133)) - ca2e1dc9-8c7f-42bc-b6bd-0370d79258f9@group-705A195EE02E-SegmentedRaftLogWorker: safeCacheEvictIndex: setUnconditionally 0 -> -1
2021-11-06 13:09:08,531 [pool-681-thread-1] INFO  server.RaftServerConfigKeys (ConfUtils.java:logGet(44)) - raft.server.snapshot.auto.trigger.enabled = true (custom)
2021-11-06 13:09:08,531 [pool-681-thread-1] INFO  server.RaftServerConfigKeys (ConfUtils.java:logGet(44)) - raft.server.snapshot.auto.trigger.threshold = 10000 (custom)
2021-11-06 13:09:08,531 [pool-681-thread-1] INFO  server.RaftServerConfigKeys (ConfUtils.java:logGet(44)) - raft.server.snapshot.retention.file.num = 5 (custom)
2021-11-06 13:09:08,531 [pool-681-thread-1] INFO  server.RaftServerConfigKeys (ConfUtils.java:logGet(44)) - raft.server.log.purge.upto.snapshot.index = false (default)
2021-11-06 13:09:08,531 [pool-681-thread-1] INFO  server.RaftServerConfigKeys (ConfUtils.java:logGet(44)) - raft.server.retrycache.expirytime = 600000ms (custom)
2021-11-06 13:09:08,531 [pool-681-thread-1] INFO  server.RaftServerConfigKeys (ConfUtils.java:logGet(44)) - raft.server.retrycache.statistics.expirytime = 100μs (default)
2021-11-06 13:09:08,534 [pool-681-thread-1] INFO  server.RaftServer$Division (RaftServerImpl.java:start(301)) - ca2e1dc9-8c7f-42bc-b6bd-0370d79258f9@group-705A195EE02E: start as a follower, conf=-1: [ca2e1dc9-8c7f-42bc-b6bd-0370d79258f9|rpc:10.1.0.11:38687|priority:1], old=null
2021-11-06 13:09:08,534 [pool-681-thread-1] INFO  server.RaftServer$Division (RaftServerImpl.java:setRole(290)) - ca2e1dc9-8c7f-42bc-b6bd-0370d79258f9@group-705A195EE02E: changes role from      null to FOLLOWER at term 0 for startAsFollower
2021-11-06 13:09:08,534 [pool-681-thread-1] INFO  impl.RoleInfo (RoleInfo.java:updateAndGet(130)) - ca2e1dc9-8c7f-42bc-b6bd-0370d79258f9: start ca2e1dc9-8c7f-42bc-b6bd-0370d79258f9@group-705A195EE02E-FollowerState
2021-11-06 13:09:08,535 [pool-681-thread-1] INFO  util.JmxRegister (JmxRegister.java:tryRegister(44)) - Successfully registered JMX Bean with object name Ratis:service=RaftServer,group=group-705A195EE02E,id=ca2e1dc9-8c7f-42bc-b6bd-0370d79258f9
2021-11-06 13:09:08,536 [Command processor thread] INFO  ratis.XceiverServerRatis (XceiverServerRatis.java:addGroup(768)) - Created group PipelineID=f87f9722-8996-4b04-814c-705a195ee02e
2021-11-06 13:09:08,536 [Command processor thread] INFO  commandhandler.CreatePipelineCommandHandler (CreatePipelineCommandHandler.java:handle(106)) - Created Pipeline RATIS ONE PipelineID=f87f9722-8996-4b04-814c-705a195ee02e.
2021-11-06 13:09:08,897 [Listener at 127.0.0.1/34591] INFO  ozone.MiniOzoneClusterImpl (MiniOzoneClusterImpl.java:lambda$waitForClusterToBeReady$0(235)) - Nodes are ready. Got 9 of 9 DN Heartbeats.
2021-11-06 13:09:08,897 [Listener at 127.0.0.1/34591] INFO  ozone.MiniOzoneClusterImpl (MiniOzoneClusterImpl.java:lambda$waitForClusterToBeReady$0(238)) - Waiting for cluster to exit safe mode
2021-11-06 13:09:08,897 [Listener at 127.0.0.1/34591] INFO  ozone.MiniOzoneClusterImpl (MiniOzoneClusterImpl.java:lambda$waitForClusterToBeReady$0(240)) - SCM became leader
2021-11-06 13:09:08,962 [Command processor thread] INFO  server.RaftServer (RaftServerProxy.java:addNew(95)) - 5935a206-a598-494c-a9e6-46da022b00dd: addNew group-A8272E390442:[5935a206-a598-494c-a9e6-46da022b00dd|rpc:10.1.0.11:43005|priority:1] returns group-A8272E390442:java.util.concurrent.CompletableFuture@4d6c8cf0[Not completed]
2021-11-06 13:09:08,963 [pool-700-thread-1] INFO  server.RaftServer$Division (RaftServerImpl.java:<init>(184)) - 5935a206-a598-494c-a9e6-46da022b00dd: new RaftServerImpl for group-A8272E390442:[5935a206-a598-494c-a9e6-46da022b00dd|rpc:10.1.0.11:43005|priority:1] with ContainerStateMachine:uninitialized
2021-11-06 13:09:08,963 [pool-700-thread-1] INFO  server.RaftServerConfigKeys (ConfUtils.java:logGet(44)) - raft.server.rpc.timeout.min = 5s (custom)
2021-11-06 13:09:08,963 [pool-700-thread-1] INFO  server.RaftServerConfigKeys (ConfUtils.java:logGet(44)) - raft.server.rpc.timeout.max = 5200ms (custom)
2021-11-06 13:09:08,963 [pool-700-thread-1] INFO  server.RaftServerConfigKeys (ConfUtils.java:logGet(44)) - raft.server.rpc.sleep.time = 25ms (default)
2021-11-06 13:09:08,963 [pool-700-thread-1] INFO  server.RaftServerConfigKeys (ConfUtils.java:logGet(44)) - raft.server.rpc.slowness.timeout = 300000ms (custom)
2021-11-06 13:09:08,964 [pool-700-thread-1] INFO  server.RaftServerConfigKeys (ConfUtils.java:logGet(44)) - raft.server.leaderelection.leader.step-down.wait-time = 10s (default)
2021-11-06 13:09:08,964 [pool-700-thread-1] INFO  server.RaftServerConfigKeys (ConfUtils.java:logGet(44)) - raft.server.sleep.deviation.threshold = 300ms (default)
2021-11-06 13:09:08,964 [pool-700-thread-1] INFO  server.RaftServerConfigKeys (ConfUtils.java:logGet(44)) - raft.server.log.appender.install.snapshot.enabled = false (custom)
2021-11-06 13:09:08,964 [pool-700-thread-1] INFO  server.RaftServer$Division (ServerState.java:<init>(105)) - 5935a206-a598-494c-a9e6-46da022b00dd@group-A8272E390442: ConfigurationManager, init=-1: [5935a206-a598-494c-a9e6-46da022b00dd|rpc:10.1.0.11:43005|priority:1], old=null, confs=<EMPTY_MAP>
2021-11-06 13:09:08,964 [pool-700-thread-1] INFO  server.RaftServerConfigKeys (ConfUtils.java:logGet(44)) - raft.server.storage.dir = [/home/runner/work/ozone/ozone/hadoop-ozone/integration-test/target/test-dir/MiniOzoneClusterImpl-57fe1d17-8f30-476a-a64a-953d5983e20c/datanode-8/data/ratis] (custom)
2021-11-06 13:09:08,964 [pool-700-thread-1] INFO  server.RaftServerConfigKeys (ConfUtils.java:logGet(44)) - raft.server.log.corruption.policy = EXCEPTION (default)
2021-11-06 13:09:08,964 [pool-700-thread-1] INFO  server.RaftServerConfigKeys (ConfUtils.java:logGet(44)) - raft.server.storage.free-space.min = 0MB (=0) (default)
2021-11-06 13:09:08,964 [pool-700-thread-1] INFO  storage.RaftStorageDirectory (RaftStorageDirectoryImpl.java:analyzeStorage(135)) - The storage directory /home/runner/work/ozone/ozone/hadoop-ozone/integration-test/target/test-dir/MiniOzoneClusterImpl-57fe1d17-8f30-476a-a64a-953d5983e20c/datanode-8/data/ratis/899620c5-8f09-42b5-8150-a8272e390442 does not exist. Creating ...
2021-11-06 13:09:08,971 [pool-700-thread-1] INFO  storage.RaftStorageDirectory (RaftStorageDirectoryImpl.java:tryLock(230)) - Lock on /home/runner/work/ozone/ozone/hadoop-ozone/integration-test/target/test-dir/MiniOzoneClusterImpl-57fe1d17-8f30-476a-a64a-953d5983e20c/datanode-8/data/ratis/899620c5-8f09-42b5-8150-a8272e390442/in_use.lock acquired by nodename 21237@fv-az151-875
2021-11-06 13:09:08,973 [pool-700-thread-1] INFO  storage.RaftStorage (RaftStorageImpl.java:format(89)) - Storage directory /home/runner/work/ozone/ozone/hadoop-ozone/integration-test/target/test-dir/MiniOzoneClusterImpl-57fe1d17-8f30-476a-a64a-953d5983e20c/datanode-8/data/ratis/899620c5-8f09-42b5-8150-a8272e390442 has been successfully formatted.
2021-11-06 13:09:08,973 [pool-700-thread-1] INFO  ratis.ContainerStateMachine (ContainerStateMachine.java:loadSnapshot(224)) - group-A8272E390442: The snapshot info is null. Setting the last applied indexto:(t:0, i:~)
2021-11-06 13:09:08,973 [pool-700-thread-1] INFO  server.RaftServerConfigKeys (ConfUtils.java:logGet(44)) - raft.server.notification.no-leader.timeout = 300000ms (custom)
2021-11-06 13:09:08,974 [pool-700-thread-1] INFO  server.RaftServerConfigKeys (ConfUtils.java:logGet(44)) - raft.server.log.use.memory = false (default)
2021-11-06 13:09:08,974 [pool-700-thread-1] INFO  server.RaftServerConfigKeys (ConfUtils.java:logGet(44)) - raft.server.log.purge.gap = 1000000 (custom)
2021-11-06 13:09:08,974 [pool-700-thread-1] INFO  server.RaftServerConfigKeys (ConfUtils.java:logGet(44)) - raft.server.log.appender.buffer.byte-limit = 33554432 (custom)
2021-11-06 13:09:08,974 [pool-700-thread-1] INFO  server.RaftServerConfigKeys (ConfUtils.java:logGet(44)) - raft.server.log.segment.size.max = 1048576 (custom)
2021-11-06 13:09:08,975 [pool-700-thread-1] INFO  server.RaftServerConfigKeys (ConfUtils.java:logGet(44)) - raft.server.log.segment.cache.num.max = 2 (custom)
2021-11-06 13:09:08,975 [pool-700-thread-1] INFO  server.RaftServerConfigKeys (ConfUtils.java:logGet(44)) - raft.server.log.segment.cache.size.max = 200MB (=209715200) (default)
2021-11-06 13:09:08,975 [pool-700-thread-1] INFO  segmented.SegmentedRaftLogWorker (SegmentedRaftLogWorker.java:<init>(182)) - new 5935a206-a598-494c-a9e6-46da022b00dd@group-A8272E390442-SegmentedRaftLogWorker for RaftStorageImpl:Storage Directory /home/runner/work/ozone/ozone/hadoop-ozone/integration-test/target/test-dir/MiniOzoneClusterImpl-57fe1d17-8f30-476a-a64a-953d5983e20c/datanode-8/data/ratis/899620c5-8f09-42b5-8150-a8272e390442
2021-11-06 13:09:08,975 [pool-700-thread-1] INFO  server.RaftServerConfigKeys (ConfUtils.java:logGet(44)) - raft.server.log.queue.byte-limit = 2147483647 (custom)
2021-11-06 13:09:08,976 [pool-700-thread-1] INFO  server.RaftServerConfigKeys (ConfUtils.java:logGet(44)) - raft.server.log.queue.element-limit = 1024 (custom)
2021-11-06 13:09:08,976 [pool-700-thread-1] INFO  server.RaftServerConfigKeys (ConfUtils.java:logGet(44)) - raft.server.log.segment.size.max = 1048576 (custom)
2021-11-06 13:09:08,976 [pool-700-thread-1] INFO  server.RaftServerConfigKeys (ConfUtils.java:logGet(44)) - raft.server.log.preallocated.size = 16384 (custom)
2021-11-06 13:09:08,976 [pool-700-thread-1] INFO  server.RaftServerConfigKeys (ConfUtils.java:logGet(44)) - raft.server.log.force.sync.num = 128 (default)
2021-11-06 13:09:08,976 [pool-700-thread-1] INFO  server.RaftServerConfigKeys (ConfUtils.java:logGet(44)) - raft.server.log.statemachine.data.sync = true (default)
2021-11-06 13:09:08,976 [pool-700-thread-1] INFO  server.RaftServerConfigKeys (ConfUtils.java:logGet(44)) - raft.server.log.statemachine.data.sync.timeout = 10s (default)
2021-11-06 13:09:08,976 [pool-700-thread-1] INFO  server.RaftServerConfigKeys (ConfUtils.java:logGet(44)) - raft.server.log.statemachine.data.sync.timeout.retry = -1 (default)
2021-11-06 13:09:08,978 [pool-700-thread-1] INFO  server.RaftServerConfigKeys (ConfUtils.java:logGet(44)) - raft.server.log.write.buffer.size = 1048576 (custom)
2021-11-06 13:09:08,979 [pool-700-thread-1] INFO  server.RaftServerConfigKeys (ConfUtils.java:logGet(44)) - raft.server.log.statemachine.data.caching.enabled = true (custom)
2021-11-06 13:09:08,979 [pool-700-thread-1] INFO  segmented.SegmentedRaftLogWorker (SegmentedRaftLogWorker.java:lambda$new$0(133)) - 5935a206-a598-494c-a9e6-46da022b00dd@group-A8272E390442-SegmentedRaftLogWorker: flushIndex: setUnconditionally 0 -> -1
2021-11-06 13:09:08,979 [pool-700-thread-1] INFO  segmented.SegmentedRaftLogWorker (SegmentedRaftLogWorker.java:lambda$new$0(133)) - 5935a206-a598-494c-a9e6-46da022b00dd@group-A8272E390442-SegmentedRaftLogWorker: safeCacheEvictIndex: setUnconditionally 0 -> -1
2021-11-06 13:09:08,979 [pool-700-thread-1] INFO  server.RaftServerConfigKeys (ConfUtils.java:logGet(44)) - raft.server.snapshot.auto.trigger.enabled = true (custom)
2021-11-06 13:09:08,979 [pool-700-thread-1] INFO  server.RaftServerConfigKeys (ConfUtils.java:logGet(44)) - raft.server.snapshot.auto.trigger.threshold = 10000 (custom)
2021-11-06 13:09:08,979 [pool-700-thread-1] INFO  server.RaftServerConfigKeys (ConfUtils.java:logGet(44)) - raft.server.snapshot.retention.file.num = 5 (custom)
2021-11-06 13:09:08,979 [pool-700-thread-1] INFO  server.RaftServerConfigKeys (ConfUtils.java:logGet(44)) - raft.server.log.purge.upto.snapshot.index = false (default)
2021-11-06 13:09:08,980 [pool-700-thread-1] INFO  server.RaftServerConfigKeys (ConfUtils.java:logGet(44)) - raft.server.retrycache.expirytime = 600000ms (custom)
2021-11-06 13:09:08,980 [pool-700-thread-1] INFO  server.RaftServerConfigKeys (ConfUtils.java:logGet(44)) - raft.server.retrycache.statistics.expirytime = 100μs (default)
2021-11-06 13:09:08,982 [pool-700-thread-1] INFO  server.RaftServer$Division (RaftServerImpl.java:start(301)) - 5935a206-a598-494c-a9e6-46da022b00dd@group-A8272E390442: start as a follower, conf=-1: [5935a206-a598-494c-a9e6-46da022b00dd|rpc:10.1.0.11:43005|priority:1], old=null
2021-11-06 13:09:08,982 [pool-700-thread-1] INFO  server.RaftServer$Division (RaftServerImpl.java:setRole(290)) - 5935a206-a598-494c-a9e6-46da022b00dd@group-A8272E390442: changes role from      null to FOLLOWER at term 0 for startAsFollower
2021-11-06 13:09:08,982 [pool-700-thread-1] INFO  impl.RoleInfo (RoleInfo.java:updateAndGet(130)) - 5935a206-a598-494c-a9e6-46da022b00dd: start 5935a206-a598-494c-a9e6-46da022b00dd@group-A8272E390442-FollowerState
2021-11-06 13:09:08,985 [pool-700-thread-1] INFO  util.JmxRegister (JmxRegister.java:tryRegister(44)) - Successfully registered JMX Bean with object name Ratis:service=RaftServer,group=group-A8272E390442,id=5935a206-a598-494c-a9e6-46da022b00dd
2021-11-06 13:09:08,987 [Command processor thread] INFO  ratis.XceiverServerRatis (XceiverServerRatis.java:addGroup(768)) - Created group PipelineID=899620c5-8f09-42b5-8150-a8272e390442
2021-11-06 13:09:08,987 [Command processor thread] INFO  commandhandler.CreatePipelineCommandHandler (CreatePipelineCommandHandler.java:handle(106)) - Created Pipeline RATIS ONE PipelineID=899620c5-8f09-42b5-8150-a8272e390442.
2021-11-06 13:09:08,988 [EventQueue-PipelineReportForPipelineReportHandler] INFO  pipeline.PipelineManagerImpl (PipelineManagerImpl.java:openPipeline(289)) - Pipeline Pipeline[ Id: 899620c5-8f09-42b5-8150-a8272e390442, Nodes: 5935a206-a598-494c-a9e6-46da022b00dd{ip: 10.1.0.11, host: fv-az151-875.yf2hydr00wburbhx3j5hxtcipe.bx.internal.cloudapp.net, ports: [REPLICATION=42981, RATIS=43005, RATIS_ADMIN=43005, RATIS_SERVER=43005, STANDALONE=40415], networkLocation: /default-rack, certSerialId: null, persistedOpState: IN_SERVICE, persistedOpStateExpiryEpochSec: 0}, ReplicationConfig: RATIS/ONE, State:ALLOCATED, leaderId:5935a206-a598-494c-a9e6-46da022b00dd, CreationTimestamp2021-11-06T13:09:05.965Z[Etc/UTC]] moved to OPEN state
2021-11-06 13:09:08,989 [EventQueue-OpenPipelineForHealthyPipelineSafeModeRule] INFO  safemode.SCMSafeModeManager (HealthyPipelineSafeModeRule.java:process(124)) - SCM in safe mode. Healthy pipelines reported count is 0, required healthy pipeline reported count is 1
2021-11-06 13:09:09,897 [Listener at 127.0.0.1/34591] INFO  ozone.MiniOzoneClusterImpl (MiniOzoneClusterImpl.java:lambda$waitForClusterToBeReady$0(235)) - Nodes are ready. Got 9 of 9 DN Heartbeats.
2021-11-06 13:09:09,898 [Listener at 127.0.0.1/34591] INFO  ozone.MiniOzoneClusterImpl (MiniOzoneClusterImpl.java:lambda$waitForClusterToBeReady$0(238)) - Waiting for cluster to exit safe mode
2021-11-06 13:09:09,898 [Listener at 127.0.0.1/34591] INFO  ozone.MiniOzoneClusterImpl (MiniOzoneClusterImpl.java:lambda$waitForClusterToBeReady$0(240)) - SCM became leader
2021-11-06 13:09:10,485 [41301224-b672-4531-af78-b462410ab6ac@group-5453B5F23477-FollowerState] INFO  impl.FollowerState (FollowerState.java:run(134)) - 41301224-b672-4531-af78-b462410ab6ac@group-5453B5F23477-FollowerState: change to CANDIDATE, lastRpcElapsedTime:5063671894ns, electionTimeout:5060ms
2021-11-06 13:09:10,485 [41301224-b672-4531-af78-b462410ab6ac@group-5453B5F23477-FollowerState] INFO  impl.RoleInfo (RoleInfo.java:shutdownFollowerState(108)) - 41301224-b672-4531-af78-b462410ab6ac: shutdown 41301224-b672-4531-af78-b462410ab6ac@group-5453B5F23477-FollowerState
2021-11-06 13:09:10,485 [41301224-b672-4531-af78-b462410ab6ac@group-5453B5F23477-FollowerState] INFO  server.RaftServer$Division (RaftServerImpl.java:setRole(290)) - 41301224-b672-4531-af78-b462410ab6ac@group-5453B5F23477: changes role from  FOLLOWER to CANDIDATE at term 0 for changeToCandidate
2021-11-06 13:09:10,488 [41301224-b672-4531-af78-b462410ab6ac@group-5453B5F23477-FollowerState] INFO  server.RaftServerConfigKeys (ConfUtils.java:logGet(44)) - raft.server.leaderelection.pre-vote = false (custom)
2021-11-06 13:09:10,488 [41301224-b672-4531-af78-b462410ab6ac@group-5453B5F23477-FollowerState] INFO  impl.RoleInfo (RoleInfo.java:updateAndGet(130)) - 41301224-b672-4531-af78-b462410ab6ac: start 41301224-b672-4531-af78-b462410ab6ac@group-5453B5F23477-LeaderElection64
2021-11-06 13:09:10,525 [41301224-b672-4531-af78-b462410ab6ac@group-5453B5F23477-LeaderElection64] INFO  impl.LeaderElection (LeaderElection.java:askForVotes(306)) - 41301224-b672-4531-af78-b462410ab6ac@group-5453B5F23477-LeaderElection64 ELECTION round 0: submit vote requests at term 1 for -1: [41301224-b672-4531-af78-b462410ab6ac|rpc:10.1.0.11:45193|priority:1], old=null
2021-11-06 13:09:10,525 [41301224-b672-4531-af78-b462410ab6ac@group-5453B5F23477-LeaderElection64] INFO  impl.LeaderElection (LeaderElection.java:askForVotes(308)) - 41301224-b672-4531-af78-b462410ab6ac@group-5453B5F23477-LeaderElection64 ELECTION round 0: result PASSED (term=1)
2021-11-06 13:09:10,525 [41301224-b672-4531-af78-b462410ab6ac@group-5453B5F23477-LeaderElection64] INFO  impl.RoleInfo (RoleInfo.java:shutdownLeaderElection(121)) - 41301224-b672-4531-af78-b462410ab6ac: shutdown 41301224-b672-4531-af78-b462410ab6ac@group-5453B5F23477-LeaderElection64
2021-11-06 13:09:10,526 [41301224-b672-4531-af78-b462410ab6ac@group-5453B5F23477-LeaderElection64] INFO  server.RaftServer$Division (RaftServerImpl.java:setRole(290)) - 41301224-b672-4531-af78-b462410ab6ac@group-5453B5F23477: changes role from CANDIDATE to LEADER at term 1 for changeToLeader
2021-11-06 13:09:10,526 [41301224-b672-4531-af78-b462410ab6ac@group-5453B5F23477-LeaderElection64] INFO  ratis.XceiverServerRatis (XceiverServerRatis.java:handleLeaderChangedNotification(866)) - Leader change notification received for group: group-5453B5F23477 with new leaderId: 41301224-b672-4531-af78-b462410ab6ac
2021-11-06 13:09:10,530 [EventQueue-OpenPipelineForHealthyPipelineSafeModeRule] INFO  safemode.SCMSafeModeManager (HealthyPipelineSafeModeRule.java:process(124)) - SCM in safe mode. Healthy pipelines reported count is 0, required healthy pipeline reported count is 1
2021-11-06 13:09:10,537 [41301224-b672-4531-af78-b462410ab6ac@group-5453B5F23477-LeaderElection64] INFO  server.RaftServer$Division (ServerState.java:setLeader(285)) - 41301224-b672-4531-af78-b462410ab6ac@group-5453B5F23477: change Leader from null to 41301224-b672-4531-af78-b462410ab6ac at term 1 for becomeLeader, leader elected after 5142ms
2021-11-06 13:09:10,537 [41301224-b672-4531-af78-b462410ab6ac@group-5453B5F23477-LeaderElection64] INFO  server.RaftServerConfigKeys (ConfUtils.java:logGet(44)) - raft.server.staging.catchup.gap = 1000 (default)
2021-11-06 13:09:10,538 [41301224-b672-4531-af78-b462410ab6ac@group-5453B5F23477-LeaderElection64] INFO  server.RaftServerConfigKeys (ConfUtils.java:logGet(44)) - raft.server.write.element-limit = 1024 (custom)
2021-11-06 13:09:10,538 [41301224-b672-4531-af78-b462410ab6ac@group-5453B5F23477-LeaderElection64] INFO  server.RaftServerConfigKeys (ConfUtils.java:logGet(44)) - raft.server.write.byte-limit = 1024 M (=1073741824) (custom)
2021-11-06 13:09:10,538 [41301224-b672-4531-af78-b462410ab6ac@group-5453B5F23477-LeaderElection64] INFO  server.RaftServerConfigKeys (ConfUtils.java:logGet(44)) - raft.server.watch.timeout = 3000ms (custom)
2021-11-06 13:09:10,538 [41301224-b672-4531-af78-b462410ab6ac@group-5453B5F23477-LeaderElection64] INFO  server.RaftServerConfigKeys (ConfUtils.java:logGet(44)) - raft.server.watch.timeout.denomination = 1s (default)
2021-11-06 13:09:10,538 [41301224-b672-4531-af78-b462410ab6ac@group-5453B5F23477-LeaderElection64] INFO  server.RaftServerConfigKeys (ConfUtils.java:logGet(44)) - raft.server.watch.element-limit = 65536 (default)
2021-11-06 13:09:10,539 [41301224-b672-4531-af78-b462410ab6ac@group-5453B5F23477-LeaderElection64] INFO  server.RaftServerConfigKeys (ConfUtils.java:logGet(44)) - raft.server.write.element-limit = 1024 (custom)
2021-11-06 13:09:10,539 [41301224-b672-4531-af78-b462410ab6ac@group-5453B5F23477-LeaderElection64] INFO  server.RaftServerConfigKeys (ConfUtils.java:logGet(44)) - raft.server.write.follower.gap.ratio.max = -1.0 (default)
2021-11-06 13:09:10,539 [41301224-b672-4531-af78-b462410ab6ac@group-5453B5F23477-LeaderElection64] INFO  impl.RoleInfo (RoleInfo.java:updateAndGet(130)) - 41301224-b672-4531-af78-b462410ab6ac: start 41301224-b672-4531-af78-b462410ab6ac@group-5453B5F23477-LeaderStateImpl
2021-11-06 13:09:10,539 [41301224-b672-4531-af78-b462410ab6ac@group-5453B5F23477-LeaderElection64] INFO  segmented.SegmentedRaftLogWorker (SegmentedRaftLogWorker.java:startLogSegment(394)) - 41301224-b672-4531-af78-b462410ab6ac@group-5453B5F23477-SegmentedRaftLogWorker: Starting segment from index:0
2021-11-06 13:09:10,542 [41301224-b672-4531-af78-b462410ab6ac@group-5453B5F23477-SegmentedRaftLogWorker] INFO  segmented.SegmentedRaftLogWorker (SegmentedRaftLogWorker.java:execute(601)) - 41301224-b672-4531-af78-b462410ab6ac@group-5453B5F23477-SegmentedRaftLogWorker: created new log segment /home/runner/work/ozone/ozone/hadoop-ozone/integration-test/target/test-dir/MiniOzoneClusterImpl-57fe1d17-8f30-476a-a64a-953d5983e20c/datanode-0/data/ratis/cf6c98fd-2117-42c3-9675-5453b5f23477/current/log_inprogress_0
2021-11-06 13:09:10,549 [41301224-b672-4531-af78-b462410ab6ac@group-5453B5F23477-LeaderElection64] INFO  server.RaftServer$Division (ServerState.java:setRaftConf(387)) - 41301224-b672-4531-af78-b462410ab6ac@group-5453B5F23477: set configuration 0: [41301224-b672-4531-af78-b462410ab6ac|rpc:10.1.0.11:45193|dataStream:|priority:1], old=null
2021-11-06 13:09:10,571 [41301224-b672-4531-af78-b462410ab6ac@group-950F038C74EB-FollowerState] INFO  impl.FollowerState (FollowerState.java:run(134)) - 41301224-b672-4531-af78-b462410ab6ac@group-950F038C74EB-FollowerState: change to CANDIDATE, lastRpcElapsedTime:5106223999ns, electionTimeout:5103ms
2021-11-06 13:09:10,571 [41301224-b672-4531-af78-b462410ab6ac@group-950F038C74EB-FollowerState] INFO  impl.RoleInfo (RoleInfo.java:shutdownFollowerState(108)) - 41301224-b672-4531-af78-b462410ab6ac: shutdown 41301224-b672-4531-af78-b462410ab6ac@group-950F038C74EB-FollowerState
2021-11-06 13:09:10,571 [41301224-b672-4531-af78-b462410ab6ac@group-950F038C74EB-FollowerState] INFO  server.RaftServer$Division (RaftServerImpl.java:setRole(290)) - 41301224-b672-4531-af78-b462410ab6ac@group-950F038C74EB: changes role from  FOLLOWER to CANDIDATE at term 0 for changeToCandidate
2021-11-06 13:09:10,571 [41301224-b672-4531-af78-b462410ab6ac@group-950F038C74EB-FollowerState] INFO  server.RaftServerConfigKeys (ConfUtils.java:logGet(44)) - raft.server.leaderelection.pre-vote = false (custom)
2021-11-06 13:09:10,572 [41301224-b672-4531-af78-b462410ab6ac@group-950F038C74EB-FollowerState] INFO  impl.RoleInfo (RoleInfo.java:updateAndGet(130)) - 41301224-b672-4531-af78-b462410ab6ac: start 41301224-b672-4531-af78-b462410ab6ac@group-950F038C74EB-LeaderElection65
2021-11-06 13:09:10,602 [41301224-b672-4531-af78-b462410ab6ac@group-950F038C74EB-LeaderElection65] INFO  impl.LeaderElection (LeaderElection.java:askForVotes(306)) - 41301224-b672-4531-af78-b462410ab6ac@group-950F038C74EB-LeaderElection65 ELECTION round 0: submit vote requests at term 1 for -1: [4d122ed7-1d51-49b3-a564-9cc0800ef9b5|rpc:10.1.0.11:44073|priority:1, 414c08ff-7683-4e40-9ba7-4aaff37af58e|rpc:10.1.0.11:42123|priority:0, 41301224-b672-4531-af78-b462410ab6ac|rpc:10.1.0.11:45193|priority:0], old=null
2021-11-06 13:09:10,656 [grpc-default-executor-3] INFO  server.RaftServer$Division (RaftServerImpl.java:requestVote(1046)) - 414c08ff-7683-4e40-9ba7-4aaff37af58e@group-950F038C74EB: receive requestVote(ELECTION, 41301224-b672-4531-af78-b462410ab6ac, group-950F038C74EB, 1, (t:0, i:0))
2021-11-06 13:09:10,657 [grpc-default-executor-3] INFO  impl.VoteContext (VoteContext.java:log(48)) - 414c08ff-7683-4e40-9ba7-4aaff37af58e@group-950F038C74EB-FOLLOWER: accept ELECTION from 41301224-b672-4531-af78-b462410ab6ac: our priority 0 <= candidate's priority 0
2021-11-06 13:09:10,657 [grpc-default-executor-3] INFO  server.RaftServer$Division (RaftServerImpl.java:setRole(290)) - 414c08ff-7683-4e40-9ba7-4aaff37af58e@group-950F038C74EB: changes role from  FOLLOWER to FOLLOWER at term 1 for candidate:41301224-b672-4531-af78-b462410ab6ac
2021-11-06 13:09:10,657 [grpc-default-executor-3] INFO  impl.RoleInfo (RoleInfo.java:shutdownFollowerState(108)) - 414c08ff-7683-4e40-9ba7-4aaff37af58e: shutdown 414c08ff-7683-4e40-9ba7-4aaff37af58e@group-950F038C74EB-FollowerState
2021-11-06 13:09:10,657 [grpc-default-executor-3] INFO  impl.RoleInfo (RoleInfo.java:updateAndGet(130)) - 414c08ff-7683-4e40-9ba7-4aaff37af58e: start 414c08ff-7683-4e40-9ba7-4aaff37af58e@group-950F038C74EB-FollowerState
2021-11-06 13:09:10,657 [414c08ff-7683-4e40-9ba7-4aaff37af58e@group-950F038C74EB-FollowerState] INFO  impl.FollowerState (FollowerState.java:run(143)) - 414c08ff-7683-4e40-9ba7-4aaff37af58e@group-950F038C74EB-FollowerState was interrupted: {}
java.lang.InterruptedException: sleep interrupted
	at java.lang.Thread.sleep(Native Method)
	at java.lang.Thread.sleep(Thread.java:340)
	at java.util.concurrent.TimeUnit.sleep(TimeUnit.java:386)
	at org.apache.ratis.util.TimeDuration.sleep(TimeDuration.java:324)
	at org.apache.ratis.util.TimeDuration.sleep(TimeDuration.java:309)
	at org.apache.ratis.server.impl.FollowerState.run(FollowerState.java:118)
2021-11-06 13:09:10,658 [grpc-default-executor-1] INFO  server.RaftServer$Division (RaftServerImpl.java:requestVote(1046)) - 4d122ed7-1d51-49b3-a564-9cc0800ef9b5@group-950F038C74EB: receive requestVote(ELECTION, 41301224-b672-4531-af78-b462410ab6ac, group-950F038C74EB, 1, (t:0, i:0))
2021-11-06 13:09:10,658 [grpc-default-executor-1] INFO  impl.VoteContext (VoteContext.java:log(48)) - 4d122ed7-1d51-49b3-a564-9cc0800ef9b5@group-950F038C74EB-FOLLOWER: reject ELECTION from 41301224-b672-4531-af78-b462410ab6ac: our priority 1 > candidate's priority 0
2021-11-06 13:09:10,658 [grpc-default-executor-1] INFO  server.RaftServer$Division (RaftServerImpl.java:setRole(290)) - 4d122ed7-1d51-49b3-a564-9cc0800ef9b5@group-950F038C74EB: changes role from  FOLLOWER to FOLLOWER at term 1 for candidate:41301224-b672-4531-af78-b462410ab6ac
2021-11-06 13:09:10,658 [grpc-default-executor-1] INFO  impl.RoleInfo (RoleInfo.java:shutdownFollowerState(108)) - 4d122ed7-1d51-49b3-a564-9cc0800ef9b5: shutdown 4d122ed7-1d51-49b3-a564-9cc0800ef9b5@group-950F038C74EB-FollowerState
2021-11-06 13:09:10,676 [grpc-default-executor-1] INFO  impl.RoleInfo (RoleInfo.java:updateAndGet(130)) - 4d122ed7-1d51-49b3-a564-9cc0800ef9b5: start 4d122ed7-1d51-49b3-a564-9cc0800ef9b5@group-950F038C74EB-FollowerState
2021-11-06 13:09:10,676 [4d122ed7-1d51-49b3-a564-9cc0800ef9b5@group-950F038C74EB-FollowerState] INFO  impl.FollowerState (FollowerState.java:run(143)) - 4d122ed7-1d51-49b3-a564-9cc0800ef9b5@group-950F038C74EB-FollowerState was interrupted: {}
java.lang.InterruptedException: sleep interrupted
	at java.lang.Thread.sleep(Native Method)
	at java.lang.Thread.sleep(Thread.java:340)
	at java.util.concurrent.TimeUnit.sleep(TimeUnit.java:386)
	at org.apache.ratis.util.TimeDuration.sleep(TimeDuration.java:324)
	at org.apache.ratis.util.TimeDuration.sleep(TimeDuration.java:309)
	at org.apache.ratis.server.impl.FollowerState.run(FollowerState.java:118)
2021-11-06 13:09:10,678 [grpc-default-executor-3] INFO  server.RaftServer$Division (RaftServerImpl.java:requestVote(1078)) - 414c08ff-7683-4e40-9ba7-4aaff37af58e@group-950F038C74EB replies to ELECTION vote request: 41301224-b672-4531-af78-b462410ab6ac<-414c08ff-7683-4e40-9ba7-4aaff37af58e#0:OK-t1. Peer's state: 414c08ff-7683-4e40-9ba7-4aaff37af58e@group-950F038C74EB:t1, leader=null, voted=41301224-b672-4531-af78-b462410ab6ac, raftlog=414c08ff-7683-4e40-9ba7-4aaff37af58e@group-950F038C74EB-SegmentedRaftLog:OPENED:c-1, conf=-1: [4d122ed7-1d51-49b3-a564-9cc0800ef9b5|rpc:10.1.0.11:44073|dataStream:|priority:1, 414c08ff-7683-4e40-9ba7-4aaff37af58e|rpc:10.1.0.11:42123|dataStream:|priority:0, 41301224-b672-4531-af78-b462410ab6ac|rpc:10.1.0.11:45193|dataStream:|priority:0], old=null
2021-11-06 13:09:10,680 [grpc-default-executor-1] INFO  server.RaftServer$Division (RaftServerImpl.java:requestVote(1078)) - 4d122ed7-1d51-49b3-a564-9cc0800ef9b5@group-950F038C74EB replies to ELECTION vote request: 41301224-b672-4531-af78-b462410ab6ac<-4d122ed7-1d51-49b3-a564-9cc0800ef9b5#0:FAIL-t1. Peer's state: 4d122ed7-1d51-49b3-a564-9cc0800ef9b5@group-950F038C74EB:t1, leader=null, voted=null, raftlog=4d122ed7-1d51-49b3-a564-9cc0800ef9b5@group-950F038C74EB-SegmentedRaftLog:OPENED:c-1, conf=-1: [4d122ed7-1d51-49b3-a564-9cc0800ef9b5|rpc:10.1.0.11:44073|dataStream:|priority:1, 414c08ff-7683-4e40-9ba7-4aaff37af58e|rpc:10.1.0.11:42123|dataStream:|priority:0, 41301224-b672-4531-af78-b462410ab6ac|rpc:10.1.0.11:45193|dataStream:|priority:0], old=null
2021-11-06 13:09:10,707 [41301224-b672-4531-af78-b462410ab6ac@group-950F038C74EB-LeaderElection65] INFO  impl.LeaderElection (LeaderElection.java:logAndReturn(89)) - 41301224-b672-4531-af78-b462410ab6ac@group-950F038C74EB-LeaderElection65: ELECTION REJECTED received 2 response(s) and 0 exception(s):
2021-11-06 13:09:10,707 [41301224-b672-4531-af78-b462410ab6ac@group-950F038C74EB-LeaderElection65] INFO  impl.LeaderElection (LeaderElection.java:logAndReturn(93)) -   Response 0: 41301224-b672-4531-af78-b462410ab6ac<-4d122ed7-1d51-49b3-a564-9cc0800ef9b5#0:FAIL-t1
2021-11-06 13:09:10,707 [41301224-b672-4531-af78-b462410ab6ac@group-950F038C74EB-LeaderElection65] INFO  impl.LeaderElection (LeaderElection.java:logAndReturn(93)) -   Response 1: 41301224-b672-4531-af78-b462410ab6ac<-414c08ff-7683-4e40-9ba7-4aaff37af58e#0:OK-t1
2021-11-06 13:09:10,707 [41301224-b672-4531-af78-b462410ab6ac@group-950F038C74EB-LeaderElection65] INFO  impl.LeaderElection (LeaderElection.java:askForVotes(308)) - 41301224-b672-4531-af78-b462410ab6ac@group-950F038C74EB-LeaderElection65 ELECTION round 0: result REJECTED
2021-11-06 13:09:10,707 [41301224-b672-4531-af78-b462410ab6ac@group-950F038C74EB-LeaderElection65] INFO  server.RaftServer$Division (RaftServerImpl.java:setRole(290)) - 41301224-b672-4531-af78-b462410ab6ac@group-950F038C74EB: changes role from CANDIDATE to FOLLOWER at term 1 for REJECTED
2021-11-06 13:09:10,707 [41301224-b672-4531-af78-b462410ab6ac@group-950F038C74EB-LeaderElection65] INFO  impl.RoleInfo (RoleInfo.java:shutdownLeaderElection(121)) - 41301224-b672-4531-af78-b462410ab6ac: shutdown 41301224-b672-4531-af78-b462410ab6ac@group-950F038C74EB-LeaderElection65
2021-11-06 13:09:10,707 [41301224-b672-4531-af78-b462410ab6ac@group-950F038C74EB-LeaderElection65] INFO  impl.RoleInfo (RoleInfo.java:updateAndGet(130)) - 41301224-b672-4531-af78-b462410ab6ac: start 41301224-b672-4531-af78-b462410ab6ac@group-950F038C74EB-FollowerState
2021-11-06 13:09:10,899 [Listener at 127.0.0.1/34591] INFO  ozone.MiniOzoneClusterImpl (MiniOzoneClusterImpl.java:lambda$waitForClusterToBeReady$0(235)) - Nodes are ready. Got 9 of 9 DN Heartbeats.
2021-11-06 13:09:10,899 [Listener at 127.0.0.1/34591] INFO  ozone.MiniOzoneClusterImpl (MiniOzoneClusterImpl.java:lambda$waitForClusterToBeReady$0(238)) - Waiting for cluster to exit safe mode
2021-11-06 13:09:10,900 [Listener at 127.0.0.1/34591] INFO  ozone.MiniOzoneClusterImpl (MiniOzoneClusterImpl.java:lambda$waitForClusterToBeReady$0(240)) - SCM became leader
2021-11-06 13:09:10,995 [414c08ff-7683-4e40-9ba7-4aaff37af58e@group-F32416321C92-FollowerState] INFO  impl.FollowerState (FollowerState.java:run(134)) - 414c08ff-7683-4e40-9ba7-4aaff37af58e@group-F32416321C92-FollowerState: change to CANDIDATE, lastRpcElapsedTime:5122389834ns, electionTimeout:5119ms
2021-11-06 13:09:10,995 [414c08ff-7683-4e40-9ba7-4aaff37af58e@group-F32416321C92-FollowerState] INFO  impl.RoleInfo (RoleInfo.java:shutdownFollowerState(108)) - 414c08ff-7683-4e40-9ba7-4aaff37af58e: shutdown 414c08ff-7683-4e40-9ba7-4aaff37af58e@group-F32416321C92-FollowerState
2021-11-06 13:09:10,995 [414c08ff-7683-4e40-9ba7-4aaff37af58e@group-F32416321C92-FollowerState] INFO  server.RaftServer$Division (RaftServerImpl.java:setRole(290)) - 414c08ff-7683-4e40-9ba7-4aaff37af58e@group-F32416321C92: changes role from  FOLLOWER to CANDIDATE at term 0 for changeToCandidate
2021-11-06 13:09:10,997 [414c08ff-7683-4e40-9ba7-4aaff37af58e@group-F32416321C92-FollowerState] INFO  server.RaftServerConfigKeys (ConfUtils.java:logGet(44)) - raft.server.leaderelection.pre-vote = false (custom)
2021-11-06 13:09:10,997 [414c08ff-7683-4e40-9ba7-4aaff37af58e@group-F32416321C92-FollowerState] INFO  impl.RoleInfo (RoleInfo.java:updateAndGet(130)) - 414c08ff-7683-4e40-9ba7-4aaff37af58e: start 414c08ff-7683-4e40-9ba7-4aaff37af58e@group-F32416321C92-LeaderElection66
2021-11-06 13:09:11,027 [414c08ff-7683-4e40-9ba7-4aaff37af58e@group-F32416321C92-LeaderElection66] INFO  impl.LeaderElection (LeaderElection.java:askForVotes(306)) - 414c08ff-7683-4e40-9ba7-4aaff37af58e@group-F32416321C92-LeaderElection66 ELECTION round 0: submit vote requests at term 1 for -1: [414c08ff-7683-4e40-9ba7-4aaff37af58e|rpc:10.1.0.11:42123|priority:1], old=null
2021-11-06 13:09:11,027 [414c08ff-7683-4e40-9ba7-4aaff37af58e@group-F32416321C92-LeaderElection66] INFO  impl.LeaderElection (LeaderElection.java:askForVotes(308)) - 414c08ff-7683-4e40-9ba7-4aaff37af58e@group-F32416321C92-LeaderElection66 ELECTION round 0: result PASSED (term=1)
2021-11-06 13:09:11,049 [414c08ff-7683-4e40-9ba7-4aaff37af58e@group-F32416321C92-LeaderElection66] INFO  impl.RoleInfo (RoleInfo.java:shutdownLeaderElection(121)) - 414c08ff-7683-4e40-9ba7-4aaff37af58e: shutdown 414c08ff-7683-4e40-9ba7-4aaff37af58e@group-F32416321C92-LeaderElection66
2021-11-06 13:09:11,050 [414c08ff-7683-4e40-9ba7-4aaff37af58e@group-F32416321C92-LeaderElection66] INFO  server.RaftServer$Division (RaftServerImpl.java:setRole(290)) - 414c08ff-7683-4e40-9ba7-4aaff37af58e@group-F32416321C92: changes role from CANDIDATE to LEADER at term 1 for changeToLeader
2021-11-06 13:09:11,050 [414c08ff-7683-4e40-9ba7-4aaff37af58e@group-F32416321C92-LeaderElection66] INFO  ratis.XceiverServerRatis (XceiverServerRatis.java:handleLeaderChangedNotification(866)) - Leader change notification received for group: group-F32416321C92 with new leaderId: 414c08ff-7683-4e40-9ba7-4aaff37af58e
2021-11-06 13:09:11,050 [414c08ff-7683-4e40-9ba7-4aaff37af58e@group-F32416321C92-LeaderElection66] INFO  server.RaftServer$Division (ServerState.java:setLeader(285)) - 414c08ff-7683-4e40-9ba7-4aaff37af58e@group-F32416321C92: change Leader from null to 414c08ff-7683-4e40-9ba7-4aaff37af58e at term 1 for becomeLeader, leader elected after 5248ms
2021-11-06 13:09:11,050 [414c08ff-7683-4e40-9ba7-4aaff37af58e@group-F32416321C92-LeaderElection66] INFO  server.RaftServerConfigKeys (ConfUtils.java:logGet(44)) - raft.server.staging.catchup.gap = 1000 (default)
2021-11-06 13:09:11,051 [414c08ff-7683-4e40-9ba7-4aaff37af58e@group-F32416321C92-LeaderElection66] INFO  server.RaftServerConfigKeys (ConfUtils.java:logGet(44)) - raft.server.write.element-limit = 1024 (custom)
2021-11-06 13:09:11,051 [EventQueue-OpenPipelineForHealthyPipelineSafeModeRule] INFO  safemode.SCMSafeModeManager (HealthyPipelineSafeModeRule.java:process(124)) - SCM in safe mode. Healthy pipelines reported count is 0, required healthy pipeline reported count is 1
2021-11-06 13:09:11,058 [414c08ff-7683-4e40-9ba7-4aaff37af58e@group-F32416321C92-LeaderElection66] INFO  server.RaftServerConfigKeys (ConfUtils.java:logGet(44)) - raft.server.write.byte-limit = 1024 M (=1073741824) (custom)
2021-11-06 13:09:11,058 [414c08ff-7683-4e40-9ba7-4aaff37af58e@group-F32416321C92-LeaderElection66] INFO  server.RaftServerConfigKeys (ConfUtils.java:logGet(44)) - raft.server.watch.timeout = 3000ms (custom)
2021-11-06 13:09:11,058 [414c08ff-7683-4e40-9ba7-4aaff37af58e@group-F32416321C92-LeaderElection66] INFO  server.RaftServerConfigKeys (ConfUtils.java:logGet(44)) - raft.server.watch.timeout.denomination = 1s (default)
2021-11-06 13:09:11,059 [414c08ff-7683-4e40-9ba7-4aaff37af58e@group-F32416321C92-LeaderElection66] INFO  server.RaftServerConfigKeys (ConfUtils.java:logGet(44)) - raft.server.watch.element-limit = 65536 (default)
2021-11-06 13:09:11,059 [414c08ff-7683-4e40-9ba7-4aaff37af58e@group-F32416321C92-LeaderElection66] INFO  server.RaftServerConfigKeys (ConfUtils.java:logGet(44)) - raft.server.write.element-limit = 1024 (custom)
2021-11-06 13:09:11,059 [414c08ff-7683-4e40-9ba7-4aaff37af58e@group-F32416321C92-LeaderElection66] INFO  server.RaftServerConfigKeys (ConfUtils.java:logGet(44)) - raft.server.write.follower.gap.ratio.max = -1.0 (default)
2021-11-06 13:09:11,059 [414c08ff-7683-4e40-9ba7-4aaff37af58e@group-F32416321C92-LeaderElection66] INFO  impl.RoleInfo (RoleInfo.java:updateAndGet(130)) - 414c08ff-7683-4e40-9ba7-4aaff37af58e: start 414c08ff-7683-4e40-9ba7-4aaff37af58e@group-F32416321C92-LeaderStateImpl
2021-11-06 13:09:11,059 [414c08ff-7683-4e40-9ba7-4aaff37af58e@group-F32416321C92-LeaderElection66] INFO  segmented.SegmentedRaftLogWorker (SegmentedRaftLogWorker.java:startLogSegment(394)) - 414c08ff-7683-4e40-9ba7-4aaff37af58e@group-F32416321C92-SegmentedRaftLogWorker: Starting segment from index:0
2021-11-06 13:09:11,077 [414c08ff-7683-4e40-9ba7-4aaff37af58e@group-F32416321C92-SegmentedRaftLogWorker] INFO  segmented.SegmentedRaftLogWorker (SegmentedRaftLogWorker.java:execute(601)) - 414c08ff-7683-4e40-9ba7-4aaff37af58e@group-F32416321C92-SegmentedRaftLogWorker: created new log segment /home/runner/work/ozone/ozone/hadoop-ozone/integration-test/target/test-dir/MiniOzoneClusterImpl-57fe1d17-8f30-476a-a64a-953d5983e20c/datanode-1/data/ratis/11a118c1-3cb0-4fb9-bbf4-f32416321c92/current/log_inprogress_0
2021-11-06 13:09:11,077 [414c08ff-7683-4e40-9ba7-4aaff37af58e@group-F32416321C92-LeaderElection66] INFO  server.RaftServer$Division (ServerState.java:setRaftConf(387)) - 414c08ff-7683-4e40-9ba7-4aaff37af58e@group-F32416321C92: set configuration 0: [414c08ff-7683-4e40-9ba7-4aaff37af58e|rpc:10.1.0.11:42123|dataStream:|priority:1], old=null
2021-11-06 13:09:11,336 [4d122ed7-1d51-49b3-a564-9cc0800ef9b5@group-2566DF71EC55-FollowerState] INFO  impl.FollowerState (FollowerState.java:run(134)) - 4d122ed7-1d51-49b3-a564-9cc0800ef9b5@group-2566DF71EC55-FollowerState: change to CANDIDATE, lastRpcElapsedTime:5121929629ns, electionTimeout:5115ms
2021-11-06 13:09:11,337 [4d122ed7-1d51-49b3-a564-9cc0800ef9b5@group-2566DF71EC55-FollowerState] INFO  impl.RoleInfo (RoleInfo.java:shutdownFollowerState(108)) - 4d122ed7-1d51-49b3-a564-9cc0800ef9b5: shutdown 4d122ed7-1d51-49b3-a564-9cc0800ef9b5@group-2566DF71EC55-FollowerState
2021-11-06 13:09:11,337 [4d122ed7-1d51-49b3-a564-9cc0800ef9b5@group-2566DF71EC55-FollowerState] INFO  server.RaftServer$Division (RaftServerImpl.java:setRole(290)) - 4d122ed7-1d51-49b3-a564-9cc0800ef9b5@group-2566DF71EC55: changes role from  FOLLOWER to CANDIDATE at term 0 for changeToCandidate
2021-11-06 13:09:11,339 [4d122ed7-1d51-49b3-a564-9cc0800ef9b5@group-2566DF71EC55-FollowerState] INFO  server.RaftServerConfigKeys (ConfUtils.java:logGet(44)) - raft.server.leaderelection.pre-vote = false (custom)
2021-11-06 13:09:11,339 [4d122ed7-1d51-49b3-a564-9cc0800ef9b5@group-2566DF71EC55-FollowerState] INFO  impl.RoleInfo (RoleInfo.java:updateAndGet(130)) - 4d122ed7-1d51-49b3-a564-9cc0800ef9b5: start 4d122ed7-1d51-49b3-a564-9cc0800ef9b5@group-2566DF71EC55-LeaderElection67
2021-11-06 13:09:11,371 [4d122ed7-1d51-49b3-a564-9cc0800ef9b5@group-2566DF71EC55-LeaderElection67] INFO  impl.LeaderElection (LeaderElection.java:askForVotes(306)) - 4d122ed7-1d51-49b3-a564-9cc0800ef9b5@group-2566DF71EC55-LeaderElection67 ELECTION round 0: submit vote requests at term 1 for -1: [4d122ed7-1d51-49b3-a564-9cc0800ef9b5|rpc:10.1.0.11:44073|priority:1], old=null
2021-11-06 13:09:11,371 [4d122ed7-1d51-49b3-a564-9cc0800ef9b5@group-2566DF71EC55-LeaderElection67] INFO  impl.LeaderElection (LeaderElection.java:askForVotes(308)) - 4d122ed7-1d51-49b3-a564-9cc0800ef9b5@group-2566DF71EC55-LeaderElection67 ELECTION round 0: result PASSED (term=1)
2021-11-06 13:09:11,371 [4d122ed7-1d51-49b3-a564-9cc0800ef9b5@group-2566DF71EC55-LeaderElection67] INFO  impl.RoleInfo (RoleInfo.java:shutdownLeaderElection(121)) - 4d122ed7-1d51-49b3-a564-9cc0800ef9b5: shutdown 4d122ed7-1d51-49b3-a564-9cc0800ef9b5@group-2566DF71EC55-LeaderElection67
2021-11-06 13:09:11,372 [4d122ed7-1d51-49b3-a564-9cc0800ef9b5@group-2566DF71EC55-LeaderElection67] INFO  server.RaftServer$Division (RaftServerImpl.java:setRole(290)) - 4d122ed7-1d51-49b3-a564-9cc0800ef9b5@group-2566DF71EC55: changes role from CANDIDATE to LEADER at term 1 for changeToLeader
2021-11-06 13:09:11,372 [4d122ed7-1d51-49b3-a564-9cc0800ef9b5@group-2566DF71EC55-LeaderElection67] INFO  ratis.XceiverServerRatis (XceiverServerRatis.java:handleLeaderChangedNotification(866)) - Leader change notification received for group: group-2566DF71EC55 with new leaderId: 4d122ed7-1d51-49b3-a564-9cc0800ef9b5
2021-11-06 13:09:11,372 [4d122ed7-1d51-49b3-a564-9cc0800ef9b5@group-2566DF71EC55-LeaderElection67] INFO  server.RaftServer$Division (ServerState.java:setLeader(285)) - 4d122ed7-1d51-49b3-a564-9cc0800ef9b5@group-2566DF71EC55: change Leader from null to 4d122ed7-1d51-49b3-a564-9cc0800ef9b5 at term 1 for becomeLeader, leader elected after 5164ms
2021-11-06 13:09:11,372 [4d122ed7-1d51-49b3-a564-9cc0800ef9b5@group-2566DF71EC55-LeaderElection67] INFO  server.RaftServerConfigKeys (ConfUtils.java:logGet(44)) - raft.server.staging.catchup.gap = 1000 (default)
2021-11-06 13:09:11,372 [4d122ed7-1d51-49b3-a564-9cc0800ef9b5@group-2566DF71EC55-LeaderElection67] INFO  server.RaftServerConfigKeys (ConfUtils.java:logGet(44)) - raft.server.write.element-limit = 1024 (custom)
2021-11-06 13:09:11,373 [4d122ed7-1d51-49b3-a564-9cc0800ef9b5@group-2566DF71EC55-LeaderElection67] INFO  server.RaftServerConfigKeys (ConfUtils.java:logGet(44)) - raft.server.write.byte-limit = 1024 M (=1073741824) (custom)
2021-11-06 13:09:11,375 [EventQueue-OpenPipelineForHealthyPipelineSafeModeRule] INFO  safemode.SCMSafeModeManager (HealthyPipelineSafeModeRule.java:process(124)) - SCM in safe mode. Healthy pipelines reported count is 0, required healthy pipeline reported count is 1
2021-11-06 13:09:11,376 [4d122ed7-1d51-49b3-a564-9cc0800ef9b5@group-2566DF71EC55-LeaderElection67] INFO  server.RaftServerConfigKeys (ConfUtils.java:logGet(44)) - raft.server.watch.timeout = 3000ms (custom)
2021-11-06 13:09:11,376 [4d122ed7-1d51-49b3-a564-9cc0800ef9b5@group-2566DF71EC55-LeaderElection67] INFO  server.RaftServerConfigKeys (ConfUtils.java:logGet(44)) - raft.server.watch.timeout.denomination = 1s (default)
2021-11-06 13:09:11,377 [4d122ed7-1d51-49b3-a564-9cc0800ef9b5@group-2566DF71EC55-LeaderElection67] INFO  server.RaftServerConfigKeys (ConfUtils.java:logGet(44)) - raft.server.watch.element-limit = 65536 (default)
2021-11-06 13:09:11,377 [4d122ed7-1d51-49b3-a564-9cc0800ef9b5@group-2566DF71EC55-LeaderElection67] INFO  server.RaftServerConfigKeys (ConfUtils.java:logGet(44)) - raft.server.write.element-limit = 1024 (custom)
2021-11-06 13:09:11,377 [4d122ed7-1d51-49b3-a564-9cc0800ef9b5@group-2566DF71EC55-LeaderElection67] INFO  server.RaftServerConfigKeys (ConfUtils.java:logGet(44)) - raft.server.write.follower.gap.ratio.max = -1.0 (default)
2021-11-06 13:09:11,377 [4d122ed7-1d51-49b3-a564-9cc0800ef9b5@group-2566DF71EC55-LeaderElection67] INFO  impl.RoleInfo (RoleInfo.java:updateAndGet(130)) - 4d122ed7-1d51-49b3-a564-9cc0800ef9b5: start 4d122ed7-1d51-49b3-a564-9cc0800ef9b5@group-2566DF71EC55-LeaderStateImpl
2021-11-06 13:09:11,379 [4d122ed7-1d51-49b3-a564-9cc0800ef9b5@group-2566DF71EC55-LeaderElection67] INFO  segmented.SegmentedRaftLogWorker (SegmentedRaftLogWorker.java:startLogSegment(394)) - 4d122ed7-1d51-49b3-a564-9cc0800ef9b5@group-2566DF71EC55-SegmentedRaftLogWorker: Starting segment from index:0
2021-11-06 13:09:11,381 [4d122ed7-1d51-49b3-a564-9cc0800ef9b5@group-2566DF71EC55-SegmentedRaftLogWorker] INFO  segmented.SegmentedRaftLogWorker (SegmentedRaftLogWorker.java:execute(601)) - 4d122ed7-1d51-49b3-a564-9cc0800ef9b5@group-2566DF71EC55-SegmentedRaftLogWorker: created new log segment /home/runner/work/ozone/ozone/hadoop-ozone/integration-test/target/test-dir/MiniOzoneClusterImpl-57fe1d17-8f30-476a-a64a-953d5983e20c/datanode-2/data/ratis/5a06e79c-e756-4874-b3a2-2566df71ec55/current/log_inprogress_0
2021-11-06 13:09:11,389 [4d122ed7-1d51-49b3-a564-9cc0800ef9b5@group-2566DF71EC55-LeaderElection67] INFO  server.RaftServer$Division (ServerState.java:setRaftConf(387)) - 4d122ed7-1d51-49b3-a564-9cc0800ef9b5@group-2566DF71EC55: set configuration 0: [4d122ed7-1d51-49b3-a564-9cc0800ef9b5|rpc:10.1.0.11:44073|dataStream:|priority:1], old=null
2021-11-06 13:09:11,779 [8825a48f-3f68-4f9f-a5f1-6d0b8018f501@group-767134F6B288-FollowerState] INFO  impl.FollowerState (FollowerState.java:run(134)) - 8825a48f-3f68-4f9f-a5f1-6d0b8018f501@group-767134F6B288-FollowerState: change to CANDIDATE, lastRpcElapsedTime:5031096797ns, electionTimeout:5016ms
2021-11-06 13:09:11,779 [8825a48f-3f68-4f9f-a5f1-6d0b8018f501@group-767134F6B288-FollowerState] INFO  impl.RoleInfo (RoleInfo.java:shutdownFollowerState(108)) - 8825a48f-3f68-4f9f-a5f1-6d0b8018f501: shutdown 8825a48f-3f68-4f9f-a5f1-6d0b8018f501@group-767134F6B288-FollowerState
2021-11-06 13:09:11,780 [8825a48f-3f68-4f9f-a5f1-6d0b8018f501@group-767134F6B288-FollowerState] INFO  server.RaftServer$Division (RaftServerImpl.java:setRole(290)) - 8825a48f-3f68-4f9f-a5f1-6d0b8018f501@group-767134F6B288: changes role from  FOLLOWER to CANDIDATE at term 0 for changeToCandidate
2021-11-06 13:09:11,782 [8825a48f-3f68-4f9f-a5f1-6d0b8018f501@group-767134F6B288-FollowerState] INFO  server.RaftServerConfigKeys (ConfUtils.java:logGet(44)) - raft.server.leaderelection.pre-vote = false (custom)
2021-11-06 13:09:11,782 [8825a48f-3f68-4f9f-a5f1-6d0b8018f501@group-767134F6B288-FollowerState] INFO  impl.RoleInfo (RoleInfo.java:updateAndGet(130)) - 8825a48f-3f68-4f9f-a5f1-6d0b8018f501: start 8825a48f-3f68-4f9f-a5f1-6d0b8018f501@group-767134F6B288-LeaderElection68
2021-11-06 13:09:11,814 [8825a48f-3f68-4f9f-a5f1-6d0b8018f501@group-767134F6B288-LeaderElection68] INFO  impl.LeaderElection (LeaderElection.java:askForVotes(306)) - 8825a48f-3f68-4f9f-a5f1-6d0b8018f501@group-767134F6B288-LeaderElection68 ELECTION round 0: submit vote requests at term 1 for -1: [a8ad8818-625e-4bd0-b4ed-3716b4b5c8f9|rpc:10.1.0.11:40631|dataStream:|priority:0, 8825a48f-3f68-4f9f-a5f1-6d0b8018f501|rpc:10.1.0.11:41601|dataStream:|priority:0, 5750f6fd-62ed-459f-9a73-135ca28be509|rpc:10.1.0.11:38801|dataStream:|priority:1], old=null
2021-11-06 13:09:11,824 [grpc-default-executor-3] INFO  server.RaftServer$Division (RaftServerImpl.java:requestVote(1046)) - a8ad8818-625e-4bd0-b4ed-3716b4b5c8f9@group-767134F6B288: receive requestVote(ELECTION, 8825a48f-3f68-4f9f-a5f1-6d0b8018f501, group-767134F6B288, 1, (t:0, i:0))
2021-11-06 13:09:11,824 [grpc-default-executor-3] INFO  impl.VoteContext (VoteContext.java:log(48)) - a8ad8818-625e-4bd0-b4ed-3716b4b5c8f9@group-767134F6B288-FOLLOWER: accept ELECTION from 8825a48f-3f68-4f9f-a5f1-6d0b8018f501: our priority 0 <= candidate's priority 0
2021-11-06 13:09:11,824 [grpc-default-executor-3] INFO  server.RaftServer$Division (RaftServerImpl.java:setRole(290)) - a8ad8818-625e-4bd0-b4ed-3716b4b5c8f9@group-767134F6B288: changes role from  FOLLOWER to FOLLOWER at term 1 for candidate:8825a48f-3f68-4f9f-a5f1-6d0b8018f501
2021-11-06 13:09:11,824 [grpc-default-executor-3] INFO  impl.RoleInfo (RoleInfo.java:shutdownFollowerState(108)) - a8ad8818-625e-4bd0-b4ed-3716b4b5c8f9: shutdown a8ad8818-625e-4bd0-b4ed-3716b4b5c8f9@group-767134F6B288-FollowerState
2021-11-06 13:09:11,824 [grpc-default-executor-3] INFO  impl.RoleInfo (RoleInfo.java:updateAndGet(130)) - a8ad8818-625e-4bd0-b4ed-3716b4b5c8f9: start a8ad8818-625e-4bd0-b4ed-3716b4b5c8f9@group-767134F6B288-FollowerState
2021-11-06 13:09:11,825 [a8ad8818-625e-4bd0-b4ed-3716b4b5c8f9@group-767134F6B288-FollowerState] INFO  impl.FollowerState (FollowerState.java:run(143)) - a8ad8818-625e-4bd0-b4ed-3716b4b5c8f9@group-767134F6B288-FollowerState was interrupted: {}
java.lang.InterruptedException: sleep interrupted
	at java.lang.Thread.sleep(Native Method)
	at java.lang.Thread.sleep(Thread.java:340)
	at java.util.concurrent.TimeUnit.sleep(TimeUnit.java:386)
	at org.apache.ratis.util.TimeDuration.sleep(TimeDuration.java:324)
	at org.apache.ratis.util.TimeDuration.sleep(TimeDuration.java:309)
	at org.apache.ratis.server.impl.FollowerState.run(FollowerState.java:118)
2021-11-06 13:09:11,829 [grpc-default-executor-1] INFO  server.RaftServer$Division (RaftServerImpl.java:requestVote(1046)) - 5750f6fd-62ed-459f-9a73-135ca28be509@group-767134F6B288: receive requestVote(ELECTION, 8825a48f-3f68-4f9f-a5f1-6d0b8018f501, group-767134F6B288, 1, (t:0, i:0))
2021-11-06 13:09:11,829 [grpc-default-executor-1] INFO  impl.VoteContext (VoteContext.java:log(48)) - 5750f6fd-62ed-459f-9a73-135ca28be509@group-767134F6B288-FOLLOWER: reject ELECTION from 8825a48f-3f68-4f9f-a5f1-6d0b8018f501: our priority 1 > candidate's priority 0
2021-11-06 13:09:11,829 [grpc-default-executor-1] INFO  server.RaftServer$Division (RaftServerImpl.java:setRole(290)) - 5750f6fd-62ed-459f-9a73-135ca28be509@group-767134F6B288: changes role from  FOLLOWER to FOLLOWER at term 1 for candidate:8825a48f-3f68-4f9f-a5f1-6d0b8018f501
2021-11-06 13:09:11,829 [grpc-default-executor-1] INFO  impl.RoleInfo (RoleInfo.java:shutdownFollowerState(108)) - 5750f6fd-62ed-459f-9a73-135ca28be509: shutdown 5750f6fd-62ed-459f-9a73-135ca28be509@group-767134F6B288-FollowerState
2021-11-06 13:09:11,833 [grpc-default-executor-1] INFO  impl.RoleInfo (RoleInfo.java:updateAndGet(130)) - 5750f6fd-62ed-459f-9a73-135ca28be509: start 5750f6fd-62ed-459f-9a73-135ca28be509@group-767134F6B288-FollowerState
2021-11-06 13:09:11,833 [5750f6fd-62ed-459f-9a73-135ca28be509@group-767134F6B288-FollowerState] INFO  impl.FollowerState (FollowerState.java:run(143)) - 5750f6fd-62ed-459f-9a73-135ca28be509@group-767134F6B288-FollowerState was interrupted: {}
java.lang.InterruptedException: sleep interrupted
	at java.lang.Thread.sleep(Native Method)
	at java.lang.Thread.sleep(Thread.java:340)
	at java.util.concurrent.TimeUnit.sleep(TimeUnit.java:386)
	at org.apache.ratis.util.TimeDuration.sleep(TimeDuration.java:324)
	at org.apache.ratis.util.TimeDuration.sleep(TimeDuration.java:309)
	at org.apache.ratis.server.impl.FollowerState.run(FollowerState.java:118)
2021-11-06 13:09:11,836 [grpc-default-executor-3] INFO  server.RaftServer$Division (RaftServerImpl.java:requestVote(1078)) - a8ad8818-625e-4bd0-b4ed-3716b4b5c8f9@group-767134F6B288 replies to ELECTION vote request: 8825a48f-3f68-4f9f-a5f1-6d0b8018f501<-a8ad8818-625e-4bd0-b4ed-3716b4b5c8f9#0:OK-t1. Peer's state: a8ad8818-625e-4bd0-b4ed-3716b4b5c8f9@group-767134F6B288:t1, leader=null, voted=8825a48f-3f68-4f9f-a5f1-6d0b8018f501, raftlog=a8ad8818-625e-4bd0-b4ed-3716b4b5c8f9@group-767134F6B288-SegmentedRaftLog:OPENED:c-1, conf=-1: [a8ad8818-625e-4bd0-b4ed-3716b4b5c8f9|rpc:10.1.0.11:40631|priority:0, 8825a48f-3f68-4f9f-a5f1-6d0b8018f501|rpc:10.1.0.11:41601|priority:0, 5750f6fd-62ed-459f-9a73-135ca28be509|rpc:10.1.0.11:38801|priority:1], old=null
2021-11-06 13:09:11,845 [a8ad8818-625e-4bd0-b4ed-3716b4b5c8f9@group-6DD4405E8E5D-FollowerState] INFO  impl.FollowerState (FollowerState.java:run(134)) - a8ad8818-625e-4bd0-b4ed-3716b4b5c8f9@group-6DD4405E8E5D-FollowerState: change to CANDIDATE, lastRpcElapsedTime:5181655872ns, electionTimeout:5177ms
2021-11-06 13:09:11,845 [a8ad8818-625e-4bd0-b4ed-3716b4b5c8f9@group-6DD4405E8E5D-FollowerState] INFO  impl.RoleInfo (RoleInfo.java:shutdownFollowerState(108)) - a8ad8818-625e-4bd0-b4ed-3716b4b5c8f9: shutdown a8ad8818-625e-4bd0-b4ed-3716b4b5c8f9@group-6DD4405E8E5D-FollowerState
2021-11-06 13:09:11,845 [a8ad8818-625e-4bd0-b4ed-3716b4b5c8f9@group-6DD4405E8E5D-FollowerState] INFO  server.RaftServer$Division (RaftServerImpl.java:setRole(290)) - a8ad8818-625e-4bd0-b4ed-3716b4b5c8f9@group-6DD4405E8E5D: changes role from  FOLLOWER to CANDIDATE at term 0 for changeToCandidate
2021-11-06 13:09:11,847 [a8ad8818-625e-4bd0-b4ed-3716b4b5c8f9@group-6DD4405E8E5D-FollowerState] INFO  server.RaftServerConfigKeys (ConfUtils.java:logGet(44)) - raft.server.leaderelection.pre-vote = false (custom)
2021-11-06 13:09:11,847 [a8ad8818-625e-4bd0-b4ed-3716b4b5c8f9@group-6DD4405E8E5D-FollowerState] INFO  impl.RoleInfo (RoleInfo.java:updateAndGet(130)) - a8ad8818-625e-4bd0-b4ed-3716b4b5c8f9: start a8ad8818-625e-4bd0-b4ed-3716b4b5c8f9@group-6DD4405E8E5D-LeaderElection69
2021-11-06 13:09:11,867 [grpc-default-executor-1] INFO  server.RaftServer$Division (RaftServerImpl.java:requestVote(1078)) - 5750f6fd-62ed-459f-9a73-135ca28be509@group-767134F6B288 replies to ELECTION vote request: 8825a48f-3f68-4f9f-a5f1-6d0b8018f501<-5750f6fd-62ed-459f-9a73-135ca28be509#0:FAIL-t1. Peer's state: 5750f6fd-62ed-459f-9a73-135ca28be509@group-767134F6B288:t1, leader=null, voted=null, raftlog=5750f6fd-62ed-459f-9a73-135ca28be509@group-767134F6B288-SegmentedRaftLog:OPENED:c-1, conf=-1: [a8ad8818-625e-4bd0-b4ed-3716b4b5c8f9|rpc:10.1.0.11:40631|dataStream:|priority:0, 8825a48f-3f68-4f9f-a5f1-6d0b8018f501|rpc:10.1.0.11:41601|dataStream:|priority:0, 5750f6fd-62ed-459f-9a73-135ca28be509|rpc:10.1.0.11:38801|dataStream:|priority:1], old=null
2021-11-06 13:09:11,876 [8825a48f-3f68-4f9f-a5f1-6d0b8018f501@group-767134F6B288-LeaderElection68] INFO  impl.LeaderElection (LeaderElection.java:logAndReturn(89)) - 8825a48f-3f68-4f9f-a5f1-6d0b8018f501@group-767134F6B288-LeaderElection68: ELECTION REJECTED received 2 response(s) and 0 exception(s):
2021-11-06 13:09:11,876 [8825a48f-3f68-4f9f-a5f1-6d0b8018f501@group-767134F6B288-LeaderElection68] INFO  impl.LeaderElection (LeaderElection.java:logAndReturn(93)) -   Response 0: 8825a48f-3f68-4f9f-a5f1-6d0b8018f501<-a8ad8818-625e-4bd0-b4ed-3716b4b5c8f9#0:OK-t1
2021-11-06 13:09:11,876 [8825a48f-3f68-4f9f-a5f1-6d0b8018f501@group-767134F6B288-LeaderElection68] INFO  impl.LeaderElection (LeaderElection.java:logAndReturn(93)) -   Response 1: 8825a48f-3f68-4f9f-a5f1-6d0b8018f501<-5750f6fd-62ed-459f-9a73-135ca28be509#0:FAIL-t1
2021-11-06 13:09:11,876 [8825a48f-3f68-4f9f-a5f1-6d0b8018f501@group-767134F6B288-LeaderElection68] INFO  impl.LeaderElection (LeaderElection.java:askForVotes(308)) - 8825a48f-3f68-4f9f-a5f1-6d0b8018f501@group-767134F6B288-LeaderElection68 ELECTION round 0: result REJECTED
2021-11-06 13:09:11,876 [8825a48f-3f68-4f9f-a5f1-6d0b8018f501@group-767134F6B288-LeaderElection68] INFO  server.RaftServer$Division (RaftServerImpl.java:setRole(290)) - 8825a48f-3f68-4f9f-a5f1-6d0b8018f501@group-767134F6B288: changes role from CANDIDATE to FOLLOWER at term 1 for REJECTED
2021-11-06 13:09:11,876 [8825a48f-3f68-4f9f-a5f1-6d0b8018f501@group-767134F6B288-LeaderElection68] INFO  impl.RoleInfo (RoleInfo.java:shutdownLeaderElection(121)) - 8825a48f-3f68-4f9f-a5f1-6d0b8018f501: shutdown 8825a48f-3f68-4f9f-a5f1-6d0b8018f501@group-767134F6B288-LeaderElection68
2021-11-06 13:09:11,877 [8825a48f-3f68-4f9f-a5f1-6d0b8018f501@group-767134F6B288-LeaderElection68] INFO  impl.RoleInfo (RoleInfo.java:updateAndGet(130)) - 8825a48f-3f68-4f9f-a5f1-6d0b8018f501: start 8825a48f-3f68-4f9f-a5f1-6d0b8018f501@group-767134F6B288-FollowerState
2021-11-06 13:09:11,882 [a8ad8818-625e-4bd0-b4ed-3716b4b5c8f9@group-6DD4405E8E5D-LeaderElection69] INFO  impl.LeaderElection (LeaderElection.java:askForVotes(306)) - a8ad8818-625e-4bd0-b4ed-3716b4b5c8f9@group-6DD4405E8E5D-LeaderElection69 ELECTION round 0: submit vote requests at term 1 for -1: [a8ad8818-625e-4bd0-b4ed-3716b4b5c8f9|rpc:10.1.0.11:40631|priority:1], old=null
2021-11-06 13:09:11,882 [a8ad8818-625e-4bd0-b4ed-3716b4b5c8f9@group-6DD4405E8E5D-LeaderElection69] INFO  impl.LeaderElection (LeaderElection.java:askForVotes(308)) - a8ad8818-625e-4bd0-b4ed-3716b4b5c8f9@group-6DD4405E8E5D-LeaderElection69 ELECTION round 0: result PASSED (term=1)
2021-11-06 13:09:11,882 [a8ad8818-625e-4bd0-b4ed-3716b4b5c8f9@group-6DD4405E8E5D-LeaderElection69] INFO  impl.RoleInfo (RoleInfo.java:shutdownLeaderElection(121)) - a8ad8818-625e-4bd0-b4ed-3716b4b5c8f9: shutdown a8ad8818-625e-4bd0-b4ed-3716b4b5c8f9@group-6DD4405E8E5D-LeaderElection69
2021-11-06 13:09:11,882 [a8ad8818-625e-4bd0-b4ed-3716b4b5c8f9@group-6DD4405E8E5D-LeaderElection69] INFO  server.RaftServer$Division (RaftServerImpl.java:setRole(290)) - a8ad8818-625e-4bd0-b4ed-3716b4b5c8f9@group-6DD4405E8E5D: changes role from CANDIDATE to LEADER at term 1 for changeToLeader
2021-11-06 13:09:11,882 [a8ad8818-625e-4bd0-b4ed-3716b4b5c8f9@group-6DD4405E8E5D-LeaderElection69] INFO  ratis.XceiverServerRatis (XceiverServerRatis.java:handleLeaderChangedNotification(866)) - Leader change notification received for group: group-6DD4405E8E5D with new leaderId: a8ad8818-625e-4bd0-b4ed-3716b4b5c8f9
2021-11-06 13:09:11,883 [EventQueue-OpenPipelineForHealthyPipelineSafeModeRule] INFO  safemode.SCMSafeModeManager (HealthyPipelineSafeModeRule.java:process(124)) - SCM in safe mode. Healthy pipelines reported count is 0, required healthy pipeline reported count is 1
2021-11-06 13:09:11,891 [a8ad8818-625e-4bd0-b4ed-3716b4b5c8f9@group-6DD4405E8E5D-LeaderElection69] INFO  server.RaftServer$Division (ServerState.java:setLeader(285)) - a8ad8818-625e-4bd0-b4ed-3716b4b5c8f9@group-6DD4405E8E5D: change Leader from null to a8ad8818-625e-4bd0-b4ed-3716b4b5c8f9 at term 1 for becomeLeader, leader elected after 5240ms
2021-11-06 13:09:11,892 [a8ad8818-625e-4bd0-b4ed-3716b4b5c8f9@group-6DD4405E8E5D-LeaderElection69] INFO  server.RaftServerConfigKeys (ConfUtils.java:logGet(44)) - raft.server.staging.catchup.gap = 1000 (default)
2021-11-06 13:09:11,892 [a8ad8818-625e-4bd0-b4ed-3716b4b5c8f9@group-6DD4405E8E5D-LeaderElection69] INFO  server.RaftServerConfigKeys (ConfUtils.java:logGet(44)) - raft.server.write.element-limit = 1024 (custom)
2021-11-06 13:09:11,892 [a8ad8818-625e-4bd0-b4ed-3716b4b5c8f9@group-6DD4405E8E5D-LeaderElection69] INFO  server.RaftServerConfigKeys (ConfUtils.java:logGet(44)) - raft.server.write.byte-limit = 1024 M (=1073741824) (custom)
2021-11-06 13:09:11,892 [a8ad8818-625e-4bd0-b4ed-3716b4b5c8f9@group-6DD4405E8E5D-LeaderElection69] INFO  server.RaftServerConfigKeys (ConfUtils.java:logGet(44)) - raft.server.watch.timeout = 3000ms (custom)
2021-11-06 13:09:11,893 [a8ad8818-625e-4bd0-b4ed-3716b4b5c8f9@group-6DD4405E8E5D-LeaderElection69] INFO  server.RaftServerConfigKeys (ConfUtils.java:logGet(44)) - raft.server.watch.timeout.denomination = 1s (default)
2021-11-06 13:09:11,893 [a8ad8818-625e-4bd0-b4ed-3716b4b5c8f9@group-6DD4405E8E5D-LeaderElection69] INFO  server.RaftServerConfigKeys (ConfUtils.java:logGet(44)) - raft.server.watch.element-limit = 65536 (default)
2021-11-06 13:09:11,893 [a8ad8818-625e-4bd0-b4ed-3716b4b5c8f9@group-6DD4405E8E5D-LeaderElection69] INFO  server.RaftServerConfigKeys (ConfUtils.java:logGet(44)) - raft.server.write.element-limit = 1024 (custom)
2021-11-06 13:09:11,893 [a8ad8818-625e-4bd0-b4ed-3716b4b5c8f9@group-6DD4405E8E5D-LeaderElection69] INFO  server.RaftServerConfigKeys (ConfUtils.java:logGet(44)) - raft.server.write.follower.gap.ratio.max = -1.0 (default)
2021-11-06 13:09:11,898 [a8ad8818-625e-4bd0-b4ed-3716b4b5c8f9@group-6DD4405E8E5D-LeaderElection69] INFO  impl.RoleInfo (RoleInfo.java:updateAndGet(130)) - a8ad8818-625e-4bd0-b4ed-3716b4b5c8f9: start a8ad8818-625e-4bd0-b4ed-3716b4b5c8f9@group-6DD4405E8E5D-LeaderStateImpl
2021-11-06 13:09:11,900 [Listener at 127.0.0.1/34591] INFO  ozone.MiniOzoneClusterImpl (MiniOzoneClusterImpl.java:lambda$waitForClusterToBeReady$0(235)) - Nodes are ready. Got 9 of 9 DN Heartbeats.
2021-11-06 13:09:11,902 [Listener at 127.0.0.1/34591] INFO  ozone.MiniOzoneClusterImpl (MiniOzoneClusterImpl.java:lambda$waitForClusterToBeReady$0(238)) - Waiting for cluster to exit safe mode
2021-11-06 13:09:11,902 [Listener at 127.0.0.1/34591] INFO  ozone.MiniOzoneClusterImpl (MiniOzoneClusterImpl.java:lambda$waitForClusterToBeReady$0(240)) - SCM became leader
2021-11-06 13:09:11,904 [a8ad8818-625e-4bd0-b4ed-3716b4b5c8f9@group-6DD4405E8E5D-LeaderElection69] INFO  segmented.SegmentedRaftLogWorker (SegmentedRaftLogWorker.java:startLogSegment(394)) - a8ad8818-625e-4bd0-b4ed-3716b4b5c8f9@group-6DD4405E8E5D-SegmentedRaftLogWorker: Starting segment from index:0
2021-11-06 13:09:11,905 [a8ad8818-625e-4bd0-b4ed-3716b4b5c8f9@group-6DD4405E8E5D-SegmentedRaftLogWorker] INFO  segmented.SegmentedRaftLogWorker (SegmentedRaftLogWorker.java:execute(601)) - a8ad8818-625e-4bd0-b4ed-3716b4b5c8f9@group-6DD4405E8E5D-SegmentedRaftLogWorker: created new log segment /home/runner/work/ozone/ozone/hadoop-ozone/integration-test/target/test-dir/MiniOzoneClusterImpl-57fe1d17-8f30-476a-a64a-953d5983e20c/datanode-3/data/ratis/77e145db-c894-4fb0-a7cd-6dd4405e8e5d/current/log_inprogress_0
2021-11-06 13:09:11,971 [a8ad8818-625e-4bd0-b4ed-3716b4b5c8f9@group-6DD4405E8E5D-LeaderElection69] INFO  server.RaftServer$Division (ServerState.java:setRaftConf(387)) - a8ad8818-625e-4bd0-b4ed-3716b4b5c8f9@group-6DD4405E8E5D: set configuration 0: [a8ad8818-625e-4bd0-b4ed-3716b4b5c8f9|rpc:10.1.0.11:40631|dataStream:|priority:1], old=null
2021-11-06 13:09:12,316 [8825a48f-3f68-4f9f-a5f1-6d0b8018f501@group-82FA7D9C4D50-FollowerState] INFO  impl.FollowerState (FollowerState.java:run(134)) - 8825a48f-3f68-4f9f-a5f1-6d0b8018f501@group-82FA7D9C4D50-FollowerState: change to CANDIDATE, lastRpcElapsedTime:5232650693ns, electionTimeout:5164ms
2021-11-06 13:09:12,316 [8825a48f-3f68-4f9f-a5f1-6d0b8018f501@group-82FA7D9C4D50-FollowerState] INFO  impl.RoleInfo (RoleInfo.java:shutdownFollowerState(108)) - 8825a48f-3f68-4f9f-a5f1-6d0b8018f501: shutdown 8825a48f-3f68-4f9f-a5f1-6d0b8018f501@group-82FA7D9C4D50-FollowerState
2021-11-06 13:09:12,316 [8825a48f-3f68-4f9f-a5f1-6d0b8018f501@group-82FA7D9C4D50-FollowerState] INFO  server.RaftServer$Division (RaftServerImpl.java:setRole(290)) - 8825a48f-3f68-4f9f-a5f1-6d0b8018f501@group-82FA7D9C4D50: changes role from  FOLLOWER to CANDIDATE at term 0 for changeToCandidate
2021-11-06 13:09:12,316 [8825a48f-3f68-4f9f-a5f1-6d0b8018f501@group-82FA7D9C4D50-FollowerState] INFO  server.RaftServerConfigKeys (ConfUtils.java:logGet(44)) - raft.server.leaderelection.pre-vote = false (custom)
2021-11-06 13:09:12,317 [8825a48f-3f68-4f9f-a5f1-6d0b8018f501@group-82FA7D9C4D50-FollowerState] INFO  impl.RoleInfo (RoleInfo.java:updateAndGet(130)) - 8825a48f-3f68-4f9f-a5f1-6d0b8018f501: start 8825a48f-3f68-4f9f-a5f1-6d0b8018f501@group-82FA7D9C4D50-LeaderElection70
2021-11-06 13:09:12,370 [8825a48f-3f68-4f9f-a5f1-6d0b8018f501@group-82FA7D9C4D50-LeaderElection70] INFO  impl.LeaderElection (LeaderElection.java:askForVotes(306)) - 8825a48f-3f68-4f9f-a5f1-6d0b8018f501@group-82FA7D9C4D50-LeaderElection70 ELECTION round 0: submit vote requests at term 1 for -1: [8825a48f-3f68-4f9f-a5f1-6d0b8018f501|rpc:10.1.0.11:41601|priority:1], old=null
2021-11-06 13:09:12,371 [8825a48f-3f68-4f9f-a5f1-6d0b8018f501@group-82FA7D9C4D50-LeaderElection70] INFO  impl.LeaderElection (LeaderElection.java:askForVotes(308)) - 8825a48f-3f68-4f9f-a5f1-6d0b8018f501@group-82FA7D9C4D50-LeaderElection70 ELECTION round 0: result PASSED (term=1)
2021-11-06 13:09:12,371 [8825a48f-3f68-4f9f-a5f1-6d0b8018f501@group-82FA7D9C4D50-LeaderElection70] INFO  impl.RoleInfo (RoleInfo.java:shutdownLeaderElection(121)) - 8825a48f-3f68-4f9f-a5f1-6d0b8018f501: shutdown 8825a48f-3f68-4f9f-a5f1-6d0b8018f501@group-82FA7D9C4D50-LeaderElection70
2021-11-06 13:09:12,371 [8825a48f-3f68-4f9f-a5f1-6d0b8018f501@group-82FA7D9C4D50-LeaderElection70] INFO  server.RaftServer$Division (RaftServerImpl.java:setRole(290)) - 8825a48f-3f68-4f9f-a5f1-6d0b8018f501@group-82FA7D9C4D50: changes role from CANDIDATE to LEADER at term 1 for changeToLeader
2021-11-06 13:09:12,371 [8825a48f-3f68-4f9f-a5f1-6d0b8018f501@group-82FA7D9C4D50-LeaderElection70] INFO  ratis.XceiverServerRatis (XceiverServerRatis.java:handleLeaderChangedNotification(866)) - Leader change notification received for group: group-82FA7D9C4D50 with new leaderId: 8825a48f-3f68-4f9f-a5f1-6d0b8018f501
2021-11-06 13:09:12,372 [8825a48f-3f68-4f9f-a5f1-6d0b8018f501@group-82FA7D9C4D50-LeaderElection70] INFO  server.RaftServer$Division (ServerState.java:setLeader(285)) - 8825a48f-3f68-4f9f-a5f1-6d0b8018f501@group-82FA7D9C4D50: change Leader from null to 8825a48f-3f68-4f9f-a5f1-6d0b8018f501 at term 1 for becomeLeader, leader elected after 5320ms
2021-11-06 13:09:12,372 [8825a48f-3f68-4f9f-a5f1-6d0b8018f501@group-82FA7D9C4D50-LeaderElection70] INFO  server.RaftServerConfigKeys (ConfUtils.java:logGet(44)) - raft.server.staging.catchup.gap = 1000 (default)
2021-11-06 13:09:12,372 [EventQueue-OpenPipelineForHealthyPipelineSafeModeRule] INFO  safemode.SCMSafeModeManager (HealthyPipelineSafeModeRule.java:process(124)) - SCM in safe mode. Healthy pipelines reported count is 0, required healthy pipeline reported count is 1
2021-11-06 13:09:12,373 [8825a48f-3f68-4f9f-a5f1-6d0b8018f501@group-82FA7D9C4D50-LeaderElection70] INFO  server.RaftServerConfigKeys (ConfUtils.java:logGet(44)) - raft.server.write.element-limit = 1024 (custom)
2021-11-06 13:09:12,373 [8825a48f-3f68-4f9f-a5f1-6d0b8018f501@group-82FA7D9C4D50-LeaderElection70] INFO  server.RaftServerConfigKeys (ConfUtils.java:logGet(44)) - raft.server.write.byte-limit = 1024 M (=1073741824) (custom)
2021-11-06 13:09:12,374 [8825a48f-3f68-4f9f-a5f1-6d0b8018f501@group-82FA7D9C4D50-LeaderElection70] INFO  server.RaftServerConfigKeys (ConfUtils.java:logGet(44)) - raft.server.watch.timeout = 3000ms (custom)
2021-11-06 13:09:12,377 [8825a48f-3f68-4f9f-a5f1-6d0b8018f501@group-82FA7D9C4D50-LeaderElection70] INFO  server.RaftServerConfigKeys (ConfUtils.java:logGet(44)) - raft.server.watch.timeout.denomination = 1s (default)
2021-11-06 13:09:12,377 [8825a48f-3f68-4f9f-a5f1-6d0b8018f501@group-82FA7D9C4D50-LeaderElection70] INFO  server.RaftServerConfigKeys (ConfUtils.java:logGet(44)) - raft.server.watch.element-limit = 65536 (default)
2021-11-06 13:09:12,377 [8825a48f-3f68-4f9f-a5f1-6d0b8018f501@group-82FA7D9C4D50-LeaderElection70] INFO  server.RaftServerConfigKeys (ConfUtils.java:logGet(44)) - raft.server.write.element-limit = 1024 (custom)
2021-11-06 13:09:12,378 [8825a48f-3f68-4f9f-a5f1-6d0b8018f501@group-82FA7D9C4D50-LeaderElection70] INFO  server.RaftServerConfigKeys (ConfUtils.java:logGet(44)) - raft.server.write.follower.gap.ratio.max = -1.0 (default)
2021-11-06 13:09:12,378 [8825a48f-3f68-4f9f-a5f1-6d0b8018f501@group-82FA7D9C4D50-LeaderElection70] INFO  impl.RoleInfo (RoleInfo.java:updateAndGet(130)) - 8825a48f-3f68-4f9f-a5f1-6d0b8018f501: start 8825a48f-3f68-4f9f-a5f1-6d0b8018f501@group-82FA7D9C4D50-LeaderStateImpl
2021-11-06 13:09:12,378 [8825a48f-3f68-4f9f-a5f1-6d0b8018f501@group-82FA7D9C4D50-LeaderElection70] INFO  segmented.SegmentedRaftLogWorker (SegmentedRaftLogWorker.java:startLogSegment(394)) - 8825a48f-3f68-4f9f-a5f1-6d0b8018f501@group-82FA7D9C4D50-SegmentedRaftLogWorker: Starting segment from index:0
2021-11-06 13:09:12,380 [8825a48f-3f68-4f9f-a5f1-6d0b8018f501@group-82FA7D9C4D50-SegmentedRaftLogWorker] INFO  segmented.SegmentedRaftLogWorker (SegmentedRaftLogWorker.java:execute(601)) - 8825a48f-3f68-4f9f-a5f1-6d0b8018f501@group-82FA7D9C4D50-SegmentedRaftLogWorker: created new log segment /home/runner/work/ozone/ozone/hadoop-ozone/integration-test/target/test-dir/MiniOzoneClusterImpl-57fe1d17-8f30-476a-a64a-953d5983e20c/datanode-4/data/ratis/233fa60b-c3f1-4fba-be80-82fa7d9c4d50/current/log_inprogress_0
2021-11-06 13:09:12,491 [8825a48f-3f68-4f9f-a5f1-6d0b8018f501@group-82FA7D9C4D50-LeaderElection70] INFO  server.RaftServer$Division (ServerState.java:setRaftConf(387)) - 8825a48f-3f68-4f9f-a5f1-6d0b8018f501@group-82FA7D9C4D50: set configuration 0: [8825a48f-3f68-4f9f-a5f1-6d0b8018f501|rpc:10.1.0.11:41601|dataStream:|priority:1], old=null
2021-11-06 13:09:12,554 [5750f6fd-62ed-459f-9a73-135ca28be509@group-38F38F48C518-FollowerState] INFO  impl.FollowerState (FollowerState.java:run(134)) - 5750f6fd-62ed-459f-9a73-135ca28be509@group-38F38F48C518-FollowerState: change to CANDIDATE, lastRpcElapsedTime:5025711575ns, electionTimeout:5017ms
2021-11-06 13:09:12,555 [5750f6fd-62ed-459f-9a73-135ca28be509@group-38F38F48C518-FollowerState] INFO  impl.RoleInfo (RoleInfo.java:shutdownFollowerState(108)) - 5750f6fd-62ed-459f-9a73-135ca28be509: shutdown 5750f6fd-62ed-459f-9a73-135ca28be509@group-38F38F48C518-FollowerState
2021-11-06 13:09:12,555 [5750f6fd-62ed-459f-9a73-135ca28be509@group-38F38F48C518-FollowerState] INFO  server.RaftServer$Division (RaftServerImpl.java:setRole(290)) - 5750f6fd-62ed-459f-9a73-135ca28be509@group-38F38F48C518: changes role from  FOLLOWER to CANDIDATE at term 0 for changeToCandidate
2021-11-06 13:09:12,557 [5750f6fd-62ed-459f-9a73-135ca28be509@group-38F38F48C518-FollowerState] INFO  server.RaftServerConfigKeys (ConfUtils.java:logGet(44)) - raft.server.leaderelection.pre-vote = false (custom)
2021-11-06 13:09:12,557 [5750f6fd-62ed-459f-9a73-135ca28be509@group-38F38F48C518-FollowerState] INFO  impl.RoleInfo (RoleInfo.java:updateAndGet(130)) - 5750f6fd-62ed-459f-9a73-135ca28be509: start 5750f6fd-62ed-459f-9a73-135ca28be509@group-38F38F48C518-LeaderElection71
2021-11-06 13:09:12,572 [5750f6fd-62ed-459f-9a73-135ca28be509@group-38F38F48C518-LeaderElection71] INFO  impl.LeaderElection (LeaderElection.java:askForVotes(306)) - 5750f6fd-62ed-459f-9a73-135ca28be509@group-38F38F48C518-LeaderElection71 ELECTION round 0: submit vote requests at term 1 for -1: [5750f6fd-62ed-459f-9a73-135ca28be509|rpc:10.1.0.11:38801|priority:1], old=null
2021-11-06 13:09:12,572 [5750f6fd-62ed-459f-9a73-135ca28be509@group-38F38F48C518-LeaderElection71] INFO  impl.LeaderElection (LeaderElection.java:askForVotes(308)) - 5750f6fd-62ed-459f-9a73-135ca28be509@group-38F38F48C518-LeaderElection71 ELECTION round 0: result PASSED (term=1)
2021-11-06 13:09:12,572 [5750f6fd-62ed-459f-9a73-135ca28be509@group-38F38F48C518-LeaderElection71] INFO  impl.RoleInfo (RoleInfo.java:shutdownLeaderElection(121)) - 5750f6fd-62ed-459f-9a73-135ca28be509: shutdown 5750f6fd-62ed-459f-9a73-135ca28be509@group-38F38F48C518-LeaderElection71
2021-11-06 13:09:12,572 [5750f6fd-62ed-459f-9a73-135ca28be509@group-38F38F48C518-LeaderElection71] INFO  server.RaftServer$Division (RaftServerImpl.java:setRole(290)) - 5750f6fd-62ed-459f-9a73-135ca28be509@group-38F38F48C518: changes role from CANDIDATE to LEADER at term 1 for changeToLeader
2021-11-06 13:09:12,572 [5750f6fd-62ed-459f-9a73-135ca28be509@group-38F38F48C518-LeaderElection71] INFO  ratis.XceiverServerRatis (XceiverServerRatis.java:handleLeaderChangedNotification(866)) - Leader change notification received for group: group-38F38F48C518 with new leaderId: 5750f6fd-62ed-459f-9a73-135ca28be509
2021-11-06 13:09:12,573 [5750f6fd-62ed-459f-9a73-135ca28be509@group-38F38F48C518-LeaderElection71] INFO  server.RaftServer$Division (ServerState.java:setLeader(285)) - 5750f6fd-62ed-459f-9a73-135ca28be509@group-38F38F48C518: change Leader from null to 5750f6fd-62ed-459f-9a73-135ca28be509 at term 1 for becomeLeader, leader elected after 5054ms
2021-11-06 13:09:12,573 [5750f6fd-62ed-459f-9a73-135ca28be509@group-38F38F48C518-LeaderElection71] INFO  server.RaftServerConfigKeys (ConfUtils.java:logGet(44)) - raft.server.staging.catchup.gap = 1000 (default)
2021-11-06 13:09:12,573 [5750f6fd-62ed-459f-9a73-135ca28be509@group-38F38F48C518-LeaderElection71] INFO  server.RaftServerConfigKeys (ConfUtils.java:logGet(44)) - raft.server.write.element-limit = 1024 (custom)
2021-11-06 13:09:12,573 [5750f6fd-62ed-459f-9a73-135ca28be509@group-38F38F48C518-LeaderElection71] INFO  server.RaftServerConfigKeys (ConfUtils.java:logGet(44)) - raft.server.write.byte-limit = 1024 M (=1073741824) (custom)
2021-11-06 13:09:12,574 [5750f6fd-62ed-459f-9a73-135ca28be509@group-38F38F48C518-LeaderElection71] INFO  server.RaftServerConfigKeys (ConfUtils.java:logGet(44)) - raft.server.watch.timeout = 3000ms (custom)
2021-11-06 13:09:12,574 [5750f6fd-62ed-459f-9a73-135ca28be509@group-38F38F48C518-LeaderElection71] INFO  server.RaftServerConfigKeys (ConfUtils.java:logGet(44)) - raft.server.watch.timeout.denomination = 1s (default)
2021-11-06 13:09:12,574 [5750f6fd-62ed-459f-9a73-135ca28be509@group-38F38F48C518-LeaderElection71] INFO  server.RaftServerConfigKeys (ConfUtils.java:logGet(44)) - raft.server.watch.element-limit = 65536 (default)
2021-11-06 13:09:12,574 [5750f6fd-62ed-459f-9a73-135ca28be509@group-38F38F48C518-LeaderElection71] INFO  server.RaftServerConfigKeys (ConfUtils.java:logGet(44)) - raft.server.write.element-limit = 1024 (custom)
2021-11-06 13:09:12,574 [5750f6fd-62ed-459f-9a73-135ca28be509@group-38F38F48C518-LeaderElection71] INFO  server.RaftServerConfigKeys (ConfUtils.java:logGet(44)) - raft.server.write.follower.gap.ratio.max = -1.0 (default)
2021-11-06 13:09:12,574 [5750f6fd-62ed-459f-9a73-135ca28be509@group-38F38F48C518-LeaderElection71] INFO  impl.RoleInfo (RoleInfo.java:updateAndGet(130)) - 5750f6fd-62ed-459f-9a73-135ca28be509: start 5750f6fd-62ed-459f-9a73-135ca28be509@group-38F38F48C518-LeaderStateImpl
2021-11-06 13:09:12,574 [5750f6fd-62ed-459f-9a73-135ca28be509@group-38F38F48C518-LeaderElection71] INFO  segmented.SegmentedRaftLogWorker (SegmentedRaftLogWorker.java:startLogSegment(394)) - 5750f6fd-62ed-459f-9a73-135ca28be509@group-38F38F48C518-SegmentedRaftLogWorker: Starting segment from index:0
2021-11-06 13:09:12,576 [EventQueue-OpenPipelineForHealthyPipelineSafeModeRule] INFO  safemode.SCMSafeModeManager (HealthyPipelineSafeModeRule.java:process(124)) - SCM in safe mode. Healthy pipelines reported count is 0, required healthy pipeline reported count is 1
2021-11-06 13:09:12,576 [5750f6fd-62ed-459f-9a73-135ca28be509@group-38F38F48C518-SegmentedRaftLogWorker] INFO  segmented.SegmentedRaftLogWorker (SegmentedRaftLogWorker.java:execute(601)) - 5750f6fd-62ed-459f-9a73-135ca28be509@group-38F38F48C518-SegmentedRaftLogWorker: created new log segment /home/runner/work/ozone/ozone/hadoop-ozone/integration-test/target/test-dir/MiniOzoneClusterImpl-57fe1d17-8f30-476a-a64a-953d5983e20c/datanode-5/data/ratis/96771191-72f5-4b92-817c-38f38f48c518/current/log_inprogress_0
2021-11-06 13:09:12,591 [5750f6fd-62ed-459f-9a73-135ca28be509@group-38F38F48C518-LeaderElection71] INFO  server.RaftServer$Division (ServerState.java:setRaftConf(387)) - 5750f6fd-62ed-459f-9a73-135ca28be509@group-38F38F48C518: set configuration 0: [5750f6fd-62ed-459f-9a73-135ca28be509|rpc:10.1.0.11:38801|dataStream:|priority:1], old=null
2021-11-06 13:09:12,903 [Listener at 127.0.0.1/34591] INFO  ozone.MiniOzoneClusterImpl (MiniOzoneClusterImpl.java:lambda$waitForClusterToBeReady$0(235)) - Nodes are ready. Got 9 of 9 DN Heartbeats.
2021-11-06 13:09:12,903 [Listener at 127.0.0.1/34591] INFO  ozone.MiniOzoneClusterImpl (MiniOzoneClusterImpl.java:lambda$waitForClusterToBeReady$0(238)) - Waiting for cluster to exit safe mode
2021-11-06 13:09:12,903 [Listener at 127.0.0.1/34591] INFO  ozone.MiniOzoneClusterImpl (MiniOzoneClusterImpl.java:lambda$waitForClusterToBeReady$0(240)) - SCM became leader
2021-11-06 13:09:13,197 [0eaea5f5-6746-43ea-ac9f-09b1ebc824b6@group-6EF6570EA239-FollowerState] INFO  impl.FollowerState (FollowerState.java:run(134)) - 0eaea5f5-6746-43ea-ac9f-09b1ebc824b6@group-6EF6570EA239-FollowerState: change to CANDIDATE, lastRpcElapsedTime:5030130778ns, electionTimeout:5029ms
2021-11-06 13:09:13,197 [0eaea5f5-6746-43ea-ac9f-09b1ebc824b6@group-6EF6570EA239-FollowerState] INFO  impl.RoleInfo (RoleInfo.java:shutdownFollowerState(108)) - 0eaea5f5-6746-43ea-ac9f-09b1ebc824b6: shutdown 0eaea5f5-6746-43ea-ac9f-09b1ebc824b6@group-6EF6570EA239-FollowerState
2021-11-06 13:09:13,197 [0eaea5f5-6746-43ea-ac9f-09b1ebc824b6@group-6EF6570EA239-FollowerState] INFO  server.RaftServer$Division (RaftServerImpl.java:setRole(290)) - 0eaea5f5-6746-43ea-ac9f-09b1ebc824b6@group-6EF6570EA239: changes role from  FOLLOWER to CANDIDATE at term 0 for changeToCandidate
2021-11-06 13:09:13,200 [0eaea5f5-6746-43ea-ac9f-09b1ebc824b6@group-6EF6570EA239-FollowerState] INFO  server.RaftServerConfigKeys (ConfUtils.java:logGet(44)) - raft.server.leaderelection.pre-vote = false (custom)
2021-11-06 13:09:13,200 [0eaea5f5-6746-43ea-ac9f-09b1ebc824b6@group-6EF6570EA239-FollowerState] INFO  impl.RoleInfo (RoleInfo.java:updateAndGet(130)) - 0eaea5f5-6746-43ea-ac9f-09b1ebc824b6: start 0eaea5f5-6746-43ea-ac9f-09b1ebc824b6@group-6EF6570EA239-LeaderElection72
2021-11-06 13:09:13,234 [0eaea5f5-6746-43ea-ac9f-09b1ebc824b6@group-39C6EB46317D-FollowerState] INFO  impl.FollowerState (FollowerState.java:run(134)) - 0eaea5f5-6746-43ea-ac9f-09b1ebc824b6@group-39C6EB46317D-FollowerState: change to CANDIDATE, lastRpcElapsedTime:5116675593ns, electionTimeout:5110ms
2021-11-06 13:09:13,234 [0eaea5f5-6746-43ea-ac9f-09b1ebc824b6@group-39C6EB46317D-FollowerState] INFO  impl.RoleInfo (RoleInfo.java:shutdownFollowerState(108)) - 0eaea5f5-6746-43ea-ac9f-09b1ebc824b6: shutdown 0eaea5f5-6746-43ea-ac9f-09b1ebc824b6@group-39C6EB46317D-FollowerState
2021-11-06 13:09:13,234 [0eaea5f5-6746-43ea-ac9f-09b1ebc824b6@group-39C6EB46317D-FollowerState] INFO  server.RaftServer$Division (RaftServerImpl.java:setRole(290)) - 0eaea5f5-6746-43ea-ac9f-09b1ebc824b6@group-39C6EB46317D: changes role from  FOLLOWER to CANDIDATE at term 0 for changeToCandidate
2021-11-06 13:09:13,234 [0eaea5f5-6746-43ea-ac9f-09b1ebc824b6@group-39C6EB46317D-FollowerState] INFO  server.RaftServerConfigKeys (ConfUtils.java:logGet(44)) - raft.server.leaderelection.pre-vote = false (custom)
2021-11-06 13:09:13,234 [0eaea5f5-6746-43ea-ac9f-09b1ebc824b6@group-39C6EB46317D-FollowerState] INFO  impl.RoleInfo (RoleInfo.java:updateAndGet(130)) - 0eaea5f5-6746-43ea-ac9f-09b1ebc824b6: start 0eaea5f5-6746-43ea-ac9f-09b1ebc824b6@group-39C6EB46317D-LeaderElection73
2021-11-06 13:09:13,269 [0eaea5f5-6746-43ea-ac9f-09b1ebc824b6@group-6EF6570EA239-LeaderElection72] INFO  impl.LeaderElection (LeaderElection.java:askForVotes(306)) - 0eaea5f5-6746-43ea-ac9f-09b1ebc824b6@group-6EF6570EA239-LeaderElection72 ELECTION round 0: submit vote requests at term 1 for -1: [0eaea5f5-6746-43ea-ac9f-09b1ebc824b6|rpc:10.1.0.11:39423|priority:0, 5935a206-a598-494c-a9e6-46da022b00dd|rpc:10.1.0.11:43005|priority:0, ca2e1dc9-8c7f-42bc-b6bd-0370d79258f9|rpc:10.1.0.11:38687|priority:1], old=null
2021-11-06 13:09:13,276 [grpc-default-executor-3] INFO  server.RaftServer$Division (RaftServerImpl.java:requestVote(1046)) - 5935a206-a598-494c-a9e6-46da022b00dd@group-6EF6570EA239: receive requestVote(ELECTION, 0eaea5f5-6746-43ea-ac9f-09b1ebc824b6, group-6EF6570EA239, 1, (t:0, i:0))
2021-11-06 13:09:13,276 [grpc-default-executor-3] INFO  impl.VoteContext (VoteContext.java:log(48)) - 5935a206-a598-494c-a9e6-46da022b00dd@group-6EF6570EA239-FOLLOWER: accept ELECTION from 0eaea5f5-6746-43ea-ac9f-09b1ebc824b6: our priority 0 <= candidate's priority 0
2021-11-06 13:09:13,276 [grpc-default-executor-3] INFO  server.RaftServer$Division (RaftServerImpl.java:setRole(290)) - 5935a206-a598-494c-a9e6-46da022b00dd@group-6EF6570EA239: changes role from  FOLLOWER to FOLLOWER at term 1 for candidate:0eaea5f5-6746-43ea-ac9f-09b1ebc824b6
2021-11-06 13:09:13,276 [grpc-default-executor-3] INFO  impl.RoleInfo (RoleInfo.java:shutdownFollowerState(108)) - 5935a206-a598-494c-a9e6-46da022b00dd: shutdown 5935a206-a598-494c-a9e6-46da022b00dd@group-6EF6570EA239-FollowerState
2021-11-06 13:09:13,276 [grpc-default-executor-3] INFO  impl.RoleInfo (RoleInfo.java:updateAndGet(130)) - 5935a206-a598-494c-a9e6-46da022b00dd: start 5935a206-a598-494c-a9e6-46da022b00dd@group-6EF6570EA239-FollowerState
2021-11-06 13:09:13,276 [5935a206-a598-494c-a9e6-46da022b00dd@group-6EF6570EA239-FollowerState] INFO  impl.FollowerState (FollowerState.java:run(143)) - 5935a206-a598-494c-a9e6-46da022b00dd@group-6EF6570EA239-FollowerState was interrupted: {}
java.lang.InterruptedException: sleep interrupted
	at java.lang.Thread.sleep(Native Method)
	at java.lang.Thread.sleep(Thread.java:340)
	at java.util.concurrent.TimeUnit.sleep(TimeUnit.java:386)
	at org.apache.ratis.util.TimeDuration.sleep(TimeDuration.java:324)
	at org.apache.ratis.util.TimeDuration.sleep(TimeDuration.java:309)
	at org.apache.ratis.server.impl.FollowerState.run(FollowerState.java:118)
2021-11-06 13:09:13,281 [grpc-default-executor-1] INFO  server.RaftServer$Division (RaftServerImpl.java:requestVote(1046)) - ca2e1dc9-8c7f-42bc-b6bd-0370d79258f9@group-6EF6570EA239: receive requestVote(ELECTION, 0eaea5f5-6746-43ea-ac9f-09b1ebc824b6, group-6EF6570EA239, 1, (t:0, i:0))
2021-11-06 13:09:13,281 [grpc-default-executor-1] INFO  impl.VoteContext (VoteContext.java:log(48)) - ca2e1dc9-8c7f-42bc-b6bd-0370d79258f9@group-6EF6570EA239-FOLLOWER: reject ELECTION from 0eaea5f5-6746-43ea-ac9f-09b1ebc824b6: our priority 1 > candidate's priority 0
2021-11-06 13:09:13,281 [grpc-default-executor-1] INFO  server.RaftServer$Division (RaftServerImpl.java:setRole(290)) - ca2e1dc9-8c7f-42bc-b6bd-0370d79258f9@group-6EF6570EA239: changes role from  FOLLOWER to FOLLOWER at term 1 for candidate:0eaea5f5-6746-43ea-ac9f-09b1ebc824b6
2021-11-06 13:09:13,281 [grpc-default-executor-1] INFO  impl.RoleInfo (RoleInfo.java:shutdownFollowerState(108)) - ca2e1dc9-8c7f-42bc-b6bd-0370d79258f9: shutdown ca2e1dc9-8c7f-42bc-b6bd-0370d79258f9@group-6EF6570EA239-FollowerState
2021-11-06 13:09:13,289 [0eaea5f5-6746-43ea-ac9f-09b1ebc824b6@group-39C6EB46317D-LeaderElection73] INFO  impl.LeaderElection (LeaderElection.java:askForVotes(306)) - 0eaea5f5-6746-43ea-ac9f-09b1ebc824b6@group-39C6EB46317D-LeaderElection73 ELECTION round 0: submit vote requests at term 1 for -1: [0eaea5f5-6746-43ea-ac9f-09b1ebc824b6|rpc:10.1.0.11:39423|priority:1], old=null
2021-11-06 13:09:13,289 [0eaea5f5-6746-43ea-ac9f-09b1ebc824b6@group-39C6EB46317D-LeaderElection73] INFO  impl.LeaderElection (LeaderElection.java:askForVotes(308)) - 0eaea5f5-6746-43ea-ac9f-09b1ebc824b6@group-39C6EB46317D-LeaderElection73 ELECTION round 0: result PASSED (term=1)
2021-11-06 13:09:13,289 [0eaea5f5-6746-43ea-ac9f-09b1ebc824b6@group-39C6EB46317D-LeaderElection73] INFO  impl.RoleInfo (RoleInfo.java:shutdownLeaderElection(121)) - 0eaea5f5-6746-43ea-ac9f-09b1ebc824b6: shutdown 0eaea5f5-6746-43ea-ac9f-09b1ebc824b6@group-39C6EB46317D-LeaderElection73
2021-11-06 13:09:13,289 [0eaea5f5-6746-43ea-ac9f-09b1ebc824b6@group-39C6EB46317D-LeaderElection73] INFO  server.RaftServer$Division (RaftServerImpl.java:setRole(290)) - 0eaea5f5-6746-43ea-ac9f-09b1ebc824b6@group-39C6EB46317D: changes role from CANDIDATE to LEADER at term 1 for changeToLeader
2021-11-06 13:09:13,289 [0eaea5f5-6746-43ea-ac9f-09b1ebc824b6@group-39C6EB46317D-LeaderElection73] INFO  ratis.XceiverServerRatis (XceiverServerRatis.java:handleLeaderChangedNotification(866)) - Leader change notification received for group: group-39C6EB46317D with new leaderId: 0eaea5f5-6746-43ea-ac9f-09b1ebc824b6
2021-11-06 13:09:13,295 [grpc-default-executor-3] INFO  server.RaftServer$Division (RaftServerImpl.java:requestVote(1078)) - 5935a206-a598-494c-a9e6-46da022b00dd@group-6EF6570EA239 replies to ELECTION vote request: 0eaea5f5-6746-43ea-ac9f-09b1ebc824b6<-5935a206-a598-494c-a9e6-46da022b00dd#0:OK-t1. Peer's state: 5935a206-a598-494c-a9e6-46da022b00dd@group-6EF6570EA239:t1, leader=null, voted=0eaea5f5-6746-43ea-ac9f-09b1ebc824b6, raftlog=5935a206-a598-494c-a9e6-46da022b00dd@group-6EF6570EA239-SegmentedRaftLog:OPENED:c-1, conf=-1: [0eaea5f5-6746-43ea-ac9f-09b1ebc824b6|rpc:10.1.0.11:39423|dataStream:|priority:0, 5935a206-a598-494c-a9e6-46da022b00dd|rpc:10.1.0.11:43005|dataStream:|priority:0, ca2e1dc9-8c7f-42bc-b6bd-0370d79258f9|rpc:10.1.0.11:38687|dataStream:|priority:1], old=null
2021-11-06 13:09:13,295 [0eaea5f5-6746-43ea-ac9f-09b1ebc824b6@group-39C6EB46317D-LeaderElection73] INFO  server.RaftServer$Division (ServerState.java:setLeader(285)) - 0eaea5f5-6746-43ea-ac9f-09b1ebc824b6@group-39C6EB46317D: change Leader from null to 0eaea5f5-6746-43ea-ac9f-09b1ebc824b6 at term 1 for becomeLeader, leader elected after 5187ms
2021-11-06 13:09:13,295 [0eaea5f5-6746-43ea-ac9f-09b1ebc824b6@group-39C6EB46317D-LeaderElection73] INFO  server.RaftServerConfigKeys (ConfUtils.java:logGet(44)) - raft.server.staging.catchup.gap = 1000 (default)
2021-11-06 13:09:13,326 [0eaea5f5-6746-43ea-ac9f-09b1ebc824b6@group-39C6EB46317D-LeaderElection73] INFO  server.RaftServerConfigKeys (ConfUtils.java:logGet(44)) - raft.server.write.element-limit = 1024 (custom)
2021-11-06 13:09:13,326 [0eaea5f5-6746-43ea-ac9f-09b1ebc824b6@group-39C6EB46317D-LeaderElection73] INFO  server.RaftServerConfigKeys (ConfUtils.java:logGet(44)) - raft.server.write.byte-limit = 1024 M (=1073741824) (custom)
2021-11-06 13:09:13,327 [0eaea5f5-6746-43ea-ac9f-09b1ebc824b6@group-39C6EB46317D-LeaderElection73] INFO  server.RaftServerConfigKeys (ConfUtils.java:logGet(44)) - raft.server.watch.timeout = 3000ms (custom)
2021-11-06 13:09:13,327 [0eaea5f5-6746-43ea-ac9f-09b1ebc824b6@group-39C6EB46317D-LeaderElection73] INFO  server.RaftServerConfigKeys (ConfUtils.java:logGet(44)) - raft.server.watch.timeout.denomination = 1s (default)
2021-11-06 13:09:13,327 [0eaea5f5-6746-43ea-ac9f-09b1ebc824b6@group-39C6EB46317D-LeaderElection73] INFO  server.RaftServerConfigKeys (ConfUtils.java:logGet(44)) - raft.server.watch.element-limit = 65536 (default)
2021-11-06 13:09:13,327 [0eaea5f5-6746-43ea-ac9f-09b1ebc824b6@group-39C6EB46317D-LeaderElection73] INFO  server.RaftServerConfigKeys (ConfUtils.java:logGet(44)) - raft.server.write.element-limit = 1024 (custom)
2021-11-06 13:09:13,327 [0eaea5f5-6746-43ea-ac9f-09b1ebc824b6@group-39C6EB46317D-LeaderElection73] INFO  server.RaftServerConfigKeys (ConfUtils.java:logGet(44)) - raft.server.write.follower.gap.ratio.max = -1.0 (default)
2021-11-06 13:09:13,327 [0eaea5f5-6746-43ea-ac9f-09b1ebc824b6@group-39C6EB46317D-LeaderElection73] INFO  impl.RoleInfo (RoleInfo.java:updateAndGet(130)) - 0eaea5f5-6746-43ea-ac9f-09b1ebc824b6: start 0eaea5f5-6746-43ea-ac9f-09b1ebc824b6@group-39C6EB46317D-LeaderStateImpl
2021-11-06 13:09:13,327 [0eaea5f5-6746-43ea-ac9f-09b1ebc824b6@group-39C6EB46317D-LeaderElection73] INFO  segmented.SegmentedRaftLogWorker (SegmentedRaftLogWorker.java:startLogSegment(394)) - 0eaea5f5-6746-43ea-ac9f-09b1ebc824b6@group-39C6EB46317D-SegmentedRaftLogWorker: Starting segment from index:0
2021-11-06 13:09:13,295 [grpc-default-executor-1] INFO  impl.RoleInfo (RoleInfo.java:updateAndGet(130)) - ca2e1dc9-8c7f-42bc-b6bd-0370d79258f9: start ca2e1dc9-8c7f-42bc-b6bd-0370d79258f9@group-6EF6570EA239-FollowerState
2021-11-06 13:09:13,329 [ca2e1dc9-8c7f-42bc-b6bd-0370d79258f9@group-6EF6570EA239-FollowerState] INFO  impl.FollowerState (FollowerState.java:run(143)) - ca2e1dc9-8c7f-42bc-b6bd-0370d79258f9@group-6EF6570EA239-FollowerState was interrupted: {}
java.lang.InterruptedException: sleep interrupted
	at java.lang.Thread.sleep(Native Method)
	at java.lang.Thread.sleep(Thread.java:340)
	at java.util.concurrent.TimeUnit.sleep(TimeUnit.java:386)
	at org.apache.ratis.util.TimeDuration.sleep(TimeDuration.java:324)
	at org.apache.ratis.util.TimeDuration.sleep(TimeDuration.java:309)
	at org.apache.ratis.server.impl.FollowerState.run(FollowerState.java:118)
2021-11-06 13:09:13,330 [0eaea5f5-6746-43ea-ac9f-09b1ebc824b6@group-39C6EB46317D-LeaderElection73] INFO  server.RaftServer$Division (ServerState.java:setRaftConf(387)) - 0eaea5f5-6746-43ea-ac9f-09b1ebc824b6@group-39C6EB46317D: set configuration 0: [0eaea5f5-6746-43ea-ac9f-09b1ebc824b6|rpc:10.1.0.11:39423|dataStream:|priority:1], old=null
2021-11-06 13:09:13,333 [EventQueue-OpenPipelineForHealthyPipelineSafeModeRule] INFO  safemode.SCMSafeModeManager (HealthyPipelineSafeModeRule.java:process(124)) - SCM in safe mode. Healthy pipelines reported count is 0, required healthy pipeline reported count is 1
2021-11-06 13:09:13,340 [0eaea5f5-6746-43ea-ac9f-09b1ebc824b6@group-39C6EB46317D-SegmentedRaftLogWorker] INFO  segmented.SegmentedRaftLogWorker (SegmentedRaftLogWorker.java:execute(601)) - 0eaea5f5-6746-43ea-ac9f-09b1ebc824b6@group-39C6EB46317D-SegmentedRaftLogWorker: created new log segment /home/runner/work/ozone/ozone/hadoop-ozone/integration-test/target/test-dir/MiniOzoneClusterImpl-57fe1d17-8f30-476a-a64a-953d5983e20c/datanode-6/data/ratis/1be5a8d6-c502-42d3-926f-39c6eb46317d/current/log_inprogress_0
2021-11-06 13:09:13,346 [grpc-default-executor-1] INFO  server.RaftServer$Division (RaftServerImpl.java:requestVote(1078)) - ca2e1dc9-8c7f-42bc-b6bd-0370d79258f9@group-6EF6570EA239 replies to ELECTION vote request: 0eaea5f5-6746-43ea-ac9f-09b1ebc824b6<-ca2e1dc9-8c7f-42bc-b6bd-0370d79258f9#0:FAIL-t1. Peer's state: ca2e1dc9-8c7f-42bc-b6bd-0370d79258f9@group-6EF6570EA239:t1, leader=null, voted=null, raftlog=ca2e1dc9-8c7f-42bc-b6bd-0370d79258f9@group-6EF6570EA239-SegmentedRaftLog:OPENED:c-1, conf=-1: [0eaea5f5-6746-43ea-ac9f-09b1ebc824b6|rpc:10.1.0.11:39423|dataStream:|priority:0, 5935a206-a598-494c-a9e6-46da022b00dd|rpc:10.1.0.11:43005|dataStream:|priority:0, ca2e1dc9-8c7f-42bc-b6bd-0370d79258f9|rpc:10.1.0.11:38687|dataStream:|priority:1], old=null
2021-11-06 13:09:13,347 [0eaea5f5-6746-43ea-ac9f-09b1ebc824b6@group-6EF6570EA239-LeaderElection72] INFO  impl.LeaderElection (LeaderElection.java:logAndReturn(89)) - 0eaea5f5-6746-43ea-ac9f-09b1ebc824b6@group-6EF6570EA239-LeaderElection72: ELECTION REJECTED received 2 response(s) and 0 exception(s):
2021-11-06 13:09:13,347 [0eaea5f5-6746-43ea-ac9f-09b1ebc824b6@group-6EF6570EA239-LeaderElection72] INFO  impl.LeaderElection (LeaderElection.java:logAndReturn(93)) -   Response 0: 0eaea5f5-6746-43ea-ac9f-09b1ebc824b6<-5935a206-a598-494c-a9e6-46da022b00dd#0:OK-t1
2021-11-06 13:09:13,347 [0eaea5f5-6746-43ea-ac9f-09b1ebc824b6@group-6EF6570EA239-LeaderElection72] INFO  impl.LeaderElection (LeaderElection.java:logAndReturn(93)) -   Response 1: 0eaea5f5-6746-43ea-ac9f-09b1ebc824b6<-ca2e1dc9-8c7f-42bc-b6bd-0370d79258f9#0:FAIL-t1
2021-11-06 13:09:13,347 [0eaea5f5-6746-43ea-ac9f-09b1ebc824b6@group-6EF6570EA239-LeaderElection72] INFO  impl.LeaderElection (LeaderElection.java:askForVotes(308)) - 0eaea5f5-6746-43ea-ac9f-09b1ebc824b6@group-6EF6570EA239-LeaderElection72 ELECTION round 0: result REJECTED
2021-11-06 13:09:13,347 [0eaea5f5-6746-43ea-ac9f-09b1ebc824b6@group-6EF6570EA239-LeaderElection72] INFO  server.RaftServer$Division (RaftServerImpl.java:setRole(290)) - 0eaea5f5-6746-43ea-ac9f-09b1ebc824b6@group-6EF6570EA239: changes role from CANDIDATE to FOLLOWER at term 1 for REJECTED
2021-11-06 13:09:13,347 [0eaea5f5-6746-43ea-ac9f-09b1ebc824b6@group-6EF6570EA239-LeaderElection72] INFO  impl.RoleInfo (RoleInfo.java:shutdownLeaderElection(121)) - 0eaea5f5-6746-43ea-ac9f-09b1ebc824b6: shutdown 0eaea5f5-6746-43ea-ac9f-09b1ebc824b6@group-6EF6570EA239-LeaderElection72
2021-11-06 13:09:13,347 [0eaea5f5-6746-43ea-ac9f-09b1ebc824b6@group-6EF6570EA239-LeaderElection72] INFO  impl.RoleInfo (RoleInfo.java:updateAndGet(130)) - 0eaea5f5-6746-43ea-ac9f-09b1ebc824b6: start 0eaea5f5-6746-43ea-ac9f-09b1ebc824b6@group-6EF6570EA239-FollowerState
2021-11-06 13:09:13,665 [ca2e1dc9-8c7f-42bc-b6bd-0370d79258f9@group-705A195EE02E-FollowerState] INFO  impl.FollowerState (FollowerState.java:run(134)) - ca2e1dc9-8c7f-42bc-b6bd-0370d79258f9@group-705A195EE02E-FollowerState: change to CANDIDATE, lastRpcElapsedTime:5130264722ns, electionTimeout:5129ms
2021-11-06 13:09:13,665 [ca2e1dc9-8c7f-42bc-b6bd-0370d79258f9@group-705A195EE02E-FollowerState] INFO  impl.RoleInfo (RoleInfo.java:shutdownFollowerState(108)) - ca2e1dc9-8c7f-42bc-b6bd-0370d79258f9: shutdown ca2e1dc9-8c7f-42bc-b6bd-0370d79258f9@group-705A195EE02E-FollowerState
2021-11-06 13:09:13,665 [ca2e1dc9-8c7f-42bc-b6bd-0370d79258f9@group-705A195EE02E-FollowerState] INFO  server.RaftServer$Division (RaftServerImpl.java:setRole(290)) - ca2e1dc9-8c7f-42bc-b6bd-0370d79258f9@group-705A195EE02E: changes role from  FOLLOWER to CANDIDATE at term 0 for changeToCandidate
2021-11-06 13:09:13,667 [ca2e1dc9-8c7f-42bc-b6bd-0370d79258f9@group-705A195EE02E-FollowerState] INFO  server.RaftServerConfigKeys (ConfUtils.java:logGet(44)) - raft.server.leaderelection.pre-vote = false (custom)
2021-11-06 13:09:13,667 [ca2e1dc9-8c7f-42bc-b6bd-0370d79258f9@group-705A195EE02E-FollowerState] INFO  impl.RoleInfo (RoleInfo.java:updateAndGet(130)) - ca2e1dc9-8c7f-42bc-b6bd-0370d79258f9: start ca2e1dc9-8c7f-42bc-b6bd-0370d79258f9@group-705A195EE02E-LeaderElection74
2021-11-06 13:09:13,697 [ca2e1dc9-8c7f-42bc-b6bd-0370d79258f9@group-705A195EE02E-LeaderElection74] INFO  impl.LeaderElection (LeaderElection.java:askForVotes(306)) - ca2e1dc9-8c7f-42bc-b6bd-0370d79258f9@group-705A195EE02E-LeaderElection74 ELECTION round 0: submit vote requests at term 1 for -1: [ca2e1dc9-8c7f-42bc-b6bd-0370d79258f9|rpc:10.1.0.11:38687|priority:1], old=null
2021-11-06 13:09:13,698 [ca2e1dc9-8c7f-42bc-b6bd-0370d79258f9@group-705A195EE02E-LeaderElection74] INFO  impl.LeaderElection (LeaderElection.java:askForVotes(308)) - ca2e1dc9-8c7f-42bc-b6bd-0370d79258f9@group-705A195EE02E-LeaderElection74 ELECTION round 0: result PASSED (term=1)
2021-11-06 13:09:13,698 [ca2e1dc9-8c7f-42bc-b6bd-0370d79258f9@group-705A195EE02E-LeaderElection74] INFO  impl.RoleInfo (RoleInfo.java:shutdownLeaderElection(121)) - ca2e1dc9-8c7f-42bc-b6bd-0370d79258f9: shutdown ca2e1dc9-8c7f-42bc-b6bd-0370d79258f9@group-705A195EE02E-LeaderElection74
2021-11-06 13:09:13,698 [ca2e1dc9-8c7f-42bc-b6bd-0370d79258f9@group-705A195EE02E-LeaderElection74] INFO  server.RaftServer$Division (RaftServerImpl.java:setRole(290)) - ca2e1dc9-8c7f-42bc-b6bd-0370d79258f9@group-705A195EE02E: changes role from CANDIDATE to LEADER at term 1 for changeToLeader
2021-11-06 13:09:13,698 [ca2e1dc9-8c7f-42bc-b6bd-0370d79258f9@group-705A195EE02E-LeaderElection74] INFO  ratis.XceiverServerRatis (XceiverServerRatis.java:handleLeaderChangedNotification(866)) - Leader change notification received for group: group-705A195EE02E with new leaderId: ca2e1dc9-8c7f-42bc-b6bd-0370d79258f9
2021-11-06 13:09:13,698 [ca2e1dc9-8c7f-42bc-b6bd-0370d79258f9@group-705A195EE02E-LeaderElection74] INFO  server.RaftServer$Division (ServerState.java:setLeader(285)) - ca2e1dc9-8c7f-42bc-b6bd-0370d79258f9@group-705A195EE02E: change Leader from null to ca2e1dc9-8c7f-42bc-b6bd-0370d79258f9 at term 1 for becomeLeader, leader elected after 5182ms
2021-11-06 13:09:13,698 [ca2e1dc9-8c7f-42bc-b6bd-0370d79258f9@group-705A195EE02E-LeaderElection74] INFO  server.RaftServerConfigKeys (ConfUtils.java:logGet(44)) - raft.server.staging.catchup.gap = 1000 (default)
2021-11-06 13:09:13,699 [ca2e1dc9-8c7f-42bc-b6bd-0370d79258f9@group-705A195EE02E-LeaderElection74] INFO  server.RaftServerConfigKeys (ConfUtils.java:logGet(44)) - raft.server.write.element-limit = 1024 (custom)
2021-11-06 13:09:13,699 [ca2e1dc9-8c7f-42bc-b6bd-0370d79258f9@group-705A195EE02E-LeaderElection74] INFO  server.RaftServerConfigKeys (ConfUtils.java:logGet(44)) - raft.server.write.byte-limit = 1024 M (=1073741824) (custom)
2021-11-06 13:09:13,699 [ca2e1dc9-8c7f-42bc-b6bd-0370d79258f9@group-705A195EE02E-LeaderElection74] INFO  server.RaftServerConfigKeys (ConfUtils.java:logGet(44)) - raft.server.watch.timeout = 3000ms (custom)
2021-11-06 13:09:13,700 [ca2e1dc9-8c7f-42bc-b6bd-0370d79258f9@group-705A195EE02E-LeaderElection74] INFO  server.RaftServerConfigKeys (ConfUtils.java:logGet(44)) - raft.server.watch.timeout.denomination = 1s (default)
2021-11-06 13:09:13,700 [ca2e1dc9-8c7f-42bc-b6bd-0370d79258f9@group-705A195EE02E-LeaderElection74] INFO  server.RaftServerConfigKeys (ConfUtils.java:logGet(44)) - raft.server.watch.element-limit = 65536 (default)
2021-11-06 13:09:13,700 [ca2e1dc9-8c7f-42bc-b6bd-0370d79258f9@group-705A195EE02E-LeaderElection74] INFO  server.RaftServerConfigKeys (ConfUtils.java:logGet(44)) - raft.server.write.element-limit = 1024 (custom)
2021-11-06 13:09:13,700 [ca2e1dc9-8c7f-42bc-b6bd-0370d79258f9@group-705A195EE02E-LeaderElection74] INFO  server.RaftServerConfigKeys (ConfUtils.java:logGet(44)) - raft.server.write.follower.gap.ratio.max = -1.0 (default)
2021-11-06 13:09:13,700 [ca2e1dc9-8c7f-42bc-b6bd-0370d79258f9@group-705A195EE02E-LeaderElection74] INFO  impl.RoleInfo (RoleInfo.java:updateAndGet(130)) - ca2e1dc9-8c7f-42bc-b6bd-0370d79258f9: start ca2e1dc9-8c7f-42bc-b6bd-0370d79258f9@group-705A195EE02E-LeaderStateImpl
2021-11-06 13:09:13,700 [ca2e1dc9-8c7f-42bc-b6bd-0370d79258f9@group-705A195EE02E-LeaderElection74] INFO  segmented.SegmentedRaftLogWorker (SegmentedRaftLogWorker.java:startLogSegment(394)) - ca2e1dc9-8c7f-42bc-b6bd-0370d79258f9@group-705A195EE02E-SegmentedRaftLogWorker: Starting segment from index:0
2021-11-06 13:09:13,708 [ca2e1dc9-8c7f-42bc-b6bd-0370d79258f9@group-705A195EE02E-LeaderElection74] INFO  server.RaftServer$Division (ServerState.java:setRaftConf(387)) - ca2e1dc9-8c7f-42bc-b6bd-0370d79258f9@group-705A195EE02E: set configuration 0: [ca2e1dc9-8c7f-42bc-b6bd-0370d79258f9|rpc:10.1.0.11:38687|dataStream:|priority:1], old=null
2021-11-06 13:09:13,731 [ca2e1dc9-8c7f-42bc-b6bd-0370d79258f9@group-705A195EE02E-SegmentedRaftLogWorker] INFO  segmented.SegmentedRaftLogWorker (SegmentedRaftLogWorker.java:execute(601)) - ca2e1dc9-8c7f-42bc-b6bd-0370d79258f9@group-705A195EE02E-SegmentedRaftLogWorker: created new log segment /home/runner/work/ozone/ozone/hadoop-ozone/integration-test/target/test-dir/MiniOzoneClusterImpl-57fe1d17-8f30-476a-a64a-953d5983e20c/datanode-7/data/ratis/f87f9722-8996-4b04-814c-705a195ee02e/current/log_inprogress_0
2021-11-06 13:09:13,735 [EventQueue-OpenPipelineForHealthyPipelineSafeModeRule] INFO  safemode.SCMSafeModeManager (HealthyPipelineSafeModeRule.java:process(124)) - SCM in safe mode. Healthy pipelines reported count is 0, required healthy pipeline reported count is 1
2021-11-06 13:09:13,904 [Listener at 127.0.0.1/34591] INFO  ozone.MiniOzoneClusterImpl (MiniOzoneClusterImpl.java:lambda$waitForClusterToBeReady$0(235)) - Nodes are ready. Got 9 of 9 DN Heartbeats.
2021-11-06 13:09:13,904 [Listener at 127.0.0.1/34591] INFO  ozone.MiniOzoneClusterImpl (MiniOzoneClusterImpl.java:lambda$waitForClusterToBeReady$0(238)) - Waiting for cluster to exit safe mode
2021-11-06 13:09:13,904 [Listener at 127.0.0.1/34591] INFO  ozone.MiniOzoneClusterImpl (MiniOzoneClusterImpl.java:lambda$waitForClusterToBeReady$0(240)) - SCM became leader
2021-11-06 13:09:14,182 [5935a206-a598-494c-a9e6-46da022b00dd@group-A8272E390442-FollowerState] INFO  impl.FollowerState (FollowerState.java:run(134)) - 5935a206-a598-494c-a9e6-46da022b00dd@group-A8272E390442-FollowerState: change to CANDIDATE, lastRpcElapsedTime:5200274590ns, electionTimeout:5196ms
2021-11-06 13:09:14,182 [5935a206-a598-494c-a9e6-46da022b00dd@group-A8272E390442-FollowerState] INFO  impl.RoleInfo (RoleInfo.java:shutdownFollowerState(108)) - 5935a206-a598-494c-a9e6-46da022b00dd: shutdown 5935a206-a598-494c-a9e6-46da022b00dd@group-A8272E390442-FollowerState
2021-11-06 13:09:14,182 [5935a206-a598-494c-a9e6-46da022b00dd@group-A8272E390442-FollowerState] INFO  server.RaftServer$Division (RaftServerImpl.java:setRole(290)) - 5935a206-a598-494c-a9e6-46da022b00dd@group-A8272E390442: changes role from  FOLLOWER to CANDIDATE at term 0 for changeToCandidate
2021-11-06 13:09:14,183 [5935a206-a598-494c-a9e6-46da022b00dd@group-A8272E390442-FollowerState] INFO  server.RaftServerConfigKeys (ConfUtils.java:logGet(44)) - raft.server.leaderelection.pre-vote = false (custom)
2021-11-06 13:09:14,183 [5935a206-a598-494c-a9e6-46da022b00dd@group-A8272E390442-FollowerState] INFO  impl.RoleInfo (RoleInfo.java:updateAndGet(130)) - 5935a206-a598-494c-a9e6-46da022b00dd: start 5935a206-a598-494c-a9e6-46da022b00dd@group-A8272E390442-LeaderElection75
2021-11-06 13:09:14,189 [5935a206-a598-494c-a9e6-46da022b00dd@group-A8272E390442-LeaderElection75] INFO  impl.LeaderElection (LeaderElection.java:askForVotes(306)) - 5935a206-a598-494c-a9e6-46da022b00dd@group-A8272E390442-LeaderElection75 ELECTION round 0: submit vote requests at term 1 for -1: [5935a206-a598-494c-a9e6-46da022b00dd|rpc:10.1.0.11:43005|priority:1], old=null
2021-11-06 13:09:14,189 [5935a206-a598-494c-a9e6-46da022b00dd@group-A8272E390442-LeaderElection75] INFO  impl.LeaderElection (LeaderElection.java:askForVotes(308)) - 5935a206-a598-494c-a9e6-46da022b00dd@group-A8272E390442-LeaderElection75 ELECTION round 0: result PASSED (term=1)
2021-11-06 13:09:14,189 [5935a206-a598-494c-a9e6-46da022b00dd@group-A8272E390442-LeaderElection75] INFO  impl.RoleInfo (RoleInfo.java:shutdownLeaderElection(121)) - 5935a206-a598-494c-a9e6-46da022b00dd: shutdown 5935a206-a598-494c-a9e6-46da022b00dd@group-A8272E390442-LeaderElection75
2021-11-06 13:09:14,189 [5935a206-a598-494c-a9e6-46da022b00dd@group-A8272E390442-LeaderElection75] INFO  server.RaftServer$Division (RaftServerImpl.java:setRole(290)) - 5935a206-a598-494c-a9e6-46da022b00dd@group-A8272E390442: changes role from CANDIDATE to LEADER at term 1 for changeToLeader
2021-11-06 13:09:14,189 [5935a206-a598-494c-a9e6-46da022b00dd@group-A8272E390442-LeaderElection75] INFO  ratis.XceiverServerRatis (XceiverServerRatis.java:handleLeaderChangedNotification(866)) - Leader change notification received for group: group-A8272E390442 with new leaderId: 5935a206-a598-494c-a9e6-46da022b00dd
2021-11-06 13:09:14,189 [5935a206-a598-494c-a9e6-46da022b00dd@group-A8272E390442-LeaderElection75] INFO  server.RaftServer$Division (ServerState.java:setLeader(285)) - 5935a206-a598-494c-a9e6-46da022b00dd@group-A8272E390442: change Leader from null to 5935a206-a598-494c-a9e6-46da022b00dd at term 1 for becomeLeader, leader elected after 5215ms
2021-11-06 13:09:14,190 [5935a206-a598-494c-a9e6-46da022b00dd@group-A8272E390442-LeaderElection75] INFO  server.RaftServerConfigKeys (ConfUtils.java:logGet(44)) - raft.server.staging.catchup.gap = 1000 (default)
2021-11-06 13:09:14,191 [EventQueue-OpenPipelineForHealthyPipelineSafeModeRule] INFO  safemode.SCMSafeModeManager (HealthyPipelineSafeModeRule.java:process(124)) - SCM in safe mode. Healthy pipelines reported count is 0, required healthy pipeline reported count is 1
2021-11-06 13:09:14,205 [5935a206-a598-494c-a9e6-46da022b00dd@group-A8272E390442-LeaderElection75] INFO  server.RaftServerConfigKeys (ConfUtils.java:logGet(44)) - raft.server.write.element-limit = 1024 (custom)
2021-11-06 13:09:14,211 [5935a206-a598-494c-a9e6-46da022b00dd@group-A8272E390442-LeaderElection75] INFO  server.RaftServerConfigKeys (ConfUtils.java:logGet(44)) - raft.server.write.byte-limit = 1024 M (=1073741824) (custom)
2021-11-06 13:09:14,211 [5935a206-a598-494c-a9e6-46da022b00dd@group-A8272E390442-LeaderElection75] INFO  server.RaftServerConfigKeys (ConfUtils.java:logGet(44)) - raft.server.watch.timeout = 3000ms (custom)
2021-11-06 13:09:14,211 [5935a206-a598-494c-a9e6-46da022b00dd@group-A8272E390442-LeaderElection75] INFO  server.RaftServerConfigKeys (ConfUtils.java:logGet(44)) - raft.server.watch.timeout.denomination = 1s (default)
2021-11-06 13:09:14,211 [5935a206-a598-494c-a9e6-46da022b00dd@group-A8272E390442-LeaderElection75] INFO  server.RaftServerConfigKeys (ConfUtils.java:logGet(44)) - raft.server.watch.element-limit = 65536 (default)
2021-11-06 13:09:14,211 [5935a206-a598-494c-a9e6-46da022b00dd@group-A8272E390442-LeaderElection75] INFO  server.RaftServerConfigKeys (ConfUtils.java:logGet(44)) - raft.server.write.element-limit = 1024 (custom)
2021-11-06 13:09:14,212 [5935a206-a598-494c-a9e6-46da022b00dd@group-A8272E390442-LeaderElection75] INFO  server.RaftServerConfigKeys (ConfUtils.java:logGet(44)) - raft.server.write.follower.gap.ratio.max = -1.0 (default)
2021-11-06 13:09:14,212 [5935a206-a598-494c-a9e6-46da022b00dd@group-A8272E390442-LeaderElection75] INFO  impl.RoleInfo (RoleInfo.java:updateAndGet(130)) - 5935a206-a598-494c-a9e6-46da022b00dd: start 5935a206-a598-494c-a9e6-46da022b00dd@group-A8272E390442-LeaderStateImpl
2021-11-06 13:09:14,212 [5935a206-a598-494c-a9e6-46da022b00dd@group-A8272E390442-LeaderElection75] INFO  segmented.SegmentedRaftLogWorker (SegmentedRaftLogWorker.java:startLogSegment(394)) - 5935a206-a598-494c-a9e6-46da022b00dd@group-A8272E390442-SegmentedRaftLogWorker: Starting segment from index:0
2021-11-06 13:09:14,214 [5935a206-a598-494c-a9e6-46da022b00dd@group-A8272E390442-SegmentedRaftLogWorker] INFO  segmented.SegmentedRaftLogWorker (SegmentedRaftLogWorker.java:execute(601)) - 5935a206-a598-494c-a9e6-46da022b00dd@group-A8272E390442-SegmentedRaftLogWorker: created new log segment /home/runner/work/ozone/ozone/hadoop-ozone/integration-test/target/test-dir/MiniOzoneClusterImpl-57fe1d17-8f30-476a-a64a-953d5983e20c/datanode-8/data/ratis/899620c5-8f09-42b5-8150-a8272e390442/current/log_inprogress_0
2021-11-06 13:09:14,220 [5935a206-a598-494c-a9e6-46da022b00dd@group-A8272E390442-LeaderElection75] INFO  server.RaftServer$Division (ServerState.java:setRaftConf(387)) - 5935a206-a598-494c-a9e6-46da022b00dd@group-A8272E390442: set configuration 0: [5935a206-a598-494c-a9e6-46da022b00dd|rpc:10.1.0.11:43005|dataStream:|priority:1], old=null
2021-11-06 13:09:14,905 [Listener at 127.0.0.1/34591] INFO  ozone.MiniOzoneClusterImpl (MiniOzoneClusterImpl.java:lambda$waitForClusterToBeReady$0(235)) - Nodes are ready. Got 9 of 9 DN Heartbeats.
2021-11-06 13:09:14,905 [Listener at 127.0.0.1/34591] INFO  ozone.MiniOzoneClusterImpl (MiniOzoneClusterImpl.java:lambda$waitForClusterToBeReady$0(238)) - Waiting for cluster to exit safe mode
2021-11-06 13:09:14,905 [Listener at 127.0.0.1/34591] INFO  ozone.MiniOzoneClusterImpl (MiniOzoneClusterImpl.java:lambda$waitForClusterToBeReady$0(240)) - SCM became leader
2021-11-06 13:09:15,708 [414c08ff-7683-4e40-9ba7-4aaff37af58e@group-950F038C74EB-FollowerState] INFO  impl.FollowerState (FollowerState.java:run(134)) - 414c08ff-7683-4e40-9ba7-4aaff37af58e@group-950F038C74EB-FollowerState: change to CANDIDATE, lastRpcElapsedTime:5030323851ns, electionTimeout:5029ms
2021-11-06 13:09:15,709 [414c08ff-7683-4e40-9ba7-4aaff37af58e@group-950F038C74EB-FollowerState] INFO  impl.RoleInfo (RoleInfo.java:shutdownFollowerState(108)) - 414c08ff-7683-4e40-9ba7-4aaff37af58e: shutdown 414c08ff-7683-4e40-9ba7-4aaff37af58e@group-950F038C74EB-FollowerState
2021-11-06 13:09:15,709 [414c08ff-7683-4e40-9ba7-4aaff37af58e@group-950F038C74EB-FollowerState] INFO  server.RaftServer$Division (RaftServerImpl.java:setRole(290)) - 414c08ff-7683-4e40-9ba7-4aaff37af58e@group-950F038C74EB: changes role from  FOLLOWER to CANDIDATE at term 1 for changeToCandidate
2021-11-06 13:09:15,709 [414c08ff-7683-4e40-9ba7-4aaff37af58e@group-950F038C74EB-FollowerState] INFO  server.RaftServerConfigKeys (ConfUtils.java:logGet(44)) - raft.server.leaderelection.pre-vote = false (custom)
2021-11-06 13:09:15,709 [414c08ff-7683-4e40-9ba7-4aaff37af58e@group-950F038C74EB-FollowerState] INFO  impl.RoleInfo (RoleInfo.java:updateAndGet(130)) - 414c08ff-7683-4e40-9ba7-4aaff37af58e: start 414c08ff-7683-4e40-9ba7-4aaff37af58e@group-950F038C74EB-LeaderElection76
2021-11-06 13:09:15,726 [414c08ff-7683-4e40-9ba7-4aaff37af58e@group-950F038C74EB-LeaderElection76] INFO  impl.LeaderElection (LeaderElection.java:askForVotes(306)) - 414c08ff-7683-4e40-9ba7-4aaff37af58e@group-950F038C74EB-LeaderElection76 ELECTION round 0: submit vote requests at term 2 for -1: [4d122ed7-1d51-49b3-a564-9cc0800ef9b5|rpc:10.1.0.11:44073|dataStream:|priority:1, 414c08ff-7683-4e40-9ba7-4aaff37af58e|rpc:10.1.0.11:42123|dataStream:|priority:0, 41301224-b672-4531-af78-b462410ab6ac|rpc:10.1.0.11:45193|dataStream:|priority:0], old=null
2021-11-06 13:09:15,742 [grpc-default-executor-1] INFO  server.RaftServer$Division (RaftServerImpl.java:requestVote(1046)) - 4d122ed7-1d51-49b3-a564-9cc0800ef9b5@group-950F038C74EB: receive requestVote(ELECTION, 414c08ff-7683-4e40-9ba7-4aaff37af58e, group-950F038C74EB, 2, (t:0, i:0))
2021-11-06 13:09:15,743 [grpc-default-executor-1] INFO  impl.VoteContext (VoteContext.java:log(48)) - 4d122ed7-1d51-49b3-a564-9cc0800ef9b5@group-950F038C74EB-FOLLOWER: reject ELECTION from 414c08ff-7683-4e40-9ba7-4aaff37af58e: our priority 1 > candidate's priority 0
2021-11-06 13:09:15,743 [grpc-default-executor-1] INFO  server.RaftServer$Division (RaftServerImpl.java:setRole(290)) - 4d122ed7-1d51-49b3-a564-9cc0800ef9b5@group-950F038C74EB: changes role from  FOLLOWER to FOLLOWER at term 2 for candidate:414c08ff-7683-4e40-9ba7-4aaff37af58e
2021-11-06 13:09:15,743 [grpc-default-executor-1] INFO  impl.RoleInfo (RoleInfo.java:shutdownFollowerState(108)) - 4d122ed7-1d51-49b3-a564-9cc0800ef9b5: shutdown 4d122ed7-1d51-49b3-a564-9cc0800ef9b5@group-950F038C74EB-FollowerState
2021-11-06 13:09:15,748 [grpc-default-executor-1] INFO  impl.RoleInfo (RoleInfo.java:updateAndGet(130)) - 4d122ed7-1d51-49b3-a564-9cc0800ef9b5: start 4d122ed7-1d51-49b3-a564-9cc0800ef9b5@group-950F038C74EB-FollowerState
2021-11-06 13:09:15,749 [4d122ed7-1d51-49b3-a564-9cc0800ef9b5@group-950F038C74EB-FollowerState] INFO  impl.FollowerState (FollowerState.java:run(143)) - 4d122ed7-1d51-49b3-a564-9cc0800ef9b5@group-950F038C74EB-FollowerState was interrupted: {}
java.lang.InterruptedException: sleep interrupted
	at java.lang.Thread.sleep(Native Method)
	at java.lang.Thread.sleep(Thread.java:340)
	at java.util.concurrent.TimeUnit.sleep(TimeUnit.java:386)
	at org.apache.ratis.util.TimeDuration.sleep(TimeDuration.java:324)
	at org.apache.ratis.util.TimeDuration.sleep(TimeDuration.java:309)
	at org.apache.ratis.server.impl.FollowerState.run(FollowerState.java:118)
2021-11-06 13:09:15,752 [grpc-default-executor-1] INFO  server.RaftServer$Division (RaftServerImpl.java:requestVote(1078)) - 4d122ed7-1d51-49b3-a564-9cc0800ef9b5@group-950F038C74EB replies to ELECTION vote request: 414c08ff-7683-4e40-9ba7-4aaff37af58e<-4d122ed7-1d51-49b3-a564-9cc0800ef9b5#0:FAIL-t2. Peer's state: 4d122ed7-1d51-49b3-a564-9cc0800ef9b5@group-950F038C74EB:t2, leader=null, voted=null, raftlog=4d122ed7-1d51-49b3-a564-9cc0800ef9b5@group-950F038C74EB-SegmentedRaftLog:OPENED:c-1, conf=-1: [4d122ed7-1d51-49b3-a564-9cc0800ef9b5|rpc:10.1.0.11:44073|dataStream:|priority:1, 414c08ff-7683-4e40-9ba7-4aaff37af58e|rpc:10.1.0.11:42123|dataStream:|priority:0, 41301224-b672-4531-af78-b462410ab6ac|rpc:10.1.0.11:45193|dataStream:|priority:0], old=null
2021-11-06 13:09:15,757 [414c08ff-7683-4e40-9ba7-4aaff37af58e@group-950F038C74EB-LeaderElection76] INFO  impl.LeaderElection (LeaderElection.java:logAndReturn(89)) - 414c08ff-7683-4e40-9ba7-4aaff37af58e@group-950F038C74EB-LeaderElection76: ELECTION REJECTED received 1 response(s) and 0 exception(s):
2021-11-06 13:09:15,757 [414c08ff-7683-4e40-9ba7-4aaff37af58e@group-950F038C74EB-LeaderElection76] INFO  impl.LeaderElection (LeaderElection.java:logAndReturn(93)) -   Response 0: 414c08ff-7683-4e40-9ba7-4aaff37af58e<-4d122ed7-1d51-49b3-a564-9cc0800ef9b5#0:FAIL-t2
2021-11-06 13:09:15,757 [414c08ff-7683-4e40-9ba7-4aaff37af58e@group-950F038C74EB-LeaderElection76] INFO  impl.LeaderElection (LeaderElection.java:askForVotes(308)) - 414c08ff-7683-4e40-9ba7-4aaff37af58e@group-950F038C74EB-LeaderElection76 ELECTION round 0: result REJECTED
2021-11-06 13:09:15,757 [414c08ff-7683-4e40-9ba7-4aaff37af58e@group-950F038C74EB-LeaderElection76] INFO  server.RaftServer$Division (RaftServerImpl.java:setRole(290)) - 414c08ff-7683-4e40-9ba7-4aaff37af58e@group-950F038C74EB: changes role from CANDIDATE to FOLLOWER at term 2 for REJECTED
2021-11-06 13:09:15,757 [414c08ff-7683-4e40-9ba7-4aaff37af58e@group-950F038C74EB-LeaderElection76] INFO  impl.RoleInfo (RoleInfo.java:shutdownLeaderElection(121)) - 414c08ff-7683-4e40-9ba7-4aaff37af58e: shutdown 414c08ff-7683-4e40-9ba7-4aaff37af58e@group-950F038C74EB-LeaderElection76
2021-11-06 13:09:15,757 [414c08ff-7683-4e40-9ba7-4aaff37af58e@group-950F038C74EB-LeaderElection76] INFO  impl.RoleInfo (RoleInfo.java:updateAndGet(130)) - 414c08ff-7683-4e40-9ba7-4aaff37af58e: start 414c08ff-7683-4e40-9ba7-4aaff37af58e@group-950F038C74EB-FollowerState
2021-11-06 13:09:15,768 [grpc-default-executor-3] INFO  server.RaftServer$Division (RaftServerImpl.java:requestVote(1046)) - 41301224-b672-4531-af78-b462410ab6ac@group-950F038C74EB: receive requestVote(ELECTION, 414c08ff-7683-4e40-9ba7-4aaff37af58e, group-950F038C74EB, 2, (t:0, i:0))
2021-11-06 13:09:15,769 [grpc-default-executor-3] INFO  impl.VoteContext (VoteContext.java:log(48)) - 41301224-b672-4531-af78-b462410ab6ac@group-950F038C74EB-FOLLOWER: accept ELECTION from 414c08ff-7683-4e40-9ba7-4aaff37af58e: our priority 0 <= candidate's priority 0
2021-11-06 13:09:15,769 [grpc-default-executor-3] INFO  server.RaftServer$Division (RaftServerImpl.java:setRole(290)) - 41301224-b672-4531-af78-b462410ab6ac@group-950F038C74EB: changes role from  FOLLOWER to FOLLOWER at term 2 for candidate:414c08ff-7683-4e40-9ba7-4aaff37af58e
2021-11-06 13:09:15,769 [grpc-default-executor-3] INFO  impl.RoleInfo (RoleInfo.java:shutdownFollowerState(108)) - 41301224-b672-4531-af78-b462410ab6ac: shutdown 41301224-b672-4531-af78-b462410ab6ac@group-950F038C74EB-FollowerState
2021-11-06 13:09:15,769 [grpc-default-executor-3] INFO  impl.RoleInfo (RoleInfo.java:updateAndGet(130)) - 41301224-b672-4531-af78-b462410ab6ac: start 41301224-b672-4531-af78-b462410ab6ac@group-950F038C74EB-FollowerState
2021-11-06 13:09:15,769 [41301224-b672-4531-af78-b462410ab6ac@group-950F038C74EB-FollowerState] INFO  impl.FollowerState (FollowerState.java:run(143)) - 41301224-b672-4531-af78-b462410ab6ac@group-950F038C74EB-FollowerState was interrupted: {}
java.lang.InterruptedException: sleep interrupted
	at java.lang.Thread.sleep(Native Method)
	at java.lang.Thread.sleep(Thread.java:340)
	at java.util.concurrent.TimeUnit.sleep(TimeUnit.java:386)
	at org.apache.ratis.util.TimeDuration.sleep(TimeDuration.java:324)
	at org.apache.ratis.util.TimeDuration.sleep(TimeDuration.java:309)
	at org.apache.ratis.server.impl.FollowerState.run(FollowerState.java:118)
2021-11-06 13:09:15,781 [grpc-default-executor-3] INFO  server.RaftServer$Division (RaftServerImpl.java:requestVote(1078)) - 41301224-b672-4531-af78-b462410ab6ac@group-950F038C74EB replies to ELECTION vote request: 414c08ff-7683-4e40-9ba7-4aaff37af58e<-41301224-b672-4531-af78-b462410ab6ac#0:OK-t2. Peer's state: 41301224-b672-4531-af78-b462410ab6ac@group-950F038C74EB:t2, leader=null, voted=414c08ff-7683-4e40-9ba7-4aaff37af58e, raftlog=41301224-b672-4531-af78-b462410ab6ac@group-950F038C74EB-SegmentedRaftLog:OPENED:c-1, conf=-1: [4d122ed7-1d51-49b3-a564-9cc0800ef9b5|rpc:10.1.0.11:44073|priority:1, 414c08ff-7683-4e40-9ba7-4aaff37af58e|rpc:10.1.0.11:42123|priority:0, 41301224-b672-4531-af78-b462410ab6ac|rpc:10.1.0.11:45193|priority:0], old=null
2021-11-06 13:09:15,905 [Listener at 127.0.0.1/34591] INFO  ozone.MiniOzoneClusterImpl (MiniOzoneClusterImpl.java:lambda$waitForClusterToBeReady$0(235)) - Nodes are ready. Got 9 of 9 DN Heartbeats.
2021-11-06 13:09:15,906 [Listener at 127.0.0.1/34591] INFO  ozone.MiniOzoneClusterImpl (MiniOzoneClusterImpl.java:lambda$waitForClusterToBeReady$0(238)) - Waiting for cluster to exit safe mode
2021-11-06 13:09:15,906 [Listener at 127.0.0.1/34591] INFO  ozone.MiniOzoneClusterImpl (MiniOzoneClusterImpl.java:lambda$waitForClusterToBeReady$0(240)) - SCM became leader
2021-11-06 13:09:16,906 [Listener at 127.0.0.1/34591] INFO  ozone.MiniOzoneClusterImpl (MiniOzoneClusterImpl.java:lambda$waitForClusterToBeReady$0(235)) - Nodes are ready. Got 9 of 9 DN Heartbeats.
2021-11-06 13:09:16,906 [Listener at 127.0.0.1/34591] INFO  ozone.MiniOzoneClusterImpl (MiniOzoneClusterImpl.java:lambda$waitForClusterToBeReady$0(238)) - Waiting for cluster to exit safe mode
2021-11-06 13:09:16,906 [Listener at 127.0.0.1/34591] INFO  ozone.MiniOzoneClusterImpl (MiniOzoneClusterImpl.java:lambda$waitForClusterToBeReady$0(240)) - SCM became leader
2021-11-06 13:09:16,932 [a8ad8818-625e-4bd0-b4ed-3716b4b5c8f9@group-767134F6B288-FollowerState] INFO  impl.FollowerState (FollowerState.java:run(134)) - a8ad8818-625e-4bd0-b4ed-3716b4b5c8f9@group-767134F6B288-FollowerState: change to CANDIDATE, lastRpcElapsedTime:5096026499ns, electionTimeout:5093ms
2021-11-06 13:09:16,933 [a8ad8818-625e-4bd0-b4ed-3716b4b5c8f9@group-767134F6B288-FollowerState] INFO  impl.RoleInfo (RoleInfo.java:shutdownFollowerState(108)) - a8ad8818-625e-4bd0-b4ed-3716b4b5c8f9: shutdown a8ad8818-625e-4bd0-b4ed-3716b4b5c8f9@group-767134F6B288-FollowerState
2021-11-06 13:09:16,933 [a8ad8818-625e-4bd0-b4ed-3716b4b5c8f9@group-767134F6B288-FollowerState] INFO  server.RaftServer$Division (RaftServerImpl.java:setRole(290)) - a8ad8818-625e-4bd0-b4ed-3716b4b5c8f9@group-767134F6B288: changes role from  FOLLOWER to CANDIDATE at term 1 for changeToCandidate
2021-11-06 13:09:16,933 [a8ad8818-625e-4bd0-b4ed-3716b4b5c8f9@group-767134F6B288-FollowerState] INFO  server.RaftServerConfigKeys (ConfUtils.java:logGet(44)) - raft.server.leaderelection.pre-vote = false (custom)
2021-11-06 13:09:16,933 [a8ad8818-625e-4bd0-b4ed-3716b4b5c8f9@group-767134F6B288-FollowerState] INFO  impl.RoleInfo (RoleInfo.java:updateAndGet(130)) - a8ad8818-625e-4bd0-b4ed-3716b4b5c8f9: start a8ad8818-625e-4bd0-b4ed-3716b4b5c8f9@group-767134F6B288-LeaderElection77
2021-11-06 13:09:16,942 [a8ad8818-625e-4bd0-b4ed-3716b4b5c8f9@group-767134F6B288-LeaderElection77] INFO  impl.LeaderElection (LeaderElection.java:askForVotes(306)) - a8ad8818-625e-4bd0-b4ed-3716b4b5c8f9@group-767134F6B288-LeaderElection77 ELECTION round 0: submit vote requests at term 2 for -1: [a8ad8818-625e-4bd0-b4ed-3716b4b5c8f9|rpc:10.1.0.11:40631|priority:0, 8825a48f-3f68-4f9f-a5f1-6d0b8018f501|rpc:10.1.0.11:41601|priority:0, 5750f6fd-62ed-459f-9a73-135ca28be509|rpc:10.1.0.11:38801|priority:1], old=null
2021-11-06 13:09:16,982 [grpc-default-executor-3] INFO  server.RaftServer$Division (RaftServerImpl.java:requestVote(1046)) - 8825a48f-3f68-4f9f-a5f1-6d0b8018f501@group-767134F6B288: receive requestVote(ELECTION, a8ad8818-625e-4bd0-b4ed-3716b4b5c8f9, group-767134F6B288, 2, (t:0, i:0))
2021-11-06 13:09:16,982 [grpc-default-executor-3] INFO  impl.VoteContext (VoteContext.java:log(48)) - 8825a48f-3f68-4f9f-a5f1-6d0b8018f501@group-767134F6B288-FOLLOWER: accept ELECTION from a8ad8818-625e-4bd0-b4ed-3716b4b5c8f9: our priority 0 <= candidate's priority 0
2021-11-06 13:09:16,982 [grpc-default-executor-3] INFO  server.RaftServer$Division (RaftServerImpl.java:setRole(290)) - 8825a48f-3f68-4f9f-a5f1-6d0b8018f501@group-767134F6B288: changes role from  FOLLOWER to FOLLOWER at term 2 for candidate:a8ad8818-625e-4bd0-b4ed-3716b4b5c8f9
2021-11-06 13:09:16,982 [grpc-default-executor-3] INFO  impl.RoleInfo (RoleInfo.java:shutdownFollowerState(108)) - 8825a48f-3f68-4f9f-a5f1-6d0b8018f501: shutdown 8825a48f-3f68-4f9f-a5f1-6d0b8018f501@group-767134F6B288-FollowerState
2021-11-06 13:09:16,982 [grpc-default-executor-3] INFO  impl.RoleInfo (RoleInfo.java:updateAndGet(130)) - 8825a48f-3f68-4f9f-a5f1-6d0b8018f501: start 8825a48f-3f68-4f9f-a5f1-6d0b8018f501@group-767134F6B288-FollowerState
2021-11-06 13:09:16,989 [8825a48f-3f68-4f9f-a5f1-6d0b8018f501@group-767134F6B288-FollowerState] INFO  impl.FollowerState (FollowerState.java:run(143)) - 8825a48f-3f68-4f9f-a5f1-6d0b8018f501@group-767134F6B288-FollowerState was interrupted: {}
java.lang.InterruptedException: sleep interrupted
	at java.lang.Thread.sleep(Native Method)
	at java.lang.Thread.sleep(Thread.java:340)
	at java.util.concurrent.TimeUnit.sleep(TimeUnit.java:386)
	at org.apache.ratis.util.TimeDuration.sleep(TimeDuration.java:324)
	at org.apache.ratis.util.TimeDuration.sleep(TimeDuration.java:309)
	at org.apache.ratis.server.impl.FollowerState.run(FollowerState.java:118)
2021-11-06 13:09:16,990 [grpc-default-executor-3] INFO  server.RaftServer$Division (RaftServerImpl.java:requestVote(1078)) - 8825a48f-3f68-4f9f-a5f1-6d0b8018f501@group-767134F6B288 replies to ELECTION vote request: a8ad8818-625e-4bd0-b4ed-3716b4b5c8f9<-8825a48f-3f68-4f9f-a5f1-6d0b8018f501#0:OK-t2. Peer's state: 8825a48f-3f68-4f9f-a5f1-6d0b8018f501@group-767134F6B288:t2, leader=null, voted=a8ad8818-625e-4bd0-b4ed-3716b4b5c8f9, raftlog=8825a48f-3f68-4f9f-a5f1-6d0b8018f501@group-767134F6B288-SegmentedRaftLog:OPENED:c-1, conf=-1: [a8ad8818-625e-4bd0-b4ed-3716b4b5c8f9|rpc:10.1.0.11:40631|dataStream:|priority:0, 8825a48f-3f68-4f9f-a5f1-6d0b8018f501|rpc:10.1.0.11:41601|dataStream:|priority:0, 5750f6fd-62ed-459f-9a73-135ca28be509|rpc:10.1.0.11:38801|dataStream:|priority:1], old=null
2021-11-06 13:09:16,995 [5750f6fd-62ed-459f-9a73-135ca28be509@group-767134F6B288-FollowerState] INFO  impl.FollowerState (FollowerState.java:run(134)) - 5750f6fd-62ed-459f-9a73-135ca28be509@group-767134F6B288-FollowerState: change to CANDIDATE, lastRpcElapsedTime:5161731062ns, electionTimeout:5147ms
2021-11-06 13:09:16,995 [5750f6fd-62ed-459f-9a73-135ca28be509@group-767134F6B288-FollowerState] INFO  impl.RoleInfo (RoleInfo.java:shutdownFollowerState(108)) - 5750f6fd-62ed-459f-9a73-135ca28be509: shutdown 5750f6fd-62ed-459f-9a73-135ca28be509@group-767134F6B288-FollowerState
2021-11-06 13:09:16,995 [5750f6fd-62ed-459f-9a73-135ca28be509@group-767134F6B288-FollowerState] INFO  server.RaftServer$Division (RaftServerImpl.java:setRole(290)) - 5750f6fd-62ed-459f-9a73-135ca28be509@group-767134F6B288: changes role from  FOLLOWER to CANDIDATE at term 1 for changeToCandidate
2021-11-06 13:09:16,995 [5750f6fd-62ed-459f-9a73-135ca28be509@group-767134F6B288-FollowerState] INFO  server.RaftServerConfigKeys (ConfUtils.java:logGet(44)) - raft.server.leaderelection.pre-vote = false (custom)
2021-11-06 13:09:16,995 [5750f6fd-62ed-459f-9a73-135ca28be509@group-767134F6B288-FollowerState] INFO  impl.RoleInfo (RoleInfo.java:updateAndGet(130)) - 5750f6fd-62ed-459f-9a73-135ca28be509: start 5750f6fd-62ed-459f-9a73-135ca28be509@group-767134F6B288-LeaderElection78
2021-11-06 13:09:17,012 [5750f6fd-62ed-459f-9a73-135ca28be509@group-767134F6B288-LeaderElection78] INFO  impl.LeaderElection (LeaderElection.java:askForVotes(306)) - 5750f6fd-62ed-459f-9a73-135ca28be509@group-767134F6B288-LeaderElection78 ELECTION round 0: submit vote requests at term 2 for -1: [a8ad8818-625e-4bd0-b4ed-3716b4b5c8f9|rpc:10.1.0.11:40631|dataStream:|priority:0, 8825a48f-3f68-4f9f-a5f1-6d0b8018f501|rpc:10.1.0.11:41601|dataStream:|priority:0, 5750f6fd-62ed-459f-9a73-135ca28be509|rpc:10.1.0.11:38801|dataStream:|priority:1], old=null
2021-11-06 13:09:17,067 [grpc-default-executor-3] INFO  server.RaftServer$Division (RaftServerImpl.java:requestVote(1046)) - a8ad8818-625e-4bd0-b4ed-3716b4b5c8f9@group-767134F6B288: receive requestVote(ELECTION, 5750f6fd-62ed-459f-9a73-135ca28be509, group-767134F6B288, 2, (t:0, i:0))
2021-11-06 13:09:17,068 [grpc-default-executor-3] INFO  impl.VoteContext (VoteContext.java:log(48)) - a8ad8818-625e-4bd0-b4ed-3716b4b5c8f9@group-767134F6B288-CANDIDATE: reject ELECTION from 5750f6fd-62ed-459f-9a73-135ca28be509: already has voted for a8ad8818-625e-4bd0-b4ed-3716b4b5c8f9 at current term 2
2021-11-06 13:09:17,068 [grpc-default-executor-3] INFO  server.RaftServer$Division (RaftServerImpl.java:requestVote(1078)) - a8ad8818-625e-4bd0-b4ed-3716b4b5c8f9@group-767134F6B288 replies to ELECTION vote request: 5750f6fd-62ed-459f-9a73-135ca28be509<-a8ad8818-625e-4bd0-b4ed-3716b4b5c8f9#0:FAIL-t2. Peer's state: a8ad8818-625e-4bd0-b4ed-3716b4b5c8f9@group-767134F6B288:t2, leader=null, voted=a8ad8818-625e-4bd0-b4ed-3716b4b5c8f9, raftlog=a8ad8818-625e-4bd0-b4ed-3716b4b5c8f9@group-767134F6B288-SegmentedRaftLog:OPENED:c-1, conf=-1: [a8ad8818-625e-4bd0-b4ed-3716b4b5c8f9|rpc:10.1.0.11:40631|priority:0, 8825a48f-3f68-4f9f-a5f1-6d0b8018f501|rpc:10.1.0.11:41601|priority:0, 5750f6fd-62ed-459f-9a73-135ca28be509|rpc:10.1.0.11:38801|priority:1], old=null
2021-11-06 13:09:17,074 [grpc-default-executor-1] INFO  server.RaftServer$Division (RaftServerImpl.java:requestVote(1046)) - 5750f6fd-62ed-459f-9a73-135ca28be509@group-767134F6B288: receive requestVote(ELECTION, a8ad8818-625e-4bd0-b4ed-3716b4b5c8f9, group-767134F6B288, 2, (t:0, i:0))
2021-11-06 13:09:17,074 [grpc-default-executor-1] INFO  impl.VoteContext (VoteContext.java:log(48)) - 5750f6fd-62ed-459f-9a73-135ca28be509@group-767134F6B288-CANDIDATE: reject ELECTION from a8ad8818-625e-4bd0-b4ed-3716b4b5c8f9: already has voted for 5750f6fd-62ed-459f-9a73-135ca28be509 at current term 2
2021-11-06 13:09:17,074 [grpc-default-executor-1] INFO  server.RaftServer$Division (RaftServerImpl.java:requestVote(1078)) - 5750f6fd-62ed-459f-9a73-135ca28be509@group-767134F6B288 replies to ELECTION vote request: a8ad8818-625e-4bd0-b4ed-3716b4b5c8f9<-5750f6fd-62ed-459f-9a73-135ca28be509#0:FAIL-t2. Peer's state: 5750f6fd-62ed-459f-9a73-135ca28be509@group-767134F6B288:t2, leader=null, voted=5750f6fd-62ed-459f-9a73-135ca28be509, raftlog=5750f6fd-62ed-459f-9a73-135ca28be509@group-767134F6B288-SegmentedRaftLog:OPENED:c-1, conf=-1: [a8ad8818-625e-4bd0-b4ed-3716b4b5c8f9|rpc:10.1.0.11:40631|dataStream:|priority:0, 8825a48f-3f68-4f9f-a5f1-6d0b8018f501|rpc:10.1.0.11:41601|dataStream:|priority:0, 5750f6fd-62ed-459f-9a73-135ca28be509|rpc:10.1.0.11:38801|dataStream:|priority:1], old=null
2021-11-06 13:09:17,081 [a8ad8818-625e-4bd0-b4ed-3716b4b5c8f9@group-767134F6B288-LeaderElection77] INFO  impl.LeaderElection (LeaderElection.java:logAndReturn(89)) - a8ad8818-625e-4bd0-b4ed-3716b4b5c8f9@group-767134F6B288-LeaderElection77: ELECTION REJECTED received 2 response(s) and 0 exception(s):
2021-11-06 13:09:17,081 [a8ad8818-625e-4bd0-b4ed-3716b4b5c8f9@group-767134F6B288-LeaderElection77] INFO  impl.LeaderElection (LeaderElection.java:logAndReturn(93)) -   Response 0: a8ad8818-625e-4bd0-b4ed-3716b4b5c8f9<-8825a48f-3f68-4f9f-a5f1-6d0b8018f501#0:OK-t2
2021-11-06 13:09:17,081 [a8ad8818-625e-4bd0-b4ed-3716b4b5c8f9@group-767134F6B288-LeaderElection77] INFO  impl.LeaderElection (LeaderElection.java:logAndReturn(93)) -   Response 1: a8ad8818-625e-4bd0-b4ed-3716b4b5c8f9<-5750f6fd-62ed-459f-9a73-135ca28be509#0:FAIL-t2
2021-11-06 13:09:17,081 [a8ad8818-625e-4bd0-b4ed-3716b4b5c8f9@group-767134F6B288-LeaderElection77] INFO  impl.LeaderElection (LeaderElection.java:askForVotes(308)) - a8ad8818-625e-4bd0-b4ed-3716b4b5c8f9@group-767134F6B288-LeaderElection77 ELECTION round 0: result REJECTED
2021-11-06 13:09:17,081 [a8ad8818-625e-4bd0-b4ed-3716b4b5c8f9@group-767134F6B288-LeaderElection77] INFO  server.RaftServer$Division (RaftServerImpl.java:setRole(290)) - a8ad8818-625e-4bd0-b4ed-3716b4b5c8f9@group-767134F6B288: changes role from CANDIDATE to FOLLOWER at term 2 for REJECTED
2021-11-06 13:09:17,081 [a8ad8818-625e-4bd0-b4ed-3716b4b5c8f9@group-767134F6B288-LeaderElection77] INFO  impl.RoleInfo (RoleInfo.java:shutdownLeaderElection(121)) - a8ad8818-625e-4bd0-b4ed-3716b4b5c8f9: shutdown a8ad8818-625e-4bd0-b4ed-3716b4b5c8f9@group-767134F6B288-LeaderElection77
2021-11-06 13:09:17,081 [a8ad8818-625e-4bd0-b4ed-3716b4b5c8f9@group-767134F6B288-LeaderElection77] INFO  impl.RoleInfo (RoleInfo.java:updateAndGet(130)) - a8ad8818-625e-4bd0-b4ed-3716b4b5c8f9: start a8ad8818-625e-4bd0-b4ed-3716b4b5c8f9@group-767134F6B288-FollowerState
2021-11-06 13:09:17,082 [grpc-default-executor-1] INFO  server.RaftServer$Division (RaftServerImpl.java:requestVote(1046)) - 8825a48f-3f68-4f9f-a5f1-6d0b8018f501@group-767134F6B288: receive requestVote(ELECTION, 5750f6fd-62ed-459f-9a73-135ca28be509, group-767134F6B288, 2, (t:0, i:0))
2021-11-06 13:09:17,082 [grpc-default-executor-1] INFO  impl.VoteContext (VoteContext.java:log(48)) - 8825a48f-3f68-4f9f-a5f1-6d0b8018f501@group-767134F6B288-FOLLOWER: reject ELECTION from 5750f6fd-62ed-459f-9a73-135ca28be509: already has voted for a8ad8818-625e-4bd0-b4ed-3716b4b5c8f9 at current term 2
2021-11-06 13:09:17,082 [grpc-default-executor-1] INFO  server.RaftServer$Division (RaftServerImpl.java:requestVote(1078)) - 8825a48f-3f68-4f9f-a5f1-6d0b8018f501@group-767134F6B288 replies to ELECTION vote request: 5750f6fd-62ed-459f-9a73-135ca28be509<-8825a48f-3f68-4f9f-a5f1-6d0b8018f501#0:FAIL-t2. Peer's state: 8825a48f-3f68-4f9f-a5f1-6d0b8018f501@group-767134F6B288:t2, leader=null, voted=a8ad8818-625e-4bd0-b4ed-3716b4b5c8f9, raftlog=8825a48f-3f68-4f9f-a5f1-6d0b8018f501@group-767134F6B288-SegmentedRaftLog:OPENED:c-1, conf=-1: [a8ad8818-625e-4bd0-b4ed-3716b4b5c8f9|rpc:10.1.0.11:40631|dataStream:|priority:0, 8825a48f-3f68-4f9f-a5f1-6d0b8018f501|rpc:10.1.0.11:41601|dataStream:|priority:0, 5750f6fd-62ed-459f-9a73-135ca28be509|rpc:10.1.0.11:38801|dataStream:|priority:1], old=null
2021-11-06 13:09:17,095 [5750f6fd-62ed-459f-9a73-135ca28be509@group-767134F6B288-LeaderElection78] INFO  impl.LeaderElection (LeaderElection.java:logAndReturn(89)) - 5750f6fd-62ed-459f-9a73-135ca28be509@group-767134F6B288-LeaderElection78: ELECTION REJECTED received 2 response(s) and 0 exception(s):
2021-11-06 13:09:17,095 [5750f6fd-62ed-459f-9a73-135ca28be509@group-767134F6B288-LeaderElection78] INFO  impl.LeaderElection (LeaderElection.java:logAndReturn(93)) -   Response 0: 5750f6fd-62ed-459f-9a73-135ca28be509<-a8ad8818-625e-4bd0-b4ed-3716b4b5c8f9#0:FAIL-t2
2021-11-06 13:09:17,095 [5750f6fd-62ed-459f-9a73-135ca28be509@group-767134F6B288-LeaderElection78] INFO  impl.LeaderElection (LeaderElection.java:logAndReturn(93)) -   Response 1: 5750f6fd-62ed-459f-9a73-135ca28be509<-8825a48f-3f68-4f9f-a5f1-6d0b8018f501#0:FAIL-t2
2021-11-06 13:09:17,096 [5750f6fd-62ed-459f-9a73-135ca28be509@group-767134F6B288-LeaderElection78] INFO  impl.LeaderElection (LeaderElection.java:askForVotes(308)) - 5750f6fd-62ed-459f-9a73-135ca28be509@group-767134F6B288-LeaderElection78 ELECTION round 0: result REJECTED
2021-11-06 13:09:17,096 [5750f6fd-62ed-459f-9a73-135ca28be509@group-767134F6B288-LeaderElection78] INFO  server.RaftServer$Division (RaftServerImpl.java:setRole(290)) - 5750f6fd-62ed-459f-9a73-135ca28be509@group-767134F6B288: changes role from CANDIDATE to FOLLOWER at term 2 for REJECTED
2021-11-06 13:09:17,096 [5750f6fd-62ed-459f-9a73-135ca28be509@group-767134F6B288-LeaderElection78] INFO  impl.RoleInfo (RoleInfo.java:shutdownLeaderElection(121)) - 5750f6fd-62ed-459f-9a73-135ca28be509: shutdown 5750f6fd-62ed-459f-9a73-135ca28be509@group-767134F6B288-LeaderElection78
2021-11-06 13:09:17,096 [5750f6fd-62ed-459f-9a73-135ca28be509@group-767134F6B288-LeaderElection78] INFO  impl.RoleInfo (RoleInfo.java:updateAndGet(130)) - 5750f6fd-62ed-459f-9a73-135ca28be509: start 5750f6fd-62ed-459f-9a73-135ca28be509@group-767134F6B288-FollowerState
2021-11-06 13:09:17,907 [Listener at 127.0.0.1/34591] INFO  ozone.MiniOzoneClusterImpl (MiniOzoneClusterImpl.java:lambda$waitForClusterToBeReady$0(235)) - Nodes are ready. Got 9 of 9 DN Heartbeats.
2021-11-06 13:09:17,910 [Listener at 127.0.0.1/34591] INFO  ozone.MiniOzoneClusterImpl (MiniOzoneClusterImpl.java:lambda$waitForClusterToBeReady$0(238)) - Waiting for cluster to exit safe mode
2021-11-06 13:09:17,910 [Listener at 127.0.0.1/34591] INFO  ozone.MiniOzoneClusterImpl (MiniOzoneClusterImpl.java:lambda$waitForClusterToBeReady$0(240)) - SCM became leader
2021-11-06 13:09:18,411 [ca2e1dc9-8c7f-42bc-b6bd-0370d79258f9@group-6EF6570EA239-FollowerState] INFO  impl.FollowerState (FollowerState.java:run(134)) - ca2e1dc9-8c7f-42bc-b6bd-0370d79258f9@group-6EF6570EA239-FollowerState: change to CANDIDATE, lastRpcElapsedTime:5115540230ns, electionTimeout:5064ms
2021-11-06 13:09:18,411 [ca2e1dc9-8c7f-42bc-b6bd-0370d79258f9@group-6EF6570EA239-FollowerState] INFO  impl.RoleInfo (RoleInfo.java:shutdownFollowerState(108)) - ca2e1dc9-8c7f-42bc-b6bd-0370d79258f9: shutdown ca2e1dc9-8c7f-42bc-b6bd-0370d79258f9@group-6EF6570EA239-FollowerState
2021-11-06 13:09:18,412 [ca2e1dc9-8c7f-42bc-b6bd-0370d79258f9@group-6EF6570EA239-FollowerState] INFO  server.RaftServer$Division (RaftServerImpl.java:setRole(290)) - ca2e1dc9-8c7f-42bc-b6bd-0370d79258f9@group-6EF6570EA239: changes role from  FOLLOWER to CANDIDATE at term 1 for changeToCandidate
2021-11-06 13:09:18,412 [ca2e1dc9-8c7f-42bc-b6bd-0370d79258f9@group-6EF6570EA239-FollowerState] INFO  server.RaftServerConfigKeys (ConfUtils.java:logGet(44)) - raft.server.leaderelection.pre-vote = false (custom)
2021-11-06 13:09:18,412 [ca2e1dc9-8c7f-42bc-b6bd-0370d79258f9@group-6EF6570EA239-FollowerState] INFO  impl.RoleInfo (RoleInfo.java:updateAndGet(130)) - ca2e1dc9-8c7f-42bc-b6bd-0370d79258f9: start ca2e1dc9-8c7f-42bc-b6bd-0370d79258f9@group-6EF6570EA239-LeaderElection79
2021-11-06 13:09:18,418 [ca2e1dc9-8c7f-42bc-b6bd-0370d79258f9@group-6EF6570EA239-LeaderElection79] INFO  impl.LeaderElection (LeaderElection.java:askForVotes(306)) - ca2e1dc9-8c7f-42bc-b6bd-0370d79258f9@group-6EF6570EA239-LeaderElection79 ELECTION round 0: submit vote requests at term 2 for -1: [0eaea5f5-6746-43ea-ac9f-09b1ebc824b6|rpc:10.1.0.11:39423|dataStream:|priority:0, 5935a206-a598-494c-a9e6-46da022b00dd|rpc:10.1.0.11:43005|dataStream:|priority:0, ca2e1dc9-8c7f-42bc-b6bd-0370d79258f9|rpc:10.1.0.11:38687|dataStream:|priority:1], old=null
2021-11-06 13:09:18,441 [grpc-default-executor-3] INFO  server.RaftServer$Division (RaftServerImpl.java:requestVote(1046)) - 0eaea5f5-6746-43ea-ac9f-09b1ebc824b6@group-6EF6570EA239: receive requestVote(ELECTION, ca2e1dc9-8c7f-42bc-b6bd-0370d79258f9, group-6EF6570EA239, 2, (t:0, i:0))
2021-11-06 13:09:18,441 [grpc-default-executor-3] INFO  impl.VoteContext (VoteContext.java:log(48)) - 0eaea5f5-6746-43ea-ac9f-09b1ebc824b6@group-6EF6570EA239-FOLLOWER: accept ELECTION from ca2e1dc9-8c7f-42bc-b6bd-0370d79258f9: our priority 0 <= candidate's priority 1
2021-11-06 13:09:18,441 [grpc-default-executor-3] INFO  server.RaftServer$Division (RaftServerImpl.java:setRole(290)) - 0eaea5f5-6746-43ea-ac9f-09b1ebc824b6@group-6EF6570EA239: changes role from  FOLLOWER to FOLLOWER at term 2 for candidate:ca2e1dc9-8c7f-42bc-b6bd-0370d79258f9
2021-11-06 13:09:18,441 [grpc-default-executor-3] INFO  impl.RoleInfo (RoleInfo.java:shutdownFollowerState(108)) - 0eaea5f5-6746-43ea-ac9f-09b1ebc824b6: shutdown 0eaea5f5-6746-43ea-ac9f-09b1ebc824b6@group-6EF6570EA239-FollowerState
2021-11-06 13:09:18,442 [grpc-default-executor-3] INFO  impl.RoleInfo (RoleInfo.java:updateAndGet(130)) - 0eaea5f5-6746-43ea-ac9f-09b1ebc824b6: start 0eaea5f5-6746-43ea-ac9f-09b1ebc824b6@group-6EF6570EA239-FollowerState
2021-11-06 13:09:18,442 [0eaea5f5-6746-43ea-ac9f-09b1ebc824b6@group-6EF6570EA239-FollowerState] INFO  impl.FollowerState (FollowerState.java:run(143)) - 0eaea5f5-6746-43ea-ac9f-09b1ebc824b6@group-6EF6570EA239-FollowerState was interrupted: {}
java.lang.InterruptedException: sleep interrupted
	at java.lang.Thread.sleep(Native Method)
	at java.lang.Thread.sleep(Thread.java:340)
	at java.util.concurrent.TimeUnit.sleep(TimeUnit.java:386)
	at org.apache.ratis.util.TimeDuration.sleep(TimeDuration.java:324)
	at org.apache.ratis.util.TimeDuration.sleep(TimeDuration.java:309)
	at org.apache.ratis.server.impl.FollowerState.run(FollowerState.java:118)
2021-11-06 13:09:18,444 [grpc-default-executor-3] INFO  server.RaftServer$Division (RaftServerImpl.java:requestVote(1078)) - 0eaea5f5-6746-43ea-ac9f-09b1ebc824b6@group-6EF6570EA239 replies to ELECTION vote request: ca2e1dc9-8c7f-42bc-b6bd-0370d79258f9<-0eaea5f5-6746-43ea-ac9f-09b1ebc824b6#0:OK-t2. Peer's state: 0eaea5f5-6746-43ea-ac9f-09b1ebc824b6@group-6EF6570EA239:t2, leader=null, voted=ca2e1dc9-8c7f-42bc-b6bd-0370d79258f9, raftlog=0eaea5f5-6746-43ea-ac9f-09b1ebc824b6@group-6EF6570EA239-SegmentedRaftLog:OPENED:c-1, conf=-1: [0eaea5f5-6746-43ea-ac9f-09b1ebc824b6|rpc:10.1.0.11:39423|priority:0, 5935a206-a598-494c-a9e6-46da022b00dd|rpc:10.1.0.11:43005|priority:0, ca2e1dc9-8c7f-42bc-b6bd-0370d79258f9|rpc:10.1.0.11:38687|priority:1], old=null
2021-11-06 13:09:18,448 [ca2e1dc9-8c7f-42bc-b6bd-0370d79258f9@group-6EF6570EA239-LeaderElection79] INFO  impl.LeaderElection (LeaderElection.java:logAndReturn(89)) - ca2e1dc9-8c7f-42bc-b6bd-0370d79258f9@group-6EF6570EA239-LeaderElection79: ELECTION PASSED received 1 response(s) and 0 exception(s):
2021-11-06 13:09:18,448 [ca2e1dc9-8c7f-42bc-b6bd-0370d79258f9@group-6EF6570EA239-LeaderElection79] INFO  impl.LeaderElection (LeaderElection.java:logAndReturn(93)) -   Response 0: ca2e1dc9-8c7f-42bc-b6bd-0370d79258f9<-0eaea5f5-6746-43ea-ac9f-09b1ebc824b6#0:OK-t2
2021-11-06 13:09:18,448 [ca2e1dc9-8c7f-42bc-b6bd-0370d79258f9@group-6EF6570EA239-LeaderElection79] INFO  impl.LeaderElection (LeaderElection.java:askForVotes(308)) - ca2e1dc9-8c7f-42bc-b6bd-0370d79258f9@group-6EF6570EA239-LeaderElection79 ELECTION round 0: result PASSED
2021-11-06 13:09:18,448 [ca2e1dc9-8c7f-42bc-b6bd-0370d79258f9@group-6EF6570EA239-LeaderElection79] INFO  impl.RoleInfo (RoleInfo.java:shutdownLeaderElection(121)) - ca2e1dc9-8c7f-42bc-b6bd-0370d79258f9: shutdown ca2e1dc9-8c7f-42bc-b6bd-0370d79258f9@group-6EF6570EA239-LeaderElection79
2021-11-06 13:09:18,448 [ca2e1dc9-8c7f-42bc-b6bd-0370d79258f9@group-6EF6570EA239-LeaderElection79] INFO  server.RaftServer$Division (RaftServerImpl.java:setRole(290)) - ca2e1dc9-8c7f-42bc-b6bd-0370d79258f9@group-6EF6570EA239: changes role from CANDIDATE to LEADER at term 2 for changeToLeader
2021-11-06 13:09:18,448 [ca2e1dc9-8c7f-42bc-b6bd-0370d79258f9@group-6EF6570EA239-LeaderElection79] INFO  ratis.XceiverServerRatis (XceiverServerRatis.java:handleLeaderChangedNotification(866)) - Leader change notification received for group: group-6EF6570EA239 with new leaderId: ca2e1dc9-8c7f-42bc-b6bd-0370d79258f9
2021-11-06 13:09:18,448 [ca2e1dc9-8c7f-42bc-b6bd-0370d79258f9@group-6EF6570EA239-LeaderElection79] INFO  server.RaftServer$Division (ServerState.java:setLeader(285)) - ca2e1dc9-8c7f-42bc-b6bd-0370d79258f9@group-6EF6570EA239: change Leader from null to ca2e1dc9-8c7f-42bc-b6bd-0370d79258f9 at term 2 for becomeLeader, leader elected after 10072ms
2021-11-06 13:09:18,448 [ca2e1dc9-8c7f-42bc-b6bd-0370d79258f9@group-6EF6570EA239-LeaderElection79] INFO  server.RaftServerConfigKeys (ConfUtils.java:logGet(44)) - raft.server.staging.catchup.gap = 1000 (default)
2021-11-06 13:09:18,449 [ca2e1dc9-8c7f-42bc-b6bd-0370d79258f9@group-6EF6570EA239-LeaderElection79] INFO  server.RaftServerConfigKeys (ConfUtils.java:logGet(44)) - raft.server.write.element-limit = 1024 (custom)
2021-11-06 13:09:18,449 [ca2e1dc9-8c7f-42bc-b6bd-0370d79258f9@group-6EF6570EA239-LeaderElection79] INFO  server.RaftServerConfigKeys (ConfUtils.java:logGet(44)) - raft.server.write.byte-limit = 1024 M (=1073741824) (custom)
2021-11-06 13:09:18,449 [ca2e1dc9-8c7f-42bc-b6bd-0370d79258f9@group-6EF6570EA239-LeaderElection79] INFO  server.RaftServerConfigKeys (ConfUtils.java:logGet(44)) - raft.server.watch.timeout = 3000ms (custom)
2021-11-06 13:09:18,449 [ca2e1dc9-8c7f-42bc-b6bd-0370d79258f9@group-6EF6570EA239-LeaderElection79] INFO  server.RaftServerConfigKeys (ConfUtils.java:logGet(44)) - raft.server.watch.timeout.denomination = 1s (default)
2021-11-06 13:09:18,449 [ca2e1dc9-8c7f-42bc-b6bd-0370d79258f9@group-6EF6570EA239-LeaderElection79] INFO  server.RaftServerConfigKeys (ConfUtils.java:logGet(44)) - raft.server.watch.element-limit = 65536 (default)
2021-11-06 13:09:18,449 [ca2e1dc9-8c7f-42bc-b6bd-0370d79258f9@group-6EF6570EA239-LeaderElection79] INFO  server.RaftServerConfigKeys (ConfUtils.java:logGet(44)) - raft.server.write.element-limit = 1024 (custom)
2021-11-06 13:09:18,449 [ca2e1dc9-8c7f-42bc-b6bd-0370d79258f9@group-6EF6570EA239-LeaderElection79] INFO  server.RaftServerConfigKeys (ConfUtils.java:logGet(44)) - raft.server.write.follower.gap.ratio.max = -1.0 (default)
2021-11-06 13:09:18,450 [ca2e1dc9-8c7f-42bc-b6bd-0370d79258f9@group-6EF6570EA239-LeaderElection79] INFO  server.RaftServerConfigKeys (ConfUtils.java:logGet(44)) - raft.server.log.appender.snapshot.chunk.size.max = 16MB (=16777216) (default)
2021-11-06 13:09:18,450 [ca2e1dc9-8c7f-42bc-b6bd-0370d79258f9@group-6EF6570EA239-LeaderElection79] INFO  server.RaftServerConfigKeys (ConfUtils.java:logGet(44)) - raft.server.log.appender.buffer.byte-limit = 33554432 (custom)
2021-11-06 13:09:18,450 [ca2e1dc9-8c7f-42bc-b6bd-0370d79258f9@group-6EF6570EA239-LeaderElection79] INFO  server.RaftServerConfigKeys (ConfUtils.java:logGet(44)) - raft.server.log.appender.buffer.element-limit = 1 (custom)
2021-11-06 13:09:18,450 [ca2e1dc9-8c7f-42bc-b6bd-0370d79258f9@group-6EF6570EA239-LeaderElection79] INFO  grpc.GrpcConfigKeys (ConfUtils.java:logGet(44)) - raft.grpc.server.leader.outstanding.appends.max = 128 (default)
2021-11-06 13:09:18,450 [ca2e1dc9-8c7f-42bc-b6bd-0370d79258f9@group-6EF6570EA239-LeaderElection79] INFO  server.RaftServerConfigKeys (ConfUtils.java:logGet(44)) - raft.server.rpc.request.timeout = 3000ms (default)
2021-11-06 13:09:18,450 [ca2e1dc9-8c7f-42bc-b6bd-0370d79258f9@group-6EF6570EA239-LeaderElection79] INFO  server.RaftServerConfigKeys (ConfUtils.java:logGet(44)) - raft.server.log.appender.install.snapshot.enabled = false (custom)
2021-11-06 13:09:18,472 [ca2e1dc9-8c7f-42bc-b6bd-0370d79258f9@group-6EF6570EA239-LeaderElection79] INFO  server.RaftServerConfigKeys (ConfUtils.java:logGet(44)) - raft.server.log.appender.snapshot.chunk.size.max = 16MB (=16777216) (default)
2021-11-06 13:09:18,472 [ca2e1dc9-8c7f-42bc-b6bd-0370d79258f9@group-6EF6570EA239-LeaderElection79] INFO  server.RaftServerConfigKeys (ConfUtils.java:logGet(44)) - raft.server.log.appender.buffer.byte-limit = 33554432 (custom)
2021-11-06 13:09:18,472 [ca2e1dc9-8c7f-42bc-b6bd-0370d79258f9@group-6EF6570EA239-LeaderElection79] INFO  server.RaftServerConfigKeys (ConfUtils.java:logGet(44)) - raft.server.log.appender.buffer.element-limit = 1 (custom)
2021-11-06 13:09:18,473 [ca2e1dc9-8c7f-42bc-b6bd-0370d79258f9@group-6EF6570EA239-LeaderElection79] INFO  grpc.GrpcConfigKeys (ConfUtils.java:logGet(44)) - raft.grpc.server.leader.outstanding.appends.max = 128 (default)
2021-11-06 13:09:18,473 [ca2e1dc9-8c7f-42bc-b6bd-0370d79258f9@group-6EF6570EA239-LeaderElection79] INFO  server.RaftServerConfigKeys (ConfUtils.java:logGet(44)) - raft.server.rpc.request.timeout = 3000ms (default)
2021-11-06 13:09:18,473 [ca2e1dc9-8c7f-42bc-b6bd-0370d79258f9@group-6EF6570EA239-LeaderElection79] INFO  server.RaftServerConfigKeys (ConfUtils.java:logGet(44)) - raft.server.log.appender.install.snapshot.enabled = false (custom)
2021-11-06 13:09:18,480 [ca2e1dc9-8c7f-42bc-b6bd-0370d79258f9@group-6EF6570EA239-LeaderElection79] INFO  impl.RoleInfo (RoleInfo.java:updateAndGet(130)) - ca2e1dc9-8c7f-42bc-b6bd-0370d79258f9: start ca2e1dc9-8c7f-42bc-b6bd-0370d79258f9@group-6EF6570EA239-LeaderStateImpl
2021-11-06 13:09:18,483 [grpc-default-executor-3] INFO  server.RaftServer$Division (RaftServerImpl.java:requestVote(1046)) - 5935a206-a598-494c-a9e6-46da022b00dd@group-6EF6570EA239: receive requestVote(ELECTION, ca2e1dc9-8c7f-42bc-b6bd-0370d79258f9, group-6EF6570EA239, 2, (t:0, i:0))
2021-11-06 13:09:18,482 [EventQueue-PipelineReportForPipelineReportHandler] INFO  pipeline.PipelineManagerImpl (PipelineManagerImpl.java:openPipeline(289)) - Pipeline Pipeline[ Id: eab537b7-d333-43c5-8191-6ef6570ea239, Nodes: 0eaea5f5-6746-43ea-ac9f-09b1ebc824b6{ip: 10.1.0.11, host: fv-az151-875.yf2hydr00wburbhx3j5hxtcipe.bx.internal.cloudapp.net, ports: [REPLICATION=40705, RATIS=39423, RATIS_ADMIN=39423, RATIS_SERVER=39423, STANDALONE=35071], networkLocation: /default-rack, certSerialId: null, persistedOpState: IN_SERVICE, persistedOpStateExpiryEpochSec: 0}5935a206-a598-494c-a9e6-46da022b00dd{ip: 10.1.0.11, host: fv-az151-875.yf2hydr00wburbhx3j5hxtcipe.bx.internal.cloudapp.net, ports: [REPLICATION=42981, RATIS=43005, RATIS_ADMIN=43005, RATIS_SERVER=43005, STANDALONE=40415], networkLocation: /default-rack, certSerialId: null, persistedOpState: IN_SERVICE, persistedOpStateExpiryEpochSec: 0}ca2e1dc9-8c7f-42bc-b6bd-0370d79258f9{ip: 10.1.0.11, host: fv-az151-875.yf2hydr00wburbhx3j5hxtcipe.bx.internal.cloudapp.net, ports: [REPLICATION=42051, RATIS=38687, RATIS_ADMIN=38687, RATIS_SERVER=38687, STANDALONE=41431], networkLocation: /default-rack, certSerialId: null, persistedOpState: IN_SERVICE, persistedOpStateExpiryEpochSec: 0}, ReplicationConfig: RATIS/THREE, State:ALLOCATED, leaderId:ca2e1dc9-8c7f-42bc-b6bd-0370d79258f9, CreationTimestamp2021-11-06T13:09:05.966Z[Etc/UTC]] moved to OPEN state
2021-11-06 13:09:18,483 [grpc-default-executor-3] INFO  impl.VoteContext (VoteContext.java:log(48)) - 5935a206-a598-494c-a9e6-46da022b00dd@group-6EF6570EA239-FOLLOWER: accept ELECTION from ca2e1dc9-8c7f-42bc-b6bd-0370d79258f9: our priority 0 <= candidate's priority 1
2021-11-06 13:09:18,483 [grpc-default-executor-3] INFO  server.RaftServer$Division (RaftServerImpl.java:setRole(290)) - 5935a206-a598-494c-a9e6-46da022b00dd@group-6EF6570EA239: changes role from  FOLLOWER to FOLLOWER at term 2 for candidate:ca2e1dc9-8c7f-42bc-b6bd-0370d79258f9
2021-11-06 13:09:18,483 [grpc-default-executor-3] INFO  impl.RoleInfo (RoleInfo.java:shutdownFollowerState(108)) - 5935a206-a598-494c-a9e6-46da022b00dd: shutdown 5935a206-a598-494c-a9e6-46da022b00dd@group-6EF6570EA239-FollowerState
2021-11-06 13:09:18,483 [grpc-default-executor-3] INFO  impl.RoleInfo (RoleInfo.java:updateAndGet(130)) - 5935a206-a598-494c-a9e6-46da022b00dd: start 5935a206-a598-494c-a9e6-46da022b00dd@group-6EF6570EA239-FollowerState
2021-11-06 13:09:18,484 [EventQueue-OpenPipelineForHealthyPipelineSafeModeRule] INFO  safemode.SCMSafeModeManager (HealthyPipelineSafeModeRule.java:process(124)) - SCM in safe mode. Healthy pipelines reported count is 1, required healthy pipeline reported count is 1
2021-11-06 13:09:18,484 [EventQueue-OpenPipelineForHealthyPipelineSafeModeRule] INFO  safemode.SCMSafeModeManager (SCMSafeModeManager.java:validateSafeModeExitRules(204)) - HealthyPipelineSafeModeRule rule is successfully validated
2021-11-06 13:09:18,484 [EventQueue-OpenPipelineForHealthyPipelineSafeModeRule] INFO  safemode.SCMSafeModeManager (SCMSafeModeManager.java:validateSafeModeExitRules(219)) - ScmSafeModeManager, all rules are successfully validated
2021-11-06 13:09:18,484 [EventQueue-OpenPipelineForHealthyPipelineSafeModeRule] INFO  safemode.SCMSafeModeManager (SCMSafeModeManager.java:exitSafeMode(248)) - SCM exiting safe mode.
2021-11-06 13:09:18,484 [EventQueue-OpenPipelineForHealthyPipelineSafeModeRule] WARN  events.EventQueue (EventQueue.java:fireEvent(194)) - No event handler registered for event TypedEvent{payloadType=SafeModeStatus, name='Safe mode status'}
2021-11-06 13:09:18,484 [EventQueue-OpenPipelineForHealthyPipelineSafeModeRule] INFO  ha.SCMContext (SCMContext.java:updateSafeModeStatus(205)) - Update SafeModeStatus from SafeModeStatus{safeModeStatus=true, preCheckPassed=true} to SafeModeStatus{safeModeStatus=false, preCheckPassed=true}.
2021-11-06 13:09:18,484 [EventQueue-OpenPipelineForHealthyPipelineSafeModeRule] INFO  pipeline.BackgroundPipelineCreator (BackgroundPipelineCreator.java:notifyStatusChanged(264)) - Service BackgroundPipelineCreator transitions to RUNNING.
2021-11-06 13:09:18,484 [EventQueue-OpenPipelineForHealthyPipelineSafeModeRule] INFO  container.ReplicationManager (ReplicationManager.java:notifyStatusChanged(1746)) - Service ReplicationManager transitions to RUNNING.
2021-11-06 13:09:18,485 [ca2e1dc9-8c7f-42bc-b6bd-0370d79258f9@group-6EF6570EA239-LeaderElection79] INFO  segmented.SegmentedRaftLogWorker (SegmentedRaftLogWorker.java:startLogSegment(394)) - ca2e1dc9-8c7f-42bc-b6bd-0370d79258f9@group-6EF6570EA239-SegmentedRaftLogWorker: Starting segment from index:0
2021-11-06 13:09:18,487 [ca2e1dc9-8c7f-42bc-b6bd-0370d79258f9@group-6EF6570EA239-SegmentedRaftLogWorker] INFO  segmented.SegmentedRaftLogWorker (SegmentedRaftLogWorker.java:execute(601)) - ca2e1dc9-8c7f-42bc-b6bd-0370d79258f9@group-6EF6570EA239-SegmentedRaftLogWorker: created new log segment /home/runner/work/ozone/ozone/hadoop-ozone/integration-test/target/test-dir/MiniOzoneClusterImpl-57fe1d17-8f30-476a-a64a-953d5983e20c/datanode-7/data/ratis/eab537b7-d333-43c5-8191-6ef6570ea239/current/log_inprogress_0
2021-11-06 13:09:18,488 [grpc-default-executor-3] INFO  server.RaftServer$Division (RaftServerImpl.java:requestVote(1078)) - 5935a206-a598-494c-a9e6-46da022b00dd@group-6EF6570EA239 replies to ELECTION vote request: ca2e1dc9-8c7f-42bc-b6bd-0370d79258f9<-5935a206-a598-494c-a9e6-46da022b00dd#0:OK-t2. Peer's state: 5935a206-a598-494c-a9e6-46da022b00dd@group-6EF6570EA239:t2, leader=null, voted=ca2e1dc9-8c7f-42bc-b6bd-0370d79258f9, raftlog=5935a206-a598-494c-a9e6-46da022b00dd@group-6EF6570EA239-SegmentedRaftLog:OPENED:c-1, conf=-1: [0eaea5f5-6746-43ea-ac9f-09b1ebc824b6|rpc:10.1.0.11:39423|dataStream:|priority:0, 5935a206-a598-494c-a9e6-46da022b00dd|rpc:10.1.0.11:43005|dataStream:|priority:0, ca2e1dc9-8c7f-42bc-b6bd-0370d79258f9|rpc:10.1.0.11:38687|dataStream:|priority:1], old=null
2021-11-06 13:09:18,504 [5935a206-a598-494c-a9e6-46da022b00dd@group-6EF6570EA239-FollowerState] INFO  impl.FollowerState (FollowerState.java:run(134)) - 5935a206-a598-494c-a9e6-46da022b00dd@group-6EF6570EA239-FollowerState: change to CANDIDATE, lastRpcElapsedTime:5209406162ns, electionTimeout:5186ms
2021-11-06 13:09:18,504 [5935a206-a598-494c-a9e6-46da022b00dd@group-6EF6570EA239-FollowerState] INFO  impl.RoleInfo (RoleInfo.java:shutdownFollowerState(108)) - 5935a206-a598-494c-a9e6-46da022b00dd: shutdown 5935a206-a598-494c-a9e6-46da022b00dd@group-6EF6570EA239-FollowerState
2021-11-06 13:09:18,504 [5935a206-a598-494c-a9e6-46da022b00dd@group-6EF6570EA239-FollowerState] INFO  server.RaftServer$Division (RaftServerImpl.java:setRole(290)) - 5935a206-a598-494c-a9e6-46da022b00dd@group-6EF6570EA239: changes role from  FOLLOWER to CANDIDATE at term 2 for changeToCandidate
2021-11-06 13:09:18,505 [5935a206-a598-494c-a9e6-46da022b00dd@group-6EF6570EA239-FollowerState] INFO  server.RaftServerConfigKeys (ConfUtils.java:logGet(44)) - raft.server.leaderelection.pre-vote = false (custom)
2021-11-06 13:09:18,505 [5935a206-a598-494c-a9e6-46da022b00dd@group-6EF6570EA239-FollowerState] INFO  impl.RoleInfo (RoleInfo.java:updateAndGet(130)) - 5935a206-a598-494c-a9e6-46da022b00dd: start 5935a206-a598-494c-a9e6-46da022b00dd@group-6EF6570EA239-LeaderElection80
2021-11-06 13:09:18,507 [5935a206-a598-494c-a9e6-46da022b00dd@group-6EF6570EA239-LeaderElection80] INFO  impl.LeaderElection (LeaderElection.java:askForVotes(306)) - 5935a206-a598-494c-a9e6-46da022b00dd@group-6EF6570EA239-LeaderElection80 ELECTION round 0: submit vote requests at term 3 for -1: [0eaea5f5-6746-43ea-ac9f-09b1ebc824b6|rpc:10.1.0.11:39423|dataStream:|priority:0, 5935a206-a598-494c-a9e6-46da022b00dd|rpc:10.1.0.11:43005|dataStream:|priority:0, ca2e1dc9-8c7f-42bc-b6bd-0370d79258f9|rpc:10.1.0.11:38687|dataStream:|priority:1], old=null
2021-11-06 13:09:18,512 [5935a206-a598-494c-a9e6-46da022b00dd@group-6EF6570EA239-FollowerState] INFO  impl.FollowerState (FollowerState.java:run(143)) - 5935a206-a598-494c-a9e6-46da022b00dd@group-6EF6570EA239-FollowerState was interrupted: {}
java.lang.InterruptedException: sleep interrupted
	at java.lang.Thread.sleep(Native Method)
	at java.lang.Thread.sleep(Thread.java:340)
	at java.util.concurrent.TimeUnit.sleep(TimeUnit.java:386)
	at org.apache.ratis.util.TimeDuration.sleep(TimeDuration.java:324)
	at org.apache.ratis.util.TimeDuration.sleep(TimeDuration.java:309)
	at org.apache.ratis.server.impl.FollowerState.run(FollowerState.java:118)
2021-11-06 13:09:18,529 [ca2e1dc9-8c7f-42bc-b6bd-0370d79258f9@group-6EF6570EA239-LeaderElection79] INFO  server.RaftServer$Division (ServerState.java:setRaftConf(387)) - ca2e1dc9-8c7f-42bc-b6bd-0370d79258f9@group-6EF6570EA239: set configuration 0: [0eaea5f5-6746-43ea-ac9f-09b1ebc824b6|rpc:10.1.0.11:39423|dataStream:|priority:0, 5935a206-a598-494c-a9e6-46da022b00dd|rpc:10.1.0.11:43005|dataStream:|priority:0, ca2e1dc9-8c7f-42bc-b6bd-0370d79258f9|rpc:10.1.0.11:38687|dataStream:|priority:1], old=null
2021-11-06 13:09:18,579 [grpc-default-executor-1] INFO  server.RaftServer$Division (RaftServerImpl.java:requestVote(1046)) - ca2e1dc9-8c7f-42bc-b6bd-0370d79258f9@group-6EF6570EA239: receive requestVote(ELECTION, 5935a206-a598-494c-a9e6-46da022b00dd, group-6EF6570EA239, 3, (t:0, i:0))
2021-11-06 13:09:18,581 [grpc-default-executor-4] INFO  server.RaftServer$Division (RaftServerImpl.java:requestVote(1046)) - 0eaea5f5-6746-43ea-ac9f-09b1ebc824b6@group-6EF6570EA239: receive requestVote(ELECTION, 5935a206-a598-494c-a9e6-46da022b00dd, group-6EF6570EA239, 3, (t:0, i:0))
2021-11-06 13:09:18,581 [grpc-default-executor-4] INFO  impl.VoteContext (VoteContext.java:log(48)) - 0eaea5f5-6746-43ea-ac9f-09b1ebc824b6@group-6EF6570EA239-FOLLOWER: accept ELECTION from 5935a206-a598-494c-a9e6-46da022b00dd: our priority 0 <= candidate's priority 0
2021-11-06 13:09:18,581 [grpc-default-executor-4] INFO  server.RaftServer$Division (RaftServerImpl.java:setRole(290)) - 0eaea5f5-6746-43ea-ac9f-09b1ebc824b6@group-6EF6570EA239: changes role from  FOLLOWER to FOLLOWER at term 3 for candidate:5935a206-a598-494c-a9e6-46da022b00dd
2021-11-06 13:09:18,581 [grpc-default-executor-4] INFO  impl.RoleInfo (RoleInfo.java:shutdownFollowerState(108)) - 0eaea5f5-6746-43ea-ac9f-09b1ebc824b6: shutdown 0eaea5f5-6746-43ea-ac9f-09b1ebc824b6@group-6EF6570EA239-FollowerState
2021-11-06 13:09:18,581 [grpc-default-executor-4] INFO  impl.RoleInfo (RoleInfo.java:updateAndGet(130)) - 0eaea5f5-6746-43ea-ac9f-09b1ebc824b6: start 0eaea5f5-6746-43ea-ac9f-09b1ebc824b6@group-6EF6570EA239-FollowerState
2021-11-06 13:09:18,581 [0eaea5f5-6746-43ea-ac9f-09b1ebc824b6@group-6EF6570EA239-FollowerState] INFO  impl.FollowerState (FollowerState.java:run(143)) - 0eaea5f5-6746-43ea-ac9f-09b1ebc824b6@group-6EF6570EA239-FollowerState was interrupted: {}
java.lang.InterruptedException: sleep interrupted
	at java.lang.Thread.sleep(Native Method)
	at java.lang.Thread.sleep(Thread.java:340)
	at java.util.concurrent.TimeUnit.sleep(TimeUnit.java:386)
	at org.apache.ratis.util.TimeDuration.sleep(TimeDuration.java:324)
	at org.apache.ratis.util.TimeDuration.sleep(TimeDuration.java:309)
	at org.apache.ratis.server.impl.FollowerState.run(FollowerState.java:118)
2021-11-06 13:09:18,597 [grpc-default-executor-4] INFO  server.RaftServer$Division (RaftServerImpl.java:requestVote(1078)) - 0eaea5f5-6746-43ea-ac9f-09b1ebc824b6@group-6EF6570EA239 replies to ELECTION vote request: 5935a206-a598-494c-a9e6-46da022b00dd<-0eaea5f5-6746-43ea-ac9f-09b1ebc824b6#0:OK-t3. Peer's state: 0eaea5f5-6746-43ea-ac9f-09b1ebc824b6@group-6EF6570EA239:t3, leader=null, voted=5935a206-a598-494c-a9e6-46da022b00dd, raftlog=0eaea5f5-6746-43ea-ac9f-09b1ebc824b6@group-6EF6570EA239-SegmentedRaftLog:OPENED:c-1, conf=-1: [0eaea5f5-6746-43ea-ac9f-09b1ebc824b6|rpc:10.1.0.11:39423|priority:0, 5935a206-a598-494c-a9e6-46da022b00dd|rpc:10.1.0.11:43005|priority:0, ca2e1dc9-8c7f-42bc-b6bd-0370d79258f9|rpc:10.1.0.11:38687|priority:1], old=null
2021-11-06 13:09:18,618 [grpc-default-executor-1] INFO  impl.VoteContext (VoteContext.java:log(48)) - ca2e1dc9-8c7f-42bc-b6bd-0370d79258f9@group-6EF6570EA239-LEADER: reject ELECTION from 5935a206-a598-494c-a9e6-46da022b00dd: our last entry (t:2, i:0) > candidate's last entry (t:0, i:0)
2021-11-06 13:09:18,618 [grpc-default-executor-1] INFO  server.RaftServer$Division (ServerState.java:setLeader(285)) - ca2e1dc9-8c7f-42bc-b6bd-0370d79258f9@group-6EF6570EA239: change Leader from ca2e1dc9-8c7f-42bc-b6bd-0370d79258f9 to null at term 3 for updateCurrentTerm
2021-11-06 13:09:18,618 [grpc-default-executor-1] INFO  server.RaftServer$Division (RaftServerImpl.java:setRole(290)) - ca2e1dc9-8c7f-42bc-b6bd-0370d79258f9@group-6EF6570EA239: changes role from    LEADER to FOLLOWER at term 3 for candidate:5935a206-a598-494c-a9e6-46da022b00dd
2021-11-06 13:09:18,618 [grpc-default-executor-1] INFO  impl.RoleInfo (RoleInfo.java:shutdownLeaderState(91)) - ca2e1dc9-8c7f-42bc-b6bd-0370d79258f9: shutdown ca2e1dc9-8c7f-42bc-b6bd-0370d79258f9@group-6EF6570EA239-LeaderStateImpl
2021-11-06 13:09:18,618 [ca2e1dc9-8c7f-42bc-b6bd-0370d79258f9@group-6EF6570EA239->5935a206-a598-494c-a9e6-46da022b00dd-GrpcLogAppender-LogAppenderDaemon] WARN  server.GrpcLogAppender (GrpcLogAppender.java:mayWait(177)) - ca2e1dc9-8c7f-42bc-b6bd-0370d79258f9@group-6EF6570EA239->5935a206-a598-494c-a9e6-46da022b00dd-GrpcLogAppender: Wait interrupted by java.lang.InterruptedException
2021-11-06 13:09:18,627 [grpc-default-executor-1] INFO  impl.PendingRequests (PendingRequests.java:sendNotLeaderResponses(282)) - ca2e1dc9-8c7f-42bc-b6bd-0370d79258f9@group-6EF6570EA239-PendingRequests: sendNotLeaderResponses
2021-11-06 13:09:18,630 [ca2e1dc9-8c7f-42bc-b6bd-0370d79258f9@group-6EF6570EA239->0eaea5f5-6746-43ea-ac9f-09b1ebc824b6-GrpcLogAppender-LogAppenderDaemon] WARN  server.GrpcLogAppender (GrpcLogAppender.java:mayWait(177)) - ca2e1dc9-8c7f-42bc-b6bd-0370d79258f9@group-6EF6570EA239->0eaea5f5-6746-43ea-ac9f-09b1ebc824b6-GrpcLogAppender: Wait interrupted by java.lang.InterruptedException
2021-11-06 13:09:18,633 [grpc-default-executor-4] INFO  server.GrpcServerProtocolService (GrpcServerProtocolService.java:onCompleted(140)) - 5935a206-a598-494c-a9e6-46da022b00dd: Completed APPEND_ENTRIES, lastRequest: ca2e1dc9-8c7f-42bc-b6bd-0370d79258f9->5935a206-a598-494c-a9e6-46da022b00dd#1-t2,previous=(t:0, i:0),leaderCommit=0,initializing? true,entries: size=1, first=(t:2, i:0), CONFIGURATIONENTRY
2021-11-06 13:09:18,650 [grpc-default-executor-1] INFO  impl.RoleInfo (RoleInfo.java:updateAndGet(130)) - ca2e1dc9-8c7f-42bc-b6bd-0370d79258f9: start ca2e1dc9-8c7f-42bc-b6bd-0370d79258f9@group-6EF6570EA239-FollowerState
2021-11-06 13:09:18,651 [grpc-default-executor-3] INFO  server.GrpcServerProtocolService (GrpcServerProtocolService.java:onCompleted(140)) - 0eaea5f5-6746-43ea-ac9f-09b1ebc824b6: Completed APPEND_ENTRIES, lastRequest: ca2e1dc9-8c7f-42bc-b6bd-0370d79258f9->0eaea5f5-6746-43ea-ac9f-09b1ebc824b6#1-t2,previous=(t:0, i:0),leaderCommit=0,initializing? true,entries: size=1, first=(t:2, i:0), CONFIGURATIONENTRY
2021-11-06 13:09:18,675 [grpc-default-executor-1] INFO  server.RaftServer$Division (RaftServerImpl.java:requestVote(1078)) - ca2e1dc9-8c7f-42bc-b6bd-0370d79258f9@group-6EF6570EA239 replies to ELECTION vote request: 5935a206-a598-494c-a9e6-46da022b00dd<-ca2e1dc9-8c7f-42bc-b6bd-0370d79258f9#0:FAIL-t3. Peer's state: ca2e1dc9-8c7f-42bc-b6bd-0370d79258f9@group-6EF6570EA239:t3, leader=null, voted=null, raftlog=ca2e1dc9-8c7f-42bc-b6bd-0370d79258f9@group-6EF6570EA239-SegmentedRaftLog:OPENED:c0, conf=0: [0eaea5f5-6746-43ea-ac9f-09b1ebc824b6|rpc:10.1.0.11:39423|dataStream:|priority:0, 5935a206-a598-494c-a9e6-46da022b00dd|rpc:10.1.0.11:43005|dataStream:|priority:0, ca2e1dc9-8c7f-42bc-b6bd-0370d79258f9|rpc:10.1.0.11:38687|dataStream:|priority:1], old=null
2021-11-06 13:09:18,682 [5935a206-a598-494c-a9e6-46da022b00dd@group-6EF6570EA239-LeaderElection80] INFO  impl.LeaderElection (LeaderElection.java:logAndReturn(89)) - 5935a206-a598-494c-a9e6-46da022b00dd@group-6EF6570EA239-LeaderElection80: ELECTION REJECTED received 2 response(s) and 0 exception(s):
2021-11-06 13:09:18,682 [5935a206-a598-494c-a9e6-46da022b00dd@group-6EF6570EA239-LeaderElection80] INFO  impl.LeaderElection (LeaderElection.java:logAndReturn(93)) -   Response 0: 5935a206-a598-494c-a9e6-46da022b00dd<-0eaea5f5-6746-43ea-ac9f-09b1ebc824b6#0:OK-t3
2021-11-06 13:09:18,682 [5935a206-a598-494c-a9e6-46da022b00dd@group-6EF6570EA239-LeaderElection80] INFO  impl.LeaderElection (LeaderElection.java:logAndReturn(93)) -   Response 1: 5935a206-a598-494c-a9e6-46da022b00dd<-ca2e1dc9-8c7f-42bc-b6bd-0370d79258f9#0:FAIL-t3
2021-11-06 13:09:18,682 [5935a206-a598-494c-a9e6-46da022b00dd@group-6EF6570EA239-LeaderElection80] INFO  impl.LeaderElection (LeaderElection.java:askForVotes(308)) - 5935a206-a598-494c-a9e6-46da022b00dd@group-6EF6570EA239-LeaderElection80 ELECTION round 0: result REJECTED
2021-11-06 13:09:18,682 [5935a206-a598-494c-a9e6-46da022b00dd@group-6EF6570EA239-LeaderElection80] INFO  server.RaftServer$Division (RaftServerImpl.java:setRole(290)) - 5935a206-a598-494c-a9e6-46da022b00dd@group-6EF6570EA239: changes role from CANDIDATE to FOLLOWER at term 3 for REJECTED
2021-11-06 13:09:18,682 [5935a206-a598-494c-a9e6-46da022b00dd@group-6EF6570EA239-LeaderElection80] INFO  impl.RoleInfo (RoleInfo.java:shutdownLeaderElection(121)) - 5935a206-a598-494c-a9e6-46da022b00dd: shutdown 5935a206-a598-494c-a9e6-46da022b00dd@group-6EF6570EA239-LeaderElection80
2021-11-06 13:09:18,682 [5935a206-a598-494c-a9e6-46da022b00dd@group-6EF6570EA239-LeaderElection80] INFO  impl.RoleInfo (RoleInfo.java:updateAndGet(130)) - 5935a206-a598-494c-a9e6-46da022b00dd: start 5935a206-a598-494c-a9e6-46da022b00dd@group-6EF6570EA239-FollowerState
2021-11-06 13:09:18,705 [grpc-default-executor-4] INFO  server.GrpcLogAppender (GrpcLogAppender.java:onCompleted(346)) - ca2e1dc9-8c7f-42bc-b6bd-0370d79258f9@group-6EF6570EA239->5935a206-a598-494c-a9e6-46da022b00dd-AppendLogResponseHandler: follower responses appendEntries COMPLETED
2021-11-06 13:09:18,705 [grpc-default-executor-5] INFO  server.GrpcLogAppender (GrpcLogAppender.java:onCompleted(346)) - ca2e1dc9-8c7f-42bc-b6bd-0370d79258f9@group-6EF6570EA239->0eaea5f5-6746-43ea-ac9f-09b1ebc824b6-AppendLogResponseHandler: follower responses appendEntries COMPLETED
2021-11-06 13:09:18,705 [grpc-default-executor-4] INFO  leader.FollowerInfo (FollowerInfoImpl.java:lambda$new$0(47)) - ca2e1dc9-8c7f-42bc-b6bd-0370d79258f9@group-6EF6570EA239->5935a206-a598-494c-a9e6-46da022b00dd: nextIndex: updateUnconditionally 1 -> 0
2021-11-06 13:09:18,705 [grpc-default-executor-5] INFO  leader.FollowerInfo (FollowerInfoImpl.java:lambda$new$0(47)) - ca2e1dc9-8c7f-42bc-b6bd-0370d79258f9@group-6EF6570EA239->0eaea5f5-6746-43ea-ac9f-09b1ebc824b6: nextIndex: updateUnconditionally 1 -> 0
2021-11-06 13:09:18,910 [Listener at 127.0.0.1/34591] INFO  ozone.MiniOzoneClusterImpl (MiniOzoneClusterImpl.java:lambda$waitForClusterToBeReady$0(235)) - Nodes are ready. Got 9 of 9 DN Heartbeats.
2021-11-06 13:09:18,910 [Listener at 127.0.0.1/34591] INFO  ozone.MiniOzoneClusterImpl (MiniOzoneClusterImpl.java:lambda$waitForClusterToBeReady$0(238)) - Cluster exits safe mode
2021-11-06 13:09:18,910 [Listener at 127.0.0.1/34591] INFO  ozone.MiniOzoneClusterImpl (MiniOzoneClusterImpl.java:lambda$waitForClusterToBeReady$0(240)) - SCM became leader
2021-11-06 13:09:18,944 [Listener at 127.0.0.1/34591] INFO  rpc.RpcClient (RpcClient.java:createVolume(343)) - Creating Volume: watchforcommithandlingtest, with runner as owner and space quota set to -1 bytes, counts quota set to -1
2021-11-06 13:09:18,969 [OM StateMachine ApplyTransaction Thread - 0] INFO  volume.OMVolumeCreateRequest (OMVolumeCreateRequest.java:validateAndUpdateCache(195)) - created volume:watchforcommithandlingtest for user:runner
2021-11-06 13:09:18,998 [Listener at 127.0.0.1/34591] INFO  rpc.RpcClient (RpcClient.java:createBucket(503)) - Creating Bucket: watchforcommithandlingtest/watchforcommithandlingtest, with Versioning false and Storage Type set to DISK and Encryption set to false 
2021-11-06 13:09:19,017 [Listener at 127.0.0.1/34591] INFO  ozone.MiniOzoneClusterImpl (MiniOzoneClusterImpl.java:getStorageContainerLocationClient(346)) - Creating StorageContainerLocationProtocol RPC client with address /0.0.0.0:43611
2021-11-06 13:09:19,069 [IPC Server handler 19 on default port 43611] INFO  ha.SequenceIdGenerator (SequenceIdGenerator.java:getNextId(127)) - Allocate a batch for containerId, change lastId from 0 to 1000.
2021-11-06 13:09:20,945 [414c08ff-7683-4e40-9ba7-4aaff37af58e@group-950F038C74EB-FollowerState] INFO  impl.FollowerState (FollowerState.java:run(134)) - 414c08ff-7683-4e40-9ba7-4aaff37af58e@group-950F038C74EB-FollowerState: change to CANDIDATE, lastRpcElapsedTime:5187646980ns, electionTimeout:5179ms
2021-11-06 13:09:20,945 [414c08ff-7683-4e40-9ba7-4aaff37af58e@group-950F038C74EB-FollowerState] INFO  impl.RoleInfo (RoleInfo.java:shutdownFollowerState(108)) - 414c08ff-7683-4e40-9ba7-4aaff37af58e: shutdown 414c08ff-7683-4e40-9ba7-4aaff37af58e@group-950F038C74EB-FollowerState
2021-11-06 13:09:20,945 [414c08ff-7683-4e40-9ba7-4aaff37af58e@group-950F038C74EB-FollowerState] INFO  server.RaftServer$Division (RaftServerImpl.java:setRole(290)) - 414c08ff-7683-4e40-9ba7-4aaff37af58e@group-950F038C74EB: changes role from  FOLLOWER to CANDIDATE at term 2 for changeToCandidate
2021-11-06 13:09:20,945 [414c08ff-7683-4e40-9ba7-4aaff37af58e@group-950F038C74EB-FollowerState] INFO  server.RaftServerConfigKeys (ConfUtils.java:logGet(44)) - raft.server.leaderelection.pre-vote = false (custom)
2021-11-06 13:09:20,945 [414c08ff-7683-4e40-9ba7-4aaff37af58e@group-950F038C74EB-FollowerState] INFO  impl.RoleInfo (RoleInfo.java:updateAndGet(130)) - 414c08ff-7683-4e40-9ba7-4aaff37af58e: start 414c08ff-7683-4e40-9ba7-4aaff37af58e@group-950F038C74EB-LeaderElection81
2021-11-06 13:09:20,954 [4d122ed7-1d51-49b3-a564-9cc0800ef9b5@group-950F038C74EB-FollowerState] INFO  impl.FollowerState (FollowerState.java:run(134)) - 4d122ed7-1d51-49b3-a564-9cc0800ef9b5@group-950F038C74EB-FollowerState: change to CANDIDATE, lastRpcElapsedTime:5205484424ns, electionTimeout:5199ms
2021-11-06 13:09:20,954 [4d122ed7-1d51-49b3-a564-9cc0800ef9b5@group-950F038C74EB-FollowerState] INFO  impl.RoleInfo (RoleInfo.java:shutdownFollowerState(108)) - 4d122ed7-1d51-49b3-a564-9cc0800ef9b5: shutdown 4d122ed7-1d51-49b3-a564-9cc0800ef9b5@group-950F038C74EB-FollowerState
2021-11-06 13:09:20,954 [4d122ed7-1d51-49b3-a564-9cc0800ef9b5@group-950F038C74EB-FollowerState] INFO  server.RaftServer$Division (RaftServerImpl.java:setRole(290)) - 4d122ed7-1d51-49b3-a564-9cc0800ef9b5@group-950F038C74EB: changes role from  FOLLOWER to CANDIDATE at term 2 for changeToCandidate
2021-11-06 13:09:20,954 [4d122ed7-1d51-49b3-a564-9cc0800ef9b5@group-950F038C74EB-FollowerState] INFO  server.RaftServerConfigKeys (ConfUtils.java:logGet(44)) - raft.server.leaderelection.pre-vote = false (custom)
2021-11-06 13:09:20,954 [4d122ed7-1d51-49b3-a564-9cc0800ef9b5@group-950F038C74EB-FollowerState] INFO  impl.RoleInfo (RoleInfo.java:updateAndGet(130)) - 4d122ed7-1d51-49b3-a564-9cc0800ef9b5: start 4d122ed7-1d51-49b3-a564-9cc0800ef9b5@group-950F038C74EB-LeaderElection82
2021-11-06 13:09:20,955 [414c08ff-7683-4e40-9ba7-4aaff37af58e@group-950F038C74EB-LeaderElection81] INFO  impl.LeaderElection (LeaderElection.java:askForVotes(306)) - 414c08ff-7683-4e40-9ba7-4aaff37af58e@group-950F038C74EB-LeaderElection81 ELECTION round 0: submit vote requests at term 3 for -1: [4d122ed7-1d51-49b3-a564-9cc0800ef9b5|rpc:10.1.0.11:44073|dataStream:|priority:1, 414c08ff-7683-4e40-9ba7-4aaff37af58e|rpc:10.1.0.11:42123|dataStream:|priority:0, 41301224-b672-4531-af78-b462410ab6ac|rpc:10.1.0.11:45193|dataStream:|priority:0], old=null
2021-11-06 13:09:20,983 [4d122ed7-1d51-49b3-a564-9cc0800ef9b5@group-950F038C74EB-LeaderElection82] INFO  impl.LeaderElection (LeaderElection.java:askForVotes(306)) - 4d122ed7-1d51-49b3-a564-9cc0800ef9b5@group-950F038C74EB-LeaderElection82 ELECTION round 0: submit vote requests at term 3 for -1: [4d122ed7-1d51-49b3-a564-9cc0800ef9b5|rpc:10.1.0.11:44073|dataStream:|priority:1, 414c08ff-7683-4e40-9ba7-4aaff37af58e|rpc:10.1.0.11:42123|dataStream:|priority:0, 41301224-b672-4531-af78-b462410ab6ac|rpc:10.1.0.11:45193|dataStream:|priority:0], old=null
2021-11-06 13:09:20,984 [grpc-default-executor-5] INFO  server.RaftServer$Division (RaftServerImpl.java:requestVote(1046)) - 4d122ed7-1d51-49b3-a564-9cc0800ef9b5@group-950F038C74EB: receive requestVote(ELECTION, 414c08ff-7683-4e40-9ba7-4aaff37af58e, group-950F038C74EB, 3, (t:0, i:0))
2021-11-06 13:09:20,984 [grpc-default-executor-5] INFO  impl.VoteContext (VoteContext.java:log(48)) - 4d122ed7-1d51-49b3-a564-9cc0800ef9b5@group-950F038C74EB-CANDIDATE: reject ELECTION from 414c08ff-7683-4e40-9ba7-4aaff37af58e: already has voted for 4d122ed7-1d51-49b3-a564-9cc0800ef9b5 at current term 3
2021-11-06 13:09:20,984 [grpc-default-executor-5] INFO  server.RaftServer$Division (RaftServerImpl.java:requestVote(1078)) - 4d122ed7-1d51-49b3-a564-9cc0800ef9b5@group-950F038C74EB replies to ELECTION vote request: 414c08ff-7683-4e40-9ba7-4aaff37af58e<-4d122ed7-1d51-49b3-a564-9cc0800ef9b5#0:FAIL-t3. Peer's state: 4d122ed7-1d51-49b3-a564-9cc0800ef9b5@group-950F038C74EB:t3, leader=null, voted=4d122ed7-1d51-49b3-a564-9cc0800ef9b5, raftlog=4d122ed7-1d51-49b3-a564-9cc0800ef9b5@group-950F038C74EB-SegmentedRaftLog:OPENED:c-1, conf=-1: [4d122ed7-1d51-49b3-a564-9cc0800ef9b5|rpc:10.1.0.11:44073|dataStream:|priority:1, 414c08ff-7683-4e40-9ba7-4aaff37af58e|rpc:10.1.0.11:42123|dataStream:|priority:0, 41301224-b672-4531-af78-b462410ab6ac|rpc:10.1.0.11:45193|dataStream:|priority:0], old=null
2021-11-06 13:09:20,989 [grpc-default-executor-5] INFO  server.RaftServer$Division (RaftServerImpl.java:requestVote(1046)) - 41301224-b672-4531-af78-b462410ab6ac@group-950F038C74EB: receive requestVote(ELECTION, 414c08ff-7683-4e40-9ba7-4aaff37af58e, group-950F038C74EB, 3, (t:0, i:0))
2021-11-06 13:09:20,989 [grpc-default-executor-5] INFO  impl.VoteContext (VoteContext.java:log(48)) - 41301224-b672-4531-af78-b462410ab6ac@group-950F038C74EB-FOLLOWER: accept ELECTION from 414c08ff-7683-4e40-9ba7-4aaff37af58e: our priority 0 <= candidate's priority 0
2021-11-06 13:09:20,989 [grpc-default-executor-5] INFO  server.RaftServer$Division (RaftServerImpl.java:setRole(290)) - 41301224-b672-4531-af78-b462410ab6ac@group-950F038C74EB: changes role from  FOLLOWER to FOLLOWER at term 3 for candidate:414c08ff-7683-4e40-9ba7-4aaff37af58e
2021-11-06 13:09:20,989 [grpc-default-executor-5] INFO  impl.RoleInfo (RoleInfo.java:shutdownFollowerState(108)) - 41301224-b672-4531-af78-b462410ab6ac: shutdown 41301224-b672-4531-af78-b462410ab6ac@group-950F038C74EB-FollowerState
2021-11-06 13:09:21,014 [41301224-b672-4531-af78-b462410ab6ac@group-950F038C74EB-FollowerState] INFO  impl.FollowerState (FollowerState.java:run(143)) - 41301224-b672-4531-af78-b462410ab6ac@group-950F038C74EB-FollowerState was interrupted: {}
java.lang.InterruptedException: sleep interrupted
	at java.lang.Thread.sleep(Native Method)
	at java.lang.Thread.sleep(Thread.java:340)
	at java.util.concurrent.TimeUnit.sleep(TimeUnit.java:386)
	at org.apache.ratis.util.TimeDuration.sleep(TimeDuration.java:324)
	at org.apache.ratis.util.TimeDuration.sleep(TimeDuration.java:309)
	at org.apache.ratis.server.impl.FollowerState.run(FollowerState.java:118)
2021-11-06 13:09:21,014 [grpc-default-executor-5] INFO  impl.RoleInfo (RoleInfo.java:updateAndGet(130)) - 41301224-b672-4531-af78-b462410ab6ac: start 41301224-b672-4531-af78-b462410ab6ac@group-950F038C74EB-FollowerState
2021-11-06 13:09:21,020 [grpc-default-executor-4] INFO  server.RaftServer$Division (RaftServerImpl.java:requestVote(1046)) - 414c08ff-7683-4e40-9ba7-4aaff37af58e@group-950F038C74EB: receive requestVote(ELECTION, 4d122ed7-1d51-49b3-a564-9cc0800ef9b5, group-950F038C74EB, 3, (t:0, i:0))
2021-11-06 13:09:21,020 [grpc-default-executor-4] INFO  impl.VoteContext (VoteContext.java:log(48)) - 414c08ff-7683-4e40-9ba7-4aaff37af58e@group-950F038C74EB-CANDIDATE: reject ELECTION from 4d122ed7-1d51-49b3-a564-9cc0800ef9b5: already has voted for 414c08ff-7683-4e40-9ba7-4aaff37af58e at current term 3
2021-11-06 13:09:21,021 [grpc-default-executor-4] INFO  server.RaftServer$Division (RaftServerImpl.java:requestVote(1078)) - 414c08ff-7683-4e40-9ba7-4aaff37af58e@group-950F038C74EB replies to ELECTION vote request: 4d122ed7-1d51-49b3-a564-9cc0800ef9b5<-414c08ff-7683-4e40-9ba7-4aaff37af58e#0:FAIL-t3. Peer's state: 414c08ff-7683-4e40-9ba7-4aaff37af58e@group-950F038C74EB:t3, leader=null, voted=414c08ff-7683-4e40-9ba7-4aaff37af58e, raftlog=414c08ff-7683-4e40-9ba7-4aaff37af58e@group-950F038C74EB-SegmentedRaftLog:OPENED:c-1, conf=-1: [4d122ed7-1d51-49b3-a564-9cc0800ef9b5|rpc:10.1.0.11:44073|dataStream:|priority:1, 414c08ff-7683-4e40-9ba7-4aaff37af58e|rpc:10.1.0.11:42123|dataStream:|priority:0, 41301224-b672-4531-af78-b462410ab6ac|rpc:10.1.0.11:45193|dataStream:|priority:0], old=null
2021-11-06 13:09:21,040 [414c08ff-7683-4e40-9ba7-4aaff37af58e@group-950F038C74EB-LeaderElection81] INFO  impl.LeaderElection (LeaderElection.java:logAndReturn(89)) - 414c08ff-7683-4e40-9ba7-4aaff37af58e@group-950F038C74EB-LeaderElection81: ELECTION REJECTED received 1 response(s) and 0 exception(s):
2021-11-06 13:09:21,041 [414c08ff-7683-4e40-9ba7-4aaff37af58e@group-950F038C74EB-LeaderElection81] INFO  impl.LeaderElection (LeaderElection.java:logAndReturn(93)) -   Response 0: 414c08ff-7683-4e40-9ba7-4aaff37af58e<-4d122ed7-1d51-49b3-a564-9cc0800ef9b5#0:FAIL-t3
2021-11-06 13:09:21,041 [414c08ff-7683-4e40-9ba7-4aaff37af58e@group-950F038C74EB-LeaderElection81] INFO  impl.LeaderElection (LeaderElection.java:askForVotes(308)) - 414c08ff-7683-4e40-9ba7-4aaff37af58e@group-950F038C74EB-LeaderElection81 ELECTION round 0: result REJECTED
2021-11-06 13:09:21,041 [414c08ff-7683-4e40-9ba7-4aaff37af58e@group-950F038C74EB-LeaderElection81] INFO  server.RaftServer$Division (RaftServerImpl.java:setRole(290)) - 414c08ff-7683-4e40-9ba7-4aaff37af58e@group-950F038C74EB: changes role from CANDIDATE to FOLLOWER at term 3 for REJECTED
2021-11-06 13:09:21,041 [414c08ff-7683-4e40-9ba7-4aaff37af58e@group-950F038C74EB-LeaderElection81] INFO  impl.RoleInfo (RoleInfo.java:shutdownLeaderElection(121)) - 414c08ff-7683-4e40-9ba7-4aaff37af58e: shutdown 414c08ff-7683-4e40-9ba7-4aaff37af58e@group-950F038C74EB-LeaderElection81
2021-11-06 13:09:21,041 [414c08ff-7683-4e40-9ba7-4aaff37af58e@group-950F038C74EB-LeaderElection81] INFO  impl.RoleInfo (RoleInfo.java:updateAndGet(130)) - 414c08ff-7683-4e40-9ba7-4aaff37af58e: start 414c08ff-7683-4e40-9ba7-4aaff37af58e@group-950F038C74EB-FollowerState
2021-11-06 13:09:21,052 [grpc-default-executor-5] INFO  server.RaftServer$Division (RaftServerImpl.java:requestVote(1078)) - 41301224-b672-4531-af78-b462410ab6ac@group-950F038C74EB replies to ELECTION vote request: 414c08ff-7683-4e40-9ba7-4aaff37af58e<-41301224-b672-4531-af78-b462410ab6ac#0:OK-t3. Peer's state: 41301224-b672-4531-af78-b462410ab6ac@group-950F038C74EB:t3, leader=null, voted=414c08ff-7683-4e40-9ba7-4aaff37af58e, raftlog=41301224-b672-4531-af78-b462410ab6ac@group-950F038C74EB-SegmentedRaftLog:OPENED:c-1, conf=-1: [4d122ed7-1d51-49b3-a564-9cc0800ef9b5|rpc:10.1.0.11:44073|priority:1, 414c08ff-7683-4e40-9ba7-4aaff37af58e|rpc:10.1.0.11:42123|priority:0, 41301224-b672-4531-af78-b462410ab6ac|rpc:10.1.0.11:45193|priority:0], old=null
2021-11-06 13:09:21,063 [grpc-default-executor-5] INFO  server.RaftServer$Division (RaftServerImpl.java:requestVote(1046)) - 41301224-b672-4531-af78-b462410ab6ac@group-950F038C74EB: receive requestVote(ELECTION, 4d122ed7-1d51-49b3-a564-9cc0800ef9b5, group-950F038C74EB, 3, (t:0, i:0))
2021-11-06 13:09:21,063 [grpc-default-executor-5] INFO  impl.VoteContext (VoteContext.java:log(48)) - 41301224-b672-4531-af78-b462410ab6ac@group-950F038C74EB-FOLLOWER: reject ELECTION from 4d122ed7-1d51-49b3-a564-9cc0800ef9b5: already has voted for 414c08ff-7683-4e40-9ba7-4aaff37af58e at current term 3
2021-11-06 13:09:21,063 [grpc-default-executor-5] INFO  server.RaftServer$Division (RaftServerImpl.java:requestVote(1078)) - 41301224-b672-4531-af78-b462410ab6ac@group-950F038C74EB replies to ELECTION vote request: 4d122ed7-1d51-49b3-a564-9cc0800ef9b5<-41301224-b672-4531-af78-b462410ab6ac#0:FAIL-t3. Peer's state: 41301224-b672-4531-af78-b462410ab6ac@group-950F038C74EB:t3, leader=null, voted=414c08ff-7683-4e40-9ba7-4aaff37af58e, raftlog=41301224-b672-4531-af78-b462410ab6ac@group-950F038C74EB-SegmentedRaftLog:OPENED:c-1, conf=-1: [4d122ed7-1d51-49b3-a564-9cc0800ef9b5|rpc:10.1.0.11:44073|priority:1, 414c08ff-7683-4e40-9ba7-4aaff37af58e|rpc:10.1.0.11:42123|priority:0, 41301224-b672-4531-af78-b462410ab6ac|rpc:10.1.0.11:45193|priority:0], old=null
2021-11-06 13:09:21,065 [4d122ed7-1d51-49b3-a564-9cc0800ef9b5@group-950F038C74EB-LeaderElection82] INFO  impl.LeaderElection (LeaderElection.java:logAndReturn(89)) - 4d122ed7-1d51-49b3-a564-9cc0800ef9b5@group-950F038C74EB-LeaderElection82: ELECTION REJECTED received 2 response(s) and 0 exception(s):
2021-11-06 13:09:21,065 [4d122ed7-1d51-49b3-a564-9cc0800ef9b5@group-950F038C74EB-LeaderElection82] INFO  impl.LeaderElection (LeaderElection.java:logAndReturn(93)) -   Response 0: 4d122ed7-1d51-49b3-a564-9cc0800ef9b5<-414c08ff-7683-4e40-9ba7-4aaff37af58e#0:FAIL-t3
2021-11-06 13:09:21,065 [4d122ed7-1d51-49b3-a564-9cc0800ef9b5@group-950F038C74EB-LeaderElection82] INFO  impl.LeaderElection (LeaderElection.java:logAndReturn(93)) -   Response 1: 4d122ed7-1d51-49b3-a564-9cc0800ef9b5<-41301224-b672-4531-af78-b462410ab6ac#0:FAIL-t3
2021-11-06 13:09:21,065 [4d122ed7-1d51-49b3-a564-9cc0800ef9b5@group-950F038C74EB-LeaderElection82] INFO  impl.LeaderElection (LeaderElection.java:askForVotes(308)) - 4d122ed7-1d51-49b3-a564-9cc0800ef9b5@group-950F038C74EB-LeaderElection82 ELECTION round 0: result REJECTED
2021-11-06 13:09:21,065 [4d122ed7-1d51-49b3-a564-9cc0800ef9b5@group-950F038C74EB-LeaderElection82] INFO  server.RaftServer$Division (RaftServerImpl.java:setRole(290)) - 4d122ed7-1d51-49b3-a564-9cc0800ef9b5@group-950F038C74EB: changes role from CANDIDATE to FOLLOWER at term 3 for REJECTED
2021-11-06 13:09:21,065 [4d122ed7-1d51-49b3-a564-9cc0800ef9b5@group-950F038C74EB-LeaderElection82] INFO  impl.RoleInfo (RoleInfo.java:shutdownLeaderElection(121)) - 4d122ed7-1d51-49b3-a564-9cc0800ef9b5: shutdown 4d122ed7-1d51-49b3-a564-9cc0800ef9b5@group-950F038C74EB-LeaderElection82
2021-11-06 13:09:21,065 [4d122ed7-1d51-49b3-a564-9cc0800ef9b5@group-950F038C74EB-LeaderElection82] INFO  impl.RoleInfo (RoleInfo.java:updateAndGet(130)) - 4d122ed7-1d51-49b3-a564-9cc0800ef9b5: start 4d122ed7-1d51-49b3-a564-9cc0800ef9b5@group-950F038C74EB-FollowerState
2021-11-06 13:09:22,220 [5750f6fd-62ed-459f-9a73-135ca28be509@group-767134F6B288-FollowerState] INFO  impl.FollowerState (FollowerState.java:run(134)) - 5750f6fd-62ed-459f-9a73-135ca28be509@group-767134F6B288-FollowerState: change to CANDIDATE, lastRpcElapsedTime:5124152208ns, electionTimeout:5117ms
2021-11-06 13:09:22,220 [5750f6fd-62ed-459f-9a73-135ca28be509@group-767134F6B288-FollowerState] INFO  impl.RoleInfo (RoleInfo.java:shutdownFollowerState(108)) - 5750f6fd-62ed-459f-9a73-135ca28be509: shutdown 5750f6fd-62ed-459f-9a73-135ca28be509@group-767134F6B288-FollowerState
2021-11-06 13:09:22,220 [5750f6fd-62ed-459f-9a73-135ca28be509@group-767134F6B288-FollowerState] INFO  server.RaftServer$Division (RaftServerImpl.java:setRole(290)) - 5750f6fd-62ed-459f-9a73-135ca28be509@group-767134F6B288: changes role from  FOLLOWER to CANDIDATE at term 2 for changeToCandidate
2021-11-06 13:09:22,220 [5750f6fd-62ed-459f-9a73-135ca28be509@group-767134F6B288-FollowerState] INFO  server.RaftServerConfigKeys (ConfUtils.java:logGet(44)) - raft.server.leaderelection.pre-vote = false (custom)
2021-11-06 13:09:22,220 [5750f6fd-62ed-459f-9a73-135ca28be509@group-767134F6B288-FollowerState] INFO  impl.RoleInfo (RoleInfo.java:updateAndGet(130)) - 5750f6fd-62ed-459f-9a73-135ca28be509: start 5750f6fd-62ed-459f-9a73-135ca28be509@group-767134F6B288-LeaderElection83
2021-11-06 13:09:22,227 [5750f6fd-62ed-459f-9a73-135ca28be509@group-767134F6B288-LeaderElection83] INFO  impl.LeaderElection (LeaderElection.java:askForVotes(306)) - 5750f6fd-62ed-459f-9a73-135ca28be509@group-767134F6B288-LeaderElection83 ELECTION round 0: submit vote requests at term 3 for -1: [a8ad8818-625e-4bd0-b4ed-3716b4b5c8f9|rpc:10.1.0.11:40631|dataStream:|priority:0, 8825a48f-3f68-4f9f-a5f1-6d0b8018f501|rpc:10.1.0.11:41601|dataStream:|priority:0, 5750f6fd-62ed-459f-9a73-135ca28be509|rpc:10.1.0.11:38801|dataStream:|priority:1], old=null
2021-11-06 13:09:22,229 [grpc-default-executor-5] INFO  server.RaftServer$Division (RaftServerImpl.java:requestVote(1046)) - a8ad8818-625e-4bd0-b4ed-3716b4b5c8f9@group-767134F6B288: receive requestVote(ELECTION, 5750f6fd-62ed-459f-9a73-135ca28be509, group-767134F6B288, 3, (t:0, i:0))
2021-11-06 13:09:22,229 [grpc-default-executor-5] INFO  impl.VoteContext (VoteContext.java:log(48)) - a8ad8818-625e-4bd0-b4ed-3716b4b5c8f9@group-767134F6B288-FOLLOWER: accept ELECTION from 5750f6fd-62ed-459f-9a73-135ca28be509: our priority 0 <= candidate's priority 1
2021-11-06 13:09:22,229 [grpc-default-executor-5] INFO  server.RaftServer$Division (RaftServerImpl.java:setRole(290)) - a8ad8818-625e-4bd0-b4ed-3716b4b5c8f9@group-767134F6B288: changes role from  FOLLOWER to FOLLOWER at term 3 for candidate:5750f6fd-62ed-459f-9a73-135ca28be509
2021-11-06 13:09:22,229 [grpc-default-executor-5] INFO  impl.RoleInfo (RoleInfo.java:shutdownFollowerState(108)) - a8ad8818-625e-4bd0-b4ed-3716b4b5c8f9: shutdown a8ad8818-625e-4bd0-b4ed-3716b4b5c8f9@group-767134F6B288-FollowerState
2021-11-06 13:09:22,230 [grpc-default-executor-5] INFO  impl.RoleInfo (RoleInfo.java:updateAndGet(130)) - a8ad8818-625e-4bd0-b4ed-3716b4b5c8f9: start a8ad8818-625e-4bd0-b4ed-3716b4b5c8f9@group-767134F6B288-FollowerState
2021-11-06 13:09:22,230 [a8ad8818-625e-4bd0-b4ed-3716b4b5c8f9@group-767134F6B288-FollowerState] INFO  impl.FollowerState (FollowerState.java:run(143)) - a8ad8818-625e-4bd0-b4ed-3716b4b5c8f9@group-767134F6B288-FollowerState was interrupted: {}
java.lang.InterruptedException: sleep interrupted
	at java.lang.Thread.sleep(Native Method)
	at java.lang.Thread.sleep(Thread.java:340)
	at java.util.concurrent.TimeUnit.sleep(TimeUnit.java:386)
	at org.apache.ratis.util.TimeDuration.sleep(TimeDuration.java:324)
	at org.apache.ratis.util.TimeDuration.sleep(TimeDuration.java:309)
	at org.apache.ratis.server.impl.FollowerState.run(FollowerState.java:118)
2021-11-06 13:09:22,233 [grpc-default-executor-5] INFO  server.RaftServer$Division (RaftServerImpl.java:requestVote(1078)) - a8ad8818-625e-4bd0-b4ed-3716b4b5c8f9@group-767134F6B288 replies to ELECTION vote request: 5750f6fd-62ed-459f-9a73-135ca28be509<-a8ad8818-625e-4bd0-b4ed-3716b4b5c8f9#0:OK-t3. Peer's state: a8ad8818-625e-4bd0-b4ed-3716b4b5c8f9@group-767134F6B288:t3, leader=null, voted=5750f6fd-62ed-459f-9a73-135ca28be509, raftlog=a8ad8818-625e-4bd0-b4ed-3716b4b5c8f9@group-767134F6B288-SegmentedRaftLog:OPENED:c-1, conf=-1: [a8ad8818-625e-4bd0-b4ed-3716b4b5c8f9|rpc:10.1.0.11:40631|priority:0, 8825a48f-3f68-4f9f-a5f1-6d0b8018f501|rpc:10.1.0.11:41601|priority:0, 5750f6fd-62ed-459f-9a73-135ca28be509|rpc:10.1.0.11:38801|priority:1], old=null
2021-11-06 13:09:22,235 [5750f6fd-62ed-459f-9a73-135ca28be509@group-767134F6B288-LeaderElection83] INFO  impl.LeaderElection (LeaderElection.java:logAndReturn(89)) - 5750f6fd-62ed-459f-9a73-135ca28be509@group-767134F6B288-LeaderElection83: ELECTION PASSED received 1 response(s) and 0 exception(s):
2021-11-06 13:09:22,235 [5750f6fd-62ed-459f-9a73-135ca28be509@group-767134F6B288-LeaderElection83] INFO  impl.LeaderElection (LeaderElection.java:logAndReturn(93)) -   Response 0: 5750f6fd-62ed-459f-9a73-135ca28be509<-a8ad8818-625e-4bd0-b4ed-3716b4b5c8f9#0:OK-t3
2021-11-06 13:09:22,235 [5750f6fd-62ed-459f-9a73-135ca28be509@group-767134F6B288-LeaderElection83] INFO  impl.LeaderElection (LeaderElection.java:askForVotes(308)) - 5750f6fd-62ed-459f-9a73-135ca28be509@group-767134F6B288-LeaderElection83 ELECTION round 0: result PASSED
2021-11-06 13:09:22,235 [5750f6fd-62ed-459f-9a73-135ca28be509@group-767134F6B288-LeaderElection83] INFO  impl.RoleInfo (RoleInfo.java:shutdownLeaderElection(121)) - 5750f6fd-62ed-459f-9a73-135ca28be509: shutdown 5750f6fd-62ed-459f-9a73-135ca28be509@group-767134F6B288-LeaderElection83
2021-11-06 13:09:22,235 [5750f6fd-62ed-459f-9a73-135ca28be509@group-767134F6B288-LeaderElection83] INFO  server.RaftServer$Division (RaftServerImpl.java:setRole(290)) - 5750f6fd-62ed-459f-9a73-135ca28be509@group-767134F6B288: changes role from CANDIDATE to LEADER at term 3 for changeToLeader
2021-11-06 13:09:22,235 [5750f6fd-62ed-459f-9a73-135ca28be509@group-767134F6B288-LeaderElection83] INFO  ratis.XceiverServerRatis (XceiverServerRatis.java:handleLeaderChangedNotification(866)) - Leader change notification received for group: group-767134F6B288 with new leaderId: 5750f6fd-62ed-459f-9a73-135ca28be509
2021-11-06 13:09:22,235 [5750f6fd-62ed-459f-9a73-135ca28be509@group-767134F6B288-LeaderElection83] INFO  server.RaftServer$Division (ServerState.java:setLeader(285)) - 5750f6fd-62ed-459f-9a73-135ca28be509@group-767134F6B288: change Leader from null to 5750f6fd-62ed-459f-9a73-135ca28be509 at term 3 for becomeLeader, leader elected after 15374ms
2021-11-06 13:09:22,235 [5750f6fd-62ed-459f-9a73-135ca28be509@group-767134F6B288-LeaderElection83] INFO  server.RaftServerConfigKeys (ConfUtils.java:logGet(44)) - raft.server.staging.catchup.gap = 1000 (default)
2021-11-06 13:09:22,235 [5750f6fd-62ed-459f-9a73-135ca28be509@group-767134F6B288-LeaderElection83] INFO  server.RaftServerConfigKeys (ConfUtils.java:logGet(44)) - raft.server.write.element-limit = 1024 (custom)
2021-11-06 13:09:22,235 [5750f6fd-62ed-459f-9a73-135ca28be509@group-767134F6B288-LeaderElection83] INFO  server.RaftServerConfigKeys (ConfUtils.java:logGet(44)) - raft.server.write.byte-limit = 1024 M (=1073741824) (custom)
2021-11-06 13:09:22,236 [5750f6fd-62ed-459f-9a73-135ca28be509@group-767134F6B288-LeaderElection83] INFO  server.RaftServerConfigKeys (ConfUtils.java:logGet(44)) - raft.server.watch.timeout = 3000ms (custom)
2021-11-06 13:09:22,236 [5750f6fd-62ed-459f-9a73-135ca28be509@group-767134F6B288-LeaderElection83] INFO  server.RaftServerConfigKeys (ConfUtils.java:logGet(44)) - raft.server.watch.timeout.denomination = 1s (default)
2021-11-06 13:09:22,236 [5750f6fd-62ed-459f-9a73-135ca28be509@group-767134F6B288-LeaderElection83] INFO  server.RaftServerConfigKeys (ConfUtils.java:logGet(44)) - raft.server.watch.element-limit = 65536 (default)
2021-11-06 13:09:22,236 [5750f6fd-62ed-459f-9a73-135ca28be509@group-767134F6B288-LeaderElection83] INFO  server.RaftServerConfigKeys (ConfUtils.java:logGet(44)) - raft.server.write.element-limit = 1024 (custom)
2021-11-06 13:09:22,236 [5750f6fd-62ed-459f-9a73-135ca28be509@group-767134F6B288-LeaderElection83] INFO  server.RaftServerConfigKeys (ConfUtils.java:logGet(44)) - raft.server.write.follower.gap.ratio.max = -1.0 (default)
2021-11-06 13:09:22,236 [5750f6fd-62ed-459f-9a73-135ca28be509@group-767134F6B288-LeaderElection83] INFO  server.RaftServerConfigKeys (ConfUtils.java:logGet(44)) - raft.server.log.appender.snapshot.chunk.size.max = 16MB (=16777216) (default)
2021-11-06 13:09:22,236 [5750f6fd-62ed-459f-9a73-135ca28be509@group-767134F6B288-LeaderElection83] INFO  server.RaftServerConfigKeys (ConfUtils.java:logGet(44)) - raft.server.log.appender.buffer.byte-limit = 33554432 (custom)
2021-11-06 13:09:22,236 [5750f6fd-62ed-459f-9a73-135ca28be509@group-767134F6B288-LeaderElection83] INFO  server.RaftServerConfigKeys (ConfUtils.java:logGet(44)) - raft.server.log.appender.buffer.element-limit = 1 (custom)
2021-11-06 13:09:22,236 [5750f6fd-62ed-459f-9a73-135ca28be509@group-767134F6B288-LeaderElection83] INFO  grpc.GrpcConfigKeys (ConfUtils.java:logGet(44)) - raft.grpc.server.leader.outstanding.appends.max = 128 (default)
2021-11-06 13:09:22,237 [5750f6fd-62ed-459f-9a73-135ca28be509@group-767134F6B288-LeaderElection83] INFO  server.RaftServerConfigKeys (ConfUtils.java:logGet(44)) - raft.server.rpc.request.timeout = 3000ms (default)
2021-11-06 13:09:22,237 [5750f6fd-62ed-459f-9a73-135ca28be509@group-767134F6B288-LeaderElection83] INFO  server.RaftServerConfigKeys (ConfUtils.java:logGet(44)) - raft.server.log.appender.install.snapshot.enabled = false (custom)
2021-11-06 13:09:22,238 [5750f6fd-62ed-459f-9a73-135ca28be509@group-767134F6B288-LeaderElection83] INFO  server.RaftServerConfigKeys (ConfUtils.java:logGet(44)) - raft.server.log.appender.snapshot.chunk.size.max = 16MB (=16777216) (default)
2021-11-06 13:09:22,238 [5750f6fd-62ed-459f-9a73-135ca28be509@group-767134F6B288-LeaderElection83] INFO  server.RaftServerConfigKeys (ConfUtils.java:logGet(44)) - raft.server.log.appender.buffer.byte-limit = 33554432 (custom)
2021-11-06 13:09:22,238 [5750f6fd-62ed-459f-9a73-135ca28be509@group-767134F6B288-LeaderElection83] INFO  server.RaftServerConfigKeys (ConfUtils.java:logGet(44)) - raft.server.log.appender.buffer.element-limit = 1 (custom)
2021-11-06 13:09:22,238 [5750f6fd-62ed-459f-9a73-135ca28be509@group-767134F6B288-LeaderElection83] INFO  grpc.GrpcConfigKeys (ConfUtils.java:logGet(44)) - raft.grpc.server.leader.outstanding.appends.max = 128 (default)
2021-11-06 13:09:22,238 [5750f6fd-62ed-459f-9a73-135ca28be509@group-767134F6B288-LeaderElection83] INFO  server.RaftServerConfigKeys (ConfUtils.java:logGet(44)) - raft.server.rpc.request.timeout = 3000ms (default)
2021-11-06 13:09:22,238 [5750f6fd-62ed-459f-9a73-135ca28be509@group-767134F6B288-LeaderElection83] INFO  server.RaftServerConfigKeys (ConfUtils.java:logGet(44)) - raft.server.log.appender.install.snapshot.enabled = false (custom)
2021-11-06 13:09:22,240 [EventQueue-PipelineReportForPipelineReportHandler] INFO  pipeline.PipelineManagerImpl (PipelineManagerImpl.java:openPipeline(289)) - Pipeline Pipeline[ Id: 7e863a07-bf1b-4791-a5cf-767134f6b288, Nodes: a8ad8818-625e-4bd0-b4ed-3716b4b5c8f9{ip: 10.1.0.11, host: fv-az151-875.yf2hydr00wburbhx3j5hxtcipe.bx.internal.cloudapp.net, ports: [REPLICATION=34141, RATIS=40631, RATIS_ADMIN=40631, RATIS_SERVER=40631, STANDALONE=36087], networkLocation: /default-rack, certSerialId: null, persistedOpState: IN_SERVICE, persistedOpStateExpiryEpochSec: 0}8825a48f-3f68-4f9f-a5f1-6d0b8018f501{ip: 10.1.0.11, host: fv-az151-875.yf2hydr00wburbhx3j5hxtcipe.bx.internal.cloudapp.net, ports: [REPLICATION=36693, RATIS=41601, RATIS_ADMIN=41601, RATIS_SERVER=41601, STANDALONE=41641], networkLocation: /default-rack, certSerialId: null, persistedOpState: IN_SERVICE, persistedOpStateExpiryEpochSec: 0}5750f6fd-62ed-459f-9a73-135ca28be509{ip: 10.1.0.11, host: fv-az151-875.yf2hydr00wburbhx3j5hxtcipe.bx.internal.cloudapp.net, ports: [REPLICATION=33703, RATIS=38801, RATIS_ADMIN=38801, RATIS_SERVER=38801, STANDALONE=37243], networkLocation: /default-rack, certSerialId: null, persistedOpState: IN_SERVICE, persistedOpStateExpiryEpochSec: 0}, ReplicationConfig: RATIS/THREE, State:ALLOCATED, leaderId:5750f6fd-62ed-459f-9a73-135ca28be509, CreationTimestamp2021-11-06T13:09:04.510Z[Etc/UTC]] moved to OPEN state
2021-11-06 13:09:22,240 [grpc-default-executor-4] INFO  server.RaftServer$Division (RaftServerImpl.java:requestVote(1046)) - 8825a48f-3f68-4f9f-a5f1-6d0b8018f501@group-767134F6B288: receive requestVote(ELECTION, 5750f6fd-62ed-459f-9a73-135ca28be509, group-767134F6B288, 3, (t:0, i:0))
2021-11-06 13:09:22,240 [grpc-default-executor-4] INFO  impl.VoteContext (VoteContext.java:log(48)) - 8825a48f-3f68-4f9f-a5f1-6d0b8018f501@group-767134F6B288-FOLLOWER: accept ELECTION from 5750f6fd-62ed-459f-9a73-135ca28be509: our priority 0 <= candidate's priority 1
2021-11-06 13:09:22,240 [grpc-default-executor-4] INFO  server.RaftServer$Division (RaftServerImpl.java:setRole(290)) - 8825a48f-3f68-4f9f-a5f1-6d0b8018f501@group-767134F6B288: changes role from  FOLLOWER to FOLLOWER at term 3 for candidate:5750f6fd-62ed-459f-9a73-135ca28be509
2021-11-06 13:09:22,240 [grpc-default-executor-4] INFO  impl.RoleInfo (RoleInfo.java:shutdownFollowerState(108)) - 8825a48f-3f68-4f9f-a5f1-6d0b8018f501: shutdown 8825a48f-3f68-4f9f-a5f1-6d0b8018f501@group-767134F6B288-FollowerState
2021-11-06 13:09:22,240 [grpc-default-executor-4] INFO  impl.RoleInfo (RoleInfo.java:updateAndGet(130)) - 8825a48f-3f68-4f9f-a5f1-6d0b8018f501: start 8825a48f-3f68-4f9f-a5f1-6d0b8018f501@group-767134F6B288-FollowerState
2021-11-06 13:09:22,241 [5750f6fd-62ed-459f-9a73-135ca28be509@group-767134F6B288-LeaderElection83] INFO  impl.RoleInfo (RoleInfo.java:updateAndGet(130)) - 5750f6fd-62ed-459f-9a73-135ca28be509: start 5750f6fd-62ed-459f-9a73-135ca28be509@group-767134F6B288-LeaderStateImpl
2021-11-06 13:09:22,242 [5750f6fd-62ed-459f-9a73-135ca28be509@group-767134F6B288-LeaderElection83] INFO  segmented.SegmentedRaftLogWorker (SegmentedRaftLogWorker.java:startLogSegment(394)) - 5750f6fd-62ed-459f-9a73-135ca28be509@group-767134F6B288-SegmentedRaftLogWorker: Starting segment from index:0
2021-11-06 13:09:22,253 [5750f6fd-62ed-459f-9a73-135ca28be509@group-767134F6B288-SegmentedRaftLogWorker] INFO  segmented.SegmentedRaftLogWorker (SegmentedRaftLogWorker.java:execute(601)) - 5750f6fd-62ed-459f-9a73-135ca28be509@group-767134F6B288-SegmentedRaftLogWorker: created new log segment /home/runner/work/ozone/ozone/hadoop-ozone/integration-test/target/test-dir/MiniOzoneClusterImpl-57fe1d17-8f30-476a-a64a-953d5983e20c/datanode-5/data/ratis/7e863a07-bf1b-4791-a5cf-767134f6b288/current/log_inprogress_0
2021-11-06 13:09:22,255 [grpc-default-executor-4] INFO  server.RaftServer$Division (RaftServerImpl.java:requestVote(1078)) - 8825a48f-3f68-4f9f-a5f1-6d0b8018f501@group-767134F6B288 replies to ELECTION vote request: 5750f6fd-62ed-459f-9a73-135ca28be509<-8825a48f-3f68-4f9f-a5f1-6d0b8018f501#0:OK-t3. Peer's state: 8825a48f-3f68-4f9f-a5f1-6d0b8018f501@group-767134F6B288:t3, leader=null, voted=5750f6fd-62ed-459f-9a73-135ca28be509, raftlog=8825a48f-3f68-4f9f-a5f1-6d0b8018f501@group-767134F6B288-SegmentedRaftLog:OPENED:c-1, conf=-1: [a8ad8818-625e-4bd0-b4ed-3716b4b5c8f9|rpc:10.1.0.11:40631|dataStream:|priority:0, 8825a48f-3f68-4f9f-a5f1-6d0b8018f501|rpc:10.1.0.11:41601|dataStream:|priority:0, 5750f6fd-62ed-459f-9a73-135ca28be509|rpc:10.1.0.11:38801|dataStream:|priority:1], old=null
2021-11-06 13:09:22,255 [grpc-default-executor-1] INFO  ratis.XceiverServerRatis (XceiverServerRatis.java:handleLeaderChangedNotification(866)) - Leader change notification received for group: group-767134F6B288 with new leaderId: 5750f6fd-62ed-459f-9a73-135ca28be509
2021-11-06 13:09:22,255 [grpc-default-executor-1] INFO  server.RaftServer$Division (ServerState.java:setLeader(285)) - 8825a48f-3f68-4f9f-a5f1-6d0b8018f501@group-767134F6B288: change Leader from null to 5750f6fd-62ed-459f-9a73-135ca28be509 at term 3 for appendEntries, leader elected after 15513ms
2021-11-06 13:09:22,260 [grpc-default-executor-3] INFO  ratis.XceiverServerRatis (XceiverServerRatis.java:handleLeaderChangedNotification(866)) - Leader change notification received for group: group-767134F6B288 with new leaderId: 5750f6fd-62ed-459f-9a73-135ca28be509
2021-11-06 13:09:22,260 [grpc-default-executor-3] INFO  server.RaftServer$Division (ServerState.java:setLeader(285)) - a8ad8818-625e-4bd0-b4ed-3716b4b5c8f9@group-767134F6B288: change Leader from null to 5750f6fd-62ed-459f-9a73-135ca28be509 at term 3 for appendEntries, leader elected after 15578ms
2021-11-06 13:09:22,284 [5750f6fd-62ed-459f-9a73-135ca28be509@group-767134F6B288-LeaderElection83] INFO  server.RaftServer$Division (ServerState.java:setRaftConf(387)) - 5750f6fd-62ed-459f-9a73-135ca28be509@group-767134F6B288: set configuration 0: [a8ad8818-625e-4bd0-b4ed-3716b4b5c8f9|rpc:10.1.0.11:40631|dataStream:|priority:0, 8825a48f-3f68-4f9f-a5f1-6d0b8018f501|rpc:10.1.0.11:41601|dataStream:|priority:0, 5750f6fd-62ed-459f-9a73-135ca28be509|rpc:10.1.0.11:38801|dataStream:|priority:1], old=null
2021-11-06 13:09:22,284 [grpc-default-executor-1] INFO  server.RaftServer$Division (ServerState.java:setRaftConf(387)) - 8825a48f-3f68-4f9f-a5f1-6d0b8018f501@group-767134F6B288: set configuration 0: [a8ad8818-625e-4bd0-b4ed-3716b4b5c8f9|rpc:10.1.0.11:40631|dataStream:|priority:0, 8825a48f-3f68-4f9f-a5f1-6d0b8018f501|rpc:10.1.0.11:41601|dataStream:|priority:0, 5750f6fd-62ed-459f-9a73-135ca28be509|rpc:10.1.0.11:38801|dataStream:|priority:1], old=null
2021-11-06 13:09:22,285 [8825a48f-3f68-4f9f-a5f1-6d0b8018f501@group-767134F6B288-FollowerState] INFO  impl.FollowerState (FollowerState.java:run(143)) - 8825a48f-3f68-4f9f-a5f1-6d0b8018f501@group-767134F6B288-FollowerState was interrupted: {}
java.lang.InterruptedException: sleep interrupted
	at java.lang.Thread.sleep(Native Method)
	at java.lang.Thread.sleep(Thread.java:340)
	at java.util.concurrent.TimeUnit.sleep(TimeUnit.java:386)
	at org.apache.ratis.util.TimeDuration.sleep(TimeDuration.java:324)
	at org.apache.ratis.util.TimeDuration.sleep(TimeDuration.java:309)
	at org.apache.ratis.server.impl.FollowerState.run(FollowerState.java:118)
2021-11-06 13:09:22,286 [grpc-default-executor-1] INFO  segmented.SegmentedRaftLogWorker (SegmentedRaftLogWorker.java:startLogSegment(394)) - 8825a48f-3f68-4f9f-a5f1-6d0b8018f501@group-767134F6B288-SegmentedRaftLogWorker: Starting segment from index:0
2021-11-06 13:09:22,289 [8825a48f-3f68-4f9f-a5f1-6d0b8018f501@group-767134F6B288-SegmentedRaftLogWorker] INFO  segmented.SegmentedRaftLogWorker (SegmentedRaftLogWorker.java:execute(601)) - 8825a48f-3f68-4f9f-a5f1-6d0b8018f501@group-767134F6B288-SegmentedRaftLogWorker: created new log segment /home/runner/work/ozone/ozone/hadoop-ozone/integration-test/target/test-dir/MiniOzoneClusterImpl-57fe1d17-8f30-476a-a64a-953d5983e20c/datanode-4/data/ratis/7e863a07-bf1b-4791-a5cf-767134f6b288/current/log_inprogress_0
2021-11-06 13:09:22,327 [grpc-default-executor-3] INFO  server.RaftServer$Division (ServerState.java:setRaftConf(387)) - a8ad8818-625e-4bd0-b4ed-3716b4b5c8f9@group-767134F6B288: set configuration 0: [a8ad8818-625e-4bd0-b4ed-3716b4b5c8f9|rpc:10.1.0.11:40631|dataStream:|priority:0, 8825a48f-3f68-4f9f-a5f1-6d0b8018f501|rpc:10.1.0.11:41601|dataStream:|priority:0, 5750f6fd-62ed-459f-9a73-135ca28be509|rpc:10.1.0.11:38801|dataStream:|priority:1], old=null
2021-11-06 13:09:22,328 [grpc-default-executor-3] INFO  segmented.SegmentedRaftLogWorker (SegmentedRaftLogWorker.java:startLogSegment(394)) - a8ad8818-625e-4bd0-b4ed-3716b4b5c8f9@group-767134F6B288-SegmentedRaftLogWorker: Starting segment from index:0
2021-11-06 13:09:22,332 [a8ad8818-625e-4bd0-b4ed-3716b4b5c8f9@group-767134F6B288-SegmentedRaftLogWorker] INFO  segmented.SegmentedRaftLogWorker (SegmentedRaftLogWorker.java:execute(601)) - a8ad8818-625e-4bd0-b4ed-3716b4b5c8f9@group-767134F6B288-SegmentedRaftLogWorker: created new log segment /home/runner/work/ozone/ozone/hadoop-ozone/integration-test/target/test-dir/MiniOzoneClusterImpl-57fe1d17-8f30-476a-a64a-953d5983e20c/datanode-3/data/ratis/7e863a07-bf1b-4791-a5cf-767134f6b288/current/log_inprogress_0
2021-11-06 13:09:23,796 [5935a206-a598-494c-a9e6-46da022b00dd@group-6EF6570EA239-FollowerState] INFO  impl.FollowerState (FollowerState.java:run(134)) - 5935a206-a598-494c-a9e6-46da022b00dd@group-6EF6570EA239-FollowerState: change to CANDIDATE, lastRpcElapsedTime:5113644065ns, electionTimeout:5113ms
2021-11-06 13:09:23,796 [5935a206-a598-494c-a9e6-46da022b00dd@group-6EF6570EA239-FollowerState] INFO  impl.RoleInfo (RoleInfo.java:shutdownFollowerState(108)) - 5935a206-a598-494c-a9e6-46da022b00dd: shutdown 5935a206-a598-494c-a9e6-46da022b00dd@group-6EF6570EA239-FollowerState
2021-11-06 13:09:23,796 [5935a206-a598-494c-a9e6-46da022b00dd@group-6EF6570EA239-FollowerState] INFO  server.RaftServer$Division (RaftServerImpl.java:setRole(290)) - 5935a206-a598-494c-a9e6-46da022b00dd@group-6EF6570EA239: changes role from  FOLLOWER to CANDIDATE at term 3 for changeToCandidate
2021-11-06 13:09:23,796 [5935a206-a598-494c-a9e6-46da022b00dd@group-6EF6570EA239-FollowerState] INFO  server.RaftServerConfigKeys (ConfUtils.java:logGet(44)) - raft.server.leaderelection.pre-vote = false (custom)
2021-11-06 13:09:23,796 [5935a206-a598-494c-a9e6-46da022b00dd@group-6EF6570EA239-FollowerState] INFO  impl.RoleInfo (RoleInfo.java:updateAndGet(130)) - 5935a206-a598-494c-a9e6-46da022b00dd: start 5935a206-a598-494c-a9e6-46da022b00dd@group-6EF6570EA239-LeaderElection84
2021-11-06 13:09:23,813 [5935a206-a598-494c-a9e6-46da022b00dd@group-6EF6570EA239-LeaderElection84] INFO  impl.LeaderElection (LeaderElection.java:askForVotes(306)) - 5935a206-a598-494c-a9e6-46da022b00dd@group-6EF6570EA239-LeaderElection84 ELECTION round 0: submit vote requests at term 4 for -1: [0eaea5f5-6746-43ea-ac9f-09b1ebc824b6|rpc:10.1.0.11:39423|dataStream:|priority:0, 5935a206-a598-494c-a9e6-46da022b00dd|rpc:10.1.0.11:43005|dataStream:|priority:0, ca2e1dc9-8c7f-42bc-b6bd-0370d79258f9|rpc:10.1.0.11:38687|dataStream:|priority:1], old=null
2021-11-06 13:09:23,817 [0eaea5f5-6746-43ea-ac9f-09b1ebc824b6@group-6EF6570EA239-FollowerState] INFO  impl.FollowerState (FollowerState.java:run(134)) - 0eaea5f5-6746-43ea-ac9f-09b1ebc824b6@group-6EF6570EA239-FollowerState: change to CANDIDATE, lastRpcElapsedTime:5220403127ns, electionTimeout:5191ms
2021-11-06 13:09:23,817 [0eaea5f5-6746-43ea-ac9f-09b1ebc824b6@group-6EF6570EA239-FollowerState] INFO  impl.RoleInfo (RoleInfo.java:shutdownFollowerState(108)) - 0eaea5f5-6746-43ea-ac9f-09b1ebc824b6: shutdown 0eaea5f5-6746-43ea-ac9f-09b1ebc824b6@group-6EF6570EA239-FollowerState
2021-11-06 13:09:23,817 [0eaea5f5-6746-43ea-ac9f-09b1ebc824b6@group-6EF6570EA239-FollowerState] INFO  server.RaftServer$Division (RaftServerImpl.java:setRole(290)) - 0eaea5f5-6746-43ea-ac9f-09b1ebc824b6@group-6EF6570EA239: changes role from  FOLLOWER to CANDIDATE at term 3 for changeToCandidate
2021-11-06 13:09:23,819 [grpc-default-executor-3] INFO  server.RaftServer$Division (RaftServerImpl.java:requestVote(1046)) - 0eaea5f5-6746-43ea-ac9f-09b1ebc824b6@group-6EF6570EA239: receive requestVote(ELECTION, 5935a206-a598-494c-a9e6-46da022b00dd, group-6EF6570EA239, 4, (t:0, i:0))
2021-11-06 13:09:23,821 [0eaea5f5-6746-43ea-ac9f-09b1ebc824b6@group-6EF6570EA239-FollowerState] INFO  server.RaftServerConfigKeys (ConfUtils.java:logGet(44)) - raft.server.leaderelection.pre-vote = false (custom)
2021-11-06 13:09:23,821 [0eaea5f5-6746-43ea-ac9f-09b1ebc824b6@group-6EF6570EA239-FollowerState] INFO  impl.RoleInfo (RoleInfo.java:updateAndGet(130)) - 0eaea5f5-6746-43ea-ac9f-09b1ebc824b6: start 0eaea5f5-6746-43ea-ac9f-09b1ebc824b6@group-6EF6570EA239-LeaderElection85
2021-11-06 13:09:23,833 [grpc-default-executor-1] INFO  server.RaftServer$Division (RaftServerImpl.java:requestVote(1046)) - ca2e1dc9-8c7f-42bc-b6bd-0370d79258f9@group-6EF6570EA239: receive requestVote(ELECTION, 5935a206-a598-494c-a9e6-46da022b00dd, group-6EF6570EA239, 4, (t:0, i:0))
2021-11-06 13:09:23,833 [grpc-default-executor-1] INFO  impl.VoteContext (VoteContext.java:log(48)) - ca2e1dc9-8c7f-42bc-b6bd-0370d79258f9@group-6EF6570EA239-FOLLOWER: reject ELECTION from 5935a206-a598-494c-a9e6-46da022b00dd: our last entry (t:2, i:0) > candidate's last entry (t:0, i:0)
2021-11-06 13:09:23,833 [grpc-default-executor-1] INFO  server.RaftServer$Division (RaftServerImpl.java:setRole(290)) - ca2e1dc9-8c7f-42bc-b6bd-0370d79258f9@group-6EF6570EA239: changes role from  FOLLOWER to FOLLOWER at term 4 for candidate:5935a206-a598-494c-a9e6-46da022b00dd
2021-11-06 13:09:23,833 [grpc-default-executor-1] INFO  impl.RoleInfo (RoleInfo.java:shutdownFollowerState(108)) - ca2e1dc9-8c7f-42bc-b6bd-0370d79258f9: shutdown ca2e1dc9-8c7f-42bc-b6bd-0370d79258f9@group-6EF6570EA239-FollowerState
2021-11-06 13:09:23,845 [grpc-default-executor-3] INFO  impl.VoteContext (VoteContext.java:log(48)) - 0eaea5f5-6746-43ea-ac9f-09b1ebc824b6@group-6EF6570EA239-CANDIDATE: accept ELECTION from 5935a206-a598-494c-a9e6-46da022b00dd: our priority 0 <= candidate's priority 0
2021-11-06 13:09:23,845 [grpc-default-executor-3] INFO  server.RaftServer$Division (RaftServerImpl.java:setRole(290)) - 0eaea5f5-6746-43ea-ac9f-09b1ebc824b6@group-6EF6570EA239: changes role from CANDIDATE to FOLLOWER at term 4 for candidate:5935a206-a598-494c-a9e6-46da022b00dd
2021-11-06 13:09:23,845 [grpc-default-executor-3] INFO  impl.RoleInfo (RoleInfo.java:shutdownLeaderElection(121)) - 0eaea5f5-6746-43ea-ac9f-09b1ebc824b6: shutdown 0eaea5f5-6746-43ea-ac9f-09b1ebc824b6@group-6EF6570EA239-LeaderElection85
2021-11-06 13:09:23,845 [grpc-default-executor-3] INFO  impl.RoleInfo (RoleInfo.java:updateAndGet(130)) - 0eaea5f5-6746-43ea-ac9f-09b1ebc824b6: start 0eaea5f5-6746-43ea-ac9f-09b1ebc824b6@group-6EF6570EA239-FollowerState
2021-11-06 13:09:23,845 [0eaea5f5-6746-43ea-ac9f-09b1ebc824b6@group-6EF6570EA239-LeaderElection85] INFO  impl.LeaderElection (LeaderElection.java:run(230)) - 0eaea5f5-6746-43ea-ac9f-09b1ebc824b6@group-6EF6570EA239-LeaderElection85: skip running since this is already CLOSING
2021-11-06 13:09:23,862 [grpc-default-executor-3] INFO  server.RaftServer$Division (RaftServerImpl.java:requestVote(1078)) - 0eaea5f5-6746-43ea-ac9f-09b1ebc824b6@group-6EF6570EA239 replies to ELECTION vote request: 5935a206-a598-494c-a9e6-46da022b00dd<-0eaea5f5-6746-43ea-ac9f-09b1ebc824b6#0:OK-t4. Peer's state: 0eaea5f5-6746-43ea-ac9f-09b1ebc824b6@group-6EF6570EA239:t4, leader=null, voted=5935a206-a598-494c-a9e6-46da022b00dd, raftlog=0eaea5f5-6746-43ea-ac9f-09b1ebc824b6@group-6EF6570EA239-SegmentedRaftLog:OPENED:c-1, conf=-1: [0eaea5f5-6746-43ea-ac9f-09b1ebc824b6|rpc:10.1.0.11:39423|priority:0, 5935a206-a598-494c-a9e6-46da022b00dd|rpc:10.1.0.11:43005|priority:0, ca2e1dc9-8c7f-42bc-b6bd-0370d79258f9|rpc:10.1.0.11:38687|priority:1], old=null
2021-11-06 13:09:23,871 [ca2e1dc9-8c7f-42bc-b6bd-0370d79258f9@group-6EF6570EA239-FollowerState] INFO  impl.FollowerState (FollowerState.java:run(127)) - ca2e1dc9-8c7f-42bc-b6bd-0370d79258f9@group-6EF6570EA239-FollowerState: Stopping now (isRunning? false, isFollower? true)
2021-11-06 13:09:23,880 [grpc-default-executor-1] INFO  impl.RoleInfo (RoleInfo.java:updateAndGet(130)) - ca2e1dc9-8c7f-42bc-b6bd-0370d79258f9: start ca2e1dc9-8c7f-42bc-b6bd-0370d79258f9@group-6EF6570EA239-FollowerState
2021-11-06 13:09:23,884 [grpc-default-executor-1] INFO  server.RaftServer$Division (RaftServerImpl.java:requestVote(1078)) - ca2e1dc9-8c7f-42bc-b6bd-0370d79258f9@group-6EF6570EA239 replies to ELECTION vote request: 5935a206-a598-494c-a9e6-46da022b00dd<-ca2e1dc9-8c7f-42bc-b6bd-0370d79258f9#0:FAIL-t4. Peer's state: ca2e1dc9-8c7f-42bc-b6bd-0370d79258f9@group-6EF6570EA239:t4, leader=null, voted=null, raftlog=ca2e1dc9-8c7f-42bc-b6bd-0370d79258f9@group-6EF6570EA239-SegmentedRaftLog:OPENED:c0, conf=0: [0eaea5f5-6746-43ea-ac9f-09b1ebc824b6|rpc:10.1.0.11:39423|dataStream:|priority:0, 5935a206-a598-494c-a9e6-46da022b00dd|rpc:10.1.0.11:43005|dataStream:|priority:0, ca2e1dc9-8c7f-42bc-b6bd-0370d79258f9|rpc:10.1.0.11:38687|dataStream:|priority:1], old=null
2021-11-06 13:09:23,886 [5935a206-a598-494c-a9e6-46da022b00dd@group-6EF6570EA239-LeaderElection84] INFO  impl.LeaderElection (LeaderElection.java:logAndReturn(89)) - 5935a206-a598-494c-a9e6-46da022b00dd@group-6EF6570EA239-LeaderElection84: ELECTION REJECTED received 2 response(s) and 0 exception(s):
2021-11-06 13:09:23,886 [5935a206-a598-494c-a9e6-46da022b00dd@group-6EF6570EA239-LeaderElection84] INFO  impl.LeaderElection (LeaderElection.java:logAndReturn(93)) -   Response 0: 5935a206-a598-494c-a9e6-46da022b00dd<-0eaea5f5-6746-43ea-ac9f-09b1ebc824b6#0:OK-t4
2021-11-06 13:09:23,886 [5935a206-a598-494c-a9e6-46da022b00dd@group-6EF6570EA239-LeaderElection84] INFO  impl.LeaderElection (LeaderElection.java:logAndReturn(93)) -   Response 1: 5935a206-a598-494c-a9e6-46da022b00dd<-ca2e1dc9-8c7f-42bc-b6bd-0370d79258f9#0:FAIL-t4
2021-11-06 13:09:23,886 [5935a206-a598-494c-a9e6-46da022b00dd@group-6EF6570EA239-LeaderElection84] INFO  impl.LeaderElection (LeaderElection.java:askForVotes(308)) - 5935a206-a598-494c-a9e6-46da022b00dd@group-6EF6570EA239-LeaderElection84 ELECTION round 0: result REJECTED
2021-11-06 13:09:23,886 [5935a206-a598-494c-a9e6-46da022b00dd@group-6EF6570EA239-LeaderElection84] INFO  server.RaftServer$Division (RaftServerImpl.java:setRole(290)) - 5935a206-a598-494c-a9e6-46da022b00dd@group-6EF6570EA239: changes role from CANDIDATE to FOLLOWER at term 4 for REJECTED
2021-11-06 13:09:23,886 [5935a206-a598-494c-a9e6-46da022b00dd@group-6EF6570EA239-LeaderElection84] INFO  impl.RoleInfo (RoleInfo.java:shutdownLeaderElection(121)) - 5935a206-a598-494c-a9e6-46da022b00dd: shutdown 5935a206-a598-494c-a9e6-46da022b00dd@group-6EF6570EA239-LeaderElection84
2021-11-06 13:09:23,886 [5935a206-a598-494c-a9e6-46da022b00dd@group-6EF6570EA239-LeaderElection84] INFO  impl.RoleInfo (RoleInfo.java:updateAndGet(130)) - 5935a206-a598-494c-a9e6-46da022b00dd: start 5935a206-a598-494c-a9e6-46da022b00dd@group-6EF6570EA239-FollowerState
2021-11-06 13:09:26,130 [414c08ff-7683-4e40-9ba7-4aaff37af58e@group-950F038C74EB-FollowerState] INFO  impl.FollowerState (FollowerState.java:run(134)) - 414c08ff-7683-4e40-9ba7-4aaff37af58e@group-950F038C74EB-FollowerState: change to CANDIDATE, lastRpcElapsedTime:5089060778ns, electionTimeout:5088ms
2021-11-06 13:09:26,130 [414c08ff-7683-4e40-9ba7-4aaff37af58e@group-950F038C74EB-FollowerState] INFO  impl.RoleInfo (RoleInfo.java:shutdownFollowerState(108)) - 414c08ff-7683-4e40-9ba7-4aaff37af58e: shutdown 414c08ff-7683-4e40-9ba7-4aaff37af58e@group-950F038C74EB-FollowerState
2021-11-06 13:09:26,130 [414c08ff-7683-4e40-9ba7-4aaff37af58e@group-950F038C74EB-FollowerState] INFO  server.RaftServer$Division (RaftServerImpl.java:setRole(290)) - 414c08ff-7683-4e40-9ba7-4aaff37af58e@group-950F038C74EB: changes role from  FOLLOWER to CANDIDATE at term 3 for changeToCandidate
2021-11-06 13:09:26,130 [414c08ff-7683-4e40-9ba7-4aaff37af58e@group-950F038C74EB-FollowerState] INFO  server.RaftServerConfigKeys (ConfUtils.java:logGet(44)) - raft.server.leaderelection.pre-vote = false (custom)
2021-11-06 13:09:26,130 [414c08ff-7683-4e40-9ba7-4aaff37af58e@group-950F038C74EB-FollowerState] INFO  impl.RoleInfo (RoleInfo.java:updateAndGet(130)) - 414c08ff-7683-4e40-9ba7-4aaff37af58e: start 414c08ff-7683-4e40-9ba7-4aaff37af58e@group-950F038C74EB-LeaderElection86
2021-11-06 13:09:26,132 [414c08ff-7683-4e40-9ba7-4aaff37af58e@group-950F038C74EB-LeaderElection86] INFO  impl.LeaderElection (LeaderElection.java:askForVotes(306)) - 414c08ff-7683-4e40-9ba7-4aaff37af58e@group-950F038C74EB-LeaderElection86 ELECTION round 0: submit vote requests at term 4 for -1: [4d122ed7-1d51-49b3-a564-9cc0800ef9b5|rpc:10.1.0.11:44073|dataStream:|priority:1, 414c08ff-7683-4e40-9ba7-4aaff37af58e|rpc:10.1.0.11:42123|dataStream:|priority:0, 41301224-b672-4531-af78-b462410ab6ac|rpc:10.1.0.11:45193|dataStream:|priority:0], old=null
2021-11-06 13:09:26,147 [grpc-default-executor-3] INFO  server.RaftServer$Division (RaftServerImpl.java:requestVote(1046)) - 4d122ed7-1d51-49b3-a564-9cc0800ef9b5@group-950F038C74EB: receive requestVote(ELECTION, 414c08ff-7683-4e40-9ba7-4aaff37af58e, group-950F038C74EB, 4, (t:0, i:0))
2021-11-06 13:09:26,147 [grpc-default-executor-3] INFO  impl.VoteContext (VoteContext.java:log(48)) - 4d122ed7-1d51-49b3-a564-9cc0800ef9b5@group-950F038C74EB-FOLLOWER: reject ELECTION from 414c08ff-7683-4e40-9ba7-4aaff37af58e: our priority 1 > candidate's priority 0
2021-11-06 13:09:26,147 [grpc-default-executor-3] INFO  server.RaftServer$Division (RaftServerImpl.java:setRole(290)) - 4d122ed7-1d51-49b3-a564-9cc0800ef9b5@group-950F038C74EB: changes role from  FOLLOWER to FOLLOWER at term 4 for candidate:414c08ff-7683-4e40-9ba7-4aaff37af58e
2021-11-06 13:09:26,147 [grpc-default-executor-3] INFO  impl.RoleInfo (RoleInfo.java:shutdownFollowerState(108)) - 4d122ed7-1d51-49b3-a564-9cc0800ef9b5: shutdown 4d122ed7-1d51-49b3-a564-9cc0800ef9b5@group-950F038C74EB-FollowerState
2021-11-06 13:09:26,147 [grpc-default-executor-3] INFO  impl.RoleInfo (RoleInfo.java:updateAndGet(130)) - 4d122ed7-1d51-49b3-a564-9cc0800ef9b5: start 4d122ed7-1d51-49b3-a564-9cc0800ef9b5@group-950F038C74EB-FollowerState
2021-11-06 13:09:26,148 [grpc-default-executor-1] INFO  server.RaftServer$Division (RaftServerImpl.java:requestVote(1046)) - 41301224-b672-4531-af78-b462410ab6ac@group-950F038C74EB: receive requestVote(ELECTION, 414c08ff-7683-4e40-9ba7-4aaff37af58e, group-950F038C74EB, 4, (t:0, i:0))
2021-11-06 13:09:26,148 [grpc-default-executor-1] INFO  impl.VoteContext (VoteContext.java:log(48)) - 41301224-b672-4531-af78-b462410ab6ac@group-950F038C74EB-FOLLOWER: accept ELECTION from 414c08ff-7683-4e40-9ba7-4aaff37af58e: our priority 0 <= candidate's priority 0
2021-11-06 13:09:26,148 [grpc-default-executor-1] INFO  server.RaftServer$Division (RaftServerImpl.java:setRole(290)) - 41301224-b672-4531-af78-b462410ab6ac@group-950F038C74EB: changes role from  FOLLOWER to FOLLOWER at term 4 for candidate:414c08ff-7683-4e40-9ba7-4aaff37af58e
2021-11-06 13:09:26,148 [grpc-default-executor-1] INFO  impl.RoleInfo (RoleInfo.java:shutdownFollowerState(108)) - 41301224-b672-4531-af78-b462410ab6ac: shutdown 41301224-b672-4531-af78-b462410ab6ac@group-950F038C74EB-FollowerState
2021-11-06 13:09:26,148 [4d122ed7-1d51-49b3-a564-9cc0800ef9b5@group-950F038C74EB-FollowerState] INFO  impl.FollowerState (FollowerState.java:run(143)) - 4d122ed7-1d51-49b3-a564-9cc0800ef9b5@group-950F038C74EB-FollowerState was interrupted: {}
java.lang.InterruptedException: sleep interrupted
	at java.lang.Thread.sleep(Native Method)
	at java.lang.Thread.sleep(Thread.java:340)
	at java.util.concurrent.TimeUnit.sleep(TimeUnit.java:386)
	at org.apache.ratis.util.TimeDuration.sleep(TimeDuration.java:324)
	at org.apache.ratis.util.TimeDuration.sleep(TimeDuration.java:309)
	at org.apache.ratis.server.impl.FollowerState.run(FollowerState.java:118)
2021-11-06 13:09:26,158 [grpc-default-executor-1] INFO  impl.RoleInfo (RoleInfo.java:updateAndGet(130)) - 41301224-b672-4531-af78-b462410ab6ac: start 41301224-b672-4531-af78-b462410ab6ac@group-950F038C74EB-FollowerState
2021-11-06 13:09:26,159 [41301224-b672-4531-af78-b462410ab6ac@group-950F038C74EB-FollowerState] INFO  impl.FollowerState (FollowerState.java:run(143)) - 41301224-b672-4531-af78-b462410ab6ac@group-950F038C74EB-FollowerState was interrupted: {}
java.lang.InterruptedException: sleep interrupted
	at java.lang.Thread.sleep(Native Method)
	at java.lang.Thread.sleep(Thread.java:340)
	at java.util.concurrent.TimeUnit.sleep(TimeUnit.java:386)
	at org.apache.ratis.util.TimeDuration.sleep(TimeDuration.java:324)
	at org.apache.ratis.util.TimeDuration.sleep(TimeDuration.java:309)
	at org.apache.ratis.server.impl.FollowerState.run(FollowerState.java:118)
2021-11-06 13:09:26,163 [grpc-default-executor-1] INFO  server.RaftServer$Division (RaftServerImpl.java:requestVote(1078)) - 41301224-b672-4531-af78-b462410ab6ac@group-950F038C74EB replies to ELECTION vote request: 414c08ff-7683-4e40-9ba7-4aaff37af58e<-41301224-b672-4531-af78-b462410ab6ac#0:OK-t4. Peer's state: 41301224-b672-4531-af78-b462410ab6ac@group-950F038C74EB:t4, leader=null, voted=414c08ff-7683-4e40-9ba7-4aaff37af58e, raftlog=41301224-b672-4531-af78-b462410ab6ac@group-950F038C74EB-SegmentedRaftLog:OPENED:c-1, conf=-1: [4d122ed7-1d51-49b3-a564-9cc0800ef9b5|rpc:10.1.0.11:44073|priority:1, 414c08ff-7683-4e40-9ba7-4aaff37af58e|rpc:10.1.0.11:42123|priority:0, 41301224-b672-4531-af78-b462410ab6ac|rpc:10.1.0.11:45193|priority:0], old=null
2021-11-06 13:09:26,181 [grpc-default-executor-3] INFO  server.RaftServer$Division (RaftServerImpl.java:requestVote(1078)) - 4d122ed7-1d51-49b3-a564-9cc0800ef9b5@group-950F038C74EB replies to ELECTION vote request: 414c08ff-7683-4e40-9ba7-4aaff37af58e<-4d122ed7-1d51-49b3-a564-9cc0800ef9b5#0:FAIL-t4. Peer's state: 4d122ed7-1d51-49b3-a564-9cc0800ef9b5@group-950F038C74EB:t4, leader=null, voted=null, raftlog=4d122ed7-1d51-49b3-a564-9cc0800ef9b5@group-950F038C74EB-SegmentedRaftLog:OPENED:c-1, conf=-1: [4d122ed7-1d51-49b3-a564-9cc0800ef9b5|rpc:10.1.0.11:44073|dataStream:|priority:1, 414c08ff-7683-4e40-9ba7-4aaff37af58e|rpc:10.1.0.11:42123|dataStream:|priority:0, 41301224-b672-4531-af78-b462410ab6ac|rpc:10.1.0.11:45193|dataStream:|priority:0], old=null
2021-11-06 13:09:26,182 [414c08ff-7683-4e40-9ba7-4aaff37af58e@group-950F038C74EB-LeaderElection86] INFO  impl.LeaderElection (LeaderElection.java:logAndReturn(89)) - 414c08ff-7683-4e40-9ba7-4aaff37af58e@group-950F038C74EB-LeaderElection86: ELECTION REJECTED received 2 response(s) and 0 exception(s):
2021-11-06 13:09:26,182 [414c08ff-7683-4e40-9ba7-4aaff37af58e@group-950F038C74EB-LeaderElection86] INFO  impl.LeaderElection (LeaderElection.java:logAndReturn(93)) -   Response 0: 414c08ff-7683-4e40-9ba7-4aaff37af58e<-4d122ed7-1d51-49b3-a564-9cc0800ef9b5#0:FAIL-t4
2021-11-06 13:09:26,182 [414c08ff-7683-4e40-9ba7-4aaff37af58e@group-950F038C74EB-LeaderElection86] INFO  impl.LeaderElection (LeaderElection.java:logAndReturn(93)) -   Response 1: 414c08ff-7683-4e40-9ba7-4aaff37af58e<-41301224-b672-4531-af78-b462410ab6ac#0:OK-t4
2021-11-06 13:09:26,182 [414c08ff-7683-4e40-9ba7-4aaff37af58e@group-950F038C74EB-LeaderElection86] INFO  impl.LeaderElection (LeaderElection.java:askForVotes(308)) - 414c08ff-7683-4e40-9ba7-4aaff37af58e@group-950F038C74EB-LeaderElection86 ELECTION round 0: result REJECTED
2021-11-06 13:09:26,182 [414c08ff-7683-4e40-9ba7-4aaff37af58e@group-950F038C74EB-LeaderElection86] INFO  server.RaftServer$Division (RaftServerImpl.java:setRole(290)) - 414c08ff-7683-4e40-9ba7-4aaff37af58e@group-950F038C74EB: changes role from CANDIDATE to FOLLOWER at term 4 for REJECTED
2021-11-06 13:09:26,183 [414c08ff-7683-4e40-9ba7-4aaff37af58e@group-950F038C74EB-LeaderElection86] INFO  impl.RoleInfo (RoleInfo.java:shutdownLeaderElection(121)) - 414c08ff-7683-4e40-9ba7-4aaff37af58e: shutdown 414c08ff-7683-4e40-9ba7-4aaff37af58e@group-950F038C74EB-LeaderElection86
2021-11-06 13:09:26,183 [414c08ff-7683-4e40-9ba7-4aaff37af58e@group-950F038C74EB-LeaderElection86] INFO  impl.RoleInfo (RoleInfo.java:updateAndGet(130)) - 414c08ff-7683-4e40-9ba7-4aaff37af58e: start 414c08ff-7683-4e40-9ba7-4aaff37af58e@group-950F038C74EB-FollowerState
2021-11-06 13:09:28,899 [0eaea5f5-6746-43ea-ac9f-09b1ebc824b6@group-6EF6570EA239-FollowerState] INFO  impl.FollowerState (FollowerState.java:run(134)) - 0eaea5f5-6746-43ea-ac9f-09b1ebc824b6@group-6EF6570EA239-FollowerState: change to CANDIDATE, lastRpcElapsedTime:5036737920ns, electionTimeout:5036ms
2021-11-06 13:09:28,899 [0eaea5f5-6746-43ea-ac9f-09b1ebc824b6@group-6EF6570EA239-FollowerState] INFO  impl.RoleInfo (RoleInfo.java:shutdownFollowerState(108)) - 0eaea5f5-6746-43ea-ac9f-09b1ebc824b6: shutdown 0eaea5f5-6746-43ea-ac9f-09b1ebc824b6@group-6EF6570EA239-FollowerState
2021-11-06 13:09:28,899 [0eaea5f5-6746-43ea-ac9f-09b1ebc824b6@group-6EF6570EA239-FollowerState] INFO  server.RaftServer$Division (RaftServerImpl.java:setRole(290)) - 0eaea5f5-6746-43ea-ac9f-09b1ebc824b6@group-6EF6570EA239: changes role from  FOLLOWER to CANDIDATE at term 4 for changeToCandidate
2021-11-06 13:09:28,899 [0eaea5f5-6746-43ea-ac9f-09b1ebc824b6@group-6EF6570EA239-FollowerState] INFO  server.RaftServerConfigKeys (ConfUtils.java:logGet(44)) - raft.server.leaderelection.pre-vote = false (custom)
2021-11-06 13:09:28,899 [0eaea5f5-6746-43ea-ac9f-09b1ebc824b6@group-6EF6570EA239-FollowerState] INFO  impl.RoleInfo (RoleInfo.java:updateAndGet(130)) - 0eaea5f5-6746-43ea-ac9f-09b1ebc824b6: start 0eaea5f5-6746-43ea-ac9f-09b1ebc824b6@group-6EF6570EA239-LeaderElection87
2021-11-06 13:09:28,914 [0eaea5f5-6746-43ea-ac9f-09b1ebc824b6@group-6EF6570EA239-LeaderElection87] INFO  impl.LeaderElection (LeaderElection.java:askForVotes(306)) - 0eaea5f5-6746-43ea-ac9f-09b1ebc824b6@group-6EF6570EA239-LeaderElection87 ELECTION round 0: submit vote requests at term 5 for -1: [0eaea5f5-6746-43ea-ac9f-09b1ebc824b6|rpc:10.1.0.11:39423|priority:0, 5935a206-a598-494c-a9e6-46da022b00dd|rpc:10.1.0.11:43005|priority:0, ca2e1dc9-8c7f-42bc-b6bd-0370d79258f9|rpc:10.1.0.11:38687|priority:1], old=null
2021-11-06 13:09:28,916 [grpc-default-executor-3] INFO  server.RaftServer$Division (RaftServerImpl.java:requestVote(1046)) - 5935a206-a598-494c-a9e6-46da022b00dd@group-6EF6570EA239: receive requestVote(ELECTION, 0eaea5f5-6746-43ea-ac9f-09b1ebc824b6, group-6EF6570EA239, 5, (t:0, i:0))
2021-11-06 13:09:28,916 [grpc-default-executor-3] INFO  impl.VoteContext (VoteContext.java:log(48)) - 5935a206-a598-494c-a9e6-46da022b00dd@group-6EF6570EA239-FOLLOWER: accept ELECTION from 0eaea5f5-6746-43ea-ac9f-09b1ebc824b6: our priority 0 <= candidate's priority 0
2021-11-06 13:09:28,916 [grpc-default-executor-3] INFO  server.RaftServer$Division (RaftServerImpl.java:setRole(290)) - 5935a206-a598-494c-a9e6-46da022b00dd@group-6EF6570EA239: changes role from  FOLLOWER to FOLLOWER at term 5 for candidate:0eaea5f5-6746-43ea-ac9f-09b1ebc824b6
2021-11-06 13:09:28,917 [grpc-default-executor-3] INFO  impl.RoleInfo (RoleInfo.java:shutdownFollowerState(108)) - 5935a206-a598-494c-a9e6-46da022b00dd: shutdown 5935a206-a598-494c-a9e6-46da022b00dd@group-6EF6570EA239-FollowerState
2021-11-06 13:09:28,917 [grpc-default-executor-3] INFO  impl.RoleInfo (RoleInfo.java:updateAndGet(130)) - 5935a206-a598-494c-a9e6-46da022b00dd: start 5935a206-a598-494c-a9e6-46da022b00dd@group-6EF6570EA239-FollowerState
2021-11-06 13:09:28,917 [5935a206-a598-494c-a9e6-46da022b00dd@group-6EF6570EA239-FollowerState] INFO  impl.FollowerState (FollowerState.java:run(143)) - 5935a206-a598-494c-a9e6-46da022b00dd@group-6EF6570EA239-FollowerState was interrupted: {}
java.lang.InterruptedException: sleep interrupted
	at java.lang.Thread.sleep(Native Method)
	at java.lang.Thread.sleep(Thread.java:340)
	at java.util.concurrent.TimeUnit.sleep(TimeUnit.java:386)
	at org.apache.ratis.util.TimeDuration.sleep(TimeDuration.java:324)
	at org.apache.ratis.util.TimeDuration.sleep(TimeDuration.java:309)
	at org.apache.ratis.server.impl.FollowerState.run(FollowerState.java:118)
2021-11-06 13:09:28,922 [grpc-default-executor-1] INFO  server.RaftServer$Division (RaftServerImpl.java:requestVote(1046)) - ca2e1dc9-8c7f-42bc-b6bd-0370d79258f9@group-6EF6570EA239: receive requestVote(ELECTION, 0eaea5f5-6746-43ea-ac9f-09b1ebc824b6, group-6EF6570EA239, 5, (t:0, i:0))
2021-11-06 13:09:28,923 [grpc-default-executor-1] INFO  impl.VoteContext (VoteContext.java:log(48)) - ca2e1dc9-8c7f-42bc-b6bd-0370d79258f9@group-6EF6570EA239-FOLLOWER: reject ELECTION from 0eaea5f5-6746-43ea-ac9f-09b1ebc824b6: our last entry (t:2, i:0) > candidate's last entry (t:0, i:0)
2021-11-06 13:09:28,923 [grpc-default-executor-1] INFO  server.RaftServer$Division (RaftServerImpl.java:setRole(290)) - ca2e1dc9-8c7f-42bc-b6bd-0370d79258f9@group-6EF6570EA239: changes role from  FOLLOWER to FOLLOWER at term 5 for candidate:0eaea5f5-6746-43ea-ac9f-09b1ebc824b6
2021-11-06 13:09:28,923 [grpc-default-executor-1] INFO  impl.RoleInfo (RoleInfo.java:shutdownFollowerState(108)) - ca2e1dc9-8c7f-42bc-b6bd-0370d79258f9: shutdown ca2e1dc9-8c7f-42bc-b6bd-0370d79258f9@group-6EF6570EA239-FollowerState
2021-11-06 13:09:28,925 [grpc-default-executor-1] INFO  impl.RoleInfo (RoleInfo.java:updateAndGet(130)) - ca2e1dc9-8c7f-42bc-b6bd-0370d79258f9: start ca2e1dc9-8c7f-42bc-b6bd-0370d79258f9@group-6EF6570EA239-FollowerState
2021-11-06 13:09:28,925 [ca2e1dc9-8c7f-42bc-b6bd-0370d79258f9@group-6EF6570EA239-FollowerState] INFO  impl.FollowerState (FollowerState.java:run(143)) - ca2e1dc9-8c7f-42bc-b6bd-0370d79258f9@group-6EF6570EA239-FollowerState was interrupted: {}
java.lang.InterruptedException: sleep interrupted
	at java.lang.Thread.sleep(Native Method)
	at java.lang.Thread.sleep(Thread.java:340)
	at java.util.concurrent.TimeUnit.sleep(TimeUnit.java:386)
	at org.apache.ratis.util.TimeDuration.sleep(TimeDuration.java:324)
	at org.apache.ratis.util.TimeDuration.sleep(TimeDuration.java:309)
	at org.apache.ratis.server.impl.FollowerState.run(FollowerState.java:118)
2021-11-06 13:09:28,927 [grpc-default-executor-3] INFO  server.RaftServer$Division (RaftServerImpl.java:requestVote(1078)) - 5935a206-a598-494c-a9e6-46da022b00dd@group-6EF6570EA239 replies to ELECTION vote request: 0eaea5f5-6746-43ea-ac9f-09b1ebc824b6<-5935a206-a598-494c-a9e6-46da022b00dd#0:OK-t5. Peer's state: 5935a206-a598-494c-a9e6-46da022b00dd@group-6EF6570EA239:t5, leader=null, voted=0eaea5f5-6746-43ea-ac9f-09b1ebc824b6, raftlog=5935a206-a598-494c-a9e6-46da022b00dd@group-6EF6570EA239-SegmentedRaftLog:OPENED:c-1, conf=-1: [0eaea5f5-6746-43ea-ac9f-09b1ebc824b6|rpc:10.1.0.11:39423|dataStream:|priority:0, 5935a206-a598-494c-a9e6-46da022b00dd|rpc:10.1.0.11:43005|dataStream:|priority:0, ca2e1dc9-8c7f-42bc-b6bd-0370d79258f9|rpc:10.1.0.11:38687|dataStream:|priority:1], old=null
2021-11-06 13:09:28,943 [grpc-default-executor-1] INFO  server.RaftServer$Division (RaftServerImpl.java:requestVote(1078)) - ca2e1dc9-8c7f-42bc-b6bd-0370d79258f9@group-6EF6570EA239 replies to ELECTION vote request: 0eaea5f5-6746-43ea-ac9f-09b1ebc824b6<-ca2e1dc9-8c7f-42bc-b6bd-0370d79258f9#0:FAIL-t5. Peer's state: ca2e1dc9-8c7f-42bc-b6bd-0370d79258f9@group-6EF6570EA239:t5, leader=null, voted=null, raftlog=ca2e1dc9-8c7f-42bc-b6bd-0370d79258f9@group-6EF6570EA239-SegmentedRaftLog:OPENED:c0, conf=0: [0eaea5f5-6746-43ea-ac9f-09b1ebc824b6|rpc:10.1.0.11:39423|dataStream:|priority:0, 5935a206-a598-494c-a9e6-46da022b00dd|rpc:10.1.0.11:43005|dataStream:|priority:0, ca2e1dc9-8c7f-42bc-b6bd-0370d79258f9|rpc:10.1.0.11:38687|dataStream:|priority:1], old=null
2021-11-06 13:09:28,946 [0eaea5f5-6746-43ea-ac9f-09b1ebc824b6@group-6EF6570EA239-LeaderElection87] INFO  impl.LeaderElection (LeaderElection.java:logAndReturn(89)) - 0eaea5f5-6746-43ea-ac9f-09b1ebc824b6@group-6EF6570EA239-LeaderElection87: ELECTION REJECTED received 2 response(s) and 0 exception(s):
2021-11-06 13:09:28,946 [0eaea5f5-6746-43ea-ac9f-09b1ebc824b6@group-6EF6570EA239-LeaderElection87] INFO  impl.LeaderElection (LeaderElection.java:logAndReturn(93)) -   Response 0: 0eaea5f5-6746-43ea-ac9f-09b1ebc824b6<-5935a206-a598-494c-a9e6-46da022b00dd#0:OK-t5
2021-11-06 13:09:28,946 [0eaea5f5-6746-43ea-ac9f-09b1ebc824b6@group-6EF6570EA239-LeaderElection87] INFO  impl.LeaderElection (LeaderElection.java:logAndReturn(93)) -   Response 1: 0eaea5f5-6746-43ea-ac9f-09b1ebc824b6<-ca2e1dc9-8c7f-42bc-b6bd-0370d79258f9#0:FAIL-t5
2021-11-06 13:09:28,946 [0eaea5f5-6746-43ea-ac9f-09b1ebc824b6@group-6EF6570EA239-LeaderElection87] INFO  impl.LeaderElection (LeaderElection.java:askForVotes(308)) - 0eaea5f5-6746-43ea-ac9f-09b1ebc824b6@group-6EF6570EA239-LeaderElection87 ELECTION round 0: result REJECTED
2021-11-06 13:09:28,946 [0eaea5f5-6746-43ea-ac9f-09b1ebc824b6@group-6EF6570EA239-LeaderElection87] INFO  server.RaftServer$Division (RaftServerImpl.java:setRole(290)) - 0eaea5f5-6746-43ea-ac9f-09b1ebc824b6@group-6EF6570EA239: changes role from CANDIDATE to FOLLOWER at term 5 for REJECTED
2021-11-06 13:09:28,946 [0eaea5f5-6746-43ea-ac9f-09b1ebc824b6@group-6EF6570EA239-LeaderElection87] INFO  impl.RoleInfo (RoleInfo.java:shutdownLeaderElection(121)) - 0eaea5f5-6746-43ea-ac9f-09b1ebc824b6: shutdown 0eaea5f5-6746-43ea-ac9f-09b1ebc824b6@group-6EF6570EA239-LeaderElection87
2021-11-06 13:09:28,946 [0eaea5f5-6746-43ea-ac9f-09b1ebc824b6@group-6EF6570EA239-LeaderElection87] INFO  impl.RoleInfo (RoleInfo.java:updateAndGet(130)) - 0eaea5f5-6746-43ea-ac9f-09b1ebc824b6: start 0eaea5f5-6746-43ea-ac9f-09b1ebc824b6@group-6EF6570EA239-FollowerState
2021-11-06 13:09:31,269 [41301224-b672-4531-af78-b462410ab6ac@group-950F038C74EB-FollowerState] INFO  impl.FollowerState (FollowerState.java:run(134)) - 41301224-b672-4531-af78-b462410ab6ac@group-950F038C74EB-FollowerState: change to CANDIDATE, lastRpcElapsedTime:5106066764ns, electionTimeout:5099ms
2021-11-06 13:09:31,269 [41301224-b672-4531-af78-b462410ab6ac@group-950F038C74EB-FollowerState] INFO  impl.RoleInfo (RoleInfo.java:shutdownFollowerState(108)) - 41301224-b672-4531-af78-b462410ab6ac: shutdown 41301224-b672-4531-af78-b462410ab6ac@group-950F038C74EB-FollowerState
2021-11-06 13:09:31,269 [41301224-b672-4531-af78-b462410ab6ac@group-950F038C74EB-FollowerState] INFO  server.RaftServer$Division (RaftServerImpl.java:setRole(290)) - 41301224-b672-4531-af78-b462410ab6ac@group-950F038C74EB: changes role from  FOLLOWER to CANDIDATE at term 4 for changeToCandidate
2021-11-06 13:09:31,269 [41301224-b672-4531-af78-b462410ab6ac@group-950F038C74EB-FollowerState] INFO  server.RaftServerConfigKeys (ConfUtils.java:logGet(44)) - raft.server.leaderelection.pre-vote = false (custom)
2021-11-06 13:09:31,269 [41301224-b672-4531-af78-b462410ab6ac@group-950F038C74EB-FollowerState] INFO  impl.RoleInfo (RoleInfo.java:updateAndGet(130)) - 41301224-b672-4531-af78-b462410ab6ac: start 41301224-b672-4531-af78-b462410ab6ac@group-950F038C74EB-LeaderElection88
2021-11-06 13:09:31,272 [41301224-b672-4531-af78-b462410ab6ac@group-950F038C74EB-LeaderElection88] INFO  impl.LeaderElection (LeaderElection.java:askForVotes(306)) - 41301224-b672-4531-af78-b462410ab6ac@group-950F038C74EB-LeaderElection88 ELECTION round 0: submit vote requests at term 5 for -1: [4d122ed7-1d51-49b3-a564-9cc0800ef9b5|rpc:10.1.0.11:44073|priority:1, 414c08ff-7683-4e40-9ba7-4aaff37af58e|rpc:10.1.0.11:42123|priority:0, 41301224-b672-4531-af78-b462410ab6ac|rpc:10.1.0.11:45193|priority:0], old=null
2021-11-06 13:09:31,274 [414c08ff-7683-4e40-9ba7-4aaff37af58e@group-950F038C74EB-FollowerState] INFO  impl.FollowerState (FollowerState.java:run(134)) - 414c08ff-7683-4e40-9ba7-4aaff37af58e@group-950F038C74EB-FollowerState: change to CANDIDATE, lastRpcElapsedTime:5091164227ns, electionTimeout:5090ms
2021-11-06 13:09:31,274 [414c08ff-7683-4e40-9ba7-4aaff37af58e@group-950F038C74EB-FollowerState] INFO  impl.RoleInfo (RoleInfo.java:shutdownFollowerState(108)) - 414c08ff-7683-4e40-9ba7-4aaff37af58e: shutdown 414c08ff-7683-4e40-9ba7-4aaff37af58e@group-950F038C74EB-FollowerState
2021-11-06 13:09:31,274 [414c08ff-7683-4e40-9ba7-4aaff37af58e@group-950F038C74EB-FollowerState] INFO  server.RaftServer$Division (RaftServerImpl.java:setRole(290)) - 414c08ff-7683-4e40-9ba7-4aaff37af58e@group-950F038C74EB: changes role from  FOLLOWER to CANDIDATE at term 4 for changeToCandidate
2021-11-06 13:09:31,274 [414c08ff-7683-4e40-9ba7-4aaff37af58e@group-950F038C74EB-FollowerState] INFO  server.RaftServerConfigKeys (ConfUtils.java:logGet(44)) - raft.server.leaderelection.pre-vote = false (custom)
2021-11-06 13:09:31,274 [414c08ff-7683-4e40-9ba7-4aaff37af58e@group-950F038C74EB-FollowerState] INFO  impl.RoleInfo (RoleInfo.java:updateAndGet(130)) - 414c08ff-7683-4e40-9ba7-4aaff37af58e: start 414c08ff-7683-4e40-9ba7-4aaff37af58e@group-950F038C74EB-LeaderElection89
2021-11-06 13:09:31,274 [grpc-default-executor-1] INFO  server.RaftServer$Division (RaftServerImpl.java:requestVote(1046)) - 4d122ed7-1d51-49b3-a564-9cc0800ef9b5@group-950F038C74EB: receive requestVote(ELECTION, 41301224-b672-4531-af78-b462410ab6ac, group-950F038C74EB, 5, (t:0, i:0))
2021-11-06 13:09:31,274 [grpc-default-executor-1] INFO  impl.VoteContext (VoteContext.java:log(48)) - 4d122ed7-1d51-49b3-a564-9cc0800ef9b5@group-950F038C74EB-FOLLOWER: reject ELECTION from 41301224-b672-4531-af78-b462410ab6ac: our priority 1 > candidate's priority 0
2021-11-06 13:09:31,275 [grpc-default-executor-1] INFO  server.RaftServer$Division (RaftServerImpl.java:setRole(290)) - 4d122ed7-1d51-49b3-a564-9cc0800ef9b5@group-950F038C74EB: changes role from  FOLLOWER to FOLLOWER at term 5 for candidate:41301224-b672-4531-af78-b462410ab6ac
2021-11-06 13:09:31,275 [grpc-default-executor-1] INFO  impl.RoleInfo (RoleInfo.java:shutdownFollowerState(108)) - 4d122ed7-1d51-49b3-a564-9cc0800ef9b5: shutdown 4d122ed7-1d51-49b3-a564-9cc0800ef9b5@group-950F038C74EB-FollowerState
2021-11-06 13:09:31,277 [grpc-default-executor-3] INFO  server.RaftServer$Division (RaftServerImpl.java:requestVote(1046)) - 414c08ff-7683-4e40-9ba7-4aaff37af58e@group-950F038C74EB: receive requestVote(ELECTION, 41301224-b672-4531-af78-b462410ab6ac, group-950F038C74EB, 5, (t:0, i:0))
2021-11-06 13:09:31,279 [grpc-default-executor-1] INFO  impl.RoleInfo (RoleInfo.java:updateAndGet(130)) - 4d122ed7-1d51-49b3-a564-9cc0800ef9b5: start 4d122ed7-1d51-49b3-a564-9cc0800ef9b5@group-950F038C74EB-FollowerState
2021-11-06 13:09:31,280 [4d122ed7-1d51-49b3-a564-9cc0800ef9b5@group-950F038C74EB-FollowerState] INFO  impl.FollowerState (FollowerState.java:run(143)) - 4d122ed7-1d51-49b3-a564-9cc0800ef9b5@group-950F038C74EB-FollowerState was interrupted: {}
java.lang.InterruptedException: sleep interrupted
	at java.lang.Thread.sleep(Native Method)
	at java.lang.Thread.sleep(Thread.java:340)
	at java.util.concurrent.TimeUnit.sleep(TimeUnit.java:386)
	at org.apache.ratis.util.TimeDuration.sleep(TimeDuration.java:324)
	at org.apache.ratis.util.TimeDuration.sleep(TimeDuration.java:309)
	at org.apache.ratis.server.impl.FollowerState.run(FollowerState.java:118)
2021-11-06 13:09:31,283 [grpc-default-executor-1] INFO  server.RaftServer$Division (RaftServerImpl.java:requestVote(1078)) - 4d122ed7-1d51-49b3-a564-9cc0800ef9b5@group-950F038C74EB replies to ELECTION vote request: 41301224-b672-4531-af78-b462410ab6ac<-4d122ed7-1d51-49b3-a564-9cc0800ef9b5#0:FAIL-t5. Peer's state: 4d122ed7-1d51-49b3-a564-9cc0800ef9b5@group-950F038C74EB:t5, leader=null, voted=null, raftlog=4d122ed7-1d51-49b3-a564-9cc0800ef9b5@group-950F038C74EB-SegmentedRaftLog:OPENED:c-1, conf=-1: [4d122ed7-1d51-49b3-a564-9cc0800ef9b5|rpc:10.1.0.11:44073|dataStream:|priority:1, 414c08ff-7683-4e40-9ba7-4aaff37af58e|rpc:10.1.0.11:42123|dataStream:|priority:0, 41301224-b672-4531-af78-b462410ab6ac|rpc:10.1.0.11:45193|dataStream:|priority:0], old=null
2021-11-06 13:09:31,284 [41301224-b672-4531-af78-b462410ab6ac@group-950F038C74EB-LeaderElection88] INFO  impl.LeaderElection (LeaderElection.java:logAndReturn(89)) - 41301224-b672-4531-af78-b462410ab6ac@group-950F038C74EB-LeaderElection88: ELECTION REJECTED received 1 response(s) and 0 exception(s):
2021-11-06 13:09:31,284 [41301224-b672-4531-af78-b462410ab6ac@group-950F038C74EB-LeaderElection88] INFO  impl.LeaderElection (LeaderElection.java:logAndReturn(93)) -   Response 0: 41301224-b672-4531-af78-b462410ab6ac<-4d122ed7-1d51-49b3-a564-9cc0800ef9b5#0:FAIL-t5
2021-11-06 13:09:31,285 [41301224-b672-4531-af78-b462410ab6ac@group-950F038C74EB-LeaderElection88] INFO  impl.LeaderElection (LeaderElection.java:askForVotes(308)) - 41301224-b672-4531-af78-b462410ab6ac@group-950F038C74EB-LeaderElection88 ELECTION round 0: result REJECTED
2021-11-06 13:09:31,285 [41301224-b672-4531-af78-b462410ab6ac@group-950F038C74EB-LeaderElection88] INFO  server.RaftServer$Division (RaftServerImpl.java:setRole(290)) - 41301224-b672-4531-af78-b462410ab6ac@group-950F038C74EB: changes role from CANDIDATE to FOLLOWER at term 5 for REJECTED
2021-11-06 13:09:31,285 [41301224-b672-4531-af78-b462410ab6ac@group-950F038C74EB-LeaderElection88] INFO  impl.RoleInfo (RoleInfo.java:shutdownLeaderElection(121)) - 41301224-b672-4531-af78-b462410ab6ac: shutdown 41301224-b672-4531-af78-b462410ab6ac@group-950F038C74EB-LeaderElection88
2021-11-06 13:09:31,285 [41301224-b672-4531-af78-b462410ab6ac@group-950F038C74EB-LeaderElection88] INFO  impl.RoleInfo (RoleInfo.java:updateAndGet(130)) - 41301224-b672-4531-af78-b462410ab6ac: start 41301224-b672-4531-af78-b462410ab6ac@group-950F038C74EB-FollowerState
2021-11-06 13:09:31,295 [414c08ff-7683-4e40-9ba7-4aaff37af58e@group-950F038C74EB-LeaderElection89] INFO  impl.LeaderElection (LeaderElection.java:askForVotes(306)) - 414c08ff-7683-4e40-9ba7-4aaff37af58e@group-950F038C74EB-LeaderElection89 ELECTION round 0: submit vote requests at term 5 for -1: [4d122ed7-1d51-49b3-a564-9cc0800ef9b5|rpc:10.1.0.11:44073|dataStream:|priority:1, 414c08ff-7683-4e40-9ba7-4aaff37af58e|rpc:10.1.0.11:42123|dataStream:|priority:0, 41301224-b672-4531-af78-b462410ab6ac|rpc:10.1.0.11:45193|dataStream:|priority:0], old=null
2021-11-06 13:09:31,295 [grpc-default-executor-3] INFO  impl.VoteContext (VoteContext.java:log(48)) - 414c08ff-7683-4e40-9ba7-4aaff37af58e@group-950F038C74EB-CANDIDATE: reject ELECTION from 41301224-b672-4531-af78-b462410ab6ac: already has voted for 414c08ff-7683-4e40-9ba7-4aaff37af58e at current term 5
2021-11-06 13:09:31,295 [grpc-default-executor-3] INFO  server.RaftServer$Division (RaftServerImpl.java:requestVote(1078)) - 414c08ff-7683-4e40-9ba7-4aaff37af58e@group-950F038C74EB replies to ELECTION vote request: 41301224-b672-4531-af78-b462410ab6ac<-414c08ff-7683-4e40-9ba7-4aaff37af58e#0:FAIL-t5. Peer's state: 414c08ff-7683-4e40-9ba7-4aaff37af58e@group-950F038C74EB:t5, leader=null, voted=414c08ff-7683-4e40-9ba7-4aaff37af58e, raftlog=414c08ff-7683-4e40-9ba7-4aaff37af58e@group-950F038C74EB-SegmentedRaftLog:OPENED:c-1, conf=-1: [4d122ed7-1d51-49b3-a564-9cc0800ef9b5|rpc:10.1.0.11:44073|dataStream:|priority:1, 414c08ff-7683-4e40-9ba7-4aaff37af58e|rpc:10.1.0.11:42123|dataStream:|priority:0, 41301224-b672-4531-af78-b462410ab6ac|rpc:10.1.0.11:45193|dataStream:|priority:0], old=null
2021-11-06 13:09:31,307 [grpc-default-executor-1] INFO  server.RaftServer$Division (RaftServerImpl.java:requestVote(1046)) - 41301224-b672-4531-af78-b462410ab6ac@group-950F038C74EB: receive requestVote(ELECTION, 414c08ff-7683-4e40-9ba7-4aaff37af58e, group-950F038C74EB, 5, (t:0, i:0))
2021-11-06 13:09:31,307 [grpc-default-executor-1] INFO  impl.VoteContext (VoteContext.java:log(48)) - 41301224-b672-4531-af78-b462410ab6ac@group-950F038C74EB-FOLLOWER: reject ELECTION from 414c08ff-7683-4e40-9ba7-4aaff37af58e: already has voted for 41301224-b672-4531-af78-b462410ab6ac at current term 5
2021-11-06 13:09:31,307 [grpc-default-executor-1] INFO  server.RaftServer$Division (RaftServerImpl.java:requestVote(1078)) - 41301224-b672-4531-af78-b462410ab6ac@group-950F038C74EB replies to ELECTION vote request: 414c08ff-7683-4e40-9ba7-4aaff37af58e<-41301224-b672-4531-af78-b462410ab6ac#0:FAIL-t5. Peer's state: 41301224-b672-4531-af78-b462410ab6ac@group-950F038C74EB:t5, leader=null, voted=41301224-b672-4531-af78-b462410ab6ac, raftlog=41301224-b672-4531-af78-b462410ab6ac@group-950F038C74EB-SegmentedRaftLog:OPENED:c-1, conf=-1: [4d122ed7-1d51-49b3-a564-9cc0800ef9b5|rpc:10.1.0.11:44073|priority:1, 414c08ff-7683-4e40-9ba7-4aaff37af58e|rpc:10.1.0.11:42123|priority:0, 41301224-b672-4531-af78-b462410ab6ac|rpc:10.1.0.11:45193|priority:0], old=null
2021-11-06 13:09:31,308 [grpc-default-executor-3] INFO  server.RaftServer$Division (RaftServerImpl.java:requestVote(1046)) - 4d122ed7-1d51-49b3-a564-9cc0800ef9b5@group-950F038C74EB: receive requestVote(ELECTION, 414c08ff-7683-4e40-9ba7-4aaff37af58e, group-950F038C74EB, 5, (t:0, i:0))
2021-11-06 13:09:31,308 [grpc-default-executor-3] INFO  impl.VoteContext (VoteContext.java:log(48)) - 4d122ed7-1d51-49b3-a564-9cc0800ef9b5@group-950F038C74EB-FOLLOWER: reject ELECTION from 414c08ff-7683-4e40-9ba7-4aaff37af58e: our priority 1 > candidate's priority 0
2021-11-06 13:09:31,308 [grpc-default-executor-3] INFO  server.RaftServer$Division (RaftServerImpl.java:setRole(290)) - 4d122ed7-1d51-49b3-a564-9cc0800ef9b5@group-950F038C74EB: changes role from  FOLLOWER to FOLLOWER at term 5 for candidate:414c08ff-7683-4e40-9ba7-4aaff37af58e
2021-11-06 13:09:31,308 [grpc-default-executor-3] INFO  impl.RoleInfo (RoleInfo.java:shutdownFollowerState(108)) - 4d122ed7-1d51-49b3-a564-9cc0800ef9b5: shutdown 4d122ed7-1d51-49b3-a564-9cc0800ef9b5@group-950F038C74EB-FollowerState
2021-11-06 13:09:31,308 [grpc-default-executor-3] INFO  impl.RoleInfo (RoleInfo.java:updateAndGet(130)) - 4d122ed7-1d51-49b3-a564-9cc0800ef9b5: start 4d122ed7-1d51-49b3-a564-9cc0800ef9b5@group-950F038C74EB-FollowerState
2021-11-06 13:09:31,317 [4d122ed7-1d51-49b3-a564-9cc0800ef9b5@group-950F038C74EB-FollowerState] INFO  impl.FollowerState (FollowerState.java:run(143)) - 4d122ed7-1d51-49b3-a564-9cc0800ef9b5@group-950F038C74EB-FollowerState was interrupted: {}
java.lang.InterruptedException: sleep interrupted
	at java.lang.Thread.sleep(Native Method)
	at java.lang.Thread.sleep(Thread.java:340)
	at java.util.concurrent.TimeUnit.sleep(TimeUnit.java:386)
	at org.apache.ratis.util.TimeDuration.sleep(TimeDuration.java:324)
	at org.apache.ratis.util.TimeDuration.sleep(TimeDuration.java:309)
	at org.apache.ratis.server.impl.FollowerState.run(FollowerState.java:118)
2021-11-06 13:09:31,334 [grpc-default-executor-3] INFO  server.RaftServer$Division (RaftServerImpl.java:requestVote(1078)) - 4d122ed7-1d51-49b3-a564-9cc0800ef9b5@group-950F038C74EB replies to ELECTION vote request: 414c08ff-7683-4e40-9ba7-4aaff37af58e<-4d122ed7-1d51-49b3-a564-9cc0800ef9b5#0:FAIL-t5. Peer's state: 4d122ed7-1d51-49b3-a564-9cc0800ef9b5@group-950F038C74EB:t5, leader=null, voted=null, raftlog=4d122ed7-1d51-49b3-a564-9cc0800ef9b5@group-950F038C74EB-SegmentedRaftLog:OPENED:c-1, conf=-1: [4d122ed7-1d51-49b3-a564-9cc0800ef9b5|rpc:10.1.0.11:44073|dataStream:|priority:1, 414c08ff-7683-4e40-9ba7-4aaff37af58e|rpc:10.1.0.11:42123|dataStream:|priority:0, 41301224-b672-4531-af78-b462410ab6ac|rpc:10.1.0.11:45193|dataStream:|priority:0], old=null
2021-11-06 13:09:31,335 [414c08ff-7683-4e40-9ba7-4aaff37af58e@group-950F038C74EB-LeaderElection89] INFO  impl.LeaderElection (LeaderElection.java:logAndReturn(89)) - 414c08ff-7683-4e40-9ba7-4aaff37af58e@group-950F038C74EB-LeaderElection89: ELECTION REJECTED received 1 response(s) and 0 exception(s):
2021-11-06 13:09:31,335 [414c08ff-7683-4e40-9ba7-4aaff37af58e@group-950F038C74EB-LeaderElection89] INFO  impl.LeaderElection (LeaderElection.java:logAndReturn(93)) -   Response 0: 414c08ff-7683-4e40-9ba7-4aaff37af58e<-4d122ed7-1d51-49b3-a564-9cc0800ef9b5#0:FAIL-t5
2021-11-06 13:09:31,335 [414c08ff-7683-4e40-9ba7-4aaff37af58e@group-950F038C74EB-LeaderElection89] INFO  impl.LeaderElection (LeaderElection.java:askForVotes(308)) - 414c08ff-7683-4e40-9ba7-4aaff37af58e@group-950F038C74EB-LeaderElection89 ELECTION round 0: result REJECTED
2021-11-06 13:09:31,335 [414c08ff-7683-4e40-9ba7-4aaff37af58e@group-950F038C74EB-LeaderElection89] INFO  server.RaftServer$Division (RaftServerImpl.java:setRole(290)) - 414c08ff-7683-4e40-9ba7-4aaff37af58e@group-950F038C74EB: changes role from CANDIDATE to FOLLOWER at term 5 for REJECTED
2021-11-06 13:09:31,335 [414c08ff-7683-4e40-9ba7-4aaff37af58e@group-950F038C74EB-LeaderElection89] INFO  impl.RoleInfo (RoleInfo.java:shutdownLeaderElection(121)) - 414c08ff-7683-4e40-9ba7-4aaff37af58e: shutdown 414c08ff-7683-4e40-9ba7-4aaff37af58e@group-950F038C74EB-LeaderElection89
2021-11-06 13:09:31,336 [414c08ff-7683-4e40-9ba7-4aaff37af58e@group-950F038C74EB-LeaderElection89] INFO  impl.RoleInfo (RoleInfo.java:updateAndGet(130)) - 414c08ff-7683-4e40-9ba7-4aaff37af58e: start 414c08ff-7683-4e40-9ba7-4aaff37af58e@group-950F038C74EB-FollowerState
2021-11-06 13:09:33,993 [5935a206-a598-494c-a9e6-46da022b00dd@group-6EF6570EA239-FollowerState] INFO  impl.FollowerState (FollowerState.java:run(134)) - 5935a206-a598-494c-a9e6-46da022b00dd@group-6EF6570EA239-FollowerState: change to CANDIDATE, lastRpcElapsedTime:5066809538ns, electionTimeout:5066ms
2021-11-06 13:09:33,993 [5935a206-a598-494c-a9e6-46da022b00dd@group-6EF6570EA239-FollowerState] INFO  impl.RoleInfo (RoleInfo.java:shutdownFollowerState(108)) - 5935a206-a598-494c-a9e6-46da022b00dd: shutdown 5935a206-a598-494c-a9e6-46da022b00dd@group-6EF6570EA239-FollowerState
2021-11-06 13:09:33,993 [5935a206-a598-494c-a9e6-46da022b00dd@group-6EF6570EA239-FollowerState] INFO  server.RaftServer$Division (RaftServerImpl.java:setRole(290)) - 5935a206-a598-494c-a9e6-46da022b00dd@group-6EF6570EA239: changes role from  FOLLOWER to CANDIDATE at term 5 for changeToCandidate
2021-11-06 13:09:33,994 [5935a206-a598-494c-a9e6-46da022b00dd@group-6EF6570EA239-FollowerState] INFO  server.RaftServerConfigKeys (ConfUtils.java:logGet(44)) - raft.server.leaderelection.pre-vote = false (custom)
2021-11-06 13:09:33,994 [5935a206-a598-494c-a9e6-46da022b00dd@group-6EF6570EA239-FollowerState] INFO  impl.RoleInfo (RoleInfo.java:updateAndGet(130)) - 5935a206-a598-494c-a9e6-46da022b00dd: start 5935a206-a598-494c-a9e6-46da022b00dd@group-6EF6570EA239-LeaderElection90
2021-11-06 13:09:34,007 [5935a206-a598-494c-a9e6-46da022b00dd@group-6EF6570EA239-LeaderElection90] INFO  impl.LeaderElection (LeaderElection.java:askForVotes(306)) - 5935a206-a598-494c-a9e6-46da022b00dd@group-6EF6570EA239-LeaderElection90 ELECTION round 0: submit vote requests at term 6 for -1: [0eaea5f5-6746-43ea-ac9f-09b1ebc824b6|rpc:10.1.0.11:39423|dataStream:|priority:0, 5935a206-a598-494c-a9e6-46da022b00dd|rpc:10.1.0.11:43005|dataStream:|priority:0, ca2e1dc9-8c7f-42bc-b6bd-0370d79258f9|rpc:10.1.0.11:38687|dataStream:|priority:1], old=null
2021-11-06 13:09:34,061 [ca2e1dc9-8c7f-42bc-b6bd-0370d79258f9@group-6EF6570EA239-FollowerState] INFO  impl.FollowerState (FollowerState.java:run(134)) - ca2e1dc9-8c7f-42bc-b6bd-0370d79258f9@group-6EF6570EA239-FollowerState: change to CANDIDATE, lastRpcElapsedTime:5136236407ns, electionTimeout:5119ms
2021-11-06 13:09:34,062 [ca2e1dc9-8c7f-42bc-b6bd-0370d79258f9@group-6EF6570EA239-FollowerState] INFO  impl.RoleInfo (RoleInfo.java:shutdownFollowerState(108)) - ca2e1dc9-8c7f-42bc-b6bd-0370d79258f9: shutdown ca2e1dc9-8c7f-42bc-b6bd-0370d79258f9@group-6EF6570EA239-FollowerState
2021-11-06 13:09:34,062 [ca2e1dc9-8c7f-42bc-b6bd-0370d79258f9@group-6EF6570EA239-FollowerState] INFO  server.RaftServer$Division (RaftServerImpl.java:setRole(290)) - ca2e1dc9-8c7f-42bc-b6bd-0370d79258f9@group-6EF6570EA239: changes role from  FOLLOWER to CANDIDATE at term 5 for changeToCandidate
2021-11-06 13:09:34,063 [grpc-default-executor-3] INFO  server.RaftServer$Division (RaftServerImpl.java:requestVote(1046)) - 0eaea5f5-6746-43ea-ac9f-09b1ebc824b6@group-6EF6570EA239: receive requestVote(ELECTION, 5935a206-a598-494c-a9e6-46da022b00dd, group-6EF6570EA239, 6, (t:0, i:0))
2021-11-06 13:09:34,063 [grpc-default-executor-3] INFO  impl.VoteContext (VoteContext.java:log(48)) - 0eaea5f5-6746-43ea-ac9f-09b1ebc824b6@group-6EF6570EA239-FOLLOWER: accept ELECTION from 5935a206-a598-494c-a9e6-46da022b00dd: our priority 0 <= candidate's priority 0
2021-11-06 13:09:34,063 [grpc-default-executor-3] INFO  server.RaftServer$Division (RaftServerImpl.java:setRole(290)) - 0eaea5f5-6746-43ea-ac9f-09b1ebc824b6@group-6EF6570EA239: changes role from  FOLLOWER to FOLLOWER at term 6 for candidate:5935a206-a598-494c-a9e6-46da022b00dd
2021-11-06 13:09:34,063 [grpc-default-executor-3] INFO  impl.RoleInfo (RoleInfo.java:shutdownFollowerState(108)) - 0eaea5f5-6746-43ea-ac9f-09b1ebc824b6: shutdown 0eaea5f5-6746-43ea-ac9f-09b1ebc824b6@group-6EF6570EA239-FollowerState
2021-11-06 13:09:34,095 [grpc-default-executor-3] INFO  impl.RoleInfo (RoleInfo.java:updateAndGet(130)) - 0eaea5f5-6746-43ea-ac9f-09b1ebc824b6: start 0eaea5f5-6746-43ea-ac9f-09b1ebc824b6@group-6EF6570EA239-FollowerState
2021-11-06 13:09:34,095 [0eaea5f5-6746-43ea-ac9f-09b1ebc824b6@group-6EF6570EA239-FollowerState] INFO  impl.FollowerState (FollowerState.java:run(143)) - 0eaea5f5-6746-43ea-ac9f-09b1ebc824b6@group-6EF6570EA239-FollowerState was interrupted: {}
java.lang.InterruptedException: sleep interrupted
	at java.lang.Thread.sleep(Native Method)
	at java.lang.Thread.sleep(Thread.java:340)
	at java.util.concurrent.TimeUnit.sleep(TimeUnit.java:386)
	at org.apache.ratis.util.TimeDuration.sleep(TimeDuration.java:324)
	at org.apache.ratis.util.TimeDuration.sleep(TimeDuration.java:309)
	at org.apache.ratis.server.impl.FollowerState.run(FollowerState.java:118)
2021-11-06 13:09:34,115 [ca2e1dc9-8c7f-42bc-b6bd-0370d79258f9@group-6EF6570EA239-FollowerState] INFO  server.RaftServerConfigKeys (ConfUtils.java:logGet(44)) - raft.server.leaderelection.pre-vote = false (custom)
2021-11-06 13:09:34,135 [ca2e1dc9-8c7f-42bc-b6bd-0370d79258f9@group-6EF6570EA239-FollowerState] INFO  impl.RoleInfo (RoleInfo.java:updateAndGet(130)) - ca2e1dc9-8c7f-42bc-b6bd-0370d79258f9: start ca2e1dc9-8c7f-42bc-b6bd-0370d79258f9@group-6EF6570EA239-LeaderElection91
2021-11-06 13:09:34,125 [Listener at 127.0.0.1/34591] INFO  ozone.MiniOzoneClusterImpl (MiniOzoneClusterImpl.java:shutdown(453)) - Shutting down the Mini Ozone Cluster
2021-11-06 13:09:34,135 [Listener at 127.0.0.1/34591] INFO  ozone.MiniOzoneClusterImpl (MiniOzoneClusterImpl.java:stop(468)) - Stopping the Mini Ozone Cluster
2021-11-06 13:09:34,135 [Listener at 127.0.0.1/34591] INFO  ozone.MiniOzoneClusterImpl (MiniOzoneClusterImpl.java:stopOM(550)) - Stopping the OzoneManager
2021-11-06 13:09:34,135 [Listener at 127.0.0.1/34591] INFO  om.OzoneManager (OzoneManager.java:stop(1697)) - Stopping Ozone Manager
2021-11-06 13:09:34,135 [Listener at 127.0.0.1/34591] INFO  ipc.Server (Server.java:stop(3414)) - Stopping server on 34591
2021-11-06 13:09:34,119 [grpc-default-executor-3] INFO  server.RaftServer$Division (RaftServerImpl.java:requestVote(1078)) - 0eaea5f5-6746-43ea-ac9f-09b1ebc824b6@group-6EF6570EA239 replies to ELECTION vote request: 5935a206-a598-494c-a9e6-46da022b00dd<-0eaea5f5-6746-43ea-ac9f-09b1ebc824b6#0:OK-t6. Peer's state: 0eaea5f5-6746-43ea-ac9f-09b1ebc824b6@group-6EF6570EA239:t6, leader=null, voted=5935a206-a598-494c-a9e6-46da022b00dd, raftlog=0eaea5f5-6746-43ea-ac9f-09b1ebc824b6@group-6EF6570EA239-SegmentedRaftLog:OPENED:c-1, conf=-1: [0eaea5f5-6746-43ea-ac9f-09b1ebc824b6|rpc:10.1.0.11:39423|priority:0, 5935a206-a598-494c-a9e6-46da022b00dd|rpc:10.1.0.11:43005|priority:0, ca2e1dc9-8c7f-42bc-b6bd-0370d79258f9|rpc:10.1.0.11:38687|priority:1], old=null
2021-11-06 13:09:34,119 [grpc-default-executor-4] INFO  server.RaftServer$Division (RaftServerImpl.java:requestVote(1046)) - ca2e1dc9-8c7f-42bc-b6bd-0370d79258f9@group-6EF6570EA239: receive requestVote(ELECTION, 5935a206-a598-494c-a9e6-46da022b00dd, group-6EF6570EA239, 6, (t:0, i:0))
2021-11-06 13:09:34,138 [grpc-default-executor-4] INFO  impl.VoteContext (VoteContext.java:log(48)) - ca2e1dc9-8c7f-42bc-b6bd-0370d79258f9@group-6EF6570EA239-CANDIDATE: reject ELECTION from 5935a206-a598-494c-a9e6-46da022b00dd: our last entry (t:2, i:0) > candidate's last entry (t:0, i:0)
2021-11-06 13:09:34,138 [grpc-default-executor-4] INFO  server.RaftServer$Division (RaftServerImpl.java:setRole(290)) - ca2e1dc9-8c7f-42bc-b6bd-0370d79258f9@group-6EF6570EA239: changes role from CANDIDATE to FOLLOWER at term 6 for candidate:5935a206-a598-494c-a9e6-46da022b00dd
2021-11-06 13:09:34,138 [grpc-default-executor-4] INFO  impl.RoleInfo (RoleInfo.java:shutdownLeaderElection(121)) - ca2e1dc9-8c7f-42bc-b6bd-0370d79258f9: shutdown ca2e1dc9-8c7f-42bc-b6bd-0370d79258f9@group-6EF6570EA239-LeaderElection91
2021-11-06 13:09:34,138 [grpc-default-executor-4] INFO  impl.RoleInfo (RoleInfo.java:updateAndGet(130)) - ca2e1dc9-8c7f-42bc-b6bd-0370d79258f9: start ca2e1dc9-8c7f-42bc-b6bd-0370d79258f9@group-6EF6570EA239-FollowerState
2021-11-06 13:09:34,138 [ca2e1dc9-8c7f-42bc-b6bd-0370d79258f9@group-6EF6570EA239-LeaderElection91] INFO  impl.LeaderElection (LeaderElection.java:run(230)) - ca2e1dc9-8c7f-42bc-b6bd-0370d79258f9@group-6EF6570EA239-LeaderElection91: skip running since this is already CLOSING
2021-11-06 13:09:34,142 [grpc-default-executor-4] INFO  server.RaftServer$Division (RaftServerImpl.java:requestVote(1078)) - ca2e1dc9-8c7f-42bc-b6bd-0370d79258f9@group-6EF6570EA239 replies to ELECTION vote request: 5935a206-a598-494c-a9e6-46da022b00dd<-ca2e1dc9-8c7f-42bc-b6bd-0370d79258f9#0:FAIL-t6. Peer's state: ca2e1dc9-8c7f-42bc-b6bd-0370d79258f9@group-6EF6570EA239:t6, leader=null, voted=null, raftlog=ca2e1dc9-8c7f-42bc-b6bd-0370d79258f9@group-6EF6570EA239-SegmentedRaftLog:OPENED:c0, conf=0: [0eaea5f5-6746-43ea-ac9f-09b1ebc824b6|rpc:10.1.0.11:39423|dataStream:|priority:0, 5935a206-a598-494c-a9e6-46da022b00dd|rpc:10.1.0.11:43005|dataStream:|priority:0, ca2e1dc9-8c7f-42bc-b6bd-0370d79258f9|rpc:10.1.0.11:38687|dataStream:|priority:1], old=null
2021-11-06 13:09:34,151 [5935a206-a598-494c-a9e6-46da022b00dd@group-6EF6570EA239-LeaderElection90] INFO  impl.LeaderElection (LeaderElection.java:logAndReturn(89)) - 5935a206-a598-494c-a9e6-46da022b00dd@group-6EF6570EA239-LeaderElection90: ELECTION REJECTED received 1 response(s) and 0 exception(s):
2021-11-06 13:09:34,151 [5935a206-a598-494c-a9e6-46da022b00dd@group-6EF6570EA239-LeaderElection90] INFO  impl.LeaderElection (LeaderElection.java:logAndReturn(93)) -   Response 0: 5935a206-a598-494c-a9e6-46da022b00dd<-ca2e1dc9-8c7f-42bc-b6bd-0370d79258f9#0:FAIL-t6
2021-11-06 13:09:34,151 [5935a206-a598-494c-a9e6-46da022b00dd@group-6EF6570EA239-LeaderElection90] INFO  impl.LeaderElection (LeaderElection.java:askForVotes(308)) - 5935a206-a598-494c-a9e6-46da022b00dd@group-6EF6570EA239-LeaderElection90 ELECTION round 0: result REJECTED
2021-11-06 13:09:34,151 [5935a206-a598-494c-a9e6-46da022b00dd@group-6EF6570EA239-LeaderElection90] INFO  server.RaftServer$Division (RaftServerImpl.java:setRole(290)) - 5935a206-a598-494c-a9e6-46da022b00dd@group-6EF6570EA239: changes role from CANDIDATE to FOLLOWER at term 6 for REJECTED
2021-11-06 13:09:34,151 [5935a206-a598-494c-a9e6-46da022b00dd@group-6EF6570EA239-LeaderElection90] INFO  impl.RoleInfo (RoleInfo.java:shutdownLeaderElection(121)) - 5935a206-a598-494c-a9e6-46da022b00dd: shutdown 5935a206-a598-494c-a9e6-46da022b00dd@group-6EF6570EA239-LeaderElection90
2021-11-06 13:09:34,151 [5935a206-a598-494c-a9e6-46da022b00dd@group-6EF6570EA239-LeaderElection90] INFO  impl.RoleInfo (RoleInfo.java:updateAndGet(130)) - 5935a206-a598-494c-a9e6-46da022b00dd: start 5935a206-a598-494c-a9e6-46da022b00dd@group-6EF6570EA239-FollowerState
2021-11-06 13:09:34,187 [IPC Server Responder] INFO  ipc.Server (Server.java:run(1512)) - Stopping IPC Server Responder
2021-11-06 13:09:34,187 [IPC Server listener on 0] INFO  ipc.Server (Server.java:run(1376)) - Stopping IPC Server listener on 0
2021-11-06 13:09:34,188 [Listener at 127.0.0.1/34591] INFO  server.RaftServer (RaftServerProxy.java:lambda$close$6(391)) - om1: close
2021-11-06 13:09:34,188 [Listener at 127.0.0.1/34591] INFO  server.RaftServer$Division (RaftServerImpl.java:lambda$close$4(412)) - om1@group-C5BA1605619E: shutdown
2021-11-06 13:09:34,188 [Listener at 127.0.0.1/34591] INFO  util.JmxRegister (JmxRegister.java:unregister(73)) - Successfully un-registered JMX Bean with object name Ratis:service=RaftServer,group=group-C5BA1605619E,id=om1
2021-11-06 13:09:34,188 [Listener at 127.0.0.1/34591] INFO  impl.RoleInfo (RoleInfo.java:shutdownLeaderState(91)) - om1: shutdown om1@group-C5BA1605619E-LeaderStateImpl
2021-11-06 13:09:34,188 [Listener at 127.0.0.1/34591] INFO  impl.PendingRequests (PendingRequests.java:sendNotLeaderResponses(282)) - om1@group-C5BA1605619E-PendingRequests: sendNotLeaderResponses
2021-11-06 13:09:34,195 [Listener at 127.0.0.1/34591] INFO  impl.StateMachineUpdater (StateMachineUpdater.java:stopAndJoin(149)) - om1@group-C5BA1605619E-StateMachineUpdater: set stopIndex = 4
2021-11-06 13:09:34,199 [om1@group-C5BA1605619E-StateMachineUpdater] INFO  ratis.OzoneManagerStateMachine (OzoneManagerStateMachine.java:takeSnapshot(417)) - Current Snapshot Index (t:1, i:4)
2021-11-06 13:09:34,199 [om1@group-C5BA1605619E-StateMachineUpdater] INFO  impl.StateMachineUpdater (StateMachineUpdater.java:takeSnapshot(281)) - om1@group-C5BA1605619E-StateMachineUpdater: Took a snapshot at index 4
2021-11-06 13:09:34,199 [om1@group-C5BA1605619E-StateMachineUpdater] INFO  impl.StateMachineUpdater (StateMachineUpdater.java:lambda$new$0(89)) - om1@group-C5BA1605619E-StateMachineUpdater: snapshotIndex: updateIncreasingly -1 -> 4
2021-11-06 13:09:34,199 [om1@group-C5BA1605619E-StateMachineUpdater] INFO  ratis.OzoneManagerStateMachine (OzoneManagerStateMachine.java:close(471)) - StateMachine has shutdown. Shutdown OzoneManager if not already shutdown.
2021-11-06 13:09:34,200 [Listener at 127.0.0.1/34591] INFO  server.RaftServer$Division (ServerState.java:close(419)) - om1@group-C5BA1605619E: closes. applyIndex: 4
2021-11-06 13:09:34,201 [om1@group-C5BA1605619E-SegmentedRaftLogWorker] INFO  segmented.SegmentedRaftLogWorker (SegmentedRaftLogWorker.java:run(327)) - om1@group-C5BA1605619E-SegmentedRaftLogWorker was interrupted, exiting. There are 0 tasks remaining in the queue.
2021-11-06 13:09:34,207 [Listener at 127.0.0.1/34591] INFO  segmented.SegmentedRaftLogWorker (SegmentedRaftLogWorker.java:close(237)) - om1@group-C5BA1605619E-SegmentedRaftLogWorker close()
2021-11-06 13:09:34,209 [Listener at 127.0.0.1/34591] INFO  server.GrpcService (GrpcService.java:closeImpl(262)) - om1: shutdown server with port 9872 now
2021-11-06 13:09:34,210 [Listener at 127.0.0.1/34591] INFO  server.GrpcService (GrpcService.java:closeImpl(271)) - om1: shutdown server with port 9872 successfully
2021-11-06 13:09:34,210 [org.apache.ratis.util.JvmPauseMonitor$$Lambda$531/117902049@597c62ba] INFO  util.JvmPauseMonitor (JvmPauseMonitor.java:run(109)) - JvmPauseMonitor-om1: Stopped
2021-11-06 13:09:34,210 [Listener at 127.0.0.1/34591] INFO  ratis.OzoneManagerDoubleBuffer (OzoneManagerDoubleBuffer.java:stop(437)) - Stopping OMDoubleBuffer flush thread
2021-11-06 13:09:34,210 [OMDoubleBufferFlushThread] INFO  ratis.OzoneManagerDoubleBuffer (OzoneManagerDoubleBuffer.java:flushTransactions(356)) - OMDoubleBuffer flush thread OMDoubleBufferFlushThread is interrupted and will exit. OMDoubleBufferFlushThread
2021-11-06 13:09:34,211 [Listener at 127.0.0.1/34591] INFO  utils.BackgroundService (BackgroundService.java:shutdown(132)) - Shutting down service KeyDeletingService
2021-11-06 13:09:34,211 [Listener at 127.0.0.1/34591] INFO  utils.BackgroundService (BackgroundService.java:shutdown(132)) - Shutting down service DirectoryDeletingService
2021-11-06 13:09:34,215 [Listener at 127.0.0.1/34591] INFO  handler.ContextHandler (ContextHandler.java:doStop(1153)) - Stopped o.e.j.w.WebAppContext@a96a299{ozoneManager,/,null,STOPPED}{file:/home/runner/work/ozone/ozone/hadoop-ozone/integration-test/target/test-classes/webapps/ozoneManager}
2021-11-06 13:09:34,219 [Listener at 127.0.0.1/34591] INFO  server.AbstractConnector (AbstractConnector.java:doStop(381)) - Stopped ServerConnector@87814f1{HTTP/1.1, (http/1.1)}{0.0.0.0:0}
2021-11-06 13:09:34,219 [Listener at 127.0.0.1/34591] INFO  server.session (HouseKeeper.java:stopScavenging(149)) - node0 Stopped scavenging
2021-11-06 13:09:34,219 [Listener at 127.0.0.1/34591] INFO  handler.ContextHandler (ContextHandler.java:doStop(1153)) - Stopped o.e.j.s.ServletContextHandler@10a711c7{static,/static,file:///home/runner/work/ozone/ozone/hadoop-ozone/integration-test/target/test-classes/webapps/static,STOPPED}
2021-11-06 13:09:34,220 [Listener at 127.0.0.1/34591] INFO  handler.ContextHandler (ContextHandler.java:doStop(1153)) - Stopped o.e.j.s.ServletContextHandler@24045d7a{logs,/logs,file:///home/runner/work/ozone/ozone/hadoop-ozone/integration-test/target/log,STOPPED}
2021-11-06 13:09:34,261 [Listener at 127.0.0.1/34591] INFO  ozone.MiniOzoneClusterImpl (MiniOzoneClusterImpl.java:stopDatanodes(527)) - Stopping the HddsDatanodes
2021-11-06 13:09:36,378 [41301224-b672-4531-af78-b462410ab6ac@group-950F038C74EB-FollowerState] INFO  impl.FollowerState (FollowerState.java:run(134)) - 41301224-b672-4531-af78-b462410ab6ac@group-950F038C74EB-FollowerState: change to CANDIDATE, lastRpcElapsedTime:5092919676ns, electionTimeout:5089ms
2021-11-06 13:09:36,378 [41301224-b672-4531-af78-b462410ab6ac@group-950F038C74EB-FollowerState] INFO  impl.RoleInfo (RoleInfo.java:shutdownFollowerState(108)) - 41301224-b672-4531-af78-b462410ab6ac: shutdown 41301224-b672-4531-af78-b462410ab6ac@group-950F038C74EB-FollowerState
2021-11-06 13:09:36,378 [41301224-b672-4531-af78-b462410ab6ac@group-950F038C74EB-FollowerState] INFO  server.RaftServer$Division (RaftServerImpl.java:setRole(290)) - 41301224-b672-4531-af78-b462410ab6ac@group-950F038C74EB: changes role from  FOLLOWER to CANDIDATE at term 5 for changeToCandidate
2021-11-06 13:09:36,378 [41301224-b672-4531-af78-b462410ab6ac@group-950F038C74EB-FollowerState] INFO  server.RaftServerConfigKeys (ConfUtils.java:logGet(44)) - raft.server.leaderelection.pre-vote = false (custom)
2021-11-06 13:09:36,378 [41301224-b672-4531-af78-b462410ab6ac@group-950F038C74EB-FollowerState] INFO  impl.RoleInfo (RoleInfo.java:updateAndGet(130)) - 41301224-b672-4531-af78-b462410ab6ac: start 41301224-b672-4531-af78-b462410ab6ac@group-950F038C74EB-LeaderElection92
2021-11-06 13:09:36,389 [41301224-b672-4531-af78-b462410ab6ac@group-950F038C74EB-LeaderElection92] INFO  impl.LeaderElection (LeaderElection.java:askForVotes(306)) - 41301224-b672-4531-af78-b462410ab6ac@group-950F038C74EB-LeaderElection92 ELECTION round 0: submit vote requests at term 6 for -1: [4d122ed7-1d51-49b3-a564-9cc0800ef9b5|rpc:10.1.0.11:44073|priority:1, 414c08ff-7683-4e40-9ba7-4aaff37af58e|rpc:10.1.0.11:42123|priority:0, 41301224-b672-4531-af78-b462410ab6ac|rpc:10.1.0.11:45193|priority:0], old=null
2021-11-06 13:09:36,392 [grpc-default-executor-4] INFO  server.RaftServer$Division (RaftServerImpl.java:requestVote(1046)) - 4d122ed7-1d51-49b3-a564-9cc0800ef9b5@group-950F038C74EB: receive requestVote(ELECTION, 41301224-b672-4531-af78-b462410ab6ac, group-950F038C74EB, 6, (t:0, i:0))
2021-11-06 13:09:36,393 [grpc-default-executor-4] INFO  impl.VoteContext (VoteContext.java:log(48)) - 4d122ed7-1d51-49b3-a564-9cc0800ef9b5@group-950F038C74EB-FOLLOWER: reject ELECTION from 41301224-b672-4531-af78-b462410ab6ac: our priority 1 > candidate's priority 0
2021-11-06 13:09:36,393 [grpc-default-executor-4] INFO  server.RaftServer$Division (RaftServerImpl.java:setRole(290)) - 4d122ed7-1d51-49b3-a564-9cc0800ef9b5@group-950F038C74EB: changes role from  FOLLOWER to FOLLOWER at term 6 for candidate:41301224-b672-4531-af78-b462410ab6ac
2021-11-06 13:09:36,393 [grpc-default-executor-4] INFO  impl.RoleInfo (RoleInfo.java:shutdownFollowerState(108)) - 4d122ed7-1d51-49b3-a564-9cc0800ef9b5: shutdown 4d122ed7-1d51-49b3-a564-9cc0800ef9b5@group-950F038C74EB-FollowerState
2021-11-06 13:09:36,393 [grpc-default-executor-4] INFO  impl.RoleInfo (RoleInfo.java:updateAndGet(130)) - 4d122ed7-1d51-49b3-a564-9cc0800ef9b5: start 4d122ed7-1d51-49b3-a564-9cc0800ef9b5@group-950F038C74EB-FollowerState
2021-11-06 13:09:36,393 [4d122ed7-1d51-49b3-a564-9cc0800ef9b5@group-950F038C74EB-FollowerState] INFO  impl.FollowerState (FollowerState.java:run(143)) - 4d122ed7-1d51-49b3-a564-9cc0800ef9b5@group-950F038C74EB-FollowerState was interrupted: {}
java.lang.InterruptedException: sleep interrupted
	at java.lang.Thread.sleep(Native Method)
	at java.lang.Thread.sleep(Thread.java:340)
	at java.util.concurrent.TimeUnit.sleep(TimeUnit.java:386)
	at org.apache.ratis.util.TimeDuration.sleep(TimeDuration.java:324)
	at org.apache.ratis.util.TimeDuration.sleep(TimeDuration.java:309)
	at org.apache.ratis.server.impl.FollowerState.run(FollowerState.java:118)
2021-11-06 13:09:36,397 [grpc-default-executor-4] INFO  server.RaftServer$Division (RaftServerImpl.java:requestVote(1078)) - 4d122ed7-1d51-49b3-a564-9cc0800ef9b5@group-950F038C74EB replies to ELECTION vote request: 41301224-b672-4531-af78-b462410ab6ac<-4d122ed7-1d51-49b3-a564-9cc0800ef9b5#0:FAIL-t6. Peer's state: 4d122ed7-1d51-49b3-a564-9cc0800ef9b5@group-950F038C74EB:t6, leader=null, voted=null, raftlog=4d122ed7-1d51-49b3-a564-9cc0800ef9b5@group-950F038C74EB-SegmentedRaftLog:OPENED:c-1, conf=-1: [4d122ed7-1d51-49b3-a564-9cc0800ef9b5|rpc:10.1.0.11:44073|dataStream:|priority:1, 414c08ff-7683-4e40-9ba7-4aaff37af58e|rpc:10.1.0.11:42123|dataStream:|priority:0, 41301224-b672-4531-af78-b462410ab6ac|rpc:10.1.0.11:45193|dataStream:|priority:0], old=null
2021-11-06 13:09:36,398 [41301224-b672-4531-af78-b462410ab6ac@group-950F038C74EB-LeaderElection92] INFO  impl.LeaderElection (LeaderElection.java:logAndReturn(89)) - 41301224-b672-4531-af78-b462410ab6ac@group-950F038C74EB-LeaderElection92: ELECTION REJECTED received 1 response(s) and 0 exception(s):
2021-11-06 13:09:36,398 [41301224-b672-4531-af78-b462410ab6ac@group-950F038C74EB-LeaderElection92] INFO  impl.LeaderElection (LeaderElection.java:logAndReturn(93)) -   Response 0: 41301224-b672-4531-af78-b462410ab6ac<-4d122ed7-1d51-49b3-a564-9cc0800ef9b5#0:FAIL-t6
2021-11-06 13:09:36,398 [41301224-b672-4531-af78-b462410ab6ac@group-950F038C74EB-LeaderElection92] INFO  impl.LeaderElection (LeaderElection.java:askForVotes(308)) - 41301224-b672-4531-af78-b462410ab6ac@group-950F038C74EB-LeaderElection92 ELECTION round 0: result REJECTED
2021-11-06 13:09:36,398 [41301224-b672-4531-af78-b462410ab6ac@group-950F038C74EB-LeaderElection92] INFO  server.RaftServer$Division (RaftServerImpl.java:setRole(290)) - 41301224-b672-4531-af78-b462410ab6ac@group-950F038C74EB: changes role from CANDIDATE to FOLLOWER at term 6 for REJECTED
2021-11-06 13:09:36,398 [41301224-b672-4531-af78-b462410ab6ac@group-950F038C74EB-LeaderElection92] INFO  impl.RoleInfo (RoleInfo.java:shutdownLeaderElection(121)) - 41301224-b672-4531-af78-b462410ab6ac: shutdown 41301224-b672-4531-af78-b462410ab6ac@group-950F038C74EB-LeaderElection92
2021-11-06 13:09:36,398 [41301224-b672-4531-af78-b462410ab6ac@group-950F038C74EB-LeaderElection92] INFO  impl.RoleInfo (RoleInfo.java:updateAndGet(130)) - 41301224-b672-4531-af78-b462410ab6ac: start 41301224-b672-4531-af78-b462410ab6ac@group-950F038C74EB-FollowerState
2021-11-06 13:09:36,398 [grpc-default-executor-4] INFO  server.RaftServer$Division (RaftServerImpl.java:requestVote(1046)) - 414c08ff-7683-4e40-9ba7-4aaff37af58e@group-950F038C74EB: receive requestVote(ELECTION, 41301224-b672-4531-af78-b462410ab6ac, group-950F038C74EB, 6, (t:0, i:0))
2021-11-06 13:09:36,399 [grpc-default-executor-4] INFO  impl.VoteContext (VoteContext.java:log(48)) - 414c08ff-7683-4e40-9ba7-4aaff37af58e@group-950F038C74EB-FOLLOWER: accept ELECTION from 41301224-b672-4531-af78-b462410ab6ac: our priority 0 <= candidate's priority 0
2021-11-06 13:09:36,399 [grpc-default-executor-4] INFO  server.RaftServer$Division (RaftServerImpl.java:setRole(290)) - 414c08ff-7683-4e40-9ba7-4aaff37af58e@group-950F038C74EB: changes role from  FOLLOWER to FOLLOWER at term 6 for candidate:41301224-b672-4531-af78-b462410ab6ac
2021-11-06 13:09:36,399 [grpc-default-executor-4] INFO  impl.RoleInfo (RoleInfo.java:shutdownFollowerState(108)) - 414c08ff-7683-4e40-9ba7-4aaff37af58e: shutdown 414c08ff-7683-4e40-9ba7-4aaff37af58e@group-950F038C74EB-FollowerState
2021-11-06 13:09:36,399 [grpc-default-executor-4] INFO  impl.RoleInfo (RoleInfo.java:updateAndGet(130)) - 414c08ff-7683-4e40-9ba7-4aaff37af58e: start 414c08ff-7683-4e40-9ba7-4aaff37af58e@group-950F038C74EB-FollowerState
2021-11-06 13:09:36,399 [414c08ff-7683-4e40-9ba7-4aaff37af58e@group-950F038C74EB-FollowerState] INFO  impl.FollowerState (FollowerState.java:run(143)) - 414c08ff-7683-4e40-9ba7-4aaff37af58e@group-950F038C74EB-FollowerState was interrupted: {}
java.lang.InterruptedException: sleep interrupted
	at java.lang.Thread.sleep(Native Method)
	at java.lang.Thread.sleep(Thread.java:340)
	at java.util.concurrent.TimeUnit.sleep(TimeUnit.java:386)
	at org.apache.ratis.util.TimeDuration.sleep(TimeDuration.java:324)
	at org.apache.ratis.util.TimeDuration.sleep(TimeDuration.java:309)
	at org.apache.ratis.server.impl.FollowerState.run(FollowerState.java:118)
2021-11-06 13:09:36,401 [grpc-default-executor-4] INFO  server.RaftServer$Division (RaftServerImpl.java:requestVote(1078)) - 414c08ff-7683-4e40-9ba7-4aaff37af58e@group-950F038C74EB replies to ELECTION vote request: 41301224-b672-4531-af78-b462410ab6ac<-414c08ff-7683-4e40-9ba7-4aaff37af58e#0:OK-t6. Peer's state: 414c08ff-7683-4e40-9ba7-4aaff37af58e@group-950F038C74EB:t6, leader=null, voted=41301224-b672-4531-af78-b462410ab6ac, raftlog=414c08ff-7683-4e40-9ba7-4aaff37af58e@group-950F038C74EB-SegmentedRaftLog:OPENED:c-1, conf=-1: [4d122ed7-1d51-49b3-a564-9cc0800ef9b5|rpc:10.1.0.11:44073|dataStream:|priority:1, 414c08ff-7683-4e40-9ba7-4aaff37af58e|rpc:10.1.0.11:42123|dataStream:|priority:0, 41301224-b672-4531-af78-b462410ab6ac|rpc:10.1.0.11:45193|dataStream:|priority:0], old=null
2021-11-06 13:09:39,209 [ca2e1dc9-8c7f-42bc-b6bd-0370d79258f9@group-6EF6570EA239-FollowerState] INFO  impl.FollowerState (FollowerState.java:run(134)) - ca2e1dc9-8c7f-42bc-b6bd-0370d79258f9@group-6EF6570EA239-FollowerState: change to CANDIDATE, lastRpcElapsedTime:5070608992ns, electionTimeout:5055ms
2021-11-06 13:09:39,209 [ca2e1dc9-8c7f-42bc-b6bd-0370d79258f9@group-6EF6570EA239-FollowerState] INFO  impl.RoleInfo (RoleInfo.java:shutdownFollowerState(108)) - ca2e1dc9-8c7f-42bc-b6bd-0370d79258f9: shutdown ca2e1dc9-8c7f-42bc-b6bd-0370d79258f9@group-6EF6570EA239-FollowerState
2021-11-06 13:09:39,209 [ca2e1dc9-8c7f-42bc-b6bd-0370d79258f9@group-6EF6570EA239-FollowerState] INFO  server.RaftServer$Division (RaftServerImpl.java:setRole(290)) - ca2e1dc9-8c7f-42bc-b6bd-0370d79258f9@group-6EF6570EA239: changes role from  FOLLOWER to CANDIDATE at term 6 for changeToCandidate
2021-11-06 13:09:39,209 [ca2e1dc9-8c7f-42bc-b6bd-0370d79258f9@group-6EF6570EA239-FollowerState] INFO  server.RaftServerConfigKeys (ConfUtils.java:logGet(44)) - raft.server.leaderelection.pre-vote = false (custom)
2021-11-06 13:09:39,209 [ca2e1dc9-8c7f-42bc-b6bd-0370d79258f9@group-6EF6570EA239-FollowerState] INFO  impl.RoleInfo (RoleInfo.java:updateAndGet(130)) - ca2e1dc9-8c7f-42bc-b6bd-0370d79258f9: start ca2e1dc9-8c7f-42bc-b6bd-0370d79258f9@group-6EF6570EA239-LeaderElection93
2021-11-06 13:09:39,216 [ca2e1dc9-8c7f-42bc-b6bd-0370d79258f9@group-6EF6570EA239-LeaderElection93] INFO  impl.LeaderElection (LeaderElection.java:askForVotes(306)) - ca2e1dc9-8c7f-42bc-b6bd-0370d79258f9@group-6EF6570EA239-LeaderElection93 ELECTION round 0: submit vote requests at term 7 for 0: [0eaea5f5-6746-43ea-ac9f-09b1ebc824b6|rpc:10.1.0.11:39423|dataStream:|priority:0, 5935a206-a598-494c-a9e6-46da022b00dd|rpc:10.1.0.11:43005|dataStream:|priority:0, ca2e1dc9-8c7f-42bc-b6bd-0370d79258f9|rpc:10.1.0.11:38687|dataStream:|priority:1], old=null
2021-11-06 13:09:39,218 [grpc-default-executor-4] INFO  server.RaftServer$Division (RaftServerImpl.java:requestVote(1046)) - 0eaea5f5-6746-43ea-ac9f-09b1ebc824b6@group-6EF6570EA239: receive requestVote(ELECTION, ca2e1dc9-8c7f-42bc-b6bd-0370d79258f9, group-6EF6570EA239, 7, (t:2, i:0))
2021-11-06 13:09:39,218 [grpc-default-executor-4] INFO  impl.VoteContext (VoteContext.java:log(48)) - 0eaea5f5-6746-43ea-ac9f-09b1ebc824b6@group-6EF6570EA239-FOLLOWER: accept ELECTION from ca2e1dc9-8c7f-42bc-b6bd-0370d79258f9: our last entry null < candidate's last entry (t:2, i:0)
2021-11-06 13:09:39,218 [grpc-default-executor-4] INFO  server.RaftServer$Division (RaftServerImpl.java:setRole(290)) - 0eaea5f5-6746-43ea-ac9f-09b1ebc824b6@group-6EF6570EA239: changes role from  FOLLOWER to FOLLOWER at term 7 for candidate:ca2e1dc9-8c7f-42bc-b6bd-0370d79258f9
2021-11-06 13:09:39,218 [grpc-default-executor-4] INFO  impl.RoleInfo (RoleInfo.java:shutdownFollowerState(108)) - 0eaea5f5-6746-43ea-ac9f-09b1ebc824b6: shutdown 0eaea5f5-6746-43ea-ac9f-09b1ebc824b6@group-6EF6570EA239-FollowerState
2021-11-06 13:09:39,231 [grpc-default-executor-4] INFO  impl.RoleInfo (RoleInfo.java:updateAndGet(130)) - 0eaea5f5-6746-43ea-ac9f-09b1ebc824b6: start 0eaea5f5-6746-43ea-ac9f-09b1ebc824b6@group-6EF6570EA239-FollowerState
2021-11-06 13:09:39,233 [0eaea5f5-6746-43ea-ac9f-09b1ebc824b6@group-6EF6570EA239-FollowerState] INFO  impl.FollowerState (FollowerState.java:run(143)) - 0eaea5f5-6746-43ea-ac9f-09b1ebc824b6@group-6EF6570EA239-FollowerState was interrupted: {}
java.lang.InterruptedException: sleep interrupted
	at java.lang.Thread.sleep(Native Method)
	at java.lang.Thread.sleep(Thread.java:340)
	at java.util.concurrent.TimeUnit.sleep(TimeUnit.java:386)
	at org.apache.ratis.util.TimeDuration.sleep(TimeDuration.java:324)
	at org.apache.ratis.util.TimeDuration.sleep(TimeDuration.java:309)
	at org.apache.ratis.server.impl.FollowerState.run(FollowerState.java:118)
2021-11-06 13:09:39,234 [grpc-default-executor-3] INFO  server.RaftServer$Division (RaftServerImpl.java:requestVote(1046)) - 5935a206-a598-494c-a9e6-46da022b00dd@group-6EF6570EA239: receive requestVote(ELECTION, ca2e1dc9-8c7f-42bc-b6bd-0370d79258f9, group-6EF6570EA239, 7, (t:2, i:0))
2021-11-06 13:09:39,234 [grpc-default-executor-3] INFO  impl.VoteContext (VoteContext.java:log(48)) - 5935a206-a598-494c-a9e6-46da022b00dd@group-6EF6570EA239-FOLLOWER: accept ELECTION from ca2e1dc9-8c7f-42bc-b6bd-0370d79258f9: our last entry null < candidate's last entry (t:2, i:0)
2021-11-06 13:09:39,234 [grpc-default-executor-3] INFO  server.RaftServer$Division (RaftServerImpl.java:setRole(290)) - 5935a206-a598-494c-a9e6-46da022b00dd@group-6EF6570EA239: changes role from  FOLLOWER to FOLLOWER at term 7 for candidate:ca2e1dc9-8c7f-42bc-b6bd-0370d79258f9
2021-11-06 13:09:39,234 [grpc-default-executor-3] INFO  impl.RoleInfo (RoleInfo.java:shutdownFollowerState(108)) - 5935a206-a598-494c-a9e6-46da022b00dd: shutdown 5935a206-a598-494c-a9e6-46da022b00dd@group-6EF6570EA239-FollowerState
2021-11-06 13:09:39,237 [grpc-default-executor-3] INFO  impl.RoleInfo (RoleInfo.java:updateAndGet(130)) - 5935a206-a598-494c-a9e6-46da022b00dd: start 5935a206-a598-494c-a9e6-46da022b00dd@group-6EF6570EA239-FollowerState
2021-11-06 13:09:39,237 [5935a206-a598-494c-a9e6-46da022b00dd@group-6EF6570EA239-FollowerState] INFO  impl.FollowerState (FollowerState.java:run(143)) - 5935a206-a598-494c-a9e6-46da022b00dd@group-6EF6570EA239-FollowerState was interrupted: {}
java.lang.InterruptedException: sleep interrupted
	at java.lang.Thread.sleep(Native Method)
	at java.lang.Thread.sleep(Thread.java:340)
	at java.util.concurrent.TimeUnit.sleep(TimeUnit.java:386)
	at org.apache.ratis.util.TimeDuration.sleep(TimeDuration.java:324)
	at org.apache.ratis.util.TimeDuration.sleep(TimeDuration.java:309)
	at org.apache.ratis.server.impl.FollowerState.run(FollowerState.java:118)
2021-11-06 13:09:39,239 [grpc-default-executor-4] INFO  server.RaftServer$Division (RaftServerImpl.java:requestVote(1078)) - 0eaea5f5-6746-43ea-ac9f-09b1ebc824b6@group-6EF6570EA239 replies to ELECTION vote request: ca2e1dc9-8c7f-42bc-b6bd-0370d79258f9<-0eaea5f5-6746-43ea-ac9f-09b1ebc824b6#0:OK-t7. Peer's state: 0eaea5f5-6746-43ea-ac9f-09b1ebc824b6@group-6EF6570EA239:t7, leader=null, voted=ca2e1dc9-8c7f-42bc-b6bd-0370d79258f9, raftlog=0eaea5f5-6746-43ea-ac9f-09b1ebc824b6@group-6EF6570EA239-SegmentedRaftLog:OPENED:c-1, conf=-1: [0eaea5f5-6746-43ea-ac9f-09b1ebc824b6|rpc:10.1.0.11:39423|priority:0, 5935a206-a598-494c-a9e6-46da022b00dd|rpc:10.1.0.11:43005|priority:0, ca2e1dc9-8c7f-42bc-b6bd-0370d79258f9|rpc:10.1.0.11:38687|priority:1], old=null
2021-11-06 13:09:39,240 [grpc-default-executor-3] INFO  server.RaftServer$Division (RaftServerImpl.java:requestVote(1078)) - 5935a206-a598-494c-a9e6-46da022b00dd@group-6EF6570EA239 replies to ELECTION vote request: ca2e1dc9-8c7f-42bc-b6bd-0370d79258f9<-5935a206-a598-494c-a9e6-46da022b00dd#0:OK-t7. Peer's state: 5935a206-a598-494c-a9e6-46da022b00dd@group-6EF6570EA239:t7, leader=null, voted=ca2e1dc9-8c7f-42bc-b6bd-0370d79258f9, raftlog=5935a206-a598-494c-a9e6-46da022b00dd@group-6EF6570EA239-SegmentedRaftLog:OPENED:c-1, conf=-1: [0eaea5f5-6746-43ea-ac9f-09b1ebc824b6|rpc:10.1.0.11:39423|dataStream:|priority:0, 5935a206-a598-494c-a9e6-46da022b00dd|rpc:10.1.0.11:43005|dataStream:|priority:0, ca2e1dc9-8c7f-42bc-b6bd-0370d79258f9|rpc:10.1.0.11:38687|dataStream:|priority:1], old=null
2021-11-06 13:09:39,242 [ca2e1dc9-8c7f-42bc-b6bd-0370d79258f9@group-6EF6570EA239-LeaderElection93] INFO  impl.LeaderElection (LeaderElection.java:logAndReturn(89)) - ca2e1dc9-8c7f-42bc-b6bd-0370d79258f9@group-6EF6570EA239-LeaderElection93: ELECTION PASSED received 1 response(s) and 0 exception(s):
2021-11-06 13:09:39,242 [ca2e1dc9-8c7f-42bc-b6bd-0370d79258f9@group-6EF6570EA239-LeaderElection93] INFO  impl.LeaderElection (LeaderElection.java:logAndReturn(93)) -   Response 0: ca2e1dc9-8c7f-42bc-b6bd-0370d79258f9<-0eaea5f5-6746-43ea-ac9f-09b1ebc824b6#0:OK-t7
2021-11-06 13:09:39,242 [ca2e1dc9-8c7f-42bc-b6bd-0370d79258f9@group-6EF6570EA239-LeaderElection93] INFO  impl.LeaderElection (LeaderElection.java:askForVotes(308)) - ca2e1dc9-8c7f-42bc-b6bd-0370d79258f9@group-6EF6570EA239-LeaderElection93 ELECTION round 0: result PASSED
2021-11-06 13:09:39,242 [ca2e1dc9-8c7f-42bc-b6bd-0370d79258f9@group-6EF6570EA239-LeaderElection93] INFO  impl.RoleInfo (RoleInfo.java:shutdownLeaderElection(121)) - ca2e1dc9-8c7f-42bc-b6bd-0370d79258f9: shutdown ca2e1dc9-8c7f-42bc-b6bd-0370d79258f9@group-6EF6570EA239-LeaderElection93
2021-11-06 13:09:39,242 [ca2e1dc9-8c7f-42bc-b6bd-0370d79258f9@group-6EF6570EA239-LeaderElection93] INFO  server.RaftServer$Division (RaftServerImpl.java:setRole(290)) - ca2e1dc9-8c7f-42bc-b6bd-0370d79258f9@group-6EF6570EA239: changes role from CANDIDATE to LEADER at term 7 for changeToLeader
2021-11-06 13:09:39,242 [ca2e1dc9-8c7f-42bc-b6bd-0370d79258f9@group-6EF6570EA239-LeaderElection93] INFO  ratis.XceiverServerRatis (XceiverServerRatis.java:handleLeaderChangedNotification(866)) - Leader change notification received for group: group-6EF6570EA239 with new leaderId: ca2e1dc9-8c7f-42bc-b6bd-0370d79258f9
2021-11-06 13:09:39,242 [ca2e1dc9-8c7f-42bc-b6bd-0370d79258f9@group-6EF6570EA239-LeaderElection93] INFO  server.RaftServer$Division (ServerState.java:setLeader(285)) - ca2e1dc9-8c7f-42bc-b6bd-0370d79258f9@group-6EF6570EA239: change Leader from null to ca2e1dc9-8c7f-42bc-b6bd-0370d79258f9 at term 7 for becomeLeader, leader elected after 20623ms
2021-11-06 13:09:39,242 [ca2e1dc9-8c7f-42bc-b6bd-0370d79258f9@group-6EF6570EA239-LeaderElection93] INFO  server.RaftServerConfigKeys (ConfUtils.java:logGet(44)) - raft.server.staging.catchup.gap = 1000 (default)
2021-11-06 13:09:39,243 [ca2e1dc9-8c7f-42bc-b6bd-0370d79258f9@group-6EF6570EA239-LeaderElection93] INFO  server.RaftServerConfigKeys (ConfUtils.java:logGet(44)) - raft.server.write.element-limit = 1024 (custom)
2021-11-06 13:09:39,243 [ca2e1dc9-8c7f-42bc-b6bd-0370d79258f9@group-6EF6570EA239-LeaderElection93] INFO  server.RaftServerConfigKeys (ConfUtils.java:logGet(44)) - raft.server.write.byte-limit = 1024 M (=1073741824) (custom)
2021-11-06 13:09:39,243 [ca2e1dc9-8c7f-42bc-b6bd-0370d79258f9@group-6EF6570EA239-LeaderElection93] INFO  server.RaftServerConfigKeys (ConfUtils.java:logGet(44)) - raft.server.watch.timeout = 3000ms (custom)
2021-11-06 13:09:39,243 [ca2e1dc9-8c7f-42bc-b6bd-0370d79258f9@group-6EF6570EA239-LeaderElection93] INFO  server.RaftServerConfigKeys (ConfUtils.java:logGet(44)) - raft.server.watch.timeout.denomination = 1s (default)
2021-11-06 13:09:39,243 [ca2e1dc9-8c7f-42bc-b6bd-0370d79258f9@group-6EF6570EA239-LeaderElection93] INFO  server.RaftServerConfigKeys (ConfUtils.java:logGet(44)) - raft.server.watch.element-limit = 65536 (default)
2021-11-06 13:09:39,243 [ca2e1dc9-8c7f-42bc-b6bd-0370d79258f9@group-6EF6570EA239-LeaderElection93] INFO  server.RaftServerConfigKeys (ConfUtils.java:logGet(44)) - raft.server.write.element-limit = 1024 (custom)
2021-11-06 13:09:39,243 [ca2e1dc9-8c7f-42bc-b6bd-0370d79258f9@group-6EF6570EA239-LeaderElection93] INFO  server.RaftServerConfigKeys (ConfUtils.java:logGet(44)) - raft.server.write.follower.gap.ratio.max = -1.0 (default)
2021-11-06 13:09:39,244 [ca2e1dc9-8c7f-42bc-b6bd-0370d79258f9@group-6EF6570EA239-LeaderElection93] INFO  server.RaftServerConfigKeys (ConfUtils.java:logGet(44)) - raft.server.log.appender.snapshot.chunk.size.max = 16MB (=16777216) (default)
2021-11-06 13:09:39,244 [ca2e1dc9-8c7f-42bc-b6bd-0370d79258f9@group-6EF6570EA239-LeaderElection93] INFO  server.RaftServerConfigKeys (ConfUtils.java:logGet(44)) - raft.server.log.appender.buffer.byte-limit = 33554432 (custom)
2021-11-06 13:09:39,244 [ca2e1dc9-8c7f-42bc-b6bd-0370d79258f9@group-6EF6570EA239-LeaderElection93] INFO  server.RaftServerConfigKeys (ConfUtils.java:logGet(44)) - raft.server.log.appender.buffer.element-limit = 1 (custom)
2021-11-06 13:09:39,244 [ca2e1dc9-8c7f-42bc-b6bd-0370d79258f9@group-6EF6570EA239-LeaderElection93] INFO  grpc.GrpcConfigKeys (ConfUtils.java:logGet(44)) - raft.grpc.server.leader.outstanding.appends.max = 128 (default)
2021-11-06 13:09:39,244 [ca2e1dc9-8c7f-42bc-b6bd-0370d79258f9@group-6EF6570EA239-LeaderElection93] INFO  server.RaftServerConfigKeys (ConfUtils.java:logGet(44)) - raft.server.rpc.request.timeout = 3000ms (default)
2021-11-06 13:09:39,244 [ca2e1dc9-8c7f-42bc-b6bd-0370d79258f9@group-6EF6570EA239-LeaderElection93] INFO  server.RaftServerConfigKeys (ConfUtils.java:logGet(44)) - raft.server.log.appender.install.snapshot.enabled = false (custom)
2021-11-06 13:09:39,246 [ca2e1dc9-8c7f-42bc-b6bd-0370d79258f9@group-6EF6570EA239-LeaderElection93] INFO  server.RaftServerConfigKeys (ConfUtils.java:logGet(44)) - raft.server.log.appender.snapshot.chunk.size.max = 16MB (=16777216) (default)
2021-11-06 13:09:39,246 [ca2e1dc9-8c7f-42bc-b6bd-0370d79258f9@group-6EF6570EA239-LeaderElection93] INFO  server.RaftServerConfigKeys (ConfUtils.java:logGet(44)) - raft.server.log.appender.buffer.byte-limit = 33554432 (custom)
2021-11-06 13:09:39,246 [ca2e1dc9-8c7f-42bc-b6bd-0370d79258f9@group-6EF6570EA239-LeaderElection93] INFO  server.RaftServerConfigKeys (ConfUtils.java:logGet(44)) - raft.server.log.appender.buffer.element-limit = 1 (custom)
2021-11-06 13:09:39,246 [ca2e1dc9-8c7f-42bc-b6bd-0370d79258f9@group-6EF6570EA239-LeaderElection93] INFO  grpc.GrpcConfigKeys (ConfUtils.java:logGet(44)) - raft.grpc.server.leader.outstanding.appends.max = 128 (default)
2021-11-06 13:09:39,246 [ca2e1dc9-8c7f-42bc-b6bd-0370d79258f9@group-6EF6570EA239-LeaderElection93] INFO  server.RaftServerConfigKeys (ConfUtils.java:logGet(44)) - raft.server.rpc.request.timeout = 3000ms (default)
2021-11-06 13:09:39,246 [ca2e1dc9-8c7f-42bc-b6bd-0370d79258f9@group-6EF6570EA239-LeaderElection93] INFO  server.RaftServerConfigKeys (ConfUtils.java:logGet(44)) - raft.server.log.appender.install.snapshot.enabled = false (custom)
2021-11-06 13:09:39,247 [ca2e1dc9-8c7f-42bc-b6bd-0370d79258f9@group-6EF6570EA239-LeaderElection93] INFO  impl.RoleInfo (RoleInfo.java:updateAndGet(130)) - ca2e1dc9-8c7f-42bc-b6bd-0370d79258f9: start ca2e1dc9-8c7f-42bc-b6bd-0370d79258f9@group-6EF6570EA239-LeaderStateImpl
2021-11-06 13:09:39,247 [ca2e1dc9-8c7f-42bc-b6bd-0370d79258f9@group-6EF6570EA239-LeaderElection93] INFO  segmented.SegmentedRaftLogWorker (SegmentedRaftLogWorker.java:rollLogSegment(399)) - ca2e1dc9-8c7f-42bc-b6bd-0370d79258f9@group-6EF6570EA239-SegmentedRaftLogWorker: Rolling segment log-0_0 to index:0
2021-11-06 13:09:39,248 [ca2e1dc9-8c7f-42bc-b6bd-0370d79258f9@group-6EF6570EA239-SegmentedRaftLogWorker] INFO  segmented.SegmentedRaftLogWorker (SegmentedRaftLogWorker.java:execute(558)) - ca2e1dc9-8c7f-42bc-b6bd-0370d79258f9@group-6EF6570EA239-SegmentedRaftLogWorker: Rolled log segment from /home/runner/work/ozone/ozone/hadoop-ozone/integration-test/target/test-dir/MiniOzoneClusterImpl-57fe1d17-8f30-476a-a64a-953d5983e20c/datanode-7/data/ratis/eab537b7-d333-43c5-8191-6ef6570ea239/current/log_inprogress_0 to /home/runner/work/ozone/ozone/hadoop-ozone/integration-test/target/test-dir/MiniOzoneClusterImpl-57fe1d17-8f30-476a-a64a-953d5983e20c/datanode-7/data/ratis/eab537b7-d333-43c5-8191-6ef6570ea239/current/log_0-0
2021-11-06 13:09:39,250 [ca2e1dc9-8c7f-42bc-b6bd-0370d79258f9@group-6EF6570EA239-SegmentedRaftLogWorker] INFO  segmented.SegmentedRaftLogWorker (SegmentedRaftLogWorker.java:execute(601)) - ca2e1dc9-8c7f-42bc-b6bd-0370d79258f9@group-6EF6570EA239-SegmentedRaftLogWorker: created new log segment /home/runner/work/ozone/ozone/hadoop-ozone/integration-test/target/test-dir/MiniOzoneClusterImpl-57fe1d17-8f30-476a-a64a-953d5983e20c/datanode-7/data/ratis/eab537b7-d333-43c5-8191-6ef6570ea239/current/log_inprogress_1
2021-11-06 13:09:39,265 [ca2e1dc9-8c7f-42bc-b6bd-0370d79258f9@group-6EF6570EA239-LeaderElection93] INFO  server.RaftServer$Division (ServerState.java:setRaftConf(387)) - ca2e1dc9-8c7f-42bc-b6bd-0370d79258f9@group-6EF6570EA239: set configuration 1: [0eaea5f5-6746-43ea-ac9f-09b1ebc824b6|rpc:10.1.0.11:39423|dataStream:|priority:0, 5935a206-a598-494c-a9e6-46da022b00dd|rpc:10.1.0.11:43005|dataStream:|priority:0, ca2e1dc9-8c7f-42bc-b6bd-0370d79258f9|rpc:10.1.0.11:38687|dataStream:|priority:1], old=null
2021-11-06 13:09:39,270 [ForkJoinPool.commonPool-worker-1] INFO  ozoneimpl.OzoneContainer (OzoneContainer.java:stop(325)) - Attempting to stop container services.
2021-11-06 13:09:39,270 [Listener at 127.0.0.1/34591] INFO  ozoneimpl.OzoneContainer (OzoneContainer.java:stop(325)) - Attempting to stop container services.
2021-11-06 13:09:39,271 [grpc-default-executor-4] INFO  ratis.XceiverServerRatis (XceiverServerRatis.java:handleLeaderChangedNotification(866)) - Leader change notification received for group: group-6EF6570EA239 with new leaderId: ca2e1dc9-8c7f-42bc-b6bd-0370d79258f9
2021-11-06 13:09:39,271 [grpc-default-executor-4] INFO  server.RaftServer$Division (ServerState.java:setLeader(285)) - 5935a206-a598-494c-a9e6-46da022b00dd@group-6EF6570EA239: change Leader from null to ca2e1dc9-8c7f-42bc-b6bd-0370d79258f9 at term 7 for appendEntries, leader elected after 31024ms
2021-11-06 13:09:39,271 [grpc-default-executor-4] INFO  server.RaftServer$Division (RaftServerImpl.java:checkInconsistentAppendEntries(1322)) - 5935a206-a598-494c-a9e6-46da022b00dd@group-6EF6570EA239: Failed appendEntries as previous log entry ((t:2, i:0)) is not found
2021-11-06 13:09:39,271 [grpc-default-executor-4] INFO  server.RaftServer$Division (RaftServerImpl.java:checkInconsistentAppendEntries(1288)) - 5935a206-a598-494c-a9e6-46da022b00dd@group-6EF6570EA239: inconsistency entries. Reply:ca2e1dc9-8c7f-42bc-b6bd-0370d79258f9<-5935a206-a598-494c-a9e6-46da022b00dd#0:FAIL-t7,INCONSISTENCY,nextIndex=0,followerCommit=-1
2021-11-06 13:09:39,273 [grpc-default-executor-3] INFO  leader.FollowerInfo (FollowerInfoImpl.java:lambda$new$0(47)) - ca2e1dc9-8c7f-42bc-b6bd-0370d79258f9@group-6EF6570EA239->5935a206-a598-494c-a9e6-46da022b00dd: nextIndex: updateUnconditionally 2 -> 0
2021-11-06 13:09:39,274 [grpc-default-executor-4] INFO  server.RaftServer$Division (RaftServerImpl.java:checkInconsistentAppendEntries(1322)) - 5935a206-a598-494c-a9e6-46da022b00dd@group-6EF6570EA239: Failed appendEntries as previous log entry ((t:2, i:0)) is not found
2021-11-06 13:09:39,274 [grpc-default-executor-4] INFO  server.RaftServer$Division (RaftServerImpl.java:checkInconsistentAppendEntries(1288)) - 5935a206-a598-494c-a9e6-46da022b00dd@group-6EF6570EA239: inconsistency entries. Reply:ca2e1dc9-8c7f-42bc-b6bd-0370d79258f9<-5935a206-a598-494c-a9e6-46da022b00dd#1:FAIL-t7,INCONSISTENCY,nextIndex=0,followerCommit=-1
2021-11-06 13:09:39,277 [ForkJoinPool.commonPool-worker-1] INFO  server.RaftServer (RaftServerProxy.java:lambda$close$6(391)) - 4d122ed7-1d51-49b3-a564-9cc0800ef9b5: close
2021-11-06 13:09:39,277 [ForkJoinPool.commonPool-worker-1] INFO  server.RaftServer$Division (RaftServerImpl.java:lambda$close$4(412)) - 4d122ed7-1d51-49b3-a564-9cc0800ef9b5@group-2566DF71EC55: shutdown
2021-11-06 13:09:39,277 [ForkJoinPool.commonPool-worker-1] INFO  util.JmxRegister (JmxRegister.java:unregister(73)) - Successfully un-registered JMX Bean with object name Ratis:service=RaftServer,group=group-2566DF71EC55,id=4d122ed7-1d51-49b3-a564-9cc0800ef9b5
2021-11-06 13:09:39,277 [ForkJoinPool.commonPool-worker-1] INFO  impl.RoleInfo (RoleInfo.java:shutdownLeaderState(91)) - 4d122ed7-1d51-49b3-a564-9cc0800ef9b5: shutdown 4d122ed7-1d51-49b3-a564-9cc0800ef9b5@group-2566DF71EC55-LeaderStateImpl
2021-11-06 13:09:39,278 [ForkJoinPool.commonPool-worker-1] INFO  impl.PendingRequests (PendingRequests.java:sendNotLeaderResponses(282)) - 4d122ed7-1d51-49b3-a564-9cc0800ef9b5@group-2566DF71EC55-PendingRequests: sendNotLeaderResponses
2021-11-06 13:09:39,278 [ForkJoinPool.commonPool-worker-1] INFO  impl.StateMachineUpdater (StateMachineUpdater.java:stopAndJoin(149)) - 4d122ed7-1d51-49b3-a564-9cc0800ef9b5@group-2566DF71EC55-StateMachineUpdater: set stopIndex = 0
2021-11-06 13:09:39,279 [Listener at 127.0.0.1/34591] INFO  server.RaftServer (RaftServerProxy.java:lambda$close$6(391)) - 8825a48f-3f68-4f9f-a5f1-6d0b8018f501: close
2021-11-06 13:09:39,279 [4d122ed7-1d51-49b3-a564-9cc0800ef9b5@group-2566DF71EC55-StateMachineUpdater] INFO  ratis.ContainerStateMachine (ContainerStateMachine.java:takeSnapshot(292)) - group-2566DF71EC55: Taking a snapshot at:(t:1, i:0) file /home/runner/work/ozone/ozone/hadoop-ozone/integration-test/target/test-dir/MiniOzoneClusterImpl-57fe1d17-8f30-476a-a64a-953d5983e20c/datanode-2/data/ratis/5a06e79c-e756-4874-b3a2-2566df71ec55/sm/snapshot.1_0
2021-11-06 13:09:39,280 [grpc-default-executor-3] INFO  server.RaftServer$Division (ServerState.java:setRaftConf(387)) - 5935a206-a598-494c-a9e6-46da022b00dd@group-6EF6570EA239: set configuration 0: [0eaea5f5-6746-43ea-ac9f-09b1ebc824b6|rpc:10.1.0.11:39423|dataStream:|priority:0, 5935a206-a598-494c-a9e6-46da022b00dd|rpc:10.1.0.11:43005|dataStream:|priority:0, ca2e1dc9-8c7f-42bc-b6bd-0370d79258f9|rpc:10.1.0.11:38687|dataStream:|priority:1], old=null
2021-11-06 13:09:39,280 [grpc-default-executor-3] INFO  segmented.SegmentedRaftLogWorker (SegmentedRaftLogWorker.java:startLogSegment(394)) - 5935a206-a598-494c-a9e6-46da022b00dd@group-6EF6570EA239-SegmentedRaftLogWorker: Starting segment from index:0
2021-11-06 13:09:39,280 [4d122ed7-1d51-49b3-a564-9cc0800ef9b5@group-2566DF71EC55-StateMachineUpdater] INFO  ratis.ContainerStateMachine (ContainerStateMachine.java:takeSnapshot(303)) - group-2566DF71EC55: Finished taking a snapshot at:(t:1, i:0) file:/home/runner/work/ozone/ozone/hadoop-ozone/integration-test/target/test-dir/MiniOzoneClusterImpl-57fe1d17-8f30-476a-a64a-953d5983e20c/datanode-2/data/ratis/5a06e79c-e756-4874-b3a2-2566df71ec55/sm/snapshot.1_0 took: 1 ms
2021-11-06 13:09:39,281 [4d122ed7-1d51-49b3-a564-9cc0800ef9b5@group-2566DF71EC55-StateMachineUpdater] INFO  impl.StateMachineUpdater (StateMachineUpdater.java:takeSnapshot(281)) - 4d122ed7-1d51-49b3-a564-9cc0800ef9b5@group-2566DF71EC55-StateMachineUpdater: Took a snapshot at index 0
2021-11-06 13:09:39,281 [4d122ed7-1d51-49b3-a564-9cc0800ef9b5@group-2566DF71EC55-StateMachineUpdater] INFO  impl.StateMachineUpdater (StateMachineUpdater.java:lambda$new$0(89)) - 4d122ed7-1d51-49b3-a564-9cc0800ef9b5@group-2566DF71EC55-StateMachineUpdater: snapshotIndex: updateIncreasingly -1 -> 0
2021-11-06 13:09:39,279 [Listener at 127.0.0.1/34591] INFO  server.RaftServer$Division (RaftServerImpl.java:lambda$close$4(412)) - 8825a48f-3f68-4f9f-a5f1-6d0b8018f501@group-82FA7D9C4D50: shutdown
2021-11-06 13:09:39,282 [Listener at 127.0.0.1/34591] INFO  util.JmxRegister (JmxRegister.java:unregister(73)) - Successfully un-registered JMX Bean with object name Ratis:service=RaftServer,group=group-82FA7D9C4D50,id=8825a48f-3f68-4f9f-a5f1-6d0b8018f501
2021-11-06 13:09:39,282 [Listener at 127.0.0.1/34591] INFO  impl.RoleInfo (RoleInfo.java:shutdownLeaderState(91)) - 8825a48f-3f68-4f9f-a5f1-6d0b8018f501: shutdown 8825a48f-3f68-4f9f-a5f1-6d0b8018f501@group-82FA7D9C4D50-LeaderStateImpl
2021-11-06 13:09:39,282 [Listener at 127.0.0.1/34591] INFO  impl.PendingRequests (PendingRequests.java:sendNotLeaderResponses(282)) - 8825a48f-3f68-4f9f-a5f1-6d0b8018f501@group-82FA7D9C4D50-PendingRequests: sendNotLeaderResponses
2021-11-06 13:09:39,283 [grpc-default-executor-3] INFO  server.RaftServer$Division (ServerState.java:setRaftConf(387)) - 5935a206-a598-494c-a9e6-46da022b00dd@group-6EF6570EA239: set configuration 1: [0eaea5f5-6746-43ea-ac9f-09b1ebc824b6|rpc:10.1.0.11:39423|dataStream:|priority:0, 5935a206-a598-494c-a9e6-46da022b00dd|rpc:10.1.0.11:43005|dataStream:|priority:0, ca2e1dc9-8c7f-42bc-b6bd-0370d79258f9|rpc:10.1.0.11:38687|dataStream:|priority:1], old=null
2021-11-06 13:09:39,283 [grpc-default-executor-3] INFO  segmented.SegmentedRaftLogWorker (SegmentedRaftLogWorker.java:rollLogSegment(399)) - 5935a206-a598-494c-a9e6-46da022b00dd@group-6EF6570EA239-SegmentedRaftLogWorker: Rolling segment log-0_0 to index:0
2021-11-06 13:09:39,284 [Listener at 127.0.0.1/34591] INFO  impl.StateMachineUpdater (StateMachineUpdater.java:stopAndJoin(149)) - 8825a48f-3f68-4f9f-a5f1-6d0b8018f501@group-82FA7D9C4D50-StateMachineUpdater: set stopIndex = 0
2021-11-06 13:09:39,284 [8825a48f-3f68-4f9f-a5f1-6d0b8018f501@group-82FA7D9C4D50-StateMachineUpdater] INFO  ratis.ContainerStateMachine (ContainerStateMachine.java:takeSnapshot(292)) - group-82FA7D9C4D50: Taking a snapshot at:(t:1, i:0) file /home/runner/work/ozone/ozone/hadoop-ozone/integration-test/target/test-dir/MiniOzoneClusterImpl-57fe1d17-8f30-476a-a64a-953d5983e20c/datanode-4/data/ratis/233fa60b-c3f1-4fba-be80-82fa7d9c4d50/sm/snapshot.1_0
2021-11-06 13:09:39,285 [grpc-default-executor-4] INFO  leader.FollowerInfo (FollowerInfoImpl.java:lambda$new$0(47)) - ca2e1dc9-8c7f-42bc-b6bd-0370d79258f9@group-6EF6570EA239->5935a206-a598-494c-a9e6-46da022b00dd: nextIndex: updateUnconditionally 2 -> 0
2021-11-06 13:09:39,285 [5935a206-a598-494c-a9e6-46da022b00dd@group-6EF6570EA239-SegmentedRaftLogWorker] INFO  segmented.SegmentedRaftLogWorker (SegmentedRaftLogWorker.java:execute(601)) - 5935a206-a598-494c-a9e6-46da022b00dd@group-6EF6570EA239-SegmentedRaftLogWorker: created new log segment /home/runner/work/ozone/ozone/hadoop-ozone/integration-test/target/test-dir/MiniOzoneClusterImpl-57fe1d17-8f30-476a-a64a-953d5983e20c/datanode-8/data/ratis/eab537b7-d333-43c5-8191-6ef6570ea239/current/log_inprogress_0
2021-11-06 13:09:39,285 [ForkJoinPool.commonPool-worker-1] INFO  server.RaftServer$Division (ServerState.java:close(419)) - 4d122ed7-1d51-49b3-a564-9cc0800ef9b5@group-2566DF71EC55: closes. applyIndex: 0
2021-11-06 13:09:39,287 [8825a48f-3f68-4f9f-a5f1-6d0b8018f501@group-82FA7D9C4D50-StateMachineUpdater] INFO  ratis.ContainerStateMachine (ContainerStateMachine.java:takeSnapshot(303)) - group-82FA7D9C4D50: Finished taking a snapshot at:(t:1, i:0) file:/home/runner/work/ozone/ozone/hadoop-ozone/integration-test/target/test-dir/MiniOzoneClusterImpl-57fe1d17-8f30-476a-a64a-953d5983e20c/datanode-4/data/ratis/233fa60b-c3f1-4fba-be80-82fa7d9c4d50/sm/snapshot.1_0 took: 3 ms
2021-11-06 13:09:39,287 [8825a48f-3f68-4f9f-a5f1-6d0b8018f501@group-82FA7D9C4D50-StateMachineUpdater] INFO  impl.StateMachineUpdater (StateMachineUpdater.java:takeSnapshot(281)) - 8825a48f-3f68-4f9f-a5f1-6d0b8018f501@group-82FA7D9C4D50-StateMachineUpdater: Took a snapshot at index 0
2021-11-06 13:09:39,287 [8825a48f-3f68-4f9f-a5f1-6d0b8018f501@group-82FA7D9C4D50-StateMachineUpdater] INFO  impl.StateMachineUpdater (StateMachineUpdater.java:lambda$new$0(89)) - 8825a48f-3f68-4f9f-a5f1-6d0b8018f501@group-82FA7D9C4D50-StateMachineUpdater: snapshotIndex: updateIncreasingly -1 -> 0
2021-11-06 13:09:39,293 [Listener at 127.0.0.1/34591] INFO  server.RaftServer$Division (ServerState.java:close(419)) - 8825a48f-3f68-4f9f-a5f1-6d0b8018f501@group-82FA7D9C4D50: closes. applyIndex: 0
2021-11-06 13:09:39,295 [grpc-default-executor-3] INFO  ratis.XceiverServerRatis (XceiverServerRatis.java:handleLeaderChangedNotification(866)) - Leader change notification received for group: group-6EF6570EA239 with new leaderId: ca2e1dc9-8c7f-42bc-b6bd-0370d79258f9
2021-11-06 13:09:39,295 [grpc-default-executor-3] INFO  server.RaftServer$Division (ServerState.java:setLeader(285)) - 0eaea5f5-6746-43ea-ac9f-09b1ebc824b6@group-6EF6570EA239: change Leader from null to ca2e1dc9-8c7f-42bc-b6bd-0370d79258f9 at term 7 for appendEntries, leader elected after 31139ms
2021-11-06 13:09:39,296 [grpc-default-executor-3] INFO  server.RaftServer$Division (RaftServerImpl.java:checkInconsistentAppendEntries(1322)) - 0eaea5f5-6746-43ea-ac9f-09b1ebc824b6@group-6EF6570EA239: Failed appendEntries as previous log entry ((t:2, i:0)) is not found
2021-11-06 13:09:39,296 [grpc-default-executor-3] INFO  server.RaftServer$Division (RaftServerImpl.java:checkInconsistentAppendEntries(1288)) - 0eaea5f5-6746-43ea-ac9f-09b1ebc824b6@group-6EF6570EA239: inconsistency entries. Reply:ca2e1dc9-8c7f-42bc-b6bd-0370d79258f9<-0eaea5f5-6746-43ea-ac9f-09b1ebc824b6#0:FAIL-t7,INCONSISTENCY,nextIndex=0,followerCommit=-1
2021-11-06 13:09:39,301 [grpc-default-executor-3] INFO  leader.FollowerInfo (FollowerInfoImpl.java:lambda$new$0(47)) - ca2e1dc9-8c7f-42bc-b6bd-0370d79258f9@group-6EF6570EA239->0eaea5f5-6746-43ea-ac9f-09b1ebc824b6: nextIndex: updateUnconditionally 1 -> 0
2021-11-06 13:09:39,302 [grpc-default-executor-3] INFO  server.RaftServer$Division (ServerState.java:setRaftConf(387)) - 0eaea5f5-6746-43ea-ac9f-09b1ebc824b6@group-6EF6570EA239: set configuration 0: [0eaea5f5-6746-43ea-ac9f-09b1ebc824b6|rpc:10.1.0.11:39423|dataStream:|priority:0, 5935a206-a598-494c-a9e6-46da022b00dd|rpc:10.1.0.11:43005|dataStream:|priority:0, ca2e1dc9-8c7f-42bc-b6bd-0370d79258f9|rpc:10.1.0.11:38687|dataStream:|priority:1], old=null
2021-11-06 13:09:39,302 [grpc-default-executor-3] INFO  segmented.SegmentedRaftLogWorker (SegmentedRaftLogWorker.java:startLogSegment(394)) - 0eaea5f5-6746-43ea-ac9f-09b1ebc824b6@group-6EF6570EA239-SegmentedRaftLogWorker: Starting segment from index:0
2021-11-06 13:09:39,310 [5935a206-a598-494c-a9e6-46da022b00dd@group-6EF6570EA239-SegmentedRaftLogWorker] INFO  segmented.SegmentedRaftLogWorker (SegmentedRaftLogWorker.java:execute(558)) - 5935a206-a598-494c-a9e6-46da022b00dd@group-6EF6570EA239-SegmentedRaftLogWorker: Rolled log segment from /home/runner/work/ozone/ozone/hadoop-ozone/integration-test/target/test-dir/MiniOzoneClusterImpl-57fe1d17-8f30-476a-a64a-953d5983e20c/datanode-8/data/ratis/eab537b7-d333-43c5-8191-6ef6570ea239/current/log_inprogress_0 to /home/runner/work/ozone/ozone/hadoop-ozone/integration-test/target/test-dir/MiniOzoneClusterImpl-57fe1d17-8f30-476a-a64a-953d5983e20c/datanode-8/data/ratis/eab537b7-d333-43c5-8191-6ef6570ea239/current/log_0-0
2021-11-06 13:09:39,311 [8825a48f-3f68-4f9f-a5f1-6d0b8018f501@group-82FA7D9C4D50-SegmentedRaftLogWorker] INFO  segmented.SegmentedRaftLogWorker (SegmentedRaftLogWorker.java:run(327)) - 8825a48f-3f68-4f9f-a5f1-6d0b8018f501@group-82FA7D9C4D50-SegmentedRaftLogWorker was interrupted, exiting. There are 0 tasks remaining in the queue.
2021-11-06 13:09:39,314 [4d122ed7-1d51-49b3-a564-9cc0800ef9b5@group-2566DF71EC55-SegmentedRaftLogWorker] INFO  segmented.SegmentedRaftLogWorker (SegmentedRaftLogWorker.java:run(327)) - 4d122ed7-1d51-49b3-a564-9cc0800ef9b5@group-2566DF71EC55-SegmentedRaftLogWorker was interrupted, exiting. There are 0 tasks remaining in the queue.
2021-11-06 13:09:39,314 [grpc-default-executor-4] INFO  server.RaftServer$Division (ServerState.java:setRaftConf(387)) - 5935a206-a598-494c-a9e6-46da022b00dd@group-6EF6570EA239: set configuration 0: [0eaea5f5-6746-43ea-ac9f-09b1ebc824b6|rpc:10.1.0.11:39423|dataStream:|priority:0, 5935a206-a598-494c-a9e6-46da022b00dd|rpc:10.1.0.11:43005|dataStream:|priority:0, ca2e1dc9-8c7f-42bc-b6bd-0370d79258f9|rpc:10.1.0.11:38687|dataStream:|priority:1], old=null
2021-11-06 13:09:39,314 [5935a206-a598-494c-a9e6-46da022b00dd@group-6EF6570EA239-SegmentedRaftLogWorker] INFO  segmented.SegmentedRaftLogWorker (SegmentedRaftLogWorker.java:execute(601)) - 5935a206-a598-494c-a9e6-46da022b00dd@group-6EF6570EA239-SegmentedRaftLogWorker: created new log segment /home/runner/work/ozone/ozone/hadoop-ozone/integration-test/target/test-dir/MiniOzoneClusterImpl-57fe1d17-8f30-476a-a64a-953d5983e20c/datanode-8/data/ratis/eab537b7-d333-43c5-8191-6ef6570ea239/current/log_inprogress_1
2021-11-06 13:09:39,319 [grpc-default-executor-4] INFO  server.RaftServer$Division (ServerState.java:setRaftConf(387)) - 5935a206-a598-494c-a9e6-46da022b00dd@group-6EF6570EA239: set configuration 1: [0eaea5f5-6746-43ea-ac9f-09b1ebc824b6|rpc:10.1.0.11:39423|dataStream:|priority:0, 5935a206-a598-494c-a9e6-46da022b00dd|rpc:10.1.0.11:43005|dataStream:|priority:0, ca2e1dc9-8c7f-42bc-b6bd-0370d79258f9|rpc:10.1.0.11:38687|dataStream:|priority:1], old=null
2021-11-06 13:09:39,349 [grpc-default-executor-3] INFO  server.RaftServer$Division (ServerState.java:setRaftConf(387)) - 0eaea5f5-6746-43ea-ac9f-09b1ebc824b6@group-6EF6570EA239: set configuration 1: [0eaea5f5-6746-43ea-ac9f-09b1ebc824b6|rpc:10.1.0.11:39423|dataStream:|priority:0, 5935a206-a598-494c-a9e6-46da022b00dd|rpc:10.1.0.11:43005|dataStream:|priority:0, ca2e1dc9-8c7f-42bc-b6bd-0370d79258f9|rpc:10.1.0.11:38687|dataStream:|priority:1], old=null
2021-11-06 13:09:39,350 [grpc-default-executor-3] INFO  segmented.SegmentedRaftLogWorker (SegmentedRaftLogWorker.java:rollLogSegment(399)) - 0eaea5f5-6746-43ea-ac9f-09b1ebc824b6@group-6EF6570EA239-SegmentedRaftLogWorker: Rolling segment log-0_0 to index:0
2021-11-06 13:09:39,351 [0eaea5f5-6746-43ea-ac9f-09b1ebc824b6@group-6EF6570EA239-SegmentedRaftLogWorker] INFO  segmented.SegmentedRaftLogWorker (SegmentedRaftLogWorker.java:execute(601)) - 0eaea5f5-6746-43ea-ac9f-09b1ebc824b6@group-6EF6570EA239-SegmentedRaftLogWorker: created new log segment /home/runner/work/ozone/ozone/hadoop-ozone/integration-test/target/test-dir/MiniOzoneClusterImpl-57fe1d17-8f30-476a-a64a-953d5983e20c/datanode-6/data/ratis/eab537b7-d333-43c5-8191-6ef6570ea239/current/log_inprogress_0
2021-11-06 13:09:39,359 [0eaea5f5-6746-43ea-ac9f-09b1ebc824b6@group-6EF6570EA239-SegmentedRaftLogWorker] INFO  segmented.SegmentedRaftLogWorker (SegmentedRaftLogWorker.java:execute(558)) - 0eaea5f5-6746-43ea-ac9f-09b1ebc824b6@group-6EF6570EA239-SegmentedRaftLogWorker: Rolled log segment from /home/runner/work/ozone/ozone/hadoop-ozone/integration-test/target/test-dir/MiniOzoneClusterImpl-57fe1d17-8f30-476a-a64a-953d5983e20c/datanode-6/data/ratis/eab537b7-d333-43c5-8191-6ef6570ea239/current/log_inprogress_0 to /home/runner/work/ozone/ozone/hadoop-ozone/integration-test/target/test-dir/MiniOzoneClusterImpl-57fe1d17-8f30-476a-a64a-953d5983e20c/datanode-6/data/ratis/eab537b7-d333-43c5-8191-6ef6570ea239/current/log_0-0
2021-11-06 13:09:39,372 [ForkJoinPool.commonPool-worker-1] INFO  segmented.SegmentedRaftLogWorker (SegmentedRaftLogWorker.java:close(237)) - 4d122ed7-1d51-49b3-a564-9cc0800ef9b5@group-2566DF71EC55-SegmentedRaftLogWorker close()
2021-11-06 13:09:39,383 [0eaea5f5-6746-43ea-ac9f-09b1ebc824b6@group-6EF6570EA239-SegmentedRaftLogWorker] INFO  segmented.SegmentedRaftLogWorker (SegmentedRaftLogWorker.java:execute(601)) - 0eaea5f5-6746-43ea-ac9f-09b1ebc824b6@group-6EF6570EA239-SegmentedRaftLogWorker: created new log segment /home/runner/work/ozone/ozone/hadoop-ozone/integration-test/target/test-dir/MiniOzoneClusterImpl-57fe1d17-8f30-476a-a64a-953d5983e20c/datanode-6/data/ratis/eab537b7-d333-43c5-8191-6ef6570ea239/current/log_inprogress_1
2021-11-06 13:09:39,407 [Listener at 127.0.0.1/34591] INFO  segmented.SegmentedRaftLogWorker (SegmentedRaftLogWorker.java:close(237)) - 8825a48f-3f68-4f9f-a5f1-6d0b8018f501@group-82FA7D9C4D50-SegmentedRaftLogWorker close()
2021-11-06 13:09:39,461 [ForkJoinPool.commonPool-worker-1] INFO  server.RaftServer$Division (RaftServerImpl.java:lambda$close$4(412)) - 4d122ed7-1d51-49b3-a564-9cc0800ef9b5@group-950F038C74EB: shutdown
2021-11-06 13:09:39,461 [ForkJoinPool.commonPool-worker-1] INFO  util.JmxRegister (JmxRegister.java:unregister(73)) - Successfully un-registered JMX Bean with object name Ratis:service=RaftServer,group=group-950F038C74EB,id=4d122ed7-1d51-49b3-a564-9cc0800ef9b5
2021-11-06 13:09:39,461 [ForkJoinPool.commonPool-worker-1] INFO  impl.RoleInfo (RoleInfo.java:shutdownFollowerState(108)) - 4d122ed7-1d51-49b3-a564-9cc0800ef9b5: shutdown 4d122ed7-1d51-49b3-a564-9cc0800ef9b5@group-950F038C74EB-FollowerState
2021-11-06 13:09:39,461 [ForkJoinPool.commonPool-worker-1] INFO  impl.StateMachineUpdater (StateMachineUpdater.java:stopAndJoin(149)) - 4d122ed7-1d51-49b3-a564-9cc0800ef9b5@group-950F038C74EB-StateMachineUpdater: set stopIndex = -1
2021-11-06 13:09:39,462 [Listener at 127.0.0.1/34591] INFO  server.RaftServer$Division (RaftServerImpl.java:lambda$close$4(412)) - 8825a48f-3f68-4f9f-a5f1-6d0b8018f501@group-767134F6B288: shutdown
2021-11-06 13:09:39,462 [Listener at 127.0.0.1/34591] INFO  util.JmxRegister (JmxRegister.java:unregister(73)) - Successfully un-registered JMX Bean with object name Ratis:service=RaftServer,group=group-767134F6B288,id=8825a48f-3f68-4f9f-a5f1-6d0b8018f501
2021-11-06 13:09:39,462 [Listener at 127.0.0.1/34591] INFO  impl.RoleInfo (RoleInfo.java:shutdownFollowerState(108)) - 8825a48f-3f68-4f9f-a5f1-6d0b8018f501: shutdown 8825a48f-3f68-4f9f-a5f1-6d0b8018f501@group-767134F6B288-FollowerState
2021-11-06 13:09:39,462 [Listener at 127.0.0.1/34591] INFO  impl.StateMachineUpdater (StateMachineUpdater.java:stopAndJoin(149)) - 8825a48f-3f68-4f9f-a5f1-6d0b8018f501@group-767134F6B288-StateMachineUpdater: set stopIndex = 0
2021-11-06 13:09:39,462 [4d122ed7-1d51-49b3-a564-9cc0800ef9b5@group-950F038C74EB-FollowerState] INFO  impl.FollowerState (FollowerState.java:run(143)) - 4d122ed7-1d51-49b3-a564-9cc0800ef9b5@group-950F038C74EB-FollowerState was interrupted: {}
java.lang.InterruptedException: sleep interrupted
	at java.lang.Thread.sleep(Native Method)
	at java.lang.Thread.sleep(Thread.java:340)
	at java.util.concurrent.TimeUnit.sleep(TimeUnit.java:386)
	at org.apache.ratis.util.TimeDuration.sleep(TimeDuration.java:324)
	at org.apache.ratis.util.TimeDuration.sleep(TimeDuration.java:309)
	at org.apache.ratis.server.impl.FollowerState.run(FollowerState.java:118)
2021-11-06 13:09:39,462 [8825a48f-3f68-4f9f-a5f1-6d0b8018f501@group-767134F6B288-StateMachineUpdater] INFO  ratis.ContainerStateMachine (ContainerStateMachine.java:takeSnapshot(292)) - group-767134F6B288: Taking a snapshot at:(t:3, i:0) file /home/runner/work/ozone/ozone/hadoop-ozone/integration-test/target/test-dir/MiniOzoneClusterImpl-57fe1d17-8f30-476a-a64a-953d5983e20c/datanode-4/data/ratis/7e863a07-bf1b-4791-a5cf-767134f6b288/sm/snapshot.3_0
2021-11-06 13:09:39,463 [8825a48f-3f68-4f9f-a5f1-6d0b8018f501@group-767134F6B288-FollowerState] INFO  impl.FollowerState (FollowerState.java:run(143)) - 8825a48f-3f68-4f9f-a5f1-6d0b8018f501@group-767134F6B288-FollowerState was interrupted: {}
java.lang.InterruptedException: sleep interrupted
	at java.lang.Thread.sleep(Native Method)
	at java.lang.Thread.sleep(Thread.java:340)
	at java.util.concurrent.TimeUnit.sleep(TimeUnit.java:386)
	at org.apache.ratis.util.TimeDuration.sleep(TimeDuration.java:324)
	at org.apache.ratis.util.TimeDuration.sleep(TimeDuration.java:309)
	at org.apache.ratis.server.impl.FollowerState.run(FollowerState.java:118)
2021-11-06 13:09:39,467 [8825a48f-3f68-4f9f-a5f1-6d0b8018f501@group-767134F6B288-StateMachineUpdater] INFO  ratis.ContainerStateMachine (ContainerStateMachine.java:takeSnapshot(303)) - group-767134F6B288: Finished taking a snapshot at:(t:3, i:0) file:/home/runner/work/ozone/ozone/hadoop-ozone/integration-test/target/test-dir/MiniOzoneClusterImpl-57fe1d17-8f30-476a-a64a-953d5983e20c/datanode-4/data/ratis/7e863a07-bf1b-4791-a5cf-767134f6b288/sm/snapshot.3_0 took: 4 ms
2021-11-06 13:09:39,467 [8825a48f-3f68-4f9f-a5f1-6d0b8018f501@group-767134F6B288-StateMachineUpdater] INFO  impl.StateMachineUpdater (StateMachineUpdater.java:takeSnapshot(281)) - 8825a48f-3f68-4f9f-a5f1-6d0b8018f501@group-767134F6B288-StateMachineUpdater: Took a snapshot at index 0
2021-11-06 13:09:39,467 [8825a48f-3f68-4f9f-a5f1-6d0b8018f501@group-767134F6B288-StateMachineUpdater] INFO  impl.StateMachineUpdater (StateMachineUpdater.java:lambda$new$0(89)) - 8825a48f-3f68-4f9f-a5f1-6d0b8018f501@group-767134F6B288-StateMachineUpdater: snapshotIndex: updateIncreasingly -1 -> 0
2021-11-06 13:09:39,467 [ForkJoinPool.commonPool-worker-1] INFO  server.RaftServer$Division (ServerState.java:close(419)) - 4d122ed7-1d51-49b3-a564-9cc0800ef9b5@group-950F038C74EB: closes. applyIndex: -1
2021-11-06 13:09:39,468 [4d122ed7-1d51-49b3-a564-9cc0800ef9b5@group-950F038C74EB-SegmentedRaftLogWorker] INFO  segmented.SegmentedRaftLogWorker (SegmentedRaftLogWorker.java:run(327)) - 4d122ed7-1d51-49b3-a564-9cc0800ef9b5@group-950F038C74EB-SegmentedRaftLogWorker was interrupted, exiting. There are 0 tasks remaining in the queue.
2021-11-06 13:09:39,468 [ForkJoinPool.commonPool-worker-1] INFO  segmented.SegmentedRaftLogWorker (SegmentedRaftLogWorker.java:close(237)) - 4d122ed7-1d51-49b3-a564-9cc0800ef9b5@group-950F038C74EB-SegmentedRaftLogWorker close()
2021-11-06 13:09:39,468 [Listener at 127.0.0.1/34591] INFO  server.RaftServer$Division (ServerState.java:close(419)) - 8825a48f-3f68-4f9f-a5f1-6d0b8018f501@group-767134F6B288: closes. applyIndex: 0
2021-11-06 13:09:39,470 [ForkJoinPool.commonPool-worker-1] INFO  server.GrpcService (GrpcService.java:closeImpl(262)) - 4d122ed7-1d51-49b3-a564-9cc0800ef9b5: shutdown server with port 44073 now
2021-11-06 13:09:39,482 [8825a48f-3f68-4f9f-a5f1-6d0b8018f501@group-767134F6B288-SegmentedRaftLogWorker] INFO  segmented.SegmentedRaftLogWorker (SegmentedRaftLogWorker.java:run(327)) - 8825a48f-3f68-4f9f-a5f1-6d0b8018f501@group-767134F6B288-SegmentedRaftLogWorker was interrupted, exiting. There are 0 tasks remaining in the queue.
2021-11-06 13:09:39,483 [Listener at 127.0.0.1/34591] INFO  segmented.SegmentedRaftLogWorker (SegmentedRaftLogWorker.java:close(237)) - 8825a48f-3f68-4f9f-a5f1-6d0b8018f501@group-767134F6B288-SegmentedRaftLogWorker close()
2021-11-06 13:09:39,485 [Listener at 127.0.0.1/34591] INFO  server.GrpcService (GrpcService.java:closeImpl(262)) - 8825a48f-3f68-4f9f-a5f1-6d0b8018f501: shutdown server with port 41601 now
2021-11-06 13:09:39,522 [grpc-default-executor-4] WARN  server.GrpcServerProtocolService (LogUtils.java:warn(122)) - 8825a48f-3f68-4f9f-a5f1-6d0b8018f501: installSnapshot onError, lastRequest: 5750f6fd-62ed-459f-9a73-135ca28be509->8825a48f-3f68-4f9f-a5f1-6d0b8018f501#1-t3,previous=(t:0, i:0),leaderCommit=-1,initializing? true,entries: size=1, first=(t:3, i:0), CONFIGURATIONENTRY: org.apache.ratis.thirdparty.io.grpc.StatusRuntimeException: CANCELLED: client cancelled
2021-11-06 13:09:39,550 [grpc-default-executor-3] WARN  server.GrpcLogAppender (LogUtils.java:warn(122)) - 5750f6fd-62ed-459f-9a73-135ca28be509@group-767134F6B288->8825a48f-3f68-4f9f-a5f1-6d0b8018f501-AppendLogResponseHandler: Failed appendEntries: org.apache.ratis.thirdparty.io.grpc.StatusRuntimeException: CANCELLED: HTTP/2 error code: CANCEL
Received Rst Stream
2021-11-06 13:09:39,551 [grpc-default-executor-3] WARN  server.GrpcLogAppender (GrpcLogAppender.java:resetClient(110)) - 5750f6fd-62ed-459f-9a73-135ca28be509@group-767134F6B288->8825a48f-3f68-4f9f-a5f1-6d0b8018f501-GrpcLogAppender: Leader has not got in touch with Follower 5750f6fd-62ed-459f-9a73-135ca28be509@group-767134F6B288->8825a48f-3f68-4f9f-a5f1-6d0b8018f501(c0,m0,n1, attendVote=true, lastRpcSendTime=2177, lastRpcResponseTime=2171) yet, just keep nextIndex unchanged and retry.
2021-11-06 13:09:39,585 [ForkJoinPool.commonPool-worker-1] INFO  server.GrpcService (GrpcService.java:closeImpl(271)) - 4d122ed7-1d51-49b3-a564-9cc0800ef9b5: shutdown server with port 44073 successfully
2021-11-06 13:09:39,586 [org.apache.ratis.util.JvmPauseMonitor$$Lambda$531/117902049@373b86ea] INFO  util.JvmPauseMonitor (JvmPauseMonitor.java:run(109)) - JvmPauseMonitor-4d122ed7-1d51-49b3-a564-9cc0800ef9b5: Stopped
2021-11-06 13:09:39,630 [Listener at 127.0.0.1/34591] INFO  server.GrpcService (GrpcService.java:closeImpl(271)) - 8825a48f-3f68-4f9f-a5f1-6d0b8018f501: shutdown server with port 41601 successfully
2021-11-06 13:09:39,630 [org.apache.ratis.util.JvmPauseMonitor$$Lambda$531/117902049@15ecba4c] INFO  util.JvmPauseMonitor (JvmPauseMonitor.java:run(109)) - JvmPauseMonitor-8825a48f-3f68-4f9f-a5f1-6d0b8018f501: Stopped
2021-11-06 13:09:39,644 [Listener at 127.0.0.1/34591] INFO  utils.BackgroundService (BackgroundService.java:shutdown(132)) - Shutting down service BlockDeletingService
2021-11-06 13:09:39,660 [ForkJoinPool.commonPool-worker-1] INFO  utils.BackgroundService (BackgroundService.java:shutdown(132)) - Shutting down service BlockDeletingService
2021-11-06 13:09:39,883 [grpc-default-executor-3] WARN  server.GrpcLogAppender (LogUtils.java:warn(122)) - 5750f6fd-62ed-459f-9a73-135ca28be509@group-767134F6B288->8825a48f-3f68-4f9f-a5f1-6d0b8018f501-AppendLogResponseHandler: Failed appendEntries: org.apache.ratis.thirdparty.io.grpc.StatusRuntimeException: UNAVAILABLE: io exception
2021-11-06 13:09:39,884 [grpc-default-executor-3] WARN  server.GrpcLogAppender (GrpcLogAppender.java:resetClient(110)) - 5750f6fd-62ed-459f-9a73-135ca28be509@group-767134F6B288->8825a48f-3f68-4f9f-a5f1-6d0b8018f501-GrpcLogAppender: Leader has not got in touch with Follower 5750f6fd-62ed-459f-9a73-135ca28be509@group-767134F6B288->8825a48f-3f68-4f9f-a5f1-6d0b8018f501(c0,m0,n1, attendVote=true, lastRpcSendTime=2509, lastRpcResponseTime=2504) yet, just keep nextIndex unchanged and retry.
2021-11-06 13:09:41,494 [41301224-b672-4531-af78-b462410ab6ac@group-950F038C74EB-FollowerState] INFO  impl.FollowerState (FollowerState.java:run(134)) - 41301224-b672-4531-af78-b462410ab6ac@group-950F038C74EB-FollowerState: change to CANDIDATE, lastRpcElapsedTime:5095320728ns, electionTimeout:5094ms
2021-11-06 13:09:41,494 [41301224-b672-4531-af78-b462410ab6ac@group-950F038C74EB-FollowerState] INFO  impl.RoleInfo (RoleInfo.java:shutdownFollowerState(108)) - 41301224-b672-4531-af78-b462410ab6ac: shutdown 41301224-b672-4531-af78-b462410ab6ac@group-950F038C74EB-FollowerState
2021-11-06 13:09:41,494 [41301224-b672-4531-af78-b462410ab6ac@group-950F038C74EB-FollowerState] INFO  server.RaftServer$Division (RaftServerImpl.java:setRole(290)) - 41301224-b672-4531-af78-b462410ab6ac@group-950F038C74EB: changes role from  FOLLOWER to CANDIDATE at term 6 for changeToCandidate
2021-11-06 13:09:41,494 [41301224-b672-4531-af78-b462410ab6ac@group-950F038C74EB-FollowerState] INFO  server.RaftServerConfigKeys (ConfUtils.java:logGet(44)) - raft.server.leaderelection.pre-vote = false (custom)
2021-11-06 13:09:41,494 [41301224-b672-4531-af78-b462410ab6ac@group-950F038C74EB-FollowerState] INFO  impl.RoleInfo (RoleInfo.java:updateAndGet(130)) - 41301224-b672-4531-af78-b462410ab6ac: start 41301224-b672-4531-af78-b462410ab6ac@group-950F038C74EB-LeaderElection94
2021-11-06 13:09:41,520 [41301224-b672-4531-af78-b462410ab6ac@group-950F038C74EB-LeaderElection94] INFO  impl.LeaderElection (LeaderElection.java:askForVotes(306)) - 41301224-b672-4531-af78-b462410ab6ac@group-950F038C74EB-LeaderElection94 ELECTION round 0: submit vote requests at term 7 for -1: [4d122ed7-1d51-49b3-a564-9cc0800ef9b5|rpc:10.1.0.11:44073|priority:1, 414c08ff-7683-4e40-9ba7-4aaff37af58e|rpc:10.1.0.11:42123|priority:0, 41301224-b672-4531-af78-b462410ab6ac|rpc:10.1.0.11:45193|priority:0], old=null
2021-11-06 13:09:41,577 [41301224-b672-4531-af78-b462410ab6ac@group-950F038C74EB-LeaderElection94] INFO  impl.LeaderElection (LogUtils.java:infoOrTrace(137)) - 41301224-b672-4531-af78-b462410ab6ac@group-950F038C74EB-LeaderElection94 got exception when requesting votes: java.util.concurrent.ExecutionException: org.apache.ratis.thirdparty.io.grpc.StatusRuntimeException: UNAVAILABLE: io exception
2021-11-06 13:09:41,617 [grpc-default-executor-3] INFO  server.RaftServer$Division (RaftServerImpl.java:requestVote(1046)) - 414c08ff-7683-4e40-9ba7-4aaff37af58e@group-950F038C74EB: receive requestVote(ELECTION, 41301224-b672-4531-af78-b462410ab6ac, group-950F038C74EB, 7, (t:0, i:0))
2021-11-06 13:09:41,617 [grpc-default-executor-3] INFO  impl.VoteContext (VoteContext.java:log(48)) - 414c08ff-7683-4e40-9ba7-4aaff37af58e@group-950F038C74EB-FOLLOWER: accept ELECTION from 41301224-b672-4531-af78-b462410ab6ac: our priority 0 <= candidate's priority 0
2021-11-06 13:09:41,617 [grpc-default-executor-3] INFO  server.RaftServer$Division (RaftServerImpl.java:setRole(290)) - 414c08ff-7683-4e40-9ba7-4aaff37af58e@group-950F038C74EB: changes role from  FOLLOWER to FOLLOWER at term 7 for candidate:41301224-b672-4531-af78-b462410ab6ac
2021-11-06 13:09:41,617 [grpc-default-executor-3] INFO  impl.RoleInfo (RoleInfo.java:shutdownFollowerState(108)) - 414c08ff-7683-4e40-9ba7-4aaff37af58e: shutdown 414c08ff-7683-4e40-9ba7-4aaff37af58e@group-950F038C74EB-FollowerState
2021-11-06 13:09:41,618 [grpc-default-executor-3] INFO  impl.RoleInfo (RoleInfo.java:updateAndGet(130)) - 414c08ff-7683-4e40-9ba7-4aaff37af58e: start 414c08ff-7683-4e40-9ba7-4aaff37af58e@group-950F038C74EB-FollowerState
2021-11-06 13:09:41,618 [414c08ff-7683-4e40-9ba7-4aaff37af58e@group-950F038C74EB-FollowerState] INFO  impl.FollowerState (FollowerState.java:run(143)) - 414c08ff-7683-4e40-9ba7-4aaff37af58e@group-950F038C74EB-FollowerState was interrupted: {}
java.lang.InterruptedException: sleep interrupted
	at java.lang.Thread.sleep(Native Method)
	at java.lang.Thread.sleep(Thread.java:340)
	at java.util.concurrent.TimeUnit.sleep(TimeUnit.java:386)
	at org.apache.ratis.util.TimeDuration.sleep(TimeDuration.java:324)
	at org.apache.ratis.util.TimeDuration.sleep(TimeDuration.java:309)
	at org.apache.ratis.server.impl.FollowerState.run(FollowerState.java:118)
2021-11-06 13:09:41,620 [grpc-default-executor-3] INFO  server.RaftServer$Division (RaftServerImpl.java:requestVote(1078)) - 414c08ff-7683-4e40-9ba7-4aaff37af58e@group-950F038C74EB replies to ELECTION vote request: 41301224-b672-4531-af78-b462410ab6ac<-414c08ff-7683-4e40-9ba7-4aaff37af58e#0:OK-t7. Peer's state: 414c08ff-7683-4e40-9ba7-4aaff37af58e@group-950F038C74EB:t7, leader=null, voted=41301224-b672-4531-af78-b462410ab6ac, raftlog=414c08ff-7683-4e40-9ba7-4aaff37af58e@group-950F038C74EB-SegmentedRaftLog:OPENED:c-1, conf=-1: [4d122ed7-1d51-49b3-a564-9cc0800ef9b5|rpc:10.1.0.11:44073|dataStream:|priority:1, 414c08ff-7683-4e40-9ba7-4aaff37af58e|rpc:10.1.0.11:42123|dataStream:|priority:0, 41301224-b672-4531-af78-b462410ab6ac|rpc:10.1.0.11:45193|dataStream:|priority:0], old=null
2021-11-06 13:09:41,621 [41301224-b672-4531-af78-b462410ab6ac@group-950F038C74EB-LeaderElection94] INFO  impl.LeaderElection (LeaderElection.java:logAndReturn(89)) - 41301224-b672-4531-af78-b462410ab6ac@group-950F038C74EB-LeaderElection94: ELECTION PASSED received 1 response(s) and 1 exception(s):
2021-11-06 13:09:41,621 [41301224-b672-4531-af78-b462410ab6ac@group-950F038C74EB-LeaderElection94] INFO  impl.LeaderElection (LeaderElection.java:logAndReturn(93)) -   Response 0: 41301224-b672-4531-af78-b462410ab6ac<-414c08ff-7683-4e40-9ba7-4aaff37af58e#0:OK-t7
2021-11-06 13:09:41,621 [41301224-b672-4531-af78-b462410ab6ac@group-950F038C74EB-LeaderElection94] INFO  impl.LeaderElection (LogUtils.java:infoOrTrace(137)) -   Exception 1: java.util.concurrent.ExecutionException: org.apache.ratis.thirdparty.io.grpc.StatusRuntimeException: UNAVAILABLE: io exception
2021-11-06 13:09:41,621 [41301224-b672-4531-af78-b462410ab6ac@group-950F038C74EB-LeaderElection94] INFO  impl.LeaderElection (LeaderElection.java:askForVotes(308)) - 41301224-b672-4531-af78-b462410ab6ac@group-950F038C74EB-LeaderElection94 ELECTION round 0: result PASSED
2021-11-06 13:09:41,621 [41301224-b672-4531-af78-b462410ab6ac@group-950F038C74EB-LeaderElection94] INFO  impl.RoleInfo (RoleInfo.java:shutdownLeaderElection(121)) - 41301224-b672-4531-af78-b462410ab6ac: shutdown 41301224-b672-4531-af78-b462410ab6ac@group-950F038C74EB-LeaderElection94
2021-11-06 13:09:41,621 [41301224-b672-4531-af78-b462410ab6ac@group-950F038C74EB-LeaderElection94] INFO  server.RaftServer$Division (RaftServerImpl.java:setRole(290)) - 41301224-b672-4531-af78-b462410ab6ac@group-950F038C74EB: changes role from CANDIDATE to LEADER at term 7 for changeToLeader
2021-11-06 13:09:41,621 [41301224-b672-4531-af78-b462410ab6ac@group-950F038C74EB-LeaderElection94] INFO  ratis.XceiverServerRatis (XceiverServerRatis.java:handleLeaderChangedNotification(866)) - Leader change notification received for group: group-950F038C74EB with new leaderId: 41301224-b672-4531-af78-b462410ab6ac
2021-11-06 13:09:41,621 [41301224-b672-4531-af78-b462410ab6ac@group-950F038C74EB-LeaderElection94] INFO  server.RaftServer$Division (ServerState.java:setLeader(285)) - 41301224-b672-4531-af78-b462410ab6ac@group-950F038C74EB: change Leader from null to 41301224-b672-4531-af78-b462410ab6ac at term 7 for becomeLeader, leader elected after 36170ms
2021-11-06 13:09:41,621 [41301224-b672-4531-af78-b462410ab6ac@group-950F038C74EB-LeaderElection94] INFO  server.RaftServerConfigKeys (ConfUtils.java:logGet(44)) - raft.server.staging.catchup.gap = 1000 (default)
2021-11-06 13:09:41,622 [41301224-b672-4531-af78-b462410ab6ac@group-950F038C74EB-LeaderElection94] INFO  server.RaftServerConfigKeys (ConfUtils.java:logGet(44)) - raft.server.write.element-limit = 1024 (custom)
2021-11-06 13:09:41,622 [41301224-b672-4531-af78-b462410ab6ac@group-950F038C74EB-LeaderElection94] INFO  server.RaftServerConfigKeys (ConfUtils.java:logGet(44)) - raft.server.write.byte-limit = 1024 M (=1073741824) (custom)
2021-11-06 13:09:41,622 [41301224-b672-4531-af78-b462410ab6ac@group-950F038C74EB-LeaderElection94] INFO  server.RaftServerConfigKeys (ConfUtils.java:logGet(44)) - raft.server.watch.timeout = 3000ms (custom)
2021-11-06 13:09:41,622 [41301224-b672-4531-af78-b462410ab6ac@group-950F038C74EB-LeaderElection94] INFO  server.RaftServerConfigKeys (ConfUtils.java:logGet(44)) - raft.server.watch.timeout.denomination = 1s (default)
2021-11-06 13:09:41,622 [41301224-b672-4531-af78-b462410ab6ac@group-950F038C74EB-LeaderElection94] INFO  server.RaftServerConfigKeys (ConfUtils.java:logGet(44)) - raft.server.watch.element-limit = 65536 (default)
2021-11-06 13:09:41,622 [41301224-b672-4531-af78-b462410ab6ac@group-950F038C74EB-LeaderElection94] INFO  server.RaftServerConfigKeys (ConfUtils.java:logGet(44)) - raft.server.write.element-limit = 1024 (custom)
2021-11-06 13:09:41,622 [41301224-b672-4531-af78-b462410ab6ac@group-950F038C74EB-LeaderElection94] INFO  server.RaftServerConfigKeys (ConfUtils.java:logGet(44)) - raft.server.write.follower.gap.ratio.max = -1.0 (default)
2021-11-06 13:09:41,623 [41301224-b672-4531-af78-b462410ab6ac@group-950F038C74EB-LeaderElection94] INFO  server.RaftServerConfigKeys (ConfUtils.java:logGet(44)) - raft.server.log.appender.snapshot.chunk.size.max = 16MB (=16777216) (default)
2021-11-06 13:09:41,624 [EventQueue-PipelineReportForPipelineReportHandler] INFO  pipeline.PipelineManagerImpl (PipelineManagerImpl.java:openPipeline(289)) - Pipeline Pipeline[ Id: d5cfb98d-9438-4c94-ae89-950f038c74eb, Nodes: 414c08ff-7683-4e40-9ba7-4aaff37af58e{ip: 10.1.0.11, host: fv-az151-875.yf2hydr00wburbhx3j5hxtcipe.bx.internal.cloudapp.net, ports: [REPLICATION=44871, RATIS=42123, RATIS_ADMIN=42123, RATIS_SERVER=42123, STANDALONE=38901], networkLocation: /default-rack, certSerialId: null, persistedOpState: IN_SERVICE, persistedOpStateExpiryEpochSec: 0}4d122ed7-1d51-49b3-a564-9cc0800ef9b5{ip: 10.1.0.11, host: fv-az151-875.yf2hydr00wburbhx3j5hxtcipe.bx.internal.cloudapp.net, ports: [REPLICATION=35731, RATIS=44073, RATIS_ADMIN=44073, RATIS_SERVER=44073, STANDALONE=36803], networkLocation: /default-rack, certSerialId: null, persistedOpState: IN_SERVICE, persistedOpStateExpiryEpochSec: 0}41301224-b672-4531-af78-b462410ab6ac{ip: 10.1.0.11, host: fv-az151-875.yf2hydr00wburbhx3j5hxtcipe.bx.internal.cloudapp.net, ports: [REPLICATION=33157, RATIS=45193, RATIS_ADMIN=45193, RATIS_SERVER=45193, STANDALONE=46151], networkLocation: /default-rack, certSerialId: null, persistedOpState: IN_SERVICE, persistedOpStateExpiryEpochSec: 0}, ReplicationConfig: RATIS/THREE, State:ALLOCATED, leaderId:41301224-b672-4531-af78-b462410ab6ac, CreationTimestamp2021-11-06T13:09:03.245Z[Etc/UTC]] moved to OPEN state
2021-11-06 13:09:41,631 [41301224-b672-4531-af78-b462410ab6ac@group-950F038C74EB-LeaderElection94] INFO  server.RaftServerConfigKeys (ConfUtils.java:logGet(44)) - raft.server.log.appender.buffer.byte-limit = 33554432 (custom)
2021-11-06 13:09:41,631 [41301224-b672-4531-af78-b462410ab6ac@group-950F038C74EB-LeaderElection94] INFO  server.RaftServerConfigKeys (ConfUtils.java:logGet(44)) - raft.server.log.appender.buffer.element-limit = 1 (custom)
2021-11-06 13:09:41,631 [41301224-b672-4531-af78-b462410ab6ac@group-950F038C74EB-LeaderElection94] INFO  grpc.GrpcConfigKeys (ConfUtils.java:logGet(44)) - raft.grpc.server.leader.outstanding.appends.max = 128 (default)
2021-11-06 13:09:41,631 [41301224-b672-4531-af78-b462410ab6ac@group-950F038C74EB-LeaderElection94] INFO  server.RaftServerConfigKeys (ConfUtils.java:logGet(44)) - raft.server.rpc.request.timeout = 3000ms (default)
2021-11-06 13:09:41,631 [41301224-b672-4531-af78-b462410ab6ac@group-950F038C74EB-LeaderElection94] INFO  server.RaftServerConfigKeys (ConfUtils.java:logGet(44)) - raft.server.log.appender.install.snapshot.enabled = false (custom)
2021-11-06 13:09:41,633 [41301224-b672-4531-af78-b462410ab6ac@group-950F038C74EB-LeaderElection94] INFO  server.RaftServerConfigKeys (ConfUtils.java:logGet(44)) - raft.server.log.appender.snapshot.chunk.size.max = 16MB (=16777216) (default)
2021-11-06 13:09:41,633 [41301224-b672-4531-af78-b462410ab6ac@group-950F038C74EB-LeaderElection94] INFO  server.RaftServerConfigKeys (ConfUtils.java:logGet(44)) - raft.server.log.appender.buffer.byte-limit = 33554432 (custom)
2021-11-06 13:09:41,633 [41301224-b672-4531-af78-b462410ab6ac@group-950F038C74EB-LeaderElection94] INFO  server.RaftServerConfigKeys (ConfUtils.java:logGet(44)) - raft.server.log.appender.buffer.element-limit = 1 (custom)
2021-11-06 13:09:41,633 [41301224-b672-4531-af78-b462410ab6ac@group-950F038C74EB-LeaderElection94] INFO  grpc.GrpcConfigKeys (ConfUtils.java:logGet(44)) - raft.grpc.server.leader.outstanding.appends.max = 128 (default)
2021-11-06 13:09:41,633 [41301224-b672-4531-af78-b462410ab6ac@group-950F038C74EB-LeaderElection94] INFO  server.RaftServerConfigKeys (ConfUtils.java:logGet(44)) - raft.server.rpc.request.timeout = 3000ms (default)
2021-11-06 13:09:41,633 [41301224-b672-4531-af78-b462410ab6ac@group-950F038C74EB-LeaderElection94] INFO  server.RaftServerConfigKeys (ConfUtils.java:logGet(44)) - raft.server.log.appender.install.snapshot.enabled = false (custom)
2021-11-06 13:09:41,634 [41301224-b672-4531-af78-b462410ab6ac@group-950F038C74EB-LeaderElection94] INFO  impl.RoleInfo (RoleInfo.java:updateAndGet(130)) - 41301224-b672-4531-af78-b462410ab6ac: start 41301224-b672-4531-af78-b462410ab6ac@group-950F038C74EB-LeaderStateImpl
2021-11-06 13:09:41,643 [41301224-b672-4531-af78-b462410ab6ac@group-950F038C74EB-LeaderElection94] INFO  segmented.SegmentedRaftLogWorker (SegmentedRaftLogWorker.java:startLogSegment(394)) - 41301224-b672-4531-af78-b462410ab6ac@group-950F038C74EB-SegmentedRaftLogWorker: Starting segment from index:0
2021-11-06 13:09:41,653 [41301224-b672-4531-af78-b462410ab6ac@group-950F038C74EB-SegmentedRaftLogWorker] INFO  segmented.SegmentedRaftLogWorker (SegmentedRaftLogWorker.java:execute(601)) - 41301224-b672-4531-af78-b462410ab6ac@group-950F038C74EB-SegmentedRaftLogWorker: created new log segment /home/runner/work/ozone/ozone/hadoop-ozone/integration-test/target/test-dir/MiniOzoneClusterImpl-57fe1d17-8f30-476a-a64a-953d5983e20c/datanode-0/data/ratis/d5cfb98d-9438-4c94-ae89-950f038c74eb/current/log_inprogress_0
2021-11-06 13:09:41,690 [grpc-default-executor-4] INFO  ratis.XceiverServerRatis (XceiverServerRatis.java:handleLeaderChangedNotification(866)) - Leader change notification received for group: group-950F038C74EB with new leaderId: 41301224-b672-4531-af78-b462410ab6ac
2021-11-06 13:09:41,690 [grpc-default-executor-4] INFO  server.RaftServer$Division (ServerState.java:setLeader(285)) - 414c08ff-7683-4e40-9ba7-4aaff37af58e@group-950F038C74EB: change Leader from null to 41301224-b672-4531-af78-b462410ab6ac at term 7 for appendEntries, leader elected after 36120ms
2021-11-06 13:09:41,735 [41301224-b672-4531-af78-b462410ab6ac@group-950F038C74EB-LeaderElection94] INFO  server.RaftServer$Division (ServerState.java:setRaftConf(387)) - 41301224-b672-4531-af78-b462410ab6ac@group-950F038C74EB: set configuration 0: [4d122ed7-1d51-49b3-a564-9cc0800ef9b5|rpc:10.1.0.11:44073|dataStream:|priority:1, 414c08ff-7683-4e40-9ba7-4aaff37af58e|rpc:10.1.0.11:42123|dataStream:|priority:0, 41301224-b672-4531-af78-b462410ab6ac|rpc:10.1.0.11:45193|dataStream:|priority:0], old=null
2021-11-06 13:09:41,739 [grpc-default-executor-3] WARN  server.GrpcLogAppender (LogUtils.java:warn(122)) - 41301224-b672-4531-af78-b462410ab6ac@group-950F038C74EB->4d122ed7-1d51-49b3-a564-9cc0800ef9b5-AppendLogResponseHandler: Failed appendEntries: org.apache.ratis.thirdparty.io.grpc.StatusRuntimeException: UNAVAILABLE: io exception
2021-11-06 13:09:41,740 [grpc-default-executor-3] WARN  server.GrpcLogAppender (GrpcLogAppender.java:resetClient(110)) - 41301224-b672-4531-af78-b462410ab6ac@group-950F038C74EB->4d122ed7-1d51-49b3-a564-9cc0800ef9b5-GrpcLogAppender: Leader has not got in touch with Follower 41301224-b672-4531-af78-b462410ab6ac@group-950F038C74EB->4d122ed7-1d51-49b3-a564-9cc0800ef9b5(c-1,m0,n0, attendVote=true, lastRpcSendTime=5317, lastRpcResponseTime=5317) yet, just keep nextIndex unchanged and retry.
2021-11-06 13:09:41,742 [grpc-default-executor-3] WARN  server.GrpcLogAppender (LogUtils.java:warn(122)) - 41301224-b672-4531-af78-b462410ab6ac@group-950F038C74EB->4d122ed7-1d51-49b3-a564-9cc0800ef9b5-AppendLogResponseHandler: Failed appendEntries: org.apache.ratis.thirdparty.io.grpc.StatusRuntimeException: UNAVAILABLE: io exception
2021-11-06 13:09:41,747 [grpc-default-executor-4] INFO  server.RaftServer$Division (ServerState.java:setRaftConf(387)) - 414c08ff-7683-4e40-9ba7-4aaff37af58e@group-950F038C74EB: set configuration 0: [4d122ed7-1d51-49b3-a564-9cc0800ef9b5|rpc:10.1.0.11:44073|dataStream:|priority:1, 414c08ff-7683-4e40-9ba7-4aaff37af58e|rpc:10.1.0.11:42123|dataStream:|priority:0, 41301224-b672-4531-af78-b462410ab6ac|rpc:10.1.0.11:45193|dataStream:|priority:0], old=null
2021-11-06 13:09:41,748 [grpc-default-executor-4] INFO  segmented.SegmentedRaftLogWorker (SegmentedRaftLogWorker.java:startLogSegment(394)) - 414c08ff-7683-4e40-9ba7-4aaff37af58e@group-950F038C74EB-SegmentedRaftLogWorker: Starting segment from index:0
2021-11-06 13:09:41,751 [grpc-default-executor-3] WARN  server.GrpcLogAppender (GrpcLogAppender.java:resetClient(110)) - 41301224-b672-4531-af78-b462410ab6ac@group-950F038C74EB->4d122ed7-1d51-49b3-a564-9cc0800ef9b5-GrpcLogAppender: Leader has not got in touch with Follower 41301224-b672-4531-af78-b462410ab6ac@group-950F038C74EB->4d122ed7-1d51-49b3-a564-9cc0800ef9b5(c-1,m0,n1, attendVote=true, lastRpcSendTime=4, lastRpcResponseTime=5328) yet, just keep nextIndex unchanged and retry.
2021-11-06 13:09:41,760 [414c08ff-7683-4e40-9ba7-4aaff37af58e@group-950F038C74EB-SegmentedRaftLogWorker] INFO  segmented.SegmentedRaftLogWorker (SegmentedRaftLogWorker.java:execute(601)) - 414c08ff-7683-4e40-9ba7-4aaff37af58e@group-950F038C74EB-SegmentedRaftLogWorker: created new log segment /home/runner/work/ozone/ozone/hadoop-ozone/integration-test/target/test-dir/MiniOzoneClusterImpl-57fe1d17-8f30-476a-a64a-953d5983e20c/datanode-1/data/ratis/d5cfb98d-9438-4c94-ae89-950f038c74eb/current/log_inprogress_0
2021-11-06 13:09:42,394 [grpc-default-executor-4] WARN  server.GrpcLogAppender (LogUtils.java:warn(122)) - 5750f6fd-62ed-459f-9a73-135ca28be509@group-767134F6B288->8825a48f-3f68-4f9f-a5f1-6d0b8018f501-AppendLogResponseHandler: Failed appendEntries: org.apache.ratis.thirdparty.io.grpc.StatusRuntimeException: UNAVAILABLE: io exception
2021-11-06 13:09:42,396 [grpc-default-executor-4] WARN  server.GrpcLogAppender (GrpcLogAppender.java:resetClient(110)) - 5750f6fd-62ed-459f-9a73-135ca28be509@group-767134F6B288->8825a48f-3f68-4f9f-a5f1-6d0b8018f501-GrpcLogAppender: Leader has not got in touch with Follower 5750f6fd-62ed-459f-9a73-135ca28be509@group-767134F6B288->8825a48f-3f68-4f9f-a5f1-6d0b8018f501(c0,m0,n1, attendVote=true, lastRpcSendTime=2511, lastRpcResponseTime=5016) yet, just keep nextIndex unchanged and retry.
2021-11-06 13:09:42,665 [Listener at 127.0.0.1/34591] INFO  statemachine.DatanodeStateMachine (DatanodeStateMachine.java:stopDaemon(526)) - Ozone container server stopped.
2021-11-06 13:09:42,666 [Listener at 127.0.0.1/34591] INFO  handler.ContextHandler (ContextHandler.java:doStop(1153)) - Stopped o.e.j.w.WebAppContext@222b24dd{hddsDatanode,/,null,STOPPED}{jar:file:/home/runner/.m2/repository/org/apache/ozone/hdds-container-service/1.2.0-SNAPSHOT/hdds-container-service-1.2.0-SNAPSHOT.jar!/webapps/hddsDatanode}
2021-11-06 13:09:42,669 [ForkJoinPool.commonPool-worker-1] INFO  statemachine.DatanodeStateMachine (DatanodeStateMachine.java:stopDaemon(526)) - Ozone container server stopped.
2021-11-06 13:09:42,673 [ForkJoinPool.commonPool-worker-1] INFO  handler.ContextHandler (ContextHandler.java:doStop(1153)) - Stopped o.e.j.w.WebAppContext@1c3b3d09{hddsDatanode,/,null,STOPPED}{jar:file:/home/runner/.m2/repository/org/apache/ozone/hdds-container-service/1.2.0-SNAPSHOT/hdds-container-service-1.2.0-SNAPSHOT.jar!/webapps/hddsDatanode}
2021-11-06 13:09:42,680 [ForkJoinPool.commonPool-worker-1] INFO  server.AbstractConnector (AbstractConnector.java:doStop(381)) - Stopped ServerConnector@40917f5e{HTTP/1.1, (http/1.1)}{0.0.0.0:0}
2021-11-06 13:09:42,680 [ForkJoinPool.commonPool-worker-1] INFO  server.session (HouseKeeper.java:stopScavenging(149)) - node0 Stopped scavenging
2021-11-06 13:09:42,687 [ForkJoinPool.commonPool-worker-1] INFO  handler.ContextHandler (ContextHandler.java:doStop(1153)) - Stopped o.e.j.s.ServletContextHandler@449b847f{static,/static,jar:file:/home/runner/.m2/repository/org/apache/ozone/hdds-container-service/1.2.0-SNAPSHOT/hdds-container-service-1.2.0-SNAPSHOT.jar!/webapps/static,STOPPED}
2021-11-06 13:09:42,695 [ForkJoinPool.commonPool-worker-1] INFO  handler.ContextHandler (ContextHandler.java:doStop(1153)) - Stopped o.e.j.s.ServletContextHandler@4c479c94{logs,/logs,file:///home/runner/work/ozone/ozone/hadoop-ozone/integration-test/target/log,STOPPED}
2021-11-06 13:09:42,697 [Listener at 127.0.0.1/34591] INFO  server.AbstractConnector (AbstractConnector.java:doStop(381)) - Stopped ServerConnector@1918af74{HTTP/1.1, (http/1.1)}{0.0.0.0:0}
2021-11-06 13:09:42,697 [Listener at 127.0.0.1/34591] INFO  server.session (HouseKeeper.java:stopScavenging(149)) - node0 Stopped scavenging
2021-11-06 13:09:42,697 [Listener at 127.0.0.1/34591] INFO  handler.ContextHandler (ContextHandler.java:doStop(1153)) - Stopped o.e.j.s.ServletContextHandler@65c12ef3{static,/static,jar:file:/home/runner/.m2/repository/org/apache/ozone/hdds-container-service/1.2.0-SNAPSHOT/hdds-container-service-1.2.0-SNAPSHOT.jar!/webapps/static,STOPPED}
2021-11-06 13:09:42,698 [Listener at 127.0.0.1/34591] INFO  handler.ContextHandler (ContextHandler.java:doStop(1153)) - Stopped o.e.j.s.ServletContextHandler@2a2cd4f0{logs,/logs,file:///home/runner/work/ozone/ozone/hadoop-ozone/integration-test/target/log,STOPPED}
2021-11-06 13:09:44,254 [grpc-default-executor-4] WARN  server.GrpcLogAppender (LogUtils.java:warn(122)) - 41301224-b672-4531-af78-b462410ab6ac@group-950F038C74EB->4d122ed7-1d51-49b3-a564-9cc0800ef9b5-AppendLogResponseHandler: Failed appendEntries: org.apache.ratis.thirdparty.io.grpc.StatusRuntimeException: UNAVAILABLE: io exception
2021-11-06 13:09:44,255 [grpc-default-executor-4] WARN  server.GrpcLogAppender (GrpcLogAppender.java:resetClient(110)) - 41301224-b672-4531-af78-b462410ab6ac@group-950F038C74EB->4d122ed7-1d51-49b3-a564-9cc0800ef9b5-GrpcLogAppender: Leader has not got in touch with Follower 41301224-b672-4531-af78-b462410ab6ac@group-950F038C74EB->4d122ed7-1d51-49b3-a564-9cc0800ef9b5(c-1,m0,n1, attendVote=true, lastRpcSendTime=2507, lastRpcResponseTime=7831) yet, just keep nextIndex unchanged and retry.
2021-11-06 13:09:44,903 [grpc-default-executor-4] WARN  server.GrpcLogAppender (LogUtils.java:warn(122)) - 5750f6fd-62ed-459f-9a73-135ca28be509@group-767134F6B288->8825a48f-3f68-4f9f-a5f1-6d0b8018f501-AppendLogResponseHandler: Failed appendEntries: org.apache.ratis.thirdparty.io.grpc.StatusRuntimeException: UNAVAILABLE: io exception
2021-11-06 13:09:44,903 [grpc-default-executor-4] WARN  server.GrpcLogAppender (GrpcLogAppender.java:resetClient(110)) - 5750f6fd-62ed-459f-9a73-135ca28be509@group-767134F6B288->8825a48f-3f68-4f9f-a5f1-6d0b8018f501-GrpcLogAppender: Leader has not got in touch with Follower 5750f6fd-62ed-459f-9a73-135ca28be509@group-767134F6B288->8825a48f-3f68-4f9f-a5f1-6d0b8018f501(c0,m0,n1, attendVote=true, lastRpcSendTime=1, lastRpcResponseTime=7524) yet, just keep nextIndex unchanged and retry.
2021-11-06 13:09:46,772 [grpc-default-executor-4] WARN  server.GrpcLogAppender (LogUtils.java:warn(122)) - 41301224-b672-4531-af78-b462410ab6ac@group-950F038C74EB->4d122ed7-1d51-49b3-a564-9cc0800ef9b5-AppendLogResponseHandler: Failed appendEntries: org.apache.ratis.thirdparty.io.grpc.StatusRuntimeException: UNAVAILABLE: io exception
2021-11-06 13:09:46,773 [grpc-default-executor-4] WARN  server.GrpcLogAppender (GrpcLogAppender.java:resetClient(110)) - 41301224-b672-4531-af78-b462410ab6ac@group-950F038C74EB->4d122ed7-1d51-49b3-a564-9cc0800ef9b5-GrpcLogAppender: Leader has not got in touch with Follower 41301224-b672-4531-af78-b462410ab6ac@group-950F038C74EB->4d122ed7-1d51-49b3-a564-9cc0800ef9b5(c-1,m0,n1, attendVote=true, lastRpcSendTime=0, lastRpcResponseTime=10350) yet, just keep nextIndex unchanged and retry.
2021-11-06 13:09:46,937 [41301224-b672-4531-af78-b462410ab6ac@group-950F038C74EB-LeaderStateImpl] INFO  server.RaftServer$Division (LeaderStateImpl.java:yieldLeaderToHigherPriorityPeer(930)) - 41301224-b672-4531-af78-b462410ab6ac@group-950F038C74EB-LeaderStateImpl send StartLeaderElectionRequest to follower:4d122ed7-1d51-49b3-a564-9cc0800ef9b5 on term:7 because follower's priority:1 is higher than leader's:0 and follower's lastEntry index:0 catch up with leader's:0
2021-11-06 13:09:47,402 [grpc-default-executor-4] WARN  server.GrpcLogAppender (LogUtils.java:warn(122)) - 5750f6fd-62ed-459f-9a73-135ca28be509@group-767134F6B288->8825a48f-3f68-4f9f-a5f1-6d0b8018f501-AppendLogResponseHandler: Failed appendEntries: org.apache.ratis.thirdparty.io.grpc.StatusRuntimeException: UNAVAILABLE: io exception
2021-11-06 13:09:47,403 [grpc-default-executor-4] WARN  server.GrpcLogAppender (GrpcLogAppender.java:resetClient(110)) - 5750f6fd-62ed-459f-9a73-135ca28be509@group-767134F6B288->8825a48f-3f68-4f9f-a5f1-6d0b8018f501-GrpcLogAppender: Leader has not got in touch with Follower 5750f6fd-62ed-459f-9a73-135ca28be509@group-767134F6B288->8825a48f-3f68-4f9f-a5f1-6d0b8018f501(c0,m0,n1, attendVote=true, lastRpcSendTime=2501, lastRpcResponseTime=10023) yet, just keep nextIndex unchanged and retry.
2021-11-06 13:09:47,703 [ForkJoinPool.commonPool-worker-1] INFO  ozoneimpl.OzoneContainer (OzoneContainer.java:stop(325)) - Attempting to stop container services.
2021-11-06 13:09:47,710 [ForkJoinPool.commonPool-worker-1] INFO  server.RaftServer (RaftServerProxy.java:lambda$close$6(391)) - a8ad8818-625e-4bd0-b4ed-3716b4b5c8f9: close
2021-11-06 13:09:47,710 [ForkJoinPool.commonPool-worker-1] INFO  server.RaftServer$Division (RaftServerImpl.java:lambda$close$4(412)) - a8ad8818-625e-4bd0-b4ed-3716b4b5c8f9@group-6DD4405E8E5D: shutdown
2021-11-06 13:09:47,710 [ForkJoinPool.commonPool-worker-1] INFO  util.JmxRegister (JmxRegister.java:unregister(73)) - Successfully un-registered JMX Bean with object name Ratis:service=RaftServer,group=group-6DD4405E8E5D,id=a8ad8818-625e-4bd0-b4ed-3716b4b5c8f9
2021-11-06 13:09:47,710 [ForkJoinPool.commonPool-worker-1] INFO  impl.RoleInfo (RoleInfo.java:shutdownLeaderState(91)) - a8ad8818-625e-4bd0-b4ed-3716b4b5c8f9: shutdown a8ad8818-625e-4bd0-b4ed-3716b4b5c8f9@group-6DD4405E8E5D-LeaderStateImpl
2021-11-06 13:09:47,711 [ForkJoinPool.commonPool-worker-1] INFO  impl.PendingRequests (PendingRequests.java:sendNotLeaderResponses(282)) - a8ad8818-625e-4bd0-b4ed-3716b4b5c8f9@group-6DD4405E8E5D-PendingRequests: sendNotLeaderResponses
2021-11-06 13:09:47,711 [ForkJoinPool.commonPool-worker-1] INFO  impl.StateMachineUpdater (StateMachineUpdater.java:stopAndJoin(149)) - a8ad8818-625e-4bd0-b4ed-3716b4b5c8f9@group-6DD4405E8E5D-StateMachineUpdater: set stopIndex = 0
2021-11-06 13:09:47,712 [a8ad8818-625e-4bd0-b4ed-3716b4b5c8f9@group-6DD4405E8E5D-StateMachineUpdater] INFO  ratis.ContainerStateMachine (ContainerStateMachine.java:takeSnapshot(292)) - group-6DD4405E8E5D: Taking a snapshot at:(t:1, i:0) file /home/runner/work/ozone/ozone/hadoop-ozone/integration-test/target/test-dir/MiniOzoneClusterImpl-57fe1d17-8f30-476a-a64a-953d5983e20c/datanode-3/data/ratis/77e145db-c894-4fb0-a7cd-6dd4405e8e5d/sm/snapshot.1_0
2021-11-06 13:09:47,713 [Listener at 127.0.0.1/34591] INFO  ozoneimpl.OzoneContainer (OzoneContainer.java:stop(325)) - Attempting to stop container services.
2021-11-06 13:09:47,714 [Listener at 127.0.0.1/34591] INFO  server.RaftServer (RaftServerProxy.java:lambda$close$6(391)) - 5750f6fd-62ed-459f-9a73-135ca28be509: close
2021-11-06 13:09:47,714 [Listener at 127.0.0.1/34591] INFO  server.RaftServer$Division (RaftServerImpl.java:lambda$close$4(412)) - 5750f6fd-62ed-459f-9a73-135ca28be509@group-767134F6B288: shutdown
2021-11-06 13:09:47,715 [Listener at 127.0.0.1/34591] INFO  util.JmxRegister (JmxRegister.java:unregister(73)) - Successfully un-registered JMX Bean with object name Ratis:service=RaftServer,group=group-767134F6B288,id=5750f6fd-62ed-459f-9a73-135ca28be509
2021-11-06 13:09:47,715 [Listener at 127.0.0.1/34591] INFO  impl.RoleInfo (RoleInfo.java:shutdownLeaderState(91)) - 5750f6fd-62ed-459f-9a73-135ca28be509: shutdown 5750f6fd-62ed-459f-9a73-135ca28be509@group-767134F6B288-LeaderStateImpl
2021-11-06 13:09:47,715 [5750f6fd-62ed-459f-9a73-135ca28be509@group-767134F6B288->a8ad8818-625e-4bd0-b4ed-3716b4b5c8f9-GrpcLogAppender-LogAppenderDaemon] WARN  server.GrpcLogAppender (GrpcLogAppender.java:mayWait(177)) - 5750f6fd-62ed-459f-9a73-135ca28be509@group-767134F6B288->a8ad8818-625e-4bd0-b4ed-3716b4b5c8f9-GrpcLogAppender: Wait interrupted by java.lang.InterruptedException
2021-11-06 13:09:47,715 [Listener at 127.0.0.1/34591] INFO  impl.PendingRequests (PendingRequests.java:sendNotLeaderResponses(282)) - 5750f6fd-62ed-459f-9a73-135ca28be509@group-767134F6B288-PendingRequests: sendNotLeaderResponses
2021-11-06 13:09:47,716 [a8ad8818-625e-4bd0-b4ed-3716b4b5c8f9@group-6DD4405E8E5D-StateMachineUpdater] INFO  ratis.ContainerStateMachine (ContainerStateMachine.java:takeSnapshot(303)) - group-6DD4405E8E5D: Finished taking a snapshot at:(t:1, i:0) file:/home/runner/work/ozone/ozone/hadoop-ozone/integration-test/target/test-dir/MiniOzoneClusterImpl-57fe1d17-8f30-476a-a64a-953d5983e20c/datanode-3/data/ratis/77e145db-c894-4fb0-a7cd-6dd4405e8e5d/sm/snapshot.1_0 took: 4 ms
2021-11-06 13:09:47,716 [a8ad8818-625e-4bd0-b4ed-3716b4b5c8f9@group-6DD4405E8E5D-StateMachineUpdater] INFO  impl.StateMachineUpdater (StateMachineUpdater.java:takeSnapshot(281)) - a8ad8818-625e-4bd0-b4ed-3716b4b5c8f9@group-6DD4405E8E5D-StateMachineUpdater: Took a snapshot at index 0
2021-11-06 13:09:47,716 [a8ad8818-625e-4bd0-b4ed-3716b4b5c8f9@group-6DD4405E8E5D-StateMachineUpdater] INFO  impl.StateMachineUpdater (StateMachineUpdater.java:lambda$new$0(89)) - a8ad8818-625e-4bd0-b4ed-3716b4b5c8f9@group-6DD4405E8E5D-StateMachineUpdater: snapshotIndex: updateIncreasingly -1 -> 0
2021-11-06 13:09:47,716 [grpc-default-executor-4] INFO  server.GrpcServerProtocolService (GrpcServerProtocolService.java:onCompleted(140)) - a8ad8818-625e-4bd0-b4ed-3716b4b5c8f9: Completed APPEND_ENTRIES, lastRequest: 5750f6fd-62ed-459f-9a73-135ca28be509->a8ad8818-625e-4bd0-b4ed-3716b4b5c8f9#1-t3,previous=(t:0, i:0),leaderCommit=-1,initializing? true,entries: size=1, first=(t:3, i:0), CONFIGURATIONENTRY
2021-11-06 13:09:47,717 [grpc-default-executor-3] INFO  server.GrpcLogAppender (GrpcLogAppender.java:onCompleted(346)) - 5750f6fd-62ed-459f-9a73-135ca28be509@group-767134F6B288->a8ad8818-625e-4bd0-b4ed-3716b4b5c8f9-AppendLogResponseHandler: follower responses appendEntries COMPLETED
2021-11-06 13:09:47,717 [grpc-default-executor-3] INFO  leader.FollowerInfo (FollowerInfoImpl.java:lambda$new$0(47)) - 5750f6fd-62ed-459f-9a73-135ca28be509@group-767134F6B288->a8ad8818-625e-4bd0-b4ed-3716b4b5c8f9: nextIndex: updateUnconditionally 1 -> 0
2021-11-06 13:09:47,720 [ForkJoinPool.commonPool-worker-1] INFO  server.RaftServer$Division (ServerState.java:close(419)) - a8ad8818-625e-4bd0-b4ed-3716b4b5c8f9@group-6DD4405E8E5D: closes. applyIndex: 0
2021-11-06 13:09:47,720 [a8ad8818-625e-4bd0-b4ed-3716b4b5c8f9@group-6DD4405E8E5D-SegmentedRaftLogWorker] INFO  segmented.SegmentedRaftLogWorker (SegmentedRaftLogWorker.java:run(327)) - a8ad8818-625e-4bd0-b4ed-3716b4b5c8f9@group-6DD4405E8E5D-SegmentedRaftLogWorker was interrupted, exiting. There are 0 tasks remaining in the queue.
2021-11-06 13:09:47,732 [ForkJoinPool.commonPool-worker-1] INFO  segmented.SegmentedRaftLogWorker (SegmentedRaftLogWorker.java:close(237)) - a8ad8818-625e-4bd0-b4ed-3716b4b5c8f9@group-6DD4405E8E5D-SegmentedRaftLogWorker close()
2021-11-06 13:09:47,739 [5750f6fd-62ed-459f-9a73-135ca28be509@group-767134F6B288-StateMachineUpdater] INFO  ratis.ContainerStateMachine (ContainerStateMachine.java:takeSnapshot(292)) - group-767134F6B288: Taking a snapshot at:(t:3, i:0) file /home/runner/work/ozone/ozone/hadoop-ozone/integration-test/target/test-dir/MiniOzoneClusterImpl-57fe1d17-8f30-476a-a64a-953d5983e20c/datanode-5/data/ratis/7e863a07-bf1b-4791-a5cf-767134f6b288/sm/snapshot.3_0
2021-11-06 13:09:47,739 [Listener at 127.0.0.1/34591] INFO  impl.StateMachineUpdater (StateMachineUpdater.java:stopAndJoin(149)) - 5750f6fd-62ed-459f-9a73-135ca28be509@group-767134F6B288-StateMachineUpdater: set stopIndex = 0
2021-11-06 13:09:47,742 [5750f6fd-62ed-459f-9a73-135ca28be509@group-767134F6B288-StateMachineUpdater] INFO  ratis.ContainerStateMachine (ContainerStateMachine.java:takeSnapshot(303)) - group-767134F6B288: Finished taking a snapshot at:(t:3, i:0) file:/home/runner/work/ozone/ozone/hadoop-ozone/integration-test/target/test-dir/MiniOzoneClusterImpl-57fe1d17-8f30-476a-a64a-953d5983e20c/datanode-5/data/ratis/7e863a07-bf1b-4791-a5cf-767134f6b288/sm/snapshot.3_0 took: 3 ms
2021-11-06 13:09:47,743 [5750f6fd-62ed-459f-9a73-135ca28be509@group-767134F6B288-StateMachineUpdater] INFO  impl.StateMachineUpdater (StateMachineUpdater.java:takeSnapshot(281)) - 5750f6fd-62ed-459f-9a73-135ca28be509@group-767134F6B288-StateMachineUpdater: Took a snapshot at index 0
2021-11-06 13:09:47,743 [5750f6fd-62ed-459f-9a73-135ca28be509@group-767134F6B288-StateMachineUpdater] INFO  impl.StateMachineUpdater (StateMachineUpdater.java:lambda$new$0(89)) - 5750f6fd-62ed-459f-9a73-135ca28be509@group-767134F6B288-StateMachineUpdater: snapshotIndex: updateIncreasingly -1 -> 0
2021-11-06 13:09:47,744 [Listener at 127.0.0.1/34591] INFO  server.RaftServer$Division (ServerState.java:close(419)) - 5750f6fd-62ed-459f-9a73-135ca28be509@group-767134F6B288: closes. applyIndex: 0
2021-11-06 13:09:47,747 [5750f6fd-62ed-459f-9a73-135ca28be509@group-767134F6B288-SegmentedRaftLogWorker] INFO  segmented.SegmentedRaftLogWorker (SegmentedRaftLogWorker.java:run(327)) - 5750f6fd-62ed-459f-9a73-135ca28be509@group-767134F6B288-SegmentedRaftLogWorker was interrupted, exiting. There are 0 tasks remaining in the queue.
2021-11-06 13:09:47,748 [ForkJoinPool.commonPool-worker-1] INFO  server.RaftServer$Division (RaftServerImpl.java:lambda$close$4(412)) - a8ad8818-625e-4bd0-b4ed-3716b4b5c8f9@group-767134F6B288: shutdown
2021-11-06 13:09:47,748 [ForkJoinPool.commonPool-worker-1] INFO  util.JmxRegister (JmxRegister.java:unregister(73)) - Successfully un-registered JMX Bean with object name Ratis:service=RaftServer,group=group-767134F6B288,id=a8ad8818-625e-4bd0-b4ed-3716b4b5c8f9
2021-11-06 13:09:47,748 [ForkJoinPool.commonPool-worker-1] INFO  impl.RoleInfo (RoleInfo.java:shutdownFollowerState(108)) - a8ad8818-625e-4bd0-b4ed-3716b4b5c8f9: shutdown a8ad8818-625e-4bd0-b4ed-3716b4b5c8f9@group-767134F6B288-FollowerState
2021-11-06 13:09:47,757 [a8ad8818-625e-4bd0-b4ed-3716b4b5c8f9@group-767134F6B288-FollowerState] INFO  impl.FollowerState (FollowerState.java:run(143)) - a8ad8818-625e-4bd0-b4ed-3716b4b5c8f9@group-767134F6B288-FollowerState was interrupted: {}
java.lang.InterruptedException: sleep interrupted
	at java.lang.Thread.sleep(Native Method)
	at java.lang.Thread.sleep(Thread.java:340)
	at java.util.concurrent.TimeUnit.sleep(TimeUnit.java:386)
	at org.apache.ratis.util.TimeDuration.sleep(TimeDuration.java:324)
	at org.apache.ratis.util.TimeDuration.sleep(TimeDuration.java:309)
	at org.apache.ratis.server.impl.FollowerState.run(FollowerState.java:118)
2021-11-06 13:09:47,758 [a8ad8818-625e-4bd0-b4ed-3716b4b5c8f9@group-767134F6B288-StateMachineUpdater] INFO  ratis.ContainerStateMachine (ContainerStateMachine.java:takeSnapshot(292)) - group-767134F6B288: Taking a snapshot at:(t:3, i:0) file /home/runner/work/ozone/ozone/hadoop-ozone/integration-test/target/test-dir/MiniOzoneClusterImpl-57fe1d17-8f30-476a-a64a-953d5983e20c/datanode-3/data/ratis/7e863a07-bf1b-4791-a5cf-767134f6b288/sm/snapshot.3_0
2021-11-06 13:09:47,758 [ForkJoinPool.commonPool-worker-1] INFO  impl.StateMachineUpdater (StateMachineUpdater.java:stopAndJoin(149)) - a8ad8818-625e-4bd0-b4ed-3716b4b5c8f9@group-767134F6B288-StateMachineUpdater: set stopIndex = 0
2021-11-06 13:09:47,759 [a8ad8818-625e-4bd0-b4ed-3716b4b5c8f9@group-767134F6B288-StateMachineUpdater] INFO  ratis.ContainerStateMachine (ContainerStateMachine.java:takeSnapshot(303)) - group-767134F6B288: Finished taking a snapshot at:(t:3, i:0) file:/home/runner/work/ozone/ozone/hadoop-ozone/integration-test/target/test-dir/MiniOzoneClusterImpl-57fe1d17-8f30-476a-a64a-953d5983e20c/datanode-3/data/ratis/7e863a07-bf1b-4791-a5cf-767134f6b288/sm/snapshot.3_0 took: 1 ms
2021-11-06 13:09:47,759 [a8ad8818-625e-4bd0-b4ed-3716b4b5c8f9@group-767134F6B288-StateMachineUpdater] INFO  impl.StateMachineUpdater (StateMachineUpdater.java:takeSnapshot(281)) - a8ad8818-625e-4bd0-b4ed-3716b4b5c8f9@group-767134F6B288-StateMachineUpdater: Took a snapshot at index 0
2021-11-06 13:09:47,759 [a8ad8818-625e-4bd0-b4ed-3716b4b5c8f9@group-767134F6B288-StateMachineUpdater] INFO  impl.StateMachineUpdater (StateMachineUpdater.java:lambda$new$0(89)) - a8ad8818-625e-4bd0-b4ed-3716b4b5c8f9@group-767134F6B288-StateMachineUpdater: snapshotIndex: updateIncreasingly -1 -> 0
2021-11-06 13:09:47,760 [ForkJoinPool.commonPool-worker-1] INFO  server.RaftServer$Division (ServerState.java:close(419)) - a8ad8818-625e-4bd0-b4ed-3716b4b5c8f9@group-767134F6B288: closes. applyIndex: 0
2021-11-06 13:09:47,762 [a8ad8818-625e-4bd0-b4ed-3716b4b5c8f9@group-767134F6B288-SegmentedRaftLogWorker] INFO  segmented.SegmentedRaftLogWorker (SegmentedRaftLogWorker.java:run(327)) - a8ad8818-625e-4bd0-b4ed-3716b4b5c8f9@group-767134F6B288-SegmentedRaftLogWorker was interrupted, exiting. There are 0 tasks remaining in the queue.
2021-11-06 13:09:47,772 [Listener at 127.0.0.1/34591] INFO  segmented.SegmentedRaftLogWorker (SegmentedRaftLogWorker.java:close(237)) - 5750f6fd-62ed-459f-9a73-135ca28be509@group-767134F6B288-SegmentedRaftLogWorker close()
2021-11-06 13:09:47,779 [ForkJoinPool.commonPool-worker-1] INFO  segmented.SegmentedRaftLogWorker (SegmentedRaftLogWorker.java:close(237)) - a8ad8818-625e-4bd0-b4ed-3716b4b5c8f9@group-767134F6B288-SegmentedRaftLogWorker close()
2021-11-06 13:09:47,782 [Listener at 127.0.0.1/34591] INFO  server.RaftServer$Division (RaftServerImpl.java:lambda$close$4(412)) - 5750f6fd-62ed-459f-9a73-135ca28be509@group-38F38F48C518: shutdown
2021-11-06 13:09:47,782 [Listener at 127.0.0.1/34591] INFO  util.JmxRegister (JmxRegister.java:unregister(73)) - Successfully un-registered JMX Bean with object name Ratis:service=RaftServer,group=group-38F38F48C518,id=5750f6fd-62ed-459f-9a73-135ca28be509
2021-11-06 13:09:47,782 [Listener at 127.0.0.1/34591] INFO  impl.RoleInfo (RoleInfo.java:shutdownLeaderState(91)) - 5750f6fd-62ed-459f-9a73-135ca28be509: shutdown 5750f6fd-62ed-459f-9a73-135ca28be509@group-38F38F48C518-LeaderStateImpl
2021-11-06 13:09:47,782 [Listener at 127.0.0.1/34591] INFO  impl.PendingRequests (PendingRequests.java:sendNotLeaderResponses(282)) - 5750f6fd-62ed-459f-9a73-135ca28be509@group-38F38F48C518-PendingRequests: sendNotLeaderResponses
2021-11-06 13:09:47,784 [5750f6fd-62ed-459f-9a73-135ca28be509@group-38F38F48C518-StateMachineUpdater] INFO  ratis.ContainerStateMachine (ContainerStateMachine.java:takeSnapshot(292)) - group-38F38F48C518: Taking a snapshot at:(t:1, i:0) file /home/runner/work/ozone/ozone/hadoop-ozone/integration-test/target/test-dir/MiniOzoneClusterImpl-57fe1d17-8f30-476a-a64a-953d5983e20c/datanode-5/data/ratis/96771191-72f5-4b92-817c-38f38f48c518/sm/snapshot.1_0
2021-11-06 13:09:47,784 [Listener at 127.0.0.1/34591] INFO  impl.StateMachineUpdater (StateMachineUpdater.java:stopAndJoin(149)) - 5750f6fd-62ed-459f-9a73-135ca28be509@group-38F38F48C518-StateMachineUpdater: set stopIndex = 0
2021-11-06 13:09:47,785 [ForkJoinPool.commonPool-worker-1] INFO  server.GrpcService (GrpcService.java:closeImpl(262)) - a8ad8818-625e-4bd0-b4ed-3716b4b5c8f9: shutdown server with port 40631 now
2021-11-06 13:09:47,810 [5750f6fd-62ed-459f-9a73-135ca28be509@group-38F38F48C518-StateMachineUpdater] INFO  ratis.ContainerStateMachine (ContainerStateMachine.java:takeSnapshot(303)) - group-38F38F48C518: Finished taking a snapshot at:(t:1, i:0) file:/home/runner/work/ozone/ozone/hadoop-ozone/integration-test/target/test-dir/MiniOzoneClusterImpl-57fe1d17-8f30-476a-a64a-953d5983e20c/datanode-5/data/ratis/96771191-72f5-4b92-817c-38f38f48c518/sm/snapshot.1_0 took: 26 ms
2021-11-06 13:09:47,810 [5750f6fd-62ed-459f-9a73-135ca28be509@group-38F38F48C518-StateMachineUpdater] INFO  impl.StateMachineUpdater (StateMachineUpdater.java:takeSnapshot(281)) - 5750f6fd-62ed-459f-9a73-135ca28be509@group-38F38F48C518-StateMachineUpdater: Took a snapshot at index 0
2021-11-06 13:09:47,810 [5750f6fd-62ed-459f-9a73-135ca28be509@group-38F38F48C518-StateMachineUpdater] INFO  impl.StateMachineUpdater (StateMachineUpdater.java:lambda$new$0(89)) - 5750f6fd-62ed-459f-9a73-135ca28be509@group-38F38F48C518-StateMachineUpdater: snapshotIndex: updateIncreasingly -1 -> 0
2021-11-06 13:09:47,814 [Listener at 127.0.0.1/34591] INFO  server.RaftServer$Division (ServerState.java:close(419)) - 5750f6fd-62ed-459f-9a73-135ca28be509@group-38F38F48C518: closes. applyIndex: 0
2021-11-06 13:09:47,815 [5750f6fd-62ed-459f-9a73-135ca28be509@group-38F38F48C518-SegmentedRaftLogWorker] INFO  segmented.SegmentedRaftLogWorker (SegmentedRaftLogWorker.java:run(327)) - 5750f6fd-62ed-459f-9a73-135ca28be509@group-38F38F48C518-SegmentedRaftLogWorker was interrupted, exiting. There are 0 tasks remaining in the queue.
2021-11-06 13:09:47,822 [Listener at 127.0.0.1/34591] INFO  segmented.SegmentedRaftLogWorker (SegmentedRaftLogWorker.java:close(237)) - 5750f6fd-62ed-459f-9a73-135ca28be509@group-38F38F48C518-SegmentedRaftLogWorker close()
2021-11-06 13:09:47,841 [Listener at 127.0.0.1/34591] INFO  server.GrpcService (GrpcService.java:closeImpl(262)) - 5750f6fd-62ed-459f-9a73-135ca28be509: shutdown server with port 38801 now
2021-11-06 13:09:47,841 [ForkJoinPool.commonPool-worker-1] INFO  server.GrpcService (GrpcService.java:closeImpl(271)) - a8ad8818-625e-4bd0-b4ed-3716b4b5c8f9: shutdown server with port 40631 successfully
2021-11-06 13:09:47,841 [org.apache.ratis.util.JvmPauseMonitor$$Lambda$531/117902049@eea41f9] INFO  util.JvmPauseMonitor (JvmPauseMonitor.java:run(109)) - JvmPauseMonitor-a8ad8818-625e-4bd0-b4ed-3716b4b5c8f9: Stopped
2021-11-06 13:09:47,846 [Listener at 127.0.0.1/34591] INFO  server.GrpcService (GrpcService.java:closeImpl(271)) - 5750f6fd-62ed-459f-9a73-135ca28be509: shutdown server with port 38801 successfully
2021-11-06 13:09:47,846 [org.apache.ratis.util.JvmPauseMonitor$$Lambda$531/117902049@4293ca18] INFO  util.JvmPauseMonitor (JvmPauseMonitor.java:run(109)) - JvmPauseMonitor-5750f6fd-62ed-459f-9a73-135ca28be509: Stopped
2021-11-06 13:09:47,849 [Listener at 127.0.0.1/34591] INFO  utils.BackgroundService (BackgroundService.java:shutdown(132)) - Shutting down service BlockDeletingService
2021-11-06 13:09:47,851 [ForkJoinPool.commonPool-worker-1] INFO  utils.BackgroundService (BackgroundService.java:shutdown(132)) - Shutting down service BlockDeletingService
2021-11-06 13:09:49,277 [grpc-default-executor-4] WARN  server.GrpcLogAppender (LogUtils.java:warn(122)) - 41301224-b672-4531-af78-b462410ab6ac@group-950F038C74EB->4d122ed7-1d51-49b3-a564-9cc0800ef9b5-AppendLogResponseHandler: Failed appendEntries: org.apache.ratis.thirdparty.io.grpc.StatusRuntimeException: UNAVAILABLE: io exception
2021-11-06 13:09:49,278 [grpc-default-executor-4] WARN  server.GrpcLogAppender (GrpcLogAppender.java:resetClient(110)) - 41301224-b672-4531-af78-b462410ab6ac@group-950F038C74EB->4d122ed7-1d51-49b3-a564-9cc0800ef9b5-GrpcLogAppender: Leader has not got in touch with Follower 41301224-b672-4531-af78-b462410ab6ac@group-950F038C74EB->4d122ed7-1d51-49b3-a564-9cc0800ef9b5(c-1,m0,n1, attendVote=true, lastRpcSendTime=1, lastRpcResponseTime=12855) yet, just keep nextIndex unchanged and retry.
2021-11-06 13:09:50,870 [ForkJoinPool.commonPool-worker-1] INFO  statemachine.DatanodeStateMachine (DatanodeStateMachine.java:stopDaemon(526)) - Ozone container server stopped.
2021-11-06 13:09:50,899 [ForkJoinPool.commonPool-worker-1] INFO  handler.ContextHandler (ContextHandler.java:doStop(1153)) - Stopped o.e.j.w.WebAppContext@55048b81{hddsDatanode,/,null,STOPPED}{jar:file:/home/runner/.m2/repository/org/apache/ozone/hdds-container-service/1.2.0-SNAPSHOT/hdds-container-service-1.2.0-SNAPSHOT.jar!/webapps/hddsDatanode}
2021-11-06 13:09:50,903 [Listener at 127.0.0.1/34591] INFO  statemachine.DatanodeStateMachine (DatanodeStateMachine.java:stopDaemon(526)) - Ozone container server stopped.
2021-11-06 13:09:50,904 [Listener at 127.0.0.1/34591] INFO  handler.ContextHandler (ContextHandler.java:doStop(1153)) - Stopped o.e.j.w.WebAppContext@547b081e{hddsDatanode,/,null,STOPPED}{jar:file:/home/runner/.m2/repository/org/apache/ozone/hdds-container-service/1.2.0-SNAPSHOT/hdds-container-service-1.2.0-SNAPSHOT.jar!/webapps/hddsDatanode}
2021-11-06 13:09:50,917 [Listener at 127.0.0.1/34591] INFO  server.AbstractConnector (AbstractConnector.java:doStop(381)) - Stopped ServerConnector@85513b3{HTTP/1.1, (http/1.1)}{0.0.0.0:0}
2021-11-06 13:09:50,918 [Listener at 127.0.0.1/34591] INFO  server.session (HouseKeeper.java:stopScavenging(149)) - node0 Stopped scavenging
2021-11-06 13:09:50,918 [Listener at 127.0.0.1/34591] INFO  handler.ContextHandler (ContextHandler.java:doStop(1153)) - Stopped o.e.j.s.ServletContextHandler@7241e1{static,/static,jar:file:/home/runner/.m2/repository/org/apache/ozone/hdds-container-service/1.2.0-SNAPSHOT/hdds-container-service-1.2.0-SNAPSHOT.jar!/webapps/static,STOPPED}
2021-11-06 13:09:50,918 [Listener at 127.0.0.1/34591] INFO  handler.ContextHandler (ContextHandler.java:doStop(1153)) - Stopped o.e.j.s.ServletContextHandler@390bd8f8{logs,/logs,file:///home/runner/work/ozone/ozone/hadoop-ozone/integration-test/target/log,STOPPED}
2021-11-06 13:09:50,937 [ForkJoinPool.commonPool-worker-1] INFO  server.AbstractConnector (AbstractConnector.java:doStop(381)) - Stopped ServerConnector@4cd40430{HTTP/1.1, (http/1.1)}{0.0.0.0:0}
2021-11-06 13:09:50,937 [ForkJoinPool.commonPool-worker-1] INFO  server.session (HouseKeeper.java:stopScavenging(149)) - node0 Stopped scavenging
2021-11-06 13:09:50,944 [ForkJoinPool.commonPool-worker-1] INFO  handler.ContextHandler (ContextHandler.java:doStop(1153)) - Stopped o.e.j.s.ServletContextHandler@7209f69b{static,/static,jar:file:/home/runner/.m2/repository/org/apache/ozone/hdds-container-service/1.2.0-SNAPSHOT/hdds-container-service-1.2.0-SNAPSHOT.jar!/webapps/static,STOPPED}
2021-11-06 13:09:50,945 [ForkJoinPool.commonPool-worker-1] INFO  handler.ContextHandler (ContextHandler.java:doStop(1153)) - Stopped o.e.j.s.ServletContextHandler@5ab6118b{logs,/logs,file:///home/runner/work/ozone/ozone/hadoop-ozone/integration-test/target/log,STOPPED}
2021-11-06 13:09:51,778 [grpc-default-executor-4] WARN  server.GrpcLogAppender (LogUtils.java:warn(122)) - 41301224-b672-4531-af78-b462410ab6ac@group-950F038C74EB->4d122ed7-1d51-49b3-a564-9cc0800ef9b5-AppendLogResponseHandler: Failed appendEntries: org.apache.ratis.thirdparty.io.grpc.StatusRuntimeException: UNAVAILABLE: io exception
2021-11-06 13:09:51,778 [grpc-default-executor-4] WARN  server.GrpcLogAppender (GrpcLogAppender.java:resetClient(110)) - 41301224-b672-4531-af78-b462410ab6ac@group-950F038C74EB->4d122ed7-1d51-49b3-a564-9cc0800ef9b5-GrpcLogAppender: Leader has not got in touch with Follower 41301224-b672-4531-af78-b462410ab6ac@group-950F038C74EB->4d122ed7-1d51-49b3-a564-9cc0800ef9b5(c-1,m0,n1, attendVote=true, lastRpcSendTime=0, lastRpcResponseTime=15355) yet, just keep nextIndex unchanged and retry.
2021-11-06 13:09:52,144 [41301224-b672-4531-af78-b462410ab6ac@group-950F038C74EB-LeaderStateImpl] INFO  server.RaftServer$Division (LeaderStateImpl.java:yieldLeaderToHigherPriorityPeer(930)) - 41301224-b672-4531-af78-b462410ab6ac@group-950F038C74EB-LeaderStateImpl send StartLeaderElectionRequest to follower:4d122ed7-1d51-49b3-a564-9cc0800ef9b5 on term:7 because follower's priority:1 is higher than leader's:0 and follower's lastEntry index:0 catch up with leader's:0
2021-11-06 13:09:54,278 [grpc-default-executor-4] WARN  server.GrpcLogAppender (LogUtils.java:warn(122)) - 41301224-b672-4531-af78-b462410ab6ac@group-950F038C74EB->4d122ed7-1d51-49b3-a564-9cc0800ef9b5-AppendLogResponseHandler: Failed appendEntries: org.apache.ratis.thirdparty.io.grpc.StatusRuntimeException: UNAVAILABLE: io exception
2021-11-06 13:09:54,279 [grpc-default-executor-4] WARN  server.GrpcLogAppender (GrpcLogAppender.java:resetClient(110)) - 41301224-b672-4531-af78-b462410ab6ac@group-950F038C74EB->4d122ed7-1d51-49b3-a564-9cc0800ef9b5-GrpcLogAppender: Leader has not got in touch with Follower 41301224-b672-4531-af78-b462410ab6ac@group-950F038C74EB->4d122ed7-1d51-49b3-a564-9cc0800ef9b5(c-1,m0,n1, attendVote=true, lastRpcSendTime=2501, lastRpcResponseTime=17856) yet, just keep nextIndex unchanged and retry.
2021-11-06 13:09:55,954 [ForkJoinPool.commonPool-worker-1] INFO  ozoneimpl.OzoneContainer (OzoneContainer.java:stop(325)) - Attempting to stop container services.
2021-11-06 13:09:55,958 [ForkJoinPool.commonPool-worker-1] INFO  server.RaftServer (RaftServerProxy.java:lambda$close$6(391)) - 41301224-b672-4531-af78-b462410ab6ac: close
2021-11-06 13:09:55,958 [ForkJoinPool.commonPool-worker-1] INFO  server.RaftServer$Division (RaftServerImpl.java:lambda$close$4(412)) - 41301224-b672-4531-af78-b462410ab6ac@group-5453B5F23477: shutdown
2021-11-06 13:09:55,958 [ForkJoinPool.commonPool-worker-1] INFO  util.JmxRegister (JmxRegister.java:unregister(73)) - Successfully un-registered JMX Bean with object name Ratis:service=RaftServer,group=group-5453B5F23477,id=41301224-b672-4531-af78-b462410ab6ac
2021-11-06 13:09:55,958 [ForkJoinPool.commonPool-worker-1] INFO  impl.RoleInfo (RoleInfo.java:shutdownLeaderState(91)) - 41301224-b672-4531-af78-b462410ab6ac: shutdown 41301224-b672-4531-af78-b462410ab6ac@group-5453B5F23477-LeaderStateImpl
2021-11-06 13:09:55,958 [ForkJoinPool.commonPool-worker-1] INFO  impl.PendingRequests (PendingRequests.java:sendNotLeaderResponses(282)) - 41301224-b672-4531-af78-b462410ab6ac@group-5453B5F23477-PendingRequests: sendNotLeaderResponses
2021-11-06 13:09:55,959 [ForkJoinPool.commonPool-worker-1] INFO  impl.StateMachineUpdater (StateMachineUpdater.java:stopAndJoin(149)) - 41301224-b672-4531-af78-b462410ab6ac@group-5453B5F23477-StateMachineUpdater: set stopIndex = 0
2021-11-06 13:09:55,959 [41301224-b672-4531-af78-b462410ab6ac@group-5453B5F23477-StateMachineUpdater] INFO  ratis.ContainerStateMachine (ContainerStateMachine.java:takeSnapshot(292)) - group-5453B5F23477: Taking a snapshot at:(t:1, i:0) file /home/runner/work/ozone/ozone/hadoop-ozone/integration-test/target/test-dir/MiniOzoneClusterImpl-57fe1d17-8f30-476a-a64a-953d5983e20c/datanode-0/data/ratis/cf6c98fd-2117-42c3-9675-5453b5f23477/sm/snapshot.1_0
2021-11-06 13:09:55,963 [41301224-b672-4531-af78-b462410ab6ac@group-5453B5F23477-StateMachineUpdater] INFO  ratis.ContainerStateMachine (ContainerStateMachine.java:takeSnapshot(303)) - group-5453B5F23477: Finished taking a snapshot at:(t:1, i:0) file:/home/runner/work/ozone/ozone/hadoop-ozone/integration-test/target/test-dir/MiniOzoneClusterImpl-57fe1d17-8f30-476a-a64a-953d5983e20c/datanode-0/data/ratis/cf6c98fd-2117-42c3-9675-5453b5f23477/sm/snapshot.1_0 took: 4 ms
2021-11-06 13:09:55,963 [41301224-b672-4531-af78-b462410ab6ac@group-5453B5F23477-StateMachineUpdater] INFO  impl.StateMachineUpdater (StateMachineUpdater.java:takeSnapshot(281)) - 41301224-b672-4531-af78-b462410ab6ac@group-5453B5F23477-StateMachineUpdater: Took a snapshot at index 0
2021-11-06 13:09:55,963 [41301224-b672-4531-af78-b462410ab6ac@group-5453B5F23477-StateMachineUpdater] INFO  impl.StateMachineUpdater (StateMachineUpdater.java:lambda$new$0(89)) - 41301224-b672-4531-af78-b462410ab6ac@group-5453B5F23477-StateMachineUpdater: snapshotIndex: updateIncreasingly -1 -> 0
2021-11-06 13:09:55,972 [ForkJoinPool.commonPool-worker-1] INFO  server.RaftServer$Division (ServerState.java:close(419)) - 41301224-b672-4531-af78-b462410ab6ac@group-5453B5F23477: closes. applyIndex: 0
2021-11-06 13:09:55,973 [41301224-b672-4531-af78-b462410ab6ac@group-5453B5F23477-SegmentedRaftLogWorker] INFO  segmented.SegmentedRaftLogWorker (SegmentedRaftLogWorker.java:run(327)) - 41301224-b672-4531-af78-b462410ab6ac@group-5453B5F23477-SegmentedRaftLogWorker was interrupted, exiting. There are 0 tasks remaining in the queue.
2021-11-06 13:09:55,974 [ForkJoinPool.commonPool-worker-1] INFO  segmented.SegmentedRaftLogWorker (SegmentedRaftLogWorker.java:close(237)) - 41301224-b672-4531-af78-b462410ab6ac@group-5453B5F23477-SegmentedRaftLogWorker close()
2021-11-06 13:09:55,978 [ForkJoinPool.commonPool-worker-1] INFO  server.RaftServer$Division (RaftServerImpl.java:lambda$close$4(412)) - 41301224-b672-4531-af78-b462410ab6ac@group-950F038C74EB: shutdown
2021-11-06 13:09:55,978 [ForkJoinPool.commonPool-worker-1] INFO  util.JmxRegister (JmxRegister.java:unregister(73)) - Successfully un-registered JMX Bean with object name Ratis:service=RaftServer,group=group-950F038C74EB,id=41301224-b672-4531-af78-b462410ab6ac
2021-11-06 13:09:55,978 [ForkJoinPool.commonPool-worker-1] INFO  impl.RoleInfo (RoleInfo.java:shutdownLeaderState(91)) - 41301224-b672-4531-af78-b462410ab6ac: shutdown 41301224-b672-4531-af78-b462410ab6ac@group-950F038C74EB-LeaderStateImpl
2021-11-06 13:09:55,979 [ForkJoinPool.commonPool-worker-1] INFO  impl.PendingRequests (PendingRequests.java:sendNotLeaderResponses(282)) - 41301224-b672-4531-af78-b462410ab6ac@group-950F038C74EB-PendingRequests: sendNotLeaderResponses
2021-11-06 13:09:55,981 [41301224-b672-4531-af78-b462410ab6ac@group-950F038C74EB-StateMachineUpdater] INFO  ratis.ContainerStateMachine (ContainerStateMachine.java:takeSnapshot(292)) - group-950F038C74EB: Taking a snapshot at:(t:7, i:0) file /home/runner/work/ozone/ozone/hadoop-ozone/integration-test/target/test-dir/MiniOzoneClusterImpl-57fe1d17-8f30-476a-a64a-953d5983e20c/datanode-0/data/ratis/d5cfb98d-9438-4c94-ae89-950f038c74eb/sm/snapshot.7_0
2021-11-06 13:09:55,981 [ForkJoinPool.commonPool-worker-1] INFO  impl.StateMachineUpdater (StateMachineUpdater.java:stopAndJoin(149)) - 41301224-b672-4531-af78-b462410ab6ac@group-950F038C74EB-StateMachineUpdater: set stopIndex = 0
2021-11-06 13:09:55,982 [Listener at 127.0.0.1/34591] INFO  ozoneimpl.OzoneContainer (OzoneContainer.java:stop(325)) - Attempting to stop container services.
2021-11-06 13:09:55,982 [Listener at 127.0.0.1/34591] INFO  server.RaftServer (RaftServerProxy.java:lambda$close$6(391)) - ca2e1dc9-8c7f-42bc-b6bd-0370d79258f9: close
2021-11-06 13:09:55,982 [Listener at 127.0.0.1/34591] INFO  server.RaftServer$Division (RaftServerImpl.java:lambda$close$4(412)) - ca2e1dc9-8c7f-42bc-b6bd-0370d79258f9@group-6EF6570EA239: shutdown
2021-11-06 13:09:55,982 [Listener at 127.0.0.1/34591] INFO  util.JmxRegister (JmxRegister.java:unregister(73)) - Successfully un-registered JMX Bean with object name Ratis:service=RaftServer,group=group-6EF6570EA239,id=ca2e1dc9-8c7f-42bc-b6bd-0370d79258f9
2021-11-06 13:09:55,983 [Listener at 127.0.0.1/34591] INFO  impl.RoleInfo (RoleInfo.java:shutdownLeaderState(91)) - ca2e1dc9-8c7f-42bc-b6bd-0370d79258f9: shutdown ca2e1dc9-8c7f-42bc-b6bd-0370d79258f9@group-6EF6570EA239-LeaderStateImpl
2021-11-06 13:09:55,983 [41301224-b672-4531-af78-b462410ab6ac@group-950F038C74EB-StateMachineUpdater] INFO  ratis.ContainerStateMachine (ContainerStateMachine.java:takeSnapshot(303)) - group-950F038C74EB: Finished taking a snapshot at:(t:7, i:0) file:/home/runner/work/ozone/ozone/hadoop-ozone/integration-test/target/test-dir/MiniOzoneClusterImpl-57fe1d17-8f30-476a-a64a-953d5983e20c/datanode-0/data/ratis/d5cfb98d-9438-4c94-ae89-950f038c74eb/sm/snapshot.7_0 took: 2 ms
2021-11-06 13:09:55,983 [Listener at 127.0.0.1/34591] INFO  impl.PendingRequests (PendingRequests.java:sendNotLeaderResponses(282)) - ca2e1dc9-8c7f-42bc-b6bd-0370d79258f9@group-6EF6570EA239-PendingRequests: sendNotLeaderResponses
2021-11-06 13:09:55,983 [41301224-b672-4531-af78-b462410ab6ac@group-950F038C74EB-StateMachineUpdater] INFO  impl.StateMachineUpdater (StateMachineUpdater.java:takeSnapshot(281)) - 41301224-b672-4531-af78-b462410ab6ac@group-950F038C74EB-StateMachineUpdater: Took a snapshot at index 0
2021-11-06 13:09:56,017 [41301224-b672-4531-af78-b462410ab6ac@group-950F038C74EB->414c08ff-7683-4e40-9ba7-4aaff37af58e-GrpcLogAppender-LogAppenderDaemon] WARN  server.GrpcLogAppender (GrpcLogAppender.java:mayWait(177)) - 41301224-b672-4531-af78-b462410ab6ac@group-950F038C74EB->414c08ff-7683-4e40-9ba7-4aaff37af58e-GrpcLogAppender: Wait interrupted by java.lang.InterruptedException
2021-11-06 13:09:56,016 [ca2e1dc9-8c7f-42bc-b6bd-0370d79258f9@group-6EF6570EA239->5935a206-a598-494c-a9e6-46da022b00dd-GrpcLogAppender-LogAppenderDaemon] WARN  server.GrpcLogAppender (GrpcLogAppender.java:mayWait(177)) - ca2e1dc9-8c7f-42bc-b6bd-0370d79258f9@group-6EF6570EA239->5935a206-a598-494c-a9e6-46da022b00dd-GrpcLogAppender: Wait interrupted by java.lang.InterruptedException
2021-11-06 13:09:56,015 [ca2e1dc9-8c7f-42bc-b6bd-0370d79258f9@group-6EF6570EA239->0eaea5f5-6746-43ea-ac9f-09b1ebc824b6-GrpcLogAppender-LogAppenderDaemon] WARN  server.GrpcLogAppender (GrpcLogAppender.java:mayWait(177)) - ca2e1dc9-8c7f-42bc-b6bd-0370d79258f9@group-6EF6570EA239->0eaea5f5-6746-43ea-ac9f-09b1ebc824b6-GrpcLogAppender: Wait interrupted by java.lang.InterruptedException
2021-11-06 13:09:55,999 [ca2e1dc9-8c7f-42bc-b6bd-0370d79258f9@group-6EF6570EA239-StateMachineUpdater] INFO  ratis.ContainerStateMachine (ContainerStateMachine.java:takeSnapshot(292)) - group-6EF6570EA239: Taking a snapshot at:(t:7, i:2) file /home/runner/work/ozone/ozone/hadoop-ozone/integration-test/target/test-dir/MiniOzoneClusterImpl-57fe1d17-8f30-476a-a64a-953d5983e20c/datanode-7/data/ratis/eab537b7-d333-43c5-8191-6ef6570ea239/sm/snapshot.7_2
2021-11-06 13:09:55,992 [Listener at 127.0.0.1/34591] INFO  impl.StateMachineUpdater (StateMachineUpdater.java:stopAndJoin(149)) - ca2e1dc9-8c7f-42bc-b6bd-0370d79258f9@group-6EF6570EA239-StateMachineUpdater: set stopIndex = 2
2021-11-06 13:09:56,019 [grpc-default-executor-1] INFO  server.GrpcServerProtocolService (GrpcServerProtocolService.java:onCompleted(140)) - 0eaea5f5-6746-43ea-ac9f-09b1ebc824b6: Completed APPEND_ENTRIES, lastRequest: ca2e1dc9-8c7f-42bc-b6bd-0370d79258f9->0eaea5f5-6746-43ea-ac9f-09b1ebc824b6#6-t7,previous=(t:7, i:1),leaderCommit=1,initializing? true,entries: size=1, first=(t:7, i:2), METADATAENTRY(c:1)
2021-11-06 13:09:56,019 [grpc-default-executor-3] INFO  server.GrpcServerProtocolService (GrpcServerProtocolService.java:onCompleted(140)) - 5935a206-a598-494c-a9e6-46da022b00dd: Completed APPEND_ENTRIES, lastRequest: ca2e1dc9-8c7f-42bc-b6bd-0370d79258f9->5935a206-a598-494c-a9e6-46da022b00dd#9-t7,previous=(t:7, i:1),leaderCommit=1,initializing? true,entries: size=1, first=(t:7, i:2), METADATAENTRY(c:1)
2021-11-06 13:09:56,018 [grpc-default-executor-4] INFO  server.GrpcServerProtocolService (GrpcServerProtocolService.java:onCompleted(140)) - 414c08ff-7683-4e40-9ba7-4aaff37af58e: Completed APPEND_ENTRIES, lastRequest: 41301224-b672-4531-af78-b462410ab6ac->414c08ff-7683-4e40-9ba7-4aaff37af58e#1-t7,previous=(t:0, i:0),leaderCommit=-1,initializing? true,entries: size=1, first=(t:7, i:0), CONFIGURATIONENTRY
2021-11-06 13:09:56,017 [41301224-b672-4531-af78-b462410ab6ac@group-950F038C74EB-StateMachineUpdater] INFO  impl.StateMachineUpdater (StateMachineUpdater.java:lambda$new$0(89)) - 41301224-b672-4531-af78-b462410ab6ac@group-950F038C74EB-StateMachineUpdater: snapshotIndex: updateIncreasingly -1 -> 0
2021-11-06 13:09:56,020 [ca2e1dc9-8c7f-42bc-b6bd-0370d79258f9@group-6EF6570EA239-StateMachineUpdater] INFO  ratis.ContainerStateMachine (ContainerStateMachine.java:takeSnapshot(303)) - group-6EF6570EA239: Finished taking a snapshot at:(t:7, i:2) file:/home/runner/work/ozone/ozone/hadoop-ozone/integration-test/target/test-dir/MiniOzoneClusterImpl-57fe1d17-8f30-476a-a64a-953d5983e20c/datanode-7/data/ratis/eab537b7-d333-43c5-8191-6ef6570ea239/sm/snapshot.7_2 took: 21 ms
2021-11-06 13:09:56,020 [ca2e1dc9-8c7f-42bc-b6bd-0370d79258f9@group-6EF6570EA239-StateMachineUpdater] INFO  impl.StateMachineUpdater (StateMachineUpdater.java:takeSnapshot(281)) - ca2e1dc9-8c7f-42bc-b6bd-0370d79258f9@group-6EF6570EA239-StateMachineUpdater: Took a snapshot at index 2
2021-11-06 13:09:56,020 [ca2e1dc9-8c7f-42bc-b6bd-0370d79258f9@group-6EF6570EA239-StateMachineUpdater] INFO  impl.StateMachineUpdater (StateMachineUpdater.java:lambda$new$0(89)) - ca2e1dc9-8c7f-42bc-b6bd-0370d79258f9@group-6EF6570EA239-StateMachineUpdater: snapshotIndex: updateIncreasingly -1 -> 2
2021-11-06 13:09:56,021 [Listener at 127.0.0.1/34591] INFO  server.RaftServer$Division (ServerState.java:close(419)) - ca2e1dc9-8c7f-42bc-b6bd-0370d79258f9@group-6EF6570EA239: closes. applyIndex: 2
2021-11-06 13:09:56,021 [grpc-default-executor-3] INFO  server.GrpcLogAppender (GrpcLogAppender.java:onCompleted(346)) - ca2e1dc9-8c7f-42bc-b6bd-0370d79258f9@group-6EF6570EA239->0eaea5f5-6746-43ea-ac9f-09b1ebc824b6-AppendLogResponseHandler: follower responses appendEntries COMPLETED
2021-11-06 13:09:56,021 [grpc-default-executor-3] INFO  leader.FollowerInfo (FollowerInfoImpl.java:lambda$new$0(47)) - ca2e1dc9-8c7f-42bc-b6bd-0370d79258f9@group-6EF6570EA239->0eaea5f5-6746-43ea-ac9f-09b1ebc824b6: nextIndex: updateUnconditionally 3 -> 2
2021-11-06 13:09:56,021 [grpc-default-executor-4] INFO  server.GrpcLogAppender (GrpcLogAppender.java:onCompleted(346)) - 41301224-b672-4531-af78-b462410ab6ac@group-950F038C74EB->414c08ff-7683-4e40-9ba7-4aaff37af58e-AppendLogResponseHandler: follower responses appendEntries COMPLETED
2021-11-06 13:09:56,021 [grpc-default-executor-4] INFO  leader.FollowerInfo (FollowerInfoImpl.java:lambda$new$0(47)) - 41301224-b672-4531-af78-b462410ab6ac@group-950F038C74EB->414c08ff-7683-4e40-9ba7-4aaff37af58e: nextIndex: updateUnconditionally 1 -> 0
2021-11-06 13:09:56,022 [grpc-default-executor-1] INFO  server.GrpcLogAppender (GrpcLogAppender.java:onCompleted(346)) - ca2e1dc9-8c7f-42bc-b6bd-0370d79258f9@group-6EF6570EA239->5935a206-a598-494c-a9e6-46da022b00dd-AppendLogResponseHandler: follower responses appendEntries COMPLETED
2021-11-06 13:09:56,022 [grpc-default-executor-1] INFO  leader.FollowerInfo (FollowerInfoImpl.java:lambda$new$0(47)) - ca2e1dc9-8c7f-42bc-b6bd-0370d79258f9@group-6EF6570EA239->5935a206-a598-494c-a9e6-46da022b00dd: nextIndex: updateUnconditionally 3 -> 2
2021-11-06 13:09:56,022 [ForkJoinPool.commonPool-worker-1] INFO  server.RaftServer$Division (ServerState.java:close(419)) - 41301224-b672-4531-af78-b462410ab6ac@group-950F038C74EB: closes. applyIndex: 0
2021-11-06 13:09:56,022 [ca2e1dc9-8c7f-42bc-b6bd-0370d79258f9@group-6EF6570EA239-SegmentedRaftLogWorker] INFO  segmented.SegmentedRaftLogWorker (SegmentedRaftLogWorker.java:run(327)) - ca2e1dc9-8c7f-42bc-b6bd-0370d79258f9@group-6EF6570EA239-SegmentedRaftLogWorker was interrupted, exiting. There are 0 tasks remaining in the queue.
2021-11-06 13:09:56,023 [41301224-b672-4531-af78-b462410ab6ac@group-950F038C74EB-SegmentedRaftLogWorker] INFO  segmented.SegmentedRaftLogWorker (SegmentedRaftLogWorker.java:run(327)) - 41301224-b672-4531-af78-b462410ab6ac@group-950F038C74EB-SegmentedRaftLogWorker was interrupted, exiting. There are 0 tasks remaining in the queue.
2021-11-06 13:09:56,030 [Listener at 127.0.0.1/34591] INFO  segmented.SegmentedRaftLogWorker (SegmentedRaftLogWorker.java:close(237)) - ca2e1dc9-8c7f-42bc-b6bd-0370d79258f9@group-6EF6570EA239-SegmentedRaftLogWorker close()
2021-11-06 13:09:56,031 [ForkJoinPool.commonPool-worker-1] INFO  segmented.SegmentedRaftLogWorker (SegmentedRaftLogWorker.java:close(237)) - 41301224-b672-4531-af78-b462410ab6ac@group-950F038C74EB-SegmentedRaftLogWorker close()
2021-11-06 13:09:56,032 [Listener at 127.0.0.1/34591] INFO  server.RaftServer$Division (RaftServerImpl.java:lambda$close$4(412)) - ca2e1dc9-8c7f-42bc-b6bd-0370d79258f9@group-705A195EE02E: shutdown
2021-11-06 13:09:56,032 [Listener at 127.0.0.1/34591] INFO  util.JmxRegister (JmxRegister.java:unregister(73)) - Successfully un-registered JMX Bean with object name Ratis:service=RaftServer,group=group-705A195EE02E,id=ca2e1dc9-8c7f-42bc-b6bd-0370d79258f9
2021-11-06 13:09:56,032 [Listener at 127.0.0.1/34591] INFO  impl.RoleInfo (RoleInfo.java:shutdownLeaderState(91)) - ca2e1dc9-8c7f-42bc-b6bd-0370d79258f9: shutdown ca2e1dc9-8c7f-42bc-b6bd-0370d79258f9@group-705A195EE02E-LeaderStateImpl
2021-11-06 13:09:56,032 [Listener at 127.0.0.1/34591] INFO  impl.PendingRequests (PendingRequests.java:sendNotLeaderResponses(282)) - ca2e1dc9-8c7f-42bc-b6bd-0370d79258f9@group-705A195EE02E-PendingRequests: sendNotLeaderResponses
2021-11-06 13:09:56,033 [Listener at 127.0.0.1/34591] INFO  impl.StateMachineUpdater (StateMachineUpdater.java:stopAndJoin(149)) - ca2e1dc9-8c7f-42bc-b6bd-0370d79258f9@group-705A195EE02E-StateMachineUpdater: set stopIndex = 0
2021-11-06 13:09:56,034 [ForkJoinPool.commonPool-worker-1] INFO  server.GrpcService (GrpcService.java:closeImpl(262)) - 41301224-b672-4531-af78-b462410ab6ac: shutdown server with port 45193 now
2021-11-06 13:09:56,034 [ca2e1dc9-8c7f-42bc-b6bd-0370d79258f9@group-705A195EE02E-StateMachineUpdater] INFO  ratis.ContainerStateMachine (ContainerStateMachine.java:takeSnapshot(292)) - group-705A195EE02E: Taking a snapshot at:(t:1, i:0) file /home/runner/work/ozone/ozone/hadoop-ozone/integration-test/target/test-dir/MiniOzoneClusterImpl-57fe1d17-8f30-476a-a64a-953d5983e20c/datanode-7/data/ratis/f87f9722-8996-4b04-814c-705a195ee02e/sm/snapshot.1_0
2021-11-06 13:09:56,047 [ForkJoinPool.commonPool-worker-1] INFO  server.GrpcService (GrpcService.java:closeImpl(271)) - 41301224-b672-4531-af78-b462410ab6ac: shutdown server with port 45193 successfully
2021-11-06 13:09:56,048 [org.apache.ratis.util.JvmPauseMonitor$$Lambda$531/117902049@151e6782] INFO  util.JvmPauseMonitor (JvmPauseMonitor.java:run(109)) - JvmPauseMonitor-41301224-b672-4531-af78-b462410ab6ac: Stopped
2021-11-06 13:09:56,053 [ForkJoinPool.commonPool-worker-1] INFO  utils.BackgroundService (BackgroundService.java:shutdown(132)) - Shutting down service BlockDeletingService
2021-11-06 13:09:56,077 [ca2e1dc9-8c7f-42bc-b6bd-0370d79258f9@group-705A195EE02E-StateMachineUpdater] INFO  ratis.ContainerStateMachine (ContainerStateMachine.java:takeSnapshot(303)) - group-705A195EE02E: Finished taking a snapshot at:(t:1, i:0) file:/home/runner/work/ozone/ozone/hadoop-ozone/integration-test/target/test-dir/MiniOzoneClusterImpl-57fe1d17-8f30-476a-a64a-953d5983e20c/datanode-7/data/ratis/f87f9722-8996-4b04-814c-705a195ee02e/sm/snapshot.1_0 took: 43 ms
2021-11-06 13:09:56,078 [ca2e1dc9-8c7f-42bc-b6bd-0370d79258f9@group-705A195EE02E-StateMachineUpdater] INFO  impl.StateMachineUpdater (StateMachineUpdater.java:takeSnapshot(281)) - ca2e1dc9-8c7f-42bc-b6bd-0370d79258f9@group-705A195EE02E-StateMachineUpdater: Took a snapshot at index 0
2021-11-06 13:09:56,078 [ca2e1dc9-8c7f-42bc-b6bd-0370d79258f9@group-705A195EE02E-StateMachineUpdater] INFO  impl.StateMachineUpdater (StateMachineUpdater.java:lambda$new$0(89)) - ca2e1dc9-8c7f-42bc-b6bd-0370d79258f9@group-705A195EE02E-StateMachineUpdater: snapshotIndex: updateIncreasingly -1 -> 0
2021-11-06 13:09:56,078 [Listener at 127.0.0.1/34591] INFO  server.RaftServer$Division (ServerState.java:close(419)) - ca2e1dc9-8c7f-42bc-b6bd-0370d79258f9@group-705A195EE02E: closes. applyIndex: 0
2021-11-06 13:09:56,078 [ca2e1dc9-8c7f-42bc-b6bd-0370d79258f9@group-705A195EE02E-SegmentedRaftLogWorker] INFO  segmented.SegmentedRaftLogWorker (SegmentedRaftLogWorker.java:run(327)) - ca2e1dc9-8c7f-42bc-b6bd-0370d79258f9@group-705A195EE02E-SegmentedRaftLogWorker was interrupted, exiting. There are 0 tasks remaining in the queue.
2021-11-06 13:09:56,079 [Listener at 127.0.0.1/34591] INFO  segmented.SegmentedRaftLogWorker (SegmentedRaftLogWorker.java:close(237)) - ca2e1dc9-8c7f-42bc-b6bd-0370d79258f9@group-705A195EE02E-SegmentedRaftLogWorker close()
2021-11-06 13:09:56,081 [Listener at 127.0.0.1/34591] INFO  server.GrpcService (GrpcService.java:closeImpl(262)) - ca2e1dc9-8c7f-42bc-b6bd-0370d79258f9: shutdown server with port 38687 now
2021-11-06 13:09:56,110 [Listener at 127.0.0.1/34591] INFO  server.GrpcService (GrpcService.java:closeImpl(271)) - ca2e1dc9-8c7f-42bc-b6bd-0370d79258f9: shutdown server with port 38687 successfully
2021-11-06 13:09:56,110 [org.apache.ratis.util.JvmPauseMonitor$$Lambda$531/117902049@7058a49f] INFO  util.JvmPauseMonitor (JvmPauseMonitor.java:run(109)) - JvmPauseMonitor-ca2e1dc9-8c7f-42bc-b6bd-0370d79258f9: Stopped
2021-11-06 13:09:56,113 [Listener at 127.0.0.1/34591] INFO  utils.BackgroundService (BackgroundService.java:shutdown(132)) - Shutting down service BlockDeletingService
2021-11-06 13:09:59,059 [ForkJoinPool.commonPool-worker-1] INFO  statemachine.DatanodeStateMachine (DatanodeStateMachine.java:stopDaemon(526)) - Ozone container server stopped.
2021-11-06 13:09:59,063 [ForkJoinPool.commonPool-worker-1] INFO  handler.ContextHandler (ContextHandler.java:doStop(1153)) - Stopped o.e.j.w.WebAppContext@39041b0c{hddsDatanode,/,null,STOPPED}{jar:file:/home/runner/.m2/repository/org/apache/ozone/hdds-container-service/1.2.0-SNAPSHOT/hdds-container-service-1.2.0-SNAPSHOT.jar!/webapps/hddsDatanode}
2021-11-06 13:09:59,065 [ForkJoinPool.commonPool-worker-1] INFO  server.AbstractConnector (AbstractConnector.java:doStop(381)) - Stopped ServerConnector@4b3ead45{HTTP/1.1, (http/1.1)}{0.0.0.0:0}
2021-11-06 13:09:59,065 [ForkJoinPool.commonPool-worker-1] INFO  server.session (HouseKeeper.java:stopScavenging(149)) - node0 Stopped scavenging
2021-11-06 13:09:59,066 [ForkJoinPool.commonPool-worker-1] INFO  handler.ContextHandler (ContextHandler.java:doStop(1153)) - Stopped o.e.j.s.ServletContextHandler@5a458c94{static,/static,jar:file:/home/runner/.m2/repository/org/apache/ozone/hdds-container-service/1.2.0-SNAPSHOT/hdds-container-service-1.2.0-SNAPSHOT.jar!/webapps/static,STOPPED}
2021-11-06 13:09:59,067 [ForkJoinPool.commonPool-worker-1] INFO  handler.ContextHandler (ContextHandler.java:doStop(1153)) - Stopped o.e.j.s.ServletContextHandler@55d38ea1{logs,/logs,file:///home/runner/work/ozone/ozone/hadoop-ozone/integration-test/target/log,STOPPED}
2021-11-06 13:09:59,084 [Datanode State Machine Daemon Thread] WARN  statemachine.StateContext (StateContext.java:setState(249)) - Ignore disallowed transition from SHUTDOWN to RUNNING
2021-11-06 13:09:59,118 [Listener at 127.0.0.1/34591] INFO  statemachine.DatanodeStateMachine (DatanodeStateMachine.java:stopDaemon(526)) - Ozone container server stopped.
2021-11-06 13:09:59,119 [Listener at 127.0.0.1/34591] INFO  handler.ContextHandler (ContextHandler.java:doStop(1153)) - Stopped o.e.j.w.WebAppContext@5701b17{hddsDatanode,/,null,STOPPED}{jar:file:/home/runner/.m2/repository/org/apache/ozone/hdds-container-service/1.2.0-SNAPSHOT/hdds-container-service-1.2.0-SNAPSHOT.jar!/webapps/hddsDatanode}
2021-11-06 13:09:59,122 [Listener at 127.0.0.1/34591] INFO  server.AbstractConnector (AbstractConnector.java:doStop(381)) - Stopped ServerConnector@30179ec1{HTTP/1.1, (http/1.1)}{0.0.0.0:0}
2021-11-06 13:09:59,122 [Listener at 127.0.0.1/34591] INFO  server.session (HouseKeeper.java:stopScavenging(149)) - node0 Stopped scavenging
2021-11-06 13:09:59,123 [Listener at 127.0.0.1/34591] INFO  handler.ContextHandler (ContextHandler.java:doStop(1153)) - Stopped o.e.j.s.ServletContextHandler@192bd56b{static,/static,jar:file:/home/runner/.m2/repository/org/apache/ozone/hdds-container-service/1.2.0-SNAPSHOT/hdds-container-service-1.2.0-SNAPSHOT.jar!/webapps/static,STOPPED}
2021-11-06 13:09:59,123 [Listener at 127.0.0.1/34591] INFO  handler.ContextHandler (ContextHandler.java:doStop(1153)) - Stopped o.e.j.s.ServletContextHandler@74e9c76f{logs,/logs,file:///home/runner/work/ozone/ozone/hadoop-ozone/integration-test/target/log,STOPPED}
2021-11-06 13:10:02,007 [414c08ff-7683-4e40-9ba7-4aaff37af58e@group-950F038C74EB-FollowerState] INFO  impl.FollowerState (FollowerState.java:run(134)) - 414c08ff-7683-4e40-9ba7-4aaff37af58e@group-950F038C74EB-FollowerState: change to CANDIDATE, lastRpcElapsedTime:7341644882ns, electionTimeout:5138ms
2021-11-06 13:10:02,008 [414c08ff-7683-4e40-9ba7-4aaff37af58e@group-950F038C74EB-FollowerState] INFO  impl.RoleInfo (RoleInfo.java:shutdownFollowerState(108)) - 414c08ff-7683-4e40-9ba7-4aaff37af58e: shutdown 414c08ff-7683-4e40-9ba7-4aaff37af58e@group-950F038C74EB-FollowerState
2021-11-06 13:10:02,008 [414c08ff-7683-4e40-9ba7-4aaff37af58e@group-950F038C74EB-FollowerState] INFO  server.RaftServer$Division (RaftServerImpl.java:setRole(290)) - 414c08ff-7683-4e40-9ba7-4aaff37af58e@group-950F038C74EB: changes role from  FOLLOWER to CANDIDATE at term 7 for changeToCandidate
2021-11-06 13:10:02,008 [414c08ff-7683-4e40-9ba7-4aaff37af58e@group-950F038C74EB-FollowerState] INFO  server.RaftServerConfigKeys (ConfUtils.java:logGet(44)) - raft.server.leaderelection.pre-vote = false (custom)
2021-11-06 13:10:02,008 [414c08ff-7683-4e40-9ba7-4aaff37af58e@group-950F038C74EB-FollowerState] INFO  impl.RoleInfo (RoleInfo.java:updateAndGet(130)) - 414c08ff-7683-4e40-9ba7-4aaff37af58e: start 414c08ff-7683-4e40-9ba7-4aaff37af58e@group-950F038C74EB-LeaderElection95
2021-11-06 13:10:02,008 [414c08ff-7683-4e40-9ba7-4aaff37af58e@group-950F038C74EB-LeaderElection95] INFO  server.RaftServer$Division (ServerState.java:setLeader(285)) - 414c08ff-7683-4e40-9ba7-4aaff37af58e@group-950F038C74EB: change Leader from 41301224-b672-4531-af78-b462410ab6ac to null at term 7 for ELECTION
2021-11-06 13:10:02,014 [414c08ff-7683-4e40-9ba7-4aaff37af58e@group-950F038C74EB-LeaderElection95] INFO  impl.LeaderElection (LeaderElection.java:askForVotes(306)) - 414c08ff-7683-4e40-9ba7-4aaff37af58e@group-950F038C74EB-LeaderElection95 ELECTION round 0: submit vote requests at term 8 for 0: [4d122ed7-1d51-49b3-a564-9cc0800ef9b5|rpc:10.1.0.11:44073|dataStream:|priority:1, 414c08ff-7683-4e40-9ba7-4aaff37af58e|rpc:10.1.0.11:42123|dataStream:|priority:0, 41301224-b672-4531-af78-b462410ab6ac|rpc:10.1.0.11:45193|dataStream:|priority:0], old=null
2021-11-06 13:10:02,020 [414c08ff-7683-4e40-9ba7-4aaff37af58e@group-950F038C74EB-LeaderElection95] INFO  impl.LeaderElection (LogUtils.java:infoOrTrace(137)) - 414c08ff-7683-4e40-9ba7-4aaff37af58e@group-950F038C74EB-LeaderElection95 got exception when requesting votes: java.util.concurrent.ExecutionException: org.apache.ratis.thirdparty.io.grpc.StatusRuntimeException: UNAVAILABLE: io exception
2021-11-06 13:10:02,023 [414c08ff-7683-4e40-9ba7-4aaff37af58e@group-950F038C74EB-LeaderElection95] INFO  impl.LeaderElection (LogUtils.java:infoOrTrace(137)) - 414c08ff-7683-4e40-9ba7-4aaff37af58e@group-950F038C74EB-LeaderElection95 got exception when requesting votes: java.util.concurrent.ExecutionException: org.apache.ratis.thirdparty.io.grpc.StatusRuntimeException: UNAVAILABLE: io exception
2021-11-06 13:10:02,023 [414c08ff-7683-4e40-9ba7-4aaff37af58e@group-950F038C74EB-LeaderElection95] INFO  impl.LeaderElection (LeaderElection.java:logAndReturn(89)) - 414c08ff-7683-4e40-9ba7-4aaff37af58e@group-950F038C74EB-LeaderElection95: ELECTION REJECTED received 0 response(s) and 2 exception(s):
2021-11-06 13:10:02,023 [414c08ff-7683-4e40-9ba7-4aaff37af58e@group-950F038C74EB-LeaderElection95] INFO  impl.LeaderElection (LogUtils.java:infoOrTrace(137)) -   Exception 0: java.util.concurrent.ExecutionException: org.apache.ratis.thirdparty.io.grpc.StatusRuntimeException: UNAVAILABLE: io exception
2021-11-06 13:10:02,023 [414c08ff-7683-4e40-9ba7-4aaff37af58e@group-950F038C74EB-LeaderElection95] INFO  impl.LeaderElection (LogUtils.java:infoOrTrace(137)) -   Exception 1: java.util.concurrent.ExecutionException: org.apache.ratis.thirdparty.io.grpc.StatusRuntimeException: UNAVAILABLE: io exception
2021-11-06 13:10:02,023 [414c08ff-7683-4e40-9ba7-4aaff37af58e@group-950F038C74EB-LeaderElection95] INFO  impl.LeaderElection (LeaderElection.java:askForVotes(308)) - 414c08ff-7683-4e40-9ba7-4aaff37af58e@group-950F038C74EB-LeaderElection95 ELECTION round 0: result REJECTED
2021-11-06 13:10:02,023 [414c08ff-7683-4e40-9ba7-4aaff37af58e@group-950F038C74EB-LeaderElection95] INFO  server.RaftServer$Division (RaftServerImpl.java:setRole(290)) - 414c08ff-7683-4e40-9ba7-4aaff37af58e@group-950F038C74EB: changes role from CANDIDATE to FOLLOWER at term 8 for REJECTED
2021-11-06 13:10:02,023 [414c08ff-7683-4e40-9ba7-4aaff37af58e@group-950F038C74EB-LeaderElection95] INFO  impl.RoleInfo (RoleInfo.java:shutdownLeaderElection(121)) - 414c08ff-7683-4e40-9ba7-4aaff37af58e: shutdown 414c08ff-7683-4e40-9ba7-4aaff37af58e@group-950F038C74EB-LeaderElection95
2021-11-06 13:10:02,023 [414c08ff-7683-4e40-9ba7-4aaff37af58e@group-950F038C74EB-LeaderElection95] INFO  impl.RoleInfo (RoleInfo.java:updateAndGet(130)) - 414c08ff-7683-4e40-9ba7-4aaff37af58e: start 414c08ff-7683-4e40-9ba7-4aaff37af58e@group-950F038C74EB-FollowerState
2021-11-06 13:10:03,450 [EventQueue-StaleNodeForStaleNodeHandler] INFO  node.StaleNodeHandler (StaleNodeHandler.java:onMessage(58)) - Datanode 4d122ed7-1d51-49b3-a564-9cc0800ef9b5{ip: 10.1.0.11, host: fv-az151-875.yf2hydr00wburbhx3j5hxtcipe.bx.internal.cloudapp.net, ports: [REPLICATION=35731, RATIS=44073, RATIS_ADMIN=44073, RATIS_SERVER=44073, STANDALONE=36803], networkLocation: /default-rack, certSerialId: null, persistedOpState: IN_SERVICE, persistedOpStateExpiryEpochSec: 0} moved to stale state. Finalizing its pipelines [PipelineID=5a06e79c-e756-4874-b3a2-2566df71ec55, PipelineID=d5cfb98d-9438-4c94-ae89-950f038c74eb]
2021-11-06 13:10:03,450 [EventQueue-StaleNodeForStaleNodeHandler] INFO  pipeline.PipelineManagerImpl (PipelineManagerImpl.java:closePipeline(349)) - Pipeline Pipeline[ Id: 5a06e79c-e756-4874-b3a2-2566df71ec55, Nodes: 4d122ed7-1d51-49b3-a564-9cc0800ef9b5{ip: 10.1.0.11, host: fv-az151-875.yf2hydr00wburbhx3j5hxtcipe.bx.internal.cloudapp.net, ports: [REPLICATION=35731, RATIS=44073, RATIS_ADMIN=44073, RATIS_SERVER=44073, STANDALONE=36803], networkLocation: /default-rack, certSerialId: null, persistedOpState: IN_SERVICE, persistedOpStateExpiryEpochSec: 0}, ReplicationConfig: RATIS/ONE, State:OPEN, leaderId:4d122ed7-1d51-49b3-a564-9cc0800ef9b5, CreationTimestamp2021-11-06T13:09:03.243Z[Etc/UTC]] moved to CLOSED state
2021-11-06 13:10:03,451 [EventQueue-StaleNodeForStaleNodeHandler] INFO  pipeline.PipelineManagerImpl (PipelineManagerImpl.java:closePipeline(349)) - Pipeline Pipeline[ Id: d5cfb98d-9438-4c94-ae89-950f038c74eb, Nodes: 414c08ff-7683-4e40-9ba7-4aaff37af58e{ip: 10.1.0.11, host: fv-az151-875.yf2hydr00wburbhx3j5hxtcipe.bx.internal.cloudapp.net, ports: [REPLICATION=44871, RATIS=42123, RATIS_ADMIN=42123, RATIS_SERVER=42123, STANDALONE=38901], networkLocation: /default-rack, certSerialId: null, persistedOpState: IN_SERVICE, persistedOpStateExpiryEpochSec: 0}4d122ed7-1d51-49b3-a564-9cc0800ef9b5{ip: 10.1.0.11, host: fv-az151-875.yf2hydr00wburbhx3j5hxtcipe.bx.internal.cloudapp.net, ports: [REPLICATION=35731, RATIS=44073, RATIS_ADMIN=44073, RATIS_SERVER=44073, STANDALONE=36803], networkLocation: /default-rack, certSerialId: null, persistedOpState: IN_SERVICE, persistedOpStateExpiryEpochSec: 0}41301224-b672-4531-af78-b462410ab6ac{ip: 10.1.0.11, host: fv-az151-875.yf2hydr00wburbhx3j5hxtcipe.bx.internal.cloudapp.net, ports: [REPLICATION=33157, RATIS=45193, RATIS_ADMIN=45193, RATIS_SERVER=45193, STANDALONE=46151], networkLocation: /default-rack, certSerialId: null, persistedOpState: IN_SERVICE, persistedOpStateExpiryEpochSec: 0}, ReplicationConfig: RATIS/THREE, State:OPEN, leaderId:41301224-b672-4531-af78-b462410ab6ac, CreationTimestamp2021-11-06T13:09:03.245Z[Etc/UTC]] moved to CLOSED state
2021-11-06 13:10:03,451 [EventQueue-StaleNodeForStaleNodeHandler] INFO  node.StaleNodeHandler (StaleNodeHandler.java:onMessage(58)) - Datanode 8825a48f-3f68-4f9f-a5f1-6d0b8018f501{ip: 10.1.0.11, host: fv-az151-875.yf2hydr00wburbhx3j5hxtcipe.bx.internal.cloudapp.net, ports: [REPLICATION=36693, RATIS=41601, RATIS_ADMIN=41601, RATIS_SERVER=41601, STANDALONE=41641], networkLocation: /default-rack, certSerialId: null, persistedOpState: IN_SERVICE, persistedOpStateExpiryEpochSec: 0} moved to stale state. Finalizing its pipelines [PipelineID=233fa60b-c3f1-4fba-be80-82fa7d9c4d50, PipelineID=7e863a07-bf1b-4791-a5cf-767134f6b288]
2021-11-06 13:10:03,451 [EventQueue-StaleNodeForStaleNodeHandler] INFO  pipeline.PipelineManagerImpl (PipelineManagerImpl.java:closePipeline(349)) - Pipeline Pipeline[ Id: 233fa60b-c3f1-4fba-be80-82fa7d9c4d50, Nodes: 8825a48f-3f68-4f9f-a5f1-6d0b8018f501{ip: 10.1.0.11, host: fv-az151-875.yf2hydr00wburbhx3j5hxtcipe.bx.internal.cloudapp.net, ports: [REPLICATION=36693, RATIS=41601, RATIS_ADMIN=41601, RATIS_SERVER=41601, STANDALONE=41641], networkLocation: /default-rack, certSerialId: null, persistedOpState: IN_SERVICE, persistedOpStateExpiryEpochSec: 0}, ReplicationConfig: RATIS/ONE, State:OPEN, leaderId:8825a48f-3f68-4f9f-a5f1-6d0b8018f501, CreationTimestamp2021-11-06T13:09:04.040Z[Etc/UTC]] moved to CLOSED state
2021-11-06 13:10:03,451 [EventQueue-StaleNodeForStaleNodeHandler] INFO  pipeline.PipelineManagerImpl (PipelineManagerImpl.java:closePipeline(349)) - Pipeline Pipeline[ Id: 7e863a07-bf1b-4791-a5cf-767134f6b288, Nodes: a8ad8818-625e-4bd0-b4ed-3716b4b5c8f9{ip: 10.1.0.11, host: fv-az151-875.yf2hydr00wburbhx3j5hxtcipe.bx.internal.cloudapp.net, ports: [REPLICATION=34141, RATIS=40631, RATIS_ADMIN=40631, RATIS_SERVER=40631, STANDALONE=36087], networkLocation: /default-rack, certSerialId: null, persistedOpState: IN_SERVICE, persistedOpStateExpiryEpochSec: 0}8825a48f-3f68-4f9f-a5f1-6d0b8018f501{ip: 10.1.0.11, host: fv-az151-875.yf2hydr00wburbhx3j5hxtcipe.bx.internal.cloudapp.net, ports: [REPLICATION=36693, RATIS=41601, RATIS_ADMIN=41601, RATIS_SERVER=41601, STANDALONE=41641], networkLocation: /default-rack, certSerialId: null, persistedOpState: IN_SERVICE, persistedOpStateExpiryEpochSec: 0}5750f6fd-62ed-459f-9a73-135ca28be509{ip: 10.1.0.11, host: fv-az151-875.yf2hydr00wburbhx3j5hxtcipe.bx.internal.cloudapp.net, ports: [REPLICATION=33703, RATIS=38801, RATIS_ADMIN=38801, RATIS_SERVER=38801, STANDALONE=37243], networkLocation: /default-rack, certSerialId: null, persistedOpState: IN_SERVICE, persistedOpStateExpiryEpochSec: 0}, ReplicationConfig: RATIS/THREE, State:OPEN, leaderId:5750f6fd-62ed-459f-9a73-135ca28be509, CreationTimestamp2021-11-06T13:09:04.510Z[Etc/UTC]] moved to CLOSED state
2021-11-06 13:10:04,080 [ForkJoinPool.commonPool-worker-1] INFO  ozoneimpl.OzoneContainer (OzoneContainer.java:stop(325)) - Attempting to stop container services.
2021-11-06 13:10:04,081 [ForkJoinPool.commonPool-worker-1] INFO  server.RaftServer (RaftServerProxy.java:lambda$close$6(391)) - 414c08ff-7683-4e40-9ba7-4aaff37af58e: close
2021-11-06 13:10:04,081 [ForkJoinPool.commonPool-worker-1] INFO  server.RaftServer$Division (RaftServerImpl.java:lambda$close$4(412)) - 414c08ff-7683-4e40-9ba7-4aaff37af58e@group-F32416321C92: shutdown
2021-11-06 13:10:04,081 [ForkJoinPool.commonPool-worker-1] INFO  util.JmxRegister (JmxRegister.java:unregister(73)) - Successfully un-registered JMX Bean with object name Ratis:service=RaftServer,group=group-F32416321C92,id=414c08ff-7683-4e40-9ba7-4aaff37af58e
2021-11-06 13:10:04,081 [ForkJoinPool.commonPool-worker-1] INFO  impl.RoleInfo (RoleInfo.java:shutdownLeaderState(91)) - 414c08ff-7683-4e40-9ba7-4aaff37af58e: shutdown 414c08ff-7683-4e40-9ba7-4aaff37af58e@group-F32416321C92-LeaderStateImpl
2021-11-06 13:10:04,081 [ForkJoinPool.commonPool-worker-1] INFO  impl.PendingRequests (PendingRequests.java:sendNotLeaderResponses(282)) - 414c08ff-7683-4e40-9ba7-4aaff37af58e@group-F32416321C92-PendingRequests: sendNotLeaderResponses
2021-11-06 13:10:04,082 [ForkJoinPool.commonPool-worker-1] INFO  impl.StateMachineUpdater (StateMachineUpdater.java:stopAndJoin(149)) - 414c08ff-7683-4e40-9ba7-4aaff37af58e@group-F32416321C92-StateMachineUpdater: set stopIndex = 0
2021-11-06 13:10:04,082 [414c08ff-7683-4e40-9ba7-4aaff37af58e@group-F32416321C92-StateMachineUpdater] INFO  ratis.ContainerStateMachine (ContainerStateMachine.java:takeSnapshot(292)) - group-F32416321C92: Taking a snapshot at:(t:1, i:0) file /home/runner/work/ozone/ozone/hadoop-ozone/integration-test/target/test-dir/MiniOzoneClusterImpl-57fe1d17-8f30-476a-a64a-953d5983e20c/datanode-1/data/ratis/11a118c1-3cb0-4fb9-bbf4-f32416321c92/sm/snapshot.1_0
2021-11-06 13:10:04,101 [414c08ff-7683-4e40-9ba7-4aaff37af58e@group-F32416321C92-StateMachineUpdater] INFO  ratis.ContainerStateMachine (ContainerStateMachine.java:takeSnapshot(303)) - group-F32416321C92: Finished taking a snapshot at:(t:1, i:0) file:/home/runner/work/ozone/ozone/hadoop-ozone/integration-test/target/test-dir/MiniOzoneClusterImpl-57fe1d17-8f30-476a-a64a-953d5983e20c/datanode-1/data/ratis/11a118c1-3cb0-4fb9-bbf4-f32416321c92/sm/snapshot.1_0 took: 13 ms
2021-11-06 13:10:04,101 [414c08ff-7683-4e40-9ba7-4aaff37af58e@group-F32416321C92-StateMachineUpdater] INFO  impl.StateMachineUpdater (StateMachineUpdater.java:takeSnapshot(281)) - 414c08ff-7683-4e40-9ba7-4aaff37af58e@group-F32416321C92-StateMachineUpdater: Took a snapshot at index 0
2021-11-06 13:10:04,101 [414c08ff-7683-4e40-9ba7-4aaff37af58e@group-F32416321C92-StateMachineUpdater] INFO  impl.StateMachineUpdater (StateMachineUpdater.java:lambda$new$0(89)) - 414c08ff-7683-4e40-9ba7-4aaff37af58e@group-F32416321C92-StateMachineUpdater: snapshotIndex: updateIncreasingly -1 -> 0
2021-11-06 13:10:04,103 [ForkJoinPool.commonPool-worker-1] INFO  server.RaftServer$Division (ServerState.java:close(419)) - 414c08ff-7683-4e40-9ba7-4aaff37af58e@group-F32416321C92: closes. applyIndex: 0
2021-11-06 13:10:04,103 [414c08ff-7683-4e40-9ba7-4aaff37af58e@group-F32416321C92-SegmentedRaftLogWorker] INFO  segmented.SegmentedRaftLogWorker (SegmentedRaftLogWorker.java:run(327)) - 414c08ff-7683-4e40-9ba7-4aaff37af58e@group-F32416321C92-SegmentedRaftLogWorker was interrupted, exiting. There are 0 tasks remaining in the queue.
2021-11-06 13:10:04,107 [ForkJoinPool.commonPool-worker-1] INFO  segmented.SegmentedRaftLogWorker (SegmentedRaftLogWorker.java:close(237)) - 414c08ff-7683-4e40-9ba7-4aaff37af58e@group-F32416321C92-SegmentedRaftLogWorker close()
2021-11-06 13:10:04,108 [ForkJoinPool.commonPool-worker-1] INFO  server.RaftServer$Division (RaftServerImpl.java:lambda$close$4(412)) - 414c08ff-7683-4e40-9ba7-4aaff37af58e@group-950F038C74EB: shutdown
2021-11-06 13:10:04,108 [ForkJoinPool.commonPool-worker-1] INFO  util.JmxRegister (JmxRegister.java:unregister(73)) - Successfully un-registered JMX Bean with object name Ratis:service=RaftServer,group=group-950F038C74EB,id=414c08ff-7683-4e40-9ba7-4aaff37af58e
2021-11-06 13:10:04,108 [ForkJoinPool.commonPool-worker-1] INFO  impl.RoleInfo (RoleInfo.java:shutdownFollowerState(108)) - 414c08ff-7683-4e40-9ba7-4aaff37af58e: shutdown 414c08ff-7683-4e40-9ba7-4aaff37af58e@group-950F038C74EB-FollowerState
2021-11-06 13:10:04,108 [ForkJoinPool.commonPool-worker-1] INFO  impl.StateMachineUpdater (StateMachineUpdater.java:stopAndJoin(149)) - 414c08ff-7683-4e40-9ba7-4aaff37af58e@group-950F038C74EB-StateMachineUpdater: set stopIndex = 0
2021-11-06 13:10:04,108 [414c08ff-7683-4e40-9ba7-4aaff37af58e@group-950F038C74EB-StateMachineUpdater] INFO  ratis.ContainerStateMachine (ContainerStateMachine.java:takeSnapshot(292)) - group-950F038C74EB: Taking a snapshot at:(t:7, i:0) file /home/runner/work/ozone/ozone/hadoop-ozone/integration-test/target/test-dir/MiniOzoneClusterImpl-57fe1d17-8f30-476a-a64a-953d5983e20c/datanode-1/data/ratis/d5cfb98d-9438-4c94-ae89-950f038c74eb/sm/snapshot.7_0
2021-11-06 13:10:04,109 [414c08ff-7683-4e40-9ba7-4aaff37af58e@group-950F038C74EB-FollowerState] INFO  impl.FollowerState (FollowerState.java:run(143)) - 414c08ff-7683-4e40-9ba7-4aaff37af58e@group-950F038C74EB-FollowerState was interrupted: {}
java.lang.InterruptedException: sleep interrupted
	at java.lang.Thread.sleep(Native Method)
	at java.lang.Thread.sleep(Thread.java:340)
	at java.util.concurrent.TimeUnit.sleep(TimeUnit.java:386)
	at org.apache.ratis.util.TimeDuration.sleep(TimeDuration.java:324)
	at org.apache.ratis.util.TimeDuration.sleep(TimeDuration.java:309)
	at org.apache.ratis.server.impl.FollowerState.run(FollowerState.java:118)
2021-11-06 13:10:04,110 [414c08ff-7683-4e40-9ba7-4aaff37af58e@group-950F038C74EB-StateMachineUpdater] INFO  ratis.ContainerStateMachine (ContainerStateMachine.java:takeSnapshot(303)) - group-950F038C74EB: Finished taking a snapshot at:(t:7, i:0) file:/home/runner/work/ozone/ozone/hadoop-ozone/integration-test/target/test-dir/MiniOzoneClusterImpl-57fe1d17-8f30-476a-a64a-953d5983e20c/datanode-1/data/ratis/d5cfb98d-9438-4c94-ae89-950f038c74eb/sm/snapshot.7_0 took: 2 ms
2021-11-06 13:10:04,111 [414c08ff-7683-4e40-9ba7-4aaff37af58e@group-950F038C74EB-StateMachineUpdater] INFO  impl.StateMachineUpdater (StateMachineUpdater.java:takeSnapshot(281)) - 414c08ff-7683-4e40-9ba7-4aaff37af58e@group-950F038C74EB-StateMachineUpdater: Took a snapshot at index 0
2021-11-06 13:10:04,111 [414c08ff-7683-4e40-9ba7-4aaff37af58e@group-950F038C74EB-StateMachineUpdater] INFO  impl.StateMachineUpdater (StateMachineUpdater.java:lambda$new$0(89)) - 414c08ff-7683-4e40-9ba7-4aaff37af58e@group-950F038C74EB-StateMachineUpdater: snapshotIndex: updateIncreasingly -1 -> 0
2021-11-06 13:10:04,111 [ForkJoinPool.commonPool-worker-1] INFO  server.RaftServer$Division (ServerState.java:close(419)) - 414c08ff-7683-4e40-9ba7-4aaff37af58e@group-950F038C74EB: closes. applyIndex: 0
2021-11-06 13:10:04,111 [414c08ff-7683-4e40-9ba7-4aaff37af58e@group-950F038C74EB-SegmentedRaftLogWorker] INFO  segmented.SegmentedRaftLogWorker (SegmentedRaftLogWorker.java:run(327)) - 414c08ff-7683-4e40-9ba7-4aaff37af58e@group-950F038C74EB-SegmentedRaftLogWorker was interrupted, exiting. There are 0 tasks remaining in the queue.
2021-11-06 13:10:04,111 [ForkJoinPool.commonPool-worker-1] INFO  segmented.SegmentedRaftLogWorker (SegmentedRaftLogWorker.java:close(237)) - 414c08ff-7683-4e40-9ba7-4aaff37af58e@group-950F038C74EB-SegmentedRaftLogWorker close()
2021-11-06 13:10:04,112 [ForkJoinPool.commonPool-worker-1] INFO  server.GrpcService (GrpcService.java:closeImpl(262)) - 414c08ff-7683-4e40-9ba7-4aaff37af58e: shutdown server with port 42123 now
2021-11-06 13:10:04,122 [ForkJoinPool.commonPool-worker-1] INFO  server.GrpcService (GrpcService.java:closeImpl(271)) - 414c08ff-7683-4e40-9ba7-4aaff37af58e: shutdown server with port 42123 successfully
2021-11-06 13:10:04,123 [org.apache.ratis.util.JvmPauseMonitor$$Lambda$531/117902049@656e30b5] INFO  util.JvmPauseMonitor (JvmPauseMonitor.java:run(109)) - JvmPauseMonitor-414c08ff-7683-4e40-9ba7-4aaff37af58e: Stopped
2021-11-06 13:10:04,126 [ForkJoinPool.commonPool-worker-1] INFO  utils.BackgroundService (BackgroundService.java:shutdown(132)) - Shutting down service BlockDeletingService
2021-11-06 13:10:04,127 [Listener at 127.0.0.1/34591] INFO  ozoneimpl.OzoneContainer (OzoneContainer.java:stop(325)) - Attempting to stop container services.
2021-11-06 13:10:04,139 [Listener at 127.0.0.1/34591] INFO  server.RaftServer (RaftServerProxy.java:lambda$close$6(391)) - 5935a206-a598-494c-a9e6-46da022b00dd: close
2021-11-06 13:10:04,139 [Listener at 127.0.0.1/34591] INFO  server.RaftServer$Division (RaftServerImpl.java:lambda$close$4(412)) - 5935a206-a598-494c-a9e6-46da022b00dd@group-A8272E390442: shutdown
2021-11-06 13:10:04,139 [Listener at 127.0.0.1/34591] INFO  util.JmxRegister (JmxRegister.java:unregister(73)) - Successfully un-registered JMX Bean with object name Ratis:service=RaftServer,group=group-A8272E390442,id=5935a206-a598-494c-a9e6-46da022b00dd
2021-11-06 13:10:04,139 [Listener at 127.0.0.1/34591] INFO  impl.RoleInfo (RoleInfo.java:shutdownLeaderState(91)) - 5935a206-a598-494c-a9e6-46da022b00dd: shutdown 5935a206-a598-494c-a9e6-46da022b00dd@group-A8272E390442-LeaderStateImpl
2021-11-06 13:10:04,140 [Listener at 127.0.0.1/34591] INFO  impl.PendingRequests (PendingRequests.java:sendNotLeaderResponses(282)) - 5935a206-a598-494c-a9e6-46da022b00dd@group-A8272E390442-PendingRequests: sendNotLeaderResponses
2021-11-06 13:10:04,141 [Listener at 127.0.0.1/34591] INFO  impl.StateMachineUpdater (StateMachineUpdater.java:stopAndJoin(149)) - 5935a206-a598-494c-a9e6-46da022b00dd@group-A8272E390442-StateMachineUpdater: set stopIndex = 0
2021-11-06 13:10:04,141 [5935a206-a598-494c-a9e6-46da022b00dd@group-A8272E390442-StateMachineUpdater] INFO  ratis.ContainerStateMachine (ContainerStateMachine.java:takeSnapshot(292)) - group-A8272E390442: Taking a snapshot at:(t:1, i:0) file /home/runner/work/ozone/ozone/hadoop-ozone/integration-test/target/test-dir/MiniOzoneClusterImpl-57fe1d17-8f30-476a-a64a-953d5983e20c/datanode-8/data/ratis/899620c5-8f09-42b5-8150-a8272e390442/sm/snapshot.1_0
2021-11-06 13:10:04,142 [5935a206-a598-494c-a9e6-46da022b00dd@group-A8272E390442-StateMachineUpdater] INFO  ratis.ContainerStateMachine (ContainerStateMachine.java:takeSnapshot(303)) - group-A8272E390442: Finished taking a snapshot at:(t:1, i:0) file:/home/runner/work/ozone/ozone/hadoop-ozone/integration-test/target/test-dir/MiniOzoneClusterImpl-57fe1d17-8f30-476a-a64a-953d5983e20c/datanode-8/data/ratis/899620c5-8f09-42b5-8150-a8272e390442/sm/snapshot.1_0 took: 1 ms
2021-11-06 13:10:04,142 [5935a206-a598-494c-a9e6-46da022b00dd@group-A8272E390442-StateMachineUpdater] INFO  impl.StateMachineUpdater (StateMachineUpdater.java:takeSnapshot(281)) - 5935a206-a598-494c-a9e6-46da022b00dd@group-A8272E390442-StateMachineUpdater: Took a snapshot at index 0
2021-11-06 13:10:04,143 [5935a206-a598-494c-a9e6-46da022b00dd@group-A8272E390442-StateMachineUpdater] INFO  impl.StateMachineUpdater (StateMachineUpdater.java:lambda$new$0(89)) - 5935a206-a598-494c-a9e6-46da022b00dd@group-A8272E390442-StateMachineUpdater: snapshotIndex: updateIncreasingly -1 -> 0
2021-11-06 13:10:04,147 [Listener at 127.0.0.1/34591] INFO  server.RaftServer$Division (ServerState.java:close(419)) - 5935a206-a598-494c-a9e6-46da022b00dd@group-A8272E390442: closes. applyIndex: 0
2021-11-06 13:10:04,147 [5935a206-a598-494c-a9e6-46da022b00dd@group-A8272E390442-SegmentedRaftLogWorker] INFO  segmented.SegmentedRaftLogWorker (SegmentedRaftLogWorker.java:run(327)) - 5935a206-a598-494c-a9e6-46da022b00dd@group-A8272E390442-SegmentedRaftLogWorker was interrupted, exiting. There are 0 tasks remaining in the queue.
2021-11-06 13:10:04,147 [Listener at 127.0.0.1/34591] INFO  segmented.SegmentedRaftLogWorker (SegmentedRaftLogWorker.java:close(237)) - 5935a206-a598-494c-a9e6-46da022b00dd@group-A8272E390442-SegmentedRaftLogWorker close()
2021-11-06 13:10:04,149 [Listener at 127.0.0.1/34591] INFO  server.RaftServer$Division (RaftServerImpl.java:lambda$close$4(412)) - 5935a206-a598-494c-a9e6-46da022b00dd@group-6EF6570EA239: shutdown
2021-11-06 13:10:04,149 [Listener at 127.0.0.1/34591] INFO  util.JmxRegister (JmxRegister.java:unregister(73)) - Successfully un-registered JMX Bean with object name Ratis:service=RaftServer,group=group-6EF6570EA239,id=5935a206-a598-494c-a9e6-46da022b00dd
2021-11-06 13:10:04,149 [Listener at 127.0.0.1/34591] INFO  impl.RoleInfo (RoleInfo.java:shutdownFollowerState(108)) - 5935a206-a598-494c-a9e6-46da022b00dd: shutdown 5935a206-a598-494c-a9e6-46da022b00dd@group-6EF6570EA239-FollowerState
2021-11-06 13:10:04,150 [5935a206-a598-494c-a9e6-46da022b00dd@group-6EF6570EA239-FollowerState] INFO  impl.FollowerState (FollowerState.java:run(143)) - 5935a206-a598-494c-a9e6-46da022b00dd@group-6EF6570EA239-FollowerState was interrupted: {}
java.lang.InterruptedException: sleep interrupted
	at java.lang.Thread.sleep(Native Method)
	at java.lang.Thread.sleep(Thread.java:340)
	at java.util.concurrent.TimeUnit.sleep(TimeUnit.java:386)
	at org.apache.ratis.util.TimeDuration.sleep(TimeDuration.java:324)
	at org.apache.ratis.util.TimeDuration.sleep(TimeDuration.java:309)
	at org.apache.ratis.server.impl.FollowerState.run(FollowerState.java:118)
2021-11-06 13:10:04,151 [5935a206-a598-494c-a9e6-46da022b00dd@group-6EF6570EA239-StateMachineUpdater] INFO  ratis.ContainerStateMachine (ContainerStateMachine.java:takeSnapshot(292)) - group-6EF6570EA239: Taking a snapshot at:(t:7, i:2) file /home/runner/work/ozone/ozone/hadoop-ozone/integration-test/target/test-dir/MiniOzoneClusterImpl-57fe1d17-8f30-476a-a64a-953d5983e20c/datanode-8/data/ratis/eab537b7-d333-43c5-8191-6ef6570ea239/sm/snapshot.7_2
2021-11-06 13:10:04,151 [Listener at 127.0.0.1/34591] INFO  impl.StateMachineUpdater (StateMachineUpdater.java:stopAndJoin(149)) - 5935a206-a598-494c-a9e6-46da022b00dd@group-6EF6570EA239-StateMachineUpdater: set stopIndex = 2
2021-11-06 13:10:04,153 [5935a206-a598-494c-a9e6-46da022b00dd@group-6EF6570EA239-StateMachineUpdater] INFO  ratis.ContainerStateMachine (ContainerStateMachine.java:takeSnapshot(303)) - group-6EF6570EA239: Finished taking a snapshot at:(t:7, i:2) file:/home/runner/work/ozone/ozone/hadoop-ozone/integration-test/target/test-dir/MiniOzoneClusterImpl-57fe1d17-8f30-476a-a64a-953d5983e20c/datanode-8/data/ratis/eab537b7-d333-43c5-8191-6ef6570ea239/sm/snapshot.7_2 took: 3 ms
2021-11-06 13:10:04,154 [5935a206-a598-494c-a9e6-46da022b00dd@group-6EF6570EA239-StateMachineUpdater] INFO  impl.StateMachineUpdater (StateMachineUpdater.java:takeSnapshot(281)) - 5935a206-a598-494c-a9e6-46da022b00dd@group-6EF6570EA239-StateMachineUpdater: Took a snapshot at index 2
2021-11-06 13:10:04,154 [5935a206-a598-494c-a9e6-46da022b00dd@group-6EF6570EA239-StateMachineUpdater] INFO  impl.StateMachineUpdater (StateMachineUpdater.java:lambda$new$0(89)) - 5935a206-a598-494c-a9e6-46da022b00dd@group-6EF6570EA239-StateMachineUpdater: snapshotIndex: updateIncreasingly -1 -> 2
2021-11-06 13:10:04,156 [Listener at 127.0.0.1/34591] INFO  server.RaftServer$Division (ServerState.java:close(419)) - 5935a206-a598-494c-a9e6-46da022b00dd@group-6EF6570EA239: closes. applyIndex: 2
2021-11-06 13:10:04,157 [5935a206-a598-494c-a9e6-46da022b00dd@group-6EF6570EA239-SegmentedRaftLogWorker] INFO  segmented.SegmentedRaftLogWorker (SegmentedRaftLogWorker.java:run(327)) - 5935a206-a598-494c-a9e6-46da022b00dd@group-6EF6570EA239-SegmentedRaftLogWorker was interrupted, exiting. There are 0 tasks remaining in the queue.
2021-11-06 13:10:04,157 [Listener at 127.0.0.1/34591] INFO  segmented.SegmentedRaftLogWorker (SegmentedRaftLogWorker.java:close(237)) - 5935a206-a598-494c-a9e6-46da022b00dd@group-6EF6570EA239-SegmentedRaftLogWorker close()
2021-11-06 13:10:04,181 [Listener at 127.0.0.1/34591] INFO  server.GrpcService (GrpcService.java:closeImpl(262)) - 5935a206-a598-494c-a9e6-46da022b00dd: shutdown server with port 43005 now
2021-11-06 13:10:04,214 [grpc-default-executor-4] WARN  client.GrpcClientProtocolService (LogUtils.java:warn(122)) - 0-OrderedRequestStreamObserver0: onError: org.apache.ratis.thirdparty.io.grpc.StatusRuntimeException: CANCELLED: client cancelled
2021-11-06 13:10:04,216 [Listener at 127.0.0.1/34591] INFO  server.GrpcService (GrpcService.java:closeImpl(271)) - 5935a206-a598-494c-a9e6-46da022b00dd: shutdown server with port 43005 successfully
2021-11-06 13:10:04,216 [org.apache.ratis.util.JvmPauseMonitor$$Lambda$531/117902049@651d218e] INFO  util.JvmPauseMonitor (JvmPauseMonitor.java:run(109)) - JvmPauseMonitor-5935a206-a598-494c-a9e6-46da022b00dd: Stopped
2021-11-06 13:10:04,219 [Listener at 127.0.0.1/34591] INFO  utils.BackgroundService (BackgroundService.java:shutdown(132)) - Shutting down service BlockDeletingService
2021-11-06 13:10:04,677 [0eaea5f5-6746-43ea-ac9f-09b1ebc824b6@group-6EF6570EA239-FollowerState] INFO  impl.FollowerState (FollowerState.java:run(134)) - 0eaea5f5-6746-43ea-ac9f-09b1ebc824b6@group-6EF6570EA239-FollowerState: change to CANDIDATE, lastRpcElapsedTime:10095337314ns, electionTimeout:5072ms
2021-11-06 13:10:04,677 [0eaea5f5-6746-43ea-ac9f-09b1ebc824b6@group-6EF6570EA239-FollowerState] INFO  impl.RoleInfo (RoleInfo.java:shutdownFollowerState(108)) - 0eaea5f5-6746-43ea-ac9f-09b1ebc824b6: shutdown 0eaea5f5-6746-43ea-ac9f-09b1ebc824b6@group-6EF6570EA239-FollowerState
2021-11-06 13:10:04,677 [0eaea5f5-6746-43ea-ac9f-09b1ebc824b6@group-6EF6570EA239-FollowerState] INFO  server.RaftServer$Division (RaftServerImpl.java:setRole(290)) - 0eaea5f5-6746-43ea-ac9f-09b1ebc824b6@group-6EF6570EA239: changes role from  FOLLOWER to CANDIDATE at term 7 for changeToCandidate
2021-11-06 13:10:04,677 [0eaea5f5-6746-43ea-ac9f-09b1ebc824b6@group-6EF6570EA239-FollowerState] INFO  server.RaftServerConfigKeys (ConfUtils.java:logGet(44)) - raft.server.leaderelection.pre-vote = false (custom)
2021-11-06 13:10:04,677 [0eaea5f5-6746-43ea-ac9f-09b1ebc824b6@group-6EF6570EA239-FollowerState] INFO  impl.RoleInfo (RoleInfo.java:updateAndGet(130)) - 0eaea5f5-6746-43ea-ac9f-09b1ebc824b6: start 0eaea5f5-6746-43ea-ac9f-09b1ebc824b6@group-6EF6570EA239-LeaderElection96
2021-11-06 13:10:04,678 [0eaea5f5-6746-43ea-ac9f-09b1ebc824b6@group-6EF6570EA239-LeaderElection96] INFO  server.RaftServer$Division (ServerState.java:setLeader(285)) - 0eaea5f5-6746-43ea-ac9f-09b1ebc824b6@group-6EF6570EA239: change Leader from ca2e1dc9-8c7f-42bc-b6bd-0370d79258f9 to null at term 7 for ELECTION
2021-11-06 13:10:04,683 [0eaea5f5-6746-43ea-ac9f-09b1ebc824b6@group-6EF6570EA239-LeaderElection96] INFO  impl.LeaderElection (LeaderElection.java:askForVotes(306)) - 0eaea5f5-6746-43ea-ac9f-09b1ebc824b6@group-6EF6570EA239-LeaderElection96 ELECTION round 0: submit vote requests at term 8 for 1: [0eaea5f5-6746-43ea-ac9f-09b1ebc824b6|rpc:10.1.0.11:39423|dataStream:|priority:0, 5935a206-a598-494c-a9e6-46da022b00dd|rpc:10.1.0.11:43005|dataStream:|priority:0, ca2e1dc9-8c7f-42bc-b6bd-0370d79258f9|rpc:10.1.0.11:38687|dataStream:|priority:1], old=null
2021-11-06 13:10:04,689 [0eaea5f5-6746-43ea-ac9f-09b1ebc824b6@group-6EF6570EA239-LeaderElection96] INFO  impl.LeaderElection (LogUtils.java:infoOrTrace(137)) - 0eaea5f5-6746-43ea-ac9f-09b1ebc824b6@group-6EF6570EA239-LeaderElection96 got exception when requesting votes: java.util.concurrent.ExecutionException: org.apache.ratis.thirdparty.io.grpc.StatusRuntimeException: UNAVAILABLE: io exception
2021-11-06 13:10:04,690 [0eaea5f5-6746-43ea-ac9f-09b1ebc824b6@group-6EF6570EA239-LeaderElection96] INFO  impl.LeaderElection (LogUtils.java:infoOrTrace(137)) - 0eaea5f5-6746-43ea-ac9f-09b1ebc824b6@group-6EF6570EA239-LeaderElection96 got exception when requesting votes: java.util.concurrent.ExecutionException: org.apache.ratis.thirdparty.io.grpc.StatusRuntimeException: UNAVAILABLE: io exception
2021-11-06 13:10:04,690 [0eaea5f5-6746-43ea-ac9f-09b1ebc824b6@group-6EF6570EA239-LeaderElection96] INFO  impl.LeaderElection (LeaderElection.java:logAndReturn(89)) - 0eaea5f5-6746-43ea-ac9f-09b1ebc824b6@group-6EF6570EA239-LeaderElection96: ELECTION REJECTED received 0 response(s) and 2 exception(s):
2021-11-06 13:10:04,690 [0eaea5f5-6746-43ea-ac9f-09b1ebc824b6@group-6EF6570EA239-LeaderElection96] INFO  impl.LeaderElection (LogUtils.java:infoOrTrace(137)) -   Exception 0: java.util.concurrent.ExecutionException: org.apache.ratis.thirdparty.io.grpc.StatusRuntimeException: UNAVAILABLE: io exception
2021-11-06 13:10:04,690 [0eaea5f5-6746-43ea-ac9f-09b1ebc824b6@group-6EF6570EA239-LeaderElection96] INFO  impl.LeaderElection (LogUtils.java:infoOrTrace(137)) -   Exception 1: java.util.concurrent.ExecutionException: org.apache.ratis.thirdparty.io.grpc.StatusRuntimeException: UNAVAILABLE: io exception
2021-11-06 13:10:04,690 [0eaea5f5-6746-43ea-ac9f-09b1ebc824b6@group-6EF6570EA239-LeaderElection96] INFO  impl.LeaderElection (LeaderElection.java:askForVotes(308)) - 0eaea5f5-6746-43ea-ac9f-09b1ebc824b6@group-6EF6570EA239-LeaderElection96 ELECTION round 0: result REJECTED
2021-11-06 13:10:04,690 [0eaea5f5-6746-43ea-ac9f-09b1ebc824b6@group-6EF6570EA239-LeaderElection96] INFO  server.RaftServer$Division (RaftServerImpl.java:setRole(290)) - 0eaea5f5-6746-43ea-ac9f-09b1ebc824b6@group-6EF6570EA239: changes role from CANDIDATE to FOLLOWER at term 8 for REJECTED
2021-11-06 13:10:04,690 [0eaea5f5-6746-43ea-ac9f-09b1ebc824b6@group-6EF6570EA239-LeaderElection96] INFO  impl.RoleInfo (RoleInfo.java:shutdownLeaderElection(121)) - 0eaea5f5-6746-43ea-ac9f-09b1ebc824b6: shutdown 0eaea5f5-6746-43ea-ac9f-09b1ebc824b6@group-6EF6570EA239-LeaderElection96
2021-11-06 13:10:04,690 [0eaea5f5-6746-43ea-ac9f-09b1ebc824b6@group-6EF6570EA239-LeaderElection96] INFO  impl.RoleInfo (RoleInfo.java:updateAndGet(130)) - 0eaea5f5-6746-43ea-ac9f-09b1ebc824b6: start 0eaea5f5-6746-43ea-ac9f-09b1ebc824b6@group-6EF6570EA239-FollowerState
2021-11-06 13:10:07,131 [ForkJoinPool.commonPool-worker-1] INFO  statemachine.DatanodeStateMachine (DatanodeStateMachine.java:stopDaemon(526)) - Ozone container server stopped.
2021-11-06 13:10:07,135 [ForkJoinPool.commonPool-worker-1] INFO  handler.ContextHandler (ContextHandler.java:doStop(1153)) - Stopped o.e.j.w.WebAppContext@1a4f2755{hddsDatanode,/,null,STOPPED}{jar:file:/home/runner/.m2/repository/org/apache/ozone/hdds-container-service/1.2.0-SNAPSHOT/hdds-container-service-1.2.0-SNAPSHOT.jar!/webapps/hddsDatanode}
2021-11-06 13:10:07,141 [ForkJoinPool.commonPool-worker-1] INFO  server.AbstractConnector (AbstractConnector.java:doStop(381)) - Stopped ServerConnector@35873792{HTTP/1.1, (http/1.1)}{0.0.0.0:0}
2021-11-06 13:10:07,141 [ForkJoinPool.commonPool-worker-1] INFO  server.session (HouseKeeper.java:stopScavenging(149)) - node0 Stopped scavenging
2021-11-06 13:10:07,142 [ForkJoinPool.commonPool-worker-1] INFO  handler.ContextHandler (ContextHandler.java:doStop(1153)) - Stopped o.e.j.s.ServletContextHandler@139866a7{static,/static,jar:file:/home/runner/.m2/repository/org/apache/ozone/hdds-container-service/1.2.0-SNAPSHOT/hdds-container-service-1.2.0-SNAPSHOT.jar!/webapps/static,STOPPED}
2021-11-06 13:10:07,143 [ForkJoinPool.commonPool-worker-1] INFO  handler.ContextHandler (ContextHandler.java:doStop(1153)) - Stopped o.e.j.s.ServletContextHandler@74db90d7{logs,/logs,file:///home/runner/work/ozone/ozone/hadoop-ozone/integration-test/target/log,STOPPED}
2021-11-06 13:10:07,223 [Listener at 127.0.0.1/34591] INFO  statemachine.DatanodeStateMachine (DatanodeStateMachine.java:stopDaemon(526)) - Ozone container server stopped.
2021-11-06 13:10:07,224 [Listener at 127.0.0.1/34591] INFO  handler.ContextHandler (ContextHandler.java:doStop(1153)) - Stopped o.e.j.w.WebAppContext@214b2cdf{hddsDatanode,/,null,STOPPED}{jar:file:/home/runner/.m2/repository/org/apache/ozone/hdds-container-service/1.2.0-SNAPSHOT/hdds-container-service-1.2.0-SNAPSHOT.jar!/webapps/hddsDatanode}
2021-11-06 13:10:07,226 [Listener at 127.0.0.1/34591] INFO  server.AbstractConnector (AbstractConnector.java:doStop(381)) - Stopped ServerConnector@66976d7c{HTTP/1.1, (http/1.1)}{0.0.0.0:0}
2021-11-06 13:10:07,226 [Listener at 127.0.0.1/34591] INFO  server.session (HouseKeeper.java:stopScavenging(149)) - node0 Stopped scavenging
2021-11-06 13:10:07,226 [Listener at 127.0.0.1/34591] INFO  handler.ContextHandler (ContextHandler.java:doStop(1153)) - Stopped o.e.j.s.ServletContextHandler@6cb54420{static,/static,jar:file:/home/runner/.m2/repository/org/apache/ozone/hdds-container-service/1.2.0-SNAPSHOT/hdds-container-service-1.2.0-SNAPSHOT.jar!/webapps/static,STOPPED}
2021-11-06 13:10:07,227 [Listener at 127.0.0.1/34591] INFO  handler.ContextHandler (ContextHandler.java:doStop(1153)) - Stopped o.e.j.s.ServletContextHandler@5561f343{logs,/logs,file:///home/runner/work/ozone/ozone/hadoop-ozone/integration-test/target/log,STOPPED}
2021-11-06 13:10:09,778 [0eaea5f5-6746-43ea-ac9f-09b1ebc824b6@group-6EF6570EA239-FollowerState] INFO  impl.FollowerState (FollowerState.java:run(134)) - 0eaea5f5-6746-43ea-ac9f-09b1ebc824b6@group-6EF6570EA239-FollowerState: change to CANDIDATE, lastRpcElapsedTime:5087118129ns, electionTimeout:5083ms
2021-11-06 13:10:09,778 [0eaea5f5-6746-43ea-ac9f-09b1ebc824b6@group-6EF6570EA239-FollowerState] INFO  impl.RoleInfo (RoleInfo.java:shutdownFollowerState(108)) - 0eaea5f5-6746-43ea-ac9f-09b1ebc824b6: shutdown 0eaea5f5-6746-43ea-ac9f-09b1ebc824b6@group-6EF6570EA239-FollowerState
2021-11-06 13:10:09,778 [0eaea5f5-6746-43ea-ac9f-09b1ebc824b6@group-6EF6570EA239-FollowerState] INFO  server.RaftServer$Division (RaftServerImpl.java:setRole(290)) - 0eaea5f5-6746-43ea-ac9f-09b1ebc824b6@group-6EF6570EA239: changes role from  FOLLOWER to CANDIDATE at term 8 for changeToCandidate
2021-11-06 13:10:09,778 [0eaea5f5-6746-43ea-ac9f-09b1ebc824b6@group-6EF6570EA239-FollowerState] INFO  server.RaftServerConfigKeys (ConfUtils.java:logGet(44)) - raft.server.leaderelection.pre-vote = false (custom)
2021-11-06 13:10:09,778 [0eaea5f5-6746-43ea-ac9f-09b1ebc824b6@group-6EF6570EA239-FollowerState] INFO  impl.RoleInfo (RoleInfo.java:updateAndGet(130)) - 0eaea5f5-6746-43ea-ac9f-09b1ebc824b6: start 0eaea5f5-6746-43ea-ac9f-09b1ebc824b6@group-6EF6570EA239-LeaderElection97
2021-11-06 13:10:09,783 [0eaea5f5-6746-43ea-ac9f-09b1ebc824b6@group-6EF6570EA239-LeaderElection97] INFO  impl.LeaderElection (LeaderElection.java:askForVotes(306)) - 0eaea5f5-6746-43ea-ac9f-09b1ebc824b6@group-6EF6570EA239-LeaderElection97 ELECTION round 0: submit vote requests at term 9 for 1: [0eaea5f5-6746-43ea-ac9f-09b1ebc824b6|rpc:10.1.0.11:39423|dataStream:|priority:0, 5935a206-a598-494c-a9e6-46da022b00dd|rpc:10.1.0.11:43005|dataStream:|priority:0, ca2e1dc9-8c7f-42bc-b6bd-0370d79258f9|rpc:10.1.0.11:38687|dataStream:|priority:1], old=null
2021-11-06 13:10:09,792 [0eaea5f5-6746-43ea-ac9f-09b1ebc824b6@group-6EF6570EA239-LeaderElection97] INFO  impl.LeaderElection (LogUtils.java:infoOrTrace(137)) - 0eaea5f5-6746-43ea-ac9f-09b1ebc824b6@group-6EF6570EA239-LeaderElection97 got exception when requesting votes: java.util.concurrent.ExecutionException: org.apache.ratis.thirdparty.io.grpc.StatusRuntimeException: UNAVAILABLE: io exception
2021-11-06 13:10:09,793 [0eaea5f5-6746-43ea-ac9f-09b1ebc824b6@group-6EF6570EA239-LeaderElection97] INFO  impl.LeaderElection (LogUtils.java:infoOrTrace(137)) - 0eaea5f5-6746-43ea-ac9f-09b1ebc824b6@group-6EF6570EA239-LeaderElection97 got exception when requesting votes: java.util.concurrent.ExecutionException: org.apache.ratis.thirdparty.io.grpc.StatusRuntimeException: UNAVAILABLE: io exception
2021-11-06 13:10:09,793 [0eaea5f5-6746-43ea-ac9f-09b1ebc824b6@group-6EF6570EA239-LeaderElection97] INFO  impl.LeaderElection (LeaderElection.java:logAndReturn(89)) - 0eaea5f5-6746-43ea-ac9f-09b1ebc824b6@group-6EF6570EA239-LeaderElection97: ELECTION REJECTED received 0 response(s) and 2 exception(s):
2021-11-06 13:10:09,793 [0eaea5f5-6746-43ea-ac9f-09b1ebc824b6@group-6EF6570EA239-LeaderElection97] INFO  impl.LeaderElection (LogUtils.java:infoOrTrace(137)) -   Exception 0: java.util.concurrent.ExecutionException: org.apache.ratis.thirdparty.io.grpc.StatusRuntimeException: UNAVAILABLE: io exception
2021-11-06 13:10:09,793 [0eaea5f5-6746-43ea-ac9f-09b1ebc824b6@group-6EF6570EA239-LeaderElection97] INFO  impl.LeaderElection (LogUtils.java:infoOrTrace(137)) -   Exception 1: java.util.concurrent.ExecutionException: org.apache.ratis.thirdparty.io.grpc.StatusRuntimeException: UNAVAILABLE: io exception
2021-11-06 13:10:09,793 [0eaea5f5-6746-43ea-ac9f-09b1ebc824b6@group-6EF6570EA239-LeaderElection97] INFO  impl.LeaderElection (LeaderElection.java:askForVotes(308)) - 0eaea5f5-6746-43ea-ac9f-09b1ebc824b6@group-6EF6570EA239-LeaderElection97 ELECTION round 0: result REJECTED
2021-11-06 13:10:09,793 [0eaea5f5-6746-43ea-ac9f-09b1ebc824b6@group-6EF6570EA239-LeaderElection97] INFO  server.RaftServer$Division (RaftServerImpl.java:setRole(290)) - 0eaea5f5-6746-43ea-ac9f-09b1ebc824b6@group-6EF6570EA239: changes role from CANDIDATE to FOLLOWER at term 9 for REJECTED
2021-11-06 13:10:09,793 [0eaea5f5-6746-43ea-ac9f-09b1ebc824b6@group-6EF6570EA239-LeaderElection97] INFO  impl.RoleInfo (RoleInfo.java:shutdownLeaderElection(121)) - 0eaea5f5-6746-43ea-ac9f-09b1ebc824b6: shutdown 0eaea5f5-6746-43ea-ac9f-09b1ebc824b6@group-6EF6570EA239-LeaderElection97
2021-11-06 13:10:09,793 [0eaea5f5-6746-43ea-ac9f-09b1ebc824b6@group-6EF6570EA239-LeaderElection97] INFO  impl.RoleInfo (RoleInfo.java:updateAndGet(130)) - 0eaea5f5-6746-43ea-ac9f-09b1ebc824b6: start 0eaea5f5-6746-43ea-ac9f-09b1ebc824b6@group-6EF6570EA239-FollowerState
2021-11-06 13:10:11,976 [EventQueue-StaleNodeForStaleNodeHandler] INFO  node.StaleNodeHandler (StaleNodeHandler.java:onMessage(58)) - Datanode a8ad8818-625e-4bd0-b4ed-3716b4b5c8f9{ip: 10.1.0.11, host: fv-az151-875.yf2hydr00wburbhx3j5hxtcipe.bx.internal.cloudapp.net, ports: [REPLICATION=34141, RATIS=40631, RATIS_ADMIN=40631, RATIS_SERVER=40631, STANDALONE=36087], networkLocation: /default-rack, certSerialId: null, persistedOpState: IN_SERVICE, persistedOpStateExpiryEpochSec: 0} moved to stale state. Finalizing its pipelines [PipelineID=77e145db-c894-4fb0-a7cd-6dd4405e8e5d, PipelineID=7e863a07-bf1b-4791-a5cf-767134f6b288]
2021-11-06 13:10:11,977 [EventQueue-StaleNodeForStaleNodeHandler] INFO  pipeline.PipelineManagerImpl (PipelineManagerImpl.java:closePipeline(349)) - Pipeline Pipeline[ Id: 77e145db-c894-4fb0-a7cd-6dd4405e8e5d, Nodes: a8ad8818-625e-4bd0-b4ed-3716b4b5c8f9{ip: 10.1.0.11, host: fv-az151-875.yf2hydr00wburbhx3j5hxtcipe.bx.internal.cloudapp.net, ports: [REPLICATION=34141, RATIS=40631, RATIS_ADMIN=40631, RATIS_SERVER=40631, STANDALONE=36087], networkLocation: /default-rack, certSerialId: null, persistedOpState: IN_SERVICE, persistedOpStateExpiryEpochSec: 0}, ReplicationConfig: RATIS/ONE, State:OPEN, leaderId:a8ad8818-625e-4bd0-b4ed-3716b4b5c8f9, CreationTimestamp2021-11-06T13:09:03.601Z[Etc/UTC]] moved to CLOSED state
2021-11-06 13:10:12,147 [ForkJoinPool.commonPool-worker-1] INFO  ozoneimpl.OzoneContainer (OzoneContainer.java:stop(325)) - Attempting to stop container services.
2021-11-06 13:10:12,147 [ForkJoinPool.commonPool-worker-1] INFO  server.RaftServer (RaftServerProxy.java:lambda$close$6(391)) - 0eaea5f5-6746-43ea-ac9f-09b1ebc824b6: close
2021-11-06 13:10:12,148 [ForkJoinPool.commonPool-worker-1] INFO  server.RaftServer$Division (RaftServerImpl.java:lambda$close$4(412)) - 0eaea5f5-6746-43ea-ac9f-09b1ebc824b6@group-39C6EB46317D: shutdown
2021-11-06 13:10:12,148 [ForkJoinPool.commonPool-worker-1] INFO  util.JmxRegister (JmxRegister.java:unregister(73)) - Successfully un-registered JMX Bean with object name Ratis:service=RaftServer,group=group-39C6EB46317D,id=0eaea5f5-6746-43ea-ac9f-09b1ebc824b6
2021-11-06 13:10:12,148 [ForkJoinPool.commonPool-worker-1] INFO  impl.RoleInfo (RoleInfo.java:shutdownLeaderState(91)) - 0eaea5f5-6746-43ea-ac9f-09b1ebc824b6: shutdown 0eaea5f5-6746-43ea-ac9f-09b1ebc824b6@group-39C6EB46317D-LeaderStateImpl
2021-11-06 13:10:12,148 [ForkJoinPool.commonPool-worker-1] INFO  impl.PendingRequests (PendingRequests.java:sendNotLeaderResponses(282)) - 0eaea5f5-6746-43ea-ac9f-09b1ebc824b6@group-39C6EB46317D-PendingRequests: sendNotLeaderResponses
2021-11-06 13:10:12,149 [0eaea5f5-6746-43ea-ac9f-09b1ebc824b6@group-39C6EB46317D-StateMachineUpdater] INFO  ratis.ContainerStateMachine (ContainerStateMachine.java:takeSnapshot(292)) - group-39C6EB46317D: Taking a snapshot at:(t:1, i:0) file /home/runner/work/ozone/ozone/hadoop-ozone/integration-test/target/test-dir/MiniOzoneClusterImpl-57fe1d17-8f30-476a-a64a-953d5983e20c/datanode-6/data/ratis/1be5a8d6-c502-42d3-926f-39c6eb46317d/sm/snapshot.1_0
2021-11-06 13:10:12,150 [ForkJoinPool.commonPool-worker-1] INFO  impl.StateMachineUpdater (StateMachineUpdater.java:stopAndJoin(149)) - 0eaea5f5-6746-43ea-ac9f-09b1ebc824b6@group-39C6EB46317D-StateMachineUpdater: set stopIndex = 0
2021-11-06 13:10:12,150 [0eaea5f5-6746-43ea-ac9f-09b1ebc824b6@group-39C6EB46317D-StateMachineUpdater] INFO  ratis.ContainerStateMachine (ContainerStateMachine.java:takeSnapshot(303)) - group-39C6EB46317D: Finished taking a snapshot at:(t:1, i:0) file:/home/runner/work/ozone/ozone/hadoop-ozone/integration-test/target/test-dir/MiniOzoneClusterImpl-57fe1d17-8f30-476a-a64a-953d5983e20c/datanode-6/data/ratis/1be5a8d6-c502-42d3-926f-39c6eb46317d/sm/snapshot.1_0 took: 1 ms
2021-11-06 13:10:12,151 [0eaea5f5-6746-43ea-ac9f-09b1ebc824b6@group-39C6EB46317D-StateMachineUpdater] INFO  impl.StateMachineUpdater (StateMachineUpdater.java:takeSnapshot(281)) - 0eaea5f5-6746-43ea-ac9f-09b1ebc824b6@group-39C6EB46317D-StateMachineUpdater: Took a snapshot at index 0
2021-11-06 13:10:12,151 [0eaea5f5-6746-43ea-ac9f-09b1ebc824b6@group-39C6EB46317D-StateMachineUpdater] INFO  impl.StateMachineUpdater (StateMachineUpdater.java:lambda$new$0(89)) - 0eaea5f5-6746-43ea-ac9f-09b1ebc824b6@group-39C6EB46317D-StateMachineUpdater: snapshotIndex: updateIncreasingly -1 -> 0
2021-11-06 13:10:12,151 [ForkJoinPool.commonPool-worker-1] INFO  server.RaftServer$Division (ServerState.java:close(419)) - 0eaea5f5-6746-43ea-ac9f-09b1ebc824b6@group-39C6EB46317D: closes. applyIndex: 0
2021-11-06 13:10:12,152 [0eaea5f5-6746-43ea-ac9f-09b1ebc824b6@group-39C6EB46317D-SegmentedRaftLogWorker] INFO  segmented.SegmentedRaftLogWorker (SegmentedRaftLogWorker.java:run(327)) - 0eaea5f5-6746-43ea-ac9f-09b1ebc824b6@group-39C6EB46317D-SegmentedRaftLogWorker was interrupted, exiting. There are 0 tasks remaining in the queue.
2021-11-06 13:10:12,152 [ForkJoinPool.commonPool-worker-1] INFO  segmented.SegmentedRaftLogWorker (SegmentedRaftLogWorker.java:close(237)) - 0eaea5f5-6746-43ea-ac9f-09b1ebc824b6@group-39C6EB46317D-SegmentedRaftLogWorker close()
2021-11-06 13:10:12,153 [ForkJoinPool.commonPool-worker-1] INFO  server.RaftServer$Division (RaftServerImpl.java:lambda$close$4(412)) - 0eaea5f5-6746-43ea-ac9f-09b1ebc824b6@group-6EF6570EA239: shutdown
2021-11-06 13:10:12,154 [ForkJoinPool.commonPool-worker-1] INFO  util.JmxRegister (JmxRegister.java:unregister(73)) - Successfully un-registered JMX Bean with object name Ratis:service=RaftServer,group=group-6EF6570EA239,id=0eaea5f5-6746-43ea-ac9f-09b1ebc824b6
2021-11-06 13:10:12,154 [ForkJoinPool.commonPool-worker-1] INFO  impl.RoleInfo (RoleInfo.java:shutdownFollowerState(108)) - 0eaea5f5-6746-43ea-ac9f-09b1ebc824b6: shutdown 0eaea5f5-6746-43ea-ac9f-09b1ebc824b6@group-6EF6570EA239-FollowerState
2021-11-06 13:10:12,154 [0eaea5f5-6746-43ea-ac9f-09b1ebc824b6@group-6EF6570EA239-FollowerState] INFO  impl.FollowerState (FollowerState.java:run(143)) - 0eaea5f5-6746-43ea-ac9f-09b1ebc824b6@group-6EF6570EA239-FollowerState was interrupted: {}
java.lang.InterruptedException: sleep interrupted
	at java.lang.Thread.sleep(Native Method)
	at java.lang.Thread.sleep(Thread.java:340)
	at java.util.concurrent.TimeUnit.sleep(TimeUnit.java:386)
	at org.apache.ratis.util.TimeDuration.sleep(TimeDuration.java:324)
	at org.apache.ratis.util.TimeDuration.sleep(TimeDuration.java:309)
	at org.apache.ratis.server.impl.FollowerState.run(FollowerState.java:118)
2021-11-06 13:10:12,154 [ForkJoinPool.commonPool-worker-1] INFO  impl.StateMachineUpdater (StateMachineUpdater.java:stopAndJoin(149)) - 0eaea5f5-6746-43ea-ac9f-09b1ebc824b6@group-6EF6570EA239-StateMachineUpdater: set stopIndex = 2
2021-11-06 13:10:12,159 [0eaea5f5-6746-43ea-ac9f-09b1ebc824b6@group-6EF6570EA239-StateMachineUpdater] INFO  ratis.ContainerStateMachine (ContainerStateMachine.java:takeSnapshot(292)) - group-6EF6570EA239: Taking a snapshot at:(t:7, i:2) file /home/runner/work/ozone/ozone/hadoop-ozone/integration-test/target/test-dir/MiniOzoneClusterImpl-57fe1d17-8f30-476a-a64a-953d5983e20c/datanode-6/data/ratis/eab537b7-d333-43c5-8191-6ef6570ea239/sm/snapshot.7_2
2021-11-06 13:10:12,161 [0eaea5f5-6746-43ea-ac9f-09b1ebc824b6@group-6EF6570EA239-StateMachineUpdater] INFO  ratis.ContainerStateMachine (ContainerStateMachine.java:takeSnapshot(303)) - group-6EF6570EA239: Finished taking a snapshot at:(t:7, i:2) file:/home/runner/work/ozone/ozone/hadoop-ozone/integration-test/target/test-dir/MiniOzoneClusterImpl-57fe1d17-8f30-476a-a64a-953d5983e20c/datanode-6/data/ratis/eab537b7-d333-43c5-8191-6ef6570ea239/sm/snapshot.7_2 took: 2 ms
2021-11-06 13:10:12,161 [0eaea5f5-6746-43ea-ac9f-09b1ebc824b6@group-6EF6570EA239-StateMachineUpdater] INFO  impl.StateMachineUpdater (StateMachineUpdater.java:takeSnapshot(281)) - 0eaea5f5-6746-43ea-ac9f-09b1ebc824b6@group-6EF6570EA239-StateMachineUpdater: Took a snapshot at index 2
2021-11-06 13:10:12,161 [0eaea5f5-6746-43ea-ac9f-09b1ebc824b6@group-6EF6570EA239-StateMachineUpdater] INFO  impl.StateMachineUpdater (StateMachineUpdater.java:lambda$new$0(89)) - 0eaea5f5-6746-43ea-ac9f-09b1ebc824b6@group-6EF6570EA239-StateMachineUpdater: snapshotIndex: updateIncreasingly -1 -> 2
2021-11-06 13:10:12,165 [ForkJoinPool.commonPool-worker-1] INFO  server.RaftServer$Division (ServerState.java:close(419)) - 0eaea5f5-6746-43ea-ac9f-09b1ebc824b6@group-6EF6570EA239: closes. applyIndex: 2
2021-11-06 13:10:12,167 [0eaea5f5-6746-43ea-ac9f-09b1ebc824b6@group-6EF6570EA239-SegmentedRaftLogWorker] INFO  segmented.SegmentedRaftLogWorker (SegmentedRaftLogWorker.java:run(327)) - 0eaea5f5-6746-43ea-ac9f-09b1ebc824b6@group-6EF6570EA239-SegmentedRaftLogWorker was interrupted, exiting. There are 0 tasks remaining in the queue.
2021-11-06 13:10:12,168 [ForkJoinPool.commonPool-worker-1] INFO  segmented.SegmentedRaftLogWorker (SegmentedRaftLogWorker.java:close(237)) - 0eaea5f5-6746-43ea-ac9f-09b1ebc824b6@group-6EF6570EA239-SegmentedRaftLogWorker close()
2021-11-06 13:10:12,207 [ForkJoinPool.commonPool-worker-1] INFO  server.GrpcService (GrpcService.java:closeImpl(262)) - 0eaea5f5-6746-43ea-ac9f-09b1ebc824b6: shutdown server with port 39423 now
2021-11-06 13:10:12,211 [ForkJoinPool.commonPool-worker-1] INFO  server.GrpcService (GrpcService.java:closeImpl(271)) - 0eaea5f5-6746-43ea-ac9f-09b1ebc824b6: shutdown server with port 39423 successfully
2021-11-06 13:10:12,215 [org.apache.ratis.util.JvmPauseMonitor$$Lambda$531/117902049@1f4bf65c] INFO  util.JvmPauseMonitor (JvmPauseMonitor.java:run(109)) - JvmPauseMonitor-0eaea5f5-6746-43ea-ac9f-09b1ebc824b6: Stopped
2021-11-06 13:10:12,217 [ForkJoinPool.commonPool-worker-1] INFO  utils.BackgroundService (BackgroundService.java:shutdown(132)) - Shutting down service BlockDeletingService
2021-11-06 13:10:12,276 [EventQueue-StaleNodeForStaleNodeHandler] INFO  node.StaleNodeHandler (StaleNodeHandler.java:onMessage(58)) - Datanode 5750f6fd-62ed-459f-9a73-135ca28be509{ip: 10.1.0.11, host: fv-az151-875.yf2hydr00wburbhx3j5hxtcipe.bx.internal.cloudapp.net, ports: [REPLICATION=33703, RATIS=38801, RATIS_ADMIN=38801, RATIS_SERVER=38801, STANDALONE=37243], networkLocation: /default-rack, certSerialId: null, persistedOpState: IN_SERVICE, persistedOpStateExpiryEpochSec: 0} moved to stale state. Finalizing its pipelines [PipelineID=7e863a07-bf1b-4791-a5cf-767134f6b288, PipelineID=96771191-72f5-4b92-817c-38f38f48c518]
2021-11-06 13:10:12,277 [EventQueue-StaleNodeForStaleNodeHandler] INFO  pipeline.PipelineManagerImpl (PipelineManagerImpl.java:closePipeline(349)) - Pipeline Pipeline[ Id: 96771191-72f5-4b92-817c-38f38f48c518, Nodes: 5750f6fd-62ed-459f-9a73-135ca28be509{ip: 10.1.0.11, host: fv-az151-875.yf2hydr00wburbhx3j5hxtcipe.bx.internal.cloudapp.net, ports: [REPLICATION=33703, RATIS=38801, RATIS_ADMIN=38801, RATIS_SERVER=38801, STANDALONE=37243], networkLocation: /default-rack, certSerialId: null, persistedOpState: IN_SERVICE, persistedOpStateExpiryEpochSec: 0}, ReplicationConfig: RATIS/ONE, State:OPEN, leaderId:5750f6fd-62ed-459f-9a73-135ca28be509, CreationTimestamp2021-11-06T13:09:04.509Z[Etc/UTC]] moved to CLOSED state
2021-11-06 13:10:15,227 [ForkJoinPool.commonPool-worker-1] INFO  statemachine.DatanodeStateMachine (DatanodeStateMachine.java:stopDaemon(526)) - Ozone container server stopped.
2021-11-06 13:10:15,235 [ForkJoinPool.commonPool-worker-1] INFO  handler.ContextHandler (ContextHandler.java:doStop(1153)) - Stopped o.e.j.w.WebAppContext@5addd523{hddsDatanode,/,null,STOPPED}{jar:file:/home/runner/.m2/repository/org/apache/ozone/hdds-container-service/1.2.0-SNAPSHOT/hdds-container-service-1.2.0-SNAPSHOT.jar!/webapps/hddsDatanode}
2021-11-06 13:10:15,239 [ForkJoinPool.commonPool-worker-1] INFO  server.AbstractConnector (AbstractConnector.java:doStop(381)) - Stopped ServerConnector@7feb9b1c{HTTP/1.1, (http/1.1)}{0.0.0.0:0}
2021-11-06 13:10:15,240 [ForkJoinPool.commonPool-worker-1] INFO  server.session (HouseKeeper.java:stopScavenging(149)) - node0 Stopped scavenging
2021-11-06 13:10:15,247 [ForkJoinPool.commonPool-worker-1] INFO  handler.ContextHandler (ContextHandler.java:doStop(1153)) - Stopped o.e.j.s.ServletContextHandler@13d9360f{static,/static,jar:file:/home/runner/.m2/repository/org/apache/ozone/hdds-container-service/1.2.0-SNAPSHOT/hdds-container-service-1.2.0-SNAPSHOT.jar!/webapps/static,STOPPED}
2021-11-06 13:10:15,248 [ForkJoinPool.commonPool-worker-1] INFO  handler.ContextHandler (ContextHandler.java:doStop(1153)) - Stopped o.e.j.s.ServletContextHandler@61dd6f70{logs,/logs,file:///home/runner/work/ozone/ozone/hadoop-ozone/integration-test/target/log,STOPPED}
2021-11-06 13:10:15,259 [Listener at 127.0.0.1/34591] INFO  ozone.MiniOzoneClusterImpl (MiniOzoneClusterImpl.java:stopSCM(542)) - Stopping the StorageContainerManager
2021-11-06 13:10:15,260 [Listener at 127.0.0.1/34591] INFO  server.StorageContainerManager (StorageContainerManager.java:stop(1395)) - Stopping Container Balancer service.
2021-11-06 13:10:15,260 [Listener at 127.0.0.1/34591] INFO  balancer.ContainerBalancer (ContainerBalancer.java:stop(773)) - Container Balancer is not running.
2021-11-06 13:10:15,260 [Listener at 127.0.0.1/34591] INFO  server.StorageContainerManager (StorageContainerManager.java:stop(1402)) - Stopping Replication Manager Service.
2021-11-06 13:10:15,260 [Listener at 127.0.0.1/34591] INFO  container.ReplicationManager (ReplicationManager.java:stop(350)) - Stopping Replication Monitor Thread.
2021-11-06 13:10:15,260 [Listener at 127.0.0.1/34591] INFO  server.StorageContainerManager (StorageContainerManager.java:stop(1409)) - Stopping the Datanode Admin Monitor.
2021-11-06 13:10:15,260 [Listener at 127.0.0.1/34591] INFO  server.StorageContainerManager (StorageContainerManager.java:stop(1416)) - Stopping Lease Manager of the command watchers
2021-11-06 13:10:15,260 [Listener at 127.0.0.1/34591] INFO  server.StorageContainerManager (StorageContainerManager.java:stop(1423)) - Stopping datanode service RPC server
2021-11-06 13:10:15,260 [Listener at 127.0.0.1/34591] INFO  server.SCMDatanodeProtocolServer (SCMDatanodeProtocolServer.java:stop(389)) - Stopping the RPC server for DataNodes
2021-11-06 13:10:15,260 [Listener at 127.0.0.1/34591] INFO  ipc.Server (Server.java:stop(3414)) - Stopping server on 46119
2021-11-06 13:10:15,263 [IPC Server Responder] INFO  ipc.Server (Server.java:run(1512)) - Stopping IPC Server Responder
2021-11-06 13:10:15,273 [IPC Server listener on 0] INFO  ipc.Server (Server.java:run(1376)) - Stopping IPC Server listener on 0
2021-11-06 13:10:15,285 [SCM Heartbeat Processing Thread - 0] WARN  node.NodeStateManager (NodeStateManager.java:scheduleNextHealthCheck(799)) - Current Thread is interrupted, shutting down HB processing thread for Node Manager.
2021-11-06 13:10:15,286 [Listener at 127.0.0.1/34591] INFO  server.StorageContainerManager (StorageContainerManager.java:stop(1431)) - Stopping block service RPC server
2021-11-06 13:10:15,286 [Listener at 127.0.0.1/34591] INFO  server.SCMBlockProtocolServer (SCMBlockProtocolServer.java:stop(160)) - Stopping the RPC server for Block Protocol
2021-11-06 13:10:15,286 [Listener at 127.0.0.1/34591] INFO  ipc.Server (Server.java:stop(3414)) - Stopping server on 38141
2021-11-06 13:10:15,293 [Listener at 127.0.0.1/34591] INFO  server.StorageContainerManager (StorageContainerManager.java:stop(1438)) - Stopping the StorageContainerLocationProtocol RPC server
2021-11-06 13:10:15,293 [Listener at 127.0.0.1/34591] INFO  server.SCMClientProtocolServer (SCMClientProtocolServer.java:stop(173)) - Stopping the RPC server for Client Protocol
2021-11-06 13:10:15,293 [Listener at 127.0.0.1/34591] INFO  ipc.Server (Server.java:stop(3414)) - Stopping server on 43611
2021-11-06 13:10:15,294 [IPC Server Responder] INFO  ipc.Server (Server.java:run(1512)) - Stopping IPC Server Responder
2021-11-06 13:10:15,295 [IPC Server listener on 0] INFO  ipc.Server (Server.java:run(1376)) - Stopping IPC Server listener on 0
2021-11-06 13:10:15,301 [IPC Server Responder] INFO  ipc.Server (Server.java:run(1512)) - Stopping IPC Server Responder
2021-11-06 13:10:15,301 [Listener at 127.0.0.1/34591] INFO  server.StorageContainerManager (StorageContainerManager.java:stop(1445)) - Stopping Storage Container Manager HTTP server.
2021-11-06 13:10:15,301 [Listener at 127.0.0.1/34591] INFO  handler.ContextHandler (ContextHandler.java:doStop(1153)) - Stopped o.e.j.w.WebAppContext@295af370{scm,/,null,STOPPED}{file:/home/runner/work/ozone/ozone/hadoop-ozone/integration-test/target/test-classes/webapps/scm}
2021-11-06 13:10:15,302 [IPC Server listener on 0] INFO  ipc.Server (Server.java:run(1376)) - Stopping IPC Server listener on 0
2021-11-06 13:10:15,302 [Listener at 127.0.0.1/34591] INFO  server.AbstractConnector (AbstractConnector.java:doStop(381)) - Stopped ServerConnector@3d90d1e5{HTTP/1.1, (http/1.1)}{0.0.0.0:0}
2021-11-06 13:10:15,302 [Listener at 127.0.0.1/34591] INFO  server.session (HouseKeeper.java:stopScavenging(149)) - node0 Stopped scavenging
2021-11-06 13:10:15,303 [Listener at 127.0.0.1/34591] INFO  handler.ContextHandler (ContextHandler.java:doStop(1153)) - Stopped o.e.j.s.ServletContextHandler@50405586{static,/static,file:///home/runner/work/ozone/ozone/hadoop-ozone/integration-test/target/test-classes/webapps/static,STOPPED}
2021-11-06 13:10:15,303 [Listener at 127.0.0.1/34591] INFO  handler.ContextHandler (ContextHandler.java:doStop(1153)) - Stopped o.e.j.s.ServletContextHandler@e904cbd{logs,/logs,file:///home/runner/work/ozone/ozone/hadoop-ozone/integration-test/target/log,STOPPED}
2021-11-06 13:10:15,327 [Listener at 127.0.0.1/34591] INFO  server.StorageContainerManager (StorageContainerManager.java:stop(1456)) - Stopping Block Manager Service.
2021-11-06 13:10:15,327 [Listener at 127.0.0.1/34591] INFO  utils.BackgroundService (BackgroundService.java:shutdown(132)) - Shutting down service SCMBlockDeletingService
2021-11-06 13:10:15,331 [Listener at 127.0.0.1/34591] INFO  utils.BackgroundService (BackgroundService.java:shutdown(132)) - Shutting down service SCMBlockDeletingService
2021-11-06 13:10:15,331 [Listener at 127.0.0.1/34591] INFO  server.StorageContainerManager (StorageContainerManager.java:stop(1483)) - Stopping SCM Event Queue.
2021-11-06 13:10:15,339 [Listener at 127.0.0.1/34591] INFO  server.StorageContainerManager (StorageContainerManager.java:stop(1494)) - Stopping SCM HA services.
2021-11-06 13:10:15,339 [Listener at 127.0.0.1/34591] INFO  pipeline.BackgroundPipelineCreator (BackgroundPipelineCreator.java:stop(158)) - Stopping RatisPipelineUtilsThread.
2021-11-06 13:10:15,339 [Listener at 127.0.0.1/34591] INFO  server.StorageContainerManager (StorageContainerManager.java:stop(1504)) - Stopping SCM MetadataStore.
2021-11-06 13:10:15,343 [Listener at 127.0.0.1/34591] INFO  impl.MetricsSystemImpl (MetricsSystemImpl.java:stop(210)) - Stopping HddsDatanode metrics system...
2021-11-06 13:10:15,399 [prometheus] INFO  impl.MetricsSinkAdapter (MetricsSinkAdapter.java:publishMetricsFromQueue(141)) - prometheus thread interrupted.
2021-11-06 13:10:15,400 [Listener at 127.0.0.1/34591] INFO  impl.MetricsSystemImpl (MetricsSystemImpl.java:stop(216)) - HddsDatanode metrics system stopped.
]]></system-out>
  </testcase>
  <testcase name="test2WayCommitForTimeoutException" classname="org.apache.hadoop.ozone.client.rpc.TestWatchForCommit" time="61.861"/>
</testsuite>