<?xml version="1.0" encoding="UTF-8"?>
<testsuite xmlns:xsi="http://www.w3.org/2001/XMLSchema-instance" xsi:noNamespaceSchemaLocation="https://maven.apache.org/surefire/maven-surefire-plugin/xsd/surefire-test-report.xsd" name="org.apache.hadoop.ozone.client.rpc.TestBlockOutputStreamWithFailures" time="732.579" tests="8" errors="1" skipped="0" failures="0">
  <properties>
    <property name="awt.toolkit" value="sun.awt.X11.XToolkit"/>
    <property name="file.encoding.pkg" value="sun.io"/>
    <property name="java.specification.version" value="1.8"/>
    <property name="sun.cpu.isalist" value=""/>
    <property name="sun.jnu.encoding" value="ANSI_X3.4-1968"/>
    <property name="java.class.path" value="/github/workspace/mnt/ozone/hadoop-ozone/integration-test/target/test-classes:/github/workspace/mnt/ozone/hadoop-ozone/integration-test/target/classes:/home/user/.m2/repository/org/apache/hadoop/hadoop-ozone-common/1.1.0-SNAPSHOT/hadoop-ozone-common-1.1.0-SNAPSHOT.jar:/home/user/.m2/repository/org/apache/commons/commons-compress/1.4.1/commons-compress-1.4.1.jar:/home/user/.m2/repository/org/tukaani/xz/1.0/xz-1.0.jar:/home/user/.m2/repository/org/apache/hadoop/hadoop-hdds-common/1.1.0-SNAPSHOT/hadoop-hdds-common-1.1.0-SNAPSHOT.jar:/home/user/.m2/repository/org/apache/hadoop/hadoop-hdds-hadoop-dependency-client/1.1.0-SNAPSHOT/hadoop-hdds-hadoop-dependency-client-1.1.0-SNAPSHOT.jar:/home/user/.m2/repository/info/picocli/picocli/4.4.0/picocli-4.4.0.jar:/home/user/.m2/repository/com/fasterxml/jackson/core/jackson-annotations/2.10.3/jackson-annotations-2.10.3.jar:/home/user/.m2/repository/javax/annotation/javax.annotation-api/1.2/javax.annotation-api-1.2.jar:/home/user/.m2/repository/org/apache/ratis/ratis-server/1.1.0-11689cd-SNAPSHOT/ratis-server-1.1.0-11689cd-SNAPSHOT.jar:/home/user/.m2/repository/org/apache/ratis/ratis-client/1.1.0-11689cd-SNAPSHOT/ratis-client-1.1.0-11689cd-SNAPSHOT.jar:/home/user/.m2/repository/org/apache/ratis/ratis-metrics/1.1.0-11689cd-SNAPSHOT/ratis-metrics-1.1.0-11689cd-SNAPSHOT.jar:/home/user/.m2/repository/org/apache/ratis/ratis-netty/1.1.0-11689cd-SNAPSHOT/ratis-netty-1.1.0-11689cd-SNAPSHOT.jar:/home/user/.m2/repository/org/apache/ratis/ratis-grpc/1.1.0-11689cd-SNAPSHOT/ratis-grpc-1.1.0-11689cd-SNAPSHOT.jar:/home/user/.m2/repository/org/apache/logging/log4j/log4j-api/2.13.3/log4j-api-2.13.3.jar:/home/user/.m2/repository/org/apache/logging/log4j/log4j-core/2.13.3/log4j-core-2.13.3.jar:/home/user/.m2/repository/com/lmax/disruptor/3.4.2/disruptor-3.4.2.jar:/home/user/.m2/repository/org/apache/commons/commons-pool2/2.6.0/commons-pool2-2.6.0.jar:/home/user/.m2/repository/org/bouncycastle/bcpkix-jdk15on/1.60/bcpkix-jdk15on-1.60.jar:/home/user/.m2/repository/commons-validator/commons-validator/1.6/commons-validator-1.6.jar:/home/user/.m2/repository/commons-digester/commons-digester/1.8.1/commons-digester-1.8.1.jar:/home/user/.m2/repository/io/jaegertracing/jaeger-client/1.2.0/jaeger-client-1.2.0.jar:/home/user/.m2/repository/io/jaegertracing/jaeger-thrift/1.2.0/jaeger-thrift-1.2.0.jar:/home/user/.m2/repository/org/apache/thrift/libthrift/0.13.0/libthrift-0.13.0.jar:/home/user/.m2/repository/com/squareup/okhttp3/okhttp/4.2.2/okhttp-4.2.2.jar:/home/user/.m2/repository/com/squareup/okio/okio/2.2.2/okio-2.2.2.jar:/home/user/.m2/repository/org/jetbrains/kotlin/kotlin-stdlib/1.3.50/kotlin-stdlib-1.3.50.jar:/home/user/.m2/repository/org/jetbrains/kotlin/kotlin-stdlib-common/1.3.50/kotlin-stdlib-common-1.3.50.jar:/home/user/.m2/repository/org/jetbrains/annotations/13.0/annotations-13.0.jar:/home/user/.m2/repository/io/jaegertracing/jaeger-core/1.2.0/jaeger-core-1.2.0.jar:/home/user/.m2/repository/io/jaegertracing/jaeger-tracerresolver/1.2.0/jaeger-tracerresolver-1.2.0.jar:/home/user/.m2/repository/io/opentracing/contrib/opentracing-tracerresolver/0.1.8/opentracing-tracerresolver-0.1.8.jar:/home/user/.m2/repository/io/opentracing/opentracing-util/0.33.0/opentracing-util-0.33.0.jar:/home/user/.m2/repository/io/opentracing/opentracing-api/0.33.0/opentracing-api-0.33.0.jar:/home/user/.m2/repository/io/opentracing/opentracing-noop/0.33.0/opentracing-noop-0.33.0.jar:/home/user/.m2/repository/org/apache/hadoop/hadoop-hdds-client/1.1.0-SNAPSHOT/hadoop-hdds-client-1.1.0-SNAPSHOT.jar:/home/user/.m2/repository/org/apache/hadoop/hadoop-ozone-interface-client/1.1.0-SNAPSHOT/hadoop-ozone-interface-client-1.1.0-SNAPSHOT.jar:/home/user/.m2/repository/org/apache/hadoop/hadoop-hdds-test-utils/1.1.0-SNAPSHOT/hadoop-hdds-test-utils-1.1.0-SNAPSHOT.jar:/home/user/.m2/repository/com/google/guava/guava/28.2-jre/guava-28.2-jre.jar:/home/user/.m2/repository/com/google/guava/failureaccess/1.0.1/failureaccess-1.0.1.jar:/home/user/.m2/repository/com/google/guava/listenablefuture/9999.0-empty-to-avoid-conflict-with-guava/listenablefuture-9999.0-empty-to-avoid-conflict-with-guava.jar:/home/user/.m2/repository/com/google/code/findbugs/jsr305/3.0.0/jsr305-3.0.0.jar:/home/user/.m2/repository/org/checkerframework/checker-qual/2.10.0/checker-qual-2.10.0.jar:/home/user/.m2/repository/com/google/errorprone/error_prone_annotations/2.2.0/error_prone_annotations-2.2.0.jar:/home/user/.m2/repository/com/google/j2objc/j2objc-annotations/1.3/j2objc-annotations-1.3.jar:/home/user/.m2/repository/commons-io/commons-io/2.5/commons-io-2.5.jar:/home/user/.m2/repository/commons-logging/commons-logging/1.2/commons-logging-1.2.jar:/home/user/.m2/repository/log4j/log4j/1.2.17/log4j-1.2.17.jar:/home/user/.m2/repository/org/slf4j/slf4j-api/1.7.25/slf4j-api-1.7.25.jar:/home/user/.m2/repository/org/apache/hadoop/hadoop-hdds-server-scm/1.1.0-SNAPSHOT/hadoop-hdds-server-scm-1.1.0-SNAPSHOT.jar:/home/user/.m2/repository/org/apache/hadoop/hadoop-hdds-container-service/1.1.0-SNAPSHOT/hadoop-hdds-container-service-1.1.0-SNAPSHOT.jar:/home/user/.m2/repository/org/apache/hadoop/hadoop-hdds-hadoop-dependency-server/1.1.0-SNAPSHOT/hadoop-hdds-hadoop-dependency-server-1.1.0-SNAPSHOT.jar:/home/user/.m2/repository/org/apache/hadoop/hadoop-hdds-server-framework/1.1.0-SNAPSHOT/hadoop-hdds-server-framework-1.1.0-SNAPSHOT.jar:/home/user/.m2/repository/org/apache/hadoop/hadoop-hdds-interface-server/1.1.0-SNAPSHOT/hadoop-hdds-interface-server-1.1.0-SNAPSHOT.jar:/home/user/.m2/repository/org/apache/hadoop/hadoop-hdds-interface-admin/1.1.0-SNAPSHOT/hadoop-hdds-interface-admin-1.1.0-SNAPSHOT.jar:/home/user/.m2/repository/org/rocksdb/rocksdbjni/6.8.1/rocksdbjni-6.8.1.jar:/home/user/.m2/repository/io/prometheus/simpleclient_dropwizard/0.7.0/simpleclient_dropwizard-0.7.0.jar:/home/user/.m2/repository/io/prometheus/simpleclient/0.7.0/simpleclient-0.7.0.jar:/home/user/.m2/repository/io/prometheus/simpleclient_common/0.7.0/simpleclient_common-0.7.0.jar:/home/user/.m2/repository/com/fasterxml/jackson/datatype/jackson-datatype-jsr310/2.10.3/jackson-datatype-jsr310-2.10.3.jar:/home/user/.m2/repository/io/dropwizard/metrics/metrics-core/3.2.4/metrics-core-3.2.4.jar:/home/user/.m2/repository/org/apache/hadoop/hadoop-hdfs-client/3.2.1/hadoop-hdfs-client-3.2.1.jar:/home/user/.m2/repository/org/bouncycastle/bcprov-jdk15on/1.60/bcprov-jdk15on-1.60.jar:/home/user/.m2/repository/org/apache/hadoop/hadoop-ozone-ozone-manager/1.1.0-SNAPSHOT/hadoop-ozone-ozone-manager-1.1.0-SNAPSHOT.jar:/home/user/.m2/repository/org/apache/hadoop/hadoop-hdds-interface-client/1.1.0-SNAPSHOT/hadoop-hdds-interface-client-1.1.0-SNAPSHOT.jar:/home/user/.m2/repository/org/apache/ratis/ratis-thirdparty-misc/0.6.0-SNAPSHOT/ratis-thirdparty-misc-0.6.0-SNAPSHOT.jar:/home/user/.m2/repository/org/apache/hadoop/hadoop-ozone-interface-storage/1.1.0-SNAPSHOT/hadoop-ozone-interface-storage-1.1.0-SNAPSHOT.jar:/home/user/.m2/repository/org/apache/hadoop/hadoop-minikdc/3.2.1/hadoop-minikdc-3.2.1.jar:/home/user/.m2/repository/org/apache/kerby/kerb-simplekdc/1.0.1/kerb-simplekdc-1.0.1.jar:/home/user/.m2/repository/org/apache/kerby/kerb-client/1.0.1/kerb-client-1.0.1.jar:/home/user/.m2/repository/org/apache/kerby/kerby-config/1.0.1/kerby-config-1.0.1.jar:/home/user/.m2/repository/org/apache/kerby/kerb-core/1.0.1/kerb-core-1.0.1.jar:/home/user/.m2/repository/org/apache/kerby/kerby-pkix/1.0.1/kerby-pkix-1.0.1.jar:/home/user/.m2/repository/org/apache/kerby/kerby-asn1/1.0.1/kerby-asn1-1.0.1.jar:/home/user/.m2/repository/org/apache/kerby/kerby-util/1.0.1/kerby-util-1.0.1.jar:/home/user/.m2/repository/org/apache/kerby/kerb-common/1.0.1/kerb-common-1.0.1.jar:/home/user/.m2/repository/org/apache/kerby/kerb-crypto/1.0.1/kerb-crypto-1.0.1.jar:/home/user/.m2/repository/org/apache/kerby/kerb-util/1.0.1/kerb-util-1.0.1.jar:/home/user/.m2/repository/org/apache/kerby/token-provider/1.0.1/token-provider-1.0.1.jar:/home/user/.m2/repository/org/apache/kerby/kerb-admin/1.0.1/kerb-admin-1.0.1.jar:/home/user/.m2/repository/org/apache/kerby/kerb-server/1.0.1/kerb-server-1.0.1.jar:/home/user/.m2/repository/org/apache/kerby/kerb-identity/1.0.1/kerb-identity-1.0.1.jar:/home/user/.m2/repository/org/apache/kerby/kerby-xdr/1.0.1/kerby-xdr-1.0.1.jar:/home/user/.m2/repository/org/slf4j/slf4j-log4j12/1.7.25/slf4j-log4j12-1.7.25.jar:/home/user/.m2/repository/org/apache/hadoop/hadoop-ozone-s3gateway/1.1.0-SNAPSHOT/hadoop-ozone-s3gateway-1.1.0-SNAPSHOT.jar:/home/user/.m2/repository/org/jboss/weld/servlet/weld-servlet/2.4.7.Final/weld-servlet-2.4.7.Final.jar:/home/user/.m2/repository/org/glassfish/jersey/containers/jersey-container-servlet-core/2.27/jersey-container-servlet-core-2.27.jar:/home/user/.m2/repository/org/glassfish/hk2/external/javax.inject/2.5.0-b42/javax.inject-2.5.0-b42.jar:/home/user/.m2/repository/org/glassfish/jersey/core/jersey-common/2.27/jersey-common-2.27.jar:/home/user/.m2/repository/org/glassfish/hk2/osgi-resource-locator/1.0.1/osgi-resource-locator-1.0.1.jar:/home/user/.m2/repository/javax/ws/rs/javax.ws.rs-api/2.1/javax.ws.rs-api-2.1.jar:/home/user/.m2/repository/org/glassfish/jersey/ext/cdi/jersey-cdi1x/2.27/jersey-cdi1x-2.27.jar:/home/user/.m2/repository/org/glassfish/jersey/inject/jersey-hk2/2.27/jersey-hk2-2.27.jar:/home/user/.m2/repository/org/glassfish/hk2/hk2-locator/2.5.0-b42/hk2-locator-2.5.0-b42.jar:/home/user/.m2/repository/org/javassist/javassist/3.22.0-CR2/javassist-3.22.0-CR2.jar:/home/user/.m2/repository/org/glassfish/hk2/hk2-api/2.5.0/hk2-api-2.5.0.jar:/home/user/.m2/repository/org/glassfish/hk2/external/jakarta.inject/2.5.0/jakarta.inject-2.5.0.jar:/home/user/.m2/repository/org/glassfish/hk2/hk2-utils/2.5.0/hk2-utils-2.5.0.jar:/home/user/.m2/repository/jakarta/annotation/jakarta.annotation-api/1.3.4/jakarta.annotation-api-1.3.4.jar:/home/user/.m2/repository/org/glassfish/hk2/external/aopalliance-repackaged/2.5.0/aopalliance-repackaged-2.5.0.jar:/home/user/.m2/repository/com/fasterxml/jackson/dataformat/jackson-dataformat-xml/2.10.3/jackson-dataformat-xml-2.10.3.jar:/home/user/.m2/repository/com/fasterxml/jackson/core/jackson-core/2.10.3/jackson-core-2.10.3.jar:/home/user/.m2/repository/com/fasterxml/jackson/module/jackson-module-jaxb-annotations/2.10.3/jackson-module-jaxb-annotations-2.10.3.jar:/home/user/.m2/repository/jakarta/xml/bind/jakarta.xml.bind-api/2.3.2/jakarta.xml.bind-api-2.3.2.jar:/home/user/.m2/repository/jakarta/activation/jakarta.activation-api/1.2.1/jakarta.activation-api-1.2.1.jar:/home/user/.m2/repository/org/codehaus/woodstox/stax2-api/3.1.4/stax2-api-3.1.4.jar:/home/user/.m2/repository/com/fasterxml/woodstox/woodstox-core/5.0.3/woodstox-core-5.0.3.jar:/home/user/.m2/repository/javax/enterprise/cdi-api/1.2/cdi-api-1.2.jar:/home/user/.m2/repository/javax/el/javax.el-api/3.0.0/javax.el-api-3.0.0.jar:/home/user/.m2/repository/javax/interceptor/javax.interceptor-api/1.2/javax.interceptor-api-1.2.jar:/home/user/.m2/repository/javax/inject/javax.inject/1/javax.inject-1.jar:/home/user/.m2/repository/com/sun/xml/bind/jaxb-impl/2.3.0.1/jaxb-impl-2.3.0.1.jar:/home/user/.m2/repository/com/sun/xml/bind/jaxb-core/2.3.0.1/jaxb-core-2.3.0.1.jar:/home/user/.m2/repository/javax/xml/bind/jaxb-api/2.3.0/jaxb-api-2.3.0.jar:/home/user/.m2/repository/javax/activation/activation/1.1.1/activation-1.1.1.jar:/home/user/.m2/repository/org/apache/hadoop/hadoop-ozone-csi/1.1.0-SNAPSHOT/hadoop-ozone-csi-1.1.0-SNAPSHOT.jar:/home/user/.m2/repository/com/google/protobuf/protobuf-java-util/3.11.0/protobuf-java-util-3.11.0.jar:/home/user/.m2/repository/com/google/code/gson/gson/2.2.4/gson-2.2.4.jar:/home/user/.m2/repository/org/apache/hadoop/hadoop-hdds-config/1.1.0-SNAPSHOT/hadoop-hdds-config-1.1.0-SNAPSHOT.jar:/home/user/.m2/repository/com/google/protobuf/protobuf-java/2.5.0/protobuf-java-2.5.0.jar:/home/user/.m2/repository/io/grpc/grpc-netty/1.29.0/grpc-netty-1.29.0.jar:/home/user/.m2/repository/io/grpc/grpc-core/1.29.0/grpc-core-1.29.0.jar:/home/user/.m2/repository/com/google/android/annotations/4.1.1.4/annotations-4.1.1.4.jar:/home/user/.m2/repository/io/perfmark/perfmark-api/0.19.0/perfmark-api-0.19.0.jar:/home/user/.m2/repository/io/netty/netty-codec-http2/4.1.48.Final/netty-codec-http2-4.1.48.Final.jar:/home/user/.m2/repository/io/netty/netty-codec/4.1.48.Final/netty-codec-4.1.48.Final.jar:/home/user/.m2/repository/io/netty/netty-handler/4.1.48.Final/netty-handler-4.1.48.Final.jar:/home/user/.m2/repository/io/netty/netty-codec-http/4.1.48.Final/netty-codec-http-4.1.48.Final.jar:/home/user/.m2/repository/io/netty/netty-handler-proxy/4.1.48.Final/netty-handler-proxy-4.1.48.Final.jar:/home/user/.m2/repository/io/netty/netty-codec-socks/4.1.48.Final/netty-codec-socks-4.1.48.Final.jar:/home/user/.m2/repository/io/netty/netty-transport-native-epoll/4.1.48.Final/netty-transport-native-epoll-4.1.48.Final.jar:/home/user/.m2/repository/io/netty/netty-common/4.1.48.Final/netty-common-4.1.48.Final.jar:/home/user/.m2/repository/io/netty/netty-buffer/4.1.48.Final/netty-buffer-4.1.48.Final.jar:/home/user/.m2/repository/io/netty/netty-transport/4.1.48.Final/netty-transport-4.1.48.Final.jar:/home/user/.m2/repository/io/netty/netty-resolver/4.1.48.Final/netty-resolver-4.1.48.Final.jar:/home/user/.m2/repository/io/netty/netty-transport-native-unix-common/4.1.48.Final/netty-transport-native-unix-common-4.1.48.Final.jar:/home/user/.m2/repository/io/grpc/grpc-protobuf/1.29.0/grpc-protobuf-1.29.0.jar:/home/user/.m2/repository/io/grpc/grpc-api/1.29.0/grpc-api-1.29.0.jar:/home/user/.m2/repository/io/grpc/grpc-context/1.29.0/grpc-context-1.29.0.jar:/home/user/.m2/repository/org/codehaus/mojo/animal-sniffer-annotations/1.18/animal-sniffer-annotations-1.18.jar:/home/user/.m2/repository/com/google/api/grpc/proto-google-common-protos/1.17.0/proto-google-common-protos-1.17.0.jar:/home/user/.m2/repository/io/grpc/grpc-protobuf-lite/1.29.0/grpc-protobuf-lite-1.29.0.jar:/home/user/.m2/repository/io/grpc/grpc-stub/1.29.0/grpc-stub-1.29.0.jar:/home/user/.m2/repository/org/apache/hadoop/hadoop-ozone-recon/1.1.0-SNAPSHOT/hadoop-ozone-recon-1.1.0-SNAPSHOT.jar:/home/user/.m2/repository/org/apache/hadoop/hadoop-ozone-reconcodegen/1.1.0-SNAPSHOT/hadoop-ozone-reconcodegen-1.1.0-SNAPSHOT.jar:/home/user/.m2/repository/com/google/inject/extensions/guice-multibindings/4.0/guice-multibindings-4.0.jar:/home/user/.m2/repository/com/google/inject/guice/4.0/guice-4.0.jar:/home/user/.m2/repository/aopalliance/aopalliance/1.0/aopalliance-1.0.jar:/home/user/.m2/repository/com/google/inject/extensions/guice-assistedinject/4.0/guice-assistedinject-4.0.jar:/home/user/.m2/repository/com/google/inject/extensions/guice-servlet/4.0/guice-servlet-4.0.jar:/home/user/.m2/repository/org/glassfish/jersey/containers/jersey-container-servlet/2.27/jersey-container-servlet-2.27.jar:/home/user/.m2/repository/org/glassfish/hk2/guice-bridge/2.5.0/guice-bridge-2.5.0.jar:/home/user/.m2/repository/org/glassfish/jersey/core/jersey-server/2.27/jersey-server-2.27.jar:/home/user/.m2/repository/org/glassfish/jersey/core/jersey-client/2.27/jersey-client-2.27.jar:/home/user/.m2/repository/org/glassfish/jersey/media/jersey-media-jaxb/2.27/jersey-media-jaxb-2.27.jar:/home/user/.m2/repository/javax/validation/validation-api/1.1.0.Final/validation-api-1.1.0.Final.jar:/home/user/.m2/repository/org/glassfish/jersey/media/jersey-media-json-jackson/2.27/jersey-media-json-jackson-2.27.jar:/home/user/.m2/repository/org/glassfish/jersey/ext/jersey-entity-filtering/2.27/jersey-entity-filtering-2.27.jar:/home/user/.m2/repository/org/jooq/jooq/3.11.10/jooq-3.11.10.jar:/home/user/.m2/repository/org/jooq/jooq-meta/3.11.10/jooq-meta-3.11.10.jar:/home/user/.m2/repository/org/jooq/jooq-codegen/3.11.10/jooq-codegen-3.11.10.jar:/home/user/.m2/repository/com/jolbox/bonecp/0.8.0.RELEASE/bonecp-0.8.0.RELEASE.jar:/home/user/.m2/repository/org/apache/derby/derby/10.14.2.0/derby-10.14.2.0.jar:/home/user/.m2/repository/org/xerial/sqlite-jdbc/3.25.2/sqlite-jdbc-3.25.2.jar:/home/user/.m2/repository/org/springframework/spring-jdbc/5.2.5.RELEASE/spring-jdbc-5.2.5.RELEASE.jar:/home/user/.m2/repository/org/springframework/spring-beans/5.2.5.RELEASE/spring-beans-5.2.5.RELEASE.jar:/home/user/.m2/repository/org/springframework/spring-core/5.2.5.RELEASE/spring-core-5.2.5.RELEASE.jar:/home/user/.m2/repository/org/springframework/spring-jcl/5.2.5.RELEASE/spring-jcl-5.2.5.RELEASE.jar:/home/user/.m2/repository/org/springframework/spring-tx/5.2.5.RELEASE/spring-tx-5.2.5.RELEASE.jar:/home/user/.m2/repository/org/apache/hadoop/hadoop-ozone-client/1.1.0-SNAPSHOT/hadoop-ozone-client-1.1.0-SNAPSHOT.jar:/home/user/.m2/repository/org/apache/hadoop/hadoop-ozone-filesystem/1.1.0-SNAPSHOT/hadoop-ozone-filesystem-1.1.0-SNAPSHOT.jar:/home/user/.m2/repository/org/apache/hadoop/hadoop-ozone-filesystem-common/1.1.0-SNAPSHOT/hadoop-ozone-filesystem-common-1.1.0-SNAPSHOT.jar:/home/user/.m2/repository/org/apache/hadoop/hadoop-ozone-tools/1.1.0-SNAPSHOT/hadoop-ozone-tools-1.1.0-SNAPSHOT.jar:/home/user/.m2/repository/org/apache/hadoop/hadoop-hdfs/3.2.1/hadoop-hdfs-3.2.1.jar:/home/user/.m2/repository/org/apache/ratis/ratis-tools/1.1.0-11689cd-SNAPSHOT/ratis-tools-1.1.0-11689cd-SNAPSHOT.jar:/home/user/.m2/repository/org/apache/ratis/ratis-proto/1.1.0-11689cd-SNAPSHOT/ratis-proto-1.1.0-11689cd-SNAPSHOT.jar:/home/user/.m2/repository/org/apache/ratis/ratis-common/1.1.0-11689cd-SNAPSHOT/ratis-common-1.1.0-11689cd-SNAPSHOT.jar:/home/user/.m2/repository/com/amazonaws/aws-java-sdk-core/1.11.615/aws-java-sdk-core-1.11.615.jar:/home/user/.m2/repository/org/apache/httpcomponents/httpclient/4.5.2/httpclient-4.5.2.jar:/home/user/.m2/repository/org/apache/httpcomponents/httpcore/4.4.4/httpcore-4.4.4.jar:/home/user/.m2/repository/software/amazon/ion/ion-java/1.0.2/ion-java-1.0.2.jar:/home/user/.m2/repository/com/fasterxml/jackson/dataformat/jackson-dataformat-cbor/2.10.3/jackson-dataformat-cbor-2.10.3.jar:/home/user/.m2/repository/joda-time/joda-time/2.8.1/joda-time-2.8.1.jar:/home/user/.m2/repository/com/amazonaws/aws-java-sdk-s3/1.11.615/aws-java-sdk-s3-1.11.615.jar:/home/user/.m2/repository/com/amazonaws/aws-java-sdk-kms/1.11.615/aws-java-sdk-kms-1.11.615.jar:/home/user/.m2/repository/com/amazonaws/jmespath-java/1.11.615/jmespath-java-1.11.615.jar:/home/user/.m2/repository/org/kohsuke/metainf-services/metainf-services/1.8/metainf-services-1.8.jar:/home/user/.m2/repository/org/apache/hadoop/hadoop-hdds-tools/1.1.0-SNAPSHOT/hadoop-hdds-tools-1.1.0-SNAPSHOT.jar:/home/user/.m2/repository/commons-cli/commons-cli/1.2/commons-cli-1.2.jar:/home/user/.m2/repository/org/apache/commons/commons-lang3/3.7/commons-lang3-3.7.jar:/home/user/.m2/repository/org/apache/hadoop/hadoop-ozone-ozone-manager/1.1.0-SNAPSHOT/hadoop-ozone-ozone-manager-1.1.0-SNAPSHOT-tests.jar:/home/user/.m2/repository/junit/junit/4.11/junit-4.11.jar:/home/user/.m2/repository/org/hamcrest/hamcrest-core/1.3/hamcrest-core-1.3.jar:/home/user/.m2/repository/org/openjdk/jmh/jmh-core/1.19/jmh-core-1.19.jar:/home/user/.m2/repository/net/sf/jopt-simple/jopt-simple/4.6/jopt-simple-4.6.jar:/home/user/.m2/repository/org/apache/commons/commons-math3/3.1.1/commons-math3-3.1.1.jar:/home/user/.m2/repository/org/openjdk/jmh/jmh-generator-annprocess/1.19/jmh-generator-annprocess-1.19.jar:/home/user/.m2/repository/org/mockito/mockito-all/1.8.5/mockito-all-1.8.5.jar:/home/user/.m2/repository/org/apache/hadoop/hadoop-kms/3.2.1/hadoop-kms-3.2.1.jar:/home/user/.m2/repository/org/apache/hadoop/hadoop-auth/3.2.1/hadoop-auth-3.2.1.jar:/home/user/.m2/repository/com/nimbusds/nimbus-jose-jwt/7.9/nimbus-jose-jwt-7.9.jar:/home/user/.m2/repository/com/github/stephenc/jcip/jcip-annotations/1.0-1/jcip-annotations-1.0-1.jar:/home/user/.m2/repository/net/minidev/json-smart/2.3/json-smart-2.3.jar:/home/user/.m2/repository/net/minidev/accessors-smart/1.2/accessors-smart-1.2.jar:/home/user/.m2/repository/org/ow2/asm/asm/5.0.4/asm-5.0.4.jar:/home/user/.m2/repository/org/apache/zookeeper/zookeeper/3.4.13/zookeeper-3.4.13.jar:/home/user/.m2/repository/org/apache/yetus/audience-annotations/0.5.0/audience-annotations-0.5.0.jar:/home/user/.m2/repository/org/apache/curator/curator-framework/2.13.0/curator-framework-2.13.0.jar:/home/user/.m2/repository/com/sun/jersey/jersey-core/1.19/jersey-core-1.19.jar:/home/user/.m2/repository/javax/ws/rs/jsr311-api/1.1.1/jsr311-api-1.1.1.jar:/home/user/.m2/repository/com/sun/jersey/jersey-server/1.19/jersey-server-1.19.jar:/home/user/.m2/repository/javax/servlet/javax.servlet-api/3.1.0/javax.servlet-api-3.1.0.jar:/home/user/.m2/repository/org/eclipse/jetty/jetty-server/9.4.34.v20201102/jetty-server-9.4.34.v20201102.jar:/home/user/.m2/repository/org/eclipse/jetty/jetty-http/9.4.34.v20201102/jetty-http-9.4.34.v20201102.jar:/home/user/.m2/repository/org/eclipse/jetty/jetty-io/9.4.34.v20201102/jetty-io-9.4.34.v20201102.jar:/home/user/.m2/repository/org/eclipse/jetty/jetty-webapp/9.4.34.v20201102/jetty-webapp-9.4.34.v20201102.jar:/home/user/.m2/repository/org/eclipse/jetty/jetty-xml/9.4.34.v20201102/jetty-xml-9.4.34.v20201102.jar:/home/user/.m2/repository/org/eclipse/jetty/jetty-servlet/9.4.34.v20201102/jetty-servlet-9.4.34.v20201102.jar:/home/user/.m2/repository/org/eclipse/jetty/jetty-security/9.4.34.v20201102/jetty-security-9.4.34.v20201102.jar:/home/user/.m2/repository/org/apache/hadoop/hadoop-common/3.2.1/hadoop-common-3.2.1.jar:/home/user/.m2/repository/commons-net/commons-net/3.6/commons-net-3.6.jar:/home/user/.m2/repository/commons-collections/commons-collections/3.2.2/commons-collections-3.2.2.jar:/home/user/.m2/repository/com/sun/jersey/jersey-servlet/1.19/jersey-servlet-1.19.jar:/home/user/.m2/repository/com/sun/jersey/jersey-json/1.19/jersey-json-1.19.jar:/home/user/.m2/repository/org/codehaus/jettison/jettison/1.1/jettison-1.1.jar:/home/user/.m2/repository/org/codehaus/jackson/jackson-jaxrs/1.9.2/jackson-jaxrs-1.9.2.jar:/home/user/.m2/repository/org/codehaus/jackson/jackson-xc/1.9.2/jackson-xc-1.9.2.jar:/home/user/.m2/repository/commons-beanutils/commons-beanutils/1.9.4/commons-beanutils-1.9.4.jar:/home/user/.m2/repository/org/apache/commons/commons-configuration2/2.1.1/commons-configuration2-2.1.1.jar:/home/user/.m2/repository/org/apache/commons/commons-text/1.4/commons-text-1.4.jar:/home/user/.m2/repository/com/google/re2j/re2j/1.1/re2j-1.1.jar:/home/user/.m2/repository/com/jcraft/jsch/0.1.54/jsch-0.1.54.jar:/home/user/.m2/repository/org/apache/curator/curator-client/2.13.0/curator-client-2.13.0.jar:/home/user/.m2/repository/org/apache/curator/curator-recipes/2.13.0/curator-recipes-2.13.0.jar:/home/user/.m2/repository/dnsjava/dnsjava/2.1.7/dnsjava-2.1.7.jar:/home/user/.m2/repository/org/slf4j/jul-to-slf4j/1.7.25/jul-to-slf4j-1.7.25.jar:/home/user/.m2/repository/org/eclipse/jetty/jetty-util/9.4.34.v20201102/jetty-util-9.4.34.v20201102.jar:/home/user/.m2/repository/com/fasterxml/jackson/core/jackson-databind/2.10.3/jackson-databind-2.10.3.jar:/home/user/.m2/repository/org/apache/hadoop/hadoop-kms/3.2.1/hadoop-kms-3.2.1-tests.jar:/home/user/.m2/repository/org/apache/hadoop/hadoop-hdds-server-scm/1.1.0-SNAPSHOT/hadoop-hdds-server-scm-1.1.0-SNAPSHOT-tests.jar:/home/user/.m2/repository/org/apache/hadoop/hadoop-hdds-container-service/1.1.0-SNAPSHOT/hadoop-hdds-container-service-1.1.0-SNAPSHOT-tests.jar:/home/user/.m2/repository/org/apache/hadoop/hadoop-hdds-common/1.1.0-SNAPSHOT/hadoop-hdds-common-1.1.0-SNAPSHOT-tests.jar:/home/user/.m2/repository/org/yaml/snakeyaml/1.16/snakeyaml-1.16.jar:/home/user/.m2/repository/org/apache/hadoop/hadoop-hdds-hadoop-dependency-test/1.1.0-SNAPSHOT/hadoop-hdds-hadoop-dependency-test-1.1.0-SNAPSHOT.jar:/home/user/.m2/repository/org/apache/hadoop/hadoop-common/3.2.1/hadoop-common-3.2.1-tests.jar:/home/user/.m2/repository/javax/servlet/jsp/jsp-api/2.1/jsp-api-2.1.jar:/home/user/.m2/repository/org/apache/hadoop/hadoop-hdfs/3.2.1/hadoop-hdfs-3.2.1-tests.jar:/home/user/.m2/repository/org/eclipse/jetty/jetty-util-ajax/9.4.34.v20201102/jetty-util-ajax-9.4.34.v20201102.jar:/home/user/.m2/repository/commons-codec/commons-codec/1.11/commons-codec-1.11.jar:/home/user/.m2/repository/commons-daemon/commons-daemon/1.0.13/commons-daemon-1.0.13.jar:/home/user/.m2/repository/io/netty/netty/3.10.5.Final/netty-3.10.5.Final.jar:/home/user/.m2/repository/io/netty/netty-all/4.1.48.Final/netty-all-4.1.48.Final.jar:/home/user/.m2/repository/org/apache/htrace/htrace-core4/4.1.0-incubating/htrace-core4-4.1.0-incubating.jar:/home/user/.m2/repository/org/fusesource/leveldbjni/leveldbjni-all/1.8/leveldbjni-all-1.8.jar:/home/user/.m2/repository/org/apache/hadoop/hadoop-distcp/3.2.1/hadoop-distcp-3.2.1.jar:/home/user/.m2/repository/org/apache/hadoop/hadoop-mapreduce-client-jobclient/3.2.1/hadoop-mapreduce-client-jobclient-3.2.1.jar:/home/user/.m2/repository/org/apache/hadoop/hadoop-mapreduce-client-common/3.2.1/hadoop-mapreduce-client-common-3.2.1.jar:/home/user/.m2/repository/org/apache/hadoop/hadoop-yarn-common/3.2.1/hadoop-yarn-common-3.2.1.jar:/home/user/.m2/repository/org/apache/hadoop/hadoop-yarn-api/3.2.1/hadoop-yarn-api-3.2.1.jar:/home/user/.m2/repository/com/sun/jersey/jersey-client/1.19/jersey-client-1.19.jar:/home/user/.m2/repository/com/sun/jersey/contribs/jersey-guice/1.19/jersey-guice-1.19.jar:/home/user/.m2/repository/com/fasterxml/jackson/jaxrs/jackson-jaxrs-json-provider/2.10.3/jackson-jaxrs-json-provider-2.10.3.jar:/home/user/.m2/repository/com/fasterxml/jackson/jaxrs/jackson-jaxrs-base/2.10.3/jackson-jaxrs-base-2.10.3.jar:/home/user/.m2/repository/org/apache/hadoop/hadoop-yarn-client/3.2.1/hadoop-yarn-client-3.2.1.jar:/home/user/.m2/repository/org/apache/hadoop/hadoop-mapreduce-client-core/3.2.1/hadoop-mapreduce-client-core-3.2.1.jar:/home/user/.m2/repository/org/apache/avro/avro/1.7.7/avro-1.7.7.jar:/home/user/.m2/repository/org/codehaus/jackson/jackson-core-asl/1.9.13/jackson-core-asl-1.9.13.jar:/home/user/.m2/repository/org/codehaus/jackson/jackson-mapper-asl/1.9.13/jackson-mapper-asl-1.9.13.jar:/home/user/.m2/repository/com/thoughtworks/paranamer/paranamer/2.3/paranamer-2.3.jar:/home/user/.m2/repository/org/xerial/snappy/snappy-java/1.0.5/snappy-java-1.0.5.jar:/home/user/.m2/repository/org/apache/hadoop/hadoop-annotations/3.2.1/hadoop-annotations-3.2.1.jar:/usr/lib/jvm/java-1.8.0-openjdk-1.8.0.232.b09-0.el7_7.x86_64/jre/../lib/tools.jar:/home/user/.m2/repository/org/apache/hadoop/hadoop-distcp/3.2.1/hadoop-distcp-3.2.1-tests.jar:"/>
    <property name="java.vm.vendor" value="Oracle Corporation"/>
    <property name="sun.arch.data.model" value="64"/>
    <property name="test.build.dir" value="/github/workspace/mnt/ozone/hadoop-ozone/integration-test/target/test-dir"/>
    <property name="test.cache.data" value=""/>
    <property name="java.vendor.url" value="http://java.oracle.com/"/>
    <property name="user.timezone" value=""/>
    <property name="java.vm.specification.version" value="1.8"/>
    <property name="os.name" value="Linux"/>
    <property name="test.build.data" value="/github/workspace/mnt/ozone/hadoop-ozone/integration-test/target/test-dir"/>
    <property name="user.country" value="US"/>
    <property name="sun.java.launcher" value="SUN_STANDARD"/>
    <property name="sun.boot.library.path" value="/usr/lib/jvm/java-1.8.0-openjdk-1.8.0.232.b09-0.el7_7.x86_64/jre/lib/amd64"/>
    <property name="sun.java.command" value="/github/workspace/mnt/ozone/hadoop-ozone/integration-test/target/surefire/surefirebooter3588894402196748836.jar /github/workspace/mnt/ozone/hadoop-ozone/integration-test/target/surefire 2020-11-16T17-25-05_533-jvmRun1 surefire5693127993938013298tmp surefire_1554242674869781248tmp"/>
    <property name="surefire.test.class.path" value="/github/workspace/mnt/ozone/hadoop-ozone/integration-test/target/test-classes:/github/workspace/mnt/ozone/hadoop-ozone/integration-test/target/classes:/home/user/.m2/repository/org/apache/hadoop/hadoop-ozone-common/1.1.0-SNAPSHOT/hadoop-ozone-common-1.1.0-SNAPSHOT.jar:/home/user/.m2/repository/org/apache/commons/commons-compress/1.4.1/commons-compress-1.4.1.jar:/home/user/.m2/repository/org/tukaani/xz/1.0/xz-1.0.jar:/home/user/.m2/repository/org/apache/hadoop/hadoop-hdds-common/1.1.0-SNAPSHOT/hadoop-hdds-common-1.1.0-SNAPSHOT.jar:/home/user/.m2/repository/org/apache/hadoop/hadoop-hdds-hadoop-dependency-client/1.1.0-SNAPSHOT/hadoop-hdds-hadoop-dependency-client-1.1.0-SNAPSHOT.jar:/home/user/.m2/repository/info/picocli/picocli/4.4.0/picocli-4.4.0.jar:/home/user/.m2/repository/com/fasterxml/jackson/core/jackson-annotations/2.10.3/jackson-annotations-2.10.3.jar:/home/user/.m2/repository/javax/annotation/javax.annotation-api/1.2/javax.annotation-api-1.2.jar:/home/user/.m2/repository/org/apache/ratis/ratis-server/1.1.0-11689cd-SNAPSHOT/ratis-server-1.1.0-11689cd-SNAPSHOT.jar:/home/user/.m2/repository/org/apache/ratis/ratis-client/1.1.0-11689cd-SNAPSHOT/ratis-client-1.1.0-11689cd-SNAPSHOT.jar:/home/user/.m2/repository/org/apache/ratis/ratis-metrics/1.1.0-11689cd-SNAPSHOT/ratis-metrics-1.1.0-11689cd-SNAPSHOT.jar:/home/user/.m2/repository/org/apache/ratis/ratis-netty/1.1.0-11689cd-SNAPSHOT/ratis-netty-1.1.0-11689cd-SNAPSHOT.jar:/home/user/.m2/repository/org/apache/ratis/ratis-grpc/1.1.0-11689cd-SNAPSHOT/ratis-grpc-1.1.0-11689cd-SNAPSHOT.jar:/home/user/.m2/repository/org/apache/logging/log4j/log4j-api/2.13.3/log4j-api-2.13.3.jar:/home/user/.m2/repository/org/apache/logging/log4j/log4j-core/2.13.3/log4j-core-2.13.3.jar:/home/user/.m2/repository/com/lmax/disruptor/3.4.2/disruptor-3.4.2.jar:/home/user/.m2/repository/org/apache/commons/commons-pool2/2.6.0/commons-pool2-2.6.0.jar:/home/user/.m2/repository/org/bouncycastle/bcpkix-jdk15on/1.60/bcpkix-jdk15on-1.60.jar:/home/user/.m2/repository/commons-validator/commons-validator/1.6/commons-validator-1.6.jar:/home/user/.m2/repository/commons-digester/commons-digester/1.8.1/commons-digester-1.8.1.jar:/home/user/.m2/repository/io/jaegertracing/jaeger-client/1.2.0/jaeger-client-1.2.0.jar:/home/user/.m2/repository/io/jaegertracing/jaeger-thrift/1.2.0/jaeger-thrift-1.2.0.jar:/home/user/.m2/repository/org/apache/thrift/libthrift/0.13.0/libthrift-0.13.0.jar:/home/user/.m2/repository/com/squareup/okhttp3/okhttp/4.2.2/okhttp-4.2.2.jar:/home/user/.m2/repository/com/squareup/okio/okio/2.2.2/okio-2.2.2.jar:/home/user/.m2/repository/org/jetbrains/kotlin/kotlin-stdlib/1.3.50/kotlin-stdlib-1.3.50.jar:/home/user/.m2/repository/org/jetbrains/kotlin/kotlin-stdlib-common/1.3.50/kotlin-stdlib-common-1.3.50.jar:/home/user/.m2/repository/org/jetbrains/annotations/13.0/annotations-13.0.jar:/home/user/.m2/repository/io/jaegertracing/jaeger-core/1.2.0/jaeger-core-1.2.0.jar:/home/user/.m2/repository/io/jaegertracing/jaeger-tracerresolver/1.2.0/jaeger-tracerresolver-1.2.0.jar:/home/user/.m2/repository/io/opentracing/contrib/opentracing-tracerresolver/0.1.8/opentracing-tracerresolver-0.1.8.jar:/home/user/.m2/repository/io/opentracing/opentracing-util/0.33.0/opentracing-util-0.33.0.jar:/home/user/.m2/repository/io/opentracing/opentracing-api/0.33.0/opentracing-api-0.33.0.jar:/home/user/.m2/repository/io/opentracing/opentracing-noop/0.33.0/opentracing-noop-0.33.0.jar:/home/user/.m2/repository/org/apache/hadoop/hadoop-hdds-client/1.1.0-SNAPSHOT/hadoop-hdds-client-1.1.0-SNAPSHOT.jar:/home/user/.m2/repository/org/apache/hadoop/hadoop-ozone-interface-client/1.1.0-SNAPSHOT/hadoop-ozone-interface-client-1.1.0-SNAPSHOT.jar:/home/user/.m2/repository/org/apache/hadoop/hadoop-hdds-test-utils/1.1.0-SNAPSHOT/hadoop-hdds-test-utils-1.1.0-SNAPSHOT.jar:/home/user/.m2/repository/com/google/guava/guava/28.2-jre/guava-28.2-jre.jar:/home/user/.m2/repository/com/google/guava/failureaccess/1.0.1/failureaccess-1.0.1.jar:/home/user/.m2/repository/com/google/guava/listenablefuture/9999.0-empty-to-avoid-conflict-with-guava/listenablefuture-9999.0-empty-to-avoid-conflict-with-guava.jar:/home/user/.m2/repository/com/google/code/findbugs/jsr305/3.0.0/jsr305-3.0.0.jar:/home/user/.m2/repository/org/checkerframework/checker-qual/2.10.0/checker-qual-2.10.0.jar:/home/user/.m2/repository/com/google/errorprone/error_prone_annotations/2.2.0/error_prone_annotations-2.2.0.jar:/home/user/.m2/repository/com/google/j2objc/j2objc-annotations/1.3/j2objc-annotations-1.3.jar:/home/user/.m2/repository/commons-io/commons-io/2.5/commons-io-2.5.jar:/home/user/.m2/repository/commons-logging/commons-logging/1.2/commons-logging-1.2.jar:/home/user/.m2/repository/log4j/log4j/1.2.17/log4j-1.2.17.jar:/home/user/.m2/repository/org/slf4j/slf4j-api/1.7.25/slf4j-api-1.7.25.jar:/home/user/.m2/repository/org/apache/hadoop/hadoop-hdds-server-scm/1.1.0-SNAPSHOT/hadoop-hdds-server-scm-1.1.0-SNAPSHOT.jar:/home/user/.m2/repository/org/apache/hadoop/hadoop-hdds-container-service/1.1.0-SNAPSHOT/hadoop-hdds-container-service-1.1.0-SNAPSHOT.jar:/home/user/.m2/repository/org/apache/hadoop/hadoop-hdds-hadoop-dependency-server/1.1.0-SNAPSHOT/hadoop-hdds-hadoop-dependency-server-1.1.0-SNAPSHOT.jar:/home/user/.m2/repository/org/apache/hadoop/hadoop-hdds-server-framework/1.1.0-SNAPSHOT/hadoop-hdds-server-framework-1.1.0-SNAPSHOT.jar:/home/user/.m2/repository/org/apache/hadoop/hadoop-hdds-interface-server/1.1.0-SNAPSHOT/hadoop-hdds-interface-server-1.1.0-SNAPSHOT.jar:/home/user/.m2/repository/org/apache/hadoop/hadoop-hdds-interface-admin/1.1.0-SNAPSHOT/hadoop-hdds-interface-admin-1.1.0-SNAPSHOT.jar:/home/user/.m2/repository/org/rocksdb/rocksdbjni/6.8.1/rocksdbjni-6.8.1.jar:/home/user/.m2/repository/io/prometheus/simpleclient_dropwizard/0.7.0/simpleclient_dropwizard-0.7.0.jar:/home/user/.m2/repository/io/prometheus/simpleclient/0.7.0/simpleclient-0.7.0.jar:/home/user/.m2/repository/io/prometheus/simpleclient_common/0.7.0/simpleclient_common-0.7.0.jar:/home/user/.m2/repository/com/fasterxml/jackson/datatype/jackson-datatype-jsr310/2.10.3/jackson-datatype-jsr310-2.10.3.jar:/home/user/.m2/repository/io/dropwizard/metrics/metrics-core/3.2.4/metrics-core-3.2.4.jar:/home/user/.m2/repository/org/apache/hadoop/hadoop-hdfs-client/3.2.1/hadoop-hdfs-client-3.2.1.jar:/home/user/.m2/repository/org/bouncycastle/bcprov-jdk15on/1.60/bcprov-jdk15on-1.60.jar:/home/user/.m2/repository/org/apache/hadoop/hadoop-ozone-ozone-manager/1.1.0-SNAPSHOT/hadoop-ozone-ozone-manager-1.1.0-SNAPSHOT.jar:/home/user/.m2/repository/org/apache/hadoop/hadoop-hdds-interface-client/1.1.0-SNAPSHOT/hadoop-hdds-interface-client-1.1.0-SNAPSHOT.jar:/home/user/.m2/repository/org/apache/ratis/ratis-thirdparty-misc/0.6.0-SNAPSHOT/ratis-thirdparty-misc-0.6.0-SNAPSHOT.jar:/home/user/.m2/repository/org/apache/hadoop/hadoop-ozone-interface-storage/1.1.0-SNAPSHOT/hadoop-ozone-interface-storage-1.1.0-SNAPSHOT.jar:/home/user/.m2/repository/org/apache/hadoop/hadoop-minikdc/3.2.1/hadoop-minikdc-3.2.1.jar:/home/user/.m2/repository/org/apache/kerby/kerb-simplekdc/1.0.1/kerb-simplekdc-1.0.1.jar:/home/user/.m2/repository/org/apache/kerby/kerb-client/1.0.1/kerb-client-1.0.1.jar:/home/user/.m2/repository/org/apache/kerby/kerby-config/1.0.1/kerby-config-1.0.1.jar:/home/user/.m2/repository/org/apache/kerby/kerb-core/1.0.1/kerb-core-1.0.1.jar:/home/user/.m2/repository/org/apache/kerby/kerby-pkix/1.0.1/kerby-pkix-1.0.1.jar:/home/user/.m2/repository/org/apache/kerby/kerby-asn1/1.0.1/kerby-asn1-1.0.1.jar:/home/user/.m2/repository/org/apache/kerby/kerby-util/1.0.1/kerby-util-1.0.1.jar:/home/user/.m2/repository/org/apache/kerby/kerb-common/1.0.1/kerb-common-1.0.1.jar:/home/user/.m2/repository/org/apache/kerby/kerb-crypto/1.0.1/kerb-crypto-1.0.1.jar:/home/user/.m2/repository/org/apache/kerby/kerb-util/1.0.1/kerb-util-1.0.1.jar:/home/user/.m2/repository/org/apache/kerby/token-provider/1.0.1/token-provider-1.0.1.jar:/home/user/.m2/repository/org/apache/kerby/kerb-admin/1.0.1/kerb-admin-1.0.1.jar:/home/user/.m2/repository/org/apache/kerby/kerb-server/1.0.1/kerb-server-1.0.1.jar:/home/user/.m2/repository/org/apache/kerby/kerb-identity/1.0.1/kerb-identity-1.0.1.jar:/home/user/.m2/repository/org/apache/kerby/kerby-xdr/1.0.1/kerby-xdr-1.0.1.jar:/home/user/.m2/repository/org/slf4j/slf4j-log4j12/1.7.25/slf4j-log4j12-1.7.25.jar:/home/user/.m2/repository/org/apache/hadoop/hadoop-ozone-s3gateway/1.1.0-SNAPSHOT/hadoop-ozone-s3gateway-1.1.0-SNAPSHOT.jar:/home/user/.m2/repository/org/jboss/weld/servlet/weld-servlet/2.4.7.Final/weld-servlet-2.4.7.Final.jar:/home/user/.m2/repository/org/glassfish/jersey/containers/jersey-container-servlet-core/2.27/jersey-container-servlet-core-2.27.jar:/home/user/.m2/repository/org/glassfish/hk2/external/javax.inject/2.5.0-b42/javax.inject-2.5.0-b42.jar:/home/user/.m2/repository/org/glassfish/jersey/core/jersey-common/2.27/jersey-common-2.27.jar:/home/user/.m2/repository/org/glassfish/hk2/osgi-resource-locator/1.0.1/osgi-resource-locator-1.0.1.jar:/home/user/.m2/repository/javax/ws/rs/javax.ws.rs-api/2.1/javax.ws.rs-api-2.1.jar:/home/user/.m2/repository/org/glassfish/jersey/ext/cdi/jersey-cdi1x/2.27/jersey-cdi1x-2.27.jar:/home/user/.m2/repository/org/glassfish/jersey/inject/jersey-hk2/2.27/jersey-hk2-2.27.jar:/home/user/.m2/repository/org/glassfish/hk2/hk2-locator/2.5.0-b42/hk2-locator-2.5.0-b42.jar:/home/user/.m2/repository/org/javassist/javassist/3.22.0-CR2/javassist-3.22.0-CR2.jar:/home/user/.m2/repository/org/glassfish/hk2/hk2-api/2.5.0/hk2-api-2.5.0.jar:/home/user/.m2/repository/org/glassfish/hk2/external/jakarta.inject/2.5.0/jakarta.inject-2.5.0.jar:/home/user/.m2/repository/org/glassfish/hk2/hk2-utils/2.5.0/hk2-utils-2.5.0.jar:/home/user/.m2/repository/jakarta/annotation/jakarta.annotation-api/1.3.4/jakarta.annotation-api-1.3.4.jar:/home/user/.m2/repository/org/glassfish/hk2/external/aopalliance-repackaged/2.5.0/aopalliance-repackaged-2.5.0.jar:/home/user/.m2/repository/com/fasterxml/jackson/dataformat/jackson-dataformat-xml/2.10.3/jackson-dataformat-xml-2.10.3.jar:/home/user/.m2/repository/com/fasterxml/jackson/core/jackson-core/2.10.3/jackson-core-2.10.3.jar:/home/user/.m2/repository/com/fasterxml/jackson/module/jackson-module-jaxb-annotations/2.10.3/jackson-module-jaxb-annotations-2.10.3.jar:/home/user/.m2/repository/jakarta/xml/bind/jakarta.xml.bind-api/2.3.2/jakarta.xml.bind-api-2.3.2.jar:/home/user/.m2/repository/jakarta/activation/jakarta.activation-api/1.2.1/jakarta.activation-api-1.2.1.jar:/home/user/.m2/repository/org/codehaus/woodstox/stax2-api/3.1.4/stax2-api-3.1.4.jar:/home/user/.m2/repository/com/fasterxml/woodstox/woodstox-core/5.0.3/woodstox-core-5.0.3.jar:/home/user/.m2/repository/javax/enterprise/cdi-api/1.2/cdi-api-1.2.jar:/home/user/.m2/repository/javax/el/javax.el-api/3.0.0/javax.el-api-3.0.0.jar:/home/user/.m2/repository/javax/interceptor/javax.interceptor-api/1.2/javax.interceptor-api-1.2.jar:/home/user/.m2/repository/javax/inject/javax.inject/1/javax.inject-1.jar:/home/user/.m2/repository/com/sun/xml/bind/jaxb-impl/2.3.0.1/jaxb-impl-2.3.0.1.jar:/home/user/.m2/repository/com/sun/xml/bind/jaxb-core/2.3.0.1/jaxb-core-2.3.0.1.jar:/home/user/.m2/repository/javax/xml/bind/jaxb-api/2.3.0/jaxb-api-2.3.0.jar:/home/user/.m2/repository/javax/activation/activation/1.1.1/activation-1.1.1.jar:/home/user/.m2/repository/org/apache/hadoop/hadoop-ozone-csi/1.1.0-SNAPSHOT/hadoop-ozone-csi-1.1.0-SNAPSHOT.jar:/home/user/.m2/repository/com/google/protobuf/protobuf-java-util/3.11.0/protobuf-java-util-3.11.0.jar:/home/user/.m2/repository/com/google/code/gson/gson/2.2.4/gson-2.2.4.jar:/home/user/.m2/repository/org/apache/hadoop/hadoop-hdds-config/1.1.0-SNAPSHOT/hadoop-hdds-config-1.1.0-SNAPSHOT.jar:/home/user/.m2/repository/com/google/protobuf/protobuf-java/2.5.0/protobuf-java-2.5.0.jar:/home/user/.m2/repository/io/grpc/grpc-netty/1.29.0/grpc-netty-1.29.0.jar:/home/user/.m2/repository/io/grpc/grpc-core/1.29.0/grpc-core-1.29.0.jar:/home/user/.m2/repository/com/google/android/annotations/4.1.1.4/annotations-4.1.1.4.jar:/home/user/.m2/repository/io/perfmark/perfmark-api/0.19.0/perfmark-api-0.19.0.jar:/home/user/.m2/repository/io/netty/netty-codec-http2/4.1.48.Final/netty-codec-http2-4.1.48.Final.jar:/home/user/.m2/repository/io/netty/netty-codec/4.1.48.Final/netty-codec-4.1.48.Final.jar:/home/user/.m2/repository/io/netty/netty-handler/4.1.48.Final/netty-handler-4.1.48.Final.jar:/home/user/.m2/repository/io/netty/netty-codec-http/4.1.48.Final/netty-codec-http-4.1.48.Final.jar:/home/user/.m2/repository/io/netty/netty-handler-proxy/4.1.48.Final/netty-handler-proxy-4.1.48.Final.jar:/home/user/.m2/repository/io/netty/netty-codec-socks/4.1.48.Final/netty-codec-socks-4.1.48.Final.jar:/home/user/.m2/repository/io/netty/netty-transport-native-epoll/4.1.48.Final/netty-transport-native-epoll-4.1.48.Final.jar:/home/user/.m2/repository/io/netty/netty-common/4.1.48.Final/netty-common-4.1.48.Final.jar:/home/user/.m2/repository/io/netty/netty-buffer/4.1.48.Final/netty-buffer-4.1.48.Final.jar:/home/user/.m2/repository/io/netty/netty-transport/4.1.48.Final/netty-transport-4.1.48.Final.jar:/home/user/.m2/repository/io/netty/netty-resolver/4.1.48.Final/netty-resolver-4.1.48.Final.jar:/home/user/.m2/repository/io/netty/netty-transport-native-unix-common/4.1.48.Final/netty-transport-native-unix-common-4.1.48.Final.jar:/home/user/.m2/repository/io/grpc/grpc-protobuf/1.29.0/grpc-protobuf-1.29.0.jar:/home/user/.m2/repository/io/grpc/grpc-api/1.29.0/grpc-api-1.29.0.jar:/home/user/.m2/repository/io/grpc/grpc-context/1.29.0/grpc-context-1.29.0.jar:/home/user/.m2/repository/org/codehaus/mojo/animal-sniffer-annotations/1.18/animal-sniffer-annotations-1.18.jar:/home/user/.m2/repository/com/google/api/grpc/proto-google-common-protos/1.17.0/proto-google-common-protos-1.17.0.jar:/home/user/.m2/repository/io/grpc/grpc-protobuf-lite/1.29.0/grpc-protobuf-lite-1.29.0.jar:/home/user/.m2/repository/io/grpc/grpc-stub/1.29.0/grpc-stub-1.29.0.jar:/home/user/.m2/repository/org/apache/hadoop/hadoop-ozone-recon/1.1.0-SNAPSHOT/hadoop-ozone-recon-1.1.0-SNAPSHOT.jar:/home/user/.m2/repository/org/apache/hadoop/hadoop-ozone-reconcodegen/1.1.0-SNAPSHOT/hadoop-ozone-reconcodegen-1.1.0-SNAPSHOT.jar:/home/user/.m2/repository/com/google/inject/extensions/guice-multibindings/4.0/guice-multibindings-4.0.jar:/home/user/.m2/repository/com/google/inject/guice/4.0/guice-4.0.jar:/home/user/.m2/repository/aopalliance/aopalliance/1.0/aopalliance-1.0.jar:/home/user/.m2/repository/com/google/inject/extensions/guice-assistedinject/4.0/guice-assistedinject-4.0.jar:/home/user/.m2/repository/com/google/inject/extensions/guice-servlet/4.0/guice-servlet-4.0.jar:/home/user/.m2/repository/org/glassfish/jersey/containers/jersey-container-servlet/2.27/jersey-container-servlet-2.27.jar:/home/user/.m2/repository/org/glassfish/hk2/guice-bridge/2.5.0/guice-bridge-2.5.0.jar:/home/user/.m2/repository/org/glassfish/jersey/core/jersey-server/2.27/jersey-server-2.27.jar:/home/user/.m2/repository/org/glassfish/jersey/core/jersey-client/2.27/jersey-client-2.27.jar:/home/user/.m2/repository/org/glassfish/jersey/media/jersey-media-jaxb/2.27/jersey-media-jaxb-2.27.jar:/home/user/.m2/repository/javax/validation/validation-api/1.1.0.Final/validation-api-1.1.0.Final.jar:/home/user/.m2/repository/org/glassfish/jersey/media/jersey-media-json-jackson/2.27/jersey-media-json-jackson-2.27.jar:/home/user/.m2/repository/org/glassfish/jersey/ext/jersey-entity-filtering/2.27/jersey-entity-filtering-2.27.jar:/home/user/.m2/repository/org/jooq/jooq/3.11.10/jooq-3.11.10.jar:/home/user/.m2/repository/org/jooq/jooq-meta/3.11.10/jooq-meta-3.11.10.jar:/home/user/.m2/repository/org/jooq/jooq-codegen/3.11.10/jooq-codegen-3.11.10.jar:/home/user/.m2/repository/com/jolbox/bonecp/0.8.0.RELEASE/bonecp-0.8.0.RELEASE.jar:/home/user/.m2/repository/org/apache/derby/derby/10.14.2.0/derby-10.14.2.0.jar:/home/user/.m2/repository/org/xerial/sqlite-jdbc/3.25.2/sqlite-jdbc-3.25.2.jar:/home/user/.m2/repository/org/springframework/spring-jdbc/5.2.5.RELEASE/spring-jdbc-5.2.5.RELEASE.jar:/home/user/.m2/repository/org/springframework/spring-beans/5.2.5.RELEASE/spring-beans-5.2.5.RELEASE.jar:/home/user/.m2/repository/org/springframework/spring-core/5.2.5.RELEASE/spring-core-5.2.5.RELEASE.jar:/home/user/.m2/repository/org/springframework/spring-jcl/5.2.5.RELEASE/spring-jcl-5.2.5.RELEASE.jar:/home/user/.m2/repository/org/springframework/spring-tx/5.2.5.RELEASE/spring-tx-5.2.5.RELEASE.jar:/home/user/.m2/repository/org/apache/hadoop/hadoop-ozone-client/1.1.0-SNAPSHOT/hadoop-ozone-client-1.1.0-SNAPSHOT.jar:/home/user/.m2/repository/org/apache/hadoop/hadoop-ozone-filesystem/1.1.0-SNAPSHOT/hadoop-ozone-filesystem-1.1.0-SNAPSHOT.jar:/home/user/.m2/repository/org/apache/hadoop/hadoop-ozone-filesystem-common/1.1.0-SNAPSHOT/hadoop-ozone-filesystem-common-1.1.0-SNAPSHOT.jar:/home/user/.m2/repository/org/apache/hadoop/hadoop-ozone-tools/1.1.0-SNAPSHOT/hadoop-ozone-tools-1.1.0-SNAPSHOT.jar:/home/user/.m2/repository/org/apache/hadoop/hadoop-hdfs/3.2.1/hadoop-hdfs-3.2.1.jar:/home/user/.m2/repository/org/apache/ratis/ratis-tools/1.1.0-11689cd-SNAPSHOT/ratis-tools-1.1.0-11689cd-SNAPSHOT.jar:/home/user/.m2/repository/org/apache/ratis/ratis-proto/1.1.0-11689cd-SNAPSHOT/ratis-proto-1.1.0-11689cd-SNAPSHOT.jar:/home/user/.m2/repository/org/apache/ratis/ratis-common/1.1.0-11689cd-SNAPSHOT/ratis-common-1.1.0-11689cd-SNAPSHOT.jar:/home/user/.m2/repository/com/amazonaws/aws-java-sdk-core/1.11.615/aws-java-sdk-core-1.11.615.jar:/home/user/.m2/repository/org/apache/httpcomponents/httpclient/4.5.2/httpclient-4.5.2.jar:/home/user/.m2/repository/org/apache/httpcomponents/httpcore/4.4.4/httpcore-4.4.4.jar:/home/user/.m2/repository/software/amazon/ion/ion-java/1.0.2/ion-java-1.0.2.jar:/home/user/.m2/repository/com/fasterxml/jackson/dataformat/jackson-dataformat-cbor/2.10.3/jackson-dataformat-cbor-2.10.3.jar:/home/user/.m2/repository/joda-time/joda-time/2.8.1/joda-time-2.8.1.jar:/home/user/.m2/repository/com/amazonaws/aws-java-sdk-s3/1.11.615/aws-java-sdk-s3-1.11.615.jar:/home/user/.m2/repository/com/amazonaws/aws-java-sdk-kms/1.11.615/aws-java-sdk-kms-1.11.615.jar:/home/user/.m2/repository/com/amazonaws/jmespath-java/1.11.615/jmespath-java-1.11.615.jar:/home/user/.m2/repository/org/kohsuke/metainf-services/metainf-services/1.8/metainf-services-1.8.jar:/home/user/.m2/repository/org/apache/hadoop/hadoop-hdds-tools/1.1.0-SNAPSHOT/hadoop-hdds-tools-1.1.0-SNAPSHOT.jar:/home/user/.m2/repository/commons-cli/commons-cli/1.2/commons-cli-1.2.jar:/home/user/.m2/repository/org/apache/commons/commons-lang3/3.7/commons-lang3-3.7.jar:/home/user/.m2/repository/org/apache/hadoop/hadoop-ozone-ozone-manager/1.1.0-SNAPSHOT/hadoop-ozone-ozone-manager-1.1.0-SNAPSHOT-tests.jar:/home/user/.m2/repository/junit/junit/4.11/junit-4.11.jar:/home/user/.m2/repository/org/hamcrest/hamcrest-core/1.3/hamcrest-core-1.3.jar:/home/user/.m2/repository/org/openjdk/jmh/jmh-core/1.19/jmh-core-1.19.jar:/home/user/.m2/repository/net/sf/jopt-simple/jopt-simple/4.6/jopt-simple-4.6.jar:/home/user/.m2/repository/org/apache/commons/commons-math3/3.1.1/commons-math3-3.1.1.jar:/home/user/.m2/repository/org/openjdk/jmh/jmh-generator-annprocess/1.19/jmh-generator-annprocess-1.19.jar:/home/user/.m2/repository/org/mockito/mockito-all/1.8.5/mockito-all-1.8.5.jar:/home/user/.m2/repository/org/apache/hadoop/hadoop-kms/3.2.1/hadoop-kms-3.2.1.jar:/home/user/.m2/repository/org/apache/hadoop/hadoop-auth/3.2.1/hadoop-auth-3.2.1.jar:/home/user/.m2/repository/com/nimbusds/nimbus-jose-jwt/7.9/nimbus-jose-jwt-7.9.jar:/home/user/.m2/repository/com/github/stephenc/jcip/jcip-annotations/1.0-1/jcip-annotations-1.0-1.jar:/home/user/.m2/repository/net/minidev/json-smart/2.3/json-smart-2.3.jar:/home/user/.m2/repository/net/minidev/accessors-smart/1.2/accessors-smart-1.2.jar:/home/user/.m2/repository/org/ow2/asm/asm/5.0.4/asm-5.0.4.jar:/home/user/.m2/repository/org/apache/zookeeper/zookeeper/3.4.13/zookeeper-3.4.13.jar:/home/user/.m2/repository/org/apache/yetus/audience-annotations/0.5.0/audience-annotations-0.5.0.jar:/home/user/.m2/repository/org/apache/curator/curator-framework/2.13.0/curator-framework-2.13.0.jar:/home/user/.m2/repository/com/sun/jersey/jersey-core/1.19/jersey-core-1.19.jar:/home/user/.m2/repository/javax/ws/rs/jsr311-api/1.1.1/jsr311-api-1.1.1.jar:/home/user/.m2/repository/com/sun/jersey/jersey-server/1.19/jersey-server-1.19.jar:/home/user/.m2/repository/javax/servlet/javax.servlet-api/3.1.0/javax.servlet-api-3.1.0.jar:/home/user/.m2/repository/org/eclipse/jetty/jetty-server/9.4.34.v20201102/jetty-server-9.4.34.v20201102.jar:/home/user/.m2/repository/org/eclipse/jetty/jetty-http/9.4.34.v20201102/jetty-http-9.4.34.v20201102.jar:/home/user/.m2/repository/org/eclipse/jetty/jetty-io/9.4.34.v20201102/jetty-io-9.4.34.v20201102.jar:/home/user/.m2/repository/org/eclipse/jetty/jetty-webapp/9.4.34.v20201102/jetty-webapp-9.4.34.v20201102.jar:/home/user/.m2/repository/org/eclipse/jetty/jetty-xml/9.4.34.v20201102/jetty-xml-9.4.34.v20201102.jar:/home/user/.m2/repository/org/eclipse/jetty/jetty-servlet/9.4.34.v20201102/jetty-servlet-9.4.34.v20201102.jar:/home/user/.m2/repository/org/eclipse/jetty/jetty-security/9.4.34.v20201102/jetty-security-9.4.34.v20201102.jar:/home/user/.m2/repository/org/apache/hadoop/hadoop-common/3.2.1/hadoop-common-3.2.1.jar:/home/user/.m2/repository/commons-net/commons-net/3.6/commons-net-3.6.jar:/home/user/.m2/repository/commons-collections/commons-collections/3.2.2/commons-collections-3.2.2.jar:/home/user/.m2/repository/com/sun/jersey/jersey-servlet/1.19/jersey-servlet-1.19.jar:/home/user/.m2/repository/com/sun/jersey/jersey-json/1.19/jersey-json-1.19.jar:/home/user/.m2/repository/org/codehaus/jettison/jettison/1.1/jettison-1.1.jar:/home/user/.m2/repository/org/codehaus/jackson/jackson-jaxrs/1.9.2/jackson-jaxrs-1.9.2.jar:/home/user/.m2/repository/org/codehaus/jackson/jackson-xc/1.9.2/jackson-xc-1.9.2.jar:/home/user/.m2/repository/commons-beanutils/commons-beanutils/1.9.4/commons-beanutils-1.9.4.jar:/home/user/.m2/repository/org/apache/commons/commons-configuration2/2.1.1/commons-configuration2-2.1.1.jar:/home/user/.m2/repository/org/apache/commons/commons-text/1.4/commons-text-1.4.jar:/home/user/.m2/repository/com/google/re2j/re2j/1.1/re2j-1.1.jar:/home/user/.m2/repository/com/jcraft/jsch/0.1.54/jsch-0.1.54.jar:/home/user/.m2/repository/org/apache/curator/curator-client/2.13.0/curator-client-2.13.0.jar:/home/user/.m2/repository/org/apache/curator/curator-recipes/2.13.0/curator-recipes-2.13.0.jar:/home/user/.m2/repository/dnsjava/dnsjava/2.1.7/dnsjava-2.1.7.jar:/home/user/.m2/repository/org/slf4j/jul-to-slf4j/1.7.25/jul-to-slf4j-1.7.25.jar:/home/user/.m2/repository/org/eclipse/jetty/jetty-util/9.4.34.v20201102/jetty-util-9.4.34.v20201102.jar:/home/user/.m2/repository/com/fasterxml/jackson/core/jackson-databind/2.10.3/jackson-databind-2.10.3.jar:/home/user/.m2/repository/org/apache/hadoop/hadoop-kms/3.2.1/hadoop-kms-3.2.1-tests.jar:/home/user/.m2/repository/org/apache/hadoop/hadoop-hdds-server-scm/1.1.0-SNAPSHOT/hadoop-hdds-server-scm-1.1.0-SNAPSHOT-tests.jar:/home/user/.m2/repository/org/apache/hadoop/hadoop-hdds-container-service/1.1.0-SNAPSHOT/hadoop-hdds-container-service-1.1.0-SNAPSHOT-tests.jar:/home/user/.m2/repository/org/apache/hadoop/hadoop-hdds-common/1.1.0-SNAPSHOT/hadoop-hdds-common-1.1.0-SNAPSHOT-tests.jar:/home/user/.m2/repository/org/yaml/snakeyaml/1.16/snakeyaml-1.16.jar:/home/user/.m2/repository/org/apache/hadoop/hadoop-hdds-hadoop-dependency-test/1.1.0-SNAPSHOT/hadoop-hdds-hadoop-dependency-test-1.1.0-SNAPSHOT.jar:/home/user/.m2/repository/org/apache/hadoop/hadoop-common/3.2.1/hadoop-common-3.2.1-tests.jar:/home/user/.m2/repository/javax/servlet/jsp/jsp-api/2.1/jsp-api-2.1.jar:/home/user/.m2/repository/org/apache/hadoop/hadoop-hdfs/3.2.1/hadoop-hdfs-3.2.1-tests.jar:/home/user/.m2/repository/org/eclipse/jetty/jetty-util-ajax/9.4.34.v20201102/jetty-util-ajax-9.4.34.v20201102.jar:/home/user/.m2/repository/commons-codec/commons-codec/1.11/commons-codec-1.11.jar:/home/user/.m2/repository/commons-daemon/commons-daemon/1.0.13/commons-daemon-1.0.13.jar:/home/user/.m2/repository/io/netty/netty/3.10.5.Final/netty-3.10.5.Final.jar:/home/user/.m2/repository/io/netty/netty-all/4.1.48.Final/netty-all-4.1.48.Final.jar:/home/user/.m2/repository/org/apache/htrace/htrace-core4/4.1.0-incubating/htrace-core4-4.1.0-incubating.jar:/home/user/.m2/repository/org/fusesource/leveldbjni/leveldbjni-all/1.8/leveldbjni-all-1.8.jar:/home/user/.m2/repository/org/apache/hadoop/hadoop-distcp/3.2.1/hadoop-distcp-3.2.1.jar:/home/user/.m2/repository/org/apache/hadoop/hadoop-mapreduce-client-jobclient/3.2.1/hadoop-mapreduce-client-jobclient-3.2.1.jar:/home/user/.m2/repository/org/apache/hadoop/hadoop-mapreduce-client-common/3.2.1/hadoop-mapreduce-client-common-3.2.1.jar:/home/user/.m2/repository/org/apache/hadoop/hadoop-yarn-common/3.2.1/hadoop-yarn-common-3.2.1.jar:/home/user/.m2/repository/org/apache/hadoop/hadoop-yarn-api/3.2.1/hadoop-yarn-api-3.2.1.jar:/home/user/.m2/repository/com/sun/jersey/jersey-client/1.19/jersey-client-1.19.jar:/home/user/.m2/repository/com/sun/jersey/contribs/jersey-guice/1.19/jersey-guice-1.19.jar:/home/user/.m2/repository/com/fasterxml/jackson/jaxrs/jackson-jaxrs-json-provider/2.10.3/jackson-jaxrs-json-provider-2.10.3.jar:/home/user/.m2/repository/com/fasterxml/jackson/jaxrs/jackson-jaxrs-base/2.10.3/jackson-jaxrs-base-2.10.3.jar:/home/user/.m2/repository/org/apache/hadoop/hadoop-yarn-client/3.2.1/hadoop-yarn-client-3.2.1.jar:/home/user/.m2/repository/org/apache/hadoop/hadoop-mapreduce-client-core/3.2.1/hadoop-mapreduce-client-core-3.2.1.jar:/home/user/.m2/repository/org/apache/avro/avro/1.7.7/avro-1.7.7.jar:/home/user/.m2/repository/org/codehaus/jackson/jackson-core-asl/1.9.13/jackson-core-asl-1.9.13.jar:/home/user/.m2/repository/org/codehaus/jackson/jackson-mapper-asl/1.9.13/jackson-mapper-asl-1.9.13.jar:/home/user/.m2/repository/com/thoughtworks/paranamer/paranamer/2.3/paranamer-2.3.jar:/home/user/.m2/repository/org/xerial/snappy/snappy-java/1.0.5/snappy-java-1.0.5.jar:/home/user/.m2/repository/org/apache/hadoop/hadoop-annotations/3.2.1/hadoop-annotations-3.2.1.jar:/usr/lib/jvm/java-1.8.0-openjdk-1.8.0.232.b09-0.el7_7.x86_64/jre/../lib/tools.jar:/home/user/.m2/repository/org/apache/hadoop/hadoop-distcp/3.2.1/hadoop-distcp-3.2.1-tests.jar:"/>
    <property name="sun.cpu.endian" value="little"/>
    <property name="user.home" value="/home/user"/>
    <property name="user.language" value="en"/>
    <property name="java.specification.vendor" value="Oracle Corporation"/>
    <property name="java.home" value="/usr/lib/jvm/java-1.8.0-openjdk-1.8.0.232.b09-0.el7_7.x86_64/jre"/>
    <property name="java.security.krb5.conf" value="/github/workspace/mnt/ozone/hadoop-ozone/integration-test/target/test-classes/krb5.conf"/>
    <property name="basedir" value="/github/workspace/mnt/ozone/hadoop-ozone/integration-test"/>
    <property name="file.separator" value="/"/>
    <property name="line.separator" value="&#10;"/>
    <property name="java.vm.specification.vendor" value="Oracle Corporation"/>
    <property name="java.specification.name" value="Java Platform API Specification"/>
    <property name="java.awt.graphicsenv" value="sun.awt.X11GraphicsEnvironment"/>
    <property name="skip.installnpx" value="true"/>
    <property name="surefire.real.class.path" value="/github/workspace/mnt/ozone/hadoop-ozone/integration-test/target/surefire/surefirebooter3588894402196748836.jar:/home/user/.m2/repository/org/jacoco/org.jacoco.agent/0.8.5/org.jacoco.agent-0.8.5-runtime.jar"/>
    <property name="hadoop.log.dir" value="/github/workspace/mnt/ozone/hadoop-ozone/integration-test/target/log"/>
    <property name="sun.boot.class.path" value="/usr/lib/jvm/java-1.8.0-openjdk-1.8.0.232.b09-0.el7_7.x86_64/jre/lib/resources.jar:/usr/lib/jvm/java-1.8.0-openjdk-1.8.0.232.b09-0.el7_7.x86_64/jre/lib/rt.jar:/usr/lib/jvm/java-1.8.0-openjdk-1.8.0.232.b09-0.el7_7.x86_64/jre/lib/sunrsasign.jar:/usr/lib/jvm/java-1.8.0-openjdk-1.8.0.232.b09-0.el7_7.x86_64/jre/lib/jsse.jar:/usr/lib/jvm/java-1.8.0-openjdk-1.8.0.232.b09-0.el7_7.x86_64/jre/lib/jce.jar:/usr/lib/jvm/java-1.8.0-openjdk-1.8.0.232.b09-0.el7_7.x86_64/jre/lib/charsets.jar:/usr/lib/jvm/java-1.8.0-openjdk-1.8.0.232.b09-0.el7_7.x86_64/jre/lib/jfr.jar:/usr/lib/jvm/java-1.8.0-openjdk-1.8.0.232.b09-0.el7_7.x86_64/jre/classes"/>
    <property name="sun.management.compiler" value="HotSpot 64-Bit Tiered Compilers"/>
    <property name="skip.npx" value="true"/>
    <property name="java.runtime.version" value="1.8.0_232-b09"/>
    <property name="java.net.preferIPv4Stack" value="true"/>
    <property name="user.name" value="jenkins1001"/>
    <property name="path.separator" value=":"/>
    <property name="java.security.egd" value="file:///dev/urandom"/>
    <property name="os.version" value="5.4.0-1031-azure"/>
    <property name="java.endorsed.dirs" value="/usr/lib/jvm/java-1.8.0-openjdk-1.8.0.232.b09-0.el7_7.x86_64/jre/lib/endorsed"/>
    <property name="java.runtime.name" value="OpenJDK Runtime Environment"/>
    <property name="file.encoding" value="ANSI_X3.4-1968"/>
    <property name="java.vm.name" value="OpenJDK 64-Bit Server VM"/>
    <property name="test.build.webapps" value=""/>
    <property name="localRepository" value="/home/user/.m2/repository"/>
    <property name="java.vendor.url.bug" value="http://bugreport.sun.com/bugreport/"/>
    <property name="java.io.tmpdir" value="/tmp"/>
    <property name="require.test.libhadoop" value=""/>
    <property name="java.version" value="1.8.0_232"/>
    <property name="user.dir" value="/github/workspace/mnt/ozone/hadoop-ozone/integration-test"/>
    <property name="os.arch" value="amd64"/>
    <property name="java.vm.specification.name" value="Java Virtual Machine Specification"/>
    <property name="test.build.classes" value="/github/workspace/mnt/ozone/hadoop-ozone/integration-test/target/test-classes"/>
    <property name="java.awt.printerjob" value="sun.print.PSPrinterJob"/>
    <property name="sun.os.patch.level" value="unknown"/>
    <property name="hadoop.tmp.dir" value="/github/workspace/mnt/ozone/hadoop-ozone/integration-test/target/tmp"/>
    <property name="java.library.path" value="/usr/lib:/usr/java/packages/lib/amd64:/usr/lib64:/lib64:/lib:/usr/lib"/>
    <property name="java.vm.info" value="mixed mode"/>
    <property name="java.vendor" value="Oracle Corporation"/>
    <property name="java.vm.version" value="25.232-b09"/>
    <property name="java.ext.dirs" value="/usr/lib/jvm/java-1.8.0-openjdk-1.8.0.232.b09-0.el7_7.x86_64/jre/lib/ext:/usr/java/packages/lib/ext"/>
    <property name="sun.io.unicode.encoding" value="UnicodeLittle"/>
    <property name="java.class.version" value="52.0"/>
  </properties>
  <testcase name="test2DatanodesFailure" classname="org.apache.hadoop.ozone.client.rpc.TestBlockOutputStreamWithFailures" time="82.702"/>
  <testcase name="testDatanodeFailureWithPreAllocation" classname="org.apache.hadoop.ozone.client.rpc.TestBlockOutputStreamWithFailures" time="81.745"/>
  <testcase name="testDatanodeFailureWithSingleNodeRatis" classname="org.apache.hadoop.ozone.client.rpc.TestBlockOutputStreamWithFailures" time="78.69"/>
  <testcase name="testWatchForCommitWithSingleNodeRatis" classname="org.apache.hadoop.ozone.client.rpc.TestBlockOutputStreamWithFailures" time="36.267"/>
  <testcase name="testWatchForCommitDatanodeFailure" classname="org.apache.hadoop.ozone.client.rpc.TestBlockOutputStreamWithFailures" time="300.01">
    <error message="test timed out after 300000 milliseconds" type="java.lang.Exception">java.lang.Exception: test timed out after 300000 milliseconds
	at java.lang.Object.wait(Native Method)
	at java.util.concurrent.ForkJoinTask.externalAwaitDone(ForkJoinTask.java:334)
	at java.util.concurrent.ForkJoinTask.doInvoke(ForkJoinTask.java:405)
	at java.util.concurrent.ForkJoinTask.invoke(ForkJoinTask.java:734)
	at java.util.stream.ForEachOps$ForEachOp.evaluateParallel(ForEachOps.java:159)
	at java.util.stream.ForEachOps$ForEachOp$OfRef.evaluateParallel(ForEachOps.java:173)
	at java.util.stream.AbstractPipeline.evaluate(AbstractPipeline.java:233)
	at java.util.stream.ReferencePipeline.forEach(ReferencePipeline.java:485)
	at java.util.stream.ReferencePipeline$Head.forEach(ReferencePipeline.java:650)
	at org.apache.hadoop.ozone.MiniOzoneClusterImpl.stopDatanodes(MiniOzoneClusterImpl.java:464)
	at org.apache.hadoop.ozone.MiniOzoneClusterImpl.stop(MiniOzoneClusterImpl.java:405)
	at org.apache.hadoop.ozone.MiniOzoneClusterImpl.shutdown(MiniOzoneClusterImpl.java:392)
	at org.apache.hadoop.ozone.client.rpc.TestBlockOutputStreamWithFailures.shutdown(TestBlockOutputStreamWithFailures.java:161)
	at sun.reflect.NativeMethodAccessorImpl.invoke0(Native Method)
	at sun.reflect.NativeMethodAccessorImpl.invoke(NativeMethodAccessorImpl.java:62)
	at sun.reflect.DelegatingMethodAccessorImpl.invoke(DelegatingMethodAccessorImpl.java:43)
	at java.lang.reflect.Method.invoke(Method.java:498)
	at org.junit.runners.model.FrameworkMethod$1.runReflectiveCall(FrameworkMethod.java:47)
	at org.junit.internal.runners.model.ReflectiveCallable.run(ReflectiveCallable.java:12)
	at org.junit.runners.model.FrameworkMethod.invokeExplosively(FrameworkMethod.java:44)
	at org.junit.internal.runners.statements.RunAfters.evaluate(RunAfters.java:33)
	at org.junit.internal.runners.statements.FailOnTimeout$StatementThread.run(FailOnTimeout.java:74)
</error>
    <system-out><![CDATA[2020-11-16 17:31:42,099 [Thread-2267] WARN  server.ServerUtils (ServerUtils.java:getScmDbDir(148)) - ozone.scm.db.dirs is not configured. We recommend adding this setting. Falling back to ozone.metadata.dirs instead.
2020-11-16 17:31:42,101 [Thread-2267] WARN  server.ServerUtils (ServerUtils.java:getScmDbDir(148)) - ozone.scm.db.dirs is not configured. We recommend adding this setting. Falling back to ozone.metadata.dirs instead.
2020-11-16 17:31:42,102 [Thread-2267] WARN  db.DBStoreBuilder (DBStoreBuilder.java:applyDBDefinition(143)) - ozone.scm.db.dirs is not configured. We recommend adding this setting. Falling back to ozone.metadata.dirs instead.
2020-11-16 17:31:42,127 [Thread-2267] INFO  net.NodeSchemaLoader (NodeSchemaLoader.java:loadSchemaFromFile(126)) - Loading file from sun.misc.CompoundEnumeration@378cc53f
2020-11-16 17:31:42,127 [Thread-2267] INFO  net.NodeSchemaLoader (NodeSchemaLoader.java:loadSchema(172)) - Loading network topology layer schema file
2020-11-16 17:31:42,132 [Thread-2267] WARN  server.ServerUtils (ServerUtils.java:sanitizeUserArgs(67)) - ozone.scm.dead.node.interval value = 10000 is smaller than min = 20000 based on the key value of ozone.scm.stale.node.interval, reset to the min value 20000.
2020-11-16 17:31:42,137 [Thread-2267] INFO  node.SCMNodeManager (SCMNodeManager.java:<init>(120)) - Entering startup safe mode.
2020-11-16 17:31:42,138 [Thread-2267] INFO  algorithms.ContainerPlacementPolicyFactory (ContainerPlacementPolicyFactory.java:getPolicy(60)) - Create container placement policy of type org.apache.hadoop.hdds.scm.container.placement.algorithms.SCMContainerPlacementRandom
2020-11-16 17:31:42,138 [Thread-2267] INFO  algorithms.LeaderChoosePolicyFactory (LeaderChoosePolicyFactory.java:getPolicy(57)) - Create leader choose policy of type org.apache.hadoop.hdds.scm.pipeline.leader.choose.algorithms.DefaultLeaderChoosePolicy
2020-11-16 17:31:42,138 [Thread-2267] INFO  pipeline.SCMPipelineManager (SCMPipelineManager.java:initializePipelineState(161)) - No pipeline exists in current db
2020-11-16 17:31:42,138 [Thread-2267] INFO  algorithms.PipelineChoosePolicyFactory (PipelineChoosePolicyFactory.java:createPipelineChoosePolicyFromClass(75)) - Create pipeline choose policy of type org.apache.hadoop.hdds.scm.pipeline.choose.algorithms.RandomPipelineChoosePolicy
2020-11-16 17:31:42,139 [Thread-2267] INFO  safemode.HealthyPipelineSafeModeRule (HealthyPipelineSafeModeRule.java:<init>(89)) - Total pipeline count is 0, healthy pipeline threshold count is 0
2020-11-16 17:31:42,139 [Thread-2267] INFO  safemode.OneReplicaPipelineSafeModeRule (OneReplicaPipelineSafeModeRule.java:<init>(79)) - Total pipeline count is 0, pipeline's with at least one datanode reported threshold count is 0
2020-11-16 17:31:42,144 [Thread-2267] INFO  ipc.CallQueueManager (CallQueueManager.java:<init>(84)) - Using callQueue: class java.util.concurrent.LinkedBlockingQueue, queueCapacity: 2000, scheduler: class org.apache.hadoop.ipc.DefaultRpcScheduler, ipcBackoff: false.
2020-11-16 17:31:42,145 [Socket Reader #1 for port 0] INFO  ipc.Server (Server.java:run(1219)) - Starting Socket Reader #1 for port 0
2020-11-16 17:31:42,146 [Listener at 0.0.0.0/33147] INFO  ipc.CallQueueManager (CallQueueManager.java:<init>(84)) - Using callQueue: class java.util.concurrent.LinkedBlockingQueue, queueCapacity: 2000, scheduler: class org.apache.hadoop.ipc.DefaultRpcScheduler, ipcBackoff: false.
2020-11-16 17:31:42,146 [Socket Reader #1 for port 0] INFO  ipc.Server (Server.java:run(1219)) - Starting Socket Reader #1 for port 0
2020-11-16 17:31:42,147 [Listener at 0.0.0.0/39305] INFO  ipc.CallQueueManager (CallQueueManager.java:<init>(84)) - Using callQueue: class java.util.concurrent.LinkedBlockingQueue, queueCapacity: 2000, scheduler: class org.apache.hadoop.ipc.DefaultRpcScheduler, ipcBackoff: false.
2020-11-16 17:31:42,148 [Socket Reader #1 for port 0] INFO  ipc.Server (Server.java:run(1219)) - Starting Socket Reader #1 for port 0
2020-11-16 17:31:42,155 [Listener at 0.0.0.0/37251] INFO  http.BaseHttpServer (BaseHttpServer.java:newHttpServer2BuilderForOzone(207)) - Starting Web-server for scm at: http://0.0.0.0:0
2020-11-16 17:31:42,155 [Listener at 0.0.0.0/37251] INFO  http.BaseHttpServer (BaseHttpServer.java:<init>(106)) - Hadoop Security Enabled: false Ozone Security Enabled: false Ozone HTTP Security Enabled: false 
2020-11-16 17:31:42,156 [Listener at 0.0.0.0/37251] INFO  server.AuthenticationFilter (AuthenticationFilter.java:constructSecretProvider(240)) - Unable to initialize FileSignerSecretProvider, falling back to use random secrets.
2020-11-16 17:31:42,156 [Listener at 0.0.0.0/37251] WARN  http.HttpRequestLog (HttpRequestLog.java:getRequestLog(103)) - Jetty request log can only be enabled using Log4j
2020-11-16 17:31:42,157 [Listener at 0.0.0.0/37251] INFO  http.HttpServer2 (HttpServer2.java:addGlobalFilter(1019)) - Added global filter 'safety' (class=org.apache.hadoop.hdds.server.http.HttpServer2$QuotingInputFilter)
2020-11-16 17:31:42,157 [Listener at 0.0.0.0/37251] INFO  http.HttpServer2 (HttpServer2.java:addFilter(995)) - Added filter static_user_filter (class=org.apache.hadoop.http.lib.StaticUserWebFilter$StaticUserFilter) to context scm
2020-11-16 17:31:42,157 [Listener at 0.0.0.0/37251] INFO  http.HttpServer2 (HttpServer2.java:addFilter(1003)) - Added filter static_user_filter (class=org.apache.hadoop.http.lib.StaticUserWebFilter$StaticUserFilter) to context logs
2020-11-16 17:31:42,157 [Listener at 0.0.0.0/37251] INFO  http.HttpServer2 (HttpServer2.java:addFilter(1003)) - Added filter static_user_filter (class=org.apache.hadoop.http.lib.StaticUserWebFilter$StaticUserFilter) to context static
2020-11-16 17:31:42,161 [Listener at 0.0.0.0/37251] INFO  server.StorageContainerManager (StorageContainerManager.java:start(789)) - StorageContainerLocationProtocol RPC server is listening at /0.0.0.0:37251
2020-11-16 17:31:42,162 [Listener at 0.0.0.0/37251] WARN  impl.MetricsConfig (MetricsConfig.java:loadFirst(134)) - Cannot locate configuration: tried hadoop-metrics2-storagecontainermanager.properties,hadoop-metrics2.properties
2020-11-16 17:31:42,163 [Listener at 0.0.0.0/37251] INFO  impl.MetricsSystemImpl (MetricsSystemImpl.java:startTimer(374)) - Scheduled Metric snapshot period at 10 second(s).
2020-11-16 17:31:42,163 [Listener at 0.0.0.0/37251] INFO  impl.MetricsSystemImpl (MetricsSystemImpl.java:start(191)) - StorageContainerManager metrics system started
2020-11-16 17:31:42,185 [Listener at 0.0.0.0/37251] WARN  impl.MetricsSystemImpl (MetricsSystemImpl.java:register(276)) - Sink prometheus already exists!
2020-11-16 17:31:42,205 [Listener at 0.0.0.0/37251] INFO  server.SCMClientProtocolServer (SCMClientProtocolServer.java:start(156)) - RPC server for Client  is listening at /0.0.0.0:37251
2020-11-16 17:31:42,206 [IPC Server Responder] INFO  ipc.Server (Server.java:run(1460)) - IPC Server Responder: starting
2020-11-16 17:31:42,206 [IPC Server listener on 0] INFO  ipc.Server (Server.java:run(1298)) - IPC Server listener on 0: starting
2020-11-16 17:31:42,216 [Listener at 0.0.0.0/37251] INFO  server.StorageContainerManager (StorageContainerManager.java:start(801)) - ScmBlockLocationProtocol RPC server is listening at /0.0.0.0:39305
2020-11-16 17:31:42,216 [Listener at 0.0.0.0/37251] INFO  server.SCMBlockProtocolServer (SCMBlockProtocolServer.java:start(149)) - RPC server for Block Protocol is listening at /0.0.0.0:39305
2020-11-16 17:31:42,216 [IPC Server Responder] INFO  ipc.Server (Server.java:run(1460)) - IPC Server Responder: starting
2020-11-16 17:31:42,217 [IPC Server listener on 0] INFO  ipc.Server (Server.java:run(1298)) - IPC Server listener on 0: starting
2020-11-16 17:31:42,220 [Listener at 0.0.0.0/37251] INFO  server.StorageContainerManager (StorageContainerManager.java:start(807)) - ScmDatanodeProtocl RPC server is listening at /0.0.0.0:33147
2020-11-16 17:31:42,220 [Listener at 0.0.0.0/37251] INFO  server.SCMDatanodeProtocolServer (SCMDatanodeProtocolServer.java:start(172)) - RPC server for DataNodes is listening at /0.0.0.0:33147
2020-11-16 17:31:42,221 [IPC Server Responder] INFO  ipc.Server (Server.java:run(1460)) - IPC Server Responder: starting
2020-11-16 17:31:42,221 [IPC Server listener on 0] INFO  ipc.Server (Server.java:run(1298)) - IPC Server listener on 0: starting
2020-11-16 17:31:42,224 [Listener at 0.0.0.0/37251] INFO  http.HttpServer2 (HttpServer2.java:bindListener(1237)) - Jetty bound to port 34525
2020-11-16 17:31:42,224 [Listener at 0.0.0.0/37251] INFO  server.Server (Server.java:doStart(375)) - jetty-9.4.34.v20201102; built: 2020-11-02T14:15:39.302Z; git: e46af88704a893fc12cb0e3bf46e2c7b48a009e7; jvm 1.8.0_232-b09
2020-11-16 17:31:42,225 [Listener at 0.0.0.0/37251] INFO  server.session (DefaultSessionIdManager.java:doStart(334)) - DefaultSessionIdManager workerName=node0
2020-11-16 17:31:42,225 [Listener at 0.0.0.0/37251] INFO  server.session (DefaultSessionIdManager.java:doStart(339)) - No SessionScavenger set, using defaults
2020-11-16 17:31:42,225 [Listener at 0.0.0.0/37251] INFO  server.session (HouseKeeper.java:startScavenging(132)) - node0 Scavenging every 600000ms
2020-11-16 17:31:42,226 [Listener at 0.0.0.0/37251] INFO  handler.ContextHandler (ContextHandler.java:doStart(916)) - Started o.e.j.s.ServletContextHandler@4152da62{logs,/logs,file:///github/workspace/mnt/ozone/hadoop-ozone/integration-test/target/log,AVAILABLE}
2020-11-16 17:31:42,226 [Listener at 0.0.0.0/37251] INFO  handler.ContextHandler (ContextHandler.java:doStart(916)) - Started o.e.j.s.ServletContextHandler@44844399{static,/static,file:///github/workspace/mnt/ozone/hadoop-ozone/integration-test/target/test-classes/webapps/static,AVAILABLE}
2020-11-16 17:31:42,230 [Listener at 0.0.0.0/37251] INFO  handler.ContextHandler (ContextHandler.java:doStart(916)) - Started o.e.j.w.WebAppContext@fb3f2e5{scm,/,file:///github/workspace/mnt/ozone/hadoop-ozone/integration-test/target/test-classes/webapps/scm/,AVAILABLE}{file:/github/workspace/mnt/ozone/hadoop-ozone/integration-test/target/test-classes/webapps/scm}
2020-11-16 17:31:42,231 [Listener at 0.0.0.0/37251] INFO  server.AbstractConnector (AbstractConnector.java:doStart(331)) - Started ServerConnector@4352fb82{HTTP/1.1, (http/1.1)}{0.0.0.0:34525}
2020-11-16 17:31:42,231 [Listener at 0.0.0.0/37251] INFO  server.Server (Server.java:doStart(415)) - Started @280520ms
2020-11-16 17:31:42,231 [Listener at 0.0.0.0/37251] WARN  impl.MetricsSystemImpl (MetricsSystemImpl.java:register(276)) - Sink prometheus already exists!
2020-11-16 17:31:42,234 [Listener at 0.0.0.0/37251] INFO  http.BaseHttpServer (BaseHttpServer.java:updateConnectorAddress(327)) - HTTP server of scm listening at http://0.0.0.0:34525
2020-11-16 17:31:42,235 [Listener at 0.0.0.0/37251] WARN  server.ServerUtils (ServerUtils.java:getDBPath(225)) - ozone.om.db.dirs is not configured. We recommend adding this setting. Falling back to ozone.metadata.dirs instead.
2020-11-16 17:31:42,235 [org.apache.hadoop.util.JvmPauseMonitor$Monitor@5c7141ab] INFO  util.JvmPauseMonitor (JvmPauseMonitor.java:run(188)) - Starting JVM pause monitor
2020-11-16 17:31:42,236 [Listener at 0.0.0.0/37251] INFO  ha.OMHANodeDetails (OMHANodeDetails.java:loadOMHAConfig(104)) - ozone.om.internal.service.id is not defined, falling back to ozone.om.service.ids to find serviceID for OzoneManager if it is HA enabled cluster
2020-11-16 17:31:42,236 [Listener at 0.0.0.0/37251] INFO  ha.OMHANodeDetails (OMHANodeDetails.java:loadOMHAConfig(213)) - Configuration either no ozone.om.address set. Falling back to the default OM address /127.0.0.1:0
2020-11-16 17:31:42,236 [Listener at 0.0.0.0/37251] INFO  ha.OMHANodeDetails (OMHANodeDetails.java:getOMNodeDetails(241)) - OM Service ID is not set. Setting it to the default ID: omServiceIdDefault
2020-11-16 17:31:42,236 [Listener at 0.0.0.0/37251] WARN  server.ServerUtils (ServerUtils.java:getDBPath(225)) - ozone.om.db.dirs is not configured. We recommend adding this setting. Falling back to ozone.metadata.dirs instead.
2020-11-16 17:31:42,237 [Listener at 0.0.0.0/37251] WARN  server.ServerUtils (ServerUtils.java:getDBPath(225)) - ozone.om.db.dirs is not configured. We recommend adding this setting. Falling back to ozone.metadata.dirs instead.
2020-11-16 17:31:42,252 [Listener at 0.0.0.0/37251] WARN  server.ServerUtils (ServerUtils.java:getDBPath(225)) - ozone.om.db.dirs is not configured. We recommend adding this setting. Falling back to ozone.metadata.dirs instead.
2020-11-16 17:31:42,252 [Listener at 0.0.0.0/37251] INFO  codec.OmKeyInfoCodec (OmKeyInfoCodec.java:<init>(41)) - OmKeyInfoCodec ignorePipeline = true
2020-11-16 17:31:42,252 [Listener at 0.0.0.0/37251] INFO  codec.RepeatedOmKeyInfoCodec (RepeatedOmKeyInfoCodec.java:<init>(40)) - RepeatedOmKeyInfoCodec ignorePipeline = true
2020-11-16 17:31:42,311 [Listener at 0.0.0.0/37251] INFO  om.OzoneManager (OzoneManager.java:addS3GVolumeToDB(3739)) - Created Volume s3v With Owner jenkins1001 required for S3Gateway operations.
2020-11-16 17:31:42,312 [Listener at 0.0.0.0/37251] INFO  ipc.CallQueueManager (CallQueueManager.java:<init>(84)) - Using callQueue: class java.util.concurrent.LinkedBlockingQueue, queueCapacity: 2000, scheduler: class org.apache.hadoop.ipc.DefaultRpcScheduler, ipcBackoff: false.
2020-11-16 17:31:42,314 [Socket Reader #1 for port 0] INFO  ipc.Server (Server.java:run(1219)) - Starting Socket Reader #1 for port 0
2020-11-16 17:31:42,337 [Listener at 127.0.0.1/35907] INFO  impl.MetricsSystemImpl (MetricsSystemImpl.java:init(158)) - OzoneManager metrics system started (again)
2020-11-16 17:31:42,338 [Listener at 127.0.0.1/35907] INFO  om.OzoneManager (OzoneManager.java:start(1143)) - OzoneManager RPC server is listening at localhost/127.0.0.1:35907
2020-11-16 17:31:42,342 [Listener at 127.0.0.1/35907] INFO  http.BaseHttpServer (BaseHttpServer.java:newHttpServer2BuilderForOzone(207)) - Starting Web-server for ozoneManager at: http://0.0.0.0:0
2020-11-16 17:31:42,343 [Listener at 127.0.0.1/35907] INFO  http.BaseHttpServer (BaseHttpServer.java:<init>(106)) - Hadoop Security Enabled: false Ozone Security Enabled: false Ozone HTTP Security Enabled: false 
2020-11-16 17:31:42,344 [Listener at 127.0.0.1/35907] INFO  server.AuthenticationFilter (AuthenticationFilter.java:constructSecretProvider(240)) - Unable to initialize FileSignerSecretProvider, falling back to use random secrets.
2020-11-16 17:31:42,344 [Listener at 127.0.0.1/35907] WARN  http.HttpRequestLog (HttpRequestLog.java:getRequestLog(103)) - Jetty request log can only be enabled using Log4j
2020-11-16 17:31:42,345 [Listener at 127.0.0.1/35907] INFO  http.HttpServer2 (HttpServer2.java:addGlobalFilter(1019)) - Added global filter 'safety' (class=org.apache.hadoop.hdds.server.http.HttpServer2$QuotingInputFilter)
2020-11-16 17:31:42,345 [Listener at 127.0.0.1/35907] INFO  http.HttpServer2 (HttpServer2.java:addFilter(995)) - Added filter static_user_filter (class=org.apache.hadoop.http.lib.StaticUserWebFilter$StaticUserFilter) to context ozoneManager
2020-11-16 17:31:42,345 [Listener at 127.0.0.1/35907] INFO  http.HttpServer2 (HttpServer2.java:addFilter(1003)) - Added filter static_user_filter (class=org.apache.hadoop.http.lib.StaticUserWebFilter$StaticUserFilter) to context logs
2020-11-16 17:31:42,345 [Listener at 127.0.0.1/35907] INFO  http.HttpServer2 (HttpServer2.java:addFilter(1003)) - Added filter static_user_filter (class=org.apache.hadoop.http.lib.StaticUserWebFilter$StaticUserFilter) to context static
2020-11-16 17:31:42,346 [Listener at 127.0.0.1/35907] INFO  http.HttpServer2 (HttpServer2.java:bindListener(1237)) - Jetty bound to port 38285
2020-11-16 17:31:42,346 [Listener at 127.0.0.1/35907] INFO  server.Server (Server.java:doStart(375)) - jetty-9.4.34.v20201102; built: 2020-11-02T14:15:39.302Z; git: e46af88704a893fc12cb0e3bf46e2c7b48a009e7; jvm 1.8.0_232-b09
2020-11-16 17:31:42,350 [Listener at 127.0.0.1/35907] INFO  server.session (DefaultSessionIdManager.java:doStart(334)) - DefaultSessionIdManager workerName=node0
2020-11-16 17:31:42,350 [Listener at 127.0.0.1/35907] INFO  server.session (DefaultSessionIdManager.java:doStart(339)) - No SessionScavenger set, using defaults
2020-11-16 17:31:42,351 [Listener at 127.0.0.1/35907] INFO  server.session (HouseKeeper.java:startScavenging(132)) - node0 Scavenging every 600000ms
2020-11-16 17:31:42,351 [Listener at 127.0.0.1/35907] INFO  handler.ContextHandler (ContextHandler.java:doStart(916)) - Started o.e.j.s.ServletContextHandler@ef25692{logs,/logs,file:///github/workspace/mnt/ozone/hadoop-ozone/integration-test/target/log,AVAILABLE}
2020-11-16 17:31:42,352 [Listener at 127.0.0.1/35907] INFO  handler.ContextHandler (ContextHandler.java:doStart(916)) - Started o.e.j.s.ServletContextHandler@5dea4334{static,/static,file:///github/workspace/mnt/ozone/hadoop-ozone/integration-test/target/test-classes/webapps/static,AVAILABLE}
2020-11-16 17:31:42,354 [Listener at 127.0.0.1/35907] INFO  handler.ContextHandler (ContextHandler.java:doStart(916)) - Started o.e.j.w.WebAppContext@2c0d056c{ozoneManager,/,file:///github/workspace/mnt/ozone/hadoop-ozone/integration-test/target/test-classes/webapps/ozoneManager/,AVAILABLE}{file:/github/workspace/mnt/ozone/hadoop-ozone/integration-test/target/test-classes/webapps/ozoneManager}
2020-11-16 17:31:42,356 [Listener at 127.0.0.1/35907] INFO  server.AbstractConnector (AbstractConnector.java:doStart(331)) - Started ServerConnector@5e130065{HTTP/1.1, (http/1.1)}{0.0.0.0:38285}
2020-11-16 17:31:42,356 [Listener at 127.0.0.1/35907] INFO  server.Server (Server.java:doStart(415)) - Started @280645ms
2020-11-16 17:31:42,356 [Listener at 127.0.0.1/35907] WARN  impl.MetricsSystemImpl (MetricsSystemImpl.java:register(276)) - Sink prometheus already exists!
2020-11-16 17:31:42,358 [Listener at 127.0.0.1/35907] INFO  http.BaseHttpServer (BaseHttpServer.java:updateConnectorAddress(327)) - HTTP server of ozoneManager listening at http://0.0.0.0:38285
2020-11-16 17:31:42,359 [IPC Server Responder] INFO  ipc.Server (Server.java:run(1460)) - IPC Server Responder: starting
2020-11-16 17:31:42,363 [IPC Server listener on 0] INFO  ipc.Server (Server.java:run(1298)) - IPC Server listener on 0: starting
2020-11-16 17:31:42,366 [Listener at 127.0.0.1/35907] INFO  om.OzoneManager (OzoneManager.java:startTrashEmptier(1268)) - Trash Interval set to 0. Files deleted will not move to trash
2020-11-16 17:31:42,366 [org.apache.hadoop.util.JvmPauseMonitor$Monitor@678bf96c] INFO  util.JvmPauseMonitor (JvmPauseMonitor.java:run(188)) - Starting JVM pause monitor
2020-11-16 17:31:42,389 [Listener at 127.0.0.1/35907] INFO  impl.MetricsSystemImpl (MetricsSystemImpl.java:init(158)) - HddsDatanode metrics system started (again)
2020-11-16 17:31:42,391 [Listener at 127.0.0.1/35907] INFO  ozone.HddsDatanodeService (HddsDatanodeService.java:start(217)) - HddsDatanodeService host:17b325b6a691 ip:172.17.0.2
2020-11-16 17:31:42,393 [Listener at 127.0.0.1/35907] INFO  volume.HddsVolume (HddsVolume.java:<init>(176)) - Creating Volume: /github/workspace/mnt/ozone/hadoop-ozone/integration-test/target/test-dir/MiniOzoneClusterImpl-7523e9d5-68c3-40ce-b00f-57fa4c553895/datanode-0/data-0/containers/hdds of storage type : DISK and capacity : 9223372036854775807
2020-11-16 17:31:42,393 [Listener at 127.0.0.1/35907] INFO  volume.MutableVolumeSet (MutableVolumeSet.java:initializeVolumeSet(179)) - Added Volume : /github/workspace/mnt/ozone/hadoop-ozone/integration-test/target/test-dir/MiniOzoneClusterImpl-7523e9d5-68c3-40ce-b00f-57fa4c553895/datanode-0/data-0/containers/hdds to VolumeSet
2020-11-16 17:31:42,393 [Listener at 127.0.0.1/35907] INFO  volume.ThrottledAsyncChecker (ThrottledAsyncChecker.java:schedule(141)) - Scheduling a check for /github/workspace/mnt/ozone/hadoop-ozone/integration-test/target/test-dir/MiniOzoneClusterImpl-7523e9d5-68c3-40ce-b00f-57fa4c553895/datanode-0/data-0/containers/hdds
2020-11-16 17:31:42,394 [Listener at 127.0.0.1/35907] INFO  volume.HddsVolumeChecker (HddsVolumeChecker.java:checkAllVolumes(200)) - Scheduled health check for volume /github/workspace/mnt/ozone/hadoop-ozone/integration-test/target/test-dir/MiniOzoneClusterImpl-7523e9d5-68c3-40ce-b00f-57fa4c553895/datanode-0/data-0/containers/hdds
2020-11-16 17:31:42,405 [Thread-2390] INFO  ozoneimpl.ContainerReader (ContainerReader.java:readVolume(123)) - Start to verify containers on volume /github/workspace/mnt/ozone/hadoop-ozone/integration-test/target/test-dir/MiniOzoneClusterImpl-7523e9d5-68c3-40ce-b00f-57fa4c553895/datanode-0/data-0/containers/hdds
2020-11-16 17:31:42,405 [Thread-2390] INFO  ozoneimpl.ContainerReader (ContainerReader.java:readVolume(148)) - Finish verifying containers on volume /github/workspace/mnt/ozone/hadoop-ozone/integration-test/target/test-dir/MiniOzoneClusterImpl-7523e9d5-68c3-40ce-b00f-57fa4c553895/datanode-0/data-0/containers/hdds
2020-11-16 17:31:42,406 [Listener at 127.0.0.1/35907] INFO  ozoneimpl.OzoneContainer (OzoneContainer.java:buildContainerSet(196)) - Build ContainerSet costs 0s
2020-11-16 17:31:42,407 [Listener at 127.0.0.1/35907] INFO  impl.RaftServerProxy (ConfUtils.java:logGet(44)) - raft.rpc.type = GRPC (default)
2020-11-16 17:31:42,407 [Listener at 127.0.0.1/35907] INFO  grpc.GrpcFactory (GrpcFactory.java:checkPooledByteBufAllocatorUseCacheForAllThreads(45)) - PERFORMANCE WARNING: useCacheForAllThreads is true that may cause Netty to create a lot garbage objects and, as a result, trigger GC.
	It is recommended to disable useCacheForAllThreads by setting -Dorg.apache.ratis.thirdparty.io.netty.allocator.useCacheForAllThreads=false in command line.
2020-11-16 17:31:42,407 [Listener at 127.0.0.1/35907] INFO  grpc.GrpcConfigKeys (ConfUtils.java:logGet(44)) - raft.grpc.server.port = 0 (default)
2020-11-16 17:31:42,407 [Listener at 127.0.0.1/35907] INFO  server.GrpcService (ConfUtils.java:logGet(44)) - raft.grpc.message.size.max = 32MB (=33554432) (custom)
2020-11-16 17:31:42,407 [Listener at 127.0.0.1/35907] INFO  server.RaftServerConfigKeys (ConfUtils.java:logGet(44)) - raft.server.log.appender.buffer.byte-limit = 33554432 (custom)
2020-11-16 17:31:42,408 [Listener at 127.0.0.1/35907] INFO  server.GrpcService (ConfUtils.java:logGet(44)) - raft.grpc.flow.control.window = 5MB (=5242880) (custom)
2020-11-16 17:31:42,408 [Listener at 127.0.0.1/35907] INFO  server.RaftServerConfigKeys (ConfUtils.java:logGet(44)) - raft.server.rpc.request.timeout = 3000ms (default)
2020-11-16 17:31:42,409 [Listener at 127.0.0.1/35907] INFO  server.RaftServerConfigKeys (ConfUtils.java:logGet(44)) - raft.server.storage.dir = [/github/workspace/mnt/ozone/hadoop-ozone/integration-test/target/test-dir/MiniOzoneClusterImpl-7523e9d5-68c3-40ce-b00f-57fa4c553895/datanode-0/data/ratis] (custom)
2020-11-16 17:31:42,413 [Listener at 127.0.0.1/35907] INFO  http.BaseHttpServer (BaseHttpServer.java:newHttpServer2BuilderForOzone(207)) - Starting Web-server for hddsDatanode at: http://0.0.0.0:0
2020-11-16 17:31:42,413 [Listener at 127.0.0.1/35907] INFO  http.BaseHttpServer (BaseHttpServer.java:<init>(106)) - Hadoop Security Enabled: false Ozone Security Enabled: false Ozone HTTP Security Enabled: false 
2020-11-16 17:31:42,413 [Listener at 127.0.0.1/35907] INFO  server.AuthenticationFilter (AuthenticationFilter.java:constructSecretProvider(240)) - Unable to initialize FileSignerSecretProvider, falling back to use random secrets.
2020-11-16 17:31:42,414 [Listener at 127.0.0.1/35907] WARN  http.HttpRequestLog (HttpRequestLog.java:getRequestLog(103)) - Jetty request log can only be enabled using Log4j
2020-11-16 17:31:42,415 [Listener at 127.0.0.1/35907] INFO  http.HttpServer2 (HttpServer2.java:addGlobalFilter(1019)) - Added global filter 'safety' (class=org.apache.hadoop.hdds.server.http.HttpServer2$QuotingInputFilter)
2020-11-16 17:31:42,415 [Listener at 127.0.0.1/35907] INFO  http.HttpServer2 (HttpServer2.java:addFilter(995)) - Added filter static_user_filter (class=org.apache.hadoop.http.lib.StaticUserWebFilter$StaticUserFilter) to context hddsDatanode
2020-11-16 17:31:42,415 [Listener at 127.0.0.1/35907] INFO  http.HttpServer2 (HttpServer2.java:addFilter(1003)) - Added filter static_user_filter (class=org.apache.hadoop.http.lib.StaticUserWebFilter$StaticUserFilter) to context static
2020-11-16 17:31:42,415 [Listener at 127.0.0.1/35907] INFO  http.HttpServer2 (HttpServer2.java:addFilter(1003)) - Added filter static_user_filter (class=org.apache.hadoop.http.lib.StaticUserWebFilter$StaticUserFilter) to context logs
2020-11-16 17:31:42,416 [Listener at 127.0.0.1/35907] INFO  http.HttpServer2 (HttpServer2.java:bindListener(1237)) - Jetty bound to port 43879
2020-11-16 17:31:42,416 [Listener at 127.0.0.1/35907] INFO  server.Server (Server.java:doStart(375)) - jetty-9.4.34.v20201102; built: 2020-11-02T14:15:39.302Z; git: e46af88704a893fc12cb0e3bf46e2c7b48a009e7; jvm 1.8.0_232-b09
2020-11-16 17:31:42,417 [Listener at 127.0.0.1/35907] INFO  server.session (DefaultSessionIdManager.java:doStart(334)) - DefaultSessionIdManager workerName=node0
2020-11-16 17:31:42,417 [Listener at 127.0.0.1/35907] INFO  server.session (DefaultSessionIdManager.java:doStart(339)) - No SessionScavenger set, using defaults
2020-11-16 17:31:42,417 [Listener at 127.0.0.1/35907] INFO  server.session (HouseKeeper.java:startScavenging(132)) - node0 Scavenging every 600000ms
2020-11-16 17:31:42,418 [Listener at 127.0.0.1/35907] INFO  handler.ContextHandler (ContextHandler.java:doStart(916)) - Started o.e.j.s.ServletContextHandler@35bea4c2{logs,/logs,file:///github/workspace/mnt/ozone/hadoop-ozone/integration-test/target/log,AVAILABLE}
2020-11-16 17:31:42,418 [Listener at 127.0.0.1/35907] INFO  handler.ContextHandler (ContextHandler.java:doStart(916)) - Started o.e.j.s.ServletContextHandler@1b6de605{static,/static,jar:file:/home/user/.m2/repository/org/apache/hadoop/hadoop-hdds-container-service/1.1.0-SNAPSHOT/hadoop-hdds-container-service-1.1.0-SNAPSHOT.jar!/webapps/static,AVAILABLE}
2020-11-16 17:31:42,561 [Listener at 127.0.0.1/35907] INFO  handler.ContextHandler (ContextHandler.java:doStart(916)) - Started o.e.j.w.WebAppContext@6fb0925e{hddsDatanode,/,file:///tmp/jetty-0_0_0_0-43879-hadoop-hdds-container-service-1_1_0-SNAPSHOT_jar-_-any-1998392279957542402/webapp/,AVAILABLE}{jar:file:/home/user/.m2/repository/org/apache/hadoop/hadoop-hdds-container-service/1.1.0-SNAPSHOT/hadoop-hdds-container-service-1.1.0-SNAPSHOT.jar!/webapps/hddsDatanode}
2020-11-16 17:31:42,562 [Listener at 127.0.0.1/35907] INFO  server.AbstractConnector (AbstractConnector.java:doStart(331)) - Started ServerConnector@42a2dc99{HTTP/1.1, (http/1.1)}{0.0.0.0:43879}
2020-11-16 17:31:42,562 [Listener at 127.0.0.1/35907] INFO  server.Server (Server.java:doStart(415)) - Started @280852ms
2020-11-16 17:31:42,563 [Listener at 127.0.0.1/35907] WARN  impl.MetricsSystemImpl (MetricsSystemImpl.java:register(276)) - Sink prometheus already exists!
2020-11-16 17:31:42,566 [Listener at 127.0.0.1/35907] INFO  http.BaseHttpServer (BaseHttpServer.java:updateConnectorAddress(327)) - HTTP server of hddsDatanode listening at http://0.0.0.0:43879
2020-11-16 17:31:42,566 [Listener at 127.0.0.1/35907] INFO  impl.MetricsSystemImpl (MetricsSystemImpl.java:init(158)) - HddsDatanode metrics system started (again)
2020-11-16 17:31:42,569 [Listener at 127.0.0.1/35907] INFO  ozone.HddsDatanodeService (HddsDatanodeService.java:start(217)) - HddsDatanodeService host:17b325b6a691 ip:172.17.0.2
2020-11-16 17:31:42,570 [org.apache.hadoop.util.JvmPauseMonitor$Monitor@456baa4] INFO  util.JvmPauseMonitor (JvmPauseMonitor.java:run(188)) - Starting JVM pause monitor
2020-11-16 17:31:42,570 [Datanode State Machine Task Thread - 0] INFO  datanode.InitDatanodeState (InitDatanodeState.java:persistContainerDatanodeDetails(145)) - DatanodeDetails is persisted to /github/workspace/mnt/ozone/hadoop-ozone/integration-test/target/test-dir/MiniOzoneClusterImpl-7523e9d5-68c3-40ce-b00f-57fa4c553895/datanode-0/meta/datanode.id
2020-11-16 17:31:42,571 [Listener at 127.0.0.1/35907] INFO  volume.HddsVolume (HddsVolume.java:<init>(176)) - Creating Volume: /github/workspace/mnt/ozone/hadoop-ozone/integration-test/target/test-dir/MiniOzoneClusterImpl-7523e9d5-68c3-40ce-b00f-57fa4c553895/datanode-1/data-0/containers/hdds of storage type : DISK and capacity : 9223372036854775807
2020-11-16 17:31:42,571 [Listener at 127.0.0.1/35907] INFO  volume.MutableVolumeSet (MutableVolumeSet.java:initializeVolumeSet(179)) - Added Volume : /github/workspace/mnt/ozone/hadoop-ozone/integration-test/target/test-dir/MiniOzoneClusterImpl-7523e9d5-68c3-40ce-b00f-57fa4c553895/datanode-1/data-0/containers/hdds to VolumeSet
2020-11-16 17:31:42,571 [Listener at 127.0.0.1/35907] INFO  volume.ThrottledAsyncChecker (ThrottledAsyncChecker.java:schedule(141)) - Scheduling a check for /github/workspace/mnt/ozone/hadoop-ozone/integration-test/target/test-dir/MiniOzoneClusterImpl-7523e9d5-68c3-40ce-b00f-57fa4c553895/datanode-1/data-0/containers/hdds
2020-11-16 17:31:42,572 [Listener at 127.0.0.1/35907] INFO  volume.HddsVolumeChecker (HddsVolumeChecker.java:checkAllVolumes(200)) - Scheduled health check for volume /github/workspace/mnt/ozone/hadoop-ozone/integration-test/target/test-dir/MiniOzoneClusterImpl-7523e9d5-68c3-40ce-b00f-57fa4c553895/datanode-1/data-0/containers/hdds
2020-11-16 17:31:42,584 [Thread-2401] INFO  ozoneimpl.ContainerReader (ContainerReader.java:readVolume(123)) - Start to verify containers on volume /github/workspace/mnt/ozone/hadoop-ozone/integration-test/target/test-dir/MiniOzoneClusterImpl-7523e9d5-68c3-40ce-b00f-57fa4c553895/datanode-1/data-0/containers/hdds
2020-11-16 17:31:42,584 [Thread-2401] INFO  ozoneimpl.ContainerReader (ContainerReader.java:readVolume(148)) - Finish verifying containers on volume /github/workspace/mnt/ozone/hadoop-ozone/integration-test/target/test-dir/MiniOzoneClusterImpl-7523e9d5-68c3-40ce-b00f-57fa4c553895/datanode-1/data-0/containers/hdds
2020-11-16 17:31:42,584 [Listener at 127.0.0.1/35907] INFO  ozoneimpl.OzoneContainer (OzoneContainer.java:buildContainerSet(196)) - Build ContainerSet costs 0s
2020-11-16 17:31:42,585 [Listener at 127.0.0.1/35907] INFO  impl.RaftServerProxy (ConfUtils.java:logGet(44)) - raft.rpc.type = GRPC (default)
2020-11-16 17:31:42,585 [Listener at 127.0.0.1/35907] INFO  grpc.GrpcFactory (GrpcFactory.java:checkPooledByteBufAllocatorUseCacheForAllThreads(45)) - PERFORMANCE WARNING: useCacheForAllThreads is true that may cause Netty to create a lot garbage objects and, as a result, trigger GC.
	It is recommended to disable useCacheForAllThreads by setting -Dorg.apache.ratis.thirdparty.io.netty.allocator.useCacheForAllThreads=false in command line.
2020-11-16 17:31:42,586 [Listener at 127.0.0.1/35907] INFO  grpc.GrpcConfigKeys (ConfUtils.java:logGet(44)) - raft.grpc.server.port = 0 (default)
2020-11-16 17:31:42,586 [Listener at 127.0.0.1/35907] INFO  server.GrpcService (ConfUtils.java:logGet(44)) - raft.grpc.message.size.max = 32MB (=33554432) (custom)
2020-11-16 17:31:42,586 [Listener at 127.0.0.1/35907] INFO  server.RaftServerConfigKeys (ConfUtils.java:logGet(44)) - raft.server.log.appender.buffer.byte-limit = 33554432 (custom)
2020-11-16 17:31:42,586 [Listener at 127.0.0.1/35907] INFO  server.GrpcService (ConfUtils.java:logGet(44)) - raft.grpc.flow.control.window = 5MB (=5242880) (custom)
2020-11-16 17:31:42,586 [Listener at 127.0.0.1/35907] INFO  server.RaftServerConfigKeys (ConfUtils.java:logGet(44)) - raft.server.rpc.request.timeout = 3000ms (default)
2020-11-16 17:31:42,587 [Listener at 127.0.0.1/35907] INFO  server.RaftServerConfigKeys (ConfUtils.java:logGet(44)) - raft.server.storage.dir = [/github/workspace/mnt/ozone/hadoop-ozone/integration-test/target/test-dir/MiniOzoneClusterImpl-7523e9d5-68c3-40ce-b00f-57fa4c553895/datanode-1/data/ratis] (custom)
2020-11-16 17:31:42,591 [Listener at 127.0.0.1/35907] INFO  http.BaseHttpServer (BaseHttpServer.java:newHttpServer2BuilderForOzone(207)) - Starting Web-server for hddsDatanode at: http://0.0.0.0:0
2020-11-16 17:31:42,592 [Listener at 127.0.0.1/35907] INFO  http.BaseHttpServer (BaseHttpServer.java:<init>(106)) - Hadoop Security Enabled: false Ozone Security Enabled: false Ozone HTTP Security Enabled: false 
2020-11-16 17:31:42,592 [Listener at 127.0.0.1/35907] INFO  server.AuthenticationFilter (AuthenticationFilter.java:constructSecretProvider(240)) - Unable to initialize FileSignerSecretProvider, falling back to use random secrets.
2020-11-16 17:31:42,593 [Listener at 127.0.0.1/35907] WARN  http.HttpRequestLog (HttpRequestLog.java:getRequestLog(103)) - Jetty request log can only be enabled using Log4j
2020-11-16 17:31:42,593 [Listener at 127.0.0.1/35907] INFO  http.HttpServer2 (HttpServer2.java:addGlobalFilter(1019)) - Added global filter 'safety' (class=org.apache.hadoop.hdds.server.http.HttpServer2$QuotingInputFilter)
2020-11-16 17:31:42,594 [Listener at 127.0.0.1/35907] INFO  http.HttpServer2 (HttpServer2.java:addFilter(995)) - Added filter static_user_filter (class=org.apache.hadoop.http.lib.StaticUserWebFilter$StaticUserFilter) to context hddsDatanode
2020-11-16 17:31:42,594 [Listener at 127.0.0.1/35907] INFO  http.HttpServer2 (HttpServer2.java:addFilter(1003)) - Added filter static_user_filter (class=org.apache.hadoop.http.lib.StaticUserWebFilter$StaticUserFilter) to context static
2020-11-16 17:31:42,594 [Listener at 127.0.0.1/35907] INFO  http.HttpServer2 (HttpServer2.java:addFilter(1003)) - Added filter static_user_filter (class=org.apache.hadoop.http.lib.StaticUserWebFilter$StaticUserFilter) to context logs
2020-11-16 17:31:42,594 [Listener at 127.0.0.1/35907] INFO  http.HttpServer2 (HttpServer2.java:bindListener(1237)) - Jetty bound to port 36867
2020-11-16 17:31:42,595 [Listener at 127.0.0.1/35907] INFO  server.Server (Server.java:doStart(375)) - jetty-9.4.34.v20201102; built: 2020-11-02T14:15:39.302Z; git: e46af88704a893fc12cb0e3bf46e2c7b48a009e7; jvm 1.8.0_232-b09
2020-11-16 17:31:42,596 [Listener at 127.0.0.1/35907] INFO  server.session (DefaultSessionIdManager.java:doStart(334)) - DefaultSessionIdManager workerName=node0
2020-11-16 17:31:42,596 [Listener at 127.0.0.1/35907] INFO  server.session (DefaultSessionIdManager.java:doStart(339)) - No SessionScavenger set, using defaults
2020-11-16 17:31:42,596 [Listener at 127.0.0.1/35907] INFO  server.session (HouseKeeper.java:startScavenging(132)) - node0 Scavenging every 660000ms
2020-11-16 17:31:42,597 [Listener at 127.0.0.1/35907] INFO  handler.ContextHandler (ContextHandler.java:doStart(916)) - Started o.e.j.s.ServletContextHandler@4dc68f93{logs,/logs,file:///github/workspace/mnt/ozone/hadoop-ozone/integration-test/target/log,AVAILABLE}
2020-11-16 17:31:42,597 [Listener at 127.0.0.1/35907] INFO  handler.ContextHandler (ContextHandler.java:doStart(916)) - Started o.e.j.s.ServletContextHandler@711badda{static,/static,jar:file:/home/user/.m2/repository/org/apache/hadoop/hadoop-hdds-container-service/1.1.0-SNAPSHOT/hadoop-hdds-container-service-1.1.0-SNAPSHOT.jar!/webapps/static,AVAILABLE}
2020-11-16 17:31:42,733 [Listener at 127.0.0.1/35907] INFO  handler.ContextHandler (ContextHandler.java:doStart(916)) - Started o.e.j.w.WebAppContext@7a3cc3cb{hddsDatanode,/,file:///tmp/jetty-0_0_0_0-36867-hadoop-hdds-container-service-1_1_0-SNAPSHOT_jar-_-any-1710568281189798368/webapp/,AVAILABLE}{jar:file:/home/user/.m2/repository/org/apache/hadoop/hadoop-hdds-container-service/1.1.0-SNAPSHOT/hadoop-hdds-container-service-1.1.0-SNAPSHOT.jar!/webapps/hddsDatanode}
2020-11-16 17:31:42,735 [Listener at 127.0.0.1/35907] INFO  server.AbstractConnector (AbstractConnector.java:doStart(331)) - Started ServerConnector@6ac62a10{HTTP/1.1, (http/1.1)}{0.0.0.0:36867}
2020-11-16 17:31:42,735 [Listener at 127.0.0.1/35907] INFO  server.Server (Server.java:doStart(415)) - Started @281024ms
2020-11-16 17:31:42,735 [Listener at 127.0.0.1/35907] WARN  impl.MetricsSystemImpl (MetricsSystemImpl.java:register(276)) - Sink prometheus already exists!
2020-11-16 17:31:42,738 [Listener at 127.0.0.1/35907] INFO  http.BaseHttpServer (BaseHttpServer.java:updateConnectorAddress(327)) - HTTP server of hddsDatanode listening at http://0.0.0.0:36867
2020-11-16 17:31:42,739 [Listener at 127.0.0.1/35907] INFO  impl.MetricsSystemImpl (MetricsSystemImpl.java:init(158)) - HddsDatanode metrics system started (again)
2020-11-16 17:31:42,742 [Listener at 127.0.0.1/35907] INFO  ozone.HddsDatanodeService (HddsDatanodeService.java:start(217)) - HddsDatanodeService host:17b325b6a691 ip:172.17.0.2
2020-11-16 17:31:42,747 [org.apache.hadoop.util.JvmPauseMonitor$Monitor@365c66b7] INFO  util.JvmPauseMonitor (JvmPauseMonitor.java:run(188)) - Starting JVM pause monitor
2020-11-16 17:31:42,748 [Listener at 127.0.0.1/35907] INFO  volume.HddsVolume (HddsVolume.java:<init>(176)) - Creating Volume: /github/workspace/mnt/ozone/hadoop-ozone/integration-test/target/test-dir/MiniOzoneClusterImpl-7523e9d5-68c3-40ce-b00f-57fa4c553895/datanode-2/data-0/containers/hdds of storage type : DISK and capacity : 9223372036854775807
2020-11-16 17:31:42,748 [Listener at 127.0.0.1/35907] INFO  volume.MutableVolumeSet (MutableVolumeSet.java:initializeVolumeSet(179)) - Added Volume : /github/workspace/mnt/ozone/hadoop-ozone/integration-test/target/test-dir/MiniOzoneClusterImpl-7523e9d5-68c3-40ce-b00f-57fa4c553895/datanode-2/data-0/containers/hdds to VolumeSet
2020-11-16 17:31:42,748 [Listener at 127.0.0.1/35907] INFO  volume.ThrottledAsyncChecker (ThrottledAsyncChecker.java:schedule(141)) - Scheduling a check for /github/workspace/mnt/ozone/hadoop-ozone/integration-test/target/test-dir/MiniOzoneClusterImpl-7523e9d5-68c3-40ce-b00f-57fa4c553895/datanode-2/data-0/containers/hdds
2020-11-16 17:31:42,748 [Listener at 127.0.0.1/35907] INFO  volume.HddsVolumeChecker (HddsVolumeChecker.java:checkAllVolumes(200)) - Scheduled health check for volume /github/workspace/mnt/ozone/hadoop-ozone/integration-test/target/test-dir/MiniOzoneClusterImpl-7523e9d5-68c3-40ce-b00f-57fa4c553895/datanode-2/data-0/containers/hdds
2020-11-16 17:31:42,750 [Datanode State Machine Task Thread - 0] INFO  datanode.InitDatanodeState (InitDatanodeState.java:persistContainerDatanodeDetails(145)) - DatanodeDetails is persisted to /github/workspace/mnt/ozone/hadoop-ozone/integration-test/target/test-dir/MiniOzoneClusterImpl-7523e9d5-68c3-40ce-b00f-57fa4c553895/datanode-1/meta/datanode.id
2020-11-16 17:31:42,765 [Thread-2412] INFO  ozoneimpl.ContainerReader (ContainerReader.java:readVolume(123)) - Start to verify containers on volume /github/workspace/mnt/ozone/hadoop-ozone/integration-test/target/test-dir/MiniOzoneClusterImpl-7523e9d5-68c3-40ce-b00f-57fa4c553895/datanode-2/data-0/containers/hdds
2020-11-16 17:31:42,765 [Thread-2412] INFO  ozoneimpl.ContainerReader (ContainerReader.java:readVolume(148)) - Finish verifying containers on volume /github/workspace/mnt/ozone/hadoop-ozone/integration-test/target/test-dir/MiniOzoneClusterImpl-7523e9d5-68c3-40ce-b00f-57fa4c553895/datanode-2/data-0/containers/hdds
2020-11-16 17:31:42,765 [Listener at 127.0.0.1/35907] INFO  ozoneimpl.OzoneContainer (OzoneContainer.java:buildContainerSet(196)) - Build ContainerSet costs 0s
2020-11-16 17:31:42,767 [Listener at 127.0.0.1/35907] INFO  impl.RaftServerProxy (ConfUtils.java:logGet(44)) - raft.rpc.type = GRPC (default)
2020-11-16 17:31:42,767 [Listener at 127.0.0.1/35907] INFO  grpc.GrpcFactory (GrpcFactory.java:checkPooledByteBufAllocatorUseCacheForAllThreads(45)) - PERFORMANCE WARNING: useCacheForAllThreads is true that may cause Netty to create a lot garbage objects and, as a result, trigger GC.
	It is recommended to disable useCacheForAllThreads by setting -Dorg.apache.ratis.thirdparty.io.netty.allocator.useCacheForAllThreads=false in command line.
2020-11-16 17:31:42,767 [Listener at 127.0.0.1/35907] INFO  grpc.GrpcConfigKeys (ConfUtils.java:logGet(44)) - raft.grpc.server.port = 0 (default)
2020-11-16 17:31:42,767 [Listener at 127.0.0.1/35907] INFO  server.GrpcService (ConfUtils.java:logGet(44)) - raft.grpc.message.size.max = 32MB (=33554432) (custom)
2020-11-16 17:31:42,767 [Listener at 127.0.0.1/35907] INFO  server.RaftServerConfigKeys (ConfUtils.java:logGet(44)) - raft.server.log.appender.buffer.byte-limit = 33554432 (custom)
2020-11-16 17:31:42,767 [Listener at 127.0.0.1/35907] INFO  server.GrpcService (ConfUtils.java:logGet(44)) - raft.grpc.flow.control.window = 5MB (=5242880) (custom)
2020-11-16 17:31:42,767 [Listener at 127.0.0.1/35907] INFO  server.RaftServerConfigKeys (ConfUtils.java:logGet(44)) - raft.server.rpc.request.timeout = 3000ms (default)
2020-11-16 17:31:42,768 [Listener at 127.0.0.1/35907] INFO  server.RaftServerConfigKeys (ConfUtils.java:logGet(44)) - raft.server.storage.dir = [/github/workspace/mnt/ozone/hadoop-ozone/integration-test/target/test-dir/MiniOzoneClusterImpl-7523e9d5-68c3-40ce-b00f-57fa4c553895/datanode-2/data/ratis] (custom)
2020-11-16 17:31:42,772 [Listener at 127.0.0.1/35907] INFO  http.BaseHttpServer (BaseHttpServer.java:newHttpServer2BuilderForOzone(207)) - Starting Web-server for hddsDatanode at: http://0.0.0.0:0
2020-11-16 17:31:42,772 [Listener at 127.0.0.1/35907] INFO  http.BaseHttpServer (BaseHttpServer.java:<init>(106)) - Hadoop Security Enabled: false Ozone Security Enabled: false Ozone HTTP Security Enabled: false 
2020-11-16 17:31:42,773 [Listener at 127.0.0.1/35907] INFO  server.AuthenticationFilter (AuthenticationFilter.java:constructSecretProvider(240)) - Unable to initialize FileSignerSecretProvider, falling back to use random secrets.
2020-11-16 17:31:42,773 [Listener at 127.0.0.1/35907] WARN  http.HttpRequestLog (HttpRequestLog.java:getRequestLog(103)) - Jetty request log can only be enabled using Log4j
2020-11-16 17:31:42,774 [Listener at 127.0.0.1/35907] INFO  http.HttpServer2 (HttpServer2.java:addGlobalFilter(1019)) - Added global filter 'safety' (class=org.apache.hadoop.hdds.server.http.HttpServer2$QuotingInputFilter)
2020-11-16 17:31:42,775 [Listener at 127.0.0.1/35907] INFO  http.HttpServer2 (HttpServer2.java:addFilter(995)) - Added filter static_user_filter (class=org.apache.hadoop.http.lib.StaticUserWebFilter$StaticUserFilter) to context hddsDatanode
2020-11-16 17:31:42,775 [Listener at 127.0.0.1/35907] INFO  http.HttpServer2 (HttpServer2.java:addFilter(1003)) - Added filter static_user_filter (class=org.apache.hadoop.http.lib.StaticUserWebFilter$StaticUserFilter) to context logs
2020-11-16 17:31:42,775 [Listener at 127.0.0.1/35907] INFO  http.HttpServer2 (HttpServer2.java:addFilter(1003)) - Added filter static_user_filter (class=org.apache.hadoop.http.lib.StaticUserWebFilter$StaticUserFilter) to context static
2020-11-16 17:31:42,775 [Listener at 127.0.0.1/35907] INFO  http.HttpServer2 (HttpServer2.java:bindListener(1237)) - Jetty bound to port 37295
2020-11-16 17:31:42,775 [Listener at 127.0.0.1/35907] INFO  server.Server (Server.java:doStart(375)) - jetty-9.4.34.v20201102; built: 2020-11-02T14:15:39.302Z; git: e46af88704a893fc12cb0e3bf46e2c7b48a009e7; jvm 1.8.0_232-b09
2020-11-16 17:31:42,779 [Listener at 127.0.0.1/35907] INFO  server.session (DefaultSessionIdManager.java:doStart(334)) - DefaultSessionIdManager workerName=node0
2020-11-16 17:31:42,779 [Listener at 127.0.0.1/35907] INFO  server.session (DefaultSessionIdManager.java:doStart(339)) - No SessionScavenger set, using defaults
2020-11-16 17:31:42,779 [Listener at 127.0.0.1/35907] INFO  server.session (HouseKeeper.java:startScavenging(132)) - node0 Scavenging every 600000ms
2020-11-16 17:31:42,780 [Listener at 127.0.0.1/35907] INFO  handler.ContextHandler (ContextHandler.java:doStart(916)) - Started o.e.j.s.ServletContextHandler@3287f074{logs,/logs,file:///github/workspace/mnt/ozone/hadoop-ozone/integration-test/target/log,AVAILABLE}
2020-11-16 17:31:42,781 [Listener at 127.0.0.1/35907] INFO  handler.ContextHandler (ContextHandler.java:doStart(916)) - Started o.e.j.s.ServletContextHandler@728eab6a{static,/static,jar:file:/home/user/.m2/repository/org/apache/hadoop/hadoop-hdds-container-service/1.1.0-SNAPSHOT/hadoop-hdds-container-service-1.1.0-SNAPSHOT.jar!/webapps/static,AVAILABLE}
2020-11-16 17:31:42,912 [Listener at 127.0.0.1/35907] INFO  handler.ContextHandler (ContextHandler.java:doStart(916)) - Started o.e.j.w.WebAppContext@182a0812{hddsDatanode,/,file:///tmp/jetty-0_0_0_0-37295-hadoop-hdds-container-service-1_1_0-SNAPSHOT_jar-_-any-7611427555400659017/webapp/,AVAILABLE}{jar:file:/home/user/.m2/repository/org/apache/hadoop/hadoop-hdds-container-service/1.1.0-SNAPSHOT/hadoop-hdds-container-service-1.1.0-SNAPSHOT.jar!/webapps/hddsDatanode}
2020-11-16 17:31:42,914 [Listener at 127.0.0.1/35907] INFO  server.AbstractConnector (AbstractConnector.java:doStart(331)) - Started ServerConnector@145251b0{HTTP/1.1, (http/1.1)}{0.0.0.0:37295}
2020-11-16 17:31:42,914 [Listener at 127.0.0.1/35907] INFO  server.Server (Server.java:doStart(415)) - Started @281203ms
2020-11-16 17:31:42,914 [Listener at 127.0.0.1/35907] WARN  impl.MetricsSystemImpl (MetricsSystemImpl.java:register(276)) - Sink prometheus already exists!
2020-11-16 17:31:42,917 [Listener at 127.0.0.1/35907] INFO  http.BaseHttpServer (BaseHttpServer.java:updateConnectorAddress(327)) - HTTP server of hddsDatanode listening at http://0.0.0.0:37295
2020-11-16 17:31:42,918 [Listener at 127.0.0.1/35907] INFO  impl.MetricsSystemImpl (MetricsSystemImpl.java:init(158)) - HddsDatanode metrics system started (again)
2020-11-16 17:31:42,922 [Listener at 127.0.0.1/35907] INFO  ozone.HddsDatanodeService (HddsDatanodeService.java:start(217)) - HddsDatanodeService host:17b325b6a691 ip:172.17.0.2
2020-11-16 17:31:42,923 [org.apache.hadoop.util.JvmPauseMonitor$Monitor@5552acf5] INFO  util.JvmPauseMonitor (JvmPauseMonitor.java:run(188)) - Starting JVM pause monitor
2020-11-16 17:31:42,924 [Datanode State Machine Task Thread - 0] INFO  datanode.InitDatanodeState (InitDatanodeState.java:persistContainerDatanodeDetails(145)) - DatanodeDetails is persisted to /github/workspace/mnt/ozone/hadoop-ozone/integration-test/target/test-dir/MiniOzoneClusterImpl-7523e9d5-68c3-40ce-b00f-57fa4c553895/datanode-2/meta/datanode.id
2020-11-16 17:31:42,924 [Listener at 127.0.0.1/35907] INFO  volume.HddsVolume (HddsVolume.java:<init>(176)) - Creating Volume: /github/workspace/mnt/ozone/hadoop-ozone/integration-test/target/test-dir/MiniOzoneClusterImpl-7523e9d5-68c3-40ce-b00f-57fa4c553895/datanode-3/data-0/containers/hdds of storage type : DISK and capacity : 9223372036854775807
2020-11-16 17:31:42,925 [Listener at 127.0.0.1/35907] INFO  volume.MutableVolumeSet (MutableVolumeSet.java:initializeVolumeSet(179)) - Added Volume : /github/workspace/mnt/ozone/hadoop-ozone/integration-test/target/test-dir/MiniOzoneClusterImpl-7523e9d5-68c3-40ce-b00f-57fa4c553895/datanode-3/data-0/containers/hdds to VolumeSet
2020-11-16 17:31:42,925 [Listener at 127.0.0.1/35907] INFO  volume.ThrottledAsyncChecker (ThrottledAsyncChecker.java:schedule(141)) - Scheduling a check for /github/workspace/mnt/ozone/hadoop-ozone/integration-test/target/test-dir/MiniOzoneClusterImpl-7523e9d5-68c3-40ce-b00f-57fa4c553895/datanode-3/data-0/containers/hdds
2020-11-16 17:31:42,925 [Listener at 127.0.0.1/35907] INFO  volume.HddsVolumeChecker (HddsVolumeChecker.java:checkAllVolumes(200)) - Scheduled health check for volume /github/workspace/mnt/ozone/hadoop-ozone/integration-test/target/test-dir/MiniOzoneClusterImpl-7523e9d5-68c3-40ce-b00f-57fa4c553895/datanode-3/data-0/containers/hdds
2020-11-16 17:31:42,937 [Thread-2423] INFO  ozoneimpl.ContainerReader (ContainerReader.java:readVolume(123)) - Start to verify containers on volume /github/workspace/mnt/ozone/hadoop-ozone/integration-test/target/test-dir/MiniOzoneClusterImpl-7523e9d5-68c3-40ce-b00f-57fa4c553895/datanode-3/data-0/containers/hdds
2020-11-16 17:31:42,937 [Thread-2423] INFO  ozoneimpl.ContainerReader (ContainerReader.java:readVolume(148)) - Finish verifying containers on volume /github/workspace/mnt/ozone/hadoop-ozone/integration-test/target/test-dir/MiniOzoneClusterImpl-7523e9d5-68c3-40ce-b00f-57fa4c553895/datanode-3/data-0/containers/hdds
2020-11-16 17:31:42,937 [Listener at 127.0.0.1/35907] INFO  ozoneimpl.OzoneContainer (OzoneContainer.java:buildContainerSet(196)) - Build ContainerSet costs 0s
2020-11-16 17:31:42,939 [Listener at 127.0.0.1/35907] INFO  impl.RaftServerProxy (ConfUtils.java:logGet(44)) - raft.rpc.type = GRPC (default)
2020-11-16 17:31:42,939 [Listener at 127.0.0.1/35907] INFO  grpc.GrpcFactory (GrpcFactory.java:checkPooledByteBufAllocatorUseCacheForAllThreads(45)) - PERFORMANCE WARNING: useCacheForAllThreads is true that may cause Netty to create a lot garbage objects and, as a result, trigger GC.
	It is recommended to disable useCacheForAllThreads by setting -Dorg.apache.ratis.thirdparty.io.netty.allocator.useCacheForAllThreads=false in command line.
2020-11-16 17:31:42,939 [Listener at 127.0.0.1/35907] INFO  grpc.GrpcConfigKeys (ConfUtils.java:logGet(44)) - raft.grpc.server.port = 0 (default)
2020-11-16 17:31:42,939 [Listener at 127.0.0.1/35907] INFO  server.GrpcService (ConfUtils.java:logGet(44)) - raft.grpc.message.size.max = 32MB (=33554432) (custom)
2020-11-16 17:31:42,940 [Listener at 127.0.0.1/35907] INFO  server.RaftServerConfigKeys (ConfUtils.java:logGet(44)) - raft.server.log.appender.buffer.byte-limit = 33554432 (custom)
2020-11-16 17:31:42,940 [Listener at 127.0.0.1/35907] INFO  server.GrpcService (ConfUtils.java:logGet(44)) - raft.grpc.flow.control.window = 5MB (=5242880) (custom)
2020-11-16 17:31:42,940 [Listener at 127.0.0.1/35907] INFO  server.RaftServerConfigKeys (ConfUtils.java:logGet(44)) - raft.server.rpc.request.timeout = 3000ms (default)
2020-11-16 17:31:42,941 [Listener at 127.0.0.1/35907] INFO  server.RaftServerConfigKeys (ConfUtils.java:logGet(44)) - raft.server.storage.dir = [/github/workspace/mnt/ozone/hadoop-ozone/integration-test/target/test-dir/MiniOzoneClusterImpl-7523e9d5-68c3-40ce-b00f-57fa4c553895/datanode-3/data/ratis] (custom)
2020-11-16 17:31:42,945 [Listener at 127.0.0.1/35907] INFO  http.BaseHttpServer (BaseHttpServer.java:newHttpServer2BuilderForOzone(207)) - Starting Web-server for hddsDatanode at: http://0.0.0.0:0
2020-11-16 17:31:42,945 [Listener at 127.0.0.1/35907] INFO  http.BaseHttpServer (BaseHttpServer.java:<init>(106)) - Hadoop Security Enabled: false Ozone Security Enabled: false Ozone HTTP Security Enabled: false 
2020-11-16 17:31:42,946 [Listener at 127.0.0.1/35907] INFO  server.AuthenticationFilter (AuthenticationFilter.java:constructSecretProvider(240)) - Unable to initialize FileSignerSecretProvider, falling back to use random secrets.
2020-11-16 17:31:42,951 [Listener at 127.0.0.1/35907] WARN  http.HttpRequestLog (HttpRequestLog.java:getRequestLog(103)) - Jetty request log can only be enabled using Log4j
2020-11-16 17:31:42,952 [Listener at 127.0.0.1/35907] INFO  http.HttpServer2 (HttpServer2.java:addGlobalFilter(1019)) - Added global filter 'safety' (class=org.apache.hadoop.hdds.server.http.HttpServer2$QuotingInputFilter)
2020-11-16 17:31:42,952 [Listener at 127.0.0.1/35907] INFO  http.HttpServer2 (HttpServer2.java:addFilter(995)) - Added filter static_user_filter (class=org.apache.hadoop.http.lib.StaticUserWebFilter$StaticUserFilter) to context hddsDatanode
2020-11-16 17:31:42,952 [Listener at 127.0.0.1/35907] INFO  http.HttpServer2 (HttpServer2.java:addFilter(1003)) - Added filter static_user_filter (class=org.apache.hadoop.http.lib.StaticUserWebFilter$StaticUserFilter) to context logs
2020-11-16 17:31:42,952 [Listener at 127.0.0.1/35907] INFO  http.HttpServer2 (HttpServer2.java:addFilter(1003)) - Added filter static_user_filter (class=org.apache.hadoop.http.lib.StaticUserWebFilter$StaticUserFilter) to context static
2020-11-16 17:31:42,953 [Listener at 127.0.0.1/35907] INFO  http.HttpServer2 (HttpServer2.java:bindListener(1237)) - Jetty bound to port 42575
2020-11-16 17:31:42,953 [Listener at 127.0.0.1/35907] INFO  server.Server (Server.java:doStart(375)) - jetty-9.4.34.v20201102; built: 2020-11-02T14:15:39.302Z; git: e46af88704a893fc12cb0e3bf46e2c7b48a009e7; jvm 1.8.0_232-b09
2020-11-16 17:31:42,954 [Listener at 127.0.0.1/35907] INFO  server.session (DefaultSessionIdManager.java:doStart(334)) - DefaultSessionIdManager workerName=node0
2020-11-16 17:31:42,954 [Listener at 127.0.0.1/35907] INFO  server.session (DefaultSessionIdManager.java:doStart(339)) - No SessionScavenger set, using defaults
2020-11-16 17:31:42,954 [Listener at 127.0.0.1/35907] INFO  server.session (HouseKeeper.java:startScavenging(132)) - node0 Scavenging every 660000ms
2020-11-16 17:31:42,955 [Listener at 127.0.0.1/35907] INFO  handler.ContextHandler (ContextHandler.java:doStart(916)) - Started o.e.j.s.ServletContextHandler@51b2c302{logs,/logs,file:///github/workspace/mnt/ozone/hadoop-ozone/integration-test/target/log,AVAILABLE}
2020-11-16 17:31:42,955 [Listener at 127.0.0.1/35907] INFO  handler.ContextHandler (ContextHandler.java:doStart(916)) - Started o.e.j.s.ServletContextHandler@37c906fc{static,/static,jar:file:/home/user/.m2/repository/org/apache/hadoop/hadoop-hdds-container-service/1.1.0-SNAPSHOT/hadoop-hdds-container-service-1.1.0-SNAPSHOT.jar!/webapps/static,AVAILABLE}
2020-11-16 17:31:43,097 [Listener at 127.0.0.1/35907] INFO  handler.ContextHandler (ContextHandler.java:doStart(916)) - Started o.e.j.w.WebAppContext@50b80c7d{hddsDatanode,/,file:///tmp/jetty-0_0_0_0-42575-hadoop-hdds-container-service-1_1_0-SNAPSHOT_jar-_-any-3232148236639254885/webapp/,AVAILABLE}{jar:file:/home/user/.m2/repository/org/apache/hadoop/hadoop-hdds-container-service/1.1.0-SNAPSHOT/hadoop-hdds-container-service-1.1.0-SNAPSHOT.jar!/webapps/hddsDatanode}
2020-11-16 17:31:43,099 [Listener at 127.0.0.1/35907] INFO  server.AbstractConnector (AbstractConnector.java:doStart(331)) - Started ServerConnector@14ac5bdb{HTTP/1.1, (http/1.1)}{0.0.0.0:42575}
2020-11-16 17:31:43,099 [Listener at 127.0.0.1/35907] INFO  server.Server (Server.java:doStart(415)) - Started @281388ms
2020-11-16 17:31:43,099 [Listener at 127.0.0.1/35907] WARN  impl.MetricsSystemImpl (MetricsSystemImpl.java:register(276)) - Sink prometheus already exists!
2020-11-16 17:31:43,102 [Listener at 127.0.0.1/35907] INFO  http.BaseHttpServer (BaseHttpServer.java:updateConnectorAddress(327)) - HTTP server of hddsDatanode listening at http://0.0.0.0:42575
2020-11-16 17:31:43,104 [Listener at 127.0.0.1/35907] INFO  impl.MetricsSystemImpl (MetricsSystemImpl.java:init(158)) - HddsDatanode metrics system started (again)
2020-11-16 17:31:43,106 [Listener at 127.0.0.1/35907] INFO  ozone.HddsDatanodeService (HddsDatanodeService.java:start(217)) - HddsDatanodeService host:17b325b6a691 ip:172.17.0.2
2020-11-16 17:31:43,108 [org.apache.hadoop.util.JvmPauseMonitor$Monitor@2a3e99a3] INFO  util.JvmPauseMonitor (JvmPauseMonitor.java:run(188)) - Starting JVM pause monitor
2020-11-16 17:31:43,108 [Listener at 127.0.0.1/35907] INFO  volume.HddsVolume (HddsVolume.java:<init>(176)) - Creating Volume: /github/workspace/mnt/ozone/hadoop-ozone/integration-test/target/test-dir/MiniOzoneClusterImpl-7523e9d5-68c3-40ce-b00f-57fa4c553895/datanode-4/data-0/containers/hdds of storage type : DISK and capacity : 9223372036854775807
2020-11-16 17:31:43,109 [Listener at 127.0.0.1/35907] INFO  volume.MutableVolumeSet (MutableVolumeSet.java:initializeVolumeSet(179)) - Added Volume : /github/workspace/mnt/ozone/hadoop-ozone/integration-test/target/test-dir/MiniOzoneClusterImpl-7523e9d5-68c3-40ce-b00f-57fa4c553895/datanode-4/data-0/containers/hdds to VolumeSet
2020-11-16 17:31:43,109 [Listener at 127.0.0.1/35907] INFO  volume.ThrottledAsyncChecker (ThrottledAsyncChecker.java:schedule(141)) - Scheduling a check for /github/workspace/mnt/ozone/hadoop-ozone/integration-test/target/test-dir/MiniOzoneClusterImpl-7523e9d5-68c3-40ce-b00f-57fa4c553895/datanode-4/data-0/containers/hdds
2020-11-16 17:31:43,110 [Datanode State Machine Task Thread - 0] INFO  datanode.InitDatanodeState (InitDatanodeState.java:persistContainerDatanodeDetails(145)) - DatanodeDetails is persisted to /github/workspace/mnt/ozone/hadoop-ozone/integration-test/target/test-dir/MiniOzoneClusterImpl-7523e9d5-68c3-40ce-b00f-57fa4c553895/datanode-3/meta/datanode.id
2020-11-16 17:31:43,110 [Listener at 127.0.0.1/35907] INFO  volume.HddsVolumeChecker (HddsVolumeChecker.java:checkAllVolumes(200)) - Scheduled health check for volume /github/workspace/mnt/ozone/hadoop-ozone/integration-test/target/test-dir/MiniOzoneClusterImpl-7523e9d5-68c3-40ce-b00f-57fa4c553895/datanode-4/data-0/containers/hdds
2020-11-16 17:31:43,122 [Thread-2434] INFO  ozoneimpl.ContainerReader (ContainerReader.java:readVolume(123)) - Start to verify containers on volume /github/workspace/mnt/ozone/hadoop-ozone/integration-test/target/test-dir/MiniOzoneClusterImpl-7523e9d5-68c3-40ce-b00f-57fa4c553895/datanode-4/data-0/containers/hdds
2020-11-16 17:31:43,122 [Thread-2434] INFO  ozoneimpl.ContainerReader (ContainerReader.java:readVolume(148)) - Finish verifying containers on volume /github/workspace/mnt/ozone/hadoop-ozone/integration-test/target/test-dir/MiniOzoneClusterImpl-7523e9d5-68c3-40ce-b00f-57fa4c553895/datanode-4/data-0/containers/hdds
2020-11-16 17:31:43,122 [Listener at 127.0.0.1/35907] INFO  ozoneimpl.OzoneContainer (OzoneContainer.java:buildContainerSet(196)) - Build ContainerSet costs 0s
2020-11-16 17:31:43,124 [Listener at 127.0.0.1/35907] INFO  impl.RaftServerProxy (ConfUtils.java:logGet(44)) - raft.rpc.type = GRPC (default)
2020-11-16 17:31:43,124 [Listener at 127.0.0.1/35907] INFO  grpc.GrpcFactory (GrpcFactory.java:checkPooledByteBufAllocatorUseCacheForAllThreads(45)) - PERFORMANCE WARNING: useCacheForAllThreads is true that may cause Netty to create a lot garbage objects and, as a result, trigger GC.
	It is recommended to disable useCacheForAllThreads by setting -Dorg.apache.ratis.thirdparty.io.netty.allocator.useCacheForAllThreads=false in command line.
2020-11-16 17:31:43,124 [Listener at 127.0.0.1/35907] INFO  grpc.GrpcConfigKeys (ConfUtils.java:logGet(44)) - raft.grpc.server.port = 0 (default)
2020-11-16 17:31:43,124 [Listener at 127.0.0.1/35907] INFO  server.GrpcService (ConfUtils.java:logGet(44)) - raft.grpc.message.size.max = 32MB (=33554432) (custom)
2020-11-16 17:31:43,124 [Listener at 127.0.0.1/35907] INFO  server.RaftServerConfigKeys (ConfUtils.java:logGet(44)) - raft.server.log.appender.buffer.byte-limit = 33554432 (custom)
2020-11-16 17:31:43,124 [Listener at 127.0.0.1/35907] INFO  server.GrpcService (ConfUtils.java:logGet(44)) - raft.grpc.flow.control.window = 5MB (=5242880) (custom)
2020-11-16 17:31:43,124 [Listener at 127.0.0.1/35907] INFO  server.RaftServerConfigKeys (ConfUtils.java:logGet(44)) - raft.server.rpc.request.timeout = 3000ms (default)
2020-11-16 17:31:43,125 [Listener at 127.0.0.1/35907] INFO  server.RaftServerConfigKeys (ConfUtils.java:logGet(44)) - raft.server.storage.dir = [/github/workspace/mnt/ozone/hadoop-ozone/integration-test/target/test-dir/MiniOzoneClusterImpl-7523e9d5-68c3-40ce-b00f-57fa4c553895/datanode-4/data/ratis] (custom)
2020-11-16 17:31:43,130 [Listener at 127.0.0.1/35907] INFO  http.BaseHttpServer (BaseHttpServer.java:newHttpServer2BuilderForOzone(207)) - Starting Web-server for hddsDatanode at: http://0.0.0.0:0
2020-11-16 17:31:43,130 [Listener at 127.0.0.1/35907] INFO  http.BaseHttpServer (BaseHttpServer.java:<init>(106)) - Hadoop Security Enabled: false Ozone Security Enabled: false Ozone HTTP Security Enabled: false 
2020-11-16 17:31:43,131 [Listener at 127.0.0.1/35907] INFO  server.AuthenticationFilter (AuthenticationFilter.java:constructSecretProvider(240)) - Unable to initialize FileSignerSecretProvider, falling back to use random secrets.
2020-11-16 17:31:43,131 [Listener at 127.0.0.1/35907] WARN  http.HttpRequestLog (HttpRequestLog.java:getRequestLog(103)) - Jetty request log can only be enabled using Log4j
2020-11-16 17:31:43,132 [Listener at 127.0.0.1/35907] INFO  http.HttpServer2 (HttpServer2.java:addGlobalFilter(1019)) - Added global filter 'safety' (class=org.apache.hadoop.hdds.server.http.HttpServer2$QuotingInputFilter)
2020-11-16 17:31:43,133 [Listener at 127.0.0.1/35907] INFO  http.HttpServer2 (HttpServer2.java:addFilter(995)) - Added filter static_user_filter (class=org.apache.hadoop.http.lib.StaticUserWebFilter$StaticUserFilter) to context hddsDatanode
2020-11-16 17:31:43,133 [Listener at 127.0.0.1/35907] INFO  http.HttpServer2 (HttpServer2.java:addFilter(1003)) - Added filter static_user_filter (class=org.apache.hadoop.http.lib.StaticUserWebFilter$StaticUserFilter) to context logs
2020-11-16 17:31:43,133 [Listener at 127.0.0.1/35907] INFO  http.HttpServer2 (HttpServer2.java:addFilter(1003)) - Added filter static_user_filter (class=org.apache.hadoop.http.lib.StaticUserWebFilter$StaticUserFilter) to context static
2020-11-16 17:31:43,135 [Listener at 127.0.0.1/35907] INFO  http.HttpServer2 (HttpServer2.java:bindListener(1237)) - Jetty bound to port 32893
2020-11-16 17:31:43,135 [Listener at 127.0.0.1/35907] INFO  server.Server (Server.java:doStart(375)) - jetty-9.4.34.v20201102; built: 2020-11-02T14:15:39.302Z; git: e46af88704a893fc12cb0e3bf46e2c7b48a009e7; jvm 1.8.0_232-b09
2020-11-16 17:31:43,137 [Listener at 127.0.0.1/35907] INFO  server.session (DefaultSessionIdManager.java:doStart(334)) - DefaultSessionIdManager workerName=node0
2020-11-16 17:31:43,137 [Listener at 127.0.0.1/35907] INFO  server.session (DefaultSessionIdManager.java:doStart(339)) - No SessionScavenger set, using defaults
2020-11-16 17:31:43,137 [Listener at 127.0.0.1/35907] INFO  server.session (HouseKeeper.java:startScavenging(132)) - node0 Scavenging every 600000ms
2020-11-16 17:31:43,138 [Listener at 127.0.0.1/35907] INFO  handler.ContextHandler (ContextHandler.java:doStart(916)) - Started o.e.j.s.ServletContextHandler@604ceb3e{logs,/logs,file:///github/workspace/mnt/ozone/hadoop-ozone/integration-test/target/log,AVAILABLE}
2020-11-16 17:31:43,138 [Listener at 127.0.0.1/35907] INFO  handler.ContextHandler (ContextHandler.java:doStart(916)) - Started o.e.j.s.ServletContextHandler@424952df{static,/static,jar:file:/home/user/.m2/repository/org/apache/hadoop/hadoop-hdds-container-service/1.1.0-SNAPSHOT/hadoop-hdds-container-service-1.1.0-SNAPSHOT.jar!/webapps/static,AVAILABLE}
2020-11-16 17:31:43,270 [Listener at 127.0.0.1/35907] INFO  handler.ContextHandler (ContextHandler.java:doStart(916)) - Started o.e.j.w.WebAppContext@515e35d1{hddsDatanode,/,file:///tmp/jetty-0_0_0_0-32893-hadoop-hdds-container-service-1_1_0-SNAPSHOT_jar-_-any-4880061485932192269/webapp/,AVAILABLE}{jar:file:/home/user/.m2/repository/org/apache/hadoop/hadoop-hdds-container-service/1.1.0-SNAPSHOT/hadoop-hdds-container-service-1.1.0-SNAPSHOT.jar!/webapps/hddsDatanode}
2020-11-16 17:31:43,272 [Listener at 127.0.0.1/35907] INFO  server.AbstractConnector (AbstractConnector.java:doStart(331)) - Started ServerConnector@36f245d3{HTTP/1.1, (http/1.1)}{0.0.0.0:32893}
2020-11-16 17:31:43,272 [Listener at 127.0.0.1/35907] INFO  server.Server (Server.java:doStart(415)) - Started @281561ms
2020-11-16 17:31:43,272 [Listener at 127.0.0.1/35907] WARN  impl.MetricsSystemImpl (MetricsSystemImpl.java:register(276)) - Sink prometheus already exists!
2020-11-16 17:31:43,275 [Listener at 127.0.0.1/35907] INFO  http.BaseHttpServer (BaseHttpServer.java:updateConnectorAddress(327)) - HTTP server of hddsDatanode listening at http://0.0.0.0:32893
2020-11-16 17:31:43,277 [Listener at 127.0.0.1/35907] INFO  impl.MetricsSystemImpl (MetricsSystemImpl.java:init(158)) - HddsDatanode metrics system started (again)
2020-11-16 17:31:43,280 [Listener at 127.0.0.1/35907] INFO  ozone.HddsDatanodeService (HddsDatanodeService.java:start(217)) - HddsDatanodeService host:17b325b6a691 ip:172.17.0.2
2020-11-16 17:31:43,285 [org.apache.hadoop.util.JvmPauseMonitor$Monitor@1f855b11] INFO  util.JvmPauseMonitor (JvmPauseMonitor.java:run(188)) - Starting JVM pause monitor
2020-11-16 17:31:43,285 [Listener at 127.0.0.1/35907] INFO  volume.HddsVolume (HddsVolume.java:<init>(176)) - Creating Volume: /github/workspace/mnt/ozone/hadoop-ozone/integration-test/target/test-dir/MiniOzoneClusterImpl-7523e9d5-68c3-40ce-b00f-57fa4c553895/datanode-5/data-0/containers/hdds of storage type : DISK and capacity : 9223372036854775807
2020-11-16 17:31:43,285 [Listener at 127.0.0.1/35907] INFO  volume.MutableVolumeSet (MutableVolumeSet.java:initializeVolumeSet(179)) - Added Volume : /github/workspace/mnt/ozone/hadoop-ozone/integration-test/target/test-dir/MiniOzoneClusterImpl-7523e9d5-68c3-40ce-b00f-57fa4c553895/datanode-5/data-0/containers/hdds to VolumeSet
2020-11-16 17:31:43,286 [Listener at 127.0.0.1/35907] INFO  volume.ThrottledAsyncChecker (ThrottledAsyncChecker.java:schedule(141)) - Scheduling a check for /github/workspace/mnt/ozone/hadoop-ozone/integration-test/target/test-dir/MiniOzoneClusterImpl-7523e9d5-68c3-40ce-b00f-57fa4c553895/datanode-5/data-0/containers/hdds
2020-11-16 17:31:43,286 [Datanode State Machine Task Thread - 0] INFO  datanode.InitDatanodeState (InitDatanodeState.java:persistContainerDatanodeDetails(145)) - DatanodeDetails is persisted to /github/workspace/mnt/ozone/hadoop-ozone/integration-test/target/test-dir/MiniOzoneClusterImpl-7523e9d5-68c3-40ce-b00f-57fa4c553895/datanode-4/meta/datanode.id
2020-11-16 17:31:43,287 [Listener at 127.0.0.1/35907] INFO  volume.HddsVolumeChecker (HddsVolumeChecker.java:checkAllVolumes(200)) - Scheduled health check for volume /github/workspace/mnt/ozone/hadoop-ozone/integration-test/target/test-dir/MiniOzoneClusterImpl-7523e9d5-68c3-40ce-b00f-57fa4c553895/datanode-5/data-0/containers/hdds
2020-11-16 17:31:43,299 [Thread-2445] INFO  ozoneimpl.ContainerReader (ContainerReader.java:readVolume(123)) - Start to verify containers on volume /github/workspace/mnt/ozone/hadoop-ozone/integration-test/target/test-dir/MiniOzoneClusterImpl-7523e9d5-68c3-40ce-b00f-57fa4c553895/datanode-5/data-0/containers/hdds
2020-11-16 17:31:43,299 [Thread-2445] INFO  ozoneimpl.ContainerReader (ContainerReader.java:readVolume(148)) - Finish verifying containers on volume /github/workspace/mnt/ozone/hadoop-ozone/integration-test/target/test-dir/MiniOzoneClusterImpl-7523e9d5-68c3-40ce-b00f-57fa4c553895/datanode-5/data-0/containers/hdds
2020-11-16 17:31:43,299 [Listener at 127.0.0.1/35907] INFO  ozoneimpl.OzoneContainer (OzoneContainer.java:buildContainerSet(196)) - Build ContainerSet costs 0s
2020-11-16 17:31:43,301 [Listener at 127.0.0.1/35907] INFO  impl.RaftServerProxy (ConfUtils.java:logGet(44)) - raft.rpc.type = GRPC (default)
2020-11-16 17:31:43,301 [Listener at 127.0.0.1/35907] INFO  grpc.GrpcFactory (GrpcFactory.java:checkPooledByteBufAllocatorUseCacheForAllThreads(45)) - PERFORMANCE WARNING: useCacheForAllThreads is true that may cause Netty to create a lot garbage objects and, as a result, trigger GC.
	It is recommended to disable useCacheForAllThreads by setting -Dorg.apache.ratis.thirdparty.io.netty.allocator.useCacheForAllThreads=false in command line.
2020-11-16 17:31:43,301 [Listener at 127.0.0.1/35907] INFO  grpc.GrpcConfigKeys (ConfUtils.java:logGet(44)) - raft.grpc.server.port = 0 (default)
2020-11-16 17:31:43,301 [Listener at 127.0.0.1/35907] INFO  server.GrpcService (ConfUtils.java:logGet(44)) - raft.grpc.message.size.max = 32MB (=33554432) (custom)
2020-11-16 17:31:43,301 [Listener at 127.0.0.1/35907] INFO  server.RaftServerConfigKeys (ConfUtils.java:logGet(44)) - raft.server.log.appender.buffer.byte-limit = 33554432 (custom)
2020-11-16 17:31:43,301 [Listener at 127.0.0.1/35907] INFO  server.GrpcService (ConfUtils.java:logGet(44)) - raft.grpc.flow.control.window = 5MB (=5242880) (custom)
2020-11-16 17:31:43,301 [Listener at 127.0.0.1/35907] INFO  server.RaftServerConfigKeys (ConfUtils.java:logGet(44)) - raft.server.rpc.request.timeout = 3000ms (default)
2020-11-16 17:31:43,302 [Listener at 127.0.0.1/35907] INFO  server.RaftServerConfigKeys (ConfUtils.java:logGet(44)) - raft.server.storage.dir = [/github/workspace/mnt/ozone/hadoop-ozone/integration-test/target/test-dir/MiniOzoneClusterImpl-7523e9d5-68c3-40ce-b00f-57fa4c553895/datanode-5/data/ratis] (custom)
2020-11-16 17:31:43,306 [Listener at 127.0.0.1/35907] INFO  http.BaseHttpServer (BaseHttpServer.java:newHttpServer2BuilderForOzone(207)) - Starting Web-server for hddsDatanode at: http://0.0.0.0:0
2020-11-16 17:31:43,306 [Listener at 127.0.0.1/35907] INFO  http.BaseHttpServer (BaseHttpServer.java:<init>(106)) - Hadoop Security Enabled: false Ozone Security Enabled: false Ozone HTTP Security Enabled: false 
2020-11-16 17:31:43,307 [Listener at 127.0.0.1/35907] INFO  server.AuthenticationFilter (AuthenticationFilter.java:constructSecretProvider(240)) - Unable to initialize FileSignerSecretProvider, falling back to use random secrets.
2020-11-16 17:31:43,307 [Listener at 127.0.0.1/35907] WARN  http.HttpRequestLog (HttpRequestLog.java:getRequestLog(103)) - Jetty request log can only be enabled using Log4j
2020-11-16 17:31:43,308 [Listener at 127.0.0.1/35907] INFO  http.HttpServer2 (HttpServer2.java:addGlobalFilter(1019)) - Added global filter 'safety' (class=org.apache.hadoop.hdds.server.http.HttpServer2$QuotingInputFilter)
2020-11-16 17:31:43,309 [Listener at 127.0.0.1/35907] INFO  http.HttpServer2 (HttpServer2.java:addFilter(995)) - Added filter static_user_filter (class=org.apache.hadoop.http.lib.StaticUserWebFilter$StaticUserFilter) to context hddsDatanode
2020-11-16 17:31:43,309 [Listener at 127.0.0.1/35907] INFO  http.HttpServer2 (HttpServer2.java:addFilter(1003)) - Added filter static_user_filter (class=org.apache.hadoop.http.lib.StaticUserWebFilter$StaticUserFilter) to context logs
2020-11-16 17:31:43,309 [Listener at 127.0.0.1/35907] INFO  http.HttpServer2 (HttpServer2.java:addFilter(1003)) - Added filter static_user_filter (class=org.apache.hadoop.http.lib.StaticUserWebFilter$StaticUserFilter) to context static
2020-11-16 17:31:43,309 [Listener at 127.0.0.1/35907] INFO  http.HttpServer2 (HttpServer2.java:bindListener(1237)) - Jetty bound to port 35479
2020-11-16 17:31:43,309 [Listener at 127.0.0.1/35907] INFO  server.Server (Server.java:doStart(375)) - jetty-9.4.34.v20201102; built: 2020-11-02T14:15:39.302Z; git: e46af88704a893fc12cb0e3bf46e2c7b48a009e7; jvm 1.8.0_232-b09
2020-11-16 17:31:43,310 [Listener at 127.0.0.1/35907] INFO  server.session (DefaultSessionIdManager.java:doStart(334)) - DefaultSessionIdManager workerName=node0
2020-11-16 17:31:43,311 [Listener at 127.0.0.1/35907] INFO  server.session (DefaultSessionIdManager.java:doStart(339)) - No SessionScavenger set, using defaults
2020-11-16 17:31:43,311 [Listener at 127.0.0.1/35907] INFO  server.session (HouseKeeper.java:startScavenging(132)) - node0 Scavenging every 600000ms
2020-11-16 17:31:43,311 [Listener at 127.0.0.1/35907] INFO  handler.ContextHandler (ContextHandler.java:doStart(916)) - Started o.e.j.s.ServletContextHandler@553732a0{logs,/logs,file:///github/workspace/mnt/ozone/hadoop-ozone/integration-test/target/log,AVAILABLE}
2020-11-16 17:31:43,312 [Listener at 127.0.0.1/35907] INFO  handler.ContextHandler (ContextHandler.java:doStart(916)) - Started o.e.j.s.ServletContextHandler@3d5ae6d6{static,/static,jar:file:/home/user/.m2/repository/org/apache/hadoop/hadoop-hdds-container-service/1.1.0-SNAPSHOT/hadoop-hdds-container-service-1.1.0-SNAPSHOT.jar!/webapps/static,AVAILABLE}
2020-11-16 17:31:43,450 [Listener at 127.0.0.1/35907] INFO  handler.ContextHandler (ContextHandler.java:doStart(916)) - Started o.e.j.w.WebAppContext@18176c19{hddsDatanode,/,file:///tmp/jetty-0_0_0_0-35479-hadoop-hdds-container-service-1_1_0-SNAPSHOT_jar-_-any-2393621033262849486/webapp/,AVAILABLE}{jar:file:/home/user/.m2/repository/org/apache/hadoop/hadoop-hdds-container-service/1.1.0-SNAPSHOT/hadoop-hdds-container-service-1.1.0-SNAPSHOT.jar!/webapps/hddsDatanode}
2020-11-16 17:31:43,451 [Listener at 127.0.0.1/35907] INFO  server.AbstractConnector (AbstractConnector.java:doStart(331)) - Started ServerConnector@d26eaef{HTTP/1.1, (http/1.1)}{0.0.0.0:35479}
2020-11-16 17:31:43,451 [Listener at 127.0.0.1/35907] INFO  server.Server (Server.java:doStart(415)) - Started @281741ms
2020-11-16 17:31:43,452 [Listener at 127.0.0.1/35907] WARN  impl.MetricsSystemImpl (MetricsSystemImpl.java:register(276)) - Sink prometheus already exists!
2020-11-16 17:31:43,455 [Listener at 127.0.0.1/35907] INFO  http.BaseHttpServer (BaseHttpServer.java:updateConnectorAddress(327)) - HTTP server of hddsDatanode listening at http://0.0.0.0:35479
2020-11-16 17:31:43,460 [Listener at 127.0.0.1/35907] INFO  impl.MetricsSystemImpl (MetricsSystemImpl.java:init(158)) - HddsDatanode metrics system started (again)
2020-11-16 17:31:43,463 [Listener at 127.0.0.1/35907] INFO  ozone.HddsDatanodeService (HddsDatanodeService.java:start(217)) - HddsDatanodeService host:17b325b6a691 ip:172.17.0.2
2020-11-16 17:31:43,463 [org.apache.hadoop.util.JvmPauseMonitor$Monitor@24af1a3b] INFO  util.JvmPauseMonitor (JvmPauseMonitor.java:run(188)) - Starting JVM pause monitor
2020-11-16 17:31:43,464 [Listener at 127.0.0.1/35907] INFO  volume.HddsVolume (HddsVolume.java:<init>(176)) - Creating Volume: /github/workspace/mnt/ozone/hadoop-ozone/integration-test/target/test-dir/MiniOzoneClusterImpl-7523e9d5-68c3-40ce-b00f-57fa4c553895/datanode-6/data-0/containers/hdds of storage type : DISK and capacity : 9223372036854775807
2020-11-16 17:31:43,464 [Listener at 127.0.0.1/35907] INFO  volume.MutableVolumeSet (MutableVolumeSet.java:initializeVolumeSet(179)) - Added Volume : /github/workspace/mnt/ozone/hadoop-ozone/integration-test/target/test-dir/MiniOzoneClusterImpl-7523e9d5-68c3-40ce-b00f-57fa4c553895/datanode-6/data-0/containers/hdds to VolumeSet
2020-11-16 17:31:43,464 [Listener at 127.0.0.1/35907] INFO  volume.ThrottledAsyncChecker (ThrottledAsyncChecker.java:schedule(141)) - Scheduling a check for /github/workspace/mnt/ozone/hadoop-ozone/integration-test/target/test-dir/MiniOzoneClusterImpl-7523e9d5-68c3-40ce-b00f-57fa4c553895/datanode-6/data-0/containers/hdds
2020-11-16 17:31:43,465 [Datanode State Machine Task Thread - 0] INFO  datanode.InitDatanodeState (InitDatanodeState.java:persistContainerDatanodeDetails(145)) - DatanodeDetails is persisted to /github/workspace/mnt/ozone/hadoop-ozone/integration-test/target/test-dir/MiniOzoneClusterImpl-7523e9d5-68c3-40ce-b00f-57fa4c553895/datanode-5/meta/datanode.id
2020-11-16 17:31:43,465 [Listener at 127.0.0.1/35907] INFO  volume.HddsVolumeChecker (HddsVolumeChecker.java:checkAllVolumes(200)) - Scheduled health check for volume /github/workspace/mnt/ozone/hadoop-ozone/integration-test/target/test-dir/MiniOzoneClusterImpl-7523e9d5-68c3-40ce-b00f-57fa4c553895/datanode-6/data-0/containers/hdds
2020-11-16 17:31:43,478 [Thread-2456] INFO  ozoneimpl.ContainerReader (ContainerReader.java:readVolume(123)) - Start to verify containers on volume /github/workspace/mnt/ozone/hadoop-ozone/integration-test/target/test-dir/MiniOzoneClusterImpl-7523e9d5-68c3-40ce-b00f-57fa4c553895/datanode-6/data-0/containers/hdds
2020-11-16 17:31:43,478 [Thread-2456] INFO  ozoneimpl.ContainerReader (ContainerReader.java:readVolume(148)) - Finish verifying containers on volume /github/workspace/mnt/ozone/hadoop-ozone/integration-test/target/test-dir/MiniOzoneClusterImpl-7523e9d5-68c3-40ce-b00f-57fa4c553895/datanode-6/data-0/containers/hdds
2020-11-16 17:31:43,478 [Listener at 127.0.0.1/35907] INFO  ozoneimpl.OzoneContainer (OzoneContainer.java:buildContainerSet(196)) - Build ContainerSet costs 0s
2020-11-16 17:31:43,480 [Listener at 127.0.0.1/35907] INFO  impl.RaftServerProxy (ConfUtils.java:logGet(44)) - raft.rpc.type = GRPC (default)
2020-11-16 17:31:43,480 [Listener at 127.0.0.1/35907] INFO  grpc.GrpcFactory (GrpcFactory.java:checkPooledByteBufAllocatorUseCacheForAllThreads(45)) - PERFORMANCE WARNING: useCacheForAllThreads is true that may cause Netty to create a lot garbage objects and, as a result, trigger GC.
	It is recommended to disable useCacheForAllThreads by setting -Dorg.apache.ratis.thirdparty.io.netty.allocator.useCacheForAllThreads=false in command line.
2020-11-16 17:31:43,480 [Listener at 127.0.0.1/35907] INFO  grpc.GrpcConfigKeys (ConfUtils.java:logGet(44)) - raft.grpc.server.port = 0 (default)
2020-11-16 17:31:43,480 [Listener at 127.0.0.1/35907] INFO  server.GrpcService (ConfUtils.java:logGet(44)) - raft.grpc.message.size.max = 32MB (=33554432) (custom)
2020-11-16 17:31:43,480 [Listener at 127.0.0.1/35907] INFO  server.RaftServerConfigKeys (ConfUtils.java:logGet(44)) - raft.server.log.appender.buffer.byte-limit = 33554432 (custom)
2020-11-16 17:31:43,480 [Listener at 127.0.0.1/35907] INFO  server.GrpcService (ConfUtils.java:logGet(44)) - raft.grpc.flow.control.window = 5MB (=5242880) (custom)
2020-11-16 17:31:43,480 [Listener at 127.0.0.1/35907] INFO  server.RaftServerConfigKeys (ConfUtils.java:logGet(44)) - raft.server.rpc.request.timeout = 3000ms (default)
2020-11-16 17:31:43,481 [Listener at 127.0.0.1/35907] INFO  server.RaftServerConfigKeys (ConfUtils.java:logGet(44)) - raft.server.storage.dir = [/github/workspace/mnt/ozone/hadoop-ozone/integration-test/target/test-dir/MiniOzoneClusterImpl-7523e9d5-68c3-40ce-b00f-57fa4c553895/datanode-6/data/ratis] (custom)
2020-11-16 17:31:43,485 [Listener at 127.0.0.1/35907] INFO  http.BaseHttpServer (BaseHttpServer.java:newHttpServer2BuilderForOzone(207)) - Starting Web-server for hddsDatanode at: http://0.0.0.0:0
2020-11-16 17:31:43,486 [Listener at 127.0.0.1/35907] INFO  http.BaseHttpServer (BaseHttpServer.java:<init>(106)) - Hadoop Security Enabled: false Ozone Security Enabled: false Ozone HTTP Security Enabled: false 
2020-11-16 17:31:43,486 [Listener at 127.0.0.1/35907] INFO  server.AuthenticationFilter (AuthenticationFilter.java:constructSecretProvider(240)) - Unable to initialize FileSignerSecretProvider, falling back to use random secrets.
2020-11-16 17:31:43,487 [Listener at 127.0.0.1/35907] WARN  http.HttpRequestLog (HttpRequestLog.java:getRequestLog(103)) - Jetty request log can only be enabled using Log4j
2020-11-16 17:31:43,487 [Listener at 127.0.0.1/35907] INFO  http.HttpServer2 (HttpServer2.java:addGlobalFilter(1019)) - Added global filter 'safety' (class=org.apache.hadoop.hdds.server.http.HttpServer2$QuotingInputFilter)
2020-11-16 17:31:43,488 [Listener at 127.0.0.1/35907] INFO  http.HttpServer2 (HttpServer2.java:addFilter(995)) - Added filter static_user_filter (class=org.apache.hadoop.http.lib.StaticUserWebFilter$StaticUserFilter) to context hddsDatanode
2020-11-16 17:31:43,488 [Listener at 127.0.0.1/35907] INFO  http.HttpServer2 (HttpServer2.java:addFilter(1003)) - Added filter static_user_filter (class=org.apache.hadoop.http.lib.StaticUserWebFilter$StaticUserFilter) to context logs
2020-11-16 17:31:43,488 [Listener at 127.0.0.1/35907] INFO  http.HttpServer2 (HttpServer2.java:addFilter(1003)) - Added filter static_user_filter (class=org.apache.hadoop.http.lib.StaticUserWebFilter$StaticUserFilter) to context static
2020-11-16 17:31:43,489 [Listener at 127.0.0.1/35907] INFO  http.HttpServer2 (HttpServer2.java:bindListener(1237)) - Jetty bound to port 45945
2020-11-16 17:31:43,489 [Listener at 127.0.0.1/35907] INFO  server.Server (Server.java:doStart(375)) - jetty-9.4.34.v20201102; built: 2020-11-02T14:15:39.302Z; git: e46af88704a893fc12cb0e3bf46e2c7b48a009e7; jvm 1.8.0_232-b09
2020-11-16 17:31:43,491 [Listener at 127.0.0.1/35907] INFO  server.session (DefaultSessionIdManager.java:doStart(334)) - DefaultSessionIdManager workerName=node0
2020-11-16 17:31:43,491 [Listener at 127.0.0.1/35907] INFO  server.session (DefaultSessionIdManager.java:doStart(339)) - No SessionScavenger set, using defaults
2020-11-16 17:31:43,491 [Listener at 127.0.0.1/35907] INFO  server.session (HouseKeeper.java:startScavenging(132)) - node0 Scavenging every 600000ms
2020-11-16 17:31:43,492 [Listener at 127.0.0.1/35907] INFO  handler.ContextHandler (ContextHandler.java:doStart(916)) - Started o.e.j.s.ServletContextHandler@43e00831{logs,/logs,file:///github/workspace/mnt/ozone/hadoop-ozone/integration-test/target/log,AVAILABLE}
2020-11-16 17:31:43,492 [Listener at 127.0.0.1/35907] INFO  handler.ContextHandler (ContextHandler.java:doStart(916)) - Started o.e.j.s.ServletContextHandler@366a464d{static,/static,jar:file:/home/user/.m2/repository/org/apache/hadoop/hadoop-hdds-container-service/1.1.0-SNAPSHOT/hadoop-hdds-container-service-1.1.0-SNAPSHOT.jar!/webapps/static,AVAILABLE}
2020-11-16 17:31:43,649 [Listener at 127.0.0.1/35907] INFO  handler.ContextHandler (ContextHandler.java:doStart(916)) - Started o.e.j.w.WebAppContext@4ce12dfb{hddsDatanode,/,file:///tmp/jetty-0_0_0_0-45945-hadoop-hdds-container-service-1_1_0-SNAPSHOT_jar-_-any-5673061539214404754/webapp/,AVAILABLE}{jar:file:/home/user/.m2/repository/org/apache/hadoop/hadoop-hdds-container-service/1.1.0-SNAPSHOT/hadoop-hdds-container-service-1.1.0-SNAPSHOT.jar!/webapps/hddsDatanode}
2020-11-16 17:31:43,650 [Listener at 127.0.0.1/35907] INFO  server.AbstractConnector (AbstractConnector.java:doStart(331)) - Started ServerConnector@15cc2bf8{HTTP/1.1, (http/1.1)}{0.0.0.0:45945}
2020-11-16 17:31:43,651 [Listener at 127.0.0.1/35907] INFO  server.Server (Server.java:doStart(415)) - Started @281940ms
2020-11-16 17:31:43,651 [Listener at 127.0.0.1/35907] WARN  impl.MetricsSystemImpl (MetricsSystemImpl.java:register(276)) - Sink prometheus already exists!
2020-11-16 17:31:43,656 [Listener at 127.0.0.1/35907] INFO  http.BaseHttpServer (BaseHttpServer.java:updateConnectorAddress(327)) - HTTP server of hddsDatanode listening at http://0.0.0.0:45945
2020-11-16 17:31:43,658 [Listener at 127.0.0.1/35907] INFO  ozone.MiniOzoneClusterImpl (MiniOzoneClusterImpl.java:lambda$waitForClusterToBeReady$0(178)) - Waiting for nodes to be ready. Got 0 of 7 DN Heartbeats.
2020-11-16 17:31:43,658 [Listener at 127.0.0.1/35907] INFO  ozone.MiniOzoneClusterImpl (MiniOzoneClusterImpl.java:lambda$waitForClusterToBeReady$0(181)) - Waiting for cluster to exit safe mode
2020-11-16 17:31:43,659 [org.apache.hadoop.util.JvmPauseMonitor$Monitor@7595b9f3] INFO  util.JvmPauseMonitor (JvmPauseMonitor.java:run(188)) - Starting JVM pause monitor
2020-11-16 17:31:43,660 [Datanode State Machine Task Thread - 0] INFO  datanode.InitDatanodeState (InitDatanodeState.java:persistContainerDatanodeDetails(145)) - DatanodeDetails is persisted to /github/workspace/mnt/ozone/hadoop-ozone/integration-test/target/test-dir/MiniOzoneClusterImpl-7523e9d5-68c3-40ce-b00f-57fa4c553895/datanode-6/meta/datanode.id
2020-11-16 17:31:44,576 [EndpointStateMachine task thread for /0.0.0.0:33147 - 0 ] INFO  ozoneimpl.OzoneContainer (OzoneContainer.java:start(245)) - Attempting to start container services.
2020-11-16 17:31:44,576 [EndpointStateMachine task thread for /0.0.0.0:33147 - 0 ] INFO  ozoneimpl.OzoneContainer (OzoneContainer.java:startContainerScrub(209)) - Background container scanner has been disabled.
2020-11-16 17:31:44,576 [EndpointStateMachine task thread for /0.0.0.0:33147 - 0 ] INFO  ratis.XceiverServerRatis (XceiverServerRatis.java:start(456)) - Starting XceiverServerRatis e605e0dd-6a71-4a0a-8796-3643e725e1ee at port 0
2020-11-16 17:31:44,576 [EndpointStateMachine task thread for /0.0.0.0:33147 - 0 ] INFO  impl.RaftServerProxy (RaftServerProxy.java:lambda$start$3(307)) - e605e0dd-6a71-4a0a-8796-3643e725e1ee: start RPC server
2020-11-16 17:31:44,577 [EndpointStateMachine task thread for /0.0.0.0:33147 - 0 ] INFO  server.GrpcService (GrpcService.java:startImpl(177)) - e605e0dd-6a71-4a0a-8796-3643e725e1ee: GrpcService started, listening on 0.0.0.0/0.0.0.0:36279
2020-11-16 17:31:44,577 [EndpointStateMachine task thread for /0.0.0.0:33147 - 0 ] INFO  ratis.XceiverServerRatis (XceiverServerRatis.java:start(468)) - XceiverServerRatis e605e0dd-6a71-4a0a-8796-3643e725e1ee is started using port 36279
2020-11-16 17:31:44,577 [EndpointStateMachine task thread for /0.0.0.0:33147 - 0 ] INFO  server.XceiverServerGrpc (XceiverServerGrpc.java:start(145)) - XceiverServerGrpc e605e0dd-6a71-4a0a-8796-3643e725e1ee is started using port 37177
2020-11-16 17:31:44,658 [Listener at 127.0.0.1/35907] INFO  ozone.MiniOzoneClusterImpl (MiniOzoneClusterImpl.java:lambda$waitForClusterToBeReady$0(178)) - Waiting for nodes to be ready. Got 0 of 7 DN Heartbeats.
2020-11-16 17:31:44,659 [Listener at 127.0.0.1/35907] INFO  ozone.MiniOzoneClusterImpl (MiniOzoneClusterImpl.java:lambda$waitForClusterToBeReady$0(181)) - Waiting for cluster to exit safe mode
2020-11-16 17:31:44,752 [EndpointStateMachine task thread for /0.0.0.0:33147 - 0 ] INFO  ozoneimpl.OzoneContainer (OzoneContainer.java:start(245)) - Attempting to start container services.
2020-11-16 17:31:44,752 [EndpointStateMachine task thread for /0.0.0.0:33147 - 0 ] INFO  ozoneimpl.OzoneContainer (OzoneContainer.java:startContainerScrub(209)) - Background container scanner has been disabled.
2020-11-16 17:31:44,752 [EndpointStateMachine task thread for /0.0.0.0:33147 - 0 ] INFO  ratis.XceiverServerRatis (XceiverServerRatis.java:start(456)) - Starting XceiverServerRatis fbf3a64f-640b-4b02-ae41-dab4aff0d596 at port 0
2020-11-16 17:31:44,753 [EndpointStateMachine task thread for /0.0.0.0:33147 - 0 ] INFO  impl.RaftServerProxy (RaftServerProxy.java:lambda$start$3(307)) - fbf3a64f-640b-4b02-ae41-dab4aff0d596: start RPC server
2020-11-16 17:31:44,753 [EndpointStateMachine task thread for /0.0.0.0:33147 - 0 ] INFO  server.GrpcService (GrpcService.java:startImpl(177)) - fbf3a64f-640b-4b02-ae41-dab4aff0d596: GrpcService started, listening on 0.0.0.0/0.0.0.0:40251
2020-11-16 17:31:44,754 [EndpointStateMachine task thread for /0.0.0.0:33147 - 0 ] INFO  ratis.XceiverServerRatis (XceiverServerRatis.java:start(468)) - XceiverServerRatis fbf3a64f-640b-4b02-ae41-dab4aff0d596 is started using port 40251
2020-11-16 17:31:44,754 [EndpointStateMachine task thread for /0.0.0.0:33147 - 0 ] INFO  server.XceiverServerGrpc (XceiverServerGrpc.java:start(145)) - XceiverServerGrpc fbf3a64f-640b-4b02-ae41-dab4aff0d596 is started using port 38053
2020-11-16 17:31:44,925 [EndpointStateMachine task thread for /0.0.0.0:33147 - 0 ] INFO  ozoneimpl.OzoneContainer (OzoneContainer.java:start(245)) - Attempting to start container services.
2020-11-16 17:31:44,925 [EndpointStateMachine task thread for /0.0.0.0:33147 - 0 ] INFO  ozoneimpl.OzoneContainer (OzoneContainer.java:startContainerScrub(209)) - Background container scanner has been disabled.
2020-11-16 17:31:44,925 [EndpointStateMachine task thread for /0.0.0.0:33147 - 0 ] INFO  ratis.XceiverServerRatis (XceiverServerRatis.java:start(456)) - Starting XceiverServerRatis 40c7d372-b34a-46f9-a435-b3894c66894a at port 0
2020-11-16 17:31:44,926 [EndpointStateMachine task thread for /0.0.0.0:33147 - 0 ] INFO  impl.RaftServerProxy (RaftServerProxy.java:lambda$start$3(307)) - 40c7d372-b34a-46f9-a435-b3894c66894a: start RPC server
2020-11-16 17:31:44,927 [EndpointStateMachine task thread for /0.0.0.0:33147 - 0 ] INFO  server.GrpcService (GrpcService.java:startImpl(177)) - 40c7d372-b34a-46f9-a435-b3894c66894a: GrpcService started, listening on 0.0.0.0/0.0.0.0:37525
2020-11-16 17:31:44,927 [EndpointStateMachine task thread for /0.0.0.0:33147 - 0 ] INFO  ratis.XceiverServerRatis (XceiverServerRatis.java:start(468)) - XceiverServerRatis 40c7d372-b34a-46f9-a435-b3894c66894a is started using port 37525
2020-11-16 17:31:44,927 [EndpointStateMachine task thread for /0.0.0.0:33147 - 0 ] INFO  server.XceiverServerGrpc (XceiverServerGrpc.java:start(145)) - XceiverServerGrpc 40c7d372-b34a-46f9-a435-b3894c66894a is started using port 43795
2020-11-16 17:31:45,111 [EndpointStateMachine task thread for /0.0.0.0:33147 - 0 ] INFO  ozoneimpl.OzoneContainer (OzoneContainer.java:start(245)) - Attempting to start container services.
2020-11-16 17:31:45,111 [EndpointStateMachine task thread for /0.0.0.0:33147 - 0 ] INFO  ozoneimpl.OzoneContainer (OzoneContainer.java:startContainerScrub(209)) - Background container scanner has been disabled.
2020-11-16 17:31:45,111 [EndpointStateMachine task thread for /0.0.0.0:33147 - 0 ] INFO  ratis.XceiverServerRatis (XceiverServerRatis.java:start(456)) - Starting XceiverServerRatis cc30a5ad-4207-4291-85e5-33833db84af4 at port 0
2020-11-16 17:31:45,112 [EndpointStateMachine task thread for /0.0.0.0:33147 - 0 ] INFO  impl.RaftServerProxy (RaftServerProxy.java:lambda$start$3(307)) - cc30a5ad-4207-4291-85e5-33833db84af4: start RPC server
2020-11-16 17:31:45,122 [EndpointStateMachine task thread for /0.0.0.0:33147 - 0 ] INFO  server.GrpcService (GrpcService.java:startImpl(177)) - cc30a5ad-4207-4291-85e5-33833db84af4: GrpcService started, listening on 0.0.0.0/0.0.0.0:36663
2020-11-16 17:31:45,122 [EndpointStateMachine task thread for /0.0.0.0:33147 - 0 ] INFO  ratis.XceiverServerRatis (XceiverServerRatis.java:start(468)) - XceiverServerRatis cc30a5ad-4207-4291-85e5-33833db84af4 is started using port 36663
2020-11-16 17:31:45,127 [EndpointStateMachine task thread for /0.0.0.0:33147 - 0 ] INFO  server.XceiverServerGrpc (XceiverServerGrpc.java:start(145)) - XceiverServerGrpc cc30a5ad-4207-4291-85e5-33833db84af4 is started using port 44751
2020-11-16 17:31:45,287 [EndpointStateMachine task thread for /0.0.0.0:33147 - 0 ] INFO  ozoneimpl.OzoneContainer (OzoneContainer.java:start(245)) - Attempting to start container services.
2020-11-16 17:31:45,287 [EndpointStateMachine task thread for /0.0.0.0:33147 - 0 ] INFO  ozoneimpl.OzoneContainer (OzoneContainer.java:startContainerScrub(209)) - Background container scanner has been disabled.
2020-11-16 17:31:45,287 [EndpointStateMachine task thread for /0.0.0.0:33147 - 0 ] INFO  ratis.XceiverServerRatis (XceiverServerRatis.java:start(456)) - Starting XceiverServerRatis 756efa00-9886-4f2c-af17-99a3a9dc2153 at port 0
2020-11-16 17:31:45,289 [EndpointStateMachine task thread for /0.0.0.0:33147 - 0 ] INFO  impl.RaftServerProxy (RaftServerProxy.java:lambda$start$3(307)) - 756efa00-9886-4f2c-af17-99a3a9dc2153: start RPC server
2020-11-16 17:31:45,289 [EndpointStateMachine task thread for /0.0.0.0:33147 - 0 ] INFO  server.GrpcService (GrpcService.java:startImpl(177)) - 756efa00-9886-4f2c-af17-99a3a9dc2153: GrpcService started, listening on 0.0.0.0/0.0.0.0:34565
2020-11-16 17:31:45,290 [EndpointStateMachine task thread for /0.0.0.0:33147 - 0 ] INFO  ratis.XceiverServerRatis (XceiverServerRatis.java:start(468)) - XceiverServerRatis 756efa00-9886-4f2c-af17-99a3a9dc2153 is started using port 34565
2020-11-16 17:31:45,290 [EndpointStateMachine task thread for /0.0.0.0:33147 - 0 ] INFO  server.XceiverServerGrpc (XceiverServerGrpc.java:start(145)) - XceiverServerGrpc 756efa00-9886-4f2c-af17-99a3a9dc2153 is started using port 43347
2020-11-16 17:31:45,466 [EndpointStateMachine task thread for /0.0.0.0:33147 - 0 ] INFO  ozoneimpl.OzoneContainer (OzoneContainer.java:start(245)) - Attempting to start container services.
2020-11-16 17:31:45,466 [EndpointStateMachine task thread for /0.0.0.0:33147 - 0 ] INFO  ozoneimpl.OzoneContainer (OzoneContainer.java:startContainerScrub(209)) - Background container scanner has been disabled.
2020-11-16 17:31:45,466 [EndpointStateMachine task thread for /0.0.0.0:33147 - 0 ] INFO  ratis.XceiverServerRatis (XceiverServerRatis.java:start(456)) - Starting XceiverServerRatis 7ba08779-98dd-4ee1-a6ca-8386ca3b8fbf at port 0
2020-11-16 17:31:45,467 [EndpointStateMachine task thread for /0.0.0.0:33147 - 0 ] INFO  impl.RaftServerProxy (RaftServerProxy.java:lambda$start$3(307)) - 7ba08779-98dd-4ee1-a6ca-8386ca3b8fbf: start RPC server
2020-11-16 17:31:45,467 [EndpointStateMachine task thread for /0.0.0.0:33147 - 0 ] INFO  server.GrpcService (GrpcService.java:startImpl(177)) - 7ba08779-98dd-4ee1-a6ca-8386ca3b8fbf: GrpcService started, listening on 0.0.0.0/0.0.0.0:34067
2020-11-16 17:31:45,467 [EndpointStateMachine task thread for /0.0.0.0:33147 - 0 ] INFO  ratis.XceiverServerRatis (XceiverServerRatis.java:start(468)) - XceiverServerRatis 7ba08779-98dd-4ee1-a6ca-8386ca3b8fbf is started using port 34067
2020-11-16 17:31:45,468 [EndpointStateMachine task thread for /0.0.0.0:33147 - 0 ] INFO  server.XceiverServerGrpc (XceiverServerGrpc.java:start(145)) - XceiverServerGrpc 7ba08779-98dd-4ee1-a6ca-8386ca3b8fbf is started using port 46385
2020-11-16 17:31:45,659 [Listener at 127.0.0.1/35907] INFO  ozone.MiniOzoneClusterImpl (MiniOzoneClusterImpl.java:lambda$waitForClusterToBeReady$0(178)) - Waiting for nodes to be ready. Got 0 of 7 DN Heartbeats.
2020-11-16 17:31:45,659 [Listener at 127.0.0.1/35907] INFO  ozone.MiniOzoneClusterImpl (MiniOzoneClusterImpl.java:lambda$waitForClusterToBeReady$0(181)) - Waiting for cluster to exit safe mode
2020-11-16 17:31:45,663 [EndpointStateMachine task thread for /0.0.0.0:33147 - 0 ] INFO  ozoneimpl.OzoneContainer (OzoneContainer.java:start(245)) - Attempting to start container services.
2020-11-16 17:31:45,663 [EndpointStateMachine task thread for /0.0.0.0:33147 - 0 ] INFO  ozoneimpl.OzoneContainer (OzoneContainer.java:startContainerScrub(209)) - Background container scanner has been disabled.
2020-11-16 17:31:45,663 [EndpointStateMachine task thread for /0.0.0.0:33147 - 0 ] INFO  ratis.XceiverServerRatis (XceiverServerRatis.java:start(456)) - Starting XceiverServerRatis 6b3f7492-0ca6-4b3b-9a26-869cc0a580f4 at port 0
2020-11-16 17:31:45,663 [EndpointStateMachine task thread for /0.0.0.0:33147 - 0 ] INFO  impl.RaftServerProxy (RaftServerProxy.java:lambda$start$3(307)) - 6b3f7492-0ca6-4b3b-9a26-869cc0a580f4: start RPC server
2020-11-16 17:31:45,664 [EndpointStateMachine task thread for /0.0.0.0:33147 - 0 ] INFO  server.GrpcService (GrpcService.java:startImpl(177)) - 6b3f7492-0ca6-4b3b-9a26-869cc0a580f4: GrpcService started, listening on 0.0.0.0/0.0.0.0:37553
2020-11-16 17:31:45,664 [EndpointStateMachine task thread for /0.0.0.0:33147 - 0 ] INFO  ratis.XceiverServerRatis (XceiverServerRatis.java:start(468)) - XceiverServerRatis 6b3f7492-0ca6-4b3b-9a26-869cc0a580f4 is started using port 37553
2020-11-16 17:31:45,664 [EndpointStateMachine task thread for /0.0.0.0:33147 - 0 ] INFO  server.XceiverServerGrpc (XceiverServerGrpc.java:start(145)) - XceiverServerGrpc 6b3f7492-0ca6-4b3b-9a26-869cc0a580f4 is started using port 41731
2020-11-16 17:31:46,570 [IPC Server handler 2 on default port 33147] INFO  net.NetworkTopologyImpl (NetworkTopologyImpl.java:add(111)) - Added a new node: /default-rack/e605e0dd-6a71-4a0a-8796-3643e725e1ee
2020-11-16 17:31:46,572 [IPC Server handler 2 on default port 33147] INFO  node.SCMNodeManager (SCMNodeManager.java:register(282)) - Registered Data node : e605e0dd-6a71-4a0a-8796-3643e725e1ee{ip: 172.17.0.2, host: 17b325b6a691, networkLocation: /default-rack, certSerialId: null}
2020-11-16 17:31:46,573 [EventQueue-NodeRegistrationContainerReportForDataNodeSafeModeRule] INFO  safemode.SCMSafeModeManager (DataNodeSafeModeRule.java:process(71)) - SCM in safe mode. 1 DataNodes registered, 1 required.
2020-11-16 17:31:46,573 [EventQueue-NodeRegistrationContainerReportForDataNodeSafeModeRule] INFO  safemode.SCMSafeModeManager (SCMSafeModeManager.java:validateSafeModeExitRules(214)) - DataNodeSafeModeRule rule is successfully validated
2020-11-16 17:31:46,573 [RatisPipelineUtilsThread] INFO  pipeline.RatisPipelineProvider (RatisPipelineProvider.java:lambda$create$0(161)) - Sending CreatePipelineCommand for pipeline:PipelineID=d4bc30fa-d4d6-4961-95da-f8f270bc7fb2 to datanode:e605e0dd-6a71-4a0a-8796-3643e725e1ee
2020-11-16 17:31:46,573 [EventQueue-NodeRegistrationContainerReportForDataNodeSafeModeRule] INFO  safemode.SCMSafeModeManager (SCMSafeModeManager.java:completePreCheck(242)) - All SCM safe mode pre check rules have passed
2020-11-16 17:31:46,574 [RatisPipelineUtilsThread] INFO  pipeline.PipelineStateManager (PipelineStateManager.java:addPipeline(54)) - Created pipeline Pipeline[ Id: d4bc30fa-d4d6-4961-95da-f8f270bc7fb2, Nodes: e605e0dd-6a71-4a0a-8796-3643e725e1ee{ip: 172.17.0.2, host: 17b325b6a691, networkLocation: /default-rack, certSerialId: null}, Type:RATIS, Factor:ONE, State:ALLOCATED, leaderId:, CreationTimestamp2020-11-16T17:31:46.573Z]
2020-11-16 17:31:46,575 [RatisPipelineUtilsThread] WARN  pipeline.PipelinePlacementPolicy (PipelinePlacementPolicy.java:filterViableNodes(138)) - Pipeline creation failed due to no sufficient healthy datanodes. Required 3. Found 1.
2020-11-16 17:31:46,576 [EventQueue-NodeRegistrationContainerReportForContainerSafeModeRule] INFO  safemode.SCMSafeModeManager (SCMSafeModeManager.java:validateSafeModeExitRules(214)) - ContainerSafeModeRule rule is successfully validated
2020-11-16 17:31:46,659 [Listener at 127.0.0.1/35907] INFO  ozone.MiniOzoneClusterImpl (MiniOzoneClusterImpl.java:lambda$waitForClusterToBeReady$0(178)) - Waiting for nodes to be ready. Got 1 of 7 DN Heartbeats.
2020-11-16 17:31:46,659 [Listener at 127.0.0.1/35907] INFO  ozone.MiniOzoneClusterImpl (MiniOzoneClusterImpl.java:lambda$waitForClusterToBeReady$0(181)) - Waiting for cluster to exit safe mode
2020-11-16 17:31:46,749 [IPC Server handler 3 on default port 33147] INFO  net.NetworkTopologyImpl (NetworkTopologyImpl.java:add(111)) - Added a new node: /default-rack/fbf3a64f-640b-4b02-ae41-dab4aff0d596
2020-11-16 17:31:46,749 [IPC Server handler 3 on default port 33147] INFO  node.SCMNodeManager (SCMNodeManager.java:register(282)) - Registered Data node : fbf3a64f-640b-4b02-ae41-dab4aff0d596{ip: 172.17.0.2, host: 17b325b6a691, networkLocation: /default-rack, certSerialId: null}
2020-11-16 17:31:46,750 [EventQueue-NodeRegistrationContainerReportForContainerSafeModeRule] INFO  safemode.SCMSafeModeManager (SCMSafeModeManager.java:validateSafeModeExitRules(214)) - ContainerSafeModeRule rule is successfully validated
2020-11-16 17:31:46,750 [EventQueue-NodeRegistrationContainerReportForDataNodeSafeModeRule] INFO  safemode.SCMSafeModeManager (SCMSafeModeManager.java:validateSafeModeExitRules(214)) - DataNodeSafeModeRule rule is successfully validated
2020-11-16 17:31:46,750 [RatisPipelineUtilsThread] INFO  pipeline.RatisPipelineProvider (RatisPipelineProvider.java:lambda$create$0(161)) - Sending CreatePipelineCommand for pipeline:PipelineID=ccdd619e-40c8-4c23-9abc-4c905d290142 to datanode:fbf3a64f-640b-4b02-ae41-dab4aff0d596
2020-11-16 17:31:46,751 [RatisPipelineUtilsThread] INFO  pipeline.PipelineStateManager (PipelineStateManager.java:addPipeline(54)) - Created pipeline Pipeline[ Id: ccdd619e-40c8-4c23-9abc-4c905d290142, Nodes: fbf3a64f-640b-4b02-ae41-dab4aff0d596{ip: 172.17.0.2, host: 17b325b6a691, networkLocation: /default-rack, certSerialId: null}, Type:RATIS, Factor:ONE, State:ALLOCATED, leaderId:, CreationTimestamp2020-11-16T17:31:46.750Z]
2020-11-16 17:31:46,751 [RatisPipelineUtilsThread] WARN  pipeline.PipelinePlacementPolicy (PipelinePlacementPolicy.java:filterViableNodes(138)) - Pipeline creation failed due to no sufficient healthy datanodes. Required 3. Found 2.
2020-11-16 17:31:46,924 [IPC Server handler 4 on default port 33147] INFO  net.NetworkTopologyImpl (NetworkTopologyImpl.java:add(111)) - Added a new node: /default-rack/40c7d372-b34a-46f9-a435-b3894c66894a
2020-11-16 17:31:46,924 [IPC Server handler 4 on default port 33147] INFO  node.SCMNodeManager (SCMNodeManager.java:register(282)) - Registered Data node : 40c7d372-b34a-46f9-a435-b3894c66894a{ip: 172.17.0.2, host: 17b325b6a691, networkLocation: /default-rack, certSerialId: null}
2020-11-16 17:31:46,924 [EventQueue-NodeRegistrationContainerReportForContainerSafeModeRule] INFO  safemode.SCMSafeModeManager (SCMSafeModeManager.java:validateSafeModeExitRules(214)) - ContainerSafeModeRule rule is successfully validated
2020-11-16 17:31:46,925 [EventQueue-NodeRegistrationContainerReportForDataNodeSafeModeRule] INFO  safemode.SCMSafeModeManager (SCMSafeModeManager.java:validateSafeModeExitRules(214)) - DataNodeSafeModeRule rule is successfully validated
2020-11-16 17:31:46,925 [RatisPipelineUtilsThread] INFO  pipeline.RatisPipelineProvider (RatisPipelineProvider.java:lambda$create$0(161)) - Sending CreatePipelineCommand for pipeline:PipelineID=302a3398-ad98-482b-bf54-791d6d40d544 to datanode:40c7d372-b34a-46f9-a435-b3894c66894a
2020-11-16 17:31:46,925 [RatisPipelineUtilsThread] INFO  pipeline.PipelineStateManager (PipelineStateManager.java:addPipeline(54)) - Created pipeline Pipeline[ Id: 302a3398-ad98-482b-bf54-791d6d40d544, Nodes: 40c7d372-b34a-46f9-a435-b3894c66894a{ip: 172.17.0.2, host: 17b325b6a691, networkLocation: /default-rack, certSerialId: null}, Type:RATIS, Factor:ONE, State:ALLOCATED, leaderId:, CreationTimestamp2020-11-16T17:31:46.925Z]
2020-11-16 17:31:46,926 [RatisPipelineUtilsThread] INFO  pipeline.RatisPipelineProvider (RatisPipelineProvider.java:lambda$create$0(161)) - Sending CreatePipelineCommand for pipeline:PipelineID=3fc48667-3dd6-4ded-99d3-7acbf0f3979a to datanode:fbf3a64f-640b-4b02-ae41-dab4aff0d596
2020-11-16 17:31:46,926 [RatisPipelineUtilsThread] INFO  pipeline.RatisPipelineProvider (RatisPipelineProvider.java:lambda$create$0(161)) - Sending CreatePipelineCommand for pipeline:PipelineID=3fc48667-3dd6-4ded-99d3-7acbf0f3979a to datanode:40c7d372-b34a-46f9-a435-b3894c66894a
2020-11-16 17:31:46,926 [RatisPipelineUtilsThread] INFO  pipeline.RatisPipelineProvider (RatisPipelineProvider.java:lambda$create$0(161)) - Sending CreatePipelineCommand for pipeline:PipelineID=3fc48667-3dd6-4ded-99d3-7acbf0f3979a to datanode:e605e0dd-6a71-4a0a-8796-3643e725e1ee
2020-11-16 17:31:46,926 [RatisPipelineUtilsThread] INFO  pipeline.PipelineStateManager (PipelineStateManager.java:addPipeline(54)) - Created pipeline Pipeline[ Id: 3fc48667-3dd6-4ded-99d3-7acbf0f3979a, Nodes: fbf3a64f-640b-4b02-ae41-dab4aff0d596{ip: 172.17.0.2, host: 17b325b6a691, networkLocation: /default-rack, certSerialId: null}40c7d372-b34a-46f9-a435-b3894c66894a{ip: 172.17.0.2, host: 17b325b6a691, networkLocation: /default-rack, certSerialId: null}e605e0dd-6a71-4a0a-8796-3643e725e1ee{ip: 172.17.0.2, host: 17b325b6a691, networkLocation: /default-rack, certSerialId: null}, Type:RATIS, Factor:THREE, State:ALLOCATED, leaderId:, CreationTimestamp2020-11-16T17:31:46.926Z]
2020-11-16 17:31:46,926 [RatisPipelineUtilsThread] INFO  pipeline.RatisPipelineProvider (RatisPipelineProvider.java:lambda$create$0(161)) - Sending CreatePipelineCommand for pipeline:PipelineID=99cad37b-94ef-4ee5-80fa-959388351dea to datanode:fbf3a64f-640b-4b02-ae41-dab4aff0d596
2020-11-16 17:31:46,926 [RatisPipelineUtilsThread] INFO  pipeline.RatisPipelineProvider (RatisPipelineProvider.java:lambda$create$0(161)) - Sending CreatePipelineCommand for pipeline:PipelineID=99cad37b-94ef-4ee5-80fa-959388351dea to datanode:40c7d372-b34a-46f9-a435-b3894c66894a
2020-11-16 17:31:46,926 [RatisPipelineUtilsThread] INFO  pipeline.RatisPipelineProvider (RatisPipelineProvider.java:lambda$create$0(161)) - Sending CreatePipelineCommand for pipeline:PipelineID=99cad37b-94ef-4ee5-80fa-959388351dea to datanode:e605e0dd-6a71-4a0a-8796-3643e725e1ee
2020-11-16 17:31:46,926 [RatisPipelineUtilsThread] INFO  pipeline.PipelineStateManager (PipelineStateManager.java:addPipeline(54)) - Created pipeline Pipeline[ Id: 99cad37b-94ef-4ee5-80fa-959388351dea, Nodes: fbf3a64f-640b-4b02-ae41-dab4aff0d596{ip: 172.17.0.2, host: 17b325b6a691, networkLocation: /default-rack, certSerialId: null}40c7d372-b34a-46f9-a435-b3894c66894a{ip: 172.17.0.2, host: 17b325b6a691, networkLocation: /default-rack, certSerialId: null}e605e0dd-6a71-4a0a-8796-3643e725e1ee{ip: 172.17.0.2, host: 17b325b6a691, networkLocation: /default-rack, certSerialId: null}, Type:RATIS, Factor:THREE, State:ALLOCATED, leaderId:, CreationTimestamp2020-11-16T17:31:46.926Z]
2020-11-16 17:31:46,927 [RatisPipelineUtilsThread] INFO  pipeline.SCMPipelineManager (SCMPipelineManager.java:recordMetricsForPipeline(243)) - Pipeline: PipelineID=99cad37b-94ef-4ee5-80fa-959388351dea contains same datanodes as previous pipelines: PipelineID=3fc48667-3dd6-4ded-99d3-7acbf0f3979a nodeIds: fbf3a64f-640b-4b02-ae41-dab4aff0d596, 40c7d372-b34a-46f9-a435-b3894c66894a, e605e0dd-6a71-4a0a-8796-3643e725e1ee
2020-11-16 17:31:47,110 [IPC Server handler 5 on default port 33147] INFO  net.NetworkTopologyImpl (NetworkTopologyImpl.java:add(111)) - Added a new node: /default-rack/cc30a5ad-4207-4291-85e5-33833db84af4
2020-11-16 17:31:47,110 [IPC Server handler 5 on default port 33147] INFO  node.SCMNodeManager (SCMNodeManager.java:register(282)) - Registered Data node : cc30a5ad-4207-4291-85e5-33833db84af4{ip: 172.17.0.2, host: 17b325b6a691, networkLocation: /default-rack, certSerialId: null}
2020-11-16 17:31:47,110 [EventQueue-NodeRegistrationContainerReportForContainerSafeModeRule] INFO  safemode.SCMSafeModeManager (SCMSafeModeManager.java:validateSafeModeExitRules(214)) - ContainerSafeModeRule rule is successfully validated
2020-11-16 17:31:47,111 [EventQueue-NodeRegistrationContainerReportForDataNodeSafeModeRule] INFO  safemode.SCMSafeModeManager (SCMSafeModeManager.java:validateSafeModeExitRules(214)) - DataNodeSafeModeRule rule is successfully validated
2020-11-16 17:31:47,111 [RatisPipelineUtilsThread] INFO  pipeline.RatisPipelineProvider (RatisPipelineProvider.java:lambda$create$0(161)) - Sending CreatePipelineCommand for pipeline:PipelineID=fd540625-bf17-4266-a35c-b235807cdcd1 to datanode:cc30a5ad-4207-4291-85e5-33833db84af4
2020-11-16 17:31:47,111 [RatisPipelineUtilsThread] INFO  pipeline.PipelineStateManager (PipelineStateManager.java:addPipeline(54)) - Created pipeline Pipeline[ Id: fd540625-bf17-4266-a35c-b235807cdcd1, Nodes: cc30a5ad-4207-4291-85e5-33833db84af4{ip: 172.17.0.2, host: 17b325b6a691, networkLocation: /default-rack, certSerialId: null}, Type:RATIS, Factor:ONE, State:ALLOCATED, leaderId:, CreationTimestamp2020-11-16T17:31:47.111Z]
2020-11-16 17:31:47,286 [IPC Server handler 1 on default port 33147] INFO  net.NetworkTopologyImpl (NetworkTopologyImpl.java:add(111)) - Added a new node: /default-rack/756efa00-9886-4f2c-af17-99a3a9dc2153
2020-11-16 17:31:47,286 [IPC Server handler 1 on default port 33147] INFO  node.SCMNodeManager (SCMNodeManager.java:register(282)) - Registered Data node : 756efa00-9886-4f2c-af17-99a3a9dc2153{ip: 172.17.0.2, host: 17b325b6a691, networkLocation: /default-rack, certSerialId: null}
2020-11-16 17:31:47,286 [RatisPipelineUtilsThread] INFO  pipeline.RatisPipelineProvider (RatisPipelineProvider.java:lambda$create$0(161)) - Sending CreatePipelineCommand for pipeline:PipelineID=c125322b-8cc9-44a0-8599-9b79dc36f9f9 to datanode:756efa00-9886-4f2c-af17-99a3a9dc2153
2020-11-16 17:31:47,286 [EventQueue-NodeRegistrationContainerReportForContainerSafeModeRule] INFO  safemode.SCMSafeModeManager (SCMSafeModeManager.java:validateSafeModeExitRules(214)) - ContainerSafeModeRule rule is successfully validated
2020-11-16 17:31:47,287 [EventQueue-NodeRegistrationContainerReportForDataNodeSafeModeRule] INFO  safemode.SCMSafeModeManager (SCMSafeModeManager.java:validateSafeModeExitRules(214)) - DataNodeSafeModeRule rule is successfully validated
2020-11-16 17:31:47,287 [RatisPipelineUtilsThread] INFO  pipeline.PipelineStateManager (PipelineStateManager.java:addPipeline(54)) - Created pipeline Pipeline[ Id: c125322b-8cc9-44a0-8599-9b79dc36f9f9, Nodes: 756efa00-9886-4f2c-af17-99a3a9dc2153{ip: 172.17.0.2, host: 17b325b6a691, networkLocation: /default-rack, certSerialId: null}, Type:RATIS, Factor:ONE, State:ALLOCATED, leaderId:, CreationTimestamp2020-11-16T17:31:47.286Z]
2020-11-16 17:31:47,464 [IPC Server handler 2 on default port 33147] INFO  net.NetworkTopologyImpl (NetworkTopologyImpl.java:add(111)) - Added a new node: /default-rack/7ba08779-98dd-4ee1-a6ca-8386ca3b8fbf
2020-11-16 17:31:47,464 [IPC Server handler 2 on default port 33147] INFO  node.SCMNodeManager (SCMNodeManager.java:register(282)) - Registered Data node : 7ba08779-98dd-4ee1-a6ca-8386ca3b8fbf{ip: 172.17.0.2, host: 17b325b6a691, networkLocation: /default-rack, certSerialId: null}
2020-11-16 17:31:47,465 [EventQueue-NodeRegistrationContainerReportForContainerSafeModeRule] INFO  safemode.SCMSafeModeManager (SCMSafeModeManager.java:validateSafeModeExitRules(214)) - ContainerSafeModeRule rule is successfully validated
2020-11-16 17:31:47,465 [EventQueue-NodeRegistrationContainerReportForDataNodeSafeModeRule] INFO  safemode.SCMSafeModeManager (SCMSafeModeManager.java:validateSafeModeExitRules(214)) - DataNodeSafeModeRule rule is successfully validated
2020-11-16 17:31:47,465 [RatisPipelineUtilsThread] INFO  pipeline.RatisPipelineProvider (RatisPipelineProvider.java:lambda$create$0(161)) - Sending CreatePipelineCommand for pipeline:PipelineID=905e9980-0c29-429b-8547-18121da9b9ae to datanode:7ba08779-98dd-4ee1-a6ca-8386ca3b8fbf
2020-11-16 17:31:47,466 [RatisPipelineUtilsThread] INFO  pipeline.PipelineStateManager (PipelineStateManager.java:addPipeline(54)) - Created pipeline Pipeline[ Id: 905e9980-0c29-429b-8547-18121da9b9ae, Nodes: 7ba08779-98dd-4ee1-a6ca-8386ca3b8fbf{ip: 172.17.0.2, host: 17b325b6a691, networkLocation: /default-rack, certSerialId: null}, Type:RATIS, Factor:ONE, State:ALLOCATED, leaderId:, CreationTimestamp2020-11-16T17:31:47.465Z]
2020-11-16 17:31:47,466 [RatisPipelineUtilsThread] INFO  pipeline.RatisPipelineProvider (RatisPipelineProvider.java:lambda$create$0(161)) - Sending CreatePipelineCommand for pipeline:PipelineID=24132c28-f07d-4eb2-8506-bb1f04bdc3de to datanode:cc30a5ad-4207-4291-85e5-33833db84af4
2020-11-16 17:31:47,466 [RatisPipelineUtilsThread] INFO  pipeline.RatisPipelineProvider (RatisPipelineProvider.java:lambda$create$0(161)) - Sending CreatePipelineCommand for pipeline:PipelineID=24132c28-f07d-4eb2-8506-bb1f04bdc3de to datanode:7ba08779-98dd-4ee1-a6ca-8386ca3b8fbf
2020-11-16 17:31:47,466 [RatisPipelineUtilsThread] INFO  pipeline.RatisPipelineProvider (RatisPipelineProvider.java:lambda$create$0(161)) - Sending CreatePipelineCommand for pipeline:PipelineID=24132c28-f07d-4eb2-8506-bb1f04bdc3de to datanode:756efa00-9886-4f2c-af17-99a3a9dc2153
2020-11-16 17:31:47,466 [RatisPipelineUtilsThread] INFO  pipeline.PipelineStateManager (PipelineStateManager.java:addPipeline(54)) - Created pipeline Pipeline[ Id: 24132c28-f07d-4eb2-8506-bb1f04bdc3de, Nodes: cc30a5ad-4207-4291-85e5-33833db84af4{ip: 172.17.0.2, host: 17b325b6a691, networkLocation: /default-rack, certSerialId: null}7ba08779-98dd-4ee1-a6ca-8386ca3b8fbf{ip: 172.17.0.2, host: 17b325b6a691, networkLocation: /default-rack, certSerialId: null}756efa00-9886-4f2c-af17-99a3a9dc2153{ip: 172.17.0.2, host: 17b325b6a691, networkLocation: /default-rack, certSerialId: null}, Type:RATIS, Factor:THREE, State:ALLOCATED, leaderId:, CreationTimestamp2020-11-16T17:31:47.466Z]
2020-11-16 17:31:47,467 [RatisPipelineUtilsThread] INFO  pipeline.RatisPipelineProvider (RatisPipelineProvider.java:lambda$create$0(161)) - Sending CreatePipelineCommand for pipeline:PipelineID=777897be-e92b-4fe4-a6ef-86bcf01837ad to datanode:cc30a5ad-4207-4291-85e5-33833db84af4
2020-11-16 17:31:47,467 [RatisPipelineUtilsThread] INFO  pipeline.RatisPipelineProvider (RatisPipelineProvider.java:lambda$create$0(161)) - Sending CreatePipelineCommand for pipeline:PipelineID=777897be-e92b-4fe4-a6ef-86bcf01837ad to datanode:7ba08779-98dd-4ee1-a6ca-8386ca3b8fbf
2020-11-16 17:31:47,467 [RatisPipelineUtilsThread] INFO  pipeline.RatisPipelineProvider (RatisPipelineProvider.java:lambda$create$0(161)) - Sending CreatePipelineCommand for pipeline:PipelineID=777897be-e92b-4fe4-a6ef-86bcf01837ad to datanode:756efa00-9886-4f2c-af17-99a3a9dc2153
2020-11-16 17:31:47,467 [RatisPipelineUtilsThread] INFO  pipeline.PipelineStateManager (PipelineStateManager.java:addPipeline(54)) - Created pipeline Pipeline[ Id: 777897be-e92b-4fe4-a6ef-86bcf01837ad, Nodes: cc30a5ad-4207-4291-85e5-33833db84af4{ip: 172.17.0.2, host: 17b325b6a691, networkLocation: /default-rack, certSerialId: null}7ba08779-98dd-4ee1-a6ca-8386ca3b8fbf{ip: 172.17.0.2, host: 17b325b6a691, networkLocation: /default-rack, certSerialId: null}756efa00-9886-4f2c-af17-99a3a9dc2153{ip: 172.17.0.2, host: 17b325b6a691, networkLocation: /default-rack, certSerialId: null}, Type:RATIS, Factor:THREE, State:ALLOCATED, leaderId:, CreationTimestamp2020-11-16T17:31:47.467Z]
2020-11-16 17:31:47,468 [RatisPipelineUtilsThread] INFO  pipeline.SCMPipelineManager (SCMPipelineManager.java:recordMetricsForPipeline(243)) - Pipeline: PipelineID=777897be-e92b-4fe4-a6ef-86bcf01837ad contains same datanodes as previous pipelines: PipelineID=24132c28-f07d-4eb2-8506-bb1f04bdc3de nodeIds: cc30a5ad-4207-4291-85e5-33833db84af4, 7ba08779-98dd-4ee1-a6ca-8386ca3b8fbf, 756efa00-9886-4f2c-af17-99a3a9dc2153
2020-11-16 17:31:47,660 [Listener at 127.0.0.1/35907] INFO  ozone.MiniOzoneClusterImpl (MiniOzoneClusterImpl.java:lambda$waitForClusterToBeReady$0(178)) - Waiting for nodes to be ready. Got 6 of 7 DN Heartbeats.
2020-11-16 17:31:47,660 [Listener at 127.0.0.1/35907] INFO  ozone.MiniOzoneClusterImpl (MiniOzoneClusterImpl.java:lambda$waitForClusterToBeReady$0(181)) - Waiting for cluster to exit safe mode
2020-11-16 17:31:47,660 [IPC Server handler 3 on default port 33147] INFO  net.NetworkTopologyImpl (NetworkTopologyImpl.java:add(111)) - Added a new node: /default-rack/6b3f7492-0ca6-4b3b-9a26-869cc0a580f4
2020-11-16 17:31:47,660 [IPC Server handler 3 on default port 33147] INFO  node.SCMNodeManager (SCMNodeManager.java:register(282)) - Registered Data node : 6b3f7492-0ca6-4b3b-9a26-869cc0a580f4{ip: 172.17.0.2, host: 17b325b6a691, networkLocation: /default-rack, certSerialId: null}
2020-11-16 17:31:47,660 [EventQueue-NodeRegistrationContainerReportForContainerSafeModeRule] INFO  safemode.SCMSafeModeManager (SCMSafeModeManager.java:validateSafeModeExitRules(214)) - ContainerSafeModeRule rule is successfully validated
2020-11-16 17:31:47,661 [EventQueue-NodeRegistrationContainerReportForDataNodeSafeModeRule] INFO  safemode.SCMSafeModeManager (SCMSafeModeManager.java:validateSafeModeExitRules(214)) - DataNodeSafeModeRule rule is successfully validated
2020-11-16 17:31:47,661 [RatisPipelineUtilsThread] INFO  pipeline.RatisPipelineProvider (RatisPipelineProvider.java:lambda$create$0(161)) - Sending CreatePipelineCommand for pipeline:PipelineID=26890cb8-6a58-49b8-98f4-465758ed8bc5 to datanode:6b3f7492-0ca6-4b3b-9a26-869cc0a580f4
2020-11-16 17:31:47,662 [RatisPipelineUtilsThread] INFO  pipeline.PipelineStateManager (PipelineStateManager.java:addPipeline(54)) - Created pipeline Pipeline[ Id: 26890cb8-6a58-49b8-98f4-465758ed8bc5, Nodes: 6b3f7492-0ca6-4b3b-9a26-869cc0a580f4{ip: 172.17.0.2, host: 17b325b6a691, networkLocation: /default-rack, certSerialId: null}, Type:RATIS, Factor:ONE, State:ALLOCATED, leaderId:, CreationTimestamp2020-11-16T17:31:47.661Z]
2020-11-16 17:31:48,660 [Listener at 127.0.0.1/35907] INFO  ozone.MiniOzoneClusterImpl (MiniOzoneClusterImpl.java:lambda$waitForClusterToBeReady$0(178)) - Nodes are ready. Got 7 of 7 DN Heartbeats.
2020-11-16 17:31:48,660 [Listener at 127.0.0.1/35907] INFO  ozone.MiniOzoneClusterImpl (MiniOzoneClusterImpl.java:lambda$waitForClusterToBeReady$0(181)) - Waiting for cluster to exit safe mode
2020-11-16 17:31:49,571 [Command processor thread] INFO  impl.RaftServerProxy (RaftServerProxy.java:addNew(92)) - e605e0dd-6a71-4a0a-8796-3643e725e1ee: addNew group-F8F270BC7FB2:[e605e0dd-6a71-4a0a-8796-3643e725e1ee:172.17.0.2:36279:0] returns group-F8F270BC7FB2:java.util.concurrent.CompletableFuture@6c391ad7[Not completed]
2020-11-16 17:31:49,573 [pool-639-thread-1] INFO  impl.RaftServerImpl (RaftServerImpl.java:<init>(120)) - e605e0dd-6a71-4a0a-8796-3643e725e1ee: new RaftServerImpl for group-F8F270BC7FB2:[e605e0dd-6a71-4a0a-8796-3643e725e1ee:172.17.0.2:36279:0] with ContainerStateMachine:uninitialized
2020-11-16 17:31:49,573 [pool-639-thread-1] INFO  server.RaftServerConfigKeys (ConfUtils.java:logGet(44)) - raft.server.rpc.timeout.min = 5s (custom)
2020-11-16 17:31:49,574 [pool-639-thread-1] INFO  server.RaftServerConfigKeys (ConfUtils.java:logGet(44)) - raft.server.rpc.timeout.max = 5200ms (custom)
2020-11-16 17:31:49,574 [pool-639-thread-1] INFO  server.RaftServerConfigKeys (ConfUtils.java:logGet(44)) - raft.server.rpcslowness.timeout = 300000ms (custom)
2020-11-16 17:31:49,574 [pool-639-thread-1] INFO  server.RaftServerConfigKeys (ConfUtils.java:logGet(44)) - raft.server.sleep.deviation.threshold = 300 (default)
2020-11-16 17:31:49,574 [pool-639-thread-1] INFO  server.RaftServerConfigKeys (ConfUtils.java:logGet(44)) - raft.server.log.appender.install.snapshot.enabled = false (custom)
2020-11-16 17:31:49,574 [pool-639-thread-1] INFO  impl.RaftServerImpl (ServerState.java:<init>(104)) - e605e0dd-6a71-4a0a-8796-3643e725e1ee@group-F8F270BC7FB2: ConfigurationManager, init=-1: [e605e0dd-6a71-4a0a-8796-3643e725e1ee:172.17.0.2:36279:0], old=null, confs=<EMPTY_MAP>
2020-11-16 17:31:49,574 [pool-639-thread-1] INFO  server.RaftServerConfigKeys (ConfUtils.java:logGet(44)) - raft.server.storage.dir = [/github/workspace/mnt/ozone/hadoop-ozone/integration-test/target/test-dir/MiniOzoneClusterImpl-7523e9d5-68c3-40ce-b00f-57fa4c553895/datanode-0/data/ratis] (custom)
2020-11-16 17:31:49,574 [pool-639-thread-1] INFO  server.RaftServerConfigKeys (ConfUtils.java:logGet(44)) - raft.server.log.corruption.policy = EXCEPTION (default)
2020-11-16 17:31:49,575 [pool-639-thread-1] INFO  storage.RaftStorageDirectory (RaftStorageDirectory.java:analyzeStorage(261)) - The storage directory /github/workspace/mnt/ozone/hadoop-ozone/integration-test/target/test-dir/MiniOzoneClusterImpl-7523e9d5-68c3-40ce-b00f-57fa4c553895/datanode-0/data/ratis/d4bc30fa-d4d6-4961-95da-f8f270bc7fb2 does not exist. Creating ...
2020-11-16 17:31:49,576 [pool-639-thread-1] INFO  storage.RaftStorageDirectory (RaftStorageDirectory.java:tryLock(343)) - Lock on /github/workspace/mnt/ozone/hadoop-ozone/integration-test/target/test-dir/MiniOzoneClusterImpl-7523e9d5-68c3-40ce-b00f-57fa4c553895/datanode-0/data/ratis/d4bc30fa-d4d6-4961-95da-f8f270bc7fb2/in_use.lock acquired by nodename 814@17b325b6a691
2020-11-16 17:31:49,578 [pool-639-thread-1] INFO  storage.RaftStorage (RaftStorage.java:format(84)) - Storage directory /github/workspace/mnt/ozone/hadoop-ozone/integration-test/target/test-dir/MiniOzoneClusterImpl-7523e9d5-68c3-40ce-b00f-57fa4c553895/datanode-0/data/ratis/d4bc30fa-d4d6-4961-95da-f8f270bc7fb2 has been successfully formatted.
2020-11-16 17:31:49,579 [pool-639-thread-1] INFO  ratis.ContainerStateMachine (ContainerStateMachine.java:loadSnapshot(225)) - group-F8F270BC7FB2: The snapshot info is null. Setting the last applied indexto:(t:0, i:~)
2020-11-16 17:31:49,579 [pool-639-thread-1] INFO  server.RaftServerConfigKeys (ConfUtils.java:logGet(44)) - raft.server.notification.no-leader.timeout = 300000ms (custom)
2020-11-16 17:31:49,579 [pool-639-thread-1] INFO  server.RaftServerConfigKeys (ConfUtils.java:logGet(44)) - raft.server.log.use.memory = false (default)
2020-11-16 17:31:49,579 [pool-639-thread-1] INFO  server.RaftServerConfigKeys (ConfUtils.java:logGet(44)) - raft.server.log.purge.gap = 1000000 (custom)
2020-11-16 17:31:49,580 [pool-639-thread-1] INFO  metrics.RatisMetrics (RatisMetrics.java:lambda$create$0(36)) - Creating Metrics Registry : ratis.log_worker.e605e0dd-6a71-4a0a-8796-3643e725e1ee@group-F8F270BC7FB2
2020-11-16 17:31:49,580 [pool-639-thread-1] INFO  server.RaftServerConfigKeys (ConfUtils.java:logGet(44)) - raft.server.log.appender.buffer.byte-limit = 33554432 (custom)
2020-11-16 17:31:49,579 [EventQueue-PipelineReportForPipelineReportHandler] INFO  pipeline.PipelineStateManager (PipelineStateManager.java:openPipeline(132)) - Pipeline Pipeline[ Id: d4bc30fa-d4d6-4961-95da-f8f270bc7fb2, Nodes: e605e0dd-6a71-4a0a-8796-3643e725e1ee{ip: 172.17.0.2, host: 17b325b6a691, networkLocation: /default-rack, certSerialId: null}, Type:RATIS, Factor:ONE, State:ALLOCATED, leaderId:e605e0dd-6a71-4a0a-8796-3643e725e1ee, CreationTimestamp2020-11-16T17:31:46.573Z] moved to OPEN state
2020-11-16 17:31:49,580 [pool-639-thread-1] INFO  server.RaftServerConfigKeys (ConfUtils.java:logGet(44)) - raft.server.log.segment.size.max = 1048576 (custom)
2020-11-16 17:31:49,581 [EventQueue-OpenPipelineForHealthyPipelineSafeModeRule] INFO  safemode.SCMSafeModeManager (HealthyPipelineSafeModeRule.java:process(129)) - SCM in safe mode. Healthy pipelines reported count is 0, required healthy pipeline reported count is 1
2020-11-16 17:31:49,582 [pool-639-thread-1] INFO  server.RaftServerConfigKeys (ConfUtils.java:logGet(44)) - raft.server.log.segment.cache.num.max = 2 (custom)
2020-11-16 17:31:49,582 [pool-639-thread-1] INFO  segmented.SegmentedRaftLogWorker (SegmentedRaftLogWorker.java:<init>(180)) - new e605e0dd-6a71-4a0a-8796-3643e725e1ee@group-F8F270BC7FB2-SegmentedRaftLogWorker for RaftStorage:Storage Directory /github/workspace/mnt/ozone/hadoop-ozone/integration-test/target/test-dir/MiniOzoneClusterImpl-7523e9d5-68c3-40ce-b00f-57fa4c553895/datanode-0/data/ratis/d4bc30fa-d4d6-4961-95da-f8f270bc7fb2
2020-11-16 17:31:49,582 [pool-639-thread-1] INFO  server.RaftServerConfigKeys (ConfUtils.java:logGet(44)) - raft.server.log.queue.byte-limit = 2147483647 (custom)
2020-11-16 17:31:49,582 [pool-639-thread-1] INFO  server.RaftServerConfigKeys (ConfUtils.java:logGet(44)) - raft.server.log.queue.element-limit = 1024 (custom)
2020-11-16 17:31:49,582 [pool-639-thread-1] INFO  server.RaftServerConfigKeys (ConfUtils.java:logGet(44)) - raft.server.log.segment.size.max = 1048576 (custom)
2020-11-16 17:31:49,582 [pool-639-thread-1] INFO  server.RaftServerConfigKeys (ConfUtils.java:logGet(44)) - raft.server.log.preallocated.size = 16384 (custom)
2020-11-16 17:31:49,582 [pool-639-thread-1] INFO  server.RaftServerConfigKeys (ConfUtils.java:logGet(44)) - raft.server.log.write.buffer.size = 1048576 (custom)
2020-11-16 17:31:49,582 [pool-639-thread-1] INFO  server.RaftServerConfigKeys (ConfUtils.java:logGet(44)) - raft.server.log.force.sync.num = 128 (default)
2020-11-16 17:31:49,582 [pool-639-thread-1] INFO  server.RaftServerConfigKeys (ConfUtils.java:logGet(44)) - raft.server.log.statemachine.data.sync = true (default)
2020-11-16 17:31:49,582 [pool-639-thread-1] INFO  server.RaftServerConfigKeys (ConfUtils.java:logGet(44)) - raft.server.log.statemachine.data.sync.timeout = 10s (default)
2020-11-16 17:31:49,583 [pool-639-thread-1] INFO  server.RaftServerConfigKeys (ConfUtils.java:logGet(44)) - raft.server.log.statemachine.data.sync.timeout.retry = -1 (default)
2020-11-16 17:31:49,586 [pool-639-thread-1] INFO  server.RaftServerConfigKeys (ConfUtils.java:logGet(44)) - raft.server.log.statemachine.data.caching.enabled = true (custom)
2020-11-16 17:31:49,586 [pool-639-thread-1] INFO  segmented.SegmentedRaftLogWorker (SegmentedRaftLogWorker.java:lambda$new$0(129)) - e605e0dd-6a71-4a0a-8796-3643e725e1ee@group-F8F270BC7FB2-SegmentedRaftLogWorker: flushIndex: setUnconditionally 0 -> -1
2020-11-16 17:31:49,586 [pool-639-thread-1] INFO  segmented.SegmentedRaftLogWorker (SegmentedRaftLogWorker.java:lambda$new$0(129)) - e605e0dd-6a71-4a0a-8796-3643e725e1ee@group-F8F270BC7FB2-SegmentedRaftLogWorker: safeCacheEvictIndex: setUnconditionally 0 -> -1
2020-11-16 17:31:49,586 [EventQueue-OpenPipelineForOneReplicaPipelineSafeModeRule] INFO  safemode.SCMSafeModeManager (SCMSafeModeManager.java:validateSafeModeExitRules(214)) - AtleastOneDatanodeReportedRule rule is successfully validated
2020-11-16 17:31:49,586 [pool-639-thread-1] INFO  server.RaftServerConfigKeys (ConfUtils.java:logGet(44)) - raft.server.snapshot.auto.trigger.enabled = true (custom)
2020-11-16 17:31:49,587 [pool-639-thread-1] INFO  server.RaftServerConfigKeys (ConfUtils.java:logGet(44)) - raft.server.snapshot.auto.trigger.threshold = 10000 (custom)
2020-11-16 17:31:49,587 [pool-639-thread-1] INFO  server.RaftServerConfigKeys (ConfUtils.java:logGet(44)) - raft.server.snapshot.retention.file.num = 5 (custom)
2020-11-16 17:31:49,587 [pool-639-thread-1] INFO  server.RaftServerConfigKeys (ConfUtils.java:logGet(44)) - raft.server.log.purge.upto.snapshot.index = false (default)
2020-11-16 17:31:49,587 [pool-639-thread-1] INFO  server.RaftServerConfigKeys (ConfUtils.java:logGet(44)) - raft.server.retrycache.expirytime = 600000ms (custom)
2020-11-16 17:31:49,587 [pool-639-thread-1] INFO  metrics.RatisMetrics (RatisMetrics.java:lambda$create$0(36)) - Creating Metrics Registry : ratis.leader_election.e605e0dd-6a71-4a0a-8796-3643e725e1ee@group-F8F270BC7FB2
2020-11-16 17:31:49,588 [pool-639-thread-1] INFO  metrics.RatisMetrics (RatisMetrics.java:lambda$create$0(36)) - Creating Metrics Registry : ratis.server.e605e0dd-6a71-4a0a-8796-3643e725e1ee@group-F8F270BC7FB2
2020-11-16 17:31:49,589 [pool-639-thread-1] INFO  impl.RaftServerImpl (RaftServerImpl.java:start(209)) - e605e0dd-6a71-4a0a-8796-3643e725e1ee@group-F8F270BC7FB2: start as a follower, conf=-1: [e605e0dd-6a71-4a0a-8796-3643e725e1ee:172.17.0.2:36279:0], old=null
2020-11-16 17:31:49,589 [pool-639-thread-1] INFO  impl.RaftServerImpl (RaftServerImpl.java:setRole(198)) - e605e0dd-6a71-4a0a-8796-3643e725e1ee@group-F8F270BC7FB2: changes role from      null to FOLLOWER at term 0 for startAsFollower
2020-11-16 17:31:49,590 [pool-639-thread-1] INFO  impl.RoleInfo (RoleInfo.java:updateAndGet(143)) - e605e0dd-6a71-4a0a-8796-3643e725e1ee: start FollowerState
2020-11-16 17:31:49,590 [pool-639-thread-1] INFO  util.JmxRegister (JmxRegister.java:tryRegister(44)) - Successfully registered JMX Bean with object name Ratis:service=RaftServer,group=group-F8F270BC7FB2,id=e605e0dd-6a71-4a0a-8796-3643e725e1ee
2020-11-16 17:31:49,590 [pool-639-thread-1] INFO  metrics.RatisMetrics (RatisMetrics.java:lambda$create$0(36)) - Creating Metrics Registry : ratis.state_machine.e605e0dd-6a71-4a0a-8796-3643e725e1ee@group-F8F270BC7FB2
2020-11-16 17:31:49,591 [Command processor thread] INFO  commandhandler.CreatePipelineCommandHandler (CreatePipelineCommandHandler.java:handle(106)) - Created Pipeline RATIS ONE PipelineID=d4bc30fa-d4d6-4961-95da-f8f270bc7fb2.
2020-11-16 17:31:49,591 [Command processor thread] INFO  impl.RaftServerProxy (RaftServerProxy.java:addNew(92)) - e605e0dd-6a71-4a0a-8796-3643e725e1ee: addNew group-7ACBF0F3979A:[e605e0dd-6a71-4a0a-8796-3643e725e1ee:172.17.0.2:36279:0, 40c7d372-b34a-46f9-a435-b3894c66894a:172.17.0.2:37525:0, fbf3a64f-640b-4b02-ae41-dab4aff0d596:172.17.0.2:40251:0] returns group-7ACBF0F3979A:java.util.concurrent.CompletableFuture@68068388[Not completed]
2020-11-16 17:31:49,592 [pool-639-thread-1] INFO  impl.RaftServerImpl (RaftServerImpl.java:<init>(120)) - e605e0dd-6a71-4a0a-8796-3643e725e1ee: new RaftServerImpl for group-7ACBF0F3979A:[e605e0dd-6a71-4a0a-8796-3643e725e1ee:172.17.0.2:36279:0, 40c7d372-b34a-46f9-a435-b3894c66894a:172.17.0.2:37525:0, fbf3a64f-640b-4b02-ae41-dab4aff0d596:172.17.0.2:40251:0] with ContainerStateMachine:uninitialized
2020-11-16 17:31:49,592 [pool-639-thread-1] INFO  server.RaftServerConfigKeys (ConfUtils.java:logGet(44)) - raft.server.rpc.timeout.min = 5s (custom)
2020-11-16 17:31:49,592 [pool-639-thread-1] INFO  server.RaftServerConfigKeys (ConfUtils.java:logGet(44)) - raft.server.rpc.timeout.max = 5200ms (custom)
2020-11-16 17:31:49,592 [pool-639-thread-1] INFO  server.RaftServerConfigKeys (ConfUtils.java:logGet(44)) - raft.server.rpcslowness.timeout = 300000ms (custom)
2020-11-16 17:31:49,592 [pool-639-thread-1] INFO  server.RaftServerConfigKeys (ConfUtils.java:logGet(44)) - raft.server.sleep.deviation.threshold = 300 (default)
2020-11-16 17:31:49,592 [pool-639-thread-1] INFO  server.RaftServerConfigKeys (ConfUtils.java:logGet(44)) - raft.server.log.appender.install.snapshot.enabled = false (custom)
2020-11-16 17:31:49,592 [pool-639-thread-1] INFO  impl.RaftServerImpl (ServerState.java:<init>(104)) - e605e0dd-6a71-4a0a-8796-3643e725e1ee@group-7ACBF0F3979A: ConfigurationManager, init=-1: [e605e0dd-6a71-4a0a-8796-3643e725e1ee:172.17.0.2:36279:0, 40c7d372-b34a-46f9-a435-b3894c66894a:172.17.0.2:37525:0, fbf3a64f-640b-4b02-ae41-dab4aff0d596:172.17.0.2:40251:0], old=null, confs=<EMPTY_MAP>
2020-11-16 17:31:49,592 [pool-639-thread-1] INFO  server.RaftServerConfigKeys (ConfUtils.java:logGet(44)) - raft.server.storage.dir = [/github/workspace/mnt/ozone/hadoop-ozone/integration-test/target/test-dir/MiniOzoneClusterImpl-7523e9d5-68c3-40ce-b00f-57fa4c553895/datanode-0/data/ratis] (custom)
2020-11-16 17:31:49,592 [pool-639-thread-1] INFO  server.RaftServerConfigKeys (ConfUtils.java:logGet(44)) - raft.server.log.corruption.policy = EXCEPTION (default)
2020-11-16 17:31:49,593 [pool-639-thread-1] INFO  storage.RaftStorageDirectory (RaftStorageDirectory.java:analyzeStorage(261)) - The storage directory /github/workspace/mnt/ozone/hadoop-ozone/integration-test/target/test-dir/MiniOzoneClusterImpl-7523e9d5-68c3-40ce-b00f-57fa4c553895/datanode-0/data/ratis/3fc48667-3dd6-4ded-99d3-7acbf0f3979a does not exist. Creating ...
2020-11-16 17:31:49,594 [pool-639-thread-1] INFO  storage.RaftStorageDirectory (RaftStorageDirectory.java:tryLock(343)) - Lock on /github/workspace/mnt/ozone/hadoop-ozone/integration-test/target/test-dir/MiniOzoneClusterImpl-7523e9d5-68c3-40ce-b00f-57fa4c553895/datanode-0/data/ratis/3fc48667-3dd6-4ded-99d3-7acbf0f3979a/in_use.lock acquired by nodename 814@17b325b6a691
2020-11-16 17:31:49,595 [pool-639-thread-1] INFO  storage.RaftStorage (RaftStorage.java:format(84)) - Storage directory /github/workspace/mnt/ozone/hadoop-ozone/integration-test/target/test-dir/MiniOzoneClusterImpl-7523e9d5-68c3-40ce-b00f-57fa4c553895/datanode-0/data/ratis/3fc48667-3dd6-4ded-99d3-7acbf0f3979a has been successfully formatted.
2020-11-16 17:31:49,595 [pool-639-thread-1] INFO  ratis.ContainerStateMachine (ContainerStateMachine.java:loadSnapshot(225)) - group-7ACBF0F3979A: The snapshot info is null. Setting the last applied indexto:(t:0, i:~)
2020-11-16 17:31:49,595 [pool-639-thread-1] INFO  server.RaftServerConfigKeys (ConfUtils.java:logGet(44)) - raft.server.notification.no-leader.timeout = 300000ms (custom)
2020-11-16 17:31:49,595 [pool-639-thread-1] INFO  server.RaftServerConfigKeys (ConfUtils.java:logGet(44)) - raft.server.log.use.memory = false (default)
2020-11-16 17:31:49,595 [pool-639-thread-1] INFO  server.RaftServerConfigKeys (ConfUtils.java:logGet(44)) - raft.server.log.purge.gap = 1000000 (custom)
2020-11-16 17:31:49,596 [pool-639-thread-1] INFO  metrics.RatisMetrics (RatisMetrics.java:lambda$create$0(36)) - Creating Metrics Registry : ratis.log_worker.e605e0dd-6a71-4a0a-8796-3643e725e1ee@group-7ACBF0F3979A
2020-11-16 17:31:49,596 [pool-639-thread-1] INFO  server.RaftServerConfigKeys (ConfUtils.java:logGet(44)) - raft.server.log.appender.buffer.byte-limit = 33554432 (custom)
2020-11-16 17:31:49,596 [pool-639-thread-1] INFO  server.RaftServerConfigKeys (ConfUtils.java:logGet(44)) - raft.server.log.segment.size.max = 1048576 (custom)
2020-11-16 17:31:49,597 [pool-639-thread-1] INFO  server.RaftServerConfigKeys (ConfUtils.java:logGet(44)) - raft.server.log.segment.cache.num.max = 2 (custom)
2020-11-16 17:31:49,597 [pool-639-thread-1] INFO  segmented.SegmentedRaftLogWorker (SegmentedRaftLogWorker.java:<init>(180)) - new e605e0dd-6a71-4a0a-8796-3643e725e1ee@group-7ACBF0F3979A-SegmentedRaftLogWorker for RaftStorage:Storage Directory /github/workspace/mnt/ozone/hadoop-ozone/integration-test/target/test-dir/MiniOzoneClusterImpl-7523e9d5-68c3-40ce-b00f-57fa4c553895/datanode-0/data/ratis/3fc48667-3dd6-4ded-99d3-7acbf0f3979a
2020-11-16 17:31:49,597 [pool-639-thread-1] INFO  server.RaftServerConfigKeys (ConfUtils.java:logGet(44)) - raft.server.log.queue.byte-limit = 2147483647 (custom)
2020-11-16 17:31:49,597 [pool-639-thread-1] INFO  server.RaftServerConfigKeys (ConfUtils.java:logGet(44)) - raft.server.log.queue.element-limit = 1024 (custom)
2020-11-16 17:31:49,597 [pool-639-thread-1] INFO  server.RaftServerConfigKeys (ConfUtils.java:logGet(44)) - raft.server.log.segment.size.max = 1048576 (custom)
2020-11-16 17:31:49,597 [pool-639-thread-1] INFO  server.RaftServerConfigKeys (ConfUtils.java:logGet(44)) - raft.server.log.preallocated.size = 16384 (custom)
2020-11-16 17:31:49,597 [pool-639-thread-1] INFO  server.RaftServerConfigKeys (ConfUtils.java:logGet(44)) - raft.server.log.write.buffer.size = 1048576 (custom)
2020-11-16 17:31:49,597 [pool-639-thread-1] INFO  server.RaftServerConfigKeys (ConfUtils.java:logGet(44)) - raft.server.log.force.sync.num = 128 (default)
2020-11-16 17:31:49,597 [pool-639-thread-1] INFO  server.RaftServerConfigKeys (ConfUtils.java:logGet(44)) - raft.server.log.statemachine.data.sync = true (default)
2020-11-16 17:31:49,597 [pool-639-thread-1] INFO  server.RaftServerConfigKeys (ConfUtils.java:logGet(44)) - raft.server.log.statemachine.data.sync.timeout = 10s (default)
2020-11-16 17:31:49,597 [pool-639-thread-1] INFO  server.RaftServerConfigKeys (ConfUtils.java:logGet(44)) - raft.server.log.statemachine.data.sync.timeout.retry = -1 (default)
2020-11-16 17:31:49,599 [pool-639-thread-1] INFO  server.RaftServerConfigKeys (ConfUtils.java:logGet(44)) - raft.server.log.statemachine.data.caching.enabled = true (custom)
2020-11-16 17:31:49,599 [pool-639-thread-1] INFO  segmented.SegmentedRaftLogWorker (SegmentedRaftLogWorker.java:lambda$new$0(129)) - e605e0dd-6a71-4a0a-8796-3643e725e1ee@group-7ACBF0F3979A-SegmentedRaftLogWorker: flushIndex: setUnconditionally 0 -> -1
2020-11-16 17:31:49,599 [pool-639-thread-1] INFO  segmented.SegmentedRaftLogWorker (SegmentedRaftLogWorker.java:lambda$new$0(129)) - e605e0dd-6a71-4a0a-8796-3643e725e1ee@group-7ACBF0F3979A-SegmentedRaftLogWorker: safeCacheEvictIndex: setUnconditionally 0 -> -1
2020-11-16 17:31:49,600 [pool-639-thread-1] INFO  server.RaftServerConfigKeys (ConfUtils.java:logGet(44)) - raft.server.snapshot.auto.trigger.enabled = true (custom)
2020-11-16 17:31:49,600 [pool-639-thread-1] INFO  server.RaftServerConfigKeys (ConfUtils.java:logGet(44)) - raft.server.snapshot.auto.trigger.threshold = 10000 (custom)
2020-11-16 17:31:49,600 [pool-639-thread-1] INFO  server.RaftServerConfigKeys (ConfUtils.java:logGet(44)) - raft.server.snapshot.retention.file.num = 5 (custom)
2020-11-16 17:31:49,600 [pool-639-thread-1] INFO  server.RaftServerConfigKeys (ConfUtils.java:logGet(44)) - raft.server.log.purge.upto.snapshot.index = false (default)
2020-11-16 17:31:49,600 [pool-639-thread-1] INFO  server.RaftServerConfigKeys (ConfUtils.java:logGet(44)) - raft.server.retrycache.expirytime = 600000ms (custom)
2020-11-16 17:31:49,600 [pool-639-thread-1] INFO  metrics.RatisMetrics (RatisMetrics.java:lambda$create$0(36)) - Creating Metrics Registry : ratis.leader_election.e605e0dd-6a71-4a0a-8796-3643e725e1ee@group-7ACBF0F3979A
2020-11-16 17:31:49,601 [pool-639-thread-1] INFO  metrics.RatisMetrics (RatisMetrics.java:lambda$create$0(36)) - Creating Metrics Registry : ratis.server.e605e0dd-6a71-4a0a-8796-3643e725e1ee@group-7ACBF0F3979A
2020-11-16 17:31:49,602 [pool-639-thread-1] INFO  impl.RaftServerImpl (RaftServerImpl.java:start(209)) - e605e0dd-6a71-4a0a-8796-3643e725e1ee@group-7ACBF0F3979A: start as a follower, conf=-1: [e605e0dd-6a71-4a0a-8796-3643e725e1ee:172.17.0.2:36279:0, 40c7d372-b34a-46f9-a435-b3894c66894a:172.17.0.2:37525:0, fbf3a64f-640b-4b02-ae41-dab4aff0d596:172.17.0.2:40251:0], old=null
2020-11-16 17:31:49,603 [pool-639-thread-1] INFO  impl.RaftServerImpl (RaftServerImpl.java:setRole(198)) - e605e0dd-6a71-4a0a-8796-3643e725e1ee@group-7ACBF0F3979A: changes role from      null to FOLLOWER at term 0 for startAsFollower
2020-11-16 17:31:49,603 [pool-639-thread-1] INFO  impl.RoleInfo (RoleInfo.java:updateAndGet(143)) - e605e0dd-6a71-4a0a-8796-3643e725e1ee: start FollowerState
2020-11-16 17:31:49,603 [pool-639-thread-1] INFO  util.JmxRegister (JmxRegister.java:tryRegister(44)) - Successfully registered JMX Bean with object name Ratis:service=RaftServer,group=group-7ACBF0F3979A,id=e605e0dd-6a71-4a0a-8796-3643e725e1ee
2020-11-16 17:31:49,603 [pool-639-thread-1] INFO  metrics.RatisMetrics (RatisMetrics.java:lambda$create$0(36)) - Creating Metrics Registry : ratis.state_machine.e605e0dd-6a71-4a0a-8796-3643e725e1ee@group-7ACBF0F3979A
2020-11-16 17:31:49,604 [Command processor thread] INFO  metrics.RatisMetrics (RatisMetrics.java:lambda$create$0(36)) - Creating Metrics Registry : ratis.client_message_metrics.client-88CE7900AFDB->fbf3a64f-640b-4b02-ae41-dab4aff0d596
2020-11-16 17:31:49,609 [grpc-default-executor-1] INFO  metrics.RatisMetrics (RatisMetrics.java:lambda$create$0(36)) - Creating Metrics Registry : ratis.server_message_metrics.fbf3a64f-640b-4b02-ae41-dab4aff0d596
2020-11-16 17:31:49,610 [grpc-default-executor-1] INFO  impl.RaftServerProxy (RaftServerProxy.java:addNew(92)) - fbf3a64f-640b-4b02-ae41-dab4aff0d596: addNew group-7ACBF0F3979A:[e605e0dd-6a71-4a0a-8796-3643e725e1ee:172.17.0.2:36279:0, 40c7d372-b34a-46f9-a435-b3894c66894a:172.17.0.2:37525:0, fbf3a64f-640b-4b02-ae41-dab4aff0d596:172.17.0.2:40251:0] returns group-7ACBF0F3979A:java.util.concurrent.CompletableFuture@62a147ba[Not completed]
2020-11-16 17:31:49,611 [pool-655-thread-1] INFO  impl.RaftServerImpl (RaftServerImpl.java:<init>(120)) - fbf3a64f-640b-4b02-ae41-dab4aff0d596: new RaftServerImpl for group-7ACBF0F3979A:[e605e0dd-6a71-4a0a-8796-3643e725e1ee:172.17.0.2:36279:0, 40c7d372-b34a-46f9-a435-b3894c66894a:172.17.0.2:37525:0, fbf3a64f-640b-4b02-ae41-dab4aff0d596:172.17.0.2:40251:0] with ContainerStateMachine:uninitialized
2020-11-16 17:31:49,612 [pool-655-thread-1] INFO  server.RaftServerConfigKeys (ConfUtils.java:logGet(44)) - raft.server.rpc.timeout.min = 5s (custom)
2020-11-16 17:31:49,612 [pool-655-thread-1] INFO  server.RaftServerConfigKeys (ConfUtils.java:logGet(44)) - raft.server.rpc.timeout.max = 5200ms (custom)
2020-11-16 17:31:49,612 [pool-655-thread-1] INFO  server.RaftServerConfigKeys (ConfUtils.java:logGet(44)) - raft.server.rpcslowness.timeout = 300000ms (custom)
2020-11-16 17:31:49,612 [pool-655-thread-1] INFO  server.RaftServerConfigKeys (ConfUtils.java:logGet(44)) - raft.server.sleep.deviation.threshold = 300 (default)
2020-11-16 17:31:49,612 [pool-655-thread-1] INFO  server.RaftServerConfigKeys (ConfUtils.java:logGet(44)) - raft.server.log.appender.install.snapshot.enabled = false (custom)
2020-11-16 17:31:49,612 [pool-655-thread-1] INFO  impl.RaftServerImpl (ServerState.java:<init>(104)) - fbf3a64f-640b-4b02-ae41-dab4aff0d596@group-7ACBF0F3979A: ConfigurationManager, init=-1: [e605e0dd-6a71-4a0a-8796-3643e725e1ee:172.17.0.2:36279:0, 40c7d372-b34a-46f9-a435-b3894c66894a:172.17.0.2:37525:0, fbf3a64f-640b-4b02-ae41-dab4aff0d596:172.17.0.2:40251:0], old=null, confs=<EMPTY_MAP>
2020-11-16 17:31:49,612 [pool-655-thread-1] INFO  server.RaftServerConfigKeys (ConfUtils.java:logGet(44)) - raft.server.storage.dir = [/github/workspace/mnt/ozone/hadoop-ozone/integration-test/target/test-dir/MiniOzoneClusterImpl-7523e9d5-68c3-40ce-b00f-57fa4c553895/datanode-1/data/ratis] (custom)
2020-11-16 17:31:49,613 [pool-655-thread-1] INFO  server.RaftServerConfigKeys (ConfUtils.java:logGet(44)) - raft.server.log.corruption.policy = EXCEPTION (default)
2020-11-16 17:31:49,613 [pool-655-thread-1] INFO  storage.RaftStorageDirectory (RaftStorageDirectory.java:analyzeStorage(261)) - The storage directory /github/workspace/mnt/ozone/hadoop-ozone/integration-test/target/test-dir/MiniOzoneClusterImpl-7523e9d5-68c3-40ce-b00f-57fa4c553895/datanode-1/data/ratis/3fc48667-3dd6-4ded-99d3-7acbf0f3979a does not exist. Creating ...
2020-11-16 17:31:49,614 [pool-655-thread-1] INFO  storage.RaftStorageDirectory (RaftStorageDirectory.java:tryLock(343)) - Lock on /github/workspace/mnt/ozone/hadoop-ozone/integration-test/target/test-dir/MiniOzoneClusterImpl-7523e9d5-68c3-40ce-b00f-57fa4c553895/datanode-1/data/ratis/3fc48667-3dd6-4ded-99d3-7acbf0f3979a/in_use.lock acquired by nodename 814@17b325b6a691
2020-11-16 17:31:49,615 [pool-655-thread-1] INFO  storage.RaftStorage (RaftStorage.java:format(84)) - Storage directory /github/workspace/mnt/ozone/hadoop-ozone/integration-test/target/test-dir/MiniOzoneClusterImpl-7523e9d5-68c3-40ce-b00f-57fa4c553895/datanode-1/data/ratis/3fc48667-3dd6-4ded-99d3-7acbf0f3979a has been successfully formatted.
2020-11-16 17:31:49,616 [pool-655-thread-1] INFO  ratis.ContainerStateMachine (ContainerStateMachine.java:loadSnapshot(225)) - group-7ACBF0F3979A: The snapshot info is null. Setting the last applied indexto:(t:0, i:~)
2020-11-16 17:31:49,616 [pool-655-thread-1] INFO  server.RaftServerConfigKeys (ConfUtils.java:logGet(44)) - raft.server.notification.no-leader.timeout = 300000ms (custom)
2020-11-16 17:31:49,617 [pool-655-thread-1] INFO  server.RaftServerConfigKeys (ConfUtils.java:logGet(44)) - raft.server.log.use.memory = false (default)
2020-11-16 17:31:49,617 [pool-655-thread-1] INFO  server.RaftServerConfigKeys (ConfUtils.java:logGet(44)) - raft.server.log.purge.gap = 1000000 (custom)
2020-11-16 17:31:49,617 [pool-655-thread-1] INFO  metrics.RatisMetrics (RatisMetrics.java:lambda$create$0(36)) - Creating Metrics Registry : ratis.log_worker.fbf3a64f-640b-4b02-ae41-dab4aff0d596@group-7ACBF0F3979A
2020-11-16 17:31:49,617 [pool-655-thread-1] INFO  server.RaftServerConfigKeys (ConfUtils.java:logGet(44)) - raft.server.log.appender.buffer.byte-limit = 33554432 (custom)
2020-11-16 17:31:49,618 [pool-655-thread-1] INFO  server.RaftServerConfigKeys (ConfUtils.java:logGet(44)) - raft.server.log.segment.size.max = 1048576 (custom)
2020-11-16 17:31:49,619 [pool-655-thread-1] INFO  server.RaftServerConfigKeys (ConfUtils.java:logGet(44)) - raft.server.log.segment.cache.num.max = 2 (custom)
2020-11-16 17:31:49,619 [pool-655-thread-1] INFO  segmented.SegmentedRaftLogWorker (SegmentedRaftLogWorker.java:<init>(180)) - new fbf3a64f-640b-4b02-ae41-dab4aff0d596@group-7ACBF0F3979A-SegmentedRaftLogWorker for RaftStorage:Storage Directory /github/workspace/mnt/ozone/hadoop-ozone/integration-test/target/test-dir/MiniOzoneClusterImpl-7523e9d5-68c3-40ce-b00f-57fa4c553895/datanode-1/data/ratis/3fc48667-3dd6-4ded-99d3-7acbf0f3979a
2020-11-16 17:31:49,619 [pool-655-thread-1] INFO  server.RaftServerConfigKeys (ConfUtils.java:logGet(44)) - raft.server.log.queue.byte-limit = 2147483647 (custom)
2020-11-16 17:31:49,619 [pool-655-thread-1] INFO  server.RaftServerConfigKeys (ConfUtils.java:logGet(44)) - raft.server.log.queue.element-limit = 1024 (custom)
2020-11-16 17:31:49,619 [pool-655-thread-1] INFO  server.RaftServerConfigKeys (ConfUtils.java:logGet(44)) - raft.server.log.segment.size.max = 1048576 (custom)
2020-11-16 17:31:49,619 [pool-655-thread-1] INFO  server.RaftServerConfigKeys (ConfUtils.java:logGet(44)) - raft.server.log.preallocated.size = 16384 (custom)
2020-11-16 17:31:49,619 [pool-655-thread-1] INFO  server.RaftServerConfigKeys (ConfUtils.java:logGet(44)) - raft.server.log.write.buffer.size = 1048576 (custom)
2020-11-16 17:31:49,619 [pool-655-thread-1] INFO  server.RaftServerConfigKeys (ConfUtils.java:logGet(44)) - raft.server.log.force.sync.num = 128 (default)
2020-11-16 17:31:49,619 [pool-655-thread-1] INFO  server.RaftServerConfigKeys (ConfUtils.java:logGet(44)) - raft.server.log.statemachine.data.sync = true (default)
2020-11-16 17:31:49,619 [pool-655-thread-1] INFO  server.RaftServerConfigKeys (ConfUtils.java:logGet(44)) - raft.server.log.statemachine.data.sync.timeout = 10s (default)
2020-11-16 17:31:49,619 [pool-655-thread-1] INFO  server.RaftServerConfigKeys (ConfUtils.java:logGet(44)) - raft.server.log.statemachine.data.sync.timeout.retry = -1 (default)
2020-11-16 17:31:49,622 [pool-655-thread-1] INFO  server.RaftServerConfigKeys (ConfUtils.java:logGet(44)) - raft.server.log.statemachine.data.caching.enabled = true (custom)
2020-11-16 17:31:49,622 [pool-655-thread-1] INFO  segmented.SegmentedRaftLogWorker (SegmentedRaftLogWorker.java:lambda$new$0(129)) - fbf3a64f-640b-4b02-ae41-dab4aff0d596@group-7ACBF0F3979A-SegmentedRaftLogWorker: flushIndex: setUnconditionally 0 -> -1
2020-11-16 17:31:49,622 [pool-655-thread-1] INFO  segmented.SegmentedRaftLogWorker (SegmentedRaftLogWorker.java:lambda$new$0(129)) - fbf3a64f-640b-4b02-ae41-dab4aff0d596@group-7ACBF0F3979A-SegmentedRaftLogWorker: safeCacheEvictIndex: setUnconditionally 0 -> -1
2020-11-16 17:31:49,623 [pool-655-thread-1] INFO  server.RaftServerConfigKeys (ConfUtils.java:logGet(44)) - raft.server.snapshot.auto.trigger.enabled = true (custom)
2020-11-16 17:31:49,623 [pool-655-thread-1] INFO  server.RaftServerConfigKeys (ConfUtils.java:logGet(44)) - raft.server.snapshot.auto.trigger.threshold = 10000 (custom)
2020-11-16 17:31:49,623 [pool-655-thread-1] INFO  server.RaftServerConfigKeys (ConfUtils.java:logGet(44)) - raft.server.snapshot.retention.file.num = 5 (custom)
2020-11-16 17:31:49,623 [pool-655-thread-1] INFO  server.RaftServerConfigKeys (ConfUtils.java:logGet(44)) - raft.server.log.purge.upto.snapshot.index = false (default)
2020-11-16 17:31:49,623 [pool-655-thread-1] INFO  server.RaftServerConfigKeys (ConfUtils.java:logGet(44)) - raft.server.retrycache.expirytime = 600000ms (custom)
2020-11-16 17:31:49,624 [pool-655-thread-1] INFO  metrics.RatisMetrics (RatisMetrics.java:lambda$create$0(36)) - Creating Metrics Registry : ratis.leader_election.fbf3a64f-640b-4b02-ae41-dab4aff0d596@group-7ACBF0F3979A
2020-11-16 17:31:49,625 [pool-655-thread-1] INFO  metrics.RatisMetrics (RatisMetrics.java:lambda$create$0(36)) - Creating Metrics Registry : ratis.server.fbf3a64f-640b-4b02-ae41-dab4aff0d596@group-7ACBF0F3979A
2020-11-16 17:31:49,627 [pool-655-thread-1] INFO  impl.RaftServerImpl (RaftServerImpl.java:start(209)) - fbf3a64f-640b-4b02-ae41-dab4aff0d596@group-7ACBF0F3979A: start as a follower, conf=-1: [e605e0dd-6a71-4a0a-8796-3643e725e1ee:172.17.0.2:36279:0, 40c7d372-b34a-46f9-a435-b3894c66894a:172.17.0.2:37525:0, fbf3a64f-640b-4b02-ae41-dab4aff0d596:172.17.0.2:40251:0], old=null
2020-11-16 17:31:49,627 [pool-655-thread-1] INFO  impl.RaftServerImpl (RaftServerImpl.java:setRole(198)) - fbf3a64f-640b-4b02-ae41-dab4aff0d596@group-7ACBF0F3979A: changes role from      null to FOLLOWER at term 0 for startAsFollower
2020-11-16 17:31:49,627 [pool-655-thread-1] INFO  impl.RoleInfo (RoleInfo.java:updateAndGet(143)) - fbf3a64f-640b-4b02-ae41-dab4aff0d596: start FollowerState
2020-11-16 17:31:49,628 [pool-655-thread-1] INFO  util.JmxRegister (JmxRegister.java:tryRegister(44)) - Successfully registered JMX Bean with object name Ratis:service=RaftServer,group=group-7ACBF0F3979A,id=fbf3a64f-640b-4b02-ae41-dab4aff0d596
2020-11-16 17:31:49,628 [pool-655-thread-1] INFO  metrics.RatisMetrics (RatisMetrics.java:lambda$create$0(36)) - Creating Metrics Registry : ratis.state_machine.fbf3a64f-640b-4b02-ae41-dab4aff0d596@group-7ACBF0F3979A
2020-11-16 17:31:49,633 [Command processor thread] INFO  metrics.RatisMetrics (RatisMetrics.java:lambda$create$0(36)) - Creating Metrics Registry : ratis.client_message_metrics.client-88DC8CD69B12->40c7d372-b34a-46f9-a435-b3894c66894a
2020-11-16 17:31:49,637 [grpc-default-executor-1] INFO  metrics.RatisMetrics (RatisMetrics.java:lambda$create$0(36)) - Creating Metrics Registry : ratis.server_message_metrics.40c7d372-b34a-46f9-a435-b3894c66894a
2020-11-16 17:31:49,639 [grpc-default-executor-1] INFO  impl.RaftServerProxy (RaftServerProxy.java:addNew(92)) - 40c7d372-b34a-46f9-a435-b3894c66894a: addNew group-7ACBF0F3979A:[e605e0dd-6a71-4a0a-8796-3643e725e1ee:172.17.0.2:36279:0, 40c7d372-b34a-46f9-a435-b3894c66894a:172.17.0.2:37525:0, fbf3a64f-640b-4b02-ae41-dab4aff0d596:172.17.0.2:40251:0] returns group-7ACBF0F3979A:java.util.concurrent.CompletableFuture@14d6b016[Not completed]
2020-11-16 17:31:49,639 [pool-671-thread-1] INFO  impl.RaftServerImpl (RaftServerImpl.java:<init>(120)) - 40c7d372-b34a-46f9-a435-b3894c66894a: new RaftServerImpl for group-7ACBF0F3979A:[e605e0dd-6a71-4a0a-8796-3643e725e1ee:172.17.0.2:36279:0, 40c7d372-b34a-46f9-a435-b3894c66894a:172.17.0.2:37525:0, fbf3a64f-640b-4b02-ae41-dab4aff0d596:172.17.0.2:40251:0] with ContainerStateMachine:uninitialized
2020-11-16 17:31:49,642 [pool-671-thread-1] INFO  server.RaftServerConfigKeys (ConfUtils.java:logGet(44)) - raft.server.rpc.timeout.min = 5s (custom)
2020-11-16 17:31:49,642 [pool-671-thread-1] INFO  server.RaftServerConfigKeys (ConfUtils.java:logGet(44)) - raft.server.rpc.timeout.max = 5200ms (custom)
2020-11-16 17:31:49,642 [pool-671-thread-1] INFO  server.RaftServerConfigKeys (ConfUtils.java:logGet(44)) - raft.server.rpcslowness.timeout = 300000ms (custom)
2020-11-16 17:31:49,642 [pool-671-thread-1] INFO  server.RaftServerConfigKeys (ConfUtils.java:logGet(44)) - raft.server.sleep.deviation.threshold = 300 (default)
2020-11-16 17:31:49,642 [pool-671-thread-1] INFO  server.RaftServerConfigKeys (ConfUtils.java:logGet(44)) - raft.server.log.appender.install.snapshot.enabled = false (custom)
2020-11-16 17:31:49,642 [pool-671-thread-1] INFO  impl.RaftServerImpl (ServerState.java:<init>(104)) - 40c7d372-b34a-46f9-a435-b3894c66894a@group-7ACBF0F3979A: ConfigurationManager, init=-1: [e605e0dd-6a71-4a0a-8796-3643e725e1ee:172.17.0.2:36279:0, 40c7d372-b34a-46f9-a435-b3894c66894a:172.17.0.2:37525:0, fbf3a64f-640b-4b02-ae41-dab4aff0d596:172.17.0.2:40251:0], old=null, confs=<EMPTY_MAP>
2020-11-16 17:31:49,642 [pool-671-thread-1] INFO  server.RaftServerConfigKeys (ConfUtils.java:logGet(44)) - raft.server.storage.dir = [/github/workspace/mnt/ozone/hadoop-ozone/integration-test/target/test-dir/MiniOzoneClusterImpl-7523e9d5-68c3-40ce-b00f-57fa4c553895/datanode-2/data/ratis] (custom)
2020-11-16 17:31:49,642 [pool-671-thread-1] INFO  server.RaftServerConfigKeys (ConfUtils.java:logGet(44)) - raft.server.log.corruption.policy = EXCEPTION (default)
2020-11-16 17:31:49,642 [pool-671-thread-1] INFO  storage.RaftStorageDirectory (RaftStorageDirectory.java:analyzeStorage(261)) - The storage directory /github/workspace/mnt/ozone/hadoop-ozone/integration-test/target/test-dir/MiniOzoneClusterImpl-7523e9d5-68c3-40ce-b00f-57fa4c553895/datanode-2/data/ratis/3fc48667-3dd6-4ded-99d3-7acbf0f3979a does not exist. Creating ...
2020-11-16 17:31:49,643 [pool-671-thread-1] INFO  storage.RaftStorageDirectory (RaftStorageDirectory.java:tryLock(343)) - Lock on /github/workspace/mnt/ozone/hadoop-ozone/integration-test/target/test-dir/MiniOzoneClusterImpl-7523e9d5-68c3-40ce-b00f-57fa4c553895/datanode-2/data/ratis/3fc48667-3dd6-4ded-99d3-7acbf0f3979a/in_use.lock acquired by nodename 814@17b325b6a691
2020-11-16 17:31:49,645 [pool-671-thread-1] INFO  storage.RaftStorage (RaftStorage.java:format(84)) - Storage directory /github/workspace/mnt/ozone/hadoop-ozone/integration-test/target/test-dir/MiniOzoneClusterImpl-7523e9d5-68c3-40ce-b00f-57fa4c553895/datanode-2/data/ratis/3fc48667-3dd6-4ded-99d3-7acbf0f3979a has been successfully formatted.
2020-11-16 17:31:49,645 [pool-671-thread-1] INFO  ratis.ContainerStateMachine (ContainerStateMachine.java:loadSnapshot(225)) - group-7ACBF0F3979A: The snapshot info is null. Setting the last applied indexto:(t:0, i:~)
2020-11-16 17:31:49,646 [pool-671-thread-1] INFO  server.RaftServerConfigKeys (ConfUtils.java:logGet(44)) - raft.server.notification.no-leader.timeout = 300000ms (custom)
2020-11-16 17:31:49,646 [pool-671-thread-1] INFO  server.RaftServerConfigKeys (ConfUtils.java:logGet(44)) - raft.server.log.use.memory = false (default)
2020-11-16 17:31:49,646 [pool-671-thread-1] INFO  server.RaftServerConfigKeys (ConfUtils.java:logGet(44)) - raft.server.log.purge.gap = 1000000 (custom)
2020-11-16 17:31:49,646 [pool-671-thread-1] INFO  metrics.RatisMetrics (RatisMetrics.java:lambda$create$0(36)) - Creating Metrics Registry : ratis.log_worker.40c7d372-b34a-46f9-a435-b3894c66894a@group-7ACBF0F3979A
2020-11-16 17:31:49,646 [pool-671-thread-1] INFO  server.RaftServerConfigKeys (ConfUtils.java:logGet(44)) - raft.server.log.appender.buffer.byte-limit = 33554432 (custom)
2020-11-16 17:31:49,647 [pool-671-thread-1] INFO  server.RaftServerConfigKeys (ConfUtils.java:logGet(44)) - raft.server.log.segment.size.max = 1048576 (custom)
2020-11-16 17:31:49,647 [pool-671-thread-1] INFO  server.RaftServerConfigKeys (ConfUtils.java:logGet(44)) - raft.server.log.segment.cache.num.max = 2 (custom)
2020-11-16 17:31:49,648 [pool-671-thread-1] INFO  segmented.SegmentedRaftLogWorker (SegmentedRaftLogWorker.java:<init>(180)) - new 40c7d372-b34a-46f9-a435-b3894c66894a@group-7ACBF0F3979A-SegmentedRaftLogWorker for RaftStorage:Storage Directory /github/workspace/mnt/ozone/hadoop-ozone/integration-test/target/test-dir/MiniOzoneClusterImpl-7523e9d5-68c3-40ce-b00f-57fa4c553895/datanode-2/data/ratis/3fc48667-3dd6-4ded-99d3-7acbf0f3979a
2020-11-16 17:31:49,648 [pool-671-thread-1] INFO  server.RaftServerConfigKeys (ConfUtils.java:logGet(44)) - raft.server.log.queue.byte-limit = 2147483647 (custom)
2020-11-16 17:31:49,648 [pool-671-thread-1] INFO  server.RaftServerConfigKeys (ConfUtils.java:logGet(44)) - raft.server.log.queue.element-limit = 1024 (custom)
2020-11-16 17:31:49,648 [pool-671-thread-1] INFO  server.RaftServerConfigKeys (ConfUtils.java:logGet(44)) - raft.server.log.segment.size.max = 1048576 (custom)
2020-11-16 17:31:49,648 [pool-671-thread-1] INFO  server.RaftServerConfigKeys (ConfUtils.java:logGet(44)) - raft.server.log.preallocated.size = 16384 (custom)
2020-11-16 17:31:49,648 [pool-671-thread-1] INFO  server.RaftServerConfigKeys (ConfUtils.java:logGet(44)) - raft.server.log.write.buffer.size = 1048576 (custom)
2020-11-16 17:31:49,648 [pool-671-thread-1] INFO  server.RaftServerConfigKeys (ConfUtils.java:logGet(44)) - raft.server.log.force.sync.num = 128 (default)
2020-11-16 17:31:49,648 [pool-671-thread-1] INFO  server.RaftServerConfigKeys (ConfUtils.java:logGet(44)) - raft.server.log.statemachine.data.sync = true (default)
2020-11-16 17:31:49,648 [pool-671-thread-1] INFO  server.RaftServerConfigKeys (ConfUtils.java:logGet(44)) - raft.server.log.statemachine.data.sync.timeout = 10s (default)
2020-11-16 17:31:49,649 [pool-671-thread-1] INFO  server.RaftServerConfigKeys (ConfUtils.java:logGet(44)) - raft.server.log.statemachine.data.sync.timeout.retry = -1 (default)
2020-11-16 17:31:49,651 [pool-671-thread-1] INFO  server.RaftServerConfigKeys (ConfUtils.java:logGet(44)) - raft.server.log.statemachine.data.caching.enabled = true (custom)
2020-11-16 17:31:49,651 [pool-671-thread-1] INFO  segmented.SegmentedRaftLogWorker (SegmentedRaftLogWorker.java:lambda$new$0(129)) - 40c7d372-b34a-46f9-a435-b3894c66894a@group-7ACBF0F3979A-SegmentedRaftLogWorker: flushIndex: setUnconditionally 0 -> -1
2020-11-16 17:31:49,651 [pool-671-thread-1] INFO  segmented.SegmentedRaftLogWorker (SegmentedRaftLogWorker.java:lambda$new$0(129)) - 40c7d372-b34a-46f9-a435-b3894c66894a@group-7ACBF0F3979A-SegmentedRaftLogWorker: safeCacheEvictIndex: setUnconditionally 0 -> -1
2020-11-16 17:31:49,651 [pool-671-thread-1] INFO  server.RaftServerConfigKeys (ConfUtils.java:logGet(44)) - raft.server.snapshot.auto.trigger.enabled = true (custom)
2020-11-16 17:31:49,651 [pool-671-thread-1] INFO  server.RaftServerConfigKeys (ConfUtils.java:logGet(44)) - raft.server.snapshot.auto.trigger.threshold = 10000 (custom)
2020-11-16 17:31:49,651 [pool-671-thread-1] INFO  server.RaftServerConfigKeys (ConfUtils.java:logGet(44)) - raft.server.snapshot.retention.file.num = 5 (custom)
2020-11-16 17:31:49,651 [pool-671-thread-1] INFO  server.RaftServerConfigKeys (ConfUtils.java:logGet(44)) - raft.server.log.purge.upto.snapshot.index = false (default)
2020-11-16 17:31:49,651 [pool-671-thread-1] INFO  server.RaftServerConfigKeys (ConfUtils.java:logGet(44)) - raft.server.retrycache.expirytime = 600000ms (custom)
2020-11-16 17:31:49,651 [pool-671-thread-1] INFO  metrics.RatisMetrics (RatisMetrics.java:lambda$create$0(36)) - Creating Metrics Registry : ratis.leader_election.40c7d372-b34a-46f9-a435-b3894c66894a@group-7ACBF0F3979A
2020-11-16 17:31:49,652 [pool-671-thread-1] INFO  metrics.RatisMetrics (RatisMetrics.java:lambda$create$0(36)) - Creating Metrics Registry : ratis.server.40c7d372-b34a-46f9-a435-b3894c66894a@group-7ACBF0F3979A
2020-11-16 17:31:49,654 [pool-671-thread-1] INFO  impl.RaftServerImpl (RaftServerImpl.java:start(209)) - 40c7d372-b34a-46f9-a435-b3894c66894a@group-7ACBF0F3979A: start as a follower, conf=-1: [e605e0dd-6a71-4a0a-8796-3643e725e1ee:172.17.0.2:36279:0, 40c7d372-b34a-46f9-a435-b3894c66894a:172.17.0.2:37525:0, fbf3a64f-640b-4b02-ae41-dab4aff0d596:172.17.0.2:40251:0], old=null
2020-11-16 17:31:49,654 [pool-671-thread-1] INFO  impl.RaftServerImpl (RaftServerImpl.java:setRole(198)) - 40c7d372-b34a-46f9-a435-b3894c66894a@group-7ACBF0F3979A: changes role from      null to FOLLOWER at term 0 for startAsFollower
2020-11-16 17:31:49,654 [pool-671-thread-1] INFO  impl.RoleInfo (RoleInfo.java:updateAndGet(143)) - 40c7d372-b34a-46f9-a435-b3894c66894a: start FollowerState
2020-11-16 17:31:49,654 [pool-671-thread-1] INFO  util.JmxRegister (JmxRegister.java:tryRegister(44)) - Successfully registered JMX Bean with object name Ratis:service=RaftServer,group=group-7ACBF0F3979A,id=40c7d372-b34a-46f9-a435-b3894c66894a
2020-11-16 17:31:49,654 [pool-671-thread-1] INFO  metrics.RatisMetrics (RatisMetrics.java:lambda$create$0(36)) - Creating Metrics Registry : ratis.state_machine.40c7d372-b34a-46f9-a435-b3894c66894a@group-7ACBF0F3979A
2020-11-16 17:31:49,660 [Listener at 127.0.0.1/35907] INFO  ozone.MiniOzoneClusterImpl (MiniOzoneClusterImpl.java:lambda$waitForClusterToBeReady$0(178)) - Nodes are ready. Got 7 of 7 DN Heartbeats.
2020-11-16 17:31:49,660 [Listener at 127.0.0.1/35907] INFO  ozone.MiniOzoneClusterImpl (MiniOzoneClusterImpl.java:lambda$waitForClusterToBeReady$0(181)) - Waiting for cluster to exit safe mode
2020-11-16 17:31:49,662 [Command processor thread] INFO  commandhandler.CreatePipelineCommandHandler (CreatePipelineCommandHandler.java:handle(106)) - Created Pipeline RATIS THREE PipelineID=3fc48667-3dd6-4ded-99d3-7acbf0f3979a.
2020-11-16 17:31:49,662 [Command processor thread] INFO  impl.RaftServerProxy (RaftServerProxy.java:addNew(92)) - e605e0dd-6a71-4a0a-8796-3643e725e1ee: addNew group-959388351DEA:[e605e0dd-6a71-4a0a-8796-3643e725e1ee:172.17.0.2:36279:0, 40c7d372-b34a-46f9-a435-b3894c66894a:172.17.0.2:37525:0, fbf3a64f-640b-4b02-ae41-dab4aff0d596:172.17.0.2:40251:0] returns group-959388351DEA:java.util.concurrent.CompletableFuture@2170d094[Not completed]
2020-11-16 17:31:49,663 [pool-639-thread-1] INFO  impl.RaftServerImpl (RaftServerImpl.java:<init>(120)) - e605e0dd-6a71-4a0a-8796-3643e725e1ee: new RaftServerImpl for group-959388351DEA:[e605e0dd-6a71-4a0a-8796-3643e725e1ee:172.17.0.2:36279:0, 40c7d372-b34a-46f9-a435-b3894c66894a:172.17.0.2:37525:0, fbf3a64f-640b-4b02-ae41-dab4aff0d596:172.17.0.2:40251:0] with ContainerStateMachine:uninitialized
2020-11-16 17:31:49,663 [pool-639-thread-1] INFO  server.RaftServerConfigKeys (ConfUtils.java:logGet(44)) - raft.server.rpc.timeout.min = 5s (custom)
2020-11-16 17:31:49,663 [pool-639-thread-1] INFO  server.RaftServerConfigKeys (ConfUtils.java:logGet(44)) - raft.server.rpc.timeout.max = 5200ms (custom)
2020-11-16 17:31:49,663 [pool-639-thread-1] INFO  server.RaftServerConfigKeys (ConfUtils.java:logGet(44)) - raft.server.rpcslowness.timeout = 300000ms (custom)
2020-11-16 17:31:49,663 [pool-639-thread-1] INFO  server.RaftServerConfigKeys (ConfUtils.java:logGet(44)) - raft.server.sleep.deviation.threshold = 300 (default)
2020-11-16 17:31:49,663 [pool-639-thread-1] INFO  server.RaftServerConfigKeys (ConfUtils.java:logGet(44)) - raft.server.log.appender.install.snapshot.enabled = false (custom)
2020-11-16 17:31:49,663 [pool-639-thread-1] INFO  impl.RaftServerImpl (ServerState.java:<init>(104)) - e605e0dd-6a71-4a0a-8796-3643e725e1ee@group-959388351DEA: ConfigurationManager, init=-1: [e605e0dd-6a71-4a0a-8796-3643e725e1ee:172.17.0.2:36279:0, 40c7d372-b34a-46f9-a435-b3894c66894a:172.17.0.2:37525:0, fbf3a64f-640b-4b02-ae41-dab4aff0d596:172.17.0.2:40251:0], old=null, confs=<EMPTY_MAP>
2020-11-16 17:31:49,663 [pool-639-thread-1] INFO  server.RaftServerConfigKeys (ConfUtils.java:logGet(44)) - raft.server.storage.dir = [/github/workspace/mnt/ozone/hadoop-ozone/integration-test/target/test-dir/MiniOzoneClusterImpl-7523e9d5-68c3-40ce-b00f-57fa4c553895/datanode-0/data/ratis] (custom)
2020-11-16 17:31:49,663 [pool-639-thread-1] INFO  server.RaftServerConfigKeys (ConfUtils.java:logGet(44)) - raft.server.log.corruption.policy = EXCEPTION (default)
2020-11-16 17:31:49,664 [pool-639-thread-1] INFO  storage.RaftStorageDirectory (RaftStorageDirectory.java:analyzeStorage(261)) - The storage directory /github/workspace/mnt/ozone/hadoop-ozone/integration-test/target/test-dir/MiniOzoneClusterImpl-7523e9d5-68c3-40ce-b00f-57fa4c553895/datanode-0/data/ratis/99cad37b-94ef-4ee5-80fa-959388351dea does not exist. Creating ...
2020-11-16 17:31:49,665 [pool-639-thread-1] INFO  storage.RaftStorageDirectory (RaftStorageDirectory.java:tryLock(343)) - Lock on /github/workspace/mnt/ozone/hadoop-ozone/integration-test/target/test-dir/MiniOzoneClusterImpl-7523e9d5-68c3-40ce-b00f-57fa4c553895/datanode-0/data/ratis/99cad37b-94ef-4ee5-80fa-959388351dea/in_use.lock acquired by nodename 814@17b325b6a691
2020-11-16 17:31:49,669 [pool-639-thread-1] INFO  storage.RaftStorage (RaftStorage.java:format(84)) - Storage directory /github/workspace/mnt/ozone/hadoop-ozone/integration-test/target/test-dir/MiniOzoneClusterImpl-7523e9d5-68c3-40ce-b00f-57fa4c553895/datanode-0/data/ratis/99cad37b-94ef-4ee5-80fa-959388351dea has been successfully formatted.
2020-11-16 17:31:49,669 [pool-639-thread-1] INFO  ratis.ContainerStateMachine (ContainerStateMachine.java:loadSnapshot(225)) - group-959388351DEA: The snapshot info is null. Setting the last applied indexto:(t:0, i:~)
2020-11-16 17:31:49,669 [pool-639-thread-1] INFO  server.RaftServerConfigKeys (ConfUtils.java:logGet(44)) - raft.server.notification.no-leader.timeout = 300000ms (custom)
2020-11-16 17:31:49,669 [pool-639-thread-1] INFO  server.RaftServerConfigKeys (ConfUtils.java:logGet(44)) - raft.server.log.use.memory = false (default)
2020-11-16 17:31:49,670 [pool-639-thread-1] INFO  server.RaftServerConfigKeys (ConfUtils.java:logGet(44)) - raft.server.log.purge.gap = 1000000 (custom)
2020-11-16 17:31:49,670 [pool-639-thread-1] INFO  metrics.RatisMetrics (RatisMetrics.java:lambda$create$0(36)) - Creating Metrics Registry : ratis.log_worker.e605e0dd-6a71-4a0a-8796-3643e725e1ee@group-959388351DEA
2020-11-16 17:31:49,670 [pool-639-thread-1] INFO  server.RaftServerConfigKeys (ConfUtils.java:logGet(44)) - raft.server.log.appender.buffer.byte-limit = 33554432 (custom)
2020-11-16 17:31:49,670 [pool-639-thread-1] INFO  server.RaftServerConfigKeys (ConfUtils.java:logGet(44)) - raft.server.log.segment.size.max = 1048576 (custom)
2020-11-16 17:31:49,671 [pool-639-thread-1] INFO  server.RaftServerConfigKeys (ConfUtils.java:logGet(44)) - raft.server.log.segment.cache.num.max = 2 (custom)
2020-11-16 17:31:49,671 [pool-639-thread-1] INFO  segmented.SegmentedRaftLogWorker (SegmentedRaftLogWorker.java:<init>(180)) - new e605e0dd-6a71-4a0a-8796-3643e725e1ee@group-959388351DEA-SegmentedRaftLogWorker for RaftStorage:Storage Directory /github/workspace/mnt/ozone/hadoop-ozone/integration-test/target/test-dir/MiniOzoneClusterImpl-7523e9d5-68c3-40ce-b00f-57fa4c553895/datanode-0/data/ratis/99cad37b-94ef-4ee5-80fa-959388351dea
2020-11-16 17:31:49,671 [pool-639-thread-1] INFO  server.RaftServerConfigKeys (ConfUtils.java:logGet(44)) - raft.server.log.queue.byte-limit = 2147483647 (custom)
2020-11-16 17:31:49,671 [pool-639-thread-1] INFO  server.RaftServerConfigKeys (ConfUtils.java:logGet(44)) - raft.server.log.queue.element-limit = 1024 (custom)
2020-11-16 17:31:49,671 [pool-639-thread-1] INFO  server.RaftServerConfigKeys (ConfUtils.java:logGet(44)) - raft.server.log.segment.size.max = 1048576 (custom)
2020-11-16 17:31:49,671 [pool-639-thread-1] INFO  server.RaftServerConfigKeys (ConfUtils.java:logGet(44)) - raft.server.log.preallocated.size = 16384 (custom)
2020-11-16 17:31:49,671 [pool-639-thread-1] INFO  server.RaftServerConfigKeys (ConfUtils.java:logGet(44)) - raft.server.log.write.buffer.size = 1048576 (custom)
2020-11-16 17:31:49,672 [pool-639-thread-1] INFO  server.RaftServerConfigKeys (ConfUtils.java:logGet(44)) - raft.server.log.force.sync.num = 128 (default)
2020-11-16 17:31:49,672 [pool-639-thread-1] INFO  server.RaftServerConfigKeys (ConfUtils.java:logGet(44)) - raft.server.log.statemachine.data.sync = true (default)
2020-11-16 17:31:49,672 [pool-639-thread-1] INFO  server.RaftServerConfigKeys (ConfUtils.java:logGet(44)) - raft.server.log.statemachine.data.sync.timeout = 10s (default)
2020-11-16 17:31:49,672 [pool-639-thread-1] INFO  server.RaftServerConfigKeys (ConfUtils.java:logGet(44)) - raft.server.log.statemachine.data.sync.timeout.retry = -1 (default)
2020-11-16 17:31:49,674 [pool-639-thread-1] INFO  server.RaftServerConfigKeys (ConfUtils.java:logGet(44)) - raft.server.log.statemachine.data.caching.enabled = true (custom)
2020-11-16 17:31:49,674 [pool-639-thread-1] INFO  segmented.SegmentedRaftLogWorker (SegmentedRaftLogWorker.java:lambda$new$0(129)) - e605e0dd-6a71-4a0a-8796-3643e725e1ee@group-959388351DEA-SegmentedRaftLogWorker: flushIndex: setUnconditionally 0 -> -1
2020-11-16 17:31:49,675 [pool-639-thread-1] INFO  segmented.SegmentedRaftLogWorker (SegmentedRaftLogWorker.java:lambda$new$0(129)) - e605e0dd-6a71-4a0a-8796-3643e725e1ee@group-959388351DEA-SegmentedRaftLogWorker: safeCacheEvictIndex: setUnconditionally 0 -> -1
2020-11-16 17:31:49,676 [pool-639-thread-1] INFO  server.RaftServerConfigKeys (ConfUtils.java:logGet(44)) - raft.server.snapshot.auto.trigger.enabled = true (custom)
2020-11-16 17:31:49,676 [pool-639-thread-1] INFO  server.RaftServerConfigKeys (ConfUtils.java:logGet(44)) - raft.server.snapshot.auto.trigger.threshold = 10000 (custom)
2020-11-16 17:31:49,676 [pool-639-thread-1] INFO  server.RaftServerConfigKeys (ConfUtils.java:logGet(44)) - raft.server.snapshot.retention.file.num = 5 (custom)
2020-11-16 17:31:49,676 [pool-639-thread-1] INFO  server.RaftServerConfigKeys (ConfUtils.java:logGet(44)) - raft.server.log.purge.upto.snapshot.index = false (default)
2020-11-16 17:31:49,676 [pool-639-thread-1] INFO  server.RaftServerConfigKeys (ConfUtils.java:logGet(44)) - raft.server.retrycache.expirytime = 600000ms (custom)
2020-11-16 17:31:49,676 [pool-639-thread-1] INFO  metrics.RatisMetrics (RatisMetrics.java:lambda$create$0(36)) - Creating Metrics Registry : ratis.leader_election.e605e0dd-6a71-4a0a-8796-3643e725e1ee@group-959388351DEA
2020-11-16 17:31:49,677 [pool-639-thread-1] INFO  metrics.RatisMetrics (RatisMetrics.java:lambda$create$0(36)) - Creating Metrics Registry : ratis.server.e605e0dd-6a71-4a0a-8796-3643e725e1ee@group-959388351DEA
2020-11-16 17:31:49,678 [pool-639-thread-1] INFO  impl.RaftServerImpl (RaftServerImpl.java:start(209)) - e605e0dd-6a71-4a0a-8796-3643e725e1ee@group-959388351DEA: start as a follower, conf=-1: [e605e0dd-6a71-4a0a-8796-3643e725e1ee:172.17.0.2:36279:0, 40c7d372-b34a-46f9-a435-b3894c66894a:172.17.0.2:37525:0, fbf3a64f-640b-4b02-ae41-dab4aff0d596:172.17.0.2:40251:0], old=null
2020-11-16 17:31:49,679 [pool-639-thread-1] INFO  impl.RaftServerImpl (RaftServerImpl.java:setRole(198)) - e605e0dd-6a71-4a0a-8796-3643e725e1ee@group-959388351DEA: changes role from      null to FOLLOWER at term 0 for startAsFollower
2020-11-16 17:31:49,679 [pool-639-thread-1] INFO  impl.RoleInfo (RoleInfo.java:updateAndGet(143)) - e605e0dd-6a71-4a0a-8796-3643e725e1ee: start FollowerState
2020-11-16 17:31:49,679 [pool-639-thread-1] INFO  util.JmxRegister (JmxRegister.java:tryRegister(44)) - Successfully registered JMX Bean with object name Ratis:service=RaftServer,group=group-959388351DEA,id=e605e0dd-6a71-4a0a-8796-3643e725e1ee
2020-11-16 17:31:49,679 [pool-639-thread-1] INFO  metrics.RatisMetrics (RatisMetrics.java:lambda$create$0(36)) - Creating Metrics Registry : ratis.state_machine.e605e0dd-6a71-4a0a-8796-3643e725e1ee@group-959388351DEA
2020-11-16 17:31:49,682 [Command processor thread] INFO  metrics.RatisMetrics (RatisMetrics.java:lambda$create$0(36)) - Creating Metrics Registry : ratis.client_message_metrics.client-B4EA2968FA69->fbf3a64f-640b-4b02-ae41-dab4aff0d596
2020-11-16 17:31:49,693 [grpc-default-executor-1] INFO  impl.RaftServerProxy (RaftServerProxy.java:addNew(92)) - fbf3a64f-640b-4b02-ae41-dab4aff0d596: addNew group-959388351DEA:[e605e0dd-6a71-4a0a-8796-3643e725e1ee:172.17.0.2:36279:0, 40c7d372-b34a-46f9-a435-b3894c66894a:172.17.0.2:37525:0, fbf3a64f-640b-4b02-ae41-dab4aff0d596:172.17.0.2:40251:0] returns group-959388351DEA:java.util.concurrent.CompletableFuture@2f093ccb[Not completed]
2020-11-16 17:31:49,693 [pool-655-thread-1] INFO  impl.RaftServerImpl (RaftServerImpl.java:<init>(120)) - fbf3a64f-640b-4b02-ae41-dab4aff0d596: new RaftServerImpl for group-959388351DEA:[e605e0dd-6a71-4a0a-8796-3643e725e1ee:172.17.0.2:36279:0, 40c7d372-b34a-46f9-a435-b3894c66894a:172.17.0.2:37525:0, fbf3a64f-640b-4b02-ae41-dab4aff0d596:172.17.0.2:40251:0] with ContainerStateMachine:uninitialized
2020-11-16 17:31:49,693 [pool-655-thread-1] INFO  server.RaftServerConfigKeys (ConfUtils.java:logGet(44)) - raft.server.rpc.timeout.min = 5s (custom)
2020-11-16 17:31:49,693 [pool-655-thread-1] INFO  server.RaftServerConfigKeys (ConfUtils.java:logGet(44)) - raft.server.rpc.timeout.max = 5200ms (custom)
2020-11-16 17:31:49,694 [pool-655-thread-1] INFO  server.RaftServerConfigKeys (ConfUtils.java:logGet(44)) - raft.server.rpcslowness.timeout = 300000ms (custom)
2020-11-16 17:31:49,694 [pool-655-thread-1] INFO  server.RaftServerConfigKeys (ConfUtils.java:logGet(44)) - raft.server.sleep.deviation.threshold = 300 (default)
2020-11-16 17:31:49,694 [pool-655-thread-1] INFO  server.RaftServerConfigKeys (ConfUtils.java:logGet(44)) - raft.server.log.appender.install.snapshot.enabled = false (custom)
2020-11-16 17:31:49,694 [pool-655-thread-1] INFO  impl.RaftServerImpl (ServerState.java:<init>(104)) - fbf3a64f-640b-4b02-ae41-dab4aff0d596@group-959388351DEA: ConfigurationManager, init=-1: [e605e0dd-6a71-4a0a-8796-3643e725e1ee:172.17.0.2:36279:0, 40c7d372-b34a-46f9-a435-b3894c66894a:172.17.0.2:37525:0, fbf3a64f-640b-4b02-ae41-dab4aff0d596:172.17.0.2:40251:0], old=null, confs=<EMPTY_MAP>
2020-11-16 17:31:49,694 [pool-655-thread-1] INFO  server.RaftServerConfigKeys (ConfUtils.java:logGet(44)) - raft.server.storage.dir = [/github/workspace/mnt/ozone/hadoop-ozone/integration-test/target/test-dir/MiniOzoneClusterImpl-7523e9d5-68c3-40ce-b00f-57fa4c553895/datanode-1/data/ratis] (custom)
2020-11-16 17:31:49,694 [pool-655-thread-1] INFO  server.RaftServerConfigKeys (ConfUtils.java:logGet(44)) - raft.server.log.corruption.policy = EXCEPTION (default)
2020-11-16 17:31:49,694 [pool-655-thread-1] INFO  storage.RaftStorageDirectory (RaftStorageDirectory.java:analyzeStorage(261)) - The storage directory /github/workspace/mnt/ozone/hadoop-ozone/integration-test/target/test-dir/MiniOzoneClusterImpl-7523e9d5-68c3-40ce-b00f-57fa4c553895/datanode-1/data/ratis/99cad37b-94ef-4ee5-80fa-959388351dea does not exist. Creating ...
2020-11-16 17:31:49,696 [pool-655-thread-1] INFO  storage.RaftStorageDirectory (RaftStorageDirectory.java:tryLock(343)) - Lock on /github/workspace/mnt/ozone/hadoop-ozone/integration-test/target/test-dir/MiniOzoneClusterImpl-7523e9d5-68c3-40ce-b00f-57fa4c553895/datanode-1/data/ratis/99cad37b-94ef-4ee5-80fa-959388351dea/in_use.lock acquired by nodename 814@17b325b6a691
2020-11-16 17:31:49,697 [pool-655-thread-1] INFO  storage.RaftStorage (RaftStorage.java:format(84)) - Storage directory /github/workspace/mnt/ozone/hadoop-ozone/integration-test/target/test-dir/MiniOzoneClusterImpl-7523e9d5-68c3-40ce-b00f-57fa4c553895/datanode-1/data/ratis/99cad37b-94ef-4ee5-80fa-959388351dea has been successfully formatted.
2020-11-16 17:31:49,697 [pool-655-thread-1] INFO  ratis.ContainerStateMachine (ContainerStateMachine.java:loadSnapshot(225)) - group-959388351DEA: The snapshot info is null. Setting the last applied indexto:(t:0, i:~)
2020-11-16 17:31:49,697 [pool-655-thread-1] INFO  server.RaftServerConfigKeys (ConfUtils.java:logGet(44)) - raft.server.notification.no-leader.timeout = 300000ms (custom)
2020-11-16 17:31:49,698 [pool-655-thread-1] INFO  server.RaftServerConfigKeys (ConfUtils.java:logGet(44)) - raft.server.log.use.memory = false (default)
2020-11-16 17:31:49,698 [pool-655-thread-1] INFO  server.RaftServerConfigKeys (ConfUtils.java:logGet(44)) - raft.server.log.purge.gap = 1000000 (custom)
2020-11-16 17:31:49,698 [pool-655-thread-1] INFO  metrics.RatisMetrics (RatisMetrics.java:lambda$create$0(36)) - Creating Metrics Registry : ratis.log_worker.fbf3a64f-640b-4b02-ae41-dab4aff0d596@group-959388351DEA
2020-11-16 17:31:49,698 [pool-655-thread-1] INFO  server.RaftServerConfigKeys (ConfUtils.java:logGet(44)) - raft.server.log.appender.buffer.byte-limit = 33554432 (custom)
2020-11-16 17:31:49,698 [pool-655-thread-1] INFO  server.RaftServerConfigKeys (ConfUtils.java:logGet(44)) - raft.server.log.segment.size.max = 1048576 (custom)
2020-11-16 17:31:49,699 [pool-655-thread-1] INFO  server.RaftServerConfigKeys (ConfUtils.java:logGet(44)) - raft.server.log.segment.cache.num.max = 2 (custom)
2020-11-16 17:31:49,699 [pool-655-thread-1] INFO  segmented.SegmentedRaftLogWorker (SegmentedRaftLogWorker.java:<init>(180)) - new fbf3a64f-640b-4b02-ae41-dab4aff0d596@group-959388351DEA-SegmentedRaftLogWorker for RaftStorage:Storage Directory /github/workspace/mnt/ozone/hadoop-ozone/integration-test/target/test-dir/MiniOzoneClusterImpl-7523e9d5-68c3-40ce-b00f-57fa4c553895/datanode-1/data/ratis/99cad37b-94ef-4ee5-80fa-959388351dea
2020-11-16 17:31:49,699 [pool-655-thread-1] INFO  server.RaftServerConfigKeys (ConfUtils.java:logGet(44)) - raft.server.log.queue.byte-limit = 2147483647 (custom)
2020-11-16 17:31:49,700 [pool-655-thread-1] INFO  server.RaftServerConfigKeys (ConfUtils.java:logGet(44)) - raft.server.log.queue.element-limit = 1024 (custom)
2020-11-16 17:31:49,700 [pool-655-thread-1] INFO  server.RaftServerConfigKeys (ConfUtils.java:logGet(44)) - raft.server.log.segment.size.max = 1048576 (custom)
2020-11-16 17:31:49,700 [pool-655-thread-1] INFO  server.RaftServerConfigKeys (ConfUtils.java:logGet(44)) - raft.server.log.preallocated.size = 16384 (custom)
2020-11-16 17:31:49,700 [pool-655-thread-1] INFO  server.RaftServerConfigKeys (ConfUtils.java:logGet(44)) - raft.server.log.write.buffer.size = 1048576 (custom)
2020-11-16 17:31:49,700 [pool-655-thread-1] INFO  server.RaftServerConfigKeys (ConfUtils.java:logGet(44)) - raft.server.log.force.sync.num = 128 (default)
2020-11-16 17:31:49,700 [pool-655-thread-1] INFO  server.RaftServerConfigKeys (ConfUtils.java:logGet(44)) - raft.server.log.statemachine.data.sync = true (default)
2020-11-16 17:31:49,700 [pool-655-thread-1] INFO  server.RaftServerConfigKeys (ConfUtils.java:logGet(44)) - raft.server.log.statemachine.data.sync.timeout = 10s (default)
2020-11-16 17:31:49,700 [pool-655-thread-1] INFO  server.RaftServerConfigKeys (ConfUtils.java:logGet(44)) - raft.server.log.statemachine.data.sync.timeout.retry = -1 (default)
2020-11-16 17:31:49,702 [pool-655-thread-1] INFO  server.RaftServerConfigKeys (ConfUtils.java:logGet(44)) - raft.server.log.statemachine.data.caching.enabled = true (custom)
2020-11-16 17:31:49,703 [pool-655-thread-1] INFO  segmented.SegmentedRaftLogWorker (SegmentedRaftLogWorker.java:lambda$new$0(129)) - fbf3a64f-640b-4b02-ae41-dab4aff0d596@group-959388351DEA-SegmentedRaftLogWorker: flushIndex: setUnconditionally 0 -> -1
2020-11-16 17:31:49,703 [pool-655-thread-1] INFO  segmented.SegmentedRaftLogWorker (SegmentedRaftLogWorker.java:lambda$new$0(129)) - fbf3a64f-640b-4b02-ae41-dab4aff0d596@group-959388351DEA-SegmentedRaftLogWorker: safeCacheEvictIndex: setUnconditionally 0 -> -1
2020-11-16 17:31:49,703 [pool-655-thread-1] INFO  server.RaftServerConfigKeys (ConfUtils.java:logGet(44)) - raft.server.snapshot.auto.trigger.enabled = true (custom)
2020-11-16 17:31:49,703 [pool-655-thread-1] INFO  server.RaftServerConfigKeys (ConfUtils.java:logGet(44)) - raft.server.snapshot.auto.trigger.threshold = 10000 (custom)
2020-11-16 17:31:49,703 [pool-655-thread-1] INFO  server.RaftServerConfigKeys (ConfUtils.java:logGet(44)) - raft.server.snapshot.retention.file.num = 5 (custom)
2020-11-16 17:31:49,703 [pool-655-thread-1] INFO  server.RaftServerConfigKeys (ConfUtils.java:logGet(44)) - raft.server.log.purge.upto.snapshot.index = false (default)
2020-11-16 17:31:49,703 [pool-655-thread-1] INFO  server.RaftServerConfigKeys (ConfUtils.java:logGet(44)) - raft.server.retrycache.expirytime = 600000ms (custom)
2020-11-16 17:31:49,703 [pool-655-thread-1] INFO  metrics.RatisMetrics (RatisMetrics.java:lambda$create$0(36)) - Creating Metrics Registry : ratis.leader_election.fbf3a64f-640b-4b02-ae41-dab4aff0d596@group-959388351DEA
2020-11-16 17:31:49,704 [pool-655-thread-1] INFO  metrics.RatisMetrics (RatisMetrics.java:lambda$create$0(36)) - Creating Metrics Registry : ratis.server.fbf3a64f-640b-4b02-ae41-dab4aff0d596@group-959388351DEA
2020-11-16 17:31:49,705 [pool-655-thread-1] INFO  impl.RaftServerImpl (RaftServerImpl.java:start(209)) - fbf3a64f-640b-4b02-ae41-dab4aff0d596@group-959388351DEA: start as a follower, conf=-1: [e605e0dd-6a71-4a0a-8796-3643e725e1ee:172.17.0.2:36279:0, 40c7d372-b34a-46f9-a435-b3894c66894a:172.17.0.2:37525:0, fbf3a64f-640b-4b02-ae41-dab4aff0d596:172.17.0.2:40251:0], old=null
2020-11-16 17:31:49,705 [pool-655-thread-1] INFO  impl.RaftServerImpl (RaftServerImpl.java:setRole(198)) - fbf3a64f-640b-4b02-ae41-dab4aff0d596@group-959388351DEA: changes role from      null to FOLLOWER at term 0 for startAsFollower
2020-11-16 17:31:49,705 [pool-655-thread-1] INFO  impl.RoleInfo (RoleInfo.java:updateAndGet(143)) - fbf3a64f-640b-4b02-ae41-dab4aff0d596: start FollowerState
2020-11-16 17:31:49,706 [pool-655-thread-1] INFO  util.JmxRegister (JmxRegister.java:tryRegister(44)) - Successfully registered JMX Bean with object name Ratis:service=RaftServer,group=group-959388351DEA,id=fbf3a64f-640b-4b02-ae41-dab4aff0d596
2020-11-16 17:31:49,706 [pool-655-thread-1] INFO  metrics.RatisMetrics (RatisMetrics.java:lambda$create$0(36)) - Creating Metrics Registry : ratis.state_machine.fbf3a64f-640b-4b02-ae41-dab4aff0d596@group-959388351DEA
2020-11-16 17:31:49,711 [Command processor thread] INFO  metrics.RatisMetrics (RatisMetrics.java:lambda$create$0(36)) - Creating Metrics Registry : ratis.client_message_metrics.client-C214C09C24D8->40c7d372-b34a-46f9-a435-b3894c66894a
2020-11-16 17:31:49,715 [grpc-default-executor-1] INFO  impl.RaftServerProxy (RaftServerProxy.java:addNew(92)) - 40c7d372-b34a-46f9-a435-b3894c66894a: addNew group-959388351DEA:[e605e0dd-6a71-4a0a-8796-3643e725e1ee:172.17.0.2:36279:0, 40c7d372-b34a-46f9-a435-b3894c66894a:172.17.0.2:37525:0, fbf3a64f-640b-4b02-ae41-dab4aff0d596:172.17.0.2:40251:0] returns group-959388351DEA:java.util.concurrent.CompletableFuture@63908fdb[Not completed]
2020-11-16 17:31:49,716 [pool-671-thread-1] INFO  impl.RaftServerImpl (RaftServerImpl.java:<init>(120)) - 40c7d372-b34a-46f9-a435-b3894c66894a: new RaftServerImpl for group-959388351DEA:[e605e0dd-6a71-4a0a-8796-3643e725e1ee:172.17.0.2:36279:0, 40c7d372-b34a-46f9-a435-b3894c66894a:172.17.0.2:37525:0, fbf3a64f-640b-4b02-ae41-dab4aff0d596:172.17.0.2:40251:0] with ContainerStateMachine:uninitialized
2020-11-16 17:31:49,716 [pool-671-thread-1] INFO  server.RaftServerConfigKeys (ConfUtils.java:logGet(44)) - raft.server.rpc.timeout.min = 5s (custom)
2020-11-16 17:31:49,716 [pool-671-thread-1] INFO  server.RaftServerConfigKeys (ConfUtils.java:logGet(44)) - raft.server.rpc.timeout.max = 5200ms (custom)
2020-11-16 17:31:49,716 [pool-671-thread-1] INFO  server.RaftServerConfigKeys (ConfUtils.java:logGet(44)) - raft.server.rpcslowness.timeout = 300000ms (custom)
2020-11-16 17:31:49,716 [pool-671-thread-1] INFO  server.RaftServerConfigKeys (ConfUtils.java:logGet(44)) - raft.server.sleep.deviation.threshold = 300 (default)
2020-11-16 17:31:49,716 [pool-671-thread-1] INFO  server.RaftServerConfigKeys (ConfUtils.java:logGet(44)) - raft.server.log.appender.install.snapshot.enabled = false (custom)
2020-11-16 17:31:49,716 [pool-671-thread-1] INFO  impl.RaftServerImpl (ServerState.java:<init>(104)) - 40c7d372-b34a-46f9-a435-b3894c66894a@group-959388351DEA: ConfigurationManager, init=-1: [e605e0dd-6a71-4a0a-8796-3643e725e1ee:172.17.0.2:36279:0, 40c7d372-b34a-46f9-a435-b3894c66894a:172.17.0.2:37525:0, fbf3a64f-640b-4b02-ae41-dab4aff0d596:172.17.0.2:40251:0], old=null, confs=<EMPTY_MAP>
2020-11-16 17:31:49,716 [pool-671-thread-1] INFO  server.RaftServerConfigKeys (ConfUtils.java:logGet(44)) - raft.server.storage.dir = [/github/workspace/mnt/ozone/hadoop-ozone/integration-test/target/test-dir/MiniOzoneClusterImpl-7523e9d5-68c3-40ce-b00f-57fa4c553895/datanode-2/data/ratis] (custom)
2020-11-16 17:31:49,716 [pool-671-thread-1] INFO  server.RaftServerConfigKeys (ConfUtils.java:logGet(44)) - raft.server.log.corruption.policy = EXCEPTION (default)
2020-11-16 17:31:49,716 [pool-671-thread-1] INFO  storage.RaftStorageDirectory (RaftStorageDirectory.java:analyzeStorage(261)) - The storage directory /github/workspace/mnt/ozone/hadoop-ozone/integration-test/target/test-dir/MiniOzoneClusterImpl-7523e9d5-68c3-40ce-b00f-57fa4c553895/datanode-2/data/ratis/99cad37b-94ef-4ee5-80fa-959388351dea does not exist. Creating ...
2020-11-16 17:31:49,718 [pool-671-thread-1] INFO  storage.RaftStorageDirectory (RaftStorageDirectory.java:tryLock(343)) - Lock on /github/workspace/mnt/ozone/hadoop-ozone/integration-test/target/test-dir/MiniOzoneClusterImpl-7523e9d5-68c3-40ce-b00f-57fa4c553895/datanode-2/data/ratis/99cad37b-94ef-4ee5-80fa-959388351dea/in_use.lock acquired by nodename 814@17b325b6a691
2020-11-16 17:31:49,719 [pool-671-thread-1] INFO  storage.RaftStorage (RaftStorage.java:format(84)) - Storage directory /github/workspace/mnt/ozone/hadoop-ozone/integration-test/target/test-dir/MiniOzoneClusterImpl-7523e9d5-68c3-40ce-b00f-57fa4c553895/datanode-2/data/ratis/99cad37b-94ef-4ee5-80fa-959388351dea has been successfully formatted.
2020-11-16 17:31:49,719 [pool-671-thread-1] INFO  ratis.ContainerStateMachine (ContainerStateMachine.java:loadSnapshot(225)) - group-959388351DEA: The snapshot info is null. Setting the last applied indexto:(t:0, i:~)
2020-11-16 17:31:49,719 [pool-671-thread-1] INFO  server.RaftServerConfigKeys (ConfUtils.java:logGet(44)) - raft.server.notification.no-leader.timeout = 300000ms (custom)
2020-11-16 17:31:49,719 [pool-671-thread-1] INFO  server.RaftServerConfigKeys (ConfUtils.java:logGet(44)) - raft.server.log.use.memory = false (default)
2020-11-16 17:31:49,719 [pool-671-thread-1] INFO  server.RaftServerConfigKeys (ConfUtils.java:logGet(44)) - raft.server.log.purge.gap = 1000000 (custom)
2020-11-16 17:31:49,719 [pool-671-thread-1] INFO  metrics.RatisMetrics (RatisMetrics.java:lambda$create$0(36)) - Creating Metrics Registry : ratis.log_worker.40c7d372-b34a-46f9-a435-b3894c66894a@group-959388351DEA
2020-11-16 17:31:49,720 [pool-671-thread-1] INFO  server.RaftServerConfigKeys (ConfUtils.java:logGet(44)) - raft.server.log.appender.buffer.byte-limit = 33554432 (custom)
2020-11-16 17:31:49,720 [pool-671-thread-1] INFO  server.RaftServerConfigKeys (ConfUtils.java:logGet(44)) - raft.server.log.segment.size.max = 1048576 (custom)
2020-11-16 17:31:49,721 [pool-671-thread-1] INFO  server.RaftServerConfigKeys (ConfUtils.java:logGet(44)) - raft.server.log.segment.cache.num.max = 2 (custom)
2020-11-16 17:31:49,721 [pool-671-thread-1] INFO  segmented.SegmentedRaftLogWorker (SegmentedRaftLogWorker.java:<init>(180)) - new 40c7d372-b34a-46f9-a435-b3894c66894a@group-959388351DEA-SegmentedRaftLogWorker for RaftStorage:Storage Directory /github/workspace/mnt/ozone/hadoop-ozone/integration-test/target/test-dir/MiniOzoneClusterImpl-7523e9d5-68c3-40ce-b00f-57fa4c553895/datanode-2/data/ratis/99cad37b-94ef-4ee5-80fa-959388351dea
2020-11-16 17:31:49,721 [pool-671-thread-1] INFO  server.RaftServerConfigKeys (ConfUtils.java:logGet(44)) - raft.server.log.queue.byte-limit = 2147483647 (custom)
2020-11-16 17:31:49,721 [pool-671-thread-1] INFO  server.RaftServerConfigKeys (ConfUtils.java:logGet(44)) - raft.server.log.queue.element-limit = 1024 (custom)
2020-11-16 17:31:49,721 [pool-671-thread-1] INFO  server.RaftServerConfigKeys (ConfUtils.java:logGet(44)) - raft.server.log.segment.size.max = 1048576 (custom)
2020-11-16 17:31:49,721 [pool-671-thread-1] INFO  server.RaftServerConfigKeys (ConfUtils.java:logGet(44)) - raft.server.log.preallocated.size = 16384 (custom)
2020-11-16 17:31:49,721 [pool-671-thread-1] INFO  server.RaftServerConfigKeys (ConfUtils.java:logGet(44)) - raft.server.log.write.buffer.size = 1048576 (custom)
2020-11-16 17:31:49,721 [pool-671-thread-1] INFO  server.RaftServerConfigKeys (ConfUtils.java:logGet(44)) - raft.server.log.force.sync.num = 128 (default)
2020-11-16 17:31:49,721 [pool-671-thread-1] INFO  server.RaftServerConfigKeys (ConfUtils.java:logGet(44)) - raft.server.log.statemachine.data.sync = true (default)
2020-11-16 17:31:49,721 [pool-671-thread-1] INFO  server.RaftServerConfigKeys (ConfUtils.java:logGet(44)) - raft.server.log.statemachine.data.sync.timeout = 10s (default)
2020-11-16 17:31:49,721 [pool-671-thread-1] INFO  server.RaftServerConfigKeys (ConfUtils.java:logGet(44)) - raft.server.log.statemachine.data.sync.timeout.retry = -1 (default)
2020-11-16 17:31:49,724 [pool-671-thread-1] INFO  server.RaftServerConfigKeys (ConfUtils.java:logGet(44)) - raft.server.log.statemachine.data.caching.enabled = true (custom)
2020-11-16 17:31:49,724 [pool-671-thread-1] INFO  segmented.SegmentedRaftLogWorker (SegmentedRaftLogWorker.java:lambda$new$0(129)) - 40c7d372-b34a-46f9-a435-b3894c66894a@group-959388351DEA-SegmentedRaftLogWorker: flushIndex: setUnconditionally 0 -> -1
2020-11-16 17:31:49,724 [pool-671-thread-1] INFO  segmented.SegmentedRaftLogWorker (SegmentedRaftLogWorker.java:lambda$new$0(129)) - 40c7d372-b34a-46f9-a435-b3894c66894a@group-959388351DEA-SegmentedRaftLogWorker: safeCacheEvictIndex: setUnconditionally 0 -> -1
2020-11-16 17:31:49,724 [pool-671-thread-1] INFO  server.RaftServerConfigKeys (ConfUtils.java:logGet(44)) - raft.server.snapshot.auto.trigger.enabled = true (custom)
2020-11-16 17:31:49,724 [pool-671-thread-1] INFO  server.RaftServerConfigKeys (ConfUtils.java:logGet(44)) - raft.server.snapshot.auto.trigger.threshold = 10000 (custom)
2020-11-16 17:31:49,724 [pool-671-thread-1] INFO  server.RaftServerConfigKeys (ConfUtils.java:logGet(44)) - raft.server.snapshot.retention.file.num = 5 (custom)
2020-11-16 17:31:49,724 [pool-671-thread-1] INFO  server.RaftServerConfigKeys (ConfUtils.java:logGet(44)) - raft.server.log.purge.upto.snapshot.index = false (default)
2020-11-16 17:31:49,724 [pool-671-thread-1] INFO  server.RaftServerConfigKeys (ConfUtils.java:logGet(44)) - raft.server.retrycache.expirytime = 600000ms (custom)
2020-11-16 17:31:49,725 [pool-671-thread-1] INFO  metrics.RatisMetrics (RatisMetrics.java:lambda$create$0(36)) - Creating Metrics Registry : ratis.leader_election.40c7d372-b34a-46f9-a435-b3894c66894a@group-959388351DEA
2020-11-16 17:31:49,725 [pool-671-thread-1] INFO  metrics.RatisMetrics (RatisMetrics.java:lambda$create$0(36)) - Creating Metrics Registry : ratis.server.40c7d372-b34a-46f9-a435-b3894c66894a@group-959388351DEA
2020-11-16 17:31:49,727 [pool-671-thread-1] INFO  impl.RaftServerImpl (RaftServerImpl.java:start(209)) - 40c7d372-b34a-46f9-a435-b3894c66894a@group-959388351DEA: start as a follower, conf=-1: [e605e0dd-6a71-4a0a-8796-3643e725e1ee:172.17.0.2:36279:0, 40c7d372-b34a-46f9-a435-b3894c66894a:172.17.0.2:37525:0, fbf3a64f-640b-4b02-ae41-dab4aff0d596:172.17.0.2:40251:0], old=null
2020-11-16 17:31:49,727 [pool-671-thread-1] INFO  impl.RaftServerImpl (RaftServerImpl.java:setRole(198)) - 40c7d372-b34a-46f9-a435-b3894c66894a@group-959388351DEA: changes role from      null to FOLLOWER at term 0 for startAsFollower
2020-11-16 17:31:49,727 [pool-671-thread-1] INFO  impl.RoleInfo (RoleInfo.java:updateAndGet(143)) - 40c7d372-b34a-46f9-a435-b3894c66894a: start FollowerState
2020-11-16 17:31:49,727 [pool-671-thread-1] INFO  util.JmxRegister (JmxRegister.java:tryRegister(44)) - Successfully registered JMX Bean with object name Ratis:service=RaftServer,group=group-959388351DEA,id=40c7d372-b34a-46f9-a435-b3894c66894a
2020-11-16 17:31:49,727 [pool-671-thread-1] INFO  metrics.RatisMetrics (RatisMetrics.java:lambda$create$0(36)) - Creating Metrics Registry : ratis.state_machine.40c7d372-b34a-46f9-a435-b3894c66894a@group-959388351DEA
2020-11-16 17:31:49,732 [Command processor thread] INFO  commandhandler.CreatePipelineCommandHandler (CreatePipelineCommandHandler.java:handle(106)) - Created Pipeline RATIS THREE PipelineID=99cad37b-94ef-4ee5-80fa-959388351dea.
2020-11-16 17:31:49,747 [Command processor thread] INFO  impl.RaftServerProxy (RaftServerProxy.java:addNew(92)) - fbf3a64f-640b-4b02-ae41-dab4aff0d596: addNew group-4C905D290142:[fbf3a64f-640b-4b02-ae41-dab4aff0d596:172.17.0.2:40251:0] returns group-4C905D290142:java.util.concurrent.CompletableFuture@5b59a680[Not completed]
2020-11-16 17:31:49,748 [pool-655-thread-1] INFO  impl.RaftServerImpl (RaftServerImpl.java:<init>(120)) - fbf3a64f-640b-4b02-ae41-dab4aff0d596: new RaftServerImpl for group-4C905D290142:[fbf3a64f-640b-4b02-ae41-dab4aff0d596:172.17.0.2:40251:0] with ContainerStateMachine:uninitialized
2020-11-16 17:31:49,748 [pool-655-thread-1] INFO  server.RaftServerConfigKeys (ConfUtils.java:logGet(44)) - raft.server.rpc.timeout.min = 5s (custom)
2020-11-16 17:31:49,748 [pool-655-thread-1] INFO  server.RaftServerConfigKeys (ConfUtils.java:logGet(44)) - raft.server.rpc.timeout.max = 5200ms (custom)
2020-11-16 17:31:49,748 [pool-655-thread-1] INFO  server.RaftServerConfigKeys (ConfUtils.java:logGet(44)) - raft.server.rpcslowness.timeout = 300000ms (custom)
2020-11-16 17:31:49,748 [pool-655-thread-1] INFO  server.RaftServerConfigKeys (ConfUtils.java:logGet(44)) - raft.server.sleep.deviation.threshold = 300 (default)
2020-11-16 17:31:49,748 [pool-655-thread-1] INFO  server.RaftServerConfigKeys (ConfUtils.java:logGet(44)) - raft.server.log.appender.install.snapshot.enabled = false (custom)
2020-11-16 17:31:49,748 [pool-655-thread-1] INFO  impl.RaftServerImpl (ServerState.java:<init>(104)) - fbf3a64f-640b-4b02-ae41-dab4aff0d596@group-4C905D290142: ConfigurationManager, init=-1: [fbf3a64f-640b-4b02-ae41-dab4aff0d596:172.17.0.2:40251:0], old=null, confs=<EMPTY_MAP>
2020-11-16 17:31:49,748 [pool-655-thread-1] INFO  server.RaftServerConfigKeys (ConfUtils.java:logGet(44)) - raft.server.storage.dir = [/github/workspace/mnt/ozone/hadoop-ozone/integration-test/target/test-dir/MiniOzoneClusterImpl-7523e9d5-68c3-40ce-b00f-57fa4c553895/datanode-1/data/ratis] (custom)
2020-11-16 17:31:49,748 [pool-655-thread-1] INFO  server.RaftServerConfigKeys (ConfUtils.java:logGet(44)) - raft.server.log.corruption.policy = EXCEPTION (default)
2020-11-16 17:31:49,748 [pool-655-thread-1] INFO  storage.RaftStorageDirectory (RaftStorageDirectory.java:analyzeStorage(261)) - The storage directory /github/workspace/mnt/ozone/hadoop-ozone/integration-test/target/test-dir/MiniOzoneClusterImpl-7523e9d5-68c3-40ce-b00f-57fa4c553895/datanode-1/data/ratis/ccdd619e-40c8-4c23-9abc-4c905d290142 does not exist. Creating ...
2020-11-16 17:31:49,750 [pool-655-thread-1] INFO  storage.RaftStorageDirectory (RaftStorageDirectory.java:tryLock(343)) - Lock on /github/workspace/mnt/ozone/hadoop-ozone/integration-test/target/test-dir/MiniOzoneClusterImpl-7523e9d5-68c3-40ce-b00f-57fa4c553895/datanode-1/data/ratis/ccdd619e-40c8-4c23-9abc-4c905d290142/in_use.lock acquired by nodename 814@17b325b6a691
2020-11-16 17:31:49,752 [pool-655-thread-1] INFO  storage.RaftStorage (RaftStorage.java:format(84)) - Storage directory /github/workspace/mnt/ozone/hadoop-ozone/integration-test/target/test-dir/MiniOzoneClusterImpl-7523e9d5-68c3-40ce-b00f-57fa4c553895/datanode-1/data/ratis/ccdd619e-40c8-4c23-9abc-4c905d290142 has been successfully formatted.
2020-11-16 17:31:49,753 [pool-655-thread-1] INFO  ratis.ContainerStateMachine (ContainerStateMachine.java:loadSnapshot(225)) - group-4C905D290142: The snapshot info is null. Setting the last applied indexto:(t:0, i:~)
2020-11-16 17:31:49,753 [pool-655-thread-1] INFO  server.RaftServerConfigKeys (ConfUtils.java:logGet(44)) - raft.server.notification.no-leader.timeout = 300000ms (custom)
2020-11-16 17:31:49,753 [pool-655-thread-1] INFO  server.RaftServerConfigKeys (ConfUtils.java:logGet(44)) - raft.server.log.use.memory = false (default)
2020-11-16 17:31:49,753 [EventQueue-PipelineReportForPipelineReportHandler] INFO  pipeline.PipelineStateManager (PipelineStateManager.java:openPipeline(132)) - Pipeline Pipeline[ Id: ccdd619e-40c8-4c23-9abc-4c905d290142, Nodes: fbf3a64f-640b-4b02-ae41-dab4aff0d596{ip: 172.17.0.2, host: 17b325b6a691, networkLocation: /default-rack, certSerialId: null}, Type:RATIS, Factor:ONE, State:ALLOCATED, leaderId:fbf3a64f-640b-4b02-ae41-dab4aff0d596, CreationTimestamp2020-11-16T17:31:46.750Z] moved to OPEN state
2020-11-16 17:31:49,754 [EventQueue-OpenPipelineForOneReplicaPipelineSafeModeRule] INFO  safemode.SCMSafeModeManager (SCMSafeModeManager.java:validateSafeModeExitRules(214)) - AtleastOneDatanodeReportedRule rule is successfully validated
2020-11-16 17:31:49,754 [pool-655-thread-1] INFO  server.RaftServerConfigKeys (ConfUtils.java:logGet(44)) - raft.server.log.purge.gap = 1000000 (custom)
2020-11-16 17:31:49,754 [EventQueue-OpenPipelineForHealthyPipelineSafeModeRule] INFO  safemode.SCMSafeModeManager (HealthyPipelineSafeModeRule.java:process(129)) - SCM in safe mode. Healthy pipelines reported count is 0, required healthy pipeline reported count is 1
2020-11-16 17:31:49,754 [pool-655-thread-1] INFO  metrics.RatisMetrics (RatisMetrics.java:lambda$create$0(36)) - Creating Metrics Registry : ratis.log_worker.fbf3a64f-640b-4b02-ae41-dab4aff0d596@group-4C905D290142
2020-11-16 17:31:49,754 [pool-655-thread-1] INFO  server.RaftServerConfigKeys (ConfUtils.java:logGet(44)) - raft.server.log.appender.buffer.byte-limit = 33554432 (custom)
2020-11-16 17:31:49,754 [pool-655-thread-1] INFO  server.RaftServerConfigKeys (ConfUtils.java:logGet(44)) - raft.server.log.segment.size.max = 1048576 (custom)
2020-11-16 17:31:49,755 [pool-655-thread-1] INFO  server.RaftServerConfigKeys (ConfUtils.java:logGet(44)) - raft.server.log.segment.cache.num.max = 2 (custom)
2020-11-16 17:31:49,755 [pool-655-thread-1] INFO  segmented.SegmentedRaftLogWorker (SegmentedRaftLogWorker.java:<init>(180)) - new fbf3a64f-640b-4b02-ae41-dab4aff0d596@group-4C905D290142-SegmentedRaftLogWorker for RaftStorage:Storage Directory /github/workspace/mnt/ozone/hadoop-ozone/integration-test/target/test-dir/MiniOzoneClusterImpl-7523e9d5-68c3-40ce-b00f-57fa4c553895/datanode-1/data/ratis/ccdd619e-40c8-4c23-9abc-4c905d290142
2020-11-16 17:31:49,755 [pool-655-thread-1] INFO  server.RaftServerConfigKeys (ConfUtils.java:logGet(44)) - raft.server.log.queue.byte-limit = 2147483647 (custom)
2020-11-16 17:31:49,755 [pool-655-thread-1] INFO  server.RaftServerConfigKeys (ConfUtils.java:logGet(44)) - raft.server.log.queue.element-limit = 1024 (custom)
2020-11-16 17:31:49,755 [pool-655-thread-1] INFO  server.RaftServerConfigKeys (ConfUtils.java:logGet(44)) - raft.server.log.segment.size.max = 1048576 (custom)
2020-11-16 17:31:49,755 [pool-655-thread-1] INFO  server.RaftServerConfigKeys (ConfUtils.java:logGet(44)) - raft.server.log.preallocated.size = 16384 (custom)
2020-11-16 17:31:49,755 [pool-655-thread-1] INFO  server.RaftServerConfigKeys (ConfUtils.java:logGet(44)) - raft.server.log.write.buffer.size = 1048576 (custom)
2020-11-16 17:31:49,755 [pool-655-thread-1] INFO  server.RaftServerConfigKeys (ConfUtils.java:logGet(44)) - raft.server.log.force.sync.num = 128 (default)
2020-11-16 17:31:49,755 [pool-655-thread-1] INFO  server.RaftServerConfigKeys (ConfUtils.java:logGet(44)) - raft.server.log.statemachine.data.sync = true (default)
2020-11-16 17:31:49,755 [pool-655-thread-1] INFO  server.RaftServerConfigKeys (ConfUtils.java:logGet(44)) - raft.server.log.statemachine.data.sync.timeout = 10s (default)
2020-11-16 17:31:49,756 [pool-655-thread-1] INFO  server.RaftServerConfigKeys (ConfUtils.java:logGet(44)) - raft.server.log.statemachine.data.sync.timeout.retry = -1 (default)
2020-11-16 17:31:49,758 [pool-655-thread-1] INFO  server.RaftServerConfigKeys (ConfUtils.java:logGet(44)) - raft.server.log.statemachine.data.caching.enabled = true (custom)
2020-11-16 17:31:49,758 [pool-655-thread-1] INFO  segmented.SegmentedRaftLogWorker (SegmentedRaftLogWorker.java:lambda$new$0(129)) - fbf3a64f-640b-4b02-ae41-dab4aff0d596@group-4C905D290142-SegmentedRaftLogWorker: flushIndex: setUnconditionally 0 -> -1
2020-11-16 17:31:49,758 [pool-655-thread-1] INFO  segmented.SegmentedRaftLogWorker (SegmentedRaftLogWorker.java:lambda$new$0(129)) - fbf3a64f-640b-4b02-ae41-dab4aff0d596@group-4C905D290142-SegmentedRaftLogWorker: safeCacheEvictIndex: setUnconditionally 0 -> -1
2020-11-16 17:31:49,759 [pool-655-thread-1] INFO  server.RaftServerConfigKeys (ConfUtils.java:logGet(44)) - raft.server.snapshot.auto.trigger.enabled = true (custom)
2020-11-16 17:31:49,759 [pool-655-thread-1] INFO  server.RaftServerConfigKeys (ConfUtils.java:logGet(44)) - raft.server.snapshot.auto.trigger.threshold = 10000 (custom)
2020-11-16 17:31:49,759 [pool-655-thread-1] INFO  server.RaftServerConfigKeys (ConfUtils.java:logGet(44)) - raft.server.snapshot.retention.file.num = 5 (custom)
2020-11-16 17:31:49,759 [pool-655-thread-1] INFO  server.RaftServerConfigKeys (ConfUtils.java:logGet(44)) - raft.server.log.purge.upto.snapshot.index = false (default)
2020-11-16 17:31:49,759 [pool-655-thread-1] INFO  server.RaftServerConfigKeys (ConfUtils.java:logGet(44)) - raft.server.retrycache.expirytime = 600000ms (custom)
2020-11-16 17:31:49,759 [pool-655-thread-1] INFO  metrics.RatisMetrics (RatisMetrics.java:lambda$create$0(36)) - Creating Metrics Registry : ratis.leader_election.fbf3a64f-640b-4b02-ae41-dab4aff0d596@group-4C905D290142
2020-11-16 17:31:49,760 [pool-655-thread-1] INFO  metrics.RatisMetrics (RatisMetrics.java:lambda$create$0(36)) - Creating Metrics Registry : ratis.server.fbf3a64f-640b-4b02-ae41-dab4aff0d596@group-4C905D290142
2020-11-16 17:31:49,761 [pool-655-thread-1] INFO  impl.RaftServerImpl (RaftServerImpl.java:start(209)) - fbf3a64f-640b-4b02-ae41-dab4aff0d596@group-4C905D290142: start as a follower, conf=-1: [fbf3a64f-640b-4b02-ae41-dab4aff0d596:172.17.0.2:40251:0], old=null
2020-11-16 17:31:49,761 [pool-655-thread-1] INFO  impl.RaftServerImpl (RaftServerImpl.java:setRole(198)) - fbf3a64f-640b-4b02-ae41-dab4aff0d596@group-4C905D290142: changes role from      null to FOLLOWER at term 0 for startAsFollower
2020-11-16 17:31:49,761 [pool-655-thread-1] INFO  impl.RoleInfo (RoleInfo.java:updateAndGet(143)) - fbf3a64f-640b-4b02-ae41-dab4aff0d596: start FollowerState
2020-11-16 17:31:49,762 [pool-655-thread-1] INFO  util.JmxRegister (JmxRegister.java:tryRegister(44)) - Successfully registered JMX Bean with object name Ratis:service=RaftServer,group=group-4C905D290142,id=fbf3a64f-640b-4b02-ae41-dab4aff0d596
2020-11-16 17:31:49,762 [pool-655-thread-1] INFO  metrics.RatisMetrics (RatisMetrics.java:lambda$create$0(36)) - Creating Metrics Registry : ratis.state_machine.fbf3a64f-640b-4b02-ae41-dab4aff0d596@group-4C905D290142
2020-11-16 17:31:49,762 [Command processor thread] INFO  commandhandler.CreatePipelineCommandHandler (CreatePipelineCommandHandler.java:handle(106)) - Created Pipeline RATIS ONE PipelineID=ccdd619e-40c8-4c23-9abc-4c905d290142.
2020-11-16 17:31:49,922 [Command processor thread] INFO  impl.RaftServerProxy (RaftServerProxy.java:addNew(92)) - 40c7d372-b34a-46f9-a435-b3894c66894a: addNew group-791D6D40D544:[40c7d372-b34a-46f9-a435-b3894c66894a:172.17.0.2:37525:0] returns group-791D6D40D544:java.util.concurrent.CompletableFuture@1057c5d3[Not completed]
2020-11-16 17:31:49,923 [pool-671-thread-1] INFO  impl.RaftServerImpl (RaftServerImpl.java:<init>(120)) - 40c7d372-b34a-46f9-a435-b3894c66894a: new RaftServerImpl for group-791D6D40D544:[40c7d372-b34a-46f9-a435-b3894c66894a:172.17.0.2:37525:0] with ContainerStateMachine:uninitialized
2020-11-16 17:31:49,923 [pool-671-thread-1] INFO  server.RaftServerConfigKeys (ConfUtils.java:logGet(44)) - raft.server.rpc.timeout.min = 5s (custom)
2020-11-16 17:31:49,923 [pool-671-thread-1] INFO  server.RaftServerConfigKeys (ConfUtils.java:logGet(44)) - raft.server.rpc.timeout.max = 5200ms (custom)
2020-11-16 17:31:49,923 [pool-671-thread-1] INFO  server.RaftServerConfigKeys (ConfUtils.java:logGet(44)) - raft.server.rpcslowness.timeout = 300000ms (custom)
2020-11-16 17:31:49,923 [pool-671-thread-1] INFO  server.RaftServerConfigKeys (ConfUtils.java:logGet(44)) - raft.server.sleep.deviation.threshold = 300 (default)
2020-11-16 17:31:49,924 [pool-671-thread-1] INFO  server.RaftServerConfigKeys (ConfUtils.java:logGet(44)) - raft.server.log.appender.install.snapshot.enabled = false (custom)
2020-11-16 17:31:49,924 [pool-671-thread-1] INFO  impl.RaftServerImpl (ServerState.java:<init>(104)) - 40c7d372-b34a-46f9-a435-b3894c66894a@group-791D6D40D544: ConfigurationManager, init=-1: [40c7d372-b34a-46f9-a435-b3894c66894a:172.17.0.2:37525:0], old=null, confs=<EMPTY_MAP>
2020-11-16 17:31:49,924 [pool-671-thread-1] INFO  server.RaftServerConfigKeys (ConfUtils.java:logGet(44)) - raft.server.storage.dir = [/github/workspace/mnt/ozone/hadoop-ozone/integration-test/target/test-dir/MiniOzoneClusterImpl-7523e9d5-68c3-40ce-b00f-57fa4c553895/datanode-2/data/ratis] (custom)
2020-11-16 17:31:49,924 [pool-671-thread-1] INFO  server.RaftServerConfigKeys (ConfUtils.java:logGet(44)) - raft.server.log.corruption.policy = EXCEPTION (default)
2020-11-16 17:31:49,924 [pool-671-thread-1] INFO  storage.RaftStorageDirectory (RaftStorageDirectory.java:analyzeStorage(261)) - The storage directory /github/workspace/mnt/ozone/hadoop-ozone/integration-test/target/test-dir/MiniOzoneClusterImpl-7523e9d5-68c3-40ce-b00f-57fa4c553895/datanode-2/data/ratis/302a3398-ad98-482b-bf54-791d6d40d544 does not exist. Creating ...
2020-11-16 17:31:49,926 [pool-671-thread-1] INFO  storage.RaftStorageDirectory (RaftStorageDirectory.java:tryLock(343)) - Lock on /github/workspace/mnt/ozone/hadoop-ozone/integration-test/target/test-dir/MiniOzoneClusterImpl-7523e9d5-68c3-40ce-b00f-57fa4c553895/datanode-2/data/ratis/302a3398-ad98-482b-bf54-791d6d40d544/in_use.lock acquired by nodename 814@17b325b6a691
2020-11-16 17:31:49,927 [pool-671-thread-1] INFO  storage.RaftStorage (RaftStorage.java:format(84)) - Storage directory /github/workspace/mnt/ozone/hadoop-ozone/integration-test/target/test-dir/MiniOzoneClusterImpl-7523e9d5-68c3-40ce-b00f-57fa4c553895/datanode-2/data/ratis/302a3398-ad98-482b-bf54-791d6d40d544 has been successfully formatted.
2020-11-16 17:31:49,928 [pool-671-thread-1] INFO  ratis.ContainerStateMachine (ContainerStateMachine.java:loadSnapshot(225)) - group-791D6D40D544: The snapshot info is null. Setting the last applied indexto:(t:0, i:~)
2020-11-16 17:31:49,928 [pool-671-thread-1] INFO  server.RaftServerConfigKeys (ConfUtils.java:logGet(44)) - raft.server.notification.no-leader.timeout = 300000ms (custom)
2020-11-16 17:31:49,928 [pool-671-thread-1] INFO  server.RaftServerConfigKeys (ConfUtils.java:logGet(44)) - raft.server.log.use.memory = false (default)
2020-11-16 17:31:49,929 [EventQueue-PipelineReportForPipelineReportHandler] INFO  pipeline.PipelineStateManager (PipelineStateManager.java:openPipeline(132)) - Pipeline Pipeline[ Id: 302a3398-ad98-482b-bf54-791d6d40d544, Nodes: 40c7d372-b34a-46f9-a435-b3894c66894a{ip: 172.17.0.2, host: 17b325b6a691, networkLocation: /default-rack, certSerialId: null}, Type:RATIS, Factor:ONE, State:ALLOCATED, leaderId:40c7d372-b34a-46f9-a435-b3894c66894a, CreationTimestamp2020-11-16T17:31:46.925Z] moved to OPEN state
2020-11-16 17:31:49,929 [pool-671-thread-1] INFO  server.RaftServerConfigKeys (ConfUtils.java:logGet(44)) - raft.server.log.purge.gap = 1000000 (custom)
2020-11-16 17:31:49,929 [EventQueue-OpenPipelineForOneReplicaPipelineSafeModeRule] INFO  safemode.SCMSafeModeManager (SCMSafeModeManager.java:validateSafeModeExitRules(214)) - AtleastOneDatanodeReportedRule rule is successfully validated
2020-11-16 17:31:49,929 [EventQueue-OpenPipelineForHealthyPipelineSafeModeRule] INFO  safemode.SCMSafeModeManager (HealthyPipelineSafeModeRule.java:process(129)) - SCM in safe mode. Healthy pipelines reported count is 0, required healthy pipeline reported count is 1
2020-11-16 17:31:49,929 [pool-671-thread-1] INFO  metrics.RatisMetrics (RatisMetrics.java:lambda$create$0(36)) - Creating Metrics Registry : ratis.log_worker.40c7d372-b34a-46f9-a435-b3894c66894a@group-791D6D40D544
2020-11-16 17:31:49,929 [pool-671-thread-1] INFO  server.RaftServerConfigKeys (ConfUtils.java:logGet(44)) - raft.server.log.appender.buffer.byte-limit = 33554432 (custom)
2020-11-16 17:31:49,930 [pool-671-thread-1] INFO  server.RaftServerConfigKeys (ConfUtils.java:logGet(44)) - raft.server.log.segment.size.max = 1048576 (custom)
2020-11-16 17:31:49,930 [pool-671-thread-1] INFO  server.RaftServerConfigKeys (ConfUtils.java:logGet(44)) - raft.server.log.segment.cache.num.max = 2 (custom)
2020-11-16 17:31:49,931 [pool-671-thread-1] INFO  segmented.SegmentedRaftLogWorker (SegmentedRaftLogWorker.java:<init>(180)) - new 40c7d372-b34a-46f9-a435-b3894c66894a@group-791D6D40D544-SegmentedRaftLogWorker for RaftStorage:Storage Directory /github/workspace/mnt/ozone/hadoop-ozone/integration-test/target/test-dir/MiniOzoneClusterImpl-7523e9d5-68c3-40ce-b00f-57fa4c553895/datanode-2/data/ratis/302a3398-ad98-482b-bf54-791d6d40d544
2020-11-16 17:31:49,931 [pool-671-thread-1] INFO  server.RaftServerConfigKeys (ConfUtils.java:logGet(44)) - raft.server.log.queue.byte-limit = 2147483647 (custom)
2020-11-16 17:31:49,931 [pool-671-thread-1] INFO  server.RaftServerConfigKeys (ConfUtils.java:logGet(44)) - raft.server.log.queue.element-limit = 1024 (custom)
2020-11-16 17:31:49,931 [pool-671-thread-1] INFO  server.RaftServerConfigKeys (ConfUtils.java:logGet(44)) - raft.server.log.segment.size.max = 1048576 (custom)
2020-11-16 17:31:49,931 [pool-671-thread-1] INFO  server.RaftServerConfigKeys (ConfUtils.java:logGet(44)) - raft.server.log.preallocated.size = 16384 (custom)
2020-11-16 17:31:49,931 [pool-671-thread-1] INFO  server.RaftServerConfigKeys (ConfUtils.java:logGet(44)) - raft.server.log.write.buffer.size = 1048576 (custom)
2020-11-16 17:31:49,931 [pool-671-thread-1] INFO  server.RaftServerConfigKeys (ConfUtils.java:logGet(44)) - raft.server.log.force.sync.num = 128 (default)
2020-11-16 17:31:49,931 [pool-671-thread-1] INFO  server.RaftServerConfigKeys (ConfUtils.java:logGet(44)) - raft.server.log.statemachine.data.sync = true (default)
2020-11-16 17:31:49,931 [pool-671-thread-1] INFO  server.RaftServerConfigKeys (ConfUtils.java:logGet(44)) - raft.server.log.statemachine.data.sync.timeout = 10s (default)
2020-11-16 17:31:49,931 [pool-671-thread-1] INFO  server.RaftServerConfigKeys (ConfUtils.java:logGet(44)) - raft.server.log.statemachine.data.sync.timeout.retry = -1 (default)
2020-11-16 17:31:49,933 [pool-671-thread-1] INFO  server.RaftServerConfigKeys (ConfUtils.java:logGet(44)) - raft.server.log.statemachine.data.caching.enabled = true (custom)
2020-11-16 17:31:49,933 [pool-671-thread-1] INFO  segmented.SegmentedRaftLogWorker (SegmentedRaftLogWorker.java:lambda$new$0(129)) - 40c7d372-b34a-46f9-a435-b3894c66894a@group-791D6D40D544-SegmentedRaftLogWorker: flushIndex: setUnconditionally 0 -> -1
2020-11-16 17:31:49,933 [pool-671-thread-1] INFO  segmented.SegmentedRaftLogWorker (SegmentedRaftLogWorker.java:lambda$new$0(129)) - 40c7d372-b34a-46f9-a435-b3894c66894a@group-791D6D40D544-SegmentedRaftLogWorker: safeCacheEvictIndex: setUnconditionally 0 -> -1
2020-11-16 17:31:49,933 [pool-671-thread-1] INFO  server.RaftServerConfigKeys (ConfUtils.java:logGet(44)) - raft.server.snapshot.auto.trigger.enabled = true (custom)
2020-11-16 17:31:49,934 [pool-671-thread-1] INFO  server.RaftServerConfigKeys (ConfUtils.java:logGet(44)) - raft.server.snapshot.auto.trigger.threshold = 10000 (custom)
2020-11-16 17:31:49,934 [pool-671-thread-1] INFO  server.RaftServerConfigKeys (ConfUtils.java:logGet(44)) - raft.server.snapshot.retention.file.num = 5 (custom)
2020-11-16 17:31:49,934 [pool-671-thread-1] INFO  server.RaftServerConfigKeys (ConfUtils.java:logGet(44)) - raft.server.log.purge.upto.snapshot.index = false (default)
2020-11-16 17:31:49,934 [pool-671-thread-1] INFO  server.RaftServerConfigKeys (ConfUtils.java:logGet(44)) - raft.server.retrycache.expirytime = 600000ms (custom)
2020-11-16 17:31:49,934 [pool-671-thread-1] INFO  metrics.RatisMetrics (RatisMetrics.java:lambda$create$0(36)) - Creating Metrics Registry : ratis.leader_election.40c7d372-b34a-46f9-a435-b3894c66894a@group-791D6D40D544
2020-11-16 17:31:49,934 [pool-671-thread-1] INFO  metrics.RatisMetrics (RatisMetrics.java:lambda$create$0(36)) - Creating Metrics Registry : ratis.server.40c7d372-b34a-46f9-a435-b3894c66894a@group-791D6D40D544
2020-11-16 17:31:49,936 [pool-671-thread-1] INFO  impl.RaftServerImpl (RaftServerImpl.java:start(209)) - 40c7d372-b34a-46f9-a435-b3894c66894a@group-791D6D40D544: start as a follower, conf=-1: [40c7d372-b34a-46f9-a435-b3894c66894a:172.17.0.2:37525:0], old=null
2020-11-16 17:31:49,936 [pool-671-thread-1] INFO  impl.RaftServerImpl (RaftServerImpl.java:setRole(198)) - 40c7d372-b34a-46f9-a435-b3894c66894a@group-791D6D40D544: changes role from      null to FOLLOWER at term 0 for startAsFollower
2020-11-16 17:31:49,936 [pool-671-thread-1] INFO  impl.RoleInfo (RoleInfo.java:updateAndGet(143)) - 40c7d372-b34a-46f9-a435-b3894c66894a: start FollowerState
2020-11-16 17:31:49,936 [pool-671-thread-1] INFO  util.JmxRegister (JmxRegister.java:tryRegister(44)) - Successfully registered JMX Bean with object name Ratis:service=RaftServer,group=group-791D6D40D544,id=40c7d372-b34a-46f9-a435-b3894c66894a
2020-11-16 17:31:49,936 [pool-671-thread-1] INFO  metrics.RatisMetrics (RatisMetrics.java:lambda$create$0(36)) - Creating Metrics Registry : ratis.state_machine.40c7d372-b34a-46f9-a435-b3894c66894a@group-791D6D40D544
2020-11-16 17:31:49,937 [Command processor thread] INFO  commandhandler.CreatePipelineCommandHandler (CreatePipelineCommandHandler.java:handle(106)) - Created Pipeline RATIS ONE PipelineID=302a3398-ad98-482b-bf54-791d6d40d544.
2020-11-16 17:31:50,110 [Command processor thread] INFO  impl.RaftServerProxy (RaftServerProxy.java:addNew(92)) - cc30a5ad-4207-4291-85e5-33833db84af4: addNew group-B235807CDCD1:[cc30a5ad-4207-4291-85e5-33833db84af4:172.17.0.2:36663:0] returns group-B235807CDCD1:java.util.concurrent.CompletableFuture@263fdcae[Not completed]
2020-11-16 17:31:50,112 [pool-687-thread-1] INFO  impl.RaftServerImpl (RaftServerImpl.java:<init>(120)) - cc30a5ad-4207-4291-85e5-33833db84af4: new RaftServerImpl for group-B235807CDCD1:[cc30a5ad-4207-4291-85e5-33833db84af4:172.17.0.2:36663:0] with ContainerStateMachine:uninitialized
2020-11-16 17:31:50,112 [pool-687-thread-1] INFO  server.RaftServerConfigKeys (ConfUtils.java:logGet(44)) - raft.server.rpc.timeout.min = 5s (custom)
2020-11-16 17:31:50,112 [pool-687-thread-1] INFO  server.RaftServerConfigKeys (ConfUtils.java:logGet(44)) - raft.server.rpc.timeout.max = 5200ms (custom)
2020-11-16 17:31:50,112 [pool-687-thread-1] INFO  server.RaftServerConfigKeys (ConfUtils.java:logGet(44)) - raft.server.rpcslowness.timeout = 300000ms (custom)
2020-11-16 17:31:50,112 [pool-687-thread-1] INFO  server.RaftServerConfigKeys (ConfUtils.java:logGet(44)) - raft.server.sleep.deviation.threshold = 300 (default)
2020-11-16 17:31:50,112 [pool-687-thread-1] INFO  server.RaftServerConfigKeys (ConfUtils.java:logGet(44)) - raft.server.log.appender.install.snapshot.enabled = false (custom)
2020-11-16 17:31:50,113 [pool-687-thread-1] INFO  impl.RaftServerImpl (ServerState.java:<init>(104)) - cc30a5ad-4207-4291-85e5-33833db84af4@group-B235807CDCD1: ConfigurationManager, init=-1: [cc30a5ad-4207-4291-85e5-33833db84af4:172.17.0.2:36663:0], old=null, confs=<EMPTY_MAP>
2020-11-16 17:31:50,113 [pool-687-thread-1] INFO  server.RaftServerConfigKeys (ConfUtils.java:logGet(44)) - raft.server.storage.dir = [/github/workspace/mnt/ozone/hadoop-ozone/integration-test/target/test-dir/MiniOzoneClusterImpl-7523e9d5-68c3-40ce-b00f-57fa4c553895/datanode-3/data/ratis] (custom)
2020-11-16 17:31:50,113 [pool-687-thread-1] INFO  server.RaftServerConfigKeys (ConfUtils.java:logGet(44)) - raft.server.log.corruption.policy = EXCEPTION (default)
2020-11-16 17:31:50,113 [pool-687-thread-1] INFO  storage.RaftStorageDirectory (RaftStorageDirectory.java:analyzeStorage(261)) - The storage directory /github/workspace/mnt/ozone/hadoop-ozone/integration-test/target/test-dir/MiniOzoneClusterImpl-7523e9d5-68c3-40ce-b00f-57fa4c553895/datanode-3/data/ratis/fd540625-bf17-4266-a35c-b235807cdcd1 does not exist. Creating ...
2020-11-16 17:31:50,114 [pool-687-thread-1] INFO  storage.RaftStorageDirectory (RaftStorageDirectory.java:tryLock(343)) - Lock on /github/workspace/mnt/ozone/hadoop-ozone/integration-test/target/test-dir/MiniOzoneClusterImpl-7523e9d5-68c3-40ce-b00f-57fa4c553895/datanode-3/data/ratis/fd540625-bf17-4266-a35c-b235807cdcd1/in_use.lock acquired by nodename 814@17b325b6a691
2020-11-16 17:31:50,115 [pool-687-thread-1] INFO  storage.RaftStorage (RaftStorage.java:format(84)) - Storage directory /github/workspace/mnt/ozone/hadoop-ozone/integration-test/target/test-dir/MiniOzoneClusterImpl-7523e9d5-68c3-40ce-b00f-57fa4c553895/datanode-3/data/ratis/fd540625-bf17-4266-a35c-b235807cdcd1 has been successfully formatted.
2020-11-16 17:31:50,119 [pool-687-thread-1] INFO  ratis.ContainerStateMachine (ContainerStateMachine.java:loadSnapshot(225)) - group-B235807CDCD1: The snapshot info is null. Setting the last applied indexto:(t:0, i:~)
2020-11-16 17:31:50,119 [pool-687-thread-1] INFO  server.RaftServerConfigKeys (ConfUtils.java:logGet(44)) - raft.server.notification.no-leader.timeout = 300000ms (custom)
2020-11-16 17:31:50,119 [pool-687-thread-1] INFO  server.RaftServerConfigKeys (ConfUtils.java:logGet(44)) - raft.server.log.use.memory = false (default)
2020-11-16 17:31:50,119 [pool-687-thread-1] INFO  server.RaftServerConfigKeys (ConfUtils.java:logGet(44)) - raft.server.log.purge.gap = 1000000 (custom)
2020-11-16 17:31:50,119 [pool-687-thread-1] INFO  metrics.RatisMetrics (RatisMetrics.java:lambda$create$0(36)) - Creating Metrics Registry : ratis.log_worker.cc30a5ad-4207-4291-85e5-33833db84af4@group-B235807CDCD1
2020-11-16 17:31:50,120 [EventQueue-PipelineReportForPipelineReportHandler] INFO  pipeline.PipelineStateManager (PipelineStateManager.java:openPipeline(132)) - Pipeline Pipeline[ Id: fd540625-bf17-4266-a35c-b235807cdcd1, Nodes: cc30a5ad-4207-4291-85e5-33833db84af4{ip: 172.17.0.2, host: 17b325b6a691, networkLocation: /default-rack, certSerialId: null}, Type:RATIS, Factor:ONE, State:ALLOCATED, leaderId:cc30a5ad-4207-4291-85e5-33833db84af4, CreationTimestamp2020-11-16T17:31:47.111Z] moved to OPEN state
2020-11-16 17:31:50,120 [EventQueue-OpenPipelineForHealthyPipelineSafeModeRule] INFO  safemode.SCMSafeModeManager (HealthyPipelineSafeModeRule.java:process(129)) - SCM in safe mode. Healthy pipelines reported count is 0, required healthy pipeline reported count is 1
2020-11-16 17:31:50,120 [pool-687-thread-1] INFO  server.RaftServerConfigKeys (ConfUtils.java:logGet(44)) - raft.server.log.appender.buffer.byte-limit = 33554432 (custom)
2020-11-16 17:31:50,120 [EventQueue-OpenPipelineForOneReplicaPipelineSafeModeRule] INFO  safemode.SCMSafeModeManager (SCMSafeModeManager.java:validateSafeModeExitRules(214)) - AtleastOneDatanodeReportedRule rule is successfully validated
2020-11-16 17:31:50,120 [pool-687-thread-1] INFO  server.RaftServerConfigKeys (ConfUtils.java:logGet(44)) - raft.server.log.segment.size.max = 1048576 (custom)
2020-11-16 17:31:50,121 [pool-687-thread-1] INFO  server.RaftServerConfigKeys (ConfUtils.java:logGet(44)) - raft.server.log.segment.cache.num.max = 2 (custom)
2020-11-16 17:31:50,121 [pool-687-thread-1] INFO  segmented.SegmentedRaftLogWorker (SegmentedRaftLogWorker.java:<init>(180)) - new cc30a5ad-4207-4291-85e5-33833db84af4@group-B235807CDCD1-SegmentedRaftLogWorker for RaftStorage:Storage Directory /github/workspace/mnt/ozone/hadoop-ozone/integration-test/target/test-dir/MiniOzoneClusterImpl-7523e9d5-68c3-40ce-b00f-57fa4c553895/datanode-3/data/ratis/fd540625-bf17-4266-a35c-b235807cdcd1
2020-11-16 17:31:50,121 [pool-687-thread-1] INFO  server.RaftServerConfigKeys (ConfUtils.java:logGet(44)) - raft.server.log.queue.byte-limit = 2147483647 (custom)
2020-11-16 17:31:50,121 [pool-687-thread-1] INFO  server.RaftServerConfigKeys (ConfUtils.java:logGet(44)) - raft.server.log.queue.element-limit = 1024 (custom)
2020-11-16 17:31:50,121 [pool-687-thread-1] INFO  server.RaftServerConfigKeys (ConfUtils.java:logGet(44)) - raft.server.log.segment.size.max = 1048576 (custom)
2020-11-16 17:31:50,121 [pool-687-thread-1] INFO  server.RaftServerConfigKeys (ConfUtils.java:logGet(44)) - raft.server.log.preallocated.size = 16384 (custom)
2020-11-16 17:31:50,121 [pool-687-thread-1] INFO  server.RaftServerConfigKeys (ConfUtils.java:logGet(44)) - raft.server.log.write.buffer.size = 1048576 (custom)
2020-11-16 17:31:50,121 [pool-687-thread-1] INFO  server.RaftServerConfigKeys (ConfUtils.java:logGet(44)) - raft.server.log.force.sync.num = 128 (default)
2020-11-16 17:31:50,121 [pool-687-thread-1] INFO  server.RaftServerConfigKeys (ConfUtils.java:logGet(44)) - raft.server.log.statemachine.data.sync = true (default)
2020-11-16 17:31:50,122 [pool-687-thread-1] INFO  server.RaftServerConfigKeys (ConfUtils.java:logGet(44)) - raft.server.log.statemachine.data.sync.timeout = 10s (default)
2020-11-16 17:31:50,122 [pool-687-thread-1] INFO  server.RaftServerConfigKeys (ConfUtils.java:logGet(44)) - raft.server.log.statemachine.data.sync.timeout.retry = -1 (default)
2020-11-16 17:31:50,124 [pool-687-thread-1] INFO  server.RaftServerConfigKeys (ConfUtils.java:logGet(44)) - raft.server.log.statemachine.data.caching.enabled = true (custom)
2020-11-16 17:31:50,124 [pool-687-thread-1] INFO  segmented.SegmentedRaftLogWorker (SegmentedRaftLogWorker.java:lambda$new$0(129)) - cc30a5ad-4207-4291-85e5-33833db84af4@group-B235807CDCD1-SegmentedRaftLogWorker: flushIndex: setUnconditionally 0 -> -1
2020-11-16 17:31:50,124 [pool-687-thread-1] INFO  segmented.SegmentedRaftLogWorker (SegmentedRaftLogWorker.java:lambda$new$0(129)) - cc30a5ad-4207-4291-85e5-33833db84af4@group-B235807CDCD1-SegmentedRaftLogWorker: safeCacheEvictIndex: setUnconditionally 0 -> -1
2020-11-16 17:31:50,124 [pool-687-thread-1] INFO  server.RaftServerConfigKeys (ConfUtils.java:logGet(44)) - raft.server.snapshot.auto.trigger.enabled = true (custom)
2020-11-16 17:31:50,124 [pool-687-thread-1] INFO  server.RaftServerConfigKeys (ConfUtils.java:logGet(44)) - raft.server.snapshot.auto.trigger.threshold = 10000 (custom)
2020-11-16 17:31:50,124 [pool-687-thread-1] INFO  server.RaftServerConfigKeys (ConfUtils.java:logGet(44)) - raft.server.snapshot.retention.file.num = 5 (custom)
2020-11-16 17:31:50,124 [pool-687-thread-1] INFO  server.RaftServerConfigKeys (ConfUtils.java:logGet(44)) - raft.server.log.purge.upto.snapshot.index = false (default)
2020-11-16 17:31:50,125 [pool-687-thread-1] INFO  server.RaftServerConfigKeys (ConfUtils.java:logGet(44)) - raft.server.retrycache.expirytime = 600000ms (custom)
2020-11-16 17:31:50,125 [pool-687-thread-1] INFO  metrics.RatisMetrics (RatisMetrics.java:lambda$create$0(36)) - Creating Metrics Registry : ratis.leader_election.cc30a5ad-4207-4291-85e5-33833db84af4@group-B235807CDCD1
2020-11-16 17:31:50,126 [pool-687-thread-1] INFO  metrics.RatisMetrics (RatisMetrics.java:lambda$create$0(36)) - Creating Metrics Registry : ratis.server.cc30a5ad-4207-4291-85e5-33833db84af4@group-B235807CDCD1
2020-11-16 17:31:50,127 [pool-687-thread-1] INFO  impl.RaftServerImpl (RaftServerImpl.java:start(209)) - cc30a5ad-4207-4291-85e5-33833db84af4@group-B235807CDCD1: start as a follower, conf=-1: [cc30a5ad-4207-4291-85e5-33833db84af4:172.17.0.2:36663:0], old=null
2020-11-16 17:31:50,128 [pool-687-thread-1] INFO  impl.RaftServerImpl (RaftServerImpl.java:setRole(198)) - cc30a5ad-4207-4291-85e5-33833db84af4@group-B235807CDCD1: changes role from      null to FOLLOWER at term 0 for startAsFollower
2020-11-16 17:31:50,128 [pool-687-thread-1] INFO  impl.RoleInfo (RoleInfo.java:updateAndGet(143)) - cc30a5ad-4207-4291-85e5-33833db84af4: start FollowerState
2020-11-16 17:31:50,128 [pool-687-thread-1] INFO  util.JmxRegister (JmxRegister.java:tryRegister(44)) - Successfully registered JMX Bean with object name Ratis:service=RaftServer,group=group-B235807CDCD1,id=cc30a5ad-4207-4291-85e5-33833db84af4
2020-11-16 17:31:50,128 [pool-687-thread-1] INFO  metrics.RatisMetrics (RatisMetrics.java:lambda$create$0(36)) - Creating Metrics Registry : ratis.state_machine.cc30a5ad-4207-4291-85e5-33833db84af4@group-B235807CDCD1
2020-11-16 17:31:50,129 [Command processor thread] INFO  commandhandler.CreatePipelineCommandHandler (CreatePipelineCommandHandler.java:handle(106)) - Created Pipeline RATIS ONE PipelineID=fd540625-bf17-4266-a35c-b235807cdcd1.
2020-11-16 17:31:50,129 [Command processor thread] INFO  impl.RaftServerProxy (RaftServerProxy.java:addNew(92)) - cc30a5ad-4207-4291-85e5-33833db84af4: addNew group-BB1F04BDC3DE:[756efa00-9886-4f2c-af17-99a3a9dc2153:172.17.0.2:34565:0, 7ba08779-98dd-4ee1-a6ca-8386ca3b8fbf:172.17.0.2:34067:0, cc30a5ad-4207-4291-85e5-33833db84af4:172.17.0.2:36663:0] returns group-BB1F04BDC3DE:java.util.concurrent.CompletableFuture@22005cb1[Not completed]
2020-11-16 17:31:50,130 [pool-687-thread-1] INFO  impl.RaftServerImpl (RaftServerImpl.java:<init>(120)) - cc30a5ad-4207-4291-85e5-33833db84af4: new RaftServerImpl for group-BB1F04BDC3DE:[756efa00-9886-4f2c-af17-99a3a9dc2153:172.17.0.2:34565:0, 7ba08779-98dd-4ee1-a6ca-8386ca3b8fbf:172.17.0.2:34067:0, cc30a5ad-4207-4291-85e5-33833db84af4:172.17.0.2:36663:0] with ContainerStateMachine:uninitialized
2020-11-16 17:31:50,130 [pool-687-thread-1] INFO  server.RaftServerConfigKeys (ConfUtils.java:logGet(44)) - raft.server.rpc.timeout.min = 5s (custom)
2020-11-16 17:31:50,130 [pool-687-thread-1] INFO  server.RaftServerConfigKeys (ConfUtils.java:logGet(44)) - raft.server.rpc.timeout.max = 5200ms (custom)
2020-11-16 17:31:50,130 [pool-687-thread-1] INFO  server.RaftServerConfigKeys (ConfUtils.java:logGet(44)) - raft.server.rpcslowness.timeout = 300000ms (custom)
2020-11-16 17:31:50,130 [pool-687-thread-1] INFO  server.RaftServerConfigKeys (ConfUtils.java:logGet(44)) - raft.server.sleep.deviation.threshold = 300 (default)
2020-11-16 17:31:50,130 [pool-687-thread-1] INFO  server.RaftServerConfigKeys (ConfUtils.java:logGet(44)) - raft.server.log.appender.install.snapshot.enabled = false (custom)
2020-11-16 17:31:50,130 [pool-687-thread-1] INFO  impl.RaftServerImpl (ServerState.java:<init>(104)) - cc30a5ad-4207-4291-85e5-33833db84af4@group-BB1F04BDC3DE: ConfigurationManager, init=-1: [756efa00-9886-4f2c-af17-99a3a9dc2153:172.17.0.2:34565:0, 7ba08779-98dd-4ee1-a6ca-8386ca3b8fbf:172.17.0.2:34067:0, cc30a5ad-4207-4291-85e5-33833db84af4:172.17.0.2:36663:0], old=null, confs=<EMPTY_MAP>
2020-11-16 17:31:50,131 [pool-687-thread-1] INFO  server.RaftServerConfigKeys (ConfUtils.java:logGet(44)) - raft.server.storage.dir = [/github/workspace/mnt/ozone/hadoop-ozone/integration-test/target/test-dir/MiniOzoneClusterImpl-7523e9d5-68c3-40ce-b00f-57fa4c553895/datanode-3/data/ratis] (custom)
2020-11-16 17:31:50,131 [pool-687-thread-1] INFO  server.RaftServerConfigKeys (ConfUtils.java:logGet(44)) - raft.server.log.corruption.policy = EXCEPTION (default)
2020-11-16 17:31:50,131 [pool-687-thread-1] INFO  storage.RaftStorageDirectory (RaftStorageDirectory.java:analyzeStorage(261)) - The storage directory /github/workspace/mnt/ozone/hadoop-ozone/integration-test/target/test-dir/MiniOzoneClusterImpl-7523e9d5-68c3-40ce-b00f-57fa4c553895/datanode-3/data/ratis/24132c28-f07d-4eb2-8506-bb1f04bdc3de does not exist. Creating ...
2020-11-16 17:31:50,132 [pool-687-thread-1] INFO  storage.RaftStorageDirectory (RaftStorageDirectory.java:tryLock(343)) - Lock on /github/workspace/mnt/ozone/hadoop-ozone/integration-test/target/test-dir/MiniOzoneClusterImpl-7523e9d5-68c3-40ce-b00f-57fa4c553895/datanode-3/data/ratis/24132c28-f07d-4eb2-8506-bb1f04bdc3de/in_use.lock acquired by nodename 814@17b325b6a691
2020-11-16 17:31:50,134 [pool-687-thread-1] INFO  storage.RaftStorage (RaftStorage.java:format(84)) - Storage directory /github/workspace/mnt/ozone/hadoop-ozone/integration-test/target/test-dir/MiniOzoneClusterImpl-7523e9d5-68c3-40ce-b00f-57fa4c553895/datanode-3/data/ratis/24132c28-f07d-4eb2-8506-bb1f04bdc3de has been successfully formatted.
2020-11-16 17:31:50,134 [pool-687-thread-1] INFO  ratis.ContainerStateMachine (ContainerStateMachine.java:loadSnapshot(225)) - group-BB1F04BDC3DE: The snapshot info is null. Setting the last applied indexto:(t:0, i:~)
2020-11-16 17:31:50,134 [pool-687-thread-1] INFO  server.RaftServerConfigKeys (ConfUtils.java:logGet(44)) - raft.server.notification.no-leader.timeout = 300000ms (custom)
2020-11-16 17:31:50,134 [pool-687-thread-1] INFO  server.RaftServerConfigKeys (ConfUtils.java:logGet(44)) - raft.server.log.use.memory = false (default)
2020-11-16 17:31:50,134 [pool-687-thread-1] INFO  server.RaftServerConfigKeys (ConfUtils.java:logGet(44)) - raft.server.log.purge.gap = 1000000 (custom)
2020-11-16 17:31:50,134 [pool-687-thread-1] INFO  metrics.RatisMetrics (RatisMetrics.java:lambda$create$0(36)) - Creating Metrics Registry : ratis.log_worker.cc30a5ad-4207-4291-85e5-33833db84af4@group-BB1F04BDC3DE
2020-11-16 17:31:50,134 [pool-687-thread-1] INFO  server.RaftServerConfigKeys (ConfUtils.java:logGet(44)) - raft.server.log.appender.buffer.byte-limit = 33554432 (custom)
2020-11-16 17:31:50,135 [pool-687-thread-1] INFO  server.RaftServerConfigKeys (ConfUtils.java:logGet(44)) - raft.server.log.segment.size.max = 1048576 (custom)
2020-11-16 17:31:50,136 [pool-687-thread-1] INFO  server.RaftServerConfigKeys (ConfUtils.java:logGet(44)) - raft.server.log.segment.cache.num.max = 2 (custom)
2020-11-16 17:31:50,136 [pool-687-thread-1] INFO  segmented.SegmentedRaftLogWorker (SegmentedRaftLogWorker.java:<init>(180)) - new cc30a5ad-4207-4291-85e5-33833db84af4@group-BB1F04BDC3DE-SegmentedRaftLogWorker for RaftStorage:Storage Directory /github/workspace/mnt/ozone/hadoop-ozone/integration-test/target/test-dir/MiniOzoneClusterImpl-7523e9d5-68c3-40ce-b00f-57fa4c553895/datanode-3/data/ratis/24132c28-f07d-4eb2-8506-bb1f04bdc3de
2020-11-16 17:31:50,136 [pool-687-thread-1] INFO  server.RaftServerConfigKeys (ConfUtils.java:logGet(44)) - raft.server.log.queue.byte-limit = 2147483647 (custom)
2020-11-16 17:31:50,136 [pool-687-thread-1] INFO  server.RaftServerConfigKeys (ConfUtils.java:logGet(44)) - raft.server.log.queue.element-limit = 1024 (custom)
2020-11-16 17:31:50,136 [pool-687-thread-1] INFO  server.RaftServerConfigKeys (ConfUtils.java:logGet(44)) - raft.server.log.segment.size.max = 1048576 (custom)
2020-11-16 17:31:50,136 [pool-687-thread-1] INFO  server.RaftServerConfigKeys (ConfUtils.java:logGet(44)) - raft.server.log.preallocated.size = 16384 (custom)
2020-11-16 17:31:50,136 [pool-687-thread-1] INFO  server.RaftServerConfigKeys (ConfUtils.java:logGet(44)) - raft.server.log.write.buffer.size = 1048576 (custom)
2020-11-16 17:31:50,136 [pool-687-thread-1] INFO  server.RaftServerConfigKeys (ConfUtils.java:logGet(44)) - raft.server.log.force.sync.num = 128 (default)
2020-11-16 17:31:50,137 [pool-687-thread-1] INFO  server.RaftServerConfigKeys (ConfUtils.java:logGet(44)) - raft.server.log.statemachine.data.sync = true (default)
2020-11-16 17:31:50,137 [pool-687-thread-1] INFO  server.RaftServerConfigKeys (ConfUtils.java:logGet(44)) - raft.server.log.statemachine.data.sync.timeout = 10s (default)
2020-11-16 17:31:50,137 [pool-687-thread-1] INFO  server.RaftServerConfigKeys (ConfUtils.java:logGet(44)) - raft.server.log.statemachine.data.sync.timeout.retry = -1 (default)
2020-11-16 17:31:50,139 [pool-687-thread-1] INFO  server.RaftServerConfigKeys (ConfUtils.java:logGet(44)) - raft.server.log.statemachine.data.caching.enabled = true (custom)
2020-11-16 17:31:50,139 [pool-687-thread-1] INFO  segmented.SegmentedRaftLogWorker (SegmentedRaftLogWorker.java:lambda$new$0(129)) - cc30a5ad-4207-4291-85e5-33833db84af4@group-BB1F04BDC3DE-SegmentedRaftLogWorker: flushIndex: setUnconditionally 0 -> -1
2020-11-16 17:31:50,139 [pool-687-thread-1] INFO  segmented.SegmentedRaftLogWorker (SegmentedRaftLogWorker.java:lambda$new$0(129)) - cc30a5ad-4207-4291-85e5-33833db84af4@group-BB1F04BDC3DE-SegmentedRaftLogWorker: safeCacheEvictIndex: setUnconditionally 0 -> -1
2020-11-16 17:31:50,140 [pool-687-thread-1] INFO  server.RaftServerConfigKeys (ConfUtils.java:logGet(44)) - raft.server.snapshot.auto.trigger.enabled = true (custom)
2020-11-16 17:31:50,140 [pool-687-thread-1] INFO  server.RaftServerConfigKeys (ConfUtils.java:logGet(44)) - raft.server.snapshot.auto.trigger.threshold = 10000 (custom)
2020-11-16 17:31:50,140 [pool-687-thread-1] INFO  server.RaftServerConfigKeys (ConfUtils.java:logGet(44)) - raft.server.snapshot.retention.file.num = 5 (custom)
2020-11-16 17:31:50,140 [pool-687-thread-1] INFO  server.RaftServerConfigKeys (ConfUtils.java:logGet(44)) - raft.server.log.purge.upto.snapshot.index = false (default)
2020-11-16 17:31:50,140 [pool-687-thread-1] INFO  server.RaftServerConfigKeys (ConfUtils.java:logGet(44)) - raft.server.retrycache.expirytime = 600000ms (custom)
2020-11-16 17:31:50,140 [pool-687-thread-1] INFO  metrics.RatisMetrics (RatisMetrics.java:lambda$create$0(36)) - Creating Metrics Registry : ratis.leader_election.cc30a5ad-4207-4291-85e5-33833db84af4@group-BB1F04BDC3DE
2020-11-16 17:31:50,141 [pool-687-thread-1] INFO  metrics.RatisMetrics (RatisMetrics.java:lambda$create$0(36)) - Creating Metrics Registry : ratis.server.cc30a5ad-4207-4291-85e5-33833db84af4@group-BB1F04BDC3DE
2020-11-16 17:31:50,143 [pool-687-thread-1] INFO  impl.RaftServerImpl (RaftServerImpl.java:start(209)) - cc30a5ad-4207-4291-85e5-33833db84af4@group-BB1F04BDC3DE: start as a follower, conf=-1: [756efa00-9886-4f2c-af17-99a3a9dc2153:172.17.0.2:34565:0, 7ba08779-98dd-4ee1-a6ca-8386ca3b8fbf:172.17.0.2:34067:0, cc30a5ad-4207-4291-85e5-33833db84af4:172.17.0.2:36663:0], old=null
2020-11-16 17:31:50,143 [pool-687-thread-1] INFO  impl.RaftServerImpl (RaftServerImpl.java:setRole(198)) - cc30a5ad-4207-4291-85e5-33833db84af4@group-BB1F04BDC3DE: changes role from      null to FOLLOWER at term 0 for startAsFollower
2020-11-16 17:31:50,144 [pool-687-thread-1] INFO  impl.RoleInfo (RoleInfo.java:updateAndGet(143)) - cc30a5ad-4207-4291-85e5-33833db84af4: start FollowerState
2020-11-16 17:31:50,144 [pool-687-thread-1] INFO  util.JmxRegister (JmxRegister.java:tryRegister(44)) - Successfully registered JMX Bean with object name Ratis:service=RaftServer,group=group-BB1F04BDC3DE,id=cc30a5ad-4207-4291-85e5-33833db84af4
2020-11-16 17:31:50,144 [pool-687-thread-1] INFO  metrics.RatisMetrics (RatisMetrics.java:lambda$create$0(36)) - Creating Metrics Registry : ratis.state_machine.cc30a5ad-4207-4291-85e5-33833db84af4@group-BB1F04BDC3DE
2020-11-16 17:31:50,146 [Command processor thread] INFO  metrics.RatisMetrics (RatisMetrics.java:lambda$create$0(36)) - Creating Metrics Registry : ratis.client_message_metrics.client-CE3CEB2E2BBC->7ba08779-98dd-4ee1-a6ca-8386ca3b8fbf
2020-11-16 17:31:50,152 [grpc-default-executor-1] INFO  metrics.RatisMetrics (RatisMetrics.java:lambda$create$0(36)) - Creating Metrics Registry : ratis.server_message_metrics.7ba08779-98dd-4ee1-a6ca-8386ca3b8fbf
2020-11-16 17:31:50,156 [grpc-default-executor-1] INFO  impl.RaftServerProxy (RaftServerProxy.java:addNew(92)) - 7ba08779-98dd-4ee1-a6ca-8386ca3b8fbf: addNew group-BB1F04BDC3DE:[756efa00-9886-4f2c-af17-99a3a9dc2153:172.17.0.2:34565:0, 7ba08779-98dd-4ee1-a6ca-8386ca3b8fbf:172.17.0.2:34067:0, cc30a5ad-4207-4291-85e5-33833db84af4:172.17.0.2:36663:0] returns group-BB1F04BDC3DE:java.util.concurrent.CompletableFuture@3f2663f7[Not completed]
2020-11-16 17:31:50,165 [pool-719-thread-1] INFO  impl.RaftServerImpl (RaftServerImpl.java:<init>(120)) - 7ba08779-98dd-4ee1-a6ca-8386ca3b8fbf: new RaftServerImpl for group-BB1F04BDC3DE:[756efa00-9886-4f2c-af17-99a3a9dc2153:172.17.0.2:34565:0, 7ba08779-98dd-4ee1-a6ca-8386ca3b8fbf:172.17.0.2:34067:0, cc30a5ad-4207-4291-85e5-33833db84af4:172.17.0.2:36663:0] with ContainerStateMachine:uninitialized
2020-11-16 17:31:50,165 [pool-719-thread-1] INFO  server.RaftServerConfigKeys (ConfUtils.java:logGet(44)) - raft.server.rpc.timeout.min = 5s (custom)
2020-11-16 17:31:50,166 [pool-719-thread-1] INFO  server.RaftServerConfigKeys (ConfUtils.java:logGet(44)) - raft.server.rpc.timeout.max = 5200ms (custom)
2020-11-16 17:31:50,166 [pool-719-thread-1] INFO  server.RaftServerConfigKeys (ConfUtils.java:logGet(44)) - raft.server.rpcslowness.timeout = 300000ms (custom)
2020-11-16 17:31:50,166 [pool-719-thread-1] INFO  server.RaftServerConfigKeys (ConfUtils.java:logGet(44)) - raft.server.sleep.deviation.threshold = 300 (default)
2020-11-16 17:31:50,166 [pool-719-thread-1] INFO  server.RaftServerConfigKeys (ConfUtils.java:logGet(44)) - raft.server.log.appender.install.snapshot.enabled = false (custom)
2020-11-16 17:31:50,166 [pool-719-thread-1] INFO  impl.RaftServerImpl (ServerState.java:<init>(104)) - 7ba08779-98dd-4ee1-a6ca-8386ca3b8fbf@group-BB1F04BDC3DE: ConfigurationManager, init=-1: [756efa00-9886-4f2c-af17-99a3a9dc2153:172.17.0.2:34565:0, 7ba08779-98dd-4ee1-a6ca-8386ca3b8fbf:172.17.0.2:34067:0, cc30a5ad-4207-4291-85e5-33833db84af4:172.17.0.2:36663:0], old=null, confs=<EMPTY_MAP>
2020-11-16 17:31:50,166 [pool-719-thread-1] INFO  server.RaftServerConfigKeys (ConfUtils.java:logGet(44)) - raft.server.storage.dir = [/github/workspace/mnt/ozone/hadoop-ozone/integration-test/target/test-dir/MiniOzoneClusterImpl-7523e9d5-68c3-40ce-b00f-57fa4c553895/datanode-5/data/ratis] (custom)
2020-11-16 17:31:50,166 [pool-719-thread-1] INFO  server.RaftServerConfigKeys (ConfUtils.java:logGet(44)) - raft.server.log.corruption.policy = EXCEPTION (default)
2020-11-16 17:31:50,168 [pool-719-thread-1] INFO  storage.RaftStorageDirectory (RaftStorageDirectory.java:analyzeStorage(261)) - The storage directory /github/workspace/mnt/ozone/hadoop-ozone/integration-test/target/test-dir/MiniOzoneClusterImpl-7523e9d5-68c3-40ce-b00f-57fa4c553895/datanode-5/data/ratis/24132c28-f07d-4eb2-8506-bb1f04bdc3de does not exist. Creating ...
2020-11-16 17:31:50,170 [pool-719-thread-1] INFO  storage.RaftStorageDirectory (RaftStorageDirectory.java:tryLock(343)) - Lock on /github/workspace/mnt/ozone/hadoop-ozone/integration-test/target/test-dir/MiniOzoneClusterImpl-7523e9d5-68c3-40ce-b00f-57fa4c553895/datanode-5/data/ratis/24132c28-f07d-4eb2-8506-bb1f04bdc3de/in_use.lock acquired by nodename 814@17b325b6a691
2020-11-16 17:31:50,172 [pool-719-thread-1] INFO  storage.RaftStorage (RaftStorage.java:format(84)) - Storage directory /github/workspace/mnt/ozone/hadoop-ozone/integration-test/target/test-dir/MiniOzoneClusterImpl-7523e9d5-68c3-40ce-b00f-57fa4c553895/datanode-5/data/ratis/24132c28-f07d-4eb2-8506-bb1f04bdc3de has been successfully formatted.
2020-11-16 17:31:50,174 [pool-719-thread-1] INFO  ratis.ContainerStateMachine (ContainerStateMachine.java:loadSnapshot(225)) - group-BB1F04BDC3DE: The snapshot info is null. Setting the last applied indexto:(t:0, i:~)
2020-11-16 17:31:50,174 [pool-719-thread-1] INFO  server.RaftServerConfigKeys (ConfUtils.java:logGet(44)) - raft.server.notification.no-leader.timeout = 300000ms (custom)
2020-11-16 17:31:50,174 [pool-719-thread-1] INFO  server.RaftServerConfigKeys (ConfUtils.java:logGet(44)) - raft.server.log.use.memory = false (default)
2020-11-16 17:31:50,174 [pool-719-thread-1] INFO  server.RaftServerConfigKeys (ConfUtils.java:logGet(44)) - raft.server.log.purge.gap = 1000000 (custom)
2020-11-16 17:31:50,174 [pool-719-thread-1] INFO  metrics.RatisMetrics (RatisMetrics.java:lambda$create$0(36)) - Creating Metrics Registry : ratis.log_worker.7ba08779-98dd-4ee1-a6ca-8386ca3b8fbf@group-BB1F04BDC3DE
2020-11-16 17:31:50,174 [pool-719-thread-1] INFO  server.RaftServerConfigKeys (ConfUtils.java:logGet(44)) - raft.server.log.appender.buffer.byte-limit = 33554432 (custom)
2020-11-16 17:31:50,174 [pool-719-thread-1] INFO  server.RaftServerConfigKeys (ConfUtils.java:logGet(44)) - raft.server.log.segment.size.max = 1048576 (custom)
2020-11-16 17:31:50,175 [pool-719-thread-1] INFO  server.RaftServerConfigKeys (ConfUtils.java:logGet(44)) - raft.server.log.segment.cache.num.max = 2 (custom)
2020-11-16 17:31:50,175 [pool-719-thread-1] INFO  segmented.SegmentedRaftLogWorker (SegmentedRaftLogWorker.java:<init>(180)) - new 7ba08779-98dd-4ee1-a6ca-8386ca3b8fbf@group-BB1F04BDC3DE-SegmentedRaftLogWorker for RaftStorage:Storage Directory /github/workspace/mnt/ozone/hadoop-ozone/integration-test/target/test-dir/MiniOzoneClusterImpl-7523e9d5-68c3-40ce-b00f-57fa4c553895/datanode-5/data/ratis/24132c28-f07d-4eb2-8506-bb1f04bdc3de
2020-11-16 17:31:50,175 [pool-719-thread-1] INFO  server.RaftServerConfigKeys (ConfUtils.java:logGet(44)) - raft.server.log.queue.byte-limit = 2147483647 (custom)
2020-11-16 17:31:50,176 [pool-719-thread-1] INFO  server.RaftServerConfigKeys (ConfUtils.java:logGet(44)) - raft.server.log.queue.element-limit = 1024 (custom)
2020-11-16 17:31:50,176 [pool-719-thread-1] INFO  server.RaftServerConfigKeys (ConfUtils.java:logGet(44)) - raft.server.log.segment.size.max = 1048576 (custom)
2020-11-16 17:31:50,176 [pool-719-thread-1] INFO  server.RaftServerConfigKeys (ConfUtils.java:logGet(44)) - raft.server.log.preallocated.size = 16384 (custom)
2020-11-16 17:31:50,176 [pool-719-thread-1] INFO  server.RaftServerConfigKeys (ConfUtils.java:logGet(44)) - raft.server.log.write.buffer.size = 1048576 (custom)
2020-11-16 17:31:50,176 [pool-719-thread-1] INFO  server.RaftServerConfigKeys (ConfUtils.java:logGet(44)) - raft.server.log.force.sync.num = 128 (default)
2020-11-16 17:31:50,176 [pool-719-thread-1] INFO  server.RaftServerConfigKeys (ConfUtils.java:logGet(44)) - raft.server.log.statemachine.data.sync = true (default)
2020-11-16 17:31:50,176 [pool-719-thread-1] INFO  server.RaftServerConfigKeys (ConfUtils.java:logGet(44)) - raft.server.log.statemachine.data.sync.timeout = 10s (default)
2020-11-16 17:31:50,176 [pool-719-thread-1] INFO  server.RaftServerConfigKeys (ConfUtils.java:logGet(44)) - raft.server.log.statemachine.data.sync.timeout.retry = -1 (default)
2020-11-16 17:31:50,179 [pool-719-thread-1] INFO  server.RaftServerConfigKeys (ConfUtils.java:logGet(44)) - raft.server.log.statemachine.data.caching.enabled = true (custom)
2020-11-16 17:31:50,179 [pool-719-thread-1] INFO  segmented.SegmentedRaftLogWorker (SegmentedRaftLogWorker.java:lambda$new$0(129)) - 7ba08779-98dd-4ee1-a6ca-8386ca3b8fbf@group-BB1F04BDC3DE-SegmentedRaftLogWorker: flushIndex: setUnconditionally 0 -> -1
2020-11-16 17:31:50,179 [pool-719-thread-1] INFO  segmented.SegmentedRaftLogWorker (SegmentedRaftLogWorker.java:lambda$new$0(129)) - 7ba08779-98dd-4ee1-a6ca-8386ca3b8fbf@group-BB1F04BDC3DE-SegmentedRaftLogWorker: safeCacheEvictIndex: setUnconditionally 0 -> -1
2020-11-16 17:31:50,179 [pool-719-thread-1] INFO  server.RaftServerConfigKeys (ConfUtils.java:logGet(44)) - raft.server.snapshot.auto.trigger.enabled = true (custom)
2020-11-16 17:31:50,180 [pool-719-thread-1] INFO  server.RaftServerConfigKeys (ConfUtils.java:logGet(44)) - raft.server.snapshot.auto.trigger.threshold = 10000 (custom)
2020-11-16 17:31:50,180 [pool-719-thread-1] INFO  server.RaftServerConfigKeys (ConfUtils.java:logGet(44)) - raft.server.snapshot.retention.file.num = 5 (custom)
2020-11-16 17:31:50,180 [pool-719-thread-1] INFO  server.RaftServerConfigKeys (ConfUtils.java:logGet(44)) - raft.server.log.purge.upto.snapshot.index = false (default)
2020-11-16 17:31:50,180 [pool-719-thread-1] INFO  server.RaftServerConfigKeys (ConfUtils.java:logGet(44)) - raft.server.retrycache.expirytime = 600000ms (custom)
2020-11-16 17:31:50,180 [pool-719-thread-1] INFO  metrics.RatisMetrics (RatisMetrics.java:lambda$create$0(36)) - Creating Metrics Registry : ratis.leader_election.7ba08779-98dd-4ee1-a6ca-8386ca3b8fbf@group-BB1F04BDC3DE
2020-11-16 17:31:50,180 [pool-719-thread-1] INFO  metrics.RatisMetrics (RatisMetrics.java:lambda$create$0(36)) - Creating Metrics Registry : ratis.server.7ba08779-98dd-4ee1-a6ca-8386ca3b8fbf@group-BB1F04BDC3DE
2020-11-16 17:31:50,182 [pool-719-thread-1] INFO  impl.RaftServerImpl (RaftServerImpl.java:start(209)) - 7ba08779-98dd-4ee1-a6ca-8386ca3b8fbf@group-BB1F04BDC3DE: start as a follower, conf=-1: [756efa00-9886-4f2c-af17-99a3a9dc2153:172.17.0.2:34565:0, 7ba08779-98dd-4ee1-a6ca-8386ca3b8fbf:172.17.0.2:34067:0, cc30a5ad-4207-4291-85e5-33833db84af4:172.17.0.2:36663:0], old=null
2020-11-16 17:31:50,182 [pool-719-thread-1] INFO  impl.RaftServerImpl (RaftServerImpl.java:setRole(198)) - 7ba08779-98dd-4ee1-a6ca-8386ca3b8fbf@group-BB1F04BDC3DE: changes role from      null to FOLLOWER at term 0 for startAsFollower
2020-11-16 17:31:50,182 [pool-719-thread-1] INFO  impl.RoleInfo (RoleInfo.java:updateAndGet(143)) - 7ba08779-98dd-4ee1-a6ca-8386ca3b8fbf: start FollowerState
2020-11-16 17:31:50,182 [pool-719-thread-1] INFO  util.JmxRegister (JmxRegister.java:tryRegister(44)) - Successfully registered JMX Bean with object name Ratis:service=RaftServer,group=group-BB1F04BDC3DE,id=7ba08779-98dd-4ee1-a6ca-8386ca3b8fbf
2020-11-16 17:31:50,182 [pool-719-thread-1] INFO  metrics.RatisMetrics (RatisMetrics.java:lambda$create$0(36)) - Creating Metrics Registry : ratis.state_machine.7ba08779-98dd-4ee1-a6ca-8386ca3b8fbf@group-BB1F04BDC3DE
2020-11-16 17:31:50,191 [Command processor thread] INFO  metrics.RatisMetrics (RatisMetrics.java:lambda$create$0(36)) - Creating Metrics Registry : ratis.client_message_metrics.client-7D6302D61BB3->756efa00-9886-4f2c-af17-99a3a9dc2153
2020-11-16 17:31:50,195 [grpc-default-executor-1] INFO  metrics.RatisMetrics (RatisMetrics.java:lambda$create$0(36)) - Creating Metrics Registry : ratis.server_message_metrics.756efa00-9886-4f2c-af17-99a3a9dc2153
2020-11-16 17:31:50,197 [grpc-default-executor-1] INFO  impl.RaftServerProxy (RaftServerProxy.java:addNew(92)) - 756efa00-9886-4f2c-af17-99a3a9dc2153: addNew group-BB1F04BDC3DE:[756efa00-9886-4f2c-af17-99a3a9dc2153:172.17.0.2:34565:0, 7ba08779-98dd-4ee1-a6ca-8386ca3b8fbf:172.17.0.2:34067:0, cc30a5ad-4207-4291-85e5-33833db84af4:172.17.0.2:36663:0] returns group-BB1F04BDC3DE:java.util.concurrent.CompletableFuture@79b87e8d[Not completed]
2020-11-16 17:31:50,198 [pool-703-thread-1] INFO  impl.RaftServerImpl (RaftServerImpl.java:<init>(120)) - 756efa00-9886-4f2c-af17-99a3a9dc2153: new RaftServerImpl for group-BB1F04BDC3DE:[756efa00-9886-4f2c-af17-99a3a9dc2153:172.17.0.2:34565:0, 7ba08779-98dd-4ee1-a6ca-8386ca3b8fbf:172.17.0.2:34067:0, cc30a5ad-4207-4291-85e5-33833db84af4:172.17.0.2:36663:0] with ContainerStateMachine:uninitialized
2020-11-16 17:31:50,198 [pool-703-thread-1] INFO  server.RaftServerConfigKeys (ConfUtils.java:logGet(44)) - raft.server.rpc.timeout.min = 5s (custom)
2020-11-16 17:31:50,198 [pool-703-thread-1] INFO  server.RaftServerConfigKeys (ConfUtils.java:logGet(44)) - raft.server.rpc.timeout.max = 5200ms (custom)
2020-11-16 17:31:50,199 [pool-703-thread-1] INFO  server.RaftServerConfigKeys (ConfUtils.java:logGet(44)) - raft.server.rpcslowness.timeout = 300000ms (custom)
2020-11-16 17:31:50,199 [pool-703-thread-1] INFO  server.RaftServerConfigKeys (ConfUtils.java:logGet(44)) - raft.server.sleep.deviation.threshold = 300 (default)
2020-11-16 17:31:50,199 [pool-703-thread-1] INFO  server.RaftServerConfigKeys (ConfUtils.java:logGet(44)) - raft.server.log.appender.install.snapshot.enabled = false (custom)
2020-11-16 17:31:50,199 [pool-703-thread-1] INFO  impl.RaftServerImpl (ServerState.java:<init>(104)) - 756efa00-9886-4f2c-af17-99a3a9dc2153@group-BB1F04BDC3DE: ConfigurationManager, init=-1: [756efa00-9886-4f2c-af17-99a3a9dc2153:172.17.0.2:34565:0, 7ba08779-98dd-4ee1-a6ca-8386ca3b8fbf:172.17.0.2:34067:0, cc30a5ad-4207-4291-85e5-33833db84af4:172.17.0.2:36663:0], old=null, confs=<EMPTY_MAP>
2020-11-16 17:31:50,199 [pool-703-thread-1] INFO  server.RaftServerConfigKeys (ConfUtils.java:logGet(44)) - raft.server.storage.dir = [/github/workspace/mnt/ozone/hadoop-ozone/integration-test/target/test-dir/MiniOzoneClusterImpl-7523e9d5-68c3-40ce-b00f-57fa4c553895/datanode-4/data/ratis] (custom)
2020-11-16 17:31:50,199 [pool-703-thread-1] INFO  server.RaftServerConfigKeys (ConfUtils.java:logGet(44)) - raft.server.log.corruption.policy = EXCEPTION (default)
2020-11-16 17:31:50,199 [pool-703-thread-1] INFO  storage.RaftStorageDirectory (RaftStorageDirectory.java:analyzeStorage(261)) - The storage directory /github/workspace/mnt/ozone/hadoop-ozone/integration-test/target/test-dir/MiniOzoneClusterImpl-7523e9d5-68c3-40ce-b00f-57fa4c553895/datanode-4/data/ratis/24132c28-f07d-4eb2-8506-bb1f04bdc3de does not exist. Creating ...
2020-11-16 17:31:50,201 [pool-703-thread-1] INFO  storage.RaftStorageDirectory (RaftStorageDirectory.java:tryLock(343)) - Lock on /github/workspace/mnt/ozone/hadoop-ozone/integration-test/target/test-dir/MiniOzoneClusterImpl-7523e9d5-68c3-40ce-b00f-57fa4c553895/datanode-4/data/ratis/24132c28-f07d-4eb2-8506-bb1f04bdc3de/in_use.lock acquired by nodename 814@17b325b6a691
2020-11-16 17:31:50,202 [pool-703-thread-1] INFO  storage.RaftStorage (RaftStorage.java:format(84)) - Storage directory /github/workspace/mnt/ozone/hadoop-ozone/integration-test/target/test-dir/MiniOzoneClusterImpl-7523e9d5-68c3-40ce-b00f-57fa4c553895/datanode-4/data/ratis/24132c28-f07d-4eb2-8506-bb1f04bdc3de has been successfully formatted.
2020-11-16 17:31:50,203 [pool-703-thread-1] INFO  ratis.ContainerStateMachine (ContainerStateMachine.java:loadSnapshot(225)) - group-BB1F04BDC3DE: The snapshot info is null. Setting the last applied indexto:(t:0, i:~)
2020-11-16 17:31:50,204 [pool-703-thread-1] INFO  server.RaftServerConfigKeys (ConfUtils.java:logGet(44)) - raft.server.notification.no-leader.timeout = 300000ms (custom)
2020-11-16 17:31:50,204 [pool-703-thread-1] INFO  server.RaftServerConfigKeys (ConfUtils.java:logGet(44)) - raft.server.log.use.memory = false (default)
2020-11-16 17:31:50,204 [pool-703-thread-1] INFO  server.RaftServerConfigKeys (ConfUtils.java:logGet(44)) - raft.server.log.purge.gap = 1000000 (custom)
2020-11-16 17:31:50,204 [pool-703-thread-1] INFO  metrics.RatisMetrics (RatisMetrics.java:lambda$create$0(36)) - Creating Metrics Registry : ratis.log_worker.756efa00-9886-4f2c-af17-99a3a9dc2153@group-BB1F04BDC3DE
2020-11-16 17:31:50,204 [pool-703-thread-1] INFO  server.RaftServerConfigKeys (ConfUtils.java:logGet(44)) - raft.server.log.appender.buffer.byte-limit = 33554432 (custom)
2020-11-16 17:31:50,204 [pool-703-thread-1] INFO  server.RaftServerConfigKeys (ConfUtils.java:logGet(44)) - raft.server.log.segment.size.max = 1048576 (custom)
2020-11-16 17:31:50,205 [pool-703-thread-1] INFO  server.RaftServerConfigKeys (ConfUtils.java:logGet(44)) - raft.server.log.segment.cache.num.max = 2 (custom)
2020-11-16 17:31:50,205 [pool-703-thread-1] INFO  segmented.SegmentedRaftLogWorker (SegmentedRaftLogWorker.java:<init>(180)) - new 756efa00-9886-4f2c-af17-99a3a9dc2153@group-BB1F04BDC3DE-SegmentedRaftLogWorker for RaftStorage:Storage Directory /github/workspace/mnt/ozone/hadoop-ozone/integration-test/target/test-dir/MiniOzoneClusterImpl-7523e9d5-68c3-40ce-b00f-57fa4c553895/datanode-4/data/ratis/24132c28-f07d-4eb2-8506-bb1f04bdc3de
2020-11-16 17:31:50,205 [pool-703-thread-1] INFO  server.RaftServerConfigKeys (ConfUtils.java:logGet(44)) - raft.server.log.queue.byte-limit = 2147483647 (custom)
2020-11-16 17:31:50,205 [pool-703-thread-1] INFO  server.RaftServerConfigKeys (ConfUtils.java:logGet(44)) - raft.server.log.queue.element-limit = 1024 (custom)
2020-11-16 17:31:50,205 [pool-703-thread-1] INFO  server.RaftServerConfigKeys (ConfUtils.java:logGet(44)) - raft.server.log.segment.size.max = 1048576 (custom)
2020-11-16 17:31:50,205 [pool-703-thread-1] INFO  server.RaftServerConfigKeys (ConfUtils.java:logGet(44)) - raft.server.log.preallocated.size = 16384 (custom)
2020-11-16 17:31:50,205 [pool-703-thread-1] INFO  server.RaftServerConfigKeys (ConfUtils.java:logGet(44)) - raft.server.log.write.buffer.size = 1048576 (custom)
2020-11-16 17:31:50,206 [pool-703-thread-1] INFO  server.RaftServerConfigKeys (ConfUtils.java:logGet(44)) - raft.server.log.force.sync.num = 128 (default)
2020-11-16 17:31:50,206 [pool-703-thread-1] INFO  server.RaftServerConfigKeys (ConfUtils.java:logGet(44)) - raft.server.log.statemachine.data.sync = true (default)
2020-11-16 17:31:50,206 [pool-703-thread-1] INFO  server.RaftServerConfigKeys (ConfUtils.java:logGet(44)) - raft.server.log.statemachine.data.sync.timeout = 10s (default)
2020-11-16 17:31:50,206 [pool-703-thread-1] INFO  server.RaftServerConfigKeys (ConfUtils.java:logGet(44)) - raft.server.log.statemachine.data.sync.timeout.retry = -1 (default)
2020-11-16 17:31:50,208 [pool-703-thread-1] INFO  server.RaftServerConfigKeys (ConfUtils.java:logGet(44)) - raft.server.log.statemachine.data.caching.enabled = true (custom)
2020-11-16 17:31:50,208 [pool-703-thread-1] INFO  segmented.SegmentedRaftLogWorker (SegmentedRaftLogWorker.java:lambda$new$0(129)) - 756efa00-9886-4f2c-af17-99a3a9dc2153@group-BB1F04BDC3DE-SegmentedRaftLogWorker: flushIndex: setUnconditionally 0 -> -1
2020-11-16 17:31:50,208 [pool-703-thread-1] INFO  segmented.SegmentedRaftLogWorker (SegmentedRaftLogWorker.java:lambda$new$0(129)) - 756efa00-9886-4f2c-af17-99a3a9dc2153@group-BB1F04BDC3DE-SegmentedRaftLogWorker: safeCacheEvictIndex: setUnconditionally 0 -> -1
2020-11-16 17:31:50,211 [pool-703-thread-1] INFO  server.RaftServerConfigKeys (ConfUtils.java:logGet(44)) - raft.server.snapshot.auto.trigger.enabled = true (custom)
2020-11-16 17:31:50,211 [pool-703-thread-1] INFO  server.RaftServerConfigKeys (ConfUtils.java:logGet(44)) - raft.server.snapshot.auto.trigger.threshold = 10000 (custom)
2020-11-16 17:31:50,211 [pool-703-thread-1] INFO  server.RaftServerConfigKeys (ConfUtils.java:logGet(44)) - raft.server.snapshot.retention.file.num = 5 (custom)
2020-11-16 17:31:50,211 [pool-703-thread-1] INFO  server.RaftServerConfigKeys (ConfUtils.java:logGet(44)) - raft.server.log.purge.upto.snapshot.index = false (default)
2020-11-16 17:31:50,211 [pool-703-thread-1] INFO  server.RaftServerConfigKeys (ConfUtils.java:logGet(44)) - raft.server.retrycache.expirytime = 600000ms (custom)
2020-11-16 17:31:50,211 [pool-703-thread-1] INFO  metrics.RatisMetrics (RatisMetrics.java:lambda$create$0(36)) - Creating Metrics Registry : ratis.leader_election.756efa00-9886-4f2c-af17-99a3a9dc2153@group-BB1F04BDC3DE
2020-11-16 17:31:50,212 [pool-703-thread-1] INFO  metrics.RatisMetrics (RatisMetrics.java:lambda$create$0(36)) - Creating Metrics Registry : ratis.server.756efa00-9886-4f2c-af17-99a3a9dc2153@group-BB1F04BDC3DE
2020-11-16 17:31:50,214 [pool-703-thread-1] INFO  impl.RaftServerImpl (RaftServerImpl.java:start(209)) - 756efa00-9886-4f2c-af17-99a3a9dc2153@group-BB1F04BDC3DE: start as a follower, conf=-1: [756efa00-9886-4f2c-af17-99a3a9dc2153:172.17.0.2:34565:0, 7ba08779-98dd-4ee1-a6ca-8386ca3b8fbf:172.17.0.2:34067:0, cc30a5ad-4207-4291-85e5-33833db84af4:172.17.0.2:36663:0], old=null
2020-11-16 17:31:50,214 [pool-703-thread-1] INFO  impl.RaftServerImpl (RaftServerImpl.java:setRole(198)) - 756efa00-9886-4f2c-af17-99a3a9dc2153@group-BB1F04BDC3DE: changes role from      null to FOLLOWER at term 0 for startAsFollower
2020-11-16 17:31:50,214 [pool-703-thread-1] INFO  impl.RoleInfo (RoleInfo.java:updateAndGet(143)) - 756efa00-9886-4f2c-af17-99a3a9dc2153: start FollowerState
2020-11-16 17:31:50,215 [pool-703-thread-1] INFO  util.JmxRegister (JmxRegister.java:tryRegister(44)) - Successfully registered JMX Bean with object name Ratis:service=RaftServer,group=group-BB1F04BDC3DE,id=756efa00-9886-4f2c-af17-99a3a9dc2153
2020-11-16 17:31:50,215 [pool-703-thread-1] INFO  metrics.RatisMetrics (RatisMetrics.java:lambda$create$0(36)) - Creating Metrics Registry : ratis.state_machine.756efa00-9886-4f2c-af17-99a3a9dc2153@group-BB1F04BDC3DE
2020-11-16 17:31:50,224 [Command processor thread] INFO  commandhandler.CreatePipelineCommandHandler (CreatePipelineCommandHandler.java:handle(106)) - Created Pipeline RATIS THREE PipelineID=24132c28-f07d-4eb2-8506-bb1f04bdc3de.
2020-11-16 17:31:50,224 [Command processor thread] INFO  impl.RaftServerProxy (RaftServerProxy.java:addNew(92)) - cc30a5ad-4207-4291-85e5-33833db84af4: addNew group-86BCF01837AD:[756efa00-9886-4f2c-af17-99a3a9dc2153:172.17.0.2:34565:0, 7ba08779-98dd-4ee1-a6ca-8386ca3b8fbf:172.17.0.2:34067:0, cc30a5ad-4207-4291-85e5-33833db84af4:172.17.0.2:36663:0] returns group-86BCF01837AD:java.util.concurrent.CompletableFuture@3e21f251[Not completed]
2020-11-16 17:31:50,225 [pool-687-thread-1] INFO  impl.RaftServerImpl (RaftServerImpl.java:<init>(120)) - cc30a5ad-4207-4291-85e5-33833db84af4: new RaftServerImpl for group-86BCF01837AD:[756efa00-9886-4f2c-af17-99a3a9dc2153:172.17.0.2:34565:0, 7ba08779-98dd-4ee1-a6ca-8386ca3b8fbf:172.17.0.2:34067:0, cc30a5ad-4207-4291-85e5-33833db84af4:172.17.0.2:36663:0] with ContainerStateMachine:uninitialized
2020-11-16 17:31:50,225 [pool-687-thread-1] INFO  server.RaftServerConfigKeys (ConfUtils.java:logGet(44)) - raft.server.rpc.timeout.min = 5s (custom)
2020-11-16 17:31:50,225 [pool-687-thread-1] INFO  server.RaftServerConfigKeys (ConfUtils.java:logGet(44)) - raft.server.rpc.timeout.max = 5200ms (custom)
2020-11-16 17:31:50,225 [pool-687-thread-1] INFO  server.RaftServerConfigKeys (ConfUtils.java:logGet(44)) - raft.server.rpcslowness.timeout = 300000ms (custom)
2020-11-16 17:31:50,225 [pool-687-thread-1] INFO  server.RaftServerConfigKeys (ConfUtils.java:logGet(44)) - raft.server.sleep.deviation.threshold = 300 (default)
2020-11-16 17:31:50,225 [pool-687-thread-1] INFO  server.RaftServerConfigKeys (ConfUtils.java:logGet(44)) - raft.server.log.appender.install.snapshot.enabled = false (custom)
2020-11-16 17:31:50,225 [pool-687-thread-1] INFO  impl.RaftServerImpl (ServerState.java:<init>(104)) - cc30a5ad-4207-4291-85e5-33833db84af4@group-86BCF01837AD: ConfigurationManager, init=-1: [756efa00-9886-4f2c-af17-99a3a9dc2153:172.17.0.2:34565:0, 7ba08779-98dd-4ee1-a6ca-8386ca3b8fbf:172.17.0.2:34067:0, cc30a5ad-4207-4291-85e5-33833db84af4:172.17.0.2:36663:0], old=null, confs=<EMPTY_MAP>
2020-11-16 17:31:50,225 [pool-687-thread-1] INFO  server.RaftServerConfigKeys (ConfUtils.java:logGet(44)) - raft.server.storage.dir = [/github/workspace/mnt/ozone/hadoop-ozone/integration-test/target/test-dir/MiniOzoneClusterImpl-7523e9d5-68c3-40ce-b00f-57fa4c553895/datanode-3/data/ratis] (custom)
2020-11-16 17:31:50,225 [pool-687-thread-1] INFO  server.RaftServerConfigKeys (ConfUtils.java:logGet(44)) - raft.server.log.corruption.policy = EXCEPTION (default)
2020-11-16 17:31:50,226 [pool-687-thread-1] INFO  storage.RaftStorageDirectory (RaftStorageDirectory.java:analyzeStorage(261)) - The storage directory /github/workspace/mnt/ozone/hadoop-ozone/integration-test/target/test-dir/MiniOzoneClusterImpl-7523e9d5-68c3-40ce-b00f-57fa4c553895/datanode-3/data/ratis/777897be-e92b-4fe4-a6ef-86bcf01837ad does not exist. Creating ...
2020-11-16 17:31:50,227 [pool-687-thread-1] INFO  storage.RaftStorageDirectory (RaftStorageDirectory.java:tryLock(343)) - Lock on /github/workspace/mnt/ozone/hadoop-ozone/integration-test/target/test-dir/MiniOzoneClusterImpl-7523e9d5-68c3-40ce-b00f-57fa4c553895/datanode-3/data/ratis/777897be-e92b-4fe4-a6ef-86bcf01837ad/in_use.lock acquired by nodename 814@17b325b6a691
2020-11-16 17:31:50,229 [pool-687-thread-1] INFO  storage.RaftStorage (RaftStorage.java:format(84)) - Storage directory /github/workspace/mnt/ozone/hadoop-ozone/integration-test/target/test-dir/MiniOzoneClusterImpl-7523e9d5-68c3-40ce-b00f-57fa4c553895/datanode-3/data/ratis/777897be-e92b-4fe4-a6ef-86bcf01837ad has been successfully formatted.
2020-11-16 17:31:50,229 [pool-687-thread-1] INFO  ratis.ContainerStateMachine (ContainerStateMachine.java:loadSnapshot(225)) - group-86BCF01837AD: The snapshot info is null. Setting the last applied indexto:(t:0, i:~)
2020-11-16 17:31:50,229 [pool-687-thread-1] INFO  server.RaftServerConfigKeys (ConfUtils.java:logGet(44)) - raft.server.notification.no-leader.timeout = 300000ms (custom)
2020-11-16 17:31:50,229 [pool-687-thread-1] INFO  server.RaftServerConfigKeys (ConfUtils.java:logGet(44)) - raft.server.log.use.memory = false (default)
2020-11-16 17:31:50,230 [pool-687-thread-1] INFO  server.RaftServerConfigKeys (ConfUtils.java:logGet(44)) - raft.server.log.purge.gap = 1000000 (custom)
2020-11-16 17:31:50,230 [pool-687-thread-1] INFO  metrics.RatisMetrics (RatisMetrics.java:lambda$create$0(36)) - Creating Metrics Registry : ratis.log_worker.cc30a5ad-4207-4291-85e5-33833db84af4@group-86BCF01837AD
2020-11-16 17:31:50,230 [pool-687-thread-1] INFO  server.RaftServerConfigKeys (ConfUtils.java:logGet(44)) - raft.server.log.appender.buffer.byte-limit = 33554432 (custom)
2020-11-16 17:31:50,230 [pool-687-thread-1] INFO  server.RaftServerConfigKeys (ConfUtils.java:logGet(44)) - raft.server.log.segment.size.max = 1048576 (custom)
2020-11-16 17:31:50,231 [pool-687-thread-1] INFO  server.RaftServerConfigKeys (ConfUtils.java:logGet(44)) - raft.server.log.segment.cache.num.max = 2 (custom)
2020-11-16 17:31:50,231 [pool-687-thread-1] INFO  segmented.SegmentedRaftLogWorker (SegmentedRaftLogWorker.java:<init>(180)) - new cc30a5ad-4207-4291-85e5-33833db84af4@group-86BCF01837AD-SegmentedRaftLogWorker for RaftStorage:Storage Directory /github/workspace/mnt/ozone/hadoop-ozone/integration-test/target/test-dir/MiniOzoneClusterImpl-7523e9d5-68c3-40ce-b00f-57fa4c553895/datanode-3/data/ratis/777897be-e92b-4fe4-a6ef-86bcf01837ad
2020-11-16 17:31:50,231 [pool-687-thread-1] INFO  server.RaftServerConfigKeys (ConfUtils.java:logGet(44)) - raft.server.log.queue.byte-limit = 2147483647 (custom)
2020-11-16 17:31:50,231 [pool-687-thread-1] INFO  server.RaftServerConfigKeys (ConfUtils.java:logGet(44)) - raft.server.log.queue.element-limit = 1024 (custom)
2020-11-16 17:31:50,231 [pool-687-thread-1] INFO  server.RaftServerConfigKeys (ConfUtils.java:logGet(44)) - raft.server.log.segment.size.max = 1048576 (custom)
2020-11-16 17:31:50,231 [pool-687-thread-1] INFO  server.RaftServerConfigKeys (ConfUtils.java:logGet(44)) - raft.server.log.preallocated.size = 16384 (custom)
2020-11-16 17:31:50,231 [pool-687-thread-1] INFO  server.RaftServerConfigKeys (ConfUtils.java:logGet(44)) - raft.server.log.write.buffer.size = 1048576 (custom)
2020-11-16 17:31:50,231 [pool-687-thread-1] INFO  server.RaftServerConfigKeys (ConfUtils.java:logGet(44)) - raft.server.log.force.sync.num = 128 (default)
2020-11-16 17:31:50,231 [pool-687-thread-1] INFO  server.RaftServerConfigKeys (ConfUtils.java:logGet(44)) - raft.server.log.statemachine.data.sync = true (default)
2020-11-16 17:31:50,232 [pool-687-thread-1] INFO  server.RaftServerConfigKeys (ConfUtils.java:logGet(44)) - raft.server.log.statemachine.data.sync.timeout = 10s (default)
2020-11-16 17:31:50,232 [pool-687-thread-1] INFO  server.RaftServerConfigKeys (ConfUtils.java:logGet(44)) - raft.server.log.statemachine.data.sync.timeout.retry = -1 (default)
2020-11-16 17:31:50,234 [pool-687-thread-1] INFO  server.RaftServerConfigKeys (ConfUtils.java:logGet(44)) - raft.server.log.statemachine.data.caching.enabled = true (custom)
2020-11-16 17:31:50,235 [pool-687-thread-1] INFO  segmented.SegmentedRaftLogWorker (SegmentedRaftLogWorker.java:lambda$new$0(129)) - cc30a5ad-4207-4291-85e5-33833db84af4@group-86BCF01837AD-SegmentedRaftLogWorker: flushIndex: setUnconditionally 0 -> -1
2020-11-16 17:31:50,235 [pool-687-thread-1] INFO  segmented.SegmentedRaftLogWorker (SegmentedRaftLogWorker.java:lambda$new$0(129)) - cc30a5ad-4207-4291-85e5-33833db84af4@group-86BCF01837AD-SegmentedRaftLogWorker: safeCacheEvictIndex: setUnconditionally 0 -> -1
2020-11-16 17:31:50,235 [pool-687-thread-1] INFO  server.RaftServerConfigKeys (ConfUtils.java:logGet(44)) - raft.server.snapshot.auto.trigger.enabled = true (custom)
2020-11-16 17:31:50,235 [pool-687-thread-1] INFO  server.RaftServerConfigKeys (ConfUtils.java:logGet(44)) - raft.server.snapshot.auto.trigger.threshold = 10000 (custom)
2020-11-16 17:31:50,235 [pool-687-thread-1] INFO  server.RaftServerConfigKeys (ConfUtils.java:logGet(44)) - raft.server.snapshot.retention.file.num = 5 (custom)
2020-11-16 17:31:50,235 [pool-687-thread-1] INFO  server.RaftServerConfigKeys (ConfUtils.java:logGet(44)) - raft.server.log.purge.upto.snapshot.index = false (default)
2020-11-16 17:31:50,235 [pool-687-thread-1] INFO  server.RaftServerConfigKeys (ConfUtils.java:logGet(44)) - raft.server.retrycache.expirytime = 600000ms (custom)
2020-11-16 17:31:50,235 [pool-687-thread-1] INFO  metrics.RatisMetrics (RatisMetrics.java:lambda$create$0(36)) - Creating Metrics Registry : ratis.leader_election.cc30a5ad-4207-4291-85e5-33833db84af4@group-86BCF01837AD
2020-11-16 17:31:50,236 [pool-687-thread-1] INFO  metrics.RatisMetrics (RatisMetrics.java:lambda$create$0(36)) - Creating Metrics Registry : ratis.server.cc30a5ad-4207-4291-85e5-33833db84af4@group-86BCF01837AD
2020-11-16 17:31:50,237 [pool-687-thread-1] INFO  impl.RaftServerImpl (RaftServerImpl.java:start(209)) - cc30a5ad-4207-4291-85e5-33833db84af4@group-86BCF01837AD: start as a follower, conf=-1: [756efa00-9886-4f2c-af17-99a3a9dc2153:172.17.0.2:34565:0, 7ba08779-98dd-4ee1-a6ca-8386ca3b8fbf:172.17.0.2:34067:0, cc30a5ad-4207-4291-85e5-33833db84af4:172.17.0.2:36663:0], old=null
2020-11-16 17:31:50,238 [pool-687-thread-1] INFO  impl.RaftServerImpl (RaftServerImpl.java:setRole(198)) - cc30a5ad-4207-4291-85e5-33833db84af4@group-86BCF01837AD: changes role from      null to FOLLOWER at term 0 for startAsFollower
2020-11-16 17:31:50,238 [pool-687-thread-1] INFO  impl.RoleInfo (RoleInfo.java:updateAndGet(143)) - cc30a5ad-4207-4291-85e5-33833db84af4: start FollowerState
2020-11-16 17:31:50,238 [pool-687-thread-1] INFO  util.JmxRegister (JmxRegister.java:tryRegister(44)) - Successfully registered JMX Bean with object name Ratis:service=RaftServer,group=group-86BCF01837AD,id=cc30a5ad-4207-4291-85e5-33833db84af4
2020-11-16 17:31:50,238 [pool-687-thread-1] INFO  metrics.RatisMetrics (RatisMetrics.java:lambda$create$0(36)) - Creating Metrics Registry : ratis.state_machine.cc30a5ad-4207-4291-85e5-33833db84af4@group-86BCF01837AD
2020-11-16 17:31:50,240 [Command processor thread] INFO  metrics.RatisMetrics (RatisMetrics.java:lambda$create$0(36)) - Creating Metrics Registry : ratis.client_message_metrics.client-9D47D51F076B->7ba08779-98dd-4ee1-a6ca-8386ca3b8fbf
2020-11-16 17:31:50,245 [grpc-default-executor-1] INFO  impl.RaftServerProxy (RaftServerProxy.java:addNew(92)) - 7ba08779-98dd-4ee1-a6ca-8386ca3b8fbf: addNew group-86BCF01837AD:[756efa00-9886-4f2c-af17-99a3a9dc2153:172.17.0.2:34565:0, 7ba08779-98dd-4ee1-a6ca-8386ca3b8fbf:172.17.0.2:34067:0, cc30a5ad-4207-4291-85e5-33833db84af4:172.17.0.2:36663:0] returns group-86BCF01837AD:java.util.concurrent.CompletableFuture@2f90164f[Not completed]
2020-11-16 17:31:50,246 [pool-719-thread-1] INFO  impl.RaftServerImpl (RaftServerImpl.java:<init>(120)) - 7ba08779-98dd-4ee1-a6ca-8386ca3b8fbf: new RaftServerImpl for group-86BCF01837AD:[756efa00-9886-4f2c-af17-99a3a9dc2153:172.17.0.2:34565:0, 7ba08779-98dd-4ee1-a6ca-8386ca3b8fbf:172.17.0.2:34067:0, cc30a5ad-4207-4291-85e5-33833db84af4:172.17.0.2:36663:0] with ContainerStateMachine:uninitialized
2020-11-16 17:31:50,246 [pool-719-thread-1] INFO  server.RaftServerConfigKeys (ConfUtils.java:logGet(44)) - raft.server.rpc.timeout.min = 5s (custom)
2020-11-16 17:31:50,246 [pool-719-thread-1] INFO  server.RaftServerConfigKeys (ConfUtils.java:logGet(44)) - raft.server.rpc.timeout.max = 5200ms (custom)
2020-11-16 17:31:50,246 [pool-719-thread-1] INFO  server.RaftServerConfigKeys (ConfUtils.java:logGet(44)) - raft.server.rpcslowness.timeout = 300000ms (custom)
2020-11-16 17:31:50,246 [pool-719-thread-1] INFO  server.RaftServerConfigKeys (ConfUtils.java:logGet(44)) - raft.server.sleep.deviation.threshold = 300 (default)
2020-11-16 17:31:50,246 [pool-719-thread-1] INFO  server.RaftServerConfigKeys (ConfUtils.java:logGet(44)) - raft.server.log.appender.install.snapshot.enabled = false (custom)
2020-11-16 17:31:50,246 [pool-719-thread-1] INFO  impl.RaftServerImpl (ServerState.java:<init>(104)) - 7ba08779-98dd-4ee1-a6ca-8386ca3b8fbf@group-86BCF01837AD: ConfigurationManager, init=-1: [756efa00-9886-4f2c-af17-99a3a9dc2153:172.17.0.2:34565:0, 7ba08779-98dd-4ee1-a6ca-8386ca3b8fbf:172.17.0.2:34067:0, cc30a5ad-4207-4291-85e5-33833db84af4:172.17.0.2:36663:0], old=null, confs=<EMPTY_MAP>
2020-11-16 17:31:50,246 [pool-719-thread-1] INFO  server.RaftServerConfigKeys (ConfUtils.java:logGet(44)) - raft.server.storage.dir = [/github/workspace/mnt/ozone/hadoop-ozone/integration-test/target/test-dir/MiniOzoneClusterImpl-7523e9d5-68c3-40ce-b00f-57fa4c553895/datanode-5/data/ratis] (custom)
2020-11-16 17:31:50,246 [pool-719-thread-1] INFO  server.RaftServerConfigKeys (ConfUtils.java:logGet(44)) - raft.server.log.corruption.policy = EXCEPTION (default)
2020-11-16 17:31:50,247 [pool-719-thread-1] INFO  storage.RaftStorageDirectory (RaftStorageDirectory.java:analyzeStorage(261)) - The storage directory /github/workspace/mnt/ozone/hadoop-ozone/integration-test/target/test-dir/MiniOzoneClusterImpl-7523e9d5-68c3-40ce-b00f-57fa4c553895/datanode-5/data/ratis/777897be-e92b-4fe4-a6ef-86bcf01837ad does not exist. Creating ...
2020-11-16 17:31:50,248 [pool-719-thread-1] INFO  storage.RaftStorageDirectory (RaftStorageDirectory.java:tryLock(343)) - Lock on /github/workspace/mnt/ozone/hadoop-ozone/integration-test/target/test-dir/MiniOzoneClusterImpl-7523e9d5-68c3-40ce-b00f-57fa4c553895/datanode-5/data/ratis/777897be-e92b-4fe4-a6ef-86bcf01837ad/in_use.lock acquired by nodename 814@17b325b6a691
2020-11-16 17:31:50,249 [pool-719-thread-1] INFO  storage.RaftStorage (RaftStorage.java:format(84)) - Storage directory /github/workspace/mnt/ozone/hadoop-ozone/integration-test/target/test-dir/MiniOzoneClusterImpl-7523e9d5-68c3-40ce-b00f-57fa4c553895/datanode-5/data/ratis/777897be-e92b-4fe4-a6ef-86bcf01837ad has been successfully formatted.
2020-11-16 17:31:50,249 [pool-719-thread-1] INFO  ratis.ContainerStateMachine (ContainerStateMachine.java:loadSnapshot(225)) - group-86BCF01837AD: The snapshot info is null. Setting the last applied indexto:(t:0, i:~)
2020-11-16 17:31:50,250 [pool-719-thread-1] INFO  server.RaftServerConfigKeys (ConfUtils.java:logGet(44)) - raft.server.notification.no-leader.timeout = 300000ms (custom)
2020-11-16 17:31:50,250 [pool-719-thread-1] INFO  server.RaftServerConfigKeys (ConfUtils.java:logGet(44)) - raft.server.log.use.memory = false (default)
2020-11-16 17:31:50,250 [pool-719-thread-1] INFO  server.RaftServerConfigKeys (ConfUtils.java:logGet(44)) - raft.server.log.purge.gap = 1000000 (custom)
2020-11-16 17:31:50,250 [pool-719-thread-1] INFO  metrics.RatisMetrics (RatisMetrics.java:lambda$create$0(36)) - Creating Metrics Registry : ratis.log_worker.7ba08779-98dd-4ee1-a6ca-8386ca3b8fbf@group-86BCF01837AD
2020-11-16 17:31:50,250 [pool-719-thread-1] INFO  server.RaftServerConfigKeys (ConfUtils.java:logGet(44)) - raft.server.log.appender.buffer.byte-limit = 33554432 (custom)
2020-11-16 17:31:50,250 [pool-719-thread-1] INFO  server.RaftServerConfigKeys (ConfUtils.java:logGet(44)) - raft.server.log.segment.size.max = 1048576 (custom)
2020-11-16 17:31:50,251 [pool-719-thread-1] INFO  server.RaftServerConfigKeys (ConfUtils.java:logGet(44)) - raft.server.log.segment.cache.num.max = 2 (custom)
2020-11-16 17:31:50,251 [pool-719-thread-1] INFO  segmented.SegmentedRaftLogWorker (SegmentedRaftLogWorker.java:<init>(180)) - new 7ba08779-98dd-4ee1-a6ca-8386ca3b8fbf@group-86BCF01837AD-SegmentedRaftLogWorker for RaftStorage:Storage Directory /github/workspace/mnt/ozone/hadoop-ozone/integration-test/target/test-dir/MiniOzoneClusterImpl-7523e9d5-68c3-40ce-b00f-57fa4c553895/datanode-5/data/ratis/777897be-e92b-4fe4-a6ef-86bcf01837ad
2020-11-16 17:31:50,251 [pool-719-thread-1] INFO  server.RaftServerConfigKeys (ConfUtils.java:logGet(44)) - raft.server.log.queue.byte-limit = 2147483647 (custom)
2020-11-16 17:31:50,251 [pool-719-thread-1] INFO  server.RaftServerConfigKeys (ConfUtils.java:logGet(44)) - raft.server.log.queue.element-limit = 1024 (custom)
2020-11-16 17:31:50,251 [pool-719-thread-1] INFO  server.RaftServerConfigKeys (ConfUtils.java:logGet(44)) - raft.server.log.segment.size.max = 1048576 (custom)
2020-11-16 17:31:50,252 [pool-719-thread-1] INFO  server.RaftServerConfigKeys (ConfUtils.java:logGet(44)) - raft.server.log.preallocated.size = 16384 (custom)
2020-11-16 17:31:50,252 [pool-719-thread-1] INFO  server.RaftServerConfigKeys (ConfUtils.java:logGet(44)) - raft.server.log.write.buffer.size = 1048576 (custom)
2020-11-16 17:31:50,252 [pool-719-thread-1] INFO  server.RaftServerConfigKeys (ConfUtils.java:logGet(44)) - raft.server.log.force.sync.num = 128 (default)
2020-11-16 17:31:50,252 [pool-719-thread-1] INFO  server.RaftServerConfigKeys (ConfUtils.java:logGet(44)) - raft.server.log.statemachine.data.sync = true (default)
2020-11-16 17:31:50,252 [pool-719-thread-1] INFO  server.RaftServerConfigKeys (ConfUtils.java:logGet(44)) - raft.server.log.statemachine.data.sync.timeout = 10s (default)
2020-11-16 17:31:50,252 [pool-719-thread-1] INFO  server.RaftServerConfigKeys (ConfUtils.java:logGet(44)) - raft.server.log.statemachine.data.sync.timeout.retry = -1 (default)
2020-11-16 17:31:50,254 [pool-719-thread-1] INFO  server.RaftServerConfigKeys (ConfUtils.java:logGet(44)) - raft.server.log.statemachine.data.caching.enabled = true (custom)
2020-11-16 17:31:50,254 [pool-719-thread-1] INFO  segmented.SegmentedRaftLogWorker (SegmentedRaftLogWorker.java:lambda$new$0(129)) - 7ba08779-98dd-4ee1-a6ca-8386ca3b8fbf@group-86BCF01837AD-SegmentedRaftLogWorker: flushIndex: setUnconditionally 0 -> -1
2020-11-16 17:31:50,254 [pool-719-thread-1] INFO  segmented.SegmentedRaftLogWorker (SegmentedRaftLogWorker.java:lambda$new$0(129)) - 7ba08779-98dd-4ee1-a6ca-8386ca3b8fbf@group-86BCF01837AD-SegmentedRaftLogWorker: safeCacheEvictIndex: setUnconditionally 0 -> -1
2020-11-16 17:31:50,255 [pool-719-thread-1] INFO  server.RaftServerConfigKeys (ConfUtils.java:logGet(44)) - raft.server.snapshot.auto.trigger.enabled = true (custom)
2020-11-16 17:31:50,255 [pool-719-thread-1] INFO  server.RaftServerConfigKeys (ConfUtils.java:logGet(44)) - raft.server.snapshot.auto.trigger.threshold = 10000 (custom)
2020-11-16 17:31:50,255 [pool-719-thread-1] INFO  server.RaftServerConfigKeys (ConfUtils.java:logGet(44)) - raft.server.snapshot.retention.file.num = 5 (custom)
2020-11-16 17:31:50,255 [pool-719-thread-1] INFO  server.RaftServerConfigKeys (ConfUtils.java:logGet(44)) - raft.server.log.purge.upto.snapshot.index = false (default)
2020-11-16 17:31:50,255 [pool-719-thread-1] INFO  server.RaftServerConfigKeys (ConfUtils.java:logGet(44)) - raft.server.retrycache.expirytime = 600000ms (custom)
2020-11-16 17:31:50,255 [pool-719-thread-1] INFO  metrics.RatisMetrics (RatisMetrics.java:lambda$create$0(36)) - Creating Metrics Registry : ratis.leader_election.7ba08779-98dd-4ee1-a6ca-8386ca3b8fbf@group-86BCF01837AD
2020-11-16 17:31:50,256 [pool-719-thread-1] INFO  metrics.RatisMetrics (RatisMetrics.java:lambda$create$0(36)) - Creating Metrics Registry : ratis.server.7ba08779-98dd-4ee1-a6ca-8386ca3b8fbf@group-86BCF01837AD
2020-11-16 17:31:50,257 [pool-719-thread-1] INFO  impl.RaftServerImpl (RaftServerImpl.java:start(209)) - 7ba08779-98dd-4ee1-a6ca-8386ca3b8fbf@group-86BCF01837AD: start as a follower, conf=-1: [756efa00-9886-4f2c-af17-99a3a9dc2153:172.17.0.2:34565:0, 7ba08779-98dd-4ee1-a6ca-8386ca3b8fbf:172.17.0.2:34067:0, cc30a5ad-4207-4291-85e5-33833db84af4:172.17.0.2:36663:0], old=null
2020-11-16 17:31:50,257 [pool-719-thread-1] INFO  impl.RaftServerImpl (RaftServerImpl.java:setRole(198)) - 7ba08779-98dd-4ee1-a6ca-8386ca3b8fbf@group-86BCF01837AD: changes role from      null to FOLLOWER at term 0 for startAsFollower
2020-11-16 17:31:50,257 [pool-719-thread-1] INFO  impl.RoleInfo (RoleInfo.java:updateAndGet(143)) - 7ba08779-98dd-4ee1-a6ca-8386ca3b8fbf: start FollowerState
2020-11-16 17:31:50,258 [pool-719-thread-1] INFO  util.JmxRegister (JmxRegister.java:tryRegister(44)) - Successfully registered JMX Bean with object name Ratis:service=RaftServer,group=group-86BCF01837AD,id=7ba08779-98dd-4ee1-a6ca-8386ca3b8fbf
2020-11-16 17:31:50,258 [pool-719-thread-1] INFO  metrics.RatisMetrics (RatisMetrics.java:lambda$create$0(36)) - Creating Metrics Registry : ratis.state_machine.7ba08779-98dd-4ee1-a6ca-8386ca3b8fbf@group-86BCF01837AD
2020-11-16 17:31:50,266 [Command processor thread] INFO  metrics.RatisMetrics (RatisMetrics.java:lambda$create$0(36)) - Creating Metrics Registry : ratis.client_message_metrics.client-FF652629C349->756efa00-9886-4f2c-af17-99a3a9dc2153
2020-11-16 17:31:50,271 [grpc-default-executor-1] INFO  impl.RaftServerProxy (RaftServerProxy.java:addNew(92)) - 756efa00-9886-4f2c-af17-99a3a9dc2153: addNew group-86BCF01837AD:[756efa00-9886-4f2c-af17-99a3a9dc2153:172.17.0.2:34565:0, 7ba08779-98dd-4ee1-a6ca-8386ca3b8fbf:172.17.0.2:34067:0, cc30a5ad-4207-4291-85e5-33833db84af4:172.17.0.2:36663:0] returns group-86BCF01837AD:java.util.concurrent.CompletableFuture@241fa782[Not completed]
2020-11-16 17:31:50,272 [pool-703-thread-1] INFO  impl.RaftServerImpl (RaftServerImpl.java:<init>(120)) - 756efa00-9886-4f2c-af17-99a3a9dc2153: new RaftServerImpl for group-86BCF01837AD:[756efa00-9886-4f2c-af17-99a3a9dc2153:172.17.0.2:34565:0, 7ba08779-98dd-4ee1-a6ca-8386ca3b8fbf:172.17.0.2:34067:0, cc30a5ad-4207-4291-85e5-33833db84af4:172.17.0.2:36663:0] with ContainerStateMachine:uninitialized
2020-11-16 17:31:50,272 [pool-703-thread-1] INFO  server.RaftServerConfigKeys (ConfUtils.java:logGet(44)) - raft.server.rpc.timeout.min = 5s (custom)
2020-11-16 17:31:50,272 [pool-703-thread-1] INFO  server.RaftServerConfigKeys (ConfUtils.java:logGet(44)) - raft.server.rpc.timeout.max = 5200ms (custom)
2020-11-16 17:31:50,272 [pool-703-thread-1] INFO  server.RaftServerConfigKeys (ConfUtils.java:logGet(44)) - raft.server.rpcslowness.timeout = 300000ms (custom)
2020-11-16 17:31:50,272 [pool-703-thread-1] INFO  server.RaftServerConfigKeys (ConfUtils.java:logGet(44)) - raft.server.sleep.deviation.threshold = 300 (default)
2020-11-16 17:31:50,272 [pool-703-thread-1] INFO  server.RaftServerConfigKeys (ConfUtils.java:logGet(44)) - raft.server.log.appender.install.snapshot.enabled = false (custom)
2020-11-16 17:31:50,272 [pool-703-thread-1] INFO  impl.RaftServerImpl (ServerState.java:<init>(104)) - 756efa00-9886-4f2c-af17-99a3a9dc2153@group-86BCF01837AD: ConfigurationManager, init=-1: [756efa00-9886-4f2c-af17-99a3a9dc2153:172.17.0.2:34565:0, 7ba08779-98dd-4ee1-a6ca-8386ca3b8fbf:172.17.0.2:34067:0, cc30a5ad-4207-4291-85e5-33833db84af4:172.17.0.2:36663:0], old=null, confs=<EMPTY_MAP>
2020-11-16 17:31:50,272 [pool-703-thread-1] INFO  server.RaftServerConfigKeys (ConfUtils.java:logGet(44)) - raft.server.storage.dir = [/github/workspace/mnt/ozone/hadoop-ozone/integration-test/target/test-dir/MiniOzoneClusterImpl-7523e9d5-68c3-40ce-b00f-57fa4c553895/datanode-4/data/ratis] (custom)
2020-11-16 17:31:50,272 [pool-703-thread-1] INFO  server.RaftServerConfigKeys (ConfUtils.java:logGet(44)) - raft.server.log.corruption.policy = EXCEPTION (default)
2020-11-16 17:31:50,272 [pool-703-thread-1] INFO  storage.RaftStorageDirectory (RaftStorageDirectory.java:analyzeStorage(261)) - The storage directory /github/workspace/mnt/ozone/hadoop-ozone/integration-test/target/test-dir/MiniOzoneClusterImpl-7523e9d5-68c3-40ce-b00f-57fa4c553895/datanode-4/data/ratis/777897be-e92b-4fe4-a6ef-86bcf01837ad does not exist. Creating ...
2020-11-16 17:31:50,274 [pool-703-thread-1] INFO  storage.RaftStorageDirectory (RaftStorageDirectory.java:tryLock(343)) - Lock on /github/workspace/mnt/ozone/hadoop-ozone/integration-test/target/test-dir/MiniOzoneClusterImpl-7523e9d5-68c3-40ce-b00f-57fa4c553895/datanode-4/data/ratis/777897be-e92b-4fe4-a6ef-86bcf01837ad/in_use.lock acquired by nodename 814@17b325b6a691
2020-11-16 17:31:50,275 [pool-703-thread-1] INFO  storage.RaftStorage (RaftStorage.java:format(84)) - Storage directory /github/workspace/mnt/ozone/hadoop-ozone/integration-test/target/test-dir/MiniOzoneClusterImpl-7523e9d5-68c3-40ce-b00f-57fa4c553895/datanode-4/data/ratis/777897be-e92b-4fe4-a6ef-86bcf01837ad has been successfully formatted.
2020-11-16 17:31:50,275 [pool-703-thread-1] INFO  ratis.ContainerStateMachine (ContainerStateMachine.java:loadSnapshot(225)) - group-86BCF01837AD: The snapshot info is null. Setting the last applied indexto:(t:0, i:~)
2020-11-16 17:31:50,276 [pool-703-thread-1] INFO  server.RaftServerConfigKeys (ConfUtils.java:logGet(44)) - raft.server.notification.no-leader.timeout = 300000ms (custom)
2020-11-16 17:31:50,276 [pool-703-thread-1] INFO  server.RaftServerConfigKeys (ConfUtils.java:logGet(44)) - raft.server.log.use.memory = false (default)
2020-11-16 17:31:50,276 [pool-703-thread-1] INFO  server.RaftServerConfigKeys (ConfUtils.java:logGet(44)) - raft.server.log.purge.gap = 1000000 (custom)
2020-11-16 17:31:50,276 [pool-703-thread-1] INFO  metrics.RatisMetrics (RatisMetrics.java:lambda$create$0(36)) - Creating Metrics Registry : ratis.log_worker.756efa00-9886-4f2c-af17-99a3a9dc2153@group-86BCF01837AD
2020-11-16 17:31:50,276 [pool-703-thread-1] INFO  server.RaftServerConfigKeys (ConfUtils.java:logGet(44)) - raft.server.log.appender.buffer.byte-limit = 33554432 (custom)
2020-11-16 17:31:50,276 [pool-703-thread-1] INFO  server.RaftServerConfigKeys (ConfUtils.java:logGet(44)) - raft.server.log.segment.size.max = 1048576 (custom)
2020-11-16 17:31:50,277 [pool-703-thread-1] INFO  server.RaftServerConfigKeys (ConfUtils.java:logGet(44)) - raft.server.log.segment.cache.num.max = 2 (custom)
2020-11-16 17:31:50,277 [pool-703-thread-1] INFO  segmented.SegmentedRaftLogWorker (SegmentedRaftLogWorker.java:<init>(180)) - new 756efa00-9886-4f2c-af17-99a3a9dc2153@group-86BCF01837AD-SegmentedRaftLogWorker for RaftStorage:Storage Directory /github/workspace/mnt/ozone/hadoop-ozone/integration-test/target/test-dir/MiniOzoneClusterImpl-7523e9d5-68c3-40ce-b00f-57fa4c553895/datanode-4/data/ratis/777897be-e92b-4fe4-a6ef-86bcf01837ad
2020-11-16 17:31:50,277 [pool-703-thread-1] INFO  server.RaftServerConfigKeys (ConfUtils.java:logGet(44)) - raft.server.log.queue.byte-limit = 2147483647 (custom)
2020-11-16 17:31:50,277 [pool-703-thread-1] INFO  server.RaftServerConfigKeys (ConfUtils.java:logGet(44)) - raft.server.log.queue.element-limit = 1024 (custom)
2020-11-16 17:31:50,277 [pool-703-thread-1] INFO  server.RaftServerConfigKeys (ConfUtils.java:logGet(44)) - raft.server.log.segment.size.max = 1048576 (custom)
2020-11-16 17:31:50,277 [pool-703-thread-1] INFO  server.RaftServerConfigKeys (ConfUtils.java:logGet(44)) - raft.server.log.preallocated.size = 16384 (custom)
2020-11-16 17:31:50,277 [pool-703-thread-1] INFO  server.RaftServerConfigKeys (ConfUtils.java:logGet(44)) - raft.server.log.write.buffer.size = 1048576 (custom)
2020-11-16 17:31:50,277 [pool-703-thread-1] INFO  server.RaftServerConfigKeys (ConfUtils.java:logGet(44)) - raft.server.log.force.sync.num = 128 (default)
2020-11-16 17:31:50,277 [pool-703-thread-1] INFO  server.RaftServerConfigKeys (ConfUtils.java:logGet(44)) - raft.server.log.statemachine.data.sync = true (default)
2020-11-16 17:31:50,278 [pool-703-thread-1] INFO  server.RaftServerConfigKeys (ConfUtils.java:logGet(44)) - raft.server.log.statemachine.data.sync.timeout = 10s (default)
2020-11-16 17:31:50,278 [pool-703-thread-1] INFO  server.RaftServerConfigKeys (ConfUtils.java:logGet(44)) - raft.server.log.statemachine.data.sync.timeout.retry = -1 (default)
2020-11-16 17:31:50,280 [pool-703-thread-1] INFO  server.RaftServerConfigKeys (ConfUtils.java:logGet(44)) - raft.server.log.statemachine.data.caching.enabled = true (custom)
2020-11-16 17:31:50,280 [pool-703-thread-1] INFO  segmented.SegmentedRaftLogWorker (SegmentedRaftLogWorker.java:lambda$new$0(129)) - 756efa00-9886-4f2c-af17-99a3a9dc2153@group-86BCF01837AD-SegmentedRaftLogWorker: flushIndex: setUnconditionally 0 -> -1
2020-11-16 17:31:50,280 [pool-703-thread-1] INFO  segmented.SegmentedRaftLogWorker (SegmentedRaftLogWorker.java:lambda$new$0(129)) - 756efa00-9886-4f2c-af17-99a3a9dc2153@group-86BCF01837AD-SegmentedRaftLogWorker: safeCacheEvictIndex: setUnconditionally 0 -> -1
2020-11-16 17:31:50,280 [pool-703-thread-1] INFO  server.RaftServerConfigKeys (ConfUtils.java:logGet(44)) - raft.server.snapshot.auto.trigger.enabled = true (custom)
2020-11-16 17:31:50,280 [pool-703-thread-1] INFO  server.RaftServerConfigKeys (ConfUtils.java:logGet(44)) - raft.server.snapshot.auto.trigger.threshold = 10000 (custom)
2020-11-16 17:31:50,280 [pool-703-thread-1] INFO  server.RaftServerConfigKeys (ConfUtils.java:logGet(44)) - raft.server.snapshot.retention.file.num = 5 (custom)
2020-11-16 17:31:50,280 [pool-703-thread-1] INFO  server.RaftServerConfigKeys (ConfUtils.java:logGet(44)) - raft.server.log.purge.upto.snapshot.index = false (default)
2020-11-16 17:31:50,280 [pool-703-thread-1] INFO  server.RaftServerConfigKeys (ConfUtils.java:logGet(44)) - raft.server.retrycache.expirytime = 600000ms (custom)
2020-11-16 17:31:50,280 [pool-703-thread-1] INFO  metrics.RatisMetrics (RatisMetrics.java:lambda$create$0(36)) - Creating Metrics Registry : ratis.leader_election.756efa00-9886-4f2c-af17-99a3a9dc2153@group-86BCF01837AD
2020-11-16 17:31:50,281 [pool-703-thread-1] INFO  metrics.RatisMetrics (RatisMetrics.java:lambda$create$0(36)) - Creating Metrics Registry : ratis.server.756efa00-9886-4f2c-af17-99a3a9dc2153@group-86BCF01837AD
2020-11-16 17:31:50,282 [pool-703-thread-1] INFO  impl.RaftServerImpl (RaftServerImpl.java:start(209)) - 756efa00-9886-4f2c-af17-99a3a9dc2153@group-86BCF01837AD: start as a follower, conf=-1: [756efa00-9886-4f2c-af17-99a3a9dc2153:172.17.0.2:34565:0, 7ba08779-98dd-4ee1-a6ca-8386ca3b8fbf:172.17.0.2:34067:0, cc30a5ad-4207-4291-85e5-33833db84af4:172.17.0.2:36663:0], old=null
2020-11-16 17:31:50,282 [pool-703-thread-1] INFO  impl.RaftServerImpl (RaftServerImpl.java:setRole(198)) - 756efa00-9886-4f2c-af17-99a3a9dc2153@group-86BCF01837AD: changes role from      null to FOLLOWER at term 0 for startAsFollower
2020-11-16 17:31:50,283 [pool-703-thread-1] INFO  impl.RoleInfo (RoleInfo.java:updateAndGet(143)) - 756efa00-9886-4f2c-af17-99a3a9dc2153: start FollowerState
2020-11-16 17:31:50,283 [pool-703-thread-1] INFO  util.JmxRegister (JmxRegister.java:tryRegister(44)) - Successfully registered JMX Bean with object name Ratis:service=RaftServer,group=group-86BCF01837AD,id=756efa00-9886-4f2c-af17-99a3a9dc2153
2020-11-16 17:31:50,283 [pool-703-thread-1] INFO  metrics.RatisMetrics (RatisMetrics.java:lambda$create$0(36)) - Creating Metrics Registry : ratis.state_machine.756efa00-9886-4f2c-af17-99a3a9dc2153@group-86BCF01837AD
2020-11-16 17:31:50,284 [Command processor thread] INFO  impl.RaftServerProxy (RaftServerProxy.java:addNew(92)) - 756efa00-9886-4f2c-af17-99a3a9dc2153: addNew group-9B79DC36F9F9:[756efa00-9886-4f2c-af17-99a3a9dc2153:172.17.0.2:34565:0] returns group-9B79DC36F9F9:java.util.concurrent.CompletableFuture@4331cff8[Not completed]
2020-11-16 17:31:50,286 [pool-703-thread-1] INFO  impl.RaftServerImpl (RaftServerImpl.java:<init>(120)) - 756efa00-9886-4f2c-af17-99a3a9dc2153: new RaftServerImpl for group-9B79DC36F9F9:[756efa00-9886-4f2c-af17-99a3a9dc2153:172.17.0.2:34565:0] with ContainerStateMachine:uninitialized
2020-11-16 17:31:50,286 [pool-703-thread-1] INFO  server.RaftServerConfigKeys (ConfUtils.java:logGet(44)) - raft.server.rpc.timeout.min = 5s (custom)
2020-11-16 17:31:50,286 [pool-703-thread-1] INFO  server.RaftServerConfigKeys (ConfUtils.java:logGet(44)) - raft.server.rpc.timeout.max = 5200ms (custom)
2020-11-16 17:31:50,286 [pool-703-thread-1] INFO  server.RaftServerConfigKeys (ConfUtils.java:logGet(44)) - raft.server.rpcslowness.timeout = 300000ms (custom)
2020-11-16 17:31:50,286 [pool-703-thread-1] INFO  server.RaftServerConfigKeys (ConfUtils.java:logGet(44)) - raft.server.sleep.deviation.threshold = 300 (default)
2020-11-16 17:31:50,286 [pool-703-thread-1] INFO  server.RaftServerConfigKeys (ConfUtils.java:logGet(44)) - raft.server.log.appender.install.snapshot.enabled = false (custom)
2020-11-16 17:31:50,286 [pool-703-thread-1] INFO  impl.RaftServerImpl (ServerState.java:<init>(104)) - 756efa00-9886-4f2c-af17-99a3a9dc2153@group-9B79DC36F9F9: ConfigurationManager, init=-1: [756efa00-9886-4f2c-af17-99a3a9dc2153:172.17.0.2:34565:0], old=null, confs=<EMPTY_MAP>
2020-11-16 17:31:50,286 [pool-703-thread-1] INFO  server.RaftServerConfigKeys (ConfUtils.java:logGet(44)) - raft.server.storage.dir = [/github/workspace/mnt/ozone/hadoop-ozone/integration-test/target/test-dir/MiniOzoneClusterImpl-7523e9d5-68c3-40ce-b00f-57fa4c553895/datanode-4/data/ratis] (custom)
2020-11-16 17:31:50,286 [pool-703-thread-1] INFO  server.RaftServerConfigKeys (ConfUtils.java:logGet(44)) - raft.server.log.corruption.policy = EXCEPTION (default)
2020-11-16 17:31:50,286 [pool-703-thread-1] INFO  storage.RaftStorageDirectory (RaftStorageDirectory.java:analyzeStorage(261)) - The storage directory /github/workspace/mnt/ozone/hadoop-ozone/integration-test/target/test-dir/MiniOzoneClusterImpl-7523e9d5-68c3-40ce-b00f-57fa4c553895/datanode-4/data/ratis/c125322b-8cc9-44a0-8599-9b79dc36f9f9 does not exist. Creating ...
2020-11-16 17:31:50,289 [pool-703-thread-1] INFO  storage.RaftStorageDirectory (RaftStorageDirectory.java:tryLock(343)) - Lock on /github/workspace/mnt/ozone/hadoop-ozone/integration-test/target/test-dir/MiniOzoneClusterImpl-7523e9d5-68c3-40ce-b00f-57fa4c553895/datanode-4/data/ratis/c125322b-8cc9-44a0-8599-9b79dc36f9f9/in_use.lock acquired by nodename 814@17b325b6a691
2020-11-16 17:31:50,289 [Command processor thread] INFO  commandhandler.CreatePipelineCommandHandler (CreatePipelineCommandHandler.java:handle(106)) - Created Pipeline RATIS THREE PipelineID=777897be-e92b-4fe4-a6ef-86bcf01837ad.
2020-11-16 17:31:50,290 [pool-703-thread-1] INFO  storage.RaftStorage (RaftStorage.java:format(84)) - Storage directory /github/workspace/mnt/ozone/hadoop-ozone/integration-test/target/test-dir/MiniOzoneClusterImpl-7523e9d5-68c3-40ce-b00f-57fa4c553895/datanode-4/data/ratis/c125322b-8cc9-44a0-8599-9b79dc36f9f9 has been successfully formatted.
2020-11-16 17:31:50,290 [pool-703-thread-1] INFO  ratis.ContainerStateMachine (ContainerStateMachine.java:loadSnapshot(225)) - group-9B79DC36F9F9: The snapshot info is null. Setting the last applied indexto:(t:0, i:~)
2020-11-16 17:31:50,290 [pool-703-thread-1] INFO  server.RaftServerConfigKeys (ConfUtils.java:logGet(44)) - raft.server.notification.no-leader.timeout = 300000ms (custom)
2020-11-16 17:31:50,290 [pool-703-thread-1] INFO  server.RaftServerConfigKeys (ConfUtils.java:logGet(44)) - raft.server.log.use.memory = false (default)
2020-11-16 17:31:50,290 [pool-703-thread-1] INFO  server.RaftServerConfigKeys (ConfUtils.java:logGet(44)) - raft.server.log.purge.gap = 1000000 (custom)
2020-11-16 17:31:50,290 [pool-703-thread-1] INFO  metrics.RatisMetrics (RatisMetrics.java:lambda$create$0(36)) - Creating Metrics Registry : ratis.log_worker.756efa00-9886-4f2c-af17-99a3a9dc2153@group-9B79DC36F9F9
2020-11-16 17:31:50,291 [pool-703-thread-1] INFO  server.RaftServerConfigKeys (ConfUtils.java:logGet(44)) - raft.server.log.appender.buffer.byte-limit = 33554432 (custom)
2020-11-16 17:31:50,291 [pool-703-thread-1] INFO  server.RaftServerConfigKeys (ConfUtils.java:logGet(44)) - raft.server.log.segment.size.max = 1048576 (custom)
2020-11-16 17:31:50,291 [EventQueue-PipelineReportForPipelineReportHandler] INFO  pipeline.PipelineStateManager (PipelineStateManager.java:openPipeline(132)) - Pipeline Pipeline[ Id: c125322b-8cc9-44a0-8599-9b79dc36f9f9, Nodes: 756efa00-9886-4f2c-af17-99a3a9dc2153{ip: 172.17.0.2, host: 17b325b6a691, networkLocation: /default-rack, certSerialId: null}, Type:RATIS, Factor:ONE, State:ALLOCATED, leaderId:756efa00-9886-4f2c-af17-99a3a9dc2153, CreationTimestamp2020-11-16T17:31:47.286Z] moved to OPEN state
2020-11-16 17:31:50,291 [EventQueue-OpenPipelineForHealthyPipelineSafeModeRule] INFO  safemode.SCMSafeModeManager (HealthyPipelineSafeModeRule.java:process(129)) - SCM in safe mode. Healthy pipelines reported count is 0, required healthy pipeline reported count is 1
2020-11-16 17:31:50,291 [EventQueue-OpenPipelineForOneReplicaPipelineSafeModeRule] INFO  safemode.SCMSafeModeManager (SCMSafeModeManager.java:validateSafeModeExitRules(214)) - AtleastOneDatanodeReportedRule rule is successfully validated
2020-11-16 17:31:50,292 [pool-703-thread-1] INFO  server.RaftServerConfigKeys (ConfUtils.java:logGet(44)) - raft.server.log.segment.cache.num.max = 2 (custom)
2020-11-16 17:31:50,292 [pool-703-thread-1] INFO  segmented.SegmentedRaftLogWorker (SegmentedRaftLogWorker.java:<init>(180)) - new 756efa00-9886-4f2c-af17-99a3a9dc2153@group-9B79DC36F9F9-SegmentedRaftLogWorker for RaftStorage:Storage Directory /github/workspace/mnt/ozone/hadoop-ozone/integration-test/target/test-dir/MiniOzoneClusterImpl-7523e9d5-68c3-40ce-b00f-57fa4c553895/datanode-4/data/ratis/c125322b-8cc9-44a0-8599-9b79dc36f9f9
2020-11-16 17:31:50,292 [pool-703-thread-1] INFO  server.RaftServerConfigKeys (ConfUtils.java:logGet(44)) - raft.server.log.queue.byte-limit = 2147483647 (custom)
2020-11-16 17:31:50,292 [pool-703-thread-1] INFO  server.RaftServerConfigKeys (ConfUtils.java:logGet(44)) - raft.server.log.queue.element-limit = 1024 (custom)
2020-11-16 17:31:50,292 [pool-703-thread-1] INFO  server.RaftServerConfigKeys (ConfUtils.java:logGet(44)) - raft.server.log.segment.size.max = 1048576 (custom)
2020-11-16 17:31:50,292 [pool-703-thread-1] INFO  server.RaftServerConfigKeys (ConfUtils.java:logGet(44)) - raft.server.log.preallocated.size = 16384 (custom)
2020-11-16 17:31:50,292 [pool-703-thread-1] INFO  server.RaftServerConfigKeys (ConfUtils.java:logGet(44)) - raft.server.log.write.buffer.size = 1048576 (custom)
2020-11-16 17:31:50,292 [pool-703-thread-1] INFO  server.RaftServerConfigKeys (ConfUtils.java:logGet(44)) - raft.server.log.force.sync.num = 128 (default)
2020-11-16 17:31:50,292 [pool-703-thread-1] INFO  server.RaftServerConfigKeys (ConfUtils.java:logGet(44)) - raft.server.log.statemachine.data.sync = true (default)
2020-11-16 17:31:50,292 [pool-703-thread-1] INFO  server.RaftServerConfigKeys (ConfUtils.java:logGet(44)) - raft.server.log.statemachine.data.sync.timeout = 10s (default)
2020-11-16 17:31:50,292 [pool-703-thread-1] INFO  server.RaftServerConfigKeys (ConfUtils.java:logGet(44)) - raft.server.log.statemachine.data.sync.timeout.retry = -1 (default)
2020-11-16 17:31:50,295 [pool-703-thread-1] INFO  server.RaftServerConfigKeys (ConfUtils.java:logGet(44)) - raft.server.log.statemachine.data.caching.enabled = true (custom)
2020-11-16 17:31:50,295 [pool-703-thread-1] INFO  segmented.SegmentedRaftLogWorker (SegmentedRaftLogWorker.java:lambda$new$0(129)) - 756efa00-9886-4f2c-af17-99a3a9dc2153@group-9B79DC36F9F9-SegmentedRaftLogWorker: flushIndex: setUnconditionally 0 -> -1
2020-11-16 17:31:50,295 [pool-703-thread-1] INFO  segmented.SegmentedRaftLogWorker (SegmentedRaftLogWorker.java:lambda$new$0(129)) - 756efa00-9886-4f2c-af17-99a3a9dc2153@group-9B79DC36F9F9-SegmentedRaftLogWorker: safeCacheEvictIndex: setUnconditionally 0 -> -1
2020-11-16 17:31:50,295 [pool-703-thread-1] INFO  server.RaftServerConfigKeys (ConfUtils.java:logGet(44)) - raft.server.snapshot.auto.trigger.enabled = true (custom)
2020-11-16 17:31:50,295 [pool-703-thread-1] INFO  server.RaftServerConfigKeys (ConfUtils.java:logGet(44)) - raft.server.snapshot.auto.trigger.threshold = 10000 (custom)
2020-11-16 17:31:50,295 [pool-703-thread-1] INFO  server.RaftServerConfigKeys (ConfUtils.java:logGet(44)) - raft.server.snapshot.retention.file.num = 5 (custom)
2020-11-16 17:31:50,295 [pool-703-thread-1] INFO  server.RaftServerConfigKeys (ConfUtils.java:logGet(44)) - raft.server.log.purge.upto.snapshot.index = false (default)
2020-11-16 17:31:50,295 [pool-703-thread-1] INFO  server.RaftServerConfigKeys (ConfUtils.java:logGet(44)) - raft.server.retrycache.expirytime = 600000ms (custom)
2020-11-16 17:31:50,295 [pool-703-thread-1] INFO  metrics.RatisMetrics (RatisMetrics.java:lambda$create$0(36)) - Creating Metrics Registry : ratis.leader_election.756efa00-9886-4f2c-af17-99a3a9dc2153@group-9B79DC36F9F9
2020-11-16 17:31:50,296 [pool-703-thread-1] INFO  metrics.RatisMetrics (RatisMetrics.java:lambda$create$0(36)) - Creating Metrics Registry : ratis.server.756efa00-9886-4f2c-af17-99a3a9dc2153@group-9B79DC36F9F9
2020-11-16 17:31:50,297 [pool-703-thread-1] INFO  impl.RaftServerImpl (RaftServerImpl.java:start(209)) - 756efa00-9886-4f2c-af17-99a3a9dc2153@group-9B79DC36F9F9: start as a follower, conf=-1: [756efa00-9886-4f2c-af17-99a3a9dc2153:172.17.0.2:34565:0], old=null
2020-11-16 17:31:50,297 [pool-703-thread-1] INFO  impl.RaftServerImpl (RaftServerImpl.java:setRole(198)) - 756efa00-9886-4f2c-af17-99a3a9dc2153@group-9B79DC36F9F9: changes role from      null to FOLLOWER at term 0 for startAsFollower
2020-11-16 17:31:50,298 [pool-703-thread-1] INFO  impl.RoleInfo (RoleInfo.java:updateAndGet(143)) - 756efa00-9886-4f2c-af17-99a3a9dc2153: start FollowerState
2020-11-16 17:31:50,298 [pool-703-thread-1] INFO  util.JmxRegister (JmxRegister.java:tryRegister(44)) - Successfully registered JMX Bean with object name Ratis:service=RaftServer,group=group-9B79DC36F9F9,id=756efa00-9886-4f2c-af17-99a3a9dc2153
2020-11-16 17:31:50,298 [pool-703-thread-1] INFO  metrics.RatisMetrics (RatisMetrics.java:lambda$create$0(36)) - Creating Metrics Registry : ratis.state_machine.756efa00-9886-4f2c-af17-99a3a9dc2153@group-9B79DC36F9F9
2020-11-16 17:31:50,299 [Command processor thread] INFO  commandhandler.CreatePipelineCommandHandler (CreatePipelineCommandHandler.java:handle(106)) - Created Pipeline RATIS ONE PipelineID=c125322b-8cc9-44a0-8599-9b79dc36f9f9.
2020-11-16 17:31:50,464 [Command processor thread] INFO  impl.RaftServerProxy (RaftServerProxy.java:addNew(92)) - 7ba08779-98dd-4ee1-a6ca-8386ca3b8fbf: addNew group-18121DA9B9AE:[7ba08779-98dd-4ee1-a6ca-8386ca3b8fbf:172.17.0.2:34067:0] returns group-18121DA9B9AE:java.util.concurrent.CompletableFuture@5e2ec753[Not completed]
2020-11-16 17:31:50,465 [pool-719-thread-1] INFO  impl.RaftServerImpl (RaftServerImpl.java:<init>(120)) - 7ba08779-98dd-4ee1-a6ca-8386ca3b8fbf: new RaftServerImpl for group-18121DA9B9AE:[7ba08779-98dd-4ee1-a6ca-8386ca3b8fbf:172.17.0.2:34067:0] with ContainerStateMachine:uninitialized
2020-11-16 17:31:50,465 [pool-719-thread-1] INFO  server.RaftServerConfigKeys (ConfUtils.java:logGet(44)) - raft.server.rpc.timeout.min = 5s (custom)
2020-11-16 17:31:50,465 [pool-719-thread-1] INFO  server.RaftServerConfigKeys (ConfUtils.java:logGet(44)) - raft.server.rpc.timeout.max = 5200ms (custom)
2020-11-16 17:31:50,465 [pool-719-thread-1] INFO  server.RaftServerConfigKeys (ConfUtils.java:logGet(44)) - raft.server.rpcslowness.timeout = 300000ms (custom)
2020-11-16 17:31:50,465 [pool-719-thread-1] INFO  server.RaftServerConfigKeys (ConfUtils.java:logGet(44)) - raft.server.sleep.deviation.threshold = 300 (default)
2020-11-16 17:31:50,465 [pool-719-thread-1] INFO  server.RaftServerConfigKeys (ConfUtils.java:logGet(44)) - raft.server.log.appender.install.snapshot.enabled = false (custom)
2020-11-16 17:31:50,465 [pool-719-thread-1] INFO  impl.RaftServerImpl (ServerState.java:<init>(104)) - 7ba08779-98dd-4ee1-a6ca-8386ca3b8fbf@group-18121DA9B9AE: ConfigurationManager, init=-1: [7ba08779-98dd-4ee1-a6ca-8386ca3b8fbf:172.17.0.2:34067:0], old=null, confs=<EMPTY_MAP>
2020-11-16 17:31:50,465 [pool-719-thread-1] INFO  server.RaftServerConfigKeys (ConfUtils.java:logGet(44)) - raft.server.storage.dir = [/github/workspace/mnt/ozone/hadoop-ozone/integration-test/target/test-dir/MiniOzoneClusterImpl-7523e9d5-68c3-40ce-b00f-57fa4c553895/datanode-5/data/ratis] (custom)
2020-11-16 17:31:50,465 [pool-719-thread-1] INFO  server.RaftServerConfigKeys (ConfUtils.java:logGet(44)) - raft.server.log.corruption.policy = EXCEPTION (default)
2020-11-16 17:31:50,465 [pool-719-thread-1] INFO  storage.RaftStorageDirectory (RaftStorageDirectory.java:analyzeStorage(261)) - The storage directory /github/workspace/mnt/ozone/hadoop-ozone/integration-test/target/test-dir/MiniOzoneClusterImpl-7523e9d5-68c3-40ce-b00f-57fa4c553895/datanode-5/data/ratis/905e9980-0c29-429b-8547-18121da9b9ae does not exist. Creating ...
2020-11-16 17:31:50,466 [pool-719-thread-1] INFO  storage.RaftStorageDirectory (RaftStorageDirectory.java:tryLock(343)) - Lock on /github/workspace/mnt/ozone/hadoop-ozone/integration-test/target/test-dir/MiniOzoneClusterImpl-7523e9d5-68c3-40ce-b00f-57fa4c553895/datanode-5/data/ratis/905e9980-0c29-429b-8547-18121da9b9ae/in_use.lock acquired by nodename 814@17b325b6a691
2020-11-16 17:31:50,468 [pool-719-thread-1] INFO  storage.RaftStorage (RaftStorage.java:format(84)) - Storage directory /github/workspace/mnt/ozone/hadoop-ozone/integration-test/target/test-dir/MiniOzoneClusterImpl-7523e9d5-68c3-40ce-b00f-57fa4c553895/datanode-5/data/ratis/905e9980-0c29-429b-8547-18121da9b9ae has been successfully formatted.
2020-11-16 17:31:50,468 [pool-719-thread-1] INFO  ratis.ContainerStateMachine (ContainerStateMachine.java:loadSnapshot(225)) - group-18121DA9B9AE: The snapshot info is null. Setting the last applied indexto:(t:0, i:~)
2020-11-16 17:31:50,468 [pool-719-thread-1] INFO  server.RaftServerConfigKeys (ConfUtils.java:logGet(44)) - raft.server.notification.no-leader.timeout = 300000ms (custom)
2020-11-16 17:31:50,468 [pool-719-thread-1] INFO  server.RaftServerConfigKeys (ConfUtils.java:logGet(44)) - raft.server.log.use.memory = false (default)
2020-11-16 17:31:50,468 [pool-719-thread-1] INFO  server.RaftServerConfigKeys (ConfUtils.java:logGet(44)) - raft.server.log.purge.gap = 1000000 (custom)
2020-11-16 17:31:50,468 [pool-719-thread-1] INFO  metrics.RatisMetrics (RatisMetrics.java:lambda$create$0(36)) - Creating Metrics Registry : ratis.log_worker.7ba08779-98dd-4ee1-a6ca-8386ca3b8fbf@group-18121DA9B9AE
2020-11-16 17:31:50,468 [pool-719-thread-1] INFO  server.RaftServerConfigKeys (ConfUtils.java:logGet(44)) - raft.server.log.appender.buffer.byte-limit = 33554432 (custom)
2020-11-16 17:31:50,468 [pool-719-thread-1] INFO  server.RaftServerConfigKeys (ConfUtils.java:logGet(44)) - raft.server.log.segment.size.max = 1048576 (custom)
2020-11-16 17:31:50,469 [pool-719-thread-1] INFO  server.RaftServerConfigKeys (ConfUtils.java:logGet(44)) - raft.server.log.segment.cache.num.max = 2 (custom)
2020-11-16 17:31:50,469 [pool-719-thread-1] INFO  segmented.SegmentedRaftLogWorker (SegmentedRaftLogWorker.java:<init>(180)) - new 7ba08779-98dd-4ee1-a6ca-8386ca3b8fbf@group-18121DA9B9AE-SegmentedRaftLogWorker for RaftStorage:Storage Directory /github/workspace/mnt/ozone/hadoop-ozone/integration-test/target/test-dir/MiniOzoneClusterImpl-7523e9d5-68c3-40ce-b00f-57fa4c553895/datanode-5/data/ratis/905e9980-0c29-429b-8547-18121da9b9ae
2020-11-16 17:31:50,469 [pool-719-thread-1] INFO  server.RaftServerConfigKeys (ConfUtils.java:logGet(44)) - raft.server.log.queue.byte-limit = 2147483647 (custom)
2020-11-16 17:31:50,469 [pool-719-thread-1] INFO  server.RaftServerConfigKeys (ConfUtils.java:logGet(44)) - raft.server.log.queue.element-limit = 1024 (custom)
2020-11-16 17:31:50,469 [pool-719-thread-1] INFO  server.RaftServerConfigKeys (ConfUtils.java:logGet(44)) - raft.server.log.segment.size.max = 1048576 (custom)
2020-11-16 17:31:50,470 [pool-719-thread-1] INFO  server.RaftServerConfigKeys (ConfUtils.java:logGet(44)) - raft.server.log.preallocated.size = 16384 (custom)
2020-11-16 17:31:50,470 [pool-719-thread-1] INFO  server.RaftServerConfigKeys (ConfUtils.java:logGet(44)) - raft.server.log.write.buffer.size = 1048576 (custom)
2020-11-16 17:31:50,470 [pool-719-thread-1] INFO  server.RaftServerConfigKeys (ConfUtils.java:logGet(44)) - raft.server.log.force.sync.num = 128 (default)
2020-11-16 17:31:50,470 [pool-719-thread-1] INFO  server.RaftServerConfigKeys (ConfUtils.java:logGet(44)) - raft.server.log.statemachine.data.sync = true (default)
2020-11-16 17:31:50,470 [pool-719-thread-1] INFO  server.RaftServerConfigKeys (ConfUtils.java:logGet(44)) - raft.server.log.statemachine.data.sync.timeout = 10s (default)
2020-11-16 17:31:50,470 [pool-719-thread-1] INFO  server.RaftServerConfigKeys (ConfUtils.java:logGet(44)) - raft.server.log.statemachine.data.sync.timeout.retry = -1 (default)
2020-11-16 17:31:50,472 [EventQueue-PipelineReportForPipelineReportHandler] INFO  pipeline.PipelineStateManager (PipelineStateManager.java:openPipeline(132)) - Pipeline Pipeline[ Id: 905e9980-0c29-429b-8547-18121da9b9ae, Nodes: 7ba08779-98dd-4ee1-a6ca-8386ca3b8fbf{ip: 172.17.0.2, host: 17b325b6a691, networkLocation: /default-rack, certSerialId: null}, Type:RATIS, Factor:ONE, State:ALLOCATED, leaderId:7ba08779-98dd-4ee1-a6ca-8386ca3b8fbf, CreationTimestamp2020-11-16T17:31:47.465Z] moved to OPEN state
2020-11-16 17:31:50,472 [EventQueue-OpenPipelineForHealthyPipelineSafeModeRule] INFO  safemode.SCMSafeModeManager (HealthyPipelineSafeModeRule.java:process(129)) - SCM in safe mode. Healthy pipelines reported count is 0, required healthy pipeline reported count is 1
2020-11-16 17:31:50,472 [EventQueue-OpenPipelineForOneReplicaPipelineSafeModeRule] INFO  safemode.SCMSafeModeManager (SCMSafeModeManager.java:validateSafeModeExitRules(214)) - AtleastOneDatanodeReportedRule rule is successfully validated
2020-11-16 17:31:50,473 [pool-719-thread-1] INFO  server.RaftServerConfigKeys (ConfUtils.java:logGet(44)) - raft.server.log.statemachine.data.caching.enabled = true (custom)
2020-11-16 17:31:50,473 [pool-719-thread-1] INFO  segmented.SegmentedRaftLogWorker (SegmentedRaftLogWorker.java:lambda$new$0(129)) - 7ba08779-98dd-4ee1-a6ca-8386ca3b8fbf@group-18121DA9B9AE-SegmentedRaftLogWorker: flushIndex: setUnconditionally 0 -> -1
2020-11-16 17:31:50,473 [pool-719-thread-1] INFO  segmented.SegmentedRaftLogWorker (SegmentedRaftLogWorker.java:lambda$new$0(129)) - 7ba08779-98dd-4ee1-a6ca-8386ca3b8fbf@group-18121DA9B9AE-SegmentedRaftLogWorker: safeCacheEvictIndex: setUnconditionally 0 -> -1
2020-11-16 17:31:50,474 [pool-719-thread-1] INFO  server.RaftServerConfigKeys (ConfUtils.java:logGet(44)) - raft.server.snapshot.auto.trigger.enabled = true (custom)
2020-11-16 17:31:50,474 [pool-719-thread-1] INFO  server.RaftServerConfigKeys (ConfUtils.java:logGet(44)) - raft.server.snapshot.auto.trigger.threshold = 10000 (custom)
2020-11-16 17:31:50,474 [pool-719-thread-1] INFO  server.RaftServerConfigKeys (ConfUtils.java:logGet(44)) - raft.server.snapshot.retention.file.num = 5 (custom)
2020-11-16 17:31:50,474 [pool-719-thread-1] INFO  server.RaftServerConfigKeys (ConfUtils.java:logGet(44)) - raft.server.log.purge.upto.snapshot.index = false (default)
2020-11-16 17:31:50,474 [pool-719-thread-1] INFO  server.RaftServerConfigKeys (ConfUtils.java:logGet(44)) - raft.server.retrycache.expirytime = 600000ms (custom)
2020-11-16 17:31:50,474 [pool-719-thread-1] INFO  metrics.RatisMetrics (RatisMetrics.java:lambda$create$0(36)) - Creating Metrics Registry : ratis.leader_election.7ba08779-98dd-4ee1-a6ca-8386ca3b8fbf@group-18121DA9B9AE
2020-11-16 17:31:50,475 [pool-719-thread-1] INFO  metrics.RatisMetrics (RatisMetrics.java:lambda$create$0(36)) - Creating Metrics Registry : ratis.server.7ba08779-98dd-4ee1-a6ca-8386ca3b8fbf@group-18121DA9B9AE
2020-11-16 17:31:50,477 [pool-719-thread-1] INFO  impl.RaftServerImpl (RaftServerImpl.java:start(209)) - 7ba08779-98dd-4ee1-a6ca-8386ca3b8fbf@group-18121DA9B9AE: start as a follower, conf=-1: [7ba08779-98dd-4ee1-a6ca-8386ca3b8fbf:172.17.0.2:34067:0], old=null
2020-11-16 17:31:50,477 [pool-719-thread-1] INFO  impl.RaftServerImpl (RaftServerImpl.java:setRole(198)) - 7ba08779-98dd-4ee1-a6ca-8386ca3b8fbf@group-18121DA9B9AE: changes role from      null to FOLLOWER at term 0 for startAsFollower
2020-11-16 17:31:50,477 [pool-719-thread-1] INFO  impl.RoleInfo (RoleInfo.java:updateAndGet(143)) - 7ba08779-98dd-4ee1-a6ca-8386ca3b8fbf: start FollowerState
2020-11-16 17:31:50,477 [pool-719-thread-1] INFO  util.JmxRegister (JmxRegister.java:tryRegister(44)) - Successfully registered JMX Bean with object name Ratis:service=RaftServer,group=group-18121DA9B9AE,id=7ba08779-98dd-4ee1-a6ca-8386ca3b8fbf
2020-11-16 17:31:50,478 [pool-719-thread-1] INFO  metrics.RatisMetrics (RatisMetrics.java:lambda$create$0(36)) - Creating Metrics Registry : ratis.state_machine.7ba08779-98dd-4ee1-a6ca-8386ca3b8fbf@group-18121DA9B9AE
2020-11-16 17:31:50,479 [Command processor thread] INFO  commandhandler.CreatePipelineCommandHandler (CreatePipelineCommandHandler.java:handle(106)) - Created Pipeline RATIS ONE PipelineID=905e9980-0c29-429b-8547-18121da9b9ae.
2020-11-16 17:31:50,661 [Listener at 127.0.0.1/35907] INFO  ozone.MiniOzoneClusterImpl (MiniOzoneClusterImpl.java:lambda$waitForClusterToBeReady$0(178)) - Nodes are ready. Got 7 of 7 DN Heartbeats.
2020-11-16 17:31:50,661 [Listener at 127.0.0.1/35907] INFO  ozone.MiniOzoneClusterImpl (MiniOzoneClusterImpl.java:lambda$waitForClusterToBeReady$0(181)) - Waiting for cluster to exit safe mode
2020-11-16 17:31:50,661 [Command processor thread] INFO  impl.RaftServerProxy (RaftServerProxy.java:addNew(92)) - 6b3f7492-0ca6-4b3b-9a26-869cc0a580f4: addNew group-465758ED8BC5:[6b3f7492-0ca6-4b3b-9a26-869cc0a580f4:172.17.0.2:37553:0] returns group-465758ED8BC5:java.util.concurrent.CompletableFuture@25b527c9[Not completed]
2020-11-16 17:31:50,662 [pool-735-thread-1] INFO  impl.RaftServerImpl (RaftServerImpl.java:<init>(120)) - 6b3f7492-0ca6-4b3b-9a26-869cc0a580f4: new RaftServerImpl for group-465758ED8BC5:[6b3f7492-0ca6-4b3b-9a26-869cc0a580f4:172.17.0.2:37553:0] with ContainerStateMachine:uninitialized
2020-11-16 17:31:50,662 [pool-735-thread-1] INFO  server.RaftServerConfigKeys (ConfUtils.java:logGet(44)) - raft.server.rpc.timeout.min = 5s (custom)
2020-11-16 17:31:50,662 [pool-735-thread-1] INFO  server.RaftServerConfigKeys (ConfUtils.java:logGet(44)) - raft.server.rpc.timeout.max = 5200ms (custom)
2020-11-16 17:31:50,662 [pool-735-thread-1] INFO  server.RaftServerConfigKeys (ConfUtils.java:logGet(44)) - raft.server.rpcslowness.timeout = 300000ms (custom)
2020-11-16 17:31:50,662 [pool-735-thread-1] INFO  server.RaftServerConfigKeys (ConfUtils.java:logGet(44)) - raft.server.sleep.deviation.threshold = 300 (default)
2020-11-16 17:31:50,662 [pool-735-thread-1] INFO  server.RaftServerConfigKeys (ConfUtils.java:logGet(44)) - raft.server.log.appender.install.snapshot.enabled = false (custom)
2020-11-16 17:31:50,662 [pool-735-thread-1] INFO  impl.RaftServerImpl (ServerState.java:<init>(104)) - 6b3f7492-0ca6-4b3b-9a26-869cc0a580f4@group-465758ED8BC5: ConfigurationManager, init=-1: [6b3f7492-0ca6-4b3b-9a26-869cc0a580f4:172.17.0.2:37553:0], old=null, confs=<EMPTY_MAP>
2020-11-16 17:31:50,662 [pool-735-thread-1] INFO  server.RaftServerConfigKeys (ConfUtils.java:logGet(44)) - raft.server.storage.dir = [/github/workspace/mnt/ozone/hadoop-ozone/integration-test/target/test-dir/MiniOzoneClusterImpl-7523e9d5-68c3-40ce-b00f-57fa4c553895/datanode-6/data/ratis] (custom)
2020-11-16 17:31:50,663 [pool-735-thread-1] INFO  server.RaftServerConfigKeys (ConfUtils.java:logGet(44)) - raft.server.log.corruption.policy = EXCEPTION (default)
2020-11-16 17:31:50,663 [pool-735-thread-1] INFO  storage.RaftStorageDirectory (RaftStorageDirectory.java:analyzeStorage(261)) - The storage directory /github/workspace/mnt/ozone/hadoop-ozone/integration-test/target/test-dir/MiniOzoneClusterImpl-7523e9d5-68c3-40ce-b00f-57fa4c553895/datanode-6/data/ratis/26890cb8-6a58-49b8-98f4-465758ed8bc5 does not exist. Creating ...
2020-11-16 17:31:50,665 [pool-735-thread-1] INFO  storage.RaftStorageDirectory (RaftStorageDirectory.java:tryLock(343)) - Lock on /github/workspace/mnt/ozone/hadoop-ozone/integration-test/target/test-dir/MiniOzoneClusterImpl-7523e9d5-68c3-40ce-b00f-57fa4c553895/datanode-6/data/ratis/26890cb8-6a58-49b8-98f4-465758ed8bc5/in_use.lock acquired by nodename 814@17b325b6a691
2020-11-16 17:31:50,669 [pool-735-thread-1] INFO  storage.RaftStorage (RaftStorage.java:format(84)) - Storage directory /github/workspace/mnt/ozone/hadoop-ozone/integration-test/target/test-dir/MiniOzoneClusterImpl-7523e9d5-68c3-40ce-b00f-57fa4c553895/datanode-6/data/ratis/26890cb8-6a58-49b8-98f4-465758ed8bc5 has been successfully formatted.
2020-11-16 17:31:50,671 [pool-735-thread-1] INFO  ratis.ContainerStateMachine (ContainerStateMachine.java:loadSnapshot(225)) - group-465758ED8BC5: The snapshot info is null. Setting the last applied indexto:(t:0, i:~)
2020-11-16 17:31:50,671 [pool-735-thread-1] INFO  server.RaftServerConfigKeys (ConfUtils.java:logGet(44)) - raft.server.notification.no-leader.timeout = 300000ms (custom)
2020-11-16 17:31:50,671 [pool-735-thread-1] INFO  server.RaftServerConfigKeys (ConfUtils.java:logGet(44)) - raft.server.log.use.memory = false (default)
2020-11-16 17:31:50,671 [pool-735-thread-1] INFO  server.RaftServerConfigKeys (ConfUtils.java:logGet(44)) - raft.server.log.purge.gap = 1000000 (custom)
2020-11-16 17:31:50,671 [pool-735-thread-1] INFO  metrics.RatisMetrics (RatisMetrics.java:lambda$create$0(36)) - Creating Metrics Registry : ratis.log_worker.6b3f7492-0ca6-4b3b-9a26-869cc0a580f4@group-465758ED8BC5
2020-11-16 17:31:50,671 [EventQueue-PipelineReportForPipelineReportHandler] INFO  pipeline.PipelineStateManager (PipelineStateManager.java:openPipeline(132)) - Pipeline Pipeline[ Id: 26890cb8-6a58-49b8-98f4-465758ed8bc5, Nodes: 6b3f7492-0ca6-4b3b-9a26-869cc0a580f4{ip: 172.17.0.2, host: 17b325b6a691, networkLocation: /default-rack, certSerialId: null}, Type:RATIS, Factor:ONE, State:ALLOCATED, leaderId:6b3f7492-0ca6-4b3b-9a26-869cc0a580f4, CreationTimestamp2020-11-16T17:31:47.661Z] moved to OPEN state
2020-11-16 17:31:50,672 [EventQueue-OpenPipelineForOneReplicaPipelineSafeModeRule] INFO  safemode.SCMSafeModeManager (SCMSafeModeManager.java:validateSafeModeExitRules(214)) - AtleastOneDatanodeReportedRule rule is successfully validated
2020-11-16 17:31:50,672 [EventQueue-OpenPipelineForHealthyPipelineSafeModeRule] INFO  safemode.SCMSafeModeManager (HealthyPipelineSafeModeRule.java:process(129)) - SCM in safe mode. Healthy pipelines reported count is 0, required healthy pipeline reported count is 1
2020-11-16 17:31:50,672 [pool-735-thread-1] INFO  server.RaftServerConfigKeys (ConfUtils.java:logGet(44)) - raft.server.log.appender.buffer.byte-limit = 33554432 (custom)
2020-11-16 17:31:50,672 [pool-735-thread-1] INFO  server.RaftServerConfigKeys (ConfUtils.java:logGet(44)) - raft.server.log.segment.size.max = 1048576 (custom)
2020-11-16 17:31:50,673 [pool-735-thread-1] INFO  server.RaftServerConfigKeys (ConfUtils.java:logGet(44)) - raft.server.log.segment.cache.num.max = 2 (custom)
2020-11-16 17:31:50,673 [pool-735-thread-1] INFO  segmented.SegmentedRaftLogWorker (SegmentedRaftLogWorker.java:<init>(180)) - new 6b3f7492-0ca6-4b3b-9a26-869cc0a580f4@group-465758ED8BC5-SegmentedRaftLogWorker for RaftStorage:Storage Directory /github/workspace/mnt/ozone/hadoop-ozone/integration-test/target/test-dir/MiniOzoneClusterImpl-7523e9d5-68c3-40ce-b00f-57fa4c553895/datanode-6/data/ratis/26890cb8-6a58-49b8-98f4-465758ed8bc5
2020-11-16 17:31:50,673 [pool-735-thread-1] INFO  server.RaftServerConfigKeys (ConfUtils.java:logGet(44)) - raft.server.log.queue.byte-limit = 2147483647 (custom)
2020-11-16 17:31:50,673 [pool-735-thread-1] INFO  server.RaftServerConfigKeys (ConfUtils.java:logGet(44)) - raft.server.log.queue.element-limit = 1024 (custom)
2020-11-16 17:31:50,673 [pool-735-thread-1] INFO  server.RaftServerConfigKeys (ConfUtils.java:logGet(44)) - raft.server.log.segment.size.max = 1048576 (custom)
2020-11-16 17:31:50,673 [pool-735-thread-1] INFO  server.RaftServerConfigKeys (ConfUtils.java:logGet(44)) - raft.server.log.preallocated.size = 16384 (custom)
2020-11-16 17:31:50,673 [pool-735-thread-1] INFO  server.RaftServerConfigKeys (ConfUtils.java:logGet(44)) - raft.server.log.write.buffer.size = 1048576 (custom)
2020-11-16 17:31:50,673 [pool-735-thread-1] INFO  server.RaftServerConfigKeys (ConfUtils.java:logGet(44)) - raft.server.log.force.sync.num = 128 (default)
2020-11-16 17:31:50,673 [pool-735-thread-1] INFO  server.RaftServerConfigKeys (ConfUtils.java:logGet(44)) - raft.server.log.statemachine.data.sync = true (default)
2020-11-16 17:31:50,673 [pool-735-thread-1] INFO  server.RaftServerConfigKeys (ConfUtils.java:logGet(44)) - raft.server.log.statemachine.data.sync.timeout = 10s (default)
2020-11-16 17:31:50,673 [pool-735-thread-1] INFO  server.RaftServerConfigKeys (ConfUtils.java:logGet(44)) - raft.server.log.statemachine.data.sync.timeout.retry = -1 (default)
2020-11-16 17:31:50,676 [pool-735-thread-1] INFO  server.RaftServerConfigKeys (ConfUtils.java:logGet(44)) - raft.server.log.statemachine.data.caching.enabled = true (custom)
2020-11-16 17:31:50,676 [pool-735-thread-1] INFO  segmented.SegmentedRaftLogWorker (SegmentedRaftLogWorker.java:lambda$new$0(129)) - 6b3f7492-0ca6-4b3b-9a26-869cc0a580f4@group-465758ED8BC5-SegmentedRaftLogWorker: flushIndex: setUnconditionally 0 -> -1
2020-11-16 17:31:50,676 [pool-735-thread-1] INFO  segmented.SegmentedRaftLogWorker (SegmentedRaftLogWorker.java:lambda$new$0(129)) - 6b3f7492-0ca6-4b3b-9a26-869cc0a580f4@group-465758ED8BC5-SegmentedRaftLogWorker: safeCacheEvictIndex: setUnconditionally 0 -> -1
2020-11-16 17:31:50,676 [pool-735-thread-1] INFO  server.RaftServerConfigKeys (ConfUtils.java:logGet(44)) - raft.server.snapshot.auto.trigger.enabled = true (custom)
2020-11-16 17:31:50,676 [pool-735-thread-1] INFO  server.RaftServerConfigKeys (ConfUtils.java:logGet(44)) - raft.server.snapshot.auto.trigger.threshold = 10000 (custom)
2020-11-16 17:31:50,676 [pool-735-thread-1] INFO  server.RaftServerConfigKeys (ConfUtils.java:logGet(44)) - raft.server.snapshot.retention.file.num = 5 (custom)
2020-11-16 17:31:50,676 [pool-735-thread-1] INFO  server.RaftServerConfigKeys (ConfUtils.java:logGet(44)) - raft.server.log.purge.upto.snapshot.index = false (default)
2020-11-16 17:31:50,676 [pool-735-thread-1] INFO  server.RaftServerConfigKeys (ConfUtils.java:logGet(44)) - raft.server.retrycache.expirytime = 600000ms (custom)
2020-11-16 17:31:50,677 [pool-735-thread-1] INFO  metrics.RatisMetrics (RatisMetrics.java:lambda$create$0(36)) - Creating Metrics Registry : ratis.leader_election.6b3f7492-0ca6-4b3b-9a26-869cc0a580f4@group-465758ED8BC5
2020-11-16 17:31:50,677 [pool-735-thread-1] INFO  metrics.RatisMetrics (RatisMetrics.java:lambda$create$0(36)) - Creating Metrics Registry : ratis.server.6b3f7492-0ca6-4b3b-9a26-869cc0a580f4@group-465758ED8BC5
2020-11-16 17:31:50,679 [pool-735-thread-1] INFO  impl.RaftServerImpl (RaftServerImpl.java:start(209)) - 6b3f7492-0ca6-4b3b-9a26-869cc0a580f4@group-465758ED8BC5: start as a follower, conf=-1: [6b3f7492-0ca6-4b3b-9a26-869cc0a580f4:172.17.0.2:37553:0], old=null
2020-11-16 17:31:50,679 [pool-735-thread-1] INFO  impl.RaftServerImpl (RaftServerImpl.java:setRole(198)) - 6b3f7492-0ca6-4b3b-9a26-869cc0a580f4@group-465758ED8BC5: changes role from      null to FOLLOWER at term 0 for startAsFollower
2020-11-16 17:31:50,679 [pool-735-thread-1] INFO  impl.RoleInfo (RoleInfo.java:updateAndGet(143)) - 6b3f7492-0ca6-4b3b-9a26-869cc0a580f4: start FollowerState
2020-11-16 17:31:50,679 [pool-735-thread-1] INFO  util.JmxRegister (JmxRegister.java:tryRegister(44)) - Successfully registered JMX Bean with object name Ratis:service=RaftServer,group=group-465758ED8BC5,id=6b3f7492-0ca6-4b3b-9a26-869cc0a580f4
2020-11-16 17:31:50,679 [pool-735-thread-1] INFO  metrics.RatisMetrics (RatisMetrics.java:lambda$create$0(36)) - Creating Metrics Registry : ratis.state_machine.6b3f7492-0ca6-4b3b-9a26-869cc0a580f4@group-465758ED8BC5
2020-11-16 17:31:50,680 [Command processor thread] INFO  commandhandler.CreatePipelineCommandHandler (CreatePipelineCommandHandler.java:handle(106)) - Created Pipeline RATIS ONE PipelineID=26890cb8-6a58-49b8-98f4-465758ed8bc5.
2020-11-16 17:31:51,661 [Listener at 127.0.0.1/35907] INFO  ozone.MiniOzoneClusterImpl (MiniOzoneClusterImpl.java:lambda$waitForClusterToBeReady$0(178)) - Nodes are ready. Got 7 of 7 DN Heartbeats.
2020-11-16 17:31:51,661 [Listener at 127.0.0.1/35907] INFO  ozone.MiniOzoneClusterImpl (MiniOzoneClusterImpl.java:lambda$waitForClusterToBeReady$0(181)) - Waiting for cluster to exit safe mode
2020-11-16 17:31:52,662 [Listener at 127.0.0.1/35907] INFO  ozone.MiniOzoneClusterImpl (MiniOzoneClusterImpl.java:lambda$waitForClusterToBeReady$0(178)) - Nodes are ready. Got 7 of 7 DN Heartbeats.
2020-11-16 17:31:52,662 [Listener at 127.0.0.1/35907] INFO  ozone.MiniOzoneClusterImpl (MiniOzoneClusterImpl.java:lambda$waitForClusterToBeReady$0(181)) - Waiting for cluster to exit safe mode
2020-11-16 17:31:53,662 [Listener at 127.0.0.1/35907] INFO  ozone.MiniOzoneClusterImpl (MiniOzoneClusterImpl.java:lambda$waitForClusterToBeReady$0(178)) - Nodes are ready. Got 7 of 7 DN Heartbeats.
2020-11-16 17:31:53,662 [Listener at 127.0.0.1/35907] INFO  ozone.MiniOzoneClusterImpl (MiniOzoneClusterImpl.java:lambda$waitForClusterToBeReady$0(181)) - Waiting for cluster to exit safe mode
2020-11-16 17:31:54,662 [Listener at 127.0.0.1/35907] INFO  ozone.MiniOzoneClusterImpl (MiniOzoneClusterImpl.java:lambda$waitForClusterToBeReady$0(178)) - Nodes are ready. Got 7 of 7 DN Heartbeats.
2020-11-16 17:31:54,663 [Listener at 127.0.0.1/35907] INFO  ozone.MiniOzoneClusterImpl (MiniOzoneClusterImpl.java:lambda$waitForClusterToBeReady$0(181)) - Waiting for cluster to exit safe mode
2020-11-16 17:31:54,683 [Thread-2493] INFO  impl.FollowerState (FollowerState.java:run(108)) - e605e0dd-6a71-4a0a-8796-3643e725e1ee@group-7ACBF0F3979A-FollowerState: change to CANDIDATE, lastRpcTime:5080ms, electionTimeout:5080ms
2020-11-16 17:31:54,683 [Thread-2493] INFO  impl.RoleInfo (RoleInfo.java:shutdownFollowerState(121)) - e605e0dd-6a71-4a0a-8796-3643e725e1ee: shutdown FollowerState
2020-11-16 17:31:54,683 [Thread-2493] INFO  impl.RaftServerImpl (RaftServerImpl.java:setRole(198)) - e605e0dd-6a71-4a0a-8796-3643e725e1ee@group-7ACBF0F3979A: changes role from  FOLLOWER to CANDIDATE at term 0 for changeToCandidate
2020-11-16 17:31:54,683 [Thread-2493] INFO  impl.RoleInfo (RoleInfo.java:updateAndGet(143)) - e605e0dd-6a71-4a0a-8796-3643e725e1ee: start LeaderElection
2020-11-16 17:31:54,687 [e605e0dd-6a71-4a0a-8796-3643e725e1ee@group-7ACBF0F3979A-LeaderElection78] INFO  impl.LeaderElection (LeaderElection.java:askForVotes(210)) - e605e0dd-6a71-4a0a-8796-3643e725e1ee@group-7ACBF0F3979A-LeaderElection78: begin an election at term 1 for -1: [e605e0dd-6a71-4a0a-8796-3643e725e1ee:172.17.0.2:36279:0, 40c7d372-b34a-46f9-a435-b3894c66894a:172.17.0.2:37525:0, fbf3a64f-640b-4b02-ae41-dab4aff0d596:172.17.0.2:40251:0], old=null
2020-11-16 17:31:54,748 [Thread-2495] INFO  impl.FollowerState (FollowerState.java:run(108)) - fbf3a64f-640b-4b02-ae41-dab4aff0d596@group-7ACBF0F3979A-FollowerState: change to CANDIDATE, lastRpcTime:5120ms, electionTimeout:5091ms
2020-11-16 17:31:54,748 [Thread-2495] INFO  impl.RoleInfo (RoleInfo.java:shutdownFollowerState(121)) - fbf3a64f-640b-4b02-ae41-dab4aff0d596: shutdown FollowerState
2020-11-16 17:31:54,748 [Thread-2495] INFO  impl.RaftServerImpl (RaftServerImpl.java:setRole(198)) - fbf3a64f-640b-4b02-ae41-dab4aff0d596@group-7ACBF0F3979A: changes role from  FOLLOWER to CANDIDATE at term 0 for changeToCandidate
2020-11-16 17:31:54,748 [Thread-2495] INFO  impl.RoleInfo (RoleInfo.java:updateAndGet(143)) - fbf3a64f-640b-4b02-ae41-dab4aff0d596: start LeaderElection
2020-11-16 17:31:54,751 [Thread-2498] INFO  impl.FollowerState (FollowerState.java:run(108)) - 40c7d372-b34a-46f9-a435-b3894c66894a@group-7ACBF0F3979A-FollowerState: change to CANDIDATE, lastRpcTime:5096ms, electionTimeout:5095ms
2020-11-16 17:31:54,752 [Thread-2498] INFO  impl.RoleInfo (RoleInfo.java:shutdownFollowerState(121)) - 40c7d372-b34a-46f9-a435-b3894c66894a: shutdown FollowerState
2020-11-16 17:31:54,752 [Thread-2498] INFO  impl.RaftServerImpl (RaftServerImpl.java:setRole(198)) - 40c7d372-b34a-46f9-a435-b3894c66894a@group-7ACBF0F3979A: changes role from  FOLLOWER to CANDIDATE at term 0 for changeToCandidate
2020-11-16 17:31:54,752 [Thread-2498] INFO  impl.RoleInfo (RoleInfo.java:updateAndGet(143)) - 40c7d372-b34a-46f9-a435-b3894c66894a: start LeaderElection
2020-11-16 17:31:54,753 [fbf3a64f-640b-4b02-ae41-dab4aff0d596@group-7ACBF0F3979A-LeaderElection79] INFO  impl.LeaderElection (LeaderElection.java:askForVotes(210)) - fbf3a64f-640b-4b02-ae41-dab4aff0d596@group-7ACBF0F3979A-LeaderElection79: begin an election at term 1 for -1: [e605e0dd-6a71-4a0a-8796-3643e725e1ee:172.17.0.2:36279:0, 40c7d372-b34a-46f9-a435-b3894c66894a:172.17.0.2:37525:0, fbf3a64f-640b-4b02-ae41-dab4aff0d596:172.17.0.2:40251:0], old=null
2020-11-16 17:31:54,760 [grpc-default-executor-11] INFO  impl.RaftServerImpl (RaftServerImpl.java:setRole(198)) - 40c7d372-b34a-46f9-a435-b3894c66894a@group-7ACBF0F3979A: changes role from CANDIDATE to FOLLOWER at term 1 for recognizeCandidate:e605e0dd-6a71-4a0a-8796-3643e725e1ee
2020-11-16 17:31:54,760 [grpc-default-executor-11] INFO  impl.RoleInfo (RoleInfo.java:shutdownLeaderElection(134)) - 40c7d372-b34a-46f9-a435-b3894c66894a: shutdown LeaderElection
2020-11-16 17:31:54,760 [grpc-default-executor-11] INFO  impl.RoleInfo (RoleInfo.java:updateAndGet(143)) - 40c7d372-b34a-46f9-a435-b3894c66894a: start FollowerState
2020-11-16 17:31:54,771 [Thread-2509] INFO  impl.FollowerState (FollowerState.java:run(108)) - fbf3a64f-640b-4b02-ae41-dab4aff0d596@group-4C905D290142-FollowerState: change to CANDIDATE, lastRpcTime:5010ms, electionTimeout:5003ms
2020-11-16 17:31:54,771 [Thread-2509] INFO  impl.RoleInfo (RoleInfo.java:shutdownFollowerState(121)) - fbf3a64f-640b-4b02-ae41-dab4aff0d596: shutdown FollowerState
2020-11-16 17:31:54,771 [Thread-2509] INFO  impl.RaftServerImpl (RaftServerImpl.java:setRole(198)) - fbf3a64f-640b-4b02-ae41-dab4aff0d596@group-4C905D290142: changes role from  FOLLOWER to CANDIDATE at term 0 for changeToCandidate
2020-11-16 17:31:54,772 [Thread-2509] INFO  impl.RoleInfo (RoleInfo.java:updateAndGet(143)) - fbf3a64f-640b-4b02-ae41-dab4aff0d596: start LeaderElection
2020-11-16 17:31:54,777 [e605e0dd-6a71-4a0a-8796-3643e725e1ee@group-7ACBF0F3979A-LeaderElection78] INFO  impl.LeaderElection (LeaderElection.java:logAndReturn(62)) - e605e0dd-6a71-4a0a-8796-3643e725e1ee@group-7ACBF0F3979A-LeaderElection78: Election REJECTED; received 2 response(s) [e605e0dd-6a71-4a0a-8796-3643e725e1ee<-40c7d372-b34a-46f9-a435-b3894c66894a#0:FAIL-t1, e605e0dd-6a71-4a0a-8796-3643e725e1ee<-fbf3a64f-640b-4b02-ae41-dab4aff0d596#0:FAIL-t1] and 0 exception(s); e605e0dd-6a71-4a0a-8796-3643e725e1ee@group-7ACBF0F3979A:t1, leader=null, voted=e605e0dd-6a71-4a0a-8796-3643e725e1ee, raftlog=e605e0dd-6a71-4a0a-8796-3643e725e1ee@group-7ACBF0F3979A-SegmentedRaftLog:OPENED:c-1,f-1,i0, conf=-1: [e605e0dd-6a71-4a0a-8796-3643e725e1ee:172.17.0.2:36279:0, 40c7d372-b34a-46f9-a435-b3894c66894a:172.17.0.2:37525:0, fbf3a64f-640b-4b02-ae41-dab4aff0d596:172.17.0.2:40251:0], old=null
2020-11-16 17:31:54,777 [e605e0dd-6a71-4a0a-8796-3643e725e1ee@group-7ACBF0F3979A-LeaderElection78] INFO  impl.RaftServerImpl (RaftServerImpl.java:setRole(198)) - e605e0dd-6a71-4a0a-8796-3643e725e1ee@group-7ACBF0F3979A: changes role from CANDIDATE to FOLLOWER at term 1 for DISCOVERED_A_NEW_TERM
2020-11-16 17:31:54,777 [e605e0dd-6a71-4a0a-8796-3643e725e1ee@group-7ACBF0F3979A-LeaderElection78] INFO  impl.RoleInfo (RoleInfo.java:shutdownLeaderElection(134)) - e605e0dd-6a71-4a0a-8796-3643e725e1ee: shutdown LeaderElection
2020-11-16 17:31:54,778 [e605e0dd-6a71-4a0a-8796-3643e725e1ee@group-7ACBF0F3979A-LeaderElection78] INFO  impl.RoleInfo (RoleInfo.java:updateAndGet(143)) - e605e0dd-6a71-4a0a-8796-3643e725e1ee: start FollowerState
2020-11-16 17:31:54,778 [Thread-2491] INFO  impl.FollowerState (FollowerState.java:run(108)) - e605e0dd-6a71-4a0a-8796-3643e725e1ee@group-F8F270BC7FB2-FollowerState: change to CANDIDATE, lastRpcTime:5188ms, electionTimeout:5188ms
2020-11-16 17:31:54,778 [Thread-2491] INFO  impl.RoleInfo (RoleInfo.java:shutdownFollowerState(121)) - e605e0dd-6a71-4a0a-8796-3643e725e1ee: shutdown FollowerState
2020-11-16 17:31:54,778 [Thread-2491] INFO  impl.RaftServerImpl (RaftServerImpl.java:setRole(198)) - e605e0dd-6a71-4a0a-8796-3643e725e1ee@group-F8F270BC7FB2: changes role from  FOLLOWER to CANDIDATE at term 0 for changeToCandidate
2020-11-16 17:31:54,779 [fbf3a64f-640b-4b02-ae41-dab4aff0d596@group-4C905D290142-LeaderElection81] INFO  impl.LeaderElection (LeaderElection.java:askForVotes(210)) - fbf3a64f-640b-4b02-ae41-dab4aff0d596@group-4C905D290142-LeaderElection81: begin an election at term 1 for -1: [fbf3a64f-640b-4b02-ae41-dab4aff0d596:172.17.0.2:40251:0], old=null
2020-11-16 17:31:54,779 [fbf3a64f-640b-4b02-ae41-dab4aff0d596@group-4C905D290142-LeaderElection81] INFO  impl.RoleInfo (RoleInfo.java:shutdownLeaderElection(134)) - fbf3a64f-640b-4b02-ae41-dab4aff0d596: shutdown LeaderElection
2020-11-16 17:31:54,779 [fbf3a64f-640b-4b02-ae41-dab4aff0d596@group-4C905D290142-LeaderElection81] INFO  impl.RaftServerImpl (RaftServerImpl.java:setRole(198)) - fbf3a64f-640b-4b02-ae41-dab4aff0d596@group-4C905D290142: changes role from CANDIDATE to LEADER at term 1 for changeToLeader
2020-11-16 17:31:54,779 [fbf3a64f-640b-4b02-ae41-dab4aff0d596@group-4C905D290142-LeaderElection81] INFO  ratis.XceiverServerRatis (XceiverServerRatis.java:handleLeaderChangedNotification(854)) - Leader change notification received for group: group-4C905D290142 with new leaderId: fbf3a64f-640b-4b02-ae41-dab4aff0d596
2020-11-16 17:31:54,787 [Thread-2491] INFO  impl.RoleInfo (RoleInfo.java:updateAndGet(143)) - e605e0dd-6a71-4a0a-8796-3643e725e1ee: start LeaderElection
2020-11-16 17:31:54,790 [fbf3a64f-640b-4b02-ae41-dab4aff0d596@group-4C905D290142-LeaderElection81] INFO  impl.RaftServerImpl (ServerState.java:setLeader(256)) - fbf3a64f-640b-4b02-ae41-dab4aff0d596@group-4C905D290142: change Leader from null to fbf3a64f-640b-4b02-ae41-dab4aff0d596 at term 1 for becomeLeader, leader elected after 5026ms
2020-11-16 17:31:54,790 [fbf3a64f-640b-4b02-ae41-dab4aff0d596@group-4C905D290142-LeaderElection81] INFO  server.RaftServerConfigKeys (ConfUtils.java:logGet(44)) - raft.server.staging.catchup.gap = 1000 (default)
2020-11-16 17:31:54,790 [fbf3a64f-640b-4b02-ae41-dab4aff0d596@group-4C905D290142-LeaderElection81] INFO  server.RaftServerConfigKeys (ConfUtils.java:logGet(44)) - raft.server.rpc.sleep.time = 25ms (default)
2020-11-16 17:31:54,790 [fbf3a64f-640b-4b02-ae41-dab4aff0d596@group-4C905D290142-LeaderElection81] INFO  metrics.RatisMetrics (RatisMetrics.java:lambda$create$0(36)) - Creating Metrics Registry : ratis.log_appender.fbf3a64f-640b-4b02-ae41-dab4aff0d596@group-4C905D290142
2020-11-16 17:31:54,790 [fbf3a64f-640b-4b02-ae41-dab4aff0d596@group-4C905D290142-LeaderElection81] INFO  server.RaftServerConfigKeys (ConfUtils.java:logGet(44)) - raft.server.write.element-limit = 1024 (custom)
2020-11-16 17:31:54,790 [fbf3a64f-640b-4b02-ae41-dab4aff0d596@group-4C905D290142-LeaderElection81] INFO  server.RaftServerConfigKeys (ConfUtils.java:logGet(44)) - raft.server.write.byte-limit = 1073741824 (custom)
2020-11-16 17:31:54,791 [fbf3a64f-640b-4b02-ae41-dab4aff0d596@group-4C905D290142-LeaderElection81] INFO  server.RaftServerConfigKeys (ConfUtils.java:logGet(44)) - raft.server.watch.timeout = 3000ms (custom)
2020-11-16 17:31:54,791 [fbf3a64f-640b-4b02-ae41-dab4aff0d596@group-4C905D290142-LeaderElection81] INFO  server.RaftServerConfigKeys (ConfUtils.java:logGet(44)) - raft.server.watch.timeout.denomination = 1s (default)
2020-11-16 17:31:54,791 [fbf3a64f-640b-4b02-ae41-dab4aff0d596@group-4C905D290142-LeaderElection81] INFO  server.RaftServerConfigKeys (ConfUtils.java:logGet(44)) - raft.server.watch.element-limit = 65536 (default)
2020-11-16 17:31:54,791 [fbf3a64f-640b-4b02-ae41-dab4aff0d596@group-4C905D290142-LeaderElection81] INFO  impl.RoleInfo (RoleInfo.java:updateAndGet(143)) - fbf3a64f-640b-4b02-ae41-dab4aff0d596: start LeaderState
2020-11-16 17:31:54,792 [fbf3a64f-640b-4b02-ae41-dab4aff0d596@group-4C905D290142-LeaderElection81] INFO  segmented.SegmentedRaftLogWorker (SegmentedRaftLogWorker.java:startLogSegment(397)) - fbf3a64f-640b-4b02-ae41-dab4aff0d596@group-4C905D290142-SegmentedRaftLogWorker: Starting segment from index:0
2020-11-16 17:31:54,792 [fbf3a64f-640b-4b02-ae41-dab4aff0d596@group-4C905D290142-LeaderElection81] INFO  impl.RaftServerImpl (ServerState.java:setRaftConf(374)) - fbf3a64f-640b-4b02-ae41-dab4aff0d596@group-4C905D290142: set configuration 0: [fbf3a64f-640b-4b02-ae41-dab4aff0d596:172.17.0.2:40251:0], old=null at 0
2020-11-16 17:31:54,794 [fbf3a64f-640b-4b02-ae41-dab4aff0d596@group-4C905D290142-SegmentedRaftLogWorker] INFO  segmented.SegmentedRaftLogWorker (SegmentedRaftLogWorker.java:execute(596)) - fbf3a64f-640b-4b02-ae41-dab4aff0d596@group-4C905D290142-SegmentedRaftLogWorker: created new log segment /github/workspace/mnt/ozone/hadoop-ozone/integration-test/target/test-dir/MiniOzoneClusterImpl-7523e9d5-68c3-40ce-b00f-57fa4c553895/datanode-1/data/ratis/ccdd619e-40c8-4c23-9abc-4c905d290142/current/log_inprogress_0
2020-11-16 17:31:54,802 [grpc-default-executor-11] INFO  metrics.RatisMetrics (RatisMetrics.java:lambda$create$0(36)) - Creating Metrics Registry : ratis.server_message_metrics.e605e0dd-6a71-4a0a-8796-3643e725e1ee
2020-11-16 17:31:54,804 [grpc-default-executor-11] INFO  impl.RaftServerImpl (RaftServerImpl.java:setRole(198)) - 40c7d372-b34a-46f9-a435-b3894c66894a@group-7ACBF0F3979A: changes role from  FOLLOWER to FOLLOWER at term 1 for recognizeCandidate:fbf3a64f-640b-4b02-ae41-dab4aff0d596
2020-11-16 17:31:54,804 [grpc-default-executor-11] INFO  impl.RoleInfo (RoleInfo.java:shutdownFollowerState(121)) - 40c7d372-b34a-46f9-a435-b3894c66894a: shutdown FollowerState
2020-11-16 17:31:54,804 [grpc-default-executor-11] INFO  impl.RoleInfo (RoleInfo.java:updateAndGet(143)) - 40c7d372-b34a-46f9-a435-b3894c66894a: start FollowerState
2020-11-16 17:31:54,804 [Thread-2543] INFO  impl.FollowerState (FollowerState.java:run(117)) - 40c7d372-b34a-46f9-a435-b3894c66894a@group-7ACBF0F3979A-FollowerState was interrupted: java.lang.InterruptedException: sleep interrupted
2020-11-16 17:31:54,807 [grpc-default-executor-11] INFO  impl.RaftServerImpl (RaftServerImpl.java:requestVote(923)) -  FOLLOWER 40c7d372-b34a-46f9-a435-b3894c66894a@group-7ACBF0F3979A:t1, leader=null, voted=null, raftlog=40c7d372-b34a-46f9-a435-b3894c66894a@group-7ACBF0F3979A-SegmentedRaftLog:OPENED:c-1,f-1,i0, conf=-1: [e605e0dd-6a71-4a0a-8796-3643e725e1ee:172.17.0.2:36279:0, 40c7d372-b34a-46f9-a435-b3894c66894a:172.17.0.2:37525:0, fbf3a64f-640b-4b02-ae41-dab4aff0d596:172.17.0.2:40251:0], old=null RUNNING priority:0 candidate:fbf3a64f-640b-4b02-ae41-dab4aff0d596:172.17.0.2:40251:0 candidatePriority:0 compare:0
2020-11-16 17:31:54,809 [fbf3a64f-640b-4b02-ae41-dab4aff0d596@group-7ACBF0F3979A-LeaderElection79] INFO  impl.LeaderElection (LeaderElection.java:logAndReturn(62)) - fbf3a64f-640b-4b02-ae41-dab4aff0d596@group-7ACBF0F3979A-LeaderElection79: Election PASSED; received 2 response(s) [fbf3a64f-640b-4b02-ae41-dab4aff0d596<-e605e0dd-6a71-4a0a-8796-3643e725e1ee#0:FAIL-t1, fbf3a64f-640b-4b02-ae41-dab4aff0d596<-40c7d372-b34a-46f9-a435-b3894c66894a#0:OK-t1] and 0 exception(s); fbf3a64f-640b-4b02-ae41-dab4aff0d596@group-7ACBF0F3979A:t1, leader=null, voted=fbf3a64f-640b-4b02-ae41-dab4aff0d596, raftlog=fbf3a64f-640b-4b02-ae41-dab4aff0d596@group-7ACBF0F3979A-SegmentedRaftLog:OPENED:c-1,f-1,i0, conf=-1: [e605e0dd-6a71-4a0a-8796-3643e725e1ee:172.17.0.2:36279:0, 40c7d372-b34a-46f9-a435-b3894c66894a:172.17.0.2:37525:0, fbf3a64f-640b-4b02-ae41-dab4aff0d596:172.17.0.2:40251:0], old=null
2020-11-16 17:31:54,809 [fbf3a64f-640b-4b02-ae41-dab4aff0d596@group-7ACBF0F3979A-LeaderElection79] INFO  impl.RoleInfo (RoleInfo.java:shutdownLeaderElection(134)) - fbf3a64f-640b-4b02-ae41-dab4aff0d596: shutdown LeaderElection
2020-11-16 17:31:54,809 [fbf3a64f-640b-4b02-ae41-dab4aff0d596@group-7ACBF0F3979A-LeaderElection79] INFO  impl.RaftServerImpl (RaftServerImpl.java:setRole(198)) - fbf3a64f-640b-4b02-ae41-dab4aff0d596@group-7ACBF0F3979A: changes role from CANDIDATE to LEADER at term 1 for changeToLeader
2020-11-16 17:31:54,809 [fbf3a64f-640b-4b02-ae41-dab4aff0d596@group-7ACBF0F3979A-LeaderElection79] INFO  ratis.XceiverServerRatis (XceiverServerRatis.java:handleLeaderChangedNotification(854)) - Leader change notification received for group: group-7ACBF0F3979A with new leaderId: fbf3a64f-640b-4b02-ae41-dab4aff0d596
2020-11-16 17:31:54,809 [fbf3a64f-640b-4b02-ae41-dab4aff0d596@group-7ACBF0F3979A-LeaderElection79] INFO  impl.RaftServerImpl (ServerState.java:setLeader(256)) - fbf3a64f-640b-4b02-ae41-dab4aff0d596@group-7ACBF0F3979A: change Leader from null to fbf3a64f-640b-4b02-ae41-dab4aff0d596 at term 1 for becomeLeader, leader elected after 5193ms
2020-11-16 17:31:54,810 [fbf3a64f-640b-4b02-ae41-dab4aff0d596@group-7ACBF0F3979A-LeaderElection79] INFO  server.RaftServerConfigKeys (ConfUtils.java:logGet(44)) - raft.server.staging.catchup.gap = 1000 (default)
2020-11-16 17:31:54,810 [fbf3a64f-640b-4b02-ae41-dab4aff0d596@group-7ACBF0F3979A-LeaderElection79] INFO  server.RaftServerConfigKeys (ConfUtils.java:logGet(44)) - raft.server.rpc.sleep.time = 25ms (default)
2020-11-16 17:31:54,810 [fbf3a64f-640b-4b02-ae41-dab4aff0d596@group-7ACBF0F3979A-LeaderElection79] INFO  metrics.RatisMetrics (RatisMetrics.java:lambda$create$0(36)) - Creating Metrics Registry : ratis.log_appender.fbf3a64f-640b-4b02-ae41-dab4aff0d596@group-7ACBF0F3979A
2020-11-16 17:31:54,810 [fbf3a64f-640b-4b02-ae41-dab4aff0d596@group-7ACBF0F3979A-LeaderElection79] INFO  server.RaftServerConfigKeys (ConfUtils.java:logGet(44)) - raft.server.write.element-limit = 1024 (custom)
2020-11-16 17:31:54,810 [fbf3a64f-640b-4b02-ae41-dab4aff0d596@group-7ACBF0F3979A-LeaderElection79] INFO  server.RaftServerConfigKeys (ConfUtils.java:logGet(44)) - raft.server.write.byte-limit = 1073741824 (custom)
2020-11-16 17:31:54,814 [fbf3a64f-640b-4b02-ae41-dab4aff0d596@group-7ACBF0F3979A-LeaderElection79] INFO  server.RaftServerConfigKeys (ConfUtils.java:logGet(44)) - raft.server.watch.timeout = 3000ms (custom)
2020-11-16 17:31:54,814 [fbf3a64f-640b-4b02-ae41-dab4aff0d596@group-7ACBF0F3979A-LeaderElection79] INFO  server.RaftServerConfigKeys (ConfUtils.java:logGet(44)) - raft.server.watch.timeout.denomination = 1s (default)
2020-11-16 17:31:54,814 [fbf3a64f-640b-4b02-ae41-dab4aff0d596@group-7ACBF0F3979A-LeaderElection79] INFO  server.RaftServerConfigKeys (ConfUtils.java:logGet(44)) - raft.server.watch.element-limit = 65536 (default)
2020-11-16 17:31:54,814 [fbf3a64f-640b-4b02-ae41-dab4aff0d596@group-7ACBF0F3979A-LeaderElection79] INFO  server.RaftServerConfigKeys (ConfUtils.java:logGet(44)) - raft.server.log.appender.snapshot.chunk.size.max = 16MB (=16777216) (default)
2020-11-16 17:31:54,814 [fbf3a64f-640b-4b02-ae41-dab4aff0d596@group-7ACBF0F3979A-LeaderElection79] INFO  server.RaftServerConfigKeys (ConfUtils.java:logGet(44)) - raft.server.log.appender.buffer.byte-limit = 33554432 (custom)
2020-11-16 17:31:54,814 [fbf3a64f-640b-4b02-ae41-dab4aff0d596@group-7ACBF0F3979A-LeaderElection79] INFO  server.RaftServerConfigKeys (ConfUtils.java:logGet(44)) - raft.server.log.appender.buffer.element-limit = 1 (custom)
2020-11-16 17:31:54,814 [fbf3a64f-640b-4b02-ae41-dab4aff0d596@group-7ACBF0F3979A-LeaderElection79] INFO  grpc.GrpcConfigKeys (ConfUtils.java:logGet(44)) - raft.grpc.server.leader.outstanding.appends.max = 128 (default)
2020-11-16 17:31:54,814 [fbf3a64f-640b-4b02-ae41-dab4aff0d596@group-7ACBF0F3979A-LeaderElection79] INFO  server.RaftServerConfigKeys (ConfUtils.java:logGet(44)) - raft.server.rpc.request.timeout = 3000ms (default)
2020-11-16 17:31:54,814 [fbf3a64f-640b-4b02-ae41-dab4aff0d596@group-7ACBF0F3979A-LeaderElection79] INFO  server.RaftServerConfigKeys (ConfUtils.java:logGet(44)) - raft.server.log.appender.install.snapshot.enabled = false (custom)
2020-11-16 17:31:54,814 [fbf3a64f-640b-4b02-ae41-dab4aff0d596@group-7ACBF0F3979A-LeaderElection79] INFO  metrics.RatisMetrics (RatisMetrics.java:lambda$create$0(36)) - Creating Metrics Registry : ratis_grpc.log_appender.fbf3a64f-640b-4b02-ae41-dab4aff0d596@group-7ACBF0F3979A
2020-11-16 17:31:54,816 [EventQueue-PipelineReportForPipelineReportHandler] INFO  pipeline.PipelineStateManager (PipelineStateManager.java:openPipeline(132)) - Pipeline Pipeline[ Id: 3fc48667-3dd6-4ded-99d3-7acbf0f3979a, Nodes: fbf3a64f-640b-4b02-ae41-dab4aff0d596{ip: 172.17.0.2, host: 17b325b6a691, networkLocation: /default-rack, certSerialId: null}40c7d372-b34a-46f9-a435-b3894c66894a{ip: 172.17.0.2, host: 17b325b6a691, networkLocation: /default-rack, certSerialId: null}e605e0dd-6a71-4a0a-8796-3643e725e1ee{ip: 172.17.0.2, host: 17b325b6a691, networkLocation: /default-rack, certSerialId: null}, Type:RATIS, Factor:THREE, State:ALLOCATED, leaderId:fbf3a64f-640b-4b02-ae41-dab4aff0d596, CreationTimestamp2020-11-16T17:31:46.926Z] moved to OPEN state
2020-11-16 17:31:54,816 [EventQueue-OpenPipelineForHealthyPipelineSafeModeRule] INFO  safemode.SCMSafeModeManager (HealthyPipelineSafeModeRule.java:process(129)) - SCM in safe mode. Healthy pipelines reported count is 1, required healthy pipeline reported count is 1
2020-11-16 17:31:54,816 [EventQueue-OpenPipelineForHealthyPipelineSafeModeRule] INFO  safemode.SCMSafeModeManager (SCMSafeModeManager.java:validateSafeModeExitRules(214)) - HealthyPipelineSafeModeRule rule is successfully validated
2020-11-16 17:31:54,816 [EventQueue-OpenPipelineForHealthyPipelineSafeModeRule] INFO  safemode.SCMSafeModeManager (SCMSafeModeManager.java:validateSafeModeExitRules(228)) - ScmSafeModeManager, all rules are successfully validated
2020-11-16 17:31:54,816 [EventQueue-OpenPipelineForHealthyPipelineSafeModeRule] INFO  safemode.SCMSafeModeManager (SCMSafeModeManager.java:exitSafeMode(257)) - SCM exiting safe mode.
2020-11-16 17:31:54,819 [fbf3a64f-640b-4b02-ae41-dab4aff0d596@group-7ACBF0F3979A-LeaderElection79] INFO  server.RaftServerConfigKeys (ConfUtils.java:logGet(44)) - raft.server.log.appender.snapshot.chunk.size.max = 16MB (=16777216) (default)
2020-11-16 17:31:54,820 [fbf3a64f-640b-4b02-ae41-dab4aff0d596@group-7ACBF0F3979A-LeaderElection79] INFO  server.RaftServerConfigKeys (ConfUtils.java:logGet(44)) - raft.server.log.appender.buffer.byte-limit = 33554432 (custom)
2020-11-16 17:31:54,820 [fbf3a64f-640b-4b02-ae41-dab4aff0d596@group-7ACBF0F3979A-LeaderElection79] INFO  server.RaftServerConfigKeys (ConfUtils.java:logGet(44)) - raft.server.log.appender.buffer.element-limit = 1 (custom)
2020-11-16 17:31:54,820 [fbf3a64f-640b-4b02-ae41-dab4aff0d596@group-7ACBF0F3979A-LeaderElection79] INFO  grpc.GrpcConfigKeys (ConfUtils.java:logGet(44)) - raft.grpc.server.leader.outstanding.appends.max = 128 (default)
2020-11-16 17:31:54,820 [fbf3a64f-640b-4b02-ae41-dab4aff0d596@group-7ACBF0F3979A-LeaderElection79] INFO  server.RaftServerConfigKeys (ConfUtils.java:logGet(44)) - raft.server.rpc.request.timeout = 3000ms (default)
2020-11-16 17:31:54,820 [fbf3a64f-640b-4b02-ae41-dab4aff0d596@group-7ACBF0F3979A-LeaderElection79] INFO  server.RaftServerConfigKeys (ConfUtils.java:logGet(44)) - raft.server.log.appender.install.snapshot.enabled = false (custom)
2020-11-16 17:31:54,822 [fbf3a64f-640b-4b02-ae41-dab4aff0d596@group-7ACBF0F3979A-LeaderElection79] INFO  impl.RoleInfo (RoleInfo.java:updateAndGet(143)) - fbf3a64f-640b-4b02-ae41-dab4aff0d596: start LeaderState
2020-11-16 17:31:54,822 [fbf3a64f-640b-4b02-ae41-dab4aff0d596@group-7ACBF0F3979A-LeaderElection79] INFO  segmented.SegmentedRaftLogWorker (SegmentedRaftLogWorker.java:startLogSegment(397)) - fbf3a64f-640b-4b02-ae41-dab4aff0d596@group-7ACBF0F3979A-SegmentedRaftLogWorker: Starting segment from index:0
2020-11-16 17:31:54,823 [e605e0dd-6a71-4a0a-8796-3643e725e1ee@group-F8F270BC7FB2-LeaderElection82] INFO  impl.LeaderElection (LeaderElection.java:askForVotes(210)) - e605e0dd-6a71-4a0a-8796-3643e725e1ee@group-F8F270BC7FB2-LeaderElection82: begin an election at term 1 for -1: [e605e0dd-6a71-4a0a-8796-3643e725e1ee:172.17.0.2:36279:0], old=null
2020-11-16 17:31:54,823 [e605e0dd-6a71-4a0a-8796-3643e725e1ee@group-F8F270BC7FB2-LeaderElection82] INFO  impl.RoleInfo (RoleInfo.java:shutdownLeaderElection(134)) - e605e0dd-6a71-4a0a-8796-3643e725e1ee: shutdown LeaderElection
2020-11-16 17:31:54,823 [e605e0dd-6a71-4a0a-8796-3643e725e1ee@group-F8F270BC7FB2-LeaderElection82] INFO  impl.RaftServerImpl (RaftServerImpl.java:setRole(198)) - e605e0dd-6a71-4a0a-8796-3643e725e1ee@group-F8F270BC7FB2: changes role from CANDIDATE to LEADER at term 1 for changeToLeader
2020-11-16 17:31:54,823 [e605e0dd-6a71-4a0a-8796-3643e725e1ee@group-F8F270BC7FB2-LeaderElection82] INFO  ratis.XceiverServerRatis (XceiverServerRatis.java:handleLeaderChangedNotification(854)) - Leader change notification received for group: group-F8F270BC7FB2 with new leaderId: e605e0dd-6a71-4a0a-8796-3643e725e1ee
2020-11-16 17:31:54,823 [e605e0dd-6a71-4a0a-8796-3643e725e1ee@group-F8F270BC7FB2-LeaderElection82] INFO  impl.RaftServerImpl (ServerState.java:setLeader(256)) - e605e0dd-6a71-4a0a-8796-3643e725e1ee@group-F8F270BC7FB2: change Leader from null to e605e0dd-6a71-4a0a-8796-3643e725e1ee at term 1 for becomeLeader, leader elected after 5244ms
2020-11-16 17:31:54,823 [e605e0dd-6a71-4a0a-8796-3643e725e1ee@group-F8F270BC7FB2-LeaderElection82] INFO  server.RaftServerConfigKeys (ConfUtils.java:logGet(44)) - raft.server.staging.catchup.gap = 1000 (default)
2020-11-16 17:31:54,823 [e605e0dd-6a71-4a0a-8796-3643e725e1ee@group-F8F270BC7FB2-LeaderElection82] INFO  server.RaftServerConfigKeys (ConfUtils.java:logGet(44)) - raft.server.rpc.sleep.time = 25ms (default)
2020-11-16 17:31:54,824 [e605e0dd-6a71-4a0a-8796-3643e725e1ee@group-F8F270BC7FB2-LeaderElection82] INFO  metrics.RatisMetrics (RatisMetrics.java:lambda$create$0(36)) - Creating Metrics Registry : ratis.log_appender.e605e0dd-6a71-4a0a-8796-3643e725e1ee@group-F8F270BC7FB2
2020-11-16 17:31:54,824 [e605e0dd-6a71-4a0a-8796-3643e725e1ee@group-F8F270BC7FB2-LeaderElection82] INFO  server.RaftServerConfigKeys (ConfUtils.java:logGet(44)) - raft.server.write.element-limit = 1024 (custom)
2020-11-16 17:31:54,824 [e605e0dd-6a71-4a0a-8796-3643e725e1ee@group-F8F270BC7FB2-LeaderElection82] INFO  server.RaftServerConfigKeys (ConfUtils.java:logGet(44)) - raft.server.write.byte-limit = 1073741824 (custom)
2020-11-16 17:31:54,825 [e605e0dd-6a71-4a0a-8796-3643e725e1ee@group-F8F270BC7FB2-LeaderElection82] INFO  server.RaftServerConfigKeys (ConfUtils.java:logGet(44)) - raft.server.watch.timeout = 3000ms (custom)
2020-11-16 17:31:54,826 [e605e0dd-6a71-4a0a-8796-3643e725e1ee@group-F8F270BC7FB2-LeaderElection82] INFO  server.RaftServerConfigKeys (ConfUtils.java:logGet(44)) - raft.server.watch.timeout.denomination = 1s (default)
2020-11-16 17:31:54,826 [e605e0dd-6a71-4a0a-8796-3643e725e1ee@group-F8F270BC7FB2-LeaderElection82] INFO  server.RaftServerConfigKeys (ConfUtils.java:logGet(44)) - raft.server.watch.element-limit = 65536 (default)
2020-11-16 17:31:54,826 [e605e0dd-6a71-4a0a-8796-3643e725e1ee@group-F8F270BC7FB2-LeaderElection82] INFO  impl.RoleInfo (RoleInfo.java:updateAndGet(143)) - e605e0dd-6a71-4a0a-8796-3643e725e1ee: start LeaderState
2020-11-16 17:31:54,826 [fbf3a64f-640b-4b02-ae41-dab4aff0d596@group-7ACBF0F3979A-SegmentedRaftLogWorker] INFO  segmented.SegmentedRaftLogWorker (SegmentedRaftLogWorker.java:execute(596)) - fbf3a64f-640b-4b02-ae41-dab4aff0d596@group-7ACBF0F3979A-SegmentedRaftLogWorker: created new log segment /github/workspace/mnt/ozone/hadoop-ozone/integration-test/target/test-dir/MiniOzoneClusterImpl-7523e9d5-68c3-40ce-b00f-57fa4c553895/datanode-1/data/ratis/3fc48667-3dd6-4ded-99d3-7acbf0f3979a/current/log_inprogress_0
2020-11-16 17:31:54,828 [e605e0dd-6a71-4a0a-8796-3643e725e1ee@group-F8F270BC7FB2-LeaderElection82] INFO  segmented.SegmentedRaftLogWorker (SegmentedRaftLogWorker.java:startLogSegment(397)) - e605e0dd-6a71-4a0a-8796-3643e725e1ee@group-F8F270BC7FB2-SegmentedRaftLogWorker: Starting segment from index:0
2020-11-16 17:31:54,831 [fbf3a64f-640b-4b02-ae41-dab4aff0d596@group-7ACBF0F3979A-LeaderElection79] INFO  impl.RaftServerImpl (ServerState.java:setRaftConf(374)) - fbf3a64f-640b-4b02-ae41-dab4aff0d596@group-7ACBF0F3979A: set configuration 0: [e605e0dd-6a71-4a0a-8796-3643e725e1ee:172.17.0.2:36279:0, 40c7d372-b34a-46f9-a435-b3894c66894a:172.17.0.2:37525:0, fbf3a64f-640b-4b02-ae41-dab4aff0d596:172.17.0.2:40251:0], old=null at 0
2020-11-16 17:31:54,835 [grpc-default-executor-1] INFO  ratis.XceiverServerRatis (XceiverServerRatis.java:handleLeaderChangedNotification(854)) - Leader change notification received for group: group-7ACBF0F3979A with new leaderId: fbf3a64f-640b-4b02-ae41-dab4aff0d596
2020-11-16 17:31:54,835 [grpc-default-executor-1] INFO  impl.RaftServerImpl (ServerState.java:setLeader(256)) - e605e0dd-6a71-4a0a-8796-3643e725e1ee@group-7ACBF0F3979A: change Leader from null to fbf3a64f-640b-4b02-ae41-dab4aff0d596 at term 1 for appendEntries, leader elected after 5239ms
2020-11-16 17:31:54,836 [e605e0dd-6a71-4a0a-8796-3643e725e1ee@group-F8F270BC7FB2-LeaderElection82] INFO  impl.RaftServerImpl (ServerState.java:setRaftConf(374)) - e605e0dd-6a71-4a0a-8796-3643e725e1ee@group-F8F270BC7FB2: set configuration 0: [e605e0dd-6a71-4a0a-8796-3643e725e1ee:172.17.0.2:36279:0], old=null at 0
2020-11-16 17:31:54,839 [e605e0dd-6a71-4a0a-8796-3643e725e1ee@group-F8F270BC7FB2-SegmentedRaftLogWorker] INFO  segmented.SegmentedRaftLogWorker (SegmentedRaftLogWorker.java:execute(596)) - e605e0dd-6a71-4a0a-8796-3643e725e1ee@group-F8F270BC7FB2-SegmentedRaftLogWorker: created new log segment /github/workspace/mnt/ozone/hadoop-ozone/integration-test/target/test-dir/MiniOzoneClusterImpl-7523e9d5-68c3-40ce-b00f-57fa4c553895/datanode-0/data/ratis/d4bc30fa-d4d6-4961-95da-f8f270bc7fb2/current/log_inprogress_0
2020-11-16 17:31:54,853 [grpc-default-executor-1] INFO  ratis.XceiverServerRatis (XceiverServerRatis.java:handleLeaderChangedNotification(854)) - Leader change notification received for group: group-7ACBF0F3979A with new leaderId: fbf3a64f-640b-4b02-ae41-dab4aff0d596
2020-11-16 17:31:54,854 [grpc-default-executor-1] INFO  impl.RaftServerImpl (ServerState.java:setLeader(256)) - 40c7d372-b34a-46f9-a435-b3894c66894a@group-7ACBF0F3979A: change Leader from null to fbf3a64f-640b-4b02-ae41-dab4aff0d596 at term 1 for appendEntries, leader elected after 5207ms
2020-11-16 17:31:54,861 [grpc-default-executor-11] INFO  impl.RaftServerImpl (ServerState.java:setRaftConf(374)) - e605e0dd-6a71-4a0a-8796-3643e725e1ee@group-7ACBF0F3979A: set configuration 0: [e605e0dd-6a71-4a0a-8796-3643e725e1ee:172.17.0.2:36279:0, 40c7d372-b34a-46f9-a435-b3894c66894a:172.17.0.2:37525:0, fbf3a64f-640b-4b02-ae41-dab4aff0d596:172.17.0.2:40251:0], old=null at 0
2020-11-16 17:31:54,861 [grpc-default-executor-11] INFO  segmented.SegmentedRaftLogWorker (SegmentedRaftLogWorker.java:startLogSegment(397)) - e605e0dd-6a71-4a0a-8796-3643e725e1ee@group-7ACBF0F3979A-SegmentedRaftLogWorker: Starting segment from index:0
2020-11-16 17:31:54,865 [Thread-2501] INFO  impl.FollowerState (FollowerState.java:run(108)) - e605e0dd-6a71-4a0a-8796-3643e725e1ee@group-959388351DEA-FollowerState: change to CANDIDATE, lastRpcTime:5186ms, electionTimeout:5186ms
2020-11-16 17:31:54,865 [Thread-2501] INFO  impl.RoleInfo (RoleInfo.java:shutdownFollowerState(121)) - e605e0dd-6a71-4a0a-8796-3643e725e1ee: shutdown FollowerState
2020-11-16 17:31:54,865 [Thread-2501] INFO  impl.RaftServerImpl (RaftServerImpl.java:setRole(198)) - e605e0dd-6a71-4a0a-8796-3643e725e1ee@group-959388351DEA: changes role from  FOLLOWER to CANDIDATE at term 0 for changeToCandidate
2020-11-16 17:31:54,867 [Thread-2501] INFO  impl.RoleInfo (RoleInfo.java:updateAndGet(143)) - e605e0dd-6a71-4a0a-8796-3643e725e1ee: start LeaderElection
2020-11-16 17:31:54,870 [grpc-default-executor-1] INFO  impl.RaftServerImpl (ServerState.java:setRaftConf(374)) - 40c7d372-b34a-46f9-a435-b3894c66894a@group-7ACBF0F3979A: set configuration 0: [e605e0dd-6a71-4a0a-8796-3643e725e1ee:172.17.0.2:36279:0, 40c7d372-b34a-46f9-a435-b3894c66894a:172.17.0.2:37525:0, fbf3a64f-640b-4b02-ae41-dab4aff0d596:172.17.0.2:40251:0], old=null at 0
2020-11-16 17:31:54,870 [e605e0dd-6a71-4a0a-8796-3643e725e1ee@group-7ACBF0F3979A-SegmentedRaftLogWorker] INFO  segmented.SegmentedRaftLogWorker (SegmentedRaftLogWorker.java:execute(596)) - e605e0dd-6a71-4a0a-8796-3643e725e1ee@group-7ACBF0F3979A-SegmentedRaftLogWorker: created new log segment /github/workspace/mnt/ozone/hadoop-ozone/integration-test/target/test-dir/MiniOzoneClusterImpl-7523e9d5-68c3-40ce-b00f-57fa4c553895/datanode-0/data/ratis/3fc48667-3dd6-4ded-99d3-7acbf0f3979a/current/log_inprogress_0
2020-11-16 17:31:54,872 [grpc-default-executor-1] INFO  segmented.SegmentedRaftLogWorker (SegmentedRaftLogWorker.java:startLogSegment(397)) - 40c7d372-b34a-46f9-a435-b3894c66894a@group-7ACBF0F3979A-SegmentedRaftLogWorker: Starting segment from index:0
2020-11-16 17:31:54,877 [Thread-2503] INFO  impl.FollowerState (FollowerState.java:run(108)) - fbf3a64f-640b-4b02-ae41-dab4aff0d596@group-959388351DEA-FollowerState: change to CANDIDATE, lastRpcTime:5171ms, electionTimeout:5171ms
2020-11-16 17:31:54,877 [Thread-2503] INFO  impl.RoleInfo (RoleInfo.java:shutdownFollowerState(121)) - fbf3a64f-640b-4b02-ae41-dab4aff0d596: shutdown FollowerState
2020-11-16 17:31:54,877 [Thread-2503] INFO  impl.RaftServerImpl (RaftServerImpl.java:setRole(198)) - fbf3a64f-640b-4b02-ae41-dab4aff0d596@group-959388351DEA: changes role from  FOLLOWER to CANDIDATE at term 0 for changeToCandidate
2020-11-16 17:31:54,878 [Thread-2503] INFO  impl.RoleInfo (RoleInfo.java:updateAndGet(143)) - fbf3a64f-640b-4b02-ae41-dab4aff0d596: start LeaderElection
2020-11-16 17:31:54,879 [40c7d372-b34a-46f9-a435-b3894c66894a@group-7ACBF0F3979A-SegmentedRaftLogWorker] INFO  segmented.SegmentedRaftLogWorker (SegmentedRaftLogWorker.java:execute(596)) - 40c7d372-b34a-46f9-a435-b3894c66894a@group-7ACBF0F3979A-SegmentedRaftLogWorker: created new log segment /github/workspace/mnt/ozone/hadoop-ozone/integration-test/target/test-dir/MiniOzoneClusterImpl-7523e9d5-68c3-40ce-b00f-57fa4c553895/datanode-2/data/ratis/3fc48667-3dd6-4ded-99d3-7acbf0f3979a/current/log_inprogress_0
2020-11-16 17:31:54,892 [e605e0dd-6a71-4a0a-8796-3643e725e1ee@group-959388351DEA-LeaderElection83] INFO  impl.LeaderElection (LeaderElection.java:askForVotes(210)) - e605e0dd-6a71-4a0a-8796-3643e725e1ee@group-959388351DEA-LeaderElection83: begin an election at term 1 for -1: [e605e0dd-6a71-4a0a-8796-3643e725e1ee:172.17.0.2:36279:0, 40c7d372-b34a-46f9-a435-b3894c66894a:172.17.0.2:37525:0, fbf3a64f-640b-4b02-ae41-dab4aff0d596:172.17.0.2:40251:0], old=null
2020-11-16 17:31:54,893 [fbf3a64f-640b-4b02-ae41-dab4aff0d596@group-959388351DEA-LeaderElection84] INFO  impl.LeaderElection (LeaderElection.java:askForVotes(210)) - fbf3a64f-640b-4b02-ae41-dab4aff0d596@group-959388351DEA-LeaderElection84: begin an election at term 1 for -1: [e605e0dd-6a71-4a0a-8796-3643e725e1ee:172.17.0.2:36279:0, 40c7d372-b34a-46f9-a435-b3894c66894a:172.17.0.2:37525:0, fbf3a64f-640b-4b02-ae41-dab4aff0d596:172.17.0.2:40251:0], old=null
2020-11-16 17:31:54,895 [grpc-default-executor-1] INFO  impl.RaftServerImpl (RaftServerImpl.java:setRole(198)) - 40c7d372-b34a-46f9-a435-b3894c66894a@group-959388351DEA: changes role from  FOLLOWER to FOLLOWER at term 1 for recognizeCandidate:e605e0dd-6a71-4a0a-8796-3643e725e1ee
2020-11-16 17:31:54,896 [grpc-default-executor-1] INFO  impl.RoleInfo (RoleInfo.java:shutdownFollowerState(121)) - 40c7d372-b34a-46f9-a435-b3894c66894a: shutdown FollowerState
2020-11-16 17:31:54,896 [grpc-default-executor-1] INFO  impl.RoleInfo (RoleInfo.java:updateAndGet(143)) - 40c7d372-b34a-46f9-a435-b3894c66894a: start FollowerState
2020-11-16 17:31:54,896 [Thread-2506] INFO  impl.FollowerState (FollowerState.java:run(117)) - 40c7d372-b34a-46f9-a435-b3894c66894a@group-959388351DEA-FollowerState was interrupted: java.lang.InterruptedException: sleep interrupted
2020-11-16 17:31:54,896 [grpc-default-executor-1] INFO  impl.RaftServerImpl (RaftServerImpl.java:requestVote(923)) -  FOLLOWER 40c7d372-b34a-46f9-a435-b3894c66894a@group-959388351DEA:t1, leader=null, voted=null, raftlog=40c7d372-b34a-46f9-a435-b3894c66894a@group-959388351DEA-SegmentedRaftLog:OPENED:c-1,f-1,i0, conf=-1: [e605e0dd-6a71-4a0a-8796-3643e725e1ee:172.17.0.2:36279:0, 40c7d372-b34a-46f9-a435-b3894c66894a:172.17.0.2:37525:0, fbf3a64f-640b-4b02-ae41-dab4aff0d596:172.17.0.2:40251:0], old=null RUNNING priority:0 candidate:e605e0dd-6a71-4a0a-8796-3643e725e1ee:172.17.0.2:36279:0 candidatePriority:0 compare:0
2020-11-16 17:31:54,899 [e605e0dd-6a71-4a0a-8796-3643e725e1ee@group-959388351DEA-LeaderElection83] INFO  impl.LeaderElection (LeaderElection.java:logAndReturn(62)) - e605e0dd-6a71-4a0a-8796-3643e725e1ee@group-959388351DEA-LeaderElection83: Election PASSED; received 2 response(s) [e605e0dd-6a71-4a0a-8796-3643e725e1ee<-40c7d372-b34a-46f9-a435-b3894c66894a#0:OK-t1, e605e0dd-6a71-4a0a-8796-3643e725e1ee<-fbf3a64f-640b-4b02-ae41-dab4aff0d596#0:FAIL-t1] and 0 exception(s); e605e0dd-6a71-4a0a-8796-3643e725e1ee@group-959388351DEA:t1, leader=null, voted=e605e0dd-6a71-4a0a-8796-3643e725e1ee, raftlog=e605e0dd-6a71-4a0a-8796-3643e725e1ee@group-959388351DEA-SegmentedRaftLog:OPENED:c-1,f-1,i0, conf=-1: [e605e0dd-6a71-4a0a-8796-3643e725e1ee:172.17.0.2:36279:0, 40c7d372-b34a-46f9-a435-b3894c66894a:172.17.0.2:37525:0, fbf3a64f-640b-4b02-ae41-dab4aff0d596:172.17.0.2:40251:0], old=null
2020-11-16 17:31:54,900 [e605e0dd-6a71-4a0a-8796-3643e725e1ee@group-959388351DEA-LeaderElection83] INFO  impl.RoleInfo (RoleInfo.java:shutdownLeaderElection(134)) - e605e0dd-6a71-4a0a-8796-3643e725e1ee: shutdown LeaderElection
2020-11-16 17:31:54,900 [e605e0dd-6a71-4a0a-8796-3643e725e1ee@group-959388351DEA-LeaderElection83] INFO  impl.RaftServerImpl (RaftServerImpl.java:setRole(198)) - e605e0dd-6a71-4a0a-8796-3643e725e1ee@group-959388351DEA: changes role from CANDIDATE to LEADER at term 1 for changeToLeader
2020-11-16 17:31:54,900 [fbf3a64f-640b-4b02-ae41-dab4aff0d596@group-959388351DEA-LeaderElection84] INFO  impl.LeaderElection (LeaderElection.java:logAndReturn(62)) - fbf3a64f-640b-4b02-ae41-dab4aff0d596@group-959388351DEA-LeaderElection84: Election REJECTED; received 2 response(s) [fbf3a64f-640b-4b02-ae41-dab4aff0d596<-e605e0dd-6a71-4a0a-8796-3643e725e1ee#0:FAIL-t1, fbf3a64f-640b-4b02-ae41-dab4aff0d596<-40c7d372-b34a-46f9-a435-b3894c66894a#0:FAIL-t1] and 0 exception(s); fbf3a64f-640b-4b02-ae41-dab4aff0d596@group-959388351DEA:t1, leader=null, voted=fbf3a64f-640b-4b02-ae41-dab4aff0d596, raftlog=fbf3a64f-640b-4b02-ae41-dab4aff0d596@group-959388351DEA-SegmentedRaftLog:OPENED:c-1,f-1,i0, conf=-1: [e605e0dd-6a71-4a0a-8796-3643e725e1ee:172.17.0.2:36279:0, 40c7d372-b34a-46f9-a435-b3894c66894a:172.17.0.2:37525:0, fbf3a64f-640b-4b02-ae41-dab4aff0d596:172.17.0.2:40251:0], old=null
2020-11-16 17:31:54,900 [e605e0dd-6a71-4a0a-8796-3643e725e1ee@group-959388351DEA-LeaderElection83] INFO  ratis.XceiverServerRatis (XceiverServerRatis.java:handleLeaderChangedNotification(854)) - Leader change notification received for group: group-959388351DEA with new leaderId: e605e0dd-6a71-4a0a-8796-3643e725e1ee
2020-11-16 17:31:54,900 [fbf3a64f-640b-4b02-ae41-dab4aff0d596@group-959388351DEA-LeaderElection84] INFO  impl.RaftServerImpl (RaftServerImpl.java:setRole(198)) - fbf3a64f-640b-4b02-ae41-dab4aff0d596@group-959388351DEA: changes role from CANDIDATE to FOLLOWER at term 1 for DISCOVERED_A_NEW_TERM
2020-11-16 17:31:54,900 [fbf3a64f-640b-4b02-ae41-dab4aff0d596@group-959388351DEA-LeaderElection84] INFO  impl.RoleInfo (RoleInfo.java:shutdownLeaderElection(134)) - fbf3a64f-640b-4b02-ae41-dab4aff0d596: shutdown LeaderElection
2020-11-16 17:31:54,900 [e605e0dd-6a71-4a0a-8796-3643e725e1ee@group-959388351DEA-LeaderElection83] INFO  impl.RaftServerImpl (ServerState.java:setLeader(256)) - e605e0dd-6a71-4a0a-8796-3643e725e1ee@group-959388351DEA: change Leader from null to e605e0dd-6a71-4a0a-8796-3643e725e1ee at term 1 for becomeLeader, leader elected after 5230ms
2020-11-16 17:31:54,900 [fbf3a64f-640b-4b02-ae41-dab4aff0d596@group-959388351DEA-LeaderElection84] INFO  impl.RoleInfo (RoleInfo.java:updateAndGet(143)) - fbf3a64f-640b-4b02-ae41-dab4aff0d596: start FollowerState
2020-11-16 17:31:54,900 [e605e0dd-6a71-4a0a-8796-3643e725e1ee@group-959388351DEA-LeaderElection83] INFO  server.RaftServerConfigKeys (ConfUtils.java:logGet(44)) - raft.server.staging.catchup.gap = 1000 (default)
2020-11-16 17:31:54,900 [e605e0dd-6a71-4a0a-8796-3643e725e1ee@group-959388351DEA-LeaderElection83] INFO  server.RaftServerConfigKeys (ConfUtils.java:logGet(44)) - raft.server.rpc.sleep.time = 25ms (default)
2020-11-16 17:31:54,901 [EventQueue-PipelineReportForPipelineReportHandler] INFO  pipeline.PipelineStateManager (PipelineStateManager.java:openPipeline(132)) - Pipeline Pipeline[ Id: 99cad37b-94ef-4ee5-80fa-959388351dea, Nodes: fbf3a64f-640b-4b02-ae41-dab4aff0d596{ip: 172.17.0.2, host: 17b325b6a691, networkLocation: /default-rack, certSerialId: null}40c7d372-b34a-46f9-a435-b3894c66894a{ip: 172.17.0.2, host: 17b325b6a691, networkLocation: /default-rack, certSerialId: null}e605e0dd-6a71-4a0a-8796-3643e725e1ee{ip: 172.17.0.2, host: 17b325b6a691, networkLocation: /default-rack, certSerialId: null}, Type:RATIS, Factor:THREE, State:ALLOCATED, leaderId:e605e0dd-6a71-4a0a-8796-3643e725e1ee, CreationTimestamp2020-11-16T17:31:46.926Z] moved to OPEN state
2020-11-16 17:31:54,901 [e605e0dd-6a71-4a0a-8796-3643e725e1ee@group-959388351DEA-LeaderElection83] INFO  metrics.RatisMetrics (RatisMetrics.java:lambda$create$0(36)) - Creating Metrics Registry : ratis.log_appender.e605e0dd-6a71-4a0a-8796-3643e725e1ee@group-959388351DEA
2020-11-16 17:31:54,901 [e605e0dd-6a71-4a0a-8796-3643e725e1ee@group-959388351DEA-LeaderElection83] INFO  server.RaftServerConfigKeys (ConfUtils.java:logGet(44)) - raft.server.write.element-limit = 1024 (custom)
2020-11-16 17:31:54,901 [e605e0dd-6a71-4a0a-8796-3643e725e1ee@group-959388351DEA-LeaderElection83] INFO  server.RaftServerConfigKeys (ConfUtils.java:logGet(44)) - raft.server.write.byte-limit = 1073741824 (custom)
2020-11-16 17:31:54,902 [e605e0dd-6a71-4a0a-8796-3643e725e1ee@group-959388351DEA-LeaderElection83] INFO  server.RaftServerConfigKeys (ConfUtils.java:logGet(44)) - raft.server.watch.timeout = 3000ms (custom)
2020-11-16 17:31:54,902 [e605e0dd-6a71-4a0a-8796-3643e725e1ee@group-959388351DEA-LeaderElection83] INFO  server.RaftServerConfigKeys (ConfUtils.java:logGet(44)) - raft.server.watch.timeout.denomination = 1s (default)
2020-11-16 17:31:54,902 [e605e0dd-6a71-4a0a-8796-3643e725e1ee@group-959388351DEA-LeaderElection83] INFO  server.RaftServerConfigKeys (ConfUtils.java:logGet(44)) - raft.server.watch.element-limit = 65536 (default)
2020-11-16 17:31:54,902 [e605e0dd-6a71-4a0a-8796-3643e725e1ee@group-959388351DEA-LeaderElection83] INFO  server.RaftServerConfigKeys (ConfUtils.java:logGet(44)) - raft.server.log.appender.snapshot.chunk.size.max = 16MB (=16777216) (default)
2020-11-16 17:31:54,902 [e605e0dd-6a71-4a0a-8796-3643e725e1ee@group-959388351DEA-LeaderElection83] INFO  server.RaftServerConfigKeys (ConfUtils.java:logGet(44)) - raft.server.log.appender.buffer.byte-limit = 33554432 (custom)
2020-11-16 17:31:54,902 [e605e0dd-6a71-4a0a-8796-3643e725e1ee@group-959388351DEA-LeaderElection83] INFO  server.RaftServerConfigKeys (ConfUtils.java:logGet(44)) - raft.server.log.appender.buffer.element-limit = 1 (custom)
2020-11-16 17:31:54,902 [e605e0dd-6a71-4a0a-8796-3643e725e1ee@group-959388351DEA-LeaderElection83] INFO  grpc.GrpcConfigKeys (ConfUtils.java:logGet(44)) - raft.grpc.server.leader.outstanding.appends.max = 128 (default)
2020-11-16 17:31:54,902 [e605e0dd-6a71-4a0a-8796-3643e725e1ee@group-959388351DEA-LeaderElection83] INFO  server.RaftServerConfigKeys (ConfUtils.java:logGet(44)) - raft.server.rpc.request.timeout = 3000ms (default)
2020-11-16 17:31:54,903 [e605e0dd-6a71-4a0a-8796-3643e725e1ee@group-959388351DEA-LeaderElection83] INFO  server.RaftServerConfigKeys (ConfUtils.java:logGet(44)) - raft.server.log.appender.install.snapshot.enabled = false (custom)
2020-11-16 17:31:54,903 [e605e0dd-6a71-4a0a-8796-3643e725e1ee@group-959388351DEA-LeaderElection83] INFO  metrics.RatisMetrics (RatisMetrics.java:lambda$create$0(36)) - Creating Metrics Registry : ratis_grpc.log_appender.e605e0dd-6a71-4a0a-8796-3643e725e1ee@group-959388351DEA
2020-11-16 17:31:54,905 [e605e0dd-6a71-4a0a-8796-3643e725e1ee@group-959388351DEA-LeaderElection83] INFO  server.RaftServerConfigKeys (ConfUtils.java:logGet(44)) - raft.server.log.appender.snapshot.chunk.size.max = 16MB (=16777216) (default)
2020-11-16 17:31:54,905 [e605e0dd-6a71-4a0a-8796-3643e725e1ee@group-959388351DEA-LeaderElection83] INFO  server.RaftServerConfigKeys (ConfUtils.java:logGet(44)) - raft.server.log.appender.buffer.byte-limit = 33554432 (custom)
2020-11-16 17:31:54,905 [e605e0dd-6a71-4a0a-8796-3643e725e1ee@group-959388351DEA-LeaderElection83] INFO  server.RaftServerConfigKeys (ConfUtils.java:logGet(44)) - raft.server.log.appender.buffer.element-limit = 1 (custom)
2020-11-16 17:31:54,905 [e605e0dd-6a71-4a0a-8796-3643e725e1ee@group-959388351DEA-LeaderElection83] INFO  grpc.GrpcConfigKeys (ConfUtils.java:logGet(44)) - raft.grpc.server.leader.outstanding.appends.max = 128 (default)
2020-11-16 17:31:54,905 [e605e0dd-6a71-4a0a-8796-3643e725e1ee@group-959388351DEA-LeaderElection83] INFO  server.RaftServerConfigKeys (ConfUtils.java:logGet(44)) - raft.server.rpc.request.timeout = 3000ms (default)
2020-11-16 17:31:54,905 [e605e0dd-6a71-4a0a-8796-3643e725e1ee@group-959388351DEA-LeaderElection83] INFO  server.RaftServerConfigKeys (ConfUtils.java:logGet(44)) - raft.server.log.appender.install.snapshot.enabled = false (custom)
2020-11-16 17:31:54,907 [e605e0dd-6a71-4a0a-8796-3643e725e1ee@group-959388351DEA-LeaderElection83] INFO  impl.RoleInfo (RoleInfo.java:updateAndGet(143)) - e605e0dd-6a71-4a0a-8796-3643e725e1ee: start LeaderState
2020-11-16 17:31:54,907 [e605e0dd-6a71-4a0a-8796-3643e725e1ee@group-959388351DEA-LeaderElection83] INFO  segmented.SegmentedRaftLogWorker (SegmentedRaftLogWorker.java:startLogSegment(397)) - e605e0dd-6a71-4a0a-8796-3643e725e1ee@group-959388351DEA-SegmentedRaftLogWorker: Starting segment from index:0
2020-11-16 17:31:54,909 [e605e0dd-6a71-4a0a-8796-3643e725e1ee@group-959388351DEA-SegmentedRaftLogWorker] INFO  segmented.SegmentedRaftLogWorker (SegmentedRaftLogWorker.java:execute(596)) - e605e0dd-6a71-4a0a-8796-3643e725e1ee@group-959388351DEA-SegmentedRaftLogWorker: created new log segment /github/workspace/mnt/ozone/hadoop-ozone/integration-test/target/test-dir/MiniOzoneClusterImpl-7523e9d5-68c3-40ce-b00f-57fa4c553895/datanode-0/data/ratis/99cad37b-94ef-4ee5-80fa-959388351dea/current/log_inprogress_0
2020-11-16 17:31:54,909 [e605e0dd-6a71-4a0a-8796-3643e725e1ee@group-959388351DEA-LeaderElection83] INFO  impl.RaftServerImpl (ServerState.java:setRaftConf(374)) - e605e0dd-6a71-4a0a-8796-3643e725e1ee@group-959388351DEA: set configuration 0: [e605e0dd-6a71-4a0a-8796-3643e725e1ee:172.17.0.2:36279:0, 40c7d372-b34a-46f9-a435-b3894c66894a:172.17.0.2:37525:0, fbf3a64f-640b-4b02-ae41-dab4aff0d596:172.17.0.2:40251:0], old=null at 0
2020-11-16 17:31:54,927 [grpc-default-executor-10] INFO  ratis.XceiverServerRatis (XceiverServerRatis.java:handleLeaderChangedNotification(854)) - Leader change notification received for group: group-959388351DEA with new leaderId: e605e0dd-6a71-4a0a-8796-3643e725e1ee
2020-11-16 17:31:54,927 [grpc-default-executor-10] INFO  impl.RaftServerImpl (ServerState.java:setLeader(256)) - 40c7d372-b34a-46f9-a435-b3894c66894a@group-959388351DEA: change Leader from null to e605e0dd-6a71-4a0a-8796-3643e725e1ee at term 1 for appendEntries, leader elected after 5208ms
2020-11-16 17:31:54,932 [grpc-default-executor-11] INFO  ratis.XceiverServerRatis (XceiverServerRatis.java:handleLeaderChangedNotification(854)) - Leader change notification received for group: group-959388351DEA with new leaderId: e605e0dd-6a71-4a0a-8796-3643e725e1ee
2020-11-16 17:31:54,932 [grpc-default-executor-11] INFO  impl.RaftServerImpl (ServerState.java:setLeader(256)) - fbf3a64f-640b-4b02-ae41-dab4aff0d596@group-959388351DEA: change Leader from null to e605e0dd-6a71-4a0a-8796-3643e725e1ee at term 1 for appendEntries, leader elected after 5234ms
2020-11-16 17:31:54,936 [grpc-default-executor-1] INFO  impl.RaftServerImpl (ServerState.java:setRaftConf(374)) - 40c7d372-b34a-46f9-a435-b3894c66894a@group-959388351DEA: set configuration 0: [e605e0dd-6a71-4a0a-8796-3643e725e1ee:172.17.0.2:36279:0, 40c7d372-b34a-46f9-a435-b3894c66894a:172.17.0.2:37525:0, fbf3a64f-640b-4b02-ae41-dab4aff0d596:172.17.0.2:40251:0], old=null at 0
2020-11-16 17:31:54,936 [grpc-default-executor-11] INFO  impl.RaftServerImpl (ServerState.java:setRaftConf(374)) - fbf3a64f-640b-4b02-ae41-dab4aff0d596@group-959388351DEA: set configuration 0: [e605e0dd-6a71-4a0a-8796-3643e725e1ee:172.17.0.2:36279:0, 40c7d372-b34a-46f9-a435-b3894c66894a:172.17.0.2:37525:0, fbf3a64f-640b-4b02-ae41-dab4aff0d596:172.17.0.2:40251:0], old=null at 0
2020-11-16 17:31:54,938 [grpc-default-executor-1] INFO  segmented.SegmentedRaftLogWorker (SegmentedRaftLogWorker.java:startLogSegment(397)) - 40c7d372-b34a-46f9-a435-b3894c66894a@group-959388351DEA-SegmentedRaftLogWorker: Starting segment from index:0
2020-11-16 17:31:54,938 [grpc-default-executor-11] INFO  segmented.SegmentedRaftLogWorker (SegmentedRaftLogWorker.java:startLogSegment(397)) - fbf3a64f-640b-4b02-ae41-dab4aff0d596@group-959388351DEA-SegmentedRaftLogWorker: Starting segment from index:0
2020-11-16 17:31:54,940 [40c7d372-b34a-46f9-a435-b3894c66894a@group-959388351DEA-SegmentedRaftLogWorker] INFO  segmented.SegmentedRaftLogWorker (SegmentedRaftLogWorker.java:execute(596)) - 40c7d372-b34a-46f9-a435-b3894c66894a@group-959388351DEA-SegmentedRaftLogWorker: created new log segment /github/workspace/mnt/ozone/hadoop-ozone/integration-test/target/test-dir/MiniOzoneClusterImpl-7523e9d5-68c3-40ce-b00f-57fa4c553895/datanode-2/data/ratis/99cad37b-94ef-4ee5-80fa-959388351dea/current/log_inprogress_0
2020-11-16 17:31:54,940 [fbf3a64f-640b-4b02-ae41-dab4aff0d596@group-959388351DEA-SegmentedRaftLogWorker] INFO  segmented.SegmentedRaftLogWorker (SegmentedRaftLogWorker.java:execute(596)) - fbf3a64f-640b-4b02-ae41-dab4aff0d596@group-959388351DEA-SegmentedRaftLogWorker: created new log segment /github/workspace/mnt/ozone/hadoop-ozone/integration-test/target/test-dir/MiniOzoneClusterImpl-7523e9d5-68c3-40ce-b00f-57fa4c553895/datanode-1/data/ratis/99cad37b-94ef-4ee5-80fa-959388351dea/current/log_inprogress_0
2020-11-16 17:31:54,988 [Thread-2511] INFO  impl.FollowerState (FollowerState.java:run(108)) - 40c7d372-b34a-46f9-a435-b3894c66894a@group-791D6D40D544-FollowerState: change to CANDIDATE, lastRpcTime:5052ms, electionTimeout:5051ms
2020-11-16 17:31:54,989 [Thread-2511] INFO  impl.RoleInfo (RoleInfo.java:shutdownFollowerState(121)) - 40c7d372-b34a-46f9-a435-b3894c66894a: shutdown FollowerState
2020-11-16 17:31:54,989 [Thread-2511] INFO  impl.RaftServerImpl (RaftServerImpl.java:setRole(198)) - 40c7d372-b34a-46f9-a435-b3894c66894a@group-791D6D40D544: changes role from  FOLLOWER to CANDIDATE at term 0 for changeToCandidate
2020-11-16 17:31:54,989 [Thread-2511] INFO  impl.RoleInfo (RoleInfo.java:updateAndGet(143)) - 40c7d372-b34a-46f9-a435-b3894c66894a: start LeaderElection
2020-11-16 17:31:54,998 [40c7d372-b34a-46f9-a435-b3894c66894a@group-791D6D40D544-LeaderElection85] INFO  impl.LeaderElection (LeaderElection.java:askForVotes(210)) - 40c7d372-b34a-46f9-a435-b3894c66894a@group-791D6D40D544-LeaderElection85: begin an election at term 1 for -1: [40c7d372-b34a-46f9-a435-b3894c66894a:172.17.0.2:37525:0], old=null
2020-11-16 17:31:54,998 [40c7d372-b34a-46f9-a435-b3894c66894a@group-791D6D40D544-LeaderElection85] INFO  impl.RoleInfo (RoleInfo.java:shutdownLeaderElection(134)) - 40c7d372-b34a-46f9-a435-b3894c66894a: shutdown LeaderElection
2020-11-16 17:31:54,999 [40c7d372-b34a-46f9-a435-b3894c66894a@group-791D6D40D544-LeaderElection85] INFO  impl.RaftServerImpl (RaftServerImpl.java:setRole(198)) - 40c7d372-b34a-46f9-a435-b3894c66894a@group-791D6D40D544: changes role from CANDIDATE to LEADER at term 1 for changeToLeader
2020-11-16 17:31:54,999 [40c7d372-b34a-46f9-a435-b3894c66894a@group-791D6D40D544-LeaderElection85] INFO  ratis.XceiverServerRatis (XceiverServerRatis.java:handleLeaderChangedNotification(854)) - Leader change notification received for group: group-791D6D40D544 with new leaderId: 40c7d372-b34a-46f9-a435-b3894c66894a
2020-11-16 17:31:54,999 [40c7d372-b34a-46f9-a435-b3894c66894a@group-791D6D40D544-LeaderElection85] INFO  impl.RaftServerImpl (ServerState.java:setLeader(256)) - 40c7d372-b34a-46f9-a435-b3894c66894a@group-791D6D40D544: change Leader from null to 40c7d372-b34a-46f9-a435-b3894c66894a at term 1 for becomeLeader, leader elected after 5070ms
2020-11-16 17:31:54,999 [40c7d372-b34a-46f9-a435-b3894c66894a@group-791D6D40D544-LeaderElection85] INFO  server.RaftServerConfigKeys (ConfUtils.java:logGet(44)) - raft.server.staging.catchup.gap = 1000 (default)
2020-11-16 17:31:55,000 [40c7d372-b34a-46f9-a435-b3894c66894a@group-791D6D40D544-LeaderElection85] INFO  server.RaftServerConfigKeys (ConfUtils.java:logGet(44)) - raft.server.rpc.sleep.time = 25ms (default)
2020-11-16 17:31:55,000 [40c7d372-b34a-46f9-a435-b3894c66894a@group-791D6D40D544-LeaderElection85] INFO  metrics.RatisMetrics (RatisMetrics.java:lambda$create$0(36)) - Creating Metrics Registry : ratis.log_appender.40c7d372-b34a-46f9-a435-b3894c66894a@group-791D6D40D544
2020-11-16 17:31:55,000 [40c7d372-b34a-46f9-a435-b3894c66894a@group-791D6D40D544-LeaderElection85] INFO  server.RaftServerConfigKeys (ConfUtils.java:logGet(44)) - raft.server.write.element-limit = 1024 (custom)
2020-11-16 17:31:55,000 [40c7d372-b34a-46f9-a435-b3894c66894a@group-791D6D40D544-LeaderElection85] INFO  server.RaftServerConfigKeys (ConfUtils.java:logGet(44)) - raft.server.write.byte-limit = 1073741824 (custom)
2020-11-16 17:31:55,001 [40c7d372-b34a-46f9-a435-b3894c66894a@group-791D6D40D544-LeaderElection85] INFO  server.RaftServerConfigKeys (ConfUtils.java:logGet(44)) - raft.server.watch.timeout = 3000ms (custom)
2020-11-16 17:31:55,001 [40c7d372-b34a-46f9-a435-b3894c66894a@group-791D6D40D544-LeaderElection85] INFO  server.RaftServerConfigKeys (ConfUtils.java:logGet(44)) - raft.server.watch.timeout.denomination = 1s (default)
2020-11-16 17:31:55,001 [40c7d372-b34a-46f9-a435-b3894c66894a@group-791D6D40D544-LeaderElection85] INFO  server.RaftServerConfigKeys (ConfUtils.java:logGet(44)) - raft.server.watch.element-limit = 65536 (default)
2020-11-16 17:31:55,001 [40c7d372-b34a-46f9-a435-b3894c66894a@group-791D6D40D544-LeaderElection85] INFO  impl.RoleInfo (RoleInfo.java:updateAndGet(143)) - 40c7d372-b34a-46f9-a435-b3894c66894a: start LeaderState
2020-11-16 17:31:55,001 [40c7d372-b34a-46f9-a435-b3894c66894a@group-791D6D40D544-LeaderElection85] INFO  segmented.SegmentedRaftLogWorker (SegmentedRaftLogWorker.java:startLogSegment(397)) - 40c7d372-b34a-46f9-a435-b3894c66894a@group-791D6D40D544-SegmentedRaftLogWorker: Starting segment from index:0
2020-11-16 17:31:55,002 [40c7d372-b34a-46f9-a435-b3894c66894a@group-791D6D40D544-LeaderElection85] INFO  impl.RaftServerImpl (ServerState.java:setRaftConf(374)) - 40c7d372-b34a-46f9-a435-b3894c66894a@group-791D6D40D544: set configuration 0: [40c7d372-b34a-46f9-a435-b3894c66894a:172.17.0.2:37525:0], old=null at 0
2020-11-16 17:31:55,003 [40c7d372-b34a-46f9-a435-b3894c66894a@group-791D6D40D544-SegmentedRaftLogWorker] INFO  segmented.SegmentedRaftLogWorker (SegmentedRaftLogWorker.java:execute(596)) - 40c7d372-b34a-46f9-a435-b3894c66894a@group-791D6D40D544-SegmentedRaftLogWorker: created new log segment /github/workspace/mnt/ozone/hadoop-ozone/integration-test/target/test-dir/MiniOzoneClusterImpl-7523e9d5-68c3-40ce-b00f-57fa4c553895/datanode-2/data/ratis/302a3398-ad98-482b-bf54-791d6d40d544/current/log_inprogress_0
2020-11-16 17:31:55,154 [Thread-2515] INFO  impl.FollowerState (FollowerState.java:run(108)) - cc30a5ad-4207-4291-85e5-33833db84af4@group-BB1F04BDC3DE-FollowerState: change to CANDIDATE, lastRpcTime:5010ms, electionTimeout:5009ms
2020-11-16 17:31:55,155 [Thread-2515] INFO  impl.RoleInfo (RoleInfo.java:shutdownFollowerState(121)) - cc30a5ad-4207-4291-85e5-33833db84af4: shutdown FollowerState
2020-11-16 17:31:55,155 [Thread-2515] INFO  impl.RaftServerImpl (RaftServerImpl.java:setRole(198)) - cc30a5ad-4207-4291-85e5-33833db84af4@group-BB1F04BDC3DE: changes role from  FOLLOWER to CANDIDATE at term 0 for changeToCandidate
2020-11-16 17:31:55,155 [Thread-2515] INFO  impl.RoleInfo (RoleInfo.java:updateAndGet(143)) - cc30a5ad-4207-4291-85e5-33833db84af4: start LeaderElection
2020-11-16 17:31:55,159 [cc30a5ad-4207-4291-85e5-33833db84af4@group-BB1F04BDC3DE-LeaderElection86] INFO  impl.LeaderElection (LeaderElection.java:askForVotes(210)) - cc30a5ad-4207-4291-85e5-33833db84af4@group-BB1F04BDC3DE-LeaderElection86: begin an election at term 1 for -1: [756efa00-9886-4f2c-af17-99a3a9dc2153:172.17.0.2:34565:0, 7ba08779-98dd-4ee1-a6ca-8386ca3b8fbf:172.17.0.2:34067:0, cc30a5ad-4207-4291-85e5-33833db84af4:172.17.0.2:36663:0], old=null
2020-11-16 17:31:55,166 [grpc-default-executor-1] INFO  impl.RaftServerImpl (RaftServerImpl.java:setRole(198)) - 756efa00-9886-4f2c-af17-99a3a9dc2153@group-BB1F04BDC3DE: changes role from  FOLLOWER to FOLLOWER at term 1 for recognizeCandidate:cc30a5ad-4207-4291-85e5-33833db84af4
2020-11-16 17:31:55,166 [grpc-default-executor-1] INFO  impl.RoleInfo (RoleInfo.java:shutdownFollowerState(121)) - 756efa00-9886-4f2c-af17-99a3a9dc2153: shutdown FollowerState
2020-11-16 17:31:55,166 [grpc-default-executor-1] INFO  impl.RoleInfo (RoleInfo.java:updateAndGet(143)) - 756efa00-9886-4f2c-af17-99a3a9dc2153: start FollowerState
2020-11-16 17:31:55,167 [Thread-2520] INFO  impl.FollowerState (FollowerState.java:run(117)) - 756efa00-9886-4f2c-af17-99a3a9dc2153@group-BB1F04BDC3DE-FollowerState was interrupted: java.lang.InterruptedException: sleep interrupted
2020-11-16 17:31:55,167 [grpc-default-executor-1] INFO  impl.RaftServerImpl (RaftServerImpl.java:requestVote(923)) -  FOLLOWER 756efa00-9886-4f2c-af17-99a3a9dc2153@group-BB1F04BDC3DE:t1, leader=null, voted=null, raftlog=756efa00-9886-4f2c-af17-99a3a9dc2153@group-BB1F04BDC3DE-SegmentedRaftLog:OPENED:c-1,f-1,i0, conf=-1: [756efa00-9886-4f2c-af17-99a3a9dc2153:172.17.0.2:34565:0, 7ba08779-98dd-4ee1-a6ca-8386ca3b8fbf:172.17.0.2:34067:0, cc30a5ad-4207-4291-85e5-33833db84af4:172.17.0.2:36663:0], old=null RUNNING priority:0 candidate:cc30a5ad-4207-4291-85e5-33833db84af4:172.17.0.2:36663:0 candidatePriority:0 compare:0
2020-11-16 17:31:55,176 [cc30a5ad-4207-4291-85e5-33833db84af4@group-BB1F04BDC3DE-LeaderElection86] INFO  impl.LeaderElection (LeaderElection.java:logAndReturn(62)) - cc30a5ad-4207-4291-85e5-33833db84af4@group-BB1F04BDC3DE-LeaderElection86: Election PASSED; received 1 response(s) [cc30a5ad-4207-4291-85e5-33833db84af4<-756efa00-9886-4f2c-af17-99a3a9dc2153#0:OK-t1] and 0 exception(s); cc30a5ad-4207-4291-85e5-33833db84af4@group-BB1F04BDC3DE:t1, leader=null, voted=cc30a5ad-4207-4291-85e5-33833db84af4, raftlog=cc30a5ad-4207-4291-85e5-33833db84af4@group-BB1F04BDC3DE-SegmentedRaftLog:OPENED:c-1,f-1,i0, conf=-1: [756efa00-9886-4f2c-af17-99a3a9dc2153:172.17.0.2:34565:0, 7ba08779-98dd-4ee1-a6ca-8386ca3b8fbf:172.17.0.2:34067:0, cc30a5ad-4207-4291-85e5-33833db84af4:172.17.0.2:36663:0], old=null
2020-11-16 17:31:55,176 [cc30a5ad-4207-4291-85e5-33833db84af4@group-BB1F04BDC3DE-LeaderElection86] INFO  impl.RoleInfo (RoleInfo.java:shutdownLeaderElection(134)) - cc30a5ad-4207-4291-85e5-33833db84af4: shutdown LeaderElection
2020-11-16 17:31:55,177 [cc30a5ad-4207-4291-85e5-33833db84af4@group-BB1F04BDC3DE-LeaderElection86] INFO  impl.RaftServerImpl (RaftServerImpl.java:setRole(198)) - cc30a5ad-4207-4291-85e5-33833db84af4@group-BB1F04BDC3DE: changes role from CANDIDATE to LEADER at term 1 for changeToLeader
2020-11-16 17:31:55,177 [cc30a5ad-4207-4291-85e5-33833db84af4@group-BB1F04BDC3DE-LeaderElection86] INFO  ratis.XceiverServerRatis (XceiverServerRatis.java:handleLeaderChangedNotification(854)) - Leader change notification received for group: group-BB1F04BDC3DE with new leaderId: cc30a5ad-4207-4291-85e5-33833db84af4
2020-11-16 17:31:55,177 [cc30a5ad-4207-4291-85e5-33833db84af4@group-BB1F04BDC3DE-LeaderElection86] INFO  impl.RaftServerImpl (ServerState.java:setLeader(256)) - cc30a5ad-4207-4291-85e5-33833db84af4@group-BB1F04BDC3DE: change Leader from null to cc30a5ad-4207-4291-85e5-33833db84af4 at term 1 for becomeLeader, leader elected after 5042ms
2020-11-16 17:31:55,179 [grpc-default-executor-1] INFO  impl.RaftServerImpl (RaftServerImpl.java:setRole(198)) - 7ba08779-98dd-4ee1-a6ca-8386ca3b8fbf@group-BB1F04BDC3DE: changes role from  FOLLOWER to FOLLOWER at term 1 for recognizeCandidate:cc30a5ad-4207-4291-85e5-33833db84af4
2020-11-16 17:31:55,179 [grpc-default-executor-1] INFO  impl.RoleInfo (RoleInfo.java:shutdownFollowerState(121)) - 7ba08779-98dd-4ee1-a6ca-8386ca3b8fbf: shutdown FollowerState
2020-11-16 17:31:55,179 [grpc-default-executor-1] INFO  impl.RoleInfo (RoleInfo.java:updateAndGet(143)) - 7ba08779-98dd-4ee1-a6ca-8386ca3b8fbf: start FollowerState
2020-11-16 17:31:55,179 [Thread-2517] INFO  impl.FollowerState (FollowerState.java:run(117)) - 7ba08779-98dd-4ee1-a6ca-8386ca3b8fbf@group-BB1F04BDC3DE-FollowerState was interrupted: java.lang.InterruptedException: sleep interrupted
2020-11-16 17:31:55,179 [EventQueue-PipelineReportForPipelineReportHandler] INFO  pipeline.PipelineStateManager (PipelineStateManager.java:openPipeline(132)) - Pipeline Pipeline[ Id: 24132c28-f07d-4eb2-8506-bb1f04bdc3de, Nodes: cc30a5ad-4207-4291-85e5-33833db84af4{ip: 172.17.0.2, host: 17b325b6a691, networkLocation: /default-rack, certSerialId: null}7ba08779-98dd-4ee1-a6ca-8386ca3b8fbf{ip: 172.17.0.2, host: 17b325b6a691, networkLocation: /default-rack, certSerialId: null}756efa00-9886-4f2c-af17-99a3a9dc2153{ip: 172.17.0.2, host: 17b325b6a691, networkLocation: /default-rack, certSerialId: null}, Type:RATIS, Factor:THREE, State:ALLOCATED, leaderId:cc30a5ad-4207-4291-85e5-33833db84af4, CreationTimestamp2020-11-16T17:31:47.466Z] moved to OPEN state
2020-11-16 17:31:55,180 [cc30a5ad-4207-4291-85e5-33833db84af4@group-BB1F04BDC3DE-LeaderElection86] INFO  server.RaftServerConfigKeys (ConfUtils.java:logGet(44)) - raft.server.staging.catchup.gap = 1000 (default)
2020-11-16 17:31:55,180 [cc30a5ad-4207-4291-85e5-33833db84af4@group-BB1F04BDC3DE-LeaderElection86] INFO  server.RaftServerConfigKeys (ConfUtils.java:logGet(44)) - raft.server.rpc.sleep.time = 25ms (default)
2020-11-16 17:31:55,180 [cc30a5ad-4207-4291-85e5-33833db84af4@group-BB1F04BDC3DE-LeaderElection86] INFO  metrics.RatisMetrics (RatisMetrics.java:lambda$create$0(36)) - Creating Metrics Registry : ratis.log_appender.cc30a5ad-4207-4291-85e5-33833db84af4@group-BB1F04BDC3DE
2020-11-16 17:31:55,180 [grpc-default-executor-1] INFO  impl.RaftServerImpl (RaftServerImpl.java:requestVote(923)) -  FOLLOWER 7ba08779-98dd-4ee1-a6ca-8386ca3b8fbf@group-BB1F04BDC3DE:t1, leader=null, voted=null, raftlog=7ba08779-98dd-4ee1-a6ca-8386ca3b8fbf@group-BB1F04BDC3DE-SegmentedRaftLog:OPENED:c-1,f-1,i0, conf=-1: [756efa00-9886-4f2c-af17-99a3a9dc2153:172.17.0.2:34565:0, 7ba08779-98dd-4ee1-a6ca-8386ca3b8fbf:172.17.0.2:34067:0, cc30a5ad-4207-4291-85e5-33833db84af4:172.17.0.2:36663:0], old=null RUNNING priority:0 candidate:cc30a5ad-4207-4291-85e5-33833db84af4:172.17.0.2:36663:0 candidatePriority:0 compare:0
2020-11-16 17:31:55,180 [cc30a5ad-4207-4291-85e5-33833db84af4@group-BB1F04BDC3DE-LeaderElection86] INFO  server.RaftServerConfigKeys (ConfUtils.java:logGet(44)) - raft.server.write.element-limit = 1024 (custom)
2020-11-16 17:31:55,180 [cc30a5ad-4207-4291-85e5-33833db84af4@group-BB1F04BDC3DE-LeaderElection86] INFO  server.RaftServerConfigKeys (ConfUtils.java:logGet(44)) - raft.server.write.byte-limit = 1073741824 (custom)
2020-11-16 17:31:55,181 [cc30a5ad-4207-4291-85e5-33833db84af4@group-BB1F04BDC3DE-LeaderElection86] INFO  server.RaftServerConfigKeys (ConfUtils.java:logGet(44)) - raft.server.watch.timeout = 3000ms (custom)
2020-11-16 17:31:55,181 [cc30a5ad-4207-4291-85e5-33833db84af4@group-BB1F04BDC3DE-LeaderElection86] INFO  server.RaftServerConfigKeys (ConfUtils.java:logGet(44)) - raft.server.watch.timeout.denomination = 1s (default)
2020-11-16 17:31:55,181 [cc30a5ad-4207-4291-85e5-33833db84af4@group-BB1F04BDC3DE-LeaderElection86] INFO  server.RaftServerConfigKeys (ConfUtils.java:logGet(44)) - raft.server.watch.element-limit = 65536 (default)
2020-11-16 17:31:55,181 [cc30a5ad-4207-4291-85e5-33833db84af4@group-BB1F04BDC3DE-LeaderElection86] INFO  server.RaftServerConfigKeys (ConfUtils.java:logGet(44)) - raft.server.log.appender.snapshot.chunk.size.max = 16MB (=16777216) (default)
2020-11-16 17:31:55,181 [cc30a5ad-4207-4291-85e5-33833db84af4@group-BB1F04BDC3DE-LeaderElection86] INFO  server.RaftServerConfigKeys (ConfUtils.java:logGet(44)) - raft.server.log.appender.buffer.byte-limit = 33554432 (custom)
2020-11-16 17:31:55,181 [cc30a5ad-4207-4291-85e5-33833db84af4@group-BB1F04BDC3DE-LeaderElection86] INFO  server.RaftServerConfigKeys (ConfUtils.java:logGet(44)) - raft.server.log.appender.buffer.element-limit = 1 (custom)
2020-11-16 17:31:55,181 [cc30a5ad-4207-4291-85e5-33833db84af4@group-BB1F04BDC3DE-LeaderElection86] INFO  grpc.GrpcConfigKeys (ConfUtils.java:logGet(44)) - raft.grpc.server.leader.outstanding.appends.max = 128 (default)
2020-11-16 17:31:55,182 [cc30a5ad-4207-4291-85e5-33833db84af4@group-BB1F04BDC3DE-LeaderElection86] INFO  server.RaftServerConfigKeys (ConfUtils.java:logGet(44)) - raft.server.rpc.request.timeout = 3000ms (default)
2020-11-16 17:31:55,182 [cc30a5ad-4207-4291-85e5-33833db84af4@group-BB1F04BDC3DE-LeaderElection86] INFO  server.RaftServerConfigKeys (ConfUtils.java:logGet(44)) - raft.server.log.appender.install.snapshot.enabled = false (custom)
2020-11-16 17:31:55,182 [cc30a5ad-4207-4291-85e5-33833db84af4@group-BB1F04BDC3DE-LeaderElection86] INFO  metrics.RatisMetrics (RatisMetrics.java:lambda$create$0(36)) - Creating Metrics Registry : ratis_grpc.log_appender.cc30a5ad-4207-4291-85e5-33833db84af4@group-BB1F04BDC3DE
2020-11-16 17:31:55,183 [cc30a5ad-4207-4291-85e5-33833db84af4@group-BB1F04BDC3DE-LeaderElection86] INFO  server.RaftServerConfigKeys (ConfUtils.java:logGet(44)) - raft.server.log.appender.snapshot.chunk.size.max = 16MB (=16777216) (default)
2020-11-16 17:31:55,184 [cc30a5ad-4207-4291-85e5-33833db84af4@group-BB1F04BDC3DE-LeaderElection86] INFO  server.RaftServerConfigKeys (ConfUtils.java:logGet(44)) - raft.server.log.appender.buffer.byte-limit = 33554432 (custom)
2020-11-16 17:31:55,184 [cc30a5ad-4207-4291-85e5-33833db84af4@group-BB1F04BDC3DE-LeaderElection86] INFO  server.RaftServerConfigKeys (ConfUtils.java:logGet(44)) - raft.server.log.appender.buffer.element-limit = 1 (custom)
2020-11-16 17:31:55,184 [cc30a5ad-4207-4291-85e5-33833db84af4@group-BB1F04BDC3DE-LeaderElection86] INFO  grpc.GrpcConfigKeys (ConfUtils.java:logGet(44)) - raft.grpc.server.leader.outstanding.appends.max = 128 (default)
2020-11-16 17:31:55,184 [cc30a5ad-4207-4291-85e5-33833db84af4@group-BB1F04BDC3DE-LeaderElection86] INFO  server.RaftServerConfigKeys (ConfUtils.java:logGet(44)) - raft.server.rpc.request.timeout = 3000ms (default)
2020-11-16 17:31:55,184 [cc30a5ad-4207-4291-85e5-33833db84af4@group-BB1F04BDC3DE-LeaderElection86] INFO  server.RaftServerConfigKeys (ConfUtils.java:logGet(44)) - raft.server.log.appender.install.snapshot.enabled = false (custom)
2020-11-16 17:31:55,186 [cc30a5ad-4207-4291-85e5-33833db84af4@group-BB1F04BDC3DE-LeaderElection86] INFO  impl.RoleInfo (RoleInfo.java:updateAndGet(143)) - cc30a5ad-4207-4291-85e5-33833db84af4: start LeaderState
2020-11-16 17:31:55,187 [cc30a5ad-4207-4291-85e5-33833db84af4@group-BB1F04BDC3DE-LeaderElection86] INFO  segmented.SegmentedRaftLogWorker (SegmentedRaftLogWorker.java:startLogSegment(397)) - cc30a5ad-4207-4291-85e5-33833db84af4@group-BB1F04BDC3DE-SegmentedRaftLogWorker: Starting segment from index:0
2020-11-16 17:31:55,188 [cc30a5ad-4207-4291-85e5-33833db84af4@group-BB1F04BDC3DE-SegmentedRaftLogWorker] INFO  segmented.SegmentedRaftLogWorker (SegmentedRaftLogWorker.java:execute(596)) - cc30a5ad-4207-4291-85e5-33833db84af4@group-BB1F04BDC3DE-SegmentedRaftLogWorker: created new log segment /github/workspace/mnt/ozone/hadoop-ozone/integration-test/target/test-dir/MiniOzoneClusterImpl-7523e9d5-68c3-40ce-b00f-57fa4c553895/datanode-3/data/ratis/24132c28-f07d-4eb2-8506-bb1f04bdc3de/current/log_inprogress_0
2020-11-16 17:31:55,195 [cc30a5ad-4207-4291-85e5-33833db84af4@group-BB1F04BDC3DE-LeaderElection86] INFO  impl.RaftServerImpl (ServerState.java:setRaftConf(374)) - cc30a5ad-4207-4291-85e5-33833db84af4@group-BB1F04BDC3DE: set configuration 0: [756efa00-9886-4f2c-af17-99a3a9dc2153:172.17.0.2:34565:0, 7ba08779-98dd-4ee1-a6ca-8386ca3b8fbf:172.17.0.2:34067:0, cc30a5ad-4207-4291-85e5-33833db84af4:172.17.0.2:36663:0], old=null at 0
2020-11-16 17:31:55,211 [Thread-2513] INFO  impl.FollowerState (FollowerState.java:run(108)) - cc30a5ad-4207-4291-85e5-33833db84af4@group-B235807CDCD1-FollowerState: change to CANDIDATE, lastRpcTime:5083ms, electionTimeout:5072ms
2020-11-16 17:31:55,213 [Thread-2513] INFO  impl.RoleInfo (RoleInfo.java:shutdownFollowerState(121)) - cc30a5ad-4207-4291-85e5-33833db84af4: shutdown FollowerState
2020-11-16 17:31:55,213 [Thread-2513] INFO  impl.RaftServerImpl (RaftServerImpl.java:setRole(198)) - cc30a5ad-4207-4291-85e5-33833db84af4@group-B235807CDCD1: changes role from  FOLLOWER to CANDIDATE at term 0 for changeToCandidate
2020-11-16 17:31:55,213 [Thread-2513] INFO  impl.RoleInfo (RoleInfo.java:updateAndGet(143)) - cc30a5ad-4207-4291-85e5-33833db84af4: start LeaderElection
2020-11-16 17:31:55,216 [grpc-default-executor-11] INFO  ratis.XceiverServerRatis (XceiverServerRatis.java:handleLeaderChangedNotification(854)) - Leader change notification received for group: group-BB1F04BDC3DE with new leaderId: cc30a5ad-4207-4291-85e5-33833db84af4
2020-11-16 17:31:55,216 [grpc-default-executor-11] INFO  impl.RaftServerImpl (ServerState.java:setLeader(256)) - 756efa00-9886-4f2c-af17-99a3a9dc2153@group-BB1F04BDC3DE: change Leader from null to cc30a5ad-4207-4291-85e5-33833db84af4 at term 1 for appendEntries, leader elected after 5012ms
2020-11-16 17:31:55,223 [grpc-default-executor-6] INFO  ratis.XceiverServerRatis (XceiverServerRatis.java:handleLeaderChangedNotification(854)) - Leader change notification received for group: group-BB1F04BDC3DE with new leaderId: cc30a5ad-4207-4291-85e5-33833db84af4
2020-11-16 17:31:55,224 [grpc-default-executor-6] INFO  impl.RaftServerImpl (ServerState.java:setLeader(256)) - 7ba08779-98dd-4ee1-a6ca-8386ca3b8fbf@group-BB1F04BDC3DE: change Leader from null to cc30a5ad-4207-4291-85e5-33833db84af4 at term 1 for appendEntries, leader elected after 5049ms
2020-11-16 17:31:55,225 [grpc-default-executor-11] INFO  impl.RaftServerImpl (ServerState.java:setRaftConf(374)) - 756efa00-9886-4f2c-af17-99a3a9dc2153@group-BB1F04BDC3DE: set configuration 0: [756efa00-9886-4f2c-af17-99a3a9dc2153:172.17.0.2:34565:0, 7ba08779-98dd-4ee1-a6ca-8386ca3b8fbf:172.17.0.2:34067:0, cc30a5ad-4207-4291-85e5-33833db84af4:172.17.0.2:36663:0], old=null at 0
2020-11-16 17:31:55,227 [cc30a5ad-4207-4291-85e5-33833db84af4@group-B235807CDCD1-LeaderElection87] INFO  impl.LeaderElection (LeaderElection.java:askForVotes(210)) - cc30a5ad-4207-4291-85e5-33833db84af4@group-B235807CDCD1-LeaderElection87: begin an election at term 1 for -1: [cc30a5ad-4207-4291-85e5-33833db84af4:172.17.0.2:36663:0], old=null
2020-11-16 17:31:55,227 [cc30a5ad-4207-4291-85e5-33833db84af4@group-B235807CDCD1-LeaderElection87] INFO  impl.RoleInfo (RoleInfo.java:shutdownLeaderElection(134)) - cc30a5ad-4207-4291-85e5-33833db84af4: shutdown LeaderElection
2020-11-16 17:31:55,227 [cc30a5ad-4207-4291-85e5-33833db84af4@group-B235807CDCD1-LeaderElection87] INFO  impl.RaftServerImpl (RaftServerImpl.java:setRole(198)) - cc30a5ad-4207-4291-85e5-33833db84af4@group-B235807CDCD1: changes role from CANDIDATE to LEADER at term 1 for changeToLeader
2020-11-16 17:31:55,227 [cc30a5ad-4207-4291-85e5-33833db84af4@group-B235807CDCD1-LeaderElection87] INFO  ratis.XceiverServerRatis (XceiverServerRatis.java:handleLeaderChangedNotification(854)) - Leader change notification received for group: group-B235807CDCD1 with new leaderId: cc30a5ad-4207-4291-85e5-33833db84af4
2020-11-16 17:31:55,228 [cc30a5ad-4207-4291-85e5-33833db84af4@group-B235807CDCD1-LeaderElection87] INFO  impl.RaftServerImpl (ServerState.java:setLeader(256)) - cc30a5ad-4207-4291-85e5-33833db84af4@group-B235807CDCD1: change Leader from null to cc30a5ad-4207-4291-85e5-33833db84af4 at term 1 for becomeLeader, leader elected after 5108ms
2020-11-16 17:31:55,228 [cc30a5ad-4207-4291-85e5-33833db84af4@group-B235807CDCD1-LeaderElection87] INFO  server.RaftServerConfigKeys (ConfUtils.java:logGet(44)) - raft.server.staging.catchup.gap = 1000 (default)
2020-11-16 17:31:55,229 [cc30a5ad-4207-4291-85e5-33833db84af4@group-B235807CDCD1-LeaderElection87] INFO  server.RaftServerConfigKeys (ConfUtils.java:logGet(44)) - raft.server.rpc.sleep.time = 25ms (default)
2020-11-16 17:31:55,229 [cc30a5ad-4207-4291-85e5-33833db84af4@group-B235807CDCD1-LeaderElection87] INFO  metrics.RatisMetrics (RatisMetrics.java:lambda$create$0(36)) - Creating Metrics Registry : ratis.log_appender.cc30a5ad-4207-4291-85e5-33833db84af4@group-B235807CDCD1
2020-11-16 17:31:55,229 [cc30a5ad-4207-4291-85e5-33833db84af4@group-B235807CDCD1-LeaderElection87] INFO  server.RaftServerConfigKeys (ConfUtils.java:logGet(44)) - raft.server.write.element-limit = 1024 (custom)
2020-11-16 17:31:55,229 [grpc-default-executor-11] INFO  segmented.SegmentedRaftLogWorker (SegmentedRaftLogWorker.java:startLogSegment(397)) - 756efa00-9886-4f2c-af17-99a3a9dc2153@group-BB1F04BDC3DE-SegmentedRaftLogWorker: Starting segment from index:0
2020-11-16 17:31:55,228 [grpc-default-executor-6] INFO  impl.RaftServerImpl (ServerState.java:setRaftConf(374)) - 7ba08779-98dd-4ee1-a6ca-8386ca3b8fbf@group-BB1F04BDC3DE: set configuration 0: [756efa00-9886-4f2c-af17-99a3a9dc2153:172.17.0.2:34565:0, 7ba08779-98dd-4ee1-a6ca-8386ca3b8fbf:172.17.0.2:34067:0, cc30a5ad-4207-4291-85e5-33833db84af4:172.17.0.2:36663:0], old=null at 0
2020-11-16 17:31:55,231 [grpc-default-executor-6] INFO  segmented.SegmentedRaftLogWorker (SegmentedRaftLogWorker.java:startLogSegment(397)) - 7ba08779-98dd-4ee1-a6ca-8386ca3b8fbf@group-BB1F04BDC3DE-SegmentedRaftLogWorker: Starting segment from index:0
2020-11-16 17:31:55,229 [cc30a5ad-4207-4291-85e5-33833db84af4@group-B235807CDCD1-LeaderElection87] INFO  server.RaftServerConfigKeys (ConfUtils.java:logGet(44)) - raft.server.write.byte-limit = 1073741824 (custom)
2020-11-16 17:31:55,231 [756efa00-9886-4f2c-af17-99a3a9dc2153@group-BB1F04BDC3DE-SegmentedRaftLogWorker] INFO  segmented.SegmentedRaftLogWorker (SegmentedRaftLogWorker.java:execute(596)) - 756efa00-9886-4f2c-af17-99a3a9dc2153@group-BB1F04BDC3DE-SegmentedRaftLogWorker: created new log segment /github/workspace/mnt/ozone/hadoop-ozone/integration-test/target/test-dir/MiniOzoneClusterImpl-7523e9d5-68c3-40ce-b00f-57fa4c553895/datanode-4/data/ratis/24132c28-f07d-4eb2-8506-bb1f04bdc3de/current/log_inprogress_0
2020-11-16 17:31:55,234 [cc30a5ad-4207-4291-85e5-33833db84af4@group-B235807CDCD1-LeaderElection87] INFO  server.RaftServerConfigKeys (ConfUtils.java:logGet(44)) - raft.server.watch.timeout = 3000ms (custom)
2020-11-16 17:31:55,234 [cc30a5ad-4207-4291-85e5-33833db84af4@group-B235807CDCD1-LeaderElection87] INFO  server.RaftServerConfigKeys (ConfUtils.java:logGet(44)) - raft.server.watch.timeout.denomination = 1s (default)
2020-11-16 17:31:55,234 [cc30a5ad-4207-4291-85e5-33833db84af4@group-B235807CDCD1-LeaderElection87] INFO  server.RaftServerConfigKeys (ConfUtils.java:logGet(44)) - raft.server.watch.element-limit = 65536 (default)
2020-11-16 17:31:55,234 [cc30a5ad-4207-4291-85e5-33833db84af4@group-B235807CDCD1-LeaderElection87] INFO  impl.RoleInfo (RoleInfo.java:updateAndGet(143)) - cc30a5ad-4207-4291-85e5-33833db84af4: start LeaderState
2020-11-16 17:31:55,235 [7ba08779-98dd-4ee1-a6ca-8386ca3b8fbf@group-BB1F04BDC3DE-SegmentedRaftLogWorker] INFO  segmented.SegmentedRaftLogWorker (SegmentedRaftLogWorker.java:execute(596)) - 7ba08779-98dd-4ee1-a6ca-8386ca3b8fbf@group-BB1F04BDC3DE-SegmentedRaftLogWorker: created new log segment /github/workspace/mnt/ozone/hadoop-ozone/integration-test/target/test-dir/MiniOzoneClusterImpl-7523e9d5-68c3-40ce-b00f-57fa4c553895/datanode-5/data/ratis/24132c28-f07d-4eb2-8506-bb1f04bdc3de/current/log_inprogress_0
2020-11-16 17:31:55,237 [cc30a5ad-4207-4291-85e5-33833db84af4@group-B235807CDCD1-LeaderElection87] INFO  segmented.SegmentedRaftLogWorker (SegmentedRaftLogWorker.java:startLogSegment(397)) - cc30a5ad-4207-4291-85e5-33833db84af4@group-B235807CDCD1-SegmentedRaftLogWorker: Starting segment from index:0
2020-11-16 17:31:55,247 [cc30a5ad-4207-4291-85e5-33833db84af4@group-B235807CDCD1-LeaderElection87] INFO  impl.RaftServerImpl (ServerState.java:setRaftConf(374)) - cc30a5ad-4207-4291-85e5-33833db84af4@group-B235807CDCD1: set configuration 0: [cc30a5ad-4207-4291-85e5-33833db84af4:172.17.0.2:36663:0], old=null at 0
2020-11-16 17:31:55,248 [cc30a5ad-4207-4291-85e5-33833db84af4@group-B235807CDCD1-SegmentedRaftLogWorker] INFO  segmented.SegmentedRaftLogWorker (SegmentedRaftLogWorker.java:execute(596)) - cc30a5ad-4207-4291-85e5-33833db84af4@group-B235807CDCD1-SegmentedRaftLogWorker: created new log segment /github/workspace/mnt/ozone/hadoop-ozone/integration-test/target/test-dir/MiniOzoneClusterImpl-7523e9d5-68c3-40ce-b00f-57fa4c553895/datanode-3/data/ratis/fd540625-bf17-4266-a35c-b235807cdcd1/current/log_inprogress_0
2020-11-16 17:31:55,302 [Thread-2523] INFO  impl.FollowerState (FollowerState.java:run(108)) - cc30a5ad-4207-4291-85e5-33833db84af4@group-86BCF01837AD-FollowerState: change to CANDIDATE, lastRpcTime:5064ms, electionTimeout:5063ms
2020-11-16 17:31:55,302 [Thread-2523] INFO  impl.RoleInfo (RoleInfo.java:shutdownFollowerState(121)) - cc30a5ad-4207-4291-85e5-33833db84af4: shutdown FollowerState
2020-11-16 17:31:55,302 [Thread-2523] INFO  impl.RaftServerImpl (RaftServerImpl.java:setRole(198)) - cc30a5ad-4207-4291-85e5-33833db84af4@group-86BCF01837AD: changes role from  FOLLOWER to CANDIDATE at term 0 for changeToCandidate
2020-11-16 17:31:55,302 [Thread-2523] INFO  impl.RoleInfo (RoleInfo.java:updateAndGet(143)) - cc30a5ad-4207-4291-85e5-33833db84af4: start LeaderElection
2020-11-16 17:31:55,310 [cc30a5ad-4207-4291-85e5-33833db84af4@group-86BCF01837AD-LeaderElection88] INFO  impl.LeaderElection (LeaderElection.java:askForVotes(210)) - cc30a5ad-4207-4291-85e5-33833db84af4@group-86BCF01837AD-LeaderElection88: begin an election at term 1 for -1: [756efa00-9886-4f2c-af17-99a3a9dc2153:172.17.0.2:34565:0, 7ba08779-98dd-4ee1-a6ca-8386ca3b8fbf:172.17.0.2:34067:0, cc30a5ad-4207-4291-85e5-33833db84af4:172.17.0.2:36663:0], old=null
2020-11-16 17:31:55,312 [grpc-default-executor-11] INFO  impl.RaftServerImpl (RaftServerImpl.java:setRole(198)) - 7ba08779-98dd-4ee1-a6ca-8386ca3b8fbf@group-86BCF01837AD: changes role from  FOLLOWER to FOLLOWER at term 1 for recognizeCandidate:cc30a5ad-4207-4291-85e5-33833db84af4
2020-11-16 17:31:55,312 [grpc-default-executor-11] INFO  impl.RoleInfo (RoleInfo.java:shutdownFollowerState(121)) - 7ba08779-98dd-4ee1-a6ca-8386ca3b8fbf: shutdown FollowerState
2020-11-16 17:31:55,312 [grpc-default-executor-6] INFO  impl.RaftServerImpl (RaftServerImpl.java:setRole(198)) - 756efa00-9886-4f2c-af17-99a3a9dc2153@group-86BCF01837AD: changes role from  FOLLOWER to FOLLOWER at term 1 for recognizeCandidate:cc30a5ad-4207-4291-85e5-33833db84af4
2020-11-16 17:31:55,312 [grpc-default-executor-6] INFO  impl.RoleInfo (RoleInfo.java:shutdownFollowerState(121)) - 756efa00-9886-4f2c-af17-99a3a9dc2153: shutdown FollowerState
2020-11-16 17:31:55,312 [grpc-default-executor-6] INFO  impl.RoleInfo (RoleInfo.java:updateAndGet(143)) - 756efa00-9886-4f2c-af17-99a3a9dc2153: start FollowerState
2020-11-16 17:31:55,312 [grpc-default-executor-11] INFO  impl.RoleInfo (RoleInfo.java:updateAndGet(143)) - 7ba08779-98dd-4ee1-a6ca-8386ca3b8fbf: start FollowerState
2020-11-16 17:31:55,312 [Thread-2525] INFO  impl.FollowerState (FollowerState.java:run(117)) - 7ba08779-98dd-4ee1-a6ca-8386ca3b8fbf@group-86BCF01837AD-FollowerState was interrupted: java.lang.InterruptedException: sleep interrupted
2020-11-16 17:31:55,312 [Thread-2528] INFO  impl.FollowerState (FollowerState.java:run(117)) - 756efa00-9886-4f2c-af17-99a3a9dc2153@group-86BCF01837AD-FollowerState was interrupted: java.lang.InterruptedException: sleep interrupted
2020-11-16 17:31:55,313 [grpc-default-executor-6] INFO  impl.RaftServerImpl (RaftServerImpl.java:requestVote(923)) -  FOLLOWER 756efa00-9886-4f2c-af17-99a3a9dc2153@group-86BCF01837AD:t1, leader=null, voted=null, raftlog=756efa00-9886-4f2c-af17-99a3a9dc2153@group-86BCF01837AD-SegmentedRaftLog:OPENED:c-1,f-1,i0, conf=-1: [756efa00-9886-4f2c-af17-99a3a9dc2153:172.17.0.2:34565:0, 7ba08779-98dd-4ee1-a6ca-8386ca3b8fbf:172.17.0.2:34067:0, cc30a5ad-4207-4291-85e5-33833db84af4:172.17.0.2:36663:0], old=null RUNNING priority:0 candidate:cc30a5ad-4207-4291-85e5-33833db84af4:172.17.0.2:36663:0 candidatePriority:0 compare:0
2020-11-16 17:31:55,313 [grpc-default-executor-11] INFO  impl.RaftServerImpl (RaftServerImpl.java:requestVote(923)) -  FOLLOWER 7ba08779-98dd-4ee1-a6ca-8386ca3b8fbf@group-86BCF01837AD:t1, leader=null, voted=null, raftlog=7ba08779-98dd-4ee1-a6ca-8386ca3b8fbf@group-86BCF01837AD-SegmentedRaftLog:OPENED:c-1,f-1,i0, conf=-1: [756efa00-9886-4f2c-af17-99a3a9dc2153:172.17.0.2:34565:0, 7ba08779-98dd-4ee1-a6ca-8386ca3b8fbf:172.17.0.2:34067:0, cc30a5ad-4207-4291-85e5-33833db84af4:172.17.0.2:36663:0], old=null RUNNING priority:0 candidate:cc30a5ad-4207-4291-85e5-33833db84af4:172.17.0.2:36663:0 candidatePriority:0 compare:0
2020-11-16 17:31:55,315 [cc30a5ad-4207-4291-85e5-33833db84af4@group-86BCF01837AD-LeaderElection88] INFO  impl.LeaderElection (LeaderElection.java:logAndReturn(62)) - cc30a5ad-4207-4291-85e5-33833db84af4@group-86BCF01837AD-LeaderElection88: Election PASSED; received 1 response(s) [cc30a5ad-4207-4291-85e5-33833db84af4<-7ba08779-98dd-4ee1-a6ca-8386ca3b8fbf#0:OK-t1] and 0 exception(s); cc30a5ad-4207-4291-85e5-33833db84af4@group-86BCF01837AD:t1, leader=null, voted=cc30a5ad-4207-4291-85e5-33833db84af4, raftlog=cc30a5ad-4207-4291-85e5-33833db84af4@group-86BCF01837AD-SegmentedRaftLog:OPENED:c-1,f-1,i0, conf=-1: [756efa00-9886-4f2c-af17-99a3a9dc2153:172.17.0.2:34565:0, 7ba08779-98dd-4ee1-a6ca-8386ca3b8fbf:172.17.0.2:34067:0, cc30a5ad-4207-4291-85e5-33833db84af4:172.17.0.2:36663:0], old=null
2020-11-16 17:31:55,315 [cc30a5ad-4207-4291-85e5-33833db84af4@group-86BCF01837AD-LeaderElection88] INFO  impl.RoleInfo (RoleInfo.java:shutdownLeaderElection(134)) - cc30a5ad-4207-4291-85e5-33833db84af4: shutdown LeaderElection
2020-11-16 17:31:55,315 [cc30a5ad-4207-4291-85e5-33833db84af4@group-86BCF01837AD-LeaderElection88] INFO  impl.RaftServerImpl (RaftServerImpl.java:setRole(198)) - cc30a5ad-4207-4291-85e5-33833db84af4@group-86BCF01837AD: changes role from CANDIDATE to LEADER at term 1 for changeToLeader
2020-11-16 17:31:55,315 [cc30a5ad-4207-4291-85e5-33833db84af4@group-86BCF01837AD-LeaderElection88] INFO  ratis.XceiverServerRatis (XceiverServerRatis.java:handleLeaderChangedNotification(854)) - Leader change notification received for group: group-86BCF01837AD with new leaderId: cc30a5ad-4207-4291-85e5-33833db84af4
2020-11-16 17:31:55,315 [cc30a5ad-4207-4291-85e5-33833db84af4@group-86BCF01837AD-LeaderElection88] INFO  impl.RaftServerImpl (ServerState.java:setLeader(256)) - cc30a5ad-4207-4291-85e5-33833db84af4@group-86BCF01837AD: change Leader from null to cc30a5ad-4207-4291-85e5-33833db84af4 at term 1 for becomeLeader, leader elected after 5086ms
2020-11-16 17:31:55,315 [cc30a5ad-4207-4291-85e5-33833db84af4@group-86BCF01837AD-LeaderElection88] INFO  server.RaftServerConfigKeys (ConfUtils.java:logGet(44)) - raft.server.staging.catchup.gap = 1000 (default)
2020-11-16 17:31:55,315 [cc30a5ad-4207-4291-85e5-33833db84af4@group-86BCF01837AD-LeaderElection88] INFO  server.RaftServerConfigKeys (ConfUtils.java:logGet(44)) - raft.server.rpc.sleep.time = 25ms (default)
2020-11-16 17:31:55,315 [cc30a5ad-4207-4291-85e5-33833db84af4@group-86BCF01837AD-LeaderElection88] INFO  metrics.RatisMetrics (RatisMetrics.java:lambda$create$0(36)) - Creating Metrics Registry : ratis.log_appender.cc30a5ad-4207-4291-85e5-33833db84af4@group-86BCF01837AD
2020-11-16 17:31:55,316 [cc30a5ad-4207-4291-85e5-33833db84af4@group-86BCF01837AD-LeaderElection88] INFO  server.RaftServerConfigKeys (ConfUtils.java:logGet(44)) - raft.server.write.element-limit = 1024 (custom)
2020-11-16 17:31:55,316 [cc30a5ad-4207-4291-85e5-33833db84af4@group-86BCF01837AD-LeaderElection88] INFO  server.RaftServerConfigKeys (ConfUtils.java:logGet(44)) - raft.server.write.byte-limit = 1073741824 (custom)
2020-11-16 17:31:55,316 [cc30a5ad-4207-4291-85e5-33833db84af4@group-86BCF01837AD-LeaderElection88] INFO  server.RaftServerConfigKeys (ConfUtils.java:logGet(44)) - raft.server.watch.timeout = 3000ms (custom)
2020-11-16 17:31:55,316 [cc30a5ad-4207-4291-85e5-33833db84af4@group-86BCF01837AD-LeaderElection88] INFO  server.RaftServerConfigKeys (ConfUtils.java:logGet(44)) - raft.server.watch.timeout.denomination = 1s (default)
2020-11-16 17:31:55,316 [cc30a5ad-4207-4291-85e5-33833db84af4@group-86BCF01837AD-LeaderElection88] INFO  server.RaftServerConfigKeys (ConfUtils.java:logGet(44)) - raft.server.watch.element-limit = 65536 (default)
2020-11-16 17:31:55,316 [cc30a5ad-4207-4291-85e5-33833db84af4@group-86BCF01837AD-LeaderElection88] INFO  server.RaftServerConfigKeys (ConfUtils.java:logGet(44)) - raft.server.log.appender.snapshot.chunk.size.max = 16MB (=16777216) (default)
2020-11-16 17:31:55,317 [cc30a5ad-4207-4291-85e5-33833db84af4@group-86BCF01837AD-LeaderElection88] INFO  server.RaftServerConfigKeys (ConfUtils.java:logGet(44)) - raft.server.log.appender.buffer.byte-limit = 33554432 (custom)
2020-11-16 17:31:55,317 [cc30a5ad-4207-4291-85e5-33833db84af4@group-86BCF01837AD-LeaderElection88] INFO  server.RaftServerConfigKeys (ConfUtils.java:logGet(44)) - raft.server.log.appender.buffer.element-limit = 1 (custom)
2020-11-16 17:31:55,317 [cc30a5ad-4207-4291-85e5-33833db84af4@group-86BCF01837AD-LeaderElection88] INFO  grpc.GrpcConfigKeys (ConfUtils.java:logGet(44)) - raft.grpc.server.leader.outstanding.appends.max = 128 (default)
2020-11-16 17:31:55,317 [cc30a5ad-4207-4291-85e5-33833db84af4@group-86BCF01837AD-LeaderElection88] INFO  server.RaftServerConfigKeys (ConfUtils.java:logGet(44)) - raft.server.rpc.request.timeout = 3000ms (default)
2020-11-16 17:31:55,317 [cc30a5ad-4207-4291-85e5-33833db84af4@group-86BCF01837AD-LeaderElection88] INFO  server.RaftServerConfigKeys (ConfUtils.java:logGet(44)) - raft.server.log.appender.install.snapshot.enabled = false (custom)
2020-11-16 17:31:55,317 [cc30a5ad-4207-4291-85e5-33833db84af4@group-86BCF01837AD-LeaderElection88] INFO  metrics.RatisMetrics (RatisMetrics.java:lambda$create$0(36)) - Creating Metrics Registry : ratis_grpc.log_appender.cc30a5ad-4207-4291-85e5-33833db84af4@group-86BCF01837AD
2020-11-16 17:31:55,317 [EventQueue-PipelineReportForPipelineReportHandler] INFO  pipeline.PipelineStateManager (PipelineStateManager.java:openPipeline(132)) - Pipeline Pipeline[ Id: 777897be-e92b-4fe4-a6ef-86bcf01837ad, Nodes: cc30a5ad-4207-4291-85e5-33833db84af4{ip: 172.17.0.2, host: 17b325b6a691, networkLocation: /default-rack, certSerialId: null}7ba08779-98dd-4ee1-a6ca-8386ca3b8fbf{ip: 172.17.0.2, host: 17b325b6a691, networkLocation: /default-rack, certSerialId: null}756efa00-9886-4f2c-af17-99a3a9dc2153{ip: 172.17.0.2, host: 17b325b6a691, networkLocation: /default-rack, certSerialId: null}, Type:RATIS, Factor:THREE, State:ALLOCATED, leaderId:cc30a5ad-4207-4291-85e5-33833db84af4, CreationTimestamp2020-11-16T17:31:47.467Z] moved to OPEN state
2020-11-16 17:31:55,320 [cc30a5ad-4207-4291-85e5-33833db84af4@group-86BCF01837AD-LeaderElection88] INFO  server.RaftServerConfigKeys (ConfUtils.java:logGet(44)) - raft.server.log.appender.snapshot.chunk.size.max = 16MB (=16777216) (default)
2020-11-16 17:31:55,320 [cc30a5ad-4207-4291-85e5-33833db84af4@group-86BCF01837AD-LeaderElection88] INFO  server.RaftServerConfigKeys (ConfUtils.java:logGet(44)) - raft.server.log.appender.buffer.byte-limit = 33554432 (custom)
2020-11-16 17:31:55,320 [cc30a5ad-4207-4291-85e5-33833db84af4@group-86BCF01837AD-LeaderElection88] INFO  server.RaftServerConfigKeys (ConfUtils.java:logGet(44)) - raft.server.log.appender.buffer.element-limit = 1 (custom)
2020-11-16 17:31:55,320 [cc30a5ad-4207-4291-85e5-33833db84af4@group-86BCF01837AD-LeaderElection88] INFO  grpc.GrpcConfigKeys (ConfUtils.java:logGet(44)) - raft.grpc.server.leader.outstanding.appends.max = 128 (default)
2020-11-16 17:31:55,320 [cc30a5ad-4207-4291-85e5-33833db84af4@group-86BCF01837AD-LeaderElection88] INFO  server.RaftServerConfigKeys (ConfUtils.java:logGet(44)) - raft.server.rpc.request.timeout = 3000ms (default)
2020-11-16 17:31:55,320 [cc30a5ad-4207-4291-85e5-33833db84af4@group-86BCF01837AD-LeaderElection88] INFO  server.RaftServerConfigKeys (ConfUtils.java:logGet(44)) - raft.server.log.appender.install.snapshot.enabled = false (custom)
2020-11-16 17:31:55,322 [cc30a5ad-4207-4291-85e5-33833db84af4@group-86BCF01837AD-LeaderElection88] INFO  impl.RoleInfo (RoleInfo.java:updateAndGet(143)) - cc30a5ad-4207-4291-85e5-33833db84af4: start LeaderState
2020-11-16 17:31:55,322 [cc30a5ad-4207-4291-85e5-33833db84af4@group-86BCF01837AD-LeaderElection88] INFO  segmented.SegmentedRaftLogWorker (SegmentedRaftLogWorker.java:startLogSegment(397)) - cc30a5ad-4207-4291-85e5-33833db84af4@group-86BCF01837AD-SegmentedRaftLogWorker: Starting segment from index:0
2020-11-16 17:31:55,324 [cc30a5ad-4207-4291-85e5-33833db84af4@group-86BCF01837AD-LeaderElection88] INFO  impl.RaftServerImpl (ServerState.java:setRaftConf(374)) - cc30a5ad-4207-4291-85e5-33833db84af4@group-86BCF01837AD: set configuration 0: [756efa00-9886-4f2c-af17-99a3a9dc2153:172.17.0.2:34565:0, 7ba08779-98dd-4ee1-a6ca-8386ca3b8fbf:172.17.0.2:34067:0, cc30a5ad-4207-4291-85e5-33833db84af4:172.17.0.2:36663:0], old=null at 0
2020-11-16 17:31:55,325 [cc30a5ad-4207-4291-85e5-33833db84af4@group-86BCF01837AD-SegmentedRaftLogWorker] INFO  segmented.SegmentedRaftLogWorker (SegmentedRaftLogWorker.java:execute(596)) - cc30a5ad-4207-4291-85e5-33833db84af4@group-86BCF01837AD-SegmentedRaftLogWorker: created new log segment /github/workspace/mnt/ozone/hadoop-ozone/integration-test/target/test-dir/MiniOzoneClusterImpl-7523e9d5-68c3-40ce-b00f-57fa4c553895/datanode-3/data/ratis/777897be-e92b-4fe4-a6ef-86bcf01837ad/current/log_inprogress_0
2020-11-16 17:31:55,328 [grpc-default-executor-11] INFO  ratis.XceiverServerRatis (XceiverServerRatis.java:handleLeaderChangedNotification(854)) - Leader change notification received for group: group-86BCF01837AD with new leaderId: cc30a5ad-4207-4291-85e5-33833db84af4
2020-11-16 17:31:55,328 [grpc-default-executor-11] INFO  impl.RaftServerImpl (ServerState.java:setLeader(256)) - 7ba08779-98dd-4ee1-a6ca-8386ca3b8fbf@group-86BCF01837AD: change Leader from null to cc30a5ad-4207-4291-85e5-33833db84af4 at term 1 for appendEntries, leader elected after 5078ms
2020-11-16 17:31:55,330 [grpc-default-executor-6] INFO  ratis.XceiverServerRatis (XceiverServerRatis.java:handleLeaderChangedNotification(854)) - Leader change notification received for group: group-86BCF01837AD with new leaderId: cc30a5ad-4207-4291-85e5-33833db84af4
2020-11-16 17:31:55,330 [grpc-default-executor-6] INFO  impl.RaftServerImpl (ServerState.java:setLeader(256)) - 756efa00-9886-4f2c-af17-99a3a9dc2153@group-86BCF01837AD: change Leader from null to cc30a5ad-4207-4291-85e5-33833db84af4 at term 1 for appendEntries, leader elected after 5054ms
2020-11-16 17:31:55,335 [grpc-default-executor-6] INFO  impl.RaftServerImpl (ServerState.java:setRaftConf(374)) - 7ba08779-98dd-4ee1-a6ca-8386ca3b8fbf@group-86BCF01837AD: set configuration 0: [756efa00-9886-4f2c-af17-99a3a9dc2153:172.17.0.2:34565:0, 7ba08779-98dd-4ee1-a6ca-8386ca3b8fbf:172.17.0.2:34067:0, cc30a5ad-4207-4291-85e5-33833db84af4:172.17.0.2:36663:0], old=null at 0
2020-11-16 17:31:55,338 [grpc-default-executor-6] INFO  segmented.SegmentedRaftLogWorker (SegmentedRaftLogWorker.java:startLogSegment(397)) - 7ba08779-98dd-4ee1-a6ca-8386ca3b8fbf@group-86BCF01837AD-SegmentedRaftLogWorker: Starting segment from index:0
2020-11-16 17:31:55,338 [grpc-default-executor-10] INFO  impl.RaftServerImpl (ServerState.java:setRaftConf(374)) - 756efa00-9886-4f2c-af17-99a3a9dc2153@group-86BCF01837AD: set configuration 0: [756efa00-9886-4f2c-af17-99a3a9dc2153:172.17.0.2:34565:0, 7ba08779-98dd-4ee1-a6ca-8386ca3b8fbf:172.17.0.2:34067:0, cc30a5ad-4207-4291-85e5-33833db84af4:172.17.0.2:36663:0], old=null at 0
2020-11-16 17:31:55,340 [grpc-default-executor-10] INFO  segmented.SegmentedRaftLogWorker (SegmentedRaftLogWorker.java:startLogSegment(397)) - 756efa00-9886-4f2c-af17-99a3a9dc2153@group-86BCF01837AD-SegmentedRaftLogWorker: Starting segment from index:0
2020-11-16 17:31:55,341 [7ba08779-98dd-4ee1-a6ca-8386ca3b8fbf@group-86BCF01837AD-SegmentedRaftLogWorker] INFO  segmented.SegmentedRaftLogWorker (SegmentedRaftLogWorker.java:execute(596)) - 7ba08779-98dd-4ee1-a6ca-8386ca3b8fbf@group-86BCF01837AD-SegmentedRaftLogWorker: created new log segment /github/workspace/mnt/ozone/hadoop-ozone/integration-test/target/test-dir/MiniOzoneClusterImpl-7523e9d5-68c3-40ce-b00f-57fa4c553895/datanode-5/data/ratis/777897be-e92b-4fe4-a6ef-86bcf01837ad/current/log_inprogress_0
2020-11-16 17:31:55,341 [756efa00-9886-4f2c-af17-99a3a9dc2153@group-86BCF01837AD-SegmentedRaftLogWorker] INFO  segmented.SegmentedRaftLogWorker (SegmentedRaftLogWorker.java:execute(596)) - 756efa00-9886-4f2c-af17-99a3a9dc2153@group-86BCF01837AD-SegmentedRaftLogWorker: created new log segment /github/workspace/mnt/ozone/hadoop-ozone/integration-test/target/test-dir/MiniOzoneClusterImpl-7523e9d5-68c3-40ce-b00f-57fa4c553895/datanode-4/data/ratis/777897be-e92b-4fe4-a6ef-86bcf01837ad/current/log_inprogress_0
2020-11-16 17:31:55,420 [Thread-2531] INFO  impl.FollowerState (FollowerState.java:run(108)) - 756efa00-9886-4f2c-af17-99a3a9dc2153@group-9B79DC36F9F9-FollowerState: change to CANDIDATE, lastRpcTime:5122ms, electionTimeout:5121ms
2020-11-16 17:31:55,420 [Thread-2531] INFO  impl.RoleInfo (RoleInfo.java:shutdownFollowerState(121)) - 756efa00-9886-4f2c-af17-99a3a9dc2153: shutdown FollowerState
2020-11-16 17:31:55,420 [Thread-2531] INFO  impl.RaftServerImpl (RaftServerImpl.java:setRole(198)) - 756efa00-9886-4f2c-af17-99a3a9dc2153@group-9B79DC36F9F9: changes role from  FOLLOWER to CANDIDATE at term 0 for changeToCandidate
2020-11-16 17:31:55,420 [Thread-2531] INFO  impl.RoleInfo (RoleInfo.java:updateAndGet(143)) - 756efa00-9886-4f2c-af17-99a3a9dc2153: start LeaderElection
2020-11-16 17:31:55,429 [756efa00-9886-4f2c-af17-99a3a9dc2153@group-9B79DC36F9F9-LeaderElection89] INFO  impl.LeaderElection (LeaderElection.java:askForVotes(210)) - 756efa00-9886-4f2c-af17-99a3a9dc2153@group-9B79DC36F9F9-LeaderElection89: begin an election at term 1 for -1: [756efa00-9886-4f2c-af17-99a3a9dc2153:172.17.0.2:34565:0], old=null
2020-11-16 17:31:55,429 [756efa00-9886-4f2c-af17-99a3a9dc2153@group-9B79DC36F9F9-LeaderElection89] INFO  impl.RoleInfo (RoleInfo.java:shutdownLeaderElection(134)) - 756efa00-9886-4f2c-af17-99a3a9dc2153: shutdown LeaderElection
2020-11-16 17:31:55,429 [756efa00-9886-4f2c-af17-99a3a9dc2153@group-9B79DC36F9F9-LeaderElection89] INFO  impl.RaftServerImpl (RaftServerImpl.java:setRole(198)) - 756efa00-9886-4f2c-af17-99a3a9dc2153@group-9B79DC36F9F9: changes role from CANDIDATE to LEADER at term 1 for changeToLeader
2020-11-16 17:31:55,429 [756efa00-9886-4f2c-af17-99a3a9dc2153@group-9B79DC36F9F9-LeaderElection89] INFO  ratis.XceiverServerRatis (XceiverServerRatis.java:handleLeaderChangedNotification(854)) - Leader change notification received for group: group-9B79DC36F9F9 with new leaderId: 756efa00-9886-4f2c-af17-99a3a9dc2153
2020-11-16 17:31:55,429 [756efa00-9886-4f2c-af17-99a3a9dc2153@group-9B79DC36F9F9-LeaderElection89] INFO  impl.RaftServerImpl (ServerState.java:setLeader(256)) - 756efa00-9886-4f2c-af17-99a3a9dc2153@group-9B79DC36F9F9: change Leader from null to 756efa00-9886-4f2c-af17-99a3a9dc2153 at term 1 for becomeLeader, leader elected after 5138ms
2020-11-16 17:31:55,430 [756efa00-9886-4f2c-af17-99a3a9dc2153@group-9B79DC36F9F9-LeaderElection89] INFO  server.RaftServerConfigKeys (ConfUtils.java:logGet(44)) - raft.server.staging.catchup.gap = 1000 (default)
2020-11-16 17:31:55,430 [756efa00-9886-4f2c-af17-99a3a9dc2153@group-9B79DC36F9F9-LeaderElection89] INFO  server.RaftServerConfigKeys (ConfUtils.java:logGet(44)) - raft.server.rpc.sleep.time = 25ms (default)
2020-11-16 17:31:55,430 [756efa00-9886-4f2c-af17-99a3a9dc2153@group-9B79DC36F9F9-LeaderElection89] INFO  metrics.RatisMetrics (RatisMetrics.java:lambda$create$0(36)) - Creating Metrics Registry : ratis.log_appender.756efa00-9886-4f2c-af17-99a3a9dc2153@group-9B79DC36F9F9
2020-11-16 17:31:55,430 [756efa00-9886-4f2c-af17-99a3a9dc2153@group-9B79DC36F9F9-LeaderElection89] INFO  server.RaftServerConfigKeys (ConfUtils.java:logGet(44)) - raft.server.write.element-limit = 1024 (custom)
2020-11-16 17:31:55,430 [756efa00-9886-4f2c-af17-99a3a9dc2153@group-9B79DC36F9F9-LeaderElection89] INFO  server.RaftServerConfigKeys (ConfUtils.java:logGet(44)) - raft.server.write.byte-limit = 1073741824 (custom)
2020-11-16 17:31:55,431 [756efa00-9886-4f2c-af17-99a3a9dc2153@group-9B79DC36F9F9-LeaderElection89] INFO  server.RaftServerConfigKeys (ConfUtils.java:logGet(44)) - raft.server.watch.timeout = 3000ms (custom)
2020-11-16 17:31:55,431 [756efa00-9886-4f2c-af17-99a3a9dc2153@group-9B79DC36F9F9-LeaderElection89] INFO  server.RaftServerConfigKeys (ConfUtils.java:logGet(44)) - raft.server.watch.timeout.denomination = 1s (default)
2020-11-16 17:31:55,431 [756efa00-9886-4f2c-af17-99a3a9dc2153@group-9B79DC36F9F9-LeaderElection89] INFO  server.RaftServerConfigKeys (ConfUtils.java:logGet(44)) - raft.server.watch.element-limit = 65536 (default)
2020-11-16 17:31:55,431 [756efa00-9886-4f2c-af17-99a3a9dc2153@group-9B79DC36F9F9-LeaderElection89] INFO  impl.RoleInfo (RoleInfo.java:updateAndGet(143)) - 756efa00-9886-4f2c-af17-99a3a9dc2153: start LeaderState
2020-11-16 17:31:55,432 [756efa00-9886-4f2c-af17-99a3a9dc2153@group-9B79DC36F9F9-LeaderElection89] INFO  segmented.SegmentedRaftLogWorker (SegmentedRaftLogWorker.java:startLogSegment(397)) - 756efa00-9886-4f2c-af17-99a3a9dc2153@group-9B79DC36F9F9-SegmentedRaftLogWorker: Starting segment from index:0
2020-11-16 17:31:55,433 [756efa00-9886-4f2c-af17-99a3a9dc2153@group-9B79DC36F9F9-LeaderElection89] INFO  impl.RaftServerImpl (ServerState.java:setRaftConf(374)) - 756efa00-9886-4f2c-af17-99a3a9dc2153@group-9B79DC36F9F9: set configuration 0: [756efa00-9886-4f2c-af17-99a3a9dc2153:172.17.0.2:34565:0], old=null at 0
2020-11-16 17:31:55,433 [756efa00-9886-4f2c-af17-99a3a9dc2153@group-9B79DC36F9F9-SegmentedRaftLogWorker] INFO  segmented.SegmentedRaftLogWorker (SegmentedRaftLogWorker.java:execute(596)) - 756efa00-9886-4f2c-af17-99a3a9dc2153@group-9B79DC36F9F9-SegmentedRaftLogWorker: created new log segment /github/workspace/mnt/ozone/hadoop-ozone/integration-test/target/test-dir/MiniOzoneClusterImpl-7523e9d5-68c3-40ce-b00f-57fa4c553895/datanode-4/data/ratis/c125322b-8cc9-44a0-8599-9b79dc36f9f9/current/log_inprogress_0
2020-11-16 17:31:55,649 [Thread-2533] INFO  impl.FollowerState (FollowerState.java:run(108)) - 7ba08779-98dd-4ee1-a6ca-8386ca3b8fbf@group-18121DA9B9AE-FollowerState: change to CANDIDATE, lastRpcTime:5171ms, electionTimeout:5171ms
2020-11-16 17:31:55,649 [Thread-2533] INFO  impl.RoleInfo (RoleInfo.java:shutdownFollowerState(121)) - 7ba08779-98dd-4ee1-a6ca-8386ca3b8fbf: shutdown FollowerState
2020-11-16 17:31:55,649 [Thread-2533] INFO  impl.RaftServerImpl (RaftServerImpl.java:setRole(198)) - 7ba08779-98dd-4ee1-a6ca-8386ca3b8fbf@group-18121DA9B9AE: changes role from  FOLLOWER to CANDIDATE at term 0 for changeToCandidate
2020-11-16 17:31:55,649 [Thread-2533] INFO  impl.RoleInfo (RoleInfo.java:updateAndGet(143)) - 7ba08779-98dd-4ee1-a6ca-8386ca3b8fbf: start LeaderElection
2020-11-16 17:31:55,658 [7ba08779-98dd-4ee1-a6ca-8386ca3b8fbf@group-18121DA9B9AE-LeaderElection90] INFO  impl.LeaderElection (LeaderElection.java:askForVotes(210)) - 7ba08779-98dd-4ee1-a6ca-8386ca3b8fbf@group-18121DA9B9AE-LeaderElection90: begin an election at term 1 for -1: [7ba08779-98dd-4ee1-a6ca-8386ca3b8fbf:172.17.0.2:34067:0], old=null
2020-11-16 17:31:55,658 [7ba08779-98dd-4ee1-a6ca-8386ca3b8fbf@group-18121DA9B9AE-LeaderElection90] INFO  impl.RoleInfo (RoleInfo.java:shutdownLeaderElection(134)) - 7ba08779-98dd-4ee1-a6ca-8386ca3b8fbf: shutdown LeaderElection
2020-11-16 17:31:55,658 [7ba08779-98dd-4ee1-a6ca-8386ca3b8fbf@group-18121DA9B9AE-LeaderElection90] INFO  impl.RaftServerImpl (RaftServerImpl.java:setRole(198)) - 7ba08779-98dd-4ee1-a6ca-8386ca3b8fbf@group-18121DA9B9AE: changes role from CANDIDATE to LEADER at term 1 for changeToLeader
2020-11-16 17:31:55,658 [7ba08779-98dd-4ee1-a6ca-8386ca3b8fbf@group-18121DA9B9AE-LeaderElection90] INFO  ratis.XceiverServerRatis (XceiverServerRatis.java:handleLeaderChangedNotification(854)) - Leader change notification received for group: group-18121DA9B9AE with new leaderId: 7ba08779-98dd-4ee1-a6ca-8386ca3b8fbf
2020-11-16 17:31:55,658 [7ba08779-98dd-4ee1-a6ca-8386ca3b8fbf@group-18121DA9B9AE-LeaderElection90] INFO  impl.RaftServerImpl (ServerState.java:setLeader(256)) - 7ba08779-98dd-4ee1-a6ca-8386ca3b8fbf@group-18121DA9B9AE: change Leader from null to 7ba08779-98dd-4ee1-a6ca-8386ca3b8fbf at term 1 for becomeLeader, leader elected after 5189ms
2020-11-16 17:31:55,659 [7ba08779-98dd-4ee1-a6ca-8386ca3b8fbf@group-18121DA9B9AE-LeaderElection90] INFO  server.RaftServerConfigKeys (ConfUtils.java:logGet(44)) - raft.server.staging.catchup.gap = 1000 (default)
2020-11-16 17:31:55,659 [7ba08779-98dd-4ee1-a6ca-8386ca3b8fbf@group-18121DA9B9AE-LeaderElection90] INFO  server.RaftServerConfigKeys (ConfUtils.java:logGet(44)) - raft.server.rpc.sleep.time = 25ms (default)
2020-11-16 17:31:55,659 [7ba08779-98dd-4ee1-a6ca-8386ca3b8fbf@group-18121DA9B9AE-LeaderElection90] INFO  metrics.RatisMetrics (RatisMetrics.java:lambda$create$0(36)) - Creating Metrics Registry : ratis.log_appender.7ba08779-98dd-4ee1-a6ca-8386ca3b8fbf@group-18121DA9B9AE
2020-11-16 17:31:55,659 [7ba08779-98dd-4ee1-a6ca-8386ca3b8fbf@group-18121DA9B9AE-LeaderElection90] INFO  server.RaftServerConfigKeys (ConfUtils.java:logGet(44)) - raft.server.write.element-limit = 1024 (custom)
2020-11-16 17:31:55,659 [7ba08779-98dd-4ee1-a6ca-8386ca3b8fbf@group-18121DA9B9AE-LeaderElection90] INFO  server.RaftServerConfigKeys (ConfUtils.java:logGet(44)) - raft.server.write.byte-limit = 1073741824 (custom)
2020-11-16 17:31:55,660 [7ba08779-98dd-4ee1-a6ca-8386ca3b8fbf@group-18121DA9B9AE-LeaderElection90] INFO  server.RaftServerConfigKeys (ConfUtils.java:logGet(44)) - raft.server.watch.timeout = 3000ms (custom)
2020-11-16 17:31:55,660 [7ba08779-98dd-4ee1-a6ca-8386ca3b8fbf@group-18121DA9B9AE-LeaderElection90] INFO  server.RaftServerConfigKeys (ConfUtils.java:logGet(44)) - raft.server.watch.timeout.denomination = 1s (default)
2020-11-16 17:31:55,660 [7ba08779-98dd-4ee1-a6ca-8386ca3b8fbf@group-18121DA9B9AE-LeaderElection90] INFO  server.RaftServerConfigKeys (ConfUtils.java:logGet(44)) - raft.server.watch.element-limit = 65536 (default)
2020-11-16 17:31:55,660 [7ba08779-98dd-4ee1-a6ca-8386ca3b8fbf@group-18121DA9B9AE-LeaderElection90] INFO  impl.RoleInfo (RoleInfo.java:updateAndGet(143)) - 7ba08779-98dd-4ee1-a6ca-8386ca3b8fbf: start LeaderState
2020-11-16 17:31:55,661 [7ba08779-98dd-4ee1-a6ca-8386ca3b8fbf@group-18121DA9B9AE-LeaderElection90] INFO  segmented.SegmentedRaftLogWorker (SegmentedRaftLogWorker.java:startLogSegment(397)) - 7ba08779-98dd-4ee1-a6ca-8386ca3b8fbf@group-18121DA9B9AE-SegmentedRaftLogWorker: Starting segment from index:0
2020-11-16 17:31:55,662 [7ba08779-98dd-4ee1-a6ca-8386ca3b8fbf@group-18121DA9B9AE-LeaderElection90] INFO  impl.RaftServerImpl (ServerState.java:setRaftConf(374)) - 7ba08779-98dd-4ee1-a6ca-8386ca3b8fbf@group-18121DA9B9AE: set configuration 0: [7ba08779-98dd-4ee1-a6ca-8386ca3b8fbf:172.17.0.2:34067:0], old=null at 0
2020-11-16 17:31:55,662 [7ba08779-98dd-4ee1-a6ca-8386ca3b8fbf@group-18121DA9B9AE-SegmentedRaftLogWorker] INFO  segmented.SegmentedRaftLogWorker (SegmentedRaftLogWorker.java:execute(596)) - 7ba08779-98dd-4ee1-a6ca-8386ca3b8fbf@group-18121DA9B9AE-SegmentedRaftLogWorker: created new log segment /github/workspace/mnt/ozone/hadoop-ozone/integration-test/target/test-dir/MiniOzoneClusterImpl-7523e9d5-68c3-40ce-b00f-57fa4c553895/datanode-5/data/ratis/905e9980-0c29-429b-8547-18121da9b9ae/current/log_inprogress_0
2020-11-16 17:31:55,663 [Listener at 127.0.0.1/35907] INFO  ozone.MiniOzoneClusterImpl (MiniOzoneClusterImpl.java:lambda$waitForClusterToBeReady$0(178)) - Nodes are ready. Got 7 of 7 DN Heartbeats.
2020-11-16 17:31:55,663 [Listener at 127.0.0.1/35907] INFO  ozone.MiniOzoneClusterImpl (MiniOzoneClusterImpl.java:lambda$waitForClusterToBeReady$0(181)) - Cluster exits safe mode
2020-11-16 17:31:55,676 [Listener at 127.0.0.1/35907] INFO  rpc.RpcClient (RpcClient.java:createVolume(272)) - Creating Volume: testblockoutputstream, with jenkins1001 as owner.
2020-11-16 17:31:55,678 [IPC Server handler 7 on default port 35907] INFO  volume.OMVolumeCreateRequest (OMVolumeCreateRequest.java:validateAndUpdateCache(196)) - created volume:testblockoutputstream for user:jenkins1001
2020-11-16 17:31:55,684 [Listener at 127.0.0.1/35907] INFO  rpc.RpcClient (RpcClient.java:createBucket(427)) - Creating Bucket: testblockoutputstream/testblockoutputstream, with Versioning false and Storage Type set to DISK and Encryption set to false 
2020-11-16 17:31:55,712 [Listener at 127.0.0.1/35907] INFO  metrics.RatisMetrics (RatisMetrics.java:lambda$create$0(36)) - Creating Metrics Registry : ratis.client_message_metrics.client-DC7AB6C1D350->cc30a5ad-4207-4291-85e5-33833db84af4
2020-11-16 17:31:55,716 [grpc-default-executor-10] INFO  metrics.RatisMetrics (RatisMetrics.java:lambda$create$0(36)) - Creating Metrics Registry : ratis.server_message_metrics.cc30a5ad-4207-4291-85e5-33833db84af4
2020-11-16 17:31:55,788 [Thread-2535] INFO  impl.FollowerState (FollowerState.java:run(108)) - 6b3f7492-0ca6-4b3b-9a26-869cc0a580f4@group-465758ED8BC5-FollowerState: change to CANDIDATE, lastRpcTime:5109ms, electionTimeout:5109ms
2020-11-16 17:31:55,789 [Thread-2535] INFO  impl.RoleInfo (RoleInfo.java:shutdownFollowerState(121)) - 6b3f7492-0ca6-4b3b-9a26-869cc0a580f4: shutdown FollowerState
2020-11-16 17:31:55,789 [Thread-2535] INFO  impl.RaftServerImpl (RaftServerImpl.java:setRole(198)) - 6b3f7492-0ca6-4b3b-9a26-869cc0a580f4@group-465758ED8BC5: changes role from  FOLLOWER to CANDIDATE at term 0 for changeToCandidate
2020-11-16 17:31:55,801 [Thread-2535] INFO  impl.RoleInfo (RoleInfo.java:updateAndGet(143)) - 6b3f7492-0ca6-4b3b-9a26-869cc0a580f4: start LeaderElection
2020-11-16 17:31:55,828 [6b3f7492-0ca6-4b3b-9a26-869cc0a580f4@group-465758ED8BC5-LeaderElection91] INFO  impl.LeaderElection (LeaderElection.java:askForVotes(210)) - 6b3f7492-0ca6-4b3b-9a26-869cc0a580f4@group-465758ED8BC5-LeaderElection91: begin an election at term 1 for -1: [6b3f7492-0ca6-4b3b-9a26-869cc0a580f4:172.17.0.2:37553:0], old=null
2020-11-16 17:31:55,829 [6b3f7492-0ca6-4b3b-9a26-869cc0a580f4@group-465758ED8BC5-LeaderElection91] INFO  impl.RoleInfo (RoleInfo.java:shutdownLeaderElection(134)) - 6b3f7492-0ca6-4b3b-9a26-869cc0a580f4: shutdown LeaderElection
2020-11-16 17:31:55,829 [6b3f7492-0ca6-4b3b-9a26-869cc0a580f4@group-465758ED8BC5-LeaderElection91] INFO  impl.RaftServerImpl (RaftServerImpl.java:setRole(198)) - 6b3f7492-0ca6-4b3b-9a26-869cc0a580f4@group-465758ED8BC5: changes role from CANDIDATE to LEADER at term 1 for changeToLeader
2020-11-16 17:31:55,829 [6b3f7492-0ca6-4b3b-9a26-869cc0a580f4@group-465758ED8BC5-LeaderElection91] INFO  ratis.XceiverServerRatis (XceiverServerRatis.java:handleLeaderChangedNotification(854)) - Leader change notification received for group: group-465758ED8BC5 with new leaderId: 6b3f7492-0ca6-4b3b-9a26-869cc0a580f4
2020-11-16 17:31:55,829 [6b3f7492-0ca6-4b3b-9a26-869cc0a580f4@group-465758ED8BC5-LeaderElection91] INFO  impl.RaftServerImpl (ServerState.java:setLeader(256)) - 6b3f7492-0ca6-4b3b-9a26-869cc0a580f4@group-465758ED8BC5: change Leader from null to 6b3f7492-0ca6-4b3b-9a26-869cc0a580f4 at term 1 for becomeLeader, leader elected after 5157ms
2020-11-16 17:31:55,831 [6b3f7492-0ca6-4b3b-9a26-869cc0a580f4@group-465758ED8BC5-LeaderElection91] INFO  server.RaftServerConfigKeys (ConfUtils.java:logGet(44)) - raft.server.staging.catchup.gap = 1000 (default)
2020-11-16 17:31:55,831 [6b3f7492-0ca6-4b3b-9a26-869cc0a580f4@group-465758ED8BC5-LeaderElection91] INFO  server.RaftServerConfigKeys (ConfUtils.java:logGet(44)) - raft.server.rpc.sleep.time = 25ms (default)
2020-11-16 17:31:55,838 [6b3f7492-0ca6-4b3b-9a26-869cc0a580f4@group-465758ED8BC5-LeaderElection91] INFO  metrics.RatisMetrics (RatisMetrics.java:lambda$create$0(36)) - Creating Metrics Registry : ratis.log_appender.6b3f7492-0ca6-4b3b-9a26-869cc0a580f4@group-465758ED8BC5
2020-11-16 17:31:55,838 [6b3f7492-0ca6-4b3b-9a26-869cc0a580f4@group-465758ED8BC5-LeaderElection91] INFO  server.RaftServerConfigKeys (ConfUtils.java:logGet(44)) - raft.server.write.element-limit = 1024 (custom)
2020-11-16 17:31:55,838 [6b3f7492-0ca6-4b3b-9a26-869cc0a580f4@group-465758ED8BC5-LeaderElection91] INFO  server.RaftServerConfigKeys (ConfUtils.java:logGet(44)) - raft.server.write.byte-limit = 1073741824 (custom)
2020-11-16 17:31:55,840 [6b3f7492-0ca6-4b3b-9a26-869cc0a580f4@group-465758ED8BC5-LeaderElection91] INFO  server.RaftServerConfigKeys (ConfUtils.java:logGet(44)) - raft.server.watch.timeout = 3000ms (custom)
2020-11-16 17:31:55,840 [6b3f7492-0ca6-4b3b-9a26-869cc0a580f4@group-465758ED8BC5-LeaderElection91] INFO  server.RaftServerConfigKeys (ConfUtils.java:logGet(44)) - raft.server.watch.timeout.denomination = 1s (default)
2020-11-16 17:31:55,840 [6b3f7492-0ca6-4b3b-9a26-869cc0a580f4@group-465758ED8BC5-LeaderElection91] INFO  server.RaftServerConfigKeys (ConfUtils.java:logGet(44)) - raft.server.watch.element-limit = 65536 (default)
2020-11-16 17:31:55,840 [6b3f7492-0ca6-4b3b-9a26-869cc0a580f4@group-465758ED8BC5-LeaderElection91] INFO  impl.RoleInfo (RoleInfo.java:updateAndGet(143)) - 6b3f7492-0ca6-4b3b-9a26-869cc0a580f4: start LeaderState
2020-11-16 17:31:55,840 [6b3f7492-0ca6-4b3b-9a26-869cc0a580f4@group-465758ED8BC5-LeaderElection91] INFO  segmented.SegmentedRaftLogWorker (SegmentedRaftLogWorker.java:startLogSegment(397)) - 6b3f7492-0ca6-4b3b-9a26-869cc0a580f4@group-465758ED8BC5-SegmentedRaftLogWorker: Starting segment from index:0
2020-11-16 17:31:55,843 [6b3f7492-0ca6-4b3b-9a26-869cc0a580f4@group-465758ED8BC5-LeaderElection91] INFO  impl.RaftServerImpl (ServerState.java:setRaftConf(374)) - 6b3f7492-0ca6-4b3b-9a26-869cc0a580f4@group-465758ED8BC5: set configuration 0: [6b3f7492-0ca6-4b3b-9a26-869cc0a580f4:172.17.0.2:37553:0], old=null at 0
2020-11-16 17:31:55,844 [6b3f7492-0ca6-4b3b-9a26-869cc0a580f4@group-465758ED8BC5-SegmentedRaftLogWorker] INFO  segmented.SegmentedRaftLogWorker (SegmentedRaftLogWorker.java:execute(596)) - 6b3f7492-0ca6-4b3b-9a26-869cc0a580f4@group-465758ED8BC5-SegmentedRaftLogWorker: created new log segment /github/workspace/mnt/ozone/hadoop-ozone/integration-test/target/test-dir/MiniOzoneClusterImpl-7523e9d5-68c3-40ce-b00f-57fa4c553895/datanode-6/data/ratis/26890cb8-6a58-49b8-98f4-465758ed8bc5/current/log_inprogress_0
2020-11-16 17:31:56,770 [Datanode State Machine Thread - 0] INFO  statemachine.DatanodeStateMachine (DatanodeStateMachine.java:lambda$startDaemon$0(406)) - Ozone container server started.
2020-11-16 17:31:57,818 [EventQueue-Delayed safe mode statusForReplicationManager] INFO  container.ReplicationManager (ReplicationManager.java:start(178)) - Starting Replication Monitor Thread.
2020-11-16 17:31:57,819 [ReplicationMonitor] INFO  container.ReplicationManager (ReplicationManager.java:run(242)) - Replication Monitor Thread took 0 milliseconds for processing 1 containers.
2020-11-16 17:32:00,902 [Listener at 127.0.0.1/35907] INFO  ozoneimpl.OzoneContainer (OzoneContainer.java:stop(259)) - Attempting to stop container services.
2020-11-16 17:32:00,903 [Listener at 127.0.0.1/35907] INFO  impl.RaftServerProxy (RaftServerProxy.java:lambda$close$4(322)) - cc30a5ad-4207-4291-85e5-33833db84af4: close
2020-11-16 17:32:00,903 [Listener at 127.0.0.1/35907] INFO  impl.RaftServerImpl (RaftServerImpl.java:lambda$shutdown$3(321)) - cc30a5ad-4207-4291-85e5-33833db84af4@group-B235807CDCD1: shutdown
2020-11-16 17:32:00,903 [ForkJoinPool.commonPool-worker-1] INFO  impl.RaftServerImpl (RaftServerImpl.java:lambda$shutdown$3(321)) - cc30a5ad-4207-4291-85e5-33833db84af4@group-BB1F04BDC3DE: shutdown
2020-11-16 17:32:00,904 [ForkJoinPool.commonPool-worker-1] INFO  util.JmxRegister (JmxRegister.java:unregister(73)) - Successfully un-registered JMX Bean with object name Ratis:service=RaftServer,group=group-BB1F04BDC3DE,id=cc30a5ad-4207-4291-85e5-33833db84af4
2020-11-16 17:32:00,904 [ForkJoinPool.commonPool-worker-1] INFO  impl.RoleInfo (RoleInfo.java:shutdownLeaderState(104)) - cc30a5ad-4207-4291-85e5-33833db84af4: shutdown LeaderState
2020-11-16 17:32:00,904 [ForkJoinPool.commonPool-worker-1] INFO  metrics.RatisMetrics (RatisMetrics.java:unregister(43)) - Unregistering Metrics Registry : ratis_grpc.log_appender.cc30a5ad-4207-4291-85e5-33833db84af4@group-BB1F04BDC3DE
2020-11-16 17:32:00,904 [org.apache.ratis.server.impl.LogAppender$AppenderDaemon$$Lambda$490/1020907110@41a7534] WARN  server.GrpcLogAppender (GrpcLogAppender.java:mayWait(168)) - cc30a5ad-4207-4291-85e5-33833db84af4@group-BB1F04BDC3DE->756efa00-9886-4f2c-af17-99a3a9dc2153-GrpcLogAppender: Wait interrupted by java.lang.InterruptedException
2020-11-16 17:32:00,905 [ForkJoinPool.commonPool-worker-1] INFO  metrics.RatisMetrics (RatisMetrics.java:unregister(43)) - Unregistering Metrics Registry : ratis_grpc.log_appender.cc30a5ad-4207-4291-85e5-33833db84af4@group-BB1F04BDC3DE
2020-11-16 17:32:00,905 [ForkJoinPool.commonPool-worker-1] INFO  impl.PendingRequests (PendingRequests.java:sendNotLeaderResponses(249)) - cc30a5ad-4207-4291-85e5-33833db84af4@group-BB1F04BDC3DE-PendingRequests: sendNotLeaderResponses
2020-11-16 17:32:00,904 [Listener at 127.0.0.1/35907] INFO  util.JmxRegister (JmxRegister.java:unregister(73)) - Successfully un-registered JMX Bean with object name Ratis:service=RaftServer,group=group-B235807CDCD1,id=cc30a5ad-4207-4291-85e5-33833db84af4
2020-11-16 17:32:00,907 [Listener at 127.0.0.1/35907] INFO  impl.RoleInfo (RoleInfo.java:shutdownLeaderState(104)) - cc30a5ad-4207-4291-85e5-33833db84af4: shutdown LeaderState
2020-11-16 17:32:00,907 [grpc-default-executor-11] INFO  server.GrpcServerProtocolService (GrpcServerProtocolService.java:onCompleted(138)) - 756efa00-9886-4f2c-af17-99a3a9dc2153: Completed APPEND_ENTRIES, lastRequest: cc30a5ad-4207-4291-85e5-33833db84af4->756efa00-9886-4f2c-af17-99a3a9dc2153#44-t1, previous=(t:1, i:15), leaderCommit=14, initializing? false, entries: size=1, first=(t:1, i:16), METADATAENTRY(c:14)
2020-11-16 17:32:00,907 [org.apache.ratis.server.impl.LogAppender$AppenderDaemon$$Lambda$490/1020907110@6191248f] WARN  server.GrpcLogAppender (GrpcLogAppender.java:mayWait(168)) - cc30a5ad-4207-4291-85e5-33833db84af4@group-BB1F04BDC3DE->7ba08779-98dd-4ee1-a6ca-8386ca3b8fbf-GrpcLogAppender: Wait interrupted by java.lang.InterruptedException
2020-11-16 17:32:00,907 [Listener at 127.0.0.1/35907] INFO  impl.PendingRequests (PendingRequests.java:sendNotLeaderResponses(249)) - cc30a5ad-4207-4291-85e5-33833db84af4@group-B235807CDCD1-PendingRequests: sendNotLeaderResponses
2020-11-16 17:32:00,907 [Listener at 127.0.0.1/35907] INFO  metrics.RatisMetrics (RatisMetrics.java:unregister(43)) - Unregistering Metrics Registry : ratis.log_appender.cc30a5ad-4207-4291-85e5-33833db84af4@group-B235807CDCD1
2020-11-16 17:32:00,908 [grpc-default-executor-10] INFO  server.GrpcServerProtocolService (GrpcServerProtocolService.java:onCompleted(138)) - 7ba08779-98dd-4ee1-a6ca-8386ca3b8fbf: Completed APPEND_ENTRIES, lastRequest: cc30a5ad-4207-4291-85e5-33833db84af4->7ba08779-98dd-4ee1-a6ca-8386ca3b8fbf#48-t1, previous=(t:1, i:15), leaderCommit=14, initializing? false, entries: size=1, first=(t:1, i:16), METADATAENTRY(c:14)
2020-11-16 17:32:00,908 [Listener at 127.0.0.1/35907] INFO  metrics.RatisMetrics (RatisMetrics.java:unregister(43)) - Unregistering Metrics Registry : ratis.server.cc30a5ad-4207-4291-85e5-33833db84af4@group-B235807CDCD1
2020-11-16 17:32:00,912 [grpc-default-executor-11] INFO  server.GrpcLogAppender (GrpcLogAppender.java:onCompleted(336)) - cc30a5ad-4207-4291-85e5-33833db84af4@group-BB1F04BDC3DE->756efa00-9886-4f2c-af17-99a3a9dc2153-AppendLogResponseHandler: follower responses appendEntries COMPLETED
2020-11-16 17:32:00,912 [grpc-default-executor-11] INFO  impl.FollowerInfo (FollowerInfo.java:lambda$new$0(51)) - cc30a5ad-4207-4291-85e5-33833db84af4@group-BB1F04BDC3DE->756efa00-9886-4f2c-af17-99a3a9dc2153: nextIndex: updateUnconditionally 17 -> 16
2020-11-16 17:32:00,914 [ForkJoinPool.commonPool-worker-1] INFO  metrics.RatisMetrics (RatisMetrics.java:unregister(43)) - Unregistering Metrics Registry : ratis.log_appender.cc30a5ad-4207-4291-85e5-33833db84af4@group-BB1F04BDC3DE
2020-11-16 17:32:00,914 [ForkJoinPool.commonPool-worker-1] INFO  metrics.RatisMetrics (RatisMetrics.java:unregister(43)) - Unregistering Metrics Registry : ratis.server.cc30a5ad-4207-4291-85e5-33833db84af4@group-BB1F04BDC3DE
2020-11-16 17:32:00,914 [grpc-default-executor-11] INFO  server.GrpcLogAppender (GrpcLogAppender.java:onCompleted(336)) - cc30a5ad-4207-4291-85e5-33833db84af4@group-BB1F04BDC3DE->7ba08779-98dd-4ee1-a6ca-8386ca3b8fbf-AppendLogResponseHandler: follower responses appendEntries COMPLETED
2020-11-16 17:32:00,915 [grpc-default-executor-11] INFO  impl.FollowerInfo (FollowerInfo.java:lambda$new$0(51)) - cc30a5ad-4207-4291-85e5-33833db84af4@group-BB1F04BDC3DE->7ba08779-98dd-4ee1-a6ca-8386ca3b8fbf: nextIndex: updateUnconditionally 17 -> 16
2020-11-16 17:32:00,916 [ForkJoinPool.commonPool-worker-1] INFO  impl.StateMachineUpdater (StateMachineUpdater.java:stopAndJoin(142)) - cc30a5ad-4207-4291-85e5-33833db84af4@group-BB1F04BDC3DE-StateMachineUpdater: set stopIndex = 16
2020-11-16 17:32:00,916 [cc30a5ad-4207-4291-85e5-33833db84af4@group-BB1F04BDC3DE-StateMachineUpdater] INFO  ratis.ContainerStateMachine (ContainerStateMachine.java:takeSnapshot(293)) - group-BB1F04BDC3DE: Taking a snapshot at:(t:1, i:16) file /github/workspace/mnt/ozone/hadoop-ozone/integration-test/target/test-dir/MiniOzoneClusterImpl-7523e9d5-68c3-40ce-b00f-57fa4c553895/datanode-3/data/ratis/24132c28-f07d-4eb2-8506-bb1f04bdc3de/sm/snapshot.1_16
2020-11-16 17:32:00,917 [Listener at 127.0.0.1/35907] INFO  impl.StateMachineUpdater (StateMachineUpdater.java:stopAndJoin(142)) - cc30a5ad-4207-4291-85e5-33833db84af4@group-B235807CDCD1-StateMachineUpdater: set stopIndex = 0
2020-11-16 17:32:00,917 [cc30a5ad-4207-4291-85e5-33833db84af4@group-B235807CDCD1-StateMachineUpdater] INFO  ratis.ContainerStateMachine (ContainerStateMachine.java:takeSnapshot(293)) - group-B235807CDCD1: Taking a snapshot at:(t:1, i:0) file /github/workspace/mnt/ozone/hadoop-ozone/integration-test/target/test-dir/MiniOzoneClusterImpl-7523e9d5-68c3-40ce-b00f-57fa4c553895/datanode-3/data/ratis/fd540625-bf17-4266-a35c-b235807cdcd1/sm/snapshot.1_0
2020-11-16 17:32:00,917 [cc30a5ad-4207-4291-85e5-33833db84af4@group-BB1F04BDC3DE-StateMachineUpdater] INFO  ratis.ContainerStateMachine (ContainerStateMachine.java:takeSnapshot(304)) - group-BB1F04BDC3DE: Finished taking a snapshot at:(t:1, i:16) file:/github/workspace/mnt/ozone/hadoop-ozone/integration-test/target/test-dir/MiniOzoneClusterImpl-7523e9d5-68c3-40ce-b00f-57fa4c553895/datanode-3/data/ratis/24132c28-f07d-4eb2-8506-bb1f04bdc3de/sm/snapshot.1_16 time:1
2020-11-16 17:32:00,918 [cc30a5ad-4207-4291-85e5-33833db84af4@group-BB1F04BDC3DE-StateMachineUpdater] INFO  impl.StateMachineUpdater (StateMachineUpdater.java:takeSnapshot(277)) - cc30a5ad-4207-4291-85e5-33833db84af4@group-BB1F04BDC3DE-StateMachineUpdater: Took a snapshot at index 16
2020-11-16 17:32:00,918 [cc30a5ad-4207-4291-85e5-33833db84af4@group-BB1F04BDC3DE-StateMachineUpdater] INFO  impl.StateMachineUpdater (StateMachineUpdater.java:lambda$new$0(87)) - cc30a5ad-4207-4291-85e5-33833db84af4@group-BB1F04BDC3DE-StateMachineUpdater: snapshotIndex: updateIncreasingly -1 -> 16
2020-11-16 17:32:00,918 [cc30a5ad-4207-4291-85e5-33833db84af4@group-BB1F04BDC3DE-StateMachineUpdater] INFO  metrics.RatisMetrics (RatisMetrics.java:unregister(43)) - Unregistering Metrics Registry : ratis.state_machine.cc30a5ad-4207-4291-85e5-33833db84af4@group-BB1F04BDC3DE
2020-11-16 17:32:00,918 [cc30a5ad-4207-4291-85e5-33833db84af4@group-B235807CDCD1-StateMachineUpdater] INFO  ratis.ContainerStateMachine (ContainerStateMachine.java:takeSnapshot(304)) - group-B235807CDCD1: Finished taking a snapshot at:(t:1, i:0) file:/github/workspace/mnt/ozone/hadoop-ozone/integration-test/target/test-dir/MiniOzoneClusterImpl-7523e9d5-68c3-40ce-b00f-57fa4c553895/datanode-3/data/ratis/fd540625-bf17-4266-a35c-b235807cdcd1/sm/snapshot.1_0 time:1
2020-11-16 17:32:00,918 [cc30a5ad-4207-4291-85e5-33833db84af4@group-B235807CDCD1-StateMachineUpdater] INFO  impl.StateMachineUpdater (StateMachineUpdater.java:takeSnapshot(277)) - cc30a5ad-4207-4291-85e5-33833db84af4@group-B235807CDCD1-StateMachineUpdater: Took a snapshot at index 0
2020-11-16 17:32:00,918 [cc30a5ad-4207-4291-85e5-33833db84af4@group-B235807CDCD1-StateMachineUpdater] INFO  impl.StateMachineUpdater (StateMachineUpdater.java:lambda$new$0(87)) - cc30a5ad-4207-4291-85e5-33833db84af4@group-B235807CDCD1-StateMachineUpdater: snapshotIndex: updateIncreasingly -1 -> 0
2020-11-16 17:32:00,918 [cc30a5ad-4207-4291-85e5-33833db84af4@group-B235807CDCD1-StateMachineUpdater] INFO  metrics.RatisMetrics (RatisMetrics.java:unregister(43)) - Unregistering Metrics Registry : ratis.state_machine.cc30a5ad-4207-4291-85e5-33833db84af4@group-B235807CDCD1
2020-11-16 17:32:00,919 [Listener at 127.0.0.1/35907] INFO  impl.RaftServerImpl (ServerState.java:close(405)) - cc30a5ad-4207-4291-85e5-33833db84af4@group-B235807CDCD1: closes. applyIndex: 0
2020-11-16 17:32:00,919 [ForkJoinPool.commonPool-worker-1] INFO  impl.RaftServerImpl (ServerState.java:close(405)) - cc30a5ad-4207-4291-85e5-33833db84af4@group-BB1F04BDC3DE: closes. applyIndex: 16
2020-11-16 17:32:00,919 [cc30a5ad-4207-4291-85e5-33833db84af4@group-B235807CDCD1-SegmentedRaftLogWorker] INFO  segmented.SegmentedRaftLogWorker (SegmentedRaftLogWorker.java:run(327)) - cc30a5ad-4207-4291-85e5-33833db84af4@group-B235807CDCD1-SegmentedRaftLogWorker was interrupted, exiting. There are 0 tasks remaining in the queue.
2020-11-16 17:32:00,920 [cc30a5ad-4207-4291-85e5-33833db84af4@group-BB1F04BDC3DE-SegmentedRaftLogWorker] INFO  segmented.SegmentedRaftLogWorker (SegmentedRaftLogWorker.java:run(327)) - cc30a5ad-4207-4291-85e5-33833db84af4@group-BB1F04BDC3DE-SegmentedRaftLogWorker was interrupted, exiting. There are 0 tasks remaining in the queue.
2020-11-16 17:32:00,922 [Listener at 127.0.0.1/35907] INFO  segmented.SegmentedRaftLogWorker (SegmentedRaftLogWorker.java:close(234)) - cc30a5ad-4207-4291-85e5-33833db84af4@group-B235807CDCD1-SegmentedRaftLogWorker close()
2020-11-16 17:32:00,922 [ForkJoinPool.commonPool-worker-1] INFO  segmented.SegmentedRaftLogWorker (SegmentedRaftLogWorker.java:close(234)) - cc30a5ad-4207-4291-85e5-33833db84af4@group-BB1F04BDC3DE-SegmentedRaftLogWorker close()
2020-11-16 17:32:00,925 [Listener at 127.0.0.1/35907] INFO  metrics.RatisMetrics (RatisMetrics.java:unregister(43)) - Unregistering Metrics Registry : ratis.log_worker.cc30a5ad-4207-4291-85e5-33833db84af4@group-B235807CDCD1
2020-11-16 17:32:00,930 [Listener at 127.0.0.1/35907] INFO  metrics.RatisMetrics (RatisMetrics.java:unregister(43)) - Unregistering Metrics Registry : ratis.leader_election.cc30a5ad-4207-4291-85e5-33833db84af4@group-B235807CDCD1
2020-11-16 17:32:00,930 [Listener at 127.0.0.1/35907] INFO  metrics.RatisMetrics (RatisMetrics.java:unregister(43)) - Unregistering Metrics Registry : ratis.server.cc30a5ad-4207-4291-85e5-33833db84af4@group-B235807CDCD1
2020-11-16 17:32:00,930 [ForkJoinPool.commonPool-worker-1] INFO  metrics.RatisMetrics (RatisMetrics.java:unregister(43)) - Unregistering Metrics Registry : ratis.log_worker.cc30a5ad-4207-4291-85e5-33833db84af4@group-BB1F04BDC3DE
2020-11-16 17:32:00,930 [ForkJoinPool.commonPool-worker-1] INFO  metrics.RatisMetrics (RatisMetrics.java:unregister(43)) - Unregistering Metrics Registry : ratis.leader_election.cc30a5ad-4207-4291-85e5-33833db84af4@group-BB1F04BDC3DE
2020-11-16 17:32:00,930 [ForkJoinPool.commonPool-worker-1] INFO  metrics.RatisMetrics (RatisMetrics.java:unregister(43)) - Unregistering Metrics Registry : ratis.server.cc30a5ad-4207-4291-85e5-33833db84af4@group-BB1F04BDC3DE
2020-11-16 17:32:00,930 [ForkJoinPool.commonPool-worker-1] INFO  impl.RaftServerImpl (RaftServerImpl.java:lambda$shutdown$3(321)) - cc30a5ad-4207-4291-85e5-33833db84af4@group-86BCF01837AD: shutdown
2020-11-16 17:32:00,930 [ForkJoinPool.commonPool-worker-1] INFO  util.JmxRegister (JmxRegister.java:unregister(73)) - Successfully un-registered JMX Bean with object name Ratis:service=RaftServer,group=group-86BCF01837AD,id=cc30a5ad-4207-4291-85e5-33833db84af4
2020-11-16 17:32:00,930 [ForkJoinPool.commonPool-worker-1] INFO  impl.RoleInfo (RoleInfo.java:shutdownLeaderState(104)) - cc30a5ad-4207-4291-85e5-33833db84af4: shutdown LeaderState
2020-11-16 17:32:00,931 [ForkJoinPool.commonPool-worker-1] INFO  metrics.RatisMetrics (RatisMetrics.java:unregister(43)) - Unregistering Metrics Registry : ratis_grpc.log_appender.cc30a5ad-4207-4291-85e5-33833db84af4@group-86BCF01837AD
2020-11-16 17:32:00,931 [ForkJoinPool.commonPool-worker-1] INFO  metrics.RatisMetrics (RatisMetrics.java:unregister(43)) - Unregistering Metrics Registry : ratis_grpc.log_appender.cc30a5ad-4207-4291-85e5-33833db84af4@group-86BCF01837AD
2020-11-16 17:32:00,931 [org.apache.ratis.server.impl.LogAppender$AppenderDaemon$$Lambda$490/1020907110@6c715131] WARN  server.GrpcLogAppender (GrpcLogAppender.java:mayWait(168)) - cc30a5ad-4207-4291-85e5-33833db84af4@group-86BCF01837AD->756efa00-9886-4f2c-af17-99a3a9dc2153-GrpcLogAppender: Wait interrupted by java.lang.InterruptedException
2020-11-16 17:32:00,931 [ForkJoinPool.commonPool-worker-1] INFO  impl.PendingRequests (PendingRequests.java:sendNotLeaderResponses(249)) - cc30a5ad-4207-4291-85e5-33833db84af4@group-86BCF01837AD-PendingRequests: sendNotLeaderResponses
2020-11-16 17:32:00,931 [ForkJoinPool.commonPool-worker-1] INFO  metrics.RatisMetrics (RatisMetrics.java:unregister(43)) - Unregistering Metrics Registry : ratis.log_appender.cc30a5ad-4207-4291-85e5-33833db84af4@group-86BCF01837AD
2020-11-16 17:32:00,931 [ForkJoinPool.commonPool-worker-1] INFO  metrics.RatisMetrics (RatisMetrics.java:unregister(43)) - Unregistering Metrics Registry : ratis.server.cc30a5ad-4207-4291-85e5-33833db84af4@group-86BCF01837AD
2020-11-16 17:32:00,931 [grpc-default-executor-10] INFO  server.GrpcServerProtocolService (GrpcServerProtocolService.java:onCompleted(138)) - 756efa00-9886-4f2c-af17-99a3a9dc2153: Completed APPEND_ENTRIES, lastRequest: cc30a5ad-4207-4291-85e5-33833db84af4->756efa00-9886-4f2c-af17-99a3a9dc2153#1-t1, previous=(t:0, i:0), leaderCommit=0, initializing? false, entries: size=1, first=(t:1, i:0), CONFIGURATIONENTRY
2020-11-16 17:32:00,931 [grpc-default-executor-11] INFO  server.GrpcLogAppender (GrpcLogAppender.java:onCompleted(336)) - cc30a5ad-4207-4291-85e5-33833db84af4@group-86BCF01837AD->756efa00-9886-4f2c-af17-99a3a9dc2153-AppendLogResponseHandler: follower responses appendEntries COMPLETED
2020-11-16 17:32:00,931 [grpc-default-executor-11] INFO  impl.FollowerInfo (FollowerInfo.java:lambda$new$0(51)) - cc30a5ad-4207-4291-85e5-33833db84af4@group-86BCF01837AD->756efa00-9886-4f2c-af17-99a3a9dc2153: nextIndex: updateUnconditionally 1 -> 0
2020-11-16 17:32:00,931 [org.apache.ratis.server.impl.LogAppender$AppenderDaemon$$Lambda$490/1020907110@60c40633] WARN  server.GrpcLogAppender (GrpcLogAppender.java:mayWait(168)) - cc30a5ad-4207-4291-85e5-33833db84af4@group-86BCF01837AD->7ba08779-98dd-4ee1-a6ca-8386ca3b8fbf-GrpcLogAppender: Wait interrupted by java.lang.InterruptedException
2020-11-16 17:32:00,932 [grpc-default-executor-11] INFO  server.GrpcServerProtocolService (GrpcServerProtocolService.java:onCompleted(138)) - 7ba08779-98dd-4ee1-a6ca-8386ca3b8fbf: Completed APPEND_ENTRIES, lastRequest: cc30a5ad-4207-4291-85e5-33833db84af4->7ba08779-98dd-4ee1-a6ca-8386ca3b8fbf#1-t1, previous=(t:0, i:0), leaderCommit=-1, initializing? false, entries: size=1, first=(t:1, i:0), CONFIGURATIONENTRY
2020-11-16 17:32:00,932 [ForkJoinPool.commonPool-worker-1] INFO  impl.StateMachineUpdater (StateMachineUpdater.java:stopAndJoin(142)) - cc30a5ad-4207-4291-85e5-33833db84af4@group-86BCF01837AD-StateMachineUpdater: set stopIndex = 0
2020-11-16 17:32:00,934 [grpc-default-executor-11] INFO  server.GrpcLogAppender (GrpcLogAppender.java:onCompleted(336)) - cc30a5ad-4207-4291-85e5-33833db84af4@group-86BCF01837AD->7ba08779-98dd-4ee1-a6ca-8386ca3b8fbf-AppendLogResponseHandler: follower responses appendEntries COMPLETED
2020-11-16 17:32:00,934 [grpc-default-executor-11] INFO  impl.FollowerInfo (FollowerInfo.java:lambda$new$0(51)) - cc30a5ad-4207-4291-85e5-33833db84af4@group-86BCF01837AD->7ba08779-98dd-4ee1-a6ca-8386ca3b8fbf: nextIndex: updateUnconditionally 1 -> 0
2020-11-16 17:32:00,934 [cc30a5ad-4207-4291-85e5-33833db84af4@group-86BCF01837AD-StateMachineUpdater] INFO  ratis.ContainerStateMachine (ContainerStateMachine.java:takeSnapshot(293)) - group-86BCF01837AD: Taking a snapshot at:(t:1, i:0) file /github/workspace/mnt/ozone/hadoop-ozone/integration-test/target/test-dir/MiniOzoneClusterImpl-7523e9d5-68c3-40ce-b00f-57fa4c553895/datanode-3/data/ratis/777897be-e92b-4fe4-a6ef-86bcf01837ad/sm/snapshot.1_0
2020-11-16 17:32:00,935 [cc30a5ad-4207-4291-85e5-33833db84af4@group-86BCF01837AD-StateMachineUpdater] INFO  ratis.ContainerStateMachine (ContainerStateMachine.java:takeSnapshot(304)) - group-86BCF01837AD: Finished taking a snapshot at:(t:1, i:0) file:/github/workspace/mnt/ozone/hadoop-ozone/integration-test/target/test-dir/MiniOzoneClusterImpl-7523e9d5-68c3-40ce-b00f-57fa4c553895/datanode-3/data/ratis/777897be-e92b-4fe4-a6ef-86bcf01837ad/sm/snapshot.1_0 time:1
2020-11-16 17:32:00,935 [cc30a5ad-4207-4291-85e5-33833db84af4@group-86BCF01837AD-StateMachineUpdater] INFO  impl.StateMachineUpdater (StateMachineUpdater.java:takeSnapshot(277)) - cc30a5ad-4207-4291-85e5-33833db84af4@group-86BCF01837AD-StateMachineUpdater: Took a snapshot at index 0
2020-11-16 17:32:00,935 [cc30a5ad-4207-4291-85e5-33833db84af4@group-86BCF01837AD-StateMachineUpdater] INFO  impl.StateMachineUpdater (StateMachineUpdater.java:lambda$new$0(87)) - cc30a5ad-4207-4291-85e5-33833db84af4@group-86BCF01837AD-StateMachineUpdater: snapshotIndex: updateIncreasingly -1 -> 0
2020-11-16 17:32:00,935 [cc30a5ad-4207-4291-85e5-33833db84af4@group-86BCF01837AD-StateMachineUpdater] INFO  metrics.RatisMetrics (RatisMetrics.java:unregister(43)) - Unregistering Metrics Registry : ratis.state_machine.cc30a5ad-4207-4291-85e5-33833db84af4@group-86BCF01837AD
2020-11-16 17:32:00,935 [ForkJoinPool.commonPool-worker-1] INFO  impl.RaftServerImpl (ServerState.java:close(405)) - cc30a5ad-4207-4291-85e5-33833db84af4@group-86BCF01837AD: closes. applyIndex: 0
2020-11-16 17:32:00,935 [cc30a5ad-4207-4291-85e5-33833db84af4@group-86BCF01837AD-SegmentedRaftLogWorker] INFO  segmented.SegmentedRaftLogWorker (SegmentedRaftLogWorker.java:run(327)) - cc30a5ad-4207-4291-85e5-33833db84af4@group-86BCF01837AD-SegmentedRaftLogWorker was interrupted, exiting. There are 0 tasks remaining in the queue.
2020-11-16 17:32:00,936 [ForkJoinPool.commonPool-worker-1] INFO  segmented.SegmentedRaftLogWorker (SegmentedRaftLogWorker.java:close(234)) - cc30a5ad-4207-4291-85e5-33833db84af4@group-86BCF01837AD-SegmentedRaftLogWorker close()
2020-11-16 17:32:00,937 [ForkJoinPool.commonPool-worker-1] INFO  metrics.RatisMetrics (RatisMetrics.java:unregister(43)) - Unregistering Metrics Registry : ratis.log_worker.cc30a5ad-4207-4291-85e5-33833db84af4@group-86BCF01837AD
2020-11-16 17:32:00,937 [ForkJoinPool.commonPool-worker-1] INFO  metrics.RatisMetrics (RatisMetrics.java:unregister(43)) - Unregistering Metrics Registry : ratis.leader_election.cc30a5ad-4207-4291-85e5-33833db84af4@group-86BCF01837AD
2020-11-16 17:32:00,937 [ForkJoinPool.commonPool-worker-1] INFO  metrics.RatisMetrics (RatisMetrics.java:unregister(43)) - Unregistering Metrics Registry : ratis.server.cc30a5ad-4207-4291-85e5-33833db84af4@group-86BCF01837AD
2020-11-16 17:32:00,939 [Listener at 127.0.0.1/35907] INFO  server.GrpcService (GrpcService.java:closeImpl(183)) - cc30a5ad-4207-4291-85e5-33833db84af4: shutdown server with port 36663 now
2020-11-16 17:32:00,943 [grpc-default-executor-10] WARN  client.GrpcClientProtocolService (LogUtils.java:warn(122)) - 1-UnorderedRequestStreamObserver1: onError: org.apache.ratis.thirdparty.io.grpc.StatusRuntimeException: CANCELLED: cancelled before receiving half close
2020-11-16 17:32:00,945 [Listener at 127.0.0.1/35907] INFO  server.GrpcService (GrpcService.java:closeImpl(191)) - cc30a5ad-4207-4291-85e5-33833db84af4: shutdown server with port 36663 successfully
2020-11-16 17:32:00,950 [Listener at 127.0.0.1/35907] INFO  utils.BackgroundService (BackgroundService.java:shutdown(132)) - Shutting down service BlockDeletingService
2020-11-16 17:32:00,956 [Listener at 127.0.0.1/35907] INFO  statemachine.DatanodeStateMachine (DatanodeStateMachine.java:stopDaemon(459)) - Ozone container server stopped.
2020-11-16 17:32:00,967 [Listener at 127.0.0.1/35907] INFO  handler.ContextHandler (ContextHandler.java:doStop(1154)) - Stopped o.e.j.w.WebAppContext@50b80c7d{hddsDatanode,/,null,STOPPED}{jar:file:/home/user/.m2/repository/org/apache/hadoop/hadoop-hdds-container-service/1.1.0-SNAPSHOT/hadoop-hdds-container-service-1.1.0-SNAPSHOT.jar!/webapps/hddsDatanode}
2020-11-16 17:32:00,968 [Listener at 127.0.0.1/35907] INFO  server.AbstractConnector (AbstractConnector.java:doStop(381)) - Stopped ServerConnector@14ac5bdb{HTTP/1.1, (http/1.1)}{0.0.0.0:0}
2020-11-16 17:32:00,968 [Listener at 127.0.0.1/35907] INFO  server.session (HouseKeeper.java:stopScavenging(149)) - node0 Stopped scavenging
2020-11-16 17:32:00,968 [Listener at 127.0.0.1/35907] INFO  handler.ContextHandler (ContextHandler.java:doStop(1154)) - Stopped o.e.j.s.ServletContextHandler@37c906fc{static,/static,jar:file:/home/user/.m2/repository/org/apache/hadoop/hadoop-hdds-container-service/1.1.0-SNAPSHOT/hadoop-hdds-container-service-1.1.0-SNAPSHOT.jar!/webapps/static,STOPPED}
2020-11-16 17:32:00,968 [Listener at 127.0.0.1/35907] INFO  handler.ContextHandler (ContextHandler.java:doStop(1154)) - Stopped o.e.j.s.ServletContextHandler@51b2c302{logs,/logs,file:///github/workspace/mnt/ozone/hadoop-ozone/integration-test/target/log,STOPPED}
2020-11-16 17:32:05,494 [Thread-2596] INFO  impl.FollowerState (FollowerState.java:run(108)) - 756efa00-9886-4f2c-af17-99a3a9dc2153@group-86BCF01837AD-FollowerState: change to CANDIDATE, lastRpcTime:5144ms, electionTimeout:5120ms
2020-11-16 17:32:05,494 [Thread-2596] INFO  impl.RoleInfo (RoleInfo.java:shutdownFollowerState(121)) - 756efa00-9886-4f2c-af17-99a3a9dc2153: shutdown FollowerState
2020-11-16 17:32:05,495 [Thread-2596] INFO  impl.RaftServerImpl (RaftServerImpl.java:setRole(198)) - 756efa00-9886-4f2c-af17-99a3a9dc2153@group-86BCF01837AD: changes role from  FOLLOWER to CANDIDATE at term 1 for changeToCandidate
2020-11-16 17:32:05,495 [Thread-2596] INFO  impl.RoleInfo (RoleInfo.java:updateAndGet(143)) - 756efa00-9886-4f2c-af17-99a3a9dc2153: start LeaderElection
2020-11-16 17:32:05,495 [756efa00-9886-4f2c-af17-99a3a9dc2153@group-86BCF01837AD-LeaderElection92] INFO  impl.RaftServerImpl (ServerState.java:setLeader(256)) - 756efa00-9886-4f2c-af17-99a3a9dc2153@group-86BCF01837AD: change Leader from cc30a5ad-4207-4291-85e5-33833db84af4 to null at term 1 for initElection
2020-11-16 17:32:05,497 [756efa00-9886-4f2c-af17-99a3a9dc2153@group-86BCF01837AD-LeaderElection92] INFO  impl.LeaderElection (LeaderElection.java:askForVotes(210)) - 756efa00-9886-4f2c-af17-99a3a9dc2153@group-86BCF01837AD-LeaderElection92: begin an election at term 2 for 0: [756efa00-9886-4f2c-af17-99a3a9dc2153:172.17.0.2:34565:0, 7ba08779-98dd-4ee1-a6ca-8386ca3b8fbf:172.17.0.2:34067:0, cc30a5ad-4207-4291-85e5-33833db84af4:172.17.0.2:36663:0], old=null
2020-11-16 17:32:05,509 [756efa00-9886-4f2c-af17-99a3a9dc2153@group-86BCF01837AD-LeaderElection92] INFO  impl.LeaderElection (LogUtils.java:infoOrTrace(137)) - 756efa00-9886-4f2c-af17-99a3a9dc2153@group-86BCF01837AD-LeaderElection92 got exception when requesting votes: java.util.concurrent.ExecutionException: org.apache.ratis.thirdparty.io.grpc.StatusRuntimeException: UNAVAILABLE: io exception
2020-11-16 17:32:05,510 [grpc-default-executor-10] INFO  impl.RaftServerImpl (ServerState.java:setLeader(256)) - 7ba08779-98dd-4ee1-a6ca-8386ca3b8fbf@group-86BCF01837AD: change Leader from cc30a5ad-4207-4291-85e5-33833db84af4 to null at term 2 for updateCurrentTerm
2020-11-16 17:32:05,510 [grpc-default-executor-10] INFO  impl.RaftServerImpl (RaftServerImpl.java:setRole(198)) - 7ba08779-98dd-4ee1-a6ca-8386ca3b8fbf@group-86BCF01837AD: changes role from  FOLLOWER to FOLLOWER at term 2 for recognizeCandidate:756efa00-9886-4f2c-af17-99a3a9dc2153
2020-11-16 17:32:05,510 [grpc-default-executor-10] INFO  impl.RoleInfo (RoleInfo.java:shutdownFollowerState(121)) - 7ba08779-98dd-4ee1-a6ca-8386ca3b8fbf: shutdown FollowerState
2020-11-16 17:32:05,510 [grpc-default-executor-10] INFO  impl.RoleInfo (RoleInfo.java:updateAndGet(143)) - 7ba08779-98dd-4ee1-a6ca-8386ca3b8fbf: start FollowerState
2020-11-16 17:32:05,510 [Thread-2595] INFO  impl.FollowerState (FollowerState.java:run(117)) - 7ba08779-98dd-4ee1-a6ca-8386ca3b8fbf@group-86BCF01837AD-FollowerState was interrupted: java.lang.InterruptedException: sleep interrupted
2020-11-16 17:32:05,510 [grpc-default-executor-10] INFO  impl.RaftServerImpl (RaftServerImpl.java:requestVote(923)) -  FOLLOWER 7ba08779-98dd-4ee1-a6ca-8386ca3b8fbf@group-86BCF01837AD:t2, leader=null, voted=null, raftlog=7ba08779-98dd-4ee1-a6ca-8386ca3b8fbf@group-86BCF01837AD-SegmentedRaftLog:OPENED:c0,f0,i0, conf=0: [756efa00-9886-4f2c-af17-99a3a9dc2153:172.17.0.2:34565:0, 7ba08779-98dd-4ee1-a6ca-8386ca3b8fbf:172.17.0.2:34067:0, cc30a5ad-4207-4291-85e5-33833db84af4:172.17.0.2:36663:0], old=null RUNNING priority:0 candidate:756efa00-9886-4f2c-af17-99a3a9dc2153:172.17.0.2:34565:0 candidatePriority:0 compare:0
2020-11-16 17:32:05,513 [756efa00-9886-4f2c-af17-99a3a9dc2153@group-86BCF01837AD-LeaderElection92] INFO  impl.LeaderElection (LeaderElection.java:logAndReturn(62)) - 756efa00-9886-4f2c-af17-99a3a9dc2153@group-86BCF01837AD-LeaderElection92: Election PASSED; received 1 response(s) [756efa00-9886-4f2c-af17-99a3a9dc2153<-7ba08779-98dd-4ee1-a6ca-8386ca3b8fbf#0:OK-t2] and 1 exception(s); 756efa00-9886-4f2c-af17-99a3a9dc2153@group-86BCF01837AD:t2, leader=null, voted=756efa00-9886-4f2c-af17-99a3a9dc2153, raftlog=756efa00-9886-4f2c-af17-99a3a9dc2153@group-86BCF01837AD-SegmentedRaftLog:OPENED:c0,f0,i0, conf=0: [756efa00-9886-4f2c-af17-99a3a9dc2153:172.17.0.2:34565:0, 7ba08779-98dd-4ee1-a6ca-8386ca3b8fbf:172.17.0.2:34067:0, cc30a5ad-4207-4291-85e5-33833db84af4:172.17.0.2:36663:0], old=null
2020-11-16 17:32:05,513 [756efa00-9886-4f2c-af17-99a3a9dc2153@group-86BCF01837AD-LeaderElection92] INFO  impl.LeaderElection (LogUtils.java:infoOrTrace(137)) -   Exception 0: java.util.concurrent.ExecutionException: org.apache.ratis.thirdparty.io.grpc.StatusRuntimeException: UNAVAILABLE: io exception
2020-11-16 17:32:05,513 [756efa00-9886-4f2c-af17-99a3a9dc2153@group-86BCF01837AD-LeaderElection92] INFO  impl.RoleInfo (RoleInfo.java:shutdownLeaderElection(134)) - 756efa00-9886-4f2c-af17-99a3a9dc2153: shutdown LeaderElection
2020-11-16 17:32:05,513 [756efa00-9886-4f2c-af17-99a3a9dc2153@group-86BCF01837AD-LeaderElection92] INFO  impl.RaftServerImpl (RaftServerImpl.java:setRole(198)) - 756efa00-9886-4f2c-af17-99a3a9dc2153@group-86BCF01837AD: changes role from CANDIDATE to LEADER at term 2 for changeToLeader
2020-11-16 17:32:05,513 [756efa00-9886-4f2c-af17-99a3a9dc2153@group-86BCF01837AD-LeaderElection92] INFO  ratis.XceiverServerRatis (XceiverServerRatis.java:handleLeaderChangedNotification(854)) - Leader change notification received for group: group-86BCF01837AD with new leaderId: 756efa00-9886-4f2c-af17-99a3a9dc2153
2020-11-16 17:32:05,513 [756efa00-9886-4f2c-af17-99a3a9dc2153@group-86BCF01837AD-LeaderElection92] INFO  impl.RaftServerImpl (ServerState.java:setLeader(256)) - 756efa00-9886-4f2c-af17-99a3a9dc2153@group-86BCF01837AD: change Leader from null to 756efa00-9886-4f2c-af17-99a3a9dc2153 at term 2 for becomeLeader, leader elected after 17ms
2020-11-16 17:32:05,513 [756efa00-9886-4f2c-af17-99a3a9dc2153@group-86BCF01837AD-LeaderElection92] INFO  server.RaftServerConfigKeys (ConfUtils.java:logGet(44)) - raft.server.staging.catchup.gap = 1000 (default)
2020-11-16 17:32:05,513 [756efa00-9886-4f2c-af17-99a3a9dc2153@group-86BCF01837AD-LeaderElection92] INFO  server.RaftServerConfigKeys (ConfUtils.java:logGet(44)) - raft.server.rpc.sleep.time = 25ms (default)
2020-11-16 17:32:05,513 [756efa00-9886-4f2c-af17-99a3a9dc2153@group-86BCF01837AD-LeaderElection92] INFO  metrics.RatisMetrics (RatisMetrics.java:lambda$create$0(36)) - Creating Metrics Registry : ratis.log_appender.756efa00-9886-4f2c-af17-99a3a9dc2153@group-86BCF01837AD
2020-11-16 17:32:05,513 [756efa00-9886-4f2c-af17-99a3a9dc2153@group-86BCF01837AD-LeaderElection92] INFO  server.RaftServerConfigKeys (ConfUtils.java:logGet(44)) - raft.server.write.element-limit = 1024 (custom)
2020-11-16 17:32:05,513 [756efa00-9886-4f2c-af17-99a3a9dc2153@group-86BCF01837AD-LeaderElection92] INFO  server.RaftServerConfigKeys (ConfUtils.java:logGet(44)) - raft.server.write.byte-limit = 1073741824 (custom)
2020-11-16 17:32:05,514 [756efa00-9886-4f2c-af17-99a3a9dc2153@group-86BCF01837AD-LeaderElection92] INFO  server.RaftServerConfigKeys (ConfUtils.java:logGet(44)) - raft.server.watch.timeout = 3000ms (custom)
2020-11-16 17:32:05,514 [756efa00-9886-4f2c-af17-99a3a9dc2153@group-86BCF01837AD-LeaderElection92] INFO  server.RaftServerConfigKeys (ConfUtils.java:logGet(44)) - raft.server.watch.timeout.denomination = 1s (default)
2020-11-16 17:32:05,514 [756efa00-9886-4f2c-af17-99a3a9dc2153@group-86BCF01837AD-LeaderElection92] INFO  server.RaftServerConfigKeys (ConfUtils.java:logGet(44)) - raft.server.watch.element-limit = 65536 (default)
2020-11-16 17:32:05,514 [756efa00-9886-4f2c-af17-99a3a9dc2153@group-86BCF01837AD-LeaderElection92] INFO  server.RaftServerConfigKeys (ConfUtils.java:logGet(44)) - raft.server.log.appender.snapshot.chunk.size.max = 16MB (=16777216) (default)
2020-11-16 17:32:05,514 [756efa00-9886-4f2c-af17-99a3a9dc2153@group-86BCF01837AD-LeaderElection92] INFO  server.RaftServerConfigKeys (ConfUtils.java:logGet(44)) - raft.server.log.appender.buffer.byte-limit = 33554432 (custom)
2020-11-16 17:32:05,514 [756efa00-9886-4f2c-af17-99a3a9dc2153@group-86BCF01837AD-LeaderElection92] INFO  server.RaftServerConfigKeys (ConfUtils.java:logGet(44)) - raft.server.log.appender.buffer.element-limit = 1 (custom)
2020-11-16 17:32:05,514 [756efa00-9886-4f2c-af17-99a3a9dc2153@group-86BCF01837AD-LeaderElection92] INFO  grpc.GrpcConfigKeys (ConfUtils.java:logGet(44)) - raft.grpc.server.leader.outstanding.appends.max = 128 (default)
2020-11-16 17:32:05,514 [756efa00-9886-4f2c-af17-99a3a9dc2153@group-86BCF01837AD-LeaderElection92] INFO  server.RaftServerConfigKeys (ConfUtils.java:logGet(44)) - raft.server.rpc.request.timeout = 3000ms (default)
2020-11-16 17:32:05,514 [756efa00-9886-4f2c-af17-99a3a9dc2153@group-86BCF01837AD-LeaderElection92] INFO  server.RaftServerConfigKeys (ConfUtils.java:logGet(44)) - raft.server.log.appender.install.snapshot.enabled = false (custom)
2020-11-16 17:32:05,514 [756efa00-9886-4f2c-af17-99a3a9dc2153@group-86BCF01837AD-LeaderElection92] INFO  metrics.RatisMetrics (RatisMetrics.java:lambda$create$0(36)) - Creating Metrics Registry : ratis_grpc.log_appender.756efa00-9886-4f2c-af17-99a3a9dc2153@group-86BCF01837AD
2020-11-16 17:32:05,516 [756efa00-9886-4f2c-af17-99a3a9dc2153@group-86BCF01837AD-LeaderElection92] INFO  server.RaftServerConfigKeys (ConfUtils.java:logGet(44)) - raft.server.log.appender.snapshot.chunk.size.max = 16MB (=16777216) (default)
2020-11-16 17:32:05,516 [756efa00-9886-4f2c-af17-99a3a9dc2153@group-86BCF01837AD-LeaderElection92] INFO  server.RaftServerConfigKeys (ConfUtils.java:logGet(44)) - raft.server.log.appender.buffer.byte-limit = 33554432 (custom)
2020-11-16 17:32:05,516 [756efa00-9886-4f2c-af17-99a3a9dc2153@group-86BCF01837AD-LeaderElection92] INFO  server.RaftServerConfigKeys (ConfUtils.java:logGet(44)) - raft.server.log.appender.buffer.element-limit = 1 (custom)
2020-11-16 17:32:05,517 [756efa00-9886-4f2c-af17-99a3a9dc2153@group-86BCF01837AD-LeaderElection92] INFO  grpc.GrpcConfigKeys (ConfUtils.java:logGet(44)) - raft.grpc.server.leader.outstanding.appends.max = 128 (default)
2020-11-16 17:32:05,517 [756efa00-9886-4f2c-af17-99a3a9dc2153@group-86BCF01837AD-LeaderElection92] INFO  server.RaftServerConfigKeys (ConfUtils.java:logGet(44)) - raft.server.rpc.request.timeout = 3000ms (default)
2020-11-16 17:32:05,517 [756efa00-9886-4f2c-af17-99a3a9dc2153@group-86BCF01837AD-LeaderElection92] INFO  server.RaftServerConfigKeys (ConfUtils.java:logGet(44)) - raft.server.log.appender.install.snapshot.enabled = false (custom)
2020-11-16 17:32:05,519 [756efa00-9886-4f2c-af17-99a3a9dc2153@group-86BCF01837AD-LeaderElection92] INFO  impl.RoleInfo (RoleInfo.java:updateAndGet(143)) - 756efa00-9886-4f2c-af17-99a3a9dc2153: start LeaderState
2020-11-16 17:32:05,519 [756efa00-9886-4f2c-af17-99a3a9dc2153@group-86BCF01837AD-LeaderElection92] INFO  segmented.SegmentedRaftLogWorker (SegmentedRaftLogWorker.java:rollLogSegment(402)) - 756efa00-9886-4f2c-af17-99a3a9dc2153@group-86BCF01837AD-SegmentedRaftLogWorker: Rolling segment log-0_0 to index:0
2020-11-16 17:32:05,519 [756efa00-9886-4f2c-af17-99a3a9dc2153@group-86BCF01837AD-SegmentedRaftLogWorker] INFO  segmented.SegmentedRaftLogWorker (SegmentedRaftLogWorker.java:execute(553)) - 756efa00-9886-4f2c-af17-99a3a9dc2153@group-86BCF01837AD-SegmentedRaftLogWorker: Rolled log segment from /github/workspace/mnt/ozone/hadoop-ozone/integration-test/target/test-dir/MiniOzoneClusterImpl-7523e9d5-68c3-40ce-b00f-57fa4c553895/datanode-4/data/ratis/777897be-e92b-4fe4-a6ef-86bcf01837ad/current/log_inprogress_0 to /github/workspace/mnt/ozone/hadoop-ozone/integration-test/target/test-dir/MiniOzoneClusterImpl-7523e9d5-68c3-40ce-b00f-57fa4c553895/datanode-4/data/ratis/777897be-e92b-4fe4-a6ef-86bcf01837ad/current/log_0-0
2020-11-16 17:32:05,520 [756efa00-9886-4f2c-af17-99a3a9dc2153@group-86BCF01837AD-SegmentedRaftLogWorker] INFO  segmented.SegmentedRaftLogWorker (SegmentedRaftLogWorker.java:execute(596)) - 756efa00-9886-4f2c-af17-99a3a9dc2153@group-86BCF01837AD-SegmentedRaftLogWorker: created new log segment /github/workspace/mnt/ozone/hadoop-ozone/integration-test/target/test-dir/MiniOzoneClusterImpl-7523e9d5-68c3-40ce-b00f-57fa4c553895/datanode-4/data/ratis/777897be-e92b-4fe4-a6ef-86bcf01837ad/current/log_inprogress_1
2020-11-16 17:32:05,531 [756efa00-9886-4f2c-af17-99a3a9dc2153@group-86BCF01837AD-LeaderElection92] INFO  impl.RaftServerImpl (ServerState.java:setRaftConf(374)) - 756efa00-9886-4f2c-af17-99a3a9dc2153@group-86BCF01837AD: set configuration 1: [756efa00-9886-4f2c-af17-99a3a9dc2153:172.17.0.2:34565:0, 7ba08779-98dd-4ee1-a6ca-8386ca3b8fbf:172.17.0.2:34067:0, cc30a5ad-4207-4291-85e5-33833db84af4:172.17.0.2:36663:0], old=null at 1
2020-11-16 17:32:05,534 [grpc-default-executor-10] WARN  server.GrpcLogAppender (LogUtils.java:warn(122)) - 756efa00-9886-4f2c-af17-99a3a9dc2153@group-86BCF01837AD->cc30a5ad-4207-4291-85e5-33833db84af4-AppendLogResponseHandler: Failed appendEntries: org.apache.ratis.thirdparty.io.grpc.StatusRuntimeException: UNAVAILABLE: io exception
2020-11-16 17:32:05,535 [grpc-default-executor-6] INFO  ratis.XceiverServerRatis (XceiverServerRatis.java:handleLeaderChangedNotification(854)) - Leader change notification received for group: group-86BCF01837AD with new leaderId: 756efa00-9886-4f2c-af17-99a3a9dc2153
2020-11-16 17:32:05,536 [grpc-default-executor-6] INFO  impl.RaftServerImpl (ServerState.java:setLeader(256)) - 7ba08779-98dd-4ee1-a6ca-8386ca3b8fbf@group-86BCF01837AD: change Leader from null to 756efa00-9886-4f2c-af17-99a3a9dc2153 at term 2 for appendEntries, leader elected after 25ms
2020-11-16 17:32:05,536 [grpc-default-executor-6] INFO  impl.RaftServerImpl (ServerState.java:setRaftConf(374)) - 7ba08779-98dd-4ee1-a6ca-8386ca3b8fbf@group-86BCF01837AD: set configuration 1: [756efa00-9886-4f2c-af17-99a3a9dc2153:172.17.0.2:34565:0, 7ba08779-98dd-4ee1-a6ca-8386ca3b8fbf:172.17.0.2:34067:0, cc30a5ad-4207-4291-85e5-33833db84af4:172.17.0.2:36663:0], old=null at 1
2020-11-16 17:32:05,537 [grpc-default-executor-6] INFO  segmented.SegmentedRaftLogWorker (SegmentedRaftLogWorker.java:rollLogSegment(402)) - 7ba08779-98dd-4ee1-a6ca-8386ca3b8fbf@group-86BCF01837AD-SegmentedRaftLogWorker: Rolling segment log-0_0 to index:0
2020-11-16 17:32:05,538 [7ba08779-98dd-4ee1-a6ca-8386ca3b8fbf@group-86BCF01837AD-SegmentedRaftLogWorker] INFO  segmented.SegmentedRaftLogWorker (SegmentedRaftLogWorker.java:execute(553)) - 7ba08779-98dd-4ee1-a6ca-8386ca3b8fbf@group-86BCF01837AD-SegmentedRaftLogWorker: Rolled log segment from /github/workspace/mnt/ozone/hadoop-ozone/integration-test/target/test-dir/MiniOzoneClusterImpl-7523e9d5-68c3-40ce-b00f-57fa4c553895/datanode-5/data/ratis/777897be-e92b-4fe4-a6ef-86bcf01837ad/current/log_inprogress_0 to /github/workspace/mnt/ozone/hadoop-ozone/integration-test/target/test-dir/MiniOzoneClusterImpl-7523e9d5-68c3-40ce-b00f-57fa4c553895/datanode-5/data/ratis/777897be-e92b-4fe4-a6ef-86bcf01837ad/current/log_0-0
2020-11-16 17:32:05,537 [grpc-default-executor-10] WARN  server.GrpcLogAppender (GrpcLogAppender.java:resetClient(107)) - 756efa00-9886-4f2c-af17-99a3a9dc2153@group-86BCF01837AD->cc30a5ad-4207-4291-85e5-33833db84af4-GrpcLogAppender: Leader has not got in touch with Follower 756efa00-9886-4f2c-af17-99a3a9dc2153@group-86BCF01837AD->cc30a5ad-4207-4291-85e5-33833db84af4(c-1,m0,n2, attendVote=true, lastRpcSendTime=0, lastRpcResponseTime=5222) yet, just keep nextIndex unchanged and retry.
2020-11-16 17:32:05,541 [7ba08779-98dd-4ee1-a6ca-8386ca3b8fbf@group-86BCF01837AD-SegmentedRaftLogWorker] INFO  segmented.SegmentedRaftLogWorker (SegmentedRaftLogWorker.java:execute(596)) - 7ba08779-98dd-4ee1-a6ca-8386ca3b8fbf@group-86BCF01837AD-SegmentedRaftLogWorker: created new log segment /github/workspace/mnt/ozone/hadoop-ozone/integration-test/target/test-dir/MiniOzoneClusterImpl-7523e9d5-68c3-40ce-b00f-57fa4c553895/datanode-5/data/ratis/777897be-e92b-4fe4-a6ef-86bcf01837ad/current/log_inprogress_1
2020-11-16 17:32:05,545 [grpc-default-executor-6] WARN  server.GrpcLogAppender (LogUtils.java:warn(122)) - 756efa00-9886-4f2c-af17-99a3a9dc2153@group-86BCF01837AD->cc30a5ad-4207-4291-85e5-33833db84af4-AppendLogResponseHandler: Failed appendEntries: org.apache.ratis.thirdparty.io.grpc.StatusRuntimeException: UNAVAILABLE: io exception
2020-11-16 17:32:05,545 [grpc-default-executor-6] WARN  server.GrpcLogAppender (GrpcLogAppender.java:resetClient(107)) - 756efa00-9886-4f2c-af17-99a3a9dc2153@group-86BCF01837AD->cc30a5ad-4207-4291-85e5-33833db84af4-GrpcLogAppender: Leader has not got in touch with Follower 756efa00-9886-4f2c-af17-99a3a9dc2153@group-86BCF01837AD->cc30a5ad-4207-4291-85e5-33833db84af4(c-1,m0,n3, attendVote=true, lastRpcSendTime=0, lastRpcResponseTime=5231) yet, just keep nextIndex unchanged and retry.
2020-11-16 17:32:05,775 [EventQueue-StaleNodeForStaleNodeHandler] INFO  node.StaleNodeHandler (StaleNodeHandler.java:onMessage(58)) - Datanode cc30a5ad-4207-4291-85e5-33833db84af4{ip: 172.17.0.2, host: 17b325b6a691, networkLocation: /default-rack, certSerialId: null} moved to stale state. Finalizing its pipelines [PipelineID=fd540625-bf17-4266-a35c-b235807cdcd1, PipelineID=24132c28-f07d-4eb2-8506-bb1f04bdc3de, PipelineID=777897be-e92b-4fe4-a6ef-86bcf01837ad]
2020-11-16 17:32:05,775 [EventQueue-StaleNodeForStaleNodeHandler] INFO  pipeline.SCMPipelineManager (SCMPipelineManager.java:finalizeAndDestroyPipeline(460)) - Destroying pipeline:Pipeline[ Id: fd540625-bf17-4266-a35c-b235807cdcd1, Nodes: cc30a5ad-4207-4291-85e5-33833db84af4{ip: 172.17.0.2, host: 17b325b6a691, networkLocation: /default-rack, certSerialId: null}, Type:RATIS, Factor:ONE, State:OPEN, leaderId:cc30a5ad-4207-4291-85e5-33833db84af4, CreationTimestamp2020-11-16T17:31:47.111Z]
2020-11-16 17:32:05,776 [EventQueue-StaleNodeForStaleNodeHandler] INFO  pipeline.PipelineStateManager (PipelineStateManager.java:finalizePipeline(121)) - Pipeline Pipeline[ Id: fd540625-bf17-4266-a35c-b235807cdcd1, Nodes: cc30a5ad-4207-4291-85e5-33833db84af4{ip: 172.17.0.2, host: 17b325b6a691, networkLocation: /default-rack, certSerialId: null}, Type:RATIS, Factor:ONE, State:CLOSED, leaderId:cc30a5ad-4207-4291-85e5-33833db84af4, CreationTimestamp2020-11-16T17:31:47.111Z] moved to CLOSED state
2020-11-16 17:32:05,776 [EventQueue-StaleNodeForStaleNodeHandler] INFO  pipeline.SCMPipelineManager (SCMPipelineManager.java:finalizeAndDestroyPipeline(460)) - Destroying pipeline:Pipeline[ Id: 24132c28-f07d-4eb2-8506-bb1f04bdc3de, Nodes: cc30a5ad-4207-4291-85e5-33833db84af4{ip: 172.17.0.2, host: 17b325b6a691, networkLocation: /default-rack, certSerialId: null}7ba08779-98dd-4ee1-a6ca-8386ca3b8fbf{ip: 172.17.0.2, host: 17b325b6a691, networkLocation: /default-rack, certSerialId: null}756efa00-9886-4f2c-af17-99a3a9dc2153{ip: 172.17.0.2, host: 17b325b6a691, networkLocation: /default-rack, certSerialId: null}, Type:RATIS, Factor:THREE, State:OPEN, leaderId:cc30a5ad-4207-4291-85e5-33833db84af4, CreationTimestamp2020-11-16T17:31:47.466Z]
2020-11-16 17:32:05,776 [EventQueue-StaleNodeForStaleNodeHandler] INFO  pipeline.PipelineStateManager (PipelineStateManager.java:finalizePipeline(121)) - Pipeline Pipeline[ Id: 24132c28-f07d-4eb2-8506-bb1f04bdc3de, Nodes: cc30a5ad-4207-4291-85e5-33833db84af4{ip: 172.17.0.2, host: 17b325b6a691, networkLocation: /default-rack, certSerialId: null}7ba08779-98dd-4ee1-a6ca-8386ca3b8fbf{ip: 172.17.0.2, host: 17b325b6a691, networkLocation: /default-rack, certSerialId: null}756efa00-9886-4f2c-af17-99a3a9dc2153{ip: 172.17.0.2, host: 17b325b6a691, networkLocation: /default-rack, certSerialId: null}, Type:RATIS, Factor:THREE, State:CLOSED, leaderId:cc30a5ad-4207-4291-85e5-33833db84af4, CreationTimestamp2020-11-16T17:31:47.466Z] moved to CLOSED state
2020-11-16 17:32:05,776 [EventQueue-StaleNodeForStaleNodeHandler] INFO  pipeline.SCMPipelineManager (SCMPipelineManager.java:finalizeAndDestroyPipeline(460)) - Destroying pipeline:Pipeline[ Id: 777897be-e92b-4fe4-a6ef-86bcf01837ad, Nodes: cc30a5ad-4207-4291-85e5-33833db84af4{ip: 172.17.0.2, host: 17b325b6a691, networkLocation: /default-rack, certSerialId: null}7ba08779-98dd-4ee1-a6ca-8386ca3b8fbf{ip: 172.17.0.2, host: 17b325b6a691, networkLocation: /default-rack, certSerialId: null}756efa00-9886-4f2c-af17-99a3a9dc2153{ip: 172.17.0.2, host: 17b325b6a691, networkLocation: /default-rack, certSerialId: null}, Type:RATIS, Factor:THREE, State:OPEN, leaderId:756efa00-9886-4f2c-af17-99a3a9dc2153, CreationTimestamp2020-11-16T17:31:47.467Z]
2020-11-16 17:32:05,776 [EventQueue-StaleNodeForStaleNodeHandler] INFO  pipeline.PipelineStateManager (PipelineStateManager.java:finalizePipeline(121)) - Pipeline Pipeline[ Id: 777897be-e92b-4fe4-a6ef-86bcf01837ad, Nodes: cc30a5ad-4207-4291-85e5-33833db84af4{ip: 172.17.0.2, host: 17b325b6a691, networkLocation: /default-rack, certSerialId: null}7ba08779-98dd-4ee1-a6ca-8386ca3b8fbf{ip: 172.17.0.2, host: 17b325b6a691, networkLocation: /default-rack, certSerialId: null}756efa00-9886-4f2c-af17-99a3a9dc2153{ip: 172.17.0.2, host: 17b325b6a691, networkLocation: /default-rack, certSerialId: null}, Type:RATIS, Factor:THREE, State:CLOSED, leaderId:756efa00-9886-4f2c-af17-99a3a9dc2153, CreationTimestamp2020-11-16T17:31:47.467Z] moved to CLOSED state
2020-11-16 17:32:05,776 [EventQueue-CloseContainerForCloseContainerEventHandler] INFO  container.CloseContainerEventHandler (CloseContainerEventHandler.java:onMessage(61)) - Close container Event triggered for container : #1
2020-11-16 17:32:07,329 [java.util.concurrent.ThreadPoolExecutor$Worker@6534cffb[State = -1, empty queue]] INFO  metrics.RatisMetrics (RatisMetrics.java:lambda$create$0(36)) - Creating Metrics Registry : ratis.client_message_metrics.client-DC7AB6C1D350->756efa00-9886-4f2c-af17-99a3a9dc2153
2020-11-16 17:32:08,045 [grpc-default-executor-6] WARN  server.GrpcLogAppender (LogUtils.java:warn(122)) - 756efa00-9886-4f2c-af17-99a3a9dc2153@group-86BCF01837AD->cc30a5ad-4207-4291-85e5-33833db84af4-AppendLogResponseHandler: Failed appendEntries: org.apache.ratis.thirdparty.io.grpc.StatusRuntimeException: UNAVAILABLE: io exception
2020-11-16 17:32:08,046 [grpc-default-executor-6] WARN  server.GrpcLogAppender (GrpcLogAppender.java:resetClient(107)) - 756efa00-9886-4f2c-af17-99a3a9dc2153@group-86BCF01837AD->cc30a5ad-4207-4291-85e5-33833db84af4-GrpcLogAppender: Leader has not got in touch with Follower 756efa00-9886-4f2c-af17-99a3a9dc2153@group-86BCF01837AD->cc30a5ad-4207-4291-85e5-33833db84af4(c-1,m0,n3, attendVote=true, lastRpcSendTime=0, lastRpcResponseTime=7731) yet, just keep nextIndex unchanged and retry.
2020-11-16 17:32:10,398 [Thread-2580] INFO  impl.FollowerState (FollowerState.java:run(108)) - 756efa00-9886-4f2c-af17-99a3a9dc2153@group-BB1F04BDC3DE-FollowerState: change to CANDIDATE, lastRpcTime:9502ms, electionTimeout:5035ms
2020-11-16 17:32:10,399 [Thread-2580] INFO  impl.RoleInfo (RoleInfo.java:shutdownFollowerState(121)) - 756efa00-9886-4f2c-af17-99a3a9dc2153: shutdown FollowerState
2020-11-16 17:32:10,399 [Thread-2580] INFO  impl.RaftServerImpl (RaftServerImpl.java:setRole(198)) - 756efa00-9886-4f2c-af17-99a3a9dc2153@group-BB1F04BDC3DE: changes role from  FOLLOWER to CANDIDATE at term 1 for changeToCandidate
2020-11-16 17:32:10,399 [Thread-2580] INFO  impl.RoleInfo (RoleInfo.java:updateAndGet(143)) - 756efa00-9886-4f2c-af17-99a3a9dc2153: start LeaderElection
2020-11-16 17:32:10,400 [756efa00-9886-4f2c-af17-99a3a9dc2153@group-BB1F04BDC3DE-LeaderElection93] INFO  impl.RaftServerImpl (ServerState.java:setLeader(256)) - 756efa00-9886-4f2c-af17-99a3a9dc2153@group-BB1F04BDC3DE: change Leader from cc30a5ad-4207-4291-85e5-33833db84af4 to null at term 1 for initElection
2020-11-16 17:32:10,401 [756efa00-9886-4f2c-af17-99a3a9dc2153@group-BB1F04BDC3DE-LeaderElection93] INFO  impl.LeaderElection (LeaderElection.java:askForVotes(210)) - 756efa00-9886-4f2c-af17-99a3a9dc2153@group-BB1F04BDC3DE-LeaderElection93: begin an election at term 2 for 0: [756efa00-9886-4f2c-af17-99a3a9dc2153:172.17.0.2:34565:0, 7ba08779-98dd-4ee1-a6ca-8386ca3b8fbf:172.17.0.2:34067:0, cc30a5ad-4207-4291-85e5-33833db84af4:172.17.0.2:36663:0], old=null
2020-11-16 17:32:10,402 [756efa00-9886-4f2c-af17-99a3a9dc2153@group-BB1F04BDC3DE-LeaderElection93] INFO  impl.LeaderElection (LogUtils.java:infoOrTrace(137)) - 756efa00-9886-4f2c-af17-99a3a9dc2153@group-BB1F04BDC3DE-LeaderElection93 got exception when requesting votes: java.util.concurrent.ExecutionException: org.apache.ratis.thirdparty.io.grpc.StatusRuntimeException: UNAVAILABLE: io exception
2020-11-16 17:32:10,403 [grpc-default-executor-10] INFO  impl.RaftServerImpl (ServerState.java:setLeader(256)) - 7ba08779-98dd-4ee1-a6ca-8386ca3b8fbf@group-BB1F04BDC3DE: change Leader from cc30a5ad-4207-4291-85e5-33833db84af4 to null at term 2 for updateCurrentTerm
2020-11-16 17:32:10,404 [grpc-default-executor-10] INFO  impl.RaftServerImpl (RaftServerImpl.java:setRole(198)) - 7ba08779-98dd-4ee1-a6ca-8386ca3b8fbf@group-BB1F04BDC3DE: changes role from  FOLLOWER to FOLLOWER at term 2 for recognizeCandidate:756efa00-9886-4f2c-af17-99a3a9dc2153
2020-11-16 17:32:10,404 [grpc-default-executor-10] INFO  impl.RoleInfo (RoleInfo.java:shutdownFollowerState(121)) - 7ba08779-98dd-4ee1-a6ca-8386ca3b8fbf: shutdown FollowerState
2020-11-16 17:32:10,404 [grpc-default-executor-10] INFO  impl.RoleInfo (RoleInfo.java:updateAndGet(143)) - 7ba08779-98dd-4ee1-a6ca-8386ca3b8fbf: start FollowerState
2020-11-16 17:32:10,404 [Thread-2581] INFO  impl.FollowerState (FollowerState.java:run(117)) - 7ba08779-98dd-4ee1-a6ca-8386ca3b8fbf@group-BB1F04BDC3DE-FollowerState was interrupted: java.lang.InterruptedException: sleep interrupted
2020-11-16 17:32:10,404 [grpc-default-executor-10] INFO  impl.RaftServerImpl (RaftServerImpl.java:requestVote(923)) -  FOLLOWER 7ba08779-98dd-4ee1-a6ca-8386ca3b8fbf@group-BB1F04BDC3DE:t2, leader=null, voted=null, raftlog=7ba08779-98dd-4ee1-a6ca-8386ca3b8fbf@group-BB1F04BDC3DE-SegmentedRaftLog:OPENED:c16,f16,i16, conf=0: [756efa00-9886-4f2c-af17-99a3a9dc2153:172.17.0.2:34565:0, 7ba08779-98dd-4ee1-a6ca-8386ca3b8fbf:172.17.0.2:34067:0, cc30a5ad-4207-4291-85e5-33833db84af4:172.17.0.2:36663:0], old=null RUNNING priority:0 candidate:756efa00-9886-4f2c-af17-99a3a9dc2153:172.17.0.2:34565:0 candidatePriority:0 compare:0
2020-11-16 17:32:10,407 [756efa00-9886-4f2c-af17-99a3a9dc2153@group-BB1F04BDC3DE-LeaderElection93] INFO  impl.LeaderElection (LeaderElection.java:logAndReturn(62)) - 756efa00-9886-4f2c-af17-99a3a9dc2153@group-BB1F04BDC3DE-LeaderElection93: Election PASSED; received 1 response(s) [756efa00-9886-4f2c-af17-99a3a9dc2153<-7ba08779-98dd-4ee1-a6ca-8386ca3b8fbf#0:OK-t2] and 1 exception(s); 756efa00-9886-4f2c-af17-99a3a9dc2153@group-BB1F04BDC3DE:t2, leader=null, voted=756efa00-9886-4f2c-af17-99a3a9dc2153, raftlog=756efa00-9886-4f2c-af17-99a3a9dc2153@group-BB1F04BDC3DE-SegmentedRaftLog:OPENED:c16,f16,i16, conf=0: [756efa00-9886-4f2c-af17-99a3a9dc2153:172.17.0.2:34565:0, 7ba08779-98dd-4ee1-a6ca-8386ca3b8fbf:172.17.0.2:34067:0, cc30a5ad-4207-4291-85e5-33833db84af4:172.17.0.2:36663:0], old=null
2020-11-16 17:32:10,407 [756efa00-9886-4f2c-af17-99a3a9dc2153@group-BB1F04BDC3DE-LeaderElection93] INFO  impl.LeaderElection (LogUtils.java:infoOrTrace(137)) -   Exception 0: java.util.concurrent.ExecutionException: org.apache.ratis.thirdparty.io.grpc.StatusRuntimeException: UNAVAILABLE: io exception
2020-11-16 17:32:10,407 [756efa00-9886-4f2c-af17-99a3a9dc2153@group-BB1F04BDC3DE-LeaderElection93] INFO  impl.RoleInfo (RoleInfo.java:shutdownLeaderElection(134)) - 756efa00-9886-4f2c-af17-99a3a9dc2153: shutdown LeaderElection
2020-11-16 17:32:10,408 [756efa00-9886-4f2c-af17-99a3a9dc2153@group-BB1F04BDC3DE-LeaderElection93] INFO  impl.RaftServerImpl (RaftServerImpl.java:setRole(198)) - 756efa00-9886-4f2c-af17-99a3a9dc2153@group-BB1F04BDC3DE: changes role from CANDIDATE to LEADER at term 2 for changeToLeader
2020-11-16 17:32:10,408 [756efa00-9886-4f2c-af17-99a3a9dc2153@group-BB1F04BDC3DE-LeaderElection93] INFO  ratis.XceiverServerRatis (XceiverServerRatis.java:handleLeaderChangedNotification(854)) - Leader change notification received for group: group-BB1F04BDC3DE with new leaderId: 756efa00-9886-4f2c-af17-99a3a9dc2153
2020-11-16 17:32:10,408 [756efa00-9886-4f2c-af17-99a3a9dc2153@group-BB1F04BDC3DE-LeaderElection93] INFO  impl.RaftServerImpl (ServerState.java:setLeader(256)) - 756efa00-9886-4f2c-af17-99a3a9dc2153@group-BB1F04BDC3DE: change Leader from null to 756efa00-9886-4f2c-af17-99a3a9dc2153 at term 2 for becomeLeader, leader elected after 7ms
2020-11-16 17:32:10,408 [756efa00-9886-4f2c-af17-99a3a9dc2153@group-BB1F04BDC3DE-LeaderElection93] INFO  server.RaftServerConfigKeys (ConfUtils.java:logGet(44)) - raft.server.staging.catchup.gap = 1000 (default)
2020-11-16 17:32:10,408 [756efa00-9886-4f2c-af17-99a3a9dc2153@group-BB1F04BDC3DE-LeaderElection93] INFO  server.RaftServerConfigKeys (ConfUtils.java:logGet(44)) - raft.server.rpc.sleep.time = 25ms (default)
2020-11-16 17:32:10,408 [756efa00-9886-4f2c-af17-99a3a9dc2153@group-BB1F04BDC3DE-LeaderElection93] INFO  metrics.RatisMetrics (RatisMetrics.java:lambda$create$0(36)) - Creating Metrics Registry : ratis.log_appender.756efa00-9886-4f2c-af17-99a3a9dc2153@group-BB1F04BDC3DE
2020-11-16 17:32:10,408 [756efa00-9886-4f2c-af17-99a3a9dc2153@group-BB1F04BDC3DE-LeaderElection93] INFO  server.RaftServerConfigKeys (ConfUtils.java:logGet(44)) - raft.server.write.element-limit = 1024 (custom)
2020-11-16 17:32:10,408 [756efa00-9886-4f2c-af17-99a3a9dc2153@group-BB1F04BDC3DE-LeaderElection93] INFO  server.RaftServerConfigKeys (ConfUtils.java:logGet(44)) - raft.server.write.byte-limit = 1073741824 (custom)
2020-11-16 17:32:10,409 [756efa00-9886-4f2c-af17-99a3a9dc2153@group-BB1F04BDC3DE-LeaderElection93] INFO  server.RaftServerConfigKeys (ConfUtils.java:logGet(44)) - raft.server.watch.timeout = 3000ms (custom)
2020-11-16 17:32:10,409 [756efa00-9886-4f2c-af17-99a3a9dc2153@group-BB1F04BDC3DE-LeaderElection93] INFO  server.RaftServerConfigKeys (ConfUtils.java:logGet(44)) - raft.server.watch.timeout.denomination = 1s (default)
2020-11-16 17:32:10,409 [756efa00-9886-4f2c-af17-99a3a9dc2153@group-BB1F04BDC3DE-LeaderElection93] INFO  server.RaftServerConfigKeys (ConfUtils.java:logGet(44)) - raft.server.watch.element-limit = 65536 (default)
2020-11-16 17:32:10,409 [756efa00-9886-4f2c-af17-99a3a9dc2153@group-BB1F04BDC3DE-LeaderElection93] INFO  server.RaftServerConfigKeys (ConfUtils.java:logGet(44)) - raft.server.log.appender.snapshot.chunk.size.max = 16MB (=16777216) (default)
2020-11-16 17:32:10,409 [756efa00-9886-4f2c-af17-99a3a9dc2153@group-BB1F04BDC3DE-LeaderElection93] INFO  server.RaftServerConfigKeys (ConfUtils.java:logGet(44)) - raft.server.log.appender.buffer.byte-limit = 33554432 (custom)
2020-11-16 17:32:10,409 [756efa00-9886-4f2c-af17-99a3a9dc2153@group-BB1F04BDC3DE-LeaderElection93] INFO  server.RaftServerConfigKeys (ConfUtils.java:logGet(44)) - raft.server.log.appender.buffer.element-limit = 1 (custom)
2020-11-16 17:32:10,409 [756efa00-9886-4f2c-af17-99a3a9dc2153@group-BB1F04BDC3DE-LeaderElection93] INFO  grpc.GrpcConfigKeys (ConfUtils.java:logGet(44)) - raft.grpc.server.leader.outstanding.appends.max = 128 (default)
2020-11-16 17:32:10,409 [756efa00-9886-4f2c-af17-99a3a9dc2153@group-BB1F04BDC3DE-LeaderElection93] INFO  server.RaftServerConfigKeys (ConfUtils.java:logGet(44)) - raft.server.rpc.request.timeout = 3000ms (default)
2020-11-16 17:32:10,410 [756efa00-9886-4f2c-af17-99a3a9dc2153@group-BB1F04BDC3DE-LeaderElection93] INFO  server.RaftServerConfigKeys (ConfUtils.java:logGet(44)) - raft.server.log.appender.install.snapshot.enabled = false (custom)
2020-11-16 17:32:10,410 [756efa00-9886-4f2c-af17-99a3a9dc2153@group-BB1F04BDC3DE-LeaderElection93] INFO  metrics.RatisMetrics (RatisMetrics.java:lambda$create$0(36)) - Creating Metrics Registry : ratis_grpc.log_appender.756efa00-9886-4f2c-af17-99a3a9dc2153@group-BB1F04BDC3DE
2020-11-16 17:32:10,417 [756efa00-9886-4f2c-af17-99a3a9dc2153@group-BB1F04BDC3DE-LeaderElection93] INFO  server.RaftServerConfigKeys (ConfUtils.java:logGet(44)) - raft.server.log.appender.snapshot.chunk.size.max = 16MB (=16777216) (default)
2020-11-16 17:32:10,417 [756efa00-9886-4f2c-af17-99a3a9dc2153@group-BB1F04BDC3DE-LeaderElection93] INFO  server.RaftServerConfigKeys (ConfUtils.java:logGet(44)) - raft.server.log.appender.buffer.byte-limit = 33554432 (custom)
2020-11-16 17:32:10,417 [756efa00-9886-4f2c-af17-99a3a9dc2153@group-BB1F04BDC3DE-LeaderElection93] INFO  server.RaftServerConfigKeys (ConfUtils.java:logGet(44)) - raft.server.log.appender.buffer.element-limit = 1 (custom)
2020-11-16 17:32:10,417 [756efa00-9886-4f2c-af17-99a3a9dc2153@group-BB1F04BDC3DE-LeaderElection93] INFO  grpc.GrpcConfigKeys (ConfUtils.java:logGet(44)) - raft.grpc.server.leader.outstanding.appends.max = 128 (default)
2020-11-16 17:32:10,418 [756efa00-9886-4f2c-af17-99a3a9dc2153@group-BB1F04BDC3DE-LeaderElection93] INFO  server.RaftServerConfigKeys (ConfUtils.java:logGet(44)) - raft.server.rpc.request.timeout = 3000ms (default)
2020-11-16 17:32:10,418 [756efa00-9886-4f2c-af17-99a3a9dc2153@group-BB1F04BDC3DE-LeaderElection93] INFO  server.RaftServerConfigKeys (ConfUtils.java:logGet(44)) - raft.server.log.appender.install.snapshot.enabled = false (custom)
2020-11-16 17:32:10,420 [756efa00-9886-4f2c-af17-99a3a9dc2153@group-BB1F04BDC3DE-LeaderElection93] INFO  impl.RoleInfo (RoleInfo.java:updateAndGet(143)) - 756efa00-9886-4f2c-af17-99a3a9dc2153: start LeaderState
2020-11-16 17:32:10,421 [756efa00-9886-4f2c-af17-99a3a9dc2153@group-BB1F04BDC3DE-LeaderElection93] INFO  segmented.SegmentedRaftLogWorker (SegmentedRaftLogWorker.java:rollLogSegment(402)) - 756efa00-9886-4f2c-af17-99a3a9dc2153@group-BB1F04BDC3DE-SegmentedRaftLogWorker: Rolling segment log-0_16 to index:16
2020-11-16 17:32:10,421 [756efa00-9886-4f2c-af17-99a3a9dc2153@group-BB1F04BDC3DE-SegmentedRaftLogWorker] INFO  segmented.SegmentedRaftLogWorker (SegmentedRaftLogWorker.java:execute(553)) - 756efa00-9886-4f2c-af17-99a3a9dc2153@group-BB1F04BDC3DE-SegmentedRaftLogWorker: Rolled log segment from /github/workspace/mnt/ozone/hadoop-ozone/integration-test/target/test-dir/MiniOzoneClusterImpl-7523e9d5-68c3-40ce-b00f-57fa4c553895/datanode-4/data/ratis/24132c28-f07d-4eb2-8506-bb1f04bdc3de/current/log_inprogress_0 to /github/workspace/mnt/ozone/hadoop-ozone/integration-test/target/test-dir/MiniOzoneClusterImpl-7523e9d5-68c3-40ce-b00f-57fa4c553895/datanode-4/data/ratis/24132c28-f07d-4eb2-8506-bb1f04bdc3de/current/log_0-16
2020-11-16 17:32:10,427 [756efa00-9886-4f2c-af17-99a3a9dc2153@group-BB1F04BDC3DE-SegmentedRaftLogWorker] INFO  segmented.SegmentedRaftLogWorker (SegmentedRaftLogWorker.java:execute(596)) - 756efa00-9886-4f2c-af17-99a3a9dc2153@group-BB1F04BDC3DE-SegmentedRaftLogWorker: created new log segment /github/workspace/mnt/ozone/hadoop-ozone/integration-test/target/test-dir/MiniOzoneClusterImpl-7523e9d5-68c3-40ce-b00f-57fa4c553895/datanode-4/data/ratis/24132c28-f07d-4eb2-8506-bb1f04bdc3de/current/log_inprogress_17
2020-11-16 17:32:10,427 [756efa00-9886-4f2c-af17-99a3a9dc2153@group-BB1F04BDC3DE-LeaderElection93] INFO  impl.RaftServerImpl (ServerState.java:setRaftConf(374)) - 756efa00-9886-4f2c-af17-99a3a9dc2153@group-BB1F04BDC3DE: set configuration 17: [756efa00-9886-4f2c-af17-99a3a9dc2153:172.17.0.2:34565:0, 7ba08779-98dd-4ee1-a6ca-8386ca3b8fbf:172.17.0.2:34067:0, cc30a5ad-4207-4291-85e5-33833db84af4:172.17.0.2:36663:0], old=null at 17
2020-11-16 17:32:10,433 [grpc-default-executor-6] INFO  ratis.XceiverServerRatis (XceiverServerRatis.java:handleLeaderChangedNotification(854)) - Leader change notification received for group: group-BB1F04BDC3DE with new leaderId: 756efa00-9886-4f2c-af17-99a3a9dc2153
2020-11-16 17:32:10,433 [grpc-default-executor-6] INFO  impl.RaftServerImpl (ServerState.java:setLeader(256)) - 7ba08779-98dd-4ee1-a6ca-8386ca3b8fbf@group-BB1F04BDC3DE: change Leader from null to 756efa00-9886-4f2c-af17-99a3a9dc2153 at term 2 for appendEntries, leader elected after 29ms
2020-11-16 17:32:10,447 [grpc-default-executor-6] INFO  impl.RaftServerImpl (ServerState.java:setRaftConf(374)) - 7ba08779-98dd-4ee1-a6ca-8386ca3b8fbf@group-BB1F04BDC3DE: set configuration 17: [756efa00-9886-4f2c-af17-99a3a9dc2153:172.17.0.2:34565:0, 7ba08779-98dd-4ee1-a6ca-8386ca3b8fbf:172.17.0.2:34067:0, cc30a5ad-4207-4291-85e5-33833db84af4:172.17.0.2:36663:0], old=null at 17
2020-11-16 17:32:10,447 [grpc-default-executor-6] INFO  segmented.SegmentedRaftLogWorker (SegmentedRaftLogWorker.java:rollLogSegment(402)) - 7ba08779-98dd-4ee1-a6ca-8386ca3b8fbf@group-BB1F04BDC3DE-SegmentedRaftLogWorker: Rolling segment log-0_16 to index:16
2020-11-16 17:32:10,448 [grpc-default-executor-6] WARN  server.GrpcLogAppender (LogUtils.java:warn(122)) - 756efa00-9886-4f2c-af17-99a3a9dc2153@group-BB1F04BDC3DE->cc30a5ad-4207-4291-85e5-33833db84af4-AppendLogResponseHandler: Failed appendEntries: org.apache.ratis.thirdparty.io.grpc.StatusRuntimeException: UNAVAILABLE: io exception
2020-11-16 17:32:10,452 [7ba08779-98dd-4ee1-a6ca-8386ca3b8fbf@group-BB1F04BDC3DE-SegmentedRaftLogWorker] INFO  segmented.SegmentedRaftLogWorker (SegmentedRaftLogWorker.java:execute(553)) - 7ba08779-98dd-4ee1-a6ca-8386ca3b8fbf@group-BB1F04BDC3DE-SegmentedRaftLogWorker: Rolled log segment from /github/workspace/mnt/ozone/hadoop-ozone/integration-test/target/test-dir/MiniOzoneClusterImpl-7523e9d5-68c3-40ce-b00f-57fa4c553895/datanode-5/data/ratis/24132c28-f07d-4eb2-8506-bb1f04bdc3de/current/log_inprogress_0 to /github/workspace/mnt/ozone/hadoop-ozone/integration-test/target/test-dir/MiniOzoneClusterImpl-7523e9d5-68c3-40ce-b00f-57fa4c553895/datanode-5/data/ratis/24132c28-f07d-4eb2-8506-bb1f04bdc3de/current/log_0-16
2020-11-16 17:32:10,453 [grpc-default-executor-6] WARN  server.GrpcLogAppender (GrpcLogAppender.java:resetClient(107)) - 756efa00-9886-4f2c-af17-99a3a9dc2153@group-BB1F04BDC3DE->cc30a5ad-4207-4291-85e5-33833db84af4-GrpcLogAppender: Leader has not got in touch with Follower 756efa00-9886-4f2c-af17-99a3a9dc2153@group-BB1F04BDC3DE->cc30a5ad-4207-4291-85e5-33833db84af4(c-1,m0,n18, attendVote=true, lastRpcSendTime=0, lastRpcResponseTime=5243) yet, just keep nextIndex unchanged and retry.
2020-11-16 17:32:10,454 [7ba08779-98dd-4ee1-a6ca-8386ca3b8fbf@group-BB1F04BDC3DE-SegmentedRaftLogWorker] INFO  segmented.SegmentedRaftLogWorker (SegmentedRaftLogWorker.java:execute(596)) - 7ba08779-98dd-4ee1-a6ca-8386ca3b8fbf@group-BB1F04BDC3DE-SegmentedRaftLogWorker: created new log segment /github/workspace/mnt/ozone/hadoop-ozone/integration-test/target/test-dir/MiniOzoneClusterImpl-7523e9d5-68c3-40ce-b00f-57fa4c553895/datanode-5/data/ratis/24132c28-f07d-4eb2-8506-bb1f04bdc3de/current/log_inprogress_17
2020-11-16 17:32:10,457 [grpc-default-executor-6] WARN  server.GrpcLogAppender (LogUtils.java:warn(122)) - 756efa00-9886-4f2c-af17-99a3a9dc2153@group-BB1F04BDC3DE->cc30a5ad-4207-4291-85e5-33833db84af4-AppendLogResponseHandler: Failed appendEntries: org.apache.ratis.thirdparty.io.grpc.StatusRuntimeException: UNAVAILABLE: io exception
2020-11-16 17:32:10,457 [grpc-default-executor-6] WARN  server.GrpcLogAppender (GrpcLogAppender.java:resetClient(107)) - 756efa00-9886-4f2c-af17-99a3a9dc2153@group-BB1F04BDC3DE->cc30a5ad-4207-4291-85e5-33833db84af4-GrpcLogAppender: Leader has not got in touch with Follower 756efa00-9886-4f2c-af17-99a3a9dc2153@group-BB1F04BDC3DE->cc30a5ad-4207-4291-85e5-33833db84af4(c-1,m0,n19, attendVote=true, lastRpcSendTime=5, lastRpcResponseTime=5248) yet, just keep nextIndex unchanged and retry.
2020-11-16 17:32:10,546 [grpc-default-executor-6] WARN  server.GrpcLogAppender (LogUtils.java:warn(122)) - 756efa00-9886-4f2c-af17-99a3a9dc2153@group-86BCF01837AD->cc30a5ad-4207-4291-85e5-33833db84af4-AppendLogResponseHandler: Failed appendEntries: org.apache.ratis.thirdparty.io.grpc.StatusRuntimeException: UNAVAILABLE: io exception
2020-11-16 17:32:10,547 [grpc-default-executor-6] WARN  server.GrpcLogAppender (GrpcLogAppender.java:resetClient(107)) - 756efa00-9886-4f2c-af17-99a3a9dc2153@group-86BCF01837AD->cc30a5ad-4207-4291-85e5-33833db84af4-GrpcLogAppender: Leader has not got in touch with Follower 756efa00-9886-4f2c-af17-99a3a9dc2153@group-86BCF01837AD->cc30a5ad-4207-4291-85e5-33833db84af4(c-1,m0,n3, attendVote=true, lastRpcSendTime=0, lastRpcResponseTime=10232) yet, just keep nextIndex unchanged and retry.
17:32:11.576 [grpc-default-executor-10] ERROR DNAudit - user=null | ip=null | op=WRITE_CHUNK {blockData=conID: 1 locID: 105221188203577357 bcsId: 14} | ret=FAILURE
org.apache.hadoop.hdds.scm.container.common.helpers.ContainerNotOpenException: Container 1 in CLOSING state
	at org.apache.hadoop.ozone.container.common.impl.HddsDispatcher.validateContainerCommand(HddsDispatcher.java:484) ~[hadoop-hdds-container-service-1.1.0-SNAPSHOT.jar:?]
	at org.apache.hadoop.ozone.container.common.transport.server.ratis.ContainerStateMachine.startTransaction(ContainerStateMachine.java:319) ~[hadoop-hdds-container-service-1.1.0-SNAPSHOT.jar:?]
	at org.apache.ratis.server.impl.RaftServerImpl.submitClientRequestAsync(RaftServerImpl.java:684) ~[ratis-server-1.1.0-11689cd-SNAPSHOT.jar:1.1.0-11689cd-SNAPSHOT]
	at org.apache.ratis.server.impl.RaftServerProxy.lambda$submitClientRequestAsync$7(RaftServerProxy.java:341) ~[ratis-server-1.1.0-11689cd-SNAPSHOT.jar:1.1.0-11689cd-SNAPSHOT]
	at org.apache.ratis.server.impl.RaftServerProxy.lambda$null$5(RaftServerProxy.java:336) ~[ratis-server-1.1.0-11689cd-SNAPSHOT.jar:1.1.0-11689cd-SNAPSHOT]
	at org.apache.ratis.util.JavaUtils.callAsUnchecked(JavaUtils.java:109) ~[ratis-common-1.1.0-11689cd-SNAPSHOT.jar:1.1.0-11689cd-SNAPSHOT]
	at org.apache.ratis.server.impl.RaftServerProxy.lambda$submitRequest$6(RaftServerProxy.java:336) ~[ratis-server-1.1.0-11689cd-SNAPSHOT.jar:1.1.0-11689cd-SNAPSHOT]
	at java.util.concurrent.CompletableFuture.uniComposeStage(CompletableFuture.java:995) ~[?:1.8.0_232]
	at java.util.concurrent.CompletableFuture.thenCompose(CompletableFuture.java:2137) ~[?:1.8.0_232]
	at org.apache.ratis.server.impl.RaftServerProxy.submitRequest(RaftServerProxy.java:335) ~[ratis-server-1.1.0-11689cd-SNAPSHOT.jar:1.1.0-11689cd-SNAPSHOT]
	at org.apache.ratis.server.impl.RaftServerProxy.submitClientRequestAsync(RaftServerProxy.java:341) ~[ratis-server-1.1.0-11689cd-SNAPSHOT.jar:1.1.0-11689cd-SNAPSHOT]
	at org.apache.ratis.grpc.client.GrpcClientProtocolService$RequestStreamObserver.processClientRequest(GrpcClientProtocolService.java:228) ~[ratis-grpc-1.1.0-11689cd-SNAPSHOT.jar:1.1.0-11689cd-SNAPSHOT]
	at org.apache.ratis.grpc.client.GrpcClientProtocolService$OrderedRequestStreamObserver.processClientRequest(GrpcClientProtocolService.java:334) ~[ratis-grpc-1.1.0-11689cd-SNAPSHOT.jar:1.1.0-11689cd-SNAPSHOT]
	at org.apache.ratis.util.SlidingWindow$Server.processRequestsFromHead(SlidingWindow.java:429) [ratis-common-1.1.0-11689cd-SNAPSHOT.jar:1.1.0-11689cd-SNAPSHOT]
	at org.apache.ratis.util.SlidingWindow$Server.receivedRequest(SlidingWindow.java:421) [ratis-common-1.1.0-11689cd-SNAPSHOT.jar:1.1.0-11689cd-SNAPSHOT]
	at org.apache.ratis.grpc.client.GrpcClientProtocolService$OrderedRequestStreamObserver.processClientRequest(GrpcClientProtocolService.java:358) [ratis-grpc-1.1.0-11689cd-SNAPSHOT.jar:1.1.0-11689cd-SNAPSHOT]
	at org.apache.ratis.grpc.client.GrpcClientProtocolService$RequestStreamObserver.onNext(GrpcClientProtocolService.java:248) [ratis-grpc-1.1.0-11689cd-SNAPSHOT.jar:1.1.0-11689cd-SNAPSHOT]
	at org.apache.ratis.grpc.client.GrpcClientProtocolService$RequestStreamObserver.onNext(GrpcClientProtocolService.java:171) [ratis-grpc-1.1.0-11689cd-SNAPSHOT.jar:1.1.0-11689cd-SNAPSHOT]
	at org.apache.ratis.thirdparty.io.grpc.stub.ServerCalls$StreamingServerCallHandler$StreamingServerCallListener.onMessage(ServerCalls.java:251) [ratis-thirdparty-misc-0.6.0-SNAPSHOT.jar:0.6.0-SNAPSHOT]
	at org.apache.ratis.thirdparty.io.grpc.ForwardingServerCallListener.onMessage(ForwardingServerCallListener.java:33) [ratis-thirdparty-misc-0.6.0-SNAPSHOT.jar:0.6.0-SNAPSHOT]
	at org.apache.ratis.thirdparty.io.grpc.internal.ServerCallImpl$ServerStreamListenerImpl.messagesAvailableInternal(ServerCallImpl.java:309) [ratis-thirdparty-misc-0.6.0-SNAPSHOT.jar:0.6.0-SNAPSHOT]
	at org.apache.ratis.thirdparty.io.grpc.internal.ServerCallImpl$ServerStreamListenerImpl.messagesAvailable(ServerCallImpl.java:292) [ratis-thirdparty-misc-0.6.0-SNAPSHOT.jar:0.6.0-SNAPSHOT]
	at org.apache.ratis.thirdparty.io.grpc.internal.ServerImpl$JumpToApplicationThreadServerStreamListener$1MessagesAvailable.runInContext(ServerImpl.java:783) [ratis-thirdparty-misc-0.6.0-SNAPSHOT.jar:0.6.0-SNAPSHOT]
	at org.apache.ratis.thirdparty.io.grpc.internal.ContextRunnable.run(ContextRunnable.java:37) [ratis-thirdparty-misc-0.6.0-SNAPSHOT.jar:0.6.0-SNAPSHOT]
	at org.apache.ratis.thirdparty.io.grpc.internal.SerializingExecutor.run(SerializingExecutor.java:123) [ratis-thirdparty-misc-0.6.0-SNAPSHOT.jar:0.6.0-SNAPSHOT]
	at java.util.concurrent.ThreadPoolExecutor.runWorker(ThreadPoolExecutor.java:1149) [?:1.8.0_232]
	at java.util.concurrent.ThreadPoolExecutor$Worker.run(ThreadPoolExecutor.java:624) [?:1.8.0_232]
	at java.lang.Thread.run(Thread.java:748) [?:1.8.0_232]
2020-11-16 17:32:11,587 [grpc-default-executor-10] ERROR storage.BlockOutputStream (BlockOutputStream.java:lambda$writeChunkToContainer$3(677)) - writing chunk failed 105221188203577357_chunk_6 blockID conID: 1 locID: 105221188203577357 bcsId: 14 with exception org.apache.ratis.protocol.exceptions.StateMachineException: org.apache.hadoop.hdds.scm.container.common.helpers.ContainerNotOpenException from Server 756efa00-9886-4f2c-af17-99a3a9dc2153@group-BB1F04BDC3DE: Container 1 in CLOSING state
17:32:11.591 [grpc-default-executor-10] ERROR DNAudit - user=null | ip=null | op=WRITE_CHUNK {blockData=conID: 1 locID: 105221188203577357 bcsId: 14} | ret=FAILURE
org.apache.hadoop.hdds.scm.container.common.helpers.ContainerNotOpenException: Container 1 in CLOSING state
	at org.apache.hadoop.ozone.container.common.impl.HddsDispatcher.validateContainerCommand(HddsDispatcher.java:484) ~[hadoop-hdds-container-service-1.1.0-SNAPSHOT.jar:?]
	at org.apache.hadoop.ozone.container.common.transport.server.ratis.ContainerStateMachine.startTransaction(ContainerStateMachine.java:319) ~[hadoop-hdds-container-service-1.1.0-SNAPSHOT.jar:?]
	at org.apache.ratis.server.impl.RaftServerImpl.submitClientRequestAsync(RaftServerImpl.java:684) ~[ratis-server-1.1.0-11689cd-SNAPSHOT.jar:1.1.0-11689cd-SNAPSHOT]
	at org.apache.ratis.server.impl.RaftServerProxy.lambda$submitClientRequestAsync$7(RaftServerProxy.java:341) ~[ratis-server-1.1.0-11689cd-SNAPSHOT.jar:1.1.0-11689cd-SNAPSHOT]
	at org.apache.ratis.server.impl.RaftServerProxy.lambda$null$5(RaftServerProxy.java:336) ~[ratis-server-1.1.0-11689cd-SNAPSHOT.jar:1.1.0-11689cd-SNAPSHOT]
	at org.apache.ratis.util.JavaUtils.callAsUnchecked(JavaUtils.java:109) ~[ratis-common-1.1.0-11689cd-SNAPSHOT.jar:1.1.0-11689cd-SNAPSHOT]
	at org.apache.ratis.server.impl.RaftServerProxy.lambda$submitRequest$6(RaftServerProxy.java:336) ~[ratis-server-1.1.0-11689cd-SNAPSHOT.jar:1.1.0-11689cd-SNAPSHOT]
	at java.util.concurrent.CompletableFuture.uniComposeStage(CompletableFuture.java:995) ~[?:1.8.0_232]
	at java.util.concurrent.CompletableFuture.thenCompose(CompletableFuture.java:2137) ~[?:1.8.0_232]
	at org.apache.ratis.server.impl.RaftServerProxy.submitRequest(RaftServerProxy.java:335) ~[ratis-server-1.1.0-11689cd-SNAPSHOT.jar:1.1.0-11689cd-SNAPSHOT]
	at org.apache.ratis.server.impl.RaftServerProxy.submitClientRequestAsync(RaftServerProxy.java:341) ~[ratis-server-1.1.0-11689cd-SNAPSHOT.jar:1.1.0-11689cd-SNAPSHOT]
	at org.apache.ratis.grpc.client.GrpcClientProtocolService$RequestStreamObserver.processClientRequest(GrpcClientProtocolService.java:228) ~[ratis-grpc-1.1.0-11689cd-SNAPSHOT.jar:1.1.0-11689cd-SNAPSHOT]
	at org.apache.ratis.grpc.client.GrpcClientProtocolService$OrderedRequestStreamObserver.processClientRequest(GrpcClientProtocolService.java:334) ~[ratis-grpc-1.1.0-11689cd-SNAPSHOT.jar:1.1.0-11689cd-SNAPSHOT]
	at org.apache.ratis.util.SlidingWindow$Server.processRequestsFromHead(SlidingWindow.java:429) [ratis-common-1.1.0-11689cd-SNAPSHOT.jar:1.1.0-11689cd-SNAPSHOT]
	at org.apache.ratis.util.SlidingWindow$Server.receivedRequest(SlidingWindow.java:421) [ratis-common-1.1.0-11689cd-SNAPSHOT.jar:1.1.0-11689cd-SNAPSHOT]
	at org.apache.ratis.grpc.client.GrpcClientProtocolService$OrderedRequestStreamObserver.processClientRequest(GrpcClientProtocolService.java:358) [ratis-grpc-1.1.0-11689cd-SNAPSHOT.jar:1.1.0-11689cd-SNAPSHOT]
	at org.apache.ratis.grpc.client.GrpcClientProtocolService$RequestStreamObserver.onNext(GrpcClientProtocolService.java:248) [ratis-grpc-1.1.0-11689cd-SNAPSHOT.jar:1.1.0-11689cd-SNAPSHOT]
	at org.apache.ratis.grpc.client.GrpcClientProtocolService$RequestStreamObserver.onNext(GrpcClientProtocolService.java:171) [ratis-grpc-1.1.0-11689cd-SNAPSHOT.jar:1.1.0-11689cd-SNAPSHOT]
	at org.apache.ratis.thirdparty.io.grpc.stub.ServerCalls$StreamingServerCallHandler$StreamingServerCallListener.onMessage(ServerCalls.java:251) [ratis-thirdparty-misc-0.6.0-SNAPSHOT.jar:0.6.0-SNAPSHOT]
	at org.apache.ratis.thirdparty.io.grpc.ForwardingServerCallListener.onMessage(ForwardingServerCallListener.java:33) [ratis-thirdparty-misc-0.6.0-SNAPSHOT.jar:0.6.0-SNAPSHOT]
	at org.apache.ratis.thirdparty.io.grpc.internal.ServerCallImpl$ServerStreamListenerImpl.messagesAvailableInternal(ServerCallImpl.java:309) [ratis-thirdparty-misc-0.6.0-SNAPSHOT.jar:0.6.0-SNAPSHOT]
	at org.apache.ratis.thirdparty.io.grpc.internal.ServerCallImpl$ServerStreamListenerImpl.messagesAvailable(ServerCallImpl.java:292) [ratis-thirdparty-misc-0.6.0-SNAPSHOT.jar:0.6.0-SNAPSHOT]
	at org.apache.ratis.thirdparty.io.grpc.internal.ServerImpl$JumpToApplicationThreadServerStreamListener$1MessagesAvailable.runInContext(ServerImpl.java:783) [ratis-thirdparty-misc-0.6.0-SNAPSHOT.jar:0.6.0-SNAPSHOT]
	at org.apache.ratis.thirdparty.io.grpc.internal.ContextRunnable.run(ContextRunnable.java:37) [ratis-thirdparty-misc-0.6.0-SNAPSHOT.jar:0.6.0-SNAPSHOT]
	at org.apache.ratis.thirdparty.io.grpc.internal.SerializingExecutor.run(SerializingExecutor.java:123) [ratis-thirdparty-misc-0.6.0-SNAPSHOT.jar:0.6.0-SNAPSHOT]
	at java.util.concurrent.ThreadPoolExecutor.runWorker(ThreadPoolExecutor.java:1149) [?:1.8.0_232]
	at java.util.concurrent.ThreadPoolExecutor$Worker.run(ThreadPoolExecutor.java:624) [?:1.8.0_232]
	at java.lang.Thread.run(Thread.java:748) [?:1.8.0_232]
17:32:11.596 [grpc-default-executor-10] ERROR DNAudit - user=null | ip=null | op=PUT_BLOCK {blockData=[blockId=conID: 1 locID: 105221188203577357 bcsId: 0,size=650]} | ret=FAILURE
org.apache.hadoop.hdds.scm.container.common.helpers.ContainerNotOpenException: Container 1 in CLOSING state
	at org.apache.hadoop.ozone.container.common.impl.HddsDispatcher.validateContainerCommand(HddsDispatcher.java:484) ~[hadoop-hdds-container-service-1.1.0-SNAPSHOT.jar:?]
	at org.apache.hadoop.ozone.container.common.transport.server.ratis.ContainerStateMachine.startTransaction(ContainerStateMachine.java:319) ~[hadoop-hdds-container-service-1.1.0-SNAPSHOT.jar:?]
	at org.apache.ratis.server.impl.RaftServerImpl.submitClientRequestAsync(RaftServerImpl.java:684) ~[ratis-server-1.1.0-11689cd-SNAPSHOT.jar:1.1.0-11689cd-SNAPSHOT]
	at org.apache.ratis.server.impl.RaftServerProxy.lambda$submitClientRequestAsync$7(RaftServerProxy.java:341) ~[ratis-server-1.1.0-11689cd-SNAPSHOT.jar:1.1.0-11689cd-SNAPSHOT]
	at org.apache.ratis.server.impl.RaftServerProxy.lambda$null$5(RaftServerProxy.java:336) ~[ratis-server-1.1.0-11689cd-SNAPSHOT.jar:1.1.0-11689cd-SNAPSHOT]
	at org.apache.ratis.util.JavaUtils.callAsUnchecked(JavaUtils.java:109) ~[ratis-common-1.1.0-11689cd-SNAPSHOT.jar:1.1.0-11689cd-SNAPSHOT]
	at org.apache.ratis.server.impl.RaftServerProxy.lambda$submitRequest$6(RaftServerProxy.java:336) ~[ratis-server-1.1.0-11689cd-SNAPSHOT.jar:1.1.0-11689cd-SNAPSHOT]
	at java.util.concurrent.CompletableFuture.uniComposeStage(CompletableFuture.java:995) ~[?:1.8.0_232]
	at java.util.concurrent.CompletableFuture.thenCompose(CompletableFuture.java:2137) ~[?:1.8.0_232]
	at org.apache.ratis.server.impl.RaftServerProxy.submitRequest(RaftServerProxy.java:335) ~[ratis-server-1.1.0-11689cd-SNAPSHOT.jar:1.1.0-11689cd-SNAPSHOT]
	at org.apache.ratis.server.impl.RaftServerProxy.submitClientRequestAsync(RaftServerProxy.java:341) ~[ratis-server-1.1.0-11689cd-SNAPSHOT.jar:1.1.0-11689cd-SNAPSHOT]
	at org.apache.ratis.grpc.client.GrpcClientProtocolService$RequestStreamObserver.processClientRequest(GrpcClientProtocolService.java:228) ~[ratis-grpc-1.1.0-11689cd-SNAPSHOT.jar:1.1.0-11689cd-SNAPSHOT]
	at org.apache.ratis.grpc.client.GrpcClientProtocolService$OrderedRequestStreamObserver.processClientRequest(GrpcClientProtocolService.java:334) ~[ratis-grpc-1.1.0-11689cd-SNAPSHOT.jar:1.1.0-11689cd-SNAPSHOT]
	at org.apache.ratis.util.SlidingWindow$Server.processRequestsFromHead(SlidingWindow.java:429) [ratis-common-1.1.0-11689cd-SNAPSHOT.jar:1.1.0-11689cd-SNAPSHOT]
	at org.apache.ratis.util.SlidingWindow$Server.receivedRequest(SlidingWindow.java:421) [ratis-common-1.1.0-11689cd-SNAPSHOT.jar:1.1.0-11689cd-SNAPSHOT]
	at org.apache.ratis.grpc.client.GrpcClientProtocolService$OrderedRequestStreamObserver.processClientRequest(GrpcClientProtocolService.java:358) [ratis-grpc-1.1.0-11689cd-SNAPSHOT.jar:1.1.0-11689cd-SNAPSHOT]
	at org.apache.ratis.grpc.client.GrpcClientProtocolService$RequestStreamObserver.onNext(GrpcClientProtocolService.java:248) [ratis-grpc-1.1.0-11689cd-SNAPSHOT.jar:1.1.0-11689cd-SNAPSHOT]
	at org.apache.ratis.grpc.client.GrpcClientProtocolService$RequestStreamObserver.onNext(GrpcClientProtocolService.java:171) [ratis-grpc-1.1.0-11689cd-SNAPSHOT.jar:1.1.0-11689cd-SNAPSHOT]
	at org.apache.ratis.thirdparty.io.grpc.stub.ServerCalls$StreamingServerCallHandler$StreamingServerCallListener.onMessage(ServerCalls.java:251) [ratis-thirdparty-misc-0.6.0-SNAPSHOT.jar:0.6.0-SNAPSHOT]
	at org.apache.ratis.thirdparty.io.grpc.ForwardingServerCallListener.onMessage(ForwardingServerCallListener.java:33) [ratis-thirdparty-misc-0.6.0-SNAPSHOT.jar:0.6.0-SNAPSHOT]
	at org.apache.ratis.thirdparty.io.grpc.internal.ServerCallImpl$ServerStreamListenerImpl.messagesAvailableInternal(ServerCallImpl.java:309) [ratis-thirdparty-misc-0.6.0-SNAPSHOT.jar:0.6.0-SNAPSHOT]
	at org.apache.ratis.thirdparty.io.grpc.internal.ServerCallImpl$ServerStreamListenerImpl.messagesAvailable(ServerCallImpl.java:292) [ratis-thirdparty-misc-0.6.0-SNAPSHOT.jar:0.6.0-SNAPSHOT]
	at org.apache.ratis.thirdparty.io.grpc.internal.ServerImpl$JumpToApplicationThreadServerStreamListener$1MessagesAvailable.runInContext(ServerImpl.java:783) [ratis-thirdparty-misc-0.6.0-SNAPSHOT.jar:0.6.0-SNAPSHOT]
	at org.apache.ratis.thirdparty.io.grpc.internal.ContextRunnable.run(ContextRunnable.java:37) [ratis-thirdparty-misc-0.6.0-SNAPSHOT.jar:0.6.0-SNAPSHOT]
	at org.apache.ratis.thirdparty.io.grpc.internal.SerializingExecutor.run(SerializingExecutor.java:123) [ratis-thirdparty-misc-0.6.0-SNAPSHOT.jar:0.6.0-SNAPSHOT]
	at java.util.concurrent.ThreadPoolExecutor.runWorker(ThreadPoolExecutor.java:1149) [?:1.8.0_232]
	at java.util.concurrent.ThreadPoolExecutor$Worker.run(ThreadPoolExecutor.java:624) [?:1.8.0_232]
	at java.lang.Thread.run(Thread.java:748) [?:1.8.0_232]
17:32:11.600 [grpc-default-executor-10] ERROR DNAudit - user=null | ip=null | op=WRITE_CHUNK {blockData=conID: 1 locID: 105221188203577357 bcsId: 14} | ret=FAILURE
org.apache.hadoop.hdds.scm.container.common.helpers.ContainerNotOpenException: Container 1 in CLOSING state
	at org.apache.hadoop.ozone.container.common.impl.HddsDispatcher.validateContainerCommand(HddsDispatcher.java:484) ~[hadoop-hdds-container-service-1.1.0-SNAPSHOT.jar:?]
	at org.apache.hadoop.ozone.container.common.transport.server.ratis.ContainerStateMachine.startTransaction(ContainerStateMachine.java:319) ~[hadoop-hdds-container-service-1.1.0-SNAPSHOT.jar:?]
	at org.apache.ratis.server.impl.RaftServerImpl.submitClientRequestAsync(RaftServerImpl.java:684) ~[ratis-server-1.1.0-11689cd-SNAPSHOT.jar:1.1.0-11689cd-SNAPSHOT]
	at org.apache.ratis.server.impl.RaftServerProxy.lambda$submitClientRequestAsync$7(RaftServerProxy.java:341) ~[ratis-server-1.1.0-11689cd-SNAPSHOT.jar:1.1.0-11689cd-SNAPSHOT]
	at org.apache.ratis.server.impl.RaftServerProxy.lambda$null$5(RaftServerProxy.java:336) ~[ratis-server-1.1.0-11689cd-SNAPSHOT.jar:1.1.0-11689cd-SNAPSHOT]
	at org.apache.ratis.util.JavaUtils.callAsUnchecked(JavaUtils.java:109) ~[ratis-common-1.1.0-11689cd-SNAPSHOT.jar:1.1.0-11689cd-SNAPSHOT]
	at org.apache.ratis.server.impl.RaftServerProxy.lambda$submitRequest$6(RaftServerProxy.java:336) ~[ratis-server-1.1.0-11689cd-SNAPSHOT.jar:1.1.0-11689cd-SNAPSHOT]
	at java.util.concurrent.CompletableFuture.uniComposeStage(CompletableFuture.java:995) ~[?:1.8.0_232]
	at java.util.concurrent.CompletableFuture.thenCompose(CompletableFuture.java:2137) ~[?:1.8.0_232]
	at org.apache.ratis.server.impl.RaftServerProxy.submitRequest(RaftServerProxy.java:335) ~[ratis-server-1.1.0-11689cd-SNAPSHOT.jar:1.1.0-11689cd-SNAPSHOT]
	at org.apache.ratis.server.impl.RaftServerProxy.submitClientRequestAsync(RaftServerProxy.java:341) ~[ratis-server-1.1.0-11689cd-SNAPSHOT.jar:1.1.0-11689cd-SNAPSHOT]
	at org.apache.ratis.grpc.client.GrpcClientProtocolService$RequestStreamObserver.processClientRequest(GrpcClientProtocolService.java:228) ~[ratis-grpc-1.1.0-11689cd-SNAPSHOT.jar:1.1.0-11689cd-SNAPSHOT]
	at org.apache.ratis.grpc.client.GrpcClientProtocolService$OrderedRequestStreamObserver.processClientRequest(GrpcClientProtocolService.java:334) ~[ratis-grpc-1.1.0-11689cd-SNAPSHOT.jar:1.1.0-11689cd-SNAPSHOT]
	at org.apache.ratis.util.SlidingWindow$Server.processRequestsFromHead(SlidingWindow.java:429) [ratis-common-1.1.0-11689cd-SNAPSHOT.jar:1.1.0-11689cd-SNAPSHOT]
	at org.apache.ratis.util.SlidingWindow$Server.receivedRequest(SlidingWindow.java:421) [ratis-common-1.1.0-11689cd-SNAPSHOT.jar:1.1.0-11689cd-SNAPSHOT]
	at org.apache.ratis.grpc.client.GrpcClientProtocolService$OrderedRequestStreamObserver.processClientRequest(GrpcClientProtocolService.java:358) [ratis-grpc-1.1.0-11689cd-SNAPSHOT.jar:1.1.0-11689cd-SNAPSHOT]
	at org.apache.ratis.grpc.client.GrpcClientProtocolService$RequestStreamObserver.onNext(GrpcClientProtocolService.java:248) [ratis-grpc-1.1.0-11689cd-SNAPSHOT.jar:1.1.0-11689cd-SNAPSHOT]
	at org.apache.ratis.grpc.client.GrpcClientProtocolService$RequestStreamObserver.onNext(GrpcClientProtocolService.java:171) [ratis-grpc-1.1.0-11689cd-SNAPSHOT.jar:1.1.0-11689cd-SNAPSHOT]
	at org.apache.ratis.thirdparty.io.grpc.stub.ServerCalls$StreamingServerCallHandler$StreamingServerCallListener.onMessage(ServerCalls.java:251) [ratis-thirdparty-misc-0.6.0-SNAPSHOT.jar:0.6.0-SNAPSHOT]
	at org.apache.ratis.thirdparty.io.grpc.ForwardingServerCallListener.onMessage(ForwardingServerCallListener.java:33) [ratis-thirdparty-misc-0.6.0-SNAPSHOT.jar:0.6.0-SNAPSHOT]
	at org.apache.ratis.thirdparty.io.grpc.internal.ServerCallImpl$ServerStreamListenerImpl.messagesAvailableInternal(ServerCallImpl.java:309) [ratis-thirdparty-misc-0.6.0-SNAPSHOT.jar:0.6.0-SNAPSHOT]
	at org.apache.ratis.thirdparty.io.grpc.internal.ServerCallImpl$ServerStreamListenerImpl.messagesAvailable(ServerCallImpl.java:292) [ratis-thirdparty-misc-0.6.0-SNAPSHOT.jar:0.6.0-SNAPSHOT]
	at org.apache.ratis.thirdparty.io.grpc.internal.ServerImpl$JumpToApplicationThreadServerStreamListener$1MessagesAvailable.runInContext(ServerImpl.java:783) [ratis-thirdparty-misc-0.6.0-SNAPSHOT.jar:0.6.0-SNAPSHOT]
	at org.apache.ratis.thirdparty.io.grpc.internal.ContextRunnable.run(ContextRunnable.java:37) [ratis-thirdparty-misc-0.6.0-SNAPSHOT.jar:0.6.0-SNAPSHOT]
	at org.apache.ratis.thirdparty.io.grpc.internal.SerializingExecutor.run(SerializingExecutor.java:123) [ratis-thirdparty-misc-0.6.0-SNAPSHOT.jar:0.6.0-SNAPSHOT]
	at java.util.concurrent.ThreadPoolExecutor.runWorker(ThreadPoolExecutor.java:1149) [?:1.8.0_232]
	at java.util.concurrent.ThreadPoolExecutor$Worker.run(ThreadPoolExecutor.java:624) [?:1.8.0_232]
	at java.lang.Thread.run(Thread.java:748) [?:1.8.0_232]
2020-11-16 17:32:11,600 [grpc-default-executor-6] ERROR storage.BlockOutputStream (BlockOutputStream.java:lambda$writeChunkToContainer$3(677)) - writing chunk failed 105221188203577357_chunk_7 blockID conID: 1 locID: 105221188203577357 bcsId: 14 with exception org.apache.ratis.protocol.exceptions.StateMachineException: org.apache.hadoop.hdds.scm.container.common.helpers.ContainerNotOpenException from Server 756efa00-9886-4f2c-af17-99a3a9dc2153@group-BB1F04BDC3DE: Container 1 in CLOSING state
17:32:11.603 [grpc-default-executor-10] ERROR DNAudit - user=null | ip=null | op=WRITE_CHUNK {blockData=conID: 1 locID: 105221188203577357 bcsId: 14} | ret=FAILURE
org.apache.hadoop.hdds.scm.container.common.helpers.ContainerNotOpenException: Container 1 in CLOSING state
	at org.apache.hadoop.ozone.container.common.impl.HddsDispatcher.validateContainerCommand(HddsDispatcher.java:484) ~[hadoop-hdds-container-service-1.1.0-SNAPSHOT.jar:?]
	at org.apache.hadoop.ozone.container.common.transport.server.ratis.ContainerStateMachine.startTransaction(ContainerStateMachine.java:319) ~[hadoop-hdds-container-service-1.1.0-SNAPSHOT.jar:?]
	at org.apache.ratis.server.impl.RaftServerImpl.submitClientRequestAsync(RaftServerImpl.java:684) ~[ratis-server-1.1.0-11689cd-SNAPSHOT.jar:1.1.0-11689cd-SNAPSHOT]
	at org.apache.ratis.server.impl.RaftServerProxy.lambda$submitClientRequestAsync$7(RaftServerProxy.java:341) ~[ratis-server-1.1.0-11689cd-SNAPSHOT.jar:1.1.0-11689cd-SNAPSHOT]
	at org.apache.ratis.server.impl.RaftServerProxy.lambda$null$5(RaftServerProxy.java:336) ~[ratis-server-1.1.0-11689cd-SNAPSHOT.jar:1.1.0-11689cd-SNAPSHOT]
	at org.apache.ratis.util.JavaUtils.callAsUnchecked(JavaUtils.java:109) ~[ratis-common-1.1.0-11689cd-SNAPSHOT.jar:1.1.0-11689cd-SNAPSHOT]
	at org.apache.ratis.server.impl.RaftServerProxy.lambda$submitRequest$6(RaftServerProxy.java:336) ~[ratis-server-1.1.0-11689cd-SNAPSHOT.jar:1.1.0-11689cd-SNAPSHOT]
	at java.util.concurrent.CompletableFuture.uniComposeStage(CompletableFuture.java:995) ~[?:1.8.0_232]
	at java.util.concurrent.CompletableFuture.thenCompose(CompletableFuture.java:2137) ~[?:1.8.0_232]
	at org.apache.ratis.server.impl.RaftServerProxy.submitRequest(RaftServerProxy.java:335) ~[ratis-server-1.1.0-11689cd-SNAPSHOT.jar:1.1.0-11689cd-SNAPSHOT]
	at org.apache.ratis.server.impl.RaftServerProxy.submitClientRequestAsync(RaftServerProxy.java:341) ~[ratis-server-1.1.0-11689cd-SNAPSHOT.jar:1.1.0-11689cd-SNAPSHOT]
	at org.apache.ratis.grpc.client.GrpcClientProtocolService$RequestStreamObserver.processClientRequest(GrpcClientProtocolService.java:228) ~[ratis-grpc-1.1.0-11689cd-SNAPSHOT.jar:1.1.0-11689cd-SNAPSHOT]
	at org.apache.ratis.grpc.client.GrpcClientProtocolService$OrderedRequestStreamObserver.processClientRequest(GrpcClientProtocolService.java:334) ~[ratis-grpc-1.1.0-11689cd-SNAPSHOT.jar:1.1.0-11689cd-SNAPSHOT]
	at org.apache.ratis.util.SlidingWindow$Server.processRequestsFromHead(SlidingWindow.java:429) [ratis-common-1.1.0-11689cd-SNAPSHOT.jar:1.1.0-11689cd-SNAPSHOT]
	at org.apache.ratis.util.SlidingWindow$Server.receivedRequest(SlidingWindow.java:421) [ratis-common-1.1.0-11689cd-SNAPSHOT.jar:1.1.0-11689cd-SNAPSHOT]
	at org.apache.ratis.grpc.client.GrpcClientProtocolService$OrderedRequestStreamObserver.processClientRequest(GrpcClientProtocolService.java:358) [ratis-grpc-1.1.0-11689cd-SNAPSHOT.jar:1.1.0-11689cd-SNAPSHOT]
	at org.apache.ratis.grpc.client.GrpcClientProtocolService$RequestStreamObserver.onNext(GrpcClientProtocolService.java:248) [ratis-grpc-1.1.0-11689cd-SNAPSHOT.jar:1.1.0-11689cd-SNAPSHOT]
	at org.apache.ratis.grpc.client.GrpcClientProtocolService$RequestStreamObserver.onNext(GrpcClientProtocolService.java:171) [ratis-grpc-1.1.0-11689cd-SNAPSHOT.jar:1.1.0-11689cd-SNAPSHOT]
	at org.apache.ratis.thirdparty.io.grpc.stub.ServerCalls$StreamingServerCallHandler$StreamingServerCallListener.onMessage(ServerCalls.java:251) [ratis-thirdparty-misc-0.6.0-SNAPSHOT.jar:0.6.0-SNAPSHOT]
	at org.apache.ratis.thirdparty.io.grpc.ForwardingServerCallListener.onMessage(ForwardingServerCallListener.java:33) [ratis-thirdparty-misc-0.6.0-SNAPSHOT.jar:0.6.0-SNAPSHOT]
	at org.apache.ratis.thirdparty.io.grpc.internal.ServerCallImpl$ServerStreamListenerImpl.messagesAvailableInternal(ServerCallImpl.java:309) [ratis-thirdparty-misc-0.6.0-SNAPSHOT.jar:0.6.0-SNAPSHOT]
	at org.apache.ratis.thirdparty.io.grpc.internal.ServerCallImpl$ServerStreamListenerImpl.messagesAvailable(ServerCallImpl.java:292) [ratis-thirdparty-misc-0.6.0-SNAPSHOT.jar:0.6.0-SNAPSHOT]
	at org.apache.ratis.thirdparty.io.grpc.internal.ServerImpl$JumpToApplicationThreadServerStreamListener$1MessagesAvailable.runInContext(ServerImpl.java:783) [ratis-thirdparty-misc-0.6.0-SNAPSHOT.jar:0.6.0-SNAPSHOT]
	at org.apache.ratis.thirdparty.io.grpc.internal.ContextRunnable.run(ContextRunnable.java:37) [ratis-thirdparty-misc-0.6.0-SNAPSHOT.jar:0.6.0-SNAPSHOT]
	at org.apache.ratis.thirdparty.io.grpc.internal.SerializingExecutor.run(SerializingExecutor.java:123) [ratis-thirdparty-misc-0.6.0-SNAPSHOT.jar:0.6.0-SNAPSHOT]
	at java.util.concurrent.ThreadPoolExecutor.runWorker(ThreadPoolExecutor.java:1149) [?:1.8.0_232]
	at java.util.concurrent.ThreadPoolExecutor$Worker.run(ThreadPoolExecutor.java:624) [?:1.8.0_232]
	at java.lang.Thread.run(Thread.java:748) [?:1.8.0_232]
17:32:11.605 [grpc-default-executor-10] ERROR DNAudit - user=null | ip=null | op=PUT_BLOCK {blockData=[blockId=conID: 1 locID: 105221188203577357 bcsId: 0,size=800]} | ret=FAILURE
org.apache.hadoop.hdds.scm.container.common.helpers.ContainerNotOpenException: Container 1 in CLOSING state
	at org.apache.hadoop.ozone.container.common.impl.HddsDispatcher.validateContainerCommand(HddsDispatcher.java:484) ~[hadoop-hdds-container-service-1.1.0-SNAPSHOT.jar:?]
	at org.apache.hadoop.ozone.container.common.transport.server.ratis.ContainerStateMachine.startTransaction(ContainerStateMachine.java:319) ~[hadoop-hdds-container-service-1.1.0-SNAPSHOT.jar:?]
	at org.apache.ratis.server.impl.RaftServerImpl.submitClientRequestAsync(RaftServerImpl.java:684) ~[ratis-server-1.1.0-11689cd-SNAPSHOT.jar:1.1.0-11689cd-SNAPSHOT]
	at org.apache.ratis.server.impl.RaftServerProxy.lambda$submitClientRequestAsync$7(RaftServerProxy.java:341) ~[ratis-server-1.1.0-11689cd-SNAPSHOT.jar:1.1.0-11689cd-SNAPSHOT]
	at org.apache.ratis.server.impl.RaftServerProxy.lambda$null$5(RaftServerProxy.java:336) ~[ratis-server-1.1.0-11689cd-SNAPSHOT.jar:1.1.0-11689cd-SNAPSHOT]
	at org.apache.ratis.util.JavaUtils.callAsUnchecked(JavaUtils.java:109) ~[ratis-common-1.1.0-11689cd-SNAPSHOT.jar:1.1.0-11689cd-SNAPSHOT]
	at org.apache.ratis.server.impl.RaftServerProxy.lambda$submitRequest$6(RaftServerProxy.java:336) ~[ratis-server-1.1.0-11689cd-SNAPSHOT.jar:1.1.0-11689cd-SNAPSHOT]
	at java.util.concurrent.CompletableFuture.uniComposeStage(CompletableFuture.java:995) ~[?:1.8.0_232]
	at java.util.concurrent.CompletableFuture.thenCompose(CompletableFuture.java:2137) ~[?:1.8.0_232]
	at org.apache.ratis.server.impl.RaftServerProxy.submitRequest(RaftServerProxy.java:335) ~[ratis-server-1.1.0-11689cd-SNAPSHOT.jar:1.1.0-11689cd-SNAPSHOT]
	at org.apache.ratis.server.impl.RaftServerProxy.submitClientRequestAsync(RaftServerProxy.java:341) ~[ratis-server-1.1.0-11689cd-SNAPSHOT.jar:1.1.0-11689cd-SNAPSHOT]
	at org.apache.ratis.grpc.client.GrpcClientProtocolService$RequestStreamObserver.processClientRequest(GrpcClientProtocolService.java:228) ~[ratis-grpc-1.1.0-11689cd-SNAPSHOT.jar:1.1.0-11689cd-SNAPSHOT]
	at org.apache.ratis.grpc.client.GrpcClientProtocolService$OrderedRequestStreamObserver.processClientRequest(GrpcClientProtocolService.java:334) ~[ratis-grpc-1.1.0-11689cd-SNAPSHOT.jar:1.1.0-11689cd-SNAPSHOT]
	at org.apache.ratis.util.SlidingWindow$Server.processRequestsFromHead(SlidingWindow.java:429) [ratis-common-1.1.0-11689cd-SNAPSHOT.jar:1.1.0-11689cd-SNAPSHOT]
	at org.apache.ratis.util.SlidingWindow$Server.receivedRequest(SlidingWindow.java:421) [ratis-common-1.1.0-11689cd-SNAPSHOT.jar:1.1.0-11689cd-SNAPSHOT]
	at org.apache.ratis.grpc.client.GrpcClientProtocolService$OrderedRequestStreamObserver.processClientRequest(GrpcClientProtocolService.java:358) [ratis-grpc-1.1.0-11689cd-SNAPSHOT.jar:1.1.0-11689cd-SNAPSHOT]
	at org.apache.ratis.grpc.client.GrpcClientProtocolService$RequestStreamObserver.onNext(GrpcClientProtocolService.java:248) [ratis-grpc-1.1.0-11689cd-SNAPSHOT.jar:1.1.0-11689cd-SNAPSHOT]
	at org.apache.ratis.grpc.client.GrpcClientProtocolService$RequestStreamObserver.onNext(GrpcClientProtocolService.java:171) [ratis-grpc-1.1.0-11689cd-SNAPSHOT.jar:1.1.0-11689cd-SNAPSHOT]
	at org.apache.ratis.thirdparty.io.grpc.stub.ServerCalls$StreamingServerCallHandler$StreamingServerCallListener.onMessage(ServerCalls.java:251) [ratis-thirdparty-misc-0.6.0-SNAPSHOT.jar:0.6.0-SNAPSHOT]
	at org.apache.ratis.thirdparty.io.grpc.ForwardingServerCallListener.onMessage(ForwardingServerCallListener.java:33) [ratis-thirdparty-misc-0.6.0-SNAPSHOT.jar:0.6.0-SNAPSHOT]
	at org.apache.ratis.thirdparty.io.grpc.internal.ServerCallImpl$ServerStreamListenerImpl.messagesAvailableInternal(ServerCallImpl.java:309) [ratis-thirdparty-misc-0.6.0-SNAPSHOT.jar:0.6.0-SNAPSHOT]
	at org.apache.ratis.thirdparty.io.grpc.internal.ServerCallImpl$ServerStreamListenerImpl.messagesAvailable(ServerCallImpl.java:292) [ratis-thirdparty-misc-0.6.0-SNAPSHOT.jar:0.6.0-SNAPSHOT]
	at org.apache.ratis.thirdparty.io.grpc.internal.ServerImpl$JumpToApplicationThreadServerStreamListener$1MessagesAvailable.runInContext(ServerImpl.java:783) [ratis-thirdparty-misc-0.6.0-SNAPSHOT.jar:0.6.0-SNAPSHOT]
	at org.apache.ratis.thirdparty.io.grpc.internal.ContextRunnable.run(ContextRunnable.java:37) [ratis-thirdparty-misc-0.6.0-SNAPSHOT.jar:0.6.0-SNAPSHOT]
	at org.apache.ratis.thirdparty.io.grpc.internal.SerializingExecutor.run(SerializingExecutor.java:123) [ratis-thirdparty-misc-0.6.0-SNAPSHOT.jar:0.6.0-SNAPSHOT]
	at java.util.concurrent.ThreadPoolExecutor.runWorker(ThreadPoolExecutor.java:1149) [?:1.8.0_232]
	at java.util.concurrent.ThreadPoolExecutor$Worker.run(ThreadPoolExecutor.java:624) [?:1.8.0_232]
	at java.lang.Thread.run(Thread.java:748) [?:1.8.0_232]
2020-11-16 17:32:11,612 [grpc-default-executor-10] ERROR storage.BlockOutputStream (BlockOutputStream.java:lambda$writeChunkToContainer$3(677)) - writing chunk failed 105221188203577357_chunk_8 blockID conID: 1 locID: 105221188203577357 bcsId: 14 with exception org.apache.ratis.protocol.exceptions.StateMachineException: org.apache.hadoop.hdds.scm.container.common.helpers.ContainerNotOpenException from Server 756efa00-9886-4f2c-af17-99a3a9dc2153@group-BB1F04BDC3DE: Container 1 in CLOSING state
2020-11-16 17:32:11,615 [grpc-default-executor-10] ERROR storage.BlockOutputStream (BlockOutputStream.java:lambda$writeChunkToContainer$3(677)) - writing chunk failed 105221188203577357_chunk_9 blockID conID: 1 locID: 105221188203577357 bcsId: 14 with exception org.apache.ratis.protocol.exceptions.StateMachineException: org.apache.hadoop.hdds.scm.container.common.helpers.ContainerNotOpenException from Server 756efa00-9886-4f2c-af17-99a3a9dc2153@group-BB1F04BDC3DE: Container 1 in CLOSING state
2020-11-16 17:32:11,624 [Listener at 127.0.0.1/35907] INFO  io.BlockOutputStreamEntryPool (BlockOutputStreamEntryPool.java:allocateNewBlock(241)) - Allocating block with ExcludeList {datanodes = [], containerIds = [#1], pipelineIds = []}
2020-11-16 17:32:11,644 [Listener at 127.0.0.1/35907] INFO  metrics.RatisMetrics (RatisMetrics.java:lambda$create$0(36)) - Creating Metrics Registry : ratis.client_message_metrics.client-79BA115E2DF9->e605e0dd-6a71-4a0a-8796-3643e725e1ee
2020-11-16 17:32:11,886 [Listener at 127.0.0.1/35907] INFO  ozone.MiniOzoneClusterImpl (MiniOzoneClusterImpl.java:shutdown(388)) - Shutting down the Mini Ozone Cluster
2020-11-16 17:32:11,886 [Listener at 127.0.0.1/35907] INFO  ozone.MiniOzoneClusterImpl (MiniOzoneClusterImpl.java:stop(403)) - Stopping the Mini Ozone Cluster
2020-11-16 17:32:11,886 [Listener at 127.0.0.1/35907] INFO  ozone.MiniOzoneClusterImpl (MiniOzoneClusterImpl.java:stopOM(485)) - Stopping the OzoneManager
2020-11-16 17:32:11,887 [Listener at 127.0.0.1/35907] INFO  ipc.Server (Server.java:stop(3359)) - Stopping server on 35907
2020-11-16 17:32:11,891 [IPC Server listener on 0] INFO  ipc.Server (Server.java:run(1330)) - Stopping IPC Server listener on 0
2020-11-16 17:32:11,895 [IPC Server Responder] INFO  ipc.Server (Server.java:run(1465)) - Stopping IPC Server Responder
2020-11-16 17:32:11,895 [Listener at 127.0.0.1/35907] INFO  ratis.OzoneManagerDoubleBuffer (OzoneManagerDoubleBuffer.java:stop(457)) - Stopping OMDoubleBuffer flush thread
2020-11-16 17:32:11,896 [OMDoubleBufferFlushThread] INFO  ratis.OzoneManagerDoubleBuffer (OzoneManagerDoubleBuffer.java:flushTransactions(356)) - OMDoubleBuffer flush thread OMDoubleBufferFlushThread is interrupted and will exit. OMDoubleBufferFlushThread
2020-11-16 17:32:11,896 [Listener at 127.0.0.1/35907] INFO  utils.BackgroundService (BackgroundService.java:shutdown(132)) - Shutting down service KeyDeletingService
2020-11-16 17:32:11,899 [Listener at 127.0.0.1/35907] INFO  handler.ContextHandler (ContextHandler.java:doStop(1154)) - Stopped o.e.j.w.WebAppContext@2c0d056c{ozoneManager,/,null,STOPPED}{file:/github/workspace/mnt/ozone/hadoop-ozone/integration-test/target/test-classes/webapps/ozoneManager}
2020-11-16 17:32:11,899 [Listener at 127.0.0.1/35907] INFO  server.AbstractConnector (AbstractConnector.java:doStop(381)) - Stopped ServerConnector@5e130065{HTTP/1.1, (http/1.1)}{0.0.0.0:0}
2020-11-16 17:32:11,900 [Listener at 127.0.0.1/35907] INFO  server.session (HouseKeeper.java:stopScavenging(149)) - node0 Stopped scavenging
2020-11-16 17:32:11,900 [Listener at 127.0.0.1/35907] INFO  handler.ContextHandler (ContextHandler.java:doStop(1154)) - Stopped o.e.j.s.ServletContextHandler@5dea4334{static,/static,file:///github/workspace/mnt/ozone/hadoop-ozone/integration-test/target/test-classes/webapps/static,STOPPED}
2020-11-16 17:32:11,900 [Listener at 127.0.0.1/35907] INFO  handler.ContextHandler (ContextHandler.java:doStop(1154)) - Stopped o.e.j.s.ServletContextHandler@ef25692{logs,/logs,file:///github/workspace/mnt/ozone/hadoop-ozone/integration-test/target/log,STOPPED}
2020-11-16 17:32:11,903 [Listener at 127.0.0.1/35907] INFO  ozone.MiniOzoneClusterImpl (MiniOzoneClusterImpl.java:stopDatanodes(462)) - Stopping the HddsDatanodes
2020-11-16 17:32:12,408 [Datanode State Machine Thread - 0] INFO  statemachine.DatanodeStateMachine (DatanodeStateMachine.java:lambda$startDaemon$0(406)) - Ozone container server started.
2020-11-16 17:32:12,717 [Datanode State Machine Thread - 0] INFO  statemachine.DatanodeStateMachine (DatanodeStateMachine.java:lambda$startDaemon$0(406)) - Ozone container server started.
2020-11-16 17:32:12,958 [grpc-default-executor-10] WARN  server.GrpcLogAppender (LogUtils.java:warn(122)) - 756efa00-9886-4f2c-af17-99a3a9dc2153@group-BB1F04BDC3DE->cc30a5ad-4207-4291-85e5-33833db84af4-AppendLogResponseHandler: Failed appendEntries: org.apache.ratis.thirdparty.io.grpc.StatusRuntimeException: UNAVAILABLE: io exception
2020-11-16 17:32:12,959 [grpc-default-executor-10] WARN  server.GrpcLogAppender (GrpcLogAppender.java:resetClient(107)) - 756efa00-9886-4f2c-af17-99a3a9dc2153@group-BB1F04BDC3DE->cc30a5ad-4207-4291-85e5-33833db84af4-GrpcLogAppender: Leader has not got in touch with Follower 756efa00-9886-4f2c-af17-99a3a9dc2153@group-BB1F04BDC3DE->cc30a5ad-4207-4291-85e5-33833db84af4(c-1,m0,n19, attendVote=true, lastRpcSendTime=0, lastRpcResponseTime=7749) yet, just keep nextIndex unchanged and retry.
2020-11-16 17:32:13,046 [grpc-default-executor-10] WARN  server.GrpcLogAppender (LogUtils.java:warn(122)) - 756efa00-9886-4f2c-af17-99a3a9dc2153@group-86BCF01837AD->cc30a5ad-4207-4291-85e5-33833db84af4-AppendLogResponseHandler: Failed appendEntries: org.apache.ratis.thirdparty.io.grpc.StatusRuntimeException: UNAVAILABLE: io exception
2020-11-16 17:32:13,047 [grpc-default-executor-10] WARN  server.GrpcLogAppender (GrpcLogAppender.java:resetClient(107)) - 756efa00-9886-4f2c-af17-99a3a9dc2153@group-86BCF01837AD->cc30a5ad-4207-4291-85e5-33833db84af4-GrpcLogAppender: Leader has not got in touch with Follower 756efa00-9886-4f2c-af17-99a3a9dc2153@group-86BCF01837AD->cc30a5ad-4207-4291-85e5-33833db84af4(c-1,m0,n3, attendVote=true, lastRpcSendTime=0, lastRpcResponseTime=12733) yet, just keep nextIndex unchanged and retry.
2020-11-16 17:32:15,459 [grpc-default-executor-10] WARN  server.GrpcLogAppender (LogUtils.java:warn(122)) - 756efa00-9886-4f2c-af17-99a3a9dc2153@group-BB1F04BDC3DE->cc30a5ad-4207-4291-85e5-33833db84af4-AppendLogResponseHandler: Failed appendEntries: org.apache.ratis.thirdparty.io.grpc.StatusRuntimeException: UNAVAILABLE: io exception
2020-11-16 17:32:15,460 [grpc-default-executor-10] WARN  server.GrpcLogAppender (GrpcLogAppender.java:resetClient(107)) - 756efa00-9886-4f2c-af17-99a3a9dc2153@group-BB1F04BDC3DE->cc30a5ad-4207-4291-85e5-33833db84af4-GrpcLogAppender: Leader has not got in touch with Follower 756efa00-9886-4f2c-af17-99a3a9dc2153@group-BB1F04BDC3DE->cc30a5ad-4207-4291-85e5-33833db84af4(c-1,m0,n19, attendVote=true, lastRpcSendTime=0, lastRpcResponseTime=10251) yet, just keep nextIndex unchanged and retry.
2020-11-16 17:32:15,547 [grpc-default-executor-10] WARN  server.GrpcLogAppender (LogUtils.java:warn(122)) - 756efa00-9886-4f2c-af17-99a3a9dc2153@group-86BCF01837AD->cc30a5ad-4207-4291-85e5-33833db84af4-AppendLogResponseHandler: Failed appendEntries: org.apache.ratis.thirdparty.io.grpc.StatusRuntimeException: UNAVAILABLE: io exception
2020-11-16 17:32:15,548 [grpc-default-executor-10] WARN  server.GrpcLogAppender (GrpcLogAppender.java:resetClient(107)) - 756efa00-9886-4f2c-af17-99a3a9dc2153@group-86BCF01837AD->cc30a5ad-4207-4291-85e5-33833db84af4-GrpcLogAppender: Leader has not got in touch with Follower 756efa00-9886-4f2c-af17-99a3a9dc2153@group-86BCF01837AD->cc30a5ad-4207-4291-85e5-33833db84af4(c-1,m0,n3, attendVote=true, lastRpcSendTime=0, lastRpcResponseTime=15234) yet, just keep nextIndex unchanged and retry.
2020-11-16 17:32:15,797 [EventQueue-DeadNodeForDeadNodeHandler] INFO  node.DeadNodeHandler (DeadNodeHandler.java:onMessage(77)) - A dead datanode is detected. cc30a5ad-4207-4291-85e5-33833db84af4{ip: 172.17.0.2, host: 17b325b6a691, networkLocation: /default-rack, certSerialId: null}
2020-11-16 17:32:15,797 [EventQueue-DeadNodeForDeadNodeHandler] INFO  pipeline.SCMPipelineManager (SCMPipelineManager.java:finalizeAndDestroyPipeline(460)) - Destroying pipeline:Pipeline[ Id: fd540625-bf17-4266-a35c-b235807cdcd1, Nodes: cc30a5ad-4207-4291-85e5-33833db84af4{ip: 172.17.0.2, host: 17b325b6a691, networkLocation: /default-rack, certSerialId: null}, Type:RATIS, Factor:ONE, State:CLOSED, leaderId:cc30a5ad-4207-4291-85e5-33833db84af4, CreationTimestamp2020-11-16T17:31:47.111Z]
2020-11-16 17:32:15,798 [EventQueue-DeadNodeForDeadNodeHandler] INFO  pipeline.RatisPipelineProvider (RatisPipelineProvider.java:lambda$close$1(199)) - Send pipeline:PipelineID=fd540625-bf17-4266-a35c-b235807cdcd1 close command to datanode cc30a5ad-4207-4291-85e5-33833db84af4
2020-11-16 17:32:15,798 [EventQueue-DeadNodeForDeadNodeHandler] INFO  pipeline.PipelineStateManager (PipelineStateManager.java:removePipeline(106)) - Pipeline Pipeline[ Id: fd540625-bf17-4266-a35c-b235807cdcd1, Nodes: cc30a5ad-4207-4291-85e5-33833db84af4{ip: 172.17.0.2, host: 17b325b6a691, networkLocation: /default-rack, certSerialId: null}, Type:RATIS, Factor:ONE, State:CLOSED, leaderId:cc30a5ad-4207-4291-85e5-33833db84af4, CreationTimestamp2020-11-16T17:31:47.111Z] removed from db
2020-11-16 17:32:15,799 [EventQueue-DeadNodeForDeadNodeHandler] INFO  pipeline.SCMPipelineManager (SCMPipelineManager.java:finalizeAndDestroyPipeline(460)) - Destroying pipeline:Pipeline[ Id: 24132c28-f07d-4eb2-8506-bb1f04bdc3de, Nodes: cc30a5ad-4207-4291-85e5-33833db84af4{ip: 172.17.0.2, host: 17b325b6a691, networkLocation: /default-rack, certSerialId: null}7ba08779-98dd-4ee1-a6ca-8386ca3b8fbf{ip: 172.17.0.2, host: 17b325b6a691, networkLocation: /default-rack, certSerialId: null}756efa00-9886-4f2c-af17-99a3a9dc2153{ip: 172.17.0.2, host: 17b325b6a691, networkLocation: /default-rack, certSerialId: null}, Type:RATIS, Factor:THREE, State:CLOSED, leaderId:756efa00-9886-4f2c-af17-99a3a9dc2153, CreationTimestamp2020-11-16T17:31:47.466Z]
2020-11-16 17:32:15,799 [RatisPipelineUtilsThread] INFO  pipeline.RatisPipelineProvider (RatisPipelineProvider.java:lambda$create$0(161)) - Sending CreatePipelineCommand for pipeline:PipelineID=5d49b4e9-ed5d-410a-9426-2c2283a33f91 to datanode:6b3f7492-0ca6-4b3b-9a26-869cc0a580f4
2020-11-16 17:32:15,799 [RatisPipelineUtilsThread] INFO  pipeline.RatisPipelineProvider (RatisPipelineProvider.java:lambda$create$0(161)) - Sending CreatePipelineCommand for pipeline:PipelineID=5d49b4e9-ed5d-410a-9426-2c2283a33f91 to datanode:7ba08779-98dd-4ee1-a6ca-8386ca3b8fbf
2020-11-16 17:32:15,799 [RatisPipelineUtilsThread] INFO  pipeline.RatisPipelineProvider (RatisPipelineProvider.java:lambda$create$0(161)) - Sending CreatePipelineCommand for pipeline:PipelineID=5d49b4e9-ed5d-410a-9426-2c2283a33f91 to datanode:756efa00-9886-4f2c-af17-99a3a9dc2153
2020-11-16 17:32:15,800 [RatisPipelineUtilsThread] INFO  pipeline.PipelineStateManager (PipelineStateManager.java:addPipeline(54)) - Created pipeline Pipeline[ Id: 5d49b4e9-ed5d-410a-9426-2c2283a33f91, Nodes: 6b3f7492-0ca6-4b3b-9a26-869cc0a580f4{ip: 172.17.0.2, host: 17b325b6a691, networkLocation: /default-rack, certSerialId: null}7ba08779-98dd-4ee1-a6ca-8386ca3b8fbf{ip: 172.17.0.2, host: 17b325b6a691, networkLocation: /default-rack, certSerialId: null}756efa00-9886-4f2c-af17-99a3a9dc2153{ip: 172.17.0.2, host: 17b325b6a691, networkLocation: /default-rack, certSerialId: null}, Type:RATIS, Factor:THREE, State:ALLOCATED, leaderId:, CreationTimestamp2020-11-16T17:32:15.799Z]
2020-11-16 17:32:15,800 [RatisPipelineUtilsThread] INFO  pipeline.RatisPipelineProvider (RatisPipelineProvider.java:lambda$create$0(161)) - Sending CreatePipelineCommand for pipeline:PipelineID=7a6872e7-5ad5-4718-85f6-eb0438883248 to datanode:6b3f7492-0ca6-4b3b-9a26-869cc0a580f4
2020-11-16 17:32:15,800 [RatisPipelineUtilsThread] INFO  pipeline.RatisPipelineProvider (RatisPipelineProvider.java:lambda$create$0(161)) - Sending CreatePipelineCommand for pipeline:PipelineID=7a6872e7-5ad5-4718-85f6-eb0438883248 to datanode:7ba08779-98dd-4ee1-a6ca-8386ca3b8fbf
2020-11-16 17:32:15,800 [RatisPipelineUtilsThread] INFO  pipeline.RatisPipelineProvider (RatisPipelineProvider.java:lambda$create$0(161)) - Sending CreatePipelineCommand for pipeline:PipelineID=7a6872e7-5ad5-4718-85f6-eb0438883248 to datanode:756efa00-9886-4f2c-af17-99a3a9dc2153
2020-11-16 17:32:15,800 [RatisPipelineUtilsThread] INFO  pipeline.PipelineStateManager (PipelineStateManager.java:addPipeline(54)) - Created pipeline Pipeline[ Id: 7a6872e7-5ad5-4718-85f6-eb0438883248, Nodes: 6b3f7492-0ca6-4b3b-9a26-869cc0a580f4{ip: 172.17.0.2, host: 17b325b6a691, networkLocation: /default-rack, certSerialId: null}7ba08779-98dd-4ee1-a6ca-8386ca3b8fbf{ip: 172.17.0.2, host: 17b325b6a691, networkLocation: /default-rack, certSerialId: null}756efa00-9886-4f2c-af17-99a3a9dc2153{ip: 172.17.0.2, host: 17b325b6a691, networkLocation: /default-rack, certSerialId: null}, Type:RATIS, Factor:THREE, State:ALLOCATED, leaderId:, CreationTimestamp2020-11-16T17:32:15.800Z]
2020-11-16 17:32:15,800 [RatisPipelineUtilsThread] INFO  pipeline.SCMPipelineManager (SCMPipelineManager.java:recordMetricsForPipeline(243)) - Pipeline: PipelineID=7a6872e7-5ad5-4718-85f6-eb0438883248 contains same datanodes as previous pipelines: PipelineID=5d49b4e9-ed5d-410a-9426-2c2283a33f91 nodeIds: 6b3f7492-0ca6-4b3b-9a26-869cc0a580f4, 7ba08779-98dd-4ee1-a6ca-8386ca3b8fbf, 756efa00-9886-4f2c-af17-99a3a9dc2153
2020-11-16 17:32:15,800 [EventQueue-DeadNodeForDeadNodeHandler] INFO  pipeline.RatisPipelineProvider (RatisPipelineProvider.java:lambda$close$1(199)) - Send pipeline:PipelineID=24132c28-f07d-4eb2-8506-bb1f04bdc3de close command to datanode cc30a5ad-4207-4291-85e5-33833db84af4
2020-11-16 17:32:15,801 [EventQueue-DeadNodeForDeadNodeHandler] INFO  pipeline.RatisPipelineProvider (RatisPipelineProvider.java:lambda$close$1(199)) - Send pipeline:PipelineID=24132c28-f07d-4eb2-8506-bb1f04bdc3de close command to datanode 7ba08779-98dd-4ee1-a6ca-8386ca3b8fbf
2020-11-16 17:32:15,801 [EventQueue-DeadNodeForDeadNodeHandler] INFO  pipeline.RatisPipelineProvider (RatisPipelineProvider.java:lambda$close$1(199)) - Send pipeline:PipelineID=24132c28-f07d-4eb2-8506-bb1f04bdc3de close command to datanode 756efa00-9886-4f2c-af17-99a3a9dc2153
2020-11-16 17:32:15,801 [EventQueue-DeadNodeForDeadNodeHandler] INFO  pipeline.PipelineStateManager (PipelineStateManager.java:removePipeline(106)) - Pipeline Pipeline[ Id: 24132c28-f07d-4eb2-8506-bb1f04bdc3de, Nodes: cc30a5ad-4207-4291-85e5-33833db84af4{ip: 172.17.0.2, host: 17b325b6a691, networkLocation: /default-rack, certSerialId: null}7ba08779-98dd-4ee1-a6ca-8386ca3b8fbf{ip: 172.17.0.2, host: 17b325b6a691, networkLocation: /default-rack, certSerialId: null}756efa00-9886-4f2c-af17-99a3a9dc2153{ip: 172.17.0.2, host: 17b325b6a691, networkLocation: /default-rack, certSerialId: null}, Type:RATIS, Factor:THREE, State:CLOSED, leaderId:756efa00-9886-4f2c-af17-99a3a9dc2153, CreationTimestamp2020-11-16T17:31:47.466Z] removed from db
2020-11-16 17:32:15,801 [EventQueue-DeadNodeForDeadNodeHandler] INFO  pipeline.SCMPipelineManager (SCMPipelineManager.java:finalizeAndDestroyPipeline(460)) - Destroying pipeline:Pipeline[ Id: 777897be-e92b-4fe4-a6ef-86bcf01837ad, Nodes: cc30a5ad-4207-4291-85e5-33833db84af4{ip: 172.17.0.2, host: 17b325b6a691, networkLocation: /default-rack, certSerialId: null}7ba08779-98dd-4ee1-a6ca-8386ca3b8fbf{ip: 172.17.0.2, host: 17b325b6a691, networkLocation: /default-rack, certSerialId: null}756efa00-9886-4f2c-af17-99a3a9dc2153{ip: 172.17.0.2, host: 17b325b6a691, networkLocation: /default-rack, certSerialId: null}, Type:RATIS, Factor:THREE, State:CLOSED, leaderId:756efa00-9886-4f2c-af17-99a3a9dc2153, CreationTimestamp2020-11-16T17:31:47.467Z]
2020-11-16 17:32:15,803 [EventQueue-DeadNodeForDeadNodeHandler] INFO  pipeline.RatisPipelineProvider (RatisPipelineProvider.java:lambda$close$1(199)) - Send pipeline:PipelineID=777897be-e92b-4fe4-a6ef-86bcf01837ad close command to datanode cc30a5ad-4207-4291-85e5-33833db84af4
2020-11-16 17:32:15,803 [EventQueue-DeadNodeForDeadNodeHandler] INFO  pipeline.RatisPipelineProvider (RatisPipelineProvider.java:lambda$close$1(199)) - Send pipeline:PipelineID=777897be-e92b-4fe4-a6ef-86bcf01837ad close command to datanode 7ba08779-98dd-4ee1-a6ca-8386ca3b8fbf
2020-11-16 17:32:15,803 [EventQueue-DeadNodeForDeadNodeHandler] INFO  pipeline.RatisPipelineProvider (RatisPipelineProvider.java:lambda$close$1(199)) - Send pipeline:PipelineID=777897be-e92b-4fe4-a6ef-86bcf01837ad close command to datanode 756efa00-9886-4f2c-af17-99a3a9dc2153
2020-11-16 17:32:15,803 [EventQueue-DeadNodeForDeadNodeHandler] INFO  pipeline.PipelineStateManager (PipelineStateManager.java:removePipeline(106)) - Pipeline Pipeline[ Id: 777897be-e92b-4fe4-a6ef-86bcf01837ad, Nodes: cc30a5ad-4207-4291-85e5-33833db84af4{ip: 172.17.0.2, host: 17b325b6a691, networkLocation: /default-rack, certSerialId: null}7ba08779-98dd-4ee1-a6ca-8386ca3b8fbf{ip: 172.17.0.2, host: 17b325b6a691, networkLocation: /default-rack, certSerialId: null}756efa00-9886-4f2c-af17-99a3a9dc2153{ip: 172.17.0.2, host: 17b325b6a691, networkLocation: /default-rack, certSerialId: null}, Type:RATIS, Factor:THREE, State:CLOSED, leaderId:756efa00-9886-4f2c-af17-99a3a9dc2153, CreationTimestamp2020-11-16T17:31:47.467Z] removed from db
2020-11-16 17:32:16,832 [Command processor thread] INFO  impl.RaftServerProxy (RaftServerProxy.java:addNew(92)) - 6b3f7492-0ca6-4b3b-9a26-869cc0a580f4: addNew group-2C2283A33F91:[6b3f7492-0ca6-4b3b-9a26-869cc0a580f4:172.17.0.2:37553:0, 756efa00-9886-4f2c-af17-99a3a9dc2153:172.17.0.2:34565:0, 7ba08779-98dd-4ee1-a6ca-8386ca3b8fbf:172.17.0.2:34067:0] returns group-2C2283A33F91:java.util.concurrent.CompletableFuture@218ab7a7[Not completed]
2020-11-16 17:32:16,832 [pool-735-thread-1] INFO  impl.RaftServerImpl (RaftServerImpl.java:<init>(120)) - 6b3f7492-0ca6-4b3b-9a26-869cc0a580f4: new RaftServerImpl for group-2C2283A33F91:[6b3f7492-0ca6-4b3b-9a26-869cc0a580f4:172.17.0.2:37553:0, 756efa00-9886-4f2c-af17-99a3a9dc2153:172.17.0.2:34565:0, 7ba08779-98dd-4ee1-a6ca-8386ca3b8fbf:172.17.0.2:34067:0] with ContainerStateMachine:uninitialized
2020-11-16 17:32:16,832 [pool-735-thread-1] INFO  server.RaftServerConfigKeys (ConfUtils.java:logGet(44)) - raft.server.rpc.timeout.min = 5s (custom)
2020-11-16 17:32:16,833 [pool-735-thread-1] INFO  server.RaftServerConfigKeys (ConfUtils.java:logGet(44)) - raft.server.rpc.timeout.max = 5200ms (custom)
2020-11-16 17:32:16,833 [pool-735-thread-1] INFO  server.RaftServerConfigKeys (ConfUtils.java:logGet(44)) - raft.server.rpcslowness.timeout = 300000ms (custom)
2020-11-16 17:32:16,833 [pool-735-thread-1] INFO  server.RaftServerConfigKeys (ConfUtils.java:logGet(44)) - raft.server.sleep.deviation.threshold = 300 (default)
2020-11-16 17:32:16,833 [pool-735-thread-1] INFO  server.RaftServerConfigKeys (ConfUtils.java:logGet(44)) - raft.server.log.appender.install.snapshot.enabled = false (custom)
2020-11-16 17:32:16,833 [pool-735-thread-1] INFO  impl.RaftServerImpl (ServerState.java:<init>(104)) - 6b3f7492-0ca6-4b3b-9a26-869cc0a580f4@group-2C2283A33F91: ConfigurationManager, init=-1: [6b3f7492-0ca6-4b3b-9a26-869cc0a580f4:172.17.0.2:37553:0, 756efa00-9886-4f2c-af17-99a3a9dc2153:172.17.0.2:34565:0, 7ba08779-98dd-4ee1-a6ca-8386ca3b8fbf:172.17.0.2:34067:0], old=null, confs=<EMPTY_MAP>
2020-11-16 17:32:16,833 [pool-735-thread-1] INFO  server.RaftServerConfigKeys (ConfUtils.java:logGet(44)) - raft.server.storage.dir = [/github/workspace/mnt/ozone/hadoop-ozone/integration-test/target/test-dir/MiniOzoneClusterImpl-7523e9d5-68c3-40ce-b00f-57fa4c553895/datanode-6/data/ratis] (custom)
2020-11-16 17:32:16,833 [pool-735-thread-1] INFO  server.RaftServerConfigKeys (ConfUtils.java:logGet(44)) - raft.server.log.corruption.policy = EXCEPTION (default)
2020-11-16 17:32:16,833 [pool-735-thread-1] INFO  storage.RaftStorageDirectory (RaftStorageDirectory.java:analyzeStorage(261)) - The storage directory /github/workspace/mnt/ozone/hadoop-ozone/integration-test/target/test-dir/MiniOzoneClusterImpl-7523e9d5-68c3-40ce-b00f-57fa4c553895/datanode-6/data/ratis/5d49b4e9-ed5d-410a-9426-2c2283a33f91 does not exist. Creating ...
2020-11-16 17:32:16,836 [pool-735-thread-1] INFO  storage.RaftStorageDirectory (RaftStorageDirectory.java:tryLock(343)) - Lock on /github/workspace/mnt/ozone/hadoop-ozone/integration-test/target/test-dir/MiniOzoneClusterImpl-7523e9d5-68c3-40ce-b00f-57fa4c553895/datanode-6/data/ratis/5d49b4e9-ed5d-410a-9426-2c2283a33f91/in_use.lock acquired by nodename 814@17b325b6a691
2020-11-16 17:32:16,837 [pool-735-thread-1] INFO  storage.RaftStorage (RaftStorage.java:format(84)) - Storage directory /github/workspace/mnt/ozone/hadoop-ozone/integration-test/target/test-dir/MiniOzoneClusterImpl-7523e9d5-68c3-40ce-b00f-57fa4c553895/datanode-6/data/ratis/5d49b4e9-ed5d-410a-9426-2c2283a33f91 has been successfully formatted.
2020-11-16 17:32:16,837 [pool-735-thread-1] INFO  ratis.ContainerStateMachine (ContainerStateMachine.java:loadSnapshot(225)) - group-2C2283A33F91: The snapshot info is null. Setting the last applied indexto:(t:0, i:~)
2020-11-16 17:32:16,837 [pool-735-thread-1] INFO  server.RaftServerConfigKeys (ConfUtils.java:logGet(44)) - raft.server.notification.no-leader.timeout = 300000ms (custom)
2020-11-16 17:32:16,837 [pool-735-thread-1] INFO  server.RaftServerConfigKeys (ConfUtils.java:logGet(44)) - raft.server.log.use.memory = false (default)
2020-11-16 17:32:16,837 [pool-735-thread-1] INFO  server.RaftServerConfigKeys (ConfUtils.java:logGet(44)) - raft.server.log.purge.gap = 1000000 (custom)
2020-11-16 17:32:16,837 [pool-735-thread-1] INFO  metrics.RatisMetrics (RatisMetrics.java:lambda$create$0(36)) - Creating Metrics Registry : ratis.log_worker.6b3f7492-0ca6-4b3b-9a26-869cc0a580f4@group-2C2283A33F91
2020-11-16 17:32:16,837 [pool-735-thread-1] INFO  server.RaftServerConfigKeys (ConfUtils.java:logGet(44)) - raft.server.log.appender.buffer.byte-limit = 33554432 (custom)
2020-11-16 17:32:16,838 [pool-735-thread-1] INFO  server.RaftServerConfigKeys (ConfUtils.java:logGet(44)) - raft.server.log.segment.size.max = 1048576 (custom)
2020-11-16 17:32:16,838 [pool-735-thread-1] INFO  server.RaftServerConfigKeys (ConfUtils.java:logGet(44)) - raft.server.log.segment.cache.num.max = 2 (custom)
2020-11-16 17:32:16,838 [pool-735-thread-1] INFO  segmented.SegmentedRaftLogWorker (SegmentedRaftLogWorker.java:<init>(180)) - new 6b3f7492-0ca6-4b3b-9a26-869cc0a580f4@group-2C2283A33F91-SegmentedRaftLogWorker for RaftStorage:Storage Directory /github/workspace/mnt/ozone/hadoop-ozone/integration-test/target/test-dir/MiniOzoneClusterImpl-7523e9d5-68c3-40ce-b00f-57fa4c553895/datanode-6/data/ratis/5d49b4e9-ed5d-410a-9426-2c2283a33f91
2020-11-16 17:32:16,838 [pool-735-thread-1] INFO  server.RaftServerConfigKeys (ConfUtils.java:logGet(44)) - raft.server.log.queue.byte-limit = 2147483647 (custom)
2020-11-16 17:32:16,838 [pool-735-thread-1] INFO  server.RaftServerConfigKeys (ConfUtils.java:logGet(44)) - raft.server.log.queue.element-limit = 1024 (custom)
2020-11-16 17:32:16,838 [pool-735-thread-1] INFO  server.RaftServerConfigKeys (ConfUtils.java:logGet(44)) - raft.server.log.segment.size.max = 1048576 (custom)
2020-11-16 17:32:16,838 [pool-735-thread-1] INFO  server.RaftServerConfigKeys (ConfUtils.java:logGet(44)) - raft.server.log.preallocated.size = 16384 (custom)
2020-11-16 17:32:16,839 [pool-735-thread-1] INFO  server.RaftServerConfigKeys (ConfUtils.java:logGet(44)) - raft.server.log.write.buffer.size = 1048576 (custom)
2020-11-16 17:32:16,839 [pool-735-thread-1] INFO  server.RaftServerConfigKeys (ConfUtils.java:logGet(44)) - raft.server.log.force.sync.num = 128 (default)
2020-11-16 17:32:16,839 [pool-735-thread-1] INFO  server.RaftServerConfigKeys (ConfUtils.java:logGet(44)) - raft.server.log.statemachine.data.sync = true (default)
2020-11-16 17:32:16,839 [pool-735-thread-1] INFO  server.RaftServerConfigKeys (ConfUtils.java:logGet(44)) - raft.server.log.statemachine.data.sync.timeout = 10s (default)
2020-11-16 17:32:16,839 [pool-735-thread-1] INFO  server.RaftServerConfigKeys (ConfUtils.java:logGet(44)) - raft.server.log.statemachine.data.sync.timeout.retry = -1 (default)
2020-11-16 17:32:16,841 [pool-735-thread-1] INFO  server.RaftServerConfigKeys (ConfUtils.java:logGet(44)) - raft.server.log.statemachine.data.caching.enabled = true (custom)
2020-11-16 17:32:16,841 [pool-735-thread-1] INFO  segmented.SegmentedRaftLogWorker (SegmentedRaftLogWorker.java:lambda$new$0(129)) - 6b3f7492-0ca6-4b3b-9a26-869cc0a580f4@group-2C2283A33F91-SegmentedRaftLogWorker: flushIndex: setUnconditionally 0 -> -1
2020-11-16 17:32:16,841 [pool-735-thread-1] INFO  segmented.SegmentedRaftLogWorker (SegmentedRaftLogWorker.java:lambda$new$0(129)) - 6b3f7492-0ca6-4b3b-9a26-869cc0a580f4@group-2C2283A33F91-SegmentedRaftLogWorker: safeCacheEvictIndex: setUnconditionally 0 -> -1
2020-11-16 17:32:16,842 [pool-735-thread-1] INFO  server.RaftServerConfigKeys (ConfUtils.java:logGet(44)) - raft.server.snapshot.auto.trigger.enabled = true (custom)
2020-11-16 17:32:16,842 [pool-735-thread-1] INFO  server.RaftServerConfigKeys (ConfUtils.java:logGet(44)) - raft.server.snapshot.auto.trigger.threshold = 10000 (custom)
2020-11-16 17:32:16,842 [pool-735-thread-1] INFO  server.RaftServerConfigKeys (ConfUtils.java:logGet(44)) - raft.server.snapshot.retention.file.num = 5 (custom)
2020-11-16 17:32:16,842 [pool-735-thread-1] INFO  server.RaftServerConfigKeys (ConfUtils.java:logGet(44)) - raft.server.log.purge.upto.snapshot.index = false (default)
2020-11-16 17:32:16,842 [pool-735-thread-1] INFO  server.RaftServerConfigKeys (ConfUtils.java:logGet(44)) - raft.server.retrycache.expirytime = 600000ms (custom)
2020-11-16 17:32:16,842 [pool-735-thread-1] INFO  metrics.RatisMetrics (RatisMetrics.java:lambda$create$0(36)) - Creating Metrics Registry : ratis.leader_election.6b3f7492-0ca6-4b3b-9a26-869cc0a580f4@group-2C2283A33F91
2020-11-16 17:32:16,843 [pool-735-thread-1] INFO  metrics.RatisMetrics (RatisMetrics.java:lambda$create$0(36)) - Creating Metrics Registry : ratis.server.6b3f7492-0ca6-4b3b-9a26-869cc0a580f4@group-2C2283A33F91
2020-11-16 17:32:16,845 [pool-735-thread-1] INFO  impl.RaftServerImpl (RaftServerImpl.java:start(209)) - 6b3f7492-0ca6-4b3b-9a26-869cc0a580f4@group-2C2283A33F91: start as a follower, conf=-1: [6b3f7492-0ca6-4b3b-9a26-869cc0a580f4:172.17.0.2:37553:0, 756efa00-9886-4f2c-af17-99a3a9dc2153:172.17.0.2:34565:0, 7ba08779-98dd-4ee1-a6ca-8386ca3b8fbf:172.17.0.2:34067:0], old=null
2020-11-16 17:32:16,845 [pool-735-thread-1] INFO  impl.RaftServerImpl (RaftServerImpl.java:setRole(198)) - 6b3f7492-0ca6-4b3b-9a26-869cc0a580f4@group-2C2283A33F91: changes role from      null to FOLLOWER at term 0 for startAsFollower
2020-11-16 17:32:16,845 [pool-735-thread-1] INFO  impl.RoleInfo (RoleInfo.java:updateAndGet(143)) - 6b3f7492-0ca6-4b3b-9a26-869cc0a580f4: start FollowerState
2020-11-16 17:32:16,849 [pool-735-thread-1] INFO  util.JmxRegister (JmxRegister.java:tryRegister(44)) - Successfully registered JMX Bean with object name Ratis:service=RaftServer,group=group-2C2283A33F91,id=6b3f7492-0ca6-4b3b-9a26-869cc0a580f4
2020-11-16 17:32:16,849 [pool-735-thread-1] INFO  metrics.RatisMetrics (RatisMetrics.java:lambda$create$0(36)) - Creating Metrics Registry : ratis.state_machine.6b3f7492-0ca6-4b3b-9a26-869cc0a580f4@group-2C2283A33F91
2020-11-16 17:32:16,853 [Command processor thread] INFO  metrics.RatisMetrics (RatisMetrics.java:lambda$create$0(36)) - Creating Metrics Registry : ratis.client_message_metrics.client-E882F9F9E3A7->7ba08779-98dd-4ee1-a6ca-8386ca3b8fbf
2020-11-16 17:32:16,859 [grpc-default-executor-6] INFO  impl.RaftServerProxy (RaftServerProxy.java:addNew(92)) - 7ba08779-98dd-4ee1-a6ca-8386ca3b8fbf: addNew group-2C2283A33F91:[6b3f7492-0ca6-4b3b-9a26-869cc0a580f4:172.17.0.2:37553:0, 756efa00-9886-4f2c-af17-99a3a9dc2153:172.17.0.2:34565:0, 7ba08779-98dd-4ee1-a6ca-8386ca3b8fbf:172.17.0.2:34067:0] returns group-2C2283A33F91:java.util.concurrent.CompletableFuture@1f1304c[Not completed]
2020-11-16 17:32:16,860 [pool-719-thread-1] INFO  impl.RaftServerImpl (RaftServerImpl.java:<init>(120)) - 7ba08779-98dd-4ee1-a6ca-8386ca3b8fbf: new RaftServerImpl for group-2C2283A33F91:[6b3f7492-0ca6-4b3b-9a26-869cc0a580f4:172.17.0.2:37553:0, 756efa00-9886-4f2c-af17-99a3a9dc2153:172.17.0.2:34565:0, 7ba08779-98dd-4ee1-a6ca-8386ca3b8fbf:172.17.0.2:34067:0] with ContainerStateMachine:uninitialized
2020-11-16 17:32:16,860 [pool-719-thread-1] INFO  server.RaftServerConfigKeys (ConfUtils.java:logGet(44)) - raft.server.rpc.timeout.min = 5s (custom)
2020-11-16 17:32:16,860 [pool-719-thread-1] INFO  server.RaftServerConfigKeys (ConfUtils.java:logGet(44)) - raft.server.rpc.timeout.max = 5200ms (custom)
2020-11-16 17:32:16,860 [pool-719-thread-1] INFO  server.RaftServerConfigKeys (ConfUtils.java:logGet(44)) - raft.server.rpcslowness.timeout = 300000ms (custom)
2020-11-16 17:32:16,860 [pool-719-thread-1] INFO  server.RaftServerConfigKeys (ConfUtils.java:logGet(44)) - raft.server.sleep.deviation.threshold = 300 (default)
2020-11-16 17:32:16,860 [pool-719-thread-1] INFO  server.RaftServerConfigKeys (ConfUtils.java:logGet(44)) - raft.server.log.appender.install.snapshot.enabled = false (custom)
2020-11-16 17:32:16,860 [pool-719-thread-1] INFO  impl.RaftServerImpl (ServerState.java:<init>(104)) - 7ba08779-98dd-4ee1-a6ca-8386ca3b8fbf@group-2C2283A33F91: ConfigurationManager, init=-1: [6b3f7492-0ca6-4b3b-9a26-869cc0a580f4:172.17.0.2:37553:0, 756efa00-9886-4f2c-af17-99a3a9dc2153:172.17.0.2:34565:0, 7ba08779-98dd-4ee1-a6ca-8386ca3b8fbf:172.17.0.2:34067:0], old=null, confs=<EMPTY_MAP>
2020-11-16 17:32:16,860 [pool-719-thread-1] INFO  server.RaftServerConfigKeys (ConfUtils.java:logGet(44)) - raft.server.storage.dir = [/github/workspace/mnt/ozone/hadoop-ozone/integration-test/target/test-dir/MiniOzoneClusterImpl-7523e9d5-68c3-40ce-b00f-57fa4c553895/datanode-5/data/ratis] (custom)
2020-11-16 17:32:16,860 [pool-719-thread-1] INFO  server.RaftServerConfigKeys (ConfUtils.java:logGet(44)) - raft.server.log.corruption.policy = EXCEPTION (default)
2020-11-16 17:32:16,860 [pool-719-thread-1] INFO  storage.RaftStorageDirectory (RaftStorageDirectory.java:analyzeStorage(261)) - The storage directory /github/workspace/mnt/ozone/hadoop-ozone/integration-test/target/test-dir/MiniOzoneClusterImpl-7523e9d5-68c3-40ce-b00f-57fa4c553895/datanode-5/data/ratis/5d49b4e9-ed5d-410a-9426-2c2283a33f91 does not exist. Creating ...
2020-11-16 17:32:16,862 [pool-719-thread-1] INFO  storage.RaftStorageDirectory (RaftStorageDirectory.java:tryLock(343)) - Lock on /github/workspace/mnt/ozone/hadoop-ozone/integration-test/target/test-dir/MiniOzoneClusterImpl-7523e9d5-68c3-40ce-b00f-57fa4c553895/datanode-5/data/ratis/5d49b4e9-ed5d-410a-9426-2c2283a33f91/in_use.lock acquired by nodename 814@17b325b6a691
2020-11-16 17:32:16,863 [pool-719-thread-1] INFO  storage.RaftStorage (RaftStorage.java:format(84)) - Storage directory /github/workspace/mnt/ozone/hadoop-ozone/integration-test/target/test-dir/MiniOzoneClusterImpl-7523e9d5-68c3-40ce-b00f-57fa4c553895/datanode-5/data/ratis/5d49b4e9-ed5d-410a-9426-2c2283a33f91 has been successfully formatted.
2020-11-16 17:32:16,864 [pool-719-thread-1] INFO  ratis.ContainerStateMachine (ContainerStateMachine.java:loadSnapshot(225)) - group-2C2283A33F91: The snapshot info is null. Setting the last applied indexto:(t:0, i:~)
2020-11-16 17:32:16,864 [pool-719-thread-1] INFO  server.RaftServerConfigKeys (ConfUtils.java:logGet(44)) - raft.server.notification.no-leader.timeout = 300000ms (custom)
2020-11-16 17:32:16,864 [pool-719-thread-1] INFO  server.RaftServerConfigKeys (ConfUtils.java:logGet(44)) - raft.server.log.use.memory = false (default)
2020-11-16 17:32:16,864 [pool-719-thread-1] INFO  server.RaftServerConfigKeys (ConfUtils.java:logGet(44)) - raft.server.log.purge.gap = 1000000 (custom)
2020-11-16 17:32:16,864 [pool-719-thread-1] INFO  metrics.RatisMetrics (RatisMetrics.java:lambda$create$0(36)) - Creating Metrics Registry : ratis.log_worker.7ba08779-98dd-4ee1-a6ca-8386ca3b8fbf@group-2C2283A33F91
2020-11-16 17:32:16,864 [pool-719-thread-1] INFO  server.RaftServerConfigKeys (ConfUtils.java:logGet(44)) - raft.server.log.appender.buffer.byte-limit = 33554432 (custom)
2020-11-16 17:32:16,864 [pool-719-thread-1] INFO  server.RaftServerConfigKeys (ConfUtils.java:logGet(44)) - raft.server.log.segment.size.max = 1048576 (custom)
2020-11-16 17:32:16,865 [pool-719-thread-1] INFO  server.RaftServerConfigKeys (ConfUtils.java:logGet(44)) - raft.server.log.segment.cache.num.max = 2 (custom)
2020-11-16 17:32:16,865 [pool-719-thread-1] INFO  segmented.SegmentedRaftLogWorker (SegmentedRaftLogWorker.java:<init>(180)) - new 7ba08779-98dd-4ee1-a6ca-8386ca3b8fbf@group-2C2283A33F91-SegmentedRaftLogWorker for RaftStorage:Storage Directory /github/workspace/mnt/ozone/hadoop-ozone/integration-test/target/test-dir/MiniOzoneClusterImpl-7523e9d5-68c3-40ce-b00f-57fa4c553895/datanode-5/data/ratis/5d49b4e9-ed5d-410a-9426-2c2283a33f91
2020-11-16 17:32:16,866 [pool-719-thread-1] INFO  server.RaftServerConfigKeys (ConfUtils.java:logGet(44)) - raft.server.log.queue.byte-limit = 2147483647 (custom)
2020-11-16 17:32:16,866 [pool-719-thread-1] INFO  server.RaftServerConfigKeys (ConfUtils.java:logGet(44)) - raft.server.log.queue.element-limit = 1024 (custom)
2020-11-16 17:32:16,866 [pool-719-thread-1] INFO  server.RaftServerConfigKeys (ConfUtils.java:logGet(44)) - raft.server.log.segment.size.max = 1048576 (custom)
2020-11-16 17:32:16,866 [pool-719-thread-1] INFO  server.RaftServerConfigKeys (ConfUtils.java:logGet(44)) - raft.server.log.preallocated.size = 16384 (custom)
2020-11-16 17:32:16,866 [pool-719-thread-1] INFO  server.RaftServerConfigKeys (ConfUtils.java:logGet(44)) - raft.server.log.write.buffer.size = 1048576 (custom)
2020-11-16 17:32:16,866 [pool-719-thread-1] INFO  server.RaftServerConfigKeys (ConfUtils.java:logGet(44)) - raft.server.log.force.sync.num = 128 (default)
2020-11-16 17:32:16,866 [pool-719-thread-1] INFO  server.RaftServerConfigKeys (ConfUtils.java:logGet(44)) - raft.server.log.statemachine.data.sync = true (default)
2020-11-16 17:32:16,866 [pool-719-thread-1] INFO  server.RaftServerConfigKeys (ConfUtils.java:logGet(44)) - raft.server.log.statemachine.data.sync.timeout = 10s (default)
2020-11-16 17:32:16,866 [pool-719-thread-1] INFO  server.RaftServerConfigKeys (ConfUtils.java:logGet(44)) - raft.server.log.statemachine.data.sync.timeout.retry = -1 (default)
2020-11-16 17:32:16,869 [pool-719-thread-1] INFO  server.RaftServerConfigKeys (ConfUtils.java:logGet(44)) - raft.server.log.statemachine.data.caching.enabled = true (custom)
2020-11-16 17:32:16,869 [pool-719-thread-1] INFO  segmented.SegmentedRaftLogWorker (SegmentedRaftLogWorker.java:lambda$new$0(129)) - 7ba08779-98dd-4ee1-a6ca-8386ca3b8fbf@group-2C2283A33F91-SegmentedRaftLogWorker: flushIndex: setUnconditionally 0 -> -1
2020-11-16 17:32:16,869 [pool-719-thread-1] INFO  segmented.SegmentedRaftLogWorker (SegmentedRaftLogWorker.java:lambda$new$0(129)) - 7ba08779-98dd-4ee1-a6ca-8386ca3b8fbf@group-2C2283A33F91-SegmentedRaftLogWorker: safeCacheEvictIndex: setUnconditionally 0 -> -1
2020-11-16 17:32:16,874 [pool-719-thread-1] INFO  server.RaftServerConfigKeys (ConfUtils.java:logGet(44)) - raft.server.snapshot.auto.trigger.enabled = true (custom)
2020-11-16 17:32:16,874 [pool-719-thread-1] INFO  server.RaftServerConfigKeys (ConfUtils.java:logGet(44)) - raft.server.snapshot.auto.trigger.threshold = 10000 (custom)
2020-11-16 17:32:16,874 [pool-719-thread-1] INFO  server.RaftServerConfigKeys (ConfUtils.java:logGet(44)) - raft.server.snapshot.retention.file.num = 5 (custom)
2020-11-16 17:32:16,874 [pool-719-thread-1] INFO  server.RaftServerConfigKeys (ConfUtils.java:logGet(44)) - raft.server.log.purge.upto.snapshot.index = false (default)
2020-11-16 17:32:16,874 [pool-719-thread-1] INFO  server.RaftServerConfigKeys (ConfUtils.java:logGet(44)) - raft.server.retrycache.expirytime = 600000ms (custom)
2020-11-16 17:32:16,874 [pool-719-thread-1] INFO  metrics.RatisMetrics (RatisMetrics.java:lambda$create$0(36)) - Creating Metrics Registry : ratis.leader_election.7ba08779-98dd-4ee1-a6ca-8386ca3b8fbf@group-2C2283A33F91
2020-11-16 17:32:16,875 [pool-719-thread-1] INFO  metrics.RatisMetrics (RatisMetrics.java:lambda$create$0(36)) - Creating Metrics Registry : ratis.server.7ba08779-98dd-4ee1-a6ca-8386ca3b8fbf@group-2C2283A33F91
2020-11-16 17:32:16,876 [pool-719-thread-1] INFO  impl.RaftServerImpl (RaftServerImpl.java:start(209)) - 7ba08779-98dd-4ee1-a6ca-8386ca3b8fbf@group-2C2283A33F91: start as a follower, conf=-1: [6b3f7492-0ca6-4b3b-9a26-869cc0a580f4:172.17.0.2:37553:0, 756efa00-9886-4f2c-af17-99a3a9dc2153:172.17.0.2:34565:0, 7ba08779-98dd-4ee1-a6ca-8386ca3b8fbf:172.17.0.2:34067:0], old=null
2020-11-16 17:32:16,876 [pool-719-thread-1] INFO  impl.RaftServerImpl (RaftServerImpl.java:setRole(198)) - 7ba08779-98dd-4ee1-a6ca-8386ca3b8fbf@group-2C2283A33F91: changes role from      null to FOLLOWER at term 0 for startAsFollower
2020-11-16 17:32:16,877 [pool-719-thread-1] INFO  impl.RoleInfo (RoleInfo.java:updateAndGet(143)) - 7ba08779-98dd-4ee1-a6ca-8386ca3b8fbf: start FollowerState
2020-11-16 17:32:16,877 [pool-719-thread-1] INFO  util.JmxRegister (JmxRegister.java:tryRegister(44)) - Successfully registered JMX Bean with object name Ratis:service=RaftServer,group=group-2C2283A33F91,id=7ba08779-98dd-4ee1-a6ca-8386ca3b8fbf
2020-11-16 17:32:16,877 [pool-719-thread-1] INFO  metrics.RatisMetrics (RatisMetrics.java:lambda$create$0(36)) - Creating Metrics Registry : ratis.state_machine.7ba08779-98dd-4ee1-a6ca-8386ca3b8fbf@group-2C2283A33F91
2020-11-16 17:32:16,884 [Command processor thread] INFO  metrics.RatisMetrics (RatisMetrics.java:lambda$create$0(36)) - Creating Metrics Registry : ratis.client_message_metrics.client-BCED3701E32F->756efa00-9886-4f2c-af17-99a3a9dc2153
2020-11-16 17:32:16,889 [grpc-default-executor-6] INFO  impl.RaftServerProxy (RaftServerProxy.java:addNew(92)) - 756efa00-9886-4f2c-af17-99a3a9dc2153: addNew group-2C2283A33F91:[6b3f7492-0ca6-4b3b-9a26-869cc0a580f4:172.17.0.2:37553:0, 756efa00-9886-4f2c-af17-99a3a9dc2153:172.17.0.2:34565:0, 7ba08779-98dd-4ee1-a6ca-8386ca3b8fbf:172.17.0.2:34067:0] returns group-2C2283A33F91:java.util.concurrent.CompletableFuture@6a6801ea[Not completed]
2020-11-16 17:32:16,890 [pool-703-thread-1] INFO  impl.RaftServerImpl (RaftServerImpl.java:<init>(120)) - 756efa00-9886-4f2c-af17-99a3a9dc2153: new RaftServerImpl for group-2C2283A33F91:[6b3f7492-0ca6-4b3b-9a26-869cc0a580f4:172.17.0.2:37553:0, 756efa00-9886-4f2c-af17-99a3a9dc2153:172.17.0.2:34565:0, 7ba08779-98dd-4ee1-a6ca-8386ca3b8fbf:172.17.0.2:34067:0] with ContainerStateMachine:uninitialized
2020-11-16 17:32:16,890 [pool-703-thread-1] INFO  server.RaftServerConfigKeys (ConfUtils.java:logGet(44)) - raft.server.rpc.timeout.min = 5s (custom)
2020-11-16 17:32:16,890 [pool-703-thread-1] INFO  server.RaftServerConfigKeys (ConfUtils.java:logGet(44)) - raft.server.rpc.timeout.max = 5200ms (custom)
2020-11-16 17:32:16,890 [pool-703-thread-1] INFO  server.RaftServerConfigKeys (ConfUtils.java:logGet(44)) - raft.server.rpcslowness.timeout = 300000ms (custom)
2020-11-16 17:32:16,890 [pool-703-thread-1] INFO  server.RaftServerConfigKeys (ConfUtils.java:logGet(44)) - raft.server.sleep.deviation.threshold = 300 (default)
2020-11-16 17:32:16,890 [pool-703-thread-1] INFO  server.RaftServerConfigKeys (ConfUtils.java:logGet(44)) - raft.server.log.appender.install.snapshot.enabled = false (custom)
2020-11-16 17:32:16,890 [pool-703-thread-1] INFO  impl.RaftServerImpl (ServerState.java:<init>(104)) - 756efa00-9886-4f2c-af17-99a3a9dc2153@group-2C2283A33F91: ConfigurationManager, init=-1: [6b3f7492-0ca6-4b3b-9a26-869cc0a580f4:172.17.0.2:37553:0, 756efa00-9886-4f2c-af17-99a3a9dc2153:172.17.0.2:34565:0, 7ba08779-98dd-4ee1-a6ca-8386ca3b8fbf:172.17.0.2:34067:0], old=null, confs=<EMPTY_MAP>
2020-11-16 17:32:16,890 [pool-703-thread-1] INFO  server.RaftServerConfigKeys (ConfUtils.java:logGet(44)) - raft.server.storage.dir = [/github/workspace/mnt/ozone/hadoop-ozone/integration-test/target/test-dir/MiniOzoneClusterImpl-7523e9d5-68c3-40ce-b00f-57fa4c553895/datanode-4/data/ratis] (custom)
2020-11-16 17:32:16,890 [pool-703-thread-1] INFO  server.RaftServerConfigKeys (ConfUtils.java:logGet(44)) - raft.server.log.corruption.policy = EXCEPTION (default)
2020-11-16 17:32:16,890 [pool-703-thread-1] INFO  storage.RaftStorageDirectory (RaftStorageDirectory.java:analyzeStorage(261)) - The storage directory /github/workspace/mnt/ozone/hadoop-ozone/integration-test/target/test-dir/MiniOzoneClusterImpl-7523e9d5-68c3-40ce-b00f-57fa4c553895/datanode-4/data/ratis/5d49b4e9-ed5d-410a-9426-2c2283a33f91 does not exist. Creating ...
2020-11-16 17:32:16,892 [pool-703-thread-1] INFO  storage.RaftStorageDirectory (RaftStorageDirectory.java:tryLock(343)) - Lock on /github/workspace/mnt/ozone/hadoop-ozone/integration-test/target/test-dir/MiniOzoneClusterImpl-7523e9d5-68c3-40ce-b00f-57fa4c553895/datanode-4/data/ratis/5d49b4e9-ed5d-410a-9426-2c2283a33f91/in_use.lock acquired by nodename 814@17b325b6a691
2020-11-16 17:32:16,893 [pool-703-thread-1] INFO  storage.RaftStorage (RaftStorage.java:format(84)) - Storage directory /github/workspace/mnt/ozone/hadoop-ozone/integration-test/target/test-dir/MiniOzoneClusterImpl-7523e9d5-68c3-40ce-b00f-57fa4c553895/datanode-4/data/ratis/5d49b4e9-ed5d-410a-9426-2c2283a33f91 has been successfully formatted.
2020-11-16 17:32:16,893 [pool-703-thread-1] INFO  ratis.ContainerStateMachine (ContainerStateMachine.java:loadSnapshot(225)) - group-2C2283A33F91: The snapshot info is null. Setting the last applied indexto:(t:0, i:~)
2020-11-16 17:32:16,893 [pool-703-thread-1] INFO  server.RaftServerConfigKeys (ConfUtils.java:logGet(44)) - raft.server.notification.no-leader.timeout = 300000ms (custom)
2020-11-16 17:32:16,893 [pool-703-thread-1] INFO  server.RaftServerConfigKeys (ConfUtils.java:logGet(44)) - raft.server.log.use.memory = false (default)
2020-11-16 17:32:16,893 [pool-703-thread-1] INFO  server.RaftServerConfigKeys (ConfUtils.java:logGet(44)) - raft.server.log.purge.gap = 1000000 (custom)
2020-11-16 17:32:16,893 [pool-703-thread-1] INFO  metrics.RatisMetrics (RatisMetrics.java:lambda$create$0(36)) - Creating Metrics Registry : ratis.log_worker.756efa00-9886-4f2c-af17-99a3a9dc2153@group-2C2283A33F91
2020-11-16 17:32:16,894 [pool-703-thread-1] INFO  server.RaftServerConfigKeys (ConfUtils.java:logGet(44)) - raft.server.log.appender.buffer.byte-limit = 33554432 (custom)
2020-11-16 17:32:16,894 [pool-703-thread-1] INFO  server.RaftServerConfigKeys (ConfUtils.java:logGet(44)) - raft.server.log.segment.size.max = 1048576 (custom)
2020-11-16 17:32:16,894 [pool-703-thread-1] INFO  server.RaftServerConfigKeys (ConfUtils.java:logGet(44)) - raft.server.log.segment.cache.num.max = 2 (custom)
2020-11-16 17:32:16,895 [pool-703-thread-1] INFO  segmented.SegmentedRaftLogWorker (SegmentedRaftLogWorker.java:<init>(180)) - new 756efa00-9886-4f2c-af17-99a3a9dc2153@group-2C2283A33F91-SegmentedRaftLogWorker for RaftStorage:Storage Directory /github/workspace/mnt/ozone/hadoop-ozone/integration-test/target/test-dir/MiniOzoneClusterImpl-7523e9d5-68c3-40ce-b00f-57fa4c553895/datanode-4/data/ratis/5d49b4e9-ed5d-410a-9426-2c2283a33f91
2020-11-16 17:32:16,895 [pool-703-thread-1] INFO  server.RaftServerConfigKeys (ConfUtils.java:logGet(44)) - raft.server.log.queue.byte-limit = 2147483647 (custom)
2020-11-16 17:32:16,895 [pool-703-thread-1] INFO  server.RaftServerConfigKeys (ConfUtils.java:logGet(44)) - raft.server.log.queue.element-limit = 1024 (custom)
2020-11-16 17:32:16,895 [pool-703-thread-1] INFO  server.RaftServerConfigKeys (ConfUtils.java:logGet(44)) - raft.server.log.segment.size.max = 1048576 (custom)
2020-11-16 17:32:16,895 [pool-703-thread-1] INFO  server.RaftServerConfigKeys (ConfUtils.java:logGet(44)) - raft.server.log.preallocated.size = 16384 (custom)
2020-11-16 17:32:16,895 [pool-703-thread-1] INFO  server.RaftServerConfigKeys (ConfUtils.java:logGet(44)) - raft.server.log.write.buffer.size = 1048576 (custom)
2020-11-16 17:32:16,895 [pool-703-thread-1] INFO  server.RaftServerConfigKeys (ConfUtils.java:logGet(44)) - raft.server.log.force.sync.num = 128 (default)
2020-11-16 17:32:16,895 [pool-703-thread-1] INFO  server.RaftServerConfigKeys (ConfUtils.java:logGet(44)) - raft.server.log.statemachine.data.sync = true (default)
2020-11-16 17:32:16,895 [pool-703-thread-1] INFO  server.RaftServerConfigKeys (ConfUtils.java:logGet(44)) - raft.server.log.statemachine.data.sync.timeout = 10s (default)
2020-11-16 17:32:16,895 [pool-703-thread-1] INFO  server.RaftServerConfigKeys (ConfUtils.java:logGet(44)) - raft.server.log.statemachine.data.sync.timeout.retry = -1 (default)
2020-11-16 17:32:16,897 [pool-703-thread-1] INFO  server.RaftServerConfigKeys (ConfUtils.java:logGet(44)) - raft.server.log.statemachine.data.caching.enabled = true (custom)
2020-11-16 17:32:16,897 [pool-703-thread-1] INFO  segmented.SegmentedRaftLogWorker (SegmentedRaftLogWorker.java:lambda$new$0(129)) - 756efa00-9886-4f2c-af17-99a3a9dc2153@group-2C2283A33F91-SegmentedRaftLogWorker: flushIndex: setUnconditionally 0 -> -1
2020-11-16 17:32:16,897 [pool-703-thread-1] INFO  segmented.SegmentedRaftLogWorker (SegmentedRaftLogWorker.java:lambda$new$0(129)) - 756efa00-9886-4f2c-af17-99a3a9dc2153@group-2C2283A33F91-SegmentedRaftLogWorker: safeCacheEvictIndex: setUnconditionally 0 -> -1
2020-11-16 17:32:16,898 [pool-703-thread-1] INFO  server.RaftServerConfigKeys (ConfUtils.java:logGet(44)) - raft.server.snapshot.auto.trigger.enabled = true (custom)
2020-11-16 17:32:16,898 [pool-703-thread-1] INFO  server.RaftServerConfigKeys (ConfUtils.java:logGet(44)) - raft.server.snapshot.auto.trigger.threshold = 10000 (custom)
2020-11-16 17:32:16,898 [pool-703-thread-1] INFO  server.RaftServerConfigKeys (ConfUtils.java:logGet(44)) - raft.server.snapshot.retention.file.num = 5 (custom)
2020-11-16 17:32:16,898 [pool-703-thread-1] INFO  server.RaftServerConfigKeys (ConfUtils.java:logGet(44)) - raft.server.log.purge.upto.snapshot.index = false (default)
2020-11-16 17:32:16,898 [pool-703-thread-1] INFO  server.RaftServerConfigKeys (ConfUtils.java:logGet(44)) - raft.server.retrycache.expirytime = 600000ms (custom)
2020-11-16 17:32:16,898 [pool-703-thread-1] INFO  metrics.RatisMetrics (RatisMetrics.java:lambda$create$0(36)) - Creating Metrics Registry : ratis.leader_election.756efa00-9886-4f2c-af17-99a3a9dc2153@group-2C2283A33F91
2020-11-16 17:32:16,899 [pool-703-thread-1] INFO  metrics.RatisMetrics (RatisMetrics.java:lambda$create$0(36)) - Creating Metrics Registry : ratis.server.756efa00-9886-4f2c-af17-99a3a9dc2153@group-2C2283A33F91
2020-11-16 17:32:16,900 [pool-703-thread-1] INFO  impl.RaftServerImpl (RaftServerImpl.java:start(209)) - 756efa00-9886-4f2c-af17-99a3a9dc2153@group-2C2283A33F91: start as a follower, conf=-1: [6b3f7492-0ca6-4b3b-9a26-869cc0a580f4:172.17.0.2:37553:0, 756efa00-9886-4f2c-af17-99a3a9dc2153:172.17.0.2:34565:0, 7ba08779-98dd-4ee1-a6ca-8386ca3b8fbf:172.17.0.2:34067:0], old=null
2020-11-16 17:32:16,900 [pool-703-thread-1] INFO  impl.RaftServerImpl (RaftServerImpl.java:setRole(198)) - 756efa00-9886-4f2c-af17-99a3a9dc2153@group-2C2283A33F91: changes role from      null to FOLLOWER at term 0 for startAsFollower
2020-11-16 17:32:16,901 [pool-703-thread-1] INFO  impl.RoleInfo (RoleInfo.java:updateAndGet(143)) - 756efa00-9886-4f2c-af17-99a3a9dc2153: start FollowerState
2020-11-16 17:32:16,901 [pool-703-thread-1] INFO  util.JmxRegister (JmxRegister.java:tryRegister(44)) - Successfully registered JMX Bean with object name Ratis:service=RaftServer,group=group-2C2283A33F91,id=756efa00-9886-4f2c-af17-99a3a9dc2153
2020-11-16 17:32:16,901 [pool-703-thread-1] INFO  metrics.RatisMetrics (RatisMetrics.java:lambda$create$0(36)) - Creating Metrics Registry : ratis.state_machine.756efa00-9886-4f2c-af17-99a3a9dc2153@group-2C2283A33F91
2020-11-16 17:32:16,904 [Listener at 127.0.0.1/35907] INFO  ozoneimpl.OzoneContainer (OzoneContainer.java:stop(259)) - Attempting to stop container services.
2020-11-16 17:32:16,904 [ForkJoinPool.commonPool-worker-0] INFO  ozoneimpl.OzoneContainer (OzoneContainer.java:stop(259)) - Attempting to stop container services.
2020-11-16 17:32:16,905 [Listener at 127.0.0.1/35907] INFO  impl.RaftServerProxy (RaftServerProxy.java:lambda$close$4(322)) - 756efa00-9886-4f2c-af17-99a3a9dc2153: close
2020-11-16 17:32:16,905 [Listener at 127.0.0.1/35907] INFO  impl.RaftServerImpl (RaftServerImpl.java:lambda$shutdown$3(321)) - 756efa00-9886-4f2c-af17-99a3a9dc2153@group-2C2283A33F91: shutdown
2020-11-16 17:32:16,905 [Listener at 127.0.0.1/35907] INFO  util.JmxRegister (JmxRegister.java:unregister(73)) - Successfully un-registered JMX Bean with object name Ratis:service=RaftServer,group=group-2C2283A33F91,id=756efa00-9886-4f2c-af17-99a3a9dc2153
2020-11-16 17:32:16,905 [Listener at 127.0.0.1/35907] INFO  impl.RoleInfo (RoleInfo.java:shutdownFollowerState(121)) - 756efa00-9886-4f2c-af17-99a3a9dc2153: shutdown FollowerState
2020-11-16 17:32:16,906 [Listener at 127.0.0.1/35907] INFO  impl.StateMachineUpdater (StateMachineUpdater.java:stopAndJoin(142)) - 756efa00-9886-4f2c-af17-99a3a9dc2153@group-2C2283A33F91-StateMachineUpdater: set stopIndex = -1
2020-11-16 17:32:16,906 [Thread-2800] INFO  impl.FollowerState (FollowerState.java:run(117)) - 756efa00-9886-4f2c-af17-99a3a9dc2153@group-2C2283A33F91-FollowerState was interrupted: java.lang.InterruptedException: sleep interrupted
2020-11-16 17:32:16,906 [ForkJoinPool.commonPool-worker-0] INFO  impl.RaftServerProxy (RaftServerProxy.java:lambda$close$4(322)) - fbf3a64f-640b-4b02-ae41-dab4aff0d596: close
2020-11-16 17:32:16,906 [ForkJoinPool.commonPool-worker-0] INFO  impl.RaftServerImpl (RaftServerImpl.java:lambda$shutdown$3(321)) - fbf3a64f-640b-4b02-ae41-dab4aff0d596@group-7ACBF0F3979A: shutdown
2020-11-16 17:32:16,906 [ForkJoinPool.commonPool-worker-0] INFO  util.JmxRegister (JmxRegister.java:unregister(73)) - Successfully un-registered JMX Bean with object name Ratis:service=RaftServer,group=group-7ACBF0F3979A,id=fbf3a64f-640b-4b02-ae41-dab4aff0d596
2020-11-16 17:32:16,906 [ForkJoinPool.commonPool-worker-0] INFO  impl.RoleInfo (RoleInfo.java:shutdownLeaderState(104)) - fbf3a64f-640b-4b02-ae41-dab4aff0d596: shutdown LeaderState
2020-11-16 17:32:16,906 [ForkJoinPool.commonPool-worker-0] INFO  metrics.RatisMetrics (RatisMetrics.java:unregister(43)) - Unregistering Metrics Registry : ratis_grpc.log_appender.fbf3a64f-640b-4b02-ae41-dab4aff0d596@group-7ACBF0F3979A
2020-11-16 17:32:16,907 [ForkJoinPool.commonPool-worker-0] INFO  metrics.RatisMetrics (RatisMetrics.java:unregister(43)) - Unregistering Metrics Registry : ratis_grpc.log_appender.fbf3a64f-640b-4b02-ae41-dab4aff0d596@group-7ACBF0F3979A
2020-11-16 17:32:16,907 [org.apache.ratis.server.impl.LogAppender$AppenderDaemon$$Lambda$490/1020907110@603bbc15] WARN  server.GrpcLogAppender (GrpcLogAppender.java:mayWait(168)) - fbf3a64f-640b-4b02-ae41-dab4aff0d596@group-7ACBF0F3979A->e605e0dd-6a71-4a0a-8796-3643e725e1ee-GrpcLogAppender: Wait interrupted by java.lang.InterruptedException
2020-11-16 17:32:16,907 [org.apache.ratis.server.impl.LogAppender$AppenderDaemon$$Lambda$490/1020907110@33fff98e] WARN  server.GrpcLogAppender (GrpcLogAppender.java:mayWait(168)) - fbf3a64f-640b-4b02-ae41-dab4aff0d596@group-7ACBF0F3979A->40c7d372-b34a-46f9-a435-b3894c66894a-GrpcLogAppender: Wait interrupted by java.lang.InterruptedException
2020-11-16 17:32:16,908 [grpc-default-executor-6] INFO  server.GrpcServerProtocolService (GrpcServerProtocolService.java:onCompleted(138)) - e605e0dd-6a71-4a0a-8796-3643e725e1ee: Completed APPEND_ENTRIES, lastRequest: fbf3a64f-640b-4b02-ae41-dab4aff0d596->e605e0dd-6a71-4a0a-8796-3643e725e1ee#1-t1, previous=(t:0, i:0), leaderCommit=0, initializing? false, entries: size=1, first=(t:1, i:0), CONFIGURATIONENTRY
2020-11-16 17:32:16,907 [ForkJoinPool.commonPool-worker-0] INFO  impl.PendingRequests (PendingRequests.java:sendNotLeaderResponses(249)) - fbf3a64f-640b-4b02-ae41-dab4aff0d596@group-7ACBF0F3979A-PendingRequests: sendNotLeaderResponses
2020-11-16 17:32:16,908 [ForkJoinPool.commonPool-worker-0] INFO  metrics.RatisMetrics (RatisMetrics.java:unregister(43)) - Unregistering Metrics Registry : ratis.log_appender.fbf3a64f-640b-4b02-ae41-dab4aff0d596@group-7ACBF0F3979A
2020-11-16 17:32:16,908 [ForkJoinPool.commonPool-worker-0] INFO  metrics.RatisMetrics (RatisMetrics.java:unregister(43)) - Unregistering Metrics Registry : ratis.server.fbf3a64f-640b-4b02-ae41-dab4aff0d596@group-7ACBF0F3979A
2020-11-16 17:32:16,909 [ForkJoinPool.commonPool-worker-0] INFO  impl.StateMachineUpdater (StateMachineUpdater.java:stopAndJoin(142)) - fbf3a64f-640b-4b02-ae41-dab4aff0d596@group-7ACBF0F3979A-StateMachineUpdater: set stopIndex = 0
2020-11-16 17:32:16,910 [fbf3a64f-640b-4b02-ae41-dab4aff0d596@group-7ACBF0F3979A-StateMachineUpdater] INFO  ratis.ContainerStateMachine (ContainerStateMachine.java:takeSnapshot(293)) - group-7ACBF0F3979A: Taking a snapshot at:(t:1, i:0) file /github/workspace/mnt/ozone/hadoop-ozone/integration-test/target/test-dir/MiniOzoneClusterImpl-7523e9d5-68c3-40ce-b00f-57fa4c553895/datanode-1/data/ratis/3fc48667-3dd6-4ded-99d3-7acbf0f3979a/sm/snapshot.1_0
2020-11-16 17:32:16,908 [grpc-default-executor-10] INFO  server.GrpcServerProtocolService (GrpcServerProtocolService.java:onCompleted(138)) - 40c7d372-b34a-46f9-a435-b3894c66894a: Completed APPEND_ENTRIES, lastRequest: fbf3a64f-640b-4b02-ae41-dab4aff0d596->40c7d372-b34a-46f9-a435-b3894c66894a#1-t1, previous=(t:0, i:0), leaderCommit=0, initializing? false, entries: size=1, first=(t:1, i:0), CONFIGURATIONENTRY
2020-11-16 17:32:16,910 [grpc-default-executor-10] INFO  server.GrpcLogAppender (GrpcLogAppender.java:onCompleted(336)) - fbf3a64f-640b-4b02-ae41-dab4aff0d596@group-7ACBF0F3979A->40c7d372-b34a-46f9-a435-b3894c66894a-AppendLogResponseHandler: follower responses appendEntries COMPLETED
2020-11-16 17:32:16,910 [fbf3a64f-640b-4b02-ae41-dab4aff0d596@group-7ACBF0F3979A-StateMachineUpdater] INFO  ratis.ContainerStateMachine (ContainerStateMachine.java:takeSnapshot(304)) - group-7ACBF0F3979A: Finished taking a snapshot at:(t:1, i:0) file:/github/workspace/mnt/ozone/hadoop-ozone/integration-test/target/test-dir/MiniOzoneClusterImpl-7523e9d5-68c3-40ce-b00f-57fa4c553895/datanode-1/data/ratis/3fc48667-3dd6-4ded-99d3-7acbf0f3979a/sm/snapshot.1_0 time:1
2020-11-16 17:32:16,911 [fbf3a64f-640b-4b02-ae41-dab4aff0d596@group-7ACBF0F3979A-StateMachineUpdater] INFO  impl.StateMachineUpdater (StateMachineUpdater.java:takeSnapshot(277)) - fbf3a64f-640b-4b02-ae41-dab4aff0d596@group-7ACBF0F3979A-StateMachineUpdater: Took a snapshot at index 0
2020-11-16 17:32:16,911 [grpc-default-executor-10] INFO  impl.FollowerInfo (FollowerInfo.java:lambda$new$0(51)) - fbf3a64f-640b-4b02-ae41-dab4aff0d596@group-7ACBF0F3979A->40c7d372-b34a-46f9-a435-b3894c66894a: nextIndex: updateUnconditionally 1 -> 0
2020-11-16 17:32:16,911 [fbf3a64f-640b-4b02-ae41-dab4aff0d596@group-7ACBF0F3979A-StateMachineUpdater] INFO  impl.StateMachineUpdater (StateMachineUpdater.java:lambda$new$0(87)) - fbf3a64f-640b-4b02-ae41-dab4aff0d596@group-7ACBF0F3979A-StateMachineUpdater: snapshotIndex: updateIncreasingly -1 -> 0
2020-11-16 17:32:16,911 [grpc-default-executor-11] INFO  server.GrpcLogAppender (GrpcLogAppender.java:onCompleted(336)) - fbf3a64f-640b-4b02-ae41-dab4aff0d596@group-7ACBF0F3979A->e605e0dd-6a71-4a0a-8796-3643e725e1ee-AppendLogResponseHandler: follower responses appendEntries COMPLETED
2020-11-16 17:32:16,911 [grpc-default-executor-11] INFO  impl.FollowerInfo (FollowerInfo.java:lambda$new$0(51)) - fbf3a64f-640b-4b02-ae41-dab4aff0d596@group-7ACBF0F3979A->e605e0dd-6a71-4a0a-8796-3643e725e1ee: nextIndex: updateUnconditionally 1 -> 0
2020-11-16 17:32:16,911 [fbf3a64f-640b-4b02-ae41-dab4aff0d596@group-7ACBF0F3979A-StateMachineUpdater] INFO  metrics.RatisMetrics (RatisMetrics.java:unregister(43)) - Unregistering Metrics Registry : ratis.state_machine.fbf3a64f-640b-4b02-ae41-dab4aff0d596@group-7ACBF0F3979A
2020-11-16 17:32:16,911 [756efa00-9886-4f2c-af17-99a3a9dc2153@group-2C2283A33F91-StateMachineUpdater] INFO  metrics.RatisMetrics (RatisMetrics.java:unregister(43)) - Unregistering Metrics Registry : ratis.state_machine.756efa00-9886-4f2c-af17-99a3a9dc2153@group-2C2283A33F91
2020-11-16 17:32:16,911 [Listener at 127.0.0.1/35907] INFO  impl.RaftServerImpl (ServerState.java:close(405)) - 756efa00-9886-4f2c-af17-99a3a9dc2153@group-2C2283A33F91: closes. applyIndex: -1
2020-11-16 17:32:16,912 [756efa00-9886-4f2c-af17-99a3a9dc2153@group-2C2283A33F91-SegmentedRaftLogWorker] INFO  segmented.SegmentedRaftLogWorker (SegmentedRaftLogWorker.java:run(327)) - 756efa00-9886-4f2c-af17-99a3a9dc2153@group-2C2283A33F91-SegmentedRaftLogWorker was interrupted, exiting. There are 0 tasks remaining in the queue.
2020-11-16 17:32:16,912 [Listener at 127.0.0.1/35907] INFO  segmented.SegmentedRaftLogWorker (SegmentedRaftLogWorker.java:close(234)) - 756efa00-9886-4f2c-af17-99a3a9dc2153@group-2C2283A33F91-SegmentedRaftLogWorker close()
2020-11-16 17:32:16,913 [Listener at 127.0.0.1/35907] INFO  metrics.RatisMetrics (RatisMetrics.java:unregister(43)) - Unregistering Metrics Registry : ratis.log_worker.756efa00-9886-4f2c-af17-99a3a9dc2153@group-2C2283A33F91
2020-11-16 17:32:16,913 [Listener at 127.0.0.1/35907] INFO  metrics.RatisMetrics (RatisMetrics.java:unregister(43)) - Unregistering Metrics Registry : ratis.leader_election.756efa00-9886-4f2c-af17-99a3a9dc2153@group-2C2283A33F91
2020-11-16 17:32:16,913 [Listener at 127.0.0.1/35907] INFO  metrics.RatisMetrics (RatisMetrics.java:unregister(43)) - Unregistering Metrics Registry : ratis.server.756efa00-9886-4f2c-af17-99a3a9dc2153@group-2C2283A33F91
2020-11-16 17:32:16,913 [Listener at 127.0.0.1/35907] INFO  impl.RaftServerImpl (RaftServerImpl.java:lambda$shutdown$3(321)) - 756efa00-9886-4f2c-af17-99a3a9dc2153@group-9B79DC36F9F9: shutdown
2020-11-16 17:32:16,913 [Listener at 127.0.0.1/35907] INFO  util.JmxRegister (JmxRegister.java:unregister(73)) - Successfully un-registered JMX Bean with object name Ratis:service=RaftServer,group=group-9B79DC36F9F9,id=756efa00-9886-4f2c-af17-99a3a9dc2153
2020-11-16 17:32:16,913 [Listener at 127.0.0.1/35907] INFO  impl.RoleInfo (RoleInfo.java:shutdownLeaderState(104)) - 756efa00-9886-4f2c-af17-99a3a9dc2153: shutdown LeaderState
2020-11-16 17:32:16,914 [Listener at 127.0.0.1/35907] INFO  impl.PendingRequests (PendingRequests.java:sendNotLeaderResponses(249)) - 756efa00-9886-4f2c-af17-99a3a9dc2153@group-9B79DC36F9F9-PendingRequests: sendNotLeaderResponses
2020-11-16 17:32:16,915 [Listener at 127.0.0.1/35907] INFO  metrics.RatisMetrics (RatisMetrics.java:unregister(43)) - Unregistering Metrics Registry : ratis.log_appender.756efa00-9886-4f2c-af17-99a3a9dc2153@group-9B79DC36F9F9
2020-11-16 17:32:16,915 [Listener at 127.0.0.1/35907] INFO  metrics.RatisMetrics (RatisMetrics.java:unregister(43)) - Unregistering Metrics Registry : ratis.server.756efa00-9886-4f2c-af17-99a3a9dc2153@group-9B79DC36F9F9
2020-11-16 17:32:16,916 [ForkJoinPool.commonPool-worker-0] INFO  impl.RaftServerImpl (ServerState.java:close(405)) - fbf3a64f-640b-4b02-ae41-dab4aff0d596@group-7ACBF0F3979A: closes. applyIndex: 0
2020-11-16 17:32:16,916 [fbf3a64f-640b-4b02-ae41-dab4aff0d596@group-7ACBF0F3979A-SegmentedRaftLogWorker] INFO  segmented.SegmentedRaftLogWorker (SegmentedRaftLogWorker.java:run(327)) - fbf3a64f-640b-4b02-ae41-dab4aff0d596@group-7ACBF0F3979A-SegmentedRaftLogWorker was interrupted, exiting. There are 0 tasks remaining in the queue.
2020-11-16 17:32:16,923 [Listener at 127.0.0.1/35907] INFO  impl.StateMachineUpdater (StateMachineUpdater.java:stopAndJoin(142)) - 756efa00-9886-4f2c-af17-99a3a9dc2153@group-9B79DC36F9F9-StateMachineUpdater: set stopIndex = 0
2020-11-16 17:32:16,923 [756efa00-9886-4f2c-af17-99a3a9dc2153@group-9B79DC36F9F9-StateMachineUpdater] INFO  ratis.ContainerStateMachine (ContainerStateMachine.java:takeSnapshot(293)) - group-9B79DC36F9F9: Taking a snapshot at:(t:1, i:0) file /github/workspace/mnt/ozone/hadoop-ozone/integration-test/target/test-dir/MiniOzoneClusterImpl-7523e9d5-68c3-40ce-b00f-57fa4c553895/datanode-4/data/ratis/c125322b-8cc9-44a0-8599-9b79dc36f9f9/sm/snapshot.1_0
2020-11-16 17:32:16,923 [ForkJoinPool.commonPool-worker-0] INFO  segmented.SegmentedRaftLogWorker (SegmentedRaftLogWorker.java:close(234)) - fbf3a64f-640b-4b02-ae41-dab4aff0d596@group-7ACBF0F3979A-SegmentedRaftLogWorker close()
2020-11-16 17:32:16,924 [756efa00-9886-4f2c-af17-99a3a9dc2153@group-9B79DC36F9F9-StateMachineUpdater] INFO  ratis.ContainerStateMachine (ContainerStateMachine.java:takeSnapshot(304)) - group-9B79DC36F9F9: Finished taking a snapshot at:(t:1, i:0) file:/github/workspace/mnt/ozone/hadoop-ozone/integration-test/target/test-dir/MiniOzoneClusterImpl-7523e9d5-68c3-40ce-b00f-57fa4c553895/datanode-4/data/ratis/c125322b-8cc9-44a0-8599-9b79dc36f9f9/sm/snapshot.1_0 time:1
2020-11-16 17:32:16,924 [ForkJoinPool.commonPool-worker-0] INFO  metrics.RatisMetrics (RatisMetrics.java:unregister(43)) - Unregistering Metrics Registry : ratis.log_worker.fbf3a64f-640b-4b02-ae41-dab4aff0d596@group-7ACBF0F3979A
2020-11-16 17:32:16,925 [756efa00-9886-4f2c-af17-99a3a9dc2153@group-9B79DC36F9F9-StateMachineUpdater] INFO  impl.StateMachineUpdater (StateMachineUpdater.java:takeSnapshot(277)) - 756efa00-9886-4f2c-af17-99a3a9dc2153@group-9B79DC36F9F9-StateMachineUpdater: Took a snapshot at index 0
2020-11-16 17:32:16,925 [756efa00-9886-4f2c-af17-99a3a9dc2153@group-9B79DC36F9F9-StateMachineUpdater] INFO  impl.StateMachineUpdater (StateMachineUpdater.java:lambda$new$0(87)) - 756efa00-9886-4f2c-af17-99a3a9dc2153@group-9B79DC36F9F9-StateMachineUpdater: snapshotIndex: updateIncreasingly -1 -> 0
2020-11-16 17:32:16,925 [ForkJoinPool.commonPool-worker-0] INFO  metrics.RatisMetrics (RatisMetrics.java:unregister(43)) - Unregistering Metrics Registry : ratis.leader_election.fbf3a64f-640b-4b02-ae41-dab4aff0d596@group-7ACBF0F3979A
2020-11-16 17:32:16,925 [ForkJoinPool.commonPool-worker-0] INFO  metrics.RatisMetrics (RatisMetrics.java:unregister(43)) - Unregistering Metrics Registry : ratis.server.fbf3a64f-640b-4b02-ae41-dab4aff0d596@group-7ACBF0F3979A
2020-11-16 17:32:16,925 [ForkJoinPool.commonPool-worker-0] INFO  impl.RaftServerImpl (RaftServerImpl.java:lambda$shutdown$3(321)) - fbf3a64f-640b-4b02-ae41-dab4aff0d596@group-959388351DEA: shutdown
2020-11-16 17:32:16,925 [ForkJoinPool.commonPool-worker-0] INFO  util.JmxRegister (JmxRegister.java:unregister(73)) - Successfully un-registered JMX Bean with object name Ratis:service=RaftServer,group=group-959388351DEA,id=fbf3a64f-640b-4b02-ae41-dab4aff0d596
2020-11-16 17:32:16,925 [ForkJoinPool.commonPool-worker-0] INFO  impl.RoleInfo (RoleInfo.java:shutdownFollowerState(121)) - fbf3a64f-640b-4b02-ae41-dab4aff0d596: shutdown FollowerState
2020-11-16 17:32:16,925 [ForkJoinPool.commonPool-worker-0] INFO  impl.StateMachineUpdater (StateMachineUpdater.java:stopAndJoin(142)) - fbf3a64f-640b-4b02-ae41-dab4aff0d596@group-959388351DEA-StateMachineUpdater: set stopIndex = 18
2020-11-16 17:32:16,925 [Thread-2566] INFO  impl.FollowerState (FollowerState.java:run(117)) - fbf3a64f-640b-4b02-ae41-dab4aff0d596@group-959388351DEA-FollowerState was interrupted: java.lang.InterruptedException: sleep interrupted
2020-11-16 17:32:16,926 [fbf3a64f-640b-4b02-ae41-dab4aff0d596@group-959388351DEA-StateMachineUpdater] INFO  ratis.ContainerStateMachine (ContainerStateMachine.java:takeSnapshot(293)) - group-959388351DEA: Taking a snapshot at:(t:1, i:18) file /github/workspace/mnt/ozone/hadoop-ozone/integration-test/target/test-dir/MiniOzoneClusterImpl-7523e9d5-68c3-40ce-b00f-57fa4c553895/datanode-1/data/ratis/99cad37b-94ef-4ee5-80fa-959388351dea/sm/snapshot.1_18
2020-11-16 17:32:16,925 [756efa00-9886-4f2c-af17-99a3a9dc2153@group-9B79DC36F9F9-StateMachineUpdater] INFO  metrics.RatisMetrics (RatisMetrics.java:unregister(43)) - Unregistering Metrics Registry : ratis.state_machine.756efa00-9886-4f2c-af17-99a3a9dc2153@group-9B79DC36F9F9
2020-11-16 17:32:16,926 [Listener at 127.0.0.1/35907] INFO  impl.RaftServerImpl (ServerState.java:close(405)) - 756efa00-9886-4f2c-af17-99a3a9dc2153@group-9B79DC36F9F9: closes. applyIndex: 0
2020-11-16 17:32:16,927 [756efa00-9886-4f2c-af17-99a3a9dc2153@group-9B79DC36F9F9-SegmentedRaftLogWorker] INFO  segmented.SegmentedRaftLogWorker (SegmentedRaftLogWorker.java:run(327)) - 756efa00-9886-4f2c-af17-99a3a9dc2153@group-9B79DC36F9F9-SegmentedRaftLogWorker was interrupted, exiting. There are 0 tasks remaining in the queue.
2020-11-16 17:32:16,927 [fbf3a64f-640b-4b02-ae41-dab4aff0d596@group-959388351DEA-StateMachineUpdater] INFO  ratis.ContainerStateMachine (ContainerStateMachine.java:takeSnapshot(304)) - group-959388351DEA: Finished taking a snapshot at:(t:1, i:18) file:/github/workspace/mnt/ozone/hadoop-ozone/integration-test/target/test-dir/MiniOzoneClusterImpl-7523e9d5-68c3-40ce-b00f-57fa4c553895/datanode-1/data/ratis/99cad37b-94ef-4ee5-80fa-959388351dea/sm/snapshot.1_18 time:2
2020-11-16 17:32:16,927 [fbf3a64f-640b-4b02-ae41-dab4aff0d596@group-959388351DEA-StateMachineUpdater] INFO  impl.StateMachineUpdater (StateMachineUpdater.java:takeSnapshot(277)) - fbf3a64f-640b-4b02-ae41-dab4aff0d596@group-959388351DEA-StateMachineUpdater: Took a snapshot at index 18
2020-11-16 17:32:16,927 [fbf3a64f-640b-4b02-ae41-dab4aff0d596@group-959388351DEA-StateMachineUpdater] INFO  impl.StateMachineUpdater (StateMachineUpdater.java:lambda$new$0(87)) - fbf3a64f-640b-4b02-ae41-dab4aff0d596@group-959388351DEA-StateMachineUpdater: snapshotIndex: updateIncreasingly -1 -> 18
2020-11-16 17:32:16,927 [fbf3a64f-640b-4b02-ae41-dab4aff0d596@group-959388351DEA-StateMachineUpdater] INFO  metrics.RatisMetrics (RatisMetrics.java:unregister(43)) - Unregistering Metrics Registry : ratis.state_machine.fbf3a64f-640b-4b02-ae41-dab4aff0d596@group-959388351DEA
2020-11-16 17:32:16,928 [ForkJoinPool.commonPool-worker-0] INFO  impl.RaftServerImpl (ServerState.java:close(405)) - fbf3a64f-640b-4b02-ae41-dab4aff0d596@group-959388351DEA: closes. applyIndex: 18
2020-11-16 17:32:16,928 [fbf3a64f-640b-4b02-ae41-dab4aff0d596@group-959388351DEA-SegmentedRaftLogWorker] INFO  segmented.SegmentedRaftLogWorker (SegmentedRaftLogWorker.java:run(327)) - fbf3a64f-640b-4b02-ae41-dab4aff0d596@group-959388351DEA-SegmentedRaftLogWorker was interrupted, exiting. There are 0 tasks remaining in the queue.
2020-11-16 17:32:16,928 [ForkJoinPool.commonPool-worker-0] INFO  segmented.SegmentedRaftLogWorker (SegmentedRaftLogWorker.java:close(234)) - fbf3a64f-640b-4b02-ae41-dab4aff0d596@group-959388351DEA-SegmentedRaftLogWorker close()
2020-11-16 17:32:16,929 [Listener at 127.0.0.1/35907] INFO  segmented.SegmentedRaftLogWorker (SegmentedRaftLogWorker.java:close(234)) - 756efa00-9886-4f2c-af17-99a3a9dc2153@group-9B79DC36F9F9-SegmentedRaftLogWorker close()
2020-11-16 17:32:16,929 [ForkJoinPool.commonPool-worker-0] INFO  metrics.RatisMetrics (RatisMetrics.java:unregister(43)) - Unregistering Metrics Registry : ratis.log_worker.fbf3a64f-640b-4b02-ae41-dab4aff0d596@group-959388351DEA
2020-11-16 17:32:16,929 [ForkJoinPool.commonPool-worker-0] INFO  metrics.RatisMetrics (RatisMetrics.java:unregister(43)) - Unregistering Metrics Registry : ratis.leader_election.fbf3a64f-640b-4b02-ae41-dab4aff0d596@group-959388351DEA
2020-11-16 17:32:16,930 [ForkJoinPool.commonPool-worker-0] INFO  metrics.RatisMetrics (RatisMetrics.java:unregister(43)) - Unregistering Metrics Registry : ratis.server.fbf3a64f-640b-4b02-ae41-dab4aff0d596@group-959388351DEA
2020-11-16 17:32:16,930 [ForkJoinPool.commonPool-worker-0] INFO  impl.RaftServerImpl (RaftServerImpl.java:lambda$shutdown$3(321)) - fbf3a64f-640b-4b02-ae41-dab4aff0d596@group-4C905D290142: shutdown
2020-11-16 17:32:16,930 [ForkJoinPool.commonPool-worker-0] INFO  util.JmxRegister (JmxRegister.java:unregister(73)) - Successfully un-registered JMX Bean with object name Ratis:service=RaftServer,group=group-4C905D290142,id=fbf3a64f-640b-4b02-ae41-dab4aff0d596
2020-11-16 17:32:16,930 [ForkJoinPool.commonPool-worker-0] INFO  impl.RoleInfo (RoleInfo.java:shutdownLeaderState(104)) - fbf3a64f-640b-4b02-ae41-dab4aff0d596: shutdown LeaderState
2020-11-16 17:32:16,930 [ForkJoinPool.commonPool-worker-0] INFO  impl.PendingRequests (PendingRequests.java:sendNotLeaderResponses(249)) - fbf3a64f-640b-4b02-ae41-dab4aff0d596@group-4C905D290142-PendingRequests: sendNotLeaderResponses
2020-11-16 17:32:16,930 [ForkJoinPool.commonPool-worker-0] INFO  metrics.RatisMetrics (RatisMetrics.java:unregister(43)) - Unregistering Metrics Registry : ratis.log_appender.fbf3a64f-640b-4b02-ae41-dab4aff0d596@group-4C905D290142
2020-11-16 17:32:16,930 [ForkJoinPool.commonPool-worker-0] INFO  metrics.RatisMetrics (RatisMetrics.java:unregister(43)) - Unregistering Metrics Registry : ratis.server.fbf3a64f-640b-4b02-ae41-dab4aff0d596@group-4C905D290142
2020-11-16 17:32:16,931 [Listener at 127.0.0.1/35907] INFO  metrics.RatisMetrics (RatisMetrics.java:unregister(43)) - Unregistering Metrics Registry : ratis.log_worker.756efa00-9886-4f2c-af17-99a3a9dc2153@group-9B79DC36F9F9
2020-11-16 17:32:16,931 [Listener at 127.0.0.1/35907] INFO  metrics.RatisMetrics (RatisMetrics.java:unregister(43)) - Unregistering Metrics Registry : ratis.leader_election.756efa00-9886-4f2c-af17-99a3a9dc2153@group-9B79DC36F9F9
2020-11-16 17:32:16,931 [Listener at 127.0.0.1/35907] INFO  metrics.RatisMetrics (RatisMetrics.java:unregister(43)) - Unregistering Metrics Registry : ratis.server.756efa00-9886-4f2c-af17-99a3a9dc2153@group-9B79DC36F9F9
2020-11-16 17:32:16,932 [Listener at 127.0.0.1/35907] INFO  impl.RaftServerImpl (RaftServerImpl.java:lambda$shutdown$3(321)) - 756efa00-9886-4f2c-af17-99a3a9dc2153@group-BB1F04BDC3DE: shutdown
2020-11-16 17:32:16,932 [Listener at 127.0.0.1/35907] INFO  util.JmxRegister (JmxRegister.java:unregister(73)) - Successfully un-registered JMX Bean with object name Ratis:service=RaftServer,group=group-BB1F04BDC3DE,id=756efa00-9886-4f2c-af17-99a3a9dc2153
2020-11-16 17:32:16,932 [Listener at 127.0.0.1/35907] INFO  impl.RoleInfo (RoleInfo.java:shutdownLeaderState(104)) - 756efa00-9886-4f2c-af17-99a3a9dc2153: shutdown LeaderState
2020-11-16 17:32:16,932 [Listener at 127.0.0.1/35907] INFO  metrics.RatisMetrics (RatisMetrics.java:unregister(43)) - Unregistering Metrics Registry : ratis_grpc.log_appender.756efa00-9886-4f2c-af17-99a3a9dc2153@group-BB1F04BDC3DE
2020-11-16 17:32:16,932 [Listener at 127.0.0.1/35907] INFO  metrics.RatisMetrics (RatisMetrics.java:unregister(43)) - Unregistering Metrics Registry : ratis_grpc.log_appender.756efa00-9886-4f2c-af17-99a3a9dc2153@group-BB1F04BDC3DE
2020-11-16 17:32:16,932 [org.apache.ratis.server.impl.LogAppender$AppenderDaemon$$Lambda$490/1020907110@79633702] WARN  server.GrpcLogAppender (GrpcLogAppender.java:mayWait(168)) - 756efa00-9886-4f2c-af17-99a3a9dc2153@group-BB1F04BDC3DE->7ba08779-98dd-4ee1-a6ca-8386ca3b8fbf-GrpcLogAppender: Wait interrupted by java.lang.InterruptedException
2020-11-16 17:32:16,932 [org.apache.ratis.server.impl.LogAppender$AppenderDaemon$$Lambda$490/1020907110@7f96efc] WARN  server.GrpcLogAppender (GrpcLogAppender.java:mayWait(168)) - 756efa00-9886-4f2c-af17-99a3a9dc2153@group-BB1F04BDC3DE->cc30a5ad-4207-4291-85e5-33833db84af4-GrpcLogAppender: Wait interrupted by java.lang.InterruptedException
2020-11-16 17:32:16,932 [grpc-default-executor-11] INFO  server.GrpcServerProtocolService (GrpcServerProtocolService.java:onCompleted(138)) - 7ba08779-98dd-4ee1-a6ca-8386ca3b8fbf: Completed APPEND_ENTRIES, lastRequest: 756efa00-9886-4f2c-af17-99a3a9dc2153->7ba08779-98dd-4ee1-a6ca-8386ca3b8fbf#3-t2, previous=(t:2, i:17), leaderCommit=17, initializing? false, entries: size=1, first=(t:2, i:18), METADATAENTRY(c:17)
2020-11-16 17:32:16,933 [grpc-default-executor-10] INFO  server.GrpcLogAppender (GrpcLogAppender.java:onCompleted(336)) - 756efa00-9886-4f2c-af17-99a3a9dc2153@group-BB1F04BDC3DE->7ba08779-98dd-4ee1-a6ca-8386ca3b8fbf-AppendLogResponseHandler: follower responses appendEntries COMPLETED
2020-11-16 17:32:16,933 [grpc-default-executor-10] INFO  impl.FollowerInfo (FollowerInfo.java:lambda$new$0(51)) - 756efa00-9886-4f2c-af17-99a3a9dc2153@group-BB1F04BDC3DE->7ba08779-98dd-4ee1-a6ca-8386ca3b8fbf: nextIndex: updateUnconditionally 19 -> 18
2020-11-16 17:32:16,933 [Listener at 127.0.0.1/35907] INFO  impl.PendingRequests (PendingRequests.java:sendNotLeaderResponses(249)) - 756efa00-9886-4f2c-af17-99a3a9dc2153@group-BB1F04BDC3DE-PendingRequests: sendNotLeaderResponses
2020-11-16 17:32:16,934 [Listener at 127.0.0.1/35907] INFO  metrics.RatisMetrics (RatisMetrics.java:unregister(43)) - Unregistering Metrics Registry : ratis.log_appender.756efa00-9886-4f2c-af17-99a3a9dc2153@group-BB1F04BDC3DE
2020-11-16 17:32:16,934 [Listener at 127.0.0.1/35907] INFO  metrics.RatisMetrics (RatisMetrics.java:unregister(43)) - Unregistering Metrics Registry : ratis.server.756efa00-9886-4f2c-af17-99a3a9dc2153@group-BB1F04BDC3DE
2020-11-16 17:32:16,935 [fbf3a64f-640b-4b02-ae41-dab4aff0d596@group-4C905D290142-StateMachineUpdater] INFO  ratis.ContainerStateMachine (ContainerStateMachine.java:takeSnapshot(293)) - group-4C905D290142: Taking a snapshot at:(t:1, i:0) file /github/workspace/mnt/ozone/hadoop-ozone/integration-test/target/test-dir/MiniOzoneClusterImpl-7523e9d5-68c3-40ce-b00f-57fa4c553895/datanode-1/data/ratis/ccdd619e-40c8-4c23-9abc-4c905d290142/sm/snapshot.1_0
2020-11-16 17:32:16,935 [ForkJoinPool.commonPool-worker-0] INFO  impl.StateMachineUpdater (StateMachineUpdater.java:stopAndJoin(142)) - fbf3a64f-640b-4b02-ae41-dab4aff0d596@group-4C905D290142-StateMachineUpdater: set stopIndex = 0
2020-11-16 17:32:16,936 [756efa00-9886-4f2c-af17-99a3a9dc2153@group-BB1F04BDC3DE-StateMachineUpdater] INFO  ratis.ContainerStateMachine (ContainerStateMachine.java:takeSnapshot(293)) - group-BB1F04BDC3DE: Taking a snapshot at:(t:2, i:18) file /github/workspace/mnt/ozone/hadoop-ozone/integration-test/target/test-dir/MiniOzoneClusterImpl-7523e9d5-68c3-40ce-b00f-57fa4c553895/datanode-4/data/ratis/24132c28-f07d-4eb2-8506-bb1f04bdc3de/sm/snapshot.2_18
2020-11-16 17:32:16,936 [fbf3a64f-640b-4b02-ae41-dab4aff0d596@group-4C905D290142-StateMachineUpdater] INFO  ratis.ContainerStateMachine (ContainerStateMachine.java:takeSnapshot(304)) - group-4C905D290142: Finished taking a snapshot at:(t:1, i:0) file:/github/workspace/mnt/ozone/hadoop-ozone/integration-test/target/test-dir/MiniOzoneClusterImpl-7523e9d5-68c3-40ce-b00f-57fa4c553895/datanode-1/data/ratis/ccdd619e-40c8-4c23-9abc-4c905d290142/sm/snapshot.1_0 time:1
2020-11-16 17:32:16,936 [fbf3a64f-640b-4b02-ae41-dab4aff0d596@group-4C905D290142-StateMachineUpdater] INFO  impl.StateMachineUpdater (StateMachineUpdater.java:takeSnapshot(277)) - fbf3a64f-640b-4b02-ae41-dab4aff0d596@group-4C905D290142-StateMachineUpdater: Took a snapshot at index 0
2020-11-16 17:32:16,936 [fbf3a64f-640b-4b02-ae41-dab4aff0d596@group-4C905D290142-StateMachineUpdater] INFO  impl.StateMachineUpdater (StateMachineUpdater.java:lambda$new$0(87)) - fbf3a64f-640b-4b02-ae41-dab4aff0d596@group-4C905D290142-StateMachineUpdater: snapshotIndex: updateIncreasingly -1 -> 0
2020-11-16 17:32:16,936 [fbf3a64f-640b-4b02-ae41-dab4aff0d596@group-4C905D290142-StateMachineUpdater] INFO  metrics.RatisMetrics (RatisMetrics.java:unregister(43)) - Unregistering Metrics Registry : ratis.state_machine.fbf3a64f-640b-4b02-ae41-dab4aff0d596@group-4C905D290142
2020-11-16 17:32:16,937 [ForkJoinPool.commonPool-worker-0] INFO  impl.RaftServerImpl (ServerState.java:close(405)) - fbf3a64f-640b-4b02-ae41-dab4aff0d596@group-4C905D290142: closes. applyIndex: 0
2020-11-16 17:32:16,937 [fbf3a64f-640b-4b02-ae41-dab4aff0d596@group-4C905D290142-SegmentedRaftLogWorker] INFO  segmented.SegmentedRaftLogWorker (SegmentedRaftLogWorker.java:run(327)) - fbf3a64f-640b-4b02-ae41-dab4aff0d596@group-4C905D290142-SegmentedRaftLogWorker was interrupted, exiting. There are 0 tasks remaining in the queue.
2020-11-16 17:32:16,937 [Listener at 127.0.0.1/35907] INFO  impl.StateMachineUpdater (StateMachineUpdater.java:stopAndJoin(142)) - 756efa00-9886-4f2c-af17-99a3a9dc2153@group-BB1F04BDC3DE-StateMachineUpdater: set stopIndex = 18
2020-11-16 17:32:16,937 [756efa00-9886-4f2c-af17-99a3a9dc2153@group-BB1F04BDC3DE-StateMachineUpdater] INFO  ratis.ContainerStateMachine (ContainerStateMachine.java:takeSnapshot(304)) - group-BB1F04BDC3DE: Finished taking a snapshot at:(t:2, i:18) file:/github/workspace/mnt/ozone/hadoop-ozone/integration-test/target/test-dir/MiniOzoneClusterImpl-7523e9d5-68c3-40ce-b00f-57fa4c553895/datanode-4/data/ratis/24132c28-f07d-4eb2-8506-bb1f04bdc3de/sm/snapshot.2_18 time:1
2020-11-16 17:32:16,937 [756efa00-9886-4f2c-af17-99a3a9dc2153@group-BB1F04BDC3DE-StateMachineUpdater] INFO  impl.StateMachineUpdater (StateMachineUpdater.java:takeSnapshot(277)) - 756efa00-9886-4f2c-af17-99a3a9dc2153@group-BB1F04BDC3DE-StateMachineUpdater: Took a snapshot at index 18
2020-11-16 17:32:16,937 [756efa00-9886-4f2c-af17-99a3a9dc2153@group-BB1F04BDC3DE-StateMachineUpdater] INFO  impl.StateMachineUpdater (StateMachineUpdater.java:lambda$new$0(87)) - 756efa00-9886-4f2c-af17-99a3a9dc2153@group-BB1F04BDC3DE-StateMachineUpdater: snapshotIndex: updateIncreasingly -1 -> 18
2020-11-16 17:32:16,938 [756efa00-9886-4f2c-af17-99a3a9dc2153@group-BB1F04BDC3DE-StateMachineUpdater] INFO  metrics.RatisMetrics (RatisMetrics.java:unregister(43)) - Unregistering Metrics Registry : ratis.state_machine.756efa00-9886-4f2c-af17-99a3a9dc2153@group-BB1F04BDC3DE
2020-11-16 17:32:16,939 [Listener at 127.0.0.1/35907] INFO  impl.RaftServerImpl (ServerState.java:close(405)) - 756efa00-9886-4f2c-af17-99a3a9dc2153@group-BB1F04BDC3DE: closes. applyIndex: 18
2020-11-16 17:32:16,939 [756efa00-9886-4f2c-af17-99a3a9dc2153@group-BB1F04BDC3DE-SegmentedRaftLogWorker] INFO  segmented.SegmentedRaftLogWorker (SegmentedRaftLogWorker.java:run(327)) - 756efa00-9886-4f2c-af17-99a3a9dc2153@group-BB1F04BDC3DE-SegmentedRaftLogWorker was interrupted, exiting. There are 0 tasks remaining in the queue.
2020-11-16 17:32:16,940 [ForkJoinPool.commonPool-worker-0] INFO  segmented.SegmentedRaftLogWorker (SegmentedRaftLogWorker.java:close(234)) - fbf3a64f-640b-4b02-ae41-dab4aff0d596@group-4C905D290142-SegmentedRaftLogWorker close()
2020-11-16 17:32:16,940 [ForkJoinPool.commonPool-worker-0] INFO  metrics.RatisMetrics (RatisMetrics.java:unregister(43)) - Unregistering Metrics Registry : ratis.log_worker.fbf3a64f-640b-4b02-ae41-dab4aff0d596@group-4C905D290142
2020-11-16 17:32:16,940 [ForkJoinPool.commonPool-worker-0] INFO  metrics.RatisMetrics (RatisMetrics.java:unregister(43)) - Unregistering Metrics Registry : ratis.leader_election.fbf3a64f-640b-4b02-ae41-dab4aff0d596@group-4C905D290142
2020-11-16 17:32:16,941 [ForkJoinPool.commonPool-worker-0] INFO  metrics.RatisMetrics (RatisMetrics.java:unregister(43)) - Unregistering Metrics Registry : ratis.server.fbf3a64f-640b-4b02-ae41-dab4aff0d596@group-4C905D290142
2020-11-16 17:32:16,941 [ForkJoinPool.commonPool-worker-0] INFO  server.GrpcService (GrpcService.java:closeImpl(183)) - fbf3a64f-640b-4b02-ae41-dab4aff0d596: shutdown server with port 40251 now
2020-11-16 17:32:16,941 [Listener at 127.0.0.1/35907] INFO  segmented.SegmentedRaftLogWorker (SegmentedRaftLogWorker.java:close(234)) - 756efa00-9886-4f2c-af17-99a3a9dc2153@group-BB1F04BDC3DE-SegmentedRaftLogWorker close()
2020-11-16 17:32:16,945 [grpc-default-executor-6] WARN  server.GrpcLogAppender (LogUtils.java:warn(122)) - e605e0dd-6a71-4a0a-8796-3643e725e1ee@group-959388351DEA->fbf3a64f-640b-4b02-ae41-dab4aff0d596-AppendLogResponseHandler: Failed appendEntries: org.apache.ratis.thirdparty.io.grpc.StatusRuntimeException: CANCELLED: HTTP/2 error code: CANCEL
Received Rst Stream
2020-11-16 17:32:16,945 [grpc-default-executor-10] WARN  server.GrpcServerProtocolService (LogUtils.java:warn(122)) - fbf3a64f-640b-4b02-ae41-dab4aff0d596: installSnapshot onError, lastRequest: e605e0dd-6a71-4a0a-8796-3643e725e1ee->fbf3a64f-640b-4b02-ae41-dab4aff0d596#56-t1, previous=(t:1, i:17), leaderCommit=17, initializing? false, entries: size=1, first=(t:1, i:18), METADATAENTRY(c:17): org.apache.ratis.thirdparty.io.grpc.StatusRuntimeException: CANCELLED: cancelled before receiving half close
2020-11-16 17:32:16,946 [grpc-default-executor-6] INFO  impl.FollowerInfo (FollowerInfo.java:lambda$new$0(51)) - e605e0dd-6a71-4a0a-8796-3643e725e1ee@group-959388351DEA->fbf3a64f-640b-4b02-ae41-dab4aff0d596: nextIndex: updateUnconditionally 19 -> 18
2020-11-16 17:32:16,946 [Listener at 127.0.0.1/35907] INFO  metrics.RatisMetrics (RatisMetrics.java:unregister(43)) - Unregistering Metrics Registry : ratis.log_worker.756efa00-9886-4f2c-af17-99a3a9dc2153@group-BB1F04BDC3DE
2020-11-16 17:32:16,946 [Listener at 127.0.0.1/35907] INFO  metrics.RatisMetrics (RatisMetrics.java:unregister(43)) - Unregistering Metrics Registry : ratis.leader_election.756efa00-9886-4f2c-af17-99a3a9dc2153@group-BB1F04BDC3DE
2020-11-16 17:32:16,946 [Listener at 127.0.0.1/35907] INFO  metrics.RatisMetrics (RatisMetrics.java:unregister(43)) - Unregistering Metrics Registry : ratis.server.756efa00-9886-4f2c-af17-99a3a9dc2153@group-BB1F04BDC3DE
2020-11-16 17:32:16,946 [Listener at 127.0.0.1/35907] INFO  impl.RaftServerImpl (RaftServerImpl.java:lambda$shutdown$3(321)) - 756efa00-9886-4f2c-af17-99a3a9dc2153@group-86BCF01837AD: shutdown
2020-11-16 17:32:16,946 [Listener at 127.0.0.1/35907] INFO  util.JmxRegister (JmxRegister.java:unregister(73)) - Successfully un-registered JMX Bean with object name Ratis:service=RaftServer,group=group-86BCF01837AD,id=756efa00-9886-4f2c-af17-99a3a9dc2153
2020-11-16 17:32:16,946 [Listener at 127.0.0.1/35907] INFO  impl.RoleInfo (RoleInfo.java:shutdownLeaderState(104)) - 756efa00-9886-4f2c-af17-99a3a9dc2153: shutdown LeaderState
2020-11-16 17:32:16,947 [Listener at 127.0.0.1/35907] INFO  metrics.RatisMetrics (RatisMetrics.java:unregister(43)) - Unregistering Metrics Registry : ratis_grpc.log_appender.756efa00-9886-4f2c-af17-99a3a9dc2153@group-86BCF01837AD
2020-11-16 17:32:16,947 [Listener at 127.0.0.1/35907] INFO  metrics.RatisMetrics (RatisMetrics.java:unregister(43)) - Unregistering Metrics Registry : ratis_grpc.log_appender.756efa00-9886-4f2c-af17-99a3a9dc2153@group-86BCF01837AD
2020-11-16 17:32:16,947 [org.apache.ratis.server.impl.LogAppender$AppenderDaemon$$Lambda$490/1020907110@62a51c11] WARN  server.GrpcLogAppender (GrpcLogAppender.java:mayWait(168)) - 756efa00-9886-4f2c-af17-99a3a9dc2153@group-86BCF01837AD->7ba08779-98dd-4ee1-a6ca-8386ca3b8fbf-GrpcLogAppender: Wait interrupted by java.lang.InterruptedException
2020-11-16 17:32:16,947 [org.apache.ratis.server.impl.LogAppender$AppenderDaemon$$Lambda$490/1020907110@5ee5b019] WARN  server.GrpcLogAppender (GrpcLogAppender.java:mayWait(168)) - 756efa00-9886-4f2c-af17-99a3a9dc2153@group-86BCF01837AD->cc30a5ad-4207-4291-85e5-33833db84af4-GrpcLogAppender: Wait interrupted by java.lang.InterruptedException
2020-11-16 17:32:16,947 [grpc-default-executor-6] INFO  server.GrpcServerProtocolService (GrpcServerProtocolService.java:onCompleted(138)) - 7ba08779-98dd-4ee1-a6ca-8386ca3b8fbf: Completed APPEND_ENTRIES, lastRequest: 756efa00-9886-4f2c-af17-99a3a9dc2153->7ba08779-98dd-4ee1-a6ca-8386ca3b8fbf#2-t2, previous=(t:2, i:1), leaderCommit=1, initializing? false, entries: size=1, first=(t:2, i:2), METADATAENTRY(c:1)
2020-11-16 17:32:16,949 [grpc-default-executor-6] INFO  server.GrpcLogAppender (GrpcLogAppender.java:onCompleted(336)) - 756efa00-9886-4f2c-af17-99a3a9dc2153@group-86BCF01837AD->7ba08779-98dd-4ee1-a6ca-8386ca3b8fbf-AppendLogResponseHandler: follower responses appendEntries COMPLETED
2020-11-16 17:32:16,949 [grpc-default-executor-6] INFO  impl.FollowerInfo (FollowerInfo.java:lambda$new$0(51)) - 756efa00-9886-4f2c-af17-99a3a9dc2153@group-86BCF01837AD->7ba08779-98dd-4ee1-a6ca-8386ca3b8fbf: nextIndex: updateUnconditionally 3 -> 2
2020-11-16 17:32:16,947 [Listener at 127.0.0.1/35907] INFO  impl.PendingRequests (PendingRequests.java:sendNotLeaderResponses(249)) - 756efa00-9886-4f2c-af17-99a3a9dc2153@group-86BCF01837AD-PendingRequests: sendNotLeaderResponses
2020-11-16 17:32:16,951 [Listener at 127.0.0.1/35907] INFO  metrics.RatisMetrics (RatisMetrics.java:unregister(43)) - Unregistering Metrics Registry : ratis.log_appender.756efa00-9886-4f2c-af17-99a3a9dc2153@group-86BCF01837AD
2020-11-16 17:32:16,951 [Listener at 127.0.0.1/35907] INFO  metrics.RatisMetrics (RatisMetrics.java:unregister(43)) - Unregistering Metrics Registry : ratis.server.756efa00-9886-4f2c-af17-99a3a9dc2153@group-86BCF01837AD
2020-11-16 17:32:16,952 [756efa00-9886-4f2c-af17-99a3a9dc2153@group-86BCF01837AD-StateMachineUpdater] INFO  ratis.ContainerStateMachine (ContainerStateMachine.java:takeSnapshot(293)) - group-86BCF01837AD: Taking a snapshot at:(t:2, i:2) file /github/workspace/mnt/ozone/hadoop-ozone/integration-test/target/test-dir/MiniOzoneClusterImpl-7523e9d5-68c3-40ce-b00f-57fa4c553895/datanode-4/data/ratis/777897be-e92b-4fe4-a6ef-86bcf01837ad/sm/snapshot.2_2
2020-11-16 17:32:16,953 [Listener at 127.0.0.1/35907] INFO  impl.StateMachineUpdater (StateMachineUpdater.java:stopAndJoin(142)) - 756efa00-9886-4f2c-af17-99a3a9dc2153@group-86BCF01837AD-StateMachineUpdater: set stopIndex = 2
2020-11-16 17:32:16,953 [756efa00-9886-4f2c-af17-99a3a9dc2153@group-86BCF01837AD-StateMachineUpdater] INFO  ratis.ContainerStateMachine (ContainerStateMachine.java:takeSnapshot(304)) - group-86BCF01837AD: Finished taking a snapshot at:(t:2, i:2) file:/github/workspace/mnt/ozone/hadoop-ozone/integration-test/target/test-dir/MiniOzoneClusterImpl-7523e9d5-68c3-40ce-b00f-57fa4c553895/datanode-4/data/ratis/777897be-e92b-4fe4-a6ef-86bcf01837ad/sm/snapshot.2_2 time:1
2020-11-16 17:32:16,954 [756efa00-9886-4f2c-af17-99a3a9dc2153@group-86BCF01837AD-StateMachineUpdater] INFO  impl.StateMachineUpdater (StateMachineUpdater.java:takeSnapshot(277)) - 756efa00-9886-4f2c-af17-99a3a9dc2153@group-86BCF01837AD-StateMachineUpdater: Took a snapshot at index 2
2020-11-16 17:32:16,954 [756efa00-9886-4f2c-af17-99a3a9dc2153@group-86BCF01837AD-StateMachineUpdater] INFO  impl.StateMachineUpdater (StateMachineUpdater.java:lambda$new$0(87)) - 756efa00-9886-4f2c-af17-99a3a9dc2153@group-86BCF01837AD-StateMachineUpdater: snapshotIndex: updateIncreasingly -1 -> 2
2020-11-16 17:32:16,954 [756efa00-9886-4f2c-af17-99a3a9dc2153@group-86BCF01837AD-StateMachineUpdater] INFO  metrics.RatisMetrics (RatisMetrics.java:unregister(43)) - Unregistering Metrics Registry : ratis.state_machine.756efa00-9886-4f2c-af17-99a3a9dc2153@group-86BCF01837AD
2020-11-16 17:32:16,955 [Listener at 127.0.0.1/35907] INFO  impl.RaftServerImpl (ServerState.java:close(405)) - 756efa00-9886-4f2c-af17-99a3a9dc2153@group-86BCF01837AD: closes. applyIndex: 2
2020-11-16 17:32:16,956 [grpc-default-executor-10] WARN  server.GrpcLogAppender (LogUtils.java:warn(122)) - e605e0dd-6a71-4a0a-8796-3643e725e1ee@group-959388351DEA->fbf3a64f-640b-4b02-ae41-dab4aff0d596-AppendLogResponseHandler: Failed appendEntries: org.apache.ratis.thirdparty.io.grpc.StatusRuntimeException: UNAVAILABLE: io exception
2020-11-16 17:32:16,956 [grpc-default-executor-10] INFO  impl.FollowerInfo (FollowerInfo.java:lambda$new$0(51)) - e605e0dd-6a71-4a0a-8796-3643e725e1ee@group-959388351DEA->fbf3a64f-640b-4b02-ae41-dab4aff0d596: nextIndex: updateUnconditionally 19 -> 18
2020-11-16 17:32:16,963 [grpc-default-executor-10] WARN  server.GrpcLogAppender (LogUtils.java:warn(122)) - e605e0dd-6a71-4a0a-8796-3643e725e1ee@group-959388351DEA->fbf3a64f-640b-4b02-ae41-dab4aff0d596-AppendLogResponseHandler: Failed appendEntries: org.apache.ratis.thirdparty.io.grpc.StatusRuntimeException: UNAVAILABLE: io exception
2020-11-16 17:32:16,963 [grpc-default-executor-10] INFO  impl.FollowerInfo (FollowerInfo.java:lambda$new$0(51)) - e605e0dd-6a71-4a0a-8796-3643e725e1ee@group-959388351DEA->fbf3a64f-640b-4b02-ae41-dab4aff0d596: nextIndex: updateUnconditionally 19 -> 18
2020-11-16 17:32:16,964 [756efa00-9886-4f2c-af17-99a3a9dc2153@group-86BCF01837AD-SegmentedRaftLogWorker] INFO  segmented.SegmentedRaftLogWorker (SegmentedRaftLogWorker.java:run(327)) - 756efa00-9886-4f2c-af17-99a3a9dc2153@group-86BCF01837AD-SegmentedRaftLogWorker was interrupted, exiting. There are 0 tasks remaining in the queue.
2020-11-16 17:32:16,965 [ForkJoinPool.commonPool-worker-0] INFO  server.GrpcService (GrpcService.java:closeImpl(191)) - fbf3a64f-640b-4b02-ae41-dab4aff0d596: shutdown server with port 40251 successfully
2020-11-16 17:32:16,967 [Listener at 127.0.0.1/35907] INFO  segmented.SegmentedRaftLogWorker (SegmentedRaftLogWorker.java:close(234)) - 756efa00-9886-4f2c-af17-99a3a9dc2153@group-86BCF01837AD-SegmentedRaftLogWorker close()
2020-11-16 17:32:16,967 [Listener at 127.0.0.1/35907] INFO  metrics.RatisMetrics (RatisMetrics.java:unregister(43)) - Unregistering Metrics Registry : ratis.log_worker.756efa00-9886-4f2c-af17-99a3a9dc2153@group-86BCF01837AD
2020-11-16 17:32:16,967 [Listener at 127.0.0.1/35907] INFO  metrics.RatisMetrics (RatisMetrics.java:unregister(43)) - Unregistering Metrics Registry : ratis.leader_election.756efa00-9886-4f2c-af17-99a3a9dc2153@group-86BCF01837AD
2020-11-16 17:32:16,967 [Listener at 127.0.0.1/35907] INFO  metrics.RatisMetrics (RatisMetrics.java:unregister(43)) - Unregistering Metrics Registry : ratis.server.756efa00-9886-4f2c-af17-99a3a9dc2153@group-86BCF01837AD
2020-11-16 17:32:16,967 [Listener at 127.0.0.1/35907] INFO  server.GrpcService (GrpcService.java:closeImpl(183)) - 756efa00-9886-4f2c-af17-99a3a9dc2153: shutdown server with port 34565 now
2020-11-16 17:32:16,967 [ForkJoinPool.commonPool-worker-0] INFO  utils.BackgroundService (BackgroundService.java:shutdown(132)) - Shutting down service BlockDeletingService
2020-11-16 17:32:16,969 [ForkJoinPool.commonPool-worker-0] INFO  statemachine.DatanodeStateMachine (DatanodeStateMachine.java:stopDaemon(459)) - Ozone container server stopped.
2020-11-16 17:32:16,976 [Listener at 127.0.0.1/35907] INFO  server.GrpcService (GrpcService.java:closeImpl(191)) - 756efa00-9886-4f2c-af17-99a3a9dc2153: shutdown server with port 34565 successfully
2020-11-16 17:32:16,978 [Listener at 127.0.0.1/35907] INFO  utils.BackgroundService (BackgroundService.java:shutdown(132)) - Shutting down service BlockDeletingService
2020-11-16 17:32:16,980 [Listener at 127.0.0.1/35907] INFO  statemachine.DatanodeStateMachine (DatanodeStateMachine.java:stopDaemon(459)) - Ozone container server stopped.
2020-11-16 17:32:17,001 [Listener at 127.0.0.1/35907] INFO  handler.ContextHandler (ContextHandler.java:doStop(1154)) - Stopped o.e.j.w.WebAppContext@515e35d1{hddsDatanode,/,null,STOPPED}{jar:file:/home/user/.m2/repository/org/apache/hadoop/hadoop-hdds-container-service/1.1.0-SNAPSHOT/hadoop-hdds-container-service-1.1.0-SNAPSHOT.jar!/webapps/hddsDatanode}
2020-11-16 17:32:17,003 [ForkJoinPool.commonPool-worker-0] INFO  handler.ContextHandler (ContextHandler.java:doStop(1154)) - Stopped o.e.j.w.WebAppContext@7a3cc3cb{hddsDatanode,/,null,STOPPED}{jar:file:/home/user/.m2/repository/org/apache/hadoop/hadoop-hdds-container-service/1.1.0-SNAPSHOT/hadoop-hdds-container-service-1.1.0-SNAPSHOT.jar!/webapps/hddsDatanode}
2020-11-16 17:32:17,005 [ForkJoinPool.commonPool-worker-0] INFO  server.AbstractConnector (AbstractConnector.java:doStop(381)) - Stopped ServerConnector@6ac62a10{HTTP/1.1, (http/1.1)}{0.0.0.0:0}
2020-11-16 17:32:17,005 [ForkJoinPool.commonPool-worker-0] INFO  server.session (HouseKeeper.java:stopScavenging(149)) - node0 Stopped scavenging
2020-11-16 17:32:17,006 [ForkJoinPool.commonPool-worker-0] INFO  handler.ContextHandler (ContextHandler.java:doStop(1154)) - Stopped o.e.j.s.ServletContextHandler@711badda{static,/static,jar:file:/home/user/.m2/repository/org/apache/hadoop/hadoop-hdds-container-service/1.1.0-SNAPSHOT/hadoop-hdds-container-service-1.1.0-SNAPSHOT.jar!/webapps/static,STOPPED}
2020-11-16 17:32:17,006 [ForkJoinPool.commonPool-worker-0] INFO  handler.ContextHandler (ContextHandler.java:doStop(1154)) - Stopped o.e.j.s.ServletContextHandler@4dc68f93{logs,/logs,file:///github/workspace/mnt/ozone/hadoop-ozone/integration-test/target/log,STOPPED}
2020-11-16 17:32:17,006 [Listener at 127.0.0.1/35907] INFO  server.AbstractConnector (AbstractConnector.java:doStop(381)) - Stopped ServerConnector@36f245d3{HTTP/1.1, (http/1.1)}{0.0.0.0:0}
2020-11-16 17:32:17,007 [Listener at 127.0.0.1/35907] INFO  server.session (HouseKeeper.java:stopScavenging(149)) - node0 Stopped scavenging
2020-11-16 17:32:17,008 [Listener at 127.0.0.1/35907] INFO  handler.ContextHandler (ContextHandler.java:doStop(1154)) - Stopped o.e.j.s.ServletContextHandler@424952df{static,/static,jar:file:/home/user/.m2/repository/org/apache/hadoop/hadoop-hdds-container-service/1.1.0-SNAPSHOT/hadoop-hdds-container-service-1.1.0-SNAPSHOT.jar!/webapps/static,STOPPED}
2020-11-16 17:32:17,009 [Listener at 127.0.0.1/35907] INFO  handler.ContextHandler (ContextHandler.java:doStop(1154)) - Stopped o.e.j.s.ServletContextHandler@604ceb3e{logs,/logs,file:///github/workspace/mnt/ozone/hadoop-ozone/integration-test/target/log,STOPPED}
2020-11-16 17:32:17,722 [Datanode State Machine Thread - 0] INFO  statemachine.DatanodeStateMachine (DatanodeStateMachine.java:lambda$startDaemon$0(406)) - Ozone container server started.
2020-11-16 17:32:17,722 [Datanode State Machine Thread - 0] INFO  statemachine.DatanodeStateMachine (DatanodeStateMachine.java:lambda$startDaemon$0(406)) - Ozone container server started.
2020-11-16 17:32:18,788 [Command processor thread] INFO  impl.RaftServerProxy (RaftServerProxy.java:addNew(92)) - 7ba08779-98dd-4ee1-a6ca-8386ca3b8fbf: addNew group-EB0438883248:[6b3f7492-0ca6-4b3b-9a26-869cc0a580f4:172.17.0.2:37553:0, 756efa00-9886-4f2c-af17-99a3a9dc2153:172.17.0.2:34565:0, 7ba08779-98dd-4ee1-a6ca-8386ca3b8fbf:172.17.0.2:34067:0] returns group-EB0438883248:java.util.concurrent.CompletableFuture@6258e6b1[Not completed]
2020-11-16 17:32:18,789 [pool-719-thread-1] INFO  impl.RaftServerImpl (RaftServerImpl.java:<init>(120)) - 7ba08779-98dd-4ee1-a6ca-8386ca3b8fbf: new RaftServerImpl for group-EB0438883248:[6b3f7492-0ca6-4b3b-9a26-869cc0a580f4:172.17.0.2:37553:0, 756efa00-9886-4f2c-af17-99a3a9dc2153:172.17.0.2:34565:0, 7ba08779-98dd-4ee1-a6ca-8386ca3b8fbf:172.17.0.2:34067:0] with ContainerStateMachine:uninitialized
2020-11-16 17:32:18,789 [pool-719-thread-1] INFO  server.RaftServerConfigKeys (ConfUtils.java:logGet(44)) - raft.server.rpc.timeout.min = 5s (custom)
2020-11-16 17:32:18,789 [pool-719-thread-1] INFO  server.RaftServerConfigKeys (ConfUtils.java:logGet(44)) - raft.server.rpc.timeout.max = 5200ms (custom)
2020-11-16 17:32:18,789 [pool-719-thread-1] INFO  server.RaftServerConfigKeys (ConfUtils.java:logGet(44)) - raft.server.rpcslowness.timeout = 300000ms (custom)
2020-11-16 17:32:18,789 [pool-719-thread-1] INFO  server.RaftServerConfigKeys (ConfUtils.java:logGet(44)) - raft.server.sleep.deviation.threshold = 300 (default)
2020-11-16 17:32:18,789 [pool-719-thread-1] INFO  server.RaftServerConfigKeys (ConfUtils.java:logGet(44)) - raft.server.log.appender.install.snapshot.enabled = false (custom)
2020-11-16 17:32:18,789 [pool-719-thread-1] INFO  impl.RaftServerImpl (ServerState.java:<init>(104)) - 7ba08779-98dd-4ee1-a6ca-8386ca3b8fbf@group-EB0438883248: ConfigurationManager, init=-1: [6b3f7492-0ca6-4b3b-9a26-869cc0a580f4:172.17.0.2:37553:0, 756efa00-9886-4f2c-af17-99a3a9dc2153:172.17.0.2:34565:0, 7ba08779-98dd-4ee1-a6ca-8386ca3b8fbf:172.17.0.2:34067:0], old=null, confs=<EMPTY_MAP>
2020-11-16 17:32:18,790 [pool-719-thread-1] INFO  server.RaftServerConfigKeys (ConfUtils.java:logGet(44)) - raft.server.storage.dir = [/github/workspace/mnt/ozone/hadoop-ozone/integration-test/target/test-dir/MiniOzoneClusterImpl-7523e9d5-68c3-40ce-b00f-57fa4c553895/datanode-5/data/ratis] (custom)
2020-11-16 17:32:18,790 [pool-719-thread-1] INFO  server.RaftServerConfigKeys (ConfUtils.java:logGet(44)) - raft.server.log.corruption.policy = EXCEPTION (default)
2020-11-16 17:32:18,790 [pool-719-thread-1] INFO  storage.RaftStorageDirectory (RaftStorageDirectory.java:analyzeStorage(261)) - The storage directory /github/workspace/mnt/ozone/hadoop-ozone/integration-test/target/test-dir/MiniOzoneClusterImpl-7523e9d5-68c3-40ce-b00f-57fa4c553895/datanode-5/data/ratis/7a6872e7-5ad5-4718-85f6-eb0438883248 does not exist. Creating ...
2020-11-16 17:32:18,792 [pool-719-thread-1] INFO  storage.RaftStorageDirectory (RaftStorageDirectory.java:tryLock(343)) - Lock on /github/workspace/mnt/ozone/hadoop-ozone/integration-test/target/test-dir/MiniOzoneClusterImpl-7523e9d5-68c3-40ce-b00f-57fa4c553895/datanode-5/data/ratis/7a6872e7-5ad5-4718-85f6-eb0438883248/in_use.lock acquired by nodename 814@17b325b6a691
2020-11-16 17:32:18,793 [pool-719-thread-1] INFO  storage.RaftStorage (RaftStorage.java:format(84)) - Storage directory /github/workspace/mnt/ozone/hadoop-ozone/integration-test/target/test-dir/MiniOzoneClusterImpl-7523e9d5-68c3-40ce-b00f-57fa4c553895/datanode-5/data/ratis/7a6872e7-5ad5-4718-85f6-eb0438883248 has been successfully formatted.
2020-11-16 17:32:18,793 [pool-719-thread-1] INFO  ratis.ContainerStateMachine (ContainerStateMachine.java:loadSnapshot(225)) - group-EB0438883248: The snapshot info is null. Setting the last applied indexto:(t:0, i:~)
2020-11-16 17:32:18,793 [pool-719-thread-1] INFO  server.RaftServerConfigKeys (ConfUtils.java:logGet(44)) - raft.server.notification.no-leader.timeout = 300000ms (custom)
2020-11-16 17:32:18,793 [pool-719-thread-1] INFO  server.RaftServerConfigKeys (ConfUtils.java:logGet(44)) - raft.server.log.use.memory = false (default)
2020-11-16 17:32:18,794 [pool-719-thread-1] INFO  server.RaftServerConfigKeys (ConfUtils.java:logGet(44)) - raft.server.log.purge.gap = 1000000 (custom)
2020-11-16 17:32:18,794 [pool-719-thread-1] INFO  metrics.RatisMetrics (RatisMetrics.java:lambda$create$0(36)) - Creating Metrics Registry : ratis.log_worker.7ba08779-98dd-4ee1-a6ca-8386ca3b8fbf@group-EB0438883248
2020-11-16 17:32:18,794 [pool-719-thread-1] INFO  server.RaftServerConfigKeys (ConfUtils.java:logGet(44)) - raft.server.log.appender.buffer.byte-limit = 33554432 (custom)
2020-11-16 17:32:18,794 [pool-719-thread-1] INFO  server.RaftServerConfigKeys (ConfUtils.java:logGet(44)) - raft.server.log.segment.size.max = 1048576 (custom)
2020-11-16 17:32:18,795 [pool-719-thread-1] INFO  server.RaftServerConfigKeys (ConfUtils.java:logGet(44)) - raft.server.log.segment.cache.num.max = 2 (custom)
2020-11-16 17:32:18,795 [pool-719-thread-1] INFO  segmented.SegmentedRaftLogWorker (SegmentedRaftLogWorker.java:<init>(180)) - new 7ba08779-98dd-4ee1-a6ca-8386ca3b8fbf@group-EB0438883248-SegmentedRaftLogWorker for RaftStorage:Storage Directory /github/workspace/mnt/ozone/hadoop-ozone/integration-test/target/test-dir/MiniOzoneClusterImpl-7523e9d5-68c3-40ce-b00f-57fa4c553895/datanode-5/data/ratis/7a6872e7-5ad5-4718-85f6-eb0438883248
2020-11-16 17:32:18,795 [pool-719-thread-1] INFO  server.RaftServerConfigKeys (ConfUtils.java:logGet(44)) - raft.server.log.queue.byte-limit = 2147483647 (custom)
2020-11-16 17:32:18,795 [pool-719-thread-1] INFO  server.RaftServerConfigKeys (ConfUtils.java:logGet(44)) - raft.server.log.queue.element-limit = 1024 (custom)
2020-11-16 17:32:18,795 [pool-719-thread-1] INFO  server.RaftServerConfigKeys (ConfUtils.java:logGet(44)) - raft.server.log.segment.size.max = 1048576 (custom)
2020-11-16 17:32:18,795 [pool-719-thread-1] INFO  server.RaftServerConfigKeys (ConfUtils.java:logGet(44)) - raft.server.log.preallocated.size = 16384 (custom)
2020-11-16 17:32:18,795 [pool-719-thread-1] INFO  server.RaftServerConfigKeys (ConfUtils.java:logGet(44)) - raft.server.log.write.buffer.size = 1048576 (custom)
2020-11-16 17:32:18,795 [pool-719-thread-1] INFO  server.RaftServerConfigKeys (ConfUtils.java:logGet(44)) - raft.server.log.force.sync.num = 128 (default)
2020-11-16 17:32:18,795 [pool-719-thread-1] INFO  server.RaftServerConfigKeys (ConfUtils.java:logGet(44)) - raft.server.log.statemachine.data.sync = true (default)
2020-11-16 17:32:18,795 [pool-719-thread-1] INFO  server.RaftServerConfigKeys (ConfUtils.java:logGet(44)) - raft.server.log.statemachine.data.sync.timeout = 10s (default)
2020-11-16 17:32:18,795 [pool-719-thread-1] INFO  server.RaftServerConfigKeys (ConfUtils.java:logGet(44)) - raft.server.log.statemachine.data.sync.timeout.retry = -1 (default)
2020-11-16 17:32:18,797 [pool-719-thread-1] INFO  server.RaftServerConfigKeys (ConfUtils.java:logGet(44)) - raft.server.log.statemachine.data.caching.enabled = true (custom)
2020-11-16 17:32:18,797 [pool-719-thread-1] INFO  segmented.SegmentedRaftLogWorker (SegmentedRaftLogWorker.java:lambda$new$0(129)) - 7ba08779-98dd-4ee1-a6ca-8386ca3b8fbf@group-EB0438883248-SegmentedRaftLogWorker: flushIndex: setUnconditionally 0 -> -1
2020-11-16 17:32:18,797 [pool-719-thread-1] INFO  segmented.SegmentedRaftLogWorker (SegmentedRaftLogWorker.java:lambda$new$0(129)) - 7ba08779-98dd-4ee1-a6ca-8386ca3b8fbf@group-EB0438883248-SegmentedRaftLogWorker: safeCacheEvictIndex: setUnconditionally 0 -> -1
2020-11-16 17:32:18,797 [pool-719-thread-1] INFO  server.RaftServerConfigKeys (ConfUtils.java:logGet(44)) - raft.server.snapshot.auto.trigger.enabled = true (custom)
2020-11-16 17:32:18,797 [pool-719-thread-1] INFO  server.RaftServerConfigKeys (ConfUtils.java:logGet(44)) - raft.server.snapshot.auto.trigger.threshold = 10000 (custom)
2020-11-16 17:32:18,798 [pool-719-thread-1] INFO  server.RaftServerConfigKeys (ConfUtils.java:logGet(44)) - raft.server.snapshot.retention.file.num = 5 (custom)
2020-11-16 17:32:18,798 [pool-719-thread-1] INFO  server.RaftServerConfigKeys (ConfUtils.java:logGet(44)) - raft.server.log.purge.upto.snapshot.index = false (default)
2020-11-16 17:32:18,798 [pool-719-thread-1] INFO  server.RaftServerConfigKeys (ConfUtils.java:logGet(44)) - raft.server.retrycache.expirytime = 600000ms (custom)
2020-11-16 17:32:18,798 [pool-719-thread-1] INFO  metrics.RatisMetrics (RatisMetrics.java:lambda$create$0(36)) - Creating Metrics Registry : ratis.leader_election.7ba08779-98dd-4ee1-a6ca-8386ca3b8fbf@group-EB0438883248
2020-11-16 17:32:18,798 [pool-719-thread-1] INFO  metrics.RatisMetrics (RatisMetrics.java:lambda$create$0(36)) - Creating Metrics Registry : ratis.server.7ba08779-98dd-4ee1-a6ca-8386ca3b8fbf@group-EB0438883248
2020-11-16 17:32:18,800 [pool-719-thread-1] INFO  impl.RaftServerImpl (RaftServerImpl.java:start(209)) - 7ba08779-98dd-4ee1-a6ca-8386ca3b8fbf@group-EB0438883248: start as a follower, conf=-1: [6b3f7492-0ca6-4b3b-9a26-869cc0a580f4:172.17.0.2:37553:0, 756efa00-9886-4f2c-af17-99a3a9dc2153:172.17.0.2:34565:0, 7ba08779-98dd-4ee1-a6ca-8386ca3b8fbf:172.17.0.2:34067:0], old=null
2020-11-16 17:32:18,800 [pool-719-thread-1] INFO  impl.RaftServerImpl (RaftServerImpl.java:setRole(198)) - 7ba08779-98dd-4ee1-a6ca-8386ca3b8fbf@group-EB0438883248: changes role from      null to FOLLOWER at term 0 for startAsFollower
2020-11-16 17:32:18,800 [pool-719-thread-1] INFO  impl.RoleInfo (RoleInfo.java:updateAndGet(143)) - 7ba08779-98dd-4ee1-a6ca-8386ca3b8fbf: start FollowerState
2020-11-16 17:32:18,800 [pool-719-thread-1] INFO  util.JmxRegister (JmxRegister.java:tryRegister(44)) - Successfully registered JMX Bean with object name Ratis:service=RaftServer,group=group-EB0438883248,id=7ba08779-98dd-4ee1-a6ca-8386ca3b8fbf
2020-11-16 17:32:18,800 [pool-719-thread-1] INFO  metrics.RatisMetrics (RatisMetrics.java:lambda$create$0(36)) - Creating Metrics Registry : ratis.state_machine.7ba08779-98dd-4ee1-a6ca-8386ca3b8fbf@group-EB0438883248
2020-11-16 17:32:18,802 [Command processor thread] INFO  metrics.RatisMetrics (RatisMetrics.java:lambda$create$0(36)) - Creating Metrics Registry : ratis.client_message_metrics.client-E52E1EDBB536->6b3f7492-0ca6-4b3b-9a26-869cc0a580f4
2020-11-16 17:32:18,806 [grpc-default-executor-10] INFO  metrics.RatisMetrics (RatisMetrics.java:lambda$create$0(36)) - Creating Metrics Registry : ratis.server_message_metrics.6b3f7492-0ca6-4b3b-9a26-869cc0a580f4
2020-11-16 17:32:18,807 [grpc-default-executor-10] INFO  impl.RaftServerProxy (RaftServerProxy.java:addNew(92)) - 6b3f7492-0ca6-4b3b-9a26-869cc0a580f4: addNew group-EB0438883248:[6b3f7492-0ca6-4b3b-9a26-869cc0a580f4:172.17.0.2:37553:0, 756efa00-9886-4f2c-af17-99a3a9dc2153:172.17.0.2:34565:0, 7ba08779-98dd-4ee1-a6ca-8386ca3b8fbf:172.17.0.2:34067:0] returns group-EB0438883248:java.util.concurrent.CompletableFuture@546b1697[Not completed]
2020-11-16 17:32:18,807 [pool-735-thread-1] INFO  impl.RaftServerImpl (RaftServerImpl.java:<init>(120)) - 6b3f7492-0ca6-4b3b-9a26-869cc0a580f4: new RaftServerImpl for group-EB0438883248:[6b3f7492-0ca6-4b3b-9a26-869cc0a580f4:172.17.0.2:37553:0, 756efa00-9886-4f2c-af17-99a3a9dc2153:172.17.0.2:34565:0, 7ba08779-98dd-4ee1-a6ca-8386ca3b8fbf:172.17.0.2:34067:0] with ContainerStateMachine:uninitialized
2020-11-16 17:32:18,807 [pool-735-thread-1] INFO  server.RaftServerConfigKeys (ConfUtils.java:logGet(44)) - raft.server.rpc.timeout.min = 5s (custom)
2020-11-16 17:32:18,808 [pool-735-thread-1] INFO  server.RaftServerConfigKeys (ConfUtils.java:logGet(44)) - raft.server.rpc.timeout.max = 5200ms (custom)
2020-11-16 17:32:18,808 [pool-735-thread-1] INFO  server.RaftServerConfigKeys (ConfUtils.java:logGet(44)) - raft.server.rpcslowness.timeout = 300000ms (custom)
2020-11-16 17:32:18,808 [pool-735-thread-1] INFO  server.RaftServerConfigKeys (ConfUtils.java:logGet(44)) - raft.server.sleep.deviation.threshold = 300 (default)
2020-11-16 17:32:18,808 [pool-735-thread-1] INFO  server.RaftServerConfigKeys (ConfUtils.java:logGet(44)) - raft.server.log.appender.install.snapshot.enabled = false (custom)
2020-11-16 17:32:18,808 [pool-735-thread-1] INFO  impl.RaftServerImpl (ServerState.java:<init>(104)) - 6b3f7492-0ca6-4b3b-9a26-869cc0a580f4@group-EB0438883248: ConfigurationManager, init=-1: [6b3f7492-0ca6-4b3b-9a26-869cc0a580f4:172.17.0.2:37553:0, 756efa00-9886-4f2c-af17-99a3a9dc2153:172.17.0.2:34565:0, 7ba08779-98dd-4ee1-a6ca-8386ca3b8fbf:172.17.0.2:34067:0], old=null, confs=<EMPTY_MAP>
2020-11-16 17:32:18,808 [pool-735-thread-1] INFO  server.RaftServerConfigKeys (ConfUtils.java:logGet(44)) - raft.server.storage.dir = [/github/workspace/mnt/ozone/hadoop-ozone/integration-test/target/test-dir/MiniOzoneClusterImpl-7523e9d5-68c3-40ce-b00f-57fa4c553895/datanode-6/data/ratis] (custom)
2020-11-16 17:32:18,808 [pool-735-thread-1] INFO  server.RaftServerConfigKeys (ConfUtils.java:logGet(44)) - raft.server.log.corruption.policy = EXCEPTION (default)
2020-11-16 17:32:18,808 [pool-735-thread-1] INFO  storage.RaftStorageDirectory (RaftStorageDirectory.java:analyzeStorage(261)) - The storage directory /github/workspace/mnt/ozone/hadoop-ozone/integration-test/target/test-dir/MiniOzoneClusterImpl-7523e9d5-68c3-40ce-b00f-57fa4c553895/datanode-6/data/ratis/7a6872e7-5ad5-4718-85f6-eb0438883248 does not exist. Creating ...
2020-11-16 17:32:18,809 [pool-735-thread-1] INFO  storage.RaftStorageDirectory (RaftStorageDirectory.java:tryLock(343)) - Lock on /github/workspace/mnt/ozone/hadoop-ozone/integration-test/target/test-dir/MiniOzoneClusterImpl-7523e9d5-68c3-40ce-b00f-57fa4c553895/datanode-6/data/ratis/7a6872e7-5ad5-4718-85f6-eb0438883248/in_use.lock acquired by nodename 814@17b325b6a691
2020-11-16 17:32:18,810 [pool-735-thread-1] INFO  storage.RaftStorage (RaftStorage.java:format(84)) - Storage directory /github/workspace/mnt/ozone/hadoop-ozone/integration-test/target/test-dir/MiniOzoneClusterImpl-7523e9d5-68c3-40ce-b00f-57fa4c553895/datanode-6/data/ratis/7a6872e7-5ad5-4718-85f6-eb0438883248 has been successfully formatted.
2020-11-16 17:32:18,810 [pool-735-thread-1] INFO  ratis.ContainerStateMachine (ContainerStateMachine.java:loadSnapshot(225)) - group-EB0438883248: The snapshot info is null. Setting the last applied indexto:(t:0, i:~)
2020-11-16 17:32:18,810 [pool-735-thread-1] INFO  server.RaftServerConfigKeys (ConfUtils.java:logGet(44)) - raft.server.notification.no-leader.timeout = 300000ms (custom)
2020-11-16 17:32:18,810 [pool-735-thread-1] INFO  server.RaftServerConfigKeys (ConfUtils.java:logGet(44)) - raft.server.log.use.memory = false (default)
2020-11-16 17:32:18,811 [pool-735-thread-1] INFO  server.RaftServerConfigKeys (ConfUtils.java:logGet(44)) - raft.server.log.purge.gap = 1000000 (custom)
2020-11-16 17:32:18,811 [pool-735-thread-1] INFO  metrics.RatisMetrics (RatisMetrics.java:lambda$create$0(36)) - Creating Metrics Registry : ratis.log_worker.6b3f7492-0ca6-4b3b-9a26-869cc0a580f4@group-EB0438883248
2020-11-16 17:32:18,811 [pool-735-thread-1] INFO  server.RaftServerConfigKeys (ConfUtils.java:logGet(44)) - raft.server.log.appender.buffer.byte-limit = 33554432 (custom)
2020-11-16 17:32:18,811 [pool-735-thread-1] INFO  server.RaftServerConfigKeys (ConfUtils.java:logGet(44)) - raft.server.log.segment.size.max = 1048576 (custom)
2020-11-16 17:32:18,812 [pool-735-thread-1] INFO  server.RaftServerConfigKeys (ConfUtils.java:logGet(44)) - raft.server.log.segment.cache.num.max = 2 (custom)
2020-11-16 17:32:18,812 [pool-735-thread-1] INFO  segmented.SegmentedRaftLogWorker (SegmentedRaftLogWorker.java:<init>(180)) - new 6b3f7492-0ca6-4b3b-9a26-869cc0a580f4@group-EB0438883248-SegmentedRaftLogWorker for RaftStorage:Storage Directory /github/workspace/mnt/ozone/hadoop-ozone/integration-test/target/test-dir/MiniOzoneClusterImpl-7523e9d5-68c3-40ce-b00f-57fa4c553895/datanode-6/data/ratis/7a6872e7-5ad5-4718-85f6-eb0438883248
2020-11-16 17:32:18,812 [pool-735-thread-1] INFO  server.RaftServerConfigKeys (ConfUtils.java:logGet(44)) - raft.server.log.queue.byte-limit = 2147483647 (custom)
2020-11-16 17:32:18,812 [pool-735-thread-1] INFO  server.RaftServerConfigKeys (ConfUtils.java:logGet(44)) - raft.server.log.queue.element-limit = 1024 (custom)
2020-11-16 17:32:18,812 [pool-735-thread-1] INFO  server.RaftServerConfigKeys (ConfUtils.java:logGet(44)) - raft.server.log.segment.size.max = 1048576 (custom)
2020-11-16 17:32:18,812 [pool-735-thread-1] INFO  server.RaftServerConfigKeys (ConfUtils.java:logGet(44)) - raft.server.log.preallocated.size = 16384 (custom)
2020-11-16 17:32:18,812 [pool-735-thread-1] INFO  server.RaftServerConfigKeys (ConfUtils.java:logGet(44)) - raft.server.log.write.buffer.size = 1048576 (custom)
2020-11-16 17:32:18,812 [pool-735-thread-1] INFO  server.RaftServerConfigKeys (ConfUtils.java:logGet(44)) - raft.server.log.force.sync.num = 128 (default)
2020-11-16 17:32:18,812 [pool-735-thread-1] INFO  server.RaftServerConfigKeys (ConfUtils.java:logGet(44)) - raft.server.log.statemachine.data.sync = true (default)
2020-11-16 17:32:18,812 [pool-735-thread-1] INFO  server.RaftServerConfigKeys (ConfUtils.java:logGet(44)) - raft.server.log.statemachine.data.sync.timeout = 10s (default)
2020-11-16 17:32:18,813 [pool-735-thread-1] INFO  server.RaftServerConfigKeys (ConfUtils.java:logGet(44)) - raft.server.log.statemachine.data.sync.timeout.retry = -1 (default)
2020-11-16 17:32:18,815 [pool-735-thread-1] INFO  server.RaftServerConfigKeys (ConfUtils.java:logGet(44)) - raft.server.log.statemachine.data.caching.enabled = true (custom)
2020-11-16 17:32:18,815 [pool-735-thread-1] INFO  segmented.SegmentedRaftLogWorker (SegmentedRaftLogWorker.java:lambda$new$0(129)) - 6b3f7492-0ca6-4b3b-9a26-869cc0a580f4@group-EB0438883248-SegmentedRaftLogWorker: flushIndex: setUnconditionally 0 -> -1
2020-11-16 17:32:18,815 [pool-735-thread-1] INFO  segmented.SegmentedRaftLogWorker (SegmentedRaftLogWorker.java:lambda$new$0(129)) - 6b3f7492-0ca6-4b3b-9a26-869cc0a580f4@group-EB0438883248-SegmentedRaftLogWorker: safeCacheEvictIndex: setUnconditionally 0 -> -1
2020-11-16 17:32:18,815 [pool-735-thread-1] INFO  server.RaftServerConfigKeys (ConfUtils.java:logGet(44)) - raft.server.snapshot.auto.trigger.enabled = true (custom)
2020-11-16 17:32:18,815 [pool-735-thread-1] INFO  server.RaftServerConfigKeys (ConfUtils.java:logGet(44)) - raft.server.snapshot.auto.trigger.threshold = 10000 (custom)
2020-11-16 17:32:18,815 [pool-735-thread-1] INFO  server.RaftServerConfigKeys (ConfUtils.java:logGet(44)) - raft.server.snapshot.retention.file.num = 5 (custom)
2020-11-16 17:32:18,815 [pool-735-thread-1] INFO  server.RaftServerConfigKeys (ConfUtils.java:logGet(44)) - raft.server.log.purge.upto.snapshot.index = false (default)
2020-11-16 17:32:18,816 [pool-735-thread-1] INFO  server.RaftServerConfigKeys (ConfUtils.java:logGet(44)) - raft.server.retrycache.expirytime = 600000ms (custom)
2020-11-16 17:32:18,816 [pool-735-thread-1] INFO  metrics.RatisMetrics (RatisMetrics.java:lambda$create$0(36)) - Creating Metrics Registry : ratis.leader_election.6b3f7492-0ca6-4b3b-9a26-869cc0a580f4@group-EB0438883248
2020-11-16 17:32:18,816 [pool-735-thread-1] INFO  metrics.RatisMetrics (RatisMetrics.java:lambda$create$0(36)) - Creating Metrics Registry : ratis.server.6b3f7492-0ca6-4b3b-9a26-869cc0a580f4@group-EB0438883248
2020-11-16 17:32:18,818 [pool-735-thread-1] INFO  impl.RaftServerImpl (RaftServerImpl.java:start(209)) - 6b3f7492-0ca6-4b3b-9a26-869cc0a580f4@group-EB0438883248: start as a follower, conf=-1: [6b3f7492-0ca6-4b3b-9a26-869cc0a580f4:172.17.0.2:37553:0, 756efa00-9886-4f2c-af17-99a3a9dc2153:172.17.0.2:34565:0, 7ba08779-98dd-4ee1-a6ca-8386ca3b8fbf:172.17.0.2:34067:0], old=null
2020-11-16 17:32:18,818 [pool-735-thread-1] INFO  impl.RaftServerImpl (RaftServerImpl.java:setRole(198)) - 6b3f7492-0ca6-4b3b-9a26-869cc0a580f4@group-EB0438883248: changes role from      null to FOLLOWER at term 0 for startAsFollower
2020-11-16 17:32:18,818 [pool-735-thread-1] INFO  impl.RoleInfo (RoleInfo.java:updateAndGet(143)) - 6b3f7492-0ca6-4b3b-9a26-869cc0a580f4: start FollowerState
2020-11-16 17:32:18,818 [pool-735-thread-1] INFO  util.JmxRegister (JmxRegister.java:tryRegister(44)) - Successfully registered JMX Bean with object name Ratis:service=RaftServer,group=group-EB0438883248,id=6b3f7492-0ca6-4b3b-9a26-869cc0a580f4
2020-11-16 17:32:18,818 [pool-735-thread-1] INFO  metrics.RatisMetrics (RatisMetrics.java:lambda$create$0(36)) - Creating Metrics Registry : ratis.state_machine.6b3f7492-0ca6-4b3b-9a26-869cc0a580f4@group-EB0438883248
2020-11-16 17:32:18,823 [Command processor thread] INFO  metrics.RatisMetrics (RatisMetrics.java:lambda$create$0(36)) - Creating Metrics Registry : ratis.client_message_metrics.client-910B523C9BCB->756efa00-9886-4f2c-af17-99a3a9dc2153
2020-11-16 17:32:18,827 [Command processor thread] WARN  commandhandler.CreatePipelineCommandHandler (CreatePipelineCommandHandler.java:lambda$handle$1(103)) - Add group failed for 756efa00-9886-4f2c-af17-99a3a9dc2153{ip: 172.17.0.2, host: 17b325b6a691, networkLocation: /default-rack, certSerialId: null}
java.io.IOException: org.apache.ratis.thirdparty.io.grpc.StatusRuntimeException: UNAVAILABLE: io exception
	at org.apache.ratis.grpc.GrpcUtil.unwrapException(GrpcUtil.java:92)
	at org.apache.ratis.grpc.client.GrpcClientProtocolClient.blockingCall(GrpcClientProtocolClient.java:187)
	at org.apache.ratis.grpc.client.GrpcClientProtocolClient.groupAdd(GrpcClientProtocolClient.java:156)
	at org.apache.ratis.grpc.client.GrpcClientRpc.sendRequest(GrpcClientRpc.java:96)
	at org.apache.ratis.client.impl.RaftClientImpl.sendRequest(RaftClientImpl.java:365)
	at org.apache.ratis.client.impl.RaftClientImpl.groupAdd(RaftClientImpl.java:275)
	at org.apache.hadoop.ozone.container.common.statemachine.commandhandler.CreatePipelineCommandHandler.lambda$handle$1(CreatePipelineCommandHandler.java:99)
	at java.util.stream.ForEachOps$ForEachOp$OfRef.accept(ForEachOps.java:183)
	at java.util.stream.ReferencePipeline$2$1.accept(ReferencePipeline.java:175)
	at java.util.ArrayList$ArrayListSpliterator.forEachRemaining(ArrayList.java:1382)
	at java.util.stream.AbstractPipeline.copyInto(AbstractPipeline.java:482)
	at java.util.stream.AbstractPipeline.wrapAndCopyInto(AbstractPipeline.java:472)
	at java.util.stream.ForEachOps$ForEachOp.evaluateSequential(ForEachOps.java:150)
	at java.util.stream.ForEachOps$ForEachOp$OfRef.evaluateSequential(ForEachOps.java:173)
	at java.util.stream.AbstractPipeline.evaluate(AbstractPipeline.java:234)
	at java.util.stream.ReferencePipeline.forEach(ReferencePipeline.java:485)
	at org.apache.hadoop.ozone.container.common.statemachine.commandhandler.CreatePipelineCommandHandler.handle(CreatePipelineCommandHandler.java:95)
	at org.apache.hadoop.ozone.container.common.statemachine.commandhandler.CommandDispatcher.handle(CommandDispatcher.java:99)
	at org.apache.hadoop.ozone.container.common.statemachine.DatanodeStateMachine.lambda$initCommandHandlerThread$2(DatanodeStateMachine.java:496)
	at java.lang.Thread.run(Thread.java:748)
Caused by: org.apache.ratis.thirdparty.io.grpc.StatusRuntimeException: UNAVAILABLE: io exception
	at org.apache.ratis.thirdparty.io.grpc.stub.ClientCalls.toStatusRuntimeException(ClientCalls.java:244)
	at org.apache.ratis.thirdparty.io.grpc.stub.ClientCalls.getUnchecked(ClientCalls.java:225)
	at org.apache.ratis.thirdparty.io.grpc.stub.ClientCalls.blockingUnaryCall(ClientCalls.java:142)
	at org.apache.ratis.proto.grpc.AdminProtocolServiceGrpc$AdminProtocolServiceBlockingStub.groupManagement(AdminProtocolServiceGrpc.java:284)
	at org.apache.ratis.grpc.client.GrpcClientProtocolClient.lambda$groupAdd$3(GrpcClientProtocolClient.java:158)
	at org.apache.ratis.grpc.client.GrpcClientProtocolClient.blockingCall(GrpcClientProtocolClient.java:185)
	... 18 more
Caused by: org.apache.ratis.thirdparty.io.netty.channel.AbstractChannel$AnnotatedConnectException: Connection refused: /172.17.0.2:34565
Caused by: java.net.ConnectException: Connection refused
	at sun.nio.ch.SocketChannelImpl.checkConnect(Native Method)
	at sun.nio.ch.SocketChannelImpl.finishConnect(SocketChannelImpl.java:717)
	at org.apache.ratis.thirdparty.io.netty.channel.socket.nio.NioSocketChannel.doFinishConnect(NioSocketChannel.java:330)
	at org.apache.ratis.thirdparty.io.netty.channel.nio.AbstractNioChannel$AbstractNioUnsafe.finishConnect(AbstractNioChannel.java:334)
	at org.apache.ratis.thirdparty.io.netty.channel.nio.NioEventLoop.processSelectedKey(NioEventLoop.java:702)
	at org.apache.ratis.thirdparty.io.netty.channel.nio.NioEventLoop.processSelectedKeysOptimized(NioEventLoop.java:650)
	at org.apache.ratis.thirdparty.io.netty.channel.nio.NioEventLoop.processSelectedKeys(NioEventLoop.java:576)
	at org.apache.ratis.thirdparty.io.netty.channel.nio.NioEventLoop.run(NioEventLoop.java:493)
	at org.apache.ratis.thirdparty.io.netty.util.concurrent.SingleThreadEventExecutor$4.run(SingleThreadEventExecutor.java:989)
	at org.apache.ratis.thirdparty.io.netty.util.internal.ThreadExecutorMap$2.run(ThreadExecutorMap.java:74)
	at org.apache.ratis.thirdparty.io.netty.util.concurrent.FastThreadLocalRunnable.run(FastThreadLocalRunnable.java:30)
	at java.lang.Thread.run(Thread.java:748)
2020-11-16 17:32:18,827 [Command processor thread] INFO  commandhandler.CreatePipelineCommandHandler (CreatePipelineCommandHandler.java:handle(106)) - Created Pipeline RATIS THREE PipelineID=7a6872e7-5ad5-4718-85f6-eb0438883248.
2020-11-16 17:32:18,827 [Command processor thread] INFO  impl.RaftServerProxy (RaftServerProxy.java:remove(103)) - 7ba08779-98dd-4ee1-a6ca-8386ca3b8fbf: remove  FOLLOWER 7ba08779-98dd-4ee1-a6ca-8386ca3b8fbf@group-BB1F04BDC3DE:t2, leader=756efa00-9886-4f2c-af17-99a3a9dc2153, voted=756efa00-9886-4f2c-af17-99a3a9dc2153, raftlog=7ba08779-98dd-4ee1-a6ca-8386ca3b8fbf@group-BB1F04BDC3DE-SegmentedRaftLog:OPENED:c18,f18,i18, conf=17: [756efa00-9886-4f2c-af17-99a3a9dc2153:172.17.0.2:34565:0, 7ba08779-98dd-4ee1-a6ca-8386ca3b8fbf:172.17.0.2:34067:0, cc30a5ad-4207-4291-85e5-33833db84af4:172.17.0.2:36663:0], old=null RUNNING
2020-11-16 17:32:18,827 [Command processor thread] INFO  impl.RaftServerImpl (RaftServerImpl.java:lambda$shutdown$3(321)) - 7ba08779-98dd-4ee1-a6ca-8386ca3b8fbf@group-BB1F04BDC3DE: shutdown
2020-11-16 17:32:18,827 [Command processor thread] INFO  util.JmxRegister (JmxRegister.java:unregister(73)) - Successfully un-registered JMX Bean with object name Ratis:service=RaftServer,group=group-BB1F04BDC3DE,id=7ba08779-98dd-4ee1-a6ca-8386ca3b8fbf
2020-11-16 17:32:18,827 [Command processor thread] INFO  impl.RoleInfo (RoleInfo.java:shutdownFollowerState(121)) - 7ba08779-98dd-4ee1-a6ca-8386ca3b8fbf: shutdown FollowerState
2020-11-16 17:32:18,828 [Thread-2712] INFO  impl.FollowerState (FollowerState.java:run(117)) - 7ba08779-98dd-4ee1-a6ca-8386ca3b8fbf@group-BB1F04BDC3DE-FollowerState was interrupted: java.lang.InterruptedException: sleep interrupted
2020-11-16 17:32:18,828 [Command processor thread] INFO  impl.StateMachineUpdater (StateMachineUpdater.java:stopAndJoin(142)) - 7ba08779-98dd-4ee1-a6ca-8386ca3b8fbf@group-BB1F04BDC3DE-StateMachineUpdater: set stopIndex = 18
2020-11-16 17:32:18,828 [7ba08779-98dd-4ee1-a6ca-8386ca3b8fbf@group-BB1F04BDC3DE-StateMachineUpdater] INFO  ratis.ContainerStateMachine (ContainerStateMachine.java:takeSnapshot(293)) - group-BB1F04BDC3DE: Taking a snapshot at:(t:2, i:18) file /github/workspace/mnt/ozone/hadoop-ozone/integration-test/target/test-dir/MiniOzoneClusterImpl-7523e9d5-68c3-40ce-b00f-57fa4c553895/datanode-5/data/ratis/24132c28-f07d-4eb2-8506-bb1f04bdc3de/sm/snapshot.2_18
2020-11-16 17:32:18,829 [7ba08779-98dd-4ee1-a6ca-8386ca3b8fbf@group-BB1F04BDC3DE-StateMachineUpdater] INFO  ratis.ContainerStateMachine (ContainerStateMachine.java:takeSnapshot(304)) - group-BB1F04BDC3DE: Finished taking a snapshot at:(t:2, i:18) file:/github/workspace/mnt/ozone/hadoop-ozone/integration-test/target/test-dir/MiniOzoneClusterImpl-7523e9d5-68c3-40ce-b00f-57fa4c553895/datanode-5/data/ratis/24132c28-f07d-4eb2-8506-bb1f04bdc3de/sm/snapshot.2_18 time:1
2020-11-16 17:32:18,829 [7ba08779-98dd-4ee1-a6ca-8386ca3b8fbf@group-BB1F04BDC3DE-StateMachineUpdater] INFO  impl.StateMachineUpdater (StateMachineUpdater.java:takeSnapshot(277)) - 7ba08779-98dd-4ee1-a6ca-8386ca3b8fbf@group-BB1F04BDC3DE-StateMachineUpdater: Took a snapshot at index 18
2020-11-16 17:32:18,829 [7ba08779-98dd-4ee1-a6ca-8386ca3b8fbf@group-BB1F04BDC3DE-StateMachineUpdater] INFO  impl.StateMachineUpdater (StateMachineUpdater.java:lambda$new$0(87)) - 7ba08779-98dd-4ee1-a6ca-8386ca3b8fbf@group-BB1F04BDC3DE-StateMachineUpdater: snapshotIndex: updateIncreasingly -1 -> 18
2020-11-16 17:32:18,829 [7ba08779-98dd-4ee1-a6ca-8386ca3b8fbf@group-BB1F04BDC3DE-StateMachineUpdater] INFO  metrics.RatisMetrics (RatisMetrics.java:unregister(43)) - Unregistering Metrics Registry : ratis.state_machine.7ba08779-98dd-4ee1-a6ca-8386ca3b8fbf@group-BB1F04BDC3DE
2020-11-16 17:32:18,829 [Command processor thread] INFO  impl.RaftServerImpl (ServerState.java:close(405)) - 7ba08779-98dd-4ee1-a6ca-8386ca3b8fbf@group-BB1F04BDC3DE: closes. applyIndex: 18
2020-11-16 17:32:18,830 [7ba08779-98dd-4ee1-a6ca-8386ca3b8fbf@group-BB1F04BDC3DE-SegmentedRaftLogWorker] INFO  segmented.SegmentedRaftLogWorker (SegmentedRaftLogWorker.java:run(327)) - 7ba08779-98dd-4ee1-a6ca-8386ca3b8fbf@group-BB1F04BDC3DE-SegmentedRaftLogWorker was interrupted, exiting. There are 0 tasks remaining in the queue.
2020-11-16 17:32:18,830 [Command processor thread] INFO  segmented.SegmentedRaftLogWorker (SegmentedRaftLogWorker.java:close(234)) - 7ba08779-98dd-4ee1-a6ca-8386ca3b8fbf@group-BB1F04BDC3DE-SegmentedRaftLogWorker close()
2020-11-16 17:32:18,830 [Command processor thread] INFO  metrics.RatisMetrics (RatisMetrics.java:unregister(43)) - Unregistering Metrics Registry : ratis.log_worker.7ba08779-98dd-4ee1-a6ca-8386ca3b8fbf@group-BB1F04BDC3DE
2020-11-16 17:32:18,830 [Command processor thread] INFO  metrics.RatisMetrics (RatisMetrics.java:unregister(43)) - Unregistering Metrics Registry : ratis.leader_election.7ba08779-98dd-4ee1-a6ca-8386ca3b8fbf@group-BB1F04BDC3DE
2020-11-16 17:32:18,830 [Command processor thread] INFO  metrics.RatisMetrics (RatisMetrics.java:unregister(43)) - Unregistering Metrics Registry : ratis.server.7ba08779-98dd-4ee1-a6ca-8386ca3b8fbf@group-BB1F04BDC3DE
2020-11-16 17:32:18,831 [Command processor thread] INFO  impl.RaftServerImpl (RaftServerImpl.java:groupRemove(292)) - 7ba08779-98dd-4ee1-a6ca-8386ca3b8fbf@group-BB1F04BDC3DE: Succeed to remove RaftStorageDirectory Storage Directory /github/workspace/mnt/ozone/hadoop-ozone/integration-test/target/test-dir/MiniOzoneClusterImpl-7523e9d5-68c3-40ce-b00f-57fa4c553895/datanode-5/data/ratis/24132c28-f07d-4eb2-8506-bb1f04bdc3de
2020-11-16 17:32:18,832 [Command processor thread] INFO  keyvalue.KeyValueContainer (KeyValueContainer.java:flushAndSyncDB(388)) - Container 1 is synced with bcsId 14.
2020-11-16 17:32:18,832 [Command processor thread] INFO  keyvalue.KeyValueContainer (KeyValueContainer.java:flushAndSyncDB(388)) - Container 1 is synced with bcsId 14.
2020-11-16 17:32:18,835 [Command processor thread] INFO  commandhandler.ClosePipelineCommandHandler (ClosePipelineCommandHandler.java:handle(75)) - Close Pipeline PipelineID=24132c28-f07d-4eb2-8506-bb1f04bdc3de command on datanode 7ba08779-98dd-4ee1-a6ca-8386ca3b8fbf.
2020-11-16 17:32:18,835 [Command processor thread] INFO  impl.RaftServerProxy (RaftServerProxy.java:remove(103)) - 7ba08779-98dd-4ee1-a6ca-8386ca3b8fbf: remove  FOLLOWER 7ba08779-98dd-4ee1-a6ca-8386ca3b8fbf@group-86BCF01837AD:t2, leader=756efa00-9886-4f2c-af17-99a3a9dc2153, voted=756efa00-9886-4f2c-af17-99a3a9dc2153, raftlog=7ba08779-98dd-4ee1-a6ca-8386ca3b8fbf@group-86BCF01837AD-SegmentedRaftLog:OPENED:c2,f2,i2, conf=1: [756efa00-9886-4f2c-af17-99a3a9dc2153:172.17.0.2:34565:0, 7ba08779-98dd-4ee1-a6ca-8386ca3b8fbf:172.17.0.2:34067:0, cc30a5ad-4207-4291-85e5-33833db84af4:172.17.0.2:36663:0], old=null RUNNING
2020-11-16 17:32:18,835 [Command processor thread] INFO  impl.RaftServerImpl (RaftServerImpl.java:lambda$shutdown$3(321)) - 7ba08779-98dd-4ee1-a6ca-8386ca3b8fbf@group-86BCF01837AD: shutdown
2020-11-16 17:32:18,835 [Command processor thread] INFO  util.JmxRegister (JmxRegister.java:unregister(73)) - Successfully un-registered JMX Bean with object name Ratis:service=RaftServer,group=group-86BCF01837AD,id=7ba08779-98dd-4ee1-a6ca-8386ca3b8fbf
2020-11-16 17:32:18,837 [Command processor thread] INFO  impl.RoleInfo (RoleInfo.java:shutdownFollowerState(121)) - 7ba08779-98dd-4ee1-a6ca-8386ca3b8fbf: shutdown FollowerState
2020-11-16 17:32:18,836 [EventQueue-IncrementalContainerReportForIncrementalContainerReportHandler] INFO  container.IncrementalContainerReportHandler (AbstractContainerReportHandler.java:updateContainerState(208)) - Moving container #1 to QUASI_CLOSED state, datanode 7ba08779-98dd-4ee1-a6ca-8386ca3b8fbf{ip: 172.17.0.2, host: 17b325b6a691, networkLocation: /default-rack, certSerialId: null} reported QUASI_CLOSED replica.
2020-11-16 17:32:18,837 [7ba08779-98dd-4ee1-a6ca-8386ca3b8fbf@group-86BCF01837AD-StateMachineUpdater] INFO  ratis.ContainerStateMachine (ContainerStateMachine.java:takeSnapshot(293)) - group-86BCF01837AD: Taking a snapshot at:(t:2, i:2) file /github/workspace/mnt/ozone/hadoop-ozone/integration-test/target/test-dir/MiniOzoneClusterImpl-7523e9d5-68c3-40ce-b00f-57fa4c553895/datanode-5/data/ratis/777897be-e92b-4fe4-a6ef-86bcf01837ad/sm/snapshot.2_2
2020-11-16 17:32:18,837 [Thread-2688] INFO  impl.FollowerState (FollowerState.java:run(117)) - 7ba08779-98dd-4ee1-a6ca-8386ca3b8fbf@group-86BCF01837AD-FollowerState was interrupted: java.lang.InterruptedException: sleep interrupted
2020-11-16 17:32:18,837 [Command processor thread] INFO  impl.StateMachineUpdater (StateMachineUpdater.java:stopAndJoin(142)) - 7ba08779-98dd-4ee1-a6ca-8386ca3b8fbf@group-86BCF01837AD-StateMachineUpdater: set stopIndex = 2
2020-11-16 17:32:18,837 [7ba08779-98dd-4ee1-a6ca-8386ca3b8fbf@group-86BCF01837AD-StateMachineUpdater] INFO  ratis.ContainerStateMachine (ContainerStateMachine.java:takeSnapshot(304)) - group-86BCF01837AD: Finished taking a snapshot at:(t:2, i:2) file:/github/workspace/mnt/ozone/hadoop-ozone/integration-test/target/test-dir/MiniOzoneClusterImpl-7523e9d5-68c3-40ce-b00f-57fa4c553895/datanode-5/data/ratis/777897be-e92b-4fe4-a6ef-86bcf01837ad/sm/snapshot.2_2 time:0
2020-11-16 17:32:18,838 [7ba08779-98dd-4ee1-a6ca-8386ca3b8fbf@group-86BCF01837AD-StateMachineUpdater] INFO  impl.StateMachineUpdater (StateMachineUpdater.java:takeSnapshot(277)) - 7ba08779-98dd-4ee1-a6ca-8386ca3b8fbf@group-86BCF01837AD-StateMachineUpdater: Took a snapshot at index 2
2020-11-16 17:32:18,838 [7ba08779-98dd-4ee1-a6ca-8386ca3b8fbf@group-86BCF01837AD-StateMachineUpdater] INFO  impl.StateMachineUpdater (StateMachineUpdater.java:lambda$new$0(87)) - 7ba08779-98dd-4ee1-a6ca-8386ca3b8fbf@group-86BCF01837AD-StateMachineUpdater: snapshotIndex: updateIncreasingly -1 -> 2
2020-11-16 17:32:18,838 [7ba08779-98dd-4ee1-a6ca-8386ca3b8fbf@group-86BCF01837AD-StateMachineUpdater] INFO  metrics.RatisMetrics (RatisMetrics.java:unregister(43)) - Unregistering Metrics Registry : ratis.state_machine.7ba08779-98dd-4ee1-a6ca-8386ca3b8fbf@group-86BCF01837AD
2020-11-16 17:32:18,838 [Command processor thread] INFO  impl.RaftServerImpl (ServerState.java:close(405)) - 7ba08779-98dd-4ee1-a6ca-8386ca3b8fbf@group-86BCF01837AD: closes. applyIndex: 2
2020-11-16 17:32:18,838 [7ba08779-98dd-4ee1-a6ca-8386ca3b8fbf@group-86BCF01837AD-SegmentedRaftLogWorker] INFO  segmented.SegmentedRaftLogWorker (SegmentedRaftLogWorker.java:run(327)) - 7ba08779-98dd-4ee1-a6ca-8386ca3b8fbf@group-86BCF01837AD-SegmentedRaftLogWorker was interrupted, exiting. There are 0 tasks remaining in the queue.
2020-11-16 17:32:18,838 [Command processor thread] INFO  segmented.SegmentedRaftLogWorker (SegmentedRaftLogWorker.java:close(234)) - 7ba08779-98dd-4ee1-a6ca-8386ca3b8fbf@group-86BCF01837AD-SegmentedRaftLogWorker close()
2020-11-16 17:32:18,838 [Command processor thread] INFO  metrics.RatisMetrics (RatisMetrics.java:unregister(43)) - Unregistering Metrics Registry : ratis.log_worker.7ba08779-98dd-4ee1-a6ca-8386ca3b8fbf@group-86BCF01837AD
2020-11-16 17:32:18,838 [Command processor thread] INFO  metrics.RatisMetrics (RatisMetrics.java:unregister(43)) - Unregistering Metrics Registry : ratis.leader_election.7ba08779-98dd-4ee1-a6ca-8386ca3b8fbf@group-86BCF01837AD
2020-11-16 17:32:18,838 [Command processor thread] INFO  metrics.RatisMetrics (RatisMetrics.java:unregister(43)) - Unregistering Metrics Registry : ratis.server.7ba08779-98dd-4ee1-a6ca-8386ca3b8fbf@group-86BCF01837AD
2020-11-16 17:32:18,839 [Command processor thread] INFO  impl.RaftServerImpl (RaftServerImpl.java:groupRemove(292)) - 7ba08779-98dd-4ee1-a6ca-8386ca3b8fbf@group-86BCF01837AD: Succeed to remove RaftStorageDirectory Storage Directory /github/workspace/mnt/ozone/hadoop-ozone/integration-test/target/test-dir/MiniOzoneClusterImpl-7523e9d5-68c3-40ce-b00f-57fa4c553895/datanode-5/data/ratis/777897be-e92b-4fe4-a6ef-86bcf01837ad
2020-11-16 17:32:18,839 [Command processor thread] INFO  commandhandler.ClosePipelineCommandHandler (ClosePipelineCommandHandler.java:handle(75)) - Close Pipeline PipelineID=777897be-e92b-4fe4-a6ef-86bcf01837ad command on datanode 7ba08779-98dd-4ee1-a6ca-8386ca3b8fbf.
2020-11-16 17:32:18,839 [Command processor thread] WARN  impl.RaftServerProxy (RaftServerProxy.java:remove(98)) - 7ba08779-98dd-4ee1-a6ca-8386ca3b8fbf: does not contain group: group-BB1F04BDC3DE
2020-11-16 17:32:18,840 [Command processor thread] ERROR commandhandler.ClosePipelineCommandHandler (ClosePipelineCommandHandler.java:handle(78)) - Can't close pipeline PipelineID=24132c28-f07d-4eb2-8506-bb1f04bdc3de
java.io.IOException: 7ba08779-98dd-4ee1-a6ca-8386ca3b8fbf: Group group-BB1F04BDC3DE not found.
	at org.apache.hadoop.ozone.container.common.transport.server.ratis.XceiverServerRatis.removeGroup(XceiverServerRatis.java:774)
	at org.apache.hadoop.ozone.container.common.statemachine.commandhandler.ClosePipelineCommandHandler.handle(ClosePipelineCommandHandler.java:74)
	at org.apache.hadoop.ozone.container.common.statemachine.commandhandler.CommandDispatcher.handle(CommandDispatcher.java:99)
	at org.apache.hadoop.ozone.container.common.statemachine.DatanodeStateMachine.lambda$initCommandHandlerThread$2(DatanodeStateMachine.java:496)
	at java.lang.Thread.run(Thread.java:748)
Caused by: org.apache.ratis.protocol.exceptions.GroupMismatchException: 7ba08779-98dd-4ee1-a6ca-8386ca3b8fbf: Group group-BB1F04BDC3DE not found.
	at org.apache.ratis.server.impl.RaftServerProxy.groupRemoveAsync(RaftServerProxy.java:419)
	at org.apache.ratis.server.impl.RaftServerProxy.groupManagementAsync(RaftServerProxy.java:375)
	at org.apache.ratis.server.impl.RaftServerProxy.groupManagement(RaftServerProxy.java:358)
	at org.apache.hadoop.ozone.container.common.transport.server.ratis.XceiverServerRatis.removeGroup(XceiverServerRatis.java:772)
	... 4 more
2020-11-16 17:32:18,840 [Command processor thread] WARN  impl.RaftServerProxy (RaftServerProxy.java:remove(98)) - 7ba08779-98dd-4ee1-a6ca-8386ca3b8fbf: does not contain group: group-86BCF01837AD
2020-11-16 17:32:18,840 [Command processor thread] ERROR commandhandler.ClosePipelineCommandHandler (ClosePipelineCommandHandler.java:handle(78)) - Can't close pipeline PipelineID=777897be-e92b-4fe4-a6ef-86bcf01837ad
java.io.IOException: 7ba08779-98dd-4ee1-a6ca-8386ca3b8fbf: Group group-86BCF01837AD not found.
	at org.apache.hadoop.ozone.container.common.transport.server.ratis.XceiverServerRatis.removeGroup(XceiverServerRatis.java:774)
	at org.apache.hadoop.ozone.container.common.statemachine.commandhandler.ClosePipelineCommandHandler.handle(ClosePipelineCommandHandler.java:74)
	at org.apache.hadoop.ozone.container.common.statemachine.commandhandler.CommandDispatcher.handle(CommandDispatcher.java:99)
	at org.apache.hadoop.ozone.container.common.statemachine.DatanodeStateMachine.lambda$initCommandHandlerThread$2(DatanodeStateMachine.java:496)
	at java.lang.Thread.run(Thread.java:748)
Caused by: org.apache.ratis.protocol.exceptions.GroupMismatchException: 7ba08779-98dd-4ee1-a6ca-8386ca3b8fbf: Group group-86BCF01837AD not found.
	at org.apache.ratis.server.impl.RaftServerProxy.groupRemoveAsync(RaftServerProxy.java:419)
	at org.apache.ratis.server.impl.RaftServerProxy.groupManagementAsync(RaftServerProxy.java:375)
	at org.apache.ratis.server.impl.RaftServerProxy.groupManagement(RaftServerProxy.java:358)
	at org.apache.hadoop.ozone.container.common.transport.server.ratis.XceiverServerRatis.removeGroup(XceiverServerRatis.java:772)
	... 4 more
2020-11-16 17:32:18,840 [Command processor thread] WARN  impl.RaftServerProxy (RaftServerProxy.java:remove(98)) - 7ba08779-98dd-4ee1-a6ca-8386ca3b8fbf: does not contain group: group-BB1F04BDC3DE
2020-11-16 17:32:18,840 [Command processor thread] ERROR commandhandler.ClosePipelineCommandHandler (ClosePipelineCommandHandler.java:handle(78)) - Can't close pipeline PipelineID=24132c28-f07d-4eb2-8506-bb1f04bdc3de
java.io.IOException: 7ba08779-98dd-4ee1-a6ca-8386ca3b8fbf: Group group-BB1F04BDC3DE not found.
	at org.apache.hadoop.ozone.container.common.transport.server.ratis.XceiverServerRatis.removeGroup(XceiverServerRatis.java:774)
	at org.apache.hadoop.ozone.container.common.statemachine.commandhandler.ClosePipelineCommandHandler.handle(ClosePipelineCommandHandler.java:74)
	at org.apache.hadoop.ozone.container.common.statemachine.commandhandler.CommandDispatcher.handle(CommandDispatcher.java:99)
	at org.apache.hadoop.ozone.container.common.statemachine.DatanodeStateMachine.lambda$initCommandHandlerThread$2(DatanodeStateMachine.java:496)
	at java.lang.Thread.run(Thread.java:748)
Caused by: org.apache.ratis.protocol.exceptions.GroupMismatchException: 7ba08779-98dd-4ee1-a6ca-8386ca3b8fbf: Group group-BB1F04BDC3DE not found.
	at org.apache.ratis.server.impl.RaftServerProxy.groupRemoveAsync(RaftServerProxy.java:419)
	at org.apache.ratis.server.impl.RaftServerProxy.groupManagementAsync(RaftServerProxy.java:375)
	at org.apache.ratis.server.impl.RaftServerProxy.groupManagement(RaftServerProxy.java:358)
	at org.apache.hadoop.ozone.container.common.transport.server.ratis.XceiverServerRatis.removeGroup(XceiverServerRatis.java:772)
	... 4 more
2020-11-16 17:32:18,841 [Command processor thread] WARN  impl.RaftServerProxy (RaftServerProxy.java:remove(98)) - 7ba08779-98dd-4ee1-a6ca-8386ca3b8fbf: does not contain group: group-86BCF01837AD
2020-11-16 17:32:18,841 [Command processor thread] ERROR commandhandler.ClosePipelineCommandHandler (ClosePipelineCommandHandler.java:handle(78)) - Can't close pipeline PipelineID=777897be-e92b-4fe4-a6ef-86bcf01837ad
java.io.IOException: 7ba08779-98dd-4ee1-a6ca-8386ca3b8fbf: Group group-86BCF01837AD not found.
	at org.apache.hadoop.ozone.container.common.transport.server.ratis.XceiverServerRatis.removeGroup(XceiverServerRatis.java:774)
	at org.apache.hadoop.ozone.container.common.statemachine.commandhandler.ClosePipelineCommandHandler.handle(ClosePipelineCommandHandler.java:74)
	at org.apache.hadoop.ozone.container.common.statemachine.commandhandler.CommandDispatcher.handle(CommandDispatcher.java:99)
	at org.apache.hadoop.ozone.container.common.statemachine.DatanodeStateMachine.lambda$initCommandHandlerThread$2(DatanodeStateMachine.java:496)
	at java.lang.Thread.run(Thread.java:748)
Caused by: org.apache.ratis.protocol.exceptions.GroupMismatchException: 7ba08779-98dd-4ee1-a6ca-8386ca3b8fbf: Group group-86BCF01837AD not found.
	at org.apache.ratis.server.impl.RaftServerProxy.groupRemoveAsync(RaftServerProxy.java:419)
	at org.apache.ratis.server.impl.RaftServerProxy.groupManagementAsync(RaftServerProxy.java:375)
	at org.apache.ratis.server.impl.RaftServerProxy.groupManagement(RaftServerProxy.java:358)
	at org.apache.hadoop.ozone.container.common.transport.server.ratis.XceiverServerRatis.removeGroup(XceiverServerRatis.java:772)
	... 4 more
2020-11-16 17:32:19,463 [grpc-default-executor-10] WARN  server.GrpcLogAppender (LogUtils.java:warn(122)) - e605e0dd-6a71-4a0a-8796-3643e725e1ee@group-959388351DEA->fbf3a64f-640b-4b02-ae41-dab4aff0d596-AppendLogResponseHandler: Failed appendEntries: org.apache.ratis.thirdparty.io.grpc.StatusRuntimeException: UNAVAILABLE: io exception
2020-11-16 17:32:19,464 [grpc-default-executor-10] INFO  impl.FollowerInfo (FollowerInfo.java:lambda$new$0(51)) - e605e0dd-6a71-4a0a-8796-3643e725e1ee@group-959388351DEA->fbf3a64f-640b-4b02-ae41-dab4aff0d596: nextIndex: updateUnconditionally 19 -> 18
2020-11-16 17:32:20,079 [Thread-2545] INFO  impl.FollowerState (FollowerState.java:run(108)) - e605e0dd-6a71-4a0a-8796-3643e725e1ee@group-7ACBF0F3979A-FollowerState: change to CANDIDATE, lastRpcTime:5173ms, electionTimeout:5114ms
2020-11-16 17:32:20,079 [Thread-2545] INFO  impl.RoleInfo (RoleInfo.java:shutdownFollowerState(121)) - e605e0dd-6a71-4a0a-8796-3643e725e1ee: shutdown FollowerState
2020-11-16 17:32:20,079 [Thread-2545] INFO  impl.RaftServerImpl (RaftServerImpl.java:setRole(198)) - e605e0dd-6a71-4a0a-8796-3643e725e1ee@group-7ACBF0F3979A: changes role from  FOLLOWER to CANDIDATE at term 1 for changeToCandidate
2020-11-16 17:32:20,079 [Thread-2545] INFO  impl.RoleInfo (RoleInfo.java:updateAndGet(143)) - e605e0dd-6a71-4a0a-8796-3643e725e1ee: start LeaderElection
2020-11-16 17:32:20,079 [e605e0dd-6a71-4a0a-8796-3643e725e1ee@group-7ACBF0F3979A-LeaderElection94] INFO  impl.RaftServerImpl (ServerState.java:setLeader(256)) - e605e0dd-6a71-4a0a-8796-3643e725e1ee@group-7ACBF0F3979A: change Leader from fbf3a64f-640b-4b02-ae41-dab4aff0d596 to null at term 1 for initElection
2020-11-16 17:32:20,081 [e605e0dd-6a71-4a0a-8796-3643e725e1ee@group-7ACBF0F3979A-LeaderElection94] INFO  impl.LeaderElection (LeaderElection.java:askForVotes(210)) - e605e0dd-6a71-4a0a-8796-3643e725e1ee@group-7ACBF0F3979A-LeaderElection94: begin an election at term 2 for 0: [e605e0dd-6a71-4a0a-8796-3643e725e1ee:172.17.0.2:36279:0, 40c7d372-b34a-46f9-a435-b3894c66894a:172.17.0.2:37525:0, fbf3a64f-640b-4b02-ae41-dab4aff0d596:172.17.0.2:40251:0], old=null
2020-11-16 17:32:20,082 [e605e0dd-6a71-4a0a-8796-3643e725e1ee@group-7ACBF0F3979A-LeaderElection94] INFO  impl.LeaderElection (LogUtils.java:infoOrTrace(137)) - e605e0dd-6a71-4a0a-8796-3643e725e1ee@group-7ACBF0F3979A-LeaderElection94 got exception when requesting votes: java.util.concurrent.ExecutionException: org.apache.ratis.thirdparty.io.grpc.StatusRuntimeException: UNAVAILABLE: io exception
2020-11-16 17:32:20,083 [grpc-default-executor-10] INFO  impl.RaftServerImpl (ServerState.java:setLeader(256)) - 40c7d372-b34a-46f9-a435-b3894c66894a@group-7ACBF0F3979A: change Leader from fbf3a64f-640b-4b02-ae41-dab4aff0d596 to null at term 2 for updateCurrentTerm
2020-11-16 17:32:20,083 [grpc-default-executor-10] INFO  impl.RaftServerImpl (RaftServerImpl.java:setRole(198)) - 40c7d372-b34a-46f9-a435-b3894c66894a@group-7ACBF0F3979A: changes role from  FOLLOWER to FOLLOWER at term 2 for recognizeCandidate:e605e0dd-6a71-4a0a-8796-3643e725e1ee
2020-11-16 17:32:20,083 [grpc-default-executor-10] INFO  impl.RoleInfo (RoleInfo.java:shutdownFollowerState(121)) - 40c7d372-b34a-46f9-a435-b3894c66894a: shutdown FollowerState
2020-11-16 17:32:20,083 [grpc-default-executor-10] INFO  impl.RoleInfo (RoleInfo.java:updateAndGet(143)) - 40c7d372-b34a-46f9-a435-b3894c66894a: start FollowerState
2020-11-16 17:32:20,083 [Thread-2548] INFO  impl.FollowerState (FollowerState.java:run(117)) - 40c7d372-b34a-46f9-a435-b3894c66894a@group-7ACBF0F3979A-FollowerState was interrupted: java.lang.InterruptedException: sleep interrupted
2020-11-16 17:32:20,083 [grpc-default-executor-10] INFO  impl.RaftServerImpl (RaftServerImpl.java:requestVote(923)) -  FOLLOWER 40c7d372-b34a-46f9-a435-b3894c66894a@group-7ACBF0F3979A:t2, leader=null, voted=null, raftlog=40c7d372-b34a-46f9-a435-b3894c66894a@group-7ACBF0F3979A-SegmentedRaftLog:OPENED:c0,f0,i0, conf=0: [e605e0dd-6a71-4a0a-8796-3643e725e1ee:172.17.0.2:36279:0, 40c7d372-b34a-46f9-a435-b3894c66894a:172.17.0.2:37525:0, fbf3a64f-640b-4b02-ae41-dab4aff0d596:172.17.0.2:40251:0], old=null RUNNING priority:0 candidate:e605e0dd-6a71-4a0a-8796-3643e725e1ee:172.17.0.2:36279:0 candidatePriority:0 compare:0
2020-11-16 17:32:20,085 [e605e0dd-6a71-4a0a-8796-3643e725e1ee@group-7ACBF0F3979A-LeaderElection94] INFO  impl.LeaderElection (LeaderElection.java:logAndReturn(62)) - e605e0dd-6a71-4a0a-8796-3643e725e1ee@group-7ACBF0F3979A-LeaderElection94: Election PASSED; received 1 response(s) [e605e0dd-6a71-4a0a-8796-3643e725e1ee<-40c7d372-b34a-46f9-a435-b3894c66894a#0:OK-t2] and 1 exception(s); e605e0dd-6a71-4a0a-8796-3643e725e1ee@group-7ACBF0F3979A:t2, leader=null, voted=e605e0dd-6a71-4a0a-8796-3643e725e1ee, raftlog=e605e0dd-6a71-4a0a-8796-3643e725e1ee@group-7ACBF0F3979A-SegmentedRaftLog:OPENED:c0,f0,i0, conf=0: [e605e0dd-6a71-4a0a-8796-3643e725e1ee:172.17.0.2:36279:0, 40c7d372-b34a-46f9-a435-b3894c66894a:172.17.0.2:37525:0, fbf3a64f-640b-4b02-ae41-dab4aff0d596:172.17.0.2:40251:0], old=null
2020-11-16 17:32:20,085 [e605e0dd-6a71-4a0a-8796-3643e725e1ee@group-7ACBF0F3979A-LeaderElection94] INFO  impl.LeaderElection (LogUtils.java:infoOrTrace(137)) -   Exception 0: java.util.concurrent.ExecutionException: org.apache.ratis.thirdparty.io.grpc.StatusRuntimeException: UNAVAILABLE: io exception
2020-11-16 17:32:20,085 [e605e0dd-6a71-4a0a-8796-3643e725e1ee@group-7ACBF0F3979A-LeaderElection94] INFO  impl.RoleInfo (RoleInfo.java:shutdownLeaderElection(134)) - e605e0dd-6a71-4a0a-8796-3643e725e1ee: shutdown LeaderElection
2020-11-16 17:32:20,085 [e605e0dd-6a71-4a0a-8796-3643e725e1ee@group-7ACBF0F3979A-LeaderElection94] INFO  impl.RaftServerImpl (RaftServerImpl.java:setRole(198)) - e605e0dd-6a71-4a0a-8796-3643e725e1ee@group-7ACBF0F3979A: changes role from CANDIDATE to LEADER at term 2 for changeToLeader
2020-11-16 17:32:20,085 [e605e0dd-6a71-4a0a-8796-3643e725e1ee@group-7ACBF0F3979A-LeaderElection94] INFO  ratis.XceiverServerRatis (XceiverServerRatis.java:handleLeaderChangedNotification(854)) - Leader change notification received for group: group-7ACBF0F3979A with new leaderId: e605e0dd-6a71-4a0a-8796-3643e725e1ee
2020-11-16 17:32:20,085 [e605e0dd-6a71-4a0a-8796-3643e725e1ee@group-7ACBF0F3979A-LeaderElection94] INFO  impl.RaftServerImpl (ServerState.java:setLeader(256)) - e605e0dd-6a71-4a0a-8796-3643e725e1ee@group-7ACBF0F3979A: change Leader from null to e605e0dd-6a71-4a0a-8796-3643e725e1ee at term 2 for becomeLeader, leader elected after 5ms
2020-11-16 17:32:20,085 [e605e0dd-6a71-4a0a-8796-3643e725e1ee@group-7ACBF0F3979A-LeaderElection94] INFO  server.RaftServerConfigKeys (ConfUtils.java:logGet(44)) - raft.server.staging.catchup.gap = 1000 (default)
2020-11-16 17:32:20,085 [e605e0dd-6a71-4a0a-8796-3643e725e1ee@group-7ACBF0F3979A-LeaderElection94] INFO  server.RaftServerConfigKeys (ConfUtils.java:logGet(44)) - raft.server.rpc.sleep.time = 25ms (default)
2020-11-16 17:32:20,085 [e605e0dd-6a71-4a0a-8796-3643e725e1ee@group-7ACBF0F3979A-LeaderElection94] INFO  metrics.RatisMetrics (RatisMetrics.java:lambda$create$0(36)) - Creating Metrics Registry : ratis.log_appender.e605e0dd-6a71-4a0a-8796-3643e725e1ee@group-7ACBF0F3979A
2020-11-16 17:32:20,087 [e605e0dd-6a71-4a0a-8796-3643e725e1ee@group-7ACBF0F3979A-LeaderElection94] INFO  server.RaftServerConfigKeys (ConfUtils.java:logGet(44)) - raft.server.write.element-limit = 1024 (custom)
2020-11-16 17:32:20,087 [e605e0dd-6a71-4a0a-8796-3643e725e1ee@group-7ACBF0F3979A-LeaderElection94] INFO  server.RaftServerConfigKeys (ConfUtils.java:logGet(44)) - raft.server.write.byte-limit = 1073741824 (custom)
2020-11-16 17:32:20,087 [e605e0dd-6a71-4a0a-8796-3643e725e1ee@group-7ACBF0F3979A-LeaderElection94] INFO  server.RaftServerConfigKeys (ConfUtils.java:logGet(44)) - raft.server.watch.timeout = 3000ms (custom)
2020-11-16 17:32:20,087 [e605e0dd-6a71-4a0a-8796-3643e725e1ee@group-7ACBF0F3979A-LeaderElection94] INFO  server.RaftServerConfigKeys (ConfUtils.java:logGet(44)) - raft.server.watch.timeout.denomination = 1s (default)
2020-11-16 17:32:20,087 [e605e0dd-6a71-4a0a-8796-3643e725e1ee@group-7ACBF0F3979A-LeaderElection94] INFO  server.RaftServerConfigKeys (ConfUtils.java:logGet(44)) - raft.server.watch.element-limit = 65536 (default)
2020-11-16 17:32:20,088 [e605e0dd-6a71-4a0a-8796-3643e725e1ee@group-7ACBF0F3979A-LeaderElection94] INFO  server.RaftServerConfigKeys (ConfUtils.java:logGet(44)) - raft.server.log.appender.snapshot.chunk.size.max = 16MB (=16777216) (default)
2020-11-16 17:32:20,088 [e605e0dd-6a71-4a0a-8796-3643e725e1ee@group-7ACBF0F3979A-LeaderElection94] INFO  server.RaftServerConfigKeys (ConfUtils.java:logGet(44)) - raft.server.log.appender.buffer.byte-limit = 33554432 (custom)
2020-11-16 17:32:20,088 [e605e0dd-6a71-4a0a-8796-3643e725e1ee@group-7ACBF0F3979A-LeaderElection94] INFO  server.RaftServerConfigKeys (ConfUtils.java:logGet(44)) - raft.server.log.appender.buffer.element-limit = 1 (custom)
2020-11-16 17:32:20,088 [e605e0dd-6a71-4a0a-8796-3643e725e1ee@group-7ACBF0F3979A-LeaderElection94] INFO  grpc.GrpcConfigKeys (ConfUtils.java:logGet(44)) - raft.grpc.server.leader.outstanding.appends.max = 128 (default)
2020-11-16 17:32:20,088 [e605e0dd-6a71-4a0a-8796-3643e725e1ee@group-7ACBF0F3979A-LeaderElection94] INFO  server.RaftServerConfigKeys (ConfUtils.java:logGet(44)) - raft.server.rpc.request.timeout = 3000ms (default)
2020-11-16 17:32:20,088 [e605e0dd-6a71-4a0a-8796-3643e725e1ee@group-7ACBF0F3979A-LeaderElection94] INFO  server.RaftServerConfigKeys (ConfUtils.java:logGet(44)) - raft.server.log.appender.install.snapshot.enabled = false (custom)
2020-11-16 17:32:20,088 [e605e0dd-6a71-4a0a-8796-3643e725e1ee@group-7ACBF0F3979A-LeaderElection94] INFO  metrics.RatisMetrics (RatisMetrics.java:lambda$create$0(36)) - Creating Metrics Registry : ratis_grpc.log_appender.e605e0dd-6a71-4a0a-8796-3643e725e1ee@group-7ACBF0F3979A
2020-11-16 17:32:20,090 [e605e0dd-6a71-4a0a-8796-3643e725e1ee@group-7ACBF0F3979A-LeaderElection94] INFO  server.RaftServerConfigKeys (ConfUtils.java:logGet(44)) - raft.server.log.appender.snapshot.chunk.size.max = 16MB (=16777216) (default)
2020-11-16 17:32:20,090 [e605e0dd-6a71-4a0a-8796-3643e725e1ee@group-7ACBF0F3979A-LeaderElection94] INFO  server.RaftServerConfigKeys (ConfUtils.java:logGet(44)) - raft.server.log.appender.buffer.byte-limit = 33554432 (custom)
2020-11-16 17:32:20,090 [e605e0dd-6a71-4a0a-8796-3643e725e1ee@group-7ACBF0F3979A-LeaderElection94] INFO  server.RaftServerConfigKeys (ConfUtils.java:logGet(44)) - raft.server.log.appender.buffer.element-limit = 1 (custom)
2020-11-16 17:32:20,090 [e605e0dd-6a71-4a0a-8796-3643e725e1ee@group-7ACBF0F3979A-LeaderElection94] INFO  grpc.GrpcConfigKeys (ConfUtils.java:logGet(44)) - raft.grpc.server.leader.outstanding.appends.max = 128 (default)
2020-11-16 17:32:20,090 [e605e0dd-6a71-4a0a-8796-3643e725e1ee@group-7ACBF0F3979A-LeaderElection94] INFO  server.RaftServerConfigKeys (ConfUtils.java:logGet(44)) - raft.server.rpc.request.timeout = 3000ms (default)
2020-11-16 17:32:20,091 [e605e0dd-6a71-4a0a-8796-3643e725e1ee@group-7ACBF0F3979A-LeaderElection94] INFO  server.RaftServerConfigKeys (ConfUtils.java:logGet(44)) - raft.server.log.appender.install.snapshot.enabled = false (custom)
2020-11-16 17:32:20,092 [e605e0dd-6a71-4a0a-8796-3643e725e1ee@group-7ACBF0F3979A-LeaderElection94] INFO  impl.RoleInfo (RoleInfo.java:updateAndGet(143)) - e605e0dd-6a71-4a0a-8796-3643e725e1ee: start LeaderState
2020-11-16 17:32:20,092 [e605e0dd-6a71-4a0a-8796-3643e725e1ee@group-7ACBF0F3979A-LeaderElection94] INFO  segmented.SegmentedRaftLogWorker (SegmentedRaftLogWorker.java:rollLogSegment(402)) - e605e0dd-6a71-4a0a-8796-3643e725e1ee@group-7ACBF0F3979A-SegmentedRaftLogWorker: Rolling segment log-0_0 to index:0
2020-11-16 17:32:20,093 [e605e0dd-6a71-4a0a-8796-3643e725e1ee@group-7ACBF0F3979A-SegmentedRaftLogWorker] INFO  segmented.SegmentedRaftLogWorker (SegmentedRaftLogWorker.java:execute(553)) - e605e0dd-6a71-4a0a-8796-3643e725e1ee@group-7ACBF0F3979A-SegmentedRaftLogWorker: Rolled log segment from /github/workspace/mnt/ozone/hadoop-ozone/integration-test/target/test-dir/MiniOzoneClusterImpl-7523e9d5-68c3-40ce-b00f-57fa4c553895/datanode-0/data/ratis/3fc48667-3dd6-4ded-99d3-7acbf0f3979a/current/log_inprogress_0 to /github/workspace/mnt/ozone/hadoop-ozone/integration-test/target/test-dir/MiniOzoneClusterImpl-7523e9d5-68c3-40ce-b00f-57fa4c553895/datanode-0/data/ratis/3fc48667-3dd6-4ded-99d3-7acbf0f3979a/current/log_0-0
2020-11-16 17:32:20,094 [e605e0dd-6a71-4a0a-8796-3643e725e1ee@group-7ACBF0F3979A-SegmentedRaftLogWorker] INFO  segmented.SegmentedRaftLogWorker (SegmentedRaftLogWorker.java:execute(596)) - e605e0dd-6a71-4a0a-8796-3643e725e1ee@group-7ACBF0F3979A-SegmentedRaftLogWorker: created new log segment /github/workspace/mnt/ozone/hadoop-ozone/integration-test/target/test-dir/MiniOzoneClusterImpl-7523e9d5-68c3-40ce-b00f-57fa4c553895/datanode-0/data/ratis/3fc48667-3dd6-4ded-99d3-7acbf0f3979a/current/log_inprogress_1
2020-11-16 17:32:20,094 [e605e0dd-6a71-4a0a-8796-3643e725e1ee@group-7ACBF0F3979A-LeaderElection94] INFO  impl.RaftServerImpl (ServerState.java:setRaftConf(374)) - e605e0dd-6a71-4a0a-8796-3643e725e1ee@group-7ACBF0F3979A: set configuration 1: [e605e0dd-6a71-4a0a-8796-3643e725e1ee:172.17.0.2:36279:0, 40c7d372-b34a-46f9-a435-b3894c66894a:172.17.0.2:37525:0, fbf3a64f-640b-4b02-ae41-dab4aff0d596:172.17.0.2:40251:0], old=null at 1
2020-11-16 17:32:20,097 [grpc-default-executor-10] WARN  server.GrpcLogAppender (LogUtils.java:warn(122)) - e605e0dd-6a71-4a0a-8796-3643e725e1ee@group-7ACBF0F3979A->fbf3a64f-640b-4b02-ae41-dab4aff0d596-AppendLogResponseHandler: Failed appendEntries: org.apache.ratis.thirdparty.io.grpc.StatusRuntimeException: UNAVAILABLE: io exception
2020-11-16 17:32:20,108 [grpc-default-executor-6] INFO  ratis.XceiverServerRatis (XceiverServerRatis.java:handleLeaderChangedNotification(854)) - Leader change notification received for group: group-7ACBF0F3979A with new leaderId: e605e0dd-6a71-4a0a-8796-3643e725e1ee
2020-11-16 17:32:20,108 [grpc-default-executor-6] INFO  impl.RaftServerImpl (ServerState.java:setLeader(256)) - 40c7d372-b34a-46f9-a435-b3894c66894a@group-7ACBF0F3979A: change Leader from null to e605e0dd-6a71-4a0a-8796-3643e725e1ee at term 2 for appendEntries, leader elected after 25ms
2020-11-16 17:32:20,110 [grpc-default-executor-10] WARN  server.GrpcLogAppender (GrpcLogAppender.java:resetClient(107)) - e605e0dd-6a71-4a0a-8796-3643e725e1ee@group-7ACBF0F3979A->fbf3a64f-640b-4b02-ae41-dab4aff0d596-GrpcLogAppender: Leader has not got in touch with Follower e605e0dd-6a71-4a0a-8796-3643e725e1ee@group-7ACBF0F3979A->fbf3a64f-640b-4b02-ae41-dab4aff0d596(c-1,m0,n2, attendVote=true, lastRpcSendTime=0, lastRpcResponseTime=5222) yet, just keep nextIndex unchanged and retry.
2020-11-16 17:32:20,115 [grpc-default-executor-10] INFO  impl.RaftServerImpl (ServerState.java:setRaftConf(374)) - 40c7d372-b34a-46f9-a435-b3894c66894a@group-7ACBF0F3979A: set configuration 1: [e605e0dd-6a71-4a0a-8796-3643e725e1ee:172.17.0.2:36279:0, 40c7d372-b34a-46f9-a435-b3894c66894a:172.17.0.2:37525:0, fbf3a64f-640b-4b02-ae41-dab4aff0d596:172.17.0.2:40251:0], old=null at 1
2020-11-16 17:32:20,115 [grpc-default-executor-10] INFO  segmented.SegmentedRaftLogWorker (SegmentedRaftLogWorker.java:rollLogSegment(402)) - 40c7d372-b34a-46f9-a435-b3894c66894a@group-7ACBF0F3979A-SegmentedRaftLogWorker: Rolling segment log-0_0 to index:0
2020-11-16 17:32:20,116 [40c7d372-b34a-46f9-a435-b3894c66894a@group-7ACBF0F3979A-SegmentedRaftLogWorker] INFO  segmented.SegmentedRaftLogWorker (SegmentedRaftLogWorker.java:execute(553)) - 40c7d372-b34a-46f9-a435-b3894c66894a@group-7ACBF0F3979A-SegmentedRaftLogWorker: Rolled log segment from /github/workspace/mnt/ozone/hadoop-ozone/integration-test/target/test-dir/MiniOzoneClusterImpl-7523e9d5-68c3-40ce-b00f-57fa4c553895/datanode-2/data/ratis/3fc48667-3dd6-4ded-99d3-7acbf0f3979a/current/log_inprogress_0 to /github/workspace/mnt/ozone/hadoop-ozone/integration-test/target/test-dir/MiniOzoneClusterImpl-7523e9d5-68c3-40ce-b00f-57fa4c553895/datanode-2/data/ratis/3fc48667-3dd6-4ded-99d3-7acbf0f3979a/current/log_0-0
2020-11-16 17:32:20,118 [40c7d372-b34a-46f9-a435-b3894c66894a@group-7ACBF0F3979A-SegmentedRaftLogWorker] INFO  segmented.SegmentedRaftLogWorker (SegmentedRaftLogWorker.java:execute(596)) - 40c7d372-b34a-46f9-a435-b3894c66894a@group-7ACBF0F3979A-SegmentedRaftLogWorker: created new log segment /github/workspace/mnt/ozone/hadoop-ozone/integration-test/target/test-dir/MiniOzoneClusterImpl-7523e9d5-68c3-40ce-b00f-57fa4c553895/datanode-2/data/ratis/3fc48667-3dd6-4ded-99d3-7acbf0f3979a/current/log_inprogress_1
2020-11-16 17:32:20,123 [grpc-default-executor-10] WARN  server.GrpcLogAppender (LogUtils.java:warn(122)) - e605e0dd-6a71-4a0a-8796-3643e725e1ee@group-7ACBF0F3979A->fbf3a64f-640b-4b02-ae41-dab4aff0d596-AppendLogResponseHandler: Failed appendEntries: org.apache.ratis.thirdparty.io.grpc.StatusRuntimeException: UNAVAILABLE: io exception
2020-11-16 17:32:20,123 [grpc-default-executor-10] WARN  server.GrpcLogAppender (GrpcLogAppender.java:resetClient(107)) - e605e0dd-6a71-4a0a-8796-3643e725e1ee@group-7ACBF0F3979A->fbf3a64f-640b-4b02-ae41-dab4aff0d596-GrpcLogAppender: Leader has not got in touch with Follower e605e0dd-6a71-4a0a-8796-3643e725e1ee@group-7ACBF0F3979A->fbf3a64f-640b-4b02-ae41-dab4aff0d596(c-1,m0,n3, attendVote=true, lastRpcSendTime=0, lastRpcResponseTime=5235) yet, just keep nextIndex unchanged and retry.
2020-11-16 17:32:21,410 [EventQueue-StaleNodeForStaleNodeHandler] INFO  node.StaleNodeHandler (StaleNodeHandler.java:onMessage(58)) - Datanode 756efa00-9886-4f2c-af17-99a3a9dc2153{ip: 172.17.0.2, host: 17b325b6a691, networkLocation: /default-rack, certSerialId: null} moved to stale state. Finalizing its pipelines [PipelineID=7a6872e7-5ad5-4718-85f6-eb0438883248, PipelineID=5d49b4e9-ed5d-410a-9426-2c2283a33f91, PipelineID=c125322b-8cc9-44a0-8599-9b79dc36f9f9]
2020-11-16 17:32:21,410 [EventQueue-StaleNodeForStaleNodeHandler] INFO  pipeline.SCMPipelineManager (SCMPipelineManager.java:finalizeAndDestroyPipeline(460)) - Destroying pipeline:Pipeline[ Id: 7a6872e7-5ad5-4718-85f6-eb0438883248, Nodes: 6b3f7492-0ca6-4b3b-9a26-869cc0a580f4{ip: 172.17.0.2, host: 17b325b6a691, networkLocation: /default-rack, certSerialId: null}7ba08779-98dd-4ee1-a6ca-8386ca3b8fbf{ip: 172.17.0.2, host: 17b325b6a691, networkLocation: /default-rack, certSerialId: null}756efa00-9886-4f2c-af17-99a3a9dc2153{ip: 172.17.0.2, host: 17b325b6a691, networkLocation: /default-rack, certSerialId: null}, Type:RATIS, Factor:THREE, State:ALLOCATED, leaderId:, CreationTimestamp2020-11-16T17:32:15.800Z]
2020-11-16 17:32:21,410 [EventQueue-StaleNodeForStaleNodeHandler] INFO  pipeline.PipelineStateManager (PipelineStateManager.java:finalizePipeline(121)) - Pipeline Pipeline[ Id: 7a6872e7-5ad5-4718-85f6-eb0438883248, Nodes: 6b3f7492-0ca6-4b3b-9a26-869cc0a580f4{ip: 172.17.0.2, host: 17b325b6a691, networkLocation: /default-rack, certSerialId: null}7ba08779-98dd-4ee1-a6ca-8386ca3b8fbf{ip: 172.17.0.2, host: 17b325b6a691, networkLocation: /default-rack, certSerialId: null}756efa00-9886-4f2c-af17-99a3a9dc2153{ip: 172.17.0.2, host: 17b325b6a691, networkLocation: /default-rack, certSerialId: null}, Type:RATIS, Factor:THREE, State:CLOSED, leaderId:, CreationTimestamp2020-11-16T17:32:15.800Z] moved to CLOSED state
2020-11-16 17:32:21,411 [EventQueue-StaleNodeForStaleNodeHandler] INFO  pipeline.SCMPipelineManager (SCMPipelineManager.java:finalizeAndDestroyPipeline(460)) - Destroying pipeline:Pipeline[ Id: 5d49b4e9-ed5d-410a-9426-2c2283a33f91, Nodes: 6b3f7492-0ca6-4b3b-9a26-869cc0a580f4{ip: 172.17.0.2, host: 17b325b6a691, networkLocation: /default-rack, certSerialId: null}7ba08779-98dd-4ee1-a6ca-8386ca3b8fbf{ip: 172.17.0.2, host: 17b325b6a691, networkLocation: /default-rack, certSerialId: null}756efa00-9886-4f2c-af17-99a3a9dc2153{ip: 172.17.0.2, host: 17b325b6a691, networkLocation: /default-rack, certSerialId: null}, Type:RATIS, Factor:THREE, State:ALLOCATED, leaderId:, CreationTimestamp2020-11-16T17:32:15.799Z]
2020-11-16 17:32:21,411 [EventQueue-StaleNodeForStaleNodeHandler] INFO  pipeline.PipelineStateManager (PipelineStateManager.java:finalizePipeline(121)) - Pipeline Pipeline[ Id: 5d49b4e9-ed5d-410a-9426-2c2283a33f91, Nodes: 6b3f7492-0ca6-4b3b-9a26-869cc0a580f4{ip: 172.17.0.2, host: 17b325b6a691, networkLocation: /default-rack, certSerialId: null}7ba08779-98dd-4ee1-a6ca-8386ca3b8fbf{ip: 172.17.0.2, host: 17b325b6a691, networkLocation: /default-rack, certSerialId: null}756efa00-9886-4f2c-af17-99a3a9dc2153{ip: 172.17.0.2, host: 17b325b6a691, networkLocation: /default-rack, certSerialId: null}, Type:RATIS, Factor:THREE, State:CLOSED, leaderId:, CreationTimestamp2020-11-16T17:32:15.799Z] moved to CLOSED state
2020-11-16 17:32:21,411 [EventQueue-StaleNodeForStaleNodeHandler] INFO  pipeline.SCMPipelineManager (SCMPipelineManager.java:finalizeAndDestroyPipeline(460)) - Destroying pipeline:Pipeline[ Id: c125322b-8cc9-44a0-8599-9b79dc36f9f9, Nodes: 756efa00-9886-4f2c-af17-99a3a9dc2153{ip: 172.17.0.2, host: 17b325b6a691, networkLocation: /default-rack, certSerialId: null}, Type:RATIS, Factor:ONE, State:OPEN, leaderId:756efa00-9886-4f2c-af17-99a3a9dc2153, CreationTimestamp2020-11-16T17:31:47.286Z]
2020-11-16 17:32:21,411 [EventQueue-StaleNodeForStaleNodeHandler] INFO  pipeline.PipelineStateManager (PipelineStateManager.java:finalizePipeline(121)) - Pipeline Pipeline[ Id: c125322b-8cc9-44a0-8599-9b79dc36f9f9, Nodes: 756efa00-9886-4f2c-af17-99a3a9dc2153{ip: 172.17.0.2, host: 17b325b6a691, networkLocation: /default-rack, certSerialId: null}, Type:RATIS, Factor:ONE, State:CLOSED, leaderId:756efa00-9886-4f2c-af17-99a3a9dc2153, CreationTimestamp2020-11-16T17:31:47.286Z] moved to CLOSED state
2020-11-16 17:32:21,811 [EventQueue-StaleNodeForStaleNodeHandler] INFO  node.StaleNodeHandler (StaleNodeHandler.java:onMessage(58)) - Datanode fbf3a64f-640b-4b02-ae41-dab4aff0d596{ip: 172.17.0.2, host: 17b325b6a691, networkLocation: /default-rack, certSerialId: null} moved to stale state. Finalizing its pipelines [PipelineID=3fc48667-3dd6-4ded-99d3-7acbf0f3979a, PipelineID=99cad37b-94ef-4ee5-80fa-959388351dea, PipelineID=ccdd619e-40c8-4c23-9abc-4c905d290142]
2020-11-16 17:32:21,811 [EventQueue-StaleNodeForStaleNodeHandler] INFO  pipeline.SCMPipelineManager (SCMPipelineManager.java:finalizeAndDestroyPipeline(460)) - Destroying pipeline:Pipeline[ Id: 3fc48667-3dd6-4ded-99d3-7acbf0f3979a, Nodes: fbf3a64f-640b-4b02-ae41-dab4aff0d596{ip: 172.17.0.2, host: 17b325b6a691, networkLocation: /default-rack, certSerialId: null}40c7d372-b34a-46f9-a435-b3894c66894a{ip: 172.17.0.2, host: 17b325b6a691, networkLocation: /default-rack, certSerialId: null}e605e0dd-6a71-4a0a-8796-3643e725e1ee{ip: 172.17.0.2, host: 17b325b6a691, networkLocation: /default-rack, certSerialId: null}, Type:RATIS, Factor:THREE, State:OPEN, leaderId:fbf3a64f-640b-4b02-ae41-dab4aff0d596, CreationTimestamp2020-11-16T17:31:46.926Z]
2020-11-16 17:32:21,811 [EventQueue-StaleNodeForStaleNodeHandler] INFO  pipeline.PipelineStateManager (PipelineStateManager.java:finalizePipeline(121)) - Pipeline Pipeline[ Id: 3fc48667-3dd6-4ded-99d3-7acbf0f3979a, Nodes: fbf3a64f-640b-4b02-ae41-dab4aff0d596{ip: 172.17.0.2, host: 17b325b6a691, networkLocation: /default-rack, certSerialId: null}40c7d372-b34a-46f9-a435-b3894c66894a{ip: 172.17.0.2, host: 17b325b6a691, networkLocation: /default-rack, certSerialId: null}e605e0dd-6a71-4a0a-8796-3643e725e1ee{ip: 172.17.0.2, host: 17b325b6a691, networkLocation: /default-rack, certSerialId: null}, Type:RATIS, Factor:THREE, State:CLOSED, leaderId:fbf3a64f-640b-4b02-ae41-dab4aff0d596, CreationTimestamp2020-11-16T17:31:46.926Z] moved to CLOSED state
2020-11-16 17:32:21,811 [EventQueue-StaleNodeForStaleNodeHandler] INFO  pipeline.SCMPipelineManager (SCMPipelineManager.java:finalizeAndDestroyPipeline(460)) - Destroying pipeline:Pipeline[ Id: 99cad37b-94ef-4ee5-80fa-959388351dea, Nodes: fbf3a64f-640b-4b02-ae41-dab4aff0d596{ip: 172.17.0.2, host: 17b325b6a691, networkLocation: /default-rack, certSerialId: null}40c7d372-b34a-46f9-a435-b3894c66894a{ip: 172.17.0.2, host: 17b325b6a691, networkLocation: /default-rack, certSerialId: null}e605e0dd-6a71-4a0a-8796-3643e725e1ee{ip: 172.17.0.2, host: 17b325b6a691, networkLocation: /default-rack, certSerialId: null}, Type:RATIS, Factor:THREE, State:OPEN, leaderId:e605e0dd-6a71-4a0a-8796-3643e725e1ee, CreationTimestamp2020-11-16T17:31:46.926Z]
2020-11-16 17:32:21,811 [EventQueue-StaleNodeForStaleNodeHandler] INFO  pipeline.PipelineStateManager (PipelineStateManager.java:finalizePipeline(121)) - Pipeline Pipeline[ Id: 99cad37b-94ef-4ee5-80fa-959388351dea, Nodes: fbf3a64f-640b-4b02-ae41-dab4aff0d596{ip: 172.17.0.2, host: 17b325b6a691, networkLocation: /default-rack, certSerialId: null}40c7d372-b34a-46f9-a435-b3894c66894a{ip: 172.17.0.2, host: 17b325b6a691, networkLocation: /default-rack, certSerialId: null}e605e0dd-6a71-4a0a-8796-3643e725e1ee{ip: 172.17.0.2, host: 17b325b6a691, networkLocation: /default-rack, certSerialId: null}, Type:RATIS, Factor:THREE, State:CLOSED, leaderId:e605e0dd-6a71-4a0a-8796-3643e725e1ee, CreationTimestamp2020-11-16T17:31:46.926Z] moved to CLOSED state
2020-11-16 17:32:21,811 [EventQueue-CloseContainerForCloseContainerEventHandler] INFO  container.CloseContainerEventHandler (CloseContainerEventHandler.java:onMessage(61)) - Close container Event triggered for container : #2
2020-11-16 17:32:21,811 [EventQueue-StaleNodeForStaleNodeHandler] INFO  pipeline.SCMPipelineManager (SCMPipelineManager.java:finalizeAndDestroyPipeline(460)) - Destroying pipeline:Pipeline[ Id: ccdd619e-40c8-4c23-9abc-4c905d290142, Nodes: fbf3a64f-640b-4b02-ae41-dab4aff0d596{ip: 172.17.0.2, host: 17b325b6a691, networkLocation: /default-rack, certSerialId: null}, Type:RATIS, Factor:ONE, State:OPEN, leaderId:fbf3a64f-640b-4b02-ae41-dab4aff0d596, CreationTimestamp2020-11-16T17:31:46.750Z]
2020-11-16 17:32:21,811 [EventQueue-StaleNodeForStaleNodeHandler] INFO  pipeline.PipelineStateManager (PipelineStateManager.java:finalizePipeline(121)) - Pipeline Pipeline[ Id: ccdd619e-40c8-4c23-9abc-4c905d290142, Nodes: fbf3a64f-640b-4b02-ae41-dab4aff0d596{ip: 172.17.0.2, host: 17b325b6a691, networkLocation: /default-rack, certSerialId: null}, Type:RATIS, Factor:ONE, State:CLOSED, leaderId:fbf3a64f-640b-4b02-ae41-dab4aff0d596, CreationTimestamp2020-11-16T17:31:46.750Z] moved to CLOSED state
2020-11-16 17:32:21,964 [grpc-default-executor-10] WARN  server.GrpcLogAppender (LogUtils.java:warn(122)) - e605e0dd-6a71-4a0a-8796-3643e725e1ee@group-959388351DEA->fbf3a64f-640b-4b02-ae41-dab4aff0d596-AppendLogResponseHandler: Failed appendEntries: org.apache.ratis.thirdparty.io.grpc.StatusRuntimeException: UNAVAILABLE: io exception
2020-11-16 17:32:21,964 [grpc-default-executor-10] INFO  impl.FollowerInfo (FollowerInfo.java:lambda$new$0(51)) - e605e0dd-6a71-4a0a-8796-3643e725e1ee@group-959388351DEA->fbf3a64f-640b-4b02-ae41-dab4aff0d596: nextIndex: updateUnconditionally 19 -> 18
2020-11-16 17:32:22,010 [ForkJoinPool.commonPool-worker-0] INFO  ozoneimpl.OzoneContainer (OzoneContainer.java:stop(259)) - Attempting to stop container services.
2020-11-16 17:32:22,010 [ForkJoinPool.commonPool-worker-0] INFO  impl.RaftServerProxy (RaftServerProxy.java:lambda$close$4(322)) - 40c7d372-b34a-46f9-a435-b3894c66894a: close
2020-11-16 17:32:22,010 [ForkJoinPool.commonPool-worker-0] INFO  impl.RaftServerImpl (RaftServerImpl.java:lambda$shutdown$3(321)) - 40c7d372-b34a-46f9-a435-b3894c66894a@group-7ACBF0F3979A: shutdown
2020-11-16 17:32:22,010 [ForkJoinPool.commonPool-worker-0] INFO  util.JmxRegister (JmxRegister.java:unregister(73)) - Successfully un-registered JMX Bean with object name Ratis:service=RaftServer,group=group-7ACBF0F3979A,id=40c7d372-b34a-46f9-a435-b3894c66894a
2020-11-16 17:32:22,010 [ForkJoinPool.commonPool-worker-0] INFO  impl.RoleInfo (RoleInfo.java:shutdownFollowerState(121)) - 40c7d372-b34a-46f9-a435-b3894c66894a: shutdown FollowerState
2020-11-16 17:32:22,010 [ForkJoinPool.commonPool-worker-0] INFO  impl.StateMachineUpdater (StateMachineUpdater.java:stopAndJoin(142)) - 40c7d372-b34a-46f9-a435-b3894c66894a@group-7ACBF0F3979A-StateMachineUpdater: set stopIndex = 1
2020-11-16 17:32:22,011 [Thread-2813] INFO  impl.FollowerState (FollowerState.java:run(117)) - 40c7d372-b34a-46f9-a435-b3894c66894a@group-7ACBF0F3979A-FollowerState was interrupted: java.lang.InterruptedException: sleep interrupted
2020-11-16 17:32:22,011 [40c7d372-b34a-46f9-a435-b3894c66894a@group-7ACBF0F3979A-StateMachineUpdater] INFO  ratis.ContainerStateMachine (ContainerStateMachine.java:takeSnapshot(293)) - group-7ACBF0F3979A: Taking a snapshot at:(t:2, i:1) file /github/workspace/mnt/ozone/hadoop-ozone/integration-test/target/test-dir/MiniOzoneClusterImpl-7523e9d5-68c3-40ce-b00f-57fa4c553895/datanode-2/data/ratis/3fc48667-3dd6-4ded-99d3-7acbf0f3979a/sm/snapshot.2_1
2020-11-16 17:32:22,012 [Listener at 127.0.0.1/35907] INFO  ozoneimpl.OzoneContainer (OzoneContainer.java:stop(259)) - Attempting to stop container services.
2020-11-16 17:32:22,012 [Listener at 127.0.0.1/35907] INFO  impl.RaftServerProxy (RaftServerProxy.java:lambda$close$4(322)) - e605e0dd-6a71-4a0a-8796-3643e725e1ee: close
2020-11-16 17:32:22,012 [Listener at 127.0.0.1/35907] INFO  impl.RaftServerImpl (RaftServerImpl.java:lambda$shutdown$3(321)) - e605e0dd-6a71-4a0a-8796-3643e725e1ee@group-F8F270BC7FB2: shutdown
2020-11-16 17:32:22,012 [Listener at 127.0.0.1/35907] INFO  util.JmxRegister (JmxRegister.java:unregister(73)) - Successfully un-registered JMX Bean with object name Ratis:service=RaftServer,group=group-F8F270BC7FB2,id=e605e0dd-6a71-4a0a-8796-3643e725e1ee
2020-11-16 17:32:22,012 [Listener at 127.0.0.1/35907] INFO  impl.RoleInfo (RoleInfo.java:shutdownLeaderState(104)) - e605e0dd-6a71-4a0a-8796-3643e725e1ee: shutdown LeaderState
2020-11-16 17:32:22,013 [Listener at 127.0.0.1/35907] INFO  impl.PendingRequests (PendingRequests.java:sendNotLeaderResponses(249)) - e605e0dd-6a71-4a0a-8796-3643e725e1ee@group-F8F270BC7FB2-PendingRequests: sendNotLeaderResponses
2020-11-16 17:32:22,013 [Listener at 127.0.0.1/35907] INFO  metrics.RatisMetrics (RatisMetrics.java:unregister(43)) - Unregistering Metrics Registry : ratis.log_appender.e605e0dd-6a71-4a0a-8796-3643e725e1ee@group-F8F270BC7FB2
2020-11-16 17:32:22,013 [Listener at 127.0.0.1/35907] INFO  metrics.RatisMetrics (RatisMetrics.java:unregister(43)) - Unregistering Metrics Registry : ratis.server.e605e0dd-6a71-4a0a-8796-3643e725e1ee@group-F8F270BC7FB2
2020-11-16 17:32:22,014 [40c7d372-b34a-46f9-a435-b3894c66894a@group-7ACBF0F3979A-StateMachineUpdater] INFO  ratis.ContainerStateMachine (ContainerStateMachine.java:takeSnapshot(304)) - group-7ACBF0F3979A: Finished taking a snapshot at:(t:2, i:1) file:/github/workspace/mnt/ozone/hadoop-ozone/integration-test/target/test-dir/MiniOzoneClusterImpl-7523e9d5-68c3-40ce-b00f-57fa4c553895/datanode-2/data/ratis/3fc48667-3dd6-4ded-99d3-7acbf0f3979a/sm/snapshot.2_1 time:2
2020-11-16 17:32:22,014 [40c7d372-b34a-46f9-a435-b3894c66894a@group-7ACBF0F3979A-StateMachineUpdater] INFO  impl.StateMachineUpdater (StateMachineUpdater.java:takeSnapshot(277)) - 40c7d372-b34a-46f9-a435-b3894c66894a@group-7ACBF0F3979A-StateMachineUpdater: Took a snapshot at index 1
2020-11-16 17:32:22,014 [40c7d372-b34a-46f9-a435-b3894c66894a@group-7ACBF0F3979A-StateMachineUpdater] INFO  impl.StateMachineUpdater (StateMachineUpdater.java:lambda$new$0(87)) - 40c7d372-b34a-46f9-a435-b3894c66894a@group-7ACBF0F3979A-StateMachineUpdater: snapshotIndex: updateIncreasingly -1 -> 1
2020-11-16 17:32:22,014 [40c7d372-b34a-46f9-a435-b3894c66894a@group-7ACBF0F3979A-StateMachineUpdater] INFO  metrics.RatisMetrics (RatisMetrics.java:unregister(43)) - Unregistering Metrics Registry : ratis.state_machine.40c7d372-b34a-46f9-a435-b3894c66894a@group-7ACBF0F3979A
2020-11-16 17:32:22,014 [ForkJoinPool.commonPool-worker-0] INFO  impl.RaftServerImpl (ServerState.java:close(405)) - 40c7d372-b34a-46f9-a435-b3894c66894a@group-7ACBF0F3979A: closes. applyIndex: 1
2020-11-16 17:32:22,014 [40c7d372-b34a-46f9-a435-b3894c66894a@group-7ACBF0F3979A-SegmentedRaftLogWorker] INFO  segmented.SegmentedRaftLogWorker (SegmentedRaftLogWorker.java:run(327)) - 40c7d372-b34a-46f9-a435-b3894c66894a@group-7ACBF0F3979A-SegmentedRaftLogWorker was interrupted, exiting. There are 0 tasks remaining in the queue.
2020-11-16 17:32:22,015 [e605e0dd-6a71-4a0a-8796-3643e725e1ee@group-F8F270BC7FB2-StateMachineUpdater] INFO  ratis.ContainerStateMachine (ContainerStateMachine.java:takeSnapshot(293)) - group-F8F270BC7FB2: Taking a snapshot at:(t:1, i:0) file /github/workspace/mnt/ozone/hadoop-ozone/integration-test/target/test-dir/MiniOzoneClusterImpl-7523e9d5-68c3-40ce-b00f-57fa4c553895/datanode-0/data/ratis/d4bc30fa-d4d6-4961-95da-f8f270bc7fb2/sm/snapshot.1_0
2020-11-16 17:32:22,015 [Listener at 127.0.0.1/35907] INFO  impl.StateMachineUpdater (StateMachineUpdater.java:stopAndJoin(142)) - e605e0dd-6a71-4a0a-8796-3643e725e1ee@group-F8F270BC7FB2-StateMachineUpdater: set stopIndex = 0
2020-11-16 17:32:22,016 [ForkJoinPool.commonPool-worker-0] INFO  segmented.SegmentedRaftLogWorker (SegmentedRaftLogWorker.java:close(234)) - 40c7d372-b34a-46f9-a435-b3894c66894a@group-7ACBF0F3979A-SegmentedRaftLogWorker close()
2020-11-16 17:32:22,016 [ForkJoinPool.commonPool-worker-0] INFO  metrics.RatisMetrics (RatisMetrics.java:unregister(43)) - Unregistering Metrics Registry : ratis.log_worker.40c7d372-b34a-46f9-a435-b3894c66894a@group-7ACBF0F3979A
2020-11-16 17:32:22,017 [ForkJoinPool.commonPool-worker-0] INFO  metrics.RatisMetrics (RatisMetrics.java:unregister(43)) - Unregistering Metrics Registry : ratis.leader_election.40c7d372-b34a-46f9-a435-b3894c66894a@group-7ACBF0F3979A
2020-11-16 17:32:22,017 [ForkJoinPool.commonPool-worker-0] INFO  metrics.RatisMetrics (RatisMetrics.java:unregister(43)) - Unregistering Metrics Registry : ratis.server.40c7d372-b34a-46f9-a435-b3894c66894a@group-7ACBF0F3979A
2020-11-16 17:32:22,017 [ForkJoinPool.commonPool-worker-0] INFO  impl.RaftServerImpl (RaftServerImpl.java:lambda$shutdown$3(321)) - 40c7d372-b34a-46f9-a435-b3894c66894a@group-791D6D40D544: shutdown
2020-11-16 17:32:22,017 [ForkJoinPool.commonPool-worker-0] INFO  util.JmxRegister (JmxRegister.java:unregister(73)) - Successfully un-registered JMX Bean with object name Ratis:service=RaftServer,group=group-791D6D40D544,id=40c7d372-b34a-46f9-a435-b3894c66894a
2020-11-16 17:32:22,017 [ForkJoinPool.commonPool-worker-0] INFO  impl.RoleInfo (RoleInfo.java:shutdownLeaderState(104)) - 40c7d372-b34a-46f9-a435-b3894c66894a: shutdown LeaderState
2020-11-16 17:32:22,017 [ForkJoinPool.commonPool-worker-0] INFO  impl.PendingRequests (PendingRequests.java:sendNotLeaderResponses(249)) - 40c7d372-b34a-46f9-a435-b3894c66894a@group-791D6D40D544-PendingRequests: sendNotLeaderResponses
2020-11-16 17:32:22,017 [ForkJoinPool.commonPool-worker-0] INFO  metrics.RatisMetrics (RatisMetrics.java:unregister(43)) - Unregistering Metrics Registry : ratis.log_appender.40c7d372-b34a-46f9-a435-b3894c66894a@group-791D6D40D544
2020-11-16 17:32:22,017 [ForkJoinPool.commonPool-worker-0] INFO  metrics.RatisMetrics (RatisMetrics.java:unregister(43)) - Unregistering Metrics Registry : ratis.server.40c7d372-b34a-46f9-a435-b3894c66894a@group-791D6D40D544
2020-11-16 17:32:22,018 [ForkJoinPool.commonPool-worker-0] INFO  impl.StateMachineUpdater (StateMachineUpdater.java:stopAndJoin(142)) - 40c7d372-b34a-46f9-a435-b3894c66894a@group-791D6D40D544-StateMachineUpdater: set stopIndex = 0
2020-11-16 17:32:22,016 [e605e0dd-6a71-4a0a-8796-3643e725e1ee@group-F8F270BC7FB2-StateMachineUpdater] INFO  ratis.ContainerStateMachine (ContainerStateMachine.java:takeSnapshot(304)) - group-F8F270BC7FB2: Finished taking a snapshot at:(t:1, i:0) file:/github/workspace/mnt/ozone/hadoop-ozone/integration-test/target/test-dir/MiniOzoneClusterImpl-7523e9d5-68c3-40ce-b00f-57fa4c553895/datanode-0/data/ratis/d4bc30fa-d4d6-4961-95da-f8f270bc7fb2/sm/snapshot.1_0 time:2
2020-11-16 17:32:22,018 [e605e0dd-6a71-4a0a-8796-3643e725e1ee@group-F8F270BC7FB2-StateMachineUpdater] INFO  impl.StateMachineUpdater (StateMachineUpdater.java:takeSnapshot(277)) - e605e0dd-6a71-4a0a-8796-3643e725e1ee@group-F8F270BC7FB2-StateMachineUpdater: Took a snapshot at index 0
2020-11-16 17:32:22,019 [e605e0dd-6a71-4a0a-8796-3643e725e1ee@group-F8F270BC7FB2-StateMachineUpdater] INFO  impl.StateMachineUpdater (StateMachineUpdater.java:lambda$new$0(87)) - e605e0dd-6a71-4a0a-8796-3643e725e1ee@group-F8F270BC7FB2-StateMachineUpdater: snapshotIndex: updateIncreasingly -1 -> 0
2020-11-16 17:32:22,019 [e605e0dd-6a71-4a0a-8796-3643e725e1ee@group-F8F270BC7FB2-StateMachineUpdater] INFO  metrics.RatisMetrics (RatisMetrics.java:unregister(43)) - Unregistering Metrics Registry : ratis.state_machine.e605e0dd-6a71-4a0a-8796-3643e725e1ee@group-F8F270BC7FB2
2020-11-16 17:32:22,019 [Listener at 127.0.0.1/35907] INFO  impl.RaftServerImpl (ServerState.java:close(405)) - e605e0dd-6a71-4a0a-8796-3643e725e1ee@group-F8F270BC7FB2: closes. applyIndex: 0
2020-11-16 17:32:22,019 [40c7d372-b34a-46f9-a435-b3894c66894a@group-791D6D40D544-StateMachineUpdater] INFO  ratis.ContainerStateMachine (ContainerStateMachine.java:takeSnapshot(293)) - group-791D6D40D544: Taking a snapshot at:(t:1, i:0) file /github/workspace/mnt/ozone/hadoop-ozone/integration-test/target/test-dir/MiniOzoneClusterImpl-7523e9d5-68c3-40ce-b00f-57fa4c553895/datanode-2/data/ratis/302a3398-ad98-482b-bf54-791d6d40d544/sm/snapshot.1_0
2020-11-16 17:32:22,019 [e605e0dd-6a71-4a0a-8796-3643e725e1ee@group-F8F270BC7FB2-SegmentedRaftLogWorker] INFO  segmented.SegmentedRaftLogWorker (SegmentedRaftLogWorker.java:run(327)) - e605e0dd-6a71-4a0a-8796-3643e725e1ee@group-F8F270BC7FB2-SegmentedRaftLogWorker was interrupted, exiting. There are 0 tasks remaining in the queue.
2020-11-16 17:32:22,019 [Listener at 127.0.0.1/35907] INFO  segmented.SegmentedRaftLogWorker (SegmentedRaftLogWorker.java:close(234)) - e605e0dd-6a71-4a0a-8796-3643e725e1ee@group-F8F270BC7FB2-SegmentedRaftLogWorker close()
2020-11-16 17:32:22,020 [Listener at 127.0.0.1/35907] INFO  metrics.RatisMetrics (RatisMetrics.java:unregister(43)) - Unregistering Metrics Registry : ratis.log_worker.e605e0dd-6a71-4a0a-8796-3643e725e1ee@group-F8F270BC7FB2
2020-11-16 17:32:22,020 [40c7d372-b34a-46f9-a435-b3894c66894a@group-791D6D40D544-StateMachineUpdater] INFO  ratis.ContainerStateMachine (ContainerStateMachine.java:takeSnapshot(304)) - group-791D6D40D544: Finished taking a snapshot at:(t:1, i:0) file:/github/workspace/mnt/ozone/hadoop-ozone/integration-test/target/test-dir/MiniOzoneClusterImpl-7523e9d5-68c3-40ce-b00f-57fa4c553895/datanode-2/data/ratis/302a3398-ad98-482b-bf54-791d6d40d544/sm/snapshot.1_0 time:1
2020-11-16 17:32:22,020 [40c7d372-b34a-46f9-a435-b3894c66894a@group-791D6D40D544-StateMachineUpdater] INFO  impl.StateMachineUpdater (StateMachineUpdater.java:takeSnapshot(277)) - 40c7d372-b34a-46f9-a435-b3894c66894a@group-791D6D40D544-StateMachineUpdater: Took a snapshot at index 0
2020-11-16 17:32:22,020 [40c7d372-b34a-46f9-a435-b3894c66894a@group-791D6D40D544-StateMachineUpdater] INFO  impl.StateMachineUpdater (StateMachineUpdater.java:lambda$new$0(87)) - 40c7d372-b34a-46f9-a435-b3894c66894a@group-791D6D40D544-StateMachineUpdater: snapshotIndex: updateIncreasingly -1 -> 0
2020-11-16 17:32:22,020 [40c7d372-b34a-46f9-a435-b3894c66894a@group-791D6D40D544-StateMachineUpdater] INFO  metrics.RatisMetrics (RatisMetrics.java:unregister(43)) - Unregistering Metrics Registry : ratis.state_machine.40c7d372-b34a-46f9-a435-b3894c66894a@group-791D6D40D544
2020-11-16 17:32:22,020 [Listener at 127.0.0.1/35907] INFO  metrics.RatisMetrics (RatisMetrics.java:unregister(43)) - Unregistering Metrics Registry : ratis.leader_election.e605e0dd-6a71-4a0a-8796-3643e725e1ee@group-F8F270BC7FB2
2020-11-16 17:32:22,021 [Listener at 127.0.0.1/35907] INFO  metrics.RatisMetrics (RatisMetrics.java:unregister(43)) - Unregistering Metrics Registry : ratis.server.e605e0dd-6a71-4a0a-8796-3643e725e1ee@group-F8F270BC7FB2
2020-11-16 17:32:22,021 [Listener at 127.0.0.1/35907] INFO  impl.RaftServerImpl (RaftServerImpl.java:lambda$shutdown$3(321)) - e605e0dd-6a71-4a0a-8796-3643e725e1ee@group-7ACBF0F3979A: shutdown
2020-11-16 17:32:22,021 [Listener at 127.0.0.1/35907] INFO  util.JmxRegister (JmxRegister.java:unregister(73)) - Successfully un-registered JMX Bean with object name Ratis:service=RaftServer,group=group-7ACBF0F3979A,id=e605e0dd-6a71-4a0a-8796-3643e725e1ee
2020-11-16 17:32:22,021 [Listener at 127.0.0.1/35907] INFO  impl.RoleInfo (RoleInfo.java:shutdownLeaderState(104)) - e605e0dd-6a71-4a0a-8796-3643e725e1ee: shutdown LeaderState
2020-11-16 17:32:22,021 [Listener at 127.0.0.1/35907] INFO  metrics.RatisMetrics (RatisMetrics.java:unregister(43)) - Unregistering Metrics Registry : ratis_grpc.log_appender.e605e0dd-6a71-4a0a-8796-3643e725e1ee@group-7ACBF0F3979A
2020-11-16 17:32:22,021 [Listener at 127.0.0.1/35907] INFO  metrics.RatisMetrics (RatisMetrics.java:unregister(43)) - Unregistering Metrics Registry : ratis_grpc.log_appender.e605e0dd-6a71-4a0a-8796-3643e725e1ee@group-7ACBF0F3979A
2020-11-16 17:32:22,022 [org.apache.ratis.server.impl.LogAppender$AppenderDaemon$$Lambda$490/1020907110@9b06011] WARN  server.GrpcLogAppender (GrpcLogAppender.java:mayWait(168)) - e605e0dd-6a71-4a0a-8796-3643e725e1ee@group-7ACBF0F3979A->40c7d372-b34a-46f9-a435-b3894c66894a-GrpcLogAppender: Wait interrupted by java.lang.InterruptedException
2020-11-16 17:32:22,022 [ForkJoinPool.commonPool-worker-0] INFO  impl.RaftServerImpl (ServerState.java:close(405)) - 40c7d372-b34a-46f9-a435-b3894c66894a@group-791D6D40D544: closes. applyIndex: 0
2020-11-16 17:32:22,022 [40c7d372-b34a-46f9-a435-b3894c66894a@group-791D6D40D544-SegmentedRaftLogWorker] INFO  segmented.SegmentedRaftLogWorker (SegmentedRaftLogWorker.java:run(327)) - 40c7d372-b34a-46f9-a435-b3894c66894a@group-791D6D40D544-SegmentedRaftLogWorker was interrupted, exiting. There are 0 tasks remaining in the queue.
2020-11-16 17:32:22,022 [ForkJoinPool.commonPool-worker-0] INFO  segmented.SegmentedRaftLogWorker (SegmentedRaftLogWorker.java:close(234)) - 40c7d372-b34a-46f9-a435-b3894c66894a@group-791D6D40D544-SegmentedRaftLogWorker close()
2020-11-16 17:32:22,022 [ForkJoinPool.commonPool-worker-0] INFO  metrics.RatisMetrics (RatisMetrics.java:unregister(43)) - Unregistering Metrics Registry : ratis.log_worker.40c7d372-b34a-46f9-a435-b3894c66894a@group-791D6D40D544
2020-11-16 17:32:22,023 [ForkJoinPool.commonPool-worker-0] INFO  metrics.RatisMetrics (RatisMetrics.java:unregister(43)) - Unregistering Metrics Registry : ratis.leader_election.40c7d372-b34a-46f9-a435-b3894c66894a@group-791D6D40D544
2020-11-16 17:32:22,023 [ForkJoinPool.commonPool-worker-0] INFO  metrics.RatisMetrics (RatisMetrics.java:unregister(43)) - Unregistering Metrics Registry : ratis.server.40c7d372-b34a-46f9-a435-b3894c66894a@group-791D6D40D544
2020-11-16 17:32:22,023 [ForkJoinPool.commonPool-worker-0] INFO  impl.RaftServerImpl (RaftServerImpl.java:lambda$shutdown$3(321)) - 40c7d372-b34a-46f9-a435-b3894c66894a@group-959388351DEA: shutdown
2020-11-16 17:32:22,023 [ForkJoinPool.commonPool-worker-0] INFO  util.JmxRegister (JmxRegister.java:unregister(73)) - Successfully un-registered JMX Bean with object name Ratis:service=RaftServer,group=group-959388351DEA,id=40c7d372-b34a-46f9-a435-b3894c66894a
2020-11-16 17:32:22,023 [ForkJoinPool.commonPool-worker-0] INFO  impl.RoleInfo (RoleInfo.java:shutdownFollowerState(121)) - 40c7d372-b34a-46f9-a435-b3894c66894a: shutdown FollowerState
2020-11-16 17:32:22,022 [Listener at 127.0.0.1/35907] INFO  impl.PendingRequests (PendingRequests.java:sendNotLeaderResponses(249)) - e605e0dd-6a71-4a0a-8796-3643e725e1ee@group-7ACBF0F3979A-PendingRequests: sendNotLeaderResponses
2020-11-16 17:32:22,022 [grpc-default-executor-10] INFO  server.GrpcServerProtocolService (GrpcServerProtocolService.java:onCompleted(138)) - 40c7d372-b34a-46f9-a435-b3894c66894a: Completed APPEND_ENTRIES, lastRequest: e605e0dd-6a71-4a0a-8796-3643e725e1ee->40c7d372-b34a-46f9-a435-b3894c66894a#2-t2, previous=(t:2, i:1), leaderCommit=1, initializing? false, entries: size=1, first=(t:2, i:2), METADATAENTRY(c:1)
2020-11-16 17:32:22,023 [Thread-2565] INFO  impl.FollowerState (FollowerState.java:run(117)) - 40c7d372-b34a-46f9-a435-b3894c66894a@group-959388351DEA-FollowerState was interrupted: java.lang.InterruptedException: sleep interrupted
2020-11-16 17:32:22,027 [ForkJoinPool.commonPool-worker-0] INFO  impl.StateMachineUpdater (StateMachineUpdater.java:stopAndJoin(142)) - 40c7d372-b34a-46f9-a435-b3894c66894a@group-959388351DEA-StateMachineUpdater: set stopIndex = 18
2020-11-16 17:32:22,028 [org.apache.ratis.server.impl.LogAppender$AppenderDaemon$$Lambda$490/1020907110@12be4ef8] WARN  server.GrpcLogAppender (GrpcLogAppender.java:mayWait(168)) - e605e0dd-6a71-4a0a-8796-3643e725e1ee@group-7ACBF0F3979A->fbf3a64f-640b-4b02-ae41-dab4aff0d596-GrpcLogAppender: Wait interrupted by java.lang.InterruptedException
2020-11-16 17:32:22,028 [40c7d372-b34a-46f9-a435-b3894c66894a@group-959388351DEA-StateMachineUpdater] INFO  ratis.ContainerStateMachine (ContainerStateMachine.java:takeSnapshot(293)) - group-959388351DEA: Taking a snapshot at:(t:1, i:18) file /github/workspace/mnt/ozone/hadoop-ozone/integration-test/target/test-dir/MiniOzoneClusterImpl-7523e9d5-68c3-40ce-b00f-57fa4c553895/datanode-2/data/ratis/99cad37b-94ef-4ee5-80fa-959388351dea/sm/snapshot.1_18
2020-11-16 17:32:22,028 [Listener at 127.0.0.1/35907] INFO  metrics.RatisMetrics (RatisMetrics.java:unregister(43)) - Unregistering Metrics Registry : ratis.log_appender.e605e0dd-6a71-4a0a-8796-3643e725e1ee@group-7ACBF0F3979A
2020-11-16 17:32:22,029 [Listener at 127.0.0.1/35907] INFO  metrics.RatisMetrics (RatisMetrics.java:unregister(43)) - Unregistering Metrics Registry : ratis.server.e605e0dd-6a71-4a0a-8796-3643e725e1ee@group-7ACBF0F3979A
2020-11-16 17:32:22,028 [Thread-2795] INFO  impl.FollowerState (FollowerState.java:run(108)) - 6b3f7492-0ca6-4b3b-9a26-869cc0a580f4@group-2C2283A33F91-FollowerState: change to CANDIDATE, lastRpcTime:5182ms, electionTimeout:5172ms
2020-11-16 17:32:22,029 [Thread-2795] INFO  impl.RoleInfo (RoleInfo.java:shutdownFollowerState(121)) - 6b3f7492-0ca6-4b3b-9a26-869cc0a580f4: shutdown FollowerState
2020-11-16 17:32:22,029 [Thread-2795] INFO  impl.RaftServerImpl (RaftServerImpl.java:setRole(198)) - 6b3f7492-0ca6-4b3b-9a26-869cc0a580f4@group-2C2283A33F91: changes role from  FOLLOWER to CANDIDATE at term 0 for changeToCandidate
2020-11-16 17:32:22,029 [Thread-2795] INFO  impl.RoleInfo (RoleInfo.java:updateAndGet(143)) - 6b3f7492-0ca6-4b3b-9a26-869cc0a580f4: start LeaderElection
2020-11-16 17:32:22,028 [grpc-default-executor-10] INFO  server.GrpcLogAppender (GrpcLogAppender.java:onCompleted(336)) - e605e0dd-6a71-4a0a-8796-3643e725e1ee@group-7ACBF0F3979A->40c7d372-b34a-46f9-a435-b3894c66894a-AppendLogResponseHandler: follower responses appendEntries COMPLETED
2020-11-16 17:32:22,030 [grpc-default-executor-10] INFO  impl.FollowerInfo (FollowerInfo.java:lambda$new$0(51)) - e605e0dd-6a71-4a0a-8796-3643e725e1ee@group-7ACBF0F3979A->40c7d372-b34a-46f9-a435-b3894c66894a: nextIndex: updateUnconditionally 3 -> 2
2020-11-16 17:32:22,030 [40c7d372-b34a-46f9-a435-b3894c66894a@group-959388351DEA-StateMachineUpdater] INFO  ratis.ContainerStateMachine (ContainerStateMachine.java:takeSnapshot(304)) - group-959388351DEA: Finished taking a snapshot at:(t:1, i:18) file:/github/workspace/mnt/ozone/hadoop-ozone/integration-test/target/test-dir/MiniOzoneClusterImpl-7523e9d5-68c3-40ce-b00f-57fa4c553895/datanode-2/data/ratis/99cad37b-94ef-4ee5-80fa-959388351dea/sm/snapshot.1_18 time:2
2020-11-16 17:32:22,030 [40c7d372-b34a-46f9-a435-b3894c66894a@group-959388351DEA-StateMachineUpdater] INFO  impl.StateMachineUpdater (StateMachineUpdater.java:takeSnapshot(277)) - 40c7d372-b34a-46f9-a435-b3894c66894a@group-959388351DEA-StateMachineUpdater: Took a snapshot at index 18
2020-11-16 17:32:22,030 [40c7d372-b34a-46f9-a435-b3894c66894a@group-959388351DEA-StateMachineUpdater] INFO  impl.StateMachineUpdater (StateMachineUpdater.java:lambda$new$0(87)) - 40c7d372-b34a-46f9-a435-b3894c66894a@group-959388351DEA-StateMachineUpdater: snapshotIndex: updateIncreasingly -1 -> 18
2020-11-16 17:32:22,031 [40c7d372-b34a-46f9-a435-b3894c66894a@group-959388351DEA-StateMachineUpdater] INFO  metrics.RatisMetrics (RatisMetrics.java:unregister(43)) - Unregistering Metrics Registry : ratis.state_machine.40c7d372-b34a-46f9-a435-b3894c66894a@group-959388351DEA
2020-11-16 17:32:22,031 [e605e0dd-6a71-4a0a-8796-3643e725e1ee@group-7ACBF0F3979A-StateMachineUpdater] INFO  ratis.ContainerStateMachine (ContainerStateMachine.java:takeSnapshot(293)) - group-7ACBF0F3979A: Taking a snapshot at:(t:2, i:2) file /github/workspace/mnt/ozone/hadoop-ozone/integration-test/target/test-dir/MiniOzoneClusterImpl-7523e9d5-68c3-40ce-b00f-57fa4c553895/datanode-0/data/ratis/3fc48667-3dd6-4ded-99d3-7acbf0f3979a/sm/snapshot.2_2
2020-11-16 17:32:22,032 [Listener at 127.0.0.1/35907] INFO  impl.StateMachineUpdater (StateMachineUpdater.java:stopAndJoin(142)) - e605e0dd-6a71-4a0a-8796-3643e725e1ee@group-7ACBF0F3979A-StateMachineUpdater: set stopIndex = 2
2020-11-16 17:32:22,032 [ForkJoinPool.commonPool-worker-0] INFO  impl.RaftServerImpl (ServerState.java:close(405)) - 40c7d372-b34a-46f9-a435-b3894c66894a@group-959388351DEA: closes. applyIndex: 18
2020-11-16 17:32:22,032 [40c7d372-b34a-46f9-a435-b3894c66894a@group-959388351DEA-SegmentedRaftLogWorker] INFO  segmented.SegmentedRaftLogWorker (SegmentedRaftLogWorker.java:run(327)) - 40c7d372-b34a-46f9-a435-b3894c66894a@group-959388351DEA-SegmentedRaftLogWorker was interrupted, exiting. There are 0 tasks remaining in the queue.
2020-11-16 17:32:22,032 [e605e0dd-6a71-4a0a-8796-3643e725e1ee@group-7ACBF0F3979A-StateMachineUpdater] INFO  ratis.ContainerStateMachine (ContainerStateMachine.java:takeSnapshot(304)) - group-7ACBF0F3979A: Finished taking a snapshot at:(t:2, i:2) file:/github/workspace/mnt/ozone/hadoop-ozone/integration-test/target/test-dir/MiniOzoneClusterImpl-7523e9d5-68c3-40ce-b00f-57fa4c553895/datanode-0/data/ratis/3fc48667-3dd6-4ded-99d3-7acbf0f3979a/sm/snapshot.2_2 time:1
2020-11-16 17:32:22,033 [e605e0dd-6a71-4a0a-8796-3643e725e1ee@group-7ACBF0F3979A-StateMachineUpdater] INFO  impl.StateMachineUpdater (StateMachineUpdater.java:takeSnapshot(277)) - e605e0dd-6a71-4a0a-8796-3643e725e1ee@group-7ACBF0F3979A-StateMachineUpdater: Took a snapshot at index 2
2020-11-16 17:32:22,033 [e605e0dd-6a71-4a0a-8796-3643e725e1ee@group-7ACBF0F3979A-StateMachineUpdater] INFO  impl.StateMachineUpdater (StateMachineUpdater.java:lambda$new$0(87)) - e605e0dd-6a71-4a0a-8796-3643e725e1ee@group-7ACBF0F3979A-StateMachineUpdater: snapshotIndex: updateIncreasingly -1 -> 2
2020-11-16 17:32:22,033 [e605e0dd-6a71-4a0a-8796-3643e725e1ee@group-7ACBF0F3979A-StateMachineUpdater] INFO  metrics.RatisMetrics (RatisMetrics.java:unregister(43)) - Unregistering Metrics Registry : ratis.state_machine.e605e0dd-6a71-4a0a-8796-3643e725e1ee@group-7ACBF0F3979A
2020-11-16 17:32:22,033 [ForkJoinPool.commonPool-worker-0] INFO  segmented.SegmentedRaftLogWorker (SegmentedRaftLogWorker.java:close(234)) - 40c7d372-b34a-46f9-a435-b3894c66894a@group-959388351DEA-SegmentedRaftLogWorker close()
2020-11-16 17:32:22,033 [ForkJoinPool.commonPool-worker-0] INFO  metrics.RatisMetrics (RatisMetrics.java:unregister(43)) - Unregistering Metrics Registry : ratis.log_worker.40c7d372-b34a-46f9-a435-b3894c66894a@group-959388351DEA
2020-11-16 17:32:22,034 [ForkJoinPool.commonPool-worker-0] INFO  metrics.RatisMetrics (RatisMetrics.java:unregister(43)) - Unregistering Metrics Registry : ratis.leader_election.40c7d372-b34a-46f9-a435-b3894c66894a@group-959388351DEA
2020-11-16 17:32:22,034 [ForkJoinPool.commonPool-worker-0] INFO  metrics.RatisMetrics (RatisMetrics.java:unregister(43)) - Unregistering Metrics Registry : ratis.server.40c7d372-b34a-46f9-a435-b3894c66894a@group-959388351DEA
2020-11-16 17:32:22,034 [ForkJoinPool.commonPool-worker-0] INFO  server.GrpcService (GrpcService.java:closeImpl(183)) - 40c7d372-b34a-46f9-a435-b3894c66894a: shutdown server with port 37525 now
2020-11-16 17:32:22,034 [Listener at 127.0.0.1/35907] INFO  impl.RaftServerImpl (ServerState.java:close(405)) - e605e0dd-6a71-4a0a-8796-3643e725e1ee@group-7ACBF0F3979A: closes. applyIndex: 2
2020-11-16 17:32:22,034 [e605e0dd-6a71-4a0a-8796-3643e725e1ee@group-7ACBF0F3979A-SegmentedRaftLogWorker] INFO  segmented.SegmentedRaftLogWorker (SegmentedRaftLogWorker.java:run(327)) - e605e0dd-6a71-4a0a-8796-3643e725e1ee@group-7ACBF0F3979A-SegmentedRaftLogWorker was interrupted, exiting. There are 0 tasks remaining in the queue.
2020-11-16 17:32:22,035 [Listener at 127.0.0.1/35907] INFO  segmented.SegmentedRaftLogWorker (SegmentedRaftLogWorker.java:close(234)) - e605e0dd-6a71-4a0a-8796-3643e725e1ee@group-7ACBF0F3979A-SegmentedRaftLogWorker close()
2020-11-16 17:32:22,035 [Listener at 127.0.0.1/35907] INFO  metrics.RatisMetrics (RatisMetrics.java:unregister(43)) - Unregistering Metrics Registry : ratis.log_worker.e605e0dd-6a71-4a0a-8796-3643e725e1ee@group-7ACBF0F3979A
2020-11-16 17:32:22,035 [grpc-default-executor-6] WARN  server.GrpcServerProtocolService (LogUtils.java:warn(122)) - 40c7d372-b34a-46f9-a435-b3894c66894a: installSnapshot onError, lastRequest: e605e0dd-6a71-4a0a-8796-3643e725e1ee->40c7d372-b34a-46f9-a435-b3894c66894a#49-t1, previous=(t:1, i:17), leaderCommit=17, initializing? false, entries: size=1, first=(t:1, i:18), METADATAENTRY(c:17): org.apache.ratis.thirdparty.io.grpc.StatusRuntimeException: CANCELLED: cancelled before receiving half close
2020-11-16 17:32:22,035 [ForkJoinPool.commonPool-worker-0] INFO  server.GrpcService (GrpcService.java:closeImpl(191)) - 40c7d372-b34a-46f9-a435-b3894c66894a: shutdown server with port 37525 successfully
2020-11-16 17:32:22,035 [Listener at 127.0.0.1/35907] INFO  metrics.RatisMetrics (RatisMetrics.java:unregister(43)) - Unregistering Metrics Registry : ratis.leader_election.e605e0dd-6a71-4a0a-8796-3643e725e1ee@group-7ACBF0F3979A
2020-11-16 17:32:22,036 [grpc-default-executor-6] WARN  server.GrpcLogAppender (LogUtils.java:warn(122)) - e605e0dd-6a71-4a0a-8796-3643e725e1ee@group-959388351DEA->40c7d372-b34a-46f9-a435-b3894c66894a-AppendLogResponseHandler: Failed appendEntries: org.apache.ratis.thirdparty.io.grpc.StatusRuntimeException: CANCELLED: HTTP/2 error code: CANCEL
Received Rst Stream
2020-11-16 17:32:22,038 [grpc-default-executor-6] INFO  impl.FollowerInfo (FollowerInfo.java:lambda$new$0(51)) - e605e0dd-6a71-4a0a-8796-3643e725e1ee@group-959388351DEA->40c7d372-b34a-46f9-a435-b3894c66894a: nextIndex: updateUnconditionally 19 -> 18
2020-11-16 17:32:22,036 [Listener at 127.0.0.1/35907] INFO  metrics.RatisMetrics (RatisMetrics.java:unregister(43)) - Unregistering Metrics Registry : ratis.server.e605e0dd-6a71-4a0a-8796-3643e725e1ee@group-7ACBF0F3979A
2020-11-16 17:32:22,039 [Listener at 127.0.0.1/35907] INFO  impl.RaftServerImpl (RaftServerImpl.java:lambda$shutdown$3(321)) - e605e0dd-6a71-4a0a-8796-3643e725e1ee@group-959388351DEA: shutdown
2020-11-16 17:32:22,039 [Listener at 127.0.0.1/35907] INFO  util.JmxRegister (JmxRegister.java:unregister(73)) - Successfully un-registered JMX Bean with object name Ratis:service=RaftServer,group=group-959388351DEA,id=e605e0dd-6a71-4a0a-8796-3643e725e1ee
2020-11-16 17:32:22,039 [Listener at 127.0.0.1/35907] INFO  impl.RoleInfo (RoleInfo.java:shutdownLeaderState(104)) - e605e0dd-6a71-4a0a-8796-3643e725e1ee: shutdown LeaderState
2020-11-16 17:32:22,039 [Listener at 127.0.0.1/35907] INFO  metrics.RatisMetrics (RatisMetrics.java:unregister(43)) - Unregistering Metrics Registry : ratis_grpc.log_appender.e605e0dd-6a71-4a0a-8796-3643e725e1ee@group-959388351DEA
2020-11-16 17:32:22,039 [Listener at 127.0.0.1/35907] INFO  metrics.RatisMetrics (RatisMetrics.java:unregister(43)) - Unregistering Metrics Registry : ratis_grpc.log_appender.e605e0dd-6a71-4a0a-8796-3643e725e1ee@group-959388351DEA
2020-11-16 17:32:22,040 [org.apache.ratis.server.impl.LogAppender$AppenderDaemon$$Lambda$490/1020907110@68e2f9c1] WARN  server.GrpcLogAppender (GrpcLogAppender.java:mayWait(168)) - e605e0dd-6a71-4a0a-8796-3643e725e1ee@group-959388351DEA->fbf3a64f-640b-4b02-ae41-dab4aff0d596-GrpcLogAppender: Wait interrupted by java.lang.InterruptedException
2020-11-16 17:32:22,039 [org.apache.ratis.server.impl.LogAppender$AppenderDaemon$$Lambda$490/1020907110@1d630dde] WARN  server.GrpcLogAppender (GrpcLogAppender.java:mayWait(168)) - e605e0dd-6a71-4a0a-8796-3643e725e1ee@group-959388351DEA->40c7d372-b34a-46f9-a435-b3894c66894a-GrpcLogAppender: Wait interrupted by java.lang.InterruptedException
2020-11-16 17:32:22,040 [Listener at 127.0.0.1/35907] INFO  impl.PendingRequests (PendingRequests.java:sendNotLeaderResponses(249)) - e605e0dd-6a71-4a0a-8796-3643e725e1ee@group-959388351DEA-PendingRequests: sendNotLeaderResponses
2020-11-16 17:32:22,041 [ForkJoinPool.commonPool-worker-0] INFO  utils.BackgroundService (BackgroundService.java:shutdown(132)) - Shutting down service BlockDeletingService
2020-11-16 17:32:22,042 [Listener at 127.0.0.1/35907] INFO  metrics.RatisMetrics (RatisMetrics.java:unregister(43)) - Unregistering Metrics Registry : ratis.log_appender.e605e0dd-6a71-4a0a-8796-3643e725e1ee@group-959388351DEA
2020-11-16 17:32:22,042 [Listener at 127.0.0.1/35907] INFO  metrics.RatisMetrics (RatisMetrics.java:unregister(43)) - Unregistering Metrics Registry : ratis.server.e605e0dd-6a71-4a0a-8796-3643e725e1ee@group-959388351DEA
2020-11-16 17:32:22,052 [6b3f7492-0ca6-4b3b-9a26-869cc0a580f4@group-2C2283A33F91-LeaderElection95] INFO  impl.LeaderElection (LeaderElection.java:askForVotes(210)) - 6b3f7492-0ca6-4b3b-9a26-869cc0a580f4@group-2C2283A33F91-LeaderElection95: begin an election at term 1 for -1: [6b3f7492-0ca6-4b3b-9a26-869cc0a580f4:172.17.0.2:37553:0, 756efa00-9886-4f2c-af17-99a3a9dc2153:172.17.0.2:34565:0, 7ba08779-98dd-4ee1-a6ca-8386ca3b8fbf:172.17.0.2:34067:0], old=null
2020-11-16 17:32:22,053 [Listener at 127.0.0.1/35907] INFO  impl.StateMachineUpdater (StateMachineUpdater.java:stopAndJoin(142)) - e605e0dd-6a71-4a0a-8796-3643e725e1ee@group-959388351DEA-StateMachineUpdater: set stopIndex = 18
2020-11-16 17:32:22,053 [e605e0dd-6a71-4a0a-8796-3643e725e1ee@group-959388351DEA-StateMachineUpdater] INFO  ratis.ContainerStateMachine (ContainerStateMachine.java:takeSnapshot(293)) - group-959388351DEA: Taking a snapshot at:(t:1, i:18) file /github/workspace/mnt/ozone/hadoop-ozone/integration-test/target/test-dir/MiniOzoneClusterImpl-7523e9d5-68c3-40ce-b00f-57fa4c553895/datanode-0/data/ratis/99cad37b-94ef-4ee5-80fa-959388351dea/sm/snapshot.1_18
2020-11-16 17:32:22,060 [Thread-2797] INFO  impl.FollowerState (FollowerState.java:run(108)) - 7ba08779-98dd-4ee1-a6ca-8386ca3b8fbf@group-2C2283A33F91-FollowerState: change to CANDIDATE, lastRpcTime:5183ms, electionTimeout:5182ms
2020-11-16 17:32:22,060 [Thread-2797] INFO  impl.RoleInfo (RoleInfo.java:shutdownFollowerState(121)) - 7ba08779-98dd-4ee1-a6ca-8386ca3b8fbf: shutdown FollowerState
2020-11-16 17:32:22,060 [Thread-2797] INFO  impl.RaftServerImpl (RaftServerImpl.java:setRole(198)) - 7ba08779-98dd-4ee1-a6ca-8386ca3b8fbf@group-2C2283A33F91: changes role from  FOLLOWER to CANDIDATE at term 0 for changeToCandidate
2020-11-16 17:32:22,060 [Thread-2797] INFO  impl.RoleInfo (RoleInfo.java:updateAndGet(143)) - 7ba08779-98dd-4ee1-a6ca-8386ca3b8fbf: start LeaderElection
2020-11-16 17:32:22,064 [e605e0dd-6a71-4a0a-8796-3643e725e1ee@group-959388351DEA-StateMachineUpdater] INFO  ratis.ContainerStateMachine (ContainerStateMachine.java:takeSnapshot(304)) - group-959388351DEA: Finished taking a snapshot at:(t:1, i:18) file:/github/workspace/mnt/ozone/hadoop-ozone/integration-test/target/test-dir/MiniOzoneClusterImpl-7523e9d5-68c3-40ce-b00f-57fa4c553895/datanode-0/data/ratis/99cad37b-94ef-4ee5-80fa-959388351dea/sm/snapshot.1_18 time:11
2020-11-16 17:32:22,064 [e605e0dd-6a71-4a0a-8796-3643e725e1ee@group-959388351DEA-StateMachineUpdater] INFO  impl.StateMachineUpdater (StateMachineUpdater.java:takeSnapshot(277)) - e605e0dd-6a71-4a0a-8796-3643e725e1ee@group-959388351DEA-StateMachineUpdater: Took a snapshot at index 18
2020-11-16 17:32:22,065 [e605e0dd-6a71-4a0a-8796-3643e725e1ee@group-959388351DEA-StateMachineUpdater] INFO  impl.StateMachineUpdater (StateMachineUpdater.java:lambda$new$0(87)) - e605e0dd-6a71-4a0a-8796-3643e725e1ee@group-959388351DEA-StateMachineUpdater: snapshotIndex: updateIncreasingly -1 -> 18
2020-11-16 17:32:22,065 [e605e0dd-6a71-4a0a-8796-3643e725e1ee@group-959388351DEA-StateMachineUpdater] INFO  metrics.RatisMetrics (RatisMetrics.java:unregister(43)) - Unregistering Metrics Registry : ratis.state_machine.e605e0dd-6a71-4a0a-8796-3643e725e1ee@group-959388351DEA
2020-11-16 17:32:22,066 [ForkJoinPool.commonPool-worker-0] INFO  statemachine.DatanodeStateMachine (DatanodeStateMachine.java:stopDaemon(459)) - Ozone container server stopped.
2020-11-16 17:32:22,066 [Listener at 127.0.0.1/35907] INFO  impl.RaftServerImpl (ServerState.java:close(405)) - e605e0dd-6a71-4a0a-8796-3643e725e1ee@group-959388351DEA: closes. applyIndex: 18
2020-11-16 17:32:22,067 [e605e0dd-6a71-4a0a-8796-3643e725e1ee@group-959388351DEA-SegmentedRaftLogWorker] INFO  segmented.SegmentedRaftLogWorker (SegmentedRaftLogWorker.java:run(327)) - e605e0dd-6a71-4a0a-8796-3643e725e1ee@group-959388351DEA-SegmentedRaftLogWorker was interrupted, exiting. There are 0 tasks remaining in the queue.
2020-11-16 17:32:22,067 [Listener at 127.0.0.1/35907] INFO  segmented.SegmentedRaftLogWorker (SegmentedRaftLogWorker.java:close(234)) - e605e0dd-6a71-4a0a-8796-3643e725e1ee@group-959388351DEA-SegmentedRaftLogWorker close()
2020-11-16 17:32:22,068 [Listener at 127.0.0.1/35907] INFO  metrics.RatisMetrics (RatisMetrics.java:unregister(43)) - Unregistering Metrics Registry : ratis.log_worker.e605e0dd-6a71-4a0a-8796-3643e725e1ee@group-959388351DEA
2020-11-16 17:32:22,068 [Listener at 127.0.0.1/35907] INFO  metrics.RatisMetrics (RatisMetrics.java:unregister(43)) - Unregistering Metrics Registry : ratis.leader_election.e605e0dd-6a71-4a0a-8796-3643e725e1ee@group-959388351DEA
2020-11-16 17:32:22,068 [Listener at 127.0.0.1/35907] INFO  metrics.RatisMetrics (RatisMetrics.java:unregister(43)) - Unregistering Metrics Registry : ratis.server.e605e0dd-6a71-4a0a-8796-3643e725e1ee@group-959388351DEA
2020-11-16 17:32:22,068 [Listener at 127.0.0.1/35907] INFO  server.GrpcService (GrpcService.java:closeImpl(183)) - e605e0dd-6a71-4a0a-8796-3643e725e1ee: shutdown server with port 36279 now
2020-11-16 17:32:22,072 [grpc-default-executor-6] WARN  client.GrpcClientProtocolService (LogUtils.java:warn(122)) - 1-UnorderedRequestStreamObserver1: onError: org.apache.ratis.thirdparty.io.grpc.StatusRuntimeException: CANCELLED: cancelled before receiving half close
2020-11-16 17:32:22,074 [6b3f7492-0ca6-4b3b-9a26-869cc0a580f4@group-2C2283A33F91-LeaderElection95] INFO  impl.LeaderElection (LogUtils.java:infoOrTrace(137)) - 6b3f7492-0ca6-4b3b-9a26-869cc0a580f4@group-2C2283A33F91-LeaderElection95 got exception when requesting votes: java.util.concurrent.ExecutionException: org.apache.ratis.thirdparty.io.grpc.StatusRuntimeException: UNAVAILABLE: io exception
2020-11-16 17:32:22,076 [Listener at 127.0.0.1/35907] INFO  server.GrpcService (GrpcService.java:closeImpl(191)) - e605e0dd-6a71-4a0a-8796-3643e725e1ee: shutdown server with port 36279 successfully
2020-11-16 17:32:22,083 [Listener at 127.0.0.1/35907] INFO  utils.BackgroundService (BackgroundService.java:shutdown(132)) - Shutting down service BlockDeletingService
2020-11-16 17:32:22,085 [Listener at 127.0.0.1/35907] INFO  statemachine.DatanodeStateMachine (DatanodeStateMachine.java:stopDaemon(459)) - Ozone container server stopped.
2020-11-16 17:32:22,091 [7ba08779-98dd-4ee1-a6ca-8386ca3b8fbf@group-2C2283A33F91-LeaderElection96] INFO  impl.LeaderElection (LeaderElection.java:askForVotes(210)) - 7ba08779-98dd-4ee1-a6ca-8386ca3b8fbf@group-2C2283A33F91-LeaderElection96: begin an election at term 1 for -1: [6b3f7492-0ca6-4b3b-9a26-869cc0a580f4:172.17.0.2:37553:0, 756efa00-9886-4f2c-af17-99a3a9dc2153:172.17.0.2:34565:0, 7ba08779-98dd-4ee1-a6ca-8386ca3b8fbf:172.17.0.2:34067:0], old=null
2020-11-16 17:32:22,094 [ForkJoinPool.commonPool-worker-0] INFO  handler.ContextHandler (ContextHandler.java:doStop(1154)) - Stopped o.e.j.w.WebAppContext@182a0812{hddsDatanode,/,null,STOPPED}{jar:file:/home/user/.m2/repository/org/apache/hadoop/hadoop-hdds-container-service/1.1.0-SNAPSHOT/hadoop-hdds-container-service-1.1.0-SNAPSHOT.jar!/webapps/hddsDatanode}
2020-11-16 17:32:22,101 [6b3f7492-0ca6-4b3b-9a26-869cc0a580f4@group-2C2283A33F91-LeaderElection95] INFO  impl.LeaderElection (LeaderElection.java:logAndReturn(62)) - 6b3f7492-0ca6-4b3b-9a26-869cc0a580f4@group-2C2283A33F91-LeaderElection95: Election REJECTED; received 1 response(s) [6b3f7492-0ca6-4b3b-9a26-869cc0a580f4<-7ba08779-98dd-4ee1-a6ca-8386ca3b8fbf#0:FAIL-t1] and 1 exception(s); 6b3f7492-0ca6-4b3b-9a26-869cc0a580f4@group-2C2283A33F91:t1, leader=null, voted=6b3f7492-0ca6-4b3b-9a26-869cc0a580f4, raftlog=6b3f7492-0ca6-4b3b-9a26-869cc0a580f4@group-2C2283A33F91-SegmentedRaftLog:OPENED:c-1,f-1,i0, conf=-1: [6b3f7492-0ca6-4b3b-9a26-869cc0a580f4:172.17.0.2:37553:0, 756efa00-9886-4f2c-af17-99a3a9dc2153:172.17.0.2:34565:0, 7ba08779-98dd-4ee1-a6ca-8386ca3b8fbf:172.17.0.2:34067:0], old=null
2020-11-16 17:32:22,101 [6b3f7492-0ca6-4b3b-9a26-869cc0a580f4@group-2C2283A33F91-LeaderElection95] INFO  impl.LeaderElection (LogUtils.java:infoOrTrace(137)) -   Exception 0: java.util.concurrent.ExecutionException: org.apache.ratis.thirdparty.io.grpc.StatusRuntimeException: UNAVAILABLE: io exception
2020-11-16 17:32:22,101 [6b3f7492-0ca6-4b3b-9a26-869cc0a580f4@group-2C2283A33F91-LeaderElection95] INFO  impl.RaftServerImpl (RaftServerImpl.java:setRole(198)) - 6b3f7492-0ca6-4b3b-9a26-869cc0a580f4@group-2C2283A33F91: changes role from CANDIDATE to FOLLOWER at term 1 for DISCOVERED_A_NEW_TERM
2020-11-16 17:32:22,101 [6b3f7492-0ca6-4b3b-9a26-869cc0a580f4@group-2C2283A33F91-LeaderElection95] INFO  impl.RoleInfo (RoleInfo.java:shutdownLeaderElection(134)) - 6b3f7492-0ca6-4b3b-9a26-869cc0a580f4: shutdown LeaderElection
2020-11-16 17:32:22,101 [6b3f7492-0ca6-4b3b-9a26-869cc0a580f4@group-2C2283A33F91-LeaderElection95] INFO  impl.RoleInfo (RoleInfo.java:updateAndGet(143)) - 6b3f7492-0ca6-4b3b-9a26-869cc0a580f4: start FollowerState
2020-11-16 17:32:22,103 [7ba08779-98dd-4ee1-a6ca-8386ca3b8fbf@group-2C2283A33F91-LeaderElection96] INFO  impl.LeaderElection (LogUtils.java:infoOrTrace(137)) - 7ba08779-98dd-4ee1-a6ca-8386ca3b8fbf@group-2C2283A33F91-LeaderElection96 got exception when requesting votes: java.util.concurrent.ExecutionException: org.apache.ratis.thirdparty.io.grpc.StatusRuntimeException: UNAVAILABLE: io exception
2020-11-16 17:32:22,107 [ForkJoinPool.commonPool-worker-0] INFO  server.AbstractConnector (AbstractConnector.java:doStop(381)) - Stopped ServerConnector@145251b0{HTTP/1.1, (http/1.1)}{0.0.0.0:0}
2020-11-16 17:32:22,107 [ForkJoinPool.commonPool-worker-0] INFO  server.session (HouseKeeper.java:stopScavenging(149)) - node0 Stopped scavenging
2020-11-16 17:32:22,111 [ForkJoinPool.commonPool-worker-0] INFO  handler.ContextHandler (ContextHandler.java:doStop(1154)) - Stopped o.e.j.s.ServletContextHandler@728eab6a{static,/static,jar:file:/home/user/.m2/repository/org/apache/hadoop/hadoop-hdds-container-service/1.1.0-SNAPSHOT/hadoop-hdds-container-service-1.1.0-SNAPSHOT.jar!/webapps/static,STOPPED}
2020-11-16 17:32:22,111 [7ba08779-98dd-4ee1-a6ca-8386ca3b8fbf@group-2C2283A33F91-LeaderElection96] INFO  impl.LeaderElection (LeaderElection.java:logAndReturn(62)) - 7ba08779-98dd-4ee1-a6ca-8386ca3b8fbf@group-2C2283A33F91-LeaderElection96: Election REJECTED; received 1 response(s) [7ba08779-98dd-4ee1-a6ca-8386ca3b8fbf<-6b3f7492-0ca6-4b3b-9a26-869cc0a580f4#0:FAIL-t1] and 1 exception(s); 7ba08779-98dd-4ee1-a6ca-8386ca3b8fbf@group-2C2283A33F91:t1, leader=null, voted=7ba08779-98dd-4ee1-a6ca-8386ca3b8fbf, raftlog=7ba08779-98dd-4ee1-a6ca-8386ca3b8fbf@group-2C2283A33F91-SegmentedRaftLog:OPENED:c-1,f-1,i0, conf=-1: [6b3f7492-0ca6-4b3b-9a26-869cc0a580f4:172.17.0.2:37553:0, 756efa00-9886-4f2c-af17-99a3a9dc2153:172.17.0.2:34565:0, 7ba08779-98dd-4ee1-a6ca-8386ca3b8fbf:172.17.0.2:34067:0], old=null
2020-11-16 17:32:22,111 [7ba08779-98dd-4ee1-a6ca-8386ca3b8fbf@group-2C2283A33F91-LeaderElection96] INFO  impl.LeaderElection (LogUtils.java:infoOrTrace(137)) -   Exception 0: java.util.concurrent.ExecutionException: org.apache.ratis.thirdparty.io.grpc.StatusRuntimeException: UNAVAILABLE: io exception
2020-11-16 17:32:22,111 [7ba08779-98dd-4ee1-a6ca-8386ca3b8fbf@group-2C2283A33F91-LeaderElection96] INFO  impl.RaftServerImpl (RaftServerImpl.java:setRole(198)) - 7ba08779-98dd-4ee1-a6ca-8386ca3b8fbf@group-2C2283A33F91: changes role from CANDIDATE to FOLLOWER at term 1 for DISCOVERED_A_NEW_TERM
2020-11-16 17:32:22,111 [7ba08779-98dd-4ee1-a6ca-8386ca3b8fbf@group-2C2283A33F91-LeaderElection96] INFO  impl.RoleInfo (RoleInfo.java:shutdownLeaderElection(134)) - 7ba08779-98dd-4ee1-a6ca-8386ca3b8fbf: shutdown LeaderElection
2020-11-16 17:32:22,112 [7ba08779-98dd-4ee1-a6ca-8386ca3b8fbf@group-2C2283A33F91-LeaderElection96] INFO  impl.RoleInfo (RoleInfo.java:updateAndGet(143)) - 7ba08779-98dd-4ee1-a6ca-8386ca3b8fbf: start FollowerState
2020-11-16 17:32:22,117 [Listener at 127.0.0.1/35907] INFO  handler.ContextHandler (ContextHandler.java:doStop(1154)) - Stopped o.e.j.w.WebAppContext@6fb0925e{hddsDatanode,/,null,STOPPED}{jar:file:/home/user/.m2/repository/org/apache/hadoop/hadoop-hdds-container-service/1.1.0-SNAPSHOT/hadoop-hdds-container-service-1.1.0-SNAPSHOT.jar!/webapps/hddsDatanode}
2020-11-16 17:32:22,119 [ForkJoinPool.commonPool-worker-0] INFO  handler.ContextHandler (ContextHandler.java:doStop(1154)) - Stopped o.e.j.s.ServletContextHandler@3287f074{logs,/logs,file:///github/workspace/mnt/ozone/hadoop-ozone/integration-test/target/log,STOPPED}
2020-11-16 17:32:22,121 [Listener at 127.0.0.1/35907] INFO  server.AbstractConnector (AbstractConnector.java:doStop(381)) - Stopped ServerConnector@42a2dc99{HTTP/1.1, (http/1.1)}{0.0.0.0:0}
2020-11-16 17:32:22,121 [Listener at 127.0.0.1/35907] INFO  server.session (HouseKeeper.java:stopScavenging(149)) - node0 Stopped scavenging
2020-11-16 17:32:22,121 [Listener at 127.0.0.1/35907] INFO  handler.ContextHandler (ContextHandler.java:doStop(1154)) - Stopped o.e.j.s.ServletContextHandler@1b6de605{static,/static,jar:file:/home/user/.m2/repository/org/apache/hadoop/hadoop-hdds-container-service/1.1.0-SNAPSHOT/hadoop-hdds-container-service-1.1.0-SNAPSHOT.jar!/webapps/static,STOPPED}
2020-11-16 17:32:22,121 [Listener at 127.0.0.1/35907] INFO  handler.ContextHandler (ContextHandler.java:doStop(1154)) - Stopped o.e.j.s.ServletContextHandler@35bea4c2{logs,/logs,file:///github/workspace/mnt/ozone/hadoop-ozone/integration-test/target/log,STOPPED}
2020-11-16 17:32:22,810 [Datanode State Machine Thread - 0] INFO  statemachine.DatanodeStateMachine (DatanodeStateMachine.java:lambda$startDaemon$0(406)) - Ozone container server started.
2020-11-16 17:32:22,835 [Datanode State Machine Thread - 0] INFO  statemachine.DatanodeStateMachine (DatanodeStateMachine.java:lambda$startDaemon$0(406)) - Ozone container server started.
2020-11-16 17:32:23,953 [Thread-2806] INFO  impl.FollowerState (FollowerState.java:run(108)) - 6b3f7492-0ca6-4b3b-9a26-869cc0a580f4@group-EB0438883248-FollowerState: change to CANDIDATE, lastRpcTime:5135ms, electionTimeout:5135ms
2020-11-16 17:32:23,954 [Thread-2806] INFO  impl.RoleInfo (RoleInfo.java:shutdownFollowerState(121)) - 6b3f7492-0ca6-4b3b-9a26-869cc0a580f4: shutdown FollowerState
2020-11-16 17:32:23,954 [Thread-2806] INFO  impl.RaftServerImpl (RaftServerImpl.java:setRole(198)) - 6b3f7492-0ca6-4b3b-9a26-869cc0a580f4@group-EB0438883248: changes role from  FOLLOWER to CANDIDATE at term 0 for changeToCandidate
2020-11-16 17:32:23,954 [Thread-2806] INFO  impl.RoleInfo (RoleInfo.java:updateAndGet(143)) - 6b3f7492-0ca6-4b3b-9a26-869cc0a580f4: start LeaderElection
2020-11-16 17:32:23,958 [6b3f7492-0ca6-4b3b-9a26-869cc0a580f4@group-EB0438883248-LeaderElection97] INFO  impl.LeaderElection (LeaderElection.java:askForVotes(210)) - 6b3f7492-0ca6-4b3b-9a26-869cc0a580f4@group-EB0438883248-LeaderElection97: begin an election at term 1 for -1: [6b3f7492-0ca6-4b3b-9a26-869cc0a580f4:172.17.0.2:37553:0, 756efa00-9886-4f2c-af17-99a3a9dc2153:172.17.0.2:34565:0, 7ba08779-98dd-4ee1-a6ca-8386ca3b8fbf:172.17.0.2:34067:0], old=null
2020-11-16 17:32:23,959 [6b3f7492-0ca6-4b3b-9a26-869cc0a580f4@group-EB0438883248-LeaderElection97] INFO  impl.LeaderElection (LogUtils.java:infoOrTrace(137)) - 6b3f7492-0ca6-4b3b-9a26-869cc0a580f4@group-EB0438883248-LeaderElection97 got exception when requesting votes: java.util.concurrent.ExecutionException: org.apache.ratis.thirdparty.io.grpc.StatusRuntimeException: UNAVAILABLE: io exception
2020-11-16 17:32:23,960 [grpc-default-executor-10] INFO  impl.RaftServerImpl (RaftServerImpl.java:setRole(198)) - 7ba08779-98dd-4ee1-a6ca-8386ca3b8fbf@group-EB0438883248: changes role from  FOLLOWER to FOLLOWER at term 1 for recognizeCandidate:6b3f7492-0ca6-4b3b-9a26-869cc0a580f4
2020-11-16 17:32:23,960 [grpc-default-executor-10] INFO  impl.RoleInfo (RoleInfo.java:shutdownFollowerState(121)) - 7ba08779-98dd-4ee1-a6ca-8386ca3b8fbf: shutdown FollowerState
2020-11-16 17:32:23,960 [grpc-default-executor-10] INFO  impl.RoleInfo (RoleInfo.java:updateAndGet(143)) - 7ba08779-98dd-4ee1-a6ca-8386ca3b8fbf: start FollowerState
2020-11-16 17:32:23,960 [Thread-2804] INFO  impl.FollowerState (FollowerState.java:run(117)) - 7ba08779-98dd-4ee1-a6ca-8386ca3b8fbf@group-EB0438883248-FollowerState was interrupted: java.lang.InterruptedException: sleep interrupted
2020-11-16 17:32:23,960 [grpc-default-executor-10] INFO  impl.RaftServerImpl (RaftServerImpl.java:requestVote(923)) -  FOLLOWER 7ba08779-98dd-4ee1-a6ca-8386ca3b8fbf@group-EB0438883248:t1, leader=null, voted=null, raftlog=7ba08779-98dd-4ee1-a6ca-8386ca3b8fbf@group-EB0438883248-SegmentedRaftLog:OPENED:c-1,f-1,i0, conf=-1: [6b3f7492-0ca6-4b3b-9a26-869cc0a580f4:172.17.0.2:37553:0, 756efa00-9886-4f2c-af17-99a3a9dc2153:172.17.0.2:34565:0, 7ba08779-98dd-4ee1-a6ca-8386ca3b8fbf:172.17.0.2:34067:0], old=null RUNNING priority:0 candidate:6b3f7492-0ca6-4b3b-9a26-869cc0a580f4:172.17.0.2:37553:0 candidatePriority:0 compare:0
2020-11-16 17:32:23,962 [6b3f7492-0ca6-4b3b-9a26-869cc0a580f4@group-EB0438883248-LeaderElection97] INFO  impl.LeaderElection (LeaderElection.java:logAndReturn(62)) - 6b3f7492-0ca6-4b3b-9a26-869cc0a580f4@group-EB0438883248-LeaderElection97: Election PASSED; received 1 response(s) [6b3f7492-0ca6-4b3b-9a26-869cc0a580f4<-7ba08779-98dd-4ee1-a6ca-8386ca3b8fbf#0:OK-t1] and 1 exception(s); 6b3f7492-0ca6-4b3b-9a26-869cc0a580f4@group-EB0438883248:t1, leader=null, voted=6b3f7492-0ca6-4b3b-9a26-869cc0a580f4, raftlog=6b3f7492-0ca6-4b3b-9a26-869cc0a580f4@group-EB0438883248-SegmentedRaftLog:OPENED:c-1,f-1,i0, conf=-1: [6b3f7492-0ca6-4b3b-9a26-869cc0a580f4:172.17.0.2:37553:0, 756efa00-9886-4f2c-af17-99a3a9dc2153:172.17.0.2:34565:0, 7ba08779-98dd-4ee1-a6ca-8386ca3b8fbf:172.17.0.2:34067:0], old=null
2020-11-16 17:32:23,962 [6b3f7492-0ca6-4b3b-9a26-869cc0a580f4@group-EB0438883248-LeaderElection97] INFO  impl.LeaderElection (LogUtils.java:infoOrTrace(137)) -   Exception 0: java.util.concurrent.ExecutionException: org.apache.ratis.thirdparty.io.grpc.StatusRuntimeException: UNAVAILABLE: io exception
2020-11-16 17:32:23,962 [6b3f7492-0ca6-4b3b-9a26-869cc0a580f4@group-EB0438883248-LeaderElection97] INFO  impl.RoleInfo (RoleInfo.java:shutdownLeaderElection(134)) - 6b3f7492-0ca6-4b3b-9a26-869cc0a580f4: shutdown LeaderElection
2020-11-16 17:32:23,962 [6b3f7492-0ca6-4b3b-9a26-869cc0a580f4@group-EB0438883248-LeaderElection97] INFO  impl.RaftServerImpl (RaftServerImpl.java:setRole(198)) - 6b3f7492-0ca6-4b3b-9a26-869cc0a580f4@group-EB0438883248: changes role from CANDIDATE to LEADER at term 1 for changeToLeader
2020-11-16 17:32:23,962 [6b3f7492-0ca6-4b3b-9a26-869cc0a580f4@group-EB0438883248-LeaderElection97] INFO  ratis.XceiverServerRatis (XceiverServerRatis.java:handleLeaderChangedNotification(854)) - Leader change notification received for group: group-EB0438883248 with new leaderId: 6b3f7492-0ca6-4b3b-9a26-869cc0a580f4
2020-11-16 17:32:23,962 [6b3f7492-0ca6-4b3b-9a26-869cc0a580f4@group-EB0438883248-LeaderElection97] INFO  impl.RaftServerImpl (ServerState.java:setLeader(256)) - 6b3f7492-0ca6-4b3b-9a26-869cc0a580f4@group-EB0438883248: change Leader from null to 6b3f7492-0ca6-4b3b-9a26-869cc0a580f4 at term 1 for becomeLeader, leader elected after 5151ms
2020-11-16 17:32:23,963 [6b3f7492-0ca6-4b3b-9a26-869cc0a580f4@group-EB0438883248-LeaderElection97] INFO  server.RaftServerConfigKeys (ConfUtils.java:logGet(44)) - raft.server.staging.catchup.gap = 1000 (default)
2020-11-16 17:32:23,963 [6b3f7492-0ca6-4b3b-9a26-869cc0a580f4@group-EB0438883248-LeaderElection97] INFO  server.RaftServerConfigKeys (ConfUtils.java:logGet(44)) - raft.server.rpc.sleep.time = 25ms (default)
2020-11-16 17:32:23,963 [6b3f7492-0ca6-4b3b-9a26-869cc0a580f4@group-EB0438883248-LeaderElection97] INFO  metrics.RatisMetrics (RatisMetrics.java:lambda$create$0(36)) - Creating Metrics Registry : ratis.log_appender.6b3f7492-0ca6-4b3b-9a26-869cc0a580f4@group-EB0438883248
2020-11-16 17:32:23,963 [6b3f7492-0ca6-4b3b-9a26-869cc0a580f4@group-EB0438883248-LeaderElection97] INFO  server.RaftServerConfigKeys (ConfUtils.java:logGet(44)) - raft.server.write.element-limit = 1024 (custom)
2020-11-16 17:32:23,963 [6b3f7492-0ca6-4b3b-9a26-869cc0a580f4@group-EB0438883248-LeaderElection97] INFO  server.RaftServerConfigKeys (ConfUtils.java:logGet(44)) - raft.server.write.byte-limit = 1073741824 (custom)
2020-11-16 17:32:23,963 [6b3f7492-0ca6-4b3b-9a26-869cc0a580f4@group-EB0438883248-LeaderElection97] INFO  server.RaftServerConfigKeys (ConfUtils.java:logGet(44)) - raft.server.watch.timeout = 3000ms (custom)
2020-11-16 17:32:23,964 [6b3f7492-0ca6-4b3b-9a26-869cc0a580f4@group-EB0438883248-LeaderElection97] INFO  server.RaftServerConfigKeys (ConfUtils.java:logGet(44)) - raft.server.watch.timeout.denomination = 1s (default)
2020-11-16 17:32:23,964 [6b3f7492-0ca6-4b3b-9a26-869cc0a580f4@group-EB0438883248-LeaderElection97] INFO  server.RaftServerConfigKeys (ConfUtils.java:logGet(44)) - raft.server.watch.element-limit = 65536 (default)
2020-11-16 17:32:23,964 [6b3f7492-0ca6-4b3b-9a26-869cc0a580f4@group-EB0438883248-LeaderElection97] INFO  server.RaftServerConfigKeys (ConfUtils.java:logGet(44)) - raft.server.log.appender.snapshot.chunk.size.max = 16MB (=16777216) (default)
2020-11-16 17:32:23,964 [6b3f7492-0ca6-4b3b-9a26-869cc0a580f4@group-EB0438883248-LeaderElection97] INFO  server.RaftServerConfigKeys (ConfUtils.java:logGet(44)) - raft.server.log.appender.buffer.byte-limit = 33554432 (custom)
2020-11-16 17:32:23,964 [6b3f7492-0ca6-4b3b-9a26-869cc0a580f4@group-EB0438883248-LeaderElection97] INFO  server.RaftServerConfigKeys (ConfUtils.java:logGet(44)) - raft.server.log.appender.buffer.element-limit = 1 (custom)
2020-11-16 17:32:23,964 [6b3f7492-0ca6-4b3b-9a26-869cc0a580f4@group-EB0438883248-LeaderElection97] INFO  grpc.GrpcConfigKeys (ConfUtils.java:logGet(44)) - raft.grpc.server.leader.outstanding.appends.max = 128 (default)
2020-11-16 17:32:23,964 [6b3f7492-0ca6-4b3b-9a26-869cc0a580f4@group-EB0438883248-LeaderElection97] INFO  server.RaftServerConfigKeys (ConfUtils.java:logGet(44)) - raft.server.rpc.request.timeout = 3000ms (default)
2020-11-16 17:32:23,964 [6b3f7492-0ca6-4b3b-9a26-869cc0a580f4@group-EB0438883248-LeaderElection97] INFO  server.RaftServerConfigKeys (ConfUtils.java:logGet(44)) - raft.server.log.appender.install.snapshot.enabled = false (custom)
2020-11-16 17:32:23,964 [6b3f7492-0ca6-4b3b-9a26-869cc0a580f4@group-EB0438883248-LeaderElection97] INFO  metrics.RatisMetrics (RatisMetrics.java:lambda$create$0(36)) - Creating Metrics Registry : ratis_grpc.log_appender.6b3f7492-0ca6-4b3b-9a26-869cc0a580f4@group-EB0438883248
2020-11-16 17:32:23,966 [6b3f7492-0ca6-4b3b-9a26-869cc0a580f4@group-EB0438883248-LeaderElection97] INFO  server.RaftServerConfigKeys (ConfUtils.java:logGet(44)) - raft.server.log.appender.snapshot.chunk.size.max = 16MB (=16777216) (default)
2020-11-16 17:32:23,966 [6b3f7492-0ca6-4b3b-9a26-869cc0a580f4@group-EB0438883248-LeaderElection97] INFO  server.RaftServerConfigKeys (ConfUtils.java:logGet(44)) - raft.server.log.appender.buffer.byte-limit = 33554432 (custom)
2020-11-16 17:32:23,966 [6b3f7492-0ca6-4b3b-9a26-869cc0a580f4@group-EB0438883248-LeaderElection97] INFO  server.RaftServerConfigKeys (ConfUtils.java:logGet(44)) - raft.server.log.appender.buffer.element-limit = 1 (custom)
2020-11-16 17:32:23,966 [6b3f7492-0ca6-4b3b-9a26-869cc0a580f4@group-EB0438883248-LeaderElection97] INFO  grpc.GrpcConfigKeys (ConfUtils.java:logGet(44)) - raft.grpc.server.leader.outstanding.appends.max = 128 (default)
2020-11-16 17:32:23,966 [6b3f7492-0ca6-4b3b-9a26-869cc0a580f4@group-EB0438883248-LeaderElection97] INFO  server.RaftServerConfigKeys (ConfUtils.java:logGet(44)) - raft.server.rpc.request.timeout = 3000ms (default)
2020-11-16 17:32:23,966 [6b3f7492-0ca6-4b3b-9a26-869cc0a580f4@group-EB0438883248-LeaderElection97] INFO  server.RaftServerConfigKeys (ConfUtils.java:logGet(44)) - raft.server.log.appender.install.snapshot.enabled = false (custom)
2020-11-16 17:32:23,968 [6b3f7492-0ca6-4b3b-9a26-869cc0a580f4@group-EB0438883248-LeaderElection97] INFO  impl.RoleInfo (RoleInfo.java:updateAndGet(143)) - 6b3f7492-0ca6-4b3b-9a26-869cc0a580f4: start LeaderState
2020-11-16 17:32:23,969 [6b3f7492-0ca6-4b3b-9a26-869cc0a580f4@group-EB0438883248-LeaderElection97] INFO  segmented.SegmentedRaftLogWorker (SegmentedRaftLogWorker.java:startLogSegment(397)) - 6b3f7492-0ca6-4b3b-9a26-869cc0a580f4@group-EB0438883248-SegmentedRaftLogWorker: Starting segment from index:0
2020-11-16 17:32:23,970 [6b3f7492-0ca6-4b3b-9a26-869cc0a580f4@group-EB0438883248-LeaderElection97] INFO  impl.RaftServerImpl (ServerState.java:setRaftConf(374)) - 6b3f7492-0ca6-4b3b-9a26-869cc0a580f4@group-EB0438883248: set configuration 0: [6b3f7492-0ca6-4b3b-9a26-869cc0a580f4:172.17.0.2:37553:0, 756efa00-9886-4f2c-af17-99a3a9dc2153:172.17.0.2:34565:0, 7ba08779-98dd-4ee1-a6ca-8386ca3b8fbf:172.17.0.2:34067:0], old=null at 0
2020-11-16 17:32:23,971 [6b3f7492-0ca6-4b3b-9a26-869cc0a580f4@group-EB0438883248-SegmentedRaftLogWorker] INFO  segmented.SegmentedRaftLogWorker (SegmentedRaftLogWorker.java:execute(596)) - 6b3f7492-0ca6-4b3b-9a26-869cc0a580f4@group-EB0438883248-SegmentedRaftLogWorker: created new log segment /github/workspace/mnt/ozone/hadoop-ozone/integration-test/target/test-dir/MiniOzoneClusterImpl-7523e9d5-68c3-40ce-b00f-57fa4c553895/datanode-6/data/ratis/7a6872e7-5ad5-4718-85f6-eb0438883248/current/log_inprogress_0
2020-11-16 17:32:23,981 [grpc-default-executor-10] WARN  server.GrpcLogAppender (LogUtils.java:warn(122)) - 6b3f7492-0ca6-4b3b-9a26-869cc0a580f4@group-EB0438883248->756efa00-9886-4f2c-af17-99a3a9dc2153-AppendLogResponseHandler: Failed appendEntries: org.apache.ratis.thirdparty.io.grpc.StatusRuntimeException: UNAVAILABLE: io exception
2020-11-16 17:32:23,985 [grpc-default-executor-10] WARN  server.GrpcLogAppender (GrpcLogAppender.java:resetClient(107)) - 6b3f7492-0ca6-4b3b-9a26-869cc0a580f4@group-EB0438883248->756efa00-9886-4f2c-af17-99a3a9dc2153-GrpcLogAppender: Leader has not got in touch with Follower 6b3f7492-0ca6-4b3b-9a26-869cc0a580f4@group-EB0438883248->756efa00-9886-4f2c-af17-99a3a9dc2153(c-1,m0,n1, attendVote=true, lastRpcSendTime=4, lastRpcResponseTime=5221) yet, just keep nextIndex unchanged and retry.
2020-11-16 17:32:23,987 [grpc-default-executor-6] INFO  ratis.XceiverServerRatis (XceiverServerRatis.java:handleLeaderChangedNotification(854)) - Leader change notification received for group: group-EB0438883248 with new leaderId: 6b3f7492-0ca6-4b3b-9a26-869cc0a580f4
2020-11-16 17:32:23,987 [grpc-default-executor-6] INFO  impl.RaftServerImpl (ServerState.java:setLeader(256)) - 7ba08779-98dd-4ee1-a6ca-8386ca3b8fbf@group-EB0438883248: change Leader from null to 6b3f7492-0ca6-4b3b-9a26-869cc0a580f4 at term 1 for appendEntries, leader elected after 5194ms
2020-11-16 17:32:23,992 [grpc-default-executor-6] INFO  impl.RaftServerImpl (ServerState.java:setRaftConf(374)) - 7ba08779-98dd-4ee1-a6ca-8386ca3b8fbf@group-EB0438883248: set configuration 0: [6b3f7492-0ca6-4b3b-9a26-869cc0a580f4:172.17.0.2:37553:0, 756efa00-9886-4f2c-af17-99a3a9dc2153:172.17.0.2:34565:0, 7ba08779-98dd-4ee1-a6ca-8386ca3b8fbf:172.17.0.2:34067:0], old=null at 0
2020-11-16 17:32:23,992 [grpc-default-executor-6] INFO  segmented.SegmentedRaftLogWorker (SegmentedRaftLogWorker.java:startLogSegment(397)) - 7ba08779-98dd-4ee1-a6ca-8386ca3b8fbf@group-EB0438883248-SegmentedRaftLogWorker: Starting segment from index:0
2020-11-16 17:32:23,995 [7ba08779-98dd-4ee1-a6ca-8386ca3b8fbf@group-EB0438883248-SegmentedRaftLogWorker] INFO  segmented.SegmentedRaftLogWorker (SegmentedRaftLogWorker.java:execute(596)) - 7ba08779-98dd-4ee1-a6ca-8386ca3b8fbf@group-EB0438883248-SegmentedRaftLogWorker: created new log segment /github/workspace/mnt/ozone/hadoop-ozone/integration-test/target/test-dir/MiniOzoneClusterImpl-7523e9d5-68c3-40ce-b00f-57fa4c553895/datanode-5/data/ratis/7a6872e7-5ad5-4718-85f6-eb0438883248/current/log_inprogress_0
2020-11-16 17:32:26,487 [grpc-default-executor-6] WARN  server.GrpcLogAppender (LogUtils.java:warn(122)) - 6b3f7492-0ca6-4b3b-9a26-869cc0a580f4@group-EB0438883248->756efa00-9886-4f2c-af17-99a3a9dc2153-AppendLogResponseHandler: Failed appendEntries: org.apache.ratis.thirdparty.io.grpc.StatusRuntimeException: UNAVAILABLE: io exception
2020-11-16 17:32:26,487 [grpc-default-executor-6] WARN  server.GrpcLogAppender (GrpcLogAppender.java:resetClient(107)) - 6b3f7492-0ca6-4b3b-9a26-869cc0a580f4@group-EB0438883248->756efa00-9886-4f2c-af17-99a3a9dc2153-GrpcLogAppender: Leader has not got in touch with Follower 6b3f7492-0ca6-4b3b-9a26-869cc0a580f4@group-EB0438883248->756efa00-9886-4f2c-af17-99a3a9dc2153(c-1,m0,n1, attendVote=true, lastRpcSendTime=0, lastRpcResponseTime=7723) yet, just keep nextIndex unchanged and retry.
2020-11-16 17:32:26,818 [EventQueue-StaleNodeForStaleNodeHandler] INFO  node.StaleNodeHandler (StaleNodeHandler.java:onMessage(58)) - Datanode 40c7d372-b34a-46f9-a435-b3894c66894a{ip: 172.17.0.2, host: 17b325b6a691, networkLocation: /default-rack, certSerialId: null} moved to stale state. Finalizing its pipelines [PipelineID=3fc48667-3dd6-4ded-99d3-7acbf0f3979a, PipelineID=302a3398-ad98-482b-bf54-791d6d40d544, PipelineID=99cad37b-94ef-4ee5-80fa-959388351dea]
2020-11-16 17:32:26,818 [EventQueue-StaleNodeForStaleNodeHandler] INFO  pipeline.SCMPipelineManager (SCMPipelineManager.java:finalizeAndDestroyPipeline(460)) - Destroying pipeline:Pipeline[ Id: 3fc48667-3dd6-4ded-99d3-7acbf0f3979a, Nodes: fbf3a64f-640b-4b02-ae41-dab4aff0d596{ip: 172.17.0.2, host: 17b325b6a691, networkLocation: /default-rack, certSerialId: null}40c7d372-b34a-46f9-a435-b3894c66894a{ip: 172.17.0.2, host: 17b325b6a691, networkLocation: /default-rack, certSerialId: null}e605e0dd-6a71-4a0a-8796-3643e725e1ee{ip: 172.17.0.2, host: 17b325b6a691, networkLocation: /default-rack, certSerialId: null}, Type:RATIS, Factor:THREE, State:CLOSED, leaderId:fbf3a64f-640b-4b02-ae41-dab4aff0d596, CreationTimestamp2020-11-16T17:31:46.926Z]
2020-11-16 17:32:26,818 [EventQueue-StaleNodeForStaleNodeHandler] INFO  pipeline.SCMPipelineManager (SCMPipelineManager.java:finalizeAndDestroyPipeline(460)) - Destroying pipeline:Pipeline[ Id: 302a3398-ad98-482b-bf54-791d6d40d544, Nodes: 40c7d372-b34a-46f9-a435-b3894c66894a{ip: 172.17.0.2, host: 17b325b6a691, networkLocation: /default-rack, certSerialId: null}, Type:RATIS, Factor:ONE, State:OPEN, leaderId:40c7d372-b34a-46f9-a435-b3894c66894a, CreationTimestamp2020-11-16T17:31:46.925Z]
2020-11-16 17:32:26,818 [EventQueue-StaleNodeForStaleNodeHandler] INFO  pipeline.PipelineStateManager (PipelineStateManager.java:finalizePipeline(121)) - Pipeline Pipeline[ Id: 302a3398-ad98-482b-bf54-791d6d40d544, Nodes: 40c7d372-b34a-46f9-a435-b3894c66894a{ip: 172.17.0.2, host: 17b325b6a691, networkLocation: /default-rack, certSerialId: null}, Type:RATIS, Factor:ONE, State:CLOSED, leaderId:40c7d372-b34a-46f9-a435-b3894c66894a, CreationTimestamp2020-11-16T17:31:46.925Z] moved to CLOSED state
2020-11-16 17:32:26,818 [EventQueue-StaleNodeForStaleNodeHandler] INFO  pipeline.SCMPipelineManager (SCMPipelineManager.java:finalizeAndDestroyPipeline(460)) - Destroying pipeline:Pipeline[ Id: 99cad37b-94ef-4ee5-80fa-959388351dea, Nodes: fbf3a64f-640b-4b02-ae41-dab4aff0d596{ip: 172.17.0.2, host: 17b325b6a691, networkLocation: /default-rack, certSerialId: null}40c7d372-b34a-46f9-a435-b3894c66894a{ip: 172.17.0.2, host: 17b325b6a691, networkLocation: /default-rack, certSerialId: null}e605e0dd-6a71-4a0a-8796-3643e725e1ee{ip: 172.17.0.2, host: 17b325b6a691, networkLocation: /default-rack, certSerialId: null}, Type:RATIS, Factor:THREE, State:CLOSED, leaderId:e605e0dd-6a71-4a0a-8796-3643e725e1ee, CreationTimestamp2020-11-16T17:31:46.926Z]
2020-11-16 17:32:26,819 [EventQueue-StaleNodeForStaleNodeHandler] INFO  node.StaleNodeHandler (StaleNodeHandler.java:onMessage(58)) - Datanode e605e0dd-6a71-4a0a-8796-3643e725e1ee{ip: 172.17.0.2, host: 17b325b6a691, networkLocation: /default-rack, certSerialId: null} moved to stale state. Finalizing its pipelines [PipelineID=d4bc30fa-d4d6-4961-95da-f8f270bc7fb2, PipelineID=3fc48667-3dd6-4ded-99d3-7acbf0f3979a, PipelineID=99cad37b-94ef-4ee5-80fa-959388351dea]
2020-11-16 17:32:26,819 [EventQueue-StaleNodeForStaleNodeHandler] INFO  pipeline.SCMPipelineManager (SCMPipelineManager.java:finalizeAndDestroyPipeline(460)) - Destroying pipeline:Pipeline[ Id: d4bc30fa-d4d6-4961-95da-f8f270bc7fb2, Nodes: e605e0dd-6a71-4a0a-8796-3643e725e1ee{ip: 172.17.0.2, host: 17b325b6a691, networkLocation: /default-rack, certSerialId: null}, Type:RATIS, Factor:ONE, State:OPEN, leaderId:e605e0dd-6a71-4a0a-8796-3643e725e1ee, CreationTimestamp2020-11-16T17:31:46.573Z]
2020-11-16 17:32:26,819 [EventQueue-StaleNodeForStaleNodeHandler] INFO  pipeline.PipelineStateManager (PipelineStateManager.java:finalizePipeline(121)) - Pipeline Pipeline[ Id: d4bc30fa-d4d6-4961-95da-f8f270bc7fb2, Nodes: e605e0dd-6a71-4a0a-8796-3643e725e1ee{ip: 172.17.0.2, host: 17b325b6a691, networkLocation: /default-rack, certSerialId: null}, Type:RATIS, Factor:ONE, State:CLOSED, leaderId:e605e0dd-6a71-4a0a-8796-3643e725e1ee, CreationTimestamp2020-11-16T17:31:46.573Z] moved to CLOSED state
2020-11-16 17:32:26,819 [EventQueue-StaleNodeForStaleNodeHandler] INFO  pipeline.SCMPipelineManager (SCMPipelineManager.java:finalizeAndDestroyPipeline(460)) - Destroying pipeline:Pipeline[ Id: 3fc48667-3dd6-4ded-99d3-7acbf0f3979a, Nodes: fbf3a64f-640b-4b02-ae41-dab4aff0d596{ip: 172.17.0.2, host: 17b325b6a691, networkLocation: /default-rack, certSerialId: null}40c7d372-b34a-46f9-a435-b3894c66894a{ip: 172.17.0.2, host: 17b325b6a691, networkLocation: /default-rack, certSerialId: null}e605e0dd-6a71-4a0a-8796-3643e725e1ee{ip: 172.17.0.2, host: 17b325b6a691, networkLocation: /default-rack, certSerialId: null}, Type:RATIS, Factor:THREE, State:CLOSED, leaderId:fbf3a64f-640b-4b02-ae41-dab4aff0d596, CreationTimestamp2020-11-16T17:31:46.926Z]
2020-11-16 17:32:26,819 [EventQueue-StaleNodeForStaleNodeHandler] INFO  pipeline.SCMPipelineManager (SCMPipelineManager.java:finalizeAndDestroyPipeline(460)) - Destroying pipeline:Pipeline[ Id: 99cad37b-94ef-4ee5-80fa-959388351dea, Nodes: fbf3a64f-640b-4b02-ae41-dab4aff0d596{ip: 172.17.0.2, host: 17b325b6a691, networkLocation: /default-rack, certSerialId: null}40c7d372-b34a-46f9-a435-b3894c66894a{ip: 172.17.0.2, host: 17b325b6a691, networkLocation: /default-rack, certSerialId: null}e605e0dd-6a71-4a0a-8796-3643e725e1ee{ip: 172.17.0.2, host: 17b325b6a691, networkLocation: /default-rack, certSerialId: null}, Type:RATIS, Factor:THREE, State:CLOSED, leaderId:e605e0dd-6a71-4a0a-8796-3643e725e1ee, CreationTimestamp2020-11-16T17:31:46.926Z]
2020-11-16 17:32:27,121 [ForkJoinPool.commonPool-worker-0] INFO  ozoneimpl.OzoneContainer (OzoneContainer.java:stop(259)) - Attempting to stop container services.
2020-11-16 17:32:27,121 [ForkJoinPool.commonPool-worker-0] INFO  impl.RaftServerProxy (RaftServerProxy.java:lambda$close$4(322)) - 6b3f7492-0ca6-4b3b-9a26-869cc0a580f4: close
2020-11-16 17:32:27,121 [ForkJoinPool.commonPool-worker-0] INFO  impl.RaftServerImpl (RaftServerImpl.java:lambda$shutdown$3(321)) - 6b3f7492-0ca6-4b3b-9a26-869cc0a580f4@group-EB0438883248: shutdown
2020-11-16 17:32:27,121 [ForkJoinPool.commonPool-worker-0] INFO  util.JmxRegister (JmxRegister.java:unregister(73)) - Successfully un-registered JMX Bean with object name Ratis:service=RaftServer,group=group-EB0438883248,id=6b3f7492-0ca6-4b3b-9a26-869cc0a580f4
2020-11-16 17:32:27,121 [ForkJoinPool.commonPool-worker-0] INFO  impl.RoleInfo (RoleInfo.java:shutdownLeaderState(104)) - 6b3f7492-0ca6-4b3b-9a26-869cc0a580f4: shutdown LeaderState
2020-11-16 17:32:27,121 [ForkJoinPool.commonPool-worker-0] INFO  metrics.RatisMetrics (RatisMetrics.java:unregister(43)) - Unregistering Metrics Registry : ratis_grpc.log_appender.6b3f7492-0ca6-4b3b-9a26-869cc0a580f4@group-EB0438883248
2020-11-16 17:32:27,121 [ForkJoinPool.commonPool-worker-0] INFO  metrics.RatisMetrics (RatisMetrics.java:unregister(43)) - Unregistering Metrics Registry : ratis_grpc.log_appender.6b3f7492-0ca6-4b3b-9a26-869cc0a580f4@group-EB0438883248
2020-11-16 17:32:27,122 [ForkJoinPool.commonPool-worker-0] INFO  impl.PendingRequests (PendingRequests.java:sendNotLeaderResponses(249)) - 6b3f7492-0ca6-4b3b-9a26-869cc0a580f4@group-EB0438883248-PendingRequests: sendNotLeaderResponses
2020-11-16 17:32:27,122 [ForkJoinPool.commonPool-worker-0] INFO  metrics.RatisMetrics (RatisMetrics.java:unregister(43)) - Unregistering Metrics Registry : ratis.log_appender.6b3f7492-0ca6-4b3b-9a26-869cc0a580f4@group-EB0438883248
2020-11-16 17:32:27,122 [ForkJoinPool.commonPool-worker-0] INFO  metrics.RatisMetrics (RatisMetrics.java:unregister(43)) - Unregistering Metrics Registry : ratis.server.6b3f7492-0ca6-4b3b-9a26-869cc0a580f4@group-EB0438883248
2020-11-16 17:32:27,123 [org.apache.ratis.server.impl.LogAppender$AppenderDaemon$$Lambda$490/1020907110@763252a7] WARN  server.GrpcLogAppender (GrpcLogAppender.java:mayWait(168)) - 6b3f7492-0ca6-4b3b-9a26-869cc0a580f4@group-EB0438883248->7ba08779-98dd-4ee1-a6ca-8386ca3b8fbf-GrpcLogAppender: Wait interrupted by java.lang.InterruptedException
2020-11-16 17:32:27,122 [org.apache.ratis.server.impl.LogAppender$AppenderDaemon$$Lambda$490/1020907110@7e41c80] WARN  server.GrpcLogAppender (GrpcLogAppender.java:mayWait(168)) - 6b3f7492-0ca6-4b3b-9a26-869cc0a580f4@group-EB0438883248->756efa00-9886-4f2c-af17-99a3a9dc2153-GrpcLogAppender: Wait interrupted by java.lang.InterruptedException
2020-11-16 17:32:27,123 [grpc-default-executor-6] INFO  server.GrpcServerProtocolService (GrpcServerProtocolService.java:onCompleted(138)) - 7ba08779-98dd-4ee1-a6ca-8386ca3b8fbf: Completed APPEND_ENTRIES, lastRequest: 6b3f7492-0ca6-4b3b-9a26-869cc0a580f4->7ba08779-98dd-4ee1-a6ca-8386ca3b8fbf#1-t1, previous=(t:0, i:0), leaderCommit=0, initializing? false, entries: size=1, first=(t:1, i:0), CONFIGURATIONENTRY
2020-11-16 17:32:27,123 [Listener at 127.0.0.1/35907] INFO  ozoneimpl.OzoneContainer (OzoneContainer.java:stop(259)) - Attempting to stop container services.
2020-11-16 17:32:27,124 [grpc-default-executor-10] INFO  server.GrpcLogAppender (GrpcLogAppender.java:onCompleted(336)) - 6b3f7492-0ca6-4b3b-9a26-869cc0a580f4@group-EB0438883248->7ba08779-98dd-4ee1-a6ca-8386ca3b8fbf-AppendLogResponseHandler: follower responses appendEntries COMPLETED
2020-11-16 17:32:27,124 [grpc-default-executor-10] INFO  impl.FollowerInfo (FollowerInfo.java:lambda$new$0(51)) - 6b3f7492-0ca6-4b3b-9a26-869cc0a580f4@group-EB0438883248->7ba08779-98dd-4ee1-a6ca-8386ca3b8fbf: nextIndex: updateUnconditionally 1 -> 0
2020-11-16 17:32:27,124 [Listener at 127.0.0.1/35907] INFO  impl.RaftServerProxy (RaftServerProxy.java:lambda$close$4(322)) - 7ba08779-98dd-4ee1-a6ca-8386ca3b8fbf: close
2020-11-16 17:32:27,124 [Listener at 127.0.0.1/35907] INFO  impl.RaftServerImpl (RaftServerImpl.java:lambda$shutdown$3(321)) - 7ba08779-98dd-4ee1-a6ca-8386ca3b8fbf@group-EB0438883248: shutdown
2020-11-16 17:32:27,125 [Listener at 127.0.0.1/35907] INFO  util.JmxRegister (JmxRegister.java:unregister(73)) - Successfully un-registered JMX Bean with object name Ratis:service=RaftServer,group=group-EB0438883248,id=7ba08779-98dd-4ee1-a6ca-8386ca3b8fbf
2020-11-16 17:32:27,125 [Listener at 127.0.0.1/35907] INFO  impl.RoleInfo (RoleInfo.java:shutdownFollowerState(121)) - 7ba08779-98dd-4ee1-a6ca-8386ca3b8fbf: shutdown FollowerState
2020-11-16 17:32:27,125 [Listener at 127.0.0.1/35907] INFO  impl.StateMachineUpdater (StateMachineUpdater.java:stopAndJoin(142)) - 7ba08779-98dd-4ee1-a6ca-8386ca3b8fbf@group-EB0438883248-StateMachineUpdater: set stopIndex = 0
2020-11-16 17:32:27,124 [ForkJoinPool.commonPool-worker-0] INFO  impl.StateMachineUpdater (StateMachineUpdater.java:stopAndJoin(142)) - 6b3f7492-0ca6-4b3b-9a26-869cc0a580f4@group-EB0438883248-StateMachineUpdater: set stopIndex = 0
2020-11-16 17:32:27,125 [7ba08779-98dd-4ee1-a6ca-8386ca3b8fbf@group-EB0438883248-StateMachineUpdater] INFO  ratis.ContainerStateMachine (ContainerStateMachine.java:takeSnapshot(293)) - group-EB0438883248: Taking a snapshot at:(t:1, i:0) file /github/workspace/mnt/ozone/hadoop-ozone/integration-test/target/test-dir/MiniOzoneClusterImpl-7523e9d5-68c3-40ce-b00f-57fa4c553895/datanode-5/data/ratis/7a6872e7-5ad5-4718-85f6-eb0438883248/sm/snapshot.1_0
2020-11-16 17:32:27,125 [Thread-2832] INFO  impl.FollowerState (FollowerState.java:run(117)) - 7ba08779-98dd-4ee1-a6ca-8386ca3b8fbf@group-EB0438883248-FollowerState was interrupted: java.lang.InterruptedException: sleep interrupted
2020-11-16 17:32:27,125 [6b3f7492-0ca6-4b3b-9a26-869cc0a580f4@group-EB0438883248-StateMachineUpdater] INFO  ratis.ContainerStateMachine (ContainerStateMachine.java:takeSnapshot(293)) - group-EB0438883248: Taking a snapshot at:(t:1, i:0) file /github/workspace/mnt/ozone/hadoop-ozone/integration-test/target/test-dir/MiniOzoneClusterImpl-7523e9d5-68c3-40ce-b00f-57fa4c553895/datanode-6/data/ratis/7a6872e7-5ad5-4718-85f6-eb0438883248/sm/snapshot.1_0
2020-11-16 17:32:27,126 [7ba08779-98dd-4ee1-a6ca-8386ca3b8fbf@group-EB0438883248-StateMachineUpdater] INFO  ratis.ContainerStateMachine (ContainerStateMachine.java:takeSnapshot(304)) - group-EB0438883248: Finished taking a snapshot at:(t:1, i:0) file:/github/workspace/mnt/ozone/hadoop-ozone/integration-test/target/test-dir/MiniOzoneClusterImpl-7523e9d5-68c3-40ce-b00f-57fa4c553895/datanode-5/data/ratis/7a6872e7-5ad5-4718-85f6-eb0438883248/sm/snapshot.1_0 time:1
2020-11-16 17:32:27,127 [7ba08779-98dd-4ee1-a6ca-8386ca3b8fbf@group-EB0438883248-StateMachineUpdater] INFO  impl.StateMachineUpdater (StateMachineUpdater.java:takeSnapshot(277)) - 7ba08779-98dd-4ee1-a6ca-8386ca3b8fbf@group-EB0438883248-StateMachineUpdater: Took a snapshot at index 0
2020-11-16 17:32:27,127 [7ba08779-98dd-4ee1-a6ca-8386ca3b8fbf@group-EB0438883248-StateMachineUpdater] INFO  impl.StateMachineUpdater (StateMachineUpdater.java:lambda$new$0(87)) - 7ba08779-98dd-4ee1-a6ca-8386ca3b8fbf@group-EB0438883248-StateMachineUpdater: snapshotIndex: updateIncreasingly -1 -> 0
2020-11-16 17:32:27,127 [6b3f7492-0ca6-4b3b-9a26-869cc0a580f4@group-EB0438883248-StateMachineUpdater] INFO  ratis.ContainerStateMachine (ContainerStateMachine.java:takeSnapshot(304)) - group-EB0438883248: Finished taking a snapshot at:(t:1, i:0) file:/github/workspace/mnt/ozone/hadoop-ozone/integration-test/target/test-dir/MiniOzoneClusterImpl-7523e9d5-68c3-40ce-b00f-57fa4c553895/datanode-6/data/ratis/7a6872e7-5ad5-4718-85f6-eb0438883248/sm/snapshot.1_0 time:1
2020-11-16 17:32:27,127 [6b3f7492-0ca6-4b3b-9a26-869cc0a580f4@group-EB0438883248-StateMachineUpdater] INFO  impl.StateMachineUpdater (StateMachineUpdater.java:takeSnapshot(277)) - 6b3f7492-0ca6-4b3b-9a26-869cc0a580f4@group-EB0438883248-StateMachineUpdater: Took a snapshot at index 0
2020-11-16 17:32:27,127 [6b3f7492-0ca6-4b3b-9a26-869cc0a580f4@group-EB0438883248-StateMachineUpdater] INFO  impl.StateMachineUpdater (StateMachineUpdater.java:lambda$new$0(87)) - 6b3f7492-0ca6-4b3b-9a26-869cc0a580f4@group-EB0438883248-StateMachineUpdater: snapshotIndex: updateIncreasingly -1 -> 0
2020-11-16 17:32:27,127 [6b3f7492-0ca6-4b3b-9a26-869cc0a580f4@group-EB0438883248-StateMachineUpdater] INFO  metrics.RatisMetrics (RatisMetrics.java:unregister(43)) - Unregistering Metrics Registry : ratis.state_machine.6b3f7492-0ca6-4b3b-9a26-869cc0a580f4@group-EB0438883248
2020-11-16 17:32:27,127 [Thread-2828] INFO  impl.FollowerState (FollowerState.java:run(108)) - 7ba08779-98dd-4ee1-a6ca-8386ca3b8fbf@group-2C2283A33F91-FollowerState: change to CANDIDATE, lastRpcTime:5015ms, electionTimeout:5007ms
2020-11-16 17:32:27,128 [Thread-2828] INFO  impl.RoleInfo (RoleInfo.java:shutdownFollowerState(121)) - 7ba08779-98dd-4ee1-a6ca-8386ca3b8fbf: shutdown FollowerState
2020-11-16 17:32:27,128 [Thread-2828] INFO  impl.RaftServerImpl (RaftServerImpl.java:setRole(198)) - 7ba08779-98dd-4ee1-a6ca-8386ca3b8fbf@group-2C2283A33F91: changes role from  FOLLOWER to CANDIDATE at term 1 for changeToCandidate
2020-11-16 17:32:27,128 [Thread-2828] INFO  impl.RoleInfo (RoleInfo.java:updateAndGet(143)) - 7ba08779-98dd-4ee1-a6ca-8386ca3b8fbf: start LeaderElection
2020-11-16 17:32:27,128 [ForkJoinPool.commonPool-worker-0] INFO  impl.RaftServerImpl (ServerState.java:close(405)) - 6b3f7492-0ca6-4b3b-9a26-869cc0a580f4@group-EB0438883248: closes. applyIndex: 0
2020-11-16 17:32:27,128 [7ba08779-98dd-4ee1-a6ca-8386ca3b8fbf@group-EB0438883248-StateMachineUpdater] INFO  metrics.RatisMetrics (RatisMetrics.java:unregister(43)) - Unregistering Metrics Registry : ratis.state_machine.7ba08779-98dd-4ee1-a6ca-8386ca3b8fbf@group-EB0438883248
2020-11-16 17:32:27,128 [Listener at 127.0.0.1/35907] INFO  impl.RaftServerImpl (ServerState.java:close(405)) - 7ba08779-98dd-4ee1-a6ca-8386ca3b8fbf@group-EB0438883248: closes. applyIndex: 0
2020-11-16 17:32:27,128 [6b3f7492-0ca6-4b3b-9a26-869cc0a580f4@group-EB0438883248-SegmentedRaftLogWorker] INFO  segmented.SegmentedRaftLogWorker (SegmentedRaftLogWorker.java:run(327)) - 6b3f7492-0ca6-4b3b-9a26-869cc0a580f4@group-EB0438883248-SegmentedRaftLogWorker was interrupted, exiting. There are 0 tasks remaining in the queue.
2020-11-16 17:32:27,128 [7ba08779-98dd-4ee1-a6ca-8386ca3b8fbf@group-EB0438883248-SegmentedRaftLogWorker] INFO  segmented.SegmentedRaftLogWorker (SegmentedRaftLogWorker.java:run(327)) - 7ba08779-98dd-4ee1-a6ca-8386ca3b8fbf@group-EB0438883248-SegmentedRaftLogWorker was interrupted, exiting. There are 0 tasks remaining in the queue.
2020-11-16 17:32:27,135 [ForkJoinPool.commonPool-worker-0] INFO  segmented.SegmentedRaftLogWorker (SegmentedRaftLogWorker.java:close(234)) - 6b3f7492-0ca6-4b3b-9a26-869cc0a580f4@group-EB0438883248-SegmentedRaftLogWorker close()
2020-11-16 17:32:27,137 [Listener at 127.0.0.1/35907] INFO  segmented.SegmentedRaftLogWorker (SegmentedRaftLogWorker.java:close(234)) - 7ba08779-98dd-4ee1-a6ca-8386ca3b8fbf@group-EB0438883248-SegmentedRaftLogWorker close()
2020-11-16 17:32:27,137 [7ba08779-98dd-4ee1-a6ca-8386ca3b8fbf@group-2C2283A33F91-LeaderElection98] INFO  impl.LeaderElection (LeaderElection.java:askForVotes(210)) - 7ba08779-98dd-4ee1-a6ca-8386ca3b8fbf@group-2C2283A33F91-LeaderElection98: begin an election at term 2 for -1: [6b3f7492-0ca6-4b3b-9a26-869cc0a580f4:172.17.0.2:37553:0, 756efa00-9886-4f2c-af17-99a3a9dc2153:172.17.0.2:34565:0, 7ba08779-98dd-4ee1-a6ca-8386ca3b8fbf:172.17.0.2:34067:0], old=null
2020-11-16 17:32:27,138 [ForkJoinPool.commonPool-worker-0] INFO  metrics.RatisMetrics (RatisMetrics.java:unregister(43)) - Unregistering Metrics Registry : ratis.log_worker.6b3f7492-0ca6-4b3b-9a26-869cc0a580f4@group-EB0438883248
2020-11-16 17:32:27,138 [ForkJoinPool.commonPool-worker-0] INFO  metrics.RatisMetrics (RatisMetrics.java:unregister(43)) - Unregistering Metrics Registry : ratis.leader_election.6b3f7492-0ca6-4b3b-9a26-869cc0a580f4@group-EB0438883248
2020-11-16 17:32:27,138 [ForkJoinPool.commonPool-worker-0] INFO  metrics.RatisMetrics (RatisMetrics.java:unregister(43)) - Unregistering Metrics Registry : ratis.server.6b3f7492-0ca6-4b3b-9a26-869cc0a580f4@group-EB0438883248
2020-11-16 17:32:27,138 [ForkJoinPool.commonPool-worker-0] INFO  impl.RaftServerImpl (RaftServerImpl.java:lambda$shutdown$3(321)) - 6b3f7492-0ca6-4b3b-9a26-869cc0a580f4@group-2C2283A33F91: shutdown
2020-11-16 17:32:27,138 [ForkJoinPool.commonPool-worker-0] INFO  util.JmxRegister (JmxRegister.java:unregister(73)) - Successfully un-registered JMX Bean with object name Ratis:service=RaftServer,group=group-2C2283A33F91,id=6b3f7492-0ca6-4b3b-9a26-869cc0a580f4
2020-11-16 17:32:27,138 [ForkJoinPool.commonPool-worker-0] INFO  impl.RoleInfo (RoleInfo.java:shutdownFollowerState(121)) - 6b3f7492-0ca6-4b3b-9a26-869cc0a580f4: shutdown FollowerState
2020-11-16 17:32:27,143 [Listener at 127.0.0.1/35907] INFO  metrics.RatisMetrics (RatisMetrics.java:unregister(43)) - Unregistering Metrics Registry : ratis.log_worker.7ba08779-98dd-4ee1-a6ca-8386ca3b8fbf@group-EB0438883248
2020-11-16 17:32:27,144 [Listener at 127.0.0.1/35907] INFO  metrics.RatisMetrics (RatisMetrics.java:unregister(43)) - Unregistering Metrics Registry : ratis.leader_election.7ba08779-98dd-4ee1-a6ca-8386ca3b8fbf@group-EB0438883248
2020-11-16 17:32:27,144 [Listener at 127.0.0.1/35907] INFO  metrics.RatisMetrics (RatisMetrics.java:unregister(43)) - Unregistering Metrics Registry : ratis.server.7ba08779-98dd-4ee1-a6ca-8386ca3b8fbf@group-EB0438883248
2020-11-16 17:32:27,144 [Listener at 127.0.0.1/35907] INFO  impl.RaftServerImpl (RaftServerImpl.java:lambda$shutdown$3(321)) - 7ba08779-98dd-4ee1-a6ca-8386ca3b8fbf@group-2C2283A33F91: shutdown
2020-11-16 17:32:27,144 [Listener at 127.0.0.1/35907] INFO  util.JmxRegister (JmxRegister.java:unregister(73)) - Successfully un-registered JMX Bean with object name Ratis:service=RaftServer,group=group-2C2283A33F91,id=7ba08779-98dd-4ee1-a6ca-8386ca3b8fbf
2020-11-16 17:32:27,144 [Listener at 127.0.0.1/35907] INFO  impl.RoleInfo (RoleInfo.java:shutdownLeaderElection(134)) - 7ba08779-98dd-4ee1-a6ca-8386ca3b8fbf: shutdown LeaderElection
2020-11-16 17:32:27,144 [Listener at 127.0.0.1/35907] INFO  impl.StateMachineUpdater (StateMachineUpdater.java:stopAndJoin(142)) - 7ba08779-98dd-4ee1-a6ca-8386ca3b8fbf@group-2C2283A33F91-StateMachineUpdater: set stopIndex = -1
2020-11-16 17:32:27,144 [7ba08779-98dd-4ee1-a6ca-8386ca3b8fbf@group-2C2283A33F91-StateMachineUpdater] INFO  metrics.RatisMetrics (RatisMetrics.java:unregister(43)) - Unregistering Metrics Registry : ratis.state_machine.7ba08779-98dd-4ee1-a6ca-8386ca3b8fbf@group-2C2283A33F91
2020-11-16 17:32:27,145 [Listener at 127.0.0.1/35907] INFO  impl.RaftServerImpl (ServerState.java:close(405)) - 7ba08779-98dd-4ee1-a6ca-8386ca3b8fbf@group-2C2283A33F91: closes. applyIndex: -1
2020-11-16 17:32:27,145 [7ba08779-98dd-4ee1-a6ca-8386ca3b8fbf@group-2C2283A33F91-SegmentedRaftLogWorker] INFO  segmented.SegmentedRaftLogWorker (SegmentedRaftLogWorker.java:run(327)) - 7ba08779-98dd-4ee1-a6ca-8386ca3b8fbf@group-2C2283A33F91-SegmentedRaftLogWorker was interrupted, exiting. There are 0 tasks remaining in the queue.
2020-11-16 17:32:27,145 [Thread-2827] INFO  impl.FollowerState (FollowerState.java:run(117)) - 6b3f7492-0ca6-4b3b-9a26-869cc0a580f4@group-2C2283A33F91-FollowerState was interrupted: java.lang.InterruptedException: sleep interrupted
2020-11-16 17:32:27,145 [7ba08779-98dd-4ee1-a6ca-8386ca3b8fbf@group-2C2283A33F91-LeaderElection98] INFO  impl.LeaderElection (LogUtils.java:infoOrTrace(137)) - 7ba08779-98dd-4ee1-a6ca-8386ca3b8fbf@group-2C2283A33F91-LeaderElection98 got exception when requesting votes: java.util.concurrent.ExecutionException: org.apache.ratis.thirdparty.io.grpc.StatusRuntimeException: UNAVAILABLE: io exception
2020-11-16 17:32:27,145 [7ba08779-98dd-4ee1-a6ca-8386ca3b8fbf@group-2C2283A33F91-LeaderElection98] INFO  impl.LeaderElection (LeaderElection.java:logAndReturn(62)) - 7ba08779-98dd-4ee1-a6ca-8386ca3b8fbf@group-2C2283A33F91-LeaderElection98: Election REJECTED; received 0 response(s) [] and 1 exception(s); 7ba08779-98dd-4ee1-a6ca-8386ca3b8fbf@group-2C2283A33F91:t2, leader=null, voted=7ba08779-98dd-4ee1-a6ca-8386ca3b8fbf, raftlog=7ba08779-98dd-4ee1-a6ca-8386ca3b8fbf@group-2C2283A33F91-SegmentedRaftLog:CLOSED:c-1, conf=-1: [6b3f7492-0ca6-4b3b-9a26-869cc0a580f4:172.17.0.2:37553:0, 756efa00-9886-4f2c-af17-99a3a9dc2153:172.17.0.2:34565:0, 7ba08779-98dd-4ee1-a6ca-8386ca3b8fbf:172.17.0.2:34067:0], old=null
2020-11-16 17:32:27,145 [7ba08779-98dd-4ee1-a6ca-8386ca3b8fbf@group-2C2283A33F91-LeaderElection98] INFO  impl.LeaderElection (LogUtils.java:infoOrTrace(137)) -   Exception 0: java.util.concurrent.ExecutionException: org.apache.ratis.thirdparty.io.grpc.StatusRuntimeException: UNAVAILABLE: io exception
2020-11-16 17:32:27,146 [6b3f7492-0ca6-4b3b-9a26-869cc0a580f4@group-2C2283A33F91-StateMachineUpdater] INFO  metrics.RatisMetrics (RatisMetrics.java:unregister(43)) - Unregistering Metrics Registry : ratis.state_machine.6b3f7492-0ca6-4b3b-9a26-869cc0a580f4@group-2C2283A33F91
2020-11-16 17:32:27,145 [ForkJoinPool.commonPool-worker-0] INFO  impl.StateMachineUpdater (StateMachineUpdater.java:stopAndJoin(142)) - 6b3f7492-0ca6-4b3b-9a26-869cc0a580f4@group-2C2283A33F91-StateMachineUpdater: set stopIndex = -1
2020-11-16 17:32:27,146 [ForkJoinPool.commonPool-worker-0] INFO  impl.RaftServerImpl (ServerState.java:close(405)) - 6b3f7492-0ca6-4b3b-9a26-869cc0a580f4@group-2C2283A33F91: closes. applyIndex: -1
2020-11-16 17:32:27,146 [Listener at 127.0.0.1/35907] INFO  segmented.SegmentedRaftLogWorker (SegmentedRaftLogWorker.java:close(234)) - 7ba08779-98dd-4ee1-a6ca-8386ca3b8fbf@group-2C2283A33F91-SegmentedRaftLogWorker close()
2020-11-16 17:32:27,146 [6b3f7492-0ca6-4b3b-9a26-869cc0a580f4@group-2C2283A33F91-SegmentedRaftLogWorker] INFO  segmented.SegmentedRaftLogWorker (SegmentedRaftLogWorker.java:run(327)) - 6b3f7492-0ca6-4b3b-9a26-869cc0a580f4@group-2C2283A33F91-SegmentedRaftLogWorker was interrupted, exiting. There are 0 tasks remaining in the queue.
2020-11-16 17:32:27,147 [grpc-default-executor-10] WARN  server.GrpcServerProtocolService (LogUtils.java:warn(122)) - 6b3f7492-0ca6-4b3b-9a26-869cc0a580f4: Failed requestVote 7ba08779-98dd-4ee1-a6ca-8386ca3b8fbf->6b3f7492-0ca6-4b3b-9a26-869cc0a580f4#0: org.apache.ratis.protocol.exceptions.ServerNotReadyException: 6b3f7492-0ca6-4b3b-9a26-869cc0a580f4@group-2C2283A33F91 is not in [RUNNING]: current state is CLOSING
2020-11-16 17:32:27,147 [ForkJoinPool.commonPool-worker-0] INFO  segmented.SegmentedRaftLogWorker (SegmentedRaftLogWorker.java:close(234)) - 6b3f7492-0ca6-4b3b-9a26-869cc0a580f4@group-2C2283A33F91-SegmentedRaftLogWorker close()
2020-11-16 17:32:27,147 [Listener at 127.0.0.1/35907] INFO  metrics.RatisMetrics (RatisMetrics.java:unregister(43)) - Unregistering Metrics Registry : ratis.log_worker.7ba08779-98dd-4ee1-a6ca-8386ca3b8fbf@group-2C2283A33F91
2020-11-16 17:32:27,148 [Listener at 127.0.0.1/35907] INFO  metrics.RatisMetrics (RatisMetrics.java:unregister(43)) - Unregistering Metrics Registry : ratis.leader_election.7ba08779-98dd-4ee1-a6ca-8386ca3b8fbf@group-2C2283A33F91
2020-11-16 17:32:27,148 [Listener at 127.0.0.1/35907] INFO  metrics.RatisMetrics (RatisMetrics.java:unregister(43)) - Unregistering Metrics Registry : ratis.server.7ba08779-98dd-4ee1-a6ca-8386ca3b8fbf@group-2C2283A33F91
2020-11-16 17:32:27,148 [Listener at 127.0.0.1/35907] INFO  impl.RaftServerImpl (RaftServerImpl.java:lambda$shutdown$3(321)) - 7ba08779-98dd-4ee1-a6ca-8386ca3b8fbf@group-18121DA9B9AE: shutdown
2020-11-16 17:32:27,149 [Listener at 127.0.0.1/35907] INFO  util.JmxRegister (JmxRegister.java:unregister(73)) - Successfully un-registered JMX Bean with object name Ratis:service=RaftServer,group=group-18121DA9B9AE,id=7ba08779-98dd-4ee1-a6ca-8386ca3b8fbf
2020-11-16 17:32:27,149 [Listener at 127.0.0.1/35907] INFO  impl.RoleInfo (RoleInfo.java:shutdownLeaderState(104)) - 7ba08779-98dd-4ee1-a6ca-8386ca3b8fbf: shutdown LeaderState
2020-11-16 17:32:27,149 [Listener at 127.0.0.1/35907] INFO  impl.PendingRequests (PendingRequests.java:sendNotLeaderResponses(249)) - 7ba08779-98dd-4ee1-a6ca-8386ca3b8fbf@group-18121DA9B9AE-PendingRequests: sendNotLeaderResponses
2020-11-16 17:32:27,149 [Listener at 127.0.0.1/35907] INFO  metrics.RatisMetrics (RatisMetrics.java:unregister(43)) - Unregistering Metrics Registry : ratis.log_appender.7ba08779-98dd-4ee1-a6ca-8386ca3b8fbf@group-18121DA9B9AE
2020-11-16 17:32:27,149 [Listener at 127.0.0.1/35907] INFO  metrics.RatisMetrics (RatisMetrics.java:unregister(43)) - Unregistering Metrics Registry : ratis.server.7ba08779-98dd-4ee1-a6ca-8386ca3b8fbf@group-18121DA9B9AE
2020-11-16 17:32:27,150 [Listener at 127.0.0.1/35907] INFO  impl.StateMachineUpdater (StateMachineUpdater.java:stopAndJoin(142)) - 7ba08779-98dd-4ee1-a6ca-8386ca3b8fbf@group-18121DA9B9AE-StateMachineUpdater: set stopIndex = 0
2020-11-16 17:32:27,152 [7ba08779-98dd-4ee1-a6ca-8386ca3b8fbf@group-18121DA9B9AE-StateMachineUpdater] INFO  ratis.ContainerStateMachine (ContainerStateMachine.java:takeSnapshot(293)) - group-18121DA9B9AE: Taking a snapshot at:(t:1, i:0) file /github/workspace/mnt/ozone/hadoop-ozone/integration-test/target/test-dir/MiniOzoneClusterImpl-7523e9d5-68c3-40ce-b00f-57fa4c553895/datanode-5/data/ratis/905e9980-0c29-429b-8547-18121da9b9ae/sm/snapshot.1_0
2020-11-16 17:32:27,153 [7ba08779-98dd-4ee1-a6ca-8386ca3b8fbf@group-18121DA9B9AE-StateMachineUpdater] INFO  ratis.ContainerStateMachine (ContainerStateMachine.java:takeSnapshot(304)) - group-18121DA9B9AE: Finished taking a snapshot at:(t:1, i:0) file:/github/workspace/mnt/ozone/hadoop-ozone/integration-test/target/test-dir/MiniOzoneClusterImpl-7523e9d5-68c3-40ce-b00f-57fa4c553895/datanode-5/data/ratis/905e9980-0c29-429b-8547-18121da9b9ae/sm/snapshot.1_0 time:1
2020-11-16 17:32:27,153 [ForkJoinPool.commonPool-worker-0] INFO  metrics.RatisMetrics (RatisMetrics.java:unregister(43)) - Unregistering Metrics Registry : ratis.log_worker.6b3f7492-0ca6-4b3b-9a26-869cc0a580f4@group-2C2283A33F91
2020-11-16 17:32:27,153 [ForkJoinPool.commonPool-worker-0] INFO  metrics.RatisMetrics (RatisMetrics.java:unregister(43)) - Unregistering Metrics Registry : ratis.leader_election.6b3f7492-0ca6-4b3b-9a26-869cc0a580f4@group-2C2283A33F91
2020-11-16 17:32:27,153 [ForkJoinPool.commonPool-worker-0] INFO  metrics.RatisMetrics (RatisMetrics.java:unregister(43)) - Unregistering Metrics Registry : ratis.server.6b3f7492-0ca6-4b3b-9a26-869cc0a580f4@group-2C2283A33F91
2020-11-16 17:32:27,154 [ForkJoinPool.commonPool-worker-0] INFO  impl.RaftServerImpl (RaftServerImpl.java:lambda$shutdown$3(321)) - 6b3f7492-0ca6-4b3b-9a26-869cc0a580f4@group-465758ED8BC5: shutdown
2020-11-16 17:32:27,154 [ForkJoinPool.commonPool-worker-0] INFO  util.JmxRegister (JmxRegister.java:unregister(73)) - Successfully un-registered JMX Bean with object name Ratis:service=RaftServer,group=group-465758ED8BC5,id=6b3f7492-0ca6-4b3b-9a26-869cc0a580f4
2020-11-16 17:32:27,154 [ForkJoinPool.commonPool-worker-0] INFO  impl.RoleInfo (RoleInfo.java:shutdownLeaderState(104)) - 6b3f7492-0ca6-4b3b-9a26-869cc0a580f4: shutdown LeaderState
2020-11-16 17:32:27,154 [ForkJoinPool.commonPool-worker-0] INFO  impl.PendingRequests (PendingRequests.java:sendNotLeaderResponses(249)) - 6b3f7492-0ca6-4b3b-9a26-869cc0a580f4@group-465758ED8BC5-PendingRequests: sendNotLeaderResponses
2020-11-16 17:32:27,154 [ForkJoinPool.commonPool-worker-0] INFO  metrics.RatisMetrics (RatisMetrics.java:unregister(43)) - Unregistering Metrics Registry : ratis.log_appender.6b3f7492-0ca6-4b3b-9a26-869cc0a580f4@group-465758ED8BC5
2020-11-16 17:32:27,154 [ForkJoinPool.commonPool-worker-0] INFO  metrics.RatisMetrics (RatisMetrics.java:unregister(43)) - Unregistering Metrics Registry : ratis.server.6b3f7492-0ca6-4b3b-9a26-869cc0a580f4@group-465758ED8BC5
2020-11-16 17:32:27,153 [7ba08779-98dd-4ee1-a6ca-8386ca3b8fbf@group-18121DA9B9AE-StateMachineUpdater] INFO  impl.StateMachineUpdater (StateMachineUpdater.java:takeSnapshot(277)) - 7ba08779-98dd-4ee1-a6ca-8386ca3b8fbf@group-18121DA9B9AE-StateMachineUpdater: Took a snapshot at index 0
2020-11-16 17:32:27,155 [7ba08779-98dd-4ee1-a6ca-8386ca3b8fbf@group-18121DA9B9AE-StateMachineUpdater] INFO  impl.StateMachineUpdater (StateMachineUpdater.java:lambda$new$0(87)) - 7ba08779-98dd-4ee1-a6ca-8386ca3b8fbf@group-18121DA9B9AE-StateMachineUpdater: snapshotIndex: updateIncreasingly -1 -> 0
2020-11-16 17:32:27,155 [7ba08779-98dd-4ee1-a6ca-8386ca3b8fbf@group-18121DA9B9AE-StateMachineUpdater] INFO  metrics.RatisMetrics (RatisMetrics.java:unregister(43)) - Unregistering Metrics Registry : ratis.state_machine.7ba08779-98dd-4ee1-a6ca-8386ca3b8fbf@group-18121DA9B9AE
2020-11-16 17:32:27,158 [ForkJoinPool.commonPool-worker-0] INFO  impl.StateMachineUpdater (StateMachineUpdater.java:stopAndJoin(142)) - 6b3f7492-0ca6-4b3b-9a26-869cc0a580f4@group-465758ED8BC5-StateMachineUpdater: set stopIndex = 0
2020-11-16 17:32:27,159 [6b3f7492-0ca6-4b3b-9a26-869cc0a580f4@group-465758ED8BC5-StateMachineUpdater] INFO  ratis.ContainerStateMachine (ContainerStateMachine.java:takeSnapshot(293)) - group-465758ED8BC5: Taking a snapshot at:(t:1, i:0) file /github/workspace/mnt/ozone/hadoop-ozone/integration-test/target/test-dir/MiniOzoneClusterImpl-7523e9d5-68c3-40ce-b00f-57fa4c553895/datanode-6/data/ratis/26890cb8-6a58-49b8-98f4-465758ed8bc5/sm/snapshot.1_0
2020-11-16 17:32:27,159 [Listener at 127.0.0.1/35907] INFO  impl.RaftServerImpl (ServerState.java:close(405)) - 7ba08779-98dd-4ee1-a6ca-8386ca3b8fbf@group-18121DA9B9AE: closes. applyIndex: 0
2020-11-16 17:32:27,159 [7ba08779-98dd-4ee1-a6ca-8386ca3b8fbf@group-18121DA9B9AE-SegmentedRaftLogWorker] INFO  segmented.SegmentedRaftLogWorker (SegmentedRaftLogWorker.java:run(327)) - 7ba08779-98dd-4ee1-a6ca-8386ca3b8fbf@group-18121DA9B9AE-SegmentedRaftLogWorker was interrupted, exiting. There are 0 tasks remaining in the queue.
2020-11-16 17:32:27,160 [Listener at 127.0.0.1/35907] INFO  segmented.SegmentedRaftLogWorker (SegmentedRaftLogWorker.java:close(234)) - 7ba08779-98dd-4ee1-a6ca-8386ca3b8fbf@group-18121DA9B9AE-SegmentedRaftLogWorker close()
2020-11-16 17:32:27,160 [Listener at 127.0.0.1/35907] INFO  metrics.RatisMetrics (RatisMetrics.java:unregister(43)) - Unregistering Metrics Registry : ratis.log_worker.7ba08779-98dd-4ee1-a6ca-8386ca3b8fbf@group-18121DA9B9AE
2020-11-16 17:32:27,160 [Listener at 127.0.0.1/35907] INFO  metrics.RatisMetrics (RatisMetrics.java:unregister(43)) - Unregistering Metrics Registry : ratis.leader_election.7ba08779-98dd-4ee1-a6ca-8386ca3b8fbf@group-18121DA9B9AE
2020-11-16 17:32:27,160 [Listener at 127.0.0.1/35907] INFO  metrics.RatisMetrics (RatisMetrics.java:unregister(43)) - Unregistering Metrics Registry : ratis.server.7ba08779-98dd-4ee1-a6ca-8386ca3b8fbf@group-18121DA9B9AE
2020-11-16 17:32:27,160 [6b3f7492-0ca6-4b3b-9a26-869cc0a580f4@group-465758ED8BC5-StateMachineUpdater] INFO  ratis.ContainerStateMachine (ContainerStateMachine.java:takeSnapshot(304)) - group-465758ED8BC5: Finished taking a snapshot at:(t:1, i:0) file:/github/workspace/mnt/ozone/hadoop-ozone/integration-test/target/test-dir/MiniOzoneClusterImpl-7523e9d5-68c3-40ce-b00f-57fa4c553895/datanode-6/data/ratis/26890cb8-6a58-49b8-98f4-465758ed8bc5/sm/snapshot.1_0 time:0
2020-11-16 17:32:27,160 [6b3f7492-0ca6-4b3b-9a26-869cc0a580f4@group-465758ED8BC5-StateMachineUpdater] INFO  impl.StateMachineUpdater (StateMachineUpdater.java:takeSnapshot(277)) - 6b3f7492-0ca6-4b3b-9a26-869cc0a580f4@group-465758ED8BC5-StateMachineUpdater: Took a snapshot at index 0
2020-11-16 17:32:27,160 [6b3f7492-0ca6-4b3b-9a26-869cc0a580f4@group-465758ED8BC5-StateMachineUpdater] INFO  impl.StateMachineUpdater (StateMachineUpdater.java:lambda$new$0(87)) - 6b3f7492-0ca6-4b3b-9a26-869cc0a580f4@group-465758ED8BC5-StateMachineUpdater: snapshotIndex: updateIncreasingly -1 -> 0
2020-11-16 17:32:27,161 [6b3f7492-0ca6-4b3b-9a26-869cc0a580f4@group-465758ED8BC5-StateMachineUpdater] INFO  metrics.RatisMetrics (RatisMetrics.java:unregister(43)) - Unregistering Metrics Registry : ratis.state_machine.6b3f7492-0ca6-4b3b-9a26-869cc0a580f4@group-465758ED8BC5
2020-11-16 17:32:27,161 [ForkJoinPool.commonPool-worker-0] INFO  impl.RaftServerImpl (ServerState.java:close(405)) - 6b3f7492-0ca6-4b3b-9a26-869cc0a580f4@group-465758ED8BC5: closes. applyIndex: 0
2020-11-16 17:32:27,160 [Listener at 127.0.0.1/35907] INFO  server.GrpcService (GrpcService.java:closeImpl(183)) - 7ba08779-98dd-4ee1-a6ca-8386ca3b8fbf: shutdown server with port 34067 now
2020-11-16 17:32:27,161 [6b3f7492-0ca6-4b3b-9a26-869cc0a580f4@group-465758ED8BC5-SegmentedRaftLogWorker] INFO  segmented.SegmentedRaftLogWorker (SegmentedRaftLogWorker.java:run(327)) - 6b3f7492-0ca6-4b3b-9a26-869cc0a580f4@group-465758ED8BC5-SegmentedRaftLogWorker was interrupted, exiting. There are 0 tasks remaining in the queue.
2020-11-16 17:32:27,161 [ForkJoinPool.commonPool-worker-0] INFO  segmented.SegmentedRaftLogWorker (SegmentedRaftLogWorker.java:close(234)) - 6b3f7492-0ca6-4b3b-9a26-869cc0a580f4@group-465758ED8BC5-SegmentedRaftLogWorker close()
2020-11-16 17:32:27,161 [ForkJoinPool.commonPool-worker-0] INFO  metrics.RatisMetrics (RatisMetrics.java:unregister(43)) - Unregistering Metrics Registry : ratis.log_worker.6b3f7492-0ca6-4b3b-9a26-869cc0a580f4@group-465758ED8BC5
2020-11-16 17:32:27,161 [ForkJoinPool.commonPool-worker-0] INFO  metrics.RatisMetrics (RatisMetrics.java:unregister(43)) - Unregistering Metrics Registry : ratis.leader_election.6b3f7492-0ca6-4b3b-9a26-869cc0a580f4@group-465758ED8BC5
2020-11-16 17:32:27,161 [ForkJoinPool.commonPool-worker-0] INFO  metrics.RatisMetrics (RatisMetrics.java:unregister(43)) - Unregistering Metrics Registry : ratis.server.6b3f7492-0ca6-4b3b-9a26-869cc0a580f4@group-465758ED8BC5
2020-11-16 17:32:27,162 [ForkJoinPool.commonPool-worker-0] INFO  server.GrpcService (GrpcService.java:closeImpl(183)) - 6b3f7492-0ca6-4b3b-9a26-869cc0a580f4: shutdown server with port 37553 now
2020-11-16 17:32:27,165 [ForkJoinPool.commonPool-worker-0] INFO  server.GrpcService (GrpcService.java:closeImpl(191)) - 6b3f7492-0ca6-4b3b-9a26-869cc0a580f4: shutdown server with port 37553 successfully
2020-11-16 17:32:27,167 [Listener at 127.0.0.1/35907] INFO  server.GrpcService (GrpcService.java:closeImpl(191)) - 7ba08779-98dd-4ee1-a6ca-8386ca3b8fbf: shutdown server with port 34067 successfully
2020-11-16 17:32:27,171 [ForkJoinPool.commonPool-worker-0] INFO  utils.BackgroundService (BackgroundService.java:shutdown(132)) - Shutting down service BlockDeletingService
2020-11-16 17:32:27,171 [Listener at 127.0.0.1/35907] INFO  utils.BackgroundService (BackgroundService.java:shutdown(132)) - Shutting down service BlockDeletingService
2020-11-16 17:32:27,174 [Listener at 127.0.0.1/35907] INFO  statemachine.DatanodeStateMachine (DatanodeStateMachine.java:stopDaemon(459)) - Ozone container server stopped.
2020-11-16 17:32:27,179 [ForkJoinPool.commonPool-worker-0] INFO  statemachine.DatanodeStateMachine (DatanodeStateMachine.java:stopDaemon(459)) - Ozone container server stopped.
2020-11-16 17:32:27,184 [Listener at 127.0.0.1/35907] INFO  handler.ContextHandler (ContextHandler.java:doStop(1154)) - Stopped o.e.j.w.WebAppContext@18176c19{hddsDatanode,/,null,STOPPED}{jar:file:/home/user/.m2/repository/org/apache/hadoop/hadoop-hdds-container-service/1.1.0-SNAPSHOT/hadoop-hdds-container-service-1.1.0-SNAPSHOT.jar!/webapps/hddsDatanode}
2020-11-16 17:32:27,185 [Listener at 127.0.0.1/35907] INFO  server.AbstractConnector (AbstractConnector.java:doStop(381)) - Stopped ServerConnector@d26eaef{HTTP/1.1, (http/1.1)}{0.0.0.0:0}
2020-11-16 17:32:27,185 [Listener at 127.0.0.1/35907] INFO  server.session (HouseKeeper.java:stopScavenging(149)) - node0 Stopped scavenging
2020-11-16 17:32:27,185 [Listener at 127.0.0.1/35907] INFO  handler.ContextHandler (ContextHandler.java:doStop(1154)) - Stopped o.e.j.s.ServletContextHandler@3d5ae6d6{static,/static,jar:file:/home/user/.m2/repository/org/apache/hadoop/hadoop-hdds-container-service/1.1.0-SNAPSHOT/hadoop-hdds-container-service-1.1.0-SNAPSHOT.jar!/webapps/static,STOPPED}
2020-11-16 17:32:27,185 [Listener at 127.0.0.1/35907] INFO  handler.ContextHandler (ContextHandler.java:doStop(1154)) - Stopped o.e.j.s.ServletContextHandler@553732a0{logs,/logs,file:///github/workspace/mnt/ozone/hadoop-ozone/integration-test/target/log,STOPPED}
2020-11-16 17:32:27,189 [ForkJoinPool.commonPool-worker-0] INFO  handler.ContextHandler (ContextHandler.java:doStop(1154)) - Stopped o.e.j.w.WebAppContext@4ce12dfb{hddsDatanode,/,null,STOPPED}{jar:file:/home/user/.m2/repository/org/apache/hadoop/hadoop-hdds-container-service/1.1.0-SNAPSHOT/hadoop-hdds-container-service-1.1.0-SNAPSHOT.jar!/webapps/hddsDatanode}
2020-11-16 17:32:27,190 [ForkJoinPool.commonPool-worker-0] INFO  server.AbstractConnector (AbstractConnector.java:doStop(381)) - Stopped ServerConnector@15cc2bf8{HTTP/1.1, (http/1.1)}{0.0.0.0:0}
2020-11-16 17:32:27,190 [ForkJoinPool.commonPool-worker-0] INFO  server.session (HouseKeeper.java:stopScavenging(149)) - node0 Stopped scavenging
2020-11-16 17:32:27,190 [ForkJoinPool.commonPool-worker-0] INFO  handler.ContextHandler (ContextHandler.java:doStop(1154)) - Stopped o.e.j.s.ServletContextHandler@366a464d{static,/static,jar:file:/home/user/.m2/repository/org/apache/hadoop/hadoop-hdds-container-service/1.1.0-SNAPSHOT/hadoop-hdds-container-service-1.1.0-SNAPSHOT.jar!/webapps/static,STOPPED}
2020-11-16 17:32:27,191 [ForkJoinPool.commonPool-worker-0] INFO  handler.ContextHandler (ContextHandler.java:doStop(1154)) - Stopped o.e.j.s.ServletContextHandler@43e00831{logs,/logs,file:///github/workspace/mnt/ozone/hadoop-ozone/integration-test/target/log,STOPPED}
2020-11-16 17:32:31,426 [EventQueue-DeadNodeForDeadNodeHandler] INFO  node.DeadNodeHandler (DeadNodeHandler.java:onMessage(77)) - A dead datanode is detected. 756efa00-9886-4f2c-af17-99a3a9dc2153{ip: 172.17.0.2, host: 17b325b6a691, networkLocation: /default-rack, certSerialId: null}
2020-11-16 17:32:31,426 [EventQueue-DeadNodeForDeadNodeHandler] INFO  pipeline.SCMPipelineManager (SCMPipelineManager.java:finalizeAndDestroyPipeline(460)) - Destroying pipeline:Pipeline[ Id: 7a6872e7-5ad5-4718-85f6-eb0438883248, Nodes: 6b3f7492-0ca6-4b3b-9a26-869cc0a580f4{ip: 172.17.0.2, host: 17b325b6a691, networkLocation: /default-rack, certSerialId: null}7ba08779-98dd-4ee1-a6ca-8386ca3b8fbf{ip: 172.17.0.2, host: 17b325b6a691, networkLocation: /default-rack, certSerialId: null}756efa00-9886-4f2c-af17-99a3a9dc2153{ip: 172.17.0.2, host: 17b325b6a691, networkLocation: /default-rack, certSerialId: null}, Type:RATIS, Factor:THREE, State:CLOSED, leaderId:, CreationTimestamp2020-11-16T17:32:15.800Z]
2020-11-16 17:32:31,426 [EventQueue-DeadNodeForDeadNodeHandler] INFO  pipeline.RatisPipelineProvider (RatisPipelineProvider.java:lambda$close$1(199)) - Send pipeline:PipelineID=7a6872e7-5ad5-4718-85f6-eb0438883248 close command to datanode 6b3f7492-0ca6-4b3b-9a26-869cc0a580f4
2020-11-16 17:32:31,426 [EventQueue-DeadNodeForDeadNodeHandler] INFO  pipeline.RatisPipelineProvider (RatisPipelineProvider.java:lambda$close$1(199)) - Send pipeline:PipelineID=7a6872e7-5ad5-4718-85f6-eb0438883248 close command to datanode 7ba08779-98dd-4ee1-a6ca-8386ca3b8fbf
2020-11-16 17:32:31,426 [EventQueue-DeadNodeForDeadNodeHandler] INFO  pipeline.RatisPipelineProvider (RatisPipelineProvider.java:lambda$close$1(199)) - Send pipeline:PipelineID=7a6872e7-5ad5-4718-85f6-eb0438883248 close command to datanode 756efa00-9886-4f2c-af17-99a3a9dc2153
2020-11-16 17:32:31,426 [EventQueue-DeadNodeForDeadNodeHandler] INFO  pipeline.PipelineStateManager (PipelineStateManager.java:removePipeline(106)) - Pipeline Pipeline[ Id: 7a6872e7-5ad5-4718-85f6-eb0438883248, Nodes: 6b3f7492-0ca6-4b3b-9a26-869cc0a580f4{ip: 172.17.0.2, host: 17b325b6a691, networkLocation: /default-rack, certSerialId: null}7ba08779-98dd-4ee1-a6ca-8386ca3b8fbf{ip: 172.17.0.2, host: 17b325b6a691, networkLocation: /default-rack, certSerialId: null}756efa00-9886-4f2c-af17-99a3a9dc2153{ip: 172.17.0.2, host: 17b325b6a691, networkLocation: /default-rack, certSerialId: null}, Type:RATIS, Factor:THREE, State:CLOSED, leaderId:, CreationTimestamp2020-11-16T17:32:15.800Z] removed from db
2020-11-16 17:32:31,426 [EventQueue-DeadNodeForDeadNodeHandler] INFO  pipeline.SCMPipelineManager (SCMPipelineManager.java:finalizeAndDestroyPipeline(460)) - Destroying pipeline:Pipeline[ Id: 5d49b4e9-ed5d-410a-9426-2c2283a33f91, Nodes: 6b3f7492-0ca6-4b3b-9a26-869cc0a580f4{ip: 172.17.0.2, host: 17b325b6a691, networkLocation: /default-rack, certSerialId: null}7ba08779-98dd-4ee1-a6ca-8386ca3b8fbf{ip: 172.17.0.2, host: 17b325b6a691, networkLocation: /default-rack, certSerialId: null}756efa00-9886-4f2c-af17-99a3a9dc2153{ip: 172.17.0.2, host: 17b325b6a691, networkLocation: /default-rack, certSerialId: null}, Type:RATIS, Factor:THREE, State:CLOSED, leaderId:, CreationTimestamp2020-11-16T17:32:15.799Z]
2020-11-16 17:32:31,427 [EventQueue-DeadNodeForDeadNodeHandler] INFO  pipeline.RatisPipelineProvider (RatisPipelineProvider.java:lambda$close$1(199)) - Send pipeline:PipelineID=5d49b4e9-ed5d-410a-9426-2c2283a33f91 close command to datanode 6b3f7492-0ca6-4b3b-9a26-869cc0a580f4
2020-11-16 17:32:31,427 [EventQueue-DeadNodeForDeadNodeHandler] INFO  pipeline.RatisPipelineProvider (RatisPipelineProvider.java:lambda$close$1(199)) - Send pipeline:PipelineID=5d49b4e9-ed5d-410a-9426-2c2283a33f91 close command to datanode 7ba08779-98dd-4ee1-a6ca-8386ca3b8fbf
2020-11-16 17:32:31,427 [EventQueue-DeadNodeForDeadNodeHandler] INFO  pipeline.RatisPipelineProvider (RatisPipelineProvider.java:lambda$close$1(199)) - Send pipeline:PipelineID=5d49b4e9-ed5d-410a-9426-2c2283a33f91 close command to datanode 756efa00-9886-4f2c-af17-99a3a9dc2153
2020-11-16 17:32:31,427 [EventQueue-DeadNodeForDeadNodeHandler] INFO  pipeline.PipelineStateManager (PipelineStateManager.java:removePipeline(106)) - Pipeline Pipeline[ Id: 5d49b4e9-ed5d-410a-9426-2c2283a33f91, Nodes: 6b3f7492-0ca6-4b3b-9a26-869cc0a580f4{ip: 172.17.0.2, host: 17b325b6a691, networkLocation: /default-rack, certSerialId: null}7ba08779-98dd-4ee1-a6ca-8386ca3b8fbf{ip: 172.17.0.2, host: 17b325b6a691, networkLocation: /default-rack, certSerialId: null}756efa00-9886-4f2c-af17-99a3a9dc2153{ip: 172.17.0.2, host: 17b325b6a691, networkLocation: /default-rack, certSerialId: null}, Type:RATIS, Factor:THREE, State:CLOSED, leaderId:, CreationTimestamp2020-11-16T17:32:15.799Z] removed from db
2020-11-16 17:32:31,427 [RatisPipelineUtilsThread] WARN  pipeline.PipelinePlacementPolicy (PipelinePlacementPolicy.java:filterViableNodes(138)) - Pipeline creation failed due to no sufficient healthy datanodes. Required 3. Found 2.
2020-11-16 17:32:31,430 [EventQueue-DeadNodeForDeadNodeHandler] INFO  pipeline.SCMPipelineManager (SCMPipelineManager.java:finalizeAndDestroyPipeline(460)) - Destroying pipeline:Pipeline[ Id: c125322b-8cc9-44a0-8599-9b79dc36f9f9, Nodes: 756efa00-9886-4f2c-af17-99a3a9dc2153{ip: 172.17.0.2, host: 17b325b6a691, networkLocation: /default-rack, certSerialId: null}, Type:RATIS, Factor:ONE, State:CLOSED, leaderId:756efa00-9886-4f2c-af17-99a3a9dc2153, CreationTimestamp2020-11-16T17:31:47.286Z]
2020-11-16 17:32:31,430 [EventQueue-DeadNodeForDeadNodeHandler] INFO  pipeline.RatisPipelineProvider (RatisPipelineProvider.java:lambda$close$1(199)) - Send pipeline:PipelineID=c125322b-8cc9-44a0-8599-9b79dc36f9f9 close command to datanode 756efa00-9886-4f2c-af17-99a3a9dc2153
2020-11-16 17:32:31,430 [EventQueue-DeadNodeForDeadNodeHandler] INFO  pipeline.PipelineStateManager (PipelineStateManager.java:removePipeline(106)) - Pipeline Pipeline[ Id: c125322b-8cc9-44a0-8599-9b79dc36f9f9, Nodes: 756efa00-9886-4f2c-af17-99a3a9dc2153{ip: 172.17.0.2, host: 17b325b6a691, networkLocation: /default-rack, certSerialId: null}, Type:RATIS, Factor:ONE, State:CLOSED, leaderId:756efa00-9886-4f2c-af17-99a3a9dc2153, CreationTimestamp2020-11-16T17:31:47.286Z] removed from db
2020-11-16 17:32:31,430 [RatisPipelineUtilsThread] WARN  pipeline.PipelinePlacementPolicy (PipelinePlacementPolicy.java:filterViableNodes(138)) - Pipeline creation failed due to no sufficient healthy datanodes. Required 3. Found 2.
2020-11-16 17:32:31,726 [EventQueue-DeadNodeForDeadNodeHandler] INFO  node.DeadNodeHandler (DeadNodeHandler.java:onMessage(77)) - A dead datanode is detected. fbf3a64f-640b-4b02-ae41-dab4aff0d596{ip: 172.17.0.2, host: 17b325b6a691, networkLocation: /default-rack, certSerialId: null}
2020-11-16 17:32:31,726 [EventQueue-DeadNodeForDeadNodeHandler] INFO  pipeline.SCMPipelineManager (SCMPipelineManager.java:finalizeAndDestroyPipeline(460)) - Destroying pipeline:Pipeline[ Id: 3fc48667-3dd6-4ded-99d3-7acbf0f3979a, Nodes: fbf3a64f-640b-4b02-ae41-dab4aff0d596{ip: 172.17.0.2, host: 17b325b6a691, networkLocation: /default-rack, certSerialId: null}40c7d372-b34a-46f9-a435-b3894c66894a{ip: 172.17.0.2, host: 17b325b6a691, networkLocation: /default-rack, certSerialId: null}e605e0dd-6a71-4a0a-8796-3643e725e1ee{ip: 172.17.0.2, host: 17b325b6a691, networkLocation: /default-rack, certSerialId: null}, Type:RATIS, Factor:THREE, State:CLOSED, leaderId:fbf3a64f-640b-4b02-ae41-dab4aff0d596, CreationTimestamp2020-11-16T17:31:46.926Z]
2020-11-16 17:32:31,727 [EventQueue-DeadNodeForDeadNodeHandler] INFO  pipeline.RatisPipelineProvider (RatisPipelineProvider.java:lambda$close$1(199)) - Send pipeline:PipelineID=3fc48667-3dd6-4ded-99d3-7acbf0f3979a close command to datanode fbf3a64f-640b-4b02-ae41-dab4aff0d596
2020-11-16 17:32:31,727 [EventQueue-DeadNodeForDeadNodeHandler] INFO  pipeline.RatisPipelineProvider (RatisPipelineProvider.java:lambda$close$1(199)) - Send pipeline:PipelineID=3fc48667-3dd6-4ded-99d3-7acbf0f3979a close command to datanode 40c7d372-b34a-46f9-a435-b3894c66894a
2020-11-16 17:32:31,727 [EventQueue-DeadNodeForDeadNodeHandler] INFO  pipeline.RatisPipelineProvider (RatisPipelineProvider.java:lambda$close$1(199)) - Send pipeline:PipelineID=3fc48667-3dd6-4ded-99d3-7acbf0f3979a close command to datanode e605e0dd-6a71-4a0a-8796-3643e725e1ee
2020-11-16 17:32:31,727 [EventQueue-DeadNodeForDeadNodeHandler] INFO  pipeline.PipelineStateManager (PipelineStateManager.java:removePipeline(106)) - Pipeline Pipeline[ Id: 3fc48667-3dd6-4ded-99d3-7acbf0f3979a, Nodes: fbf3a64f-640b-4b02-ae41-dab4aff0d596{ip: 172.17.0.2, host: 17b325b6a691, networkLocation: /default-rack, certSerialId: null}40c7d372-b34a-46f9-a435-b3894c66894a{ip: 172.17.0.2, host: 17b325b6a691, networkLocation: /default-rack, certSerialId: null}e605e0dd-6a71-4a0a-8796-3643e725e1ee{ip: 172.17.0.2, host: 17b325b6a691, networkLocation: /default-rack, certSerialId: null}, Type:RATIS, Factor:THREE, State:CLOSED, leaderId:fbf3a64f-640b-4b02-ae41-dab4aff0d596, CreationTimestamp2020-11-16T17:31:46.926Z] removed from db
2020-11-16 17:32:31,727 [EventQueue-DeadNodeForDeadNodeHandler] INFO  pipeline.SCMPipelineManager (SCMPipelineManager.java:finalizeAndDestroyPipeline(460)) - Destroying pipeline:Pipeline[ Id: 99cad37b-94ef-4ee5-80fa-959388351dea, Nodes: fbf3a64f-640b-4b02-ae41-dab4aff0d596{ip: 172.17.0.2, host: 17b325b6a691, networkLocation: /default-rack, certSerialId: null}40c7d372-b34a-46f9-a435-b3894c66894a{ip: 172.17.0.2, host: 17b325b6a691, networkLocation: /default-rack, certSerialId: null}e605e0dd-6a71-4a0a-8796-3643e725e1ee{ip: 172.17.0.2, host: 17b325b6a691, networkLocation: /default-rack, certSerialId: null}, Type:RATIS, Factor:THREE, State:CLOSED, leaderId:e605e0dd-6a71-4a0a-8796-3643e725e1ee, CreationTimestamp2020-11-16T17:31:46.926Z]
2020-11-16 17:32:31,727 [RatisPipelineUtilsThread] WARN  pipeline.PipelinePlacementPolicy (PipelinePlacementPolicy.java:filterViableNodes(138)) - Pipeline creation failed due to no sufficient healthy datanodes. Required 3. Found 2.
2020-11-16 17:32:31,728 [EventQueue-DeadNodeForDeadNodeHandler] INFO  pipeline.RatisPipelineProvider (RatisPipelineProvider.java:lambda$close$1(199)) - Send pipeline:PipelineID=99cad37b-94ef-4ee5-80fa-959388351dea close command to datanode fbf3a64f-640b-4b02-ae41-dab4aff0d596
2020-11-16 17:32:31,728 [EventQueue-DeadNodeForDeadNodeHandler] INFO  pipeline.RatisPipelineProvider (RatisPipelineProvider.java:lambda$close$1(199)) - Send pipeline:PipelineID=99cad37b-94ef-4ee5-80fa-959388351dea close command to datanode 40c7d372-b34a-46f9-a435-b3894c66894a
2020-11-16 17:32:31,728 [EventQueue-DeadNodeForDeadNodeHandler] INFO  pipeline.RatisPipelineProvider (RatisPipelineProvider.java:lambda$close$1(199)) - Send pipeline:PipelineID=99cad37b-94ef-4ee5-80fa-959388351dea close command to datanode e605e0dd-6a71-4a0a-8796-3643e725e1ee
2020-11-16 17:32:31,728 [EventQueue-DeadNodeForDeadNodeHandler] INFO  pipeline.PipelineStateManager (PipelineStateManager.java:removePipeline(106)) - Pipeline Pipeline[ Id: 99cad37b-94ef-4ee5-80fa-959388351dea, Nodes: fbf3a64f-640b-4b02-ae41-dab4aff0d596{ip: 172.17.0.2, host: 17b325b6a691, networkLocation: /default-rack, certSerialId: null}40c7d372-b34a-46f9-a435-b3894c66894a{ip: 172.17.0.2, host: 17b325b6a691, networkLocation: /default-rack, certSerialId: null}e605e0dd-6a71-4a0a-8796-3643e725e1ee{ip: 172.17.0.2, host: 17b325b6a691, networkLocation: /default-rack, certSerialId: null}, Type:RATIS, Factor:THREE, State:CLOSED, leaderId:e605e0dd-6a71-4a0a-8796-3643e725e1ee, CreationTimestamp2020-11-16T17:31:46.926Z] removed from db
2020-11-16 17:32:31,728 [EventQueue-DeadNodeForDeadNodeHandler] INFO  pipeline.SCMPipelineManager (SCMPipelineManager.java:finalizeAndDestroyPipeline(460)) - Destroying pipeline:Pipeline[ Id: ccdd619e-40c8-4c23-9abc-4c905d290142, Nodes: fbf3a64f-640b-4b02-ae41-dab4aff0d596{ip: 172.17.0.2, host: 17b325b6a691, networkLocation: /default-rack, certSerialId: null}, Type:RATIS, Factor:ONE, State:CLOSED, leaderId:fbf3a64f-640b-4b02-ae41-dab4aff0d596, CreationTimestamp2020-11-16T17:31:46.750Z]
2020-11-16 17:32:31,728 [RatisPipelineUtilsThread] WARN  pipeline.PipelinePlacementPolicy (PipelinePlacementPolicy.java:filterViableNodes(138)) - Pipeline creation failed due to no sufficient healthy datanodes. Required 3. Found 2.
2020-11-16 17:32:31,728 [EventQueue-DeadNodeForDeadNodeHandler] INFO  pipeline.RatisPipelineProvider (RatisPipelineProvider.java:lambda$close$1(199)) - Send pipeline:PipelineID=ccdd619e-40c8-4c23-9abc-4c905d290142 close command to datanode fbf3a64f-640b-4b02-ae41-dab4aff0d596
2020-11-16 17:32:31,729 [EventQueue-DeadNodeForDeadNodeHandler] INFO  pipeline.PipelineStateManager (PipelineStateManager.java:removePipeline(106)) - Pipeline Pipeline[ Id: ccdd619e-40c8-4c23-9abc-4c905d290142, Nodes: fbf3a64f-640b-4b02-ae41-dab4aff0d596{ip: 172.17.0.2, host: 17b325b6a691, networkLocation: /default-rack, certSerialId: null}, Type:RATIS, Factor:ONE, State:CLOSED, leaderId:fbf3a64f-640b-4b02-ae41-dab4aff0d596, CreationTimestamp2020-11-16T17:31:46.750Z] removed from db
2020-11-16 17:32:31,729 [RatisPipelineUtilsThread] WARN  pipeline.PipelinePlacementPolicy (PipelinePlacementPolicy.java:filterViableNodes(138)) - Pipeline creation failed due to no sufficient healthy datanodes. Required 3. Found 2.
2020-11-16 17:32:31,827 [EventQueue-StaleNodeForStaleNodeHandler] INFO  node.StaleNodeHandler (StaleNodeHandler.java:onMessage(58)) - Datanode 6b3f7492-0ca6-4b3b-9a26-869cc0a580f4{ip: 172.17.0.2, host: 17b325b6a691, networkLocation: /default-rack, certSerialId: null} moved to stale state. Finalizing its pipelines [PipelineID=26890cb8-6a58-49b8-98f4-465758ed8bc5]
2020-11-16 17:32:31,827 [EventQueue-StaleNodeForStaleNodeHandler] INFO  pipeline.SCMPipelineManager (SCMPipelineManager.java:finalizeAndDestroyPipeline(460)) - Destroying pipeline:Pipeline[ Id: 26890cb8-6a58-49b8-98f4-465758ed8bc5, Nodes: 6b3f7492-0ca6-4b3b-9a26-869cc0a580f4{ip: 172.17.0.2, host: 17b325b6a691, networkLocation: /default-rack, certSerialId: null}, Type:RATIS, Factor:ONE, State:OPEN, leaderId:6b3f7492-0ca6-4b3b-9a26-869cc0a580f4, CreationTimestamp2020-11-16T17:31:47.661Z]
2020-11-16 17:32:31,827 [EventQueue-StaleNodeForStaleNodeHandler] INFO  pipeline.PipelineStateManager (PipelineStateManager.java:finalizePipeline(121)) - Pipeline Pipeline[ Id: 26890cb8-6a58-49b8-98f4-465758ed8bc5, Nodes: 6b3f7492-0ca6-4b3b-9a26-869cc0a580f4{ip: 172.17.0.2, host: 17b325b6a691, networkLocation: /default-rack, certSerialId: null}, Type:RATIS, Factor:ONE, State:CLOSED, leaderId:6b3f7492-0ca6-4b3b-9a26-869cc0a580f4, CreationTimestamp2020-11-16T17:31:47.661Z] moved to CLOSED state
2020-11-16 17:32:31,927 [EventQueue-StaleNodeForStaleNodeHandler] INFO  node.StaleNodeHandler (StaleNodeHandler.java:onMessage(58)) - Datanode 7ba08779-98dd-4ee1-a6ca-8386ca3b8fbf{ip: 172.17.0.2, host: 17b325b6a691, networkLocation: /default-rack, certSerialId: null} moved to stale state. Finalizing its pipelines [PipelineID=905e9980-0c29-429b-8547-18121da9b9ae]
2020-11-16 17:32:31,927 [EventQueue-StaleNodeForStaleNodeHandler] INFO  pipeline.SCMPipelineManager (SCMPipelineManager.java:finalizeAndDestroyPipeline(460)) - Destroying pipeline:Pipeline[ Id: 905e9980-0c29-429b-8547-18121da9b9ae, Nodes: 7ba08779-98dd-4ee1-a6ca-8386ca3b8fbf{ip: 172.17.0.2, host: 17b325b6a691, networkLocation: /default-rack, certSerialId: null}, Type:RATIS, Factor:ONE, State:OPEN, leaderId:7ba08779-98dd-4ee1-a6ca-8386ca3b8fbf, CreationTimestamp2020-11-16T17:31:47.465Z]
2020-11-16 17:32:31,927 [EventQueue-StaleNodeForStaleNodeHandler] INFO  pipeline.PipelineStateManager (PipelineStateManager.java:finalizePipeline(121)) - Pipeline Pipeline[ Id: 905e9980-0c29-429b-8547-18121da9b9ae, Nodes: 7ba08779-98dd-4ee1-a6ca-8386ca3b8fbf{ip: 172.17.0.2, host: 17b325b6a691, networkLocation: /default-rack, certSerialId: null}, Type:RATIS, Factor:ONE, State:CLOSED, leaderId:7ba08779-98dd-4ee1-a6ca-8386ca3b8fbf, CreationTimestamp2020-11-16T17:31:47.465Z] moved to CLOSED state
2020-11-16 17:32:36,734 [EventQueue-DeadNodeForDeadNodeHandler] INFO  node.DeadNodeHandler (DeadNodeHandler.java:onMessage(77)) - A dead datanode is detected. 40c7d372-b34a-46f9-a435-b3894c66894a{ip: 172.17.0.2, host: 17b325b6a691, networkLocation: /default-rack, certSerialId: null}
2020-11-16 17:32:36,734 [EventQueue-DeadNodeForDeadNodeHandler] INFO  pipeline.SCMPipelineManager (SCMPipelineManager.java:finalizeAndDestroyPipeline(460)) - Destroying pipeline:Pipeline[ Id: 302a3398-ad98-482b-bf54-791d6d40d544, Nodes: 40c7d372-b34a-46f9-a435-b3894c66894a{ip: 172.17.0.2, host: 17b325b6a691, networkLocation: /default-rack, certSerialId: null}, Type:RATIS, Factor:ONE, State:CLOSED, leaderId:40c7d372-b34a-46f9-a435-b3894c66894a, CreationTimestamp2020-11-16T17:31:46.925Z]
2020-11-16 17:32:36,734 [EventQueue-DeadNodeForDeadNodeHandler] INFO  pipeline.RatisPipelineProvider (RatisPipelineProvider.java:lambda$close$1(199)) - Send pipeline:PipelineID=302a3398-ad98-482b-bf54-791d6d40d544 close command to datanode 40c7d372-b34a-46f9-a435-b3894c66894a
2020-11-16 17:32:36,735 [EventQueue-DeadNodeForDeadNodeHandler] INFO  pipeline.PipelineStateManager (PipelineStateManager.java:removePipeline(106)) - Pipeline Pipeline[ Id: 302a3398-ad98-482b-bf54-791d6d40d544, Nodes: 40c7d372-b34a-46f9-a435-b3894c66894a{ip: 172.17.0.2, host: 17b325b6a691, networkLocation: /default-rack, certSerialId: null}, Type:RATIS, Factor:ONE, State:CLOSED, leaderId:40c7d372-b34a-46f9-a435-b3894c66894a, CreationTimestamp2020-11-16T17:31:46.925Z] removed from db
2020-11-16 17:32:36,735 [EventQueue-DeadNodeForDeadNodeHandler] INFO  node.DeadNodeHandler (DeadNodeHandler.java:onMessage(77)) - A dead datanode is detected. e605e0dd-6a71-4a0a-8796-3643e725e1ee{ip: 172.17.0.2, host: 17b325b6a691, networkLocation: /default-rack, certSerialId: null}
2020-11-16 17:32:36,735 [RatisPipelineUtilsThread] WARN  pipeline.PipelinePlacementPolicy (PipelinePlacementPolicy.java:filterViableNodes(138)) - Pipeline creation failed due to no sufficient healthy datanodes. Required 3. Found 0.
2020-11-16 17:32:36,735 [EventQueue-DeadNodeForDeadNodeHandler] INFO  pipeline.SCMPipelineManager (SCMPipelineManager.java:finalizeAndDestroyPipeline(460)) - Destroying pipeline:Pipeline[ Id: d4bc30fa-d4d6-4961-95da-f8f270bc7fb2, Nodes: e605e0dd-6a71-4a0a-8796-3643e725e1ee{ip: 172.17.0.2, host: 17b325b6a691, networkLocation: /default-rack, certSerialId: null}, Type:RATIS, Factor:ONE, State:CLOSED, leaderId:e605e0dd-6a71-4a0a-8796-3643e725e1ee, CreationTimestamp2020-11-16T17:31:46.573Z]
2020-11-16 17:32:36,735 [EventQueue-DeadNodeForDeadNodeHandler] INFO  pipeline.RatisPipelineProvider (RatisPipelineProvider.java:lambda$close$1(199)) - Send pipeline:PipelineID=d4bc30fa-d4d6-4961-95da-f8f270bc7fb2 close command to datanode e605e0dd-6a71-4a0a-8796-3643e725e1ee
2020-11-16 17:32:36,736 [EventQueue-DeadNodeForDeadNodeHandler] INFO  pipeline.PipelineStateManager (PipelineStateManager.java:removePipeline(106)) - Pipeline Pipeline[ Id: d4bc30fa-d4d6-4961-95da-f8f270bc7fb2, Nodes: e605e0dd-6a71-4a0a-8796-3643e725e1ee{ip: 172.17.0.2, host: 17b325b6a691, networkLocation: /default-rack, certSerialId: null}, Type:RATIS, Factor:ONE, State:CLOSED, leaderId:e605e0dd-6a71-4a0a-8796-3643e725e1ee, CreationTimestamp2020-11-16T17:31:46.573Z] removed from db
2020-11-16 17:32:36,736 [RatisPipelineUtilsThread] WARN  pipeline.PipelinePlacementPolicy (PipelinePlacementPolicy.java:filterViableNodes(138)) - Pipeline creation failed due to no sufficient healthy datanodes. Required 3. Found 0.
2020-11-16 17:32:41,842 [EventQueue-DeadNodeForDeadNodeHandler] INFO  node.DeadNodeHandler (DeadNodeHandler.java:onMessage(77)) - A dead datanode is detected. 6b3f7492-0ca6-4b3b-9a26-869cc0a580f4{ip: 172.17.0.2, host: 17b325b6a691, networkLocation: /default-rack, certSerialId: null}
2020-11-16 17:32:41,843 [EventQueue-DeadNodeForDeadNodeHandler] INFO  pipeline.SCMPipelineManager (SCMPipelineManager.java:finalizeAndDestroyPipeline(460)) - Destroying pipeline:Pipeline[ Id: 26890cb8-6a58-49b8-98f4-465758ed8bc5, Nodes: 6b3f7492-0ca6-4b3b-9a26-869cc0a580f4{ip: 172.17.0.2, host: 17b325b6a691, networkLocation: /default-rack, certSerialId: null}, Type:RATIS, Factor:ONE, State:CLOSED, leaderId:6b3f7492-0ca6-4b3b-9a26-869cc0a580f4, CreationTimestamp2020-11-16T17:31:47.661Z]
2020-11-16 17:32:41,843 [EventQueue-DeadNodeForDeadNodeHandler] INFO  pipeline.RatisPipelineProvider (RatisPipelineProvider.java:lambda$close$1(199)) - Send pipeline:PipelineID=26890cb8-6a58-49b8-98f4-465758ed8bc5 close command to datanode 6b3f7492-0ca6-4b3b-9a26-869cc0a580f4
2020-11-16 17:32:41,843 [EventQueue-DeadNodeForDeadNodeHandler] INFO  pipeline.PipelineStateManager (PipelineStateManager.java:removePipeline(106)) - Pipeline Pipeline[ Id: 26890cb8-6a58-49b8-98f4-465758ed8bc5, Nodes: 6b3f7492-0ca6-4b3b-9a26-869cc0a580f4{ip: 172.17.0.2, host: 17b325b6a691, networkLocation: /default-rack, certSerialId: null}, Type:RATIS, Factor:ONE, State:CLOSED, leaderId:6b3f7492-0ca6-4b3b-9a26-869cc0a580f4, CreationTimestamp2020-11-16T17:31:47.661Z] removed from db
2020-11-16 17:32:41,843 [EventQueue-DeadNodeForDeadNodeHandler] INFO  node.DeadNodeHandler (DeadNodeHandler.java:onMessage(77)) - A dead datanode is detected. 7ba08779-98dd-4ee1-a6ca-8386ca3b8fbf{ip: 172.17.0.2, host: 17b325b6a691, networkLocation: /default-rack, certSerialId: null}
2020-11-16 17:32:41,843 [EventQueue-DeadNodeForDeadNodeHandler] INFO  pipeline.SCMPipelineManager (SCMPipelineManager.java:finalizeAndDestroyPipeline(460)) - Destroying pipeline:Pipeline[ Id: 905e9980-0c29-429b-8547-18121da9b9ae, Nodes: 7ba08779-98dd-4ee1-a6ca-8386ca3b8fbf{ip: 172.17.0.2, host: 17b325b6a691, networkLocation: /default-rack, certSerialId: null}, Type:RATIS, Factor:ONE, State:CLOSED, leaderId:7ba08779-98dd-4ee1-a6ca-8386ca3b8fbf, CreationTimestamp2020-11-16T17:31:47.465Z]
2020-11-16 17:32:41,843 [EventQueue-DeadNodeForDeadNodeHandler] INFO  pipeline.RatisPipelineProvider (RatisPipelineProvider.java:lambda$close$1(199)) - Send pipeline:PipelineID=905e9980-0c29-429b-8547-18121da9b9ae close command to datanode 7ba08779-98dd-4ee1-a6ca-8386ca3b8fbf
2020-11-16 17:32:41,844 [RatisPipelineUtilsThread] WARN  pipeline.PipelinePlacementPolicy (PipelinePlacementPolicy.java:filterViableNodes(138)) - Pipeline creation failed due to no sufficient healthy datanodes. Required 3. Found 0.
2020-11-16 17:32:41,844 [EventQueue-DeadNodeForDeadNodeHandler] INFO  pipeline.PipelineStateManager (PipelineStateManager.java:removePipeline(106)) - Pipeline Pipeline[ Id: 905e9980-0c29-429b-8547-18121da9b9ae, Nodes: 7ba08779-98dd-4ee1-a6ca-8386ca3b8fbf{ip: 172.17.0.2, host: 17b325b6a691, networkLocation: /default-rack, certSerialId: null}, Type:RATIS, Factor:ONE, State:CLOSED, leaderId:7ba08779-98dd-4ee1-a6ca-8386ca3b8fbf, CreationTimestamp2020-11-16T17:31:47.465Z] removed from db
2020-11-16 17:32:41,844 [RatisPipelineUtilsThread] WARN  pipeline.PipelinePlacementPolicy (PipelinePlacementPolicy.java:filterViableNodes(138)) - Pipeline creation failed due to no sufficient healthy datanodes. Required 3. Found 0.
2020-11-16 17:33:11,776 [RatisPipelineUtilsThread] INFO  pipeline.RatisPipelineProvider (RatisPipelineProvider.java:lambda$close$1(199)) - Send pipeline:PipelineID=fd540625-bf17-4266-a35c-b235807cdcd1 close command to datanode cc30a5ad-4207-4291-85e5-33833db84af4
2020-11-16 17:33:11,776 [RatisPipelineUtilsThread] ERROR pipeline.SCMPipelineManager (Scheduler.java:lambda$schedule$1(72)) - Destroy pipeline failed for pipeline:Pipeline[ Id: fd540625-bf17-4266-a35c-b235807cdcd1, Nodes: cc30a5ad-4207-4291-85e5-33833db84af4{ip: 172.17.0.2, host: 17b325b6a691, networkLocation: /default-rack, certSerialId: null}, Type:RATIS, Factor:ONE, State:OPEN, leaderId:cc30a5ad-4207-4291-85e5-33833db84af4, CreationTimestamp2020-11-16T17:31:47.111Z]
org.apache.hadoop.hdds.scm.pipeline.PipelineNotFoundException: PipelineID=fd540625-bf17-4266-a35c-b235807cdcd1 not found
	at org.apache.hadoop.hdds.scm.pipeline.PipelineStateMap.getPipeline(PipelineStateMap.java:131)
	at org.apache.hadoop.hdds.scm.pipeline.PipelineStateMap.removePipeline(PipelineStateMap.java:343)
	at org.apache.hadoop.hdds.scm.pipeline.PipelineStateManager.removePipeline(PipelineStateManager.java:105)
	at org.apache.hadoop.hdds.scm.pipeline.SCMPipelineManager.removePipeline(SCMPipelineManager.java:639)
	at org.apache.hadoop.hdds.scm.pipeline.SCMPipelineManager.destroyPipeline(SCMPipelineManager.java:624)
	at org.apache.hadoop.hdds.scm.pipeline.SCMPipelineManager.lambda$finalizeAndDestroyPipeline$0(SCMPipelineManager.java:467)
	at org.apache.hadoop.hdds.utils.Scheduler.lambda$schedule$1(Scheduler.java:70)
	at java.util.concurrent.Executors$RunnableAdapter.call(Executors.java:511)
	at java.util.concurrent.FutureTask.run(FutureTask.java:266)
	at java.util.concurrent.ScheduledThreadPoolExecutor$ScheduledFutureTask.access$201(ScheduledThreadPoolExecutor.java:180)
	at java.util.concurrent.ScheduledThreadPoolExecutor$ScheduledFutureTask.run(ScheduledThreadPoolExecutor.java:293)
	at java.util.concurrent.ThreadPoolExecutor.runWorker(ThreadPoolExecutor.java:1149)
	at java.util.concurrent.ThreadPoolExecutor$Worker.run(ThreadPoolExecutor.java:624)
	at java.lang.Thread.run(Thread.java:748)
2020-11-16 17:33:11,777 [RatisPipelineUtilsThread] INFO  pipeline.RatisPipelineProvider (RatisPipelineProvider.java:lambda$close$1(199)) - Send pipeline:PipelineID=24132c28-f07d-4eb2-8506-bb1f04bdc3de close command to datanode cc30a5ad-4207-4291-85e5-33833db84af4
2020-11-16 17:33:11,777 [RatisPipelineUtilsThread] INFO  pipeline.RatisPipelineProvider (RatisPipelineProvider.java:lambda$close$1(199)) - Send pipeline:PipelineID=24132c28-f07d-4eb2-8506-bb1f04bdc3de close command to datanode 7ba08779-98dd-4ee1-a6ca-8386ca3b8fbf
2020-11-16 17:33:11,777 [RatisPipelineUtilsThread] INFO  pipeline.RatisPipelineProvider (RatisPipelineProvider.java:lambda$close$1(199)) - Send pipeline:PipelineID=24132c28-f07d-4eb2-8506-bb1f04bdc3de close command to datanode 756efa00-9886-4f2c-af17-99a3a9dc2153
2020-11-16 17:33:11,777 [RatisPipelineUtilsThread] ERROR pipeline.SCMPipelineManager (Scheduler.java:lambda$schedule$1(72)) - Destroy pipeline failed for pipeline:Pipeline[ Id: 24132c28-f07d-4eb2-8506-bb1f04bdc3de, Nodes: cc30a5ad-4207-4291-85e5-33833db84af4{ip: 172.17.0.2, host: 17b325b6a691, networkLocation: /default-rack, certSerialId: null}7ba08779-98dd-4ee1-a6ca-8386ca3b8fbf{ip: 172.17.0.2, host: 17b325b6a691, networkLocation: /default-rack, certSerialId: null}756efa00-9886-4f2c-af17-99a3a9dc2153{ip: 172.17.0.2, host: 17b325b6a691, networkLocation: /default-rack, certSerialId: null}, Type:RATIS, Factor:THREE, State:OPEN, leaderId:cc30a5ad-4207-4291-85e5-33833db84af4, CreationTimestamp2020-11-16T17:31:47.466Z]
org.apache.hadoop.hdds.scm.pipeline.PipelineNotFoundException: PipelineID=24132c28-f07d-4eb2-8506-bb1f04bdc3de not found
	at org.apache.hadoop.hdds.scm.pipeline.PipelineStateMap.getPipeline(PipelineStateMap.java:131)
	at org.apache.hadoop.hdds.scm.pipeline.PipelineStateMap.removePipeline(PipelineStateMap.java:343)
	at org.apache.hadoop.hdds.scm.pipeline.PipelineStateManager.removePipeline(PipelineStateManager.java:105)
	at org.apache.hadoop.hdds.scm.pipeline.SCMPipelineManager.removePipeline(SCMPipelineManager.java:639)
	at org.apache.hadoop.hdds.scm.pipeline.SCMPipelineManager.destroyPipeline(SCMPipelineManager.java:624)
	at org.apache.hadoop.hdds.scm.pipeline.SCMPipelineManager.lambda$finalizeAndDestroyPipeline$0(SCMPipelineManager.java:467)
	at org.apache.hadoop.hdds.utils.Scheduler.lambda$schedule$1(Scheduler.java:70)
	at java.util.concurrent.Executors$RunnableAdapter.call(Executors.java:511)
	at java.util.concurrent.FutureTask.run(FutureTask.java:266)
	at java.util.concurrent.ScheduledThreadPoolExecutor$ScheduledFutureTask.access$201(ScheduledThreadPoolExecutor.java:180)
	at java.util.concurrent.ScheduledThreadPoolExecutor$ScheduledFutureTask.run(ScheduledThreadPoolExecutor.java:293)
	at java.util.concurrent.ThreadPoolExecutor.runWorker(ThreadPoolExecutor.java:1149)
	at java.util.concurrent.ThreadPoolExecutor$Worker.run(ThreadPoolExecutor.java:624)
	at java.lang.Thread.run(Thread.java:748)
2020-11-16 17:33:11,777 [RatisPipelineUtilsThread] INFO  pipeline.RatisPipelineProvider (RatisPipelineProvider.java:lambda$close$1(199)) - Send pipeline:PipelineID=777897be-e92b-4fe4-a6ef-86bcf01837ad close command to datanode cc30a5ad-4207-4291-85e5-33833db84af4
2020-11-16 17:33:11,777 [RatisPipelineUtilsThread] INFO  pipeline.RatisPipelineProvider (RatisPipelineProvider.java:lambda$close$1(199)) - Send pipeline:PipelineID=777897be-e92b-4fe4-a6ef-86bcf01837ad close command to datanode 7ba08779-98dd-4ee1-a6ca-8386ca3b8fbf
2020-11-16 17:33:11,777 [RatisPipelineUtilsThread] INFO  pipeline.RatisPipelineProvider (RatisPipelineProvider.java:lambda$close$1(199)) - Send pipeline:PipelineID=777897be-e92b-4fe4-a6ef-86bcf01837ad close command to datanode 756efa00-9886-4f2c-af17-99a3a9dc2153
2020-11-16 17:33:11,777 [RatisPipelineUtilsThread] ERROR pipeline.SCMPipelineManager (Scheduler.java:lambda$schedule$1(72)) - Destroy pipeline failed for pipeline:Pipeline[ Id: 777897be-e92b-4fe4-a6ef-86bcf01837ad, Nodes: cc30a5ad-4207-4291-85e5-33833db84af4{ip: 172.17.0.2, host: 17b325b6a691, networkLocation: /default-rack, certSerialId: null}7ba08779-98dd-4ee1-a6ca-8386ca3b8fbf{ip: 172.17.0.2, host: 17b325b6a691, networkLocation: /default-rack, certSerialId: null}756efa00-9886-4f2c-af17-99a3a9dc2153{ip: 172.17.0.2, host: 17b325b6a691, networkLocation: /default-rack, certSerialId: null}, Type:RATIS, Factor:THREE, State:OPEN, leaderId:756efa00-9886-4f2c-af17-99a3a9dc2153, CreationTimestamp2020-11-16T17:31:47.467Z]
org.apache.hadoop.hdds.scm.pipeline.PipelineNotFoundException: PipelineID=777897be-e92b-4fe4-a6ef-86bcf01837ad not found
	at org.apache.hadoop.hdds.scm.pipeline.PipelineStateMap.getPipeline(PipelineStateMap.java:131)
	at org.apache.hadoop.hdds.scm.pipeline.PipelineStateMap.removePipeline(PipelineStateMap.java:343)
	at org.apache.hadoop.hdds.scm.pipeline.PipelineStateManager.removePipeline(PipelineStateManager.java:105)
	at org.apache.hadoop.hdds.scm.pipeline.SCMPipelineManager.removePipeline(SCMPipelineManager.java:639)
	at org.apache.hadoop.hdds.scm.pipeline.SCMPipelineManager.destroyPipeline(SCMPipelineManager.java:624)
	at org.apache.hadoop.hdds.scm.pipeline.SCMPipelineManager.lambda$finalizeAndDestroyPipeline$0(SCMPipelineManager.java:467)
	at org.apache.hadoop.hdds.utils.Scheduler.lambda$schedule$1(Scheduler.java:70)
	at java.util.concurrent.Executors$RunnableAdapter.call(Executors.java:511)
	at java.util.concurrent.FutureTask.run(FutureTask.java:266)
	at java.util.concurrent.ScheduledThreadPoolExecutor$ScheduledFutureTask.access$201(ScheduledThreadPoolExecutor.java:180)
	at java.util.concurrent.ScheduledThreadPoolExecutor$ScheduledFutureTask.run(ScheduledThreadPoolExecutor.java:293)
	at java.util.concurrent.ThreadPoolExecutor.runWorker(ThreadPoolExecutor.java:1149)
	at java.util.concurrent.ThreadPoolExecutor$Worker.run(ThreadPoolExecutor.java:624)
	at java.lang.Thread.run(Thread.java:748)
2020-11-16 17:33:27,411 [RatisPipelineUtilsThread] INFO  pipeline.RatisPipelineProvider (RatisPipelineProvider.java:lambda$close$1(199)) - Send pipeline:PipelineID=7a6872e7-5ad5-4718-85f6-eb0438883248 close command to datanode 6b3f7492-0ca6-4b3b-9a26-869cc0a580f4
2020-11-16 17:33:27,411 [RatisPipelineUtilsThread] INFO  pipeline.RatisPipelineProvider (RatisPipelineProvider.java:lambda$close$1(199)) - Send pipeline:PipelineID=7a6872e7-5ad5-4718-85f6-eb0438883248 close command to datanode 7ba08779-98dd-4ee1-a6ca-8386ca3b8fbf
2020-11-16 17:33:27,411 [RatisPipelineUtilsThread] INFO  pipeline.RatisPipelineProvider (RatisPipelineProvider.java:lambda$close$1(199)) - Send pipeline:PipelineID=7a6872e7-5ad5-4718-85f6-eb0438883248 close command to datanode 756efa00-9886-4f2c-af17-99a3a9dc2153
2020-11-16 17:33:27,411 [RatisPipelineUtilsThread] ERROR pipeline.SCMPipelineManager (Scheduler.java:lambda$schedule$1(72)) - Destroy pipeline failed for pipeline:Pipeline[ Id: 7a6872e7-5ad5-4718-85f6-eb0438883248, Nodes: 6b3f7492-0ca6-4b3b-9a26-869cc0a580f4{ip: 172.17.0.2, host: 17b325b6a691, networkLocation: /default-rack, certSerialId: null}7ba08779-98dd-4ee1-a6ca-8386ca3b8fbf{ip: 172.17.0.2, host: 17b325b6a691, networkLocation: /default-rack, certSerialId: null}756efa00-9886-4f2c-af17-99a3a9dc2153{ip: 172.17.0.2, host: 17b325b6a691, networkLocation: /default-rack, certSerialId: null}, Type:RATIS, Factor:THREE, State:ALLOCATED, leaderId:, CreationTimestamp2020-11-16T17:32:15.800Z]
org.apache.hadoop.hdds.scm.pipeline.PipelineNotFoundException: PipelineID=7a6872e7-5ad5-4718-85f6-eb0438883248 not found
	at org.apache.hadoop.hdds.scm.pipeline.PipelineStateMap.getPipeline(PipelineStateMap.java:131)
	at org.apache.hadoop.hdds.scm.pipeline.PipelineStateMap.removePipeline(PipelineStateMap.java:343)
	at org.apache.hadoop.hdds.scm.pipeline.PipelineStateManager.removePipeline(PipelineStateManager.java:105)
	at org.apache.hadoop.hdds.scm.pipeline.SCMPipelineManager.removePipeline(SCMPipelineManager.java:639)
	at org.apache.hadoop.hdds.scm.pipeline.SCMPipelineManager.destroyPipeline(SCMPipelineManager.java:624)
	at org.apache.hadoop.hdds.scm.pipeline.SCMPipelineManager.lambda$finalizeAndDestroyPipeline$0(SCMPipelineManager.java:467)
	at org.apache.hadoop.hdds.utils.Scheduler.lambda$schedule$1(Scheduler.java:70)
	at java.util.concurrent.Executors$RunnableAdapter.call(Executors.java:511)
	at java.util.concurrent.FutureTask.run(FutureTask.java:266)
	at java.util.concurrent.ScheduledThreadPoolExecutor$ScheduledFutureTask.access$201(ScheduledThreadPoolExecutor.java:180)
	at java.util.concurrent.ScheduledThreadPoolExecutor$ScheduledFutureTask.run(ScheduledThreadPoolExecutor.java:293)
	at java.util.concurrent.ThreadPoolExecutor.runWorker(ThreadPoolExecutor.java:1149)
	at java.util.concurrent.ThreadPoolExecutor$Worker.run(ThreadPoolExecutor.java:624)
	at java.lang.Thread.run(Thread.java:748)
2020-11-16 17:33:27,411 [RatisPipelineUtilsThread] INFO  pipeline.RatisPipelineProvider (RatisPipelineProvider.java:lambda$close$1(199)) - Send pipeline:PipelineID=5d49b4e9-ed5d-410a-9426-2c2283a33f91 close command to datanode 6b3f7492-0ca6-4b3b-9a26-869cc0a580f4
2020-11-16 17:33:27,412 [RatisPipelineUtilsThread] INFO  pipeline.RatisPipelineProvider (RatisPipelineProvider.java:lambda$close$1(199)) - Send pipeline:PipelineID=5d49b4e9-ed5d-410a-9426-2c2283a33f91 close command to datanode 7ba08779-98dd-4ee1-a6ca-8386ca3b8fbf
2020-11-16 17:33:27,412 [RatisPipelineUtilsThread] INFO  pipeline.RatisPipelineProvider (RatisPipelineProvider.java:lambda$close$1(199)) - Send pipeline:PipelineID=5d49b4e9-ed5d-410a-9426-2c2283a33f91 close command to datanode 756efa00-9886-4f2c-af17-99a3a9dc2153
2020-11-16 17:33:27,412 [RatisPipelineUtilsThread] ERROR pipeline.SCMPipelineManager (Scheduler.java:lambda$schedule$1(72)) - Destroy pipeline failed for pipeline:Pipeline[ Id: 5d49b4e9-ed5d-410a-9426-2c2283a33f91, Nodes: 6b3f7492-0ca6-4b3b-9a26-869cc0a580f4{ip: 172.17.0.2, host: 17b325b6a691, networkLocation: /default-rack, certSerialId: null}7ba08779-98dd-4ee1-a6ca-8386ca3b8fbf{ip: 172.17.0.2, host: 17b325b6a691, networkLocation: /default-rack, certSerialId: null}756efa00-9886-4f2c-af17-99a3a9dc2153{ip: 172.17.0.2, host: 17b325b6a691, networkLocation: /default-rack, certSerialId: null}, Type:RATIS, Factor:THREE, State:ALLOCATED, leaderId:, CreationTimestamp2020-11-16T17:32:15.799Z]
org.apache.hadoop.hdds.scm.pipeline.PipelineNotFoundException: PipelineID=5d49b4e9-ed5d-410a-9426-2c2283a33f91 not found
	at org.apache.hadoop.hdds.scm.pipeline.PipelineStateMap.getPipeline(PipelineStateMap.java:131)
	at org.apache.hadoop.hdds.scm.pipeline.PipelineStateMap.removePipeline(PipelineStateMap.java:343)
	at org.apache.hadoop.hdds.scm.pipeline.PipelineStateManager.removePipeline(PipelineStateManager.java:105)
	at org.apache.hadoop.hdds.scm.pipeline.SCMPipelineManager.removePipeline(SCMPipelineManager.java:639)
	at org.apache.hadoop.hdds.scm.pipeline.SCMPipelineManager.destroyPipeline(SCMPipelineManager.java:624)
	at org.apache.hadoop.hdds.scm.pipeline.SCMPipelineManager.lambda$finalizeAndDestroyPipeline$0(SCMPipelineManager.java:467)
	at org.apache.hadoop.hdds.utils.Scheduler.lambda$schedule$1(Scheduler.java:70)
	at java.util.concurrent.Executors$RunnableAdapter.call(Executors.java:511)
	at java.util.concurrent.FutureTask.run(FutureTask.java:266)
	at java.util.concurrent.ScheduledThreadPoolExecutor$ScheduledFutureTask.access$201(ScheduledThreadPoolExecutor.java:180)
	at java.util.concurrent.ScheduledThreadPoolExecutor$ScheduledFutureTask.run(ScheduledThreadPoolExecutor.java:293)
	at java.util.concurrent.ThreadPoolExecutor.runWorker(ThreadPoolExecutor.java:1149)
	at java.util.concurrent.ThreadPoolExecutor$Worker.run(ThreadPoolExecutor.java:624)
	at java.lang.Thread.run(Thread.java:748)
2020-11-16 17:33:27,412 [RatisPipelineUtilsThread] INFO  pipeline.RatisPipelineProvider (RatisPipelineProvider.java:lambda$close$1(199)) - Send pipeline:PipelineID=c125322b-8cc9-44a0-8599-9b79dc36f9f9 close command to datanode 756efa00-9886-4f2c-af17-99a3a9dc2153
2020-11-16 17:33:27,412 [RatisPipelineUtilsThread] ERROR pipeline.SCMPipelineManager (Scheduler.java:lambda$schedule$1(72)) - Destroy pipeline failed for pipeline:Pipeline[ Id: c125322b-8cc9-44a0-8599-9b79dc36f9f9, Nodes: 756efa00-9886-4f2c-af17-99a3a9dc2153{ip: 172.17.0.2, host: 17b325b6a691, networkLocation: /default-rack, certSerialId: null}, Type:RATIS, Factor:ONE, State:OPEN, leaderId:756efa00-9886-4f2c-af17-99a3a9dc2153, CreationTimestamp2020-11-16T17:31:47.286Z]
org.apache.hadoop.hdds.scm.pipeline.PipelineNotFoundException: PipelineID=c125322b-8cc9-44a0-8599-9b79dc36f9f9 not found
	at org.apache.hadoop.hdds.scm.pipeline.PipelineStateMap.getPipeline(PipelineStateMap.java:131)
	at org.apache.hadoop.hdds.scm.pipeline.PipelineStateMap.removePipeline(PipelineStateMap.java:343)
	at org.apache.hadoop.hdds.scm.pipeline.PipelineStateManager.removePipeline(PipelineStateManager.java:105)
	at org.apache.hadoop.hdds.scm.pipeline.SCMPipelineManager.removePipeline(SCMPipelineManager.java:639)
	at org.apache.hadoop.hdds.scm.pipeline.SCMPipelineManager.destroyPipeline(SCMPipelineManager.java:624)
	at org.apache.hadoop.hdds.scm.pipeline.SCMPipelineManager.lambda$finalizeAndDestroyPipeline$0(SCMPipelineManager.java:467)
	at org.apache.hadoop.hdds.utils.Scheduler.lambda$schedule$1(Scheduler.java:70)
	at java.util.concurrent.Executors$RunnableAdapter.call(Executors.java:511)
	at java.util.concurrent.FutureTask.run(FutureTask.java:266)
	at java.util.concurrent.ScheduledThreadPoolExecutor$ScheduledFutureTask.access$201(ScheduledThreadPoolExecutor.java:180)
	at java.util.concurrent.ScheduledThreadPoolExecutor$ScheduledFutureTask.run(ScheduledThreadPoolExecutor.java:293)
	at java.util.concurrent.ThreadPoolExecutor.runWorker(ThreadPoolExecutor.java:1149)
	at java.util.concurrent.ThreadPoolExecutor$Worker.run(ThreadPoolExecutor.java:624)
	at java.lang.Thread.run(Thread.java:748)
2020-11-16 17:33:27,811 [RatisPipelineUtilsThread] INFO  pipeline.RatisPipelineProvider (RatisPipelineProvider.java:lambda$close$1(199)) - Send pipeline:PipelineID=3fc48667-3dd6-4ded-99d3-7acbf0f3979a close command to datanode fbf3a64f-640b-4b02-ae41-dab4aff0d596
2020-11-16 17:33:27,811 [RatisPipelineUtilsThread] INFO  pipeline.RatisPipelineProvider (RatisPipelineProvider.java:lambda$close$1(199)) - Send pipeline:PipelineID=3fc48667-3dd6-4ded-99d3-7acbf0f3979a close command to datanode 40c7d372-b34a-46f9-a435-b3894c66894a
2020-11-16 17:33:27,812 [RatisPipelineUtilsThread] INFO  pipeline.RatisPipelineProvider (RatisPipelineProvider.java:lambda$close$1(199)) - Send pipeline:PipelineID=3fc48667-3dd6-4ded-99d3-7acbf0f3979a close command to datanode e605e0dd-6a71-4a0a-8796-3643e725e1ee
2020-11-16 17:33:27,812 [RatisPipelineUtilsThread] ERROR pipeline.SCMPipelineManager (Scheduler.java:lambda$schedule$1(72)) - Destroy pipeline failed for pipeline:Pipeline[ Id: 3fc48667-3dd6-4ded-99d3-7acbf0f3979a, Nodes: fbf3a64f-640b-4b02-ae41-dab4aff0d596{ip: 172.17.0.2, host: 17b325b6a691, networkLocation: /default-rack, certSerialId: null}40c7d372-b34a-46f9-a435-b3894c66894a{ip: 172.17.0.2, host: 17b325b6a691, networkLocation: /default-rack, certSerialId: null}e605e0dd-6a71-4a0a-8796-3643e725e1ee{ip: 172.17.0.2, host: 17b325b6a691, networkLocation: /default-rack, certSerialId: null}, Type:RATIS, Factor:THREE, State:OPEN, leaderId:fbf3a64f-640b-4b02-ae41-dab4aff0d596, CreationTimestamp2020-11-16T17:31:46.926Z]
org.apache.hadoop.hdds.scm.pipeline.PipelineNotFoundException: PipelineID=3fc48667-3dd6-4ded-99d3-7acbf0f3979a not found
	at org.apache.hadoop.hdds.scm.pipeline.PipelineStateMap.getPipeline(PipelineStateMap.java:131)
	at org.apache.hadoop.hdds.scm.pipeline.PipelineStateMap.removePipeline(PipelineStateMap.java:343)
	at org.apache.hadoop.hdds.scm.pipeline.PipelineStateManager.removePipeline(PipelineStateManager.java:105)
	at org.apache.hadoop.hdds.scm.pipeline.SCMPipelineManager.removePipeline(SCMPipelineManager.java:639)
	at org.apache.hadoop.hdds.scm.pipeline.SCMPipelineManager.destroyPipeline(SCMPipelineManager.java:624)
	at org.apache.hadoop.hdds.scm.pipeline.SCMPipelineManager.lambda$finalizeAndDestroyPipeline$0(SCMPipelineManager.java:467)
	at org.apache.hadoop.hdds.utils.Scheduler.lambda$schedule$1(Scheduler.java:70)
	at java.util.concurrent.Executors$RunnableAdapter.call(Executors.java:511)
	at java.util.concurrent.FutureTask.run(FutureTask.java:266)
	at java.util.concurrent.ScheduledThreadPoolExecutor$ScheduledFutureTask.access$201(ScheduledThreadPoolExecutor.java:180)
	at java.util.concurrent.ScheduledThreadPoolExecutor$ScheduledFutureTask.run(ScheduledThreadPoolExecutor.java:293)
	at java.util.concurrent.ThreadPoolExecutor.runWorker(ThreadPoolExecutor.java:1149)
	at java.util.concurrent.ThreadPoolExecutor$Worker.run(ThreadPoolExecutor.java:624)
	at java.lang.Thread.run(Thread.java:748)
2020-11-16 17:33:27,812 [RatisPipelineUtilsThread] INFO  pipeline.RatisPipelineProvider (RatisPipelineProvider.java:lambda$close$1(199)) - Send pipeline:PipelineID=99cad37b-94ef-4ee5-80fa-959388351dea close command to datanode fbf3a64f-640b-4b02-ae41-dab4aff0d596
2020-11-16 17:33:27,812 [RatisPipelineUtilsThread] INFO  pipeline.RatisPipelineProvider (RatisPipelineProvider.java:lambda$close$1(199)) - Send pipeline:PipelineID=99cad37b-94ef-4ee5-80fa-959388351dea close command to datanode 40c7d372-b34a-46f9-a435-b3894c66894a
2020-11-16 17:33:27,812 [RatisPipelineUtilsThread] INFO  pipeline.RatisPipelineProvider (RatisPipelineProvider.java:lambda$close$1(199)) - Send pipeline:PipelineID=99cad37b-94ef-4ee5-80fa-959388351dea close command to datanode e605e0dd-6a71-4a0a-8796-3643e725e1ee
2020-11-16 17:33:27,812 [RatisPipelineUtilsThread] ERROR pipeline.SCMPipelineManager (Scheduler.java:lambda$schedule$1(72)) - Destroy pipeline failed for pipeline:Pipeline[ Id: 99cad37b-94ef-4ee5-80fa-959388351dea, Nodes: fbf3a64f-640b-4b02-ae41-dab4aff0d596{ip: 172.17.0.2, host: 17b325b6a691, networkLocation: /default-rack, certSerialId: null}40c7d372-b34a-46f9-a435-b3894c66894a{ip: 172.17.0.2, host: 17b325b6a691, networkLocation: /default-rack, certSerialId: null}e605e0dd-6a71-4a0a-8796-3643e725e1ee{ip: 172.17.0.2, host: 17b325b6a691, networkLocation: /default-rack, certSerialId: null}, Type:RATIS, Factor:THREE, State:OPEN, leaderId:e605e0dd-6a71-4a0a-8796-3643e725e1ee, CreationTimestamp2020-11-16T17:31:46.926Z]
org.apache.hadoop.hdds.scm.pipeline.PipelineNotFoundException: PipelineID=99cad37b-94ef-4ee5-80fa-959388351dea not found
	at org.apache.hadoop.hdds.scm.pipeline.PipelineStateMap.getPipeline(PipelineStateMap.java:131)
	at org.apache.hadoop.hdds.scm.pipeline.PipelineStateMap.removePipeline(PipelineStateMap.java:343)
	at org.apache.hadoop.hdds.scm.pipeline.PipelineStateManager.removePipeline(PipelineStateManager.java:105)
	at org.apache.hadoop.hdds.scm.pipeline.SCMPipelineManager.removePipeline(SCMPipelineManager.java:639)
	at org.apache.hadoop.hdds.scm.pipeline.SCMPipelineManager.destroyPipeline(SCMPipelineManager.java:624)
	at org.apache.hadoop.hdds.scm.pipeline.SCMPipelineManager.lambda$finalizeAndDestroyPipeline$0(SCMPipelineManager.java:467)
	at org.apache.hadoop.hdds.utils.Scheduler.lambda$schedule$1(Scheduler.java:70)
	at java.util.concurrent.Executors$RunnableAdapter.call(Executors.java:511)
	at java.util.concurrent.FutureTask.run(FutureTask.java:266)
	at java.util.concurrent.ScheduledThreadPoolExecutor$ScheduledFutureTask.access$201(ScheduledThreadPoolExecutor.java:180)
	at java.util.concurrent.ScheduledThreadPoolExecutor$ScheduledFutureTask.run(ScheduledThreadPoolExecutor.java:293)
	at java.util.concurrent.ThreadPoolExecutor.runWorker(ThreadPoolExecutor.java:1149)
	at java.util.concurrent.ThreadPoolExecutor$Worker.run(ThreadPoolExecutor.java:624)
	at java.lang.Thread.run(Thread.java:748)
2020-11-16 17:33:27,812 [RatisPipelineUtilsThread] INFO  pipeline.RatisPipelineProvider (RatisPipelineProvider.java:lambda$close$1(199)) - Send pipeline:PipelineID=ccdd619e-40c8-4c23-9abc-4c905d290142 close command to datanode fbf3a64f-640b-4b02-ae41-dab4aff0d596
2020-11-16 17:33:27,812 [RatisPipelineUtilsThread] ERROR pipeline.SCMPipelineManager (Scheduler.java:lambda$schedule$1(72)) - Destroy pipeline failed for pipeline:Pipeline[ Id: ccdd619e-40c8-4c23-9abc-4c905d290142, Nodes: fbf3a64f-640b-4b02-ae41-dab4aff0d596{ip: 172.17.0.2, host: 17b325b6a691, networkLocation: /default-rack, certSerialId: null}, Type:RATIS, Factor:ONE, State:OPEN, leaderId:fbf3a64f-640b-4b02-ae41-dab4aff0d596, CreationTimestamp2020-11-16T17:31:46.750Z]
org.apache.hadoop.hdds.scm.pipeline.PipelineNotFoundException: PipelineID=ccdd619e-40c8-4c23-9abc-4c905d290142 not found
	at org.apache.hadoop.hdds.scm.pipeline.PipelineStateMap.getPipeline(PipelineStateMap.java:131)
	at org.apache.hadoop.hdds.scm.pipeline.PipelineStateMap.removePipeline(PipelineStateMap.java:343)
	at org.apache.hadoop.hdds.scm.pipeline.PipelineStateManager.removePipeline(PipelineStateManager.java:105)
	at org.apache.hadoop.hdds.scm.pipeline.SCMPipelineManager.removePipeline(SCMPipelineManager.java:639)
	at org.apache.hadoop.hdds.scm.pipeline.SCMPipelineManager.destroyPipeline(SCMPipelineManager.java:624)
	at org.apache.hadoop.hdds.scm.pipeline.SCMPipelineManager.lambda$finalizeAndDestroyPipeline$0(SCMPipelineManager.java:467)
	at org.apache.hadoop.hdds.utils.Scheduler.lambda$schedule$1(Scheduler.java:70)
	at java.util.concurrent.Executors$RunnableAdapter.call(Executors.java:511)
	at java.util.concurrent.FutureTask.run(FutureTask.java:266)
	at java.util.concurrent.ScheduledThreadPoolExecutor$ScheduledFutureTask.access$201(ScheduledThreadPoolExecutor.java:180)
	at java.util.concurrent.ScheduledThreadPoolExecutor$ScheduledFutureTask.run(ScheduledThreadPoolExecutor.java:293)
	at java.util.concurrent.ThreadPoolExecutor.runWorker(ThreadPoolExecutor.java:1149)
	at java.util.concurrent.ThreadPoolExecutor$Worker.run(ThreadPoolExecutor.java:624)
	at java.lang.Thread.run(Thread.java:748)
2020-11-16 17:33:32,818 [RatisPipelineUtilsThread] INFO  pipeline.RatisPipelineProvider (RatisPipelineProvider.java:lambda$close$1(199)) - Send pipeline:PipelineID=3fc48667-3dd6-4ded-99d3-7acbf0f3979a close command to datanode fbf3a64f-640b-4b02-ae41-dab4aff0d596
2020-11-16 17:33:32,819 [RatisPipelineUtilsThread] INFO  pipeline.RatisPipelineProvider (RatisPipelineProvider.java:lambda$close$1(199)) - Send pipeline:PipelineID=3fc48667-3dd6-4ded-99d3-7acbf0f3979a close command to datanode 40c7d372-b34a-46f9-a435-b3894c66894a
2020-11-16 17:33:32,819 [RatisPipelineUtilsThread] INFO  pipeline.RatisPipelineProvider (RatisPipelineProvider.java:lambda$close$1(199)) - Send pipeline:PipelineID=3fc48667-3dd6-4ded-99d3-7acbf0f3979a close command to datanode e605e0dd-6a71-4a0a-8796-3643e725e1ee
2020-11-16 17:33:32,819 [RatisPipelineUtilsThread] ERROR pipeline.SCMPipelineManager (Scheduler.java:lambda$schedule$1(72)) - Destroy pipeline failed for pipeline:Pipeline[ Id: 3fc48667-3dd6-4ded-99d3-7acbf0f3979a, Nodes: fbf3a64f-640b-4b02-ae41-dab4aff0d596{ip: 172.17.0.2, host: 17b325b6a691, networkLocation: /default-rack, certSerialId: null}40c7d372-b34a-46f9-a435-b3894c66894a{ip: 172.17.0.2, host: 17b325b6a691, networkLocation: /default-rack, certSerialId: null}e605e0dd-6a71-4a0a-8796-3643e725e1ee{ip: 172.17.0.2, host: 17b325b6a691, networkLocation: /default-rack, certSerialId: null}, Type:RATIS, Factor:THREE, State:CLOSED, leaderId:fbf3a64f-640b-4b02-ae41-dab4aff0d596, CreationTimestamp2020-11-16T17:31:46.926Z]
org.apache.hadoop.hdds.scm.pipeline.PipelineNotFoundException: PipelineID=3fc48667-3dd6-4ded-99d3-7acbf0f3979a not found
	at org.apache.hadoop.hdds.scm.pipeline.PipelineStateMap.getPipeline(PipelineStateMap.java:131)
	at org.apache.hadoop.hdds.scm.pipeline.PipelineStateMap.removePipeline(PipelineStateMap.java:343)
	at org.apache.hadoop.hdds.scm.pipeline.PipelineStateManager.removePipeline(PipelineStateManager.java:105)
	at org.apache.hadoop.hdds.scm.pipeline.SCMPipelineManager.removePipeline(SCMPipelineManager.java:639)
	at org.apache.hadoop.hdds.scm.pipeline.SCMPipelineManager.destroyPipeline(SCMPipelineManager.java:624)
	at org.apache.hadoop.hdds.scm.pipeline.SCMPipelineManager.lambda$finalizeAndDestroyPipeline$0(SCMPipelineManager.java:467)
	at org.apache.hadoop.hdds.utils.Scheduler.lambda$schedule$1(Scheduler.java:70)
	at java.util.concurrent.Executors$RunnableAdapter.call(Executors.java:511)
	at java.util.concurrent.FutureTask.run(FutureTask.java:266)
	at java.util.concurrent.ScheduledThreadPoolExecutor$ScheduledFutureTask.access$201(ScheduledThreadPoolExecutor.java:180)
	at java.util.concurrent.ScheduledThreadPoolExecutor$ScheduledFutureTask.run(ScheduledThreadPoolExecutor.java:293)
	at java.util.concurrent.ThreadPoolExecutor.runWorker(ThreadPoolExecutor.java:1149)
	at java.util.concurrent.ThreadPoolExecutor$Worker.run(ThreadPoolExecutor.java:624)
	at java.lang.Thread.run(Thread.java:748)
2020-11-16 17:33:32,819 [RatisPipelineUtilsThread] INFO  pipeline.RatisPipelineProvider (RatisPipelineProvider.java:lambda$close$1(199)) - Send pipeline:PipelineID=302a3398-ad98-482b-bf54-791d6d40d544 close command to datanode 40c7d372-b34a-46f9-a435-b3894c66894a
2020-11-16 17:33:32,819 [RatisPipelineUtilsThread] ERROR pipeline.SCMPipelineManager (Scheduler.java:lambda$schedule$1(72)) - Destroy pipeline failed for pipeline:Pipeline[ Id: 302a3398-ad98-482b-bf54-791d6d40d544, Nodes: 40c7d372-b34a-46f9-a435-b3894c66894a{ip: 172.17.0.2, host: 17b325b6a691, networkLocation: /default-rack, certSerialId: null}, Type:RATIS, Factor:ONE, State:OPEN, leaderId:40c7d372-b34a-46f9-a435-b3894c66894a, CreationTimestamp2020-11-16T17:31:46.925Z]
org.apache.hadoop.hdds.scm.pipeline.PipelineNotFoundException: PipelineID=302a3398-ad98-482b-bf54-791d6d40d544 not found
	at org.apache.hadoop.hdds.scm.pipeline.PipelineStateMap.getPipeline(PipelineStateMap.java:131)
	at org.apache.hadoop.hdds.scm.pipeline.PipelineStateMap.removePipeline(PipelineStateMap.java:343)
	at org.apache.hadoop.hdds.scm.pipeline.PipelineStateManager.removePipeline(PipelineStateManager.java:105)
	at org.apache.hadoop.hdds.scm.pipeline.SCMPipelineManager.removePipeline(SCMPipelineManager.java:639)
	at org.apache.hadoop.hdds.scm.pipeline.SCMPipelineManager.destroyPipeline(SCMPipelineManager.java:624)
	at org.apache.hadoop.hdds.scm.pipeline.SCMPipelineManager.lambda$finalizeAndDestroyPipeline$0(SCMPipelineManager.java:467)
	at org.apache.hadoop.hdds.utils.Scheduler.lambda$schedule$1(Scheduler.java:70)
	at java.util.concurrent.Executors$RunnableAdapter.call(Executors.java:511)
	at java.util.concurrent.FutureTask.run(FutureTask.java:266)
	at java.util.concurrent.ScheduledThreadPoolExecutor$ScheduledFutureTask.access$201(ScheduledThreadPoolExecutor.java:180)
	at java.util.concurrent.ScheduledThreadPoolExecutor$ScheduledFutureTask.run(ScheduledThreadPoolExecutor.java:293)
	at java.util.concurrent.ThreadPoolExecutor.runWorker(ThreadPoolExecutor.java:1149)
	at java.util.concurrent.ThreadPoolExecutor$Worker.run(ThreadPoolExecutor.java:624)
	at java.lang.Thread.run(Thread.java:748)
2020-11-16 17:33:32,819 [RatisPipelineUtilsThread] INFO  pipeline.RatisPipelineProvider (RatisPipelineProvider.java:lambda$close$1(199)) - Send pipeline:PipelineID=99cad37b-94ef-4ee5-80fa-959388351dea close command to datanode fbf3a64f-640b-4b02-ae41-dab4aff0d596
2020-11-16 17:33:32,819 [RatisPipelineUtilsThread] INFO  pipeline.RatisPipelineProvider (RatisPipelineProvider.java:lambda$close$1(199)) - Send pipeline:PipelineID=99cad37b-94ef-4ee5-80fa-959388351dea close command to datanode 40c7d372-b34a-46f9-a435-b3894c66894a
2020-11-16 17:33:32,819 [RatisPipelineUtilsThread] INFO  pipeline.RatisPipelineProvider (RatisPipelineProvider.java:lambda$close$1(199)) - Send pipeline:PipelineID=99cad37b-94ef-4ee5-80fa-959388351dea close command to datanode e605e0dd-6a71-4a0a-8796-3643e725e1ee
2020-11-16 17:33:32,820 [RatisPipelineUtilsThread] ERROR pipeline.SCMPipelineManager (Scheduler.java:lambda$schedule$1(72)) - Destroy pipeline failed for pipeline:Pipeline[ Id: 99cad37b-94ef-4ee5-80fa-959388351dea, Nodes: fbf3a64f-640b-4b02-ae41-dab4aff0d596{ip: 172.17.0.2, host: 17b325b6a691, networkLocation: /default-rack, certSerialId: null}40c7d372-b34a-46f9-a435-b3894c66894a{ip: 172.17.0.2, host: 17b325b6a691, networkLocation: /default-rack, certSerialId: null}e605e0dd-6a71-4a0a-8796-3643e725e1ee{ip: 172.17.0.2, host: 17b325b6a691, networkLocation: /default-rack, certSerialId: null}, Type:RATIS, Factor:THREE, State:CLOSED, leaderId:e605e0dd-6a71-4a0a-8796-3643e725e1ee, CreationTimestamp2020-11-16T17:31:46.926Z]
org.apache.hadoop.hdds.scm.pipeline.PipelineNotFoundException: PipelineID=99cad37b-94ef-4ee5-80fa-959388351dea not found
	at org.apache.hadoop.hdds.scm.pipeline.PipelineStateMap.getPipeline(PipelineStateMap.java:131)
	at org.apache.hadoop.hdds.scm.pipeline.PipelineStateMap.removePipeline(PipelineStateMap.java:343)
	at org.apache.hadoop.hdds.scm.pipeline.PipelineStateManager.removePipeline(PipelineStateManager.java:105)
	at org.apache.hadoop.hdds.scm.pipeline.SCMPipelineManager.removePipeline(SCMPipelineManager.java:639)
	at org.apache.hadoop.hdds.scm.pipeline.SCMPipelineManager.destroyPipeline(SCMPipelineManager.java:624)
	at org.apache.hadoop.hdds.scm.pipeline.SCMPipelineManager.lambda$finalizeAndDestroyPipeline$0(SCMPipelineManager.java:467)
	at org.apache.hadoop.hdds.utils.Scheduler.lambda$schedule$1(Scheduler.java:70)
	at java.util.concurrent.Executors$RunnableAdapter.call(Executors.java:511)
	at java.util.concurrent.FutureTask.run(FutureTask.java:266)
	at java.util.concurrent.ScheduledThreadPoolExecutor$ScheduledFutureTask.access$201(ScheduledThreadPoolExecutor.java:180)
	at java.util.concurrent.ScheduledThreadPoolExecutor$ScheduledFutureTask.run(ScheduledThreadPoolExecutor.java:293)
	at java.util.concurrent.ThreadPoolExecutor.runWorker(ThreadPoolExecutor.java:1149)
	at java.util.concurrent.ThreadPoolExecutor$Worker.run(ThreadPoolExecutor.java:624)
	at java.lang.Thread.run(Thread.java:748)
2020-11-16 17:33:32,820 [RatisPipelineUtilsThread] INFO  pipeline.RatisPipelineProvider (RatisPipelineProvider.java:lambda$close$1(199)) - Send pipeline:PipelineID=d4bc30fa-d4d6-4961-95da-f8f270bc7fb2 close command to datanode e605e0dd-6a71-4a0a-8796-3643e725e1ee
2020-11-16 17:33:32,820 [RatisPipelineUtilsThread] ERROR pipeline.SCMPipelineManager (Scheduler.java:lambda$schedule$1(72)) - Destroy pipeline failed for pipeline:Pipeline[ Id: d4bc30fa-d4d6-4961-95da-f8f270bc7fb2, Nodes: e605e0dd-6a71-4a0a-8796-3643e725e1ee{ip: 172.17.0.2, host: 17b325b6a691, networkLocation: /default-rack, certSerialId: null}, Type:RATIS, Factor:ONE, State:OPEN, leaderId:e605e0dd-6a71-4a0a-8796-3643e725e1ee, CreationTimestamp2020-11-16T17:31:46.573Z]
org.apache.hadoop.hdds.scm.pipeline.PipelineNotFoundException: PipelineID=d4bc30fa-d4d6-4961-95da-f8f270bc7fb2 not found
	at org.apache.hadoop.hdds.scm.pipeline.PipelineStateMap.getPipeline(PipelineStateMap.java:131)
	at org.apache.hadoop.hdds.scm.pipeline.PipelineStateMap.removePipeline(PipelineStateMap.java:343)
	at org.apache.hadoop.hdds.scm.pipeline.PipelineStateManager.removePipeline(PipelineStateManager.java:105)
	at org.apache.hadoop.hdds.scm.pipeline.SCMPipelineManager.removePipeline(SCMPipelineManager.java:639)
	at org.apache.hadoop.hdds.scm.pipeline.SCMPipelineManager.destroyPipeline(SCMPipelineManager.java:624)
	at org.apache.hadoop.hdds.scm.pipeline.SCMPipelineManager.lambda$finalizeAndDestroyPipeline$0(SCMPipelineManager.java:467)
	at org.apache.hadoop.hdds.utils.Scheduler.lambda$schedule$1(Scheduler.java:70)
	at java.util.concurrent.Executors$RunnableAdapter.call(Executors.java:511)
	at java.util.concurrent.FutureTask.run(FutureTask.java:266)
	at java.util.concurrent.ScheduledThreadPoolExecutor$ScheduledFutureTask.access$201(ScheduledThreadPoolExecutor.java:180)
	at java.util.concurrent.ScheduledThreadPoolExecutor$ScheduledFutureTask.run(ScheduledThreadPoolExecutor.java:293)
	at java.util.concurrent.ThreadPoolExecutor.runWorker(ThreadPoolExecutor.java:1149)
	at java.util.concurrent.ThreadPoolExecutor$Worker.run(ThreadPoolExecutor.java:624)
	at java.lang.Thread.run(Thread.java:748)
2020-11-16 17:33:32,820 [RatisPipelineUtilsThread] INFO  pipeline.RatisPipelineProvider (RatisPipelineProvider.java:lambda$close$1(199)) - Send pipeline:PipelineID=3fc48667-3dd6-4ded-99d3-7acbf0f3979a close command to datanode fbf3a64f-640b-4b02-ae41-dab4aff0d596
2020-11-16 17:33:32,820 [RatisPipelineUtilsThread] INFO  pipeline.RatisPipelineProvider (RatisPipelineProvider.java:lambda$close$1(199)) - Send pipeline:PipelineID=3fc48667-3dd6-4ded-99d3-7acbf0f3979a close command to datanode 40c7d372-b34a-46f9-a435-b3894c66894a
2020-11-16 17:33:32,820 [RatisPipelineUtilsThread] INFO  pipeline.RatisPipelineProvider (RatisPipelineProvider.java:lambda$close$1(199)) - Send pipeline:PipelineID=3fc48667-3dd6-4ded-99d3-7acbf0f3979a close command to datanode e605e0dd-6a71-4a0a-8796-3643e725e1ee
2020-11-16 17:33:32,820 [RatisPipelineUtilsThread] ERROR pipeline.SCMPipelineManager (Scheduler.java:lambda$schedule$1(72)) - Destroy pipeline failed for pipeline:Pipeline[ Id: 3fc48667-3dd6-4ded-99d3-7acbf0f3979a, Nodes: fbf3a64f-640b-4b02-ae41-dab4aff0d596{ip: 172.17.0.2, host: 17b325b6a691, networkLocation: /default-rack, certSerialId: null}40c7d372-b34a-46f9-a435-b3894c66894a{ip: 172.17.0.2, host: 17b325b6a691, networkLocation: /default-rack, certSerialId: null}e605e0dd-6a71-4a0a-8796-3643e725e1ee{ip: 172.17.0.2, host: 17b325b6a691, networkLocation: /default-rack, certSerialId: null}, Type:RATIS, Factor:THREE, State:CLOSED, leaderId:fbf3a64f-640b-4b02-ae41-dab4aff0d596, CreationTimestamp2020-11-16T17:31:46.926Z]
org.apache.hadoop.hdds.scm.pipeline.PipelineNotFoundException: PipelineID=3fc48667-3dd6-4ded-99d3-7acbf0f3979a not found
	at org.apache.hadoop.hdds.scm.pipeline.PipelineStateMap.getPipeline(PipelineStateMap.java:131)
	at org.apache.hadoop.hdds.scm.pipeline.PipelineStateMap.removePipeline(PipelineStateMap.java:343)
	at org.apache.hadoop.hdds.scm.pipeline.PipelineStateManager.removePipeline(PipelineStateManager.java:105)
	at org.apache.hadoop.hdds.scm.pipeline.SCMPipelineManager.removePipeline(SCMPipelineManager.java:639)
	at org.apache.hadoop.hdds.scm.pipeline.SCMPipelineManager.destroyPipeline(SCMPipelineManager.java:624)
	at org.apache.hadoop.hdds.scm.pipeline.SCMPipelineManager.lambda$finalizeAndDestroyPipeline$0(SCMPipelineManager.java:467)
	at org.apache.hadoop.hdds.utils.Scheduler.lambda$schedule$1(Scheduler.java:70)
	at java.util.concurrent.Executors$RunnableAdapter.call(Executors.java:511)
	at java.util.concurrent.FutureTask.run(FutureTask.java:266)
	at java.util.concurrent.ScheduledThreadPoolExecutor$ScheduledFutureTask.access$201(ScheduledThreadPoolExecutor.java:180)
	at java.util.concurrent.ScheduledThreadPoolExecutor$ScheduledFutureTask.run(ScheduledThreadPoolExecutor.java:293)
	at java.util.concurrent.ThreadPoolExecutor.runWorker(ThreadPoolExecutor.java:1149)
	at java.util.concurrent.ThreadPoolExecutor$Worker.run(ThreadPoolExecutor.java:624)
	at java.lang.Thread.run(Thread.java:748)
2020-11-16 17:33:32,821 [RatisPipelineUtilsThread] INFO  pipeline.RatisPipelineProvider (RatisPipelineProvider.java:lambda$close$1(199)) - Send pipeline:PipelineID=99cad37b-94ef-4ee5-80fa-959388351dea close command to datanode fbf3a64f-640b-4b02-ae41-dab4aff0d596
2020-11-16 17:33:32,821 [RatisPipelineUtilsThread] INFO  pipeline.RatisPipelineProvider (RatisPipelineProvider.java:lambda$close$1(199)) - Send pipeline:PipelineID=99cad37b-94ef-4ee5-80fa-959388351dea close command to datanode 40c7d372-b34a-46f9-a435-b3894c66894a
2020-11-16 17:33:32,821 [RatisPipelineUtilsThread] INFO  pipeline.RatisPipelineProvider (RatisPipelineProvider.java:lambda$close$1(199)) - Send pipeline:PipelineID=99cad37b-94ef-4ee5-80fa-959388351dea close command to datanode e605e0dd-6a71-4a0a-8796-3643e725e1ee
2020-11-16 17:33:32,821 [RatisPipelineUtilsThread] ERROR pipeline.SCMPipelineManager (Scheduler.java:lambda$schedule$1(72)) - Destroy pipeline failed for pipeline:Pipeline[ Id: 99cad37b-94ef-4ee5-80fa-959388351dea, Nodes: fbf3a64f-640b-4b02-ae41-dab4aff0d596{ip: 172.17.0.2, host: 17b325b6a691, networkLocation: /default-rack, certSerialId: null}40c7d372-b34a-46f9-a435-b3894c66894a{ip: 172.17.0.2, host: 17b325b6a691, networkLocation: /default-rack, certSerialId: null}e605e0dd-6a71-4a0a-8796-3643e725e1ee{ip: 172.17.0.2, host: 17b325b6a691, networkLocation: /default-rack, certSerialId: null}, Type:RATIS, Factor:THREE, State:CLOSED, leaderId:e605e0dd-6a71-4a0a-8796-3643e725e1ee, CreationTimestamp2020-11-16T17:31:46.926Z]
org.apache.hadoop.hdds.scm.pipeline.PipelineNotFoundException: PipelineID=99cad37b-94ef-4ee5-80fa-959388351dea not found
	at org.apache.hadoop.hdds.scm.pipeline.PipelineStateMap.getPipeline(PipelineStateMap.java:131)
	at org.apache.hadoop.hdds.scm.pipeline.PipelineStateMap.removePipeline(PipelineStateMap.java:343)
	at org.apache.hadoop.hdds.scm.pipeline.PipelineStateManager.removePipeline(PipelineStateManager.java:105)
	at org.apache.hadoop.hdds.scm.pipeline.SCMPipelineManager.removePipeline(SCMPipelineManager.java:639)
	at org.apache.hadoop.hdds.scm.pipeline.SCMPipelineManager.destroyPipeline(SCMPipelineManager.java:624)
	at org.apache.hadoop.hdds.scm.pipeline.SCMPipelineManager.lambda$finalizeAndDestroyPipeline$0(SCMPipelineManager.java:467)
	at org.apache.hadoop.hdds.utils.Scheduler.lambda$schedule$1(Scheduler.java:70)
	at java.util.concurrent.Executors$RunnableAdapter.call(Executors.java:511)
	at java.util.concurrent.FutureTask.run(FutureTask.java:266)
	at java.util.concurrent.ScheduledThreadPoolExecutor$ScheduledFutureTask.access$201(ScheduledThreadPoolExecutor.java:180)
	at java.util.concurrent.ScheduledThreadPoolExecutor$ScheduledFutureTask.run(ScheduledThreadPoolExecutor.java:293)
	at java.util.concurrent.ThreadPoolExecutor.runWorker(ThreadPoolExecutor.java:1149)
	at java.util.concurrent.ThreadPoolExecutor$Worker.run(ThreadPoolExecutor.java:624)
	at java.lang.Thread.run(Thread.java:748)
2020-11-16 17:33:37,827 [RatisPipelineUtilsThread] INFO  pipeline.RatisPipelineProvider (RatisPipelineProvider.java:lambda$close$1(199)) - Send pipeline:PipelineID=26890cb8-6a58-49b8-98f4-465758ed8bc5 close command to datanode 6b3f7492-0ca6-4b3b-9a26-869cc0a580f4
2020-11-16 17:33:37,828 [RatisPipelineUtilsThread] ERROR pipeline.SCMPipelineManager (Scheduler.java:lambda$schedule$1(72)) - Destroy pipeline failed for pipeline:Pipeline[ Id: 26890cb8-6a58-49b8-98f4-465758ed8bc5, Nodes: 6b3f7492-0ca6-4b3b-9a26-869cc0a580f4{ip: 172.17.0.2, host: 17b325b6a691, networkLocation: /default-rack, certSerialId: null}, Type:RATIS, Factor:ONE, State:OPEN, leaderId:6b3f7492-0ca6-4b3b-9a26-869cc0a580f4, CreationTimestamp2020-11-16T17:31:47.661Z]
org.apache.hadoop.hdds.scm.pipeline.PipelineNotFoundException: PipelineID=26890cb8-6a58-49b8-98f4-465758ed8bc5 not found
	at org.apache.hadoop.hdds.scm.pipeline.PipelineStateMap.getPipeline(PipelineStateMap.java:131)
	at org.apache.hadoop.hdds.scm.pipeline.PipelineStateMap.removePipeline(PipelineStateMap.java:343)
	at org.apache.hadoop.hdds.scm.pipeline.PipelineStateManager.removePipeline(PipelineStateManager.java:105)
	at org.apache.hadoop.hdds.scm.pipeline.SCMPipelineManager.removePipeline(SCMPipelineManager.java:639)
	at org.apache.hadoop.hdds.scm.pipeline.SCMPipelineManager.destroyPipeline(SCMPipelineManager.java:624)
	at org.apache.hadoop.hdds.scm.pipeline.SCMPipelineManager.lambda$finalizeAndDestroyPipeline$0(SCMPipelineManager.java:467)
	at org.apache.hadoop.hdds.utils.Scheduler.lambda$schedule$1(Scheduler.java:70)
	at java.util.concurrent.Executors$RunnableAdapter.call(Executors.java:511)
	at java.util.concurrent.FutureTask.run(FutureTask.java:266)
	at java.util.concurrent.ScheduledThreadPoolExecutor$ScheduledFutureTask.access$201(ScheduledThreadPoolExecutor.java:180)
	at java.util.concurrent.ScheduledThreadPoolExecutor$ScheduledFutureTask.run(ScheduledThreadPoolExecutor.java:293)
	at java.util.concurrent.ThreadPoolExecutor.runWorker(ThreadPoolExecutor.java:1149)
	at java.util.concurrent.ThreadPoolExecutor$Worker.run(ThreadPoolExecutor.java:624)
	at java.lang.Thread.run(Thread.java:748)
2020-11-16 17:33:37,927 [RatisPipelineUtilsThread] INFO  pipeline.RatisPipelineProvider (RatisPipelineProvider.java:lambda$close$1(199)) - Send pipeline:PipelineID=905e9980-0c29-429b-8547-18121da9b9ae close command to datanode 7ba08779-98dd-4ee1-a6ca-8386ca3b8fbf
2020-11-16 17:33:37,928 [RatisPipelineUtilsThread] ERROR pipeline.SCMPipelineManager (Scheduler.java:lambda$schedule$1(72)) - Destroy pipeline failed for pipeline:Pipeline[ Id: 905e9980-0c29-429b-8547-18121da9b9ae, Nodes: 7ba08779-98dd-4ee1-a6ca-8386ca3b8fbf{ip: 172.17.0.2, host: 17b325b6a691, networkLocation: /default-rack, certSerialId: null}, Type:RATIS, Factor:ONE, State:OPEN, leaderId:7ba08779-98dd-4ee1-a6ca-8386ca3b8fbf, CreationTimestamp2020-11-16T17:31:47.465Z]
org.apache.hadoop.hdds.scm.pipeline.PipelineNotFoundException: PipelineID=905e9980-0c29-429b-8547-18121da9b9ae not found
	at org.apache.hadoop.hdds.scm.pipeline.PipelineStateMap.getPipeline(PipelineStateMap.java:131)
	at org.apache.hadoop.hdds.scm.pipeline.PipelineStateMap.removePipeline(PipelineStateMap.java:343)
	at org.apache.hadoop.hdds.scm.pipeline.PipelineStateManager.removePipeline(PipelineStateManager.java:105)
	at org.apache.hadoop.hdds.scm.pipeline.SCMPipelineManager.removePipeline(SCMPipelineManager.java:639)
	at org.apache.hadoop.hdds.scm.pipeline.SCMPipelineManager.destroyPipeline(SCMPipelineManager.java:624)
	at org.apache.hadoop.hdds.scm.pipeline.SCMPipelineManager.lambda$finalizeAndDestroyPipeline$0(SCMPipelineManager.java:467)
	at org.apache.hadoop.hdds.utils.Scheduler.lambda$schedule$1(Scheduler.java:70)
	at java.util.concurrent.Executors$RunnableAdapter.call(Executors.java:511)
	at java.util.concurrent.FutureTask.run(FutureTask.java:266)
	at java.util.concurrent.ScheduledThreadPoolExecutor$ScheduledFutureTask.access$201(ScheduledThreadPoolExecutor.java:180)
	at java.util.concurrent.ScheduledThreadPoolExecutor$ScheduledFutureTask.run(ScheduledThreadPoolExecutor.java:293)
	at java.util.concurrent.ThreadPoolExecutor.runWorker(ThreadPoolExecutor.java:1149)
	at java.util.concurrent.ThreadPoolExecutor$Worker.run(ThreadPoolExecutor.java:624)
	at java.lang.Thread.run(Thread.java:748)
2020-11-16 17:33:42,145 [RatisPipelineUtilsThread] WARN  pipeline.PipelinePlacementPolicy (PipelinePlacementPolicy.java:filterViableNodes(138)) - Pipeline creation failed due to no sufficient healthy datanodes. Required 3. Found 0.
2020-11-16 17:35:42,146 [RatisPipelineUtilsThread] WARN  pipeline.PipelinePlacementPolicy (PipelinePlacementPolicy.java:filterViableNodes(138)) - Pipeline creation failed due to no sufficient healthy datanodes. Required 3. Found 0.
]]></system-out>
    <system-err><![CDATA[Nov 16, 2020 5:31:54 PM org.apache.ratis.thirdparty.io.grpc.internal.ManagedChannelOrphanWrapper$ManagedChannelReference cleanQueue
SEVERE: *~*~*~ Channel ManagedChannelImpl{logId=1065, target=172.17.0.2:40325} was not shutdown properly!!! ~*~*~*
    Make sure to call shutdown()/shutdownNow() and wait until awaitTermination() returns true.
java.lang.RuntimeException: ManagedChannel allocation site
	at org.apache.ratis.thirdparty.io.grpc.internal.ManagedChannelOrphanWrapper$ManagedChannelReference.<init>(ManagedChannelOrphanWrapper.java:93)
	at org.apache.ratis.thirdparty.io.grpc.internal.ManagedChannelOrphanWrapper.<init>(ManagedChannelOrphanWrapper.java:53)
	at org.apache.ratis.thirdparty.io.grpc.internal.ManagedChannelOrphanWrapper.<init>(ManagedChannelOrphanWrapper.java:44)
	at org.apache.ratis.thirdparty.io.grpc.internal.AbstractManagedChannelImplBuilder.build(AbstractManagedChannelImplBuilder.java:518)
	at org.apache.hadoop.hdds.scm.XceiverClientGrpc.connectToDatanode(XceiverClientGrpc.java:193)
	at org.apache.hadoop.hdds.scm.XceiverClientGrpc.connect(XceiverClientGrpc.java:142)
	at org.apache.hadoop.hdds.scm.XceiverClientManager$2.call(XceiverClientManager.java:240)
	at org.apache.hadoop.hdds.scm.XceiverClientManager$2.call(XceiverClientManager.java:224)
	at com.google.common.cache.LocalCache$LocalManualCache$1.load(LocalCache.java:4876)
	at com.google.common.cache.LocalCache$LoadingValueReference.loadFuture(LocalCache.java:3529)
	at com.google.common.cache.LocalCache$Segment.loadSync(LocalCache.java:2278)
	at com.google.common.cache.LocalCache$Segment.lockedGetOrLoad(LocalCache.java:2155)
	at com.google.common.cache.LocalCache$Segment.get(LocalCache.java:2045)
	at com.google.common.cache.LocalCache.get(LocalCache.java:3951)
	at com.google.common.cache.LocalCache$LocalManualCache.get(LocalCache.java:4871)
	at org.apache.hadoop.hdds.scm.XceiverClientManager.getClient(XceiverClientManager.java:224)
	at org.apache.hadoop.hdds.scm.XceiverClientManager.acquireClient(XceiverClientManager.java:170)
	at org.apache.hadoop.hdds.scm.XceiverClientManager.acquireClientForReadData(XceiverClientManager.java:159)
	at org.apache.hadoop.hdds.scm.storage.BlockInputStream.getChunkInfos(BlockInputStream.java:185)
	at org.apache.hadoop.hdds.scm.storage.BlockInputStream.initialize(BlockInputStream.java:134)
	at org.apache.hadoop.hdds.scm.storage.BlockInputStream.read(BlockInputStream.java:252)
	at org.apache.hadoop.ozone.client.io.KeyInputStream.read(KeyInputStream.java:197)
	at org.apache.hadoop.ozone.client.io.OzoneInputStream.read(OzoneInputStream.java:47)
	at java.io.InputStream.read(InputStream.java:101)
	at org.apache.hadoop.ozone.container.TestHelper.validateData(TestHelper.java:125)
	at org.apache.hadoop.ozone.client.rpc.TestBlockOutputStreamWithFailures.validateData(TestBlockOutputStreamWithFailures.java:873)
	at org.apache.hadoop.ozone.client.rpc.TestBlockOutputStreamWithFailures.testWatchForCommitWithSingleNodeRatis(TestBlockOutputStreamWithFailures.java:670)
	at sun.reflect.NativeMethodAccessorImpl.invoke0(Native Method)
	at sun.reflect.NativeMethodAccessorImpl.invoke(NativeMethodAccessorImpl.java:62)
	at sun.reflect.DelegatingMethodAccessorImpl.invoke(DelegatingMethodAccessorImpl.java:43)
	at java.lang.reflect.Method.invoke(Method.java:498)
	at org.junit.runners.model.FrameworkMethod$1.runReflectiveCall(FrameworkMethod.java:47)
	at org.junit.internal.runners.model.ReflectiveCallable.run(ReflectiveCallable.java:12)
	at org.junit.runners.model.FrameworkMethod.invokeExplosively(FrameworkMethod.java:44)
	at org.junit.internal.runners.statements.InvokeMethod.evaluate(InvokeMethod.java:17)
	at org.junit.internal.runners.statements.RunBefores.evaluate(RunBefores.java:26)
	at org.junit.internal.runners.statements.RunAfters.evaluate(RunAfters.java:27)
	at org.junit.internal.runners.statements.FailOnTimeout$StatementThread.run(FailOnTimeout.java:74)

Nov 16, 2020 5:31:54 PM org.apache.ratis.thirdparty.io.grpc.internal.ManagedChannelOrphanWrapper$ManagedChannelReference cleanQueue
SEVERE: *~*~*~ Channel ManagedChannelImpl{logId=1055, target=172.17.0.2:36309} was not shutdown properly!!! ~*~*~*
    Make sure to call shutdown()/shutdownNow() and wait until awaitTermination() returns true.
java.lang.RuntimeException: ManagedChannel allocation site
	at org.apache.ratis.thirdparty.io.grpc.internal.ManagedChannelOrphanWrapper$ManagedChannelReference.<init>(ManagedChannelOrphanWrapper.java:93)
	at org.apache.ratis.thirdparty.io.grpc.internal.ManagedChannelOrphanWrapper.<init>(ManagedChannelOrphanWrapper.java:53)
	at org.apache.ratis.thirdparty.io.grpc.internal.ManagedChannelOrphanWrapper.<init>(ManagedChannelOrphanWrapper.java:44)
	at org.apache.ratis.thirdparty.io.grpc.internal.AbstractManagedChannelImplBuilder.build(AbstractManagedChannelImplBuilder.java:518)
	at org.apache.ratis.grpc.client.GrpcClientProtocolClient.<init>(GrpcClientProtocolClient.java:133)
	at org.apache.ratis.grpc.client.GrpcClientRpc.lambda$new$0(GrpcClientRpc.java:56)
	at org.apache.ratis.util.PeerProxyMap$PeerAndProxy.lambda$getProxy$0(PeerProxyMap.java:62)
	at org.apache.ratis.util.LifeCycle.startAndTransition(LifeCycle.java:222)
	at org.apache.ratis.util.PeerProxyMap$PeerAndProxy.getProxy(PeerProxyMap.java:61)
	at org.apache.ratis.util.PeerProxyMap.getProxy(PeerProxyMap.java:109)
	at org.apache.ratis.grpc.client.GrpcClientRpc.sendRequestAsync(GrpcClientRpc.java:67)
	at org.apache.ratis.client.impl.OrderedAsync.sendRequest(OrderedAsync.java:233)
	at org.apache.ratis.client.impl.OrderedAsync.sendRequestWithRetry(OrderedAsync.java:187)
	at org.apache.ratis.util.SlidingWindow$Client.sendOrDelayRequest(SlidingWindow.java:278)
	at org.apache.ratis.util.SlidingWindow$Client.submitNewRequest(SlidingWindow.java:257)
	at org.apache.ratis.client.impl.OrderedAsync.send(OrderedAsync.java:168)
	at org.apache.ratis.client.impl.OrderedAsync.newInstance(OrderedAsync.java:117)
	at org.apache.ratis.client.impl.RaftClientImpl.lambda$new$0(RaftClientImpl.java:132)
	at org.apache.ratis.util.MemoizedSupplier.get(MemoizedSupplier.java:62)
	at org.apache.ratis.client.impl.RaftClientImpl.getOrderedAsync(RaftClientImpl.java:176)
	at org.apache.ratis.client.impl.RaftClientImpl.sendAsync(RaftClientImpl.java:214)
	at org.apache.ratis.client.impl.RaftClientImpl.sendAsync(RaftClientImpl.java:186)
	at org.apache.hadoop.hdds.scm.XceiverClientRatis.lambda$sendRequestAsync$3(XceiverClientRatis.java:225)
	at org.apache.hadoop.hdds.tracing.TracingUtil.executeInNewSpan(TracingUtil.java:159)
	at org.apache.hadoop.hdds.scm.XceiverClientRatis.sendRequestAsync(XceiverClientRatis.java:210)
	at org.apache.hadoop.hdds.scm.XceiverClientRatis.sendCommandAsync(XceiverClientRatis.java:306)
	at org.apache.hadoop.hdds.scm.storage.ContainerProtocolCalls.writeChunkAsync(ContainerProtocolCalls.java:304)
	at org.apache.hadoop.hdds.scm.storage.BlockOutputStream.writeChunkToContainer(BlockOutputStream.java:665)
	at org.apache.hadoop.hdds.scm.storage.BlockOutputStream.writeChunk(BlockOutputStream.java:507)
	at org.apache.hadoop.hdds.scm.storage.BlockOutputStream.writeChunkIfNeeded(BlockOutputStream.java:238)
	at org.apache.hadoop.hdds.scm.storage.BlockOutputStream.write(BlockOutputStream.java:261)
	at org.apache.hadoop.ozone.client.io.BlockOutputStreamEntry.write(BlockOutputStreamEntry.java:119)
	at org.apache.hadoop.ozone.client.io.KeyOutputStream.writeToOutputStream(KeyOutputStream.java:256)
	at org.apache.hadoop.ozone.client.io.KeyOutputStream.handleWrite(KeyOutputStream.java:234)
	at org.apache.hadoop.ozone.client.io.KeyOutputStream.write(KeyOutputStream.java:214)
	at org.apache.hadoop.ozone.client.io.OzoneOutputStream.write(OzoneOutputStream.java:49)
	at java.io.OutputStream.write(OutputStream.java:75)
	at org.apache.hadoop.ozone.client.rpc.TestBlockOutputStreamWithFailures.testWatchForCommitWithSingleNodeRatis(TestBlockOutputStreamWithFailures.java:592)
	at sun.reflect.NativeMethodAccessorImpl.invoke0(Native Method)
	at sun.reflect.NativeMethodAccessorImpl.invoke(NativeMethodAccessorImpl.java:62)
	at sun.reflect.DelegatingMethodAccessorImpl.invoke(DelegatingMethodAccessorImpl.java:43)
	at java.lang.reflect.Method.invoke(Method.java:498)
	at org.junit.runners.model.FrameworkMethod$1.runReflectiveCall(FrameworkMethod.java:47)
	at org.junit.internal.runners.model.ReflectiveCallable.run(ReflectiveCallable.java:12)
	at org.junit.runners.model.FrameworkMethod.invokeExplosively(FrameworkMethod.java:44)
	at org.junit.internal.runners.statements.InvokeMethod.evaluate(InvokeMethod.java:17)
	at org.junit.internal.runners.statements.RunBefores.evaluate(RunBefores.java:26)
	at org.junit.internal.runners.statements.RunAfters.evaluate(RunAfters.java:27)
	at org.junit.internal.runners.statements.FailOnTimeout$StatementThread.run(FailOnTimeout.java:74)

Nov 16, 2020 5:31:54 PM org.apache.ratis.thirdparty.io.grpc.internal.ManagedChannelOrphanWrapper$ManagedChannelReference cleanQueue
SEVERE: *~*~*~ Channel ManagedChannelImpl{logId=1070, target=172.17.0.2:37043} was not shutdown properly!!! ~*~*~*
    Make sure to call shutdown()/shutdownNow() and wait until awaitTermination() returns true.
java.lang.RuntimeException: ManagedChannel allocation site
	at org.apache.ratis.thirdparty.io.grpc.internal.ManagedChannelOrphanWrapper$ManagedChannelReference.<init>(ManagedChannelOrphanWrapper.java:93)
	at org.apache.ratis.thirdparty.io.grpc.internal.ManagedChannelOrphanWrapper.<init>(ManagedChannelOrphanWrapper.java:53)
	at org.apache.ratis.thirdparty.io.grpc.internal.ManagedChannelOrphanWrapper.<init>(ManagedChannelOrphanWrapper.java:44)
	at org.apache.ratis.thirdparty.io.grpc.internal.AbstractManagedChannelImplBuilder.build(AbstractManagedChannelImplBuilder.java:518)
	at org.apache.hadoop.hdds.scm.XceiverClientGrpc.connectToDatanode(XceiverClientGrpc.java:193)
	at org.apache.hadoop.hdds.scm.XceiverClientGrpc.connect(XceiverClientGrpc.java:142)
	at org.apache.hadoop.hdds.scm.XceiverClientManager$2.call(XceiverClientManager.java:240)
	at org.apache.hadoop.hdds.scm.XceiverClientManager$2.call(XceiverClientManager.java:224)
	at com.google.common.cache.LocalCache$LocalManualCache$1.load(LocalCache.java:4876)
	at com.google.common.cache.LocalCache$LoadingValueReference.loadFuture(LocalCache.java:3529)
	at com.google.common.cache.LocalCache$Segment.loadSync(LocalCache.java:2278)
	at com.google.common.cache.LocalCache$Segment.lockedGetOrLoad(LocalCache.java:2155)
	at com.google.common.cache.LocalCache$Segment.get(LocalCache.java:2045)
	at com.google.common.cache.LocalCache.get(LocalCache.java:3951)
	at com.google.common.cache.LocalCache$LocalManualCache.get(LocalCache.java:4871)
	at org.apache.hadoop.hdds.scm.XceiverClientManager.getClient(XceiverClientManager.java:224)
	at org.apache.hadoop.hdds.scm.XceiverClientManager.acquireClient(XceiverClientManager.java:170)
	at org.apache.hadoop.hdds.scm.XceiverClientManager.acquireClientForReadData(XceiverClientManager.java:159)
	at org.apache.hadoop.hdds.scm.storage.BlockInputStream.getChunkInfos(BlockInputStream.java:185)
	at org.apache.hadoop.hdds.scm.storage.BlockInputStream.initialize(BlockInputStream.java:134)
	at org.apache.hadoop.hdds.scm.storage.BlockInputStream.read(BlockInputStream.java:252)
	at org.apache.hadoop.ozone.client.io.KeyInputStream.read(KeyInputStream.java:197)
	at org.apache.hadoop.ozone.client.io.OzoneInputStream.read(OzoneInputStream.java:47)
	at java.io.InputStream.read(InputStream.java:101)
	at org.apache.hadoop.ozone.container.TestHelper.validateData(TestHelper.java:125)
	at org.apache.hadoop.ozone.client.rpc.TestBlockOutputStreamWithFailures.validateData(TestBlockOutputStreamWithFailures.java:873)
	at org.apache.hadoop.ozone.client.rpc.TestBlockOutputStreamWithFailures.testWatchForCommitWithSingleNodeRatis(TestBlockOutputStreamWithFailures.java:670)
	at sun.reflect.NativeMethodAccessorImpl.invoke0(Native Method)
	at sun.reflect.NativeMethodAccessorImpl.invoke(NativeMethodAccessorImpl.java:62)
	at sun.reflect.DelegatingMethodAccessorImpl.invoke(DelegatingMethodAccessorImpl.java:43)
	at java.lang.reflect.Method.invoke(Method.java:498)
	at org.junit.runners.model.FrameworkMethod$1.runReflectiveCall(FrameworkMethod.java:47)
	at org.junit.internal.runners.model.ReflectiveCallable.run(ReflectiveCallable.java:12)
	at org.junit.runners.model.FrameworkMethod.invokeExplosively(FrameworkMethod.java:44)
	at org.junit.internal.runners.statements.InvokeMethod.evaluate(InvokeMethod.java:17)
	at org.junit.internal.runners.statements.RunBefores.evaluate(RunBefores.java:26)
	at org.junit.internal.runners.statements.RunAfters.evaluate(RunAfters.java:27)
	at org.junit.internal.runners.statements.FailOnTimeout$StatementThread.run(FailOnTimeout.java:74)

Nov 16, 2020 5:31:54 PM org.apache.ratis.thirdparty.io.grpc.internal.ManagedChannelOrphanWrapper$ManagedChannelReference cleanQueue
SEVERE: *~*~*~ Channel ManagedChannelImpl{logId=1060, target=172.17.0.2:38461} was not shutdown properly!!! ~*~*~*
    Make sure to call shutdown()/shutdownNow() and wait until awaitTermination() returns true.
java.lang.RuntimeException: ManagedChannel allocation site
	at org.apache.ratis.thirdparty.io.grpc.internal.ManagedChannelOrphanWrapper$ManagedChannelReference.<init>(ManagedChannelOrphanWrapper.java:93)
	at org.apache.ratis.thirdparty.io.grpc.internal.ManagedChannelOrphanWrapper.<init>(ManagedChannelOrphanWrapper.java:53)
	at org.apache.ratis.thirdparty.io.grpc.internal.ManagedChannelOrphanWrapper.<init>(ManagedChannelOrphanWrapper.java:44)
	at org.apache.ratis.thirdparty.io.grpc.internal.AbstractManagedChannelImplBuilder.build(AbstractManagedChannelImplBuilder.java:518)
	at org.apache.ratis.grpc.client.GrpcClientProtocolClient.<init>(GrpcClientProtocolClient.java:133)
	at org.apache.ratis.grpc.client.GrpcClientRpc.lambda$new$0(GrpcClientRpc.java:56)
	at org.apache.ratis.util.PeerProxyMap$PeerAndProxy.lambda$getProxy$0(PeerProxyMap.java:62)
	at org.apache.ratis.util.LifeCycle.startAndTransition(LifeCycle.java:222)
	at org.apache.ratis.util.PeerProxyMap$PeerAndProxy.getProxy(PeerProxyMap.java:61)
	at org.apache.ratis.util.PeerProxyMap.getProxy(PeerProxyMap.java:109)
	at org.apache.ratis.grpc.client.GrpcClientRpc.sendRequestAsync(GrpcClientRpc.java:67)
	at org.apache.ratis.client.impl.OrderedAsync.sendRequest(OrderedAsync.java:233)
	at org.apache.ratis.client.impl.OrderedAsync.sendRequestWithRetry(OrderedAsync.java:187)
	at org.apache.ratis.util.SlidingWindow$Client.sendOrDelayRequest(SlidingWindow.java:278)
	at org.apache.ratis.util.SlidingWindow$Client.submitNewRequest(SlidingWindow.java:257)
	at org.apache.ratis.client.impl.OrderedAsync.send(OrderedAsync.java:168)
	at org.apache.ratis.client.impl.OrderedAsync.newInstance(OrderedAsync.java:117)
	at org.apache.ratis.client.impl.RaftClientImpl.lambda$new$0(RaftClientImpl.java:132)
	at org.apache.ratis.util.MemoizedSupplier.get(MemoizedSupplier.java:62)
	at org.apache.ratis.client.impl.RaftClientImpl.getOrderedAsync(RaftClientImpl.java:176)
	at org.apache.ratis.client.impl.RaftClientImpl.sendAsync(RaftClientImpl.java:214)
	at org.apache.ratis.client.impl.RaftClientImpl.sendAsync(RaftClientImpl.java:186)
	at org.apache.hadoop.hdds.scm.XceiverClientRatis.lambda$sendRequestAsync$3(XceiverClientRatis.java:225)
	at org.apache.hadoop.hdds.tracing.TracingUtil.executeInNewSpan(TracingUtil.java:159)
	at org.apache.hadoop.hdds.scm.XceiverClientRatis.sendRequestAsync(XceiverClientRatis.java:210)
	at org.apache.hadoop.hdds.scm.XceiverClientRatis.sendCommandAsync(XceiverClientRatis.java:306)
	at org.apache.hadoop.hdds.scm.storage.ContainerProtocolCalls.writeChunkAsync(ContainerProtocolCalls.java:304)
	at org.apache.hadoop.hdds.scm.storage.BlockOutputStream.writeChunkToContainer(BlockOutputStream.java:665)
	at org.apache.hadoop.hdds.scm.storage.BlockOutputStream.writeChunk(BlockOutputStream.java:507)
	at org.apache.hadoop.hdds.scm.storage.BlockOutputStream.writeOnRetry(BlockOutputStream.java:318)
	at org.apache.hadoop.ozone.client.io.BlockOutputStreamEntry.writeOnRetry(BlockOutputStreamEntry.java:190)
	at org.apache.hadoop.ozone.client.io.KeyOutputStream.writeToOutputStream(KeyOutputStream.java:254)
	at org.apache.hadoop.ozone.client.io.KeyOutputStream.handleWrite(KeyOutputStream.java:234)
	at org.apache.hadoop.ozone.client.io.KeyOutputStream.handleRetry(KeyOutputStream.java:417)
	at org.apache.hadoop.ozone.client.io.KeyOutputStream.handleException(KeyOutputStream.java:362)
	at org.apache.hadoop.ozone.client.io.KeyOutputStream.handleFlushOrClose(KeyOutputStream.java:473)
	at org.apache.hadoop.ozone.client.io.KeyOutputStream.handleWrite(KeyOutputStream.java:238)
	at org.apache.hadoop.ozone.client.io.KeyOutputStream.write(KeyOutputStream.java:214)
	at org.apache.hadoop.ozone.client.io.OzoneOutputStream.write(OzoneOutputStream.java:49)
	at java.io.OutputStream.write(OutputStream.java:75)
	at org.apache.hadoop.ozone.client.rpc.TestBlockOutputStreamWithFailures.testWatchForCommitWithSingleNodeRatis(TestBlockOutputStreamWithFailures.java:646)
	at sun.reflect.NativeMethodAccessorImpl.invoke0(Native Method)
	at sun.reflect.NativeMethodAccessorImpl.invoke(NativeMethodAccessorImpl.java:62)
	at sun.reflect.DelegatingMethodAccessorImpl.invoke(DelegatingMethodAccessorImpl.java:43)
	at java.lang.reflect.Method.invoke(Method.java:498)
	at org.junit.runners.model.FrameworkMethod$1.runReflectiveCall(FrameworkMethod.java:47)
	at org.junit.internal.runners.model.ReflectiveCallable.run(ReflectiveCallable.java:12)
	at org.junit.runners.model.FrameworkMethod.invokeExplosively(FrameworkMethod.java:44)
	at org.junit.internal.runners.statements.InvokeMethod.evaluate(InvokeMethod.java:17)
	at org.junit.internal.runners.statements.RunBefores.evaluate(RunBefores.java:26)
	at org.junit.internal.runners.statements.RunAfters.evaluate(RunAfters.java:27)
	at org.junit.internal.runners.statements.FailOnTimeout$StatementThread.run(FailOnTimeout.java:74)

]]></system-err>
  </testcase>
  <testcase name="testFailureWithPrimeSizedData" classname="org.apache.hadoop.ozone.client.rpc.TestBlockOutputStreamWithFailures" time="50.55"/>
  <testcase name="testWatchForCommitWithCloseContainerException" classname="org.apache.hadoop.ozone.client.rpc.TestBlockOutputStreamWithFailures" time="50.912"/>
  <testcase name="testExceptionDuringClose" classname="org.apache.hadoop.ozone.client.rpc.TestBlockOutputStreamWithFailures" time="51.401"/>
</testsuite>